[I 2023-11-30 02:34:50,153] Trial 103 finished with value: 2.978015184402466 and parameters: {'gradient_clip_val': 0.15138024864447783, 'hidden_size': 40, 'dropout': 0.347653227001465, 'hidden_continuous_size': 14, 'attention_head_size': 3, 'learning_rate': 0.018482217695527325}. Best is trial 17 with value: 2.94661808013916.
LOCAL_RANK: 0 - CUDA_VISIBLE_DEVICES: [0]
[I 2023-11-30 02:35:02,933] Trial 104 finished with value: 3.7041244506835938 and parameters: {'gradient_clip_val': 0.1497587149045795, 'hidden_size': 42, 'dropout': 0.35688823971564926, 'hidden_continuous_size': 15, 'attention_head_size': 3, 'learning_rate': 0.02492186114725148}. Best is trial 17 with value: 2.94661808013916.
LOCAL_RANK: 0 - CUDA_VISIBLE_DEVICES: [0]
[I 2023-11-30 02:35:15,235] Trial 105 finished with value: 3.7196426391601562 and parameters: {'gradient_clip_val': 0.1602054832296531, 'hidden_size': 40, 'dropout': 0.36723221092735514, 'hidden_continuous_size': 14, 'attention_head_size': 3, 'learning_rate': 0.022556195356421626}. Best is trial 17 with value: 2.94661808013916.
LOCAL_RANK: 0 - CUDA_VISIBLE_DEVICES: [0]
[I 2023-11-30 02:35:28,147] Trial 106 finished with value: 4.718343734741211 and parameters: {'gradient_clip_val': 0.14506217094869547, 'hidden_size': 46, 'dropout': 0.3778493325996768, 'hidden_continuous_size': 10, 'attention_head_size': 3, 'learning_rate': 0.027450699799327728}. Best is trial 17 with value: 2.94661808013916.
LOCAL_RANK: 0 - CUDA_VISIBLE_DEVICES: [0]
[I 2023-11-30 02:35:40,434] Trial 107 finished with value: 4.417629718780518 and parameters: {'gradient_clip_val': 0.13354625061334996, 'hidden_size': 25, 'dropout': 0.3343879639563643, 'hidden_continuous_size': 14, 'attention_head_size': 3, 'learning_rate': 0.015076756309586012}. Best is trial 17 with value: 2.94661808013916.
LOCAL_RANK: 0 - CUDA_VISIBLE_DEVICES: [0]
[I 2023-11-30 02:35:52,536] Trial 108 finished with value: 3.9870574474334717 and parameters: {'gradient_clip_val': 0.1545941739956051, 'hidden_size': 28, 'dropout': 0.35197549053258914, 'hidden_continuous_size': 11, 'attention_head_size': 3, 'learning_rate': 0.020079982518022812}. Best is trial 17 with value: 2.94661808013916.
LOCAL_RANK: 0 - CUDA_VISIBLE_DEVICES: [0]
[I 2023-11-30 02:36:05,222] Trial 109 finished with value: 3.776188611984253 and parameters: {'gradient_clip_val': 0.12870390082700497, 'hidden_size': 38, 'dropout': 0.3623083249594603, 'hidden_continuous_size': 22, 'attention_head_size': 3, 'learning_rate': 0.012313433662157692}. Best is trial 17 with value: 2.94661808013916.
LOCAL_RANK: 0 - CUDA_VISIBLE_DEVICES: [0]
[I 2023-11-30 02:36:17,695] Trial 110 finished with value: 4.182018756866455 and parameters: {'gradient_clip_val': 0.1153256691320127, 'hidden_size': 30, 'dropout': 0.37057098025628116, 'hidden_continuous_size': 16, 'attention_head_size': 3, 'learning_rate': 0.01835533321499927}. Best is trial 17 with value: 2.94661808013916.
LOCAL_RANK: 0 - CUDA_VISIBLE_DEVICES: [0]
[I 2023-11-30 02:36:30,434] Trial 111 finished with value: 5.345173358917236 and parameters: {'gradient_clip_val': 0.14162895555920998, 'hidden_size': 37, 'dropout': 0.34408096805097765, 'hidden_continuous_size': 13, 'attention_head_size': 3, 'learning_rate': 0.017664053108940477}. Best is trial 17 with value: 2.94661808013916.
LOCAL_RANK: 0 - CUDA_VISIBLE_DEVICES: [0]
[I 2023-11-30 02:36:42,901] Trial 112 finished with value: 4.101954460144043 and parameters: {'gradient_clip_val': 0.11001930372035677, 'hidden_size': 36, 'dropout': 0.349122578925034, 'hidden_continuous_size': 13, 'attention_head_size': 3, 'learning_rate': 0.016900029739199077}. Best is trial 17 with value: 2.94661808013916.
LOCAL_RANK: 0 - CUDA_VISIBLE_DEVICES: [0]
[I 2023-11-30 02:36:54,930] Trial 113 finished with value: 3.133356809616089 and parameters: {'gradient_clip_val': 0.12187560444072537, 'hidden_size': 24, 'dropout': 0.3577747290572543, 'hidden_continuous_size': 14, 'attention_head_size': 3, 'learning_rate': 0.02273046531993028}. Best is trial 17 with value: 2.94661808013916.
LOCAL_RANK: 0 - CUDA_VISIBLE_DEVICES: [0]
[I 2023-11-30 02:37:06,922] Trial 114 finished with value: 3.3798043727874756 and parameters: {'gradient_clip_val': 0.12472534776584618, 'hidden_size': 24, 'dropout': 0.35903219312222456, 'hidden_continuous_size': 15, 'attention_head_size': 3, 'learning_rate': 0.022298486838301042}. Best is trial 17 with value: 2.94661808013916.
LOCAL_RANK: 0 - CUDA_VISIBLE_DEVICES: [0]
[I 2023-11-30 02:37:19,346] Trial 115 finished with value: 3.971925735473633 and parameters: {'gradient_clip_val': 0.16765711935085353, 'hidden_size': 27, 'dropout': 0.33826730740050387, 'hidden_continuous_size': 15, 'attention_head_size': 3, 'learning_rate': 0.024795996594648734}. Best is trial 17 with value: 2.94661808013916.
LOCAL_RANK: 0 - CUDA_VISIBLE_DEVICES: [0]
[I 2023-11-30 02:37:31,718] Trial 116 finished with value: 3.906398057937622 and parameters: {'gradient_clip_val': 0.13623912359380072, 'hidden_size': 21, 'dropout': 0.3815144533293554, 'hidden_continuous_size': 14, 'attention_head_size': 3, 'learning_rate': 0.027627812029269918}. Best is trial 17 with value: 2.94661808013916.
LOCAL_RANK: 0 - CUDA_VISIBLE_DEVICES: [0]
[I 2023-11-30 02:37:44,203] Trial 117 finished with value: 3.8847427368164062 and parameters: {'gradient_clip_val': 0.11942312405525238, 'hidden_size': 26, 'dropout': 0.37158153284808404, 'hidden_continuous_size': 18, 'attention_head_size': 3, 'learning_rate': 0.020350898095352482}. Best is trial 17 with value: 2.94661808013916.
LOCAL_RANK: 0 - CUDA_VISIBLE_DEVICES: [0]
[I 2023-11-30 02:37:56,450] Trial 118 finished with value: 4.145310878753662 and parameters: {'gradient_clip_val': 0.13092758712397012, 'hidden_size': 23, 'dropout': 0.33001256568497567, 'hidden_continuous_size': 19, 'attention_head_size': 2, 'learning_rate': 0.030999839680115673}. Best is trial 17 with value: 2.94661808013916.
LOCAL_RANK: 0 - CUDA_VISIBLE_DEVICES: [0]
[I 2023-11-30 02:38:09,059] Trial 119 finished with value: 4.292769908905029 and parameters: {'gradient_clip_val': 0.4580221826958496, 'hidden_size': 33, 'dropout': 0.3629531077358105, 'hidden_continuous_size': 17, 'attention_head_size': 3, 'learning_rate': 0.034072363891710665}. Best is trial 17 with value: 2.94661808013916.
LOCAL_RANK: 0 - CUDA_VISIBLE_DEVICES: [0]
[I 2023-11-30 02:38:21,380] Trial 120 finished with value: 3.5353381633758545 and parameters: {'gradient_clip_val': 0.15391560638276214, 'hidden_size': 30, 'dropout': 0.3946464786758409, 'hidden_continuous_size': 16, 'attention_head_size': 3, 'learning_rate': 0.01599274326501161}. Best is trial 17 with value: 2.94661808013916.
LOCAL_RANK: 0 - CUDA_VISIBLE_DEVICES: [0]
[I 2023-11-30 02:38:33,729] Trial 121 finished with value: 3.7747199535369873 and parameters: {'gradient_clip_val': 0.11044654709639022, 'hidden_size': 28, 'dropout': 0.3472257358561436, 'hidden_continuous_size': 14, 'attention_head_size': 3, 'learning_rate': 0.01863147906325161}. Best is trial 17 with value: 2.94661808013916.
LOCAL_RANK: 0 - CUDA_VISIBLE_DEVICES: [0]
[I 2023-11-30 02:38:46,515] Trial 122 finished with value: 5.681265354156494 and parameters: {'gradient_clip_val': 0.12157127502110691, 'hidden_size': 41, 'dropout': 0.35435995359413663, 'hidden_continuous_size': 13, 'attention_head_size': 3, 'learning_rate': 0.023245828862818445}. Best is trial 17 with value: 2.94661808013916.
LOCAL_RANK: 0 - CUDA_VISIBLE_DEVICES: [0]
[I 2023-11-30 02:38:58,926] Trial 123 finished with value: 3.1100690364837646 and parameters: {'gradient_clip_val': 0.10602628490977035, 'hidden_size': 34, 'dropout': 0.3390115888414273, 'hidden_continuous_size': 12, 'attention_head_size': 1, 'learning_rate': 0.01406457881968723}. Best is trial 17 with value: 2.94661808013916.
LOCAL_RANK: 0 - CUDA_VISIBLE_DEVICES: [0]
[I 2023-11-30 02:39:11,208] Trial 124 finished with value: 3.1530027389526367 and parameters: {'gradient_clip_val': 0.11470352438850002, 'hidden_size': 31, 'dropout': 0.3376690171007499, 'hidden_continuous_size': 12, 'attention_head_size': 1, 'learning_rate': 0.01462081584042283}. Best is trial 17 with value: 2.94661808013916.
LOCAL_RANK: 0 - CUDA_VISIBLE_DEVICES: [0]
[I 2023-11-30 02:39:23,181] Trial 125 finished with value: 4.492518901824951 and parameters: {'gradient_clip_val': 0.10490979394870499, 'hidden_size': 24, 'dropout': 0.3247550753884754, 'hidden_continuous_size': 23, 'attention_head_size': 1, 'learning_rate': 0.01186503548381458}. Best is trial 17 with value: 2.94661808013916.
LOCAL_RANK: 0 - CUDA_VISIBLE_DEVICES: [0]
[I 2023-11-30 02:39:35,526] Trial 126 finished with value: 4.824394226074219 and parameters: {'gradient_clip_val': 0.11563891156975889, 'hidden_size': 31, 'dropout': 0.3390120317150198, 'hidden_continuous_size': 12, 'attention_head_size': 1, 'learning_rate': 0.014151518508793341}. Best is trial 17 with value: 2.94661808013916.
LOCAL_RANK: 0 - CUDA_VISIBLE_DEVICES: [0]
[I 2023-11-30 02:39:47,759] Trial 127 finished with value: 3.468244791030884 and parameters: {'gradient_clip_val': 0.10058135079668493, 'hidden_size': 29, 'dropout': 0.3310883380861239, 'hidden_continuous_size': 15, 'attention_head_size': 1, 'learning_rate': 0.010770735202909311}. Best is trial 17 with value: 2.94661808013916.
LOCAL_RANK: 0 - CUDA_VISIBLE_DEVICES: [0]
[I 2023-11-30 02:39:59,985] Trial 128 finished with value: 4.162105083465576 and parameters: {'gradient_clip_val': 0.14318864541957574, 'hidden_size': 32, 'dropout': 0.3156486268042866, 'hidden_continuous_size': 24, 'attention_head_size': 1, 'learning_rate': 0.013329240030779534}. Best is trial 17 with value: 2.94661808013916.
LOCAL_RANK: 0 - CUDA_VISIBLE_DEVICES: [0]
[I 2023-11-30 02:40:12,518] Trial 129 finished with value: 4.357339859008789 and parameters: {'gradient_clip_val': 0.11355763155751669, 'hidden_size': 34, 'dropout': 0.3584240609759882, 'hidden_continuous_size': 25, 'attention_head_size': 1, 'learning_rate': 0.015269883970676003}. Best is trial 17 with value: 2.94661808013916.
LOCAL_RANK: 0 - CUDA_VISIBLE_DEVICES: [0]
[I 2023-11-30 02:40:24,800] Trial 130 finished with value: 3.7410919666290283 and parameters: {'gradient_clip_val': 0.12317755907542798, 'hidden_size': 25, 'dropout': 0.3762147017684716, 'hidden_continuous_size': 21, 'attention_head_size': 1, 'learning_rate': 0.020859116169249348}. Best is trial 17 with value: 2.94661808013916.
LOCAL_RANK: 0 - CUDA_VISIBLE_DEVICES: [0]
[I 2023-11-30 02:40:37,046] Trial 131 finished with value: 4.0767903327941895 and parameters: {'gradient_clip_val': 0.1288965386609874, 'hidden_size': 27, 'dropout': 0.36577917155090167, 'hidden_continuous_size': 12, 'attention_head_size': 1, 'learning_rate': 0.01630314772395742}. Best is trial 17 with value: 2.94661808013916.
LOCAL_RANK: 0 - CUDA_VISIBLE_DEVICES: [0]
[I 2023-11-30 02:40:49,184] Trial 132 finished with value: 4.601075649261475 and parameters: {'gradient_clip_val': 0.13835556082656655, 'hidden_size': 29, 'dropout': 0.35329429404396745, 'hidden_continuous_size': 11, 'attention_head_size': 2, 'learning_rate': 0.013165515946007572}. Best is trial 17 with value: 2.94661808013916.
LOCAL_RANK: 0 - CUDA_VISIBLE_DEVICES: [0]
[I 2023-11-30 02:41:01,788] Trial 133 finished with value: 4.951277256011963 and parameters: {'gradient_clip_val': 0.10513340111977094, 'hidden_size': 44, 'dropout': 0.343819603932647, 'hidden_continuous_size': 12, 'attention_head_size': 3, 'learning_rate': 0.02540354988048352}. Best is trial 17 with value: 2.94661808013916.
LOCAL_RANK: 0 - CUDA_VISIBLE_DEVICES: [0]
[I 2023-11-30 02:41:14,198] Trial 134 finished with value: 4.945169925689697 and parameters: {'gradient_clip_val': 0.17948962643466979, 'hidden_size': 33, 'dropout': 0.33631917380903487, 'hidden_continuous_size': 14, 'attention_head_size': 1, 'learning_rate': 0.019225973069931034}. Best is trial 17 with value: 2.94661808013916.
LOCAL_RANK: 0 - CUDA_VISIBLE_DEVICES: [0]
[I 2023-11-30 02:41:26,803] Trial 135 finished with value: 3.2097980976104736 and parameters: {'gradient_clip_val': 0.1457366204262259, 'hidden_size': 35, 'dropout': 0.36559557819955574, 'hidden_continuous_size': 12, 'attention_head_size': 3, 'learning_rate': 0.022315949146170053}. Best is trial 17 with value: 2.94661808013916.
LOCAL_RANK: 0 - CUDA_VISIBLE_DEVICES: [0]
[I 2023-11-30 02:41:39,297] Trial 136 finished with value: 3.415032148361206 and parameters: {'gradient_clip_val': 0.15854744290024958, 'hidden_size': 22, 'dropout': 0.38659298326027514, 'hidden_continuous_size': 20, 'attention_head_size': 3, 'learning_rate': 0.022209570624883383}. Best is trial 17 with value: 2.94661808013916.
LOCAL_RANK: 0 - CUDA_VISIBLE_DEVICES: [0]
[I 2023-11-30 02:41:51,751] Trial 137 finished with value: 4.712146759033203 and parameters: {'gradient_clip_val': 0.14903247156578694, 'hidden_size': 26, 'dropout': 0.36702449786015956, 'hidden_continuous_size': 17, 'attention_head_size': 3, 'learning_rate': 0.0279565091299748}. Best is trial 17 with value: 2.94661808013916.
LOCAL_RANK: 0 - CUDA_VISIBLE_DEVICES: [0]
[I 2023-11-30 02:42:04,288] Trial 138 finished with value: 4.970951557159424 and parameters: {'gradient_clip_val': 0.689100073758976, 'hidden_size': 31, 'dropout': 0.373854323857129, 'hidden_continuous_size': 15, 'attention_head_size': 3, 'learning_rate': 0.024236158705310724}. Best is trial 17 with value: 2.94661808013916.
LOCAL_RANK: 0 - CUDA_VISIBLE_DEVICES: [0]
[I 2023-11-30 02:42:16,931] Trial 139 finished with value: 3.707191228866577 and parameters: {'gradient_clip_val': 0.16164809203935082, 'hidden_size': 34, 'dropout': 0.35823712872107616, 'hidden_continuous_size': 13, 'attention_head_size': 3, 'learning_rate': 0.021153519532456436}. Best is trial 17 with value: 2.94661808013916.
LOCAL_RANK: 0 - CUDA_VISIBLE_DEVICES: [0]
[I 2023-11-30 02:42:29,769] Trial 140 finished with value: 3.299128293991089 and parameters: {'gradient_clip_val': 0.1946729156925023, 'hidden_size': 49, 'dropout': 0.3822467439732817, 'hidden_continuous_size': 12, 'attention_head_size': 3, 'learning_rate': 0.014489788660630182}. Best is trial 17 with value: 2.94661808013916.
LOCAL_RANK: 0 - CUDA_VISIBLE_DEVICES: [0]
[I 2023-11-30 02:42:42,586] Trial 141 finished with value: 3.3793373107910156 and parameters: {'gradient_clip_val': 0.34170926082198055, 'hidden_size': 39, 'dropout': 0.35082929868012563, 'hidden_continuous_size': 11, 'attention_head_size': 3, 'learning_rate': 0.018183856007003188}. Best is trial 17 with value: 2.94661808013916.
LOCAL_RANK: 0 - CUDA_VISIBLE_DEVICES: [0]
[I 2023-11-30 02:42:55,057] Trial 142 finished with value: 3.3334338665008545 and parameters: {'gradient_clip_val': 0.1341172471550678, 'hidden_size': 36, 'dropout': 0.3428177764176933, 'hidden_continuous_size': 12, 'attention_head_size': 3, 'learning_rate': 0.016842311735153867}. Best is trial 17 with value: 2.94661808013916.
LOCAL_RANK: 0 - CUDA_VISIBLE_DEVICES: [0]
[I 2023-11-30 02:43:08,327] Trial 143 finished with value: 3.343909502029419 and parameters: {'gradient_clip_val': 0.11862685569814341, 'hidden_size': 54, 'dropout': 0.36300420777676334, 'hidden_continuous_size': 27, 'attention_head_size': 3, 'learning_rate': 0.01976971145394957}. Best is trial 17 with value: 2.94661808013916.
LOCAL_RANK: 0 - CUDA_VISIBLE_DEVICES: [0]
[I 2023-11-30 02:43:20,833] Trial 144 finished with value: 4.0320353507995605 and parameters: {'gradient_clip_val': 0.1419253381010704, 'hidden_size': 31, 'dropout': 0.34793141966429275, 'hidden_continuous_size': 24, 'attention_head_size': 3, 'learning_rate': 0.015566553185635384}. Best is trial 17 with value: 2.94661808013916.
LOCAL_RANK: 0 - CUDA_VISIBLE_DEVICES: [0]
[I 2023-11-30 02:43:33,387] Trial 145 finished with value: 4.800471782684326 and parameters: {'gradient_clip_val': 0.12756788190063384, 'hidden_size': 40, 'dropout': 0.3542124723853632, 'hidden_continuous_size': 13, 'attention_head_size': 3, 'learning_rate': 0.011314403421029245}. Best is trial 17 with value: 2.94661808013916.
LOCAL_RANK: 0 - CUDA_VISIBLE_DEVICES: [0]
[I 2023-11-30 02:43:45,824] Trial 146 finished with value: 3.0336244106292725 and parameters: {'gradient_clip_val': 0.1493796441308443, 'hidden_size': 28, 'dropout': 0.33719476975621254, 'hidden_continuous_size': 16, 'attention_head_size': 3, 'learning_rate': 0.023207875024299125}. Best is trial 17 with value: 2.94661808013916.
LOCAL_RANK: 0 - CUDA_VISIBLE_DEVICES: [0]
[I 2023-11-30 02:43:58,327] Trial 147 finished with value: 4.358895778656006 and parameters: {'gradient_clip_val': 0.1470920972899549, 'hidden_size': 29, 'dropout': 0.3205992367479967, 'hidden_continuous_size': 16, 'attention_head_size': 3, 'learning_rate': 0.026106571099260904}. Best is trial 17 with value: 2.94661808013916.
LOCAL_RANK: 0 - CUDA_VISIBLE_DEVICES: [0]
[I 2023-11-30 02:44:10,398] Trial 148 finished with value: 3.391934394836426 and parameters: {'gradient_clip_val': 0.17145039486694316, 'hidden_size': 24, 'dropout': 0.32772220082505804, 'hidden_continuous_size': 18, 'attention_head_size': 3, 'learning_rate': 0.029990459073285868}. Best is trial 17 with value: 2.94661808013916.
LOCAL_RANK: 0 - CUDA_VISIBLE_DEVICES: [0]
[I 2023-11-30 02:44:22,927] Trial 149 finished with value: 4.735448837280273 and parameters: {'gradient_clip_val': 0.2281964612966842, 'hidden_size': 27, 'dropout': 0.3361812773870716, 'hidden_continuous_size': 23, 'attention_head_size': 3, 'learning_rate': 0.0216935885941835}. Best is trial 17 with value: 2.94661808013916.
[I 2023-11-30 02:44:23,037] A new study created in memory with name: no-name-57196974-3e53-4422-9f8a-ff124cc42303
/home/le004/conda/anaconda3/envs/tsff_env/lib/python3.9/site-packages/lightning/fabric/plugins/environments/slurm.py:191: The `srun` command is available on your system but is not used. HINT: If your intention is to run Lightning on SLURM, prepend your python command with `srun` like so: srun python /home/le004/master_thesis/git/TSFusionForecast/code/ ...
LOCAL_RANK: 0 - CUDA_VISIBLE_DEVICES: [0]
[I 2023-11-30 02:44:35,388] Trial 0 finished with value: 32.346885681152344 and parameters: {'gradient_clip_val': 0.7854165976509485, 'hidden_size': 27, 'dropout': 0.2193296850605979, 'hidden_continuous_size': 25, 'attention_head_size': 3, 'learning_rate': 0.043278162759171714}. Best is trial 0 with value: 32.346885681152344.
LOCAL_RANK: 0 - CUDA_VISIBLE_DEVICES: [0]
[I 2023-11-30 02:44:47,657] Trial 1 finished with value: 145.8072509765625 and parameters: {'gradient_clip_val': 0.4598195665526342, 'hidden_size': 11, 'dropout': 0.2958344684329188, 'hidden_continuous_size': 10, 'attention_head_size': 4, 'learning_rate': 0.002160311408516903}. Best is trial 0 with value: 32.346885681152344.
LOCAL_RANK: 0 - CUDA_VISIBLE_DEVICES: [0]
[I 2023-11-30 02:45:01,173] Trial 2 finished with value: 33.4700813293457 and parameters: {'gradient_clip_val': 0.37325648762322844, 'hidden_size': 49, 'dropout': 0.19766182667610654, 'hidden_continuous_size': 47, 'attention_head_size': 4, 'learning_rate': 0.03492715519564415}. Best is trial 0 with value: 32.346885681152344.
LOCAL_RANK: 0 - CUDA_VISIBLE_DEVICES: [0]
[I 2023-11-30 02:45:14,095] Trial 3 finished with value: 34.74897384643555 and parameters: {'gradient_clip_val': 0.19834537682604342, 'hidden_size': 49, 'dropout': 0.35145390036403135, 'hidden_continuous_size': 32, 'attention_head_size': 1, 'learning_rate': 0.037943601449086206}. Best is trial 0 with value: 32.346885681152344.
LOCAL_RANK: 0 - CUDA_VISIBLE_DEVICES: [0]
[I 2023-11-30 02:45:26,773] Trial 4 finished with value: 85.96517944335938 and parameters: {'gradient_clip_val': 0.25673577672507886, 'hidden_size': 35, 'dropout': 0.10968106933523053, 'hidden_continuous_size': 21, 'attention_head_size': 2, 'learning_rate': 0.001242263754326683}. Best is trial 0 with value: 32.346885681152344.
LOCAL_RANK: 0 - CUDA_VISIBLE_DEVICES: [0]
[I 2023-11-30 02:45:36,873] Trial 5 finished with value: 71.4712142944336 and parameters: {'gradient_clip_val': 0.39156245909571447, 'hidden_size': 11, 'dropout': 0.15645712894805208, 'hidden_continuous_size': 11, 'attention_head_size': 2, 'learning_rate': 0.013779896103242446}. Best is trial 0 with value: 32.346885681152344.
LOCAL_RANK: 0 - CUDA_VISIBLE_DEVICES: [0]
[I 2023-11-30 02:45:48,869] Trial 6 finished with value: 123.5299301147461 and parameters: {'gradient_clip_val': 0.14248050939976406, 'hidden_size': 11, 'dropout': 0.15608975084530285, 'hidden_continuous_size': 10, 'attention_head_size': 3, 'learning_rate': 0.0013196491540116405}. Best is trial 0 with value: 32.346885681152344.
LOCAL_RANK: 0 - CUDA_VISIBLE_DEVICES: [0]
[I 2023-11-30 02:46:01,084] Trial 7 finished with value: 66.2522964477539 and parameters: {'gradient_clip_val': 0.25471667922591584, 'hidden_size': 20, 'dropout': 0.1321943273226175, 'hidden_continuous_size': 13, 'attention_head_size': 4, 'learning_rate': 0.0032082945121705334}. Best is trial 0 with value: 32.346885681152344.
LOCAL_RANK: 0 - CUDA_VISIBLE_DEVICES: [0]
[I 2023-11-30 02:46:13,443] Trial 8 finished with value: 52.94108200073242 and parameters: {'gradient_clip_val': 0.4410806269094621, 'hidden_size': 25, 'dropout': 0.12805506932690477, 'hidden_continuous_size': 19, 'attention_head_size': 3, 'learning_rate': 0.005121443298179703}. Best is trial 0 with value: 32.346885681152344.
LOCAL_RANK: 0 - CUDA_VISIBLE_DEVICES: [0]
[I 2023-11-30 02:46:26,270] Trial 9 finished with value: 37.45917892456055 and parameters: {'gradient_clip_val': 0.9409384781708785, 'hidden_size': 46, 'dropout': 0.20443743537350714, 'hidden_continuous_size': 18, 'attention_head_size': 2, 'learning_rate': 0.09794766465478232}. Best is trial 0 with value: 32.346885681152344.
LOCAL_RANK: 0 - CUDA_VISIBLE_DEVICES: [0]
[I 2023-11-30 02:46:40,507] Trial 10 finished with value: 37.08681869506836 and parameters: {'gradient_clip_val': 0.8130638094890399, 'hidden_size': 116, 'dropout': 0.26214380165713996, 'hidden_continuous_size': 115, 'attention_head_size': 1, 'learning_rate': 0.010800305584010383}. Best is trial 0 with value: 32.346885681152344.
LOCAL_RANK: 0 - CUDA_VISIBLE_DEVICES: [0]
