[I 2023-11-30 03:53:26,451] Trial 2 finished with value: 168.51611328125 and parameters: {'gradient_clip_val': 0.12008011882945396, 'hidden_size': 12, 'dropout': 0.2052365061221201, 'hidden_continuous_size': 12, 'attention_head_size': 2, 'learning_rate': 0.013835700991183069}. Best is trial 1 with value: 105.24788665771484.
LOCAL_RANK: 0 - CUDA_VISIBLE_DEVICES: [0]
[I 2023-11-30 03:53:40,773] Trial 3 finished with value: 116.38290405273438 and parameters: {'gradient_clip_val': 0.22978249880367374, 'hidden_size': 110, 'dropout': 0.329025366782282, 'hidden_continuous_size': 90, 'attention_head_size': 2, 'learning_rate': 0.09837904678290008}. Best is trial 1 with value: 105.24788665771484.
LOCAL_RANK: 0 - CUDA_VISIBLE_DEVICES: [0]
[I 2023-11-30 03:53:54,217] Trial 4 finished with value: 111.62415313720703 and parameters: {'gradient_clip_val': 0.1703057581363544, 'hidden_size': 116, 'dropout': 0.18100042637657707, 'hidden_continuous_size': 12, 'attention_head_size': 2, 'learning_rate': 0.028727968582855146}. Best is trial 1 with value: 105.24788665771484.
LOCAL_RANK: 0 - CUDA_VISIBLE_DEVICES: [0]
[I 2023-11-30 03:54:06,748] Trial 5 finished with value: 113.79034423828125 and parameters: {'gradient_clip_val': 0.17453985113646375, 'hidden_size': 27, 'dropout': 0.14746759178373958, 'hidden_continuous_size': 12, 'attention_head_size': 4, 'learning_rate': 0.017021525838761115}. Best is trial 1 with value: 105.24788665771484.
LOCAL_RANK: 0 - CUDA_VISIBLE_DEVICES: [0]
[I 2023-11-30 03:54:20,424] Trial 6 finished with value: 137.10015869140625 and parameters: {'gradient_clip_val': 0.16602580348774, 'hidden_size': 75, 'dropout': 0.3154123909122245, 'hidden_continuous_size': 34, 'attention_head_size': 4, 'learning_rate': 0.004253747446153705}. Best is trial 1 with value: 105.24788665771484.
LOCAL_RANK: 0 - CUDA_VISIBLE_DEVICES: [0]
[I 2023-11-30 03:54:32,949] Trial 7 finished with value: 238.2230682373047 and parameters: {'gradient_clip_val': 0.9944135019390589, 'hidden_size': 28, 'dropout': 0.3531236775634211, 'hidden_continuous_size': 26, 'attention_head_size': 4, 'learning_rate': 0.0011791670465007465}. Best is trial 1 with value: 105.24788665771484.
LOCAL_RANK: 0 - CUDA_VISIBLE_DEVICES: [0]
[I 2023-11-30 03:54:45,102] Trial 8 finished with value: 281.3252258300781 and parameters: {'gradient_clip_val': 0.18905736350339708, 'hidden_size': 18, 'dropout': 0.25266443843964226, 'hidden_continuous_size': 10, 'attention_head_size': 2, 'learning_rate': 0.0010948983548546498}. Best is trial 1 with value: 105.24788665771484.
LOCAL_RANK: 0 - CUDA_VISIBLE_DEVICES: [0]
[I 2023-11-30 03:54:58,159] Trial 9 finished with value: 204.234130859375 and parameters: {'gradient_clip_val': 0.3540210555195715, 'hidden_size': 58, 'dropout': 0.2344992758597212, 'hidden_continuous_size': 18, 'attention_head_size': 3, 'learning_rate': 0.0010066879220256611}. Best is trial 1 with value: 105.24788665771484.
LOCAL_RANK: 0 - CUDA_VISIBLE_DEVICES: [0]
[I 2023-11-30 03:55:12,303] Trial 10 finished with value: 120.84871673583984 and parameters: {'gradient_clip_val': 0.3256147043342589, 'hidden_size': 136, 'dropout': 0.3959281993831354, 'hidden_continuous_size': 62, 'attention_head_size': 1, 'learning_rate': 0.004419135955615162}. Best is trial 1 with value: 105.24788665771484.
LOCAL_RANK: 0 - CUDA_VISIBLE_DEVICES: [0]
[I 2023-11-30 03:55:26,719] Trial 11 finished with value: 143.23805236816406 and parameters: {'gradient_clip_val': 0.11364878779562507, 'hidden_size': 146, 'dropout': 0.1080159606880574, 'hidden_continuous_size': 50, 'attention_head_size': 3, 'learning_rate': 0.03740403987712188}. Best is trial 1 with value: 105.24788665771484.
LOCAL_RANK: 0 - CUDA_VISIBLE_DEVICES: [0]
[I 2023-11-30 03:55:40,010] Trial 12 finished with value: 141.54383850097656 and parameters: {'gradient_clip_val': 0.2597192584907631, 'hidden_size': 78, 'dropout': 0.28719725475809244, 'hidden_continuous_size': 19, 'attention_head_size': 1, 'learning_rate': 0.031312612622543305}. Best is trial 1 with value: 105.24788665771484.
LOCAL_RANK: 0 - CUDA_VISIBLE_DEVICES: [0]
[I 2023-11-30 03:55:53,874] Trial 13 finished with value: 112.6842269897461 and parameters: {'gradient_clip_val': 0.10046823919065836, 'hidden_size': 94, 'dropout': 0.1867917065341198, 'hidden_continuous_size': 33, 'attention_head_size': 3, 'learning_rate': 0.0056733275505179235}. Best is trial 1 with value: 105.24788665771484.
LOCAL_RANK: 0 - CUDA_VISIBLE_DEVICES: [0]
[I 2023-11-30 03:56:07,039] Trial 14 finished with value: 126.9425277709961 and parameters: {'gradient_clip_val': 0.410797280824548, 'hidden_size': 59, 'dropout': 0.26870329674522725, 'hidden_continuous_size': 16, 'attention_head_size': 3, 'learning_rate': 0.007081061116312184}. Best is trial 1 with value: 105.24788665771484.
LOCAL_RANK: 0 - CUDA_VISIBLE_DEVICES: [0]
[I 2023-11-30 03:56:21,201] Trial 15 finished with value: 137.39569091796875 and parameters: {'gradient_clip_val': 0.14356457462860167, 'hidden_size': 145, 'dropout': 0.20406028696029485, 'hidden_continuous_size': 49, 'attention_head_size': 1, 'learning_rate': 0.002235812229714297}. Best is trial 1 with value: 105.24788665771484.
LOCAL_RANK: 0 - CUDA_VISIBLE_DEVICES: [0]
[I 2023-11-30 03:56:35,083] Trial 16 finished with value: 118.9103012084961 and parameters: {'gradient_clip_val': 0.23193384426136282, 'hidden_size': 98, 'dropout': 0.2976204940774267, 'hidden_continuous_size': 25, 'attention_head_size': 3, 'learning_rate': 0.008185214257473669}. Best is trial 1 with value: 105.24788665771484.
LOCAL_RANK: 0 - CUDA_VISIBLE_DEVICES: [0]
[I 2023-11-30 03:56:48,014] Trial 17 finished with value: 99.78702545166016 and parameters: {'gradient_clip_val': 0.1451158405977058, 'hidden_size': 54, 'dropout': 0.34973181752254523, 'hidden_continuous_size': 14, 'attention_head_size': 2, 'learning_rate': 0.020314701116917484}. Best is trial 17 with value: 99.78702545166016.
LOCAL_RANK: 0 - CUDA_VISIBLE_DEVICES: [0]
[I 2023-11-30 03:57:00,645] Trial 18 finished with value: 143.73605346679688 and parameters: {'gradient_clip_val': 0.13326233237502932, 'hidden_size': 48, 'dropout': 0.35713655370658026, 'hidden_continuous_size': 15, 'attention_head_size': 2, 'learning_rate': 0.002972361713271671}. Best is trial 17 with value: 99.78702545166016.
LOCAL_RANK: 0 - CUDA_VISIBLE_DEVICES: [0]
[I 2023-11-30 03:57:14,124] Trial 19 finished with value: 102.26322174072266 and parameters: {'gradient_clip_val': 0.10208479687053637, 'hidden_size': 74, 'dropout': 0.3632461305468562, 'hidden_continuous_size': 22, 'attention_head_size': 3, 'learning_rate': 0.010046787325610566}. Best is trial 17 with value: 99.78702545166016.
LOCAL_RANK: 0 - CUDA_VISIBLE_DEVICES: [0]
[I 2023-11-30 03:57:27,262] Trial 20 finished with value: 132.1128387451172 and parameters: {'gradient_clip_val': 0.1013495612837068, 'hidden_size': 44, 'dropout': 0.3567747908751957, 'hidden_continuous_size': 23, 'attention_head_size': 4, 'learning_rate': 0.019240360677210085}. Best is trial 17 with value: 99.78702545166016.
LOCAL_RANK: 0 - CUDA_VISIBLE_DEVICES: [0]
[I 2023-11-30 03:57:40,706] Trial 21 finished with value: 125.11774444580078 and parameters: {'gradient_clip_val': 0.14127082912081035, 'hidden_size': 75, 'dropout': 0.3993400876895594, 'hidden_continuous_size': 21, 'attention_head_size': 3, 'learning_rate': 0.009135642459004568}. Best is trial 17 with value: 99.78702545166016.
LOCAL_RANK: 0 - CUDA_VISIBLE_DEVICES: [0]
[I 2023-11-30 03:57:53,970] Trial 22 finished with value: 99.35467529296875 and parameters: {'gradient_clip_val': 0.13543161220560357, 'hidden_size': 64, 'dropout': 0.3707959134832848, 'hidden_continuous_size': 29, 'attention_head_size': 3, 'learning_rate': 0.009574920528085942}. Best is trial 22 with value: 99.35467529296875.
LOCAL_RANK: 0 - CUDA_VISIBLE_DEVICES: [0]
[I 2023-11-30 03:58:07,206] Trial 23 finished with value: 112.95104217529297 and parameters: {'gradient_clip_val': 0.12302249186185969, 'hidden_size': 59, 'dropout': 0.3333060933060926, 'hidden_continuous_size': 29, 'attention_head_size': 3, 'learning_rate': 0.010265755420618044}. Best is trial 22 with value: 99.35467529296875.
LOCAL_RANK: 0 - CUDA_VISIBLE_DEVICES: [0]
[I 2023-11-30 03:58:20,619] Trial 24 finished with value: 95.46454620361328 and parameters: {'gradient_clip_val': 0.10269837866808122, 'hidden_size': 82, 'dropout': 0.3683405435064411, 'hidden_continuous_size': 21, 'attention_head_size': 2, 'learning_rate': 0.016405886990669312}. Best is trial 24 with value: 95.46454620361328.
LOCAL_RANK: 0 - CUDA_VISIBLE_DEVICES: [0]
[I 2023-11-30 03:58:34,121] Trial 25 finished with value: 98.40997314453125 and parameters: {'gradient_clip_val': 0.14670636129196557, 'hidden_size': 86, 'dropout': 0.30829100126231196, 'hidden_continuous_size': 16, 'attention_head_size': 2, 'learning_rate': 0.02125466513298547}. Best is trial 24 with value: 95.46454620361328.
LOCAL_RANK: 0 - CUDA_VISIBLE_DEVICES: [0]
[I 2023-11-30 03:58:47,524] Trial 26 finished with value: 114.1400375366211 and parameters: {'gradient_clip_val': 0.12257350720069875, 'hidden_size': 89, 'dropout': 0.3110155291260356, 'hidden_continuous_size': 18, 'attention_head_size': 1, 'learning_rate': 0.014451269096066463}. Best is trial 24 with value: 95.46454620361328.
LOCAL_RANK: 0 - CUDA_VISIBLE_DEVICES: [0]
[I 2023-11-30 03:59:00,709] Trial 27 finished with value: 98.7220458984375 and parameters: {'gradient_clip_val': 0.1440321545377418, 'hidden_size': 66, 'dropout': 0.37563793660077094, 'hidden_continuous_size': 20, 'attention_head_size': 2, 'learning_rate': 0.022339741422184162}. Best is trial 24 with value: 95.46454620361328.
LOCAL_RANK: 0 - CUDA_VISIBLE_DEVICES: [0]
[I 2023-11-30 03:59:14,079] Trial 28 finished with value: 117.33786010742188 and parameters: {'gradient_clip_val': 0.16023730217594911, 'hidden_size': 86, 'dropout': 0.33814069263132474, 'hidden_continuous_size': 20, 'attention_head_size': 2, 'learning_rate': 0.04505973680147511}. Best is trial 24 with value: 95.46454620361328.
LOCAL_RANK: 0 - CUDA_VISIBLE_DEVICES: [0]
[I 2023-11-30 03:59:26,426] Trial 29 finished with value: 114.37844848632812 and parameters: {'gradient_clip_val': 0.19794684005950952, 'hidden_size': 36, 'dropout': 0.3767315388948407, 'hidden_continuous_size': 17, 'attention_head_size': 1, 'learning_rate': 0.020119590568481248}. Best is trial 24 with value: 95.46454620361328.
LOCAL_RANK: 0 - CUDA_VISIBLE_DEVICES: [0]
[I 2023-11-30 03:59:39,775] Trial 30 finished with value: 132.40277099609375 and parameters: {'gradient_clip_val': 0.11051088303178651, 'hidden_size': 70, 'dropout': 0.37426684405487215, 'hidden_continuous_size': 21, 'attention_head_size': 2, 'learning_rate': 0.025956246925196297}. Best is trial 24 with value: 95.46454620361328.
LOCAL_RANK: 0 - CUDA_VISIBLE_DEVICES: [0]
[I 2023-11-30 03:59:53,244] Trial 31 finished with value: 125.21097564697266 and parameters: {'gradient_clip_val': 0.1325314385464385, 'hidden_size': 65, 'dropout': 0.38098744796973516, 'hidden_continuous_size': 24, 'attention_head_size': 2, 'learning_rate': 0.013654549247162678}. Best is trial 24 with value: 95.46454620361328.
LOCAL_RANK: 0 - CUDA_VISIBLE_DEVICES: [0]
[I 2023-11-30 04:00:06,769] Trial 32 finished with value: 100.6756362915039 and parameters: {'gradient_clip_val': 0.15073076342714983, 'hidden_size': 96, 'dropout': 0.3766553691815109, 'hidden_continuous_size': 28, 'attention_head_size': 2, 'learning_rate': 0.011811663987671356}. Best is trial 24 with value: 95.46454620361328.
LOCAL_RANK: 0 - CUDA_VISIBLE_DEVICES: [0]
[I 2023-11-30 04:00:19,880] Trial 33 finished with value: 134.99383544921875 and parameters: {'gradient_clip_val': 0.11522191920162761, 'hidden_size': 65, 'dropout': 0.33416066608604944, 'hidden_continuous_size': 19, 'attention_head_size': 2, 'learning_rate': 0.01174023285357068}. Best is trial 24 with value: 95.46454620361328.
LOCAL_RANK: 0 - CUDA_VISIBLE_DEVICES: [0]
[I 2023-11-30 04:00:33,578] Trial 34 finished with value: 97.62824249267578 and parameters: {'gradient_clip_val': 0.12780725605664128, 'hidden_size': 113, 'dropout': 0.3987859591398961, 'hidden_continuous_size': 15, 'attention_head_size': 2, 'learning_rate': 0.015856982262943457}. Best is trial 24 with value: 95.46454620361328.
LOCAL_RANK: 0 - CUDA_VISIBLE_DEVICES: [0]
[I 2023-11-30 04:00:47,252] Trial 35 finished with value: 117.36556243896484 and parameters: {'gradient_clip_val': 0.11932268401719806, 'hidden_size': 124, 'dropout': 0.39818510959515097, 'hidden_continuous_size': 14, 'attention_head_size': 2, 'learning_rate': 0.015980930554719143}. Best is trial 24 with value: 95.46454620361328.
LOCAL_RANK: 0 - CUDA_VISIBLE_DEVICES: [0]
[I 2023-11-30 04:01:01,061] Trial 36 finished with value: 99.25919342041016 and parameters: {'gradient_clip_val': 0.1850766848240803, 'hidden_size': 110, 'dropout': 0.3435313661793041, 'hidden_continuous_size': 16, 'attention_head_size': 1, 'learning_rate': 0.024542700620932133}. Best is trial 24 with value: 95.46454620361328.
LOCAL_RANK: 0 - CUDA_VISIBLE_DEVICES: [0]
[I 2023-11-30 04:01:14,634] Trial 37 finished with value: 120.61709594726562 and parameters: {'gradient_clip_val': 0.15714157218208585, 'hidden_size': 114, 'dropout': 0.3815443287854709, 'hidden_continuous_size': 13, 'attention_head_size': 2, 'learning_rate': 0.04750072735446779}. Best is trial 24 with value: 95.46454620361328.
LOCAL_RANK: 0 - CUDA_VISIBLE_DEVICES: [0]
[I 2023-11-30 04:01:28,078] Trial 38 finished with value: 101.8981704711914 and parameters: {'gradient_clip_val': 0.1655844231020933, 'hidden_size': 103, 'dropout': 0.32363646896002113, 'hidden_continuous_size': 11, 'attention_head_size': 2, 'learning_rate': 0.01633696550914106}. Best is trial 24 with value: 95.46454620361328.
LOCAL_RANK: 0 - CUDA_VISIBLE_DEVICES: [0]
[I 2023-11-30 04:01:41,317] Trial 39 finished with value: 111.2733154296875 and parameters: {'gradient_clip_val': 0.2021346322684085, 'hidden_size': 84, 'dropout': 0.36416336649957776, 'hidden_continuous_size': 15, 'attention_head_size': 2, 'learning_rate': 0.023574332496924272}. Best is trial 24 with value: 95.46454620361328.
LOCAL_RANK: 0 - CUDA_VISIBLE_DEVICES: [0]
[I 2023-11-30 04:01:54,912] Trial 40 finished with value: 107.7750015258789 and parameters: {'gradient_clip_val': 0.13032980118009338, 'hidden_size': 121, 'dropout': 0.39004059884141334, 'hidden_continuous_size': 12, 'attention_head_size': 1, 'learning_rate': 0.030741192023529675}. Best is trial 24 with value: 95.46454620361328.
LOCAL_RANK: 0 - CUDA_VISIBLE_DEVICES: [0]
[I 2023-11-30 04:02:08,483] Trial 41 finished with value: 109.51728057861328 and parameters: {'gradient_clip_val': 0.1822977754799869, 'hidden_size': 103, 'dropout': 0.3507031918814483, 'hidden_continuous_size': 16, 'attention_head_size': 1, 'learning_rate': 0.023120321785118712}. Best is trial 24 with value: 95.46454620361328.
LOCAL_RANK: 0 - CUDA_VISIBLE_DEVICES: [0]
[I 2023-11-30 04:02:22,085] Trial 42 finished with value: 131.48863220214844 and parameters: {'gradient_clip_val': 0.17631077691337088, 'hidden_size': 123, 'dropout': 0.34090301460153116, 'hidden_continuous_size': 10, 'attention_head_size': 2, 'learning_rate': 0.017243596653962426}. Best is trial 24 with value: 95.46454620361328.
LOCAL_RANK: 0 - CUDA_VISIBLE_DEVICES: [0]
[I 2023-11-30 04:02:35,455] Trial 43 finished with value: 127.6490249633789 and parameters: {'gradient_clip_val': 0.15545513616465728, 'hidden_size': 86, 'dropout': 0.3188403699037492, 'hidden_continuous_size': 17, 'attention_head_size': 1, 'learning_rate': 0.014254741182290994}. Best is trial 24 with value: 95.46454620361328.
LOCAL_RANK: 0 - CUDA_VISIBLE_DEVICES: [0]
[I 2023-11-30 04:02:48,921] Trial 44 finished with value: 142.4235076904297 and parameters: {'gradient_clip_val': 0.10863638604826475, 'hidden_size': 108, 'dropout': 0.3448354591718749, 'hidden_continuous_size': 13, 'attention_head_size': 2, 'learning_rate': 0.026083540920465983}. Best is trial 24 with value: 95.46454620361328.
LOCAL_RANK: 0 - CUDA_VISIBLE_DEVICES: [0]
[I 2023-11-30 04:03:02,758] Trial 45 finished with value: 99.24163818359375 and parameters: {'gradient_clip_val': 0.12269030906688139, 'hidden_size': 136, 'dropout': 0.36515305787596886, 'hidden_continuous_size': 19, 'attention_head_size': 1, 'learning_rate': 0.039282464873874615}. Best is trial 24 with value: 95.46454620361328.
LOCAL_RANK: 0 - CUDA_VISIBLE_DEVICES: [0]
[I 2023-11-30 04:03:16,988] Trial 46 finished with value: 130.15711975097656 and parameters: {'gradient_clip_val': 0.12290206996032838, 'hidden_size': 141, 'dropout': 0.3860047598746923, 'hidden_continuous_size': 19, 'attention_head_size': 2, 'learning_rate': 0.058122588366630486}. Best is trial 24 with value: 95.46454620361328.
LOCAL_RANK: 0 - CUDA_VISIBLE_DEVICES: [0]
[I 2023-11-30 04:03:30,980] Trial 47 finished with value: 137.93760681152344 and parameters: {'gradient_clip_val': 0.11116915460472414, 'hidden_size': 134, 'dropout': 0.363400829055089, 'hidden_continuous_size': 22, 'attention_head_size': 2, 'learning_rate': 0.035646942625307605}. Best is trial 24 with value: 95.46454620361328.
LOCAL_RANK: 0 - CUDA_VISIBLE_DEVICES: [0]
[I 2023-11-30 04:03:44,342] Trial 48 finished with value: 103.07044219970703 and parameters: {'gradient_clip_val': 0.13022342926307176, 'hidden_size': 81, 'dropout': 0.3997702256693597, 'hidden_continuous_size': 20, 'attention_head_size': 1, 'learning_rate': 0.030619204314189456}. Best is trial 24 with value: 95.46454620361328.
LOCAL_RANK: 0 - CUDA_VISIBLE_DEVICES: [0]
[I 2023-11-30 04:03:57,806] Trial 49 finished with value: 152.5784454345703 and parameters: {'gradient_clip_val': 0.10106427790813789, 'hidden_size': 94, 'dropout': 0.3660177478334966, 'hidden_continuous_size': 26, 'attention_head_size': 1, 'learning_rate': 0.01891929268302218}. Best is trial 24 with value: 95.46454620361328.
LOCAL_RANK: 0 - CUDA_VISIBLE_DEVICES: [0]
[I 2023-11-30 04:04:11,611] Trial 50 finished with value: 96.86711883544922 and parameters: {'gradient_clip_val': 0.146506495145312, 'hidden_size': 127, 'dropout': 0.30782250733742467, 'hidden_continuous_size': 18, 'attention_head_size': 2, 'learning_rate': 0.011903366927667114}. Best is trial 24 with value: 95.46454620361328.
LOCAL_RANK: 0 - CUDA_VISIBLE_DEVICES: [0]
[I 2023-11-30 04:04:25,961] Trial 51 finished with value: 97.16888427734375 and parameters: {'gradient_clip_val': 0.14567654254854162, 'hidden_size': 149, 'dropout': 0.3014159680668896, 'hidden_continuous_size': 18, 'attention_head_size': 2, 'learning_rate': 0.012692737215343423}. Best is trial 24 with value: 95.46454620361328.
LOCAL_RANK: 0 - CUDA_VISIBLE_DEVICES: [0]
[I 2023-11-30 04:04:40,019] Trial 52 finished with value: 99.66045379638672 and parameters: {'gradient_clip_val': 0.14557186791831767, 'hidden_size': 149, 'dropout': 0.3074574449520072, 'hidden_continuous_size': 17, 'attention_head_size': 2, 'learning_rate': 0.01240504665518106}. Best is trial 24 with value: 95.46454620361328.
LOCAL_RANK: 0 - CUDA_VISIBLE_DEVICES: [0]
[I 2023-11-30 04:04:53,718] Trial 53 finished with value: 128.30335998535156 and parameters: {'gradient_clip_val': 0.16751873982691015, 'hidden_size': 124, 'dropout': 0.2807456384322713, 'hidden_continuous_size': 23, 'attention_head_size': 2, 'learning_rate': 0.007963095446853957}. Best is trial 24 with value: 95.46454620361328.
LOCAL_RANK: 0 - CUDA_VISIBLE_DEVICES: [0]
[I 2023-11-30 04:05:07,272] Trial 54 finished with value: 96.50162506103516 and parameters: {'gradient_clip_val': 0.14589471826476766, 'hidden_size': 103, 'dropout': 0.30253265834999604, 'hidden_continuous_size': 15, 'attention_head_size': 2, 'learning_rate': 0.015880189928384237}. Best is trial 24 with value: 95.46454620361328.
LOCAL_RANK: 0 - CUDA_VISIBLE_DEVICES: [0]
[I 2023-11-30 04:05:20,799] Trial 55 finished with value: 111.27853393554688 and parameters: {'gradient_clip_val': 0.1592442888074595, 'hidden_size': 109, 'dropout': 0.32115990377828324, 'hidden_continuous_size': 14, 'attention_head_size': 2, 'learning_rate': 0.015456945954535834}. Best is trial 24 with value: 95.46454620361328.
LOCAL_RANK: 0 - CUDA_VISIBLE_DEVICES: [0]
[I 2023-11-30 04:05:34,461] Trial 56 finished with value: 118.37122344970703 and parameters: {'gradient_clip_val': 0.2097155150367429, 'hidden_size': 98, 'dropout': 0.2949013887978215, 'hidden_continuous_size': 15, 'attention_head_size': 2, 'learning_rate': 0.012660292782241313}. Best is trial 24 with value: 95.46454620361328.
LOCAL_RANK: 0 - CUDA_VISIBLE_DEVICES: [0]
[I 2023-11-30 04:05:47,926] Trial 57 finished with value: 100.99651336669922 and parameters: {'gradient_clip_val': 0.14036115525729034, 'hidden_size': 128, 'dropout': 0.30993195126024536, 'hidden_continuous_size': 11, 'attention_head_size': 2, 'learning_rate': 0.010896396888732035}. Best is trial 24 with value: 95.46454620361328.
LOCAL_RANK: 0 - CUDA_VISIBLE_DEVICES: [0]
[I 2023-11-30 04:06:01,698] Trial 58 finished with value: 119.61588287353516 and parameters: {'gradient_clip_val': 0.11027066890786844, 'hidden_size': 113, 'dropout': 0.2647467079602245, 'hidden_continuous_size': 18, 'attention_head_size': 2, 'learning_rate': 0.017690845148096792}. Best is trial 24 with value: 95.46454620361328.
LOCAL_RANK: 0 - CUDA_VISIBLE_DEVICES: [0]
[I 2023-11-30 04:06:15,759] Trial 59 finished with value: 112.5924301147461 and parameters: {'gradient_clip_val': 0.1780462858648822, 'hidden_size': 150, 'dropout': 0.30058601088890974, 'hidden_continuous_size': 13, 'attention_head_size': 2, 'learning_rate': 0.013459855110475606}. Best is trial 24 with value: 95.46454620361328.
LOCAL_RANK: 0 - CUDA_VISIBLE_DEVICES: [0]
[I 2023-11-30 04:06:29,281] Trial 60 finished with value: 113.5390625 and parameters: {'gradient_clip_val': 0.1300349657334537, 'hidden_size': 92, 'dropout': 0.32913825777440947, 'hidden_continuous_size': 17, 'attention_head_size': 3, 'learning_rate': 0.008733763541346608}. Best is trial 24 with value: 95.46454620361328.
LOCAL_RANK: 0 - CUDA_VISIBLE_DEVICES: [0]
