[I 2023-11-30 12:02:35,111] Trial 118 finished with value: 1454.8629150390625 and parameters: {'gradient_clip_val': 0.45846431624479966, 'hidden_size': 150, 'dropout': 0.10481306822745282, 'hidden_continuous_size': 19, 'attention_head_size': 4, 'learning_rate': 0.0023960334559202582}. Best is trial 77 with value: 1128.0506591796875.
LOCAL_RANK: 0 - CUDA_VISIBLE_DEVICES: [0]
[I 2023-11-30 12:02:48,933] Trial 119 finished with value: 1929.8118896484375 and parameters: {'gradient_clip_val': 0.5831641431073885, 'hidden_size': 110, 'dropout': 0.11871135595214229, 'hidden_continuous_size': 17, 'attention_head_size': 4, 'learning_rate': 0.0027294174844350347}. Best is trial 77 with value: 1128.0506591796875.
LOCAL_RANK: 0 - CUDA_VISIBLE_DEVICES: [0]
[I 2023-11-30 12:03:02,442] Trial 120 finished with value: 1328.2117919921875 and parameters: {'gradient_clip_val': 0.7915660127107409, 'hidden_size': 90, 'dropout': 0.15151972015276371, 'hidden_continuous_size': 15, 'attention_head_size': 1, 'learning_rate': 0.0038726276863686408}. Best is trial 77 with value: 1128.0506591796875.
LOCAL_RANK: 0 - CUDA_VISIBLE_DEVICES: [0]
[I 2023-11-30 12:03:16,400] Trial 121 finished with value: 1389.1302490234375 and parameters: {'gradient_clip_val': 0.7089859311883786, 'hidden_size': 122, 'dropout': 0.12567283712999278, 'hidden_continuous_size': 20, 'attention_head_size': 4, 'learning_rate': 0.002554328657781831}. Best is trial 77 with value: 1128.0506591796875.
LOCAL_RANK: 0 - CUDA_VISIBLE_DEVICES: [0]
[I 2023-11-30 12:03:30,364] Trial 122 finished with value: 1574.3533935546875 and parameters: {'gradient_clip_val': 0.6020615563389271, 'hidden_size': 117, 'dropout': 0.12203999812623245, 'hidden_continuous_size': 18, 'attention_head_size': 4, 'learning_rate': 0.0032983502005138297}. Best is trial 77 with value: 1128.0506591796875.
LOCAL_RANK: 0 - CUDA_VISIBLE_DEVICES: [0]
[I 2023-11-30 12:03:44,446] Trial 123 finished with value: 1360.6099853515625 and parameters: {'gradient_clip_val': 0.7500308954403994, 'hidden_size': 136, 'dropout': 0.11161826058437202, 'hidden_continuous_size': 20, 'attention_head_size': 4, 'learning_rate': 0.0026650017875325246}. Best is trial 77 with value: 1128.0506591796875.
LOCAL_RANK: 0 - CUDA_VISIBLE_DEVICES: [0]
[I 2023-11-30 12:03:58,344] Trial 124 finished with value: 1312.965576171875 and parameters: {'gradient_clip_val': 0.6442555979114747, 'hidden_size': 126, 'dropout': 0.14258694778507766, 'hidden_continuous_size': 14, 'attention_head_size': 4, 'learning_rate': 0.0022575863855616636}. Best is trial 77 with value: 1128.0506591796875.
LOCAL_RANK: 0 - CUDA_VISIBLE_DEVICES: [0]
[I 2023-11-30 12:04:12,217] Trial 125 finished with value: 1301.848388671875 and parameters: {'gradient_clip_val': 0.9418810625524872, 'hidden_size': 99, 'dropout': 0.13485901888680105, 'hidden_continuous_size': 18, 'attention_head_size': 4, 'learning_rate': 0.0030057927838723895}. Best is trial 77 with value: 1128.0506591796875.
LOCAL_RANK: 0 - CUDA_VISIBLE_DEVICES: [0]
[I 2023-11-30 12:04:25,753] Trial 126 finished with value: 1438.4632568359375 and parameters: {'gradient_clip_val': 0.9415016404823389, 'hidden_size': 99, 'dropout': 0.13669379780947558, 'hidden_continuous_size': 19, 'attention_head_size': 4, 'learning_rate': 0.0029913595943315764}. Best is trial 77 with value: 1128.0506591796875.
LOCAL_RANK: 0 - CUDA_VISIBLE_DEVICES: [0]
[I 2023-11-30 12:04:39,285] Trial 127 finished with value: 1515.728515625 and parameters: {'gradient_clip_val': 0.881237196291626, 'hidden_size': 81, 'dropout': 0.13053037983119234, 'hidden_continuous_size': 17, 'attention_head_size': 4, 'learning_rate': 0.004075725335546808}. Best is trial 77 with value: 1128.0506591796875.
LOCAL_RANK: 0 - CUDA_VISIBLE_DEVICES: [0]
[I 2023-11-30 12:04:52,722] Trial 128 finished with value: 1557.6484375 and parameters: {'gradient_clip_val': 0.9404605358385353, 'hidden_size': 76, 'dropout': 0.10058489851138788, 'hidden_continuous_size': 18, 'attention_head_size': 4, 'learning_rate': 0.003681750245333782}. Best is trial 77 with value: 1128.0506591796875.
LOCAL_RANK: 0 - CUDA_VISIBLE_DEVICES: [0]
[I 2023-11-30 12:05:06,198] Trial 129 finished with value: 1553.5513916015625 and parameters: {'gradient_clip_val': 0.8894339783065816, 'hidden_size': 101, 'dropout': 0.1492759565563952, 'hidden_continuous_size': 15, 'attention_head_size': 2, 'learning_rate': 0.0032269880101355158}. Best is trial 77 with value: 1128.0506591796875.
LOCAL_RANK: 0 - CUDA_VISIBLE_DEVICES: [0]
[I 2023-11-30 12:05:19,969] Trial 130 finished with value: 1494.525390625 and parameters: {'gradient_clip_val': 0.9957952966345603, 'hidden_size': 91, 'dropout': 0.1654152530203854, 'hidden_continuous_size': 17, 'attention_head_size': 4, 'learning_rate': 0.004846700820920763}. Best is trial 77 with value: 1128.0506591796875.
LOCAL_RANK: 0 - CUDA_VISIBLE_DEVICES: [0]
[I 2023-11-30 12:05:33,838] Trial 131 finished with value: 1392.845703125 and parameters: {'gradient_clip_val': 0.6808357052345925, 'hidden_size': 114, 'dropout': 0.12651877634375258, 'hidden_continuous_size': 21, 'attention_head_size': 4, 'learning_rate': 0.002792914369466192}. Best is trial 77 with value: 1128.0506591796875.
LOCAL_RANK: 0 - CUDA_VISIBLE_DEVICES: [0]
[I 2023-11-30 12:05:47,644] Trial 132 finished with value: 1701.92529296875 and parameters: {'gradient_clip_val': 0.8388853911436818, 'hidden_size': 107, 'dropout': 0.11858069002078542, 'hidden_continuous_size': 19, 'attention_head_size': 4, 'learning_rate': 0.0021643711822595807}. Best is trial 77 with value: 1128.0506591796875.
LOCAL_RANK: 0 - CUDA_VISIBLE_DEVICES: [0]
[I 2023-11-30 12:06:01,714] Trial 133 finished with value: 1120.4622802734375 and parameters: {'gradient_clip_val': 0.7740695651845361, 'hidden_size': 123, 'dropout': 0.11069013873160273, 'hidden_continuous_size': 27, 'attention_head_size': 4, 'learning_rate': 0.003482267560157619}. Best is trial 133 with value: 1120.4622802734375.
LOCAL_RANK: 0 - CUDA_VISIBLE_DEVICES: [0]
[I 2023-11-30 12:06:15,795] Trial 134 finished with value: 1665.8443603515625 and parameters: {'gradient_clip_val': 0.8012227548248269, 'hidden_size': 132, 'dropout': 0.1094209525611093, 'hidden_continuous_size': 26, 'attention_head_size': 4, 'learning_rate': 0.0034169458852836405}. Best is trial 133 with value: 1120.4622802734375.
LOCAL_RANK: 0 - CUDA_VISIBLE_DEVICES: [0]
[I 2023-11-30 12:06:29,598] Trial 135 finished with value: 1197.195556640625 and parameters: {'gradient_clip_val': 0.8648621517652725, 'hidden_size': 84, 'dropout': 0.11500287826090974, 'hidden_continuous_size': 31, 'attention_head_size': 4, 'learning_rate': 0.004146568693207164}. Best is trial 133 with value: 1120.4622802734375.
LOCAL_RANK: 0 - CUDA_VISIBLE_DEVICES: [0]
[I 2023-11-30 12:06:43,244] Trial 136 finished with value: 1309.0657958984375 and parameters: {'gradient_clip_val': 0.7755510006811469, 'hidden_size': 85, 'dropout': 0.11516984323035698, 'hidden_continuous_size': 28, 'attention_head_size': 4, 'learning_rate': 0.0041811223951357945}. Best is trial 133 with value: 1120.4622802734375.
LOCAL_RANK: 0 - CUDA_VISIBLE_DEVICES: [0]
[I 2023-11-30 12:06:56,697] Trial 137 finished with value: 1528.5931396484375 and parameters: {'gradient_clip_val': 0.8583032534529464, 'hidden_size': 66, 'dropout': 0.10702332227547391, 'hidden_continuous_size': 31, 'attention_head_size': 4, 'learning_rate': 0.0038080539451287995}. Best is trial 133 with value: 1120.4622802734375.
LOCAL_RANK: 0 - CUDA_VISIBLE_DEVICES: [0]
[I 2023-11-30 12:07:10,225] Trial 138 finished with value: 1587.4105224609375 and parameters: {'gradient_clip_val': 0.7513089773381647, 'hidden_size': 73, 'dropout': 0.11266655062547408, 'hidden_continuous_size': 32, 'attention_head_size': 4, 'learning_rate': 0.005403092837570557}. Best is trial 133 with value: 1120.4622802734375.
LOCAL_RANK: 0 - CUDA_VISIBLE_DEVICES: [0]
[I 2023-11-30 12:07:23,669] Trial 139 finished with value: 1265.89453125 and parameters: {'gradient_clip_val': 0.6292371694074835, 'hidden_size': 80, 'dropout': 0.1423971912420103, 'hidden_continuous_size': 30, 'attention_head_size': 4, 'learning_rate': 0.0043853401188634865}. Best is trial 133 with value: 1120.4622802734375.
LOCAL_RANK: 0 - CUDA_VISIBLE_DEVICES: [0]
[I 2023-11-30 12:07:37,343] Trial 140 finished with value: 1526.7796630859375 and parameters: {'gradient_clip_val': 0.5897389462408469, 'hidden_size': 80, 'dropout': 0.10073315718015081, 'hidden_continuous_size': 35, 'attention_head_size': 4, 'learning_rate': 0.004221964363788149}. Best is trial 133 with value: 1120.4622802734375.
LOCAL_RANK: 0 - CUDA_VISIBLE_DEVICES: [0]
[I 2023-11-30 12:07:51,055] Trial 141 finished with value: 1506.978515625 and parameters: {'gradient_clip_val': 0.6155310280234655, 'hidden_size': 83, 'dropout': 0.13774331801604706, 'hidden_continuous_size': 31, 'attention_head_size': 4, 'learning_rate': 0.004734375722912267}. Best is trial 133 with value: 1120.4622802734375.
LOCAL_RANK: 0 - CUDA_VISIBLE_DEVICES: [0]
[I 2023-11-30 12:08:04,443] Trial 142 finished with value: 1590.7232666015625 and parameters: {'gradient_clip_val': 0.5297186787917572, 'hidden_size': 69, 'dropout': 0.15796580290799733, 'hidden_continuous_size': 16, 'attention_head_size': 4, 'learning_rate': 0.003804628031689374}. Best is trial 133 with value: 1120.4622802734375.
LOCAL_RANK: 0 - CUDA_VISIBLE_DEVICES: [0]
[I 2023-11-30 12:08:18,162] Trial 143 finished with value: 1494.3785400390625 and parameters: {'gradient_clip_val': 0.6434942814749314, 'hidden_size': 87, 'dropout': 0.14366907306566756, 'hidden_continuous_size': 28, 'attention_head_size': 4, 'learning_rate': 0.005781488308964354}. Best is trial 133 with value: 1120.4622802734375.
LOCAL_RANK: 0 - CUDA_VISIBLE_DEVICES: [0]
[I 2023-11-30 12:08:31,806] Trial 144 finished with value: 1441.62060546875 and parameters: {'gradient_clip_val': 0.8167129923194636, 'hidden_size': 78, 'dropout': 0.1283674431474603, 'hidden_continuous_size': 35, 'attention_head_size': 4, 'learning_rate': 0.004521253550253881}. Best is trial 133 with value: 1120.4622802734375.
LOCAL_RANK: 0 - CUDA_VISIBLE_DEVICES: [0]
[I 2023-11-30 12:08:45,360] Trial 145 finished with value: 1274.9462890625 and parameters: {'gradient_clip_val': 0.7280075348426098, 'hidden_size': 60, 'dropout': 0.12122144755476763, 'hidden_continuous_size': 23, 'attention_head_size': 4, 'learning_rate': 0.005223955906843086}. Best is trial 133 with value: 1120.4622802734375.
LOCAL_RANK: 0 - CUDA_VISIBLE_DEVICES: [0]
[I 2023-11-30 12:08:58,932] Trial 146 finished with value: 1584.1585693359375 and parameters: {'gradient_clip_val': 0.8889958812710493, 'hidden_size': 71, 'dropout': 0.12097156381152083, 'hidden_continuous_size': 23, 'attention_head_size': 4, 'learning_rate': 0.005138974323724644}. Best is trial 133 with value: 1120.4622802734375.
LOCAL_RANK: 0 - CUDA_VISIBLE_DEVICES: [0]
[I 2023-11-30 12:09:12,036] Trial 147 finished with value: 1902.3707275390625 and parameters: {'gradient_clip_val': 0.730768085176736, 'hidden_size': 56, 'dropout': 0.11647309713383301, 'hidden_continuous_size': 24, 'attention_head_size': 4, 'learning_rate': 0.007145043393246299}. Best is trial 133 with value: 1120.4622802734375.
LOCAL_RANK: 0 - CUDA_VISIBLE_DEVICES: [0]
[I 2023-11-30 12:09:25,635] Trial 148 finished with value: 1243.426025390625 and parameters: {'gradient_clip_val': 0.7700572796447295, 'hidden_size': 66, 'dropout': 0.10752137770138931, 'hidden_continuous_size': 29, 'attention_head_size': 4, 'learning_rate': 0.006049081371063388}. Best is trial 133 with value: 1120.4622802734375.
LOCAL_RANK: 0 - CUDA_VISIBLE_DEVICES: [0]
[I 2023-11-30 12:09:38,914] Trial 149 finished with value: 1334.9625244140625 and parameters: {'gradient_clip_val': 0.6286021696452002, 'hidden_size': 60, 'dropout': 0.11019893677226393, 'hidden_continuous_size': 27, 'attention_head_size': 4, 'learning_rate': 0.006188828600536685}. Best is trial 133 with value: 1120.4622802734375.
[I 2023-11-30 12:09:39,024] A new study created in memory with name: no-name-947ab05f-fe94-4a81-9581-82ac59988088
/home/le004/conda/anaconda3/envs/tsff_env/lib/python3.9/site-packages/lightning/fabric/plugins/environments/slurm.py:191: The `srun` command is available on your system but is not used. HINT: If your intention is to run Lightning on SLURM, prepend your python command with `srun` like so: srun python /home/le004/master_thesis/git/TSFusionForecast/code/ ...
LOCAL_RANK: 0 - CUDA_VISIBLE_DEVICES: [0]
[I 2023-11-30 12:09:51,113] Trial 0 finished with value: 382.5404357910156 and parameters: {'gradient_clip_val': 0.3116424401153982, 'hidden_size': 15, 'dropout': 0.11481921638398676, 'hidden_continuous_size': 10, 'attention_head_size': 1, 'learning_rate': 0.0028270896462016222}. Best is trial 0 with value: 382.5404357910156.
LOCAL_RANK: 0 - CUDA_VISIBLE_DEVICES: [0]
[I 2023-11-30 12:10:03,628] Trial 1 finished with value: 161.2729034423828 and parameters: {'gradient_clip_val': 0.35373685034502345, 'hidden_size': 33, 'dropout': 0.30888173945379704, 'hidden_continuous_size': 25, 'attention_head_size': 1, 'learning_rate': 0.009768559435380563}. Best is trial 1 with value: 161.2729034423828.
LOCAL_RANK: 0 - CUDA_VISIBLE_DEVICES: [0]
[I 2023-11-30 12:10:16,326] Trial 2 finished with value: 225.1694793701172 and parameters: {'gradient_clip_val': 0.5183737101571649, 'hidden_size': 42, 'dropout': 0.3341371243799757, 'hidden_continuous_size': 13, 'attention_head_size': 3, 'learning_rate': 0.0032971433665965793}. Best is trial 1 with value: 161.2729034423828.
LOCAL_RANK: 0 - CUDA_VISIBLE_DEVICES: [0]
[I 2023-11-30 12:10:26,468] Trial 3 finished with value: 163.1824493408203 and parameters: {'gradient_clip_val': 0.1418955241480642, 'hidden_size': 10, 'dropout': 0.17381195360120216, 'hidden_continuous_size': 10, 'attention_head_size': 2, 'learning_rate': 0.029142198556767456}. Best is trial 1 with value: 161.2729034423828.
LOCAL_RANK: 0 - CUDA_VISIBLE_DEVICES: [0]
[I 2023-11-30 12:10:38,868] Trial 4 finished with value: 152.5357666015625 and parameters: {'gradient_clip_val': 0.18891997794920853, 'hidden_size': 34, 'dropout': 0.22105901128785596, 'hidden_continuous_size': 12, 'attention_head_size': 1, 'learning_rate': 0.017401935610686255}. Best is trial 4 with value: 152.5357666015625.
LOCAL_RANK: 0 - CUDA_VISIBLE_DEVICES: [0]
[I 2023-11-30 12:10:52,812] Trial 5 finished with value: 199.1076202392578 and parameters: {'gradient_clip_val': 0.6121628401893422, 'hidden_size': 133, 'dropout': 0.3977771009431825, 'hidden_continuous_size': 26, 'attention_head_size': 2, 'learning_rate': 0.03068517758920065}. Best is trial 4 with value: 152.5357666015625.
LOCAL_RANK: 0 - CUDA_VISIBLE_DEVICES: [0]
[I 2023-11-30 12:11:05,286] Trial 6 finished with value: 183.6436004638672 and parameters: {'gradient_clip_val': 0.3528737617746597, 'hidden_size': 29, 'dropout': 0.15575887516647627, 'hidden_continuous_size': 15, 'attention_head_size': 2, 'learning_rate': 0.03277150716552183}. Best is trial 4 with value: 152.5357666015625.
LOCAL_RANK: 0 - CUDA_VISIBLE_DEVICES: [0]
[I 2023-11-30 12:11:17,599] Trial 7 finished with value: 155.96897888183594 and parameters: {'gradient_clip_val': 0.5179731192349074, 'hidden_size': 23, 'dropout': 0.2993430629921098, 'hidden_continuous_size': 15, 'attention_head_size': 3, 'learning_rate': 0.04559542159739251}. Best is trial 4 with value: 152.5357666015625.
LOCAL_RANK: 0 - CUDA_VISIBLE_DEVICES: [0]
[I 2023-11-30 12:11:29,776] Trial 8 finished with value: 167.90660095214844 and parameters: {'gradient_clip_val': 0.1114741756386647, 'hidden_size': 26, 'dropout': 0.35188090664134175, 'hidden_continuous_size': 13, 'attention_head_size': 3, 'learning_rate': 0.024162678986888994}. Best is trial 4 with value: 152.5357666015625.
LOCAL_RANK: 0 - CUDA_VISIBLE_DEVICES: [0]
[I 2023-11-30 12:11:39,987] Trial 9 finished with value: 300.77587890625 and parameters: {'gradient_clip_val': 0.10354863094761602, 'hidden_size': 26, 'dropout': 0.30119336655517437, 'hidden_continuous_size': 26, 'attention_head_size': 3, 'learning_rate': 0.002642406844036253}. Best is trial 4 with value: 152.5357666015625.
LOCAL_RANK: 0 - CUDA_VISIBLE_DEVICES: [0]
[I 2023-11-30 12:11:53,426] Trial 10 finished with value: 186.3876953125 and parameters: {'gradient_clip_val': 0.19636528796691416, 'hidden_size': 58, 'dropout': 0.21528111291860733, 'hidden_continuous_size': 19, 'attention_head_size': 4, 'learning_rate': 0.06779925863696629}. Best is trial 4 with value: 152.5357666015625.
LOCAL_RANK: 0 - CUDA_VISIBLE_DEVICES: [0]
[I 2023-11-30 12:12:05,672] Trial 11 finished with value: 134.59573364257812 and parameters: {'gradient_clip_val': 0.8592942681074652, 'hidden_size': 17, 'dropout': 0.24912313704994699, 'hidden_continuous_size': 11, 'attention_head_size': 4, 'learning_rate': 0.09475921759853656}. Best is trial 11 with value: 134.59573364257812.
LOCAL_RANK: 0 - CUDA_VISIBLE_DEVICES: [0]
[I 2023-11-30 12:12:17,905] Trial 12 finished with value: 168.57752990722656 and parameters: {'gradient_clip_val': 0.9572685046172797, 'hidden_size': 14, 'dropout': 0.24182544524047864, 'hidden_continuous_size': 11, 'attention_head_size': 4, 'learning_rate': 0.09681457635261394}. Best is trial 11 with value: 134.59573364257812.
LOCAL_RANK: 0 - CUDA_VISIBLE_DEVICES: [0]
[I 2023-11-30 12:12:29,748] Trial 13 finished with value: 202.9353790283203 and parameters: {'gradient_clip_val': 0.9572109727109387, 'hidden_size': 17, 'dropout': 0.24903272667888382, 'hidden_continuous_size': 11, 'attention_head_size': 1, 'learning_rate': 0.012440887100293235}. Best is trial 11 with value: 134.59573364257812.
LOCAL_RANK: 0 - CUDA_VISIBLE_DEVICES: [0]
[I 2023-11-30 12:12:42,896] Trial 14 finished with value: 180.4291534423828 and parameters: {'gradient_clip_val': 0.22637493658029173, 'hidden_size': 52, 'dropout': 0.21244578322072943, 'hidden_continuous_size': 36, 'attention_head_size': 4, 'learning_rate': 0.09794092192325647}. Best is trial 11 with value: 134.59573364257812.
LOCAL_RANK: 0 - CUDA_VISIBLE_DEVICES: [0]
[I 2023-11-30 12:12:54,924] Trial 15 finished with value: 156.6554718017578 and parameters: {'gradient_clip_val': 0.18258349168414625, 'hidden_size': 20, 'dropout': 0.271080400353118, 'hidden_continuous_size': 11, 'attention_head_size': 2, 'learning_rate': 0.013052145253606684}. Best is trial 11 with value: 134.59573364257812.
LOCAL_RANK: 0 - CUDA_VISIBLE_DEVICES: [0]
[I 2023-11-30 12:13:07,677] Trial 16 finished with value: 532.3179321289062 and parameters: {'gradient_clip_val': 0.15482437949734681, 'hidden_size': 38, 'dropout': 0.1996963314791855, 'hidden_continuous_size': 13, 'attention_head_size': 4, 'learning_rate': 0.0011420666590056328}. Best is trial 11 with value: 134.59573364257812.
LOCAL_RANK: 0 - CUDA_VISIBLE_DEVICES: [0]
[I 2023-11-30 12:13:17,803] Trial 17 finished with value: 162.04727172851562 and parameters: {'gradient_clip_val': 0.2542455630185459, 'hidden_size': 10, 'dropout': 0.2565622521951123, 'hidden_continuous_size': 10, 'attention_head_size': 1, 'learning_rate': 0.05727673218205831}. Best is trial 11 with value: 134.59573364257812.
LOCAL_RANK: 0 - CUDA_VISIBLE_DEVICES: [0]
[I 2023-11-30 12:13:30,064] Trial 18 finished with value: 155.3011474609375 and parameters: {'gradient_clip_val': 0.28191294495515967, 'hidden_size': 19, 'dropout': 0.22829440766824463, 'hidden_continuous_size': 12, 'attention_head_size': 2, 'learning_rate': 0.01863553058910796}. Best is trial 11 with value: 134.59573364257812.
LOCAL_RANK: 0 - CUDA_VISIBLE_DEVICES: [0]
[I 2023-11-30 12:13:42,211] Trial 19 finished with value: 179.2737274169922 and parameters: {'gradient_clip_val': 0.4109677834005056, 'hidden_size': 13, 'dropout': 0.1837156016263589, 'hidden_continuous_size': 10, 'attention_head_size': 3, 'learning_rate': 0.054686939539902474}. Best is trial 11 with value: 134.59573364257812.
LOCAL_RANK: 0 - CUDA_VISIBLE_DEVICES: [0]
[I 2023-11-30 12:13:54,709] Trial 20 finished with value: 345.1735534667969 and parameters: {'gradient_clip_val': 0.2257136953188856, 'hidden_size': 21, 'dropout': 0.2713622032179741, 'hidden_continuous_size': 12, 'attention_head_size': 4, 'learning_rate': 0.0072703602034359235}. Best is trial 11 with value: 134.59573364257812.
LOCAL_RANK: 0 - CUDA_VISIBLE_DEVICES: [0]
[I 2023-11-30 12:14:06,680] Trial 21 finished with value: 194.67881774902344 and parameters: {'gradient_clip_val': 0.2841622882286243, 'hidden_size': 17, 'dropout': 0.22932553505168102, 'hidden_continuous_size': 12, 'attention_head_size': 2, 'learning_rate': 0.01892511587666298}. Best is trial 11 with value: 134.59573364257812.
LOCAL_RANK: 0 - CUDA_VISIBLE_DEVICES: [0]
[I 2023-11-30 12:14:18,571] Trial 22 finished with value: 154.68621826171875 and parameters: {'gradient_clip_val': 0.23418899153269823, 'hidden_size': 21, 'dropout': 0.22907905883321883, 'hidden_continuous_size': 12, 'attention_head_size': 1, 'learning_rate': 0.019977929479899785}. Best is trial 11 with value: 134.59573364257812.
LOCAL_RANK: 0 - CUDA_VISIBLE_DEVICES: [0]
[I 2023-11-30 12:14:30,897] Trial 23 finished with value: 184.19775390625 and parameters: {'gradient_clip_val': 0.17871547887661138, 'hidden_size': 31, 'dropout': 0.19936854695726644, 'hidden_continuous_size': 15, 'attention_head_size': 1, 'learning_rate': 0.037824017915586025}. Best is trial 11 with value: 134.59573364257812.
LOCAL_RANK: 0 - CUDA_VISIBLE_DEVICES: [0]
[I 2023-11-30 12:14:42,986] Trial 24 finished with value: 196.3894805908203 and parameters: {'gradient_clip_val': 0.22209576208594367, 'hidden_size': 23, 'dropout': 0.2627267156215813, 'hidden_continuous_size': 11, 'attention_head_size': 1, 'learning_rate': 0.04296082796447948}. Best is trial 11 with value: 134.59573364257812.
LOCAL_RANK: 0 - CUDA_VISIBLE_DEVICES: [0]
