[I 2023-11-30 02:10:19,442] Trial 136 finished with value: 4.509484767913818 and parameters: {'gradient_clip_val': 0.3322145768470296, 'hidden_size': 36, 'dropout': 0.2281781053339702, 'hidden_continuous_size': 11, 'attention_head_size': 2, 'learning_rate': 0.07394021530576705}. Best is trial 99 with value: 3.5153110027313232.
LOCAL_RANK: 0 - CUDA_VISIBLE_DEVICES: [0]
[I 2023-11-30 02:10:31,829] Trial 137 finished with value: 4.228516101837158 and parameters: {'gradient_clip_val': 0.2638295667390544, 'hidden_size': 31, 'dropout': 0.2535615817831826, 'hidden_continuous_size': 12, 'attention_head_size': 2, 'learning_rate': 0.0886282687443894}. Best is trial 99 with value: 3.5153110027313232.
LOCAL_RANK: 0 - CUDA_VISIBLE_DEVICES: [0]
[I 2023-11-30 02:10:44,461] Trial 138 finished with value: 4.485429763793945 and parameters: {'gradient_clip_val': 0.3792087692360693, 'hidden_size': 38, 'dropout': 0.29316661448284076, 'hidden_continuous_size': 18, 'attention_head_size': 2, 'learning_rate': 0.06053261518497309}. Best is trial 99 with value: 3.5153110027313232.
LOCAL_RANK: 0 - CUDA_VISIBLE_DEVICES: [0]
[I 2023-11-30 02:10:56,926] Trial 139 finished with value: 4.9503045082092285 and parameters: {'gradient_clip_val': 0.3457590665372372, 'hidden_size': 33, 'dropout': 0.2748167744106215, 'hidden_continuous_size': 11, 'attention_head_size': 2, 'learning_rate': 0.07807446995339855}. Best is trial 99 with value: 3.5153110027313232.
LOCAL_RANK: 0 - CUDA_VISIBLE_DEVICES: [0]
[I 2023-11-30 02:11:09,671] Trial 140 finished with value: 5.333766937255859 and parameters: {'gradient_clip_val': 0.42306472885171714, 'hidden_size': 43, 'dropout': 0.26298411144106504, 'hidden_continuous_size': 10, 'attention_head_size': 2, 'learning_rate': 0.09965696616994288}. Best is trial 99 with value: 3.5153110027313232.
LOCAL_RANK: 0 - CUDA_VISIBLE_DEVICES: [0]
[I 2023-11-30 02:11:22,419] Trial 141 finished with value: 5.3831787109375 and parameters: {'gradient_clip_val': 0.3951189712157212, 'hidden_size': 45, 'dropout': 0.3163647826598405, 'hidden_continuous_size': 14, 'attention_head_size': 2, 'learning_rate': 0.05426678271158631}. Best is trial 99 with value: 3.5153110027313232.
LOCAL_RANK: 0 - CUDA_VISIBLE_DEVICES: [0]
[I 2023-11-30 02:11:35,339] Trial 142 finished with value: 4.186465740203857 and parameters: {'gradient_clip_val': 0.3911168604641705, 'hidden_size': 47, 'dropout': 0.26785695560588657, 'hidden_continuous_size': 29, 'attention_head_size': 2, 'learning_rate': 0.06807904029517879}. Best is trial 99 with value: 3.5153110027313232.
LOCAL_RANK: 0 - CUDA_VISIBLE_DEVICES: [0]
[I 2023-11-30 02:11:47,839] Trial 143 finished with value: 4.807730197906494 and parameters: {'gradient_clip_val': 0.36591410272823394, 'hidden_size': 43, 'dropout': 0.32620262589833116, 'hidden_continuous_size': 12, 'attention_head_size': 2, 'learning_rate': 0.08494023815199986}. Best is trial 99 with value: 3.5153110027313232.
LOCAL_RANK: 0 - CUDA_VISIBLE_DEVICES: [0]
[I 2023-11-30 02:12:00,223] Trial 144 finished with value: 4.231029033660889 and parameters: {'gradient_clip_val': 0.3790929243781993, 'hidden_size': 40, 'dropout': 0.2987197665374869, 'hidden_continuous_size': 16, 'attention_head_size': 2, 'learning_rate': 0.05859052695023626}. Best is trial 99 with value: 3.5153110027313232.
LOCAL_RANK: 0 - CUDA_VISIBLE_DEVICES: [0]
[I 2023-11-30 02:12:12,959] Trial 145 finished with value: 4.99164342880249 and parameters: {'gradient_clip_val': 0.41102775261363045, 'hidden_size': 35, 'dropout': 0.2856214696563232, 'hidden_continuous_size': 17, 'attention_head_size': 2, 'learning_rate': 0.04516552068485504}. Best is trial 99 with value: 3.5153110027313232.
LOCAL_RANK: 0 - CUDA_VISIBLE_DEVICES: [0]
[I 2023-11-30 02:12:25,404] Trial 146 finished with value: 4.016107082366943 and parameters: {'gradient_clip_val': 0.31413478002033896, 'hidden_size': 37, 'dropout': 0.2430919012802716, 'hidden_continuous_size': 11, 'attention_head_size': 2, 'learning_rate': 0.07112143816245163}. Best is trial 99 with value: 3.5153110027313232.
LOCAL_RANK: 0 - CUDA_VISIBLE_DEVICES: [0]
[I 2023-11-30 02:12:37,835] Trial 147 finished with value: 4.365532398223877 and parameters: {'gradient_clip_val': 0.31778905474410973, 'hidden_size': 38, 'dropout': 0.24952273072709372, 'hidden_continuous_size': 11, 'attention_head_size': 2, 'learning_rate': 0.07568609559954523}. Best is trial 99 with value: 3.5153110027313232.
LOCAL_RANK: 0 - CUDA_VISIBLE_DEVICES: [0]
[I 2023-11-30 02:12:49,967] Trial 148 finished with value: 4.784162998199463 and parameters: {'gradient_clip_val': 0.2720654149619502, 'hidden_size': 32, 'dropout': 0.2567245398954325, 'hidden_continuous_size': 11, 'attention_head_size': 2, 'learning_rate': 0.06693504679215698}. Best is trial 99 with value: 3.5153110027313232.
LOCAL_RANK: 0 - CUDA_VISIBLE_DEVICES: [0]
[I 2023-11-30 02:13:02,308] Trial 149 finished with value: 4.179742336273193 and parameters: {'gradient_clip_val': 0.30153062500040845, 'hidden_size': 36, 'dropout': 0.3112913383637151, 'hidden_continuous_size': 12, 'attention_head_size': 2, 'learning_rate': 0.09362692738093999}. Best is trial 99 with value: 3.5153110027313232.
[I 2023-11-30 02:13:02,419] A new study created in memory with name: no-name-34f3a488-5db5-4b60-837c-95d4d4dcbe37
/home/le004/conda/anaconda3/envs/tsff_env/lib/python3.9/site-packages/lightning/fabric/plugins/environments/slurm.py:191: The `srun` command is available on your system but is not used. HINT: If your intention is to run Lightning on SLURM, prepend your python command with `srun` like so: srun python /home/le004/master_thesis/git/TSFusionForecast/code/ ...
LOCAL_RANK: 0 - CUDA_VISIBLE_DEVICES: [0]
[I 2023-11-30 02:13:12,820] Trial 0 finished with value: 10.345248222351074 and parameters: {'gradient_clip_val': 0.1311986246457072, 'hidden_size': 10, 'dropout': 0.11838118509043553, 'hidden_continuous_size': 10, 'attention_head_size': 2, 'learning_rate': 0.0011998814545530966}. Best is trial 0 with value: 10.345248222351074.
LOCAL_RANK: 0 - CUDA_VISIBLE_DEVICES: [0]
[I 2023-11-30 02:13:26,575] Trial 1 finished with value: 4.639319896697998 and parameters: {'gradient_clip_val': 0.2338867662172553, 'hidden_size': 79, 'dropout': 0.21785104421983784, 'hidden_continuous_size': 40, 'attention_head_size': 3, 'learning_rate': 0.045290215953843554}. Best is trial 1 with value: 4.639319896697998.
LOCAL_RANK: 0 - CUDA_VISIBLE_DEVICES: [0]
[I 2023-11-30 02:13:38,868] Trial 2 finished with value: 7.9668288230896 and parameters: {'gradient_clip_val': 0.14911524480900332, 'hidden_size': 23, 'dropout': 0.20361218571589207, 'hidden_continuous_size': 19, 'attention_head_size': 2, 'learning_rate': 0.00153363698547058}. Best is trial 1 with value: 4.639319896697998.
LOCAL_RANK: 0 - CUDA_VISIBLE_DEVICES: [0]
[I 2023-11-30 02:13:51,078] Trial 3 finished with value: 4.822885513305664 and parameters: {'gradient_clip_val': 0.3777980958431331, 'hidden_size': 28, 'dropout': 0.2103099804124572, 'hidden_continuous_size': 14, 'attention_head_size': 4, 'learning_rate': 0.008533871461963804}. Best is trial 1 with value: 4.639319896697998.
LOCAL_RANK: 0 - CUDA_VISIBLE_DEVICES: [0]
[I 2023-11-30 02:14:04,231] Trial 4 finished with value: 4.563722133636475 and parameters: {'gradient_clip_val': 0.12870508080225104, 'hidden_size': 57, 'dropout': 0.315425739935561, 'hidden_continuous_size': 24, 'attention_head_size': 3, 'learning_rate': 0.0032788425940517953}. Best is trial 4 with value: 4.563722133636475.
LOCAL_RANK: 0 - CUDA_VISIBLE_DEVICES: [0]
[I 2023-11-30 02:14:16,798] Trial 5 finished with value: 3.0517737865448 and parameters: {'gradient_clip_val': 0.5301698377921911, 'hidden_size': 30, 'dropout': 0.34351776895628594, 'hidden_continuous_size': 22, 'attention_head_size': 3, 'learning_rate': 0.02414106992326857}. Best is trial 5 with value: 3.0517737865448.
LOCAL_RANK: 0 - CUDA_VISIBLE_DEVICES: [0]
[I 2023-11-30 02:14:29,722] Trial 6 finished with value: 5.8573317527771 and parameters: {'gradient_clip_val': 0.8565010284960106, 'hidden_size': 42, 'dropout': 0.3221287574679522, 'hidden_continuous_size': 31, 'attention_head_size': 2, 'learning_rate': 0.0018923770042854637}. Best is trial 5 with value: 3.0517737865448.
LOCAL_RANK: 0 - CUDA_VISIBLE_DEVICES: [0]
[I 2023-11-30 02:14:41,963] Trial 7 finished with value: 3.6352388858795166 and parameters: {'gradient_clip_val': 0.25750389208709235, 'hidden_size': 33, 'dropout': 0.25373382263757194, 'hidden_continuous_size': 10, 'attention_head_size': 1, 'learning_rate': 0.010744319535098967}. Best is trial 5 with value: 3.0517737865448.
LOCAL_RANK: 0 - CUDA_VISIBLE_DEVICES: [0]
[I 2023-11-30 02:14:54,012] Trial 8 finished with value: 9.6254243850708 and parameters: {'gradient_clip_val': 0.1837558222191896, 'hidden_size': 13, 'dropout': 0.3250077425842354, 'hidden_continuous_size': 11, 'attention_head_size': 3, 'learning_rate': 0.0022375076946623417}. Best is trial 5 with value: 3.0517737865448.
LOCAL_RANK: 0 - CUDA_VISIBLE_DEVICES: [0]
[I 2023-11-30 02:15:08,316] Trial 9 finished with value: 4.180100917816162 and parameters: {'gradient_clip_val': 0.5392913713120648, 'hidden_size': 118, 'dropout': 0.22879004028963368, 'hidden_continuous_size': 67, 'attention_head_size': 4, 'learning_rate': 0.00348135498620516}. Best is trial 5 with value: 3.0517737865448.
LOCAL_RANK: 0 - CUDA_VISIBLE_DEVICES: [0]
[I 2023-11-30 02:15:20,467] Trial 10 finished with value: 3.850741147994995 and parameters: {'gradient_clip_val': 0.4235832058147583, 'hidden_size': 18, 'dropout': 0.3984111385914921, 'hidden_continuous_size': 12, 'attention_head_size': 1, 'learning_rate': 0.09264328055303403}. Best is trial 5 with value: 3.0517737865448.
LOCAL_RANK: 0 - CUDA_VISIBLE_DEVICES: [0]
[I 2023-11-30 02:15:32,912] Trial 11 finished with value: 4.041572570800781 and parameters: {'gradient_clip_val': 0.26924796123248623, 'hidden_size': 34, 'dropout': 0.27597982407310506, 'hidden_continuous_size': 15, 'attention_head_size': 1, 'learning_rate': 0.01695962979955134}. Best is trial 5 with value: 3.0517737865448.
LOCAL_RANK: 0 - CUDA_VISIBLE_DEVICES: [0]
[I 2023-11-30 02:15:45,669] Trial 12 finished with value: 5.046227931976318 and parameters: {'gradient_clip_val': 0.580308825273148, 'hidden_size': 43, 'dropout': 0.3555453576981305, 'hidden_continuous_size': 17, 'attention_head_size': 1, 'learning_rate': 0.01723417615021283}. Best is trial 5 with value: 3.0517737865448.
LOCAL_RANK: 0 - CUDA_VISIBLE_DEVICES: [0]
[I 2023-11-30 02:15:57,889] Trial 13 finished with value: 4.577756404876709 and parameters: {'gradient_clip_val': 0.2986074158807002, 'hidden_size': 21, 'dropout': 0.26084971983654187, 'hidden_continuous_size': 10, 'attention_head_size': 3, 'learning_rate': 0.01018508187677095}. Best is trial 5 with value: 3.0517737865448.
LOCAL_RANK: 0 - CUDA_VISIBLE_DEVICES: [0]
[I 2023-11-30 02:16:10,103] Trial 14 finished with value: 3.4912631511688232 and parameters: {'gradient_clip_val': 0.20857346661705067, 'hidden_size': 30, 'dropout': 0.39374791553472555, 'hidden_continuous_size': 12, 'attention_head_size': 2, 'learning_rate': 0.03155299009386413}. Best is trial 5 with value: 3.0517737865448.
LOCAL_RANK: 0 - CUDA_VISIBLE_DEVICES: [0]
[I 2023-11-30 02:16:22,261] Trial 15 finished with value: 4.470982074737549 and parameters: {'gradient_clip_val': 0.19446935899441142, 'hidden_size': 19, 'dropout': 0.3982235079158728, 'hidden_continuous_size': 12, 'attention_head_size': 2, 'learning_rate': 0.03565669432888791}. Best is trial 5 with value: 3.0517737865448.
LOCAL_RANK: 0 - CUDA_VISIBLE_DEVICES: [0]
[I 2023-11-30 02:16:35,642] Trial 16 finished with value: 4.4711222648620605 and parameters: {'gradient_clip_val': 0.3604980317959984, 'hidden_size': 54, 'dropout': 0.372508575354483, 'hidden_continuous_size': 22, 'attention_head_size': 4, 'learning_rate': 0.040716510247850966}. Best is trial 5 with value: 3.0517737865448.
LOCAL_RANK: 0 - CUDA_VISIBLE_DEVICES: [0]
[I 2023-11-30 02:16:47,848] Trial 17 finished with value: 2.94661808013916 and parameters: {'gradient_clip_val': 0.10721594094930612, 'hidden_size': 28, 'dropout': 0.3558929016382934, 'hidden_continuous_size': 14, 'attention_head_size': 3, 'learning_rate': 0.02522540678684542}. Best is trial 17 with value: 2.94661808013916.
LOCAL_RANK: 0 - CUDA_VISIBLE_DEVICES: [0]
[I 2023-11-30 02:16:59,925] Trial 18 finished with value: 4.218302249908447 and parameters: {'gradient_clip_val': 0.15763117075179495, 'hidden_size': 24, 'dropout': 0.35103180287236657, 'hidden_continuous_size': 14, 'attention_head_size': 3, 'learning_rate': 0.09753676353967977}. Best is trial 17 with value: 2.94661808013916.
LOCAL_RANK: 0 - CUDA_VISIBLE_DEVICES: [0]
[I 2023-11-30 02:17:12,259] Trial 19 finished with value: 4.746430397033691 and parameters: {'gradient_clip_val': 0.12147179895619137, 'hidden_size': 17, 'dropout': 0.30509447583598126, 'hidden_continuous_size': 11, 'attention_head_size': 4, 'learning_rate': 0.022573329017222574}. Best is trial 17 with value: 2.94661808013916.
LOCAL_RANK: 0 - CUDA_VISIBLE_DEVICES: [0]
[I 2023-11-30 02:17:24,581] Trial 20 finished with value: 4.054802417755127 and parameters: {'gradient_clip_val': 0.16394661817832412, 'hidden_size': 15, 'dropout': 0.3569589725770131, 'hidden_continuous_size': 11, 'attention_head_size': 3, 'learning_rate': 0.05740867730843268}. Best is trial 17 with value: 2.94661808013916.
LOCAL_RANK: 0 - CUDA_VISIBLE_DEVICES: [0]
[I 2023-11-30 02:17:36,851] Trial 21 finished with value: 5.055272579193115 and parameters: {'gradient_clip_val': 0.10521480348019449, 'hidden_size': 27, 'dropout': 0.3758890950555712, 'hidden_continuous_size': 13, 'attention_head_size': 2, 'learning_rate': 0.028023135449166063}. Best is trial 17 with value: 2.94661808013916.
LOCAL_RANK: 0 - CUDA_VISIBLE_DEVICES: [0]
[I 2023-11-30 02:17:49,236] Trial 22 finished with value: 3.370197296142578 and parameters: {'gradient_clip_val': 0.1046280555273737, 'hidden_size': 30, 'dropout': 0.39516734438041257, 'hidden_continuous_size': 16, 'attention_head_size': 3, 'learning_rate': 0.028294190911527888}. Best is trial 17 with value: 2.94661808013916.
LOCAL_RANK: 0 - CUDA_VISIBLE_DEVICES: [0]
[I 2023-11-30 02:18:01,877] Trial 23 finished with value: 3.684894323348999 and parameters: {'gradient_clip_val': 0.10844170942278604, 'hidden_size': 35, 'dropout': 0.35150287427035765, 'hidden_continuous_size': 16, 'attention_head_size': 3, 'learning_rate': 0.02000829584928108}. Best is trial 17 with value: 2.94661808013916.
LOCAL_RANK: 0 - CUDA_VISIBLE_DEVICES: [0]
[I 2023-11-30 02:18:14,185] Trial 24 finished with value: 4.904886722564697 and parameters: {'gradient_clip_val': 0.10112922650006959, 'hidden_size': 23, 'dropout': 0.3405617830489513, 'hidden_continuous_size': 14, 'attention_head_size': 3, 'learning_rate': 0.013399279516348705}. Best is trial 17 with value: 2.94661808013916.
LOCAL_RANK: 0 - CUDA_VISIBLE_DEVICES: [0]
[I 2023-11-30 02:18:26,736] Trial 25 finished with value: 4.041802406311035 and parameters: {'gradient_clip_val': 0.13413241238334309, 'hidden_size': 27, 'dropout': 0.37835636781525284, 'hidden_continuous_size': 16, 'attention_head_size': 4, 'learning_rate': 0.026658371456443987}. Best is trial 17 with value: 2.94661808013916.
LOCAL_RANK: 0 - CUDA_VISIBLE_DEVICES: [0]
[I 2023-11-30 02:18:39,359] Trial 26 finished with value: 7.196781158447266 and parameters: {'gradient_clip_val': 0.17418116275635237, 'hidden_size': 44, 'dropout': 0.29509880477284545, 'hidden_continuous_size': 19, 'attention_head_size': 3, 'learning_rate': 0.06125799933942211}. Best is trial 17 with value: 2.94661808013916.
LOCAL_RANK: 0 - CUDA_VISIBLE_DEVICES: [0]
[I 2023-11-30 02:18:52,091] Trial 27 finished with value: 4.6485724449157715 and parameters: {'gradient_clip_val': 0.21630051344289045, 'hidden_size': 38, 'dropout': 0.3327149087141444, 'hidden_continuous_size': 17, 'attention_head_size': 3, 'learning_rate': 0.02364090179602138}. Best is trial 17 with value: 2.94661808013916.
LOCAL_RANK: 0 - CUDA_VISIBLE_DEVICES: [0]
[I 2023-11-30 02:19:04,333] Trial 28 finished with value: 5.621120452880859 and parameters: {'gradient_clip_val': 0.14611398336013456, 'hidden_size': 28, 'dropout': 0.37176591099697254, 'hidden_continuous_size': 15, 'attention_head_size': 4, 'learning_rate': 0.006814258724468034}. Best is trial 17 with value: 2.94661808013916.
LOCAL_RANK: 0 - CUDA_VISIBLE_DEVICES: [0]
[I 2023-11-30 02:19:14,633] Trial 29 finished with value: 3.85253643989563 and parameters: {'gradient_clip_val': 0.1159211955227677, 'hidden_size': 10, 'dropout': 0.29034525758177704, 'hidden_continuous_size': 10, 'attention_head_size': 3, 'learning_rate': 0.031238970893894394}. Best is trial 17 with value: 2.94661808013916.
LOCAL_RANK: 0 - CUDA_VISIBLE_DEVICES: [0]
[I 2023-11-30 02:19:27,024] Trial 30 finished with value: 4.1237921714782715 and parameters: {'gradient_clip_val': 0.13150833038713178, 'hidden_size': 22, 'dropout': 0.33394618880240906, 'hidden_continuous_size': 13, 'attention_head_size': 2, 'learning_rate': 0.014913005012891724}. Best is trial 17 with value: 2.94661808013916.
LOCAL_RANK: 0 - CUDA_VISIBLE_DEVICES: [0]
[I 2023-11-30 02:19:39,431] Trial 31 finished with value: 4.064779281616211 and parameters: {'gradient_clip_val': 0.22223272646059164, 'hidden_size': 31, 'dropout': 0.3956224687849756, 'hidden_continuous_size': 13, 'attention_head_size': 2, 'learning_rate': 0.03431146864750423}. Best is trial 17 with value: 2.94661808013916.
LOCAL_RANK: 0 - CUDA_VISIBLE_DEVICES: [0]
[I 2023-11-30 02:19:51,856] Trial 32 finished with value: 4.193142414093018 and parameters: {'gradient_clip_val': 0.10319698272847593, 'hidden_size': 32, 'dropout': 0.38146574239788955, 'hidden_continuous_size': 15, 'attention_head_size': 2, 'learning_rate': 0.04666186974381874}. Best is trial 17 with value: 2.94661808013916.
LOCAL_RANK: 0 - CUDA_VISIBLE_DEVICES: [0]
[I 2023-11-30 02:20:04,120] Trial 33 finished with value: 3.128305196762085 and parameters: {'gradient_clip_val': 0.15524564858859874, 'hidden_size': 26, 'dropout': 0.3609540244095972, 'hidden_continuous_size': 12, 'attention_head_size': 3, 'learning_rate': 0.01986473096979656}. Best is trial 17 with value: 2.94661808013916.
LOCAL_RANK: 0 - CUDA_VISIBLE_DEVICES: [0]
[I 2023-11-30 02:20:16,086] Trial 34 finished with value: 3.3497936725616455 and parameters: {'gradient_clip_val': 0.11975172687414035, 'hidden_size': 24, 'dropout': 0.3622665216810453, 'hidden_continuous_size': 14, 'attention_head_size': 3, 'learning_rate': 0.021378558888109134}. Best is trial 17 with value: 2.94661808013916.
LOCAL_RANK: 0 - CUDA_VISIBLE_DEVICES: [0]
[I 2023-11-30 02:20:28,382] Trial 35 finished with value: 3.9476821422576904 and parameters: {'gradient_clip_val': 0.14033851796979424, 'hidden_size': 25, 'dropout': 0.30584292475046043, 'hidden_continuous_size': 14, 'attention_head_size': 3, 'learning_rate': 0.021334067138730733}. Best is trial 17 with value: 2.94661808013916.
LOCAL_RANK: 0 - CUDA_VISIBLE_DEVICES: [0]
[I 2023-11-30 02:20:40,687] Trial 36 finished with value: 4.685460090637207 and parameters: {'gradient_clip_val': 0.12028399571646806, 'hidden_size': 22, 'dropout': 0.3451362032917362, 'hidden_continuous_size': 13, 'attention_head_size': 3, 'learning_rate': 0.013227918499763142}. Best is trial 17 with value: 2.94661808013916.
LOCAL_RANK: 0 - CUDA_VISIBLE_DEVICES: [0]
[I 2023-11-30 02:20:52,885] Trial 37 finished with value: 3.4852676391601562 and parameters: {'gradient_clip_val': 0.14675084161256358, 'hidden_size': 19, 'dropout': 0.3164571250202433, 'hidden_continuous_size': 12, 'attention_head_size': 3, 'learning_rate': 0.01903593912968425}. Best is trial 17 with value: 2.94661808013916.
LOCAL_RANK: 0 - CUDA_VISIBLE_DEVICES: [0]
[I 2023-11-30 02:21:05,096] Trial 38 finished with value: 4.688758850097656 and parameters: {'gradient_clip_val': 0.18503915906792467, 'hidden_size': 25, 'dropout': 0.3620286432357186, 'hidden_continuous_size': 14, 'attention_head_size': 4, 'learning_rate': 0.012399457311833735}. Best is trial 17 with value: 2.94661808013916.
LOCAL_RANK: 0 - CUDA_VISIBLE_DEVICES: [0]
[I 2023-11-30 02:21:17,636] Trial 39 finished with value: 4.0929460525512695 and parameters: {'gradient_clip_val': 0.12115316074234336, 'hidden_size': 36, 'dropout': 0.3302537384482135, 'hidden_continuous_size': 21, 'attention_head_size': 3, 'learning_rate': 0.007797958564956052}. Best is trial 17 with value: 2.94661808013916.
LOCAL_RANK: 0 - CUDA_VISIBLE_DEVICES: [0]
[I 2023-11-30 02:21:30,765] Trial 40 finished with value: 3.3312904834747314 and parameters: {'gradient_clip_val': 0.16298427861241815, 'hidden_size': 50, 'dropout': 0.364487962527391, 'hidden_continuous_size': 26, 'attention_head_size': 4, 'learning_rate': 0.016129670171388562}. Best is trial 17 with value: 2.94661808013916.
LOCAL_RANK: 0 - CUDA_VISIBLE_DEVICES: [0]
[I 2023-11-30 02:21:43,992] Trial 41 finished with value: 3.613809585571289 and parameters: {'gradient_clip_val': 0.16162656479270474, 'hidden_size': 52, 'dropout': 0.3595352436550471, 'hidden_continuous_size': 26, 'attention_head_size': 4, 'learning_rate': 0.01610212932631817}. Best is trial 17 with value: 2.94661808013916.
LOCAL_RANK: 0 - CUDA_VISIBLE_DEVICES: [0]
[I 2023-11-30 02:21:57,533] Trial 42 finished with value: 3.283205270767212 and parameters: {'gradient_clip_val': 0.1362208098528903, 'hidden_size': 65, 'dropout': 0.3435260896885728, 'hidden_continuous_size': 28, 'attention_head_size': 4, 'learning_rate': 0.023340050341846882}. Best is trial 17 with value: 2.94661808013916.
LOCAL_RANK: 0 - CUDA_VISIBLE_DEVICES: [0]
[I 2023-11-30 02:22:11,237] Trial 43 finished with value: 3.818622589111328 and parameters: {'gradient_clip_val': 0.23920844443984624, 'hidden_size': 74, 'dropout': 0.3399539323554504, 'hidden_continuous_size': 33, 'attention_head_size': 4, 'learning_rate': 0.010945342061986682}. Best is trial 17 with value: 2.94661808013916.
LOCAL_RANK: 0 - CUDA_VISIBLE_DEVICES: [0]
