[I 2023-11-30 05:12:22,686] Trial 52 finished with value: 11.572662353515625 and parameters: {'gradient_clip_val': 0.46190296700841305, 'hidden_size': 42, 'dropout': 0.29491239833213245, 'hidden_continuous_size': 17, 'attention_head_size': 4, 'learning_rate': 0.03476310912645732}. Best is trial 31 with value: 10.702590942382812.
LOCAL_RANK: 0 - CUDA_VISIBLE_DEVICES: [0]
[I 2023-11-30 05:12:35,429] Trial 53 finished with value: 12.272055625915527 and parameters: {'gradient_clip_val': 0.5474382235069588, 'hidden_size': 30, 'dropout': 0.28866076479319036, 'hidden_continuous_size': 15, 'attention_head_size': 4, 'learning_rate': 0.08386670031277085}. Best is trial 31 with value: 10.702590942382812.
LOCAL_RANK: 0 - CUDA_VISIBLE_DEVICES: [0]
[I 2023-11-30 05:12:48,187] Trial 54 finished with value: 11.580897331237793 and parameters: {'gradient_clip_val': 0.3921656154143191, 'hidden_size': 37, 'dropout': 0.2536507416665783, 'hidden_continuous_size': 21, 'attention_head_size': 4, 'learning_rate': 0.060021770129301634}. Best is trial 31 with value: 10.702590942382812.
LOCAL_RANK: 0 - CUDA_VISIBLE_DEVICES: [0]
[I 2023-11-30 05:13:00,579] Trial 55 finished with value: 12.718411445617676 and parameters: {'gradient_clip_val': 0.35092617149147237, 'hidden_size': 30, 'dropout': 0.2720719127735455, 'hidden_continuous_size': 16, 'attention_head_size': 4, 'learning_rate': 0.04751215560367154}. Best is trial 31 with value: 10.702590942382812.
LOCAL_RANK: 0 - CUDA_VISIBLE_DEVICES: [0]
[I 2023-11-30 05:13:13,124] Trial 56 finished with value: 12.478384971618652 and parameters: {'gradient_clip_val': 0.43441447985749043, 'hidden_size': 48, 'dropout': 0.30260626589084366, 'hidden_continuous_size': 13, 'attention_head_size': 3, 'learning_rate': 0.02735106076193664}. Best is trial 31 with value: 10.702590942382812.
LOCAL_RANK: 0 - CUDA_VISIBLE_DEVICES: [0]
[I 2023-11-30 05:13:25,783] Trial 57 finished with value: 11.933255195617676 and parameters: {'gradient_clip_val': 0.4928185513149088, 'hidden_size': 36, 'dropout': 0.28816719327734586, 'hidden_continuous_size': 18, 'attention_head_size': 4, 'learning_rate': 0.0663882293130857}. Best is trial 31 with value: 10.702590942382812.
LOCAL_RANK: 0 - CUDA_VISIBLE_DEVICES: [0]
[I 2023-11-30 05:13:38,630] Trial 58 finished with value: 13.407986640930176 and parameters: {'gradient_clip_val': 0.3175658181516618, 'hidden_size': 42, 'dropout': 0.3276276716565334, 'hidden_continuous_size': 15, 'attention_head_size': 3, 'learning_rate': 0.08627060014395088}. Best is trial 31 with value: 10.702590942382812.
LOCAL_RANK: 0 - CUDA_VISIBLE_DEVICES: [0]
[I 2023-11-30 05:13:51,058] Trial 59 finished with value: 11.703526496887207 and parameters: {'gradient_clip_val': 0.3757424905147085, 'hidden_size': 25, 'dropout': 0.2502296368446322, 'hidden_continuous_size': 17, 'attention_head_size': 4, 'learning_rate': 0.03948996796367708}. Best is trial 31 with value: 10.702590942382812.
LOCAL_RANK: 0 - CUDA_VISIBLE_DEVICES: [0]
[I 2023-11-30 05:14:03,917] Trial 60 finished with value: 12.395983695983887 and parameters: {'gradient_clip_val': 0.24072388512027207, 'hidden_size': 56, 'dropout': 0.30385098231080715, 'hidden_continuous_size': 12, 'attention_head_size': 4, 'learning_rate': 0.06663948471138677}. Best is trial 31 with value: 10.702590942382812.
LOCAL_RANK: 0 - CUDA_VISIBLE_DEVICES: [0]
[I 2023-11-30 05:14:16,621] Trial 61 finished with value: 10.650982856750488 and parameters: {'gradient_clip_val': 0.40812552979674305, 'hidden_size': 40, 'dropout': 0.26460964676637755, 'hidden_continuous_size': 18, 'attention_head_size': 4, 'learning_rate': 0.07654012553795445}. Best is trial 61 with value: 10.650982856750488.
LOCAL_RANK: 0 - CUDA_VISIBLE_DEVICES: [0]
[I 2023-11-30 05:14:29,533] Trial 62 finished with value: 11.83836841583252 and parameters: {'gradient_clip_val': 0.4113373220643431, 'hidden_size': 39, 'dropout': 0.26635531999374107, 'hidden_continuous_size': 19, 'attention_head_size': 4, 'learning_rate': 0.09943514795722967}. Best is trial 61 with value: 10.650982856750488.
LOCAL_RANK: 0 - CUDA_VISIBLE_DEVICES: [0]
[I 2023-11-30 05:14:42,556] Trial 63 finished with value: 11.923751831054688 and parameters: {'gradient_clip_val': 0.5499834431859618, 'hidden_size': 52, 'dropout': 0.2785484812187799, 'hidden_continuous_size': 14, 'attention_head_size': 4, 'learning_rate': 0.05140777636796045}. Best is trial 61 with value: 10.650982856750488.
LOCAL_RANK: 0 - CUDA_VISIBLE_DEVICES: [0]
[I 2023-11-30 05:14:55,491] Trial 64 finished with value: 11.035602569580078 and parameters: {'gradient_clip_val': 0.4613496683261719, 'hidden_size': 34, 'dropout': 0.3107638714005997, 'hidden_continuous_size': 17, 'attention_head_size': 4, 'learning_rate': 0.0695056670076422}. Best is trial 61 with value: 10.650982856750488.
LOCAL_RANK: 0 - CUDA_VISIBLE_DEVICES: [0]
[I 2023-11-30 05:15:08,206] Trial 65 finished with value: 10.826947212219238 and parameters: {'gradient_clip_val': 0.4536402611936649, 'hidden_size': 34, 'dropout': 0.3105510499981452, 'hidden_continuous_size': 17, 'attention_head_size': 4, 'learning_rate': 0.07179884894196517}. Best is trial 61 with value: 10.650982856750488.
LOCAL_RANK: 0 - CUDA_VISIBLE_DEVICES: [0]
[I 2023-11-30 05:15:20,512] Trial 66 finished with value: 12.837936401367188 and parameters: {'gradient_clip_val': 0.3568987127330531, 'hidden_size': 24, 'dropout': 0.3227488220536473, 'hidden_continuous_size': 18, 'attention_head_size': 4, 'learning_rate': 0.07614460351470344}. Best is trial 61 with value: 10.650982856750488.
LOCAL_RANK: 0 - CUDA_VISIBLE_DEVICES: [0]
[I 2023-11-30 05:15:32,991] Trial 67 finished with value: 11.731605529785156 and parameters: {'gradient_clip_val': 0.4965739961739054, 'hidden_size': 34, 'dropout': 0.2893609987832335, 'hidden_continuous_size': 20, 'attention_head_size': 1, 'learning_rate': 0.08657839585112523}. Best is trial 61 with value: 10.650982856750488.
LOCAL_RANK: 0 - CUDA_VISIBLE_DEVICES: [0]
[I 2023-11-30 05:15:45,693] Trial 68 finished with value: 12.485796928405762 and parameters: {'gradient_clip_val': 0.5742148586924724, 'hidden_size': 30, 'dropout': 0.3438835588464266, 'hidden_continuous_size': 18, 'attention_head_size': 3, 'learning_rate': 0.05972902104004652}. Best is trial 61 with value: 10.650982856750488.
LOCAL_RANK: 0 - CUDA_VISIBLE_DEVICES: [0]
[I 2023-11-30 05:15:58,024] Trial 69 finished with value: 11.422184944152832 and parameters: {'gradient_clip_val': 0.668068410300612, 'hidden_size': 28, 'dropout': 0.24597224946688528, 'hidden_continuous_size': 17, 'attention_head_size': 4, 'learning_rate': 0.04470884710738593}. Best is trial 61 with value: 10.650982856750488.
LOCAL_RANK: 0 - CUDA_VISIBLE_DEVICES: [0]
[I 2023-11-30 05:16:10,527] Trial 70 finished with value: 11.949180603027344 and parameters: {'gradient_clip_val': 0.5232692955351494, 'hidden_size': 32, 'dropout': 0.25931638375347166, 'hidden_continuous_size': 19, 'attention_head_size': 4, 'learning_rate': 0.05151410846823821}. Best is trial 61 with value: 10.650982856750488.
LOCAL_RANK: 0 - CUDA_VISIBLE_DEVICES: [0]
[I 2023-11-30 05:16:23,291] Trial 71 finished with value: 11.482382774353027 and parameters: {'gradient_clip_val': 0.457626670393862, 'hidden_size': 35, 'dropout': 0.3068912133023555, 'hidden_continuous_size': 17, 'attention_head_size': 4, 'learning_rate': 0.06852186917266695}. Best is trial 61 with value: 10.650982856750488.
LOCAL_RANK: 0 - CUDA_VISIBLE_DEVICES: [0]
[I 2023-11-30 05:16:36,234] Trial 72 finished with value: 12.726462364196777 and parameters: {'gradient_clip_val': 0.4753044357717978, 'hidden_size': 38, 'dropout': 0.2928734326680282, 'hidden_continuous_size': 20, 'attention_head_size': 4, 'learning_rate': 0.07375245889256293}. Best is trial 61 with value: 10.650982856750488.
LOCAL_RANK: 0 - CUDA_VISIBLE_DEVICES: [0]
[I 2023-11-30 05:16:48,746] Trial 73 finished with value: 11.172228813171387 and parameters: {'gradient_clip_val': 0.3969868093409586, 'hidden_size': 28, 'dropout': 0.31459005779281474, 'hidden_continuous_size': 16, 'attention_head_size': 4, 'learning_rate': 0.09070651567952298}. Best is trial 61 with value: 10.650982856750488.
LOCAL_RANK: 0 - CUDA_VISIBLE_DEVICES: [0]
[I 2023-11-30 05:17:01,676] Trial 74 finished with value: 12.65058422088623 and parameters: {'gradient_clip_val': 0.36488771570023465, 'hidden_size': 44, 'dropout': 0.325761525826205, 'hidden_continuous_size': 22, 'attention_head_size': 4, 'learning_rate': 0.06248407036493257}. Best is trial 61 with value: 10.650982856750488.
LOCAL_RANK: 0 - CUDA_VISIBLE_DEVICES: [0]
[I 2023-11-30 05:17:14,442] Trial 75 finished with value: 12.9414701461792 and parameters: {'gradient_clip_val': 0.4417039992308099, 'hidden_size': 33, 'dropout': 0.3088555676011529, 'hidden_continuous_size': 19, 'attention_head_size': 4, 'learning_rate': 0.05309726875479781}. Best is trial 61 with value: 10.650982856750488.
LOCAL_RANK: 0 - CUDA_VISIBLE_DEVICES: [0]
[I 2023-11-30 05:17:27,237] Trial 76 finished with value: 12.586312294006348 and parameters: {'gradient_clip_val': 0.39992465692298246, 'hidden_size': 37, 'dropout': 0.2811039374692765, 'hidden_continuous_size': 18, 'attention_head_size': 4, 'learning_rate': 0.09972660982414946}. Best is trial 61 with value: 10.650982856750488.
LOCAL_RANK: 0 - CUDA_VISIBLE_DEVICES: [0]
[I 2023-11-30 05:17:39,950] Trial 77 finished with value: 13.971592903137207 and parameters: {'gradient_clip_val': 0.5720655180109467, 'hidden_size': 44, 'dropout': 0.29603626020402474, 'hidden_continuous_size': 21, 'attention_head_size': 4, 'learning_rate': 0.07114991109494848}. Best is trial 61 with value: 10.650982856750488.
LOCAL_RANK: 0 - CUDA_VISIBLE_DEVICES: [0]
[I 2023-11-30 05:17:53,133] Trial 78 finished with value: 11.246003150939941 and parameters: {'gradient_clip_val': 0.527270509587682, 'hidden_size': 50, 'dropout': 0.33810014351227563, 'hidden_continuous_size': 15, 'attention_head_size': 4, 'learning_rate': 0.04294389863412116}. Best is trial 61 with value: 10.650982856750488.
LOCAL_RANK: 0 - CUDA_VISIBLE_DEVICES: [0]
[I 2023-11-30 05:18:06,512] Trial 79 finished with value: 13.725457191467285 and parameters: {'gradient_clip_val': 0.48122288892588755, 'hidden_size': 63, 'dropout': 0.3187841066837987, 'hidden_continuous_size': 25, 'attention_head_size': 2, 'learning_rate': 0.06590100338235816}. Best is trial 61 with value: 10.650982856750488.
LOCAL_RANK: 0 - CUDA_VISIBLE_DEVICES: [0]
[I 2023-11-30 05:18:19,365] Trial 80 finished with value: 12.82990550994873 and parameters: {'gradient_clip_val': 0.4580354604550581, 'hidden_size': 40, 'dropout': 0.27427774521894355, 'hidden_continuous_size': 21, 'attention_head_size': 4, 'learning_rate': 0.08179800837561683}. Best is trial 61 with value: 10.650982856750488.
LOCAL_RANK: 0 - CUDA_VISIBLE_DEVICES: [0]
[I 2023-11-30 05:18:32,034] Trial 81 finished with value: 11.052998542785645 and parameters: {'gradient_clip_val': 0.4139740616672471, 'hidden_size': 35, 'dropout': 0.302572148529282, 'hidden_continuous_size': 17, 'attention_head_size': 4, 'learning_rate': 0.0351063636589192}. Best is trial 61 with value: 10.650982856750488.
LOCAL_RANK: 0 - CUDA_VISIBLE_DEVICES: [0]
[I 2023-11-30 05:18:44,456] Trial 82 finished with value: 12.0270414352417 and parameters: {'gradient_clip_val': 0.4357308505441962, 'hidden_size': 40, 'dropout': 0.3119941453962747, 'hidden_continuous_size': 16, 'attention_head_size': 4, 'learning_rate': 0.04705036909002832}. Best is trial 61 with value: 10.650982856750488.
LOCAL_RANK: 0 - CUDA_VISIBLE_DEVICES: [0]
[I 2023-11-30 05:18:57,072] Trial 83 finished with value: 12.768946647644043 and parameters: {'gradient_clip_val': 0.3755561645545485, 'hidden_size': 32, 'dropout': 0.29743571293460125, 'hidden_continuous_size': 16, 'attention_head_size': 4, 'learning_rate': 0.056113703004655326}. Best is trial 61 with value: 10.650982856750488.
LOCAL_RANK: 0 - CUDA_VISIBLE_DEVICES: [0]
[I 2023-11-30 05:19:10,022] Trial 84 finished with value: 11.79029369354248 and parameters: {'gradient_clip_val': 0.5006393489897477, 'hidden_size': 56, 'dropout': 0.28321196676839366, 'hidden_continuous_size': 14, 'attention_head_size': 4, 'learning_rate': 0.03933741326476919}. Best is trial 61 with value: 10.650982856750488.
LOCAL_RANK: 0 - CUDA_VISIBLE_DEVICES: [0]
[I 2023-11-30 05:19:23,026] Trial 85 finished with value: 13.483291625976562 and parameters: {'gradient_clip_val': 0.6158711017293921, 'hidden_size': 46, 'dropout': 0.26446874166747436, 'hidden_continuous_size': 15, 'attention_head_size': 4, 'learning_rate': 0.07825302231362508}. Best is trial 61 with value: 10.650982856750488.
LOCAL_RANK: 0 - CUDA_VISIBLE_DEVICES: [0]
[I 2023-11-30 05:19:36,079] Trial 86 finished with value: 13.3378324508667 and parameters: {'gradient_clip_val': 0.34189447010134716, 'hidden_size': 50, 'dropout': 0.32178695052121176, 'hidden_continuous_size': 23, 'attention_head_size': 4, 'learning_rate': 0.04937702983190098}. Best is trial 61 with value: 10.650982856750488.
LOCAL_RANK: 0 - CUDA_VISIBLE_DEVICES: [0]
[I 2023-11-30 05:19:48,751] Trial 87 finished with value: 12.42572021484375 and parameters: {'gradient_clip_val': 0.3946424824923019, 'hidden_size': 35, 'dropout': 0.2856412445584828, 'hidden_continuous_size': 17, 'attention_head_size': 4, 'learning_rate': 0.061552632528043764}. Best is trial 61 with value: 10.650982856750488.
LOCAL_RANK: 0 - CUDA_VISIBLE_DEVICES: [0]
[I 2023-11-30 05:20:01,783] Trial 88 finished with value: 11.129971504211426 and parameters: {'gradient_clip_val': 0.438854748477148, 'hidden_size': 41, 'dropout': 0.3084671674094867, 'hidden_continuous_size': 19, 'attention_head_size': 4, 'learning_rate': 0.0897667673350643}. Best is trial 61 with value: 10.650982856750488.
LOCAL_RANK: 0 - CUDA_VISIBLE_DEVICES: [0]
[I 2023-11-30 05:20:14,357] Trial 89 finished with value: 12.926312446594238 and parameters: {'gradient_clip_val': 0.5184329636022511, 'hidden_size': 29, 'dropout': 0.26850021650782824, 'hidden_continuous_size': 16, 'attention_head_size': 4, 'learning_rate': 0.03239044317866084}. Best is trial 61 with value: 10.650982856750488.
LOCAL_RANK: 0 - CUDA_VISIBLE_DEVICES: [0]
[I 2023-11-30 05:20:27,087] Trial 90 finished with value: 10.986536979675293 and parameters: {'gradient_clip_val': 0.5510746030369724, 'hidden_size': 33, 'dropout': 0.278312529626131, 'hidden_continuous_size': 18, 'attention_head_size': 4, 'learning_rate': 0.05686103989883227}. Best is trial 61 with value: 10.650982856750488.
LOCAL_RANK: 0 - CUDA_VISIBLE_DEVICES: [0]
[I 2023-11-30 05:20:39,662] Trial 91 finished with value: 12.0587158203125 and parameters: {'gradient_clip_val': 0.5588429379041965, 'hidden_size': 33, 'dropout': 0.2744565613906693, 'hidden_continuous_size': 18, 'attention_head_size': 4, 'learning_rate': 0.043063499665493055}. Best is trial 61 with value: 10.650982856750488.
LOCAL_RANK: 0 - CUDA_VISIBLE_DEVICES: [0]
[I 2023-11-30 05:20:52,235] Trial 92 finished with value: 12.073474884033203 and parameters: {'gradient_clip_val': 0.46795433701474193, 'hidden_size': 31, 'dropout': 0.2954880174862696, 'hidden_continuous_size': 17, 'attention_head_size': 4, 'learning_rate': 0.05367023276986752}. Best is trial 61 with value: 10.650982856750488.
LOCAL_RANK: 0 - CUDA_VISIBLE_DEVICES: [0]
[I 2023-11-30 05:21:05,256] Trial 93 finished with value: 11.324073791503906 and parameters: {'gradient_clip_val': 0.4238038944280859, 'hidden_size': 37, 'dropout': 0.28721657713496995, 'hidden_continuous_size': 20, 'attention_head_size': 4, 'learning_rate': 0.06844005692304517}. Best is trial 61 with value: 10.650982856750488.
LOCAL_RANK: 0 - CUDA_VISIBLE_DEVICES: [0]
[I 2023-11-30 05:21:18,125] Trial 94 finished with value: 11.430862426757812 and parameters: {'gradient_clip_val': 0.5411677820515408, 'hidden_size': 43, 'dropout': 0.2578964967419008, 'hidden_continuous_size': 19, 'attention_head_size': 4, 'learning_rate': 0.06036722600788256}. Best is trial 61 with value: 10.650982856750488.
LOCAL_RANK: 0 - CUDA_VISIBLE_DEVICES: [0]
[I 2023-11-30 05:21:30,853] Trial 95 finished with value: 13.823018074035645 and parameters: {'gradient_clip_val': 0.48833834210169635, 'hidden_size': 40, 'dropout': 0.2781309911622791, 'hidden_continuous_size': 18, 'attention_head_size': 4, 'learning_rate': 0.07460750206250338}. Best is trial 61 with value: 10.650982856750488.
LOCAL_RANK: 0 - CUDA_VISIBLE_DEVICES: [0]
[I 2023-11-30 05:21:43,484] Trial 96 finished with value: 12.083699226379395 and parameters: {'gradient_clip_val': 0.5912241709178386, 'hidden_size': 36, 'dropout': 0.29898472793562036, 'hidden_continuous_size': 17, 'attention_head_size': 4, 'learning_rate': 0.0382748354051295}. Best is trial 61 with value: 10.650982856750488.
LOCAL_RANK: 0 - CUDA_VISIBLE_DEVICES: [0]
[I 2023-11-30 05:21:56,271] Trial 97 finished with value: 10.901881217956543 and parameters: {'gradient_clip_val': 0.6328513401708975, 'hidden_size': 45, 'dropout': 0.3149004218753108, 'hidden_continuous_size': 15, 'attention_head_size': 3, 'learning_rate': 0.047744802297831665}. Best is trial 61 with value: 10.650982856750488.
LOCAL_RANK: 0 - CUDA_VISIBLE_DEVICES: [0]
[I 2023-11-30 05:22:09,149] Trial 98 finished with value: 10.927909851074219 and parameters: {'gradient_clip_val': 0.6409397149185794, 'hidden_size': 45, 'dropout': 0.31608318583636025, 'hidden_continuous_size': 15, 'attention_head_size': 3, 'learning_rate': 0.05597271619044484}. Best is trial 61 with value: 10.650982856750488.
LOCAL_RANK: 0 - CUDA_VISIBLE_DEVICES: [0]
[I 2023-11-30 05:22:22,045] Trial 99 finished with value: 11.739031791687012 and parameters: {'gradient_clip_val': 0.6450009547139884, 'hidden_size': 47, 'dropout': 0.2904383336674604, 'hidden_continuous_size': 15, 'attention_head_size': 3, 'learning_rate': 0.04729784015072403}. Best is trial 61 with value: 10.650982856750488.
LOCAL_RANK: 0 - CUDA_VISIBLE_DEVICES: [0]
[I 2023-11-30 05:22:34,715] Trial 100 finished with value: 12.737743377685547 and parameters: {'gradient_clip_val': 0.6806071469498722, 'hidden_size': 44, 'dropout': 0.3294469883749057, 'hidden_continuous_size': 14, 'attention_head_size': 3, 'learning_rate': 0.05680561594545962}. Best is trial 61 with value: 10.650982856750488.
LOCAL_RANK: 0 - CUDA_VISIBLE_DEVICES: [0]
[I 2023-11-30 05:22:47,284] Trial 101 finished with value: 11.26868724822998 and parameters: {'gradient_clip_val': 0.7488245566308325, 'hidden_size': 38, 'dropout': 0.31556152629025247, 'hidden_continuous_size': 15, 'attention_head_size': 2, 'learning_rate': 0.06378559530793539}. Best is trial 61 with value: 10.650982856750488.
LOCAL_RANK: 0 - CUDA_VISIBLE_DEVICES: [0]
[I 2023-11-30 05:22:59,922] Trial 102 finished with value: 11.189289093017578 and parameters: {'gradient_clip_val': 0.6098021501739094, 'hidden_size': 33, 'dropout': 0.30883826198081693, 'hidden_continuous_size': 16, 'attention_head_size': 3, 'learning_rate': 0.0844722709857315}. Best is trial 61 with value: 10.650982856750488.
LOCAL_RANK: 0 - CUDA_VISIBLE_DEVICES: [0]
[I 2023-11-30 05:23:13,012] Trial 103 finished with value: 11.153199195861816 and parameters: {'gradient_clip_val': 0.6228935106912645, 'hidden_size': 46, 'dropout': 0.3200282346832392, 'hidden_continuous_size': 22, 'attention_head_size': 3, 'learning_rate': 0.049485242087284734}. Best is trial 61 with value: 10.650982856750488.
LOCAL_RANK: 0 - CUDA_VISIBLE_DEVICES: [0]
[I 2023-11-30 05:23:25,679] Trial 104 finished with value: 12.039737701416016 and parameters: {'gradient_clip_val': 0.5639906438076694, 'hidden_size': 39, 'dropout': 0.3140941571113309, 'hidden_continuous_size': 18, 'attention_head_size': 2, 'learning_rate': 0.07175631864056539}. Best is trial 61 with value: 10.650982856750488.
LOCAL_RANK: 0 - CUDA_VISIBLE_DEVICES: [0]
[I 2023-11-30 05:23:38,545] Trial 105 finished with value: 13.246353149414062 and parameters: {'gradient_clip_val': 0.5232657125685891, 'hidden_size': 42, 'dropout': 0.3341954672511111, 'hidden_continuous_size': 19, 'attention_head_size': 3, 'learning_rate': 0.056150006165349674}. Best is trial 61 with value: 10.650982856750488.
LOCAL_RANK: 0 - CUDA_VISIBLE_DEVICES: [0]
[I 2023-11-30 05:23:51,414] Trial 106 finished with value: 12.60513687133789 and parameters: {'gradient_clip_val': 0.5868847687202682, 'hidden_size': 49, 'dropout': 0.325399628877856, 'hidden_continuous_size': 13, 'attention_head_size': 3, 'learning_rate': 0.06366389150314544}. Best is trial 61 with value: 10.650982856750488.
LOCAL_RANK: 0 - CUDA_VISIBLE_DEVICES: [0]
[I 2023-11-30 05:24:04,421] Trial 107 finished with value: 11.445892333984375 and parameters: {'gradient_clip_val': 0.6600403924975293, 'hidden_size': 53, 'dropout': 0.30048302525245685, 'hidden_continuous_size': 16, 'attention_head_size': 4, 'learning_rate': 0.04280664947288646}. Best is trial 61 with value: 10.650982856750488.
LOCAL_RANK: 0 - CUDA_VISIBLE_DEVICES: [0]
[I 2023-11-30 05:24:17,297] Trial 108 finished with value: 12.985590934753418 and parameters: {'gradient_clip_val': 0.5476931278313529, 'hidden_size': 34, 'dropout': 0.30579759789287353, 'hidden_continuous_size': 16, 'attention_head_size': 4, 'learning_rate': 0.09420992720057111}. Best is trial 61 with value: 10.650982856750488.
LOCAL_RANK: 0 - CUDA_VISIBLE_DEVICES: [0]
[I 2023-11-30 05:24:29,931] Trial 109 finished with value: 11.412415504455566 and parameters: {'gradient_clip_val': 0.5109240637617413, 'hidden_size': 36, 'dropout': 0.2914397437423496, 'hidden_continuous_size': 17, 'attention_head_size': 4, 'learning_rate': 0.05185954224710561}. Best is trial 61 with value: 10.650982856750488.
LOCAL_RANK: 0 - CUDA_VISIBLE_DEVICES: [0]
[I 2023-11-30 05:24:43,461] Trial 110 finished with value: 11.006922721862793 and parameters: {'gradient_clip_val': 0.5960792804249837, 'hidden_size': 81, 'dropout': 0.2636771017674764, 'hidden_continuous_size': 20, 'attention_head_size': 3, 'learning_rate': 0.08029802206631077}. Best is trial 61 with value: 10.650982856750488.
LOCAL_RANK: 0 - CUDA_VISIBLE_DEVICES: [0]
