[I 2023-11-30 08:02:05,214] Trial 61 finished with value: 5.431870937347412 and parameters: {'gradient_clip_val': 0.24566769969596916, 'hidden_size': 31, 'dropout': 0.39032770816367585, 'hidden_continuous_size': 10, 'attention_head_size': 2, 'learning_rate': 0.041322527836734194}. Best is trial 54 with value: 3.9963080883026123.
LOCAL_RANK: 0 - CUDA_VISIBLE_DEVICES: [0]
[I 2023-11-30 08:02:17,295] Trial 62 finished with value: 4.5693182945251465 and parameters: {'gradient_clip_val': 0.27815998868716085, 'hidden_size': 26, 'dropout': 0.3470248253907398, 'hidden_continuous_size': 10, 'attention_head_size': 2, 'learning_rate': 0.02670228427884569}. Best is trial 54 with value: 3.9963080883026123.
LOCAL_RANK: 0 - CUDA_VISIBLE_DEVICES: [0]
[I 2023-11-30 08:02:29,419] Trial 63 finished with value: 4.774718761444092 and parameters: {'gradient_clip_val': 0.32142934064611434, 'hidden_size': 21, 'dropout': 0.36632741091116355, 'hidden_continuous_size': 10, 'attention_head_size': 2, 'learning_rate': 0.028835566137397767}. Best is trial 54 with value: 3.9963080883026123.
LOCAL_RANK: 0 - CUDA_VISIBLE_DEVICES: [0]
[I 2023-11-30 08:02:42,202] Trial 64 finished with value: 6.377437114715576 and parameters: {'gradient_clip_val': 0.2862966444769614, 'hidden_size': 34, 'dropout': 0.3097013940911286, 'hidden_continuous_size': 19, 'attention_head_size': 2, 'learning_rate': 0.034767085904156024}. Best is trial 54 with value: 3.9963080883026123.
LOCAL_RANK: 0 - CUDA_VISIBLE_DEVICES: [0]
[I 2023-11-30 08:02:54,413] Trial 65 finished with value: 5.32429838180542 and parameters: {'gradient_clip_val': 0.3543531311519438, 'hidden_size': 25, 'dropout': 0.3795439017861412, 'hidden_continuous_size': 10, 'attention_head_size': 2, 'learning_rate': 0.04234363115189902}. Best is trial 54 with value: 3.9963080883026123.
LOCAL_RANK: 0 - CUDA_VISIBLE_DEVICES: [0]
[I 2023-11-30 08:03:06,491] Trial 66 finished with value: 6.180545806884766 and parameters: {'gradient_clip_val': 0.21000292662625994, 'hidden_size': 22, 'dropout': 0.35305101301132485, 'hidden_continuous_size': 10, 'attention_head_size': 2, 'learning_rate': 0.022616645933470896}. Best is trial 54 with value: 3.9963080883026123.
LOCAL_RANK: 0 - CUDA_VISIBLE_DEVICES: [0]
[I 2023-11-30 08:03:18,613] Trial 67 finished with value: 7.609370708465576 and parameters: {'gradient_clip_val': 0.3237013504459337, 'hidden_size': 22, 'dropout': 0.318081171976263, 'hidden_continuous_size': 10, 'attention_head_size': 3, 'learning_rate': 0.03221657137788305}. Best is trial 54 with value: 3.9963080883026123.
LOCAL_RANK: 0 - CUDA_VISIBLE_DEVICES: [0]
[I 2023-11-30 08:03:30,607] Trial 68 finished with value: 5.1299824714660645 and parameters: {'gradient_clip_val': 0.29667909136713133, 'hidden_size': 24, 'dropout': 0.3323658272259192, 'hidden_continuous_size': 10, 'attention_head_size': 2, 'learning_rate': 0.05338564475824059}. Best is trial 54 with value: 3.9963080883026123.
LOCAL_RANK: 0 - CUDA_VISIBLE_DEVICES: [0]
[I 2023-11-30 08:03:42,971] Trial 69 finished with value: 5.233435153961182 and parameters: {'gradient_clip_val': 0.2553009163140566, 'hidden_size': 27, 'dropout': 0.3966919502517972, 'hidden_continuous_size': 14, 'attention_head_size': 3, 'learning_rate': 0.059224931973704396}. Best is trial 54 with value: 3.9963080883026123.
LOCAL_RANK: 0 - CUDA_VISIBLE_DEVICES: [0]
[I 2023-11-30 08:03:55,586] Trial 70 finished with value: 4.778648853302002 and parameters: {'gradient_clip_val': 0.3644621128912498, 'hidden_size': 29, 'dropout': 0.37172544413083397, 'hidden_continuous_size': 19, 'attention_head_size': 3, 'learning_rate': 0.04524654389862419}. Best is trial 54 with value: 3.9963080883026123.
LOCAL_RANK: 0 - CUDA_VISIBLE_DEVICES: [0]
[I 2023-11-30 08:04:07,566] Trial 71 finished with value: 4.790689945220947 and parameters: {'gradient_clip_val': 0.34694450503760754, 'hidden_size': 20, 'dropout': 0.3562375678605084, 'hidden_continuous_size': 10, 'attention_head_size': 3, 'learning_rate': 0.05107119302528221}. Best is trial 54 with value: 3.9963080883026123.
LOCAL_RANK: 0 - CUDA_VISIBLE_DEVICES: [0]
[I 2023-11-30 08:04:19,749] Trial 72 finished with value: 4.683255672454834 and parameters: {'gradient_clip_val': 0.43759207613014267, 'hidden_size': 19, 'dropout': 0.34100432032698125, 'hidden_continuous_size': 11, 'attention_head_size': 3, 'learning_rate': 0.030241795223074765}. Best is trial 54 with value: 3.9963080883026123.
LOCAL_RANK: 0 - CUDA_VISIBLE_DEVICES: [0]
[I 2023-11-30 08:04:31,881] Trial 73 finished with value: 5.4821319580078125 and parameters: {'gradient_clip_val': 0.3966688161592667, 'hidden_size': 18, 'dropout': 0.36428193170329476, 'hidden_continuous_size': 10, 'attention_head_size': 3, 'learning_rate': 0.03653188103911875}. Best is trial 54 with value: 3.9963080883026123.
LOCAL_RANK: 0 - CUDA_VISIBLE_DEVICES: [0]
[I 2023-11-30 08:04:43,988] Trial 74 finished with value: 4.610996723175049 and parameters: {'gradient_clip_val': 0.4452560983404405, 'hidden_size': 23, 'dropout': 0.34410627441680164, 'hidden_continuous_size': 11, 'attention_head_size': 3, 'learning_rate': 0.04954076123152398}. Best is trial 54 with value: 3.9963080883026123.
LOCAL_RANK: 0 - CUDA_VISIBLE_DEVICES: [0]
[I 2023-11-30 08:04:56,211] Trial 75 finished with value: 4.6586103439331055 and parameters: {'gradient_clip_val': 0.31376923015143476, 'hidden_size': 17, 'dropout': 0.3797869205622806, 'hidden_continuous_size': 10, 'attention_head_size': 3, 'learning_rate': 0.042559442506079494}. Best is trial 54 with value: 3.9963080883026123.
LOCAL_RANK: 0 - CUDA_VISIBLE_DEVICES: [0]
[I 2023-11-30 08:05:08,406] Trial 76 finished with value: 5.3880181312561035 and parameters: {'gradient_clip_val': 0.370275026484388, 'hidden_size': 21, 'dropout': 0.32648469737772, 'hidden_continuous_size': 11, 'attention_head_size': 3, 'learning_rate': 0.06532734975126762}. Best is trial 54 with value: 3.9963080883026123.
LOCAL_RANK: 0 - CUDA_VISIBLE_DEVICES: [0]
[I 2023-11-30 08:05:20,533] Trial 77 finished with value: 5.1830620765686035 and parameters: {'gradient_clip_val': 0.3302052051740977, 'hidden_size': 14, 'dropout': 0.3529172574621003, 'hidden_continuous_size': 11, 'attention_head_size': 2, 'learning_rate': 0.03579100145271845}. Best is trial 54 with value: 3.9963080883026123.
LOCAL_RANK: 0 - CUDA_VISIBLE_DEVICES: [0]
[I 2023-11-30 08:05:32,437] Trial 78 finished with value: 4.745040416717529 and parameters: {'gradient_clip_val': 0.40441579857143506, 'hidden_size': 13, 'dropout': 0.36832841342489503, 'hidden_continuous_size': 10, 'attention_head_size': 1, 'learning_rate': 0.025899263508162174}. Best is trial 54 with value: 3.9963080883026123.
LOCAL_RANK: 0 - CUDA_VISIBLE_DEVICES: [0]
[I 2023-11-30 08:05:44,970] Trial 79 finished with value: 5.61143159866333 and parameters: {'gradient_clip_val': 0.3020029401537173, 'hidden_size': 26, 'dropout': 0.33295714205000443, 'hidden_continuous_size': 12, 'attention_head_size': 3, 'learning_rate': 0.040799328033369116}. Best is trial 54 with value: 3.9963080883026123.
LOCAL_RANK: 0 - CUDA_VISIBLE_DEVICES: [0]
[I 2023-11-30 08:05:57,000] Trial 80 finished with value: 4.86186408996582 and parameters: {'gradient_clip_val': 0.3834478102675652, 'hidden_size': 15, 'dropout': 0.38826082159630537, 'hidden_continuous_size': 11, 'attention_head_size': 3, 'learning_rate': 0.0293886617383959}. Best is trial 54 with value: 3.9963080883026123.
LOCAL_RANK: 0 - CUDA_VISIBLE_DEVICES: [0]
[I 2023-11-30 08:06:09,018] Trial 81 finished with value: 4.945009708404541 and parameters: {'gradient_clip_val': 0.35399346293003914, 'hidden_size': 14, 'dropout': 0.3614047639053751, 'hidden_continuous_size': 11, 'attention_head_size': 3, 'learning_rate': 0.05187609837837805}. Best is trial 54 with value: 3.9963080883026123.
LOCAL_RANK: 0 - CUDA_VISIBLE_DEVICES: [0]
[I 2023-11-30 08:06:21,006] Trial 82 finished with value: 5.313268661499023 and parameters: {'gradient_clip_val': 0.4330530486117221, 'hidden_size': 12, 'dropout': 0.3455842135174781, 'hidden_continuous_size': 11, 'attention_head_size': 3, 'learning_rate': 0.03842122212449735}. Best is trial 54 with value: 3.9963080883026123.
LOCAL_RANK: 0 - CUDA_VISIBLE_DEVICES: [0]
[I 2023-11-30 08:06:33,104] Trial 83 finished with value: 5.5368499755859375 and parameters: {'gradient_clip_val': 0.38728530782393933, 'hidden_size': 18, 'dropout': 0.37127024782103263, 'hidden_continuous_size': 10, 'attention_head_size': 3, 'learning_rate': 0.05850677600300788}. Best is trial 54 with value: 3.9963080883026123.
LOCAL_RANK: 0 - CUDA_VISIBLE_DEVICES: [0]
[I 2023-11-30 08:06:44,987] Trial 84 finished with value: 4.828081130981445 and parameters: {'gradient_clip_val': 0.3362623279941577, 'hidden_size': 16, 'dropout': 0.33708342295442006, 'hidden_continuous_size': 11, 'attention_head_size': 3, 'learning_rate': 0.03225586743348549}. Best is trial 54 with value: 3.9963080883026123.
LOCAL_RANK: 0 - CUDA_VISIBLE_DEVICES: [0]
[I 2023-11-30 08:06:56,962] Trial 85 finished with value: 7.383078098297119 and parameters: {'gradient_clip_val': 0.48003331650227676, 'hidden_size': 16, 'dropout': 0.35305227384166127, 'hidden_continuous_size': 12, 'attention_head_size': 3, 'learning_rate': 0.04813634495913305}. Best is trial 54 with value: 3.9963080883026123.
LOCAL_RANK: 0 - CUDA_VISIBLE_DEVICES: [0]
[I 2023-11-30 08:07:08,933] Trial 86 finished with value: 6.024497985839844 and parameters: {'gradient_clip_val': 0.36367452857152294, 'hidden_size': 13, 'dropout': 0.35951462374595444, 'hidden_continuous_size': 11, 'attention_head_size': 3, 'learning_rate': 0.0429289614175269}. Best is trial 54 with value: 3.9963080883026123.
LOCAL_RANK: 0 - CUDA_VISIBLE_DEVICES: [0]
[I 2023-11-30 08:07:21,100] Trial 87 finished with value: 5.556692600250244 and parameters: {'gradient_clip_val': 0.40072834865673695, 'hidden_size': 11, 'dropout': 0.32015340255895464, 'hidden_continuous_size': 10, 'attention_head_size': 4, 'learning_rate': 0.034514887568848976}. Best is trial 54 with value: 3.9963080883026123.
LOCAL_RANK: 0 - CUDA_VISIBLE_DEVICES: [0]
[I 2023-11-30 08:07:33,099] Trial 88 finished with value: 4.254081726074219 and parameters: {'gradient_clip_val': 0.454654463586425, 'hidden_size': 15, 'dropout': 0.32848255950881056, 'hidden_continuous_size': 11, 'attention_head_size': 3, 'learning_rate': 0.07436979401569768}. Best is trial 54 with value: 3.9963080883026123.
LOCAL_RANK: 0 - CUDA_VISIBLE_DEVICES: [0]
[I 2023-11-30 08:07:45,277] Trial 89 finished with value: 6.030569553375244 and parameters: {'gradient_clip_val': 0.45231794430111516, 'hidden_size': 19, 'dropout': 0.30443967043817666, 'hidden_continuous_size': 13, 'attention_head_size': 3, 'learning_rate': 0.07454113342891988}. Best is trial 54 with value: 3.9963080883026123.
LOCAL_RANK: 0 - CUDA_VISIBLE_DEVICES: [0]
[I 2023-11-30 08:07:57,502] Trial 90 finished with value: 4.502876281738281 and parameters: {'gradient_clip_val': 0.42825278154973767, 'hidden_size': 17, 'dropout': 0.3487115073953367, 'hidden_continuous_size': 12, 'attention_head_size': 2, 'learning_rate': 0.0709942459635198}. Best is trial 54 with value: 3.9963080883026123.
LOCAL_RANK: 0 - CUDA_VISIBLE_DEVICES: [0]
[I 2023-11-30 08:08:09,496] Trial 91 finished with value: 7.296739101409912 and parameters: {'gradient_clip_val': 0.491853080522135, 'hidden_size': 17, 'dropout': 0.347582358269542, 'hidden_continuous_size': 12, 'attention_head_size': 2, 'learning_rate': 0.0890455528433707}. Best is trial 54 with value: 3.9963080883026123.
LOCAL_RANK: 0 - CUDA_VISIBLE_DEVICES: [0]
[I 2023-11-30 08:08:21,441] Trial 92 finished with value: 5.16068696975708 and parameters: {'gradient_clip_val': 0.42756029988616523, 'hidden_size': 15, 'dropout': 0.33567109504575093, 'hidden_continuous_size': 11, 'attention_head_size': 2, 'learning_rate': 0.0706867067378553}. Best is trial 54 with value: 3.9963080883026123.
LOCAL_RANK: 0 - CUDA_VISIBLE_DEVICES: [0]
[I 2023-11-30 08:08:33,387] Trial 93 finished with value: 4.678463935852051 and parameters: {'gradient_clip_val': 0.40505144056395437, 'hidden_size': 20, 'dropout': 0.36017687690782324, 'hidden_continuous_size': 12, 'attention_head_size': 2, 'learning_rate': 0.061730894917841436}. Best is trial 54 with value: 3.9963080883026123.
LOCAL_RANK: 0 - CUDA_VISIBLE_DEVICES: [0]
[I 2023-11-30 08:08:45,391] Trial 94 finished with value: 5.457672119140625 and parameters: {'gradient_clip_val': 0.45890594515522726, 'hidden_size': 17, 'dropout': 0.3766013192763793, 'hidden_continuous_size': 11, 'attention_head_size': 2, 'learning_rate': 0.08650739139976701}. Best is trial 54 with value: 3.9963080883026123.
LOCAL_RANK: 0 - CUDA_VISIBLE_DEVICES: [0]
[I 2023-11-30 08:08:57,736] Trial 95 finished with value: 5.451117038726807 and parameters: {'gradient_clip_val': 0.34382884214850307, 'hidden_size': 24, 'dropout': 0.3259457753695084, 'hidden_continuous_size': 16, 'attention_head_size': 3, 'learning_rate': 0.0707364036744824}. Best is trial 54 with value: 3.9963080883026123.
LOCAL_RANK: 0 - CUDA_VISIBLE_DEVICES: [0]
[I 2023-11-30 08:09:09,659] Trial 96 finished with value: 7.37732458114624 and parameters: {'gradient_clip_val': 0.3759371719817883, 'hidden_size': 15, 'dropout': 0.3676090198894821, 'hidden_continuous_size': 13, 'attention_head_size': 2, 'learning_rate': 0.05876411502623677}. Best is trial 54 with value: 3.9963080883026123.
LOCAL_RANK: 0 - CUDA_VISIBLE_DEVICES: [0]
[I 2023-11-30 08:09:21,874] Trial 97 finished with value: 5.940740585327148 and parameters: {'gradient_clip_val': 0.4298151325925461, 'hidden_size': 18, 'dropout': 0.34894817247091026, 'hidden_continuous_size': 10, 'attention_head_size': 3, 'learning_rate': 0.050359808264942005}. Best is trial 54 with value: 3.9963080883026123.
LOCAL_RANK: 0 - CUDA_VISIBLE_DEVICES: [0]
[I 2023-11-30 08:09:33,817] Trial 98 finished with value: 5.356722354888916 and parameters: {'gradient_clip_val': 0.5207335384464608, 'hidden_size': 19, 'dropout': 0.3411525481311811, 'hidden_continuous_size': 10, 'attention_head_size': 2, 'learning_rate': 0.07755712255306627}. Best is trial 54 with value: 3.9963080883026123.
LOCAL_RANK: 0 - CUDA_VISIBLE_DEVICES: [0]
[I 2023-11-30 08:09:45,739] Trial 99 finished with value: 5.8907599449157715 and parameters: {'gradient_clip_val': 0.3121394587628157, 'hidden_size': 16, 'dropout': 0.3125603757491989, 'hidden_continuous_size': 12, 'attention_head_size': 3, 'learning_rate': 0.06767424046207213}. Best is trial 54 with value: 3.9963080883026123.
LOCAL_RANK: 0 - CUDA_VISIBLE_DEVICES: [0]
[I 2023-11-30 08:09:58,156] Trial 100 finished with value: 5.069378852844238 and parameters: {'gradient_clip_val': 0.2866401266300698, 'hidden_size': 21, 'dropout': 0.35746142079280085, 'hidden_continuous_size': 14, 'attention_head_size': 3, 'learning_rate': 0.04604616940183939}. Best is trial 54 with value: 3.9963080883026123.
LOCAL_RANK: 0 - CUDA_VISIBLE_DEVICES: [0]
[I 2023-11-30 08:10:10,324] Trial 101 finished with value: 4.788034439086914 and parameters: {'gradient_clip_val': 0.3897608153192965, 'hidden_size': 14, 'dropout': 0.32925819161543135, 'hidden_continuous_size': 11, 'attention_head_size': 3, 'learning_rate': 0.03949802181623997}. Best is trial 54 with value: 3.9963080883026123.
LOCAL_RANK: 0 - CUDA_VISIBLE_DEVICES: [0]
[I 2023-11-30 08:10:22,339] Trial 102 finished with value: 5.707210063934326 and parameters: {'gradient_clip_val': 0.35985669738493037, 'hidden_size': 14, 'dropout': 0.3389648745040383, 'hidden_continuous_size': 11, 'attention_head_size': 3, 'learning_rate': 0.05449460256474703}. Best is trial 54 with value: 3.9963080883026123.
LOCAL_RANK: 0 - CUDA_VISIBLE_DEVICES: [0]
[I 2023-11-30 08:10:34,571] Trial 103 finished with value: 6.642700672149658 and parameters: {'gradient_clip_val': 0.3270133755968064, 'hidden_size': 13, 'dropout': 0.34861684979838986, 'hidden_continuous_size': 11, 'attention_head_size': 3, 'learning_rate': 0.061186792617212604}. Best is trial 54 with value: 3.9963080883026123.
LOCAL_RANK: 0 - CUDA_VISIBLE_DEVICES: [0]
[I 2023-11-30 08:10:46,303] Trial 104 finished with value: 4.746473789215088 and parameters: {'gradient_clip_val': 0.3470177870975771, 'hidden_size': 12, 'dropout': 0.33103799448364224, 'hidden_continuous_size': 11, 'attention_head_size': 1, 'learning_rate': 0.0445119574053236}. Best is trial 54 with value: 3.9963080883026123.
LOCAL_RANK: 0 - CUDA_VISIBLE_DEVICES: [0]
[I 2023-11-30 08:10:58,469] Trial 105 finished with value: 5.396736145019531 and parameters: {'gradient_clip_val': 0.4153404804419374, 'hidden_size': 15, 'dropout': 0.37575767831430695, 'hidden_continuous_size': 10, 'attention_head_size': 3, 'learning_rate': 0.09302199657937076}. Best is trial 54 with value: 3.9963080883026123.
LOCAL_RANK: 0 - CUDA_VISIBLE_DEVICES: [0]
[I 2023-11-30 08:11:10,693] Trial 106 finished with value: 4.611626148223877 and parameters: {'gradient_clip_val': 0.3823690092084402, 'hidden_size': 17, 'dropout': 0.3639974441294194, 'hidden_continuous_size': 12, 'attention_head_size': 3, 'learning_rate': 0.03684147767782332}. Best is trial 54 with value: 3.9963080883026123.
LOCAL_RANK: 0 - CUDA_VISIBLE_DEVICES: [0]
[I 2023-11-30 08:11:22,972] Trial 107 finished with value: 6.452826023101807 and parameters: {'gradient_clip_val': 0.44039598896494125, 'hidden_size': 23, 'dropout': 0.3188990254258098, 'hidden_continuous_size': 14, 'attention_head_size': 3, 'learning_rate': 0.048741488000081996}. Best is trial 54 with value: 3.9963080883026123.
LOCAL_RANK: 0 - CUDA_VISIBLE_DEVICES: [0]
[I 2023-11-30 08:11:34,830] Trial 108 finished with value: 4.311914920806885 and parameters: {'gradient_clip_val': 0.3716819066231396, 'hidden_size': 14, 'dropout': 0.3526791923625288, 'hidden_continuous_size': 11, 'attention_head_size': 2, 'learning_rate': 0.05411644985506426}. Best is trial 54 with value: 3.9963080883026123.
LOCAL_RANK: 0 - CUDA_VISIBLE_DEVICES: [0]
[I 2023-11-30 08:11:47,266] Trial 109 finished with value: 4.738529205322266 and parameters: {'gradient_clip_val': 0.3317562663345362, 'hidden_size': 31, 'dropout': 0.3829871158528593, 'hidden_continuous_size': 18, 'attention_head_size': 2, 'learning_rate': 0.06748671309873609}. Best is trial 54 with value: 3.9963080883026123.
LOCAL_RANK: 0 - CUDA_VISIBLE_DEVICES: [0]
[I 2023-11-30 08:11:59,272] Trial 110 finished with value: 5.001441955566406 and parameters: {'gradient_clip_val': 0.31045639327254465, 'hidden_size': 16, 'dropout': 0.35557697229263396, 'hidden_continuous_size': 11, 'attention_head_size': 2, 'learning_rate': 0.0779797048578134}. Best is trial 54 with value: 3.9963080883026123.
LOCAL_RANK: 0 - CUDA_VISIBLE_DEVICES: [0]
[I 2023-11-30 08:12:11,189] Trial 111 finished with value: 4.297722339630127 and parameters: {'gradient_clip_val': 0.4049316033803035, 'hidden_size': 13, 'dropout': 0.3706724099774939, 'hidden_continuous_size': 11, 'attention_head_size': 2, 'learning_rate': 0.04118836404600017}. Best is trial 54 with value: 3.9963080883026123.
LOCAL_RANK: 0 - CUDA_VISIBLE_DEVICES: [0]
[I 2023-11-30 08:12:23,004] Trial 112 finished with value: 4.775772571563721 and parameters: {'gradient_clip_val': 0.4042072102785622, 'hidden_size': 13, 'dropout': 0.3711500315656525, 'hidden_continuous_size': 11, 'attention_head_size': 2, 'learning_rate': 0.05436832652949486}. Best is trial 54 with value: 3.9963080883026123.
LOCAL_RANK: 0 - CUDA_VISIBLE_DEVICES: [0]
[I 2023-11-30 08:12:34,966] Trial 113 finished with value: 4.701712131500244 and parameters: {'gradient_clip_val': 0.37117348986672793, 'hidden_size': 15, 'dropout': 0.3644362460204239, 'hidden_continuous_size': 11, 'attention_head_size': 2, 'learning_rate': 0.04438489948678015}. Best is trial 54 with value: 3.9963080883026123.
LOCAL_RANK: 0 - CUDA_VISIBLE_DEVICES: [0]
[I 2023-11-30 08:12:46,880] Trial 114 finished with value: 4.963672161102295 and parameters: {'gradient_clip_val': 0.4581939774220128, 'hidden_size': 14, 'dropout': 0.39370322743461733, 'hidden_continuous_size': 11, 'attention_head_size': 2, 'learning_rate': 0.06245036230352361}. Best is trial 54 with value: 3.9963080883026123.
LOCAL_RANK: 0 - CUDA_VISIBLE_DEVICES: [0]
[I 2023-11-30 08:12:58,759] Trial 115 finished with value: 6.193168640136719 and parameters: {'gradient_clip_val': 0.35607957291840203, 'hidden_size': 12, 'dropout': 0.3531966602816526, 'hidden_continuous_size': 11, 'attention_head_size': 2, 'learning_rate': 0.03382251272849946}. Best is trial 54 with value: 3.9963080883026123.
LOCAL_RANK: 0 - CUDA_VISIBLE_DEVICES: [0]
[I 2023-11-30 08:13:10,704] Trial 116 finished with value: 6.991922378540039 and parameters: {'gradient_clip_val': 0.42017866922677344, 'hidden_size': 20, 'dropout': 0.3437148267799602, 'hidden_continuous_size': 16, 'attention_head_size': 2, 'learning_rate': 0.03981693589028473}. Best is trial 54 with value: 3.9963080883026123.
LOCAL_RANK: 0 - CUDA_VISIBLE_DEVICES: [0]
[I 2023-11-30 08:13:22,607] Trial 117 finished with value: 5.095642566680908 and parameters: {'gradient_clip_val': 0.39488234760680474, 'hidden_size': 13, 'dropout': 0.3802512241351053, 'hidden_continuous_size': 10, 'attention_head_size': 2, 'learning_rate': 0.056586600714498496}. Best is trial 54 with value: 3.9963080883026123.
LOCAL_RANK: 0 - CUDA_VISIBLE_DEVICES: [0]
[I 2023-11-30 08:13:34,790] Trial 118 finished with value: 5.343535900115967 and parameters: {'gradient_clip_val': 0.4693688863945657, 'hidden_size': 25, 'dropout': 0.3602294529064497, 'hidden_continuous_size': 12, 'attention_head_size': 2, 'learning_rate': 0.029001737397277207}. Best is trial 54 with value: 3.9963080883026123.
LOCAL_RANK: 0 - CUDA_VISIBLE_DEVICES: [0]
[I 2023-11-30 08:13:46,881] Trial 119 finished with value: 5.018340110778809 and parameters: {'gradient_clip_val': 0.37525627872262096, 'hidden_size': 17, 'dropout': 0.37166779021301727, 'hidden_continuous_size': 10, 'attention_head_size': 2, 'learning_rate': 0.05017860799700668}. Best is trial 54 with value: 3.9963080883026123.
LOCAL_RANK: 0 - CUDA_VISIBLE_DEVICES: [0]
