[I 2023-11-30 03:39:52,036] Trial 95 finished with value: 6.833550930023193 and parameters: {'gradient_clip_val': 0.2373817305160787, 'hidden_size': 84, 'dropout': 0.14914871172154087, 'hidden_continuous_size': 79, 'attention_head_size': 3, 'learning_rate': 0.057568106098353555}. Best is trial 40 with value: 5.220333576202393.
LOCAL_RANK: 0 - CUDA_VISIBLE_DEVICES: [0]
[I 2023-11-30 03:40:06,276] Trial 96 finished with value: 6.364518642425537 and parameters: {'gradient_clip_val': 0.22105372092899428, 'hidden_size': 99, 'dropout': 0.1550163872172852, 'hidden_continuous_size': 90, 'attention_head_size': 3, 'learning_rate': 0.08972909391136086}. Best is trial 40 with value: 5.220333576202393.
LOCAL_RANK: 0 - CUDA_VISIBLE_DEVICES: [0]
[I 2023-11-30 03:40:20,486] Trial 97 finished with value: 7.118167400360107 and parameters: {'gradient_clip_val': 0.24043005123854846, 'hidden_size': 93, 'dropout': 0.13896414630890153, 'hidden_continuous_size': 85, 'attention_head_size': 3, 'learning_rate': 0.06694458261620238}. Best is trial 40 with value: 5.220333576202393.
LOCAL_RANK: 0 - CUDA_VISIBLE_DEVICES: [0]
[I 2023-11-30 03:40:34,809] Trial 98 finished with value: 6.381394863128662 and parameters: {'gradient_clip_val': 0.2565645600200952, 'hidden_size': 102, 'dropout': 0.16491368586572308, 'hidden_continuous_size': 90, 'attention_head_size': 3, 'learning_rate': 0.08261818991471184}. Best is trial 40 with value: 5.220333576202393.
LOCAL_RANK: 0 - CUDA_VISIBLE_DEVICES: [0]
[I 2023-11-30 03:40:48,927] Trial 99 finished with value: 5.9087958335876465 and parameters: {'gradient_clip_val': 0.28982343289022267, 'hidden_size': 86, 'dropout': 0.1871455042421826, 'hidden_continuous_size': 81, 'attention_head_size': 4, 'learning_rate': 0.07099902745958363}. Best is trial 40 with value: 5.220333576202393.
LOCAL_RANK: 0 - CUDA_VISIBLE_DEVICES: [0]
[I 2023-11-30 03:41:03,192] Trial 100 finished with value: 5.727226257324219 and parameters: {'gradient_clip_val': 0.20307015712604462, 'hidden_size': 79, 'dropout': 0.125911854665669, 'hidden_continuous_size': 75, 'attention_head_size': 3, 'learning_rate': 0.09986727183163913}. Best is trial 40 with value: 5.220333576202393.
LOCAL_RANK: 0 - CUDA_VISIBLE_DEVICES: [0]
[I 2023-11-30 03:41:17,604] Trial 101 finished with value: 5.477914810180664 and parameters: {'gradient_clip_val': 0.22897872915238754, 'hidden_size': 121, 'dropout': 0.19246133510521696, 'hidden_continuous_size': 100, 'attention_head_size': 3, 'learning_rate': 0.057245861210465876}. Best is trial 40 with value: 5.220333576202393.
LOCAL_RANK: 0 - CUDA_VISIBLE_DEVICES: [0]
[I 2023-11-30 03:41:32,022] Trial 102 finished with value: 5.738370418548584 and parameters: {'gradient_clip_val': 0.2655162011381482, 'hidden_size': 122, 'dropout': 0.15000695334138303, 'hidden_continuous_size': 99, 'attention_head_size': 3, 'learning_rate': 0.05675954994590542}. Best is trial 40 with value: 5.220333576202393.
LOCAL_RANK: 0 - CUDA_VISIBLE_DEVICES: [0]
[I 2023-11-30 03:41:46,416] Trial 103 finished with value: 7.037530899047852 and parameters: {'gradient_clip_val': 0.2291773473546791, 'hidden_size': 106, 'dropout': 0.20600943741501773, 'hidden_continuous_size': 98, 'attention_head_size': 3, 'learning_rate': 0.06026997544972063}. Best is trial 40 with value: 5.220333576202393.
LOCAL_RANK: 0 - CUDA_VISIBLE_DEVICES: [0]
[I 2023-11-30 03:42:00,858] Trial 104 finished with value: 6.291921138763428 and parameters: {'gradient_clip_val': 0.24185901224005013, 'hidden_size': 116, 'dropout': 0.1712941744447983, 'hidden_continuous_size': 105, 'attention_head_size': 3, 'learning_rate': 0.051088668885293835}. Best is trial 40 with value: 5.220333576202393.
LOCAL_RANK: 0 - CUDA_VISIBLE_DEVICES: [0]
[I 2023-11-30 03:42:15,310] Trial 105 finished with value: 6.009877681732178 and parameters: {'gradient_clip_val': 0.2137815694070532, 'hidden_size': 94, 'dropout': 0.1900878133635403, 'hidden_continuous_size': 88, 'attention_head_size': 3, 'learning_rate': 0.07670220964067166}. Best is trial 40 with value: 5.220333576202393.
LOCAL_RANK: 0 - CUDA_VISIBLE_DEVICES: [0]
[I 2023-11-30 03:42:29,576] Trial 106 finished with value: 6.071622371673584 and parameters: {'gradient_clip_val': 0.25087110428230397, 'hidden_size': 89, 'dropout': 0.15874324006354168, 'hidden_continuous_size': 84, 'attention_head_size': 4, 'learning_rate': 0.04314962452547988}. Best is trial 40 with value: 5.220333576202393.
LOCAL_RANK: 0 - CUDA_VISIBLE_DEVICES: [0]
[I 2023-11-30 03:42:43,967] Trial 107 finished with value: 5.716057300567627 and parameters: {'gradient_clip_val': 0.3137784405474771, 'hidden_size': 111, 'dropout': 0.17779026670351547, 'hidden_continuous_size': 96, 'attention_head_size': 3, 'learning_rate': 0.06995202188546412}. Best is trial 40 with value: 5.220333576202393.
LOCAL_RANK: 0 - CUDA_VISIBLE_DEVICES: [0]
[I 2023-11-30 03:42:58,494] Trial 108 finished with value: 5.704934597015381 and parameters: {'gradient_clip_val': 0.1989085017967987, 'hidden_size': 123, 'dropout': 0.2338289468157922, 'hidden_continuous_size': 116, 'attention_head_size': 3, 'learning_rate': 0.053811597290712304}. Best is trial 40 with value: 5.220333576202393.
LOCAL_RANK: 0 - CUDA_VISIBLE_DEVICES: [0]
[I 2023-11-30 03:43:12,841] Trial 109 finished with value: 6.448328495025635 and parameters: {'gradient_clip_val': 0.20851974913772395, 'hidden_size': 99, 'dropout': 0.16444041527887296, 'hidden_continuous_size': 91, 'attention_head_size': 4, 'learning_rate': 0.0604553585771246}. Best is trial 40 with value: 5.220333576202393.
LOCAL_RANK: 0 - CUDA_VISIBLE_DEVICES: [0]
[I 2023-11-30 03:43:27,699] Trial 110 finished with value: 6.156305313110352 and parameters: {'gradient_clip_val': 0.22288504737960524, 'hidden_size': 133, 'dropout': 0.21730084360889926, 'hidden_continuous_size': 107, 'attention_head_size': 3, 'learning_rate': 0.08432586563322049}. Best is trial 40 with value: 5.220333576202393.
LOCAL_RANK: 0 - CUDA_VISIBLE_DEVICES: [0]
[I 2023-11-30 03:43:42,665] Trial 111 finished with value: 7.143936634063721 and parameters: {'gradient_clip_val': 0.17661946705747397, 'hidden_size': 150, 'dropout': 0.1989372814619238, 'hidden_continuous_size': 135, 'attention_head_size': 3, 'learning_rate': 0.04811992758145581}. Best is trial 40 with value: 5.220333576202393.
LOCAL_RANK: 0 - CUDA_VISIBLE_DEVICES: [0]
[I 2023-11-30 03:43:57,262] Trial 112 finished with value: 7.916891098022461 and parameters: {'gradient_clip_val': 0.19292276012702367, 'hidden_size': 134, 'dropout': 0.19198195624363998, 'hidden_continuous_size': 113, 'attention_head_size': 3, 'learning_rate': 0.06814945236406214}. Best is trial 40 with value: 5.220333576202393.
LOCAL_RANK: 0 - CUDA_VISIBLE_DEVICES: [0]
[I 2023-11-30 03:44:11,427] Trial 113 finished with value: 7.100683689117432 and parameters: {'gradient_clip_val': 0.18384384470307372, 'hidden_size': 116, 'dropout': 0.20527997088977704, 'hidden_continuous_size': 103, 'attention_head_size': 3, 'learning_rate': 0.04170360039923043}. Best is trial 40 with value: 5.220333576202393.
LOCAL_RANK: 0 - CUDA_VISIBLE_DEVICES: [0]
[I 2023-11-30 03:44:26,023] Trial 114 finished with value: 5.682684421539307 and parameters: {'gradient_clip_val': 0.1678306254389643, 'hidden_size': 126, 'dropout': 0.19626689370185735, 'hidden_continuous_size': 111, 'attention_head_size': 3, 'learning_rate': 0.04577086914177784}. Best is trial 40 with value: 5.220333576202393.
LOCAL_RANK: 0 - CUDA_VISIBLE_DEVICES: [0]
[I 2023-11-30 03:44:40,920] Trial 115 finished with value: 6.877192974090576 and parameters: {'gradient_clip_val': 0.23204777403841367, 'hidden_size': 141, 'dropout': 0.22629815716001592, 'hidden_continuous_size': 115, 'attention_head_size': 3, 'learning_rate': 0.03760726234755668}. Best is trial 40 with value: 5.220333576202393.
LOCAL_RANK: 0 - CUDA_VISIBLE_DEVICES: [0]
[I 2023-11-30 03:44:55,345] Trial 116 finished with value: 6.1345367431640625 and parameters: {'gradient_clip_val': 0.2577929158320703, 'hidden_size': 106, 'dropout': 0.1834804443787152, 'hidden_continuous_size': 99, 'attention_head_size': 3, 'learning_rate': 0.06089828033126841}. Best is trial 40 with value: 5.220333576202393.
LOCAL_RANK: 0 - CUDA_VISIBLE_DEVICES: [0]
[I 2023-11-30 03:45:09,906] Trial 117 finished with value: 6.964926242828369 and parameters: {'gradient_clip_val': 0.2168995278039079, 'hidden_size': 134, 'dropout': 0.21093323817168963, 'hidden_continuous_size': 127, 'attention_head_size': 3, 'learning_rate': 0.07592139046464338}. Best is trial 40 with value: 5.220333576202393.
LOCAL_RANK: 0 - CUDA_VISIBLE_DEVICES: [0]
[I 2023-11-30 03:45:24,464] Trial 118 finished with value: 5.880821228027344 and parameters: {'gradient_clip_val': 0.19534808707579257, 'hidden_size': 118, 'dropout': 0.20094440625542323, 'hidden_continuous_size': 106, 'attention_head_size': 4, 'learning_rate': 0.05255404797541325}. Best is trial 40 with value: 5.220333576202393.
LOCAL_RANK: 0 - CUDA_VISIBLE_DEVICES: [0]
[I 2023-11-30 03:45:38,393] Trial 119 finished with value: 5.800411701202393 and parameters: {'gradient_clip_val': 0.2800662291241427, 'hidden_size': 76, 'dropout': 0.16968285851012016, 'hidden_continuous_size': 73, 'attention_head_size': 3, 'learning_rate': 0.09327062316898868}. Best is trial 40 with value: 5.220333576202393.
LOCAL_RANK: 0 - CUDA_VISIBLE_DEVICES: [0]
[I 2023-11-30 03:45:52,458] Trial 120 finished with value: 5.892850399017334 and parameters: {'gradient_clip_val': 0.20598763621314098, 'hidden_size': 67, 'dropout': 0.22249432506512817, 'hidden_continuous_size': 65, 'attention_head_size': 4, 'learning_rate': 0.07993192022926955}. Best is trial 40 with value: 5.220333576202393.
LOCAL_RANK: 0 - CUDA_VISIBLE_DEVICES: [0]
[I 2023-11-30 03:46:07,228] Trial 121 finished with value: 5.86287260055542 and parameters: {'gradient_clip_val': 0.18165225727421516, 'hidden_size': 142, 'dropout': 0.1810540203947903, 'hidden_continuous_size': 124, 'attention_head_size': 2, 'learning_rate': 0.06443290918519672}. Best is trial 40 with value: 5.220333576202393.
LOCAL_RANK: 0 - CUDA_VISIBLE_DEVICES: [0]
[I 2023-11-30 03:46:21,594] Trial 122 finished with value: 5.9516777992248535 and parameters: {'gradient_clip_val': 0.16851478157331426, 'hidden_size': 128, 'dropout': 0.17719882827873457, 'hidden_continuous_size': 120, 'attention_head_size': 3, 'learning_rate': 0.06974511508027655}. Best is trial 40 with value: 5.220333576202393.
LOCAL_RANK: 0 - CUDA_VISIBLE_DEVICES: [0]
[I 2023-11-30 03:46:36,275] Trial 123 finished with value: 5.9283270835876465 and parameters: {'gradient_clip_val': 0.190292535873982, 'hidden_size': 146, 'dropout': 0.18737365337782172, 'hidden_continuous_size': 134, 'attention_head_size': 1, 'learning_rate': 0.0567993454989317}. Best is trial 40 with value: 5.220333576202393.
LOCAL_RANK: 0 - CUDA_VISIBLE_DEVICES: [0]
[I 2023-11-30 03:46:51,057] Trial 124 finished with value: 6.6323676109313965 and parameters: {'gradient_clip_val': 0.18752691518986717, 'hidden_size': 138, 'dropout': 0.15424299488316223, 'hidden_continuous_size': 128, 'attention_head_size': 3, 'learning_rate': 0.06528340203402544}. Best is trial 40 with value: 5.220333576202393.
LOCAL_RANK: 0 - CUDA_VISIBLE_DEVICES: [0]
[I 2023-11-30 03:47:05,281] Trial 125 finished with value: 6.1798882484436035 and parameters: {'gradient_clip_val': 0.15743310943321934, 'hidden_size': 112, 'dropout': 0.1915942694960239, 'hidden_continuous_size': 104, 'attention_head_size': 2, 'learning_rate': 0.08587249838810117}. Best is trial 40 with value: 5.220333576202393.
LOCAL_RANK: 0 - CUDA_VISIBLE_DEVICES: [0]
[I 2023-11-30 03:47:19,930] Trial 126 finished with value: 6.1581878662109375 and parameters: {'gradient_clip_val': 0.23956249148961345, 'hidden_size': 123, 'dropout': 0.17504459881794676, 'hidden_continuous_size': 115, 'attention_head_size': 3, 'learning_rate': 0.04986326858338206}. Best is trial 40 with value: 5.220333576202393.
LOCAL_RANK: 0 - CUDA_VISIBLE_DEVICES: [0]
[I 2023-11-30 03:47:34,776] Trial 127 finished with value: 5.984708309173584 and parameters: {'gradient_clip_val': 0.2087570923944765, 'hidden_size': 143, 'dropout': 0.20775507765272777, 'hidden_continuous_size': 127, 'attention_head_size': 3, 'learning_rate': 0.061360475431023964}. Best is trial 40 with value: 5.220333576202393.
LOCAL_RANK: 0 - CUDA_VISIBLE_DEVICES: [0]
[I 2023-11-30 03:47:49,490] Trial 128 finished with value: 7.291384220123291 and parameters: {'gradient_clip_val': 0.21885486748236768, 'hidden_size': 132, 'dropout': 0.1963282948943511, 'hidden_continuous_size': 123, 'attention_head_size': 4, 'learning_rate': 0.07363433552469412}. Best is trial 40 with value: 5.220333576202393.
LOCAL_RANK: 0 - CUDA_VISIBLE_DEVICES: [0]
[I 2023-11-30 03:48:03,679] Trial 129 finished with value: 6.103216648101807 and parameters: {'gradient_clip_val': 0.22906436111747405, 'hidden_size': 104, 'dropout': 0.16315148134138496, 'hidden_continuous_size': 95, 'attention_head_size': 3, 'learning_rate': 0.04020238343530315}. Best is trial 40 with value: 5.220333576202393.
LOCAL_RANK: 0 - CUDA_VISIBLE_DEVICES: [0]
[I 2023-11-30 03:48:17,667] Trial 130 finished with value: 6.378739833831787 and parameters: {'gradient_clip_val': 0.17277122824737343, 'hidden_size': 82, 'dropout': 0.18380392598670053, 'hidden_continuous_size': 79, 'attention_head_size': 1, 'learning_rate': 0.05347887352139239}. Best is trial 40 with value: 5.220333576202393.
LOCAL_RANK: 0 - CUDA_VISIBLE_DEVICES: [0]
[I 2023-11-30 03:48:32,268] Trial 131 finished with value: 6.509815692901611 and parameters: {'gradient_clip_val': 0.20331701254412113, 'hidden_size': 117, 'dropout': 0.213334778669799, 'hidden_continuous_size': 110, 'attention_head_size': 3, 'learning_rate': 0.04612558784045825}. Best is trial 40 with value: 5.220333576202393.
LOCAL_RANK: 0 - CUDA_VISIBLE_DEVICES: [0]
[I 2023-11-30 03:48:46,439] Trial 132 finished with value: 6.075376987457275 and parameters: {'gradient_clip_val': 0.21525810946479834, 'hidden_size': 123, 'dropout': 0.2185312134840865, 'hidden_continuous_size': 68, 'attention_head_size': 3, 'learning_rate': 0.0454742543367304}. Best is trial 40 with value: 5.220333576202393.
LOCAL_RANK: 0 - CUDA_VISIBLE_DEVICES: [0]
[I 2023-11-30 03:49:00,695] Trial 133 finished with value: 6.4059319496154785 and parameters: {'gradient_clip_val': 0.1977127858257796, 'hidden_size': 112, 'dropout': 0.2301642581693269, 'hidden_continuous_size': 102, 'attention_head_size': 3, 'learning_rate': 0.06566816241031649}. Best is trial 40 with value: 5.220333576202393.
LOCAL_RANK: 0 - CUDA_VISIBLE_DEVICES: [0]
[I 2023-11-30 03:49:15,046] Trial 134 finished with value: 6.611088275909424 and parameters: {'gradient_clip_val': 0.17928932649938856, 'hidden_size': 149, 'dropout': 0.20500272022152138, 'hidden_continuous_size': 45, 'attention_head_size': 3, 'learning_rate': 0.056078183697448866}. Best is trial 40 with value: 5.220333576202393.
LOCAL_RANK: 0 - CUDA_VISIBLE_DEVICES: [0]
[I 2023-11-30 03:49:29,189] Trial 135 finished with value: 5.618684768676758 and parameters: {'gradient_clip_val': 0.24628027640969904, 'hidden_size': 129, 'dropout': 0.21104833279285576, 'hidden_continuous_size': 57, 'attention_head_size': 2, 'learning_rate': 0.08169992505467205}. Best is trial 40 with value: 5.220333576202393.
LOCAL_RANK: 0 - CUDA_VISIBLE_DEVICES: [0]
[I 2023-11-30 03:49:43,531] Trial 136 finished with value: 6.392847537994385 and parameters: {'gradient_clip_val': 0.26730114718755316, 'hidden_size': 135, 'dropout': 0.20092539818341032, 'hidden_continuous_size': 51, 'attention_head_size': 2, 'learning_rate': 0.09098164691030934}. Best is trial 40 with value: 5.220333576202393.
LOCAL_RANK: 0 - CUDA_VISIBLE_DEVICES: [0]
[I 2023-11-30 03:49:57,540] Trial 137 finished with value: 5.88355016708374 and parameters: {'gradient_clip_val': 0.2447694091717449, 'hidden_size': 128, 'dropout': 0.23748675000638278, 'hidden_continuous_size': 58, 'attention_head_size': 2, 'learning_rate': 0.07916838308117698}. Best is trial 40 with value: 5.220333576202393.
LOCAL_RANK: 0 - CUDA_VISIBLE_DEVICES: [0]
[I 2023-11-30 03:50:11,650] Trial 138 finished with value: 6.719331741333008 and parameters: {'gradient_clip_val': 0.2579023123687622, 'hidden_size': 96, 'dropout': 0.16964504168421174, 'hidden_continuous_size': 92, 'attention_head_size': 2, 'learning_rate': 0.09998916402256915}. Best is trial 40 with value: 5.220333576202393.
LOCAL_RANK: 0 - CUDA_VISIBLE_DEVICES: [0]
[I 2023-11-30 03:50:26,580] Trial 139 finished with value: 7.074038982391357 and parameters: {'gradient_clip_val': 0.34307545021397284, 'hidden_size': 150, 'dropout': 0.21453100330091654, 'hidden_continuous_size': 149, 'attention_head_size': 2, 'learning_rate': 0.07385493871590139}. Best is trial 40 with value: 5.220333576202393.
LOCAL_RANK: 0 - CUDA_VISIBLE_DEVICES: [0]
[I 2023-11-30 03:50:40,940] Trial 140 finished with value: 6.095741271972656 and parameters: {'gradient_clip_val': 0.22588563402699588, 'hidden_size': 141, 'dropout': 0.14192802117500233, 'hidden_continuous_size': 54, 'attention_head_size': 4, 'learning_rate': 0.08406598463974368}. Best is trial 40 with value: 5.220333576202393.
LOCAL_RANK: 0 - CUDA_VISIBLE_DEVICES: [0]
[I 2023-11-30 03:50:54,987] Trial 141 finished with value: 6.409812927246094 and parameters: {'gradient_clip_val': 0.21203018552049596, 'hidden_size': 116, 'dropout': 0.208941849945802, 'hidden_continuous_size': 61, 'attention_head_size': 3, 'learning_rate': 0.062144943534866846}. Best is trial 40 with value: 5.220333576202393.
LOCAL_RANK: 0 - CUDA_VISIBLE_DEVICES: [0]
[I 2023-11-30 03:51:09,243] Trial 142 finished with value: 6.836554050445557 and parameters: {'gradient_clip_val': 0.23145009536919645, 'hidden_size': 123, 'dropout': 0.2239125248329326, 'hidden_continuous_size': 57, 'attention_head_size': 3, 'learning_rate': 0.06735992394299242}. Best is trial 40 with value: 5.220333576202393.
LOCAL_RANK: 0 - CUDA_VISIBLE_DEVICES: [0]
[I 2023-11-30 03:51:23,687] Trial 143 finished with value: 5.923830509185791 and parameters: {'gradient_clip_val': 0.24890817183730965, 'hidden_size': 110, 'dropout': 0.19431855158932396, 'hidden_continuous_size': 101, 'attention_head_size': 3, 'learning_rate': 0.049078321839336365}. Best is trial 40 with value: 5.220333576202393.
LOCAL_RANK: 0 - CUDA_VISIBLE_DEVICES: [0]
[I 2023-11-30 03:51:37,867] Trial 144 finished with value: 5.8817362785339355 and parameters: {'gradient_clip_val': 0.18751378106145355, 'hidden_size': 89, 'dropout': 0.1801199060786057, 'hidden_continuous_size': 86, 'attention_head_size': 3, 'learning_rate': 0.05794700156929508}. Best is trial 40 with value: 5.220333576202393.
LOCAL_RANK: 0 - CUDA_VISIBLE_DEVICES: [0]
[I 2023-11-30 03:51:52,054] Trial 145 finished with value: 6.15435791015625 and parameters: {'gradient_clip_val': 0.30524818077325744, 'hidden_size': 129, 'dropout': 0.2191444999094273, 'hidden_continuous_size': 60, 'attention_head_size': 3, 'learning_rate': 0.0718067641597768}. Best is trial 40 with value: 5.220333576202393.
LOCAL_RANK: 0 - CUDA_VISIBLE_DEVICES: [0]
[I 2023-11-30 03:52:06,348] Trial 146 finished with value: 6.772013187408447 and parameters: {'gradient_clip_val': 0.20243603268186378, 'hidden_size': 101, 'dropout': 0.1879746127422094, 'hidden_continuous_size': 94, 'attention_head_size': 1, 'learning_rate': 0.0327000404450698}. Best is trial 40 with value: 5.220333576202393.
LOCAL_RANK: 0 - CUDA_VISIBLE_DEVICES: [0]
[I 2023-11-30 03:52:20,809] Trial 147 finished with value: 6.423671245574951 and parameters: {'gradient_clip_val': 0.21856743686627672, 'hidden_size': 117, 'dropout': 0.22803494343437214, 'hidden_continuous_size': 109, 'attention_head_size': 4, 'learning_rate': 0.0815213538310808}. Best is trial 40 with value: 5.220333576202393.
LOCAL_RANK: 0 - CUDA_VISIBLE_DEVICES: [0]
[I 2023-11-30 03:52:35,236] Trial 148 finished with value: 5.45199728012085 and parameters: {'gradient_clip_val': 0.24023442419693478, 'hidden_size': 135, 'dropout': 0.20221055640651106, 'hidden_continuous_size': 65, 'attention_head_size': 3, 'learning_rate': 0.05356203920564587}. Best is trial 40 with value: 5.220333576202393.
LOCAL_RANK: 0 - CUDA_VISIBLE_DEVICES: [0]
[I 2023-11-30 03:52:49,501] Trial 149 finished with value: 5.6882452964782715 and parameters: {'gradient_clip_val': 0.2381937123604805, 'hidden_size': 137, 'dropout': 0.20050358409989302, 'hidden_continuous_size': 48, 'attention_head_size': 3, 'learning_rate': 0.05321719819145374}. Best is trial 40 with value: 5.220333576202393.
[I 2023-11-30 03:52:49,611] A new study created in memory with name: no-name-bccfb170-598f-48ef-a740-a0e5e448f6a5
/home/le004/conda/anaconda3/envs/tsff_env/lib/python3.9/site-packages/lightning/fabric/plugins/environments/slurm.py:191: The `srun` command is available on your system but is not used. HINT: If your intention is to run Lightning on SLURM, prepend your python command with `srun` like so: srun python /home/le004/master_thesis/git/TSFusionForecast/code/ ...
LOCAL_RANK: 0 - CUDA_VISIBLE_DEVICES: [0]
[I 2023-11-30 03:53:02,166] Trial 0 finished with value: 120.46371459960938 and parameters: {'gradient_clip_val': 0.9825431374938839, 'hidden_size': 37, 'dropout': 0.3954377483950344, 'hidden_continuous_size': 10, 'attention_head_size': 2, 'learning_rate': 0.012270174500033789}. Best is trial 0 with value: 120.46371459960938.
LOCAL_RANK: 0 - CUDA_VISIBLE_DEVICES: [0]
[I 2023-11-30 03:53:16,331] Trial 1 finished with value: 105.24788665771484 and parameters: {'gradient_clip_val': 0.22351638897878667, 'hidden_size': 113, 'dropout': 0.38963614150475645, 'hidden_continuous_size': 42, 'attention_head_size': 3, 'learning_rate': 0.006100141910745035}. Best is trial 1 with value: 105.24788665771484.
LOCAL_RANK: 0 - CUDA_VISIBLE_DEVICES: [0]
