[I 2023-11-29 21:37:25,281] Trial 108 finished with value: 63.29574203491211 and parameters: {'gradient_clip_val': 0.8070686788796506, 'hidden_size': 125, 'dropout': 0.1512622829791929, 'hidden_continuous_size': 37, 'attention_head_size': 4, 'learning_rate': 0.03949190855547414}. Best is trial 20 with value: 53.20473098754883.
LOCAL_RANK: 0 - CUDA_VISIBLE_DEVICES: [0]
[I 2023-11-29 21:37:39,545] Trial 109 finished with value: 69.51029205322266 and parameters: {'gradient_clip_val': 0.9449527093025145, 'hidden_size': 133, 'dropout': 0.13383960975783152, 'hidden_continuous_size': 40, 'attention_head_size': 4, 'learning_rate': 0.04832029995695011}. Best is trial 20 with value: 53.20473098754883.
LOCAL_RANK: 0 - CUDA_VISIBLE_DEVICES: [0]
[I 2023-11-29 21:37:53,690] Trial 110 finished with value: 64.57208251953125 and parameters: {'gradient_clip_val': 0.7432663014374432, 'hidden_size': 107, 'dropout': 0.16273393749741732, 'hidden_continuous_size': 52, 'attention_head_size': 4, 'learning_rate': 0.06887816989969837}. Best is trial 20 with value: 53.20473098754883.
LOCAL_RANK: 0 - CUDA_VISIBLE_DEVICES: [0]
[I 2023-11-29 21:38:08,202] Trial 111 finished with value: 69.0889663696289 and parameters: {'gradient_clip_val': 0.5708800814396036, 'hidden_size': 138, 'dropout': 0.12872949353279847, 'hidden_continuous_size': 48, 'attention_head_size': 4, 'learning_rate': 0.07680038084419614}. Best is trial 20 with value: 53.20473098754883.
LOCAL_RANK: 0 - CUDA_VISIBLE_DEVICES: [0]
[I 2023-11-29 21:38:22,395] Trial 112 finished with value: 96.0108413696289 and parameters: {'gradient_clip_val': 0.5161114815173176, 'hidden_size': 144, 'dropout': 0.142319751864412, 'hidden_continuous_size': 45, 'attention_head_size': 4, 'learning_rate': 0.08124930896277012}. Best is trial 20 with value: 53.20473098754883.
LOCAL_RANK: 0 - CUDA_VISIBLE_DEVICES: [0]
[I 2023-11-29 21:38:36,110] Trial 113 finished with value: 65.76468658447266 and parameters: {'gradient_clip_val': 0.550953406892677, 'hidden_size': 120, 'dropout': 0.12136121469139295, 'hidden_continuous_size': 32, 'attention_head_size': 3, 'learning_rate': 0.09131357662785197}. Best is trial 20 with value: 53.20473098754883.
LOCAL_RANK: 0 - CUDA_VISIBLE_DEVICES: [0]
[I 2023-11-29 21:38:50,227] Trial 114 finished with value: 65.46826171875 and parameters: {'gradient_clip_val': 0.6628270752426276, 'hidden_size': 127, 'dropout': 0.10621326127665828, 'hidden_continuous_size': 56, 'attention_head_size': 2, 'learning_rate': 0.07285771378621882}. Best is trial 20 with value: 53.20473098754883.
LOCAL_RANK: 0 - CUDA_VISIBLE_DEVICES: [0]
[I 2023-11-29 21:39:04,675] Trial 115 finished with value: 59.46354293823242 and parameters: {'gradient_clip_val': 0.6057064661594065, 'hidden_size': 142, 'dropout': 0.1460032107606197, 'hidden_continuous_size': 72, 'attention_head_size': 2, 'learning_rate': 0.09946633852580318}. Best is trial 20 with value: 53.20473098754883.
LOCAL_RANK: 0 - CUDA_VISIBLE_DEVICES: [0]
[I 2023-11-29 21:39:18,870] Trial 116 finished with value: 64.5949935913086 and parameters: {'gradient_clip_val': 0.8593912342988416, 'hidden_size': 116, 'dropout': 0.15375923219089027, 'hidden_continuous_size': 35, 'attention_head_size': 4, 'learning_rate': 0.08252389921984062}. Best is trial 20 with value: 53.20473098754883.
LOCAL_RANK: 0 - CUDA_VISIBLE_DEVICES: [0]
[I 2023-11-29 21:39:33,275] Trial 117 finished with value: 72.06571197509766 and parameters: {'gradient_clip_val': 0.5773151709267115, 'hidden_size': 135, 'dropout': 0.13653457573178135, 'hidden_continuous_size': 63, 'attention_head_size': 4, 'learning_rate': 0.06179529056784066}. Best is trial 20 with value: 53.20473098754883.
LOCAL_RANK: 0 - CUDA_VISIBLE_DEVICES: [0]
[I 2023-11-29 21:39:47,279] Trial 118 finished with value: 61.4578742980957 and parameters: {'gradient_clip_val': 0.9895078682352978, 'hidden_size': 100, 'dropout': 0.11451607713734027, 'hidden_continuous_size': 51, 'attention_head_size': 4, 'learning_rate': 0.07547365399177608}. Best is trial 20 with value: 53.20473098754883.
LOCAL_RANK: 0 - CUDA_VISIBLE_DEVICES: [0]
[I 2023-11-29 21:40:01,080] Trial 119 finished with value: 71.17108917236328 and parameters: {'gradient_clip_val': 0.6427597378948472, 'hidden_size': 112, 'dropout': 0.16763707707970915, 'hidden_continuous_size': 44, 'attention_head_size': 2, 'learning_rate': 0.054912942664017576}. Best is trial 20 with value: 53.20473098754883.
LOCAL_RANK: 0 - CUDA_VISIBLE_DEVICES: [0]
[I 2023-11-29 21:40:15,447] Trial 120 finished with value: 64.41104125976562 and parameters: {'gradient_clip_val': 0.4546748250688126, 'hidden_size': 150, 'dropout': 0.15811921631584497, 'hidden_continuous_size': 21, 'attention_head_size': 4, 'learning_rate': 0.03581471431837584}. Best is trial 20 with value: 53.20473098754883.
LOCAL_RANK: 0 - CUDA_VISIBLE_DEVICES: [0]
[I 2023-11-29 21:40:29,807] Trial 121 finished with value: 63.71254348754883 and parameters: {'gradient_clip_val': 0.5514123735994506, 'hidden_size': 141, 'dropout': 0.14119356457628143, 'hidden_continuous_size': 63, 'attention_head_size': 2, 'learning_rate': 0.09176652700814968}. Best is trial 20 with value: 53.20473098754883.
LOCAL_RANK: 0 - CUDA_VISIBLE_DEVICES: [0]
[I 2023-11-29 21:40:44,093] Trial 122 finished with value: 65.75653076171875 and parameters: {'gradient_clip_val': 0.5672241196329847, 'hidden_size': 125, 'dropout': 0.13136393798317625, 'hidden_continuous_size': 69, 'attention_head_size': 2, 'learning_rate': 0.08448562729151685}. Best is trial 20 with value: 53.20473098754883.
LOCAL_RANK: 0 - CUDA_VISIBLE_DEVICES: [0]
[I 2023-11-29 21:40:58,016] Trial 123 finished with value: 88.80667114257812 and parameters: {'gradient_clip_val': 0.5336378938228972, 'hidden_size': 136, 'dropout': 0.1365167888166483, 'hidden_continuous_size': 58, 'attention_head_size': 2, 'learning_rate': 0.06738277183635488}. Best is trial 20 with value: 53.20473098754883.
LOCAL_RANK: 0 - CUDA_VISIBLE_DEVICES: [0]
[I 2023-11-29 21:41:12,174] Trial 124 finished with value: 64.81450653076172 and parameters: {'gradient_clip_val': 0.5090802541767158, 'hidden_size': 145, 'dropout': 0.12142358655579107, 'hidden_continuous_size': 27, 'attention_head_size': 2, 'learning_rate': 0.07417963597655065}. Best is trial 20 with value: 53.20473098754883.
LOCAL_RANK: 0 - CUDA_VISIBLE_DEVICES: [0]
[I 2023-11-29 21:41:26,524] Trial 125 finished with value: 54.23744583129883 and parameters: {'gradient_clip_val': 0.6195710630985817, 'hidden_size': 131, 'dropout': 0.17329742201060466, 'hidden_continuous_size': 61, 'attention_head_size': 2, 'learning_rate': 0.09168463615366997}. Best is trial 20 with value: 53.20473098754883.
LOCAL_RANK: 0 - CUDA_VISIBLE_DEVICES: [0]
[I 2023-11-29 21:41:40,558] Trial 126 finished with value: 76.40668487548828 and parameters: {'gradient_clip_val': 0.6165494670917655, 'hidden_size': 123, 'dropout': 0.18787245476891673, 'hidden_continuous_size': 48, 'attention_head_size': 2, 'learning_rate': 0.05962407732751378}. Best is trial 20 with value: 53.20473098754883.
LOCAL_RANK: 0 - CUDA_VISIBLE_DEVICES: [0]
[I 2023-11-29 21:41:54,397] Trial 127 finished with value: 63.343597412109375 and parameters: {'gradient_clip_val': 0.4832454798663399, 'hidden_size': 93, 'dropout': 0.17126267669208092, 'hidden_continuous_size': 53, 'attention_head_size': 2, 'learning_rate': 0.08166054067227324}. Best is trial 20 with value: 53.20473098754883.
LOCAL_RANK: 0 - CUDA_VISIBLE_DEVICES: [0]
[I 2023-11-29 21:42:08,303] Trial 128 finished with value: 59.59360122680664 and parameters: {'gradient_clip_val': 0.6851806473207094, 'hidden_size': 131, 'dropout': 0.14886240270962162, 'hidden_continuous_size': 60, 'attention_head_size': 1, 'learning_rate': 0.09295678052535146}. Best is trial 20 with value: 53.20473098754883.
LOCAL_RANK: 0 - CUDA_VISIBLE_DEVICES: [0]
[I 2023-11-29 21:42:22,306] Trial 129 finished with value: 69.61284637451172 and parameters: {'gradient_clip_val': 0.9275013972186321, 'hidden_size': 114, 'dropout': 0.1815323895219292, 'hidden_continuous_size': 33, 'attention_head_size': 4, 'learning_rate': 0.04301346735328864}. Best is trial 20 with value: 53.20473098754883.
LOCAL_RANK: 0 - CUDA_VISIBLE_DEVICES: [0]
[I 2023-11-29 21:42:36,467] Trial 130 finished with value: 62.11967849731445 and parameters: {'gradient_clip_val': 0.4141707400045192, 'hidden_size': 105, 'dropout': 0.17666308323222987, 'hidden_continuous_size': 66, 'attention_head_size': 3, 'learning_rate': 0.06629715676843621}. Best is trial 20 with value: 53.20473098754883.
LOCAL_RANK: 0 - CUDA_VISIBLE_DEVICES: [0]
[I 2023-11-29 21:42:51,149] Trial 131 finished with value: 57.25796890258789 and parameters: {'gradient_clip_val': 0.5803620372842416, 'hidden_size': 149, 'dropout': 0.15965069266375712, 'hidden_continuous_size': 76, 'attention_head_size': 2, 'learning_rate': 0.09012088905684622}. Best is trial 20 with value: 53.20473098754883.
LOCAL_RANK: 0 - CUDA_VISIBLE_DEVICES: [0]
[I 2023-11-29 21:43:05,556] Trial 132 finished with value: 62.946868896484375 and parameters: {'gradient_clip_val': 0.6211558079984059, 'hidden_size': 134, 'dropout': 0.161938912551692, 'hidden_continuous_size': 75, 'attention_head_size': 2, 'learning_rate': 0.09915452066755207}. Best is trial 20 with value: 53.20473098754883.
LOCAL_RANK: 0 - CUDA_VISIBLE_DEVICES: [0]
[I 2023-11-29 21:43:20,176] Trial 133 finished with value: 64.20123291015625 and parameters: {'gradient_clip_val': 0.5929276773231742, 'hidden_size': 150, 'dropout': 0.17293524624834766, 'hidden_continuous_size': 75, 'attention_head_size': 2, 'learning_rate': 0.07756039112988908}. Best is trial 20 with value: 53.20473098754883.
LOCAL_RANK: 0 - CUDA_VISIBLE_DEVICES: [0]
[I 2023-11-29 21:43:34,215] Trial 134 finished with value: 66.11233520507812 and parameters: {'gradient_clip_val': 0.5294232129283665, 'hidden_size': 127, 'dropout': 0.15592463401325096, 'hidden_continuous_size': 57, 'attention_head_size': 2, 'learning_rate': 0.08388400272980229}. Best is trial 20 with value: 53.20473098754883.
LOCAL_RANK: 0 - CUDA_VISIBLE_DEVICES: [0]
[I 2023-11-29 21:43:48,009] Trial 135 finished with value: 67.11312866210938 and parameters: {'gradient_clip_val': 0.574207880760634, 'hidden_size': 120, 'dropout': 0.20126310521616037, 'hidden_continuous_size': 29, 'attention_head_size': 2, 'learning_rate': 0.07130802784728431}. Best is trial 20 with value: 53.20473098754883.
LOCAL_RANK: 0 - CUDA_VISIBLE_DEVICES: [0]
[I 2023-11-29 21:44:02,114] Trial 136 finished with value: 58.946537017822266 and parameters: {'gradient_clip_val': 0.6538333212337847, 'hidden_size': 136, 'dropout': 0.16645963820987889, 'hidden_continuous_size': 39, 'attention_head_size': 2, 'learning_rate': 0.09044775266282919}. Best is trial 20 with value: 53.20473098754883.
LOCAL_RANK: 0 - CUDA_VISIBLE_DEVICES: [0]
[I 2023-11-29 21:44:16,628] Trial 137 finished with value: 68.1968765258789 and parameters: {'gradient_clip_val': 0.8807929288896773, 'hidden_size': 144, 'dropout': 0.14457980421312908, 'hidden_continuous_size': 83, 'attention_head_size': 4, 'learning_rate': 0.05317670243342446}. Best is trial 20 with value: 53.20473098754883.
LOCAL_RANK: 0 - CUDA_VISIBLE_DEVICES: [0]
[I 2023-11-29 21:44:30,899] Trial 138 finished with value: 63.63924026489258 and parameters: {'gradient_clip_val': 0.43919840364735363, 'hidden_size': 129, 'dropout': 0.12706702089970953, 'hidden_continuous_size': 67, 'attention_head_size': 2, 'learning_rate': 0.061890271681665394}. Best is trial 20 with value: 53.20473098754883.
LOCAL_RANK: 0 - CUDA_VISIBLE_DEVICES: [0]
[I 2023-11-29 21:44:45,028] Trial 139 finished with value: 84.25164794921875 and parameters: {'gradient_clip_val': 0.6923552665792588, 'hidden_size': 109, 'dropout': 0.1502849679331224, 'hidden_continuous_size': 62, 'attention_head_size': 4, 'learning_rate': 0.04954691425356507}. Best is trial 20 with value: 53.20473098754883.
LOCAL_RANK: 0 - CUDA_VISIBLE_DEVICES: [0]
[I 2023-11-29 21:44:59,071] Trial 140 finished with value: 64.48419189453125 and parameters: {'gradient_clip_val': 0.8248103245936854, 'hidden_size': 118, 'dropout': 0.18502918252128114, 'hidden_continuous_size': 50, 'attention_head_size': 2, 'learning_rate': 0.07262503342240433}. Best is trial 20 with value: 53.20473098754883.
LOCAL_RANK: 0 - CUDA_VISIBLE_DEVICES: [0]
[I 2023-11-29 21:45:13,620] Trial 141 finished with value: 67.03560638427734 and parameters: {'gradient_clip_val': 0.5461281695959931, 'hidden_size': 150, 'dropout': 0.13836316778859226, 'hidden_continuous_size': 63, 'attention_head_size': 2, 'learning_rate': 0.0873203882910897}. Best is trial 20 with value: 53.20473098754883.
LOCAL_RANK: 0 - CUDA_VISIBLE_DEVICES: [0]
[I 2023-11-29 21:45:27,875] Trial 142 finished with value: 55.889251708984375 and parameters: {'gradient_clip_val': 0.5001152900632495, 'hidden_size': 141, 'dropout': 0.13256649736004292, 'hidden_continuous_size': 54, 'attention_head_size': 2, 'learning_rate': 0.07732120639724475}. Best is trial 20 with value: 53.20473098754883.
LOCAL_RANK: 0 - CUDA_VISIBLE_DEVICES: [0]
[I 2023-11-29 21:45:41,907] Trial 143 finished with value: 89.29669189453125 and parameters: {'gradient_clip_val': 0.503387620026746, 'hidden_size': 132, 'dropout': 0.11500089802315203, 'hidden_continuous_size': 53, 'attention_head_size': 2, 'learning_rate': 0.06671840797849486}. Best is trial 20 with value: 53.20473098754883.
LOCAL_RANK: 0 - CUDA_VISIBLE_DEVICES: [0]
[I 2023-11-29 21:45:56,160] Trial 144 finished with value: 61.93024826049805 and parameters: {'gradient_clip_val': 0.4742908950455375, 'hidden_size': 139, 'dropout': 0.13010579896154456, 'hidden_continuous_size': 56, 'attention_head_size': 2, 'learning_rate': 0.07795887926871731}. Best is trial 20 with value: 53.20473098754883.
LOCAL_RANK: 0 - CUDA_VISIBLE_DEVICES: [0]
[I 2023-11-29 21:46:10,114] Trial 145 finished with value: 77.89352416992188 and parameters: {'gradient_clip_val': 0.7564276895520206, 'hidden_size': 124, 'dropout': 0.15921187423711708, 'hidden_continuous_size': 47, 'attention_head_size': 2, 'learning_rate': 0.0908426473586436}. Best is trial 20 with value: 53.20473098754883.
LOCAL_RANK: 0 - CUDA_VISIBLE_DEVICES: [0]
[I 2023-11-29 21:46:24,295] Trial 146 finished with value: 63.534481048583984 and parameters: {'gradient_clip_val': 0.5946509117140639, 'hidden_size': 140, 'dropout': 0.12328002184918224, 'hidden_continuous_size': 37, 'attention_head_size': 2, 'learning_rate': 0.05831609626383096}. Best is trial 20 with value: 53.20473098754883.
LOCAL_RANK: 0 - CUDA_VISIBLE_DEVICES: [0]
[I 2023-11-29 21:46:38,132] Trial 147 finished with value: 63.54838562011719 and parameters: {'gradient_clip_val': 0.5276127128350341, 'hidden_size': 116, 'dropout': 0.1452600805019211, 'hidden_continuous_size': 16, 'attention_head_size': 4, 'learning_rate': 0.09961970918771776}. Best is trial 20 with value: 53.20473098754883.
LOCAL_RANK: 0 - CUDA_VISIBLE_DEVICES: [0]
[I 2023-11-29 21:46:52,172] Trial 148 finished with value: 59.273681640625 and parameters: {'gradient_clip_val': 0.5010485500485223, 'hidden_size': 97, 'dropout': 0.13374707909485284, 'hidden_continuous_size': 54, 'attention_head_size': 4, 'learning_rate': 0.02268056415635924}. Best is trial 20 with value: 53.20473098754883.
LOCAL_RANK: 0 - CUDA_VISIBLE_DEVICES: [0]
[I 2023-11-29 21:47:06,044] Trial 149 finished with value: 69.21627044677734 and parameters: {'gradient_clip_val': 0.9700745828870222, 'hidden_size': 85, 'dropout': 0.10629996361018773, 'hidden_continuous_size': 58, 'attention_head_size': 2, 'learning_rate': 0.08098477409655333}. Best is trial 20 with value: 53.20473098754883.
[I 2023-11-29 21:47:06,156] A new study created in memory with name: no-name-78768a14-49a2-4f5a-80f1-6ed75fa45d54
/home/le004/conda/anaconda3/envs/tsff_env/lib/python3.9/site-packages/lightning/fabric/plugins/environments/slurm.py:191: The `srun` command is available on your system but is not used. HINT: If your intention is to run Lightning on SLURM, prepend your python command with `srun` like so: srun python /home/le004/master_thesis/git/TSFusionForecast/code/ ...
LOCAL_RANK: 0 - CUDA_VISIBLE_DEVICES: [0]
[I 2023-11-29 21:47:19,420] Trial 0 finished with value: 16.039588928222656 and parameters: {'gradient_clip_val': 0.5807425679072292, 'hidden_size': 98, 'dropout': 0.13608262637549945, 'hidden_continuous_size': 10, 'attention_head_size': 2, 'learning_rate': 0.0014142212277089368}. Best is trial 0 with value: 16.039588928222656.
LOCAL_RANK: 0 - CUDA_VISIBLE_DEVICES: [0]
[I 2023-11-29 21:47:32,637] Trial 1 finished with value: 14.613438606262207 and parameters: {'gradient_clip_val': 0.4648555068361132, 'hidden_size': 43, 'dropout': 0.28999892926333787, 'hidden_continuous_size': 33, 'attention_head_size': 3, 'learning_rate': 0.004791053430435265}. Best is trial 1 with value: 14.613438606262207.
LOCAL_RANK: 0 - CUDA_VISIBLE_DEVICES: [0]
[I 2023-11-29 21:47:44,684] Trial 2 finished with value: 8.50829792022705 and parameters: {'gradient_clip_val': 0.21440679768276025, 'hidden_size': 20, 'dropout': 0.3000784380056223, 'hidden_continuous_size': 18, 'attention_head_size': 3, 'learning_rate': 0.04447120589568315}. Best is trial 2 with value: 8.50829792022705.
LOCAL_RANK: 0 - CUDA_VISIBLE_DEVICES: [0]
[I 2023-11-29 21:47:56,712] Trial 3 finished with value: 15.787544250488281 and parameters: {'gradient_clip_val': 0.12157941667965434, 'hidden_size': 14, 'dropout': 0.32975600716774855, 'hidden_continuous_size': 10, 'attention_head_size': 3, 'learning_rate': 0.031191570138012846}. Best is trial 2 with value: 8.50829792022705.
LOCAL_RANK: 0 - CUDA_VISIBLE_DEVICES: [0]
[I 2023-11-29 21:48:09,749] Trial 4 finished with value: 6.738375186920166 and parameters: {'gradient_clip_val': 0.2990583873419132, 'hidden_size': 46, 'dropout': 0.2735775016924521, 'hidden_continuous_size': 33, 'attention_head_size': 2, 'learning_rate': 0.026331136417779663}. Best is trial 4 with value: 6.738375186920166.
LOCAL_RANK: 0 - CUDA_VISIBLE_DEVICES: [0]
[I 2023-11-29 21:48:21,992] Trial 5 finished with value: 33.77532196044922 and parameters: {'gradient_clip_val': 0.5863910123727294, 'hidden_size': 23, 'dropout': 0.277647245289819, 'hidden_continuous_size': 10, 'attention_head_size': 2, 'learning_rate': 0.0023008196025422587}. Best is trial 4 with value: 6.738375186920166.
LOCAL_RANK: 0 - CUDA_VISIBLE_DEVICES: [0]
[I 2023-11-29 21:48:35,104] Trial 6 finished with value: 10.917254447937012 and parameters: {'gradient_clip_val': 0.11542104279586067, 'hidden_size': 62, 'dropout': 0.35467899148091286, 'hidden_continuous_size': 22, 'attention_head_size': 1, 'learning_rate': 0.008442651110787788}. Best is trial 4 with value: 6.738375186920166.
LOCAL_RANK: 0 - CUDA_VISIBLE_DEVICES: [0]
[I 2023-11-29 21:48:49,251] Trial 7 finished with value: 8.131227493286133 and parameters: {'gradient_clip_val': 0.13165771784400107, 'hidden_size': 137, 'dropout': 0.2404791201230944, 'hidden_continuous_size': 60, 'attention_head_size': 1, 'learning_rate': 0.02461241114458664}. Best is trial 4 with value: 6.738375186920166.
LOCAL_RANK: 0 - CUDA_VISIBLE_DEVICES: [0]
[I 2023-11-29 21:49:02,629] Trial 8 finished with value: 7.884786128997803 and parameters: {'gradient_clip_val': 0.5819348064704692, 'hidden_size': 56, 'dropout': 0.17335628972491368, 'hidden_continuous_size': 41, 'attention_head_size': 3, 'learning_rate': 0.018084913954444552}. Best is trial 4 with value: 6.738375186920166.
LOCAL_RANK: 0 - CUDA_VISIBLE_DEVICES: [0]
[I 2023-11-29 21:49:15,330] Trial 9 finished with value: 21.712167739868164 and parameters: {'gradient_clip_val': 0.4430400742099011, 'hidden_size': 43, 'dropout': 0.12263441669023623, 'hidden_continuous_size': 10, 'attention_head_size': 4, 'learning_rate': 0.003796832119859952}. Best is trial 4 with value: 6.738375186920166.
LOCAL_RANK: 0 - CUDA_VISIBLE_DEVICES: [0]
[I 2023-11-29 21:49:25,863] Trial 10 finished with value: 22.084596633911133 and parameters: {'gradient_clip_val': 0.8816068196543337, 'hidden_size': 10, 'dropout': 0.37220523965171626, 'hidden_continuous_size': 10, 'attention_head_size': 4, 'learning_rate': 0.08400638153713463}. Best is trial 4 with value: 6.738375186920166.
LOCAL_RANK: 0 - CUDA_VISIBLE_DEVICES: [0]
[I 2023-11-29 21:49:39,045] Trial 11 finished with value: 15.0591402053833 and parameters: {'gradient_clip_val': 0.2832671822508408, 'hidden_size': 62, 'dropout': 0.20156213070567836, 'hidden_continuous_size': 37, 'attention_head_size': 2, 'learning_rate': 0.015062262712478106}. Best is trial 4 with value: 6.738375186920166.
LOCAL_RANK: 0 - CUDA_VISIBLE_DEVICES: [0]
[I 2023-11-29 21:49:49,281] Trial 12 finished with value: 11.457186698913574 and parameters: {'gradient_clip_val': 0.3045210726528485, 'hidden_size': 31, 'dropout': 0.1982979393040624, 'hidden_continuous_size': 31, 'attention_head_size': 2, 'learning_rate': 0.013156259483846862}. Best is trial 4 with value: 6.738375186920166.
LOCAL_RANK: 0 - CUDA_VISIBLE_DEVICES: [0]
[I 2023-11-29 21:50:02,616] Trial 13 finished with value: 9.010700225830078 and parameters: {'gradient_clip_val': 0.9082328548533809, 'hidden_size': 64, 'dropout': 0.3979611473188854, 'hidden_continuous_size': 48, 'attention_head_size': 3, 'learning_rate': 0.0558084294630899}. Best is trial 4 with value: 6.738375186920166.
LOCAL_RANK: 0 - CUDA_VISIBLE_DEVICES: [0]
[I 2023-11-29 21:50:14,821] Trial 14 finished with value: 9.316515922546387 and parameters: {'gradient_clip_val': 0.21243354689767016, 'hidden_size': 32, 'dropout': 0.21462507994311777, 'hidden_continuous_size': 23, 'attention_head_size': 1, 'learning_rate': 0.02211302470814236}. Best is trial 4 with value: 6.738375186920166.
LOCAL_RANK: 0 - CUDA_VISIBLE_DEVICES: [0]
[I 2023-11-29 21:50:29,147] Trial 15 finished with value: 9.876335144042969 and parameters: {'gradient_clip_val': 0.38117647392231413, 'hidden_size': 81, 'dropout': 0.16143491406009117, 'hidden_continuous_size': 80, 'attention_head_size': 4, 'learning_rate': 0.010916884866609253}. Best is trial 4 with value: 6.738375186920166.
LOCAL_RANK: 0 - CUDA_VISIBLE_DEVICES: [0]
