[I 2023-11-30 14:40:16,194] Trial 70 finished with value: 30.384130477905273 and parameters: {'gradient_clip_val': 0.42701647141008614, 'hidden_size': 94, 'dropout': 0.3046618277131169, 'hidden_continuous_size': 31, 'attention_head_size': 2, 'learning_rate': 0.004050148760064128}. Best is trial 37 with value: 29.456579208374023.
LOCAL_RANK: 0 - CUDA_VISIBLE_DEVICES: [0]
[I 2023-11-30 14:40:30,578] Trial 71 finished with value: 36.03926086425781 and parameters: {'gradient_clip_val': 0.44225319568318466, 'hidden_size': 98, 'dropout': 0.3051405856439001, 'hidden_continuous_size': 33, 'attention_head_size': 2, 'learning_rate': 0.003999120852263456}. Best is trial 37 with value: 29.456579208374023.
LOCAL_RANK: 0 - CUDA_VISIBLE_DEVICES: [0]
[I 2023-11-30 14:40:44,851] Trial 72 finished with value: 35.67940902709961 and parameters: {'gradient_clip_val': 0.4257576726649768, 'hidden_size': 91, 'dropout': 0.3260009622425123, 'hidden_continuous_size': 31, 'attention_head_size': 2, 'learning_rate': 0.0027294264684767622}. Best is trial 37 with value: 29.456579208374023.
LOCAL_RANK: 0 - CUDA_VISIBLE_DEVICES: [0]
[I 2023-11-30 14:40:58,832] Trial 73 finished with value: 41.446109771728516 and parameters: {'gradient_clip_val': 0.5016422648296266, 'hidden_size': 81, 'dropout': 0.2524528326625523, 'hidden_continuous_size': 26, 'attention_head_size': 2, 'learning_rate': 0.003233325562498388}. Best is trial 37 with value: 29.456579208374023.
LOCAL_RANK: 0 - CUDA_VISIBLE_DEVICES: [0]
[I 2023-11-30 14:41:13,174] Trial 74 finished with value: 39.96371841430664 and parameters: {'gradient_clip_val': 0.39714725650933785, 'hidden_size': 111, 'dropout': 0.2974616668007616, 'hidden_continuous_size': 23, 'attention_head_size': 1, 'learning_rate': 0.005657314512718461}. Best is trial 37 with value: 29.456579208374023.
LOCAL_RANK: 0 - CUDA_VISIBLE_DEVICES: [0]
[I 2023-11-30 14:41:27,869] Trial 75 finished with value: 31.52423667907715 and parameters: {'gradient_clip_val': 0.347414238144088, 'hidden_size': 124, 'dropout': 0.2883465672100742, 'hidden_continuous_size': 38, 'attention_head_size': 3, 'learning_rate': 0.004588273004476864}. Best is trial 37 with value: 29.456579208374023.
LOCAL_RANK: 0 - CUDA_VISIBLE_DEVICES: [0]
[I 2023-11-30 14:41:42,603] Trial 76 finished with value: 40.50484085083008 and parameters: {'gradient_clip_val': 0.4365857971441134, 'hidden_size': 139, 'dropout': 0.27565283601037366, 'hidden_continuous_size': 28, 'attention_head_size': 2, 'learning_rate': 0.003502604548629441}. Best is trial 37 with value: 29.456579208374023.
LOCAL_RANK: 0 - CUDA_VISIBLE_DEVICES: [0]
[I 2023-11-30 14:41:56,159] Trial 77 finished with value: 35.170257568359375 and parameters: {'gradient_clip_val': 0.5395151979038604, 'hidden_size': 69, 'dropout': 0.31660918727640486, 'hidden_continuous_size': 25, 'attention_head_size': 1, 'learning_rate': 0.004126828627578969}. Best is trial 37 with value: 29.456579208374023.
LOCAL_RANK: 0 - CUDA_VISIBLE_DEVICES: [0]
[I 2023-11-30 14:42:09,513] Trial 78 finished with value: 41.38578796386719 and parameters: {'gradient_clip_val': 0.3734805924098162, 'hidden_size': 44, 'dropout': 0.26682560664634586, 'hidden_continuous_size': 22, 'attention_head_size': 2, 'learning_rate': 0.0028607702293123633}. Best is trial 37 with value: 29.456579208374023.
LOCAL_RANK: 0 - CUDA_VISIBLE_DEVICES: [0]
[I 2023-11-30 14:42:23,461] Trial 79 finished with value: 41.04045486450195 and parameters: {'gradient_clip_val': 0.475307723388724, 'hidden_size': 77, 'dropout': 0.28406969584810093, 'hidden_continuous_size': 32, 'attention_head_size': 1, 'learning_rate': 0.0023206615420372488}. Best is trial 37 with value: 29.456579208374023.
LOCAL_RANK: 0 - CUDA_VISIBLE_DEVICES: [0]
[I 2023-11-30 14:42:37,248] Trial 80 finished with value: 32.95231246948242 and parameters: {'gradient_clip_val': 0.3935804459915815, 'hidden_size': 89, 'dropout': 0.3017990737460739, 'hidden_continuous_size': 29, 'attention_head_size': 2, 'learning_rate': 0.0018395910222255049}. Best is trial 37 with value: 29.456579208374023.
LOCAL_RANK: 0 - CUDA_VISIBLE_DEVICES: [0]
[I 2023-11-30 14:42:51,888] Trial 81 finished with value: 36.35952377319336 and parameters: {'gradient_clip_val': 0.31660262587485777, 'hidden_size': 125, 'dropout': 0.2895809444950685, 'hidden_continuous_size': 40, 'attention_head_size': 3, 'learning_rate': 0.0047427040204900866}. Best is trial 37 with value: 29.456579208374023.
LOCAL_RANK: 0 - CUDA_VISIBLE_DEVICES: [0]
[I 2023-11-30 14:43:06,705] Trial 82 finished with value: 36.613372802734375 and parameters: {'gradient_clip_val': 0.3500245839320428, 'hidden_size': 118, 'dropout': 0.2884509529650458, 'hidden_continuous_size': 48, 'attention_head_size': 4, 'learning_rate': 0.00436555019817347}. Best is trial 37 with value: 29.456579208374023.
LOCAL_RANK: 0 - CUDA_VISIBLE_DEVICES: [0]
[I 2023-11-30 14:43:21,431] Trial 83 finished with value: 36.659019470214844 and parameters: {'gradient_clip_val': 0.41631519423722724, 'hidden_size': 100, 'dropout': 0.310367312192537, 'hidden_continuous_size': 35, 'attention_head_size': 3, 'learning_rate': 0.0058851041789087415}. Best is trial 37 with value: 29.456579208374023.
LOCAL_RANK: 0 - CUDA_VISIBLE_DEVICES: [0]
[I 2023-11-30 14:43:36,268] Trial 84 finished with value: 38.137508392333984 and parameters: {'gradient_clip_val': 0.2964725650764263, 'hidden_size': 128, 'dropout': 0.2706820210662134, 'hidden_continuous_size': 51, 'attention_head_size': 3, 'learning_rate': 0.002585185551120817}. Best is trial 37 with value: 29.456579208374023.
LOCAL_RANK: 0 - CUDA_VISIBLE_DEVICES: [0]
[I 2023-11-30 14:43:51,559] Trial 85 finished with value: 39.06602478027344 and parameters: {'gradient_clip_val': 0.9345271945436596, 'hidden_size': 143, 'dropout': 0.3000669695032123, 'hidden_continuous_size': 41, 'attention_head_size': 3, 'learning_rate': 0.0070637702751094895}. Best is trial 37 with value: 29.456579208374023.
LOCAL_RANK: 0 - CUDA_VISIBLE_DEVICES: [0]
[I 2023-11-30 14:44:05,796] Trial 86 finished with value: 35.27851486206055 and parameters: {'gradient_clip_val': 0.3628208897919509, 'hidden_size': 105, 'dropout': 0.2780383387243101, 'hidden_continuous_size': 13, 'attention_head_size': 3, 'learning_rate': 0.004963569557019877}. Best is trial 37 with value: 29.456579208374023.
LOCAL_RANK: 0 - CUDA_VISIBLE_DEVICES: [0]
[I 2023-11-30 14:44:20,031] Trial 87 finished with value: 33.067203521728516 and parameters: {'gradient_clip_val': 0.3334958277495685, 'hidden_size': 93, 'dropout': 0.24786020976592005, 'hidden_continuous_size': 15, 'attention_head_size': 1, 'learning_rate': 0.003852027795183737}. Best is trial 37 with value: 29.456579208374023.
LOCAL_RANK: 0 - CUDA_VISIBLE_DEVICES: [0]
[I 2023-11-30 14:44:34,162] Trial 88 finished with value: 36.5384635925293 and parameters: {'gradient_clip_val': 0.45070194362184474, 'hidden_size': 120, 'dropout': 0.2928274184215335, 'hidden_continuous_size': 32, 'attention_head_size': 1, 'learning_rate': 0.0031491509165699153}. Best is trial 37 with value: 29.456579208374023.
LOCAL_RANK: 0 - CUDA_VISIBLE_DEVICES: [0]
[I 2023-11-30 14:44:48,775] Trial 89 finished with value: 32.461090087890625 and parameters: {'gradient_clip_val': 0.5181105261792649, 'hidden_size': 135, 'dropout': 0.25381801184399605, 'hidden_continuous_size': 19, 'attention_head_size': 1, 'learning_rate': 0.0015166557219441522}. Best is trial 37 with value: 29.456579208374023.
LOCAL_RANK: 0 - CUDA_VISIBLE_DEVICES: [0]
[I 2023-11-30 14:45:02,733] Trial 90 finished with value: 35.43070602416992 and parameters: {'gradient_clip_val': 0.5885857491708655, 'hidden_size': 113, 'dropout': 0.2813781156791832, 'hidden_continuous_size': 11, 'attention_head_size': 2, 'learning_rate': 0.005127561402082397}. Best is trial 37 with value: 29.456579208374023.
LOCAL_RANK: 0 - CUDA_VISIBLE_DEVICES: [0]
[I 2023-11-30 14:45:17,053] Trial 91 finished with value: 37.11302185058594 and parameters: {'gradient_clip_val': 0.48480059073980386, 'hidden_size': 127, 'dropout': 0.3113973229535987, 'hidden_continuous_size': 17, 'attention_head_size': 2, 'learning_rate': 0.0019180880834878138}. Best is trial 37 with value: 29.456579208374023.
LOCAL_RANK: 0 - CUDA_VISIBLE_DEVICES: [0]
[I 2023-11-30 14:45:31,326] Trial 92 finished with value: 38.02669906616211 and parameters: {'gradient_clip_val': 0.39545353534490674, 'hidden_size': 122, 'dropout': 0.31812108703155234, 'hidden_continuous_size': 15, 'attention_head_size': 2, 'learning_rate': 0.0020475807484688423}. Best is trial 37 with value: 29.456579208374023.
LOCAL_RANK: 0 - CUDA_VISIBLE_DEVICES: [0]
[I 2023-11-30 14:45:45,707] Trial 93 finished with value: 35.857913970947266 and parameters: {'gradient_clip_val': 0.5667206456945992, 'hidden_size': 144, 'dropout': 0.32703183761416066, 'hidden_continuous_size': 12, 'attention_head_size': 2, 'learning_rate': 0.0022809681135985325}. Best is trial 37 with value: 29.456579208374023.
LOCAL_RANK: 0 - CUDA_VISIBLE_DEVICES: [0]
[I 2023-11-30 14:46:00,039] Trial 94 finished with value: 33.33366775512695 and parameters: {'gradient_clip_val': 0.43283616481647835, 'hidden_size': 107, 'dropout': 0.259480821859689, 'hidden_continuous_size': 14, 'attention_head_size': 2, 'learning_rate': 0.002681403255118025}. Best is trial 37 with value: 29.456579208374023.
LOCAL_RANK: 0 - CUDA_VISIBLE_DEVICES: [0]
[I 2023-11-30 14:46:13,833] Trial 95 finished with value: 41.479251861572266 and parameters: {'gradient_clip_val': 0.49261046819832804, 'hidden_size': 96, 'dropout': 0.31662175433079937, 'hidden_continuous_size': 13, 'attention_head_size': 3, 'learning_rate': 0.003451065510575294}. Best is trial 37 with value: 29.456579208374023.
LOCAL_RANK: 0 - CUDA_VISIBLE_DEVICES: [0]
[I 2023-11-30 14:46:28,211] Trial 96 finished with value: 36.25005340576172 and parameters: {'gradient_clip_val': 0.4630782453849744, 'hidden_size': 132, 'dropout': 0.2944110061772614, 'hidden_continuous_size': 27, 'attention_head_size': 2, 'learning_rate': 0.001359458817082496}. Best is trial 37 with value: 29.456579208374023.
LOCAL_RANK: 0 - CUDA_VISIBLE_DEVICES: [0]
[I 2023-11-30 14:46:42,470] Trial 97 finished with value: 31.738492965698242 and parameters: {'gradient_clip_val': 0.5113310442629573, 'hidden_size': 100, 'dropout': 0.2704168439285201, 'hidden_continuous_size': 20, 'attention_head_size': 1, 'learning_rate': 0.0030859982255114628}. Best is trial 37 with value: 29.456579208374023.
LOCAL_RANK: 0 - CUDA_VISIBLE_DEVICES: [0]
[I 2023-11-30 14:46:56,795] Trial 98 finished with value: 37.20480728149414 and parameters: {'gradient_clip_val': 0.3834091540527305, 'hidden_size': 118, 'dropout': 0.2849806463415911, 'hidden_continuous_size': 24, 'attention_head_size': 2, 'learning_rate': 0.0020672072264517447}. Best is trial 37 with value: 29.456579208374023.
LOCAL_RANK: 0 - CUDA_VISIBLE_DEVICES: [0]
[I 2023-11-30 14:47:10,794] Trial 99 finished with value: 31.612695693969727 and parameters: {'gradient_clip_val': 0.8578089873572177, 'hidden_size': 86, 'dropout': 0.305123621368983, 'hidden_continuous_size': 30, 'attention_head_size': 1, 'learning_rate': 0.00443271194647853}. Best is trial 37 with value: 29.456579208374023.
LOCAL_RANK: 0 - CUDA_VISIBLE_DEVICES: [0]
[I 2023-11-30 14:47:25,078] Trial 100 finished with value: 39.386417388916016 and parameters: {'gradient_clip_val': 0.807602643172527, 'hidden_size': 110, 'dropout': 0.3358075177446249, 'hidden_continuous_size': 16, 'attention_head_size': 3, 'learning_rate': 0.006524074464731638}. Best is trial 37 with value: 29.456579208374023.
LOCAL_RANK: 0 - CUDA_VISIBLE_DEVICES: [0]
[I 2023-11-30 14:47:39,125] Trial 101 finished with value: 33.142208099365234 and parameters: {'gradient_clip_val': 0.8883440727576498, 'hidden_size': 83, 'dropout': 0.3069506095293255, 'hidden_continuous_size': 31, 'attention_head_size': 1, 'learning_rate': 0.004509966589855333}. Best is trial 37 with value: 29.456579208374023.
LOCAL_RANK: 0 - CUDA_VISIBLE_DEVICES: [0]
[I 2023-11-30 14:47:53,262] Trial 102 finished with value: 40.402130126953125 and parameters: {'gradient_clip_val': 0.9630270805914264, 'hidden_size': 103, 'dropout': 0.2990900364944573, 'hidden_continuous_size': 29, 'attention_head_size': 1, 'learning_rate': 0.005565592251823371}. Best is trial 37 with value: 29.456579208374023.
LOCAL_RANK: 0 - CUDA_VISIBLE_DEVICES: [0]
[I 2023-11-30 14:48:07,293] Trial 103 finished with value: 36.67521667480469 and parameters: {'gradient_clip_val': 0.7105215376195712, 'hidden_size': 89, 'dropout': 0.3116546190016424, 'hidden_continuous_size': 34, 'attention_head_size': 1, 'learning_rate': 0.003683495009620461}. Best is trial 37 with value: 29.456579208374023.
LOCAL_RANK: 0 - CUDA_VISIBLE_DEVICES: [0]
[I 2023-11-30 14:48:22,185] Trial 104 finished with value: 38.581966400146484 and parameters: {'gradient_clip_val': 0.7511012258417367, 'hidden_size': 150, 'dropout': 0.32172133838697736, 'hidden_continuous_size': 38, 'attention_head_size': 1, 'learning_rate': 0.004167990525871766}. Best is trial 37 with value: 29.456579208374023.
LOCAL_RANK: 0 - CUDA_VISIBLE_DEVICES: [0]
[I 2023-11-30 14:48:36,240] Trial 105 finished with value: 30.491004943847656 and parameters: {'gradient_clip_val': 0.8435061504955617, 'hidden_size': 94, 'dropout': 0.28877604209725816, 'hidden_continuous_size': 33, 'attention_head_size': 1, 'learning_rate': 0.0024282642987219984}. Best is trial 37 with value: 29.456579208374023.
LOCAL_RANK: 0 - CUDA_VISIBLE_DEVICES: [0]
[I 2023-11-30 14:48:50,835] Trial 106 finished with value: 37.181522369384766 and parameters: {'gradient_clip_val': 0.8190868649166697, 'hidden_size': 116, 'dropout': 0.2883217149605017, 'hidden_continuous_size': 35, 'attention_head_size': 1, 'learning_rate': 0.00238824233502279}. Best is trial 37 with value: 29.456579208374023.
LOCAL_RANK: 0 - CUDA_VISIBLE_DEVICES: [0]
[I 2023-11-30 14:49:04,915] Trial 107 finished with value: 30.667715072631836 and parameters: {'gradient_clip_val': 0.4076697199772967, 'hidden_size': 96, 'dropout': 0.2733527746406839, 'hidden_continuous_size': 33, 'attention_head_size': 2, 'learning_rate': 0.0028495039327222325}. Best is trial 37 with value: 29.456579208374023.
LOCAL_RANK: 0 - CUDA_VISIBLE_DEVICES: [0]
[I 2023-11-30 14:49:18,927] Trial 108 finished with value: 38.7286262512207 and parameters: {'gradient_clip_val': 0.4085185325404311, 'hidden_size': 94, 'dropout': 0.27471481931122915, 'hidden_continuous_size': 38, 'attention_head_size': 1, 'learning_rate': 0.0027563530171499195}. Best is trial 37 with value: 29.456579208374023.
LOCAL_RANK: 0 - CUDA_VISIBLE_DEVICES: [0]
[I 2023-11-30 14:49:33,224] Trial 109 finished with value: 35.85110855102539 and parameters: {'gradient_clip_val': 0.3360190605201515, 'hidden_size': 77, 'dropout': 0.26228333679971044, 'hidden_continuous_size': 33, 'attention_head_size': 2, 'learning_rate': 0.0033071664588900564}. Best is trial 37 with value: 29.456579208374023.
LOCAL_RANK: 0 - CUDA_VISIBLE_DEVICES: [0]
[I 2023-11-30 14:49:47,155] Trial 110 finished with value: 30.1806697845459 and parameters: {'gradient_clip_val': 0.36308254002938034, 'hidden_size': 100, 'dropout': 0.2804086119696072, 'hidden_continuous_size': 36, 'attention_head_size': 1, 'learning_rate': 0.0030461945807568926}. Best is trial 37 with value: 29.456579208374023.
LOCAL_RANK: 0 - CUDA_VISIBLE_DEVICES: [0]
[I 2023-11-30 14:50:01,036] Trial 111 finished with value: 33.467979431152344 and parameters: {'gradient_clip_val': 0.3667723862906104, 'hidden_size': 109, 'dropout': 0.27894372411767104, 'hidden_continuous_size': 37, 'attention_head_size': 1, 'learning_rate': 0.00303310907836019}. Best is trial 37 with value: 29.456579208374023.
LOCAL_RANK: 0 - CUDA_VISIBLE_DEVICES: [0]
[I 2023-11-30 14:50:14,755] Trial 112 finished with value: 33.46111297607422 and parameters: {'gradient_clip_val': 0.41815135620546545, 'hidden_size': 98, 'dropout': 0.29082500662592586, 'hidden_continuous_size': 42, 'attention_head_size': 1, 'learning_rate': 0.0024651218555301804}. Best is trial 37 with value: 29.456579208374023.
LOCAL_RANK: 0 - CUDA_VISIBLE_DEVICES: [0]
[I 2023-11-30 14:50:28,234] Trial 113 finished with value: 44.84160232543945 and parameters: {'gradient_clip_val': 0.31350910027702716, 'hidden_size': 81, 'dropout': 0.2668635750122104, 'hidden_continuous_size': 36, 'attention_head_size': 1, 'learning_rate': 0.0036511725879974765}. Best is trial 37 with value: 29.456579208374023.
LOCAL_RANK: 0 - CUDA_VISIBLE_DEVICES: [0]
[I 2023-11-30 14:50:41,904] Trial 114 finished with value: 37.76791000366211 and parameters: {'gradient_clip_val': 0.3619763755419859, 'hidden_size': 91, 'dropout': 0.27270309190677355, 'hidden_continuous_size': 31, 'attention_head_size': 1, 'learning_rate': 0.0028401042622900148}. Best is trial 37 with value: 29.456579208374023.
LOCAL_RANK: 0 - CUDA_VISIBLE_DEVICES: [0]
[I 2023-11-30 14:50:55,670] Trial 115 finished with value: 35.80818557739258 and parameters: {'gradient_clip_val': 0.34400182915594135, 'hidden_size': 105, 'dropout': 0.28131096552490575, 'hidden_continuous_size': 33, 'attention_head_size': 1, 'learning_rate': 0.004103241386990938}. Best is trial 37 with value: 29.456579208374023.
LOCAL_RANK: 0 - CUDA_VISIBLE_DEVICES: [0]
[I 2023-11-30 14:51:09,206] Trial 116 finished with value: 33.87260055541992 and parameters: {'gradient_clip_val': 0.3838415061377692, 'hidden_size': 71, 'dropout': 0.29584083603443595, 'hidden_continuous_size': 37, 'attention_head_size': 3, 'learning_rate': 0.002631486466332222}. Best is trial 37 with value: 29.456579208374023.
LOCAL_RANK: 0 - CUDA_VISIBLE_DEVICES: [0]
[I 2023-11-30 14:51:22,612] Trial 117 finished with value: 41.50336837768555 and parameters: {'gradient_clip_val': 0.6885947983219235, 'hidden_size': 74, 'dropout': 0.25885880291964886, 'hidden_continuous_size': 39, 'attention_head_size': 1, 'learning_rate': 0.0016920722927198384}. Best is trial 37 with value: 29.456579208374023.
LOCAL_RANK: 0 - CUDA_VISIBLE_DEVICES: [0]
[I 2023-11-30 14:51:35,817] Trial 118 finished with value: 34.3447380065918 and parameters: {'gradient_clip_val': 0.3249653384654488, 'hidden_size': 64, 'dropout': 0.24000404858240199, 'hidden_continuous_size': 34, 'attention_head_size': 1, 'learning_rate': 0.005096224018448668}. Best is trial 37 with value: 29.456579208374023.
LOCAL_RANK: 0 - CUDA_VISIBLE_DEVICES: [0]
[I 2023-11-30 14:51:49,991] Trial 119 finished with value: 36.34424591064453 and parameters: {'gradient_clip_val': 0.43923894557255705, 'hidden_size': 115, 'dropout': 0.2848524948673364, 'hidden_continuous_size': 44, 'attention_head_size': 2, 'learning_rate': 0.006071463517552824}. Best is trial 37 with value: 29.456579208374023.
LOCAL_RANK: 0 - CUDA_VISIBLE_DEVICES: [0]
[I 2023-11-30 14:52:03,554] Trial 120 finished with value: 33.07038879394531 and parameters: {'gradient_clip_val': 0.4653317490384976, 'hidden_size': 87, 'dropout': 0.10203904773693435, 'hidden_continuous_size': 27, 'attention_head_size': 3, 'learning_rate': 0.003479007218421105}. Best is trial 37 with value: 29.456579208374023.
LOCAL_RANK: 0 - CUDA_VISIBLE_DEVICES: [0]
[I 2023-11-30 14:52:17,452] Trial 121 finished with value: 29.18534278869629 and parameters: {'gradient_clip_val': 0.39883689083435614, 'hidden_size': 124, 'dropout': 0.2999194374745177, 'hidden_continuous_size': 42, 'attention_head_size': 2, 'learning_rate': 0.002214805883378894}. Best is trial 121 with value: 29.18534278869629.
LOCAL_RANK: 0 - CUDA_VISIBLE_DEVICES: [0]
[I 2023-11-30 14:52:31,494] Trial 122 finished with value: 29.92027473449707 and parameters: {'gradient_clip_val': 0.4010546122802232, 'hidden_size': 131, 'dropout': 0.30007368000633083, 'hidden_continuous_size': 41, 'attention_head_size': 2, 'learning_rate': 0.0022221268733315282}. Best is trial 121 with value: 29.18534278869629.
LOCAL_RANK: 0 - CUDA_VISIBLE_DEVICES: [0]
[I 2023-11-30 14:52:45,536] Trial 123 finished with value: 36.65850830078125 and parameters: {'gradient_clip_val': 0.39981792792495663, 'hidden_size': 133, 'dropout': 0.30031912600358507, 'hidden_continuous_size': 44, 'attention_head_size': 2, 'learning_rate': 0.0021344565827540658}. Best is trial 121 with value: 29.18534278869629.
LOCAL_RANK: 0 - CUDA_VISIBLE_DEVICES: [0]
[I 2023-11-30 14:52:55,944] Trial 124 finished with value: 65.54293823242188 and parameters: {'gradient_clip_val': 0.9263583146689393, 'hidden_size': 28, 'dropout': 0.29452885063580675, 'hidden_continuous_size': 28, 'attention_head_size': 2, 'learning_rate': 0.0019416137348529433}. Best is trial 121 with value: 29.18534278869629.
LOCAL_RANK: 0 - CUDA_VISIBLE_DEVICES: [0]
[I 2023-11-30 14:53:09,858] Trial 125 finished with value: 33.512393951416016 and parameters: {'gradient_clip_val': 0.4297149721421357, 'hidden_size': 102, 'dropout': 0.2667356464714304, 'hidden_continuous_size': 40, 'attention_head_size': 2, 'learning_rate': 0.0022094660588788877}. Best is trial 121 with value: 29.18534278869629.
LOCAL_RANK: 0 - CUDA_VISIBLE_DEVICES: [0]
[I 2023-11-30 14:53:23,904] Trial 126 finished with value: 41.82246398925781 and parameters: {'gradient_clip_val': 0.406784765072015, 'hidden_size': 140, 'dropout': 0.2767281980834707, 'hidden_continuous_size': 49, 'attention_head_size': 2, 'learning_rate': 0.001791537985416437}. Best is trial 121 with value: 29.18534278869629.
LOCAL_RANK: 0 - CUDA_VISIBLE_DEVICES: [0]
[I 2023-11-30 14:53:37,697] Trial 127 finished with value: 37.40488815307617 and parameters: {'gradient_clip_val': 0.38177220151657654, 'hidden_size': 94, 'dropout': 0.3031119038941126, 'hidden_continuous_size': 42, 'attention_head_size': 2, 'learning_rate': 0.0025443396728756285}. Best is trial 121 with value: 29.18534278869629.
LOCAL_RANK: 0 - CUDA_VISIBLE_DEVICES: [0]
