[I 2023-11-29 21:10:22,067] Trial 141 finished with value: 3.3654239177703857 and parameters: {'gradient_clip_val': 0.2504823170639196, 'hidden_size': 70, 'dropout': 0.3276474449513856, 'hidden_continuous_size': 48, 'attention_head_size': 2, 'learning_rate': 0.005685750647174318}. Best is trial 120 with value: 2.6951475143432617.
LOCAL_RANK: 0 - CUDA_VISIBLE_DEVICES: [0]
[I 2023-11-29 21:10:36,296] Trial 142 finished with value: 3.083941698074341 and parameters: {'gradient_clip_val': 0.2274513231191192, 'hidden_size': 83, 'dropout': 0.29518513327962054, 'hidden_continuous_size': 57, 'attention_head_size': 4, 'learning_rate': 0.007008654722752346}. Best is trial 120 with value: 2.6951475143432617.
LOCAL_RANK: 0 - CUDA_VISIBLE_DEVICES: [0]
[I 2023-11-29 21:10:49,849] Trial 143 finished with value: 3.228436231613159 and parameters: {'gradient_clip_val': 0.24470028050178952, 'hidden_size': 62, 'dropout': 0.3092134846418394, 'hidden_continuous_size': 53, 'attention_head_size': 3, 'learning_rate': 0.008079299159287649}. Best is trial 120 with value: 2.6951475143432617.
LOCAL_RANK: 0 - CUDA_VISIBLE_DEVICES: [0]
[I 2023-11-29 21:11:03,313] Trial 144 finished with value: 3.2111587524414062 and parameters: {'gradient_clip_val': 0.6230318450530116, 'hidden_size': 67, 'dropout': 0.32089000976366033, 'hidden_continuous_size': 51, 'attention_head_size': 1, 'learning_rate': 0.004890774731838631}. Best is trial 120 with value: 2.6951475143432617.
LOCAL_RANK: 0 - CUDA_VISIBLE_DEVICES: [0]
[I 2023-11-29 21:11:16,706] Trial 145 finished with value: 3.0836684703826904 and parameters: {'gradient_clip_val': 0.14074960695235053, 'hidden_size': 74, 'dropout': 0.1683394120974079, 'hidden_continuous_size': 21, 'attention_head_size': 2, 'learning_rate': 0.006724021229880721}. Best is trial 120 with value: 2.6951475143432617.
LOCAL_RANK: 0 - CUDA_VISIBLE_DEVICES: [0]
[I 2023-11-29 21:11:30,352] Trial 146 finished with value: 3.2097442150115967 and parameters: {'gradient_clip_val': 0.23834062772139158, 'hidden_size': 79, 'dropout': 0.1933689567495426, 'hidden_continuous_size': 22, 'attention_head_size': 4, 'learning_rate': 0.004300322509933724}. Best is trial 120 with value: 2.6951475143432617.
LOCAL_RANK: 0 - CUDA_VISIBLE_DEVICES: [0]
[I 2023-11-29 21:11:44,028] Trial 147 finished with value: 3.88083815574646 and parameters: {'gradient_clip_val': 0.21517988759008885, 'hidden_size': 60, 'dropout': 0.34920833229443166, 'hidden_continuous_size': 50, 'attention_head_size': 3, 'learning_rate': 0.00532755405690447}. Best is trial 120 with value: 2.6951475143432617.
LOCAL_RANK: 0 - CUDA_VISIBLE_DEVICES: [0]
[I 2023-11-29 21:11:58,148] Trial 148 finished with value: 3.1992409229278564 and parameters: {'gradient_clip_val': 0.2877528514479048, 'hidden_size': 131, 'dropout': 0.2551545832760701, 'hidden_continuous_size': 19, 'attention_head_size': 4, 'learning_rate': 0.00632611119405695}. Best is trial 120 with value: 2.6951475143432617.
LOCAL_RANK: 0 - CUDA_VISIBLE_DEVICES: [0]
[I 2023-11-29 21:12:11,823] Trial 149 finished with value: 3.048245668411255 and parameters: {'gradient_clip_val': 0.11717911687781773, 'hidden_size': 71, 'dropout': 0.2888337296844802, 'hidden_continuous_size': 44, 'attention_head_size': 3, 'learning_rate': 0.014886883500994904}. Best is trial 120 with value: 2.6951475143432617.
[I 2023-11-29 21:12:11,938] A new study created in memory with name: no-name-5bf3a75b-03a2-4442-ba6a-f22afd2630d1
/home/le004/conda/anaconda3/envs/tsff_env/lib/python3.9/site-packages/lightning/fabric/plugins/environments/slurm.py:191: The `srun` command is available on your system but is not used. HINT: If your intention is to run Lightning on SLURM, prepend your python command with `srun` like so: srun python /home/le004/master_thesis/git/TSFusionForecast/code/ ...
LOCAL_RANK: 0 - CUDA_VISIBLE_DEVICES: [0]
[I 2023-11-29 21:12:23,968] Trial 0 finished with value: 66.97000122070312 and parameters: {'gradient_clip_val': 0.2419135876660494, 'hidden_size': 20, 'dropout': 0.27834776769164654, 'hidden_continuous_size': 10, 'attention_head_size': 4, 'learning_rate': 0.08842267010207129}. Best is trial 0 with value: 66.97000122070312.
LOCAL_RANK: 0 - CUDA_VISIBLE_DEVICES: [0]
[I 2023-11-29 21:12:35,782] Trial 1 finished with value: 245.8440704345703 and parameters: {'gradient_clip_val': 0.3076711614614253, 'hidden_size': 20, 'dropout': 0.18157907153897485, 'hidden_continuous_size': 12, 'attention_head_size': 2, 'learning_rate': 0.0013943488835582492}. Best is trial 0 with value: 66.97000122070312.
LOCAL_RANK: 0 - CUDA_VISIBLE_DEVICES: [0]
[I 2023-11-29 21:12:48,687] Trial 2 finished with value: 90.0514907836914 and parameters: {'gradient_clip_val': 0.6259638714526394, 'hidden_size': 39, 'dropout': 0.17460956974486327, 'hidden_continuous_size': 18, 'attention_head_size': 3, 'learning_rate': 0.014211357340513002}. Best is trial 0 with value: 66.97000122070312.
LOCAL_RANK: 0 - CUDA_VISIBLE_DEVICES: [0]
[I 2023-11-29 21:13:02,415] Trial 3 finished with value: 94.90017700195312 and parameters: {'gradient_clip_val': 0.2284367467635458, 'hidden_size': 111, 'dropout': 0.30660346172095776, 'hidden_continuous_size': 20, 'attention_head_size': 1, 'learning_rate': 0.0012808304780831626}. Best is trial 0 with value: 66.97000122070312.
LOCAL_RANK: 0 - CUDA_VISIBLE_DEVICES: [0]
[I 2023-11-29 21:13:15,637] Trial 4 finished with value: 74.24468231201172 and parameters: {'gradient_clip_val': 0.8831181775802365, 'hidden_size': 52, 'dropout': 0.39892021461678673, 'hidden_continuous_size': 40, 'attention_head_size': 4, 'learning_rate': 0.09855282916659436}. Best is trial 0 with value: 66.97000122070312.
LOCAL_RANK: 0 - CUDA_VISIBLE_DEVICES: [0]
[I 2023-11-29 21:13:27,405] Trial 5 finished with value: 253.3517303466797 and parameters: {'gradient_clip_val': 0.2717749873016422, 'hidden_size': 12, 'dropout': 0.3892098866412761, 'hidden_continuous_size': 10, 'attention_head_size': 2, 'learning_rate': 0.0011390390162638318}. Best is trial 0 with value: 66.97000122070312.
LOCAL_RANK: 0 - CUDA_VISIBLE_DEVICES: [0]
[I 2023-11-29 21:13:41,305] Trial 6 finished with value: 56.11268997192383 and parameters: {'gradient_clip_val': 0.9419306859469295, 'hidden_size': 131, 'dropout': 0.18590646177364506, 'hidden_continuous_size': 17, 'attention_head_size': 4, 'learning_rate': 0.06940297448938426}. Best is trial 6 with value: 56.11268997192383.
LOCAL_RANK: 0 - CUDA_VISIBLE_DEVICES: [0]
[I 2023-11-29 21:13:54,246] Trial 7 finished with value: 66.39266967773438 and parameters: {'gradient_clip_val': 0.7895993681181223, 'hidden_size': 35, 'dropout': 0.38766724057186464, 'hidden_continuous_size': 23, 'attention_head_size': 4, 'learning_rate': 0.011921552444715608}. Best is trial 6 with value: 56.11268997192383.
LOCAL_RANK: 0 - CUDA_VISIBLE_DEVICES: [0]
[I 2023-11-29 21:14:07,150] Trial 8 finished with value: 80.6255111694336 and parameters: {'gradient_clip_val': 0.7384800470466297, 'hidden_size': 43, 'dropout': 0.15484929303854977, 'hidden_continuous_size': 28, 'attention_head_size': 2, 'learning_rate': 0.0043233579195613245}. Best is trial 6 with value: 56.11268997192383.
LOCAL_RANK: 0 - CUDA_VISIBLE_DEVICES: [0]
[I 2023-11-29 21:14:17,302] Trial 9 finished with value: 162.57861328125 and parameters: {'gradient_clip_val': 0.42481663021437616, 'hidden_size': 10, 'dropout': 0.26561495066595886, 'hidden_continuous_size': 10, 'attention_head_size': 3, 'learning_rate': 0.006625416864233871}. Best is trial 6 with value: 56.11268997192383.
LOCAL_RANK: 0 - CUDA_VISIBLE_DEVICES: [0]
[I 2023-11-29 21:14:31,854] Trial 10 finished with value: 60.58693313598633 and parameters: {'gradient_clip_val': 0.1368121219252913, 'hidden_size': 148, 'dropout': 0.10061876358325866, 'hidden_continuous_size': 73, 'attention_head_size': 3, 'learning_rate': 0.040746295525569784}. Best is trial 6 with value: 56.11268997192383.
LOCAL_RANK: 0 - CUDA_VISIBLE_DEVICES: [0]
[I 2023-11-29 21:14:46,406] Trial 11 finished with value: 68.79869079589844 and parameters: {'gradient_clip_val': 0.11242390513533175, 'hidden_size': 146, 'dropout': 0.11029364488978294, 'hidden_continuous_size': 70, 'attention_head_size': 3, 'learning_rate': 0.039081428284258264}. Best is trial 6 with value: 56.11268997192383.
LOCAL_RANK: 0 - CUDA_VISIBLE_DEVICES: [0]
[I 2023-11-29 21:15:00,918] Trial 12 finished with value: 62.690521240234375 and parameters: {'gradient_clip_val': 0.12772978871538912, 'hidden_size': 98, 'dropout': 0.10334595841806503, 'hidden_continuous_size': 93, 'attention_head_size': 4, 'learning_rate': 0.03661967418031185}. Best is trial 6 with value: 56.11268997192383.
LOCAL_RANK: 0 - CUDA_VISIBLE_DEVICES: [0]
[I 2023-11-29 21:15:12,053] Trial 13 finished with value: 72.95292663574219 and parameters: {'gradient_clip_val': 0.16787622612340936, 'hidden_size': 150, 'dropout': 0.20928122413987177, 'hidden_continuous_size': 150, 'attention_head_size': 3, 'learning_rate': 0.036644197569792945}. Best is trial 6 with value: 56.11268997192383.
LOCAL_RANK: 0 - CUDA_VISIBLE_DEVICES: [0]
[I 2023-11-29 21:15:25,733] Trial 14 finished with value: 69.01776123046875 and parameters: {'gradient_clip_val': 0.45722719417433844, 'hidden_size': 82, 'dropout': 0.13266232829599395, 'hidden_continuous_size': 32, 'attention_head_size': 4, 'learning_rate': 0.05781876478340813}. Best is trial 6 with value: 56.11268997192383.
LOCAL_RANK: 0 - CUDA_VISIBLE_DEVICES: [0]
[I 2023-11-29 21:15:39,038] Trial 15 finished with value: 65.70127868652344 and parameters: {'gradient_clip_val': 0.1792228524617927, 'hidden_size': 76, 'dropout': 0.21531734399387736, 'hidden_continuous_size': 16, 'attention_head_size': 3, 'learning_rate': 0.021086949704340174}. Best is trial 6 with value: 56.11268997192383.
LOCAL_RANK: 0 - CUDA_VISIBLE_DEVICES: [0]
[I 2023-11-29 21:15:52,847] Trial 16 finished with value: 69.32614135742188 and parameters: {'gradient_clip_val': 0.3959611013865445, 'hidden_size': 118, 'dropout': 0.1398392890478918, 'hidden_continuous_size': 40, 'attention_head_size': 1, 'learning_rate': 0.02350446968250649}. Best is trial 6 with value: 56.11268997192383.
LOCAL_RANK: 0 - CUDA_VISIBLE_DEVICES: [0]
[I 2023-11-29 21:16:06,484] Trial 17 finished with value: 63.9023551940918 and parameters: {'gradient_clip_val': 0.9573970559128211, 'hidden_size': 82, 'dropout': 0.10456161422866045, 'hidden_continuous_size': 15, 'attention_head_size': 4, 'learning_rate': 0.06410473995639177}. Best is trial 6 with value: 56.11268997192383.
LOCAL_RANK: 0 - CUDA_VISIBLE_DEVICES: [0]
[I 2023-11-29 21:16:19,519] Trial 18 finished with value: 62.371826171875 and parameters: {'gradient_clip_val': 0.5791477058363966, 'hidden_size': 61, 'dropout': 0.1494589127327885, 'hidden_continuous_size': 14, 'attention_head_size': 3, 'learning_rate': 0.05756341473708336}. Best is trial 6 with value: 56.11268997192383.
LOCAL_RANK: 0 - CUDA_VISIBLE_DEVICES: [0]
[I 2023-11-29 21:16:33,365] Trial 19 finished with value: 65.6030044555664 and parameters: {'gradient_clip_val': 0.3483799747160339, 'hidden_size': 115, 'dropout': 0.2082839834185445, 'hidden_continuous_size': 23, 'attention_head_size': 2, 'learning_rate': 0.024923693101647458}. Best is trial 6 with value: 56.11268997192383.
LOCAL_RANK: 0 - CUDA_VISIBLE_DEVICES: [0]
[I 2023-11-29 21:16:47,837] Trial 20 finished with value: 53.20473098754883 and parameters: {'gradient_clip_val': 0.4930089093655848, 'hidden_size': 149, 'dropout': 0.1716069237551392, 'hidden_continuous_size': 49, 'attention_head_size': 4, 'learning_rate': 0.09408035271994988}. Best is trial 20 with value: 53.20473098754883.
LOCAL_RANK: 0 - CUDA_VISIBLE_DEVICES: [0]
[I 2023-11-29 21:17:02,254] Trial 21 finished with value: 67.49976348876953 and parameters: {'gradient_clip_val': 0.586066438775612, 'hidden_size': 149, 'dropout': 0.17543147524007544, 'hidden_continuous_size': 53, 'attention_head_size': 4, 'learning_rate': 0.09885694488138838}. Best is trial 20 with value: 53.20473098754883.
LOCAL_RANK: 0 - CUDA_VISIBLE_DEVICES: [0]
[I 2023-11-29 21:17:16,563] Trial 22 finished with value: 54.068965911865234 and parameters: {'gradient_clip_val': 0.980866440565976, 'hidden_size': 99, 'dropout': 0.13258136830475936, 'hidden_continuous_size': 52, 'attention_head_size': 4, 'learning_rate': 0.067932786166663}. Best is trial 20 with value: 53.20473098754883.
LOCAL_RANK: 0 - CUDA_VISIBLE_DEVICES: [0]
[I 2023-11-29 21:17:30,576] Trial 23 finished with value: 68.84734344482422 and parameters: {'gradient_clip_val': 0.9911616594147368, 'hidden_size': 102, 'dropout': 0.1907776573912141, 'hidden_continuous_size': 41, 'attention_head_size': 4, 'learning_rate': 0.06396976479978013}. Best is trial 20 with value: 53.20473098754883.
LOCAL_RANK: 0 - CUDA_VISIBLE_DEVICES: [0]
[I 2023-11-29 21:17:44,102] Trial 24 finished with value: 73.46239471435547 and parameters: {'gradient_clip_val': 0.7336434554443413, 'hidden_size': 88, 'dropout': 0.23057202172548893, 'hidden_continuous_size': 31, 'attention_head_size': 4, 'learning_rate': 0.07071415311380076}. Best is trial 20 with value: 53.20473098754883.
LOCAL_RANK: 0 - CUDA_VISIBLE_DEVICES: [0]
[I 2023-11-29 21:17:57,546] Trial 25 finished with value: 60.3974609375 and parameters: {'gradient_clip_val': 0.5029530190771053, 'hidden_size': 67, 'dropout': 0.16198683754524346, 'hidden_continuous_size': 20, 'attention_head_size': 4, 'learning_rate': 0.04732331297859079}. Best is trial 20 with value: 53.20473098754883.
LOCAL_RANK: 0 - CUDA_VISIBLE_DEVICES: [0]
[I 2023-11-29 21:18:11,720] Trial 26 finished with value: 54.9705810546875 and parameters: {'gradient_clip_val': 0.8342752301731308, 'hidden_size': 113, 'dropout': 0.13757185694660895, 'hidden_continuous_size': 51, 'attention_head_size': 4, 'learning_rate': 0.07787949715652387}. Best is trial 20 with value: 53.20473098754883.
LOCAL_RANK: 0 - CUDA_VISIBLE_DEVICES: [0]
[I 2023-11-29 21:18:25,769] Trial 27 finished with value: 94.98462677001953 and parameters: {'gradient_clip_val': 0.732471535261229, 'hidden_size': 100, 'dropout': 0.12829821849835307, 'hidden_continuous_size': 49, 'attention_head_size': 3, 'learning_rate': 0.09761668669262627}. Best is trial 20 with value: 53.20473098754883.
LOCAL_RANK: 0 - CUDA_VISIBLE_DEVICES: [0]
[I 2023-11-29 21:18:39,852] Trial 28 finished with value: 66.63248443603516 and parameters: {'gradient_clip_val': 0.6450557078084445, 'hidden_size': 108, 'dropout': 0.12868482655390667, 'hidden_continuous_size': 50, 'attention_head_size': 4, 'learning_rate': 0.029432580293084185}. Best is trial 20 with value: 53.20473098754883.
LOCAL_RANK: 0 - CUDA_VISIBLE_DEVICES: [0]
[I 2023-11-29 21:18:54,105] Trial 29 finished with value: 66.87711334228516 and parameters: {'gradient_clip_val': 0.5394136534085636, 'hidden_size': 118, 'dropout': 0.16088759546471748, 'hidden_continuous_size': 62, 'attention_head_size': 4, 'learning_rate': 0.07730367969866224}. Best is trial 20 with value: 53.20473098754883.
LOCAL_RANK: 0 - CUDA_VISIBLE_DEVICES: [0]
[I 2023-11-29 21:19:08,029] Trial 30 finished with value: 65.71080780029297 and parameters: {'gradient_clip_val': 0.8633983577919067, 'hidden_size': 90, 'dropout': 0.12544313817689384, 'hidden_continuous_size': 36, 'attention_head_size': 4, 'learning_rate': 0.04710814312810305}. Best is trial 20 with value: 53.20473098754883.
LOCAL_RANK: 0 - CUDA_VISIBLE_DEVICES: [0]
[I 2023-11-29 21:19:22,006] Trial 31 finished with value: 103.2206802368164 and parameters: {'gradient_clip_val': 0.8416251862159375, 'hidden_size': 121, 'dropout': 0.15008964065944436, 'hidden_continuous_size': 26, 'attention_head_size': 4, 'learning_rate': 0.07961940944597126}. Best is trial 20 with value: 53.20473098754883.
LOCAL_RANK: 0 - CUDA_VISIBLE_DEVICES: [0]
[I 2023-11-29 21:19:36,359] Trial 32 finished with value: 75.27770233154297 and parameters: {'gradient_clip_val': 0.9804852476044212, 'hidden_size': 130, 'dropout': 0.19187318296876407, 'hidden_continuous_size': 43, 'attention_head_size': 4, 'learning_rate': 0.0529210747508961}. Best is trial 20 with value: 53.20473098754883.
LOCAL_RANK: 0 - CUDA_VISIBLE_DEVICES: [0]
[I 2023-11-29 21:19:50,593] Trial 33 finished with value: 59.51206588745117 and parameters: {'gradient_clip_val': 0.6541314358655828, 'hidden_size': 131, 'dropout': 0.18359742429822046, 'hidden_continuous_size': 35, 'attention_head_size': 4, 'learning_rate': 0.07755246620666506}. Best is trial 20 with value: 53.20473098754883.
LOCAL_RANK: 0 - CUDA_VISIBLE_DEVICES: [0]
[I 2023-11-29 21:20:03,818] Trial 34 finished with value: 80.93364715576172 and parameters: {'gradient_clip_val': 0.7044288172688379, 'hidden_size': 71, 'dropout': 0.1694128601901807, 'hidden_continuous_size': 13, 'attention_head_size': 3, 'learning_rate': 0.06962988766299692}. Best is trial 20 with value: 53.20473098754883.
LOCAL_RANK: 0 - CUDA_VISIBLE_DEVICES: [0]
[I 2023-11-29 21:20:17,865] Trial 35 finished with value: 64.880126953125 and parameters: {'gradient_clip_val': 0.8301949987558864, 'hidden_size': 96, 'dropout': 0.14524922851761837, 'hidden_continuous_size': 46, 'attention_head_size': 4, 'learning_rate': 0.05000072890918024}. Best is trial 20 with value: 53.20473098754883.
LOCAL_RANK: 0 - CUDA_VISIBLE_DEVICES: [0]
[I 2023-11-29 21:20:31,933] Trial 36 finished with value: 67.01850128173828 and parameters: {'gradient_clip_val': 0.999498996547699, 'hidden_size': 126, 'dropout': 0.17201529478662825, 'hidden_continuous_size': 56, 'attention_head_size': 1, 'learning_rate': 0.09217457350567347}. Best is trial 20 with value: 53.20473098754883.
LOCAL_RANK: 0 - CUDA_VISIBLE_DEVICES: [0]
[I 2023-11-29 21:20:45,843] Trial 37 finished with value: 69.86432647705078 and parameters: {'gradient_clip_val': 0.8158923891498733, 'hidden_size': 88, 'dropout': 0.11895254369735912, 'hidden_continuous_size': 36, 'attention_head_size': 4, 'learning_rate': 0.07790807264142063}. Best is trial 20 with value: 53.20473098754883.
LOCAL_RANK: 0 - CUDA_VISIBLE_DEVICES: [0]
[I 2023-11-29 21:20:58,849] Trial 38 finished with value: 65.81262969970703 and parameters: {'gradient_clip_val': 0.6893036468638539, 'hidden_size': 60, 'dropout': 0.1386761750422352, 'hidden_continuous_size': 12, 'attention_head_size': 3, 'learning_rate': 0.032501841449430656}. Best is trial 20 with value: 53.20473098754883.
LOCAL_RANK: 0 - CUDA_VISIBLE_DEVICES: [0]
[I 2023-11-29 21:21:12,670] Trial 39 finished with value: 82.49713897705078 and parameters: {'gradient_clip_val': 0.6135671552087799, 'hidden_size': 110, 'dropout': 0.15925510758743283, 'hidden_continuous_size': 17, 'attention_head_size': 4, 'learning_rate': 0.017178897541145596}. Best is trial 20 with value: 53.20473098754883.
LOCAL_RANK: 0 - CUDA_VISIBLE_DEVICES: [0]
[I 2023-11-29 21:21:26,284] Trial 40 finished with value: 90.51497650146484 and parameters: {'gradient_clip_val': 0.7778361750255197, 'hidden_size': 75, 'dropout': 0.12040588786677264, 'hidden_continuous_size': 44, 'attention_head_size': 2, 'learning_rate': 0.04901890200777892}. Best is trial 20 with value: 53.20473098754883.
LOCAL_RANK: 0 - CUDA_VISIBLE_DEVICES: [0]
[I 2023-11-29 21:21:40,286] Trial 41 finished with value: 81.2495346069336 and parameters: {'gradient_clip_val': 0.8927681674101947, 'hidden_size': 136, 'dropout': 0.1820959319973492, 'hidden_continuous_size': 32, 'attention_head_size': 4, 'learning_rate': 0.07958775684646849}. Best is trial 20 with value: 53.20473098754883.
LOCAL_RANK: 0 - CUDA_VISIBLE_DEVICES: [0]
[I 2023-11-29 21:21:54,584] Trial 42 finished with value: 66.04586029052734 and parameters: {'gradient_clip_val': 0.6550945997885872, 'hidden_size': 131, 'dropout': 0.19018363790774484, 'hidden_continuous_size': 37, 'attention_head_size': 4, 'learning_rate': 0.06193151489005797}. Best is trial 20 with value: 53.20473098754883.
LOCAL_RANK: 0 - CUDA_VISIBLE_DEVICES: [0]
[I 2023-11-29 21:22:08,832] Trial 43 finished with value: 81.01720428466797 and parameters: {'gradient_clip_val': 0.8898980929184727, 'hidden_size': 133, 'dropout': 0.14590880232606135, 'hidden_continuous_size': 19, 'attention_head_size': 4, 'learning_rate': 0.09977620416514446}. Best is trial 20 with value: 53.20473098754883.
LOCAL_RANK: 0 - CUDA_VISIBLE_DEVICES: [0]
[I 2023-11-29 21:22:22,911] Trial 44 finished with value: 61.03166580200195 and parameters: {'gradient_clip_val': 0.7794608873205731, 'hidden_size': 106, 'dropout': 0.16510632112813955, 'hidden_continuous_size': 48, 'attention_head_size': 4, 'learning_rate': 0.0444141967969229}. Best is trial 20 with value: 53.20473098754883.
LOCAL_RANK: 0 - CUDA_VISIBLE_DEVICES: [0]
[I 2023-11-29 21:22:37,229] Trial 45 finished with value: 74.53494262695312 and parameters: {'gradient_clip_val': 0.6722210584934792, 'hidden_size': 129, 'dropout': 0.23707214030972718, 'hidden_continuous_size': 58, 'attention_head_size': 4, 'learning_rate': 0.0782187912521469}. Best is trial 20 with value: 53.20473098754883.
LOCAL_RANK: 0 - CUDA_VISIBLE_DEVICES: [0]
[I 2023-11-29 21:22:51,568] Trial 46 finished with value: 68.67047882080078 and parameters: {'gradient_clip_val': 0.5295920016964292, 'hidden_size': 150, 'dropout': 0.1815052351503037, 'hidden_continuous_size': 25, 'attention_head_size': 3, 'learning_rate': 0.04104592745845805}. Best is trial 20 with value: 53.20473098754883.
LOCAL_RANK: 0 - CUDA_VISIBLE_DEVICES: [0]
[I 2023-11-29 21:23:05,436] Trial 47 finished with value: 92.77718353271484 and parameters: {'gradient_clip_val': 0.7572393582176188, 'hidden_size': 97, 'dropout': 0.11273868913360258, 'hidden_continuous_size': 22, 'attention_head_size': 4, 'learning_rate': 0.05734439758968704}. Best is trial 20 with value: 53.20473098754883.
LOCAL_RANK: 0 - CUDA_VISIBLE_DEVICES: [0]
[I 2023-11-29 21:23:19,403] Trial 48 finished with value: 72.382080078125 and parameters: {'gradient_clip_val': 0.9084291754878797, 'hidden_size': 109, 'dropout': 0.13476866716628128, 'hidden_continuous_size': 29, 'attention_head_size': 4, 'learning_rate': 0.0344066328214428}. Best is trial 20 with value: 53.20473098754883.
LOCAL_RANK: 0 - CUDA_VISIBLE_DEVICES: [0]
