[I 2023-11-30 12:14:55,007] Trial 25 finished with value: 176.99729919433594 and parameters: {'gradient_clip_val': 0.7114127233180861, 'hidden_size': 13, 'dropout': 0.23677513869769812, 'hidden_continuous_size': 11, 'attention_head_size': 1, 'learning_rate': 0.023457964710300185}. Best is trial 11 with value: 134.59573364257812.
LOCAL_RANK: 0 - CUDA_VISIBLE_DEVICES: [0]
[I 2023-11-30 12:15:07,287] Trial 26 finished with value: 175.6780242919922 and parameters: {'gradient_clip_val': 0.38450968049425716, 'hidden_size': 24, 'dropout': 0.28190916675553107, 'hidden_continuous_size': 13, 'attention_head_size': 1, 'learning_rate': 0.07120241030473455}. Best is trial 11 with value: 134.59573364257812.
LOCAL_RANK: 0 - CUDA_VISIBLE_DEVICES: [0]
[I 2023-11-30 12:15:19,586] Trial 27 finished with value: 164.64065551757812 and parameters: {'gradient_clip_val': 0.4360970866701744, 'hidden_size': 31, 'dropout': 0.22117474365996884, 'hidden_continuous_size': 14, 'attention_head_size': 2, 'learning_rate': 0.044687369787060435}. Best is trial 11 with value: 134.59573364257812.
LOCAL_RANK: 0 - CUDA_VISIBLE_DEVICES: [0]
[I 2023-11-30 12:15:31,605] Trial 28 finished with value: 213.7574005126953 and parameters: {'gradient_clip_val': 0.26423725097980494, 'hidden_size': 18, 'dropout': 0.24630939708654398, 'hidden_continuous_size': 12, 'attention_head_size': 1, 'learning_rate': 0.01658740996917414}. Best is trial 11 with value: 134.59573364257812.
LOCAL_RANK: 0 - CUDA_VISIBLE_DEVICES: [0]
[I 2023-11-30 12:15:43,593] Trial 29 finished with value: 177.82969665527344 and parameters: {'gradient_clip_val': 0.34557104132116656, 'hidden_size': 14, 'dropout': 0.10884620317886748, 'hidden_continuous_size': 11, 'attention_head_size': 1, 'learning_rate': 0.007490582299664021}. Best is trial 11 with value: 134.59573364257812.
LOCAL_RANK: 0 - CUDA_VISIBLE_DEVICES: [0]
[I 2023-11-30 12:15:55,706] Trial 30 finished with value: 180.80189514160156 and parameters: {'gradient_clip_val': 0.3075700910619442, 'hidden_size': 17, 'dropout': 0.14127287327994992, 'hidden_continuous_size': 10, 'attention_head_size': 3, 'learning_rate': 0.02497799996922593}. Best is trial 11 with value: 134.59573364257812.
LOCAL_RANK: 0 - CUDA_VISIBLE_DEVICES: [0]
[I 2023-11-30 12:16:07,909] Trial 31 finished with value: 179.43031311035156 and parameters: {'gradient_clip_val': 0.301124321614738, 'hidden_size': 20, 'dropout': 0.21933930065547808, 'hidden_continuous_size': 12, 'attention_head_size': 2, 'learning_rate': 0.014565746391317497}. Best is trial 11 with value: 134.59573364257812.
LOCAL_RANK: 0 - CUDA_VISIBLE_DEVICES: [0]
[I 2023-11-30 12:16:19,711] Trial 32 finished with value: 181.373291015625 and parameters: {'gradient_clip_val': 0.26671163999426883, 'hidden_size': 16, 'dropout': 0.2390271510799583, 'hidden_continuous_size': 12, 'attention_head_size': 1, 'learning_rate': 0.019530991622452587}. Best is trial 11 with value: 134.59573364257812.
LOCAL_RANK: 0 - CUDA_VISIBLE_DEVICES: [0]
[I 2023-11-30 12:16:31,533] Trial 33 finished with value: 284.15093994140625 and parameters: {'gradient_clip_val': 0.31278180999011324, 'hidden_size': 20, 'dropout': 0.1958621676170566, 'hidden_continuous_size': 12, 'attention_head_size': 2, 'learning_rate': 0.010847156557353963}. Best is trial 11 with value: 134.59573364257812.
LOCAL_RANK: 0 - CUDA_VISIBLE_DEVICES: [0]
[I 2023-11-30 12:16:43,355] Trial 34 finished with value: 175.19976806640625 and parameters: {'gradient_clip_val': 0.24408097801148418, 'hidden_size': 12, 'dropout': 0.2284167648607132, 'hidden_continuous_size': 10, 'attention_head_size': 2, 'learning_rate': 0.03300893797918164}. Best is trial 11 with value: 134.59573364257812.
LOCAL_RANK: 0 - CUDA_VISIBLE_DEVICES: [0]
[I 2023-11-30 12:16:55,242] Trial 35 finished with value: 230.35679626464844 and parameters: {'gradient_clip_val': 0.19875148537641063, 'hidden_size': 11, 'dropout': 0.1722060205399248, 'hidden_continuous_size': 10, 'attention_head_size': 1, 'learning_rate': 0.018547034267082086}. Best is trial 11 with value: 134.59573364257812.
LOCAL_RANK: 0 - CUDA_VISIBLE_DEVICES: [0]
[I 2023-11-30 12:17:07,456] Trial 36 finished with value: 240.88763427734375 and parameters: {'gradient_clip_val': 0.28916100631901975, 'hidden_size': 15, 'dropout': 0.2825025737065263, 'hidden_continuous_size': 11, 'attention_head_size': 2, 'learning_rate': 0.009676841593587029}. Best is trial 11 with value: 134.59573364257812.
LOCAL_RANK: 0 - CUDA_VISIBLE_DEVICES: [0]
[I 2023-11-30 12:17:20,203] Trial 37 finished with value: 157.1238555908203 and parameters: {'gradient_clip_val': 0.34611331258856803, 'hidden_size': 35, 'dropout': 0.25911811833389475, 'hidden_continuous_size': 17, 'attention_head_size': 3, 'learning_rate': 0.027558092628435893}. Best is trial 11 with value: 134.59573364257812.
LOCAL_RANK: 0 - CUDA_VISIBLE_DEVICES: [0]
[I 2023-11-30 12:17:32,548] Trial 38 finished with value: 163.5030975341797 and parameters: {'gradient_clip_val': 0.14678603170650067, 'hidden_size': 29, 'dropout': 0.20792145798526449, 'hidden_continuous_size': 14, 'attention_head_size': 2, 'learning_rate': 0.03372977823783262}. Best is trial 11 with value: 134.59573364257812.
LOCAL_RANK: 0 - CUDA_VISIBLE_DEVICES: [0]
[I 2023-11-30 12:17:44,584] Trial 39 finished with value: 158.49957275390625 and parameters: {'gradient_clip_val': 0.4817533655368885, 'hidden_size': 28, 'dropout': 0.23319918057749223, 'hidden_continuous_size': 13, 'attention_head_size': 1, 'learning_rate': 0.02129594651472122}. Best is trial 11 with value: 134.59573364257812.
LOCAL_RANK: 0 - CUDA_VISIBLE_DEVICES: [0]
[I 2023-11-30 12:17:56,639] Trial 40 finished with value: 156.37562561035156 and parameters: {'gradient_clip_val': 0.38419165877726885, 'hidden_size': 24, 'dropout': 0.1877042420379645, 'hidden_continuous_size': 14, 'attention_head_size': 3, 'learning_rate': 0.027552544267747354}. Best is trial 11 with value: 134.59573364257812.
LOCAL_RANK: 0 - CUDA_VISIBLE_DEVICES: [0]
[I 2023-11-30 12:18:09,046] Trial 41 finished with value: 156.00450134277344 and parameters: {'gradient_clip_val': 0.6255794235702052, 'hidden_size': 22, 'dropout': 0.3037933856584874, 'hidden_continuous_size': 15, 'attention_head_size': 3, 'learning_rate': 0.04679514758881834}. Best is trial 11 with value: 134.59573364257812.
LOCAL_RANK: 0 - CUDA_VISIBLE_DEVICES: [0]
[I 2023-11-30 12:18:21,470] Trial 42 finished with value: 191.5227813720703 and parameters: {'gradient_clip_val': 0.7516980520136212, 'hidden_size': 26, 'dropout': 0.29084814374273915, 'hidden_continuous_size': 16, 'attention_head_size': 4, 'learning_rate': 0.08101171587951328}. Best is trial 11 with value: 134.59573364257812.
LOCAL_RANK: 0 - CUDA_VISIBLE_DEVICES: [0]
[I 2023-11-30 12:18:33,679] Trial 43 finished with value: 170.03919982910156 and parameters: {'gradient_clip_val': 0.5013674643320216, 'hidden_size': 19, 'dropout': 0.32815455200350896, 'hidden_continuous_size': 13, 'attention_head_size': 3, 'learning_rate': 0.06532836947628207}. Best is trial 11 with value: 134.59573364257812.
LOCAL_RANK: 0 - CUDA_VISIBLE_DEVICES: [0]
[I 2023-11-30 12:18:45,978] Trial 44 finished with value: 174.4605712890625 and parameters: {'gradient_clip_val': 0.810903938364757, 'hidden_size': 23, 'dropout': 0.2467526449934782, 'hidden_continuous_size': 14, 'attention_head_size': 4, 'learning_rate': 0.03613531264112803}. Best is trial 11 with value: 134.59573364257812.
LOCAL_RANK: 0 - CUDA_VISIBLE_DEVICES: [0]
[I 2023-11-30 12:18:58,079] Trial 45 finished with value: 180.9139404296875 and parameters: {'gradient_clip_val': 0.5663995474847664, 'hidden_size': 15, 'dropout': 0.22163520466722791, 'hidden_continuous_size': 12, 'attention_head_size': 4, 'learning_rate': 0.08190001663457588}. Best is trial 11 with value: 134.59573364257812.
LOCAL_RANK: 0 - CUDA_VISIBLE_DEVICES: [0]
[I 2023-11-30 12:19:10,812] Trial 46 finished with value: 185.2311553955078 and parameters: {'gradient_clip_val': 0.562107858639096, 'hidden_size': 41, 'dropout': 0.2570061267549044, 'hidden_continuous_size': 18, 'attention_head_size': 3, 'learning_rate': 0.028779407401652243}. Best is trial 11 with value: 134.59573364257812.
LOCAL_RANK: 0 - CUDA_VISIBLE_DEVICES: [0]
[I 2023-11-30 12:19:23,091] Trial 47 finished with value: 161.24693298339844 and parameters: {'gradient_clip_val': 0.8724683222409302, 'hidden_size': 18, 'dropout': 0.21206611274268883, 'hidden_continuous_size': 12, 'attention_head_size': 2, 'learning_rate': 0.015332261976451048}. Best is trial 11 with value: 134.59573364257812.
LOCAL_RANK: 0 - CUDA_VISIBLE_DEVICES: [0]
[I 2023-11-30 12:19:35,617] Trial 48 finished with value: 167.0414581298828 and parameters: {'gradient_clip_val': 0.666822755157465, 'hidden_size': 34, 'dropout': 0.26705389523509815, 'hidden_continuous_size': 20, 'attention_head_size': 1, 'learning_rate': 0.021576011026737032}. Best is trial 11 with value: 134.59573364257812.
LOCAL_RANK: 0 - CUDA_VISIBLE_DEVICES: [0]
[I 2023-11-30 12:19:48,009] Trial 49 finished with value: 193.1450653076172 and parameters: {'gradient_clip_val': 0.9929937156289205, 'hidden_size': 27, 'dropout': 0.32748573223378064, 'hidden_continuous_size': 13, 'attention_head_size': 4, 'learning_rate': 0.05438587406899571}. Best is trial 11 with value: 134.59573364257812.
LOCAL_RANK: 0 - CUDA_VISIBLE_DEVICES: [0]
[I 2023-11-30 12:19:59,955] Trial 50 finished with value: 165.389404296875 and parameters: {'gradient_clip_val': 0.33279742958502345, 'hidden_size': 20, 'dropout': 0.2423500560584252, 'hidden_continuous_size': 11, 'attention_head_size': 3, 'learning_rate': 0.03795178862497061}. Best is trial 11 with value: 134.59573364257812.
LOCAL_RANK: 0 - CUDA_VISIBLE_DEVICES: [0]
[I 2023-11-30 12:20:12,297] Trial 51 finished with value: 165.68939208984375 and parameters: {'gradient_clip_val': 0.6043634664022481, 'hidden_size': 22, 'dropout': 0.3063907100637931, 'hidden_continuous_size': 15, 'attention_head_size': 3, 'learning_rate': 0.045709416480009916}. Best is trial 11 with value: 134.59573364257812.
LOCAL_RANK: 0 - CUDA_VISIBLE_DEVICES: [0]
[I 2023-11-30 12:20:24,431] Trial 52 finished with value: 177.04595947265625 and parameters: {'gradient_clip_val': 0.6338094094271528, 'hidden_size': 22, 'dropout': 0.3131282892001115, 'hidden_continuous_size': 16, 'attention_head_size': 3, 'learning_rate': 0.05024804968301954}. Best is trial 11 with value: 134.59573364257812.
LOCAL_RANK: 0 - CUDA_VISIBLE_DEVICES: [0]
[I 2023-11-30 12:20:36,705] Trial 53 finished with value: 173.04962158203125 and parameters: {'gradient_clip_val': 0.7169954767956789, 'hidden_size': 25, 'dropout': 0.3442414416320635, 'hidden_continuous_size': 15, 'attention_head_size': 3, 'learning_rate': 0.06100267908565827}. Best is trial 11 with value: 134.59573364257812.
LOCAL_RANK: 0 - CUDA_VISIBLE_DEVICES: [0]
[I 2023-11-30 12:20:48,573] Trial 54 finished with value: 171.635498046875 and parameters: {'gradient_clip_val': 0.9187950792590469, 'hidden_size': 16, 'dropout': 0.29471358740226217, 'hidden_continuous_size': 12, 'attention_head_size': 2, 'learning_rate': 0.09446572849737786}. Best is trial 11 with value: 134.59573364257812.
LOCAL_RANK: 0 - CUDA_VISIBLE_DEVICES: [0]
[I 2023-11-30 12:21:00,729] Trial 55 finished with value: 143.1866912841797 and parameters: {'gradient_clip_val': 0.8645381764454219, 'hidden_size': 19, 'dropout': 0.2761345113297691, 'hidden_continuous_size': 13, 'attention_head_size': 3, 'learning_rate': 0.04180347325639215}. Best is trial 11 with value: 134.59573364257812.
LOCAL_RANK: 0 - CUDA_VISIBLE_DEVICES: [0]
[I 2023-11-30 12:21:12,938] Trial 56 finished with value: 180.575439453125 and parameters: {'gradient_clip_val': 0.8295282569404285, 'hidden_size': 18, 'dropout': 0.2762384915979866, 'hidden_continuous_size': 13, 'attention_head_size': 4, 'learning_rate': 0.031194361590379187}. Best is trial 11 with value: 134.59573364257812.
LOCAL_RANK: 0 - CUDA_VISIBLE_DEVICES: [0]
[I 2023-11-30 12:21:25,467] Trial 57 finished with value: 162.0640106201172 and parameters: {'gradient_clip_val': 0.8913374276443055, 'hidden_size': 31, 'dropout': 0.2536184723989011, 'hidden_continuous_size': 11, 'attention_head_size': 2, 'learning_rate': 0.02393165533598521}. Best is trial 11 with value: 134.59573364257812.
LOCAL_RANK: 0 - CUDA_VISIBLE_DEVICES: [0]
[I 2023-11-30 12:21:37,667] Trial 58 finished with value: 174.29380798339844 and parameters: {'gradient_clip_val': 0.7925778135536267, 'hidden_size': 25, 'dropout': 0.27538318165891984, 'hidden_continuous_size': 14, 'attention_head_size': 1, 'learning_rate': 0.03959779164748908}. Best is trial 11 with value: 134.59573364257812.
LOCAL_RANK: 0 - CUDA_VISIBLE_DEVICES: [0]
[I 2023-11-30 12:21:49,959] Trial 59 finished with value: 182.1013641357422 and parameters: {'gradient_clip_val': 0.9761077112107774, 'hidden_size': 21, 'dropout': 0.23004019129267708, 'hidden_continuous_size': 13, 'attention_head_size': 3, 'learning_rate': 0.055615677448046505}. Best is trial 11 with value: 134.59573364257812.
LOCAL_RANK: 0 - CUDA_VISIBLE_DEVICES: [0]
[I 2023-11-30 12:22:01,919] Trial 60 finished with value: 181.512939453125 and parameters: {'gradient_clip_val': 0.690069462915327, 'hidden_size': 19, 'dropout': 0.2649900471770208, 'hidden_continuous_size': 12, 'attention_head_size': 1, 'learning_rate': 0.06982525965779503}. Best is trial 11 with value: 134.59573364257812.
LOCAL_RANK: 0 - CUDA_VISIBLE_DEVICES: [0]
[I 2023-11-30 12:22:14,019] Trial 61 finished with value: 174.120849609375 and parameters: {'gradient_clip_val': 0.7648611818680957, 'hidden_size': 22, 'dropout': 0.2920602650666934, 'hidden_continuous_size': 15, 'attention_head_size': 3, 'learning_rate': 0.04595427641845705}. Best is trial 11 with value: 134.59573364257812.
LOCAL_RANK: 0 - CUDA_VISIBLE_DEVICES: [0]
[I 2023-11-30 12:22:25,992] Trial 62 finished with value: 149.8552703857422 and parameters: {'gradient_clip_val': 0.8752363603133871, 'hidden_size': 16, 'dropout': 0.3100485195298136, 'hidden_continuous_size': 12, 'attention_head_size': 3, 'learning_rate': 0.05044043966229172}. Best is trial 11 with value: 134.59573364257812.
LOCAL_RANK: 0 - CUDA_VISIBLE_DEVICES: [0]
[I 2023-11-30 12:22:37,864] Trial 63 finished with value: 175.6348114013672 and parameters: {'gradient_clip_val': 0.852588960373649, 'hidden_size': 16, 'dropout': 0.31542726416307415, 'hidden_continuous_size': 12, 'attention_head_size': 3, 'learning_rate': 0.03741231073158303}. Best is trial 11 with value: 134.59573364257812.
LOCAL_RANK: 0 - CUDA_VISIBLE_DEVICES: [0]
[I 2023-11-30 12:22:49,998] Trial 64 finished with value: 144.62179565429688 and parameters: {'gradient_clip_val': 0.9185929173208621, 'hidden_size': 13, 'dropout': 0.25153980309602586, 'hidden_continuous_size': 12, 'attention_head_size': 3, 'learning_rate': 0.06240949692119965}. Best is trial 11 with value: 134.59573364257812.
LOCAL_RANK: 0 - CUDA_VISIBLE_DEVICES: [0]
[I 2023-11-30 12:23:02,265] Trial 65 finished with value: 167.18605041503906 and parameters: {'gradient_clip_val': 0.9132365662646037, 'hidden_size': 14, 'dropout': 0.24773359672504414, 'hidden_continuous_size': 12, 'attention_head_size': 4, 'learning_rate': 0.07664033175520941}. Best is trial 11 with value: 134.59573364257812.
LOCAL_RANK: 0 - CUDA_VISIBLE_DEVICES: [0]
[I 2023-11-30 12:23:14,305] Trial 66 finished with value: 157.3075714111328 and parameters: {'gradient_clip_val': 0.766527355637842, 'hidden_size': 13, 'dropout': 0.2409812464033652, 'hidden_continuous_size': 12, 'attention_head_size': 3, 'learning_rate': 0.059952225469021764}. Best is trial 11 with value: 134.59573364257812.
LOCAL_RANK: 0 - CUDA_VISIBLE_DEVICES: [0]
[I 2023-11-30 12:23:26,429] Trial 67 finished with value: 180.608642578125 and parameters: {'gradient_clip_val': 0.9994709937720131, 'hidden_size': 12, 'dropout': 0.22654345141403456, 'hidden_continuous_size': 10, 'attention_head_size': 3, 'learning_rate': 0.09090527462394059}. Best is trial 11 with value: 134.59573364257812.
LOCAL_RANK: 0 - CUDA_VISIBLE_DEVICES: [0]
[I 2023-11-30 12:23:38,539] Trial 68 finished with value: 158.71815490722656 and parameters: {'gradient_clip_val': 0.8390438328997539, 'hidden_size': 17, 'dropout': 0.21116469174020816, 'hidden_continuous_size': 11, 'attention_head_size': 2, 'learning_rate': 0.06633694731693053}. Best is trial 11 with value: 134.59573364257812.
LOCAL_RANK: 0 - CUDA_VISIBLE_DEVICES: [0]
[I 2023-11-30 12:23:50,531] Trial 69 finished with value: 164.36106872558594 and parameters: {'gradient_clip_val': 0.9124287831575489, 'hidden_size': 15, 'dropout': 0.25490450713593804, 'hidden_continuous_size': 12, 'attention_head_size': 1, 'learning_rate': 0.050408947276377}. Best is trial 11 with value: 134.59573364257812.
LOCAL_RANK: 0 - CUDA_VISIBLE_DEVICES: [0]
[I 2023-11-30 12:24:02,636] Trial 70 finished with value: 152.07969665527344 and parameters: {'gradient_clip_val': 0.7403605405915955, 'hidden_size': 11, 'dropout': 0.26446314583151687, 'hidden_continuous_size': 10, 'attention_head_size': 3, 'learning_rate': 0.07381938134392436}. Best is trial 11 with value: 134.59573364257812.
LOCAL_RANK: 0 - CUDA_VISIBLE_DEVICES: [0]
[I 2023-11-30 12:24:12,880] Trial 71 finished with value: 167.52113342285156 and parameters: {'gradient_clip_val': 0.8107007283118806, 'hidden_size': 10, 'dropout': 0.2345335186450987, 'hidden_continuous_size': 10, 'attention_head_size': 3, 'learning_rate': 0.09853643297073558}. Best is trial 11 with value: 134.59573364257812.
LOCAL_RANK: 0 - CUDA_VISIBLE_DEVICES: [0]
[I 2023-11-30 12:24:24,833] Trial 72 finished with value: 139.7183380126953 and parameters: {'gradient_clip_val': 0.8904355630594322, 'hidden_size': 11, 'dropout': 0.2648371444193377, 'hidden_continuous_size': 10, 'attention_head_size': 3, 'learning_rate': 0.0757436023764357}. Best is trial 11 with value: 134.59573364257812.
LOCAL_RANK: 0 - CUDA_VISIBLE_DEVICES: [0]
[I 2023-11-30 12:24:35,018] Trial 73 finished with value: 161.69480895996094 and parameters: {'gradient_clip_val': 0.930855706921009, 'hidden_size': 10, 'dropout': 0.26510234605140026, 'hidden_continuous_size': 10, 'attention_head_size': 3, 'learning_rate': 0.07806153213038952}. Best is trial 11 with value: 134.59573364257812.
LOCAL_RANK: 0 - CUDA_VISIBLE_DEVICES: [0]
[I 2023-11-30 12:24:46,827] Trial 74 finished with value: 147.3602752685547 and parameters: {'gradient_clip_val': 0.7424022953061951, 'hidden_size': 12, 'dropout': 0.27613910673402775, 'hidden_continuous_size': 10, 'attention_head_size': 3, 'learning_rate': 0.07059330271000382}. Best is trial 11 with value: 134.59573364257812.
LOCAL_RANK: 0 - CUDA_VISIBLE_DEVICES: [0]
[I 2023-11-30 12:24:58,753] Trial 75 finished with value: 165.45684814453125 and parameters: {'gradient_clip_val': 0.7188976046454809, 'hidden_size': 11, 'dropout': 0.28087462361350685, 'hidden_continuous_size': 10, 'attention_head_size': 3, 'learning_rate': 0.08559955033525653}. Best is trial 11 with value: 134.59573364257812.
LOCAL_RANK: 0 - CUDA_VISIBLE_DEVICES: [0]
[I 2023-11-30 12:25:10,716] Trial 76 finished with value: 140.4983367919922 and parameters: {'gradient_clip_val': 0.8631871578653981, 'hidden_size': 11, 'dropout': 0.2861868106311627, 'hidden_continuous_size': 10, 'attention_head_size': 3, 'learning_rate': 0.06944159179216351}. Best is trial 11 with value: 134.59573364257812.
LOCAL_RANK: 0 - CUDA_VISIBLE_DEVICES: [0]
[I 2023-11-30 12:25:22,610] Trial 77 finished with value: 147.69097900390625 and parameters: {'gradient_clip_val': 0.8715538129949953, 'hidden_size': 11, 'dropout': 0.28585795369741207, 'hidden_continuous_size': 10, 'attention_head_size': 3, 'learning_rate': 0.07256499687494238}. Best is trial 11 with value: 134.59573364257812.
LOCAL_RANK: 0 - CUDA_VISIBLE_DEVICES: [0]
[I 2023-11-30 12:25:34,622] Trial 78 finished with value: 139.2274932861328 and parameters: {'gradient_clip_val': 0.8801776234652584, 'hidden_size': 12, 'dropout': 0.2885273778093831, 'hidden_continuous_size': 10, 'attention_head_size': 3, 'learning_rate': 0.0629642721218013}. Best is trial 11 with value: 134.59573364257812.
LOCAL_RANK: 0 - CUDA_VISIBLE_DEVICES: [0]
[I 2023-11-30 12:25:46,417] Trial 79 finished with value: 151.93756103515625 and parameters: {'gradient_clip_val': 0.7766274816907291, 'hidden_size': 12, 'dropout': 0.2862033114601298, 'hidden_continuous_size': 10, 'attention_head_size': 3, 'learning_rate': 0.06284560971600008}. Best is trial 11 with value: 134.59573364257812.
LOCAL_RANK: 0 - CUDA_VISIBLE_DEVICES: [0]
[I 2023-11-30 12:25:58,403] Trial 80 finished with value: 161.26319885253906 and parameters: {'gradient_clip_val': 0.8496145160287717, 'hidden_size': 13, 'dropout': 0.2732893218662672, 'hidden_continuous_size': 10, 'attention_head_size': 3, 'learning_rate': 0.08780720036871971}. Best is trial 11 with value: 134.59573364257812.
LOCAL_RANK: 0 - CUDA_VISIBLE_DEVICES: [0]
[I 2023-11-30 12:26:10,508] Trial 81 finished with value: 163.76336669921875 and parameters: {'gradient_clip_val': 0.8788485918428951, 'hidden_size': 14, 'dropout': 0.2956385160904773, 'hidden_continuous_size': 10, 'attention_head_size': 3, 'learning_rate': 0.07095641148807433}. Best is trial 11 with value: 134.59573364257812.
LOCAL_RANK: 0 - CUDA_VISIBLE_DEVICES: [0]
[I 2023-11-30 12:26:22,191] Trial 82 finished with value: 147.7359161376953 and parameters: {'gradient_clip_val': 0.9367175414551426, 'hidden_size': 12, 'dropout': 0.2882449150729021, 'hidden_continuous_size': 10, 'attention_head_size': 3, 'learning_rate': 0.05759381359092318}. Best is trial 11 with value: 134.59573364257812.
LOCAL_RANK: 0 - CUDA_VISIBLE_DEVICES: [0]
[I 2023-11-30 12:26:34,409] Trial 83 finished with value: 173.23741149902344 and parameters: {'gradient_clip_val': 0.9409719470390745, 'hidden_size': 11, 'dropout': 0.2862961688733414, 'hidden_continuous_size': 10, 'attention_head_size': 3, 'learning_rate': 0.05953366173644732}. Best is trial 11 with value: 134.59573364257812.
LOCAL_RANK: 0 - CUDA_VISIBLE_DEVICES: [0]
