[I 2023-11-30 05:51:32,921] Trial 77 finished with value: 189.7365264892578 and parameters: {'gradient_clip_val': 0.5252719641284757, 'hidden_size': 100, 'dropout': 0.23479679091435396, 'hidden_continuous_size': 91, 'attention_head_size': 3, 'learning_rate': 0.0012602874433159464}. Best is trial 49 with value: 161.7242431640625.
LOCAL_RANK: 0 - CUDA_VISIBLE_DEVICES: [0]
[I 2023-11-30 05:51:47,609] Trial 78 finished with value: 189.0625457763672 and parameters: {'gradient_clip_val': 0.5662214322576404, 'hidden_size': 136, 'dropout': 0.31511052519854726, 'hidden_continuous_size': 128, 'attention_head_size': 3, 'learning_rate': 0.0021178746099480266}. Best is trial 49 with value: 161.7242431640625.
LOCAL_RANK: 0 - CUDA_VISIBLE_DEVICES: [0]
[I 2023-11-30 05:52:01,759] Trial 79 finished with value: 214.58154296875 and parameters: {'gradient_clip_val': 0.6491501581742953, 'hidden_size': 85, 'dropout': 0.26168270325034676, 'hidden_continuous_size': 80, 'attention_head_size': 3, 'learning_rate': 0.0014565527497339553}. Best is trial 49 with value: 161.7242431640625.
LOCAL_RANK: 0 - CUDA_VISIBLE_DEVICES: [0]
[I 2023-11-30 05:52:16,210] Trial 80 finished with value: 200.0146026611328 and parameters: {'gradient_clip_val': 0.5112566457001576, 'hidden_size': 109, 'dropout': 0.28126080486132526, 'hidden_continuous_size': 100, 'attention_head_size': 4, 'learning_rate': 0.0010839173181629547}. Best is trial 49 with value: 161.7242431640625.
LOCAL_RANK: 0 - CUDA_VISIBLE_DEVICES: [0]
[I 2023-11-30 05:52:30,393] Trial 81 finished with value: 210.56703186035156 and parameters: {'gradient_clip_val': 0.6981414622497626, 'hidden_size': 90, 'dropout': 0.29011272033342245, 'hidden_continuous_size': 85, 'attention_head_size': 3, 'learning_rate': 0.001838981779067855}. Best is trial 49 with value: 161.7242431640625.
LOCAL_RANK: 0 - CUDA_VISIBLE_DEVICES: [0]
[I 2023-11-30 05:52:44,407] Trial 82 finished with value: 215.9739990234375 and parameters: {'gradient_clip_val': 0.6059987639103012, 'hidden_size': 74, 'dropout': 0.30242920132568707, 'hidden_continuous_size': 71, 'attention_head_size': 3, 'learning_rate': 0.002202643521880752}. Best is trial 49 with value: 161.7242431640625.
LOCAL_RANK: 0 - CUDA_VISIBLE_DEVICES: [0]
[I 2023-11-30 05:52:59,071] Trial 83 finished with value: 217.6805877685547 and parameters: {'gradient_clip_val': 0.7847645407380635, 'hidden_size': 123, 'dropout': 0.2741887548634225, 'hidden_continuous_size': 104, 'attention_head_size': 3, 'learning_rate': 0.0012988979627592424}. Best is trial 49 with value: 161.7242431640625.
LOCAL_RANK: 0 - CUDA_VISIBLE_DEVICES: [0]
[I 2023-11-30 05:53:13,453] Trial 84 finished with value: 216.3973846435547 and parameters: {'gradient_clip_val': 0.4708855432073289, 'hidden_size': 113, 'dropout': 0.29009820679875487, 'hidden_continuous_size': 102, 'attention_head_size': 3, 'learning_rate': 0.002583887629335353}. Best is trial 49 with value: 161.7242431640625.
LOCAL_RANK: 0 - CUDA_VISIBLE_DEVICES: [0]
[I 2023-11-30 05:53:27,633] Trial 85 finished with value: 189.6192626953125 and parameters: {'gradient_clip_val': 0.6606682706826792, 'hidden_size': 101, 'dropout': 0.3281621285039056, 'hidden_continuous_size': 92, 'attention_head_size': 2, 'learning_rate': 0.0014651685101219507}. Best is trial 49 with value: 161.7242431640625.
LOCAL_RANK: 0 - CUDA_VISIBLE_DEVICES: [0]
[I 2023-11-30 05:53:41,841] Trial 86 finished with value: 222.6782684326172 and parameters: {'gradient_clip_val': 0.7121035639510638, 'hidden_size': 95, 'dropout': 0.27178795614151613, 'hidden_continuous_size': 88, 'attention_head_size': 3, 'learning_rate': 0.0010067539830045382}. Best is trial 49 with value: 161.7242431640625.
LOCAL_RANK: 0 - CUDA_VISIBLE_DEVICES: [0]
[I 2023-11-30 05:53:56,416] Trial 87 finished with value: 210.87632751464844 and parameters: {'gradient_clip_val': 0.6210043514877847, 'hidden_size': 141, 'dropout': 0.30665058498241426, 'hidden_continuous_size': 61, 'attention_head_size': 3, 'learning_rate': 0.0017066594895115033}. Best is trial 49 with value: 161.7242431640625.
LOCAL_RANK: 0 - CUDA_VISIBLE_DEVICES: [0]
[I 2023-11-30 05:54:10,944] Trial 88 finished with value: 209.3988800048828 and parameters: {'gradient_clip_val': 0.5634501998067799, 'hidden_size': 127, 'dropout': 0.2560212560434091, 'hidden_continuous_size': 118, 'attention_head_size': 3, 'learning_rate': 0.0020153358276345126}. Best is trial 49 with value: 161.7242431640625.
LOCAL_RANK: 0 - CUDA_VISIBLE_DEVICES: [0]
[I 2023-11-30 05:54:24,912] Trial 89 finished with value: 182.84938049316406 and parameters: {'gradient_clip_val': 0.3928967848556266, 'hidden_size': 88, 'dropout': 0.28329677247656926, 'hidden_continuous_size': 81, 'attention_head_size': 2, 'learning_rate': 0.0015503706167385506}. Best is trial 49 with value: 161.7242431640625.
LOCAL_RANK: 0 - CUDA_VISIBLE_DEVICES: [0]
[I 2023-11-30 05:54:39,754] Trial 90 finished with value: 195.7725067138672 and parameters: {'gradient_clip_val': 0.4352110681228766, 'hidden_size': 142, 'dropout': 0.2970582135392962, 'hidden_continuous_size': 126, 'attention_head_size': 4, 'learning_rate': 0.0012361020468558668}. Best is trial 49 with value: 161.7242431640625.
LOCAL_RANK: 0 - CUDA_VISIBLE_DEVICES: [0]
[I 2023-11-30 05:54:54,728] Trial 91 finished with value: 186.6865234375 and parameters: {'gradient_clip_val': 0.6739472405657864, 'hidden_size': 150, 'dropout': 0.2639983306968527, 'hidden_continuous_size': 142, 'attention_head_size': 3, 'learning_rate': 0.0018632907875517975}. Best is trial 49 with value: 161.7242431640625.
LOCAL_RANK: 0 - CUDA_VISIBLE_DEVICES: [0]
[I 2023-11-30 05:55:09,363] Trial 92 finished with value: 206.1339569091797 and parameters: {'gradient_clip_val': 0.7318946475265347, 'hidden_size': 130, 'dropout': 0.2726747836226576, 'hidden_continuous_size': 108, 'attention_head_size': 3, 'learning_rate': 0.001723604861895989}. Best is trial 49 with value: 161.7242431640625.
LOCAL_RANK: 0 - CUDA_VISIBLE_DEVICES: [0]
[I 2023-11-30 05:55:23,703] Trial 93 finished with value: 229.541015625 and parameters: {'gradient_clip_val': 0.5919127126165696, 'hidden_size': 116, 'dropout': 0.2851387747711285, 'hidden_continuous_size': 109, 'attention_head_size': 3, 'learning_rate': 0.0023062053378110478}. Best is trial 49 with value: 161.7242431640625.
LOCAL_RANK: 0 - CUDA_VISIBLE_DEVICES: [0]
[I 2023-11-30 05:55:38,384] Trial 94 finished with value: 186.1167449951172 and parameters: {'gradient_clip_val': 0.5431305994525449, 'hidden_size': 138, 'dropout': 0.24675864840574768, 'hidden_continuous_size': 124, 'attention_head_size': 3, 'learning_rate': 0.0013536687269057525}. Best is trial 49 with value: 161.7242431640625.
LOCAL_RANK: 0 - CUDA_VISIBLE_DEVICES: [0]
[I 2023-11-30 05:55:52,705] Trial 95 finished with value: 205.3810272216797 and parameters: {'gradient_clip_val': 0.6587961622540828, 'hidden_size': 105, 'dropout': 0.27829522989478506, 'hidden_continuous_size': 98, 'attention_head_size': 3, 'learning_rate': 0.0011704818611748854}. Best is trial 49 with value: 161.7242431640625.
LOCAL_RANK: 0 - CUDA_VISIBLE_DEVICES: [0]
[I 2023-11-30 05:56:07,171] Trial 96 finished with value: 187.6290283203125 and parameters: {'gradient_clip_val': 0.7617945331648809, 'hidden_size': 122, 'dropout': 0.31584952814081757, 'hidden_continuous_size': 111, 'attention_head_size': 3, 'learning_rate': 0.0015197037919878421}. Best is trial 49 with value: 161.7242431640625.
LOCAL_RANK: 0 - CUDA_VISIBLE_DEVICES: [0]
[I 2023-11-30 05:56:21,580] Trial 97 finished with value: 193.0834503173828 and parameters: {'gradient_clip_val': 0.7004875128662541, 'hidden_size': 113, 'dropout': 0.2960796227169124, 'hidden_continuous_size': 101, 'attention_head_size': 3, 'learning_rate': 0.0028351759924452567}. Best is trial 49 with value: 161.7242431640625.
LOCAL_RANK: 0 - CUDA_VISIBLE_DEVICES: [0]
[I 2023-11-30 05:56:36,142] Trial 98 finished with value: 179.474365234375 and parameters: {'gradient_clip_val': 0.514204953590372, 'hidden_size': 127, 'dropout': 0.265386046617947, 'hidden_continuous_size': 113, 'attention_head_size': 1, 'learning_rate': 0.001091155682204248}. Best is trial 49 with value: 161.7242431640625.
LOCAL_RANK: 0 - CUDA_VISIBLE_DEVICES: [0]
[I 2023-11-30 05:56:50,362] Trial 99 finished with value: 189.09429931640625 and parameters: {'gradient_clip_val': 0.48430436244543396, 'hidden_size': 107, 'dropout': 0.2540986642792229, 'hidden_continuous_size': 95, 'attention_head_size': 1, 'learning_rate': 0.0010962411550722668}. Best is trial 49 with value: 161.7242431640625.
LOCAL_RANK: 0 - CUDA_VISIBLE_DEVICES: [0]
[I 2023-11-30 05:57:04,810] Trial 100 finished with value: 190.16363525390625 and parameters: {'gradient_clip_val': 0.515640734377494, 'hidden_size': 131, 'dropout': 0.2368436421288032, 'hidden_continuous_size': 122, 'attention_head_size': 1, 'learning_rate': 0.0012130325545005357}. Best is trial 49 with value: 161.7242431640625.
LOCAL_RANK: 0 - CUDA_VISIBLE_DEVICES: [0]
[I 2023-11-30 05:57:19,565] Trial 101 finished with value: 188.55517578125 and parameters: {'gradient_clip_val': 0.6278193168552092, 'hidden_size': 149, 'dropout': 0.2674803707434405, 'hidden_continuous_size': 137, 'attention_head_size': 1, 'learning_rate': 0.0013804917921959455}. Best is trial 49 with value: 161.7242431640625.
LOCAL_RANK: 0 - CUDA_VISIBLE_DEVICES: [0]
[I 2023-11-30 05:57:33,804] Trial 102 finished with value: 190.05914306640625 and parameters: {'gradient_clip_val': 0.5446721701446424, 'hidden_size': 124, 'dropout': 0.26173665373430904, 'hidden_continuous_size': 117, 'attention_head_size': 1, 'learning_rate': 0.0015442765752623833}. Best is trial 49 with value: 161.7242431640625.
LOCAL_RANK: 0 - CUDA_VISIBLE_DEVICES: [0]
[I 2023-11-30 05:57:48,822] Trial 103 finished with value: 231.3280487060547 and parameters: {'gradient_clip_val': 0.4702849733674623, 'hidden_size': 141, 'dropout': 0.27923518737275604, 'hidden_continuous_size': 133, 'attention_head_size': 3, 'learning_rate': 0.0010906668813681838}. Best is trial 49 with value: 161.7242431640625.
LOCAL_RANK: 0 - CUDA_VISIBLE_DEVICES: [0]
[I 2023-11-30 05:58:03,306] Trial 104 finished with value: 248.91099548339844 and parameters: {'gradient_clip_val': 0.5973506669451827, 'hidden_size': 131, 'dropout': 0.2699388976900854, 'hidden_continuous_size': 113, 'attention_head_size': 3, 'learning_rate': 0.0016803430069690665}. Best is trial 49 with value: 161.7242431640625.
LOCAL_RANK: 0 - CUDA_VISIBLE_DEVICES: [0]
[I 2023-11-30 05:58:17,477] Trial 105 finished with value: 224.0066375732422 and parameters: {'gradient_clip_val': 0.5073881698243383, 'hidden_size': 96, 'dropout': 0.29359199846966916, 'hidden_continuous_size': 91, 'attention_head_size': 3, 'learning_rate': 0.0013080120631680623}. Best is trial 49 with value: 161.7242431640625.
LOCAL_RANK: 0 - CUDA_VISIBLE_DEVICES: [0]
[I 2023-11-30 05:58:32,434] Trial 106 finished with value: 202.7940673828125 and parameters: {'gradient_clip_val': 0.4166093485151139, 'hidden_size': 143, 'dropout': 0.30353082958156813, 'hidden_continuous_size': 132, 'attention_head_size': 4, 'learning_rate': 0.0019495729455934723}. Best is trial 49 with value: 161.7242431640625.
LOCAL_RANK: 0 - CUDA_VISIBLE_DEVICES: [0]
[I 2023-11-30 05:58:46,753] Trial 107 finished with value: 211.94232177734375 and parameters: {'gradient_clip_val': 0.5343722918483459, 'hidden_size': 120, 'dropout': 0.24744691214143172, 'hidden_continuous_size': 113, 'attention_head_size': 3, 'learning_rate': 0.00119994931905255}. Best is trial 49 with value: 161.7242431640625.
LOCAL_RANK: 0 - CUDA_VISIBLE_DEVICES: [0]
[I 2023-11-30 05:59:01,214] Trial 108 finished with value: 188.2771453857422 and parameters: {'gradient_clip_val': 0.6330468159481683, 'hidden_size': 112, 'dropout': 0.2872333684451887, 'hidden_continuous_size': 105, 'attention_head_size': 3, 'learning_rate': 0.0010220605323152505}. Best is trial 49 with value: 161.7242431640625.
LOCAL_RANK: 0 - CUDA_VISIBLE_DEVICES: [0]
[I 2023-11-30 05:59:15,203] Trial 109 finished with value: 221.8946990966797 and parameters: {'gradient_clip_val': 0.5793680925981124, 'hidden_size': 78, 'dropout': 0.26036401896425226, 'hidden_continuous_size': 76, 'attention_head_size': 2, 'learning_rate': 0.0013803943030668605}. Best is trial 49 with value: 161.7242431640625.
LOCAL_RANK: 0 - CUDA_VISIBLE_DEVICES: [0]
[I 2023-11-30 05:59:29,904] Trial 110 finished with value: 186.1510009765625 and parameters: {'gradient_clip_val': 0.49159043031443883, 'hidden_size': 133, 'dropout': 0.2529718649724864, 'hidden_continuous_size': 123, 'attention_head_size': 3, 'learning_rate': 0.0017943913184193623}. Best is trial 49 with value: 161.7242431640625.
LOCAL_RANK: 0 - CUDA_VISIBLE_DEVICES: [0]
[I 2023-11-30 05:59:44,551] Trial 111 finished with value: 179.8958282470703 and parameters: {'gradient_clip_val': 0.45344914336049313, 'hidden_size': 126, 'dropout': 0.31347927749583354, 'hidden_continuous_size': 115, 'attention_head_size': 4, 'learning_rate': 0.0012152109920046544}. Best is trial 49 with value: 161.7242431640625.
LOCAL_RANK: 0 - CUDA_VISIBLE_DEVICES: [0]
[I 2023-11-30 05:59:59,188] Trial 112 finished with value: 225.3662109375 and parameters: {'gradient_clip_val': 0.4370249643235015, 'hidden_size': 118, 'dropout': 0.3126095693450472, 'hidden_continuous_size': 111, 'attention_head_size': 4, 'learning_rate': 0.0011193486176191553}. Best is trial 49 with value: 161.7242431640625.
LOCAL_RANK: 0 - CUDA_VISIBLE_DEVICES: [0]
[I 2023-11-30 06:00:13,922] Trial 113 finished with value: 191.15472412109375 and parameters: {'gradient_clip_val': 0.5652522296374, 'hidden_size': 124, 'dropout': 0.30472744869270224, 'hidden_continuous_size': 113, 'attention_head_size': 4, 'learning_rate': 0.0015672562688546945}. Best is trial 49 with value: 161.7242431640625.
LOCAL_RANK: 0 - CUDA_VISIBLE_DEVICES: [0]
[I 2023-11-30 06:00:28,326] Trial 114 finished with value: 234.2758026123047 and parameters: {'gradient_clip_val': 0.46326734522996943, 'hidden_size': 102, 'dropout': 0.27626495435139514, 'hidden_continuous_size': 97, 'attention_head_size': 4, 'learning_rate': 0.0012562992501802305}. Best is trial 49 with value: 161.7242431640625.
LOCAL_RANK: 0 - CUDA_VISIBLE_DEVICES: [0]
[I 2023-11-30 06:00:43,138] Trial 115 finished with value: 193.94471740722656 and parameters: {'gradient_clip_val': 0.40206697550523285, 'hidden_size': 137, 'dropout': 0.32101938881531816, 'hidden_continuous_size': 122, 'attention_head_size': 4, 'learning_rate': 0.0014410087387937455}. Best is trial 49 with value: 161.7242431640625.
LOCAL_RANK: 0 - CUDA_VISIBLE_DEVICES: [0]
[I 2023-11-30 06:00:57,427] Trial 116 finished with value: 203.1040802001953 and parameters: {'gradient_clip_val': 0.44704831738632766, 'hidden_size': 108, 'dropout': 0.2892690144131501, 'hidden_continuous_size': 101, 'attention_head_size': 3, 'learning_rate': 0.002036499056691185}. Best is trial 49 with value: 161.7242431640625.
LOCAL_RANK: 0 - CUDA_VISIBLE_DEVICES: [0]
[I 2023-11-30 06:01:12,070] Trial 117 finished with value: 192.4169158935547 and parameters: {'gradient_clip_val': 0.5018862492308321, 'hidden_size': 127, 'dropout': 0.27126747571375537, 'hidden_continuous_size': 118, 'attention_head_size': 3, 'learning_rate': 0.0011786959946098298}. Best is trial 49 with value: 161.7242431640625.
LOCAL_RANK: 0 - CUDA_VISIBLE_DEVICES: [0]
[I 2023-11-30 06:01:26,959] Trial 118 finished with value: 222.4231719970703 and parameters: {'gradient_clip_val': 0.3751837418689005, 'hidden_size': 143, 'dropout': 0.28235921234261246, 'hidden_continuous_size': 130, 'attention_head_size': 4, 'learning_rate': 0.0010103702308073708}. Best is trial 49 with value: 161.7242431640625.
LOCAL_RANK: 0 - CUDA_VISIBLE_DEVICES: [0]
[I 2023-11-30 06:01:41,331] Trial 119 finished with value: 234.4053955078125 and parameters: {'gradient_clip_val': 0.6808254564854145, 'hidden_size': 115, 'dropout': 0.2648994982383814, 'hidden_continuous_size': 106, 'attention_head_size': 2, 'learning_rate': 0.001664197105107161}. Best is trial 49 with value: 161.7242431640625.
LOCAL_RANK: 0 - CUDA_VISIBLE_DEVICES: [0]
[I 2023-11-30 06:01:55,356] Trial 120 finished with value: 180.8856658935547 and parameters: {'gradient_clip_val': 0.7219516945947845, 'hidden_size': 91, 'dropout': 0.2956933557549392, 'hidden_continuous_size': 87, 'attention_head_size': 1, 'learning_rate': 0.001321262061119221}. Best is trial 49 with value: 161.7242431640625.
LOCAL_RANK: 0 - CUDA_VISIBLE_DEVICES: [0]
[I 2023-11-30 06:02:09,243] Trial 121 finished with value: 217.56915283203125 and parameters: {'gradient_clip_val': 0.7968602715963568, 'hidden_size': 92, 'dropout': 0.29695266125898956, 'hidden_continuous_size': 88, 'attention_head_size': 1, 'learning_rate': 0.0013030747139292488}. Best is trial 49 with value: 161.7242431640625.
LOCAL_RANK: 0 - CUDA_VISIBLE_DEVICES: [0]
[I 2023-11-30 06:02:23,360] Trial 122 finished with value: 271.9490966796875 and parameters: {'gradient_clip_val': 0.7294715834799901, 'hidden_size': 83, 'dropout': 0.310398447555348, 'hidden_continuous_size': 81, 'attention_head_size': 1, 'learning_rate': 0.0014167776874942828}. Best is trial 49 with value: 161.7242431640625.
LOCAL_RANK: 0 - CUDA_VISIBLE_DEVICES: [0]
[I 2023-11-30 06:02:37,600] Trial 123 finished with value: 238.3474578857422 and parameters: {'gradient_clip_val': 0.6105722451082662, 'hidden_size': 99, 'dropout': 0.3046974156752037, 'hidden_continuous_size': 93, 'attention_head_size': 1, 'learning_rate': 0.0011142313021156917}. Best is trial 49 with value: 161.7242431640625.
LOCAL_RANK: 0 - CUDA_VISIBLE_DEVICES: [0]
[I 2023-11-30 06:02:51,574] Trial 124 finished with value: 271.7248229980469 and parameters: {'gradient_clip_val': 0.6500441846849404, 'hidden_size': 87, 'dropout': 0.28986473676675406, 'hidden_continuous_size': 84, 'attention_head_size': 1, 'learning_rate': 0.00154576896779932}. Best is trial 49 with value: 161.7242431640625.
LOCAL_RANK: 0 - CUDA_VISIBLE_DEVICES: [0]
[I 2023-11-30 06:03:05,665] Trial 125 finished with value: 216.522705078125 and parameters: {'gradient_clip_val': 0.5235282772429494, 'hidden_size': 104, 'dropout': 0.2782457254212315, 'hidden_continuous_size': 98, 'attention_head_size': 1, 'learning_rate': 0.001251367580761307}. Best is trial 49 with value: 161.7242431640625.
LOCAL_RANK: 0 - CUDA_VISIBLE_DEVICES: [0]
[I 2023-11-30 06:03:19,621] Trial 126 finished with value: 192.35264587402344 and parameters: {'gradient_clip_val': 0.76417572777878, 'hidden_size': 72, 'dropout': 0.25738287461362186, 'hidden_continuous_size': 71, 'attention_head_size': 3, 'learning_rate': 0.0022236187563764763}. Best is trial 49 with value: 161.7242431640625.
LOCAL_RANK: 0 - CUDA_VISIBLE_DEVICES: [0]
[I 2023-11-30 06:03:34,561] Trial 127 finished with value: 249.33872985839844 and parameters: {'gradient_clip_val': 0.8349014855448756, 'hidden_size': 134, 'dropout': 0.300174347946962, 'hidden_continuous_size': 125, 'attention_head_size': 3, 'learning_rate': 0.0017887518840171868}. Best is trial 49 with value: 161.7242431640625.
LOCAL_RANK: 0 - CUDA_VISIBLE_DEVICES: [0]
[I 2023-11-30 06:03:49,596] Trial 128 finished with value: 220.2482147216797 and parameters: {'gradient_clip_val': 0.8841289118166902, 'hidden_size': 150, 'dropout': 0.2841738387362677, 'hidden_continuous_size': 147, 'attention_head_size': 3, 'learning_rate': 0.0013666516633537597}. Best is trial 49 with value: 161.7242431640625.
LOCAL_RANK: 0 - CUDA_VISIBLE_DEVICES: [0]
[I 2023-11-30 06:04:04,107] Trial 129 finished with value: 275.0563049316406 and parameters: {'gradient_clip_val': 0.7143511753206372, 'hidden_size': 118, 'dropout': 0.29384667191705915, 'hidden_continuous_size': 109, 'attention_head_size': 3, 'learning_rate': 0.0024142289595173957}. Best is trial 49 with value: 161.7242431640625.
LOCAL_RANK: 0 - CUDA_VISIBLE_DEVICES: [0]
[I 2023-11-30 06:04:18,243] Trial 130 finished with value: 225.3402862548828 and parameters: {'gradient_clip_val': 0.59108265439481, 'hidden_size': 80, 'dropout': 0.24039369061071167, 'hidden_continuous_size': 77, 'attention_head_size': 3, 'learning_rate': 0.001065459735838406}. Best is trial 49 with value: 161.7242431640625.
LOCAL_RANK: 0 - CUDA_VISIBLE_DEVICES: [0]
[I 2023-11-30 06:04:32,685] Trial 131 finished with value: 169.09725952148438 and parameters: {'gradient_clip_val': 0.42705425197408603, 'hidden_size': 128, 'dropout': 0.30901003381654, 'hidden_continuous_size': 114, 'attention_head_size': 4, 'learning_rate': 0.0011914268558130042}. Best is trial 49 with value: 161.7242431640625.
LOCAL_RANK: 0 - CUDA_VISIBLE_DEVICES: [0]
[I 2023-11-30 06:04:47,308] Trial 132 finished with value: 168.73326110839844 and parameters: {'gradient_clip_val': 0.4285727948300002, 'hidden_size': 127, 'dropout': 0.31580494407164256, 'hidden_continuous_size': 115, 'attention_head_size': 4, 'learning_rate': 0.0012080531921479362}. Best is trial 49 with value: 161.7242431640625.
LOCAL_RANK: 0 - CUDA_VISIBLE_DEVICES: [0]
[I 2023-11-30 06:05:02,015] Trial 133 finished with value: 191.7642364501953 and parameters: {'gradient_clip_val': 0.4230197774893645, 'hidden_size': 110, 'dropout': 0.3261199334843936, 'hidden_continuous_size': 105, 'attention_head_size': 4, 'learning_rate': 0.0012124911681896545}. Best is trial 49 with value: 161.7242431640625.
LOCAL_RANK: 0 - CUDA_VISIBLE_DEVICES: [0]
[I 2023-11-30 06:05:16,423] Trial 134 finished with value: 197.5725555419922 and parameters: {'gradient_clip_val': 0.4501462026447391, 'hidden_size': 128, 'dropout': 0.3179722501892147, 'hidden_continuous_size': 118, 'attention_head_size': 4, 'learning_rate': 0.0010997949685767469}. Best is trial 49 with value: 161.7242431640625.
LOCAL_RANK: 0 - CUDA_VISIBLE_DEVICES: [0]
