[I 2023-11-30 04:20:15,380] Trial 120 finished with value: 172.1681365966797 and parameters: {'gradient_clip_val': 0.15081434752484169, 'hidden_size': 131, 'dropout': 0.37472728744825035, 'hidden_continuous_size': 14, 'attention_head_size': 2, 'learning_rate': 0.008317484963920221}. Best is trial 94 with value: 93.6224365234375.
LOCAL_RANK: 0 - CUDA_VISIBLE_DEVICES: [0]
[I 2023-11-30 04:20:28,835] Trial 121 finished with value: 124.4319076538086 and parameters: {'gradient_clip_val': 0.12199865961803752, 'hidden_size': 112, 'dropout': 0.3429226519220127, 'hidden_continuous_size': 11, 'attention_head_size': 3, 'learning_rate': 0.011103142782566524}. Best is trial 94 with value: 93.6224365234375.
LOCAL_RANK: 0 - CUDA_VISIBLE_DEVICES: [0]
[I 2023-11-30 04:20:42,902] Trial 122 finished with value: 122.72139739990234 and parameters: {'gradient_clip_val': 0.14301469163950595, 'hidden_size': 125, 'dropout': 0.3690091940158409, 'hidden_continuous_size': 15, 'attention_head_size': 3, 'learning_rate': 0.00917269994075282}. Best is trial 94 with value: 93.6224365234375.
LOCAL_RANK: 0 - CUDA_VISIBLE_DEVICES: [0]
[I 2023-11-30 04:20:56,551] Trial 123 finished with value: 103.5666275024414 and parameters: {'gradient_clip_val': 0.1327167663196922, 'hidden_size': 105, 'dropout': 0.36135733622928834, 'hidden_continuous_size': 16, 'attention_head_size': 3, 'learning_rate': 0.016144073086286726}. Best is trial 94 with value: 93.6224365234375.
LOCAL_RANK: 0 - CUDA_VISIBLE_DEVICES: [0]
[I 2023-11-30 04:21:10,306] Trial 124 finished with value: 123.35531616210938 and parameters: {'gradient_clip_val': 0.11801884987663978, 'hidden_size': 119, 'dropout': 0.37955983553595085, 'hidden_continuous_size': 13, 'attention_head_size': 3, 'learning_rate': 0.012240683650533775}. Best is trial 94 with value: 93.6224365234375.
LOCAL_RANK: 0 - CUDA_VISIBLE_DEVICES: [0]
[I 2023-11-30 04:21:24,292] Trial 125 finished with value: 102.7703628540039 and parameters: {'gradient_clip_val': 0.12730584265264838, 'hidden_size': 144, 'dropout': 0.38587466843127294, 'hidden_continuous_size': 17, 'attention_head_size': 3, 'learning_rate': 0.014342727966541565}. Best is trial 94 with value: 93.6224365234375.
LOCAL_RANK: 0 - CUDA_VISIBLE_DEVICES: [0]
[I 2023-11-30 04:21:38,278] Trial 126 finished with value: 104.22615814208984 and parameters: {'gradient_clip_val': 0.10816282466317771, 'hidden_size': 134, 'dropout': 0.33359983964278495, 'hidden_continuous_size': 14, 'attention_head_size': 2, 'learning_rate': 0.025112202438510388}. Best is trial 94 with value: 93.6224365234375.
LOCAL_RANK: 0 - CUDA_VISIBLE_DEVICES: [0]
[I 2023-11-30 04:21:52,239] Trial 127 finished with value: 102.63819122314453 and parameters: {'gradient_clip_val': 0.10477724200150568, 'hidden_size': 111, 'dropout': 0.3643317611014168, 'hidden_continuous_size': 18, 'attention_head_size': 3, 'learning_rate': 0.018394857651223555}. Best is trial 94 with value: 93.6224365234375.
LOCAL_RANK: 0 - CUDA_VISIBLE_DEVICES: [0]
[I 2023-11-30 04:22:05,768] Trial 128 finished with value: 101.10003662109375 and parameters: {'gradient_clip_val': 0.10053622313973562, 'hidden_size': 98, 'dropout': 0.39954289927632014, 'hidden_continuous_size': 19, 'attention_head_size': 2, 'learning_rate': 0.00974389012805486}. Best is trial 94 with value: 93.6224365234375.
LOCAL_RANK: 0 - CUDA_VISIBLE_DEVICES: [0]
[I 2023-11-30 04:22:19,212] Trial 129 finished with value: 125.21292114257812 and parameters: {'gradient_clip_val': 0.1571987146569996, 'hidden_size': 82, 'dropout': 0.28808077937372867, 'hidden_continuous_size': 17, 'attention_head_size': 3, 'learning_rate': 0.013452480031285732}. Best is trial 94 with value: 93.6224365234375.
LOCAL_RANK: 0 - CUDA_VISIBLE_DEVICES: [0]
[I 2023-11-30 04:22:32,854] Trial 130 finished with value: 151.6739501953125 and parameters: {'gradient_clip_val': 0.11226647834065712, 'hidden_size': 119, 'dropout': 0.3537043611661006, 'hidden_continuous_size': 15, 'attention_head_size': 2, 'learning_rate': 0.016864852773593165}. Best is trial 94 with value: 93.6224365234375.
LOCAL_RANK: 0 - CUDA_VISIBLE_DEVICES: [0]
[I 2023-11-30 04:22:46,616] Trial 131 finished with value: 103.1912841796875 and parameters: {'gradient_clip_val': 0.10497228651644065, 'hidden_size': 113, 'dropout': 0.3253813017155619, 'hidden_continuous_size': 16, 'attention_head_size': 3, 'learning_rate': 0.014890848836355677}. Best is trial 94 with value: 93.6224365234375.
LOCAL_RANK: 0 - CUDA_VISIBLE_DEVICES: [0]
[I 2023-11-30 04:23:00,962] Trial 132 finished with value: 121.9540023803711 and parameters: {'gradient_clip_val': 0.1188249764818125, 'hidden_size': 129, 'dropout': 0.31794541783883146, 'hidden_continuous_size': 47, 'attention_head_size': 3, 'learning_rate': 0.022735156200605254}. Best is trial 94 with value: 93.6224365234375.
LOCAL_RANK: 0 - CUDA_VISIBLE_DEVICES: [0]
[I 2023-11-30 04:23:14,546] Trial 133 finished with value: 108.08728790283203 and parameters: {'gradient_clip_val': 0.10927998061505971, 'hidden_size': 107, 'dropout': 0.2970660353312326, 'hidden_continuous_size': 15, 'attention_head_size': 3, 'learning_rate': 0.019281087140878124}. Best is trial 94 with value: 93.6224365234375.
LOCAL_RANK: 0 - CUDA_VISIBLE_DEVICES: [0]
[I 2023-11-30 04:23:28,090] Trial 134 finished with value: 131.3233642578125 and parameters: {'gradient_clip_val': 0.14202150209519482, 'hidden_size': 93, 'dropout': 0.330142606705371, 'hidden_continuous_size': 18, 'attention_head_size': 3, 'learning_rate': 0.018034706922919676}. Best is trial 94 with value: 93.6224365234375.
LOCAL_RANK: 0 - CUDA_VISIBLE_DEVICES: [0]
[I 2023-11-30 04:23:42,044] Trial 135 finished with value: 129.8145294189453 and parameters: {'gradient_clip_val': 0.1268046988707889, 'hidden_size': 122, 'dropout': 0.30434577697220055, 'hidden_continuous_size': 21, 'attention_head_size': 3, 'learning_rate': 0.011447823357626317}. Best is trial 94 with value: 93.6224365234375.
LOCAL_RANK: 0 - CUDA_VISIBLE_DEVICES: [0]
[I 2023-11-30 04:23:56,233] Trial 136 finished with value: 102.0408935546875 and parameters: {'gradient_clip_val': 0.10008232356129317, 'hidden_size': 138, 'dropout': 0.3458823281372102, 'hidden_continuous_size': 31, 'attention_head_size': 3, 'learning_rate': 0.02045707211342601}. Best is trial 94 with value: 93.6224365234375.
LOCAL_RANK: 0 - CUDA_VISIBLE_DEVICES: [0]
[I 2023-11-30 04:24:09,851] Trial 137 finished with value: 111.93071746826172 and parameters: {'gradient_clip_val': 0.14885420522826087, 'hidden_size': 100, 'dropout': 0.31333397970041776, 'hidden_continuous_size': 14, 'attention_head_size': 2, 'learning_rate': 0.016213054586399496}. Best is trial 94 with value: 93.6224365234375.
LOCAL_RANK: 0 - CUDA_VISIBLE_DEVICES: [0]
[I 2023-11-30 04:24:23,653] Trial 138 finished with value: 111.08536529541016 and parameters: {'gradient_clip_val': 0.11583925624407851, 'hidden_size': 116, 'dropout': 0.33979165211413764, 'hidden_continuous_size': 20, 'attention_head_size': 2, 'learning_rate': 0.012405058945110368}. Best is trial 94 with value: 93.6224365234375.
LOCAL_RANK: 0 - CUDA_VISIBLE_DEVICES: [0]
[I 2023-11-30 04:24:37,231] Trial 139 finished with value: 140.1730499267578 and parameters: {'gradient_clip_val': 0.13293725425102887, 'hidden_size': 104, 'dropout': 0.37272537626133406, 'hidden_continuous_size': 17, 'attention_head_size': 3, 'learning_rate': 0.013397531199611292}. Best is trial 94 with value: 93.6224365234375.
LOCAL_RANK: 0 - CUDA_VISIBLE_DEVICES: [0]
[I 2023-11-30 04:24:51,335] Trial 140 finished with value: 102.66092681884766 and parameters: {'gradient_clip_val': 0.10618854843631195, 'hidden_size': 143, 'dropout': 0.3219662587988117, 'hidden_continuous_size': 12, 'attention_head_size': 3, 'learning_rate': 0.016962074027561787}. Best is trial 94 with value: 93.6224365234375.
LOCAL_RANK: 0 - CUDA_VISIBLE_DEVICES: [0]
[I 2023-11-30 04:25:04,783] Trial 141 finished with value: 112.88147735595703 and parameters: {'gradient_clip_val': 0.13909066819973823, 'hidden_size': 77, 'dropout': 0.3755698790927235, 'hidden_continuous_size': 19, 'attention_head_size': 2, 'learning_rate': 0.023594939488159286}. Best is trial 94 with value: 93.6224365234375.
LOCAL_RANK: 0 - CUDA_VISIBLE_DEVICES: [0]
[I 2023-11-30 04:25:18,862] Trial 142 finished with value: 105.14959716796875 and parameters: {'gradient_clip_val': 0.1615201748977357, 'hidden_size': 84, 'dropout': 0.3882542362163253, 'hidden_continuous_size': 72, 'attention_head_size': 2, 'learning_rate': 0.021773843727675952}. Best is trial 94 with value: 93.6224365234375.
LOCAL_RANK: 0 - CUDA_VISIBLE_DEVICES: [0]
[I 2023-11-30 04:25:32,638] Trial 143 finished with value: 120.3291015625 and parameters: {'gradient_clip_val': 0.12336172033017766, 'hidden_size': 94, 'dropout': 0.3677606236856295, 'hidden_continuous_size': 35, 'attention_head_size': 2, 'learning_rate': 0.018832461847127037}. Best is trial 94 with value: 93.6224365234375.
LOCAL_RANK: 0 - CUDA_VISIBLE_DEVICES: [0]
[I 2023-11-30 04:25:46,377] Trial 144 finished with value: 108.79785919189453 and parameters: {'gradient_clip_val': 0.17429134038451166, 'hidden_size': 111, 'dropout': 0.3581562664246324, 'hidden_continuous_size': 22, 'attention_head_size': 2, 'learning_rate': 0.02604641710482654}. Best is trial 94 with value: 93.6224365234375.
LOCAL_RANK: 0 - CUDA_VISIBLE_DEVICES: [0]
[I 2023-11-30 04:26:00,305] Trial 145 finished with value: 140.469482421875 and parameters: {'gradient_clip_val': 0.1449862758835348, 'hidden_size': 126, 'dropout': 0.3791178542554115, 'hidden_continuous_size': 16, 'attention_head_size': 2, 'learning_rate': 0.015223419703392785}. Best is trial 94 with value: 93.6224365234375.
LOCAL_RANK: 0 - CUDA_VISIBLE_DEVICES: [0]
[I 2023-11-30 04:26:13,846] Trial 146 finished with value: 119.6982421875 and parameters: {'gradient_clip_val': 0.15170628407180317, 'hidden_size': 86, 'dropout': 0.35061549031461353, 'hidden_continuous_size': 23, 'attention_head_size': 2, 'learning_rate': 0.020685194487212847}. Best is trial 94 with value: 93.6224365234375.
LOCAL_RANK: 0 - CUDA_VISIBLE_DEVICES: [0]
[I 2023-11-30 04:26:27,175] Trial 147 finished with value: 112.856201171875 and parameters: {'gradient_clip_val': 0.10862785563901772, 'hidden_size': 61, 'dropout': 0.3845894164382911, 'hidden_continuous_size': 20, 'attention_head_size': 2, 'learning_rate': 0.017607271828844775}. Best is trial 94 with value: 93.6224365234375.
LOCAL_RANK: 0 - CUDA_VISIBLE_DEVICES: [0]
[I 2023-11-30 04:26:41,263] Trial 148 finished with value: 117.68846893310547 and parameters: {'gradient_clip_val': 0.1144608482667627, 'hidden_size': 133, 'dropout': 0.30590720792518494, 'hidden_continuous_size': 26, 'attention_head_size': 3, 'learning_rate': 0.014629846305958313}. Best is trial 94 with value: 93.6224365234375.
LOCAL_RANK: 0 - CUDA_VISIBLE_DEVICES: [0]
[I 2023-11-30 04:26:55,094] Trial 149 finished with value: 118.46548461914062 and parameters: {'gradient_clip_val': 0.13133847090187067, 'hidden_size': 117, 'dropout': 0.3564031370915969, 'hidden_continuous_size': 18, 'attention_head_size': 3, 'learning_rate': 0.010719714300849944}. Best is trial 94 with value: 93.6224365234375.
[I 2023-11-30 04:26:55,204] A new study created in memory with name: no-name-5c63dbec-7177-4c3c-b4bf-a8f867e0d6cd
/home/le004/conda/anaconda3/envs/tsff_env/lib/python3.9/site-packages/lightning/fabric/plugins/environments/slurm.py:191: The `srun` command is available on your system but is not used. HINT: If your intention is to run Lightning on SLURM, prepend your python command with `srun` like so: srun python /home/le004/master_thesis/git/TSFusionForecast/code/ ...
LOCAL_RANK: 0 - CUDA_VISIBLE_DEVICES: [0]
[I 2023-11-30 04:27:07,053] Trial 0 finished with value: 93.06360626220703 and parameters: {'gradient_clip_val': 0.19652401856728482, 'hidden_size': 12, 'dropout': 0.3402106885432231, 'hidden_continuous_size': 10, 'attention_head_size': 3, 'learning_rate': 0.0037291876945698688}. Best is trial 0 with value: 93.06360626220703.
LOCAL_RANK: 0 - CUDA_VISIBLE_DEVICES: [0]
[I 2023-11-30 04:27:20,328] Trial 1 finished with value: 70.5293197631836 and parameters: {'gradient_clip_val': 0.8713185860768677, 'hidden_size': 82, 'dropout': 0.15503113568931304, 'hidden_continuous_size': 17, 'attention_head_size': 1, 'learning_rate': 0.0016730028268498065}. Best is trial 1 with value: 70.5293197631836.
LOCAL_RANK: 0 - CUDA_VISIBLE_DEVICES: [0]
[I 2023-11-30 04:27:34,267] Trial 2 finished with value: 65.3660659790039 and parameters: {'gradient_clip_val': 0.6042884216314326, 'hidden_size': 91, 'dropout': 0.20975262824184915, 'hidden_continuous_size': 54, 'attention_head_size': 1, 'learning_rate': 0.0015807834668715918}. Best is trial 2 with value: 65.3660659790039.
LOCAL_RANK: 0 - CUDA_VISIBLE_DEVICES: [0]
[I 2023-11-30 04:27:46,743] Trial 3 finished with value: 59.20742416381836 and parameters: {'gradient_clip_val': 0.1727566427626139, 'hidden_size': 30, 'dropout': 0.36461086505416496, 'hidden_continuous_size': 23, 'attention_head_size': 2, 'learning_rate': 0.05556069891573236}. Best is trial 3 with value: 59.20742416381836.
LOCAL_RANK: 0 - CUDA_VISIBLE_DEVICES: [0]
[I 2023-11-30 04:27:59,563] Trial 4 finished with value: 124.04583740234375 and parameters: {'gradient_clip_val': 0.15027093419555745, 'hidden_size': 35, 'dropout': 0.2190564188363775, 'hidden_continuous_size': 24, 'attention_head_size': 4, 'learning_rate': 0.0016193887247762883}. Best is trial 3 with value: 59.20742416381836.
LOCAL_RANK: 0 - CUDA_VISIBLE_DEVICES: [0]
[I 2023-11-30 04:28:12,568] Trial 5 finished with value: 135.03271484375 and parameters: {'gradient_clip_val': 0.153328052775765, 'hidden_size': 49, 'dropout': 0.15628080970716746, 'hidden_continuous_size': 34, 'attention_head_size': 1, 'learning_rate': 0.001030374835451266}. Best is trial 3 with value: 59.20742416381836.
LOCAL_RANK: 0 - CUDA_VISIBLE_DEVICES: [0]
[I 2023-11-30 04:28:22,745] Trial 6 finished with value: 113.70476531982422 and parameters: {'gradient_clip_val': 0.2632978043243007, 'hidden_size': 13, 'dropout': 0.1027966893134298, 'hidden_continuous_size': 13, 'attention_head_size': 2, 'learning_rate': 0.005647429607558994}. Best is trial 3 with value: 59.20742416381836.
LOCAL_RANK: 0 - CUDA_VISIBLE_DEVICES: [0]
[I 2023-11-30 04:28:35,676] Trial 7 finished with value: 112.525146484375 and parameters: {'gradient_clip_val': 0.2947557376224435, 'hidden_size': 39, 'dropout': 0.15826721791285608, 'hidden_continuous_size': 25, 'attention_head_size': 1, 'learning_rate': 0.0014214626527228923}. Best is trial 3 with value: 59.20742416381836.
LOCAL_RANK: 0 - CUDA_VISIBLE_DEVICES: [0]
[I 2023-11-30 04:28:48,152] Trial 8 finished with value: 118.6085433959961 and parameters: {'gradient_clip_val': 0.34416937577559764, 'hidden_size': 25, 'dropout': 0.22675103803197771, 'hidden_continuous_size': 20, 'attention_head_size': 4, 'learning_rate': 0.0010729742924638099}. Best is trial 3 with value: 59.20742416381836.
LOCAL_RANK: 0 - CUDA_VISIBLE_DEVICES: [0]
[I 2023-11-30 04:29:00,331] Trial 9 finished with value: 96.31796264648438 and parameters: {'gradient_clip_val': 0.6673770244409547, 'hidden_size': 22, 'dropout': 0.30776599298079294, 'hidden_continuous_size': 14, 'attention_head_size': 2, 'learning_rate': 0.003322039529781413}. Best is trial 3 with value: 59.20742416381836.
LOCAL_RANK: 0 - CUDA_VISIBLE_DEVICES: [0]
[I 2023-11-30 04:29:15,218] Trial 10 finished with value: 54.75685501098633 and parameters: {'gradient_clip_val': 0.11470684894714436, 'hidden_size': 143, 'dropout': 0.3932469423081216, 'hidden_continuous_size': 140, 'attention_head_size': 3, 'learning_rate': 0.06386356420740848}. Best is trial 10 with value: 54.75685501098633.
LOCAL_RANK: 0 - CUDA_VISIBLE_DEVICES: [0]
[I 2023-11-30 04:29:30,116] Trial 11 finished with value: 57.79478073120117 and parameters: {'gradient_clip_val': 0.10528940908524098, 'hidden_size': 142, 'dropout': 0.39177327104718424, 'hidden_continuous_size': 137, 'attention_head_size': 3, 'learning_rate': 0.07243170976330729}. Best is trial 10 with value: 54.75685501098633.
LOCAL_RANK: 0 - CUDA_VISIBLE_DEVICES: [0]
[I 2023-11-30 04:29:41,268] Trial 12 finished with value: 72.36219024658203 and parameters: {'gradient_clip_val': 0.10508374851928327, 'hidden_size': 141, 'dropout': 0.39557434098477834, 'hidden_continuous_size': 141, 'attention_head_size': 3, 'learning_rate': 0.08484805286033348}. Best is trial 10 with value: 54.75685501098633.
LOCAL_RANK: 0 - CUDA_VISIBLE_DEVICES: [0]
[I 2023-11-30 04:29:55,947] Trial 13 finished with value: 71.29114532470703 and parameters: {'gradient_clip_val': 0.11523480995866855, 'hidden_size': 141, 'dropout': 0.39577495284616354, 'hidden_continuous_size': 130, 'attention_head_size': 3, 'learning_rate': 0.03484260915974289}. Best is trial 10 with value: 54.75685501098633.
LOCAL_RANK: 0 - CUDA_VISIBLE_DEVICES: [0]
[I 2023-11-30 04:30:10,162] Trial 14 finished with value: 62.951297760009766 and parameters: {'gradient_clip_val': 0.10210588469478309, 'hidden_size': 101, 'dropout': 0.2979047626195007, 'hidden_continuous_size': 78, 'attention_head_size': 3, 'learning_rate': 0.024760698570756533}. Best is trial 10 with value: 54.75685501098633.
LOCAL_RANK: 0 - CUDA_VISIBLE_DEVICES: [0]
[I 2023-11-30 04:30:23,850] Trial 15 finished with value: 57.79237365722656 and parameters: {'gradient_clip_val': 0.12700572764488238, 'hidden_size': 64, 'dropout': 0.34248618669517844, 'hidden_continuous_size': 58, 'attention_head_size': 4, 'learning_rate': 0.01965537941913017}. Best is trial 10 with value: 54.75685501098633.
LOCAL_RANK: 0 - CUDA_VISIBLE_DEVICES: [0]
[I 2023-11-30 04:30:37,329] Trial 16 finished with value: 46.47452163696289 and parameters: {'gradient_clip_val': 0.1352660493241821, 'hidden_size': 58, 'dropout': 0.34068339453201574, 'hidden_continuous_size': 34, 'attention_head_size': 4, 'learning_rate': 0.014949215627494671}. Best is trial 16 with value: 46.47452163696289.
LOCAL_RANK: 0 - CUDA_VISIBLE_DEVICES: [0]
[I 2023-11-30 04:30:50,912] Trial 17 finished with value: 65.31580352783203 and parameters: {'gradient_clip_val': 0.18426415572394042, 'hidden_size': 58, 'dropout': 0.2805580504012682, 'hidden_continuous_size': 30, 'attention_head_size': 4, 'learning_rate': 0.01271957371892348}. Best is trial 16 with value: 46.47452163696289.
LOCAL_RANK: 0 - CUDA_VISIBLE_DEVICES: [0]
[I 2023-11-30 04:31:04,477] Trial 18 finished with value: 52.41398239135742 and parameters: {'gradient_clip_val': 0.1343623471605028, 'hidden_size': 66, 'dropout': 0.35114389592573025, 'hidden_continuous_size': 32, 'attention_head_size': 4, 'learning_rate': 0.04043722804910832}. Best is trial 16 with value: 46.47452163696289.
LOCAL_RANK: 0 - CUDA_VISIBLE_DEVICES: [0]
[I 2023-11-30 04:31:17,690] Trial 19 finished with value: 46.98927688598633 and parameters: {'gradient_clip_val': 0.21932522134932542, 'hidden_size': 53, 'dropout': 0.3213528167652835, 'hidden_continuous_size': 28, 'attention_head_size': 4, 'learning_rate': 0.011920408493730146}. Best is trial 16 with value: 46.47452163696289.
LOCAL_RANK: 0 - CUDA_VISIBLE_DEVICES: [0]
[I 2023-11-30 04:31:30,522] Trial 20 finished with value: 49.330230712890625 and parameters: {'gradient_clip_val': 0.2236979989357473, 'hidden_size': 48, 'dropout': 0.2690521934612208, 'hidden_continuous_size': 20, 'attention_head_size': 4, 'learning_rate': 0.010865251161744421}. Best is trial 16 with value: 46.47452163696289.
LOCAL_RANK: 0 - CUDA_VISIBLE_DEVICES: [0]
[I 2023-11-30 04:31:43,585] Trial 21 finished with value: 48.07379150390625 and parameters: {'gradient_clip_val': 0.2328844128095418, 'hidden_size': 47, 'dropout': 0.27174058104843424, 'hidden_continuous_size': 20, 'attention_head_size': 4, 'learning_rate': 0.011731725220132027}. Best is trial 16 with value: 46.47452163696289.
LOCAL_RANK: 0 - CUDA_VISIBLE_DEVICES: [0]
[I 2023-11-30 04:31:56,555] Trial 22 finished with value: 49.25703430175781 and parameters: {'gradient_clip_val': 0.2252639386277546, 'hidden_size': 44, 'dropout': 0.31608377986927483, 'hidden_continuous_size': 18, 'attention_head_size': 4, 'learning_rate': 0.01439518827006991}. Best is trial 16 with value: 46.47452163696289.
LOCAL_RANK: 0 - CUDA_VISIBLE_DEVICES: [0]
[I 2023-11-30 04:32:09,868] Trial 23 finished with value: 44.822418212890625 and parameters: {'gradient_clip_val': 0.35503926030752253, 'hidden_size': 58, 'dropout': 0.3204938277735117, 'hidden_continuous_size': 27, 'attention_head_size': 4, 'learning_rate': 0.008589906600841706}. Best is trial 23 with value: 44.822418212890625.
LOCAL_RANK: 0 - CUDA_VISIBLE_DEVICES: [0]
[I 2023-11-30 04:32:23,454] Trial 24 finished with value: 48.30869674682617 and parameters: {'gradient_clip_val': 0.36631590695013205, 'hidden_size': 71, 'dropout': 0.3248531697271704, 'hidden_continuous_size': 28, 'attention_head_size': 4, 'learning_rate': 0.007628600820785043}. Best is trial 23 with value: 44.822418212890625.
LOCAL_RANK: 0 - CUDA_VISIBLE_DEVICES: [0]
[I 2023-11-30 04:32:36,745] Trial 25 finished with value: 52.18324661254883 and parameters: {'gradient_clip_val': 0.38224167258467223, 'hidden_size': 55, 'dropout': 0.2983894161526867, 'hidden_continuous_size': 27, 'attention_head_size': 4, 'learning_rate': 0.008487510729429834}. Best is trial 23 with value: 44.822418212890625.
LOCAL_RANK: 0 - CUDA_VISIBLE_DEVICES: [0]
[I 2023-11-30 04:32:50,407] Trial 26 finished with value: 55.65928268432617 and parameters: {'gradient_clip_val': 0.29210014112908117, 'hidden_size': 74, 'dropout': 0.363920322362364, 'hidden_continuous_size': 36, 'attention_head_size': 3, 'learning_rate': 0.018488606700926235}. Best is trial 23 with value: 44.822418212890625.
LOCAL_RANK: 0 - CUDA_VISIBLE_DEVICES: [0]
