[I 2023-11-30 13:32:23,307] Trial 77 finished with value: 376.9963073730469 and parameters: {'gradient_clip_val': 0.27314617193213664, 'hidden_size': 126, 'dropout': 0.2617001301334416, 'hidden_continuous_size': 23, 'attention_head_size': 3, 'learning_rate': 0.0019502176455669284}. Best is trial 76 with value: 297.2070617675781.
LOCAL_RANK: 0 - CUDA_VISIBLE_DEVICES: [0]
[I 2023-11-30 13:32:37,734] Trial 78 finished with value: 331.405517578125 and parameters: {'gradient_clip_val': 0.43552792806002466, 'hidden_size': 135, 'dropout': 0.22188408408028415, 'hidden_continuous_size': 26, 'attention_head_size': 4, 'learning_rate': 0.002775027110405416}. Best is trial 76 with value: 297.2070617675781.
LOCAL_RANK: 0 - CUDA_VISIBLE_DEVICES: [0]
[I 2023-11-30 13:32:51,701] Trial 79 finished with value: 399.3119201660156 and parameters: {'gradient_clip_val': 0.4352793673567358, 'hidden_size': 117, 'dropout': 0.20877113795041158, 'hidden_continuous_size': 20, 'attention_head_size': 4, 'learning_rate': 0.0024246604415744874}. Best is trial 76 with value: 297.2070617675781.
LOCAL_RANK: 0 - CUDA_VISIBLE_DEVICES: [0]
[I 2023-11-30 13:33:06,037] Trial 80 finished with value: 381.7534484863281 and parameters: {'gradient_clip_val': 0.3652708223846235, 'hidden_size': 137, 'dropout': 0.23109655688377878, 'hidden_continuous_size': 27, 'attention_head_size': 4, 'learning_rate': 0.0027397653919284406}. Best is trial 76 with value: 297.2070617675781.
LOCAL_RANK: 0 - CUDA_VISIBLE_DEVICES: [0]
[I 2023-11-30 13:33:19,966] Trial 81 finished with value: 366.6803894042969 and parameters: {'gradient_clip_val': 0.39818937967417967, 'hidden_size': 126, 'dropout': 0.22349292957546688, 'hidden_continuous_size': 24, 'attention_head_size': 4, 'learning_rate': 0.00395618570429213}. Best is trial 76 with value: 297.2070617675781.
LOCAL_RANK: 0 - CUDA_VISIBLE_DEVICES: [0]
[I 2023-11-30 13:33:34,330] Trial 82 finished with value: 408.1900329589844 and parameters: {'gradient_clip_val': 0.42987238216633694, 'hidden_size': 141, 'dropout': 0.24619469299564464, 'hidden_continuous_size': 22, 'attention_head_size': 4, 'learning_rate': 0.0030943911512282376}. Best is trial 76 with value: 297.2070617675781.
LOCAL_RANK: 0 - CUDA_VISIBLE_DEVICES: [0]
[I 2023-11-30 13:33:49,346] Trial 83 finished with value: 363.02734375 and parameters: {'gradient_clip_val': 0.3222808914556333, 'hidden_size': 103, 'dropout': 0.23999548808300533, 'hidden_continuous_size': 28, 'attention_head_size': 4, 'learning_rate': 0.005369700573759412}. Best is trial 76 with value: 297.2070617675781.
LOCAL_RANK: 0 - CUDA_VISIBLE_DEVICES: [0]
[I 2023-11-30 13:34:03,782] Trial 84 finished with value: 458.4159240722656 and parameters: {'gradient_clip_val': 0.48107295038221376, 'hidden_size': 110, 'dropout': 0.2745009561754679, 'hidden_continuous_size': 26, 'attention_head_size': 3, 'learning_rate': 0.004418809745170946}. Best is trial 76 with value: 297.2070617675781.
LOCAL_RANK: 0 - CUDA_VISIBLE_DEVICES: [0]
[I 2023-11-30 13:34:18,364] Trial 85 finished with value: 344.8949279785156 and parameters: {'gradient_clip_val': 0.33281602938284977, 'hidden_size': 131, 'dropout': 0.2639006417714506, 'hidden_continuous_size': 30, 'attention_head_size': 3, 'learning_rate': 0.0036752963144844964}. Best is trial 76 with value: 297.2070617675781.
LOCAL_RANK: 0 - CUDA_VISIBLE_DEVICES: [0]
[I 2023-11-30 13:34:32,967] Trial 86 finished with value: 367.3956604003906 and parameters: {'gradient_clip_val': 0.34751239227663305, 'hidden_size': 131, 'dropout': 0.26493568872443085, 'hidden_continuous_size': 31, 'attention_head_size': 3, 'learning_rate': 0.003444363116247478}. Best is trial 76 with value: 297.2070617675781.
LOCAL_RANK: 0 - CUDA_VISIBLE_DEVICES: [0]
[I 2023-11-30 13:34:47,845] Trial 87 finished with value: 369.160400390625 and parameters: {'gradient_clip_val': 0.33541566346876933, 'hidden_size': 140, 'dropout': 0.28727525804210546, 'hidden_continuous_size': 38, 'attention_head_size': 3, 'learning_rate': 0.0027127487145231777}. Best is trial 76 with value: 297.2070617675781.
LOCAL_RANK: 0 - CUDA_VISIBLE_DEVICES: [0]
[I 2023-11-30 13:35:03,691] Trial 88 finished with value: 388.5137634277344 and parameters: {'gradient_clip_val': 0.39064203270459386, 'hidden_size': 118, 'dropout': 0.2960478834255259, 'hidden_continuous_size': 36, 'attention_head_size': 2, 'learning_rate': 0.003818604205539493}. Best is trial 76 with value: 297.2070617675781.
LOCAL_RANK: 0 - CUDA_VISIBLE_DEVICES: [0]
[I 2023-11-30 13:35:18,466] Trial 89 finished with value: 418.0696716308594 and parameters: {'gradient_clip_val': 0.3659197616569106, 'hidden_size': 128, 'dropout': 0.2548469699197534, 'hidden_continuous_size': 29, 'attention_head_size': 4, 'learning_rate': 0.002216328994307225}. Best is trial 76 with value: 297.2070617675781.
LOCAL_RANK: 0 - CUDA_VISIBLE_DEVICES: [0]
[I 2023-11-30 13:35:33,652] Trial 90 finished with value: 389.6828918457031 and parameters: {'gradient_clip_val': 0.4108319244592409, 'hidden_size': 147, 'dropout': 0.27376184594139363, 'hidden_continuous_size': 33, 'attention_head_size': 2, 'learning_rate': 0.006053081186475974}. Best is trial 76 with value: 297.2070617675781.
LOCAL_RANK: 0 - CUDA_VISIBLE_DEVICES: [0]
[I 2023-11-30 13:35:48,101] Trial 91 finished with value: 345.0562438964844 and parameters: {'gradient_clip_val': 0.30419077564070024, 'hidden_size': 111, 'dropout': 0.24886931257821396, 'hidden_continuous_size': 27, 'attention_head_size': 3, 'learning_rate': 0.004682596741164329}. Best is trial 76 with value: 297.2070617675781.
LOCAL_RANK: 0 - CUDA_VISIBLE_DEVICES: [0]
[I 2023-11-30 13:36:02,286] Trial 92 finished with value: 361.540283203125 and parameters: {'gradient_clip_val': 0.2959085436613256, 'hidden_size': 98, 'dropout': 0.2661747053432087, 'hidden_continuous_size': 27, 'attention_head_size': 3, 'learning_rate': 0.004512983522038402}. Best is trial 76 with value: 297.2070617675781.
LOCAL_RANK: 0 - CUDA_VISIBLE_DEVICES: [0]
[I 2023-11-30 13:36:17,325] Trial 93 finished with value: 342.23779296875 and parameters: {'gradient_clip_val': 0.3685518091532136, 'hidden_size': 113, 'dropout': 0.2582314553793809, 'hidden_continuous_size': 74, 'attention_head_size': 3, 'learning_rate': 0.003727196820910382}. Best is trial 76 with value: 297.2070617675781.
LOCAL_RANK: 0 - CUDA_VISIBLE_DEVICES: [0]
[I 2023-11-30 13:36:32,210] Trial 94 finished with value: 307.9907531738281 and parameters: {'gradient_clip_val': 0.37725310489534203, 'hidden_size': 120, 'dropout': 0.2586067958306799, 'hidden_continuous_size': 66, 'attention_head_size': 3, 'learning_rate': 0.002967009005297966}. Best is trial 76 with value: 297.2070617675781.
LOCAL_RANK: 0 - CUDA_VISIBLE_DEVICES: [0]
[I 2023-11-30 13:36:47,157] Trial 95 finished with value: 353.057861328125 and parameters: {'gradient_clip_val': 0.451807263453277, 'hidden_size': 107, 'dropout': 0.24203199339404124, 'hidden_continuous_size': 77, 'attention_head_size': 3, 'learning_rate': 0.002968725953129985}. Best is trial 76 with value: 297.2070617675781.
LOCAL_RANK: 0 - CUDA_VISIBLE_DEVICES: [0]
[I 2023-11-30 13:37:02,058] Trial 96 finished with value: 384.5616149902344 and parameters: {'gradient_clip_val': 0.37680181311230054, 'hidden_size': 116, 'dropout': 0.25803055578171946, 'hidden_continuous_size': 65, 'attention_head_size': 2, 'learning_rate': 0.003171275031268587}. Best is trial 76 with value: 297.2070617675781.
LOCAL_RANK: 0 - CUDA_VISIBLE_DEVICES: [0]
[I 2023-11-30 13:37:17,574] Trial 97 finished with value: 368.8904724121094 and parameters: {'gradient_clip_val': 0.42049480634738184, 'hidden_size': 121, 'dropout': 0.2793205295620661, 'hidden_continuous_size': 76, 'attention_head_size': 2, 'learning_rate': 0.002388877842557197}. Best is trial 76 with value: 297.2070617675781.
LOCAL_RANK: 0 - CUDA_VISIBLE_DEVICES: [0]
[I 2023-11-30 13:37:32,378] Trial 98 finished with value: 383.271728515625 and parameters: {'gradient_clip_val': 0.3608768787632211, 'hidden_size': 98, 'dropout': 0.2873993991855069, 'hidden_continuous_size': 61, 'attention_head_size': 3, 'learning_rate': 0.004070317774823502}. Best is trial 76 with value: 297.2070617675781.
LOCAL_RANK: 0 - CUDA_VISIBLE_DEVICES: [0]
[I 2023-11-30 13:37:46,815] Trial 99 finished with value: 345.2708740234375 and parameters: {'gradient_clip_val': 0.5062785771360498, 'hidden_size': 86, 'dropout': 0.2708258543968382, 'hidden_continuous_size': 71, 'attention_head_size': 2, 'learning_rate': 0.003366303450745731}. Best is trial 76 with value: 297.2070617675781.
LOCAL_RANK: 0 - CUDA_VISIBLE_DEVICES: [0]
[I 2023-11-30 13:38:01,714] Trial 100 finished with value: 445.4483642578125 and parameters: {'gradient_clip_val': 0.4011706844258698, 'hidden_size': 93, 'dropout': 0.23285506585826463, 'hidden_continuous_size': 65, 'attention_head_size': 2, 'learning_rate': 0.0028107455300677765}. Best is trial 76 with value: 297.2070617675781.
LOCAL_RANK: 0 - CUDA_VISIBLE_DEVICES: [0]
[I 2023-11-30 13:38:17,670] Trial 101 finished with value: 338.8726501464844 and parameters: {'gradient_clip_val': 0.33874306305058954, 'hidden_size': 131, 'dropout': 0.2634786667657716, 'hidden_continuous_size': 88, 'attention_head_size': 3, 'learning_rate': 0.003703662356883685}. Best is trial 76 with value: 297.2070617675781.
LOCAL_RANK: 0 - CUDA_VISIBLE_DEVICES: [0]
[I 2023-11-30 13:38:32,718] Trial 102 finished with value: 294.4981994628906 and parameters: {'gradient_clip_val': 0.341232248116663, 'hidden_size': 124, 'dropout': 0.25818858684041324, 'hidden_continuous_size': 89, 'attention_head_size': 3, 'learning_rate': 0.003713305841060794}. Best is trial 102 with value: 294.4981994628906.
LOCAL_RANK: 0 - CUDA_VISIBLE_DEVICES: [0]
[I 2023-11-30 13:38:48,338] Trial 103 finished with value: 400.7126159667969 and parameters: {'gradient_clip_val': 0.3414028741141444, 'hidden_size': 131, 'dropout': 0.250258460404754, 'hidden_continuous_size': 93, 'attention_head_size': 3, 'learning_rate': 0.004061586150266677}. Best is trial 102 with value: 294.4981994628906.
LOCAL_RANK: 0 - CUDA_VISIBLE_DEVICES: [0]
[I 2023-11-30 13:39:03,447] Trial 104 finished with value: 359.8294372558594 and parameters: {'gradient_clip_val': 0.31839898895184476, 'hidden_size': 144, 'dropout': 0.2616151362761024, 'hidden_continuous_size': 85, 'attention_head_size': 3, 'learning_rate': 0.005342071690526072}. Best is trial 102 with value: 294.4981994628906.
LOCAL_RANK: 0 - CUDA_VISIBLE_DEVICES: [0]
[I 2023-11-30 13:39:19,225] Trial 105 finished with value: 431.7337341308594 and parameters: {'gradient_clip_val': 0.3834317225571373, 'hidden_size': 113, 'dropout': 0.2580383696203458, 'hidden_continuous_size': 78, 'attention_head_size': 3, 'learning_rate': 0.0036488536563318956}. Best is trial 102 with value: 294.4981994628906.
LOCAL_RANK: 0 - CUDA_VISIBLE_DEVICES: [0]
[I 2023-11-30 13:39:34,703] Trial 106 finished with value: 410.0444030761719 and parameters: {'gradient_clip_val': 0.35857940242717756, 'hidden_size': 123, 'dropout': 0.23776828245249337, 'hidden_continuous_size': 98, 'attention_head_size': 3, 'learning_rate': 0.004994141446118005}. Best is trial 102 with value: 294.4981994628906.
LOCAL_RANK: 0 - CUDA_VISIBLE_DEVICES: [0]
[I 2023-11-30 13:39:50,251] Trial 107 finished with value: 308.8775634765625 and parameters: {'gradient_clip_val': 0.34059121420404337, 'hidden_size': 105, 'dropout': 0.2430127429032886, 'hidden_continuous_size': 67, 'attention_head_size': 3, 'learning_rate': 0.002633332561284405}. Best is trial 102 with value: 294.4981994628906.
LOCAL_RANK: 0 - CUDA_VISIBLE_DEVICES: [0]
[I 2023-11-30 13:40:05,676] Trial 108 finished with value: 472.4429016113281 and parameters: {'gradient_clip_val': 0.31412538455427597, 'hidden_size': 107, 'dropout': 0.24344297077990792, 'hidden_continuous_size': 57, 'attention_head_size': 3, 'learning_rate': 0.002631789272896287}. Best is trial 102 with value: 294.4981994628906.
LOCAL_RANK: 0 - CUDA_VISIBLE_DEVICES: [0]
[I 2023-11-30 13:40:21,008] Trial 109 finished with value: 428.0789489746094 and parameters: {'gradient_clip_val': 0.3031176971542514, 'hidden_size': 134, 'dropout': 0.2209586630720582, 'hidden_continuous_size': 68, 'attention_head_size': 4, 'learning_rate': 0.0029050574726611753}. Best is trial 102 with value: 294.4981994628906.
LOCAL_RANK: 0 - CUDA_VISIBLE_DEVICES: [0]
[I 2023-11-30 13:40:35,868] Trial 110 finished with value: 449.0065002441406 and parameters: {'gradient_clip_val': 0.3467278194722787, 'hidden_size': 103, 'dropout': 0.25141984746310064, 'hidden_continuous_size': 50, 'attention_head_size': 3, 'learning_rate': 0.002324897435264376}. Best is trial 102 with value: 294.4981994628906.
LOCAL_RANK: 0 - CUDA_VISIBLE_DEVICES: [0]
[I 2023-11-30 13:40:50,868] Trial 111 finished with value: 369.1812438964844 and parameters: {'gradient_clip_val': 0.32991563881616515, 'hidden_size': 124, 'dropout': 0.23022542566648171, 'hidden_continuous_size': 80, 'attention_head_size': 3, 'learning_rate': 0.0031760502937773108}. Best is trial 102 with value: 294.4981994628906.
LOCAL_RANK: 0 - CUDA_VISIBLE_DEVICES: [0]
[I 2023-11-30 13:41:07,114] Trial 112 finished with value: 400.22802734375 and parameters: {'gradient_clip_val': 0.3710027542935831, 'hidden_size': 141, 'dropout': 0.27651927558119077, 'hidden_continuous_size': 73, 'attention_head_size': 3, 'learning_rate': 0.0036769266721443004}. Best is trial 102 with value: 294.4981994628906.
LOCAL_RANK: 0 - CUDA_VISIBLE_DEVICES: [0]
[I 2023-11-30 13:41:22,715] Trial 113 finished with value: 386.9150085449219 and parameters: {'gradient_clip_val': 0.39985100692736975, 'hidden_size': 115, 'dropout': 0.25670892514134475, 'hidden_continuous_size': 87, 'attention_head_size': 3, 'learning_rate': 0.004244651372045404}. Best is trial 102 with value: 294.4981994628906.
LOCAL_RANK: 0 - CUDA_VISIBLE_DEVICES: [0]
[I 2023-11-30 13:41:38,006] Trial 114 finished with value: 459.9847106933594 and parameters: {'gradient_clip_val': 0.4305139798074584, 'hidden_size': 150, 'dropout': 0.2688684536538032, 'hidden_continuous_size': 42, 'attention_head_size': 3, 'learning_rate': 0.0026215564418407733}. Best is trial 102 with value: 294.4981994628906.
LOCAL_RANK: 0 - CUDA_VISIBLE_DEVICES: [0]
[I 2023-11-30 13:41:52,613] Trial 115 finished with value: 426.966064453125 and parameters: {'gradient_clip_val': 0.3401192497361813, 'hidden_size': 100, 'dropout': 0.245051866674255, 'hidden_continuous_size': 74, 'attention_head_size': 3, 'learning_rate': 0.0020243291021268114}. Best is trial 102 with value: 294.4981994628906.
LOCAL_RANK: 0 - CUDA_VISIBLE_DEVICES: [0]
[I 2023-11-30 13:42:08,102] Trial 116 finished with value: 356.0077209472656 and parameters: {'gradient_clip_val': 0.3817628828625512, 'hidden_size': 108, 'dropout': 0.23597430719036835, 'hidden_continuous_size': 83, 'attention_head_size': 3, 'learning_rate': 0.0033649151328524816}. Best is trial 102 with value: 294.4981994628906.
LOCAL_RANK: 0 - CUDA_VISIBLE_DEVICES: [0]
[I 2023-11-30 13:42:23,646] Trial 117 finished with value: 382.0777282714844 and parameters: {'gradient_clip_val': 0.464700004093202, 'hidden_size': 124, 'dropout': 0.26530954389739947, 'hidden_continuous_size': 59, 'attention_head_size': 3, 'learning_rate': 0.002976499773486257}. Best is trial 102 with value: 294.4981994628906.
LOCAL_RANK: 0 - CUDA_VISIBLE_DEVICES: [0]
[I 2023-11-30 13:42:38,501] Trial 118 finished with value: 361.211181640625 and parameters: {'gradient_clip_val': 0.3570464967907157, 'hidden_size': 116, 'dropout': 0.25271871769289267, 'hidden_continuous_size': 53, 'attention_head_size': 4, 'learning_rate': 0.0036993001049903953}. Best is trial 102 with value: 294.4981994628906.
LOCAL_RANK: 0 - CUDA_VISIBLE_DEVICES: [0]
[I 2023-11-30 13:42:54,588] Trial 119 finished with value: 403.8005065917969 and parameters: {'gradient_clip_val': 0.4116498559939115, 'hidden_size': 137, 'dropout': 0.2938967120829985, 'hidden_continuous_size': 65, 'attention_head_size': 3, 'learning_rate': 0.0047466257920004175}. Best is trial 102 with value: 294.4981994628906.
LOCAL_RANK: 0 - CUDA_VISIBLE_DEVICES: [0]
[I 2023-11-30 13:43:09,662] Trial 120 finished with value: 376.8802795410156 and parameters: {'gradient_clip_val': 0.27464486087664625, 'hidden_size': 132, 'dropout': 0.2829181694230777, 'hidden_continuous_size': 39, 'attention_head_size': 4, 'learning_rate': 0.0032807198499346336}. Best is trial 102 with value: 294.4981994628906.
LOCAL_RANK: 0 - CUDA_VISIBLE_DEVICES: [0]
[I 2023-11-30 13:43:24,690] Trial 121 finished with value: 529.2477416992188 and parameters: {'gradient_clip_val': 0.4755348988864878, 'hidden_size': 120, 'dropout': 0.2743079809967387, 'hidden_continuous_size': 72, 'attention_head_size': 2, 'learning_rate': 0.0027752172245714673}. Best is trial 102 with value: 294.4981994628906.
LOCAL_RANK: 0 - CUDA_VISIBLE_DEVICES: [0]
[I 2023-11-30 13:43:40,279] Trial 122 finished with value: 338.2206115722656 and parameters: {'gradient_clip_val': 0.4396829698439358, 'hidden_size': 111, 'dropout': 0.2695557096701519, 'hidden_continuous_size': 69, 'attention_head_size': 2, 'learning_rate': 0.004102744860588974}. Best is trial 102 with value: 294.4981994628906.
LOCAL_RANK: 0 - CUDA_VISIBLE_DEVICES: [0]
[I 2023-11-30 13:43:55,319] Trial 123 finished with value: 395.7745666503906 and parameters: {'gradient_clip_val': 0.43589282466109813, 'hidden_size': 105, 'dropout': 0.2624400219652342, 'hidden_continuous_size': 69, 'attention_head_size': 2, 'learning_rate': 0.004118073274846076}. Best is trial 102 with value: 294.4981994628906.
LOCAL_RANK: 0 - CUDA_VISIBLE_DEVICES: [0]
[I 2023-11-30 13:44:10,334] Trial 124 finished with value: 328.099853515625 and parameters: {'gradient_clip_val': 0.3211544702709711, 'hidden_size': 94, 'dropout': 0.2575150970943381, 'hidden_continuous_size': 67, 'attention_head_size': 2, 'learning_rate': 0.0038702039994897683}. Best is trial 102 with value: 294.4981994628906.
LOCAL_RANK: 0 - CUDA_VISIBLE_DEVICES: [0]
[I 2023-11-30 13:44:24,784] Trial 125 finished with value: 399.0587158203125 and parameters: {'gradient_clip_val': 0.32199115349433044, 'hidden_size': 94, 'dropout': 0.2727864305697531, 'hidden_continuous_size': 67, 'attention_head_size': 2, 'learning_rate': 0.003233829247470661}. Best is trial 102 with value: 294.4981994628906.
LOCAL_RANK: 0 - CUDA_VISIBLE_DEVICES: [0]
[I 2023-11-30 13:44:39,632] Trial 126 finished with value: 409.8856506347656 and parameters: {'gradient_clip_val': 0.29159551815389084, 'hidden_size': 89, 'dropout': 0.24811762953949829, 'hidden_continuous_size': 63, 'attention_head_size': 2, 'learning_rate': 0.004383035791435267}. Best is trial 102 with value: 294.4981994628906.
LOCAL_RANK: 0 - CUDA_VISIBLE_DEVICES: [0]
[I 2023-11-30 13:44:54,847] Trial 127 finished with value: 377.376953125 and parameters: {'gradient_clip_val': 0.31178015535402054, 'hidden_size': 127, 'dropout': 0.26707925283905837, 'hidden_continuous_size': 55, 'attention_head_size': 2, 'learning_rate': 0.00560423749186871}. Best is trial 102 with value: 294.4981994628906.
LOCAL_RANK: 0 - CUDA_VISIBLE_DEVICES: [0]
[I 2023-11-30 13:45:09,447] Trial 128 finished with value: 365.5193786621094 and parameters: {'gradient_clip_val': 0.3428626722666812, 'hidden_size': 100, 'dropout': 0.27945739213366344, 'hidden_continuous_size': 59, 'attention_head_size': 2, 'learning_rate': 0.002483462038011012}. Best is trial 102 with value: 294.4981994628906.
LOCAL_RANK: 0 - CUDA_VISIBLE_DEVICES: [0]
[I 2023-11-30 13:45:24,946] Trial 129 finished with value: 424.7444763183594 and parameters: {'gradient_clip_val': 0.44754700798547287, 'hidden_size': 110, 'dropout': 0.2911393900798713, 'hidden_continuous_size': 88, 'attention_head_size': 2, 'learning_rate': 0.004972319128910409}. Best is trial 102 with value: 294.4981994628906.
LOCAL_RANK: 0 - CUDA_VISIBLE_DEVICES: [0]
[I 2023-11-30 13:45:39,724] Trial 130 finished with value: 445.2359313964844 and parameters: {'gradient_clip_val': 0.39142631636454905, 'hidden_size': 84, 'dropout': 0.215305903375558, 'hidden_continuous_size': 71, 'attention_head_size': 2, 'learning_rate': 0.004025470279199784}. Best is trial 102 with value: 294.4981994628906.
LOCAL_RANK: 0 - CUDA_VISIBLE_DEVICES: [0]
[I 2023-11-30 13:45:54,491] Trial 131 finished with value: 440.202392578125 and parameters: {'gradient_clip_val': 0.3807511576969788, 'hidden_size': 114, 'dropout': 0.24370830968550913, 'hidden_continuous_size': 75, 'attention_head_size': 2, 'learning_rate': 0.0036860274774954873}. Best is trial 102 with value: 294.4981994628906.
LOCAL_RANK: 0 - CUDA_VISIBLE_DEVICES: [0]
[I 2023-11-30 13:46:10,227] Trial 132 finished with value: 392.6939697265625 and parameters: {'gradient_clip_val': 0.3667978733649406, 'hidden_size': 121, 'dropout': 0.2557040519184846, 'hidden_continuous_size': 82, 'attention_head_size': 3, 'learning_rate': 0.003061378917951828}. Best is trial 102 with value: 294.4981994628906.
LOCAL_RANK: 0 - CUDA_VISIBLE_DEVICES: [0]
[I 2023-11-30 13:46:25,067] Trial 133 finished with value: 367.7213439941406 and parameters: {'gradient_clip_val': 0.32933603759600477, 'hidden_size': 105, 'dropout': 0.2574187871090802, 'hidden_continuous_size': 77, 'attention_head_size': 2, 'learning_rate': 0.003479037450762546}. Best is trial 102 with value: 294.4981994628906.
LOCAL_RANK: 0 - CUDA_VISIBLE_DEVICES: [0]
[I 2023-11-30 13:46:40,456] Trial 134 finished with value: 413.2723693847656 and parameters: {'gradient_clip_val': 0.4111201631821328, 'hidden_size': 135, 'dropout': 0.269399309304349, 'hidden_continuous_size': 47, 'attention_head_size': 3, 'learning_rate': 0.0039357900839927665}. Best is trial 102 with value: 294.4981994628906.
LOCAL_RANK: 0 - CUDA_VISIBLE_DEVICES: [0]
[I 2023-11-30 13:46:55,084] Trial 135 finished with value: 324.8213806152344 and parameters: {'gradient_clip_val': 0.3513781780455912, 'hidden_size': 112, 'dropout': 0.26112869465877, 'hidden_continuous_size': 67, 'attention_head_size': 2, 'learning_rate': 0.004384686208082931}. Best is trial 102 with value: 294.4981994628906.
LOCAL_RANK: 0 - CUDA_VISIBLE_DEVICES: [0]
