[I 2023-11-30 09:53:56,558] Trial 136 finished with value: 174.5233154296875 and parameters: {'gradient_clip_val': 0.11324449650238201, 'hidden_size': 59, 'dropout': 0.2171187418902542, 'hidden_continuous_size': 33, 'attention_head_size': 4, 'learning_rate': 0.00404561239933888}. Best is trial 41 with value: 114.93972778320312.
LOCAL_RANK: 0 - CUDA_VISIBLE_DEVICES: [0]
[I 2023-11-30 09:54:10,240] Trial 137 finished with value: 132.3120880126953 and parameters: {'gradient_clip_val': 0.10253204753751569, 'hidden_size': 73, 'dropout': 0.24952070880381044, 'hidden_continuous_size': 36, 'attention_head_size': 4, 'learning_rate': 0.0051160745882898925}. Best is trial 41 with value: 114.93972778320312.
LOCAL_RANK: 0 - CUDA_VISIBLE_DEVICES: [0]
[I 2023-11-30 09:54:23,866] Trial 138 finished with value: 169.93212890625 and parameters: {'gradient_clip_val': 0.10951449348203537, 'hidden_size': 67, 'dropout': 0.22654600106973602, 'hidden_continuous_size': 39, 'attention_head_size': 4, 'learning_rate': 0.006223970020642699}. Best is trial 41 with value: 114.93972778320312.
LOCAL_RANK: 0 - CUDA_VISIBLE_DEVICES: [0]
[I 2023-11-30 09:54:37,675] Trial 139 finished with value: 135.9189453125 and parameters: {'gradient_clip_val': 0.12284554217422612, 'hidden_size': 86, 'dropout': 0.1977396727620097, 'hidden_continuous_size': 43, 'attention_head_size': 4, 'learning_rate': 0.005346669881021874}. Best is trial 41 with value: 114.93972778320312.
LOCAL_RANK: 0 - CUDA_VISIBLE_DEVICES: [0]
[I 2023-11-30 09:54:51,263] Trial 140 finished with value: 228.2471466064453 and parameters: {'gradient_clip_val': 0.11635175991314585, 'hidden_size': 76, 'dropout': 0.21148851060729978, 'hidden_continuous_size': 29, 'attention_head_size': 4, 'learning_rate': 0.004337457082693942}. Best is trial 41 with value: 114.93972778320312.
LOCAL_RANK: 0 - CUDA_VISIBLE_DEVICES: [0]
[I 2023-11-30 09:55:04,839] Trial 141 finished with value: 168.16683959960938 and parameters: {'gradient_clip_val': 0.10274410419481719, 'hidden_size': 62, 'dropout': 0.23600996616333741, 'hidden_continuous_size': 36, 'attention_head_size': 4, 'learning_rate': 0.004971557952230009}. Best is trial 41 with value: 114.93972778320312.
LOCAL_RANK: 0 - CUDA_VISIBLE_DEVICES: [0]
[I 2023-11-30 09:55:18,459] Trial 142 finished with value: 130.33836364746094 and parameters: {'gradient_clip_val': 0.10020027529286891, 'hidden_size': 70, 'dropout': 0.24732289765256135, 'hidden_continuous_size': 37, 'attention_head_size': 4, 'learning_rate': 0.006567632054862787}. Best is trial 41 with value: 114.93972778320312.
LOCAL_RANK: 0 - CUDA_VISIBLE_DEVICES: [0]
[I 2023-11-30 09:55:32,011] Trial 143 finished with value: 130.07762145996094 and parameters: {'gradient_clip_val': 0.10851088062686927, 'hidden_size': 71, 'dropout': 0.24657533334413384, 'hidden_continuous_size': 38, 'attention_head_size': 4, 'learning_rate': 0.006680401331283741}. Best is trial 41 with value: 114.93972778320312.
LOCAL_RANK: 0 - CUDA_VISIBLE_DEVICES: [0]
[I 2023-11-30 09:55:45,744] Trial 144 finished with value: 133.096435546875 and parameters: {'gradient_clip_val': 0.10643933572228456, 'hidden_size': 81, 'dropout': 0.24756069481020213, 'hidden_continuous_size': 38, 'attention_head_size': 4, 'learning_rate': 0.006643775997165687}. Best is trial 41 with value: 114.93972778320312.
LOCAL_RANK: 0 - CUDA_VISIBLE_DEVICES: [0]
[I 2023-11-30 09:55:59,490] Trial 145 finished with value: 123.79976654052734 and parameters: {'gradient_clip_val': 0.11095050475813122, 'hidden_size': 65, 'dropout': 0.22903364439656898, 'hidden_continuous_size': 34, 'attention_head_size': 4, 'learning_rate': 0.007451641874200253}. Best is trial 41 with value: 114.93972778320312.
LOCAL_RANK: 0 - CUDA_VISIBLE_DEVICES: [0]
[I 2023-11-30 09:56:13,018] Trial 146 finished with value: 161.16578674316406 and parameters: {'gradient_clip_val': 0.11051304925057386, 'hidden_size': 58, 'dropout': 0.24370426108210072, 'hidden_continuous_size': 37, 'attention_head_size': 4, 'learning_rate': 0.006269201188806187}. Best is trial 41 with value: 114.93972778320312.
LOCAL_RANK: 0 - CUDA_VISIBLE_DEVICES: [0]
[I 2023-11-30 09:56:26,530] Trial 147 finished with value: 137.6454315185547 and parameters: {'gradient_clip_val': 0.10505950032765153, 'hidden_size': 65, 'dropout': 0.2554801846672472, 'hidden_continuous_size': 40, 'attention_head_size': 4, 'learning_rate': 0.007063235811042788}. Best is trial 41 with value: 114.93972778320312.
LOCAL_RANK: 0 - CUDA_VISIBLE_DEVICES: [0]
[I 2023-11-30 09:56:39,917] Trial 148 finished with value: 146.29348754882812 and parameters: {'gradient_clip_val': 0.11392881361311176, 'hidden_size': 62, 'dropout': 0.23206236575239272, 'hidden_continuous_size': 35, 'attention_head_size': 4, 'learning_rate': 0.0057209840598742385}. Best is trial 41 with value: 114.93972778320312.
LOCAL_RANK: 0 - CUDA_VISIBLE_DEVICES: [0]
[I 2023-11-30 09:56:53,351] Trial 149 finished with value: 125.3342514038086 and parameters: {'gradient_clip_val': 0.10186242685478099, 'hidden_size': 54, 'dropout': 0.23778520576347303, 'hidden_continuous_size': 33, 'attention_head_size': 4, 'learning_rate': 0.008132183265124918}. Best is trial 41 with value: 114.93972778320312.
[I 2023-11-30 09:56:53,481] A new study created in memory with name: no-name-dfc35849-ac92-4933-8445-f53473410a16
/home/le004/conda/anaconda3/envs/tsff_env/lib/python3.9/site-packages/lightning/fabric/plugins/environments/slurm.py:191: The `srun` command is available on your system but is not used. HINT: If your intention is to run Lightning on SLURM, prepend your python command with `srun` like so: srun python /home/le004/master_thesis/git/TSFusionForecast/code/ ...
LOCAL_RANK: 0 - CUDA_VISIBLE_DEVICES: [0]
[I 2023-11-30 09:57:06,296] Trial 0 finished with value: 56.87226486206055 and parameters: {'gradient_clip_val': 0.462272239265146, 'hidden_size': 39, 'dropout': 0.12756306816035617, 'hidden_continuous_size': 22, 'attention_head_size': 1, 'learning_rate': 0.004410835453058319}. Best is trial 0 with value: 56.87226486206055.
LOCAL_RANK: 0 - CUDA_VISIBLE_DEVICES: [0]
[I 2023-11-30 09:57:18,589] Trial 1 finished with value: 52.503173828125 and parameters: {'gradient_clip_val': 0.984604937422925, 'hidden_size': 19, 'dropout': 0.15188139509988058, 'hidden_continuous_size': 11, 'attention_head_size': 4, 'learning_rate': 0.03381529884227867}. Best is trial 1 with value: 52.503173828125.
LOCAL_RANK: 0 - CUDA_VISIBLE_DEVICES: [0]
[I 2023-11-30 09:57:31,155] Trial 2 finished with value: 65.31085205078125 and parameters: {'gradient_clip_val': 0.29573707207841177, 'hidden_size': 31, 'dropout': 0.28166909621728686, 'hidden_continuous_size': 22, 'attention_head_size': 3, 'learning_rate': 0.0018757282615215376}. Best is trial 1 with value: 52.503173828125.
LOCAL_RANK: 0 - CUDA_VISIBLE_DEVICES: [0]
[I 2023-11-30 09:57:41,436] Trial 3 finished with value: 108.25240325927734 and parameters: {'gradient_clip_val': 0.13405910710203742, 'hidden_size': 10, 'dropout': 0.302686690990139, 'hidden_continuous_size': 10, 'attention_head_size': 3, 'learning_rate': 0.0033373917513880645}. Best is trial 1 with value: 52.503173828125.
LOCAL_RANK: 0 - CUDA_VISIBLE_DEVICES: [0]
[I 2023-11-30 09:57:51,825] Trial 4 finished with value: 109.1004409790039 and parameters: {'gradient_clip_val': 0.3158188029079974, 'hidden_size': 10, 'dropout': 0.3418257908238006, 'hidden_continuous_size': 10, 'attention_head_size': 2, 'learning_rate': 0.0013236315488916652}. Best is trial 1 with value: 52.503173828125.
LOCAL_RANK: 0 - CUDA_VISIBLE_DEVICES: [0]
[I 2023-11-30 09:58:05,700] Trial 5 finished with value: 49.3497200012207 and parameters: {'gradient_clip_val': 0.14624454714504004, 'hidden_size': 118, 'dropout': 0.161801609685851, 'hidden_continuous_size': 19, 'attention_head_size': 4, 'learning_rate': 0.020914441491712843}. Best is trial 5 with value: 49.3497200012207.
LOCAL_RANK: 0 - CUDA_VISIBLE_DEVICES: [0]
[I 2023-11-30 09:58:17,939] Trial 6 finished with value: 44.55373001098633 and parameters: {'gradient_clip_val': 0.2144196923907979, 'hidden_size': 28, 'dropout': 0.2274507879614193, 'hidden_continuous_size': 16, 'attention_head_size': 3, 'learning_rate': 0.0068614618970232}. Best is trial 6 with value: 44.55373001098633.
LOCAL_RANK: 0 - CUDA_VISIBLE_DEVICES: [0]
[I 2023-11-30 09:58:30,660] Trial 7 finished with value: 34.37485122680664 and parameters: {'gradient_clip_val': 0.1487857729754958, 'hidden_size': 58, 'dropout': 0.2766869957602143, 'hidden_continuous_size': 10, 'attention_head_size': 1, 'learning_rate': 0.005068314890834255}. Best is trial 7 with value: 34.37485122680664.
LOCAL_RANK: 0 - CUDA_VISIBLE_DEVICES: [0]
[I 2023-11-30 09:58:43,361] Trial 8 finished with value: 83.84725189208984 and parameters: {'gradient_clip_val': 0.47011477560145176, 'hidden_size': 53, 'dropout': 0.1202995379995631, 'hidden_continuous_size': 14, 'attention_head_size': 1, 'learning_rate': 0.0011684141021864236}. Best is trial 7 with value: 34.37485122680664.
LOCAL_RANK: 0 - CUDA_VISIBLE_DEVICES: [0]
[I 2023-11-30 09:58:55,819] Trial 9 finished with value: 39.09968185424805 and parameters: {'gradient_clip_val': 0.42836561895887304, 'hidden_size': 18, 'dropout': 0.37188880594419627, 'hidden_continuous_size': 16, 'attention_head_size': 4, 'learning_rate': 0.045700318310325595}. Best is trial 7 with value: 34.37485122680664.
LOCAL_RANK: 0 - CUDA_VISIBLE_DEVICES: [0]
[I 2023-11-30 09:59:09,540] Trial 10 finished with value: 43.44553756713867 and parameters: {'gradient_clip_val': 0.11321799332804706, 'hidden_size': 79, 'dropout': 0.2182669348586143, 'hidden_continuous_size': 47, 'attention_head_size': 2, 'learning_rate': 0.013141320783176692}. Best is trial 7 with value: 34.37485122680664.
LOCAL_RANK: 0 - CUDA_VISIBLE_DEVICES: [0]
[I 2023-11-30 09:59:22,462] Trial 11 finished with value: 48.61430740356445 and parameters: {'gradient_clip_val': 0.1830611604808516, 'hidden_size': 62, 'dropout': 0.38986667095575467, 'hidden_continuous_size': 15, 'attention_head_size': 1, 'learning_rate': 0.07862370623681424}. Best is trial 7 with value: 34.37485122680664.
LOCAL_RANK: 0 - CUDA_VISIBLE_DEVICES: [0]
[I 2023-11-30 09:59:34,701] Trial 12 finished with value: 62.89641189575195 and parameters: {'gradient_clip_val': 0.10358167889571797, 'hidden_size': 21, 'dropout': 0.39603394230777567, 'hidden_continuous_size': 12, 'attention_head_size': 2, 'learning_rate': 0.00890519979604639}. Best is trial 7 with value: 34.37485122680664.
LOCAL_RANK: 0 - CUDA_VISIBLE_DEVICES: [0]
[I 2023-11-30 09:59:48,762] Trial 13 finished with value: 42.05604934692383 and parameters: {'gradient_clip_val': 0.20745210383322416, 'hidden_size': 126, 'dropout': 0.33592500585841406, 'hidden_continuous_size': 29, 'attention_head_size': 4, 'learning_rate': 0.09749571582501895}. Best is trial 7 with value: 34.37485122680664.
LOCAL_RANK: 0 - CUDA_VISIBLE_DEVICES: [0]
[I 2023-11-30 10:00:01,752] Trial 14 finished with value: 44.65066909790039 and parameters: {'gradient_clip_val': 0.4784705001323165, 'hidden_size': 46, 'dropout': 0.26682710697161094, 'hidden_continuous_size': 13, 'attention_head_size': 2, 'learning_rate': 0.03545043576911058}. Best is trial 7 with value: 34.37485122680664.
LOCAL_RANK: 0 - CUDA_VISIBLE_DEVICES: [0]
[I 2023-11-30 10:00:15,821] Trial 15 finished with value: 33.5172119140625 and parameters: {'gradient_clip_val': 0.24898745412403178, 'hidden_size': 81, 'dropout': 0.33111553108039815, 'hidden_continuous_size': 74, 'attention_head_size': 3, 'learning_rate': 0.014925933196992596}. Best is trial 15 with value: 33.5172119140625.
LOCAL_RANK: 0 - CUDA_VISIBLE_DEVICES: [0]
[I 2023-11-30 10:00:29,951] Trial 16 finished with value: 42.87002944946289 and parameters: {'gradient_clip_val': 0.15639668531140122, 'hidden_size': 85, 'dropout': 0.30587526538424764, 'hidden_continuous_size': 83, 'attention_head_size': 3, 'learning_rate': 0.015261247151546177}. Best is trial 15 with value: 33.5172119140625.
LOCAL_RANK: 0 - CUDA_VISIBLE_DEVICES: [0]
[I 2023-11-30 10:00:44,628] Trial 17 finished with value: 36.15852737426758 and parameters: {'gradient_clip_val': 0.2143993613543066, 'hidden_size': 146, 'dropout': 0.23686375287687292, 'hidden_continuous_size': 135, 'attention_head_size': 1, 'learning_rate': 0.00732983516972334}. Best is trial 15 with value: 33.5172119140625.
LOCAL_RANK: 0 - CUDA_VISIBLE_DEVICES: [0]
[I 2023-11-30 10:00:58,040] Trial 18 finished with value: 39.025489807128906 and parameters: {'gradient_clip_val': 0.10163745712847916, 'hidden_size': 69, 'dropout': 0.34618210293092044, 'hidden_continuous_size': 31, 'attention_head_size': 2, 'learning_rate': 0.004712688795145874}. Best is trial 15 with value: 33.5172119140625.
LOCAL_RANK: 0 - CUDA_VISIBLE_DEVICES: [0]
[I 2023-11-30 10:01:12,079] Trial 19 finished with value: 36.17817306518555 and parameters: {'gradient_clip_val': 0.26265619555042585, 'hidden_size': 95, 'dropout': 0.31085361637808107, 'hidden_continuous_size': 45, 'attention_head_size': 3, 'learning_rate': 0.012801744007133256}. Best is trial 15 with value: 33.5172119140625.
LOCAL_RANK: 0 - CUDA_VISIBLE_DEVICES: [0]
[I 2023-11-30 10:01:25,064] Trial 20 finished with value: 53.59284973144531 and parameters: {'gradient_clip_val': 0.16651291020404022, 'hidden_size': 59, 'dropout': 0.2637849090422035, 'hidden_continuous_size': 18, 'attention_head_size': 1, 'learning_rate': 0.002672442683234196}. Best is trial 15 with value: 33.5172119140625.
LOCAL_RANK: 0 - CUDA_VISIBLE_DEVICES: [0]
[I 2023-11-30 10:01:39,834] Trial 21 finished with value: 43.89582443237305 and parameters: {'gradient_clip_val': 0.24698471499522756, 'hidden_size': 150, 'dropout': 0.235821923926034, 'hidden_continuous_size': 142, 'attention_head_size': 1, 'learning_rate': 0.0072958029226669685}. Best is trial 15 with value: 33.5172119140625.
LOCAL_RANK: 0 - CUDA_VISIBLE_DEVICES: [0]
[I 2023-11-30 10:01:53,632] Trial 22 finished with value: 48.91643142700195 and parameters: {'gradient_clip_val': 0.19148916632929347, 'hidden_size': 92, 'dropout': 0.25019890884045765, 'hidden_continuous_size': 88, 'attention_head_size': 1, 'learning_rate': 0.0058667425969751745}. Best is trial 15 with value: 33.5172119140625.
LOCAL_RANK: 0 - CUDA_VISIBLE_DEVICES: [0]
[I 2023-11-30 10:02:07,547] Trial 23 finished with value: 40.25223922729492 and parameters: {'gradient_clip_val': 0.13388021586938584, 'hidden_size': 107, 'dropout': 0.2114540640740607, 'hidden_continuous_size': 43, 'attention_head_size': 2, 'learning_rate': 0.008186276106188401}. Best is trial 15 with value: 33.5172119140625.
LOCAL_RANK: 0 - CUDA_VISIBLE_DEVICES: [0]
[I 2023-11-30 10:02:21,118] Trial 24 finished with value: 34.347408294677734 and parameters: {'gradient_clip_val': 0.22910410898991165, 'hidden_size': 74, 'dropout': 0.28760492600483556, 'hidden_continuous_size': 25, 'attention_head_size': 1, 'learning_rate': 0.01033047773893039}. Best is trial 15 with value: 33.5172119140625.
LOCAL_RANK: 0 - CUDA_VISIBLE_DEVICES: [0]
[I 2023-11-30 10:02:34,147] Trial 25 finished with value: 44.95732498168945 and parameters: {'gradient_clip_val': 0.24539907087749988, 'hidden_size': 72, 'dropout': 0.2878528757188074, 'hidden_continuous_size': 12, 'attention_head_size': 2, 'learning_rate': 0.010547714747471789}. Best is trial 15 with value: 33.5172119140625.
LOCAL_RANK: 0 - CUDA_VISIBLE_DEVICES: [0]
[I 2023-11-30 10:02:47,118] Trial 26 finished with value: 35.65583801269531 and parameters: {'gradient_clip_val': 0.1677862209879239, 'hidden_size': 52, 'dropout': 0.3259010949647344, 'hidden_continuous_size': 13, 'attention_head_size': 3, 'learning_rate': 0.01821982294672112}. Best is trial 15 with value: 33.5172119140625.
LOCAL_RANK: 0 - CUDA_VISIBLE_DEVICES: [0]
[I 2023-11-30 10:03:00,478] Trial 27 finished with value: 34.04477310180664 and parameters: {'gradient_clip_val': 0.1258478153859991, 'hidden_size': 76, 'dropout': 0.36051296909710795, 'hidden_continuous_size': 26, 'attention_head_size': 1, 'learning_rate': 0.011562292308018663}. Best is trial 15 with value: 33.5172119140625.
LOCAL_RANK: 0 - CUDA_VISIBLE_DEVICES: [0]
[I 2023-11-30 10:03:13,921] Trial 28 finished with value: 37.859683990478516 and parameters: {'gradient_clip_val': 0.12188994094110324, 'hidden_size': 78, 'dropout': 0.3552759332024987, 'hidden_continuous_size': 25, 'attention_head_size': 2, 'learning_rate': 0.021575624317048157}. Best is trial 15 with value: 33.5172119140625.
LOCAL_RANK: 0 - CUDA_VISIBLE_DEVICES: [0]
[I 2023-11-30 10:03:26,797] Trial 29 finished with value: 45.0203857421875 and parameters: {'gradient_clip_val': 0.12424391041070416, 'hidden_size': 43, 'dropout': 0.36652934556037986, 'hidden_continuous_size': 21, 'attention_head_size': 1, 'learning_rate': 0.010587961209265327}. Best is trial 15 with value: 33.5172119140625.
LOCAL_RANK: 0 - CUDA_VISIBLE_DEVICES: [0]
[I 2023-11-30 10:03:40,578] Trial 30 finished with value: 44.71192932128906 and parameters: {'gradient_clip_val': 0.1777443212828035, 'hidden_size': 102, 'dropout': 0.32758425270682107, 'hidden_continuous_size': 36, 'attention_head_size': 1, 'learning_rate': 0.016020608768752276}. Best is trial 15 with value: 33.5172119140625.
LOCAL_RANK: 0 - CUDA_VISIBLE_DEVICES: [0]
[I 2023-11-30 10:03:53,651] Trial 31 finished with value: 36.34212112426758 and parameters: {'gradient_clip_val': 0.13400035748855055, 'hidden_size': 63, 'dropout': 0.3166271333278932, 'hidden_continuous_size': 18, 'attention_head_size': 1, 'learning_rate': 0.005625078608044532}. Best is trial 15 with value: 33.5172119140625.
LOCAL_RANK: 0 - CUDA_VISIBLE_DEVICES: [0]
[I 2023-11-30 10:04:07,174] Trial 32 finished with value: 31.594480514526367 and parameters: {'gradient_clip_val': 0.14750542650582274, 'hidden_size': 82, 'dropout': 0.28896414710183066, 'hidden_continuous_size': 24, 'attention_head_size': 1, 'learning_rate': 0.004629443360147715}. Best is trial 32 with value: 31.594480514526367.
LOCAL_RANK: 0 - CUDA_VISIBLE_DEVICES: [0]
[I 2023-11-30 10:04:20,564] Trial 33 finished with value: 38.1805419921875 and parameters: {'gradient_clip_val': 0.15849680975099706, 'hidden_size': 86, 'dropout': 0.29420400024646276, 'hidden_continuous_size': 25, 'attention_head_size': 1, 'learning_rate': 0.0035209776375016533}. Best is trial 32 with value: 31.594480514526367.
LOCAL_RANK: 0 - CUDA_VISIBLE_DEVICES: [0]
[I 2023-11-30 10:04:34,242] Trial 34 finished with value: 35.39931869506836 and parameters: {'gradient_clip_val': 0.18823473234558466, 'hidden_size': 73, 'dropout': 0.3246677044629574, 'hidden_continuous_size': 23, 'attention_head_size': 3, 'learning_rate': 0.011037365189106755}. Best is trial 32 with value: 31.594480514526367.
LOCAL_RANK: 0 - CUDA_VISIBLE_DEVICES: [0]
[I 2023-11-30 10:04:47,855] Trial 35 finished with value: 32.36996078491211 and parameters: {'gradient_clip_val': 0.11816311575099364, 'hidden_size': 102, 'dropout': 0.29306245933578756, 'hidden_continuous_size': 30, 'attention_head_size': 1, 'learning_rate': 0.009123118396657942}. Best is trial 32 with value: 31.594480514526367.
LOCAL_RANK: 0 - CUDA_VISIBLE_DEVICES: [0]
[I 2023-11-30 10:05:01,819] Trial 36 finished with value: 35.972232818603516 and parameters: {'gradient_clip_val': 0.11792060547693131, 'hidden_size': 111, 'dropout': 0.35175651959828425, 'hidden_continuous_size': 35, 'attention_head_size': 2, 'learning_rate': 0.004009399285539875}. Best is trial 32 with value: 31.594480514526367.
LOCAL_RANK: 0 - CUDA_VISIBLE_DEVICES: [0]
[I 2023-11-30 10:05:15,729] Trial 37 finished with value: 33.09823989868164 and parameters: {'gradient_clip_val': 0.10066019692756337, 'hidden_size': 125, 'dropout': 0.3049630597370457, 'hidden_continuous_size': 29, 'attention_head_size': 3, 'learning_rate': 0.0028124755712265795}. Best is trial 32 with value: 31.594480514526367.
LOCAL_RANK: 0 - CUDA_VISIBLE_DEVICES: [0]
[I 2023-11-30 10:05:29,695] Trial 38 finished with value: 37.678810119628906 and parameters: {'gradient_clip_val': 0.10820960945970004, 'hidden_size': 125, 'dropout': 0.30325999798983894, 'hidden_continuous_size': 29, 'attention_head_size': 3, 'learning_rate': 0.002595307666495352}. Best is trial 32 with value: 31.594480514526367.
LOCAL_RANK: 0 - CUDA_VISIBLE_DEVICES: [0]
[I 2023-11-30 10:05:43,428] Trial 39 finished with value: 35.5199089050293 and parameters: {'gradient_clip_val': 0.10174860470434134, 'hidden_size': 98, 'dropout': 0.2982779899441677, 'hidden_continuous_size': 20, 'attention_head_size': 3, 'learning_rate': 0.0017784674299490054}. Best is trial 32 with value: 31.594480514526367.
LOCAL_RANK: 0 - CUDA_VISIBLE_DEVICES: [0]
[I 2023-11-30 10:05:57,642] Trial 40 finished with value: 38.40999221801758 and parameters: {'gradient_clip_val': 0.14528090110399508, 'hidden_size': 129, 'dropout': 0.2726899903387849, 'hidden_continuous_size': 37, 'attention_head_size': 4, 'learning_rate': 0.0038930261723221253}. Best is trial 32 with value: 31.594480514526367.
LOCAL_RANK: 0 - CUDA_VISIBLE_DEVICES: [0]
[I 2023-11-30 10:06:11,524] Trial 41 finished with value: 35.1605110168457 and parameters: {'gradient_clip_val': 0.12513331633790611, 'hidden_size': 108, 'dropout': 0.33491506761978435, 'hidden_continuous_size': 29, 'attention_head_size': 3, 'learning_rate': 0.005835386702445859}. Best is trial 32 with value: 31.594480514526367.
LOCAL_RANK: 0 - CUDA_VISIBLE_DEVICES: [0]
[I 2023-11-30 10:06:25,034] Trial 42 finished with value: 38.36151123046875 and parameters: {'gradient_clip_val': 0.1375283426781729, 'hidden_size': 85, 'dropout': 0.31446597862922915, 'hidden_continuous_size': 23, 'attention_head_size': 3, 'learning_rate': 0.008259794431696136}. Best is trial 32 with value: 31.594480514526367.
LOCAL_RANK: 0 - CUDA_VISIBLE_DEVICES: [0]
