[I 2023-11-29 23:46:24,392] Trial 94 finished with value: 69.9992446899414 and parameters: {'gradient_clip_val': 0.8419354505023494, 'hidden_size': 136, 'dropout': 0.3853691639146708, 'hidden_continuous_size': 129, 'attention_head_size': 4, 'learning_rate': 0.07055142580518126}. Best is trial 69 with value: 58.0585823059082.
LOCAL_RANK: 0 - CUDA_VISIBLE_DEVICES: [0]
[I 2023-11-29 23:46:38,790] Trial 95 finished with value: 69.3301010131836 and parameters: {'gradient_clip_val': 0.636316077974705, 'hidden_size': 113, 'dropout': 0.37764138207472797, 'hidden_continuous_size': 104, 'attention_head_size': 3, 'learning_rate': 0.08880574544032341}. Best is trial 69 with value: 58.0585823059082.
LOCAL_RANK: 0 - CUDA_VISIBLE_DEVICES: [0]
[I 2023-11-29 23:46:53,563] Trial 96 finished with value: 71.65928649902344 and parameters: {'gradient_clip_val': 0.7865930097892142, 'hidden_size': 142, 'dropout': 0.3612499434277488, 'hidden_continuous_size': 127, 'attention_head_size': 4, 'learning_rate': 0.06149484187922682}. Best is trial 69 with value: 58.0585823059082.
LOCAL_RANK: 0 - CUDA_VISIBLE_DEVICES: [0]
[I 2023-11-29 23:47:08,031] Trial 97 finished with value: 65.22064208984375 and parameters: {'gradient_clip_val': 0.6031440539811578, 'hidden_size': 131, 'dropout': 0.39533543372231617, 'hidden_continuous_size': 122, 'attention_head_size': 2, 'learning_rate': 0.08072650959881408}. Best is trial 69 with value: 58.0585823059082.
LOCAL_RANK: 0 - CUDA_VISIBLE_DEVICES: [0]
[I 2023-11-29 23:47:22,854] Trial 98 finished with value: 65.18692779541016 and parameters: {'gradient_clip_val': 0.9461328427865862, 'hidden_size': 123, 'dropout': 0.3718870029948307, 'hidden_continuous_size': 114, 'attention_head_size': 4, 'learning_rate': 0.06837378878810141}. Best is trial 69 with value: 58.0585823059082.
LOCAL_RANK: 0 - CUDA_VISIBLE_DEVICES: [0]
[I 2023-11-29 23:47:37,667] Trial 99 finished with value: 63.1995849609375 and parameters: {'gradient_clip_val': 0.7417238104466916, 'hidden_size': 141, 'dropout': 0.3487924068091992, 'hidden_continuous_size': 128, 'attention_head_size': 4, 'learning_rate': 0.09997135168908569}. Best is trial 69 with value: 58.0585823059082.
LOCAL_RANK: 0 - CUDA_VISIBLE_DEVICES: [0]
[I 2023-11-29 23:47:52,038] Trial 100 finished with value: 67.9635009765625 and parameters: {'gradient_clip_val': 0.6621966329626765, 'hidden_size': 112, 'dropout': 0.3361212811969555, 'hidden_continuous_size': 99, 'attention_head_size': 4, 'learning_rate': 0.08979267882873948}. Best is trial 69 with value: 58.0585823059082.
LOCAL_RANK: 0 - CUDA_VISIBLE_DEVICES: [0]
[I 2023-11-29 23:48:06,396] Trial 101 finished with value: 69.56127166748047 and parameters: {'gradient_clip_val': 0.8342696026126798, 'hidden_size': 102, 'dropout': 0.3688784710869554, 'hidden_continuous_size': 98, 'attention_head_size': 3, 'learning_rate': 0.036911505137616}. Best is trial 69 with value: 58.0585823059082.
LOCAL_RANK: 0 - CUDA_VISIBLE_DEVICES: [0]
[I 2023-11-29 23:48:20,991] Trial 102 finished with value: 76.10442352294922 and parameters: {'gradient_clip_val': 0.7206468878226516, 'hidden_size': 133, 'dropout': 0.32407565479711575, 'hidden_continuous_size': 121, 'attention_head_size': 3, 'learning_rate': 0.04765345843906871}. Best is trial 69 with value: 58.0585823059082.
LOCAL_RANK: 0 - CUDA_VISIBLE_DEVICES: [0]
[I 2023-11-29 23:48:35,558] Trial 103 finished with value: 56.740081787109375 and parameters: {'gradient_clip_val': 0.7844841309832395, 'hidden_size': 119, 'dropout': 0.38545445935978506, 'hidden_continuous_size': 110, 'attention_head_size': 3, 'learning_rate': 0.07911771675982933}. Best is trial 103 with value: 56.740081787109375.
LOCAL_RANK: 0 - CUDA_VISIBLE_DEVICES: [0]
[I 2023-11-29 23:48:49,790] Trial 104 finished with value: 70.19203186035156 and parameters: {'gradient_clip_val': 0.9094858196879997, 'hidden_size': 120, 'dropout': 0.3833965886539671, 'hidden_continuous_size': 109, 'attention_head_size': 3, 'learning_rate': 0.07932943047661348}. Best is trial 103 with value: 56.740081787109375.
LOCAL_RANK: 0 - CUDA_VISIBLE_DEVICES: [0]
[I 2023-11-29 23:49:04,530] Trial 105 finished with value: 63.94097900390625 and parameters: {'gradient_clip_val': 0.6811101719649776, 'hidden_size': 144, 'dropout': 0.39196064335311465, 'hidden_continuous_size': 141, 'attention_head_size': 3, 'learning_rate': 0.07104820737333824}. Best is trial 103 with value: 56.740081787109375.
LOCAL_RANK: 0 - CUDA_VISIBLE_DEVICES: [0]
[I 2023-11-29 23:49:18,661] Trial 106 finished with value: 64.82495880126953 and parameters: {'gradient_clip_val': 0.7729931488564579, 'hidden_size': 87, 'dropout': 0.3777762919993808, 'hidden_continuous_size': 84, 'attention_head_size': 3, 'learning_rate': 0.0835896783057252}. Best is trial 103 with value: 56.740081787109375.
LOCAL_RANK: 0 - CUDA_VISIBLE_DEVICES: [0]
[I 2023-11-29 23:49:32,994] Trial 107 finished with value: 70.65662384033203 and parameters: {'gradient_clip_val': 0.9544440783844945, 'hidden_size': 108, 'dropout': 0.3867701555494036, 'hidden_continuous_size': 102, 'attention_head_size': 4, 'learning_rate': 0.056148292837893334}. Best is trial 103 with value: 56.740081787109375.
LOCAL_RANK: 0 - CUDA_VISIBLE_DEVICES: [0]
[I 2023-11-29 23:49:47,712] Trial 108 finished with value: 57.382965087890625 and parameters: {'gradient_clip_val': 0.8706019147905301, 'hidden_size': 127, 'dropout': 0.3636163234626029, 'hidden_continuous_size': 118, 'attention_head_size': 3, 'learning_rate': 0.06480808573267682}. Best is trial 103 with value: 56.740081787109375.
LOCAL_RANK: 0 - CUDA_VISIBLE_DEVICES: [0]
[I 2023-11-29 23:50:02,014] Trial 109 finished with value: 73.8410415649414 and parameters: {'gradient_clip_val': 0.8543710637285903, 'hidden_size': 116, 'dropout': 0.39647325779874926, 'hidden_continuous_size': 108, 'attention_head_size': 3, 'learning_rate': 0.06726460056572127}. Best is trial 103 with value: 56.740081787109375.
LOCAL_RANK: 0 - CUDA_VISIBLE_DEVICES: [0]
[I 2023-11-29 23:50:16,658] Trial 110 finished with value: 66.721923828125 and parameters: {'gradient_clip_val': 0.8186546213485859, 'hidden_size': 129, 'dropout': 0.3635572843268411, 'hidden_continuous_size': 118, 'attention_head_size': 3, 'learning_rate': 0.061400373395347416}. Best is trial 103 with value: 56.740081787109375.
LOCAL_RANK: 0 - CUDA_VISIBLE_DEVICES: [0]
[I 2023-11-29 23:50:31,326] Trial 111 finished with value: 57.45473861694336 and parameters: {'gradient_clip_val': 0.896757191684472, 'hidden_size': 144, 'dropout': 0.3755296068732188, 'hidden_continuous_size': 143, 'attention_head_size': 3, 'learning_rate': 0.08810195333007925}. Best is trial 103 with value: 56.740081787109375.
LOCAL_RANK: 0 - CUDA_VISIBLE_DEVICES: [0]
[I 2023-11-29 23:50:45,833] Trial 112 finished with value: 62.62297058105469 and parameters: {'gradient_clip_val': 0.8956620808270767, 'hidden_size': 136, 'dropout': 0.3703698353224068, 'hidden_continuous_size': 126, 'attention_head_size': 3, 'learning_rate': 0.07625865608959609}. Best is trial 103 with value: 56.740081787109375.
LOCAL_RANK: 0 - CUDA_VISIBLE_DEVICES: [0]
[I 2023-11-29 23:51:00,579] Trial 113 finished with value: 58.24485397338867 and parameters: {'gradient_clip_val': 0.9333366004906968, 'hidden_size': 125, 'dropout': 0.3999321941524315, 'hidden_continuous_size': 117, 'attention_head_size': 3, 'learning_rate': 0.08663791229373409}. Best is trial 103 with value: 56.740081787109375.
LOCAL_RANK: 0 - CUDA_VISIBLE_DEVICES: [0]
[I 2023-11-29 23:51:15,127] Trial 114 finished with value: 60.602203369140625 and parameters: {'gradient_clip_val': 0.9575952851366419, 'hidden_size': 126, 'dropout': 0.35700573199776314, 'hidden_continuous_size': 119, 'attention_head_size': 3, 'learning_rate': 0.08251456838733254}. Best is trial 103 with value: 56.740081787109375.
LOCAL_RANK: 0 - CUDA_VISIBLE_DEVICES: [0]
[I 2023-11-29 23:51:29,563] Trial 115 finished with value: 65.1454086303711 and parameters: {'gradient_clip_val': 0.9323265232645196, 'hidden_size': 127, 'dropout': 0.35575943978211927, 'hidden_continuous_size': 118, 'attention_head_size': 3, 'learning_rate': 0.08923904455050745}. Best is trial 103 with value: 56.740081787109375.
LOCAL_RANK: 0 - CUDA_VISIBLE_DEVICES: [0]
[I 2023-11-29 23:51:44,021] Trial 116 finished with value: 68.14856719970703 and parameters: {'gradient_clip_val': 0.9636299402311044, 'hidden_size': 123, 'dropout': 0.34439713769343444, 'hidden_continuous_size': 113, 'attention_head_size': 3, 'learning_rate': 0.08365085361065024}. Best is trial 103 with value: 56.740081787109375.
LOCAL_RANK: 0 - CUDA_VISIBLE_DEVICES: [0]
[I 2023-11-29 23:51:58,905] Trial 117 finished with value: 67.1462631225586 and parameters: {'gradient_clip_val': 0.8697217624090665, 'hidden_size': 145, 'dropout': 0.3618176861562255, 'hidden_continuous_size': 139, 'attention_head_size': 3, 'learning_rate': 0.07482511389768738}. Best is trial 103 with value: 56.740081787109375.
LOCAL_RANK: 0 - CUDA_VISIBLE_DEVICES: [0]
[I 2023-11-29 23:52:13,209] Trial 118 finished with value: 66.9029769897461 and parameters: {'gradient_clip_val': 0.9058857898888938, 'hidden_size': 100, 'dropout': 0.37710259797773193, 'hidden_continuous_size': 95, 'attention_head_size': 3, 'learning_rate': 0.061697002719163084}. Best is trial 103 with value: 56.740081787109375.
LOCAL_RANK: 0 - CUDA_VISIBLE_DEVICES: [0]
[I 2023-11-29 23:52:27,539] Trial 119 finished with value: 65.40721893310547 and parameters: {'gradient_clip_val': 0.8059199854581132, 'hidden_size': 111, 'dropout': 0.353169628926409, 'hidden_continuous_size': 105, 'attention_head_size': 3, 'learning_rate': 0.0904718936677703}. Best is trial 103 with value: 56.740081787109375.
LOCAL_RANK: 0 - CUDA_VISIBLE_DEVICES: [0]
[I 2023-11-29 23:52:41,991] Trial 120 finished with value: 73.11389923095703 and parameters: {'gradient_clip_val': 0.8538092385210045, 'hidden_size': 132, 'dropout': 0.36651425005377314, 'hidden_continuous_size': 121, 'attention_head_size': 3, 'learning_rate': 0.05113779359166656}. Best is trial 103 with value: 56.740081787109375.
LOCAL_RANK: 0 - CUDA_VISIBLE_DEVICES: [0]
[I 2023-11-29 23:52:53,101] Trial 121 finished with value: 61.6439208984375 and parameters: {'gradient_clip_val': 0.9934921553839925, 'hidden_size': 150, 'dropout': 0.3857899935647392, 'hidden_continuous_size': 150, 'attention_head_size': 3, 'learning_rate': 0.09910909793254706}. Best is trial 103 with value: 56.740081787109375.
LOCAL_RANK: 0 - CUDA_VISIBLE_DEVICES: [0]
[I 2023-11-29 23:53:07,528] Trial 122 finished with value: 69.33509826660156 and parameters: {'gradient_clip_val': 0.9441361027923207, 'hidden_size': 121, 'dropout': 0.381146704085565, 'hidden_continuous_size': 112, 'attention_head_size': 3, 'learning_rate': 0.08120705673338935}. Best is trial 103 with value: 56.740081787109375.
LOCAL_RANK: 0 - CUDA_VISIBLE_DEVICES: [0]
[I 2023-11-29 23:53:22,474] Trial 123 finished with value: 65.01882934570312 and parameters: {'gradient_clip_val': 0.8952161675849747, 'hidden_size': 138, 'dropout': 0.39214583562875754, 'hidden_continuous_size': 129, 'attention_head_size': 3, 'learning_rate': 0.09155342073541028}. Best is trial 103 with value: 56.740081787109375.
LOCAL_RANK: 0 - CUDA_VISIBLE_DEVICES: [0]
[I 2023-11-29 23:53:37,128] Trial 124 finished with value: 63.201717376708984 and parameters: {'gradient_clip_val': 0.9990760932729387, 'hidden_size': 144, 'dropout': 0.3991388857315889, 'hidden_continuous_size': 135, 'attention_head_size': 3, 'learning_rate': 0.07218728804676974}. Best is trial 103 with value: 56.740081787109375.
LOCAL_RANK: 0 - CUDA_VISIBLE_DEVICES: [0]
[I 2023-11-29 23:53:51,690] Trial 125 finished with value: 57.78506851196289 and parameters: {'gradient_clip_val': 0.8043683571773267, 'hidden_size': 129, 'dropout': 0.37212630251391543, 'hidden_continuous_size': 123, 'attention_head_size': 3, 'learning_rate': 0.06569643093241044}. Best is trial 103 with value: 56.740081787109375.
LOCAL_RANK: 0 - CUDA_VISIBLE_DEVICES: [0]
[I 2023-11-29 23:54:06,077] Trial 126 finished with value: 69.51655578613281 and parameters: {'gradient_clip_val': 0.7744411538282057, 'hidden_size': 117, 'dropout': 0.3741867282754719, 'hidden_continuous_size': 108, 'attention_head_size': 3, 'learning_rate': 0.055713907281013234}. Best is trial 103 with value: 56.740081787109375.
LOCAL_RANK: 0 - CUDA_VISIBLE_DEVICES: [0]
[I 2023-11-29 23:54:20,521] Trial 127 finished with value: 76.58261108398438 and parameters: {'gradient_clip_val': 0.8156276967220912, 'hidden_size': 128, 'dropout': 0.3597961626466223, 'hidden_continuous_size': 121, 'attention_head_size': 3, 'learning_rate': 0.06578874126570405}. Best is trial 103 with value: 56.740081787109375.
LOCAL_RANK: 0 - CUDA_VISIBLE_DEVICES: [0]
[I 2023-11-29 23:54:35,116] Trial 128 finished with value: 64.73519897460938 and parameters: {'gradient_clip_val': 0.729759041652559, 'hidden_size': 105, 'dropout': 0.3671875400554069, 'hidden_continuous_size': 98, 'attention_head_size': 3, 'learning_rate': 0.07833038040854283}. Best is trial 103 with value: 56.740081787109375.
LOCAL_RANK: 0 - CUDA_VISIBLE_DEVICES: [0]
[I 2023-11-29 23:54:49,664] Trial 129 finished with value: 71.32221221923828 and parameters: {'gradient_clip_val': 0.8537473017417836, 'hidden_size': 136, 'dropout': 0.3413833679599541, 'hidden_continuous_size': 126, 'attention_head_size': 3, 'learning_rate': 0.06580574405872805}. Best is trial 103 with value: 56.740081787109375.
LOCAL_RANK: 0 - CUDA_VISIBLE_DEVICES: [0]
[I 2023-11-29 23:55:04,136] Trial 130 finished with value: 73.44551849365234 and parameters: {'gradient_clip_val': 0.7555430928926844, 'hidden_size': 124, 'dropout': 0.35358280476780524, 'hidden_continuous_size': 117, 'attention_head_size': 3, 'learning_rate': 0.08711098011606451}. Best is trial 103 with value: 56.740081787109375.
LOCAL_RANK: 0 - CUDA_VISIBLE_DEVICES: [0]
[I 2023-11-29 23:55:18,888] Trial 131 finished with value: 72.69873809814453 and parameters: {'gradient_clip_val': 0.9312613378428037, 'hidden_size': 141, 'dropout': 0.38785383064610934, 'hidden_continuous_size': 134, 'attention_head_size': 2, 'learning_rate': 0.09924808880345204}. Best is trial 103 with value: 56.740081787109375.
LOCAL_RANK: 0 - CUDA_VISIBLE_DEVICES: [0]
[I 2023-11-29 23:55:33,847] Trial 132 finished with value: 65.74422454833984 and parameters: {'gradient_clip_val': 0.8719697752623652, 'hidden_size': 150, 'dropout': 0.3811066025505808, 'hidden_continuous_size': 144, 'attention_head_size': 3, 'learning_rate': 0.07258837562454205}. Best is trial 103 with value: 56.740081787109375.
LOCAL_RANK: 0 - CUDA_VISIBLE_DEVICES: [0]
[I 2023-11-29 23:55:48,521] Trial 133 finished with value: 63.75396728515625 and parameters: {'gradient_clip_val': 0.9100876973834064, 'hidden_size': 132, 'dropout': 0.37329147342421826, 'hidden_continuous_size': 125, 'attention_head_size': 3, 'learning_rate': 0.08385047988042002}. Best is trial 103 with value: 56.740081787109375.
LOCAL_RANK: 0 - CUDA_VISIBLE_DEVICES: [0]
[I 2023-11-29 23:56:02,917] Trial 134 finished with value: 71.71094512939453 and parameters: {'gradient_clip_val': 0.8024267384170282, 'hidden_size': 115, 'dropout': 0.38885742826143066, 'hidden_continuous_size': 108, 'attention_head_size': 3, 'learning_rate': 0.07797349374077046}. Best is trial 103 with value: 56.740081787109375.
LOCAL_RANK: 0 - CUDA_VISIBLE_DEVICES: [0]
[I 2023-11-29 23:56:17,569] Trial 135 finished with value: 66.28059387207031 and parameters: {'gradient_clip_val': 0.9594922978142413, 'hidden_size': 137, 'dropout': 0.37859405897089754, 'hidden_continuous_size': 127, 'attention_head_size': 2, 'learning_rate': 0.09209070929229314}. Best is trial 103 with value: 56.740081787109375.
LOCAL_RANK: 0 - CUDA_VISIBLE_DEVICES: [0]
[I 2023-11-29 23:56:32,132] Trial 136 finished with value: 70.71776580810547 and parameters: {'gradient_clip_val': 0.8368638338965888, 'hidden_size': 125, 'dropout': 0.3485707703913503, 'hidden_continuous_size': 116, 'attention_head_size': 3, 'learning_rate': 0.058340225644585623}. Best is trial 103 with value: 56.740081787109375.
LOCAL_RANK: 0 - CUDA_VISIBLE_DEVICES: [0]
[I 2023-11-29 23:56:46,480] Trial 137 finished with value: 75.2800064086914 and parameters: {'gradient_clip_val': 0.6579534533810589, 'hidden_size': 109, 'dropout': 0.36490845865898647, 'hidden_continuous_size': 102, 'attention_head_size': 3, 'learning_rate': 0.06861352651107457}. Best is trial 103 with value: 56.740081787109375.
LOCAL_RANK: 0 - CUDA_VISIBLE_DEVICES: [0]
[I 2023-11-29 23:57:01,484] Trial 138 finished with value: 72.5910415649414 and parameters: {'gradient_clip_val': 0.701716992793324, 'hidden_size': 143, 'dropout': 0.3735705288805747, 'hidden_continuous_size': 134, 'attention_head_size': 3, 'learning_rate': 0.08468315132195246}. Best is trial 103 with value: 56.740081787109375.
LOCAL_RANK: 0 - CUDA_VISIBLE_DEVICES: [0]
[I 2023-11-29 23:57:16,154] Trial 139 finished with value: 64.70076751708984 and parameters: {'gradient_clip_val': 0.5464013220730711, 'hidden_size': 130, 'dropout': 0.3937452198680632, 'hidden_continuous_size': 122, 'attention_head_size': 3, 'learning_rate': 0.04296897530226609}. Best is trial 103 with value: 56.740081787109375.
LOCAL_RANK: 0 - CUDA_VISIBLE_DEVICES: [0]
[I 2023-11-29 23:57:30,612] Trial 140 finished with value: 70.20195770263672 and parameters: {'gradient_clip_val': 0.6182192458768937, 'hidden_size': 118, 'dropout': 0.38445829217752114, 'hidden_continuous_size': 111, 'attention_head_size': 3, 'learning_rate': 0.06275999652781876}. Best is trial 103 with value: 56.740081787109375.
LOCAL_RANK: 0 - CUDA_VISIBLE_DEVICES: [0]
[I 2023-11-29 23:57:41,785] Trial 141 finished with value: 67.7572021484375 and parameters: {'gradient_clip_val': 0.9995420869496214, 'hidden_size': 149, 'dropout': 0.38627977505302824, 'hidden_continuous_size': 149, 'attention_head_size': 3, 'learning_rate': 0.09870854532801707}. Best is trial 103 with value: 56.740081787109375.
LOCAL_RANK: 0 - CUDA_VISIBLE_DEVICES: [0]
[I 2023-11-29 23:57:56,662] Trial 142 finished with value: 70.46905517578125 and parameters: {'gradient_clip_val': 0.9766492246548212, 'hidden_size': 149, 'dropout': 0.3820316750142974, 'hidden_continuous_size': 145, 'attention_head_size': 3, 'learning_rate': 0.0953762682343068}. Best is trial 103 with value: 56.740081787109375.
LOCAL_RANK: 0 - CUDA_VISIBLE_DEVICES: [0]
[I 2023-11-29 23:58:11,396] Trial 143 finished with value: 72.4872817993164 and parameters: {'gradient_clip_val': 0.9092452193914585, 'hidden_size': 137, 'dropout': 0.3996451584149737, 'hidden_continuous_size': 128, 'attention_head_size': 3, 'learning_rate': 0.07902237162318428}. Best is trial 103 with value: 56.740081787109375.
LOCAL_RANK: 0 - CUDA_VISIBLE_DEVICES: [0]
[I 2023-11-29 23:58:25,354] Trial 144 finished with value: 68.2843017578125 and parameters: {'gradient_clip_val': 0.9552015286266139, 'hidden_size': 70, 'dropout': 0.30089865208913885, 'hidden_continuous_size': 69, 'attention_head_size': 2, 'learning_rate': 0.08886882440113411}. Best is trial 103 with value: 56.740081787109375.
LOCAL_RANK: 0 - CUDA_VISIBLE_DEVICES: [0]
[I 2023-11-29 23:58:40,103] Trial 145 finished with value: 73.1749496459961 and parameters: {'gradient_clip_val': 0.873392269666064, 'hidden_size': 133, 'dropout': 0.3592571154240919, 'hidden_continuous_size': 125, 'attention_head_size': 3, 'learning_rate': 0.0997666210893347}. Best is trial 103 with value: 56.740081787109375.
LOCAL_RANK: 0 - CUDA_VISIBLE_DEVICES: [0]
[I 2023-11-29 23:58:54,599] Trial 146 finished with value: 67.88541412353516 and parameters: {'gradient_clip_val': 0.7869579815345071, 'hidden_size': 143, 'dropout': 0.3696460709197465, 'hidden_continuous_size': 134, 'attention_head_size': 1, 'learning_rate': 0.07205846527212292}. Best is trial 103 with value: 56.740081787109375.
LOCAL_RANK: 0 - CUDA_VISIBLE_DEVICES: [0]
[I 2023-11-29 23:59:09,092] Trial 147 finished with value: 73.34842681884766 and parameters: {'gradient_clip_val': 0.9147725067244723, 'hidden_size': 123, 'dropout': 0.3932685982642139, 'hidden_continuous_size': 115, 'attention_head_size': 3, 'learning_rate': 0.08360760805754304}. Best is trial 103 with value: 56.740081787109375.
LOCAL_RANK: 0 - CUDA_VISIBLE_DEVICES: [0]
[I 2023-11-29 23:59:24,232] Trial 148 finished with value: 67.26488494873047 and parameters: {'gradient_clip_val': 0.8611764530253874, 'hidden_size': 150, 'dropout': 0.37753268641370097, 'hidden_continuous_size': 145, 'attention_head_size': 3, 'learning_rate': 0.07641816971488256}. Best is trial 103 with value: 56.740081787109375.
LOCAL_RANK: 0 - CUDA_VISIBLE_DEVICES: [0]
[I 2023-11-29 23:59:38,666] Trial 149 finished with value: 69.2400131225586 and parameters: {'gradient_clip_val': 0.9998129714480416, 'hidden_size': 128, 'dropout': 0.38796996376377607, 'hidden_continuous_size': 121, 'attention_head_size': 3, 'learning_rate': 0.09041565784220962}. Best is trial 103 with value: 56.740081787109375.
[I 2023-11-29 23:59:38,780] A new study created in memory with name: no-name-b77c9c52-7858-4448-bd06-66d4ca700d63
/home/le004/conda/anaconda3/envs/tsff_env/lib/python3.9/site-packages/lightning/fabric/plugins/environments/slurm.py:191: The `srun` command is available on your system but is not used. HINT: If your intention is to run Lightning on SLURM, prepend your python command with `srun` like so: srun python /home/le004/master_thesis/git/TSFusionForecast/code/ ...
LOCAL_RANK: 0 - CUDA_VISIBLE_DEVICES: [0]
[I 2023-11-29 23:59:50,785] Trial 0 finished with value: 35.1989860534668 and parameters: {'gradient_clip_val': 0.6860409536838962, 'hidden_size': 21, 'dropout': 0.31440333095599354, 'hidden_continuous_size': 10, 'attention_head_size': 2, 'learning_rate': 0.0028927153664962345}. Best is trial 0 with value: 35.1989860534668.
LOCAL_RANK: 0 - CUDA_VISIBLE_DEVICES: [0]
