[I 2023-11-30 11:10:57,124] Trial 34 finished with value: 10.71060562133789 and parameters: {'gradient_clip_val': 0.6028390725663844, 'hidden_size': 26, 'dropout': 0.2720188066817495, 'hidden_continuous_size': 17, 'attention_head_size': 4, 'learning_rate': 0.010585667978762328}. Best is trial 8 with value: 8.291330337524414.
LOCAL_RANK: 0 - CUDA_VISIBLE_DEVICES: [0]
[I 2023-11-30 11:11:09,516] Trial 35 finished with value: 10.317961692810059 and parameters: {'gradient_clip_val': 0.38478996266869486, 'hidden_size': 19, 'dropout': 0.2421675638520798, 'hidden_continuous_size': 13, 'attention_head_size': 4, 'learning_rate': 0.027731182902853185}. Best is trial 8 with value: 8.291330337524414.
LOCAL_RANK: 0 - CUDA_VISIBLE_DEVICES: [0]
[I 2023-11-30 11:11:22,926] Trial 36 finished with value: 9.328246116638184 and parameters: {'gradient_clip_val': 0.42783429080392577, 'hidden_size': 66, 'dropout': 0.2914577056703173, 'hidden_continuous_size': 20, 'attention_head_size': 3, 'learning_rate': 0.020741204853036335}. Best is trial 8 with value: 8.291330337524414.
LOCAL_RANK: 0 - CUDA_VISIBLE_DEVICES: [0]
[I 2023-11-30 11:11:36,135] Trial 37 finished with value: 13.480449676513672 and parameters: {'gradient_clip_val': 0.42674747224353804, 'hidden_size': 62, 'dropout': 0.2906512088816664, 'hidden_continuous_size': 19, 'attention_head_size': 3, 'learning_rate': 0.021330902708458603}. Best is trial 8 with value: 8.291330337524414.
LOCAL_RANK: 0 - CUDA_VISIBLE_DEVICES: [0]
[I 2023-11-30 11:11:49,706] Trial 38 finished with value: 9.776494979858398 and parameters: {'gradient_clip_val': 0.2800640382410986, 'hidden_size': 67, 'dropout': 0.3123115485796843, 'hidden_continuous_size': 21, 'attention_head_size': 3, 'learning_rate': 0.015848171906623913}. Best is trial 8 with value: 8.291330337524414.
LOCAL_RANK: 0 - CUDA_VISIBLE_DEVICES: [0]
[I 2023-11-30 11:12:02,178] Trial 39 finished with value: 13.70099925994873 and parameters: {'gradient_clip_val': 0.35507987744846764, 'hidden_size': 40, 'dropout': 0.2834718289057041, 'hidden_continuous_size': 15, 'attention_head_size': 2, 'learning_rate': 0.03867300854389248}. Best is trial 8 with value: 8.291330337524414.
LOCAL_RANK: 0 - CUDA_VISIBLE_DEVICES: [0]
[I 2023-11-30 11:12:14,637] Trial 40 finished with value: 9.356732368469238 and parameters: {'gradient_clip_val': 0.4384983199060428, 'hidden_size': 30, 'dropout': 0.33838886057195927, 'hidden_continuous_size': 16, 'attention_head_size': 3, 'learning_rate': 0.022088574032855596}. Best is trial 8 with value: 8.291330337524414.
LOCAL_RANK: 0 - CUDA_VISIBLE_DEVICES: [0]
[I 2023-11-30 11:12:27,180] Trial 41 finished with value: 12.230311393737793 and parameters: {'gradient_clip_val': 0.42148479035499403, 'hidden_size': 31, 'dropout': 0.3396469957383294, 'hidden_continuous_size': 16, 'attention_head_size': 3, 'learning_rate': 0.02073403861678944}. Best is trial 8 with value: 8.291330337524414.
LOCAL_RANK: 0 - CUDA_VISIBLE_DEVICES: [0]
[I 2023-11-30 11:12:39,184] Trial 42 finished with value: 12.604671478271484 and parameters: {'gradient_clip_val': 0.4904325705818384, 'hidden_size': 24, 'dropout': 0.35684545382917776, 'hidden_continuous_size': 14, 'attention_head_size': 3, 'learning_rate': 0.031116623464211898}. Best is trial 8 with value: 8.291330337524414.
LOCAL_RANK: 0 - CUDA_VISIBLE_DEVICES: [0]
[I 2023-11-30 11:12:51,463] Trial 43 finished with value: 14.315934181213379 and parameters: {'gradient_clip_val': 0.3893398507126271, 'hidden_size': 20, 'dropout': 0.3080290459822575, 'hidden_continuous_size': 17, 'attention_head_size': 3, 'learning_rate': 0.012551855508776091}. Best is trial 8 with value: 8.291330337524414.
LOCAL_RANK: 0 - CUDA_VISIBLE_DEVICES: [0]
[I 2023-11-30 11:13:03,878] Trial 44 finished with value: 10.99364948272705 and parameters: {'gradient_clip_val': 0.5883909562060583, 'hidden_size': 28, 'dropout': 0.26368263801268, 'hidden_continuous_size': 18, 'attention_head_size': 3, 'learning_rate': 0.023969970065427695}. Best is trial 8 with value: 8.291330337524414.
LOCAL_RANK: 0 - CUDA_VISIBLE_DEVICES: [0]
[I 2023-11-30 11:13:16,302] Trial 45 finished with value: 11.21877384185791 and parameters: {'gradient_clip_val': 0.4532081525184195, 'hidden_size': 40, 'dropout': 0.2902307449189339, 'hidden_continuous_size': 20, 'attention_head_size': 2, 'learning_rate': 0.022841905394769116}. Best is trial 8 with value: 8.291330337524414.
LOCAL_RANK: 0 - CUDA_VISIBLE_DEVICES: [0]
[I 2023-11-30 11:13:28,761] Trial 46 finished with value: 9.942729949951172 and parameters: {'gradient_clip_val': 0.33589307206045865, 'hidden_size': 36, 'dropout': 0.3248905522983288, 'hidden_continuous_size': 14, 'attention_head_size': 3, 'learning_rate': 0.017383284552807476}. Best is trial 8 with value: 8.291330337524414.
LOCAL_RANK: 0 - CUDA_VISIBLE_DEVICES: [0]
[I 2023-11-30 11:13:41,174] Trial 47 finished with value: 12.900741577148438 and parameters: {'gradient_clip_val': 0.8830374339382191, 'hidden_size': 29, 'dropout': 0.3008252313781661, 'hidden_continuous_size': 16, 'attention_head_size': 2, 'learning_rate': 0.0320803764777666}. Best is trial 8 with value: 8.291330337524414.
LOCAL_RANK: 0 - CUDA_VISIBLE_DEVICES: [0]
[I 2023-11-30 11:13:53,684] Trial 48 finished with value: 10.096735954284668 and parameters: {'gradient_clip_val': 0.7149392474896061, 'hidden_size': 25, 'dropout': 0.2724837964246707, 'hidden_continuous_size': 15, 'attention_head_size': 3, 'learning_rate': 0.04462876054855913}. Best is trial 8 with value: 8.291330337524414.
LOCAL_RANK: 0 - CUDA_VISIBLE_DEVICES: [0]
[I 2023-11-30 11:14:05,951] Trial 49 finished with value: 10.949440956115723 and parameters: {'gradient_clip_val': 0.6355410213818504, 'hidden_size': 21, 'dropout': 0.35117314975779834, 'hidden_continuous_size': 12, 'attention_head_size': 3, 'learning_rate': 0.015060732050479244}. Best is trial 8 with value: 8.291330337524414.
LOCAL_RANK: 0 - CUDA_VISIBLE_DEVICES: [0]
[I 2023-11-30 11:14:18,849] Trial 50 finished with value: 8.74937629699707 and parameters: {'gradient_clip_val': 0.5729733143039643, 'hidden_size': 45, 'dropout': 0.31495866516013443, 'hidden_continuous_size': 23, 'attention_head_size': 3, 'learning_rate': 0.01165650015487977}. Best is trial 8 with value: 8.291330337524414.
LOCAL_RANK: 0 - CUDA_VISIBLE_DEVICES: [0]
[I 2023-11-30 11:14:31,879] Trial 51 finished with value: 10.850729942321777 and parameters: {'gradient_clip_val': 0.5051849854259347, 'hidden_size': 43, 'dropout': 0.31432085896021894, 'hidden_continuous_size': 23, 'attention_head_size': 3, 'learning_rate': 0.012515632523693653}. Best is trial 8 with value: 8.291330337524414.
LOCAL_RANK: 0 - CUDA_VISIBLE_DEVICES: [0]
[I 2023-11-30 11:14:45,360] Trial 52 finished with value: 13.334982872009277 and parameters: {'gradient_clip_val': 0.5603896499290674, 'hidden_size': 74, 'dropout': 0.3336533633549952, 'hidden_continuous_size': 28, 'attention_head_size': 3, 'learning_rate': 0.01852093659285515}. Best is trial 8 with value: 8.291330337524414.
LOCAL_RANK: 0 - CUDA_VISIBLE_DEVICES: [0]
[I 2023-11-30 11:14:58,326] Trial 53 finished with value: 11.065975189208984 and parameters: {'gradient_clip_val': 0.4500185625361241, 'hidden_size': 48, 'dropout': 0.28294151828066616, 'hidden_continuous_size': 25, 'attention_head_size': 3, 'learning_rate': 0.024334577936192647}. Best is trial 8 with value: 8.291330337524414.
LOCAL_RANK: 0 - CUDA_VISIBLE_DEVICES: [0]
[I 2023-11-30 11:15:10,829] Trial 54 finished with value: 9.341471672058105 and parameters: {'gradient_clip_val': 0.4918366238734668, 'hidden_size': 36, 'dropout': 0.25933931354543677, 'hidden_continuous_size': 21, 'attention_head_size': 3, 'learning_rate': 0.009296627327753127}. Best is trial 8 with value: 8.291330337524414.
LOCAL_RANK: 0 - CUDA_VISIBLE_DEVICES: [0]
[I 2023-11-30 11:15:23,711] Trial 55 finished with value: 10.264853477478027 and parameters: {'gradient_clip_val': 0.4964699971985814, 'hidden_size': 37, 'dropout': 0.25690979435354877, 'hidden_continuous_size': 22, 'attention_head_size': 3, 'learning_rate': 0.012384220016423442}. Best is trial 8 with value: 8.291330337524414.
LOCAL_RANK: 0 - CUDA_VISIBLE_DEVICES: [0]
[I 2023-11-30 11:15:36,377] Trial 56 finished with value: 11.518257141113281 and parameters: {'gradient_clip_val': 0.4060521345340167, 'hidden_size': 30, 'dropout': 0.30013012517888843, 'hidden_continuous_size': 19, 'attention_head_size': 3, 'learning_rate': 0.009347328721935427}. Best is trial 8 with value: 8.291330337524414.
LOCAL_RANK: 0 - CUDA_VISIBLE_DEVICES: [0]
[I 2023-11-30 11:15:49,158] Trial 57 finished with value: 10.64753246307373 and parameters: {'gradient_clip_val': 0.35720369484013736, 'hidden_size': 35, 'dropout': 0.24286870642063652, 'hidden_continuous_size': 21, 'attention_head_size': 3, 'learning_rate': 0.007567704909445081}. Best is trial 8 with value: 8.291330337524414.
LOCAL_RANK: 0 - CUDA_VISIBLE_DEVICES: [0]
[I 2023-11-30 11:16:02,232] Trial 58 finished with value: 11.557331085205078 and parameters: {'gradient_clip_val': 0.6413459176589283, 'hidden_size': 42, 'dropout': 0.2613592565011489, 'hidden_continuous_size': 25, 'attention_head_size': 3, 'learning_rate': 0.014210790028831619}. Best is trial 8 with value: 8.291330337524414.
LOCAL_RANK: 0 - CUDA_VISIBLE_DEVICES: [0]
[I 2023-11-30 11:16:14,646] Trial 59 finished with value: 10.003480911254883 and parameters: {'gradient_clip_val': 0.5651808482045991, 'hidden_size': 27, 'dropout': 0.27330698176120816, 'hidden_continuous_size': 17, 'attention_head_size': 3, 'learning_rate': 0.018345142099557493}. Best is trial 8 with value: 8.291330337524414.
LOCAL_RANK: 0 - CUDA_VISIBLE_DEVICES: [0]
[I 2023-11-30 11:16:27,335] Trial 60 finished with value: 8.793240547180176 and parameters: {'gradient_clip_val': 0.7398213555584727, 'hidden_size': 33, 'dropout': 0.3207637715405969, 'hidden_continuous_size': 18, 'attention_head_size': 3, 'learning_rate': 0.014510081248894512}. Best is trial 8 with value: 8.291330337524414.
LOCAL_RANK: 0 - CUDA_VISIBLE_DEVICES: [0]
[I 2023-11-30 11:16:39,990] Trial 61 finished with value: 12.035222053527832 and parameters: {'gradient_clip_val': 0.7286507402762599, 'hidden_size': 33, 'dropout': 0.3200792474878747, 'hidden_continuous_size': 19, 'attention_head_size': 3, 'learning_rate': 0.011184213567146493}. Best is trial 8 with value: 8.291330337524414.
LOCAL_RANK: 0 - CUDA_VISIBLE_DEVICES: [0]
[I 2023-11-30 11:16:52,399] Trial 62 finished with value: 11.121414184570312 and parameters: {'gradient_clip_val': 0.8050789542022434, 'hidden_size': 30, 'dropout': 0.31116079467160485, 'hidden_continuous_size': 18, 'attention_head_size': 3, 'learning_rate': 0.008467802811449323}. Best is trial 8 with value: 8.291330337524414.
LOCAL_RANK: 0 - CUDA_VISIBLE_DEVICES: [0]
[I 2023-11-30 11:17:05,496] Trial 63 finished with value: 11.146069526672363 and parameters: {'gradient_clip_val': 0.943657613582276, 'hidden_size': 45, 'dropout': 0.32944146970692845, 'hidden_continuous_size': 22, 'attention_head_size': 3, 'learning_rate': 0.013870183557505227}. Best is trial 8 with value: 8.291330337524414.
LOCAL_RANK: 0 - CUDA_VISIBLE_DEVICES: [0]
[I 2023-11-30 11:17:18,085] Trial 64 finished with value: 8.914459228515625 and parameters: {'gradient_clip_val': 0.6752790480341712, 'hidden_size': 37, 'dropout': 0.29177484814955423, 'hidden_continuous_size': 20, 'attention_head_size': 3, 'learning_rate': 0.020181091432067404}. Best is trial 8 with value: 8.291330337524414.
LOCAL_RANK: 0 - CUDA_VISIBLE_DEVICES: [0]
[I 2023-11-30 11:17:30,794] Trial 65 finished with value: 8.807385444641113 and parameters: {'gradient_clip_val': 0.6801948315187903, 'hidden_size': 40, 'dropout': 0.2865591413128798, 'hidden_continuous_size': 20, 'attention_head_size': 3, 'learning_rate': 0.020613366185259028}. Best is trial 8 with value: 8.291330337524414.
LOCAL_RANK: 0 - CUDA_VISIBLE_DEVICES: [0]
[I 2023-11-30 11:17:43,652] Trial 66 finished with value: 11.190720558166504 and parameters: {'gradient_clip_val': 0.6735686912031911, 'hidden_size': 38, 'dropout': 0.2816740146512781, 'hidden_continuous_size': 20, 'attention_head_size': 3, 'learning_rate': 0.011076718415753063}. Best is trial 8 with value: 8.291330337524414.
LOCAL_RANK: 0 - CUDA_VISIBLE_DEVICES: [0]
[I 2023-11-30 11:17:56,780] Trial 67 finished with value: 11.490703582763672 and parameters: {'gradient_clip_val': 0.747759125281302, 'hidden_size': 49, 'dropout': 0.2929037238274261, 'hidden_continuous_size': 21, 'attention_head_size': 3, 'learning_rate': 0.015551412163448604}. Best is trial 8 with value: 8.291330337524414.
LOCAL_RANK: 0 - CUDA_VISIBLE_DEVICES: [0]
[I 2023-11-30 11:18:09,981] Trial 68 finished with value: 13.066219329833984 and parameters: {'gradient_clip_val': 0.8178004938563378, 'hidden_size': 55, 'dropout': 0.30479707015040514, 'hidden_continuous_size': 24, 'attention_head_size': 4, 'learning_rate': 0.019557739694255675}. Best is trial 8 with value: 8.291330337524414.
LOCAL_RANK: 0 - CUDA_VISIBLE_DEVICES: [0]
[I 2023-11-30 11:18:22,724] Trial 69 finished with value: 11.02187728881836 and parameters: {'gradient_clip_val': 0.6678625206900314, 'hidden_size': 35, 'dropout': 0.266664944566697, 'hidden_continuous_size': 19, 'attention_head_size': 3, 'learning_rate': 0.026897956275257668}. Best is trial 8 with value: 8.291330337524414.
LOCAL_RANK: 0 - CUDA_VISIBLE_DEVICES: [0]
[I 2023-11-30 11:18:35,631] Trial 70 finished with value: 10.760379791259766 and parameters: {'gradient_clip_val': 0.6028375586197606, 'hidden_size': 41, 'dropout': 0.2919674003602543, 'hidden_continuous_size': 20, 'attention_head_size': 3, 'learning_rate': 0.016442711966081578}. Best is trial 8 with value: 8.291330337524414.
LOCAL_RANK: 0 - CUDA_VISIBLE_DEVICES: [0]
[I 2023-11-30 11:18:48,006] Trial 71 finished with value: 8.735980033874512 and parameters: {'gradient_clip_val': 0.702285348201529, 'hidden_size': 32, 'dropout': 0.31875584641952137, 'hidden_continuous_size': 18, 'attention_head_size': 3, 'learning_rate': 0.019993157744336933}. Best is trial 8 with value: 8.291330337524414.
LOCAL_RANK: 0 - CUDA_VISIBLE_DEVICES: [0]
[I 2023-11-30 11:19:00,843] Trial 72 finished with value: 9.636677742004395 and parameters: {'gradient_clip_val': 0.7818023970161632, 'hidden_size': 33, 'dropout': 0.27847203297777223, 'hidden_continuous_size': 19, 'attention_head_size': 3, 'learning_rate': 0.02014995190202031}. Best is trial 8 with value: 8.291330337524414.
LOCAL_RANK: 0 - CUDA_VISIBLE_DEVICES: [0]
[I 2023-11-30 11:19:13,393] Trial 73 finished with value: 11.040206909179688 and parameters: {'gradient_clip_val': 0.8651611861269459, 'hidden_size': 38, 'dropout': 0.317587243200469, 'hidden_continuous_size': 18, 'attention_head_size': 3, 'learning_rate': 0.01365293165301225}. Best is trial 8 with value: 8.291330337524414.
LOCAL_RANK: 0 - CUDA_VISIBLE_DEVICES: [0]
[I 2023-11-30 11:19:25,695] Trial 74 finished with value: 11.315957069396973 and parameters: {'gradient_clip_val': 0.7055566363942768, 'hidden_size': 32, 'dropout': 0.3053188425426142, 'hidden_continuous_size': 20, 'attention_head_size': 3, 'learning_rate': 0.009415331682200202}. Best is trial 8 with value: 8.291330337524414.
LOCAL_RANK: 0 - CUDA_VISIBLE_DEVICES: [0]
[I 2023-11-30 11:19:38,209] Trial 75 finished with value: 12.608397483825684 and parameters: {'gradient_clip_val': 0.6345944899843871, 'hidden_size': 26, 'dropout': 0.25617169554836383, 'hidden_continuous_size': 18, 'attention_head_size': 3, 'learning_rate': 0.01761351939782866}. Best is trial 8 with value: 8.291330337524414.
LOCAL_RANK: 0 - CUDA_VISIBLE_DEVICES: [0]
[I 2023-11-30 11:19:51,128] Trial 76 finished with value: 12.37853717803955 and parameters: {'gradient_clip_val': 0.6992006464096742, 'hidden_size': 45, 'dropout': 0.2956222737316401, 'hidden_continuous_size': 22, 'attention_head_size': 3, 'learning_rate': 0.025121173136971188}. Best is trial 8 with value: 8.291330337524414.
LOCAL_RANK: 0 - CUDA_VISIBLE_DEVICES: [0]
[I 2023-11-30 11:20:04,054] Trial 77 finished with value: 9.886370658874512 and parameters: {'gradient_clip_val': 0.7460611053837023, 'hidden_size': 39, 'dropout': 0.3238032523649095, 'hidden_continuous_size': 21, 'attention_head_size': 3, 'learning_rate': 0.011573684162412622}. Best is trial 8 with value: 8.291330337524414.
LOCAL_RANK: 0 - CUDA_VISIBLE_DEVICES: [0]
[I 2023-11-30 11:20:16,333] Trial 78 finished with value: 7.471874713897705 and parameters: {'gradient_clip_val': 0.5839284548794313, 'hidden_size': 24, 'dropout': 0.2843479448110894, 'hidden_continuous_size': 20, 'attention_head_size': 4, 'learning_rate': 0.021361609293627494}. Best is trial 78 with value: 7.471874713897705.
LOCAL_RANK: 0 - CUDA_VISIBLE_DEVICES: [0]
[I 2023-11-30 11:20:28,499] Trial 79 finished with value: 10.729317665100098 and parameters: {'gradient_clip_val': 0.5802402238290334, 'hidden_size': 24, 'dropout': 0.2879711459157307, 'hidden_continuous_size': 20, 'attention_head_size': 4, 'learning_rate': 0.021231387508765045}. Best is trial 78 with value: 7.471874713897705.
LOCAL_RANK: 0 - CUDA_VISIBLE_DEVICES: [0]
[I 2023-11-30 11:20:40,970] Trial 80 finished with value: 10.806504249572754 and parameters: {'gradient_clip_val': 0.5419513625108662, 'hidden_size': 22, 'dropout': 0.2774189378516912, 'hidden_continuous_size': 19, 'attention_head_size': 4, 'learning_rate': 0.029206951369776052}. Best is trial 78 with value: 7.471874713897705.
LOCAL_RANK: 0 - CUDA_VISIBLE_DEVICES: [0]
[I 2023-11-30 11:20:53,457] Trial 81 finished with value: 12.950973510742188 and parameters: {'gradient_clip_val': 0.6225763165235317, 'hidden_size': 28, 'dropout': 0.2976982146392279, 'hidden_continuous_size': 21, 'attention_head_size': 4, 'learning_rate': 0.016298768263808536}. Best is trial 78 with value: 7.471874713897705.
LOCAL_RANK: 0 - CUDA_VISIBLE_DEVICES: [0]
[I 2023-11-30 11:21:06,500] Trial 82 finished with value: 10.073442459106445 and parameters: {'gradient_clip_val': 0.6579354167641058, 'hidden_size': 35, 'dropout': 0.2696025259912804, 'hidden_continuous_size': 17, 'attention_head_size': 4, 'learning_rate': 0.025489963729881698}. Best is trial 78 with value: 7.471874713897705.
LOCAL_RANK: 0 - CUDA_VISIBLE_DEVICES: [0]
[I 2023-11-30 11:21:19,039] Trial 83 finished with value: 9.79360294342041 and parameters: {'gradient_clip_val': 0.522852323844103, 'hidden_size': 31, 'dropout': 0.24820920988045617, 'hidden_continuous_size': 18, 'attention_head_size': 2, 'learning_rate': 0.0198581458149863}. Best is trial 78 with value: 7.471874713897705.
LOCAL_RANK: 0 - CUDA_VISIBLE_DEVICES: [0]
[I 2023-11-30 11:21:31,710] Trial 84 finished with value: 14.122401237487793 and parameters: {'gradient_clip_val': 0.5953768198343931, 'hidden_size': 34, 'dropout': 0.28709934318900265, 'hidden_continuous_size': 20, 'attention_head_size': 3, 'learning_rate': 0.022761365661885552}. Best is trial 78 with value: 7.471874713897705.
LOCAL_RANK: 0 - CUDA_VISIBLE_DEVICES: [0]
[I 2023-11-30 11:21:43,872] Trial 85 finished with value: 10.155746459960938 and parameters: {'gradient_clip_val': 0.7823971229488018, 'hidden_size': 28, 'dropout': 0.30898502750013784, 'hidden_continuous_size': 19, 'attention_head_size': 3, 'learning_rate': 0.014577051773988948}. Best is trial 78 with value: 7.471874713897705.
LOCAL_RANK: 0 - CUDA_VISIBLE_DEVICES: [0]
[I 2023-11-30 11:21:56,865] Trial 86 finished with value: 13.979039192199707 and parameters: {'gradient_clip_val': 0.8337156480963299, 'hidden_size': 51, 'dropout': 0.2618214899488281, 'hidden_continuous_size': 23, 'attention_head_size': 3, 'learning_rate': 0.03343258311772298}. Best is trial 78 with value: 7.471874713897705.
LOCAL_RANK: 0 - CUDA_VISIBLE_DEVICES: [0]
[I 2023-11-30 11:22:09,793] Trial 87 finished with value: 11.250815391540527 and parameters: {'gradient_clip_val': 0.904286251513351, 'hidden_size': 37, 'dropout': 0.3165541076696441, 'hidden_continuous_size': 22, 'attention_head_size': 3, 'learning_rate': 0.029109513191036742}. Best is trial 78 with value: 7.471874713897705.
LOCAL_RANK: 0 - CUDA_VISIBLE_DEVICES: [0]
[I 2023-11-30 11:22:22,565] Trial 88 finished with value: 11.279540061950684 and parameters: {'gradient_clip_val': 0.7107184164654369, 'hidden_size': 42, 'dropout': 0.29824906150237424, 'hidden_continuous_size': 21, 'attention_head_size': 2, 'learning_rate': 0.018297539234393628}. Best is trial 78 with value: 7.471874713897705.
LOCAL_RANK: 0 - CUDA_VISIBLE_DEVICES: [0]
[I 2023-11-30 11:22:35,031] Trial 89 finished with value: 10.17037296295166 and parameters: {'gradient_clip_val': 0.5521287466540858, 'hidden_size': 26, 'dropout': 0.27731778210168495, 'hidden_continuous_size': 20, 'attention_head_size': 3, 'learning_rate': 0.013209089400186703}. Best is trial 78 with value: 7.471874713897705.
LOCAL_RANK: 0 - CUDA_VISIBLE_DEVICES: [0]
[I 2023-11-30 11:22:47,508] Trial 90 finished with value: 10.478340148925781 and parameters: {'gradient_clip_val': 0.47190461082438634, 'hidden_size': 29, 'dropout': 0.28517917621636374, 'hidden_continuous_size': 18, 'attention_head_size': 3, 'learning_rate': 0.016516952358722865}. Best is trial 78 with value: 7.471874713897705.
LOCAL_RANK: 0 - CUDA_VISIBLE_DEVICES: [0]
[I 2023-11-30 11:22:59,900] Trial 91 finished with value: 10.407039642333984 and parameters: {'gradient_clip_val': 0.5171250569914315, 'hidden_size': 32, 'dropout': 0.30680022763296133, 'hidden_continuous_size': 16, 'attention_head_size': 3, 'learning_rate': 0.021870721421501003}. Best is trial 78 with value: 7.471874713897705.
LOCAL_RANK: 0 - CUDA_VISIBLE_DEVICES: [0]
[I 2023-11-30 11:23:12,541] Trial 92 finished with value: 10.722418785095215 and parameters: {'gradient_clip_val': 0.6536492817096401, 'hidden_size': 30, 'dropout': 0.3411404048451693, 'hidden_continuous_size': 17, 'attention_head_size': 3, 'learning_rate': 0.023068714836496695}. Best is trial 78 with value: 7.471874713897705.
LOCAL_RANK: 0 - CUDA_VISIBLE_DEVICES: [0]
