[I 2023-11-29 23:32:15,562] Trial 35 finished with value: 83.3766860961914 and parameters: {'gradient_clip_val': 0.8809008553590426, 'hidden_size': 107, 'dropout': 0.37569440779324625, 'hidden_continuous_size': 88, 'attention_head_size': 4, 'learning_rate': 0.0536503596455893}. Best is trial 10 with value: 60.02565002441406.
LOCAL_RANK: 0 - CUDA_VISIBLE_DEVICES: [0]
[I 2023-11-29 23:32:29,872] Trial 36 finished with value: 70.06075286865234 and parameters: {'gradient_clip_val': 0.712287285738796, 'hidden_size': 98, 'dropout': 0.31861808170506123, 'hidden_continuous_size': 73, 'attention_head_size': 4, 'learning_rate': 0.0717439616034802}. Best is trial 10 with value: 60.02565002441406.
LOCAL_RANK: 0 - CUDA_VISIBLE_DEVICES: [0]
[I 2023-11-29 23:32:44,339] Trial 37 finished with value: 66.12425994873047 and parameters: {'gradient_clip_val': 0.5441208096636758, 'hidden_size': 128, 'dropout': 0.35676261666873177, 'hidden_continuous_size': 106, 'attention_head_size': 4, 'learning_rate': 0.04802313690928128}. Best is trial 10 with value: 60.02565002441406.
LOCAL_RANK: 0 - CUDA_VISIBLE_DEVICES: [0]
[I 2023-11-29 23:32:58,372] Trial 38 finished with value: 80.2170181274414 and parameters: {'gradient_clip_val': 0.4196954124261498, 'hidden_size': 90, 'dropout': 0.3816371013468704, 'hidden_continuous_size': 68, 'attention_head_size': 2, 'learning_rate': 0.07468567997333006}. Best is trial 10 with value: 60.02565002441406.
LOCAL_RANK: 0 - CUDA_VISIBLE_DEVICES: [0]
[I 2023-11-29 23:33:12,766] Trial 39 finished with value: 66.00638580322266 and parameters: {'gradient_clip_val': 0.8976581703709482, 'hidden_size': 127, 'dropout': 0.39987682776087796, 'hidden_continuous_size': 108, 'attention_head_size': 3, 'learning_rate': 0.09699277412352297}. Best is trial 10 with value: 60.02565002441406.
LOCAL_RANK: 0 - CUDA_VISIBLE_DEVICES: [0]
[I 2023-11-29 23:33:26,375] Trial 40 finished with value: 66.29576873779297 and parameters: {'gradient_clip_val': 0.759516151970445, 'hidden_size': 47, 'dropout': 0.35742374489480067, 'hidden_continuous_size': 43, 'attention_head_size': 4, 'learning_rate': 0.05324227121586905}. Best is trial 10 with value: 60.02565002441406.
LOCAL_RANK: 0 - CUDA_VISIBLE_DEVICES: [0]
[I 2023-11-29 23:33:40,130] Trial 41 finished with value: 73.56430053710938 and parameters: {'gradient_clip_val': 0.7889888167858079, 'hidden_size': 107, 'dropout': 0.3820950406383422, 'hidden_continuous_size': 27, 'attention_head_size': 3, 'learning_rate': 0.0722092369991302}. Best is trial 10 with value: 60.02565002441406.
LOCAL_RANK: 0 - CUDA_VISIBLE_DEVICES: [0]
[I 2023-11-29 23:33:54,200] Trial 42 finished with value: 70.98143768310547 and parameters: {'gradient_clip_val': 0.9950683033468212, 'hidden_size': 86, 'dropout': 0.3331380838472337, 'hidden_continuous_size': 65, 'attention_head_size': 3, 'learning_rate': 0.058296061939689815}. Best is trial 10 with value: 60.02565002441406.
LOCAL_RANK: 0 - CUDA_VISIBLE_DEVICES: [0]
[I 2023-11-29 23:34:08,577] Trial 43 finished with value: 64.86614227294922 and parameters: {'gradient_clip_val': 0.6854112562704929, 'hidden_size': 132, 'dropout': 0.36483288561868477, 'hidden_continuous_size': 119, 'attention_head_size': 2, 'learning_rate': 0.044968159445201}. Best is trial 10 with value: 60.02565002441406.
LOCAL_RANK: 0 - CUDA_VISIBLE_DEVICES: [0]
[I 2023-11-29 23:34:23,194] Trial 44 finished with value: 65.7240982055664 and parameters: {'gradient_clip_val': 0.6117359847552317, 'hidden_size': 136, 'dropout': 0.3464522023455501, 'hidden_continuous_size': 119, 'attention_head_size': 4, 'learning_rate': 0.08110494544993162}. Best is trial 10 with value: 60.02565002441406.
LOCAL_RANK: 0 - CUDA_VISIBLE_DEVICES: [0]
[I 2023-11-29 23:34:34,343] Trial 45 finished with value: 66.16134643554688 and parameters: {'gradient_clip_val': 0.7871110847172695, 'hidden_size': 150, 'dropout': 0.3861713608333837, 'hidden_continuous_size': 150, 'attention_head_size': 1, 'learning_rate': 0.0322891742274064}. Best is trial 10 with value: 60.02565002441406.
LOCAL_RANK: 0 - CUDA_VISIBLE_DEVICES: [0]
[I 2023-11-29 23:34:48,598] Trial 46 finished with value: 71.0926284790039 and parameters: {'gradient_clip_val': 0.917559565724435, 'hidden_size': 98, 'dropout': 0.36722402382683883, 'hidden_continuous_size': 85, 'attention_head_size': 4, 'learning_rate': 0.09938980033709074}. Best is trial 10 with value: 60.02565002441406.
LOCAL_RANK: 0 - CUDA_VISIBLE_DEVICES: [0]
[I 2023-11-29 23:35:03,094] Trial 47 finished with value: 68.28125762939453 and parameters: {'gradient_clip_val': 0.7082411039153458, 'hidden_size': 118, 'dropout': 0.3881459421812054, 'hidden_continuous_size': 93, 'attention_head_size': 3, 'learning_rate': 0.08229839129627259}. Best is trial 10 with value: 60.02565002441406.
LOCAL_RANK: 0 - CUDA_VISIBLE_DEVICES: [0]
[I 2023-11-29 23:35:17,318] Trial 48 finished with value: 75.22281646728516 and parameters: {'gradient_clip_val': 0.8996462165529409, 'hidden_size': 79, 'dropout': 0.39846768079963096, 'hidden_continuous_size': 72, 'attention_head_size': 4, 'learning_rate': 0.058050449452174614}. Best is trial 10 with value: 60.02565002441406.
LOCAL_RANK: 0 - CUDA_VISIBLE_DEVICES: [0]
[I 2023-11-29 23:35:31,811] Trial 49 finished with value: 59.718658447265625 and parameters: {'gradient_clip_val': 0.5792576064558137, 'hidden_size': 105, 'dropout': 0.32284787158963507, 'hidden_continuous_size': 93, 'attention_head_size': 2, 'learning_rate': 0.08083629513326548}. Best is trial 49 with value: 59.718658447265625.
LOCAL_RANK: 0 - CUDA_VISIBLE_DEVICES: [0]
[I 2023-11-29 23:35:45,857] Trial 50 finished with value: 72.91519927978516 and parameters: {'gradient_clip_val': 0.5919670034511443, 'hidden_size': 100, 'dropout': 0.3260771277524099, 'hidden_continuous_size': 82, 'attention_head_size': 2, 'learning_rate': 0.08144056555764279}. Best is trial 49 with value: 59.718658447265625.
LOCAL_RANK: 0 - CUDA_VISIBLE_DEVICES: [0]
[I 2023-11-29 23:36:00,264] Trial 51 finished with value: 73.3797836303711 and parameters: {'gradient_clip_val': 0.7990853345614708, 'hidden_size': 133, 'dropout': 0.3528551662983042, 'hidden_continuous_size': 103, 'attention_head_size': 2, 'learning_rate': 0.06314761164774589}. Best is trial 49 with value: 59.718658447265625.
LOCAL_RANK: 0 - CUDA_VISIBLE_DEVICES: [0]
[I 2023-11-29 23:36:14,486] Trial 52 finished with value: 68.08031463623047 and parameters: {'gradient_clip_val': 0.6873004067545485, 'hidden_size': 110, 'dropout': 0.37375827942590234, 'hidden_continuous_size': 95, 'attention_head_size': 2, 'learning_rate': 0.08410425339546362}. Best is trial 49 with value: 59.718658447265625.
LOCAL_RANK: 0 - CUDA_VISIBLE_DEVICES: [0]
[I 2023-11-29 23:36:29,169] Trial 53 finished with value: 67.65235137939453 and parameters: {'gradient_clip_val': 0.5726223203998021, 'hidden_size': 137, 'dropout': 0.3111006361206479, 'hidden_continuous_size': 128, 'attention_head_size': 2, 'learning_rate': 0.04737939174883936}. Best is trial 49 with value: 59.718658447265625.
LOCAL_RANK: 0 - CUDA_VISIBLE_DEVICES: [0]
[I 2023-11-29 23:36:43,635] Trial 54 finished with value: 76.85247039794922 and parameters: {'gradient_clip_val': 0.7674398251857436, 'hidden_size': 119, 'dropout': 0.3403743203511752, 'hidden_continuous_size': 99, 'attention_head_size': 1, 'learning_rate': 0.06536834499325515}. Best is trial 49 with value: 59.718658447265625.
LOCAL_RANK: 0 - CUDA_VISIBLE_DEVICES: [0]
[I 2023-11-29 23:36:57,729] Trial 55 finished with value: 68.72820281982422 and parameters: {'gradient_clip_val': 0.5184372559516459, 'hidden_size': 81, 'dropout': 0.36290906682376256, 'hidden_continuous_size': 75, 'attention_head_size': 2, 'learning_rate': 0.08432853836291425}. Best is trial 49 with value: 59.718658447265625.
LOCAL_RANK: 0 - CUDA_VISIBLE_DEVICES: [0]
[I 2023-11-29 23:37:11,882] Trial 56 finished with value: 70.6452865600586 and parameters: {'gradient_clip_val': 0.933280734351901, 'hidden_size': 92, 'dropout': 0.3883328441495209, 'hidden_continuous_size': 85, 'attention_head_size': 4, 'learning_rate': 0.05679471617154449}. Best is trial 49 with value: 59.718658447265625.
LOCAL_RANK: 0 - CUDA_VISIBLE_DEVICES: [0]
[I 2023-11-29 23:37:26,730] Trial 57 finished with value: 59.160030364990234 and parameters: {'gradient_clip_val': 0.630161507811471, 'hidden_size': 143, 'dropout': 0.37361606152639387, 'hidden_continuous_size': 135, 'attention_head_size': 3, 'learning_rate': 0.04234194823142666}. Best is trial 57 with value: 59.160030364990234.
LOCAL_RANK: 0 - CUDA_VISIBLE_DEVICES: [0]
[I 2023-11-29 23:37:41,720] Trial 58 finished with value: 59.73490905761719 and parameters: {'gradient_clip_val': 0.6465266068316975, 'hidden_size': 147, 'dropout': 0.3739916481995567, 'hidden_continuous_size': 136, 'attention_head_size': 4, 'learning_rate': 0.09627971587921341}. Best is trial 57 with value: 59.160030364990234.
LOCAL_RANK: 0 - CUDA_VISIBLE_DEVICES: [0]
[I 2023-11-29 23:37:56,317] Trial 59 finished with value: 72.21232604980469 and parameters: {'gradient_clip_val': 0.6262820019803932, 'hidden_size': 121, 'dropout': 0.39139799639122114, 'hidden_continuous_size': 106, 'attention_head_size': 3, 'learning_rate': 0.043514843754718494}. Best is trial 57 with value: 59.160030364990234.
LOCAL_RANK: 0 - CUDA_VISIBLE_DEVICES: [0]
[I 2023-11-29 23:38:11,043] Trial 60 finished with value: 67.95697021484375 and parameters: {'gradient_clip_val': 0.5230047054060721, 'hidden_size': 137, 'dropout': 0.3700548334149993, 'hidden_continuous_size': 126, 'attention_head_size': 4, 'learning_rate': 0.06555489831740795}. Best is trial 57 with value: 59.160030364990234.
LOCAL_RANK: 0 - CUDA_VISIBLE_DEVICES: [0]
[I 2023-11-29 23:38:25,999] Trial 61 finished with value: 73.1998519897461 and parameters: {'gradient_clip_val': 0.6649669393397837, 'hidden_size': 148, 'dropout': 0.3784147916447212, 'hidden_continuous_size': 141, 'attention_head_size': 4, 'learning_rate': 0.0866706569021626}. Best is trial 57 with value: 59.160030364990234.
LOCAL_RANK: 0 - CUDA_VISIBLE_DEVICES: [0]
[I 2023-11-29 23:38:40,387] Trial 62 finished with value: 65.8526611328125 and parameters: {'gradient_clip_val': 0.5983502211679601, 'hidden_size': 111, 'dropout': 0.35930942539812016, 'hidden_continuous_size': 96, 'attention_head_size': 4, 'learning_rate': 0.07972757140719801}. Best is trial 57 with value: 59.160030364990234.
LOCAL_RANK: 0 - CUDA_VISIBLE_DEVICES: [0]
[I 2023-11-29 23:38:55,299] Trial 63 finished with value: 70.42977142333984 and parameters: {'gradient_clip_val': 0.8429478570547776, 'hidden_size': 142, 'dropout': 0.3903639047598413, 'hidden_continuous_size': 133, 'attention_head_size': 4, 'learning_rate': 0.09364180129894316}. Best is trial 57 with value: 59.160030364990234.
LOCAL_RANK: 0 - CUDA_VISIBLE_DEVICES: [0]
[I 2023-11-29 23:39:10,042] Trial 64 finished with value: 68.57677459716797 and parameters: {'gradient_clip_val': 0.7148797916647205, 'hidden_size': 122, 'dropout': 0.37456537980398474, 'hidden_continuous_size': 110, 'attention_head_size': 4, 'learning_rate': 0.09915617742150158}. Best is trial 57 with value: 59.160030364990234.
LOCAL_RANK: 0 - CUDA_VISIBLE_DEVICES: [0]
[I 2023-11-29 23:39:24,170] Trial 65 finished with value: 66.5971908569336 and parameters: {'gradient_clip_val': 0.6531036618914937, 'hidden_size': 104, 'dropout': 0.39996142174009996, 'hidden_continuous_size': 94, 'attention_head_size': 4, 'learning_rate': 0.06676467207156572}. Best is trial 57 with value: 59.160030364990234.
LOCAL_RANK: 0 - CUDA_VISIBLE_DEVICES: [0]
[I 2023-11-29 23:39:39,208] Trial 66 finished with value: 66.02375030517578 and parameters: {'gradient_clip_val': 0.8363414906468255, 'hidden_size': 150, 'dropout': 0.3505959357400556, 'hidden_continuous_size': 142, 'attention_head_size': 4, 'learning_rate': 0.050553873908101066}. Best is trial 57 with value: 59.160030364990234.
LOCAL_RANK: 0 - CUDA_VISIBLE_DEVICES: [0]
[I 2023-11-29 23:39:53,769] Trial 67 finished with value: 69.25265502929688 and parameters: {'gradient_clip_val': 0.9645660825324711, 'hidden_size': 126, 'dropout': 0.3800166446296048, 'hidden_continuous_size': 114, 'attention_head_size': 4, 'learning_rate': 0.07344936963877696}. Best is trial 57 with value: 59.160030364990234.
LOCAL_RANK: 0 - CUDA_VISIBLE_DEVICES: [0]
[I 2023-11-29 23:40:08,669] Trial 68 finished with value: 66.57928466796875 and parameters: {'gradient_clip_val': 0.46991945599510737, 'hidden_size': 138, 'dropout': 0.34083461676226734, 'hidden_continuous_size': 123, 'attention_head_size': 4, 'learning_rate': 0.05749723576736678}. Best is trial 57 with value: 59.160030364990234.
LOCAL_RANK: 0 - CUDA_VISIBLE_DEVICES: [0]
[I 2023-11-29 23:40:23,219] Trial 69 finished with value: 58.0585823059082 and parameters: {'gradient_clip_val': 0.7316713430859846, 'hidden_size': 119, 'dropout': 0.36818290206704113, 'hidden_continuous_size': 108, 'attention_head_size': 3, 'learning_rate': 0.0751087825046101}. Best is trial 69 with value: 58.0585823059082.
LOCAL_RANK: 0 - CUDA_VISIBLE_DEVICES: [0]
[I 2023-11-29 23:40:37,738] Trial 70 finished with value: 72.03118133544922 and parameters: {'gradient_clip_val': 0.7394429561113676, 'hidden_size': 114, 'dropout': 0.3670796615287768, 'hidden_continuous_size': 103, 'attention_head_size': 3, 'learning_rate': 0.06351730623286815}. Best is trial 69 with value: 58.0585823059082.
LOCAL_RANK: 0 - CUDA_VISIBLE_DEVICES: [0]
[I 2023-11-29 23:40:52,254] Trial 71 finished with value: 69.6955337524414 and parameters: {'gradient_clip_val': 0.6674061840158542, 'hidden_size': 127, 'dropout': 0.39107046922080396, 'hidden_continuous_size': 114, 'attention_head_size': 3, 'learning_rate': 0.08772250909257953}. Best is trial 69 with value: 58.0585823059082.
LOCAL_RANK: 0 - CUDA_VISIBLE_DEVICES: [0]
[I 2023-11-29 23:41:06,956] Trial 72 finished with value: 74.24242401123047 and parameters: {'gradient_clip_val': 0.9212376349116141, 'hidden_size': 140, 'dropout': 0.3812507708894046, 'hidden_continuous_size': 132, 'attention_head_size': 3, 'learning_rate': 0.08171538402084183}. Best is trial 69 with value: 58.0585823059082.
LOCAL_RANK: 0 - CUDA_VISIBLE_DEVICES: [0]
[I 2023-11-29 23:41:21,394] Trial 73 finished with value: 64.54327392578125 and parameters: {'gradient_clip_val': 0.8288650367724091, 'hidden_size': 113, 'dropout': 0.3722600381943024, 'hidden_continuous_size': 103, 'attention_head_size': 3, 'learning_rate': 0.07421349469001873}. Best is trial 69 with value: 58.0585823059082.
LOCAL_RANK: 0 - CUDA_VISIBLE_DEVICES: [0]
[I 2023-11-29 23:41:35,585] Trial 74 finished with value: 72.67996215820312 and parameters: {'gradient_clip_val': 0.5746386777113542, 'hidden_size': 104, 'dropout': 0.35994349977193885, 'hidden_continuous_size': 91, 'attention_head_size': 2, 'learning_rate': 0.05022768196008977}. Best is trial 69 with value: 58.0585823059082.
LOCAL_RANK: 0 - CUDA_VISIBLE_DEVICES: [0]
[I 2023-11-29 23:41:50,106] Trial 75 finished with value: 72.3262939453125 and parameters: {'gradient_clip_val': 0.7245149685566132, 'hidden_size': 127, 'dropout': 0.39230714495702157, 'hidden_continuous_size': 116, 'attention_head_size': 4, 'learning_rate': 0.09141260191808875}. Best is trial 69 with value: 58.0585823059082.
LOCAL_RANK: 0 - CUDA_VISIBLE_DEVICES: [0]
[I 2023-11-29 23:42:04,475] Trial 76 finished with value: 74.87979888916016 and parameters: {'gradient_clip_val': 0.6301883919665286, 'hidden_size': 94, 'dropout': 0.352003498503407, 'hidden_continuous_size': 87, 'attention_head_size': 4, 'learning_rate': 0.06680357553589666}. Best is trial 69 with value: 58.0585823059082.
LOCAL_RANK: 0 - CUDA_VISIBLE_DEVICES: [0]
[I 2023-11-29 23:42:19,289] Trial 77 finished with value: 60.88783645629883 and parameters: {'gradient_clip_val': 0.8740329419890375, 'hidden_size': 142, 'dropout': 0.38081196085934416, 'hidden_continuous_size': 123, 'attention_head_size': 4, 'learning_rate': 0.07559891848121449}. Best is trial 69 with value: 58.0585823059082.
LOCAL_RANK: 0 - CUDA_VISIBLE_DEVICES: [0]
[I 2023-11-29 23:42:33,780] Trial 78 finished with value: 66.68692779541016 and parameters: {'gradient_clip_val': 0.8701295814135835, 'hidden_size': 116, 'dropout': 0.38323568654687734, 'hidden_continuous_size': 107, 'attention_head_size': 3, 'learning_rate': 0.04047813315374995}. Best is trial 69 with value: 58.0585823059082.
LOCAL_RANK: 0 - CUDA_VISIBLE_DEVICES: [0]
[I 2023-11-29 23:42:48,601] Trial 79 finished with value: 65.9321517944336 and parameters: {'gradient_clip_val': 0.9991070097745683, 'hidden_size': 138, 'dropout': 0.33117953988338594, 'hidden_continuous_size': 121, 'attention_head_size': 4, 'learning_rate': 0.05400339876826703}. Best is trial 69 with value: 58.0585823059082.
LOCAL_RANK: 0 - CUDA_VISIBLE_DEVICES: [0]
[I 2023-11-29 23:43:02,842] Trial 80 finished with value: 75.781494140625 and parameters: {'gradient_clip_val': 0.7836506872462372, 'hidden_size': 103, 'dropout': 0.39430140020966253, 'hidden_continuous_size': 96, 'attention_head_size': 4, 'learning_rate': 0.07616371754945568}. Best is trial 69 with value: 58.0585823059082.
LOCAL_RANK: 0 - CUDA_VISIBLE_DEVICES: [0]
[I 2023-11-29 23:43:14,147] Trial 81 finished with value: 60.06888198852539 and parameters: {'gradient_clip_val': 0.9246201728377091, 'hidden_size': 149, 'dropout': 0.3684630395015515, 'hidden_continuous_size': 149, 'attention_head_size': 4, 'learning_rate': 0.0991616404117174}. Best is trial 69 with value: 58.0585823059082.
LOCAL_RANK: 0 - CUDA_VISIBLE_DEVICES: [0]
[I 2023-11-29 23:43:28,708] Trial 82 finished with value: 72.32918548583984 and parameters: {'gradient_clip_val': 0.9307109123381934, 'hidden_size': 129, 'dropout': 0.36743552676846947, 'hidden_continuous_size': 114, 'attention_head_size': 4, 'learning_rate': 0.09923670795459853}. Best is trial 69 with value: 58.0585823059082.
LOCAL_RANK: 0 - CUDA_VISIBLE_DEVICES: [0]
[I 2023-11-29 23:43:43,774] Trial 83 finished with value: 70.17865753173828 and parameters: {'gradient_clip_val': 0.8721806148227765, 'hidden_size': 143, 'dropout': 0.3574872692293099, 'hidden_continuous_size': 134, 'attention_head_size': 4, 'learning_rate': 0.07423144930889988}. Best is trial 69 with value: 58.0585823059082.
LOCAL_RANK: 0 - CUDA_VISIBLE_DEVICES: [0]
[I 2023-11-29 23:43:58,286] Trial 84 finished with value: 63.47090530395508 and parameters: {'gradient_clip_val': 0.751955413439894, 'hidden_size': 122, 'dropout': 0.38312076780981597, 'hidden_continuous_size': 114, 'attention_head_size': 4, 'learning_rate': 0.06167767208985664}. Best is trial 69 with value: 58.0585823059082.
LOCAL_RANK: 0 - CUDA_VISIBLE_DEVICES: [0]
[I 2023-11-29 23:44:12,944] Trial 85 finished with value: 70.65591430664062 and parameters: {'gradient_clip_val': 0.8052335883398262, 'hidden_size': 133, 'dropout': 0.34490052294668394, 'hidden_continuous_size': 120, 'attention_head_size': 4, 'learning_rate': 0.08587401954564253}. Best is trial 69 with value: 58.0585823059082.
LOCAL_RANK: 0 - CUDA_VISIBLE_DEVICES: [0]
[I 2023-11-29 23:44:27,797] Trial 86 finished with value: 68.42223358154297 and parameters: {'gradient_clip_val': 0.946589909448544, 'hidden_size': 142, 'dropout': 0.3989900033828152, 'hidden_continuous_size': 134, 'attention_head_size': 4, 'learning_rate': 0.077485631725548}. Best is trial 69 with value: 58.0585823059082.
LOCAL_RANK: 0 - CUDA_VISIBLE_DEVICES: [0]
[I 2023-11-29 23:44:42,078] Trial 87 finished with value: 74.6617660522461 and parameters: {'gradient_clip_val': 0.880613583054037, 'hidden_size': 119, 'dropout': 0.37148530435461746, 'hidden_continuous_size': 111, 'attention_head_size': 1, 'learning_rate': 0.06896960821245546}. Best is trial 69 with value: 58.0585823059082.
LOCAL_RANK: 0 - CUDA_VISIBLE_DEVICES: [0]
[I 2023-11-29 23:44:56,412] Trial 88 finished with value: 74.54196166992188 and parameters: {'gradient_clip_val': 0.8119361507104118, 'hidden_size': 108, 'dropout': 0.37884952981313713, 'hidden_continuous_size': 101, 'attention_head_size': 2, 'learning_rate': 0.09063299261472547}. Best is trial 69 with value: 58.0585823059082.
LOCAL_RANK: 0 - CUDA_VISIBLE_DEVICES: [0]
[I 2023-11-29 23:45:11,001] Trial 89 finished with value: 74.47017669677734 and parameters: {'gradient_clip_val': 0.6888500646756391, 'hidden_size': 132, 'dropout': 0.3877691379351602, 'hidden_continuous_size': 122, 'attention_head_size': 4, 'learning_rate': 0.059060224799580556}. Best is trial 69 with value: 58.0585823059082.
LOCAL_RANK: 0 - CUDA_VISIBLE_DEVICES: [0]
[I 2023-11-29 23:45:25,166] Trial 90 finished with value: 64.8015365600586 and parameters: {'gradient_clip_val': 0.999951673225263, 'hidden_size': 96, 'dropout': 0.3649070670021243, 'hidden_continuous_size': 90, 'attention_head_size': 4, 'learning_rate': 0.05257895885399039}. Best is trial 69 with value: 58.0585823059082.
LOCAL_RANK: 0 - CUDA_VISIBLE_DEVICES: [0]
[I 2023-11-29 23:45:40,210] Trial 91 finished with value: 66.7168197631836 and parameters: {'gradient_clip_val': 0.7571898455346783, 'hidden_size': 150, 'dropout': 0.3750147924234444, 'hidden_continuous_size': 140, 'attention_head_size': 4, 'learning_rate': 0.09030036723516233}. Best is trial 69 with value: 58.0585823059082.
LOCAL_RANK: 0 - CUDA_VISIBLE_DEVICES: [0]
[I 2023-11-29 23:45:55,081] Trial 92 finished with value: 72.47407531738281 and parameters: {'gradient_clip_val': 0.703524890986968, 'hidden_size': 150, 'dropout': 0.39215497958398593, 'hidden_continuous_size': 136, 'attention_head_size': 4, 'learning_rate': 0.0986614699000179}. Best is trial 69 with value: 58.0585823059082.
LOCAL_RANK: 0 - CUDA_VISIBLE_DEVICES: [0]
[I 2023-11-29 23:46:09,760] Trial 93 finished with value: 68.17896270751953 and parameters: {'gradient_clip_val': 0.8939158638609869, 'hidden_size': 124, 'dropout': 0.35533484500349205, 'hidden_continuous_size': 110, 'attention_head_size': 4, 'learning_rate': 0.07722883326622437}. Best is trial 69 with value: 58.0585823059082.
LOCAL_RANK: 0 - CUDA_VISIBLE_DEVICES: [0]
