[I 2023-11-30 06:05:30,953] Trial 135 finished with value: 207.4095001220703 and parameters: {'gradient_clip_val': 0.40319399913455406, 'hidden_size': 123, 'dropout': 0.3137061819607265, 'hidden_continuous_size': 102, 'attention_head_size': 4, 'learning_rate': 0.001001980802649809}. Best is trial 49 with value: 161.7242431640625.
LOCAL_RANK: 0 - CUDA_VISIBLE_DEVICES: [0]
[I 2023-11-30 06:05:45,325] Trial 136 finished with value: 191.6925811767578 and parameters: {'gradient_clip_val': 0.47497529785950987, 'hidden_size': 98, 'dropout': 0.30933327270328476, 'hidden_continuous_size': 91, 'attention_head_size': 4, 'learning_rate': 0.001450144974720597}. Best is trial 49 with value: 161.7242431640625.
LOCAL_RANK: 0 - CUDA_VISIBLE_DEVICES: [0]
[I 2023-11-30 06:05:59,759] Trial 137 finished with value: 188.76708984375 and parameters: {'gradient_clip_val': 0.3575459524596768, 'hidden_size': 112, 'dropout': 0.3219462280979348, 'hidden_continuous_size': 105, 'attention_head_size': 4, 'learning_rate': 0.0012486754306788674}. Best is trial 49 with value: 161.7242431640625.
LOCAL_RANK: 0 - CUDA_VISIBLE_DEVICES: [0]
[I 2023-11-30 06:06:14,260] Trial 138 finished with value: 193.9844512939453 and parameters: {'gradient_clip_val': 0.382104719251187, 'hidden_size': 135, 'dropout': 0.3314193327849711, 'hidden_continuous_size': 45, 'attention_head_size': 4, 'learning_rate': 0.0015495986885153768}. Best is trial 49 with value: 161.7242431640625.
LOCAL_RANK: 0 - CUDA_VISIBLE_DEVICES: [0]
[I 2023-11-30 06:06:28,617] Trial 139 finished with value: 192.8798065185547 and parameters: {'gradient_clip_val': 0.420540017113965, 'hidden_size': 91, 'dropout': 0.3007283795400262, 'hidden_continuous_size': 87, 'attention_head_size': 4, 'learning_rate': 0.0011546061973829792}. Best is trial 49 with value: 161.7242431640625.
LOCAL_RANK: 0 - CUDA_VISIBLE_DEVICES: [0]
[I 2023-11-30 06:06:42,593] Trial 140 finished with value: 289.2552185058594 and parameters: {'gradient_clip_val': 0.4589064104598904, 'hidden_size': 68, 'dropout': 0.3390814638220651, 'hidden_continuous_size': 67, 'attention_head_size': 4, 'learning_rate': 0.0013256240710326998}. Best is trial 49 with value: 161.7242431640625.
LOCAL_RANK: 0 - CUDA_VISIBLE_DEVICES: [0]
[I 2023-11-30 06:06:57,506] Trial 141 finished with value: 211.76564025878906 and parameters: {'gradient_clip_val': 0.48276063458065116, 'hidden_size': 139, 'dropout': 0.2730255746054068, 'hidden_continuous_size': 130, 'attention_head_size': 4, 'learning_rate': 0.0016058901553522035}. Best is trial 49 with value: 161.7242431640625.
LOCAL_RANK: 0 - CUDA_VISIBLE_DEVICES: [0]
[I 2023-11-30 06:07:12,092] Trial 142 finished with value: 201.25840759277344 and parameters: {'gradient_clip_val': 0.5490402464412477, 'hidden_size': 126, 'dropout': 0.2684439917538817, 'hidden_continuous_size': 117, 'attention_head_size': 4, 'learning_rate': 0.001776844694037681}. Best is trial 49 with value: 161.7242431640625.
LOCAL_RANK: 0 - CUDA_VISIBLE_DEVICES: [0]
[I 2023-11-30 06:07:26,791] Trial 143 finished with value: 231.39161682128906 and parameters: {'gradient_clip_val': 0.4345354893348873, 'hidden_size': 118, 'dropout': 0.3067806162658924, 'hidden_continuous_size': 110, 'attention_head_size': 3, 'learning_rate': 0.006108453863958918}. Best is trial 49 with value: 161.7242431640625.
LOCAL_RANK: 0 - CUDA_VISIBLE_DEVICES: [0]
[I 2023-11-30 06:07:41,553] Trial 144 finished with value: 186.7878875732422 and parameters: {'gradient_clip_val': 0.5070255509310321, 'hidden_size': 146, 'dropout': 0.29413580982669285, 'hidden_continuous_size': 139, 'attention_head_size': 1, 'learning_rate': 0.0014314744827383671}. Best is trial 49 with value: 161.7242431640625.
LOCAL_RANK: 0 - CUDA_VISIBLE_DEVICES: [0]
[I 2023-11-30 06:07:56,252] Trial 145 finished with value: 233.77720642089844 and parameters: {'gradient_clip_val': 0.33462759130867276, 'hidden_size': 129, 'dropout': 0.3177268913758139, 'hidden_continuous_size': 121, 'attention_head_size': 3, 'learning_rate': 0.001307144149027822}. Best is trial 49 with value: 161.7242431640625.
LOCAL_RANK: 0 - CUDA_VISIBLE_DEVICES: [0]
[I 2023-11-30 06:08:11,006] Trial 146 finished with value: 203.3904266357422 and parameters: {'gradient_clip_val': 0.6769976222755126, 'hidden_size': 139, 'dropout': 0.2848133344333559, 'hidden_continuous_size': 127, 'attention_head_size': 3, 'learning_rate': 0.0011642688360442887}. Best is trial 49 with value: 161.7242431640625.
LOCAL_RANK: 0 - CUDA_VISIBLE_DEVICES: [0]
[I 2023-11-30 06:08:25,469] Trial 147 finished with value: 240.7431182861328 and parameters: {'gradient_clip_val': 0.3959414445696769, 'hidden_size': 107, 'dropout': 0.26049965182804874, 'hidden_continuous_size': 99, 'attention_head_size': 4, 'learning_rate': 0.0019077665794154297}. Best is trial 49 with value: 161.7242431640625.
LOCAL_RANK: 0 - CUDA_VISIBLE_DEVICES: [0]
[I 2023-11-30 06:08:36,234] Trial 148 finished with value: 278.2381286621094 and parameters: {'gradient_clip_val': 0.5300891583875671, 'hidden_size': 50, 'dropout': 0.24798007213874793, 'hidden_continuous_size': 50, 'attention_head_size': 3, 'learning_rate': 0.0016862801357611747}. Best is trial 49 with value: 161.7242431640625.
LOCAL_RANK: 0 - CUDA_VISIBLE_DEVICES: [0]
[I 2023-11-30 06:08:50,527] Trial 149 finished with value: 211.25856018066406 and parameters: {'gradient_clip_val': 0.4915484393181678, 'hidden_size': 120, 'dropout': 0.2758048651672117, 'hidden_continuous_size': 113, 'attention_head_size': 1, 'learning_rate': 0.0010043831218063755}. Best is trial 49 with value: 161.7242431640625.
[I 2023-11-30 06:08:50,637] A new study created in memory with name: no-name-c138386d-e88f-4357-933f-8a723c95aa52
/home/le004/conda/anaconda3/envs/tsff_env/lib/python3.9/site-packages/lightning/fabric/plugins/environments/slurm.py:191: The `srun` command is available on your system but is not used. HINT: If your intention is to run Lightning on SLURM, prepend your python command with `srun` like so: srun python /home/le004/master_thesis/git/TSFusionForecast/code/ ...
LOCAL_RANK: 0 - CUDA_VISIBLE_DEVICES: [0]
[I 2023-11-30 06:09:03,190] Trial 0 finished with value: 26.736175537109375 and parameters: {'gradient_clip_val': 0.4751007757496584, 'hidden_size': 42, 'dropout': 0.24633777301137005, 'hidden_continuous_size': 10, 'attention_head_size': 2, 'learning_rate': 0.001680708006447739}. Best is trial 0 with value: 26.736175537109375.
LOCAL_RANK: 0 - CUDA_VISIBLE_DEVICES: [0]
[I 2023-11-30 06:09:15,412] Trial 1 finished with value: 8.338910102844238 and parameters: {'gradient_clip_val': 0.9327951942987797, 'hidden_size': 32, 'dropout': 0.3809012515313338, 'hidden_continuous_size': 21, 'attention_head_size': 1, 'learning_rate': 0.048727041611831896}. Best is trial 1 with value: 8.338910102844238.
LOCAL_RANK: 0 - CUDA_VISIBLE_DEVICES: [0]
[I 2023-11-30 06:09:28,800] Trial 2 finished with value: 10.9314546585083 and parameters: {'gradient_clip_val': 0.28448480063353476, 'hidden_size': 83, 'dropout': 0.1306656452298169, 'hidden_continuous_size': 18, 'attention_head_size': 2, 'learning_rate': 0.006853163459401781}. Best is trial 1 with value: 8.338910102844238.
LOCAL_RANK: 0 - CUDA_VISIBLE_DEVICES: [0]
[I 2023-11-30 06:09:40,827] Trial 3 finished with value: 30.44072914123535 and parameters: {'gradient_clip_val': 0.37117469394015984, 'hidden_size': 24, 'dropout': 0.1978291990445204, 'hidden_continuous_size': 19, 'attention_head_size': 1, 'learning_rate': 0.0021602981185322506}. Best is trial 1 with value: 8.338910102844238.
LOCAL_RANK: 0 - CUDA_VISIBLE_DEVICES: [0]
[I 2023-11-30 06:09:53,734] Trial 4 finished with value: 13.623997688293457 and parameters: {'gradient_clip_val': 0.44741512135696754, 'hidden_size': 37, 'dropout': 0.2861382887989431, 'hidden_continuous_size': 24, 'attention_head_size': 3, 'learning_rate': 0.006063268859566998}. Best is trial 1 with value: 8.338910102844238.
LOCAL_RANK: 0 - CUDA_VISIBLE_DEVICES: [0]
[I 2023-11-30 06:10:06,331] Trial 5 finished with value: 40.15816879272461 and parameters: {'gradient_clip_val': 0.1317704525875632, 'hidden_size': 37, 'dropout': 0.18854031140879535, 'hidden_continuous_size': 19, 'attention_head_size': 1, 'learning_rate': 0.0012217691250369948}. Best is trial 1 with value: 8.338910102844238.
LOCAL_RANK: 0 - CUDA_VISIBLE_DEVICES: [0]
[I 2023-11-30 06:10:16,410] Trial 6 finished with value: 18.8687801361084 and parameters: {'gradient_clip_val': 0.14302987088057717, 'hidden_size': 12, 'dropout': 0.20706833432902474, 'hidden_continuous_size': 12, 'attention_head_size': 3, 'learning_rate': 0.016327122227410493}. Best is trial 1 with value: 8.338910102844238.
LOCAL_RANK: 0 - CUDA_VISIBLE_DEVICES: [0]
[I 2023-11-30 06:10:26,976] Trial 7 finished with value: 22.89881706237793 and parameters: {'gradient_clip_val': 0.7539387691562068, 'hidden_size': 15, 'dropout': 0.13010484470857145, 'hidden_continuous_size': 15, 'attention_head_size': 3, 'learning_rate': 0.015747509955953944}. Best is trial 1 with value: 8.338910102844238.
LOCAL_RANK: 0 - CUDA_VISIBLE_DEVICES: [0]
[I 2023-11-30 06:10:41,320] Trial 8 finished with value: 9.309796333312988 and parameters: {'gradient_clip_val': 0.2737696179037398, 'hidden_size': 148, 'dropout': 0.22347769240191767, 'hidden_continuous_size': 64, 'attention_head_size': 2, 'learning_rate': 0.06408180814771684}. Best is trial 1 with value: 8.338910102844238.
LOCAL_RANK: 0 - CUDA_VISIBLE_DEVICES: [0]
[I 2023-11-30 06:10:53,940] Trial 9 finished with value: 42.76554870605469 and parameters: {'gradient_clip_val': 0.17716034365488326, 'hidden_size': 33, 'dropout': 0.23992896282447904, 'hidden_continuous_size': 13, 'attention_head_size': 2, 'learning_rate': 0.0012563549072141696}. Best is trial 1 with value: 8.338910102844238.
LOCAL_RANK: 0 - CUDA_VISIBLE_DEVICES: [0]
[I 2023-11-30 06:11:04,244] Trial 10 finished with value: 10.028533935546875 and parameters: {'gradient_clip_val': 0.870507252994013, 'hidden_size': 10, 'dropout': 0.3949133127871763, 'hidden_continuous_size': 10, 'attention_head_size': 4, 'learning_rate': 0.07979782245032276}. Best is trial 1 with value: 8.338910102844238.
LOCAL_RANK: 0 - CUDA_VISIBLE_DEVICES: [0]
[I 2023-11-30 06:11:18,285] Trial 11 finished with value: 8.691551208496094 and parameters: {'gradient_clip_val': 0.2754851138489499, 'hidden_size': 132, 'dropout': 0.32211058834755346, 'hidden_continuous_size': 63, 'attention_head_size': 1, 'learning_rate': 0.08964717826594189}. Best is trial 1 with value: 8.338910102844238.
LOCAL_RANK: 0 - CUDA_VISIBLE_DEVICES: [0]
[I 2023-11-30 06:11:31,621] Trial 12 finished with value: 9.387691497802734 and parameters: {'gradient_clip_val': 0.6875468087902781, 'hidden_size': 67, 'dropout': 0.35369603211877176, 'hidden_continuous_size': 39, 'attention_head_size': 1, 'learning_rate': 0.09890822642716306}. Best is trial 1 with value: 8.338910102844238.
LOCAL_RANK: 0 - CUDA_VISIBLE_DEVICES: [0]
[I 2023-11-30 06:11:46,209] Trial 13 finished with value: 11.353553771972656 and parameters: {'gradient_clip_val': 0.9801000544689105, 'hidden_size': 148, 'dropout': 0.31965499850226814, 'hidden_continuous_size': 142, 'attention_head_size': 1, 'learning_rate': 0.04427777776526525}. Best is trial 1 with value: 8.338910102844238.
LOCAL_RANK: 0 - CUDA_VISIBLE_DEVICES: [0]
[I 2023-11-30 06:11:59,747] Trial 14 finished with value: 8.667980194091797 and parameters: {'gradient_clip_val': 0.21104377147637582, 'hidden_size': 70, 'dropout': 0.397712352359875, 'hidden_continuous_size': 30, 'attention_head_size': 1, 'learning_rate': 0.038707743036104886}. Best is trial 1 with value: 8.338910102844238.
LOCAL_RANK: 0 - CUDA_VISIBLE_DEVICES: [0]
[I 2023-11-30 06:12:13,274] Trial 15 finished with value: 6.910681247711182 and parameters: {'gradient_clip_val': 0.20034211734039115, 'hidden_size': 63, 'dropout': 0.3979032676747448, 'hidden_continuous_size': 28, 'attention_head_size': 4, 'learning_rate': 0.03992082700941165}. Best is trial 15 with value: 6.910681247711182.
LOCAL_RANK: 0 - CUDA_VISIBLE_DEVICES: [0]
[I 2023-11-30 06:12:25,548] Trial 16 finished with value: 11.505677223205566 and parameters: {'gradient_clip_val': 0.11148247691097081, 'hidden_size': 22, 'dropout': 0.36526779384283753, 'hidden_continuous_size': 11, 'attention_head_size': 4, 'learning_rate': 0.03181712083214285}. Best is trial 15 with value: 6.910681247711182.
LOCAL_RANK: 0 - CUDA_VISIBLE_DEVICES: [0]
[I 2023-11-30 06:12:38,397] Trial 17 finished with value: 9.515342712402344 and parameters: {'gradient_clip_val': 0.5644366166518403, 'hidden_size': 52, 'dropout': 0.3631571366745392, 'hidden_continuous_size': 15, 'attention_head_size': 4, 'learning_rate': 0.022770043355435428}. Best is trial 15 with value: 6.910681247711182.
LOCAL_RANK: 0 - CUDA_VISIBLE_DEVICES: [0]
[I 2023-11-30 06:12:50,816] Trial 18 finished with value: 7.416506290435791 and parameters: {'gradient_clip_val': 0.6143787065741723, 'hidden_size': 26, 'dropout': 0.2768063929970976, 'hidden_continuous_size': 12, 'attention_head_size': 3, 'learning_rate': 0.05272079334757831}. Best is trial 15 with value: 6.910681247711182.
LOCAL_RANK: 0 - CUDA_VISIBLE_DEVICES: [0]
[I 2023-11-30 06:13:03,253] Trial 19 finished with value: 15.377354621887207 and parameters: {'gradient_clip_val': 0.34976984943599304, 'hidden_size': 21, 'dropout': 0.2767895440872568, 'hidden_continuous_size': 11, 'attention_head_size': 4, 'learning_rate': 0.026477263217967617}. Best is trial 15 with value: 6.910681247711182.
LOCAL_RANK: 0 - CUDA_VISIBLE_DEVICES: [0]
[I 2023-11-30 06:13:16,609] Trial 20 finished with value: 10.640506744384766 and parameters: {'gradient_clip_val': 0.20842897107809463, 'hidden_size': 50, 'dropout': 0.3332146735481415, 'hidden_continuous_size': 15, 'attention_head_size': 3, 'learning_rate': 0.059115392287578304}. Best is trial 15 with value: 6.910681247711182.
LOCAL_RANK: 0 - CUDA_VISIBLE_DEVICES: [0]
[I 2023-11-30 06:13:29,071] Trial 21 finished with value: 9.006945610046387 and parameters: {'gradient_clip_val': 0.9871888157682693, 'hidden_size': 29, 'dropout': 0.3974623401110429, 'hidden_continuous_size': 13, 'attention_head_size': 3, 'learning_rate': 0.04895926266493326}. Best is trial 15 with value: 6.910681247711182.
LOCAL_RANK: 0 - CUDA_VISIBLE_DEVICES: [0]
[I 2023-11-30 06:13:41,246] Trial 22 finished with value: 7.702156066894531 and parameters: {'gradient_clip_val': 0.6597856445993829, 'hidden_size': 28, 'dropout': 0.29188910874685625, 'hidden_continuous_size': 10, 'attention_head_size': 4, 'learning_rate': 0.040612355113238505}. Best is trial 15 with value: 6.910681247711182.
LOCAL_RANK: 0 - CUDA_VISIBLE_DEVICES: [0]
[I 2023-11-30 06:13:53,491] Trial 23 finished with value: 16.19816780090332 and parameters: {'gradient_clip_val': 0.6070419343112171, 'hidden_size': 18, 'dropout': 0.288331959887565, 'hidden_continuous_size': 10, 'attention_head_size': 4, 'learning_rate': 0.03475491684731883}. Best is trial 15 with value: 6.910681247711182.
LOCAL_RANK: 0 - CUDA_VISIBLE_DEVICES: [0]
[I 2023-11-30 06:14:06,003] Trial 24 finished with value: 9.244511604309082 and parameters: {'gradient_clip_val': 0.7260630283542289, 'hidden_size': 29, 'dropout': 0.3036230615970209, 'hidden_continuous_size': 11, 'attention_head_size': 4, 'learning_rate': 0.022412649310183965}. Best is trial 15 with value: 6.910681247711182.
LOCAL_RANK: 0 - CUDA_VISIBLE_DEVICES: [0]
[I 2023-11-30 06:14:18,290] Trial 25 finished with value: 7.939399242401123 and parameters: {'gradient_clip_val': 0.4899873188066263, 'hidden_size': 25, 'dropout': 0.2642522256455317, 'hidden_continuous_size': 10, 'attention_head_size': 4, 'learning_rate': 0.062271559734752756}. Best is trial 15 with value: 6.910681247711182.
LOCAL_RANK: 0 - CUDA_VISIBLE_DEVICES: [0]
[I 2023-11-30 06:14:30,199] Trial 26 finished with value: 10.0057954788208 and parameters: {'gradient_clip_val': 0.619323621857907, 'hidden_size': 16, 'dropout': 0.300563305533537, 'hidden_continuous_size': 11, 'attention_head_size': 3, 'learning_rate': 0.035992364777998116}. Best is trial 15 with value: 6.910681247711182.
LOCAL_RANK: 0 - CUDA_VISIBLE_DEVICES: [0]
[I 2023-11-30 06:14:42,894] Trial 27 finished with value: 8.316489219665527 and parameters: {'gradient_clip_val': 0.40893331965287616, 'hidden_size': 44, 'dropout': 0.34982380630699117, 'hidden_continuous_size': 12, 'attention_head_size': 4, 'learning_rate': 0.06624606222666918}. Best is trial 15 with value: 6.910681247711182.
LOCAL_RANK: 0 - CUDA_VISIBLE_DEVICES: [0]
[I 2023-11-30 06:14:55,041] Trial 28 finished with value: 12.336616516113281 and parameters: {'gradient_clip_val': 0.5429703789506972, 'hidden_size': 28, 'dropout': 0.3372169179284426, 'hidden_continuous_size': 13, 'attention_head_size': 3, 'learning_rate': 0.015941324118091637}. Best is trial 15 with value: 6.910681247711182.
LOCAL_RANK: 0 - CUDA_VISIBLE_DEVICES: [0]
[I 2023-11-30 06:15:07,813] Trial 29 finished with value: 6.978640079498291 and parameters: {'gradient_clip_val': 0.5298989569093782, 'hidden_size': 40, 'dropout': 0.25844428311704815, 'hidden_continuous_size': 10, 'attention_head_size': 4, 'learning_rate': 0.0988330356073277}. Best is trial 15 with value: 6.910681247711182.
LOCAL_RANK: 0 - CUDA_VISIBLE_DEVICES: [0]
[I 2023-11-30 06:15:20,269] Trial 30 finished with value: 9.952154159545898 and parameters: {'gradient_clip_val': 0.5006602861002257, 'hidden_size': 44, 'dropout': 0.2608069051404723, 'hidden_continuous_size': 16, 'attention_head_size': 2, 'learning_rate': 0.06900098538674984}. Best is trial 15 with value: 6.910681247711182.
LOCAL_RANK: 0 - CUDA_VISIBLE_DEVICES: [0]
[I 2023-11-30 06:15:32,969] Trial 31 finished with value: 8.411149978637695 and parameters: {'gradient_clip_val': 0.4224266649675028, 'hidden_size': 38, 'dropout': 0.2562197581359918, 'hidden_continuous_size': 10, 'attention_head_size': 4, 'learning_rate': 0.0869905527015397}. Best is trial 15 with value: 6.910681247711182.
LOCAL_RANK: 0 - CUDA_VISIBLE_DEVICES: [0]
[I 2023-11-30 06:15:45,214] Trial 32 finished with value: 8.363295555114746 and parameters: {'gradient_clip_val': 0.8281703349853408, 'hidden_size': 26, 'dropout': 0.37455066027289513, 'hidden_continuous_size': 10, 'attention_head_size': 4, 'learning_rate': 0.04757894520532587}. Best is trial 15 with value: 6.910681247711182.
LOCAL_RANK: 0 - CUDA_VISIBLE_DEVICES: [0]
[I 2023-11-30 06:15:57,694] Trial 33 finished with value: 7.599415302276611 and parameters: {'gradient_clip_val': 0.6412725834384547, 'hidden_size': 31, 'dropout': 0.3085000845624585, 'hidden_continuous_size': 12, 'attention_head_size': 4, 'learning_rate': 0.05164502092222236}. Best is trial 15 with value: 6.910681247711182.
LOCAL_RANK: 0 - CUDA_VISIBLE_DEVICES: [0]
[I 2023-11-30 06:16:10,301] Trial 34 finished with value: 8.842473983764648 and parameters: {'gradient_clip_val': 0.5061556739536442, 'hidden_size': 33, 'dropout': 0.30525768336340287, 'hidden_continuous_size': 12, 'attention_head_size': 3, 'learning_rate': 0.05146050175025659}. Best is trial 15 with value: 6.910681247711182.
LOCAL_RANK: 0 - CUDA_VISIBLE_DEVICES: [0]
[I 2023-11-30 06:16:23,284] Trial 35 finished with value: 8.342440605163574 and parameters: {'gradient_clip_val': 0.5763931724380996, 'hidden_size': 55, 'dropout': 0.24143191619128135, 'hidden_continuous_size': 13, 'attention_head_size': 4, 'learning_rate': 0.09809877385823959}. Best is trial 15 with value: 6.910681247711182.
LOCAL_RANK: 0 - CUDA_VISIBLE_DEVICES: [0]
[I 2023-11-30 06:16:36,037] Trial 36 finished with value: 8.121990203857422 and parameters: {'gradient_clip_val': 0.4452756728630674, 'hidden_size': 41, 'dropout': 0.27263319993117374, 'hidden_continuous_size': 14, 'attention_head_size': 3, 'learning_rate': 0.07391847798172178}. Best is trial 15 with value: 6.910681247711182.
LOCAL_RANK: 0 - CUDA_VISIBLE_DEVICES: [0]
[I 2023-11-30 06:16:48,256] Trial 37 finished with value: 7.830818176269531 and parameters: {'gradient_clip_val': 0.8428286346248697, 'hidden_size': 21, 'dropout': 0.38034501268893695, 'hidden_continuous_size': 11, 'attention_head_size': 4, 'learning_rate': 0.05446260285476532}. Best is trial 15 with value: 6.910681247711182.
LOCAL_RANK: 0 - CUDA_VISIBLE_DEVICES: [0]
[I 2023-11-30 06:17:00,660] Trial 38 finished with value: 8.13029956817627 and parameters: {'gradient_clip_val': 0.6746398644873894, 'hidden_size': 33, 'dropout': 0.27551381743109654, 'hidden_continuous_size': 12, 'attention_head_size': 3, 'learning_rate': 0.02986324447970335}. Best is trial 15 with value: 6.910681247711182.
LOCAL_RANK: 0 - CUDA_VISIBLE_DEVICES: [0]
[I 2023-11-30 06:17:13,373] Trial 39 finished with value: 9.309734344482422 and parameters: {'gradient_clip_val': 0.34064122145980197, 'hidden_size': 36, 'dropout': 0.17880929826830325, 'hidden_continuous_size': 14, 'attention_head_size': 4, 'learning_rate': 0.07547122073862798}. Best is trial 15 with value: 6.910681247711182.
LOCAL_RANK: 0 - CUDA_VISIBLE_DEVICES: [0]
[I 2023-11-30 06:17:26,060] Trial 40 finished with value: 9.125256538391113 and parameters: {'gradient_clip_val': 0.7747494829756899, 'hidden_size': 45, 'dropout': 0.24648731910727673, 'hidden_continuous_size': 12, 'attention_head_size': 3, 'learning_rate': 0.04217538024088738}. Best is trial 15 with value: 6.910681247711182.
LOCAL_RANK: 0 - CUDA_VISIBLE_DEVICES: [0]
[I 2023-11-30 06:17:38,519] Trial 41 finished with value: 7.710104465484619 and parameters: {'gradient_clip_val': 0.6751316918340105, 'hidden_size': 30, 'dropout': 0.2889430313936946, 'hidden_continuous_size': 10, 'attention_head_size': 4, 'learning_rate': 0.05197037372018536}. Best is trial 15 with value: 6.910681247711182.
LOCAL_RANK: 0 - CUDA_VISIBLE_DEVICES: [0]
[I 2023-11-30 06:17:50,621] Trial 42 finished with value: 12.968945503234863 and parameters: {'gradient_clip_val': 0.6273000073406876, 'hidden_size': 24, 'dropout': 0.31511517535092787, 'hidden_continuous_size': 11, 'attention_head_size': 4, 'learning_rate': 0.03995140395247653}. Best is trial 15 with value: 6.910681247711182.
LOCAL_RANK: 0 - CUDA_VISIBLE_DEVICES: [0]
