[I 2023-11-30 05:37:25,902] Trial 18 finished with value: 264.14166259765625 and parameters: {'gradient_clip_val': 0.4529639602055067, 'hidden_size': 145, 'dropout': 0.18936889454001837, 'hidden_continuous_size': 130, 'attention_head_size': 3, 'learning_rate': 0.002121319090548706}. Best is trial 14 with value: 181.82533264160156.
LOCAL_RANK: 0 - CUDA_VISIBLE_DEVICES: [0]
[I 2023-11-30 05:37:39,703] Trial 19 finished with value: 203.4982147216797 and parameters: {'gradient_clip_val': 0.16773830656323882, 'hidden_size': 79, 'dropout': 0.10483553064743611, 'hidden_continuous_size': 55, 'attention_head_size': 2, 'learning_rate': 0.003228318812437964}. Best is trial 14 with value: 181.82533264160156.
LOCAL_RANK: 0 - CUDA_VISIBLE_DEVICES: [0]
[I 2023-11-30 05:37:54,013] Trial 20 finished with value: 219.23583984375 and parameters: {'gradient_clip_val': 0.2701091528199471, 'hidden_size': 110, 'dropout': 0.23500322284883812, 'hidden_continuous_size': 81, 'attention_head_size': 4, 'learning_rate': 0.001641546660947427}. Best is trial 14 with value: 181.82533264160156.
LOCAL_RANK: 0 - CUDA_VISIBLE_DEVICES: [0]
[I 2023-11-30 05:38:08,942] Trial 21 finished with value: 228.1160888671875 and parameters: {'gradient_clip_val': 0.7973475580434798, 'hidden_size': 135, 'dropout': 0.2899985028827736, 'hidden_continuous_size': 102, 'attention_head_size': 4, 'learning_rate': 0.0029734367488487064}. Best is trial 14 with value: 181.82533264160156.
LOCAL_RANK: 0 - CUDA_VISIBLE_DEVICES: [0]
[I 2023-11-30 05:38:23,349] Trial 22 finished with value: 251.8446044921875 and parameters: {'gradient_clip_val': 0.6303284080878664, 'hidden_size': 106, 'dropout': 0.29791168133474855, 'hidden_continuous_size': 76, 'attention_head_size': 4, 'learning_rate': 0.0038105339164010744}. Best is trial 14 with value: 181.82533264160156.
LOCAL_RANK: 0 - CUDA_VISIBLE_DEVICES: [0]
[I 2023-11-30 05:38:37,986] Trial 23 finished with value: 206.1260223388672 and parameters: {'gradient_clip_val': 0.9644756598852259, 'hidden_size': 144, 'dropout': 0.2620776143514516, 'hidden_continuous_size': 140, 'attention_head_size': 3, 'learning_rate': 0.001600570081482951}. Best is trial 14 with value: 181.82533264160156.
LOCAL_RANK: 0 - CUDA_VISIBLE_DEVICES: [0]
[I 2023-11-30 05:38:52,236] Trial 24 finished with value: 229.62001037597656 and parameters: {'gradient_clip_val': 0.7355474687360493, 'hidden_size': 89, 'dropout': 0.24099492115317853, 'hidden_continuous_size': 65, 'attention_head_size': 4, 'learning_rate': 0.0027389068477183826}. Best is trial 14 with value: 181.82533264160156.
LOCAL_RANK: 0 - CUDA_VISIBLE_DEVICES: [0]
[I 2023-11-30 05:39:06,574] Trial 25 finished with value: 174.3500213623047 and parameters: {'gradient_clip_val': 0.5507739412693844, 'hidden_size': 114, 'dropout': 0.302169352721832, 'hidden_continuous_size': 94, 'attention_head_size': 3, 'learning_rate': 0.001453076422426669}. Best is trial 25 with value: 174.3500213623047.
LOCAL_RANK: 0 - CUDA_VISIBLE_DEVICES: [0]
[I 2023-11-30 05:39:20,766] Trial 26 finished with value: 178.3459930419922 and parameters: {'gradient_clip_val': 0.5311737372328816, 'hidden_size': 105, 'dropout': 0.2579393196494782, 'hidden_continuous_size': 83, 'attention_head_size': 2, 'learning_rate': 0.001361460016620562}. Best is trial 25 with value: 174.3500213623047.
LOCAL_RANK: 0 - CUDA_VISIBLE_DEVICES: [0]
[I 2023-11-30 05:39:35,178] Trial 27 finished with value: 198.40521240234375 and parameters: {'gradient_clip_val': 0.5205294109563353, 'hidden_size': 106, 'dropout': 0.30448070281703626, 'hidden_continuous_size': 79, 'attention_head_size': 3, 'learning_rate': 0.0010706470516916179}. Best is trial 25 with value: 174.3500213623047.
LOCAL_RANK: 0 - CUDA_VISIBLE_DEVICES: [0]
[I 2023-11-30 05:39:49,372] Trial 28 finished with value: 259.1123352050781 and parameters: {'gradient_clip_val': 0.5943717256836544, 'hidden_size': 113, 'dropout': 0.2620822959887664, 'hidden_continuous_size': 86, 'attention_head_size': 2, 'learning_rate': 0.0014586628671164243}. Best is trial 25 with value: 174.3500213623047.
LOCAL_RANK: 0 - CUDA_VISIBLE_DEVICES: [0]
[I 2023-11-30 05:40:03,526] Trial 29 finished with value: 174.1125946044922 and parameters: {'gradient_clip_val': 0.7056063019278593, 'hidden_size': 90, 'dropout': 0.27486047231224536, 'hidden_continuous_size': 69, 'attention_head_size': 3, 'learning_rate': 0.0020683462858048147}. Best is trial 29 with value: 174.1125946044922.
LOCAL_RANK: 0 - CUDA_VISIBLE_DEVICES: [0]
[I 2023-11-30 05:40:17,319] Trial 30 finished with value: 181.87355041503906 and parameters: {'gradient_clip_val': 0.717701549173463, 'hidden_size': 90, 'dropout': 0.28776730216297314, 'hidden_continuous_size': 48, 'attention_head_size': 3, 'learning_rate': 0.0021675113708878174}. Best is trial 29 with value: 174.1125946044922.
LOCAL_RANK: 0 - CUDA_VISIBLE_DEVICES: [0]
[I 2023-11-30 05:40:31,761] Trial 31 finished with value: 201.1842041015625 and parameters: {'gradient_clip_val': 0.6461741883886409, 'hidden_size': 122, 'dropout': 0.25274783830613584, 'hidden_continuous_size': 101, 'attention_head_size': 3, 'learning_rate': 0.0014472574259834154}. Best is trial 29 with value: 174.1125946044922.
LOCAL_RANK: 0 - CUDA_VISIBLE_DEVICES: [0]
[I 2023-11-30 05:40:45,775] Trial 32 finished with value: 274.7529602050781 and parameters: {'gradient_clip_val': 0.8147812830482419, 'hidden_size': 73, 'dropout': 0.27917076917786127, 'hidden_continuous_size': 58, 'attention_head_size': 3, 'learning_rate': 0.001009787222048451}. Best is trial 29 with value: 174.1125946044922.
LOCAL_RANK: 0 - CUDA_VISIBLE_DEVICES: [0]
[I 2023-11-30 05:41:00,080] Trial 33 finished with value: 222.380859375 and parameters: {'gradient_clip_val': 0.5538309701130457, 'hidden_size': 125, 'dropout': 0.31031202774829514, 'hidden_continuous_size': 96, 'attention_head_size': 2, 'learning_rate': 0.0014039508787457178}. Best is trial 29 with value: 174.1125946044922.
LOCAL_RANK: 0 - CUDA_VISIBLE_DEVICES: [0]
[I 2023-11-30 05:41:14,088] Trial 34 finished with value: 190.1234130859375 and parameters: {'gradient_clip_val': 0.45557121959294655, 'hidden_size': 93, 'dropout': 0.3157727290455886, 'hidden_continuous_size': 70, 'attention_head_size': 1, 'learning_rate': 0.0021903514994178097}. Best is trial 29 with value: 174.1125946044922.
LOCAL_RANK: 0 - CUDA_VISIBLE_DEVICES: [0]
[I 2023-11-30 05:41:28,723] Trial 35 finished with value: 182.1429443359375 and parameters: {'gradient_clip_val': 0.6816620150313312, 'hidden_size': 148, 'dropout': 0.2749460993597103, 'hidden_continuous_size': 112, 'attention_head_size': 3, 'learning_rate': 0.001700750174130504}. Best is trial 29 with value: 174.1125946044922.
LOCAL_RANK: 0 - CUDA_VISIBLE_DEVICES: [0]
[I 2023-11-30 05:41:42,973] Trial 36 finished with value: 219.9769744873047 and parameters: {'gradient_clip_val': 0.8456471306544386, 'hidden_size': 121, 'dropout': 0.25790425888551044, 'hidden_continuous_size': 89, 'attention_head_size': 2, 'learning_rate': 0.0025681012477495845}. Best is trial 29 with value: 174.1125946044922.
LOCAL_RANK: 0 - CUDA_VISIBLE_DEVICES: [0]
[I 2023-11-30 05:41:57,280] Trial 37 finished with value: 227.7685089111328 and parameters: {'gradient_clip_val': 0.3956809042385188, 'hidden_size': 76, 'dropout': 0.2934614133381529, 'hidden_continuous_size': 69, 'attention_head_size': 4, 'learning_rate': 0.001327473962003146}. Best is trial 29 with value: 174.1125946044922.
LOCAL_RANK: 0 - CUDA_VISIBLE_DEVICES: [0]
[I 2023-11-30 05:42:11,386] Trial 38 finished with value: 190.2965087890625 and parameters: {'gradient_clip_val': 0.5228173501406432, 'hidden_size': 97, 'dropout': 0.32241074724861507, 'hidden_continuous_size': 76, 'attention_head_size': 2, 'learning_rate': 0.003667496328895785}. Best is trial 29 with value: 174.1125946044922.
LOCAL_RANK: 0 - CUDA_VISIBLE_DEVICES: [0]
[I 2023-11-30 05:42:25,634] Trial 39 finished with value: 202.5824737548828 and parameters: {'gradient_clip_val': 0.6758758592501213, 'hidden_size': 118, 'dropout': 0.24497985774252629, 'hidden_continuous_size': 105, 'attention_head_size': 1, 'learning_rate': 0.0025062121677387663}. Best is trial 29 with value: 174.1125946044922.
LOCAL_RANK: 0 - CUDA_VISIBLE_DEVICES: [0]
[I 2023-11-30 05:42:39,427] Trial 40 finished with value: 203.8746337890625 and parameters: {'gradient_clip_val': 0.9995973445434877, 'hidden_size': 66, 'dropout': 0.3535091197616583, 'hidden_continuous_size': 57, 'attention_head_size': 3, 'learning_rate': 0.00184136912532708}. Best is trial 29 with value: 174.1125946044922.
LOCAL_RANK: 0 - CUDA_VISIBLE_DEVICES: [0]
[I 2023-11-30 05:42:53,604] Trial 41 finished with value: 204.5127716064453 and parameters: {'gradient_clip_val': 0.6789385299984403, 'hidden_size': 90, 'dropout': 0.2869080452822626, 'hidden_continuous_size': 74, 'attention_head_size': 3, 'learning_rate': 0.0022312996344103723}. Best is trial 29 with value: 174.1125946044922.
LOCAL_RANK: 0 - CUDA_VISIBLE_DEVICES: [0]
[I 2023-11-30 05:43:07,866] Trial 42 finished with value: 235.46148681640625 and parameters: {'gradient_clip_val': 0.7514834645384103, 'hidden_size': 81, 'dropout': 0.2770588980591104, 'hidden_continuous_size': 69, 'attention_head_size': 3, 'learning_rate': 0.0012794952235006575}. Best is trial 29 with value: 174.1125946044922.
LOCAL_RANK: 0 - CUDA_VISIBLE_DEVICES: [0]
[I 2023-11-30 05:43:22,125] Trial 43 finished with value: 204.9281768798828 and parameters: {'gradient_clip_val': 0.5755850236640946, 'hidden_size': 101, 'dropout': 0.29952611177385086, 'hidden_continuous_size': 85, 'attention_head_size': 3, 'learning_rate': 0.0018696552563321036}. Best is trial 29 with value: 174.1125946044922.
LOCAL_RANK: 0 - CUDA_VISIBLE_DEVICES: [0]
[I 2023-11-30 05:43:36,128] Trial 44 finished with value: 283.10699462890625 and parameters: {'gradient_clip_val': 0.8369383569661712, 'hidden_size': 128, 'dropout': 0.28436539887423906, 'hidden_continuous_size': 46, 'attention_head_size': 3, 'learning_rate': 0.004748121279931634}. Best is trial 29 with value: 174.1125946044922.
LOCAL_RANK: 0 - CUDA_VISIBLE_DEVICES: [0]
[I 2023-11-30 05:43:49,848] Trial 45 finished with value: 224.5857391357422 and parameters: {'gradient_clip_val': 0.8848875970273097, 'hidden_size': 81, 'dropout': 0.32306697847361465, 'hidden_continuous_size': 64, 'attention_head_size': 2, 'learning_rate': 0.0011675845058884654}. Best is trial 29 with value: 174.1125946044922.
LOCAL_RANK: 0 - CUDA_VISIBLE_DEVICES: [0]
[I 2023-11-30 05:44:04,169] Trial 46 finished with value: 250.4716796875 and parameters: {'gradient_clip_val': 0.7027863411309566, 'hidden_size': 112, 'dropout': 0.22663533351979315, 'hidden_continuous_size': 90, 'attention_head_size': 4, 'learning_rate': 0.0032171603158899858}. Best is trial 29 with value: 174.1125946044922.
LOCAL_RANK: 0 - CUDA_VISIBLE_DEVICES: [0]
[I 2023-11-30 05:44:18,490] Trial 47 finished with value: 233.5666961669922 and parameters: {'gradient_clip_val': 0.7517725233826172, 'hidden_size': 94, 'dropout': 0.25060762648980833, 'hidden_continuous_size': 83, 'attention_head_size': 2, 'learning_rate': 0.0015625421487490518}. Best is trial 29 with value: 174.1125946044922.
LOCAL_RANK: 0 - CUDA_VISIBLE_DEVICES: [0]
[I 2023-11-30 05:44:31,994] Trial 48 finished with value: 222.0802459716797 and parameters: {'gradient_clip_val': 0.6165267521776177, 'hidden_size': 64, 'dropout': 0.2658849956753566, 'hidden_continuous_size': 54, 'attention_head_size': 3, 'learning_rate': 0.002414649282929354}. Best is trial 29 with value: 174.1125946044922.
LOCAL_RANK: 0 - CUDA_VISIBLE_DEVICES: [0]
[I 2023-11-30 05:44:46,481] Trial 49 finished with value: 161.7242431640625 and parameters: {'gradient_clip_val': 0.4737508932691421, 'hidden_size': 129, 'dropout': 0.30495303953415603, 'hidden_continuous_size': 112, 'attention_head_size': 3, 'learning_rate': 0.001260246890420456}. Best is trial 49 with value: 161.7242431640625.
LOCAL_RANK: 0 - CUDA_VISIBLE_DEVICES: [0]
[I 2023-11-30 05:45:01,180] Trial 50 finished with value: 182.4365692138672 and parameters: {'gradient_clip_val': 0.4851505333046645, 'hidden_size': 131, 'dropout': 0.3089282195378571, 'hidden_continuous_size': 115, 'attention_head_size': 4, 'learning_rate': 0.0012638553477237872}. Best is trial 49 with value: 161.7242431640625.
LOCAL_RANK: 0 - CUDA_VISIBLE_DEVICES: [0]
[I 2023-11-30 05:45:15,975] Trial 51 finished with value: 233.9586944580078 and parameters: {'gradient_clip_val': 0.4182549819396754, 'hidden_size': 147, 'dropout': 0.273425365021686, 'hidden_continuous_size': 118, 'attention_head_size': 3, 'learning_rate': 0.0010005034597064246}. Best is trial 49 with value: 161.7242431640625.
LOCAL_RANK: 0 - CUDA_VISIBLE_DEVICES: [0]
[I 2023-11-30 05:45:30,481] Trial 52 finished with value: 232.1254119873047 and parameters: {'gradient_clip_val': 0.5762916277676904, 'hidden_size': 103, 'dropout': 0.2998067575561677, 'hidden_continuous_size': 95, 'attention_head_size': 3, 'learning_rate': 0.001955970092473659}. Best is trial 49 with value: 161.7242431640625.
LOCAL_RANK: 0 - CUDA_VISIBLE_DEVICES: [0]
[I 2023-11-30 05:45:44,817] Trial 53 finished with value: 166.1774139404297 and parameters: {'gradient_clip_val': 0.36049312524844346, 'hidden_size': 132, 'dropout': 0.2879609317413476, 'hidden_continuous_size': 108, 'attention_head_size': 3, 'learning_rate': 0.001607991053957377}. Best is trial 49 with value: 161.7242431640625.
LOCAL_RANK: 0 - CUDA_VISIBLE_DEVICES: [0]
[I 2023-11-30 05:45:59,170] Trial 54 finished with value: 222.25477600097656 and parameters: {'gradient_clip_val': 0.36961463553069684, 'hidden_size': 128, 'dropout': 0.26914469471211677, 'hidden_continuous_size': 111, 'attention_head_size': 3, 'learning_rate': 0.0012720519876979679}. Best is trial 49 with value: 161.7242431640625.
LOCAL_RANK: 0 - CUDA_VISIBLE_DEVICES: [0]
[I 2023-11-30 05:46:14,100] Trial 55 finished with value: 197.5501708984375 and parameters: {'gradient_clip_val': 0.3357653524042401, 'hidden_size': 150, 'dropout': 0.33668316172546886, 'hidden_continuous_size': 148, 'attention_head_size': 2, 'learning_rate': 0.0017080987664612577}. Best is trial 49 with value: 161.7242431640625.
LOCAL_RANK: 0 - CUDA_VISIBLE_DEVICES: [0]
[I 2023-11-30 05:46:28,420] Trial 56 finished with value: 218.7261199951172 and parameters: {'gradient_clip_val': 0.4130314993036464, 'hidden_size': 113, 'dropout': 0.25539147488541564, 'hidden_continuous_size': 99, 'attention_head_size': 3, 'learning_rate': 0.001159064230074043}. Best is trial 49 with value: 161.7242431640625.
LOCAL_RANK: 0 - CUDA_VISIBLE_DEVICES: [0]
[I 2023-11-30 05:46:43,382] Trial 57 finished with value: 218.15679931640625 and parameters: {'gradient_clip_val': 0.48815217527974974, 'hidden_size': 135, 'dropout': 0.2945037945474708, 'hidden_continuous_size': 123, 'attention_head_size': 4, 'learning_rate': 0.00150135216454289}. Best is trial 49 with value: 161.7242431640625.
LOCAL_RANK: 0 - CUDA_VISIBLE_DEVICES: [0]
[I 2023-11-30 05:46:57,642] Trial 58 finished with value: 194.791748046875 and parameters: {'gradient_clip_val': 0.5368095606993606, 'hidden_size': 116, 'dropout': 0.282437243167436, 'hidden_continuous_size': 106, 'attention_head_size': 2, 'learning_rate': 0.001792863965976184}. Best is trial 49 with value: 161.7242431640625.
LOCAL_RANK: 0 - CUDA_VISIBLE_DEVICES: [0]
[I 2023-11-30 05:47:11,911] Trial 59 finished with value: 246.70057678222656 and parameters: {'gradient_clip_val': 0.4813654683809937, 'hidden_size': 105, 'dropout': 0.30860942937235786, 'hidden_continuous_size': 94, 'attention_head_size': 3, 'learning_rate': 0.002833910578197003}. Best is trial 49 with value: 161.7242431640625.
LOCAL_RANK: 0 - CUDA_VISIBLE_DEVICES: [0]
[I 2023-11-30 05:47:26,708] Trial 60 finished with value: 179.9475860595703 and parameters: {'gradient_clip_val': 0.6185817752962156, 'hidden_size': 137, 'dropout': 0.24390988624696164, 'hidden_continuous_size': 127, 'attention_head_size': 3, 'learning_rate': 0.0013524313517519243}. Best is trial 49 with value: 161.7242431640625.
LOCAL_RANK: 0 - CUDA_VISIBLE_DEVICES: [0]
[I 2023-11-30 05:47:41,388] Trial 61 finished with value: 188.3209991455078 and parameters: {'gradient_clip_val': 0.6152143447455182, 'hidden_size': 137, 'dropout': 0.22927343660005614, 'hidden_continuous_size': 126, 'attention_head_size': 3, 'learning_rate': 0.0011775465625777119}. Best is trial 49 with value: 161.7242431640625.
LOCAL_RANK: 0 - CUDA_VISIBLE_DEVICES: [0]
[I 2023-11-30 05:47:56,169] Trial 62 finished with value: 197.7081756591797 and parameters: {'gradient_clip_val': 0.5348884926966363, 'hidden_size': 134, 'dropout': 0.2437753645092104, 'hidden_continuous_size': 117, 'attention_head_size': 3, 'learning_rate': 0.0014816785345183193}. Best is trial 49 with value: 161.7242431640625.
LOCAL_RANK: 0 - CUDA_VISIBLE_DEVICES: [0]
[I 2023-11-30 05:48:10,566] Trial 63 finished with value: 179.202392578125 and parameters: {'gradient_clip_val': 0.4402830276437232, 'hidden_size': 120, 'dropout': 0.26528118153358293, 'hidden_continuous_size': 106, 'attention_head_size': 3, 'learning_rate': 0.0010075155904143442}. Best is trial 49 with value: 161.7242431640625.
LOCAL_RANK: 0 - CUDA_VISIBLE_DEVICES: [0]
[I 2023-11-30 05:48:24,981] Trial 64 finished with value: 213.150390625 and parameters: {'gradient_clip_val': 0.41560338183961265, 'hidden_size': 117, 'dropout': 0.2158430516828908, 'hidden_continuous_size': 104, 'attention_head_size': 3, 'learning_rate': 0.0013636235114194448}. Best is trial 49 with value: 161.7242431640625.
LOCAL_RANK: 0 - CUDA_VISIBLE_DEVICES: [0]
[I 2023-11-30 05:48:39,143] Trial 65 finished with value: 250.1770477294922 and parameters: {'gradient_clip_val': 0.45513169343087134, 'hidden_size': 85, 'dropout': 0.25011215134546827, 'hidden_continuous_size': 80, 'attention_head_size': 3, 'learning_rate': 0.0010088119690030532}. Best is trial 49 with value: 161.7242431640625.
LOCAL_RANK: 0 - CUDA_VISIBLE_DEVICES: [0]
[I 2023-11-30 05:48:53,421] Trial 66 finished with value: 205.3352813720703 and parameters: {'gradient_clip_val': 0.3536036723798079, 'hidden_size': 99, 'dropout': 0.2667168073780744, 'hidden_continuous_size': 90, 'attention_head_size': 3, 'learning_rate': 0.0020532659223120417}. Best is trial 49 with value: 161.7242431640625.
LOCAL_RANK: 0 - CUDA_VISIBLE_DEVICES: [0]
[I 2023-11-30 05:49:07,952] Trial 67 finished with value: 196.8941650390625 and parameters: {'gradient_clip_val': 0.5951258584669317, 'hidden_size': 107, 'dropout': 0.25774938162480115, 'hidden_continuous_size': 97, 'attention_head_size': 3, 'learning_rate': 0.0016052394070255678}. Best is trial 49 with value: 161.7242431640625.
LOCAL_RANK: 0 - CUDA_VISIBLE_DEVICES: [0]
[I 2023-11-30 05:49:22,409] Trial 68 finished with value: 231.439208984375 and parameters: {'gradient_clip_val': 0.6403274340418089, 'hidden_size': 124, 'dropout': 0.2789043020949743, 'hidden_continuous_size': 109, 'attention_head_size': 3, 'learning_rate': 0.0013506233949698704}. Best is trial 49 with value: 161.7242431640625.
LOCAL_RANK: 0 - CUDA_VISIBLE_DEVICES: [0]
[I 2023-11-30 05:49:36,628] Trial 69 finished with value: 215.501953125 and parameters: {'gradient_clip_val': 0.43476519060998997, 'hidden_size': 94, 'dropout': 0.29107325707539555, 'hidden_continuous_size': 86, 'attention_head_size': 3, 'learning_rate': 0.001135197270860379}. Best is trial 49 with value: 161.7242431640625.
LOCAL_RANK: 0 - CUDA_VISIBLE_DEVICES: [0]
[I 2023-11-30 05:49:51,305] Trial 70 finished with value: 191.0179443359375 and parameters: {'gradient_clip_val': 0.49640208059268776, 'hidden_size': 135, 'dropout': 0.24290481001148648, 'hidden_continuous_size': 117, 'attention_head_size': 3, 'learning_rate': 0.0023737128867438707}. Best is trial 49 with value: 161.7242431640625.
LOCAL_RANK: 0 - CUDA_VISIBLE_DEVICES: [0]
[I 2023-11-30 05:50:06,191] Trial 71 finished with value: 220.7916259765625 and parameters: {'gradient_clip_val': 0.5485638248742535, 'hidden_size': 142, 'dropout': 0.26780744500027426, 'hidden_continuous_size': 136, 'attention_head_size': 4, 'learning_rate': 0.0011472613762715542}. Best is trial 49 with value: 161.7242431640625.
LOCAL_RANK: 0 - CUDA_VISIBLE_DEVICES: [0]
[I 2023-11-30 05:50:21,158] Trial 72 finished with value: 217.16856384277344 and parameters: {'gradient_clip_val': 0.38463514737292015, 'hidden_size': 150, 'dropout': 0.2600222203325847, 'hidden_continuous_size': 132, 'attention_head_size': 2, 'learning_rate': 0.0016207589293964308}. Best is trial 49 with value: 161.7242431640625.
LOCAL_RANK: 0 - CUDA_VISIBLE_DEVICES: [0]
[I 2023-11-30 05:50:35,488] Trial 73 finished with value: 182.60475158691406 and parameters: {'gradient_clip_val': 0.46704316997688317, 'hidden_size': 120, 'dropout': 0.2751870058957011, 'hidden_continuous_size': 105, 'attention_head_size': 1, 'learning_rate': 0.0019282585685842931}. Best is trial 49 with value: 161.7242431640625.
LOCAL_RANK: 0 - CUDA_VISIBLE_DEVICES: [0]
[I 2023-11-30 05:50:49,942] Trial 74 finished with value: 271.70977783203125 and parameters: {'gradient_clip_val': 0.5027339117272804, 'hidden_size': 109, 'dropout': 0.28597768730914896, 'hidden_continuous_size': 97, 'attention_head_size': 4, 'learning_rate': 0.0013973302427220855}. Best is trial 49 with value: 161.7242431640625.
LOCAL_RANK: 0 - CUDA_VISIBLE_DEVICES: [0]
[I 2023-11-30 05:51:04,323] Trial 75 finished with value: 229.8442840576172 and parameters: {'gradient_clip_val': 0.5681797501739424, 'hidden_size': 128, 'dropout': 0.2994337559929167, 'hidden_continuous_size': 118, 'attention_head_size': 3, 'learning_rate': 0.0010856777647883771}. Best is trial 49 with value: 161.7242431640625.
LOCAL_RANK: 0 - CUDA_VISIBLE_DEVICES: [0]
[I 2023-11-30 05:51:18,652] Trial 76 finished with value: 263.2701721191406 and parameters: {'gradient_clip_val': 0.44369297501763655, 'hidden_size': 119, 'dropout': 0.25037782184883484, 'hidden_continuous_size': 109, 'attention_head_size': 2, 'learning_rate': 0.0016852550851389377}. Best is trial 49 with value: 161.7242431640625.
LOCAL_RANK: 0 - CUDA_VISIBLE_DEVICES: [0]
