[I 2023-11-30 02:46:54,097] Trial 11 finished with value: 32.440853118896484 and parameters: {'gradient_clip_val': 0.635748621392192, 'hidden_size': 69, 'dropout': 0.21454453690607722, 'hidden_continuous_size': 34, 'attention_head_size': 4, 'learning_rate': 0.03235537537842573}. Best is trial 0 with value: 32.346885681152344.
LOCAL_RANK: 0 - CUDA_VISIBLE_DEVICES: [0]
[I 2023-11-30 02:47:07,996] Trial 12 finished with value: 34.13583755493164 and parameters: {'gradient_clip_val': 0.6492719529550721, 'hidden_size': 93, 'dropout': 0.22492436642393923, 'hidden_continuous_size': 30, 'attention_head_size': 3, 'learning_rate': 0.024687569577584664}. Best is trial 0 with value: 32.346885681152344.
LOCAL_RANK: 0 - CUDA_VISIBLE_DEVICES: [0]
[I 2023-11-30 02:47:21,543] Trial 13 finished with value: 36.90689468383789 and parameters: {'gradient_clip_val': 0.63592200129223, 'hidden_size': 76, 'dropout': 0.25988222508982933, 'hidden_continuous_size': 41, 'attention_head_size': 4, 'learning_rate': 0.0749506911528966}. Best is trial 0 with value: 32.346885681152344.
LOCAL_RANK: 0 - CUDA_VISIBLE_DEVICES: [0]
[I 2023-11-30 02:47:35,879] Trial 14 finished with value: 33.49897766113281 and parameters: {'gradient_clip_val': 0.9790768929717205, 'hidden_size': 143, 'dropout': 0.1902068737432494, 'hidden_continuous_size': 57, 'attention_head_size': 3, 'learning_rate': 0.02161248386755537}. Best is trial 0 with value: 32.346885681152344.
LOCAL_RANK: 0 - CUDA_VISIBLE_DEVICES: [0]
[I 2023-11-30 02:47:49,392] Trial 15 finished with value: 40.34223175048828 and parameters: {'gradient_clip_val': 0.6086717326695619, 'hidden_size': 67, 'dropout': 0.23696268296139894, 'hidden_continuous_size': 25, 'attention_head_size': 4, 'learning_rate': 0.04798421594340824}. Best is trial 0 with value: 32.346885681152344.
LOCAL_RANK: 0 - CUDA_VISIBLE_DEVICES: [0]
[I 2023-11-30 02:48:02,797] Trial 16 finished with value: 36.034236907958984 and parameters: {'gradient_clip_val': 0.5484355816506623, 'hidden_size': 72, 'dropout': 0.399242286897709, 'hidden_continuous_size': 15, 'attention_head_size': 3, 'learning_rate': 0.0597775548819849}. Best is trial 0 with value: 32.346885681152344.
LOCAL_RANK: 0 - CUDA_VISIBLE_DEVICES: [0]
[I 2023-11-30 02:48:15,452] Trial 17 finished with value: 39.38273620605469 and parameters: {'gradient_clip_val': 0.7540062144569819, 'hidden_size': 31, 'dropout': 0.2811370334496205, 'hidden_continuous_size': 16, 'attention_head_size': 4, 'learning_rate': 0.016988655265474318}. Best is trial 0 with value: 32.346885681152344.
LOCAL_RANK: 0 - CUDA_VISIBLE_DEVICES: [0]
[I 2023-11-30 02:48:27,698] Trial 18 finished with value: 52.23211669921875 and parameters: {'gradient_clip_val': 0.5046760108722176, 'hidden_size': 23, 'dropout': 0.17258085841384666, 'hidden_continuous_size': 13, 'attention_head_size': 3, 'learning_rate': 0.00805960772945596}. Best is trial 0 with value: 32.346885681152344.
LOCAL_RANK: 0 - CUDA_VISIBLE_DEVICES: [0]
[I 2023-11-30 02:48:39,827] Trial 19 finished with value: 37.07077407836914 and parameters: {'gradient_clip_val': 0.7570244251122077, 'hidden_size': 17, 'dropout': 0.2211880921158886, 'hidden_continuous_size': 11, 'attention_head_size': 2, 'learning_rate': 0.03350982391935365}. Best is trial 0 with value: 32.346885681152344.
LOCAL_RANK: 0 - CUDA_VISIBLE_DEVICES: [0]
[I 2023-11-30 02:48:52,611] Trial 20 finished with value: 39.06275939941406 and parameters: {'gradient_clip_val': 0.9823006906620743, 'hidden_size': 39, 'dropout': 0.23518277169359758, 'hidden_continuous_size': 22, 'attention_head_size': 4, 'learning_rate': 0.057311859839841495}. Best is trial 0 with value: 32.346885681152344.
LOCAL_RANK: 0 - CUDA_VISIBLE_DEVICES: [0]
[I 2023-11-30 02:49:06,080] Trial 21 finished with value: 35.21936798095703 and parameters: {'gradient_clip_val': 0.3596140126020254, 'hidden_size': 54, 'dropout': 0.19270986011390506, 'hidden_continuous_size': 27, 'attention_head_size': 4, 'learning_rate': 0.030200914611650056}. Best is trial 0 with value: 32.346885681152344.
LOCAL_RANK: 0 - CUDA_VISIBLE_DEVICES: [0]
[I 2023-11-30 02:49:19,414] Trial 22 finished with value: 33.86883544921875 and parameters: {'gradient_clip_val': 0.5439169706851698, 'hidden_size': 54, 'dropout': 0.20618417305780729, 'hidden_continuous_size': 36, 'attention_head_size': 4, 'learning_rate': 0.04431727154675188}. Best is trial 0 with value: 32.346885681152344.
LOCAL_RANK: 0 - CUDA_VISIBLE_DEVICES: [0]
[I 2023-11-30 02:49:32,010] Trial 23 finished with value: 37.10911560058594 and parameters: {'gradient_clip_val': 0.33135426883107605, 'hidden_size': 31, 'dropout': 0.18755521893010732, 'hidden_continuous_size': 24, 'attention_head_size': 3, 'learning_rate': 0.022179374097516864}. Best is trial 0 with value: 32.346885681152344.
LOCAL_RANK: 0 - CUDA_VISIBLE_DEVICES: [0]
[I 2023-11-30 02:49:45,083] Trial 24 finished with value: 31.525209426879883 and parameters: {'gradient_clip_val': 0.4114985634788798, 'hidden_size': 42, 'dropout': 0.21571238176457902, 'hidden_continuous_size': 28, 'attention_head_size': 4, 'learning_rate': 0.03330166035594834}. Best is trial 24 with value: 31.525209426879883.
LOCAL_RANK: 0 - CUDA_VISIBLE_DEVICES: [0]
[I 2023-11-30 02:49:57,917] Trial 25 finished with value: 37.707489013671875 and parameters: {'gradient_clip_val': 0.44087023330408526, 'hidden_size': 38, 'dropout': 0.24068105596476017, 'hidden_continuous_size': 26, 'attention_head_size': 3, 'learning_rate': 0.07765588711948786}. Best is trial 24 with value: 31.525209426879883.
LOCAL_RANK: 0 - CUDA_VISIBLE_DEVICES: [0]
[I 2023-11-30 02:50:11,470] Trial 26 finished with value: 35.93500900268555 and parameters: {'gradient_clip_val': 0.7072373274414474, 'hidden_size': 64, 'dropout': 0.2590025341018456, 'hidden_continuous_size': 29, 'attention_head_size': 4, 'learning_rate': 0.015493719483407933}. Best is trial 24 with value: 31.525209426879883.
LOCAL_RANK: 0 - CUDA_VISIBLE_DEVICES: [0]
[I 2023-11-30 02:50:25,494] Trial 27 finished with value: 34.116214752197266 and parameters: {'gradient_clip_val': 0.5820039579469047, 'hidden_size': 97, 'dropout': 0.21759124252056242, 'hidden_continuous_size': 34, 'attention_head_size': 4, 'learning_rate': 0.02921764533333416}. Best is trial 24 with value: 31.525209426879883.
LOCAL_RANK: 0 - CUDA_VISIBLE_DEVICES: [0]
[I 2023-11-30 02:50:37,870] Trial 28 finished with value: 35.924896240234375 and parameters: {'gradient_clip_val': 0.6837917733440393, 'hidden_size': 28, 'dropout': 0.1699784740129408, 'hidden_continuous_size': 23, 'attention_head_size': 3, 'learning_rate': 0.03997022065495368}. Best is trial 24 with value: 31.525209426879883.
LOCAL_RANK: 0 - CUDA_VISIBLE_DEVICES: [0]
[I 2023-11-30 02:50:50,793] Trial 29 finished with value: 31.930810928344727 and parameters: {'gradient_clip_val': 0.49405329272332743, 'hidden_size': 41, 'dropout': 0.2919641897022664, 'hidden_continuous_size': 22, 'attention_head_size': 4, 'learning_rate': 0.05525312460886634}. Best is trial 24 with value: 31.525209426879883.
LOCAL_RANK: 0 - CUDA_VISIBLE_DEVICES: [0]
[I 2023-11-30 02:51:03,620] Trial 30 finished with value: 33.780372619628906 and parameters: {'gradient_clip_val': 0.45483727476567126, 'hidden_size': 41, 'dropout': 0.2971231378044195, 'hidden_continuous_size': 21, 'attention_head_size': 2, 'learning_rate': 0.051955150240603036}. Best is trial 24 with value: 31.525209426879883.
LOCAL_RANK: 0 - CUDA_VISIBLE_DEVICES: [0]
[I 2023-11-30 02:51:16,283] Trial 31 finished with value: 36.985843658447266 and parameters: {'gradient_clip_val': 0.4717855053868818, 'hidden_size': 36, 'dropout': 0.279952775805141, 'hidden_continuous_size': 25, 'attention_head_size': 4, 'learning_rate': 0.06744402109088776}. Best is trial 24 with value: 31.525209426879883.
LOCAL_RANK: 0 - CUDA_VISIBLE_DEVICES: [0]
[I 2023-11-30 02:51:29,644] Trial 32 finished with value: 34.68375015258789 and parameters: {'gradient_clip_val': 0.5222751953840223, 'hidden_size': 58, 'dropout': 0.21577745611000682, 'hidden_continuous_size': 27, 'attention_head_size': 4, 'learning_rate': 0.04269437440810086}. Best is trial 24 with value: 31.525209426879883.
LOCAL_RANK: 0 - CUDA_VISIBLE_DEVICES: [0]
[I 2023-11-30 02:51:42,615] Trial 33 finished with value: 36.61955261230469 and parameters: {'gradient_clip_val': 0.8605328769550555, 'hidden_size': 46, 'dropout': 0.31486813895118976, 'hidden_continuous_size': 23, 'attention_head_size': 4, 'learning_rate': 0.028406443962749453}. Best is trial 24 with value: 31.525209426879883.
LOCAL_RANK: 0 - CUDA_VISIBLE_DEVICES: [0]
[I 2023-11-30 02:51:55,577] Trial 34 finished with value: 36.213802337646484 and parameters: {'gradient_clip_val': 0.5866249879138726, 'hidden_size': 43, 'dropout': 0.24607858670944333, 'hidden_continuous_size': 20, 'attention_head_size': 4, 'learning_rate': 0.09360970081926141}. Best is trial 24 with value: 31.525209426879883.
LOCAL_RANK: 0 - CUDA_VISIBLE_DEVICES: [0]
[I 2023-11-30 02:52:08,686] Trial 35 finished with value: 36.95172119140625 and parameters: {'gradient_clip_val': 0.399583998879786, 'hidden_size': 50, 'dropout': 0.22773026478055178, 'hidden_continuous_size': 28, 'attention_head_size': 1, 'learning_rate': 0.03864385826078082}. Best is trial 24 with value: 31.525209426879883.
LOCAL_RANK: 0 - CUDA_VISIBLE_DEVICES: [0]
[I 2023-11-30 02:52:21,151] Trial 36 finished with value: 33.52806091308594 and parameters: {'gradient_clip_val': 0.8105398153111435, 'hidden_size': 32, 'dropout': 0.20733844029958612, 'hidden_continuous_size': 24, 'attention_head_size': 4, 'learning_rate': 0.05755504753095242}. Best is trial 24 with value: 31.525209426879883.
LOCAL_RANK: 0 - CUDA_VISIBLE_DEVICES: [0]
[I 2023-11-30 02:52:34,402] Trial 37 finished with value: 35.77302169799805 and parameters: {'gradient_clip_val': 0.2848452561638093, 'hidden_size': 60, 'dropout': 0.25129923854764447, 'hidden_continuous_size': 30, 'attention_head_size': 3, 'learning_rate': 0.0198625440309369}. Best is trial 24 with value: 31.525209426879883.
LOCAL_RANK: 0 - CUDA_VISIBLE_DEVICES: [0]
[I 2023-11-30 02:52:47,153] Trial 38 finished with value: 38.83094787597656 and parameters: {'gradient_clip_val': 0.6871462546955183, 'hidden_size': 35, 'dropout': 0.3095521612718709, 'hidden_continuous_size': 21, 'attention_head_size': 4, 'learning_rate': 0.0339077336129611}. Best is trial 24 with value: 31.525209426879883.
LOCAL_RANK: 0 - CUDA_VISIBLE_DEVICES: [0]
[I 2023-11-30 02:53:00,054] Trial 39 finished with value: 33.73057556152344 and parameters: {'gradient_clip_val': 0.411687476873884, 'hidden_size': 46, 'dropout': 0.27659892651979545, 'hidden_continuous_size': 19, 'attention_head_size': 3, 'learning_rate': 0.02563536355286056}. Best is trial 24 with value: 31.525209426879883.
LOCAL_RANK: 0 - CUDA_VISIBLE_DEVICES: [0]
[I 2023-11-30 02:53:12,976] Trial 40 finished with value: 34.00077819824219 and parameters: {'gradient_clip_val': 0.5202804769458885, 'hidden_size': 41, 'dropout': 0.1791940539273258, 'hidden_continuous_size': 26, 'attention_head_size': 4, 'learning_rate': 0.04914935227378508}. Best is trial 24 with value: 31.525209426879883.
LOCAL_RANK: 0 - CUDA_VISIBLE_DEVICES: [0]
[I 2023-11-30 02:53:26,470] Trial 41 finished with value: 33.77696990966797 and parameters: {'gradient_clip_val': 0.36510135985141046, 'hidden_size': 54, 'dropout': 0.2055410421035369, 'hidden_continuous_size': 32, 'attention_head_size': 4, 'learning_rate': 0.0366228054518933}. Best is trial 24 with value: 31.525209426879883.
LOCAL_RANK: 0 - CUDA_VISIBLE_DEVICES: [0]
[I 2023-11-30 02:53:39,392] Trial 42 finished with value: 32.15334701538086 and parameters: {'gradient_clip_val': 0.30338603695247623, 'hidden_size': 48, 'dropout': 0.1544325943563811, 'hidden_continuous_size': 23, 'attention_head_size': 4, 'learning_rate': 0.06502444683818728}. Best is trial 24 with value: 31.525209426879883.
LOCAL_RANK: 0 - CUDA_VISIBLE_DEVICES: [0]
[I 2023-11-30 02:53:52,393] Trial 43 finished with value: 40.25931167602539 and parameters: {'gradient_clip_val': 0.2989581520944358, 'hidden_size': 47, 'dropout': 0.15370313431358867, 'hidden_continuous_size': 23, 'attention_head_size': 4, 'learning_rate': 0.06861763583007571}. Best is trial 24 with value: 31.525209426879883.
LOCAL_RANK: 0 - CUDA_VISIBLE_DEVICES: [0]
[I 2023-11-30 02:54:05,966] Trial 44 finished with value: 35.86396408081055 and parameters: {'gradient_clip_val': 0.23211171620857735, 'hidden_size': 79, 'dropout': 0.1100763027987487, 'hidden_continuous_size': 18, 'attention_head_size': 4, 'learning_rate': 0.08329693934254226}. Best is trial 24 with value: 31.525209426879883.
LOCAL_RANK: 0 - CUDA_VISIBLE_DEVICES: [0]
[I 2023-11-30 02:54:19,525] Trial 45 finished with value: 39.33121109008789 and parameters: {'gradient_clip_val': 0.3134704029912967, 'hidden_size': 61, 'dropout': 0.1612191908049704, 'hidden_continuous_size': 29, 'attention_head_size': 3, 'learning_rate': 0.09693858761281514}. Best is trial 24 with value: 31.525209426879883.
LOCAL_RANK: 0 - CUDA_VISIBLE_DEVICES: [0]
[I 2023-11-30 02:54:32,003] Trial 46 finished with value: 36.82017517089844 and parameters: {'gradient_clip_val': 0.34849175578316205, 'hidden_size': 35, 'dropout': 0.13652302604877803, 'hidden_continuous_size': 22, 'attention_head_size': 2, 'learning_rate': 0.0687342501847767}. Best is trial 24 with value: 31.525209426879883.
LOCAL_RANK: 0 - CUDA_VISIBLE_DEVICES: [0]
[I 2023-11-30 02:54:44,578] Trial 47 finished with value: 35.85429763793945 and parameters: {'gradient_clip_val': 0.4011669671770412, 'hidden_size': 27, 'dropout': 0.18332267546755066, 'hidden_continuous_size': 24, 'attention_head_size': 4, 'learning_rate': 0.047987501010738155}. Best is trial 24 with value: 31.525209426879883.
LOCAL_RANK: 0 - CUDA_VISIBLE_DEVICES: [0]
[I 2023-11-30 02:54:57,773] Trial 48 finished with value: 31.78890037536621 and parameters: {'gradient_clip_val': 0.620362922333993, 'hidden_size': 50, 'dropout': 0.1973801983531668, 'hidden_continuous_size': 26, 'attention_head_size': 4, 'learning_rate': 0.056182413527008465}. Best is trial 24 with value: 31.525209426879883.
LOCAL_RANK: 0 - CUDA_VISIBLE_DEVICES: [0]
[I 2023-11-30 02:55:10,813] Trial 49 finished with value: 37.18486404418945 and parameters: {'gradient_clip_val': 0.48541664046175614, 'hidden_size': 51, 'dropout': 0.19764263410548738, 'hidden_continuous_size': 26, 'attention_head_size': 3, 'learning_rate': 0.059509796663199575}. Best is trial 24 with value: 31.525209426879883.
LOCAL_RANK: 0 - CUDA_VISIBLE_DEVICES: [0]
[I 2023-11-30 02:55:23,792] Trial 50 finished with value: 32.28938674926758 and parameters: {'gradient_clip_val': 0.5689833159506482, 'hidden_size': 38, 'dropout': 0.23236045674657008, 'hidden_continuous_size': 20, 'attention_head_size': 4, 'learning_rate': 0.04442928051708097}. Best is trial 24 with value: 31.525209426879883.
LOCAL_RANK: 0 - CUDA_VISIBLE_DEVICES: [0]
[I 2023-11-30 02:55:36,666] Trial 51 finished with value: 35.54708480834961 and parameters: {'gradient_clip_val': 0.584288011457022, 'hidden_size': 43, 'dropout': 0.23108836861411222, 'hidden_continuous_size': 20, 'attention_head_size': 4, 'learning_rate': 0.04265164748367439}. Best is trial 24 with value: 31.525209426879883.
LOCAL_RANK: 0 - CUDA_VISIBLE_DEVICES: [0]
[I 2023-11-30 02:55:49,378] Trial 52 finished with value: 35.07167434692383 and parameters: {'gradient_clip_val': 0.4433654604229242, 'hidden_size': 38, 'dropout': 0.1995412535783941, 'hidden_continuous_size': 22, 'attention_head_size': 4, 'learning_rate': 0.07987332864889177}. Best is trial 24 with value: 31.525209426879883.
LOCAL_RANK: 0 - CUDA_VISIBLE_DEVICES: [0]
[I 2023-11-30 02:56:02,530] Trial 53 finished with value: 32.19305419921875 and parameters: {'gradient_clip_val': 0.6483621993763153, 'hidden_size': 46, 'dropout': 0.22192568579595753, 'hidden_continuous_size': 25, 'attention_head_size': 4, 'learning_rate': 0.05430529824225352}. Best is trial 24 with value: 31.525209426879883.
LOCAL_RANK: 0 - CUDA_VISIBLE_DEVICES: [0]
[I 2023-11-30 02:56:15,528] Trial 54 finished with value: 32.4791145324707 and parameters: {'gradient_clip_val': 0.6356433626027174, 'hidden_size': 45, 'dropout': 0.22554456428229486, 'hidden_continuous_size': 25, 'attention_head_size': 4, 'learning_rate': 0.055507746171833586}. Best is trial 24 with value: 31.525209426879883.
LOCAL_RANK: 0 - CUDA_VISIBLE_DEVICES: [0]
[I 2023-11-30 02:56:28,524] Trial 55 finished with value: 33.67339324951172 and parameters: {'gradient_clip_val': 0.4975762939066474, 'hidden_size': 41, 'dropout': 0.2466088336995195, 'hidden_continuous_size': 21, 'attention_head_size': 4, 'learning_rate': 0.06412503077263004}. Best is trial 24 with value: 31.525209426879883.
LOCAL_RANK: 0 - CUDA_VISIBLE_DEVICES: [0]
[I 2023-11-30 02:56:42,001] Trial 56 finished with value: 28.857404708862305 and parameters: {'gradient_clip_val': 0.551703524745301, 'hidden_size': 55, 'dropout': 0.2112640634759874, 'hidden_continuous_size': 28, 'attention_head_size': 4, 'learning_rate': 0.05091941884862438}. Best is trial 56 with value: 28.857404708862305.
LOCAL_RANK: 0 - CUDA_VISIBLE_DEVICES: [0]
[I 2023-11-30 02:56:55,311] Trial 57 finished with value: 32.13216781616211 and parameters: {'gradient_clip_val': 0.5368116951278659, 'hidden_size': 54, 'dropout': 0.21146476688806187, 'hidden_continuous_size': 30, 'attention_head_size': 4, 'learning_rate': 0.08334857476122987}. Best is trial 56 with value: 28.857404708862305.
LOCAL_RANK: 0 - CUDA_VISIBLE_DEVICES: [0]
[I 2023-11-30 02:57:08,742] Trial 58 finished with value: 35.60662841796875 and parameters: {'gradient_clip_val': 0.37105383521193397, 'hidden_size': 57, 'dropout': 0.1833914358537821, 'hidden_continuous_size': 32, 'attention_head_size': 4, 'learning_rate': 0.08900382069736325}. Best is trial 56 with value: 28.857404708862305.
LOCAL_RANK: 0 - CUDA_VISIBLE_DEVICES: [0]
[I 2023-11-30 02:57:21,938] Trial 59 finished with value: 32.54237365722656 and parameters: {'gradient_clip_val': 0.4276973027451104, 'hidden_size': 51, 'dropout': 0.2112600704629366, 'hidden_continuous_size': 28, 'attention_head_size': 4, 'learning_rate': 0.07660562544710127}. Best is trial 56 with value: 28.857404708862305.
LOCAL_RANK: 0 - CUDA_VISIBLE_DEVICES: [0]
[I 2023-11-30 02:57:35,453] Trial 60 finished with value: 36.072879791259766 and parameters: {'gradient_clip_val': 0.46873210009060445, 'hidden_size': 71, 'dropout': 0.19575228755466823, 'hidden_continuous_size': 31, 'attention_head_size': 1, 'learning_rate': 0.07033886430978611}. Best is trial 56 with value: 28.857404708862305.
LOCAL_RANK: 0 - CUDA_VISIBLE_DEVICES: [0]
[I 2023-11-30 02:57:48,634] Trial 61 finished with value: 34.47964096069336 and parameters: {'gradient_clip_val': 0.5184954459609381, 'hidden_size': 49, 'dropout': 0.22010539617883065, 'hidden_continuous_size': 27, 'attention_head_size': 4, 'learning_rate': 0.051981262096207154}. Best is trial 56 with value: 28.857404708862305.
LOCAL_RANK: 0 - CUDA_VISIBLE_DEVICES: [0]
[I 2023-11-30 02:58:02,148] Trial 62 finished with value: 30.226823806762695 and parameters: {'gradient_clip_val': 0.6235856389436306, 'hidden_size': 65, 'dropout': 0.1900577041852192, 'hidden_continuous_size': 28, 'attention_head_size': 4, 'learning_rate': 0.06108538127926181}. Best is trial 56 with value: 28.857404708862305.
LOCAL_RANK: 0 - CUDA_VISIBLE_DEVICES: [0]
[I 2023-11-30 02:58:15,692] Trial 63 finished with value: 31.538192749023438 and parameters: {'gradient_clip_val': 0.6117830999047964, 'hidden_size': 66, 'dropout': 0.17528407654232492, 'hidden_continuous_size': 29, 'attention_head_size': 4, 'learning_rate': 0.0981111780598303}. Best is trial 56 with value: 28.857404708862305.
LOCAL_RANK: 0 - CUDA_VISIBLE_DEVICES: [0]
[I 2023-11-30 02:58:28,934] Trial 64 finished with value: 35.35234069824219 and parameters: {'gradient_clip_val': 0.5568900078871377, 'hidden_size': 64, 'dropout': 0.1945444670974599, 'hidden_continuous_size': 30, 'attention_head_size': 4, 'learning_rate': 0.0987209954198071}. Best is trial 56 with value: 28.857404708862305.
LOCAL_RANK: 0 - CUDA_VISIBLE_DEVICES: [0]
[I 2023-11-30 02:58:42,558] Trial 65 finished with value: 30.33563804626465 and parameters: {'gradient_clip_val': 0.7284964756900995, 'hidden_size': 66, 'dropout': 0.17348975915006867, 'hidden_continuous_size': 34, 'attention_head_size': 4, 'learning_rate': 0.08633119705584309}. Best is trial 56 with value: 28.857404708862305.
LOCAL_RANK: 0 - CUDA_VISIBLE_DEVICES: [0]
[I 2023-11-30 02:58:56,455] Trial 66 finished with value: 41.48195266723633 and parameters: {'gradient_clip_val': 0.7250562264351919, 'hidden_size': 81, 'dropout': 0.17596466127026264, 'hidden_continuous_size': 37, 'attention_head_size': 4, 'learning_rate': 0.07546651025645255}. Best is trial 56 with value: 28.857404708862305.
LOCAL_RANK: 0 - CUDA_VISIBLE_DEVICES: [0]
[I 2023-11-30 02:59:09,964] Trial 67 finished with value: 38.94931411743164 and parameters: {'gradient_clip_val': 0.6042504960379276, 'hidden_size': 66, 'dropout': 0.168855334122517, 'hidden_continuous_size': 33, 'attention_head_size': 4, 'learning_rate': 0.035271286916588394}. Best is trial 56 with value: 28.857404708862305.
LOCAL_RANK: 0 - CUDA_VISIBLE_DEVICES: [0]
[I 2023-11-30 02:59:23,531] Trial 68 finished with value: 37.16703796386719 and parameters: {'gradient_clip_val': 0.6784889494856474, 'hidden_size': 69, 'dropout': 0.20030968946922112, 'hidden_continuous_size': 28, 'attention_head_size': 4, 'learning_rate': 0.08381347245361521}. Best is trial 56 with value: 28.857404708862305.
LOCAL_RANK: 0 - CUDA_VISIBLE_DEVICES: [0]
[I 2023-11-30 02:59:37,100] Trial 69 finished with value: 31.12999725341797 and parameters: {'gradient_clip_val': 0.7447669816915585, 'hidden_size': 58, 'dropout': 0.19010177296419425, 'hidden_continuous_size': 34, 'attention_head_size': 4, 'learning_rate': 0.06214435832395537}. Best is trial 56 with value: 28.857404708862305.
LOCAL_RANK: 0 - CUDA_VISIBLE_DEVICES: [0]
