[I 2023-11-30 04:46:17,759] Trial 86 finished with value: 47.8561897277832 and parameters: {'gradient_clip_val': 0.36799528063393433, 'hidden_size': 112, 'dropout': 0.356107787817288, 'hidden_continuous_size': 53, 'attention_head_size': 4, 'learning_rate': 0.004746069751628513}. Best is trial 78 with value: 41.25663757324219.
LOCAL_RANK: 0 - CUDA_VISIBLE_DEVICES: [0]
[I 2023-11-30 04:46:31,659] Trial 87 finished with value: 57.524051666259766 and parameters: {'gradient_clip_val': 0.3415094667904157, 'hidden_size': 86, 'dropout': 0.326951211728379, 'hidden_continuous_size': 42, 'attention_head_size': 4, 'learning_rate': 0.004046581017727268}. Best is trial 78 with value: 41.25663757324219.
LOCAL_RANK: 0 - CUDA_VISIBLE_DEVICES: [0]
[I 2023-11-30 04:46:45,578] Trial 88 finished with value: 63.57609176635742 and parameters: {'gradient_clip_val': 0.2930004806457333, 'hidden_size': 93, 'dropout': 0.3411451482721607, 'hidden_continuous_size': 37, 'attention_head_size': 4, 'learning_rate': 0.00559797447134615}. Best is trial 78 with value: 41.25663757324219.
LOCAL_RANK: 0 - CUDA_VISIBLE_DEVICES: [0]
[I 2023-11-30 04:46:59,272] Trial 89 finished with value: 47.71316146850586 and parameters: {'gradient_clip_val': 0.387983872939271, 'hidden_size': 81, 'dropout': 0.31470271184441656, 'hidden_continuous_size': 36, 'attention_head_size': 2, 'learning_rate': 0.0030193566358289597}. Best is trial 78 with value: 41.25663757324219.
LOCAL_RANK: 0 - CUDA_VISIBLE_DEVICES: [0]
[I 2023-11-30 04:47:13,005] Trial 90 finished with value: 56.63677978515625 and parameters: {'gradient_clip_val': 0.32260278402844633, 'hidden_size': 75, 'dropout': 0.3470693929831635, 'hidden_continuous_size': 43, 'attention_head_size': 4, 'learning_rate': 0.0026363952351466805}. Best is trial 78 with value: 41.25663757324219.
LOCAL_RANK: 0 - CUDA_VISIBLE_DEVICES: [0]
[I 2023-11-30 04:47:27,148] Trial 91 finished with value: 45.49240493774414 and parameters: {'gradient_clip_val': 0.35924142331821873, 'hidden_size': 117, 'dropout': 0.3378655070683834, 'hidden_continuous_size': 48, 'attention_head_size': 4, 'learning_rate': 0.004413904871616686}. Best is trial 78 with value: 41.25663757324219.
LOCAL_RANK: 0 - CUDA_VISIBLE_DEVICES: [0]
[I 2023-11-30 04:47:41,387] Trial 92 finished with value: 50.68135452270508 and parameters: {'gradient_clip_val': 0.36984133999912044, 'hidden_size': 125, 'dropout': 0.343317528668852, 'hidden_continuous_size': 47, 'attention_head_size': 4, 'learning_rate': 0.005086062391035817}. Best is trial 78 with value: 41.25663757324219.
LOCAL_RANK: 0 - CUDA_VISIBLE_DEVICES: [0]
[I 2023-11-30 04:47:55,469] Trial 93 finished with value: 51.52067947387695 and parameters: {'gradient_clip_val': 0.3463213863698424, 'hidden_size': 107, 'dropout': 0.3571032161392589, 'hidden_continuous_size': 39, 'attention_head_size': 4, 'learning_rate': 0.0044541912830054235}. Best is trial 78 with value: 41.25663757324219.
LOCAL_RANK: 0 - CUDA_VISIBLE_DEVICES: [0]
[I 2023-11-30 04:48:09,582] Trial 94 finished with value: 45.85689163208008 and parameters: {'gradient_clip_val': 0.3031267668894068, 'hidden_size': 100, 'dropout': 0.3336285941040818, 'hidden_continuous_size': 41, 'attention_head_size': 4, 'learning_rate': 0.0038873949508998955}. Best is trial 78 with value: 41.25663757324219.
LOCAL_RANK: 0 - CUDA_VISIBLE_DEVICES: [0]
[I 2023-11-30 04:48:23,834] Trial 95 finished with value: 52.028961181640625 and parameters: {'gradient_clip_val': 0.3339089194623768, 'hidden_size': 129, 'dropout': 0.3796146968475484, 'hidden_continuous_size': 46, 'attention_head_size': 4, 'learning_rate': 0.006173332583954838}. Best is trial 78 with value: 41.25663757324219.
LOCAL_RANK: 0 - CUDA_VISIBLE_DEVICES: [0]
[I 2023-11-30 04:48:37,652] Trial 96 finished with value: 55.13823318481445 and parameters: {'gradient_clip_val': 0.37093535585145454, 'hidden_size': 86, 'dropout': 0.3499219685134707, 'hidden_continuous_size': 43, 'attention_head_size': 4, 'learning_rate': 0.005729616755380537}. Best is trial 78 with value: 41.25663757324219.
LOCAL_RANK: 0 - CUDA_VISIBLE_DEVICES: [0]
[I 2023-11-30 04:48:51,716] Trial 97 finished with value: 45.07315444946289 and parameters: {'gradient_clip_val': 0.42241961103650844, 'hidden_size': 91, 'dropout': 0.36836982952005454, 'hidden_continuous_size': 51, 'attention_head_size': 4, 'learning_rate': 0.004760934422201926}. Best is trial 78 with value: 41.25663757324219.
LOCAL_RANK: 0 - CUDA_VISIBLE_DEVICES: [0]
[I 2023-11-30 04:49:05,803] Trial 98 finished with value: 56.59489822387695 and parameters: {'gradient_clip_val': 0.4266896873380434, 'hidden_size': 94, 'dropout': 0.36769445425944147, 'hidden_continuous_size': 49, 'attention_head_size': 4, 'learning_rate': 0.0035525273079515095}. Best is trial 78 with value: 41.25663757324219.
LOCAL_RANK: 0 - CUDA_VISIBLE_DEVICES: [0]
[I 2023-11-30 04:49:19,899] Trial 99 finished with value: 48.6324348449707 and parameters: {'gradient_clip_val': 0.40053485127694816, 'hidden_size': 81, 'dropout': 0.37611861505678174, 'hidden_continuous_size': 42, 'attention_head_size': 4, 'learning_rate': 0.0050797467307005855}. Best is trial 78 with value: 41.25663757324219.
LOCAL_RANK: 0 - CUDA_VISIBLE_DEVICES: [0]
[I 2023-11-30 04:49:33,824] Trial 100 finished with value: 50.6757926940918 and parameters: {'gradient_clip_val': 0.32443383577813434, 'hidden_size': 77, 'dropout': 0.32474863017767325, 'hidden_continuous_size': 51, 'attention_head_size': 4, 'learning_rate': 0.0061230108391765615}. Best is trial 78 with value: 41.25663757324219.
LOCAL_RANK: 0 - CUDA_VISIBLE_DEVICES: [0]
[I 2023-11-30 04:49:47,998] Trial 101 finished with value: 51.6552619934082 and parameters: {'gradient_clip_val': 0.3567879990931348, 'hidden_size': 98, 'dropout': 0.3640192659454681, 'hidden_continuous_size': 46, 'attention_head_size': 4, 'learning_rate': 0.004610475451991731}. Best is trial 78 with value: 41.25663757324219.
LOCAL_RANK: 0 - CUDA_VISIBLE_DEVICES: [0]
[I 2023-11-30 04:50:02,178] Trial 102 finished with value: 45.71206283569336 and parameters: {'gradient_clip_val': 0.37809755095764674, 'hidden_size': 109, 'dropout': 0.34102462666013894, 'hidden_continuous_size': 58, 'attention_head_size': 4, 'learning_rate': 0.004220497430059568}. Best is trial 78 with value: 41.25663757324219.
LOCAL_RANK: 0 - CUDA_VISIBLE_DEVICES: [0]
[I 2023-11-30 04:50:16,245] Trial 103 finished with value: 48.87385559082031 and parameters: {'gradient_clip_val': 0.3484371978316816, 'hidden_size': 116, 'dropout': 0.35153263182971495, 'hidden_continuous_size': 39, 'attention_head_size': 4, 'learning_rate': 0.004797416636137736}. Best is trial 78 with value: 41.25663757324219.
LOCAL_RANK: 0 - CUDA_VISIBLE_DEVICES: [0]
[I 2023-11-30 04:50:30,509] Trial 104 finished with value: 49.85101318359375 and parameters: {'gradient_clip_val': 0.2969379937990825, 'hidden_size': 105, 'dropout': 0.36222939840912965, 'hidden_continuous_size': 45, 'attention_head_size': 4, 'learning_rate': 0.0037467902784775013}. Best is trial 78 with value: 41.25663757324219.
LOCAL_RANK: 0 - CUDA_VISIBLE_DEVICES: [0]
[I 2023-11-30 04:50:44,529] Trial 105 finished with value: 94.18978881835938 and parameters: {'gradient_clip_val': 0.3844902220340644, 'hidden_size': 87, 'dropout': 0.3370837565363044, 'hidden_continuous_size': 43, 'attention_head_size': 4, 'learning_rate': 0.0032960443759659426}. Best is trial 78 with value: 41.25663757324219.
LOCAL_RANK: 0 - CUDA_VISIBLE_DEVICES: [0]
[I 2023-11-30 04:50:58,353] Trial 106 finished with value: 44.62404251098633 and parameters: {'gradient_clip_val': 0.4477475294448332, 'hidden_size': 91, 'dropout': 0.34572384721200994, 'hidden_continuous_size': 35, 'attention_head_size': 4, 'learning_rate': 0.005180338233239161}. Best is trial 78 with value: 41.25663757324219.
LOCAL_RANK: 0 - CUDA_VISIBLE_DEVICES: [0]
[I 2023-11-30 04:51:12,007] Trial 107 finished with value: 54.83771896362305 and parameters: {'gradient_clip_val': 0.4517753661390773, 'hidden_size': 75, 'dropout': 0.3562993734315429, 'hidden_continuous_size': 35, 'attention_head_size': 4, 'learning_rate': 0.0055373081447768775}. Best is trial 78 with value: 41.25663757324219.
LOCAL_RANK: 0 - CUDA_VISIBLE_DEVICES: [0]
[I 2023-11-30 04:51:25,653] Trial 108 finished with value: 47.83784484863281 and parameters: {'gradient_clip_val': 0.41011351646123545, 'hidden_size': 91, 'dropout': 0.3710618307831099, 'hidden_continuous_size': 38, 'attention_head_size': 3, 'learning_rate': 0.005212452268566629}. Best is trial 78 with value: 41.25663757324219.
LOCAL_RANK: 0 - CUDA_VISIBLE_DEVICES: [0]
[I 2023-11-30 04:51:39,601] Trial 109 finished with value: 54.07859802246094 and parameters: {'gradient_clip_val': 0.4239977966267767, 'hidden_size': 83, 'dropout': 0.388993610426954, 'hidden_continuous_size': 36, 'attention_head_size': 4, 'learning_rate': 0.006492300510333063}. Best is trial 78 with value: 41.25663757324219.
LOCAL_RANK: 0 - CUDA_VISIBLE_DEVICES: [0]
[I 2023-11-30 04:51:53,608] Trial 110 finished with value: 49.0525016784668 and parameters: {'gradient_clip_val': 0.4752260380672719, 'hidden_size': 94, 'dropout': 0.34652514155717046, 'hidden_continuous_size': 33, 'attention_head_size': 4, 'learning_rate': 0.008272981080373028}. Best is trial 78 with value: 41.25663757324219.
LOCAL_RANK: 0 - CUDA_VISIBLE_DEVICES: [0]
[I 2023-11-30 04:52:07,612] Trial 111 finished with value: 48.489532470703125 and parameters: {'gradient_clip_val': 0.33458274809618194, 'hidden_size': 101, 'dropout': 0.3464907000689951, 'hidden_continuous_size': 41, 'attention_head_size': 4, 'learning_rate': 0.004766508211533114}. Best is trial 78 with value: 41.25663757324219.
LOCAL_RANK: 0 - CUDA_VISIBLE_DEVICES: [0]
[I 2023-11-30 04:52:21,218] Trial 112 finished with value: 53.14968490600586 and parameters: {'gradient_clip_val': 0.31572713586381146, 'hidden_size': 72, 'dropout': 0.3314581140074744, 'hidden_continuous_size': 44, 'attention_head_size': 4, 'learning_rate': 0.00404561503840582}. Best is trial 78 with value: 41.25663757324219.
LOCAL_RANK: 0 - CUDA_VISIBLE_DEVICES: [0]
[I 2023-11-30 04:52:35,293] Trial 113 finished with value: 54.89528274536133 and parameters: {'gradient_clip_val': 0.3609229798247151, 'hidden_size': 90, 'dropout': 0.31823071742008496, 'hidden_continuous_size': 47, 'attention_head_size': 4, 'learning_rate': 0.0043063911096195735}. Best is trial 78 with value: 41.25663757324219.
LOCAL_RANK: 0 - CUDA_VISIBLE_DEVICES: [0]
[I 2023-11-30 04:52:49,970] Trial 114 finished with value: 59.94546890258789 and parameters: {'gradient_clip_val': 0.39272736188381896, 'hidden_size': 150, 'dropout': 0.3592160265559441, 'hidden_continuous_size': 56, 'attention_head_size': 4, 'learning_rate': 0.005799407843133159}. Best is trial 78 with value: 41.25663757324219.
LOCAL_RANK: 0 - CUDA_VISIBLE_DEVICES: [0]
[I 2023-11-30 04:53:03,891] Trial 115 finished with value: 54.896728515625 and parameters: {'gradient_clip_val': 0.43816310851416995, 'hidden_size': 78, 'dropout': 0.3266738107467087, 'hidden_continuous_size': 52, 'attention_head_size': 4, 'learning_rate': 0.007111281349651338}. Best is trial 78 with value: 41.25663757324219.
LOCAL_RANK: 0 - CUDA_VISIBLE_DEVICES: [0]
[I 2023-11-30 04:53:17,560] Trial 116 finished with value: 53.11235427856445 and parameters: {'gradient_clip_val': 0.2691119244323052, 'hidden_size': 70, 'dropout': 0.36556732155982835, 'hidden_continuous_size': 40, 'attention_head_size': 4, 'learning_rate': 0.006298879026568216}. Best is trial 78 with value: 41.25663757324219.
LOCAL_RANK: 0 - CUDA_VISIBLE_DEVICES: [0]
[I 2023-11-30 04:53:31,688] Trial 117 finished with value: 49.25358581542969 and parameters: {'gradient_clip_val': 0.2840446588303767, 'hidden_size': 114, 'dropout': 0.3391862566480295, 'hidden_continuous_size': 50, 'attention_head_size': 4, 'learning_rate': 0.003681295156998602}. Best is trial 78 with value: 41.25663757324219.
LOCAL_RANK: 0 - CUDA_VISIBLE_DEVICES: [0]
[I 2023-11-30 04:53:45,821] Trial 118 finished with value: 71.74026489257812 and parameters: {'gradient_clip_val': 0.4805811797324592, 'hidden_size': 124, 'dropout': 0.3517421308376608, 'hidden_continuous_size': 53, 'attention_head_size': 4, 'learning_rate': 0.005417292194811719}. Best is trial 78 with value: 41.25663757324219.
LOCAL_RANK: 0 - CUDA_VISIBLE_DEVICES: [0]
[I 2023-11-30 04:54:00,081] Trial 119 finished with value: 43.1389045715332 and parameters: {'gradient_clip_val': 0.32692381293575185, 'hidden_size': 107, 'dropout': 0.3734138120761427, 'hidden_continuous_size': 38, 'attention_head_size': 4, 'learning_rate': 0.0046865833116760775}. Best is trial 78 with value: 41.25663757324219.
LOCAL_RANK: 0 - CUDA_VISIBLE_DEVICES: [0]
[I 2023-11-30 04:54:14,101] Trial 120 finished with value: 44.650482177734375 and parameters: {'gradient_clip_val': 0.3074439608018026, 'hidden_size': 106, 'dropout': 0.37372514961191905, 'hidden_continuous_size': 38, 'attention_head_size': 4, 'learning_rate': 0.00491966063727256}. Best is trial 78 with value: 41.25663757324219.
LOCAL_RANK: 0 - CUDA_VISIBLE_DEVICES: [0]
[I 2023-11-30 04:54:28,109] Trial 121 finished with value: 58.76311111450195 and parameters: {'gradient_clip_val': 0.3003890774740488, 'hidden_size': 108, 'dropout': 0.37658853995115704, 'hidden_continuous_size': 38, 'attention_head_size': 4, 'learning_rate': 0.004944851802612118}. Best is trial 78 with value: 41.25663757324219.
LOCAL_RANK: 0 - CUDA_VISIBLE_DEVICES: [0]
[I 2023-11-30 04:54:42,088] Trial 122 finished with value: 43.97641372680664 and parameters: {'gradient_clip_val': 0.328469892092783, 'hidden_size': 102, 'dropout': 0.3823371094564119, 'hidden_continuous_size': 34, 'attention_head_size': 4, 'learning_rate': 0.0053890317629762905}. Best is trial 78 with value: 41.25663757324219.
LOCAL_RANK: 0 - CUDA_VISIBLE_DEVICES: [0]
[I 2023-11-30 04:54:56,135] Trial 123 finished with value: 46.61775207519531 and parameters: {'gradient_clip_val': 0.32099556077178965, 'hidden_size': 98, 'dropout': 0.38056817880807015, 'hidden_continuous_size': 35, 'attention_head_size': 4, 'learning_rate': 0.005391286619161928}. Best is trial 78 with value: 41.25663757324219.
LOCAL_RANK: 0 - CUDA_VISIBLE_DEVICES: [0]
[I 2023-11-30 04:55:10,272] Trial 124 finished with value: 56.58500289916992 and parameters: {'gradient_clip_val': 0.34682533771887125, 'hidden_size': 102, 'dropout': 0.39058949338413, 'hidden_continuous_size': 34, 'attention_head_size': 4, 'learning_rate': 0.0066298322878613905}. Best is trial 78 with value: 41.25663757324219.
LOCAL_RANK: 0 - CUDA_VISIBLE_DEVICES: [0]
[I 2023-11-30 04:55:24,418] Trial 125 finished with value: 46.902042388916016 and parameters: {'gradient_clip_val': 0.3078705324844418, 'hidden_size': 132, 'dropout': 0.38392111090630615, 'hidden_continuous_size': 37, 'attention_head_size': 4, 'learning_rate': 0.0042545477619918915}. Best is trial 78 with value: 41.25663757324219.
LOCAL_RANK: 0 - CUDA_VISIBLE_DEVICES: [0]
[I 2023-11-30 04:55:38,183] Trial 126 finished with value: 64.49371337890625 and parameters: {'gradient_clip_val': 0.2807831923845806, 'hidden_size': 109, 'dropout': 0.37293795959543663, 'hidden_continuous_size': 33, 'attention_head_size': 1, 'learning_rate': 0.00800385704853732}. Best is trial 78 with value: 41.25663757324219.
LOCAL_RANK: 0 - CUDA_VISIBLE_DEVICES: [0]
[I 2023-11-30 04:55:52,037] Trial 127 finished with value: 49.1506462097168 and parameters: {'gradient_clip_val': 0.2581635806427081, 'hidden_size': 83, 'dropout': 0.39911887419060804, 'hidden_continuous_size': 39, 'attention_head_size': 4, 'learning_rate': 0.00603163280684843}. Best is trial 78 with value: 41.25663757324219.
LOCAL_RANK: 0 - CUDA_VISIBLE_DEVICES: [0]
[I 2023-11-30 04:56:06,169] Trial 128 finished with value: 57.1802864074707 and parameters: {'gradient_clip_val': 0.334152599426601, 'hidden_size': 113, 'dropout': 0.352921854520028, 'hidden_continuous_size': 35, 'attention_head_size': 4, 'learning_rate': 0.007218692313416625}. Best is trial 78 with value: 41.25663757324219.
LOCAL_RANK: 0 - CUDA_VISIBLE_DEVICES: [0]
[I 2023-11-30 04:56:20,516] Trial 129 finished with value: 40.863319396972656 and parameters: {'gradient_clip_val': 0.3234241611271193, 'hidden_size': 121, 'dropout': 0.3618533586350825, 'hidden_continuous_size': 37, 'attention_head_size': 4, 'learning_rate': 0.0032235362103567437}. Best is trial 129 with value: 40.863319396972656.
LOCAL_RANK: 0 - CUDA_VISIBLE_DEVICES: [0]
[I 2023-11-30 04:56:34,489] Trial 130 finished with value: 51.32783889770508 and parameters: {'gradient_clip_val': 0.27146435724742995, 'hidden_size': 124, 'dropout': 0.3596506406214282, 'hidden_continuous_size': 30, 'attention_head_size': 4, 'learning_rate': 0.003793252636665267}. Best is trial 129 with value: 40.863319396972656.
LOCAL_RANK: 0 - CUDA_VISIBLE_DEVICES: [0]
[I 2023-11-30 04:56:48,640] Trial 131 finished with value: 43.48745346069336 and parameters: {'gradient_clip_val': 0.32346877182404477, 'hidden_size': 103, 'dropout': 0.36481904745510985, 'hidden_continuous_size': 41, 'attention_head_size': 4, 'learning_rate': 0.004303626564348152}. Best is trial 129 with value: 40.863319396972656.
LOCAL_RANK: 0 - CUDA_VISIBLE_DEVICES: [0]
[I 2023-11-30 04:57:02,707] Trial 132 finished with value: 53.89939498901367 and parameters: {'gradient_clip_val': 0.29658785739045246, 'hidden_size': 119, 'dropout': 0.37186488174939875, 'hidden_continuous_size': 37, 'attention_head_size': 4, 'learning_rate': 0.0033493474095311945}. Best is trial 129 with value: 40.863319396972656.
LOCAL_RANK: 0 - CUDA_VISIBLE_DEVICES: [0]
[I 2023-11-30 04:57:16,816] Trial 133 finished with value: 51.91957092285156 and parameters: {'gradient_clip_val': 0.3215490534310114, 'hidden_size': 136, 'dropout': 0.3826787767877114, 'hidden_continuous_size': 33, 'attention_head_size': 4, 'learning_rate': 0.005230195056763169}. Best is trial 129 with value: 40.863319396972656.
LOCAL_RANK: 0 - CUDA_VISIBLE_DEVICES: [0]
[I 2023-11-30 04:57:30,939] Trial 134 finished with value: 64.25662231445312 and parameters: {'gradient_clip_val': 0.34561845550876735, 'hidden_size': 104, 'dropout': 0.3928903226158413, 'hidden_continuous_size': 41, 'attention_head_size': 4, 'learning_rate': 0.004553626389358993}. Best is trial 129 with value: 40.863319396972656.
LOCAL_RANK: 0 - CUDA_VISIBLE_DEVICES: [0]
[I 2023-11-30 04:57:44,882] Trial 135 finished with value: 75.36609649658203 and parameters: {'gradient_clip_val': 0.37798017182630594, 'hidden_size': 97, 'dropout': 0.36238435220755205, 'hidden_continuous_size': 36, 'attention_head_size': 4, 'learning_rate': 0.003101232977299589}. Best is trial 129 with value: 40.863319396972656.
LOCAL_RANK: 0 - CUDA_VISIBLE_DEVICES: [0]
[I 2023-11-30 04:57:58,945] Trial 136 finished with value: 51.001895904541016 and parameters: {'gradient_clip_val': 0.30655444943690474, 'hidden_size': 105, 'dropout': 0.3465246347706036, 'hidden_continuous_size': 38, 'attention_head_size': 4, 'learning_rate': 0.0027501579351269603}. Best is trial 129 with value: 40.863319396972656.
LOCAL_RANK: 0 - CUDA_VISIBLE_DEVICES: [0]
[I 2023-11-30 04:58:13,010] Trial 137 finished with value: 46.78912353515625 and parameters: {'gradient_clip_val': 0.3612594440737927, 'hidden_size': 114, 'dropout': 0.3672301888802767, 'hidden_continuous_size': 34, 'attention_head_size': 4, 'learning_rate': 0.00389616635007696}. Best is trial 129 with value: 40.863319396972656.
LOCAL_RANK: 0 - CUDA_VISIBLE_DEVICES: [0]
[I 2023-11-30 04:58:27,081] Trial 138 finished with value: 46.05339431762695 and parameters: {'gradient_clip_val': 0.2898069688301483, 'hidden_size': 121, 'dropout': 0.3784535053551829, 'hidden_continuous_size': 40, 'attention_head_size': 4, 'learning_rate': 0.0026330464181545123}. Best is trial 129 with value: 40.863319396972656.
LOCAL_RANK: 0 - CUDA_VISIBLE_DEVICES: [0]
[I 2023-11-30 04:58:41,064] Trial 139 finished with value: 53.44561767578125 and parameters: {'gradient_clip_val': 0.2345542323931146, 'hidden_size': 96, 'dropout': 0.33417684412906223, 'hidden_continuous_size': 32, 'attention_head_size': 4, 'learning_rate': 0.004999786929794845}. Best is trial 129 with value: 40.863319396972656.
LOCAL_RANK: 0 - CUDA_VISIBLE_DEVICES: [0]
[I 2023-11-30 04:58:55,246] Trial 140 finished with value: 47.76432418823242 and parameters: {'gradient_clip_val': 0.33337794451720326, 'hidden_size': 131, 'dropout': 0.3573758586592152, 'hidden_continuous_size': 28, 'attention_head_size': 4, 'learning_rate': 0.0058806170429954235}. Best is trial 129 with value: 40.863319396972656.
LOCAL_RANK: 0 - CUDA_VISIBLE_DEVICES: [0]
[I 2023-11-30 04:59:09,046] Trial 141 finished with value: 43.398406982421875 and parameters: {'gradient_clip_val': 0.3249063550745463, 'hidden_size': 88, 'dropout': 0.35178091875601203, 'hidden_continuous_size': 43, 'attention_head_size': 4, 'learning_rate': 0.004284137097107653}. Best is trial 129 with value: 40.863319396972656.
LOCAL_RANK: 0 - CUDA_VISIBLE_DEVICES: [0]
[I 2023-11-30 04:59:22,761] Trial 142 finished with value: 52.04744338989258 and parameters: {'gradient_clip_val': 0.3155586919853439, 'hidden_size': 88, 'dropout': 0.3447429258086217, 'hidden_continuous_size': 42, 'attention_head_size': 4, 'learning_rate': 0.0036165646528177847}. Best is trial 129 with value: 40.863319396972656.
LOCAL_RANK: 0 - CUDA_VISIBLE_DEVICES: [0]
[I 2023-11-30 04:59:36,805] Trial 143 finished with value: 47.64741516113281 and parameters: {'gradient_clip_val': 0.3498771745214476, 'hidden_size': 111, 'dropout': 0.35174421666824013, 'hidden_continuous_size': 39, 'attention_head_size': 4, 'learning_rate': 0.004491600449057951}. Best is trial 129 with value: 40.863319396972656.
LOCAL_RANK: 0 - CUDA_VISIBLE_DEVICES: [0]
[I 2023-11-30 04:59:51,066] Trial 144 finished with value: 48.50968933105469 and parameters: {'gradient_clip_val': 0.3844916049455362, 'hidden_size': 103, 'dropout': 0.3637497966375688, 'hidden_continuous_size': 46, 'attention_head_size': 4, 'learning_rate': 0.004010883401830871}. Best is trial 129 with value: 40.863319396972656.
LOCAL_RANK: 0 - CUDA_VISIBLE_DEVICES: [0]
