[I 2023-11-30 12:38:09,627] Trial 143 finished with value: 168.2589874267578 and parameters: {'gradient_clip_val': 0.8852264778907097, 'hidden_size': 11, 'dropout': 0.28761801911753293, 'hidden_continuous_size': 10, 'attention_head_size': 3, 'learning_rate': 0.07614195271412945}. Best is trial 89 with value: 126.5195083618164.
LOCAL_RANK: 0 - CUDA_VISIBLE_DEVICES: [0]
[I 2023-11-30 12:38:21,667] Trial 144 finished with value: 167.02732849121094 and parameters: {'gradient_clip_val': 0.809667444888418, 'hidden_size': 12, 'dropout': 0.30877762509158324, 'hidden_continuous_size': 10, 'attention_head_size': 3, 'learning_rate': 0.084034633412967}. Best is trial 89 with value: 126.5195083618164.
LOCAL_RANK: 0 - CUDA_VISIBLE_DEVICES: [0]
[I 2023-11-30 12:38:33,812] Trial 145 finished with value: 200.25732421875 and parameters: {'gradient_clip_val': 0.9562903960175324, 'hidden_size': 13, 'dropout': 0.2830434449043943, 'hidden_continuous_size': 11, 'attention_head_size': 3, 'learning_rate': 0.06777455456135865}. Best is trial 89 with value: 126.5195083618164.
LOCAL_RANK: 0 - CUDA_VISIBLE_DEVICES: [0]
[I 2023-11-30 12:38:43,974] Trial 146 finished with value: 179.96746826171875 and parameters: {'gradient_clip_val': 0.7586848749760481, 'hidden_size': 10, 'dropout': 0.31610997790783385, 'hidden_continuous_size': 10, 'attention_head_size': 3, 'learning_rate': 0.049064367877519714}. Best is trial 89 with value: 126.5195083618164.
LOCAL_RANK: 0 - CUDA_VISIBLE_DEVICES: [0]
[I 2023-11-30 12:38:56,311] Trial 147 finished with value: 156.931396484375 and parameters: {'gradient_clip_val': 0.8521996990749137, 'hidden_size': 19, 'dropout': 0.2971597976717526, 'hidden_continuous_size': 15, 'attention_head_size': 4, 'learning_rate': 0.055391465253602806}. Best is trial 89 with value: 126.5195083618164.
LOCAL_RANK: 0 - CUDA_VISIBLE_DEVICES: [0]
[I 2023-11-30 12:39:08,490] Trial 148 finished with value: 173.2015380859375 and parameters: {'gradient_clip_val': 0.8929576796817438, 'hidden_size': 13, 'dropout': 0.2658804727711469, 'hidden_continuous_size': 11, 'attention_head_size': 3, 'learning_rate': 0.09187416220352948}. Best is trial 89 with value: 126.5195083618164.
LOCAL_RANK: 0 - CUDA_VISIBLE_DEVICES: [0]
[I 2023-11-30 12:39:20,295] Trial 149 finished with value: 155.9139862060547 and parameters: {'gradient_clip_val': 0.617338081620304, 'hidden_size': 12, 'dropout': 0.3079988231097075, 'hidden_continuous_size': 11, 'attention_head_size': 3, 'learning_rate': 0.07764050808591202}. Best is trial 89 with value: 126.5195083618164.
[I 2023-11-30 12:39:20,409] A new study created in memory with name: no-name-f72537c2-2d87-40f5-b375-2aec8412846b
/home/le004/conda/anaconda3/envs/tsff_env/lib/python3.9/site-packages/lightning/fabric/plugins/environments/slurm.py:191: The `srun` command is available on your system but is not used. HINT: If your intention is to run Lightning on SLURM, prepend your python command with `srun` like so: srun python /home/le004/master_thesis/git/TSFusionForecast/code/ ...
LOCAL_RANK: 0 - CUDA_VISIBLE_DEVICES: [0]
[I 2023-11-30 12:39:34,462] Trial 0 finished with value: 625.8967895507812 and parameters: {'gradient_clip_val': 0.33346176255466237, 'hidden_size': 84, 'dropout': 0.38180478747048596, 'hidden_continuous_size': 66, 'attention_head_size': 4, 'learning_rate': 0.008403260730898207}. Best is trial 0 with value: 625.8967895507812.
LOCAL_RANK: 0 - CUDA_VISIBLE_DEVICES: [0]
[I 2023-11-30 12:39:47,750] Trial 1 finished with value: 512.685546875 and parameters: {'gradient_clip_val': 0.22833592192072674, 'hidden_size': 75, 'dropout': 0.17674464504920112, 'hidden_continuous_size': 22, 'attention_head_size': 1, 'learning_rate': 0.012349620430184453}. Best is trial 1 with value: 512.685546875.
LOCAL_RANK: 0 - CUDA_VISIBLE_DEVICES: [0]
[I 2023-11-30 12:39:59,900] Trial 2 finished with value: 2213.611328125 and parameters: {'gradient_clip_val': 0.5775558911617108, 'hidden_size': 19, 'dropout': 0.3091400524240565, 'hidden_continuous_size': 10, 'attention_head_size': 4, 'learning_rate': 0.0010486278314255548}. Best is trial 1 with value: 512.685546875.
LOCAL_RANK: 0 - CUDA_VISIBLE_DEVICES: [0]
[I 2023-11-30 12:40:13,616] Trial 3 finished with value: 561.4890747070312 and parameters: {'gradient_clip_val': 0.3759198331684126, 'hidden_size': 114, 'dropout': 0.1432086114481929, 'hidden_continuous_size': 20, 'attention_head_size': 3, 'learning_rate': 0.026355731862084772}. Best is trial 1 with value: 512.685546875.
LOCAL_RANK: 0 - CUDA_VISIBLE_DEVICES: [0]
[I 2023-11-30 12:40:26,171] Trial 4 finished with value: 580.6813354492188 and parameters: {'gradient_clip_val': 0.12521388818834145, 'hidden_size': 23, 'dropout': 0.19132188288254542, 'hidden_continuous_size': 20, 'attention_head_size': 4, 'learning_rate': 0.017412827756655515}. Best is trial 1 with value: 512.685546875.
LOCAL_RANK: 0 - CUDA_VISIBLE_DEVICES: [0]
[I 2023-11-30 12:40:40,773] Trial 5 finished with value: 452.5830383300781 and parameters: {'gradient_clip_val': 0.4605546916358884, 'hidden_size': 110, 'dropout': 0.17966617282970565, 'hidden_continuous_size': 100, 'attention_head_size': 4, 'learning_rate': 0.09843282662892895}. Best is trial 5 with value: 452.5830383300781.
LOCAL_RANK: 0 - CUDA_VISIBLE_DEVICES: [0]
[I 2023-11-30 12:40:53,867] Trial 6 finished with value: 854.0302734375 and parameters: {'gradient_clip_val': 0.1983587115511274, 'hidden_size': 61, 'dropout': 0.20048779130180022, 'hidden_continuous_size': 11, 'attention_head_size': 4, 'learning_rate': 0.0029647255434374}. Best is trial 5 with value: 452.5830383300781.
LOCAL_RANK: 0 - CUDA_VISIBLE_DEVICES: [0]
[I 2023-11-30 12:41:06,732] Trial 7 finished with value: 575.2844848632812 and parameters: {'gradient_clip_val': 0.6836952277669516, 'hidden_size': 45, 'dropout': 0.16188203171336008, 'hidden_continuous_size': 29, 'attention_head_size': 3, 'learning_rate': 0.02158252632832918}. Best is trial 5 with value: 452.5830383300781.
LOCAL_RANK: 0 - CUDA_VISIBLE_DEVICES: [0]
[I 2023-11-30 12:41:20,517] Trial 8 finished with value: 594.993408203125 and parameters: {'gradient_clip_val': 0.18279212191231842, 'hidden_size': 112, 'dropout': 0.13536186611679285, 'hidden_continuous_size': 33, 'attention_head_size': 1, 'learning_rate': 0.017131527575445622}. Best is trial 5 with value: 452.5830383300781.
LOCAL_RANK: 0 - CUDA_VISIBLE_DEVICES: [0]
[I 2023-11-30 12:41:32,663] Trial 9 finished with value: 536.9595947265625 and parameters: {'gradient_clip_val': 0.660528082008592, 'hidden_size': 22, 'dropout': 0.25560490596081653, 'hidden_continuous_size': 20, 'attention_head_size': 2, 'learning_rate': 0.07041526524167334}. Best is trial 5 with value: 452.5830383300781.
LOCAL_RANK: 0 - CUDA_VISIBLE_DEVICES: [0]
[I 2023-11-30 12:41:47,306] Trial 10 finished with value: 676.8497924804688 and parameters: {'gradient_clip_val': 0.9027043294029888, 'hidden_size': 145, 'dropout': 0.10804500104219858, 'hidden_continuous_size': 116, 'attention_head_size': 2, 'learning_rate': 0.08392731455354668}. Best is trial 5 with value: 452.5830383300781.
LOCAL_RANK: 0 - CUDA_VISIBLE_DEVICES: [0]
[I 2023-11-30 12:42:00,453] Trial 11 finished with value: 577.9252319335938 and parameters: {'gradient_clip_val': 0.4066990265709356, 'hidden_size': 64, 'dropout': 0.22043159062035877, 'hidden_continuous_size': 38, 'attention_head_size': 1, 'learning_rate': 0.06149934235913843}. Best is trial 5 with value: 452.5830383300781.
LOCAL_RANK: 0 - CUDA_VISIBLE_DEVICES: [0]
[I 2023-11-30 12:42:10,717] Trial 12 finished with value: 1328.3209228515625 and parameters: {'gradient_clip_val': 0.25318331723572446, 'hidden_size': 10, 'dropout': 0.1075468515776587, 'hidden_continuous_size': 10, 'attention_head_size': 2, 'learning_rate': 0.006781423762000928}. Best is trial 5 with value: 452.5830383300781.
LOCAL_RANK: 0 - CUDA_VISIBLE_DEVICES: [0]
[I 2023-11-30 12:42:24,547] Trial 13 finished with value: 572.821533203125 and parameters: {'gradient_clip_val': 0.27213081927934674, 'hidden_size': 75, 'dropout': 0.1777349894682282, 'hidden_continuous_size': 44, 'attention_head_size': 3, 'learning_rate': 0.04208656042731199}. Best is trial 5 with value: 452.5830383300781.
LOCAL_RANK: 0 - CUDA_VISIBLE_DEVICES: [0]
[I 2023-11-30 12:42:38,411] Trial 14 finished with value: 685.77099609375 and parameters: {'gradient_clip_val': 0.4735510248786141, 'hidden_size': 94, 'dropout': 0.2200331778401575, 'hidden_continuous_size': 59, 'attention_head_size': 1, 'learning_rate': 0.09903115449320056}. Best is trial 5 with value: 452.5830383300781.
LOCAL_RANK: 0 - CUDA_VISIBLE_DEVICES: [0]
[I 2023-11-30 12:42:53,225] Trial 15 finished with value: 631.3834838867188 and parameters: {'gradient_clip_val': 0.4879676491439463, 'hidden_size': 143, 'dropout': 0.24939128157004645, 'hidden_continuous_size': 138, 'attention_head_size': 2, 'learning_rate': 0.032675588320315065}. Best is trial 5 with value: 452.5830383300781.
LOCAL_RANK: 0 - CUDA_VISIBLE_DEVICES: [0]
[I 2023-11-30 12:43:06,195] Trial 16 finished with value: 594.9567260742188 and parameters: {'gradient_clip_val': 0.298144156107048, 'hidden_size': 50, 'dropout': 0.15791959426472804, 'hidden_continuous_size': 15, 'attention_head_size': 3, 'learning_rate': 0.03780427207211447}. Best is trial 5 with value: 452.5830383300781.
LOCAL_RANK: 0 - CUDA_VISIBLE_DEVICES: [0]
[I 2023-11-30 12:43:19,556] Trial 17 finished with value: 523.428466796875 and parameters: {'gradient_clip_val': 0.10334858391395466, 'hidden_size': 85, 'dropout': 0.13433694552280037, 'hidden_continuous_size': 23, 'attention_head_size': 1, 'learning_rate': 0.013415886298272204}. Best is trial 5 with value: 452.5830383300781.
LOCAL_RANK: 0 - CUDA_VISIBLE_DEVICES: [0]
[I 2023-11-30 12:43:32,207] Trial 18 finished with value: 899.0772094726562 and parameters: {'gradient_clip_val': 0.22519026760075056, 'hidden_size': 36, 'dropout': 0.17081622147792602, 'hidden_continuous_size': 15, 'attention_head_size': 2, 'learning_rate': 0.005451305723961197}. Best is trial 5 with value: 452.5830383300781.
LOCAL_RANK: 0 - CUDA_VISIBLE_DEVICES: [0]
[I 2023-11-30 12:43:46,531] Trial 19 finished with value: 622.4744873046875 and parameters: {'gradient_clip_val': 0.33432335944373076, 'hidden_size': 107, 'dropout': 0.2004381962841441, 'hidden_continuous_size': 78, 'attention_head_size': 3, 'learning_rate': 0.054902335551639786}. Best is trial 5 with value: 452.5830383300781.
LOCAL_RANK: 0 - CUDA_VISIBLE_DEVICES: [0]
[I 2023-11-30 12:44:00,029] Trial 20 finished with value: 586.2169799804688 and parameters: {'gradient_clip_val': 0.16047509552609293, 'hidden_size': 66, 'dropout': 0.25506891650300034, 'hidden_continuous_size': 26, 'attention_head_size': 4, 'learning_rate': 0.027788218103587992}. Best is trial 5 with value: 452.5830383300781.
LOCAL_RANK: 0 - CUDA_VISIBLE_DEVICES: [0]
[I 2023-11-30 12:44:13,775] Trial 21 finished with value: 508.4268493652344 and parameters: {'gradient_clip_val': 0.1081240593652929, 'hidden_size': 90, 'dropout': 0.12824177564593364, 'hidden_continuous_size': 46, 'attention_head_size': 1, 'learning_rate': 0.012756990921728061}. Best is trial 5 with value: 452.5830383300781.
LOCAL_RANK: 0 - CUDA_VISIBLE_DEVICES: [0]
[I 2023-11-30 12:44:27,584] Trial 22 finished with value: 602.7201538085938 and parameters: {'gradient_clip_val': 0.13867873305574713, 'hidden_size': 95, 'dropout': 0.11347690566115722, 'hidden_continuous_size': 44, 'attention_head_size': 1, 'learning_rate': 0.011420197572014741}. Best is trial 5 with value: 452.5830383300781.
LOCAL_RANK: 0 - CUDA_VISIBLE_DEVICES: [0]
[I 2023-11-30 12:44:41,636] Trial 23 finished with value: 485.3042907714844 and parameters: {'gradient_clip_val': 0.10650890580963314, 'hidden_size': 124, 'dropout': 0.1432252878847331, 'hidden_continuous_size': 53, 'attention_head_size': 1, 'learning_rate': 0.04994556422050442}. Best is trial 5 with value: 452.5830383300781.
LOCAL_RANK: 0 - CUDA_VISIBLE_DEVICES: [0]
[I 2023-11-30 12:44:55,977] Trial 24 finished with value: 526.5114135742188 and parameters: {'gradient_clip_val': 0.10127177748087754, 'hidden_size': 148, 'dropout': 0.12950311483378185, 'hidden_continuous_size': 91, 'attention_head_size': 1, 'learning_rate': 0.048327766538428366}. Best is trial 5 with value: 452.5830383300781.
LOCAL_RANK: 0 - CUDA_VISIBLE_DEVICES: [0]
[I 2023-11-30 12:45:10,052] Trial 25 finished with value: 790.8562622070312 and parameters: {'gradient_clip_val': 0.12830020581868026, 'hidden_size': 121, 'dropout': 0.10448399619891695, 'hidden_continuous_size': 56, 'attention_head_size': 2, 'learning_rate': 0.09342019889540716}. Best is trial 5 with value: 452.5830383300781.
LOCAL_RANK: 0 - CUDA_VISIBLE_DEVICES: [0]
[I 2023-11-30 12:45:23,905] Trial 26 finished with value: 581.0093383789062 and parameters: {'gradient_clip_val': 0.15570468050984582, 'hidden_size': 119, 'dropout': 0.14929831109936753, 'hidden_continuous_size': 50, 'attention_head_size': 1, 'learning_rate': 0.06160843191577472}. Best is trial 5 with value: 452.5830383300781.
LOCAL_RANK: 0 - CUDA_VISIBLE_DEVICES: [0]
[I 2023-11-30 12:45:37,861] Trial 27 finished with value: 554.7901611328125 and parameters: {'gradient_clip_val': 0.11803701173160543, 'hidden_size': 108, 'dropout': 0.1299986060662117, 'hidden_continuous_size': 70, 'attention_head_size': 2, 'learning_rate': 0.041652108144050466}. Best is trial 5 with value: 452.5830383300781.
LOCAL_RANK: 0 - CUDA_VISIBLE_DEVICES: [0]
[I 2023-11-30 12:45:51,721] Trial 28 finished with value: 544.697509765625 and parameters: {'gradient_clip_val': 0.16103188525944065, 'hidden_size': 89, 'dropout': 0.16352434865974363, 'hidden_continuous_size': 47, 'attention_head_size': 1, 'learning_rate': 0.07435803864113229}. Best is trial 5 with value: 452.5830383300781.
LOCAL_RANK: 0 - CUDA_VISIBLE_DEVICES: [0]
[I 2023-11-30 12:46:05,772] Trial 29 finished with value: 563.0867309570312 and parameters: {'gradient_clip_val': 0.1139875831226602, 'hidden_size': 87, 'dropout': 0.15362032305332654, 'hidden_continuous_size': 59, 'attention_head_size': 4, 'learning_rate': 0.033406097328448174}. Best is trial 5 with value: 452.5830383300781.
LOCAL_RANK: 0 - CUDA_VISIBLE_DEVICES: [0]
[I 2023-11-30 12:46:20,274] Trial 30 finished with value: 439.8798828125 and parameters: {'gradient_clip_val': 0.14952943004484226, 'hidden_size': 134, 'dropout': 0.12120296432134899, 'hidden_continuous_size': 85, 'attention_head_size': 3, 'learning_rate': 0.05194050343056995}. Best is trial 30 with value: 439.8798828125.
LOCAL_RANK: 0 - CUDA_VISIBLE_DEVICES: [0]
[I 2023-11-30 12:46:34,691] Trial 31 finished with value: 679.4097290039062 and parameters: {'gradient_clip_val': 0.13762497245653801, 'hidden_size': 129, 'dropout': 0.1242261705124266, 'hidden_continuous_size': 85, 'attention_head_size': 3, 'learning_rate': 0.04865368567252696}. Best is trial 30 with value: 439.8798828125.
LOCAL_RANK: 0 - CUDA_VISIBLE_DEVICES: [0]
[I 2023-11-30 12:46:49,386] Trial 32 finished with value: 535.7706298828125 and parameters: {'gradient_clip_val': 0.10059946891851734, 'hidden_size': 150, 'dropout': 0.10085841221011044, 'hidden_continuous_size': 72, 'attention_head_size': 4, 'learning_rate': 0.09812260124481598}. Best is trial 30 with value: 439.8798828125.
LOCAL_RANK: 0 - CUDA_VISIBLE_DEVICES: [0]
[I 2023-11-30 12:47:03,698] Trial 33 finished with value: 648.0891723632812 and parameters: {'gradient_clip_val': 0.1210885077103312, 'hidden_size': 104, 'dropout': 0.14518778038426078, 'hidden_continuous_size': 65, 'attention_head_size': 3, 'learning_rate': 0.06718229249079144}. Best is trial 30 with value: 439.8798828125.
LOCAL_RANK: 0 - CUDA_VISIBLE_DEVICES: [0]
[I 2023-11-30 12:47:17,584] Trial 34 finished with value: 545.341796875 and parameters: {'gradient_clip_val': 0.1430189497736885, 'hidden_size': 75, 'dropout': 0.1201944506999266, 'hidden_continuous_size': 54, 'attention_head_size': 4, 'learning_rate': 0.025447523420448624}. Best is trial 30 with value: 439.8798828125.
LOCAL_RANK: 0 - CUDA_VISIBLE_DEVICES: [0]
[I 2023-11-30 12:47:32,136] Trial 35 finished with value: 566.1913452148438 and parameters: {'gradient_clip_val': 0.11716388249526434, 'hidden_size': 130, 'dropout': 0.14186667243539935, 'hidden_continuous_size': 95, 'attention_head_size': 4, 'learning_rate': 0.052148325788381064}. Best is trial 30 with value: 439.8798828125.
LOCAL_RANK: 0 - CUDA_VISIBLE_DEVICES: [0]
[I 2023-11-30 12:47:46,230] Trial 36 finished with value: 599.40087890625 and parameters: {'gradient_clip_val': 0.18946072423973356, 'hidden_size': 100, 'dropout': 0.18135322053422814, 'hidden_continuous_size': 66, 'attention_head_size': 3, 'learning_rate': 0.07478270841058254}. Best is trial 30 with value: 439.8798828125.
LOCAL_RANK: 0 - CUDA_VISIBLE_DEVICES: [0]
[I 2023-11-30 12:48:00,492] Trial 37 finished with value: 583.1863403320312 and parameters: {'gradient_clip_val': 0.10958400498860081, 'hidden_size': 130, 'dropout': 0.12269439403724944, 'hidden_continuous_size': 99, 'attention_head_size': 1, 'learning_rate': 0.03292677868509246}. Best is trial 30 with value: 439.8798828125.
LOCAL_RANK: 0 - CUDA_VISIBLE_DEVICES: [0]
[I 2023-11-30 12:48:14,822] Trial 38 finished with value: 559.715087890625 and parameters: {'gradient_clip_val': 0.12910280275833372, 'hidden_size': 107, 'dropout': 0.3920929884758496, 'hidden_continuous_size': 76, 'attention_head_size': 2, 'learning_rate': 0.020061942626224693}. Best is trial 30 with value: 439.8798828125.
LOCAL_RANK: 0 - CUDA_VISIBLE_DEVICES: [0]
[I 2023-11-30 12:48:28,742] Trial 39 finished with value: 545.1376953125 and parameters: {'gradient_clip_val': 0.1719038530250176, 'hidden_size': 77, 'dropout': 0.16325202048583506, 'hidden_continuous_size': 61, 'attention_head_size': 3, 'learning_rate': 0.04414180005751353}. Best is trial 30 with value: 439.8798828125.
LOCAL_RANK: 0 - CUDA_VISIBLE_DEVICES: [0]
[I 2023-11-30 12:48:43,187] Trial 40 finished with value: 542.320556640625 and parameters: {'gradient_clip_val': 0.20629802834648117, 'hidden_size': 121, 'dropout': 0.14455759036644017, 'hidden_continuous_size': 81, 'attention_head_size': 4, 'learning_rate': 0.014257954825750475}. Best is trial 30 with value: 439.8798828125.
LOCAL_RANK: 0 - CUDA_VISIBLE_DEVICES: [0]
[I 2023-11-30 12:48:56,908] Trial 41 finished with value: 561.8099975585938 and parameters: {'gradient_clip_val': 0.14436807450050668, 'hidden_size': 99, 'dropout': 0.17850464048370995, 'hidden_continuous_size': 36, 'attention_head_size': 1, 'learning_rate': 0.009377340850536233}. Best is trial 30 with value: 439.8798828125.
LOCAL_RANK: 0 - CUDA_VISIBLE_DEVICES: [0]
[I 2023-11-30 12:49:10,775] Trial 42 finished with value: 574.6520385742188 and parameters: {'gradient_clip_val': 0.18330147011299744, 'hidden_size': 81, 'dropout': 0.19095162127691273, 'hidden_continuous_size': 65, 'attention_head_size': 1, 'learning_rate': 0.02241301686198472}. Best is trial 30 with value: 439.8798828125.
LOCAL_RANK: 0 - CUDA_VISIBLE_DEVICES: [0]
[I 2023-11-30 12:49:24,637] Trial 43 finished with value: 586.04248046875 and parameters: {'gradient_clip_val': 0.2142854205438651, 'hidden_size': 117, 'dropout': 0.15807542217175694, 'hidden_continuous_size': 32, 'attention_head_size': 1, 'learning_rate': 0.01795266446280598}. Best is trial 30 with value: 439.8798828125.
LOCAL_RANK: 0 - CUDA_VISIBLE_DEVICES: [0]
[I 2023-11-30 12:49:38,082] Trial 44 finished with value: 579.2521362304688 and parameters: {'gradient_clip_val': 0.24965779171573013, 'hidden_size': 72, 'dropout': 0.1195419709235653, 'hidden_continuous_size': 51, 'attention_head_size': 1, 'learning_rate': 0.060674805003491476}. Best is trial 30 with value: 439.8798828125.
LOCAL_RANK: 0 - CUDA_VISIBLE_DEVICES: [0]
[I 2023-11-30 12:49:51,836] Trial 45 finished with value: 517.300537109375 and parameters: {'gradient_clip_val': 0.12708276332636642, 'hidden_size': 89, 'dropout': 0.1403647976625285, 'hidden_continuous_size': 40, 'attention_head_size': 2, 'learning_rate': 0.07695505220403889}. Best is trial 30 with value: 439.8798828125.
LOCAL_RANK: 0 - CUDA_VISIBLE_DEVICES: [0]
[I 2023-11-30 12:50:05,064] Trial 46 finished with value: 488.9493713378906 and parameters: {'gradient_clip_val': 0.1759682620080859, 'hidden_size': 56, 'dropout': 0.16570999587886562, 'hidden_continuous_size': 47, 'attention_head_size': 1, 'learning_rate': 0.007614981904831795}. Best is trial 30 with value: 439.8798828125.
LOCAL_RANK: 0 - CUDA_VISIBLE_DEVICES: [0]
[I 2023-11-30 12:50:18,234] Trial 47 finished with value: 601.1105346679688 and parameters: {'gradient_clip_val': 0.11073928518616655, 'hidden_size': 56, 'dropout': 0.133248094250725, 'hidden_continuous_size': 48, 'attention_head_size': 1, 'learning_rate': 0.008324084941804567}. Best is trial 30 with value: 439.8798828125.
LOCAL_RANK: 0 - CUDA_VISIBLE_DEVICES: [0]
[I 2023-11-30 12:50:32,760] Trial 48 finished with value: 525.7327880859375 and parameters: {'gradient_clip_val': 0.17526655125813465, 'hidden_size': 135, 'dropout': 0.11233264345776314, 'hidden_continuous_size': 106, 'attention_head_size': 2, 'learning_rate': 0.004812892494885486}. Best is trial 30 with value: 439.8798828125.
LOCAL_RANK: 0 - CUDA_VISIBLE_DEVICES: [0]
[I 2023-11-30 12:50:46,156] Trial 49 finished with value: 574.1842041015625 and parameters: {'gradient_clip_val': 0.14878560604521876, 'hidden_size': 59, 'dropout': 0.1695373707879881, 'hidden_continuous_size': 52, 'attention_head_size': 1, 'learning_rate': 0.08376522508462049}. Best is trial 30 with value: 439.8798828125.
LOCAL_RANK: 0 - CUDA_VISIBLE_DEVICES: [0]
[I 2023-11-30 12:51:00,421] Trial 50 finished with value: 507.5660705566406 and parameters: {'gradient_clip_val': 0.1980198824637383, 'hidden_size': 95, 'dropout': 0.1538975909350741, 'hidden_continuous_size': 75, 'attention_head_size': 3, 'learning_rate': 0.015387034349357218}. Best is trial 30 with value: 439.8798828125.
LOCAL_RANK: 0 - CUDA_VISIBLE_DEVICES: [0]
