[I 2023-11-30 11:48:59,070] Trial 59 finished with value: 1345.8585205078125 and parameters: {'gradient_clip_val': 0.6518572477925358, 'hidden_size': 101, 'dropout': 0.18832798574439563, 'hidden_continuous_size': 11, 'attention_head_size': 4, 'learning_rate': 0.011957017398488768}. Best is trial 39 with value: 1224.84130859375.
LOCAL_RANK: 0 - CUDA_VISIBLE_DEVICES: [0]
[I 2023-11-30 11:49:12,472] Trial 60 finished with value: 1476.7021484375 and parameters: {'gradient_clip_val': 0.7638601053460943, 'hidden_size': 75, 'dropout': 0.22224750036094065, 'hidden_continuous_size': 12, 'attention_head_size': 4, 'learning_rate': 0.005965389823520882}. Best is trial 39 with value: 1224.84130859375.
LOCAL_RANK: 0 - CUDA_VISIBLE_DEVICES: [0]
[I 2023-11-30 11:49:26,180] Trial 61 finished with value: 1435.5325927734375 and parameters: {'gradient_clip_val': 0.6339283411586223, 'hidden_size': 101, 'dropout': 0.18604036607613794, 'hidden_continuous_size': 14, 'attention_head_size': 4, 'learning_rate': 0.011698054814834833}. Best is trial 39 with value: 1224.84130859375.
LOCAL_RANK: 0 - CUDA_VISIBLE_DEVICES: [0]
[I 2023-11-30 11:49:39,922] Trial 62 finished with value: 1979.73779296875 and parameters: {'gradient_clip_val': 0.6958973321925098, 'hidden_size': 121, 'dropout': 0.19585638923592197, 'hidden_continuous_size': 11, 'attention_head_size': 4, 'learning_rate': 0.008585668083518235}. Best is trial 39 with value: 1224.84130859375.
LOCAL_RANK: 0 - CUDA_VISIBLE_DEVICES: [0]
[I 2023-11-30 11:49:53,545] Trial 63 finished with value: 1531.578125 and parameters: {'gradient_clip_val': 0.5829872516910848, 'hidden_size': 92, 'dropout': 0.20644896538442, 'hidden_continuous_size': 16, 'attention_head_size': 4, 'learning_rate': 0.0071286738150655345}. Best is trial 39 with value: 1224.84130859375.
LOCAL_RANK: 0 - CUDA_VISIBLE_DEVICES: [0]
[I 2023-11-30 11:50:07,053] Trial 64 finished with value: 1853.9107666015625 and parameters: {'gradient_clip_val': 0.8611313824627799, 'hidden_size': 104, 'dropout': 0.18230014204617573, 'hidden_continuous_size': 11, 'attention_head_size': 4, 'learning_rate': 0.00946612505999637}. Best is trial 39 with value: 1224.84130859375.
LOCAL_RANK: 0 - CUDA_VISIBLE_DEVICES: [0]
[I 2023-11-30 11:50:21,109] Trial 65 finished with value: 1431.6712646484375 and parameters: {'gradient_clip_val': 0.6615724161975215, 'hidden_size': 142, 'dropout': 0.1621065310465894, 'hidden_continuous_size': 10, 'attention_head_size': 4, 'learning_rate': 0.012551283671475198}. Best is trial 39 with value: 1224.84130859375.
LOCAL_RANK: 0 - CUDA_VISIBLE_DEVICES: [0]
[I 2023-11-30 11:50:34,645] Trial 66 finished with value: 1556.3973388671875 and parameters: {'gradient_clip_val': 0.5198440911639807, 'hidden_size': 83, 'dropout': 0.24189415244529375, 'hidden_continuous_size': 13, 'attention_head_size': 4, 'learning_rate': 0.00554697454094692}. Best is trial 39 with value: 1224.84130859375.
LOCAL_RANK: 0 - CUDA_VISIBLE_DEVICES: [0]
[I 2023-11-30 11:50:48,175] Trial 67 finished with value: 1484.25439453125 and parameters: {'gradient_clip_val': 0.8119109111816679, 'hidden_size': 116, 'dropout': 0.11172133000693307, 'hidden_continuous_size': 12, 'attention_head_size': 3, 'learning_rate': 0.003906158108316008}. Best is trial 39 with value: 1224.84130859375.
LOCAL_RANK: 0 - CUDA_VISIBLE_DEVICES: [0]
[I 2023-11-30 11:51:01,649] Trial 68 finished with value: 1266.060546875 and parameters: {'gradient_clip_val': 0.9464802401878456, 'hidden_size': 101, 'dropout': 0.1396073015543612, 'hidden_continuous_size': 15, 'attention_head_size': 4, 'learning_rate': 0.00434012731511397}. Best is trial 39 with value: 1224.84130859375.
LOCAL_RANK: 0 - CUDA_VISIBLE_DEVICES: [0]
[I 2023-11-30 11:51:14,852] Trial 69 finished with value: 1218.4619140625 and parameters: {'gradient_clip_val': 0.9354064493104248, 'hidden_size': 68, 'dropout': 0.14358593199792818, 'hidden_continuous_size': 15, 'attention_head_size': 4, 'learning_rate': 0.004226270776979543}. Best is trial 69 with value: 1218.4619140625.
LOCAL_RANK: 0 - CUDA_VISIBLE_DEVICES: [0]
[I 2023-11-30 11:51:27,960] Trial 70 finished with value: 1529.61669921875 and parameters: {'gradient_clip_val': 0.9704959924242444, 'hidden_size': 64, 'dropout': 0.1432848150909039, 'hidden_continuous_size': 17, 'attention_head_size': 3, 'learning_rate': 0.004396658932117425}. Best is trial 69 with value: 1218.4619140625.
LOCAL_RANK: 0 - CUDA_VISIBLE_DEVICES: [0]
[I 2023-11-30 11:51:41,252] Trial 71 finished with value: 1539.0198974609375 and parameters: {'gradient_clip_val': 0.8801347113510684, 'hidden_size': 71, 'dropout': 0.13837410238532585, 'hidden_continuous_size': 15, 'attention_head_size': 1, 'learning_rate': 0.003318505527223745}. Best is trial 69 with value: 1218.4619140625.
LOCAL_RANK: 0 - CUDA_VISIBLE_DEVICES: [0]
[I 2023-11-30 11:51:54,843] Trial 72 finished with value: 1480.7724609375 and parameters: {'gradient_clip_val': 0.9365125065627815, 'hidden_size': 78, 'dropout': 0.12316919400513612, 'hidden_continuous_size': 15, 'attention_head_size': 4, 'learning_rate': 0.005325971440464618}. Best is trial 69 with value: 1218.4619140625.
LOCAL_RANK: 0 - CUDA_VISIBLE_DEVICES: [0]
[I 2023-11-30 11:52:08,293] Trial 73 finished with value: 1678.21875 and parameters: {'gradient_clip_val': 0.8220223690348346, 'hidden_size': 92, 'dropout': 0.15275292584692976, 'hidden_continuous_size': 14, 'attention_head_size': 4, 'learning_rate': 0.004197981904659106}. Best is trial 69 with value: 1218.4619140625.
LOCAL_RANK: 0 - CUDA_VISIBLE_DEVICES: [0]
[I 2023-11-30 11:52:22,107] Trial 74 finished with value: 1695.71630859375 and parameters: {'gradient_clip_val': 0.7461742041669536, 'hidden_size': 86, 'dropout': 0.135465511505948, 'hidden_continuous_size': 18, 'attention_head_size': 4, 'learning_rate': 0.0062720790859608095}. Best is trial 69 with value: 1218.4619140625.
LOCAL_RANK: 0 - CUDA_VISIBLE_DEVICES: [0]
[I 2023-11-30 11:52:36,028] Trial 75 finished with value: 1425.10986328125 and parameters: {'gradient_clip_val': 0.9473000492639199, 'hidden_size': 109, 'dropout': 0.1564199148291365, 'hidden_continuous_size': 20, 'attention_head_size': 4, 'learning_rate': 0.00275763584584152}. Best is trial 69 with value: 1218.4619140625.
LOCAL_RANK: 0 - CUDA_VISIBLE_DEVICES: [0]
[I 2023-11-30 11:52:50,374] Trial 76 finished with value: 1511.0247802734375 and parameters: {'gradient_clip_val': 0.8806755802046318, 'hidden_size': 131, 'dropout': 0.12495098796889999, 'hidden_continuous_size': 24, 'attention_head_size': 4, 'learning_rate': 0.0049961935296893795}. Best is trial 69 with value: 1218.4619140625.
LOCAL_RANK: 0 - CUDA_VISIBLE_DEVICES: [0]
[I 2023-11-30 11:53:04,436] Trial 77 finished with value: 1128.0506591796875 and parameters: {'gradient_clip_val': 0.9997413258523555, 'hidden_size': 119, 'dropout': 0.10928175998433634, 'hidden_continuous_size': 17, 'attention_head_size': 4, 'learning_rate': 0.0035888158256362863}. Best is trial 77 with value: 1128.0506591796875.
LOCAL_RANK: 0 - CUDA_VISIBLE_DEVICES: [0]
[I 2023-11-30 11:53:18,376] Trial 78 finished with value: 1566.6292724609375 and parameters: {'gradient_clip_val': 0.9833171737412303, 'hidden_size': 117, 'dropout': 0.10761996716238958, 'hidden_continuous_size': 17, 'attention_head_size': 4, 'learning_rate': 0.003536040530110076}. Best is trial 77 with value: 1128.0506591796875.
LOCAL_RANK: 0 - CUDA_VISIBLE_DEVICES: [0]
[I 2023-11-30 11:53:32,380] Trial 79 finished with value: 1293.7003173828125 and parameters: {'gradient_clip_val': 0.78259621564204, 'hidden_size': 148, 'dropout': 0.11611499166127623, 'hidden_continuous_size': 18, 'attention_head_size': 2, 'learning_rate': 0.0029544901619874015}. Best is trial 77 with value: 1128.0506591796875.
LOCAL_RANK: 0 - CUDA_VISIBLE_DEVICES: [0]
[I 2023-11-30 11:53:46,311] Trial 80 finished with value: 1830.2191162109375 and parameters: {'gradient_clip_val': 0.7234051828157174, 'hidden_size': 140, 'dropout': 0.11824828517344156, 'hidden_continuous_size': 21, 'attention_head_size': 2, 'learning_rate': 0.002466305081439528}. Best is trial 77 with value: 1128.0506591796875.
LOCAL_RANK: 0 - CUDA_VISIBLE_DEVICES: [0]
[I 2023-11-30 11:54:00,657] Trial 81 finished with value: 1618.0494384765625 and parameters: {'gradient_clip_val': 0.7886865905686368, 'hidden_size': 149, 'dropout': 0.10741059019473519, 'hidden_continuous_size': 19, 'attention_head_size': 2, 'learning_rate': 0.0030394728008282163}. Best is trial 77 with value: 1128.0506591796875.
LOCAL_RANK: 0 - CUDA_VISIBLE_DEVICES: [0]
[I 2023-11-30 11:54:14,522] Trial 82 finished with value: 1407.3336181640625 and parameters: {'gradient_clip_val': 0.8332842755505783, 'hidden_size': 126, 'dropout': 0.10054486829071968, 'hidden_continuous_size': 16, 'attention_head_size': 2, 'learning_rate': 0.004078590846707029}. Best is trial 77 with value: 1128.0506591796875.
LOCAL_RANK: 0 - CUDA_VISIBLE_DEVICES: [0]
[I 2023-11-30 11:54:28,133] Trial 83 finished with value: 1683.0084228515625 and parameters: {'gradient_clip_val': 0.8643789313308483, 'hidden_size': 120, 'dropout': 0.11596160145995466, 'hidden_continuous_size': 18, 'attention_head_size': 1, 'learning_rate': 0.0032632093325008376}. Best is trial 77 with value: 1128.0506591796875.
LOCAL_RANK: 0 - CUDA_VISIBLE_DEVICES: [0]
[I 2023-11-30 11:54:41,566] Trial 84 finished with value: 1502.9866943359375 and parameters: {'gradient_clip_val': 0.9271332164258808, 'hidden_size': 97, 'dropout': 0.12832079586556602, 'hidden_continuous_size': 13, 'attention_head_size': 4, 'learning_rate': 0.0025680840753054754}. Best is trial 77 with value: 1128.0506591796875.
LOCAL_RANK: 0 - CUDA_VISIBLE_DEVICES: [0]
[I 2023-11-30 11:54:55,502] Trial 85 finished with value: 1297.9937744140625 and parameters: {'gradient_clip_val': 0.7007668634980166, 'hidden_size': 133, 'dropout': 0.14396066486548356, 'hidden_continuous_size': 18, 'attention_head_size': 2, 'learning_rate': 0.0021686048655022365}. Best is trial 77 with value: 1128.0506591796875.
LOCAL_RANK: 0 - CUDA_VISIBLE_DEVICES: [0]
[I 2023-11-30 11:55:09,844] Trial 86 finished with value: 1702.4013671875 and parameters: {'gradient_clip_val': 0.6071918950839958, 'hidden_size': 150, 'dropout': 0.14063062293956866, 'hidden_continuous_size': 20, 'attention_head_size': 2, 'learning_rate': 0.0019993939562181436}. Best is trial 77 with value: 1128.0506591796875.
LOCAL_RANK: 0 - CUDA_VISIBLE_DEVICES: [0]
[I 2023-11-30 11:55:23,870] Trial 87 finished with value: 1563.48388671875 and parameters: {'gradient_clip_val': 0.7160174269683699, 'hidden_size': 135, 'dropout': 0.13442251524815285, 'hidden_continuous_size': 18, 'attention_head_size': 2, 'learning_rate': 0.0030118407095180663}. Best is trial 77 with value: 1128.0506591796875.
LOCAL_RANK: 0 - CUDA_VISIBLE_DEVICES: [0]
[I 2023-11-30 11:55:37,565] Trial 88 finished with value: 1366.525390625 and parameters: {'gradient_clip_val': 0.7797727969461968, 'hidden_size': 110, 'dropout': 0.12049914416734664, 'hidden_continuous_size': 16, 'attention_head_size': 2, 'learning_rate': 0.002096303514558115}. Best is trial 77 with value: 1128.0506591796875.
LOCAL_RANK: 0 - CUDA_VISIBLE_DEVICES: [0]
[I 2023-11-30 11:55:51,268] Trial 89 finished with value: 1572.818359375 and parameters: {'gradient_clip_val': 0.5601706725694027, 'hidden_size': 128, 'dropout': 0.11208450264047419, 'hidden_continuous_size': 17, 'attention_head_size': 2, 'learning_rate': 0.0035202717690188856}. Best is trial 77 with value: 1128.0506591796875.
LOCAL_RANK: 0 - CUDA_VISIBLE_DEVICES: [0]
[I 2023-11-30 11:56:04,844] Trial 90 finished with value: 1845.7369384765625 and parameters: {'gradient_clip_val': 0.6798783837773952, 'hidden_size': 104, 'dropout': 0.1278812353308796, 'hidden_continuous_size': 16, 'attention_head_size': 2, 'learning_rate': 0.0028016061639926887}. Best is trial 77 with value: 1128.0506591796875.
LOCAL_RANK: 0 - CUDA_VISIBLE_DEVICES: [0]
[I 2023-11-30 11:56:18,861] Trial 91 finished with value: 1200.53271484375 and parameters: {'gradient_clip_val': 0.797690387446962, 'hidden_size': 115, 'dropout': 0.14667569996018942, 'hidden_continuous_size': 14, 'attention_head_size': 4, 'learning_rate': 0.004501532093118629}. Best is trial 77 with value: 1128.0506591796875.
LOCAL_RANK: 0 - CUDA_VISIBLE_DEVICES: [0]
[I 2023-11-30 11:56:32,698] Trial 92 finished with value: 1647.97900390625 and parameters: {'gradient_clip_val': 0.7896671463600188, 'hidden_size': 118, 'dropout': 0.14555799434211636, 'hidden_continuous_size': 14, 'attention_head_size': 4, 'learning_rate': 0.004656922960979322}. Best is trial 77 with value: 1128.0506591796875.
LOCAL_RANK: 0 - CUDA_VISIBLE_DEVICES: [0]
[I 2023-11-30 11:56:46,924] Trial 93 finished with value: 1756.2880859375 and parameters: {'gradient_clip_val': 0.9997304440272335, 'hidden_size': 138, 'dropout': 0.13524473223434771, 'hidden_continuous_size': 23, 'attention_head_size': 4, 'learning_rate': 0.004068468244428059}. Best is trial 77 with value: 1128.0506591796875.
LOCAL_RANK: 0 - CUDA_VISIBLE_DEVICES: [0]
[I 2023-11-30 11:57:00,823] Trial 94 finished with value: 1413.7021484375 and parameters: {'gradient_clip_val': 0.7375040164111484, 'hidden_size': 125, 'dropout': 0.1502437204219255, 'hidden_continuous_size': 18, 'attention_head_size': 4, 'learning_rate': 0.003658799481899952}. Best is trial 77 with value: 1128.0506591796875.
LOCAL_RANK: 0 - CUDA_VISIBLE_DEVICES: [0]
[I 2023-11-30 11:57:14,494] Trial 95 finished with value: 1613.3857421875 and parameters: {'gradient_clip_val': 0.6231462637649897, 'hidden_size': 107, 'dropout': 0.10729420774473131, 'hidden_continuous_size': 19, 'attention_head_size': 2, 'learning_rate': 0.004417821756997094}. Best is trial 77 with value: 1128.0506591796875.
LOCAL_RANK: 0 - CUDA_VISIBLE_DEVICES: [0]
[I 2023-11-30 11:57:28,098] Trial 96 finished with value: 1873.8935546875 and parameters: {'gradient_clip_val': 0.6823794092681583, 'hidden_size': 96, 'dropout': 0.1235348158835805, 'hidden_continuous_size': 14, 'attention_head_size': 4, 'learning_rate': 0.002985555860503867}. Best is trial 77 with value: 1128.0506591796875.
LOCAL_RANK: 0 - CUDA_VISIBLE_DEVICES: [0]
[I 2023-11-30 11:57:41,762] Trial 97 finished with value: 1327.0908203125 and parameters: {'gradient_clip_val': 0.8453852319436367, 'hidden_size': 115, 'dropout': 0.11628090409132642, 'hidden_continuous_size': 15, 'attention_head_size': 4, 'learning_rate': 0.0023860430398302828}. Best is trial 77 with value: 1128.0506591796875.
LOCAL_RANK: 0 - CUDA_VISIBLE_DEVICES: [0]
[I 2023-11-30 11:57:55,863] Trial 98 finished with value: 1597.3179931640625 and parameters: {'gradient_clip_val': 0.9087721008784453, 'hidden_size': 130, 'dropout': 0.1421849729240921, 'hidden_continuous_size': 17, 'attention_head_size': 4, 'learning_rate': 0.004958292793956216}. Best is trial 77 with value: 1128.0506591796875.
LOCAL_RANK: 0 - CUDA_VISIBLE_DEVICES: [0]
[I 2023-11-30 11:58:09,430] Trial 99 finished with value: 1480.3271484375 and parameters: {'gradient_clip_val': 0.7575223153485161, 'hidden_size': 99, 'dropout': 0.13157143207320804, 'hidden_continuous_size': 15, 'attention_head_size': 4, 'learning_rate': 0.005856187865120808}. Best is trial 77 with value: 1128.0506591796875.
LOCAL_RANK: 0 - CUDA_VISIBLE_DEVICES: [0]
[I 2023-11-30 11:58:23,581] Trial 100 finished with value: 1613.1025390625 and parameters: {'gradient_clip_val': 0.814624907188032, 'hidden_size': 142, 'dropout': 0.15388853043288833, 'hidden_continuous_size': 13, 'attention_head_size': 4, 'learning_rate': 0.0033644786597892976}. Best is trial 77 with value: 1128.0506591796875.
LOCAL_RANK: 0 - CUDA_VISIBLE_DEVICES: [0]
[I 2023-11-30 11:58:37,266] Trial 101 finished with value: 1414.724609375 and parameters: {'gradient_clip_val': 0.8933595281982778, 'hidden_size': 87, 'dropout': 0.16106281981829249, 'hidden_continuous_size': 12, 'attention_head_size': 4, 'learning_rate': 0.00393079583669598}. Best is trial 77 with value: 1128.0506591796875.
LOCAL_RANK: 0 - CUDA_VISIBLE_DEVICES: [0]
[I 2023-11-30 11:58:50,909] Trial 102 finished with value: 1628.4967041015625 and parameters: {'gradient_clip_val': 0.9594917410126597, 'hidden_size': 112, 'dropout': 0.16956838183869452, 'hidden_continuous_size': 13, 'attention_head_size': 4, 'learning_rate': 0.0053078440487494}. Best is trial 77 with value: 1128.0506591796875.
LOCAL_RANK: 0 - CUDA_VISIBLE_DEVICES: [0]
[I 2023-11-30 11:59:04,737] Trial 103 finished with value: 1321.0347900390625 and parameters: {'gradient_clip_val': 0.6971847001382966, 'hidden_size': 106, 'dropout': 0.14681165710530072, 'hidden_continuous_size': 16, 'attention_head_size': 4, 'learning_rate': 0.004631963251857477}. Best is trial 77 with value: 1128.0506591796875.
LOCAL_RANK: 0 - CUDA_VISIBLE_DEVICES: [0]
[I 2023-11-30 11:59:18,502] Trial 104 finished with value: 1463.7327880859375 and parameters: {'gradient_clip_val': 0.6472118559075393, 'hidden_size': 105, 'dropout': 0.1458508279201847, 'hidden_continuous_size': 16, 'attention_head_size': 4, 'learning_rate': 0.004361597470654106}. Best is trial 77 with value: 1128.0506591796875.
LOCAL_RANK: 0 - CUDA_VISIBLE_DEVICES: [0]
[I 2023-11-30 11:59:32,451] Trial 105 finished with value: 1310.6881103515625 and parameters: {'gradient_clip_val': 0.6972448733575728, 'hidden_size': 121, 'dropout': 0.12413912795277057, 'hidden_continuous_size': 20, 'attention_head_size': 4, 'learning_rate': 0.0026237835937263656}. Best is trial 77 with value: 1128.0506591796875.
LOCAL_RANK: 0 - CUDA_VISIBLE_DEVICES: [0]
[I 2023-11-30 11:59:46,574] Trial 106 finished with value: 1189.5035400390625 and parameters: {'gradient_clip_val': 0.5881734342738002, 'hidden_size': 122, 'dropout': 0.12418020399533389, 'hidden_continuous_size': 19, 'attention_head_size': 4, 'learning_rate': 0.0027635795972671333}. Best is trial 77 with value: 1128.0506591796875.
LOCAL_RANK: 0 - CUDA_VISIBLE_DEVICES: [0]
[I 2023-11-30 12:00:00,415] Trial 107 finished with value: 1318.5430908203125 and parameters: {'gradient_clip_val': 0.6014342492271316, 'hidden_size': 121, 'dropout': 0.10343871827681868, 'hidden_continuous_size': 21, 'attention_head_size': 4, 'learning_rate': 0.0019676983891994716}. Best is trial 77 with value: 1128.0506591796875.
LOCAL_RANK: 0 - CUDA_VISIBLE_DEVICES: [0]
[I 2023-11-30 12:00:14,383] Trial 108 finished with value: 1630.2281494140625 and parameters: {'gradient_clip_val': 0.7260867508414293, 'hidden_size': 124, 'dropout': 0.11172099134948765, 'hidden_continuous_size': 20, 'attention_head_size': 4, 'learning_rate': 0.0025677288063995158}. Best is trial 77 with value: 1128.0506591796875.
LOCAL_RANK: 0 - CUDA_VISIBLE_DEVICES: [0]
[I 2023-11-30 12:00:28,570] Trial 109 finished with value: 1537.0135498046875 and parameters: {'gradient_clip_val': 0.8384804650674437, 'hidden_size': 134, 'dropout': 0.12417457566141754, 'hidden_continuous_size': 25, 'attention_head_size': 4, 'learning_rate': 0.0028317119934252607}. Best is trial 77 with value: 1128.0506591796875.
LOCAL_RANK: 0 - CUDA_VISIBLE_DEVICES: [0]
[I 2023-11-30 12:00:42,749] Trial 110 finished with value: 1326.1773681640625 and parameters: {'gradient_clip_val': 0.6627083299190583, 'hidden_size': 143, 'dropout': 0.11646178445687105, 'hidden_continuous_size': 22, 'attention_head_size': 3, 'learning_rate': 0.0022729908395799927}. Best is trial 77 with value: 1128.0506591796875.
LOCAL_RANK: 0 - CUDA_VISIBLE_DEVICES: [0]
[I 2023-11-30 12:00:56,892] Trial 111 finished with value: 1239.9478759765625 and parameters: {'gradient_clip_val': 0.5825244640862601, 'hidden_size': 114, 'dropout': 0.1339029075003591, 'hidden_continuous_size': 19, 'attention_head_size': 4, 'learning_rate': 0.0032646780802108293}. Best is trial 77 with value: 1128.0506591796875.
LOCAL_RANK: 0 - CUDA_VISIBLE_DEVICES: [0]
[I 2023-11-30 12:01:10,757] Trial 112 finished with value: 2027.1983642578125 and parameters: {'gradient_clip_val': 0.5729105355120079, 'hidden_size': 115, 'dropout': 0.13161171463940036, 'hidden_continuous_size': 17, 'attention_head_size': 4, 'learning_rate': 0.003223495115390548}. Best is trial 77 with value: 1128.0506591796875.
LOCAL_RANK: 0 - CUDA_VISIBLE_DEVICES: [0]
[I 2023-11-30 12:01:24,931] Trial 113 finished with value: 1293.5283203125 and parameters: {'gradient_clip_val': 0.5404137877103212, 'hidden_size': 132, 'dropout': 0.1398614684930725, 'hidden_continuous_size': 19, 'attention_head_size': 4, 'learning_rate': 0.002641501170213799}. Best is trial 77 with value: 1128.0506591796875.
LOCAL_RANK: 0 - CUDA_VISIBLE_DEVICES: [0]
[I 2023-11-30 12:01:39,055] Trial 114 finished with value: 1750.0406494140625 and parameters: {'gradient_clip_val': 0.5063760956628335, 'hidden_size': 129, 'dropout': 0.14071435259586534, 'hidden_continuous_size': 19, 'attention_head_size': 4, 'learning_rate': 0.003650388225635215}. Best is trial 77 with value: 1128.0506591796875.
LOCAL_RANK: 0 - CUDA_VISIBLE_DEVICES: [0]
[I 2023-11-30 12:01:53,178] Trial 115 finished with value: 1411.2901611328125 and parameters: {'gradient_clip_val': 0.5576359855504348, 'hidden_size': 134, 'dropout': 0.1371001245920453, 'hidden_continuous_size': 18, 'attention_head_size': 4, 'learning_rate': 0.003006112648756391}. Best is trial 77 with value: 1128.0506591796875.
LOCAL_RANK: 0 - CUDA_VISIBLE_DEVICES: [0]
[I 2023-11-30 12:02:06,857] Trial 116 finished with value: 1674.4097900390625 and parameters: {'gradient_clip_val': 0.6257627857412686, 'hidden_size': 96, 'dropout': 0.13123609886452625, 'hidden_continuous_size': 21, 'attention_head_size': 4, 'learning_rate': 0.001733849632063818}. Best is trial 77 with value: 1128.0506591796875.
LOCAL_RANK: 0 - CUDA_VISIBLE_DEVICES: [0]
[I 2023-11-30 12:02:20,735] Trial 117 finished with value: 1436.0592041015625 and parameters: {'gradient_clip_val': 0.5432996501807724, 'hidden_size': 144, 'dropout': 0.15740260967090955, 'hidden_continuous_size': 23, 'attention_head_size': 2, 'learning_rate': 0.003487506513882333}. Best is trial 77 with value: 1128.0506591796875.
LOCAL_RANK: 0 - CUDA_VISIBLE_DEVICES: [0]
