[I 2023-11-30 01:32:52,939] Trial 111 finished with value: 5.590474605560303 and parameters: {'gradient_clip_val': 0.435446887957051, 'hidden_size': 116, 'dropout': 0.19216119687057007, 'hidden_continuous_size': 87, 'attention_head_size': 3, 'learning_rate': 0.006040209717052892}. Best is trial 94 with value: 4.273466110229492.
LOCAL_RANK: 0 - CUDA_VISIBLE_DEVICES: [0]
[I 2023-11-30 01:33:07,404] Trial 112 finished with value: 6.001805782318115 and parameters: {'gradient_clip_val': 0.40257728253435104, 'hidden_size': 133, 'dropout': 0.18269794602027956, 'hidden_continuous_size': 78, 'attention_head_size': 3, 'learning_rate': 0.007558061186038347}. Best is trial 94 with value: 4.273466110229492.
LOCAL_RANK: 0 - CUDA_VISIBLE_DEVICES: [0]
[I 2023-11-30 01:33:21,865] Trial 113 finished with value: 5.0491623878479 and parameters: {'gradient_clip_val': 0.36453391936375135, 'hidden_size': 123, 'dropout': 0.16919030894815454, 'hidden_continuous_size': 99, 'attention_head_size': 3, 'learning_rate': 0.0046651351028630635}. Best is trial 94 with value: 4.273466110229492.
LOCAL_RANK: 0 - CUDA_VISIBLE_DEVICES: [0]
[I 2023-11-30 01:33:36,385] Trial 114 finished with value: 5.51979398727417 and parameters: {'gradient_clip_val': 0.3425114231323717, 'hidden_size': 113, 'dropout': 0.19862424784205035, 'hidden_continuous_size': 82, 'attention_head_size': 3, 'learning_rate': 0.0056074014707607886}. Best is trial 94 with value: 4.273466110229492.
LOCAL_RANK: 0 - CUDA_VISIBLE_DEVICES: [0]
[I 2023-11-30 01:33:50,906] Trial 115 finished with value: 5.004791736602783 and parameters: {'gradient_clip_val': 0.5605765402903841, 'hidden_size': 129, 'dropout': 0.15552421562981864, 'hidden_continuous_size': 91, 'attention_head_size': 3, 'learning_rate': 0.0065662962653616165}. Best is trial 94 with value: 4.273466110229492.
LOCAL_RANK: 0 - CUDA_VISIBLE_DEVICES: [0]
[I 2023-11-30 01:34:05,106] Trial 116 finished with value: 6.32695198059082 and parameters: {'gradient_clip_val': 0.45913647466348323, 'hidden_size': 103, 'dropout': 0.16643305788839086, 'hidden_continuous_size': 74, 'attention_head_size': 3, 'learning_rate': 0.00509477791929381}. Best is trial 94 with value: 4.273466110229492.
LOCAL_RANK: 0 - CUDA_VISIBLE_DEVICES: [0]
[I 2023-11-30 01:34:19,324] Trial 117 finished with value: 4.571848392486572 and parameters: {'gradient_clip_val': 0.3874426454287889, 'hidden_size': 120, 'dropout': 0.20389744749345365, 'hidden_continuous_size': 85, 'attention_head_size': 3, 'learning_rate': 0.007179930684139133}. Best is trial 94 with value: 4.273466110229492.
LOCAL_RANK: 0 - CUDA_VISIBLE_DEVICES: [0]
[I 2023-11-30 01:34:33,932] Trial 118 finished with value: 5.914772033691406 and parameters: {'gradient_clip_val': 0.31013836291241553, 'hidden_size': 134, 'dropout': 0.17993440775301936, 'hidden_continuous_size': 98, 'attention_head_size': 4, 'learning_rate': 0.01031466408089835}. Best is trial 94 with value: 4.273466110229492.
LOCAL_RANK: 0 - CUDA_VISIBLE_DEVICES: [0]
[I 2023-11-30 01:34:48,329] Trial 119 finished with value: 5.2308430671691895 and parameters: {'gradient_clip_val': 0.6567806910128086, 'hidden_size': 111, 'dropout': 0.15915105251415135, 'hidden_continuous_size': 79, 'attention_head_size': 4, 'learning_rate': 0.009093805500992898}. Best is trial 94 with value: 4.273466110229492.
LOCAL_RANK: 0 - CUDA_VISIBLE_DEVICES: [0]
[I 2023-11-30 01:35:03,156] Trial 120 finished with value: 6.715995788574219 and parameters: {'gradient_clip_val': 0.3332673284275685, 'hidden_size': 149, 'dropout': 0.18774592755792663, 'hidden_continuous_size': 105, 'attention_head_size': 3, 'learning_rate': 0.008157134183830045}. Best is trial 94 with value: 4.273466110229492.
LOCAL_RANK: 0 - CUDA_VISIBLE_DEVICES: [0]
[I 2023-11-30 01:35:17,276] Trial 121 finished with value: 5.904874324798584 and parameters: {'gradient_clip_val': 0.2806551465421441, 'hidden_size': 108, 'dropout': 0.14920087736590776, 'hidden_continuous_size': 75, 'attention_head_size': 2, 'learning_rate': 0.004116969934460608}. Best is trial 94 with value: 4.273466110229492.
LOCAL_RANK: 0 - CUDA_VISIBLE_DEVICES: [0]
[I 2023-11-30 01:35:31,423] Trial 122 finished with value: 4.6189188957214355 and parameters: {'gradient_clip_val': 0.42451946143137115, 'hidden_size': 98, 'dropout': 0.1359250001276788, 'hidden_continuous_size': 70, 'attention_head_size': 3, 'learning_rate': 0.005737718521714129}. Best is trial 94 with value: 4.273466110229492.
LOCAL_RANK: 0 - CUDA_VISIBLE_DEVICES: [0]
[I 2023-11-30 01:35:45,817] Trial 123 finished with value: 5.439079761505127 and parameters: {'gradient_clip_val': 0.37127879111565787, 'hidden_size': 118, 'dropout': 0.15031020867397996, 'hidden_continuous_size': 89, 'attention_head_size': 4, 'learning_rate': 0.004376631342690923}. Best is trial 94 with value: 4.273466110229492.
LOCAL_RANK: 0 - CUDA_VISIBLE_DEVICES: [0]
[I 2023-11-30 01:36:00,485] Trial 124 finished with value: 4.502236843109131 and parameters: {'gradient_clip_val': 0.32129529288258396, 'hidden_size': 126, 'dropout': 0.17357230910534965, 'hidden_continuous_size': 95, 'attention_head_size': 4, 'learning_rate': 0.004944034469607701}. Best is trial 94 with value: 4.273466110229492.
LOCAL_RANK: 0 - CUDA_VISIBLE_DEVICES: [0]
[I 2023-11-30 01:36:14,882] Trial 125 finished with value: 4.65427827835083 and parameters: {'gradient_clip_val': 0.31911896812947954, 'hidden_size': 126, 'dropout': 0.1739538529332453, 'hidden_continuous_size': 93, 'attention_head_size': 4, 'learning_rate': 0.006226513794597011}. Best is trial 94 with value: 4.273466110229492.
LOCAL_RANK: 0 - CUDA_VISIBLE_DEVICES: [0]
[I 2023-11-30 01:36:29,427] Trial 126 finished with value: 7.07708740234375 and parameters: {'gradient_clip_val': 0.40838604679984813, 'hidden_size': 140, 'dropout': 0.16342342352156672, 'hidden_continuous_size': 116, 'attention_head_size': 4, 'learning_rate': 0.004689116165276549}. Best is trial 94 with value: 4.273466110229492.
LOCAL_RANK: 0 - CUDA_VISIBLE_DEVICES: [0]
[I 2023-11-30 01:36:43,716] Trial 127 finished with value: 4.969865798950195 and parameters: {'gradient_clip_val': 0.3508758031325906, 'hidden_size': 103, 'dropout': 0.19242770195590989, 'hidden_continuous_size': 86, 'attention_head_size': 4, 'learning_rate': 0.00512530180874833}. Best is trial 94 with value: 4.273466110229492.
LOCAL_RANK: 0 - CUDA_VISIBLE_DEVICES: [0]
[I 2023-11-30 01:36:58,076] Trial 128 finished with value: 5.446939945220947 and parameters: {'gradient_clip_val': 0.29298024063361233, 'hidden_size': 132, 'dropout': 0.1824426108008521, 'hidden_continuous_size': 96, 'attention_head_size': 4, 'learning_rate': 0.007758306133236751}. Best is trial 94 with value: 4.273466110229492.
LOCAL_RANK: 0 - CUDA_VISIBLE_DEVICES: [0]
[I 2023-11-30 01:37:12,690] Trial 129 finished with value: 5.039360523223877 and parameters: {'gradient_clip_val': 0.32854417059536317, 'hidden_size': 121, 'dropout': 0.17011205211179897, 'hidden_continuous_size': 81, 'attention_head_size': 4, 'learning_rate': 0.007053116845302764}. Best is trial 94 with value: 4.273466110229492.
LOCAL_RANK: 0 - CUDA_VISIBLE_DEVICES: [0]
[I 2023-11-30 01:37:27,121] Trial 130 finished with value: 5.092636585235596 and parameters: {'gradient_clip_val': 0.30781985967693526, 'hidden_size': 115, 'dropout': 0.2097816430827684, 'hidden_continuous_size': 91, 'attention_head_size': 4, 'learning_rate': 0.0057534534207365285}. Best is trial 94 with value: 4.273466110229492.
LOCAL_RANK: 0 - CUDA_VISIBLE_DEVICES: [0]
[I 2023-11-30 01:37:41,253] Trial 131 finished with value: 4.580384731292725 and parameters: {'gradient_clip_val': 0.18882817006769329, 'hidden_size': 108, 'dropout': 0.14491778083145984, 'hidden_continuous_size': 75, 'attention_head_size': 3, 'learning_rate': 0.0036859464353493645}. Best is trial 94 with value: 4.273466110229492.
LOCAL_RANK: 0 - CUDA_VISIBLE_DEVICES: [0]
[I 2023-11-30 01:37:55,528] Trial 132 finished with value: 5.4822564125061035 and parameters: {'gradient_clip_val': 0.26257787117747483, 'hidden_size': 99, 'dropout': 0.12841024014942118, 'hidden_continuous_size': 83, 'attention_head_size': 4, 'learning_rate': 0.00414624946488666}. Best is trial 94 with value: 4.273466110229492.
LOCAL_RANK: 0 - CUDA_VISIBLE_DEVICES: [0]
[I 2023-11-30 01:38:10,039] Trial 133 finished with value: 4.577709674835205 and parameters: {'gradient_clip_val': 0.44570319866467073, 'hidden_size': 127, 'dropout': 0.16305560539169867, 'hidden_continuous_size': 72, 'attention_head_size': 2, 'learning_rate': 0.0050004447033749925}. Best is trial 94 with value: 4.273466110229492.
LOCAL_RANK: 0 - CUDA_VISIBLE_DEVICES: [0]
[I 2023-11-30 01:38:24,246] Trial 134 finished with value: 5.898885250091553 and parameters: {'gradient_clip_val': 0.13046674139670109, 'hidden_size': 92, 'dropout': 0.15587890868400664, 'hidden_continuous_size': 79, 'attention_head_size': 4, 'learning_rate': 0.006473328425609599}. Best is trial 94 with value: 4.273466110229492.
LOCAL_RANK: 0 - CUDA_VISIBLE_DEVICES: [0]
[I 2023-11-30 01:38:38,535] Trial 135 finished with value: 4.339267730712891 and parameters: {'gradient_clip_val': 0.37968748922113943, 'hidden_size': 111, 'dropout': 0.14013286579181825, 'hidden_continuous_size': 65, 'attention_head_size': 3, 'learning_rate': 0.0037560899896527038}. Best is trial 94 with value: 4.273466110229492.
LOCAL_RANK: 0 - CUDA_VISIBLE_DEVICES: [0]
[I 2023-11-30 01:38:52,836] Trial 136 finished with value: 6.688047885894775 and parameters: {'gradient_clip_val': 0.39077375819945004, 'hidden_size': 115, 'dropout': 0.17695122818324924, 'hidden_continuous_size': 87, 'attention_head_size': 3, 'learning_rate': 0.008617239546752859}. Best is trial 94 with value: 4.273466110229492.
LOCAL_RANK: 0 - CUDA_VISIBLE_DEVICES: [0]
[I 2023-11-30 01:39:07,499] Trial 137 finished with value: 5.2409348487854 and parameters: {'gradient_clip_val': 0.3631690937855425, 'hidden_size': 139, 'dropout': 0.1399924742876803, 'hidden_continuous_size': 100, 'attention_head_size': 3, 'learning_rate': 0.003655716905210165}. Best is trial 94 with value: 4.273466110229492.
LOCAL_RANK: 0 - CUDA_VISIBLE_DEVICES: [0]
[I 2023-11-30 01:39:21,802] Trial 138 finished with value: 5.64129114151001 and parameters: {'gradient_clip_val': 0.8774343760739476, 'hidden_size': 104, 'dropout': 0.12463670558345714, 'hidden_continuous_size': 76, 'attention_head_size': 3, 'learning_rate': 0.0053550383754649225}. Best is trial 94 with value: 4.273466110229492.
LOCAL_RANK: 0 - CUDA_VISIBLE_DEVICES: [0]
[I 2023-11-30 01:39:36,188] Trial 139 finished with value: 7.81920862197876 and parameters: {'gradient_clip_val': 0.3795164103640208, 'hidden_size': 123, 'dropout': 0.11561498097343723, 'hidden_continuous_size': 66, 'attention_head_size': 3, 'learning_rate': 0.004534987670054829}. Best is trial 94 with value: 4.273466110229492.
LOCAL_RANK: 0 - CUDA_VISIBLE_DEVICES: [0]
[I 2023-11-30 01:39:50,361] Trial 140 finished with value: 6.047175884246826 and parameters: {'gradient_clip_val': 0.5036903671888661, 'hidden_size': 88, 'dropout': 0.1738194218822382, 'hidden_continuous_size': 79, 'attention_head_size': 4, 'learning_rate': 0.0031748405642747428}. Best is trial 94 with value: 4.273466110229492.
LOCAL_RANK: 0 - CUDA_VISIBLE_DEVICES: [0]
[I 2023-11-30 01:40:04,432] Trial 141 finished with value: 5.610631465911865 and parameters: {'gradient_clip_val': 0.479099024634915, 'hidden_size': 107, 'dropout': 0.1372802542931132, 'hidden_continuous_size': 64, 'attention_head_size': 3, 'learning_rate': 0.003996475919215985}. Best is trial 94 with value: 4.273466110229492.
LOCAL_RANK: 0 - CUDA_VISIBLE_DEVICES: [0]
[I 2023-11-30 01:40:18,633] Trial 142 finished with value: 7.902378082275391 and parameters: {'gradient_clip_val': 0.10679035856356925, 'hidden_size': 114, 'dropout': 0.1477743014009125, 'hidden_continuous_size': 69, 'attention_head_size': 2, 'learning_rate': 0.00603143502762526}. Best is trial 94 with value: 4.273466110229492.
LOCAL_RANK: 0 - CUDA_VISIBLE_DEVICES: [0]
[I 2023-11-30 01:40:33,124] Trial 143 finished with value: 5.106320858001709 and parameters: {'gradient_clip_val': 0.3497371585280554, 'hidden_size': 98, 'dropout': 0.15411831695824418, 'hidden_continuous_size': 83, 'attention_head_size': 4, 'learning_rate': 0.006873476826663235}. Best is trial 94 with value: 4.273466110229492.
LOCAL_RANK: 0 - CUDA_VISIBLE_DEVICES: [0]
[I 2023-11-30 01:40:47,396] Trial 144 finished with value: 7.388491153717041 and parameters: {'gradient_clip_val': 0.116627653990981, 'hidden_size': 129, 'dropout': 0.13086597968253982, 'hidden_continuous_size': 55, 'attention_head_size': 3, 'learning_rate': 0.004682103110444998}. Best is trial 94 with value: 4.273466110229492.
LOCAL_RANK: 0 - CUDA_VISIBLE_DEVICES: [0]
[I 2023-11-30 01:40:57,911] Trial 145 finished with value: 6.414431095123291 and parameters: {'gradient_clip_val': 0.1520893393881762, 'hidden_size': 45, 'dropout': 0.16717140882802708, 'hidden_continuous_size': 45, 'attention_head_size': 4, 'learning_rate': 0.0033048252646835615}. Best is trial 94 with value: 4.273466110229492.
LOCAL_RANK: 0 - CUDA_VISIBLE_DEVICES: [0]
[I 2023-11-30 01:41:11,924] Trial 146 finished with value: 6.2250823974609375 and parameters: {'gradient_clip_val': 0.7822101112347924, 'hidden_size': 112, 'dropout': 0.18492443926385344, 'hidden_continuous_size': 57, 'attention_head_size': 4, 'learning_rate': 0.007829046089970277}. Best is trial 94 with value: 4.273466110229492.
LOCAL_RANK: 0 - CUDA_VISIBLE_DEVICES: [0]
[I 2023-11-30 01:41:25,805] Trial 147 finished with value: 5.8176798820495605 and parameters: {'gradient_clip_val': 0.3316627383324929, 'hidden_size': 120, 'dropout': 0.15975399266685522, 'hidden_continuous_size': 61, 'attention_head_size': 3, 'learning_rate': 0.013172452940285812}. Best is trial 94 with value: 4.273466110229492.
LOCAL_RANK: 0 - CUDA_VISIBLE_DEVICES: [0]
[I 2023-11-30 01:41:40,621] Trial 148 finished with value: 6.601038455963135 and parameters: {'gradient_clip_val': 0.27476938567518483, 'hidden_size': 135, 'dropout': 0.14396531003842022, 'hidden_continuous_size': 94, 'attention_head_size': 4, 'learning_rate': 0.01131801318793763}. Best is trial 94 with value: 4.273466110229492.
LOCAL_RANK: 0 - CUDA_VISIBLE_DEVICES: [0]
[I 2023-11-30 01:41:55,005] Trial 149 finished with value: 4.724035739898682 and parameters: {'gradient_clip_val': 0.24448450672310695, 'hidden_size': 150, 'dropout': 0.19617686721175115, 'hidden_continuous_size': 53, 'attention_head_size': 3, 'learning_rate': 0.0038609905665008552}. Best is trial 94 with value: 4.273466110229492.
[I 2023-11-30 01:41:55,115] A new study created in memory with name: no-name-9a67830c-c395-4985-a9a4-db0dd0de31f5
/home/le004/conda/anaconda3/envs/tsff_env/lib/python3.9/site-packages/lightning/fabric/plugins/environments/slurm.py:191: The `srun` command is available on your system but is not used. HINT: If your intention is to run Lightning on SLURM, prepend your python command with `srun` like so: srun python /home/le004/master_thesis/git/TSFusionForecast/code/ ...
LOCAL_RANK: 0 - CUDA_VISIBLE_DEVICES: [0]
[I 2023-11-30 01:42:05,467] Trial 0 finished with value: 5.438620090484619 and parameters: {'gradient_clip_val': 0.2188134049018014, 'hidden_size': 19, 'dropout': 0.13499355081972114, 'hidden_continuous_size': 19, 'attention_head_size': 2, 'learning_rate': 0.016836270047113883}. Best is trial 0 with value: 5.438620090484619.
LOCAL_RANK: 0 - CUDA_VISIBLE_DEVICES: [0]
[I 2023-11-30 01:42:18,149] Trial 1 finished with value: 5.508983612060547 and parameters: {'gradient_clip_val': 0.19361083970574916, 'hidden_size': 40, 'dropout': 0.19253450984366166, 'hidden_continuous_size': 33, 'attention_head_size': 2, 'learning_rate': 0.0061961122776479785}. Best is trial 0 with value: 5.438620090484619.
LOCAL_RANK: 0 - CUDA_VISIBLE_DEVICES: [0]
[I 2023-11-30 01:42:31,585] Trial 2 finished with value: 5.261077404022217 and parameters: {'gradient_clip_val': 0.2671349210908121, 'hidden_size': 88, 'dropout': 0.24358431439894698, 'hidden_continuous_size': 30, 'attention_head_size': 3, 'learning_rate': 0.053381619041331894}. Best is trial 2 with value: 5.261077404022217.
LOCAL_RANK: 0 - CUDA_VISIBLE_DEVICES: [0]
[I 2023-11-30 01:42:44,820] Trial 3 finished with value: 5.032119274139404 and parameters: {'gradient_clip_val': 0.15938048802596275, 'hidden_size': 62, 'dropout': 0.2015590466894603, 'hidden_continuous_size': 18, 'attention_head_size': 3, 'learning_rate': 0.08167527257045651}. Best is trial 3 with value: 5.032119274139404.
LOCAL_RANK: 0 - CUDA_VISIBLE_DEVICES: [0]
[I 2023-11-30 01:42:56,851] Trial 4 finished with value: 4.19558572769165 and parameters: {'gradient_clip_val': 0.5675932879889298, 'hidden_size': 19, 'dropout': 0.1703380212322289, 'hidden_continuous_size': 17, 'attention_head_size': 2, 'learning_rate': 0.04574620988362519}. Best is trial 4 with value: 4.19558572769165.
LOCAL_RANK: 0 - CUDA_VISIBLE_DEVICES: [0]
[I 2023-11-30 01:43:09,537] Trial 5 finished with value: 4.381759166717529 and parameters: {'gradient_clip_val': 0.31853947418987566, 'hidden_size': 31, 'dropout': 0.33486082510645276, 'hidden_continuous_size': 25, 'attention_head_size': 2, 'learning_rate': 0.03633257939427752}. Best is trial 4 with value: 4.19558572769165.
LOCAL_RANK: 0 - CUDA_VISIBLE_DEVICES: [0]
[I 2023-11-30 01:43:23,050] Trial 6 finished with value: 5.352816104888916 and parameters: {'gradient_clip_val': 0.6689674946257407, 'hidden_size': 49, 'dropout': 0.21881159109564718, 'hidden_continuous_size': 45, 'attention_head_size': 4, 'learning_rate': 0.005410575272730223}. Best is trial 4 with value: 4.19558572769165.
LOCAL_RANK: 0 - CUDA_VISIBLE_DEVICES: [0]
[I 2023-11-30 01:43:35,423] Trial 7 finished with value: 4.4760518074035645 and parameters: {'gradient_clip_val': 0.4764899359021493, 'hidden_size': 25, 'dropout': 0.23013714577888333, 'hidden_continuous_size': 23, 'attention_head_size': 3, 'learning_rate': 0.09128458705611994}. Best is trial 4 with value: 4.19558572769165.
LOCAL_RANK: 0 - CUDA_VISIBLE_DEVICES: [0]
[I 2023-11-30 01:43:47,701] Trial 8 finished with value: 4.541725158691406 and parameters: {'gradient_clip_val': 0.18160853558561904, 'hidden_size': 28, 'dropout': 0.3904096016705718, 'hidden_continuous_size': 12, 'attention_head_size': 2, 'learning_rate': 0.03924719471309613}. Best is trial 4 with value: 4.19558572769165.
LOCAL_RANK: 0 - CUDA_VISIBLE_DEVICES: [0]
[I 2023-11-30 01:44:01,194] Trial 9 finished with value: 4.679736614227295 and parameters: {'gradient_clip_val': 0.3065136639857601, 'hidden_size': 100, 'dropout': 0.30055586585286426, 'hidden_continuous_size': 19, 'attention_head_size': 3, 'learning_rate': 0.01111810555561453}. Best is trial 4 with value: 4.19558572769165.
LOCAL_RANK: 0 - CUDA_VISIBLE_DEVICES: [0]
[I 2023-11-30 01:44:11,359] Trial 10 finished with value: 28.38979148864746 and parameters: {'gradient_clip_val': 0.8949237980311897, 'hidden_size': 10, 'dropout': 0.10999943882359206, 'hidden_continuous_size': 10, 'attention_head_size': 1, 'learning_rate': 0.0019534173042479825}. Best is trial 4 with value: 4.19558572769165.
LOCAL_RANK: 0 - CUDA_VISIBLE_DEVICES: [0]
[I 2023-11-30 01:44:23,162] Trial 11 finished with value: 5.744018077850342 and parameters: {'gradient_clip_val': 0.41376326942749647, 'hidden_size': 16, 'dropout': 0.3051694273595302, 'hidden_continuous_size': 12, 'attention_head_size': 1, 'learning_rate': 0.0295740924361423}. Best is trial 4 with value: 4.19558572769165.
LOCAL_RANK: 0 - CUDA_VISIBLE_DEVICES: [0]
[I 2023-11-30 01:44:35,243] Trial 12 finished with value: 5.097705364227295 and parameters: {'gradient_clip_val': 0.10803538760480914, 'hidden_size': 32, 'dropout': 0.1560384522883579, 'hidden_continuous_size': 15, 'attention_head_size': 1, 'learning_rate': 0.0261510190626848}. Best is trial 4 with value: 4.19558572769165.
LOCAL_RANK: 0 - CUDA_VISIBLE_DEVICES: [0]
[I 2023-11-30 01:44:49,819] Trial 13 finished with value: 4.419068813323975 and parameters: {'gradient_clip_val': 0.428458947579069, 'hidden_size': 134, 'dropout': 0.2908576557561692, 'hidden_continuous_size': 71, 'attention_head_size': 2, 'learning_rate': 0.0416380152590194}. Best is trial 4 with value: 4.19558572769165.
LOCAL_RANK: 0 - CUDA_VISIBLE_DEVICES: [0]
[I 2023-11-30 01:45:02,051] Trial 14 finished with value: 5.648740291595459 and parameters: {'gradient_clip_val': 0.5752734652851117, 'hidden_size': 19, 'dropout': 0.36764325381058116, 'hidden_continuous_size': 10, 'attention_head_size': 4, 'learning_rate': 0.020597406719641345}. Best is trial 4 with value: 4.19558572769165.
LOCAL_RANK: 0 - CUDA_VISIBLE_DEVICES: [0]
[I 2023-11-30 01:45:14,698] Trial 15 finished with value: 5.5591349601745605 and parameters: {'gradient_clip_val': 0.3499917658636715, 'hidden_size': 42, 'dropout': 0.155569491208432, 'hidden_continuous_size': 15, 'attention_head_size': 2, 'learning_rate': 0.06163812346315251}. Best is trial 4 with value: 4.19558572769165.
LOCAL_RANK: 0 - CUDA_VISIBLE_DEVICES: [0]
[I 2023-11-30 01:45:26,618] Trial 16 finished with value: 4.660821914672852 and parameters: {'gradient_clip_val': 0.666276403125323, 'hidden_size': 14, 'dropout': 0.269233991826912, 'hidden_continuous_size': 10, 'attention_head_size': 1, 'learning_rate': 0.08814359081881823}. Best is trial 4 with value: 4.19558572769165.
LOCAL_RANK: 0 - CUDA_VISIBLE_DEVICES: [0]
[I 2023-11-30 01:45:38,584] Trial 17 finished with value: 5.173243999481201 and parameters: {'gradient_clip_val': 0.3312139064420725, 'hidden_size': 24, 'dropout': 0.3485379316345997, 'hidden_continuous_size': 14, 'attention_head_size': 2, 'learning_rate': 0.04112587929785565}. Best is trial 4 with value: 4.19558572769165.
LOCAL_RANK: 0 - CUDA_VISIBLE_DEVICES: [0]
