[I 2023-11-30 02:22:24,227] Trial 44 finished with value: 3.5783329010009766 and parameters: {'gradient_clip_val': 0.17255760086173905, 'hidden_size': 48, 'dropout': 0.3266924878036301, 'hidden_continuous_size': 26, 'attention_head_size': 4, 'learning_rate': 0.02465266260432506}. Best is trial 17 with value: 2.94661808013916.
LOCAL_RANK: 0 - CUDA_VISIBLE_DEVICES: [0]
[I 2023-11-30 02:22:36,872] Trial 45 finished with value: 4.24008321762085 and parameters: {'gradient_clip_val': 0.13790122933688573, 'hidden_size': 40, 'dropout': 0.31825451228704427, 'hidden_continuous_size': 20, 'attention_head_size': 4, 'learning_rate': 0.017822287663101545}. Best is trial 17 with value: 2.94661808013916.
LOCAL_RANK: 0 - CUDA_VISIBLE_DEVICES: [0]
[I 2023-11-30 02:22:50,397] Trial 46 finished with value: 3.2152087688446045 and parameters: {'gradient_clip_val': 0.15138333919575178, 'hidden_size': 58, 'dropout': 0.3409491082897822, 'hidden_continuous_size': 24, 'attention_head_size': 4, 'learning_rate': 0.014836658253997779}. Best is trial 17 with value: 2.94661808013916.
LOCAL_RANK: 0 - CUDA_VISIBLE_DEVICES: [0]
[I 2023-11-30 02:23:03,648] Trial 47 finished with value: 3.5305893421173096 and parameters: {'gradient_clip_val': 0.20222164046370947, 'hidden_size': 64, 'dropout': 0.34616535959268946, 'hidden_continuous_size': 23, 'attention_head_size': 4, 'learning_rate': 0.008769997259802537}. Best is trial 17 with value: 2.94661808013916.
LOCAL_RANK: 0 - CUDA_VISIBLE_DEVICES: [0]
[I 2023-11-30 02:23:16,933] Trial 48 finished with value: 3.7040250301361084 and parameters: {'gradient_clip_val': 0.14946456554001963, 'hidden_size': 62, 'dropout': 0.3852615324764922, 'hidden_continuous_size': 19, 'attention_head_size': 4, 'learning_rate': 0.03995866944696983}. Best is trial 17 with value: 2.94661808013916.
LOCAL_RANK: 0 - CUDA_VISIBLE_DEVICES: [0]
[I 2023-11-30 02:23:30,801] Trial 49 finished with value: 4.609528064727783 and parameters: {'gradient_clip_val': 0.1913609473488324, 'hidden_size': 95, 'dropout': 0.2751813059083069, 'hidden_continuous_size': 34, 'attention_head_size': 3, 'learning_rate': 0.027210718929615962}. Best is trial 17 with value: 2.94661808013916.
LOCAL_RANK: 0 - CUDA_VISIBLE_DEVICES: [0]
[I 2023-11-30 02:23:43,814] Trial 50 finished with value: 4.2154154777526855 and parameters: {'gradient_clip_val': 0.12854957422402155, 'hidden_size': 46, 'dropout': 0.31804743773192323, 'hidden_continuous_size': 25, 'attention_head_size': 4, 'learning_rate': 0.019153378684283316}. Best is trial 17 with value: 2.94661808013916.
LOCAL_RANK: 0 - CUDA_VISIBLE_DEVICES: [0]
[I 2023-11-30 02:23:56,881] Trial 51 finished with value: 3.7571041584014893 and parameters: {'gradient_clip_val': 0.15863008883195964, 'hidden_size': 39, 'dropout': 0.37093724510041387, 'hidden_continuous_size': 28, 'attention_head_size': 4, 'learning_rate': 0.015806858890979013}. Best is trial 17 with value: 2.94661808013916.
LOCAL_RANK: 0 - CUDA_VISIBLE_DEVICES: [0]
[I 2023-11-30 02:24:10,018] Trial 52 finished with value: 3.9727766513824463 and parameters: {'gradient_clip_val': 0.16933785800929582, 'hidden_size': 50, 'dropout': 0.36443206145526996, 'hidden_continuous_size': 22, 'attention_head_size': 4, 'learning_rate': 0.02314409236651988}. Best is trial 17 with value: 2.94661808013916.
LOCAL_RANK: 0 - CUDA_VISIBLE_DEVICES: [0]
[I 2023-11-30 02:24:23,371] Trial 53 finished with value: 3.91717267036438 and parameters: {'gradient_clip_val': 0.11213730986485192, 'hidden_size': 60, 'dropout': 0.34814763513405084, 'hidden_continuous_size': 29, 'attention_head_size': 4, 'learning_rate': 0.015157791918432688}. Best is trial 17 with value: 2.94661808013916.
LOCAL_RANK: 0 - CUDA_VISIBLE_DEVICES: [0]
[I 2023-11-30 02:24:36,519] Trial 54 finished with value: 4.593156814575195 and parameters: {'gradient_clip_val': 0.13210083058831057, 'hidden_size': 55, 'dropout': 0.33788653357814935, 'hidden_continuous_size': 23, 'attention_head_size': 4, 'learning_rate': 0.01153931506072082}. Best is trial 17 with value: 2.94661808013916.
LOCAL_RANK: 0 - CUDA_VISIBLE_DEVICES: [0]
[I 2023-11-30 02:24:49,354] Trial 55 finished with value: 3.5331432819366455 and parameters: {'gradient_clip_val': 0.17880159529473863, 'hidden_size': 41, 'dropout': 0.38369526529274595, 'hidden_continuous_size': 25, 'attention_head_size': 3, 'learning_rate': 0.032561730813256314}. Best is trial 17 with value: 2.94661808013916.
LOCAL_RANK: 0 - CUDA_VISIBLE_DEVICES: [0]
[I 2023-11-30 02:25:02,274] Trial 56 finished with value: 3.5283520221710205 and parameters: {'gradient_clip_val': 0.15470099254048994, 'hidden_size': 35, 'dropout': 0.35439355989032967, 'hidden_continuous_size': 24, 'attention_head_size': 4, 'learning_rate': 0.019719513650725343}. Best is trial 17 with value: 2.94661808013916.
LOCAL_RANK: 0 - CUDA_VISIBLE_DEVICES: [0]
[I 2023-11-30 02:25:15,058] Trial 57 finished with value: 3.929682493209839 and parameters: {'gradient_clip_val': 0.20243074276148157, 'hidden_size': 45, 'dropout': 0.36895314064493706, 'hidden_continuous_size': 28, 'attention_head_size': 1, 'learning_rate': 0.013877747083958456}. Best is trial 17 with value: 2.94661808013916.
LOCAL_RANK: 0 - CUDA_VISIBLE_DEVICES: [0]
[I 2023-11-30 02:25:28,402] Trial 58 finished with value: 3.4625766277313232 and parameters: {'gradient_clip_val': 0.2602097695070776, 'hidden_size': 72, 'dropout': 0.3263152098756243, 'hidden_continuous_size': 18, 'attention_head_size': 3, 'learning_rate': 0.027064581048050974}. Best is trial 17 with value: 2.94661808013916.
LOCAL_RANK: 0 - CUDA_VISIBLE_DEVICES: [0]
[I 2023-11-30 02:25:40,841] Trial 59 finished with value: 3.537466049194336 and parameters: {'gradient_clip_val': 0.11118886745104482, 'hidden_size': 32, 'dropout': 0.38373875542950414, 'hidden_continuous_size': 21, 'attention_head_size': 3, 'learning_rate': 0.01690181245344833}. Best is trial 17 with value: 2.94661808013916.
LOCAL_RANK: 0 - CUDA_VISIBLE_DEVICES: [0]
[I 2023-11-30 02:25:54,021] Trial 60 finished with value: 3.44346022605896 and parameters: {'gradient_clip_val': 0.14524280702680664, 'hidden_size': 56, 'dropout': 0.3525036533707043, 'hidden_continuous_size': 31, 'attention_head_size': 4, 'learning_rate': 0.009742219347448329}. Best is trial 17 with value: 2.94661808013916.
LOCAL_RANK: 0 - CUDA_VISIBLE_DEVICES: [0]
[I 2023-11-30 02:26:06,812] Trial 61 finished with value: 3.1537225246429443 and parameters: {'gradient_clip_val': 0.12799852433989922, 'hidden_size': 29, 'dropout': 0.3643984073501155, 'hidden_continuous_size': 24, 'attention_head_size': 3, 'learning_rate': 0.021714912006965324}. Best is trial 17 with value: 2.94661808013916.
LOCAL_RANK: 0 - CUDA_VISIBLE_DEVICES: [0]
[I 2023-11-30 02:26:19,279] Trial 62 finished with value: 3.6972503662109375 and parameters: {'gradient_clip_val': 0.12563087311129967, 'hidden_size': 29, 'dropout': 0.3405511442621508, 'hidden_continuous_size': 23, 'attention_head_size': 3, 'learning_rate': 0.02346325279105489}. Best is trial 17 with value: 2.94661808013916.
LOCAL_RANK: 0 - CUDA_VISIBLE_DEVICES: [0]
[I 2023-11-30 02:26:32,062] Trial 63 finished with value: 4.141356945037842 and parameters: {'gradient_clip_val': 0.10073121928579447, 'hidden_size': 37, 'dropout': 0.3631763523999545, 'hidden_continuous_size': 24, 'attention_head_size': 3, 'learning_rate': 0.019040387982444354}. Best is trial 17 with value: 2.94661808013916.
LOCAL_RANK: 0 - CUDA_VISIBLE_DEVICES: [0]
[I 2023-11-30 02:26:44,544] Trial 64 finished with value: 3.5100269317626953 and parameters: {'gradient_clip_val': 0.13713847490585915, 'hidden_size': 27, 'dropout': 0.3741471979181094, 'hidden_continuous_size': 22, 'attention_head_size': 3, 'learning_rate': 0.029778937237306385}. Best is trial 17 with value: 2.94661808013916.
LOCAL_RANK: 0 - CUDA_VISIBLE_DEVICES: [0]
[I 2023-11-30 02:26:57,366] Trial 65 finished with value: 3.6085681915283203 and parameters: {'gradient_clip_val': 0.11252590680621086, 'hidden_size': 43, 'dropout': 0.35450884806991434, 'hidden_continuous_size': 27, 'attention_head_size': 2, 'learning_rate': 0.025594558092699567}. Best is trial 17 with value: 2.94661808013916.
LOCAL_RANK: 0 - CUDA_VISIBLE_DEVICES: [0]
[I 2023-11-30 02:27:10,247] Trial 66 finished with value: 3.604400634765625 and parameters: {'gradient_clip_val': 0.15886750034110836, 'hidden_size': 31, 'dropout': 0.3354461960419452, 'hidden_continuous_size': 26, 'attention_head_size': 3, 'learning_rate': 0.02163308115539372}. Best is trial 17 with value: 2.94661808013916.
LOCAL_RANK: 0 - CUDA_VISIBLE_DEVICES: [0]
[I 2023-11-30 02:27:22,710] Trial 67 finished with value: 3.822617292404175 and parameters: {'gradient_clip_val': 0.1284562062618715, 'hidden_size': 26, 'dropout': 0.3909359596877888, 'hidden_continuous_size': 24, 'attention_head_size': 3, 'learning_rate': 0.014215980080762837}. Best is trial 17 with value: 2.94661808013916.
LOCAL_RANK: 0 - CUDA_VISIBLE_DEVICES: [0]
[I 2023-11-30 02:27:35,570] Trial 68 finished with value: 4.192655563354492 and parameters: {'gradient_clip_val': 0.29195600964639945, 'hidden_size': 34, 'dropout': 0.3748660506699667, 'hidden_continuous_size': 25, 'attention_head_size': 4, 'learning_rate': 0.036865410919807294}. Best is trial 17 with value: 2.94661808013916.
LOCAL_RANK: 0 - CUDA_VISIBLE_DEVICES: [0]
[I 2023-11-30 02:27:47,694] Trial 69 finished with value: 4.629613876342773 and parameters: {'gradient_clip_val': 0.1827170302401636, 'hidden_size': 21, 'dropout': 0.3059814007987581, 'hidden_continuous_size': 11, 'attention_head_size': 2, 'learning_rate': 0.017547499793750473}. Best is trial 17 with value: 2.94661808013916.
LOCAL_RANK: 0 - CUDA_VISIBLE_DEVICES: [0]
[I 2023-11-30 02:28:00,078] Trial 70 finished with value: 3.647814989089966 and parameters: {'gradient_clip_val': 0.11684333768151921, 'hidden_size': 29, 'dropout': 0.3446463366840701, 'hidden_continuous_size': 21, 'attention_head_size': 3, 'learning_rate': 0.012243098968587595}. Best is trial 17 with value: 2.94661808013916.
LOCAL_RANK: 0 - CUDA_VISIBLE_DEVICES: [0]
[I 2023-11-30 02:28:12,323] Trial 71 finished with value: 3.0185272693634033 and parameters: {'gradient_clip_val': 0.1227445239784198, 'hidden_size': 24, 'dropout': 0.3644489465068239, 'hidden_continuous_size': 15, 'attention_head_size': 3, 'learning_rate': 0.021955666501004188}. Best is trial 17 with value: 2.94661808013916.
LOCAL_RANK: 0 - CUDA_VISIBLE_DEVICES: [0]
[I 2023-11-30 02:28:24,321] Trial 72 finished with value: 3.638237953186035 and parameters: {'gradient_clip_val': 0.14077878732329313, 'hidden_size': 24, 'dropout': 0.36187406389323373, 'hidden_continuous_size': 15, 'attention_head_size': 3, 'learning_rate': 0.029369172834044426}. Best is trial 17 with value: 2.94661808013916.
LOCAL_RANK: 0 - CUDA_VISIBLE_DEVICES: [0]
[I 2023-11-30 02:28:36,689] Trial 73 finished with value: 4.47545862197876 and parameters: {'gradient_clip_val': 0.10812942635720171, 'hidden_size': 27, 'dropout': 0.3684957252718573, 'hidden_continuous_size': 17, 'attention_head_size': 3, 'learning_rate': 0.023268985962998458}. Best is trial 17 with value: 2.94661808013916.
LOCAL_RANK: 0 - CUDA_VISIBLE_DEVICES: [0]
[I 2023-11-30 02:28:49,445] Trial 74 finished with value: 3.65258526802063 and parameters: {'gradient_clip_val': 0.12412311280465317, 'hidden_size': 33, 'dropout': 0.39902416168136884, 'hidden_continuous_size': 18, 'attention_head_size': 3, 'learning_rate': 0.019974194098865885}. Best is trial 17 with value: 2.94661808013916.
LOCAL_RANK: 0 - CUDA_VISIBLE_DEVICES: [0]
[I 2023-11-30 02:29:01,942] Trial 75 finished with value: 3.0958547592163086 and parameters: {'gradient_clip_val': 0.1514502988583519, 'hidden_size': 30, 'dropout': 0.35446149878777794, 'hidden_continuous_size': 16, 'attention_head_size': 3, 'learning_rate': 0.01687424012998894}. Best is trial 17 with value: 2.94661808013916.
LOCAL_RANK: 0 - CUDA_VISIBLE_DEVICES: [0]
[I 2023-11-30 02:29:14,559] Trial 76 finished with value: 3.3015544414520264 and parameters: {'gradient_clip_val': 0.14641187773968253, 'hidden_size': 30, 'dropout': 0.32683122971659473, 'hidden_continuous_size': 15, 'attention_head_size': 3, 'learning_rate': 0.03259292362692663}. Best is trial 17 with value: 2.94661808013916.
LOCAL_RANK: 0 - CUDA_VISIBLE_DEVICES: [0]
[I 2023-11-30 02:29:26,770] Trial 77 finished with value: 4.318256855010986 and parameters: {'gradient_clip_val': 0.13537086924393643, 'hidden_size': 26, 'dropout': 0.349548383152225, 'hidden_continuous_size': 16, 'attention_head_size': 3, 'learning_rate': 0.02481312738209115}. Best is trial 17 with value: 2.94661808013916.
LOCAL_RANK: 0 - CUDA_VISIBLE_DEVICES: [0]
[I 2023-11-30 02:29:39,099] Trial 78 finished with value: 3.471176862716675 and parameters: {'gradient_clip_val': 0.11856500043428012, 'hidden_size': 28, 'dropout': 0.33463002685300364, 'hidden_continuous_size': 20, 'attention_head_size': 3, 'learning_rate': 0.02147522653320846}. Best is trial 17 with value: 2.94661808013916.
LOCAL_RANK: 0 - CUDA_VISIBLE_DEVICES: [0]
[I 2023-11-30 02:29:51,517] Trial 79 finished with value: 3.2099227905273438 and parameters: {'gradient_clip_val': 0.16814195149614206, 'hidden_size': 23, 'dropout': 0.37967104815157404, 'hidden_continuous_size': 16, 'attention_head_size': 3, 'learning_rate': 0.017789598535482693}. Best is trial 17 with value: 2.94661808013916.
LOCAL_RANK: 0 - CUDA_VISIBLE_DEVICES: [0]
[I 2023-11-30 02:30:03,711] Trial 80 finished with value: 3.832024335861206 and parameters: {'gradient_clip_val': 0.15219393614013688, 'hidden_size': 23, 'dropout': 0.3860415564999936, 'hidden_continuous_size': 16, 'attention_head_size': 2, 'learning_rate': 0.013742763428822028}. Best is trial 17 with value: 2.94661808013916.
LOCAL_RANK: 0 - CUDA_VISIBLE_DEVICES: [0]
[I 2023-11-30 02:30:15,905] Trial 81 finished with value: 4.335439205169678 and parameters: {'gradient_clip_val': 0.1669613080569891, 'hidden_size': 20, 'dropout': 0.376769264627851, 'hidden_continuous_size': 18, 'attention_head_size': 3, 'learning_rate': 0.01689437289861549}. Best is trial 17 with value: 2.94661808013916.
LOCAL_RANK: 0 - CUDA_VISIBLE_DEVICES: [0]
[I 2023-11-30 02:30:28,280] Trial 82 finished with value: 3.8523597717285156 and parameters: {'gradient_clip_val': 0.12684063165570567, 'hidden_size': 25, 'dropout': 0.3559767784694588, 'hidden_continuous_size': 17, 'attention_head_size': 3, 'learning_rate': 0.018822399620287783}. Best is trial 17 with value: 2.94661808013916.
LOCAL_RANK: 0 - CUDA_VISIBLE_DEVICES: [0]
[I 2023-11-30 02:30:40,598] Trial 83 finished with value: 3.3553431034088135 and parameters: {'gradient_clip_val': 0.10554547455858453, 'hidden_size': 23, 'dropout': 0.3903074648825522, 'hidden_continuous_size': 15, 'attention_head_size': 3, 'learning_rate': 0.02634719540245279}. Best is trial 17 with value: 2.94661808013916.
LOCAL_RANK: 0 - CUDA_VISIBLE_DEVICES: [0]
[I 2023-11-30 02:30:52,973] Trial 84 finished with value: 5.12527322769165 and parameters: {'gradient_clip_val': 0.141549020054618, 'hidden_size': 30, 'dropout': 0.3424090270449338, 'hidden_continuous_size': 16, 'attention_head_size': 3, 'learning_rate': 0.015148024599289545}. Best is trial 17 with value: 2.94661808013916.
LOCAL_RANK: 0 - CUDA_VISIBLE_DEVICES: [0]
[I 2023-11-30 02:31:05,366] Trial 85 finished with value: 4.258535385131836 and parameters: {'gradient_clip_val': 0.15466709815525273, 'hidden_size': 33, 'dropout': 0.37804415541750613, 'hidden_continuous_size': 13, 'attention_head_size': 3, 'learning_rate': 0.02040535979261962}. Best is trial 17 with value: 2.94661808013916.
LOCAL_RANK: 0 - CUDA_VISIBLE_DEVICES: [0]
[I 2023-11-30 02:31:17,978] Trial 86 finished with value: 3.245338201522827 and parameters: {'gradient_clip_val': 0.13475517090998376, 'hidden_size': 36, 'dropout': 0.3570099873361147, 'hidden_continuous_size': 14, 'attention_head_size': 3, 'learning_rate': 0.029951764726799675}. Best is trial 17 with value: 2.94661808013916.
LOCAL_RANK: 0 - CUDA_VISIBLE_DEVICES: [0]
[I 2023-11-30 02:31:30,637] Trial 87 finished with value: 3.9139785766601562 and parameters: {'gradient_clip_val': 0.1722273930768755, 'hidden_size': 39, 'dropout': 0.3675653410163335, 'hidden_continuous_size': 14, 'attention_head_size': 3, 'learning_rate': 0.029542945222797542}. Best is trial 17 with value: 2.94661808013916.
LOCAL_RANK: 0 - CUDA_VISIBLE_DEVICES: [0]
[I 2023-11-30 02:31:42,729] Trial 88 finished with value: 3.394949197769165 and parameters: {'gradient_clip_val': 0.11469095357709964, 'hidden_size': 28, 'dropout': 0.3574839652352825, 'hidden_continuous_size': 15, 'attention_head_size': 3, 'learning_rate': 0.03624867722488204}. Best is trial 17 with value: 2.94661808013916.
LOCAL_RANK: 0 - CUDA_VISIBLE_DEVICES: [0]
[I 2023-11-30 02:31:55,341] Trial 89 finished with value: 3.2573840618133545 and parameters: {'gradient_clip_val': 0.13206333497313233, 'hidden_size': 37, 'dropout': 0.34940558555730317, 'hidden_continuous_size': 12, 'attention_head_size': 3, 'learning_rate': 0.017231699838059982}. Best is trial 17 with value: 2.94661808013916.
LOCAL_RANK: 0 - CUDA_VISIBLE_DEVICES: [0]
[I 2023-11-30 02:32:07,999] Trial 90 finished with value: 3.551511764526367 and parameters: {'gradient_clip_val': 0.12172942476884743, 'hidden_size': 35, 'dropout': 0.3807071250656767, 'hidden_continuous_size': 14, 'attention_head_size': 3, 'learning_rate': 0.026521294628858712}. Best is trial 17 with value: 2.94661808013916.
LOCAL_RANK: 0 - CUDA_VISIBLE_DEVICES: [0]
[I 2023-11-30 02:32:20,700] Trial 91 finished with value: 5.148046016693115 and parameters: {'gradient_clip_val': 0.1307859368008135, 'hidden_size': 37, 'dropout': 0.3518406862288905, 'hidden_continuous_size': 12, 'attention_head_size': 3, 'learning_rate': 0.02130697801259805}. Best is trial 17 with value: 2.94661808013916.
LOCAL_RANK: 0 - CUDA_VISIBLE_DEVICES: [0]
[I 2023-11-30 02:32:32,859] Trial 92 finished with value: 3.474900007247925 and parameters: {'gradient_clip_val': 0.1391236416841799, 'hidden_size': 32, 'dropout': 0.36094348615126565, 'hidden_continuous_size': 12, 'attention_head_size': 3, 'learning_rate': 0.017204078321224964}. Best is trial 17 with value: 2.94661808013916.
LOCAL_RANK: 0 - CUDA_VISIBLE_DEVICES: [0]
[I 2023-11-30 02:32:45,260] Trial 93 finished with value: 4.638386249542236 and parameters: {'gradient_clip_val': 0.14852946337965747, 'hidden_size': 31, 'dropout': 0.33140998328778487, 'hidden_continuous_size': 13, 'attention_head_size': 3, 'learning_rate': 0.012703830782107808}. Best is trial 17 with value: 2.94661808013916.
LOCAL_RANK: 0 - CUDA_VISIBLE_DEVICES: [0]
[I 2023-11-30 02:32:57,842] Trial 94 finished with value: 3.3122081756591797 and parameters: {'gradient_clip_val': 0.16440948231048724, 'hidden_size': 42, 'dropout': 0.371885277551339, 'hidden_continuous_size': 11, 'attention_head_size': 3, 'learning_rate': 0.015223182363078255}. Best is trial 17 with value: 2.94661808013916.
LOCAL_RANK: 0 - CUDA_VISIBLE_DEVICES: [0]
[I 2023-11-30 02:33:10,156] Trial 95 finished with value: 3.266115188598633 and parameters: {'gradient_clip_val': 0.11002151646819783, 'hidden_size': 36, 'dropout': 0.3471846719696789, 'hidden_continuous_size': 13, 'attention_head_size': 3, 'learning_rate': 0.0178165108697698}. Best is trial 17 with value: 2.94661808013916.
LOCAL_RANK: 0 - CUDA_VISIBLE_DEVICES: [0]
[I 2023-11-30 02:33:22,618] Trial 96 finished with value: 3.461725950241089 and parameters: {'gradient_clip_val': 0.1331853376161568, 'hidden_size': 22, 'dropout': 0.3667212240956528, 'hidden_continuous_size': 17, 'attention_head_size': 3, 'learning_rate': 0.02403303280178729}. Best is trial 17 with value: 2.94661808013916.
LOCAL_RANK: 0 - CUDA_VISIBLE_DEVICES: [0]
[I 2023-11-30 02:33:35,056] Trial 97 finished with value: 5.655367374420166 and parameters: {'gradient_clip_val': 0.18906358350659286, 'hidden_size': 29, 'dropout': 0.3898234097339823, 'hidden_continuous_size': 16, 'attention_head_size': 3, 'learning_rate': 0.02168976298953752}. Best is trial 17 with value: 2.94661808013916.
LOCAL_RANK: 0 - CUDA_VISIBLE_DEVICES: [0]
[I 2023-11-30 02:33:47,680] Trial 98 finished with value: 4.143675327301025 and parameters: {'gradient_clip_val': 0.12447645973218863, 'hidden_size': 34, 'dropout': 0.32210072509292564, 'hidden_continuous_size': 14, 'attention_head_size': 3, 'learning_rate': 0.030157718799800858}. Best is trial 17 with value: 2.94661808013916.
LOCAL_RANK: 0 - CUDA_VISIBLE_DEVICES: [0]
[I 2023-11-30 02:34:00,005] Trial 99 finished with value: 3.62469482421875 and parameters: {'gradient_clip_val': 0.10084514978357313, 'hidden_size': 26, 'dropout': 0.35837711797844896, 'hidden_continuous_size': 20, 'attention_head_size': 2, 'learning_rate': 0.016328321263808315}. Best is trial 17 with value: 2.94661808013916.
LOCAL_RANK: 0 - CUDA_VISIBLE_DEVICES: [0]
[I 2023-11-30 02:34:12,798] Trial 100 finished with value: 3.8875911235809326 and parameters: {'gradient_clip_val': 0.1756327779036871, 'hidden_size': 38, 'dropout': 0.3398040501678131, 'hidden_continuous_size': 23, 'attention_head_size': 3, 'learning_rate': 0.019541718430365538}. Best is trial 17 with value: 2.94661808013916.
LOCAL_RANK: 0 - CUDA_VISIBLE_DEVICES: [0]
[I 2023-11-30 02:34:25,572] Trial 101 finished with value: 3.877588987350464 and parameters: {'gradient_clip_val': 0.10696090544038711, 'hidden_size': 35, 'dropout': 0.35012963274230763, 'hidden_continuous_size': 13, 'attention_head_size': 3, 'learning_rate': 0.018353426967475127}. Best is trial 17 with value: 2.94661808013916.
LOCAL_RANK: 0 - CUDA_VISIBLE_DEVICES: [0]
[I 2023-11-30 02:34:37,726] Trial 102 finished with value: 4.0252366065979 and parameters: {'gradient_clip_val': 0.118394510289601, 'hidden_size': 32, 'dropout': 0.34462060605690165, 'hidden_continuous_size': 12, 'attention_head_size': 3, 'learning_rate': 0.014090569053684634}. Best is trial 17 with value: 2.94661808013916.
LOCAL_RANK: 0 - CUDA_VISIBLE_DEVICES: [0]
