[I 2023-11-30 12:51:14,581] Trial 51 finished with value: 546.820556640625 and parameters: {'gradient_clip_val': 0.18661311412957812, 'hidden_size': 97, 'dropout': 0.15797356390866815, 'hidden_continuous_size': 74, 'attention_head_size': 3, 'learning_rate': 0.014911183356111888}. Best is trial 30 with value: 439.8798828125.
LOCAL_RANK: 0 - CUDA_VISIBLE_DEVICES: [0]
[I 2023-11-30 12:51:28,549] Trial 52 finished with value: 546.6537475585938 and parameters: {'gradient_clip_val': 0.20033968218966655, 'hidden_size': 67, 'dropout': 0.15145448923664642, 'hidden_continuous_size': 56, 'attention_head_size': 3, 'learning_rate': 0.011336088686556584}. Best is trial 30 with value: 439.8798828125.
LOCAL_RANK: 0 - CUDA_VISIBLE_DEVICES: [0]
[I 2023-11-30 12:51:42,630] Trial 53 finished with value: 486.9415588378906 and parameters: {'gradient_clip_val': 0.16560792356470214, 'hidden_size': 83, 'dropout': 0.18600357270803206, 'hidden_continuous_size': 70, 'attention_head_size': 3, 'learning_rate': 0.01701767767262729}. Best is trial 30 with value: 439.8798828125.
LOCAL_RANK: 0 - CUDA_VISIBLE_DEVICES: [0]
[I 2023-11-30 12:51:56,474] Trial 54 finished with value: 593.2343139648438 and parameters: {'gradient_clip_val': 0.1653958542421987, 'hidden_size': 80, 'dropout': 0.18955828173574213, 'hidden_continuous_size': 68, 'attention_head_size': 3, 'learning_rate': 0.016505992797353798}. Best is trial 30 with value: 439.8798828125.
LOCAL_RANK: 0 - CUDA_VISIBLE_DEVICES: [0]
[I 2023-11-30 12:52:10,801] Trial 55 finished with value: 644.8729858398438 and parameters: {'gradient_clip_val': 0.22603010658052416, 'hidden_size': 114, 'dropout': 0.17449191233088274, 'hidden_continuous_size': 85, 'attention_head_size': 3, 'learning_rate': 0.02728375044065036}. Best is trial 30 with value: 439.8798828125.
LOCAL_RANK: 0 - CUDA_VISIBLE_DEVICES: [0]
[I 2023-11-30 12:52:25,304] Trial 56 finished with value: 598.463623046875 and parameters: {'gradient_clip_val': 0.15485304969160366, 'hidden_size': 133, 'dropout': 0.20710214463753254, 'hidden_continuous_size': 84, 'attention_head_size': 3, 'learning_rate': 0.038590225749736695}. Best is trial 30 with value: 439.8798828125.
LOCAL_RANK: 0 - CUDA_VISIBLE_DEVICES: [0]
[I 2023-11-30 12:52:39,735] Trial 57 finished with value: 649.46923828125 and parameters: {'gradient_clip_val': 0.1745110106020567, 'hidden_size': 106, 'dropout': 0.1829869419936907, 'hidden_continuous_size': 75, 'attention_head_size': 3, 'learning_rate': 0.059260315364025054}. Best is trial 30 with value: 439.8798828125.
LOCAL_RANK: 0 - CUDA_VISIBLE_DEVICES: [0]
[I 2023-11-30 12:52:53,702] Trial 58 finished with value: 596.1034545898438 and parameters: {'gradient_clip_val': 0.19669562938852286, 'hidden_size': 71, 'dropout': 0.16875020609049252, 'hidden_continuous_size': 63, 'attention_head_size': 4, 'learning_rate': 0.053537168320819284}. Best is trial 30 with value: 439.8798828125.
LOCAL_RANK: 0 - CUDA_VISIBLE_DEVICES: [0]
[I 2023-11-30 12:53:07,702] Trial 59 finished with value: 576.9891967773438 and parameters: {'gradient_clip_val': 0.2497888499397729, 'hidden_size': 83, 'dropout': 0.1985492756540985, 'hidden_continuous_size': 69, 'attention_head_size': 3, 'learning_rate': 0.0219095988623768}. Best is trial 30 with value: 439.8798828125.
LOCAL_RANK: 0 - CUDA_VISIBLE_DEVICES: [0]
[I 2023-11-30 12:53:21,741] Trial 60 finished with value: 642.9054565429688 and parameters: {'gradient_clip_val': 0.13259043077751187, 'hidden_size': 95, 'dropout': 0.1352128882515403, 'hidden_continuous_size': 77, 'attention_head_size': 2, 'learning_rate': 0.036935397329151264}. Best is trial 30 with value: 439.8798828125.
LOCAL_RANK: 0 - CUDA_VISIBLE_DEVICES: [0]
[I 2023-11-30 12:53:35,793] Trial 61 finished with value: 563.5265502929688 and parameters: {'gradient_clip_val': 0.153632345813983, 'hidden_size': 118, 'dropout': 0.15099892364066267, 'hidden_continuous_size': 44, 'attention_head_size': 2, 'learning_rate': 0.011721455580369081}. Best is trial 30 with value: 439.8798828125.
LOCAL_RANK: 0 - CUDA_VISIBLE_DEVICES: [0]
[I 2023-11-30 12:53:49,730] Trial 62 finished with value: 571.1224975585938 and parameters: {'gradient_clip_val': 0.13627216013740537, 'hidden_size': 90, 'dropout': 0.12808753676318796, 'hidden_continuous_size': 58, 'attention_head_size': 3, 'learning_rate': 0.013594178900819832}. Best is trial 30 with value: 439.8798828125.
LOCAL_RANK: 0 - CUDA_VISIBLE_DEVICES: [0]
[I 2023-11-30 12:54:04,283] Trial 63 finished with value: 536.1992797851562 and parameters: {'gradient_clip_val': 0.12434201842978308, 'hidden_size': 140, 'dropout': 0.1135167423609294, 'hidden_continuous_size': 115, 'attention_head_size': 1, 'learning_rate': 0.017356715122262667}. Best is trial 30 with value: 439.8798828125.
LOCAL_RANK: 0 - CUDA_VISIBLE_DEVICES: [0]
[I 2023-11-30 12:54:18,463] Trial 64 finished with value: 491.25390625 and parameters: {'gradient_clip_val': 0.14555257629405705, 'hidden_size': 109, 'dropout': 0.10029753546638615, 'hidden_continuous_size': 61, 'attention_head_size': 4, 'learning_rate': 0.007746855871690846}. Best is trial 30 with value: 439.8798828125.
LOCAL_RANK: 0 - CUDA_VISIBLE_DEVICES: [0]
[I 2023-11-30 12:54:32,913] Trial 65 finished with value: 502.0885314941406 and parameters: {'gradient_clip_val': 0.17059791184219428, 'hidden_size': 111, 'dropout': 0.1425475040978667, 'hidden_continuous_size': 90, 'attention_head_size': 4, 'learning_rate': 0.006817669608438126}. Best is trial 30 with value: 439.8798828125.
LOCAL_RANK: 0 - CUDA_VISIBLE_DEVICES: [0]
[I 2023-11-30 12:54:47,396] Trial 66 finished with value: 612.2153930664062 and parameters: {'gradient_clip_val': 0.15064101728570095, 'hidden_size': 119, 'dropout': 0.10111010477426974, 'hidden_continuous_size': 93, 'attention_head_size': 4, 'learning_rate': 0.006775582309718977}. Best is trial 30 with value: 439.8798828125.
LOCAL_RANK: 0 - CUDA_VISIBLE_DEVICES: [0]
[I 2023-11-30 12:55:02,146] Trial 67 finished with value: 692.2476196289062 and parameters: {'gradient_clip_val': 0.16451155119285274, 'hidden_size': 148, 'dropout': 0.11075541658073858, 'hidden_continuous_size': 126, 'attention_head_size': 4, 'learning_rate': 0.08444947867789655}. Best is trial 30 with value: 439.8798828125.
LOCAL_RANK: 0 - CUDA_VISIBLE_DEVICES: [0]
[I 2023-11-30 12:55:16,568] Trial 68 finished with value: 542.56201171875 and parameters: {'gradient_clip_val': 0.14373005117783608, 'hidden_size': 109, 'dropout': 0.1356252740267399, 'hidden_continuous_size': 86, 'attention_head_size': 4, 'learning_rate': 0.06896923854165055}. Best is trial 30 with value: 439.8798828125.
LOCAL_RANK: 0 - CUDA_VISIBLE_DEVICES: [0]
[I 2023-11-30 12:55:31,087] Trial 69 finished with value: 564.6463012695312 and parameters: {'gradient_clip_val': 0.11714361449183766, 'hidden_size': 126, 'dropout': 0.1438748488741072, 'hidden_continuous_size': 100, 'attention_head_size': 4, 'learning_rate': 0.010089651256152155}. Best is trial 30 with value: 439.8798828125.
LOCAL_RANK: 0 - CUDA_VISIBLE_DEVICES: [0]
[I 2023-11-30 12:55:45,378] Trial 70 finished with value: 550.1642456054688 and parameters: {'gradient_clip_val': 0.17123891807440472, 'hidden_size': 111, 'dropout': 0.1650976980063805, 'hidden_continuous_size': 90, 'attention_head_size': 4, 'learning_rate': 0.005180585909698418}. Best is trial 30 with value: 439.8798828125.
LOCAL_RANK: 0 - CUDA_VISIBLE_DEVICES: [0]
[I 2023-11-30 12:55:59,645] Trial 71 finished with value: 548.7595825195312 and parameters: {'gradient_clip_val': 0.18916202409753402, 'hidden_size': 97, 'dropout': 0.12340689461614074, 'hidden_continuous_size': 77, 'attention_head_size': 4, 'learning_rate': 0.007433276258178646}. Best is trial 30 with value: 439.8798828125.
LOCAL_RANK: 0 - CUDA_VISIBLE_DEVICES: [0]
[I 2023-11-30 12:56:13,757] Trial 72 finished with value: 466.4892578125 and parameters: {'gradient_clip_val': 0.211859435310075, 'hidden_size': 102, 'dropout': 0.15372824103251032, 'hidden_continuous_size': 63, 'attention_head_size': 4, 'learning_rate': 0.006296202071720573}. Best is trial 30 with value: 439.8798828125.
LOCAL_RANK: 0 - CUDA_VISIBLE_DEVICES: [0]
[I 2023-11-30 12:56:28,177] Trial 73 finished with value: 486.9593200683594 and parameters: {'gradient_clip_val': 0.159119241496369, 'hidden_size': 140, 'dropout': 0.13943896454625815, 'hidden_continuous_size': 59, 'attention_head_size': 4, 'learning_rate': 0.004366733648483763}. Best is trial 30 with value: 439.8798828125.
LOCAL_RANK: 0 - CUDA_VISIBLE_DEVICES: [0]
[I 2023-11-30 12:56:42,405] Trial 74 finished with value: 530.78173828125 and parameters: {'gradient_clip_val': 0.1352878431432523, 'hidden_size': 136, 'dropout': 0.10022424215941163, 'hidden_continuous_size': 61, 'attention_head_size': 4, 'learning_rate': 0.0042421065539619135}. Best is trial 30 with value: 439.8798828125.
LOCAL_RANK: 0 - CUDA_VISIBLE_DEVICES: [0]
[I 2023-11-30 12:56:56,522] Trial 75 finished with value: 535.0469970703125 and parameters: {'gradient_clip_val': 0.15922360123115373, 'hidden_size': 126, 'dropout': 0.11733378490184547, 'hidden_continuous_size': 55, 'attention_head_size': 4, 'learning_rate': 0.04543455346621149}. Best is trial 30 with value: 439.8798828125.
LOCAL_RANK: 0 - CUDA_VISIBLE_DEVICES: [0]
[I 2023-11-30 12:57:10,900] Trial 76 finished with value: 531.2088623046875 and parameters: {'gradient_clip_val': 0.12229414394500362, 'hidden_size': 142, 'dropout': 0.1736437344293075, 'hidden_continuous_size': 52, 'attention_head_size': 4, 'learning_rate': 0.006128628036698182}. Best is trial 30 with value: 439.8798828125.
LOCAL_RANK: 0 - CUDA_VISIBLE_DEVICES: [0]
[I 2023-11-30 12:57:25,041] Trial 77 finished with value: 496.596435546875 and parameters: {'gradient_clip_val': 0.14476107362173696, 'hidden_size': 85, 'dropout': 0.16402388836325074, 'hidden_continuous_size': 71, 'attention_head_size': 4, 'learning_rate': 0.008547339678791644}. Best is trial 30 with value: 439.8798828125.
LOCAL_RANK: 0 - CUDA_VISIBLE_DEVICES: [0]
[I 2023-11-30 12:57:39,491] Trial 78 finished with value: 470.6208801269531 and parameters: {'gradient_clip_val': 0.10640419290689036, 'hidden_size': 126, 'dropout': 0.12715400414383918, 'hidden_continuous_size': 65, 'attention_head_size': 4, 'learning_rate': 0.004030166840584162}. Best is trial 30 with value: 439.8798828125.
LOCAL_RANK: 0 - CUDA_VISIBLE_DEVICES: [0]
[I 2023-11-30 12:57:53,887] Trial 79 finished with value: 536.9104614257812 and parameters: {'gradient_clip_val': 0.10532638555592748, 'hidden_size': 127, 'dropout': 0.15005461614261068, 'hidden_continuous_size': 66, 'attention_head_size': 4, 'learning_rate': 0.0038268987315097777}. Best is trial 30 with value: 439.8798828125.
LOCAL_RANK: 0 - CUDA_VISIBLE_DEVICES: [0]
[I 2023-11-30 12:58:08,102] Trial 80 finished with value: 545.8619995117188 and parameters: {'gradient_clip_val': 0.11584209269157894, 'hidden_size': 102, 'dropout': 0.13711042682930272, 'hidden_continuous_size': 71, 'attention_head_size': 4, 'learning_rate': 0.003077507032397394}. Best is trial 30 with value: 439.8798828125.
LOCAL_RANK: 0 - CUDA_VISIBLE_DEVICES: [0]
[I 2023-11-30 12:58:22,480] Trial 81 finished with value: 500.2433166503906 and parameters: {'gradient_clip_val': 0.10776241597917621, 'hidden_size': 139, 'dropout': 0.12764269264230638, 'hidden_continuous_size': 62, 'attention_head_size': 4, 'learning_rate': 0.005809139791642027}. Best is trial 30 with value: 439.8798828125.
LOCAL_RANK: 0 - CUDA_VISIBLE_DEVICES: [0]
[I 2023-11-30 12:58:37,035] Trial 82 finished with value: 511.6465759277344 and parameters: {'gradient_clip_val': 0.14065082353826702, 'hidden_size': 150, 'dropout': 0.10820339001074389, 'hidden_continuous_size': 59, 'attention_head_size': 4, 'learning_rate': 0.06684316888935994}. Best is trial 30 with value: 439.8798828125.
LOCAL_RANK: 0 - CUDA_VISIBLE_DEVICES: [0]
[I 2023-11-30 12:58:51,122] Trial 83 finished with value: 575.3091430664062 and parameters: {'gradient_clip_val': 0.18128766915083938, 'hidden_size': 104, 'dropout': 0.11958172787145713, 'hidden_continuous_size': 56, 'attention_head_size': 4, 'learning_rate': 0.0952206294086395}. Best is trial 30 with value: 439.8798828125.
LOCAL_RANK: 0 - CUDA_VISIBLE_DEVICES: [0]
[I 2023-11-30 12:59:05,588] Trial 84 finished with value: 595.7820434570312 and parameters: {'gradient_clip_val': 0.20964724316806704, 'hidden_size': 123, 'dropout': 0.13091808114172016, 'hidden_continuous_size': 81, 'attention_head_size': 4, 'learning_rate': 0.03034204439429802}. Best is trial 30 with value: 439.8798828125.
LOCAL_RANK: 0 - CUDA_VISIBLE_DEVICES: [0]
[I 2023-11-30 12:59:19,782] Trial 85 finished with value: 454.4420471191406 and parameters: {'gradient_clip_val': 0.10033773898421335, 'hidden_size': 117, 'dropout': 0.15811013509872335, 'hidden_continuous_size': 49, 'attention_head_size': 4, 'learning_rate': 0.004967643320351611}. Best is trial 30 with value: 439.8798828125.
LOCAL_RANK: 0 - CUDA_VISIBLE_DEVICES: [0]
[I 2023-11-30 12:59:33,967] Trial 86 finished with value: 532.2138061523438 and parameters: {'gradient_clip_val': 0.10579599700555344, 'hidden_size': 118, 'dropout': 0.15879484381092945, 'hidden_continuous_size': 49, 'attention_head_size': 4, 'learning_rate': 0.004822037647017334}. Best is trial 30 with value: 439.8798828125.
LOCAL_RANK: 0 - CUDA_VISIBLE_DEVICES: [0]
[I 2023-11-30 12:59:48,269] Trial 87 finished with value: 625.6419067382812 and parameters: {'gradient_clip_val': 0.11071268481495768, 'hidden_size': 133, 'dropout': 0.14610432880957194, 'hidden_continuous_size': 46, 'attention_head_size': 4, 'learning_rate': 0.055645598607604166}. Best is trial 30 with value: 439.8798828125.
LOCAL_RANK: 0 - CUDA_VISIBLE_DEVICES: [0]
[I 2023-11-30 13:00:02,439] Trial 88 finished with value: 567.5850219726562 and parameters: {'gradient_clip_val': 0.10097303241279008, 'hidden_size': 102, 'dropout': 0.1575423232792712, 'hidden_continuous_size': 53, 'attention_head_size': 4, 'learning_rate': 0.003539211435369096}. Best is trial 30 with value: 439.8798828125.
LOCAL_RANK: 0 - CUDA_VISIBLE_DEVICES: [0]
[I 2023-11-30 13:00:16,795] Trial 89 finished with value: 593.2838745117188 and parameters: {'gradient_clip_val': 0.1306037680863241, 'hidden_size': 113, 'dropout': 0.18327792421590303, 'hidden_continuous_size': 66, 'attention_head_size': 3, 'learning_rate': 0.0022497036314133825}. Best is trial 30 with value: 439.8798828125.
LOCAL_RANK: 0 - CUDA_VISIBLE_DEVICES: [0]
[I 2023-11-30 13:00:30,934] Trial 90 finished with value: 481.4457092285156 and parameters: {'gradient_clip_val': 0.11296851324008914, 'hidden_size': 136, 'dropout': 0.169131884730985, 'hidden_continuous_size': 41, 'attention_head_size': 4, 'learning_rate': 0.04273013468620389}. Best is trial 30 with value: 439.8798828125.
LOCAL_RANK: 0 - CUDA_VISIBLE_DEVICES: [0]
[I 2023-11-30 13:00:45,200] Trial 91 finished with value: 556.7346801757812 and parameters: {'gradient_clip_val': 0.12188459763856285, 'hidden_size': 137, 'dropout': 0.17263168266206705, 'hidden_continuous_size': 41, 'attention_head_size': 4, 'learning_rate': 0.045172498199882075}. Best is trial 30 with value: 439.8798828125.
LOCAL_RANK: 0 - CUDA_VISIBLE_DEVICES: [0]
[I 2023-11-30 13:00:59,419] Trial 92 finished with value: 622.22802734375 and parameters: {'gradient_clip_val': 0.11400176145848777, 'hidden_size': 125, 'dropout': 0.16359028726815183, 'hidden_continuous_size': 51, 'attention_head_size': 4, 'learning_rate': 0.03933509310114018}. Best is trial 30 with value: 439.8798828125.
LOCAL_RANK: 0 - CUDA_VISIBLE_DEVICES: [0]
[I 2023-11-30 13:01:13,701] Trial 93 finished with value: 504.16796875 and parameters: {'gradient_clip_val': 0.10287804234006817, 'hidden_size': 116, 'dropout': 0.14081940076556784, 'hidden_continuous_size': 45, 'attention_head_size': 4, 'learning_rate': 0.04971500390277324}. Best is trial 30 with value: 439.8798828125.
LOCAL_RANK: 0 - CUDA_VISIBLE_DEVICES: [0]
[I 2023-11-30 13:01:28,139] Trial 94 finished with value: 480.5524597167969 and parameters: {'gradient_clip_val': 0.12677861120743011, 'hidden_size': 142, 'dropout': 0.15252637429155133, 'hidden_continuous_size': 41, 'attention_head_size': 4, 'learning_rate': 0.057217135722089925}. Best is trial 30 with value: 439.8798828125.
LOCAL_RANK: 0 - CUDA_VISIBLE_DEVICES: [0]
[I 2023-11-30 13:01:42,536] Trial 95 finished with value: 465.2552490234375 and parameters: {'gradient_clip_val': 0.12451936669809219, 'hidden_size': 146, 'dropout': 0.1510594482739712, 'hidden_continuous_size': 37, 'attention_head_size': 4, 'learning_rate': 0.06343886014952196}. Best is trial 30 with value: 439.8798828125.
LOCAL_RANK: 0 - CUDA_VISIBLE_DEVICES: [0]
[I 2023-11-30 13:01:56,781] Trial 96 finished with value: 611.5068969726562 and parameters: {'gradient_clip_val': 0.12848672240313858, 'hidden_size': 129, 'dropout': 0.15301031755565933, 'hidden_continuous_size': 42, 'attention_head_size': 4, 'learning_rate': 0.05910518515593186}. Best is trial 30 with value: 439.8798828125.
LOCAL_RANK: 0 - CUDA_VISIBLE_DEVICES: [0]
[I 2023-11-30 13:02:11,200] Trial 97 finished with value: 539.0028686523438 and parameters: {'gradient_clip_val': 0.1121007013425244, 'hidden_size': 150, 'dropout': 0.17925445323935818, 'hidden_continuous_size': 38, 'attention_head_size': 4, 'learning_rate': 0.048506056618147816}. Best is trial 30 with value: 439.8798828125.
LOCAL_RANK: 0 - CUDA_VISIBLE_DEVICES: [0]
[I 2023-11-30 13:02:25,562] Trial 98 finished with value: 543.3327026367188 and parameters: {'gradient_clip_val': 0.11996250182962921, 'hidden_size': 133, 'dropout': 0.17036207804747214, 'hidden_continuous_size': 38, 'attention_head_size': 4, 'learning_rate': 0.06250037894956616}. Best is trial 30 with value: 439.8798828125.
LOCAL_RANK: 0 - CUDA_VISIBLE_DEVICES: [0]
[I 2023-11-30 13:02:39,621] Trial 99 finished with value: 535.5393676757812 and parameters: {'gradient_clip_val': 0.10832890272830634, 'hidden_size': 125, 'dropout': 0.14945727302730477, 'hidden_continuous_size': 42, 'attention_head_size': 4, 'learning_rate': 0.08097714971462368}. Best is trial 30 with value: 439.8798828125.
LOCAL_RANK: 0 - CUDA_VISIBLE_DEVICES: [0]
[I 2023-11-30 13:02:53,829] Trial 100 finished with value: 579.3279418945312 and parameters: {'gradient_clip_val': 0.10037103119605222, 'hidden_size': 140, 'dropout': 0.15786992307431183, 'hidden_continuous_size': 36, 'attention_head_size': 4, 'learning_rate': 0.0725573919227797}. Best is trial 30 with value: 439.8798828125.
LOCAL_RANK: 0 - CUDA_VISIBLE_DEVICES: [0]
[I 2023-11-30 13:03:08,208] Trial 101 finished with value: 596.5972290039062 and parameters: {'gradient_clip_val': 0.1252903053416992, 'hidden_size': 143, 'dropout': 0.13305642638825516, 'hidden_continuous_size': 48, 'attention_head_size': 4, 'learning_rate': 0.05325219986986539}. Best is trial 30 with value: 439.8798828125.
LOCAL_RANK: 0 - CUDA_VISIBLE_DEVICES: [0]
[I 2023-11-30 13:03:22,339] Trial 102 finished with value: 505.1397399902344 and parameters: {'gradient_clip_val': 0.13713959472368345, 'hidden_size': 119, 'dropout': 0.14651454501702532, 'hidden_continuous_size': 49, 'attention_head_size': 4, 'learning_rate': 0.08525150302136408}. Best is trial 30 with value: 439.8798828125.
LOCAL_RANK: 0 - CUDA_VISIBLE_DEVICES: [0]
[I 2023-11-30 13:03:36,782] Trial 103 finished with value: 550.7197265625 and parameters: {'gradient_clip_val': 0.11680908778919477, 'hidden_size': 144, 'dropout': 0.14118378572940637, 'hidden_continuous_size': 54, 'attention_head_size': 4, 'learning_rate': 0.0653081007909913}. Best is trial 30 with value: 439.8798828125.
LOCAL_RANK: 0 - CUDA_VISIBLE_DEVICES: [0]
[I 2023-11-30 13:03:50,782] Trial 104 finished with value: 568.6300659179688 and parameters: {'gradient_clip_val': 0.13151222227624143, 'hidden_size': 132, 'dropout': 0.12531116320071664, 'hidden_continuous_size': 32, 'attention_head_size': 4, 'learning_rate': 0.04263328512375173}. Best is trial 30 with value: 439.8798828125.
LOCAL_RANK: 0 - CUDA_VISIBLE_DEVICES: [0]
[I 2023-11-30 13:04:05,111] Trial 105 finished with value: 561.6763305664062 and parameters: {'gradient_clip_val': 0.11180545703352932, 'hidden_size': 113, 'dropout': 0.13666752577315783, 'hidden_continuous_size': 68, 'attention_head_size': 4, 'learning_rate': 0.0736928613568848}. Best is trial 30 with value: 439.8798828125.
LOCAL_RANK: 0 - CUDA_VISIBLE_DEVICES: [0]
[I 2023-11-30 13:04:19,293] Trial 106 finished with value: 538.8378295898438 and parameters: {'gradient_clip_val': 0.1507428553031348, 'hidden_size': 122, 'dropout': 0.1549041709815365, 'hidden_continuous_size': 57, 'attention_head_size': 4, 'learning_rate': 0.03621832236521787}. Best is trial 30 with value: 439.8798828125.
LOCAL_RANK: 0 - CUDA_VISIBLE_DEVICES: [0]
[I 2023-11-30 13:04:33,184] Trial 107 finished with value: 657.8663330078125 and parameters: {'gradient_clip_val': 0.12123364410580872, 'hidden_size': 104, 'dropout': 0.16832103228241505, 'hidden_continuous_size': 64, 'attention_head_size': 2, 'learning_rate': 0.09182207197375859}. Best is trial 30 with value: 439.8798828125.
LOCAL_RANK: 0 - CUDA_VISIBLE_DEVICES: [0]
[I 2023-11-30 13:04:47,540] Trial 108 finished with value: 557.09716796875 and parameters: {'gradient_clip_val': 0.12785205181036516, 'hidden_size': 92, 'dropout': 0.16175240979897676, 'hidden_continuous_size': 73, 'attention_head_size': 3, 'learning_rate': 0.055103095211081136}. Best is trial 30 with value: 439.8798828125.
LOCAL_RANK: 0 - CUDA_VISIBLE_DEVICES: [0]
[I 2023-11-30 13:05:01,875] Trial 109 finished with value: 481.7952575683594 and parameters: {'gradient_clip_val': 0.10473840550828414, 'hidden_size': 137, 'dropout': 0.176372016574716, 'hidden_continuous_size': 44, 'attention_head_size': 4, 'learning_rate': 0.06744003563615827}. Best is trial 30 with value: 439.8798828125.
LOCAL_RANK: 0 - CUDA_VISIBLE_DEVICES: [0]
