[I 2023-11-30 07:09:50,690] Trial 128 finished with value: 7.8053507804870605 and parameters: {'gradient_clip_val': 0.9204409335036033, 'hidden_size': 94, 'dropout': 0.10659990366543531, 'hidden_continuous_size': 32, 'attention_head_size': 4, 'learning_rate': 0.09963142560139694}. Best is trial 42 with value: 4.928621768951416.
LOCAL_RANK: 0 - CUDA_VISIBLE_DEVICES: [0]
[I 2023-11-30 07:10:03,654] Trial 129 finished with value: 6.013487339019775 and parameters: {'gradient_clip_val': 0.6348395949430214, 'hidden_size': 39, 'dropout': 0.13347347085271763, 'hidden_continuous_size': 38, 'attention_head_size': 3, 'learning_rate': 0.08124502009599643}. Best is trial 42 with value: 4.928621768951416.
LOCAL_RANK: 0 - CUDA_VISIBLE_DEVICES: [0]
[I 2023-11-30 07:10:18,114] Trial 130 finished with value: 6.366567134857178 and parameters: {'gradient_clip_val': 0.7978686690516175, 'hidden_size': 101, 'dropout': 0.16445125426237198, 'hidden_continuous_size': 68, 'attention_head_size': 4, 'learning_rate': 0.053696368116345164}. Best is trial 42 with value: 4.928621768951416.
LOCAL_RANK: 0 - CUDA_VISIBLE_DEVICES: [0]
[I 2023-11-30 07:10:31,792] Trial 131 finished with value: 7.532993316650391 and parameters: {'gradient_clip_val': 0.721012053046294, 'hidden_size': 72, 'dropout': 0.150437647495057, 'hidden_continuous_size': 56, 'attention_head_size': 2, 'learning_rate': 0.06687544258712853}. Best is trial 42 with value: 4.928621768951416.
LOCAL_RANK: 0 - CUDA_VISIBLE_DEVICES: [0]
[I 2023-11-30 07:10:45,350] Trial 132 finished with value: 6.421716213226318 and parameters: {'gradient_clip_val': 0.7500471137641979, 'hidden_size': 70, 'dropout': 0.1373687306887336, 'hidden_continuous_size': 53, 'attention_head_size': 1, 'learning_rate': 0.08760502033231518}. Best is trial 42 with value: 4.928621768951416.
LOCAL_RANK: 0 - CUDA_VISIBLE_DEVICES: [0]
[I 2023-11-30 07:10:58,759] Trial 133 finished with value: 6.098876476287842 and parameters: {'gradient_clip_val': 0.6858638960605792, 'hidden_size': 64, 'dropout': 0.1412553697190672, 'hidden_continuous_size': 58, 'attention_head_size': 2, 'learning_rate': 0.06909444561222748}. Best is trial 42 with value: 4.928621768951416.
LOCAL_RANK: 0 - CUDA_VISIBLE_DEVICES: [0]
[I 2023-11-30 07:11:12,594] Trial 134 finished with value: 7.032080173492432 and parameters: {'gradient_clip_val': 0.6015480462509131, 'hidden_size': 82, 'dropout': 0.15858749832863833, 'hidden_continuous_size': 50, 'attention_head_size': 3, 'learning_rate': 0.07442896627614283}. Best is trial 42 with value: 4.928621768951416.
LOCAL_RANK: 0 - CUDA_VISIBLE_DEVICES: [0]
[I 2023-11-30 07:11:26,363] Trial 135 finished with value: 5.216876983642578 and parameters: {'gradient_clip_val': 0.6506033288275977, 'hidden_size': 55, 'dropout': 0.12255921957494594, 'hidden_continuous_size': 53, 'attention_head_size': 4, 'learning_rate': 0.06064879665064076}. Best is trial 42 with value: 4.928621768951416.
LOCAL_RANK: 0 - CUDA_VISIBLE_DEVICES: [0]
[I 2023-11-30 07:11:39,876] Trial 136 finished with value: 5.786320209503174 and parameters: {'gradient_clip_val': 0.6599471514739634, 'hidden_size': 56, 'dropout': 0.11926918069334835, 'hidden_continuous_size': 53, 'attention_head_size': 4, 'learning_rate': 0.059291317982678095}. Best is trial 42 with value: 4.928621768951416.
LOCAL_RANK: 0 - CUDA_VISIBLE_DEVICES: [0]
[I 2023-11-30 07:11:53,316] Trial 137 finished with value: 6.699686527252197 and parameters: {'gradient_clip_val': 0.5756941949695374, 'hidden_size': 43, 'dropout': 0.11003721426537995, 'hidden_continuous_size': 42, 'attention_head_size': 4, 'learning_rate': 0.0508109041027488}. Best is trial 42 with value: 4.928621768951416.
LOCAL_RANK: 0 - CUDA_VISIBLE_DEVICES: [0]
[I 2023-11-30 07:12:07,003] Trial 138 finished with value: 6.139261245727539 and parameters: {'gradient_clip_val': 0.8236380482227025, 'hidden_size': 59, 'dropout': 0.12721585011204734, 'hidden_continuous_size': 56, 'attention_head_size': 4, 'learning_rate': 0.03470403532985531}. Best is trial 42 with value: 4.928621768951416.
LOCAL_RANK: 0 - CUDA_VISIBLE_DEVICES: [0]
[I 2023-11-30 07:12:20,443] Trial 139 finished with value: 5.28436279296875 and parameters: {'gradient_clip_val': 0.51012196524034, 'hidden_size': 45, 'dropout': 0.10523175117670369, 'hidden_continuous_size': 44, 'attention_head_size': 4, 'learning_rate': 0.08359215999369948}. Best is trial 42 with value: 4.928621768951416.
LOCAL_RANK: 0 - CUDA_VISIBLE_DEVICES: [0]
[I 2023-11-30 07:12:33,936] Trial 140 finished with value: 5.6708984375 and parameters: {'gradient_clip_val': 0.501597867175577, 'hidden_size': 45, 'dropout': 0.10674489898910754, 'hidden_continuous_size': 44, 'attention_head_size': 4, 'learning_rate': 0.07928163518270455}. Best is trial 42 with value: 4.928621768951416.
LOCAL_RANK: 0 - CUDA_VISIBLE_DEVICES: [0]
[I 2023-11-30 07:12:47,239] Trial 141 finished with value: 7.809064865112305 and parameters: {'gradient_clip_val': 0.5026751506211264, 'hidden_size': 45, 'dropout': 0.10512362954341854, 'hidden_continuous_size': 44, 'attention_head_size': 4, 'learning_rate': 0.08158472841892626}. Best is trial 42 with value: 4.928621768951416.
LOCAL_RANK: 0 - CUDA_VISIBLE_DEVICES: [0]
[I 2023-11-30 07:13:00,824] Trial 142 finished with value: 6.375680446624756 and parameters: {'gradient_clip_val': 0.45543973484463146, 'hidden_size': 51, 'dropout': 0.11485426472554947, 'hidden_continuous_size': 49, 'attention_head_size': 4, 'learning_rate': 0.06212952728316879}. Best is trial 42 with value: 4.928621768951416.
LOCAL_RANK: 0 - CUDA_VISIBLE_DEVICES: [0]
[I 2023-11-30 07:13:14,077] Trial 143 finished with value: 7.999355316162109 and parameters: {'gradient_clip_val': 0.4186949046472808, 'hidden_size': 48, 'dropout': 0.10005884681999201, 'hidden_continuous_size': 47, 'attention_head_size': 4, 'learning_rate': 0.05625217292632807}. Best is trial 42 with value: 4.928621768951416.
LOCAL_RANK: 0 - CUDA_VISIBLE_DEVICES: [0]
[I 2023-11-30 07:13:27,554] Trial 144 finished with value: 5.905208587646484 and parameters: {'gradient_clip_val': 0.47137589086405335, 'hidden_size': 42, 'dropout': 0.12293938070503678, 'hidden_continuous_size': 41, 'attention_head_size': 4, 'learning_rate': 0.0909366691411807}. Best is trial 42 with value: 4.928621768951416.
LOCAL_RANK: 0 - CUDA_VISIBLE_DEVICES: [0]
[I 2023-11-30 07:13:41,024] Trial 145 finished with value: 5.939052104949951 and parameters: {'gradient_clip_val': 0.48900800644839115, 'hidden_size': 46, 'dropout': 0.11300409500816909, 'hidden_continuous_size': 45, 'attention_head_size': 4, 'learning_rate': 0.07712269286527343}. Best is trial 42 with value: 4.928621768951416.
LOCAL_RANK: 0 - CUDA_VISIBLE_DEVICES: [0]
[I 2023-11-30 07:13:54,606] Trial 146 finished with value: 7.6311821937561035 and parameters: {'gradient_clip_val': 0.5305621818236855, 'hidden_size': 53, 'dropout': 0.10980284224625483, 'hidden_continuous_size': 51, 'attention_head_size': 4, 'learning_rate': 0.09996946182531113}. Best is trial 42 with value: 4.928621768951416.
LOCAL_RANK: 0 - CUDA_VISIBLE_DEVICES: [0]
[I 2023-11-30 07:14:05,188] Trial 147 finished with value: 6.991946697235107 and parameters: {'gradient_clip_val': 0.4242738877900921, 'hidden_size': 39, 'dropout': 0.1298826738910941, 'hidden_continuous_size': 39, 'attention_head_size': 4, 'learning_rate': 0.06773353014347776}. Best is trial 42 with value: 4.928621768951416.
LOCAL_RANK: 0 - CUDA_VISIBLE_DEVICES: [0]
[I 2023-11-30 07:14:18,593] Trial 148 finished with value: 6.218847751617432 and parameters: {'gradient_clip_val': 0.5652350899742837, 'hidden_size': 56, 'dropout': 0.11836570578352326, 'hidden_continuous_size': 54, 'attention_head_size': 4, 'learning_rate': 0.045974288122540785}. Best is trial 42 with value: 4.928621768951416.
LOCAL_RANK: 0 - CUDA_VISIBLE_DEVICES: [0]
[I 2023-11-30 07:14:32,342] Trial 149 finished with value: 5.871248722076416 and parameters: {'gradient_clip_val': 0.6259006141407837, 'hidden_size': 50, 'dropout': 0.1042416323144647, 'hidden_continuous_size': 48, 'attention_head_size': 4, 'learning_rate': 0.07246529138529519}. Best is trial 42 with value: 4.928621768951416.
[I 2023-11-30 07:14:32,452] A new study created in memory with name: no-name-8b17df75-6536-4781-ada3-3f493b4c81bd
/home/le004/conda/anaconda3/envs/tsff_env/lib/python3.9/site-packages/lightning/fabric/plugins/environments/slurm.py:191: The `srun` command is available on your system but is not used. HINT: If your intention is to run Lightning on SLURM, prepend your python command with `srun` like so: srun python /home/le004/master_thesis/git/TSFusionForecast/code/ ...
LOCAL_RANK: 0 - CUDA_VISIBLE_DEVICES: [0]
[I 2023-11-30 07:14:44,331] Trial 0 finished with value: 17.21442985534668 and parameters: {'gradient_clip_val': 0.11768213709333492, 'hidden_size': 20, 'dropout': 0.24462581165230946, 'hidden_continuous_size': 12, 'attention_head_size': 2, 'learning_rate': 0.021752981602019956}. Best is trial 0 with value: 17.21442985534668.
LOCAL_RANK: 0 - CUDA_VISIBLE_DEVICES: [0]
[I 2023-11-30 07:14:57,233] Trial 1 finished with value: 27.477737426757812 and parameters: {'gradient_clip_val': 0.376599937463714, 'hidden_size': 68, 'dropout': 0.3525539738043807, 'hidden_continuous_size': 12, 'attention_head_size': 3, 'learning_rate': 0.0018017053077534297}. Best is trial 0 with value: 17.21442985534668.
LOCAL_RANK: 0 - CUDA_VISIBLE_DEVICES: [0]
[I 2023-11-30 07:15:09,325] Trial 2 finished with value: 44.537139892578125 and parameters: {'gradient_clip_val': 0.1005822705625285, 'hidden_size': 18, 'dropout': 0.14029968782457708, 'hidden_continuous_size': 13, 'attention_head_size': 2, 'learning_rate': 0.0027832875643626644}. Best is trial 0 with value: 17.21442985534668.
LOCAL_RANK: 0 - CUDA_VISIBLE_DEVICES: [0]
[I 2023-11-30 07:15:21,182] Trial 3 finished with value: 39.370574951171875 and parameters: {'gradient_clip_val': 0.3587168669150225, 'hidden_size': 11, 'dropout': 0.3409722502688075, 'hidden_continuous_size': 10, 'attention_head_size': 1, 'learning_rate': 0.005922701323041834}. Best is trial 0 with value: 17.21442985534668.
LOCAL_RANK: 0 - CUDA_VISIBLE_DEVICES: [0]
[I 2023-11-30 07:15:33,296] Trial 4 finished with value: 17.855512619018555 and parameters: {'gradient_clip_val': 0.5647062407451371, 'hidden_size': 11, 'dropout': 0.20927485319719313, 'hidden_continuous_size': 10, 'attention_head_size': 2, 'learning_rate': 0.04572909575557121}. Best is trial 0 with value: 17.21442985534668.
LOCAL_RANK: 0 - CUDA_VISIBLE_DEVICES: [0]
[I 2023-11-30 07:15:44,018] Trial 5 finished with value: 6.627909183502197 and parameters: {'gradient_clip_val': 0.7718965439064576, 'hidden_size': 116, 'dropout': 0.19596730835800924, 'hidden_continuous_size': 116, 'attention_head_size': 3, 'learning_rate': 0.043988919868899426}. Best is trial 5 with value: 6.627909183502197.
LOCAL_RANK: 0 - CUDA_VISIBLE_DEVICES: [0]
[I 2023-11-30 07:15:58,102] Trial 6 finished with value: 6.926200866699219 and parameters: {'gradient_clip_val': 0.20739225262409572, 'hidden_size': 91, 'dropout': 0.3315202404357279, 'hidden_continuous_size': 75, 'attention_head_size': 3, 'learning_rate': 0.013356233212761316}. Best is trial 5 with value: 6.627909183502197.
LOCAL_RANK: 0 - CUDA_VISIBLE_DEVICES: [0]
[I 2023-11-30 07:16:10,729] Trial 7 finished with value: 12.136818885803223 and parameters: {'gradient_clip_val': 0.26912633759929305, 'hidden_size': 40, 'dropout': 0.10851966407164973, 'hidden_continuous_size': 16, 'attention_head_size': 4, 'learning_rate': 0.09562560540986287}. Best is trial 5 with value: 6.627909183502197.
LOCAL_RANK: 0 - CUDA_VISIBLE_DEVICES: [0]
[I 2023-11-30 07:16:23,830] Trial 8 finished with value: 10.112454414367676 and parameters: {'gradient_clip_val': 0.9061742743478091, 'hidden_size': 46, 'dropout': 0.17413162259092185, 'hidden_continuous_size': 25, 'attention_head_size': 4, 'learning_rate': 0.06456125451304268}. Best is trial 5 with value: 6.627909183502197.
LOCAL_RANK: 0 - CUDA_VISIBLE_DEVICES: [0]
[I 2023-11-30 07:16:36,361] Trial 9 finished with value: 17.667314529418945 and parameters: {'gradient_clip_val': 0.34299288835029806, 'hidden_size': 25, 'dropout': 0.36994144330262724, 'hidden_continuous_size': 13, 'attention_head_size': 4, 'learning_rate': 0.024407814677756042}. Best is trial 5 with value: 6.627909183502197.
LOCAL_RANK: 0 - CUDA_VISIBLE_DEVICES: [0]
[I 2023-11-30 07:16:50,725] Trial 10 finished with value: 9.412476539611816 and parameters: {'gradient_clip_val': 0.7140808902900901, 'hidden_size': 123, 'dropout': 0.2674682521434938, 'hidden_continuous_size': 116, 'attention_head_size': 1, 'learning_rate': 0.006723482650781784}. Best is trial 5 with value: 6.627909183502197.
LOCAL_RANK: 0 - CUDA_VISIBLE_DEVICES: [0]
[I 2023-11-30 07:17:05,429] Trial 11 finished with value: 9.010369300842285 and parameters: {'gradient_clip_val': 0.20109753357540422, 'hidden_size': 146, 'dropout': 0.2921179952491317, 'hidden_continuous_size': 97, 'attention_head_size': 3, 'learning_rate': 0.015833043773167205}. Best is trial 5 with value: 6.627909183502197.
LOCAL_RANK: 0 - CUDA_VISIBLE_DEVICES: [0]
[I 2023-11-30 07:17:19,295] Trial 12 finished with value: 10.59676742553711 and parameters: {'gradient_clip_val': 0.5463322598822363, 'hidden_size': 88, 'dropout': 0.3067561147535064, 'hidden_continuous_size': 67, 'attention_head_size': 3, 'learning_rate': 0.03708347056217127}. Best is trial 5 with value: 6.627909183502197.
LOCAL_RANK: 0 - CUDA_VISIBLE_DEVICES: [0]
[I 2023-11-30 07:17:33,149] Trial 13 finished with value: 8.031920433044434 and parameters: {'gradient_clip_val': 0.1976894038594148, 'hidden_size': 91, 'dropout': 0.3955421849203851, 'hidden_continuous_size': 60, 'attention_head_size': 3, 'learning_rate': 0.011768920434801414}. Best is trial 5 with value: 6.627909183502197.
LOCAL_RANK: 0 - CUDA_VISIBLE_DEVICES: [0]
[I 2023-11-30 07:17:46,713] Trial 14 finished with value: 9.822823524475098 and parameters: {'gradient_clip_val': 0.9290395674009447, 'hidden_size': 63, 'dropout': 0.22086710531010906, 'hidden_continuous_size': 42, 'attention_head_size': 3, 'learning_rate': 0.031046499513961212}. Best is trial 5 with value: 6.627909183502197.
LOCAL_RANK: 0 - CUDA_VISIBLE_DEVICES: [0]
[I 2023-11-30 07:18:01,526] Trial 15 finished with value: 8.23303508758545 and parameters: {'gradient_clip_val': 0.4892427906795217, 'hidden_size': 145, 'dropout': 0.3024170339570172, 'hidden_continuous_size': 144, 'attention_head_size': 2, 'learning_rate': 0.013497788647480502}. Best is trial 5 with value: 6.627909183502197.
LOCAL_RANK: 0 - CUDA_VISIBLE_DEVICES: [0]
[I 2023-11-30 07:18:15,775] Trial 16 finished with value: 10.660219192504883 and parameters: {'gradient_clip_val': 0.984835146571734, 'hidden_size': 102, 'dropout': 0.1787298344639981, 'hidden_continuous_size': 69, 'attention_head_size': 4, 'learning_rate': 0.06015142256169049}. Best is trial 5 with value: 6.627909183502197.
LOCAL_RANK: 0 - CUDA_VISIBLE_DEVICES: [0]
[I 2023-11-30 07:18:29,263] Trial 17 finished with value: 8.299086570739746 and parameters: {'gradient_clip_val': 0.2466204347460471, 'hidden_size': 65, 'dropout': 0.24940891850625196, 'hidden_continuous_size': 37, 'attention_head_size': 3, 'learning_rate': 0.021130569979689116}. Best is trial 5 with value: 6.627909183502197.
LOCAL_RANK: 0 - CUDA_VISIBLE_DEVICES: [0]
[I 2023-11-30 07:18:43,536] Trial 18 finished with value: 8.634305000305176 and parameters: {'gradient_clip_val': 0.6997484493958367, 'hidden_size': 114, 'dropout': 0.32065107049362956, 'hidden_continuous_size': 83, 'attention_head_size': 2, 'learning_rate': 0.007911541162187005}. Best is trial 5 with value: 6.627909183502197.
LOCAL_RANK: 0 - CUDA_VISIBLE_DEVICES: [0]
[I 2023-11-30 07:18:57,681] Trial 19 finished with value: 10.592020988464355 and parameters: {'gradient_clip_val': 0.43979135329368924, 'hidden_size': 81, 'dropout': 0.27721706631872317, 'hidden_continuous_size': 53, 'attention_head_size': 4, 'learning_rate': 0.03623910444060803}. Best is trial 5 with value: 6.627909183502197.
LOCAL_RANK: 0 - CUDA_VISIBLE_DEVICES: [0]
[I 2023-11-30 07:19:11,103] Trial 20 finished with value: 21.63573455810547 and parameters: {'gradient_clip_val': 0.1556790539614868, 'hidden_size': 50, 'dropout': 0.3317288658991239, 'hidden_continuous_size': 38, 'attention_head_size': 3, 'learning_rate': 0.0042762911431449375}. Best is trial 5 with value: 6.627909183502197.
LOCAL_RANK: 0 - CUDA_VISIBLE_DEVICES: [0]
[I 2023-11-30 07:19:25,153] Trial 21 finished with value: 8.45671558380127 and parameters: {'gradient_clip_val': 0.2006847326422169, 'hidden_size': 94, 'dropout': 0.39740177605500354, 'hidden_continuous_size': 62, 'attention_head_size': 3, 'learning_rate': 0.011593642278138775}. Best is trial 5 with value: 6.627909183502197.
LOCAL_RANK: 0 - CUDA_VISIBLE_DEVICES: [0]
[I 2023-11-30 07:19:39,429] Trial 22 finished with value: 9.608084678649902 and parameters: {'gradient_clip_val': 0.2788248938876973, 'hidden_size': 109, 'dropout': 0.3990703936680154, 'hidden_continuous_size': 78, 'attention_head_size': 3, 'learning_rate': 0.010676801378511203}. Best is trial 5 with value: 6.627909183502197.
LOCAL_RANK: 0 - CUDA_VISIBLE_DEVICES: [0]
[I 2023-11-30 07:19:53,222] Trial 23 finished with value: 7.277824878692627 and parameters: {'gradient_clip_val': 0.21074678424726492, 'hidden_size': 80, 'dropout': 0.36911713675558705, 'hidden_continuous_size': 57, 'attention_head_size': 3, 'learning_rate': 0.016736647756673804}. Best is trial 5 with value: 6.627909183502197.
LOCAL_RANK: 0 - CUDA_VISIBLE_DEVICES: [0]
[I 2023-11-30 07:20:07,200] Trial 24 finished with value: 8.183384895324707 and parameters: {'gradient_clip_val': 0.29644342985658284, 'hidden_size': 79, 'dropout': 0.368445792882303, 'hidden_continuous_size': 49, 'attention_head_size': 2, 'learning_rate': 0.016572795062521024}. Best is trial 5 with value: 6.627909183502197.
LOCAL_RANK: 0 - CUDA_VISIBLE_DEVICES: [0]
[I 2023-11-30 07:20:20,715] Trial 25 finished with value: 7.237438201904297 and parameters: {'gradient_clip_val': 0.23331220124436255, 'hidden_size': 58, 'dropout': 0.3263573016626028, 'hidden_continuous_size': 46, 'attention_head_size': 3, 'learning_rate': 0.027782376137941697}. Best is trial 5 with value: 6.627909183502197.
LOCAL_RANK: 0 - CUDA_VISIBLE_DEVICES: [0]
[I 2023-11-30 07:20:34,242] Trial 26 finished with value: 8.50243854522705 and parameters: {'gradient_clip_val': 0.15910820572033765, 'hidden_size': 53, 'dropout': 0.3182266716593023, 'hidden_continuous_size': 44, 'attention_head_size': 4, 'learning_rate': 0.026245918192102015}. Best is trial 5 with value: 6.627909183502197.
LOCAL_RANK: 0 - CUDA_VISIBLE_DEVICES: [0]
[I 2023-11-30 07:20:48,609] Trial 27 finished with value: 9.581934928894043 and parameters: {'gradient_clip_val': 0.3996399019685306, 'hidden_size': 119, 'dropout': 0.2869260004007716, 'hidden_continuous_size': 87, 'attention_head_size': 3, 'learning_rate': 0.04437383603389438}. Best is trial 5 with value: 6.627909183502197.
LOCAL_RANK: 0 - CUDA_VISIBLE_DEVICES: [0]
[I 2023-11-30 07:21:01,846] Trial 28 finished with value: 7.898253917694092 and parameters: {'gradient_clip_val': 0.29744429388746946, 'hidden_size': 56, 'dropout': 0.2654182573944402, 'hidden_continuous_size': 46, 'attention_head_size': 2, 'learning_rate': 0.02818392928427434}. Best is trial 5 with value: 6.627909183502197.
LOCAL_RANK: 0 - CUDA_VISIBLE_DEVICES: [0]
[I 2023-11-30 07:21:15,628] Trial 29 finished with value: 7.822525501251221 and parameters: {'gradient_clip_val': 0.32694164321143443, 'hidden_size': 71, 'dropout': 0.22985543805368266, 'hidden_continuous_size': 53, 'attention_head_size': 1, 'learning_rate': 0.020586697087188008}. Best is trial 5 with value: 6.627909183502197.
LOCAL_RANK: 0 - CUDA_VISIBLE_DEVICES: [0]
[I 2023-11-30 07:21:29,142] Trial 30 finished with value: 11.45980453491211 and parameters: {'gradient_clip_val': 0.24549204768062208, 'hidden_size': 60, 'dropout': 0.2508084547836178, 'hidden_continuous_size': 49, 'attention_head_size': 4, 'learning_rate': 0.00853635893092993}. Best is trial 5 with value: 6.627909183502197.
LOCAL_RANK: 0 - CUDA_VISIBLE_DEVICES: [0]
[I 2023-11-30 07:21:42,997] Trial 31 finished with value: 7.385874271392822 and parameters: {'gradient_clip_val': 0.22840340038575688, 'hidden_size': 81, 'dropout': 0.34507957123032945, 'hidden_continuous_size': 56, 'attention_head_size': 3, 'learning_rate': 0.016896284592172878}. Best is trial 5 with value: 6.627909183502197.
LOCAL_RANK: 0 - CUDA_VISIBLE_DEVICES: [0]
[I 2023-11-30 07:21:56,788] Trial 32 finished with value: 7.627103328704834 and parameters: {'gradient_clip_val': 0.16803319816681844, 'hidden_size': 72, 'dropout': 0.3548657103001125, 'hidden_continuous_size': 56, 'attention_head_size': 3, 'learning_rate': 0.02026936283953189}. Best is trial 5 with value: 6.627909183502197.
LOCAL_RANK: 0 - CUDA_VISIBLE_DEVICES: [0]
[I 2023-11-30 07:22:10,733] Trial 33 finished with value: 8.768467903137207 and parameters: {'gradient_clip_val': 0.1326264986041656, 'hidden_size': 74, 'dropout': 0.32263766189165116, 'hidden_continuous_size': 59, 'attention_head_size': 3, 'learning_rate': 0.014924661680721324}. Best is trial 5 with value: 6.627909183502197.
LOCAL_RANK: 0 - CUDA_VISIBLE_DEVICES: [0]
[I 2023-11-30 07:22:24,907] Trial 34 finished with value: 19.23177146911621 and parameters: {'gradient_clip_val': 0.2249120989862821, 'hidden_size': 96, 'dropout': 0.36927461385165467, 'hidden_continuous_size': 71, 'attention_head_size': 3, 'learning_rate': 0.001184531635103973}. Best is trial 5 with value: 6.627909183502197.
LOCAL_RANK: 0 - CUDA_VISIBLE_DEVICES: [0]
[I 2023-11-30 07:22:39,167] Trial 35 finished with value: 7.824514389038086 and parameters: {'gradient_clip_val': 0.18023832953635055, 'hidden_size': 124, 'dropout': 0.33593402929472255, 'hidden_continuous_size': 96, 'attention_head_size': 3, 'learning_rate': 0.028511196935485657}. Best is trial 5 with value: 6.627909183502197.
LOCAL_RANK: 0 - CUDA_VISIBLE_DEVICES: [0]
