[I 2023-11-29 20:57:08,113] Trial 83 finished with value: 3.611116409301758 and parameters: {'gradient_clip_val': 0.19691006374036887, 'hidden_size': 104, 'dropout': 0.29835109569005364, 'hidden_continuous_size': 32, 'attention_head_size': 4, 'learning_rate': 0.005286086993657214}. Best is trial 34 with value: 2.7736833095550537.
LOCAL_RANK: 0 - CUDA_VISIBLE_DEVICES: [0]
[I 2023-11-29 20:57:22,310] Trial 84 finished with value: 3.123333692550659 and parameters: {'gradient_clip_val': 0.2430476779998375, 'hidden_size': 131, 'dropout': 0.3270471393843632, 'hidden_continuous_size': 26, 'attention_head_size': 4, 'learning_rate': 0.006070362793787688}. Best is trial 34 with value: 2.7736833095550537.
LOCAL_RANK: 0 - CUDA_VISIBLE_DEVICES: [0]
[I 2023-11-29 20:57:35,742] Trial 85 finished with value: 3.1569864749908447 and parameters: {'gradient_clip_val': 0.2988005002048388, 'hidden_size': 80, 'dropout': 0.28483995630687575, 'hidden_continuous_size': 30, 'attention_head_size': 3, 'learning_rate': 0.008012703933025458}. Best is trial 34 with value: 2.7736833095550537.
LOCAL_RANK: 0 - CUDA_VISIBLE_DEVICES: [0]
[I 2023-11-29 20:57:49,571] Trial 86 finished with value: 3.232750654220581 and parameters: {'gradient_clip_val': 0.45586459411081515, 'hidden_size': 117, 'dropout': 0.3430458849549235, 'hidden_continuous_size': 27, 'attention_head_size': 3, 'learning_rate': 0.003782148889137067}. Best is trial 34 with value: 2.7736833095550537.
LOCAL_RANK: 0 - CUDA_VISIBLE_DEVICES: [0]
[I 2023-11-29 20:58:03,292] Trial 87 finished with value: 3.269498825073242 and parameters: {'gradient_clip_val': 0.5827746897700935, 'hidden_size': 73, 'dropout': 0.33580897992460623, 'hidden_continuous_size': 38, 'attention_head_size': 3, 'learning_rate': 0.005367032158202351}. Best is trial 34 with value: 2.7736833095550537.
LOCAL_RANK: 0 - CUDA_VISIBLE_DEVICES: [0]
[I 2023-11-29 20:58:17,215] Trial 88 finished with value: 3.204911470413208 and parameters: {'gradient_clip_val': 0.26606015900796687, 'hidden_size': 112, 'dropout': 0.2612662654956173, 'hidden_continuous_size': 37, 'attention_head_size': 4, 'learning_rate': 0.0046812387185936714}. Best is trial 34 with value: 2.7736833095550537.
LOCAL_RANK: 0 - CUDA_VISIBLE_DEVICES: [0]
[I 2023-11-29 20:58:30,733] Trial 89 finished with value: 3.1676323413848877 and parameters: {'gradient_clip_val': 0.20859804430036033, 'hidden_size': 85, 'dropout': 0.35850324568770314, 'hidden_continuous_size': 33, 'attention_head_size': 1, 'learning_rate': 0.006982291629700663}. Best is trial 34 with value: 2.7736833095550537.
LOCAL_RANK: 0 - CUDA_VISIBLE_DEVICES: [0]
[I 2023-11-29 20:58:44,211] Trial 90 finished with value: 3.8648948669433594 and parameters: {'gradient_clip_val': 0.4322657863805612, 'hidden_size': 76, 'dropout': 0.310312591211373, 'hidden_continuous_size': 40, 'attention_head_size': 2, 'learning_rate': 0.010586667188282332}. Best is trial 34 with value: 2.7736833095550537.
LOCAL_RANK: 0 - CUDA_VISIBLE_DEVICES: [0]
[I 2023-11-29 20:58:57,641] Trial 91 finished with value: 3.049913167953491 and parameters: {'gradient_clip_val': 0.2833632810477851, 'hidden_size': 65, 'dropout': 0.3257426046170213, 'hidden_continuous_size': 22, 'attention_head_size': 3, 'learning_rate': 0.008017873903896019}. Best is trial 34 with value: 2.7736833095550537.
LOCAL_RANK: 0 - CUDA_VISIBLE_DEVICES: [0]
[I 2023-11-29 20:59:11,609] Trial 92 finished with value: 2.9823849201202393 and parameters: {'gradient_clip_val': 0.23347458214740832, 'hidden_size': 97, 'dropout': 0.2840225543401671, 'hidden_continuous_size': 34, 'attention_head_size': 3, 'learning_rate': 0.009220161253045395}. Best is trial 34 with value: 2.7736833095550537.
LOCAL_RANK: 0 - CUDA_VISIBLE_DEVICES: [0]
[I 2023-11-29 20:59:25,138] Trial 93 finished with value: 3.1850852966308594 and parameters: {'gradient_clip_val': 0.25270960184567265, 'hidden_size': 67, 'dropout': 0.3507693108832667, 'hidden_continuous_size': 42, 'attention_head_size': 3, 'learning_rate': 0.006144345179718288}. Best is trial 34 with value: 2.7736833095550537.
LOCAL_RANK: 0 - CUDA_VISIBLE_DEVICES: [0]
[I 2023-11-29 20:59:38,537] Trial 94 finished with value: 3.1268441677093506 and parameters: {'gradient_clip_val': 0.26999986836561646, 'hidden_size': 72, 'dropout': 0.22962048146042868, 'hidden_continuous_size': 25, 'attention_head_size': 3, 'learning_rate': 0.013853036019487059}. Best is trial 34 with value: 2.7736833095550537.
LOCAL_RANK: 0 - CUDA_VISIBLE_DEVICES: [0]
[I 2023-11-29 20:59:51,749] Trial 95 finished with value: 3.2187163829803467 and parameters: {'gradient_clip_val': 0.3039935821269841, 'hidden_size': 61, 'dropout': 0.20071069352058157, 'hidden_continuous_size': 20, 'attention_head_size': 3, 'learning_rate': 0.011538948250519758}. Best is trial 34 with value: 2.7736833095550537.
LOCAL_RANK: 0 - CUDA_VISIBLE_DEVICES: [0]
[I 2023-11-29 21:00:05,590] Trial 96 finished with value: 3.2977654933929443 and parameters: {'gradient_clip_val': 0.3473493159714445, 'hidden_size': 77, 'dropout': 0.18940348268286253, 'hidden_continuous_size': 48, 'attention_head_size': 4, 'learning_rate': 0.0073230280623078165}. Best is trial 34 with value: 2.7736833095550537.
LOCAL_RANK: 0 - CUDA_VISIBLE_DEVICES: [0]
[I 2023-11-29 21:00:19,313] Trial 97 finished with value: 3.233367919921875 and parameters: {'gradient_clip_val': 0.22815554329360543, 'hidden_size': 86, 'dropout': 0.24251313259018917, 'hidden_continuous_size': 32, 'attention_head_size': 3, 'learning_rate': 0.0066765830882124875}. Best is trial 34 with value: 2.7736833095550537.
LOCAL_RANK: 0 - CUDA_VISIBLE_DEVICES: [0]
[I 2023-11-29 21:00:32,628] Trial 98 finished with value: 3.1338751316070557 and parameters: {'gradient_clip_val': 0.2907298303220864, 'hidden_size': 56, 'dropout': 0.2206692937151307, 'hidden_continuous_size': 35, 'attention_head_size': 4, 'learning_rate': 0.00850100248708754}. Best is trial 34 with value: 2.7736833095550537.
LOCAL_RANK: 0 - CUDA_VISIBLE_DEVICES: [0]
[I 2023-11-29 21:00:46,153] Trial 99 finished with value: 3.0678577423095703 and parameters: {'gradient_clip_val': 0.3152975510989681, 'hidden_size': 92, 'dropout': 0.21253026204874317, 'hidden_continuous_size': 29, 'attention_head_size': 3, 'learning_rate': 0.010048489973728396}. Best is trial 34 with value: 2.7736833095550537.
LOCAL_RANK: 0 - CUDA_VISIBLE_DEVICES: [0]
[I 2023-11-29 21:00:59,471] Trial 100 finished with value: 2.9761059284210205 and parameters: {'gradient_clip_val': 0.24540749731049852, 'hidden_size': 70, 'dropout': 0.17461898226331116, 'hidden_continuous_size': 23, 'attention_head_size': 2, 'learning_rate': 0.004944240084280709}. Best is trial 34 with value: 2.7736833095550537.
LOCAL_RANK: 0 - CUDA_VISIBLE_DEVICES: [0]
[I 2023-11-29 21:01:12,925] Trial 101 finished with value: 4.004985809326172 and parameters: {'gradient_clip_val': 0.24481146650814367, 'hidden_size': 70, 'dropout': 0.1745330345597951, 'hidden_continuous_size': 22, 'attention_head_size': 2, 'learning_rate': 0.00575714621604417}. Best is trial 34 with value: 2.7736833095550537.
LOCAL_RANK: 0 - CUDA_VISIBLE_DEVICES: [0]
[I 2023-11-29 21:01:26,390] Trial 102 finished with value: 3.3515453338623047 and parameters: {'gradient_clip_val': 0.2573791906394586, 'hidden_size': 81, 'dropout': 0.3662699124677747, 'hidden_continuous_size': 19, 'attention_head_size': 2, 'learning_rate': 0.005274233477634041}. Best is trial 34 with value: 2.7736833095550537.
LOCAL_RANK: 0 - CUDA_VISIBLE_DEVICES: [0]
[I 2023-11-29 21:01:39,678] Trial 103 finished with value: 3.005932569503784 and parameters: {'gradient_clip_val': 0.332996636977002, 'hidden_size': 64, 'dropout': 0.165191063737208, 'hidden_continuous_size': 24, 'attention_head_size': 2, 'learning_rate': 0.004832839350390872}. Best is trial 34 with value: 2.7736833095550537.
LOCAL_RANK: 0 - CUDA_VISIBLE_DEVICES: [0]
[I 2023-11-29 21:01:52,899] Trial 104 finished with value: 3.151644468307495 and parameters: {'gradient_clip_val': 0.2698313280031611, 'hidden_size': 59, 'dropout': 0.3905212043522955, 'hidden_continuous_size': 23, 'attention_head_size': 2, 'learning_rate': 0.0067103666873607444}. Best is trial 34 with value: 2.7736833095550537.
LOCAL_RANK: 0 - CUDA_VISIBLE_DEVICES: [0]
[I 2023-11-29 21:02:06,199] Trial 105 finished with value: 3.0678510665893555 and parameters: {'gradient_clip_val': 0.39237618361588805, 'hidden_size': 69, 'dropout': 0.15357061605860114, 'hidden_continuous_size': 27, 'attention_head_size': 1, 'learning_rate': 0.004339278800740399}. Best is trial 34 with value: 2.7736833095550537.
LOCAL_RANK: 0 - CUDA_VISIBLE_DEVICES: [0]
[I 2023-11-29 21:02:20,273] Trial 106 finished with value: 3.489686965942383 and parameters: {'gradient_clip_val': 0.21275217810330888, 'hidden_size': 140, 'dropout': 0.1816546891283656, 'hidden_continuous_size': 17, 'attention_head_size': 3, 'learning_rate': 0.009378170851863718}. Best is trial 34 with value: 2.7736833095550537.
LOCAL_RANK: 0 - CUDA_VISIBLE_DEVICES: [0]
[I 2023-11-29 21:02:33,771] Trial 107 finished with value: 3.5602004528045654 and parameters: {'gradient_clip_val': 0.22529928365748264, 'hidden_size': 76, 'dropout': 0.19018546409760095, 'hidden_continuous_size': 21, 'attention_head_size': 3, 'learning_rate': 0.007634319820751221}. Best is trial 34 with value: 2.7736833095550537.
LOCAL_RANK: 0 - CUDA_VISIBLE_DEVICES: [0]
[I 2023-11-29 21:02:46,768] Trial 108 finished with value: 3.4865386486053467 and parameters: {'gradient_clip_val': 0.3645831005847469, 'hidden_size': 64, 'dropout': 0.1738526150847129, 'hidden_continuous_size': 23, 'attention_head_size': 2, 'learning_rate': 0.006137554720411689}. Best is trial 34 with value: 2.7736833095550537.
LOCAL_RANK: 0 - CUDA_VISIBLE_DEVICES: [0]
[I 2023-11-29 21:03:00,496] Trial 109 finished with value: 3.532222032546997 and parameters: {'gradient_clip_val': 0.28050980271076953, 'hidden_size': 85, 'dropout': 0.1982655569716108, 'hidden_continuous_size': 62, 'attention_head_size': 1, 'learning_rate': 0.010955654132406236}. Best is trial 34 with value: 2.7736833095550537.
LOCAL_RANK: 0 - CUDA_VISIBLE_DEVICES: [0]
[I 2023-11-29 21:03:14,001] Trial 110 finished with value: 3.399022340774536 and parameters: {'gradient_clip_val': 0.19914744758716932, 'hidden_size': 50, 'dropout': 0.2101021812006622, 'hidden_continuous_size': 40, 'attention_head_size': 4, 'learning_rate': 0.00556898901856816}. Best is trial 34 with value: 2.7736833095550537.
LOCAL_RANK: 0 - CUDA_VISIBLE_DEVICES: [0]
[I 2023-11-29 21:03:27,864] Trial 111 finished with value: 3.65826678276062 and parameters: {'gradient_clip_val': 0.25988697634624125, 'hidden_size': 104, 'dropout': 0.30516681814958313, 'hidden_continuous_size': 32, 'attention_head_size': 4, 'learning_rate': 0.09773639387852515}. Best is trial 34 with value: 2.7736833095550537.
LOCAL_RANK: 0 - CUDA_VISIBLE_DEVICES: [0]
[I 2023-11-29 21:03:41,719] Trial 112 finished with value: 3.1989810466766357 and parameters: {'gradient_clip_val': 0.2358599073611214, 'hidden_size': 97, 'dropout': 0.3317862901985407, 'hidden_continuous_size': 26, 'attention_head_size': 4, 'learning_rate': 0.07669869035742691}. Best is trial 34 with value: 2.7736833095550537.
LOCAL_RANK: 0 - CUDA_VISIBLE_DEVICES: [0]
[I 2023-11-29 21:03:55,564] Trial 113 finished with value: 3.3700010776519775 and parameters: {'gradient_clip_val': 0.24601808315544324, 'hidden_size': 101, 'dropout': 0.3102942758135664, 'hidden_continuous_size': 31, 'attention_head_size': 4, 'learning_rate': 0.0914223156301893}. Best is trial 34 with value: 2.7736833095550537.
LOCAL_RANK: 0 - CUDA_VISIBLE_DEVICES: [0]
[I 2023-11-29 21:04:09,075] Trial 114 finished with value: 3.236964464187622 and parameters: {'gradient_clip_val': 0.18368699977502512, 'hidden_size': 88, 'dropout': 0.32167874119468237, 'hidden_continuous_size': 30, 'attention_head_size': 4, 'learning_rate': 0.012547463529344677}. Best is trial 34 with value: 2.7736833095550537.
LOCAL_RANK: 0 - CUDA_VISIBLE_DEVICES: [0]
[I 2023-11-29 21:04:23,080] Trial 115 finished with value: 3.730372428894043 and parameters: {'gradient_clip_val': 0.21732443851995673, 'hidden_size': 115, 'dropout': 0.20359781765982296, 'hidden_continuous_size': 37, 'attention_head_size': 4, 'learning_rate': 0.05831846643996369}. Best is trial 34 with value: 2.7736833095550537.
LOCAL_RANK: 0 - CUDA_VISIBLE_DEVICES: [0]
[I 2023-11-29 21:04:36,962] Trial 116 finished with value: 3.4891464710235596 and parameters: {'gradient_clip_val': 0.30323037149149695, 'hidden_size': 107, 'dropout': 0.39852877357900435, 'hidden_continuous_size': 25, 'attention_head_size': 3, 'learning_rate': 0.008563776549246123}. Best is trial 34 with value: 2.7736833095550537.
LOCAL_RANK: 0 - CUDA_VISIBLE_DEVICES: [0]
[I 2023-11-29 21:04:50,604] Trial 117 finished with value: 3.059818983078003 and parameters: {'gradient_clip_val': 0.2627642106061199, 'hidden_size': 54, 'dropout': 0.3774055944870044, 'hidden_continuous_size': 35, 'attention_head_size': 4, 'learning_rate': 0.029570315206137315}. Best is trial 34 with value: 2.7736833095550537.
LOCAL_RANK: 0 - CUDA_VISIBLE_DEVICES: [0]
[I 2023-11-29 21:05:04,906] Trial 118 finished with value: 3.2739267349243164 and parameters: {'gradient_clip_val': 0.5188540696885593, 'hidden_size': 124, 'dropout': 0.1827536323668181, 'hidden_continuous_size': 83, 'attention_head_size': 3, 'learning_rate': 0.00504400700022903}. Best is trial 34 with value: 2.7736833095550537.
LOCAL_RANK: 0 - CUDA_VISIBLE_DEVICES: [0]
[I 2023-11-29 21:05:18,429] Trial 119 finished with value: 4.0584797859191895 and parameters: {'gradient_clip_val': 0.27549244982697535, 'hidden_size': 72, 'dropout': 0.29163033220812956, 'hidden_continuous_size': 29, 'attention_head_size': 3, 'learning_rate': 0.04516147568920805}. Best is trial 34 with value: 2.7736833095550537.
LOCAL_RANK: 0 - CUDA_VISIBLE_DEVICES: [0]
[I 2023-11-29 21:05:32,428] Trial 120 finished with value: 2.6951475143432617 and parameters: {'gradient_clip_val': 0.22901299410259013, 'hidden_size': 79, 'dropout': 0.29922150551491095, 'hidden_continuous_size': 53, 'attention_head_size': 4, 'learning_rate': 0.006899864765902496}. Best is trial 120 with value: 2.6951475143432617.
LOCAL_RANK: 0 - CUDA_VISIBLE_DEVICES: [0]
[I 2023-11-29 21:05:46,266] Trial 121 finished with value: 3.163285493850708 and parameters: {'gradient_clip_val': 0.20465302684897174, 'hidden_size': 79, 'dropout': 0.3147270506457906, 'hidden_continuous_size': 52, 'attention_head_size': 4, 'learning_rate': 0.0077805966763007306}. Best is trial 120 with value: 2.6951475143432617.
LOCAL_RANK: 0 - CUDA_VISIBLE_DEVICES: [0]
[I 2023-11-29 21:06:00,635] Trial 122 finished with value: 2.8653900623321533 and parameters: {'gradient_clip_val': 0.2231450142267534, 'hidden_size': 90, 'dropout': 0.2994415344635242, 'hidden_continuous_size': 68, 'attention_head_size': 4, 'learning_rate': 0.00679785261324176}. Best is trial 120 with value: 2.6951475143432617.
LOCAL_RANK: 0 - CUDA_VISIBLE_DEVICES: [0]
[I 2023-11-29 21:06:14,731] Trial 123 finished with value: 3.0186538696289062 and parameters: {'gradient_clip_val': 0.23357737396051026, 'hidden_size': 93, 'dropout': 0.28012677690737653, 'hidden_continuous_size': 68, 'attention_head_size': 4, 'learning_rate': 0.006835171397631458}. Best is trial 120 with value: 2.6951475143432617.
LOCAL_RANK: 0 - CUDA_VISIBLE_DEVICES: [0]
[I 2023-11-29 21:06:28,040] Trial 124 finished with value: 3.413742780685425 and parameters: {'gradient_clip_val': 0.21906721336748233, 'hidden_size': 59, 'dropout': 0.2996101667436245, 'hidden_continuous_size': 20, 'attention_head_size': 4, 'learning_rate': 0.006040259023310221}. Best is trial 120 with value: 2.6951475143432617.
LOCAL_RANK: 0 - CUDA_VISIBLE_DEVICES: [0]
[I 2023-11-29 21:06:41,779] Trial 125 finished with value: 2.8611161708831787 and parameters: {'gradient_clip_val': 0.1913948131852827, 'hidden_size': 68, 'dropout': 0.28984793649274176, 'hidden_continuous_size': 54, 'attention_head_size': 4, 'learning_rate': 0.009655312544231215}. Best is trial 120 with value: 2.6951475143432617.
LOCAL_RANK: 0 - CUDA_VISIBLE_DEVICES: [0]
[I 2023-11-29 21:06:55,710] Trial 126 finished with value: 2.9814136028289795 and parameters: {'gradient_clip_val': 0.1900270958036616, 'hidden_size': 82, 'dropout': 0.2926443393734862, 'hidden_continuous_size': 55, 'attention_head_size': 4, 'learning_rate': 0.010187159896055675}. Best is trial 120 with value: 2.6951475143432617.
LOCAL_RANK: 0 - CUDA_VISIBLE_DEVICES: [0]
[I 2023-11-29 21:07:09,826] Trial 127 finished with value: 3.1491267681121826 and parameters: {'gradient_clip_val': 0.20939652342528395, 'hidden_size': 74, 'dropout': 0.2996000516371246, 'hidden_continuous_size': 55, 'attention_head_size': 4, 'learning_rate': 0.009105339669872531}. Best is trial 120 with value: 2.6951475143432617.
LOCAL_RANK: 0 - CUDA_VISIBLE_DEVICES: [0]
[I 2023-11-29 21:07:23,437] Trial 128 finished with value: 3.107344388961792 and parameters: {'gradient_clip_val': 0.2241409948060556, 'hidden_size': 62, 'dropout': 0.27575036454511026, 'hidden_continuous_size': 50, 'attention_head_size': 4, 'learning_rate': 0.008148462554479022}. Best is trial 120 with value: 2.6951475143432617.
LOCAL_RANK: 0 - CUDA_VISIBLE_DEVICES: [0]
[I 2023-11-29 21:07:37,127] Trial 129 finished with value: 3.089703321456909 and parameters: {'gradient_clip_val': 0.17180496679896676, 'hidden_size': 67, 'dropout': 0.28677322069801525, 'hidden_continuous_size': 49, 'attention_head_size': 4, 'learning_rate': 0.007271162768768816}. Best is trial 120 with value: 2.6951475143432617.
LOCAL_RANK: 0 - CUDA_VISIBLE_DEVICES: [0]
[I 2023-11-29 21:07:51,098] Trial 130 finished with value: 3.2974488735198975 and parameters: {'gradient_clip_val': 0.189187105971551, 'hidden_size': 90, 'dropout': 0.2728693934121876, 'hidden_continuous_size': 61, 'attention_head_size': 4, 'learning_rate': 0.011525838990435772}. Best is trial 120 with value: 2.6951475143432617.
LOCAL_RANK: 0 - CUDA_VISIBLE_DEVICES: [0]
[I 2023-11-29 21:08:04,773] Trial 131 finished with value: 3.1210575103759766 and parameters: {'gradient_clip_val': 0.2438871214557272, 'hidden_size': 69, 'dropout': 0.2888257615131031, 'hidden_continuous_size': 46, 'attention_head_size': 4, 'learning_rate': 0.006403397260157794}. Best is trial 120 with value: 2.6951475143432617.
LOCAL_RANK: 0 - CUDA_VISIBLE_DEVICES: [0]
[I 2023-11-29 21:08:18,678] Trial 132 finished with value: 2.95237135887146 and parameters: {'gradient_clip_val': 0.20242104682148343, 'hidden_size': 78, 'dropout': 0.2944295447575801, 'hidden_continuous_size': 43, 'attention_head_size': 4, 'learning_rate': 0.009433572710836894}. Best is trial 120 with value: 2.6951475143432617.
LOCAL_RANK: 0 - CUDA_VISIBLE_DEVICES: [0]
[I 2023-11-29 21:08:32,474] Trial 133 finished with value: 3.5395781993865967 and parameters: {'gradient_clip_val': 0.20628949397382748, 'hidden_size': 78, 'dropout': 0.30477077416208126, 'hidden_continuous_size': 53, 'attention_head_size': 4, 'learning_rate': 0.009548006251148678}. Best is trial 120 with value: 2.6951475143432617.
LOCAL_RANK: 0 - CUDA_VISIBLE_DEVICES: [0]
[I 2023-11-29 21:08:46,164] Trial 134 finished with value: 3.431941270828247 and parameters: {'gradient_clip_val': 0.17232574764617248, 'hidden_size': 74, 'dropout': 0.29269064400381595, 'hidden_continuous_size': 47, 'attention_head_size': 4, 'learning_rate': 0.008539266387045379}. Best is trial 120 with value: 2.6951475143432617.
LOCAL_RANK: 0 - CUDA_VISIBLE_DEVICES: [0]
[I 2023-11-29 21:08:59,939] Trial 135 finished with value: 3.1269447803497314 and parameters: {'gradient_clip_val': 0.22538752143855673, 'hidden_size': 84, 'dropout': 0.28110346176686873, 'hidden_continuous_size': 45, 'attention_head_size': 4, 'learning_rate': 0.010596198938261268}. Best is trial 120 with value: 2.6951475143432617.
LOCAL_RANK: 0 - CUDA_VISIBLE_DEVICES: [0]
[I 2023-11-29 21:09:13,720] Trial 136 finished with value: 3.7465436458587646 and parameters: {'gradient_clip_val': 0.20963471124686964, 'hidden_size': 96, 'dropout': 0.29745233042533115, 'hidden_continuous_size': 58, 'attention_head_size': 4, 'learning_rate': 0.007488113517355621}. Best is trial 120 with value: 2.6951475143432617.
LOCAL_RANK: 0 - CUDA_VISIBLE_DEVICES: [0]
[I 2023-11-29 21:09:27,717] Trial 137 finished with value: 3.313776969909668 and parameters: {'gradient_clip_val': 0.19864347774226837, 'hidden_size': 88, 'dropout': 0.2633825278925881, 'hidden_continuous_size': 43, 'attention_head_size': 4, 'learning_rate': 0.013680837493361351}. Best is trial 120 with value: 2.6951475143432617.
LOCAL_RANK: 0 - CUDA_VISIBLE_DEVICES: [0]
[I 2023-11-29 21:09:41,333] Trial 138 finished with value: 3.189589262008667 and parameters: {'gradient_clip_val': 0.6661424885260985, 'hidden_size': 65, 'dropout': 0.31777936364879333, 'hidden_continuous_size': 43, 'attention_head_size': 4, 'learning_rate': 0.00894212529637606}. Best is trial 120 with value: 2.6951475143432617.
LOCAL_RANK: 0 - CUDA_VISIBLE_DEVICES: [0]
[I 2023-11-29 21:09:54,934] Trial 139 finished with value: 3.2797844409942627 and parameters: {'gradient_clip_val': 0.10562166231312661, 'hidden_size': 78, 'dropout': 0.31110408752280677, 'hidden_continuous_size': 41, 'attention_head_size': 3, 'learning_rate': 0.012264672702878596}. Best is trial 120 with value: 2.6951475143432617.
LOCAL_RANK: 0 - CUDA_VISIBLE_DEVICES: [0]
[I 2023-11-29 21:10:08,503] Trial 140 finished with value: 2.9904162883758545 and parameters: {'gradient_clip_val': 0.19390509676349765, 'hidden_size': 57, 'dropout': 0.30133854670984894, 'hidden_continuous_size': 51, 'attention_head_size': 3, 'learning_rate': 0.009950524560118483}. Best is trial 120 with value: 2.6951475143432617.
LOCAL_RANK: 0 - CUDA_VISIBLE_DEVICES: [0]
