[I 2023-11-30 09:40:52,488] Trial 78 finished with value: 161.6626434326172 and parameters: {'gradient_clip_val': 0.10526299476412072, 'hidden_size': 65, 'dropout': 0.18659254693159485, 'hidden_continuous_size': 33, 'attention_head_size': 2, 'learning_rate': 0.00952858130576259}. Best is trial 41 with value: 114.93972778320312.
LOCAL_RANK: 0 - CUDA_VISIBLE_DEVICES: [0]
[I 2023-11-30 09:41:05,929] Trial 79 finished with value: 137.7161407470703 and parameters: {'gradient_clip_val': 0.11743460869597959, 'hidden_size': 80, 'dropout': 0.2012896124432983, 'hidden_continuous_size': 39, 'attention_head_size': 2, 'learning_rate': 0.005178247266768526}. Best is trial 41 with value: 114.93972778320312.
LOCAL_RANK: 0 - CUDA_VISIBLE_DEVICES: [0]
[I 2023-11-30 09:41:19,489] Trial 80 finished with value: 158.63780212402344 and parameters: {'gradient_clip_val': 0.1803200779313643, 'hidden_size': 59, 'dropout': 0.1753660496549631, 'hidden_continuous_size': 35, 'attention_head_size': 2, 'learning_rate': 0.007079458368383412}. Best is trial 41 with value: 114.93972778320312.
LOCAL_RANK: 0 - CUDA_VISIBLE_DEVICES: [0]
[I 2023-11-30 09:41:32,604] Trial 81 finished with value: 143.4095001220703 and parameters: {'gradient_clip_val': 0.13254855247419065, 'hidden_size': 53, 'dropout': 0.22957379211886955, 'hidden_continuous_size': 29, 'attention_head_size': 2, 'learning_rate': 0.00593808974909659}. Best is trial 41 with value: 114.93972778320312.
LOCAL_RANK: 0 - CUDA_VISIBLE_DEVICES: [0]
[I 2023-11-30 09:41:45,682] Trial 82 finished with value: 142.20933532714844 and parameters: {'gradient_clip_val': 0.16660987531023796, 'hidden_size': 64, 'dropout': 0.21496341492510562, 'hidden_continuous_size': 26, 'attention_head_size': 2, 'learning_rate': 0.008649742263029052}. Best is trial 41 with value: 114.93972778320312.
LOCAL_RANK: 0 - CUDA_VISIBLE_DEVICES: [0]
[I 2023-11-30 09:41:58,876] Trial 83 finished with value: 150.3065643310547 and parameters: {'gradient_clip_val': 0.14227113372514222, 'hidden_size': 51, 'dropout': 0.20676335500458845, 'hidden_continuous_size': 31, 'attention_head_size': 3, 'learning_rate': 0.00397693116945717}. Best is trial 41 with value: 114.93972778320312.
LOCAL_RANK: 0 - CUDA_VISIBLE_DEVICES: [0]
[I 2023-11-30 09:42:12,108] Trial 84 finished with value: 133.57203674316406 and parameters: {'gradient_clip_val': 0.14987869824669736, 'hidden_size': 58, 'dropout': 0.19394653818956203, 'hidden_continuous_size': 24, 'attention_head_size': 3, 'learning_rate': 0.007355095311419582}. Best is trial 41 with value: 114.93972778320312.
LOCAL_RANK: 0 - CUDA_VISIBLE_DEVICES: [0]
[I 2023-11-30 09:42:25,799] Trial 85 finished with value: 131.84283447265625 and parameters: {'gradient_clip_val': 0.15197257545805704, 'hidden_size': 70, 'dropout': 0.1939635256444153, 'hidden_continuous_size': 34, 'attention_head_size': 2, 'learning_rate': 0.007693166048589339}. Best is trial 41 with value: 114.93972778320312.
LOCAL_RANK: 0 - CUDA_VISIBLE_DEVICES: [0]
[I 2023-11-30 09:42:39,246] Trial 86 finished with value: 138.06117248535156 and parameters: {'gradient_clip_val': 0.11863372609190449, 'hidden_size': 69, 'dropout': 0.19113412986037806, 'hidden_continuous_size': 37, 'attention_head_size': 2, 'learning_rate': 0.007626344810101081}. Best is trial 41 with value: 114.93972778320312.
LOCAL_RANK: 0 - CUDA_VISIBLE_DEVICES: [0]
[I 2023-11-30 09:42:52,628] Trial 87 finished with value: 126.82288360595703 and parameters: {'gradient_clip_val': 0.15201239955741022, 'hidden_size': 60, 'dropout': 0.19814273104781013, 'hidden_continuous_size': 34, 'attention_head_size': 3, 'learning_rate': 0.004885808974401428}. Best is trial 41 with value: 114.93972778320312.
LOCAL_RANK: 0 - CUDA_VISIBLE_DEVICES: [0]
[I 2023-11-30 09:43:05,980] Trial 88 finished with value: 134.5804443359375 and parameters: {'gradient_clip_val': 0.15162514293356869, 'hidden_size': 76, 'dropout': 0.1976154701369497, 'hidden_continuous_size': 34, 'attention_head_size': 3, 'learning_rate': 0.00620239660165272}. Best is trial 41 with value: 114.93972778320312.
LOCAL_RANK: 0 - CUDA_VISIBLE_DEVICES: [0]
[I 2023-11-30 09:43:19,696] Trial 89 finished with value: 149.352783203125 and parameters: {'gradient_clip_val': 0.1620234954446435, 'hidden_size': 88, 'dropout': 0.2046997571112925, 'hidden_continuous_size': 37, 'attention_head_size': 4, 'learning_rate': 0.005218893236482395}. Best is trial 41 with value: 114.93972778320312.
LOCAL_RANK: 0 - CUDA_VISIBLE_DEVICES: [0]
[I 2023-11-30 09:43:33,343] Trial 90 finished with value: 148.0003662109375 and parameters: {'gradient_clip_val': 0.14908900576978082, 'hidden_size': 57, 'dropout': 0.21749160203530143, 'hidden_continuous_size': 33, 'attention_head_size': 3, 'learning_rate': 0.008952565451650593}. Best is trial 41 with value: 114.93972778320312.
LOCAL_RANK: 0 - CUDA_VISIBLE_DEVICES: [0]
[I 2023-11-30 09:43:46,751] Trial 91 finished with value: 119.7176284790039 and parameters: {'gradient_clip_val': 0.12959228624027702, 'hidden_size': 70, 'dropout': 0.18379937547201355, 'hidden_continuous_size': 35, 'attention_head_size': 3, 'learning_rate': 0.003465172256855645}. Best is trial 41 with value: 114.93972778320312.
LOCAL_RANK: 0 - CUDA_VISIBLE_DEVICES: [0]
[I 2023-11-30 09:44:00,171] Trial 92 finished with value: 193.4283905029297 and parameters: {'gradient_clip_val': 0.12922860482238385, 'hidden_size': 72, 'dropout': 0.18209195902372466, 'hidden_continuous_size': 38, 'attention_head_size': 3, 'learning_rate': 0.003026280173054716}. Best is trial 41 with value: 114.93972778320312.
LOCAL_RANK: 0 - CUDA_VISIBLE_DEVICES: [0]
[I 2023-11-30 09:44:13,602] Trial 93 finished with value: 133.60345458984375 and parameters: {'gradient_clip_val': 0.1403360985963823, 'hidden_size': 68, 'dropout': 0.19580631035110008, 'hidden_continuous_size': 35, 'attention_head_size': 3, 'learning_rate': 0.004331731652850432}. Best is trial 41 with value: 114.93972778320312.
LOCAL_RANK: 0 - CUDA_VISIBLE_DEVICES: [0]
[I 2023-11-30 09:44:26,680] Trial 94 finished with value: 140.4512176513672 and parameters: {'gradient_clip_val': 0.12148376498063664, 'hidden_size': 60, 'dropout': 0.19011163170663573, 'hidden_continuous_size': 32, 'attention_head_size': 3, 'learning_rate': 0.003435482237125899}. Best is trial 41 with value: 114.93972778320312.
LOCAL_RANK: 0 - CUDA_VISIBLE_DEVICES: [0]
[I 2023-11-30 09:44:40,568] Trial 95 finished with value: 127.92565155029297 and parameters: {'gradient_clip_val': 0.16760850191424512, 'hidden_size': 78, 'dropout': 0.21112466465262422, 'hidden_continuous_size': 41, 'attention_head_size': 3, 'learning_rate': 0.006521798451552283}. Best is trial 41 with value: 114.93972778320312.
LOCAL_RANK: 0 - CUDA_VISIBLE_DEVICES: [0]
[I 2023-11-30 09:44:54,431] Trial 96 finished with value: 135.15216064453125 and parameters: {'gradient_clip_val': 0.16930723924942348, 'hidden_size': 86, 'dropout': 0.2107336121263671, 'hidden_continuous_size': 41, 'attention_head_size': 4, 'learning_rate': 0.004816108240451874}. Best is trial 41 with value: 114.93972778320312.
LOCAL_RANK: 0 - CUDA_VISIBLE_DEVICES: [0]
[I 2023-11-30 09:45:08,262] Trial 97 finished with value: 137.35960388183594 and parameters: {'gradient_clip_val': 0.11103361626043427, 'hidden_size': 83, 'dropout': 0.22426364770802645, 'hidden_continuous_size': 44, 'attention_head_size': 3, 'learning_rate': 0.0035942744780372935}. Best is trial 41 with value: 114.93972778320312.
LOCAL_RANK: 0 - CUDA_VISIBLE_DEVICES: [0]
[I 2023-11-30 09:45:21,743] Trial 98 finished with value: 136.50106811523438 and parameters: {'gradient_clip_val': 0.16001257209581632, 'hidden_size': 79, 'dropout': 0.20256971535488388, 'hidden_continuous_size': 38, 'attention_head_size': 1, 'learning_rate': 0.0055644993965850206}. Best is trial 41 with value: 114.93972778320312.
LOCAL_RANK: 0 - CUDA_VISIBLE_DEVICES: [0]
[I 2023-11-30 09:45:35,087] Trial 99 finished with value: 144.79095458984375 and parameters: {'gradient_clip_val': 0.19782689922311822, 'hidden_size': 72, 'dropout': 0.1786013632999885, 'hidden_continuous_size': 36, 'attention_head_size': 2, 'learning_rate': 0.0067388467403452865}. Best is trial 41 with value: 114.93972778320312.
LOCAL_RANK: 0 - CUDA_VISIBLE_DEVICES: [0]
[I 2023-11-30 09:45:48,494] Trial 100 finished with value: 136.51991271972656 and parameters: {'gradient_clip_val': 0.13246525058516154, 'hidden_size': 63, 'dropout': 0.21235343633208312, 'hidden_continuous_size': 34, 'attention_head_size': 3, 'learning_rate': 0.004140498290198049}. Best is trial 41 with value: 114.93972778320312.
LOCAL_RANK: 0 - CUDA_VISIBLE_DEVICES: [0]
[I 2023-11-30 09:46:02,256] Trial 101 finished with value: 176.8807830810547 and parameters: {'gradient_clip_val': 0.1529419601767352, 'hidden_size': 67, 'dropout': 0.19335844852234127, 'hidden_continuous_size': 36, 'attention_head_size': 3, 'learning_rate': 0.00815457140936895}. Best is trial 41 with value: 114.93972778320312.
LOCAL_RANK: 0 - CUDA_VISIBLE_DEVICES: [0]
[I 2023-11-30 09:46:15,693] Trial 102 finished with value: 139.9261474609375 and parameters: {'gradient_clip_val': 0.1455117254269214, 'hidden_size': 59, 'dropout': 0.18591951749534255, 'hidden_continuous_size': 34, 'attention_head_size': 3, 'learning_rate': 0.01005178316605537}. Best is trial 41 with value: 114.93972778320312.
LOCAL_RANK: 0 - CUDA_VISIBLE_DEVICES: [0]
[I 2023-11-30 09:46:29,282] Trial 103 finished with value: 180.68772888183594 and parameters: {'gradient_clip_val': 0.17476435084991135, 'hidden_size': 77, 'dropout': 0.20650975946402486, 'hidden_continuous_size': 30, 'attention_head_size': 3, 'learning_rate': 0.006533837161645983}. Best is trial 41 with value: 114.93972778320312.
LOCAL_RANK: 0 - CUDA_VISIBLE_DEVICES: [0]
[I 2023-11-30 09:46:42,518] Trial 104 finished with value: 154.8574676513672 and parameters: {'gradient_clip_val': 0.12518371558015523, 'hidden_size': 72, 'dropout': 0.19931863351752832, 'hidden_continuous_size': 40, 'attention_head_size': 3, 'learning_rate': 0.0074106669959524574}. Best is trial 41 with value: 114.93972778320312.
LOCAL_RANK: 0 - CUDA_VISIBLE_DEVICES: [0]
[I 2023-11-30 09:46:55,785] Trial 105 finished with value: 157.25148010253906 and parameters: {'gradient_clip_val': 0.1864697220864424, 'hidden_size': 54, 'dropout': 0.1721116182220976, 'hidden_continuous_size': 32, 'attention_head_size': 3, 'learning_rate': 0.006090745324732428}. Best is trial 41 with value: 114.93972778320312.
LOCAL_RANK: 0 - CUDA_VISIBLE_DEVICES: [0]
[I 2023-11-30 09:47:09,687] Trial 106 finished with value: 126.7682113647461 and parameters: {'gradient_clip_val': 0.1393719539416206, 'hidden_size': 94, 'dropout': 0.21814446634908144, 'hidden_continuous_size': 28, 'attention_head_size': 4, 'learning_rate': 0.005352733709533816}. Best is trial 41 with value: 114.93972778320312.
LOCAL_RANK: 0 - CUDA_VISIBLE_DEVICES: [0]
[I 2023-11-30 09:47:23,322] Trial 107 finished with value: 137.71946716308594 and parameters: {'gradient_clip_val': 0.1372372855278324, 'hidden_size': 80, 'dropout': 0.21457823746918758, 'hidden_continuous_size': 38, 'attention_head_size': 4, 'learning_rate': 0.004598774138011099}. Best is trial 41 with value: 114.93972778320312.
LOCAL_RANK: 0 - CUDA_VISIBLE_DEVICES: [0]
[I 2023-11-30 09:47:37,009] Trial 108 finished with value: 136.04441833496094 and parameters: {'gradient_clip_val': 0.16695197549240798, 'hidden_size': 94, 'dropout': 0.23267272258525923, 'hidden_continuous_size': 28, 'attention_head_size': 4, 'learning_rate': 0.004950278540552658}. Best is trial 41 with value: 114.93972778320312.
LOCAL_RANK: 0 - CUDA_VISIBLE_DEVICES: [0]
[I 2023-11-30 09:47:50,634] Trial 109 finished with value: 149.4029083251953 and parameters: {'gradient_clip_val': 0.11457668175056897, 'hidden_size': 91, 'dropout': 0.22434151356772125, 'hidden_continuous_size': 31, 'attention_head_size': 4, 'learning_rate': 0.0032642971901933777}. Best is trial 41 with value: 114.93972778320312.
LOCAL_RANK: 0 - CUDA_VISIBLE_DEVICES: [0]
[I 2023-11-30 09:48:04,065] Trial 110 finished with value: 165.7169647216797 and parameters: {'gradient_clip_val': 0.14027518607014736, 'hidden_size': 76, 'dropout': 0.218526764137572, 'hidden_continuous_size': 28, 'attention_head_size': 4, 'learning_rate': 0.005547455212048482}. Best is trial 41 with value: 114.93972778320312.
LOCAL_RANK: 0 - CUDA_VISIBLE_DEVICES: [0]
[I 2023-11-30 09:48:17,698] Trial 111 finished with value: 134.727294921875 and parameters: {'gradient_clip_val': 0.15463679227398147, 'hidden_size': 62, 'dropout': 0.19696088070768167, 'hidden_continuous_size': 30, 'attention_head_size': 4, 'learning_rate': 0.008693725332087314}. Best is trial 41 with value: 114.93972778320312.
LOCAL_RANK: 0 - CUDA_VISIBLE_DEVICES: [0]
[I 2023-11-30 09:48:31,125] Trial 112 finished with value: 179.48985290527344 and parameters: {'gradient_clip_val': 0.14819660406546806, 'hidden_size': 57, 'dropout': 0.20700231618344223, 'hidden_continuous_size': 27, 'attention_head_size': 4, 'learning_rate': 0.003765269998863783}. Best is trial 41 with value: 114.93972778320312.
LOCAL_RANK: 0 - CUDA_VISIBLE_DEVICES: [0]
[I 2023-11-30 09:48:44,665] Trial 113 finished with value: 185.7660675048828 and parameters: {'gradient_clip_val': 0.13130612901845642, 'hidden_size': 66, 'dropout': 0.18512502630479524, 'hidden_continuous_size': 33, 'attention_head_size': 3, 'learning_rate': 0.0074347295966685194}. Best is trial 41 with value: 114.93972778320312.
LOCAL_RANK: 0 - CUDA_VISIBLE_DEVICES: [0]
[I 2023-11-30 09:48:58,191] Trial 114 finished with value: 144.2818145751953 and parameters: {'gradient_clip_val': 0.178339468685298, 'hidden_size': 70, 'dropout': 0.17795759110745873, 'hidden_continuous_size': 25, 'attention_head_size': 4, 'learning_rate': 0.005496164890593453}. Best is trial 41 with value: 114.93972778320312.
LOCAL_RANK: 0 - CUDA_VISIBLE_DEVICES: [0]
[I 2023-11-30 09:49:11,848] Trial 115 finished with value: 168.06268310546875 and parameters: {'gradient_clip_val': 0.16365287016360364, 'hidden_size': 83, 'dropout': 0.19275086347589332, 'hidden_continuous_size': 23, 'attention_head_size': 2, 'learning_rate': 0.006723104637099943}. Best is trial 41 with value: 114.93972778320312.
LOCAL_RANK: 0 - CUDA_VISIBLE_DEVICES: [0]
[I 2023-11-30 09:49:25,824] Trial 116 finished with value: 152.58103942871094 and parameters: {'gradient_clip_val': 0.12274224826343746, 'hidden_size': 106, 'dropout': 0.20391580116729421, 'hidden_continuous_size': 42, 'attention_head_size': 3, 'learning_rate': 0.004248229690410648}. Best is trial 41 with value: 114.93972778320312.
LOCAL_RANK: 0 - CUDA_VISIBLE_DEVICES: [0]
[I 2023-11-30 09:49:39,153] Trial 117 finished with value: 174.5692596435547 and parameters: {'gradient_clip_val': 0.15601386499999287, 'hidden_size': 61, 'dropout': 0.1684224625804354, 'hidden_continuous_size': 31, 'attention_head_size': 3, 'learning_rate': 0.008249670819637577}. Best is trial 41 with value: 114.93972778320312.
LOCAL_RANK: 0 - CUDA_VISIBLE_DEVICES: [0]
[I 2023-11-30 09:49:52,441] Trial 118 finished with value: 123.72760009765625 and parameters: {'gradient_clip_val': 0.13632652328420225, 'hidden_size': 54, 'dropout': 0.18935139972362292, 'hidden_continuous_size': 29, 'attention_head_size': 4, 'learning_rate': 0.0061048268409893925}. Best is trial 41 with value: 114.93972778320312.
LOCAL_RANK: 0 - CUDA_VISIBLE_DEVICES: [0]
[I 2023-11-30 09:50:05,715] Trial 119 finished with value: 183.0377197265625 and parameters: {'gradient_clip_val': 0.13575523167276476, 'hidden_size': 51, 'dropout': 0.18744765396177268, 'hidden_continuous_size': 29, 'attention_head_size': 4, 'learning_rate': 0.0049644989691449235}. Best is trial 41 with value: 114.93972778320312.
LOCAL_RANK: 0 - CUDA_VISIBLE_DEVICES: [0]
[I 2023-11-30 09:50:19,283] Trial 120 finished with value: 133.4246063232422 and parameters: {'gradient_clip_val': 0.12818535298461695, 'hidden_size': 66, 'dropout': 0.21014657738152556, 'hidden_continuous_size': 32, 'attention_head_size': 4, 'learning_rate': 0.006240107742891081}. Best is trial 41 with value: 114.93972778320312.
LOCAL_RANK: 0 - CUDA_VISIBLE_DEVICES: [0]
[I 2023-11-30 09:50:32,936] Trial 121 finished with value: 129.33949279785156 and parameters: {'gradient_clip_val': 0.12866452985487586, 'hidden_size': 65, 'dropout': 0.21059172100462228, 'hidden_continuous_size': 32, 'attention_head_size': 4, 'learning_rate': 0.0062983611011857114}. Best is trial 41 with value: 114.93972778320312.
LOCAL_RANK: 0 - CUDA_VISIBLE_DEVICES: [0]
[I 2023-11-30 09:50:46,365] Trial 122 finished with value: 139.58001708984375 and parameters: {'gradient_clip_val': 0.12521075037059512, 'hidden_size': 65, 'dropout': 0.21077161644655135, 'hidden_continuous_size': 33, 'attention_head_size': 4, 'learning_rate': 0.0060223305948198455}. Best is trial 41 with value: 114.93972778320312.
LOCAL_RANK: 0 - CUDA_VISIBLE_DEVICES: [0]
[I 2023-11-30 09:50:59,894] Trial 123 finished with value: 124.77154541015625 and parameters: {'gradient_clip_val': 0.10396844170593036, 'hidden_size': 70, 'dropout': 0.2216908058891667, 'hidden_continuous_size': 35, 'attention_head_size': 4, 'learning_rate': 0.0062988447996365935}. Best is trial 41 with value: 114.93972778320312.
LOCAL_RANK: 0 - CUDA_VISIBLE_DEVICES: [0]
[I 2023-11-30 09:51:13,544] Trial 124 finished with value: 134.27171325683594 and parameters: {'gradient_clip_val': 0.10738135276163442, 'hidden_size': 74, 'dropout': 0.22695588093177751, 'hidden_continuous_size': 36, 'attention_head_size': 4, 'learning_rate': 0.005418071785178}. Best is trial 41 with value: 114.93972778320312.
LOCAL_RANK: 0 - CUDA_VISIBLE_DEVICES: [0]
[I 2023-11-30 09:51:27,328] Trial 125 finished with value: 168.77731323242188 and parameters: {'gradient_clip_val': 0.10016512161254307, 'hidden_size': 69, 'dropout': 0.22145660028157332, 'hidden_continuous_size': 35, 'attention_head_size': 4, 'learning_rate': 0.006734269019108813}. Best is trial 41 with value: 114.93972778320312.
LOCAL_RANK: 0 - CUDA_VISIBLE_DEVICES: [0]
[I 2023-11-30 09:51:41,083] Trial 126 finished with value: 179.6457977294922 and parameters: {'gradient_clip_val': 0.11797291395911395, 'hidden_size': 79, 'dropout': 0.20026089628557286, 'hidden_continuous_size': 39, 'attention_head_size': 4, 'learning_rate': 0.004608383227737397}. Best is trial 41 with value: 114.93972778320312.
LOCAL_RANK: 0 - CUDA_VISIBLE_DEVICES: [0]
[I 2023-11-30 09:51:54,750] Trial 127 finished with value: 147.20469665527344 and parameters: {'gradient_clip_val': 0.11349155882863159, 'hidden_size': 71, 'dropout': 0.1788620420142965, 'hidden_continuous_size': 34, 'attention_head_size': 4, 'learning_rate': 0.005697687561111774}. Best is trial 41 with value: 114.93972778320312.
LOCAL_RANK: 0 - CUDA_VISIBLE_DEVICES: [0]
[I 2023-11-30 09:52:08,542] Trial 128 finished with value: 163.68507385253906 and parameters: {'gradient_clip_val': 0.14332169119107127, 'hidden_size': 83, 'dropout': 0.2035685417545545, 'hidden_continuous_size': 37, 'attention_head_size': 4, 'learning_rate': 0.007793168633705061}. Best is trial 41 with value: 114.93972778320312.
LOCAL_RANK: 0 - CUDA_VISIBLE_DEVICES: [0]
[I 2023-11-30 09:52:21,923] Trial 129 finished with value: 163.92259216308594 and parameters: {'gradient_clip_val': 0.10797483285725759, 'hidden_size': 76, 'dropout': 0.2327394618546493, 'hidden_continuous_size': 30, 'attention_head_size': 4, 'learning_rate': 0.009080890191867965}. Best is trial 41 with value: 114.93972778320312.
LOCAL_RANK: 0 - CUDA_VISIBLE_DEVICES: [0]
[I 2023-11-30 09:52:35,617] Trial 130 finished with value: 152.6206817626953 and parameters: {'gradient_clip_val': 0.1193078434108309, 'hidden_size': 62, 'dropout': 0.1903415673924142, 'hidden_continuous_size': 34, 'attention_head_size': 4, 'learning_rate': 0.010754099238922349}. Best is trial 41 with value: 114.93972778320312.
LOCAL_RANK: 0 - CUDA_VISIBLE_DEVICES: [0]
[I 2023-11-30 09:52:49,031] Trial 131 finished with value: 131.5799102783203 and parameters: {'gradient_clip_val': 0.1269140019195007, 'hidden_size': 65, 'dropout': 0.23886876787616074, 'hidden_continuous_size': 32, 'attention_head_size': 4, 'learning_rate': 0.006470149432686845}. Best is trial 41 with value: 114.93972778320312.
LOCAL_RANK: 0 - CUDA_VISIBLE_DEVICES: [0]
[I 2023-11-30 09:53:02,436] Trial 132 finished with value: 164.8377227783203 and parameters: {'gradient_clip_val': 0.12929684383094273, 'hidden_size': 55, 'dropout': 0.24115070431489474, 'hidden_continuous_size': 32, 'attention_head_size': 4, 'learning_rate': 0.00702102754073756}. Best is trial 41 with value: 114.93972778320312.
LOCAL_RANK: 0 - CUDA_VISIBLE_DEVICES: [0]
[I 2023-11-30 09:53:15,868] Trial 133 finished with value: 135.4459228515625 and parameters: {'gradient_clip_val': 0.141319353475241, 'hidden_size': 64, 'dropout': 0.22275958598667853, 'hidden_continuous_size': 31, 'attention_head_size': 4, 'learning_rate': 0.005931154546421696}. Best is trial 41 with value: 114.93972778320312.
LOCAL_RANK: 0 - CUDA_VISIBLE_DEVICES: [0]
[I 2023-11-30 09:53:29,336] Trial 134 finished with value: 126.03485107421875 and parameters: {'gradient_clip_val': 0.10408028996820175, 'hidden_size': 69, 'dropout': 0.19841636256376916, 'hidden_continuous_size': 35, 'attention_head_size': 4, 'learning_rate': 0.0050514813245697236}. Best is trial 41 with value: 114.93972778320312.
LOCAL_RANK: 0 - CUDA_VISIBLE_DEVICES: [0]
[I 2023-11-30 09:53:43,008] Trial 135 finished with value: 202.47174072265625 and parameters: {'gradient_clip_val': 0.1042555164585209, 'hidden_size': 69, 'dropout': 0.2374801399295936, 'hidden_continuous_size': 35, 'attention_head_size': 4, 'learning_rate': 0.004826509982672317}. Best is trial 41 with value: 114.93972778320312.
LOCAL_RANK: 0 - CUDA_VISIBLE_DEVICES: [0]
