[I 2023-11-30 00:26:27,718] Trial 119 finished with value: 21.908784866333008 and parameters: {'gradient_clip_val': 0.49697638069033123, 'hidden_size': 125, 'dropout': 0.33988706066505336, 'hidden_continuous_size': 32, 'attention_head_size': 1, 'learning_rate': 0.07149547821549092}. Best is trial 110 with value: 19.078798294067383.
LOCAL_RANK: 0 - CUDA_VISIBLE_DEVICES: [0]
[I 2023-11-30 00:26:41,498] Trial 120 finished with value: 25.069015502929688 and parameters: {'gradient_clip_val': 0.5834522582999601, 'hidden_size': 115, 'dropout': 0.36030916793179135, 'hidden_continuous_size': 24, 'attention_head_size': 1, 'learning_rate': 0.04766591808498897}. Best is trial 110 with value: 19.078798294067383.
LOCAL_RANK: 0 - CUDA_VISIBLE_DEVICES: [0]
[I 2023-11-30 00:26:55,591] Trial 121 finished with value: 20.799209594726562 and parameters: {'gradient_clip_val': 0.6593318905457138, 'hidden_size': 143, 'dropout': 0.32119461758769774, 'hidden_continuous_size': 20, 'attention_head_size': 1, 'learning_rate': 0.0582583656606}. Best is trial 110 with value: 19.078798294067383.
LOCAL_RANK: 0 - CUDA_VISIBLE_DEVICES: [0]
[I 2023-11-30 00:27:09,624] Trial 122 finished with value: 22.78510284423828 and parameters: {'gradient_clip_val': 0.6442513369786527, 'hidden_size': 141, 'dropout': 0.33670859455541235, 'hidden_continuous_size': 23, 'attention_head_size': 1, 'learning_rate': 0.05974238449574965}. Best is trial 110 with value: 19.078798294067383.
LOCAL_RANK: 0 - CUDA_VISIBLE_DEVICES: [0]
[I 2023-11-30 00:27:23,554] Trial 123 finished with value: 22.368240356445312 and parameters: {'gradient_clip_val': 0.6647745333820838, 'hidden_size': 134, 'dropout': 0.3217936835258539, 'hidden_continuous_size': 20, 'attention_head_size': 1, 'learning_rate': 0.06456798502608674}. Best is trial 110 with value: 19.078798294067383.
LOCAL_RANK: 0 - CUDA_VISIBLE_DEVICES: [0]
[I 2023-11-30 00:27:37,537] Trial 124 finished with value: 21.681734085083008 and parameters: {'gradient_clip_val': 0.5564857318805161, 'hidden_size': 144, 'dropout': 0.3137750604468371, 'hidden_continuous_size': 19, 'attention_head_size': 1, 'learning_rate': 0.0547150970787189}. Best is trial 110 with value: 19.078798294067383.
LOCAL_RANK: 0 - CUDA_VISIBLE_DEVICES: [0]
[I 2023-11-30 00:27:51,478] Trial 125 finished with value: 26.336950302124023 and parameters: {'gradient_clip_val': 0.6248804872190453, 'hidden_size': 130, 'dropout': 0.2997483940802613, 'hidden_continuous_size': 26, 'attention_head_size': 1, 'learning_rate': 0.0787221468203672}. Best is trial 110 with value: 19.078798294067383.
LOCAL_RANK: 0 - CUDA_VISIBLE_DEVICES: [0]
[I 2023-11-30 00:28:05,343] Trial 126 finished with value: 24.628103256225586 and parameters: {'gradient_clip_val': 0.7139198376708518, 'hidden_size': 121, 'dropout': 0.3323269921466174, 'hidden_continuous_size': 24, 'attention_head_size': 1, 'learning_rate': 0.04592247698023316}. Best is trial 110 with value: 19.078798294067383.
LOCAL_RANK: 0 - CUDA_VISIBLE_DEVICES: [0]
[I 2023-11-30 00:28:19,381] Trial 127 finished with value: 24.218048095703125 and parameters: {'gradient_clip_val': 0.5169742667407018, 'hidden_size': 150, 'dropout': 0.32687693300669246, 'hidden_continuous_size': 18, 'attention_head_size': 1, 'learning_rate': 0.07136079760540168}. Best is trial 110 with value: 19.078798294067383.
LOCAL_RANK: 0 - CUDA_VISIBLE_DEVICES: [0]
[I 2023-11-30 00:28:33,158] Trial 128 finished with value: 22.83064842224121 and parameters: {'gradient_clip_val': 0.6937822876363905, 'hidden_size': 111, 'dropout': 0.31347371764288917, 'hidden_continuous_size': 22, 'attention_head_size': 1, 'learning_rate': 0.08938401068643118}. Best is trial 110 with value: 19.078798294067383.
LOCAL_RANK: 0 - CUDA_VISIBLE_DEVICES: [0]
[I 2023-11-30 00:28:47,175] Trial 129 finished with value: 25.074005126953125 and parameters: {'gradient_clip_val': 0.5904393649929972, 'hidden_size': 135, 'dropout': 0.3227206747160132, 'hidden_continuous_size': 45, 'attention_head_size': 1, 'learning_rate': 0.06029625354755884}. Best is trial 110 with value: 19.078798294067383.
LOCAL_RANK: 0 - CUDA_VISIBLE_DEVICES: [0]
[I 2023-11-30 00:29:01,173] Trial 130 finished with value: 24.153100967407227 and parameters: {'gradient_clip_val': 0.6625329402578952, 'hidden_size': 125, 'dropout': 0.3457028330400788, 'hidden_continuous_size': 22, 'attention_head_size': 3, 'learning_rate': 0.07885664136231321}. Best is trial 110 with value: 19.078798294067383.
LOCAL_RANK: 0 - CUDA_VISIBLE_DEVICES: [0]
[I 2023-11-30 00:29:15,085] Trial 131 finished with value: 25.242507934570312 and parameters: {'gradient_clip_val': 0.5438026001922321, 'hidden_size': 141, 'dropout': 0.33421053630107955, 'hidden_continuous_size': 28, 'attention_head_size': 1, 'learning_rate': 0.0521775409155226}. Best is trial 110 with value: 19.078798294067383.
LOCAL_RANK: 0 - CUDA_VISIBLE_DEVICES: [0]
[I 2023-11-30 00:29:28,747] Trial 132 finished with value: 23.986448287963867 and parameters: {'gradient_clip_val': 0.6204005616447505, 'hidden_size': 103, 'dropout': 0.3023800696736319, 'hidden_continuous_size': 25, 'attention_head_size': 1, 'learning_rate': 0.040697141466081874}. Best is trial 110 with value: 19.078798294067383.
LOCAL_RANK: 0 - CUDA_VISIBLE_DEVICES: [0]
[I 2023-11-30 00:29:41,462] Trial 133 finished with value: 21.57240867614746 and parameters: {'gradient_clip_val': 0.5673551802673308, 'hidden_size': 31, 'dropout': 0.3442552722407165, 'hidden_continuous_size': 30, 'attention_head_size': 1, 'learning_rate': 0.03476615828765008}. Best is trial 110 with value: 19.078798294067383.
LOCAL_RANK: 0 - CUDA_VISIBLE_DEVICES: [0]
[I 2023-11-30 00:29:53,979] Trial 134 finished with value: 21.911813735961914 and parameters: {'gradient_clip_val': 0.7968184638634096, 'hidden_size': 29, 'dropout': 0.3269343628809937, 'hidden_continuous_size': 27, 'attention_head_size': 1, 'learning_rate': 0.025363505026618115}. Best is trial 110 with value: 19.078798294067383.
LOCAL_RANK: 0 - CUDA_VISIBLE_DEVICES: [0]
[I 2023-11-30 00:30:07,862] Trial 135 finished with value: 22.216796875 and parameters: {'gradient_clip_val': 0.4857407779292776, 'hidden_size': 129, 'dropout': 0.295599060424924, 'hidden_continuous_size': 20, 'attention_head_size': 1, 'learning_rate': 0.06455483133730185}. Best is trial 110 with value: 19.078798294067383.
LOCAL_RANK: 0 - CUDA_VISIBLE_DEVICES: [0]
[I 2023-11-30 00:30:21,876] Trial 136 finished with value: 22.146459579467773 and parameters: {'gradient_clip_val': 0.6996676883361351, 'hidden_size': 119, 'dropout': 0.33929076439377986, 'hidden_continuous_size': 35, 'attention_head_size': 3, 'learning_rate': 0.05795029874673309}. Best is trial 110 with value: 19.078798294067383.
LOCAL_RANK: 0 - CUDA_VISIBLE_DEVICES: [0]
[I 2023-11-30 00:30:34,148] Trial 137 finished with value: 22.81108856201172 and parameters: {'gradient_clip_val': 0.6666749703726178, 'hidden_size': 28, 'dropout': 0.31320453864460174, 'hidden_continuous_size': 26, 'attention_head_size': 1, 'learning_rate': 0.04550677803011514}. Best is trial 110 with value: 19.078798294067383.
LOCAL_RANK: 0 - CUDA_VISIBLE_DEVICES: [0]
[I 2023-11-30 00:30:48,337] Trial 138 finished with value: 22.008249282836914 and parameters: {'gradient_clip_val': 0.7551988180307869, 'hidden_size': 143, 'dropout': 0.3543524866245924, 'hidden_continuous_size': 23, 'attention_head_size': 1, 'learning_rate': 0.06913068561329504}. Best is trial 110 with value: 19.078798294067383.
LOCAL_RANK: 0 - CUDA_VISIBLE_DEVICES: [0]
[I 2023-11-30 00:31:02,310] Trial 139 finished with value: 22.039398193359375 and parameters: {'gradient_clip_val': 0.5926393422414737, 'hidden_size': 136, 'dropout': 0.283897057685081, 'hidden_continuous_size': 37, 'attention_head_size': 1, 'learning_rate': 0.04885314152864412}. Best is trial 110 with value: 19.078798294067383.
LOCAL_RANK: 0 - CUDA_VISIBLE_DEVICES: [0]
[I 2023-11-30 00:31:15,244] Trial 140 finished with value: 24.198110580444336 and parameters: {'gradient_clip_val': 0.5114802975662879, 'hidden_size': 34, 'dropout': 0.3330537427266039, 'hidden_continuous_size': 31, 'attention_head_size': 4, 'learning_rate': 0.019507754432646365}. Best is trial 110 with value: 19.078798294067383.
LOCAL_RANK: 0 - CUDA_VISIBLE_DEVICES: [0]
[I 2023-11-30 00:31:29,611] Trial 141 finished with value: 27.438486099243164 and parameters: {'gradient_clip_val': 0.6379872652619195, 'hidden_size': 142, 'dropout': 0.3204459559546037, 'hidden_continuous_size': 33, 'attention_head_size': 4, 'learning_rate': 0.0378315656297183}. Best is trial 110 with value: 19.078798294067383.
LOCAL_RANK: 0 - CUDA_VISIBLE_DEVICES: [0]
[I 2023-11-30 00:31:44,118] Trial 142 finished with value: 23.162160873413086 and parameters: {'gradient_clip_val': 0.8838073937422599, 'hidden_size': 149, 'dropout': 0.3187221027352061, 'hidden_continuous_size': 40, 'attention_head_size': 4, 'learning_rate': 0.03247900853779148}. Best is trial 110 with value: 19.078798294067383.
LOCAL_RANK: 0 - CUDA_VISIBLE_DEVICES: [0]
[I 2023-11-30 00:31:58,536] Trial 143 finished with value: 26.98601722717285 and parameters: {'gradient_clip_val': 0.44716541374882224, 'hidden_size': 130, 'dropout': 0.30905359699128127, 'hidden_continuous_size': 33, 'attention_head_size': 4, 'learning_rate': 0.042522469227848775}. Best is trial 110 with value: 19.078798294067383.
LOCAL_RANK: 0 - CUDA_VISIBLE_DEVICES: [0]
[I 2023-11-30 00:32:12,431] Trial 144 finished with value: 21.845413208007812 and parameters: {'gradient_clip_val': 0.5371663656623475, 'hidden_size': 115, 'dropout': 0.30235204591594167, 'hidden_continuous_size': 15, 'attention_head_size': 4, 'learning_rate': 0.027339559520699858}. Best is trial 110 with value: 19.078798294067383.
LOCAL_RANK: 0 - CUDA_VISIBLE_DEVICES: [0]
[I 2023-11-30 00:32:26,875] Trial 145 finished with value: 23.09507179260254 and parameters: {'gradient_clip_val': 0.40801062567400803, 'hidden_size': 139, 'dropout': 0.23287232968588872, 'hidden_continuous_size': 55, 'attention_head_size': 4, 'learning_rate': 0.05342964297806632}. Best is trial 110 with value: 19.078798294067383.
LOCAL_RANK: 0 - CUDA_VISIBLE_DEVICES: [0]
[I 2023-11-30 00:32:41,181] Trial 146 finished with value: 27.161285400390625 and parameters: {'gradient_clip_val': 0.7263387578644608, 'hidden_size': 150, 'dropout': 0.3279837804498756, 'hidden_continuous_size': 29, 'attention_head_size': 3, 'learning_rate': 0.03039391109966107}. Best is trial 110 with value: 19.078798294067383.
LOCAL_RANK: 0 - CUDA_VISIBLE_DEVICES: [0]
[I 2023-11-30 00:32:53,754] Trial 147 finished with value: 23.93550682067871 and parameters: {'gradient_clip_val': 0.8273404191593224, 'hidden_size': 26, 'dropout': 0.31716648041122664, 'hidden_continuous_size': 24, 'attention_head_size': 4, 'learning_rate': 0.03662356890031501}. Best is trial 110 with value: 19.078798294067383.
LOCAL_RANK: 0 - CUDA_VISIBLE_DEVICES: [0]
[I 2023-11-30 00:33:07,654] Trial 148 finished with value: 26.35540199279785 and parameters: {'gradient_clip_val': 0.5629357195326519, 'hidden_size': 124, 'dropout': 0.2893550496995833, 'hidden_continuous_size': 37, 'attention_head_size': 1, 'learning_rate': 0.0758442763490045}. Best is trial 110 with value: 19.078798294067383.
LOCAL_RANK: 0 - CUDA_VISIBLE_DEVICES: [0]
[I 2023-11-30 00:33:21,642] Trial 149 finished with value: 22.39241600036621 and parameters: {'gradient_clip_val': 0.46581153193654046, 'hidden_size': 135, 'dropout': 0.3493494161075687, 'hidden_continuous_size': 19, 'attention_head_size': 1, 'learning_rate': 0.05589173220978995}. Best is trial 110 with value: 19.078798294067383.
[I 2023-11-30 00:33:21,754] A new study created in memory with name: no-name-672f6fa9-072a-4938-b3e5-4e1c16a4120b
/home/le004/conda/anaconda3/envs/tsff_env/lib/python3.9/site-packages/lightning/fabric/plugins/environments/slurm.py:191: The `srun` command is available on your system but is not used. HINT: If your intention is to run Lightning on SLURM, prepend your python command with `srun` like so: srun python /home/le004/master_thesis/git/TSFusionForecast/code/ ...
LOCAL_RANK: 0 - CUDA_VISIBLE_DEVICES: [0]
[I 2023-11-30 00:33:35,233] Trial 0 finished with value: 6.095826625823975 and parameters: {'gradient_clip_val': 0.24595427598473643, 'hidden_size': 76, 'dropout': 0.1497288786265485, 'hidden_continuous_size': 29, 'attention_head_size': 4, 'learning_rate': 0.002440558975405938}. Best is trial 0 with value: 6.095826625823975.
LOCAL_RANK: 0 - CUDA_VISIBLE_DEVICES: [0]
[I 2023-11-30 00:33:47,400] Trial 1 finished with value: 7.496888637542725 and parameters: {'gradient_clip_val': 0.16484066016044172, 'hidden_size': 15, 'dropout': 0.21171356194437843, 'hidden_continuous_size': 14, 'attention_head_size': 3, 'learning_rate': 0.005313733238646947}. Best is trial 0 with value: 6.095826625823975.
LOCAL_RANK: 0 - CUDA_VISIBLE_DEVICES: [0]
[I 2023-11-30 00:33:59,356] Trial 2 finished with value: 3.7327890396118164 and parameters: {'gradient_clip_val': 0.9025751458239214, 'hidden_size': 13, 'dropout': 0.33200711132056404, 'hidden_continuous_size': 11, 'attention_head_size': 2, 'learning_rate': 0.06426473756899363}. Best is trial 2 with value: 3.7327890396118164.
LOCAL_RANK: 0 - CUDA_VISIBLE_DEVICES: [0]
[I 2023-11-30 00:34:12,220] Trial 3 finished with value: 15.69286823272705 and parameters: {'gradient_clip_val': 0.15494037119149828, 'hidden_size': 31, 'dropout': 0.13453517638157222, 'hidden_continuous_size': 28, 'attention_head_size': 4, 'learning_rate': 0.0021549305653324117}. Best is trial 2 with value: 3.7327890396118164.
LOCAL_RANK: 0 - CUDA_VISIBLE_DEVICES: [0]
[I 2023-11-30 00:34:25,595] Trial 4 finished with value: 3.036879301071167 and parameters: {'gradient_clip_val': 0.4894672024116231, 'hidden_size': 70, 'dropout': 0.12965523421779052, 'hidden_continuous_size': 18, 'attention_head_size': 4, 'learning_rate': 0.022624177606035887}. Best is trial 4 with value: 3.036879301071167.
LOCAL_RANK: 0 - CUDA_VISIBLE_DEVICES: [0]
[I 2023-11-30 00:34:38,357] Trial 5 finished with value: 13.932246208190918 and parameters: {'gradient_clip_val': 0.13582143763170693, 'hidden_size': 48, 'dropout': 0.21601975640120877, 'hidden_continuous_size': 20, 'attention_head_size': 3, 'learning_rate': 0.0013889220526822877}. Best is trial 4 with value: 3.036879301071167.
LOCAL_RANK: 0 - CUDA_VISIBLE_DEVICES: [0]
[I 2023-11-30 00:34:50,596] Trial 6 finished with value: 8.234169960021973 and parameters: {'gradient_clip_val': 0.7043393540402666, 'hidden_size': 29, 'dropout': 0.15890158416614664, 'hidden_continuous_size': 12, 'attention_head_size': 2, 'learning_rate': 0.002547695897322125}. Best is trial 4 with value: 3.036879301071167.
LOCAL_RANK: 0 - CUDA_VISIBLE_DEVICES: [0]
[I 2023-11-30 00:35:03,180] Trial 7 finished with value: 3.539898633956909 and parameters: {'gradient_clip_val': 0.1702604407381775, 'hidden_size': 37, 'dropout': 0.3940209446069871, 'hidden_continuous_size': 24, 'attention_head_size': 1, 'learning_rate': 0.0139890607617554}. Best is trial 4 with value: 3.036879301071167.
LOCAL_RANK: 0 - CUDA_VISIBLE_DEVICES: [0]
[I 2023-11-30 00:35:15,737] Trial 8 finished with value: 3.415525436401367 and parameters: {'gradient_clip_val': 0.3958375103152605, 'hidden_size': 22, 'dropout': 0.19941492919191078, 'hidden_continuous_size': 12, 'attention_head_size': 4, 'learning_rate': 0.044708667252881897}. Best is trial 4 with value: 3.036879301071167.
LOCAL_RANK: 0 - CUDA_VISIBLE_DEVICES: [0]
[I 2023-11-30 00:35:29,508] Trial 9 finished with value: 3.039044141769409 and parameters: {'gradient_clip_val': 0.39001596335086675, 'hidden_size': 116, 'dropout': 0.23740434319774092, 'hidden_continuous_size': 28, 'attention_head_size': 2, 'learning_rate': 0.004296500793128221}. Best is trial 4 with value: 3.036879301071167.
LOCAL_RANK: 0 - CUDA_VISIBLE_DEVICES: [0]
[I 2023-11-30 00:35:43,613] Trial 10 finished with value: 3.136498212814331 and parameters: {'gradient_clip_val': 0.6147795367848741, 'hidden_size': 129, 'dropout': 0.11985466911269035, 'hidden_continuous_size': 55, 'attention_head_size': 3, 'learning_rate': 0.018447311764677694}. Best is trial 4 with value: 3.036879301071167.
LOCAL_RANK: 0 - CUDA_VISIBLE_DEVICES: [0]
[I 2023-11-30 00:35:58,301] Trial 11 finished with value: 3.7286031246185303 and parameters: {'gradient_clip_val': 0.4054136878451551, 'hidden_size': 147, 'dropout': 0.2795628118491879, 'hidden_continuous_size': 128, 'attention_head_size': 1, 'learning_rate': 0.006551540998217667}. Best is trial 4 with value: 3.036879301071167.
LOCAL_RANK: 0 - CUDA_VISIBLE_DEVICES: [0]
[I 2023-11-30 00:36:11,665] Trial 12 finished with value: 3.971073865890503 and parameters: {'gradient_clip_val': 0.31425150116898853, 'hidden_size': 77, 'dropout': 0.10422564464714465, 'hidden_continuous_size': 18, 'attention_head_size': 2, 'learning_rate': 0.02722507182893053}. Best is trial 4 with value: 3.036879301071167.
LOCAL_RANK: 0 - CUDA_VISIBLE_DEVICES: [0]
[I 2023-11-30 00:36:25,081] Trial 13 finished with value: 3.7947475910186768 and parameters: {'gradient_clip_val': 0.4306261828671581, 'hidden_size': 77, 'dropout': 0.26007732730270994, 'hidden_continuous_size': 18, 'attention_head_size': 2, 'learning_rate': 0.008616799316257969}. Best is trial 4 with value: 3.036879301071167.
LOCAL_RANK: 0 - CUDA_VISIBLE_DEVICES: [0]
[I 2023-11-30 00:36:39,040] Trial 14 finished with value: 3.408395528793335 and parameters: {'gradient_clip_val': 0.5392089985656743, 'hidden_size': 107, 'dropout': 0.17969658266263544, 'hidden_continuous_size': 38, 'attention_head_size': 3, 'learning_rate': 0.08974742957292246}. Best is trial 4 with value: 3.036879301071167.
LOCAL_RANK: 0 - CUDA_VISIBLE_DEVICES: [0]
[I 2023-11-30 00:36:51,862] Trial 15 finished with value: 3.671541213989258 and parameters: {'gradient_clip_val': 0.10390456458111014, 'hidden_size': 53, 'dropout': 0.2359144062345498, 'hidden_continuous_size': 15, 'attention_head_size': 1, 'learning_rate': 0.02746342762630221}. Best is trial 4 with value: 3.036879301071167.
LOCAL_RANK: 0 - CUDA_VISIBLE_DEVICES: [0]
[I 2023-11-30 00:37:05,900] Trial 16 finished with value: 3.6985254287719727 and parameters: {'gradient_clip_val': 0.2824805868903588, 'hidden_size': 106, 'dropout': 0.17798310882081264, 'hidden_continuous_size': 37, 'attention_head_size': 4, 'learning_rate': 0.0045997086990517124}. Best is trial 4 with value: 3.036879301071167.
LOCAL_RANK: 0 - CUDA_VISIBLE_DEVICES: [0]
[I 2023-11-30 00:37:18,909] Trial 17 finished with value: 3.9826600551605225 and parameters: {'gradient_clip_val': 0.23928766042481026, 'hidden_size': 58, 'dropout': 0.10818221551596245, 'hidden_continuous_size': 14, 'attention_head_size': 3, 'learning_rate': 0.010290395774563702}. Best is trial 4 with value: 3.036879301071167.
LOCAL_RANK: 0 - CUDA_VISIBLE_DEVICES: [0]
[I 2023-11-30 00:37:32,571] Trial 18 finished with value: 3.7095258235931396 and parameters: {'gradient_clip_val': 0.48394399954046996, 'hidden_size': 103, 'dropout': 0.1439166450164895, 'hidden_continuous_size': 21, 'attention_head_size': 2, 'learning_rate': 0.003934016032068739}. Best is trial 4 with value: 3.036879301071167.
LOCAL_RANK: 0 - CUDA_VISIBLE_DEVICES: [0]
[I 2023-11-30 00:37:46,949] Trial 19 finished with value: 3.6987266540527344 and parameters: {'gradient_clip_val': 0.36583267253091684, 'hidden_size': 145, 'dropout': 0.28143018655082064, 'hidden_continuous_size': 53, 'attention_head_size': 1, 'learning_rate': 0.009789420387526278}. Best is trial 4 with value: 3.036879301071167.
LOCAL_RANK: 0 - CUDA_VISIBLE_DEVICES: [0]
[I 2023-11-30 00:38:00,094] Trial 20 finished with value: 9.157505989074707 and parameters: {'gradient_clip_val': 0.7109870166955021, 'hidden_size': 66, 'dropout': 0.17624439740199566, 'hidden_continuous_size': 10, 'attention_head_size': 4, 'learning_rate': 0.0011572255291850103}. Best is trial 4 with value: 3.036879301071167.
LOCAL_RANK: 0 - CUDA_VISIBLE_DEVICES: [0]
[I 2023-11-30 00:38:13,979] Trial 21 finished with value: 3.579252243041992 and parameters: {'gradient_clip_val': 0.5555317853356814, 'hidden_size': 100, 'dropout': 0.1231709281888338, 'hidden_continuous_size': 47, 'attention_head_size': 3, 'learning_rate': 0.01720432810289114}. Best is trial 4 with value: 3.036879301071167.
LOCAL_RANK: 0 - CUDA_VISIBLE_DEVICES: [0]
[I 2023-11-30 00:38:28,296] Trial 22 finished with value: 3.2277138233184814 and parameters: {'gradient_clip_val': 0.6031294965430606, 'hidden_size': 148, 'dropout': 0.10690865468898916, 'hidden_continuous_size': 61, 'attention_head_size': 3, 'learning_rate': 0.019118593531834212}. Best is trial 4 with value: 3.036879301071167.
LOCAL_RANK: 0 - CUDA_VISIBLE_DEVICES: [0]
[I 2023-11-30 00:38:41,781] Trial 23 finished with value: 4.021544933319092 and parameters: {'gradient_clip_val': 0.5111025795752279, 'hidden_size': 92, 'dropout': 0.13774565994613866, 'hidden_continuous_size': 24, 'attention_head_size': 2, 'learning_rate': 0.02384703761856093}. Best is trial 4 with value: 3.036879301071167.
LOCAL_RANK: 0 - CUDA_VISIBLE_DEVICES: [0]
[I 2023-11-30 00:38:56,024] Trial 24 finished with value: 3.2670440673828125 and parameters: {'gradient_clip_val': 0.6615599985793263, 'hidden_size': 124, 'dropout': 0.15984831798867333, 'hidden_continuous_size': 31, 'attention_head_size': 4, 'learning_rate': 0.0385400711475526}. Best is trial 4 with value: 3.036879301071167.
LOCAL_RANK: 0 - CUDA_VISIBLE_DEVICES: [0]
[I 2023-11-30 00:39:09,628] Trial 25 finished with value: 3.4798545837402344 and parameters: {'gradient_clip_val': 0.8656910303777264, 'hidden_size': 87, 'dropout': 0.1262319278001343, 'hidden_continuous_size': 17, 'attention_head_size': 3, 'learning_rate': 0.013054325923412206}. Best is trial 4 with value: 3.036879301071167.
LOCAL_RANK: 0 - CUDA_VISIBLE_DEVICES: [0]
