[I 2023-11-29 22:55:08,685] Trial 9 finished with value: 225.0204315185547 and parameters: {'gradient_clip_val': 0.16297651699239038, 'hidden_size': 54, 'dropout': 0.30073302855017, 'hidden_continuous_size': 50, 'attention_head_size': 3, 'learning_rate': 0.002396753989985674}. Best is trial 0 with value: 155.27593994140625.
LOCAL_RANK: 0 - CUDA_VISIBLE_DEVICES: [0]
[I 2023-11-29 22:55:20,786] Trial 10 finished with value: 243.8994598388672 and parameters: {'gradient_clip_val': 0.3146612539796244, 'hidden_size': 11, 'dropout': 0.399147714279792, 'hidden_continuous_size': 10, 'attention_head_size': 1, 'learning_rate': 0.011357897320068132}. Best is trial 0 with value: 155.27593994140625.
LOCAL_RANK: 0 - CUDA_VISIBLE_DEVICES: [0]
[I 2023-11-29 22:55:33,386] Trial 11 finished with value: 185.1750030517578 and parameters: {'gradient_clip_val': 0.9347555203736945, 'hidden_size': 29, 'dropout': 0.12339511030560299, 'hidden_continuous_size': 17, 'attention_head_size': 4, 'learning_rate': 0.031737121481120706}. Best is trial 0 with value: 155.27593994140625.
LOCAL_RANK: 0 - CUDA_VISIBLE_DEVICES: [0]
[I 2023-11-29 22:55:45,956] Trial 12 finished with value: 143.78684997558594 and parameters: {'gradient_clip_val': 0.24099101288625108, 'hidden_size': 33, 'dropout': 0.1737566541693099, 'hidden_continuous_size': 17, 'attention_head_size': 2, 'learning_rate': 0.049572498395371624}. Best is trial 12 with value: 143.78684997558594.
LOCAL_RANK: 0 - CUDA_VISIBLE_DEVICES: [0]
[I 2023-11-29 22:55:58,693] Trial 13 finished with value: 186.89170837402344 and parameters: {'gradient_clip_val': 0.22609054885378693, 'hidden_size': 38, 'dropout': 0.16089519366866256, 'hidden_continuous_size': 21, 'attention_head_size': 2, 'learning_rate': 0.06084508119605491}. Best is trial 12 with value: 143.78684997558594.
LOCAL_RANK: 0 - CUDA_VISIBLE_DEVICES: [0]
[I 2023-11-29 22:56:11,120] Trial 14 finished with value: 213.23443603515625 and parameters: {'gradient_clip_val': 0.2168879228709318, 'hidden_size': 40, 'dropout': 0.10542545578433601, 'hidden_continuous_size': 17, 'attention_head_size': 1, 'learning_rate': 0.05194578064988392}. Best is trial 12 with value: 143.78684997558594.
LOCAL_RANK: 0 - CUDA_VISIBLE_DEVICES: [0]
[I 2023-11-29 22:56:23,135] Trial 15 finished with value: 362.5948486328125 and parameters: {'gradient_clip_val': 0.31661222129913025, 'hidden_size': 16, 'dropout': 0.16026889158864105, 'hidden_continuous_size': 11, 'attention_head_size': 2, 'learning_rate': 0.015081716663014132}. Best is trial 12 with value: 143.78684997558594.
LOCAL_RANK: 0 - CUDA_VISIBLE_DEVICES: [0]
[I 2023-11-29 22:56:35,440] Trial 16 finished with value: 214.1462860107422 and parameters: {'gradient_clip_val': 0.10182242374653969, 'hidden_size': 33, 'dropout': 0.2205319136276959, 'hidden_continuous_size': 15, 'attention_head_size': 1, 'learning_rate': 0.09930751648724291}. Best is trial 12 with value: 143.78684997558594.
LOCAL_RANK: 0 - CUDA_VISIBLE_DEVICES: [0]
[I 2023-11-29 22:56:47,651] Trial 17 finished with value: 173.2953338623047 and parameters: {'gradient_clip_val': 0.17319147917500086, 'hidden_size': 22, 'dropout': 0.2617474419921425, 'hidden_continuous_size': 16, 'attention_head_size': 2, 'learning_rate': 0.0430737929330398}. Best is trial 12 with value: 143.78684997558594.
LOCAL_RANK: 0 - CUDA_VISIBLE_DEVICES: [0]
[I 2023-11-29 22:56:57,678] Trial 18 finished with value: 193.0606231689453 and parameters: {'gradient_clip_val': 0.31664277582829004, 'hidden_size': 10, 'dropout': 0.18578455384940307, 'hidden_continuous_size': 10, 'attention_head_size': 1, 'learning_rate': 0.02360632898552762}. Best is trial 12 with value: 143.78684997558594.
LOCAL_RANK: 0 - CUDA_VISIBLE_DEVICES: [0]
[I 2023-11-29 22:57:10,496] Trial 19 finished with value: 185.8746795654297 and parameters: {'gradient_clip_val': 0.1371720781249736, 'hidden_size': 43, 'dropout': 0.144742876454499, 'hidden_continuous_size': 20, 'attention_head_size': 2, 'learning_rate': 0.016627738880636827}. Best is trial 12 with value: 143.78684997558594.
LOCAL_RANK: 0 - CUDA_VISIBLE_DEVICES: [0]
[I 2023-11-29 22:57:23,245] Trial 20 finished with value: 188.10498046875 and parameters: {'gradient_clip_val': 0.18837127377815122, 'hidden_size': 34, 'dropout': 0.10042655515180635, 'hidden_continuous_size': 20, 'attention_head_size': 1, 'learning_rate': 0.04430468622716285}. Best is trial 12 with value: 143.78684997558594.
LOCAL_RANK: 0 - CUDA_VISIBLE_DEVICES: [0]
[I 2023-11-29 22:57:35,549] Trial 21 finished with value: 178.6587371826172 and parameters: {'gradient_clip_val': 0.2356979536062237, 'hidden_size': 26, 'dropout': 0.19337042212394268, 'hidden_continuous_size': 13, 'attention_head_size': 3, 'learning_rate': 0.0278844095358616}. Best is trial 12 with value: 143.78684997558594.
LOCAL_RANK: 0 - CUDA_VISIBLE_DEVICES: [0]
[I 2023-11-29 22:57:47,741] Trial 22 finished with value: 150.34059143066406 and parameters: {'gradient_clip_val': 0.13417031134451535, 'hidden_size': 23, 'dropout': 0.17829498994981663, 'hidden_continuous_size': 12, 'attention_head_size': 3, 'learning_rate': 0.03204569833090877}. Best is trial 12 with value: 143.78684997558594.
LOCAL_RANK: 0 - CUDA_VISIBLE_DEVICES: [0]
[I 2023-11-29 22:57:59,946] Trial 23 finished with value: 182.469482421875 and parameters: {'gradient_clip_val': 0.12823422517048605, 'hidden_size': 19, 'dropout': 0.14304098057536463, 'hidden_continuous_size': 11, 'attention_head_size': 4, 'learning_rate': 0.03933088232912028}. Best is trial 12 with value: 143.78684997558594.
LOCAL_RANK: 0 - CUDA_VISIBLE_DEVICES: [0]
[I 2023-11-29 22:58:12,472] Trial 24 finished with value: 215.4901580810547 and parameters: {'gradient_clip_val': 0.12634323716901064, 'hidden_size': 31, 'dropout': 0.1743940547094473, 'hidden_continuous_size': 15, 'attention_head_size': 3, 'learning_rate': 0.0692579857497287}. Best is trial 12 with value: 143.78684997558594.
LOCAL_RANK: 0 - CUDA_VISIBLE_DEVICES: [0]
[I 2023-11-29 22:58:24,857] Trial 25 finished with value: 176.5519256591797 and parameters: {'gradient_clip_val': 0.17374483289634648, 'hidden_size': 25, 'dropout': 0.21146900717663197, 'hidden_continuous_size': 14, 'attention_head_size': 2, 'learning_rate': 0.03779353398645673}. Best is trial 12 with value: 143.78684997558594.
LOCAL_RANK: 0 - CUDA_VISIBLE_DEVICES: [0]
[I 2023-11-29 22:58:37,550] Trial 26 finished with value: 185.72169494628906 and parameters: {'gradient_clip_val': 0.1991055930772667, 'hidden_size': 48, 'dropout': 0.1386464378773844, 'hidden_continuous_size': 18, 'attention_head_size': 3, 'learning_rate': 0.06166013753252329}. Best is trial 12 with value: 143.78684997558594.
LOCAL_RANK: 0 - CUDA_VISIBLE_DEVICES: [0]
[I 2023-11-29 22:58:50,084] Trial 27 finished with value: 254.97984313964844 and parameters: {'gradient_clip_val': 0.14602351985384984, 'hidden_size': 34, 'dropout': 0.16856455952359398, 'hidden_continuous_size': 18, 'attention_head_size': 2, 'learning_rate': 0.01214038176370232}. Best is trial 12 with value: 143.78684997558594.
LOCAL_RANK: 0 - CUDA_VISIBLE_DEVICES: [0]
[I 2023-11-29 22:59:02,572] Trial 28 finished with value: 169.7008514404297 and parameters: {'gradient_clip_val': 0.15788561580362312, 'hidden_size': 29, 'dropout': 0.20489181584756233, 'hidden_continuous_size': 16, 'attention_head_size': 4, 'learning_rate': 0.022176669167413794}. Best is trial 12 with value: 143.78684997558594.
LOCAL_RANK: 0 - CUDA_VISIBLE_DEVICES: [0]
[I 2023-11-29 22:59:14,608] Trial 29 finished with value: 211.5675506591797 and parameters: {'gradient_clip_val': 0.10973381286229143, 'hidden_size': 26, 'dropout': 0.1602856424886321, 'hidden_continuous_size': 14, 'attention_head_size': 1, 'learning_rate': 0.008047519312724885}. Best is trial 12 with value: 143.78684997558594.
LOCAL_RANK: 0 - CUDA_VISIBLE_DEVICES: [0]
[I 2023-11-29 22:59:26,740] Trial 30 finished with value: 206.8376007080078 and parameters: {'gradient_clip_val': 0.11900018984069839, 'hidden_size': 13, 'dropout': 0.2342030121595493, 'hidden_continuous_size': 10, 'attention_head_size': 2, 'learning_rate': 0.01973785087053927}. Best is trial 12 with value: 143.78684997558594.
LOCAL_RANK: 0 - CUDA_VISIBLE_DEVICES: [0]
[I 2023-11-29 22:59:39,339] Trial 31 finished with value: 189.70887756347656 and parameters: {'gradient_clip_val': 0.14440964892400854, 'hidden_size': 29, 'dropout': 0.2015892894758282, 'hidden_continuous_size': 15, 'attention_head_size': 4, 'learning_rate': 0.02111933515717654}. Best is trial 12 with value: 143.78684997558594.
LOCAL_RANK: 0 - CUDA_VISIBLE_DEVICES: [0]
[I 2023-11-29 22:59:51,741] Trial 32 finished with value: 165.8645477294922 and parameters: {'gradient_clip_val': 0.1806863123058535, 'hidden_size': 21, 'dropout': 0.17689358531525456, 'hidden_continuous_size': 16, 'attention_head_size': 4, 'learning_rate': 0.03368093692355127}. Best is trial 12 with value: 143.78684997558594.
LOCAL_RANK: 0 - CUDA_VISIBLE_DEVICES: [0]
[I 2023-11-29 23:00:03,920] Trial 33 finished with value: 174.5806884765625 and parameters: {'gradient_clip_val': 0.19672291702199546, 'hidden_size': 21, 'dropout': 0.17307779276495677, 'hidden_continuous_size': 12, 'attention_head_size': 4, 'learning_rate': 0.036016973484113306}. Best is trial 12 with value: 143.78684997558594.
LOCAL_RANK: 0 - CUDA_VISIBLE_DEVICES: [0]
[I 2023-11-29 23:00:16,173] Trial 34 finished with value: 205.8743438720703 and parameters: {'gradient_clip_val': 0.11675202187126853, 'hidden_size': 18, 'dropout': 0.1830870783317564, 'hidden_continuous_size': 12, 'attention_head_size': 4, 'learning_rate': 0.03512847250984265}. Best is trial 12 with value: 143.78684997558594.
LOCAL_RANK: 0 - CUDA_VISIBLE_DEVICES: [0]
[I 2023-11-29 23:00:28,633] Trial 35 finished with value: 161.17002868652344 and parameters: {'gradient_clip_val': 0.26907431515512953, 'hidden_size': 23, 'dropout': 0.14648024303707455, 'hidden_continuous_size': 14, 'attention_head_size': 3, 'learning_rate': 0.02912159755566053}. Best is trial 12 with value: 143.78684997558594.
LOCAL_RANK: 0 - CUDA_VISIBLE_DEVICES: [0]
[I 2023-11-29 23:00:40,737] Trial 36 finished with value: 281.019287109375 and parameters: {'gradient_clip_val': 0.2402944972602281, 'hidden_size': 15, 'dropout': 0.14544093893055024, 'hidden_continuous_size': 11, 'attention_head_size': 3, 'learning_rate': 0.014846585891413173}. Best is trial 12 with value: 143.78684997558594.
LOCAL_RANK: 0 - CUDA_VISIBLE_DEVICES: [0]
[I 2023-11-29 23:00:52,946] Trial 37 finished with value: 139.7236328125 and parameters: {'gradient_clip_val': 0.27368170631567534, 'hidden_size': 23, 'dropout': 0.12200156391946129, 'hidden_continuous_size': 14, 'attention_head_size': 3, 'learning_rate': 0.02582345959986915}. Best is trial 37 with value: 139.7236328125.
LOCAL_RANK: 0 - CUDA_VISIBLE_DEVICES: [0]
[I 2023-11-29 23:01:05,067] Trial 38 finished with value: 158.6765899658203 and parameters: {'gradient_clip_val': 0.2054745218392843, 'hidden_size': 24, 'dropout': 0.11950655129438473, 'hidden_continuous_size': 13, 'attention_head_size': 3, 'learning_rate': 0.02471319477690402}. Best is trial 37 with value: 139.7236328125.
LOCAL_RANK: 0 - CUDA_VISIBLE_DEVICES: [0]
[I 2023-11-29 23:01:17,595] Trial 39 finished with value: 196.8330078125 and parameters: {'gradient_clip_val': 0.27366413615000734, 'hidden_size': 36, 'dropout': 0.12046905418997625, 'hidden_continuous_size': 19, 'attention_head_size': 3, 'learning_rate': 0.008975847258714253}. Best is trial 37 with value: 139.7236328125.
LOCAL_RANK: 0 - CUDA_VISIBLE_DEVICES: [0]
[I 2023-11-29 23:01:29,706] Trial 40 finished with value: 162.5680389404297 and parameters: {'gradient_clip_val': 0.3903207085942037, 'hidden_size': 17, 'dropout': 0.19559308619083465, 'hidden_continuous_size': 12, 'attention_head_size': 3, 'learning_rate': 0.07523981214034532}. Best is trial 37 with value: 139.7236328125.
LOCAL_RANK: 0 - CUDA_VISIBLE_DEVICES: [0]
[I 2023-11-29 23:01:41,827] Trial 41 finished with value: 157.7337188720703 and parameters: {'gradient_clip_val': 0.20767715205193663, 'hidden_size': 24, 'dropout': 0.1261932260072992, 'hidden_continuous_size': 13, 'attention_head_size': 3, 'learning_rate': 0.025051323734683717}. Best is trial 37 with value: 139.7236328125.
LOCAL_RANK: 0 - CUDA_VISIBLE_DEVICES: [0]
[I 2023-11-29 23:01:54,235] Trial 42 finished with value: 177.2296905517578 and parameters: {'gradient_clip_val': 0.2142502567464979, 'hidden_size': 27, 'dropout': 0.1315083827744672, 'hidden_continuous_size': 13, 'attention_head_size': 3, 'learning_rate': 0.048973323921253045}. Best is trial 37 with value: 139.7236328125.
LOCAL_RANK: 0 - CUDA_VISIBLE_DEVICES: [0]
[I 2023-11-29 23:02:06,300] Trial 43 finished with value: 169.02989196777344 and parameters: {'gradient_clip_val': 0.16239680699335876, 'hidden_size': 20, 'dropout': 0.1524767996404149, 'hidden_continuous_size': 13, 'attention_head_size': 3, 'learning_rate': 0.020489275372353948}. Best is trial 37 with value: 139.7236328125.
LOCAL_RANK: 0 - CUDA_VISIBLE_DEVICES: [0]
[I 2023-11-29 23:02:18,406] Trial 44 finished with value: 169.23097229003906 and parameters: {'gradient_clip_val': 0.26047093387164544, 'hidden_size': 23, 'dropout': 0.11146618098319756, 'hidden_continuous_size': 14, 'attention_head_size': 3, 'learning_rate': 0.03004542123590943}. Best is trial 37 with value: 139.7236328125.
LOCAL_RANK: 0 - CUDA_VISIBLE_DEVICES: [0]
[I 2023-11-29 23:02:30,781] Trial 45 finished with value: 167.54364013671875 and parameters: {'gradient_clip_val': 0.18514464345015372, 'hidden_size': 29, 'dropout': 0.12869138843225064, 'hidden_continuous_size': 18, 'attention_head_size': 2, 'learning_rate': 0.05247054337723915}. Best is trial 37 with value: 139.7236328125.
LOCAL_RANK: 0 - CUDA_VISIBLE_DEVICES: [0]
[I 2023-11-29 23:02:43,192] Trial 46 finished with value: 160.01390075683594 and parameters: {'gradient_clip_val': 0.2195346524758328, 'hidden_size': 19, 'dropout': 0.16005245882484045, 'hidden_continuous_size': 12, 'attention_head_size': 3, 'learning_rate': 0.028282013765098604}. Best is trial 37 with value: 139.7236328125.
LOCAL_RANK: 0 - CUDA_VISIBLE_DEVICES: [0]
[I 2023-11-29 23:02:55,730] Trial 47 finished with value: 158.9324188232422 and parameters: {'gradient_clip_val': 0.15234553608718945, 'hidden_size': 32, 'dropout': 0.11365858264903714, 'hidden_continuous_size': 22, 'attention_head_size': 2, 'learning_rate': 0.017832350444983915}. Best is trial 37 with value: 139.7236328125.
LOCAL_RANK: 0 - CUDA_VISIBLE_DEVICES: [0]
[I 2023-11-29 23:03:08,389] Trial 48 finished with value: 194.0762176513672 and parameters: {'gradient_clip_val': 0.23502170989047758, 'hidden_size': 38, 'dropout': 0.12808327658419916, 'hidden_continuous_size': 24, 'attention_head_size': 1, 'learning_rate': 0.024422901379109813}. Best is trial 37 with value: 139.7236328125.
LOCAL_RANK: 0 - CUDA_VISIBLE_DEVICES: [0]
[I 2023-11-29 23:03:20,326] Trial 49 finished with value: 155.2003631591797 and parameters: {'gradient_clip_val': 0.2972895618154404, 'hidden_size': 24, 'dropout': 0.10046334385968847, 'hidden_continuous_size': 15, 'attention_head_size': 3, 'learning_rate': 0.014437400739082546}. Best is trial 37 with value: 139.7236328125.
LOCAL_RANK: 0 - CUDA_VISIBLE_DEVICES: [0]
[I 2023-11-29 23:03:32,476] Trial 50 finished with value: 301.8393249511719 and parameters: {'gradient_clip_val': 0.28395212966628985, 'hidden_size': 15, 'dropout': 0.11165625099768144, 'hidden_continuous_size': 14, 'attention_head_size': 2, 'learning_rate': 0.013685368821714804}. Best is trial 37 with value: 139.7236328125.
LOCAL_RANK: 0 - CUDA_VISIBLE_DEVICES: [0]
[I 2023-11-29 23:03:44,595] Trial 51 finished with value: 160.1893768310547 and parameters: {'gradient_clip_val': 0.29635773005410904, 'hidden_size': 24, 'dropout': 0.10506984626809106, 'hidden_continuous_size': 15, 'attention_head_size': 3, 'learning_rate': 0.018217300445974673}. Best is trial 37 with value: 139.7236328125.
LOCAL_RANK: 0 - CUDA_VISIBLE_DEVICES: [0]
[I 2023-11-29 23:03:56,782] Trial 52 finished with value: 270.1292419433594 and parameters: {'gradient_clip_val': 0.33591819593116967, 'hidden_size': 21, 'dropout': 0.13384803960788813, 'hidden_continuous_size': 13, 'attention_head_size': 3, 'learning_rate': 0.011869388845398341}. Best is trial 37 with value: 139.7236328125.
LOCAL_RANK: 0 - CUDA_VISIBLE_DEVICES: [0]
[I 2023-11-29 23:04:09,237] Trial 53 finished with value: 229.6485595703125 and parameters: {'gradient_clip_val': 0.25561761395314325, 'hidden_size': 29, 'dropout': 0.10136967705326194, 'hidden_continuous_size': 17, 'attention_head_size': 3, 'learning_rate': 0.01776343216022557}. Best is trial 37 with value: 139.7236328125.
LOCAL_RANK: 0 - CUDA_VISIBLE_DEVICES: [0]
[I 2023-11-29 23:04:21,206] Trial 54 finished with value: 152.47640991210938 and parameters: {'gradient_clip_val': 0.24078927372816275, 'hidden_size': 24, 'dropout': 0.15092406270868577, 'hidden_continuous_size': 15, 'attention_head_size': 3, 'learning_rate': 0.02448415157413939}. Best is trial 37 with value: 139.7236328125.
LOCAL_RANK: 0 - CUDA_VISIBLE_DEVICES: [0]
[I 2023-11-29 23:04:33,598] Trial 55 finished with value: 178.2311248779297 and parameters: {'gradient_clip_val': 0.23272226052065226, 'hidden_size': 27, 'dropout': 0.1545750875773607, 'hidden_continuous_size': 16, 'attention_head_size': 3, 'learning_rate': 0.04019225464433331}. Best is trial 37 with value: 139.7236328125.
LOCAL_RANK: 0 - CUDA_VISIBLE_DEVICES: [0]
[I 2023-11-29 23:04:45,841] Trial 56 finished with value: 194.2628173828125 and parameters: {'gradient_clip_val': 0.24791402272589766, 'hidden_size': 22, 'dropout': 0.16664143998394854, 'hidden_continuous_size': 15, 'attention_head_size': 1, 'learning_rate': 0.031724126570848776}. Best is trial 37 with value: 139.7236328125.
LOCAL_RANK: 0 - CUDA_VISIBLE_DEVICES: [0]
[I 2023-11-29 23:04:58,539] Trial 57 finished with value: 210.2017822265625 and parameters: {'gradient_clip_val': 0.33991534845420635, 'hidden_size': 33, 'dropout': 0.18715312958435396, 'hidden_continuous_size': 17, 'attention_head_size': 3, 'learning_rate': 0.016445813427030897}. Best is trial 37 with value: 139.7236328125.
LOCAL_RANK: 0 - CUDA_VISIBLE_DEVICES: [0]
[I 2023-11-29 23:05:10,785] Trial 58 finished with value: 153.175048828125 and parameters: {'gradient_clip_val': 0.29667524258131983, 'hidden_size': 18, 'dropout': 0.13888406882412938, 'hidden_continuous_size': 15, 'attention_head_size': 2, 'learning_rate': 0.04486330913161418}. Best is trial 37 with value: 139.7236328125.
LOCAL_RANK: 0 - CUDA_VISIBLE_DEVICES: [0]
[I 2023-11-29 23:05:22,914] Trial 59 finished with value: 160.82403564453125 and parameters: {'gradient_clip_val': 0.36070315394731733, 'hidden_size': 18, 'dropout': 0.13697845145672205, 'hidden_continuous_size': 15, 'attention_head_size': 2, 'learning_rate': 0.05056409068900238}. Best is trial 37 with value: 139.7236328125.
LOCAL_RANK: 0 - CUDA_VISIBLE_DEVICES: [0]
[I 2023-11-29 23:05:34,909] Trial 60 finished with value: 178.3986358642578 and parameters: {'gradient_clip_val': 0.2934124507003427, 'hidden_size': 20, 'dropout': 0.15059193335858434, 'hidden_continuous_size': 15, 'attention_head_size': 2, 'learning_rate': 0.042590538797700445}. Best is trial 37 with value: 139.7236328125.
LOCAL_RANK: 0 - CUDA_VISIBLE_DEVICES: [0]
[I 2023-11-29 23:05:47,330] Trial 61 finished with value: 175.3613739013672 and parameters: {'gradient_clip_val': 0.26109602358467066, 'hidden_size': 25, 'dropout': 0.13872037357462066, 'hidden_continuous_size': 16, 'attention_head_size': 2, 'learning_rate': 0.021795194550831388}. Best is trial 37 with value: 139.7236328125.
LOCAL_RANK: 0 - CUDA_VISIBLE_DEVICES: [0]
[I 2023-11-29 23:05:59,423] Trial 62 finished with value: 175.0155487060547 and parameters: {'gradient_clip_val': 0.3006466094886528, 'hidden_size': 22, 'dropout': 0.16444992750391751, 'hidden_continuous_size': 16, 'attention_head_size': 2, 'learning_rate': 0.026401659297777918}. Best is trial 37 with value: 139.7236328125.
LOCAL_RANK: 0 - CUDA_VISIBLE_DEVICES: [0]
[I 2023-11-29 23:06:11,831] Trial 63 finished with value: 142.20863342285156 and parameters: {'gradient_clip_val': 0.22058221390607374, 'hidden_size': 27, 'dropout': 0.1781918347689067, 'hidden_continuous_size': 17, 'attention_head_size': 3, 'learning_rate': 0.030131254317770556}. Best is trial 37 with value: 139.7236328125.
LOCAL_RANK: 0 - CUDA_VISIBLE_DEVICES: [0]
[I 2023-11-29 23:06:24,094] Trial 64 finished with value: 159.06390380859375 and parameters: {'gradient_clip_val': 0.27842711121154373, 'hidden_size': 27, 'dropout': 0.11637541804720039, 'hidden_continuous_size': 17, 'attention_head_size': 3, 'learning_rate': 0.03216860366342226}. Best is trial 37 with value: 139.7236328125.
LOCAL_RANK: 0 - CUDA_VISIBLE_DEVICES: [0]
[I 2023-11-29 23:06:36,922] Trial 65 finished with value: 165.49942016601562 and parameters: {'gradient_clip_val': 0.22079827494558138, 'hidden_size': 42, 'dropout': 0.17792530774543494, 'hidden_continuous_size': 19, 'attention_head_size': 3, 'learning_rate': 0.03762153130377938}. Best is trial 37 with value: 139.7236328125.
LOCAL_RANK: 0 - CUDA_VISIBLE_DEVICES: [0]
[I 2023-11-29 23:06:49,409] Trial 66 finished with value: 165.36524963378906 and parameters: {'gradient_clip_val': 0.24366767135381084, 'hidden_size': 32, 'dropout': 0.15424591045389216, 'hidden_continuous_size': 14, 'attention_head_size': 3, 'learning_rate': 0.046826534539789286}. Best is trial 37 with value: 139.7236328125.
LOCAL_RANK: 0 - CUDA_VISIBLE_DEVICES: [0]
[I 2023-11-29 23:07:01,781] Trial 67 finished with value: 178.8047637939453 and parameters: {'gradient_clip_val': 0.19164269037204643, 'hidden_size': 26, 'dropout': 0.13689251528960672, 'hidden_continuous_size': 17, 'attention_head_size': 2, 'learning_rate': 0.05796237862507187}. Best is trial 37 with value: 139.7236328125.
LOCAL_RANK: 0 - CUDA_VISIBLE_DEVICES: [0]
