[I 2023-11-30 09:03:00,912] Trial 53 finished with value: 160.7276611328125 and parameters: {'gradient_clip_val': 0.9258772454184794, 'hidden_size': 49, 'dropout': 0.30444223112500785, 'hidden_continuous_size': 12, 'attention_head_size': 2, 'learning_rate': 0.01346337372210686}. Best is trial 50 with value: 109.42589569091797.
LOCAL_RANK: 0 - CUDA_VISIBLE_DEVICES: [0]
[I 2023-11-30 09:03:13,553] Trial 54 finished with value: 149.73785400390625 and parameters: {'gradient_clip_val': 0.6393825398301349, 'hidden_size': 41, 'dropout': 0.326238385441532, 'hidden_continuous_size': 14, 'attention_head_size': 2, 'learning_rate': 0.008173259678613562}. Best is trial 50 with value: 109.42589569091797.
LOCAL_RANK: 0 - CUDA_VISIBLE_DEVICES: [0]
[I 2023-11-30 09:03:25,707] Trial 55 finished with value: 236.590087890625 and parameters: {'gradient_clip_val': 0.557116620441461, 'hidden_size': 26, 'dropout': 0.295884366015967, 'hidden_continuous_size': 15, 'attention_head_size': 1, 'learning_rate': 0.006222212842528497}. Best is trial 50 with value: 109.42589569091797.
LOCAL_RANK: 0 - CUDA_VISIBLE_DEVICES: [0]
[I 2023-11-30 09:03:38,659] Trial 56 finished with value: 187.6896514892578 and parameters: {'gradient_clip_val': 0.4993523089294076, 'hidden_size': 50, 'dropout': 0.3090555125087545, 'hidden_continuous_size': 11, 'attention_head_size': 2, 'learning_rate': 0.009693179087457753}. Best is trial 50 with value: 109.42589569091797.
LOCAL_RANK: 0 - CUDA_VISIBLE_DEVICES: [0]
[I 2023-11-30 09:03:51,948] Trial 57 finished with value: 208.7593231201172 and parameters: {'gradient_clip_val': 0.759492628441226, 'hidden_size': 57, 'dropout': 0.2864776200966931, 'hidden_continuous_size': 26, 'attention_head_size': 3, 'learning_rate': 0.022215938984733192}. Best is trial 50 with value: 109.42589569091797.
LOCAL_RANK: 0 - CUDA_VISIBLE_DEVICES: [0]
[I 2023-11-30 09:04:04,590] Trial 58 finished with value: 175.51377868652344 and parameters: {'gradient_clip_val': 0.5876950196747629, 'hidden_size': 44, 'dropout': 0.2556165033289206, 'hidden_continuous_size': 17, 'attention_head_size': 2, 'learning_rate': 0.011411858281345513}. Best is trial 50 with value: 109.42589569091797.
LOCAL_RANK: 0 - CUDA_VISIBLE_DEVICES: [0]
[I 2023-11-30 09:04:17,706] Trial 59 finished with value: 127.6144027709961 and parameters: {'gradient_clip_val': 0.6649422491243769, 'hidden_size': 63, 'dropout': 0.26881920187366304, 'hidden_continuous_size': 19, 'attention_head_size': 1, 'learning_rate': 0.006675563429471953}. Best is trial 50 with value: 109.42589569091797.
LOCAL_RANK: 0 - CUDA_VISIBLE_DEVICES: [0]
[I 2023-11-30 09:04:30,394] Trial 60 finished with value: 126.09457397460938 and parameters: {'gradient_clip_val': 0.9979627462863632, 'hidden_size': 39, 'dropout': 0.32221758090962466, 'hidden_continuous_size': 18, 'attention_head_size': 2, 'learning_rate': 0.015949920131287983}. Best is trial 50 with value: 109.42589569091797.
LOCAL_RANK: 0 - CUDA_VISIBLE_DEVICES: [0]
[I 2023-11-30 09:04:43,119] Trial 61 finished with value: 149.56533813476562 and parameters: {'gradient_clip_val': 0.9689261109788934, 'hidden_size': 39, 'dropout': 0.32132875998886784, 'hidden_continuous_size': 18, 'attention_head_size': 2, 'learning_rate': 0.015724231094040367}. Best is trial 50 with value: 109.42589569091797.
LOCAL_RANK: 0 - CUDA_VISIBLE_DEVICES: [0]
[I 2023-11-30 09:04:55,598] Trial 62 finished with value: 156.2136688232422 and parameters: {'gradient_clip_val': 0.8960932453306412, 'hidden_size': 36, 'dropout': 0.33352127787522523, 'hidden_continuous_size': 17, 'attention_head_size': 2, 'learning_rate': 0.02028857403556188}. Best is trial 50 with value: 109.42589569091797.
LOCAL_RANK: 0 - CUDA_VISIBLE_DEVICES: [0]
[I 2023-11-30 09:05:08,500] Trial 63 finished with value: 148.1779022216797 and parameters: {'gradient_clip_val': 0.7849205772590357, 'hidden_size': 43, 'dropout': 0.3103626074031498, 'hidden_continuous_size': 19, 'attention_head_size': 3, 'learning_rate': 0.013307168469366531}. Best is trial 50 with value: 109.42589569091797.
LOCAL_RANK: 0 - CUDA_VISIBLE_DEVICES: [0]
[I 2023-11-30 09:05:21,243] Trial 64 finished with value: 166.301513671875 and parameters: {'gradient_clip_val': 0.9733530160148226, 'hidden_size': 57, 'dropout': 0.2780481359075325, 'hidden_continuous_size': 14, 'attention_head_size': 2, 'learning_rate': 0.01140502641808083}. Best is trial 50 with value: 109.42589569091797.
LOCAL_RANK: 0 - CUDA_VISIBLE_DEVICES: [0]
[I 2023-11-30 09:05:33,393] Trial 65 finished with value: 132.71629333496094 and parameters: {'gradient_clip_val': 0.7222646321460547, 'hidden_size': 32, 'dropout': 0.2914121968101907, 'hidden_continuous_size': 16, 'attention_head_size': 1, 'learning_rate': 0.017053819571212478}. Best is trial 50 with value: 109.42589569091797.
LOCAL_RANK: 0 - CUDA_VISIBLE_DEVICES: [0]
[I 2023-11-30 09:05:46,425] Trial 66 finished with value: 197.38954162597656 and parameters: {'gradient_clip_val': 0.8119768110134117, 'hidden_size': 47, 'dropout': 0.30224557614729447, 'hidden_continuous_size': 20, 'attention_head_size': 2, 'learning_rate': 0.008184036550872935}. Best is trial 50 with value: 109.42589569091797.
LOCAL_RANK: 0 - CUDA_VISIBLE_DEVICES: [0]
[I 2023-11-30 09:05:58,789] Trial 67 finished with value: 260.8768310546875 and parameters: {'gradient_clip_val': 0.6324091533984858, 'hidden_size': 28, 'dropout': 0.3485923469974178, 'hidden_continuous_size': 18, 'attention_head_size': 3, 'learning_rate': 0.009942877142140715}. Best is trial 50 with value: 109.42589569091797.
LOCAL_RANK: 0 - CUDA_VISIBLE_DEVICES: [0]
[I 2023-11-30 09:06:11,377] Trial 68 finished with value: 171.3739776611328 and parameters: {'gradient_clip_val': 0.8962656340750432, 'hidden_size': 34, 'dropout': 0.3295361372455626, 'hidden_continuous_size': 16, 'attention_head_size': 2, 'learning_rate': 0.0270164848877742}. Best is trial 50 with value: 109.42589569091797.
LOCAL_RANK: 0 - CUDA_VISIBLE_DEVICES: [0]
[I 2023-11-30 09:06:24,686] Trial 69 finished with value: 159.6712188720703 and parameters: {'gradient_clip_val': 0.8494114220430868, 'hidden_size': 68, 'dropout': 0.2829125173453889, 'hidden_continuous_size': 22, 'attention_head_size': 2, 'learning_rate': 0.01898951803493491}. Best is trial 50 with value: 109.42589569091797.
LOCAL_RANK: 0 - CUDA_VISIBLE_DEVICES: [0]
[I 2023-11-30 09:06:37,854] Trial 70 finished with value: 213.0051727294922 and parameters: {'gradient_clip_val': 0.990350641329862, 'hidden_size': 87, 'dropout': 0.26060432231504316, 'hidden_continuous_size': 13, 'attention_head_size': 1, 'learning_rate': 0.013174973528367806}. Best is trial 50 with value: 109.42589569091797.
LOCAL_RANK: 0 - CUDA_VISIBLE_DEVICES: [0]
[I 2023-11-30 09:06:52,020] Trial 71 finished with value: 152.21815490722656 and parameters: {'gradient_clip_val': 0.6621062675501276, 'hidden_size': 135, 'dropout': 0.27118003917395367, 'hidden_continuous_size': 29, 'attention_head_size': 1, 'learning_rate': 0.006840807120249873}. Best is trial 50 with value: 109.42589569091797.
LOCAL_RANK: 0 - CUDA_VISIBLE_DEVICES: [0]
[I 2023-11-30 09:07:05,029] Trial 72 finished with value: 120.37073516845703 and parameters: {'gradient_clip_val': 0.702033027014972, 'hidden_size': 64, 'dropout': 0.27204588374104954, 'hidden_continuous_size': 19, 'attention_head_size': 1, 'learning_rate': 0.010636215823179121}. Best is trial 50 with value: 109.42589569091797.
LOCAL_RANK: 0 - CUDA_VISIBLE_DEVICES: [0]
[I 2023-11-30 09:07:17,628] Trial 73 finished with value: 155.49656677246094 and parameters: {'gradient_clip_val': 0.7291328567743695, 'hidden_size': 41, 'dropout': 0.3164776869252547, 'hidden_continuous_size': 19, 'attention_head_size': 1, 'learning_rate': 0.015391186055266338}. Best is trial 50 with value: 109.42589569091797.
LOCAL_RANK: 0 - CUDA_VISIBLE_DEVICES: [0]
[I 2023-11-30 09:07:30,377] Trial 74 finished with value: 153.94122314453125 and parameters: {'gradient_clip_val': 0.6117017284367053, 'hidden_size': 52, 'dropout': 0.2959493267185652, 'hidden_continuous_size': 21, 'attention_head_size': 1, 'learning_rate': 0.01083729240077066}. Best is trial 50 with value: 109.42589569091797.
LOCAL_RANK: 0 - CUDA_VISIBLE_DEVICES: [0]
[I 2023-11-30 09:07:43,133] Trial 75 finished with value: 133.6951141357422 and parameters: {'gradient_clip_val': 0.8026627565049237, 'hidden_size': 60, 'dropout': 0.25018680908163127, 'hidden_continuous_size': 15, 'attention_head_size': 1, 'learning_rate': 0.00911881228320145}. Best is trial 50 with value: 109.42589569091797.
LOCAL_RANK: 0 - CUDA_VISIBLE_DEVICES: [0]
[I 2023-11-30 09:07:56,072] Trial 76 finished with value: 155.5789031982422 and parameters: {'gradient_clip_val': 0.5188027472211949, 'hidden_size': 45, 'dropout': 0.2864262558816601, 'hidden_continuous_size': 18, 'attention_head_size': 2, 'learning_rate': 0.013495661862729927}. Best is trial 50 with value: 109.42589569091797.
LOCAL_RANK: 0 - CUDA_VISIBLE_DEVICES: [0]
[I 2023-11-30 09:08:09,847] Trial 77 finished with value: 116.90650177001953 and parameters: {'gradient_clip_val': 0.5671320500448994, 'hidden_size': 113, 'dropout': 0.26620733927394136, 'hidden_continuous_size': 25, 'attention_head_size': 1, 'learning_rate': 0.007614059549958258}. Best is trial 50 with value: 109.42589569091797.
LOCAL_RANK: 0 - CUDA_VISIBLE_DEVICES: [0]
[I 2023-11-30 09:08:23,562] Trial 78 finished with value: 160.35272216796875 and parameters: {'gradient_clip_val': 0.541215616108391, 'hidden_size': 111, 'dropout': 0.264045405903514, 'hidden_continuous_size': 24, 'attention_head_size': 1, 'learning_rate': 0.007928214760208394}. Best is trial 50 with value: 109.42589569091797.
LOCAL_RANK: 0 - CUDA_VISIBLE_DEVICES: [0]
[I 2023-11-30 09:08:36,774] Trial 79 finished with value: 160.32411193847656 and parameters: {'gradient_clip_val': 0.5731579009421969, 'hidden_size': 76, 'dropout': 0.2415195558791332, 'hidden_continuous_size': 20, 'attention_head_size': 1, 'learning_rate': 0.0049389288687687015}. Best is trial 50 with value: 109.42589569091797.
LOCAL_RANK: 0 - CUDA_VISIBLE_DEVICES: [0]
[I 2023-11-30 09:08:50,745] Trial 80 finished with value: 147.3169403076172 and parameters: {'gradient_clip_val': 0.688573589494147, 'hidden_size': 118, 'dropout': 0.25631544000312223, 'hidden_continuous_size': 23, 'attention_head_size': 1, 'learning_rate': 0.007447727461445699}. Best is trial 50 with value: 109.42589569091797.
LOCAL_RANK: 0 - CUDA_VISIBLE_DEVICES: [0]
[I 2023-11-30 09:09:04,333] Trial 81 finished with value: 162.30767822265625 and parameters: {'gradient_clip_val': 0.6192823293906913, 'hidden_size': 101, 'dropout': 0.2745628744929295, 'hidden_continuous_size': 25, 'attention_head_size': 1, 'learning_rate': 0.009150459957919944}. Best is trial 50 with value: 109.42589569091797.
LOCAL_RANK: 0 - CUDA_VISIBLE_DEVICES: [0]
[I 2023-11-30 09:09:18,349] Trial 82 finished with value: 180.8784942626953 and parameters: {'gradient_clip_val': 0.762034892003466, 'hidden_size': 135, 'dropout': 0.3045541164432949, 'hidden_continuous_size': 28, 'attention_head_size': 2, 'learning_rate': 0.01073244274139109}. Best is trial 50 with value: 109.42589569091797.
LOCAL_RANK: 0 - CUDA_VISIBLE_DEVICES: [0]
[I 2023-11-30 09:09:30,888] Trial 83 finished with value: 172.01123046875 and parameters: {'gradient_clip_val': 0.8694444663668123, 'hidden_size': 39, 'dropout': 0.2633586330551073, 'hidden_continuous_size': 17, 'attention_head_size': 1, 'learning_rate': 0.011894259211212194}. Best is trial 50 with value: 109.42589569091797.
LOCAL_RANK: 0 - CUDA_VISIBLE_DEVICES: [0]
[I 2023-11-30 09:09:43,570] Trial 84 finished with value: 190.1690216064453 and parameters: {'gradient_clip_val': 0.9350528424005541, 'hidden_size': 37, 'dropout': 0.2793921761036756, 'hidden_continuous_size': 20, 'attention_head_size': 2, 'learning_rate': 0.008644477934079664}. Best is trial 50 with value: 109.42589569091797.
LOCAL_RANK: 0 - CUDA_VISIBLE_DEVICES: [0]
[I 2023-11-30 09:09:56,430] Trial 85 finished with value: 128.45916748046875 and parameters: {'gradient_clip_val': 0.5563883467533854, 'hidden_size': 48, 'dropout': 0.288501220785785, 'hidden_continuous_size': 16, 'attention_head_size': 2, 'learning_rate': 0.010343932789169072}. Best is trial 50 with value: 109.42589569091797.
LOCAL_RANK: 0 - CUDA_VISIBLE_DEVICES: [0]
[I 2023-11-30 09:10:09,192] Trial 86 finished with value: 175.43077087402344 and parameters: {'gradient_clip_val': 0.7122315519111969, 'hidden_size': 53, 'dropout': 0.23083310257116857, 'hidden_continuous_size': 15, 'attention_head_size': 1, 'learning_rate': 0.005991519440127204}. Best is trial 50 with value: 109.42589569091797.
LOCAL_RANK: 0 - CUDA_VISIBLE_DEVICES: [0]
[I 2023-11-30 09:10:21,596] Trial 87 finished with value: 202.0000762939453 and parameters: {'gradient_clip_val': 0.4584934840673103, 'hidden_size': 31, 'dropout': 0.2974598030329557, 'hidden_continuous_size': 18, 'attention_head_size': 1, 'learning_rate': 0.014833347123559168}. Best is trial 50 with value: 109.42589569091797.
LOCAL_RANK: 0 - CUDA_VISIBLE_DEVICES: [0]
[I 2023-11-30 09:10:34,975] Trial 88 finished with value: 162.63168334960938 and parameters: {'gradient_clip_val': 0.8169947760792982, 'hidden_size': 95, 'dropout': 0.27310205294463724, 'hidden_continuous_size': 14, 'attention_head_size': 2, 'learning_rate': 0.012707944105977809}. Best is trial 50 with value: 109.42589569091797.
LOCAL_RANK: 0 - CUDA_VISIBLE_DEVICES: [0]
[I 2023-11-30 09:10:48,271] Trial 89 finished with value: 141.25440979003906 and parameters: {'gradient_clip_val': 0.6452531135444809, 'hidden_size': 80, 'dropout': 0.3090739329227331, 'hidden_continuous_size': 22, 'attention_head_size': 2, 'learning_rate': 0.007604853383541975}. Best is trial 50 with value: 109.42589569091797.
LOCAL_RANK: 0 - CUDA_VISIBLE_DEVICES: [0]
[I 2023-11-30 09:11:01,107] Trial 90 finished with value: 253.8501739501953 and parameters: {'gradient_clip_val': 0.7826812720998962, 'hidden_size': 33, 'dropout': 0.25229987607391563, 'hidden_continuous_size': 17, 'attention_head_size': 3, 'learning_rate': 0.009204909072707951}. Best is trial 50 with value: 109.42589569091797.
LOCAL_RANK: 0 - CUDA_VISIBLE_DEVICES: [0]
[I 2023-11-30 09:11:14,256] Trial 91 finished with value: 135.10340881347656 and parameters: {'gradient_clip_val': 0.6603866720189627, 'hidden_size': 72, 'dropout': 0.2662321067870743, 'hidden_continuous_size': 19, 'attention_head_size': 1, 'learning_rate': 0.006004176491781144}. Best is trial 50 with value: 109.42589569091797.
LOCAL_RANK: 0 - CUDA_VISIBLE_DEVICES: [0]
[I 2023-11-30 09:11:26,901] Trial 92 finished with value: 196.9943084716797 and parameters: {'gradient_clip_val': 0.6000664859110484, 'hidden_size': 42, 'dropout': 0.28200432240022444, 'hidden_continuous_size': 19, 'attention_head_size': 1, 'learning_rate': 0.006712317082276819}. Best is trial 50 with value: 109.42589569091797.
LOCAL_RANK: 0 - CUDA_VISIBLE_DEVICES: [0]
[I 2023-11-30 09:11:40,016] Trial 93 finished with value: 142.6254119873047 and parameters: {'gradient_clip_val': 0.5144536801930112, 'hidden_size': 65, 'dropout': 0.2712291308969025, 'hidden_continuous_size': 18, 'attention_head_size': 1, 'learning_rate': 0.0053356566102874085}. Best is trial 50 with value: 109.42589569091797.
LOCAL_RANK: 0 - CUDA_VISIBLE_DEVICES: [0]
[I 2023-11-30 09:11:52,368] Trial 94 finished with value: 128.05645751953125 and parameters: {'gradient_clip_val': 0.6793227254632705, 'hidden_size': 30, 'dropout': 0.29002661807834074, 'hidden_continuous_size': 17, 'attention_head_size': 1, 'learning_rate': 0.01220926518992722}. Best is trial 50 with value: 109.42589569091797.
LOCAL_RANK: 0 - CUDA_VISIBLE_DEVICES: [0]
[I 2023-11-30 09:12:05,476] Trial 95 finished with value: 220.93299865722656 and parameters: {'gradient_clip_val': 0.5627359159342146, 'hidden_size': 62, 'dropout': 0.24563997877978602, 'hidden_continuous_size': 16, 'attention_head_size': 1, 'learning_rate': 0.006969885936067666}. Best is trial 50 with value: 109.42589569091797.
LOCAL_RANK: 0 - CUDA_VISIBLE_DEVICES: [0]
[I 2023-11-30 09:12:17,889] Trial 96 finished with value: 302.87255859375 and parameters: {'gradient_clip_val': 0.8721940889452325, 'hidden_size': 36, 'dropout': 0.26727712752635685, 'hidden_continuous_size': 19, 'attention_head_size': 1, 'learning_rate': 0.004526825226458477}. Best is trial 50 with value: 109.42589569091797.
LOCAL_RANK: 0 - CUDA_VISIBLE_DEVICES: [0]
[I 2023-11-30 09:12:32,009] Trial 97 finished with value: 135.01657104492188 and parameters: {'gradient_clip_val': 0.7105834780365843, 'hidden_size': 150, 'dropout': 0.32207496672591085, 'hidden_continuous_size': 12, 'attention_head_size': 2, 'learning_rate': 0.010009249975379622}. Best is trial 50 with value: 109.42589569091797.
LOCAL_RANK: 0 - CUDA_VISIBLE_DEVICES: [0]
[I 2023-11-30 09:12:44,496] Trial 98 finished with value: 136.2965545654297 and parameters: {'gradient_clip_val': 0.5911374290343085, 'hidden_size': 35, 'dropout': 0.25915955185047607, 'hidden_continuous_size': 17, 'attention_head_size': 1, 'learning_rate': 0.007717292287388859}. Best is trial 50 with value: 109.42589569091797.
LOCAL_RANK: 0 - CUDA_VISIBLE_DEVICES: [0]
[I 2023-11-30 09:12:57,346] Trial 99 finished with value: 151.5361785888672 and parameters: {'gradient_clip_val': 0.9492685543505777, 'hidden_size': 46, 'dropout': 0.3010667125454365, 'hidden_continuous_size': 20, 'attention_head_size': 2, 'learning_rate': 0.014347293673533587}. Best is trial 50 with value: 109.42589569091797.
LOCAL_RANK: 0 - CUDA_VISIBLE_DEVICES: [0]
[I 2023-11-30 09:13:10,795] Trial 100 finished with value: 154.05799865722656 and parameters: {'gradient_clip_val': 0.7723230553124959, 'hidden_size': 82, 'dropout': 0.2790972185469006, 'hidden_continuous_size': 15, 'attention_head_size': 1, 'learning_rate': 0.008415791491215758}. Best is trial 50 with value: 109.42589569091797.
LOCAL_RANK: 0 - CUDA_VISIBLE_DEVICES: [0]
[I 2023-11-30 09:13:23,202] Trial 101 finished with value: 175.3450164794922 and parameters: {'gradient_clip_val': 0.6869213298485993, 'hidden_size': 31, 'dropout': 0.2942990545489449, 'hidden_continuous_size': 18, 'attention_head_size': 1, 'learning_rate': 0.010934900485943436}. Best is trial 50 with value: 109.42589569091797.
LOCAL_RANK: 0 - CUDA_VISIBLE_DEVICES: [0]
[I 2023-11-30 09:13:35,805] Trial 102 finished with value: 186.7883758544922 and parameters: {'gradient_clip_val': 0.6467366447441744, 'hidden_size': 38, 'dropout': 0.2848230930747107, 'hidden_continuous_size': 17, 'attention_head_size': 1, 'learning_rate': 0.011585486902332512}. Best is trial 50 with value: 109.42589569091797.
LOCAL_RANK: 0 - CUDA_VISIBLE_DEVICES: [0]
[I 2023-11-30 09:13:48,290] Trial 103 finished with value: 155.5162811279297 and parameters: {'gradient_clip_val': 0.7428464600424908, 'hidden_size': 34, 'dropout': 0.28883134574588976, 'hidden_continuous_size': 19, 'attention_head_size': 1, 'learning_rate': 0.012352095660410446}. Best is trial 50 with value: 109.42589569091797.
LOCAL_RANK: 0 - CUDA_VISIBLE_DEVICES: [0]
[I 2023-11-30 09:14:00,707] Trial 104 finished with value: 211.9442138671875 and parameters: {'gradient_clip_val': 0.6781296527455967, 'hidden_size': 40, 'dropout': 0.31217539472600103, 'hidden_continuous_size': 18, 'attention_head_size': 1, 'learning_rate': 0.016219088913465133}. Best is trial 50 with value: 109.42589569091797.
LOCAL_RANK: 0 - CUDA_VISIBLE_DEVICES: [0]
[I 2023-11-30 09:14:13,192] Trial 105 finished with value: 130.17189025878906 and parameters: {'gradient_clip_val': 0.6104161347409441, 'hidden_size': 36, 'dropout': 0.26955766569354855, 'hidden_continuous_size': 17, 'attention_head_size': 2, 'learning_rate': 0.01853132210687147}. Best is trial 50 with value: 109.42589569091797.
LOCAL_RANK: 0 - CUDA_VISIBLE_DEVICES: [0]
[I 2023-11-30 09:14:25,938] Trial 106 finished with value: 158.57667541503906 and parameters: {'gradient_clip_val': 0.8311923644170786, 'hidden_size': 43, 'dropout': 0.2776547342036061, 'hidden_continuous_size': 21, 'attention_head_size': 1, 'learning_rate': 0.01408575722710338}. Best is trial 50 with value: 109.42589569091797.
LOCAL_RANK: 0 - CUDA_VISIBLE_DEVICES: [0]
[I 2023-11-30 09:14:38,311] Trial 107 finished with value: 225.4853515625 and parameters: {'gradient_clip_val': 0.9224595707194444, 'hidden_size': 30, 'dropout': 0.29080382019898515, 'hidden_continuous_size': 16, 'attention_head_size': 2, 'learning_rate': 0.01260763956229885}. Best is trial 50 with value: 109.42589569091797.
LOCAL_RANK: 0 - CUDA_VISIBLE_DEVICES: [0]
[I 2023-11-30 09:14:50,388] Trial 108 finished with value: 211.7103271484375 and parameters: {'gradient_clip_val': 0.6281310616624295, 'hidden_size': 28, 'dropout': 0.32578105185951306, 'hidden_continuous_size': 16, 'attention_head_size': 1, 'learning_rate': 0.009874147575333423}. Best is trial 50 with value: 109.42589569091797.
LOCAL_RANK: 0 - CUDA_VISIBLE_DEVICES: [0]
[I 2023-11-30 09:15:03,318] Trial 109 finished with value: 129.50091552734375 and parameters: {'gradient_clip_val': 0.5452587532965514, 'hidden_size': 49, 'dropout': 0.3052347259530279, 'hidden_continuous_size': 21, 'attention_head_size': 2, 'learning_rate': 0.008888938823652711}. Best is trial 50 with value: 109.42589569091797.
LOCAL_RANK: 0 - CUDA_VISIBLE_DEVICES: [0]
[I 2023-11-30 09:15:16,056] Trial 110 finished with value: 250.4247283935547 and parameters: {'gradient_clip_val': 0.7109649868793738, 'hidden_size': 33, 'dropout': 0.2596948730502534, 'hidden_continuous_size': 19, 'attention_head_size': 1, 'learning_rate': 0.0063685580642845584}. Best is trial 50 with value: 109.42589569091797.
LOCAL_RANK: 0 - CUDA_VISIBLE_DEVICES: [0]
[I 2023-11-30 09:15:28,823] Trial 111 finished with value: 152.4489288330078 and parameters: {'gradient_clip_val': 0.5664642633315661, 'hidden_size': 47, 'dropout': 0.28926328622953634, 'hidden_continuous_size': 16, 'attention_head_size': 2, 'learning_rate': 0.01038199631793894}. Best is trial 50 with value: 109.42589569091797.
LOCAL_RANK: 0 - CUDA_VISIBLE_DEVICES: [0]
