[I 2023-11-30 08:13:59,270] Trial 120 finished with value: 4.985352993011475 and parameters: {'gradient_clip_val': 0.33755254019718034, 'hidden_size': 22, 'dropout': 0.38688829927353036, 'hidden_continuous_size': 21, 'attention_head_size': 2, 'learning_rate': 0.04211236966598011}. Best is trial 54 with value: 3.9963080883026123.
LOCAL_RANK: 0 - CUDA_VISIBLE_DEVICES: [0]
[I 2023-11-30 08:14:11,424] Trial 121 finished with value: 4.694136142730713 and parameters: {'gradient_clip_val': 0.43606626823141814, 'hidden_size': 18, 'dropout': 0.3506241862889751, 'hidden_continuous_size': 11, 'attention_head_size': 3, 'learning_rate': 0.0378180464195662}. Best is trial 54 with value: 3.9963080883026123.
LOCAL_RANK: 0 - CUDA_VISIBLE_DEVICES: [0]
[I 2023-11-30 08:14:23,481] Trial 122 finished with value: 5.6981635093688965 and parameters: {'gradient_clip_val': 0.36270461889597083, 'hidden_size': 11, 'dropout': 0.33488224406411843, 'hidden_continuous_size': 10, 'attention_head_size': 3, 'learning_rate': 0.03227131445375107}. Best is trial 54 with value: 3.9963080883026123.
LOCAL_RANK: 0 - CUDA_VISIBLE_DEVICES: [0]
[I 2023-11-30 08:14:35,461] Trial 123 finished with value: 4.148979663848877 and parameters: {'gradient_clip_val': 0.39528723213888095, 'hidden_size': 15, 'dropout': 0.3420948924180646, 'hidden_continuous_size': 11, 'attention_head_size': 3, 'learning_rate': 0.04740978940658123}. Best is trial 54 with value: 3.9963080883026123.
LOCAL_RANK: 0 - CUDA_VISIBLE_DEVICES: [0]
[I 2023-11-30 08:14:47,719] Trial 124 finished with value: 4.47953462600708 and parameters: {'gradient_clip_val': 0.4010502939655341, 'hidden_size': 15, 'dropout': 0.3569268341887318, 'hidden_continuous_size': 11, 'attention_head_size': 3, 'learning_rate': 0.04740894573908062}. Best is trial 54 with value: 3.9963080883026123.
LOCAL_RANK: 0 - CUDA_VISIBLE_DEVICES: [0]
[I 2023-11-30 08:14:59,684] Trial 125 finished with value: 4.118978977203369 and parameters: {'gradient_clip_val': 0.3898601005814565, 'hidden_size': 16, 'dropout': 0.36722097827752864, 'hidden_continuous_size': 11, 'attention_head_size': 3, 'learning_rate': 0.04779286848621525}. Best is trial 54 with value: 3.9963080883026123.
LOCAL_RANK: 0 - CUDA_VISIBLE_DEVICES: [0]
[I 2023-11-30 08:15:11,707] Trial 126 finished with value: 4.3096489906311035 and parameters: {'gradient_clip_val': 0.39955814897325137, 'hidden_size': 15, 'dropout': 0.3691356829194761, 'hidden_continuous_size': 11, 'attention_head_size': 3, 'learning_rate': 0.04721434379555348}. Best is trial 54 with value: 3.9963080883026123.
LOCAL_RANK: 0 - CUDA_VISIBLE_DEVICES: [0]
[I 2023-11-30 08:15:23,495] Trial 127 finished with value: 4.938166618347168 and parameters: {'gradient_clip_val': 0.3471852696401117, 'hidden_size': 16, 'dropout': 0.3748443456103491, 'hidden_continuous_size': 11, 'attention_head_size': 3, 'learning_rate': 0.04167773470394093}. Best is trial 54 with value: 3.9963080883026123.
LOCAL_RANK: 0 - CUDA_VISIBLE_DEVICES: [0]
[I 2023-11-30 08:15:35,576] Trial 128 finished with value: 4.893910884857178 and parameters: {'gradient_clip_val': 0.29685875935182265, 'hidden_size': 14, 'dropout': 0.3657693626504937, 'hidden_continuous_size': 11, 'attention_head_size': 3, 'learning_rate': 0.035274425690112}. Best is trial 54 with value: 3.9963080883026123.
LOCAL_RANK: 0 - CUDA_VISIBLE_DEVICES: [0]
[I 2023-11-30 08:15:47,580] Trial 129 finished with value: 5.06320858001709 and parameters: {'gradient_clip_val': 0.3180676393962931, 'hidden_size': 16, 'dropout': 0.3933226516125841, 'hidden_continuous_size': 11, 'attention_head_size': 3, 'learning_rate': 0.05610874659773562}. Best is trial 54 with value: 3.9963080883026123.
LOCAL_RANK: 0 - CUDA_VISIBLE_DEVICES: [0]
[I 2023-11-30 08:15:59,817] Trial 130 finished with value: 5.349783420562744 and parameters: {'gradient_clip_val': 0.41720392261430284, 'hidden_size': 19, 'dropout': 0.3826579245934477, 'hidden_continuous_size': 10, 'attention_head_size': 3, 'learning_rate': 0.052635500132701483}. Best is trial 54 with value: 3.9963080883026123.
LOCAL_RANK: 0 - CUDA_VISIBLE_DEVICES: [0]
[I 2023-11-30 08:16:11,771] Trial 131 finished with value: 5.593400478363037 and parameters: {'gradient_clip_val': 0.3988027807947166, 'hidden_size': 14, 'dropout': 0.35532016511121095, 'hidden_continuous_size': 11, 'attention_head_size': 3, 'learning_rate': 0.047173905435526374}. Best is trial 54 with value: 3.9963080883026123.
LOCAL_RANK: 0 - CUDA_VISIBLE_DEVICES: [0]
[I 2023-11-30 08:16:23,752] Trial 132 finished with value: 5.992146968841553 and parameters: {'gradient_clip_val': 0.38939565707854695, 'hidden_size': 15, 'dropout': 0.36940125704815624, 'hidden_continuous_size': 11, 'attention_head_size': 3, 'learning_rate': 0.04686477405196278}. Best is trial 54 with value: 3.9963080883026123.
LOCAL_RANK: 0 - CUDA_VISIBLE_DEVICES: [0]
[I 2023-11-30 08:16:35,727] Trial 133 finished with value: 4.211357116699219 and parameters: {'gradient_clip_val': 0.4081662305886961, 'hidden_size': 15, 'dropout': 0.3423868334995595, 'hidden_continuous_size': 11, 'attention_head_size': 3, 'learning_rate': 0.03987761369939029}. Best is trial 54 with value: 3.9963080883026123.
LOCAL_RANK: 0 - CUDA_VISIBLE_DEVICES: [0]
[I 2023-11-30 08:16:47,745] Trial 134 finished with value: 6.778578281402588 and parameters: {'gradient_clip_val': 0.4470909270760331, 'hidden_size': 16, 'dropout': 0.34305153382508113, 'hidden_continuous_size': 11, 'attention_head_size': 3, 'learning_rate': 0.030689599813838526}. Best is trial 54 with value: 3.9963080883026123.
LOCAL_RANK: 0 - CUDA_VISIBLE_DEVICES: [0]
[I 2023-11-30 08:16:59,971] Trial 135 finished with value: 4.859921932220459 and parameters: {'gradient_clip_val': 0.3738434178682204, 'hidden_size': 13, 'dropout': 0.33808254135235016, 'hidden_continuous_size': 11, 'attention_head_size': 3, 'learning_rate': 0.03748886384125231}. Best is trial 54 with value: 3.9963080883026123.
LOCAL_RANK: 0 - CUDA_VISIBLE_DEVICES: [0]
[I 2023-11-30 08:17:11,918] Trial 136 finished with value: 4.563389301300049 and parameters: {'gradient_clip_val': 0.4958170696281038, 'hidden_size': 15, 'dropout': 0.36138936509201164, 'hidden_continuous_size': 11, 'attention_head_size': 3, 'learning_rate': 0.04062399094638924}. Best is trial 54 with value: 3.9963080883026123.
LOCAL_RANK: 0 - CUDA_VISIBLE_DEVICES: [0]
[I 2023-11-30 08:17:24,144] Trial 137 finished with value: 4.937429904937744 and parameters: {'gradient_clip_val': 0.3620585612559873, 'hidden_size': 28, 'dropout': 0.3247017254708467, 'hidden_continuous_size': 15, 'attention_head_size': 3, 'learning_rate': 0.027813829522239285}. Best is trial 54 with value: 3.9963080883026123.
LOCAL_RANK: 0 - CUDA_VISIBLE_DEVICES: [0]
[I 2023-11-30 08:17:36,033] Trial 138 finished with value: 7.1456828117370605 and parameters: {'gradient_clip_val': 0.4139894744498979, 'hidden_size': 12, 'dropout': 0.34645961348371823, 'hidden_continuous_size': 11, 'attention_head_size': 3, 'learning_rate': 0.023492094905400024}. Best is trial 54 with value: 3.9963080883026123.
LOCAL_RANK: 0 - CUDA_VISIBLE_DEVICES: [0]
[I 2023-11-30 08:17:48,388] Trial 139 finished with value: 5.654903411865234 and parameters: {'gradient_clip_val': 0.46878376960329327, 'hidden_size': 18, 'dropout': 0.3778812916387696, 'hidden_continuous_size': 13, 'attention_head_size': 3, 'learning_rate': 0.0614979433162112}. Best is trial 54 with value: 3.9963080883026123.
LOCAL_RANK: 0 - CUDA_VISIBLE_DEVICES: [0]
[I 2023-11-30 08:18:00,596] Trial 140 finished with value: 4.941539764404297 and parameters: {'gradient_clip_val': 0.3271497502025235, 'hidden_size': 17, 'dropout': 0.36705918500812007, 'hidden_continuous_size': 10, 'attention_head_size': 3, 'learning_rate': 0.03346684000843365}. Best is trial 54 with value: 3.9963080883026123.
LOCAL_RANK: 0 - CUDA_VISIBLE_DEVICES: [0]
[I 2023-11-30 08:18:12,671] Trial 141 finished with value: 5.882874965667725 and parameters: {'gradient_clip_val': 0.3949775205817404, 'hidden_size': 15, 'dropout': 0.35558244516839493, 'hidden_continuous_size': 11, 'attention_head_size': 3, 'learning_rate': 0.0443250225202985}. Best is trial 54 with value: 3.9963080883026123.
LOCAL_RANK: 0 - CUDA_VISIBLE_DEVICES: [0]
[I 2023-11-30 08:18:24,685] Trial 142 finished with value: 4.959100723266602 and parameters: {'gradient_clip_val': 0.4073783694167366, 'hidden_size': 14, 'dropout': 0.3511997179559351, 'hidden_continuous_size': 11, 'attention_head_size': 3, 'learning_rate': 0.050856162893969326}. Best is trial 54 with value: 3.9963080883026123.
LOCAL_RANK: 0 - CUDA_VISIBLE_DEVICES: [0]
[I 2023-11-30 08:18:36,676] Trial 143 finished with value: 4.833655834197998 and parameters: {'gradient_clip_val': 0.38097489994594913, 'hidden_size': 13, 'dropout': 0.3385816896104354, 'hidden_continuous_size': 11, 'attention_head_size': 3, 'learning_rate': 0.043482499648543504}. Best is trial 54 with value: 3.9963080883026123.
LOCAL_RANK: 0 - CUDA_VISIBLE_DEVICES: [0]
[I 2023-11-30 08:18:48,912] Trial 144 finished with value: 4.950366497039795 and parameters: {'gradient_clip_val': 0.3454886117055291, 'hidden_size': 14, 'dropout': 0.358502556709449, 'hidden_continuous_size': 11, 'attention_head_size': 3, 'learning_rate': 0.03843375546461941}. Best is trial 54 with value: 3.9963080883026123.
LOCAL_RANK: 0 - CUDA_VISIBLE_DEVICES: [0]
[I 2023-11-30 08:19:00,672] Trial 145 finished with value: 4.144221782684326 and parameters: {'gradient_clip_val': 0.4384152484961192, 'hidden_size': 16, 'dropout': 0.33214624173568214, 'hidden_continuous_size': 10, 'attention_head_size': 3, 'learning_rate': 0.0490861457285808}. Best is trial 54 with value: 3.9963080883026123.
LOCAL_RANK: 0 - CUDA_VISIBLE_DEVICES: [0]
[I 2023-11-30 08:19:12,504] Trial 146 finished with value: 6.268592357635498 and parameters: {'gradient_clip_val': 0.44765040096845776, 'hidden_size': 16, 'dropout': 0.34354091235599826, 'hidden_continuous_size': 10, 'attention_head_size': 3, 'learning_rate': 0.05767546916600727}. Best is trial 54 with value: 3.9963080883026123.
LOCAL_RANK: 0 - CUDA_VISIBLE_DEVICES: [0]
[I 2023-11-30 08:19:24,661] Trial 147 finished with value: 4.997509479522705 and parameters: {'gradient_clip_val': 0.4806409675357681, 'hidden_size': 25, 'dropout': 0.33250831766699124, 'hidden_continuous_size': 10, 'attention_head_size': 3, 'learning_rate': 0.05276678030851445}. Best is trial 54 with value: 3.9963080883026123.
LOCAL_RANK: 0 - CUDA_VISIBLE_DEVICES: [0]
[I 2023-11-30 08:19:36,691] Trial 148 finished with value: 5.137679100036621 and parameters: {'gradient_clip_val': 0.4242179640960603, 'hidden_size': 18, 'dropout': 0.3166608228371256, 'hidden_continuous_size': 10, 'attention_head_size': 3, 'learning_rate': 0.035003494493860185}. Best is trial 54 with value: 3.9963080883026123.
LOCAL_RANK: 0 - CUDA_VISIBLE_DEVICES: [0]
[I 2023-11-30 08:19:49,069] Trial 149 finished with value: 4.51799201965332 and parameters: {'gradient_clip_val': 0.3650155904752173, 'hidden_size': 21, 'dropout': 0.3295624252555578, 'hidden_continuous_size': 14, 'attention_head_size': 3, 'learning_rate': 0.040627311037823896}. Best is trial 54 with value: 3.9963080883026123.
[I 2023-11-30 08:19:49,191] A new study created in memory with name: no-name-86e1ee02-a094-4efb-8414-6a5a28c1d8da
/home/le004/conda/anaconda3/envs/tsff_env/lib/python3.9/site-packages/lightning/fabric/plugins/environments/slurm.py:191: The `srun` command is available on your system but is not used. HINT: If your intention is to run Lightning on SLURM, prepend your python command with `srun` like so: srun python /home/le004/master_thesis/git/TSFusionForecast/code/ ...
LOCAL_RANK: 0 - CUDA_VISIBLE_DEVICES: [0]
[I 2023-11-30 08:20:01,848] Trial 0 finished with value: 27.551542282104492 and parameters: {'gradient_clip_val': 0.7895220356133372, 'hidden_size': 40, 'dropout': 0.17955773449440887, 'hidden_continuous_size': 33, 'attention_head_size': 3, 'learning_rate': 0.0035503134183345057}. Best is trial 0 with value: 27.551542282104492.
LOCAL_RANK: 0 - CUDA_VISIBLE_DEVICES: [0]
[I 2023-11-30 08:20:14,560] Trial 1 finished with value: 35.442596435546875 and parameters: {'gradient_clip_val': 0.3399425625574041, 'hidden_size': 41, 'dropout': 0.29029071571529924, 'hidden_continuous_size': 19, 'attention_head_size': 3, 'learning_rate': 0.0031501486595140317}. Best is trial 0 with value: 27.551542282104492.
LOCAL_RANK: 0 - CUDA_VISIBLE_DEVICES: [0]
[I 2023-11-30 08:20:28,659] Trial 2 finished with value: 15.999276161193848 and parameters: {'gradient_clip_val': 0.380654762619303, 'hidden_size': 117, 'dropout': 0.32874673344039107, 'hidden_continuous_size': 65, 'attention_head_size': 1, 'learning_rate': 0.0037707926124184317}. Best is trial 2 with value: 15.999276161193848.
LOCAL_RANK: 0 - CUDA_VISIBLE_DEVICES: [0]
[I 2023-11-30 08:20:40,781] Trial 3 finished with value: 25.6568603515625 and parameters: {'gradient_clip_val': 0.1799456254010697, 'hidden_size': 23, 'dropout': 0.3290597056452278, 'hidden_continuous_size': 20, 'attention_head_size': 2, 'learning_rate': 0.008184051433204722}. Best is trial 2 with value: 15.999276161193848.
LOCAL_RANK: 0 - CUDA_VISIBLE_DEVICES: [0]
[I 2023-11-30 08:20:53,536] Trial 4 finished with value: 26.066370010375977 and parameters: {'gradient_clip_val': 0.9671840705706878, 'hidden_size': 44, 'dropout': 0.18456543265262487, 'hidden_continuous_size': 19, 'attention_head_size': 4, 'learning_rate': 0.0024062042821521323}. Best is trial 2 with value: 15.999276161193848.
LOCAL_RANK: 0 - CUDA_VISIBLE_DEVICES: [0]
[I 2023-11-30 08:21:06,467] Trial 5 finished with value: 26.581314086914062 and parameters: {'gradient_clip_val': 0.18684723556870403, 'hidden_size': 56, 'dropout': 0.16118549449029962, 'hidden_continuous_size': 18, 'attention_head_size': 1, 'learning_rate': 0.0025487582637470285}. Best is trial 2 with value: 15.999276161193848.
LOCAL_RANK: 0 - CUDA_VISIBLE_DEVICES: [0]
[I 2023-11-30 08:21:19,812] Trial 6 finished with value: 14.472058296203613 and parameters: {'gradient_clip_val': 0.8688864094213893, 'hidden_size': 60, 'dropout': 0.26500533712249474, 'hidden_continuous_size': 44, 'attention_head_size': 3, 'learning_rate': 0.012603677362522879}. Best is trial 6 with value: 14.472058296203613.
LOCAL_RANK: 0 - CUDA_VISIBLE_DEVICES: [0]
[I 2023-11-30 08:21:32,203] Trial 7 finished with value: 20.957181930541992 and parameters: {'gradient_clip_val': 0.14602052294914572, 'hidden_size': 30, 'dropout': 0.35600079307972166, 'hidden_continuous_size': 22, 'attention_head_size': 1, 'learning_rate': 0.006314857898188073}. Best is trial 6 with value: 14.472058296203613.
LOCAL_RANK: 0 - CUDA_VISIBLE_DEVICES: [0]
[I 2023-11-30 08:21:44,422] Trial 8 finished with value: 18.64563751220703 and parameters: {'gradient_clip_val': 0.19169163145432938, 'hidden_size': 29, 'dropout': 0.34470793809631634, 'hidden_continuous_size': 12, 'attention_head_size': 1, 'learning_rate': 0.019725280267385112}. Best is trial 6 with value: 14.472058296203613.
LOCAL_RANK: 0 - CUDA_VISIBLE_DEVICES: [0]
[I 2023-11-30 08:21:57,226] Trial 9 finished with value: 19.44727897644043 and parameters: {'gradient_clip_val': 0.4784218299887181, 'hidden_size': 43, 'dropout': 0.1133948940654875, 'hidden_continuous_size': 23, 'attention_head_size': 2, 'learning_rate': 0.007364577458169153}. Best is trial 6 with value: 14.472058296203613.
LOCAL_RANK: 0 - CUDA_VISIBLE_DEVICES: [0]
[I 2023-11-30 08:22:07,672] Trial 10 finished with value: 15.062556266784668 and parameters: {'gradient_clip_val': 0.5787715224728412, 'hidden_size': 10, 'dropout': 0.39692536140844414, 'hidden_continuous_size': 10, 'attention_head_size': 4, 'learning_rate': 0.07516575649669656}. Best is trial 6 with value: 14.472058296203613.
LOCAL_RANK: 0 - CUDA_VISIBLE_DEVICES: [0]
[I 2023-11-30 08:22:17,932] Trial 11 finished with value: 16.322717666625977 and parameters: {'gradient_clip_val': 0.615087738086499, 'hidden_size': 10, 'dropout': 0.39498097954955536, 'hidden_continuous_size': 10, 'attention_head_size': 4, 'learning_rate': 0.06103086237210674}. Best is trial 6 with value: 14.472058296203613.
LOCAL_RANK: 0 - CUDA_VISIBLE_DEVICES: [0]
[I 2023-11-30 08:22:29,964] Trial 12 finished with value: 20.914676666259766 and parameters: {'gradient_clip_val': 0.6427657027895368, 'hidden_size': 12, 'dropout': 0.25297398463107174, 'hidden_continuous_size': 10, 'attention_head_size': 4, 'learning_rate': 0.09361836593002466}. Best is trial 6 with value: 14.472058296203613.
LOCAL_RANK: 0 - CUDA_VISIBLE_DEVICES: [0]
[I 2023-11-30 08:22:41,860] Trial 13 finished with value: 52.733245849609375 and parameters: {'gradient_clip_val': 0.9905337350060383, 'hidden_size': 16, 'dropout': 0.25801707536242435, 'hidden_continuous_size': 11, 'attention_head_size': 3, 'learning_rate': 0.001090182279373687}. Best is trial 6 with value: 14.472058296203613.
LOCAL_RANK: 0 - CUDA_VISIBLE_DEVICES: [0]
[I 2023-11-30 08:22:55,484] Trial 14 finished with value: 17.219621658325195 and parameters: {'gradient_clip_val': 0.518900348794475, 'hidden_size': 69, 'dropout': 0.39709472302119897, 'hidden_continuous_size': 33, 'attention_head_size': 4, 'learning_rate': 0.029889617696623037}. Best is trial 6 with value: 14.472058296203613.
LOCAL_RANK: 0 - CUDA_VISIBLE_DEVICES: [0]
[I 2023-11-30 08:23:07,686] Trial 15 finished with value: 26.283044815063477 and parameters: {'gradient_clip_val': 0.7551023355085406, 'hidden_size': 15, 'dropout': 0.2213476752336492, 'hidden_continuous_size': 10, 'attention_head_size': 3, 'learning_rate': 0.018122779490060786}. Best is trial 6 with value: 14.472058296203613.
LOCAL_RANK: 0 - CUDA_VISIBLE_DEVICES: [0]
[I 2023-11-30 08:23:19,871] Trial 16 finished with value: 15.507031440734863 and parameters: {'gradient_clip_val': 0.4525173017295387, 'hidden_size': 22, 'dropout': 0.29692714436636897, 'hidden_continuous_size': 12, 'attention_head_size': 2, 'learning_rate': 0.04218435055679908}. Best is trial 6 with value: 14.472058296203613.
LOCAL_RANK: 0 - CUDA_VISIBLE_DEVICES: [0]
[I 2023-11-30 08:23:33,745] Trial 17 finished with value: 16.865190505981445 and parameters: {'gradient_clip_val': 0.27661075022225284, 'hidden_size': 85, 'dropout': 0.3688116824306239, 'hidden_continuous_size': 45, 'attention_head_size': 4, 'learning_rate': 0.014761645722804645}. Best is trial 6 with value: 14.472058296203613.
LOCAL_RANK: 0 - CUDA_VISIBLE_DEVICES: [0]
[I 2023-11-30 08:23:46,803] Trial 18 finished with value: 20.10743522644043 and parameters: {'gradient_clip_val': 0.6299375397361182, 'hidden_size': 58, 'dropout': 0.29434664026309926, 'hidden_continuous_size': 14, 'attention_head_size': 3, 'learning_rate': 0.09631069829019494}. Best is trial 6 with value: 14.472058296203613.
LOCAL_RANK: 0 - CUDA_VISIBLE_DEVICES: [0]
[I 2023-11-30 08:24:00,978] Trial 19 finished with value: 22.108243942260742 and parameters: {'gradient_clip_val': 0.804285311738721, 'hidden_size': 96, 'dropout': 0.22479565749246294, 'hidden_continuous_size': 95, 'attention_head_size': 4, 'learning_rate': 0.03235336036267953}. Best is trial 6 with value: 14.472058296203613.
LOCAL_RANK: 0 - CUDA_VISIBLE_DEVICES: [0]
[I 2023-11-30 08:24:15,198] Trial 20 finished with value: 18.93183135986328 and parameters: {'gradient_clip_val': 0.2787557706047955, 'hidden_size': 127, 'dropout': 0.30951151403832367, 'hidden_continuous_size': 43, 'attention_head_size': 3, 'learning_rate': 0.011647574229290544}. Best is trial 6 with value: 14.472058296203613.
LOCAL_RANK: 0 - CUDA_VISIBLE_DEVICES: [0]
[I 2023-11-30 08:24:27,296] Trial 21 finished with value: 14.56061840057373 and parameters: {'gradient_clip_val': 0.47709582221616403, 'hidden_size': 21, 'dropout': 0.278543252176205, 'hidden_continuous_size': 12, 'attention_head_size': 2, 'learning_rate': 0.047801259958638424}. Best is trial 6 with value: 14.472058296203613.
LOCAL_RANK: 0 - CUDA_VISIBLE_DEVICES: [0]
[I 2023-11-30 08:24:39,096] Trial 22 finished with value: 20.204368591308594 and parameters: {'gradient_clip_val': 0.5332745192023872, 'hidden_size': 16, 'dropout': 0.26961692845073565, 'hidden_continuous_size': 11, 'attention_head_size': 2, 'learning_rate': 0.05361738745318384}. Best is trial 6 with value: 14.472058296203613.
LOCAL_RANK: 0 - CUDA_VISIBLE_DEVICES: [0]
[I 2023-11-30 08:24:49,196] Trial 23 finished with value: 21.710205078125 and parameters: {'gradient_clip_val': 0.4180463267453319, 'hidden_size': 10, 'dropout': 0.37480045918879157, 'hidden_continuous_size': 10, 'attention_head_size': 2, 'learning_rate': 0.030159883769761132}. Best is trial 6 with value: 14.472058296203613.
LOCAL_RANK: 0 - CUDA_VISIBLE_DEVICES: [0]
[I 2023-11-30 08:25:01,321] Trial 24 finished with value: 19.104310989379883 and parameters: {'gradient_clip_val': 0.5747087212137814, 'hidden_size': 20, 'dropout': 0.32098450283324564, 'hidden_continuous_size': 13, 'attention_head_size': 2, 'learning_rate': 0.06693411229734196}. Best is trial 6 with value: 14.472058296203613.
LOCAL_RANK: 0 - CUDA_VISIBLE_DEVICES: [0]
[I 2023-11-30 08:25:13,507] Trial 25 finished with value: 19.56620979309082 and parameters: {'gradient_clip_val': 0.6680186278983733, 'hidden_size': 12, 'dropout': 0.27561252510553425, 'hidden_continuous_size': 10, 'attention_head_size': 3, 'learning_rate': 0.04262935964511911}. Best is trial 6 with value: 14.472058296203613.
LOCAL_RANK: 0 - CUDA_VISIBLE_DEVICES: [0]
[I 2023-11-30 08:25:25,751] Trial 26 finished with value: 18.228639602661133 and parameters: {'gradient_clip_val': 0.523213781739979, 'hidden_size': 26, 'dropout': 0.23617489537525482, 'hidden_continuous_size': 15, 'attention_head_size': 2, 'learning_rate': 0.02278028095179873}. Best is trial 6 with value: 14.472058296203613.
LOCAL_RANK: 0 - CUDA_VISIBLE_DEVICES: [0]
