[I 2023-11-30 15:19:13,106] Trial 94 finished with value: 102.52969360351562 and parameters: {'gradient_clip_val': 0.8975565538060645, 'hidden_size': 25, 'dropout': 0.32935905010987054, 'hidden_continuous_size': 20, 'attention_head_size': 4, 'learning_rate': 0.009421864890029897}. Best is trial 12 with value: 81.73464965820312.
LOCAL_RANK: 0 - CUDA_VISIBLE_DEVICES: [0]
[I 2023-11-30 15:19:26,124] Trial 95 finished with value: 103.67193603515625 and parameters: {'gradient_clip_val': 0.8052471791235758, 'hidden_size': 27, 'dropout': 0.3503240590504918, 'hidden_continuous_size': 21, 'attention_head_size': 4, 'learning_rate': 0.009602550621389278}. Best is trial 12 with value: 81.73464965820312.
LOCAL_RANK: 0 - CUDA_VISIBLE_DEVICES: [0]
[I 2023-11-30 15:19:39,507] Trial 96 finished with value: 111.1227035522461 and parameters: {'gradient_clip_val': 0.8928484830247573, 'hidden_size': 38, 'dropout': 0.31728894982958167, 'hidden_continuous_size': 23, 'attention_head_size': 4, 'learning_rate': 0.011955436249689047}. Best is trial 12 with value: 81.73464965820312.
LOCAL_RANK: 0 - CUDA_VISIBLE_DEVICES: [0]
[I 2023-11-30 15:19:52,866] Trial 97 finished with value: 100.6669921875 and parameters: {'gradient_clip_val': 0.9667093206983967, 'hidden_size': 31, 'dropout': 0.34178871702225233, 'hidden_continuous_size': 20, 'attention_head_size': 4, 'learning_rate': 0.00823879463586205}. Best is trial 12 with value: 81.73464965820312.
LOCAL_RANK: 0 - CUDA_VISIBLE_DEVICES: [0]
[I 2023-11-30 15:20:06,268] Trial 98 finished with value: 91.17141723632812 and parameters: {'gradient_clip_val': 0.8966340964592282, 'hidden_size': 36, 'dropout': 0.2967856640696098, 'hidden_continuous_size': 22, 'attention_head_size': 4, 'learning_rate': 0.01321735062708319}. Best is trial 12 with value: 81.73464965820312.
LOCAL_RANK: 0 - CUDA_VISIBLE_DEVICES: [0]
[I 2023-11-30 15:20:19,635] Trial 99 finished with value: 96.07274627685547 and parameters: {'gradient_clip_val': 0.7859284888422676, 'hidden_size': 36, 'dropout': 0.32844574729361253, 'hidden_continuous_size': 24, 'attention_head_size': 4, 'learning_rate': 0.01340323401430066}. Best is trial 12 with value: 81.73464965820312.
LOCAL_RANK: 0 - CUDA_VISIBLE_DEVICES: [0]
[I 2023-11-30 15:20:33,514] Trial 100 finished with value: 108.86468505859375 and parameters: {'gradient_clip_val': 0.8835035388150775, 'hidden_size': 42, 'dropout': 0.2916210631936309, 'hidden_continuous_size': 21, 'attention_head_size': 4, 'learning_rate': 0.011952022754086666}. Best is trial 12 with value: 81.73464965820312.
LOCAL_RANK: 0 - CUDA_VISIBLE_DEVICES: [0]
[I 2023-11-30 15:20:47,587] Trial 101 finished with value: 119.288818359375 and parameters: {'gradient_clip_val': 0.9991739558690024, 'hidden_size': 33, 'dropout': 0.3084206305746546, 'hidden_continuous_size': 22, 'attention_head_size': 4, 'learning_rate': 0.010252285882607536}. Best is trial 12 with value: 81.73464965820312.
LOCAL_RANK: 0 - CUDA_VISIBLE_DEVICES: [0]
[I 2023-11-30 15:21:00,549] Trial 102 finished with value: 92.1527328491211 and parameters: {'gradient_clip_val': 0.9262883827924678, 'hidden_size': 32, 'dropout': 0.2984553306899564, 'hidden_continuous_size': 20, 'attention_head_size': 4, 'learning_rate': 0.008370306832234812}. Best is trial 12 with value: 81.73464965820312.
LOCAL_RANK: 0 - CUDA_VISIBLE_DEVICES: [0]
[I 2023-11-30 15:21:13,885] Trial 103 finished with value: 99.06412506103516 and parameters: {'gradient_clip_val': 0.832399754321225, 'hidden_size': 38, 'dropout': 0.29842748459276314, 'hidden_continuous_size': 21, 'attention_head_size': 4, 'learning_rate': 0.008182544490966028}. Best is trial 12 with value: 81.73464965820312.
LOCAL_RANK: 0 - CUDA_VISIBLE_DEVICES: [0]
[I 2023-11-30 15:21:28,514] Trial 104 finished with value: 130.24705505371094 and parameters: {'gradient_clip_val': 0.9205442516687877, 'hidden_size': 46, 'dropout': 0.30896500465940174, 'hidden_continuous_size': 22, 'attention_head_size': 4, 'learning_rate': 0.01590029395171584}. Best is trial 12 with value: 81.73464965820312.
LOCAL_RANK: 0 - CUDA_VISIBLE_DEVICES: [0]
[I 2023-11-30 15:21:41,761] Trial 105 finished with value: 92.24044799804688 and parameters: {'gradient_clip_val': 0.8727798218855536, 'hidden_size': 32, 'dropout': 0.3219089674404483, 'hidden_continuous_size': 20, 'attention_head_size': 4, 'learning_rate': 0.013513319318792558}. Best is trial 12 with value: 81.73464965820312.
LOCAL_RANK: 0 - CUDA_VISIBLE_DEVICES: [0]
[I 2023-11-30 15:21:55,530] Trial 106 finished with value: 86.54122924804688 and parameters: {'gradient_clip_val': 0.7670912464769748, 'hidden_size': 35, 'dropout': 0.3345780547051792, 'hidden_continuous_size': 20, 'attention_head_size': 4, 'learning_rate': 0.013188185462856232}. Best is trial 12 with value: 81.73464965820312.
LOCAL_RANK: 0 - CUDA_VISIBLE_DEVICES: [0]
[I 2023-11-30 15:22:08,490] Trial 107 finished with value: 101.1632080078125 and parameters: {'gradient_clip_val': 0.7685320630622198, 'hidden_size': 39, 'dropout': 0.3342264884096942, 'hidden_continuous_size': 23, 'attention_head_size': 4, 'learning_rate': 0.012922120217617464}. Best is trial 12 with value: 81.73464965820312.
LOCAL_RANK: 0 - CUDA_VISIBLE_DEVICES: [0]
[I 2023-11-30 15:22:21,003] Trial 108 finished with value: 97.04322052001953 and parameters: {'gradient_clip_val': 0.734403049134986, 'hidden_size': 36, 'dropout': 0.32155191486143697, 'hidden_continuous_size': 20, 'attention_head_size': 4, 'learning_rate': 0.013792000054467228}. Best is trial 12 with value: 81.73464965820312.
LOCAL_RANK: 0 - CUDA_VISIBLE_DEVICES: [0]
[I 2023-11-30 15:22:34,037] Trial 109 finished with value: 118.1528091430664 and parameters: {'gradient_clip_val': 0.810696046110012, 'hidden_size': 44, 'dropout': 0.33625671462119733, 'hidden_continuous_size': 25, 'attention_head_size': 4, 'learning_rate': 0.020496393238681253}. Best is trial 12 with value: 81.73464965820312.
LOCAL_RANK: 0 - CUDA_VISIBLE_DEVICES: [0]
[I 2023-11-30 15:22:46,945] Trial 110 finished with value: 118.88301849365234 and parameters: {'gradient_clip_val': 0.8419994811901691, 'hidden_size': 41, 'dropout': 0.3259562314376975, 'hidden_continuous_size': 21, 'attention_head_size': 4, 'learning_rate': 0.016393253040808575}. Best is trial 12 with value: 81.73464965820312.
LOCAL_RANK: 0 - CUDA_VISIBLE_DEVICES: [0]
[I 2023-11-30 15:22:59,342] Trial 111 finished with value: 108.4978256225586 and parameters: {'gradient_clip_val': 0.8821120229891787, 'hidden_size': 32, 'dropout': 0.29591539161042296, 'hidden_continuous_size': 19, 'attention_head_size': 4, 'learning_rate': 0.010247683726011014}. Best is trial 12 with value: 81.73464965820312.
LOCAL_RANK: 0 - CUDA_VISIBLE_DEVICES: [0]
[I 2023-11-30 15:23:12,064] Trial 112 finished with value: 101.75750732421875 and parameters: {'gradient_clip_val': 0.9321976721411677, 'hidden_size': 30, 'dropout': 0.3116417931991343, 'hidden_continuous_size': 20, 'attention_head_size': 4, 'learning_rate': 0.011178601677556065}. Best is trial 12 with value: 81.73464965820312.
LOCAL_RANK: 0 - CUDA_VISIBLE_DEVICES: [0]
[I 2023-11-30 15:23:24,979] Trial 113 finished with value: 116.44964599609375 and parameters: {'gradient_clip_val': 0.7844926717831314, 'hidden_size': 34, 'dropout': 0.34624813775354646, 'hidden_continuous_size': 21, 'attention_head_size': 4, 'learning_rate': 0.07382310452784636}. Best is trial 12 with value: 81.73464965820312.
LOCAL_RANK: 0 - CUDA_VISIBLE_DEVICES: [0]
[I 2023-11-30 15:23:38,840] Trial 114 finished with value: 107.35257720947266 and parameters: {'gradient_clip_val': 0.8708357964674185, 'hidden_size': 35, 'dropout': 0.33958476562246315, 'hidden_continuous_size': 22, 'attention_head_size': 4, 'learning_rate': 0.014361725945815472}. Best is trial 12 with value: 81.73464965820312.
LOCAL_RANK: 0 - CUDA_VISIBLE_DEVICES: [0]
[I 2023-11-30 15:23:52,239] Trial 115 finished with value: 99.30026245117188 and parameters: {'gradient_clip_val': 0.9499047162438415, 'hidden_size': 31, 'dropout': 0.27992192952379896, 'hidden_continuous_size': 18, 'attention_head_size': 4, 'learning_rate': 0.01638444373755157}. Best is trial 12 with value: 81.73464965820312.
LOCAL_RANK: 0 - CUDA_VISIBLE_DEVICES: [0]
[I 2023-11-30 15:24:05,781] Trial 116 finished with value: 111.84183502197266 and parameters: {'gradient_clip_val': 0.6893111744701049, 'hidden_size': 37, 'dropout': 0.3312120904568617, 'hidden_continuous_size': 17, 'attention_head_size': 4, 'learning_rate': 0.0472482678511892}. Best is trial 12 with value: 81.73464965820312.
LOCAL_RANK: 0 - CUDA_VISIBLE_DEVICES: [0]
[I 2023-11-30 15:24:18,637] Trial 117 finished with value: 97.59764862060547 and parameters: {'gradient_clip_val': 0.8215267561001321, 'hidden_size': 32, 'dropout': 0.3624161458581934, 'hidden_continuous_size': 16, 'attention_head_size': 4, 'learning_rate': 0.01306269795996421}. Best is trial 12 with value: 81.73464965820312.
LOCAL_RANK: 0 - CUDA_VISIBLE_DEVICES: [0]
[I 2023-11-30 15:24:32,520] Trial 118 finished with value: 93.95931243896484 and parameters: {'gradient_clip_val': 0.902522379025479, 'hidden_size': 42, 'dropout': 0.35238246754900043, 'hidden_continuous_size': 32, 'attention_head_size': 4, 'learning_rate': 0.006506794876305384}. Best is trial 12 with value: 81.73464965820312.
LOCAL_RANK: 0 - CUDA_VISIBLE_DEVICES: [0]
[I 2023-11-30 15:24:46,923] Trial 119 finished with value: 96.2930908203125 and parameters: {'gradient_clip_val': 0.7224358924632152, 'hidden_size': 43, 'dropout': 0.3615672213867113, 'hidden_continuous_size': 36, 'attention_head_size': 4, 'learning_rate': 0.0060324710994881705}. Best is trial 12 with value: 81.73464965820312.
LOCAL_RANK: 0 - CUDA_VISIBLE_DEVICES: [0]
[I 2023-11-30 15:25:00,632] Trial 120 finished with value: 100.32135009765625 and parameters: {'gradient_clip_val': 0.7578076749623011, 'hidden_size': 39, 'dropout': 0.3510307227479706, 'hidden_continuous_size': 31, 'attention_head_size': 4, 'learning_rate': 0.0067908690038625055}. Best is trial 12 with value: 81.73464965820312.
LOCAL_RANK: 0 - CUDA_VISIBLE_DEVICES: [0]
[I 2023-11-30 15:25:14,092] Trial 121 finished with value: 111.91217041015625 and parameters: {'gradient_clip_val': 0.8892295894713262, 'hidden_size': 48, 'dropout': 0.3448305022773583, 'hidden_continuous_size': 26, 'attention_head_size': 4, 'learning_rate': 0.010712086149115186}. Best is trial 12 with value: 81.73464965820312.
LOCAL_RANK: 0 - CUDA_VISIBLE_DEVICES: [0]
[I 2023-11-30 15:25:27,731] Trial 122 finished with value: 99.89356231689453 and parameters: {'gradient_clip_val': 0.9138575204167024, 'hidden_size': 35, 'dropout': 0.3225194409328298, 'hidden_continuous_size': 28, 'attention_head_size': 4, 'learning_rate': 0.009006399335169807}. Best is trial 12 with value: 81.73464965820312.
LOCAL_RANK: 0 - CUDA_VISIBLE_DEVICES: [0]
[I 2023-11-30 15:25:40,916] Trial 123 finished with value: 114.05243682861328 and parameters: {'gradient_clip_val': 0.8518502909147659, 'hidden_size': 30, 'dropout': 0.35455521229772, 'hidden_continuous_size': 15, 'attention_head_size': 4, 'learning_rate': 0.012295496909868937}. Best is trial 12 with value: 81.73464965820312.
LOCAL_RANK: 0 - CUDA_VISIBLE_DEVICES: [0]
[I 2023-11-30 15:25:54,744] Trial 124 finished with value: 106.02552032470703 and parameters: {'gradient_clip_val': 0.9558956092915615, 'hidden_size': 41, 'dropout': 0.36912007338547376, 'hidden_continuous_size': 18, 'attention_head_size': 4, 'learning_rate': 0.015165538697913044}. Best is trial 12 with value: 81.73464965820312.
LOCAL_RANK: 0 - CUDA_VISIBLE_DEVICES: [0]
[I 2023-11-30 15:26:07,964] Trial 125 finished with value: 114.10712432861328 and parameters: {'gradient_clip_val': 0.6401314308369276, 'hidden_size': 33, 'dropout': 0.33967435156872267, 'hidden_continuous_size': 19, 'attention_head_size': 4, 'learning_rate': 0.021279265581206644}. Best is trial 12 with value: 81.73464965820312.
LOCAL_RANK: 0 - CUDA_VISIBLE_DEVICES: [0]
[I 2023-11-30 15:26:21,806] Trial 126 finished with value: 120.38949584960938 and parameters: {'gradient_clip_val': 0.8028478387575477, 'hidden_size': 37, 'dropout': 0.301761657559039, 'hidden_continuous_size': 20, 'attention_head_size': 4, 'learning_rate': 0.02466374756531624}. Best is trial 12 with value: 81.73464965820312.
LOCAL_RANK: 0 - CUDA_VISIBLE_DEVICES: [0]
[I 2023-11-30 15:26:35,096] Trial 127 finished with value: 129.49989318847656 and parameters: {'gradient_clip_val': 0.9092730972536557, 'hidden_size': 34, 'dropout': 0.32665577171732985, 'hidden_continuous_size': 17, 'attention_head_size': 4, 'learning_rate': 0.09203807371488013}. Best is trial 12 with value: 81.73464965820312.
LOCAL_RANK: 0 - CUDA_VISIBLE_DEVICES: [0]
[I 2023-11-30 15:26:48,326] Trial 128 finished with value: 114.98101043701172 and parameters: {'gradient_clip_val': 0.8533504344031588, 'hidden_size': 46, 'dropout': 0.35111636950759834, 'hidden_continuous_size': 14, 'attention_head_size': 2, 'learning_rate': 0.018098115597814435}. Best is trial 12 with value: 81.73464965820312.
LOCAL_RANK: 0 - CUDA_VISIBLE_DEVICES: [0]
[I 2023-11-30 15:27:02,110] Trial 129 finished with value: 109.06458282470703 and parameters: {'gradient_clip_val': 0.9646870629088982, 'hidden_size': 26, 'dropout': 0.31325145010136113, 'hidden_continuous_size': 19, 'attention_head_size': 4, 'learning_rate': 0.013692246945654784}. Best is trial 12 with value: 81.73464965820312.
LOCAL_RANK: 0 - CUDA_VISIBLE_DEVICES: [0]
[I 2023-11-30 15:27:16,369] Trial 130 finished with value: 104.17410278320312 and parameters: {'gradient_clip_val': 0.8823800431544769, 'hidden_size': 52, 'dropout': 0.35936289328054316, 'hidden_continuous_size': 24, 'attention_head_size': 4, 'learning_rate': 0.011613770318777205}. Best is trial 12 with value: 81.73464965820312.
LOCAL_RANK: 0 - CUDA_VISIBLE_DEVICES: [0]
[I 2023-11-30 15:27:29,325] Trial 131 finished with value: 143.85496520996094 and parameters: {'gradient_clip_val': 0.9859834912933064, 'hidden_size': 28, 'dropout': 0.3316410910155293, 'hidden_continuous_size': 19, 'attention_head_size': 4, 'learning_rate': 0.008467294585559308}. Best is trial 12 with value: 81.73464965820312.
LOCAL_RANK: 0 - CUDA_VISIBLE_DEVICES: [0]
[I 2023-11-30 15:27:42,859] Trial 132 finished with value: 93.61883544921875 and parameters: {'gradient_clip_val': 0.99545235043452, 'hidden_size': 29, 'dropout': 0.3180490598607487, 'hidden_continuous_size': 16, 'attention_head_size': 4, 'learning_rate': 0.011856468092519388}. Best is trial 12 with value: 81.73464965820312.
LOCAL_RANK: 0 - CUDA_VISIBLE_DEVICES: [0]
[I 2023-11-30 15:27:55,993] Trial 133 finished with value: 115.9979476928711 and parameters: {'gradient_clip_val': 0.9349072432307914, 'hidden_size': 32, 'dropout': 0.3213120681487035, 'hidden_continuous_size': 16, 'attention_head_size': 4, 'learning_rate': 0.010132259926204335}. Best is trial 12 with value: 81.73464965820312.
LOCAL_RANK: 0 - CUDA_VISIBLE_DEVICES: [0]
[I 2023-11-30 15:28:09,493] Trial 134 finished with value: 103.8826904296875 and parameters: {'gradient_clip_val': 0.8277897487248033, 'hidden_size': 30, 'dropout': 0.3064616551121432, 'hidden_continuous_size': 16, 'attention_head_size': 4, 'learning_rate': 0.012746000022634386}. Best is trial 12 with value: 81.73464965820312.
LOCAL_RANK: 0 - CUDA_VISIBLE_DEVICES: [0]
[I 2023-11-30 15:28:23,127] Trial 135 finished with value: 104.94283294677734 and parameters: {'gradient_clip_val': 0.9014281131748496, 'hidden_size': 36, 'dropout': 0.3161407496572951, 'hidden_continuous_size': 17, 'attention_head_size': 4, 'learning_rate': 0.011085453776172857}. Best is trial 12 with value: 81.73464965820312.
LOCAL_RANK: 0 - CUDA_VISIBLE_DEVICES: [0]
[I 2023-11-30 15:28:36,410] Trial 136 finished with value: 106.40961456298828 and parameters: {'gradient_clip_val': 0.7800487990211054, 'hidden_size': 39, 'dropout': 0.33709487523303583, 'hidden_continuous_size': 15, 'attention_head_size': 1, 'learning_rate': 0.014991081478123159}. Best is trial 12 with value: 81.73464965820312.
LOCAL_RANK: 0 - CUDA_VISIBLE_DEVICES: [0]
[I 2023-11-30 15:28:49,493] Trial 137 finished with value: 157.13458251953125 and parameters: {'gradient_clip_val': 0.9515973558566285, 'hidden_size': 29, 'dropout': 0.345585539452099, 'hidden_continuous_size': 20, 'attention_head_size': 4, 'learning_rate': 0.007442536120724704}. Best is trial 12 with value: 81.73464965820312.
LOCAL_RANK: 0 - CUDA_VISIBLE_DEVICES: [0]
[I 2023-11-30 15:29:02,926] Trial 138 finished with value: 110.96477508544922 and parameters: {'gradient_clip_val': 0.8645833797819259, 'hidden_size': 27, 'dropout': 0.32852121456239614, 'hidden_continuous_size': 20, 'attention_head_size': 4, 'learning_rate': 0.009032579264165537}. Best is trial 12 with value: 81.73464965820312.
LOCAL_RANK: 0 - CUDA_VISIBLE_DEVICES: [0]
[I 2023-11-30 15:29:16,408] Trial 139 finished with value: 92.52095794677734 and parameters: {'gradient_clip_val': 0.9992415955119069, 'hidden_size': 25, 'dropout': 0.3082721705521253, 'hidden_continuous_size': 18, 'attention_head_size': 4, 'learning_rate': 0.017737877304152556}. Best is trial 12 with value: 81.73464965820312.
LOCAL_RANK: 0 - CUDA_VISIBLE_DEVICES: [0]
[I 2023-11-30 15:29:29,885] Trial 140 finished with value: 109.02749633789062 and parameters: {'gradient_clip_val': 0.8100138397302488, 'hidden_size': 33, 'dropout': 0.28890993349475386, 'hidden_continuous_size': 18, 'attention_head_size': 4, 'learning_rate': 0.06357378232093801}. Best is trial 12 with value: 81.73464965820312.
LOCAL_RANK: 0 - CUDA_VISIBLE_DEVICES: [0]
[I 2023-11-30 15:29:42,683] Trial 141 finished with value: 98.1790771484375 and parameters: {'gradient_clip_val': 0.988192217001281, 'hidden_size': 23, 'dropout': 0.2986673134073707, 'hidden_continuous_size': 11, 'attention_head_size': 4, 'learning_rate': 0.016497244137370477}. Best is trial 12 with value: 81.73464965820312.
LOCAL_RANK: 0 - CUDA_VISIBLE_DEVICES: [0]
[I 2023-11-30 15:29:56,071] Trial 142 finished with value: 107.4588394165039 and parameters: {'gradient_clip_val': 0.9255100056470472, 'hidden_size': 25, 'dropout': 0.3076269077471789, 'hidden_continuous_size': 18, 'attention_head_size': 4, 'learning_rate': 0.0201108508921817}. Best is trial 12 with value: 81.73464965820312.
LOCAL_RANK: 0 - CUDA_VISIBLE_DEVICES: [0]
[I 2023-11-30 15:30:09,525] Trial 143 finished with value: 104.39340209960938 and parameters: {'gradient_clip_val': 0.997084327533059, 'hidden_size': 31, 'dropout': 0.320882637819374, 'hidden_continuous_size': 21, 'attention_head_size': 4, 'learning_rate': 0.014066436220487718}. Best is trial 12 with value: 81.73464965820312.
LOCAL_RANK: 0 - CUDA_VISIBLE_DEVICES: [0]
[I 2023-11-30 15:30:22,778] Trial 144 finished with value: 111.47457122802734 and parameters: {'gradient_clip_val': 0.908436234502283, 'hidden_size': 26, 'dropout': 0.3143001677618762, 'hidden_continuous_size': 12, 'attention_head_size': 4, 'learning_rate': 0.01780867098051739}. Best is trial 12 with value: 81.73464965820312.
LOCAL_RANK: 0 - CUDA_VISIBLE_DEVICES: [0]
[I 2023-11-30 15:30:36,158] Trial 145 finished with value: 105.271728515625 and parameters: {'gradient_clip_val': 0.8535632327709273, 'hidden_size': 34, 'dropout': 0.29452865010596624, 'hidden_continuous_size': 17, 'attention_head_size': 4, 'learning_rate': 0.035473757124079255}. Best is trial 12 with value: 81.73464965820312.
LOCAL_RANK: 0 - CUDA_VISIBLE_DEVICES: [0]
[I 2023-11-30 15:30:49,412] Trial 146 finished with value: 105.16967010498047 and parameters: {'gradient_clip_val': 0.9562003223475013, 'hidden_size': 29, 'dropout': 0.30437896899487843, 'hidden_continuous_size': 19, 'attention_head_size': 4, 'learning_rate': 0.012148701396242365}. Best is trial 12 with value: 81.73464965820312.
LOCAL_RANK: 0 - CUDA_VISIBLE_DEVICES: [0]
[I 2023-11-30 15:31:03,014] Trial 147 finished with value: 131.96925354003906 and parameters: {'gradient_clip_val': 0.7491701197026815, 'hidden_size': 37, 'dropout': 0.33695802868142355, 'hidden_continuous_size': 22, 'attention_head_size': 4, 'learning_rate': 0.029062254638628573}. Best is trial 12 with value: 81.73464965820312.
LOCAL_RANK: 0 - CUDA_VISIBLE_DEVICES: [0]
[I 2023-11-30 15:31:15,909] Trial 148 finished with value: 103.31444549560547 and parameters: {'gradient_clip_val': 0.8874918919322184, 'hidden_size': 24, 'dropout': 0.3251332044820443, 'hidden_continuous_size': 16, 'attention_head_size': 4, 'learning_rate': 0.023110387800294133}. Best is trial 12 with value: 81.73464965820312.
LOCAL_RANK: 0 - CUDA_VISIBLE_DEVICES: [0]
[I 2023-11-30 15:31:29,472] Trial 149 finished with value: 100.94698333740234 and parameters: {'gradient_clip_val': 0.8330134161719736, 'hidden_size': 41, 'dropout': 0.31223848416580136, 'hidden_continuous_size': 21, 'attention_head_size': 4, 'learning_rate': 0.05859003080381867}. Best is trial 12 with value: 81.73464965820312.
[I 2023-11-30 15:31:29,592] A new study created in memory with name: no-name-949798cf-3777-4e30-94a8-e117a7c9093b
/home/le004/conda/anaconda3/envs/tsff_env/lib/python3.9/site-packages/lightning/fabric/plugins/environments/slurm.py:191: The `srun` command is available on your system but is not used. HINT: If your intention is to run Lightning on SLURM, prepend your python command with `srun` like so: srun python /home/le004/master_thesis/git/TSFusionForecast/code/ ...
LOCAL_RANK: 0 - CUDA_VISIBLE_DEVICES: [0]
[I 2023-11-30 15:31:43,688] Trial 0 finished with value: 136.74386596679688 and parameters: {'gradient_clip_val': 0.6897517726840612, 'hidden_size': 55, 'dropout': 0.334303498395108, 'hidden_continuous_size': 51, 'attention_head_size': 3, 'learning_rate': 0.001273682374889259}. Best is trial 0 with value: 136.74386596679688.
LOCAL_RANK: 0 - CUDA_VISIBLE_DEVICES: [0]
