[I 2023-11-29 22:16:28,682] Trial 134 finished with value: 8.230250358581543 and parameters: {'gradient_clip_val': 0.3046158941898749, 'hidden_size': 80, 'dropout': 0.25815708556776057, 'hidden_continuous_size': 21, 'attention_head_size': 3, 'learning_rate': 0.024061612102352834}. Best is trial 124 with value: 6.559515476226807.
LOCAL_RANK: 0 - CUDA_VISIBLE_DEVICES: [0]
[I 2023-11-29 22:16:42,110] Trial 135 finished with value: 6.928066253662109 and parameters: {'gradient_clip_val': 0.27135538228329176, 'hidden_size': 84, 'dropout': 0.2546548025804691, 'hidden_continuous_size': 22, 'attention_head_size': 3, 'learning_rate': 0.02642543108705139}. Best is trial 124 with value: 6.559515476226807.
LOCAL_RANK: 0 - CUDA_VISIBLE_DEVICES: [0]
[I 2023-11-29 22:16:55,851] Trial 136 finished with value: 9.90373706817627 and parameters: {'gradient_clip_val': 0.2854849640828113, 'hidden_size': 94, 'dropout': 0.2550466322191048, 'hidden_continuous_size': 21, 'attention_head_size': 3, 'learning_rate': 0.01971785960083124}. Best is trial 124 with value: 6.559515476226807.
LOCAL_RANK: 0 - CUDA_VISIBLE_DEVICES: [0]
[I 2023-11-29 22:17:09,354] Trial 137 finished with value: 8.0839204788208 and parameters: {'gradient_clip_val': 0.31182356825068347, 'hidden_size': 83, 'dropout': 0.27063682970954256, 'hidden_continuous_size': 22, 'attention_head_size': 3, 'learning_rate': 0.026478118679788377}. Best is trial 124 with value: 6.559515476226807.
LOCAL_RANK: 0 - CUDA_VISIBLE_DEVICES: [0]
[I 2023-11-29 22:17:22,903] Trial 138 finished with value: 7.883558750152588 and parameters: {'gradient_clip_val': 0.2600643807438384, 'hidden_size': 71, 'dropout': 0.2615014318172248, 'hidden_continuous_size': 20, 'attention_head_size': 3, 'learning_rate': 0.017505031734173566}. Best is trial 124 with value: 6.559515476226807.
LOCAL_RANK: 0 - CUDA_VISIBLE_DEVICES: [0]
[I 2023-11-29 22:17:36,457] Trial 139 finished with value: 7.80364990234375 and parameters: {'gradient_clip_val': 0.27793822950999847, 'hidden_size': 75, 'dropout': 0.2532916963872879, 'hidden_continuous_size': 23, 'attention_head_size': 3, 'learning_rate': 0.03029454373991347}. Best is trial 124 with value: 6.559515476226807.
LOCAL_RANK: 0 - CUDA_VISIBLE_DEVICES: [0]
[I 2023-11-29 22:17:49,966] Trial 140 finished with value: 10.405327796936035 and parameters: {'gradient_clip_val': 0.24031691745602413, 'hidden_size': 85, 'dropout': 0.26835266508834643, 'hidden_continuous_size': 22, 'attention_head_size': 3, 'learning_rate': 0.024600327207445535}. Best is trial 124 with value: 6.559515476226807.
LOCAL_RANK: 0 - CUDA_VISIBLE_DEVICES: [0]
[I 2023-11-29 22:18:03,636] Trial 141 finished with value: 9.259114265441895 and parameters: {'gradient_clip_val': 0.2665671736446063, 'hidden_size': 77, 'dropout': 0.23454149629616175, 'hidden_continuous_size': 24, 'attention_head_size': 3, 'learning_rate': 0.022888926523275867}. Best is trial 124 with value: 6.559515476226807.
LOCAL_RANK: 0 - CUDA_VISIBLE_DEVICES: [0]
[I 2023-11-29 22:18:17,076] Trial 142 finished with value: 8.395859718322754 and parameters: {'gradient_clip_val': 0.2920627783843586, 'hidden_size': 79, 'dropout': 0.2469451305053169, 'hidden_continuous_size': 18, 'attention_head_size': 3, 'learning_rate': 0.02045968403784787}. Best is trial 124 with value: 6.559515476226807.
LOCAL_RANK: 0 - CUDA_VISIBLE_DEVICES: [0]
[I 2023-11-29 22:18:30,486] Trial 143 finished with value: 7.425901412963867 and parameters: {'gradient_clip_val': 0.31605733754188026, 'hidden_size': 69, 'dropout': 0.2402535294687265, 'hidden_continuous_size': 19, 'attention_head_size': 3, 'learning_rate': 0.01638328148117392}. Best is trial 124 with value: 6.559515476226807.
LOCAL_RANK: 0 - CUDA_VISIBLE_DEVICES: [0]
[I 2023-11-29 22:18:44,041] Trial 144 finished with value: 7.73837423324585 and parameters: {'gradient_clip_val': 0.26854012482819417, 'hidden_size': 74, 'dropout': 0.22531034698778263, 'hidden_continuous_size': 22, 'attention_head_size': 3, 'learning_rate': 0.028333019079065085}. Best is trial 124 with value: 6.559515476226807.
LOCAL_RANK: 0 - CUDA_VISIBLE_DEVICES: [0]
[I 2023-11-29 22:18:57,570] Trial 145 finished with value: 8.428473472595215 and parameters: {'gradient_clip_val': 0.25822756464641117, 'hidden_size': 67, 'dropout': 0.2560003018785244, 'hidden_continuous_size': 24, 'attention_head_size': 3, 'learning_rate': 0.021423985675911028}. Best is trial 124 with value: 6.559515476226807.
LOCAL_RANK: 0 - CUDA_VISIBLE_DEVICES: [0]
[I 2023-11-29 22:19:11,177] Trial 146 finished with value: 7.065988063812256 and parameters: {'gradient_clip_val': 0.2753033067695698, 'hidden_size': 92, 'dropout': 0.262834314317926, 'hidden_continuous_size': 21, 'attention_head_size': 3, 'learning_rate': 0.03282051384737696}. Best is trial 124 with value: 6.559515476226807.
LOCAL_RANK: 0 - CUDA_VISIBLE_DEVICES: [0]
[I 2023-11-29 22:19:24,792] Trial 147 finished with value: 8.5045747756958 and parameters: {'gradient_clip_val': 0.3003753560006168, 'hidden_size': 90, 'dropout': 0.26535679848239363, 'hidden_continuous_size': 21, 'attention_head_size': 3, 'learning_rate': 0.030034505163265852}. Best is trial 124 with value: 6.559515476226807.
LOCAL_RANK: 0 - CUDA_VISIBLE_DEVICES: [0]
[I 2023-11-29 22:19:38,474] Trial 148 finished with value: 8.653149604797363 and parameters: {'gradient_clip_val': 0.24370844779349424, 'hidden_size': 99, 'dropout': 0.2764568539192544, 'hidden_continuous_size': 23, 'attention_head_size': 3, 'learning_rate': 0.026275421140953235}. Best is trial 124 with value: 6.559515476226807.
LOCAL_RANK: 0 - CUDA_VISIBLE_DEVICES: [0]
[I 2023-11-29 22:19:52,056] Trial 149 finished with value: 9.049517631530762 and parameters: {'gradient_clip_val': 0.2203959307580942, 'hidden_size': 81, 'dropout': 0.27416971054039185, 'hidden_continuous_size': 20, 'attention_head_size': 3, 'learning_rate': 0.03299210770471275}. Best is trial 124 with value: 6.559515476226807.
[I 2023-11-29 22:19:52,168] A new study created in memory with name: no-name-ced3d7cd-4fa2-47af-b8d1-87ebec3070a6
/home/le004/conda/anaconda3/envs/tsff_env/lib/python3.9/site-packages/lightning/fabric/plugins/environments/slurm.py:191: The `srun` command is available on your system but is not used. HINT: If your intention is to run Lightning on SLURM, prepend your python command with `srun` like so: srun python /home/le004/master_thesis/git/TSFusionForecast/code/ ...
LOCAL_RANK: 0 - CUDA_VISIBLE_DEVICES: [0]
[I 2023-11-29 22:20:04,181] Trial 0 finished with value: 45.53830337524414 and parameters: {'gradient_clip_val': 0.38759437006162695, 'hidden_size': 22, 'dropout': 0.34779965942723523, 'hidden_continuous_size': 10, 'attention_head_size': 1, 'learning_rate': 0.001163372590305974}. Best is trial 0 with value: 45.53830337524414.
LOCAL_RANK: 0 - CUDA_VISIBLE_DEVICES: [0]
[I 2023-11-29 22:20:16,363] Trial 1 finished with value: 13.363151550292969 and parameters: {'gradient_clip_val': 0.2316077762527105, 'hidden_size': 24, 'dropout': 0.11738833751546651, 'hidden_continuous_size': 10, 'attention_head_size': 4, 'learning_rate': 0.02934534173836028}. Best is trial 1 with value: 13.363151550292969.
LOCAL_RANK: 0 - CUDA_VISIBLE_DEVICES: [0]
[I 2023-11-29 22:20:29,422] Trial 2 finished with value: 12.037432670593262 and parameters: {'gradient_clip_val': 0.5209076836200209, 'hidden_size': 45, 'dropout': 0.13259613039023246, 'hidden_continuous_size': 27, 'attention_head_size': 4, 'learning_rate': 0.016687428144948373}. Best is trial 2 with value: 12.037432670593262.
LOCAL_RANK: 0 - CUDA_VISIBLE_DEVICES: [0]
[I 2023-11-29 22:20:42,509] Trial 3 finished with value: 10.7402982711792 and parameters: {'gradient_clip_val': 0.8067638315151688, 'hidden_size': 52, 'dropout': 0.23349013617077655, 'hidden_continuous_size': 39, 'attention_head_size': 2, 'learning_rate': 0.012642996318572216}. Best is trial 3 with value: 10.7402982711792.
LOCAL_RANK: 0 - CUDA_VISIBLE_DEVICES: [0]
[I 2023-11-29 22:20:56,092] Trial 4 finished with value: 22.12211036682129 and parameters: {'gradient_clip_val': 0.208391292202707, 'hidden_size': 112, 'dropout': 0.3888094956823026, 'hidden_continuous_size': 24, 'attention_head_size': 1, 'learning_rate': 0.00207917672590078}. Best is trial 3 with value: 10.7402982711792.
LOCAL_RANK: 0 - CUDA_VISIBLE_DEVICES: [0]
[I 2023-11-29 22:21:08,794] Trial 5 finished with value: 7.164419174194336 and parameters: {'gradient_clip_val': 0.1375433002721505, 'hidden_size': 36, 'dropout': 0.3793961662816412, 'hidden_continuous_size': 27, 'attention_head_size': 2, 'learning_rate': 0.050559741373980754}. Best is trial 5 with value: 7.164419174194336.
LOCAL_RANK: 0 - CUDA_VISIBLE_DEVICES: [0]
[I 2023-11-29 22:21:21,444] Trial 6 finished with value: 40.5875129699707 and parameters: {'gradient_clip_val': 0.1747090111222224, 'hidden_size': 35, 'dropout': 0.3991201349508945, 'hidden_continuous_size': 13, 'attention_head_size': 4, 'learning_rate': 0.0012133937160655854}. Best is trial 5 with value: 7.164419174194336.
LOCAL_RANK: 0 - CUDA_VISIBLE_DEVICES: [0]
[I 2023-11-29 22:21:33,768] Trial 7 finished with value: 11.373482704162598 and parameters: {'gradient_clip_val': 0.2053506193858979, 'hidden_size': 36, 'dropout': 0.3387714509219361, 'hidden_continuous_size': 16, 'attention_head_size': 3, 'learning_rate': 0.015192012463392811}. Best is trial 5 with value: 7.164419174194336.
LOCAL_RANK: 0 - CUDA_VISIBLE_DEVICES: [0]
[I 2023-11-29 22:21:47,601] Trial 8 finished with value: 7.682173252105713 and parameters: {'gradient_clip_val': 0.3897478357265306, 'hidden_size': 136, 'dropout': 0.39964079027148114, 'hidden_continuous_size': 20, 'attention_head_size': 1, 'learning_rate': 0.05777383617132104}. Best is trial 5 with value: 7.164419174194336.
LOCAL_RANK: 0 - CUDA_VISIBLE_DEVICES: [0]
[I 2023-11-29 22:21:57,681] Trial 9 finished with value: 17.63374137878418 and parameters: {'gradient_clip_val': 0.14699297502268713, 'hidden_size': 12, 'dropout': 0.18350162277192358, 'hidden_continuous_size': 12, 'attention_head_size': 2, 'learning_rate': 0.024152580929206954}. Best is trial 5 with value: 7.164419174194336.
LOCAL_RANK: 0 - CUDA_VISIBLE_DEVICES: [0]
[I 2023-11-29 22:22:11,804] Trial 10 finished with value: 6.593349933624268 and parameters: {'gradient_clip_val': 0.11420030379740376, 'hidden_size': 76, 'dropout': 0.2932208555745778, 'hidden_continuous_size': 66, 'attention_head_size': 3, 'learning_rate': 0.09989331710980226}. Best is trial 10 with value: 6.593349933624268.
LOCAL_RANK: 0 - CUDA_VISIBLE_DEVICES: [0]
[I 2023-11-29 22:22:25,624] Trial 11 finished with value: 7.410781383514404 and parameters: {'gradient_clip_val': 0.10572380249510488, 'hidden_size': 76, 'dropout': 0.29535466671384736, 'hidden_continuous_size': 69, 'attention_head_size': 3, 'learning_rate': 0.08929361000433897}. Best is trial 10 with value: 6.593349933624268.
LOCAL_RANK: 0 - CUDA_VISIBLE_DEVICES: [0]
[I 2023-11-29 22:22:39,822] Trial 12 finished with value: 7.7869439125061035 and parameters: {'gradient_clip_val': 0.10113262246253815, 'hidden_size': 74, 'dropout': 0.280964002736338, 'hidden_continuous_size': 63, 'attention_head_size': 2, 'learning_rate': 0.07789244252508405}. Best is trial 10 with value: 6.593349933624268.
LOCAL_RANK: 0 - CUDA_VISIBLE_DEVICES: [0]
[I 2023-11-29 22:22:53,359] Trial 13 finished with value: 7.494194507598877 and parameters: {'gradient_clip_val': 0.13509133981207952, 'hidden_size': 80, 'dropout': 0.32989752707004927, 'hidden_continuous_size': 36, 'attention_head_size': 3, 'learning_rate': 0.0443287159313914}. Best is trial 10 with value: 6.593349933624268.
LOCAL_RANK: 0 - CUDA_VISIBLE_DEVICES: [0]
[I 2023-11-29 22:23:06,684] Trial 14 finished with value: 7.104956150054932 and parameters: {'gradient_clip_val': 0.1367005631064891, 'hidden_size': 57, 'dropout': 0.24782908741724005, 'hidden_continuous_size': 45, 'attention_head_size': 2, 'learning_rate': 0.09806439820177186}. Best is trial 10 with value: 6.593349933624268.
LOCAL_RANK: 0 - CUDA_VISIBLE_DEVICES: [0]
[I 2023-11-29 22:23:20,057] Trial 15 finished with value: 7.3380913734436035 and parameters: {'gradient_clip_val': 0.24647292508792806, 'hidden_size': 57, 'dropout': 0.23858638025256637, 'hidden_continuous_size': 49, 'attention_head_size': 3, 'learning_rate': 0.09609731623255292}. Best is trial 10 with value: 6.593349933624268.
LOCAL_RANK: 0 - CUDA_VISIBLE_DEVICES: [0]
[I 2023-11-29 22:23:34,653] Trial 16 finished with value: 10.131339073181152 and parameters: {'gradient_clip_val': 0.1062367148157034, 'hidden_size': 111, 'dropout': 0.2649164044580731, 'hidden_continuous_size': 107, 'attention_head_size': 3, 'learning_rate': 0.007221763545562256}. Best is trial 10 with value: 6.593349933624268.
LOCAL_RANK: 0 - CUDA_VISIBLE_DEVICES: [0]
[I 2023-11-29 22:23:48,166] Trial 17 finished with value: 7.468862533569336 and parameters: {'gradient_clip_val': 0.15274639618738037, 'hidden_size': 67, 'dropout': 0.21398285887595564, 'hidden_continuous_size': 37, 'attention_head_size': 2, 'learning_rate': 0.09827554866795828}. Best is trial 10 with value: 6.593349933624268.
LOCAL_RANK: 0 - CUDA_VISIBLE_DEVICES: [0]
[I 2023-11-29 22:24:02,157] Trial 18 finished with value: 8.655152320861816 and parameters: {'gradient_clip_val': 0.28219603818406863, 'hidden_size': 90, 'dropout': 0.3013453009225526, 'hidden_continuous_size': 50, 'attention_head_size': 3, 'learning_rate': 0.034126211056088956}. Best is trial 10 with value: 6.593349933624268.
LOCAL_RANK: 0 - CUDA_VISIBLE_DEVICES: [0]
[I 2023-11-29 22:24:14,953] Trial 19 finished with value: 9.590495109558105 and parameters: {'gradient_clip_val': 0.18547509923230598, 'hidden_size': 56, 'dropout': 0.26311576330036024, 'hidden_continuous_size': 18, 'attention_head_size': 2, 'learning_rate': 0.054659008779565164}. Best is trial 10 with value: 6.593349933624268.
LOCAL_RANK: 0 - CUDA_VISIBLE_DEVICES: [0]
[I 2023-11-29 22:24:29,800] Trial 20 finished with value: 8.338420867919922 and parameters: {'gradient_clip_val': 0.12461963754415735, 'hidden_size': 146, 'dropout': 0.20798468486599134, 'hidden_continuous_size': 120, 'attention_head_size': 4, 'learning_rate': 0.0073844528464052615}. Best is trial 10 with value: 6.593349933624268.
LOCAL_RANK: 0 - CUDA_VISIBLE_DEVICES: [0]
[I 2023-11-29 22:24:42,795] Trial 21 finished with value: 7.107381343841553 and parameters: {'gradient_clip_val': 0.15762616640485244, 'hidden_size': 42, 'dropout': 0.3118125620749888, 'hidden_continuous_size': 27, 'attention_head_size': 2, 'learning_rate': 0.05794309378728334}. Best is trial 10 with value: 6.593349933624268.
LOCAL_RANK: 0 - CUDA_VISIBLE_DEVICES: [0]
[I 2023-11-29 22:24:55,655] Trial 22 finished with value: 7.15172004699707 and parameters: {'gradient_clip_val': 0.16713738703840267, 'hidden_size': 45, 'dropout': 0.299312668911069, 'hidden_continuous_size': 24, 'attention_head_size': 2, 'learning_rate': 0.058311091034202275}. Best is trial 10 with value: 6.593349933624268.
LOCAL_RANK: 0 - CUDA_VISIBLE_DEVICES: [0]
[I 2023-11-29 22:25:09,373] Trial 23 finished with value: 7.4711151123046875 and parameters: {'gradient_clip_val': 0.12837062570187216, 'hidden_size': 94, 'dropout': 0.3193421518255339, 'hidden_continuous_size': 33, 'attention_head_size': 1, 'learning_rate': 0.09829190224252844}. Best is trial 10 with value: 6.593349933624268.
LOCAL_RANK: 0 - CUDA_VISIBLE_DEVICES: [0]
[I 2023-11-29 22:25:22,547] Trial 24 finished with value: 7.931088924407959 and parameters: {'gradient_clip_val': 0.17005700385555644, 'hidden_size': 64, 'dropout': 0.2682335815138793, 'hidden_continuous_size': 31, 'attention_head_size': 2, 'learning_rate': 0.06784620127398514}. Best is trial 10 with value: 6.593349933624268.
LOCAL_RANK: 0 - CUDA_VISIBLE_DEVICES: [0]
[I 2023-11-29 22:25:35,390] Trial 25 finished with value: 9.412674903869629 and parameters: {'gradient_clip_val': 0.12054055843186384, 'hidden_size': 45, 'dropout': 0.3580544585852845, 'hidden_continuous_size': 22, 'attention_head_size': 3, 'learning_rate': 0.041790892817788985}. Best is trial 10 with value: 6.593349933624268.
LOCAL_RANK: 0 - CUDA_VISIBLE_DEVICES: [0]
[I 2023-11-29 22:25:48,978] Trial 26 finished with value: 7.3268561363220215 and parameters: {'gradient_clip_val': 0.14722468848959588, 'hidden_size': 63, 'dropout': 0.31638000505606584, 'hidden_continuous_size': 42, 'attention_head_size': 2, 'learning_rate': 0.06505166794581138}. Best is trial 10 with value: 6.593349933624268.
LOCAL_RANK: 0 - CUDA_VISIBLE_DEVICES: [0]
[I 2023-11-29 22:26:02,517] Trial 27 finished with value: 8.254399299621582 and parameters: {'gradient_clip_val': 0.10018882047140992, 'hidden_size': 89, 'dropout': 0.2821097109423763, 'hidden_continuous_size': 32, 'attention_head_size': 1, 'learning_rate': 0.03532226244993085}. Best is trial 10 with value: 6.593349933624268.
LOCAL_RANK: 0 - CUDA_VISIBLE_DEVICES: [0]
[I 2023-11-29 22:26:15,702] Trial 28 finished with value: 9.134212493896484 and parameters: {'gradient_clip_val': 0.19284038581465304, 'hidden_size': 51, 'dropout': 0.2484063302128755, 'hidden_continuous_size': 29, 'attention_head_size': 3, 'learning_rate': 0.07583339093768483}. Best is trial 10 with value: 6.593349933624268.
LOCAL_RANK: 0 - CUDA_VISIBLE_DEVICES: [0]
[I 2023-11-29 22:26:28,023] Trial 29 finished with value: 10.488131523132324 and parameters: {'gradient_clip_val': 0.1234404416147227, 'hidden_size': 29, 'dropout': 0.3542574478481804, 'hidden_continuous_size': 19, 'attention_head_size': 1, 'learning_rate': 0.04174792943789321}. Best is trial 10 with value: 6.593349933624268.
LOCAL_RANK: 0 - CUDA_VISIBLE_DEVICES: [0]
[I 2023-11-29 22:26:40,454] Trial 30 finished with value: 13.576507568359375 and parameters: {'gradient_clip_val': 0.15722257023690323, 'hidden_size': 31, 'dropout': 0.314255658089004, 'hidden_continuous_size': 16, 'attention_head_size': 2, 'learning_rate': 0.02427208334947975}. Best is trial 10 with value: 6.593349933624268.
LOCAL_RANK: 0 - CUDA_VISIBLE_DEVICES: [0]
[I 2023-11-29 22:26:53,353] Trial 31 finished with value: 9.21783447265625 and parameters: {'gradient_clip_val': 0.16939019064652222, 'hidden_size': 42, 'dropout': 0.29820031073093245, 'hidden_continuous_size': 24, 'attention_head_size': 2, 'learning_rate': 0.06383461569603761}. Best is trial 10 with value: 6.593349933624268.
LOCAL_RANK: 0 - CUDA_VISIBLE_DEVICES: [0]
[I 2023-11-29 22:27:06,166] Trial 32 finished with value: 8.066398620605469 and parameters: {'gradient_clip_val': 0.2268305860089395, 'hidden_size': 46, 'dropout': 0.283372222396794, 'hidden_continuous_size': 22, 'attention_head_size': 2, 'learning_rate': 0.07271488435791973}. Best is trial 10 with value: 6.593349933624268.
LOCAL_RANK: 0 - CUDA_VISIBLE_DEVICES: [0]
[I 2023-11-29 22:27:19,340] Trial 33 finished with value: 8.277552604675293 and parameters: {'gradient_clip_val': 0.1608888898668266, 'hidden_size': 55, 'dropout': 0.33828280199969285, 'hidden_continuous_size': 28, 'attention_head_size': 2, 'learning_rate': 0.05474536539734393}. Best is trial 10 with value: 6.593349933624268.
LOCAL_RANK: 0 - CUDA_VISIBLE_DEVICES: [0]
[I 2023-11-29 22:27:32,078] Trial 34 finished with value: 8.067933082580566 and parameters: {'gradient_clip_val': 0.11638629412840508, 'hidden_size': 41, 'dropout': 0.30375745592001885, 'hidden_continuous_size': 25, 'attention_head_size': 2, 'learning_rate': 0.09871525790413471}. Best is trial 10 with value: 6.593349933624268.
LOCAL_RANK: 0 - CUDA_VISIBLE_DEVICES: [0]
[I 2023-11-29 22:27:44,410] Trial 35 finished with value: 12.179706573486328 and parameters: {'gradient_clip_val': 0.1410091948367252, 'hidden_size': 22, 'dropout': 0.3217144832925738, 'hidden_continuous_size': 17, 'attention_head_size': 3, 'learning_rate': 0.02756046017061787}. Best is trial 10 with value: 6.593349933624268.
LOCAL_RANK: 0 - CUDA_VISIBLE_DEVICES: [0]
[I 2023-11-29 22:27:57,808] Trial 36 finished with value: 8.263672828674316 and parameters: {'gradient_clip_val': 0.19526512061525278, 'hidden_size': 62, 'dropout': 0.25698023899552985, 'hidden_continuous_size': 30, 'attention_head_size': 1, 'learning_rate': 0.04972288569604063}. Best is trial 10 with value: 6.593349933624268.
LOCAL_RANK: 0 - CUDA_VISIBLE_DEVICES: [0]
[I 2023-11-29 22:28:10,779] Trial 37 finished with value: 7.598056793212891 and parameters: {'gradient_clip_val': 0.11498542769832264, 'hidden_size': 47, 'dropout': 0.27795060641349667, 'hidden_continuous_size': 25, 'attention_head_size': 4, 'learning_rate': 0.07401674045567966}. Best is trial 10 with value: 6.593349933624268.
LOCAL_RANK: 0 - CUDA_VISIBLE_DEVICES: [0]
[I 2023-11-29 22:28:23,858] Trial 38 finished with value: 10.664258003234863 and parameters: {'gradient_clip_val': 0.13632130386810715, 'hidden_size': 51, 'dropout': 0.3655645320951999, 'hidden_continuous_size': 26, 'attention_head_size': 2, 'learning_rate': 0.036940240304384024}. Best is trial 10 with value: 6.593349933624268.
LOCAL_RANK: 0 - CUDA_VISIBLE_DEVICES: [0]
[I 2023-11-29 22:28:36,677] Trial 39 finished with value: 8.92646598815918 and parameters: {'gradient_clip_val': 0.22941675319961657, 'hidden_size': 39, 'dropout': 0.34409280933830105, 'hidden_continuous_size': 27, 'attention_head_size': 3, 'learning_rate': 0.05179335879197321}. Best is trial 10 with value: 6.593349933624268.
LOCAL_RANK: 0 - CUDA_VISIBLE_DEVICES: [0]
[I 2023-11-29 22:28:49,318] Trial 40 finished with value: 8.191571235656738 and parameters: {'gradient_clip_val': 0.16998912685450512, 'hidden_size': 30, 'dropout': 0.33167911555899365, 'hidden_continuous_size': 22, 'attention_head_size': 2, 'learning_rate': 0.0775653892627913}. Best is trial 10 with value: 6.593349933624268.
LOCAL_RANK: 0 - CUDA_VISIBLE_DEVICES: [0]
[I 2023-11-29 22:29:02,236] Trial 41 finished with value: 8.41468334197998 and parameters: {'gradient_clip_val': 0.13792888700973946, 'hidden_size': 37, 'dropout': 0.38093247908595507, 'hidden_continuous_size': 27, 'attention_head_size': 2, 'learning_rate': 0.05784572040615929}. Best is trial 10 with value: 6.593349933624268.
LOCAL_RANK: 0 - CUDA_VISIBLE_DEVICES: [0]
