[I 2023-11-30 00:52:29,853] Trial 85 finished with value: 3.580040693283081 and parameters: {'gradient_clip_val': 0.7427340145710926, 'hidden_size': 93, 'dropout': 0.12807692903752327, 'hidden_continuous_size': 29, 'attention_head_size': 2, 'learning_rate': 0.034246013783985535}. Best is trial 84 with value: 2.8925230503082275.
LOCAL_RANK: 0 - CUDA_VISIBLE_DEVICES: [0]
[I 2023-11-30 00:52:43,212] Trial 86 finished with value: 3.5995311737060547 and parameters: {'gradient_clip_val': 0.8239057467502291, 'hidden_size': 84, 'dropout': 0.17286842454488818, 'hidden_continuous_size': 30, 'attention_head_size': 2, 'learning_rate': 0.03856350350596112}. Best is trial 84 with value: 2.8925230503082275.
LOCAL_RANK: 0 - CUDA_VISIBLE_DEVICES: [0]
[I 2023-11-30 00:52:56,287] Trial 87 finished with value: 3.4314260482788086 and parameters: {'gradient_clip_val': 0.9132194418892374, 'hidden_size': 60, 'dropout': 0.15263523860150097, 'hidden_continuous_size': 22, 'attention_head_size': 2, 'learning_rate': 0.021591559597310548}. Best is trial 84 with value: 2.8925230503082275.
LOCAL_RANK: 0 - CUDA_VISIBLE_DEVICES: [0]
[I 2023-11-30 00:53:09,657] Trial 88 finished with value: 3.9428651332855225 and parameters: {'gradient_clip_val': 0.802426146064063, 'hidden_size': 75, 'dropout': 0.16307909441604748, 'hidden_continuous_size': 25, 'attention_head_size': 2, 'learning_rate': 0.02763466024578035}. Best is trial 84 with value: 2.8925230503082275.
LOCAL_RANK: 0 - CUDA_VISIBLE_DEVICES: [0]
[I 2023-11-30 00:53:23,768] Trial 89 finished with value: 4.706689834594727 and parameters: {'gradient_clip_val': 0.8712147968521442, 'hidden_size': 127, 'dropout': 0.14345624208535027, 'hidden_continuous_size': 27, 'attention_head_size': 2, 'learning_rate': 0.016820690495385874}. Best is trial 84 with value: 2.8925230503082275.
LOCAL_RANK: 0 - CUDA_VISIBLE_DEVICES: [0]
[I 2023-11-30 00:53:36,196] Trial 90 finished with value: 3.8621323108673096 and parameters: {'gradient_clip_val': 0.7349907687578188, 'hidden_size': 44, 'dropout': 0.18186373056282543, 'hidden_continuous_size': 21, 'attention_head_size': 1, 'learning_rate': 0.011261062045194198}. Best is trial 84 with value: 2.8925230503082275.
LOCAL_RANK: 0 - CUDA_VISIBLE_DEVICES: [0]
[I 2023-11-30 00:53:50,184] Trial 91 finished with value: 3.4944989681243896 and parameters: {'gradient_clip_val': 0.6445589371611515, 'hidden_size': 110, 'dropout': 0.12244074379546835, 'hidden_continuous_size': 39, 'attention_head_size': 3, 'learning_rate': 0.020593887898014404}. Best is trial 84 with value: 2.8925230503082275.
LOCAL_RANK: 0 - CUDA_VISIBLE_DEVICES: [0]
[I 2023-11-30 00:54:04,025] Trial 92 finished with value: 3.424684524536133 and parameters: {'gradient_clip_val': 0.5942356526102356, 'hidden_size': 102, 'dropout': 0.12896853080794654, 'hidden_continuous_size': 41, 'attention_head_size': 2, 'learning_rate': 0.024657633936963828}. Best is trial 84 with value: 2.8925230503082275.
LOCAL_RANK: 0 - CUDA_VISIBLE_DEVICES: [0]
[I 2023-11-30 00:54:18,032] Trial 93 finished with value: 3.9286434650421143 and parameters: {'gradient_clip_val': 0.8485532663915066, 'hidden_size': 123, 'dropout': 0.11488113378247553, 'hidden_continuous_size': 30, 'attention_head_size': 3, 'learning_rate': 0.0181985183131625}. Best is trial 84 with value: 2.8925230503082275.
LOCAL_RANK: 0 - CUDA_VISIBLE_DEVICES: [0]
[I 2023-11-30 00:54:32,234] Trial 94 finished with value: 3.970287322998047 and parameters: {'gradient_clip_val': 0.8020990900654683, 'hidden_size': 129, 'dropout': 0.10113091981739719, 'hidden_continuous_size': 34, 'attention_head_size': 2, 'learning_rate': 0.013220806392049759}. Best is trial 84 with value: 2.8925230503082275.
LOCAL_RANK: 0 - CUDA_VISIBLE_DEVICES: [0]
[I 2023-11-30 00:54:46,306] Trial 95 finished with value: 3.587019920349121 and parameters: {'gradient_clip_val': 0.9427448584546749, 'hidden_size': 139, 'dropout': 0.13809438767433302, 'hidden_continuous_size': 13, 'attention_head_size': 3, 'learning_rate': 0.026918694001910416}. Best is trial 84 with value: 2.8925230503082275.
LOCAL_RANK: 0 - CUDA_VISIBLE_DEVICES: [0]
[I 2023-11-30 00:54:59,926] Trial 96 finished with value: 3.4804389476776123 and parameters: {'gradient_clip_val': 0.5341829518131093, 'hidden_size': 116, 'dropout': 0.13545957937654313, 'hidden_continuous_size': 17, 'attention_head_size': 2, 'learning_rate': 0.022644978606180373}. Best is trial 84 with value: 2.8925230503082275.
LOCAL_RANK: 0 - CUDA_VISIBLE_DEVICES: [0]
[I 2023-11-30 00:55:12,961] Trial 97 finished with value: 3.2531893253326416 and parameters: {'gradient_clip_val': 0.7475730032075373, 'hidden_size': 47, 'dropout': 0.14979328235991196, 'hidden_continuous_size': 23, 'attention_head_size': 4, 'learning_rate': 0.01618289369412167}. Best is trial 84 with value: 2.8925230503082275.
LOCAL_RANK: 0 - CUDA_VISIBLE_DEVICES: [0]
[I 2023-11-30 00:55:26,693] Trial 98 finished with value: 3.3731584548950195 and parameters: {'gradient_clip_val': 0.4020161020549114, 'hidden_size': 108, 'dropout': 0.24920473105642016, 'hidden_continuous_size': 32, 'attention_head_size': 3, 'learning_rate': 0.030980763275884903}. Best is trial 84 with value: 2.8925230503082275.
LOCAL_RANK: 0 - CUDA_VISIBLE_DEVICES: [0]
[I 2023-11-30 00:55:39,617] Trial 99 finished with value: 3.742412567138672 and parameters: {'gradient_clip_val': 0.6590502165039622, 'hidden_size': 51, 'dropout': 0.12182681747623297, 'hidden_continuous_size': 21, 'attention_head_size': 2, 'learning_rate': 0.02829111403207065}. Best is trial 84 with value: 2.8925230503082275.
LOCAL_RANK: 0 - CUDA_VISIBLE_DEVICES: [0]
[I 2023-11-30 00:55:53,579] Trial 100 finished with value: 3.1746203899383545 and parameters: {'gradient_clip_val': 0.7023434636121085, 'hidden_size': 98, 'dropout': 0.10900985515085718, 'hidden_continuous_size': 25, 'attention_head_size': 4, 'learning_rate': 0.01877536008630559}. Best is trial 84 with value: 2.8925230503082275.
LOCAL_RANK: 0 - CUDA_VISIBLE_DEVICES: [0]
[I 2023-11-30 00:56:06,532] Trial 101 finished with value: 3.297262191772461 and parameters: {'gradient_clip_val': 0.9964712140457528, 'hidden_size': 41, 'dropout': 0.1601568640618733, 'hidden_continuous_size': 19, 'attention_head_size': 4, 'learning_rate': 0.03269344142142933}. Best is trial 84 with value: 2.8925230503082275.
LOCAL_RANK: 0 - CUDA_VISIBLE_DEVICES: [0]
[I 2023-11-30 00:56:19,494] Trial 102 finished with value: 3.3418169021606445 and parameters: {'gradient_clip_val': 0.9410535344275164, 'hidden_size': 42, 'dropout': 0.19151094085931414, 'hidden_continuous_size': 18, 'attention_head_size': 4, 'learning_rate': 0.035720181373332785}. Best is trial 84 with value: 2.8925230503082275.
LOCAL_RANK: 0 - CUDA_VISIBLE_DEVICES: [0]
[I 2023-11-30 00:56:32,497] Trial 103 finished with value: 4.400755405426025 and parameters: {'gradient_clip_val': 0.8499384527856574, 'hidden_size': 53, 'dropout': 0.17599792033771036, 'hidden_continuous_size': 22, 'attention_head_size': 2, 'learning_rate': 0.02265637702014116}. Best is trial 84 with value: 2.8925230503082275.
LOCAL_RANK: 0 - CUDA_VISIBLE_DEVICES: [0]
[I 2023-11-30 00:56:45,555] Trial 104 finished with value: 3.7529184818267822 and parameters: {'gradient_clip_val': 0.7688655459114684, 'hidden_size': 38, 'dropout': 0.16803582160199337, 'hidden_continuous_size': 20, 'attention_head_size': 4, 'learning_rate': 0.039710662369013716}. Best is trial 84 with value: 2.8925230503082275.
LOCAL_RANK: 0 - CUDA_VISIBLE_DEVICES: [0]
[I 2023-11-30 00:56:59,826] Trial 105 finished with value: 4.234753131866455 and parameters: {'gradient_clip_val': 0.8073629460512367, 'hidden_size': 146, 'dropout': 0.141749033404837, 'hidden_continuous_size': 16, 'attention_head_size': 4, 'learning_rate': 0.025530981283483956}. Best is trial 84 with value: 2.8925230503082275.
LOCAL_RANK: 0 - CUDA_VISIBLE_DEVICES: [0]
[I 2023-11-30 00:57:13,408] Trial 106 finished with value: 3.6566922664642334 and parameters: {'gradient_clip_val': 0.5726075565228987, 'hidden_size': 89, 'dropout': 0.1320160831561266, 'hidden_continuous_size': 24, 'attention_head_size': 3, 'learning_rate': 0.020998287145866698}. Best is trial 84 with value: 2.8925230503082275.
LOCAL_RANK: 0 - CUDA_VISIBLE_DEVICES: [0]
[I 2023-11-30 00:57:26,329] Trial 107 finished with value: 3.8095884323120117 and parameters: {'gradient_clip_val': 0.9009049907334905, 'hidden_size': 45, 'dropout': 0.20159115428760116, 'hidden_continuous_size': 19, 'attention_head_size': 4, 'learning_rate': 0.01519295617453704}. Best is trial 84 with value: 2.8925230503082275.
LOCAL_RANK: 0 - CUDA_VISIBLE_DEVICES: [0]
[I 2023-11-30 00:57:38,960] Trial 108 finished with value: 3.4943618774414062 and parameters: {'gradient_clip_val': 0.9919100842437447, 'hidden_size': 40, 'dropout': 0.15683001461234988, 'hidden_continuous_size': 31, 'attention_head_size': 2, 'learning_rate': 0.033862368357269086}. Best is trial 84 with value: 2.8925230503082275.
LOCAL_RANK: 0 - CUDA_VISIBLE_DEVICES: [0]
[I 2023-11-30 00:57:52,799] Trial 109 finished with value: 4.0214056968688965 and parameters: {'gradient_clip_val': 0.6266682333299181, 'hidden_size': 136, 'dropout': 0.14609533592452226, 'hidden_continuous_size': 15, 'attention_head_size': 3, 'learning_rate': 0.029061514941994757}. Best is trial 84 with value: 2.8925230503082275.
LOCAL_RANK: 0 - CUDA_VISIBLE_DEVICES: [0]
[I 2023-11-30 00:58:06,092] Trial 110 finished with value: 3.455610990524292 and parameters: {'gradient_clip_val': 0.8609224010486715, 'hidden_size': 57, 'dropout': 0.12460995197367035, 'hidden_continuous_size': 23, 'attention_head_size': 2, 'learning_rate': 0.050486325720276046}. Best is trial 84 with value: 2.8925230503082275.
LOCAL_RANK: 0 - CUDA_VISIBLE_DEVICES: [0]
[I 2023-11-30 00:58:19,592] Trial 111 finished with value: 3.61525821685791 and parameters: {'gradient_clip_val': 0.4685356741767734, 'hidden_size': 71, 'dropout': 0.13232339025103934, 'hidden_continuous_size': 29, 'attention_head_size': 3, 'learning_rate': 0.02362031158921593}. Best is trial 84 with value: 2.8925230503082275.
LOCAL_RANK: 0 - CUDA_VISIBLE_DEVICES: [0]
[I 2023-11-30 00:58:32,743] Trial 112 finished with value: 4.092576503753662 and parameters: {'gradient_clip_val': 0.5033613172956692, 'hidden_size': 80, 'dropout': 0.1382279081080787, 'hidden_continuous_size': 11, 'attention_head_size': 3, 'learning_rate': 0.018744207233031104}. Best is trial 84 with value: 2.8925230503082275.
LOCAL_RANK: 0 - CUDA_VISIBLE_DEVICES: [0]
[I 2023-11-30 00:58:45,823] Trial 113 finished with value: 3.863279104232788 and parameters: {'gradient_clip_val': 0.7087633623100151, 'hidden_size': 49, 'dropout': 0.15489981498749547, 'hidden_continuous_size': 27, 'attention_head_size': 3, 'learning_rate': 0.021026316408044133}. Best is trial 84 with value: 2.8925230503082275.
LOCAL_RANK: 0 - CUDA_VISIBLE_DEVICES: [0]
[I 2023-11-30 00:58:59,305] Trial 114 finished with value: 3.312100648880005 and parameters: {'gradient_clip_val': 0.678895881881944, 'hidden_size': 65, 'dropout': 0.16561808002960268, 'hidden_continuous_size': 26, 'attention_head_size': 3, 'learning_rate': 0.0422105419008852}. Best is trial 84 with value: 2.8925230503082275.
LOCAL_RANK: 0 - CUDA_VISIBLE_DEVICES: [0]
[I 2023-11-30 00:59:13,020] Trial 115 finished with value: 4.287822723388672 and parameters: {'gradient_clip_val': 0.4423083827413554, 'hidden_size': 95, 'dropout': 0.18673272796174464, 'hidden_continuous_size': 17, 'attention_head_size': 3, 'learning_rate': 0.026747391965605133}. Best is trial 84 with value: 2.8925230503082275.
LOCAL_RANK: 0 - CUDA_VISIBLE_DEVICES: [0]
[I 2023-11-30 00:59:26,697] Trial 116 finished with value: 4.562230587005615 and parameters: {'gradient_clip_val': 0.7721670705125186, 'hidden_size': 107, 'dropout': 0.17698683308486482, 'hidden_continuous_size': 18, 'attention_head_size': 2, 'learning_rate': 0.01720760963821182}. Best is trial 84 with value: 2.8925230503082275.
LOCAL_RANK: 0 - CUDA_VISIBLE_DEVICES: [0]
[I 2023-11-30 00:59:40,897] Trial 117 finished with value: 3.284377336502075 and parameters: {'gradient_clip_val': 0.61402225382742, 'hidden_size': 122, 'dropout': 0.11821755570072151, 'hidden_continuous_size': 60, 'attention_head_size': 4, 'learning_rate': 0.030356201131337093}. Best is trial 84 with value: 2.8925230503082275.
LOCAL_RANK: 0 - CUDA_VISIBLE_DEVICES: [0]
[I 2023-11-30 00:59:54,128] Trial 118 finished with value: 3.1946651935577393 and parameters: {'gradient_clip_val': 0.5543621111685427, 'hidden_size': 55, 'dropout': 0.2325546736525979, 'hidden_continuous_size': 28, 'attention_head_size': 3, 'learning_rate': 0.022409414302467682}. Best is trial 84 with value: 2.8925230503082275.
LOCAL_RANK: 0 - CUDA_VISIBLE_DEVICES: [0]
[I 2023-11-30 01:00:07,492] Trial 119 finished with value: 3.5130813121795654 and parameters: {'gradient_clip_val': 0.3840007437087789, 'hidden_size': 61, 'dropout': 0.1491040980536697, 'hidden_continuous_size': 44, 'attention_head_size': 2, 'learning_rate': 0.014920126628655966}. Best is trial 84 with value: 2.8925230503082275.
LOCAL_RANK: 0 - CUDA_VISIBLE_DEVICES: [0]
[I 2023-11-30 01:00:21,178] Trial 120 finished with value: 3.320547342300415 and parameters: {'gradient_clip_val': 0.48122595399338214, 'hidden_size': 72, 'dropout': 0.14408343571817503, 'hidden_continuous_size': 35, 'attention_head_size': 3, 'learning_rate': 0.019462134223680826}. Best is trial 84 with value: 2.8925230503082275.
LOCAL_RANK: 0 - CUDA_VISIBLE_DEVICES: [0]
[I 2023-11-30 01:00:33,998] Trial 121 finished with value: 3.512586832046509 and parameters: {'gradient_clip_val': 0.38374154286315076, 'hidden_size': 46, 'dropout': 0.20042433739665963, 'hidden_continuous_size': 20, 'attention_head_size': 2, 'learning_rate': 0.04658934027152579}. Best is trial 84 with value: 2.8925230503082275.
LOCAL_RANK: 0 - CUDA_VISIBLE_DEVICES: [0]
[I 2023-11-30 01:00:46,874] Trial 122 finished with value: 3.4588730335235596 and parameters: {'gradient_clip_val': 0.4205506707234521, 'hidden_size': 49, 'dropout': 0.19705421656674538, 'hidden_continuous_size': 21, 'attention_head_size': 2, 'learning_rate': 0.0369632596660654}. Best is trial 84 with value: 2.8925230503082275.
LOCAL_RANK: 0 - CUDA_VISIBLE_DEVICES: [0]
[I 2023-11-30 01:00:59,948] Trial 123 finished with value: 3.1147305965423584 and parameters: {'gradient_clip_val': 0.3625936754526274, 'hidden_size': 43, 'dropout': 0.21136183026124153, 'hidden_continuous_size': 36, 'attention_head_size': 2, 'learning_rate': 0.03356518795457794}. Best is trial 84 with value: 2.8925230503082275.
LOCAL_RANK: 0 - CUDA_VISIBLE_DEVICES: [0]
[I 2023-11-30 01:01:12,912] Trial 124 finished with value: 3.629680633544922 and parameters: {'gradient_clip_val': 0.3461180081064613, 'hidden_size': 43, 'dropout': 0.20867970377700124, 'hidden_continuous_size': 36, 'attention_head_size': 2, 'learning_rate': 0.032139639111672204}. Best is trial 84 with value: 2.8925230503082275.
LOCAL_RANK: 0 - CUDA_VISIBLE_DEVICES: [0]
[I 2023-11-30 01:01:25,698] Trial 125 finished with value: 4.263261795043945 and parameters: {'gradient_clip_val': 0.8287554106722971, 'hidden_size': 36, 'dropout': 0.2145170617510252, 'hidden_continuous_size': 32, 'attention_head_size': 2, 'learning_rate': 0.025731531099165515}. Best is trial 84 with value: 2.8925230503082275.
LOCAL_RANK: 0 - CUDA_VISIBLE_DEVICES: [0]
[I 2023-11-30 01:01:38,621] Trial 126 finished with value: 4.123849391937256 and parameters: {'gradient_clip_val': 0.4026012058029605, 'hidden_size': 39, 'dropout': 0.22031753380731836, 'hidden_continuous_size': 33, 'attention_head_size': 2, 'learning_rate': 0.028244732753169778}. Best is trial 84 with value: 2.8925230503082275.
LOCAL_RANK: 0 - CUDA_VISIBLE_DEVICES: [0]
[I 2023-11-30 01:01:51,257] Trial 127 finished with value: 3.628279685974121 and parameters: {'gradient_clip_val': 0.4397656053092839, 'hidden_size': 33, 'dropout': 0.22669288492101497, 'hidden_continuous_size': 30, 'attention_head_size': 2, 'learning_rate': 0.04083006916489732}. Best is trial 84 with value: 2.8925230503082275.
LOCAL_RANK: 0 - CUDA_VISIBLE_DEVICES: [0]
[I 2023-11-30 01:02:04,166] Trial 128 finished with value: 3.5781290531158447 and parameters: {'gradient_clip_val': 0.5246523631616286, 'hidden_size': 43, 'dropout': 0.22921770332434296, 'hidden_continuous_size': 37, 'attention_head_size': 3, 'learning_rate': 0.03504593202648157}. Best is trial 84 with value: 2.8925230503082275.
LOCAL_RANK: 0 - CUDA_VISIBLE_DEVICES: [0]
[I 2023-11-30 01:02:16,965] Trial 129 finished with value: 3.365217924118042 and parameters: {'gradient_clip_val': 0.9311218894199044, 'hidden_size': 37, 'dropout': 0.23914705815293238, 'hidden_continuous_size': 28, 'attention_head_size': 2, 'learning_rate': 0.023403440142548304}. Best is trial 84 with value: 2.8925230503082275.
LOCAL_RANK: 0 - CUDA_VISIBLE_DEVICES: [0]
[I 2023-11-30 01:02:31,287] Trial 130 finished with value: 3.351147413253784 and parameters: {'gradient_clip_val': 0.880398310300265, 'hidden_size': 131, 'dropout': 0.2452127508528815, 'hidden_continuous_size': 49, 'attention_head_size': 2, 'learning_rate': 0.01385724846765622}. Best is trial 84 with value: 2.8925230503082275.
LOCAL_RANK: 0 - CUDA_VISIBLE_DEVICES: [0]
[I 2023-11-30 01:02:44,212] Trial 131 finished with value: 3.547528028488159 and parameters: {'gradient_clip_val': 0.3737240565590844, 'hidden_size': 52, 'dropout': 0.21805326887622173, 'hidden_continuous_size': 22, 'attention_head_size': 2, 'learning_rate': 0.04592076868853084}. Best is trial 84 with value: 2.8925230503082275.
LOCAL_RANK: 0 - CUDA_VISIBLE_DEVICES: [0]
[I 2023-11-30 01:02:57,033] Trial 132 finished with value: 3.5691452026367188 and parameters: {'gradient_clip_val': 0.4621419814312753, 'hidden_size': 45, 'dropout': 0.20214109038495767, 'hidden_continuous_size': 20, 'attention_head_size': 2, 'learning_rate': 0.03742978479427206}. Best is trial 84 with value: 2.8925230503082275.
LOCAL_RANK: 0 - CUDA_VISIBLE_DEVICES: [0]
[I 2023-11-30 01:03:10,178] Trial 133 finished with value: 3.7778713703155518 and parameters: {'gradient_clip_val': 0.40894136335062364, 'hidden_size': 49, 'dropout': 0.2077084751096889, 'hidden_continuous_size': 34, 'attention_head_size': 2, 'learning_rate': 0.031500717093993914}. Best is trial 84 with value: 2.8925230503082275.
LOCAL_RANK: 0 - CUDA_VISIBLE_DEVICES: [0]
[I 2023-11-30 01:03:23,362] Trial 134 finished with value: 3.989013671875 and parameters: {'gradient_clip_val': 0.3557008934477356, 'hidden_size': 47, 'dropout': 0.19221916415088836, 'hidden_continuous_size': 38, 'attention_head_size': 2, 'learning_rate': 0.020116354564731393}. Best is trial 84 with value: 2.8925230503082275.
LOCAL_RANK: 0 - CUDA_VISIBLE_DEVICES: [0]
[I 2023-11-30 01:03:36,375] Trial 135 finished with value: 3.2186222076416016 and parameters: {'gradient_clip_val': 0.4310857396396529, 'hidden_size': 41, 'dropout': 0.23303004520165946, 'hidden_continuous_size': 27, 'attention_head_size': 2, 'learning_rate': 0.04377432990328667}. Best is trial 84 with value: 2.8925230503082275.
LOCAL_RANK: 0 - CUDA_VISIBLE_DEVICES: [0]
[I 2023-11-30 01:03:50,247] Trial 136 finished with value: 3.73661732673645 and parameters: {'gradient_clip_val': 0.7950431128809953, 'hidden_size': 117, 'dropout': 0.2579199010186084, 'hidden_continuous_size': 25, 'attention_head_size': 3, 'learning_rate': 0.01620441251005898}. Best is trial 84 with value: 2.8925230503082275.
LOCAL_RANK: 0 - CUDA_VISIBLE_DEVICES: [0]
[I 2023-11-30 01:04:03,608] Trial 137 finished with value: 5.484798431396484 and parameters: {'gradient_clip_val': 0.36847742170759534, 'hidden_size': 68, 'dropout': 0.12692583066712315, 'hidden_continuous_size': 26, 'attention_head_size': 2, 'learning_rate': 0.024781800764861896}. Best is trial 84 with value: 2.8925230503082275.
LOCAL_RANK: 0 - CUDA_VISIBLE_DEVICES: [0]
[I 2023-11-30 01:04:17,131] Trial 138 finished with value: 3.4145917892456055 and parameters: {'gradient_clip_val': 0.33668805796837636, 'hidden_size': 59, 'dropout': 0.22046289880107195, 'hidden_continuous_size': 41, 'attention_head_size': 4, 'learning_rate': 0.021449672352327635}. Best is trial 84 with value: 2.8925230503082275.
LOCAL_RANK: 0 - CUDA_VISIBLE_DEVICES: [0]
[I 2023-11-30 01:04:29,887] Trial 139 finished with value: 3.2490861415863037 and parameters: {'gradient_clip_val': 0.39206159374619715, 'hidden_size': 39, 'dropout': 0.18361970892160065, 'hidden_continuous_size': 32, 'attention_head_size': 2, 'learning_rate': 0.017794220684060107}. Best is trial 84 with value: 2.8925230503082275.
LOCAL_RANK: 0 - CUDA_VISIBLE_DEVICES: [0]
[I 2023-11-30 01:04:43,620] Trial 140 finished with value: 3.3239033222198486 and parameters: {'gradient_clip_val': 0.5163378022478677, 'hidden_size': 90, 'dropout': 0.18862076758800647, 'hidden_continuous_size': 19, 'attention_head_size': 3, 'learning_rate': 0.028540274196838876}. Best is trial 84 with value: 2.8925230503082275.
LOCAL_RANK: 0 - CUDA_VISIBLE_DEVICES: [0]
[I 2023-11-30 01:04:56,508] Trial 141 finished with value: 3.5121631622314453 and parameters: {'gradient_clip_val': 0.743363390912131, 'hidden_size': 44, 'dropout': 0.1766880419860939, 'hidden_continuous_size': 19, 'attention_head_size': 4, 'learning_rate': 0.038869080071380104}. Best is trial 84 with value: 2.8925230503082275.
LOCAL_RANK: 0 - CUDA_VISIBLE_DEVICES: [0]
[I 2023-11-30 01:05:09,452] Trial 142 finished with value: 4.267727375030518 and parameters: {'gradient_clip_val': 0.7813275470444532, 'hidden_size': 47, 'dropout': 0.17321519723665846, 'hidden_continuous_size': 20, 'attention_head_size': 4, 'learning_rate': 0.035795091772557325}. Best is trial 84 with value: 2.8925230503082275.
LOCAL_RANK: 0 - CUDA_VISIBLE_DEVICES: [0]
[I 2023-11-30 01:05:22,373] Trial 143 finished with value: 3.3298118114471436 and parameters: {'gradient_clip_val': 0.8425554217302522, 'hidden_size': 41, 'dropout': 0.16053813539883052, 'hidden_continuous_size': 30, 'attention_head_size': 4, 'learning_rate': 0.049054633927005147}. Best is trial 84 with value: 2.8925230503082275.
LOCAL_RANK: 0 - CUDA_VISIBLE_DEVICES: [0]
