[I 2023-11-30 14:13:32,287] Trial 103 finished with value: 748.1017456054688 and parameters: {'gradient_clip_val': 0.10422910098000396, 'hidden_size': 34, 'dropout': 0.36669597225277634, 'hidden_continuous_size': 17, 'attention_head_size': 4, 'learning_rate': 0.07535105620164878}. Best is trial 67 with value: 674.1014404296875.
LOCAL_RANK: 0 - CUDA_VISIBLE_DEVICES: [0]
[I 2023-11-30 14:13:46,446] Trial 104 finished with value: 945.461669921875 and parameters: {'gradient_clip_val': 0.10500329075054553, 'hidden_size': 22, 'dropout': 0.3647542647724831, 'hidden_continuous_size': 17, 'attention_head_size': 4, 'learning_rate': 0.07378298314069667}. Best is trial 67 with value: 674.1014404296875.
LOCAL_RANK: 0 - CUDA_VISIBLE_DEVICES: [0]
[I 2023-11-30 14:13:59,299] Trial 105 finished with value: 863.4387817382812 and parameters: {'gradient_clip_val': 0.103814876550663, 'hidden_size': 25, 'dropout': 0.34136174910636924, 'hidden_continuous_size': 17, 'attention_head_size': 4, 'learning_rate': 0.059137752619220024}. Best is trial 67 with value: 674.1014404296875.
LOCAL_RANK: 0 - CUDA_VISIBLE_DEVICES: [0]
[I 2023-11-30 14:14:12,633] Trial 106 finished with value: 663.8860473632812 and parameters: {'gradient_clip_val': 0.12610558268027053, 'hidden_size': 33, 'dropout': 0.35860498596622764, 'hidden_continuous_size': 19, 'attention_head_size': 4, 'learning_rate': 0.06502965797638306}. Best is trial 106 with value: 663.8860473632812.
LOCAL_RANK: 0 - CUDA_VISIBLE_DEVICES: [0]
[I 2023-11-30 14:14:26,159] Trial 107 finished with value: 815.2626342773438 and parameters: {'gradient_clip_val': 0.1263663974598178, 'hidden_size': 34, 'dropout': 0.3590375632033914, 'hidden_continuous_size': 16, 'attention_head_size': 4, 'learning_rate': 0.07856849654371055}. Best is trial 106 with value: 663.8860473632812.
LOCAL_RANK: 0 - CUDA_VISIBLE_DEVICES: [0]
[I 2023-11-30 14:14:39,738] Trial 108 finished with value: 825.0143432617188 and parameters: {'gradient_clip_val': 0.11582390635487323, 'hidden_size': 36, 'dropout': 0.37650561607096056, 'hidden_continuous_size': 20, 'attention_head_size': 4, 'learning_rate': 0.08965462414501507}. Best is trial 106 with value: 663.8860473632812.
LOCAL_RANK: 0 - CUDA_VISIBLE_DEVICES: [0]
[I 2023-11-30 14:14:52,839] Trial 109 finished with value: 773.75341796875 and parameters: {'gradient_clip_val': 0.13290273453023163, 'hidden_size': 28, 'dropout': 0.38729981401669084, 'hidden_continuous_size': 15, 'attention_head_size': 4, 'learning_rate': 0.06624286717734312}. Best is trial 106 with value: 663.8860473632812.
LOCAL_RANK: 0 - CUDA_VISIBLE_DEVICES: [0]
[I 2023-11-30 14:15:06,277] Trial 110 finished with value: 817.8209838867188 and parameters: {'gradient_clip_val': 0.10997141518759748, 'hidden_size': 31, 'dropout': 0.39982741879772277, 'hidden_continuous_size': 19, 'attention_head_size': 4, 'learning_rate': 0.07046550478278521}. Best is trial 106 with value: 663.8860473632812.
LOCAL_RANK: 0 - CUDA_VISIBLE_DEVICES: [0]
[I 2023-11-30 14:15:19,541] Trial 111 finished with value: 676.337890625 and parameters: {'gradient_clip_val': 0.11965234255876732, 'hidden_size': 19, 'dropout': 0.3689813875973516, 'hidden_continuous_size': 13, 'attention_head_size': 4, 'learning_rate': 0.05746371855625847}. Best is trial 106 with value: 663.8860473632812.
LOCAL_RANK: 0 - CUDA_VISIBLE_DEVICES: [0]
[I 2023-11-30 14:15:33,041] Trial 112 finished with value: 926.5100708007812 and parameters: {'gradient_clip_val': 0.11599071976083553, 'hidden_size': 19, 'dropout': 0.3688903668459735, 'hidden_continuous_size': 13, 'attention_head_size': 4, 'learning_rate': 0.05162662619374693}. Best is trial 106 with value: 663.8860473632812.
LOCAL_RANK: 0 - CUDA_VISIBLE_DEVICES: [0]
[I 2023-11-30 14:15:46,824] Trial 113 finished with value: 784.7646484375 and parameters: {'gradient_clip_val': 0.12261516154495612, 'hidden_size': 29, 'dropout': 0.35281421273497177, 'hidden_continuous_size': 11, 'attention_head_size': 4, 'learning_rate': 0.05762658734992527}. Best is trial 106 with value: 663.8860473632812.
LOCAL_RANK: 0 - CUDA_VISIBLE_DEVICES: [0]
[I 2023-11-30 14:16:00,268] Trial 114 finished with value: 858.709228515625 and parameters: {'gradient_clip_val': 0.1361253463502616, 'hidden_size': 24, 'dropout': 0.3800599386955531, 'hidden_continuous_size': 14, 'attention_head_size': 4, 'learning_rate': 0.06244985516921099}. Best is trial 106 with value: 663.8860473632812.
LOCAL_RANK: 0 - CUDA_VISIBLE_DEVICES: [0]
[I 2023-11-30 14:16:13,776] Trial 115 finished with value: 921.4739379882812 and parameters: {'gradient_clip_val': 0.10318928748536894, 'hidden_size': 18, 'dropout': 0.37403597612043554, 'hidden_continuous_size': 13, 'attention_head_size': 4, 'learning_rate': 0.08227871844853231}. Best is trial 106 with value: 663.8860473632812.
LOCAL_RANK: 0 - CUDA_VISIBLE_DEVICES: [0]
[I 2023-11-30 14:16:27,112] Trial 116 finished with value: 973.6074829101562 and parameters: {'gradient_clip_val': 0.12631248381712307, 'hidden_size': 26, 'dropout': 0.3925267750430828, 'hidden_continuous_size': 19, 'attention_head_size': 4, 'learning_rate': 0.07390558783378344}. Best is trial 106 with value: 663.8860473632812.
LOCAL_RANK: 0 - CUDA_VISIBLE_DEVICES: [0]
[I 2023-11-30 14:16:40,384] Trial 117 finished with value: 980.8253784179688 and parameters: {'gradient_clip_val': 0.11263396191823101, 'hidden_size': 33, 'dropout': 0.36415540388279377, 'hidden_continuous_size': 20, 'attention_head_size': 4, 'learning_rate': 0.09154438017883922}. Best is trial 106 with value: 663.8860473632812.
LOCAL_RANK: 0 - CUDA_VISIBLE_DEVICES: [0]
[I 2023-11-30 14:16:53,620] Trial 118 finished with value: 875.4246215820312 and parameters: {'gradient_clip_val': 0.10688091833513798, 'hidden_size': 27, 'dropout': 0.35589349725016384, 'hidden_continuous_size': 17, 'attention_head_size': 4, 'learning_rate': 0.04690259454817626}. Best is trial 106 with value: 663.8860473632812.
LOCAL_RANK: 0 - CUDA_VISIBLE_DEVICES: [0]
[I 2023-11-30 14:17:07,618] Trial 119 finished with value: 774.72705078125 and parameters: {'gradient_clip_val': 0.11926937552920006, 'hidden_size': 39, 'dropout': 0.383667700309261, 'hidden_continuous_size': 22, 'attention_head_size': 4, 'learning_rate': 0.0669072999341341}. Best is trial 106 with value: 663.8860473632812.
LOCAL_RANK: 0 - CUDA_VISIBLE_DEVICES: [0]
[I 2023-11-30 14:17:20,870] Trial 120 finished with value: 825.3287963867188 and parameters: {'gradient_clip_val': 0.10010090523320392, 'hidden_size': 20, 'dropout': 0.3600909287855081, 'hidden_continuous_size': 12, 'attention_head_size': 4, 'learning_rate': 0.0788129400310137}. Best is trial 106 with value: 663.8860473632812.
LOCAL_RANK: 0 - CUDA_VISIBLE_DEVICES: [0]
[I 2023-11-30 14:17:34,121] Trial 121 finished with value: 818.008544921875 and parameters: {'gradient_clip_val': 0.15246250779697854, 'hidden_size': 21, 'dropout': 0.343827815661199, 'hidden_continuous_size': 18, 'attention_head_size': 4, 'learning_rate': 0.052892975200237044}. Best is trial 106 with value: 663.8860473632812.
LOCAL_RANK: 0 - CUDA_VISIBLE_DEVICES: [0]
[I 2023-11-30 14:17:47,669] Trial 122 finished with value: 802.6795043945312 and parameters: {'gradient_clip_val': 0.14195408042216193, 'hidden_size': 23, 'dropout': 0.35026165349443705, 'hidden_continuous_size': 18, 'attention_head_size': 4, 'learning_rate': 0.04269056450875956}. Best is trial 106 with value: 663.8860473632812.
LOCAL_RANK: 0 - CUDA_VISIBLE_DEVICES: [0]
[I 2023-11-30 14:18:01,301] Trial 123 finished with value: 889.1533203125 and parameters: {'gradient_clip_val': 0.1365767009210261, 'hidden_size': 22, 'dropout': 0.37007161378216846, 'hidden_continuous_size': 18, 'attention_head_size': 4, 'learning_rate': 0.05685828454436956}. Best is trial 106 with value: 663.8860473632812.
LOCAL_RANK: 0 - CUDA_VISIBLE_DEVICES: [0]
[I 2023-11-30 14:18:14,617] Trial 124 finished with value: 824.3324584960938 and parameters: {'gradient_clip_val': 0.12916724298584048, 'hidden_size': 25, 'dropout': 0.34112171550290976, 'hidden_continuous_size': 19, 'attention_head_size': 4, 'learning_rate': 0.06018514653002109}. Best is trial 106 with value: 663.8860473632812.
LOCAL_RANK: 0 - CUDA_VISIBLE_DEVICES: [0]
[I 2023-11-30 14:18:27,461] Trial 125 finished with value: 685.5368041992188 and parameters: {'gradient_clip_val': 0.1467523376401811, 'hidden_size': 21, 'dropout': 0.33587795065956416, 'hidden_continuous_size': 14, 'attention_head_size': 4, 'learning_rate': 0.04492443971378544}. Best is trial 106 with value: 663.8860473632812.
LOCAL_RANK: 0 - CUDA_VISIBLE_DEVICES: [0]
[I 2023-11-30 14:18:40,503] Trial 126 finished with value: 862.1152954101562 and parameters: {'gradient_clip_val': 0.11993784340723407, 'hidden_size': 18, 'dropout': 0.3371768681359089, 'hidden_continuous_size': 14, 'attention_head_size': 4, 'learning_rate': 0.07179326497342592}. Best is trial 106 with value: 663.8860473632812.
LOCAL_RANK: 0 - CUDA_VISIBLE_DEVICES: [0]
[I 2023-11-30 14:18:54,066] Trial 127 finished with value: 870.2031860351562 and parameters: {'gradient_clip_val': 0.10880943352013116, 'hidden_size': 16, 'dropout': 0.36500528637288776, 'hidden_continuous_size': 14, 'attention_head_size': 4, 'learning_rate': 0.04991065531004054}. Best is trial 106 with value: 663.8860473632812.
LOCAL_RANK: 0 - CUDA_VISIBLE_DEVICES: [0]
[I 2023-11-30 14:19:07,222] Trial 128 finished with value: 893.64111328125 and parameters: {'gradient_clip_val': 0.1446757478635285, 'hidden_size': 19, 'dropout': 0.3284866161061782, 'hidden_continuous_size': 15, 'attention_head_size': 4, 'learning_rate': 0.08427314555209744}. Best is trial 106 with value: 663.8860473632812.
LOCAL_RANK: 0 - CUDA_VISIBLE_DEVICES: [0]
[I 2023-11-30 14:19:20,234] Trial 129 finished with value: 852.85693359375 and parameters: {'gradient_clip_val': 0.11537230776860447, 'hidden_size': 23, 'dropout': 0.33233178862305773, 'hidden_continuous_size': 14, 'attention_head_size': 4, 'learning_rate': 0.035843691092356286}. Best is trial 106 with value: 663.8860473632812.
LOCAL_RANK: 0 - CUDA_VISIBLE_DEVICES: [0]
[I 2023-11-30 14:19:33,095] Trial 130 finished with value: 838.7131958007812 and parameters: {'gradient_clip_val': 0.1262805308235402, 'hidden_size': 20, 'dropout': 0.34946938196828675, 'hidden_continuous_size': 13, 'attention_head_size': 2, 'learning_rate': 0.06471971095155957}. Best is trial 106 with value: 663.8860473632812.
LOCAL_RANK: 0 - CUDA_VISIBLE_DEVICES: [0]
[I 2023-11-30 14:19:46,259] Trial 131 finished with value: 839.3093872070312 and parameters: {'gradient_clip_val': 0.14439152142712144, 'hidden_size': 21, 'dropout': 0.345748074761636, 'hidden_continuous_size': 18, 'attention_head_size': 4, 'learning_rate': 0.04470945513763375}. Best is trial 106 with value: 663.8860473632812.
LOCAL_RANK: 0 - CUDA_VISIBLE_DEVICES: [0]
[I 2023-11-30 14:19:59,379] Trial 132 finished with value: 802.8935546875 and parameters: {'gradient_clip_val': 0.1550667896392713, 'hidden_size': 24, 'dropout': 0.3561379343932592, 'hidden_continuous_size': 17, 'attention_head_size': 4, 'learning_rate': 0.041308438159517}. Best is trial 106 with value: 663.8860473632812.
LOCAL_RANK: 0 - CUDA_VISIBLE_DEVICES: [0]
[I 2023-11-30 14:20:12,489] Trial 133 finished with value: 877.67529296875 and parameters: {'gradient_clip_val': 0.16453442393424478, 'hidden_size': 22, 'dropout': 0.33765005258975234, 'hidden_continuous_size': 19, 'attention_head_size': 4, 'learning_rate': 0.046036640826308595}. Best is trial 106 with value: 663.8860473632812.
LOCAL_RANK: 0 - CUDA_VISIBLE_DEVICES: [0]
[I 2023-11-30 14:20:25,289] Trial 134 finished with value: 987.1982421875 and parameters: {'gradient_clip_val': 0.13451580758288323, 'hidden_size': 20, 'dropout': 0.3740476280734151, 'hidden_continuous_size': 10, 'attention_head_size': 4, 'learning_rate': 0.026377486588825726}. Best is trial 106 with value: 663.8860473632812.
LOCAL_RANK: 0 - CUDA_VISIBLE_DEVICES: [0]
[I 2023-11-30 14:20:38,530] Trial 135 finished with value: 753.9132690429688 and parameters: {'gradient_clip_val': 0.111635457621342, 'hidden_size': 17, 'dropout': 0.3321230589154724, 'hidden_continuous_size': 15, 'attention_head_size': 4, 'learning_rate': 0.05475928370183349}. Best is trial 106 with value: 663.8860473632812.
LOCAL_RANK: 0 - CUDA_VISIBLE_DEVICES: [0]
[I 2023-11-30 14:20:51,404] Trial 136 finished with value: 915.7548217773438 and parameters: {'gradient_clip_val': 0.11187557443900133, 'hidden_size': 17, 'dropout': 0.31758379590487207, 'hidden_continuous_size': 15, 'attention_head_size': 4, 'learning_rate': 0.054176848025309}. Best is trial 106 with value: 663.8860473632812.
LOCAL_RANK: 0 - CUDA_VISIBLE_DEVICES: [0]
[I 2023-11-30 14:21:04,103] Trial 137 finished with value: 876.5226440429688 and parameters: {'gradient_clip_val': 0.10427718590546908, 'hidden_size': 14, 'dropout': 0.31076306227333517, 'hidden_continuous_size': 13, 'attention_head_size': 1, 'learning_rate': 0.06372405426823559}. Best is trial 106 with value: 663.8860473632812.
LOCAL_RANK: 0 - CUDA_VISIBLE_DEVICES: [0]
[I 2023-11-30 14:21:17,461] Trial 138 finished with value: 833.675048828125 and parameters: {'gradient_clip_val': 0.12190964189939299, 'hidden_size': 18, 'dropout': 0.33132356492218323, 'hidden_continuous_size': 16, 'attention_head_size': 4, 'learning_rate': 0.07854847132324486}. Best is trial 106 with value: 663.8860473632812.
LOCAL_RANK: 0 - CUDA_VISIBLE_DEVICES: [0]
[I 2023-11-30 14:21:30,760] Trial 139 finished with value: 939.4122924804688 and parameters: {'gradient_clip_val': 0.11262089925096677, 'hidden_size': 19, 'dropout': 0.38891008091503715, 'hidden_continuous_size': 14, 'attention_head_size': 4, 'learning_rate': 0.0933029534616809}. Best is trial 106 with value: 663.8860473632812.
LOCAL_RANK: 0 - CUDA_VISIBLE_DEVICES: [0]
[I 2023-11-30 14:21:44,156] Trial 140 finished with value: 721.1642456054688 and parameters: {'gradient_clip_val': 0.1180021372829251, 'hidden_size': 30, 'dropout': 0.32474073682288657, 'hidden_continuous_size': 21, 'attention_head_size': 4, 'learning_rate': 0.0504121687632697}. Best is trial 106 with value: 663.8860473632812.
LOCAL_RANK: 0 - CUDA_VISIBLE_DEVICES: [0]
[I 2023-11-30 14:21:57,352] Trial 141 finished with value: 765.0433959960938 and parameters: {'gradient_clip_val': 0.10970494105364395, 'hidden_size': 29, 'dropout': 0.32369253945885346, 'hidden_continuous_size': 21, 'attention_head_size': 4, 'learning_rate': 0.05093352177111977}. Best is trial 106 with value: 663.8860473632812.
LOCAL_RANK: 0 - CUDA_VISIBLE_DEVICES: [0]
[I 2023-11-30 14:22:10,855] Trial 142 finished with value: 854.4603881835938 and parameters: {'gradient_clip_val': 0.11998055236539872, 'hidden_size': 36, 'dropout': 0.33189941878007384, 'hidden_continuous_size': 20, 'attention_head_size': 4, 'learning_rate': 0.05732645165220919}. Best is trial 106 with value: 663.8860473632812.
LOCAL_RANK: 0 - CUDA_VISIBLE_DEVICES: [0]
[I 2023-11-30 14:22:24,856] Trial 143 finished with value: 889.3543090820312 and parameters: {'gradient_clip_val': 0.13085904936627313, 'hidden_size': 31, 'dropout': 0.3603980999265314, 'hidden_continuous_size': 21, 'attention_head_size': 4, 'learning_rate': 0.07071672607568429}. Best is trial 106 with value: 663.8860473632812.
LOCAL_RANK: 0 - CUDA_VISIBLE_DEVICES: [0]
[I 2023-11-30 14:22:38,757] Trial 144 finished with value: 1014.4462280273438 and parameters: {'gradient_clip_val': 0.1057595693602034, 'hidden_size': 28, 'dropout': 0.3404827788605981, 'hidden_continuous_size': 21, 'attention_head_size': 4, 'learning_rate': 0.03969097284121504}. Best is trial 106 with value: 663.8860473632812.
LOCAL_RANK: 0 - CUDA_VISIBLE_DEVICES: [0]
[I 2023-11-30 14:22:51,984] Trial 145 finished with value: 868.4169921875 and parameters: {'gradient_clip_val': 0.11538334397396036, 'hidden_size': 26, 'dropout': 0.35012253628693674, 'hidden_continuous_size': 22, 'attention_head_size': 4, 'learning_rate': 0.0612411797287153}. Best is trial 106 with value: 663.8860473632812.
LOCAL_RANK: 0 - CUDA_VISIBLE_DEVICES: [0]
[I 2023-11-30 14:23:05,414] Trial 146 finished with value: 1019.927490234375 and parameters: {'gradient_clip_val': 0.1011780765776469, 'hidden_size': 42, 'dropout': 0.37982442193614346, 'hidden_continuous_size': 20, 'attention_head_size': 4, 'learning_rate': 0.08498873043490354}. Best is trial 106 with value: 663.8860473632812.
LOCAL_RANK: 0 - CUDA_VISIBLE_DEVICES: [0]
[I 2023-11-30 14:23:19,102] Trial 147 finished with value: 701.2611694335938 and parameters: {'gradient_clip_val': 0.1244226148320627, 'hidden_size': 31, 'dropout': 0.3349960139556858, 'hidden_continuous_size': 19, 'attention_head_size': 4, 'learning_rate': 0.04901902607472964}. Best is trial 106 with value: 663.8860473632812.
LOCAL_RANK: 0 - CUDA_VISIBLE_DEVICES: [0]
[I 2023-11-30 14:23:33,066] Trial 148 finished with value: 894.3297729492188 and parameters: {'gradient_clip_val': 0.12314278718548034, 'hidden_size': 34, 'dropout': 0.32438206666268216, 'hidden_continuous_size': 23, 'attention_head_size': 4, 'learning_rate': 0.049415787246946424}. Best is trial 106 with value: 663.8860473632812.
LOCAL_RANK: 0 - CUDA_VISIBLE_DEVICES: [0]
[I 2023-11-30 14:23:46,306] Trial 149 finished with value: 982.3889770507812 and parameters: {'gradient_clip_val': 0.12785135791061653, 'hidden_size': 27, 'dropout': 0.36786074245269806, 'hidden_continuous_size': 20, 'attention_head_size': 4, 'learning_rate': 0.09946561002262741}. Best is trial 106 with value: 663.8860473632812.
[I 2023-11-30 14:23:46,447] A new study created in memory with name: no-name-53f255b2-a347-42bc-8149-cc9d761c9a71
/home/le004/conda/anaconda3/envs/tsff_env/lib/python3.9/site-packages/lightning/fabric/plugins/environments/slurm.py:191: The `srun` command is available on your system but is not used. HINT: If your intention is to run Lightning on SLURM, prepend your python command with `srun` like so: srun python /home/le004/master_thesis/git/TSFusionForecast/code/ ...
LOCAL_RANK: 0 - CUDA_VISIBLE_DEVICES: [0]
[I 2023-11-30 14:24:01,491] Trial 0 finished with value: 35.759464263916016 and parameters: {'gradient_clip_val': 0.21122981240765046, 'hidden_size': 137, 'dropout': 0.38037358130825194, 'hidden_continuous_size': 33, 'attention_head_size': 4, 'learning_rate': 0.013578430324121864}. Best is trial 0 with value: 35.759464263916016.
LOCAL_RANK: 0 - CUDA_VISIBLE_DEVICES: [0]
[I 2023-11-30 14:24:15,927] Trial 1 finished with value: 42.03830337524414 and parameters: {'gradient_clip_val': 0.8284419020755321, 'hidden_size': 54, 'dropout': 0.12862526012071207, 'hidden_continuous_size': 20, 'attention_head_size': 4, 'learning_rate': 0.03052843017270979}. Best is trial 0 with value: 35.759464263916016.
LOCAL_RANK: 0 - CUDA_VISIBLE_DEVICES: [0]
[I 2023-11-30 14:24:29,339] Trial 2 finished with value: 34.69499206542969 and parameters: {'gradient_clip_val': 0.6779878956786222, 'hidden_size': 14, 'dropout': 0.19617009799143909, 'hidden_continuous_size': 11, 'attention_head_size': 3, 'learning_rate': 0.0325061543520852}. Best is trial 2 with value: 34.69499206542969.
LOCAL_RANK: 0 - CUDA_VISIBLE_DEVICES: [0]
[I 2023-11-30 14:24:44,222] Trial 3 finished with value: 43.34408950805664 and parameters: {'gradient_clip_val': 0.556761521729861, 'hidden_size': 138, 'dropout': 0.3210326698434288, 'hidden_continuous_size': 32, 'attention_head_size': 2, 'learning_rate': 0.04874272325544182}. Best is trial 2 with value: 34.69499206542969.
LOCAL_RANK: 0 - CUDA_VISIBLE_DEVICES: [0]
[I 2023-11-30 14:24:58,495] Trial 4 finished with value: 31.154647827148438 and parameters: {'gradient_clip_val': 0.9140996815594061, 'hidden_size': 86, 'dropout': 0.29462002785967123, 'hidden_continuous_size': 13, 'attention_head_size': 1, 'learning_rate': 0.0054846745908663725}. Best is trial 4 with value: 31.154647827148438.
LOCAL_RANK: 0 - CUDA_VISIBLE_DEVICES: [0]
[I 2023-11-30 14:25:11,217] Trial 5 finished with value: 31.374216079711914 and parameters: {'gradient_clip_val': 0.7926218774592662, 'hidden_size': 27, 'dropout': 0.11140868974641438, 'hidden_continuous_size': 11, 'attention_head_size': 2, 'learning_rate': 0.013739677711596803}. Best is trial 4 with value: 31.154647827148438.
LOCAL_RANK: 0 - CUDA_VISIBLE_DEVICES: [0]
[I 2023-11-30 14:25:25,857] Trial 6 finished with value: 46.847442626953125 and parameters: {'gradient_clip_val': 0.23412431384239119, 'hidden_size': 58, 'dropout': 0.12337383122491768, 'hidden_continuous_size': 23, 'attention_head_size': 3, 'learning_rate': 0.005292147771875487}. Best is trial 4 with value: 31.154647827148438.
LOCAL_RANK: 0 - CUDA_VISIBLE_DEVICES: [0]
[I 2023-11-30 14:25:39,041] Trial 7 finished with value: 45.435028076171875 and parameters: {'gradient_clip_val': 0.3264438493691644, 'hidden_size': 23, 'dropout': 0.28713774912530987, 'hidden_continuous_size': 22, 'attention_head_size': 2, 'learning_rate': 0.005845065846801}. Best is trial 4 with value: 31.154647827148438.
LOCAL_RANK: 0 - CUDA_VISIBLE_DEVICES: [0]
[I 2023-11-30 14:25:53,134] Trial 8 finished with value: 53.534393310546875 and parameters: {'gradient_clip_val': 0.5522456322096889, 'hidden_size': 53, 'dropout': 0.15034409584023573, 'hidden_continuous_size': 21, 'attention_head_size': 1, 'learning_rate': 0.001633784604302422}. Best is trial 4 with value: 31.154647827148438.
LOCAL_RANK: 0 - CUDA_VISIBLE_DEVICES: [0]
[I 2023-11-30 14:26:06,185] Trial 9 finished with value: 40.73198318481445 and parameters: {'gradient_clip_val': 0.7260052439207103, 'hidden_size': 14, 'dropout': 0.3631038820495778, 'hidden_continuous_size': 10, 'attention_head_size': 1, 'learning_rate': 0.014350147475276848}. Best is trial 4 with value: 31.154647827148438.
LOCAL_RANK: 0 - CUDA_VISIBLE_DEVICES: [0]
[I 2023-11-30 14:26:20,741] Trial 10 finished with value: 41.64501953125 and parameters: {'gradient_clip_val': 0.1111181064314316, 'hidden_size': 88, 'dropout': 0.23380633725846997, 'hidden_continuous_size': 78, 'attention_head_size': 1, 'learning_rate': 0.09271643655022581}. Best is trial 4 with value: 31.154647827148438.
LOCAL_RANK: 0 - CUDA_VISIBLE_DEVICES: [0]
