[I 2023-11-30 00:12:44,862] Trial 60 finished with value: 22.351125717163086 and parameters: {'gradient_clip_val': 0.8935394673031781, 'hidden_size': 115, 'dropout': 0.286167305216319, 'hidden_continuous_size': 29, 'attention_head_size': 4, 'learning_rate': 0.021253382791837035}. Best is trial 50 with value: 20.978452682495117.
LOCAL_RANK: 0 - CUDA_VISIBLE_DEVICES: [0]
[I 2023-11-30 00:12:59,090] Trial 61 finished with value: 23.64328956604004 and parameters: {'gradient_clip_val': 0.5810175102921227, 'hidden_size': 139, 'dropout': 0.26737810689920444, 'hidden_continuous_size': 21, 'attention_head_size': 4, 'learning_rate': 0.05761773130205505}. Best is trial 50 with value: 20.978452682495117.
LOCAL_RANK: 0 - CUDA_VISIBLE_DEVICES: [0]
[I 2023-11-30 00:13:13,182] Trial 62 finished with value: 24.326101303100586 and parameters: {'gradient_clip_val': 0.6514161205817252, 'hidden_size': 118, 'dropout': 0.25616962671329596, 'hidden_continuous_size': 34, 'attention_head_size': 4, 'learning_rate': 0.0338735125050283}. Best is trial 50 with value: 20.978452682495117.
LOCAL_RANK: 0 - CUDA_VISIBLE_DEVICES: [0]
[I 2023-11-30 00:13:27,217] Trial 63 finished with value: 21.94248390197754 and parameters: {'gradient_clip_val': 0.7941893206401262, 'hidden_size': 130, 'dropout': 0.3314791626430907, 'hidden_continuous_size': 11, 'attention_head_size': 4, 'learning_rate': 0.04464149202260419}. Best is trial 50 with value: 20.978452682495117.
LOCAL_RANK: 0 - CUDA_VISIBLE_DEVICES: [0]
[I 2023-11-30 00:13:41,448] Trial 64 finished with value: 22.6575927734375 and parameters: {'gradient_clip_val': 0.7714332006510951, 'hidden_size': 134, 'dropout': 0.3318513560542099, 'hidden_continuous_size': 11, 'attention_head_size': 4, 'learning_rate': 0.04730083602345854}. Best is trial 50 with value: 20.978452682495117.
LOCAL_RANK: 0 - CUDA_VISIBLE_DEVICES: [0]
[I 2023-11-30 00:13:55,723] Trial 65 finished with value: 23.870223999023438 and parameters: {'gradient_clip_val': 0.9990679507553656, 'hidden_size': 142, 'dropout': 0.3703483246636832, 'hidden_continuous_size': 24, 'attention_head_size': 4, 'learning_rate': 0.042292708134178444}. Best is trial 50 with value: 20.978452682495117.
LOCAL_RANK: 0 - CUDA_VISIBLE_DEVICES: [0]
[I 2023-11-30 00:14:09,559] Trial 66 finished with value: 22.29253578186035 and parameters: {'gradient_clip_val': 0.8095748124378394, 'hidden_size': 105, 'dropout': 0.3121023151147929, 'hidden_continuous_size': 28, 'attention_head_size': 3, 'learning_rate': 0.018262576995073408}. Best is trial 50 with value: 20.978452682495117.
LOCAL_RANK: 0 - CUDA_VISIBLE_DEVICES: [0]
[I 2023-11-30 00:14:23,666] Trial 67 finished with value: 25.84929656982422 and parameters: {'gradient_clip_val': 0.911819115142242, 'hidden_size': 150, 'dropout': 0.3029572729752137, 'hidden_continuous_size': 10, 'attention_head_size': 4, 'learning_rate': 0.02671316210986753}. Best is trial 50 with value: 20.978452682495117.
LOCAL_RANK: 0 - CUDA_VISIBLE_DEVICES: [0]
[I 2023-11-30 00:14:37,949] Trial 68 finished with value: 24.74651527404785 and parameters: {'gradient_clip_val': 0.8458943554918189, 'hidden_size': 131, 'dropout': 0.29292199219111986, 'hidden_continuous_size': 32, 'attention_head_size': 4, 'learning_rate': 0.022857573113623606}. Best is trial 50 with value: 20.978452682495117.
LOCAL_RANK: 0 - CUDA_VISIBLE_DEVICES: [0]
[I 2023-11-30 00:14:51,953] Trial 69 finished with value: 25.132957458496094 and parameters: {'gradient_clip_val': 0.691179898967743, 'hidden_size': 121, 'dropout': 0.33589883391979686, 'hidden_continuous_size': 12, 'attention_head_size': 4, 'learning_rate': 0.03242852378161204}. Best is trial 50 with value: 20.978452682495117.
LOCAL_RANK: 0 - CUDA_VISIBLE_DEVICES: [0]
[I 2023-11-30 00:15:05,827] Trial 70 finished with value: 23.382253646850586 and parameters: {'gradient_clip_val': 0.6097694708462716, 'hidden_size': 108, 'dropout': 0.3135782383768133, 'hidden_continuous_size': 25, 'attention_head_size': 4, 'learning_rate': 0.03751367528533212}. Best is trial 50 with value: 20.978452682495117.
LOCAL_RANK: 0 - CUDA_VISIBLE_DEVICES: [0]
[I 2023-11-30 00:15:18,694] Trial 71 finished with value: 24.02805519104004 and parameters: {'gradient_clip_val': 0.5306433610703785, 'hidden_size': 35, 'dropout': 0.28247911289994593, 'hidden_continuous_size': 30, 'attention_head_size': 4, 'learning_rate': 0.04823149162841958}. Best is trial 50 with value: 20.978452682495117.
LOCAL_RANK: 0 - CUDA_VISIBLE_DEVICES: [0]
[I 2023-11-30 00:15:32,439] Trial 72 finished with value: 21.77775764465332 and parameters: {'gradient_clip_val': 0.7695203919411909, 'hidden_size': 127, 'dropout': 0.2684687809479254, 'hidden_continuous_size': 13, 'attention_head_size': 2, 'learning_rate': 0.05475252196276991}. Best is trial 50 with value: 20.978452682495117.
LOCAL_RANK: 0 - CUDA_VISIBLE_DEVICES: [0]
[I 2023-11-30 00:15:46,411] Trial 73 finished with value: 21.60369873046875 and parameters: {'gradient_clip_val': 0.7440403690340897, 'hidden_size': 125, 'dropout': 0.2667447859849656, 'hidden_continuous_size': 13, 'attention_head_size': 2, 'learning_rate': 0.07765810347419627}. Best is trial 50 with value: 20.978452682495117.
LOCAL_RANK: 0 - CUDA_VISIBLE_DEVICES: [0]
[I 2023-11-30 00:15:59,760] Trial 74 finished with value: 25.1076602935791 and parameters: {'gradient_clip_val': 0.7289585617526438, 'hidden_size': 89, 'dropout': 0.2724774002581775, 'hidden_continuous_size': 13, 'attention_head_size': 2, 'learning_rate': 0.07040175643145755}. Best is trial 50 with value: 20.978452682495117.
LOCAL_RANK: 0 - CUDA_VISIBLE_DEVICES: [0]
[I 2023-11-30 00:16:13,409] Trial 75 finished with value: 23.139822006225586 and parameters: {'gradient_clip_val': 0.9238901600529019, 'hidden_size': 126, 'dropout': 0.26382868417331834, 'hidden_continuous_size': 13, 'attention_head_size': 2, 'learning_rate': 0.07722701217249199}. Best is trial 50 with value: 20.978452682495117.
LOCAL_RANK: 0 - CUDA_VISIBLE_DEVICES: [0]
[I 2023-11-30 00:16:27,447] Trial 76 finished with value: 21.6300106048584 and parameters: {'gradient_clip_val': 0.6726009126033985, 'hidden_size': 135, 'dropout': 0.29270297399199713, 'hidden_continuous_size': 21, 'attention_head_size': 2, 'learning_rate': 0.0827980164074149}. Best is trial 50 with value: 20.978452682495117.
LOCAL_RANK: 0 - CUDA_VISIBLE_DEVICES: [0]
[I 2023-11-30 00:16:41,521] Trial 77 finished with value: 24.962661743164062 and parameters: {'gradient_clip_val': 0.6789424155558657, 'hidden_size': 141, 'dropout': 0.2935788483639002, 'hidden_continuous_size': 24, 'attention_head_size': 2, 'learning_rate': 0.07729782352292494}. Best is trial 50 with value: 20.978452682495117.
LOCAL_RANK: 0 - CUDA_VISIBLE_DEVICES: [0]
[I 2023-11-30 00:16:55,845] Trial 78 finished with value: 23.02806282043457 and parameters: {'gradient_clip_val': 0.5685580970854202, 'hidden_size': 139, 'dropout': 0.2797952324292689, 'hidden_continuous_size': 25, 'attention_head_size': 2, 'learning_rate': 0.06336908983401729}. Best is trial 50 with value: 20.978452682495117.
LOCAL_RANK: 0 - CUDA_VISIBLE_DEVICES: [0]
[I 2023-11-30 00:17:09,615] Trial 79 finished with value: 21.565378189086914 and parameters: {'gradient_clip_val': 0.6487208613697665, 'hidden_size': 111, 'dropout': 0.3006559326633733, 'hidden_continuous_size': 21, 'attention_head_size': 2, 'learning_rate': 0.09891339210128176}. Best is trial 50 with value: 20.978452682495117.
LOCAL_RANK: 0 - CUDA_VISIBLE_DEVICES: [0]
[I 2023-11-30 00:17:23,467] Trial 80 finished with value: 24.125152587890625 and parameters: {'gradient_clip_val': 0.6234655057511422, 'hidden_size': 114, 'dropout': 0.2978272564227017, 'hidden_continuous_size': 28, 'attention_head_size': 2, 'learning_rate': 0.0947314871380231}. Best is trial 50 with value: 20.978452682495117.
LOCAL_RANK: 0 - CUDA_VISIBLE_DEVICES: [0]
[I 2023-11-30 00:17:37,227] Trial 81 finished with value: 20.250638961791992 and parameters: {'gradient_clip_val': 0.6509485297111434, 'hidden_size': 120, 'dropout': 0.3010125541133846, 'hidden_continuous_size': 22, 'attention_head_size': 2, 'learning_rate': 0.07744039236133309}. Best is trial 81 with value: 20.250638961791992.
LOCAL_RANK: 0 - CUDA_VISIBLE_DEVICES: [0]
[I 2023-11-30 00:17:51,045] Trial 82 finished with value: 26.373064041137695 and parameters: {'gradient_clip_val': 0.6895305755084745, 'hidden_size': 109, 'dropout': 0.30338277252657664, 'hidden_continuous_size': 21, 'attention_head_size': 2, 'learning_rate': 0.08659512522903019}. Best is trial 81 with value: 20.250638961791992.
LOCAL_RANK: 0 - CUDA_VISIBLE_DEVICES: [0]
[I 2023-11-30 00:18:05,148] Trial 83 finished with value: 22.940155029296875 and parameters: {'gradient_clip_val': 0.6450974317330821, 'hidden_size': 122, 'dropout': 0.2859450045843689, 'hidden_continuous_size': 31, 'attention_head_size': 2, 'learning_rate': 0.09833097521799743}. Best is trial 81 with value: 20.250638961791992.
LOCAL_RANK: 0 - CUDA_VISIBLE_DEVICES: [0]
[I 2023-11-30 00:18:19,152] Trial 84 finished with value: 20.72755241394043 and parameters: {'gradient_clip_val': 0.7394210436117151, 'hidden_size': 139, 'dropout': 0.3135108874929899, 'hidden_continuous_size': 22, 'attention_head_size': 2, 'learning_rate': 0.08354151364858864}. Best is trial 81 with value: 20.250638961791992.
LOCAL_RANK: 0 - CUDA_VISIBLE_DEVICES: [0]
[I 2023-11-30 00:18:32,652] Trial 85 finished with value: 25.337249755859375 and parameters: {'gradient_clip_val': 0.6024469284043309, 'hidden_size': 94, 'dropout': 0.3166302838596018, 'hidden_continuous_size': 23, 'attention_head_size': 1, 'learning_rate': 0.06688775466827565}. Best is trial 81 with value: 20.250638961791992.
LOCAL_RANK: 0 - CUDA_VISIBLE_DEVICES: [0]
[I 2023-11-30 00:18:46,841] Trial 86 finished with value: 24.563196182250977 and parameters: {'gradient_clip_val': 0.7552478112152783, 'hidden_size': 149, 'dropout': 0.3039899500994446, 'hidden_continuous_size': 27, 'attention_head_size': 2, 'learning_rate': 0.08615282981686219}. Best is trial 81 with value: 20.250638961791992.
LOCAL_RANK: 0 - CUDA_VISIBLE_DEVICES: [0]
[I 2023-11-30 00:19:00,748] Trial 87 finished with value: 24.36277198791504 and parameters: {'gradient_clip_val': 0.8311532783875398, 'hidden_size': 121, 'dropout': 0.3235747438708074, 'hidden_continuous_size': 22, 'attention_head_size': 2, 'learning_rate': 0.06729194260135264}. Best is trial 81 with value: 20.250638961791992.
LOCAL_RANK: 0 - CUDA_VISIBLE_DEVICES: [0]
[I 2023-11-30 00:19:14,592] Trial 88 finished with value: 24.717422485351562 and parameters: {'gradient_clip_val': 0.729225100231826, 'hidden_size': 113, 'dropout': 0.3138427712108841, 'hidden_continuous_size': 14, 'attention_head_size': 2, 'learning_rate': 0.05810801992657582}. Best is trial 81 with value: 20.250638961791992.
LOCAL_RANK: 0 - CUDA_VISIBLE_DEVICES: [0]
[I 2023-11-30 00:19:28,459] Trial 89 finished with value: 22.08057975769043 and parameters: {'gradient_clip_val': 0.9498896053706403, 'hidden_size': 107, 'dropout': 0.2787504614320356, 'hidden_continuous_size': 26, 'attention_head_size': 2, 'learning_rate': 0.09634564112740727}. Best is trial 81 with value: 20.250638961791992.
LOCAL_RANK: 0 - CUDA_VISIBLE_DEVICES: [0]
[I 2023-11-30 00:19:42,439] Trial 90 finished with value: 21.483070373535156 and parameters: {'gradient_clip_val': 0.50929512852301, 'hidden_size': 138, 'dropout': 0.3087833209451147, 'hidden_continuous_size': 35, 'attention_head_size': 1, 'learning_rate': 0.06179659989205764}. Best is trial 81 with value: 20.250638961791992.
LOCAL_RANK: 0 - CUDA_VISIBLE_DEVICES: [0]
[I 2023-11-30 00:19:56,367] Trial 91 finished with value: 23.278076171875 and parameters: {'gradient_clip_val': 0.521826330542387, 'hidden_size': 138, 'dropout': 0.3103032106469117, 'hidden_continuous_size': 36, 'attention_head_size': 1, 'learning_rate': 0.07507492441766259}. Best is trial 81 with value: 20.250638961791992.
LOCAL_RANK: 0 - CUDA_VISIBLE_DEVICES: [0]
[I 2023-11-30 00:20:10,354] Trial 92 finished with value: 21.380216598510742 and parameters: {'gradient_clip_val': 0.5825788729309997, 'hidden_size': 127, 'dropout': 0.3198905904872107, 'hidden_continuous_size': 33, 'attention_head_size': 1, 'learning_rate': 0.06030800460001579}. Best is trial 81 with value: 20.250638961791992.
LOCAL_RANK: 0 - CUDA_VISIBLE_DEVICES: [0]
[I 2023-11-30 00:20:24,636] Trial 93 finished with value: 22.82329559326172 and parameters: {'gradient_clip_val': 0.48850969788229237, 'hidden_size': 143, 'dropout': 0.3240443359768665, 'hidden_continuous_size': 32, 'attention_head_size': 1, 'learning_rate': 0.06208111033757411}. Best is trial 81 with value: 20.250638961791992.
LOCAL_RANK: 0 - CUDA_VISIBLE_DEVICES: [0]
[I 2023-11-30 00:20:38,367] Trial 94 finished with value: 21.524179458618164 and parameters: {'gradient_clip_val': 0.5585411419333707, 'hidden_size': 120, 'dropout': 0.30748754113834054, 'hidden_continuous_size': 29, 'attention_head_size': 1, 'learning_rate': 0.051624807742304296}. Best is trial 81 with value: 20.250638961791992.
LOCAL_RANK: 0 - CUDA_VISIBLE_DEVICES: [0]
[I 2023-11-30 00:20:52,472] Trial 95 finished with value: 21.27777671813965 and parameters: {'gradient_clip_val': 0.5830555724254204, 'hidden_size': 134, 'dropout': 0.3093763321177738, 'hidden_continuous_size': 35, 'attention_head_size': 1, 'learning_rate': 0.04952376073820898}. Best is trial 81 with value: 20.250638961791992.
LOCAL_RANK: 0 - CUDA_VISIBLE_DEVICES: [0]
[I 2023-11-30 00:21:06,371] Trial 96 finished with value: 22.883010864257812 and parameters: {'gradient_clip_val': 0.5735955872842048, 'hidden_size': 136, 'dropout': 0.31837557054051135, 'hidden_continuous_size': 34, 'attention_head_size': 1, 'learning_rate': 0.03888452094609744}. Best is trial 81 with value: 20.250638961791992.
LOCAL_RANK: 0 - CUDA_VISIBLE_DEVICES: [0]
[I 2023-11-30 00:21:20,203] Trial 97 finished with value: 24.687448501586914 and parameters: {'gradient_clip_val': 0.4594101284098637, 'hidden_size': 132, 'dropout': 0.3408961768188607, 'hidden_continuous_size': 37, 'attention_head_size': 1, 'learning_rate': 0.05500859927710387}. Best is trial 81 with value: 20.250638961791992.
LOCAL_RANK: 0 - CUDA_VISIBLE_DEVICES: [0]
[I 2023-11-30 00:21:34,663] Trial 98 finished with value: 23.378854751586914 and parameters: {'gradient_clip_val': 0.5143056434506146, 'hidden_size': 149, 'dropout': 0.32988683418077197, 'hidden_continuous_size': 39, 'attention_head_size': 1, 'learning_rate': 0.046003232666909984}. Best is trial 81 with value: 20.250638961791992.
LOCAL_RANK: 0 - CUDA_VISIBLE_DEVICES: [0]
[I 2023-11-30 00:21:48,631] Trial 99 finished with value: 23.98076057434082 and parameters: {'gradient_clip_val': 0.5919425950831089, 'hidden_size': 125, 'dropout': 0.31862509701208325, 'hidden_continuous_size': 36, 'attention_head_size': 1, 'learning_rate': 0.06089363142215507}. Best is trial 81 with value: 20.250638961791992.
LOCAL_RANK: 0 - CUDA_VISIBLE_DEVICES: [0]
[I 2023-11-30 00:22:02,313] Trial 100 finished with value: 23.320899963378906 and parameters: {'gradient_clip_val': 0.5421624565255149, 'hidden_size': 101, 'dropout': 0.291321933838325, 'hidden_continuous_size': 34, 'attention_head_size': 1, 'learning_rate': 0.03210309155153498}. Best is trial 81 with value: 20.250638961791992.
LOCAL_RANK: 0 - CUDA_VISIBLE_DEVICES: [0]
[I 2023-11-30 00:22:15,904] Trial 101 finished with value: 22.509557723999023 and parameters: {'gradient_clip_val': 0.5462702608712718, 'hidden_size': 120, 'dropout': 0.30799237052410383, 'hidden_continuous_size': 29, 'attention_head_size': 1, 'learning_rate': 0.05030013744760883}. Best is trial 81 with value: 20.250638961791992.
LOCAL_RANK: 0 - CUDA_VISIBLE_DEVICES: [0]
[I 2023-11-30 00:22:29,975] Trial 102 finished with value: 24.768936157226562 and parameters: {'gradient_clip_val': 0.49904223100836065, 'hidden_size': 142, 'dropout': 0.30974654933911855, 'hidden_continuous_size': 31, 'attention_head_size': 1, 'learning_rate': 0.04356132331121126}. Best is trial 81 with value: 20.250638961791992.
LOCAL_RANK: 0 - CUDA_VISIBLE_DEVICES: [0]
[I 2023-11-30 00:22:43,923] Trial 103 finished with value: 23.1246337890625 and parameters: {'gradient_clip_val': 0.5808677404350204, 'hidden_size': 132, 'dropout': 0.2981570548709001, 'hidden_continuous_size': 40, 'attention_head_size': 1, 'learning_rate': 0.05010161562208717}. Best is trial 81 with value: 20.250638961791992.
LOCAL_RANK: 0 - CUDA_VISIBLE_DEVICES: [0]
[I 2023-11-30 00:22:57,690] Trial 104 finished with value: 21.5831298828125 and parameters: {'gradient_clip_val': 0.4707218146544174, 'hidden_size': 115, 'dropout': 0.32501703570525775, 'hidden_continuous_size': 30, 'attention_head_size': 1, 'learning_rate': 0.037343605939068485}. Best is trial 81 with value: 20.250638961791992.
LOCAL_RANK: 0 - CUDA_VISIBLE_DEVICES: [0]
[I 2023-11-30 00:23:11,598] Trial 105 finished with value: 23.830169677734375 and parameters: {'gradient_clip_val': 0.6299295639589089, 'hidden_size': 119, 'dropout': 0.306247579061751, 'hidden_continuous_size': 35, 'attention_head_size': 1, 'learning_rate': 0.05656236271353812}. Best is trial 81 with value: 20.250638961791992.
LOCAL_RANK: 0 - CUDA_VISIBLE_DEVICES: [0]
[I 2023-11-30 00:23:25,739] Trial 106 finished with value: 22.682531356811523 and parameters: {'gradient_clip_val': 0.6083192275070523, 'hidden_size': 143, 'dropout': 0.3193003856436981, 'hidden_continuous_size': 28, 'attention_head_size': 1, 'learning_rate': 0.04182968905612672}. Best is trial 81 with value: 20.250638961791992.
LOCAL_RANK: 0 - CUDA_VISIBLE_DEVICES: [0]
[I 2023-11-30 00:23:39,642] Trial 107 finished with value: 26.427675247192383 and parameters: {'gradient_clip_val': 0.8647669331133895, 'hidden_size': 128, 'dropout': 0.2882221124772599, 'hidden_continuous_size': 33, 'attention_head_size': 1, 'learning_rate': 0.028882505352141097}. Best is trial 81 with value: 20.250638961791992.
LOCAL_RANK: 0 - CUDA_VISIBLE_DEVICES: [0]
[I 2023-11-30 00:23:53,469] Trial 108 finished with value: 20.273035049438477 and parameters: {'gradient_clip_val': 0.5548278343312854, 'hidden_size': 105, 'dropout': 0.3385254015893246, 'hidden_continuous_size': 27, 'attention_head_size': 1, 'learning_rate': 0.05278280974120741}. Best is trial 81 with value: 20.250638961791992.
LOCAL_RANK: 0 - CUDA_VISIBLE_DEVICES: [0]
[I 2023-11-30 00:24:07,761] Trial 109 finished with value: 20.01799774169922 and parameters: {'gradient_clip_val': 0.5212270179641133, 'hidden_size': 150, 'dropout': 0.33952954158626936, 'hidden_continuous_size': 42, 'attention_head_size': 1, 'learning_rate': 0.06702105491784294}. Best is trial 109 with value: 20.01799774169922.
LOCAL_RANK: 0 - CUDA_VISIBLE_DEVICES: [0]
[I 2023-11-30 00:24:21,807] Trial 110 finished with value: 19.078798294067383 and parameters: {'gradient_clip_val': 0.5220453284507737, 'hidden_size': 150, 'dropout': 0.33775727547601764, 'hidden_continuous_size': 43, 'attention_head_size': 1, 'learning_rate': 0.06812892975094656}. Best is trial 110 with value: 19.078798294067383.
LOCAL_RANK: 0 - CUDA_VISIBLE_DEVICES: [0]
[I 2023-11-30 00:24:35,979] Trial 111 finished with value: 21.7445011138916 and parameters: {'gradient_clip_val': 0.4982389905415372, 'hidden_size': 150, 'dropout': 0.3538656545624149, 'hidden_continuous_size': 42, 'attention_head_size': 1, 'learning_rate': 0.06731590321485911}. Best is trial 110 with value: 19.078798294067383.
LOCAL_RANK: 0 - CUDA_VISIBLE_DEVICES: [0]
[I 2023-11-30 00:24:50,059] Trial 112 finished with value: 22.26906394958496 and parameters: {'gradient_clip_val': 0.5231748889985136, 'hidden_size': 134, 'dropout': 0.33919302785637856, 'hidden_continuous_size': 49, 'attention_head_size': 1, 'learning_rate': 0.06072137920782904}. Best is trial 110 with value: 19.078798294067383.
LOCAL_RANK: 0 - CUDA_VISIBLE_DEVICES: [0]
[I 2023-11-30 00:25:04,391] Trial 113 finished with value: 24.661706924438477 and parameters: {'gradient_clip_val': 0.5586951971862871, 'hidden_size': 139, 'dropout': 0.3288165318806148, 'hidden_continuous_size': 42, 'attention_head_size': 1, 'learning_rate': 0.07227718861903235}. Best is trial 110 with value: 19.078798294067383.
LOCAL_RANK: 0 - CUDA_VISIBLE_DEVICES: [0]
[I 2023-11-30 00:25:18,328] Trial 114 finished with value: 25.912050247192383 and parameters: {'gradient_clip_val': 0.4470593346268934, 'hidden_size': 126, 'dropout': 0.3353023753641904, 'hidden_continuous_size': 38, 'attention_head_size': 1, 'learning_rate': 0.06609872217960103}. Best is trial 110 with value: 19.078798294067383.
LOCAL_RANK: 0 - CUDA_VISIBLE_DEVICES: [0]
[I 2023-11-30 00:25:32,375] Trial 115 finished with value: 22.6160888671875 and parameters: {'gradient_clip_val': 0.4719376667429479, 'hidden_size': 150, 'dropout': 0.34605259466533, 'hidden_continuous_size': 36, 'attention_head_size': 1, 'learning_rate': 0.08230178085465041}. Best is trial 110 with value: 19.078798294067383.
LOCAL_RANK: 0 - CUDA_VISIBLE_DEVICES: [0]
[I 2023-11-30 00:25:46,245] Trial 116 finished with value: 21.43883514404297 and parameters: {'gradient_clip_val': 0.5993253114010398, 'hidden_size': 134, 'dropout': 0.35411292240291753, 'hidden_continuous_size': 24, 'attention_head_size': 1, 'learning_rate': 0.053315216473815215}. Best is trial 110 with value: 19.078798294067383.
LOCAL_RANK: 0 - CUDA_VISIBLE_DEVICES: [0]
[I 2023-11-30 00:26:00,035] Trial 117 finished with value: 22.21075439453125 and parameters: {'gradient_clip_val': 0.6071045217258049, 'hidden_size': 134, 'dropout': 0.3542490313818708, 'hidden_continuous_size': 27, 'attention_head_size': 1, 'learning_rate': 0.05365240265400181}. Best is trial 110 with value: 19.078798294067383.
LOCAL_RANK: 0 - CUDA_VISIBLE_DEVICES: [0]
[I 2023-11-30 00:26:13,870] Trial 118 finished with value: 26.334701538085938 and parameters: {'gradient_clip_val': 0.5374625999288858, 'hidden_size': 107, 'dropout': 0.32973458327373417, 'hidden_continuous_size': 25, 'attention_head_size': 1, 'learning_rate': 0.08758120525734342}. Best is trial 110 with value: 19.078798294067383.
LOCAL_RANK: 0 - CUDA_VISIBLE_DEVICES: [0]
