[I 2023-11-30 02:59:50,953] Trial 70 finished with value: 31.73411750793457 and parameters: {'gradient_clip_val': 0.7696161401636664, 'hidden_size': 75, 'dropout': 0.1864412191613778, 'hidden_continuous_size': 35, 'attention_head_size': 3, 'learning_rate': 0.09857686500686189}. Best is trial 56 with value: 28.857404708862305.
LOCAL_RANK: 0 - CUDA_VISIBLE_DEVICES: [0]
[I 2023-11-30 03:00:04,564] Trial 71 finished with value: 44.02964782714844 and parameters: {'gradient_clip_val': 0.7687539789620506, 'hidden_size': 76, 'dropout': 0.1859324277064824, 'hidden_continuous_size': 38, 'attention_head_size': 3, 'learning_rate': 0.09634869025874294}. Best is trial 56 with value: 28.857404708862305.
LOCAL_RANK: 0 - CUDA_VISIBLE_DEVICES: [0]
[I 2023-11-30 03:00:18,225] Trial 72 finished with value: 32.62059783935547 and parameters: {'gradient_clip_val': 0.8624192484868657, 'hidden_size': 61, 'dropout': 0.18751362455526802, 'hidden_continuous_size': 35, 'attention_head_size': 4, 'learning_rate': 0.060092676164066196}. Best is trial 56 with value: 28.857404708862305.
LOCAL_RANK: 0 - CUDA_VISIBLE_DEVICES: [0]
[I 2023-11-30 03:00:32,134] Trial 73 finished with value: 39.344329833984375 and parameters: {'gradient_clip_val': 0.719608585354122, 'hidden_size': 86, 'dropout': 0.17611615053416368, 'hidden_continuous_size': 41, 'attention_head_size': 4, 'learning_rate': 0.07360213088983848}. Best is trial 56 with value: 28.857404708862305.
LOCAL_RANK: 0 - CUDA_VISIBLE_DEVICES: [0]
[I 2023-11-30 03:00:45,691] Trial 74 finished with value: 34.51626205444336 and parameters: {'gradient_clip_val': 0.6279218656549801, 'hidden_size': 73, 'dropout': 0.16437859937056098, 'hidden_continuous_size': 33, 'attention_head_size': 3, 'learning_rate': 0.09993767891074025}. Best is trial 56 with value: 28.857404708862305.
LOCAL_RANK: 0 - CUDA_VISIBLE_DEVICES: [0]
[I 2023-11-30 03:00:59,479] Trial 75 finished with value: 32.1143913269043 and parameters: {'gradient_clip_val': 0.7499543939804131, 'hidden_size': 67, 'dropout': 0.19115643076790426, 'hidden_continuous_size': 31, 'attention_head_size': 4, 'learning_rate': 0.047456023789549884}. Best is trial 56 with value: 28.857404708862305.
LOCAL_RANK: 0 - CUDA_VISIBLE_DEVICES: [0]
[I 2023-11-30 03:01:12,926] Trial 76 finished with value: 33.307430267333984 and parameters: {'gradient_clip_val': 0.6796222315678053, 'hidden_size': 62, 'dropout': 0.20555898489150232, 'hidden_continuous_size': 33, 'attention_head_size': 2, 'learning_rate': 0.0632669612471134}. Best is trial 56 with value: 28.857404708862305.
LOCAL_RANK: 0 - CUDA_VISIBLE_DEVICES: [0]
[I 2023-11-30 03:01:26,341] Trial 77 finished with value: 39.71852493286133 and parameters: {'gradient_clip_val': 0.8209818497661003, 'hidden_size': 56, 'dropout': 0.1777690825661778, 'hidden_continuous_size': 35, 'attention_head_size': 4, 'learning_rate': 0.08785043556350525}. Best is trial 56 with value: 28.857404708862305.
LOCAL_RANK: 0 - CUDA_VISIBLE_DEVICES: [0]
[I 2023-11-30 03:01:39,803] Trial 78 finished with value: 31.149221420288086 and parameters: {'gradient_clip_val': 0.6067929343870403, 'hidden_size': 68, 'dropout': 0.21214883495689127, 'hidden_continuous_size': 29, 'attention_head_size': 4, 'learning_rate': 0.03915593943230953}. Best is trial 56 with value: 28.857404708862305.
LOCAL_RANK: 0 - CUDA_VISIBLE_DEVICES: [0]
[I 2023-11-30 03:01:53,548] Trial 79 finished with value: 36.29494857788086 and parameters: {'gradient_clip_val': 0.7856881352076704, 'hidden_size': 88, 'dropout': 0.21607444888133212, 'hidden_continuous_size': 39, 'attention_head_size': 4, 'learning_rate': 0.039859351653219216}. Best is trial 56 with value: 28.857404708862305.
LOCAL_RANK: 0 - CUDA_VISIBLE_DEVICES: [0]
[I 2023-11-30 03:02:07,218] Trial 80 finished with value: 38.588260650634766 and parameters: {'gradient_clip_val': 0.9243441490947323, 'hidden_size': 73, 'dropout': 0.1710743589783584, 'hidden_continuous_size': 35, 'attention_head_size': 3, 'learning_rate': 0.03245193120595266}. Best is trial 56 with value: 28.857404708862305.
LOCAL_RANK: 0 - CUDA_VISIBLE_DEVICES: [0]
[I 2023-11-30 03:02:20,639] Trial 81 finished with value: 37.51191329956055 and parameters: {'gradient_clip_val': 0.6557389451469724, 'hidden_size': 58, 'dropout': 0.20036177607822042, 'hidden_continuous_size': 29, 'attention_head_size': 4, 'learning_rate': 0.07228203496152179}. Best is trial 56 with value: 28.857404708862305.
LOCAL_RANK: 0 - CUDA_VISIBLE_DEVICES: [0]
[I 2023-11-30 03:02:34,179] Trial 82 finished with value: 35.7285270690918 and parameters: {'gradient_clip_val': 0.5652705453451169, 'hidden_size': 65, 'dropout': 0.18901967175742895, 'hidden_continuous_size': 31, 'attention_head_size': 4, 'learning_rate': 0.05174014397060399}. Best is trial 56 with value: 28.857404708862305.
LOCAL_RANK: 0 - CUDA_VISIBLE_DEVICES: [0]
[I 2023-11-30 03:02:47,641] Trial 83 finished with value: 36.65072250366211 and parameters: {'gradient_clip_val': 0.7186352995123861, 'hidden_size': 59, 'dropout': 0.20977723954738903, 'hidden_continuous_size': 28, 'attention_head_size': 4, 'learning_rate': 0.06259344973606573}. Best is trial 56 with value: 28.857404708862305.
LOCAL_RANK: 0 - CUDA_VISIBLE_DEVICES: [0]
[I 2023-11-30 03:03:00,919] Trial 84 finished with value: 32.093257904052734 and parameters: {'gradient_clip_val': 0.6202104579059337, 'hidden_size': 54, 'dropout': 0.19252574924522625, 'hidden_continuous_size': 27, 'attention_head_size': 4, 'learning_rate': 0.08511913703773463}. Best is trial 56 with value: 28.857404708862305.
LOCAL_RANK: 0 - CUDA_VISIBLE_DEVICES: [0]
[I 2023-11-30 03:03:14,495] Trial 85 finished with value: 38.7706413269043 and parameters: {'gradient_clip_val': 0.5934033678628472, 'hidden_size': 68, 'dropout': 0.17930118802833034, 'hidden_continuous_size': 34, 'attention_head_size': 4, 'learning_rate': 0.04313183766322733}. Best is trial 56 with value: 28.857404708862305.
LOCAL_RANK: 0 - CUDA_VISIBLE_DEVICES: [0]
[I 2023-11-30 03:03:28,294] Trial 86 finished with value: 34.95564651489258 and parameters: {'gradient_clip_val': 0.6756527315069125, 'hidden_size': 81, 'dropout': 0.20351553020221277, 'hidden_continuous_size': 37, 'attention_head_size': 4, 'learning_rate': 0.03727631919961106}. Best is trial 56 with value: 28.857404708862305.
LOCAL_RANK: 0 - CUDA_VISIBLE_DEVICES: [0]
[I 2023-11-30 03:03:41,305] Trial 87 finished with value: 35.56354522705078 and parameters: {'gradient_clip_val': 0.5451912567080274, 'hidden_size': 52, 'dropout': 0.21840291207405554, 'hidden_continuous_size': 29, 'attention_head_size': 4, 'learning_rate': 0.07605798302195672}. Best is trial 56 with value: 28.857404708862305.
LOCAL_RANK: 0 - CUDA_VISIBLE_DEVICES: [0]
[I 2023-11-30 03:03:54,704] Trial 88 finished with value: 38.40311050415039 and parameters: {'gradient_clip_val': 0.6051459423473871, 'hidden_size': 62, 'dropout': 0.16195255556198113, 'hidden_continuous_size': 26, 'attention_head_size': 4, 'learning_rate': 0.05710068780766984}. Best is trial 56 with value: 28.857404708862305.
LOCAL_RANK: 0 - CUDA_VISIBLE_DEVICES: [0]
[I 2023-11-30 03:04:08,101] Trial 89 finished with value: 37.171112060546875 and parameters: {'gradient_clip_val': 0.7420148181521323, 'hidden_size': 73, 'dropout': 0.2370856224961498, 'hidden_continuous_size': 32, 'attention_head_size': 4, 'learning_rate': 0.06531067792325365}. Best is trial 56 with value: 28.857404708862305.
LOCAL_RANK: 0 - CUDA_VISIBLE_DEVICES: [0]
[I 2023-11-30 03:04:22,300] Trial 90 finished with value: 35.05165100097656 and parameters: {'gradient_clip_val': 0.6524021802988432, 'hidden_size': 99, 'dropout': 0.2272374884729445, 'hidden_continuous_size': 43, 'attention_head_size': 4, 'learning_rate': 0.05121743922060906}. Best is trial 56 with value: 28.857404708862305.
LOCAL_RANK: 0 - CUDA_VISIBLE_DEVICES: [0]
[I 2023-11-30 03:04:35,598] Trial 91 finished with value: 36.81071090698242 and parameters: {'gradient_clip_val': 0.4963995529495143, 'hidden_size': 50, 'dropout': 0.1866450074620291, 'hidden_continuous_size': 30, 'attention_head_size': 4, 'learning_rate': 0.044967349789569795}. Best is trial 56 with value: 28.857404708862305.
LOCAL_RANK: 0 - CUDA_VISIBLE_DEVICES: [0]
[I 2023-11-30 03:04:48,962] Trial 92 finished with value: 34.885074615478516 and parameters: {'gradient_clip_val': 0.4765207363100377, 'hidden_size': 57, 'dropout': 0.19522800934320353, 'hidden_continuous_size': 24, 'attention_head_size': 4, 'learning_rate': 0.057209518114082196}. Best is trial 56 with value: 28.857404708862305.
LOCAL_RANK: 0 - CUDA_VISIBLE_DEVICES: [0]
[I 2023-11-30 03:05:02,398] Trial 93 finished with value: 31.83001708984375 and parameters: {'gradient_clip_val': 0.5309784675833206, 'hidden_size': 63, 'dropout': 0.2066921288345296, 'hidden_continuous_size': 27, 'attention_head_size': 4, 'learning_rate': 0.08679390345265862}. Best is trial 56 with value: 28.857404708862305.
LOCAL_RANK: 0 - CUDA_VISIBLE_DEVICES: [0]
[I 2023-11-30 03:05:15,722] Trial 94 finished with value: 37.0518684387207 and parameters: {'gradient_clip_val': 0.7002597043576237, 'hidden_size': 64, 'dropout': 0.21132865407792978, 'hidden_continuous_size': 26, 'attention_head_size': 4, 'learning_rate': 0.08379161275947644}. Best is trial 56 with value: 28.857404708862305.
LOCAL_RANK: 0 - CUDA_VISIBLE_DEVICES: [0]
[I 2023-11-30 03:05:29,413] Trial 95 finished with value: 40.0654411315918 and parameters: {'gradient_clip_val': 0.5424122399624722, 'hidden_size': 68, 'dropout': 0.18359668314870856, 'hidden_continuous_size': 27, 'attention_head_size': 4, 'learning_rate': 0.08774865536366294}. Best is trial 56 with value: 28.857404708862305.
LOCAL_RANK: 0 - CUDA_VISIBLE_DEVICES: [0]
[I 2023-11-30 03:05:42,572] Trial 96 finished with value: 33.11170196533203 and parameters: {'gradient_clip_val': 0.5717247106819754, 'hidden_size': 56, 'dropout': 0.2059133162102438, 'hidden_continuous_size': 29, 'attention_head_size': 4, 'learning_rate': 0.06987983882656194}. Best is trial 56 with value: 28.857404708862305.
LOCAL_RANK: 0 - CUDA_VISIBLE_DEVICES: [0]
[I 2023-11-30 03:05:56,024] Trial 97 finished with value: 31.252349853515625 and parameters: {'gradient_clip_val': 0.6231291087466206, 'hidden_size': 62, 'dropout': 0.20073827074729417, 'hidden_continuous_size': 31, 'attention_head_size': 4, 'learning_rate': 0.07720681576743203}. Best is trial 56 with value: 28.857404708862305.
LOCAL_RANK: 0 - CUDA_VISIBLE_DEVICES: [0]
[I 2023-11-30 03:06:09,574] Trial 98 finished with value: 38.026615142822266 and parameters: {'gradient_clip_val': 0.6320019855046701, 'hidden_size': 59, 'dropout': 0.19949945696523627, 'hidden_continuous_size': 31, 'attention_head_size': 4, 'learning_rate': 0.07704660989010959}. Best is trial 56 with value: 28.857404708862305.
LOCAL_RANK: 0 - CUDA_VISIBLE_DEVICES: [0]
[I 2023-11-30 03:06:23,242] Trial 99 finished with value: 37.80674362182617 and parameters: {'gradient_clip_val': 0.6117935236535521, 'hidden_size': 77, 'dropout': 0.16844113545631026, 'hidden_continuous_size': 33, 'attention_head_size': 4, 'learning_rate': 0.06663339725467288}. Best is trial 56 with value: 28.857404708862305.
LOCAL_RANK: 0 - CUDA_VISIBLE_DEVICES: [0]
[I 2023-11-30 03:06:36,847] Trial 100 finished with value: 33.903751373291016 and parameters: {'gradient_clip_val': 0.7764253486113127, 'hidden_size': 70, 'dropout': 0.21712545265460045, 'hidden_continuous_size': 36, 'attention_head_size': 2, 'learning_rate': 0.04684463213747042}. Best is trial 56 with value: 28.857404708862305.
LOCAL_RANK: 0 - CUDA_VISIBLE_DEVICES: [0]
[I 2023-11-30 03:06:50,243] Trial 101 finished with value: 32.68711853027344 and parameters: {'gradient_clip_val': 0.58528802022015, 'hidden_size': 62, 'dropout': 0.1916174733373976, 'hidden_continuous_size': 28, 'attention_head_size': 4, 'learning_rate': 0.08879528695128312}. Best is trial 56 with value: 28.857404708862305.
LOCAL_RANK: 0 - CUDA_VISIBLE_DEVICES: [0]
[I 2023-11-30 03:07:03,601] Trial 102 finished with value: 34.11919021606445 and parameters: {'gradient_clip_val': 0.5207330199340279, 'hidden_size': 53, 'dropout': 0.21151925087300064, 'hidden_continuous_size': 30, 'attention_head_size': 4, 'learning_rate': 0.07900317705358134}. Best is trial 56 with value: 28.857404708862305.
LOCAL_RANK: 0 - CUDA_VISIBLE_DEVICES: [0]
[I 2023-11-30 03:07:16,634] Trial 103 finished with value: 39.6071891784668 and parameters: {'gradient_clip_val': 0.6588588339882139, 'hidden_size': 48, 'dropout': 0.19993746974607057, 'hidden_continuous_size': 32, 'attention_head_size': 4, 'learning_rate': 0.09289755859309536}. Best is trial 56 with value: 28.857404708862305.
LOCAL_RANK: 0 - CUDA_VISIBLE_DEVICES: [0]
[I 2023-11-30 03:07:30,339] Trial 104 finished with value: 33.35957336425781 and parameters: {'gradient_clip_val': 0.7005928477646237, 'hidden_size': 66, 'dropout': 0.2241455995484227, 'hidden_continuous_size': 25, 'attention_head_size': 4, 'learning_rate': 0.060185720925400296}. Best is trial 56 with value: 28.857404708862305.
LOCAL_RANK: 0 - CUDA_VISIBLE_DEVICES: [0]
[I 2023-11-30 03:07:43,932] Trial 105 finished with value: 35.75712203979492 and parameters: {'gradient_clip_val': 0.551541358838857, 'hidden_size': 73, 'dropout': 0.17825710248337318, 'hidden_continuous_size': 28, 'attention_head_size': 4, 'learning_rate': 0.07049369706938247}. Best is trial 56 with value: 28.857404708862305.
LOCAL_RANK: 0 - CUDA_VISIBLE_DEVICES: [0]
[I 2023-11-30 03:07:57,461] Trial 106 finished with value: 33.44288635253906 and parameters: {'gradient_clip_val': 0.6171877003503957, 'hidden_size': 60, 'dropout': 0.18267249843133038, 'hidden_continuous_size': 34, 'attention_head_size': 4, 'learning_rate': 0.05248550962244566}. Best is trial 56 with value: 28.857404708862305.
LOCAL_RANK: 0 - CUDA_VISIBLE_DEVICES: [0]
[I 2023-11-30 03:08:10,669] Trial 107 finished with value: 42.78794479370117 and parameters: {'gradient_clip_val': 0.7272593792818419, 'hidden_size': 56, 'dropout': 0.20550564818619263, 'hidden_continuous_size': 29, 'attention_head_size': 4, 'learning_rate': 0.09223913583938563}. Best is trial 56 with value: 28.857404708862305.
LOCAL_RANK: 0 - CUDA_VISIBLE_DEVICES: [0]
[I 2023-11-30 03:08:24,044] Trial 108 finished with value: 34.32312774658203 and parameters: {'gradient_clip_val': 0.5101820412140622, 'hidden_size': 64, 'dropout': 0.17310565827406277, 'hidden_continuous_size': 27, 'attention_head_size': 4, 'learning_rate': 0.09972876114786099}. Best is trial 56 with value: 28.857404708862305.
LOCAL_RANK: 0 - CUDA_VISIBLE_DEVICES: [0]
[I 2023-11-30 03:08:37,388] Trial 109 finished with value: 31.3441162109375 and parameters: {'gradient_clip_val': 0.4571570926381303, 'hidden_size': 51, 'dropout': 0.19427407335244293, 'hidden_continuous_size': 26, 'attention_head_size': 4, 'learning_rate': 0.08140417276719006}. Best is trial 56 with value: 28.857404708862305.
LOCAL_RANK: 0 - CUDA_VISIBLE_DEVICES: [0]
[I 2023-11-30 03:08:50,235] Trial 110 finished with value: 34.634403228759766 and parameters: {'gradient_clip_val': 0.46123230102484347, 'hidden_size': 44, 'dropout': 0.19380488929782907, 'hidden_continuous_size': 31, 'attention_head_size': 3, 'learning_rate': 0.041153850848919975}. Best is trial 56 with value: 28.857404708862305.
LOCAL_RANK: 0 - CUDA_VISIBLE_DEVICES: [0]
[I 2023-11-30 03:09:03,243] Trial 111 finished with value: 33.75394821166992 and parameters: {'gradient_clip_val': 0.5829419717185612, 'hidden_size': 51, 'dropout': 0.18961339984921988, 'hidden_continuous_size': 26, 'attention_head_size': 4, 'learning_rate': 0.06315685173706531}. Best is trial 56 with value: 28.857404708862305.
LOCAL_RANK: 0 - CUDA_VISIBLE_DEVICES: [0]
[I 2023-11-30 03:09:16,077] Trial 112 finished with value: 34.441280364990234 and parameters: {'gradient_clip_val': 0.4379279443215318, 'hidden_size': 48, 'dropout': 0.2147584985928079, 'hidden_continuous_size': 30, 'attention_head_size': 4, 'learning_rate': 0.07869893155193979}. Best is trial 56 with value: 28.857404708862305.
LOCAL_RANK: 0 - CUDA_VISIBLE_DEVICES: [0]
[I 2023-11-30 03:09:29,234] Trial 113 finished with value: 32.300025939941406 and parameters: {'gradient_clip_val': 0.5359561647085752, 'hidden_size': 55, 'dropout': 0.19764671644075738, 'hidden_continuous_size': 24, 'attention_head_size': 4, 'learning_rate': 0.07008731241433239}. Best is trial 56 with value: 28.857404708862305.
LOCAL_RANK: 0 - CUDA_VISIBLE_DEVICES: [0]
[I 2023-11-30 03:09:42,287] Trial 114 finished with value: 37.24494171142578 and parameters: {'gradient_clip_val': 0.4949993840078003, 'hidden_size': 52, 'dropout': 0.20430343574207832, 'hidden_continuous_size': 25, 'attention_head_size': 1, 'learning_rate': 0.08105071651159905}. Best is trial 56 with value: 28.857404708862305.
LOCAL_RANK: 0 - CUDA_VISIBLE_DEVICES: [0]
[I 2023-11-30 03:09:55,900] Trial 115 finished with value: 37.27041244506836 and parameters: {'gradient_clip_val': 0.6694464985338024, 'hidden_size': 70, 'dropout': 0.2222152101267006, 'hidden_continuous_size': 27, 'attention_head_size': 4, 'learning_rate': 0.056362382418605125}. Best is trial 56 with value: 28.857404708862305.
LOCAL_RANK: 0 - CUDA_VISIBLE_DEVICES: [0]
[I 2023-11-30 03:10:09,144] Trial 116 finished with value: 37.398834228515625 and parameters: {'gradient_clip_val': 0.6343563484674556, 'hidden_size': 60, 'dropout': 0.18248013996314047, 'hidden_continuous_size': 26, 'attention_head_size': 4, 'learning_rate': 0.09053021377820636}. Best is trial 56 with value: 28.857404708862305.
LOCAL_RANK: 0 - CUDA_VISIBLE_DEVICES: [0]
[I 2023-11-30 03:10:22,786] Trial 117 finished with value: 40.1644172668457 and parameters: {'gradient_clip_val': 0.5676594790742412, 'hidden_size': 75, 'dropout': 0.23098668088641525, 'hidden_continuous_size': 28, 'attention_head_size': 4, 'learning_rate': 0.048730773449679375}. Best is trial 56 with value: 28.857404708862305.
LOCAL_RANK: 0 - CUDA_VISIBLE_DEVICES: [0]
[I 2023-11-30 03:10:36,323] Trial 118 finished with value: 32.47823715209961 and parameters: {'gradient_clip_val': 0.4123804560237002, 'hidden_size': 78, 'dropout': 0.1738631769594688, 'hidden_continuous_size': 32, 'attention_head_size': 4, 'learning_rate': 0.07446752260420306}. Best is trial 56 with value: 28.857404708862305.
LOCAL_RANK: 0 - CUDA_VISIBLE_DEVICES: [0]
[I 2023-11-30 03:10:50,083] Trial 119 finished with value: 31.74991798400879 and parameters: {'gradient_clip_val': 0.6021440133910895, 'hidden_size': 66, 'dropout': 0.15787786177074917, 'hidden_continuous_size': 29, 'attention_head_size': 4, 'learning_rate': 0.06146998411288947}. Best is trial 56 with value: 28.857404708862305.
LOCAL_RANK: 0 - CUDA_VISIBLE_DEVICES: [0]
[I 2023-11-30 03:11:03,689] Trial 120 finished with value: 34.1873779296875 and parameters: {'gradient_clip_val': 0.697605235417263, 'hidden_size': 69, 'dropout': 0.15704668876035233, 'hidden_continuous_size': 33, 'attention_head_size': 4, 'learning_rate': 0.059139028056836476}. Best is trial 56 with value: 28.857404708862305.
LOCAL_RANK: 0 - CUDA_VISIBLE_DEVICES: [0]
[I 2023-11-30 03:11:17,159] Trial 121 finished with value: 38.597930908203125 and parameters: {'gradient_clip_val': 0.6078735761719396, 'hidden_size': 65, 'dropout': 0.16708264543595067, 'hidden_continuous_size': 29, 'attention_head_size': 4, 'learning_rate': 0.06567856875599568}. Best is trial 56 with value: 28.857404708862305.
LOCAL_RANK: 0 - CUDA_VISIBLE_DEVICES: [0]
[I 2023-11-30 03:11:30,566] Trial 122 finished with value: 42.73601150512695 and parameters: {'gradient_clip_val': 0.6442474904167481, 'hidden_size': 59, 'dropout': 0.18811918829364566, 'hidden_continuous_size': 27, 'attention_head_size': 4, 'learning_rate': 0.05355972985936609}. Best is trial 56 with value: 28.857404708862305.
LOCAL_RANK: 0 - CUDA_VISIBLE_DEVICES: [0]
[I 2023-11-30 03:11:44,023] Trial 123 finished with value: 31.294342041015625 and parameters: {'gradient_clip_val': 0.518002279655754, 'hidden_size': 62, 'dropout': 0.19449949641392883, 'hidden_continuous_size': 31, 'attention_head_size': 4, 'learning_rate': 0.08116805030302429}. Best is trial 56 with value: 28.857404708862305.
LOCAL_RANK: 0 - CUDA_VISIBLE_DEVICES: [0]
[I 2023-11-30 03:11:57,353] Trial 124 finished with value: 32.63405990600586 and parameters: {'gradient_clip_val': 0.47743145784535995, 'hidden_size': 56, 'dropout': 0.19379773150215926, 'hidden_continuous_size': 31, 'attention_head_size': 4, 'learning_rate': 0.03822525992967814}. Best is trial 56 with value: 28.857404708862305.
LOCAL_RANK: 0 - CUDA_VISIBLE_DEVICES: [0]
[I 2023-11-30 03:12:10,412] Trial 125 finished with value: 40.84832763671875 and parameters: {'gradient_clip_val': 0.7542435272161478, 'hidden_size': 46, 'dropout': 0.17991348048502448, 'hidden_continuous_size': 30, 'attention_head_size': 4, 'learning_rate': 0.09959034892901485}. Best is trial 56 with value: 28.857404708862305.
LOCAL_RANK: 0 - CUDA_VISIBLE_DEVICES: [0]
[I 2023-11-30 03:12:23,606] Trial 126 finished with value: 34.43352127075195 and parameters: {'gradient_clip_val': 0.5933532517016883, 'hidden_size': 50, 'dropout': 0.14666972304204473, 'hidden_continuous_size': 31, 'attention_head_size': 4, 'learning_rate': 0.06944391028031398}. Best is trial 56 with value: 28.857404708862305.
LOCAL_RANK: 0 - CUDA_VISIBLE_DEVICES: [0]
[I 2023-11-30 03:12:37,034] Trial 127 finished with value: 38.38762283325195 and parameters: {'gradient_clip_val': 0.5076410478776171, 'hidden_size': 67, 'dropout': 0.1694315623164222, 'hidden_continuous_size': 35, 'attention_head_size': 2, 'learning_rate': 0.08020232261208127}. Best is trial 56 with value: 28.857404708862305.
LOCAL_RANK: 0 - CUDA_VISIBLE_DEVICES: [0]
[I 2023-11-30 03:12:50,289] Trial 128 finished with value: 34.32478332519531 and parameters: {'gradient_clip_val': 0.5674517124871811, 'hidden_size': 53, 'dropout': 0.16251490699929563, 'hidden_continuous_size': 29, 'attention_head_size': 4, 'learning_rate': 0.06266504702779029}. Best is trial 56 with value: 28.857404708862305.
LOCAL_RANK: 0 - CUDA_VISIBLE_DEVICES: [0]
