[rank: 0] Seed set to 1337
[I 2023-11-29 20:06:47,163] A new study created in memory with name: no-name-e4eec4e5-0076-4ad6-ad7f-ed7828dc971e
/home/le004/conda/anaconda3/envs/tsff_env/lib/python3.9/site-packages/lightning/fabric/plugins/environments/slurm.py:191: The `srun` command is available on your system but is not used. HINT: If your intention is to run Lightning on SLURM, prepend your python command with `srun` like so: srun python /home/le004/master_thesis/git/TSFusionForecast/code/ ...
LOCAL_RANK: 0 - CUDA_VISIBLE_DEVICES: [0]
[I 2023-11-29 20:07:03,988] Trial 0 finished with value: 22.487573623657227 and parameters: {'gradient_clip_val': 0.9054928331081461, 'hidden_size': 43, 'dropout': 0.26725809907097337, 'hidden_continuous_size': 12, 'attention_head_size': 3, 'learning_rate': 0.006500955371305746}. Best is trial 0 with value: 22.487573623657227.
LOCAL_RANK: 0 - CUDA_VISIBLE_DEVICES: [0]
[I 2023-11-29 20:07:15,850] Trial 1 finished with value: 13.678970336914062 and parameters: {'gradient_clip_val': 0.37839788062378543, 'hidden_size': 18, 'dropout': 0.3705678337055456, 'hidden_continuous_size': 16, 'attention_head_size': 2, 'learning_rate': 0.08766458795629313}. Best is trial 1 with value: 13.678970336914062.
LOCAL_RANK: 0 - CUDA_VISIBLE_DEVICES: [0]
[I 2023-11-29 20:07:28,270] Trial 2 finished with value: 20.113569259643555 and parameters: {'gradient_clip_val': 0.3925292112066475, 'hidden_size': 41, 'dropout': 0.35000191537970227, 'hidden_continuous_size': 17, 'attention_head_size': 2, 'learning_rate': 0.007583614365077036}. Best is trial 1 with value: 13.678970336914062.
LOCAL_RANK: 0 - CUDA_VISIBLE_DEVICES: [0]
[I 2023-11-29 20:07:40,611] Trial 3 finished with value: 51.58262634277344 and parameters: {'gradient_clip_val': 0.49873564846673485, 'hidden_size': 30, 'dropout': 0.27727679918520187, 'hidden_continuous_size': 17, 'attention_head_size': 1, 'learning_rate': 0.0026326374513032814}. Best is trial 1 with value: 13.678970336914062.
LOCAL_RANK: 0 - CUDA_VISIBLE_DEVICES: [0]
[I 2023-11-29 20:07:52,551] Trial 4 finished with value: 16.37781524658203 and parameters: {'gradient_clip_val': 0.23396600852519717, 'hidden_size': 25, 'dropout': 0.2973781675923532, 'hidden_continuous_size': 11, 'attention_head_size': 2, 'learning_rate': 0.03506666516522864}. Best is trial 1 with value: 13.678970336914062.
LOCAL_RANK: 0 - CUDA_VISIBLE_DEVICES: [0]
[I 2023-11-29 20:08:05,948] Trial 5 finished with value: 14.798652648925781 and parameters: {'gradient_clip_val': 0.5503594540069178, 'hidden_size': 67, 'dropout': 0.34932519669080664, 'hidden_continuous_size': 61, 'attention_head_size': 2, 'learning_rate': 0.04665273711722435}. Best is trial 1 with value: 13.678970336914062.
LOCAL_RANK: 0 - CUDA_VISIBLE_DEVICES: [0]
[I 2023-11-29 20:08:18,538] Trial 6 finished with value: 18.766324996948242 and parameters: {'gradient_clip_val': 0.4778253830936427, 'hidden_size': 38, 'dropout': 0.2105822309390657, 'hidden_continuous_size': 25, 'attention_head_size': 2, 'learning_rate': 0.016126327440834573}. Best is trial 1 with value: 13.678970336914062.
LOCAL_RANK: 0 - CUDA_VISIBLE_DEVICES: [0]
[I 2023-11-29 20:08:31,084] Trial 7 finished with value: 42.4493408203125 and parameters: {'gradient_clip_val': 0.1518281040348851, 'hidden_size': 35, 'dropout': 0.3261368073649474, 'hidden_continuous_size': 27, 'attention_head_size': 1, 'learning_rate': 0.002050377095229895}. Best is trial 1 with value: 13.678970336914062.
LOCAL_RANK: 0 - CUDA_VISIBLE_DEVICES: [0]
[I 2023-11-29 20:08:43,032] Trial 8 finished with value: 68.1312026977539 and parameters: {'gradient_clip_val': 0.46272896966872384, 'hidden_size': 28, 'dropout': 0.30459731464943574, 'hidden_continuous_size': 11, 'attention_head_size': 4, 'learning_rate': 0.0012574892510763185}. Best is trial 1 with value: 13.678970336914062.
LOCAL_RANK: 0 - CUDA_VISIBLE_DEVICES: [0]
[I 2023-11-29 20:08:56,554] Trial 9 finished with value: 15.554402351379395 and parameters: {'gradient_clip_val': 0.24863389565713412, 'hidden_size': 92, 'dropout': 0.18936050865831364, 'hidden_continuous_size': 17, 'attention_head_size': 4, 'learning_rate': 0.030920918023786197}. Best is trial 1 with value: 13.678970336914062.
LOCAL_RANK: 0 - CUDA_VISIBLE_DEVICES: [0]
[I 2023-11-29 20:09:08,457] Trial 10 finished with value: 15.919045448303223 and parameters: {'gradient_clip_val': 0.10869244352013473, 'hidden_size': 12, 'dropout': 0.39864962643815216, 'hidden_continuous_size': 10, 'attention_head_size': 3, 'learning_rate': 0.09831481321375725}. Best is trial 1 with value: 13.678970336914062.
LOCAL_RANK: 0 - CUDA_VISIBLE_DEVICES: [0]
[I 2023-11-29 20:09:22,899] Trial 11 finished with value: 15.933306694030762 and parameters: {'gradient_clip_val': 0.6886213782494418, 'hidden_size': 146, 'dropout': 0.39459953637119327, 'hidden_continuous_size': 67, 'attention_head_size': 2, 'learning_rate': 0.09029079836934639}. Best is trial 1 with value: 13.678970336914062.
LOCAL_RANK: 0 - CUDA_VISIBLE_DEVICES: [0]
[I 2023-11-29 20:09:34,940] Trial 12 finished with value: 22.178924560546875 and parameters: {'gradient_clip_val': 0.3465111987974579, 'hidden_size': 11, 'dropout': 0.3500570936639106, 'hidden_continuous_size': 10, 'attention_head_size': 1, 'learning_rate': 0.05131060200119092}. Best is trial 1 with value: 13.678970336914062.
LOCAL_RANK: 0 - CUDA_VISIBLE_DEVICES: [0]
[I 2023-11-29 20:09:48,614] Trial 13 finished with value: 15.931693077087402 and parameters: {'gradient_clip_val': 0.6917071173183126, 'hidden_size': 66, 'dropout': 0.13567039831311717, 'hidden_continuous_size': 61, 'attention_head_size': 3, 'learning_rate': 0.05488077740949364}. Best is trial 1 with value: 13.678970336914062.
LOCAL_RANK: 0 - CUDA_VISIBLE_DEVICES: [0]
[I 2023-11-29 20:10:00,686] Trial 14 finished with value: 23.548507690429688 and parameters: {'gradient_clip_val': 0.2642227952554784, 'hidden_size': 18, 'dropout': 0.35378621886643097, 'hidden_continuous_size': 14, 'attention_head_size': 2, 'learning_rate': 0.019473171013443726}. Best is trial 1 with value: 13.678970336914062.
LOCAL_RANK: 0 - CUDA_VISIBLE_DEVICES: [0]
[I 2023-11-29 20:10:12,792] Trial 15 finished with value: 14.572189331054688 and parameters: {'gradient_clip_val': 0.33415277245449115, 'hidden_size': 17, 'dropout': 0.2510164490092689, 'hidden_continuous_size': 13, 'attention_head_size': 3, 'learning_rate': 0.09764409077154064}. Best is trial 1 with value: 13.678970336914062.
LOCAL_RANK: 0 - CUDA_VISIBLE_DEVICES: [0]
[I 2023-11-29 20:10:24,803] Trial 16 finished with value: 14.574237823486328 and parameters: {'gradient_clip_val': 0.3146457109825553, 'hidden_size': 17, 'dropout': 0.23811757827198288, 'hidden_continuous_size': 13, 'attention_head_size': 3, 'learning_rate': 0.07066476473775278}. Best is trial 1 with value: 13.678970336914062.
LOCAL_RANK: 0 - CUDA_VISIBLE_DEVICES: [0]
[I 2023-11-29 20:10:37,103] Trial 17 finished with value: 15.464263916015625 and parameters: {'gradient_clip_val': 0.2103580407181662, 'hidden_size': 18, 'dropout': 0.23385454214613743, 'hidden_continuous_size': 13, 'attention_head_size': 4, 'learning_rate': 0.0967156621200719}. Best is trial 1 with value: 13.678970336914062.
LOCAL_RANK: 0 - CUDA_VISIBLE_DEVICES: [0]
[I 2023-11-29 20:10:47,371] Trial 18 finished with value: 25.6240177154541 and parameters: {'gradient_clip_val': 0.34646110847574335, 'hidden_size': 10, 'dropout': 0.1668203442565008, 'hidden_continuous_size': 10, 'attention_head_size': 3, 'learning_rate': 0.027679030767120246}. Best is trial 1 with value: 13.678970336914062.
LOCAL_RANK: 0 - CUDA_VISIBLE_DEVICES: [0]
[I 2023-11-29 20:10:59,646] Trial 19 finished with value: 16.17598533630371 and parameters: {'gradient_clip_val': 0.18019991099819252, 'hidden_size': 22, 'dropout': 0.1117672122501841, 'hidden_continuous_size': 15, 'attention_head_size': 3, 'learning_rate': 0.05924387956659418}. Best is trial 1 with value: 13.678970336914062.
LOCAL_RANK: 0 - CUDA_VISIBLE_DEVICES: [0]
[I 2023-11-29 20:11:11,852] Trial 20 finished with value: 23.383535385131836 and parameters: {'gradient_clip_val': 0.2945566523337789, 'hidden_size': 14, 'dropout': 0.2676874137273483, 'hidden_continuous_size': 12, 'attention_head_size': 4, 'learning_rate': 0.017332237478361535}. Best is trial 1 with value: 13.678970336914062.
LOCAL_RANK: 0 - CUDA_VISIBLE_DEVICES: [0]
[I 2023-11-29 20:11:23,910] Trial 21 finished with value: 15.006566047668457 and parameters: {'gradient_clip_val': 0.3123339474473719, 'hidden_size': 15, 'dropout': 0.21839109960323436, 'hidden_continuous_size': 13, 'attention_head_size': 3, 'learning_rate': 0.06946109949988444}. Best is trial 1 with value: 13.678970336914062.
LOCAL_RANK: 0 - CUDA_VISIBLE_DEVICES: [0]
[I 2023-11-29 20:11:36,283] Trial 22 finished with value: 15.450383186340332 and parameters: {'gradient_clip_val': 0.38898208920202526, 'hidden_size': 19, 'dropout': 0.2453786281799163, 'hidden_continuous_size': 14, 'attention_head_size': 3, 'learning_rate': 0.06754597039406471}. Best is trial 1 with value: 13.678970336914062.
LOCAL_RANK: 0 - CUDA_VISIBLE_DEVICES: [0]
[I 2023-11-29 20:11:48,287] Trial 23 finished with value: 22.014251708984375 and parameters: {'gradient_clip_val': 0.39118453613841986, 'hidden_size': 14, 'dropout': 0.175089790781529, 'hidden_continuous_size': 11, 'attention_head_size': 3, 'learning_rate': 0.041774917279783746}. Best is trial 1 with value: 13.678970336914062.
LOCAL_RANK: 0 - CUDA_VISIBLE_DEVICES: [0]
[I 2023-11-29 20:12:00,436] Trial 24 finished with value: 16.989328384399414 and parameters: {'gradient_clip_val': 0.29547928290097764, 'hidden_size': 23, 'dropout': 0.25624024020481395, 'hidden_continuous_size': 15, 'attention_head_size': 2, 'learning_rate': 0.06807515286996868}. Best is trial 1 with value: 13.678970336914062.
LOCAL_RANK: 0 - CUDA_VISIBLE_DEVICES: [0]
[I 2023-11-29 20:12:10,475] Trial 25 finished with value: 17.63092803955078 and parameters: {'gradient_clip_val': 0.2767330876853038, 'hidden_size': 10, 'dropout': 0.23455632901349419, 'hidden_continuous_size': 10, 'attention_head_size': 3, 'learning_rate': 0.09493136096871865}. Best is trial 1 with value: 13.678970336914062.
LOCAL_RANK: 0 - CUDA_VISIBLE_DEVICES: [0]
[I 2023-11-29 20:12:22,443] Trial 26 finished with value: 17.953205108642578 and parameters: {'gradient_clip_val': 0.4073182698408822, 'hidden_size': 16, 'dropout': 0.2897441453396796, 'hidden_continuous_size': 12, 'attention_head_size': 4, 'learning_rate': 0.039699615488878216}. Best is trial 1 with value: 13.678970336914062.
LOCAL_RANK: 0 - CUDA_VISIBLE_DEVICES: [0]
[I 2023-11-29 20:12:34,402] Trial 27 finished with value: 29.084150314331055 and parameters: {'gradient_clip_val': 0.32214951447660695, 'hidden_size': 13, 'dropout': 0.31684836028519464, 'hidden_continuous_size': 11, 'attention_head_size': 2, 'learning_rate': 0.02492050271093098}. Best is trial 1 with value: 13.678970336914062.
LOCAL_RANK: 0 - CUDA_VISIBLE_DEVICES: [0]
[I 2023-11-29 20:12:46,573] Trial 28 finished with value: 14.387070655822754 and parameters: {'gradient_clip_val': 0.2118311632846071, 'hidden_size': 21, 'dropout': 0.2830282916293789, 'hidden_continuous_size': 13, 'attention_head_size': 1, 'learning_rate': 0.07027015297338746}. Best is trial 1 with value: 13.678970336914062.
LOCAL_RANK: 0 - CUDA_VISIBLE_DEVICES: [0]
[I 2023-11-29 20:12:58,518] Trial 29 finished with value: 26.83793830871582 and parameters: {'gradient_clip_val': 0.21230699389014562, 'hidden_size': 20, 'dropout': 0.27258142891886267, 'hidden_continuous_size': 13, 'attention_head_size': 1, 'learning_rate': 0.011512702834525266}. Best is trial 1 with value: 13.678970336914062.
LOCAL_RANK: 0 - CUDA_VISIBLE_DEVICES: [0]
[I 2023-11-29 20:13:10,474] Trial 30 finished with value: 14.90124797821045 and parameters: {'gradient_clip_val': 0.9204102465845274, 'hidden_size': 25, 'dropout': 0.25966251279893215, 'hidden_continuous_size': 14, 'attention_head_size': 1, 'learning_rate': 0.03802880756668836}. Best is trial 1 with value: 13.678970336914062.
LOCAL_RANK: 0 - CUDA_VISIBLE_DEVICES: [0]
[I 2023-11-29 20:13:22,461] Trial 31 finished with value: 14.810104370117188 and parameters: {'gradient_clip_val': 0.2357479231417967, 'hidden_size': 17, 'dropout': 0.2831302816332225, 'hidden_continuous_size': 12, 'attention_head_size': 1, 'learning_rate': 0.0696518592869455}. Best is trial 1 with value: 13.678970336914062.
LOCAL_RANK: 0 - CUDA_VISIBLE_DEVICES: [0]
[I 2023-11-29 20:13:34,672] Trial 32 finished with value: 18.234514236450195 and parameters: {'gradient_clip_val': 0.351025691914798, 'hidden_size': 21, 'dropout': 0.24640766052746252, 'hidden_continuous_size': 13, 'attention_head_size': 3, 'learning_rate': 0.051633385447622616}. Best is trial 1 with value: 13.678970336914062.
LOCAL_RANK: 0 - CUDA_VISIBLE_DEVICES: [0]
[I 2023-11-29 20:13:46,638] Trial 33 finished with value: 17.5395450592041 and parameters: {'gradient_clip_val': 0.28193204616857426, 'hidden_size': 13, 'dropout': 0.27758684413214546, 'hidden_continuous_size': 11, 'attention_head_size': 3, 'learning_rate': 0.07453429658217106}. Best is trial 1 with value: 13.678970336914062.
LOCAL_RANK: 0 - CUDA_VISIBLE_DEVICES: [0]
[I 2023-11-29 20:13:58,875] Trial 34 finished with value: 13.948474884033203 and parameters: {'gradient_clip_val': 0.4301475065478639, 'hidden_size': 30, 'dropout': 0.2177599151390934, 'hidden_continuous_size': 16, 'attention_head_size': 1, 'learning_rate': 0.04573490472545044}. Best is trial 1 with value: 13.678970336914062.
LOCAL_RANK: 0 - CUDA_VISIBLE_DEVICES: [0]
[I 2023-11-29 20:14:11,073] Trial 35 finished with value: 15.004376411437988 and parameters: {'gradient_clip_val': 0.43343715746817363, 'hidden_size': 30, 'dropout': 0.21368058470753243, 'hidden_continuous_size': 16, 'attention_head_size': 1, 'learning_rate': 0.048524219692552585}. Best is trial 1 with value: 13.678970336914062.
LOCAL_RANK: 0 - CUDA_VISIBLE_DEVICES: [0]
[I 2023-11-29 20:14:23,208] Trial 36 finished with value: 15.858126640319824 and parameters: {'gradient_clip_val': 0.5408238563465045, 'hidden_size': 27, 'dropout': 0.294975036648054, 'hidden_continuous_size': 16, 'attention_head_size': 1, 'learning_rate': 0.03350841667432229}. Best is trial 1 with value: 13.678970336914062.
LOCAL_RANK: 0 - CUDA_VISIBLE_DEVICES: [0]
[I 2023-11-29 20:14:35,787] Trial 37 finished with value: 28.88950538635254 and parameters: {'gradient_clip_val': 0.37215598883256584, 'hidden_size': 32, 'dropout': 0.25914089543474617, 'hidden_continuous_size': 18, 'attention_head_size': 2, 'learning_rate': 0.006509408021409991}. Best is trial 1 with value: 13.678970336914062.
LOCAL_RANK: 0 - CUDA_VISIBLE_DEVICES: [0]
[I 2023-11-29 20:14:47,693] Trial 38 finished with value: 17.483474731445312 and parameters: {'gradient_clip_val': 0.456480686255763, 'hidden_size': 24, 'dropout': 0.3273866930180662, 'hidden_continuous_size': 15, 'attention_head_size': 1, 'learning_rate': 0.042928604402870565}. Best is trial 1 with value: 13.678970336914062.
LOCAL_RANK: 0 - CUDA_VISIBLE_DEVICES: [0]
[I 2023-11-29 20:15:00,271] Trial 39 finished with value: 14.513867378234863 and parameters: {'gradient_clip_val': 0.5023721255243492, 'hidden_size': 42, 'dropout': 0.2229295191311617, 'hidden_continuous_size': 19, 'attention_head_size': 1, 'learning_rate': 0.08710600922648624}. Best is trial 1 with value: 13.678970336914062.
LOCAL_RANK: 0 - CUDA_VISIBLE_DEVICES: [0]
[I 2023-11-29 20:15:12,908] Trial 40 finished with value: 14.750434875488281 and parameters: {'gradient_clip_val': 0.5254961441957822, 'hidden_size': 42, 'dropout': 0.1947558375045673, 'hidden_continuous_size': 19, 'attention_head_size': 1, 'learning_rate': 0.02310365365819886}. Best is trial 1 with value: 13.678970336914062.
LOCAL_RANK: 0 - CUDA_VISIBLE_DEVICES: [0]
[I 2023-11-29 20:15:25,382] Trial 41 finished with value: 14.500155448913574 and parameters: {'gradient_clip_val': 0.4400704294809533, 'hidden_size': 35, 'dropout': 0.22395423557560584, 'hidden_continuous_size': 19, 'attention_head_size': 1, 'learning_rate': 0.08096649830798733}. Best is trial 1 with value: 13.678970336914062.
LOCAL_RANK: 0 - CUDA_VISIBLE_DEVICES: [0]
[I 2023-11-29 20:15:38,086] Trial 42 finished with value: 14.558464050292969 and parameters: {'gradient_clip_val': 0.4839578548823011, 'hidden_size': 34, 'dropout': 0.2265203455466309, 'hidden_continuous_size': 20, 'attention_head_size': 1, 'learning_rate': 0.07937036606085639}. Best is trial 1 with value: 13.678970336914062.
LOCAL_RANK: 0 - CUDA_VISIBLE_DEVICES: [0]
[I 2023-11-29 20:15:50,664] Trial 43 finished with value: 14.51305866241455 and parameters: {'gradient_clip_val': 0.6215886162475683, 'hidden_size': 38, 'dropout': 0.20125886330791415, 'hidden_continuous_size': 20, 'attention_head_size': 1, 'learning_rate': 0.05339944057165118}. Best is trial 1 with value: 13.678970336914062.
LOCAL_RANK: 0 - CUDA_VISIBLE_DEVICES: [0]
[I 2023-11-29 20:16:03,195] Trial 44 finished with value: 14.308232307434082 and parameters: {'gradient_clip_val': 0.6107676138075068, 'hidden_size': 37, 'dropout': 0.20552952228737573, 'hidden_continuous_size': 21, 'attention_head_size': 1, 'learning_rate': 0.05302820441813662}. Best is trial 1 with value: 13.678970336914062.
LOCAL_RANK: 0 - CUDA_VISIBLE_DEVICES: [0]
[I 2023-11-29 20:16:15,752] Trial 45 finished with value: 15.49981689453125 and parameters: {'gradient_clip_val': 0.4274119978737008, 'hidden_size': 29, 'dropout': 0.2049043581611759, 'hidden_continuous_size': 22, 'attention_head_size': 2, 'learning_rate': 0.030258752980968116}. Best is trial 1 with value: 13.678970336914062.
LOCAL_RANK: 0 - CUDA_VISIBLE_DEVICES: [0]
[I 2023-11-29 20:16:28,169] Trial 46 finished with value: 15.58995532989502 and parameters: {'gradient_clip_val': 0.5771719729336983, 'hidden_size': 35, 'dropout': 0.21579962142446762, 'hidden_continuous_size': 17, 'attention_head_size': 1, 'learning_rate': 0.05863490336118664}. Best is trial 1 with value: 13.678970336914062.
LOCAL_RANK: 0 - CUDA_VISIBLE_DEVICES: [0]
[I 2023-11-29 20:16:40,465] Trial 47 finished with value: 18.002065658569336 and parameters: {'gradient_clip_val': 0.7215168809403589, 'hidden_size': 26, 'dropout': 0.18525821781800667, 'hidden_continuous_size': 16, 'attention_head_size': 1, 'learning_rate': 0.035205648618220925}. Best is trial 1 with value: 13.678970336914062.
LOCAL_RANK: 0 - CUDA_VISIBLE_DEVICES: [0]
[I 2023-11-29 20:16:53,155] Trial 48 finished with value: 14.327067375183105 and parameters: {'gradient_clip_val': 0.46198756070530717, 'hidden_size': 48, 'dropout': 0.37920127076460675, 'hidden_continuous_size': 23, 'attention_head_size': 2, 'learning_rate': 0.044786794921531564}. Best is trial 1 with value: 13.678970336914062.
LOCAL_RANK: 0 - CUDA_VISIBLE_DEVICES: [0]
[I 2023-11-29 20:17:06,103] Trial 49 finished with value: 14.498896598815918 and parameters: {'gradient_clip_val': 0.7692538571124029, 'hidden_size': 53, 'dropout': 0.37950605596007464, 'hidden_continuous_size': 25, 'attention_head_size': 2, 'learning_rate': 0.043857844697791054}. Best is trial 1 with value: 13.678970336914062.
LOCAL_RANK: 0 - CUDA_VISIBLE_DEVICES: [0]
[I 2023-11-29 20:17:18,966] Trial 50 finished with value: 14.298393249511719 and parameters: {'gradient_clip_val': 0.5798048968242804, 'hidden_size': 52, 'dropout': 0.3697653616420778, 'hidden_continuous_size': 28, 'attention_head_size': 2, 'learning_rate': 0.05615942190071475}. Best is trial 1 with value: 13.678970336914062.
LOCAL_RANK: 0 - CUDA_VISIBLE_DEVICES: [0]
[I 2023-11-29 20:17:31,605] Trial 51 finished with value: 14.52813720703125 and parameters: {'gradient_clip_val': 0.6000088760520921, 'hidden_size': 48, 'dropout': 0.36641584216566053, 'hidden_continuous_size': 30, 'attention_head_size': 2, 'learning_rate': 0.054976834401245143}. Best is trial 1 with value: 13.678970336914062.
LOCAL_RANK: 0 - CUDA_VISIBLE_DEVICES: [0]
[I 2023-11-29 20:17:44,575] Trial 52 finished with value: 15.8850679397583 and parameters: {'gradient_clip_val': 0.48371060530098514, 'hidden_size': 46, 'dropout': 0.38407666605633634, 'hidden_continuous_size': 24, 'attention_head_size': 2, 'learning_rate': 0.04467754891641223}. Best is trial 1 with value: 13.678970336914062.
LOCAL_RANK: 0 - CUDA_VISIBLE_DEVICES: [0]
[I 2023-11-29 20:17:57,678] Trial 53 finished with value: 14.036076545715332 and parameters: {'gradient_clip_val': 0.6438707678601553, 'hidden_size': 55, 'dropout': 0.33743910688101, 'hidden_continuous_size': 28, 'attention_head_size': 2, 'learning_rate': 0.06239099797477897}. Best is trial 1 with value: 13.678970336914062.
LOCAL_RANK: 0 - CUDA_VISIBLE_DEVICES: [0]
[I 2023-11-29 20:18:10,783] Trial 54 finished with value: 14.172146797180176 and parameters: {'gradient_clip_val': 0.645426470091418, 'hidden_size': 56, 'dropout': 0.36119696941712975, 'hidden_continuous_size': 29, 'attention_head_size': 2, 'learning_rate': 0.0330823363515389}. Best is trial 1 with value: 13.678970336914062.
LOCAL_RANK: 0 - CUDA_VISIBLE_DEVICES: [0]
[I 2023-11-29 20:18:23,829] Trial 55 finished with value: 14.980093955993652 and parameters: {'gradient_clip_val': 0.641440620478135, 'hidden_size': 55, 'dropout': 0.3600156810526811, 'hidden_continuous_size': 29, 'attention_head_size': 2, 'learning_rate': 0.06021917832929878}. Best is trial 1 with value: 13.678970336914062.
LOCAL_RANK: 0 - CUDA_VISIBLE_DEVICES: [0]
[I 2023-11-29 20:18:37,105] Trial 56 finished with value: 15.13427448272705 and parameters: {'gradient_clip_val': 0.5619078689485898, 'hidden_size': 61, 'dropout': 0.33763012775681667, 'hidden_continuous_size': 34, 'attention_head_size': 2, 'learning_rate': 0.030394406858633982}. Best is trial 1 with value: 13.678970336914062.
LOCAL_RANK: 0 - CUDA_VISIBLE_DEVICES: [0]
