[I 2023-11-30 00:00:04,598] Trial 1 finished with value: 25.023733139038086 and parameters: {'gradient_clip_val': 0.14543163636516995, 'hidden_size': 122, 'dropout': 0.38711947438078675, 'hidden_continuous_size': 14, 'attention_head_size': 3, 'learning_rate': 0.02006293207328401}. Best is trial 1 with value: 25.023733139038086.
LOCAL_RANK: 0 - CUDA_VISIBLE_DEVICES: [0]
[I 2023-11-30 00:00:18,001] Trial 2 finished with value: 25.563995361328125 and parameters: {'gradient_clip_val': 0.32558734809504114, 'hidden_size': 102, 'dropout': 0.3842342338917297, 'hidden_continuous_size': 17, 'attention_head_size': 1, 'learning_rate': 0.0017630178286359268}. Best is trial 1 with value: 25.023733139038086.
LOCAL_RANK: 0 - CUDA_VISIBLE_DEVICES: [0]
[I 2023-11-30 00:00:31,292] Trial 3 finished with value: 25.598188400268555 and parameters: {'gradient_clip_val': 0.28275992258334814, 'hidden_size': 47, 'dropout': 0.2717252612818001, 'hidden_continuous_size': 31, 'attention_head_size': 4, 'learning_rate': 0.0019118394132072647}. Best is trial 1 with value: 25.023733139038086.
LOCAL_RANK: 0 - CUDA_VISIBLE_DEVICES: [0]
[I 2023-11-30 00:00:44,286] Trial 4 finished with value: 24.849233627319336 and parameters: {'gradient_clip_val': 0.1457913619818075, 'hidden_size': 55, 'dropout': 0.3131165620592163, 'hidden_continuous_size': 22, 'attention_head_size': 2, 'learning_rate': 0.014717780519844476}. Best is trial 4 with value: 24.849233627319336.
LOCAL_RANK: 0 - CUDA_VISIBLE_DEVICES: [0]
[I 2023-11-30 00:00:56,646] Trial 5 finished with value: 39.557212829589844 and parameters: {'gradient_clip_val': 0.3449987185092661, 'hidden_size': 26, 'dropout': 0.12597953607250517, 'hidden_continuous_size': 21, 'attention_head_size': 3, 'learning_rate': 0.0011166825241381146}. Best is trial 4 with value: 24.849233627319336.
LOCAL_RANK: 0 - CUDA_VISIBLE_DEVICES: [0]
[I 2023-11-30 00:01:08,762] Trial 6 finished with value: 22.77646827697754 and parameters: {'gradient_clip_val': 0.6206436162538884, 'hidden_size': 14, 'dropout': 0.28830047781451135, 'hidden_continuous_size': 11, 'attention_head_size': 3, 'learning_rate': 0.05147849026820802}. Best is trial 6 with value: 22.77646827697754.
LOCAL_RANK: 0 - CUDA_VISIBLE_DEVICES: [0]
[I 2023-11-30 00:01:20,804] Trial 7 finished with value: 23.906295776367188 and parameters: {'gradient_clip_val': 0.10644532242451402, 'hidden_size': 13, 'dropout': 0.20490983763203915, 'hidden_continuous_size': 12, 'attention_head_size': 1, 'learning_rate': 0.03995963214876297}. Best is trial 6 with value: 22.77646827697754.
LOCAL_RANK: 0 - CUDA_VISIBLE_DEVICES: [0]
[I 2023-11-30 00:01:31,000] Trial 8 finished with value: 32.4309196472168 and parameters: {'gradient_clip_val': 0.7465132098241185, 'hidden_size': 11, 'dropout': 0.1180092379863524, 'hidden_continuous_size': 11, 'attention_head_size': 3, 'learning_rate': 0.0132939105763186}. Best is trial 6 with value: 22.77646827697754.
LOCAL_RANK: 0 - CUDA_VISIBLE_DEVICES: [0]
[I 2023-11-30 00:01:44,600] Trial 9 finished with value: 30.3204345703125 and parameters: {'gradient_clip_val': 0.20864519142885662, 'hidden_size': 61, 'dropout': 0.19025047851165788, 'hidden_continuous_size': 35, 'attention_head_size': 2, 'learning_rate': 0.0013958597421464371}. Best is trial 6 with value: 22.77646827697754.
LOCAL_RANK: 0 - CUDA_VISIBLE_DEVICES: [0]
[I 2023-11-30 00:01:56,875] Trial 10 finished with value: 22.181371688842773 and parameters: {'gradient_clip_val': 0.9956070970451313, 'hidden_size': 19, 'dropout': 0.24464954093409538, 'hidden_continuous_size': 10, 'attention_head_size': 4, 'learning_rate': 0.08534611607266783}. Best is trial 10 with value: 22.181371688842773.
LOCAL_RANK: 0 - CUDA_VISIBLE_DEVICES: [0]
[I 2023-11-30 00:02:09,116] Trial 11 finished with value: 24.117849349975586 and parameters: {'gradient_clip_val': 0.9785922212636785, 'hidden_size': 17, 'dropout': 0.25039073240806003, 'hidden_continuous_size': 10, 'attention_head_size': 4, 'learning_rate': 0.09332612088344924}. Best is trial 10 with value: 22.181371688842773.
LOCAL_RANK: 0 - CUDA_VISIBLE_DEVICES: [0]
[I 2023-11-30 00:02:19,441] Trial 12 finished with value: 26.299291610717773 and parameters: {'gradient_clip_val': 0.54902153139075, 'hidden_size': 10, 'dropout': 0.2165609846978595, 'hidden_continuous_size': 10, 'attention_head_size': 4, 'learning_rate': 0.09397194864910902}. Best is trial 10 with value: 22.181371688842773.
LOCAL_RANK: 0 - CUDA_VISIBLE_DEVICES: [0]
[I 2023-11-30 00:02:31,956] Trial 13 finished with value: 22.272558212280273 and parameters: {'gradient_clip_val': 0.9523780096258225, 'hidden_size': 29, 'dropout': 0.2885538111297709, 'hidden_continuous_size': 13, 'attention_head_size': 4, 'learning_rate': 0.03550959078517447}. Best is trial 10 with value: 22.181371688842773.
LOCAL_RANK: 0 - CUDA_VISIBLE_DEVICES: [0]
[I 2023-11-30 00:02:44,532] Trial 14 finished with value: 21.511205673217773 and parameters: {'gradient_clip_val': 0.9641608521858723, 'hidden_size': 29, 'dropout': 0.3322726056567279, 'hidden_continuous_size': 13, 'attention_head_size': 4, 'learning_rate': 0.030259826456499078}. Best is trial 14 with value: 21.511205673217773.
LOCAL_RANK: 0 - CUDA_VISIBLE_DEVICES: [0]
[I 2023-11-30 00:02:57,222] Trial 15 finished with value: 24.150466918945312 and parameters: {'gradient_clip_val': 0.48950575400419927, 'hidden_size': 34, 'dropout': 0.34686879389687036, 'hidden_continuous_size': 14, 'attention_head_size': 4, 'learning_rate': 0.007147213705638422}. Best is trial 14 with value: 21.511205673217773.
LOCAL_RANK: 0 - CUDA_VISIBLE_DEVICES: [0]
[I 2023-11-30 00:03:09,456] Trial 16 finished with value: 22.584226608276367 and parameters: {'gradient_clip_val': 0.9868770301456726, 'hidden_size': 21, 'dropout': 0.34673760600693604, 'hidden_continuous_size': 12, 'attention_head_size': 4, 'learning_rate': 0.02845307234031919}. Best is trial 14 with value: 21.511205673217773.
LOCAL_RANK: 0 - CUDA_VISIBLE_DEVICES: [0]
[I 2023-11-30 00:03:22,174] Trial 17 finished with value: 24.672258377075195 and parameters: {'gradient_clip_val': 0.47765654993721796, 'hidden_size': 38, 'dropout': 0.24927224007730464, 'hidden_continuous_size': 16, 'attention_head_size': 3, 'learning_rate': 0.061488331530078204}. Best is trial 14 with value: 21.511205673217773.
LOCAL_RANK: 0 - CUDA_VISIBLE_DEVICES: [0]
[I 2023-11-30 00:03:34,340] Trial 18 finished with value: 23.139755249023438 and parameters: {'gradient_clip_val': 0.7780911728802351, 'hidden_size': 17, 'dropout': 0.15741741017040084, 'hidden_continuous_size': 11, 'attention_head_size': 4, 'learning_rate': 0.06014980945456433}. Best is trial 14 with value: 21.511205673217773.
LOCAL_RANK: 0 - CUDA_VISIBLE_DEVICES: [0]
[I 2023-11-30 00:03:46,624] Trial 19 finished with value: 22.633283615112305 and parameters: {'gradient_clip_val': 0.762480105754911, 'hidden_size': 24, 'dropout': 0.23839966131400708, 'hidden_continuous_size': 12, 'attention_head_size': 3, 'learning_rate': 0.02638904921896981}. Best is trial 14 with value: 21.511205673217773.
LOCAL_RANK: 0 - CUDA_VISIBLE_DEVICES: [0]
[I 2023-11-30 00:03:59,134] Trial 20 finished with value: 21.479415893554688 and parameters: {'gradient_clip_val': 0.44645080882871485, 'hidden_size': 31, 'dropout': 0.22487847862421753, 'hidden_continuous_size': 15, 'attention_head_size': 4, 'learning_rate': 0.044676246940202044}. Best is trial 20 with value: 21.479415893554688.
LOCAL_RANK: 0 - CUDA_VISIBLE_DEVICES: [0]
[I 2023-11-30 00:04:11,782] Trial 21 finished with value: 22.05327033996582 and parameters: {'gradient_clip_val': 0.42096517187392496, 'hidden_size': 33, 'dropout': 0.22844180634883174, 'hidden_continuous_size': 15, 'attention_head_size': 4, 'learning_rate': 0.057467755765844036}. Best is trial 20 with value: 21.479415893554688.
LOCAL_RANK: 0 - CUDA_VISIBLE_DEVICES: [0]
[I 2023-11-30 00:04:24,333] Trial 22 finished with value: 22.837478637695312 and parameters: {'gradient_clip_val': 0.3958121287902719, 'hidden_size': 33, 'dropout': 0.17254289625536706, 'hidden_continuous_size': 15, 'attention_head_size': 4, 'learning_rate': 0.04437283684927553}. Best is trial 20 with value: 21.479415893554688.
LOCAL_RANK: 0 - CUDA_VISIBLE_DEVICES: [0]
[I 2023-11-30 00:04:37,140] Trial 23 finished with value: 22.149755477905273 and parameters: {'gradient_clip_val': 0.43468699516320325, 'hidden_size': 39, 'dropout': 0.20591080452123284, 'hidden_continuous_size': 17, 'attention_head_size': 4, 'learning_rate': 0.024944986496432075}. Best is trial 20 with value: 21.479415893554688.
LOCAL_RANK: 0 - CUDA_VISIBLE_DEVICES: [0]
[I 2023-11-30 00:04:49,637] Trial 24 finished with value: 22.50779914855957 and parameters: {'gradient_clip_val': 0.5456375007793091, 'hidden_size': 28, 'dropout': 0.23012627072872086, 'hidden_continuous_size': 15, 'attention_head_size': 3, 'learning_rate': 0.03618868139374244}. Best is trial 20 with value: 21.479415893554688.
LOCAL_RANK: 0 - CUDA_VISIBLE_DEVICES: [0]
[I 2023-11-30 00:05:02,585] Trial 25 finished with value: 23.980478286743164 and parameters: {'gradient_clip_val': 0.4244157429790924, 'hidden_size': 42, 'dropout': 0.22068326132159272, 'hidden_continuous_size': 18, 'attention_head_size': 4, 'learning_rate': 0.06479309863462471}. Best is trial 20 with value: 21.479415893554688.
LOCAL_RANK: 0 - CUDA_VISIBLE_DEVICES: [0]
[I 2023-11-30 00:05:14,812] Trial 26 finished with value: 23.090049743652344 and parameters: {'gradient_clip_val': 0.599709327384574, 'hidden_size': 32, 'dropout': 0.26899561636650227, 'hidden_continuous_size': 13, 'attention_head_size': 3, 'learning_rate': 0.04943295655256901}. Best is trial 20 with value: 21.479415893554688.
LOCAL_RANK: 0 - CUDA_VISIBLE_DEVICES: [0]
[I 2023-11-30 00:05:27,252] Trial 27 finished with value: 25.203292846679688 and parameters: {'gradient_clip_val': 0.285892589496588, 'hidden_size': 26, 'dropout': 0.17604942221702088, 'hidden_continuous_size': 14, 'attention_head_size': 4, 'learning_rate': 0.019150568468998746}. Best is trial 20 with value: 21.479415893554688.
LOCAL_RANK: 0 - CUDA_VISIBLE_DEVICES: [0]
[I 2023-11-30 00:05:40,159] Trial 28 finished with value: 24.714468002319336 and parameters: {'gradient_clip_val': 0.37102677485874686, 'hidden_size': 49, 'dropout': 0.1996337698778051, 'hidden_continuous_size': 20, 'attention_head_size': 2, 'learning_rate': 0.03308382750970963}. Best is trial 20 with value: 21.479415893554688.
LOCAL_RANK: 0 - CUDA_VISIBLE_DEVICES: [0]
[I 2023-11-30 00:05:52,669] Trial 29 finished with value: 26.64594268798828 and parameters: {'gradient_clip_val': 0.6726674271718333, 'hidden_size': 23, 'dropout': 0.2260428259393554, 'hidden_continuous_size': 13, 'attention_head_size': 4, 'learning_rate': 0.006498994487638162}. Best is trial 20 with value: 21.479415893554688.
LOCAL_RANK: 0 - CUDA_VISIBLE_DEVICES: [0]
[I 2023-11-30 00:06:06,025] Trial 30 finished with value: 25.291481018066406 and parameters: {'gradient_clip_val': 0.48119168020885583, 'hidden_size': 66, 'dropout': 0.2634721859320229, 'hidden_continuous_size': 26, 'attention_head_size': 3, 'learning_rate': 0.046502574681303185}. Best is trial 20 with value: 21.479415893554688.
LOCAL_RANK: 0 - CUDA_VISIBLE_DEVICES: [0]
[I 2023-11-30 00:06:18,779] Trial 31 finished with value: 23.765838623046875 and parameters: {'gradient_clip_val': 0.3900099939116583, 'hidden_size': 40, 'dropout': 0.20676316334507958, 'hidden_continuous_size': 18, 'attention_head_size': 4, 'learning_rate': 0.025772576374510983}. Best is trial 20 with value: 21.479415893554688.
LOCAL_RANK: 0 - CUDA_VISIBLE_DEVICES: [0]
[I 2023-11-30 00:06:31,430] Trial 32 finished with value: 24.082748413085938 and parameters: {'gradient_clip_val': 0.4571419975077584, 'hidden_size': 34, 'dropout': 0.23018940721256606, 'hidden_continuous_size': 16, 'attention_head_size': 4, 'learning_rate': 0.025045414707235345}. Best is trial 20 with value: 21.479415893554688.
LOCAL_RANK: 0 - CUDA_VISIBLE_DEVICES: [0]
[I 2023-11-30 00:06:43,941] Trial 33 finished with value: 22.340011596679688 and parameters: {'gradient_clip_val': 0.5700167303667392, 'hidden_size': 29, 'dropout': 0.1935212891606391, 'hidden_continuous_size': 15, 'attention_head_size': 4, 'learning_rate': 0.017752295996868936}. Best is trial 20 with value: 21.479415893554688.
LOCAL_RANK: 0 - CUDA_VISIBLE_DEVICES: [0]
[I 2023-11-30 00:06:57,144] Trial 34 finished with value: 23.07048988342285 and parameters: {'gradient_clip_val': 0.348729238026032, 'hidden_size': 43, 'dropout': 0.22128452947604751, 'hidden_continuous_size': 17, 'attention_head_size': 4, 'learning_rate': 0.07127949379258922}. Best is trial 20 with value: 21.479415893554688.
LOCAL_RANK: 0 - CUDA_VISIBLE_DEVICES: [0]
[I 2023-11-30 00:07:10,021] Trial 35 finished with value: 21.738317489624023 and parameters: {'gradient_clip_val': 0.28277546618620303, 'hidden_size': 37, 'dropout': 0.2607819288370892, 'hidden_continuous_size': 19, 'attention_head_size': 4, 'learning_rate': 0.021301377345468275}. Best is trial 20 with value: 21.479415893554688.
LOCAL_RANK: 0 - CUDA_VISIBLE_DEVICES: [0]
[I 2023-11-30 00:07:22,058] Trial 36 finished with value: 24.942031860351562 and parameters: {'gradient_clip_val': 0.25056936273486313, 'hidden_size': 23, 'dropout': 0.2976593804854697, 'hidden_continuous_size': 14, 'attention_head_size': 1, 'learning_rate': 0.035332147097788175}. Best is trial 20 with value: 21.479415893554688.
LOCAL_RANK: 0 - CUDA_VISIBLE_DEVICES: [0]
[I 2023-11-30 00:07:34,977] Trial 37 finished with value: 22.595985412597656 and parameters: {'gradient_clip_val': 0.31880861803832855, 'hidden_size': 49, 'dropout': 0.2602467368309347, 'hidden_continuous_size': 19, 'attention_head_size': 3, 'learning_rate': 0.05139996077653446}. Best is trial 20 with value: 21.479415893554688.
LOCAL_RANK: 0 - CUDA_VISIBLE_DEVICES: [0]
[I 2023-11-30 00:07:48,572] Trial 38 finished with value: 22.46001625061035 and parameters: {'gradient_clip_val': 0.29054156009320187, 'hidden_size': 78, 'dropout': 0.32250584512042485, 'hidden_continuous_size': 23, 'attention_head_size': 4, 'learning_rate': 0.019647024989926626}. Best is trial 20 with value: 21.479415893554688.
LOCAL_RANK: 0 - CUDA_VISIBLE_DEVICES: [0]
[I 2023-11-30 00:08:01,393] Trial 39 finished with value: 22.529645919799805 and parameters: {'gradient_clip_val': 0.24480759894726278, 'hidden_size': 36, 'dropout': 0.39963627934205515, 'hidden_continuous_size': 20, 'attention_head_size': 3, 'learning_rate': 0.011721517363236452}. Best is trial 20 with value: 21.479415893554688.
LOCAL_RANK: 0 - CUDA_VISIBLE_DEVICES: [0]
[I 2023-11-30 00:08:13,909] Trial 40 finished with value: 22.463468551635742 and parameters: {'gradient_clip_val': 0.35013070274936287, 'hidden_size': 30, 'dropout': 0.27810652266835323, 'hidden_continuous_size': 18, 'attention_head_size': 2, 'learning_rate': 0.014924840410066243}. Best is trial 20 with value: 21.479415893554688.
LOCAL_RANK: 0 - CUDA_VISIBLE_DEVICES: [0]
[I 2023-11-30 00:08:26,757] Trial 41 finished with value: 22.376144409179688 and parameters: {'gradient_clip_val': 0.4021780857644248, 'hidden_size': 39, 'dropout': 0.2419382170607128, 'hidden_continuous_size': 17, 'attention_head_size': 4, 'learning_rate': 0.023606127277660597}. Best is trial 20 with value: 21.479415893554688.
LOCAL_RANK: 0 - CUDA_VISIBLE_DEVICES: [0]
[I 2023-11-30 00:08:39,666] Trial 42 finished with value: 26.33192253112793 and parameters: {'gradient_clip_val': 0.31449927956564905, 'hidden_size': 45, 'dropout': 0.2577795113107277, 'hidden_continuous_size': 23, 'attention_head_size': 4, 'learning_rate': 0.04053762068103201}. Best is trial 20 with value: 21.479415893554688.
LOCAL_RANK: 0 - CUDA_VISIBLE_DEVICES: [0]
[I 2023-11-30 00:08:52,057] Trial 43 finished with value: 24.73486328125 and parameters: {'gradient_clip_val': 0.43772873037293664, 'hidden_size': 27, 'dropout': 0.2116610955186543, 'hidden_continuous_size': 16, 'attention_head_size': 4, 'learning_rate': 0.03099709275822413}. Best is trial 20 with value: 21.479415893554688.
LOCAL_RANK: 0 - CUDA_VISIBLE_DEVICES: [0]
[I 2023-11-30 00:09:05,085] Trial 44 finished with value: 23.34202003479004 and parameters: {'gradient_clip_val': 0.5075605577116359, 'hidden_size': 38, 'dropout': 0.23906568587230395, 'hidden_continuous_size': 17, 'attention_head_size': 4, 'learning_rate': 0.02256692350044577}. Best is trial 20 with value: 21.479415893554688.
LOCAL_RANK: 0 - CUDA_VISIBLE_DEVICES: [0]
[I 2023-11-30 00:09:17,627] Trial 45 finished with value: 24.303625106811523 and parameters: {'gradient_clip_val': 0.6452591054381214, 'hidden_size': 32, 'dropout': 0.2771389943435739, 'hidden_continuous_size': 19, 'attention_head_size': 4, 'learning_rate': 0.029177368974813704}. Best is trial 20 with value: 21.479415893554688.
LOCAL_RANK: 0 - CUDA_VISIBLE_DEVICES: [0]
[I 2023-11-30 00:09:30,981] Trial 46 finished with value: 22.76377296447754 and parameters: {'gradient_clip_val': 0.43025541812979873, 'hidden_size': 55, 'dropout': 0.20993415570697932, 'hidden_continuous_size': 22, 'attention_head_size': 4, 'learning_rate': 0.07318666465559384}. Best is trial 20 with value: 21.479415893554688.
LOCAL_RANK: 0 - CUDA_VISIBLE_DEVICES: [0]
[I 2023-11-30 00:09:43,694] Trial 47 finished with value: 24.122140884399414 and parameters: {'gradient_clip_val': 0.8704274214744104, 'hidden_size': 37, 'dropout': 0.2501112809145861, 'hidden_continuous_size': 15, 'attention_head_size': 3, 'learning_rate': 0.04182697005117036}. Best is trial 20 with value: 21.479415893554688.
LOCAL_RANK: 0 - CUDA_VISIBLE_DEVICES: [0]
[I 2023-11-30 00:09:56,000] Trial 48 finished with value: 26.913820266723633 and parameters: {'gradient_clip_val': 0.5314434038599539, 'hidden_size': 25, 'dropout': 0.3073446921767031, 'hidden_continuous_size': 16, 'attention_head_size': 4, 'learning_rate': 0.05275117692652177}. Best is trial 20 with value: 21.479415893554688.
LOCAL_RANK: 0 - CUDA_VISIBLE_DEVICES: [0]
[I 2023-11-30 00:10:08,576] Trial 49 finished with value: 24.118528366088867 and parameters: {'gradient_clip_val': 0.6241056407127165, 'hidden_size': 30, 'dropout': 0.1865528173115873, 'hidden_continuous_size': 16, 'attention_head_size': 1, 'learning_rate': 0.016635772853473233}. Best is trial 20 with value: 21.479415893554688.
LOCAL_RANK: 0 - CUDA_VISIBLE_DEVICES: [0]
[I 2023-11-30 00:10:22,859] Trial 50 finished with value: 20.978452682495117 and parameters: {'gradient_clip_val': 0.5748226353243663, 'hidden_size': 148, 'dropout': 0.2844175030836853, 'hidden_continuous_size': 27, 'attention_head_size': 4, 'learning_rate': 0.022013417515008765}. Best is trial 50 with value: 20.978452682495117.
LOCAL_RANK: 0 - CUDA_VISIBLE_DEVICES: [0]
[I 2023-11-30 00:10:37,129] Trial 51 finished with value: 21.449066162109375 and parameters: {'gradient_clip_val': 0.7106925742482607, 'hidden_size': 139, 'dropout': 0.2873116742981386, 'hidden_continuous_size': 26, 'attention_head_size': 4, 'learning_rate': 0.021313688291216503}. Best is trial 50 with value: 20.978452682495117.
LOCAL_RANK: 0 - CUDA_VISIBLE_DEVICES: [0]
[I 2023-11-30 00:10:51,553] Trial 52 finished with value: 26.324960708618164 and parameters: {'gradient_clip_val': 0.6986370467368398, 'hidden_size': 147, 'dropout': 0.28600574632015197, 'hidden_continuous_size': 27, 'attention_head_size': 4, 'learning_rate': 0.021147598022500057}. Best is trial 50 with value: 20.978452682495117.
LOCAL_RANK: 0 - CUDA_VISIBLE_DEVICES: [0]
[I 2023-11-30 00:11:05,626] Trial 53 finished with value: 23.89300537109375 and parameters: {'gradient_clip_val': 0.7234784299848178, 'hidden_size': 115, 'dropout': 0.27365440106105526, 'hidden_continuous_size': 40, 'attention_head_size': 4, 'learning_rate': 0.030163841167971356}. Best is trial 50 with value: 20.978452682495117.
LOCAL_RANK: 0 - CUDA_VISIBLE_DEVICES: [0]
[I 2023-11-30 00:11:20,012] Trial 54 finished with value: 21.521881103515625 and parameters: {'gradient_clip_val': 0.8431897002043167, 'hidden_size': 140, 'dropout': 0.3187510170426091, 'hidden_continuous_size': 33, 'attention_head_size': 4, 'learning_rate': 0.03727919663914823}. Best is trial 50 with value: 20.978452682495117.
LOCAL_RANK: 0 - CUDA_VISIBLE_DEVICES: [0]
[I 2023-11-30 00:11:34,475] Trial 55 finished with value: 23.619140625 and parameters: {'gradient_clip_val': 0.8543884592100093, 'hidden_size': 150, 'dropout': 0.32646026820871327, 'hidden_continuous_size': 33, 'attention_head_size': 4, 'learning_rate': 0.040069640665571726}. Best is trial 50 with value: 20.978452682495117.
LOCAL_RANK: 0 - CUDA_VISIBLE_DEVICES: [0]
[I 2023-11-30 00:11:48,666] Trial 56 finished with value: 22.396093368530273 and parameters: {'gradient_clip_val': 0.8202251728851229, 'hidden_size': 131, 'dropout': 0.3055050734303112, 'hidden_continuous_size': 30, 'attention_head_size': 4, 'learning_rate': 0.015878307126202865}. Best is trial 50 with value: 20.978452682495117.
LOCAL_RANK: 0 - CUDA_VISIBLE_DEVICES: [0]
[I 2023-11-30 00:12:02,682] Trial 57 finished with value: 24.691556930541992 and parameters: {'gradient_clip_val': 0.9237283164283079, 'hidden_size': 101, 'dropout': 0.29607368121250144, 'hidden_continuous_size': 38, 'attention_head_size': 3, 'learning_rate': 0.012990409829005699}. Best is trial 50 with value: 20.978452682495117.
LOCAL_RANK: 0 - CUDA_VISIBLE_DEVICES: [0]
[I 2023-11-30 00:12:16,791] Trial 58 finished with value: 23.424177169799805 and parameters: {'gradient_clip_val': 0.7852280386429976, 'hidden_size': 98, 'dropout': 0.34644697325573215, 'hidden_continuous_size': 45, 'attention_head_size': 4, 'learning_rate': 0.03551061672100191}. Best is trial 50 with value: 20.978452682495117.
LOCAL_RANK: 0 - CUDA_VISIBLE_DEVICES: [0]
[I 2023-11-30 00:12:30,948] Trial 59 finished with value: 28.941505432128906 and parameters: {'gradient_clip_val': 0.722644162132254, 'hidden_size': 128, 'dropout': 0.3179567083235003, 'hidden_continuous_size': 26, 'attention_head_size': 4, 'learning_rate': 0.02804591656165455}. Best is trial 50 with value: 20.978452682495117.
LOCAL_RANK: 0 - CUDA_VISIBLE_DEVICES: [0]
