[I 2023-11-30 12:26:46,187] Trial 84 finished with value: 142.2986297607422 and parameters: {'gradient_clip_val': 0.7932091496657213, 'hidden_size': 12, 'dropout': 0.27200990063991404, 'hidden_continuous_size': 10, 'attention_head_size': 3, 'learning_rate': 0.09989617701523625}. Best is trial 11 with value: 134.59573364257812.
LOCAL_RANK: 0 - CUDA_VISIBLE_DEVICES: [0]
[I 2023-11-30 12:26:56,304] Trial 85 finished with value: 258.9752502441406 and parameters: {'gradient_clip_val': 0.8112748483707217, 'hidden_size': 10, 'dropout': 0.2783357584771329, 'hidden_continuous_size': 10, 'attention_head_size': 3, 'learning_rate': 0.07702935881546935}. Best is trial 11 with value: 134.59573364257812.
LOCAL_RANK: 0 - CUDA_VISIBLE_DEVICES: [0]
[I 2023-11-30 12:27:08,361] Trial 86 finished with value: 158.13124084472656 and parameters: {'gradient_clip_val': 0.6752995499265119, 'hidden_size': 11, 'dropout': 0.2733026377291888, 'hidden_continuous_size': 10, 'attention_head_size': 3, 'learning_rate': 0.08519574604824671}. Best is trial 11 with value: 134.59573364257812.
LOCAL_RANK: 0 - CUDA_VISIBLE_DEVICES: [0]
[I 2023-11-30 12:27:20,350] Trial 87 finished with value: 133.15245056152344 and parameters: {'gradient_clip_val': 0.7383576211483334, 'hidden_size': 13, 'dropout': 0.29974147539580737, 'hidden_continuous_size': 10, 'attention_head_size': 3, 'learning_rate': 0.09495269855929397}. Best is trial 87 with value: 133.15245056152344.
LOCAL_RANK: 0 - CUDA_VISIBLE_DEVICES: [0]
[I 2023-11-30 12:27:32,443] Trial 88 finished with value: 154.39120483398438 and parameters: {'gradient_clip_val': 0.7836850630463926, 'hidden_size': 13, 'dropout': 0.2521930765294741, 'hidden_continuous_size': 10, 'attention_head_size': 3, 'learning_rate': 0.09057597485691501}. Best is trial 87 with value: 133.15245056152344.
LOCAL_RANK: 0 - CUDA_VISIBLE_DEVICES: [0]
[I 2023-11-30 12:27:44,496] Trial 89 finished with value: 126.5195083618164 and parameters: {'gradient_clip_val': 0.7482188431972017, 'hidden_size': 14, 'dropout': 0.2993649883024022, 'hidden_continuous_size': 11, 'attention_head_size': 4, 'learning_rate': 0.0998516929355467}. Best is trial 89 with value: 126.5195083618164.
LOCAL_RANK: 0 - CUDA_VISIBLE_DEVICES: [0]
[I 2023-11-30 12:27:56,605] Trial 90 finished with value: 151.2301788330078 and parameters: {'gradient_clip_val': 0.9973029203224452, 'hidden_size': 14, 'dropout': 0.29887876899132754, 'hidden_continuous_size': 11, 'attention_head_size': 4, 'learning_rate': 0.0970760825498713}. Best is trial 89 with value: 126.5195083618164.
LOCAL_RANK: 0 - CUDA_VISIBLE_DEVICES: [0]
[I 2023-11-30 12:28:08,492] Trial 91 finished with value: 158.6546630859375 and parameters: {'gradient_clip_val': 0.7407384037088697, 'hidden_size': 12, 'dropout': 0.2688112847395575, 'hidden_continuous_size': 11, 'attention_head_size': 4, 'learning_rate': 0.0673176139037604}. Best is trial 89 with value: 126.5195083618164.
LOCAL_RANK: 0 - CUDA_VISIBLE_DEVICES: [0]
[I 2023-11-30 12:28:20,533] Trial 92 finished with value: 174.399169921875 and parameters: {'gradient_clip_val': 0.8132425602140302, 'hidden_size': 14, 'dropout': 0.2604743553242371, 'hidden_continuous_size': 11, 'attention_head_size': 4, 'learning_rate': 0.08008375689262705}. Best is trial 89 with value: 126.5195083618164.
LOCAL_RANK: 0 - CUDA_VISIBLE_DEVICES: [0]
[I 2023-11-30 12:28:32,808] Trial 93 finished with value: 148.19993591308594 and parameters: {'gradient_clip_val': 0.7132926641229291, 'hidden_size': 13, 'dropout': 0.3026268391517797, 'hidden_continuous_size': 11, 'attention_head_size': 4, 'learning_rate': 0.08681606295793946}. Best is trial 89 with value: 126.5195083618164.
LOCAL_RANK: 0 - CUDA_VISIBLE_DEVICES: [0]
[I 2023-11-30 12:28:44,900] Trial 94 finished with value: 181.3059539794922 and parameters: {'gradient_clip_val': 0.6554271854257757, 'hidden_size': 15, 'dropout': 0.2801156424235466, 'hidden_continuous_size': 10, 'attention_head_size': 3, 'learning_rate': 0.09876699642988365}. Best is trial 89 with value: 126.5195083618164.
LOCAL_RANK: 0 - CUDA_VISIBLE_DEVICES: [0]
[I 2023-11-30 12:28:55,062] Trial 95 finished with value: 157.89259338378906 and parameters: {'gradient_clip_val': 0.8384061600333529, 'hidden_size': 10, 'dropout': 0.2932742516405584, 'hidden_continuous_size': 10, 'attention_head_size': 3, 'learning_rate': 0.06307493410383799}. Best is trial 89 with value: 126.5195083618164.
LOCAL_RANK: 0 - CUDA_VISIBLE_DEVICES: [0]
[I 2023-11-30 12:29:06,946] Trial 96 finished with value: 165.56199645996094 and parameters: {'gradient_clip_val': 0.7552154897583898, 'hidden_size': 12, 'dropout': 0.2719686928784325, 'hidden_continuous_size': 10, 'attention_head_size': 4, 'learning_rate': 0.07452206625408472}. Best is trial 89 with value: 126.5195083618164.
LOCAL_RANK: 0 - CUDA_VISIBLE_DEVICES: [0]
[I 2023-11-30 12:29:19,166] Trial 97 finished with value: 155.06626892089844 and parameters: {'gradient_clip_val': 0.9534537048788418, 'hidden_size': 13, 'dropout': 0.25883697957009166, 'hidden_continuous_size': 11, 'attention_head_size': 3, 'learning_rate': 0.08287273141992382}. Best is trial 89 with value: 126.5195083618164.
LOCAL_RANK: 0 - CUDA_VISIBLE_DEVICES: [0]
[I 2023-11-30 12:29:31,100] Trial 98 finished with value: 149.19281005859375 and parameters: {'gradient_clip_val': 0.707254971791697, 'hidden_size': 15, 'dropout': 0.2991460494114102, 'hidden_continuous_size': 10, 'attention_head_size': 3, 'learning_rate': 0.0684350951062204}. Best is trial 89 with value: 126.5195083618164.
LOCAL_RANK: 0 - CUDA_VISIBLE_DEVICES: [0]
[I 2023-11-30 12:29:43,232] Trial 99 finished with value: 174.19007873535156 and parameters: {'gradient_clip_val': 0.8804023702686213, 'hidden_size': 16, 'dropout': 0.28051780945439087, 'hidden_continuous_size': 11, 'attention_head_size': 4, 'learning_rate': 0.09819344143000205}. Best is trial 89 with value: 126.5195083618164.
LOCAL_RANK: 0 - CUDA_VISIBLE_DEVICES: [0]
[I 2023-11-30 12:29:54,967] Trial 100 finished with value: 167.4112091064453 and parameters: {'gradient_clip_val': 0.7931538543451465, 'hidden_size': 12, 'dropout': 0.2688518944896199, 'hidden_continuous_size': 10, 'attention_head_size': 3, 'learning_rate': 0.0548257488503369}. Best is trial 89 with value: 126.5195083618164.
LOCAL_RANK: 0 - CUDA_VISIBLE_DEVICES: [0]
[I 2023-11-30 12:30:07,009] Trial 101 finished with value: 175.1436767578125 and parameters: {'gradient_clip_val': 0.8913109462408028, 'hidden_size': 11, 'dropout': 0.2899532826409787, 'hidden_continuous_size': 10, 'attention_head_size': 3, 'learning_rate': 0.07235149672697708}. Best is trial 89 with value: 126.5195083618164.
LOCAL_RANK: 0 - CUDA_VISIBLE_DEVICES: [0]
[I 2023-11-30 12:30:19,151] Trial 102 finished with value: 166.06028747558594 and parameters: {'gradient_clip_val': 0.8483881684304299, 'hidden_size': 11, 'dropout': 0.28640489136361735, 'hidden_continuous_size': 10, 'attention_head_size': 3, 'learning_rate': 0.07971343512092482}. Best is trial 89 with value: 126.5195083618164.
LOCAL_RANK: 0 - CUDA_VISIBLE_DEVICES: [0]
[I 2023-11-30 12:30:29,231] Trial 103 finished with value: 137.50755310058594 and parameters: {'gradient_clip_val': 0.9060179949246288, 'hidden_size': 10, 'dropout': 0.30596075639580805, 'hidden_continuous_size': 10, 'attention_head_size': 3, 'learning_rate': 0.06326461586105277}. Best is trial 89 with value: 126.5195083618164.
LOCAL_RANK: 0 - CUDA_VISIBLE_DEVICES: [0]
[I 2023-11-30 12:30:39,324] Trial 104 finished with value: 188.9717254638672 and parameters: {'gradient_clip_val': 0.9638250259356211, 'hidden_size': 10, 'dropout': 0.30668845422872076, 'hidden_continuous_size': 10, 'attention_head_size': 3, 'learning_rate': 0.08910837086531206}. Best is trial 89 with value: 126.5195083618164.
LOCAL_RANK: 0 - CUDA_VISIBLE_DEVICES: [0]
[I 2023-11-30 12:30:51,439] Trial 105 finished with value: 154.72979736328125 and parameters: {'gradient_clip_val': 0.7385069841110923, 'hidden_size': 14, 'dropout': 0.24965911072142538, 'hidden_continuous_size': 11, 'attention_head_size': 3, 'learning_rate': 0.06300902090893462}. Best is trial 89 with value: 126.5195083618164.
LOCAL_RANK: 0 - CUDA_VISIBLE_DEVICES: [0]
[I 2023-11-30 12:31:03,414] Trial 106 finished with value: 177.06349182128906 and parameters: {'gradient_clip_val': 0.7923420963482226, 'hidden_size': 13, 'dropout': 0.3150627721107922, 'hidden_continuous_size': 10, 'attention_head_size': 3, 'learning_rate': 0.06834470165309457}. Best is trial 89 with value: 126.5195083618164.
LOCAL_RANK: 0 - CUDA_VISIBLE_DEVICES: [0]
[I 2023-11-30 12:31:15,229] Trial 107 finished with value: 146.9494171142578 and parameters: {'gradient_clip_val': 0.9071466507580491, 'hidden_size': 12, 'dropout': 0.2973572388317832, 'hidden_continuous_size': 11, 'attention_head_size': 3, 'learning_rate': 0.05445108208942498}. Best is trial 89 with value: 126.5195083618164.
LOCAL_RANK: 0 - CUDA_VISIBLE_DEVICES: [0]
[I 2023-11-30 12:31:25,432] Trial 108 finished with value: 140.44003295898438 and parameters: {'gradient_clip_val': 0.9145756702959054, 'hidden_size': 10, 'dropout': 0.29904617023295355, 'hidden_continuous_size': 10, 'attention_head_size': 3, 'learning_rate': 0.04235095518112649}. Best is trial 89 with value: 126.5195083618164.
LOCAL_RANK: 0 - CUDA_VISIBLE_DEVICES: [0]
[I 2023-11-30 12:31:35,731] Trial 109 finished with value: 310.4971618652344 and parameters: {'gradient_clip_val': 0.9585712845854288, 'hidden_size': 10, 'dropout': 0.30417504218083696, 'hidden_continuous_size': 10, 'attention_head_size': 4, 'learning_rate': 0.04947243091786065}. Best is trial 89 with value: 126.5195083618164.
LOCAL_RANK: 0 - CUDA_VISIBLE_DEVICES: [0]
[I 2023-11-30 12:31:48,065] Trial 110 finished with value: 164.26133728027344 and parameters: {'gradient_clip_val': 0.8308596782670654, 'hidden_size': 17, 'dropout': 0.30997260683732275, 'hidden_continuous_size': 13, 'attention_head_size': 3, 'learning_rate': 0.08748553428291875}. Best is trial 89 with value: 126.5195083618164.
LOCAL_RANK: 0 - CUDA_VISIBLE_DEVICES: [0]
[I 2023-11-30 12:31:58,045] Trial 111 finished with value: 144.08457946777344 and parameters: {'gradient_clip_val': 0.8968611114370502, 'hidden_size': 11, 'dropout': 0.2963513328703067, 'hidden_continuous_size': 11, 'attention_head_size': 3, 'learning_rate': 0.05379504108711129}. Best is trial 89 with value: 126.5195083618164.
LOCAL_RANK: 0 - CUDA_VISIBLE_DEVICES: [0]
[I 2023-11-30 12:32:08,175] Trial 112 finished with value: 151.81700134277344 and parameters: {'gradient_clip_val': 0.913768652674814, 'hidden_size': 11, 'dropout': 0.30013033157979613, 'hidden_continuous_size': 11, 'attention_head_size': 3, 'learning_rate': 0.04069223759971647}. Best is trial 89 with value: 126.5195083618164.
LOCAL_RANK: 0 - CUDA_VISIBLE_DEVICES: [0]
[I 2023-11-30 12:32:18,243] Trial 113 finished with value: 192.0132293701172 and parameters: {'gradient_clip_val': 0.850944899270709, 'hidden_size': 10, 'dropout': 0.31972722638603873, 'hidden_continuous_size': 10, 'attention_head_size': 3, 'learning_rate': 0.04251537135373045}. Best is trial 89 with value: 126.5195083618164.
LOCAL_RANK: 0 - CUDA_VISIBLE_DEVICES: [0]
[I 2023-11-30 12:32:28,575] Trial 114 finished with value: 153.29884338378906 and parameters: {'gradient_clip_val': 0.9556728378341561, 'hidden_size': 11, 'dropout': 0.2931539358304205, 'hidden_continuous_size': 11, 'attention_head_size': 3, 'learning_rate': 0.06303231559063881}. Best is trial 89 with value: 126.5195083618164.
LOCAL_RANK: 0 - CUDA_VISIBLE_DEVICES: [0]
[I 2023-11-30 12:32:40,613] Trial 115 finished with value: 145.3514404296875 and parameters: {'gradient_clip_val': 0.8052792534959613, 'hidden_size': 13, 'dropout': 0.282395578137819, 'hidden_continuous_size': 11, 'attention_head_size': 3, 'learning_rate': 0.07935019779793556}. Best is trial 89 with value: 126.5195083618164.
LOCAL_RANK: 0 - CUDA_VISIBLE_DEVICES: [0]
[I 2023-11-30 12:32:50,739] Trial 116 finished with value: 170.06903076171875 and parameters: {'gradient_clip_val': 0.8800421261048698, 'hidden_size': 10, 'dropout': 0.25900957986368167, 'hidden_continuous_size': 10, 'attention_head_size': 3, 'learning_rate': 0.05197445993608551}. Best is trial 89 with value: 126.5195083618164.
LOCAL_RANK: 0 - CUDA_VISIBLE_DEVICES: [0]
[I 2023-11-30 12:33:02,821] Trial 117 finished with value: 150.1681671142578 and parameters: {'gradient_clip_val': 0.7720280108470722, 'hidden_size': 14, 'dropout': 0.30668117720375476, 'hidden_continuous_size': 13, 'attention_head_size': 3, 'learning_rate': 0.05838940570130855}. Best is trial 89 with value: 126.5195083618164.
LOCAL_RANK: 0 - CUDA_VISIBLE_DEVICES: [0]
[I 2023-11-30 12:33:14,758] Trial 118 finished with value: 257.9422607421875 and parameters: {'gradient_clip_val': 0.9964896655983227, 'hidden_size': 12, 'dropout': 0.3222739586472432, 'hidden_continuous_size': 11, 'attention_head_size': 4, 'learning_rate': 0.0465009679822111}. Best is trial 89 with value: 126.5195083618164.
LOCAL_RANK: 0 - CUDA_VISIBLE_DEVICES: [0]
[I 2023-11-30 12:33:27,097] Trial 119 finished with value: 153.34217834472656 and parameters: {'gradient_clip_val': 0.9138900923985422, 'hidden_size': 15, 'dropout': 0.29324364852224594, 'hidden_continuous_size': 13, 'attention_head_size': 3, 'learning_rate': 0.0987884454894469}. Best is trial 89 with value: 126.5195083618164.
LOCAL_RANK: 0 - CUDA_VISIBLE_DEVICES: [0]
[I 2023-11-30 12:33:39,117] Trial 120 finished with value: 156.13026428222656 and parameters: {'gradient_clip_val': 0.8222824786993923, 'hidden_size': 13, 'dropout': 0.2682034244269628, 'hidden_continuous_size': 12, 'attention_head_size': 3, 'learning_rate': 0.057886780953770915}. Best is trial 89 with value: 126.5195083618164.
LOCAL_RANK: 0 - CUDA_VISIBLE_DEVICES: [0]
[I 2023-11-30 12:33:51,062] Trial 121 finished with value: 175.48423767089844 and parameters: {'gradient_clip_val': 0.795570811284507, 'hidden_size': 13, 'dropout': 0.2833475449709003, 'hidden_continuous_size': 11, 'attention_head_size': 3, 'learning_rate': 0.07977759053498097}. Best is trial 89 with value: 126.5195083618164.
LOCAL_RANK: 0 - CUDA_VISIBLE_DEVICES: [0]
[I 2023-11-30 12:34:01,208] Trial 122 finished with value: 180.61439514160156 and parameters: {'gradient_clip_val': 0.6898371561999341, 'hidden_size': 11, 'dropout': 0.27757698360538885, 'hidden_continuous_size': 11, 'attention_head_size': 3, 'learning_rate': 0.0761856248212125}. Best is trial 89 with value: 126.5195083618164.
LOCAL_RANK: 0 - CUDA_VISIBLE_DEVICES: [0]
[I 2023-11-30 12:34:12,969] Trial 123 finished with value: 154.84532165527344 and parameters: {'gradient_clip_val': 0.8613314770286498, 'hidden_size': 12, 'dropout': 0.28849182249417965, 'hidden_continuous_size': 11, 'attention_head_size': 3, 'learning_rate': 0.08675983205743255}. Best is trial 89 with value: 126.5195083618164.
LOCAL_RANK: 0 - CUDA_VISIBLE_DEVICES: [0]
[I 2023-11-30 12:34:23,182] Trial 124 finished with value: 146.6095428466797 and parameters: {'gradient_clip_val': 0.9260271957422923, 'hidden_size': 10, 'dropout': 0.2633758350739944, 'hidden_continuous_size': 10, 'attention_head_size': 3, 'learning_rate': 0.06714641212272998}. Best is trial 89 with value: 126.5195083618164.
LOCAL_RANK: 0 - CUDA_VISIBLE_DEVICES: [0]
[I 2023-11-30 12:34:35,189] Trial 125 finished with value: 169.240478515625 and parameters: {'gradient_clip_val': 0.828360618300084, 'hidden_size': 14, 'dropout': 0.29965111616114765, 'hidden_continuous_size': 12, 'attention_head_size': 3, 'learning_rate': 0.0925138572005849}. Best is trial 89 with value: 126.5195083618164.
LOCAL_RANK: 0 - CUDA_VISIBLE_DEVICES: [0]
[I 2023-11-30 12:34:45,376] Trial 126 finished with value: 149.8677520751953 and parameters: {'gradient_clip_val': 0.7646955252043053, 'hidden_size': 11, 'dropout': 0.3118462636964833, 'hidden_continuous_size': 11, 'attention_head_size': 3, 'learning_rate': 0.041590762128301706}. Best is trial 89 with value: 126.5195083618164.
LOCAL_RANK: 0 - CUDA_VISIBLE_DEVICES: [0]
[I 2023-11-30 12:34:57,467] Trial 127 finished with value: 140.74566650390625 and parameters: {'gradient_clip_val': 0.8868134091045662, 'hidden_size': 13, 'dropout': 0.2829777719768254, 'hidden_continuous_size': 11, 'attention_head_size': 3, 'learning_rate': 0.0786027541286661}. Best is trial 89 with value: 126.5195083618164.
LOCAL_RANK: 0 - CUDA_VISIBLE_DEVICES: [0]
[I 2023-11-30 12:35:09,269] Trial 128 finished with value: 166.0242156982422 and parameters: {'gradient_clip_val': 0.8971969092779212, 'hidden_size': 12, 'dropout': 0.27360021682035945, 'hidden_continuous_size': 11, 'attention_head_size': 3, 'learning_rate': 0.05138054989276745}. Best is trial 89 with value: 126.5195083618164.
LOCAL_RANK: 0 - CUDA_VISIBLE_DEVICES: [0]
[I 2023-11-30 12:35:21,228] Trial 129 finished with value: 175.56236267089844 and parameters: {'gradient_clip_val': 0.9411014359019163, 'hidden_size': 16, 'dropout': 0.24401160571372205, 'hidden_continuous_size': 13, 'attention_head_size': 3, 'learning_rate': 0.06197986832745749}. Best is trial 89 with value: 126.5195083618164.
LOCAL_RANK: 0 - CUDA_VISIBLE_DEVICES: [0]
[I 2023-11-30 12:35:33,618] Trial 130 finished with value: 186.1573944091797 and parameters: {'gradient_clip_val': 0.8554027102214408, 'hidden_size': 17, 'dropout': 0.30396702140234966, 'hidden_continuous_size': 14, 'attention_head_size': 3, 'learning_rate': 0.09951159205885506}. Best is trial 89 with value: 126.5195083618164.
LOCAL_RANK: 0 - CUDA_VISIBLE_DEVICES: [0]
[I 2023-11-30 12:35:45,656] Trial 131 finished with value: 129.8816375732422 and parameters: {'gradient_clip_val': 0.8051202987438881, 'hidden_size': 13, 'dropout': 0.28333187830440487, 'hidden_continuous_size': 11, 'attention_head_size': 3, 'learning_rate': 0.08096535981112181}. Best is trial 89 with value: 126.5195083618164.
LOCAL_RANK: 0 - CUDA_VISIBLE_DEVICES: [0]
[I 2023-11-30 12:35:57,680] Trial 132 finished with value: 191.98211669921875 and parameters: {'gradient_clip_val': 0.8768859135394627, 'hidden_size': 14, 'dropout': 0.290512402115123, 'hidden_continuous_size': 11, 'attention_head_size': 3, 'learning_rate': 0.08180743074729441}. Best is trial 89 with value: 126.5195083618164.
LOCAL_RANK: 0 - CUDA_VISIBLE_DEVICES: [0]
[I 2023-11-30 12:36:09,772] Trial 133 finished with value: 143.41282653808594 and parameters: {'gradient_clip_val': 0.7242126040404261, 'hidden_size': 15, 'dropout': 0.28327969751140947, 'hidden_continuous_size': 10, 'attention_head_size': 3, 'learning_rate': 0.07180729688317213}. Best is trial 89 with value: 126.5195083618164.
LOCAL_RANK: 0 - CUDA_VISIBLE_DEVICES: [0]
[I 2023-11-30 12:36:22,145] Trial 134 finished with value: 189.89671325683594 and parameters: {'gradient_clip_val': 0.6573543583574991, 'hidden_size': 18, 'dropout': 0.28388236818250345, 'hidden_continuous_size': 16, 'attention_head_size': 3, 'learning_rate': 0.07444560107826903}. Best is trial 89 with value: 126.5195083618164.
LOCAL_RANK: 0 - CUDA_VISIBLE_DEVICES: [0]
[I 2023-11-30 12:36:34,225] Trial 135 finished with value: 152.6517333984375 and parameters: {'gradient_clip_val': 0.7259776996869846, 'hidden_size': 15, 'dropout': 0.29599032403469216, 'hidden_continuous_size': 10, 'attention_head_size': 3, 'learning_rate': 0.08758353336885114}. Best is trial 89 with value: 126.5195083618164.
LOCAL_RANK: 0 - CUDA_VISIBLE_DEVICES: [0]
[I 2023-11-30 12:36:47,069] Trial 136 finished with value: 174.669677734375 and parameters: {'gradient_clip_val': 0.7773075740278192, 'hidden_size': 49, 'dropout': 0.27809578813173125, 'hidden_continuous_size': 12, 'attention_head_size': 3, 'learning_rate': 0.07077195419627974}. Best is trial 89 with value: 126.5195083618164.
LOCAL_RANK: 0 - CUDA_VISIBLE_DEVICES: [0]
[I 2023-11-30 12:36:59,074] Trial 137 finished with value: 163.7535400390625 and parameters: {'gradient_clip_val': 0.6966888875227464, 'hidden_size': 15, 'dropout': 0.27064695518240756, 'hidden_continuous_size': 10, 'attention_head_size': 3, 'learning_rate': 0.06593257259864072}. Best is trial 89 with value: 126.5195083618164.
LOCAL_RANK: 0 - CUDA_VISIBLE_DEVICES: [0]
[I 2023-11-30 12:37:11,029] Trial 138 finished with value: 148.21449279785156 and parameters: {'gradient_clip_val': 0.7374470616804529, 'hidden_size': 12, 'dropout': 0.28937273353650445, 'hidden_continuous_size': 10, 'attention_head_size': 4, 'learning_rate': 0.09201241834333013}. Best is trial 89 with value: 126.5195083618164.
LOCAL_RANK: 0 - CUDA_VISIBLE_DEVICES: [0]
[I 2023-11-30 12:37:23,322] Trial 139 finished with value: 132.9513397216797 and parameters: {'gradient_clip_val': 0.9986141441374767, 'hidden_size': 11, 'dropout': 0.29710698951794967, 'hidden_continuous_size': 10, 'attention_head_size': 3, 'learning_rate': 0.05600135491266519}. Best is trial 89 with value: 126.5195083618164.
LOCAL_RANK: 0 - CUDA_VISIBLE_DEVICES: [0]
[I 2023-11-30 12:37:35,469] Trial 140 finished with value: 181.0995330810547 and parameters: {'gradient_clip_val': 0.9952416633418435, 'hidden_size': 14, 'dropout': 0.2773158521286276, 'hidden_continuous_size': 10, 'attention_head_size': 3, 'learning_rate': 0.034822531040781854}. Best is trial 89 with value: 126.5195083618164.
LOCAL_RANK: 0 - CUDA_VISIBLE_DEVICES: [0]
[I 2023-11-30 12:37:47,540] Trial 141 finished with value: 155.8019256591797 and parameters: {'gradient_clip_val': 0.8336509710749826, 'hidden_size': 11, 'dropout': 0.30155237247387773, 'hidden_continuous_size': 10, 'attention_head_size': 3, 'learning_rate': 0.05697154119490113}. Best is trial 89 with value: 126.5195083618164.
LOCAL_RANK: 0 - CUDA_VISIBLE_DEVICES: [0]
[I 2023-11-30 12:37:57,720] Trial 142 finished with value: 273.0263366699219 and parameters: {'gradient_clip_val': 0.947024308225401, 'hidden_size': 10, 'dropout': 0.2946492906669004, 'hidden_continuous_size': 10, 'attention_head_size': 3, 'learning_rate': 0.046148807565888544}. Best is trial 89 with value: 126.5195083618164.
LOCAL_RANK: 0 - CUDA_VISIBLE_DEVICES: [0]
