[I 2023-11-30 00:39:23,410] Trial 26 finished with value: 3.490002393722534 and parameters: {'gradient_clip_val': 0.4499188010840169, 'hidden_size': 121, 'dropout': 0.19402643917535922, 'hidden_continuous_size': 23, 'attention_head_size': 2, 'learning_rate': 0.01483579202376714}. Best is trial 4 with value: 3.036879301071167.
LOCAL_RANK: 0 - CUDA_VISIBLE_DEVICES: [0]
[I 2023-11-30 00:39:36,667] Trial 27 finished with value: 4.614871501922607 and parameters: {'gradient_clip_val': 0.34639893864252974, 'hidden_size': 64, 'dropout': 0.16411797984569762, 'hidden_continuous_size': 20, 'attention_head_size': 3, 'learning_rate': 0.006246940911202079}. Best is trial 4 with value: 3.036879301071167.
LOCAL_RANK: 0 - CUDA_VISIBLE_DEVICES: [0]
[I 2023-11-30 00:39:51,020] Trial 28 finished with value: 3.2212345600128174 and parameters: {'gradient_clip_val': 0.4727946171984073, 'hidden_size': 124, 'dropout': 0.10251524438728891, 'hidden_continuous_size': 69, 'attention_head_size': 4, 'learning_rate': 0.007457666451984862}. Best is trial 4 with value: 3.036879301071167.
LOCAL_RANK: 0 - CUDA_VISIBLE_DEVICES: [0]
[I 2023-11-30 00:40:04,656] Trial 29 finished with value: 4.141895771026611 and parameters: {'gradient_clip_val': 0.7584045010632038, 'hidden_size': 82, 'dropout': 0.15902546499513068, 'hidden_continuous_size': 31, 'attention_head_size': 4, 'learning_rate': 0.011869851200782294}. Best is trial 4 with value: 3.036879301071167.
LOCAL_RANK: 0 - CUDA_VISIBLE_DEVICES: [0]
[I 2023-11-30 00:40:18,092] Trial 30 finished with value: 3.1555697917938232 and parameters: {'gradient_clip_val': 0.5977369300576648, 'hidden_size': 71, 'dropout': 0.141160072466298, 'hidden_continuous_size': 28, 'attention_head_size': 3, 'learning_rate': 0.021651036060101256}. Best is trial 4 with value: 3.036879301071167.
LOCAL_RANK: 0 - CUDA_VISIBLE_DEVICES: [0]
[I 2023-11-30 00:40:31,525] Trial 31 finished with value: 3.30718994140625 and parameters: {'gradient_clip_val': 0.5771739185109472, 'hidden_size': 71, 'dropout': 0.14158033265793346, 'hidden_continuous_size': 26, 'attention_head_size': 3, 'learning_rate': 0.022189557088165793}. Best is trial 4 with value: 3.036879301071167.
LOCAL_RANK: 0 - CUDA_VISIBLE_DEVICES: [0]
[I 2023-11-30 00:40:45,175] Trial 32 finished with value: 3.2130367755889893 and parameters: {'gradient_clip_val': 0.640474049844972, 'hidden_size': 93, 'dropout': 0.11699022828044474, 'hidden_continuous_size': 29, 'attention_head_size': 3, 'learning_rate': 0.01670607443140339}. Best is trial 4 with value: 3.036879301071167.
LOCAL_RANK: 0 - CUDA_VISIBLE_DEVICES: [0]
[I 2023-11-30 00:40:58,107] Trial 33 finished with value: 3.261631727218628 and parameters: {'gradient_clip_val': 0.5124524498640574, 'hidden_size': 49, 'dropout': 0.12828665214246007, 'hidden_continuous_size': 22, 'attention_head_size': 2, 'learning_rate': 0.03345454871001814}. Best is trial 4 with value: 3.036879301071167.
LOCAL_RANK: 0 - CUDA_VISIBLE_DEVICES: [0]
[I 2023-11-30 00:41:11,812] Trial 34 finished with value: 3.556905746459961 and parameters: {'gradient_clip_val': 0.8213409514192743, 'hidden_size': 84, 'dropout': 0.14658852281386356, 'hidden_continuous_size': 26, 'attention_head_size': 3, 'learning_rate': 0.01921197701458377}. Best is trial 4 with value: 3.036879301071167.
LOCAL_RANK: 0 - CUDA_VISIBLE_DEVICES: [0]
[I 2023-11-30 00:41:24,996] Trial 35 finished with value: 3.7701327800750732 and parameters: {'gradient_clip_val': 0.9030141095666385, 'hidden_size': 61, 'dropout': 0.21655710702641315, 'hidden_continuous_size': 16, 'attention_head_size': 4, 'learning_rate': 0.052619410001624595}. Best is trial 4 with value: 3.036879301071167.
LOCAL_RANK: 0 - CUDA_VISIBLE_DEVICES: [0]
[I 2023-11-30 00:41:38,286] Trial 36 finished with value: 3.5929088592529297 and parameters: {'gradient_clip_val': 0.6149169414774137, 'hidden_size': 76, 'dropout': 0.12218160661929012, 'hidden_continuous_size': 18, 'attention_head_size': 2, 'learning_rate': 0.031253485684230635}. Best is trial 4 with value: 3.036879301071167.
LOCAL_RANK: 0 - CUDA_VISIBLE_DEVICES: [0]
[I 2023-11-30 00:41:51,142] Trial 37 finished with value: 3.005254030227661 and parameters: {'gradient_clip_val': 0.7817060678722171, 'hidden_size': 46, 'dropout': 0.14690543510991833, 'hidden_continuous_size': 21, 'attention_head_size': 3, 'learning_rate': 0.02171256967737395}. Best is trial 37 with value: 3.005254030227661.
LOCAL_RANK: 0 - CUDA_VISIBLE_DEVICES: [0]
[I 2023-11-30 00:42:03,926] Trial 38 finished with value: 4.2262115478515625 and parameters: {'gradient_clip_val': 0.9419569871260485, 'hidden_size': 38, 'dropout': 0.15616846267252146, 'hidden_continuous_size': 20, 'attention_head_size': 2, 'learning_rate': 0.012112648517274708}. Best is trial 37 with value: 3.005254030227661.
LOCAL_RANK: 0 - CUDA_VISIBLE_DEVICES: [0]
[I 2023-11-30 00:42:17,026] Trial 39 finished with value: 3.1486523151397705 and parameters: {'gradient_clip_val': 0.9951825785817237, 'hidden_size': 42, 'dropout': 0.19370386953416882, 'hidden_continuous_size': 19, 'attention_head_size': 4, 'learning_rate': 0.03354459302578086}. Best is trial 37 with value: 3.005254030227661.
LOCAL_RANK: 0 - CUDA_VISIBLE_DEVICES: [0]
[I 2023-11-30 00:42:29,974] Trial 40 finished with value: 4.1453537940979 and parameters: {'gradient_clip_val': 0.7261329251451698, 'hidden_size': 57, 'dropout': 0.12760466472394938, 'hidden_continuous_size': 13, 'attention_head_size': 2, 'learning_rate': 0.015220442279355331}. Best is trial 37 with value: 3.005254030227661.
LOCAL_RANK: 0 - CUDA_VISIBLE_DEVICES: [0]
[I 2023-11-30 00:42:42,763] Trial 41 finished with value: 3.166193723678589 and parameters: {'gradient_clip_val': 0.7855107725191425, 'hidden_size': 44, 'dropout': 0.1707036041186879, 'hidden_continuous_size': 19, 'attention_head_size': 4, 'learning_rate': 0.03780961979550677}. Best is trial 37 with value: 3.005254030227661.
LOCAL_RANK: 0 - CUDA_VISIBLE_DEVICES: [0]
[I 2023-11-30 00:42:55,564] Trial 42 finished with value: 4.009790897369385 and parameters: {'gradient_clip_val': 0.9659042823006816, 'hidden_size': 43, 'dropout': 0.19550968525413082, 'hidden_continuous_size': 16, 'attention_head_size': 4, 'learning_rate': 0.026529246816060347}. Best is trial 37 with value: 3.005254030227661.
LOCAL_RANK: 0 - CUDA_VISIBLE_DEVICES: [0]
[I 2023-11-30 00:43:08,320] Trial 43 finished with value: 3.573118209838867 and parameters: {'gradient_clip_val': 0.8229986754017671, 'hidden_size': 29, 'dropout': 0.21189168033975556, 'hidden_continuous_size': 17, 'attention_head_size': 4, 'learning_rate': 0.04619314371556802}. Best is trial 37 with value: 3.005254030227661.
LOCAL_RANK: 0 - CUDA_VISIBLE_DEVICES: [0]
[I 2023-11-30 00:43:21,202] Trial 44 finished with value: 3.646840810775757 and parameters: {'gradient_clip_val': 0.950441666302673, 'hidden_size': 33, 'dropout': 0.1496121849594007, 'hidden_continuous_size': 20, 'attention_head_size': 4, 'learning_rate': 0.02973217247941523}. Best is trial 37 with value: 3.005254030227661.
LOCAL_RANK: 0 - CUDA_VISIBLE_DEVICES: [0]
[I 2023-11-30 00:43:34,184] Trial 45 finished with value: 3.6365280151367188 and parameters: {'gradient_clip_val': 0.6791233078271252, 'hidden_size': 51, 'dropout': 0.1893233197725126, 'hidden_continuous_size': 21, 'attention_head_size': 3, 'learning_rate': 0.02204098112413562}. Best is trial 37 with value: 3.005254030227661.
LOCAL_RANK: 0 - CUDA_VISIBLE_DEVICES: [0]
[I 2023-11-30 00:43:47,331] Trial 46 finished with value: 3.6083457469940186 and parameters: {'gradient_clip_val': 0.9985959924315511, 'hidden_size': 57, 'dropout': 0.17154731525636274, 'hidden_continuous_size': 23, 'attention_head_size': 4, 'learning_rate': 0.05905387852926353}. Best is trial 37 with value: 3.005254030227661.
LOCAL_RANK: 0 - CUDA_VISIBLE_DEVICES: [0]
[I 2023-11-30 00:43:59,859] Trial 47 finished with value: 2.976468324661255 and parameters: {'gradient_clip_val': 0.779979198792451, 'hidden_size': 44, 'dropout': 0.23269396719322843, 'hidden_continuous_size': 19, 'attention_head_size': 3, 'learning_rate': 0.03647031553189465}. Best is trial 47 with value: 2.976468324661255.
LOCAL_RANK: 0 - CUDA_VISIBLE_DEVICES: [0]
[I 2023-11-30 00:44:13,107] Trial 48 finished with value: 3.7353515625 and parameters: {'gradient_clip_val': 0.42030136149816094, 'hidden_size': 67, 'dropout': 0.22419495194425335, 'hidden_continuous_size': 14, 'attention_head_size': 3, 'learning_rate': 0.07158503971552169}. Best is trial 47 with value: 2.976468324661255.
LOCAL_RANK: 0 - CUDA_VISIBLE_DEVICES: [0]
[I 2023-11-30 00:44:25,432] Trial 49 finished with value: 4.794270992279053 and parameters: {'gradient_clip_val': 0.7335783325392509, 'hidden_size': 25, 'dropout': 0.24206476257404114, 'hidden_continuous_size': 15, 'attention_head_size': 3, 'learning_rate': 0.018106159003737972}. Best is trial 47 with value: 2.976468324661255.
LOCAL_RANK: 0 - CUDA_VISIBLE_DEVICES: [0]
[I 2023-11-30 00:44:38,304] Trial 50 finished with value: 6.616401672363281 and parameters: {'gradient_clip_val': 0.5123810943507842, 'hidden_size': 47, 'dropout': 0.20750642354505125, 'hidden_continuous_size': 21, 'attention_head_size': 2, 'learning_rate': 0.003680413914497074}. Best is trial 47 with value: 2.976468324661255.
LOCAL_RANK: 0 - CUDA_VISIBLE_DEVICES: [0]
[I 2023-11-30 00:44:50,953] Trial 51 finished with value: 3.0433051586151123 and parameters: {'gradient_clip_val': 0.8346210560265269, 'hidden_size': 40, 'dropout': 0.25836040434563884, 'hidden_continuous_size': 19, 'attention_head_size': 3, 'learning_rate': 0.03534539587557663}. Best is trial 47 with value: 2.976468324661255.
LOCAL_RANK: 0 - CUDA_VISIBLE_DEVICES: [0]
[I 2023-11-30 00:45:03,865] Trial 52 finished with value: 4.348368167877197 and parameters: {'gradient_clip_val': 0.6706734674069549, 'hidden_size': 41, 'dropout': 0.25692102440722175, 'hidden_continuous_size': 18, 'attention_head_size': 3, 'learning_rate': 0.02590630340221108}. Best is trial 47 with value: 2.976468324661255.
LOCAL_RANK: 0 - CUDA_VISIBLE_DEVICES: [0]
[I 2023-11-30 00:45:16,959] Trial 53 finished with value: 3.4628334045410156 and parameters: {'gradient_clip_val': 0.8474080869993831, 'hidden_size': 54, 'dropout': 0.28615800507989675, 'hidden_continuous_size': 19, 'attention_head_size': 3, 'learning_rate': 0.0429141686800066}. Best is trial 47 with value: 2.976468324661255.
LOCAL_RANK: 0 - CUDA_VISIBLE_DEVICES: [0]
[I 2023-11-30 00:45:29,881] Trial 54 finished with value: 4.23115873336792 and parameters: {'gradient_clip_val': 0.5698289918480267, 'hidden_size': 35, 'dropout': 0.26627671153794663, 'hidden_continuous_size': 17, 'attention_head_size': 3, 'learning_rate': 0.028851796667038306}. Best is trial 47 with value: 2.976468324661255.
LOCAL_RANK: 0 - CUDA_VISIBLE_DEVICES: [0]
[I 2023-11-30 00:45:42,489] Trial 55 finished with value: 4.023651123046875 and parameters: {'gradient_clip_val': 0.7073829177961151, 'hidden_size': 38, 'dropout': 0.23977489054419793, 'hidden_continuous_size': 22, 'attention_head_size': 1, 'learning_rate': 0.037648910359805214}. Best is trial 47 with value: 2.976468324661255.
LOCAL_RANK: 0 - CUDA_VISIBLE_DEVICES: [0]
[I 2023-11-30 00:45:56,370] Trial 56 finished with value: 3.728210687637329 and parameters: {'gradient_clip_val': 0.7792278825544912, 'hidden_size': 113, 'dropout': 0.11479985248850784, 'hidden_continuous_size': 26, 'attention_head_size': 3, 'learning_rate': 0.023222894066239806}. Best is trial 47 with value: 2.976468324661255.
LOCAL_RANK: 0 - CUDA_VISIBLE_DEVICES: [0]
[I 2023-11-30 00:46:10,057] Trial 57 finished with value: 3.604201078414917 and parameters: {'gradient_clip_val': 0.6307271023663005, 'hidden_size': 95, 'dropout': 0.2348184957605984, 'hidden_continuous_size': 24, 'attention_head_size': 3, 'learning_rate': 0.010557661465579994}. Best is trial 47 with value: 2.976468324661255.
LOCAL_RANK: 0 - CUDA_VISIBLE_DEVICES: [0]
[I 2023-11-30 00:46:24,238] Trial 58 finished with value: 2.92346453666687 and parameters: {'gradient_clip_val': 0.8701896427174731, 'hidden_size': 138, 'dropout': 0.13636610473020666, 'hidden_continuous_size': 12, 'attention_head_size': 2, 'learning_rate': 0.019628927503004403}. Best is trial 58 with value: 2.92346453666687.
LOCAL_RANK: 0 - CUDA_VISIBLE_DEVICES: [0]
[I 2023-11-30 00:46:38,393] Trial 59 finished with value: 5.345886707305908 and parameters: {'gradient_clip_val': 0.8870954070496172, 'hidden_size': 137, 'dropout': 0.18232500695054646, 'hidden_continuous_size': 12, 'attention_head_size': 2, 'learning_rate': 0.013689045697571688}. Best is trial 58 with value: 2.92346453666687.
LOCAL_RANK: 0 - CUDA_VISIBLE_DEVICES: [0]
[I 2023-11-30 00:46:51,758] Trial 60 finished with value: 3.499495506286621 and parameters: {'gradient_clip_val': 0.7817499375422864, 'hidden_size': 108, 'dropout': 0.13502301846099418, 'hidden_continuous_size': 11, 'attention_head_size': 2, 'learning_rate': 0.015677793328197916}. Best is trial 58 with value: 2.92346453666687.
LOCAL_RANK: 0 - CUDA_VISIBLE_DEVICES: [0]
[I 2023-11-30 00:47:05,623] Trial 61 finished with value: 4.353570461273193 and parameters: {'gradient_clip_val': 0.8334003926273262, 'hidden_size': 136, 'dropout': 0.117239671956229, 'hidden_continuous_size': 15, 'attention_head_size': 2, 'learning_rate': 0.01873108183095138}. Best is trial 58 with value: 2.92346453666687.
LOCAL_RANK: 0 - CUDA_VISIBLE_DEVICES: [0]
[I 2023-11-30 00:47:19,116] Trial 62 finished with value: 3.718907594680786 and parameters: {'gradient_clip_val': 0.7136775212076016, 'hidden_size': 116, 'dropout': 0.1103493048108782, 'hidden_continuous_size': 14, 'attention_head_size': 1, 'learning_rate': 0.026966732916563693}. Best is trial 58 with value: 2.92346453666687.
LOCAL_RANK: 0 - CUDA_VISIBLE_DEVICES: [0]
[I 2023-11-30 00:47:33,322] Trial 63 finished with value: 3.3011348247528076 and parameters: {'gradient_clip_val': 0.5322932154436888, 'hidden_size': 133, 'dropout': 0.1341095464969243, 'hidden_continuous_size': 32, 'attention_head_size': 3, 'learning_rate': 0.008348881267036527}. Best is trial 58 with value: 2.92346453666687.
LOCAL_RANK: 0 - CUDA_VISIBLE_DEVICES: [0]
[I 2023-11-30 00:47:46,793] Trial 64 finished with value: 3.862689256668091 and parameters: {'gradient_clip_val': 0.6442869614716071, 'hidden_size': 98, 'dropout': 0.1530600786111081, 'hidden_continuous_size': 10, 'attention_head_size': 2, 'learning_rate': 0.021368314303217034}. Best is trial 58 with value: 2.92346453666687.
LOCAL_RANK: 0 - CUDA_VISIBLE_DEVICES: [0]
[I 2023-11-30 00:48:00,820] Trial 65 finished with value: 4.260985851287842 and parameters: {'gradient_clip_val': 0.4528591037115166, 'hidden_size': 122, 'dropout': 0.1029866386476972, 'hidden_continuous_size': 25, 'attention_head_size': 3, 'learning_rate': 0.03226237922679879}. Best is trial 58 with value: 2.92346453666687.
LOCAL_RANK: 0 - CUDA_VISIBLE_DEVICES: [0]
[I 2023-11-30 00:48:15,015] Trial 66 finished with value: 3.263263702392578 and parameters: {'gradient_clip_val': 0.8884207874053732, 'hidden_size': 150, 'dropout': 0.14750605488844296, 'hidden_continuous_size': 12, 'attention_head_size': 3, 'learning_rate': 0.01958805476192014}. Best is trial 58 with value: 2.92346453666687.
LOCAL_RANK: 0 - CUDA_VISIBLE_DEVICES: [0]
[I 2023-11-30 00:48:27,658] Trial 67 finished with value: 3.133747100830078 and parameters: {'gradient_clip_val': 0.3965232792216331, 'hidden_size': 48, 'dropout': 0.16321819609004246, 'hidden_continuous_size': 22, 'attention_head_size': 2, 'learning_rate': 0.024672377488156753}. Best is trial 58 with value: 2.92346453666687.
LOCAL_RANK: 0 - CUDA_VISIBLE_DEVICES: [0]
[I 2023-11-30 00:48:40,660] Trial 68 finished with value: 3.522033452987671 and parameters: {'gradient_clip_val': 0.3952459257656358, 'hidden_size': 54, 'dropout': 0.16367824783885732, 'hidden_continuous_size': 22, 'attention_head_size': 2, 'learning_rate': 0.024965274799349926}. Best is trial 58 with value: 2.92346453666687.
LOCAL_RANK: 0 - CUDA_VISIBLE_DEVICES: [0]
[I 2023-11-30 00:48:53,757] Trial 69 finished with value: 3.159640073776245 and parameters: {'gradient_clip_val': 0.37560905075714146, 'hidden_size': 47, 'dropout': 0.2011925084494259, 'hidden_continuous_size': 20, 'attention_head_size': 2, 'learning_rate': 0.044830770096873994}. Best is trial 58 with value: 2.92346453666687.
LOCAL_RANK: 0 - CUDA_VISIBLE_DEVICES: [0]
[I 2023-11-30 00:49:06,987] Trial 70 finished with value: 3.235529661178589 and parameters: {'gradient_clip_val': 0.3112213773628355, 'hidden_size': 63, 'dropout': 0.2235311040833899, 'hidden_continuous_size': 24, 'attention_head_size': 2, 'learning_rate': 0.03513282826180845}. Best is trial 58 with value: 2.92346453666687.
LOCAL_RANK: 0 - CUDA_VISIBLE_DEVICES: [0]
[I 2023-11-30 00:49:20,775] Trial 71 finished with value: 3.3201913833618164 and parameters: {'gradient_clip_val': 0.5515144763551585, 'hidden_size': 105, 'dropout': 0.1390466923000648, 'hidden_continuous_size': 28, 'attention_head_size': 2, 'learning_rate': 0.015320979563197015}. Best is trial 58 with value: 2.92346453666687.
LOCAL_RANK: 0 - CUDA_VISIBLE_DEVICES: [0]
[I 2023-11-30 00:49:34,105] Trial 72 finished with value: 3.385721206665039 and parameters: {'gradient_clip_val': 0.490862728435312, 'hidden_size': 88, 'dropout': 0.1284046873814738, 'hidden_continuous_size': 18, 'attention_head_size': 2, 'learning_rate': 0.029860588530806587}. Best is trial 58 with value: 2.92346453666687.
LOCAL_RANK: 0 - CUDA_VISIBLE_DEVICES: [0]
[I 2023-11-30 00:49:48,122] Trial 73 finished with value: 3.8446691036224365 and parameters: {'gradient_clip_val': 0.7639348257644789, 'hidden_size': 129, 'dropout': 0.1542376912368021, 'hidden_continuous_size': 16, 'attention_head_size': 3, 'learning_rate': 0.01727865111403906}. Best is trial 58 with value: 2.92346453666687.
LOCAL_RANK: 0 - CUDA_VISIBLE_DEVICES: [0]
[I 2023-11-30 00:50:01,628] Trial 74 finished with value: 4.237514972686768 and parameters: {'gradient_clip_val': 0.5989042074147006, 'hidden_size': 80, 'dropout': 0.11992221393353047, 'hidden_continuous_size': 21, 'attention_head_size': 1, 'learning_rate': 0.023472735169040884}. Best is trial 58 with value: 2.92346453666687.
LOCAL_RANK: 0 - CUDA_VISIBLE_DEVICES: [0]
[I 2023-11-30 00:50:15,570] Trial 75 finished with value: 3.0988311767578125 and parameters: {'gradient_clip_val': 0.4527007098179686, 'hidden_size': 114, 'dropout': 0.16839941678399614, 'hidden_continuous_size': 37, 'attention_head_size': 2, 'learning_rate': 0.020520793453631274}. Best is trial 58 with value: 2.92346453666687.
LOCAL_RANK: 0 - CUDA_VISIBLE_DEVICES: [0]
[I 2023-11-30 00:50:28,489] Trial 76 finished with value: 3.2204086780548096 and parameters: {'gradient_clip_val': 0.44383155986261036, 'hidden_size': 50, 'dropout': 0.18263957686894894, 'hidden_continuous_size': 23, 'attention_head_size': 2, 'learning_rate': 0.02001598632118451}. Best is trial 58 with value: 2.92346453666687.
LOCAL_RANK: 0 - CUDA_VISIBLE_DEVICES: [0]
[I 2023-11-30 00:50:41,284] Trial 77 finished with value: 4.055784702301025 and parameters: {'gradient_clip_val': 0.41495895527306076, 'hidden_size': 45, 'dropout': 0.1638783946675646, 'hidden_continuous_size': 19, 'attention_head_size': 2, 'learning_rate': 0.025431267904806622}. Best is trial 58 with value: 2.92346453666687.
LOCAL_RANK: 0 - CUDA_VISIBLE_DEVICES: [0]
[I 2023-11-30 00:50:53,933] Trial 78 finished with value: 3.899601697921753 and parameters: {'gradient_clip_val': 0.48544782753885096, 'hidden_size': 40, 'dropout': 0.1703101449887143, 'hidden_continuous_size': 19, 'attention_head_size': 2, 'learning_rate': 0.0300994086375936}. Best is trial 58 with value: 2.92346453666687.
LOCAL_RANK: 0 - CUDA_VISIBLE_DEVICES: [0]
[I 2023-11-30 00:51:06,763] Trial 79 finished with value: 4.107635974884033 and parameters: {'gradient_clip_val': 0.35177954766802066, 'hidden_size': 35, 'dropout': 0.148027477913121, 'hidden_continuous_size': 20, 'attention_head_size': 2, 'learning_rate': 0.012689720131850974}. Best is trial 58 with value: 2.92346453666687.
LOCAL_RANK: 0 - CUDA_VISIBLE_DEVICES: [0]
[I 2023-11-30 00:51:20,505] Trial 80 finished with value: 3.6549549102783203 and parameters: {'gradient_clip_val': 0.4620619000296231, 'hidden_size': 113, 'dropout': 0.15730998894017828, 'hidden_continuous_size': 27, 'attention_head_size': 2, 'learning_rate': 0.014284654017427846}. Best is trial 58 with value: 2.92346453666687.
LOCAL_RANK: 0 - CUDA_VISIBLE_DEVICES: [0]
[I 2023-11-30 00:51:34,400] Trial 81 finished with value: 3.622678756713867 and parameters: {'gradient_clip_val': 0.6807735841878484, 'hidden_size': 101, 'dropout': 0.13626475899200052, 'hidden_continuous_size': 37, 'attention_head_size': 3, 'learning_rate': 0.01715089922369395}. Best is trial 58 with value: 2.92346453666687.
LOCAL_RANK: 0 - CUDA_VISIBLE_DEVICES: [0]
[I 2023-11-30 00:51:48,597] Trial 82 finished with value: 3.7466719150543213 and parameters: {'gradient_clip_val': 0.42669047312094166, 'hidden_size': 142, 'dropout': 0.14373154339673436, 'hidden_continuous_size': 33, 'attention_head_size': 3, 'learning_rate': 0.019998128015205983}. Best is trial 58 with value: 2.92346453666687.
LOCAL_RANK: 0 - CUDA_VISIBLE_DEVICES: [0]
[I 2023-11-30 00:52:02,617] Trial 83 finished with value: 3.5397517681121826 and parameters: {'gradient_clip_val': 0.9036356856088026, 'hidden_size': 118, 'dropout': 0.11031930665824491, 'hidden_continuous_size': 35, 'attention_head_size': 3, 'learning_rate': 0.024015973217798466}. Best is trial 58 with value: 2.92346453666687.
LOCAL_RANK: 0 - CUDA_VISIBLE_DEVICES: [0]
[I 2023-11-30 00:52:16,297] Trial 84 finished with value: 2.8925230503082275 and parameters: {'gradient_clip_val': 0.8127922792099461, 'hidden_size': 91, 'dropout': 0.1294014946428911, 'hidden_continuous_size': 30, 'attention_head_size': 2, 'learning_rate': 0.02137916619042545}. Best is trial 84 with value: 2.8925230503082275.
LOCAL_RANK: 0 - CUDA_VISIBLE_DEVICES: [0]
