[I 2023-11-30 05:24:56,942] Trial 111 finished with value: 11.342132568359375 and parameters: {'gradient_clip_val': 0.5950323437820755, 'hidden_size': 74, 'dropout': 0.2629482630919483, 'hidden_continuous_size': 22, 'attention_head_size': 3, 'learning_rate': 0.08107552247870099}. Best is trial 61 with value: 10.650982856750488.
LOCAL_RANK: 0 - CUDA_VISIBLE_DEVICES: [0]
[I 2023-11-30 05:25:10,394] Trial 112 finished with value: 12.46035385131836 and parameters: {'gradient_clip_val': 0.6399706407209416, 'hidden_size': 80, 'dropout': 0.2698543444797028, 'hidden_continuous_size': 21, 'attention_head_size': 3, 'learning_rate': 0.07417308456214154}. Best is trial 61 with value: 10.650982856750488.
LOCAL_RANK: 0 - CUDA_VISIBLE_DEVICES: [0]
[I 2023-11-30 05:25:24,164] Trial 113 finished with value: 11.098098754882812 and parameters: {'gradient_clip_val': 0.7057256806448886, 'hidden_size': 89, 'dropout': 0.2512155766519265, 'hidden_continuous_size': 27, 'attention_head_size': 3, 'learning_rate': 0.06838875122492845}. Best is trial 61 with value: 10.650982856750488.
LOCAL_RANK: 0 - CUDA_VISIBLE_DEVICES: [0]
[I 2023-11-30 05:25:36,788] Trial 114 finished with value: 11.143523216247559 and parameters: {'gradient_clip_val': 0.577782416243064, 'hidden_size': 31, 'dropout': 0.27821706468135177, 'hidden_continuous_size': 20, 'attention_head_size': 3, 'learning_rate': 0.08917140905394669}. Best is trial 61 with value: 10.650982856750488.
LOCAL_RANK: 0 - CUDA_VISIBLE_DEVICES: [0]
[I 2023-11-30 05:25:49,820] Trial 115 finished with value: 13.529807090759277 and parameters: {'gradient_clip_val': 0.6255664686020281, 'hidden_size': 64, 'dropout': 0.282445006985938, 'hidden_continuous_size': 15, 'attention_head_size': 4, 'learning_rate': 0.05645694307292057}. Best is trial 61 with value: 10.650982856750488.
LOCAL_RANK: 0 - CUDA_VISIBLE_DEVICES: [0]
[I 2023-11-30 05:26:02,723] Trial 116 finished with value: 12.660893440246582 and parameters: {'gradient_clip_val': 0.452299219709071, 'hidden_size': 58, 'dropout': 0.2558752425084966, 'hidden_continuous_size': 20, 'attention_head_size': 1, 'learning_rate': 0.04469130702482279}. Best is trial 61 with value: 10.650982856750488.
LOCAL_RANK: 0 - CUDA_VISIBLE_DEVICES: [0]
[I 2023-11-30 05:26:16,195] Trial 117 finished with value: 12.885542869567871 and parameters: {'gradient_clip_val': 0.75474111517685, 'hidden_size': 83, 'dropout': 0.2690086326520367, 'hidden_continuous_size': 14, 'attention_head_size': 4, 'learning_rate': 0.07898395142146498}. Best is trial 61 with value: 10.650982856750488.
LOCAL_RANK: 0 - CUDA_VISIBLE_DEVICES: [0]
[I 2023-11-30 05:26:29,777] Trial 118 finished with value: 12.970040321350098 and parameters: {'gradient_clip_val': 0.5407410069537862, 'hidden_size': 69, 'dropout': 0.24723920992574552, 'hidden_continuous_size': 23, 'attention_head_size': 3, 'learning_rate': 0.06243915725415783}. Best is trial 61 with value: 10.650982856750488.
LOCAL_RANK: 0 - CUDA_VISIBLE_DEVICES: [0]
[I 2023-11-30 05:26:42,706] Trial 119 finished with value: 13.29445743560791 and parameters: {'gradient_clip_val': 0.47990326801551436, 'hidden_size': 39, 'dropout': 0.3011914820306466, 'hidden_continuous_size': 18, 'attention_head_size': 4, 'learning_rate': 0.03677574090004027}. Best is trial 61 with value: 10.650982856750488.
LOCAL_RANK: 0 - CUDA_VISIBLE_DEVICES: [0]
[I 2023-11-30 05:26:56,119] Trial 120 finished with value: 11.38489818572998 and parameters: {'gradient_clip_val': 0.3622000691840765, 'hidden_size': 72, 'dropout': 0.2388683672618479, 'hidden_continuous_size': 17, 'attention_head_size': 4, 'learning_rate': 0.06975114920327607}. Best is trial 61 with value: 10.650982856750488.
LOCAL_RANK: 0 - CUDA_VISIBLE_DEVICES: [0]
[I 2023-11-30 05:27:09,001] Trial 121 finished with value: 11.925158500671387 and parameters: {'gradient_clip_val': 0.40744603543865987, 'hidden_size': 42, 'dropout': 0.31217303710432215, 'hidden_continuous_size': 16, 'attention_head_size': 4, 'learning_rate': 0.04959389813489477}. Best is trial 61 with value: 10.650982856750488.
LOCAL_RANK: 0 - CUDA_VISIBLE_DEVICES: [0]
[I 2023-11-30 05:27:21,925] Trial 122 finished with value: 12.28609848022461 and parameters: {'gradient_clip_val': 0.4219326684893352, 'hidden_size': 37, 'dropout': 0.2934763601149675, 'hidden_continuous_size': 18, 'attention_head_size': 4, 'learning_rate': 0.04013508965584688}. Best is trial 61 with value: 10.650982856750488.
LOCAL_RANK: 0 - CUDA_VISIBLE_DEVICES: [0]
[I 2023-11-30 05:27:34,861] Trial 123 finished with value: 11.238174438476562 and parameters: {'gradient_clip_val': 0.38248278805378294, 'hidden_size': 46, 'dropout': 0.31847115417347477, 'hidden_continuous_size': 19, 'attention_head_size': 4, 'learning_rate': 0.034209158990397094}. Best is trial 61 with value: 10.650982856750488.
LOCAL_RANK: 0 - CUDA_VISIBLE_DEVICES: [0]
[I 2023-11-30 05:27:47,676] Trial 124 finished with value: 11.498623847961426 and parameters: {'gradient_clip_val': 0.4470712756444824, 'hidden_size': 34, 'dropout': 0.3051512379109068, 'hidden_continuous_size': 21, 'attention_head_size': 4, 'learning_rate': 0.02986646497499874}. Best is trial 61 with value: 10.650982856750488.
LOCAL_RANK: 0 - CUDA_VISIBLE_DEVICES: [0]
[I 2023-11-30 05:28:00,579] Trial 125 finished with value: 11.049302101135254 and parameters: {'gradient_clip_val': 0.49804043536184484, 'hidden_size': 41, 'dropout': 0.28417378130697124, 'hidden_continuous_size': 17, 'attention_head_size': 4, 'learning_rate': 0.057529834604342536}. Best is trial 61 with value: 10.650982856750488.
LOCAL_RANK: 0 - CUDA_VISIBLE_DEVICES: [0]
[I 2023-11-30 05:28:13,258] Trial 126 finished with value: 11.771530151367188 and parameters: {'gradient_clip_val': 0.38908861263974404, 'hidden_size': 44, 'dropout': 0.27449090448110725, 'hidden_continuous_size': 16, 'attention_head_size': 4, 'learning_rate': 0.05435651899779947}. Best is trial 61 with value: 10.650982856750488.
LOCAL_RANK: 0 - CUDA_VISIBLE_DEVICES: [0]
[I 2023-11-30 05:28:26,126] Trial 127 finished with value: 11.917698860168457 and parameters: {'gradient_clip_val': 0.3259036721132345, 'hidden_size': 38, 'dropout': 0.32428793101878906, 'hidden_continuous_size': 10, 'attention_head_size': 4, 'learning_rate': 0.04328759154144553}. Best is trial 61 with value: 10.650982856750488.
LOCAL_RANK: 0 - CUDA_VISIBLE_DEVICES: [0]
[I 2023-11-30 05:28:39,892] Trial 128 finished with value: 12.8588228225708 and parameters: {'gradient_clip_val': 0.601998495885296, 'hidden_size': 101, 'dropout': 0.299411754917137, 'hidden_continuous_size': 24, 'attention_head_size': 4, 'learning_rate': 0.08146871832700779}. Best is trial 61 with value: 10.650982856750488.
LOCAL_RANK: 0 - CUDA_VISIBLE_DEVICES: [0]
[I 2023-11-30 05:28:53,243] Trial 129 finished with value: 12.842961311340332 and parameters: {'gradient_clip_val': 0.3472469197690983, 'hidden_size': 50, 'dropout': 0.3099913153029932, 'hidden_continuous_size': 44, 'attention_head_size': 2, 'learning_rate': 0.06295968897789796}. Best is trial 61 with value: 10.650982856750488.
LOCAL_RANK: 0 - CUDA_VISIBLE_DEVICES: [0]
[I 2023-11-30 05:29:05,913] Trial 130 finished with value: 13.898787498474121 and parameters: {'gradient_clip_val': 0.4667000077854791, 'hidden_size': 36, 'dropout': 0.28920006965635375, 'hidden_continuous_size': 17, 'attention_head_size': 4, 'learning_rate': 0.04687512273038558}. Best is trial 61 with value: 10.650982856750488.
LOCAL_RANK: 0 - CUDA_VISIBLE_DEVICES: [0]
[I 2023-11-30 05:29:18,526] Trial 131 finished with value: 11.242825508117676 and parameters: {'gradient_clip_val': 0.5046151147173409, 'hidden_size': 40, 'dropout': 0.2814516586316488, 'hidden_continuous_size': 17, 'attention_head_size': 4, 'learning_rate': 0.06032793411022319}. Best is trial 61 with value: 10.650982856750488.
LOCAL_RANK: 0 - CUDA_VISIBLE_DEVICES: [0]
[I 2023-11-30 05:29:31,165] Trial 132 finished with value: 11.340092658996582 and parameters: {'gradient_clip_val': 0.4867181192604389, 'hidden_size': 44, 'dropout': 0.262425379240831, 'hidden_continuous_size': 15, 'attention_head_size': 4, 'learning_rate': 0.05242362486483509}. Best is trial 61 with value: 10.650982856750488.
LOCAL_RANK: 0 - CUDA_VISIBLE_DEVICES: [0]
[I 2023-11-30 05:29:44,266] Trial 133 finished with value: 12.341469764709473 and parameters: {'gradient_clip_val': 0.5587123555434622, 'hidden_size': 42, 'dropout': 0.2945538176085726, 'hidden_continuous_size': 18, 'attention_head_size': 4, 'learning_rate': 0.05776475400486757}. Best is trial 61 with value: 10.650982856750488.
LOCAL_RANK: 0 - CUDA_VISIBLE_DEVICES: [0]
[I 2023-11-30 05:29:56,976] Trial 134 finished with value: 10.956893920898438 and parameters: {'gradient_clip_val': 0.43079603486382123, 'hidden_size': 33, 'dropout': 0.28720751851910653, 'hidden_continuous_size': 17, 'attention_head_size': 4, 'learning_rate': 0.0737718655303234}. Best is trial 61 with value: 10.650982856750488.
LOCAL_RANK: 0 - CUDA_VISIBLE_DEVICES: [0]
[I 2023-11-30 05:30:09,626] Trial 135 finished with value: 11.462164878845215 and parameters: {'gradient_clip_val': 0.4308190139491669, 'hidden_size': 29, 'dropout': 0.30609111332768674, 'hidden_continuous_size': 16, 'attention_head_size': 4, 'learning_rate': 0.09227569970722654}. Best is trial 61 with value: 10.650982856750488.
LOCAL_RANK: 0 - CUDA_VISIBLE_DEVICES: [0]
[I 2023-11-30 05:30:22,013] Trial 136 finished with value: 10.661681175231934 and parameters: {'gradient_clip_val': 0.40761768482570193, 'hidden_size': 32, 'dropout': 0.3162579967985055, 'hidden_continuous_size': 17, 'attention_head_size': 4, 'learning_rate': 0.07453877222599609}. Best is trial 61 with value: 10.650982856750488.
LOCAL_RANK: 0 - CUDA_VISIBLE_DEVICES: [0]
[I 2023-11-30 05:30:34,366] Trial 137 finished with value: 11.197510719299316 and parameters: {'gradient_clip_val': 0.41052229056032763, 'hidden_size': 32, 'dropout': 0.31558148819318727, 'hidden_continuous_size': 18, 'attention_head_size': 4, 'learning_rate': 0.07319393329797753}. Best is trial 61 with value: 10.650982856750488.
LOCAL_RANK: 0 - CUDA_VISIBLE_DEVICES: [0]
[I 2023-11-30 05:30:47,087] Trial 138 finished with value: 11.008899688720703 and parameters: {'gradient_clip_val': 0.395783775098794, 'hidden_size': 27, 'dropout': 0.33224832188888, 'hidden_continuous_size': 17, 'attention_head_size': 4, 'learning_rate': 0.07798540703717055}. Best is trial 61 with value: 10.650982856750488.
LOCAL_RANK: 0 - CUDA_VISIBLE_DEVICES: [0]
[I 2023-11-30 05:30:59,505] Trial 139 finished with value: 10.993176460266113 and parameters: {'gradient_clip_val': 0.3656790105568685, 'hidden_size': 27, 'dropout': 0.3294067028158059, 'hidden_continuous_size': 17, 'attention_head_size': 4, 'learning_rate': 0.08024519324519547}. Best is trial 61 with value: 10.650982856750488.
LOCAL_RANK: 0 - CUDA_VISIBLE_DEVICES: [0]
[I 2023-11-30 05:31:12,030] Trial 140 finished with value: 11.8031005859375 and parameters: {'gradient_clip_val': 0.3620376372678377, 'hidden_size': 29, 'dropout': 0.3464673611717993, 'hidden_continuous_size': 18, 'attention_head_size': 4, 'learning_rate': 0.08638745599400051}. Best is trial 61 with value: 10.650982856750488.
LOCAL_RANK: 0 - CUDA_VISIBLE_DEVICES: [0]
[I 2023-11-30 05:31:24,460] Trial 141 finished with value: 11.941536903381348 and parameters: {'gradient_clip_val': 0.40065061405550834, 'hidden_size': 26, 'dropout': 0.3334794073922103, 'hidden_continuous_size': 17, 'attention_head_size': 4, 'learning_rate': 0.07789802102425328}. Best is trial 61 with value: 10.650982856750488.
LOCAL_RANK: 0 - CUDA_VISIBLE_DEVICES: [0]
[I 2023-11-30 05:31:36,740] Trial 142 finished with value: 11.100359916687012 and parameters: {'gradient_clip_val': 0.36220132896720925, 'hidden_size': 24, 'dropout': 0.32997322959357844, 'hidden_continuous_size': 17, 'attention_head_size': 4, 'learning_rate': 0.09598171449219592}. Best is trial 61 with value: 10.650982856750488.
LOCAL_RANK: 0 - CUDA_VISIBLE_DEVICES: [0]
[I 2023-11-30 05:31:49,168] Trial 143 finished with value: 12.371334075927734 and parameters: {'gradient_clip_val': 0.3760157351980305, 'hidden_size': 27, 'dropout': 0.3227706271742542, 'hidden_continuous_size': 17, 'attention_head_size': 4, 'learning_rate': 0.06663422349980973}. Best is trial 61 with value: 10.650982856750488.
LOCAL_RANK: 0 - CUDA_VISIBLE_DEVICES: [0]
[I 2023-11-30 05:32:01,795] Trial 144 finished with value: 13.336926460266113 and parameters: {'gradient_clip_val': 0.3361919905154057, 'hidden_size': 31, 'dropout': 0.33908605545734416, 'hidden_continuous_size': 16, 'attention_head_size': 4, 'learning_rate': 0.07541017968171479}. Best is trial 61 with value: 10.650982856750488.
LOCAL_RANK: 0 - CUDA_VISIBLE_DEVICES: [0]
[I 2023-11-30 05:32:14,269] Trial 145 finished with value: 11.113822937011719 and parameters: {'gradient_clip_val': 0.39578240573731, 'hidden_size': 32, 'dropout': 0.35195329105990014, 'hidden_continuous_size': 19, 'attention_head_size': 4, 'learning_rate': 0.08623196132059562}. Best is trial 61 with value: 10.650982856750488.
LOCAL_RANK: 0 - CUDA_VISIBLE_DEVICES: [0]
[I 2023-11-30 05:32:26,806] Trial 146 finished with value: 12.459880828857422 and parameters: {'gradient_clip_val': 0.3141646184209392, 'hidden_size': 28, 'dropout': 0.32945029521324287, 'hidden_continuous_size': 18, 'attention_head_size': 4, 'learning_rate': 0.06739911550982085}. Best is trial 61 with value: 10.650982856750488.
LOCAL_RANK: 0 - CUDA_VISIBLE_DEVICES: [0]
[I 2023-11-30 05:32:39,536] Trial 147 finished with value: 12.94891357421875 and parameters: {'gradient_clip_val': 0.37805327481269935, 'hidden_size': 30, 'dropout': 0.26565786183778917, 'hidden_continuous_size': 16, 'attention_head_size': 3, 'learning_rate': 0.09826371843638883}. Best is trial 61 with value: 10.650982856750488.
LOCAL_RANK: 0 - CUDA_VISIBLE_DEVICES: [0]
[I 2023-11-30 05:32:52,476] Trial 148 finished with value: 12.141934394836426 and parameters: {'gradient_clip_val': 0.34988062886788424, 'hidden_size': 35, 'dropout': 0.31692391461198083, 'hidden_continuous_size': 20, 'attention_head_size': 4, 'learning_rate': 0.0801106458806977}. Best is trial 61 with value: 10.650982856750488.
LOCAL_RANK: 0 - CUDA_VISIBLE_DEVICES: [0]
[I 2023-11-30 05:33:05,253] Trial 149 finished with value: 11.693758964538574 and parameters: {'gradient_clip_val': 0.426373904168286, 'hidden_size': 34, 'dropout': 0.27509913132500935, 'hidden_continuous_size': 19, 'attention_head_size': 4, 'learning_rate': 0.07218044167916268}. Best is trial 61 with value: 10.650982856750488.
[I 2023-11-30 05:33:05,364] A new study created in memory with name: no-name-fff1d126-f7c0-4891-8704-ee13739dd0c1
/home/le004/conda/anaconda3/envs/tsff_env/lib/python3.9/site-packages/lightning/fabric/plugins/environments/slurm.py:191: The `srun` command is available on your system but is not used. HINT: If your intention is to run Lightning on SLURM, prepend your python command with `srun` like so: srun python /home/le004/master_thesis/git/TSFusionForecast/code/ ...
LOCAL_RANK: 0 - CUDA_VISIBLE_DEVICES: [0]
[I 2023-11-30 05:33:19,038] Trial 0 finished with value: 208.4337158203125 and parameters: {'gradient_clip_val': 0.6950763837214501, 'hidden_size': 86, 'dropout': 0.38643118468028526, 'hidden_continuous_size': 45, 'attention_head_size': 1, 'learning_rate': 0.004622349955172122}. Best is trial 0 with value: 208.4337158203125.
LOCAL_RANK: 0 - CUDA_VISIBLE_DEVICES: [0]
[I 2023-11-30 05:33:33,800] Trial 1 finished with value: 196.7078094482422 and parameters: {'gradient_clip_val': 0.8119114512134692, 'hidden_size': 139, 'dropout': 0.3196585682606534, 'hidden_continuous_size': 110, 'attention_head_size': 4, 'learning_rate': 0.003262294805293257}. Best is trial 1 with value: 196.7078094482422.
LOCAL_RANK: 0 - CUDA_VISIBLE_DEVICES: [0]
[I 2023-11-30 05:33:47,929] Trial 2 finished with value: 304.3951721191406 and parameters: {'gradient_clip_val': 0.941614848398189, 'hidden_size': 118, 'dropout': 0.38757559784302587, 'hidden_continuous_size': 36, 'attention_head_size': 2, 'learning_rate': 0.025565273630229514}. Best is trial 1 with value: 196.7078094482422.
LOCAL_RANK: 0 - CUDA_VISIBLE_DEVICES: [0]
[I 2023-11-30 05:34:01,604] Trial 3 finished with value: 246.6552276611328 and parameters: {'gradient_clip_val': 0.14554806535140039, 'hidden_size': 71, 'dropout': 0.33543943808244914, 'hidden_continuous_size': 64, 'attention_head_size': 1, 'learning_rate': 0.00691422632096258}. Best is trial 1 with value: 196.7078094482422.
LOCAL_RANK: 0 - CUDA_VISIBLE_DEVICES: [0]
[I 2023-11-30 05:34:13,929] Trial 4 finished with value: 361.7444763183594 and parameters: {'gradient_clip_val': 0.31559689600729873, 'hidden_size': 27, 'dropout': 0.3322930770098379, 'hidden_continuous_size': 20, 'attention_head_size': 1, 'learning_rate': 0.0027703564819108796}. Best is trial 1 with value: 196.7078094482422.
LOCAL_RANK: 0 - CUDA_VISIBLE_DEVICES: [0]
[I 2023-11-30 05:34:27,736] Trial 5 finished with value: 194.06761169433594 and parameters: {'gradient_clip_val': 0.15712833764554285, 'hidden_size': 81, 'dropout': 0.16545760079585187, 'hidden_continuous_size': 60, 'attention_head_size': 2, 'learning_rate': 0.004712011515835904}. Best is trial 5 with value: 194.06761169433594.
LOCAL_RANK: 0 - CUDA_VISIBLE_DEVICES: [0]
[I 2023-11-30 05:34:40,485] Trial 6 finished with value: 230.6427764892578 and parameters: {'gradient_clip_val': 0.3740624582230668, 'hidden_size': 35, 'dropout': 0.38069819820587747, 'hidden_continuous_size': 18, 'attention_head_size': 3, 'learning_rate': 0.0072116522686053045}. Best is trial 5 with value: 194.06761169433594.
LOCAL_RANK: 0 - CUDA_VISIBLE_DEVICES: [0]
[I 2023-11-30 05:34:53,582] Trial 7 finished with value: 196.7908172607422 and parameters: {'gradient_clip_val': 0.11223788896046889, 'hidden_size': 60, 'dropout': 0.34729768025028546, 'hidden_continuous_size': 29, 'attention_head_size': 2, 'learning_rate': 0.009551969295614488}. Best is trial 5 with value: 194.06761169433594.
LOCAL_RANK: 0 - CUDA_VISIBLE_DEVICES: [0]
[I 2023-11-30 05:35:07,057] Trial 8 finished with value: 244.4043426513672 and parameters: {'gradient_clip_val': 0.35385464692945523, 'hidden_size': 100, 'dropout': 0.2775561875555921, 'hidden_continuous_size': 32, 'attention_head_size': 1, 'learning_rate': 0.004128601756872186}. Best is trial 5 with value: 194.06761169433594.
LOCAL_RANK: 0 - CUDA_VISIBLE_DEVICES: [0]
[I 2023-11-30 05:35:20,910] Trial 9 finished with value: 249.849853515625 and parameters: {'gradient_clip_val': 0.17963017455133576, 'hidden_size': 100, 'dropout': 0.338201031124592, 'hidden_continuous_size': 40, 'attention_head_size': 3, 'learning_rate': 0.005455277234775446}. Best is trial 5 with value: 194.06761169433594.
LOCAL_RANK: 0 - CUDA_VISIBLE_DEVICES: [0]
[I 2023-11-30 05:35:33,120] Trial 10 finished with value: 596.5794677734375 and parameters: {'gradient_clip_val': 0.10817747668131258, 'hidden_size': 14, 'dropout': 0.1502206893241635, 'hidden_continuous_size': 10, 'attention_head_size': 4, 'learning_rate': 0.0012296439992205664}. Best is trial 5 with value: 194.06761169433594.
LOCAL_RANK: 0 - CUDA_VISIBLE_DEVICES: [0]
[I 2023-11-30 05:35:47,833] Trial 11 finished with value: 271.168701171875 and parameters: {'gradient_clip_val': 0.22074055650745847, 'hidden_size': 127, 'dropout': 0.17173239654908434, 'hidden_continuous_size': 126, 'attention_head_size': 4, 'learning_rate': 0.016224832557710546}. Best is trial 5 with value: 194.06761169433594.
LOCAL_RANK: 0 - CUDA_VISIBLE_DEVICES: [0]
[I 2023-11-30 05:36:02,526] Trial 12 finished with value: 260.3657531738281 and parameters: {'gradient_clip_val': 0.591013164390303, 'hidden_size': 142, 'dropout': 0.1197090168666047, 'hidden_continuous_size': 92, 'attention_head_size': 3, 'learning_rate': 0.08605547622893461}. Best is trial 5 with value: 194.06761169433594.
LOCAL_RANK: 0 - CUDA_VISIBLE_DEVICES: [0]
[I 2023-11-30 05:36:15,530] Trial 13 finished with value: 277.92242431640625 and parameters: {'gradient_clip_val': 0.2391791950476881, 'hidden_size': 56, 'dropout': 0.2187203366322435, 'hidden_continuous_size': 26, 'attention_head_size': 2, 'learning_rate': 0.0020727284690126237}. Best is trial 5 with value: 194.06761169433594.
LOCAL_RANK: 0 - CUDA_VISIBLE_DEVICES: [0]
[I 2023-11-30 05:36:30,370] Trial 14 finished with value: 181.82533264160156 and parameters: {'gradient_clip_val': 0.5300623953278771, 'hidden_size': 144, 'dropout': 0.26478189119989154, 'hidden_continuous_size': 133, 'attention_head_size': 4, 'learning_rate': 0.0011249465144186797}. Best is trial 14 with value: 181.82533264160156.
LOCAL_RANK: 0 - CUDA_VISIBLE_DEVICES: [0]
[I 2023-11-30 05:36:43,935] Trial 15 finished with value: 346.5330505371094 and parameters: {'gradient_clip_val': 0.4513546631069408, 'hidden_size': 68, 'dropout': 0.2381164084723826, 'hidden_continuous_size': 51, 'attention_head_size': 3, 'learning_rate': 0.0011875815924831232}. Best is trial 14 with value: 181.82533264160156.
LOCAL_RANK: 0 - CUDA_VISIBLE_DEVICES: [0]
[I 2023-11-30 05:36:56,774] Trial 16 finished with value: 390.0353698730469 and parameters: {'gradient_clip_val': 0.5146760226953458, 'hidden_size': 48, 'dropout': 0.2050507571571303, 'hidden_continuous_size': 24, 'attention_head_size': 2, 'learning_rate': 0.0018557439125357945}. Best is trial 14 with value: 181.82533264160156.
LOCAL_RANK: 0 - CUDA_VISIBLE_DEVICES: [0]
[I 2023-11-30 05:37:11,065] Trial 17 finished with value: 225.1801300048828 and parameters: {'gradient_clip_val': 0.27723944725740185, 'hidden_size': 87, 'dropout': 0.2680406453746161, 'hidden_continuous_size': 65, 'attention_head_size': 4, 'learning_rate': 0.0010059329283300324}. Best is trial 14 with value: 181.82533264160156.
LOCAL_RANK: 0 - CUDA_VISIBLE_DEVICES: [0]
