[I 2023-11-29 23:19:22,043] Trial 127 finished with value: 238.8179168701172 and parameters: {'gradient_clip_val': 0.1600800897561029, 'hidden_size': 41, 'dropout': 0.17184870741873762, 'hidden_continuous_size': 12, 'attention_head_size': 1, 'learning_rate': 0.027649842201633072}. Best is trial 120 with value: 134.502197265625.
LOCAL_RANK: 0 - CUDA_VISIBLE_DEVICES: [0]
[I 2023-11-29 23:19:34,603] Trial 128 finished with value: 171.93975830078125 and parameters: {'gradient_clip_val': 0.14350478012829912, 'hidden_size': 39, 'dropout': 0.20259437953897128, 'hidden_continuous_size': 12, 'attention_head_size': 1, 'learning_rate': 0.03665315861081423}. Best is trial 120 with value: 134.502197265625.
LOCAL_RANK: 0 - CUDA_VISIBLE_DEVICES: [0]
[I 2023-11-29 23:19:47,218] Trial 129 finished with value: 200.9158935546875 and parameters: {'gradient_clip_val': 0.1805956469008566, 'hidden_size': 47, 'dropout': 0.1961893595237817, 'hidden_continuous_size': 11, 'attention_head_size': 1, 'learning_rate': 0.0225771859505797}. Best is trial 120 with value: 134.502197265625.
LOCAL_RANK: 0 - CUDA_VISIBLE_DEVICES: [0]
[I 2023-11-29 23:19:59,552] Trial 130 finished with value: 175.0821533203125 and parameters: {'gradient_clip_val': 0.14612636095942835, 'hidden_size': 36, 'dropout': 0.18573121313261903, 'hidden_continuous_size': 11, 'attention_head_size': 1, 'learning_rate': 0.04345487264310607}. Best is trial 120 with value: 134.502197265625.
LOCAL_RANK: 0 - CUDA_VISIBLE_DEVICES: [0]
[I 2023-11-29 23:20:12,194] Trial 131 finished with value: 184.37998962402344 and parameters: {'gradient_clip_val': 0.13431690239889985, 'hidden_size': 37, 'dropout': 0.17577936681800665, 'hidden_continuous_size': 12, 'attention_head_size': 1, 'learning_rate': 0.026199313602373202}. Best is trial 120 with value: 134.502197265625.
LOCAL_RANK: 0 - CUDA_VISIBLE_DEVICES: [0]
[I 2023-11-29 23:20:24,711] Trial 132 finished with value: 156.2486114501953 and parameters: {'gradient_clip_val': 0.1624047304793626, 'hidden_size': 45, 'dropout': 0.16782039681815633, 'hidden_continuous_size': 13, 'attention_head_size': 1, 'learning_rate': 0.03206649199794516}. Best is trial 120 with value: 134.502197265625.
LOCAL_RANK: 0 - CUDA_VISIBLE_DEVICES: [0]
[I 2023-11-29 23:20:37,142] Trial 133 finished with value: 170.60289001464844 and parameters: {'gradient_clip_val': 0.1235218672781003, 'hidden_size': 41, 'dropout': 0.18905429093978446, 'hidden_continuous_size': 13, 'attention_head_size': 1, 'learning_rate': 0.011331760038751085}. Best is trial 120 with value: 134.502197265625.
LOCAL_RANK: 0 - CUDA_VISIBLE_DEVICES: [0]
[I 2023-11-29 23:20:49,503] Trial 134 finished with value: 184.9179229736328 and parameters: {'gradient_clip_val': 0.27442433979633557, 'hidden_size': 34, 'dropout': 0.11584715913261492, 'hidden_continuous_size': 11, 'attention_head_size': 1, 'learning_rate': 0.015322124056737827}. Best is trial 120 with value: 134.502197265625.
LOCAL_RANK: 0 - CUDA_VISIBLE_DEVICES: [0]
[I 2023-11-29 23:21:02,198] Trial 135 finished with value: 174.4517364501953 and parameters: {'gradient_clip_val': 0.3255566027566562, 'hidden_size': 50, 'dropout': 0.17910555465937383, 'hidden_continuous_size': 12, 'attention_head_size': 1, 'learning_rate': 0.02123143085011098}. Best is trial 120 with value: 134.502197265625.
LOCAL_RANK: 0 - CUDA_VISIBLE_DEVICES: [0]
[I 2023-11-29 23:21:14,809] Trial 136 finished with value: 180.9890594482422 and parameters: {'gradient_clip_val': 0.29128606960339154, 'hidden_size': 39, 'dropout': 0.10830502717575557, 'hidden_continuous_size': 18, 'attention_head_size': 1, 'learning_rate': 0.029696375811038636}. Best is trial 120 with value: 134.502197265625.
LOCAL_RANK: 0 - CUDA_VISIBLE_DEVICES: [0]
[I 2023-11-29 23:21:27,169] Trial 137 finished with value: 188.62123107910156 and parameters: {'gradient_clip_val': 0.1320802736769889, 'hidden_size': 33, 'dropout': 0.16596231636492803, 'hidden_continuous_size': 13, 'attention_head_size': 1, 'learning_rate': 0.016966147790413465}. Best is trial 120 with value: 134.502197265625.
LOCAL_RANK: 0 - CUDA_VISIBLE_DEVICES: [0]
[I 2023-11-29 23:21:39,929] Trial 138 finished with value: 204.1780548095703 and parameters: {'gradient_clip_val': 0.14280133283603486, 'hidden_size': 43, 'dropout': 0.1560627079932041, 'hidden_continuous_size': 27, 'attention_head_size': 1, 'learning_rate': 0.03450217312660537}. Best is trial 120 with value: 134.502197265625.
LOCAL_RANK: 0 - CUDA_VISIBLE_DEVICES: [0]
[I 2023-11-29 23:21:52,328] Trial 139 finished with value: 155.16928100585938 and parameters: {'gradient_clip_val': 0.30298304406391696, 'hidden_size': 40, 'dropout': 0.1408730025639822, 'hidden_continuous_size': 10, 'attention_head_size': 2, 'learning_rate': 0.02677109412409182}. Best is trial 120 with value: 134.502197265625.
LOCAL_RANK: 0 - CUDA_VISIBLE_DEVICES: [0]
[I 2023-11-29 23:22:04,671] Trial 140 finished with value: 162.30845642089844 and parameters: {'gradient_clip_val': 0.20489689504215997, 'hidden_size': 40, 'dropout': 0.14488405128715545, 'hidden_continuous_size': 11, 'attention_head_size': 2, 'learning_rate': 0.02760334669293466}. Best is trial 120 with value: 134.502197265625.
LOCAL_RANK: 0 - CUDA_VISIBLE_DEVICES: [0]
[I 2023-11-29 23:22:17,514] Trial 141 finished with value: 192.963134765625 and parameters: {'gradient_clip_val': 0.2967005237067277, 'hidden_size': 42, 'dropout': 0.13390118353471261, 'hidden_continuous_size': 12, 'attention_head_size': 2, 'learning_rate': 0.023342188703151908}. Best is trial 120 with value: 134.502197265625.
LOCAL_RANK: 0 - CUDA_VISIBLE_DEVICES: [0]
[I 2023-11-29 23:22:30,087] Trial 142 finished with value: 157.7093505859375 and parameters: {'gradient_clip_val': 0.35510184560175, 'hidden_size': 38, 'dropout': 0.1407275182989635, 'hidden_continuous_size': 10, 'attention_head_size': 2, 'learning_rate': 0.025633306165425057}. Best is trial 120 with value: 134.502197265625.
LOCAL_RANK: 0 - CUDA_VISIBLE_DEVICES: [0]
[I 2023-11-29 23:22:42,499] Trial 143 finished with value: 204.6765899658203 and parameters: {'gradient_clip_val': 0.253680561320935, 'hidden_size': 35, 'dropout': 0.15134343788409538, 'hidden_continuous_size': 10, 'attention_head_size': 2, 'learning_rate': 0.0461263723249129}. Best is trial 120 with value: 134.502197265625.
LOCAL_RANK: 0 - CUDA_VISIBLE_DEVICES: [0]
[I 2023-11-29 23:22:54,728] Trial 144 finished with value: 155.9714813232422 and parameters: {'gradient_clip_val': 0.3082398827780173, 'hidden_size': 32, 'dropout': 0.12646250650602425, 'hidden_continuous_size': 15, 'attention_head_size': 2, 'learning_rate': 0.02003513349053669}. Best is trial 120 with value: 134.502197265625.
LOCAL_RANK: 0 - CUDA_VISIBLE_DEVICES: [0]
[I 2023-11-29 23:23:07,438] Trial 145 finished with value: 201.3346405029297 and parameters: {'gradient_clip_val': 0.3268377878131816, 'hidden_size': 37, 'dropout': 0.1603656036518466, 'hidden_continuous_size': 14, 'attention_head_size': 3, 'learning_rate': 0.0390809511031884}. Best is trial 120 with value: 134.502197265625.
LOCAL_RANK: 0 - CUDA_VISIBLE_DEVICES: [0]
[I 2023-11-29 23:23:20,319] Trial 146 finished with value: 177.29331970214844 and parameters: {'gradient_clip_val': 0.2825298979014679, 'hidden_size': 50, 'dropout': 0.17414330741857942, 'hidden_continuous_size': 13, 'attention_head_size': 1, 'learning_rate': 0.02928732221007972}. Best is trial 120 with value: 134.502197265625.
LOCAL_RANK: 0 - CUDA_VISIBLE_DEVICES: [0]
[I 2023-11-29 23:23:33,138] Trial 147 finished with value: 177.80018615722656 and parameters: {'gradient_clip_val': 0.22366890449662363, 'hidden_size': 57, 'dropout': 0.10448239316523958, 'hidden_continuous_size': 10, 'attention_head_size': 2, 'learning_rate': 0.05218613682968989}. Best is trial 120 with value: 134.502197265625.
LOCAL_RANK: 0 - CUDA_VISIBLE_DEVICES: [0]
[I 2023-11-29 23:23:45,124] Trial 148 finished with value: 181.4043426513672 and parameters: {'gradient_clip_val': 0.1563464006104443, 'hidden_size': 24, 'dropout': 0.18064485896178797, 'hidden_continuous_size': 11, 'attention_head_size': 3, 'learning_rate': 0.022828112645212617}. Best is trial 120 with value: 134.502197265625.
LOCAL_RANK: 0 - CUDA_VISIBLE_DEVICES: [0]
[I 2023-11-29 23:23:57,354] Trial 149 finished with value: 192.3995361328125 and parameters: {'gradient_clip_val': 0.2639814258589415, 'hidden_size': 29, 'dropout': 0.19124204872249878, 'hidden_continuous_size': 10, 'attention_head_size': 2, 'learning_rate': 0.013739963221415043}. Best is trial 120 with value: 134.502197265625.
[I 2023-11-29 23:23:57,463] A new study created in memory with name: no-name-058bfeee-2ac7-4d19-83b9-50c1d158cf43
/home/le004/conda/anaconda3/envs/tsff_env/lib/python3.9/site-packages/lightning/fabric/plugins/environments/slurm.py:191: The `srun` command is available on your system but is not used. HINT: If your intention is to run Lightning on SLURM, prepend your python command with `srun` like so: srun python /home/le004/master_thesis/git/TSFusionForecast/code/ ...
LOCAL_RANK: 0 - CUDA_VISIBLE_DEVICES: [0]
[I 2023-11-29 23:24:11,007] Trial 0 finished with value: 73.40227508544922 and parameters: {'gradient_clip_val': 0.828143309912467, 'hidden_size': 91, 'dropout': 0.19922210735161583, 'hidden_continuous_size': 12, 'attention_head_size': 4, 'learning_rate': 0.010113620987466094}. Best is trial 0 with value: 73.40227508544922.
LOCAL_RANK: 0 - CUDA_VISIBLE_DEVICES: [0]
[I 2023-11-29 23:24:23,265] Trial 1 finished with value: 80.79378509521484 and parameters: {'gradient_clip_val': 0.2999728470309636, 'hidden_size': 15, 'dropout': 0.2248569397205024, 'hidden_continuous_size': 11, 'attention_head_size': 2, 'learning_rate': 0.031183238194298066}. Best is trial 0 with value: 73.40227508544922.
LOCAL_RANK: 0 - CUDA_VISIBLE_DEVICES: [0]
[I 2023-11-29 23:24:36,732] Trial 2 finished with value: 92.31759643554688 and parameters: {'gradient_clip_val': 0.34258062052220684, 'hidden_size': 94, 'dropout': 0.3219382864458641, 'hidden_continuous_size': 22, 'attention_head_size': 2, 'learning_rate': 0.0013577996736075313}. Best is trial 0 with value: 73.40227508544922.
LOCAL_RANK: 0 - CUDA_VISIBLE_DEVICES: [0]
[I 2023-11-29 23:24:49,710] Trial 3 finished with value: 131.20375061035156 and parameters: {'gradient_clip_val': 0.22968802537070254, 'hidden_size': 53, 'dropout': 0.14183840697228978, 'hidden_continuous_size': 26, 'attention_head_size': 3, 'learning_rate': 0.0010488995775808298}. Best is trial 0 with value: 73.40227508544922.
LOCAL_RANK: 0 - CUDA_VISIBLE_DEVICES: [0]
[I 2023-11-29 23:25:02,657] Trial 4 finished with value: 64.44927978515625 and parameters: {'gradient_clip_val': 0.7494968886162223, 'hidden_size': 57, 'dropout': 0.3145665845325938, 'hidden_continuous_size': 21, 'attention_head_size': 3, 'learning_rate': 0.05023584791237185}. Best is trial 4 with value: 64.44927978515625.
LOCAL_RANK: 0 - CUDA_VISIBLE_DEVICES: [0]
[I 2023-11-29 23:25:12,911] Trial 5 finished with value: 129.4268035888672 and parameters: {'gradient_clip_val': 0.35646860085479815, 'hidden_size': 12, 'dropout': 0.26661520061196153, 'hidden_continuous_size': 12, 'attention_head_size': 3, 'learning_rate': 0.005311805615258588}. Best is trial 4 with value: 64.44927978515625.
LOCAL_RANK: 0 - CUDA_VISIBLE_DEVICES: [0]
[I 2023-11-29 23:25:26,260] Trial 6 finished with value: 84.89319610595703 and parameters: {'gradient_clip_val': 0.11245147728683025, 'hidden_size': 54, 'dropout': 0.1582617503416679, 'hidden_continuous_size': 42, 'attention_head_size': 2, 'learning_rate': 0.003192276436387703}. Best is trial 4 with value: 64.44927978515625.
LOCAL_RANK: 0 - CUDA_VISIBLE_DEVICES: [0]
[I 2023-11-29 23:25:38,629] Trial 7 finished with value: 64.54363250732422 and parameters: {'gradient_clip_val': 0.3066156353620746, 'hidden_size': 25, 'dropout': 0.11866604537886505, 'hidden_continuous_size': 18, 'attention_head_size': 3, 'learning_rate': 0.05797374884133696}. Best is trial 4 with value: 64.44927978515625.
LOCAL_RANK: 0 - CUDA_VISIBLE_DEVICES: [0]
[I 2023-11-29 23:25:52,510] Trial 8 finished with value: 72.19609832763672 and parameters: {'gradient_clip_val': 0.3049553226196873, 'hidden_size': 76, 'dropout': 0.24599683174812492, 'hidden_continuous_size': 70, 'attention_head_size': 2, 'learning_rate': 0.052399742747949514}. Best is trial 4 with value: 64.44927978515625.
LOCAL_RANK: 0 - CUDA_VISIBLE_DEVICES: [0]
[I 2023-11-29 23:26:04,491] Trial 9 finished with value: 165.2223358154297 and parameters: {'gradient_clip_val': 0.14726671780119316, 'hidden_size': 13, 'dropout': 0.3087516273565235, 'hidden_continuous_size': 12, 'attention_head_size': 1, 'learning_rate': 0.0061029379273144745}. Best is trial 4 with value: 64.44927978515625.
LOCAL_RANK: 0 - CUDA_VISIBLE_DEVICES: [0]
[I 2023-11-29 23:26:19,338] Trial 10 finished with value: 60.02565002441406 and parameters: {'gradient_clip_val': 0.9299877807545378, 'hidden_size': 140, 'dropout': 0.39570967618850444, 'hidden_continuous_size': 121, 'attention_head_size': 4, 'learning_rate': 0.09032042195940834}. Best is trial 10 with value: 60.02565002441406.
LOCAL_RANK: 0 - CUDA_VISIBLE_DEVICES: [0]
[I 2023-11-29 23:26:34,243] Trial 11 finished with value: 61.45717239379883 and parameters: {'gradient_clip_val': 0.9931912329457598, 'hidden_size': 146, 'dropout': 0.39913641410989875, 'hidden_continuous_size': 117, 'attention_head_size': 4, 'learning_rate': 0.09479245060514589}. Best is trial 10 with value: 60.02565002441406.
LOCAL_RANK: 0 - CUDA_VISIBLE_DEVICES: [0]
[I 2023-11-29 23:26:48,885] Trial 12 finished with value: 63.66450500488281 and parameters: {'gradient_clip_val': 0.9827392550009229, 'hidden_size': 140, 'dropout': 0.3997388577769115, 'hidden_continuous_size': 133, 'attention_head_size': 4, 'learning_rate': 0.08988036864078204}. Best is trial 10 with value: 60.02565002441406.
LOCAL_RANK: 0 - CUDA_VISIBLE_DEVICES: [0]
[I 2023-11-29 23:27:03,801] Trial 13 finished with value: 66.83831024169922 and parameters: {'gradient_clip_val': 0.6414671145130404, 'hidden_size': 148, 'dropout': 0.39648932330609454, 'hidden_continuous_size': 144, 'attention_head_size': 4, 'learning_rate': 0.09915939296927426}. Best is trial 10 with value: 60.02565002441406.
LOCAL_RANK: 0 - CUDA_VISIBLE_DEVICES: [0]
[I 2023-11-29 23:27:18,179] Trial 14 finished with value: 83.57709503173828 and parameters: {'gradient_clip_val': 0.5538443492277094, 'hidden_size': 140, 'dropout': 0.3631320808464573, 'hidden_continuous_size': 90, 'attention_head_size': 4, 'learning_rate': 0.026561259673979803}. Best is trial 10 with value: 60.02565002441406.
LOCAL_RANK: 0 - CUDA_VISIBLE_DEVICES: [0]
[I 2023-11-29 23:27:31,039] Trial 15 finished with value: 64.16663360595703 and parameters: {'gradient_clip_val': 0.9537390442106686, 'hidden_size': 33, 'dropout': 0.3503664616133278, 'hidden_continuous_size': 14, 'attention_head_size': 4, 'learning_rate': 0.019870312989945987}. Best is trial 10 with value: 60.02565002441406.
LOCAL_RANK: 0 - CUDA_VISIBLE_DEVICES: [0]
[I 2023-11-29 23:27:44,718] Trial 16 finished with value: 64.23892211914062 and parameters: {'gradient_clip_val': 0.5706250622164267, 'hidden_size': 98, 'dropout': 0.367602484272449, 'hidden_continuous_size': 38, 'attention_head_size': 1, 'learning_rate': 0.017586590636384698}. Best is trial 10 with value: 60.02565002441406.
LOCAL_RANK: 0 - CUDA_VISIBLE_DEVICES: [0]
[I 2023-11-29 23:27:58,979] Trial 17 finished with value: 68.47441864013672 and parameters: {'gradient_clip_val': 0.48752878432299784, 'hidden_size': 114, 'dropout': 0.28459191108007353, 'hidden_continuous_size': 54, 'attention_head_size': 4, 'learning_rate': 0.08393971574352475}. Best is trial 10 with value: 60.02565002441406.
LOCAL_RANK: 0 - CUDA_VISIBLE_DEVICES: [0]
[I 2023-11-29 23:28:12,577] Trial 18 finished with value: 62.8216552734375 and parameters: {'gradient_clip_val': 0.7688454032845776, 'hidden_size': 81, 'dropout': 0.34528463621026684, 'hidden_continuous_size': 32, 'attention_head_size': 3, 'learning_rate': 0.03739982057904913}. Best is trial 10 with value: 60.02565002441406.
LOCAL_RANK: 0 - CUDA_VISIBLE_DEVICES: [0]
[I 2023-11-29 23:28:27,112] Trial 19 finished with value: 69.99340057373047 and parameters: {'gradient_clip_val': 0.9879596798966874, 'hidden_size': 119, 'dropout': 0.3945238139083125, 'hidden_continuous_size': 91, 'attention_head_size': 4, 'learning_rate': 0.06105366446405969}. Best is trial 10 with value: 60.02565002441406.
LOCAL_RANK: 0 - CUDA_VISIBLE_DEVICES: [0]
[I 2023-11-29 23:28:40,819] Trial 20 finished with value: 63.59001541137695 and parameters: {'gradient_clip_val': 0.4630283649254253, 'hidden_size': 67, 'dropout': 0.37203373209289714, 'hidden_continuous_size': 30, 'attention_head_size': 3, 'learning_rate': 0.039125218427824585}. Best is trial 10 with value: 60.02565002441406.
LOCAL_RANK: 0 - CUDA_VISIBLE_DEVICES: [0]
[I 2023-11-29 23:28:55,553] Trial 21 finished with value: 68.59347534179688 and parameters: {'gradient_clip_val': 0.7465976279621882, 'hidden_size': 150, 'dropout': 0.34584382298216076, 'hidden_continuous_size': 110, 'attention_head_size': 3, 'learning_rate': 0.09644586054132785}. Best is trial 10 with value: 60.02565002441406.
LOCAL_RANK: 0 - CUDA_VISIBLE_DEVICES: [0]
[I 2023-11-29 23:29:09,668] Trial 22 finished with value: 64.30902862548828 and parameters: {'gradient_clip_val': 0.7132418736724978, 'hidden_size': 109, 'dropout': 0.33606592645990857, 'hidden_continuous_size': 55, 'attention_head_size': 4, 'learning_rate': 0.038966195426818125}. Best is trial 10 with value: 60.02565002441406.
LOCAL_RANK: 0 - CUDA_VISIBLE_DEVICES: [0]
[I 2023-11-29 23:29:23,555] Trial 23 finished with value: 63.54685592651367 and parameters: {'gradient_clip_val': 0.8396819274891762, 'hidden_size': 78, 'dropout': 0.3729550891964636, 'hidden_continuous_size': 58, 'attention_head_size': 3, 'learning_rate': 0.06231963048506483}. Best is trial 10 with value: 60.02565002441406.
LOCAL_RANK: 0 - CUDA_VISIBLE_DEVICES: [0]
[I 2023-11-29 23:29:37,791] Trial 24 finished with value: 70.20315551757812 and parameters: {'gradient_clip_val': 0.6354962386706173, 'hidden_size': 116, 'dropout': 0.33829127294307304, 'hidden_continuous_size': 79, 'attention_head_size': 4, 'learning_rate': 0.07056920512832224}. Best is trial 10 with value: 60.02565002441406.
LOCAL_RANK: 0 - CUDA_VISIBLE_DEVICES: [0]
[I 2023-11-29 23:29:51,845] Trial 25 finished with value: 67.2759780883789 and parameters: {'gradient_clip_val': 0.8741545389555812, 'hidden_size': 88, 'dropout': 0.3781787490847939, 'hidden_continuous_size': 63, 'attention_head_size': 3, 'learning_rate': 0.0452314162110912}. Best is trial 10 with value: 60.02565002441406.
LOCAL_RANK: 0 - CUDA_VISIBLE_DEVICES: [0]
[I 2023-11-29 23:30:05,695] Trial 26 finished with value: 61.67441940307617 and parameters: {'gradient_clip_val': 0.7783906285970424, 'hidden_size': 116, 'dropout': 0.39866225718578524, 'hidden_continuous_size': 44, 'attention_head_size': 4, 'learning_rate': 0.06795157337056197}. Best is trial 10 with value: 60.02565002441406.
LOCAL_RANK: 0 - CUDA_VISIBLE_DEVICES: [0]
[I 2023-11-29 23:30:20,141] Trial 27 finished with value: 72.4529800415039 and parameters: {'gradient_clip_val': 0.9963376031739737, 'hidden_size': 118, 'dropout': 0.38591453639719636, 'hidden_continuous_size': 79, 'attention_head_size': 4, 'learning_rate': 0.07202316845327862}. Best is trial 10 with value: 60.02565002441406.
LOCAL_RANK: 0 - CUDA_VISIBLE_DEVICES: [0]
[I 2023-11-29 23:30:33,867] Trial 28 finished with value: 77.74688720703125 and parameters: {'gradient_clip_val': 0.6633799612939233, 'hidden_size': 69, 'dropout': 0.39847412961619644, 'hidden_continuous_size': 48, 'attention_head_size': 4, 'learning_rate': 0.06917682774242576}. Best is trial 10 with value: 60.02565002441406.
LOCAL_RANK: 0 - CUDA_VISIBLE_DEVICES: [0]
[I 2023-11-29 23:30:47,803] Trial 29 finished with value: 62.82199478149414 and parameters: {'gradient_clip_val': 0.8623175269393869, 'hidden_size': 92, 'dropout': 0.3627857325614373, 'hidden_continuous_size': 47, 'attention_head_size': 4, 'learning_rate': 0.022153492870565186}. Best is trial 10 with value: 60.02565002441406.
LOCAL_RANK: 0 - CUDA_VISIBLE_DEVICES: [0]
[I 2023-11-29 23:31:02,516] Trial 30 finished with value: 73.81449127197266 and parameters: {'gradient_clip_val': 0.8112143297060732, 'hidden_size': 127, 'dropout': 0.299891008520972, 'hidden_continuous_size': 100, 'attention_head_size': 4, 'learning_rate': 0.015648594634382215}. Best is trial 10 with value: 60.02565002441406.
LOCAL_RANK: 0 - CUDA_VISIBLE_DEVICES: [0]
[I 2023-11-29 23:31:16,530] Trial 31 finished with value: 76.7864761352539 and parameters: {'gradient_clip_val': 0.7476917448863104, 'hidden_size': 104, 'dropout': 0.35029943725024865, 'hidden_continuous_size': 35, 'attention_head_size': 4, 'learning_rate': 0.03791187342193851}. Best is trial 10 with value: 60.02565002441406.
LOCAL_RANK: 0 - CUDA_VISIBLE_DEVICES: [0]
[I 2023-11-29 23:31:31,035] Trial 32 finished with value: 70.73912811279297 and parameters: {'gradient_clip_val': 0.8347299765957592, 'hidden_size': 130, 'dropout': 0.3857580264456596, 'hidden_continuous_size': 116, 'attention_head_size': 3, 'learning_rate': 0.0317445778313026}. Best is trial 10 with value: 60.02565002441406.
LOCAL_RANK: 0 - CUDA_VISIBLE_DEVICES: [0]
[I 2023-11-29 23:31:46,118] Trial 33 finished with value: 61.80906295776367 and parameters: {'gradient_clip_val': 0.7001950425591533, 'hidden_size': 150, 'dropout': 0.37583585983071477, 'hidden_continuous_size': 149, 'attention_head_size': 4, 'learning_rate': 0.09552022475962293}. Best is trial 10 with value: 60.02565002441406.
LOCAL_RANK: 0 - CUDA_VISIBLE_DEVICES: [0]
[I 2023-11-29 23:32:00,984] Trial 34 finished with value: 67.18172454833984 and parameters: {'gradient_clip_val': 0.6306706398957588, 'hidden_size': 150, 'dropout': 0.3291600855010306, 'hidden_continuous_size': 129, 'attention_head_size': 4, 'learning_rate': 0.09607936168279743}. Best is trial 10 with value: 60.02565002441406.
LOCAL_RANK: 0 - CUDA_VISIBLE_DEVICES: [0]
