[I 2023-11-30 15:45:30,581] Trial 60 finished with value: 84.43901824951172 and parameters: {'gradient_clip_val': 0.5536440553555614, 'hidden_size': 53, 'dropout': 0.30452377526670404, 'hidden_continuous_size': 31, 'attention_head_size': 2, 'learning_rate': 0.007295334041302204}. Best is trial 29 with value: 74.35882568359375.
LOCAL_RANK: 0 - CUDA_VISIBLE_DEVICES: [0]
[I 2023-11-30 15:45:43,904] Trial 61 finished with value: 85.4330062866211 and parameters: {'gradient_clip_val': 0.7448732342975152, 'hidden_size': 40, 'dropout': 0.32461228455420355, 'hidden_continuous_size': 30, 'attention_head_size': 3, 'learning_rate': 0.021145921684338154}. Best is trial 29 with value: 74.35882568359375.
LOCAL_RANK: 0 - CUDA_VISIBLE_DEVICES: [0]
[I 2023-11-30 15:45:57,731] Trial 62 finished with value: 84.5529556274414 and parameters: {'gradient_clip_val': 0.6236251182929045, 'hidden_size': 35, 'dropout': 0.33942381334683874, 'hidden_continuous_size': 29, 'attention_head_size': 3, 'learning_rate': 0.01753167793685869}. Best is trial 29 with value: 74.35882568359375.
LOCAL_RANK: 0 - CUDA_VISIBLE_DEVICES: [0]
[I 2023-11-30 15:46:11,363] Trial 63 finished with value: 81.25064849853516 and parameters: {'gradient_clip_val': 0.8219452673955429, 'hidden_size': 43, 'dropout': 0.3277408838321424, 'hidden_continuous_size': 27, 'attention_head_size': 3, 'learning_rate': 0.023861929369330157}. Best is trial 29 with value: 74.35882568359375.
LOCAL_RANK: 0 - CUDA_VISIBLE_DEVICES: [0]
[I 2023-11-30 15:46:25,562] Trial 64 finished with value: 84.53861236572266 and parameters: {'gradient_clip_val': 0.7738509565338658, 'hidden_size': 62, 'dropout': 0.3582355130552451, 'hidden_continuous_size': 33, 'attention_head_size': 3, 'learning_rate': 0.0149598116316358}. Best is trial 29 with value: 74.35882568359375.
LOCAL_RANK: 0 - CUDA_VISIBLE_DEVICES: [0]
[I 2023-11-30 15:46:39,363] Trial 65 finished with value: 83.39469909667969 and parameters: {'gradient_clip_val': 0.6642198801367389, 'hidden_size': 48, 'dropout': 0.32066237681832566, 'hidden_continuous_size': 28, 'attention_head_size': 3, 'learning_rate': 0.012256661709474502}. Best is trial 29 with value: 74.35882568359375.
LOCAL_RANK: 0 - CUDA_VISIBLE_DEVICES: [0]
[I 2023-11-30 15:46:53,328] Trial 66 finished with value: 86.76861572265625 and parameters: {'gradient_clip_val': 0.9004101740168999, 'hidden_size': 53, 'dropout': 0.34594879395432737, 'hidden_continuous_size': 24, 'attention_head_size': 3, 'learning_rate': 0.02501519054851084}. Best is trial 29 with value: 74.35882568359375.
LOCAL_RANK: 0 - CUDA_VISIBLE_DEVICES: [0]
[I 2023-11-30 15:47:06,818] Trial 67 finished with value: 90.41706085205078 and parameters: {'gradient_clip_val': 0.7035797166257695, 'hidden_size': 37, 'dropout': 0.3711766412484645, 'hidden_continuous_size': 29, 'attention_head_size': 4, 'learning_rate': 0.009068669077842012}. Best is trial 29 with value: 74.35882568359375.
LOCAL_RANK: 0 - CUDA_VISIBLE_DEVICES: [0]
[I 2023-11-30 15:47:20,735] Trial 68 finished with value: 81.83842468261719 and parameters: {'gradient_clip_val': 0.613022598306413, 'hidden_size': 41, 'dropout': 0.3091950876196437, 'hidden_continuous_size': 32, 'attention_head_size': 3, 'learning_rate': 0.01617219013376354}. Best is trial 29 with value: 74.35882568359375.
LOCAL_RANK: 0 - CUDA_VISIBLE_DEVICES: [0]
[I 2023-11-30 15:47:35,130] Trial 69 finished with value: 83.66389465332031 and parameters: {'gradient_clip_val': 0.9892576827276116, 'hidden_size': 58, 'dropout': 0.32995773129673384, 'hidden_continuous_size': 37, 'attention_head_size': 2, 'learning_rate': 0.0132140959846076}. Best is trial 29 with value: 74.35882568359375.
LOCAL_RANK: 0 - CUDA_VISIBLE_DEVICES: [0]
[I 2023-11-30 15:47:50,025] Trial 70 finished with value: 87.1478500366211 and parameters: {'gradient_clip_val': 0.5680202723224754, 'hidden_size': 45, 'dropout': 0.27426615765451523, 'hidden_continuous_size': 35, 'attention_head_size': 3, 'learning_rate': 0.030453745742002544}. Best is trial 29 with value: 74.35882568359375.
LOCAL_RANK: 0 - CUDA_VISIBLE_DEVICES: [0]
[I 2023-11-30 15:48:04,529] Trial 71 finished with value: 89.4669189453125 and parameters: {'gradient_clip_val': 0.7658895642460117, 'hidden_size': 64, 'dropout': 0.31640299730314086, 'hidden_continuous_size': 32, 'attention_head_size': 3, 'learning_rate': 0.009000898075464862}. Best is trial 29 with value: 74.35882568359375.
LOCAL_RANK: 0 - CUDA_VISIBLE_DEVICES: [0]
[I 2023-11-30 15:48:18,284] Trial 72 finished with value: 84.91385650634766 and parameters: {'gradient_clip_val': 0.7731756476160926, 'hidden_size': 64, 'dropout': 0.30605244245634783, 'hidden_continuous_size': 26, 'attention_head_size': 3, 'learning_rate': 0.008261505891065423}. Best is trial 29 with value: 74.35882568359375.
LOCAL_RANK: 0 - CUDA_VISIBLE_DEVICES: [0]
[I 2023-11-30 15:48:32,103] Trial 73 finished with value: 85.459228515625 and parameters: {'gradient_clip_val': 0.8087541667004968, 'hidden_size': 51, 'dropout': 0.2928364353856798, 'hidden_continuous_size': 34, 'attention_head_size': 3, 'learning_rate': 0.01124181377965485}. Best is trial 29 with value: 74.35882568359375.
LOCAL_RANK: 0 - CUDA_VISIBLE_DEVICES: [0]
[I 2023-11-30 15:48:46,680] Trial 74 finished with value: 86.57550048828125 and parameters: {'gradient_clip_val': 0.6585197590035241, 'hidden_size': 68, 'dropout': 0.32775857394275154, 'hidden_continuous_size': 21, 'attention_head_size': 3, 'learning_rate': 0.007684723250222903}. Best is trial 29 with value: 74.35882568359375.
LOCAL_RANK: 0 - CUDA_VISIBLE_DEVICES: [0]
[I 2023-11-30 15:49:00,703] Trial 75 finished with value: 80.68026733398438 and parameters: {'gradient_clip_val': 0.7258515742564652, 'hidden_size': 58, 'dropout': 0.3095303665849459, 'hidden_continuous_size': 39, 'attention_head_size': 3, 'learning_rate': 0.009990896247759699}. Best is trial 29 with value: 74.35882568359375.
LOCAL_RANK: 0 - CUDA_VISIBLE_DEVICES: [0]
[I 2023-11-30 15:49:14,210] Trial 76 finished with value: 91.21710968017578 and parameters: {'gradient_clip_val': 0.8676721385238753, 'hidden_size': 43, 'dropout': 0.3459886001124154, 'hidden_continuous_size': 30, 'attention_head_size': 1, 'learning_rate': 0.006350085824081685}. Best is trial 29 with value: 74.35882568359375.
LOCAL_RANK: 0 - CUDA_VISIBLE_DEVICES: [0]
[I 2023-11-30 15:49:28,470] Trial 77 finished with value: 79.03890991210938 and parameters: {'gradient_clip_val': 0.5195237651575701, 'hidden_size': 55, 'dropout': 0.3398698584777591, 'hidden_continuous_size': 27, 'attention_head_size': 3, 'learning_rate': 0.012390618092627195}. Best is trial 29 with value: 74.35882568359375.
LOCAL_RANK: 0 - CUDA_VISIBLE_DEVICES: [0]
[I 2023-11-30 15:49:42,620] Trial 78 finished with value: 91.025146484375 and parameters: {'gradient_clip_val': 0.5019325850051728, 'hidden_size': 47, 'dropout': 0.33721315032903065, 'hidden_continuous_size': 27, 'attention_head_size': 3, 'learning_rate': 0.015065427437387865}. Best is trial 29 with value: 74.35882568359375.
LOCAL_RANK: 0 - CUDA_VISIBLE_DEVICES: [0]
[I 2023-11-30 15:49:56,394] Trial 79 finished with value: 82.5774917602539 and parameters: {'gradient_clip_val': 0.5755106028131067, 'hidden_size': 54, 'dropout': 0.3552726507576051, 'hidden_continuous_size': 25, 'attention_head_size': 3, 'learning_rate': 0.02012632330692091}. Best is trial 29 with value: 74.35882568359375.
LOCAL_RANK: 0 - CUDA_VISIBLE_DEVICES: [0]
[I 2023-11-30 15:50:10,263] Trial 80 finished with value: 80.32915496826172 and parameters: {'gradient_clip_val': 0.532185673184093, 'hidden_size': 51, 'dropout': 0.36159011713855227, 'hidden_continuous_size': 29, 'attention_head_size': 2, 'learning_rate': 0.018249273243100154}. Best is trial 29 with value: 74.35882568359375.
LOCAL_RANK: 0 - CUDA_VISIBLE_DEVICES: [0]
[I 2023-11-30 15:50:24,203] Trial 81 finished with value: 88.68508911132812 and parameters: {'gradient_clip_val': 0.6770921265885556, 'hidden_size': 56, 'dropout': 0.32436626138528263, 'hidden_continuous_size': 22, 'attention_head_size': 3, 'learning_rate': 0.011896841964198518}. Best is trial 29 with value: 74.35882568359375.
LOCAL_RANK: 0 - CUDA_VISIBLE_DEVICES: [0]
[I 2023-11-30 15:50:38,104] Trial 82 finished with value: 87.67218017578125 and parameters: {'gradient_clip_val': 0.617030369784494, 'hidden_size': 64, 'dropout': 0.3337115892123714, 'hidden_continuous_size': 32, 'attention_head_size': 3, 'learning_rate': 0.009853412609762517}. Best is trial 29 with value: 74.35882568359375.
LOCAL_RANK: 0 - CUDA_VISIBLE_DEVICES: [0]
[I 2023-11-30 15:50:52,136] Trial 83 finished with value: 87.32955932617188 and parameters: {'gradient_clip_val': 0.7634465550391986, 'hidden_size': 39, 'dropout': 0.30008262659109936, 'hidden_continuous_size': 28, 'attention_head_size': 3, 'learning_rate': 0.008118005325290516}. Best is trial 29 with value: 74.35882568359375.
LOCAL_RANK: 0 - CUDA_VISIBLE_DEVICES: [0]
[I 2023-11-30 15:51:05,700] Trial 84 finished with value: 76.98265838623047 and parameters: {'gradient_clip_val': 0.20627885620537176, 'hidden_size': 47, 'dropout': 0.31399206579717326, 'hidden_continuous_size': 27, 'attention_head_size': 3, 'learning_rate': 0.01245553609374894}. Best is trial 29 with value: 74.35882568359375.
LOCAL_RANK: 0 - CUDA_VISIBLE_DEVICES: [0]
[I 2023-11-30 15:51:19,456] Trial 85 finished with value: 81.77293395996094 and parameters: {'gradient_clip_val': 0.21669474076077072, 'hidden_size': 42, 'dropout': 0.3420836162443182, 'hidden_continuous_size': 26, 'attention_head_size': 3, 'learning_rate': 0.0134467159361258}. Best is trial 29 with value: 74.35882568359375.
LOCAL_RANK: 0 - CUDA_VISIBLE_DEVICES: [0]
[I 2023-11-30 15:51:32,972] Trial 86 finished with value: 82.15721893310547 and parameters: {'gradient_clip_val': 0.19642270343574214, 'hidden_size': 47, 'dropout': 0.3200179115692078, 'hidden_continuous_size': 24, 'attention_head_size': 3, 'learning_rate': 0.011433646526469976}. Best is trial 29 with value: 74.35882568359375.
LOCAL_RANK: 0 - CUDA_VISIBLE_DEVICES: [0]
[I 2023-11-30 15:51:46,691] Trial 87 finished with value: 85.34573364257812 and parameters: {'gradient_clip_val': 0.1746446357057221, 'hidden_size': 51, 'dropout': 0.313168332215543, 'hidden_continuous_size': 27, 'attention_head_size': 4, 'learning_rate': 0.015082833051338621}. Best is trial 29 with value: 74.35882568359375.
LOCAL_RANK: 0 - CUDA_VISIBLE_DEVICES: [0]
[I 2023-11-30 15:51:59,850] Trial 88 finished with value: 80.84369659423828 and parameters: {'gradient_clip_val': 0.7068093245569669, 'hidden_size': 44, 'dropout': 0.35012630873473805, 'hidden_continuous_size': 25, 'attention_head_size': 3, 'learning_rate': 0.016074852699598834}. Best is trial 29 with value: 74.35882568359375.
LOCAL_RANK: 0 - CUDA_VISIBLE_DEVICES: [0]
[I 2023-11-30 15:52:13,594] Trial 89 finished with value: 81.15696716308594 and parameters: {'gradient_clip_val': 0.6374520810463898, 'hidden_size': 49, 'dropout': 0.33118041276419846, 'hidden_continuous_size': 23, 'attention_head_size': 3, 'learning_rate': 0.013086855182419057}. Best is trial 29 with value: 74.35882568359375.
LOCAL_RANK: 0 - CUDA_VISIBLE_DEVICES: [0]
[I 2023-11-30 15:52:27,361] Trial 90 finished with value: 88.86397552490234 and parameters: {'gradient_clip_val': 0.5990175071925593, 'hidden_size': 56, 'dropout': 0.34390524947972934, 'hidden_continuous_size': 29, 'attention_head_size': 3, 'learning_rate': 0.01915832522295069}. Best is trial 29 with value: 74.35882568359375.
LOCAL_RANK: 0 - CUDA_VISIBLE_DEVICES: [0]
[I 2023-11-30 15:52:41,287] Trial 91 finished with value: 82.1498794555664 and parameters: {'gradient_clip_val': 0.8031979075856338, 'hidden_size': 60, 'dropout': 0.31338038732066104, 'hidden_continuous_size': 34, 'attention_head_size': 3, 'learning_rate': 0.010501972319096824}. Best is trial 29 with value: 74.35882568359375.
LOCAL_RANK: 0 - CUDA_VISIBLE_DEVICES: [0]
[I 2023-11-30 15:52:54,769] Trial 92 finished with value: 84.74823760986328 and parameters: {'gradient_clip_val': 0.9346995301167059, 'hidden_size': 47, 'dropout': 0.30555165478338553, 'hidden_continuous_size': 31, 'attention_head_size': 3, 'learning_rate': 0.008863140398156773}. Best is trial 29 with value: 74.35882568359375.
LOCAL_RANK: 0 - CUDA_VISIBLE_DEVICES: [0]
[I 2023-11-30 15:53:09,557] Trial 93 finished with value: 87.82208251953125 and parameters: {'gradient_clip_val': 0.858942178272595, 'hidden_size': 75, 'dropout': 0.3369600934186447, 'hidden_continuous_size': 38, 'attention_head_size': 3, 'learning_rate': 0.012218101888677876}. Best is trial 29 with value: 74.35882568359375.
