[I 2023-11-29 22:29:14,921] Trial 42 finished with value: 10.009615898132324 and parameters: {'gradient_clip_val': 0.15205517745452632, 'hidden_size': 35, 'dropout': 0.37806734410854526, 'hidden_continuous_size': 20, 'attention_head_size': 2, 'learning_rate': 0.05006365854661381}. Best is trial 10 with value: 6.593349933624268.
LOCAL_RANK: 0 - CUDA_VISIBLE_DEVICES: [0]
[I 2023-11-29 22:29:27,204] Trial 43 finished with value: 13.665087699890137 and parameters: {'gradient_clip_val': 0.11200616718275393, 'hidden_size': 27, 'dropout': 0.3688900876585178, 'hidden_continuous_size': 15, 'attention_head_size': 2, 'learning_rate': 0.029453313380192903}. Best is trial 10 with value: 6.593349933624268.
LOCAL_RANK: 0 - CUDA_VISIBLE_DEVICES: [0]
[I 2023-11-29 22:29:40,026] Trial 44 finished with value: 6.534374237060547 and parameters: {'gradient_clip_val': 0.17922888081533594, 'hidden_size': 51, 'dropout': 0.29539630330723804, 'hidden_continuous_size': 29, 'attention_head_size': 2, 'learning_rate': 0.0824443480816339}. Best is trial 44 with value: 6.534374237060547.
LOCAL_RANK: 0 - CUDA_VISIBLE_DEVICES: [0]
[I 2023-11-29 22:29:53,397] Trial 45 finished with value: 10.677139282226562 and parameters: {'gradient_clip_val': 0.21193584541598498, 'hidden_size': 70, 'dropout': 0.287321648259558, 'hidden_continuous_size': 34, 'attention_head_size': 1, 'learning_rate': 0.08192147700191804}. Best is trial 44 with value: 6.534374237060547.
LOCAL_RANK: 0 - CUDA_VISIBLE_DEVICES: [0]
[I 2023-11-29 22:30:06,545] Trial 46 finished with value: 6.422887325286865 and parameters: {'gradient_clip_val': 0.1807910918487654, 'hidden_size': 49, 'dropout': 0.3094421796050106, 'hidden_continuous_size': 29, 'attention_head_size': 2, 'learning_rate': 0.08097448255046796}. Best is trial 46 with value: 6.422887325286865.
LOCAL_RANK: 0 - CUDA_VISIBLE_DEVICES: [0]
[I 2023-11-29 22:30:19,816] Trial 47 finished with value: 9.259873390197754 and parameters: {'gradient_clip_val': 0.18335779235308353, 'hidden_size': 57, 'dropout': 0.27186966531912216, 'hidden_continuous_size': 29, 'attention_head_size': 3, 'learning_rate': 0.08109452564975529}. Best is trial 46 with value: 6.422887325286865.
LOCAL_RANK: 0 - CUDA_VISIBLE_DEVICES: [0]
[I 2023-11-29 22:30:33,326] Trial 48 finished with value: 9.311397552490234 and parameters: {'gradient_clip_val': 0.2665452976040784, 'hidden_size': 77, 'dropout': 0.3083251058400573, 'hidden_continuous_size': 37, 'attention_head_size': 2, 'learning_rate': 0.08995026345246128}. Best is trial 46 with value: 6.422887325286865.
LOCAL_RANK: 0 - CUDA_VISIBLE_DEVICES: [0]
[I 2023-11-29 22:30:46,510] Trial 49 finished with value: 7.0055060386657715 and parameters: {'gradient_clip_val': 0.206872339517738, 'hidden_size': 50, 'dropout': 0.29124364503197264, 'hidden_continuous_size': 31, 'attention_head_size': 3, 'learning_rate': 0.06593792670673272}. Best is trial 46 with value: 6.422887325286865.
LOCAL_RANK: 0 - CUDA_VISIBLE_DEVICES: [0]
[I 2023-11-29 22:30:59,580] Trial 50 finished with value: 9.690274238586426 and parameters: {'gradient_clip_val': 0.2037034391237432, 'hidden_size': 50, 'dropout': 0.2908657575542431, 'hidden_continuous_size': 31, 'attention_head_size': 4, 'learning_rate': 0.06678327573436511}. Best is trial 46 with value: 6.422887325286865.
LOCAL_RANK: 0 - CUDA_VISIBLE_DEVICES: [0]
[I 2023-11-29 22:31:13,186] Trial 51 finished with value: 8.763481140136719 and parameters: {'gradient_clip_val': 0.18136888517887823, 'hidden_size': 58, 'dropout': 0.3225478577130162, 'hidden_continuous_size': 34, 'attention_head_size': 3, 'learning_rate': 0.0982545095012731}. Best is trial 46 with value: 6.422887325286865.
LOCAL_RANK: 0 - CUDA_VISIBLE_DEVICES: [0]
[I 2023-11-29 22:31:26,734] Trial 52 finished with value: 7.869932651519775 and parameters: {'gradient_clip_val': 0.14762318180517323, 'hidden_size': 67, 'dropout': 0.30605319982731416, 'hidden_continuous_size': 40, 'attention_head_size': 3, 'learning_rate': 0.07969337262889417}. Best is trial 46 with value: 6.422887325286865.
LOCAL_RANK: 0 - CUDA_VISIBLE_DEVICES: [0]
[I 2023-11-29 22:31:39,587] Trial 53 finished with value: 8.26383113861084 and parameters: {'gradient_clip_val': 0.1308482098721113, 'hidden_size': 42, 'dropout': 0.290397353141155, 'hidden_continuous_size': 28, 'attention_head_size': 3, 'learning_rate': 0.06643375734307087}. Best is trial 46 with value: 6.422887325286865.
LOCAL_RANK: 0 - CUDA_VISIBLE_DEVICES: [0]
[I 2023-11-29 22:31:52,478] Trial 54 finished with value: 7.907784938812256 and parameters: {'gradient_clip_val': 0.21308351135691744, 'hidden_size': 51, 'dropout': 0.25145170458940597, 'hidden_continuous_size': 30, 'attention_head_size': 2, 'learning_rate': 0.044433064242712976}. Best is trial 46 with value: 6.422887325286865.
LOCAL_RANK: 0 - CUDA_VISIBLE_DEVICES: [0]
[I 2023-11-29 22:32:06,030] Trial 55 finished with value: 6.251669406890869 and parameters: {'gradient_clip_val': 0.15440262895699827, 'hidden_size': 72, 'dropout': 0.2769596882756369, 'hidden_continuous_size': 45, 'attention_head_size': 3, 'learning_rate': 0.08414350741654515}. Best is trial 55 with value: 6.251669406890869.
LOCAL_RANK: 0 - CUDA_VISIBLE_DEVICES: [0]
[I 2023-11-29 22:32:19,959] Trial 56 finished with value: 7.927748203277588 and parameters: {'gradient_clip_val': 0.1861474150828391, 'hidden_size': 82, 'dropout': 0.27403978717228233, 'hidden_continuous_size': 45, 'attention_head_size': 3, 'learning_rate': 0.08468162207793653}. Best is trial 55 with value: 6.251669406890869.
LOCAL_RANK: 0 - CUDA_VISIBLE_DEVICES: [0]
[I 2023-11-29 22:32:33,372] Trial 57 finished with value: 8.275269508361816 and parameters: {'gradient_clip_val': 0.1298655887007052, 'hidden_size': 60, 'dropout': 0.26553369908472263, 'hidden_continuous_size': 35, 'attention_head_size': 3, 'learning_rate': 0.08531177673918251}. Best is trial 55 with value: 6.251669406890869.
LOCAL_RANK: 0 - CUDA_VISIBLE_DEVICES: [0]
[I 2023-11-29 22:32:47,155] Trial 58 finished with value: 7.382755279541016 and parameters: {'gradient_clip_val': 0.3422187994206159, 'hidden_size': 73, 'dropout': 0.23117930604233888, 'hidden_continuous_size': 55, 'attention_head_size': 3, 'learning_rate': 0.0993255901614963}. Best is trial 55 with value: 6.251669406890869.
LOCAL_RANK: 0 - CUDA_VISIBLE_DEVICES: [0]
[I 2023-11-29 22:33:00,673] Trial 59 finished with value: 9.20468807220459 and parameters: {'gradient_clip_val': 0.10875797368290634, 'hidden_size': 69, 'dropout': 0.29481957716560625, 'hidden_continuous_size': 41, 'attention_head_size': 3, 'learning_rate': 0.06299916951589855}. Best is trial 55 with value: 6.251669406890869.
LOCAL_RANK: 0 - CUDA_VISIBLE_DEVICES: [0]
[I 2023-11-29 22:33:14,136] Trial 60 finished with value: 9.910613059997559 and parameters: {'gradient_clip_val': 0.14300203129161246, 'hidden_size': 54, 'dropout': 0.2753996931830506, 'hidden_continuous_size': 38, 'attention_head_size': 4, 'learning_rate': 0.01875028764195133}. Best is trial 55 with value: 6.251669406890869.
LOCAL_RANK: 0 - CUDA_VISIBLE_DEVICES: [0]
[I 2023-11-29 22:33:27,800] Trial 61 finished with value: 8.263647079467773 and parameters: {'gradient_clip_val': 0.16277724792555393, 'hidden_size': 62, 'dropout': 0.31316733623896564, 'hidden_continuous_size': 33, 'attention_head_size': 2, 'learning_rate': 0.06986495674288086}. Best is trial 55 with value: 6.251669406890869.
LOCAL_RANK: 0 - CUDA_VISIBLE_DEVICES: [0]
[I 2023-11-29 22:33:40,824] Trial 62 finished with value: 6.90263032913208 and parameters: {'gradient_clip_val': 0.15690790122510498, 'hidden_size': 48, 'dropout': 0.3285962351358022, 'hidden_continuous_size': 37, 'attention_head_size': 2, 'learning_rate': 0.060241593217030286}. Best is trial 55 with value: 6.251669406890869.
LOCAL_RANK: 0 - CUDA_VISIBLE_DEVICES: [0]
[I 2023-11-29 22:33:54,127] Trial 63 finished with value: 9.253265380859375 and parameters: {'gradient_clip_val': 0.1734579758858029, 'hidden_size': 49, 'dropout': 0.33505444916133387, 'hidden_continuous_size': 36, 'attention_head_size': 3, 'learning_rate': 0.08626809705449924}. Best is trial 55 with value: 6.251669406890869.
LOCAL_RANK: 0 - CUDA_VISIBLE_DEVICES: [0]
[I 2023-11-29 22:34:07,356] Trial 64 finished with value: 8.361641883850098 and parameters: {'gradient_clip_val': 0.12575954119057034, 'hidden_size': 54, 'dropout': 0.3256197141203163, 'hidden_continuous_size': 38, 'attention_head_size': 2, 'learning_rate': 0.04791134108818876}. Best is trial 55 with value: 6.251669406890869.
LOCAL_RANK: 0 - CUDA_VISIBLE_DEVICES: [0]
[I 2023-11-29 22:34:21,042] Trial 65 finished with value: 7.370964050292969 and parameters: {'gradient_clip_val': 0.15215422285530764, 'hidden_size': 65, 'dropout': 0.2991254908512537, 'hidden_continuous_size': 43, 'attention_head_size': 2, 'learning_rate': 0.05886578646374121}. Best is trial 55 with value: 6.251669406890869.
LOCAL_RANK: 0 - CUDA_VISIBLE_DEVICES: [0]
[I 2023-11-29 22:34:34,810] Trial 66 finished with value: 7.306230068206787 and parameters: {'gradient_clip_val': 0.1992387511672868, 'hidden_size': 82, 'dropout': 0.28658664533425926, 'hidden_continuous_size': 45, 'attention_head_size': 3, 'learning_rate': 0.07198908736111444}. Best is trial 55 with value: 6.251669406890869.
LOCAL_RANK: 0 - CUDA_VISIBLE_DEVICES: [0]
[I 2023-11-29 22:34:48,116] Trial 67 finished with value: 7.8530097007751465 and parameters: {'gradient_clip_val': 0.17725066566505684, 'hidden_size': 47, 'dropout': 0.2803417469262732, 'hidden_continuous_size': 39, 'attention_head_size': 2, 'learning_rate': 0.03892577512413236}. Best is trial 55 with value: 6.251669406890869.
LOCAL_RANK: 0 - CUDA_VISIBLE_DEVICES: [0]
[I 2023-11-29 22:35:01,669] Trial 68 finished with value: 8.747944831848145 and parameters: {'gradient_clip_val': 0.15914015285964464, 'hidden_size': 58, 'dropout': 0.30655530590905505, 'hidden_continuous_size': 33, 'attention_head_size': 3, 'learning_rate': 0.04689508615750444}. Best is trial 55 with value: 6.251669406890869.
LOCAL_RANK: 0 - CUDA_VISIBLE_DEVICES: [0]
[I 2023-11-29 22:35:15,525] Trial 69 finished with value: 8.013407707214355 and parameters: {'gradient_clip_val': 0.13462066224979694, 'hidden_size': 74, 'dropout': 0.3472945840546308, 'hidden_continuous_size': 53, 'attention_head_size': 2, 'learning_rate': 0.05930844252734818}. Best is trial 55 with value: 6.251669406890869.
LOCAL_RANK: 0 - CUDA_VISIBLE_DEVICES: [0]
[I 2023-11-29 22:35:28,816] Trial 70 finished with value: 6.580429553985596 and parameters: {'gradient_clip_val': 0.12057550643161491, 'hidden_size': 44, 'dropout': 0.2585940275475698, 'hidden_continuous_size': 35, 'attention_head_size': 3, 'learning_rate': 0.08842079769640065}. Best is trial 55 with value: 6.251669406890869.
LOCAL_RANK: 0 - CUDA_VISIBLE_DEVICES: [0]
[I 2023-11-29 22:35:41,620] Trial 71 finished with value: 8.767109870910645 and parameters: {'gradient_clip_val': 0.12176358725887655, 'hidden_size': 44, 'dropout': 0.25945432236029814, 'hidden_continuous_size': 35, 'attention_head_size': 3, 'learning_rate': 0.08772415014821774}. Best is trial 55 with value: 6.251669406890869.
LOCAL_RANK: 0 - CUDA_VISIBLE_DEVICES: [0]
[I 2023-11-29 22:35:54,851] Trial 72 finished with value: 9.422497749328613 and parameters: {'gradient_clip_val': 0.10405825935017815, 'hidden_size': 53, 'dropout': 0.26613769218467076, 'hidden_continuous_size': 31, 'attention_head_size': 3, 'learning_rate': 0.07245084321179672}. Best is trial 55 with value: 6.251669406890869.
LOCAL_RANK: 0 - CUDA_VISIBLE_DEVICES: [0]
[I 2023-11-29 22:36:07,975] Trial 73 finished with value: 6.489019393920898 and parameters: {'gradient_clip_val': 0.11430474361212097, 'hidden_size': 47, 'dropout': 0.24313979868942795, 'hidden_continuous_size': 36, 'attention_head_size': 3, 'learning_rate': 0.09996458686564054}. Best is trial 55 with value: 6.251669406890869.
LOCAL_RANK: 0 - CUDA_VISIBLE_DEVICES: [0]
[I 2023-11-29 22:36:20,762] Trial 74 finished with value: 8.161051750183105 and parameters: {'gradient_clip_val': 0.11504667913248706, 'hidden_size': 40, 'dropout': 0.2936412560576623, 'hidden_continuous_size': 32, 'attention_head_size': 3, 'learning_rate': 0.09048504578520397}. Best is trial 55 with value: 6.251669406890869.
LOCAL_RANK: 0 - CUDA_VISIBLE_DEVICES: [0]
[I 2023-11-29 22:36:34,068] Trial 75 finished with value: 9.203289985656738 and parameters: {'gradient_clip_val': 0.100645002915137, 'hidden_size': 47, 'dropout': 0.31530523106776503, 'hidden_continuous_size': 36, 'attention_head_size': 3, 'learning_rate': 0.05438850824085858}. Best is trial 55 with value: 6.251669406890869.
LOCAL_RANK: 0 - CUDA_VISIBLE_DEVICES: [0]
[I 2023-11-29 22:36:46,854] Trial 76 finished with value: 7.756467342376709 and parameters: {'gradient_clip_val': 0.12037195767504168, 'hidden_size': 35, 'dropout': 0.2405493480689537, 'hidden_continuous_size': 32, 'attention_head_size': 3, 'learning_rate': 0.07635458255941105}. Best is trial 55 with value: 6.251669406890869.
LOCAL_RANK: 0 - CUDA_VISIBLE_DEVICES: [0]
[I 2023-11-29 22:36:59,632] Trial 77 finished with value: 8.021564483642578 and parameters: {'gradient_clip_val': 0.14861743099748148, 'hidden_size': 44, 'dropout': 0.2550380697857759, 'hidden_continuous_size': 35, 'attention_head_size': 3, 'learning_rate': 0.06376833863164422}. Best is trial 55 with value: 6.251669406890869.
LOCAL_RANK: 0 - CUDA_VISIBLE_DEVICES: [0]
[I 2023-11-29 22:37:12,573] Trial 78 finished with value: 8.46334457397461 and parameters: {'gradient_clip_val': 0.14405622206437535, 'hidden_size': 38, 'dropout': 0.28195571919563717, 'hidden_continuous_size': 34, 'attention_head_size': 4, 'learning_rate': 0.08368615134495173}. Best is trial 55 with value: 6.251669406890869.
LOCAL_RANK: 0 - CUDA_VISIBLE_DEVICES: [0]
[I 2023-11-29 22:37:25,928] Trial 79 finished with value: 7.889242649078369 and parameters: {'gradient_clip_val': 0.10582715104706134, 'hidden_size': 49, 'dropout': 0.2715816494772734, 'hidden_continuous_size': 39, 'attention_head_size': 3, 'learning_rate': 0.07014084241995865}. Best is trial 55 with value: 6.251669406890869.
LOCAL_RANK: 0 - CUDA_VISIBLE_DEVICES: [0]
[I 2023-11-29 22:37:39,624] Trial 80 finished with value: 9.803909301757812 and parameters: {'gradient_clip_val': 0.16410188773162157, 'hidden_size': 61, 'dropout': 0.33040220220475797, 'hidden_continuous_size': 42, 'attention_head_size': 3, 'learning_rate': 0.09800041557801502}. Best is trial 55 with value: 6.251669406890869.
LOCAL_RANK: 0 - CUDA_VISIBLE_DEVICES: [0]
[I 2023-11-29 22:37:52,984] Trial 81 finished with value: 7.467488765716553 and parameters: {'gradient_clip_val': 0.13165783953732552, 'hidden_size': 55, 'dropout': 0.247851114919926, 'hidden_continuous_size': 38, 'attention_head_size': 2, 'learning_rate': 0.09934824751564474}. Best is trial 55 with value: 6.251669406890869.
LOCAL_RANK: 0 - CUDA_VISIBLE_DEVICES: [0]
[I 2023-11-29 22:38:06,613] Trial 82 finished with value: 8.380269050598145 and parameters: {'gradient_clip_val': 0.11289728485902872, 'hidden_size': 67, 'dropout': 0.2612706424643072, 'hidden_continuous_size': 47, 'attention_head_size': 2, 'learning_rate': 0.08061333755231213}. Best is trial 55 with value: 6.251669406890869.
LOCAL_RANK: 0 - CUDA_VISIBLE_DEVICES: [0]
[I 2023-11-29 22:38:19,500] Trial 83 finished with value: 7.75163459777832 and parameters: {'gradient_clip_val': 0.12265074218036802, 'hidden_size': 44, 'dropout': 0.29542192409230805, 'hidden_continuous_size': 36, 'attention_head_size': 3, 'learning_rate': 0.06073665925026991}. Best is trial 55 with value: 6.251669406890869.
LOCAL_RANK: 0 - CUDA_VISIBLE_DEVICES: [0]
[I 2023-11-29 22:38:32,729] Trial 84 finished with value: 9.462052345275879 and parameters: {'gradient_clip_val': 0.13435644255261414, 'hidden_size': 52, 'dropout': 0.30343178389820324, 'hidden_continuous_size': 40, 'attention_head_size': 2, 'learning_rate': 0.05276608923811056}. Best is trial 55 with value: 6.251669406890869.
LOCAL_RANK: 0 - CUDA_VISIBLE_DEVICES: [0]
[I 2023-11-29 22:38:46,154] Trial 85 finished with value: 7.73717737197876 and parameters: {'gradient_clip_val': 0.14137530098918688, 'hidden_size': 58, 'dropout': 0.2870960746154209, 'hidden_continuous_size': 29, 'attention_head_size': 2, 'learning_rate': 0.09084976361325982}. Best is trial 55 with value: 6.251669406890869.
LOCAL_RANK: 0 - CUDA_VISIBLE_DEVICES: [0]
[I 2023-11-29 22:38:59,288] Trial 86 finished with value: 7.461875915527344 and parameters: {'gradient_clip_val': 0.15535418232348408, 'hidden_size': 49, 'dropout': 0.2770966590728524, 'hidden_continuous_size': 37, 'attention_head_size': 3, 'learning_rate': 0.07452925965793679}. Best is trial 55 with value: 6.251669406890869.
LOCAL_RANK: 0 - CUDA_VISIBLE_DEVICES: [0]
[I 2023-11-29 22:39:12,064] Trial 87 finished with value: 8.704911231994629 and parameters: {'gradient_clip_val': 0.1098660436227608, 'hidden_size': 41, 'dropout': 0.3188160514409919, 'hidden_continuous_size': 33, 'attention_head_size': 2, 'learning_rate': 0.06461072619532911}. Best is trial 55 with value: 6.251669406890869.
LOCAL_RANK: 0 - CUDA_VISIBLE_DEVICES: [0]
[I 2023-11-29 22:39:25,611] Trial 88 finished with value: 6.458566188812256 and parameters: {'gradient_clip_val': 0.17661012980694976, 'hidden_size': 62, 'dropout': 0.23226920719236402, 'hidden_continuous_size': 43, 'attention_head_size': 3, 'learning_rate': 0.08898206407599277}. Best is trial 55 with value: 6.251669406890869.
LOCAL_RANK: 0 - CUDA_VISIBLE_DEVICES: [0]
[I 2023-11-29 22:39:39,132] Trial 89 finished with value: 8.365631103515625 and parameters: {'gradient_clip_val': 0.18950014809653729, 'hidden_size': 63, 'dropout': 0.2344877526023441, 'hidden_continuous_size': 44, 'attention_head_size': 3, 'learning_rate': 0.07823023658185183}. Best is trial 55 with value: 6.251669406890869.
LOCAL_RANK: 0 - CUDA_VISIBLE_DEVICES: [0]
[I 2023-11-29 22:39:52,879] Trial 90 finished with value: 7.39773416519165 and parameters: {'gradient_clip_val': 0.17899693209429168, 'hidden_size': 71, 'dropout': 0.22402822790309318, 'hidden_continuous_size': 41, 'attention_head_size': 3, 'learning_rate': 0.09131576848923943}. Best is trial 55 with value: 6.251669406890869.
LOCAL_RANK: 0 - CUDA_VISIBLE_DEVICES: [0]
[I 2023-11-29 22:40:06,358] Trial 91 finished with value: 8.833637237548828 and parameters: {'gradient_clip_val': 0.17259876683565553, 'hidden_size': 65, 'dropout': 0.24143390303707407, 'hidden_continuous_size': 46, 'attention_head_size': 3, 'learning_rate': 0.08825362088827557}. Best is trial 55 with value: 6.251669406890869.
LOCAL_RANK: 0 - CUDA_VISIBLE_DEVICES: [0]
[I 2023-11-29 22:40:19,704] Trial 92 finished with value: 10.016106605529785 and parameters: {'gradient_clip_val': 0.16460029639737755, 'hidden_size': 56, 'dropout': 0.24807091784371776, 'hidden_continuous_size': 42, 'attention_head_size': 3, 'learning_rate': 0.06788676382310083}. Best is trial 55 with value: 6.251669406890869.
LOCAL_RANK: 0 - CUDA_VISIBLE_DEVICES: [0]
[I 2023-11-29 22:40:32,859] Trial 93 finished with value: 8.303092956542969 and parameters: {'gradient_clip_val': 0.12844340285254013, 'hidden_size': 52, 'dropout': 0.2576745792741525, 'hidden_continuous_size': 43, 'attention_head_size': 3, 'learning_rate': 0.07742391239976346}. Best is trial 55 with value: 6.251669406890869.
LOCAL_RANK: 0 - CUDA_VISIBLE_DEVICES: [0]
[I 2023-11-29 22:40:45,792] Trial 94 finished with value: 7.552403926849365 and parameters: {'gradient_clip_val': 0.19353969287459308, 'hidden_size': 46, 'dropout': 0.29991473839101446, 'hidden_continuous_size': 30, 'attention_head_size': 3, 'learning_rate': 0.0886267927619197}. Best is trial 55 with value: 6.251669406890869.
LOCAL_RANK: 0 - CUDA_VISIBLE_DEVICES: [0]
[I 2023-11-29 22:40:59,384] Trial 95 finished with value: 8.334366798400879 and parameters: {'gradient_clip_val': 0.13999114322598652, 'hidden_size': 58, 'dropout': 0.26975319925097, 'hidden_continuous_size': 47, 'attention_head_size': 2, 'learning_rate': 0.09937214164427144}. Best is trial 55 with value: 6.251669406890869.
LOCAL_RANK: 0 - CUDA_VISIBLE_DEVICES: [0]
[I 2023-11-29 22:41:12,827] Trial 96 finished with value: 9.001580238342285 and parameters: {'gradient_clip_val': 0.15267027505664657, 'hidden_size': 60, 'dropout': 0.31124626175452375, 'hidden_continuous_size': 50, 'attention_head_size': 3, 'learning_rate': 0.05692284343923885}. Best is trial 55 with value: 6.251669406890869.
LOCAL_RANK: 0 - CUDA_VISIBLE_DEVICES: [0]
[I 2023-11-29 22:41:25,901] Trial 97 finished with value: 10.145827293395996 and parameters: {'gradient_clip_val': 0.11759890145777849, 'hidden_size': 48, 'dropout': 0.26433243956453384, 'hidden_continuous_size': 40, 'attention_head_size': 1, 'learning_rate': 0.07199365888382787}. Best is trial 55 with value: 6.251669406890869.
LOCAL_RANK: 0 - CUDA_VISIBLE_DEVICES: [0]
[I 2023-11-29 22:41:39,937] Trial 98 finished with value: 7.335648059844971 and parameters: {'gradient_clip_val': 0.2134091740778496, 'hidden_size': 77, 'dropout': 0.2863980642990045, 'hidden_continuous_size': 68, 'attention_head_size': 2, 'learning_rate': 0.07879375106709452}. Best is trial 55 with value: 6.251669406890869.
LOCAL_RANK: 0 - CUDA_VISIBLE_DEVICES: [0]
[I 2023-11-29 22:41:53,370] Trial 99 finished with value: 7.373752593994141 and parameters: {'gradient_clip_val': 0.16008858345233695, 'hidden_size': 69, 'dropout': 0.27679700654566425, 'hidden_continuous_size': 28, 'attention_head_size': 3, 'learning_rate': 0.06611144081655895}. Best is trial 55 with value: 6.251669406890869.
LOCAL_RANK: 0 - CUDA_VISIBLE_DEVICES: [0]
[I 2023-11-29 22:42:06,922] Trial 100 finished with value: 7.74614953994751 and parameters: {'gradient_clip_val': 0.18078519502237372, 'hidden_size': 53, 'dropout': 0.25188184294269966, 'hidden_continuous_size': 37, 'attention_head_size': 2, 'learning_rate': 0.08321014481828423}. Best is trial 55 with value: 6.251669406890869.
LOCAL_RANK: 0 - CUDA_VISIBLE_DEVICES: [0]
