[I 2023-11-29 22:03:30,382] Trial 75 finished with value: 7.564839839935303 and parameters: {'gradient_clip_val': 0.37816961764045876, 'hidden_size': 49, 'dropout': 0.2633461994982806, 'hidden_continuous_size': 34, 'attention_head_size': 2, 'learning_rate': 0.09766190813037542}. Best is trial 4 with value: 6.738375186920166.
LOCAL_RANK: 0 - CUDA_VISIBLE_DEVICES: [0]
[I 2023-11-29 22:03:43,447] Trial 76 finished with value: 7.892138957977295 and parameters: {'gradient_clip_val': 0.6639142786664716, 'hidden_size': 42, 'dropout': 0.24955899109180774, 'hidden_continuous_size': 25, 'attention_head_size': 2, 'learning_rate': 0.0834758701098158}. Best is trial 4 with value: 6.738375186920166.
LOCAL_RANK: 0 - CUDA_VISIBLE_DEVICES: [0]
[I 2023-11-29 22:03:56,191] Trial 77 finished with value: 7.21684455871582 and parameters: {'gradient_clip_val': 0.9251299583729132, 'hidden_size': 39, 'dropout': 0.31604751962886174, 'hidden_continuous_size': 32, 'attention_head_size': 2, 'learning_rate': 0.053885014713770295}. Best is trial 4 with value: 6.738375186920166.
LOCAL_RANK: 0 - CUDA_VISIBLE_DEVICES: [0]
[I 2023-11-29 22:04:08,927] Trial 78 finished with value: 8.818292617797852 and parameters: {'gradient_clip_val': 0.8693642131721876, 'hidden_size': 38, 'dropout': 0.316303613659559, 'hidden_continuous_size': 32, 'attention_head_size': 3, 'learning_rate': 0.052767537353906296}. Best is trial 4 with value: 6.738375186920166.
LOCAL_RANK: 0 - CUDA_VISIBLE_DEVICES: [0]
[I 2023-11-29 22:04:21,341] Trial 79 finished with value: 8.087185859680176 and parameters: {'gradient_clip_val': 0.6009727348770466, 'hidden_size': 32, 'dropout': 0.3088241212491789, 'hidden_continuous_size': 30, 'attention_head_size': 2, 'learning_rate': 0.03399769710294729}. Best is trial 4 with value: 6.738375186920166.
LOCAL_RANK: 0 - CUDA_VISIBLE_DEVICES: [0]
[I 2023-11-29 22:04:34,719] Trial 80 finished with value: 7.116500377655029 and parameters: {'gradient_clip_val': 0.7685079323115747, 'hidden_size': 54, 'dropout': 0.27107190054635816, 'hidden_continuous_size': 39, 'attention_head_size': 2, 'learning_rate': 0.043006308850852895}. Best is trial 4 with value: 6.738375186920166.
LOCAL_RANK: 0 - CUDA_VISIBLE_DEVICES: [0]
[I 2023-11-29 22:04:48,240] Trial 81 finished with value: 8.08059024810791 and parameters: {'gradient_clip_val': 0.9508114647275138, 'hidden_size': 55, 'dropout': 0.25783684730152623, 'hidden_continuous_size': 39, 'attention_head_size': 2, 'learning_rate': 0.043109800209327094}. Best is trial 4 with value: 6.738375186920166.
LOCAL_RANK: 0 - CUDA_VISIBLE_DEVICES: [0]
[I 2023-11-29 22:05:01,729] Trial 82 finished with value: 9.643365859985352 and parameters: {'gradient_clip_val': 0.7478850985066001, 'hidden_size': 62, 'dropout': 0.2737534613377344, 'hidden_continuous_size': 43, 'attention_head_size': 2, 'learning_rate': 0.03652344709741653}. Best is trial 4 with value: 6.738375186920166.
LOCAL_RANK: 0 - CUDA_VISIBLE_DEVICES: [0]
[I 2023-11-29 22:05:14,744] Trial 83 finished with value: 8.267627716064453 and parameters: {'gradient_clip_val': 0.905417091559781, 'hidden_size': 43, 'dropout': 0.2955520575159096, 'hidden_continuous_size': 37, 'attention_head_size': 2, 'learning_rate': 0.05791428095182926}. Best is trial 4 with value: 6.738375186920166.
LOCAL_RANK: 0 - CUDA_VISIBLE_DEVICES: [0]
[I 2023-11-29 22:05:28,060] Trial 84 finished with value: 8.45125961303711 and parameters: {'gradient_clip_val': 0.7704067944276112, 'hidden_size': 53, 'dropout': 0.26879395526027305, 'hidden_continuous_size': 39, 'attention_head_size': 2, 'learning_rate': 0.029332647138277504}. Best is trial 4 with value: 6.738375186920166.
LOCAL_RANK: 0 - CUDA_VISIBLE_DEVICES: [0]
[I 2023-11-29 22:05:40,694] Trial 85 finished with value: 7.7208709716796875 and parameters: {'gradient_clip_val': 0.835364842976711, 'hidden_size': 40, 'dropout': 0.2867303815695004, 'hidden_continuous_size': 35, 'attention_head_size': 2, 'learning_rate': 0.04981579246562459}. Best is trial 4 with value: 6.738375186920166.
LOCAL_RANK: 0 - CUDA_VISIBLE_DEVICES: [0]
[I 2023-11-29 22:05:54,188] Trial 86 finished with value: 8.12871265411377 and parameters: {'gradient_clip_val': 0.6626335708055203, 'hidden_size': 50, 'dropout': 0.23691658849389347, 'hidden_continuous_size': 36, 'attention_head_size': 2, 'learning_rate': 0.04074472737376533}. Best is trial 4 with value: 6.738375186920166.
LOCAL_RANK: 0 - CUDA_VISIBLE_DEVICES: [0]
[I 2023-11-29 22:06:07,694] Trial 87 finished with value: 8.24405288696289 and parameters: {'gradient_clip_val': 0.8016934653718918, 'hidden_size': 59, 'dropout': 0.27789100002347916, 'hidden_continuous_size': 40, 'attention_head_size': 3, 'learning_rate': 0.06772757073095337}. Best is trial 4 with value: 6.738375186920166.
LOCAL_RANK: 0 - CUDA_VISIBLE_DEVICES: [0]
[I 2023-11-29 22:06:21,366] Trial 88 finished with value: 8.167710304260254 and parameters: {'gradient_clip_val': 0.9426360390844628, 'hidden_size': 78, 'dropout': 0.2539649293184024, 'hidden_continuous_size': 49, 'attention_head_size': 2, 'learning_rate': 0.06459563594434523}. Best is trial 4 with value: 6.738375186920166.
LOCAL_RANK: 0 - CUDA_VISIBLE_DEVICES: [0]
[I 2023-11-29 22:06:34,172] Trial 89 finished with value: 8.21429443359375 and parameters: {'gradient_clip_val': 0.6329424319924247, 'hidden_size': 35, 'dropout': 0.24549211746111269, 'hidden_continuous_size': 32, 'attention_head_size': 2, 'learning_rate': 0.07714999838310549}. Best is trial 4 with value: 6.738375186920166.
LOCAL_RANK: 0 - CUDA_VISIBLE_DEVICES: [0]
[I 2023-11-29 22:06:47,796] Trial 90 finished with value: 8.82483196258545 and parameters: {'gradient_clip_val': 0.592361016424602, 'hidden_size': 70, 'dropout': 0.29957236133953813, 'hidden_continuous_size': 34, 'attention_head_size': 4, 'learning_rate': 0.0464699039703685}. Best is trial 4 with value: 6.738375186920166.
LOCAL_RANK: 0 - CUDA_VISIBLE_DEVICES: [0]
[I 2023-11-29 22:07:00,888] Trial 91 finished with value: 9.307110786437988 and parameters: {'gradient_clip_val': 0.8739471264849891, 'hidden_size': 45, 'dropout': 0.29066205313774385, 'hidden_continuous_size': 27, 'attention_head_size': 2, 'learning_rate': 0.06068806283731308}. Best is trial 4 with value: 6.738375186920166.
LOCAL_RANK: 0 - CUDA_VISIBLE_DEVICES: [0]
[I 2023-11-29 22:07:13,684] Trial 92 finished with value: 9.402924537658691 and parameters: {'gradient_clip_val': 0.8045743750436385, 'hidden_size': 48, 'dropout': 0.28428588784837994, 'hidden_continuous_size': 26, 'attention_head_size': 2, 'learning_rate': 0.09109521952985433}. Best is trial 4 with value: 6.738375186920166.
LOCAL_RANK: 0 - CUDA_VISIBLE_DEVICES: [0]
[I 2023-11-29 22:07:27,066] Trial 93 finished with value: 7.754980564117432 and parameters: {'gradient_clip_val': 0.6932351209187145, 'hidden_size': 57, 'dropout': 0.26494145239447786, 'hidden_continuous_size': 28, 'attention_head_size': 2, 'learning_rate': 0.07583067537435068}. Best is trial 4 with value: 6.738375186920166.
LOCAL_RANK: 0 - CUDA_VISIBLE_DEVICES: [0]
[I 2023-11-29 22:07:40,156] Trial 94 finished with value: 9.788299560546875 and parameters: {'gradient_clip_val': 0.7310833721999932, 'hidden_size': 51, 'dropout': 0.2771449393924921, 'hidden_continuous_size': 30, 'attention_head_size': 2, 'learning_rate': 0.051474623100686026}. Best is trial 4 with value: 6.738375186920166.
LOCAL_RANK: 0 - CUDA_VISIBLE_DEVICES: [0]
[I 2023-11-29 22:07:52,875] Trial 95 finished with value: 7.481294631958008 and parameters: {'gradient_clip_val': 0.8378736925012964, 'hidden_size': 37, 'dropout': 0.3213640741645676, 'hidden_continuous_size': 31, 'attention_head_size': 2, 'learning_rate': 0.07239536829106032}. Best is trial 4 with value: 6.738375186920166.
LOCAL_RANK: 0 - CUDA_VISIBLE_DEVICES: [0]
[I 2023-11-29 22:08:06,626] Trial 96 finished with value: 9.391375541687012 and parameters: {'gradient_clip_val': 0.9725135838455564, 'hidden_size': 66, 'dropout': 0.27175630885723906, 'hidden_continuous_size': 38, 'attention_head_size': 3, 'learning_rate': 0.08602374024013577}. Best is trial 4 with value: 6.738375186920166.
LOCAL_RANK: 0 - CUDA_VISIBLE_DEVICES: [0]
[I 2023-11-29 22:08:19,497] Trial 97 finished with value: 7.77230978012085 and parameters: {'gradient_clip_val': 0.705057260924743, 'hidden_size': 45, 'dropout': 0.33607277229609717, 'hidden_continuous_size': 33, 'attention_head_size': 2, 'learning_rate': 0.05861113449804801}. Best is trial 4 with value: 6.738375186920166.
LOCAL_RANK: 0 - CUDA_VISIBLE_DEVICES: [0]
[I 2023-11-29 22:08:32,689] Trial 98 finished with value: 7.378747463226318 and parameters: {'gradient_clip_val': 0.9077369104507138, 'hidden_size': 61, 'dropout': 0.314223467841434, 'hidden_continuous_size': 25, 'attention_head_size': 1, 'learning_rate': 0.09984518163251307}. Best is trial 4 with value: 6.738375186920166.
LOCAL_RANK: 0 - CUDA_VISIBLE_DEVICES: [0]
[I 2023-11-29 22:08:45,732] Trial 99 finished with value: 8.506403923034668 and parameters: {'gradient_clip_val': 0.31948982606598986, 'hidden_size': 56, 'dropout': 0.2849825008298995, 'hidden_continuous_size': 29, 'attention_head_size': 2, 'learning_rate': 0.03524414545338537}. Best is trial 4 with value: 6.738375186920166.
LOCAL_RANK: 0 - CUDA_VISIBLE_DEVICES: [0]
[I 2023-11-29 22:08:58,763] Trial 100 finished with value: 8.939698219299316 and parameters: {'gradient_clip_val': 0.7474855625962301, 'hidden_size': 41, 'dropout': 0.30339440699420683, 'hidden_continuous_size': 35, 'attention_head_size': 3, 'learning_rate': 0.04047493771660079}. Best is trial 4 with value: 6.738375186920166.
LOCAL_RANK: 0 - CUDA_VISIBLE_DEVICES: [0]
[I 2023-11-29 22:09:12,255] Trial 101 finished with value: 7.800360202789307 and parameters: {'gradient_clip_val': 0.4890297344296561, 'hidden_size': 53, 'dropout': 0.29005335369969365, 'hidden_continuous_size': 34, 'attention_head_size': 2, 'learning_rate': 0.0655704950362582}. Best is trial 4 with value: 6.738375186920166.
LOCAL_RANK: 0 - CUDA_VISIBLE_DEVICES: [0]
[I 2023-11-29 22:09:25,525] Trial 102 finished with value: 8.499500274658203 and parameters: {'gradient_clip_val': 0.5254292440890671, 'hidden_size': 54, 'dropout': 0.25722586694377275, 'hidden_continuous_size': 32, 'attention_head_size': 2, 'learning_rate': 0.06542919988046327}. Best is trial 4 with value: 6.738375186920166.
LOCAL_RANK: 0 - CUDA_VISIBLE_DEVICES: [0]
[I 2023-11-29 22:09:38,301] Trial 103 finished with value: 7.714698791503906 and parameters: {'gradient_clip_val': 0.27522902308887814, 'hidden_size': 48, 'dropout': 0.26700130882672357, 'hidden_continuous_size': 28, 'attention_head_size': 2, 'learning_rate': 0.08189635862236604}. Best is trial 4 with value: 6.738375186920166.
LOCAL_RANK: 0 - CUDA_VISIBLE_DEVICES: [0]
[I 2023-11-29 22:09:51,039] Trial 104 finished with value: 9.993134498596191 and parameters: {'gradient_clip_val': 0.6396419374172999, 'hidden_size': 44, 'dropout': 0.28163491595192586, 'hidden_continuous_size': 31, 'attention_head_size': 2, 'learning_rate': 0.0531942997740576}. Best is trial 4 with value: 6.738375186920166.
LOCAL_RANK: 0 - CUDA_VISIBLE_DEVICES: [0]
[I 2023-11-29 22:10:04,298] Trial 105 finished with value: 9.636414527893066 and parameters: {'gradient_clip_val': 0.2991981899481442, 'hidden_size': 50, 'dropout': 0.27675834367161994, 'hidden_continuous_size': 34, 'attention_head_size': 2, 'learning_rate': 0.04521476416466369}. Best is trial 4 with value: 6.738375186920166.
LOCAL_RANK: 0 - CUDA_VISIBLE_DEVICES: [0]
[I 2023-11-29 22:10:17,231] Trial 106 finished with value: 8.035745620727539 and parameters: {'gradient_clip_val': 0.2607353031300859, 'hidden_size': 38, 'dropout': 0.2980952062804308, 'hidden_continuous_size': 33, 'attention_head_size': 2, 'learning_rate': 0.07302297183431568}. Best is trial 4 with value: 6.738375186920166.
LOCAL_RANK: 0 - CUDA_VISIBLE_DEVICES: [0]
[I 2023-11-29 22:10:30,513] Trial 107 finished with value: 7.614511966705322 and parameters: {'gradient_clip_val': 0.28464065886794493, 'hidden_size': 64, 'dropout': 0.26152521035965437, 'hidden_continuous_size': 36, 'attention_head_size': 2, 'learning_rate': 0.05883359424157576}. Best is trial 4 with value: 6.738375186920166.
LOCAL_RANK: 0 - CUDA_VISIBLE_DEVICES: [0]
[I 2023-11-29 22:10:44,111] Trial 108 finished with value: 7.934333801269531 and parameters: {'gradient_clip_val': 0.561504904481878, 'hidden_size': 74, 'dropout': 0.2507954837051788, 'hidden_continuous_size': 43, 'attention_head_size': 2, 'learning_rate': 0.08073111822823827}. Best is trial 4 with value: 6.738375186920166.
LOCAL_RANK: 0 - CUDA_VISIBLE_DEVICES: [0]
[I 2023-11-29 22:10:56,997] Trial 109 finished with value: 7.470943450927734 and parameters: {'gradient_clip_val': 0.6747245358365509, 'hidden_size': 42, 'dropout': 0.307249047930241, 'hidden_continuous_size': 30, 'attention_head_size': 2, 'learning_rate': 0.06767773029300946}. Best is trial 4 with value: 6.738375186920166.
LOCAL_RANK: 0 - CUDA_VISIBLE_DEVICES: [0]
[I 2023-11-29 22:11:10,258] Trial 110 finished with value: 7.998207092285156 and parameters: {'gradient_clip_val': 0.4438451905785324, 'hidden_size': 46, 'dropout': 0.2898194822904389, 'hidden_continuous_size': 37, 'attention_head_size': 2, 'learning_rate': 0.09122109300159978}. Best is trial 4 with value: 6.738375186920166.
LOCAL_RANK: 0 - CUDA_VISIBLE_DEVICES: [0]
[I 2023-11-29 22:11:23,716] Trial 111 finished with value: 10.071365356445312 and parameters: {'gradient_clip_val': 0.312009546999745, 'hidden_size': 52, 'dropout': 0.26752855731798775, 'hidden_continuous_size': 33, 'attention_head_size': 4, 'learning_rate': 0.07796899639608566}. Best is trial 4 with value: 6.738375186920166.
LOCAL_RANK: 0 - CUDA_VISIBLE_DEVICES: [0]
[I 2023-11-29 22:11:36,943] Trial 112 finished with value: 6.837849140167236 and parameters: {'gradient_clip_val': 0.3336531284364665, 'hidden_size': 59, 'dropout': 0.27133798612655124, 'hidden_continuous_size': 27, 'attention_head_size': 2, 'learning_rate': 0.09145800784446696}. Best is trial 4 with value: 6.738375186920166.
LOCAL_RANK: 0 - CUDA_VISIBLE_DEVICES: [0]
[I 2023-11-29 22:11:50,168] Trial 113 finished with value: 9.229275703430176 and parameters: {'gradient_clip_val': 0.32783094806480517, 'hidden_size': 58, 'dropout': 0.2573606602060449, 'hidden_continuous_size': 26, 'attention_head_size': 2, 'learning_rate': 0.0880508199868497}. Best is trial 4 with value: 6.738375186920166.
LOCAL_RANK: 0 - CUDA_VISIBLE_DEVICES: [0]
[I 2023-11-29 22:12:03,524] Trial 114 finished with value: 7.818800449371338 and parameters: {'gradient_clip_val': 0.30464919543078905, 'hidden_size': 62, 'dropout': 0.2730969588374256, 'hidden_continuous_size': 24, 'attention_head_size': 2, 'learning_rate': 0.06198012788406999}. Best is trial 4 with value: 6.738375186920166.
LOCAL_RANK: 0 - CUDA_VISIBLE_DEVICES: [0]
[I 2023-11-29 22:12:16,286] Trial 115 finished with value: 7.842149257659912 and parameters: {'gradient_clip_val': 0.2921213239619519, 'hidden_size': 48, 'dropout': 0.2814423904236498, 'hidden_continuous_size': 27, 'attention_head_size': 2, 'learning_rate': 0.04911791934529599}. Best is trial 4 with value: 6.738375186920166.
LOCAL_RANK: 0 - CUDA_VISIBLE_DEVICES: [0]
[I 2023-11-29 22:12:29,771] Trial 116 finished with value: 7.18402099609375 and parameters: {'gradient_clip_val': 0.3401437643137084, 'hidden_size': 55, 'dropout': 0.2449925542201172, 'hidden_continuous_size': 28, 'attention_head_size': 3, 'learning_rate': 0.07099969945321043}. Best is trial 4 with value: 6.738375186920166.
LOCAL_RANK: 0 - CUDA_VISIBLE_DEVICES: [0]
[I 2023-11-29 22:12:43,223] Trial 117 finished with value: 7.394165515899658 and parameters: {'gradient_clip_val': 0.34664315176927707, 'hidden_size': 67, 'dropout': 0.23925497593200307, 'hidden_continuous_size': 27, 'attention_head_size': 3, 'learning_rate': 0.071593589020855}. Best is trial 4 with value: 6.738375186920166.
LOCAL_RANK: 0 - CUDA_VISIBLE_DEVICES: [0]
[I 2023-11-29 22:12:56,364] Trial 118 finished with value: 7.033451557159424 and parameters: {'gradient_clip_val': 0.24009477953883365, 'hidden_size': 56, 'dropout': 0.24525970108838915, 'hidden_continuous_size': 29, 'attention_head_size': 3, 'learning_rate': 0.05392829645362665}. Best is trial 4 with value: 6.738375186920166.
LOCAL_RANK: 0 - CUDA_VISIBLE_DEVICES: [0]
[I 2023-11-29 22:13:09,564] Trial 119 finished with value: 8.838082313537598 and parameters: {'gradient_clip_val': 0.2503092460979891, 'hidden_size': 60, 'dropout': 0.2442161617913668, 'hidden_continuous_size': 29, 'attention_head_size': 3, 'learning_rate': 0.05516828235103413}. Best is trial 4 with value: 6.738375186920166.
LOCAL_RANK: 0 - CUDA_VISIBLE_DEVICES: [0]
[I 2023-11-29 22:13:22,971] Trial 120 finished with value: 8.321637153625488 and parameters: {'gradient_clip_val': 0.2334283570979269, 'hidden_size': 68, 'dropout': 0.23335412786791254, 'hidden_continuous_size': 25, 'attention_head_size': 3, 'learning_rate': 0.039453096592252296}. Best is trial 4 with value: 6.738375186920166.
LOCAL_RANK: 0 - CUDA_VISIBLE_DEVICES: [0]
[I 2023-11-29 22:13:36,178] Trial 121 finished with value: 9.536576271057129 and parameters: {'gradient_clip_val': 0.26461266315774284, 'hidden_size': 56, 'dropout': 0.24999313268687892, 'hidden_continuous_size': 28, 'attention_head_size': 3, 'learning_rate': 0.09043729537553284}. Best is trial 4 with value: 6.738375186920166.
LOCAL_RANK: 0 - CUDA_VISIBLE_DEVICES: [0]
[I 2023-11-29 22:13:48,839] Trial 122 finished with value: 7.609751224517822 and parameters: {'gradient_clip_val': 0.3721298079271348, 'hidden_size': 40, 'dropout': 0.26353028929195177, 'hidden_continuous_size': 29, 'attention_head_size': 3, 'learning_rate': 0.07710283999859142}. Best is trial 4 with value: 6.738375186920166.
LOCAL_RANK: 0 - CUDA_VISIBLE_DEVICES: [0]
[I 2023-11-29 22:14:02,231] Trial 123 finished with value: 11.031529426574707 and parameters: {'gradient_clip_val': 0.2811834485245237, 'hidden_size': 72, 'dropout': 0.24299903635906606, 'hidden_continuous_size': 23, 'attention_head_size': 3, 'learning_rate': 0.09998995380902959}. Best is trial 4 with value: 6.738375186920166.
LOCAL_RANK: 0 - CUDA_VISIBLE_DEVICES: [0]
[I 2023-11-29 22:14:15,618] Trial 124 finished with value: 6.559515476226807 and parameters: {'gradient_clip_val': 0.32673361593917116, 'hidden_size': 64, 'dropout': 0.25559332942445934, 'hidden_continuous_size': 26, 'attention_head_size': 3, 'learning_rate': 0.06009549552918397}. Best is trial 124 with value: 6.559515476226807.
LOCAL_RANK: 0 - CUDA_VISIBLE_DEVICES: [0]
[I 2023-11-29 22:14:28,827] Trial 125 finished with value: 8.365422248840332 and parameters: {'gradient_clip_val': 0.3416955254823841, 'hidden_size': 60, 'dropout': 0.25658442516941765, 'hidden_continuous_size': 30, 'attention_head_size': 3, 'learning_rate': 0.05043082387543481}. Best is trial 124 with value: 6.559515476226807.
LOCAL_RANK: 0 - CUDA_VISIBLE_DEVICES: [0]
[I 2023-11-29 22:14:42,354] Trial 126 finished with value: 7.676054000854492 and parameters: {'gradient_clip_val': 0.40374611347057365, 'hidden_size': 65, 'dropout': 0.22503887359438146, 'hidden_continuous_size': 24, 'attention_head_size': 3, 'learning_rate': 0.044249067791657104}. Best is trial 124 with value: 6.559515476226807.
LOCAL_RANK: 0 - CUDA_VISIBLE_DEVICES: [0]
[I 2023-11-29 22:14:55,346] Trial 127 finished with value: 7.215048313140869 and parameters: {'gradient_clip_val': 0.3328795671081852, 'hidden_size': 56, 'dropout': 0.24909996418882072, 'hidden_continuous_size': 26, 'attention_head_size': 3, 'learning_rate': 0.061911514294421224}. Best is trial 124 with value: 6.559515476226807.
LOCAL_RANK: 0 - CUDA_VISIBLE_DEVICES: [0]
[I 2023-11-29 22:15:08,312] Trial 128 finished with value: 8.234969139099121 and parameters: {'gradient_clip_val': 0.33175728180147834, 'hidden_size': 56, 'dropout': 0.23494716092424328, 'hidden_continuous_size': 26, 'attention_head_size': 3, 'learning_rate': 0.059019888233597474}. Best is trial 124 with value: 6.559515476226807.
LOCAL_RANK: 0 - CUDA_VISIBLE_DEVICES: [0]
[I 2023-11-29 22:15:21,354] Trial 129 finished with value: 9.804657936096191 and parameters: {'gradient_clip_val': 0.35993992996890783, 'hidden_size': 52, 'dropout': 0.24334211854787222, 'hidden_continuous_size': 27, 'attention_head_size': 3, 'learning_rate': 0.0649118415950123}. Best is trial 124 with value: 6.559515476226807.
LOCAL_RANK: 0 - CUDA_VISIBLE_DEVICES: [0]
[I 2023-11-29 22:15:34,712] Trial 130 finished with value: 9.897557258605957 and parameters: {'gradient_clip_val': 0.3218811019371727, 'hidden_size': 63, 'dropout': 0.2487209711753727, 'hidden_continuous_size': 26, 'attention_head_size': 3, 'learning_rate': 0.05510037465730935}. Best is trial 124 with value: 6.559515476226807.
LOCAL_RANK: 0 - CUDA_VISIBLE_DEVICES: [0]
[I 2023-11-29 22:15:48,332] Trial 131 finished with value: 6.810807704925537 and parameters: {'gradient_clip_val': 0.28615692896564127, 'hidden_size': 70, 'dropout': 0.25800747189965, 'hidden_continuous_size': 22, 'attention_head_size': 3, 'learning_rate': 0.023830395028950038}. Best is trial 124 with value: 6.559515476226807.
LOCAL_RANK: 0 - CUDA_VISIBLE_DEVICES: [0]
[I 2023-11-29 22:16:01,794] Trial 132 finished with value: 6.927884578704834 and parameters: {'gradient_clip_val': 0.3105122487986377, 'hidden_size': 79, 'dropout': 0.25162787904287753, 'hidden_continuous_size': 22, 'attention_head_size': 3, 'learning_rate': 0.02142231290752741}. Best is trial 124 with value: 6.559515476226807.
LOCAL_RANK: 0 - CUDA_VISIBLE_DEVICES: [0]
[I 2023-11-29 22:16:15,170] Trial 133 finished with value: 6.878925800323486 and parameters: {'gradient_clip_val': 0.3097595268653416, 'hidden_size': 79, 'dropout': 0.25473960277511465, 'hidden_continuous_size': 21, 'attention_head_size': 3, 'learning_rate': 0.018314058167683514}. Best is trial 124 with value: 6.559515476226807.
LOCAL_RANK: 0 - CUDA_VISIBLE_DEVICES: [0]
