[I 2023-11-30 08:50:31,965] Trial 145 finished with value: 17.20380210876465 and parameters: {'gradient_clip_val': 0.6085191193236335, 'hidden_size': 24, 'dropout': 0.24853452395466788, 'hidden_continuous_size': 23, 'attention_head_size': 3, 'learning_rate': 0.04610333900594657}. Best is trial 71 with value: 13.158875465393066.
LOCAL_RANK: 0 - CUDA_VISIBLE_DEVICES: [0]
[I 2023-11-30 08:50:44,733] Trial 146 finished with value: 19.79643440246582 and parameters: {'gradient_clip_val': 0.6845778271121822, 'hidden_size': 30, 'dropout': 0.2954627434422444, 'hidden_continuous_size': 28, 'attention_head_size': 3, 'learning_rate': 0.03578473308392564}. Best is trial 71 with value: 13.158875465393066.
LOCAL_RANK: 0 - CUDA_VISIBLE_DEVICES: [0]
[I 2023-11-30 08:50:57,534] Trial 147 finished with value: 17.3727970123291 and parameters: {'gradient_clip_val': 0.5260963110334002, 'hidden_size': 42, 'dropout': 0.3950036067509791, 'hidden_continuous_size': 25, 'attention_head_size': 2, 'learning_rate': 0.05233419412897688}. Best is trial 71 with value: 13.158875465393066.
LOCAL_RANK: 0 - CUDA_VISIBLE_DEVICES: [0]
[I 2023-11-30 08:51:09,962] Trial 148 finished with value: 13.280840873718262 and parameters: {'gradient_clip_val': 0.7683184239369562, 'hidden_size': 27, 'dropout': 0.3881995851513479, 'hidden_continuous_size': 26, 'attention_head_size': 2, 'learning_rate': 0.04147882147711107}. Best is trial 71 with value: 13.158875465393066.
LOCAL_RANK: 0 - CUDA_VISIBLE_DEVICES: [0]
[I 2023-11-30 08:51:22,295] Trial 149 finished with value: 14.159690856933594 and parameters: {'gradient_clip_val': 0.8339504085868433, 'hidden_size': 27, 'dropout': 0.3868798270111153, 'hidden_continuous_size': 26, 'attention_head_size': 2, 'learning_rate': 0.042347223430768396}. Best is trial 71 with value: 13.158875465393066.
[I 2023-11-30 08:51:22,406] A new study created in memory with name: no-name-83a7a0c7-31d7-43c8-a066-c4671ae8de77
/home/le004/conda/anaconda3/envs/tsff_env/lib/python3.9/site-packages/lightning/fabric/plugins/environments/slurm.py:191: The `srun` command is available on your system but is not used. HINT: If your intention is to run Lightning on SLURM, prepend your python command with `srun` like so: srun python /home/le004/master_thesis/git/TSFusionForecast/code/ ...
LOCAL_RANK: 0 - CUDA_VISIBLE_DEVICES: [0]
[I 2023-11-30 08:51:35,625] Trial 0 finished with value: 169.600830078125 and parameters: {'gradient_clip_val': 0.632153256334627, 'hidden_size': 41, 'dropout': 0.2652942356127035, 'hidden_continuous_size': 40, 'attention_head_size': 4, 'learning_rate': 0.0625255556396331}. Best is trial 0 with value: 169.600830078125.
LOCAL_RANK: 0 - CUDA_VISIBLE_DEVICES: [0]
[I 2023-11-30 08:51:47,866] Trial 1 finished with value: 442.8431396484375 and parameters: {'gradient_clip_val': 0.9413007169358631, 'hidden_size': 15, 'dropout': 0.20759272576148763, 'hidden_continuous_size': 14, 'attention_head_size': 2, 'learning_rate': 0.0049877730532977725}. Best is trial 0 with value: 169.600830078125.
LOCAL_RANK: 0 - CUDA_VISIBLE_DEVICES: [0]
[I 2023-11-30 08:52:01,342] Trial 2 finished with value: 269.4698791503906 and parameters: {'gradient_clip_val': 0.4036234598678016, 'hidden_size': 82, 'dropout': 0.19265355187125843, 'hidden_continuous_size': 28, 'attention_head_size': 2, 'learning_rate': 0.0015952805678804496}. Best is trial 0 with value: 169.600830078125.
LOCAL_RANK: 0 - CUDA_VISIBLE_DEVICES: [0]
[I 2023-11-30 08:52:14,651] Trial 3 finished with value: 405.1318664550781 and parameters: {'gradient_clip_val': 0.7181276413105356, 'hidden_size': 92, 'dropout': 0.10774501854127104, 'hidden_continuous_size': 26, 'attention_head_size': 1, 'learning_rate': 0.001668692436527808}. Best is trial 0 with value: 169.600830078125.
LOCAL_RANK: 0 - CUDA_VISIBLE_DEVICES: [0]
[I 2023-11-30 08:52:27,158] Trial 4 finished with value: 209.97686767578125 and parameters: {'gradient_clip_val': 0.597859129635022, 'hidden_size': 42, 'dropout': 0.37118985393087167, 'hidden_continuous_size': 16, 'attention_head_size': 2, 'learning_rate': 0.006445497779930701}. Best is trial 0 with value: 169.600830078125.
LOCAL_RANK: 0 - CUDA_VISIBLE_DEVICES: [0]
[I 2023-11-30 08:52:39,337] Trial 5 finished with value: 196.7834930419922 and parameters: {'gradient_clip_val': 0.10744291788168146, 'hidden_size': 27, 'dropout': 0.38852496378775647, 'hidden_continuous_size': 14, 'attention_head_size': 2, 'learning_rate': 0.018877861387676262}. Best is trial 0 with value: 169.600830078125.
LOCAL_RANK: 0 - CUDA_VISIBLE_DEVICES: [0]
[I 2023-11-30 08:52:53,313] Trial 6 finished with value: 124.75150299072266 and parameters: {'gradient_clip_val': 0.48768810286804587, 'hidden_size': 130, 'dropout': 0.2956550616847117, 'hidden_continuous_size': 14, 'attention_head_size': 1, 'learning_rate': 0.005792906497534207}. Best is trial 6 with value: 124.75150299072266.
LOCAL_RANK: 0 - CUDA_VISIBLE_DEVICES: [0]
[I 2023-11-30 08:53:03,603] Trial 7 finished with value: 151.53225708007812 and parameters: {'gradient_clip_val': 0.9562070493255554, 'hidden_size': 12, 'dropout': 0.1541722909963281, 'hidden_continuous_size': 12, 'attention_head_size': 4, 'learning_rate': 0.022036544868870966}. Best is trial 6 with value: 124.75150299072266.
LOCAL_RANK: 0 - CUDA_VISIBLE_DEVICES: [0]
[I 2023-11-30 08:53:15,806] Trial 8 finished with value: 414.3467712402344 and parameters: {'gradient_clip_val': 0.12122573995955761, 'hidden_size': 11, 'dropout': 0.33003905748455026, 'hidden_continuous_size': 10, 'attention_head_size': 3, 'learning_rate': 0.006138316442619832}. Best is trial 6 with value: 124.75150299072266.
LOCAL_RANK: 0 - CUDA_VISIBLE_DEVICES: [0]
[I 2023-11-30 08:53:28,551] Trial 9 finished with value: 168.20196533203125 and parameters: {'gradient_clip_val': 0.3743856605060575, 'hidden_size': 62, 'dropout': 0.1353073057353249, 'hidden_continuous_size': 10, 'attention_head_size': 1, 'learning_rate': 0.010333466803139991}. Best is trial 6 with value: 124.75150299072266.
LOCAL_RANK: 0 - CUDA_VISIBLE_DEVICES: [0]
[I 2023-11-30 08:53:42,576] Trial 10 finished with value: 162.54078674316406 and parameters: {'gradient_clip_val': 0.21396251637354408, 'hidden_size': 124, 'dropout': 0.2833242852512998, 'hidden_continuous_size': 76, 'attention_head_size': 1, 'learning_rate': 0.0028471368547513124}. Best is trial 6 with value: 124.75150299072266.
LOCAL_RANK: 0 - CUDA_VISIBLE_DEVICES: [0]
[I 2023-11-30 08:53:57,706] Trial 11 finished with value: 151.2593994140625 and parameters: {'gradient_clip_val': 0.9644362834833379, 'hidden_size': 147, 'dropout': 0.20695759077848203, 'hidden_continuous_size': 136, 'attention_head_size': 4, 'learning_rate': 0.021673066556452524}. Best is trial 6 with value: 124.75150299072266.
LOCAL_RANK: 0 - CUDA_VISIBLE_DEVICES: [0]
[I 2023-11-30 08:54:12,223] Trial 12 finished with value: 206.1017303466797 and parameters: {'gradient_clip_val': 0.4865394355445288, 'hidden_size': 144, 'dropout': 0.23063539559807508, 'hidden_continuous_size': 103, 'attention_head_size': 3, 'learning_rate': 0.01882605249530058}. Best is trial 6 with value: 124.75150299072266.
LOCAL_RANK: 0 - CUDA_VISIBLE_DEVICES: [0]
[I 2023-11-30 08:54:26,155] Trial 13 finished with value: 283.0188903808594 and parameters: {'gradient_clip_val': 0.27829674462225396, 'hidden_size': 124, 'dropout': 0.30391964533338456, 'hidden_continuous_size': 58, 'attention_head_size': 3, 'learning_rate': 0.0010023094590155825}. Best is trial 6 with value: 124.75150299072266.
LOCAL_RANK: 0 - CUDA_VISIBLE_DEVICES: [0]
[I 2023-11-30 08:54:41,182] Trial 14 finished with value: 167.44471740722656 and parameters: {'gradient_clip_val': 0.7643421546876056, 'hidden_size': 150, 'dropout': 0.2389505327407858, 'hidden_continuous_size': 146, 'attention_head_size': 4, 'learning_rate': 0.054465904538447685}. Best is trial 6 with value: 124.75150299072266.
LOCAL_RANK: 0 - CUDA_VISIBLE_DEVICES: [0]
[I 2023-11-30 08:54:54,720] Trial 15 finished with value: 187.43516540527344 and parameters: {'gradient_clip_val': 0.5282486794966775, 'hidden_size': 90, 'dropout': 0.30879420052722534, 'hidden_continuous_size': 20, 'attention_head_size': 3, 'learning_rate': 0.0327092495716152}. Best is trial 6 with value: 124.75150299072266.
LOCAL_RANK: 0 - CUDA_VISIBLE_DEVICES: [0]
[I 2023-11-30 08:55:08,131] Trial 16 finished with value: 130.92311096191406 and parameters: {'gradient_clip_val': 0.9925222274876098, 'hidden_size': 64, 'dropout': 0.26243361524543724, 'hidden_continuous_size': 20, 'attention_head_size': 4, 'learning_rate': 0.010327727754566005}. Best is trial 6 with value: 124.75150299072266.
LOCAL_RANK: 0 - CUDA_VISIBLE_DEVICES: [0]
[I 2023-11-30 08:55:21,280] Trial 17 finished with value: 169.32518005371094 and parameters: {'gradient_clip_val': 0.47738177231683554, 'hidden_size': 65, 'dropout': 0.2641121892506475, 'hidden_continuous_size': 19, 'attention_head_size': 1, 'learning_rate': 0.010283915411556196}. Best is trial 6 with value: 124.75150299072266.
LOCAL_RANK: 0 - CUDA_VISIBLE_DEVICES: [0]
[I 2023-11-30 08:55:34,154] Trial 18 finished with value: 295.28582763671875 and parameters: {'gradient_clip_val': 0.733135388077834, 'hidden_size': 56, 'dropout': 0.3395958540054338, 'hidden_continuous_size': 20, 'attention_head_size': 2, 'learning_rate': 0.003772947597532034}. Best is trial 6 with value: 124.75150299072266.
LOCAL_RANK: 0 - CUDA_VISIBLE_DEVICES: [0]
[I 2023-11-30 08:55:48,122] Trial 19 finished with value: 164.4833526611328 and parameters: {'gradient_clip_val': 0.29752690327547865, 'hidden_size': 102, 'dropout': 0.2860188618829652, 'hidden_continuous_size': 35, 'attention_head_size': 3, 'learning_rate': 0.009388510167253018}. Best is trial 6 with value: 124.75150299072266.
LOCAL_RANK: 0 - CUDA_VISIBLE_DEVICES: [0]
[I 2023-11-30 08:56:01,517] Trial 20 finished with value: 144.69322204589844 and parameters: {'gradient_clip_val': 0.6193414733267145, 'hidden_size': 70, 'dropout': 0.3397888916066611, 'hidden_continuous_size': 17, 'attention_head_size': 4, 'learning_rate': 0.003710523384411253}. Best is trial 6 with value: 124.75150299072266.
LOCAL_RANK: 0 - CUDA_VISIBLE_DEVICES: [0]
[I 2023-11-30 08:56:15,037] Trial 21 finished with value: 302.47406005859375 and parameters: {'gradient_clip_val': 0.6229235413979095, 'hidden_size': 72, 'dropout': 0.3459464606527014, 'hidden_continuous_size': 17, 'attention_head_size': 4, 'learning_rate': 0.0033609857212144206}. Best is trial 6 with value: 124.75150299072266.
LOCAL_RANK: 0 - CUDA_VISIBLE_DEVICES: [0]
[I 2023-11-30 08:56:28,077] Trial 22 finished with value: 210.0637664794922 and parameters: {'gradient_clip_val': 0.7707747984502243, 'hidden_size': 53, 'dropout': 0.31178402269477895, 'hidden_continuous_size': 23, 'attention_head_size': 4, 'learning_rate': 0.007353022610462846}. Best is trial 6 with value: 124.75150299072266.
LOCAL_RANK: 0 - CUDA_VISIBLE_DEVICES: [0]
[I 2023-11-30 08:56:41,745] Trial 23 finished with value: 177.67051696777344 and parameters: {'gradient_clip_val': 0.5399406646613036, 'hidden_size': 103, 'dropout': 0.35463396991907153, 'hidden_continuous_size': 14, 'attention_head_size': 4, 'learning_rate': 0.012223075943577763}. Best is trial 6 with value: 124.75150299072266.
LOCAL_RANK: 0 - CUDA_VISIBLE_DEVICES: [0]
[I 2023-11-30 08:56:55,037] Trial 24 finished with value: 159.30909729003906 and parameters: {'gradient_clip_val': 0.8290666099974456, 'hidden_size': 76, 'dropout': 0.3233556658368296, 'hidden_continuous_size': 16, 'attention_head_size': 3, 'learning_rate': 0.004143052356900557}. Best is trial 6 with value: 124.75150299072266.
LOCAL_RANK: 0 - CUDA_VISIBLE_DEVICES: [0]
[I 2023-11-30 08:57:08,108] Trial 25 finished with value: 173.075439453125 and parameters: {'gradient_clip_val': 0.654989499047717, 'hidden_size': 53, 'dropout': 0.27890058518435545, 'hidden_continuous_size': 18, 'attention_head_size': 4, 'learning_rate': 0.005136280783770184}. Best is trial 6 with value: 124.75150299072266.
LOCAL_RANK: 0 - CUDA_VISIBLE_DEVICES: [0]
[I 2023-11-30 08:57:21,464] Trial 26 finished with value: 154.24761962890625 and parameters: {'gradient_clip_val': 0.9911417443031234, 'hidden_size': 77, 'dropout': 0.3649171686539566, 'hidden_continuous_size': 12, 'attention_head_size': 3, 'learning_rate': 0.002625794925418525}. Best is trial 6 with value: 124.75150299072266.
LOCAL_RANK: 0 - CUDA_VISIBLE_DEVICES: [0]
[I 2023-11-30 08:57:35,128] Trial 27 finished with value: 189.373779296875 and parameters: {'gradient_clip_val': 0.8223123031800603, 'hidden_size': 110, 'dropout': 0.2988196386158762, 'hidden_continuous_size': 24, 'attention_head_size': 1, 'learning_rate': 0.09357836219408058}. Best is trial 6 with value: 124.75150299072266.
LOCAL_RANK: 0 - CUDA_VISIBLE_DEVICES: [0]
[I 2023-11-30 08:57:48,759] Trial 28 finished with value: 154.29364013671875 and parameters: {'gradient_clip_val': 0.4251764118559372, 'hidden_size': 87, 'dropout': 0.2555083967239144, 'hidden_continuous_size': 22, 'attention_head_size': 4, 'learning_rate': 0.007325644145216157}. Best is trial 6 with value: 124.75150299072266.
LOCAL_RANK: 0 - CUDA_VISIBLE_DEVICES: [0]
[I 2023-11-30 08:58:01,648] Trial 29 finished with value: 199.5251007080078 and parameters: {'gradient_clip_val': 0.6072295712881652, 'hidden_size': 45, 'dropout': 0.3345886513900654, 'hidden_continuous_size': 18, 'attention_head_size': 4, 'learning_rate': 0.0047272671205118065}. Best is trial 6 with value: 124.75150299072266.
LOCAL_RANK: 0 - CUDA_VISIBLE_DEVICES: [0]
[I 2023-11-30 08:58:14,165] Trial 30 finished with value: 120.9336929321289 and parameters: {'gradient_clip_val': 0.6640452213240163, 'hidden_size': 35, 'dropout': 0.27630212655220143, 'hidden_continuous_size': 16, 'attention_head_size': 2, 'learning_rate': 0.013624916023256821}. Best is trial 30 with value: 120.9336929321289.
LOCAL_RANK: 0 - CUDA_VISIBLE_DEVICES: [0]
[I 2023-11-30 08:58:26,909] Trial 31 finished with value: 118.5881118774414 and parameters: {'gradient_clip_val': 0.6682240173490691, 'hidden_size': 34, 'dropout': 0.2730585235832689, 'hidden_continuous_size': 16, 'attention_head_size': 2, 'learning_rate': 0.01365405488836423}. Best is trial 31 with value: 118.5881118774414.
LOCAL_RANK: 0 - CUDA_VISIBLE_DEVICES: [0]
[I 2023-11-30 08:58:39,103] Trial 32 finished with value: 151.68276977539062 and parameters: {'gradient_clip_val': 0.8493709302748971, 'hidden_size': 32, 'dropout': 0.27038861663301966, 'hidden_continuous_size': 15, 'attention_head_size': 2, 'learning_rate': 0.01200610277821707}. Best is trial 31 with value: 118.5881118774414.
LOCAL_RANK: 0 - CUDA_VISIBLE_DEVICES: [0]
[I 2023-11-30 08:58:51,601] Trial 33 finished with value: 136.39642333984375 and parameters: {'gradient_clip_val': 0.6910727183155438, 'hidden_size': 34, 'dropout': 0.24405796024039247, 'hidden_continuous_size': 15, 'attention_head_size': 2, 'learning_rate': 0.014821354416352675}. Best is trial 31 with value: 118.5881118774414.
LOCAL_RANK: 0 - CUDA_VISIBLE_DEVICES: [0]
[I 2023-11-30 08:59:03,689] Trial 34 finished with value: 281.1575927734375 and parameters: {'gradient_clip_val': 0.8443254137225228, 'hidden_size': 25, 'dropout': 0.2597107684793292, 'hidden_continuous_size': 13, 'attention_head_size': 1, 'learning_rate': 0.00861220582476676}. Best is trial 31 with value: 118.5881118774414.
LOCAL_RANK: 0 - CUDA_VISIBLE_DEVICES: [0]
[I 2023-11-30 08:59:16,392] Trial 35 finished with value: 157.42877197265625 and parameters: {'gradient_clip_val': 0.6902843146188011, 'hidden_size': 44, 'dropout': 0.29229412457167053, 'hidden_continuous_size': 21, 'attention_head_size': 2, 'learning_rate': 0.013863307138319788}. Best is trial 31 with value: 118.5881118774414.
LOCAL_RANK: 0 - CUDA_VISIBLE_DEVICES: [0]
[I 2023-11-30 08:59:29,225] Trial 36 finished with value: 115.79571533203125 and parameters: {'gradient_clip_val': 0.5440496376326347, 'hidden_size': 38, 'dropout': 0.22771941137203247, 'hidden_continuous_size': 18, 'attention_head_size': 2, 'learning_rate': 0.008053129644737051}. Best is trial 36 with value: 115.79571533203125.
LOCAL_RANK: 0 - CUDA_VISIBLE_DEVICES: [0]
[I 2023-11-30 08:59:41,527] Trial 37 finished with value: 278.2815856933594 and parameters: {'gradient_clip_val': 0.5826535727222171, 'hidden_size': 23, 'dropout': 0.2257631416174598, 'hidden_continuous_size': 16, 'attention_head_size': 2, 'learning_rate': 0.007421536260408547}. Best is trial 36 with value: 115.79571533203125.
LOCAL_RANK: 0 - CUDA_VISIBLE_DEVICES: [0]
[I 2023-11-30 08:59:53,466] Trial 38 finished with value: 433.1875 and parameters: {'gradient_clip_val': 0.5333856334985316, 'hidden_size': 20, 'dropout': 0.2229143231251734, 'hidden_continuous_size': 15, 'attention_head_size': 2, 'learning_rate': 0.0054986182777568594}. Best is trial 36 with value: 115.79571533203125.
LOCAL_RANK: 0 - CUDA_VISIBLE_DEVICES: [0]
[I 2023-11-30 09:00:06,008] Trial 39 finished with value: 146.3270721435547 and parameters: {'gradient_clip_val': 0.4266431476124043, 'hidden_size': 37, 'dropout': 0.250723971250723, 'hidden_continuous_size': 13, 'attention_head_size': 2, 'learning_rate': 0.014913828338275852}. Best is trial 36 with value: 115.79571533203125.
LOCAL_RANK: 0 - CUDA_VISIBLE_DEVICES: [0]
[I 2023-11-30 09:00:18,352] Trial 40 finished with value: 251.63063049316406 and parameters: {'gradient_clip_val': 0.3785525220022472, 'hidden_size': 30, 'dropout': 0.19368004292148233, 'hidden_continuous_size': 18, 'attention_head_size': 1, 'learning_rate': 0.0055764161177258645}. Best is trial 36 with value: 115.79571533203125.
LOCAL_RANK: 0 - CUDA_VISIBLE_DEVICES: [0]
[I 2023-11-30 09:00:31,042] Trial 41 finished with value: 133.0787811279297 and parameters: {'gradient_clip_val': 0.6928624033209119, 'hidden_size': 38, 'dropout': 0.2746163893457223, 'hidden_continuous_size': 19, 'attention_head_size': 2, 'learning_rate': 0.00910735300093185}. Best is trial 36 with value: 115.79571533203125.
LOCAL_RANK: 0 - CUDA_VISIBLE_DEVICES: [0]
[I 2023-11-30 09:00:43,883] Trial 42 finished with value: 290.692138671875 and parameters: {'gradient_clip_val': 0.8491509430066275, 'hidden_size': 47, 'dropout': 0.2665795874907583, 'hidden_continuous_size': 21, 'attention_head_size': 2, 'learning_rate': 0.006936404597956632}. Best is trial 36 with value: 115.79571533203125.
LOCAL_RANK: 0 - CUDA_VISIBLE_DEVICES: [0]
[I 2023-11-30 09:00:56,448] Trial 43 finished with value: 118.74199676513672 and parameters: {'gradient_clip_val': 0.9039307400557344, 'hidden_size': 35, 'dropout': 0.2888754643502768, 'hidden_continuous_size': 17, 'attention_head_size': 1, 'learning_rate': 0.011165340713551339}. Best is trial 36 with value: 115.79571533203125.
LOCAL_RANK: 0 - CUDA_VISIBLE_DEVICES: [0]
[I 2023-11-30 09:01:08,748] Trial 44 finished with value: 173.81224060058594 and parameters: {'gradient_clip_val': 0.5814667298484897, 'hidden_size': 29, 'dropout': 0.2916425595024715, 'hidden_continuous_size': 17, 'attention_head_size': 1, 'learning_rate': 0.016925889115147967}. Best is trial 36 with value: 115.79571533203125.
LOCAL_RANK: 0 - CUDA_VISIBLE_DEVICES: [0]
[I 2023-11-30 09:01:21,304] Trial 45 finished with value: 144.8436279296875 and parameters: {'gradient_clip_val': 0.6717667517864102, 'hidden_size': 39, 'dropout': 0.315977917846937, 'hidden_continuous_size': 16, 'attention_head_size': 1, 'learning_rate': 0.024302878277975223}. Best is trial 36 with value: 115.79571533203125.
LOCAL_RANK: 0 - CUDA_VISIBLE_DEVICES: [0]
[I 2023-11-30 09:01:33,884] Trial 46 finished with value: 134.20091247558594 and parameters: {'gradient_clip_val': 0.8994953260388965, 'hidden_size': 34, 'dropout': 0.2994357549344592, 'hidden_continuous_size': 14, 'attention_head_size': 1, 'learning_rate': 0.012126574169654994}. Best is trial 36 with value: 115.79571533203125.
LOCAL_RANK: 0 - CUDA_VISIBLE_DEVICES: [0]
[I 2023-11-30 09:01:46,411] Trial 47 finished with value: 274.99859619140625 and parameters: {'gradient_clip_val': 0.7876560126905369, 'hidden_size': 41, 'dropout': 0.28422222113113577, 'hidden_continuous_size': 11, 'attention_head_size': 1, 'learning_rate': 0.008422323892980196}. Best is trial 36 with value: 115.79571533203125.
LOCAL_RANK: 0 - CUDA_VISIBLE_DEVICES: [0]
[I 2023-11-30 09:01:58,589] Trial 48 finished with value: 243.2792205810547 and parameters: {'gradient_clip_val': 0.477427876062424, 'hidden_size': 18, 'dropout': 0.24629374336734228, 'hidden_continuous_size': 15, 'attention_head_size': 2, 'learning_rate': 0.006062188520216564}. Best is trial 36 with value: 115.79571533203125.
LOCAL_RANK: 0 - CUDA_VISIBLE_DEVICES: [0]
[I 2023-11-30 09:02:10,884] Trial 49 finished with value: 176.2642059326172 and parameters: {'gradient_clip_val': 0.7445251294044517, 'hidden_size': 29, 'dropout': 0.23618945532756702, 'hidden_continuous_size': 16, 'attention_head_size': 1, 'learning_rate': 0.017221601064583213}. Best is trial 36 with value: 115.79571533203125.
LOCAL_RANK: 0 - CUDA_VISIBLE_DEVICES: [0]
[I 2023-11-30 09:02:23,471] Trial 50 finished with value: 109.42589569091797 and parameters: {'gradient_clip_val': 0.909997011626011, 'hidden_size': 48, 'dropout': 0.3238194552430061, 'hidden_continuous_size': 13, 'attention_head_size': 2, 'learning_rate': 0.010752678104905971}. Best is trial 50 with value: 109.42589569091797.
LOCAL_RANK: 0 - CUDA_VISIBLE_DEVICES: [0]
[I 2023-11-30 09:02:35,932] Trial 51 finished with value: 152.82420349121094 and parameters: {'gradient_clip_val': 0.9109022273708242, 'hidden_size': 36, 'dropout': 0.31853517243137863, 'hidden_continuous_size': 13, 'attention_head_size': 2, 'learning_rate': 0.011287493532350765}. Best is trial 50 with value: 109.42589569091797.
LOCAL_RANK: 0 - CUDA_VISIBLE_DEVICES: [0]
[I 2023-11-30 09:02:48,196] Trial 52 finished with value: 268.7904052734375 and parameters: {'gradient_clip_val': 0.7332211930940927, 'hidden_size': 32, 'dropout': 0.27596227462504247, 'hidden_continuous_size': 17, 'attention_head_size': 2, 'learning_rate': 0.010010382186290585}. Best is trial 50 with value: 109.42589569091797.
LOCAL_RANK: 0 - CUDA_VISIBLE_DEVICES: [0]
