[I 2023-11-30 08:25:37,897] Trial 27 finished with value: 15.064590454101562 and parameters: {'gradient_clip_val': 0.4232039030605724, 'hidden_size': 19, 'dropout': 0.34191142067316205, 'hidden_continuous_size': 11, 'attention_head_size': 3, 'learning_rate': 0.07360942226031453}. Best is trial 6 with value: 14.472058296203613.
LOCAL_RANK: 0 - CUDA_VISIBLE_DEVICES: [0]
[I 2023-11-30 08:25:50,555] Trial 28 finished with value: 18.094757080078125 and parameters: {'gradient_clip_val': 0.855322635068927, 'hidden_size': 31, 'dropout': 0.31896359655414264, 'hidden_continuous_size': 16, 'attention_head_size': 4, 'learning_rate': 0.013446887543788151}. Best is trial 6 with value: 14.472058296203613.
LOCAL_RANK: 0 - CUDA_VISIBLE_DEVICES: [0]
[I 2023-11-30 08:26:03,178] Trial 29 finished with value: 14.707056999206543 and parameters: {'gradient_clip_val': 0.7294412933521902, 'hidden_size': 37, 'dropout': 0.3685946292066605, 'hidden_continuous_size': 13, 'attention_head_size': 3, 'learning_rate': 0.04537801759692115}. Best is trial 6 with value: 14.472058296203613.
LOCAL_RANK: 0 - CUDA_VISIBLE_DEVICES: [0]
[I 2023-11-30 08:26:15,948] Trial 30 finished with value: 17.274084091186523 and parameters: {'gradient_clip_val': 0.7181454077433609, 'hidden_size': 34, 'dropout': 0.26855337328983925, 'hidden_continuous_size': 16, 'attention_head_size': 3, 'learning_rate': 0.047600123260796726}. Best is trial 6 with value: 14.472058296203613.
LOCAL_RANK: 0 - CUDA_VISIBLE_DEVICES: [0]
[I 2023-11-30 08:26:28,499] Trial 31 finished with value: 18.39664077758789 and parameters: {'gradient_clip_val': 0.8336994389053327, 'hidden_size': 35, 'dropout': 0.3681416699289178, 'hidden_continuous_size': 13, 'attention_head_size': 3, 'learning_rate': 0.07431921523743826}. Best is trial 6 with value: 14.472058296203613.
LOCAL_RANK: 0 - CUDA_VISIBLE_DEVICES: [0]
[I 2023-11-30 08:26:40,690] Trial 32 finished with value: 17.927207946777344 and parameters: {'gradient_clip_val': 0.6929907995318366, 'hidden_size': 25, 'dropout': 0.3999453233482544, 'hidden_continuous_size': 12, 'attention_head_size': 3, 'learning_rate': 0.03813264257601835}. Best is trial 6 with value: 14.472058296203613.
LOCAL_RANK: 0 - CUDA_VISIBLE_DEVICES: [0]
[I 2023-11-30 08:26:53,281] Trial 33 finished with value: 13.484256744384766 and parameters: {'gradient_clip_val': 0.5522702649939044, 'hidden_size': 39, 'dropout': 0.3784314696189772, 'hidden_continuous_size': 14, 'attention_head_size': 2, 'learning_rate': 0.054562080396959936}. Best is trial 33 with value: 13.484256744384766.
LOCAL_RANK: 0 - CUDA_VISIBLE_DEVICES: [0]
[I 2023-11-30 08:27:05,886] Trial 34 finished with value: 13.636002540588379 and parameters: {'gradient_clip_val': 0.7465035267492377, 'hidden_size': 41, 'dropout': 0.3392358082933911, 'hidden_continuous_size': 14, 'attention_head_size': 2, 'learning_rate': 0.024464565477000152}. Best is trial 33 with value: 13.484256744384766.
LOCAL_RANK: 0 - CUDA_VISIBLE_DEVICES: [0]
[I 2023-11-30 08:27:18,819] Trial 35 finished with value: 18.669185638427734 and parameters: {'gradient_clip_val': 0.8855228465591226, 'hidden_size': 46, 'dropout': 0.3035627691622152, 'hidden_continuous_size': 17, 'attention_head_size': 2, 'learning_rate': 0.025156978407808245}. Best is trial 33 with value: 13.484256744384766.
LOCAL_RANK: 0 - CUDA_VISIBLE_DEVICES: [0]
[I 2023-11-30 08:27:31,306] Trial 36 finished with value: 16.083837509155273 and parameters: {'gradient_clip_val': 0.37276171524351337, 'hidden_size': 39, 'dropout': 0.34070240606105173, 'hidden_continuous_size': 15, 'attention_head_size': 2, 'learning_rate': 0.016778305919753916}. Best is trial 33 with value: 13.484256744384766.
LOCAL_RANK: 0 - CUDA_VISIBLE_DEVICES: [0]
[I 2023-11-30 08:27:44,126] Trial 37 finished with value: 21.284029006958008 and parameters: {'gradient_clip_val': 0.9813441498005605, 'hidden_size': 52, 'dropout': 0.28780903307881334, 'hidden_continuous_size': 21, 'attention_head_size': 1, 'learning_rate': 0.0231041007392254}. Best is trial 33 with value: 13.484256744384766.
LOCAL_RANK: 0 - CUDA_VISIBLE_DEVICES: [0]
[I 2023-11-30 08:27:57,013] Trial 38 finished with value: 16.146371841430664 and parameters: {'gradient_clip_val': 0.7758277161924658, 'hidden_size': 50, 'dropout': 0.33132578014377745, 'hidden_continuous_size': 19, 'attention_head_size': 2, 'learning_rate': 0.010647522377947517}. Best is trial 33 with value: 13.484256744384766.
LOCAL_RANK: 0 - CUDA_VISIBLE_DEVICES: [0]
[I 2023-11-30 08:28:09,540] Trial 39 finished with value: 19.13910675048828 and parameters: {'gradient_clip_val': 0.8862581112757827, 'hidden_size': 42, 'dropout': 0.309834970971248, 'hidden_continuous_size': 14, 'attention_head_size': 1, 'learning_rate': 0.05467930078732004}. Best is trial 33 with value: 13.484256744384766.
LOCAL_RANK: 0 - CUDA_VISIBLE_DEVICES: [0]
[I 2023-11-30 08:28:22,999] Trial 40 finished with value: 17.549428939819336 and parameters: {'gradient_clip_val': 0.5626337563737139, 'hidden_size': 61, 'dropout': 0.3542862388633613, 'hidden_continuous_size': 26, 'attention_head_size': 2, 'learning_rate': 0.032433151976600114}. Best is trial 33 with value: 13.484256744384766.
LOCAL_RANK: 0 - CUDA_VISIBLE_DEVICES: [0]
[I 2023-11-30 08:28:35,606] Trial 41 finished with value: 23.227529525756836 and parameters: {'gradient_clip_val': 0.715110063341606, 'hidden_size': 37, 'dropout': 0.3294245638819935, 'hidden_continuous_size': 17, 'attention_head_size': 2, 'learning_rate': 0.04680371726913632}. Best is trial 33 with value: 13.484256744384766.
LOCAL_RANK: 0 - CUDA_VISIBLE_DEVICES: [0]
[I 2023-11-30 08:28:48,128] Trial 42 finished with value: 16.723981857299805 and parameters: {'gradient_clip_val': 0.6611045368377286, 'hidden_size': 44, 'dropout': 0.37796590659455376, 'hidden_continuous_size': 13, 'attention_head_size': 2, 'learning_rate': 0.03783775772997143}. Best is trial 33 with value: 13.484256744384766.
LOCAL_RANK: 0 - CUDA_VISIBLE_DEVICES: [0]
[I 2023-11-30 08:29:00,555] Trial 43 finished with value: 24.321401596069336 and parameters: {'gradient_clip_val': 0.762416944055852, 'hidden_size': 31, 'dropout': 0.3628427987469285, 'hidden_continuous_size': 14, 'attention_head_size': 3, 'learning_rate': 0.05423545112375207}. Best is trial 33 with value: 13.484256744384766.
LOCAL_RANK: 0 - CUDA_VISIBLE_DEVICES: [0]
[I 2023-11-30 08:29:12,948] Trial 44 finished with value: 18.250822067260742 and parameters: {'gradient_clip_val': 0.6059838423736095, 'hidden_size': 37, 'dropout': 0.3520869869040924, 'hidden_continuous_size': 18, 'attention_head_size': 1, 'learning_rate': 0.02030580938043841}. Best is trial 33 with value: 13.484256744384766.
LOCAL_RANK: 0 - CUDA_VISIBLE_DEVICES: [0]
[I 2023-11-30 08:29:25,924] Trial 45 finished with value: 16.899721145629883 and parameters: {'gradient_clip_val': 0.4941334377882272, 'hidden_size': 49, 'dropout': 0.38304824472094595, 'hidden_continuous_size': 12, 'attention_head_size': 2, 'learning_rate': 0.02581426864806361}. Best is trial 33 with value: 13.484256744384766.
LOCAL_RANK: 0 - CUDA_VISIBLE_DEVICES: [0]
[I 2023-11-30 08:29:38,126] Trial 46 finished with value: 17.29349708557129 and parameters: {'gradient_clip_val': 0.9085614631253507, 'hidden_size': 28, 'dropout': 0.35588304363505774, 'hidden_continuous_size': 15, 'attention_head_size': 3, 'learning_rate': 0.06250030142183836}. Best is trial 33 with value: 13.484256744384766.
LOCAL_RANK: 0 - CUDA_VISIBLE_DEVICES: [0]
[I 2023-11-30 08:29:50,818] Trial 47 finished with value: 17.77833366394043 and parameters: {'gradient_clip_val': 0.5937976743981448, 'hidden_size': 41, 'dropout': 0.3838804282934833, 'hidden_continuous_size': 20, 'attention_head_size': 2, 'learning_rate': 0.018262738064587766}. Best is trial 33 with value: 13.484256744384766.
LOCAL_RANK: 0 - CUDA_VISIBLE_DEVICES: [0]
[I 2023-11-30 08:30:04,132] Trial 48 finished with value: 16.14354133605957 and parameters: {'gradient_clip_val': 0.7990146961981038, 'hidden_size': 68, 'dropout': 0.3396006273679042, 'hidden_continuous_size': 25, 'attention_head_size': 3, 'learning_rate': 0.008923917312716497}. Best is trial 33 with value: 13.484256744384766.
LOCAL_RANK: 0 - CUDA_VISIBLE_DEVICES: [0]
[I 2023-11-30 08:30:16,706] Trial 49 finished with value: 17.795366287231445 and parameters: {'gradient_clip_val': 0.6778025932500363, 'hidden_size': 34, 'dropout': 0.28079992318982794, 'hidden_continuous_size': 13, 'attention_head_size': 2, 'learning_rate': 0.03667217697196684}. Best is trial 33 with value: 13.484256744384766.
LOCAL_RANK: 0 - CUDA_VISIBLE_DEVICES: [0]
[I 2023-11-30 08:30:29,460] Trial 50 finished with value: 16.314111709594727 and parameters: {'gradient_clip_val': 0.9864591813047363, 'hidden_size': 47, 'dropout': 0.3841370280871937, 'hidden_continuous_size': 11, 'attention_head_size': 1, 'learning_rate': 0.029005741658628133}. Best is trial 33 with value: 13.484256744384766.
LOCAL_RANK: 0 - CUDA_VISIBLE_DEVICES: [0]
[I 2023-11-30 08:30:41,752] Trial 51 finished with value: 15.68820571899414 and parameters: {'gradient_clip_val': 0.5623699468144073, 'hidden_size': 23, 'dropout': 0.38929654975163447, 'hidden_continuous_size': 14, 'attention_head_size': 4, 'learning_rate': 0.07940409623391816}. Best is trial 33 with value: 13.484256744384766.
LOCAL_RANK: 0 - CUDA_VISIBLE_DEVICES: [0]
[I 2023-11-30 08:30:54,747] Trial 52 finished with value: 25.1613826751709 and parameters: {'gradient_clip_val': 0.47469474663566485, 'hidden_size': 55, 'dropout': 0.3643043322772283, 'hidden_continuous_size': 11, 'attention_head_size': 4, 'learning_rate': 0.09929775968618482}. Best is trial 33 with value: 13.484256744384766.
LOCAL_RANK: 0 - CUDA_VISIBLE_DEVICES: [0]
[I 2023-11-30 08:31:06,591] Trial 53 finished with value: 15.437926292419434 and parameters: {'gradient_clip_val': 0.6398935018992307, 'hidden_size': 28, 'dropout': 0.39891580335300253, 'hidden_continuous_size': 12, 'attention_head_size': 2, 'learning_rate': 0.05856738023315}. Best is trial 33 with value: 13.484256744384766.
LOCAL_RANK: 0 - CUDA_VISIBLE_DEVICES: [0]
[I 2023-11-30 08:31:19,045] Trial 54 finished with value: 20.515182495117188 and parameters: {'gradient_clip_val': 0.7318784550190668, 'hidden_size': 40, 'dropout': 0.37694885988261845, 'hidden_continuous_size': 10, 'attention_head_size': 3, 'learning_rate': 0.08272915216591833}. Best is trial 33 with value: 13.484256744384766.
LOCAL_RANK: 0 - CUDA_VISIBLE_DEVICES: [0]
[I 2023-11-30 08:31:31,489] Trial 55 finished with value: 14.974690437316895 and parameters: {'gradient_clip_val': 0.5259851684448249, 'hidden_size': 19, 'dropout': 0.3691561085494595, 'hidden_continuous_size': 13, 'attention_head_size': 4, 'learning_rate': 0.04964394128564919}. Best is trial 33 with value: 13.484256744384766.
LOCAL_RANK: 0 - CUDA_VISIBLE_DEVICES: [0]
[I 2023-11-30 08:31:43,738] Trial 56 finished with value: 13.320042610168457 and parameters: {'gradient_clip_val': 0.5150026487822286, 'hidden_size': 25, 'dropout': 0.3520321744904486, 'hidden_continuous_size': 14, 'attention_head_size': 2, 'learning_rate': 0.041514889722437186}. Best is trial 56 with value: 13.320042610168457.
LOCAL_RANK: 0 - CUDA_VISIBLE_DEVICES: [0]
[I 2023-11-30 08:31:56,061] Trial 57 finished with value: 16.307260513305664 and parameters: {'gradient_clip_val': 0.6098150670347625, 'hidden_size': 32, 'dropout': 0.34968943521177326, 'hidden_continuous_size': 16, 'attention_head_size': 2, 'learning_rate': 0.0424886691144111}. Best is trial 56 with value: 13.320042610168457.
LOCAL_RANK: 0 - CUDA_VISIBLE_DEVICES: [0]
[I 2023-11-30 08:32:08,210] Trial 58 finished with value: 14.879225730895996 and parameters: {'gradient_clip_val': 0.45753565943702923, 'hidden_size': 25, 'dropout': 0.33531662644305693, 'hidden_continuous_size': 14, 'attention_head_size': 2, 'learning_rate': 0.0345306902547235}. Best is trial 56 with value: 13.320042610168457.
LOCAL_RANK: 0 - CUDA_VISIBLE_DEVICES: [0]
[I 2023-11-30 08:32:20,940] Trial 59 finished with value: 17.363061904907227 and parameters: {'gradient_clip_val': 0.7527619457747147, 'hidden_size': 44, 'dropout': 0.34535346221889585, 'hidden_continuous_size': 18, 'attention_head_size': 3, 'learning_rate': 0.029336867469522392}. Best is trial 56 with value: 13.320042610168457.
LOCAL_RANK: 0 - CUDA_VISIBLE_DEVICES: [0]
[I 2023-11-30 08:32:33,535] Trial 60 finished with value: 16.045406341552734 and parameters: {'gradient_clip_val': 0.8052375045489821, 'hidden_size': 29, 'dropout': 0.3142540513151716, 'hidden_continuous_size': 15, 'attention_head_size': 2, 'learning_rate': 0.06307285748398002}. Best is trial 56 with value: 13.320042610168457.
LOCAL_RANK: 0 - CUDA_VISIBLE_DEVICES: [0]
[I 2023-11-30 08:32:45,631] Trial 61 finished with value: 13.760775566101074 and parameters: {'gradient_clip_val': 0.4378361871471051, 'hidden_size': 25, 'dropout': 0.32769682213042, 'hidden_continuous_size': 14, 'attention_head_size': 2, 'learning_rate': 0.03557956429779257}. Best is trial 56 with value: 13.320042610168457.
LOCAL_RANK: 0 - CUDA_VISIBLE_DEVICES: [0]
[I 2023-11-30 08:32:58,201] Trial 62 finished with value: 17.52701759338379 and parameters: {'gradient_clip_val': 0.49356751702224333, 'hidden_size': 34, 'dropout': 0.32418914990658326, 'hidden_continuous_size': 13, 'attention_head_size': 2, 'learning_rate': 0.043150602654408184}. Best is trial 56 with value: 13.320042610168457.
LOCAL_RANK: 0 - CUDA_VISIBLE_DEVICES: [0]
[I 2023-11-30 08:33:10,403] Trial 63 finished with value: 15.512772560119629 and parameters: {'gradient_clip_val': 0.40551754394585593, 'hidden_size': 23, 'dropout': 0.30231379779247664, 'hidden_continuous_size': 14, 'attention_head_size': 2, 'learning_rate': 0.03701584044407379}. Best is trial 56 with value: 13.320042610168457.
LOCAL_RANK: 0 - CUDA_VISIBLE_DEVICES: [0]
[I 2023-11-30 08:33:22,780] Trial 64 finished with value: 15.712428092956543 and parameters: {'gradient_clip_val': 0.43937623237943346, 'hidden_size': 27, 'dropout': 0.3243409547809031, 'hidden_continuous_size': 15, 'attention_head_size': 2, 'learning_rate': 0.050498429409361}. Best is trial 56 with value: 13.320042610168457.
LOCAL_RANK: 0 - CUDA_VISIBLE_DEVICES: [0]
[I 2023-11-30 08:33:35,342] Trial 65 finished with value: 13.985739707946777 and parameters: {'gradient_clip_val': 0.5347320815326705, 'hidden_size': 31, 'dropout': 0.36096171628906637, 'hidden_continuous_size': 12, 'attention_head_size': 2, 'learning_rate': 0.027233217479871768}. Best is trial 56 with value: 13.320042610168457.
LOCAL_RANK: 0 - CUDA_VISIBLE_DEVICES: [0]
[I 2023-11-30 08:33:47,671] Trial 66 finished with value: 19.402822494506836 and parameters: {'gradient_clip_val': 0.4924343097680405, 'hidden_size': 30, 'dropout': 0.291212676007732, 'hidden_continuous_size': 12, 'attention_head_size': 2, 'learning_rate': 0.025930055199767897}. Best is trial 56 with value: 13.320042610168457.
LOCAL_RANK: 0 - CUDA_VISIBLE_DEVICES: [0]
[I 2023-11-30 08:33:59,729] Trial 67 finished with value: 17.917165756225586 and parameters: {'gradient_clip_val': 0.5428451839864703, 'hidden_size': 25, 'dropout': 0.3593692340381107, 'hidden_continuous_size': 14, 'attention_head_size': 2, 'learning_rate': 0.021095876841560585}. Best is trial 56 with value: 13.320042610168457.
LOCAL_RANK: 0 - CUDA_VISIBLE_DEVICES: [0]
[I 2023-11-30 08:34:11,963] Trial 68 finished with value: 23.079788208007812 and parameters: {'gradient_clip_val': 0.4568388855865281, 'hidden_size': 21, 'dropout': 0.3334433059673578, 'hidden_continuous_size': 15, 'attention_head_size': 2, 'learning_rate': 0.015421581632309894}. Best is trial 56 with value: 13.320042610168457.
LOCAL_RANK: 0 - CUDA_VISIBLE_DEVICES: [0]
[I 2023-11-30 08:34:24,191] Trial 69 finished with value: 19.329004287719727 and parameters: {'gradient_clip_val': 0.382971204029288, 'hidden_size': 26, 'dropout': 0.34706337731678494, 'hidden_continuous_size': 17, 'attention_head_size': 1, 'learning_rate': 0.0275845061305987}. Best is trial 56 with value: 13.320042610168457.
LOCAL_RANK: 0 - CUDA_VISIBLE_DEVICES: [0]
[I 2023-11-30 08:34:36,423] Trial 70 finished with value: 15.776251792907715 and parameters: {'gradient_clip_val': 0.5855010439971954, 'hidden_size': 21, 'dropout': 0.2592374679739441, 'hidden_continuous_size': 12, 'attention_head_size': 2, 'learning_rate': 0.03207911401329147}. Best is trial 56 with value: 13.320042610168457.
LOCAL_RANK: 0 - CUDA_VISIBLE_DEVICES: [0]
[I 2023-11-30 08:34:48,799] Trial 71 finished with value: 13.158875465393066 and parameters: {'gradient_clip_val': 0.6632309677554191, 'hidden_size': 36, 'dropout': 0.36838028863463845, 'hidden_continuous_size': 13, 'attention_head_size': 2, 'learning_rate': 0.04092451211737643}. Best is trial 71 with value: 13.158875465393066.
LOCAL_RANK: 0 - CUDA_VISIBLE_DEVICES: [0]
[I 2023-11-30 08:35:01,030] Trial 72 finished with value: 16.842872619628906 and parameters: {'gradient_clip_val': 0.6316536970293835, 'hidden_size': 32, 'dropout': 0.3608783535098784, 'hidden_continuous_size': 16, 'attention_head_size': 2, 'learning_rate': 0.03978513662232169}. Best is trial 71 with value: 13.158875465393066.
LOCAL_RANK: 0 - CUDA_VISIBLE_DEVICES: [0]
[I 2023-11-30 08:35:13,265] Trial 73 finished with value: 17.265857696533203 and parameters: {'gradient_clip_val': 0.546712219812415, 'hidden_size': 36, 'dropout': 0.3737497946492738, 'hidden_continuous_size': 11, 'attention_head_size': 2, 'learning_rate': 0.023465943494741976}. Best is trial 71 with value: 13.158875465393066.
LOCAL_RANK: 0 - CUDA_VISIBLE_DEVICES: [0]
[I 2023-11-30 08:35:25,906] Trial 74 finished with value: 16.302833557128906 and parameters: {'gradient_clip_val': 0.6831964031065858, 'hidden_size': 39, 'dropout': 0.31724396908861324, 'hidden_continuous_size': 13, 'attention_head_size': 2, 'learning_rate': 0.034482769780432895}. Best is trial 71 with value: 13.158875465393066.
LOCAL_RANK: 0 - CUDA_VISIBLE_DEVICES: [0]
[I 2023-11-30 08:35:38,383] Trial 75 finished with value: 18.38105583190918 and parameters: {'gradient_clip_val': 0.5086346021080655, 'hidden_size': 29, 'dropout': 0.3392080541536952, 'hidden_continuous_size': 12, 'attention_head_size': 2, 'learning_rate': 0.04346908607125047}. Best is trial 71 with value: 13.158875465393066.
LOCAL_RANK: 0 - CUDA_VISIBLE_DEVICES: [0]
[I 2023-11-30 08:35:51,293] Trial 76 finished with value: 21.6655216217041 and parameters: {'gradient_clip_val': 0.6462776555003016, 'hidden_size': 43, 'dropout': 0.34896806731280994, 'hidden_continuous_size': 31, 'attention_head_size': 2, 'learning_rate': 0.054902196158839206}. Best is trial 71 with value: 13.158875465393066.
LOCAL_RANK: 0 - CUDA_VISIBLE_DEVICES: [0]
[I 2023-11-30 08:36:03,292] Trial 77 finished with value: 15.2366304397583 and parameters: {'gradient_clip_val': 0.5718584996523235, 'hidden_size': 24, 'dropout': 0.35652678726249315, 'hidden_continuous_size': 14, 'attention_head_size': 2, 'learning_rate': 0.029501277511632687}. Best is trial 71 with value: 13.158875465393066.
LOCAL_RANK: 0 - CUDA_VISIBLE_DEVICES: [0]
[I 2023-11-30 08:36:15,554] Trial 78 finished with value: 16.573392868041992 and parameters: {'gradient_clip_val': 0.5138851410316521, 'hidden_size': 32, 'dropout': 0.39184052863263713, 'hidden_continuous_size': 17, 'attention_head_size': 2, 'learning_rate': 0.06715457532028533}. Best is trial 71 with value: 13.158875465393066.
LOCAL_RANK: 0 - CUDA_VISIBLE_DEVICES: [0]
[I 2023-11-30 08:36:28,182] Trial 79 finished with value: 16.523508071899414 and parameters: {'gradient_clip_val': 0.6869003833390249, 'hidden_size': 39, 'dropout': 0.3015082458837554, 'hidden_continuous_size': 23, 'attention_head_size': 2, 'learning_rate': 0.01849967273375734}. Best is trial 71 with value: 13.158875465393066.
LOCAL_RANK: 0 - CUDA_VISIBLE_DEVICES: [0]
[I 2023-11-30 08:36:41,208] Trial 80 finished with value: 15.9056396484375 and parameters: {'gradient_clip_val': 0.6000330131660142, 'hidden_size': 46, 'dropout': 0.33261023187109895, 'hidden_continuous_size': 19, 'attention_head_size': 2, 'learning_rate': 0.048582981580608184}. Best is trial 71 with value: 13.158875465393066.
LOCAL_RANK: 0 - CUDA_VISIBLE_DEVICES: [0]
[I 2023-11-30 08:36:53,486] Trial 81 finished with value: 18.75471305847168 and parameters: {'gradient_clip_val': 0.9197922324283332, 'hidden_size': 27, 'dropout': 0.3685197299694369, 'hidden_continuous_size': 13, 'attention_head_size': 3, 'learning_rate': 0.03472120516786228}. Best is trial 71 with value: 13.158875465393066.
LOCAL_RANK: 0 - CUDA_VISIBLE_DEVICES: [0]
[I 2023-11-30 08:37:05,790] Trial 82 finished with value: 18.05170440673828 and parameters: {'gradient_clip_val': 0.838929886944644, 'hidden_size': 36, 'dropout': 0.3721202716145051, 'hidden_continuous_size': 13, 'attention_head_size': 3, 'learning_rate': 0.04494787216088718}. Best is trial 71 with value: 13.158875465393066.
LOCAL_RANK: 0 - CUDA_VISIBLE_DEVICES: [0]
[I 2023-11-30 08:37:18,401] Trial 83 finished with value: 16.143714904785156 and parameters: {'gradient_clip_val': 0.7144817044315873, 'hidden_size': 34, 'dropout': 0.36103518390301526, 'hidden_continuous_size': 15, 'attention_head_size': 3, 'learning_rate': 0.03940073884016999}. Best is trial 71 with value: 13.158875465393066.
LOCAL_RANK: 0 - CUDA_VISIBLE_DEVICES: [0]
[I 2023-11-30 08:37:30,978] Trial 84 finished with value: 15.2712984085083 and parameters: {'gradient_clip_val': 0.7498938919546266, 'hidden_size': 41, 'dropout': 0.37737921846747635, 'hidden_continuous_size': 11, 'attention_head_size': 2, 'learning_rate': 0.03220151696368867}. Best is trial 71 with value: 13.158875465393066.
LOCAL_RANK: 0 - CUDA_VISIBLE_DEVICES: [0]
[I 2023-11-30 08:37:43,939] Trial 85 finished with value: 19.097841262817383 and parameters: {'gradient_clip_val': 0.5440595432948326, 'hidden_size': 37, 'dropout': 0.35086421603518664, 'hidden_continuous_size': 20, 'attention_head_size': 3, 'learning_rate': 0.0585699991157273}. Best is trial 71 with value: 13.158875465393066.
LOCAL_RANK: 0 - CUDA_VISIBLE_DEVICES: [0]
