[I 2023-11-30 06:56:15,889] Trial 69 finished with value: 6.004547119140625 and parameters: {'gradient_clip_val': 0.8589166527247525, 'hidden_size': 58, 'dropout': 0.17073939548987746, 'hidden_continuous_size': 51, 'attention_head_size': 1, 'learning_rate': 0.05075331562737038}. Best is trial 42 with value: 4.928621768951416.
LOCAL_RANK: 0 - CUDA_VISIBLE_DEVICES: [0]
[I 2023-11-30 06:56:29,823] Trial 70 finished with value: 6.579630374908447 and parameters: {'gradient_clip_val': 0.5658745981553298, 'hidden_size': 89, 'dropout': 0.13212124880847678, 'hidden_continuous_size': 68, 'attention_head_size': 1, 'learning_rate': 0.03547145757343959}. Best is trial 42 with value: 4.928621768951416.
LOCAL_RANK: 0 - CUDA_VISIBLE_DEVICES: [0]
[I 2023-11-30 06:56:43,357] Trial 71 finished with value: 8.89083194732666 and parameters: {'gradient_clip_val': 0.7715684150444362, 'hidden_size': 70, 'dropout': 0.12307025620378559, 'hidden_continuous_size': 56, 'attention_head_size': 1, 'learning_rate': 0.0814648562457381}. Best is trial 42 with value: 4.928621768951416.
LOCAL_RANK: 0 - CUDA_VISIBLE_DEVICES: [0]
[I 2023-11-30 06:56:57,197] Trial 72 finished with value: 6.889200687408447 and parameters: {'gradient_clip_val': 0.7989960877363458, 'hidden_size': 77, 'dropout': 0.14875787096428325, 'hidden_continuous_size': 62, 'attention_head_size': 2, 'learning_rate': 0.059343761609897266}. Best is trial 42 with value: 4.928621768951416.
LOCAL_RANK: 0 - CUDA_VISIBLE_DEVICES: [0]
[I 2023-11-30 06:57:10,958] Trial 73 finished with value: 5.787801265716553 and parameters: {'gradient_clip_val': 0.7283259407219719, 'hidden_size': 71, 'dropout': 0.13923551279308538, 'hidden_continuous_size': 56, 'attention_head_size': 2, 'learning_rate': 0.06744721740756325}. Best is trial 42 with value: 4.928621768951416.
LOCAL_RANK: 0 - CUDA_VISIBLE_DEVICES: [0]
[I 2023-11-30 06:57:25,151] Trial 74 finished with value: 6.899911403656006 and parameters: {'gradient_clip_val': 0.6382864031400047, 'hidden_size': 101, 'dropout': 0.11005885037158109, 'hidden_continuous_size': 65, 'attention_head_size': 1, 'learning_rate': 0.051174444057316464}. Best is trial 42 with value: 4.928621768951416.
LOCAL_RANK: 0 - CUDA_VISIBLE_DEVICES: [0]
[I 2023-11-30 06:57:39,034] Trial 75 finished with value: 7.633068084716797 and parameters: {'gradient_clip_val': 0.9182361878364873, 'hidden_size': 86, 'dropout': 0.12116113609064912, 'hidden_continuous_size': 40, 'attention_head_size': 4, 'learning_rate': 0.0983800325951421}. Best is trial 42 with value: 4.928621768951416.
LOCAL_RANK: 0 - CUDA_VISIBLE_DEVICES: [0]
[I 2023-11-30 06:57:53,133] Trial 76 finished with value: 6.234835147857666 and parameters: {'gradient_clip_val': 0.6741357367584635, 'hidden_size': 94, 'dropout': 0.15432662906951136, 'hidden_continuous_size': 61, 'attention_head_size': 4, 'learning_rate': 0.08585869538100167}. Best is trial 42 with value: 4.928621768951416.
LOCAL_RANK: 0 - CUDA_VISIBLE_DEVICES: [0]
[I 2023-11-30 06:58:06,743] Trial 77 finished with value: 10.25322437286377 and parameters: {'gradient_clip_val': 0.8470558638360335, 'hidden_size': 64, 'dropout': 0.12828482379793987, 'hidden_continuous_size': 52, 'attention_head_size': 3, 'learning_rate': 0.042200799524291}. Best is trial 42 with value: 4.928621768951416.
LOCAL_RANK: 0 - CUDA_VISIBLE_DEVICES: [0]
[I 2023-11-30 06:58:19,832] Trial 78 finished with value: 5.817890167236328 and parameters: {'gradient_clip_val': 0.741293288838578, 'hidden_size': 48, 'dropout': 0.10601942161280557, 'hidden_continuous_size': 44, 'attention_head_size': 2, 'learning_rate': 0.07374771834548004}. Best is trial 42 with value: 4.928621768951416.
LOCAL_RANK: 0 - CUDA_VISIBLE_DEVICES: [0]
[I 2023-11-30 06:58:33,536] Trial 79 finished with value: 5.791205883026123 and parameters: {'gradient_clip_val': 0.9496619437442338, 'hidden_size': 57, 'dropout': 0.16333944130542943, 'hidden_continuous_size': 48, 'attention_head_size': 4, 'learning_rate': 0.08768275966109505}. Best is trial 42 with value: 4.928621768951416.
LOCAL_RANK: 0 - CUDA_VISIBLE_DEVICES: [0]
[I 2023-11-30 06:58:46,972] Trial 80 finished with value: 6.300443649291992 and parameters: {'gradient_clip_val': 0.6179457797271519, 'hidden_size': 77, 'dropout': 0.13775398967019842, 'hidden_continuous_size': 37, 'attention_head_size': 1, 'learning_rate': 0.059088198664340834}. Best is trial 42 with value: 4.928621768951416.
LOCAL_RANK: 0 - CUDA_VISIBLE_DEVICES: [0]
[I 2023-11-30 06:59:01,238] Trial 81 finished with value: 7.587662220001221 and parameters: {'gradient_clip_val': 0.6789193146445185, 'hidden_size': 106, 'dropout': 0.11474637550218225, 'hidden_continuous_size': 74, 'attention_head_size': 3, 'learning_rate': 0.09834968929015356}. Best is trial 42 with value: 4.928621768951416.
LOCAL_RANK: 0 - CUDA_VISIBLE_DEVICES: [0]
[I 2023-11-30 06:59:15,425] Trial 82 finished with value: 6.588268756866455 and parameters: {'gradient_clip_val': 0.8163133015066983, 'hidden_size': 120, 'dropout': 0.12433464981617395, 'hidden_continuous_size': 81, 'attention_head_size': 3, 'learning_rate': 0.07532209217689177}. Best is trial 42 with value: 4.928621768951416.
LOCAL_RANK: 0 - CUDA_VISIBLE_DEVICES: [0]
[I 2023-11-30 06:59:29,381] Trial 83 finished with value: 8.641205787658691 and parameters: {'gradient_clip_val': 0.8831180054522942, 'hidden_size': 97, 'dropout': 0.14760579101317714, 'hidden_continuous_size': 58, 'attention_head_size': 3, 'learning_rate': 0.06957042679983809}. Best is trial 42 with value: 4.928621768951416.
LOCAL_RANK: 0 - CUDA_VISIBLE_DEVICES: [0]
[I 2023-11-30 06:59:43,459] Trial 84 finished with value: 7.500932216644287 and parameters: {'gradient_clip_val': 0.7461897764932938, 'hidden_size': 82, 'dropout': 0.13232626970373795, 'hidden_continuous_size': 53, 'attention_head_size': 3, 'learning_rate': 0.08749791655691684}. Best is trial 42 with value: 4.928621768951416.
LOCAL_RANK: 0 - CUDA_VISIBLE_DEVICES: [0]
[I 2023-11-30 06:59:57,403] Trial 85 finished with value: 7.703709125518799 and parameters: {'gradient_clip_val': 0.5221240312143834, 'hidden_size': 74, 'dropout': 0.14233534587823796, 'hidden_continuous_size': 59, 'attention_head_size': 3, 'learning_rate': 0.04620687431320846}. Best is trial 42 with value: 4.928621768951416.
LOCAL_RANK: 0 - CUDA_VISIBLE_DEVICES: [0]
[I 2023-11-30 07:00:11,352] Trial 86 finished with value: 6.454447269439697 and parameters: {'gradient_clip_val': 0.5740114847968103, 'hidden_size': 112, 'dropout': 0.11702820442275164, 'hidden_continuous_size': 37, 'attention_head_size': 4, 'learning_rate': 0.07889140724200217}. Best is trial 42 with value: 4.928621768951416.
LOCAL_RANK: 0 - CUDA_VISIBLE_DEVICES: [0]
[I 2023-11-30 07:00:24,295] Trial 87 finished with value: 5.948249816894531 and parameters: {'gradient_clip_val': 0.7012177275553724, 'hidden_size': 40, 'dropout': 0.10068353044747926, 'hidden_continuous_size': 39, 'attention_head_size': 4, 'learning_rate': 0.05494782255092625}. Best is trial 42 with value: 4.928621768951416.
LOCAL_RANK: 0 - CUDA_VISIBLE_DEVICES: [0]
[I 2023-11-30 07:00:37,752] Trial 88 finished with value: 6.4208807945251465 and parameters: {'gradient_clip_val': 0.6409717239348149, 'hidden_size': 62, 'dropout': 0.15540996666698562, 'hidden_continuous_size': 54, 'attention_head_size': 2, 'learning_rate': 0.061261752035007916}. Best is trial 42 with value: 4.928621768951416.
LOCAL_RANK: 0 - CUDA_VISIBLE_DEVICES: [0]
[I 2023-11-30 07:00:51,675] Trial 89 finished with value: 6.513795852661133 and parameters: {'gradient_clip_val': 0.811561512634915, 'hidden_size': 92, 'dropout': 0.1096940785756563, 'hidden_continuous_size': 62, 'attention_head_size': 3, 'learning_rate': 0.09111137411970667}. Best is trial 42 with value: 4.928621768951416.
LOCAL_RANK: 0 - CUDA_VISIBLE_DEVICES: [0]
[I 2023-11-30 07:01:06,265] Trial 90 finished with value: 7.129530429840088 and parameters: {'gradient_clip_val': 0.8746499479525777, 'hidden_size': 133, 'dropout': 0.16825814842824222, 'hidden_continuous_size': 66, 'attention_head_size': 3, 'learning_rate': 0.06757559320309164}. Best is trial 42 with value: 4.928621768951416.
LOCAL_RANK: 0 - CUDA_VISIBLE_DEVICES: [0]
[I 2023-11-30 07:01:20,029] Trial 91 finished with value: 7.0172600746154785 and parameters: {'gradient_clip_val': 0.7166226588202448, 'hidden_size': 70, 'dropout': 0.1378924602485477, 'hidden_continuous_size': 56, 'attention_head_size': 2, 'learning_rate': 0.06862195116940967}. Best is trial 42 with value: 4.928621768951416.
LOCAL_RANK: 0 - CUDA_VISIBLE_DEVICES: [0]
[I 2023-11-30 07:01:33,719] Trial 92 finished with value: 6.744589328765869 and parameters: {'gradient_clip_val': 0.7714636239264014, 'hidden_size': 69, 'dropout': 0.12733058512508022, 'hidden_continuous_size': 57, 'attention_head_size': 2, 'learning_rate': 0.07922320218491645}. Best is trial 42 with value: 4.928621768951416.
LOCAL_RANK: 0 - CUDA_VISIBLE_DEVICES: [0]
[I 2023-11-30 07:01:47,543] Trial 93 finished with value: 5.960540771484375 and parameters: {'gradient_clip_val': 0.7323893809046372, 'hidden_size': 81, 'dropout': 0.14387755206499095, 'hidden_continuous_size': 50, 'attention_head_size': 2, 'learning_rate': 0.09952766258931982}. Best is trial 42 with value: 4.928621768951416.
LOCAL_RANK: 0 - CUDA_VISIBLE_DEVICES: [0]
[I 2023-11-30 07:02:01,409] Trial 94 finished with value: 7.454775333404541 and parameters: {'gradient_clip_val': 0.9459022409910853, 'hidden_size': 84, 'dropout': 0.12146735360821706, 'hidden_continuous_size': 47, 'attention_head_size': 2, 'learning_rate': 0.05197323503519653}. Best is trial 42 with value: 4.928621768951416.
LOCAL_RANK: 0 - CUDA_VISIBLE_DEVICES: [0]
[I 2023-11-30 07:02:15,225] Trial 95 finished with value: 5.137875080108643 and parameters: {'gradient_clip_val': 0.611880745021808, 'hidden_size': 66, 'dropout': 0.13137239536928003, 'hidden_continuous_size': 54, 'attention_head_size': 4, 'learning_rate': 0.0653388544685008}. Best is trial 42 with value: 4.928621768951416.
LOCAL_RANK: 0 - CUDA_VISIBLE_DEVICES: [0]
[I 2023-11-30 07:02:28,759] Trial 96 finished with value: 7.126902103424072 and parameters: {'gradient_clip_val': 0.5807934513328038, 'hidden_size': 54, 'dropout': 0.13589291467331766, 'hidden_continuous_size': 51, 'attention_head_size': 4, 'learning_rate': 0.06184910236051899}. Best is trial 42 with value: 4.928621768951416.
LOCAL_RANK: 0 - CUDA_VISIBLE_DEVICES: [0]
[I 2023-11-30 07:02:42,422] Trial 97 finished with value: 6.364909648895264 and parameters: {'gradient_clip_val': 0.5498600382980776, 'hidden_size': 61, 'dropout': 0.1082343532032624, 'hidden_continuous_size': 54, 'attention_head_size': 4, 'learning_rate': 0.07715147018535289}. Best is trial 42 with value: 4.928621768951416.
LOCAL_RANK: 0 - CUDA_VISIBLE_DEVICES: [0]
[I 2023-11-30 07:02:56,570] Trial 98 finished with value: 7.478744029998779 and parameters: {'gradient_clip_val': 0.6110004603177288, 'hidden_size': 102, 'dropout': 0.14871642956026768, 'hidden_continuous_size': 43, 'attention_head_size': 4, 'learning_rate': 0.0903779744605499}. Best is trial 42 with value: 4.928621768951416.
LOCAL_RANK: 0 - CUDA_VISIBLE_DEVICES: [0]
[I 2023-11-30 07:03:10,534] Trial 99 finished with value: 6.4822468757629395 and parameters: {'gradient_clip_val': 0.6598571954724631, 'hidden_size': 66, 'dropout': 0.15976553069056768, 'hidden_continuous_size': 58, 'attention_head_size': 4, 'learning_rate': 0.04390415107206663}. Best is trial 42 with value: 4.928621768951416.
LOCAL_RANK: 0 - CUDA_VISIBLE_DEVICES: [0]
[I 2023-11-30 07:03:23,965] Trial 100 finished with value: 9.183724403381348 and parameters: {'gradient_clip_val': 0.8080423383544564, 'hidden_size': 45, 'dropout': 0.1276779402324334, 'hidden_continuous_size': 44, 'attention_head_size': 4, 'learning_rate': 0.050126620513613385}. Best is trial 42 with value: 4.928621768951416.
LOCAL_RANK: 0 - CUDA_VISIBLE_DEVICES: [0]
[I 2023-11-30 07:03:37,853] Trial 101 finished with value: 6.171417713165283 and parameters: {'gradient_clip_val': 0.6947251645306076, 'hidden_size': 73, 'dropout': 0.14034399986592005, 'hidden_continuous_size': 55, 'attention_head_size': 3, 'learning_rate': 0.06974804497129111}. Best is trial 42 with value: 4.928621768951416.
LOCAL_RANK: 0 - CUDA_VISIBLE_DEVICES: [0]
[I 2023-11-30 07:03:51,780] Trial 102 finished with value: 5.653005123138428 and parameters: {'gradient_clip_val': 0.7506024888982042, 'hidden_size': 77, 'dropout': 0.11737819971296712, 'hidden_continuous_size': 63, 'attention_head_size': 4, 'learning_rate': 0.06335979070473166}. Best is trial 42 with value: 4.928621768951416.
LOCAL_RANK: 0 - CUDA_VISIBLE_DEVICES: [0]
[I 2023-11-30 07:04:05,830] Trial 103 finished with value: 8.154603004455566 and parameters: {'gradient_clip_val': 0.7662362922214759, 'hidden_size': 86, 'dropout': 0.11607289509840894, 'hidden_continuous_size': 64, 'attention_head_size': 4, 'learning_rate': 0.05934450270297104}. Best is trial 42 with value: 4.928621768951416.
LOCAL_RANK: 0 - CUDA_VISIBLE_DEVICES: [0]
[I 2023-11-30 07:04:19,962] Trial 104 finished with value: 7.449265956878662 and parameters: {'gradient_clip_val': 0.9981282666207377, 'hidden_size': 78, 'dropout': 0.12115273947435984, 'hidden_continuous_size': 62, 'attention_head_size': 4, 'learning_rate': 0.08212735509470369}. Best is trial 42 with value: 4.928621768951416.
LOCAL_RANK: 0 - CUDA_VISIBLE_DEVICES: [0]
[I 2023-11-30 07:04:33,972] Trial 105 finished with value: 6.795413970947266 and parameters: {'gradient_clip_val': 0.8849581283988334, 'hidden_size': 89, 'dropout': 0.13057618402062002, 'hidden_continuous_size': 47, 'attention_head_size': 4, 'learning_rate': 0.08993768342236312}. Best is trial 42 with value: 4.928621768951416.
LOCAL_RANK: 0 - CUDA_VISIBLE_DEVICES: [0]
[I 2023-11-30 07:04:48,028] Trial 106 finished with value: 5.934289455413818 and parameters: {'gradient_clip_val': 0.6383679059200125, 'hidden_size': 97, 'dropout': 0.1063263757941549, 'hidden_continuous_size': 41, 'attention_head_size': 4, 'learning_rate': 0.05690590114144004}. Best is trial 42 with value: 4.928621768951416.
LOCAL_RANK: 0 - CUDA_VISIBLE_DEVICES: [0]
[I 2023-11-30 07:05:02,042] Trial 107 finished with value: 5.990566253662109 and parameters: {'gradient_clip_val': 0.8471974316588822, 'hidden_size': 75, 'dropout': 0.13353683154989746, 'hidden_continuous_size': 60, 'attention_head_size': 4, 'learning_rate': 0.0738697847978202}. Best is trial 42 with value: 4.928621768951416.
LOCAL_RANK: 0 - CUDA_VISIBLE_DEVICES: [0]
[I 2023-11-30 07:05:15,833] Trial 108 finished with value: 5.505176067352295 and parameters: {'gradient_clip_val': 0.610716392472247, 'hidden_size': 67, 'dropout': 0.11253765818210514, 'hidden_continuous_size': 52, 'attention_head_size': 4, 'learning_rate': 0.06455027577376504}. Best is trial 42 with value: 4.928621768951416.
LOCAL_RANK: 0 - CUDA_VISIBLE_DEVICES: [0]
[I 2023-11-30 07:05:29,712] Trial 109 finished with value: 6.176705837249756 and parameters: {'gradient_clip_val': 0.6018966903208416, 'hidden_size': 59, 'dropout': 0.11342049348527986, 'hidden_continuous_size': 53, 'attention_head_size': 4, 'learning_rate': 0.0642150367206921}. Best is trial 42 with value: 4.928621768951416.
LOCAL_RANK: 0 - CUDA_VISIBLE_DEVICES: [0]
[I 2023-11-30 07:05:43,401] Trial 110 finished with value: 6.199857711791992 and parameters: {'gradient_clip_val': 0.7828928336401134, 'hidden_size': 66, 'dropout': 0.12445297989996398, 'hidden_continuous_size': 49, 'attention_head_size': 4, 'learning_rate': 0.04776935084801265}. Best is trial 42 with value: 4.928621768951416.
LOCAL_RANK: 0 - CUDA_VISIBLE_DEVICES: [0]
[I 2023-11-30 07:05:57,094] Trial 111 finished with value: 5.951702117919922 and parameters: {'gradient_clip_val': 0.6748834474170474, 'hidden_size': 72, 'dropout': 0.10125294363367315, 'hidden_continuous_size': 52, 'attention_head_size': 4, 'learning_rate': 0.08167928795604418}. Best is trial 42 with value: 4.928621768951416.
LOCAL_RANK: 0 - CUDA_VISIBLE_DEVICES: [0]
[I 2023-11-30 07:06:10,617] Trial 112 finished with value: 5.910467147827148 and parameters: {'gradient_clip_val': 0.510547676449975, 'hidden_size': 49, 'dropout': 0.11926869983702235, 'hidden_continuous_size': 47, 'attention_head_size': 4, 'learning_rate': 0.05334166328889205}. Best is trial 42 with value: 4.928621768951416.
LOCAL_RANK: 0 - CUDA_VISIBLE_DEVICES: [0]
[I 2023-11-30 07:06:24,584] Trial 113 finished with value: 6.4332733154296875 and parameters: {'gradient_clip_val': 0.5555404766620995, 'hidden_size': 79, 'dropout': 0.11275826579609269, 'hidden_continuous_size': 58, 'attention_head_size': 4, 'learning_rate': 0.07030639101747285}. Best is trial 42 with value: 4.928621768951416.
LOCAL_RANK: 0 - CUDA_VISIBLE_DEVICES: [0]
[I 2023-11-30 07:06:38,875] Trial 114 finished with value: 6.857340335845947 and parameters: {'gradient_clip_val': 0.49013260255028396, 'hidden_size': 89, 'dropout': 0.15291043446445698, 'hidden_continuous_size': 68, 'attention_head_size': 3, 'learning_rate': 0.09326180621869813}. Best is trial 42 with value: 4.928621768951416.
LOCAL_RANK: 0 - CUDA_VISIBLE_DEVICES: [0]
[I 2023-11-30 07:06:52,331] Trial 115 finished with value: 7.568328857421875 and parameters: {'gradient_clip_val': 0.6240151323085187, 'hidden_size': 52, 'dropout': 0.12764554116556068, 'hidden_continuous_size': 49, 'attention_head_size': 4, 'learning_rate': 0.03779864565245715}. Best is trial 42 with value: 4.928621768951416.
LOCAL_RANK: 0 - CUDA_VISIBLE_DEVICES: [0]
[I 2023-11-30 07:07:06,117] Trial 116 finished with value: 6.467749118804932 and parameters: {'gradient_clip_val': 0.7081215037386406, 'hidden_size': 67, 'dropout': 0.1327664574855362, 'hidden_continuous_size': 60, 'attention_head_size': 4, 'learning_rate': 0.07472943666570481}. Best is trial 42 with value: 4.928621768951416.
LOCAL_RANK: 0 - CUDA_VISIBLE_DEVICES: [0]
[I 2023-11-30 07:07:20,150] Trial 117 finished with value: 6.309871196746826 and parameters: {'gradient_clip_val': 0.7472832805506664, 'hidden_size': 83, 'dropout': 0.1455837871198845, 'hidden_continuous_size': 64, 'attention_head_size': 3, 'learning_rate': 0.06355823663322303}. Best is trial 42 with value: 4.928621768951416.
LOCAL_RANK: 0 - CUDA_VISIBLE_DEVICES: [0]
[I 2023-11-30 07:07:34,393] Trial 118 finished with value: 5.833497524261475 and parameters: {'gradient_clip_val': 0.5833397560897028, 'hidden_size': 109, 'dropout': 0.17699109037995645, 'hidden_continuous_size': 70, 'attention_head_size': 3, 'learning_rate': 0.08276358689155427}. Best is trial 42 with value: 4.928621768951416.
LOCAL_RANK: 0 - CUDA_VISIBLE_DEVICES: [0]
[I 2023-11-30 07:07:48,614] Trial 119 finished with value: 5.726970672607422 and parameters: {'gradient_clip_val': 0.4477036099202101, 'hidden_size': 77, 'dropout': 0.1060638618456557, 'hidden_continuous_size': 57, 'attention_head_size': 4, 'learning_rate': 0.056400061247210385}. Best is trial 42 with value: 4.928621768951416.
LOCAL_RANK: 0 - CUDA_VISIBLE_DEVICES: [0]
[I 2023-11-30 07:08:02,362] Trial 120 finished with value: 7.555690765380859 and parameters: {'gradient_clip_val': 0.4484160575874492, 'hidden_size': 62, 'dropout': 0.10000142017738885, 'hidden_continuous_size': 57, 'attention_head_size': 4, 'learning_rate': 0.055761375164007206}. Best is trial 42 with value: 4.928621768951416.
LOCAL_RANK: 0 - CUDA_VISIBLE_DEVICES: [0]
[I 2023-11-30 07:08:16,216] Trial 121 finished with value: 7.276036739349365 and parameters: {'gradient_clip_val': 0.40368389151287376, 'hidden_size': 77, 'dropout': 0.10771462535249386, 'hidden_continuous_size': 63, 'attention_head_size': 4, 'learning_rate': 0.09114992202954317}. Best is trial 42 with value: 4.928621768951416.
LOCAL_RANK: 0 - CUDA_VISIBLE_DEVICES: [0]
[I 2023-11-30 07:08:30,390] Trial 122 finished with value: 6.5427703857421875 and parameters: {'gradient_clip_val': 0.5466178366627572, 'hidden_size': 91, 'dropout': 0.11814497618772715, 'hidden_continuous_size': 51, 'attention_head_size': 4, 'learning_rate': 0.04178581900374245}. Best is trial 42 with value: 4.928621768951416.
LOCAL_RANK: 0 - CUDA_VISIBLE_DEVICES: [0]
[I 2023-11-30 07:08:44,326] Trial 123 finished with value: 7.719882488250732 and parameters: {'gradient_clip_val': 0.6707591615015533, 'hidden_size': 74, 'dropout': 0.11152434238535869, 'hidden_continuous_size': 54, 'attention_head_size': 4, 'learning_rate': 0.049326011346862104}. Best is trial 42 with value: 4.928621768951416.
LOCAL_RANK: 0 - CUDA_VISIBLE_DEVICES: [0]
[I 2023-11-30 07:08:58,421] Trial 124 finished with value: 8.059487342834473 and parameters: {'gradient_clip_val': 0.5314375137114581, 'hidden_size': 69, 'dropout': 0.13938730119056125, 'hidden_continuous_size': 61, 'attention_head_size': 4, 'learning_rate': 0.06503602229743255}. Best is trial 42 with value: 4.928621768951416.
LOCAL_RANK: 0 - CUDA_VISIBLE_DEVICES: [0]
[I 2023-11-30 07:09:12,379] Trial 125 finished with value: 6.484429836273193 and parameters: {'gradient_clip_val': 0.34357822675417543, 'hidden_size': 85, 'dropout': 0.12248397527985048, 'hidden_continuous_size': 46, 'attention_head_size': 4, 'learning_rate': 0.059685067963239864}. Best is trial 42 with value: 4.928621768951416.
LOCAL_RANK: 0 - CUDA_VISIBLE_DEVICES: [0]
[I 2023-11-30 07:09:23,044] Trial 126 finished with value: 8.289088249206543 and parameters: {'gradient_clip_val': 0.4680672646518313, 'hidden_size': 35, 'dropout': 0.11598452159651491, 'hidden_continuous_size': 35, 'attention_head_size': 3, 'learning_rate': 0.0743067236043973}. Best is trial 42 with value: 4.928621768951416.
LOCAL_RANK: 0 - CUDA_VISIBLE_DEVICES: [0]
[I 2023-11-30 07:09:36,856] Trial 127 finished with value: 6.052736759185791 and parameters: {'gradient_clip_val': 0.8418210061277364, 'hidden_size': 79, 'dropout': 0.12583762834090426, 'hidden_continuous_size': 56, 'attention_head_size': 1, 'learning_rate': 0.04545189939726604}. Best is trial 42 with value: 4.928621768951416.
LOCAL_RANK: 0 - CUDA_VISIBLE_DEVICES: [0]
