[I 2023-11-30 07:22:52,101] Trial 36 finished with value: 14.7273588180542 and parameters: {'gradient_clip_val': 0.33579075922818113, 'hidden_size': 44, 'dropout': 0.3003881264908548, 'hidden_continuous_size': 37, 'attention_head_size': 2, 'learning_rate': 0.009727026449760479}. Best is trial 5 with value: 6.627909183502197.
LOCAL_RANK: 0 - CUDA_VISIBLE_DEVICES: [0]
[I 2023-11-30 07:23:04,877] Trial 37 finished with value: 11.81054401397705 and parameters: {'gradient_clip_val': 0.3789516324634891, 'hidden_size': 37, 'dropout': 0.3538627854513291, 'hidden_continuous_size': 32, 'attention_head_size': 3, 'learning_rate': 0.021039663300367238}. Best is trial 5 with value: 6.627909183502197.
LOCAL_RANK: 0 - CUDA_VISIBLE_DEVICES: [0]
[I 2023-11-30 07:23:18,937] Trial 38 finished with value: 10.528389930725098 and parameters: {'gradient_clip_val': 0.274876386669476, 'hidden_size': 100, 'dropout': 0.3790362868716362, 'hidden_continuous_size': 72, 'attention_head_size': 2, 'learning_rate': 0.051053681876284444}. Best is trial 5 with value: 6.627909183502197.
LOCAL_RANK: 0 - CUDA_VISIBLE_DEVICES: [0]
[I 2023-11-30 07:23:32,706] Trial 39 finished with value: 10.834511756896973 and parameters: {'gradient_clip_val': 0.13420482476337903, 'hidden_size': 64, 'dropout': 0.34529654085606354, 'hidden_continuous_size': 49, 'attention_head_size': 4, 'learning_rate': 0.08296121286765398}. Best is trial 5 with value: 6.627909183502197.
LOCAL_RANK: 0 - CUDA_VISIBLE_DEVICES: [0]
[I 2023-11-30 07:23:46,733] Trial 40 finished with value: 7.0302958488464355 and parameters: {'gradient_clip_val': 0.315909446954787, 'hidden_size': 86, 'dropout': 0.3121785012220175, 'hidden_continuous_size': 61, 'attention_head_size': 3, 'learning_rate': 0.036914402441091995}. Best is trial 5 with value: 6.627909183502197.
LOCAL_RANK: 0 - CUDA_VISIBLE_DEVICES: [0]
[I 2023-11-30 07:24:00,581] Trial 41 finished with value: 8.828408241271973 and parameters: {'gradient_clip_val': 0.30849653198013915, 'hidden_size': 86, 'dropout': 0.3172734651479505, 'hidden_continuous_size': 62, 'attention_head_size': 3, 'learning_rate': 0.036784957219112215}. Best is trial 5 with value: 6.627909183502197.
LOCAL_RANK: 0 - CUDA_VISIBLE_DEVICES: [0]
[I 2023-11-30 07:24:14,406] Trial 42 finished with value: 7.188241481781006 and parameters: {'gradient_clip_val': 0.24715702686711058, 'hidden_size': 74, 'dropout': 0.3337769604805892, 'hidden_continuous_size': 54, 'attention_head_size': 3, 'learning_rate': 0.04418198590019519}. Best is trial 5 with value: 6.627909183502197.
LOCAL_RANK: 0 - CUDA_VISIBLE_DEVICES: [0]
[I 2023-11-30 07:24:28,797] Trial 43 finished with value: 8.264618873596191 and parameters: {'gradient_clip_val': 0.36125525729295166, 'hidden_size': 105, 'dropout': 0.3337341503979121, 'hidden_continuous_size': 77, 'attention_head_size': 3, 'learning_rate': 0.06312194228905219}. Best is trial 5 with value: 6.627909183502197.
LOCAL_RANK: 0 - CUDA_VISIBLE_DEVICES: [0]
[I 2023-11-30 07:24:42,642] Trial 44 finished with value: 9.2218599319458 and parameters: {'gradient_clip_val': 0.2537221434732005, 'hidden_size': 70, 'dropout': 0.29211422486378114, 'hidden_continuous_size': 51, 'attention_head_size': 3, 'learning_rate': 0.052700226038112724}. Best is trial 5 with value: 6.627909183502197.
LOCAL_RANK: 0 - CUDA_VISIBLE_DEVICES: [0]
[I 2023-11-30 07:24:56,538] Trial 45 finished with value: 10.783299446105957 and parameters: {'gradient_clip_val': 0.27095419534627985, 'hidden_size': 90, 'dropout': 0.31606852459438184, 'hidden_continuous_size': 64, 'attention_head_size': 3, 'learning_rate': 0.037819106781597785}. Best is trial 5 with value: 6.627909183502197.
LOCAL_RANK: 0 - CUDA_VISIBLE_DEVICES: [0]
[I 2023-11-30 07:25:10,016] Trial 46 finished with value: 8.693863868713379 and parameters: {'gradient_clip_val': 0.22620718430107956, 'hidden_size': 59, 'dropout': 0.3046898277345296, 'hidden_continuous_size': 47, 'attention_head_size': 3, 'learning_rate': 0.07810428310933445}. Best is trial 5 with value: 6.627909183502197.
LOCAL_RANK: 0 - CUDA_VISIBLE_DEVICES: [0]
[I 2023-11-30 07:25:24,625] Trial 47 finished with value: 8.105921745300293 and parameters: {'gradient_clip_val': 0.320544082869537, 'hidden_size': 136, 'dropout': 0.2835352293044196, 'hidden_continuous_size': 117, 'attention_head_size': 4, 'learning_rate': 0.04498908740789568}. Best is trial 5 with value: 6.627909183502197.
LOCAL_RANK: 0 - CUDA_VISIBLE_DEVICES: [0]
[I 2023-11-30 07:25:38,908] Trial 48 finished with value: 10.282979965209961 and parameters: {'gradient_clip_val': 0.43993193138700254, 'hidden_size': 124, 'dropout': 0.26624308430694854, 'hidden_continuous_size': 68, 'attention_head_size': 2, 'learning_rate': 0.03172255894351034}. Best is trial 5 with value: 6.627909183502197.
LOCAL_RANK: 0 - CUDA_VISIBLE_DEVICES: [0]
[I 2023-11-30 07:25:53,100] Trial 49 finished with value: 7.958459377288818 and parameters: {'gradient_clip_val': 0.18541661964840644, 'hidden_size': 108, 'dropout': 0.19641245366034008, 'hidden_continuous_size': 76, 'attention_head_size': 3, 'learning_rate': 0.044175372427044404}. Best is trial 5 with value: 6.627909183502197.
LOCAL_RANK: 0 - CUDA_VISIBLE_DEVICES: [0]
[I 2023-11-30 07:26:07,272] Trial 50 finished with value: 8.6036376953125 and parameters: {'gradient_clip_val': 0.8218457273591814, 'hidden_size': 94, 'dropout': 0.327141520014394, 'hidden_continuous_size': 66, 'attention_head_size': 4, 'learning_rate': 0.02475795531552908}. Best is trial 5 with value: 6.627909183502197.
LOCAL_RANK: 0 - CUDA_VISIBLE_DEVICES: [0]
[I 2023-11-30 07:26:21,196] Trial 51 finished with value: 7.94957971572876 and parameters: {'gradient_clip_val': 0.21909696969814263, 'hidden_size': 78, 'dropout': 0.35211523335219835, 'hidden_continuous_size': 57, 'attention_head_size': 3, 'learning_rate': 0.025020543989176094}. Best is trial 5 with value: 6.627909183502197.
LOCAL_RANK: 0 - CUDA_VISIBLE_DEVICES: [0]
[I 2023-11-30 07:26:35,170] Trial 52 finished with value: 7.370372772216797 and parameters: {'gradient_clip_val': 0.2507385206494224, 'hidden_size': 86, 'dropout': 0.3426633784344422, 'hidden_continuous_size': 63, 'attention_head_size': 3, 'learning_rate': 0.013618863737756568}. Best is trial 5 with value: 6.627909183502197.
LOCAL_RANK: 0 - CUDA_VISIBLE_DEVICES: [0]
[I 2023-11-30 07:26:49,035] Trial 53 finished with value: 9.691045761108398 and parameters: {'gradient_clip_val': 0.20688791508565116, 'hidden_size': 67, 'dropout': 0.3817765105346502, 'hidden_continuous_size': 54, 'attention_head_size': 3, 'learning_rate': 0.03401788909179614}. Best is trial 5 with value: 6.627909183502197.
LOCAL_RANK: 0 - CUDA_VISIBLE_DEVICES: [0]
[I 2023-11-30 07:27:02,914] Trial 54 finished with value: 8.705583572387695 and parameters: {'gradient_clip_val': 0.285697690966752, 'hidden_size': 77, 'dropout': 0.3097868129584533, 'hidden_continuous_size': 58, 'attention_head_size': 3, 'learning_rate': 0.018029705961603183}. Best is trial 5 with value: 6.627909183502197.
LOCAL_RANK: 0 - CUDA_VISIBLE_DEVICES: [0]
[I 2023-11-30 07:27:17,106] Trial 55 finished with value: 7.097898483276367 and parameters: {'gradient_clip_val': 0.21078266074603222, 'hidden_size': 100, 'dropout': 0.35966494421854267, 'hidden_continuous_size': 72, 'attention_head_size': 3, 'learning_rate': 0.03190719646722159}. Best is trial 5 with value: 6.627909183502197.
LOCAL_RANK: 0 - CUDA_VISIBLE_DEVICES: [0]
[I 2023-11-30 07:27:31,622] Trial 56 finished with value: 8.558218002319336 and parameters: {'gradient_clip_val': 0.2421895758351902, 'hidden_size': 148, 'dropout': 0.32897154483762353, 'hidden_continuous_size': 87, 'attention_head_size': 3, 'learning_rate': 0.055933710960770086}. Best is trial 5 with value: 6.627909183502197.
LOCAL_RANK: 0 - CUDA_VISIBLE_DEVICES: [0]
[I 2023-11-30 07:27:45,782] Trial 57 finished with value: 7.618061065673828 and parameters: {'gradient_clip_val': 0.18817323756252255, 'hidden_size': 112, 'dropout': 0.15366289979266382, 'hidden_continuous_size': 73, 'attention_head_size': 3, 'learning_rate': 0.03882239334318859}. Best is trial 5 with value: 6.627909183502197.
LOCAL_RANK: 0 - CUDA_VISIBLE_DEVICES: [0]
[I 2023-11-30 07:27:59,971] Trial 58 finished with value: 6.715159893035889 and parameters: {'gradient_clip_val': 0.5504448538122543, 'hidden_size': 102, 'dropout': 0.29889858640155254, 'hidden_continuous_size': 69, 'attention_head_size': 2, 'learning_rate': 0.03230838718118675}. Best is trial 5 with value: 6.627909183502197.
LOCAL_RANK: 0 - CUDA_VISIBLE_DEVICES: [0]
[I 2023-11-30 07:28:14,119] Trial 59 finished with value: 8.49704647064209 and parameters: {'gradient_clip_val': 0.6219636973287282, 'hidden_size': 100, 'dropout': 0.29386213953917933, 'hidden_continuous_size': 66, 'attention_head_size': 2, 'learning_rate': 0.06871618739558544}. Best is trial 5 with value: 6.627909183502197.
LOCAL_RANK: 0 - CUDA_VISIBLE_DEVICES: [0]
[I 2023-11-30 07:28:28,225] Trial 60 finished with value: 6.482868194580078 and parameters: {'gradient_clip_val': 0.5521469348201727, 'hidden_size': 128, 'dropout': 0.30173605793484115, 'hidden_continuous_size': 84, 'attention_head_size': 2, 'learning_rate': 0.09932504527510282}. Best is trial 60 with value: 6.482868194580078.
LOCAL_RANK: 0 - CUDA_VISIBLE_DEVICES: [0]
[I 2023-11-30 07:28:42,625] Trial 61 finished with value: 10.011940002441406 and parameters: {'gradient_clip_val': 0.582706636629367, 'hidden_size': 130, 'dropout': 0.30497785453710363, 'hidden_continuous_size': 81, 'attention_head_size': 2, 'learning_rate': 0.05085116087187621}. Best is trial 60 with value: 6.482868194580078.
LOCAL_RANK: 0 - CUDA_VISIBLE_DEVICES: [0]
[I 2023-11-30 07:28:56,884] Trial 62 finished with value: 11.487144470214844 and parameters: {'gradient_clip_val': 0.5156702054007007, 'hidden_size': 115, 'dropout': 0.3123329164130543, 'hidden_continuous_size': 92, 'attention_head_size': 1, 'learning_rate': 0.08768125523370654}. Best is trial 60 with value: 6.482868194580078.
LOCAL_RANK: 0 - CUDA_VISIBLE_DEVICES: [0]
[I 2023-11-30 07:29:11,470] Trial 63 finished with value: 6.962391376495361 and parameters: {'gradient_clip_val': 0.713636722878753, 'hidden_size': 137, 'dropout': 0.2757193303322617, 'hidden_continuous_size': 105, 'attention_head_size': 2, 'learning_rate': 0.09720363801222168}. Best is trial 60 with value: 6.482868194580078.
LOCAL_RANK: 0 - CUDA_VISIBLE_DEVICES: [0]
[I 2023-11-30 07:29:26,260] Trial 64 finished with value: 7.311943054199219 and parameters: {'gradient_clip_val': 0.6891312130182747, 'hidden_size': 142, 'dropout': 0.277105595009619, 'hidden_continuous_size': 105, 'attention_head_size': 2, 'learning_rate': 0.09300190568476693}. Best is trial 60 with value: 6.482868194580078.
LOCAL_RANK: 0 - CUDA_VISIBLE_DEVICES: [0]
[I 2023-11-30 07:29:40,517] Trial 65 finished with value: 8.678444862365723 and parameters: {'gradient_clip_val': 0.7859171693036902, 'hidden_size': 136, 'dropout': 0.2995594521276284, 'hidden_continuous_size': 84, 'attention_head_size': 2, 'learning_rate': 0.09922643193083784}. Best is trial 60 with value: 6.482868194580078.
LOCAL_RANK: 0 - CUDA_VISIBLE_DEVICES: [0]
[I 2023-11-30 07:29:54,744] Trial 66 finished with value: 8.778761863708496 and parameters: {'gradient_clip_val': 0.6555466559234872, 'hidden_size': 124, 'dropout': 0.2581614649869016, 'hidden_continuous_size': 102, 'attention_head_size': 2, 'learning_rate': 0.07020173537115358}. Best is trial 60 with value: 6.482868194580078.
LOCAL_RANK: 0 - CUDA_VISIBLE_DEVICES: [0]
[I 2023-11-30 07:30:09,352] Trial 67 finished with value: 7.266199111938477 and parameters: {'gradient_clip_val': 0.7498533073414755, 'hidden_size': 149, 'dropout': 0.28107918065372406, 'hidden_continuous_size': 115, 'attention_head_size': 1, 'learning_rate': 0.07687678882292873}. Best is trial 60 with value: 6.482868194580078.
LOCAL_RANK: 0 - CUDA_VISIBLE_DEVICES: [0]
[I 2023-11-30 07:30:23,578] Trial 68 finished with value: 9.198637962341309 and parameters: {'gradient_clip_val': 0.5916213769797374, 'hidden_size': 114, 'dropout': 0.27335663198696947, 'hidden_continuous_size': 80, 'attention_head_size': 2, 'learning_rate': 0.06115622835315728}. Best is trial 60 with value: 6.482868194580078.
LOCAL_RANK: 0 - CUDA_VISIBLE_DEVICES: [0]
[I 2023-11-30 07:30:37,770] Trial 69 finished with value: 7.620193004608154 and parameters: {'gradient_clip_val': 0.8861639473028304, 'hidden_size': 108, 'dropout': 0.23766748388161413, 'hidden_continuous_size': 89, 'attention_head_size': 2, 'learning_rate': 0.03138228145677344}. Best is trial 60 with value: 6.482868194580078.
LOCAL_RANK: 0 - CUDA_VISIBLE_DEVICES: [0]
[I 2023-11-30 07:30:52,227] Trial 70 finished with value: 10.839133262634277 and parameters: {'gradient_clip_val': 0.5508863615280395, 'hidden_size': 133, 'dropout': 0.31206259247346824, 'hidden_continuous_size': 93, 'attention_head_size': 2, 'learning_rate': 0.07246077184460498}. Best is trial 60 with value: 6.482868194580078.
LOCAL_RANK: 0 - CUDA_VISIBLE_DEVICES: [0]
[I 2023-11-30 07:31:06,345] Trial 71 finished with value: 7.337170124053955 and parameters: {'gradient_clip_val': 0.6275651508535337, 'hidden_size': 97, 'dropout': 0.28869218140375735, 'hidden_continuous_size': 75, 'attention_head_size': 2, 'learning_rate': 0.0421153608179836}. Best is trial 60 with value: 6.482868194580078.
LOCAL_RANK: 0 - CUDA_VISIBLE_DEVICES: [0]
[I 2023-11-30 07:31:20,488] Trial 72 finished with value: 11.807549476623535 and parameters: {'gradient_clip_val': 0.7201834352355787, 'hidden_size': 102, 'dropout': 0.32324405697368136, 'hidden_continuous_size': 72, 'attention_head_size': 2, 'learning_rate': 0.05774239325091181}. Best is trial 60 with value: 6.482868194580078.
LOCAL_RANK: 0 - CUDA_VISIBLE_DEVICES: [0]
[I 2023-11-30 07:31:34,617] Trial 73 finished with value: 8.947131156921387 and parameters: {'gradient_clip_val': 0.5243967090832442, 'hidden_size': 86, 'dropout': 0.33748288389588216, 'hidden_continuous_size': 70, 'attention_head_size': 3, 'learning_rate': 0.04757010565861885}. Best is trial 60 with value: 6.482868194580078.
LOCAL_RANK: 0 - CUDA_VISIBLE_DEVICES: [0]
[I 2023-11-30 07:31:48,989] Trial 74 finished with value: 9.323285102844238 and parameters: {'gradient_clip_val': 0.6694970397933881, 'hidden_size': 120, 'dropout': 0.30429598497149246, 'hidden_continuous_size': 83, 'attention_head_size': 2, 'learning_rate': 0.08399964103781422}. Best is trial 60 with value: 6.482868194580078.
LOCAL_RANK: 0 - CUDA_VISIBLE_DEVICES: [0]
[I 2023-11-30 07:32:02,970] Trial 75 finished with value: 7.6231369972229 and parameters: {'gradient_clip_val': 0.47542756770884775, 'hidden_size': 95, 'dropout': 0.3227607994505908, 'hidden_continuous_size': 76, 'attention_head_size': 1, 'learning_rate': 0.061047276205265066}. Best is trial 60 with value: 6.482868194580078.
LOCAL_RANK: 0 - CUDA_VISIBLE_DEVICES: [0]
[I 2023-11-30 07:32:17,089] Trial 76 finished with value: 9.109841346740723 and parameters: {'gradient_clip_val': 0.9794348836734413, 'hidden_size': 105, 'dropout': 0.29603933247145786, 'hidden_continuous_size': 61, 'attention_head_size': 3, 'learning_rate': 0.023216417774769862}. Best is trial 60 with value: 6.482868194580078.
LOCAL_RANK: 0 - CUDA_VISIBLE_DEVICES: [0]
[I 2023-11-30 07:32:31,722] Trial 77 finished with value: 10.247021675109863 and parameters: {'gradient_clip_val': 0.7338906763217232, 'hidden_size': 129, 'dropout': 0.2877929840738552, 'hidden_continuous_size': 101, 'attention_head_size': 3, 'learning_rate': 0.04060926121525746}. Best is trial 60 with value: 6.482868194580078.
LOCAL_RANK: 0 - CUDA_VISIBLE_DEVICES: [0]
[I 2023-11-30 07:32:46,253] Trial 78 finished with value: 7.38908052444458 and parameters: {'gradient_clip_val': 0.8019057046788655, 'hidden_size': 115, 'dropout': 0.27035612913343754, 'hidden_continuous_size': 80, 'attention_head_size': 3, 'learning_rate': 0.03048820889678191}. Best is trial 60 with value: 6.482868194580078.
LOCAL_RANK: 0 - CUDA_VISIBLE_DEVICES: [0]
[I 2023-11-30 07:33:00,298] Trial 79 finished with value: 8.925793647766113 and parameters: {'gradient_clip_val': 0.3510367112250864, 'hidden_size': 90, 'dropout': 0.3304712836715937, 'hidden_continuous_size': 70, 'attention_head_size': 2, 'learning_rate': 0.04730309077952125}. Best is trial 60 with value: 6.482868194580078.
LOCAL_RANK: 0 - CUDA_VISIBLE_DEVICES: [0]
[I 2023-11-30 07:33:14,336] Trial 80 finished with value: 8.660309791564941 and parameters: {'gradient_clip_val': 0.30218454656571414, 'hidden_size': 83, 'dropout': 0.3581270264342292, 'hidden_continuous_size': 68, 'attention_head_size': 3, 'learning_rate': 0.035329126316251715}. Best is trial 60 with value: 6.482868194580078.
LOCAL_RANK: 0 - CUDA_VISIBLE_DEVICES: [0]
[I 2023-11-30 07:33:28,351] Trial 81 finished with value: 9.439255714416504 and parameters: {'gradient_clip_val': 0.23552040526783036, 'hidden_size': 76, 'dropout': 0.33930456393603003, 'hidden_continuous_size': 65, 'attention_head_size': 3, 'learning_rate': 0.028502822884133798}. Best is trial 60 with value: 6.482868194580078.
LOCAL_RANK: 0 - CUDA_VISIBLE_DEVICES: [0]
[I 2023-11-30 07:33:42,318] Trial 82 finished with value: 7.797039031982422 and parameters: {'gradient_clip_val': 0.26070514773766856, 'hidden_size': 93, 'dropout': 0.31908834394722696, 'hidden_continuous_size': 61, 'attention_head_size': 3, 'learning_rate': 0.025488740165374352}. Best is trial 60 with value: 6.482868194580078.
LOCAL_RANK: 0 - CUDA_VISIBLE_DEVICES: [0]
[I 2023-11-30 07:33:56,408] Trial 83 finished with value: 7.523881435394287 and parameters: {'gradient_clip_val': 0.22133275231597405, 'hidden_size': 71, 'dropout': 0.29681317633221355, 'hidden_continuous_size': 64, 'attention_head_size': 3, 'learning_rate': 0.03375165622694181}. Best is trial 60 with value: 6.482868194580078.
LOCAL_RANK: 0 - CUDA_VISIBLE_DEVICES: [0]
[I 2023-11-30 07:34:10,491] Trial 84 finished with value: 10.848869323730469 and parameters: {'gradient_clip_val': 0.21273838362758937, 'hidden_size': 104, 'dropout': 0.31139084638039755, 'hidden_continuous_size': 53, 'attention_head_size': 3, 'learning_rate': 0.09815544901413593}. Best is trial 60 with value: 6.482868194580078.
LOCAL_RANK: 0 - CUDA_VISIBLE_DEVICES: [0]
[I 2023-11-30 07:34:24,601] Trial 85 finished with value: 13.159880638122559 and parameters: {'gradient_clip_val': 0.20398981329764615, 'hidden_size': 85, 'dropout': 0.3276525233535764, 'hidden_continuous_size': 74, 'attention_head_size': 3, 'learning_rate': 0.05213770914886438}. Best is trial 60 with value: 6.482868194580078.
LOCAL_RANK: 0 - CUDA_VISIBLE_DEVICES: [0]
[I 2023-11-30 07:34:38,945] Trial 86 finished with value: 8.902081489562988 and parameters: {'gradient_clip_val': 0.23521993606089053, 'hidden_size': 118, 'dropout': 0.3378924860867426, 'hidden_continuous_size': 89, 'attention_head_size': 3, 'learning_rate': 0.040198183087909005}. Best is trial 60 with value: 6.482868194580078.
LOCAL_RANK: 0 - CUDA_VISIBLE_DEVICES: [0]
[I 2023-11-30 07:34:52,973] Trial 87 finished with value: 7.940816402435303 and parameters: {'gradient_clip_val': 0.2591110943016404, 'hidden_size': 81, 'dropout': 0.34788048966403323, 'hidden_continuous_size': 70, 'attention_head_size': 3, 'learning_rate': 0.02653968082633888}. Best is trial 60 with value: 6.482868194580078.
LOCAL_RANK: 0 - CUDA_VISIBLE_DEVICES: [0]
[I 2023-11-30 07:35:07,274] Trial 88 finished with value: 8.6744966506958 and parameters: {'gradient_clip_val': 0.19510798889388126, 'hidden_size': 98, 'dropout': 0.27952974367481065, 'hidden_continuous_size': 84, 'attention_head_size': 2, 'learning_rate': 0.06489097216077082}. Best is trial 60 with value: 6.482868194580078.
LOCAL_RANK: 0 - CUDA_VISIBLE_DEVICES: [0]
[I 2023-11-30 07:35:21,543] Trial 89 finished with value: 7.494359970092773 and parameters: {'gradient_clip_val': 0.29025523088310445, 'hidden_size': 138, 'dropout': 0.31659226799317963, 'hidden_continuous_size': 41, 'attention_head_size': 3, 'learning_rate': 0.02227598386281107}. Best is trial 60 with value: 6.482868194580078.
LOCAL_RANK: 0 - CUDA_VISIBLE_DEVICES: [0]
[I 2023-11-30 07:35:35,661] Trial 90 finished with value: 11.481001853942871 and parameters: {'gradient_clip_val': 0.2686633120812936, 'hidden_size': 110, 'dropout': 0.3078301455906415, 'hidden_continuous_size': 58, 'attention_head_size': 3, 'learning_rate': 0.019455028224955193}. Best is trial 60 with value: 6.482868194580078.
LOCAL_RANK: 0 - CUDA_VISIBLE_DEVICES: [0]
[I 2023-11-30 07:35:50,257] Trial 91 finished with value: 8.714396476745605 and parameters: {'gradient_clip_val': 0.8666017908679805, 'hidden_size': 150, 'dropout': 0.29111851734407657, 'hidden_continuous_size': 122, 'attention_head_size': 1, 'learning_rate': 0.07758564931339053}. Best is trial 60 with value: 6.482868194580078.
LOCAL_RANK: 0 - CUDA_VISIBLE_DEVICES: [0]
[I 2023-11-30 07:36:04,629] Trial 92 finished with value: 12.568875312805176 and parameters: {'gradient_clip_val': 0.7297408959159924, 'hidden_size': 130, 'dropout': 0.2830542595254053, 'hidden_continuous_size': 109, 'attention_head_size': 1, 'learning_rate': 0.07530850930460714}. Best is trial 60 with value: 6.482868194580078.
LOCAL_RANK: 0 - CUDA_VISIBLE_DEVICES: [0]
[I 2023-11-30 07:36:19,367] Trial 93 finished with value: 9.770028114318848 and parameters: {'gradient_clip_val': 0.3267483973562887, 'hidden_size': 143, 'dropout': 0.30175888708917953, 'hidden_continuous_size': 124, 'attention_head_size': 1, 'learning_rate': 0.08941384650123714}. Best is trial 60 with value: 6.482868194580078.
LOCAL_RANK: 0 - CUDA_VISIBLE_DEVICES: [0]
[I 2023-11-30 07:36:33,556] Trial 94 finished with value: 10.05276870727539 and parameters: {'gradient_clip_val': 0.7733569427090845, 'hidden_size': 124, 'dropout': 0.28202040029243214, 'hidden_continuous_size': 100, 'attention_head_size': 1, 'learning_rate': 0.08287779526822218}. Best is trial 60 with value: 6.482868194580078.
LOCAL_RANK: 0 - CUDA_VISIBLE_DEVICES: [0]
