[I 2023-11-29 23:07:14,005] Trial 68 finished with value: 154.2775421142578 and parameters: {'gradient_clip_val': 0.31570452236068747, 'hidden_size': 17, 'dropout': 0.16935846487215658, 'hidden_continuous_size': 15, 'attention_head_size': 3, 'learning_rate': 0.04147198877385781}. Best is trial 37 with value: 139.7236328125.
LOCAL_RANK: 0 - CUDA_VISIBLE_DEVICES: [0]
[I 2023-11-29 23:07:26,062] Trial 69 finished with value: 166.61842346191406 and parameters: {'gradient_clip_val': 0.3905539195168753, 'hidden_size': 17, 'dropout': 0.1717507636030007, 'hidden_continuous_size': 14, 'attention_head_size': 2, 'learning_rate': 0.04430647643181634}. Best is trial 37 with value: 139.7236328125.
LOCAL_RANK: 0 - CUDA_VISIBLE_DEVICES: [0]
[I 2023-11-29 23:07:38,207] Trial 70 finished with value: 160.10704040527344 and parameters: {'gradient_clip_val': 0.17388639032455228, 'hidden_size': 13, 'dropout': 0.1845264279697325, 'hidden_continuous_size': 11, 'attention_head_size': 3, 'learning_rate': 0.07380943575458436}. Best is trial 37 with value: 139.7236328125.
LOCAL_RANK: 0 - CUDA_VISIBLE_DEVICES: [0]
[I 2023-11-29 23:07:50,349] Trial 71 finished with value: 185.99034118652344 and parameters: {'gradient_clip_val': 0.3176413135874659, 'hidden_size': 20, 'dropout': 0.14558128687657998, 'hidden_continuous_size': 15, 'attention_head_size': 3, 'learning_rate': 0.03645037143924445}. Best is trial 37 with value: 139.7236328125.
LOCAL_RANK: 0 - CUDA_VISIBLE_DEVICES: [0]
[I 2023-11-29 23:08:02,691] Trial 72 finished with value: 169.74974060058594 and parameters: {'gradient_clip_val': 0.2750703507067643, 'hidden_size': 23, 'dropout': 0.16463018004746482, 'hidden_continuous_size': 16, 'attention_head_size': 3, 'learning_rate': 0.031447680904788035}. Best is trial 37 with value: 139.7236328125.
LOCAL_RANK: 0 - CUDA_VISIBLE_DEVICES: [0]
[I 2023-11-29 23:08:15,264] Trial 73 finished with value: 182.9744415283203 and parameters: {'gradient_clip_val': 0.2527215730786053, 'hidden_size': 31, 'dropout': 0.12374862640233196, 'hidden_continuous_size': 16, 'attention_head_size': 3, 'learning_rate': 0.04191315538432724}. Best is trial 37 with value: 139.7236328125.
LOCAL_RANK: 0 - CUDA_VISIBLE_DEVICES: [0]
[I 2023-11-29 23:08:27,550] Trial 74 finished with value: 162.55209350585938 and parameters: {'gradient_clip_val': 0.22857153111014178, 'hidden_size': 25, 'dropout': 0.1929426432785352, 'hidden_continuous_size': 15, 'attention_head_size': 3, 'learning_rate': 0.027140227933867923}. Best is trial 37 with value: 139.7236328125.
LOCAL_RANK: 0 - CUDA_VISIBLE_DEVICES: [0]
[I 2023-11-29 23:08:39,931] Trial 75 finished with value: 173.66908264160156 and parameters: {'gradient_clip_val': 0.2003594344695946, 'hidden_size': 19, 'dropout': 0.14771216696038447, 'hidden_continuous_size': 15, 'attention_head_size': 3, 'learning_rate': 0.022446845193832818}. Best is trial 37 with value: 139.7236328125.
LOCAL_RANK: 0 - CUDA_VISIBLE_DEVICES: [0]
[I 2023-11-29 23:08:52,232] Trial 76 finished with value: 179.79222106933594 and parameters: {'gradient_clip_val': 0.2794089723210219, 'hidden_size': 22, 'dropout': 0.1779057033548915, 'hidden_continuous_size': 16, 'attention_head_size': 3, 'learning_rate': 0.03553322596849411}. Best is trial 37 with value: 139.7236328125.
LOCAL_RANK: 0 - CUDA_VISIBLE_DEVICES: [0]
[I 2023-11-29 23:09:04,995] Trial 77 finished with value: 220.8656768798828 and parameters: {'gradient_clip_val': 0.30210180411481125, 'hidden_size': 35, 'dropout': 0.15499826053432442, 'hidden_continuous_size': 18, 'attention_head_size': 4, 'learning_rate': 0.058674082819654465}. Best is trial 37 with value: 139.7236328125.
LOCAL_RANK: 0 - CUDA_VISIBLE_DEVICES: [0]
[I 2023-11-29 23:09:17,495] Trial 78 finished with value: 179.386962890625 and parameters: {'gradient_clip_val': 0.2621366481841856, 'hidden_size': 29, 'dropout': 0.20819605480789943, 'hidden_continuous_size': 14, 'attention_head_size': 3, 'learning_rate': 0.029549476421230965}. Best is trial 37 with value: 139.7236328125.
LOCAL_RANK: 0 - CUDA_VISIBLE_DEVICES: [0]
[I 2023-11-29 23:09:29,731] Trial 79 finished with value: 170.52049255371094 and parameters: {'gradient_clip_val': 0.21951579772967825, 'hidden_size': 18, 'dropout': 0.1083335767993582, 'hidden_continuous_size': 15, 'attention_head_size': 3, 'learning_rate': 0.0235221448446496}. Best is trial 37 with value: 139.7236328125.
LOCAL_RANK: 0 - CUDA_VISIBLE_DEVICES: [0]
[I 2023-11-29 23:09:41,767] Trial 80 finished with value: 191.4279327392578 and parameters: {'gradient_clip_val': 0.24043786284562332, 'hidden_size': 16, 'dropout': 0.11937862787814679, 'hidden_continuous_size': 15, 'attention_head_size': 2, 'learning_rate': 0.019868591774567842}. Best is trial 37 with value: 139.7236328125.
LOCAL_RANK: 0 - CUDA_VISIBLE_DEVICES: [0]
[I 2023-11-29 23:09:53,700] Trial 81 finished with value: 197.1835174560547 and parameters: {'gradient_clip_val': 0.2114488910994044, 'hidden_size': 24, 'dropout': 0.16867453459200618, 'hidden_continuous_size': 16, 'attention_head_size': 1, 'learning_rate': 0.026294593288000948}. Best is trial 37 with value: 139.7236328125.
LOCAL_RANK: 0 - CUDA_VISIBLE_DEVICES: [0]
[I 2023-11-29 23:10:06,046] Trial 82 finished with value: 184.30946350097656 and parameters: {'gradient_clip_val': 0.19202041596216646, 'hidden_size': 27, 'dropout': 0.19792818081855473, 'hidden_continuous_size': 17, 'attention_head_size': 1, 'learning_rate': 0.0335132781737001}. Best is trial 37 with value: 139.7236328125.
LOCAL_RANK: 0 - CUDA_VISIBLE_DEVICES: [0]
[I 2023-11-29 23:10:18,601] Trial 83 finished with value: 167.60069274902344 and parameters: {'gradient_clip_val': 0.16484380601637302, 'hidden_size': 31, 'dropout': 0.1887633156530137, 'hidden_continuous_size': 18, 'attention_head_size': 3, 'learning_rate': 0.03907290400067243}. Best is trial 37 with value: 139.7236328125.
LOCAL_RANK: 0 - CUDA_VISIBLE_DEVICES: [0]
[I 2023-11-29 23:10:30,688] Trial 84 finished with value: 204.6143035888672 and parameters: {'gradient_clip_val': 0.20341565861380226, 'hidden_size': 20, 'dropout': 0.18017926933017578, 'hidden_continuous_size': 14, 'attention_head_size': 3, 'learning_rate': 0.015929839980799495}. Best is trial 37 with value: 139.7236328125.
LOCAL_RANK: 0 - CUDA_VISIBLE_DEVICES: [0]
[I 2023-11-29 23:10:42,816] Trial 85 finished with value: 165.86952209472656 and parameters: {'gradient_clip_val': 0.22701438157395296, 'hidden_size': 22, 'dropout': 0.1618100045317844, 'hidden_continuous_size': 14, 'attention_head_size': 3, 'learning_rate': 0.01929464241986158}. Best is trial 37 with value: 139.7236328125.
LOCAL_RANK: 0 - CUDA_VISIBLE_DEVICES: [0]
[I 2023-11-29 23:10:55,540] Trial 86 finished with value: 197.45338439941406 and parameters: {'gradient_clip_val': 0.13582585646649867, 'hidden_size': 36, 'dropout': 0.14197045801631614, 'hidden_continuous_size': 19, 'attention_head_size': 3, 'learning_rate': 0.05311752922706331}. Best is trial 37 with value: 139.7236328125.
LOCAL_RANK: 0 - CUDA_VISIBLE_DEVICES: [0]
[I 2023-11-29 23:11:07,804] Trial 87 finished with value: 165.03778076171875 and parameters: {'gradient_clip_val': 0.24619156331700015, 'hidden_size': 25, 'dropout': 0.20080269836768186, 'hidden_continuous_size': 17, 'attention_head_size': 1, 'learning_rate': 0.045100467798096525}. Best is trial 37 with value: 139.7236328125.
LOCAL_RANK: 0 - CUDA_VISIBLE_DEVICES: [0]
[I 2023-11-29 23:11:20,159] Trial 88 finished with value: 171.0858917236328 and parameters: {'gradient_clip_val': 0.18176600516495697, 'hidden_size': 21, 'dropout': 0.1297722639564562, 'hidden_continuous_size': 16, 'attention_head_size': 3, 'learning_rate': 0.023847156208262613}. Best is trial 37 with value: 139.7236328125.
LOCAL_RANK: 0 - CUDA_VISIBLE_DEVICES: [0]
[I 2023-11-29 23:11:32,683] Trial 89 finished with value: 167.4129638671875 and parameters: {'gradient_clip_val': 0.2578210989352898, 'hidden_size': 28, 'dropout': 0.17140818353077938, 'hidden_continuous_size': 21, 'attention_head_size': 4, 'learning_rate': 0.021119707926304587}. Best is trial 37 with value: 139.7236328125.
LOCAL_RANK: 0 - CUDA_VISIBLE_DEVICES: [0]
[I 2023-11-29 23:11:45,195] Trial 90 finished with value: 197.338623046875 and parameters: {'gradient_clip_val': 0.2699243364069159, 'hidden_size': 30, 'dropout': 0.21305041969179836, 'hidden_continuous_size': 18, 'attention_head_size': 2, 'learning_rate': 0.029781098232900833}. Best is trial 37 with value: 139.7236328125.
LOCAL_RANK: 0 - CUDA_VISIBLE_DEVICES: [0]
[I 2023-11-29 23:11:57,448] Trial 91 finished with value: 156.4982452392578 and parameters: {'gradient_clip_val': 0.23062596187601503, 'hidden_size': 24, 'dropout': 0.12460500989252817, 'hidden_continuous_size': 13, 'attention_head_size': 3, 'learning_rate': 0.025840088076363708}. Best is trial 37 with value: 139.7236328125.
LOCAL_RANK: 0 - CUDA_VISIBLE_DEVICES: [0]
[I 2023-11-29 23:12:09,631] Trial 92 finished with value: 161.2486114501953 and parameters: {'gradient_clip_val': 0.21139705566090358, 'hidden_size': 25, 'dropout': 0.12246125584432961, 'hidden_continuous_size': 13, 'attention_head_size': 3, 'learning_rate': 0.026350733001689705}. Best is trial 37 with value: 139.7236328125.
LOCAL_RANK: 0 - CUDA_VISIBLE_DEVICES: [0]
[I 2023-11-29 23:12:21,626] Trial 93 finished with value: 162.04783630371094 and parameters: {'gradient_clip_val': 0.2876240758214956, 'hidden_size': 28, 'dropout': 0.10082334023644701, 'hidden_continuous_size': 12, 'attention_head_size': 3, 'learning_rate': 0.014527448688139386}. Best is trial 37 with value: 139.7236328125.
LOCAL_RANK: 0 - CUDA_VISIBLE_DEVICES: [0]
[I 2023-11-29 23:12:33,860] Trial 94 finished with value: 188.33201599121094 and parameters: {'gradient_clip_val': 0.23445819285217845, 'hidden_size': 23, 'dropout': 0.13344155715579611, 'hidden_continuous_size': 14, 'attention_head_size': 3, 'learning_rate': 0.03391728368021895}. Best is trial 37 with value: 139.7236328125.
LOCAL_RANK: 0 - CUDA_VISIBLE_DEVICES: [0]
[I 2023-11-29 23:12:46,334] Trial 95 finished with value: 174.3529052734375 and parameters: {'gradient_clip_val': 0.22451114052020826, 'hidden_size': 26, 'dropout': 0.15791981623165613, 'hidden_continuous_size': 13, 'attention_head_size': 3, 'learning_rate': 0.040406424234642566}. Best is trial 37 with value: 139.7236328125.
LOCAL_RANK: 0 - CUDA_VISIBLE_DEVICES: [0]
[I 2023-11-29 23:12:58,334] Trial 96 finished with value: 165.2326202392578 and parameters: {'gradient_clip_val': 0.24642582947212524, 'hidden_size': 24, 'dropout': 0.14165784861477787, 'hidden_continuous_size': 15, 'attention_head_size': 3, 'learning_rate': 0.018434290604335407}. Best is trial 37 with value: 139.7236328125.
LOCAL_RANK: 0 - CUDA_VISIBLE_DEVICES: [0]
[I 2023-11-29 23:13:11,059] Trial 97 finished with value: 175.8114471435547 and parameters: {'gradient_clip_val': 0.30466102716196564, 'hidden_size': 31, 'dropout': 0.11056906948183698, 'hidden_continuous_size': 24, 'attention_head_size': 3, 'learning_rate': 0.027966262298393857}. Best is trial 37 with value: 139.7236328125.
LOCAL_RANK: 0 - CUDA_VISIBLE_DEVICES: [0]
[I 2023-11-29 23:13:23,800] Trial 98 finished with value: 199.23670959472656 and parameters: {'gradient_clip_val': 0.27687220220434133, 'hidden_size': 33, 'dropout': 0.1486539912961338, 'hidden_continuous_size': 19, 'attention_head_size': 3, 'learning_rate': 0.013066288787375806}. Best is trial 37 with value: 139.7236328125.
LOCAL_RANK: 0 - CUDA_VISIBLE_DEVICES: [0]
[I 2023-11-29 23:13:36,093] Trial 99 finished with value: 174.41424560546875 and parameters: {'gradient_clip_val': 0.2094776025827162, 'hidden_size': 21, 'dropout': 0.12714137380279808, 'hidden_continuous_size': 13, 'attention_head_size': 3, 'learning_rate': 0.0165719857984546}. Best is trial 37 with value: 139.7236328125.
LOCAL_RANK: 0 - CUDA_VISIBLE_DEVICES: [0]
[I 2023-11-29 23:13:48,331] Trial 100 finished with value: 177.74168395996094 and parameters: {'gradient_clip_val': 0.28871960303830313, 'hidden_size': 28, 'dropout': 0.11761082728968018, 'hidden_continuous_size': 20, 'attention_head_size': 1, 'learning_rate': 0.021696399468583535}. Best is trial 37 with value: 139.7236328125.
LOCAL_RANK: 0 - CUDA_VISIBLE_DEVICES: [0]
[I 2023-11-29 23:14:00,312] Trial 101 finished with value: 149.17098999023438 and parameters: {'gradient_clip_val': 0.2010761228686313, 'hidden_size': 24, 'dropout': 0.13235678979504825, 'hidden_continuous_size': 14, 'attention_head_size': 3, 'learning_rate': 0.024792546002243863}. Best is trial 37 with value: 139.7236328125.
LOCAL_RANK: 0 - CUDA_VISIBLE_DEVICES: [0]
[I 2023-11-29 23:14:12,510] Trial 102 finished with value: 156.087890625 and parameters: {'gradient_clip_val': 0.19363215223279057, 'hidden_size': 23, 'dropout': 0.15915233438822388, 'hidden_continuous_size': 14, 'attention_head_size': 3, 'learning_rate': 0.024299159748937427}. Best is trial 37 with value: 139.7236328125.
LOCAL_RANK: 0 - CUDA_VISIBLE_DEVICES: [0]
[I 2023-11-29 23:14:24,767] Trial 103 finished with value: 158.01443481445312 and parameters: {'gradient_clip_val': 0.1829697320233742, 'hidden_size': 26, 'dropout': 0.17429887976609945, 'hidden_continuous_size': 14, 'attention_head_size': 3, 'learning_rate': 0.030408878285302643}. Best is trial 37 with value: 139.7236328125.
LOCAL_RANK: 0 - CUDA_VISIBLE_DEVICES: [0]
[I 2023-11-29 23:14:37,023] Trial 104 finished with value: 169.79336547851562 and parameters: {'gradient_clip_val': 0.17128431865160018, 'hidden_size': 19, 'dropout': 0.16129897931328102, 'hidden_continuous_size': 15, 'attention_head_size': 3, 'learning_rate': 0.023518843917225123}. Best is trial 37 with value: 139.7236328125.
LOCAL_RANK: 0 - CUDA_VISIBLE_DEVICES: [0]
[I 2023-11-29 23:14:49,276] Trial 105 finished with value: 182.2977294921875 and parameters: {'gradient_clip_val': 0.18796023773767154, 'hidden_size': 22, 'dropout': 0.15346670603458987, 'hidden_continuous_size': 14, 'attention_head_size': 3, 'learning_rate': 0.03363935504075879}. Best is trial 37 with value: 139.7236328125.
LOCAL_RANK: 0 - CUDA_VISIBLE_DEVICES: [0]
[I 2023-11-29 23:15:01,679] Trial 106 finished with value: 187.73939514160156 and parameters: {'gradient_clip_val': 0.20049583552858968, 'hidden_size': 23, 'dropout': 0.18097547833849784, 'hidden_continuous_size': 14, 'attention_head_size': 3, 'learning_rate': 0.048350033532483044}. Best is trial 37 with value: 139.7236328125.
LOCAL_RANK: 0 - CUDA_VISIBLE_DEVICES: [0]
[I 2023-11-29 23:15:13,646] Trial 107 finished with value: 163.31890869140625 and parameters: {'gradient_clip_val': 0.15170007677226435, 'hidden_size': 20, 'dropout': 0.16974173220537464, 'hidden_continuous_size': 15, 'attention_head_size': 3, 'learning_rate': 0.020119539680215015}. Best is trial 37 with value: 139.7236328125.
LOCAL_RANK: 0 - CUDA_VISIBLE_DEVICES: [0]
[I 2023-11-29 23:15:25,778] Trial 108 finished with value: 168.8083953857422 and parameters: {'gradient_clip_val': 0.21626011723798266, 'hidden_size': 17, 'dropout': 0.13579287695222203, 'hidden_continuous_size': 16, 'attention_head_size': 2, 'learning_rate': 0.04064018382420618}. Best is trial 37 with value: 139.7236328125.
LOCAL_RANK: 0 - CUDA_VISIBLE_DEVICES: [0]
[I 2023-11-29 23:15:38,433] Trial 109 finished with value: 174.99757385253906 and parameters: {'gradient_clip_val': 0.19608974750079758, 'hidden_size': 30, 'dropout': 0.18918432787660458, 'hidden_continuous_size': 17, 'attention_head_size': 3, 'learning_rate': 0.029201484141036772}. Best is trial 37 with value: 139.7236328125.
LOCAL_RANK: 0 - CUDA_VISIBLE_DEVICES: [0]
[I 2023-11-29 23:15:50,536] Trial 110 finished with value: 172.41209411621094 and parameters: {'gradient_clip_val': 0.2593235038705377, 'hidden_size': 21, 'dropout': 0.15796018446357643, 'hidden_continuous_size': 15, 'attention_head_size': 2, 'learning_rate': 0.037666525556422734}. Best is trial 37 with value: 139.7236328125.
LOCAL_RANK: 0 - CUDA_VISIBLE_DEVICES: [0]
[I 2023-11-29 23:16:02,683] Trial 111 finished with value: 148.32803344726562 and parameters: {'gradient_clip_val': 0.2226455150210741, 'hidden_size': 24, 'dropout': 0.1493381933818314, 'hidden_continuous_size': 14, 'attention_head_size': 3, 'learning_rate': 0.02562799071971402}. Best is trial 37 with value: 139.7236328125.
LOCAL_RANK: 0 - CUDA_VISIBLE_DEVICES: [0]
[I 2023-11-29 23:16:14,997] Trial 112 finished with value: 171.41001892089844 and parameters: {'gradient_clip_val': 0.24110866452005153, 'hidden_size': 27, 'dropout': 0.14812098435804277, 'hidden_continuous_size': 10, 'attention_head_size': 3, 'learning_rate': 0.024907790120891976}. Best is trial 37 with value: 139.7236328125.
LOCAL_RANK: 0 - CUDA_VISIBLE_DEVICES: [0]
[I 2023-11-29 23:16:27,277] Trial 113 finished with value: 183.979736328125 and parameters: {'gradient_clip_val': 0.2654723447145366, 'hidden_size': 25, 'dropout': 0.16650053010093926, 'hidden_continuous_size': 14, 'attention_head_size': 3, 'learning_rate': 0.031869781655506364}. Best is trial 37 with value: 139.7236328125.
LOCAL_RANK: 0 - CUDA_VISIBLE_DEVICES: [0]
[I 2023-11-29 23:16:39,461] Trial 114 finished with value: 171.0758819580078 and parameters: {'gradient_clip_val': 0.17486279727993675, 'hidden_size': 23, 'dropout': 0.1442307644780397, 'hidden_continuous_size': 15, 'attention_head_size': 3, 'learning_rate': 0.02238804853706587}. Best is trial 37 with value: 139.7236328125.
LOCAL_RANK: 0 - CUDA_VISIBLE_DEVICES: [0]
[I 2023-11-29 23:16:51,822] Trial 115 finished with value: 193.23779296875 and parameters: {'gradient_clip_val': 0.2231860583758281, 'hidden_size': 18, 'dropout': 0.17607240365418916, 'hidden_continuous_size': 14, 'attention_head_size': 3, 'learning_rate': 0.01827946698772633}. Best is trial 37 with value: 139.7236328125.
LOCAL_RANK: 0 - CUDA_VISIBLE_DEVICES: [0]
[I 2023-11-29 23:17:04,260] Trial 116 finished with value: 164.59848022460938 and parameters: {'gradient_clip_val': 0.19372926428604503, 'hidden_size': 22, 'dropout': 0.1384727995297125, 'hidden_continuous_size': 16, 'attention_head_size': 3, 'learning_rate': 0.02058935907077846}. Best is trial 37 with value: 139.7236328125.
LOCAL_RANK: 0 - CUDA_VISIBLE_DEVICES: [0]
[I 2023-11-29 23:17:16,717] Trial 117 finished with value: 188.6064910888672 and parameters: {'gradient_clip_val': 0.3147634404592304, 'hidden_size': 26, 'dropout': 0.15116993378562715, 'hidden_continuous_size': 21, 'attention_head_size': 3, 'learning_rate': 0.027456814829368452}. Best is trial 37 with value: 139.7236328125.
LOCAL_RANK: 0 - CUDA_VISIBLE_DEVICES: [0]
[I 2023-11-29 23:17:29,042] Trial 118 finished with value: 161.35118103027344 and parameters: {'gradient_clip_val': 0.21009349729254423, 'hidden_size': 28, 'dropout': 0.16495513609028292, 'hidden_continuous_size': 22, 'attention_head_size': 3, 'learning_rate': 0.035047585687498224}. Best is trial 37 with value: 139.7236328125.
LOCAL_RANK: 0 - CUDA_VISIBLE_DEVICES: [0]
[I 2023-11-29 23:17:41,654] Trial 119 finished with value: 181.41160583496094 and parameters: {'gradient_clip_val': 0.24713791094701013, 'hidden_size': 30, 'dropout': 0.13155058321958543, 'hidden_continuous_size': 16, 'attention_head_size': 3, 'learning_rate': 0.01710407703016848}. Best is trial 37 with value: 139.7236328125.
LOCAL_RANK: 0 - CUDA_VISIBLE_DEVICES: [0]
[I 2023-11-29 23:17:54,079] Trial 120 finished with value: 134.502197265625 and parameters: {'gradient_clip_val': 0.1674125095324505, 'hidden_size': 34, 'dropout': 0.18241668529924063, 'hidden_continuous_size': 12, 'attention_head_size': 1, 'learning_rate': 0.02470668088385001}. Best is trial 120 with value: 134.502197265625.
LOCAL_RANK: 0 - CUDA_VISIBLE_DEVICES: [0]
[I 2023-11-29 23:18:06,718] Trial 121 finished with value: 201.1028289794922 and parameters: {'gradient_clip_val': 0.16683730809049432, 'hidden_size': 35, 'dropout': 0.1845409251861791, 'hidden_continuous_size': 12, 'attention_head_size': 1, 'learning_rate': 0.024356862012108967}. Best is trial 120 with value: 134.502197265625.
LOCAL_RANK: 0 - CUDA_VISIBLE_DEVICES: [0]
[I 2023-11-29 23:18:19,193] Trial 122 finished with value: 154.1893768310547 and parameters: {'gradient_clip_val': 0.2062707222014308, 'hidden_size': 38, 'dropout': 0.17372440132261258, 'hidden_continuous_size': 13, 'attention_head_size': 1, 'learning_rate': 0.022143189979374884}. Best is trial 120 with value: 134.502197265625.
LOCAL_RANK: 0 - CUDA_VISIBLE_DEVICES: [0]
[I 2023-11-29 23:18:31,646] Trial 123 finished with value: 180.1018829345703 and parameters: {'gradient_clip_val': 0.233632990418864, 'hidden_size': 38, 'dropout': 0.1928454229640197, 'hidden_continuous_size': 13, 'attention_head_size': 1, 'learning_rate': 0.019187308206900525}. Best is trial 120 with value: 134.502197265625.
LOCAL_RANK: 0 - CUDA_VISIBLE_DEVICES: [0]
[I 2023-11-29 23:18:44,238] Trial 124 finished with value: 153.15415954589844 and parameters: {'gradient_clip_val': 0.1575750874350774, 'hidden_size': 42, 'dropout': 0.18186000931447313, 'hidden_continuous_size': 12, 'attention_head_size': 1, 'learning_rate': 0.01527529968750832}. Best is trial 120 with value: 134.502197265625.
LOCAL_RANK: 0 - CUDA_VISIBLE_DEVICES: [0]
[I 2023-11-29 23:18:56,795] Trial 125 finished with value: 141.68751525878906 and parameters: {'gradient_clip_val': 0.15374152829883914, 'hidden_size': 45, 'dropout': 0.1788223117798227, 'hidden_continuous_size': 11, 'attention_head_size': 1, 'learning_rate': 0.027948382039728374}. Best is trial 120 with value: 134.502197265625.
LOCAL_RANK: 0 - CUDA_VISIBLE_DEVICES: [0]
[I 2023-11-29 23:19:09,471] Trial 126 finished with value: 172.2695770263672 and parameters: {'gradient_clip_val': 0.1547442824248551, 'hidden_size': 44, 'dropout': 0.18096888420000146, 'hidden_continuous_size': 11, 'attention_head_size': 1, 'learning_rate': 0.03077186137783866}. Best is trial 120 with value: 134.502197265625.
LOCAL_RANK: 0 - CUDA_VISIBLE_DEVICES: [0]
