[I 2023-11-30 01:57:59,874] Trial 77 finished with value: 4.190263271331787 and parameters: {'gradient_clip_val': 0.21186987127927887, 'hidden_size': 37, 'dropout': 0.3417720666296828, 'hidden_continuous_size': 15, 'attention_head_size': 2, 'learning_rate': 0.05236565202536327}. Best is trial 51 with value: 3.801542282104492.
LOCAL_RANK: 0 - CUDA_VISIBLE_DEVICES: [0]
[I 2023-11-30 01:58:12,383] Trial 78 finished with value: 4.549983501434326 and parameters: {'gradient_clip_val': 0.33228560784926, 'hidden_size': 39, 'dropout': 0.3418405771899364, 'hidden_continuous_size': 15, 'attention_head_size': 1, 'learning_rate': 0.0311976160324503}. Best is trial 51 with value: 3.801542282104492.
LOCAL_RANK: 0 - CUDA_VISIBLE_DEVICES: [0]
[I 2023-11-30 01:58:25,067] Trial 79 finished with value: 3.796952486038208 and parameters: {'gradient_clip_val': 0.26989942646127585, 'hidden_size': 37, 'dropout': 0.16055595043828505, 'hidden_continuous_size': 17, 'attention_head_size': 2, 'learning_rate': 0.08895209343647965}. Best is trial 79 with value: 3.796952486038208.
LOCAL_RANK: 0 - CUDA_VISIBLE_DEVICES: [0]
[I 2023-11-30 01:58:37,684] Trial 80 finished with value: 4.948983669281006 and parameters: {'gradient_clip_val': 0.25197779893041333, 'hidden_size': 44, 'dropout': 0.12406243188956628, 'hidden_continuous_size': 18, 'attention_head_size': 2, 'learning_rate': 0.08900801604521844}. Best is trial 79 with value: 3.796952486038208.
LOCAL_RANK: 0 - CUDA_VISIBLE_DEVICES: [0]
[I 2023-11-30 01:58:50,227] Trial 81 finished with value: 4.529335975646973 and parameters: {'gradient_clip_val': 0.2729176902805885, 'hidden_size': 37, 'dropout': 0.15506066534088292, 'hidden_continuous_size': 17, 'attention_head_size': 2, 'learning_rate': 0.07733794373346825}. Best is trial 79 with value: 3.796952486038208.
LOCAL_RANK: 0 - CUDA_VISIBLE_DEVICES: [0]
[I 2023-11-30 01:59:03,082] Trial 82 finished with value: 4.981260776519775 and parameters: {'gradient_clip_val': 0.2892931342409905, 'hidden_size': 47, 'dropout': 0.18474806007605626, 'hidden_continuous_size': 21, 'attention_head_size': 2, 'learning_rate': 0.04693848136502298}. Best is trial 79 with value: 3.796952486038208.
LOCAL_RANK: 0 - CUDA_VISIBLE_DEVICES: [0]
[I 2023-11-30 01:59:15,350] Trial 83 finished with value: 4.649860858917236 and parameters: {'gradient_clip_val': 0.20433714487499324, 'hidden_size': 32, 'dropout': 0.3393381960021074, 'hidden_continuous_size': 17, 'attention_head_size': 2, 'learning_rate': 0.06513156494077589}. Best is trial 79 with value: 3.796952486038208.
LOCAL_RANK: 0 - CUDA_VISIBLE_DEVICES: [0]
[I 2023-11-30 01:59:28,093] Trial 84 finished with value: 4.437454700469971 and parameters: {'gradient_clip_val': 0.2353023213918658, 'hidden_size': 38, 'dropout': 0.2887132519370248, 'hidden_continuous_size': 16, 'attention_head_size': 2, 'learning_rate': 0.08872029649022074}. Best is trial 79 with value: 3.796952486038208.
LOCAL_RANK: 0 - CUDA_VISIBLE_DEVICES: [0]
[I 2023-11-30 01:59:40,682] Trial 85 finished with value: 4.257806777954102 and parameters: {'gradient_clip_val': 0.30170435384959843, 'hidden_size': 40, 'dropout': 0.2746092871918621, 'hidden_continuous_size': 18, 'attention_head_size': 2, 'learning_rate': 0.056396748882722385}. Best is trial 79 with value: 3.796952486038208.
LOCAL_RANK: 0 - CUDA_VISIBLE_DEVICES: [0]
[I 2023-11-30 01:59:52,806] Trial 86 finished with value: 4.593471050262451 and parameters: {'gradient_clip_val': 0.27430930108344337, 'hidden_size': 32, 'dropout': 0.30906743979678136, 'hidden_continuous_size': 15, 'attention_head_size': 2, 'learning_rate': 0.07331477805298413}. Best is trial 79 with value: 3.796952486038208.
LOCAL_RANK: 0 - CUDA_VISIBLE_DEVICES: [0]
[I 2023-11-30 02:00:05,167] Trial 87 finished with value: 5.395323276519775 and parameters: {'gradient_clip_val': 0.19236913557931595, 'hidden_size': 36, 'dropout': 0.3251629678871313, 'hidden_continuous_size': 16, 'attention_head_size': 2, 'learning_rate': 0.052012169292492805}. Best is trial 79 with value: 3.796952486038208.
LOCAL_RANK: 0 - CUDA_VISIBLE_DEVICES: [0]
[I 2023-11-30 02:00:17,609] Trial 88 finished with value: 4.829512119293213 and parameters: {'gradient_clip_val': 0.2521213856713318, 'hidden_size': 30, 'dropout': 0.25696642111941526, 'hidden_continuous_size': 17, 'attention_head_size': 2, 'learning_rate': 0.039209610994512666}. Best is trial 79 with value: 3.796952486038208.
LOCAL_RANK: 0 - CUDA_VISIBLE_DEVICES: [0]
[I 2023-11-30 02:00:30,426] Trial 89 finished with value: 5.22020959854126 and parameters: {'gradient_clip_val': 0.358529053131232, 'hidden_size': 35, 'dropout': 0.2958808398835959, 'hidden_continuous_size': 19, 'attention_head_size': 2, 'learning_rate': 0.09260838181202315}. Best is trial 79 with value: 3.796952486038208.
LOCAL_RANK: 0 - CUDA_VISIBLE_DEVICES: [0]
[I 2023-11-30 02:00:42,840] Trial 90 finished with value: 4.489681243896484 and parameters: {'gradient_clip_val': 0.3409668106251795, 'hidden_size': 40, 'dropout': 0.2683365960976529, 'hidden_continuous_size': 15, 'attention_head_size': 3, 'learning_rate': 0.059542072443171494}. Best is trial 79 with value: 3.796952486038208.
LOCAL_RANK: 0 - CUDA_VISIBLE_DEVICES: [0]
[I 2023-11-30 02:00:55,199] Trial 91 finished with value: 4.408764362335205 and parameters: {'gradient_clip_val': 0.21423258164574255, 'hidden_size': 27, 'dropout': 0.35454830476246113, 'hidden_continuous_size': 14, 'attention_head_size': 2, 'learning_rate': 0.05484742377523738}. Best is trial 79 with value: 3.796952486038208.
LOCAL_RANK: 0 - CUDA_VISIBLE_DEVICES: [0]
[I 2023-11-30 02:01:07,795] Trial 92 finished with value: 4.206241130828857 and parameters: {'gradient_clip_val': 0.22270108722361381, 'hidden_size': 33, 'dropout': 0.3436597201037399, 'hidden_continuous_size': 15, 'attention_head_size': 2, 'learning_rate': 0.06505685123340636}. Best is trial 79 with value: 3.796952486038208.
LOCAL_RANK: 0 - CUDA_VISIBLE_DEVICES: [0]
[I 2023-11-30 02:01:20,127] Trial 93 finished with value: 4.977292060852051 and parameters: {'gradient_clip_val': 0.23366309458206583, 'hidden_size': 26, 'dropout': 0.32988244935706956, 'hidden_continuous_size': 16, 'attention_head_size': 2, 'learning_rate': 0.046295261459157466}. Best is trial 79 with value: 3.796952486038208.
LOCAL_RANK: 0 - CUDA_VISIBLE_DEVICES: [0]
[I 2023-11-30 02:01:32,717] Trial 94 finished with value: 4.3488640785217285 and parameters: {'gradient_clip_val': 0.20363695716758132, 'hidden_size': 29, 'dropout': 0.37719265073797853, 'hidden_continuous_size': 17, 'attention_head_size': 2, 'learning_rate': 0.07863239620573893}. Best is trial 79 with value: 3.796952486038208.
LOCAL_RANK: 0 - CUDA_VISIBLE_DEVICES: [0]
[I 2023-11-30 02:01:45,393] Trial 95 finished with value: 4.1451497077941895 and parameters: {'gradient_clip_val': 0.3884983409515987, 'hidden_size': 45, 'dropout': 0.3390904776734085, 'hidden_continuous_size': 14, 'attention_head_size': 2, 'learning_rate': 0.053167467431666844}. Best is trial 79 with value: 3.796952486038208.
LOCAL_RANK: 0 - CUDA_VISIBLE_DEVICES: [0]
[I 2023-11-30 02:01:58,230] Trial 96 finished with value: 4.699203968048096 and parameters: {'gradient_clip_val': 0.3926370439893061, 'hidden_size': 52, 'dropout': 0.3358270279247177, 'hidden_continuous_size': 23, 'attention_head_size': 2, 'learning_rate': 0.08600699845870359}. Best is trial 79 with value: 3.796952486038208.
LOCAL_RANK: 0 - CUDA_VISIBLE_DEVICES: [0]
[I 2023-11-30 02:02:10,882] Trial 97 finished with value: 4.320723533630371 and parameters: {'gradient_clip_val': 0.320781903357462, 'hidden_size': 45, 'dropout': 0.31508453813852827, 'hidden_continuous_size': 14, 'attention_head_size': 2, 'learning_rate': 0.09910046781444255}. Best is trial 79 with value: 3.796952486038208.
LOCAL_RANK: 0 - CUDA_VISIBLE_DEVICES: [0]
[I 2023-11-30 02:02:23,264] Trial 98 finished with value: 4.788445472717285 and parameters: {'gradient_clip_val': 0.4332158122607588, 'hidden_size': 40, 'dropout': 0.34904633273777336, 'hidden_continuous_size': 15, 'attention_head_size': 2, 'learning_rate': 0.06953790595444544}. Best is trial 79 with value: 3.796952486038208.
LOCAL_RANK: 0 - CUDA_VISIBLE_DEVICES: [0]
[I 2023-11-30 02:02:36,073] Trial 99 finished with value: 3.5153110027313232 and parameters: {'gradient_clip_val': 0.38168909881625085, 'hidden_size': 42, 'dropout': 0.3195594171784683, 'hidden_continuous_size': 10, 'attention_head_size': 2, 'learning_rate': 0.04368483485944448}. Best is trial 99 with value: 3.5153110027313232.
LOCAL_RANK: 0 - CUDA_VISIBLE_DEVICES: [0]
[I 2023-11-30 02:02:48,769] Trial 100 finished with value: 4.77020263671875 and parameters: {'gradient_clip_val': 0.3604062949988708, 'hidden_size': 50, 'dropout': 0.30101251591661893, 'hidden_continuous_size': 10, 'attention_head_size': 2, 'learning_rate': 0.0775782432349886}. Best is trial 99 with value: 3.5153110027313232.
LOCAL_RANK: 0 - CUDA_VISIBLE_DEVICES: [0]
[I 2023-11-30 02:03:01,461] Trial 101 finished with value: 4.795816898345947 and parameters: {'gradient_clip_val': 0.3742063120426485, 'hidden_size': 43, 'dropout': 0.3299230961172216, 'hidden_continuous_size': 10, 'attention_head_size': 2, 'learning_rate': 0.04378969324890561}. Best is trial 99 with value: 3.5153110027313232.
LOCAL_RANK: 0 - CUDA_VISIBLE_DEVICES: [0]
[I 2023-11-30 02:03:13,993] Trial 102 finished with value: 4.57211971282959 and parameters: {'gradient_clip_val': 0.42413349576380305, 'hidden_size': 37, 'dropout': 0.32084523401221, 'hidden_continuous_size': 11, 'attention_head_size': 2, 'learning_rate': 0.0398486932721312}. Best is trial 99 with value: 3.5153110027313232.
LOCAL_RANK: 0 - CUDA_VISIBLE_DEVICES: [0]
[I 2023-11-30 02:03:26,601] Trial 103 finished with value: 4.637363433837891 and parameters: {'gradient_clip_val': 0.39208994322875107, 'hidden_size': 48, 'dropout': 0.3105681147660024, 'hidden_continuous_size': 13, 'attention_head_size': 2, 'learning_rate': 0.0508414266423887}. Best is trial 99 with value: 3.5153110027313232.
LOCAL_RANK: 0 - CUDA_VISIBLE_DEVICES: [0]
[I 2023-11-30 02:03:39,260] Trial 104 finished with value: 4.166920185089111 and parameters: {'gradient_clip_val': 0.34897616791838104, 'hidden_size': 34, 'dropout': 0.3050642835171787, 'hidden_continuous_size': 12, 'attention_head_size': 2, 'learning_rate': 0.060825619416590586}. Best is trial 99 with value: 3.5153110027313232.
LOCAL_RANK: 0 - CUDA_VISIBLE_DEVICES: [0]
[I 2023-11-30 02:03:51,582] Trial 105 finished with value: 4.873653411865234 and parameters: {'gradient_clip_val': 0.3308331449446203, 'hidden_size': 34, 'dropout': 0.28822716655061287, 'hidden_continuous_size': 12, 'attention_head_size': 2, 'learning_rate': 0.05913163901573716}. Best is trial 99 with value: 3.5153110027313232.
LOCAL_RANK: 0 - CUDA_VISIBLE_DEVICES: [0]
[I 2023-11-30 02:04:04,204] Trial 106 finished with value: 4.214371204376221 and parameters: {'gradient_clip_val': 0.3797871683614856, 'hidden_size': 42, 'dropout': 0.30505788534950107, 'hidden_continuous_size': 13, 'attention_head_size': 2, 'learning_rate': 0.06473471157231196}. Best is trial 99 with value: 3.5153110027313232.
LOCAL_RANK: 0 - CUDA_VISIBLE_DEVICES: [0]
[I 2023-11-30 02:04:16,693] Trial 107 finished with value: 4.9924774169921875 and parameters: {'gradient_clip_val': 0.3527586979836784, 'hidden_size': 31, 'dropout': 0.3193235463054548, 'hidden_continuous_size': 12, 'attention_head_size': 2, 'learning_rate': 0.049210285072161325}. Best is trial 99 with value: 3.5153110027313232.
LOCAL_RANK: 0 - CUDA_VISIBLE_DEVICES: [0]
[I 2023-11-30 02:04:29,225] Trial 108 finished with value: 4.592757701873779 and parameters: {'gradient_clip_val': 0.30929562342226563, 'hidden_size': 38, 'dropout': 0.2946533896274098, 'hidden_continuous_size': 11, 'attention_head_size': 2, 'learning_rate': 0.06972867510423587}. Best is trial 99 with value: 3.5153110027313232.
LOCAL_RANK: 0 - CUDA_VISIBLE_DEVICES: [0]
[I 2023-11-30 02:04:41,923] Trial 109 finished with value: 3.8200552463531494 and parameters: {'gradient_clip_val': 0.34560563757728907, 'hidden_size': 35, 'dropout': 0.3388343440693197, 'hidden_continuous_size': 11, 'attention_head_size': 2, 'learning_rate': 0.08040717089089765}. Best is trial 99 with value: 3.5153110027313232.
LOCAL_RANK: 0 - CUDA_VISIBLE_DEVICES: [0]
[I 2023-11-30 02:04:54,316] Trial 110 finished with value: 3.952362298965454 and parameters: {'gradient_clip_val': 0.3435671231104923, 'hidden_size': 35, 'dropout': 0.2784420230263458, 'hidden_continuous_size': 11, 'attention_head_size': 2, 'learning_rate': 0.08247724806164784}. Best is trial 99 with value: 3.5153110027313232.
LOCAL_RANK: 0 - CUDA_VISIBLE_DEVICES: [0]
[I 2023-11-30 02:05:06,630] Trial 111 finished with value: 5.009099960327148 and parameters: {'gradient_clip_val': 0.34332272507571965, 'hidden_size': 34, 'dropout': 0.28055933100009467, 'hidden_continuous_size': 11, 'attention_head_size': 2, 'learning_rate': 0.08200315731580902}. Best is trial 99 with value: 3.5153110027313232.
LOCAL_RANK: 0 - CUDA_VISIBLE_DEVICES: [0]
[I 2023-11-30 02:05:19,221] Trial 112 finished with value: 5.02053689956665 and parameters: {'gradient_clip_val': 0.4045700912855673, 'hidden_size': 46, 'dropout': 0.30322634652565217, 'hidden_continuous_size': 10, 'attention_head_size': 2, 'learning_rate': 0.089606191740868}. Best is trial 99 with value: 3.5153110027313232.
LOCAL_RANK: 0 - CUDA_VISIBLE_DEVICES: [0]
[I 2023-11-30 02:05:31,679] Trial 113 finished with value: 3.755537986755371 and parameters: {'gradient_clip_val': 0.37016516405669453, 'hidden_size': 42, 'dropout': 0.31107342907710944, 'hidden_continuous_size': 11, 'attention_head_size': 2, 'learning_rate': 0.07458858160257881}. Best is trial 99 with value: 3.5153110027313232.
LOCAL_RANK: 0 - CUDA_VISIBLE_DEVICES: [0]
[I 2023-11-30 02:05:44,392] Trial 114 finished with value: 4.01392936706543 and parameters: {'gradient_clip_val': 0.3667141999315183, 'hidden_size': 41, 'dropout': 0.2616084722080381, 'hidden_continuous_size': 11, 'attention_head_size': 2, 'learning_rate': 0.07406645018638675}. Best is trial 99 with value: 3.5153110027313232.
LOCAL_RANK: 0 - CUDA_VISIBLE_DEVICES: [0]
[I 2023-11-30 02:05:56,858] Trial 115 finished with value: 4.646239757537842 and parameters: {'gradient_clip_val': 0.36966734329589757, 'hidden_size': 42, 'dropout': 0.2603993249943754, 'hidden_continuous_size': 10, 'attention_head_size': 2, 'learning_rate': 0.07399077286371564}. Best is trial 99 with value: 3.5153110027313232.
LOCAL_RANK: 0 - CUDA_VISIBLE_DEVICES: [0]
[I 2023-11-30 02:06:09,280] Trial 116 finished with value: 3.752452850341797 and parameters: {'gradient_clip_val': 0.3269459285140332, 'hidden_size': 40, 'dropout': 0.24863478048307946, 'hidden_continuous_size': 11, 'attention_head_size': 2, 'learning_rate': 0.09307459004174355}. Best is trial 99 with value: 3.5153110027313232.
LOCAL_RANK: 0 - CUDA_VISIBLE_DEVICES: [0]
[I 2023-11-30 02:06:21,608] Trial 117 finished with value: 4.876774311065674 and parameters: {'gradient_clip_val': 0.3229565913274822, 'hidden_size': 40, 'dropout': 0.24882218668644934, 'hidden_continuous_size': 11, 'attention_head_size': 2, 'learning_rate': 0.09958917968471744}. Best is trial 99 with value: 3.5153110027313232.
LOCAL_RANK: 0 - CUDA_VISIBLE_DEVICES: [0]
[I 2023-11-30 02:06:33,984] Trial 118 finished with value: 4.277586936950684 and parameters: {'gradient_clip_val': 0.3011952029670857, 'hidden_size': 36, 'dropout': 0.2698526649561706, 'hidden_continuous_size': 11, 'attention_head_size': 2, 'learning_rate': 0.08628515618172825}. Best is trial 99 with value: 3.5153110027313232.
LOCAL_RANK: 0 - CUDA_VISIBLE_DEVICES: [0]
[I 2023-11-30 02:06:46,684] Trial 119 finished with value: 5.456705093383789 and parameters: {'gradient_clip_val': 0.2875832695015115, 'hidden_size': 42, 'dropout': 0.26298251858085464, 'hidden_continuous_size': 10, 'attention_head_size': 2, 'learning_rate': 0.07912174433929214}. Best is trial 99 with value: 3.5153110027313232.
LOCAL_RANK: 0 - CUDA_VISIBLE_DEVICES: [0]
[I 2023-11-30 02:06:59,572] Trial 120 finished with value: 4.51443338394165 and parameters: {'gradient_clip_val': 0.33920347619514696, 'hidden_size': 49, 'dropout': 0.23458703265408157, 'hidden_continuous_size': 11, 'attention_head_size': 4, 'learning_rate': 0.06918393550269943}. Best is trial 99 with value: 3.5153110027313232.
LOCAL_RANK: 0 - CUDA_VISIBLE_DEVICES: [0]
[I 2023-11-30 02:07:12,145] Trial 121 finished with value: 4.561177730560303 and parameters: {'gradient_clip_val': 0.3891883779170283, 'hidden_size': 45, 'dropout': 0.2129526685934658, 'hidden_continuous_size': 10, 'attention_head_size': 2, 'learning_rate': 0.07472243956846537}. Best is trial 99 with value: 3.5153110027313232.
LOCAL_RANK: 0 - CUDA_VISIBLE_DEVICES: [0]
[I 2023-11-30 02:07:24,722] Trial 122 finished with value: 4.548256874084473 and parameters: {'gradient_clip_val': 0.3634404214033092, 'hidden_size': 39, 'dropout': 0.2817640479946122, 'hidden_continuous_size': 11, 'attention_head_size': 2, 'learning_rate': 0.09262915020033842}. Best is trial 99 with value: 3.5153110027313232.
LOCAL_RANK: 0 - CUDA_VISIBLE_DEVICES: [0]
[I 2023-11-30 02:07:37,281] Trial 123 finished with value: 5.0725226402282715 and parameters: {'gradient_clip_val': 0.40877804523921424, 'hidden_size': 46, 'dropout': 0.2525638165207946, 'hidden_continuous_size': 12, 'attention_head_size': 2, 'learning_rate': 0.06544268566803073}. Best is trial 99 with value: 3.5153110027313232.
LOCAL_RANK: 0 - CUDA_VISIBLE_DEVICES: [0]
[I 2023-11-30 02:07:50,159] Trial 124 finished with value: 4.83212947845459 and parameters: {'gradient_clip_val': 0.33211588902771094, 'hidden_size': 55, 'dropout': 0.2755066111317266, 'hidden_continuous_size': 13, 'attention_head_size': 2, 'learning_rate': 0.08313390435827075}. Best is trial 99 with value: 3.5153110027313232.
LOCAL_RANK: 0 - CUDA_VISIBLE_DEVICES: [0]
[I 2023-11-30 02:08:02,979] Trial 125 finished with value: 4.546145915985107 and parameters: {'gradient_clip_val': 0.31148040145785927, 'hidden_size': 44, 'dropout': 0.2883431630035472, 'hidden_continuous_size': 19, 'attention_head_size': 2, 'learning_rate': 0.05710669270752131}. Best is trial 99 with value: 3.5153110027313232.
LOCAL_RANK: 0 - CUDA_VISIBLE_DEVICES: [0]
[I 2023-11-30 02:08:15,636] Trial 126 finished with value: 3.5271196365356445 and parameters: {'gradient_clip_val': 0.3786452584586354, 'hidden_size': 41, 'dropout': 0.2665342299628033, 'hidden_continuous_size': 11, 'attention_head_size': 2, 'learning_rate': 0.09329623956744014}. Best is trial 99 with value: 3.5153110027313232.
LOCAL_RANK: 0 - CUDA_VISIBLE_DEVICES: [0]
[I 2023-11-30 02:08:27,832] Trial 127 finished with value: 4.579343795776367 and parameters: {'gradient_clip_val': 0.44974900279120006, 'hidden_size': 36, 'dropout': 0.26571072919812144, 'hidden_continuous_size': 11, 'attention_head_size': 2, 'learning_rate': 0.09135698135625181}. Best is trial 99 with value: 3.5153110027313232.
LOCAL_RANK: 0 - CUDA_VISIBLE_DEVICES: [0]
[I 2023-11-30 02:08:40,190] Trial 128 finished with value: 4.0631422996521 and parameters: {'gradient_clip_val': 0.35629516731994393, 'hidden_size': 40, 'dropout': 0.25406609677484215, 'hidden_continuous_size': 11, 'attention_head_size': 2, 'learning_rate': 0.07357570857843047}. Best is trial 99 with value: 3.5153110027313232.
LOCAL_RANK: 0 - CUDA_VISIBLE_DEVICES: [0]
[I 2023-11-30 02:08:52,775] Trial 129 finished with value: 4.585544586181641 and parameters: {'gradient_clip_val': 0.42071505253435887, 'hidden_size': 41, 'dropout': 0.2463321815657382, 'hidden_continuous_size': 10, 'attention_head_size': 2, 'learning_rate': 0.08198065130862982}. Best is trial 99 with value: 3.5153110027313232.
LOCAL_RANK: 0 - CUDA_VISIBLE_DEVICES: [0]
[I 2023-11-30 02:09:04,797] Trial 130 finished with value: 4.547029495239258 and parameters: {'gradient_clip_val': 0.36123652927665056, 'hidden_size': 32, 'dropout': 0.2555093602728547, 'hidden_continuous_size': 11, 'attention_head_size': 2, 'learning_rate': 0.09912970244807016}. Best is trial 99 with value: 3.5153110027313232.
LOCAL_RANK: 0 - CUDA_VISIBLE_DEVICES: [0]
[I 2023-11-30 02:09:17,358] Trial 131 finished with value: 4.4315338134765625 and parameters: {'gradient_clip_val': 0.3226762188967246, 'hidden_size': 38, 'dropout': 0.24361070759263392, 'hidden_continuous_size': 12, 'attention_head_size': 2, 'learning_rate': 0.07521742062061781}. Best is trial 99 with value: 3.5153110027313232.
LOCAL_RANK: 0 - CUDA_VISIBLE_DEVICES: [0]
[I 2023-11-30 02:09:29,783] Trial 132 finished with value: 4.833162784576416 and parameters: {'gradient_clip_val': 0.3719786277948838, 'hidden_size': 38, 'dropout': 0.2724995115125383, 'hidden_continuous_size': 11, 'attention_head_size': 2, 'learning_rate': 0.06944182473458645}. Best is trial 99 with value: 3.5153110027313232.
LOCAL_RANK: 0 - CUDA_VISIBLE_DEVICES: [0]
[I 2023-11-30 02:09:42,253] Trial 133 finished with value: 4.440279483795166 and parameters: {'gradient_clip_val': 0.35194445379908, 'hidden_size': 41, 'dropout': 0.2603974000422247, 'hidden_continuous_size': 12, 'attention_head_size': 2, 'learning_rate': 0.09106663221313237}. Best is trial 99 with value: 3.5153110027313232.
LOCAL_RANK: 0 - CUDA_VISIBLE_DEVICES: [0]
[I 2023-11-30 02:09:54,757] Trial 134 finished with value: 4.799007415771484 and parameters: {'gradient_clip_val': 0.2824567842974553, 'hidden_size': 35, 'dropout': 0.23789350526409087, 'hidden_continuous_size': 11, 'attention_head_size': 2, 'learning_rate': 0.06392329419742171}. Best is trial 99 with value: 3.5153110027313232.
LOCAL_RANK: 0 - CUDA_VISIBLE_DEVICES: [0]
[I 2023-11-30 02:10:07,247] Trial 135 finished with value: 5.2953572273254395 and parameters: {'gradient_clip_val': 0.29794199479618205, 'hidden_size': 40, 'dropout': 0.28073341150786746, 'hidden_continuous_size': 10, 'attention_head_size': 2, 'learning_rate': 0.08135303164395814}. Best is trial 99 with value: 3.5153110027313232.
LOCAL_RANK: 0 - CUDA_VISIBLE_DEVICES: [0]
