[I 2023-11-30 01:05:35,399] Trial 144 finished with value: 4.027299880981445 and parameters: {'gradient_clip_val': 0.9593449968404173, 'hidden_size': 52, 'dropout': 0.1664380074779915, 'hidden_continuous_size': 18, 'attention_head_size': 4, 'learning_rate': 0.04030913121722312}. Best is trial 84 with value: 2.8925230503082275.
LOCAL_RANK: 0 - CUDA_VISIBLE_DEVICES: [0]
[I 2023-11-30 01:05:48,746] Trial 145 finished with value: 3.5383336544036865 and parameters: {'gradient_clip_val': 0.7197530515086811, 'hidden_size': 43, 'dropout': 0.2146900301272817, 'hidden_continuous_size': 36, 'attention_head_size': 4, 'learning_rate': 0.05456398654752446}. Best is trial 84 with value: 2.8925230503082275.
LOCAL_RANK: 0 - CUDA_VISIBLE_DEVICES: [0]
[I 2023-11-30 01:06:02,406] Trial 146 finished with value: 4.51462459564209 and parameters: {'gradient_clip_val': 0.593092675792716, 'hidden_size': 112, 'dropout': 0.1405431192748923, 'hidden_continuous_size': 23, 'attention_head_size': 3, 'learning_rate': 0.042824494549162886}. Best is trial 84 with value: 2.8925230503082275.
LOCAL_RANK: 0 - CUDA_VISIBLE_DEVICES: [0]
[I 2023-11-30 01:06:15,761] Trial 147 finished with value: 3.2533254623413086 and parameters: {'gradient_clip_val': 0.8906398672865427, 'hidden_size': 63, 'dropout': 0.13267269283836236, 'hidden_continuous_size': 24, 'attention_head_size': 2, 'learning_rate': 0.03198516435672544}. Best is trial 84 with value: 2.8925230503082275.
LOCAL_RANK: 0 - CUDA_VISIBLE_DEVICES: [0]
[I 2023-11-30 01:06:28,941] Trial 148 finished with value: 3.445951461791992 and parameters: {'gradient_clip_val': 0.797839305646463, 'hidden_size': 57, 'dropout': 0.15324768401521166, 'hidden_continuous_size': 21, 'attention_head_size': 4, 'learning_rate': 0.033705977150704475}. Best is trial 84 with value: 2.8925230503082275.
LOCAL_RANK: 0 - CUDA_VISIBLE_DEVICES: [0]
[I 2023-11-30 01:06:42,275] Trial 149 finished with value: 3.363825559616089 and parameters: {'gradient_clip_val': 0.690612008648402, 'hidden_size': 84, 'dropout': 0.11445358456518155, 'hidden_continuous_size': 19, 'attention_head_size': 2, 'learning_rate': 0.02540028439903449}. Best is trial 84 with value: 2.8925230503082275.
[I 2023-11-30 01:06:42,384] A new study created in memory with name: no-name-4b02f042-3092-4b89-9480-767557ef9ee4
/home/le004/conda/anaconda3/envs/tsff_env/lib/python3.9/site-packages/lightning/fabric/plugins/environments/slurm.py:191: The `srun` command is available on your system but is not used. HINT: If your intention is to run Lightning on SLURM, prepend your python command with `srun` like so: srun python /home/le004/master_thesis/git/TSFusionForecast/code/ ...
LOCAL_RANK: 0 - CUDA_VISIBLE_DEVICES: [0]
[I 2023-11-30 01:06:54,557] Trial 0 finished with value: 5.610424041748047 and parameters: {'gradient_clip_val': 0.11923383816849317, 'hidden_size': 15, 'dropout': 0.324123482946464, 'hidden_continuous_size': 14, 'attention_head_size': 1, 'learning_rate': 0.03442049527476962}. Best is trial 0 with value: 5.610424041748047.
LOCAL_RANK: 0 - CUDA_VISIBLE_DEVICES: [0]
[I 2023-11-30 01:07:07,886] Trial 1 finished with value: 16.008073806762695 and parameters: {'gradient_clip_val': 0.17080825667781768, 'hidden_size': 82, 'dropout': 0.2908612995115103, 'hidden_continuous_size': 11, 'attention_head_size': 4, 'learning_rate': 0.0013890889357925306}. Best is trial 0 with value: 5.610424041748047.
LOCAL_RANK: 0 - CUDA_VISIBLE_DEVICES: [0]
[I 2023-11-30 01:07:20,094] Trial 2 finished with value: 5.973518371582031 and parameters: {'gradient_clip_val': 0.1719985551546472, 'hidden_size': 26, 'dropout': 0.11884659894356618, 'hidden_continuous_size': 18, 'attention_head_size': 1, 'learning_rate': 0.010388111693820288}. Best is trial 0 with value: 5.610424041748047.
LOCAL_RANK: 0 - CUDA_VISIBLE_DEVICES: [0]
[I 2023-11-30 01:07:32,226] Trial 3 finished with value: 20.433393478393555 and parameters: {'gradient_clip_val': 0.21986893162606813, 'hidden_size': 23, 'dropout': 0.2558568118276934, 'hidden_continuous_size': 10, 'attention_head_size': 2, 'learning_rate': 0.0027963897831300433}. Best is trial 0 with value: 5.610424041748047.
LOCAL_RANK: 0 - CUDA_VISIBLE_DEVICES: [0]
[I 2023-11-30 01:07:45,347] Trial 4 finished with value: 5.193624973297119 and parameters: {'gradient_clip_val': 0.7164104667262361, 'hidden_size': 62, 'dropout': 0.25479767963783223, 'hidden_continuous_size': 16, 'attention_head_size': 4, 'learning_rate': 0.005412511845878901}. Best is trial 4 with value: 5.193624973297119.
LOCAL_RANK: 0 - CUDA_VISIBLE_DEVICES: [0]
[I 2023-11-30 01:07:57,662] Trial 5 finished with value: 18.882776260375977 and parameters: {'gradient_clip_val': 0.294368778181398, 'hidden_size': 23, 'dropout': 0.1368519895023187, 'hidden_continuous_size': 10, 'attention_head_size': 3, 'learning_rate': 0.0015074037607588973}. Best is trial 4 with value: 5.193624973297119.
LOCAL_RANK: 0 - CUDA_VISIBLE_DEVICES: [0]
[I 2023-11-30 01:08:10,848] Trial 6 finished with value: 5.457748889923096 and parameters: {'gradient_clip_val': 0.30088301527406663, 'hidden_size': 48, 'dropout': 0.15263756175519227, 'hidden_continuous_size': 44, 'attention_head_size': 3, 'learning_rate': 0.018547037994693077}. Best is trial 4 with value: 5.193624973297119.
LOCAL_RANK: 0 - CUDA_VISIBLE_DEVICES: [0]
[I 2023-11-30 01:08:23,020] Trial 7 finished with value: 18.506221771240234 and parameters: {'gradient_clip_val': 0.4054659633786008, 'hidden_size': 26, 'dropout': 0.385803317031321, 'hidden_continuous_size': 10, 'attention_head_size': 4, 'learning_rate': 0.0011064805257180535}. Best is trial 4 with value: 5.193624973297119.
LOCAL_RANK: 0 - CUDA_VISIBLE_DEVICES: [0]
[I 2023-11-30 01:08:35,227] Trial 8 finished with value: 6.0718674659729 and parameters: {'gradient_clip_val': 0.29585265556730905, 'hidden_size': 21, 'dropout': 0.2918518329608505, 'hidden_continuous_size': 14, 'attention_head_size': 2, 'learning_rate': 0.025085085578026398}. Best is trial 4 with value: 5.193624973297119.
LOCAL_RANK: 0 - CUDA_VISIBLE_DEVICES: [0]
[I 2023-11-30 01:08:49,376] Trial 9 finished with value: 5.538487911224365 and parameters: {'gradient_clip_val': 0.6882938430289623, 'hidden_size': 142, 'dropout': 0.31835068607617295, 'hidden_continuous_size': 17, 'attention_head_size': 3, 'learning_rate': 0.09475447173100791}. Best is trial 4 with value: 5.193624973297119.
LOCAL_RANK: 0 - CUDA_VISIBLE_DEVICES: [0]
[I 2023-11-30 01:09:02,704] Trial 10 finished with value: 5.993463039398193 and parameters: {'gradient_clip_val': 0.9319622393320988, 'hidden_size': 50, 'dropout': 0.19814678912739503, 'hidden_continuous_size': 25, 'attention_head_size': 4, 'learning_rate': 0.004530486433511512}. Best is trial 4 with value: 5.193624973297119.
LOCAL_RANK: 0 - CUDA_VISIBLE_DEVICES: [0]
[I 2023-11-30 01:09:16,205] Trial 11 finished with value: 5.484615325927734 and parameters: {'gradient_clip_val': 0.49724350794306477, 'hidden_size': 51, 'dropout': 0.19266125199869927, 'hidden_continuous_size': 47, 'attention_head_size': 3, 'learning_rate': 0.008830170323505247}. Best is trial 4 with value: 5.193624973297119.
LOCAL_RANK: 0 - CUDA_VISIBLE_DEVICES: [0]
[I 2023-11-30 01:09:29,282] Trial 12 finished with value: 6.1212944984436035 and parameters: {'gradient_clip_val': 0.5213115489373186, 'hidden_size': 46, 'dropout': 0.19863956014660344, 'hidden_continuous_size': 25, 'attention_head_size': 4, 'learning_rate': 0.009551053287441338}. Best is trial 4 with value: 5.193624973297119.
LOCAL_RANK: 0 - CUDA_VISIBLE_DEVICES: [0]
[I 2023-11-30 01:09:39,615] Trial 13 finished with value: 18.28451156616211 and parameters: {'gradient_clip_val': 0.9425034957667761, 'hidden_size': 10, 'dropout': 0.10259159617523544, 'hidden_continuous_size': 10, 'attention_head_size': 3, 'learning_rate': 0.004836877954922363}. Best is trial 4 with value: 5.193624973297119.
LOCAL_RANK: 0 - CUDA_VISIBLE_DEVICES: [0]
[I 2023-11-30 01:09:53,178] Trial 14 finished with value: 6.8234734535217285 and parameters: {'gradient_clip_val': 0.39135311205505, 'hidden_size': 72, 'dropout': 0.16756478961777466, 'hidden_continuous_size': 50, 'attention_head_size': 2, 'learning_rate': 0.01687149764181814}. Best is trial 4 with value: 5.193624973297119.
LOCAL_RANK: 0 - CUDA_VISIBLE_DEVICES: [0]
[I 2023-11-30 01:10:07,168] Trial 15 finished with value: 5.317300319671631 and parameters: {'gradient_clip_val': 0.6708980193807658, 'hidden_size': 78, 'dropout': 0.23078122131031123, 'hidden_continuous_size': 37, 'attention_head_size': 4, 'learning_rate': 0.003791740173253487}. Best is trial 4 with value: 5.193624973297119.
LOCAL_RANK: 0 - CUDA_VISIBLE_DEVICES: [0]
[I 2023-11-30 01:10:20,689] Trial 16 finished with value: 6.326265811920166 and parameters: {'gradient_clip_val': 0.6965321916667175, 'hidden_size': 84, 'dropout': 0.23911326075173234, 'hidden_continuous_size': 34, 'attention_head_size': 4, 'learning_rate': 0.0025716289834859848}. Best is trial 4 with value: 5.193624973297119.
LOCAL_RANK: 0 - CUDA_VISIBLE_DEVICES: [0]
[I 2023-11-30 01:10:35,368] Trial 17 finished with value: 4.591183185577393 and parameters: {'gradient_clip_val': 0.682139136963079, 'hidden_size': 129, 'dropout': 0.23977801749626484, 'hidden_continuous_size': 80, 'attention_head_size': 4, 'learning_rate': 0.004232539902328189}. Best is trial 17 with value: 4.591183185577393.
LOCAL_RANK: 0 - CUDA_VISIBLE_DEVICES: [0]
[I 2023-11-30 01:10:50,079] Trial 18 finished with value: 4.809797763824463 and parameters: {'gradient_clip_val': 0.872272162008619, 'hidden_size': 150, 'dropout': 0.24892789383796568, 'hidden_continuous_size': 88, 'attention_head_size': 4, 'learning_rate': 0.006796597620715128}. Best is trial 17 with value: 4.591183185577393.
LOCAL_RANK: 0 - CUDA_VISIBLE_DEVICES: [0]
[I 2023-11-30 01:11:04,838] Trial 19 finished with value: 5.372007369995117 and parameters: {'gradient_clip_val': 0.9109522647767138, 'hidden_size': 139, 'dropout': 0.22497467118030062, 'hidden_continuous_size': 87, 'attention_head_size': 3, 'learning_rate': 0.002187051728505263}. Best is trial 17 with value: 4.591183185577393.
LOCAL_RANK: 0 - CUDA_VISIBLE_DEVICES: [0]
[I 2023-11-30 01:11:19,308] Trial 20 finished with value: 5.283785820007324 and parameters: {'gradient_clip_val': 0.9959481943445911, 'hidden_size': 106, 'dropout': 0.17557122733223562, 'hidden_continuous_size': 102, 'attention_head_size': 4, 'learning_rate': 0.0062836434093506924}. Best is trial 17 with value: 4.591183185577393.
LOCAL_RANK: 0 - CUDA_VISIBLE_DEVICES: [0]
[I 2023-11-30 01:11:34,139] Trial 21 finished with value: 6.978633880615234 and parameters: {'gradient_clip_val': 0.7539208345833175, 'hidden_size': 148, 'dropout': 0.2589312134623126, 'hidden_continuous_size': 135, 'attention_head_size': 4, 'learning_rate': 0.005438178767901501}. Best is trial 17 with value: 4.591183185577393.
LOCAL_RANK: 0 - CUDA_VISIBLE_DEVICES: [0]
[I 2023-11-30 01:11:48,449] Trial 22 finished with value: 5.325230121612549 and parameters: {'gradient_clip_val': 0.5598951746515204, 'hidden_size': 115, 'dropout': 0.22088993535692236, 'hidden_continuous_size': 72, 'attention_head_size': 4, 'learning_rate': 0.0033364438562596137}. Best is trial 17 with value: 4.591183185577393.
LOCAL_RANK: 0 - CUDA_VISIBLE_DEVICES: [0]
[I 2023-11-30 01:12:02,770] Trial 23 finished with value: 5.933692932128906 and parameters: {'gradient_clip_val': 0.7843504918035579, 'hidden_size': 107, 'dropout': 0.2651493385355845, 'hidden_continuous_size': 69, 'attention_head_size': 4, 'learning_rate': 0.006181052003834428}. Best is trial 17 with value: 4.591183185577393.
LOCAL_RANK: 0 - CUDA_VISIBLE_DEVICES: [0]
[I 2023-11-30 01:12:16,448] Trial 24 finished with value: 6.952266693115234 and parameters: {'gradient_clip_val': 0.6114571478436804, 'hidden_size': 63, 'dropout': 0.2702495449932367, 'hidden_continuous_size': 29, 'attention_head_size': 3, 'learning_rate': 0.003467547860411931}. Best is trial 17 with value: 4.591183185577393.
LOCAL_RANK: 0 - CUDA_VISIBLE_DEVICES: [0]
[I 2023-11-30 01:12:30,486] Trial 25 finished with value: 5.724819183349609 and parameters: {'gradient_clip_val': 0.8455522762119674, 'hidden_size': 101, 'dropout': 0.2300560963972893, 'hidden_continuous_size': 54, 'attention_head_size': 4, 'learning_rate': 0.0021129810616511207}. Best is trial 17 with value: 4.591183185577393.
LOCAL_RANK: 0 - CUDA_VISIBLE_DEVICES: [0]
[I 2023-11-30 01:12:44,733] Trial 26 finished with value: 4.373775482177734 and parameters: {'gradient_clip_val': 0.8033417196009348, 'hidden_size': 126, 'dropout': 0.2068735406355417, 'hidden_continuous_size': 58, 'attention_head_size': 3, 'learning_rate': 0.008311237983719286}. Best is trial 26 with value: 4.373775482177734.
LOCAL_RANK: 0 - CUDA_VISIBLE_DEVICES: [0]
[I 2023-11-30 01:12:58,832] Trial 27 finished with value: 4.899296283721924 and parameters: {'gradient_clip_val': 0.7773828791969121, 'hidden_size': 123, 'dropout': 0.2161094622845386, 'hidden_continuous_size': 62, 'attention_head_size': 2, 'learning_rate': 0.007847516311386202}. Best is trial 26 with value: 4.373775482177734.
LOCAL_RANK: 0 - CUDA_VISIBLE_DEVICES: [0]
[I 2023-11-30 01:13:12,792] Trial 28 finished with value: 7.671009540557861 and parameters: {'gradient_clip_val': 0.5948013132775577, 'hidden_size': 94, 'dropout': 0.20381707625801593, 'hidden_continuous_size': 58, 'attention_head_size': 3, 'learning_rate': 0.010882672756202168}. Best is trial 26 with value: 4.373775482177734.
LOCAL_RANK: 0 - CUDA_VISIBLE_DEVICES: [0]
[I 2023-11-30 01:13:27,147] Trial 29 finished with value: 4.380941867828369 and parameters: {'gradient_clip_val': 0.4732517630724486, 'hidden_size': 124, 'dropout': 0.17445926662375755, 'hidden_continuous_size': 83, 'attention_head_size': 3, 'learning_rate': 0.012654480449954356}. Best is trial 26 with value: 4.373775482177734.
LOCAL_RANK: 0 - CUDA_VISIBLE_DEVICES: [0]
[I 2023-11-30 01:13:41,394] Trial 30 finished with value: 5.9597344398498535 and parameters: {'gradient_clip_val': 0.4684603626388846, 'hidden_size': 125, 'dropout': 0.17731290518154338, 'hidden_continuous_size': 70, 'attention_head_size': 1, 'learning_rate': 0.01339803304483959}. Best is trial 26 with value: 4.373775482177734.
LOCAL_RANK: 0 - CUDA_VISIBLE_DEVICES: [0]
[I 2023-11-30 01:13:55,637] Trial 31 finished with value: 4.936529636383057 and parameters: {'gradient_clip_val': 0.8316553703785479, 'hidden_size': 125, 'dropout': 0.21083264479116964, 'hidden_continuous_size': 84, 'attention_head_size': 3, 'learning_rate': 0.0073605727698137485}. Best is trial 26 with value: 4.373775482177734.
LOCAL_RANK: 0 - CUDA_VISIBLE_DEVICES: [0]
[I 2023-11-30 01:14:10,477] Trial 32 finished with value: 6.140909671783447 and parameters: {'gradient_clip_val': 0.609910198105121, 'hidden_size': 147, 'dropout': 0.2403689168008238, 'hidden_continuous_size': 104, 'attention_head_size': 3, 'learning_rate': 0.0124114424591396}. Best is trial 26 with value: 4.373775482177734.
LOCAL_RANK: 0 - CUDA_VISIBLE_DEVICES: [0]
[I 2023-11-30 01:14:24,325] Trial 33 finished with value: 4.946313381195068 and parameters: {'gradient_clip_val': 0.6211621372947543, 'hidden_size': 96, 'dropout': 0.15751835361351232, 'hidden_continuous_size': 60, 'attention_head_size': 2, 'learning_rate': 0.008759467878974407}. Best is trial 26 with value: 4.373775482177734.
LOCAL_RANK: 0 - CUDA_VISIBLE_DEVICES: [0]
[I 2023-11-30 01:14:38,140] Trial 34 finished with value: 4.5263495445251465 and parameters: {'gradient_clip_val': 0.101553675268897, 'hidden_size': 94, 'dropout': 0.18689070736101546, 'hidden_continuous_size': 63, 'attention_head_size': 3, 'learning_rate': 0.007616472102607432}. Best is trial 26 with value: 4.373775482177734.
LOCAL_RANK: 0 - CUDA_VISIBLE_DEVICES: [0]
[I 2023-11-30 01:14:52,166] Trial 35 finished with value: 5.757395267486572 and parameters: {'gradient_clip_val': 0.11206929497051091, 'hidden_size': 89, 'dropout': 0.18593807866848527, 'hidden_continuous_size': 54, 'attention_head_size': 2, 'learning_rate': 0.004445562487944685}. Best is trial 26 with value: 4.373775482177734.
LOCAL_RANK: 0 - CUDA_VISIBLE_DEVICES: [0]
[I 2023-11-30 01:15:06,171] Trial 36 finished with value: 6.597360134124756 and parameters: {'gradient_clip_val': 0.10725477163126394, 'hidden_size': 114, 'dropout': 0.1394851092655664, 'hidden_continuous_size': 42, 'attention_head_size': 3, 'learning_rate': 0.01262842274907453}. Best is trial 26 with value: 4.373775482177734.
LOCAL_RANK: 0 - CUDA_VISIBLE_DEVICES: [0]
[I 2023-11-30 01:15:19,774] Trial 37 finished with value: 6.033571243286133 and parameters: {'gradient_clip_val': 0.17581345992460967, 'hidden_size': 77, 'dropout': 0.18368034740316078, 'hidden_continuous_size': 52, 'attention_head_size': 1, 'learning_rate': 0.00686666611383187}. Best is trial 26 with value: 4.373775482177734.
LOCAL_RANK: 0 - CUDA_VISIBLE_DEVICES: [0]
[I 2023-11-30 01:15:33,701] Trial 38 finished with value: 6.356298923492432 and parameters: {'gradient_clip_val': 0.13680639183696228, 'hidden_size': 100, 'dropout': 0.1583081782984006, 'hidden_continuous_size': 63, 'attention_head_size': 3, 'learning_rate': 0.015587065580895895}. Best is trial 26 with value: 4.373775482177734.
LOCAL_RANK: 0 - CUDA_VISIBLE_DEVICES: [0]
[I 2023-11-30 01:15:47,451] Trial 39 finished with value: 4.580850124359131 and parameters: {'gradient_clip_val': 0.2323532952854073, 'hidden_size': 88, 'dropout': 0.13423470982738425, 'hidden_continuous_size': 45, 'attention_head_size': 3, 'learning_rate': 0.009536032584486527}. Best is trial 26 with value: 4.373775482177734.
LOCAL_RANK: 0 - CUDA_VISIBLE_DEVICES: [0]
[I 2023-11-30 01:16:01,115] Trial 40 finished with value: 6.095893383026123 and parameters: {'gradient_clip_val': 0.2411339036268698, 'hidden_size': 68, 'dropout': 0.12897272722305092, 'hidden_continuous_size': 46, 'attention_head_size': 3, 'learning_rate': 0.019787959457666288}. Best is trial 26 with value: 4.373775482177734.
LOCAL_RANK: 0 - CUDA_VISIBLE_DEVICES: [0]
[I 2023-11-30 01:16:14,900] Trial 41 finished with value: 6.9036383628845215 and parameters: {'gradient_clip_val': 0.12816820741062362, 'hidden_size': 89, 'dropout': 0.14997278832285954, 'hidden_continuous_size': 57, 'attention_head_size': 3, 'learning_rate': 0.009605807242852794}. Best is trial 26 with value: 4.373775482177734.
LOCAL_RANK: 0 - CUDA_VISIBLE_DEVICES: [0]
[I 2023-11-30 01:16:29,286] Trial 42 finished with value: 5.6494269371032715 and parameters: {'gradient_clip_val': 0.3502912727254175, 'hidden_size': 123, 'dropout': 0.17267705725568816, 'hidden_continuous_size': 79, 'attention_head_size': 3, 'learning_rate': 0.011260670444491071}. Best is trial 26 with value: 4.373775482177734.
LOCAL_RANK: 0 - CUDA_VISIBLE_DEVICES: [0]
[I 2023-11-30 01:16:42,929] Trial 43 finished with value: 4.7733378410339355 and parameters: {'gradient_clip_val': 0.26354778519968464, 'hidden_size': 80, 'dropout': 0.2114476119260894, 'hidden_continuous_size': 50, 'attention_head_size': 2, 'learning_rate': 0.007552103549601903}. Best is trial 26 with value: 4.373775482177734.
LOCAL_RANK: 0 - CUDA_VISIBLE_DEVICES: [0]
[I 2023-11-30 01:16:56,831] Trial 44 finished with value: 6.255107879638672 and parameters: {'gradient_clip_val': 0.20638835579430556, 'hidden_size': 113, 'dropout': 0.18681458540482548, 'hidden_continuous_size': 41, 'attention_head_size': 3, 'learning_rate': 0.00541223608079432}. Best is trial 26 with value: 4.373775482177734.
LOCAL_RANK: 0 - CUDA_VISIBLE_DEVICES: [0]
[I 2023-11-30 01:17:11,414] Trial 45 finished with value: 4.602384567260742 and parameters: {'gradient_clip_val': 0.44423390693765075, 'hidden_size': 134, 'dropout': 0.11265558173250592, 'hidden_continuous_size': 65, 'attention_head_size': 3, 'learning_rate': 0.009248747872863922}. Best is trial 26 with value: 4.373775482177734.
LOCAL_RANK: 0 - CUDA_VISIBLE_DEVICES: [0]
[I 2023-11-30 01:17:25,333] Trial 46 finished with value: 6.629787445068359 and parameters: {'gradient_clip_val': 0.3379335304808686, 'hidden_size': 94, 'dropout': 0.1309580404928481, 'hidden_continuous_size': 58, 'attention_head_size': 2, 'learning_rate': 0.015184205315911735}. Best is trial 26 with value: 4.373775482177734.
LOCAL_RANK: 0 - CUDA_VISIBLE_DEVICES: [0]
[I 2023-11-30 01:17:38,903] Trial 47 finished with value: 5.024047374725342 and parameters: {'gradient_clip_val': 0.530373862686153, 'hidden_size': 57, 'dropout': 0.1965778847668968, 'hidden_continuous_size': 47, 'attention_head_size': 3, 'learning_rate': 0.020942530345778757}. Best is trial 26 with value: 4.373775482177734.
LOCAL_RANK: 0 - CUDA_VISIBLE_DEVICES: [0]
[I 2023-11-30 01:17:53,349] Trial 48 finished with value: 5.8695831298828125 and parameters: {'gradient_clip_val': 0.14308061466816385, 'hidden_size': 131, 'dropout': 0.1652695329461429, 'hidden_continuous_size': 75, 'attention_head_size': 3, 'learning_rate': 0.010636837789191325}. Best is trial 26 with value: 4.373775482177734.
LOCAL_RANK: 0 - CUDA_VISIBLE_DEVICES: [0]
[I 2023-11-30 01:18:07,450] Trial 49 finished with value: 4.564655303955078 and parameters: {'gradient_clip_val': 0.1553280650974812, 'hidden_size': 108, 'dropout': 0.14730353658958234, 'hidden_continuous_size': 67, 'attention_head_size': 2, 'learning_rate': 0.004180661829593105}. Best is trial 26 with value: 4.373775482177734.
LOCAL_RANK: 0 - CUDA_VISIBLE_DEVICES: [0]
[I 2023-11-30 01:18:21,430] Trial 50 finished with value: 5.7418293952941895 and parameters: {'gradient_clip_val': 0.10354061225459738, 'hidden_size': 83, 'dropout': 0.14770966986685613, 'hidden_continuous_size': 63, 'attention_head_size': 2, 'learning_rate': 0.03032461819387434}. Best is trial 26 with value: 4.373775482177734.
LOCAL_RANK: 0 - CUDA_VISIBLE_DEVICES: [0]
[I 2023-11-30 01:18:35,491] Trial 51 finished with value: 4.880210876464844 and parameters: {'gradient_clip_val': 0.12078009805826229, 'hidden_size': 105, 'dropout': 0.16510447814037593, 'hidden_continuous_size': 69, 'attention_head_size': 2, 'learning_rate': 0.004346545613763901}. Best is trial 26 with value: 4.373775482177734.
LOCAL_RANK: 0 - CUDA_VISIBLE_DEVICES: [0]
