[I 2023-11-29 21:50:41,880] Trial 16 finished with value: 7.864015102386475 and parameters: {'gradient_clip_val': 0.6612987036288237, 'hidden_size': 43, 'dropout': 0.2537079052267381, 'hidden_continuous_size': 27, 'attention_head_size': 2, 'learning_rate': 0.0929172445702984}. Best is trial 4 with value: 6.738375186920166.
LOCAL_RANK: 0 - CUDA_VISIBLE_DEVICES: [0]
[I 2023-11-29 21:50:54,580] Trial 17 finished with value: 7.468821048736572 and parameters: {'gradient_clip_val': 0.7828076207315902, 'hidden_size': 43, 'dropout': 0.25467819781759815, 'hidden_continuous_size': 27, 'attention_head_size': 2, 'learning_rate': 0.07919698129006127}. Best is trial 4 with value: 6.738375186920166.
LOCAL_RANK: 0 - CUDA_VISIBLE_DEVICES: [0]
[I 2023-11-29 21:51:07,098] Trial 18 finished with value: 9.037590980529785 and parameters: {'gradient_clip_val': 0.9794382272440788, 'hidden_size': 30, 'dropout': 0.31781761380334167, 'hidden_continuous_size': 21, 'attention_head_size': 1, 'learning_rate': 0.04192418185943605}. Best is trial 4 with value: 6.738375186920166.
LOCAL_RANK: 0 - CUDA_VISIBLE_DEVICES: [0]
[I 2023-11-29 21:51:19,301] Trial 19 finished with value: 9.83509349822998 and parameters: {'gradient_clip_val': 0.35672668708445526, 'hidden_size': 23, 'dropout': 0.2626303733498745, 'hidden_continuous_size': 13, 'attention_head_size': 2, 'learning_rate': 0.0628448477939311}. Best is trial 4 with value: 6.738375186920166.
LOCAL_RANK: 0 - CUDA_VISIBLE_DEVICES: [0]
[I 2023-11-29 21:51:32,100] Trial 20 finished with value: 8.56072998046875 and parameters: {'gradient_clip_val': 0.7719607988444762, 'hidden_size': 46, 'dropout': 0.23585936202716143, 'hidden_continuous_size': 27, 'attention_head_size': 1, 'learning_rate': 0.03213609935325167}. Best is trial 4 with value: 6.738375186920166.
LOCAL_RANK: 0 - CUDA_VISIBLE_DEVICES: [0]
[I 2023-11-29 21:51:45,161] Trial 21 finished with value: 9.92027759552002 and parameters: {'gradient_clip_val': 0.6977170840847653, 'hidden_size': 42, 'dropout': 0.25964210751539113, 'hidden_continuous_size': 26, 'attention_head_size': 2, 'learning_rate': 0.07526174564129083}. Best is trial 4 with value: 6.738375186920166.
LOCAL_RANK: 0 - CUDA_VISIBLE_DEVICES: [0]
[I 2023-11-29 21:51:57,749] Trial 22 finished with value: 7.834775447845459 and parameters: {'gradient_clip_val': 0.7528600792310101, 'hidden_size': 36, 'dropout': 0.27135136481787264, 'hidden_continuous_size': 25, 'attention_head_size': 2, 'learning_rate': 0.09929006232915485}. Best is trial 4 with value: 6.738375186920166.
LOCAL_RANK: 0 - CUDA_VISIBLE_DEVICES: [0]
[I 2023-11-29 21:52:10,171] Trial 23 finished with value: 8.327678680419922 and parameters: {'gradient_clip_val': 0.8041468038946046, 'hidden_size': 36, 'dropout': 0.2810947367705128, 'hidden_continuous_size': 25, 'attention_head_size': 2, 'learning_rate': 0.09418744164295101}. Best is trial 4 with value: 6.738375186920166.
LOCAL_RANK: 0 - CUDA_VISIBLE_DEVICES: [0]
[I 2023-11-29 21:52:23,138] Trial 24 finished with value: 7.841920375823975 and parameters: {'gradient_clip_val': 0.4762838290382962, 'hidden_size': 52, 'dropout': 0.3116893089777264, 'hidden_continuous_size': 30, 'attention_head_size': 2, 'learning_rate': 0.04916115673841397}. Best is trial 4 with value: 6.738375186920166.
LOCAL_RANK: 0 - CUDA_VISIBLE_DEVICES: [0]
[I 2023-11-29 21:52:35,666] Trial 25 finished with value: 9.70324420928955 and parameters: {'gradient_clip_val': 0.7483014943967885, 'hidden_size': 36, 'dropout': 0.2298347702905355, 'hidden_continuous_size': 20, 'attention_head_size': 3, 'learning_rate': 0.0655840842545035}. Best is trial 4 with value: 6.738375186920166.
LOCAL_RANK: 0 - CUDA_VISIBLE_DEVICES: [0]
[I 2023-11-29 21:52:48,204] Trial 26 finished with value: 7.931148052215576 and parameters: {'gradient_clip_val': 0.9645030614166193, 'hidden_size': 27, 'dropout': 0.27228307485548436, 'hidden_continuous_size': 20, 'attention_head_size': 2, 'learning_rate': 0.03218796358195343}. Best is trial 4 with value: 6.738375186920166.
LOCAL_RANK: 0 - CUDA_VISIBLE_DEVICES: [0]
[I 2023-11-29 21:53:00,747] Trial 27 finished with value: 7.428553104400635 and parameters: {'gradient_clip_val': 0.6667370097337635, 'hidden_size': 35, 'dropout': 0.29298543797999893, 'hidden_continuous_size': 24, 'attention_head_size': 1, 'learning_rate': 0.09402221867238524}. Best is trial 4 with value: 6.738375186920166.
LOCAL_RANK: 0 - CUDA_VISIBLE_DEVICES: [0]
[I 2023-11-29 21:53:13,863] Trial 28 finished with value: 11.94659423828125 and parameters: {'gradient_clip_val': 0.4993941422191524, 'hidden_size': 72, 'dropout': 0.2958240833660197, 'hidden_continuous_size': 17, 'attention_head_size': 1, 'learning_rate': 0.06054279022858861}. Best is trial 4 with value: 6.738375186920166.
LOCAL_RANK: 0 - CUDA_VISIBLE_DEVICES: [0]
[I 2023-11-29 21:53:27,451] Trial 29 finished with value: 9.139442443847656 and parameters: {'gradient_clip_val': 0.6193172961323656, 'hidden_size': 85, 'dropout': 0.24562911175915453, 'hidden_continuous_size': 34, 'attention_head_size': 1, 'learning_rate': 0.04289415908865516}. Best is trial 4 with value: 6.738375186920166.
LOCAL_RANK: 0 - CUDA_VISIBLE_DEVICES: [0]
[I 2023-11-29 21:53:40,413] Trial 30 finished with value: 7.9587273597717285 and parameters: {'gradient_clip_val': 0.527009046773043, 'hidden_size': 51, 'dropout': 0.10284175421044456, 'hidden_continuous_size': 30, 'attention_head_size': 1, 'learning_rate': 0.06937028789428329}. Best is trial 4 with value: 6.738375186920166.
LOCAL_RANK: 0 - CUDA_VISIBLE_DEVICES: [0]
[I 2023-11-29 21:53:53,222] Trial 31 finished with value: 7.940121173858643 and parameters: {'gradient_clip_val': 0.6858059475063438, 'hidden_size': 37, 'dropout': 0.26770822641146647, 'hidden_continuous_size': 24, 'attention_head_size': 2, 'learning_rate': 0.09628388028328914}. Best is trial 4 with value: 6.738375186920166.
LOCAL_RANK: 0 - CUDA_VISIBLE_DEVICES: [0]
[I 2023-11-29 21:54:06,178] Trial 32 finished with value: 7.235559940338135 and parameters: {'gradient_clip_val': 0.8281503963904581, 'hidden_size': 49, 'dropout': 0.28355042508031086, 'hidden_continuous_size': 27, 'attention_head_size': 2, 'learning_rate': 0.07416007706030743}. Best is trial 4 with value: 6.738375186920166.
LOCAL_RANK: 0 - CUDA_VISIBLE_DEVICES: [0]
[I 2023-11-29 21:54:19,198] Trial 33 finished with value: 8.38388729095459 and parameters: {'gradient_clip_val': 0.8339588435701094, 'hidden_size': 50, 'dropout': 0.2929562741239016, 'hidden_continuous_size': 28, 'attention_head_size': 3, 'learning_rate': 0.0502221005899286}. Best is trial 4 with value: 6.738375186920166.
LOCAL_RANK: 0 - CUDA_VISIBLE_DEVICES: [0]
[I 2023-11-29 21:54:32,138] Trial 34 finished with value: 7.5757598876953125 and parameters: {'gradient_clip_val': 0.6515941779585755, 'hidden_size': 47, 'dropout': 0.3075680411441501, 'hidden_continuous_size': 29, 'attention_head_size': 3, 'learning_rate': 0.03875656729252348}. Best is trial 4 with value: 6.738375186920166.
LOCAL_RANK: 0 - CUDA_VISIBLE_DEVICES: [0]
[I 2023-11-29 21:54:45,120] Trial 35 finished with value: 9.256266593933105 and parameters: {'gradient_clip_val': 0.8585909849226852, 'hidden_size': 56, 'dropout': 0.3269504809657594, 'hidden_continuous_size': 32, 'attention_head_size': 1, 'learning_rate': 0.07115889014497416}. Best is trial 4 with value: 6.738375186920166.
LOCAL_RANK: 0 - CUDA_VISIBLE_DEVICES: [0]
[I 2023-11-29 21:54:57,841] Trial 36 finished with value: 7.397764682769775 and parameters: {'gradient_clip_val': 0.5475168479208534, 'hidden_size': 40, 'dropout': 0.28512850527650796, 'hidden_continuous_size': 23, 'attention_head_size': 2, 'learning_rate': 0.05396622943675157}. Best is trial 4 with value: 6.738375186920166.
LOCAL_RANK: 0 - CUDA_VISIBLE_DEVICES: [0]
[I 2023-11-29 21:55:10,242] Trial 37 finished with value: 11.444064140319824 and parameters: {'gradient_clip_val': 0.5152195081728332, 'hidden_size': 26, 'dropout': 0.2966022888954359, 'hidden_continuous_size': 22, 'attention_head_size': 2, 'learning_rate': 0.027628091664924297}. Best is trial 4 with value: 6.738375186920166.
LOCAL_RANK: 0 - CUDA_VISIBLE_DEVICES: [0]
[I 2023-11-29 21:55:22,513] Trial 38 finished with value: 10.60577392578125 and parameters: {'gradient_clip_val': 0.5641248658705256, 'hidden_size': 19, 'dropout': 0.2861142849259665, 'hidden_continuous_size': 16, 'attention_head_size': 3, 'learning_rate': 0.0382959901265915}. Best is trial 4 with value: 6.738375186920166.
LOCAL_RANK: 0 - CUDA_VISIBLE_DEVICES: [0]
[I 2023-11-29 21:55:34,872] Trial 39 finished with value: 7.678308963775635 and parameters: {'gradient_clip_val': 0.4395178850663508, 'hidden_size': 40, 'dropout': 0.3423968905765627, 'hidden_continuous_size': 23, 'attention_head_size': 1, 'learning_rate': 0.05614103891190622}. Best is trial 4 with value: 6.738375186920166.
LOCAL_RANK: 0 - CUDA_VISIBLE_DEVICES: [0]
[I 2023-11-29 21:55:48,769] Trial 40 finished with value: 8.971756935119629 and parameters: {'gradient_clip_val': 0.5851399713625235, 'hidden_size': 107, 'dropout': 0.3037965546726403, 'hidden_continuous_size': 38, 'attention_head_size': 2, 'learning_rate': 0.0215881350952043}. Best is trial 4 with value: 6.738375186920166.
LOCAL_RANK: 0 - CUDA_VISIBLE_DEVICES: [0]
[I 2023-11-29 21:56:01,766] Trial 41 finished with value: 7.1470489501953125 and parameters: {'gradient_clip_val': 0.7255243397132862, 'hidden_size': 41, 'dropout': 0.27998112444798556, 'hidden_continuous_size': 26, 'attention_head_size': 2, 'learning_rate': 0.076605906532021}. Best is trial 4 with value: 6.738375186920166.
LOCAL_RANK: 0 - CUDA_VISIBLE_DEVICES: [0]
[I 2023-11-29 21:56:14,877] Trial 42 finished with value: 9.344836235046387 and parameters: {'gradient_clip_val': 0.6310427516726015, 'hidden_size': 57, 'dropout': 0.28203996039491275, 'hidden_continuous_size': 24, 'attention_head_size': 2, 'learning_rate': 0.05147045326412433}. Best is trial 4 with value: 6.738375186920166.
LOCAL_RANK: 0 - CUDA_VISIBLE_DEVICES: [0]
[I 2023-11-29 21:56:27,641] Trial 43 finished with value: 6.961309909820557 and parameters: {'gradient_clip_val': 0.6820082656161808, 'hidden_size': 47, 'dropout': 0.328729919598642, 'hidden_continuous_size': 28, 'attention_head_size': 2, 'learning_rate': 0.0752891281978896}. Best is trial 4 with value: 6.738375186920166.
LOCAL_RANK: 0 - CUDA_VISIBLE_DEVICES: [0]
[I 2023-11-29 21:56:40,841] Trial 44 finished with value: 8.069879531860352 and parameters: {'gradient_clip_val': 0.9935795379996328, 'hidden_size': 50, 'dropout': 0.3287263149156154, 'hidden_continuous_size': 33, 'attention_head_size': 2, 'learning_rate': 0.03681138010851715}. Best is trial 4 with value: 6.738375186920166.
LOCAL_RANK: 0 - CUDA_VISIBLE_DEVICES: [0]
[I 2023-11-29 21:56:54,389] Trial 45 finished with value: 7.8339972496032715 and parameters: {'gradient_clip_val': 0.555023901783297, 'hidden_size': 66, 'dropout': 0.3442411526305428, 'hidden_continuous_size': 35, 'attention_head_size': 2, 'learning_rate': 0.07373151239853369}. Best is trial 4 with value: 6.738375186920166.
LOCAL_RANK: 0 - CUDA_VISIBLE_DEVICES: [0]
[I 2023-11-29 21:57:06,999] Trial 46 finished with value: 12.961176872253418 and parameters: {'gradient_clip_val': 0.8879173246512088, 'hidden_size': 40, 'dropout': 0.3094616709093512, 'hidden_continuous_size': 29, 'attention_head_size': 2, 'learning_rate': 0.026683018012199373}. Best is trial 4 with value: 6.738375186920166.
LOCAL_RANK: 0 - CUDA_VISIBLE_DEVICES: [0]
[I 2023-11-29 21:57:20,316] Trial 47 finished with value: 7.351531505584717 and parameters: {'gradient_clip_val': 0.7149197705411782, 'hidden_size': 59, 'dropout': 0.27868265061923503, 'hidden_continuous_size': 26, 'attention_head_size': 3, 'learning_rate': 0.04772242001570401}. Best is trial 4 with value: 6.738375186920166.
LOCAL_RANK: 0 - CUDA_VISIBLE_DEVICES: [0]
[I 2023-11-29 21:57:33,703] Trial 48 finished with value: 7.8273186683654785 and parameters: {'gradient_clip_val': 0.7258355730926417, 'hidden_size': 58, 'dropout': 0.32055382862129284, 'hidden_continuous_size': 32, 'attention_head_size': 3, 'learning_rate': 0.048019396433197}. Best is trial 4 with value: 6.738375186920166.
LOCAL_RANK: 0 - CUDA_VISIBLE_DEVICES: [0]
[I 2023-11-29 21:57:46,661] Trial 49 finished with value: 10.728793144226074 and parameters: {'gradient_clip_val': 0.8362074845587364, 'hidden_size': 46, 'dropout': 0.2726077069722178, 'hidden_continuous_size': 28, 'attention_head_size': 3, 'learning_rate': 0.07887322799871024}. Best is trial 4 with value: 6.738375186920166.
LOCAL_RANK: 0 - CUDA_VISIBLE_DEVICES: [0]
[I 2023-11-29 21:58:00,088] Trial 50 finished with value: 7.117977142333984 and parameters: {'gradient_clip_val': 0.61237857838901, 'hidden_size': 68, 'dropout': 0.2516700133479794, 'hidden_continuous_size': 40, 'attention_head_size': 3, 'learning_rate': 0.06258520964544337}. Best is trial 4 with value: 6.738375186920166.
LOCAL_RANK: 0 - CUDA_VISIBLE_DEVICES: [0]
[I 2023-11-29 21:58:13,599] Trial 51 finished with value: 8.213729858398438 and parameters: {'gradient_clip_val': 0.7242356985933949, 'hidden_size': 68, 'dropout': 0.2529408612247742, 'hidden_continuous_size': 42, 'attention_head_size': 3, 'learning_rate': 0.06258818566016251}. Best is trial 4 with value: 6.738375186920166.
LOCAL_RANK: 0 - CUDA_VISIBLE_DEVICES: [0]
[I 2023-11-29 21:58:26,945] Trial 52 finished with value: 10.46658992767334 and parameters: {'gradient_clip_val': 0.6139697515149897, 'hidden_size': 59, 'dropout': 0.24466325554586957, 'hidden_continuous_size': 31, 'attention_head_size': 4, 'learning_rate': 0.045201500609024885}. Best is trial 4 with value: 6.738375186920166.
LOCAL_RANK: 0 - CUDA_VISIBLE_DEVICES: [0]
[I 2023-11-29 21:58:40,641] Trial 53 finished with value: 7.526991367340088 and parameters: {'gradient_clip_val': 0.9227963944563712, 'hidden_size': 74, 'dropout': 0.25853598880342066, 'hidden_continuous_size': 36, 'attention_head_size': 3, 'learning_rate': 0.07760886518780082}. Best is trial 4 with value: 6.738375186920166.
LOCAL_RANK: 0 - CUDA_VISIBLE_DEVICES: [0]
[I 2023-11-29 21:58:53,923] Trial 54 finished with value: 7.600099086761475 and parameters: {'gradient_clip_val': 0.7983601244319797, 'hidden_size': 61, 'dropout': 0.2287339082060317, 'hidden_continuous_size': 26, 'attention_head_size': 3, 'learning_rate': 0.06374237855117972}. Best is trial 4 with value: 6.738375186920166.
LOCAL_RANK: 0 - CUDA_VISIBLE_DEVICES: [0]
[I 2023-11-29 21:59:06,990] Trial 55 finished with value: 7.711177825927734 and parameters: {'gradient_clip_val': 0.6952850908599315, 'hidden_size': 45, 'dropout': 0.27643190003134493, 'hidden_continuous_size': 30, 'attention_head_size': 3, 'learning_rate': 0.03222179740286337}. Best is trial 4 with value: 6.738375186920166.
LOCAL_RANK: 0 - CUDA_VISIBLE_DEVICES: [0]
[I 2023-11-29 21:59:20,438] Trial 56 finished with value: 7.075128078460693 and parameters: {'gradient_clip_val': 0.2689393889574373, 'hidden_size': 68, 'dropout': 0.26565096479971934, 'hidden_continuous_size': 34, 'attention_head_size': 3, 'learning_rate': 0.08226754056596147}. Best is trial 4 with value: 6.738375186920166.
LOCAL_RANK: 0 - CUDA_VISIBLE_DEVICES: [0]
[I 2023-11-29 21:59:33,695] Trial 57 finished with value: 7.3165130615234375 and parameters: {'gradient_clip_val': 0.3087361648855394, 'hidden_size': 52, 'dropout': 0.2669671721165479, 'hidden_continuous_size': 33, 'attention_head_size': 4, 'learning_rate': 0.07832472450703593}. Best is trial 4 with value: 6.738375186920166.
LOCAL_RANK: 0 - CUDA_VISIBLE_DEVICES: [0]
[I 2023-11-29 21:59:47,186] Trial 58 finished with value: 7.186527252197266 and parameters: {'gradient_clip_val': 0.2694354503592443, 'hidden_size': 66, 'dropout': 0.24061834042449973, 'hidden_continuous_size': 38, 'attention_head_size': 2, 'learning_rate': 0.08561166808415768}. Best is trial 4 with value: 6.738375186920166.
LOCAL_RANK: 0 - CUDA_VISIBLE_DEVICES: [0]
[I 2023-11-29 22:00:00,790] Trial 59 finished with value: 8.004254341125488 and parameters: {'gradient_clip_val': 0.269782116780823, 'hidden_size': 77, 'dropout': 0.23825851894187103, 'hidden_continuous_size': 40, 'attention_head_size': 2, 'learning_rate': 0.08558357271995067}. Best is trial 4 with value: 6.738375186920166.
LOCAL_RANK: 0 - CUDA_VISIBLE_DEVICES: [0]
[I 2023-11-29 22:00:14,662] Trial 60 finished with value: 8.61698055267334 and parameters: {'gradient_clip_val': 0.27360362893970974, 'hidden_size': 85, 'dropout': 0.21575523031628668, 'hidden_continuous_size': 45, 'attention_head_size': 2, 'learning_rate': 0.05750454100539687}. Best is trial 4 with value: 6.738375186920166.
LOCAL_RANK: 0 - CUDA_VISIBLE_DEVICES: [0]
[I 2023-11-29 22:00:28,117] Trial 61 finished with value: 8.750351905822754 and parameters: {'gradient_clip_val': 0.24792467216368907, 'hidden_size': 64, 'dropout': 0.24932332624868112, 'hidden_continuous_size': 37, 'attention_head_size': 2, 'learning_rate': 0.09953392910205204}. Best is trial 4 with value: 6.738375186920166.
LOCAL_RANK: 0 - CUDA_VISIBLE_DEVICES: [0]
[I 2023-11-29 22:00:41,388] Trial 62 finished with value: 7.7147674560546875 and parameters: {'gradient_clip_val': 0.2244439259966128, 'hidden_size': 68, 'dropout': 0.25908154208524703, 'hidden_continuous_size': 35, 'attention_head_size': 2, 'learning_rate': 0.08758890385631782}. Best is trial 4 with value: 6.738375186920166.
LOCAL_RANK: 0 - CUDA_VISIBLE_DEVICES: [0]
[I 2023-11-29 22:00:54,681] Trial 63 finished with value: 7.291360855102539 and parameters: {'gradient_clip_val': 0.342371954302536, 'hidden_size': 54, 'dropout': 0.28865924041961666, 'hidden_continuous_size': 34, 'attention_head_size': 2, 'learning_rate': 0.0653313067741087}. Best is trial 4 with value: 6.738375186920166.
LOCAL_RANK: 0 - CUDA_VISIBLE_DEVICES: [0]
[I 2023-11-29 22:01:07,693] Trial 64 finished with value: 8.288677215576172 and parameters: {'gradient_clip_val': 0.4021232970379361, 'hidden_size': 47, 'dropout': 0.2655633897377371, 'hidden_continuous_size': 31, 'attention_head_size': 2, 'learning_rate': 0.07158736254361472}. Best is trial 4 with value: 6.738375186920166.
LOCAL_RANK: 0 - CUDA_VISIBLE_DEVICES: [0]
[I 2023-11-29 22:01:20,795] Trial 65 finished with value: 7.362689971923828 and parameters: {'gradient_clip_val': 0.3361364443383405, 'hidden_size': 64, 'dropout': 0.3007010137169411, 'hidden_continuous_size': 38, 'attention_head_size': 2, 'learning_rate': 0.056611082248618674}. Best is trial 4 with value: 6.738375186920166.
LOCAL_RANK: 0 - CUDA_VISIBLE_DEVICES: [0]
[I 2023-11-29 22:01:34,011] Trial 66 finished with value: 8.147957801818848 and parameters: {'gradient_clip_val': 0.3231795826736822, 'hidden_size': 43, 'dropout': 0.24203153436508618, 'hidden_continuous_size': 33, 'attention_head_size': 3, 'learning_rate': 0.08685671260824646}. Best is trial 4 with value: 6.738375186920166.
LOCAL_RANK: 0 - CUDA_VISIBLE_DEVICES: [0]
[I 2023-11-29 22:01:47,327] Trial 67 finished with value: 7.603993892669678 and parameters: {'gradient_clip_val': 0.30656688473367694, 'hidden_size': 54, 'dropout': 0.2514838465228832, 'hidden_continuous_size': 36, 'attention_head_size': 2, 'learning_rate': 0.0834647058219481}. Best is trial 4 with value: 6.738375186920166.
LOCAL_RANK: 0 - CUDA_VISIBLE_DEVICES: [0]
[I 2023-11-29 22:02:00,053] Trial 68 finished with value: 7.232790470123291 and parameters: {'gradient_clip_val': 0.28678127872239206, 'hidden_size': 33, 'dropout': 0.26381602753599726, 'hidden_continuous_size': 29, 'attention_head_size': 2, 'learning_rate': 0.04320148756916841}. Best is trial 4 with value: 6.738375186920166.
LOCAL_RANK: 0 - CUDA_VISIBLE_DEVICES: [0]
[I 2023-11-29 22:02:12,871] Trial 69 finished with value: 7.453948974609375 and parameters: {'gradient_clip_val': 0.289855701215677, 'hidden_size': 34, 'dropout': 0.22927683864493398, 'hidden_continuous_size': 31, 'attention_head_size': 3, 'learning_rate': 0.046012779485388636}. Best is trial 4 with value: 6.738375186920166.
LOCAL_RANK: 0 - CUDA_VISIBLE_DEVICES: [0]
[I 2023-11-29 22:02:25,426] Trial 70 finished with value: 8.261528968811035 and parameters: {'gradient_clip_val': 0.251239010437607, 'hidden_size': 33, 'dropout': 0.26097305736675097, 'hidden_continuous_size': 29, 'attention_head_size': 2, 'learning_rate': 0.04134495963245866}. Best is trial 4 with value: 6.738375186920166.
LOCAL_RANK: 0 - CUDA_VISIBLE_DEVICES: [0]
[I 2023-11-29 22:02:38,368] Trial 71 finished with value: 7.7109904289245605 and parameters: {'gradient_clip_val': 0.3563502872194195, 'hidden_size': 38, 'dropout': 0.28029850824356567, 'hidden_continuous_size': 27, 'attention_head_size': 2, 'learning_rate': 0.0700021814055231}. Best is trial 4 with value: 6.738375186920166.
LOCAL_RANK: 0 - CUDA_VISIBLE_DEVICES: [0]
[I 2023-11-29 22:02:51,130] Trial 72 finished with value: 8.10315227508545 and parameters: {'gradient_clip_val': 0.774586206906338, 'hidden_size': 47, 'dropout': 0.27165295004469625, 'hidden_continuous_size': 28, 'attention_head_size': 2, 'learning_rate': 0.06156543731109376}. Best is trial 4 with value: 6.738375186920166.
LOCAL_RANK: 0 - CUDA_VISIBLE_DEVICES: [0]
[I 2023-11-29 22:03:04,657] Trial 73 finished with value: 8.318351745605469 and parameters: {'gradient_clip_val': 0.1926331077953208, 'hidden_size': 71, 'dropout': 0.3023049754034429, 'hidden_continuous_size': 41, 'attention_head_size': 2, 'learning_rate': 0.05427816677162411}. Best is trial 4 with value: 6.738375186920166.
LOCAL_RANK: 0 - CUDA_VISIBLE_DEVICES: [0]
[I 2023-11-29 22:03:17,230] Trial 74 finished with value: 8.242338180541992 and parameters: {'gradient_clip_val': 0.2949977595534085, 'hidden_size': 30, 'dropout': 0.29160120874774725, 'hidden_continuous_size': 29, 'attention_head_size': 2, 'learning_rate': 0.06980770714917794}. Best is trial 4 with value: 6.738375186920166.
LOCAL_RANK: 0 - CUDA_VISIBLE_DEVICES: [0]
