[I 2023-11-30 10:33:24,012] Trial 8 finished with value: 1654.4794921875 and parameters: {'gradient_clip_val': 0.19023898865881345, 'hidden_size': 28, 'dropout': 0.3273765564407437, 'hidden_continuous_size': 10, 'attention_head_size': 1, 'learning_rate': 0.09130368331538088}. Best is trial 4 with value: 1402.1236572265625.
LOCAL_RANK: 0 - CUDA_VISIBLE_DEVICES: [0]
[I 2023-11-30 10:33:37,827] Trial 9 finished with value: 1854.2083740234375 and parameters: {'gradient_clip_val': 0.11598302305377563, 'hidden_size': 120, 'dropout': 0.12338435965552072, 'hidden_continuous_size': 58, 'attention_head_size': 1, 'learning_rate': 0.05354571880728481}. Best is trial 4 with value: 1402.1236572265625.
LOCAL_RANK: 0 - CUDA_VISIBLE_DEVICES: [0]
[I 2023-11-30 10:33:51,336] Trial 10 finished with value: 3218.520751953125 and parameters: {'gradient_clip_val': 0.4284456516161098, 'hidden_size': 74, 'dropout': 0.25324175045499553, 'hidden_continuous_size': 30, 'attention_head_size': 4, 'learning_rate': 0.0013850956317918988}. Best is trial 4 with value: 1402.1236572265625.
LOCAL_RANK: 0 - CUDA_VISIBLE_DEVICES: [0]
[I 2023-11-30 10:34:04,674] Trial 11 finished with value: 1720.9964599609375 and parameters: {'gradient_clip_val': 0.542919743240363, 'hidden_size': 60, 'dropout': 0.25120347180812774, 'hidden_continuous_size': 30, 'attention_head_size': 2, 'learning_rate': 0.019200914174430418}. Best is trial 4 with value: 1402.1236572265625.
LOCAL_RANK: 0 - CUDA_VISIBLE_DEVICES: [0]
[I 2023-11-30 10:34:18,375] Trial 12 finished with value: 1518.7855224609375 and parameters: {'gradient_clip_val': 0.3697343067976027, 'hidden_size': 92, 'dropout': 0.21414770725525198, 'hidden_continuous_size': 41, 'attention_head_size': 2, 'learning_rate': 0.014855845944121983}. Best is trial 4 with value: 1402.1236572265625.
LOCAL_RANK: 0 - CUDA_VISIBLE_DEVICES: [0]
[I 2023-11-30 10:34:31,357] Trial 13 finished with value: 1183.8768310546875 and parameters: {'gradient_clip_val': 0.6491096065940043, 'hidden_size': 45, 'dropout': 0.29802645670061756, 'hidden_continuous_size': 26, 'attention_head_size': 4, 'learning_rate': 0.005342385500153077}. Best is trial 13 with value: 1183.8768310546875.
LOCAL_RANK: 0 - CUDA_VISIBLE_DEVICES: [0]
[I 2023-11-30 10:34:44,239] Trial 14 finished with value: 2031.33984375 and parameters: {'gradient_clip_val': 0.6593710485801522, 'hidden_size': 44, 'dropout': 0.38408517459504365, 'hidden_continuous_size': 23, 'attention_head_size': 4, 'learning_rate': 0.004937092329738377}. Best is trial 13 with value: 1183.8768310546875.
LOCAL_RANK: 0 - CUDA_VISIBLE_DEVICES: [0]
[I 2023-11-30 10:34:57,123] Trial 15 finished with value: 2405.322998046875 and parameters: {'gradient_clip_val': 0.4814423146017291, 'hidden_size': 42, 'dropout': 0.2817680023029697, 'hidden_continuous_size': 22, 'attention_head_size': 4, 'learning_rate': 0.003853848258441167}. Best is trial 13 with value: 1183.8768310546875.
LOCAL_RANK: 0 - CUDA_VISIBLE_DEVICES: [0]
[I 2023-11-30 10:35:11,440] Trial 16 finished with value: 1552.9476318359375 and parameters: {'gradient_clip_val': 0.6666284533663254, 'hidden_size': 100, 'dropout': 0.28833295567556966, 'hidden_continuous_size': 92, 'attention_head_size': 3, 'learning_rate': 0.008003572207817309}. Best is trial 13 with value: 1183.8768310546875.
LOCAL_RANK: 0 - CUDA_VISIBLE_DEVICES: [0]
[I 2023-11-30 10:35:25,100] Trial 17 finished with value: 1591.2606201171875 and parameters: {'gradient_clip_val': 0.35140954593821344, 'hidden_size': 77, 'dropout': 0.37105766610557545, 'hidden_continuous_size': 14, 'attention_head_size': 4, 'learning_rate': 0.002623983327659473}. Best is trial 13 with value: 1183.8768310546875.
LOCAL_RANK: 0 - CUDA_VISIBLE_DEVICES: [0]
[I 2023-11-30 10:35:37,739] Trial 18 finished with value: 1300.2235107421875 and parameters: {'gradient_clip_val': 0.6862665234542389, 'hidden_size': 37, 'dropout': 0.39911708255526335, 'hidden_continuous_size': 10, 'attention_head_size': 3, 'learning_rate': 0.024021087601155844}. Best is trial 13 with value: 1183.8768310546875.
LOCAL_RANK: 0 - CUDA_VISIBLE_DEVICES: [0]
[I 2023-11-30 10:35:50,428] Trial 19 finished with value: 1360.15087890625 and parameters: {'gradient_clip_val': 0.41365785693987034, 'hidden_size': 35, 'dropout': 0.32038691134586933, 'hidden_continuous_size': 13, 'attention_head_size': 4, 'learning_rate': 0.02163296619748402}. Best is trial 13 with value: 1183.8768310546875.
LOCAL_RANK: 0 - CUDA_VISIBLE_DEVICES: [0]
[I 2023-11-30 10:36:02,864] Trial 20 finished with value: 1429.29248046875 and parameters: {'gradient_clip_val': 0.29630822870624307, 'hidden_size': 21, 'dropout': 0.36002346445040134, 'hidden_continuous_size': 12, 'attention_head_size': 3, 'learning_rate': 0.023971438974108177}. Best is trial 13 with value: 1183.8768310546875.
LOCAL_RANK: 0 - CUDA_VISIBLE_DEVICES: [0]
[I 2023-11-30 10:36:15,352] Trial 21 finished with value: 1270.8115234375 and parameters: {'gradient_clip_val': 0.4697354648528095, 'hidden_size': 35, 'dropout': 0.32244791669118716, 'hidden_continuous_size': 12, 'attention_head_size': 4, 'learning_rate': 0.02888682187981572}. Best is trial 13 with value: 1183.8768310546875.
LOCAL_RANK: 0 - CUDA_VISIBLE_DEVICES: [0]
[I 2023-11-30 10:36:27,821] Trial 22 finished with value: 1469.5301513671875 and parameters: {'gradient_clip_val': 0.5049922527204224, 'hidden_size': 36, 'dropout': 0.30645719084294976, 'hidden_continuous_size': 11, 'attention_head_size': 4, 'learning_rate': 0.02936496861630821}. Best is trial 13 with value: 1183.8768310546875.
LOCAL_RANK: 0 - CUDA_VISIBLE_DEVICES: [0]
[I 2023-11-30 10:36:40,815] Trial 23 finished with value: 1698.2484130859375 and parameters: {'gradient_clip_val': 0.6785844938570167, 'hidden_size': 50, 'dropout': 0.35485883730551787, 'hidden_continuous_size': 16, 'attention_head_size': 4, 'learning_rate': 0.0361006035101119}. Best is trial 13 with value: 1183.8768310546875.
LOCAL_RANK: 0 - CUDA_VISIBLE_DEVICES: [0]
[I 2023-11-30 10:36:53,443] Trial 24 finished with value: 1571.9556884765625 and parameters: {'gradient_clip_val': 0.7527368031248577, 'hidden_size': 39, 'dropout': 0.30049523423252333, 'hidden_continuous_size': 10, 'attention_head_size': 3, 'learning_rate': 0.013677851162389664}. Best is trial 13 with value: 1183.8768310546875.
LOCAL_RANK: 0 - CUDA_VISIBLE_DEVICES: [0]
[I 2023-11-30 10:37:05,685] Trial 25 finished with value: 1467.8046875 and parameters: {'gradient_clip_val': 0.5838963001653291, 'hidden_size': 20, 'dropout': 0.3925532186210172, 'hidden_continuous_size': 11, 'attention_head_size': 4, 'learning_rate': 0.019803422881579654}. Best is trial 13 with value: 1183.8768310546875.
LOCAL_RANK: 0 - CUDA_VISIBLE_DEVICES: [0]
[I 2023-11-30 10:37:18,249] Trial 26 finished with value: 1400.97412109375 and parameters: {'gradient_clip_val': 0.7501165097008039, 'hidden_size': 34, 'dropout': 0.3488629670396037, 'hidden_continuous_size': 12, 'attention_head_size': 3, 'learning_rate': 0.04059047247207427}. Best is trial 13 with value: 1183.8768310546875.
LOCAL_RANK: 0 - CUDA_VISIBLE_DEVICES: [0]
[I 2023-11-30 10:37:31,182] Trial 27 finished with value: 1602.1732177734375 and parameters: {'gradient_clip_val': 0.5678802542391023, 'hidden_size': 50, 'dropout': 0.31310644979426044, 'hidden_continuous_size': 15, 'attention_head_size': 4, 'learning_rate': 0.0282314445057528}. Best is trial 13 with value: 1183.8768310546875.
LOCAL_RANK: 0 - CUDA_VISIBLE_DEVICES: [0]
[I 2023-11-30 10:37:43,526] Trial 28 finished with value: 1205.6949462890625 and parameters: {'gradient_clip_val': 0.4682571434897611, 'hidden_size': 30, 'dropout': 0.36857532950552807, 'hidden_continuous_size': 12, 'attention_head_size': 3, 'learning_rate': 0.01138699777397748}. Best is trial 13 with value: 1183.8768310546875.
LOCAL_RANK: 0 - CUDA_VISIBLE_DEVICES: [0]
[I 2023-11-30 10:37:55,846] Trial 29 finished with value: 1680.7645263671875 and parameters: {'gradient_clip_val': 0.433845859084588, 'hidden_size': 30, 'dropout': 0.36377333865338113, 'hidden_continuous_size': 13, 'attention_head_size': 3, 'learning_rate': 0.010437266666074484}. Best is trial 13 with value: 1183.8768310546875.
LOCAL_RANK: 0 - CUDA_VISIBLE_DEVICES: [0]
[I 2023-11-30 10:38:08,909] Trial 30 finished with value: 1625.927734375 and parameters: {'gradient_clip_val': 0.49374489161523427, 'hidden_size': 47, 'dropout': 0.3540932087649795, 'hidden_continuous_size': 17, 'attention_head_size': 4, 'learning_rate': 0.06295919640432339}. Best is trial 13 with value: 1183.8768310546875.
LOCAL_RANK: 0 - CUDA_VISIBLE_DEVICES: [0]
[I 2023-11-30 10:38:21,352] Trial 31 finished with value: 1358.9512939453125 and parameters: {'gradient_clip_val': 0.7640722450417962, 'hidden_size': 40, 'dropout': 0.37332662683272494, 'hidden_continuous_size': 12, 'attention_head_size': 3, 'learning_rate': 0.016723929087824514}. Best is trial 13 with value: 1183.8768310546875.
LOCAL_RANK: 0 - CUDA_VISIBLE_DEVICES: [0]
[I 2023-11-30 10:38:33,847] Trial 32 finished with value: 1338.0244140625 and parameters: {'gradient_clip_val': 0.6059152264679074, 'hidden_size': 31, 'dropout': 0.34115018716108036, 'hidden_continuous_size': 10, 'attention_head_size': 3, 'learning_rate': 0.023111998134464424}. Best is trial 13 with value: 1183.8768310546875.
LOCAL_RANK: 0 - CUDA_VISIBLE_DEVICES: [0]
[I 2023-11-30 10:38:46,933] Trial 33 finished with value: 1281.8951416015625 and parameters: {'gradient_clip_val': 0.48535837696298634, 'hidden_size': 22, 'dropout': 0.3965774592840632, 'hidden_continuous_size': 11, 'attention_head_size': 3, 'learning_rate': 0.012192564616244895}. Best is trial 13 with value: 1183.8768310546875.
LOCAL_RANK: 0 - CUDA_VISIBLE_DEVICES: [0]
[I 2023-11-30 10:38:59,624] Trial 34 finished with value: 2052.720458984375 and parameters: {'gradient_clip_val': 0.46656109869040463, 'hidden_size': 14, 'dropout': 0.3382023046788793, 'hidden_continuous_size': 11, 'attention_head_size': 3, 'learning_rate': 0.01097246587876087}. Best is trial 13 with value: 1183.8768310546875.
LOCAL_RANK: 0 - CUDA_VISIBLE_DEVICES: [0]
[I 2023-11-30 10:39:13,007] Trial 35 finished with value: 2193.881103515625 and parameters: {'gradient_clip_val': 0.38656617462939075, 'hidden_size': 25, 'dropout': 0.3291912018853135, 'hidden_continuous_size': 13, 'attention_head_size': 4, 'learning_rate': 0.007157666354932393}. Best is trial 13 with value: 1183.8768310546875.
LOCAL_RANK: 0 - CUDA_VISIBLE_DEVICES: [0]
[I 2023-11-30 10:39:25,858] Trial 36 finished with value: 2722.718505859375 and parameters: {'gradient_clip_val': 0.29007523565165577, 'hidden_size': 22, 'dropout': 0.3772671332957291, 'hidden_continuous_size': 12, 'attention_head_size': 3, 'learning_rate': 0.0057569962822694495}. Best is trial 13 with value: 1183.8768310546875.
LOCAL_RANK: 0 - CUDA_VISIBLE_DEVICES: [0]
[I 2023-11-30 10:39:38,834] Trial 37 finished with value: 2218.132568359375 and parameters: {'gradient_clip_val': 0.5164015189900931, 'hidden_size': 18, 'dropout': 0.34425211736263617, 'hidden_continuous_size': 11, 'attention_head_size': 4, 'learning_rate': 0.012673323166826088}. Best is trial 13 with value: 1183.8768310546875.
LOCAL_RANK: 0 - CUDA_VISIBLE_DEVICES: [0]
[I 2023-11-30 10:39:51,395] Trial 38 finished with value: 1747.970703125 and parameters: {'gradient_clip_val': 0.9762519923725961, 'hidden_size': 25, 'dropout': 0.38304056756477917, 'hidden_continuous_size': 15, 'attention_head_size': 3, 'learning_rate': 0.009674884935777894}. Best is trial 13 with value: 1183.8768310546875.
LOCAL_RANK: 0 - CUDA_VISIBLE_DEVICES: [0]
[I 2023-11-30 10:40:04,285] Trial 39 finished with value: 1852.623046875 and parameters: {'gradient_clip_val': 0.3379725054946673, 'hidden_size': 27, 'dropout': 0.31959378581795933, 'hidden_continuous_size': 14, 'attention_head_size': 2, 'learning_rate': 0.007678715735616955}. Best is trial 13 with value: 1183.8768310546875.
LOCAL_RANK: 0 - CUDA_VISIBLE_DEVICES: [0]
[I 2023-11-30 10:40:17,301] Trial 40 finished with value: 1385.7755126953125 and parameters: {'gradient_clip_val': 0.44998346231618275, 'hidden_size': 31, 'dropout': 0.36133448165619864, 'hidden_continuous_size': 18, 'attention_head_size': 2, 'learning_rate': 0.01623725749298821}. Best is trial 13 with value: 1183.8768310546875.
LOCAL_RANK: 0 - CUDA_VISIBLE_DEVICES: [0]
[I 2023-11-30 10:40:30,631] Trial 41 finished with value: 1350.969970703125 and parameters: {'gradient_clip_val': 0.544784444765851, 'hidden_size': 36, 'dropout': 0.398286723067879, 'hidden_continuous_size': 10, 'attention_head_size': 3, 'learning_rate': 0.03018058912456064}. Best is trial 13 with value: 1183.8768310546875.
LOCAL_RANK: 0 - CUDA_VISIBLE_DEVICES: [0]
[I 2023-11-30 10:40:43,765] Trial 42 finished with value: 1103.8577880859375 and parameters: {'gradient_clip_val': 0.6076186697713493, 'hidden_size': 51, 'dropout': 0.3928643395908728, 'hidden_continuous_size': 10, 'attention_head_size': 3, 'learning_rate': 0.012540909120059313}. Best is trial 42 with value: 1103.8577880859375.
LOCAL_RANK: 0 - CUDA_VISIBLE_DEVICES: [0]
[I 2023-11-30 10:40:57,711] Trial 43 finished with value: 1315.6749267578125 and parameters: {'gradient_clip_val': 0.4027307971015874, 'hidden_size': 57, 'dropout': 0.36981298247831995, 'hidden_continuous_size': 21, 'attention_head_size': 3, 'learning_rate': 0.011263924764430363}. Best is trial 42 with value: 1103.8577880859375.
LOCAL_RANK: 0 - CUDA_VISIBLE_DEVICES: [0]
[I 2023-11-30 10:41:10,648] Trial 44 finished with value: 1433.0836181640625 and parameters: {'gradient_clip_val': 0.4660270052413438, 'hidden_size': 44, 'dropout': 0.3835545924867576, 'hidden_continuous_size': 11, 'attention_head_size': 2, 'learning_rate': 0.00928654960670537}. Best is trial 42 with value: 1103.8577880859375.
LOCAL_RANK: 0 - CUDA_VISIBLE_DEVICES: [0]
[I 2023-11-30 10:41:23,952] Trial 45 finished with value: 1650.498046875 and parameters: {'gradient_clip_val': 0.8461094551989184, 'hidden_size': 53, 'dropout': 0.3294902184399109, 'hidden_continuous_size': 10, 'attention_head_size': 4, 'learning_rate': 0.018088235729564965}. Best is trial 42 with value: 1103.8577880859375.
LOCAL_RANK: 0 - CUDA_VISIBLE_DEVICES: [0]
[I 2023-11-30 10:41:37,192] Trial 46 finished with value: 1430.8790283203125 and parameters: {'gradient_clip_val': 0.6145585414266783, 'hidden_size': 44, 'dropout': 0.38779129045429483, 'hidden_continuous_size': 19, 'attention_head_size': 1, 'learning_rate': 0.01266876496419927}. Best is trial 42 with value: 1103.8577880859375.
LOCAL_RANK: 0 - CUDA_VISIBLE_DEVICES: [0]
[I 2023-11-30 10:41:49,780] Trial 47 finished with value: 1297.1815185546875 and parameters: {'gradient_clip_val': 0.5340017747334815, 'hidden_size': 29, 'dropout': 0.34507354720627637, 'hidden_continuous_size': 12, 'attention_head_size': 3, 'learning_rate': 0.006831597756299047}. Best is trial 42 with value: 1103.8577880859375.
LOCAL_RANK: 0 - CUDA_VISIBLE_DEVICES: [0]
[I 2023-11-30 10:42:03,936] Trial 48 finished with value: 1445.2633056640625 and parameters: {'gradient_clip_val': 0.38460209502419723, 'hidden_size': 67, 'dropout': 0.39926037209876225, 'hidden_continuous_size': 26, 'attention_head_size': 4, 'learning_rate': 0.014025181699562798}. Best is trial 42 with value: 1103.8577880859375.
LOCAL_RANK: 0 - CUDA_VISIBLE_DEVICES: [0]
[I 2023-11-30 10:42:17,143] Trial 49 finished with value: 1698.3428955078125 and parameters: {'gradient_clip_val': 0.5967796709407728, 'hidden_size': 27, 'dropout': 0.3707979072928224, 'hidden_continuous_size': 13, 'attention_head_size': 3, 'learning_rate': 0.008666231971072188}. Best is trial 42 with value: 1103.8577880859375.
LOCAL_RANK: 0 - CUDA_VISIBLE_DEVICES: [0]
[I 2023-11-30 10:42:30,238] Trial 50 finished with value: 1531.3902587890625 and parameters: {'gradient_clip_val': 0.444513455638122, 'hidden_size': 40, 'dropout': 0.37956359294044345, 'hidden_continuous_size': 16, 'attention_head_size': 2, 'learning_rate': 0.005340437306354709}. Best is trial 42 with value: 1103.8577880859375.
LOCAL_RANK: 0 - CUDA_VISIBLE_DEVICES: [0]
[I 2023-11-30 10:42:43,743] Trial 51 finished with value: 2096.3740234375 and parameters: {'gradient_clip_val': 0.5394493554376322, 'hidden_size': 29, 'dropout': 0.33864577210472924, 'hidden_continuous_size': 12, 'attention_head_size': 3, 'learning_rate': 0.006421907534256966}. Best is trial 42 with value: 1103.8577880859375.
LOCAL_RANK: 0 - CUDA_VISIBLE_DEVICES: [0]
[I 2023-11-30 10:42:56,420] Trial 52 finished with value: 2532.698974609375 and parameters: {'gradient_clip_val': 0.5080389778617663, 'hidden_size': 32, 'dropout': 0.3514766021274356, 'hidden_continuous_size': 11, 'attention_head_size': 3, 'learning_rate': 0.004294476325671783}. Best is trial 42 with value: 1103.8577880859375.
LOCAL_RANK: 0 - CUDA_VISIBLE_DEVICES: [0]
[I 2023-11-30 10:43:09,483] Trial 53 finished with value: 1523.5819091796875 and parameters: {'gradient_clip_val': 0.6258015965500769, 'hidden_size': 33, 'dropout': 0.35708364366094314, 'hidden_continuous_size': 11, 'attention_head_size': 3, 'learning_rate': 0.0070921696839102485}. Best is trial 42 with value: 1103.8577880859375.
LOCAL_RANK: 0 - CUDA_VISIBLE_DEVICES: [0]
[I 2023-11-30 10:43:22,454] Trial 54 finished with value: 1749.6885986328125 and parameters: {'gradient_clip_val': 0.5492469705901989, 'hidden_size': 23, 'dropout': 0.3888020450389983, 'hidden_continuous_size': 14, 'attention_head_size': 3, 'learning_rate': 0.008089906948484882}. Best is trial 42 with value: 1103.8577880859375.
LOCAL_RANK: 0 - CUDA_VISIBLE_DEVICES: [0]
[I 2023-11-30 10:43:35,427] Trial 55 finished with value: 1373.6429443359375 and parameters: {'gradient_clip_val': 0.41229504797878785, 'hidden_size': 29, 'dropout': 0.3640031940950661, 'hidden_continuous_size': 12, 'attention_head_size': 4, 'learning_rate': 0.016506008586737758}. Best is trial 42 with value: 1103.8577880859375.
LOCAL_RANK: 0 - CUDA_VISIBLE_DEVICES: [0]
[I 2023-11-30 10:43:48,649] Trial 56 finished with value: 1828.7491455078125 and parameters: {'gradient_clip_val': 0.6823794360138903, 'hidden_size': 37, 'dropout': 0.33418254799437563, 'hidden_continuous_size': 10, 'attention_head_size': 3, 'learning_rate': 0.006205545371378593}. Best is trial 42 with value: 1103.8577880859375.
LOCAL_RANK: 0 - CUDA_VISIBLE_DEVICES: [0]
[I 2023-11-30 10:44:01,608] Trial 57 finished with value: 1469.8504638671875 and parameters: {'gradient_clip_val': 0.48732550758633436, 'hidden_size': 24, 'dropout': 0.29517609629049324, 'hidden_continuous_size': 13, 'attention_head_size': 4, 'learning_rate': 0.011482109868917033}. Best is trial 42 with value: 1103.8577880859375.
LOCAL_RANK: 0 - CUDA_VISIBLE_DEVICES: [0]
[I 2023-11-30 10:44:15,067] Trial 58 finished with value: 1280.085693359375 and parameters: {'gradient_clip_val': 0.6461852346587375, 'hidden_size': 48, 'dropout': 0.31785553727653976, 'hidden_continuous_size': 15, 'attention_head_size': 2, 'learning_rate': 0.009146010641544734}. Best is trial 42 with value: 1103.8577880859375.
LOCAL_RANK: 0 - CUDA_VISIBLE_DEVICES: [0]
[I 2023-11-30 10:44:28,295] Trial 59 finished with value: 1320.8653564453125 and parameters: {'gradient_clip_val': 0.7249319588945005, 'hidden_size': 47, 'dropout': 0.273924030447263, 'hidden_continuous_size': 15, 'attention_head_size': 2, 'learning_rate': 0.00944665188509854}. Best is trial 42 with value: 1103.8577880859375.
LOCAL_RANK: 0 - CUDA_VISIBLE_DEVICES: [0]
[I 2023-11-30 10:44:42,063] Trial 60 finished with value: 1516.6346435546875 and parameters: {'gradient_clip_val': 0.6477503921807553, 'hidden_size': 54, 'dropout': 0.31632096365602685, 'hidden_continuous_size': 25, 'attention_head_size': 2, 'learning_rate': 0.020279039085821297}. Best is trial 42 with value: 1103.8577880859375.
LOCAL_RANK: 0 - CUDA_VISIBLE_DEVICES: [0]
[I 2023-11-30 10:44:55,776] Trial 61 finished with value: 1315.2562255859375 and parameters: {'gradient_clip_val': 0.5966018287410663, 'hidden_size': 42, 'dropout': 0.3039876933269229, 'hidden_continuous_size': 12, 'attention_head_size': 2, 'learning_rate': 0.014251436497237384}. Best is trial 42 with value: 1103.8577880859375.
LOCAL_RANK: 0 - CUDA_VISIBLE_DEVICES: [0]
[I 2023-11-30 10:45:08,471] Trial 62 finished with value: 2779.501953125 and parameters: {'gradient_clip_val': 0.5463797251970222, 'hidden_size': 33, 'dropout': 0.32568487381903516, 'hidden_continuous_size': 11, 'attention_head_size': 2, 'learning_rate': 0.0046672983464553465}. Best is trial 42 with value: 1103.8577880859375.
LOCAL_RANK: 0 - CUDA_VISIBLE_DEVICES: [0]
[I 2023-11-30 10:45:22,138] Trial 63 finished with value: 1340.75048828125 and parameters: {'gradient_clip_val': 0.8055640334366038, 'hidden_size': 62, 'dropout': 0.347164153749584, 'hidden_continuous_size': 27, 'attention_head_size': 1, 'learning_rate': 0.008740312038540584}. Best is trial 42 with value: 1103.8577880859375.
LOCAL_RANK: 0 - CUDA_VISIBLE_DEVICES: [0]
[I 2023-11-30 10:45:35,710] Trial 64 finished with value: 1446.6572265625 and parameters: {'gradient_clip_val': 0.6485043967199206, 'hidden_size': 38, 'dropout': 0.3064954053594511, 'hidden_continuous_size': 20, 'attention_head_size': 3, 'learning_rate': 0.006641641044488643}. Best is trial 42 with value: 1103.8577880859375.
LOCAL_RANK: 0 - CUDA_VISIBLE_DEVICES: [0]
[I 2023-11-30 10:45:48,469] Trial 65 finished with value: 1873.3902587890625 and parameters: {'gradient_clip_val': 0.7186910419750998, 'hidden_size': 19, 'dropout': 0.2911501541792263, 'hidden_continuous_size': 13, 'attention_head_size': 3, 'learning_rate': 0.01205402238340518}. Best is trial 42 with value: 1103.8577880859375.
LOCAL_RANK: 0 - CUDA_VISIBLE_DEVICES: [0]
[I 2023-11-30 10:46:02,060] Trial 66 finished with value: 1348.9561767578125 and parameters: {'gradient_clip_val': 0.4802201880408972, 'hidden_size': 47, 'dropout': 0.390784672322945, 'hidden_continuous_size': 10, 'attention_head_size': 4, 'learning_rate': 0.010082438399792162}. Best is trial 42 with value: 1103.8577880859375.
LOCAL_RANK: 0 - CUDA_VISIBLE_DEVICES: [0]
