[I 2023-11-30 08:37:56,293] Trial 86 finished with value: 17.196428298950195 and parameters: {'gradient_clip_val': 0.6429992994599585, 'hidden_size': 29, 'dropout': 0.34053087034626994, 'hidden_continuous_size': 16, 'attention_head_size': 2, 'learning_rate': 0.047890515671236186}. Best is trial 71 with value: 13.158875465393066.
LOCAL_RANK: 0 - CUDA_VISIBLE_DEVICES: [0]
[I 2023-11-30 08:38:09,557] Trial 87 finished with value: 19.247934341430664 and parameters: {'gradient_clip_val': 0.48269741736455046, 'hidden_size': 53, 'dropout': 0.36568292383382284, 'hidden_continuous_size': 38, 'attention_head_size': 2, 'learning_rate': 0.021837688852296193}. Best is trial 71 with value: 13.158875465393066.
LOCAL_RANK: 0 - CUDA_VISIBLE_DEVICES: [0]
[I 2023-11-30 08:38:21,836] Trial 88 finished with value: 18.45293617248535 and parameters: {'gradient_clip_val': 0.785271099665934, 'hidden_size': 32, 'dropout': 0.3840203107913988, 'hidden_continuous_size': 13, 'attention_head_size': 3, 'learning_rate': 0.024796657578012977}. Best is trial 71 with value: 13.158875465393066.
LOCAL_RANK: 0 - CUDA_VISIBLE_DEVICES: [0]
[I 2023-11-30 08:38:34,617] Trial 89 finished with value: 16.932035446166992 and parameters: {'gradient_clip_val': 0.7127316471185973, 'hidden_size': 50, 'dropout': 0.3245819425486435, 'hidden_continuous_size': 12, 'attention_head_size': 2, 'learning_rate': 0.02781041443504593}. Best is trial 71 with value: 13.158875465393066.
LOCAL_RANK: 0 - CUDA_VISIBLE_DEVICES: [0]
[I 2023-11-30 08:38:47,604] Trial 90 finished with value: 13.561264991760254 and parameters: {'gradient_clip_val': 0.5783918011906996, 'hidden_size': 39, 'dropout': 0.3889588659538852, 'hidden_continuous_size': 27, 'attention_head_size': 2, 'learning_rate': 0.03882634026612384}. Best is trial 71 with value: 13.158875465393066.
LOCAL_RANK: 0 - CUDA_VISIBLE_DEVICES: [0]
[I 2023-11-30 08:39:00,463] Trial 91 finished with value: 13.914878845214844 and parameters: {'gradient_clip_val': 0.6099798282550668, 'hidden_size': 43, 'dropout': 0.3560105071547363, 'hidden_continuous_size': 22, 'attention_head_size': 2, 'learning_rate': 0.039744087859402415}. Best is trial 71 with value: 13.158875465393066.
LOCAL_RANK: 0 - CUDA_VISIBLE_DEVICES: [0]
[I 2023-11-30 08:39:13,376] Trial 92 finished with value: 13.89652156829834 and parameters: {'gradient_clip_val': 0.5731256766663942, 'hidden_size': 46, 'dropout': 0.3920554880202375, 'hidden_continuous_size': 28, 'attention_head_size': 2, 'learning_rate': 0.04041527458630948}. Best is trial 71 with value: 13.158875465393066.
LOCAL_RANK: 0 - CUDA_VISIBLE_DEVICES: [0]
[I 2023-11-30 08:39:26,326] Trial 93 finished with value: 13.97150707244873 and parameters: {'gradient_clip_val': 0.5785142662445548, 'hidden_size': 47, 'dropout': 0.39374844965646316, 'hidden_continuous_size': 27, 'attention_head_size': 2, 'learning_rate': 0.03142006829696864}. Best is trial 71 with value: 13.158875465393066.
LOCAL_RANK: 0 - CUDA_VISIBLE_DEVICES: [0]
[I 2023-11-30 08:39:39,146] Trial 94 finished with value: 16.582883834838867 and parameters: {'gradient_clip_val': 0.5750935678718155, 'hidden_size': 42, 'dropout': 0.3916944903323016, 'hidden_continuous_size': 25, 'attention_head_size': 2, 'learning_rate': 0.038930378725787446}. Best is trial 71 with value: 13.158875465393066.
LOCAL_RANK: 0 - CUDA_VISIBLE_DEVICES: [0]
[I 2023-11-30 08:39:52,116] Trial 95 finished with value: 14.89175796508789 and parameters: {'gradient_clip_val': 0.6024685291934297, 'hidden_size': 46, 'dropout': 0.38879541479645524, 'hidden_continuous_size': 27, 'attention_head_size': 2, 'learning_rate': 0.03260807828035581}. Best is trial 71 with value: 13.158875465393066.
LOCAL_RANK: 0 - CUDA_VISIBLE_DEVICES: [0]
[I 2023-11-30 08:40:04,883] Trial 96 finished with value: 16.964080810546875 and parameters: {'gradient_clip_val': 0.5284945294853711, 'hidden_size': 38, 'dropout': 0.3961441397886161, 'hidden_continuous_size': 28, 'attention_head_size': 2, 'learning_rate': 0.04085923097447833}. Best is trial 71 with value: 13.158875465393066.
LOCAL_RANK: 0 - CUDA_VISIBLE_DEVICES: [0]
[I 2023-11-30 08:40:17,627] Trial 97 finished with value: 21.38136100769043 and parameters: {'gradient_clip_val': 0.5609951804283462, 'hidden_size': 44, 'dropout': 0.3784422147021685, 'hidden_continuous_size': 22, 'attention_head_size': 2, 'learning_rate': 0.05280192656713091}. Best is trial 71 with value: 13.158875465393066.
LOCAL_RANK: 0 - CUDA_VISIBLE_DEVICES: [0]
[I 2023-11-30 08:40:30,334] Trial 98 finished with value: 18.88873291015625 and parameters: {'gradient_clip_val': 0.6066680120554552, 'hidden_size': 39, 'dropout': 0.3857715168130271, 'hidden_continuous_size': 29, 'attention_head_size': 2, 'learning_rate': 0.03597092794400257}. Best is trial 71 with value: 13.158875465393066.
LOCAL_RANK: 0 - CUDA_VISIBLE_DEVICES: [0]
[I 2023-11-30 08:40:43,262] Trial 99 finished with value: 19.187503814697266 and parameters: {'gradient_clip_val': 0.6637656782404702, 'hidden_size': 49, 'dropout': 0.3937538404592009, 'hidden_continuous_size': 24, 'attention_head_size': 2, 'learning_rate': 0.026412001426933257}. Best is trial 71 with value: 13.158875465393066.
LOCAL_RANK: 0 - CUDA_VISIBLE_DEVICES: [0]
[I 2023-11-30 08:40:56,236] Trial 100 finished with value: 18.145742416381836 and parameters: {'gradient_clip_val': 0.6256601712910191, 'hidden_size': 41, 'dropout': 0.3804974138517575, 'hidden_continuous_size': 26, 'attention_head_size': 2, 'learning_rate': 0.03086639642353175}. Best is trial 71 with value: 13.158875465393066.
LOCAL_RANK: 0 - CUDA_VISIBLE_DEVICES: [0]
[I 2023-11-30 08:41:09,541] Trial 101 finished with value: 21.310380935668945 and parameters: {'gradient_clip_val': 0.5124378779095417, 'hidden_size': 58, 'dropout': 0.3746333134540965, 'hidden_continuous_size': 31, 'attention_head_size': 2, 'learning_rate': 0.04463267052681873}. Best is trial 71 with value: 13.158875465393066.
LOCAL_RANK: 0 - CUDA_VISIBLE_DEVICES: [0]
[I 2023-11-30 08:41:22,247] Trial 102 finished with value: 17.863550186157227 and parameters: {'gradient_clip_val': 0.5531203180522684, 'hidden_size': 35, 'dropout': 0.35745606260033475, 'hidden_continuous_size': 23, 'attention_head_size': 2, 'learning_rate': 0.019953752888717625}. Best is trial 71 with value: 13.158875465393066.
LOCAL_RANK: 0 - CUDA_VISIBLE_DEVICES: [0]
[I 2023-11-30 08:41:35,093] Trial 103 finished with value: 14.003974914550781 and parameters: {'gradient_clip_val': 0.580621745955338, 'hidden_size': 47, 'dropout': 0.36817545038327976, 'hidden_continuous_size': 22, 'attention_head_size': 2, 'learning_rate': 0.035255261108347834}. Best is trial 71 with value: 13.158875465393066.
LOCAL_RANK: 0 - CUDA_VISIBLE_DEVICES: [0]
[I 2023-11-30 08:41:47,769] Trial 104 finished with value: 16.48234748840332 and parameters: {'gradient_clip_val': 0.5766694805228545, 'hidden_size': 47, 'dropout': 0.39945434301280053, 'hidden_continuous_size': 21, 'attention_head_size': 2, 'learning_rate': 0.037296867498650216}. Best is trial 71 with value: 13.158875465393066.
LOCAL_RANK: 0 - CUDA_VISIBLE_DEVICES: [0]
[I 2023-11-30 08:42:00,538] Trial 105 finished with value: 16.432830810546875 and parameters: {'gradient_clip_val': 0.535999101298215, 'hidden_size': 44, 'dropout': 0.36815437831370124, 'hidden_continuous_size': 22, 'attention_head_size': 2, 'learning_rate': 0.0406091336614751}. Best is trial 71 with value: 13.158875465393066.
LOCAL_RANK: 0 - CUDA_VISIBLE_DEVICES: [0]
[I 2023-11-30 08:42:13,612] Trial 106 finished with value: 15.88472843170166 and parameters: {'gradient_clip_val': 0.6550435624191026, 'hidden_size': 53, 'dropout': 0.363500478393897, 'hidden_continuous_size': 21, 'attention_head_size': 2, 'learning_rate': 0.03401800646830599}. Best is trial 71 with value: 13.158875465393066.
LOCAL_RANK: 0 - CUDA_VISIBLE_DEVICES: [0]
[I 2023-11-30 08:42:26,199] Trial 107 finished with value: 21.726104736328125 and parameters: {'gradient_clip_val': 0.6216830718856986, 'hidden_size': 41, 'dropout': 0.38159038778473353, 'hidden_continuous_size': 24, 'attention_head_size': 2, 'learning_rate': 0.028632218528802714}. Best is trial 71 with value: 13.158875465393066.
LOCAL_RANK: 0 - CUDA_VISIBLE_DEVICES: [0]
[I 2023-11-30 08:42:38,998] Trial 108 finished with value: 15.767821311950684 and parameters: {'gradient_clip_val': 0.4625796506030187, 'hidden_size': 48, 'dropout': 0.3734174588337595, 'hidden_continuous_size': 27, 'attention_head_size': 2, 'learning_rate': 0.024034787616050077}. Best is trial 71 with value: 13.158875465393066.
LOCAL_RANK: 0 - CUDA_VISIBLE_DEVICES: [0]
[I 2023-11-30 08:42:51,637] Trial 109 finished with value: 19.420930862426758 and parameters: {'gradient_clip_val': 0.5033539028456574, 'hidden_size': 38, 'dropout': 0.34549603055791966, 'hidden_continuous_size': 25, 'attention_head_size': 1, 'learning_rate': 0.04917641132891873}. Best is trial 71 with value: 13.158875465393066.
LOCAL_RANK: 0 - CUDA_VISIBLE_DEVICES: [0]
[I 2023-11-30 08:43:04,861] Trial 110 finished with value: 19.995269775390625 and parameters: {'gradient_clip_val': 0.5799901222226482, 'hidden_size': 51, 'dropout': 0.3880470117776912, 'hidden_continuous_size': 30, 'attention_head_size': 2, 'learning_rate': 0.0317886483621426}. Best is trial 71 with value: 13.158875465393066.
LOCAL_RANK: 0 - CUDA_VISIBLE_DEVICES: [0]
[I 2023-11-30 08:43:18,253] Trial 111 finished with value: 15.171788215637207 and parameters: {'gradient_clip_val': 0.43628560814222195, 'hidden_size': 62, 'dropout': 0.35746525809247137, 'hidden_continuous_size': 35, 'attention_head_size': 2, 'learning_rate': 0.03629122109909197}. Best is trial 71 with value: 13.158875465393066.
LOCAL_RANK: 0 - CUDA_VISIBLE_DEVICES: [0]
[I 2023-11-30 08:43:31,272] Trial 112 finished with value: 19.17367935180664 and parameters: {'gradient_clip_val': 0.4839888418512087, 'hidden_size': 46, 'dropout': 0.35442864968410287, 'hidden_continuous_size': 29, 'attention_head_size': 2, 'learning_rate': 0.04354129554198996}. Best is trial 71 with value: 13.158875465393066.
LOCAL_RANK: 0 - CUDA_VISIBLE_DEVICES: [0]
[I 2023-11-30 08:43:44,633] Trial 113 finished with value: 17.403268814086914 and parameters: {'gradient_clip_val': 0.685584974673101, 'hidden_size': 55, 'dropout': 0.37126854666883147, 'hidden_continuous_size': 40, 'attention_head_size': 2, 'learning_rate': 0.026330294293584078}. Best is trial 71 with value: 13.158875465393066.
LOCAL_RANK: 0 - CUDA_VISIBLE_DEVICES: [0]
[I 2023-11-30 08:43:57,326] Trial 114 finished with value: 17.444562911987305 and parameters: {'gradient_clip_val': 0.5254536531996714, 'hidden_size': 43, 'dropout': 0.3640971276534456, 'hidden_continuous_size': 20, 'attention_head_size': 2, 'learning_rate': 0.03908672903622993}. Best is trial 71 with value: 13.158875465393066.
LOCAL_RANK: 0 - CUDA_VISIBLE_DEVICES: [0]
[I 2023-11-30 08:44:10,160] Trial 115 finished with value: 20.06022071838379 and parameters: {'gradient_clip_val': 0.5950233812222646, 'hidden_size': 35, 'dropout': 0.35118725673980405, 'hidden_continuous_size': 19, 'attention_head_size': 2, 'learning_rate': 0.03019125771122099}. Best is trial 71 with value: 13.158875465393066.
LOCAL_RANK: 0 - CUDA_VISIBLE_DEVICES: [0]
[I 2023-11-30 08:44:22,804] Trial 116 finished with value: 14.24737548828125 and parameters: {'gradient_clip_val': 0.624179463571178, 'hidden_size': 40, 'dropout': 0.3896952381772165, 'hidden_continuous_size': 33, 'attention_head_size': 2, 'learning_rate': 0.022990097017260822}. Best is trial 71 with value: 13.158875465393066.
LOCAL_RANK: 0 - CUDA_VISIBLE_DEVICES: [0]
[I 2023-11-30 08:44:35,336] Trial 117 finished with value: 15.635714530944824 and parameters: {'gradient_clip_val': 0.6197989551681734, 'hidden_size': 40, 'dropout': 0.3919282011639339, 'hidden_continuous_size': 27, 'attention_head_size': 2, 'learning_rate': 0.05427103370128343}. Best is trial 71 with value: 13.158875465393066.
LOCAL_RANK: 0 - CUDA_VISIBLE_DEVICES: [0]
[I 2023-11-30 08:44:48,076] Trial 118 finished with value: 18.835277557373047 and parameters: {'gradient_clip_val': 0.5624309098730637, 'hidden_size': 33, 'dropout': 0.37918390520866896, 'hidden_continuous_size': 28, 'attention_head_size': 2, 'learning_rate': 0.022315250548751754}. Best is trial 71 with value: 13.158875465393066.
LOCAL_RANK: 0 - CUDA_VISIBLE_DEVICES: [0]
[I 2023-11-30 08:45:00,597] Trial 119 finished with value: 15.928385734558105 and parameters: {'gradient_clip_val': 0.6597933595612264, 'hidden_size': 36, 'dropout': 0.38775502055002126, 'hidden_continuous_size': 23, 'attention_head_size': 2, 'learning_rate': 0.02772535300341424}. Best is trial 71 with value: 13.158875465393066.
LOCAL_RANK: 0 - CUDA_VISIBLE_DEVICES: [0]
[I 2023-11-30 08:45:13,403] Trial 120 finished with value: 16.37742042541504 and parameters: {'gradient_clip_val': 0.5480610246763524, 'hidden_size': 31, 'dropout': 0.39958109792947777, 'hidden_continuous_size': 24, 'attention_head_size': 2, 'learning_rate': 0.04600972085928508}. Best is trial 71 with value: 13.158875465393066.
LOCAL_RANK: 0 - CUDA_VISIBLE_DEVICES: [0]
[I 2023-11-30 08:45:26,176] Trial 121 finished with value: 20.09029197692871 and parameters: {'gradient_clip_val': 0.6316110793642236, 'hidden_size': 38, 'dropout': 0.3830756324033519, 'hidden_continuous_size': 32, 'attention_head_size': 2, 'learning_rate': 0.02494455391609418}. Best is trial 71 with value: 13.158875465393066.
LOCAL_RANK: 0 - CUDA_VISIBLE_DEVICES: [0]
[I 2023-11-30 08:45:39,193] Trial 122 finished with value: 17.796110153198242 and parameters: {'gradient_clip_val': 0.7039730573906424, 'hidden_size': 45, 'dropout': 0.3731103618238424, 'hidden_continuous_size': 34, 'attention_head_size': 2, 'learning_rate': 0.013064722960574354}. Best is trial 71 with value: 13.158875465393066.
LOCAL_RANK: 0 - CUDA_VISIBLE_DEVICES: [0]
[I 2023-11-30 08:45:52,465] Trial 123 finished with value: 14.87576961517334 and parameters: {'gradient_clip_val': 0.5061252736460788, 'hidden_size': 49, 'dropout': 0.39272454882188607, 'hidden_continuous_size': 36, 'attention_head_size': 2, 'learning_rate': 0.03605984320390458}. Best is trial 71 with value: 13.158875465393066.
LOCAL_RANK: 0 - CUDA_VISIBLE_DEVICES: [0]
[I 2023-11-30 08:46:05,427] Trial 124 finished with value: 15.472338676452637 and parameters: {'gradient_clip_val': 0.7531443138661518, 'hidden_size': 42, 'dropout': 0.3649681219748829, 'hidden_continuous_size': 33, 'attention_head_size': 2, 'learning_rate': 0.017520410250714307}. Best is trial 71 with value: 13.158875465393066.
LOCAL_RANK: 0 - CUDA_VISIBLE_DEVICES: [0]
[I 2023-11-30 08:46:18,083] Trial 125 finished with value: 17.059110641479492 and parameters: {'gradient_clip_val': 0.5789248016103367, 'hidden_size': 40, 'dropout': 0.3454650059765206, 'hidden_continuous_size': 32, 'attention_head_size': 2, 'learning_rate': 0.033291439300000704}. Best is trial 71 with value: 13.158875465393066.
LOCAL_RANK: 0 - CUDA_VISIBLE_DEVICES: [0]
[I 2023-11-30 08:46:30,656] Trial 126 finished with value: 17.26357078552246 and parameters: {'gradient_clip_val': 0.6715900197727079, 'hidden_size': 33, 'dropout': 0.33809483448604877, 'hidden_continuous_size': 30, 'attention_head_size': 2, 'learning_rate': 0.04138059937855516}. Best is trial 71 with value: 13.158875465393066.
LOCAL_RANK: 0 - CUDA_VISIBLE_DEVICES: [0]
[I 2023-11-30 08:46:43,422] Trial 127 finished with value: 16.01444435119629 and parameters: {'gradient_clip_val': 0.8088110541644666, 'hidden_size': 44, 'dropout': 0.3767037297319827, 'hidden_continuous_size': 26, 'attention_head_size': 2, 'learning_rate': 0.021263504688713793}. Best is trial 71 with value: 13.158875465393066.
LOCAL_RANK: 0 - CUDA_VISIBLE_DEVICES: [0]
[I 2023-11-30 08:46:56,076] Trial 128 finished with value: 16.461502075195312 and parameters: {'gradient_clip_val': 0.5332165152094657, 'hidden_size': 30, 'dropout': 0.32894840102744494, 'hidden_continuous_size': 28, 'attention_head_size': 2, 'learning_rate': 0.029768669492401215}. Best is trial 71 with value: 13.158875465393066.
LOCAL_RANK: 0 - CUDA_VISIBLE_DEVICES: [0]
[I 2023-11-30 08:47:09,409] Trial 129 finished with value: 19.807571411132812 and parameters: {'gradient_clip_val': 0.4650273168763962, 'hidden_size': 52, 'dropout': 0.3569119568829712, 'hidden_continuous_size': 44, 'attention_head_size': 2, 'learning_rate': 0.016129679093122594}. Best is trial 71 with value: 13.158875465393066.
LOCAL_RANK: 0 - CUDA_VISIBLE_DEVICES: [0]
[I 2023-11-30 08:47:22,250] Trial 130 finished with value: 16.466445922851562 and parameters: {'gradient_clip_val': 0.6016616900466785, 'hidden_size': 37, 'dropout': 0.3850269542909437, 'hidden_continuous_size': 26, 'attention_head_size': 2, 'learning_rate': 0.019127150250851627}. Best is trial 71 with value: 13.158875465393066.
LOCAL_RANK: 0 - CUDA_VISIBLE_DEVICES: [0]
[I 2023-11-30 08:47:34,523] Trial 131 finished with value: 20.91166877746582 and parameters: {'gradient_clip_val': 0.49502562362369545, 'hidden_size': 23, 'dropout': 0.36797486464528545, 'hidden_continuous_size': 22, 'attention_head_size': 2, 'learning_rate': 0.051625853707490676}. Best is trial 71 with value: 13.158875465393066.
LOCAL_RANK: 0 - CUDA_VISIBLE_DEVICES: [0]
[I 2023-11-30 08:47:47,743] Trial 132 finished with value: 17.669710159301758 and parameters: {'gradient_clip_val': 0.4441294113706615, 'hidden_size': 47, 'dropout': 0.27331726587989025, 'hidden_continuous_size': 41, 'attention_head_size': 2, 'learning_rate': 0.045617959754676266}. Best is trial 71 with value: 13.158875465393066.
LOCAL_RANK: 0 - CUDA_VISIBLE_DEVICES: [0]
[I 2023-11-30 08:48:00,578] Trial 133 finished with value: 16.103729248046875 and parameters: {'gradient_clip_val': 0.4810709571838018, 'hidden_size': 42, 'dropout': 0.2799373217128794, 'hidden_continuous_size': 35, 'attention_head_size': 2, 'learning_rate': 0.03953652181444581}. Best is trial 71 with value: 13.158875465393066.
LOCAL_RANK: 0 - CUDA_VISIBLE_DEVICES: [0]
[I 2023-11-30 08:48:12,858] Trial 134 finished with value: 17.3876895904541 and parameters: {'gradient_clip_val': 0.547372096263773, 'hidden_size': 22, 'dropout': 0.31300665697720537, 'hidden_continuous_size': 20, 'attention_head_size': 2, 'learning_rate': 0.059326579173965964}. Best is trial 71 with value: 13.158875465393066.
LOCAL_RANK: 0 - CUDA_VISIBLE_DEVICES: [0]
[I 2023-11-30 08:48:25,520] Trial 135 finished with value: 17.90407943725586 and parameters: {'gradient_clip_val': 0.6325604077419549, 'hidden_size': 26, 'dropout': 0.2628280257808349, 'hidden_continuous_size': 25, 'attention_head_size': 2, 'learning_rate': 0.034794687934265066}. Best is trial 71 with value: 13.158875465393066.
LOCAL_RANK: 0 - CUDA_VISIBLE_DEVICES: [0]
[I 2023-11-30 08:48:38,179] Trial 136 finished with value: 15.863268852233887 and parameters: {'gradient_clip_val': 0.5877344124483733, 'hidden_size': 34, 'dropout': 0.2529106084468289, 'hidden_continuous_size': 31, 'attention_head_size': 2, 'learning_rate': 0.03161242267350564}. Best is trial 71 with value: 13.158875465393066.
LOCAL_RANK: 0 - CUDA_VISIBLE_DEVICES: [0]
[I 2023-11-30 08:48:50,904] Trial 137 finished with value: 19.79378318786621 and parameters: {'gradient_clip_val': 0.5093959645255555, 'hidden_size': 39, 'dropout': 0.35015704541684717, 'hidden_continuous_size': 29, 'attention_head_size': 2, 'learning_rate': 0.0431187277460826}. Best is trial 71 with value: 13.158875465393066.
LOCAL_RANK: 0 - CUDA_VISIBLE_DEVICES: [0]
[I 2023-11-30 08:49:03,808] Trial 138 finished with value: 16.55327033996582 and parameters: {'gradient_clip_val': 0.4137632254109776, 'hidden_size': 50, 'dropout': 0.36133864638314356, 'hidden_continuous_size': 14, 'attention_head_size': 2, 'learning_rate': 0.04976214390854217}. Best is trial 71 with value: 13.158875465393066.
LOCAL_RANK: 0 - CUDA_VISIBLE_DEVICES: [0]
[I 2023-11-30 08:49:16,432] Trial 139 finished with value: 16.214567184448242 and parameters: {'gradient_clip_val': 0.7160010790009079, 'hidden_size': 36, 'dropout': 0.34073921478999053, 'hidden_continuous_size': 32, 'attention_head_size': 2, 'learning_rate': 0.024187657766962165}. Best is trial 71 with value: 13.158875465393066.
LOCAL_RANK: 0 - CUDA_VISIBLE_DEVICES: [0]
[I 2023-11-30 08:49:29,470] Trial 140 finished with value: 26.253463745117188 and parameters: {'gradient_clip_val': 0.8652842204799036, 'hidden_size': 56, 'dropout': 0.37989926540158153, 'hidden_continuous_size': 18, 'attention_head_size': 2, 'learning_rate': 0.02732194118228809}. Best is trial 71 with value: 13.158875465393066.
LOCAL_RANK: 0 - CUDA_VISIBLE_DEVICES: [0]
[I 2023-11-30 08:49:42,232] Trial 141 finished with value: 19.7924861907959 and parameters: {'gradient_clip_val': 0.7430618175365571, 'hidden_size': 38, 'dropout': 0.37061395615461284, 'hidden_continuous_size': 30, 'attention_head_size': 2, 'learning_rate': 0.038186506974236915}. Best is trial 71 with value: 13.158875465393066.
LOCAL_RANK: 0 - CUDA_VISIBLE_DEVICES: [0]
[I 2023-11-30 08:49:55,091] Trial 142 finished with value: 19.35512351989746 and parameters: {'gradient_clip_val': 0.6500904744112314, 'hidden_size': 45, 'dropout': 0.2861325236452642, 'hidden_continuous_size': 14, 'attention_head_size': 3, 'learning_rate': 0.057676100203182305}. Best is trial 71 with value: 13.158875465393066.
LOCAL_RANK: 0 - CUDA_VISIBLE_DEVICES: [0]
[I 2023-11-30 08:50:07,455] Trial 143 finished with value: 14.318591117858887 and parameters: {'gradient_clip_val': 0.6941416429317901, 'hidden_size': 28, 'dropout': 0.2433229570926821, 'hidden_continuous_size': 26, 'attention_head_size': 3, 'learning_rate': 0.04688794266221218}. Best is trial 71 with value: 13.158875465393066.
LOCAL_RANK: 0 - CUDA_VISIBLE_DEVICES: [0]
[I 2023-11-30 08:50:19,802] Trial 144 finished with value: 18.837385177612305 and parameters: {'gradient_clip_val': 0.5637065795108168, 'hidden_size': 28, 'dropout': 0.232526378925983, 'hidden_continuous_size': 27, 'attention_head_size': 3, 'learning_rate': 0.06852644521507183}. Best is trial 71 with value: 13.158875465393066.
LOCAL_RANK: 0 - CUDA_VISIBLE_DEVICES: [0]
