[I 2023-11-30 13:18:44,204] Trial 18 finished with value: 407.1538391113281 and parameters: {'gradient_clip_val': 0.1940766447188755, 'hidden_size': 64, 'dropout': 0.22877498245625827, 'hidden_continuous_size': 18, 'attention_head_size': 3, 'learning_rate': 0.01632032433842824}. Best is trial 8 with value: 345.5756530761719.
LOCAL_RANK: 0 - CUDA_VISIBLE_DEVICES: [0]
[I 2023-11-30 13:18:58,247] Trial 19 finished with value: 335.7431640625 and parameters: {'gradient_clip_val': 0.3077183747565132, 'hidden_size': 112, 'dropout': 0.27195556587338326, 'hidden_continuous_size': 70, 'attention_head_size': 2, 'learning_rate': 0.0031984566368475483}. Best is trial 19 with value: 335.7431640625.
LOCAL_RANK: 0 - CUDA_VISIBLE_DEVICES: [0]
[I 2023-11-30 13:19:12,280] Trial 20 finished with value: 398.154296875 and parameters: {'gradient_clip_val': 0.2789930885445334, 'hidden_size': 100, 'dropout': 0.39758100830796406, 'hidden_continuous_size': 83, 'attention_head_size': 1, 'learning_rate': 0.00321651341577158}. Best is trial 19 with value: 335.7431640625.
LOCAL_RANK: 0 - CUDA_VISIBLE_DEVICES: [0]
[I 2023-11-30 13:19:26,034] Trial 21 finished with value: 396.353271484375 and parameters: {'gradient_clip_val': 0.3382134699488797, 'hidden_size': 112, 'dropout': 0.2697825066152032, 'hidden_continuous_size': 56, 'attention_head_size': 2, 'learning_rate': 0.007817889770482957}. Best is trial 19 with value: 335.7431640625.
LOCAL_RANK: 0 - CUDA_VISIBLE_DEVICES: [0]
[I 2023-11-30 13:19:40,084] Trial 22 finished with value: 343.2796936035156 and parameters: {'gradient_clip_val': 0.44658787147708656, 'hidden_size': 120, 'dropout': 0.28061713406334593, 'hidden_continuous_size': 73, 'attention_head_size': 2, 'learning_rate': 0.0033437972415890447}. Best is trial 19 with value: 335.7431640625.
LOCAL_RANK: 0 - CUDA_VISIBLE_DEVICES: [0]
[I 2023-11-30 13:19:54,765] Trial 23 finished with value: 435.769287109375 and parameters: {'gradient_clip_val': 0.29881142310639563, 'hidden_size': 150, 'dropout': 0.2873338833577338, 'hidden_continuous_size': 84, 'attention_head_size': 2, 'learning_rate': 0.0032725334050481554}. Best is trial 19 with value: 335.7431640625.
LOCAL_RANK: 0 - CUDA_VISIBLE_DEVICES: [0]
[I 2023-11-30 13:20:08,556] Trial 24 finished with value: 570.47705078125 and parameters: {'gradient_clip_val': 0.5330563224983276, 'hidden_size': 113, 'dropout': 0.3005722035699635, 'hidden_continuous_size': 39, 'attention_head_size': 1, 'learning_rate': 0.0022292759701821223}. Best is trial 19 with value: 335.7431640625.
LOCAL_RANK: 0 - CUDA_VISIBLE_DEVICES: [0]
[I 2023-11-30 13:20:22,110] Trial 25 finished with value: 369.8685607910156 and parameters: {'gradient_clip_val': 0.33622224641200166, 'hidden_size': 84, 'dropout': 0.2667811382917631, 'hidden_continuous_size': 33, 'attention_head_size': 2, 'learning_rate': 0.0038500017316458602}. Best is trial 19 with value: 335.7431640625.
LOCAL_RANK: 0 - CUDA_VISIBLE_DEVICES: [0]
[I 2023-11-30 13:20:34,975] Trial 26 finished with value: 594.7642822265625 and parameters: {'gradient_clip_val': 0.22914137064840337, 'hidden_size': 57, 'dropout': 0.2266023743323423, 'hidden_continuous_size': 15, 'attention_head_size': 2, 'learning_rate': 0.002221022327191268}. Best is trial 19 with value: 335.7431640625.
LOCAL_RANK: 0 - CUDA_VISIBLE_DEVICES: [0]
[I 2023-11-30 13:20:48,340] Trial 27 finished with value: 387.5985107421875 and parameters: {'gradient_clip_val': 0.37253654041538625, 'hidden_size': 73, 'dropout': 0.33580275893285805, 'hidden_continuous_size': 24, 'attention_head_size': 1, 'learning_rate': 0.009070020661571733}. Best is trial 19 with value: 335.7431640625.
LOCAL_RANK: 0 - CUDA_VISIBLE_DEVICES: [0]
[I 2023-11-30 13:21:02,284] Trial 28 finished with value: 368.134765625 and parameters: {'gradient_clip_val': 0.28215480862726594, 'hidden_size': 100, 'dropout': 0.2728047917428737, 'hidden_continuous_size': 44, 'attention_head_size': 2, 'learning_rate': 0.004599336684326481}. Best is trial 19 with value: 335.7431640625.
LOCAL_RANK: 0 - CUDA_VISIBLE_DEVICES: [0]
[I 2023-11-30 13:21:15,499] Trial 29 finished with value: 618.1615600585938 and parameters: {'gradient_clip_val': 0.2523462211636135, 'hidden_size': 73, 'dropout': 0.3264039128758435, 'hidden_continuous_size': 31, 'attention_head_size': 1, 'learning_rate': 0.0017391599609554243}. Best is trial 19 with value: 335.7431640625.
LOCAL_RANK: 0 - CUDA_VISIBLE_DEVICES: [0]
[I 2023-11-30 13:21:29,761] Trial 30 finished with value: 387.869384765625 and parameters: {'gradient_clip_val': 0.5037405498025439, 'hidden_size': 118, 'dropout': 0.3047440679383792, 'hidden_continuous_size': 70, 'attention_head_size': 2, 'learning_rate': 0.013537273942698696}. Best is trial 19 with value: 335.7431640625.
LOCAL_RANK: 0 - CUDA_VISIBLE_DEVICES: [0]
[I 2023-11-30 13:21:43,783] Trial 31 finished with value: 421.6853942871094 and parameters: {'gradient_clip_val': 0.28371224450727994, 'hidden_size': 98, 'dropout': 0.2694968249834775, 'hidden_continuous_size': 51, 'attention_head_size': 2, 'learning_rate': 0.005906169819691331}. Best is trial 19 with value: 335.7431640625.
LOCAL_RANK: 0 - CUDA_VISIBLE_DEVICES: [0]
[I 2023-11-30 13:21:57,579] Trial 32 finished with value: 401.4905700683594 and parameters: {'gradient_clip_val': 0.21669461242593313, 'hidden_size': 86, 'dropout': 0.282269849442076, 'hidden_continuous_size': 49, 'attention_head_size': 2, 'learning_rate': 0.004084740811227686}. Best is trial 19 with value: 335.7431640625.
LOCAL_RANK: 0 - CUDA_VISIBLE_DEVICES: [0]
[I 2023-11-30 13:22:12,158] Trial 33 finished with value: 372.636474609375 and parameters: {'gradient_clip_val': 0.3162429443872778, 'hidden_size': 129, 'dropout': 0.30449420621194895, 'hidden_continuous_size': 68, 'attention_head_size': 3, 'learning_rate': 0.0029119835474400303}. Best is trial 19 with value: 335.7431640625.
LOCAL_RANK: 0 - CUDA_VISIBLE_DEVICES: [0]
[I 2023-11-30 13:22:26,017] Trial 34 finished with value: 323.800537109375 and parameters: {'gradient_clip_val': 0.3592371001008114, 'hidden_size': 102, 'dropout': 0.31333705908532705, 'hidden_continuous_size': 38, 'attention_head_size': 2, 'learning_rate': 0.005216917371762094}. Best is trial 34 with value: 323.800537109375.
LOCAL_RANK: 0 - CUDA_VISIBLE_DEVICES: [0]
[I 2023-11-30 13:22:39,530] Trial 35 finished with value: 392.687744140625 and parameters: {'gradient_clip_val': 0.37489561362323015, 'hidden_size': 63, 'dropout': 0.3164036002160525, 'hidden_continuous_size': 39, 'attention_head_size': 2, 'learning_rate': 0.006208032767394937}. Best is trial 34 with value: 323.800537109375.
LOCAL_RANK: 0 - CUDA_VISIBLE_DEVICES: [0]
[I 2023-11-30 13:22:53,439] Trial 36 finished with value: 408.2911682128906 and parameters: {'gradient_clip_val': 0.4398907112543187, 'hidden_size': 121, 'dropout': 0.2591028669053444, 'hidden_continuous_size': 28, 'attention_head_size': 1, 'learning_rate': 0.007769873382375864}. Best is trial 34 with value: 323.800537109375.
LOCAL_RANK: 0 - CUDA_VISIBLE_DEVICES: [0]
[I 2023-11-30 13:23:06,272] Trial 37 finished with value: 690.1544799804688 and parameters: {'gradient_clip_val': 0.40543817921623293, 'hidden_size': 41, 'dropout': 0.2904206433574065, 'hidden_continuous_size': 27, 'attention_head_size': 2, 'learning_rate': 0.0011193026085510262}. Best is trial 34 with value: 323.800537109375.
LOCAL_RANK: 0 - CUDA_VISIBLE_DEVICES: [0]
[I 2023-11-30 13:23:19,627] Trial 38 finished with value: 551.2505493164062 and parameters: {'gradient_clip_val': 0.49616879701817296, 'hidden_size': 56, 'dropout': 0.24517381509621683, 'hidden_continuous_size': 32, 'attention_head_size': 3, 'learning_rate': 0.002413658522508109}. Best is trial 34 with value: 323.800537109375.
LOCAL_RANK: 0 - CUDA_VISIBLE_DEVICES: [0]
[I 2023-11-30 13:23:33,467] Trial 39 finished with value: 488.3589782714844 and parameters: {'gradient_clip_val': 0.7589855741991554, 'hidden_size': 108, 'dropout': 0.31199099205552755, 'hidden_continuous_size': 62, 'attention_head_size': 1, 'learning_rate': 0.003833190759531607}. Best is trial 34 with value: 323.800537109375.
LOCAL_RANK: 0 - CUDA_VISIBLE_DEVICES: [0]
[I 2023-11-30 13:23:47,048] Trial 40 finished with value: 394.5126037597656 and parameters: {'gradient_clip_val': 0.42937513467535354, 'hidden_size': 80, 'dropout': 0.3302854521400982, 'hidden_continuous_size': 35, 'attention_head_size': 4, 'learning_rate': 0.005691746352451631}. Best is trial 34 with value: 323.800537109375.
LOCAL_RANK: 0 - CUDA_VISIBLE_DEVICES: [0]
[I 2023-11-30 13:24:00,822] Trial 41 finished with value: 353.7384948730469 and parameters: {'gradient_clip_val': 0.35146439865999846, 'hidden_size': 104, 'dropout': 0.28408956264435437, 'hidden_continuous_size': 44, 'attention_head_size': 2, 'learning_rate': 0.004857284808246531}. Best is trial 34 with value: 323.800537109375.
LOCAL_RANK: 0 - CUDA_VISIBLE_DEVICES: [0]
[I 2023-11-30 13:24:14,904] Trial 42 finished with value: 410.7048645019531 and parameters: {'gradient_clip_val': 0.35733522801752926, 'hidden_size': 130, 'dropout': 0.29007964899628064, 'hidden_continuous_size': 48, 'attention_head_size': 2, 'learning_rate': 0.00267388636424243}. Best is trial 34 with value: 323.800537109375.
LOCAL_RANK: 0 - CUDA_VISIBLE_DEVICES: [0]
[I 2023-11-30 13:24:28,910] Trial 43 finished with value: 473.9284973144531 and parameters: {'gradient_clip_val': 0.4594753638261775, 'hidden_size': 93, 'dropout': 0.26116916842800036, 'hidden_continuous_size': 37, 'attention_head_size': 2, 'learning_rate': 0.0017322444772747574}. Best is trial 34 with value: 323.800537109375.
LOCAL_RANK: 0 - CUDA_VISIBLE_DEVICES: [0]
[I 2023-11-30 13:24:42,911] Trial 44 finished with value: 427.1976318359375 and parameters: {'gradient_clip_val': 0.4109503932907236, 'hidden_size': 132, 'dropout': 0.29312063805316557, 'hidden_continuous_size': 36, 'attention_head_size': 2, 'learning_rate': 0.0038027789587730923}. Best is trial 34 with value: 323.800537109375.
LOCAL_RANK: 0 - CUDA_VISIBLE_DEVICES: [0]
[I 2023-11-30 13:24:56,956] Trial 45 finished with value: 415.9915771484375 and parameters: {'gradient_clip_val': 0.3072038126415889, 'hidden_size': 114, 'dropout': 0.27769293252891947, 'hidden_continuous_size': 44, 'attention_head_size': 3, 'learning_rate': 0.005162512721079524}. Best is trial 34 with value: 323.800537109375.
LOCAL_RANK: 0 - CUDA_VISIBLE_DEVICES: [0]
[I 2023-11-30 13:25:10,504] Trial 46 finished with value: 421.0381164550781 and parameters: {'gradient_clip_val': 0.33342529498522333, 'hidden_size': 87, 'dropout': 0.25252105171595024, 'hidden_continuous_size': 31, 'attention_head_size': 2, 'learning_rate': 0.008999565961111983}. Best is trial 34 with value: 323.800537109375.
LOCAL_RANK: 0 - CUDA_VISIBLE_DEVICES: [0]
[I 2023-11-30 13:25:24,356] Trial 47 finished with value: 417.3328552246094 and parameters: {'gradient_clip_val': 0.38061325259614687, 'hidden_size': 102, 'dropout': 0.23992467769822598, 'hidden_continuous_size': 54, 'attention_head_size': 1, 'learning_rate': 0.006954335354418412}. Best is trial 34 with value: 323.800537109375.
LOCAL_RANK: 0 - CUDA_VISIBLE_DEVICES: [0]
[I 2023-11-30 13:25:38,546] Trial 48 finished with value: 378.8321228027344 and parameters: {'gradient_clip_val': 0.16087533793923392, 'hidden_size': 136, 'dropout': 0.3115734622018914, 'hidden_continuous_size': 61, 'attention_head_size': 2, 'learning_rate': 0.011418812635657085}. Best is trial 34 with value: 323.800537109375.
LOCAL_RANK: 0 - CUDA_VISIBLE_DEVICES: [0]
[I 2023-11-30 13:25:51,980] Trial 49 finished with value: 423.845703125 and parameters: {'gradient_clip_val': 0.2537835045617928, 'hidden_size': 74, 'dropout': 0.2571337510476066, 'hidden_continuous_size': 29, 'attention_head_size': 3, 'learning_rate': 0.004977057038849296}. Best is trial 34 with value: 323.800537109375.
LOCAL_RANK: 0 - CUDA_VISIBLE_DEVICES: [0]
[I 2023-11-30 13:26:05,849] Trial 50 finished with value: 347.83154296875 and parameters: {'gradient_clip_val': 0.46344142834166235, 'hidden_size': 109, 'dropout': 0.2822254011607192, 'hidden_continuous_size': 41, 'attention_head_size': 1, 'learning_rate': 0.0035225112234099046}. Best is trial 34 with value: 323.800537109375.
LOCAL_RANK: 0 - CUDA_VISIBLE_DEVICES: [0]
[I 2023-11-30 13:26:19,668] Trial 51 finished with value: 378.1335754394531 and parameters: {'gradient_clip_val': 0.4751231768141572, 'hidden_size': 108, 'dropout': 0.2784146641932093, 'hidden_continuous_size': 43, 'attention_head_size': 1, 'learning_rate': 0.003411532707777727}. Best is trial 34 with value: 323.800537109375.
LOCAL_RANK: 0 - CUDA_VISIBLE_DEVICES: [0]
[I 2023-11-30 13:26:33,222] Trial 52 finished with value: 448.735595703125 and parameters: {'gradient_clip_val': 0.4008471131966333, 'hidden_size': 92, 'dropout': 0.29799803738225655, 'hidden_continuous_size': 35, 'attention_head_size': 1, 'learning_rate': 0.002634794839328935}. Best is trial 34 with value: 323.800537109375.
LOCAL_RANK: 0 - CUDA_VISIBLE_DEVICES: [0]
[I 2023-11-30 13:26:47,672] Trial 53 finished with value: 402.0981140136719 and parameters: {'gradient_clip_val': 0.3524043812508457, 'hidden_size': 150, 'dropout': 0.2831383092915386, 'hidden_continuous_size': 50, 'attention_head_size': 1, 'learning_rate': 0.004425714936854882}. Best is trial 34 with value: 323.800537109375.
LOCAL_RANK: 0 - CUDA_VISIBLE_DEVICES: [0]
[I 2023-11-30 13:27:01,746] Trial 54 finished with value: 332.9505310058594 and parameters: {'gradient_clip_val': 0.542563372257559, 'hidden_size': 119, 'dropout': 0.2676015472074381, 'hidden_continuous_size': 40, 'attention_head_size': 2, 'learning_rate': 0.0035903152157143988}. Best is trial 34 with value: 323.800537109375.
LOCAL_RANK: 0 - CUDA_VISIBLE_DEVICES: [0]
[I 2023-11-30 13:27:15,732] Trial 55 finished with value: 439.9391174316406 and parameters: {'gradient_clip_val': 0.5638711052746943, 'hidden_size': 123, 'dropout': 0.26413587141000827, 'hidden_continuous_size': 39, 'attention_head_size': 1, 'learning_rate': 0.0028669413769911896}. Best is trial 34 with value: 323.800537109375.
LOCAL_RANK: 0 - CUDA_VISIBLE_DEVICES: [0]
[I 2023-11-30 13:27:30,199] Trial 56 finished with value: 375.2243957519531 and parameters: {'gradient_clip_val': 0.45914642124475297, 'hidden_size': 140, 'dropout': 0.2494511572288241, 'hidden_continuous_size': 102, 'attention_head_size': 2, 'learning_rate': 0.002055124669152275}. Best is trial 34 with value: 323.800537109375.
LOCAL_RANK: 0 - CUDA_VISIBLE_DEVICES: [0]
[I 2023-11-30 13:27:44,297] Trial 57 finished with value: 398.0207214355469 and parameters: {'gradient_clip_val': 0.522552133851416, 'hidden_size': 127, 'dropout': 0.23439825526840966, 'hidden_continuous_size': 58, 'attention_head_size': 1, 'learning_rate': 0.003411641606929801}. Best is trial 34 with value: 323.800537109375.
LOCAL_RANK: 0 - CUDA_VISIBLE_DEVICES: [0]
[I 2023-11-30 13:27:58,525] Trial 58 finished with value: 436.8583984375 and parameters: {'gradient_clip_val': 0.6343501737002543, 'hidden_size': 119, 'dropout': 0.2253827224072234, 'hidden_continuous_size': 69, 'attention_head_size': 2, 'learning_rate': 0.003945703032017197}. Best is trial 34 with value: 323.800537109375.
LOCAL_RANK: 0 - CUDA_VISIBLE_DEVICES: [0]
[I 2023-11-30 13:28:12,131] Trial 59 finished with value: 411.7381591796875 and parameters: {'gradient_clip_val': 0.439764669897162, 'hidden_size': 91, 'dropout': 0.26727985850615965, 'hidden_continuous_size': 26, 'attention_head_size': 1, 'learning_rate': 0.005593354300372403}. Best is trial 34 with value: 323.800537109375.
LOCAL_RANK: 0 - CUDA_VISIBLE_DEVICES: [0]
[I 2023-11-30 13:28:25,924] Trial 60 finished with value: 360.8368835449219 and parameters: {'gradient_clip_val': 0.48353569563347515, 'hidden_size': 82, 'dropout': 0.24279542436713303, 'hidden_continuous_size': 46, 'attention_head_size': 2, 'learning_rate': 0.0031831926899586406}. Best is trial 34 with value: 323.800537109375.
LOCAL_RANK: 0 - CUDA_VISIBLE_DEVICES: [0]
[I 2023-11-30 13:28:39,876] Trial 61 finished with value: 477.3487243652344 and parameters: {'gradient_clip_val': 0.31091966505169866, 'hidden_size': 103, 'dropout': 0.29667291395089906, 'hidden_continuous_size': 40, 'attention_head_size': 2, 'learning_rate': 0.0045779831497770864}. Best is trial 34 with value: 323.800537109375.
LOCAL_RANK: 0 - CUDA_VISIBLE_DEVICES: [0]
[I 2023-11-30 13:28:53,893] Trial 62 finished with value: 385.353759765625 and parameters: {'gradient_clip_val': 0.3917396436761101, 'hidden_size': 111, 'dropout': 0.27505781674200763, 'hidden_continuous_size': 53, 'attention_head_size': 2, 'learning_rate': 0.005035556710799954}. Best is trial 34 with value: 323.800537109375.
LOCAL_RANK: 0 - CUDA_VISIBLE_DEVICES: [0]
[I 2023-11-30 13:29:08,241] Trial 63 finished with value: 371.0520324707031 and parameters: {'gradient_clip_val': 0.35070903076948945, 'hidden_size': 139, 'dropout': 0.2804210649260045, 'hidden_continuous_size': 47, 'attention_head_size': 2, 'learning_rate': 0.006383666470737529}. Best is trial 34 with value: 323.800537109375.
LOCAL_RANK: 0 - CUDA_VISIBLE_DEVICES: [0]
[I 2023-11-30 13:29:22,153] Trial 64 finished with value: 404.1361389160156 and parameters: {'gradient_clip_val': 0.5474934740366905, 'hidden_size': 105, 'dropout': 0.28890167085416607, 'hidden_continuous_size': 41, 'attention_head_size': 2, 'learning_rate': 0.002473515387497286}. Best is trial 34 with value: 323.800537109375.
LOCAL_RANK: 0 - CUDA_VISIBLE_DEVICES: [0]
[I 2023-11-30 13:29:35,897] Trial 65 finished with value: 384.8216247558594 and parameters: {'gradient_clip_val': 0.42034211522525605, 'hidden_size': 96, 'dropout': 0.25456384745431776, 'hidden_continuous_size': 33, 'attention_head_size': 3, 'learning_rate': 0.00420580576359318}. Best is trial 34 with value: 323.800537109375.
LOCAL_RANK: 0 - CUDA_VISIBLE_DEVICES: [0]
[I 2023-11-30 13:29:49,998] Trial 66 finished with value: 340.1484069824219 and parameters: {'gradient_clip_val': 0.3602362136666361, 'hidden_size': 122, 'dropout': 0.2717078559508725, 'hidden_continuous_size': 37, 'attention_head_size': 2, 'learning_rate': 0.003409889330187977}. Best is trial 34 with value: 323.800537109375.
LOCAL_RANK: 0 - CUDA_VISIBLE_DEVICES: [0]
[I 2023-11-30 13:30:03,623] Trial 67 finished with value: 382.3045349121094 and parameters: {'gradient_clip_val': 0.3900767783972858, 'hidden_size': 119, 'dropout': 0.3045288574082868, 'hidden_continuous_size': 30, 'attention_head_size': 1, 'learning_rate': 0.003589044469803995}. Best is trial 34 with value: 323.800537109375.
LOCAL_RANK: 0 - CUDA_VISIBLE_DEVICES: [0]
[I 2023-11-30 13:30:17,816] Trial 68 finished with value: 424.0028381347656 and parameters: {'gradient_clip_val': 0.29179378612820756, 'hidden_size': 136, 'dropout': 0.2693676579784411, 'hidden_continuous_size': 37, 'attention_head_size': 2, 'learning_rate': 0.0029136109356435766}. Best is trial 34 with value: 323.800537109375.
LOCAL_RANK: 0 - CUDA_VISIBLE_DEVICES: [0]
[I 2023-11-30 13:30:32,103] Trial 69 finished with value: 397.7008972167969 and parameters: {'gradient_clip_val': 0.32481640913582827, 'hidden_size': 150, 'dropout': 0.32179599928100155, 'hidden_continuous_size': 25, 'attention_head_size': 2, 'learning_rate': 0.0021948390649574345}. Best is trial 34 with value: 323.800537109375.
LOCAL_RANK: 0 - CUDA_VISIBLE_DEVICES: [0]
[I 2023-11-30 13:30:46,199] Trial 70 finished with value: 325.612548828125 and parameters: {'gradient_clip_val': 0.4454934125690283, 'hidden_size': 115, 'dropout': 0.2598488295493676, 'hidden_continuous_size': 33, 'attention_head_size': 4, 'learning_rate': 0.0031681936786072075}. Best is trial 34 with value: 323.800537109375.
LOCAL_RANK: 0 - CUDA_VISIBLE_DEVICES: [0]
[I 2023-11-30 13:31:00,214] Trial 71 finished with value: 377.4626770019531 and parameters: {'gradient_clip_val': 0.45425582388699687, 'hidden_size': 122, 'dropout': 0.26109868901775, 'hidden_continuous_size': 33, 'attention_head_size': 4, 'learning_rate': 0.003041846497879822}. Best is trial 34 with value: 323.800537109375.
LOCAL_RANK: 0 - CUDA_VISIBLE_DEVICES: [0]
[I 2023-11-30 13:31:14,269] Trial 72 finished with value: 428.197265625 and parameters: {'gradient_clip_val': 0.416630772640329, 'hidden_size': 114, 'dropout': 0.23653398746298204, 'hidden_continuous_size': 29, 'attention_head_size': 3, 'learning_rate': 0.0035286242697964076}. Best is trial 34 with value: 323.800537109375.
LOCAL_RANK: 0 - CUDA_VISIBLE_DEVICES: [0]
[I 2023-11-30 13:31:28,251] Trial 73 finished with value: 452.0733642578125 and parameters: {'gradient_clip_val': 0.5174144070440211, 'hidden_size': 96, 'dropout': 0.27154302071908043, 'hidden_continuous_size': 35, 'attention_head_size': 4, 'learning_rate': 0.004206546672970525}. Best is trial 34 with value: 323.800537109375.
LOCAL_RANK: 0 - CUDA_VISIBLE_DEVICES: [0]
[I 2023-11-30 13:31:42,065] Trial 74 finished with value: 502.6358642578125 and parameters: {'gradient_clip_val': 0.4896423618784938, 'hidden_size': 89, 'dropout': 0.25433319623238765, 'hidden_continuous_size': 31, 'attention_head_size': 4, 'learning_rate': 0.0025440682033270315}. Best is trial 34 with value: 323.800537109375.
LOCAL_RANK: 0 - CUDA_VISIBLE_DEVICES: [0]
[I 2023-11-30 13:31:55,483] Trial 75 finished with value: 418.1334533691406 and parameters: {'gradient_clip_val': 0.3765573382937851, 'hidden_size': 80, 'dropout': 0.24883339475367444, 'hidden_continuous_size': 34, 'attention_head_size': 2, 'learning_rate': 0.003165897117808848}. Best is trial 34 with value: 323.800537109375.
LOCAL_RANK: 0 - CUDA_VISIBLE_DEVICES: [0]
[I 2023-11-30 13:32:09,332] Trial 76 finished with value: 297.2070617675781 and parameters: {'gradient_clip_val': 0.43914768820910405, 'hidden_size': 127, 'dropout': 0.26343070607397806, 'hidden_continuous_size': 23, 'attention_head_size': 3, 'learning_rate': 0.003771595891209044}. Best is trial 76 with value: 297.2070617675781.
LOCAL_RANK: 0 - CUDA_VISIBLE_DEVICES: [0]
