[I 2023-11-30 01:18:49,576] Trial 52 finished with value: 7.526932239532471 and parameters: {'gradient_clip_val': 0.15045710002023827, 'hidden_size': 112, 'dropout': 0.14379323088412538, 'hidden_continuous_size': 74, 'attention_head_size': 2, 'learning_rate': 0.00528632563910949}. Best is trial 26 with value: 4.373775482177734.
LOCAL_RANK: 0 - CUDA_VISIBLE_DEVICES: [0]
[I 2023-11-30 01:19:03,795] Trial 53 finished with value: 5.593186855316162 and parameters: {'gradient_clip_val': 0.1595493917253162, 'hidden_size': 131, 'dropout': 0.12617217419591295, 'hidden_continuous_size': 82, 'attention_head_size': 1, 'learning_rate': 0.008579431704082797}. Best is trial 26 with value: 4.373775482177734.
LOCAL_RANK: 0 - CUDA_VISIBLE_DEVICES: [0]
[I 2023-11-30 01:19:17,653] Trial 54 finished with value: 4.970389366149902 and parameters: {'gradient_clip_val': 0.1265140778994724, 'hidden_size': 71, 'dropout': 0.1951852391999747, 'hidden_continuous_size': 54, 'attention_head_size': 3, 'learning_rate': 0.0061054470608036815}. Best is trial 26 with value: 4.373775482177734.
LOCAL_RANK: 0 - CUDA_VISIBLE_DEVICES: [0]
[I 2023-11-30 01:19:31,823] Trial 55 finished with value: 7.098917484283447 and parameters: {'gradient_clip_val': 0.10008812417884584, 'hidden_size': 90, 'dropout': 0.11823747386953685, 'hidden_continuous_size': 66, 'attention_head_size': 3, 'learning_rate': 0.0038742615302806635}. Best is trial 26 with value: 4.373775482177734.
LOCAL_RANK: 0 - CUDA_VISIBLE_DEVICES: [0]
[I 2023-11-30 01:19:45,783] Trial 56 finished with value: 5.098714351654053 and parameters: {'gradient_clip_val': 0.19021155062546435, 'hidden_size': 103, 'dropout': 0.13815962975325713, 'hidden_continuous_size': 50, 'attention_head_size': 2, 'learning_rate': 0.003000643474134138}. Best is trial 26 with value: 4.373775482177734.
LOCAL_RANK: 0 - CUDA_VISIBLE_DEVICES: [0]
[I 2023-11-30 01:20:00,166] Trial 57 finished with value: 6.016011714935303 and parameters: {'gradient_clip_val': 0.16137359165017795, 'hidden_size': 136, 'dropout': 0.20688629589277802, 'hidden_continuous_size': 96, 'attention_head_size': 4, 'learning_rate': 0.007635014165138277}. Best is trial 26 with value: 4.373775482177734.
LOCAL_RANK: 0 - CUDA_VISIBLE_DEVICES: [0]
[I 2023-11-30 01:20:14,240] Trial 58 finished with value: 5.505275726318359 and parameters: {'gradient_clip_val': 0.6806602905844614, 'hidden_size': 117, 'dropout': 0.15439251304199608, 'hidden_continuous_size': 38, 'attention_head_size': 3, 'learning_rate': 0.0050540287877565634}. Best is trial 26 with value: 4.373775482177734.
LOCAL_RANK: 0 - CUDA_VISIBLE_DEVICES: [0]
[I 2023-11-30 01:20:28,820] Trial 59 finished with value: 4.988267421722412 and parameters: {'gradient_clip_val': 0.11326565219949639, 'hidden_size': 148, 'dropout': 0.1780344292554796, 'hidden_continuous_size': 78, 'attention_head_size': 4, 'learning_rate': 0.0061942316805733335}. Best is trial 26 with value: 4.373775482177734.
LOCAL_RANK: 0 - CUDA_VISIBLE_DEVICES: [0]
[I 2023-11-30 01:20:42,921] Trial 60 finished with value: 5.256528854370117 and parameters: {'gradient_clip_val': 0.22694056732977297, 'hidden_size': 108, 'dropout': 0.1651029345297797, 'hidden_continuous_size': 68, 'attention_head_size': 2, 'learning_rate': 0.014062222002251455}. Best is trial 26 with value: 4.373775482177734.
LOCAL_RANK: 0 - CUDA_VISIBLE_DEVICES: [0]
[I 2023-11-30 01:20:57,066] Trial 61 finished with value: 4.850570201873779 and parameters: {'gradient_clip_val': 0.4411410127118285, 'hidden_size': 131, 'dropout': 0.11110824890445817, 'hidden_continuous_size': 64, 'attention_head_size': 3, 'learning_rate': 0.009766514274116497}. Best is trial 26 with value: 4.373775482177734.
LOCAL_RANK: 0 - CUDA_VISIBLE_DEVICES: [0]
[I 2023-11-30 01:21:11,252] Trial 62 finished with value: 5.037795543670654 and parameters: {'gradient_clip_val': 0.40056643623797694, 'hidden_size': 120, 'dropout': 0.11016456964915802, 'hidden_continuous_size': 73, 'attention_head_size': 3, 'learning_rate': 0.008376840150581056}. Best is trial 26 with value: 4.373775482177734.
LOCAL_RANK: 0 - CUDA_VISIBLE_DEVICES: [0]
[I 2023-11-30 01:21:25,851] Trial 63 finished with value: 4.9459686279296875 and parameters: {'gradient_clip_val': 0.45771550680819234, 'hidden_size': 142, 'dropout': 0.13373156072094897, 'hidden_continuous_size': 92, 'attention_head_size': 3, 'learning_rate': 0.010488469933129086}. Best is trial 26 with value: 4.373775482177734.
LOCAL_RANK: 0 - CUDA_VISIBLE_DEVICES: [0]
[I 2023-11-30 01:21:39,741] Trial 64 finished with value: 4.889430522918701 and parameters: {'gradient_clip_val': 0.4979792289724866, 'hidden_size': 100, 'dropout': 0.1243714913815716, 'hidden_continuous_size': 60, 'attention_head_size': 3, 'learning_rate': 0.011828685594970238}. Best is trial 26 with value: 4.373775482177734.
LOCAL_RANK: 0 - CUDA_VISIBLE_DEVICES: [0]
[I 2023-11-30 01:21:54,433] Trial 65 finished with value: 7.094226360321045 and parameters: {'gradient_clip_val': 0.7361989345976384, 'hidden_size': 135, 'dropout': 0.22254971794712294, 'hidden_continuous_size': 83, 'attention_head_size': 3, 'learning_rate': 0.00915715184841738}. Best is trial 26 with value: 4.373775482177734.
LOCAL_RANK: 0 - CUDA_VISIBLE_DEVICES: [0]
[I 2023-11-30 01:22:08,754] Trial 66 finished with value: 4.544337749481201 and parameters: {'gradient_clip_val': 0.27574328891701977, 'hidden_size': 119, 'dropout': 0.10253784167210914, 'hidden_continuous_size': 66, 'attention_head_size': 4, 'learning_rate': 0.006726942540549574}. Best is trial 26 with value: 4.373775482177734.
LOCAL_RANK: 0 - CUDA_VISIBLE_DEVICES: [0]
[I 2023-11-30 01:22:22,781] Trial 67 finished with value: 5.924310207366943 and parameters: {'gradient_clip_val': 0.27392768263300776, 'hidden_size': 116, 'dropout': 0.10501169070474725, 'hidden_continuous_size': 56, 'attention_head_size': 4, 'learning_rate': 0.006725481448568273}. Best is trial 26 with value: 4.373775482177734.
LOCAL_RANK: 0 - CUDA_VISIBLE_DEVICES: [0]
[I 2023-11-30 01:22:36,816] Trial 68 finished with value: 4.569966793060303 and parameters: {'gradient_clip_val': 0.31779388167686956, 'hidden_size': 83, 'dropout': 0.10034752510940952, 'hidden_continuous_size': 60, 'attention_head_size': 4, 'learning_rate': 0.005110289701678375}. Best is trial 26 with value: 4.373775482177734.
LOCAL_RANK: 0 - CUDA_VISIBLE_DEVICES: [0]
[I 2023-11-30 01:22:50,851] Trial 69 finished with value: 4.59694242477417 and parameters: {'gradient_clip_val': 0.31524963067213807, 'hidden_size': 85, 'dropout': 0.1053137697696106, 'hidden_continuous_size': 59, 'attention_head_size': 4, 'learning_rate': 0.005954565719544881}. Best is trial 26 with value: 4.373775482177734.
LOCAL_RANK: 0 - CUDA_VISIBLE_DEVICES: [0]
[I 2023-11-30 01:23:04,890] Trial 70 finished with value: 5.4410881996154785 and parameters: {'gradient_clip_val': 0.28345794453967743, 'hidden_size': 74, 'dropout': 0.10265926334351846, 'hidden_continuous_size': 51, 'attention_head_size': 4, 'learning_rate': 0.004707317468275236}. Best is trial 26 with value: 4.373775482177734.
LOCAL_RANK: 0 - CUDA_VISIBLE_DEVICES: [0]
[I 2023-11-30 01:23:19,166] Trial 71 finished with value: 6.7246413230896 and parameters: {'gradient_clip_val': 0.25853426732810925, 'hidden_size': 98, 'dropout': 0.12194241720944658, 'hidden_continuous_size': 68, 'attention_head_size': 4, 'learning_rate': 0.003923987961566896}. Best is trial 26 with value: 4.373775482177734.
LOCAL_RANK: 0 - CUDA_VISIBLE_DEVICES: [0]
[I 2023-11-30 01:23:33,502] Trial 72 finished with value: 4.31396484375 and parameters: {'gradient_clip_val': 0.2991874137522317, 'hidden_size': 107, 'dropout': 0.1396301682268531, 'hidden_continuous_size': 77, 'attention_head_size': 4, 'learning_rate': 0.007256338266701984}. Best is trial 72 with value: 4.31396484375.
LOCAL_RANK: 0 - CUDA_VISIBLE_DEVICES: [0]
[I 2023-11-30 01:23:47,521] Trial 73 finished with value: 6.465896129608154 and parameters: {'gradient_clip_val': 0.36347414124237293, 'hidden_size': 87, 'dropout': 0.13962853161521022, 'hidden_continuous_size': 62, 'attention_head_size': 4, 'learning_rate': 0.007378180315868207}. Best is trial 72 with value: 4.31396484375.
LOCAL_RANK: 0 - CUDA_VISIBLE_DEVICES: [0]
[I 2023-11-30 01:24:01,786] Trial 74 finished with value: 7.416667938232422 and parameters: {'gradient_clip_val': 0.3073958596120377, 'hidden_size': 107, 'dropout': 0.11955953388692629, 'hidden_continuous_size': 75, 'attention_head_size': 4, 'learning_rate': 0.005660360716917101}. Best is trial 72 with value: 4.31396484375.
LOCAL_RANK: 0 - CUDA_VISIBLE_DEVICES: [0]
[I 2023-11-30 01:24:15,897] Trial 75 finished with value: 5.833821773529053 and parameters: {'gradient_clip_val': 0.2919786523126738, 'hidden_size': 78, 'dropout': 0.1491634052536735, 'hidden_continuous_size': 56, 'attention_head_size': 4, 'learning_rate': 0.006891851560471837}. Best is trial 72 with value: 4.31396484375.
LOCAL_RANK: 0 - CUDA_VISIBLE_DEVICES: [0]
[I 2023-11-30 01:24:30,159] Trial 76 finished with value: 4.365318298339844 and parameters: {'gradient_clip_val': 0.33188302072324205, 'hidden_size': 94, 'dropout': 0.13280461200942761, 'hidden_continuous_size': 66, 'attention_head_size': 4, 'learning_rate': 0.008099220152680603}. Best is trial 72 with value: 4.31396484375.
LOCAL_RANK: 0 - CUDA_VISIBLE_DEVICES: [0]
[I 2023-11-30 01:24:44,259] Trial 77 finished with value: 5.369699001312256 and parameters: {'gradient_clip_val': 0.3208615045747073, 'hidden_size': 96, 'dropout': 0.11828727068196801, 'hidden_continuous_size': 70, 'attention_head_size': 4, 'learning_rate': 0.00811817101534812}. Best is trial 72 with value: 4.31396484375.
LOCAL_RANK: 0 - CUDA_VISIBLE_DEVICES: [0]
[I 2023-11-30 01:24:58,742] Trial 78 finished with value: 8.233733177185059 and parameters: {'gradient_clip_val': 0.41973298011866433, 'hidden_size': 123, 'dropout': 0.14390800653735492, 'hidden_continuous_size': 79, 'attention_head_size': 4, 'learning_rate': 0.004854053821287068}. Best is trial 72 with value: 4.31396484375.
LOCAL_RANK: 0 - CUDA_VISIBLE_DEVICES: [0]
[I 2023-11-30 01:25:13,194] Trial 79 finished with value: 4.508834362030029 and parameters: {'gradient_clip_val': 0.38183889312429403, 'hidden_size': 111, 'dropout': 0.13153568907948923, 'hidden_continuous_size': 89, 'attention_head_size': 4, 'learning_rate': 0.006638894625518068}. Best is trial 72 with value: 4.31396484375.
LOCAL_RANK: 0 - CUDA_VISIBLE_DEVICES: [0]
[I 2023-11-30 01:25:27,537] Trial 80 finished with value: 5.335691928863525 and parameters: {'gradient_clip_val': 0.3562396030168136, 'hidden_size': 112, 'dropout': 0.1514276500761194, 'hidden_continuous_size': 88, 'attention_head_size': 4, 'learning_rate': 0.012149426500769585}. Best is trial 72 with value: 4.31396484375.
LOCAL_RANK: 0 - CUDA_VISIBLE_DEVICES: [0]
[I 2023-11-30 01:25:41,843] Trial 81 finished with value: 5.513980865478516 and parameters: {'gradient_clip_val': 0.3857236232699262, 'hidden_size': 105, 'dropout': 0.10072738354506411, 'hidden_continuous_size': 75, 'attention_head_size': 4, 'learning_rate': 0.00667218088641865}. Best is trial 72 with value: 4.31396484375.
LOCAL_RANK: 0 - CUDA_VISIBLE_DEVICES: [0]
[I 2023-11-30 01:25:55,982] Trial 82 finished with value: 5.3199238777160645 and parameters: {'gradient_clip_val': 0.32343835498647666, 'hidden_size': 92, 'dropout': 0.13292001301414025, 'hidden_continuous_size': 65, 'attention_head_size': 4, 'learning_rate': 0.005514708528147198}. Best is trial 72 with value: 4.31396484375.
LOCAL_RANK: 0 - CUDA_VISIBLE_DEVICES: [0]
[I 2023-11-30 01:26:10,390] Trial 83 finished with value: 4.896627902984619 and parameters: {'gradient_clip_val': 0.3812304950304909, 'hidden_size': 122, 'dropout': 0.15955647190562505, 'hidden_continuous_size': 87, 'attention_head_size': 4, 'learning_rate': 0.008064860236300202}. Best is trial 72 with value: 4.31396484375.
LOCAL_RANK: 0 - CUDA_VISIBLE_DEVICES: [0]
[I 2023-11-30 01:26:24,677] Trial 84 finished with value: 5.553188323974609 and parameters: {'gradient_clip_val': 0.34081586615922804, 'hidden_size': 82, 'dropout': 0.12828743838577514, 'hidden_continuous_size': 71, 'attention_head_size': 4, 'learning_rate': 0.004549607285307442}. Best is trial 72 with value: 4.31396484375.
LOCAL_RANK: 0 - CUDA_VISIBLE_DEVICES: [0]
[I 2023-11-30 01:26:38,759] Trial 85 finished with value: 5.12173318862915 and parameters: {'gradient_clip_val': 0.29779620116724, 'hidden_size': 93, 'dropout': 0.11423128032849353, 'hidden_continuous_size': 60, 'attention_head_size': 4, 'learning_rate': 0.007093529783420567}. Best is trial 72 with value: 4.31396484375.
LOCAL_RANK: 0 - CUDA_VISIBLE_DEVICES: [0]
[I 2023-11-30 01:26:52,910] Trial 86 finished with value: 4.79481840133667 and parameters: {'gradient_clip_val': 0.2500269483381467, 'hidden_size': 100, 'dropout': 0.17209108266777556, 'hidden_continuous_size': 66, 'attention_head_size': 4, 'learning_rate': 0.006035282347778067}. Best is trial 72 with value: 4.31396484375.
LOCAL_RANK: 0 - CUDA_VISIBLE_DEVICES: [0]
[I 2023-11-30 01:27:07,644] Trial 87 finished with value: 5.007237911224365 and parameters: {'gradient_clip_val': 0.3753273665342401, 'hidden_size': 141, 'dropout': 0.14027419630957236, 'hidden_continuous_size': 103, 'attention_head_size': 4, 'learning_rate': 0.010261329569926522}. Best is trial 72 with value: 4.31396484375.
LOCAL_RANK: 0 - CUDA_VISIBLE_DEVICES: [0]
[I 2023-11-30 01:27:22,087] Trial 88 finished with value: 6.217502117156982 and parameters: {'gradient_clip_val': 0.4114909374677487, 'hidden_size': 117, 'dropout': 0.12390019368315561, 'hidden_continuous_size': 77, 'attention_head_size': 4, 'learning_rate': 0.008506795244021783}. Best is trial 72 with value: 4.31396484375.
LOCAL_RANK: 0 - CUDA_VISIBLE_DEVICES: [0]
[I 2023-11-30 01:27:36,439] Trial 89 finished with value: 4.467190742492676 and parameters: {'gradient_clip_val': 0.27457910968547034, 'hidden_size': 112, 'dropout': 0.15748605983990588, 'hidden_continuous_size': 82, 'attention_head_size': 4, 'learning_rate': 0.00525342339829927}. Best is trial 72 with value: 4.31396484375.
LOCAL_RANK: 0 - CUDA_VISIBLE_DEVICES: [0]
[I 2023-11-30 01:27:50,707] Trial 90 finished with value: 6.714193820953369 and parameters: {'gradient_clip_val': 0.28039211157032595, 'hidden_size': 127, 'dropout': 0.156852727291434, 'hidden_continuous_size': 84, 'attention_head_size': 1, 'learning_rate': 0.011200575675173328}. Best is trial 72 with value: 4.31396484375.
LOCAL_RANK: 0 - CUDA_VISIBLE_DEVICES: [0]
[I 2023-11-30 01:28:05,058] Trial 91 finished with value: 5.838098526000977 and parameters: {'gradient_clip_val': 0.21453730886026054, 'hidden_size': 110, 'dropout': 0.18956718353998742, 'hidden_continuous_size': 72, 'attention_head_size': 4, 'learning_rate': 0.00543581488216227}. Best is trial 72 with value: 4.31396484375.
LOCAL_RANK: 0 - CUDA_VISIBLE_DEVICES: [0]
[I 2023-11-30 01:28:19,291] Trial 92 finished with value: 5.140360355377197 and parameters: {'gradient_clip_val': 0.32909515340333967, 'hidden_size': 104, 'dropout': 0.18189839186845477, 'hidden_continuous_size': 82, 'attention_head_size': 4, 'learning_rate': 0.004206207890771247}. Best is trial 72 with value: 4.31396484375.
LOCAL_RANK: 0 - CUDA_VISIBLE_DEVICES: [0]
[I 2023-11-30 01:28:33,410] Trial 93 finished with value: 6.451587677001953 and parameters: {'gradient_clip_val': 0.3064455109654272, 'hidden_size': 96, 'dropout': 0.14618476814378017, 'hidden_continuous_size': 68, 'attention_head_size': 4, 'learning_rate': 0.004927932225872946}. Best is trial 72 with value: 4.31396484375.
LOCAL_RANK: 0 - CUDA_VISIBLE_DEVICES: [0]
[I 2023-11-30 01:28:48,034] Trial 94 finished with value: 4.273466110229492 and parameters: {'gradient_clip_val': 0.3530930779196182, 'hidden_size': 113, 'dropout': 0.16915740198149487, 'hidden_continuous_size': 92, 'attention_head_size': 4, 'learning_rate': 0.006545053142463248}. Best is trial 94 with value: 4.273466110229492.
LOCAL_RANK: 0 - CUDA_VISIBLE_DEVICES: [0]
[I 2023-11-30 01:29:02,299] Trial 95 finished with value: 5.390954971313477 and parameters: {'gradient_clip_val': 0.2396734617963671, 'hidden_size': 117, 'dropout': 0.17350053257486395, 'hidden_continuous_size': 96, 'attention_head_size': 4, 'learning_rate': 0.007578853127169756}. Best is trial 94 with value: 4.273466110229492.
LOCAL_RANK: 0 - CUDA_VISIBLE_DEVICES: [0]
[I 2023-11-30 01:29:16,747] Trial 96 finished with value: 4.765074253082275 and parameters: {'gradient_clip_val': 0.33618619934484983, 'hidden_size': 128, 'dropout': 0.16241273649253085, 'hidden_continuous_size': 109, 'attention_head_size': 4, 'learning_rate': 0.006461073165880647}. Best is trial 94 with value: 4.273466110229492.
LOCAL_RANK: 0 - CUDA_VISIBLE_DEVICES: [0]
[I 2023-11-30 01:29:31,604] Trial 97 finished with value: 4.703941822052002 and parameters: {'gradient_clip_val': 0.35734070891270003, 'hidden_size': 149, 'dropout': 0.15393464175060675, 'hidden_continuous_size': 94, 'attention_head_size': 4, 'learning_rate': 0.009099466064048161}. Best is trial 94 with value: 4.273466110229492.
LOCAL_RANK: 0 - CUDA_VISIBLE_DEVICES: [0]
[I 2023-11-30 01:29:45,851] Trial 98 finished with value: 6.580942630767822 and parameters: {'gradient_clip_val': 0.27035223544953607, 'hidden_size': 136, 'dropout': 0.17119497419621493, 'hidden_continuous_size': 90, 'attention_head_size': 2, 'learning_rate': 0.00739005715558061}. Best is trial 94 with value: 4.273466110229492.
LOCAL_RANK: 0 - CUDA_VISIBLE_DEVICES: [0]
[I 2023-11-30 01:30:00,360] Trial 99 finished with value: 5.95183801651001 and parameters: {'gradient_clip_val': 0.29890719534681126, 'hidden_size': 111, 'dropout': 0.19993961331650217, 'hidden_continuous_size': 78, 'attention_head_size': 4, 'learning_rate': 0.005839605324104943}. Best is trial 94 with value: 4.273466110229492.
LOCAL_RANK: 0 - CUDA_VISIBLE_DEVICES: [0]
[I 2023-11-30 01:30:14,717] Trial 100 finished with value: 4.660508632659912 and parameters: {'gradient_clip_val': 0.25368404942724193, 'hidden_size': 101, 'dropout': 0.17804271504598626, 'hidden_continuous_size': 81, 'attention_head_size': 4, 'learning_rate': 0.006619731289142727}. Best is trial 94 with value: 4.273466110229492.
LOCAL_RANK: 0 - CUDA_VISIBLE_DEVICES: [0]
[I 2023-11-30 01:30:29,112] Trial 101 finished with value: 5.567602157592773 and parameters: {'gradient_clip_val': 0.2674658297421582, 'hidden_size': 121, 'dropout': 0.13275292495198987, 'hidden_continuous_size': 72, 'attention_head_size': 4, 'learning_rate': 0.005351993346586216}. Best is trial 94 with value: 4.273466110229492.
LOCAL_RANK: 0 - CUDA_VISIBLE_DEVICES: [0]
[I 2023-11-30 01:30:43,129] Trial 102 finished with value: 7.130014419555664 and parameters: {'gradient_clip_val': 0.3711268298842179, 'hidden_size': 108, 'dropout': 0.19053554235164488, 'hidden_continuous_size': 61, 'attention_head_size': 4, 'learning_rate': 0.003477787765715638}. Best is trial 94 with value: 4.273466110229492.
LOCAL_RANK: 0 - CUDA_VISIBLE_DEVICES: [0]
[I 2023-11-30 01:30:57,172] Trial 103 finished with value: 4.848953723907471 and parameters: {'gradient_clip_val': 0.3468878148770105, 'hidden_size': 86, 'dropout': 0.16199236302426734, 'hidden_continuous_size': 63, 'attention_head_size': 4, 'learning_rate': 0.008159257926570938}. Best is trial 94 with value: 4.273466110229492.
LOCAL_RANK: 0 - CUDA_VISIBLE_DEVICES: [0]
[I 2023-11-30 01:31:11,473] Trial 104 finished with value: 4.717806339263916 and parameters: {'gradient_clip_val': 0.2882619627769337, 'hidden_size': 93, 'dropout': 0.14140590026956645, 'hidden_continuous_size': 67, 'attention_head_size': 4, 'learning_rate': 0.009771570644322934}. Best is trial 94 with value: 4.273466110229492.
LOCAL_RANK: 0 - CUDA_VISIBLE_DEVICES: [0]
[I 2023-11-30 01:31:25,896] Trial 105 finished with value: 4.403838634490967 and parameters: {'gradient_clip_val': 0.3155852286424865, 'hidden_size': 126, 'dropout': 0.16891650035574304, 'hidden_continuous_size': 86, 'attention_head_size': 4, 'learning_rate': 0.004895510180160559}. Best is trial 94 with value: 4.273466110229492.
LOCAL_RANK: 0 - CUDA_VISIBLE_DEVICES: [0]
[I 2023-11-30 01:31:40,394] Trial 106 finished with value: 4.519790172576904 and parameters: {'gradient_clip_val': 0.39630269543048996, 'hidden_size': 130, 'dropout': 0.18293978865210586, 'hidden_continuous_size': 86, 'attention_head_size': 3, 'learning_rate': 0.006139138627271025}. Best is trial 94 with value: 4.273466110229492.
LOCAL_RANK: 0 - CUDA_VISIBLE_DEVICES: [0]
[I 2023-11-30 01:31:54,801] Trial 107 finished with value: 5.303036212921143 and parameters: {'gradient_clip_val': 0.3949341176384974, 'hidden_size': 127, 'dropout': 0.16800647228691593, 'hidden_continuous_size': 85, 'attention_head_size': 3, 'learning_rate': 0.0069501160657295105}. Best is trial 94 with value: 4.273466110229492.
LOCAL_RANK: 0 - CUDA_VISIBLE_DEVICES: [0]
[I 2023-11-30 01:32:09,314] Trial 108 finished with value: 5.6609787940979 and parameters: {'gradient_clip_val': 0.4854441470389265, 'hidden_size': 140, 'dropout': 0.18537093259335474, 'hidden_continuous_size': 91, 'attention_head_size': 3, 'learning_rate': 0.006273927045606487}. Best is trial 94 with value: 4.273466110229492.
LOCAL_RANK: 0 - CUDA_VISIBLE_DEVICES: [0]
[I 2023-11-30 01:32:23,799] Trial 109 finished with value: 4.503295421600342 and parameters: {'gradient_clip_val': 0.4236551467139432, 'hidden_size': 118, 'dropout': 0.1815757906181482, 'hidden_continuous_size': 87, 'attention_head_size': 3, 'learning_rate': 0.005813634538187516}. Best is trial 94 with value: 4.273466110229492.
LOCAL_RANK: 0 - CUDA_VISIBLE_DEVICES: [0]
[I 2023-11-30 01:32:38,671] Trial 110 finished with value: 7.8127923011779785 and parameters: {'gradient_clip_val': 0.4230789928969108, 'hidden_size': 142, 'dropout': 0.17753175093039983, 'hidden_continuous_size': 109, 'attention_head_size': 3, 'learning_rate': 0.00871976925792342}. Best is trial 94 with value: 4.273466110229492.
LOCAL_RANK: 0 - CUDA_VISIBLE_DEVICES: [0]
