[I 2023-11-30 06:18:02,988] Trial 43 finished with value: 11.974522590637207 and parameters: {'gradient_clip_val': 0.542880589438163, 'hidden_size': 36, 'dropout': 0.28975459280013205, 'hidden_continuous_size': 10, 'attention_head_size': 4, 'learning_rate': 0.07828385989638893}. Best is trial 15 with value: 6.910681247711182.
LOCAL_RANK: 0 - CUDA_VISIBLE_DEVICES: [0]
[I 2023-11-30 06:18:15,552] Trial 44 finished with value: 7.864837646484375 and parameters: {'gradient_clip_val': 0.8121437499237596, 'hidden_size': 27, 'dropout': 0.2263572846257765, 'hidden_continuous_size': 11, 'attention_head_size': 4, 'learning_rate': 0.057907626937764994}. Best is trial 15 with value: 6.910681247711182.
LOCAL_RANK: 0 - CUDA_VISIBLE_DEVICES: [0]
[I 2023-11-30 06:18:27,969] Trial 45 finished with value: 11.470782279968262 and parameters: {'gradient_clip_val': 0.7356171387148914, 'hidden_size': 33, 'dropout': 0.33378700700603375, 'hidden_continuous_size': 17, 'attention_head_size': 2, 'learning_rate': 0.011549385184808934}. Best is trial 15 with value: 6.910681247711182.
LOCAL_RANK: 0 - CUDA_VISIBLE_DEVICES: [0]
[I 2023-11-30 06:18:40,763] Trial 46 finished with value: 8.50092601776123 and parameters: {'gradient_clip_val': 0.38407373606595646, 'hidden_size': 39, 'dropout': 0.2697481654759805, 'hidden_continuous_size': 18, 'attention_head_size': 4, 'learning_rate': 0.09972339370100294}. Best is trial 15 with value: 6.910681247711182.
LOCAL_RANK: 0 - CUDA_VISIBLE_DEVICES: [0]
[I 2023-11-30 06:18:53,224] Trial 47 finished with value: 9.10637378692627 and parameters: {'gradient_clip_val': 0.6469367316043356, 'hidden_size': 23, 'dropout': 0.3082745613249587, 'hidden_continuous_size': 10, 'attention_head_size': 4, 'learning_rate': 0.04333900838061272}. Best is trial 15 with value: 6.910681247711182.
LOCAL_RANK: 0 - CUDA_VISIBLE_DEVICES: [0]
[I 2023-11-30 06:19:06,961] Trial 48 finished with value: 8.967597961425781 and parameters: {'gradient_clip_val': 0.8763256275408208, 'hidden_size': 90, 'dropout': 0.31976517567210694, 'hidden_continuous_size': 21, 'attention_head_size': 4, 'learning_rate': 0.028603054810327027}. Best is trial 15 with value: 6.910681247711182.
LOCAL_RANK: 0 - CUDA_VISIBLE_DEVICES: [0]
[I 2023-11-30 06:19:19,545] Trial 49 finished with value: 6.799349308013916 and parameters: {'gradient_clip_val': 0.4704709538054753, 'hidden_size': 31, 'dropout': 0.2532420460223393, 'hidden_continuous_size': 12, 'attention_head_size': 3, 'learning_rate': 0.06583378413212623}. Best is trial 49 with value: 6.799349308013916.
LOCAL_RANK: 0 - CUDA_VISIBLE_DEVICES: [0]
[I 2023-11-30 06:19:31,851] Trial 50 finished with value: 9.340194702148438 and parameters: {'gradient_clip_val': 0.46115454780339565, 'hidden_size': 32, 'dropout': 0.2521320525582418, 'hidden_continuous_size': 14, 'attention_head_size': 3, 'learning_rate': 0.08111254022147815}. Best is trial 49 with value: 6.799349308013916.
LOCAL_RANK: 0 - CUDA_VISIBLE_DEVICES: [0]
[I 2023-11-30 06:19:44,155] Trial 51 finished with value: 9.174647331237793 and parameters: {'gradient_clip_val': 0.5372036839245686, 'hidden_size': 26, 'dropout': 0.28120011246390986, 'hidden_continuous_size': 12, 'attention_head_size': 3, 'learning_rate': 0.06415394384767688}. Best is trial 49 with value: 6.799349308013916.
LOCAL_RANK: 0 - CUDA_VISIBLE_DEVICES: [0]
[I 2023-11-30 06:19:56,354] Trial 52 finished with value: 10.234586715698242 and parameters: {'gradient_clip_val': 0.5992759212491748, 'hidden_size': 19, 'dropout': 0.26153945096041126, 'hidden_continuous_size': 12, 'attention_head_size': 3, 'learning_rate': 0.03595865971488541}. Best is trial 49 with value: 6.799349308013916.
LOCAL_RANK: 0 - CUDA_VISIBLE_DEVICES: [0]
[I 2023-11-30 06:20:08,699] Trial 53 finished with value: 8.831286430358887 and parameters: {'gradient_clip_val': 0.7136300897865651, 'hidden_size': 30, 'dropout': 0.2947786560372394, 'hidden_continuous_size': 13, 'attention_head_size': 2, 'learning_rate': 0.047176396748755935}. Best is trial 49 with value: 6.799349308013916.
LOCAL_RANK: 0 - CUDA_VISIBLE_DEVICES: [0]
[I 2023-11-30 06:20:21,043] Trial 54 finished with value: 10.082727432250977 and parameters: {'gradient_clip_val': 0.4701572635916944, 'hidden_size': 26, 'dropout': 0.2831550398468945, 'hidden_continuous_size': 11, 'attention_head_size': 3, 'learning_rate': 0.05795905291809053}. Best is trial 49 with value: 6.799349308013916.
LOCAL_RANK: 0 - CUDA_VISIBLE_DEVICES: [0]
[I 2023-11-30 06:20:33,222] Trial 55 finished with value: 9.100242614746094 and parameters: {'gradient_clip_val': 0.31206446440837404, 'hidden_size': 23, 'dropout': 0.23318226654668975, 'hidden_continuous_size': 14, 'attention_head_size': 4, 'learning_rate': 0.0856553704480207}. Best is trial 49 with value: 6.799349308013916.
LOCAL_RANK: 0 - CUDA_VISIBLE_DEVICES: [0]
[I 2023-11-30 06:20:45,694] Trial 56 finished with value: 10.223586082458496 and parameters: {'gradient_clip_val': 0.5698434724945893, 'hidden_size': 36, 'dropout': 0.21559560399742572, 'hidden_continuous_size': 13, 'attention_head_size': 4, 'learning_rate': 0.06922339361924833}. Best is trial 49 with value: 6.799349308013916.
LOCAL_RANK: 0 - CUDA_VISIBLE_DEVICES: [0]
[I 2023-11-30 06:20:58,607] Trial 57 finished with value: 9.02029800415039 and parameters: {'gradient_clip_val': 0.6408713801784488, 'hidden_size': 49, 'dropout': 0.24630980753642598, 'hidden_continuous_size': 16, 'attention_head_size': 3, 'learning_rate': 0.023392593936052346}. Best is trial 49 with value: 6.799349308013916.
LOCAL_RANK: 0 - CUDA_VISIBLE_DEVICES: [0]
[I 2023-11-30 06:21:11,088] Trial 58 finished with value: 8.001608848571777 and parameters: {'gradient_clip_val': 0.4177097835573527, 'hidden_size': 29, 'dropout': 0.29686048517595093, 'hidden_continuous_size': 11, 'attention_head_size': 4, 'learning_rate': 0.03357915063868949}. Best is trial 49 with value: 6.799349308013916.
LOCAL_RANK: 0 - CUDA_VISIBLE_DEVICES: [0]
[I 2023-11-30 06:21:23,984] Trial 59 finished with value: 8.989185333251953 and parameters: {'gradient_clip_val': 0.5300677885235447, 'hidden_size': 41, 'dropout': 0.3264472668608263, 'hidden_continuous_size': 10, 'attention_head_size': 3, 'learning_rate': 0.04043099879205431}. Best is trial 49 with value: 6.799349308013916.
LOCAL_RANK: 0 - CUDA_VISIBLE_DEVICES: [0]
[I 2023-11-30 06:21:37,175] Trial 60 finished with value: 9.750468254089355 and parameters: {'gradient_clip_val': 0.7718669494048686, 'hidden_size': 58, 'dropout': 0.2669494712162675, 'hidden_continuous_size': 24, 'attention_head_size': 2, 'learning_rate': 0.05525143179950031}. Best is trial 49 with value: 6.799349308013916.
LOCAL_RANK: 0 - CUDA_VISIBLE_DEVICES: [0]
[I 2023-11-30 06:21:49,691] Trial 61 finished with value: 7.411965847015381 and parameters: {'gradient_clip_val': 0.6826835981490071, 'hidden_size': 31, 'dropout': 0.28525942247059227, 'hidden_continuous_size': 10, 'attention_head_size': 4, 'learning_rate': 0.0521395778101983}. Best is trial 49 with value: 6.799349308013916.
LOCAL_RANK: 0 - CUDA_VISIBLE_DEVICES: [0]
[I 2023-11-30 06:22:01,743] Trial 62 finished with value: 8.055092811584473 and parameters: {'gradient_clip_val': 0.6984072361380371, 'hidden_size': 24, 'dropout': 0.3132971964503255, 'hidden_continuous_size': 10, 'attention_head_size': 4, 'learning_rate': 0.047908968167647316}. Best is trial 49 with value: 6.799349308013916.
LOCAL_RANK: 0 - CUDA_VISIBLE_DEVICES: [0]
[I 2023-11-30 06:22:14,158] Trial 63 finished with value: 7.058455944061279 and parameters: {'gradient_clip_val': 0.5991717172091342, 'hidden_size': 30, 'dropout': 0.27983468120425703, 'hidden_continuous_size': 11, 'attention_head_size': 4, 'learning_rate': 0.06532581901368288}. Best is trial 49 with value: 6.799349308013916.
LOCAL_RANK: 0 - CUDA_VISIBLE_DEVICES: [0]
[I 2023-11-30 06:22:26,642] Trial 64 finished with value: 7.660402297973633 and parameters: {'gradient_clip_val': 0.5808005125503402, 'hidden_size': 31, 'dropout': 0.2530977106535717, 'hidden_continuous_size': 11, 'attention_head_size': 4, 'learning_rate': 0.06711152415364359}. Best is trial 49 with value: 6.799349308013916.
LOCAL_RANK: 0 - CUDA_VISIBLE_DEVICES: [0]
[I 2023-11-30 06:22:39,339] Trial 65 finished with value: 10.68597412109375 and parameters: {'gradient_clip_val': 0.5037998415305845, 'hidden_size': 39, 'dropout': 0.2748138665993236, 'hidden_continuous_size': 12, 'attention_head_size': 4, 'learning_rate': 0.08677140021822728}. Best is trial 49 with value: 6.799349308013916.
LOCAL_RANK: 0 - CUDA_VISIBLE_DEVICES: [0]
[I 2023-11-30 06:22:51,957] Trial 66 finished with value: 9.951231956481934 and parameters: {'gradient_clip_val': 0.6063073541929459, 'hidden_size': 35, 'dropout': 0.343794634210893, 'hidden_continuous_size': 11, 'attention_head_size': 4, 'learning_rate': 0.061339488388902644}. Best is trial 49 with value: 6.799349308013916.
LOCAL_RANK: 0 - CUDA_VISIBLE_DEVICES: [0]
[I 2023-11-30 06:23:04,399] Trial 67 finished with value: 9.11002254486084 and parameters: {'gradient_clip_val': 0.4718691948597322, 'hidden_size': 27, 'dropout': 0.3594187573005068, 'hidden_continuous_size': 13, 'attention_head_size': 4, 'learning_rate': 0.07670871975717226}. Best is trial 49 with value: 6.799349308013916.
LOCAL_RANK: 0 - CUDA_VISIBLE_DEVICES: [0]
[I 2023-11-30 06:23:16,657] Trial 68 finished with value: 9.108710289001465 and parameters: {'gradient_clip_val': 0.8948552317196844, 'hidden_size': 32, 'dropout': 0.30130118359038616, 'hidden_continuous_size': 12, 'attention_head_size': 4, 'learning_rate': 0.09598598427166491}. Best is trial 49 with value: 6.799349308013916.
LOCAL_RANK: 0 - CUDA_VISIBLE_DEVICES: [0]
[I 2023-11-30 06:23:29,439] Trial 69 finished with value: 9.5862398147583 and parameters: {'gradient_clip_val': 0.6584206065204652, 'hidden_size': 34, 'dropout': 0.3866105745224053, 'hidden_continuous_size': 15, 'attention_head_size': 3, 'learning_rate': 0.04981274983051358}. Best is trial 49 with value: 6.799349308013916.
LOCAL_RANK: 0 - CUDA_VISIBLE_DEVICES: [0]
[I 2023-11-30 06:23:41,701] Trial 70 finished with value: 11.531001091003418 and parameters: {'gradient_clip_val': 0.5152624120183055, 'hidden_size': 21, 'dropout': 0.2564734156418499, 'hidden_continuous_size': 13, 'attention_head_size': 4, 'learning_rate': 0.07154592735188238}. Best is trial 49 with value: 6.799349308013916.
LOCAL_RANK: 0 - CUDA_VISIBLE_DEVICES: [0]
[I 2023-11-30 06:23:54,069] Trial 71 finished with value: 9.410613059997559 and parameters: {'gradient_clip_val': 0.614784625119319, 'hidden_size': 31, 'dropout': 0.28006643797922903, 'hidden_continuous_size': 11, 'attention_head_size': 4, 'learning_rate': 0.06675089550130367}. Best is trial 49 with value: 6.799349308013916.
LOCAL_RANK: 0 - CUDA_VISIBLE_DEVICES: [0]
[I 2023-11-30 06:24:06,498] Trial 72 finished with value: 8.93502140045166 and parameters: {'gradient_clip_val': 0.7171083227475855, 'hidden_size': 29, 'dropout': 0.2662772104691493, 'hidden_continuous_size': 11, 'attention_head_size': 4, 'learning_rate': 0.0583030394168893}. Best is trial 49 with value: 6.799349308013916.
LOCAL_RANK: 0 - CUDA_VISIBLE_DEVICES: [0]
[I 2023-11-30 06:24:18,872] Trial 73 finished with value: 8.34125804901123 and parameters: {'gradient_clip_val': 0.5865007985774585, 'hidden_size': 31, 'dropout': 0.2536336838142635, 'hidden_continuous_size': 10, 'attention_head_size': 4, 'learning_rate': 0.08728188744562906}. Best is trial 49 with value: 6.799349308013916.
LOCAL_RANK: 0 - CUDA_VISIBLE_DEVICES: [0]
[I 2023-11-30 06:24:31,430] Trial 74 finished with value: 11.270530700683594 and parameters: {'gradient_clip_val': 0.568112340354575, 'hidden_size': 25, 'dropout': 0.23761449449447314, 'hidden_continuous_size': 12, 'attention_head_size': 4, 'learning_rate': 0.06660482986804105}. Best is trial 49 with value: 6.799349308013916.
LOCAL_RANK: 0 - CUDA_VISIBLE_DEVICES: [0]
[I 2023-11-30 06:24:44,292] Trial 75 finished with value: 7.6667046546936035 and parameters: {'gradient_clip_val': 0.441759255600501, 'hidden_size': 37, 'dropout': 0.2846132363864607, 'hidden_continuous_size': 19, 'attention_head_size': 4, 'learning_rate': 0.04276962490825141}. Best is trial 49 with value: 6.799349308013916.
LOCAL_RANK: 0 - CUDA_VISIBLE_DEVICES: [0]
[I 2023-11-30 06:24:56,607] Trial 76 finished with value: 9.8782377243042 and parameters: {'gradient_clip_val': 0.5522796256662913, 'hidden_size': 28, 'dropout': 0.2586588297746645, 'hidden_continuous_size': 17, 'attention_head_size': 4, 'learning_rate': 0.053050026554976495}. Best is trial 49 with value: 6.799349308013916.
LOCAL_RANK: 0 - CUDA_VISIBLE_DEVICES: [0]
[I 2023-11-30 06:25:09,062] Trial 77 finished with value: 9.489954948425293 and parameters: {'gradient_clip_val': 0.4892368611412258, 'hidden_size': 34, 'dropout': 0.27157123883837636, 'hidden_continuous_size': 10, 'attention_head_size': 4, 'learning_rate': 0.07785403414949434}. Best is trial 49 with value: 6.799349308013916.
LOCAL_RANK: 0 - CUDA_VISIBLE_DEVICES: [0]
[I 2023-11-30 06:25:21,874] Trial 78 finished with value: 14.27363109588623 and parameters: {'gradient_clip_val': 0.7798626369448578, 'hidden_size': 43, 'dropout': 0.2931743300790496, 'hidden_continuous_size': 11, 'attention_head_size': 4, 'learning_rate': 0.04590263051128975}. Best is trial 49 with value: 6.799349308013916.
LOCAL_RANK: 0 - CUDA_VISIBLE_DEVICES: [0]
[I 2023-11-30 06:25:34,617] Trial 79 finished with value: 9.29020881652832 and parameters: {'gradient_clip_val': 0.6612754517183448, 'hidden_size': 40, 'dropout': 0.2492011838018311, 'hidden_continuous_size': 21, 'attention_head_size': 1, 'learning_rate': 0.03645920406024884}. Best is trial 49 with value: 6.799349308013916.
LOCAL_RANK: 0 - CUDA_VISIBLE_DEVICES: [0]
[I 2023-11-30 06:25:47,616] Trial 80 finished with value: 7.461968898773193 and parameters: {'gradient_clip_val': 0.5781863312715378, 'hidden_size': 47, 'dropout': 0.2779798924800181, 'hidden_continuous_size': 30, 'attention_head_size': 3, 'learning_rate': 0.06333592899156847}. Best is trial 49 with value: 6.799349308013916.
LOCAL_RANK: 0 - CUDA_VISIBLE_DEVICES: [0]
[I 2023-11-30 06:26:00,524] Trial 81 finished with value: 11.260337829589844 and parameters: {'gradient_clip_val': 0.5771187961340929, 'hidden_size': 45, 'dropout': 0.26381615980472833, 'hidden_continuous_size': 28, 'attention_head_size': 3, 'learning_rate': 0.06133750686435823}. Best is trial 49 with value: 6.799349308013916.
LOCAL_RANK: 0 - CUDA_VISIBLE_DEVICES: [0]
[I 2023-11-30 06:26:13,143] Trial 82 finished with value: 9.221577644348145 and parameters: {'gradient_clip_val': 0.5307978335665935, 'hidden_size': 37, 'dropout': 0.27661307388165496, 'hidden_continuous_size': 30, 'attention_head_size': 3, 'learning_rate': 0.07391047466655148}. Best is trial 49 with value: 6.799349308013916.
LOCAL_RANK: 0 - CUDA_VISIBLE_DEVICES: [0]
[I 2023-11-30 06:26:25,720] Trial 83 finished with value: 9.961968421936035 and parameters: {'gradient_clip_val': 0.6922196764894857, 'hidden_size': 31, 'dropout': 0.30371350506216305, 'hidden_continuous_size': 11, 'attention_head_size': 3, 'learning_rate': 0.0519229511758018}. Best is trial 49 with value: 6.799349308013916.
LOCAL_RANK: 0 - CUDA_VISIBLE_DEVICES: [0]
[I 2023-11-30 06:26:38,570] Trial 84 finished with value: 9.114564895629883 and parameters: {'gradient_clip_val': 0.5969721540766296, 'hidden_size': 47, 'dropout': 0.2846306942911874, 'hidden_continuous_size': 22, 'attention_head_size': 3, 'learning_rate': 0.099767342603782}. Best is trial 49 with value: 6.799349308013916.
LOCAL_RANK: 0 - CUDA_VISIBLE_DEVICES: [0]
[I 2023-11-30 06:26:51,119] Trial 85 finished with value: 8.924368858337402 and parameters: {'gradient_clip_val': 0.6305538684014935, 'hidden_size': 42, 'dropout': 0.27051758316766655, 'hidden_continuous_size': 12, 'attention_head_size': 2, 'learning_rate': 0.08461823129548735}. Best is trial 49 with value: 6.799349308013916.
LOCAL_RANK: 0 - CUDA_VISIBLE_DEVICES: [0]
[I 2023-11-30 06:27:03,739] Trial 86 finished with value: 8.937146186828613 and parameters: {'gradient_clip_val': 0.5059152096981708, 'hidden_size': 35, 'dropout': 0.3690213889185876, 'hidden_continuous_size': 10, 'attention_head_size': 4, 'learning_rate': 0.06828783297212108}. Best is trial 49 with value: 6.799349308013916.
LOCAL_RANK: 0 - CUDA_VISIBLE_DEVICES: [0]
[I 2023-11-30 06:27:16,321] Trial 87 finished with value: 7.114359378814697 and parameters: {'gradient_clip_val': 0.7474220120651784, 'hidden_size': 38, 'dropout': 0.28932937129181835, 'hidden_continuous_size': 11, 'attention_head_size': 3, 'learning_rate': 0.05711036184338765}. Best is trial 49 with value: 6.799349308013916.
LOCAL_RANK: 0 - CUDA_VISIBLE_DEVICES: [0]
[I 2023-11-30 06:27:29,108] Trial 88 finished with value: 7.9322967529296875 and parameters: {'gradient_clip_val': 0.7627698615998588, 'hidden_size': 40, 'dropout': 0.3088811281863342, 'hidden_continuous_size': 26, 'attention_head_size': 3, 'learning_rate': 0.0319466536988008}. Best is trial 49 with value: 6.799349308013916.
LOCAL_RANK: 0 - CUDA_VISIBLE_DEVICES: [0]
[I 2023-11-30 06:27:42,116] Trial 89 finished with value: 9.430827140808105 and parameters: {'gradient_clip_val': 0.6878154411210591, 'hidden_size': 52, 'dropout': 0.2989038313528282, 'hidden_continuous_size': 30, 'attention_head_size': 3, 'learning_rate': 0.05741560607941573}. Best is trial 49 with value: 6.799349308013916.
LOCAL_RANK: 0 - CUDA_VISIBLE_DEVICES: [0]
[I 2023-11-30 06:27:54,877] Trial 90 finished with value: 11.250523567199707 and parameters: {'gradient_clip_val': 0.7478685997641097, 'hidden_size': 34, 'dropout': 0.2893533933744096, 'hidden_continuous_size': 20, 'attention_head_size': 3, 'learning_rate': 0.038180844134084686}. Best is trial 49 with value: 6.799349308013916.
LOCAL_RANK: 0 - CUDA_VISIBLE_DEVICES: [0]
[I 2023-11-30 06:28:07,166] Trial 91 finished with value: 9.564433097839355 and parameters: {'gradient_clip_val': 0.6264883582080364, 'hidden_size': 28, 'dropout': 0.28112844866472564, 'hidden_continuous_size': 16, 'attention_head_size': 3, 'learning_rate': 0.04561576940039636}. Best is trial 49 with value: 6.799349308013916.
LOCAL_RANK: 0 - CUDA_VISIBLE_DEVICES: [0]
[I 2023-11-30 06:28:19,983] Trial 92 finished with value: 8.513691902160645 and parameters: {'gradient_clip_val': 0.5478241619421359, 'hidden_size': 38, 'dropout': 0.32554074242972786, 'hidden_continuous_size': 18, 'attention_head_size': 4, 'learning_rate': 0.059954607442935307}. Best is trial 49 with value: 6.799349308013916.
LOCAL_RANK: 0 - CUDA_VISIBLE_DEVICES: [0]
[I 2023-11-30 06:28:32,370] Trial 93 finished with value: 9.701502799987793 and parameters: {'gradient_clip_val': 0.8110994074605313, 'hidden_size': 32, 'dropout': 0.26161478116140596, 'hidden_continuous_size': 19, 'attention_head_size': 3, 'learning_rate': 0.053760061422131744}. Best is trial 49 with value: 6.799349308013916.
LOCAL_RANK: 0 - CUDA_VISIBLE_DEVICES: [0]
[I 2023-11-30 06:28:45,208] Trial 94 finished with value: 7.7497076988220215 and parameters: {'gradient_clip_val': 0.6698823082010288, 'hidden_size': 46, 'dropout': 0.24611334596113385, 'hidden_continuous_size': 12, 'attention_head_size': 4, 'learning_rate': 0.07273274694806675}. Best is trial 49 with value: 6.799349308013916.
LOCAL_RANK: 0 - CUDA_VISIBLE_DEVICES: [0]
[I 2023-11-30 06:28:57,650] Trial 95 finished with value: 8.159228324890137 and parameters: {'gradient_clip_val': 0.5919348044274586, 'hidden_size': 29, 'dropout': 0.2761590904915777, 'hidden_continuous_size': 11, 'attention_head_size': 4, 'learning_rate': 0.0660316128980311}. Best is trial 49 with value: 6.799349308013916.
LOCAL_RANK: 0 - CUDA_VISIBLE_DEVICES: [0]
[I 2023-11-30 06:29:10,713] Trial 96 finished with value: 8.812457084655762 and parameters: {'gradient_clip_val': 0.5630818061062355, 'hidden_size': 42, 'dropout': 0.2957340109861901, 'hidden_continuous_size': 34, 'attention_head_size': 3, 'learning_rate': 0.09023158994374116}. Best is trial 49 with value: 6.799349308013916.
LOCAL_RANK: 0 - CUDA_VISIBLE_DEVICES: [0]
[I 2023-11-30 06:29:23,202] Trial 97 finished with value: 7.723186016082764 and parameters: {'gradient_clip_val': 0.7181939490857177, 'hidden_size': 38, 'dropout': 0.2547255475431356, 'hidden_continuous_size': 10, 'attention_head_size': 4, 'learning_rate': 0.049311194339254724}. Best is trial 49 with value: 6.799349308013916.
LOCAL_RANK: 0 - CUDA_VISIBLE_DEVICES: [0]
[I 2023-11-30 06:29:35,759] Trial 98 finished with value: 8.977124214172363 and parameters: {'gradient_clip_val': 0.6408880284084184, 'hidden_size': 26, 'dropout': 0.2663283661525931, 'hidden_continuous_size': 11, 'attention_head_size': 3, 'learning_rate': 0.07948840684116042}. Best is trial 49 with value: 6.799349308013916.
LOCAL_RANK: 0 - CUDA_VISIBLE_DEVICES: [0]
[I 2023-11-30 06:29:48,261] Trial 99 finished with value: 10.31262493133545 and parameters: {'gradient_clip_val': 0.4844246418816597, 'hidden_size': 30, 'dropout': 0.39971193414380635, 'hidden_continuous_size': 13, 'attention_head_size': 4, 'learning_rate': 0.04146711704547471}. Best is trial 49 with value: 6.799349308013916.
LOCAL_RANK: 0 - CUDA_VISIBLE_DEVICES: [0]
[I 2023-11-30 06:30:00,668] Trial 100 finished with value: 10.570551872253418 and parameters: {'gradient_clip_val': 0.45446732254481903, 'hidden_size': 36, 'dropout': 0.28733980338912163, 'hidden_continuous_size': 14, 'attention_head_size': 2, 'learning_rate': 0.06129616147409439}. Best is trial 49 with value: 6.799349308013916.
LOCAL_RANK: 0 - CUDA_VISIBLE_DEVICES: [0]
[I 2023-11-30 06:30:13,466] Trial 101 finished with value: 7.957614898681641 and parameters: {'gradient_clip_val': 0.5363451351758326, 'hidden_size': 34, 'dropout': 0.28462893921170956, 'hidden_continuous_size': 19, 'attention_head_size': 4, 'learning_rate': 0.044311782448324386}. Best is trial 49 with value: 6.799349308013916.
LOCAL_RANK: 0 - CUDA_VISIBLE_DEVICES: [0]
