[I 2023-11-30 14:26:34,539] Trial 11 finished with value: 52.83729553222656 and parameters: {'gradient_clip_val': 0.9658630358975553, 'hidden_size': 30, 'dropout': 0.24375370343788497, 'hidden_continuous_size': 12, 'attention_head_size': 2, 'learning_rate': 0.0032943672675971973}. Best is trial 4 with value: 31.154647827148438.
LOCAL_RANK: 0 - CUDA_VISIBLE_DEVICES: [0]
[I 2023-11-30 14:26:47,892] Trial 12 finished with value: 80.68489074707031 and parameters: {'gradient_clip_val': 0.9707581492704075, 'hidden_size': 32, 'dropout': 0.19264278400403362, 'hidden_continuous_size': 13, 'attention_head_size': 1, 'learning_rate': 0.0010294945871950466}. Best is trial 4 with value: 31.154647827148438.
LOCAL_RANK: 0 - CUDA_VISIBLE_DEVICES: [0]
[I 2023-11-30 14:27:00,877] Trial 13 finished with value: 44.15647888183594 and parameters: {'gradient_clip_val': 0.5237809198260247, 'hidden_size': 20, 'dropout': 0.10165845392605469, 'hidden_continuous_size': 10, 'attention_head_size': 2, 'learning_rate': 0.009848313168761023}. Best is trial 4 with value: 31.154647827148438.
LOCAL_RANK: 0 - CUDA_VISIBLE_DEVICES: [0]
[I 2023-11-30 14:27:14,306] Trial 14 finished with value: 45.46541213989258 and parameters: {'gradient_clip_val': 0.416355355814499, 'hidden_size': 41, 'dropout': 0.28033539941874114, 'hidden_continuous_size': 14, 'attention_head_size': 3, 'learning_rate': 0.003461867074887138}. Best is trial 4 with value: 31.154647827148438.
LOCAL_RANK: 0 - CUDA_VISIBLE_DEVICES: [0]
[I 2023-11-30 14:27:28,163] Trial 15 finished with value: 34.84348678588867 and parameters: {'gradient_clip_val': 0.9948522389136266, 'hidden_size': 81, 'dropout': 0.17668270598124547, 'hidden_continuous_size': 17, 'attention_head_size': 1, 'learning_rate': 0.009193864811500254}. Best is trial 4 with value: 31.154647827148438.
LOCAL_RANK: 0 - CUDA_VISIBLE_DEVICES: [0]
[I 2023-11-30 14:27:39,728] Trial 16 finished with value: 49.3280029296875 and parameters: {'gradient_clip_val': 0.7019045649678507, 'hidden_size': 10, 'dropout': 0.22181423257537192, 'hidden_continuous_size': 10, 'attention_head_size': 2, 'learning_rate': 0.019703428462992154}. Best is trial 4 with value: 31.154647827148438.
LOCAL_RANK: 0 - CUDA_VISIBLE_DEVICES: [0]
[I 2023-11-30 14:27:53,030] Trial 17 finished with value: 29.933364868164062 and parameters: {'gradient_clip_val': 0.4565291637451859, 'hidden_size': 38, 'dropout': 0.27595998076601047, 'hidden_continuous_size': 14, 'attention_head_size': 1, 'learning_rate': 0.005977606711463435}. Best is trial 17 with value: 29.933364868164062.
LOCAL_RANK: 0 - CUDA_VISIBLE_DEVICES: [0]
[I 2023-11-30 14:28:06,045] Trial 18 finished with value: 46.07017135620117 and parameters: {'gradient_clip_val': 0.43024271392795893, 'hidden_size': 40, 'dropout': 0.27792296425086366, 'hidden_continuous_size': 15, 'attention_head_size': 1, 'learning_rate': 0.005844569677287139}. Best is trial 17 with value: 29.933364868164062.
LOCAL_RANK: 0 - CUDA_VISIBLE_DEVICES: [0]
[I 2023-11-30 14:28:20,186] Trial 19 finished with value: 40.97768020629883 and parameters: {'gradient_clip_val': 0.6085227664392585, 'hidden_size': 81, 'dropout': 0.3328840158830338, 'hidden_continuous_size': 16, 'attention_head_size': 1, 'learning_rate': 0.002805614792954453}. Best is trial 17 with value: 29.933364868164062.
LOCAL_RANK: 0 - CUDA_VISIBLE_DEVICES: [0]
[I 2023-11-30 14:28:35,201] Trial 20 finished with value: 30.35456085205078 and parameters: {'gradient_clip_val': 0.4401480242679283, 'hidden_size': 104, 'dropout': 0.2609730606002016, 'hidden_continuous_size': 26, 'attention_head_size': 1, 'learning_rate': 0.002051211265396213}. Best is trial 17 with value: 29.933364868164062.
LOCAL_RANK: 0 - CUDA_VISIBLE_DEVICES: [0]
[I 2023-11-30 14:28:49,517] Trial 21 finished with value: 31.139144897460938 and parameters: {'gradient_clip_val': 0.4359839676115451, 'hidden_size': 103, 'dropout': 0.2672092669220262, 'hidden_continuous_size': 27, 'attention_head_size': 1, 'learning_rate': 0.0020356686788105104}. Best is trial 17 with value: 29.933364868164062.
LOCAL_RANK: 0 - CUDA_VISIBLE_DEVICES: [0]
[I 2023-11-30 14:29:03,787] Trial 22 finished with value: 33.03086853027344 and parameters: {'gradient_clip_val': 0.42406417379989153, 'hidden_size': 102, 'dropout': 0.2604125045225876, 'hidden_continuous_size': 29, 'attention_head_size': 1, 'learning_rate': 0.0019196126092007305}. Best is trial 17 with value: 29.933364868164062.
LOCAL_RANK: 0 - CUDA_VISIBLE_DEVICES: [0]
[I 2023-11-30 14:29:18,176] Trial 23 finished with value: 42.76498031616211 and parameters: {'gradient_clip_val': 0.3290040353205706, 'hidden_size': 113, 'dropout': 0.25483252680837354, 'hidden_continuous_size': 45, 'attention_head_size': 1, 'learning_rate': 0.0011662599117063914}. Best is trial 17 with value: 29.933364868164062.
LOCAL_RANK: 0 - CUDA_VISIBLE_DEVICES: [0]
[I 2023-11-30 14:29:33,254] Trial 24 finished with value: 39.20342254638672 and parameters: {'gradient_clip_val': 0.4763519023559266, 'hidden_size': 148, 'dropout': 0.3111143135043885, 'hidden_continuous_size': 46, 'attention_head_size': 2, 'learning_rate': 0.0021233946491551244}. Best is trial 17 with value: 29.933364868164062.
LOCAL_RANK: 0 - CUDA_VISIBLE_DEVICES: [0]
[I 2023-11-30 14:29:47,455] Trial 25 finished with value: 46.211578369140625 and parameters: {'gradient_clip_val': 0.3707644896181836, 'hidden_size': 68, 'dropout': 0.2563604305520643, 'hidden_continuous_size': 26, 'attention_head_size': 1, 'learning_rate': 0.0024752516491707466}. Best is trial 17 with value: 29.933364868164062.
LOCAL_RANK: 0 - CUDA_VISIBLE_DEVICES: [0]
[I 2023-11-30 14:30:01,912] Trial 26 finished with value: 40.44834899902344 and parameters: {'gradient_clip_val': 0.2865066504755093, 'hidden_size': 111, 'dropout': 0.21912001383883717, 'hidden_continuous_size': 18, 'attention_head_size': 2, 'learning_rate': 0.001393780735363079}. Best is trial 17 with value: 29.933364868164062.
LOCAL_RANK: 0 - CUDA_VISIBLE_DEVICES: [0]
[I 2023-11-30 14:30:15,337] Trial 27 finished with value: 54.37995529174805 and parameters: {'gradient_clip_val': 0.4639340941532602, 'hidden_size': 66, 'dropout': 0.3401704675565969, 'hidden_continuous_size': 18, 'attention_head_size': 1, 'learning_rate': 0.0016114855627105168}. Best is trial 17 with value: 29.933364868164062.
LOCAL_RANK: 0 - CUDA_VISIBLE_DEVICES: [0]
[I 2023-11-30 14:30:28,969] Trial 28 finished with value: 36.630191802978516 and parameters: {'gradient_clip_val': 0.6025389054842183, 'hidden_size': 46, 'dropout': 0.27064906540246675, 'hidden_continuous_size': 15, 'attention_head_size': 3, 'learning_rate': 0.003957265667765787}. Best is trial 17 with value: 29.933364868164062.
LOCAL_RANK: 0 - CUDA_VISIBLE_DEVICES: [0]
[I 2023-11-30 14:30:44,297] Trial 29 finished with value: 31.856689453125 and parameters: {'gradient_clip_val': 0.37297710341320284, 'hidden_size': 123, 'dropout': 0.39891522636970367, 'hidden_continuous_size': 26, 'attention_head_size': 4, 'learning_rate': 0.0024376269839936544}. Best is trial 17 with value: 29.933364868164062.
LOCAL_RANK: 0 - CUDA_VISIBLE_DEVICES: [0]
[I 2023-11-30 14:30:59,814] Trial 30 finished with value: 39.78470993041992 and parameters: {'gradient_clip_val': 0.5047567364985744, 'hidden_size': 147, 'dropout': 0.3028280598623531, 'hidden_continuous_size': 33, 'attention_head_size': 1, 'learning_rate': 0.0014376049653673092}. Best is trial 17 with value: 29.933364868164062.
LOCAL_RANK: 0 - CUDA_VISIBLE_DEVICES: [0]
[I 2023-11-30 14:31:14,218] Trial 31 finished with value: 41.70103454589844 and parameters: {'gradient_clip_val': 0.635567104006856, 'hidden_size': 95, 'dropout': 0.2915144053617679, 'hidden_continuous_size': 14, 'attention_head_size': 1, 'learning_rate': 0.004283295095850383}. Best is trial 17 with value: 29.933364868164062.
LOCAL_RANK: 0 - CUDA_VISIBLE_DEVICES: [0]
[I 2023-11-30 14:31:28,275] Trial 32 finished with value: 45.630889892578125 and parameters: {'gradient_clip_val': 0.8119265386598686, 'hidden_size': 120, 'dropout': 0.29760425404468066, 'hidden_continuous_size': 19, 'attention_head_size': 1, 'learning_rate': 0.007528224674564271}. Best is trial 17 with value: 29.933364868164062.
LOCAL_RANK: 0 - CUDA_VISIBLE_DEVICES: [0]
[I 2023-11-30 14:31:42,075] Trial 33 finished with value: 37.06064224243164 and parameters: {'gradient_clip_val': 0.5099079469330255, 'hidden_size': 73, 'dropout': 0.24257688011092882, 'hidden_continuous_size': 13, 'attention_head_size': 1, 'learning_rate': 0.00293213113311969}. Best is trial 17 with value: 29.933364868164062.
LOCAL_RANK: 0 - CUDA_VISIBLE_DEVICES: [0]
[I 2023-11-30 14:31:56,891] Trial 34 finished with value: 32.90321350097656 and parameters: {'gradient_clip_val': 0.6068035801247701, 'hidden_size': 96, 'dropout': 0.2711730046696843, 'hidden_continuous_size': 20, 'attention_head_size': 4, 'learning_rate': 0.004472210361080768}. Best is trial 17 with value: 29.933364868164062.
LOCAL_RANK: 0 - CUDA_VISIBLE_DEVICES: [0]
[I 2023-11-30 14:32:10,985] Trial 35 finished with value: 34.9919548034668 and parameters: {'gradient_clip_val': 0.721084047170789, 'hidden_size': 78, 'dropout': 0.3143081786771967, 'hidden_continuous_size': 16, 'attention_head_size': 2, 'learning_rate': 0.007289876694413728}. Best is trial 17 with value: 29.933364868164062.
LOCAL_RANK: 0 - CUDA_VISIBLE_DEVICES: [0]
[I 2023-11-30 14:32:25,790] Trial 36 finished with value: 48.237003326416016 and parameters: {'gradient_clip_val': 0.845687644098515, 'hidden_size': 57, 'dropout': 0.26875570992566106, 'hidden_continuous_size': 24, 'attention_head_size': 1, 'learning_rate': 0.0020382224114340597}. Best is trial 17 with value: 29.933364868164062.
LOCAL_RANK: 0 - CUDA_VISIBLE_DEVICES: [0]
[I 2023-11-30 14:32:40,458] Trial 37 finished with value: 29.456579208374023 and parameters: {'gradient_clip_val': 0.2895843193306565, 'hidden_size': 126, 'dropout': 0.29856728151333756, 'hidden_continuous_size': 12, 'attention_head_size': 2, 'learning_rate': 0.0031845471471062116}. Best is trial 37 with value: 29.456579208374023.
LOCAL_RANK: 0 - CUDA_VISIBLE_DEVICES: [0]
[I 2023-11-30 14:32:54,891] Trial 38 finished with value: 35.47917175292969 and parameters: {'gradient_clip_val': 0.276372029269684, 'hidden_size': 103, 'dropout': 0.3249815063422823, 'hidden_continuous_size': 12, 'attention_head_size': 2, 'learning_rate': 0.0032485201013934813}. Best is trial 37 with value: 29.456579208374023.
LOCAL_RANK: 0 - CUDA_VISIBLE_DEVICES: [0]
[I 2023-11-30 14:33:09,744] Trial 39 finished with value: 32.78213882446289 and parameters: {'gradient_clip_val': 0.39018581911820216, 'hidden_size': 119, 'dropout': 0.2868392316106244, 'hidden_continuous_size': 21, 'attention_head_size': 2, 'learning_rate': 0.002561974062421827}. Best is trial 37 with value: 29.456579208374023.
LOCAL_RANK: 0 - CUDA_VISIBLE_DEVICES: [0]
[I 2023-11-30 14:33:24,723] Trial 40 finished with value: 31.483469009399414 and parameters: {'gradient_clip_val': 0.36130471127421093, 'hidden_size': 127, 'dropout': 0.2985502333027995, 'hidden_continuous_size': 39, 'attention_head_size': 3, 'learning_rate': 0.004803241527276569}. Best is trial 37 with value: 29.456579208374023.
LOCAL_RANK: 0 - CUDA_VISIBLE_DEVICES: [0]
[I 2023-11-30 14:33:38,032] Trial 41 finished with value: 40.39975357055664 and parameters: {'gradient_clip_val': 0.5350174490893855, 'hidden_size': 93, 'dropout': 0.3106592064785842, 'hidden_continuous_size': 11, 'attention_head_size': 1, 'learning_rate': 0.003682202785557296}. Best is trial 37 with value: 29.456579208374023.
LOCAL_RANK: 0 - CUDA_VISIBLE_DEVICES: [0]
[I 2023-11-30 14:33:51,919] Trial 42 finished with value: 35.86799621582031 and parameters: {'gradient_clip_val': 0.45743940342514483, 'hidden_size': 139, 'dropout': 0.2850260821689067, 'hidden_continuous_size': 12, 'attention_head_size': 1, 'learning_rate': 0.005491901620485778}. Best is trial 37 with value: 29.456579208374023.
LOCAL_RANK: 0 - CUDA_VISIBLE_DEVICES: [0]
[I 2023-11-30 14:34:05,002] Trial 43 finished with value: 43.86888122558594 and parameters: {'gradient_clip_val': 0.3247020790979034, 'hidden_size': 64, 'dropout': 0.2600635768655321, 'hidden_continuous_size': 22, 'attention_head_size': 1, 'learning_rate': 0.0018594755753154305}. Best is trial 37 with value: 29.456579208374023.
LOCAL_RANK: 0 - CUDA_VISIBLE_DEVICES: [0]
[I 2023-11-30 14:34:18,591] Trial 44 finished with value: 33.8927001953125 and parameters: {'gradient_clip_val': 0.25339595023266376, 'hidden_size': 86, 'dropout': 0.23280681810362538, 'hidden_continuous_size': 19, 'attention_head_size': 2, 'learning_rate': 0.003782714538707959}. Best is trial 37 with value: 29.456579208374023.
LOCAL_RANK: 0 - CUDA_VISIBLE_DEVICES: [0]
[I 2023-11-30 14:34:31,236] Trial 45 finished with value: 41.176021575927734 and parameters: {'gradient_clip_val': 0.2016847640120168, 'hidden_size': 51, 'dropout': 0.34263145209733553, 'hidden_continuous_size': 11, 'attention_head_size': 1, 'learning_rate': 0.00685396368349672}. Best is trial 37 with value: 29.456579208374023.
LOCAL_RANK: 0 - CUDA_VISIBLE_DEVICES: [0]
[I 2023-11-30 14:34:44,699] Trial 46 finished with value: 32.136966705322266 and parameters: {'gradient_clip_val': 0.5632495865147935, 'hidden_size': 103, 'dropout': 0.29796120975165646, 'hidden_continuous_size': 17, 'attention_head_size': 2, 'learning_rate': 0.0046088881960872005}. Best is trial 37 with value: 29.456579208374023.
LOCAL_RANK: 0 - CUDA_VISIBLE_DEVICES: [0]
[I 2023-11-30 14:34:57,809] Trial 47 finished with value: 36.395626068115234 and parameters: {'gradient_clip_val': 0.6700657457851376, 'hidden_size': 76, 'dropout': 0.27304483922563855, 'hidden_continuous_size': 13, 'attention_head_size': 1, 'learning_rate': 0.00303550631884763}. Best is trial 37 with value: 29.456579208374023.
LOCAL_RANK: 0 - CUDA_VISIBLE_DEVICES: [0]
[I 2023-11-30 14:35:11,636] Trial 48 finished with value: 32.96477127075195 and parameters: {'gradient_clip_val': 0.7845909412207254, 'hidden_size': 131, 'dropout': 0.24599972603537693, 'hidden_continuous_size': 15, 'attention_head_size': 1, 'learning_rate': 0.0022035021942808266}. Best is trial 37 with value: 29.456579208374023.
LOCAL_RANK: 0 - CUDA_VISIBLE_DEVICES: [0]
[I 2023-11-30 14:35:25,072] Trial 49 finished with value: 40.59257507324219 and parameters: {'gradient_clip_val': 0.4733086242459373, 'hidden_size': 90, 'dropout': 0.28598819562476707, 'hidden_continuous_size': 10, 'attention_head_size': 3, 'learning_rate': 0.004951222416529794}. Best is trial 37 with value: 29.456579208374023.
LOCAL_RANK: 0 - CUDA_VISIBLE_DEVICES: [0]
[I 2023-11-30 14:35:38,361] Trial 50 finished with value: 38.176734924316406 and parameters: {'gradient_clip_val': 0.4094200776323508, 'hidden_size': 60, 'dropout': 0.3518046073628891, 'hidden_continuous_size': 30, 'attention_head_size': 2, 'learning_rate': 0.002957857430723777}. Best is trial 37 with value: 29.456579208374023.
LOCAL_RANK: 0 - CUDA_VISIBLE_DEVICES: [0]
[I 2023-11-30 14:35:50,904] Trial 51 finished with value: 34.383853912353516 and parameters: {'gradient_clip_val': 0.8794094975468002, 'hidden_size': 33, 'dropout': 0.13845160806735385, 'hidden_continuous_size': 11, 'attention_head_size': 2, 'learning_rate': 0.012447435660469434}. Best is trial 37 with value: 29.456579208374023.
LOCAL_RANK: 0 - CUDA_VISIBLE_DEVICES: [0]
[I 2023-11-30 14:36:03,916] Trial 52 finished with value: 54.95875930786133 and parameters: {'gradient_clip_val': 0.7463998427030937, 'hidden_size': 23, 'dropout': 0.16589881263094586, 'hidden_continuous_size': 14, 'attention_head_size': 2, 'learning_rate': 0.006524591143548475}. Best is trial 37 with value: 29.456579208374023.
LOCAL_RANK: 0 - CUDA_VISIBLE_DEVICES: [0]
[I 2023-11-30 14:36:16,328] Trial 53 finished with value: 44.28238296508789 and parameters: {'gradient_clip_val': 0.8944390722034743, 'hidden_size': 28, 'dropout': 0.20572641276928258, 'hidden_continuous_size': 12, 'attention_head_size': 1, 'learning_rate': 0.009328841189665926}. Best is trial 37 with value: 29.456579208374023.
LOCAL_RANK: 0 - CUDA_VISIBLE_DEVICES: [0]
[I 2023-11-30 14:36:30,749] Trial 54 finished with value: 46.455841064453125 and parameters: {'gradient_clip_val': 0.7283880556466842, 'hidden_size': 136, 'dropout': 0.11893288527068321, 'hidden_continuous_size': 10, 'attention_head_size': 3, 'learning_rate': 0.011930002422760376}. Best is trial 37 with value: 29.456579208374023.
LOCAL_RANK: 0 - CUDA_VISIBLE_DEVICES: [0]
[I 2023-11-30 14:36:44,688] Trial 55 finished with value: 40.495887756347656 and parameters: {'gradient_clip_val': 0.6656447343031872, 'hidden_size': 112, 'dropout': 0.2535679864670667, 'hidden_continuous_size': 24, 'attention_head_size': 1, 'learning_rate': 0.005448150900220295}. Best is trial 37 with value: 29.456579208374023.
LOCAL_RANK: 0 - CUDA_VISIBLE_DEVICES: [0]
[I 2023-11-30 14:36:58,418] Trial 56 finished with value: 45.77659225463867 and parameters: {'gradient_clip_val': 0.9157383836499242, 'hidden_size': 85, 'dropout': 0.27725973106951296, 'hidden_continuous_size': 11, 'attention_head_size': 2, 'learning_rate': 0.018333841586500872}. Best is trial 37 with value: 29.456579208374023.
LOCAL_RANK: 0 - CUDA_VISIBLE_DEVICES: [0]
[I 2023-11-30 14:37:11,454] Trial 57 finished with value: 33.77870178222656 and parameters: {'gradient_clip_val': 0.7767525765094582, 'hidden_size': 36, 'dropout': 0.32179534264407084, 'hidden_continuous_size': 13, 'attention_head_size': 1, 'learning_rate': 0.008258601780979237}. Best is trial 37 with value: 29.456579208374023.
LOCAL_RANK: 0 - CUDA_VISIBLE_DEVICES: [0]
[I 2023-11-30 14:37:25,286] Trial 58 finished with value: 32.643253326416016 and parameters: {'gradient_clip_val': 0.5815474083689295, 'hidden_size': 72, 'dropout': 0.260675833545525, 'hidden_continuous_size': 16, 'attention_head_size': 2, 'learning_rate': 0.006185772443267617}. Best is trial 37 with value: 29.456579208374023.
LOCAL_RANK: 0 - CUDA_VISIBLE_DEVICES: [0]
[I 2023-11-30 14:37:39,136] Trial 59 finished with value: 33.892818450927734 and parameters: {'gradient_clip_val': 0.5401481925138545, 'hidden_size': 106, 'dropout': 0.2316992683738504, 'hidden_continuous_size': 14, 'attention_head_size': 1, 'learning_rate': 0.003743966111156189}. Best is trial 37 with value: 29.456579208374023.
LOCAL_RANK: 0 - CUDA_VISIBLE_DEVICES: [0]
[I 2023-11-30 14:37:52,558] Trial 60 finished with value: 47.95170974731445 and parameters: {'gradient_clip_val': 0.8372962786240212, 'hidden_size': 50, 'dropout': 0.2659305305029769, 'hidden_continuous_size': 12, 'attention_head_size': 1, 'learning_rate': 0.0024626535284876304}. Best is trial 37 with value: 29.456579208374023.
LOCAL_RANK: 0 - CUDA_VISIBLE_DEVICES: [0]
[I 2023-11-30 14:38:07,311] Trial 61 finished with value: 31.970062255859375 and parameters: {'gradient_clip_val': 0.3483474510102169, 'hidden_size': 126, 'dropout': 0.30667087405261473, 'hidden_continuous_size': 36, 'attention_head_size': 3, 'learning_rate': 0.0048179380340226605}. Best is trial 37 with value: 29.456579208374023.
LOCAL_RANK: 0 - CUDA_VISIBLE_DEVICES: [0]
[I 2023-11-30 14:38:22,009] Trial 62 finished with value: 32.492164611816406 and parameters: {'gradient_clip_val': 0.3506035418863382, 'hidden_size': 150, 'dropout': 0.2939084740664725, 'hidden_continuous_size': 39, 'attention_head_size': 3, 'learning_rate': 0.006326584788841257}. Best is trial 37 with value: 29.456579208374023.
LOCAL_RANK: 0 - CUDA_VISIBLE_DEVICES: [0]
[I 2023-11-30 14:38:36,495] Trial 63 finished with value: 39.017608642578125 and parameters: {'gradient_clip_val': 0.9916113054142459, 'hidden_size': 116, 'dropout': 0.30409927302310297, 'hidden_continuous_size': 30, 'attention_head_size': 3, 'learning_rate': 0.004271931044512823}. Best is trial 37 with value: 29.456579208374023.
LOCAL_RANK: 0 - CUDA_VISIBLE_DEVICES: [0]
[I 2023-11-30 14:38:51,196] Trial 64 finished with value: 34.168094635009766 and parameters: {'gradient_clip_val': 0.3070555059517841, 'hidden_size': 133, 'dropout': 0.27733444123494466, 'hidden_continuous_size': 21, 'attention_head_size': 4, 'learning_rate': 0.0034197847242601635}. Best is trial 37 with value: 29.456579208374023.
LOCAL_RANK: 0 - CUDA_VISIBLE_DEVICES: [0]
[I 2023-11-30 14:39:05,552] Trial 65 finished with value: 38.00944137573242 and parameters: {'gradient_clip_val': 0.41036910252646164, 'hidden_size': 97, 'dropout': 0.29305569170869783, 'hidden_continuous_size': 28, 'attention_head_size': 3, 'learning_rate': 0.008214603815816974}. Best is trial 37 with value: 29.456579208374023.
LOCAL_RANK: 0 - CUDA_VISIBLE_DEVICES: [0]
[I 2023-11-30 14:39:20,078] Trial 66 finished with value: 36.692203521728516 and parameters: {'gradient_clip_val': 0.4499218012635408, 'hidden_size': 112, 'dropout': 0.28163020228308744, 'hidden_continuous_size': 35, 'attention_head_size': 3, 'learning_rate': 0.0017358489054020501}. Best is trial 37 with value: 29.456579208374023.
LOCAL_RANK: 0 - CUDA_VISIBLE_DEVICES: [0]
[I 2023-11-30 14:39:33,692] Trial 67 finished with value: 42.963104248046875 and parameters: {'gradient_clip_val': 0.37934483416757075, 'hidden_size': 84, 'dropout': 0.24310554898947997, 'hidden_continuous_size': 27, 'attention_head_size': 1, 'learning_rate': 0.005274077604268766}. Best is trial 37 with value: 29.456579208374023.
LOCAL_RANK: 0 - CUDA_VISIBLE_DEVICES: [0]
[I 2023-11-30 14:39:47,750] Trial 68 finished with value: 31.59822654724121 and parameters: {'gradient_clip_val': 0.49265572758756776, 'hidden_size': 124, 'dropout': 0.3164487148193323, 'hidden_continuous_size': 17, 'attention_head_size': 2, 'learning_rate': 0.002194078941454554}. Best is trial 37 with value: 29.456579208374023.
LOCAL_RANK: 0 - CUDA_VISIBLE_DEVICES: [0]
[I 2023-11-30 14:40:01,760] Trial 69 finished with value: 40.13277053833008 and parameters: {'gradient_clip_val': 0.6414057917351711, 'hidden_size': 105, 'dropout': 0.26369233310168516, 'hidden_continuous_size': 10, 'attention_head_size': 1, 'learning_rate': 0.010517746135591791}. Best is trial 37 with value: 29.456579208374023.
LOCAL_RANK: 0 - CUDA_VISIBLE_DEVICES: [0]
