[I 2023-11-30 15:06:30,784] Trial 35 finished with value: 123.04702758789062 and parameters: {'gradient_clip_val': 0.9923326760711842, 'hidden_size': 23, 'dropout': 0.20736983625971872, 'hidden_continuous_size': 14, 'attention_head_size': 3, 'learning_rate': 0.07360740050990051}. Best is trial 12 with value: 81.73464965820312.
LOCAL_RANK: 0 - CUDA_VISIBLE_DEVICES: [0]
[I 2023-11-30 15:06:43,747] Trial 36 finished with value: 108.8436050415039 and parameters: {'gradient_clip_val': 0.5974049758085568, 'hidden_size': 39, 'dropout': 0.36423044749075917, 'hidden_continuous_size': 13, 'attention_head_size': 1, 'learning_rate': 0.055386312592990206}. Best is trial 12 with value: 81.73464965820312.
LOCAL_RANK: 0 - CUDA_VISIBLE_DEVICES: [0]
[I 2023-11-30 15:06:57,006] Trial 37 finished with value: 109.1258544921875 and parameters: {'gradient_clip_val': 0.4005781974565634, 'hidden_size': 52, 'dropout': 0.268030823287159, 'hidden_continuous_size': 19, 'attention_head_size': 3, 'learning_rate': 0.09860757999409514}. Best is trial 12 with value: 81.73464965820312.
LOCAL_RANK: 0 - CUDA_VISIBLE_DEVICES: [0]
[I 2023-11-30 15:07:10,293] Trial 38 finished with value: 113.94640350341797 and parameters: {'gradient_clip_val': 0.7606489759371224, 'hidden_size': 30, 'dropout': 0.3024300734811432, 'hidden_continuous_size': 15, 'attention_head_size': 4, 'learning_rate': 0.019094125357498916}. Best is trial 12 with value: 81.73464965820312.
LOCAL_RANK: 0 - CUDA_VISIBLE_DEVICES: [0]
[I 2023-11-30 15:07:23,503] Trial 39 finished with value: 108.91363525390625 and parameters: {'gradient_clip_val': 0.6583439402529416, 'hidden_size': 15, 'dropout': 0.2352154514467421, 'hidden_continuous_size': 10, 'attention_head_size': 3, 'learning_rate': 0.05279503951369682}. Best is trial 12 with value: 81.73464965820312.
LOCAL_RANK: 0 - CUDA_VISIBLE_DEVICES: [0]
[I 2023-11-30 15:07:36,425] Trial 40 finished with value: 96.82889556884766 and parameters: {'gradient_clip_val': 0.9019836817680333, 'hidden_size': 27, 'dropout': 0.32468661157530154, 'hidden_continuous_size': 16, 'attention_head_size': 4, 'learning_rate': 0.012741767966452093}. Best is trial 12 with value: 81.73464965820312.
LOCAL_RANK: 0 - CUDA_VISIBLE_DEVICES: [0]
[I 2023-11-30 15:07:49,912] Trial 41 finished with value: 94.63192749023438 and parameters: {'gradient_clip_val': 0.8724712668788209, 'hidden_size': 35, 'dropout': 0.333212825826622, 'hidden_continuous_size': 16, 'attention_head_size': 4, 'learning_rate': 0.013018323494141101}. Best is trial 12 with value: 81.73464965820312.
LOCAL_RANK: 0 - CUDA_VISIBLE_DEVICES: [0]
[I 2023-11-30 15:08:03,297] Trial 42 finished with value: 105.75467681884766 and parameters: {'gradient_clip_val': 0.8943819548050828, 'hidden_size': 35, 'dropout': 0.32535613959365195, 'hidden_continuous_size': 17, 'attention_head_size': 4, 'learning_rate': 0.01246663977903902}. Best is trial 12 with value: 81.73464965820312.
LOCAL_RANK: 0 - CUDA_VISIBLE_DEVICES: [0]
[I 2023-11-30 15:08:16,745] Trial 43 finished with value: 101.66866302490234 and parameters: {'gradient_clip_val': 0.7964070558743842, 'hidden_size': 44, 'dropout': 0.3343927608458148, 'hidden_continuous_size': 13, 'attention_head_size': 4, 'learning_rate': 0.02095692236518344}. Best is trial 12 with value: 81.73464965820312.
LOCAL_RANK: 0 - CUDA_VISIBLE_DEVICES: [0]
[I 2023-11-30 15:08:28,989] Trial 44 finished with value: 105.0696792602539 and parameters: {'gradient_clip_val': 0.9103242285007176, 'hidden_size': 24, 'dropout': 0.35582838992812393, 'hidden_continuous_size': 14, 'attention_head_size': 4, 'learning_rate': 0.010770413382515302}. Best is trial 12 with value: 81.73464965820312.
LOCAL_RANK: 0 - CUDA_VISIBLE_DEVICES: [0]
[I 2023-11-30 15:08:41,623] Trial 45 finished with value: 111.39797973632812 and parameters: {'gradient_clip_val': 0.9286664006811908, 'hidden_size': 33, 'dropout': 0.37389330675281335, 'hidden_continuous_size': 15, 'attention_head_size': 3, 'learning_rate': 0.015653333972411743}. Best is trial 12 with value: 81.73464965820312.
LOCAL_RANK: 0 - CUDA_VISIBLE_DEVICES: [0]
[I 2023-11-30 15:08:53,975] Trial 46 finished with value: 145.29457092285156 and parameters: {'gradient_clip_val': 0.85374254539789, 'hidden_size': 28, 'dropout': 0.3366739049665285, 'hidden_continuous_size': 16, 'attention_head_size': 4, 'learning_rate': 0.007000416248666577}. Best is trial 12 with value: 81.73464965820312.
LOCAL_RANK: 0 - CUDA_VISIBLE_DEVICES: [0]
[I 2023-11-30 15:09:06,329] Trial 47 finished with value: 93.41768646240234 and parameters: {'gradient_clip_val': 0.9981317076500965, 'hidden_size': 26, 'dropout': 0.31686624813571196, 'hidden_continuous_size': 15, 'attention_head_size': 4, 'learning_rate': 0.009365717951459355}. Best is trial 12 with value: 81.73464965820312.
LOCAL_RANK: 0 - CUDA_VISIBLE_DEVICES: [0]
[I 2023-11-30 15:09:18,872] Trial 48 finished with value: 104.38436889648438 and parameters: {'gradient_clip_val': 0.9936905850069061, 'hidden_size': 36, 'dropout': 0.3109010063747936, 'hidden_continuous_size': 11, 'attention_head_size': 4, 'learning_rate': 0.009642108393724032}. Best is trial 12 with value: 81.73464965820312.
LOCAL_RANK: 0 - CUDA_VISIBLE_DEVICES: [0]
[I 2023-11-30 15:09:31,767] Trial 49 finished with value: 100.1864013671875 and parameters: {'gradient_clip_val': 0.7813087682940101, 'hidden_size': 40, 'dropout': 0.31824057015050733, 'hidden_continuous_size': 18, 'attention_head_size': 4, 'learning_rate': 0.007939828529962207}. Best is trial 12 with value: 81.73464965820312.
LOCAL_RANK: 0 - CUDA_VISIBLE_DEVICES: [0]
[I 2023-11-30 15:09:44,872] Trial 50 finished with value: 104.0138168334961 and parameters: {'gradient_clip_val': 0.8072272229910342, 'hidden_size': 50, 'dropout': 0.29752284834184184, 'hidden_continuous_size': 22, 'attention_head_size': 4, 'learning_rate': 0.006012121911207161}. Best is trial 12 with value: 81.73464965820312.
LOCAL_RANK: 0 - CUDA_VISIBLE_DEVICES: [0]
[I 2023-11-30 15:09:56,947] Trial 51 finished with value: 113.76544189453125 and parameters: {'gradient_clip_val': 0.9237927449500756, 'hidden_size': 24, 'dropout': 0.3293928532137527, 'hidden_continuous_size': 16, 'attention_head_size': 4, 'learning_rate': 0.016743775663284045}. Best is trial 12 with value: 81.73464965820312.
LOCAL_RANK: 0 - CUDA_VISIBLE_DEVICES: [0]
[I 2023-11-30 15:10:09,430] Trial 52 finished with value: 99.66552734375 and parameters: {'gradient_clip_val': 0.7165682056689994, 'hidden_size': 27, 'dropout': 0.34607860688003433, 'hidden_continuous_size': 15, 'attention_head_size': 4, 'learning_rate': 0.009759025516859294}. Best is trial 12 with value: 81.73464965820312.
LOCAL_RANK: 0 - CUDA_VISIBLE_DEVICES: [0]
[I 2023-11-30 15:10:21,714] Trial 53 finished with value: 95.36590576171875 and parameters: {'gradient_clip_val': 0.9977684466992136, 'hidden_size': 26, 'dropout': 0.3137770571376081, 'hidden_continuous_size': 17, 'attention_head_size': 4, 'learning_rate': 0.011451796086817272}. Best is trial 12 with value: 81.73464965820312.
LOCAL_RANK: 0 - CUDA_VISIBLE_DEVICES: [0]
[I 2023-11-30 15:10:34,269] Trial 54 finished with value: 99.6039810180664 and parameters: {'gradient_clip_val': 0.9890342932653763, 'hidden_size': 21, 'dropout': 0.3139979009921535, 'hidden_continuous_size': 17, 'attention_head_size': 4, 'learning_rate': 0.01129682506461958}. Best is trial 12 with value: 81.73464965820312.
LOCAL_RANK: 0 - CUDA_VISIBLE_DEVICES: [0]
[I 2023-11-30 15:10:46,716] Trial 55 finished with value: 130.43115234375 and parameters: {'gradient_clip_val': 0.8168280255382899, 'hidden_size': 32, 'dropout': 0.3024006188118035, 'hidden_continuous_size': 18, 'attention_head_size': 4, 'learning_rate': 0.02291034546382467}. Best is trial 12 with value: 81.73464965820312.
LOCAL_RANK: 0 - CUDA_VISIBLE_DEVICES: [0]
[I 2023-11-30 15:10:59,451] Trial 56 finished with value: 104.75274658203125 and parameters: {'gradient_clip_val': 0.9040925933419149, 'hidden_size': 37, 'dropout': 0.3180633927582882, 'hidden_continuous_size': 14, 'attention_head_size': 4, 'learning_rate': 0.013320091452186458}. Best is trial 12 with value: 81.73464965820312.
LOCAL_RANK: 0 - CUDA_VISIBLE_DEVICES: [0]
[I 2023-11-30 15:11:12,002] Trial 57 finished with value: 97.33343505859375 and parameters: {'gradient_clip_val': 0.7137370687523451, 'hidden_size': 29, 'dropout': 0.33377926802987695, 'hidden_continuous_size': 16, 'attention_head_size': 4, 'learning_rate': 0.01705970911920777}. Best is trial 12 with value: 81.73464965820312.
LOCAL_RANK: 0 - CUDA_VISIBLE_DEVICES: [0]
[I 2023-11-30 15:11:24,790] Trial 58 finished with value: 119.61945343017578 and parameters: {'gradient_clip_val': 0.9388332655964234, 'hidden_size': 44, 'dropout': 0.34900072884231237, 'hidden_continuous_size': 19, 'attention_head_size': 4, 'learning_rate': 0.008862444416665475}. Best is trial 12 with value: 81.73464965820312.
LOCAL_RANK: 0 - CUDA_VISIBLE_DEVICES: [0]
[I 2023-11-30 15:11:37,660] Trial 59 finished with value: 100.4761962890625 and parameters: {'gradient_clip_val': 0.6331860884431287, 'hidden_size': 34, 'dropout': 0.3056063598646295, 'hidden_continuous_size': 17, 'attention_head_size': 4, 'learning_rate': 0.01474367445704036}. Best is trial 12 with value: 81.73464965820312.
LOCAL_RANK: 0 - CUDA_VISIBLE_DEVICES: [0]
[I 2023-11-30 15:11:49,953] Trial 60 finished with value: 106.7076187133789 and parameters: {'gradient_clip_val': 0.8282044275359989, 'hidden_size': 19, 'dropout': 0.281348682531633, 'hidden_continuous_size': 16, 'attention_head_size': 4, 'learning_rate': 0.011377245400886192}. Best is trial 12 with value: 81.73464965820312.
LOCAL_RANK: 0 - CUDA_VISIBLE_DEVICES: [0]
[I 2023-11-30 15:12:02,577] Trial 61 finished with value: 101.3077392578125 and parameters: {'gradient_clip_val': 0.9955744316167068, 'hidden_size': 30, 'dropout': 0.33364213411238736, 'hidden_continuous_size': 16, 'attention_head_size': 4, 'learning_rate': 0.017562855904311427}. Best is trial 12 with value: 81.73464965820312.
LOCAL_RANK: 0 - CUDA_VISIBLE_DEVICES: [0]
[I 2023-11-30 15:12:14,990] Trial 62 finished with value: 96.76554107666016 and parameters: {'gradient_clip_val': 0.7236122833809457, 'hidden_size': 29, 'dropout': 0.3233376379351102, 'hidden_continuous_size': 18, 'attention_head_size': 4, 'learning_rate': 0.017757203769466438}. Best is trial 12 with value: 81.73464965820312.
LOCAL_RANK: 0 - CUDA_VISIBLE_DEVICES: [0]
[I 2023-11-30 15:12:27,360] Trial 63 finished with value: 124.08374786376953 and parameters: {'gradient_clip_val': 0.7476250985190327, 'hidden_size': 26, 'dropout': 0.3232577979898637, 'hidden_continuous_size': 17, 'attention_head_size': 4, 'learning_rate': 0.02636371989411048}. Best is trial 12 with value: 81.73464965820312.
LOCAL_RANK: 0 - CUDA_VISIBLE_DEVICES: [0]
[I 2023-11-30 15:12:40,448] Trial 64 finished with value: 124.1150894165039 and parameters: {'gradient_clip_val': 0.9159205755448127, 'hidden_size': 41, 'dropout': 0.2948912258346678, 'hidden_continuous_size': 20, 'attention_head_size': 4, 'learning_rate': 0.014428161888991918}. Best is trial 12 with value: 81.73464965820312.
LOCAL_RANK: 0 - CUDA_VISIBLE_DEVICES: [0]
[I 2023-11-30 15:12:53,147] Trial 65 finished with value: 102.70855712890625 and parameters: {'gradient_clip_val': 0.8090377150275492, 'hidden_size': 37, 'dropout': 0.34337864999993734, 'hidden_continuous_size': 18, 'attention_head_size': 4, 'learning_rate': 0.012117769521837}. Best is trial 12 with value: 81.73464965820312.
LOCAL_RANK: 0 - CUDA_VISIBLE_DEVICES: [0]
[I 2023-11-30 15:13:05,807] Trial 66 finished with value: 99.54931640625 and parameters: {'gradient_clip_val': 0.699476153572571, 'hidden_size': 31, 'dropout': 0.3111421502669912, 'hidden_continuous_size': 18, 'attention_head_size': 4, 'learning_rate': 0.021939499179185123}. Best is trial 12 with value: 81.73464965820312.
LOCAL_RANK: 0 - CUDA_VISIBLE_DEVICES: [0]
[I 2023-11-30 15:13:18,116] Trial 67 finished with value: 147.12176513671875 and parameters: {'gradient_clip_val': 0.8583793327510424, 'hidden_size': 23, 'dropout': 0.32608616934519496, 'hidden_continuous_size': 15, 'attention_head_size': 4, 'learning_rate': 0.010502780666526115}. Best is trial 12 with value: 81.73464965820312.
LOCAL_RANK: 0 - CUDA_VISIBLE_DEVICES: [0]
[I 2023-11-30 15:13:31,078] Trial 68 finished with value: 125.4016342163086 and parameters: {'gradient_clip_val': 0.9330471074974798, 'hidden_size': 47, 'dropout': 0.3145704795066294, 'hidden_continuous_size': 20, 'attention_head_size': 4, 'learning_rate': 0.014014413560175418}. Best is trial 12 with value: 81.73464965820312.
LOCAL_RANK: 0 - CUDA_VISIBLE_DEVICES: [0]
[I 2023-11-30 15:13:43,504] Trial 69 finished with value: 108.24837493896484 and parameters: {'gradient_clip_val': 0.7794186234008215, 'hidden_size': 27, 'dropout': 0.2880498967128009, 'hidden_continuous_size': 17, 'attention_head_size': 1, 'learning_rate': 0.029901668319705376}. Best is trial 12 with value: 81.73464965820312.
LOCAL_RANK: 0 - CUDA_VISIBLE_DEVICES: [0]
[I 2023-11-30 15:13:56,313] Trial 70 finished with value: 91.94556427001953 and parameters: {'gradient_clip_val': 0.6654035118380539, 'hidden_size': 35, 'dropout': 0.35351576729033707, 'hidden_continuous_size': 19, 'attention_head_size': 4, 'learning_rate': 0.01816684577904388}. Best is trial 12 with value: 81.73464965820312.
LOCAL_RANK: 0 - CUDA_VISIBLE_DEVICES: [0]
[I 2023-11-30 15:14:09,085] Trial 71 finished with value: 96.25540161132812 and parameters: {'gradient_clip_val': 0.8662408797204102, 'hidden_size': 34, 'dropout': 0.3383283957860716, 'hidden_continuous_size': 19, 'attention_head_size': 4, 'learning_rate': 0.018516327442190814}. Best is trial 12 with value: 81.73464965820312.
LOCAL_RANK: 0 - CUDA_VISIBLE_DEVICES: [0]
[I 2023-11-30 15:14:21,680] Trial 72 finished with value: 101.9115219116211 and parameters: {'gradient_clip_val': 0.6892728170644014, 'hidden_size': 34, 'dropout': 0.356317669891438, 'hidden_continuous_size': 19, 'attention_head_size': 4, 'learning_rate': 0.018851044724375276}. Best is trial 12 with value: 81.73464965820312.
LOCAL_RANK: 0 - CUDA_VISIBLE_DEVICES: [0]
[I 2023-11-30 15:14:34,202] Trial 73 finished with value: 93.28411865234375 and parameters: {'gradient_clip_val': 0.8563067650832137, 'hidden_size': 32, 'dropout': 0.3424259463454282, 'hidden_continuous_size': 19, 'attention_head_size': 4, 'learning_rate': 0.02500781412446922}. Best is trial 12 with value: 81.73464965820312.
LOCAL_RANK: 0 - CUDA_VISIBLE_DEVICES: [0]
[I 2023-11-30 15:14:46,950] Trial 74 finished with value: 110.36279296875 and parameters: {'gradient_clip_val': 0.6075609112479038, 'hidden_size': 31, 'dropout': 0.34298736038575933, 'hidden_continuous_size': 19, 'attention_head_size': 4, 'learning_rate': 0.019765812939586944}. Best is trial 12 with value: 81.73464965820312.
LOCAL_RANK: 0 - CUDA_VISIBLE_DEVICES: [0]
[I 2023-11-30 15:15:00,126] Trial 75 finished with value: 120.16681671142578 and parameters: {'gradient_clip_val': 0.7479879036696252, 'hidden_size': 42, 'dropout': 0.38192195020603253, 'hidden_continuous_size': 21, 'attention_head_size': 4, 'learning_rate': 0.03892475939499913}. Best is trial 12 with value: 81.73464965820312.
LOCAL_RANK: 0 - CUDA_VISIBLE_DEVICES: [0]
[I 2023-11-30 15:15:13,783] Trial 76 finished with value: 124.73340606689453 and parameters: {'gradient_clip_val': 0.8560411608391496, 'hidden_size': 35, 'dropout': 0.33766166584022034, 'hidden_continuous_size': 18, 'attention_head_size': 3, 'learning_rate': 0.01567378671562301}. Best is trial 12 with value: 81.73464965820312.
LOCAL_RANK: 0 - CUDA_VISIBLE_DEVICES: [0]
[I 2023-11-30 15:15:27,415] Trial 77 finished with value: 111.16458129882812 and parameters: {'gradient_clip_val': 0.8174123631368229, 'hidden_size': 39, 'dropout': 0.36731477059256734, 'hidden_continuous_size': 20, 'attention_head_size': 4, 'learning_rate': 0.022851205625707506}. Best is trial 12 with value: 81.73464965820312.
LOCAL_RANK: 0 - CUDA_VISIBLE_DEVICES: [0]
[I 2023-11-30 15:15:40,496] Trial 78 finished with value: 96.8602066040039 and parameters: {'gradient_clip_val': 0.6659095768120465, 'hidden_size': 25, 'dropout': 0.35749688492676795, 'hidden_continuous_size': 19, 'attention_head_size': 4, 'learning_rate': 0.030383803201562316}. Best is trial 12 with value: 81.73464965820312.
LOCAL_RANK: 0 - CUDA_VISIBLE_DEVICES: [0]
[I 2023-11-30 15:15:54,000] Trial 79 finished with value: 125.58292388916016 and parameters: {'gradient_clip_val': 0.5529593095661848, 'hidden_size': 29, 'dropout': 0.3543796385923248, 'hidden_continuous_size': 18, 'attention_head_size': 4, 'learning_rate': 0.025451827133683116}. Best is trial 12 with value: 81.73464965820312.
LOCAL_RANK: 0 - CUDA_VISIBLE_DEVICES: [0]
[I 2023-11-30 15:16:06,897] Trial 80 finished with value: 119.04962158203125 and parameters: {'gradient_clip_val': 0.9459743066081934, 'hidden_size': 31, 'dropout': 0.3412534270721934, 'hidden_continuous_size': 17, 'attention_head_size': 2, 'learning_rate': 0.08340762047621558}. Best is trial 12 with value: 81.73464965820312.
LOCAL_RANK: 0 - CUDA_VISIBLE_DEVICES: [0]
[I 2023-11-30 15:16:20,097] Trial 81 finished with value: 100.1297378540039 and parameters: {'gradient_clip_val': 0.881772925741644, 'hidden_size': 25, 'dropout': 0.32285770873249847, 'hidden_continuous_size': 18, 'attention_head_size': 4, 'learning_rate': 0.017229579669194285}. Best is trial 12 with value: 81.73464965820312.
LOCAL_RANK: 0 - CUDA_VISIBLE_DEVICES: [0]
[I 2023-11-30 15:16:33,728] Trial 82 finished with value: 94.23477935791016 and parameters: {'gradient_clip_val': 0.8804245635042943, 'hidden_size': 33, 'dropout': 0.3248019990717876, 'hidden_continuous_size': 19, 'attention_head_size': 4, 'learning_rate': 0.012445614500344076}. Best is trial 12 with value: 81.73464965820312.
LOCAL_RANK: 0 - CUDA_VISIBLE_DEVICES: [0]
[I 2023-11-30 15:16:47,062] Trial 83 finished with value: 117.73751068115234 and parameters: {'gradient_clip_val': 0.7414130798327967, 'hidden_size': 33, 'dropout': 0.329974410744324, 'hidden_continuous_size': 19, 'attention_head_size': 4, 'learning_rate': 0.012648887172227738}. Best is trial 12 with value: 81.73464965820312.
LOCAL_RANK: 0 - CUDA_VISIBLE_DEVICES: [0]
[I 2023-11-30 15:17:00,622] Trial 84 finished with value: 111.36517333984375 and parameters: {'gradient_clip_val': 0.846496844294965, 'hidden_size': 37, 'dropout': 0.34765414694608343, 'hidden_continuous_size': 20, 'attention_head_size': 4, 'learning_rate': 0.01900284113416773}. Best is trial 12 with value: 81.73464965820312.
LOCAL_RANK: 0 - CUDA_VISIBLE_DEVICES: [0]
[I 2023-11-30 15:17:13,711] Trial 85 finished with value: 95.87667846679688 and parameters: {'gradient_clip_val': 0.9608504526536125, 'hidden_size': 29, 'dropout': 0.30430478820695217, 'hidden_continuous_size': 18, 'attention_head_size': 4, 'learning_rate': 0.014609179474973527}. Best is trial 12 with value: 81.73464965820312.
LOCAL_RANK: 0 - CUDA_VISIBLE_DEVICES: [0]
[I 2023-11-30 15:17:27,317] Trial 86 finished with value: 106.21367645263672 and parameters: {'gradient_clip_val': 0.9551066844965899, 'hidden_size': 35, 'dropout': 0.3007191084518096, 'hidden_continuous_size': 21, 'attention_head_size': 4, 'learning_rate': 0.010351829974736765}. Best is trial 12 with value: 81.73464965820312.
LOCAL_RANK: 0 - CUDA_VISIBLE_DEVICES: [0]
[I 2023-11-30 15:17:40,747] Trial 87 finished with value: 111.9050064086914 and parameters: {'gradient_clip_val': 0.7783922590236535, 'hidden_size': 40, 'dropout': 0.3048087303838904, 'hidden_continuous_size': 22, 'attention_head_size': 4, 'learning_rate': 0.015093489222230985}. Best is trial 12 with value: 81.73464965820312.
LOCAL_RANK: 0 - CUDA_VISIBLE_DEVICES: [0]
[I 2023-11-30 15:17:54,090] Trial 88 finished with value: 95.52593994140625 and parameters: {'gradient_clip_val': 0.99955319429176, 'hidden_size': 28, 'dropout': 0.31651515606455405, 'hidden_continuous_size': 19, 'attention_head_size': 4, 'learning_rate': 0.011704221191942199}. Best is trial 12 with value: 81.73464965820312.
LOCAL_RANK: 0 - CUDA_VISIBLE_DEVICES: [0]
[I 2023-11-30 15:18:07,620] Trial 89 finished with value: 103.63164520263672 and parameters: {'gradient_clip_val': 0.999671745732449, 'hidden_size': 32, 'dropout': 0.3113139433203505, 'hidden_continuous_size': 17, 'attention_head_size': 4, 'learning_rate': 0.008967447272043783}. Best is trial 12 with value: 81.73464965820312.
LOCAL_RANK: 0 - CUDA_VISIBLE_DEVICES: [0]
[I 2023-11-30 15:18:20,431] Trial 90 finished with value: 175.2071075439453 and parameters: {'gradient_clip_val': 0.9467186426979228, 'hidden_size': 28, 'dropout': 0.31808939798471864, 'hidden_continuous_size': 19, 'attention_head_size': 3, 'learning_rate': 0.007469380042476002}. Best is trial 12 with value: 81.73464965820312.
LOCAL_RANK: 0 - CUDA_VISIBLE_DEVICES: [0]
[I 2023-11-30 15:18:33,337] Trial 91 finished with value: 97.80803680419922 and parameters: {'gradient_clip_val': 0.841661550584839, 'hidden_size': 22, 'dropout': 0.33286671855463545, 'hidden_continuous_size': 19, 'attention_head_size': 4, 'learning_rate': 0.011095262227872616}. Best is trial 12 with value: 81.73464965820312.
LOCAL_RANK: 0 - CUDA_VISIBLE_DEVICES: [0]
[I 2023-11-30 15:18:46,437] Trial 92 finished with value: 88.8532943725586 and parameters: {'gradient_clip_val': 0.8783824087695162, 'hidden_size': 32, 'dropout': 0.33979032331942716, 'hidden_continuous_size': 20, 'attention_head_size': 4, 'learning_rate': 0.013450317463447886}. Best is trial 12 with value: 81.73464965820312.
LOCAL_RANK: 0 - CUDA_VISIBLE_DEVICES: [0]
[I 2023-11-30 15:18:59,578] Trial 93 finished with value: 95.7195816040039 and parameters: {'gradient_clip_val': 0.9270742282631902, 'hidden_size': 28, 'dropout': 0.3170993729729831, 'hidden_continuous_size': 20, 'attention_head_size': 4, 'learning_rate': 0.009402233861949997}. Best is trial 12 with value: 81.73464965820312.
LOCAL_RANK: 0 - CUDA_VISIBLE_DEVICES: [0]
