[I 2023-11-30 14:01:01,034] Trial 44 finished with value: 1040.969482421875 and parameters: {'gradient_clip_val': 0.1127648217939393, 'hidden_size': 114, 'dropout': 0.1512577668860651, 'hidden_continuous_size': 63, 'attention_head_size': 4, 'learning_rate': 0.08455932393752816}. Best is trial 43 with value: 772.36328125.
LOCAL_RANK: 0 - CUDA_VISIBLE_DEVICES: [0]
[I 2023-11-30 14:01:15,694] Trial 45 finished with value: 961.9189453125 and parameters: {'gradient_clip_val': 0.13424503211546993, 'hidden_size': 150, 'dropout': 0.11557376749941908, 'hidden_continuous_size': 81, 'attention_head_size': 4, 'learning_rate': 0.06108473796757668}. Best is trial 43 with value: 772.36328125.
LOCAL_RANK: 0 - CUDA_VISIBLE_DEVICES: [0]
[I 2023-11-30 14:01:29,921] Trial 46 finished with value: 1062.0400390625 and parameters: {'gradient_clip_val': 0.1131922616155432, 'hidden_size': 95, 'dropout': 0.13487688303642378, 'hidden_continuous_size': 52, 'attention_head_size': 4, 'learning_rate': 0.07847518535390924}. Best is trial 43 with value: 772.36328125.
LOCAL_RANK: 0 - CUDA_VISIBLE_DEVICES: [0]
[I 2023-11-30 14:01:44,316] Trial 47 finished with value: 952.3377075195312 and parameters: {'gradient_clip_val': 0.2539367589789311, 'hidden_size': 136, 'dropout': 0.17922239295937764, 'hidden_continuous_size': 100, 'attention_head_size': 2, 'learning_rate': 0.04974771294381759}. Best is trial 43 with value: 772.36328125.
LOCAL_RANK: 0 - CUDA_VISIBLE_DEVICES: [0]
[I 2023-11-30 14:01:58,630] Trial 48 finished with value: 819.455078125 and parameters: {'gradient_clip_val': 0.1581702164258563, 'hidden_size': 110, 'dropout': 0.26858512606944784, 'hidden_continuous_size': 65, 'attention_head_size': 4, 'learning_rate': 0.08642490060034566}. Best is trial 43 with value: 772.36328125.
LOCAL_RANK: 0 - CUDA_VISIBLE_DEVICES: [0]
[I 2023-11-30 14:02:11,220] Trial 49 finished with value: 684.6207885742188 and parameters: {'gradient_clip_val': 0.11009782838668394, 'hidden_size': 27, 'dropout': 0.24937714911321546, 'hidden_continuous_size': 22, 'attention_head_size': 4, 'learning_rate': 0.09562882770135656}. Best is trial 49 with value: 684.6207885742188.
LOCAL_RANK: 0 - CUDA_VISIBLE_DEVICES: [0]
[I 2023-11-30 14:02:23,808] Trial 50 finished with value: 878.9075317382812 and parameters: {'gradient_clip_val': 0.10525964313044162, 'hidden_size': 25, 'dropout': 0.268534241460492, 'hidden_continuous_size': 21, 'attention_head_size': 4, 'learning_rate': 0.09916304444742076}. Best is trial 49 with value: 684.6207885742188.
LOCAL_RANK: 0 - CUDA_VISIBLE_DEVICES: [0]
[I 2023-11-30 14:02:36,640] Trial 51 finished with value: 766.2529296875 and parameters: {'gradient_clip_val': 0.11172977257787987, 'hidden_size': 32, 'dropout': 0.2684309329423397, 'hidden_continuous_size': 29, 'attention_head_size': 4, 'learning_rate': 0.07909619467605056}. Best is trial 49 with value: 684.6207885742188.
LOCAL_RANK: 0 - CUDA_VISIBLE_DEVICES: [0]
[I 2023-11-30 14:02:49,477] Trial 52 finished with value: 1034.927978515625 and parameters: {'gradient_clip_val': 0.11466104466235928, 'hidden_size': 34, 'dropout': 0.2929803323976406, 'hidden_continuous_size': 29, 'attention_head_size': 4, 'learning_rate': 0.08247383777351848}. Best is trial 49 with value: 684.6207885742188.
LOCAL_RANK: 0 - CUDA_VISIBLE_DEVICES: [0]
[I 2023-11-30 14:03:02,332] Trial 53 finished with value: 828.3513793945312 and parameters: {'gradient_clip_val': 0.12869743895417826, 'hidden_size': 37, 'dropout': 0.22195376508355524, 'hidden_continuous_size': 32, 'attention_head_size': 4, 'learning_rate': 0.054332957975319986}. Best is trial 49 with value: 684.6207885742188.
LOCAL_RANK: 0 - CUDA_VISIBLE_DEVICES: [0]
[I 2023-11-30 14:03:14,907] Trial 54 finished with value: 797.9630737304688 and parameters: {'gradient_clip_val': 0.10779526751243283, 'hidden_size': 27, 'dropout': 0.3857420891128642, 'hidden_continuous_size': 23, 'attention_head_size': 4, 'learning_rate': 0.09863888205049931}. Best is trial 49 with value: 684.6207885742188.
LOCAL_RANK: 0 - CUDA_VISIBLE_DEVICES: [0]
[I 2023-11-30 14:03:27,439] Trial 55 finished with value: 1022.1449584960938 and parameters: {'gradient_clip_val': 0.1424444751328582, 'hidden_size': 28, 'dropout': 0.38342087226974053, 'hidden_continuous_size': 24, 'attention_head_size': 4, 'learning_rate': 0.09987540900917925}. Best is trial 49 with value: 684.6207885742188.
LOCAL_RANK: 0 - CUDA_VISIBLE_DEVICES: [0]
[I 2023-11-30 14:03:39,839] Trial 56 finished with value: 930.9806518554688 and parameters: {'gradient_clip_val': 0.10786292416007254, 'hidden_size': 20, 'dropout': 0.3215081981985955, 'hidden_continuous_size': 16, 'attention_head_size': 4, 'learning_rate': 0.07565093035086892}. Best is trial 49 with value: 684.6207885742188.
LOCAL_RANK: 0 - CUDA_VISIBLE_DEVICES: [0]
[I 2023-11-30 14:03:52,651] Trial 57 finished with value: 807.52099609375 and parameters: {'gradient_clip_val': 0.1296443866883146, 'hidden_size': 40, 'dropout': 0.39142606519806145, 'hidden_continuous_size': 27, 'attention_head_size': 4, 'learning_rate': 0.04630858094607272}. Best is trial 49 with value: 684.6207885742188.
LOCAL_RANK: 0 - CUDA_VISIBLE_DEVICES: [0]
[I 2023-11-30 14:04:05,083] Trial 58 finished with value: 724.4525756835938 and parameters: {'gradient_clip_val': 0.11211737296905384, 'hidden_size': 21, 'dropout': 0.3589917083019789, 'hidden_continuous_size': 18, 'attention_head_size': 4, 'learning_rate': 0.0825449402492537}. Best is trial 49 with value: 684.6207885742188.
LOCAL_RANK: 0 - CUDA_VISIBLE_DEVICES: [0]
[I 2023-11-30 14:04:17,421] Trial 59 finished with value: 862.4812622070312 and parameters: {'gradient_clip_val': 0.10000052908941816, 'hidden_size': 19, 'dropout': 0.3655130576111842, 'hidden_continuous_size': 17, 'attention_head_size': 4, 'learning_rate': 0.062438582156172824}. Best is trial 49 with value: 684.6207885742188.
LOCAL_RANK: 0 - CUDA_VISIBLE_DEVICES: [0]
[I 2023-11-30 14:04:29,980] Trial 60 finished with value: 1023.4534301757812 and parameters: {'gradient_clip_val': 0.11877993008785985, 'hidden_size': 30, 'dropout': 0.35014315558683046, 'hidden_continuous_size': 24, 'attention_head_size': 1, 'learning_rate': 0.08320441917954927}. Best is trial 49 with value: 684.6207885742188.
LOCAL_RANK: 0 - CUDA_VISIBLE_DEVICES: [0]
[I 2023-11-30 14:04:42,733] Trial 61 finished with value: 690.4269409179688 and parameters: {'gradient_clip_val': 0.1100469359018774, 'hidden_size': 25, 'dropout': 0.3400482168173658, 'hidden_continuous_size': 20, 'attention_head_size': 4, 'learning_rate': 0.07140302221080817}. Best is trial 49 with value: 684.6207885742188.
LOCAL_RANK: 0 - CUDA_VISIBLE_DEVICES: [0]
[I 2023-11-30 14:04:55,167] Trial 62 finished with value: 977.0736694335938 and parameters: {'gradient_clip_val': 0.1077075491143247, 'hidden_size': 22, 'dropout': 0.33495961748122993, 'hidden_continuous_size': 19, 'attention_head_size': 4, 'learning_rate': 0.08339370853526921}. Best is trial 49 with value: 684.6207885742188.
LOCAL_RANK: 0 - CUDA_VISIBLE_DEVICES: [0]
[I 2023-11-30 14:05:07,667] Trial 63 finished with value: 899.05810546875 and parameters: {'gradient_clip_val': 0.12441837463333599, 'hidden_size': 26, 'dropout': 0.3709656602045581, 'hidden_continuous_size': 21, 'attention_head_size': 4, 'learning_rate': 0.07071026407950556}. Best is trial 49 with value: 684.6207885742188.
LOCAL_RANK: 0 - CUDA_VISIBLE_DEVICES: [0]
[I 2023-11-30 14:05:20,159] Trial 64 finished with value: 934.42236328125 and parameters: {'gradient_clip_val': 0.10923789821243354, 'hidden_size': 28, 'dropout': 0.35533753785154715, 'hidden_continuous_size': 24, 'attention_head_size': 4, 'learning_rate': 0.056010279963486544}. Best is trial 49 with value: 684.6207885742188.
LOCAL_RANK: 0 - CUDA_VISIBLE_DEVICES: [0]
[I 2023-11-30 14:05:33,953] Trial 65 finished with value: 903.3176879882812 and parameters: {'gradient_clip_val': 0.1457168819792802, 'hidden_size': 22, 'dropout': 0.3349419722915967, 'hidden_continuous_size': 19, 'attention_head_size': 4, 'learning_rate': 0.09971521683478657}. Best is trial 49 with value: 684.6207885742188.
LOCAL_RANK: 0 - CUDA_VISIBLE_DEVICES: [0]
[I 2023-11-30 14:05:46,430] Trial 66 finished with value: 834.122802734375 and parameters: {'gradient_clip_val': 0.1337811079434909, 'hidden_size': 18, 'dropout': 0.3786359132940986, 'hidden_continuous_size': 15, 'attention_head_size': 4, 'learning_rate': 0.06790571985412848}. Best is trial 49 with value: 684.6207885742188.
LOCAL_RANK: 0 - CUDA_VISIBLE_DEVICES: [0]
[I 2023-11-30 14:05:58,738] Trial 67 finished with value: 674.1014404296875 and parameters: {'gradient_clip_val': 0.10882896640038352, 'hidden_size': 17, 'dropout': 0.39335865144647986, 'hidden_continuous_size': 14, 'attention_head_size': 4, 'learning_rate': 0.08909959683654899}. Best is trial 67 with value: 674.1014404296875.
LOCAL_RANK: 0 - CUDA_VISIBLE_DEVICES: [0]
[I 2023-11-30 14:06:10,952] Trial 68 finished with value: 911.456787109375 and parameters: {'gradient_clip_val': 0.12121905656714269, 'hidden_size': 17, 'dropout': 0.3623245695561054, 'hidden_continuous_size': 14, 'attention_head_size': 4, 'learning_rate': 0.03904422500123738}. Best is trial 67 with value: 674.1014404296875.
LOCAL_RANK: 0 - CUDA_VISIBLE_DEVICES: [0]
[I 2023-11-30 14:06:23,182] Trial 69 finished with value: 975.0169067382812 and parameters: {'gradient_clip_val': 0.1326042774618277, 'hidden_size': 15, 'dropout': 0.39879909869594343, 'hidden_continuous_size': 13, 'attention_head_size': 4, 'learning_rate': 0.08428012922328575}. Best is trial 67 with value: 674.1014404296875.
LOCAL_RANK: 0 - CUDA_VISIBLE_DEVICES: [0]
[I 2023-11-30 14:06:35,807] Trial 70 finished with value: 1088.902099609375 and parameters: {'gradient_clip_val': 0.11392463125676008, 'hidden_size': 23, 'dropout': 0.37324116661189743, 'hidden_continuous_size': 19, 'attention_head_size': 4, 'learning_rate': 0.06101578500975205}. Best is trial 67 with value: 674.1014404296875.
LOCAL_RANK: 0 - CUDA_VISIBLE_DEVICES: [0]
[I 2023-11-30 14:06:48,414] Trial 71 finished with value: 853.76904296875 and parameters: {'gradient_clip_val': 0.10840384788703379, 'hidden_size': 27, 'dropout': 0.38666691709878337, 'hidden_continuous_size': 23, 'attention_head_size': 4, 'learning_rate': 0.09128046062580057}. Best is trial 67 with value: 674.1014404296875.
LOCAL_RANK: 0 - CUDA_VISIBLE_DEVICES: [0]
[I 2023-11-30 14:07:00,662] Trial 72 finished with value: 706.8952026367188 and parameters: {'gradient_clip_val': 0.10422699049365215, 'hidden_size': 24, 'dropout': 0.37596608775773427, 'hidden_continuous_size': 21, 'attention_head_size': 4, 'learning_rate': 0.0706703200878047}. Best is trial 67 with value: 674.1014404296875.
LOCAL_RANK: 0 - CUDA_VISIBLE_DEVICES: [0]
[I 2023-11-30 14:07:13,224] Trial 73 finished with value: 852.0741577148438 and parameters: {'gradient_clip_val': 0.10085878916289545, 'hidden_size': 25, 'dropout': 0.36271696541535803, 'hidden_continuous_size': 20, 'attention_head_size': 4, 'learning_rate': 0.06973099836281492}. Best is trial 67 with value: 674.1014404296875.
LOCAL_RANK: 0 - CUDA_VISIBLE_DEVICES: [0]
[I 2023-11-30 14:07:26,027] Trial 74 finished with value: 794.0346069335938 and parameters: {'gradient_clip_val': 0.12233039337731882, 'hidden_size': 31, 'dropout': 0.37479552051872933, 'hidden_continuous_size': 26, 'attention_head_size': 4, 'learning_rate': 0.048573057017031775}. Best is trial 67 with value: 674.1014404296875.
LOCAL_RANK: 0 - CUDA_VISIBLE_DEVICES: [0]
[I 2023-11-30 14:07:38,387] Trial 75 finished with value: 947.8369750976562 and parameters: {'gradient_clip_val': 0.11881963061078432, 'hidden_size': 24, 'dropout': 0.35270306459628126, 'hidden_continuous_size': 18, 'attention_head_size': 4, 'learning_rate': 0.07879602518313222}. Best is trial 67 with value: 674.1014404296875.
LOCAL_RANK: 0 - CUDA_VISIBLE_DEVICES: [0]
[I 2023-11-30 14:07:50,725] Trial 76 finished with value: 763.5015258789062 and parameters: {'gradient_clip_val': 0.14029980395073288, 'hidden_size': 21, 'dropout': 0.3394906249992041, 'hidden_continuous_size': 18, 'attention_head_size': 4, 'learning_rate': 0.058526746086847506}. Best is trial 67 with value: 674.1014404296875.
LOCAL_RANK: 0 - CUDA_VISIBLE_DEVICES: [0]
[I 2023-11-30 14:08:03,071] Trial 77 finished with value: 747.4308471679688 and parameters: {'gradient_clip_val': 0.13795277396554992, 'hidden_size': 21, 'dropout': 0.3420656652751202, 'hidden_continuous_size': 17, 'attention_head_size': 4, 'learning_rate': 0.05744621650472397}. Best is trial 67 with value: 674.1014404296875.
LOCAL_RANK: 0 - CUDA_VISIBLE_DEVICES: [0]
[I 2023-11-30 14:08:15,369] Trial 78 finished with value: 764.7091674804688 and parameters: {'gradient_clip_val': 0.15001777653110943, 'hidden_size': 21, 'dropout': 0.3442506476783763, 'hidden_continuous_size': 18, 'attention_head_size': 4, 'learning_rate': 0.043612030567595494}. Best is trial 67 with value: 674.1014404296875.
LOCAL_RANK: 0 - CUDA_VISIBLE_DEVICES: [0]
[I 2023-11-30 14:08:27,603] Trial 79 finished with value: 859.047119140625 and parameters: {'gradient_clip_val': 0.15302136967136423, 'hidden_size': 21, 'dropout': 0.3374024724119164, 'hidden_continuous_size': 17, 'attention_head_size': 3, 'learning_rate': 0.04289532672832429}. Best is trial 67 with value: 674.1014404296875.
LOCAL_RANK: 0 - CUDA_VISIBLE_DEVICES: [0]
[I 2023-11-30 14:08:40,105] Trial 80 finished with value: 675.6079711914062 and parameters: {'gradient_clip_val': 0.163362896479162, 'hidden_size': 23, 'dropout': 0.35636761812227363, 'hidden_continuous_size': 18, 'attention_head_size': 4, 'learning_rate': 0.054736877942511725}. Best is trial 67 with value: 674.1014404296875.
LOCAL_RANK: 0 - CUDA_VISIBLE_DEVICES: [0]
[I 2023-11-30 14:08:52,378] Trial 81 finished with value: 867.57080078125 and parameters: {'gradient_clip_val': 0.16586183214658526, 'hidden_size': 23, 'dropout': 0.34287462560237375, 'hidden_continuous_size': 18, 'attention_head_size': 4, 'learning_rate': 0.05318275962765795}. Best is trial 67 with value: 674.1014404296875.
LOCAL_RANK: 0 - CUDA_VISIBLE_DEVICES: [0]
[I 2023-11-30 14:09:04,549] Trial 82 finished with value: 872.8585815429688 and parameters: {'gradient_clip_val': 0.13829070571625024, 'hidden_size': 20, 'dropout': 0.35660500540827134, 'hidden_continuous_size': 18, 'attention_head_size': 4, 'learning_rate': 0.059996029843612485}. Best is trial 67 with value: 674.1014404296875.
LOCAL_RANK: 0 - CUDA_VISIBLE_DEVICES: [0]
[I 2023-11-30 14:09:16,664] Trial 83 finished with value: 805.6432495117188 and parameters: {'gradient_clip_val': 0.14834556138141783, 'hidden_size': 24, 'dropout': 0.36560221951881705, 'hidden_continuous_size': 17, 'attention_head_size': 4, 'learning_rate': 0.04680529817217283}. Best is trial 67 with value: 674.1014404296875.
LOCAL_RANK: 0 - CUDA_VISIBLE_DEVICES: [0]
[I 2023-11-30 14:09:28,934] Trial 84 finished with value: 982.30908203125 and parameters: {'gradient_clip_val': 0.12757510554509693, 'hidden_size': 17, 'dropout': 0.34811730557404036, 'hidden_continuous_size': 16, 'attention_head_size': 4, 'learning_rate': 0.03702424768924308}. Best is trial 67 with value: 674.1014404296875.
LOCAL_RANK: 0 - CUDA_VISIBLE_DEVICES: [0]
[I 2023-11-30 14:09:41,243] Trial 85 finished with value: 833.0730590820312 and parameters: {'gradient_clip_val': 0.1401527562144876, 'hidden_size': 20, 'dropout': 0.3258759844978513, 'hidden_continuous_size': 18, 'attention_head_size': 4, 'learning_rate': 0.06650942400562533}. Best is trial 67 with value: 674.1014404296875.
LOCAL_RANK: 0 - CUDA_VISIBLE_DEVICES: [0]
[I 2023-11-30 14:09:53,659] Trial 86 finished with value: 880.4609375 and parameters: {'gradient_clip_val': 0.16205582824320852, 'hidden_size': 22, 'dropout': 0.3424276831025846, 'hidden_continuous_size': 20, 'attention_head_size': 4, 'learning_rate': 0.05128855983658815}. Best is trial 67 with value: 674.1014404296875.
LOCAL_RANK: 0 - CUDA_VISIBLE_DEVICES: [0]
[I 2023-11-30 14:10:05,972] Trial 87 finished with value: 968.4899291992188 and parameters: {'gradient_clip_val': 0.1513487949803502, 'hidden_size': 21, 'dropout': 0.3692336628972562, 'hidden_continuous_size': 18, 'attention_head_size': 4, 'learning_rate': 0.06976685677551403}. Best is trial 67 with value: 674.1014404296875.
LOCAL_RANK: 0 - CUDA_VISIBLE_DEVICES: [0]
[I 2023-11-30 14:10:18,494] Trial 88 finished with value: 1061.7001953125 and parameters: {'gradient_clip_val': 0.1310219816205162, 'hidden_size': 25, 'dropout': 0.3544111885244991, 'hidden_continuous_size': 21, 'attention_head_size': 4, 'learning_rate': 0.055295329778541805}. Best is trial 67 with value: 674.1014404296875.
LOCAL_RANK: 0 - CUDA_VISIBLE_DEVICES: [0]
[I 2023-11-30 14:10:30,812] Trial 89 finished with value: 771.5842895507812 and parameters: {'gradient_clip_val': 0.18455785177628467, 'hidden_size': 15, 'dropout': 0.36085639717548146, 'hidden_continuous_size': 12, 'attention_head_size': 4, 'learning_rate': 0.04263552998512681}. Best is trial 67 with value: 674.1014404296875.
LOCAL_RANK: 0 - CUDA_VISIBLE_DEVICES: [0]
[I 2023-11-30 14:10:43,260] Trial 90 finished with value: 844.3517456054688 and parameters: {'gradient_clip_val': 0.1753361516371038, 'hidden_size': 23, 'dropout': 0.37649789662602484, 'hidden_continuous_size': 19, 'attention_head_size': 4, 'learning_rate': 0.06023994772274859}. Best is trial 67 with value: 674.1014404296875.
LOCAL_RANK: 0 - CUDA_VISIBLE_DEVICES: [0]
[I 2023-11-30 14:10:55,772] Trial 91 finished with value: 941.1897583007812 and parameters: {'gradient_clip_val': 0.12365439521400884, 'hidden_size': 26, 'dropout': 0.3143712048059621, 'hidden_continuous_size': 22, 'attention_head_size': 4, 'learning_rate': 0.07396846080625552}. Best is trial 67 with value: 674.1014404296875.
LOCAL_RANK: 0 - CUDA_VISIBLE_DEVICES: [0]
[I 2023-11-30 14:11:08,081] Trial 92 finished with value: 1041.24267578125 and parameters: {'gradient_clip_val': 0.11185291128267943, 'hidden_size': 19, 'dropout': 0.3599004108915883, 'hidden_continuous_size': 17, 'attention_head_size': 4, 'learning_rate': 0.08961165525502093}. Best is trial 67 with value: 674.1014404296875.
LOCAL_RANK: 0 - CUDA_VISIBLE_DEVICES: [0]
[I 2023-11-30 14:11:20,577] Trial 93 finished with value: 906.39453125 and parameters: {'gradient_clip_val': 0.10399997069242303, 'hidden_size': 29, 'dropout': 0.34654194786280224, 'hidden_continuous_size': 16, 'attention_head_size': 4, 'learning_rate': 0.09005104065125352}. Best is trial 67 with value: 674.1014404296875.
LOCAL_RANK: 0 - CUDA_VISIBLE_DEVICES: [0]
[I 2023-11-30 14:11:32,992] Trial 94 finished with value: 1052.373046875 and parameters: {'gradient_clip_val': 0.11711119137469583, 'hidden_size': 32, 'dropout': 0.3820240317489417, 'hidden_continuous_size': 20, 'attention_head_size': 2, 'learning_rate': 0.07594230418005857}. Best is trial 67 with value: 674.1014404296875.
LOCAL_RANK: 0 - CUDA_VISIBLE_DEVICES: [0]
[I 2023-11-30 14:11:45,770] Trial 95 finished with value: 719.6069946289062 and parameters: {'gradient_clip_val': 0.1378467344773675, 'hidden_size': 27, 'dropout': 0.3696981150053157, 'hidden_continuous_size': 19, 'attention_head_size': 4, 'learning_rate': 0.050794300077367883}. Best is trial 67 with value: 674.1014404296875.
LOCAL_RANK: 0 - CUDA_VISIBLE_DEVICES: [0]
[I 2023-11-30 14:11:59,081] Trial 96 finished with value: 1037.7093505859375 and parameters: {'gradient_clip_val': 0.13882291979025838, 'hidden_size': 29, 'dropout': 0.37139655919488695, 'hidden_continuous_size': 19, 'attention_head_size': 4, 'learning_rate': 0.06504804310591472}. Best is trial 67 with value: 674.1014404296875.
LOCAL_RANK: 0 - CUDA_VISIBLE_DEVICES: [0]
[I 2023-11-30 14:12:12,273] Trial 97 finished with value: 806.2664184570312 and parameters: {'gradient_clip_val': 0.14506388480183585, 'hidden_size': 24, 'dropout': 0.3922956648264098, 'hidden_continuous_size': 18, 'attention_head_size': 4, 'learning_rate': 0.05754275390929917}. Best is trial 67 with value: 674.1014404296875.
LOCAL_RANK: 0 - CUDA_VISIBLE_DEVICES: [0]
[I 2023-11-30 14:12:25,245] Trial 98 finished with value: 826.9015502929688 and parameters: {'gradient_clip_val': 0.1584142605067427, 'hidden_size': 21, 'dropout': 0.37986041024044825, 'hidden_continuous_size': 19, 'attention_head_size': 4, 'learning_rate': 0.04787266365638154}. Best is trial 67 with value: 674.1014404296875.
LOCAL_RANK: 0 - CUDA_VISIBLE_DEVICES: [0]
[I 2023-11-30 14:12:38,376] Trial 99 finished with value: 825.6968383789062 and parameters: {'gradient_clip_val': 0.1291410440957528, 'hidden_size': 26, 'dropout': 0.354427889760846, 'hidden_continuous_size': 20, 'attention_head_size': 3, 'learning_rate': 0.052611692039151184}. Best is trial 67 with value: 674.1014404296875.
LOCAL_RANK: 0 - CUDA_VISIBLE_DEVICES: [0]
[I 2023-11-30 14:12:51,600] Trial 100 finished with value: 1123.8726806640625 and parameters: {'gradient_clip_val': 0.16903310023171858, 'hidden_size': 23, 'dropout': 0.3693211057759769, 'hidden_continuous_size': 18, 'attention_head_size': 4, 'learning_rate': 0.03742967481845105}. Best is trial 67 with value: 674.1014404296875.
LOCAL_RANK: 0 - CUDA_VISIBLE_DEVICES: [0]
[I 2023-11-30 14:13:04,985] Trial 101 finished with value: 918.2859497070312 and parameters: {'gradient_clip_val': 0.10833241316582048, 'hidden_size': 30, 'dropout': 0.3275651548827825, 'hidden_continuous_size': 21, 'attention_head_size': 4, 'learning_rate': 0.06574347752498583}. Best is trial 67 with value: 674.1014404296875.
LOCAL_RANK: 0 - CUDA_VISIBLE_DEVICES: [0]
[I 2023-11-30 14:13:18,480] Trial 102 finished with value: 910.7490844726562 and parameters: {'gradient_clip_val': 0.12023179848904787, 'hidden_size': 27, 'dropout': 0.348458302538269, 'hidden_continuous_size': 22, 'attention_head_size': 4, 'learning_rate': 0.08920384248483045}. Best is trial 67 with value: 674.1014404296875.
LOCAL_RANK: 0 - CUDA_VISIBLE_DEVICES: [0]
