[I 2023-12-26 11:34:19,534] Trial 14 finished with value: 883.2055053710938 and parameters: {'gradient_clip_val': 0.42777810102191, 'hidden_size': 77, 'dropout': 0.41311225786259653, 'hidden_continuous_size': 12, 'attention_head_size': 3, 'learning_rate': 0.028934609574195313}. Best is trial 11 with value: 537.1958618164062.
[I 2023-12-26 11:34:22,620] Trial 15 finished with value: 948.1815795898438 and parameters: {'gradient_clip_val': 0.8047934419460385, 'hidden_size': 40, 'dropout': 0.28341865897551133, 'hidden_continuous_size': 6, 'attention_head_size': 2, 'learning_rate': 0.006093237240596134}. Best is trial 11 with value: 537.1958618164062.
[I 2023-12-26 11:34:25,081] Trial 16 finished with value: 958.7803344726562 and parameters: {'gradient_clip_val': 0.9811939050635315, 'hidden_size': 22, 'dropout': 0.3575028603255184, 'hidden_continuous_size': 8, 'attention_head_size': 3, 'learning_rate': 0.001574031586601517}. Best is trial 11 with value: 537.1958618164062.
[I 2023-12-26 11:34:30,455] Trial 17 finished with value: 975.2179565429688 and parameters: {'gradient_clip_val': 0.5159804304178841, 'hidden_size': 92, 'dropout': 0.4299351105321011, 'hidden_continuous_size': 29, 'attention_head_size': 1, 'learning_rate': 0.017915885777312585}. Best is trial 11 with value: 537.1958618164062.
[I 2023-12-26 11:34:41,576] Trial 18 finished with value: 698.1542358398438 and parameters: {'gradient_clip_val': 0.7064453143351827, 'hidden_size': 150, 'dropout': 0.3851932240209164, 'hidden_continuous_size': 145, 'attention_head_size': 2, 'learning_rate': 0.09883780815805515}. Best is trial 11 with value: 537.1958618164062.
[I 2023-12-26 11:34:44,298] Trial 19 finished with value: 955.599609375 and parameters: {'gradient_clip_val': 0.7482917180669201, 'hidden_size': 40, 'dropout': 0.4486517660844925, 'hidden_continuous_size': 10, 'attention_head_size': 3, 'learning_rate': 0.05253087481883087}. Best is trial 11 with value: 537.1958618164062.
[I 2023-12-26 11:34:48,918] Trial 20 finished with value: 960.1979370117188 and parameters: {'gradient_clip_val': 0.4957998827131295, 'hidden_size': 67, 'dropout': 0.30128888130268183, 'hidden_continuous_size': 20, 'attention_head_size': 1, 'learning_rate': 0.016022173804516877}. Best is trial 11 with value: 537.1958618164062.
[I 2023-12-26 11:35:00,872] Trial 21 finished with value: 688.7296752929688 and parameters: {'gradient_clip_val': 0.7571059654902761, 'hidden_size': 146, 'dropout': 0.38185297472538154, 'hidden_continuous_size': 141, 'attention_head_size': 2, 'learning_rate': 0.08782173504574117}. Best is trial 11 with value: 537.1958618164062.
[I 2023-12-26 11:35:09,436] Trial 22 finished with value: 816.4885864257812 and parameters: {'gradient_clip_val': 0.7783860513778438, 'hidden_size': 108, 'dropout': 0.36783895084086077, 'hidden_continuous_size': 86, 'attention_head_size': 2, 'learning_rate': 0.04311710308539768}. Best is trial 11 with value: 537.1958618164062.
[I 2023-12-26 11:35:17,068] Trial 23 finished with value: 862.8292846679688 and parameters: {'gradient_clip_val': 0.6111826392502353, 'hidden_size': 103, 'dropout': 0.4174630587653176, 'hidden_continuous_size': 66, 'attention_head_size': 3, 'learning_rate': 0.09666944738574178}. Best is trial 11 with value: 537.1958618164062.
[I 2023-12-26 11:35:21,030] Trial 24 finished with value: 1191.131591796875 and parameters: {'gradient_clip_val': 0.8284722660724028, 'hidden_size': 56, 'dropout': 0.3323471116403457, 'hidden_continuous_size': 13, 'attention_head_size': 1, 'learning_rate': 0.03389044862327694}. Best is trial 11 with value: 537.1958618164062.
[I 2023-12-26 11:35:30,197] Trial 25 finished with value: 787.7125854492188 and parameters: {'gradient_clip_val': 0.6917318127810291, 'hidden_size': 130, 'dropout': 0.379896696292605, 'hidden_continuous_size': 99, 'attention_head_size': 2, 'learning_rate': 0.04119569744157161}. Best is trial 11 with value: 537.1958618164062.
[I 2023-12-26 11:35:36,053] Trial 26 finished with value: 745.2907104492188 and parameters: {'gradient_clip_val': 0.9970903782339366, 'hidden_size': 90, 'dropout': 0.4469354456645833, 'hidden_continuous_size': 58, 'attention_head_size': 3, 'learning_rate': 0.060091724388143405}. Best is trial 11 with value: 537.1958618164062.
[I 2023-12-26 11:35:44,914] Trial 27 finished with value: 915.27880859375 and parameters: {'gradient_clip_val': 0.5716216751506189, 'hidden_size': 144, 'dropout': 0.32531435348251275, 'hidden_continuous_size': 38, 'attention_head_size': 2, 'learning_rate': 0.022765389052634324}. Best is trial 11 with value: 537.1958618164062.
[I 2023-12-26 11:35:50,785] Trial 28 finished with value: 968.009033203125 and parameters: {'gradient_clip_val': 0.8346268110104859, 'hidden_size': 92, 'dropout': 0.3599716893549699, 'hidden_continuous_size': 58, 'attention_head_size': 1, 'learning_rate': 0.034093524621784}. Best is trial 11 with value: 537.1958618164062.
[I 2023-12-26 11:35:59,195] Trial 29 finished with value: 683.2573852539062 and parameters: {'gradient_clip_val': 0.3894355815218376, 'hidden_size': 121, 'dropout': 0.4003450850678616, 'hidden_continuous_size': 102, 'attention_head_size': 4, 'learning_rate': 0.06432804913935096}. Best is trial 11 with value: 537.1958618164062.
[I 2023-12-26 11:36:07,853] Trial 30 finished with value: 820.68115234375 and parameters: {'gradient_clip_val': 0.36800904910006776, 'hidden_size': 115, 'dropout': 0.4820331075707304, 'hidden_continuous_size': 98, 'attention_head_size': 4, 'learning_rate': 0.05335456917961578}. Best is trial 11 with value: 537.1958618164062.
[I 2023-12-26 11:36:18,675] Trial 31 finished with value: 587.9308471679688 and parameters: {'gradient_clip_val': 0.4665701828059693, 'hidden_size': 150, 'dropout': 0.40728279188740607, 'hidden_continuous_size': 124, 'attention_head_size': 4, 'learning_rate': 0.06492346022994455}. Best is trial 11 with value: 537.1958618164062.
[I 2023-12-26 11:36:27,217] Trial 32 finished with value: 611.7349853515625 and parameters: {'gradient_clip_val': 0.4622897036424327, 'hidden_size': 122, 'dropout': 0.4093046207293406, 'hidden_continuous_size': 105, 'attention_head_size': 4, 'learning_rate': 0.0648063865190555}. Best is trial 11 with value: 537.1958618164062.
[I 2023-12-26 11:36:37,782] Trial 33 finished with value: 748.08251953125 and parameters: {'gradient_clip_val': 0.441705232454734, 'hidden_size': 148, 'dropout': 0.43250541029030737, 'hidden_continuous_size': 110, 'attention_head_size': 4, 'learning_rate': 0.07058167029577998}. Best is trial 11 with value: 537.1958618164062.
[I 2023-12-26 11:36:44,035] Trial 34 finished with value: 1006.2948608398438 and parameters: {'gradient_clip_val': 0.5014433991732802, 'hidden_size': 87, 'dropout': 0.46630082167237485, 'hidden_continuous_size': 72, 'attention_head_size': 4, 'learning_rate': 0.04327129628661708}. Best is trial 11 with value: 537.1958618164062.
[I 2023-12-26 11:36:52,171] Trial 35 finished with value: 932.724365234375 and parameters: {'gradient_clip_val': 0.36487882353090717, 'hidden_size': 115, 'dropout': 0.4067266870812257, 'hidden_continuous_size': 74, 'attention_head_size': 4, 'learning_rate': 0.01608442658808528}. Best is trial 11 with value: 537.1958618164062.
[I 2023-12-26 11:36:57,162] Trial 36 finished with value: 905.7240600585938 and parameters: {'gradient_clip_val': 0.3245422505140033, 'hidden_size': 67, 'dropout': 0.4990754230499056, 'hidden_continuous_size': 53, 'attention_head_size': 4, 'learning_rate': 0.0006112303197680882}. Best is trial 11 with value: 537.1958618164062.
[I 2023-12-26 11:37:04,916] Trial 37 finished with value: 607.6751098632812 and parameters: {'gradient_clip_val': 0.4501829364520894, 'hidden_size': 106, 'dropout': 0.42253147237560607, 'hidden_continuous_size': 82, 'attention_head_size': 3, 'learning_rate': 0.06921394450415119}. Best is trial 11 with value: 537.1958618164062.
[I 2023-12-26 11:37:09,994] Trial 38 finished with value: 884.75439453125 and parameters: {'gradient_clip_val': 0.5391330991796033, 'hidden_size': 74, 'dropout': 0.4514359010100753, 'hidden_continuous_size': 51, 'attention_head_size': 3, 'learning_rate': 0.024535757340829936}. Best is trial 11 with value: 537.1958618164062.
[I 2023-12-26 11:37:12,189] Trial 39 finished with value: 892.87744140625 and parameters: {'gradient_clip_val': 0.5988966888433104, 'hidden_size': 15, 'dropout': 0.43068577971141486, 'hidden_continuous_size': 7, 'attention_head_size': 3, 'learning_rate': 0.010281060966396598}. Best is trial 11 with value: 537.1958618164062.
[I 2023-12-26 11:37:19,132] Trial 40 finished with value: 879.231201171875 and parameters: {'gradient_clip_val': 0.4652338351748113, 'hidden_size': 97, 'dropout': 0.3729128625372337, 'hidden_continuous_size': 77, 'attention_head_size': 3, 'learning_rate': 0.04667295213438294}. Best is trial 11 with value: 537.1958618164062.
[I 2023-12-26 11:37:28,389] Trial 41 finished with value: 829.2742309570312 and parameters: {'gradient_clip_val': 0.4439605263788488, 'hidden_size': 128, 'dropout': 0.4001335735758629, 'hidden_continuous_size': 116, 'attention_head_size': 4, 'learning_rate': 0.06532573856869878}. Best is trial 11 with value: 537.1958618164062.
[I 2023-12-26 11:37:36,172] Trial 42 finished with value: 690.560302734375 and parameters: {'gradient_clip_val': 0.4007867422307479, 'hidden_size': 105, 'dropout': 0.4684983944047144, 'hidden_continuous_size': 92, 'attention_head_size': 3, 'learning_rate': 0.07574539493623743}. Best is trial 11 with value: 537.1958618164062.
[I 2023-12-26 11:37:44,426] Trial 43 finished with value: 804.9669799804688 and parameters: {'gradient_clip_val': 0.6348190253114303, 'hidden_size': 117, 'dropout': 0.34526321151941175, 'hidden_continuous_size': 84, 'attention_head_size': 4, 'learning_rate': 0.05502513407302871}. Best is trial 11 with value: 537.1958618164062.
[I 2023-12-26 11:37:54,296] Trial 44 finished with value: 686.2531127929688 and parameters: {'gradient_clip_val': 0.4687857044089321, 'hidden_size': 132, 'dropout': 0.42174906107502813, 'hidden_continuous_size': 118, 'attention_head_size': 4, 'learning_rate': 0.07563008688611231}. Best is trial 11 with value: 537.1958618164062.
[I 2023-12-26 11:38:00,228] Trial 45 finished with value: 1137.33349609375 and parameters: {'gradient_clip_val': 0.5498412008565813, 'hidden_size': 83, 'dropout': 0.3943074389351939, 'hidden_continuous_size': 66, 'attention_head_size': 3, 'learning_rate': 0.03585011621385466}. Best is trial 11 with value: 537.1958618164062.
[I 2023-12-26 11:38:07,671] Trial 46 finished with value: 972.9521484375 and parameters: {'gradient_clip_val': 0.32137031226905005, 'hidden_size': 101, 'dropout': 0.36439997421736703, 'hidden_continuous_size': 83, 'attention_head_size': 4, 'learning_rate': 0.004989105022204738}. Best is trial 11 with value: 537.1958618164062.
[I 2023-12-26 11:38:17,415] Trial 47 finished with value: 688.15966796875 and parameters: {'gradient_clip_val': 0.6785895033913598, 'hidden_size': 130, 'dropout': 0.4138636170484034, 'hidden_continuous_size': 113, 'attention_head_size': 3, 'learning_rate': 0.0038521956840277434}. Best is trial 11 with value: 537.1958618164062.
[I 2023-12-26 11:38:20,430] Trial 48 finished with value: 677.8571166992188 and parameters: {'gradient_clip_val': 0.2626381065374811, 'hidden_size': 29, 'dropout': 0.32514860742199714, 'hidden_continuous_size': 28, 'attention_head_size': 4, 'learning_rate': 0.00264390511557172}. Best is trial 11 with value: 537.1958618164062.
[I 2023-12-26 11:38:32,057] Trial 49 finished with value: 604.7201538085938 and parameters: {'gradient_clip_val': 0.5120030240288471, 'hidden_size': 150, 'dropout': 0.34545931044274736, 'hidden_continuous_size': 149, 'attention_head_size': 3, 'learning_rate': 0.08411178236494678}. Best is trial 11 with value: 537.1958618164062.
[I 2023-12-26 11:38:32,185] A new study created in memory with name: no-name-9d6b6046-7f16-4c2a-82c3-ccd2aa12067e
/home/le004/conda/anaconda3/envs/tsff_env/lib/python3.9/site-packages/lightning/fabric/plugins/environments/slurm.py:191: The `srun` command is available on your system but is not used. HINT: If your intention is to run Lightning on SLURM, prepend your python command with `srun` like so: srun python /home/le004/master_thesis/git/TSFusionForecast/code/ ...
[I 2023-12-26 11:40:22,909] Trial 0 finished with value: 90.03756713867188 and parameters: {'gradient_clip_val': 0.2071554418684773, 'hidden_size': 7, 'dropout': 0.3279777139763936, 'hidden_continuous_size': 6, 'attention_head_size': 3, 'learning_rate': 0.09259688825635205}. Best is trial 0 with value: 90.03756713867188.
[I 2023-12-26 11:40:28,331] Trial 1 finished with value: 231.40049743652344 and parameters: {'gradient_clip_val': 0.4697510880776301, 'hidden_size': 59, 'dropout': 0.17263903917008033, 'hidden_continuous_size': 8, 'attention_head_size': 3, 'learning_rate': 0.0011805742541696855}. Best is trial 0 with value: 90.03756713867188.
[I 2023-12-26 11:40:30,711] Trial 2 finished with value: 156.9099578857422 and parameters: {'gradient_clip_val': 0.15340739445320561, 'hidden_size': 10, 'dropout': 0.46038697206430523, 'hidden_continuous_size': 9, 'attention_head_size': 1, 'learning_rate': 0.01313539334473236}. Best is trial 0 with value: 90.03756713867188.
[I 2023-12-26 11:40:32,519] Trial 3 finished with value: 180.2538604736328 and parameters: {'gradient_clip_val': 0.769987439877523, 'hidden_size': 8, 'dropout': 0.13269580254571683, 'hidden_continuous_size': 8, 'attention_head_size': 4, 'learning_rate': 0.005600507774261448}. Best is trial 0 with value: 90.03756713867188.
[I 2023-12-26 11:40:34,553] Trial 4 finished with value: 234.1498565673828 and parameters: {'gradient_clip_val': 0.11966313493295296, 'hidden_size': 18, 'dropout': 0.2252968441814933, 'hidden_continuous_size': 6, 'attention_head_size': 1, 'learning_rate': 0.019141632779569075}. Best is trial 0 with value: 90.03756713867188.
[I 2023-12-26 11:40:37,820] Trial 5 finished with value: 254.86981201171875 and parameters: {'gradient_clip_val': 0.1823645893547557, 'hidden_size': 47, 'dropout': 0.4293834549433483, 'hidden_continuous_size': 26, 'attention_head_size': 2, 'learning_rate': 0.08250261443641611}. Best is trial 0 with value: 90.03756713867188.
[I 2023-12-26 11:40:40,898] Trial 6 finished with value: 197.37896728515625 and parameters: {'gradient_clip_val': 0.49462671249939805, 'hidden_size': 52, 'dropout': 0.14945111791181098, 'hidden_continuous_size': 32, 'attention_head_size': 1, 'learning_rate': 0.054716552688999776}. Best is trial 0 with value: 90.03756713867188.
[I 2023-12-26 11:40:42,676] Trial 7 finished with value: 196.10585021972656 and parameters: {'gradient_clip_val': 0.6008010788760743, 'hidden_size': 5, 'dropout': 0.12391909352305222, 'hidden_continuous_size': 5, 'attention_head_size': 1, 'learning_rate': 0.03627196124582882}. Best is trial 0 with value: 90.03756713867188.
[I 2023-12-26 11:40:46,979] Trial 8 finished with value: 170.130859375 and parameters: {'gradient_clip_val': 0.48626818339571076, 'hidden_size': 59, 'dropout': 0.46817541187382306, 'hidden_continuous_size': 30, 'attention_head_size': 2, 'learning_rate': 0.0008337220564236387}. Best is trial 0 with value: 90.03756713867188.
[I 2023-12-26 11:40:49,120] Trial 9 finished with value: 162.06507873535156 and parameters: {'gradient_clip_val': 0.7774766088376455, 'hidden_size': 20, 'dropout': 0.46297061051164856, 'hidden_continuous_size': 11, 'attention_head_size': 3, 'learning_rate': 0.001517018242334818}. Best is trial 0 with value: 90.03756713867188.
[I 2023-12-26 11:40:58,076] Trial 10 finished with value: 121.28433227539062 and parameters: {'gradient_clip_val': 0.2561918193586671, 'hidden_size': 135, 'dropout': 0.33963570790850184, 'hidden_continuous_size': 88, 'attention_head_size': 4, 'learning_rate': 0.09177515189060834}. Best is trial 0 with value: 90.03756713867188.
[I 2023-12-26 11:41:09,529] Trial 11 finished with value: 109.78559112548828 and parameters: {'gradient_clip_val': 0.2533157490438789, 'hidden_size': 150, 'dropout': 0.3545705962200229, 'hidden_continuous_size': 125, 'attention_head_size': 4, 'learning_rate': 0.09672370224699664}. Best is trial 0 with value: 90.03756713867188.
[I 2023-12-26 11:41:20,899] Trial 12 finished with value: 152.150634765625 and parameters: {'gradient_clip_val': 0.27571203436613356, 'hidden_size': 144, 'dropout': 0.3293328059081098, 'hidden_continuous_size': 140, 'attention_head_size': 4, 'learning_rate': 0.036201185920630166}. Best is trial 0 with value: 90.03756713867188.
[I 2023-12-26 11:41:23,377] Trial 13 finished with value: 214.00025939941406 and parameters: {'gradient_clip_val': 0.2077777215252501, 'hidden_size': 30, 'dropout': 0.2843529803336054, 'hidden_continuous_size': 5, 'attention_head_size': 3, 'learning_rate': 0.07760421803573683}. Best is trial 0 with value: 90.03756713867188.
[I 2023-12-26 11:41:25,168] Trial 14 finished with value: 251.0274658203125 and parameters: {'gradient_clip_val': 0.35084617027490744, 'hidden_size': 5, 'dropout': 0.3643090703675805, 'hidden_continuous_size': 5, 'attention_head_size': 4, 'learning_rate': 0.0996736484458166}. Best is trial 0 with value: 90.03756713867188.
[I 2023-12-26 11:41:27,292] Trial 15 finished with value: 195.503173828125 and parameters: {'gradient_clip_val': 0.10733549780384076, 'hidden_size': 13, 'dropout': 0.27537001998928984, 'hidden_continuous_size': 6, 'attention_head_size': 3, 'learning_rate': 0.03351036640480333}. Best is trial 0 with value: 90.03756713867188.
[I 2023-12-26 11:41:33,171] Trial 16 finished with value: 225.884765625 and parameters: {'gradient_clip_val': 0.33521846802895944, 'hidden_size': 91, 'dropout': 0.3954526971109683, 'hidden_continuous_size': 13, 'attention_head_size': 2, 'learning_rate': 0.012839990153314189}. Best is trial 0 with value: 90.03756713867188.
[I 2023-12-26 11:41:35,834] Trial 17 finished with value: 260.4839172363281 and parameters: {'gradient_clip_val': 0.22044527510933493, 'hidden_size': 32, 'dropout': 0.3902863933134681, 'hidden_continuous_size': 15, 'attention_head_size': 4, 'learning_rate': 0.048618665898014814}. Best is trial 0 with value: 90.03756713867188.
[I 2023-12-26 11:41:41,848] Trial 18 finished with value: 197.6004638671875 and parameters: {'gradient_clip_val': 0.15305534023865766, 'hidden_size': 93, 'dropout': 0.30895083089472614, 'hidden_continuous_size': 18, 'attention_head_size': 3, 'learning_rate': 0.02532482884369413}. Best is trial 0 with value: 90.03756713867188.
[I 2023-12-26 11:41:44,087] Trial 19 finished with value: 191.9765625 and parameters: {'gradient_clip_val': 0.277665380371581, 'hidden_size': 20, 'dropout': 0.25748345313820176, 'hidden_continuous_size': 7, 'attention_head_size': 4, 'learning_rate': 0.06091727655603066}. Best is trial 0 with value: 90.03756713867188.
[I 2023-12-26 11:41:46,797] Trial 20 finished with value: 180.7510528564453 and parameters: {'gradient_clip_val': 0.36297480572180574, 'hidden_size': 37, 'dropout': 0.3622473075433893, 'hidden_continuous_size': 10, 'attention_head_size': 3, 'learning_rate': 0.050302090427984204}. Best is trial 0 with value: 90.03756713867188.
[I 2023-12-26 11:41:57,382] Trial 21 finished with value: 159.49534606933594 and parameters: {'gradient_clip_val': 0.2509956734805473, 'hidden_size': 146, 'dropout': 0.3359281532911156, 'hidden_continuous_size': 108, 'attention_head_size': 4, 'learning_rate': 0.09130359679934262}. Best is trial 0 with value: 90.03756713867188.
[I 2023-12-26 11:42:05,607] Trial 22 finished with value: 151.59445190429688 and parameters: {'gradient_clip_val': 0.21867165018245244, 'hidden_size': 101, 'dropout': 0.32677349732189437, 'hidden_continuous_size': 69, 'attention_head_size': 4, 'learning_rate': 0.08985674906070916}. Best is trial 0 with value: 90.03756713867188.
[I 2023-12-26 11:42:12,100] Trial 23 finished with value: 183.3707733154297 and parameters: {'gradient_clip_val': 0.2932642604978776, 'hidden_size': 73, 'dropout': 0.3018585390471612, 'hidden_continuous_size': 53, 'attention_head_size': 4, 'learning_rate': 0.05519326812461794}. Best is trial 0 with value: 90.03756713867188.
[I 2023-12-26 11:42:20,426] Trial 24 finished with value: 184.2898406982422 and parameters: {'gradient_clip_val': 0.17974335386507792, 'hidden_size': 117, 'dropout': 0.35574926969821763, 'hidden_continuous_size': 76, 'attention_head_size': 3, 'learning_rate': 0.09835403615665564}. Best is trial 0 with value: 90.03756713867188.
[I 2023-12-26 11:42:27,362] Trial 25 finished with value: 188.6442413330078 and parameters: {'gradient_clip_val': 0.24274187609405082, 'hidden_size': 77, 'dropout': 0.41683177955679956, 'hidden_continuous_size': 42, 'attention_head_size': 4, 'learning_rate': 0.0288555890067916}. Best is trial 0 with value: 90.03756713867188.
[I 2023-12-26 11:42:35,859] Trial 26 finished with value: 141.4027099609375 and parameters: {'gradient_clip_val': 0.31982938738063055, 'hidden_size': 121, 'dropout': 0.24638234804975898, 'hidden_continuous_size': 20, 'attention_head_size': 2, 'learning_rate': 0.05437121336337444}. Best is trial 0 with value: 90.03756713867188.
[I 2023-12-26 11:42:38,888] Trial 27 finished with value: 180.4846649169922 and parameters: {'gradient_clip_val': 0.24290702266974426, 'hidden_size': 41, 'dropout': 0.3122208579536132, 'hidden_continuous_size': 12, 'attention_head_size': 3, 'learning_rate': 0.020928459996013213}. Best is trial 0 with value: 90.03756713867188.
[I 2023-12-26 11:42:50,396] Trial 28 finished with value: 125.8521499633789 and parameters: {'gradient_clip_val': 0.18747125434277465, 'hidden_size': 149, 'dropout': 0.35063404997860587, 'hidden_continuous_size': 148, 'attention_head_size': 4, 'learning_rate': 0.06636208539316842}. Best is trial 0 with value: 90.03756713867188.
