[I 2023-12-16 08:56:36,020] Trial 21 finished with value: 457.1710510253906 and parameters: {'gradient_clip_val': 0.6688588373320901, 'hidden_size': 17, 'dropout': 0.2812758734951009, 'hidden_continuous_size': 5, 'attention_head_size': 2, 'learning_rate': 0.0019430622700287586}. Best is trial 7 with value: 211.3938751220703.
LOCAL_RANK: 0 - CUDA_VISIBLE_DEVICES: [0]
[I 2023-12-16 08:57:23,182] Trial 22 finished with value: 542.3986206054688 and parameters: {'gradient_clip_val': 0.6942193371352369, 'hidden_size': 28, 'dropout': 0.2756781798412836, 'hidden_continuous_size': 6, 'attention_head_size': 2, 'learning_rate': 0.003276310002388846}. Best is trial 7 with value: 211.3938751220703.
LOCAL_RANK: 0 - CUDA_VISIBLE_DEVICES: [0]
[I 2023-12-16 08:58:15,012] Trial 23 finished with value: 288.03741455078125 and parameters: {'gradient_clip_val': 0.5035267202748502, 'hidden_size': 49, 'dropout': 0.2636453309103546, 'hidden_continuous_size': 9, 'attention_head_size': 2, 'learning_rate': 0.0013672118260984474}. Best is trial 7 with value: 211.3938751220703.
LOCAL_RANK: 0 - CUDA_VISIBLE_DEVICES: [0]
[I 2023-12-16 08:58:59,928] Trial 24 finished with value: 580.9300537109375 and parameters: {'gradient_clip_val': 0.6201913300840279, 'hidden_size': 6, 'dropout': 0.2976128551804798, 'hidden_continuous_size': 5, 'attention_head_size': 2, 'learning_rate': 0.00279873864467991}. Best is trial 7 with value: 211.3938751220703.
LOCAL_RANK: 0 - CUDA_VISIBLE_DEVICES: [0]
[I 2023-12-16 08:59:44,385] Trial 25 finished with value: 836.3612670898438 and parameters: {'gradient_clip_val': 0.7594118647383229, 'hidden_size': 16, 'dropout': 0.3297827042364178, 'hidden_continuous_size': 6, 'attention_head_size': 3, 'learning_rate': 0.006790828624533242}. Best is trial 7 with value: 211.3938751220703.
LOCAL_RANK: 0 - CUDA_VISIBLE_DEVICES: [0]
[I 2023-12-16 09:00:32,663] Trial 26 finished with value: 281.58599853515625 and parameters: {'gradient_clip_val': 0.3783239936580014, 'hidden_size': 26, 'dropout': 0.2488349849975855, 'hidden_continuous_size': 7, 'attention_head_size': 2, 'learning_rate': 0.0017568572055136835}. Best is trial 7 with value: 211.3938751220703.
LOCAL_RANK: 0 - CUDA_VISIBLE_DEVICES: [0]
[I 2023-12-16 09:01:16,950] Trial 27 finished with value: 434.8807373046875 and parameters: {'gradient_clip_val': 0.5525739324754738, 'hidden_size': 7, 'dropout': 0.2889454662486551, 'hidden_continuous_size': 5, 'attention_head_size': 1, 'learning_rate': 0.0009121878802512333}. Best is trial 7 with value: 211.3938751220703.
LOCAL_RANK: 0 - CUDA_VISIBLE_DEVICES: [0]
[I 2023-12-16 09:02:01,867] Trial 28 finished with value: 418.8721008300781 and parameters: {'gradient_clip_val': 0.2551079873220244, 'hidden_size': 10, 'dropout': 0.21856165158973512, 'hidden_continuous_size': 6, 'attention_head_size': 2, 'learning_rate': 0.0013954697994979811}. Best is trial 7 with value: 211.3938751220703.
LOCAL_RANK: 0 - CUDA_VISIBLE_DEVICES: [0]
[I 2023-12-16 09:02:35,612] Trial 29 finished with value: 332.2666931152344 and parameters: {'gradient_clip_val': 0.9866160027336052, 'hidden_size': 5, 'dropout': 0.3148232987803792, 'hidden_continuous_size': 5, 'attention_head_size': 3, 'learning_rate': 0.0025507280492929225}. Best is trial 7 with value: 211.3938751220703.
LOCAL_RANK: 0 - CUDA_VISIBLE_DEVICES: [0]
[I 2023-12-16 09:03:24,766] Trial 30 finished with value: 767.266845703125 and parameters: {'gradient_clip_val': 0.41268291022149506, 'hidden_size': 37, 'dropout': 0.267023732711798, 'hidden_continuous_size': 9, 'attention_head_size': 1, 'learning_rate': 0.0036003003419283427}. Best is trial 7 with value: 211.3938751220703.
LOCAL_RANK: 0 - CUDA_VISIBLE_DEVICES: [0]
[I 2023-12-16 09:04:12,961] Trial 31 finished with value: 682.4307861328125 and parameters: {'gradient_clip_val': 0.4001785057754309, 'hidden_size': 26, 'dropout': 0.24828549339134146, 'hidden_continuous_size': 7, 'attention_head_size': 2, 'learning_rate': 0.0016454510991676101}. Best is trial 7 with value: 211.3938751220703.
LOCAL_RANK: 0 - CUDA_VISIBLE_DEVICES: [0]
[I 2023-12-16 09:05:01,083] Trial 32 finished with value: 266.6603088378906 and parameters: {'gradient_clip_val': 0.5456741639597354, 'hidden_size': 23, 'dropout': 0.24623352261431203, 'hidden_continuous_size': 7, 'attention_head_size': 2, 'learning_rate': 0.0020513047739208023}. Best is trial 7 with value: 211.3938751220703.
LOCAL_RANK: 0 - CUDA_VISIBLE_DEVICES: [0]
[I 2023-12-16 09:05:45,970] Trial 33 finished with value: 589.5045776367188 and parameters: {'gradient_clip_val': 0.5270672013707127, 'hidden_size': 14, 'dropout': 0.2954869175151781, 'hidden_continuous_size': 6, 'attention_head_size': 2, 'learning_rate': 0.0025623814324800638}. Best is trial 7 with value: 211.3938751220703.
LOCAL_RANK: 0 - CUDA_VISIBLE_DEVICES: [0]
[I 2023-12-16 09:06:40,405] Trial 34 finished with value: 855.2936401367188 and parameters: {'gradient_clip_val': 0.6487477248890661, 'hidden_size': 98, 'dropout': 0.21382341676141392, 'hidden_continuous_size': 14, 'attention_head_size': 3, 'learning_rate': 0.0007497174751899136}. Best is trial 7 with value: 211.3938751220703.
LOCAL_RANK: 0 - CUDA_VISIBLE_DEVICES: [0]
[I 2023-12-16 09:07:28,052] Trial 35 finished with value: 793.1813354492188 and parameters: {'gradient_clip_val': 0.7211453792538142, 'hidden_size': 21, 'dropout': 0.24037260944615949, 'hidden_continuous_size': 7, 'attention_head_size': 2, 'learning_rate': 0.004691028839600784}. Best is trial 7 with value: 211.3938751220703.
LOCAL_RANK: 0 - CUDA_VISIBLE_DEVICES: [0]
[I 2023-12-16 09:08:14,225] Trial 36 finished with value: 428.6698303222656 and parameters: {'gradient_clip_val': 0.46637040514886835, 'hidden_size': 19, 'dropout': 0.2669016890558772, 'hidden_continuous_size': 5, 'attention_head_size': 2, 'learning_rate': 0.001128355525866132}. Best is trial 7 with value: 211.3938751220703.
LOCAL_RANK: 0 - CUDA_VISIBLE_DEVICES: [0]
[I 2023-12-16 09:09:01,577] Trial 37 finished with value: 324.7265930175781 and parameters: {'gradient_clip_val': 0.8282051891726473, 'hidden_size': 24, 'dropout': 0.3271786067823771, 'hidden_continuous_size': 7, 'attention_head_size': 3, 'learning_rate': 0.0022444578274474964}. Best is trial 7 with value: 211.3938751220703.
LOCAL_RANK: 0 - CUDA_VISIBLE_DEVICES: [0]
[I 2023-12-16 09:09:50,780] Trial 38 finished with value: 481.87353515625 and parameters: {'gradient_clip_val': 0.5838832220116585, 'hidden_size': 30, 'dropout': 0.2792998468081072, 'hidden_continuous_size': 8, 'attention_head_size': 4, 'learning_rate': 0.003701715646600266}. Best is trial 7 with value: 211.3938751220703.
LOCAL_RANK: 0 - CUDA_VISIBLE_DEVICES: [0]
[I 2023-12-16 09:10:37,681] Trial 39 finished with value: 294.3293151855469 and parameters: {'gradient_clip_val': 0.5323400823739947, 'hidden_size': 24, 'dropout': 0.3734705880992736, 'hidden_continuous_size': 6, 'attention_head_size': 2, 'learning_rate': 0.0015020386421441768}. Best is trial 7 with value: 211.3938751220703.
LOCAL_RANK: 0 - CUDA_VISIBLE_DEVICES: [0]
[I 2023-12-16 09:11:23,212] Trial 40 finished with value: 271.7490234375 and parameters: {'gradient_clip_val': 0.6553729429773321, 'hidden_size': 14, 'dropout': 0.2546249428916142, 'hidden_continuous_size': 7, 'attention_head_size': 3, 'learning_rate': 0.007113413515370585}. Best is trial 7 with value: 211.3938751220703.
LOCAL_RANK: 0 - CUDA_VISIBLE_DEVICES: [0]
[I 2023-12-16 09:12:08,691] Trial 41 finished with value: 772.7952270507812 and parameters: {'gradient_clip_val': 0.7463439491824118, 'hidden_size': 14, 'dropout': 0.2574036218070401, 'hidden_continuous_size': 7, 'attention_head_size': 3, 'learning_rate': 0.004723772218560459}. Best is trial 7 with value: 211.3938751220703.
LOCAL_RANK: 0 - CUDA_VISIBLE_DEVICES: [0]
[I 2023-12-16 09:12:56,109] Trial 42 finished with value: 1179.3450927734375 and parameters: {'gradient_clip_val': 0.6168629820710658, 'hidden_size': 19, 'dropout': 0.2323594639157182, 'hidden_continuous_size': 8, 'attention_head_size': 3, 'learning_rate': 0.006375219877008156}. Best is trial 7 with value: 211.3938751220703.
LOCAL_RANK: 0 - CUDA_VISIBLE_DEVICES: [0]
[I 2023-12-16 09:13:41,857] Trial 43 finished with value: 924.716064453125 and parameters: {'gradient_clip_val': 0.8221250890069058, 'hidden_size': 11, 'dropout': 0.20482276224719853, 'hidden_continuous_size': 6, 'attention_head_size': 4, 'learning_rate': 0.00910351367291747}. Best is trial 7 with value: 211.3938751220703.
LOCAL_RANK: 0 - CUDA_VISIBLE_DEVICES: [0]
[I 2023-12-16 09:14:26,702] Trial 44 finished with value: 479.9459533691406 and parameters: {'gradient_clip_val': 0.6756202775481794, 'hidden_size': 13, 'dropout': 0.2812862696418016, 'hidden_continuous_size': 7, 'attention_head_size': 2, 'learning_rate': 0.002240995656004909}. Best is trial 7 with value: 211.3938751220703.
LOCAL_RANK: 0 - CUDA_VISIBLE_DEVICES: [0]
[I 2023-12-16 09:15:14,814] Trial 45 finished with value: 991.6812133789062 and parameters: {'gradient_clip_val': 0.480090458165802, 'hidden_size': 32, 'dropout': 0.24681540865306204, 'hidden_continuous_size': 10, 'attention_head_size': 3, 'learning_rate': 0.005619664290781179}. Best is trial 7 with value: 211.3938751220703.
LOCAL_RANK: 0 - CUDA_VISIBLE_DEVICES: [0]
[I 2023-12-16 09:16:03,285] Trial 46 finished with value: 909.2128295898438 and parameters: {'gradient_clip_val': 0.5844165242062408, 'hidden_size': 23, 'dropout': 0.30392159014307674, 'hidden_continuous_size': 9, 'attention_head_size': 2, 'learning_rate': 0.003982584049492027}. Best is trial 7 with value: 211.3938751220703.
LOCAL_RANK: 0 - CUDA_VISIBLE_DEVICES: [0]
[I 2023-12-16 09:16:48,818] Trial 47 finished with value: 315.3838195800781 and parameters: {'gradient_clip_val': 0.8595650727977927, 'hidden_size': 15, 'dropout': 0.22511933341104384, 'hidden_continuous_size': 7, 'attention_head_size': 2, 'learning_rate': 0.0029807696581784894}. Best is trial 7 with value: 211.3938751220703.
LOCAL_RANK: 0 - CUDA_VISIBLE_DEVICES: [0]
[I 2023-12-16 09:17:32,583] Trial 48 finished with value: 514.6605834960938 and parameters: {'gradient_clip_val': 0.7158461135371935, 'hidden_size': 12, 'dropout': 0.2640546638512847, 'hidden_continuous_size': 6, 'attention_head_size': 1, 'learning_rate': 0.008177915221196232}. Best is trial 7 with value: 211.3938751220703.
LOCAL_RANK: 0 - CUDA_VISIBLE_DEVICES: [0]
[I 2023-12-16 09:18:19,101] Trial 49 finished with value: 332.2895202636719 and parameters: {'gradient_clip_val': 0.44904733062859686, 'hidden_size': 18, 'dropout': 0.3152802845851295, 'hidden_continuous_size': 5, 'attention_head_size': 3, 'learning_rate': 0.004303061038124902}. Best is trial 7 with value: 211.3938751220703.
[I 2023-12-16 09:18:19,194] A new study created in memory with name: no-name-944b8111-5b2a-46c4-ab4e-d9801d174a48
/home/le004/conda/anaconda3/envs/tsff_env/lib/python3.9/site-packages/lightning/fabric/plugins/environments/slurm.py:191: The `srun` command is available on your system but is not used. HINT: If your intention is to run Lightning on SLURM, prepend your python command with `srun` like so: srun python /home/le004/master_thesis/git/TSFusionForecast/code/ ...
LOCAL_RANK: 0 - CUDA_VISIBLE_DEVICES: [0]
[I 2023-12-16 09:19:12,877] Trial 0 finished with value: 78.46672821044922 and parameters: {'gradient_clip_val': 0.1784276123010167, 'hidden_size': 65, 'dropout': 0.2796000927478895, 'hidden_continuous_size': 14, 'attention_head_size': 4, 'learning_rate': 0.004556657584848438}. Best is trial 0 with value: 78.46672821044922.
LOCAL_RANK: 0 - CUDA_VISIBLE_DEVICES: [0]
[I 2023-12-16 09:19:47,911] Trial 1 finished with value: 70.926025390625 and parameters: {'gradient_clip_val': 0.1267363214747919, 'hidden_size': 32, 'dropout': 0.19408908399482683, 'hidden_continuous_size': 32, 'attention_head_size': 4, 'learning_rate': 0.0014923209482686662}. Best is trial 1 with value: 70.926025390625.
LOCAL_RANK: 0 - CUDA_VISIBLE_DEVICES: [0]
[I 2023-12-16 09:20:40,560] Trial 2 finished with value: 70.07688903808594 and parameters: {'gradient_clip_val': 0.3741258314468847, 'hidden_size': 57, 'dropout': 0.21348906061174214, 'hidden_continuous_size': 17, 'attention_head_size': 1, 'learning_rate': 0.0009599356504949133}. Best is trial 2 with value: 70.07688903808594.
LOCAL_RANK: 0 - CUDA_VISIBLE_DEVICES: [0]
[I 2023-12-16 09:21:27,740] Trial 3 finished with value: 76.24163818359375 and parameters: {'gradient_clip_val': 0.3154108873862553, 'hidden_size': 17, 'dropout': 0.36926333311175785, 'hidden_continuous_size': 10, 'attention_head_size': 3, 'learning_rate': 0.01606466582643617}. Best is trial 2 with value: 70.07688903808594.
LOCAL_RANK: 0 - CUDA_VISIBLE_DEVICES: [0]
[I 2023-12-16 09:22:13,397] Trial 4 finished with value: 58.5071907043457 and parameters: {'gradient_clip_val': 0.1833990474103446, 'hidden_size': 9, 'dropout': 0.2666502250045275, 'hidden_continuous_size': 6, 'attention_head_size': 4, 'learning_rate': 0.0028088602322831006}. Best is trial 4 with value: 58.5071907043457.
LOCAL_RANK: 0 - CUDA_VISIBLE_DEVICES: [0]
[I 2023-12-16 09:23:03,987] Trial 5 finished with value: 84.97618103027344 and parameters: {'gradient_clip_val': 0.8766620407612997, 'hidden_size': 37, 'dropout': 0.26880351645690126, 'hidden_continuous_size': 15, 'attention_head_size': 1, 'learning_rate': 0.029016167819835983}. Best is trial 4 with value: 58.5071907043457.
LOCAL_RANK: 0 - CUDA_VISIBLE_DEVICES: [0]
[I 2023-12-16 09:23:50,585] Trial 6 finished with value: 61.36042404174805 and parameters: {'gradient_clip_val': 0.18545851247522357, 'hidden_size': 18, 'dropout': 0.19263484401581316, 'hidden_continuous_size': 6, 'attention_head_size': 3, 'learning_rate': 0.0018800947906228655}. Best is trial 4 with value: 58.5071907043457.
LOCAL_RANK: 0 - CUDA_VISIBLE_DEVICES: [0]
[I 2023-12-16 09:24:35,613] Trial 7 finished with value: 67.89063262939453 and parameters: {'gradient_clip_val': 0.43473801812954244, 'hidden_size': 15, 'dropout': 0.2441205805861313, 'hidden_continuous_size': 7, 'attention_head_size': 1, 'learning_rate': 0.0014846100141905055}. Best is trial 4 with value: 58.5071907043457.
LOCAL_RANK: 0 - CUDA_VISIBLE_DEVICES: [0]
[I 2023-12-16 09:25:27,800] Trial 8 finished with value: 83.10570526123047 and parameters: {'gradient_clip_val': 0.6446415326396335, 'hidden_size': 44, 'dropout': 0.24140034104848027, 'hidden_continuous_size': 19, 'attention_head_size': 2, 'learning_rate': 0.01321929485088974}. Best is trial 4 with value: 58.5071907043457.
LOCAL_RANK: 0 - CUDA_VISIBLE_DEVICES: [0]
[I 2023-12-16 09:26:20,642] Trial 9 finished with value: 83.07714080810547 and parameters: {'gradient_clip_val': 0.9963435439701539, 'hidden_size': 46, 'dropout': 0.3802665077315944, 'hidden_continuous_size': 40, 'attention_head_size': 2, 'learning_rate': 0.02259366320101643}. Best is trial 4 with value: 58.5071907043457.
LOCAL_RANK: 0 - CUDA_VISIBLE_DEVICES: [0]
[I 2023-12-16 09:27:06,114] Trial 10 finished with value: 64.00394439697266 and parameters: {'gradient_clip_val': 0.1119653808742191, 'hidden_size': 6, 'dropout': 0.11716218560426528, 'hidden_continuous_size': 5, 'attention_head_size': 4, 'learning_rate': 0.0046440967208791996}. Best is trial 4 with value: 58.5071907043457.
LOCAL_RANK: 0 - CUDA_VISIBLE_DEVICES: [0]
[I 2023-12-16 09:27:51,343] Trial 11 finished with value: 76.49796295166016 and parameters: {'gradient_clip_val': 0.20309069450287653, 'hidden_size': 10, 'dropout': 0.17398657905541604, 'hidden_continuous_size': 5, 'attention_head_size': 3, 'learning_rate': 0.0732251750497354}. Best is trial 4 with value: 58.5071907043457.
LOCAL_RANK: 0 - CUDA_VISIBLE_DEVICES: [0]
[I 2023-12-16 09:28:37,623] Trial 12 finished with value: 76.2323989868164 and parameters: {'gradient_clip_val': 0.20370987748492675, 'hidden_size': 9, 'dropout': 0.31496777639465245, 'hidden_continuous_size': 6, 'attention_head_size': 3, 'learning_rate': 0.0005571194077304796}. Best is trial 4 with value: 58.5071907043457.
LOCAL_RANK: 0 - CUDA_VISIBLE_DEVICES: [0]
[I 2023-12-16 09:29:24,479] Trial 13 finished with value: 69.45213317871094 and parameters: {'gradient_clip_val': 0.14725604812774515, 'hidden_size': 20, 'dropout': 0.14551881844227005, 'hidden_continuous_size': 7, 'attention_head_size': 4, 'learning_rate': 0.002537222573689477}. Best is trial 4 with value: 58.5071907043457.
LOCAL_RANK: 0 - CUDA_VISIBLE_DEVICES: [0]
[I 2023-12-16 09:30:22,411] Trial 14 finished with value: 75.80492401123047 and parameters: {'gradient_clip_val': 0.24713096317075495, 'hidden_size': 89, 'dropout': 0.16660332990199295, 'hidden_continuous_size': 78, 'attention_head_size': 3, 'learning_rate': 0.0027356983025607047}. Best is trial 4 with value: 58.5071907043457.
LOCAL_RANK: 0 - CUDA_VISIBLE_DEVICES: [0]
[I 2023-12-16 09:30:55,958] Trial 15 finished with value: 63.9016227722168 and parameters: {'gradient_clip_val': 0.1532967672787222, 'hidden_size': 5, 'dropout': 0.21746224356915672, 'hidden_continuous_size': 5, 'attention_head_size': 2, 'learning_rate': 0.006482340969274144}. Best is trial 4 with value: 58.5071907043457.
LOCAL_RANK: 0 - CUDA_VISIBLE_DEVICES: [0]
[I 2023-12-16 09:31:45,127] Trial 16 finished with value: 72.51842498779297 and parameters: {'gradient_clip_val': 0.1038315875389929, 'hidden_size': 27, 'dropout': 0.3106413559742003, 'hidden_continuous_size': 8, 'attention_head_size': 4, 'learning_rate': 0.0005238453053745213}. Best is trial 4 with value: 58.5071907043457.
LOCAL_RANK: 0 - CUDA_VISIBLE_DEVICES: [0]
[I 2023-12-16 09:32:31,062] Trial 17 finished with value: 66.60120391845703 and parameters: {'gradient_clip_val': 0.2646639745471232, 'hidden_size': 11, 'dropout': 0.10316017967149049, 'hidden_continuous_size': 6, 'attention_head_size': 3, 'learning_rate': 0.0024206555191694764}. Best is trial 4 with value: 58.5071907043457.
LOCAL_RANK: 0 - CUDA_VISIBLE_DEVICES: [0]
[I 2023-12-16 09:33:19,824] Trial 18 finished with value: 74.30059051513672 and parameters: {'gradient_clip_val': 0.14921940999591488, 'hidden_size': 23, 'dropout': 0.2031155386326293, 'hidden_continuous_size': 8, 'attention_head_size': 4, 'learning_rate': 0.008623157441085112}. Best is trial 4 with value: 58.5071907043457.
LOCAL_RANK: 0 - CUDA_VISIBLE_DEVICES: [0]
[I 2023-12-16 09:34:05,504] Trial 19 finished with value: 73.13663482666016 and parameters: {'gradient_clip_val': 0.23625866372923934, 'hidden_size': 15, 'dropout': 0.1425343510044284, 'hidden_continuous_size': 6, 'attention_head_size': 3, 'learning_rate': 0.0011440061510443135}. Best is trial 4 with value: 58.5071907043457.
LOCAL_RANK: 0 - CUDA_VISIBLE_DEVICES: [0]
[I 2023-12-16 09:34:50,406] Trial 20 finished with value: 67.61307525634766 and parameters: {'gradient_clip_val': 0.17932031165426449, 'hidden_size': 7, 'dropout': 0.23526097315388378, 'hidden_continuous_size': 5, 'attention_head_size': 2, 'learning_rate': 0.003523084605270304}. Best is trial 4 with value: 58.5071907043457.
LOCAL_RANK: 0 - CUDA_VISIBLE_DEVICES: [0]
[I 2023-12-16 09:35:24,186] Trial 21 finished with value: 70.6453628540039 and parameters: {'gradient_clip_val': 0.14667275720113204, 'hidden_size': 5, 'dropout': 0.22121507763556728, 'hidden_continuous_size': 5, 'attention_head_size': 2, 'learning_rate': 0.006799766319848081}. Best is trial 4 with value: 58.5071907043457.
LOCAL_RANK: 0 - CUDA_VISIBLE_DEVICES: [0]
[I 2023-12-16 09:35:57,800] Trial 22 finished with value: 65.11702728271484 and parameters: {'gradient_clip_val': 0.10091097026190306, 'hidden_size': 5, 'dropout': 0.18463571819051558, 'hidden_continuous_size': 5, 'attention_head_size': 2, 'learning_rate': 0.006651321769418555}. Best is trial 4 with value: 58.5071907043457.
LOCAL_RANK: 0 - CUDA_VISIBLE_DEVICES: [0]
[I 2023-12-16 09:36:42,390] Trial 23 finished with value: 71.9689712524414 and parameters: {'gradient_clip_val': 0.1312219267551644, 'hidden_size': 7, 'dropout': 0.22424646083662367, 'hidden_continuous_size': 5, 'attention_head_size': 2, 'learning_rate': 0.0017122401997588894}. Best is trial 4 with value: 58.5071907043457.
LOCAL_RANK: 0 - CUDA_VISIBLE_DEVICES: [0]
[I 2023-12-16 09:37:26,442] Trial 24 finished with value: 64.86478424072266 and parameters: {'gradient_clip_val': 0.16736872908578626, 'hidden_size': 12, 'dropout': 0.2626795370552814, 'hidden_continuous_size': 6, 'attention_head_size': 3, 'learning_rate': 0.003926749859158885}. Best is trial 4 with value: 58.5071907043457.
LOCAL_RANK: 0 - CUDA_VISIBLE_DEVICES: [0]
[I 2023-12-16 09:38:10,179] Trial 25 finished with value: 71.0416259765625 and parameters: {'gradient_clip_val': 0.2021079060423662, 'hidden_size': 8, 'dropout': 0.1989169566564761, 'hidden_continuous_size': 5, 'attention_head_size': 2, 'learning_rate': 0.002146891850297527}. Best is trial 4 with value: 58.5071907043457.
LOCAL_RANK: 0 - CUDA_VISIBLE_DEVICES: [0]
[I 2023-12-16 09:38:53,948] Trial 26 finished with value: 70.80243682861328 and parameters: {'gradient_clip_val': 0.12283411584828038, 'hidden_size': 12, 'dropout': 0.21388774461018625, 'hidden_continuous_size': 6, 'attention_head_size': 3, 'learning_rate': 0.0032138704728965355}. Best is trial 4 with value: 58.5071907043457.
LOCAL_RANK: 0 - CUDA_VISIBLE_DEVICES: [0]
[I 2023-12-16 09:39:39,466] Trial 27 finished with value: 59.08272171020508 and parameters: {'gradient_clip_val': 0.16278882168470557, 'hidden_size': 6, 'dropout': 0.25220363312336563, 'hidden_continuous_size': 5, 'attention_head_size': 4, 'learning_rate': 0.005197275510464175}. Best is trial 4 with value: 58.5071907043457.
LOCAL_RANK: 0 - CUDA_VISIBLE_DEVICES: [0]
[I 2023-12-16 09:40:24,064] Trial 28 finished with value: 81.84909057617188 and parameters: {'gradient_clip_val': 0.28761065980541733, 'hidden_size': 8, 'dropout': 0.28903335637251004, 'hidden_continuous_size': 5, 'attention_head_size': 4, 'learning_rate': 0.000960509780212886}. Best is trial 4 with value: 58.5071907043457.
LOCAL_RANK: 0 - CUDA_VISIBLE_DEVICES: [0]
