[I 2023-12-26 18:07:50,780] Trial 20 finished with value: 2.572953462600708 and parameters: {'gradient_clip_val': 0.2654988450261694, 'hidden_size': 18, 'dropout': 0.4640099846783198, 'hidden_continuous_size': 7, 'attention_head_size': 2, 'learning_rate': 0.005325581147248869}. Best is trial 0 with value: 0.12637127935886383.
[I 2023-12-26 18:07:52,909] Trial 21 finished with value: 2.7341225147247314 and parameters: {'gradient_clip_val': 0.8457510477537633, 'hidden_size': 18, 'dropout': 0.27642513763357834, 'hidden_continuous_size': 9, 'attention_head_size': 2, 'learning_rate': 0.01002689605351765}. Best is trial 0 with value: 0.12637127935886383.
[I 2023-12-26 18:07:55,300] Trial 22 finished with value: 3.0476560592651367 and parameters: {'gradient_clip_val': 0.7250572805949627, 'hidden_size': 32, 'dropout': 0.2971253987036465, 'hidden_continuous_size': 10, 'attention_head_size': 2, 'learning_rate': 0.009864545367627394}. Best is trial 0 with value: 0.12637127935886383.
[I 2023-12-26 18:07:57,455] Trial 23 finished with value: 4.215416431427002 and parameters: {'gradient_clip_val': 0.6977680581922788, 'hidden_size': 18, 'dropout': 0.418740008290419, 'hidden_continuous_size': 10, 'attention_head_size': 2, 'learning_rate': 0.020426802867250193}. Best is trial 0 with value: 0.12637127935886383.
[I 2023-12-26 18:07:59,463] Trial 24 finished with value: 2.9927921295166016 and parameters: {'gradient_clip_val': 0.8264191248695144, 'hidden_size': 10, 'dropout': 0.37330030746046367, 'hidden_continuous_size': 6, 'attention_head_size': 1, 'learning_rate': 0.009508415541300792}. Best is trial 0 with value: 0.12637127935886383.
[I 2023-12-26 18:08:02,276] Trial 25 finished with value: 3.7887022495269775 and parameters: {'gradient_clip_val': 0.986857853714851, 'hidden_size': 31, 'dropout': 0.41929676879392885, 'hidden_continuous_size': 10, 'attention_head_size': 2, 'learning_rate': 0.006170217766842366}. Best is trial 0 with value: 0.12637127935886383.
[I 2023-12-26 18:08:04,188] Trial 26 finished with value: 3.199052095413208 and parameters: {'gradient_clip_val': 0.5692634493070167, 'hidden_size': 16, 'dropout': 0.4710497077415923, 'hidden_continuous_size': 7, 'attention_head_size': 1, 'learning_rate': 0.03826049746582652}. Best is trial 0 with value: 0.12637127935886383.
[I 2023-12-26 18:08:06,485] Trial 27 finished with value: 2.70723557472229 and parameters: {'gradient_clip_val': 0.42948230670986143, 'hidden_size': 23, 'dropout': 0.337105477673261, 'hidden_continuous_size': 8, 'attention_head_size': 2, 'learning_rate': 0.05612467483870769}. Best is trial 0 with value: 0.12637127935886383.
[I 2023-12-26 18:08:08,665] Trial 28 finished with value: 3.488502264022827 and parameters: {'gradient_clip_val': 0.6297514889800572, 'hidden_size': 15, 'dropout': 0.3624395297344424, 'hidden_continuous_size': 9, 'attention_head_size': 3, 'learning_rate': 0.024341830511345055}. Best is trial 0 with value: 0.12637127935886383.
[I 2023-12-26 18:08:10,710] Trial 29 finished with value: 3.0878403186798096 and parameters: {'gradient_clip_val': 0.28938876158808674, 'hidden_size': 11, 'dropout': 0.2667106181992874, 'hidden_continuous_size': 7, 'attention_head_size': 2, 'learning_rate': 0.004127741444170068}. Best is trial 0 with value: 0.12637127935886383.
[I 2023-12-26 18:08:12,558] Trial 30 finished with value: 3.0682342052459717 and parameters: {'gradient_clip_val': 0.7902285662992278, 'hidden_size': 8, 'dropout': 0.43698346405021726, 'hidden_continuous_size': 5, 'attention_head_size': 1, 'learning_rate': 0.00841805191956948}. Best is trial 0 with value: 0.12637127935886383.
[I 2023-12-26 18:08:21,706] Trial 31 finished with value: 2.6710665225982666 and parameters: {'gradient_clip_val': 0.2137148890032368, 'hidden_size': 145, 'dropout': 0.4751104130873897, 'hidden_continuous_size': 34, 'attention_head_size': 3, 'learning_rate': 0.014178166774305079}. Best is trial 0 with value: 0.12637127935886383.
[I 2023-12-26 18:08:27,411] Trial 32 finished with value: 2.966019868850708 and parameters: {'gradient_clip_val': 0.15848965340725776, 'hidden_size': 91, 'dropout': 0.49710403350946825, 'hidden_continuous_size': 11, 'attention_head_size': 4, 'learning_rate': 0.01291838083610314}. Best is trial 0 with value: 0.12637127935886383.
[I 2023-12-26 18:08:29,661] Trial 33 finished with value: 3.6527328491210938 and parameters: {'gradient_clip_val': 0.25591236883046264, 'hidden_size': 21, 'dropout': 0.4696732132384448, 'hidden_continuous_size': 5, 'attention_head_size': 3, 'learning_rate': 0.01228888373960033}. Best is trial 0 with value: 0.12637127935886383.
[I 2023-12-26 18:08:31,771] Trial 34 finished with value: 2.7850406169891357 and parameters: {'gradient_clip_val': 0.36308448286097794, 'hidden_size': 13, 'dropout': 0.42047980173239063, 'hidden_continuous_size': 5, 'attention_head_size': 4, 'learning_rate': 0.007709036302600561}. Best is trial 0 with value: 0.12637127935886383.
[I 2023-12-26 18:08:37,772] Trial 35 finished with value: 2.285832405090332 and parameters: {'gradient_clip_val': 0.5189260180808551, 'hidden_size': 97, 'dropout': 0.31923276947938944, 'hidden_continuous_size': 12, 'attention_head_size': 3, 'learning_rate': 0.020052381366938255}. Best is trial 0 with value: 0.12637127935886383.
[I 2023-12-26 18:08:40,274] Trial 36 finished with value: 3.1187541484832764 and parameters: {'gradient_clip_val': 0.6584640387219437, 'hidden_size': 29, 'dropout': 0.31606017332454156, 'hidden_continuous_size': 12, 'attention_head_size': 2, 'learning_rate': 0.0181389257997367}. Best is trial 0 with value: 0.12637127935886383.
[I 2023-12-26 18:08:43,727] Trial 37 finished with value: 3.4736900329589844 and parameters: {'gradient_clip_val': 0.5015271458039993, 'hidden_size': 49, 'dropout': 0.2603186935460571, 'hidden_continuous_size': 13, 'attention_head_size': 3, 'learning_rate': 0.03172549287310406}. Best is trial 0 with value: 0.12637127935886383.
[I 2023-12-26 18:08:46,629] Trial 38 finished with value: 3.9440479278564453 and parameters: {'gradient_clip_val': 0.6023043652383533, 'hidden_size': 39, 'dropout': 0.3499953224708854, 'hidden_continuous_size': 15, 'attention_head_size': 4, 'learning_rate': 0.0013685902889946763}. Best is trial 0 with value: 0.12637127935886383.
[I 2023-12-26 18:08:50,684] Trial 39 finished with value: 3.164950370788574 and parameters: {'gradient_clip_val': 0.7787196657808092, 'hidden_size': 63, 'dropout': 0.2322329478673663, 'hidden_continuous_size': 12, 'attention_head_size': 2, 'learning_rate': 0.017711715205584382}. Best is trial 0 with value: 0.12637127935886383.
[I 2023-12-26 18:08:57,189] Trial 40 finished with value: 3.0747554302215576 and parameters: {'gradient_clip_val': 0.5636615847214407, 'hidden_size': 103, 'dropout': 0.3136838215990774, 'hidden_continuous_size': 16, 'attention_head_size': 2, 'learning_rate': 0.012146274999432122}. Best is trial 0 with value: 0.12637127935886383.
[I 2023-12-26 18:09:01,433] Trial 41 finished with value: 2.6494522094726562 and parameters: {'gradient_clip_val': 0.2909591550048457, 'hidden_size': 72, 'dropout': 0.38657529161417964, 'hidden_continuous_size': 9, 'attention_head_size': 3, 'learning_rate': 0.016944019897869353}. Best is trial 0 with value: 0.12637127935886383.
[I 2023-12-26 18:09:07,167] Trial 42 finished with value: 2.7304794788360596 and parameters: {'gradient_clip_val': 0.22675687285658458, 'hidden_size': 91, 'dropout': 0.4427019743208359, 'hidden_continuous_size': 13, 'attention_head_size': 3, 'learning_rate': 0.024598376458385442}. Best is trial 0 with value: 0.12637127935886383.
[I 2023-12-26 18:09:14,863] Trial 43 finished with value: 2.8243730068206787 and parameters: {'gradient_clip_val': 0.893267536494697, 'hidden_size': 121, 'dropout': 0.4818134978510431, 'hidden_continuous_size': 20, 'attention_head_size': 3, 'learning_rate': 0.011220142243616569}. Best is trial 0 with value: 0.12637127935886383.
[I 2023-12-26 18:09:18,207] Trial 44 finished with value: 2.493114709854126 and parameters: {'gradient_clip_val': 0.8754437950809911, 'hidden_size': 54, 'dropout': 0.4567152102131469, 'hidden_continuous_size': 8, 'attention_head_size': 3, 'learning_rate': 0.015157456462845317}. Best is trial 0 with value: 0.12637127935886383.
[I 2023-12-26 18:09:20,622] Trial 45 finished with value: 3.2780370712280273 and parameters: {'gradient_clip_val': 0.8664334665727774, 'hidden_size': 26, 'dropout': 0.4000990088084204, 'hidden_continuous_size': 8, 'attention_head_size': 4, 'learning_rate': 0.00780741013020433}. Best is trial 0 with value: 0.12637127935886383.
[I 2023-12-26 18:09:24,012] Trial 46 finished with value: 2.388458251953125 and parameters: {'gradient_clip_val': 0.7708461357454462, 'hidden_size': 56, 'dropout': 0.45168373556071323, 'hidden_continuous_size': 11, 'attention_head_size': 3, 'learning_rate': 0.016105957422624117}. Best is trial 0 with value: 0.12637127935886383.
[I 2023-12-26 18:09:27,599] Trial 47 finished with value: 3.493459463119507 and parameters: {'gradient_clip_val': 0.9188392225564929, 'hidden_size': 58, 'dropout': 0.45095182762873587, 'hidden_continuous_size': 14, 'attention_head_size': 3, 'learning_rate': 0.015434745919423388}. Best is trial 0 with value: 0.12637127935886383.
[I 2023-12-26 18:09:30,988] Trial 48 finished with value: 2.721144676208496 and parameters: {'gradient_clip_val': 0.9901114251211787, 'hidden_size': 52, 'dropout': 0.49006988219405145, 'hidden_continuous_size': 11, 'attention_head_size': 3, 'learning_rate': 0.019756595031739852}. Best is trial 0 with value: 0.12637127935886383.
[I 2023-12-26 18:09:35,701] Trial 49 finished with value: 4.83603048324585 and parameters: {'gradient_clip_val': 0.780104956901013, 'hidden_size': 72, 'dropout': 0.4626375720950544, 'hidden_continuous_size': 16, 'attention_head_size': 3, 'learning_rate': 0.028356176330476508}. Best is trial 0 with value: 0.12637127935886383.
[I 2023-12-26 18:09:35,825] A new study created in memory with name: no-name-10e65091-3793-42a5-80a7-f6c86da61e37
/home/le004/conda/anaconda3/envs/tsff_env/lib/python3.9/site-packages/lightning/fabric/plugins/environments/slurm.py:191: The `srun` command is available on your system but is not used. HINT: If your intention is to run Lightning on SLURM, prepend your python command with `srun` like so: srun python /home/le004/master_thesis/git/TSFusionForecast/code/ ...
[I 2023-12-26 18:18:26,439] Trial 0 finished with value: 0.07815633714199066 and parameters: {'gradient_clip_val': 0.1433929926521794, 'hidden_size': 45, 'dropout': 0.21849629623262798, 'hidden_continuous_size': 27, 'attention_head_size': 4, 'learning_rate': 0.07101605992812961}. Best is trial 0 with value: 0.07815633714199066.
[I 2023-12-26 18:20:00,946] Trial 1 finished with value: 0.07835587114095688 and parameters: {'gradient_clip_val': 0.8809816542500122, 'hidden_size': 52, 'dropout': 0.2407104716225936, 'hidden_continuous_size': 5, 'attention_head_size': 1, 'learning_rate': 0.011469010424580506}. Best is trial 0 with value: 0.07815633714199066.
[I 2023-12-26 18:20:03,433] Trial 2 finished with value: 2.4504153728485107 and parameters: {'gradient_clip_val': 0.18776197326898825, 'hidden_size': 17, 'dropout': 0.26836938415880385, 'hidden_continuous_size': 8, 'attention_head_size': 4, 'learning_rate': 0.003202699905759201}. Best is trial 0 with value: 0.07815633714199066.
[I 2023-12-26 18:20:14,178] Trial 3 finished with value: 2.3086893558502197 and parameters: {'gradient_clip_val': 0.3976751776594692, 'hidden_size': 136, 'dropout': 0.1737311550566637, 'hidden_continuous_size': 62, 'attention_head_size': 2, 'learning_rate': 0.017363562454709863}. Best is trial 0 with value: 0.07815633714199066.
[I 2023-12-26 18:20:16,560] Trial 4 finished with value: 2.664076805114746 and parameters: {'gradient_clip_val': 0.16420627394330065, 'hidden_size': 11, 'dropout': 0.41010361123300576, 'hidden_continuous_size': 8, 'attention_head_size': 3, 'learning_rate': 0.05376319948021688}. Best is trial 0 with value: 0.07815633714199066.
[I 2023-12-26 18:20:18,945] Trial 5 finished with value: 2.4986696243286133 and parameters: {'gradient_clip_val': 0.6407490844027722, 'hidden_size': 13, 'dropout': 0.4963346898422164, 'hidden_continuous_size': 7, 'attention_head_size': 4, 'learning_rate': 0.0034549397936372134}. Best is trial 0 with value: 0.07815633714199066.
[I 2023-12-26 18:20:21,228] Trial 6 finished with value: 2.590564250946045 and parameters: {'gradient_clip_val': 0.33678238828502516, 'hidden_size': 9, 'dropout': 0.10522654508412206, 'hidden_continuous_size': 7, 'attention_head_size': 3, 'learning_rate': 0.0029457366701818536}. Best is trial 0 with value: 0.07815633714199066.
[I 2023-12-26 18:20:23,815] Trial 7 finished with value: 2.356210947036743 and parameters: {'gradient_clip_val': 0.10191236688750215, 'hidden_size': 16, 'dropout': 0.18306294306977655, 'hidden_continuous_size': 13, 'attention_head_size': 3, 'learning_rate': 0.000857113032375825}. Best is trial 0 with value: 0.07815633714199066.
[I 2023-12-26 18:20:26,839] Trial 8 finished with value: 2.850297212600708 and parameters: {'gradient_clip_val': 0.36106130228680167, 'hidden_size': 27, 'dropout': 0.405610772804577, 'hidden_continuous_size': 11, 'attention_head_size': 4, 'learning_rate': 0.021506325895324294}. Best is trial 0 with value: 0.07815633714199066.
[I 2023-12-26 18:20:33,850] Trial 9 finished with value: 1.830217957496643 and parameters: {'gradient_clip_val': 0.30089151709523393, 'hidden_size': 78, 'dropout': 0.3950858031105454, 'hidden_continuous_size': 5, 'attention_head_size': 3, 'learning_rate': 0.08620856139684178}. Best is trial 0 with value: 0.07815633714199066.
[I 2023-12-26 18:20:35,990] Trial 10 finished with value: 2.513026714324951 and parameters: {'gradient_clip_val': 0.10068156450947205, 'hidden_size': 6, 'dropout': 0.28593808339541504, 'hidden_continuous_size': 5, 'attention_head_size': 1, 'learning_rate': 0.042394718385936066}. Best is trial 0 with value: 0.07815633714199066.
[I 2023-12-26 18:20:39,673] Trial 11 finished with value: 2.3672034740448 and parameters: {'gradient_clip_val': 0.9886615359257951, 'hidden_size': 39, 'dropout': 0.23141258138690482, 'hidden_continuous_size': 21, 'attention_head_size': 1, 'learning_rate': 0.011660742714867754}. Best is trial 0 with value: 0.07815633714199066.
[I 2023-12-26 18:20:43,728] Trial 12 finished with value: 2.681002378463745 and parameters: {'gradient_clip_val': 0.9964067460261595, 'hidden_size': 48, 'dropout': 0.22553363406291632, 'hidden_continuous_size': 21, 'attention_head_size': 2, 'learning_rate': 0.0851935085186967}. Best is trial 0 with value: 0.07815633714199066.
[I 2023-12-26 18:20:48,921] Trial 13 finished with value: 2.8714873790740967 and parameters: {'gradient_clip_val': 0.5761715573743023, 'hidden_size': 60, 'dropout': 0.3229153792012798, 'hidden_continuous_size': 26, 'attention_head_size': 2, 'learning_rate': 0.0303280460653636}. Best is trial 0 with value: 0.07815633714199066.
[I 2023-12-26 18:20:52,035] Trial 14 finished with value: 2.5463168621063232 and parameters: {'gradient_clip_val': 0.22634895746863729, 'hidden_size': 29, 'dropout': 0.13500243460166028, 'hidden_continuous_size': 5, 'attention_head_size': 1, 'learning_rate': 0.009955184086831161}. Best is trial 0 with value: 0.07815633714199066.
[I 2023-12-26 18:20:58,819] Trial 15 finished with value: 2.383110523223877 and parameters: {'gradient_clip_val': 0.14104731699226772, 'hidden_size': 85, 'dropout': 0.20239278778460948, 'hidden_continuous_size': 30, 'attention_head_size': 2, 'learning_rate': 0.03291526522972885}. Best is trial 0 with value: 0.07815633714199066.
[I 2023-12-26 18:21:02,606] Trial 16 finished with value: 2.585247278213501 and parameters: {'gradient_clip_val': 0.25969618391170746, 'hidden_size': 44, 'dropout': 0.1534067942199475, 'hidden_continuous_size': 16, 'attention_head_size': 1, 'learning_rate': 0.006977002969226513}. Best is trial 0 with value: 0.07815633714199066.
[I 2023-12-26 18:21:05,952] Trial 17 finished with value: 2.213048219680786 and parameters: {'gradient_clip_val': 0.4628126107336794, 'hidden_size': 31, 'dropout': 0.238352376727582, 'hidden_continuous_size': 10, 'attention_head_size': 4, 'learning_rate': 0.05989029098871423}. Best is trial 0 with value: 0.07815633714199066.
[I 2023-12-26 18:21:08,659] Trial 18 finished with value: 3.049151659011841 and parameters: {'gradient_clip_val': 0.2218910034624529, 'hidden_size': 22, 'dropout': 0.3187236207857645, 'hidden_continuous_size': 6, 'attention_head_size': 3, 'learning_rate': 0.09441613272484373}. Best is trial 0 with value: 0.07815633714199066.
[I 2023-12-26 18:21:14,041] Trial 19 finished with value: 3.5724704265594482 and parameters: {'gradient_clip_val': 0.2672567951138139, 'hidden_size': 60, 'dropout': 0.19429442738552183, 'hidden_continuous_size': 14, 'attention_head_size': 2, 'learning_rate': 0.02193677487834127}. Best is trial 0 with value: 0.07815633714199066.
[I 2023-12-26 18:21:25,492] Trial 20 finished with value: 1.7116156816482544 and parameters: {'gradient_clip_val': 0.7356691265779748, 'hidden_size': 147, 'dropout': 0.26184511915071634, 'hidden_continuous_size': 38, 'attention_head_size': 4, 'learning_rate': 0.04779914139392327}. Best is trial 0 with value: 0.07815633714199066.
[I 2023-12-26 18:21:36,245] Trial 21 finished with value: 2.4753856658935547 and parameters: {'gradient_clip_val': 0.7535601068464001, 'hidden_size': 137, 'dropout': 0.2538844623264444, 'hidden_continuous_size': 39, 'attention_head_size': 4, 'learning_rate': 0.04203405678186878}. Best is trial 0 with value: 0.07815633714199066.
[I 2023-12-26 18:21:44,534] Trial 22 finished with value: 2.481755018234253 and parameters: {'gradient_clip_val': 0.4807034613820068, 'hidden_size': 99, 'dropout': 0.28240612724251246, 'hidden_continuous_size': 42, 'attention_head_size': 4, 'learning_rate': 0.05350450741311056}. Best is trial 0 with value: 0.07815633714199066.
[I 2023-12-26 18:21:52,955] Trial 23 finished with value: 1.704585075378418 and parameters: {'gradient_clip_val': 0.782956288849641, 'hidden_size': 100, 'dropout': 0.21679355466380074, 'hidden_continuous_size': 65, 'attention_head_size': 4, 'learning_rate': 0.027234542855657417}. Best is trial 0 with value: 0.07815633714199066.
[I 2023-12-26 18:21:58,194] Trial 24 finished with value: 3.41430926322937 and parameters: {'gradient_clip_val': 0.8115532469499417, 'hidden_size': 57, 'dropout': 0.2253217629316508, 'hidden_continuous_size': 54, 'attention_head_size': 3, 'learning_rate': 0.027991209409287527}. Best is trial 0 with value: 0.07815633714199066.
[I 2023-12-26 18:22:01,769] Trial 25 finished with value: 2.2405378818511963 and parameters: {'gradient_clip_val': 0.5883743242235376, 'hidden_size': 36, 'dropout': 0.1552978757080542, 'hidden_continuous_size': 16, 'attention_head_size': 4, 'learning_rate': 0.01676991421842567}. Best is trial 0 with value: 0.07815633714199066.
[I 2023-12-26 18:22:08,314] Trial 26 finished with value: 2.1343183517456055 and parameters: {'gradient_clip_val': 0.4771561605284699, 'hidden_size': 73, 'dropout': 0.19910464577882483, 'hidden_continuous_size': 72, 'attention_head_size': 3, 'learning_rate': 0.03156298854519744}. Best is trial 0 with value: 0.07815633714199066.
[I 2023-12-26 18:22:12,540] Trial 27 finished with value: 2.5905380249023438 and parameters: {'gradient_clip_val': 0.8330906566636914, 'hidden_size': 47, 'dropout': 0.21262114914703453, 'hidden_continuous_size': 29, 'attention_head_size': 1, 'learning_rate': 0.06776579782186454}. Best is trial 0 with value: 0.07815633714199066.
[I 2023-12-26 18:22:21,219] Trial 28 finished with value: 1.7026153802871704 and parameters: {'gradient_clip_val': 0.6548999296884525, 'hidden_size': 101, 'dropout': 0.17598087304630014, 'hidden_continuous_size': 76, 'attention_head_size': 4, 'learning_rate': 0.09807910555980556}. Best is trial 0 with value: 0.07815633714199066.
[I 2023-12-26 18:22:23,885] Trial 29 finished with value: 3.685753583908081 and parameters: {'gradient_clip_val': 0.6426710006505555, 'hidden_size': 20, 'dropout': 0.10418880325644152, 'hidden_continuous_size': 9, 'attention_head_size': 4, 'learning_rate': 0.0941950485114019}. Best is trial 0 with value: 0.07815633714199066.
[I 2023-12-26 18:22:29,177] Trial 30 finished with value: 2.2713825702667236 and parameters: {'gradient_clip_val': 0.398288726643151, 'hidden_size': 64, 'dropout': 0.17461364314990366, 'hidden_continuous_size': 47, 'attention_head_size': 2, 'learning_rate': 0.07351145175700335}. Best is trial 0 with value: 0.07815633714199066.
[I 2023-12-26 18:22:39,381] Trial 31 finished with value: 2.2417986392974854 and parameters: {'gradient_clip_val': 0.9141206400311953, 'hidden_size': 113, 'dropout': 0.25168485033063337, 'hidden_continuous_size': 101, 'attention_head_size': 4, 'learning_rate': 0.06274138628271884}. Best is trial 0 with value: 0.07815633714199066.
[I 2023-12-26 18:22:48,199] Trial 32 finished with value: 1.8093827962875366 and parameters: {'gradient_clip_val': 0.711342768459334, 'hidden_size': 102, 'dropout': 0.20908051126549634, 'hidden_continuous_size': 71, 'attention_head_size': 4, 'learning_rate': 0.04190663742401711}. Best is trial 0 with value: 0.07815633714199066.
[I 2023-12-26 18:22:58,352] Trial 33 finished with value: 1.5213640928268433 and parameters: {'gradient_clip_val': 0.8367650027762094, 'hidden_size': 113, 'dropout': 0.1688577127911967, 'hidden_continuous_size': 110, 'attention_head_size': 4, 'learning_rate': 0.06527629679236688}. Best is trial 0 with value: 0.07815633714199066.
[I 2023-12-26 18:23:09,120] Trial 34 finished with value: 2.0309455394744873 and parameters: {'gradient_clip_val': 0.877859316414688, 'hidden_size': 119, 'dropout': 0.1465053427177258, 'hidden_continuous_size': 117, 'attention_head_size': 3, 'learning_rate': 0.09999234659054537}. Best is trial 0 with value: 0.07815633714199066.
