[I 2023-12-26 11:51:03,110] Trial 28 finished with value: 4.4093146324157715 and parameters: {'gradient_clip_val': 0.24932374085682604, 'hidden_size': 12, 'dropout': 0.49815064994265484, 'hidden_continuous_size': 6, 'attention_head_size': 1, 'learning_rate': 0.0007843831172197462}. Best is trial 0 with value: 0.06302960962057114.
[I 2023-12-26 11:51:05,376] Trial 29 finished with value: 3.9979989528656006 and parameters: {'gradient_clip_val': 0.3466439505031008, 'hidden_size': 23, 'dropout': 0.43856975225185535, 'hidden_continuous_size': 9, 'attention_head_size': 1, 'learning_rate': 0.008080755536909323}. Best is trial 0 with value: 0.06302960962057114.
[I 2023-12-26 11:51:07,361] Trial 30 finished with value: 3.601536512374878 and parameters: {'gradient_clip_val': 0.20828116546469372, 'hidden_size': 16, 'dropout': 0.4732693195635117, 'hidden_continuous_size': 7, 'attention_head_size': 1, 'learning_rate': 0.0007342083018744611}. Best is trial 0 with value: 0.06302960962057114.
[I 2023-12-26 11:51:09,315] Trial 31 finished with value: 4.6084136962890625 and parameters: {'gradient_clip_val': 0.1326360145793425, 'hidden_size': 7, 'dropout': 0.4214785381800032, 'hidden_continuous_size': 5, 'attention_head_size': 1, 'learning_rate': 0.0010659944901907133}. Best is trial 0 with value: 0.06302960962057114.
[I 2023-12-26 11:51:11,425] Trial 32 finished with value: 4.263936519622803 and parameters: {'gradient_clip_val': 0.1881031210660477, 'hidden_size': 9, 'dropout': 0.384055757251862, 'hidden_continuous_size': 6, 'attention_head_size': 2, 'learning_rate': 0.0012532297632881332}. Best is trial 0 with value: 0.06302960962057114.
[I 2023-12-26 11:51:13,649] Trial 33 finished with value: 3.554607391357422 and parameters: {'gradient_clip_val': 0.2579556039975589, 'hidden_size': 11, 'dropout': 0.4071746736836261, 'hidden_continuous_size': 8, 'attention_head_size': 4, 'learning_rate': 0.0006816350134653161}. Best is trial 0 with value: 0.06302960962057114.
[I 2023-12-26 11:51:15,917] Trial 34 finished with value: 3.98580265045166 and parameters: {'gradient_clip_val': 0.18703897781866807, 'hidden_size': 14, 'dropout': 0.44633038182652784, 'hidden_continuous_size': 9, 'attention_head_size': 2, 'learning_rate': 0.0006053651665997428}. Best is trial 0 with value: 0.06302960962057114.
[I 2023-12-26 11:51:17,761] Trial 35 finished with value: 4.248830318450928 and parameters: {'gradient_clip_val': 0.3047626177279522, 'hidden_size': 8, 'dropout': 0.3363329582082459, 'hidden_continuous_size': 5, 'attention_head_size': 1, 'learning_rate': 0.0006946135029232388}. Best is trial 0 with value: 0.06302960962057114.
[I 2023-12-26 11:51:19,716] Trial 36 finished with value: 3.394313097000122 and parameters: {'gradient_clip_val': 0.22432640900554707, 'hidden_size': 16, 'dropout': 0.38003039907358704, 'hidden_continuous_size': 7, 'attention_head_size': 4, 'learning_rate': 0.0018148337542197644}. Best is trial 0 with value: 0.06302960962057114.
[I 2023-12-26 11:51:21,748] Trial 37 finished with value: 4.5792012214660645 and parameters: {'gradient_clip_val': 0.16857033806259336, 'hidden_size': 13, 'dropout': 0.3645684065674683, 'hidden_continuous_size': 9, 'attention_head_size': 2, 'learning_rate': 0.0010653993904154576}. Best is trial 0 with value: 0.06302960962057114.
[I 2023-12-26 11:51:23,622] Trial 38 finished with value: 5.026614665985107 and parameters: {'gradient_clip_val': 0.2708006662336686, 'hidden_size': 6, 'dropout': 0.4297071722070617, 'hidden_continuous_size': 5, 'attention_head_size': 3, 'learning_rate': 0.0005871575192371036}. Best is trial 0 with value: 0.06302960962057114.
[I 2023-12-26 11:51:25,904] Trial 39 finished with value: 4.149829864501953 and parameters: {'gradient_clip_val': 0.23846701829834888, 'hidden_size': 14, 'dropout': 0.2824436076230642, 'hidden_continuous_size': 11, 'attention_head_size': 1, 'learning_rate': 0.0012607999987264103}. Best is trial 0 with value: 0.06302960962057114.
[I 2023-12-26 11:51:28,064] Trial 40 finished with value: 3.6312763690948486 and parameters: {'gradient_clip_val': 0.19710645913602676, 'hidden_size': 19, 'dropout': 0.40320679305400137, 'hidden_continuous_size': 14, 'attention_head_size': 3, 'learning_rate': 0.000848464517664945}. Best is trial 0 with value: 0.06302960962057114.
[I 2023-12-26 11:51:30,189] Trial 41 finished with value: 3.9574592113494873 and parameters: {'gradient_clip_val': 0.3701121164928269, 'hidden_size': 24, 'dropout': 0.403548553511443, 'hidden_continuous_size': 13, 'attention_head_size': 1, 'learning_rate': 0.0005285649239182506}. Best is trial 0 with value: 0.06302960962057114.
[I 2023-12-26 11:51:32,575] Trial 42 finished with value: 3.6049153804779053 and parameters: {'gradient_clip_val': 0.3945176761621231, 'hidden_size': 27, 'dropout': 0.38716422276212065, 'hidden_continuous_size': 16, 'attention_head_size': 1, 'learning_rate': 0.000678413944730588}. Best is trial 0 with value: 0.06302960962057114.
[I 2023-12-26 11:51:34,642] Trial 43 finished with value: 4.229991436004639 and parameters: {'gradient_clip_val': 0.3086183657375654, 'hidden_size': 20, 'dropout': 0.42551817929044233, 'hidden_continuous_size': 10, 'attention_head_size': 1, 'learning_rate': 0.000563265117209531}. Best is trial 0 with value: 0.06302960962057114.
[I 2023-12-26 11:51:36,828] Trial 44 finished with value: 3.4084250926971436 and parameters: {'gradient_clip_val': 0.43108322146876293, 'hidden_size': 15, 'dropout': 0.4533912652635977, 'hidden_continuous_size': 8, 'attention_head_size': 1, 'learning_rate': 0.0009649517790084843}. Best is trial 0 with value: 0.06302960962057114.
[I 2023-12-26 11:51:38,968] Trial 45 finished with value: 4.062934398651123 and parameters: {'gradient_clip_val': 0.36775393005058143, 'hidden_size': 11, 'dropout': 0.3537160970907298, 'hidden_continuous_size': 7, 'attention_head_size': 2, 'learning_rate': 0.0013056403363999843}. Best is trial 0 with value: 0.06302960962057114.
[I 2023-12-26 11:51:41,373] Trial 46 finished with value: 4.395051956176758 and parameters: {'gradient_clip_val': 0.46357032124918257, 'hidden_size': 18, 'dropout': 0.3943804549055516, 'hidden_continuous_size': 10, 'attention_head_size': 1, 'learning_rate': 0.0005308247816372246}. Best is trial 0 with value: 0.06302960962057114.
[I 2023-12-26 11:51:43,894] Trial 47 finished with value: 3.268237352371216 and parameters: {'gradient_clip_val': 0.28068212383873276, 'hidden_size': 23, 'dropout': 0.4191530534869095, 'hidden_continuous_size': 11, 'attention_head_size': 1, 'learning_rate': 0.0007701563804372217}. Best is trial 0 with value: 0.06302960962057114.
[I 2023-12-26 11:51:46,442] Trial 48 finished with value: 3.2285537719726562 and parameters: {'gradient_clip_val': 0.22259255285162122, 'hidden_size': 32, 'dropout': 0.32668362658026817, 'hidden_continuous_size': 16, 'attention_head_size': 2, 'learning_rate': 0.0017091961197279147}. Best is trial 0 with value: 0.06302960962057114.
[I 2023-12-26 11:51:48,517] Trial 49 finished with value: 3.480665922164917 and parameters: {'gradient_clip_val': 0.3334310185923906, 'hidden_size': 12, 'dropout': 0.3058472227681861, 'hidden_continuous_size': 8, 'attention_head_size': 3, 'learning_rate': 0.0010817446208655674}. Best is trial 0 with value: 0.06302960962057114.
[I 2023-12-26 11:51:48,654] A new study created in memory with name: no-name-693ce044-23b1-4635-a6dd-0d835f35f3bd
/home/le004/conda/anaconda3/envs/tsff_env/lib/python3.9/site-packages/lightning/fabric/plugins/environments/slurm.py:191: The `srun` command is available on your system but is not used. HINT: If your intention is to run Lightning on SLURM, prepend your python command with `srun` like so: srun python /home/le004/master_thesis/git/TSFusionForecast/code/ ...
[I 2023-12-26 11:56:25,854] Trial 0 finished with value: 0.0523974746465683 and parameters: {'gradient_clip_val': 0.3801700224047396, 'hidden_size': 10, 'dropout': 0.4975831783545812, 'hidden_continuous_size': 5, 'attention_head_size': 4, 'learning_rate': 0.010317814230833123}. Best is trial 0 with value: 0.0523974746465683.
[I 2023-12-26 11:57:24,530] Trial 1 finished with value: 0.10156329721212387 and parameters: {'gradient_clip_val': 0.307040534209709, 'hidden_size': 67, 'dropout': 0.2795852779603259, 'hidden_continuous_size': 16, 'attention_head_size': 2, 'learning_rate': 0.0094095445674548}. Best is trial 0 with value: 0.0523974746465683.
[I 2023-12-26 11:57:33,897] Trial 2 finished with value: 2.593083143234253 and parameters: {'gradient_clip_val': 0.14032092878305036, 'hidden_size': 120, 'dropout': 0.4187810015647371, 'hidden_continuous_size': 8, 'attention_head_size': 1, 'learning_rate': 0.07293341731848584}. Best is trial 0 with value: 0.0523974746465683.
[I 2023-12-26 11:57:36,595] Trial 3 finished with value: 3.7773797512054443 and parameters: {'gradient_clip_val': 0.8370287721434554, 'hidden_size': 24, 'dropout': 0.23629538778572412, 'hidden_continuous_size': 8, 'attention_head_size': 2, 'learning_rate': 0.08772863630550443}. Best is trial 0 with value: 0.0523974746465683.
[I 2023-12-26 11:57:46,923] Trial 4 finished with value: 3.6245791912078857 and parameters: {'gradient_clip_val': 0.208365918038594, 'hidden_size': 112, 'dropout': 0.40166048546630717, 'hidden_continuous_size': 99, 'attention_head_size': 3, 'learning_rate': 0.0030169977403287154}. Best is trial 0 with value: 0.0523974746465683.
[I 2023-12-26 11:57:50,465] Trial 5 finished with value: 2.963624954223633 and parameters: {'gradient_clip_val': 0.5283262634845269, 'hidden_size': 39, 'dropout': 0.12453996239738019, 'hidden_continuous_size': 6, 'attention_head_size': 3, 'learning_rate': 0.0007465319393623884}. Best is trial 0 with value: 0.0523974746465683.
[I 2023-12-26 11:57:52,549] Trial 6 finished with value: 4.163819789886475 and parameters: {'gradient_clip_val': 0.10064846966146303, 'hidden_size': 5, 'dropout': 0.3545639609875104, 'hidden_continuous_size': 5, 'attention_head_size': 2, 'learning_rate': 0.00344513406250782}. Best is trial 0 with value: 0.0523974746465683.
[I 2023-12-26 11:57:54,989] Trial 7 finished with value: 2.9031407833099365 and parameters: {'gradient_clip_val': 0.6884389705933645, 'hidden_size': 11, 'dropout': 0.22391983238905913, 'hidden_continuous_size': 6, 'attention_head_size': 4, 'learning_rate': 0.0015238868008737904}. Best is trial 0 with value: 0.0523974746465683.
[I 2023-12-26 11:57:58,043] Trial 8 finished with value: 2.966404676437378 and parameters: {'gradient_clip_val': 0.5666108221141356, 'hidden_size': 28, 'dropout': 0.40958033321151543, 'hidden_continuous_size': 19, 'attention_head_size': 3, 'learning_rate': 0.0024407572167710334}. Best is trial 0 with value: 0.0523974746465683.
[I 2023-12-26 11:58:03,350] Trial 9 finished with value: 3.9401161670684814 and parameters: {'gradient_clip_val': 0.5688191480582351, 'hidden_size': 64, 'dropout': 0.13819284845047114, 'hidden_continuous_size': 19, 'attention_head_size': 2, 'learning_rate': 0.07402585446740859}. Best is trial 0 with value: 0.0523974746465683.
[I 2023-12-26 11:58:06,153] Trial 10 finished with value: 4.9018168449401855 and parameters: {'gradient_clip_val': 0.36842117573322886, 'hidden_size': 12, 'dropout': 0.48844942642864, 'hidden_continuous_size': 5, 'attention_head_size': 4, 'learning_rate': 0.01398999403307572}. Best is trial 0 with value: 0.0523974746465683.
[I 2023-12-26 11:58:11,451] Trial 11 finished with value: 3.3132636547088623 and parameters: {'gradient_clip_val': 0.30857266060224203, 'hidden_size': 61, 'dropout': 0.303446256921457, 'hidden_continuous_size': 12, 'attention_head_size': 1, 'learning_rate': 0.010815061594920218}. Best is trial 0 with value: 0.0523974746465683.
[I 2023-12-26 11:58:13,945] Trial 12 finished with value: 2.5868637561798096 and parameters: {'gradient_clip_val': 0.32176547008088957, 'hidden_size': 14, 'dropout': 0.4952231350923163, 'hidden_continuous_size': 5, 'attention_head_size': 4, 'learning_rate': 0.018662250100056555}. Best is trial 0 with value: 0.0523974746465683.
[I 2023-12-26 11:58:16,226] Trial 13 finished with value: 3.1050491333007812 and parameters: {'gradient_clip_val': 0.25007145126978747, 'hidden_size': 7, 'dropout': 0.317188538973084, 'hidden_continuous_size': 5, 'attention_head_size': 2, 'learning_rate': 0.006687334829080648}. Best is trial 0 with value: 0.0523974746465683.
[I 2023-12-26 11:58:18,897] Trial 14 finished with value: 4.022350788116455 and parameters: {'gradient_clip_val': 0.41279645956635963, 'hidden_size': 19, 'dropout': 0.25621682483451264, 'hidden_continuous_size': 10, 'attention_head_size': 3, 'learning_rate': 0.026464314803102105}. Best is trial 0 with value: 0.0523974746465683.
[I 2023-12-26 11:58:22,806] Trial 15 finished with value: 3.1249094009399414 and parameters: {'gradient_clip_val': 0.22310235016497865, 'hidden_size': 41, 'dropout': 0.3564869324096058, 'hidden_continuous_size': 19, 'attention_head_size': 1, 'learning_rate': 0.006778320240842986}. Best is trial 0 with value: 0.0523974746465683.
[I 2023-12-26 11:58:25,169] Trial 16 finished with value: 3.915773391723633 and parameters: {'gradient_clip_val': 0.43775481833892016, 'hidden_size': 9, 'dropout': 0.4544132414052987, 'hidden_continuous_size': 5, 'attention_head_size': 4, 'learning_rate': 0.03074719900911851}. Best is trial 0 with value: 0.0523974746465683.
[I 2023-12-26 11:58:27,713] Trial 17 finished with value: 3.2004499435424805 and parameters: {'gradient_clip_val': 0.2974992007914794, 'hidden_size': 17, 'dropout': 0.27543276590898874, 'hidden_continuous_size': 6, 'attention_head_size': 3, 'learning_rate': 0.00642842558968045}. Best is trial 0 with value: 0.0523974746465683.
[I 2023-12-26 11:58:29,780] Trial 18 finished with value: 2.669057846069336 and parameters: {'gradient_clip_val': 0.9916608956040419, 'hidden_size': 5, 'dropout': 0.19658697008919918, 'hidden_continuous_size': 5, 'attention_head_size': 2, 'learning_rate': 0.009097017861195782}. Best is trial 0 with value: 0.0523974746465683.
[I 2023-12-26 11:58:31,994] Trial 19 finished with value: 3.466014862060547 and parameters: {'gradient_clip_val': 0.4293568512379621, 'hidden_size': 8, 'dropout': 0.34492826699903434, 'hidden_continuous_size': 5, 'attention_head_size': 1, 'learning_rate': 0.03702242134639676}. Best is trial 0 with value: 0.0523974746465683.
[I 2023-12-26 11:58:34,410] Trial 20 finished with value: 4.297757625579834 and parameters: {'gradient_clip_val': 0.1803955179889003, 'hidden_size': 16, 'dropout': 0.2938820295712342, 'hidden_continuous_size': 7, 'attention_head_size': 4, 'learning_rate': 0.014571832330375407}. Best is trial 0 with value: 0.0523974746465683.
[I 2023-12-26 11:58:36,990] Trial 21 finished with value: 3.3184947967529297 and parameters: {'gradient_clip_val': 0.32502969891214095, 'hidden_size': 13, 'dropout': 0.4879613917254862, 'hidden_continuous_size': 6, 'attention_head_size': 4, 'learning_rate': 0.018791863493740565}. Best is trial 0 with value: 0.0523974746465683.
[I 2023-12-26 11:58:39,945] Trial 22 finished with value: 4.2679877281188965 and parameters: {'gradient_clip_val': 0.2814037937038677, 'hidden_size': 14, 'dropout': 0.4908001423205394, 'hidden_continuous_size': 6, 'attention_head_size': 4, 'learning_rate': 0.021726229766091315}. Best is trial 0 with value: 0.0523974746465683.
[I 2023-12-26 11:58:42,796] Trial 23 finished with value: 3.4325878620147705 and parameters: {'gradient_clip_val': 0.35273631959317714, 'hidden_size': 23, 'dropout': 0.4400805193423949, 'hidden_continuous_size': 7, 'attention_head_size': 3, 'learning_rate': 0.01197043038574057}. Best is trial 0 with value: 0.0523974746465683.
[I 2023-12-26 11:58:45,259] Trial 24 finished with value: 2.267340898513794 and parameters: {'gradient_clip_val': 0.2503674981796095, 'hidden_size': 10, 'dropout': 0.45774184163647347, 'hidden_continuous_size': 5, 'attention_head_size': 4, 'learning_rate': 0.0045441205969984876}. Best is trial 0 with value: 0.0523974746465683.
[I 2023-12-26 11:58:47,687] Trial 25 finished with value: 3.084017515182495 and parameters: {'gradient_clip_val': 0.24075887856478909, 'hidden_size': 10, 'dropout': 0.45280321839661786, 'hidden_continuous_size': 5, 'attention_head_size': 3, 'learning_rate': 0.005473644475472799}. Best is trial 0 with value: 0.0523974746465683.
[I 2023-12-26 11:58:49,937] Trial 26 finished with value: 2.4959514141082764 and parameters: {'gradient_clip_val': 0.26493330072301063, 'hidden_size': 6, 'dropout': 0.3888584786059313, 'hidden_continuous_size': 5, 'attention_head_size': 2, 'learning_rate': 0.0045671553539176355}. Best is trial 0 with value: 0.0523974746465683.
[I 2023-12-26 11:58:52,297] Trial 27 finished with value: 4.024488925933838 and parameters: {'gradient_clip_val': 0.2021283005089776, 'hidden_size': 7, 'dropout': 0.45749466886029605, 'hidden_continuous_size': 5, 'attention_head_size': 4, 'learning_rate': 0.008455189795240172}. Best is trial 0 with value: 0.0523974746465683.
[I 2023-12-26 11:58:54,707] Trial 28 finished with value: 2.9533374309539795 and parameters: {'gradient_clip_val': 0.39160535161541704, 'hidden_size': 9, 'dropout': 0.38460491942705993, 'hidden_continuous_size': 6, 'attention_head_size': 3, 'learning_rate': 0.004497922392846002}. Best is trial 0 with value: 0.0523974746465683.
[I 2023-12-26 11:59:04,911] Trial 29 finished with value: 2.065865993499756 and parameters: {'gradient_clip_val': 0.17191143815524404, 'hidden_size': 127, 'dropout': 0.3288567247680878, 'hidden_continuous_size': 10, 'attention_head_size': 1, 'learning_rate': 0.04055343462645474}. Best is trial 0 with value: 0.0523974746465683.
[I 2023-12-26 11:59:16,162] Trial 30 finished with value: 2.8813581466674805 and parameters: {'gradient_clip_val': 0.16694446625102746, 'hidden_size': 146, 'dropout': 0.32569706501451123, 'hidden_continuous_size': 10, 'attention_head_size': 1, 'learning_rate': 0.04106302093319879}. Best is trial 0 with value: 0.0523974746465683.
[I 2023-12-26 11:59:24,293] Trial 31 finished with value: 2.172504186630249 and parameters: {'gradient_clip_val': 0.26167849759558637, 'hidden_size': 104, 'dropout': 0.42897719077508445, 'hidden_continuous_size': 13, 'attention_head_size': 1, 'learning_rate': 0.049336312704332544}. Best is trial 0 with value: 0.0523974746465683.
[I 2023-12-26 11:59:31,944] Trial 32 finished with value: 2.2845208644866943 and parameters: {'gradient_clip_val': 0.15919215055149694, 'hidden_size': 96, 'dropout': 0.4305746415806625, 'hidden_continuous_size': 14, 'attention_head_size': 1, 'learning_rate': 0.055503702398408274}. Best is trial 0 with value: 0.0523974746465683.
[I 2023-12-26 11:59:40,176] Trial 33 finished with value: 2.2107932567596436 and parameters: {'gradient_clip_val': 0.20370565625171286, 'hidden_size': 95, 'dropout': 0.380239760936263, 'hidden_continuous_size': 14, 'attention_head_size': 1, 'learning_rate': 0.09195186441065079}. Best is trial 0 with value: 0.0523974746465683.
[I 2023-12-26 11:59:51,266] Trial 34 finished with value: 2.167952060699463 and parameters: {'gradient_clip_val': 0.14348401454938328, 'hidden_size': 146, 'dropout': 0.4001236433755654, 'hidden_continuous_size': 9, 'attention_head_size': 1, 'learning_rate': 0.04121193066422247}. Best is trial 0 with value: 0.0523974746465683.
[I 2023-12-26 12:00:01,964] Trial 35 finished with value: 2.2378525733947754 and parameters: {'gradient_clip_val': 0.13515555613499605, 'hidden_size': 141, 'dropout': 0.4057796325815235, 'hidden_continuous_size': 9, 'attention_head_size': 2, 'learning_rate': 0.05754421694982462}. Best is trial 0 with value: 0.0523974746465683.
[I 2023-12-26 12:00:11,950] Trial 36 finished with value: 2.0268313884735107 and parameters: {'gradient_clip_val': 0.1252380689015078, 'hidden_size': 125, 'dropout': 0.3354081620363866, 'hidden_continuous_size': 8, 'attention_head_size': 1, 'learning_rate': 0.028511104343720135}. Best is trial 0 with value: 0.0523974746465683.
[I 2023-12-26 12:00:19,045] Trial 37 finished with value: 3.4433345794677734 and parameters: {'gradient_clip_val': 0.11528109122680616, 'hidden_size': 85, 'dropout': 0.28312507737883175, 'hidden_continuous_size': 8, 'attention_head_size': 2, 'learning_rate': 0.02632930260190116}. Best is trial 0 with value: 0.0523974746465683.
[I 2023-12-26 12:00:29,007] Trial 38 finished with value: 3.009532928466797 and parameters: {'gradient_clip_val': 0.12134454598498717, 'hidden_size': 119, 'dropout': 0.33921725130210817, 'hidden_continuous_size': 28, 'attention_head_size': 1, 'learning_rate': 0.01394167686062586}. Best is trial 0 with value: 0.0523974746465683.
[I 2023-12-26 12:00:38,219] Trial 39 finished with value: 2.4378106594085693 and parameters: {'gradient_clip_val': 0.17239637569838465, 'hidden_size': 116, 'dropout': 0.3631979107194539, 'hidden_continuous_size': 8, 'attention_head_size': 2, 'learning_rate': 0.07273359581092334}. Best is trial 0 with value: 0.0523974746465683.
[I 2023-12-26 12:00:44,818] Trial 40 finished with value: 2.8838107585906982 and parameters: {'gradient_clip_val': 0.10029559906058991, 'hidden_size': 77, 'dropout': 0.3209377288276651, 'hidden_continuous_size': 11, 'attention_head_size': 2, 'learning_rate': 0.010043191921735733}. Best is trial 0 with value: 0.0523974746465683.
[I 2023-12-26 12:00:56,157] Trial 41 finished with value: 2.636037588119507 and parameters: {'gradient_clip_val': 0.145621417581946, 'hidden_size': 148, 'dropout': 0.4120376402400953, 'hidden_continuous_size': 9, 'attention_head_size': 1, 'learning_rate': 0.033184660740629715}. Best is trial 0 with value: 0.0523974746465683.
[I 2023-12-26 12:01:05,444] Trial 42 finished with value: 3.330874443054199 and parameters: {'gradient_clip_val': 0.1452920115431485, 'hidden_size': 115, 'dropout': 0.30514699446733823, 'hidden_continuous_size': 16, 'attention_head_size': 1, 'learning_rate': 0.04286728711633805}. Best is trial 0 with value: 0.0523974746465683.
