[I 2023-12-15 11:28:34,827] Trial 6 finished with value: 0.10683190822601318 and parameters: {'gradient_clip_val': 0.9984690363817809, 'hidden_size': 81, 'dropout': 0.37860640362466014, 'hidden_continuous_size': 48, 'attention_head_size': 2, 'learning_rate': 0.0039157218295158384}. Best is trial 6 with value: 0.10683190822601318.
LOCAL_RANK: 0 - CUDA_VISIBLE_DEVICES: [0]
[I 2023-12-15 11:29:28,432] Trial 7 finished with value: 0.5621915459632874 and parameters: {'gradient_clip_val': 0.44308596268691375, 'hidden_size': 86, 'dropout': 0.3359552929960953, 'hidden_continuous_size': 12, 'attention_head_size': 1, 'learning_rate': 0.008034585862527912}. Best is trial 6 with value: 0.10683190822601318.
LOCAL_RANK: 0 - CUDA_VISIBLE_DEVICES: [0]
[I 2023-12-15 11:30:02,589] Trial 8 finished with value: 0.5279994010925293 and parameters: {'gradient_clip_val': 0.8062863732415405, 'hidden_size': 7, 'dropout': 0.2391778477330206, 'hidden_continuous_size': 7, 'attention_head_size': 2, 'learning_rate': 0.003682442938836392}. Best is trial 6 with value: 0.10683190822601318.
LOCAL_RANK: 0 - CUDA_VISIBLE_DEVICES: [0]
[I 2023-12-15 11:30:56,438] Trial 9 finished with value: 0.10368981212377548 and parameters: {'gradient_clip_val': 0.13076806872922134, 'hidden_size': 84, 'dropout': 0.24754580360560619, 'hidden_continuous_size': 10, 'attention_head_size': 4, 'learning_rate': 0.008696148285925855}. Best is trial 9 with value: 0.10368981212377548.
LOCAL_RANK: 0 - CUDA_VISIBLE_DEVICES: [0]
[I 2023-12-15 11:31:48,380] Trial 10 finished with value: 0.15237601101398468 and parameters: {'gradient_clip_val': 0.103318800937381, 'hidden_size': 40, 'dropout': 0.10479359012429879, 'hidden_continuous_size': 17, 'attention_head_size': 4, 'learning_rate': 0.04316102302716729}. Best is trial 9 with value: 0.10368981212377548.
LOCAL_RANK: 0 - CUDA_VISIBLE_DEVICES: [0]
[I 2023-12-15 11:32:23,888] Trial 11 finished with value: 0.2788447439670563 and parameters: {'gradient_clip_val': 0.9982581537831531, 'hidden_size': 42, 'dropout': 0.39824435030594274, 'hidden_continuous_size': 42, 'attention_head_size': 1, 'learning_rate': 0.004187799385967142}. Best is trial 9 with value: 0.10368981212377548.
LOCAL_RANK: 0 - CUDA_VISIBLE_DEVICES: [0]
[I 2023-12-15 11:33:17,497] Trial 12 finished with value: 0.06289190798997879 and parameters: {'gradient_clip_val': 0.16256105343091654, 'hidden_size': 46, 'dropout': 0.3984330415793895, 'hidden_continuous_size': 44, 'attention_head_size': 2, 'learning_rate': 0.005732023827284778}. Best is trial 12 with value: 0.06289190798997879.
LOCAL_RANK: 0 - CUDA_VISIBLE_DEVICES: [0]
[I 2023-12-15 11:34:09,866] Trial 13 finished with value: 0.09588087350130081 and parameters: {'gradient_clip_val': 0.13406850652749058, 'hidden_size': 41, 'dropout': 0.3641122240990372, 'hidden_continuous_size': 21, 'attention_head_size': 2, 'learning_rate': 0.009791645691138289}. Best is trial 12 with value: 0.06289190798997879.
LOCAL_RANK: 0 - CUDA_VISIBLE_DEVICES: [0]
[I 2023-12-15 11:35:00,690] Trial 14 finished with value: 0.11038211733102798 and parameters: {'gradient_clip_val': 0.17254164525503413, 'hidden_size': 27, 'dropout': 0.3623399312096322, 'hidden_continuous_size': 24, 'attention_head_size': 2, 'learning_rate': 0.019778898325989502}. Best is trial 12 with value: 0.06289190798997879.
LOCAL_RANK: 0 - CUDA_VISIBLE_DEVICES: [0]
[I 2023-12-15 11:35:52,522] Trial 15 finished with value: 0.10809732228517532 and parameters: {'gradient_clip_val': 0.17899612156645842, 'hidden_size': 48, 'dropout': 0.3989864174420825, 'hidden_continuous_size': 33, 'attention_head_size': 1, 'learning_rate': 0.0023566217721711536}. Best is trial 12 with value: 0.06289190798997879.
LOCAL_RANK: 0 - CUDA_VISIBLE_DEVICES: [0]
[I 2023-12-15 11:36:41,722] Trial 16 finished with value: 0.12089976668357849 and parameters: {'gradient_clip_val': 0.10068601620763463, 'hidden_size': 26, 'dropout': 0.34765162806291333, 'hidden_continuous_size': 16, 'attention_head_size': 2, 'learning_rate': 0.009634280300305645}. Best is trial 12 with value: 0.06289190798997879.
LOCAL_RANK: 0 - CUDA_VISIBLE_DEVICES: [0]
[I 2023-12-15 11:37:29,469] Trial 17 finished with value: 0.14514552056789398 and parameters: {'gradient_clip_val': 0.1467710140036301, 'hidden_size': 20, 'dropout': 0.3438984830985613, 'hidden_continuous_size': 14, 'attention_head_size': 3, 'learning_rate': 0.004778449530548783}. Best is trial 12 with value: 0.06289190798997879.
LOCAL_RANK: 0 - CUDA_VISIBLE_DEVICES: [0]
[I 2023-12-15 11:38:05,557] Trial 18 finished with value: 0.2596345841884613 and parameters: {'gradient_clip_val': 0.24483966170456775, 'hidden_size': 58, 'dropout': 0.3215974801135949, 'hidden_continuous_size': 58, 'attention_head_size': 1, 'learning_rate': 0.03050986380317398}. Best is trial 12 with value: 0.06289190798997879.
LOCAL_RANK: 0 - CUDA_VISIBLE_DEVICES: [0]
[I 2023-12-15 11:38:57,578] Trial 19 finished with value: 0.08529394865036011 and parameters: {'gradient_clip_val': 0.13832621592423763, 'hidden_size': 35, 'dropout': 0.36653424158600445, 'hidden_continuous_size': 22, 'attention_head_size': 2, 'learning_rate': 0.012354944131103794}. Best is trial 12 with value: 0.06289190798997879.
LOCAL_RANK: 0 - CUDA_VISIBLE_DEVICES: [0]
[I 2023-12-15 11:39:47,003] Trial 20 finished with value: 0.22715146839618683 and parameters: {'gradient_clip_val': 0.21053640058653134, 'hidden_size': 28, 'dropout': 0.3751876738817821, 'hidden_continuous_size': 20, 'attention_head_size': 3, 'learning_rate': 0.013399434470095482}. Best is trial 12 with value: 0.06289190798997879.
LOCAL_RANK: 0 - CUDA_VISIBLE_DEVICES: [0]
[I 2023-12-15 11:40:38,504] Trial 21 finished with value: 0.209534153342247 and parameters: {'gradient_clip_val': 0.12715583423679408, 'hidden_size': 36, 'dropout': 0.3630785829779498, 'hidden_continuous_size': 25, 'attention_head_size': 2, 'learning_rate': 0.005806339240335828}. Best is trial 12 with value: 0.06289190798997879.
LOCAL_RANK: 0 - CUDA_VISIBLE_DEVICES: [0]
[I 2023-12-15 11:41:31,761] Trial 22 finished with value: 0.13009263575077057 and parameters: {'gradient_clip_val': 0.15415751319408658, 'hidden_size': 54, 'dropout': 0.32916457229570134, 'hidden_continuous_size': 32, 'attention_head_size': 2, 'learning_rate': 0.00771856844174814}. Best is trial 12 with value: 0.06289190798997879.
LOCAL_RANK: 0 - CUDA_VISIBLE_DEVICES: [0]
[I 2023-12-15 11:42:23,899] Trial 23 finished with value: 0.41870322823524475 and parameters: {'gradient_clip_val': 0.12523419574801772, 'hidden_size': 34, 'dropout': 0.36667423895306056, 'hidden_continuous_size': 23, 'attention_head_size': 2, 'learning_rate': 0.012132250371437538}. Best is trial 12 with value: 0.06289190798997879.
LOCAL_RANK: 0 - CUDA_VISIBLE_DEVICES: [0]
[I 2023-12-15 11:43:16,009] Trial 24 finished with value: 0.07768449187278748 and parameters: {'gradient_clip_val': 0.15428797875883785, 'hidden_size': 52, 'dropout': 0.39357682595835247, 'hidden_continuous_size': 30, 'attention_head_size': 1, 'learning_rate': 0.006471565469414648}. Best is trial 12 with value: 0.06289190798997879.
LOCAL_RANK: 0 - CUDA_VISIBLE_DEVICES: [0]
[I 2023-12-15 11:44:09,271] Trial 25 finished with value: 0.13714422285556793 and parameters: {'gradient_clip_val': 0.22063962189490055, 'hidden_size': 61, 'dropout': 0.3985905323794488, 'hidden_continuous_size': 32, 'attention_head_size': 1, 'learning_rate': 0.0027257869895886116}. Best is trial 12 with value: 0.06289190798997879.
LOCAL_RANK: 0 - CUDA_VISIBLE_DEVICES: [0]
[I 2023-12-15 11:45:01,781] Trial 26 finished with value: 0.11335033178329468 and parameters: {'gradient_clip_val': 0.17400198650164134, 'hidden_size': 64, 'dropout': 0.38706075413746355, 'hidden_continuous_size': 40, 'attention_head_size': 1, 'learning_rate': 0.005583161028482862}. Best is trial 12 with value: 0.06289190798997879.
LOCAL_RANK: 0 - CUDA_VISIBLE_DEVICES: [0]
[I 2023-12-15 11:45:53,361] Trial 27 finished with value: 0.7379869818687439 and parameters: {'gradient_clip_val': 0.15726304220744, 'hidden_size': 48, 'dropout': 0.348564129904545, 'hidden_continuous_size': 27, 'attention_head_size': 1, 'learning_rate': 0.0057085780150159466}. Best is trial 12 with value: 0.06289190798997879.
LOCAL_RANK: 0 - CUDA_VISIBLE_DEVICES: [0]
[I 2023-12-15 11:46:40,896] Trial 28 finished with value: 0.28348037600517273 and parameters: {'gradient_clip_val': 0.2531285514664889, 'hidden_size': 20, 'dropout': 0.3837687399297576, 'hidden_continuous_size': 16, 'attention_head_size': 1, 'learning_rate': 0.00690478389468608}. Best is trial 12 with value: 0.06289190798997879.
LOCAL_RANK: 0 - CUDA_VISIBLE_DEVICES: [0]
[I 2023-12-15 11:47:33,226] Trial 29 finished with value: 0.06526452302932739 and parameters: {'gradient_clip_val': 0.20525436755461224, 'hidden_size': 33, 'dropout': 0.31481496611227927, 'hidden_continuous_size': 20, 'attention_head_size': 3, 'learning_rate': 0.09986963033010174}. Best is trial 12 with value: 0.06289190798997879.
LOCAL_RANK: 0 - CUDA_VISIBLE_DEVICES: [0]
[I 2023-12-15 11:48:19,435] Trial 30 finished with value: 0.0805799588561058 and parameters: {'gradient_clip_val': 0.2028847842298724, 'hidden_size': 16, 'dropout': 0.3040967245091387, 'hidden_continuous_size': 13, 'attention_head_size': 3, 'learning_rate': 0.08165013062632984}. Best is trial 12 with value: 0.06289190798997879.
LOCAL_RANK: 0 - CUDA_VISIBLE_DEVICES: [0]
[I 2023-12-15 11:49:06,410] Trial 31 finished with value: 0.3175060451030731 and parameters: {'gradient_clip_val': 0.19417375600814235, 'hidden_size': 15, 'dropout': 0.30805411110663866, 'hidden_continuous_size': 12, 'attention_head_size': 3, 'learning_rate': 0.07084304406670777}. Best is trial 12 with value: 0.06289190798997879.
LOCAL_RANK: 0 - CUDA_VISIBLE_DEVICES: [0]
[I 2023-12-15 11:49:52,591] Trial 32 finished with value: 0.29082155227661133 and parameters: {'gradient_clip_val': 0.22214538844869494, 'hidden_size': 16, 'dropout': 0.28755614087595294, 'hidden_continuous_size': 13, 'attention_head_size': 3, 'learning_rate': 0.0652139845496969}. Best is trial 12 with value: 0.06289190798997879.
LOCAL_RANK: 0 - CUDA_VISIBLE_DEVICES: [0]
[I 2023-12-15 11:50:46,660] Trial 33 finished with value: 0.18725425004959106 and parameters: {'gradient_clip_val': 0.28492203831593965, 'hidden_size': 67, 'dropout': 0.3230680959765459, 'hidden_continuous_size': 19, 'attention_head_size': 3, 'learning_rate': 0.09072897028226595}. Best is trial 12 with value: 0.06289190798997879.
LOCAL_RANK: 0 - CUDA_VISIBLE_DEVICES: [0]
[I 2023-12-15 11:51:35,709] Trial 34 finished with value: 0.1318754404783249 and parameters: {'gradient_clip_val': 0.18654600382915687, 'hidden_size': 23, 'dropout': 0.27990889156108273, 'hidden_continuous_size': 18, 'attention_head_size': 3, 'learning_rate': 0.09662752042705623}. Best is trial 12 with value: 0.06289190798997879.
LOCAL_RANK: 0 - CUDA_VISIBLE_DEVICES: [0]
[I 2023-12-15 11:52:27,377] Trial 35 finished with value: 0.09371102601289749 and parameters: {'gradient_clip_val': 0.20555177475862993, 'hidden_size': 31, 'dropout': 0.3058556160895301, 'hidden_continuous_size': 20, 'attention_head_size': 3, 'learning_rate': 0.05050356371929484}. Best is trial 12 with value: 0.06289190798997879.
LOCAL_RANK: 0 - CUDA_VISIBLE_DEVICES: [0]
[I 2023-12-15 11:53:20,857] Trial 36 finished with value: 0.11928191781044006 and parameters: {'gradient_clip_val': 0.1608840550015961, 'hidden_size': 50, 'dropout': 0.2684182330723948, 'hidden_continuous_size': 15, 'attention_head_size': 4, 'learning_rate': 0.09714469610900996}. Best is trial 12 with value: 0.06289190798997879.
LOCAL_RANK: 0 - CUDA_VISIBLE_DEVICES: [0]
[I 2023-12-15 11:54:11,460] Trial 37 finished with value: 0.10657981783151627 and parameters: {'gradient_clip_val': 0.2868294949946666, 'hidden_size': 31, 'dropout': 0.34937456483548635, 'hidden_continuous_size': 18, 'attention_head_size': 3, 'learning_rate': 0.03910852861384603}. Best is trial 12 with value: 0.06289190798997879.
LOCAL_RANK: 0 - CUDA_VISIBLE_DEVICES: [0]
[I 2023-12-15 11:55:07,594] Trial 38 finished with value: 0.10995853692293167 and parameters: {'gradient_clip_val': 0.2446583398717961, 'hidden_size': 72, 'dropout': 0.33064633951264844, 'hidden_continuous_size': 65, 'attention_head_size': 4, 'learning_rate': 0.06588107339753042}. Best is trial 12 with value: 0.06289190798997879.
LOCAL_RANK: 0 - CUDA_VISIBLE_DEVICES: [0]
[I 2023-12-15 11:56:05,133] Trial 39 finished with value: 0.12090560048818588 and parameters: {'gradient_clip_val': 0.1928759728711676, 'hidden_size': 100, 'dropout': 0.2998648583022105, 'hidden_continuous_size': 70, 'attention_head_size': 3, 'learning_rate': 0.024004136393622658}. Best is trial 12 with value: 0.06289190798997879.
LOCAL_RANK: 0 - CUDA_VISIBLE_DEVICES: [0]
[I 2023-12-15 11:56:50,270] Trial 40 finished with value: 0.48460328578948975 and parameters: {'gradient_clip_val': 0.31845124179055806, 'hidden_size': 12, 'dropout': 0.38308743224975894, 'hidden_continuous_size': 10, 'attention_head_size': 3, 'learning_rate': 0.017240148730037683}. Best is trial 12 with value: 0.06289190798997879.
LOCAL_RANK: 0 - CUDA_VISIBLE_DEVICES: [0]
[I 2023-12-15 11:57:42,909] Trial 41 finished with value: 0.0843069925904274 and parameters: {'gradient_clip_val': 0.15220092143524355, 'hidden_size': 38, 'dropout': 0.37279589997890755, 'hidden_continuous_size': 27, 'attention_head_size': 2, 'learning_rate': 0.027761321696002022}. Best is trial 12 with value: 0.06289190798997879.
LOCAL_RANK: 0 - CUDA_VISIBLE_DEVICES: [0]
[I 2023-12-15 11:58:35,253] Trial 42 finished with value: 0.17998690903186798 and parameters: {'gradient_clip_val': 0.16703289598173132, 'hidden_size': 44, 'dropout': 0.3805987376070898, 'hidden_continuous_size': 28, 'attention_head_size': 2, 'learning_rate': 0.059063813267292986}. Best is trial 12 with value: 0.06289190798997879.
LOCAL_RANK: 0 - CUDA_VISIBLE_DEVICES: [0]
[I 2023-12-15 11:59:27,621] Trial 43 finished with value: 0.12188398838043213 and parameters: {'gradient_clip_val': 0.1532776302584932, 'hidden_size': 37, 'dropout': 0.3534158460255999, 'hidden_continuous_size': 25, 'attention_head_size': 2, 'learning_rate': 0.036545250485614786}. Best is trial 12 with value: 0.06289190798997879.
LOCAL_RANK: 0 - CUDA_VISIBLE_DEVICES: [0]
[I 2023-12-15 12:00:21,277] Trial 44 finished with value: 0.0864371657371521 and parameters: {'gradient_clip_val': 0.12164080470512324, 'hidden_size': 55, 'dropout': 0.31476392822601207, 'hidden_continuous_size': 35, 'attention_head_size': 2, 'learning_rate': 0.049796316059861845}. Best is trial 12 with value: 0.06289190798997879.
LOCAL_RANK: 0 - CUDA_VISIBLE_DEVICES: [0]
[I 2023-12-15 12:01:13,846] Trial 45 finished with value: 0.08928203582763672 and parameters: {'gradient_clip_val': 0.11471596539435674, 'hidden_size': 44, 'dropout': 0.3912894955850248, 'hidden_continuous_size': 26, 'attention_head_size': 2, 'learning_rate': 0.07684943571316583}. Best is trial 12 with value: 0.06289190798997879.
LOCAL_RANK: 0 - CUDA_VISIBLE_DEVICES: [0]
[I 2023-12-15 12:02:05,785] Trial 46 finished with value: 0.157179594039917 and parameters: {'gradient_clip_val': 0.13878357945464412, 'hidden_size': 40, 'dropout': 0.3361892561618716, 'hidden_continuous_size': 30, 'attention_head_size': 3, 'learning_rate': 0.02887536923847083}. Best is trial 12 with value: 0.06289190798997879.
LOCAL_RANK: 0 - CUDA_VISIBLE_DEVICES: [0]
[I 2023-12-15 12:02:59,173] Trial 47 finished with value: 0.0909937396645546 and parameters: {'gradient_clip_val': 0.18633014654490793, 'hidden_size': 50, 'dropout': 0.37708667566991266, 'hidden_continuous_size': 23, 'attention_head_size': 3, 'learning_rate': 0.05382561170909539}. Best is trial 12 with value: 0.06289190798997879.
LOCAL_RANK: 0 - CUDA_VISIBLE_DEVICES: [0]
[I 2023-12-15 12:03:48,040] Trial 48 finished with value: 0.10801839828491211 and parameters: {'gradient_clip_val': 0.16731836932659597, 'hidden_size': 24, 'dropout': 0.2935232668059166, 'hidden_continuous_size': 21, 'attention_head_size': 4, 'learning_rate': 0.044424426265355775}. Best is trial 12 with value: 0.06289190798997879.
LOCAL_RANK: 0 - CUDA_VISIBLE_DEVICES: [0]
[I 2023-12-15 12:04:39,614] Trial 49 finished with value: 0.08307919651269913 and parameters: {'gradient_clip_val': 0.14519940994730157, 'hidden_size': 30, 'dropout': 0.3369629058721884, 'hidden_continuous_size': 24, 'attention_head_size': 2, 'learning_rate': 0.07075911768152737}. Best is trial 12 with value: 0.06289190798997879.
[I 2023-12-15 12:04:39,709] A new study created in memory with name: no-name-49099298-6693-447a-b4f9-78173c93bff4
/home/le004/conda/anaconda3/envs/tsff_env/lib/python3.9/site-packages/lightning/fabric/plugins/environments/slurm.py:191: The `srun` command is available on your system but is not used. HINT: If your intention is to run Lightning on SLURM, prepend your python command with `srun` like so: srun python /home/le004/master_thesis/git/TSFusionForecast/code/ ...
LOCAL_RANK: 0 - CUDA_VISIBLE_DEVICES: [0]
[I 2023-12-15 12:05:13,910] Trial 0 finished with value: 0.6365363597869873 and parameters: {'gradient_clip_val': 0.20562491560183882, 'hidden_size': 5, 'dropout': 0.36288545164808816, 'hidden_continuous_size': 5, 'attention_head_size': 2, 'learning_rate': 0.005896742891934348}. Best is trial 0 with value: 0.6365363597869873.
LOCAL_RANK: 0 - CUDA_VISIBLE_DEVICES: [0]
[I 2023-12-15 12:06:06,755] Trial 1 finished with value: 0.19627444446086884 and parameters: {'gradient_clip_val': 0.11382676168207588, 'hidden_size': 49, 'dropout': 0.17273567500432419, 'hidden_continuous_size': 21, 'attention_head_size': 2, 'learning_rate': 0.007235066067082324}. Best is trial 1 with value: 0.19627444446086884.
LOCAL_RANK: 0 - CUDA_VISIBLE_DEVICES: [0]
[I 2023-12-15 12:06:58,988] Trial 2 finished with value: 0.16131670773029327 and parameters: {'gradient_clip_val': 0.8012893258308013, 'hidden_size': 43, 'dropout': 0.3891755525125773, 'hidden_continuous_size': 9, 'attention_head_size': 3, 'learning_rate': 0.0032601166749091524}. Best is trial 2 with value: 0.16131670773029327.
LOCAL_RANK: 0 - CUDA_VISIBLE_DEVICES: [0]
[I 2023-12-15 12:07:47,820] Trial 3 finished with value: 0.10772266983985901 and parameters: {'gradient_clip_val': 0.3435127908659697, 'hidden_size': 22, 'dropout': 0.2009493304106062, 'hidden_continuous_size': 18, 'attention_head_size': 2, 'learning_rate': 0.0030363831684112517}. Best is trial 3 with value: 0.10772266983985901.
LOCAL_RANK: 0 - CUDA_VISIBLE_DEVICES: [0]
[I 2023-12-15 12:08:37,243] Trial 4 finished with value: 0.17848503589630127 and parameters: {'gradient_clip_val': 0.7799331220760752, 'hidden_size': 30, 'dropout': 0.17905110944830338, 'hidden_continuous_size': 10, 'attention_head_size': 3, 'learning_rate': 0.0009355836689465999}. Best is trial 3 with value: 0.10772266983985901.
LOCAL_RANK: 0 - CUDA_VISIBLE_DEVICES: [0]
[I 2023-12-15 12:09:23,419] Trial 5 finished with value: 2.1797983646392822 and parameters: {'gradient_clip_val': 0.9828317069965998, 'hidden_size': 7, 'dropout': 0.3361664679778267, 'hidden_continuous_size': 6, 'attention_head_size': 4, 'learning_rate': 0.0009721014101528864}. Best is trial 3 with value: 0.10772266983985901.
LOCAL_RANK: 0 - CUDA_VISIBLE_DEVICES: [0]
[I 2023-12-15 12:10:11,854] Trial 6 finished with value: 0.3113339841365814 and parameters: {'gradient_clip_val': 0.2794583817001461, 'hidden_size': 21, 'dropout': 0.18609665852678517, 'hidden_continuous_size': 14, 'attention_head_size': 1, 'learning_rate': 0.017377242196471947}. Best is trial 3 with value: 0.10772266983985901.
LOCAL_RANK: 0 - CUDA_VISIBLE_DEVICES: [0]
[I 2023-12-15 12:11:01,476] Trial 7 finished with value: 0.21407175064086914 and parameters: {'gradient_clip_val': 0.9037331268469962, 'hidden_size': 25, 'dropout': 0.17869908841643262, 'hidden_continuous_size': 15, 'attention_head_size': 4, 'learning_rate': 0.005172266920804335}. Best is trial 3 with value: 0.10772266983985901.
LOCAL_RANK: 0 - CUDA_VISIBLE_DEVICES: [0]
[I 2023-12-15 12:11:49,633] Trial 8 finished with value: 0.26361584663391113 and parameters: {'gradient_clip_val': 0.3518594162189386, 'hidden_size': 25, 'dropout': 0.35092564058276476, 'hidden_continuous_size': 6, 'attention_head_size': 1, 'learning_rate': 0.0011916730410447885}. Best is trial 3 with value: 0.10772266983985901.
LOCAL_RANK: 0 - CUDA_VISIBLE_DEVICES: [0]
[I 2023-12-15 12:12:33,352] Trial 9 finished with value: 0.21727870404720306 and parameters: {'gradient_clip_val': 0.558794912413425, 'hidden_size': 12, 'dropout': 0.29558519402975475, 'hidden_continuous_size': 5, 'attention_head_size': 1, 'learning_rate': 0.03580970862903839}. Best is trial 3 with value: 0.10772266983985901.
LOCAL_RANK: 0 - CUDA_VISIBLE_DEVICES: [0]
[I 2023-12-15 12:13:28,613] Trial 10 finished with value: 0.12214330583810806 and parameters: {'gradient_clip_val': 0.39636621736191036, 'hidden_size': 83, 'dropout': 0.10769145259958415, 'hidden_continuous_size': 37, 'attention_head_size': 2, 'learning_rate': 0.04403292755160418}. Best is trial 3 with value: 0.10772266983985901.
LOCAL_RANK: 0 - CUDA_VISIBLE_DEVICES: [0]
[I 2023-12-15 12:14:23,717] Trial 11 finished with value: 0.09833389520645142 and parameters: {'gradient_clip_val': 0.44306376076587733, 'hidden_size': 88, 'dropout': 0.10068205434182315, 'hidden_continuous_size': 43, 'attention_head_size': 2, 'learning_rate': 0.035302313770962275}. Best is trial 11 with value: 0.09833389520645142.
LOCAL_RANK: 0 - CUDA_VISIBLE_DEVICES: [0]
[I 2023-12-15 12:15:21,151] Trial 12 finished with value: 0.13768453896045685 and parameters: {'gradient_clip_val': 0.5069906421885708, 'hidden_size': 89, 'dropout': 0.10656439803797207, 'hidden_continuous_size': 82, 'attention_head_size': 2, 'learning_rate': 0.07526951945227743}. Best is trial 11 with value: 0.09833389520645142.
LOCAL_RANK: 0 - CUDA_VISIBLE_DEVICES: [0]
