[I 2023-12-15 18:59:54,739] Trial 35 finished with value: 604.3827514648438 and parameters: {'gradient_clip_val': 0.20230420438686617, 'hidden_size': 12, 'dropout': 0.18904924605780177, 'hidden_continuous_size': 6, 'attention_head_size': 2, 'learning_rate': 0.00538500575999152}. Best is trial 23 with value: 179.2755584716797.
LOCAL_RANK: 0 - CUDA_VISIBLE_DEVICES: [0]
[I 2023-12-15 19:00:39,585] Trial 36 finished with value: 493.5431823730469 and parameters: {'gradient_clip_val': 0.3567676239554048, 'hidden_size': 9, 'dropout': 0.31226385311143895, 'hidden_continuous_size': 5, 'attention_head_size': 1, 'learning_rate': 0.001658896868474259}. Best is trial 23 with value: 179.2755584716797.
LOCAL_RANK: 0 - CUDA_VISIBLE_DEVICES: [0]
[I 2023-12-15 19:01:23,717] Trial 37 finished with value: 1132.240234375 and parameters: {'gradient_clip_val': 0.2499175209772984, 'hidden_size': 12, 'dropout': 0.26335392582866507, 'hidden_continuous_size': 6, 'attention_head_size': 3, 'learning_rate': 0.001051869675303974}. Best is trial 23 with value: 179.2755584716797.
LOCAL_RANK: 0 - CUDA_VISIBLE_DEVICES: [0]
[I 2023-12-15 19:02:07,847] Trial 38 finished with value: 819.2439575195312 and parameters: {'gradient_clip_val': 0.2984057471388487, 'hidden_size': 6, 'dropout': 0.22759179226198692, 'hidden_continuous_size': 5, 'attention_head_size': 1, 'learning_rate': 0.007806108390979202}. Best is trial 23 with value: 179.2755584716797.
LOCAL_RANK: 0 - CUDA_VISIBLE_DEVICES: [0]
[I 2023-12-15 19:02:53,584] Trial 39 finished with value: 309.9023132324219 and parameters: {'gradient_clip_val': 0.43255561225870204, 'hidden_size': 15, 'dropout': 0.20377019129427515, 'hidden_continuous_size': 6, 'attention_head_size': 3, 'learning_rate': 0.0012834161630265553}. Best is trial 23 with value: 179.2755584716797.
LOCAL_RANK: 0 - CUDA_VISIBLE_DEVICES: [0]
[I 2023-12-15 19:03:40,057] Trial 40 finished with value: 749.5623168945312 and parameters: {'gradient_clip_val': 0.27174432833131423, 'hidden_size': 18, 'dropout': 0.16782316840870393, 'hidden_continuous_size': 7, 'attention_head_size': 2, 'learning_rate': 0.0024490835465247455}. Best is trial 23 with value: 179.2755584716797.
LOCAL_RANK: 0 - CUDA_VISIBLE_DEVICES: [0]
[I 2023-12-15 19:04:25,488] Trial 41 finished with value: 536.1923828125 and parameters: {'gradient_clip_val': 0.34918987005882685, 'hidden_size': 15, 'dropout': 0.3428195147631077, 'hidden_continuous_size': 7, 'attention_head_size': 2, 'learning_rate': 0.000742148085515788}. Best is trial 23 with value: 179.2755584716797.
LOCAL_RANK: 0 - CUDA_VISIBLE_DEVICES: [0]
[I 2023-12-15 19:05:10,986] Trial 42 finished with value: 322.1548767089844 and parameters: {'gradient_clip_val': 0.4021733411907718, 'hidden_size': 13, 'dropout': 0.31304871337738366, 'hidden_continuous_size': 6, 'attention_head_size': 2, 'learning_rate': 0.0009315615950318456}. Best is trial 23 with value: 179.2755584716797.
LOCAL_RANK: 0 - CUDA_VISIBLE_DEVICES: [0]
[I 2023-12-15 19:05:55,897] Trial 43 finished with value: 242.3039093017578 and parameters: {'gradient_clip_val': 0.49482622370106755, 'hidden_size': 10, 'dropout': 0.33054862802853857, 'hidden_continuous_size': 5, 'attention_head_size': 2, 'learning_rate': 0.0006383423136954374}. Best is trial 23 with value: 179.2755584716797.
LOCAL_RANK: 0 - CUDA_VISIBLE_DEVICES: [0]
[I 2023-12-15 19:06:40,179] Trial 44 finished with value: 560.6513061523438 and parameters: {'gradient_clip_val': 0.5337660682610803, 'hidden_size': 8, 'dropout': 0.3589740235135085, 'hidden_continuous_size': 5, 'attention_head_size': 3, 'learning_rate': 0.002077947979795289}. Best is trial 23 with value: 179.2755584716797.
LOCAL_RANK: 0 - CUDA_VISIBLE_DEVICES: [0]
[I 2023-12-15 19:07:25,263] Trial 45 finished with value: 636.6475219726562 and parameters: {'gradient_clip_val': 0.4845592422565701, 'hidden_size': 10, 'dropout': 0.2995383579404023, 'hidden_continuous_size': 5, 'attention_head_size': 2, 'learning_rate': 0.0012856469190852563}. Best is trial 23 with value: 179.2755584716797.
LOCAL_RANK: 0 - CUDA_VISIBLE_DEVICES: [0]
[I 2023-12-15 19:07:58,297] Trial 46 finished with value: 703.7167358398438 and parameters: {'gradient_clip_val': 0.43862455332573946, 'hidden_size': 5, 'dropout': 0.27583620175306967, 'hidden_continuous_size': 5, 'attention_head_size': 1, 'learning_rate': 0.000782070781878222}. Best is trial 23 with value: 179.2755584716797.
LOCAL_RANK: 0 - CUDA_VISIBLE_DEVICES: [0]
[I 2023-12-15 19:08:43,582] Trial 47 finished with value: 897.8815307617188 and parameters: {'gradient_clip_val': 0.5077011341519309, 'hidden_size': 7, 'dropout': 0.36949929584634156, 'hidden_continuous_size': 5, 'attention_head_size': 3, 'learning_rate': 0.0030461364648237295}. Best is trial 23 with value: 179.2755584716797.
LOCAL_RANK: 0 - CUDA_VISIBLE_DEVICES: [0]
[I 2023-12-15 19:09:28,728] Trial 48 finished with value: 134.3203125 and parameters: {'gradient_clip_val': 0.6064357260076888, 'hidden_size': 9, 'dropout': 0.3464379595353308, 'hidden_continuous_size': 5, 'attention_head_size': 2, 'learning_rate': 0.001756196693477611}. Best is trial 48 with value: 134.3203125.
LOCAL_RANK: 0 - CUDA_VISIBLE_DEVICES: [0]
[I 2023-12-15 19:10:13,634] Trial 49 finished with value: 466.5447998046875 and parameters: {'gradient_clip_val': 0.6075051263921191, 'hidden_size': 6, 'dropout': 0.3419152223566218, 'hidden_continuous_size': 5, 'attention_head_size': 2, 'learning_rate': 0.0017141797461568081}. Best is trial 48 with value: 134.3203125.
[I 2023-12-15 19:10:13,726] A new study created in memory with name: no-name-f85037c2-5c49-4b6d-821e-29eb47b1c647
/home/le004/conda/anaconda3/envs/tsff_env/lib/python3.9/site-packages/lightning/fabric/plugins/environments/slurm.py:191: The `srun` command is available on your system but is not used. HINT: If your intention is to run Lightning on SLURM, prepend your python command with `srun` like so: srun python /home/le004/master_thesis/git/TSFusionForecast/code/ ...
LOCAL_RANK: 0 - CUDA_VISIBLE_DEVICES: [0]
[I 2023-12-15 19:10:57,473] Trial 0 finished with value: 79.82737731933594 and parameters: {'gradient_clip_val': 0.13613469895412697, 'hidden_size': 8, 'dropout': 0.20137445542894827, 'hidden_continuous_size': 7, 'attention_head_size': 1, 'learning_rate': 0.025387527423474037}. Best is trial 0 with value: 79.82737731933594.
LOCAL_RANK: 0 - CUDA_VISIBLE_DEVICES: [0]
[I 2023-12-15 19:11:51,946] Trial 1 finished with value: 99.3424072265625 and parameters: {'gradient_clip_val': 0.38323861993429525, 'hidden_size': 64, 'dropout': 0.20388579025837772, 'hidden_continuous_size': 50, 'attention_head_size': 4, 'learning_rate': 0.00497929996853647}. Best is trial 0 with value: 79.82737731933594.
LOCAL_RANK: 0 - CUDA_VISIBLE_DEVICES: [0]
[I 2023-12-15 19:12:37,204] Trial 2 finished with value: 252.20518493652344 and parameters: {'gradient_clip_val': 0.10914849743331387, 'hidden_size': 15, 'dropout': 0.2021026501955965, 'hidden_continuous_size': 7, 'attention_head_size': 1, 'learning_rate': 0.0007396682515341672}. Best is trial 0 with value: 79.82737731933594.
LOCAL_RANK: 0 - CUDA_VISIBLE_DEVICES: [0]
[I 2023-12-15 19:13:29,346] Trial 3 finished with value: 237.15003967285156 and parameters: {'gradient_clip_val': 0.5106874224091935, 'hidden_size': 44, 'dropout': 0.23732218435913977, 'hidden_continuous_size': 33, 'attention_head_size': 1, 'learning_rate': 0.0009447489403751101}. Best is trial 0 with value: 79.82737731933594.
LOCAL_RANK: 0 - CUDA_VISIBLE_DEVICES: [0]
[I 2023-12-15 19:14:23,319] Trial 4 finished with value: 78.6351089477539 and parameters: {'gradient_clip_val': 0.23051283716563034, 'hidden_size': 69, 'dropout': 0.314431454939046, 'hidden_continuous_size': 12, 'attention_head_size': 3, 'learning_rate': 0.0030546410142956075}. Best is trial 4 with value: 78.6351089477539.
LOCAL_RANK: 0 - CUDA_VISIBLE_DEVICES: [0]
[I 2023-12-15 19:15:12,757] Trial 5 finished with value: 199.9326171875 and parameters: {'gradient_clip_val': 0.22452861393359, 'hidden_size': 25, 'dropout': 0.3703446744419481, 'hidden_continuous_size': 8, 'attention_head_size': 4, 'learning_rate': 0.0027420840775063014}. Best is trial 4 with value: 78.6351089477539.
LOCAL_RANK: 0 - CUDA_VISIBLE_DEVICES: [0]
[I 2023-12-15 19:16:05,014] Trial 6 finished with value: 203.38719177246094 and parameters: {'gradient_clip_val': 0.3339397877862367, 'hidden_size': 78, 'dropout': 0.25266319930863235, 'hidden_continuous_size': 6, 'attention_head_size': 2, 'learning_rate': 0.0014666857352863831}. Best is trial 4 with value: 78.6351089477539.
LOCAL_RANK: 0 - CUDA_VISIBLE_DEVICES: [0]
[I 2023-12-15 19:16:39,026] Trial 7 finished with value: 154.83926391601562 and parameters: {'gradient_clip_val': 0.18187566975574485, 'hidden_size': 5, 'dropout': 0.270063921891882, 'hidden_continuous_size': 5, 'attention_head_size': 2, 'learning_rate': 0.00804296423913783}. Best is trial 4 with value: 78.6351089477539.
LOCAL_RANK: 0 - CUDA_VISIBLE_DEVICES: [0]
[I 2023-12-15 19:17:27,738] Trial 8 finished with value: 156.3909149169922 and parameters: {'gradient_clip_val': 0.5245317407878621, 'hidden_size': 24, 'dropout': 0.2809179311106709, 'hidden_continuous_size': 21, 'attention_head_size': 4, 'learning_rate': 0.0018288660167615667}. Best is trial 4 with value: 78.6351089477539.
LOCAL_RANK: 0 - CUDA_VISIBLE_DEVICES: [0]
[I 2023-12-15 19:18:01,972] Trial 9 finished with value: 167.48695373535156 and parameters: {'gradient_clip_val': 0.2036987013003945, 'hidden_size': 5, 'dropout': 0.11481367461985094, 'hidden_continuous_size': 5, 'attention_head_size': 4, 'learning_rate': 0.0095356948028358}. Best is trial 4 with value: 78.6351089477539.
LOCAL_RANK: 0 - CUDA_VISIBLE_DEVICES: [0]
[I 2023-12-15 19:18:57,041] Trial 10 finished with value: 112.57315063476562 and parameters: {'gradient_clip_val': 0.9918147309809255, 'hidden_size': 98, 'dropout': 0.39529544663471267, 'hidden_continuous_size': 14, 'attention_head_size': 3, 'learning_rate': 0.07004527132479078}. Best is trial 4 with value: 78.6351089477539.
LOCAL_RANK: 0 - CUDA_VISIBLE_DEVICES: [0]
[I 2023-12-15 19:19:42,425] Trial 11 finished with value: 151.31370544433594 and parameters: {'gradient_clip_val': 0.10152263627433701, 'hidden_size': 10, 'dropout': 0.31830515139504034, 'hidden_continuous_size': 6, 'attention_head_size': 3, 'learning_rate': 0.02207555244727687}. Best is trial 4 with value: 78.6351089477539.
LOCAL_RANK: 0 - CUDA_VISIBLE_DEVICES: [0]
[I 2023-12-15 19:20:32,898] Trial 12 finished with value: 117.1286392211914 and parameters: {'gradient_clip_val': 0.1471732140882053, 'hidden_size': 38, 'dropout': 0.3306467813018514, 'hidden_continuous_size': 10, 'attention_head_size': 2, 'learning_rate': 0.022825523664598703}. Best is trial 4 with value: 78.6351089477539.
LOCAL_RANK: 0 - CUDA_VISIBLE_DEVICES: [0]
[I 2023-12-15 19:21:18,587] Trial 13 finished with value: 224.5075225830078 and parameters: {'gradient_clip_val': 0.14934661731899482, 'hidden_size': 11, 'dropout': 0.15833950393756113, 'hidden_continuous_size': 7, 'attention_head_size': 3, 'learning_rate': 0.004042267612589907}. Best is trial 4 with value: 78.6351089477539.
LOCAL_RANK: 0 - CUDA_VISIBLE_DEVICES: [0]
[I 2023-12-15 19:22:10,141] Trial 14 finished with value: 74.48269653320312 and parameters: {'gradient_clip_val': 0.24857650239045068, 'hidden_size': 52, 'dropout': 0.3197164175951851, 'hidden_continuous_size': 11, 'attention_head_size': 1, 'learning_rate': 0.0005296191554108974}. Best is trial 14 with value: 74.48269653320312.
LOCAL_RANK: 0 - CUDA_VISIBLE_DEVICES: [0]
[I 2023-12-15 19:23:03,018] Trial 15 finished with value: 115.1700210571289 and parameters: {'gradient_clip_val': 0.2570501533602554, 'hidden_size': 53, 'dropout': 0.3175354937401729, 'hidden_continuous_size': 13, 'attention_head_size': 2, 'learning_rate': 0.0005903418612353054}. Best is trial 14 with value: 74.48269653320312.
LOCAL_RANK: 0 - CUDA_VISIBLE_DEVICES: [0]
[I 2023-12-15 19:23:52,582] Trial 16 finished with value: 291.8196716308594 and parameters: {'gradient_clip_val': 0.2667869411801616, 'hidden_size': 36, 'dropout': 0.3539370347298031, 'hidden_continuous_size': 10, 'attention_head_size': 3, 'learning_rate': 0.0005242437657323946}. Best is trial 14 with value: 74.48269653320312.
LOCAL_RANK: 0 - CUDA_VISIBLE_DEVICES: [0]
[I 2023-12-15 19:24:50,124] Trial 17 finished with value: 183.5943603515625 and parameters: {'gradient_clip_val': 0.20079190157532395, 'hidden_size': 100, 'dropout': 0.2974866771233855, 'hidden_continuous_size': 98, 'attention_head_size': 1, 'learning_rate': 0.0012584388571327803}. Best is trial 14 with value: 74.48269653320312.
LOCAL_RANK: 0 - CUDA_VISIBLE_DEVICES: [0]
[I 2023-12-15 19:25:43,062] Trial 18 finished with value: 109.12459564208984 and parameters: {'gradient_clip_val': 0.27019882797263506, 'hidden_size': 53, 'dropout': 0.3483506476922409, 'hidden_continuous_size': 18, 'attention_head_size': 2, 'learning_rate': 0.00224583377489069}. Best is trial 14 with value: 74.48269653320312.
LOCAL_RANK: 0 - CUDA_VISIBLE_DEVICES: [0]
[I 2023-12-15 19:26:36,578] Trial 19 finished with value: 134.11370849609375 and parameters: {'gradient_clip_val': 0.17647230846669162, 'hidden_size': 71, 'dropout': 0.3021417334484389, 'hidden_continuous_size': 13, 'attention_head_size': 3, 'learning_rate': 0.0009749433797825807}. Best is trial 14 with value: 74.48269653320312.
LOCAL_RANK: 0 - CUDA_VISIBLE_DEVICES: [0]
[I 2023-12-15 19:27:25,616] Trial 20 finished with value: 113.4881820678711 and parameters: {'gradient_clip_val': 0.3274683440506884, 'hidden_size': 35, 'dropout': 0.39743784700812346, 'hidden_continuous_size': 9, 'attention_head_size': 1, 'learning_rate': 0.0005011653418871043}. Best is trial 14 with value: 74.48269653320312.
LOCAL_RANK: 0 - CUDA_VISIBLE_DEVICES: [0]
[I 2023-12-15 19:28:14,309] Trial 21 finished with value: 268.1589050292969 and parameters: {'gradient_clip_val': 0.1354130783656793, 'hidden_size': 31, 'dropout': 0.2778527048135682, 'hidden_continuous_size': 11, 'attention_head_size': 1, 'learning_rate': 0.0030592874267178177}. Best is trial 14 with value: 74.48269653320312.
LOCAL_RANK: 0 - CUDA_VISIBLE_DEVICES: [0]
[I 2023-12-15 19:29:06,238] Trial 22 finished with value: 107.33318328857422 and parameters: {'gradient_clip_val': 0.1326979514895285, 'hidden_size': 51, 'dropout': 0.23670676578158917, 'hidden_continuous_size': 8, 'attention_head_size': 1, 'learning_rate': 0.0011317082786724175}. Best is trial 14 with value: 74.48269653320312.
LOCAL_RANK: 0 - CUDA_VISIBLE_DEVICES: [0]
[I 2023-12-15 19:29:52,994] Trial 23 finished with value: 196.3996124267578 and parameters: {'gradient_clip_val': 0.16924777019569304, 'hidden_size': 18, 'dropout': 0.3281763152688646, 'hidden_continuous_size': 8, 'attention_head_size': 2, 'learning_rate': 0.0019856061606821664}. Best is trial 14 with value: 74.48269653320312.
LOCAL_RANK: 0 - CUDA_VISIBLE_DEVICES: [0]
[I 2023-12-15 19:30:44,752] Trial 24 finished with value: 113.87926483154297 and parameters: {'gradient_clip_val': 0.22338475960177331, 'hidden_size': 64, 'dropout': 0.3020394272606456, 'hidden_continuous_size': 11, 'attention_head_size': 1, 'learning_rate': 0.005028751911568462}. Best is trial 14 with value: 74.48269653320312.
LOCAL_RANK: 0 - CUDA_VISIBLE_DEVICES: [0]
[I 2023-12-15 19:31:33,001] Trial 25 finished with value: 246.6374053955078 and parameters: {'gradient_clip_val': 0.11499109963090176, 'hidden_size': 28, 'dropout': 0.3460498801620509, 'hidden_continuous_size': 9, 'attention_head_size': 2, 'learning_rate': 0.0016459375560116236}. Best is trial 14 with value: 74.48269653320312.
LOCAL_RANK: 0 - CUDA_VISIBLE_DEVICES: [0]
[I 2023-12-15 19:32:23,358] Trial 26 finished with value: 342.9256286621094 and parameters: {'gradient_clip_val': 0.1617217878671959, 'hidden_size': 42, 'dropout': 0.3708587706776387, 'hidden_continuous_size': 6, 'attention_head_size': 3, 'learning_rate': 0.0007462321499405583}. Best is trial 14 with value: 74.48269653320312.
LOCAL_RANK: 0 - CUDA_VISIBLE_DEVICES: [0]
[I 2023-12-15 19:33:10,230] Trial 27 finished with value: 211.275390625 and parameters: {'gradient_clip_val': 0.1389620194116559, 'hidden_size': 19, 'dropout': 0.2608482633880578, 'hidden_continuous_size': 7, 'attention_head_size': 1, 'learning_rate': 0.011664971239212505}. Best is trial 14 with value: 74.48269653320312.
LOCAL_RANK: 0 - CUDA_VISIBLE_DEVICES: [0]
[I 2023-12-15 19:34:04,107] Trial 28 finished with value: 214.6828155517578 and parameters: {'gradient_clip_val': 0.19177407087698456, 'hidden_size': 84, 'dropout': 0.21721250158685812, 'hidden_continuous_size': 17, 'attention_head_size': 2, 'learning_rate': 0.003705422499327741}. Best is trial 14 with value: 74.48269653320312.
LOCAL_RANK: 0 - CUDA_VISIBLE_DEVICES: [0]
[I 2023-12-15 19:34:58,133] Trial 29 finished with value: 168.00738525390625 and parameters: {'gradient_clip_val': 0.1276944357088277, 'hidden_size': 66, 'dropout': 0.20397241038020275, 'hidden_continuous_size': 12, 'attention_head_size': 4, 'learning_rate': 0.005007634211483098}. Best is trial 14 with value: 74.48269653320312.
LOCAL_RANK: 0 - CUDA_VISIBLE_DEVICES: [0]
[I 2023-12-15 19:35:46,855] Trial 30 finished with value: 185.8903045654297 and parameters: {'gradient_clip_val': 0.2404729921725763, 'hidden_size': 30, 'dropout': 0.2907527507266704, 'hidden_continuous_size': 10, 'attention_head_size': 1, 'learning_rate': 0.006206406980591043}. Best is trial 14 with value: 74.48269653320312.
LOCAL_RANK: 0 - CUDA_VISIBLE_DEVICES: [0]
[I 2023-12-15 19:36:40,644] Trial 31 finished with value: 136.22035217285156 and parameters: {'gradient_clip_val': 0.29859894700568473, 'hidden_size': 58, 'dropout': 0.2003480719967313, 'hidden_continuous_size': 15, 'attention_head_size': 4, 'learning_rate': 0.002562633109658449}. Best is trial 14 with value: 74.48269653320312.
LOCAL_RANK: 0 - CUDA_VISIBLE_DEVICES: [0]
[I 2023-12-15 19:37:35,098] Trial 32 finished with value: 110.6706314086914 and parameters: {'gradient_clip_val': 0.3742106920654029, 'hidden_size': 73, 'dropout': 0.1742247522493278, 'hidden_continuous_size': 21, 'attention_head_size': 4, 'learning_rate': 0.0008477468396097168}. Best is trial 14 with value: 74.48269653320312.
LOCAL_RANK: 0 - CUDA_VISIBLE_DEVICES: [0]
[I 2023-12-15 19:38:28,262] Trial 33 finished with value: 168.6131591796875 and parameters: {'gradient_clip_val': 0.11807680378616105, 'hidden_size': 47, 'dropout': 0.23830185394079437, 'hidden_continuous_size': 31, 'attention_head_size': 3, 'learning_rate': 0.0011206424275535744}. Best is trial 14 with value: 74.48269653320312.
LOCAL_RANK: 0 - CUDA_VISIBLE_DEVICES: [0]
[I 2023-12-15 19:39:20,422] Trial 34 finished with value: 133.9222412109375 and parameters: {'gradient_clip_val': 0.22053564855004731, 'hidden_size': 44, 'dropout': 0.25928129597012634, 'hidden_continuous_size': 12, 'attention_head_size': 4, 'learning_rate': 0.0030734912002963986}. Best is trial 14 with value: 74.48269653320312.
LOCAL_RANK: 0 - CUDA_VISIBLE_DEVICES: [0]
[I 2023-12-15 19:40:14,669] Trial 35 finished with value: 216.22857666015625 and parameters: {'gradient_clip_val': 0.10091951636942319, 'hidden_size': 69, 'dropout': 0.24168800477872368, 'hidden_continuous_size': 45, 'attention_head_size': 1, 'learning_rate': 0.0017575002072856153}. Best is trial 14 with value: 74.48269653320312.
LOCAL_RANK: 0 - CUDA_VISIBLE_DEVICES: [0]
[I 2023-12-15 19:41:07,498] Trial 36 finished with value: 132.43182373046875 and parameters: {'gradient_clip_val': 0.3783296952093048, 'hidden_size': 57, 'dropout': 0.27054977261985946, 'hidden_continuous_size': 9, 'attention_head_size': 3, 'learning_rate': 0.0007045646831036997}. Best is trial 14 with value: 74.48269653320312.
LOCAL_RANK: 0 - CUDA_VISIBLE_DEVICES: [0]
[I 2023-12-15 19:42:02,582] Trial 37 finished with value: 126.11663055419922 and parameters: {'gradient_clip_val': 0.18548679021916306, 'hidden_size': 83, 'dropout': 0.22899758624939914, 'hidden_continuous_size': 16, 'attention_head_size': 4, 'learning_rate': 0.0014076596497008401}. Best is trial 14 with value: 74.48269653320312.
LOCAL_RANK: 0 - CUDA_VISIBLE_DEVICES: [0]
[I 2023-12-15 19:42:52,570] Trial 38 finished with value: 194.02748107910156 and parameters: {'gradient_clip_val': 0.1609554914383405, 'hidden_size': 45, 'dropout': 0.25340033991716304, 'hidden_continuous_size': 5, 'attention_head_size': 2, 'learning_rate': 0.002252600560658643}. Best is trial 14 with value: 74.48269653320312.
LOCAL_RANK: 0 - CUDA_VISIBLE_DEVICES: [0]
[I 2023-12-15 19:43:46,478] Trial 39 finished with value: 94.93421173095703 and parameters: {'gradient_clip_val': 0.29458607304206724, 'hidden_size': 89, 'dropout': 0.28236478365537065, 'hidden_continuous_size': 22, 'attention_head_size': 1, 'learning_rate': 0.01140702578536175}. Best is trial 14 with value: 74.48269653320312.
LOCAL_RANK: 0 - CUDA_VISIBLE_DEVICES: [0]
[I 2023-12-15 19:44:40,218] Trial 40 finished with value: 301.0118713378906 and parameters: {'gradient_clip_val': 0.2943483266725989, 'hidden_size': 82, 'dropout': 0.27338899104178893, 'hidden_continuous_size': 22, 'attention_head_size': 1, 'learning_rate': 0.012822985904104571}. Best is trial 14 with value: 74.48269653320312.
LOCAL_RANK: 0 - CUDA_VISIBLE_DEVICES: [0]
[I 2023-12-15 19:45:34,249] Trial 41 finished with value: 177.7184295654297 and parameters: {'gradient_clip_val': 0.37249803980127233, 'hidden_size': 89, 'dropout': 0.28776394871461186, 'hidden_continuous_size': 25, 'attention_head_size': 1, 'learning_rate': 0.0069429496336730605}. Best is trial 14 with value: 74.48269653320312.
LOCAL_RANK: 0 - CUDA_VISIBLE_DEVICES: [0]
[I 2023-12-15 19:46:27,010] Trial 42 finished with value: 226.3497772216797 and parameters: {'gradient_clip_val': 0.21513591699623763, 'hidden_size': 61, 'dropout': 0.3172010539442036, 'hidden_continuous_size': 14, 'attention_head_size': 1, 'learning_rate': 0.008624659746878767}. Best is trial 14 with value: 74.48269653320312.
LOCAL_RANK: 0 - CUDA_VISIBLE_DEVICES: [0]
