[I 2023-12-26 19:03:07,139] Trial 49 finished with value: 5.070970058441162 and parameters: {'gradient_clip_val': 0.44880656218550985, 'hidden_size': 132, 'dropout': 0.22741724800628, 'hidden_continuous_size': 8, 'attention_head_size': 4, 'learning_rate': 0.006116526251046508}. Best is trial 0 with value: 0.04007663577795029.
[I 2023-12-26 19:03:07,256] A new study created in memory with name: no-name-52b083e1-5ab8-4e09-a98a-f451b611092c
/home/le004/conda/anaconda3/envs/tsff_env/lib/python3.9/site-packages/lightning/fabric/plugins/environments/slurm.py:191: The `srun` command is available on your system but is not used. HINT: If your intention is to run Lightning on SLURM, prepend your python command with `srun` like so: srun python /home/le004/master_thesis/git/TSFusionForecast/code/ ...
[I 2023-12-26 19:14:05,929] Trial 0 finished with value: 3603.330322265625 and parameters: {'gradient_clip_val': 0.15543780158952303, 'hidden_size': 148, 'dropout': 0.4387085876625828, 'hidden_continuous_size': 48, 'attention_head_size': 1, 'learning_rate': 0.0005998259329861723}. Best is trial 0 with value: 3603.330322265625.
[I 2023-12-26 19:14:09,808] Trial 1 finished with value: 13459.7236328125 and parameters: {'gradient_clip_val': 0.24037568604377124, 'hidden_size': 77, 'dropout': 0.10909586787706621, 'hidden_continuous_size': 8, 'attention_head_size': 2, 'learning_rate': 0.0010859705927830196}. Best is trial 0 with value: 3603.330322265625.
[I 2023-12-26 19:14:11,428] Trial 2 finished with value: 20701.884765625 and parameters: {'gradient_clip_val': 0.2000543374408718, 'hidden_size': 5, 'dropout': 0.37956225241640706, 'hidden_continuous_size': 5, 'attention_head_size': 2, 'learning_rate': 0.022406313148294166}. Best is trial 0 with value: 3603.330322265625.
[I 2023-12-26 19:14:16,815] Trial 3 finished with value: 11901.9423828125 and parameters: {'gradient_clip_val': 0.41511121950133206, 'hidden_size': 93, 'dropout': 0.28854995800256267, 'hidden_continuous_size': 39, 'attention_head_size': 1, 'learning_rate': 0.06253252442206701}. Best is trial 0 with value: 3603.330322265625.
[I 2023-12-26 19:14:18,447] Trial 4 finished with value: 17686.771484375 and parameters: {'gradient_clip_val': 0.12513098009745546, 'hidden_size': 6, 'dropout': 0.17774509505562885, 'hidden_continuous_size': 6, 'attention_head_size': 1, 'learning_rate': 0.02995831072641119}. Best is trial 0 with value: 3603.330322265625.
[I 2023-12-26 19:14:23,489] Trial 5 finished with value: 12160.4189453125 and parameters: {'gradient_clip_val': 0.11203567042066911, 'hidden_size': 94, 'dropout': 0.11104147205384596, 'hidden_continuous_size': 5, 'attention_head_size': 2, 'learning_rate': 0.06087379348385347}. Best is trial 0 with value: 3603.330322265625.
[I 2023-12-26 19:14:25,693] Trial 6 finished with value: 15218.1943359375 and parameters: {'gradient_clip_val': 0.7084223095540344, 'hidden_size': 28, 'dropout': 0.3436534159018808, 'hidden_continuous_size': 9, 'attention_head_size': 1, 'learning_rate': 0.009683518878074025}. Best is trial 0 with value: 3603.330322265625.
[I 2023-12-26 19:14:30,540] Trial 7 finished with value: 16467.86328125 and parameters: {'gradient_clip_val': 0.10490007609269981, 'hidden_size': 91, 'dropout': 0.4664239192875317, 'hidden_continuous_size': 7, 'attention_head_size': 1, 'learning_rate': 0.004124926748005277}. Best is trial 0 with value: 3603.330322265625.
[I 2023-12-26 19:14:32,465] Trial 8 finished with value: 18309.61328125 and parameters: {'gradient_clip_val': 0.22078782663503432, 'hidden_size': 17, 'dropout': 0.3844492500116313, 'hidden_continuous_size': 12, 'attention_head_size': 1, 'learning_rate': 0.0008653641301150521}. Best is trial 0 with value: 3603.330322265625.
[I 2023-12-26 19:14:34,339] Trial 9 finished with value: 16203.1044921875 and parameters: {'gradient_clip_val': 0.7345164076300456, 'hidden_size': 10, 'dropout': 0.4368927095369016, 'hidden_continuous_size': 5, 'attention_head_size': 3, 'learning_rate': 0.021143443907010777}. Best is trial 0 with value: 3603.330322265625.
[I 2023-12-26 19:14:37,168] Trial 10 finished with value: 17555.349609375 and parameters: {'gradient_clip_val': 0.3826939812042192, 'hidden_size': 48, 'dropout': 0.47841026645861284, 'hidden_continuous_size': 44, 'attention_head_size': 4, 'learning_rate': 0.0021356471497789523}. Best is trial 0 with value: 3603.330322265625.
[I 2023-12-26 19:14:45,662] Trial 11 finished with value: 15115.0751953125 and parameters: {'gradient_clip_val': 0.42142715173702927, 'hidden_size': 135, 'dropout': 0.2757959393144626, 'hidden_continuous_size': 93, 'attention_head_size': 3, 'learning_rate': 0.0005211034884925339}. Best is trial 0 with value: 3603.330322265625.
[I 2023-12-26 19:14:53,157] Trial 12 finished with value: 13726.53515625 and parameters: {'gradient_clip_val': 0.46266900700437347, 'hidden_size': 131, 'dropout': 0.28240185945744173, 'hidden_continuous_size': 29, 'attention_head_size': 1, 'learning_rate': 0.08619579003093787}. Best is trial 0 with value: 3603.330322265625.
[I 2023-12-26 19:14:56,350] Trial 13 finished with value: 19550.3046875 and parameters: {'gradient_clip_val': 0.16714642140546213, 'hidden_size': 59, 'dropout': 0.2546336134514802, 'hidden_continuous_size': 26, 'attention_head_size': 2, 'learning_rate': 0.006164682548333585}. Best is trial 0 with value: 3603.330322265625.
[I 2023-12-26 19:15:04,783] Trial 14 finished with value: 15789.0087890625 and parameters: {'gradient_clip_val': 0.29847932338543826, 'hidden_size': 142, 'dropout': 0.4939430924653528, 'hidden_continuous_size': 57, 'attention_head_size': 4, 'learning_rate': 0.002266069282218289}. Best is trial 0 with value: 3603.330322265625.
[I 2023-12-26 19:15:07,589] Trial 15 finished with value: 17973.59375 and parameters: {'gradient_clip_val': 0.15395779253416897, 'hidden_size': 42, 'dropout': 0.3274479303168097, 'hidden_continuous_size': 18, 'attention_head_size': 1, 'learning_rate': 0.010128681773906033}. Best is trial 0 with value: 3603.330322265625.
[I 2023-12-26 19:15:11,310] Trial 16 finished with value: 15789.0302734375 and parameters: {'gradient_clip_val': 0.28643961809966184, 'hidden_size': 70, 'dropout': 0.40896730488996536, 'hidden_continuous_size': 36, 'attention_head_size': 3, 'learning_rate': 0.05064538890893862}. Best is trial 0 with value: 3603.330322265625.
[I 2023-12-26 19:15:13,889] Trial 17 finished with value: 20276.015625 and parameters: {'gradient_clip_val': 0.5318542510367125, 'hidden_size': 39, 'dropout': 0.23542240900422284, 'hidden_continuous_size': 18, 'attention_head_size': 2, 'learning_rate': 0.01492013814733043}. Best is trial 0 with value: 3603.330322265625.
[I 2023-12-26 19:15:19,784] Trial 18 finished with value: 17583.552734375 and parameters: {'gradient_clip_val': 0.9129005162874672, 'hidden_size': 102, 'dropout': 0.3443645622565815, 'hidden_continuous_size': 59, 'attention_head_size': 1, 'learning_rate': 0.03825862718595168}. Best is trial 0 with value: 3603.330322265625.
[I 2023-12-26 19:15:29,332] Trial 19 finished with value: 10383.0732421875 and parameters: {'gradient_clip_val': 0.3333022244005421, 'hidden_size': 150, 'dropout': 0.43133338707061, 'hidden_continuous_size': 113, 'attention_head_size': 2, 'learning_rate': 0.09233847449049966}. Best is trial 0 with value: 3603.330322265625.
[I 2023-12-26 19:15:32,517] Trial 20 finished with value: 11946.5517578125 and parameters: {'gradient_clip_val': 0.2709609645086919, 'hidden_size': 60, 'dropout': 0.42731187595172826, 'hidden_continuous_size': 24, 'attention_head_size': 2, 'learning_rate': 0.09549038618455058}. Best is trial 0 with value: 3603.330322265625.
[I 2023-12-26 19:15:41,558] Trial 21 finished with value: 19778.318359375 and parameters: {'gradient_clip_val': 0.3643508002425485, 'hidden_size': 139, 'dropout': 0.44878649640231094, 'hidden_continuous_size': 122, 'attention_head_size': 1, 'learning_rate': 0.05470650004957063}. Best is trial 0 with value: 3603.330322265625.
[I 2023-12-26 19:15:47,485] Trial 22 finished with value: 13090.421875 and parameters: {'gradient_clip_val': 0.3395826868882223, 'hidden_size': 101, 'dropout': 0.40643710337956845, 'hidden_continuous_size': 67, 'attention_head_size': 2, 'learning_rate': 0.09503473086539899}. Best is trial 0 with value: 3603.330322265625.
[I 2023-12-26 19:15:53,830] Trial 23 finished with value: 16199.8955078125 and parameters: {'gradient_clip_val': 0.3013994721224613, 'hidden_size': 113, 'dropout': 0.49866312014658287, 'hidden_continuous_size': 36, 'attention_head_size': 1, 'learning_rate': 0.03366807231985479}. Best is trial 0 with value: 3603.330322265625.
[I 2023-12-26 19:15:57,842] Trial 24 finished with value: 14311.1953125 and parameters: {'gradient_clip_val': 0.4969779335120812, 'hidden_size': 75, 'dropout': 0.32591326686321104, 'hidden_continuous_size': 41, 'attention_head_size': 3, 'learning_rate': 0.058753782646001416}. Best is trial 0 with value: 3603.330322265625.
[I 2023-12-26 19:16:07,465] Trial 25 finished with value: 19114.87890625 and parameters: {'gradient_clip_val': 0.19582624807586593, 'hidden_size': 143, 'dropout': 0.3676712900164284, 'hidden_continuous_size': 137, 'attention_head_size': 2, 'learning_rate': 0.017241992198702837}. Best is trial 0 with value: 3603.330322265625.
[I 2023-12-26 19:16:13,701] Trial 26 finished with value: 11841.0458984375 and parameters: {'gradient_clip_val': 0.2617919882047477, 'hidden_size': 103, 'dropout': 0.4540880121212539, 'hidden_continuous_size': 77, 'attention_head_size': 1, 'learning_rate': 0.031001903584043606}. Best is trial 0 with value: 3603.330322265625.
[I 2023-12-26 19:16:20,721] Trial 27 finished with value: 18636.390625 and parameters: {'gradient_clip_val': 0.2533398557245912, 'hidden_size': 113, 'dropout': 0.45211671963411715, 'hidden_continuous_size': 75, 'attention_head_size': 1, 'learning_rate': 0.02855424092333786}. Best is trial 0 with value: 3603.330322265625.
[I 2023-12-26 19:16:29,758] Trial 28 finished with value: 14501.8349609375 and parameters: {'gradient_clip_val': 0.14710428825021302, 'hidden_size': 145, 'dropout': 0.41411011445035406, 'hidden_continuous_size': 95, 'attention_head_size': 2, 'learning_rate': 0.012649193537913076}. Best is trial 0 with value: 3603.330322265625.
[I 2023-12-26 19:16:33,797] Trial 29 finished with value: 15457.81640625 and parameters: {'gradient_clip_val': 0.23282648472934206, 'hidden_size': 76, 'dropout': 0.4660512359571378, 'hidden_continuous_size': 47, 'attention_head_size': 2, 'learning_rate': 0.040866335924712754}. Best is trial 0 with value: 3603.330322265625.
[I 2023-12-26 19:16:38,401] Trial 30 finished with value: 16015.4453125 and parameters: {'gradient_clip_val': 0.1838282829657209, 'hidden_size': 81, 'dropout': 0.4371894391700358, 'hidden_continuous_size': 56, 'attention_head_size': 3, 'learning_rate': 0.023174918563090494}. Best is trial 0 with value: 3603.330322265625.
[I 2023-12-26 19:16:44,927] Trial 31 finished with value: 11500.8291015625 and parameters: {'gradient_clip_val': 0.32834785538268785, 'hidden_size': 109, 'dropout': 0.4078690400510603, 'hidden_continuous_size': 76, 'attention_head_size': 1, 'learning_rate': 0.08093922927431631}. Best is trial 0 with value: 3603.330322265625.
[I 2023-12-26 19:16:51,798] Trial 32 finished with value: 13374.7314453125 and parameters: {'gradient_clip_val': 0.23448599425924194, 'hidden_size': 114, 'dropout': 0.38751797075550376, 'hidden_continuous_size': 78, 'attention_head_size': 1, 'learning_rate': 0.07169263341330094}. Best is trial 0 with value: 3603.330322265625.
[I 2023-12-26 19:16:58,723] Trial 33 finished with value: 15486.0517578125 and parameters: {'gradient_clip_val': 0.330139347643389, 'hidden_size': 113, 'dropout': 0.42221289777610305, 'hidden_continuous_size': 88, 'attention_head_size': 1, 'learning_rate': 0.04762088065428173}. Best is trial 0 with value: 3603.330322265625.
[I 2023-12-26 19:17:03,762] Trial 34 finished with value: 10596.3486328125 and parameters: {'gradient_clip_val': 0.20625176378879556, 'hidden_size': 87, 'dropout': 0.4810645330877928, 'hidden_continuous_size': 62, 'attention_head_size': 1, 'learning_rate': 0.07637507274006969}. Best is trial 0 with value: 3603.330322265625.
[I 2023-12-26 19:17:08,314] Trial 35 finished with value: 13375.9404296875 and parameters: {'gradient_clip_val': 0.1345837303352571, 'hidden_size': 83, 'dropout': 0.47666167205539367, 'hidden_continuous_size': 49, 'attention_head_size': 2, 'learning_rate': 0.06874876915373598}. Best is trial 0 with value: 3603.330322265625.
[I 2023-12-26 19:17:11,832] Trial 36 finished with value: 11845.1513671875 and parameters: {'gradient_clip_val': 0.20178771323459405, 'hidden_size': 65, 'dropout': 0.3975037877703376, 'hidden_continuous_size': 50, 'attention_head_size': 1, 'learning_rate': 0.07193582405681574}. Best is trial 0 with value: 3603.330322265625.
[I 2023-12-26 19:17:16,817] Trial 37 finished with value: 11429.59765625 and parameters: {'gradient_clip_val': 0.12161543421360539, 'hidden_size': 89, 'dropout': 0.4997201158652579, 'hidden_continuous_size': 64, 'attention_head_size': 1, 'learning_rate': 0.09792091841729336}. Best is trial 0 with value: 3603.330322265625.
[I 2023-12-26 19:17:21,828] Trial 38 finished with value: 17416.525390625 and parameters: {'gradient_clip_val': 0.12163724741752557, 'hidden_size': 87, 'dropout': 0.49010584519055506, 'hidden_continuous_size': 62, 'attention_head_size': 2, 'learning_rate': 0.041651639083099205}. Best is trial 0 with value: 3603.330322265625.
[I 2023-12-26 19:17:31,598] Trial 39 finished with value: 11122.7294921875 and parameters: {'gradient_clip_val': 0.1074591360333639, 'hidden_size': 150, 'dropout': 0.4680051628510356, 'hidden_continuous_size': 109, 'attention_head_size': 1, 'learning_rate': 0.05751786884770761}. Best is trial 0 with value: 3603.330322265625.
[I 2023-12-26 19:17:40,959] Trial 40 finished with value: 14441.8134765625 and parameters: {'gradient_clip_val': 0.11162116368729814, 'hidden_size': 146, 'dropout': 0.4642189040100719, 'hidden_continuous_size': 111, 'attention_head_size': 1, 'learning_rate': 0.05036233401097656}. Best is trial 0 with value: 3603.330322265625.
[I 2023-12-26 19:17:45,862] Trial 41 finished with value: 13639.640625 and parameters: {'gradient_clip_val': 0.12644391393174315, 'hidden_size': 88, 'dropout': 0.4974618236519423, 'hidden_continuous_size': 65, 'attention_head_size': 1, 'learning_rate': 0.09189783881944467}. Best is trial 0 with value: 3603.330322265625.
[I 2023-12-26 19:17:53,080] Trial 42 finished with value: 13767.94921875 and parameters: {'gradient_clip_val': 0.10158519779379245, 'hidden_size': 116, 'dropout': 0.47790691166545574, 'hidden_continuous_size': 98, 'attention_head_size': 1, 'learning_rate': 0.06721385102148983}. Best is trial 0 with value: 3603.330322265625.
[I 2023-12-26 19:18:02,874] Trial 43 finished with value: 7570.15087890625 and parameters: {'gradient_clip_val': 0.1410303859165947, 'hidden_size': 150, 'dropout': 0.44223993738255385, 'hidden_continuous_size': 132, 'attention_head_size': 1, 'learning_rate': 0.09997118601271698}. Best is trial 0 with value: 3603.330322265625.
[I 2023-12-26 19:18:11,738] Trial 44 finished with value: 9146.66015625 and parameters: {'gradient_clip_val': 0.14250587219569857, 'hidden_size': 138, 'dropout': 0.4380546423905215, 'hidden_continuous_size': 115, 'attention_head_size': 1, 'learning_rate': 0.05558618066595282}. Best is trial 0 with value: 3603.330322265625.
[I 2023-12-26 19:18:18,842] Trial 45 finished with value: 16265.6611328125 and parameters: {'gradient_clip_val': 0.17817734343902394, 'hidden_size': 116, 'dropout': 0.43625250415140326, 'hidden_continuous_size': 87, 'attention_head_size': 1, 'learning_rate': 0.024369181950089653}. Best is trial 0 with value: 3603.330322265625.
[I 2023-12-26 19:18:26,808] Trial 46 finished with value: 17536.005859375 and parameters: {'gradient_clip_val': 0.16110033412295627, 'hidden_size': 125, 'dropout': 0.44295624134400735, 'hidden_continuous_size': 105, 'attention_head_size': 2, 'learning_rate': 0.03970447748905302}. Best is trial 0 with value: 3603.330322265625.
[I 2023-12-26 19:18:34,690] Trial 47 finished with value: 13416.7734375 and parameters: {'gradient_clip_val': 0.21312837228368195, 'hidden_size': 125, 'dropout': 0.427317378355555, 'hidden_continuous_size': 112, 'attention_head_size': 1, 'learning_rate': 0.06733106041554206}. Best is trial 0 with value: 3603.330322265625.
[I 2023-12-26 19:18:40,553] Trial 48 finished with value: 15676.4716796875 and parameters: {'gradient_clip_val': 0.14421889769104088, 'hidden_size': 95, 'dropout': 0.3898031454877672, 'hidden_continuous_size': 82, 'attention_head_size': 4, 'learning_rate': 0.00173287548174628}. Best is trial 0 with value: 3603.330322265625.
[I 2023-12-26 19:18:48,214] Trial 49 finished with value: 14191.78515625 and parameters: {'gradient_clip_val': 0.15831725310976477, 'hidden_size': 128, 'dropout': 0.4517636753506325, 'hidden_continuous_size': 93, 'attention_head_size': 1, 'learning_rate': 0.006869891767275204}. Best is trial 0 with value: 3603.330322265625.
