[I 2023-12-26 13:15:47,354] Trial 1 finished with value: 4.843873977661133 and parameters: {'gradient_clip_val': 0.16607136008890705, 'hidden_size': 17, 'dropout': 0.4311696828016691, 'hidden_continuous_size': 7, 'attention_head_size': 3, 'learning_rate': 0.001498177085556398}. Best is trial 0 with value: 0.3584578037261963.
[I 2023-12-26 13:15:54,553] Trial 2 finished with value: 3.574965715408325 and parameters: {'gradient_clip_val': 0.7234328421138728, 'hidden_size': 106, 'dropout': 0.13175732806713913, 'hidden_continuous_size': 21, 'attention_head_size': 1, 'learning_rate': 0.04602162698366287}. Best is trial 0 with value: 0.3584578037261963.
[I 2023-12-26 13:15:56,753] Trial 3 finished with value: 3.282419204711914 and parameters: {'gradient_clip_val': 0.3100340337448382, 'hidden_size': 9, 'dropout': 0.1369129370619091, 'hidden_continuous_size': 6, 'attention_head_size': 2, 'learning_rate': 0.010076789192769811}. Best is trial 0 with value: 0.3584578037261963.
[I 2023-12-26 13:15:58,759] Trial 4 finished with value: 4.563438892364502 and parameters: {'gradient_clip_val': 0.6780022196536198, 'hidden_size': 9, 'dropout': 0.22962795809410236, 'hidden_continuous_size': 5, 'attention_head_size': 3, 'learning_rate': 0.05511598554795189}. Best is trial 0 with value: 0.3584578037261963.
[I 2023-12-26 13:16:02,551] Trial 5 finished with value: 3.6134426593780518 and parameters: {'gradient_clip_val': 0.4794533231087263, 'hidden_size': 57, 'dropout': 0.3035572057816749, 'hidden_continuous_size': 7, 'attention_head_size': 1, 'learning_rate': 0.0010097252210038944}. Best is trial 0 with value: 0.3584578037261963.
[I 2023-12-26 13:16:04,322] Trial 6 finished with value: 2.7018508911132812 and parameters: {'gradient_clip_val': 0.6986121533394141, 'hidden_size': 5, 'dropout': 0.47363795118351915, 'hidden_continuous_size': 5, 'attention_head_size': 3, 'learning_rate': 0.03143445961516307}. Best is trial 0 with value: 0.3584578037261963.
[I 2023-12-26 13:16:06,499] Trial 7 finished with value: 3.2842838764190674 and parameters: {'gradient_clip_val': 0.9435120693490675, 'hidden_size': 18, 'dropout': 0.36503072813835, 'hidden_continuous_size': 8, 'attention_head_size': 3, 'learning_rate': 0.0011594316188949588}. Best is trial 0 with value: 0.3584578037261963.
[I 2023-12-26 13:16:08,278] Trial 8 finished with value: 4.103133678436279 and parameters: {'gradient_clip_val': 0.4906126278841296, 'hidden_size': 5, 'dropout': 0.25792272678643857, 'hidden_continuous_size': 5, 'attention_head_size': 4, 'learning_rate': 0.0024513355632300024}. Best is trial 0 with value: 0.3584578037261963.
[I 2023-12-26 13:16:17,732] Trial 9 finished with value: 3.005969762802124 and parameters: {'gradient_clip_val': 0.13527605869526457, 'hidden_size': 142, 'dropout': 0.3211120122805269, 'hidden_continuous_size': 14, 'attention_head_size': 2, 'learning_rate': 0.0220401847397733}. Best is trial 0 with value: 0.3584578037261963.
[I 2023-12-26 13:16:21,615] Trial 10 finished with value: 3.515709638595581 and parameters: {'gradient_clip_val': 0.12562144964449207, 'hidden_size': 52, 'dropout': 0.21242453284606638, 'hidden_continuous_size': 48, 'attention_head_size': 4, 'learning_rate': 0.004661479305317325}. Best is trial 0 with value: 0.3584578037261963.
[I 2023-12-26 13:16:24,298] Trial 11 finished with value: 4.955886363983154 and parameters: {'gradient_clip_val': 0.10055829944903745, 'hidden_size': 34, 'dropout': 0.4653865261887207, 'hidden_continuous_size': 11, 'attention_head_size': 3, 'learning_rate': 0.014214754905691207}. Best is trial 0 with value: 0.3584578037261963.
[I 2023-12-26 13:16:30,424] Trial 12 finished with value: 4.0684356689453125 and parameters: {'gradient_clip_val': 0.22665491055308598, 'hidden_size': 89, 'dropout': 0.49270047442533127, 'hidden_continuous_size': 22, 'attention_head_size': 4, 'learning_rate': 0.005255874031806664}. Best is trial 0 with value: 0.3584578037261963.
[I 2023-12-26 13:16:33,849] Trial 13 finished with value: 4.2392072677612305 and parameters: {'gradient_clip_val': 0.22106105798626552, 'hidden_size': 45, 'dropout': 0.3932342424792845, 'hidden_continuous_size': 10, 'attention_head_size': 2, 'learning_rate': 0.08544704269056606}. Best is trial 0 with value: 0.3584578037261963.
[I 2023-12-26 13:16:36,521] Trial 14 finished with value: 3.864492654800415 and parameters: {'gradient_clip_val': 0.3735160111641338, 'hidden_size': 31, 'dropout': 0.364492560817254, 'hidden_continuous_size': 5, 'attention_head_size': 3, 'learning_rate': 0.022589914405243324}. Best is trial 0 with value: 0.3584578037261963.
[I 2023-12-26 13:16:42,101] Trial 15 finished with value: 4.450301647186279 and parameters: {'gradient_clip_val': 0.1986706682477192, 'hidden_size': 79, 'dropout': 0.41526218024779293, 'hidden_continuous_size': 15, 'attention_head_size': 2, 'learning_rate': 0.009659121059521089}. Best is trial 0 with value: 0.3584578037261963.
[I 2023-12-26 13:16:44,422] Trial 16 finished with value: 3.3913707733154297 and parameters: {'gradient_clip_val': 0.29828823815276867, 'hidden_size': 22, 'dropout': 0.4594549146028295, 'hidden_continuous_size': 6, 'attention_head_size': 4, 'learning_rate': 0.025663454391485218}. Best is trial 0 with value: 0.3584578037261963.
[I 2023-12-26 13:16:46,208] Trial 17 finished with value: 3.466557741165161 and parameters: {'gradient_clip_val': 0.10730177256260452, 'hidden_size': 5, 'dropout': 0.3417696466575912, 'hidden_continuous_size': 5, 'attention_head_size': 3, 'learning_rate': 0.000567616921494652}. Best is trial 0 with value: 0.3584578037261963.
[I 2023-12-26 13:16:55,964] Trial 18 finished with value: 3.9831249713897705 and parameters: {'gradient_clip_val': 0.16942274618216138, 'hidden_size': 143, 'dropout': 0.49964433122673474, 'hidden_continuous_size': 36, 'attention_head_size': 2, 'learning_rate': 0.0037394110922855826}. Best is trial 0 with value: 0.3584578037261963.
[I 2023-12-26 13:17:00,262] Trial 19 finished with value: 3.748711347579956 and parameters: {'gradient_clip_val': 0.2647595692352096, 'hidden_size': 65, 'dropout': 0.3904330598704306, 'hidden_continuous_size': 10, 'attention_head_size': 4, 'learning_rate': 0.0080915987873284}. Best is trial 0 with value: 0.3584578037261963.
[I 2023-12-26 13:17:03,337] Trial 20 finished with value: 3.727341890335083 and parameters: {'gradient_clip_val': 0.41598230298421773, 'hidden_size': 40, 'dropout': 0.27523851306260383, 'hidden_continuous_size': 17, 'attention_head_size': 3, 'learning_rate': 0.03629314429238015}. Best is trial 0 with value: 0.3584578037261963.
[I 2023-12-26 13:17:12,440] Trial 21 finished with value: 3.431926727294922 and parameters: {'gradient_clip_val': 0.13694160800728492, 'hidden_size': 122, 'dropout': 0.3214302349045987, 'hidden_continuous_size': 95, 'attention_head_size': 2, 'learning_rate': 0.017637716944135542}. Best is trial 0 with value: 0.3584578037261963.
[I 2023-12-26 13:17:21,335] Trial 22 finished with value: 3.0706710815429688 and parameters: {'gradient_clip_val': 0.12762571602920383, 'hidden_size': 133, 'dropout': 0.3322450285335548, 'hidden_continuous_size': 13, 'attention_head_size': 1, 'learning_rate': 0.014026595326579776}. Best is trial 0 with value: 0.3584578037261963.
[I 2023-12-26 13:17:27,644] Trial 23 finished with value: 4.2393269538879395 and parameters: {'gradient_clip_val': 0.15285516870128163, 'hidden_size': 94, 'dropout': 0.2813893599643277, 'hidden_continuous_size': 9, 'attention_head_size': 2, 'learning_rate': 0.02936271682239409}. Best is trial 0 with value: 0.3584578037261963.
[I 2023-12-26 13:17:32,419] Trial 24 finished with value: 3.9282777309417725 and parameters: {'gradient_clip_val': 0.11313960026646407, 'hidden_size': 70, 'dropout': 0.3150143632424038, 'hidden_continuous_size': 12, 'attention_head_size': 3, 'learning_rate': 0.016002590143101653}. Best is trial 0 with value: 0.3584578037261963.
[I 2023-12-26 13:17:39,632] Trial 25 finished with value: 3.4285011291503906 and parameters: {'gradient_clip_val': 0.18317605032258363, 'hidden_size': 107, 'dropout': 0.44302921257132966, 'hidden_continuous_size': 8, 'attention_head_size': 2, 'learning_rate': 0.006571898497733102}. Best is trial 0 with value: 0.3584578037261963.
[I 2023-12-26 13:17:49,451] Trial 26 finished with value: 3.1989967823028564 and parameters: {'gradient_clip_val': 0.14364912495071458, 'hidden_size': 149, 'dropout': 0.4104946591282288, 'hidden_continuous_size': 16, 'attention_head_size': 3, 'learning_rate': 0.03683513556982152}. Best is trial 0 with value: 0.3584578037261963.
[I 2023-12-26 13:17:54,803] Trial 27 finished with value: 3.2817466259002686 and parameters: {'gradient_clip_val': 0.10284458221355612, 'hidden_size': 75, 'dropout': 0.35756139754824423, 'hidden_continuous_size': 13, 'attention_head_size': 2, 'learning_rate': 0.06584014805374078}. Best is trial 0 with value: 0.3584578037261963.
[I 2023-12-26 13:17:58,276] Trial 28 finished with value: 5.561000823974609 and parameters: {'gradient_clip_val': 0.15081221303600797, 'hidden_size': 51, 'dropout': 0.2996989854078292, 'hidden_continuous_size': 9, 'attention_head_size': 1, 'learning_rate': 0.021215228274006053}. Best is trial 0 with value: 0.3584578037261963.
[I 2023-12-26 13:18:00,731] Trial 29 finished with value: 3.1689107418060303 and parameters: {'gradient_clip_val': 0.1671931203616024, 'hidden_size': 26, 'dropout': 0.4429399583214133, 'hidden_continuous_size': 6, 'attention_head_size': 3, 'learning_rate': 0.09470290143538672}. Best is trial 0 with value: 0.3584578037261963.
[I 2023-12-26 13:18:07,640] Trial 30 finished with value: 4.704427242279053 and parameters: {'gradient_clip_val': 0.12556966803992, 'hidden_size': 102, 'dropout': 0.38790252637166245, 'hidden_continuous_size': 7, 'attention_head_size': 3, 'learning_rate': 0.011172042855526847}. Best is trial 0 with value: 0.3584578037261963.
[I 2023-12-26 13:18:16,248] Trial 31 finished with value: 4.670647144317627 and parameters: {'gradient_clip_val': 0.12906071620642282, 'hidden_size': 129, 'dropout': 0.3382420325558645, 'hidden_continuous_size': 15, 'attention_head_size': 1, 'learning_rate': 0.013455688712270372}. Best is trial 0 with value: 0.3584578037261963.
[I 2023-12-26 13:18:23,836] Trial 32 finished with value: 4.5362868309021 and parameters: {'gradient_clip_val': 0.1207148162455687, 'hidden_size': 113, 'dropout': 0.33573822697586325, 'hidden_continuous_size': 19, 'attention_head_size': 1, 'learning_rate': 0.018500390917423372}. Best is trial 0 with value: 0.3584578037261963.
[I 2023-12-26 13:18:29,528] Trial 33 finished with value: 4.539778232574463 and parameters: {'gradient_clip_val': 0.13789867802544184, 'hidden_size': 84, 'dropout': 0.24635696330470264, 'hidden_continuous_size': 13, 'attention_head_size': 1, 'learning_rate': 0.030799293040013276}. Best is trial 0 with value: 0.3584578037261963.
[I 2023-12-26 13:18:39,417] Trial 34 finished with value: 3.429048538208008 and parameters: {'gradient_clip_val': 0.11506238505432803, 'hidden_size': 150, 'dropout': 0.20754590442630502, 'hidden_continuous_size': 24, 'attention_head_size': 1, 'learning_rate': 0.04238574150395447}. Best is trial 0 with value: 0.3584578037261963.
[I 2023-12-26 13:18:47,110] Trial 35 finished with value: 3.987180709838867 and parameters: {'gradient_clip_val': 0.18984411814296628, 'hidden_size': 115, 'dropout': 0.290433558754066, 'hidden_continuous_size': 12, 'attention_head_size': 2, 'learning_rate': 0.011468036362223008}. Best is trial 0 with value: 0.3584578037261963.
[I 2023-12-26 13:18:49,218] Trial 36 finished with value: 3.535888433456421 and parameters: {'gradient_clip_val': 0.6040539031224137, 'hidden_size': 12, 'dropout': 0.3189434811536653, 'hidden_continuous_size': 6, 'attention_head_size': 3, 'learning_rate': 0.008371531057125552}. Best is trial 0 with value: 0.3584578037261963.
[I 2023-12-26 13:18:53,508] Trial 37 finished with value: 4.71055793762207 and parameters: {'gradient_clip_val': 0.9253127034718744, 'hidden_size': 63, 'dropout': 0.26919886760360445, 'hidden_continuous_size': 14, 'attention_head_size': 1, 'learning_rate': 0.05264243358539474}. Best is trial 0 with value: 0.3584578037261963.
[I 2023-12-26 13:18:59,525] Trial 38 finished with value: 3.089360475540161 and parameters: {'gradient_clip_val': 0.1538554392670122, 'hidden_size': 87, 'dropout': 0.24810555649015656, 'hidden_continuous_size': 11, 'attention_head_size': 3, 'learning_rate': 0.02504580545203027}. Best is trial 0 with value: 0.3584578037261963.
[I 2023-12-26 13:19:08,418] Trial 39 finished with value: 3.267014503479004 and parameters: {'gradient_clip_val': 0.10017909895655386, 'hidden_size': 129, 'dropout': 0.29700858799652774, 'hidden_continuous_size': 19, 'attention_head_size': 2, 'learning_rate': 0.014489867771860591}. Best is trial 0 with value: 0.3584578037261963.
[I 2023-12-26 13:19:12,207] Trial 40 finished with value: 2.9113686084747314 and parameters: {'gradient_clip_val': 0.11507343121635423, 'hidden_size': 57, 'dropout': 0.3743933896027384, 'hidden_continuous_size': 8, 'attention_head_size': 4, 'learning_rate': 0.01104404960488775}. Best is trial 0 with value: 0.3584578037261963.
[I 2023-12-26 13:19:18,908] Trial 41 finished with value: 4.093420028686523 and parameters: {'gradient_clip_val': 0.11612524478779568, 'hidden_size': 99, 'dropout': 0.35827300584583516, 'hidden_continuous_size': 8, 'attention_head_size': 4, 'learning_rate': 0.012050186466525793}. Best is trial 0 with value: 0.3584578037261963.
[I 2023-12-26 13:19:23,423] Trial 42 finished with value: 5.058970928192139 and parameters: {'gradient_clip_val': 0.130513874472728, 'hidden_size': 65, 'dropout': 0.3803718293542854, 'hidden_continuous_size': 7, 'attention_head_size': 4, 'learning_rate': 0.006730684677582109}. Best is trial 0 with value: 0.3584578037261963.
[I 2023-12-26 13:19:27,228] Trial 43 finished with value: 3.2759037017822266 and parameters: {'gradient_clip_val': 0.11072659070486085, 'hidden_size': 57, 'dropout': 0.4173454645673016, 'hidden_continuous_size': 14, 'attention_head_size': 4, 'learning_rate': 0.020147110003900154}. Best is trial 0 with value: 0.3584578037261963.
[I 2023-12-26 13:19:32,319] Trial 44 finished with value: 3.9564740657806396 and parameters: {'gradient_clip_val': 0.12527932920325163, 'hidden_size': 80, 'dropout': 0.4768018845038456, 'hidden_continuous_size': 10, 'attention_head_size': 3, 'learning_rate': 0.015451699898073278}. Best is trial 0 with value: 0.3584578037261963.
[I 2023-12-26 13:19:39,577] Trial 45 finished with value: 5.074508190155029 and parameters: {'gradient_clip_val': 0.1442558467957959, 'hidden_size': 107, 'dropout': 0.42660976345099766, 'hidden_continuous_size': 11, 'attention_head_size': 4, 'learning_rate': 0.009556378123615178}. Best is trial 0 with value: 0.3584578037261963.
[I 2023-12-26 13:19:48,292] Trial 46 finished with value: 3.795210599899292 and parameters: {'gradient_clip_val': 0.10062219854242684, 'hidden_size': 130, 'dropout': 0.4048732829222079, 'hidden_continuous_size': 18, 'attention_head_size': 2, 'learning_rate': 0.022298713609259606}. Best is trial 0 with value: 0.3584578037261963.
[I 2023-12-26 13:19:51,082] Trial 47 finished with value: 3.8483684062957764 and parameters: {'gradient_clip_val': 0.16154119845048387, 'hidden_size': 38, 'dropout': 0.3786523061300857, 'hidden_continuous_size': 5, 'attention_head_size': 3, 'learning_rate': 0.01207127790534885}. Best is trial 0 with value: 0.3584578037261963.
[I 2023-12-26 13:19:54,562] Trial 48 finished with value: 3.707306146621704 and parameters: {'gradient_clip_val': 0.2330196454353403, 'hidden_size': 48, 'dropout': 0.34721069941845667, 'hidden_continuous_size': 9, 'attention_head_size': 4, 'learning_rate': 0.008652311323873174}. Best is trial 0 with value: 0.3584578037261963.
[I 2023-12-26 13:20:00,839] Trial 49 finished with value: 3.7715165615081787 and parameters: {'gradient_clip_val': 0.11181107818852169, 'hidden_size': 90, 'dropout': 0.3699309101404423, 'hidden_continuous_size': 22, 'attention_head_size': 3, 'learning_rate': 0.00549415748651694}. Best is trial 0 with value: 0.3584578037261963.
[I 2023-12-26 13:20:00,971] A new study created in memory with name: no-name-9d8e8866-4019-4e52-b0db-510970cb91b4
/home/le004/conda/anaconda3/envs/tsff_env/lib/python3.9/site-packages/lightning/fabric/plugins/environments/slurm.py:191: The `srun` command is available on your system but is not used. HINT: If your intention is to run Lightning on SLURM, prepend your python command with `srun` like so: srun python /home/le004/master_thesis/git/TSFusionForecast/code/ ...
[I 2023-12-26 13:23:30,399] Trial 0 finished with value: 0.06310846656560898 and parameters: {'gradient_clip_val': 0.11187717584204211, 'hidden_size': 15, 'dropout': 0.29037047565614826, 'hidden_continuous_size': 12, 'attention_head_size': 4, 'learning_rate': 0.021447641683312958}. Best is trial 0 with value: 0.06310846656560898.
[I 2023-12-26 13:23:32,746] Trial 1 finished with value: 2.6367909908294678 and parameters: {'gradient_clip_val': 0.17244968291615834, 'hidden_size': 6, 'dropout': 0.35245988628824254, 'hidden_continuous_size': 5, 'attention_head_size': 1, 'learning_rate': 0.0020883458424503635}. Best is trial 0 with value: 0.06310846656560898.
[I 2023-12-26 13:23:35,570] Trial 2 finished with value: 2.4257802963256836 and parameters: {'gradient_clip_val': 0.20260331283017077, 'hidden_size': 23, 'dropout': 0.421999232916237, 'hidden_continuous_size': 6, 'attention_head_size': 4, 'learning_rate': 0.07214341665757724}. Best is trial 0 with value: 0.06310846656560898.
[I 2023-12-26 13:23:37,731] Trial 3 finished with value: 3.600679636001587 and parameters: {'gradient_clip_val': 0.5379814283180453, 'hidden_size': 5, 'dropout': 0.4281506328806547, 'hidden_continuous_size': 5, 'attention_head_size': 4, 'learning_rate': 0.0005308751013311826}. Best is trial 0 with value: 0.06310846656560898.
[I 2023-12-26 13:23:40,209] Trial 4 finished with value: 3.19286847114563 and parameters: {'gradient_clip_val': 0.14729825025079857, 'hidden_size': 13, 'dropout': 0.42143219230205176, 'hidden_continuous_size': 9, 'attention_head_size': 1, 'learning_rate': 0.08959539625784353}. Best is trial 0 with value: 0.06310846656560898.
[I 2023-12-26 13:23:49,067] Trial 5 finished with value: 3.9073314666748047 and parameters: {'gradient_clip_val': 0.29580271072878994, 'hidden_size': 114, 'dropout': 0.22953760525086706, 'hidden_continuous_size': 64, 'attention_head_size': 2, 'learning_rate': 0.001460075381317392}. Best is trial 0 with value: 0.06310846656560898.
[I 2023-12-26 13:23:57,217] Trial 6 finished with value: 2.1680850982666016 and parameters: {'gradient_clip_val': 0.4639852606477135, 'hidden_size': 104, 'dropout': 0.13813845345357514, 'hidden_continuous_size': 19, 'attention_head_size': 2, 'learning_rate': 0.05777214877245656}. Best is trial 0 with value: 0.06310846656560898.
[I 2023-12-26 13:24:00,079] Trial 7 finished with value: 1.9084023237228394 and parameters: {'gradient_clip_val': 0.12098515800085768, 'hidden_size': 22, 'dropout': 0.15080335634959338, 'hidden_continuous_size': 5, 'attention_head_size': 3, 'learning_rate': 0.0134917569723809}. Best is trial 0 with value: 0.06310846656560898.
[I 2023-12-26 13:24:02,404] Trial 8 finished with value: 3.4660260677337646 and parameters: {'gradient_clip_val': 0.40232073378760475, 'hidden_size': 13, 'dropout': 0.47536925327851953, 'hidden_continuous_size': 13, 'attention_head_size': 1, 'learning_rate': 0.0021022256265853935}. Best is trial 0 with value: 0.06310846656560898.
[I 2023-12-26 13:24:04,134] Trial 9 finished with value: 2.395408868789673 and parameters: {'gradient_clip_val': 0.3939834294666199, 'hidden_size': 5, 'dropout': 0.3299928573846765, 'hidden_continuous_size': 5, 'attention_head_size': 1, 'learning_rate': 0.04811708225693372}. Best is trial 0 with value: 0.06310846656560898.
[I 2023-12-26 13:24:08,222] Trial 10 finished with value: 2.7742230892181396 and parameters: {'gradient_clip_val': 0.10034318658409873, 'hidden_size': 51, 'dropout': 0.2576854623950343, 'hidden_continuous_size': 19, 'attention_head_size': 3, 'learning_rate': 0.012913879946471878}. Best is trial 0 with value: 0.06310846656560898.
[I 2023-12-26 13:24:11,383] Trial 11 finished with value: 3.507683038711548 and parameters: {'gradient_clip_val': 0.11272260675935811, 'hidden_size': 31, 'dropout': 0.10184879736853902, 'hidden_continuous_size': 8, 'attention_head_size': 3, 'learning_rate': 0.016003332367580884}. Best is trial 0 with value: 0.06310846656560898.
[I 2023-12-26 13:24:13,772] Trial 12 finished with value: 3.039296865463257 and parameters: {'gradient_clip_val': 0.9362969471885768, 'hidden_size': 16, 'dropout': 0.18890643032599644, 'hidden_continuous_size': 6, 'attention_head_size': 4, 'learning_rate': 0.020372810225658382}. Best is trial 0 with value: 0.06310846656560898.
[I 2023-12-26 13:24:18,220] Trial 13 finished with value: 2.3213860988616943 and parameters: {'gradient_clip_val': 0.12430076091789291, 'hidden_size': 39, 'dropout': 0.277078666839528, 'hidden_continuous_size': 10, 'attention_head_size': 3, 'learning_rate': 0.006215644464274139}. Best is trial 0 with value: 0.06310846656560898.
[I 2023-12-26 13:24:20,809] Trial 14 finished with value: 1.9310604333877563 and parameters: {'gradient_clip_val': 0.2227612155374176, 'hidden_size': 10, 'dropout': 0.189226880494047, 'hidden_continuous_size': 6, 'attention_head_size': 4, 'learning_rate': 0.030655774034116155}. Best is trial 0 with value: 0.06310846656560898.
[I 2023-12-26 13:24:23,517] Trial 15 finished with value: 2.9379138946533203 and parameters: {'gradient_clip_val': 0.1320904020755594, 'hidden_size': 22, 'dropout': 0.31213841082461663, 'hidden_continuous_size': 8, 'attention_head_size': 3, 'learning_rate': 0.00768123895102818}. Best is trial 0 with value: 0.06310846656560898.
