[I 2023-12-15 15:27:49,752] Trial 45 finished with value: 57.383636474609375 and parameters: {'gradient_clip_val': 0.6464102729335419, 'hidden_size': 16, 'dropout': 0.3915011268647021, 'hidden_continuous_size': 11, 'attention_head_size': 1, 'learning_rate': 0.007937236746172766}. Best is trial 30 with value: 42.18046951293945.
LOCAL_RANK: 0 - CUDA_VISIBLE_DEVICES: [0]
[I 2023-12-15 15:28:38,615] Trial 46 finished with value: 65.18405151367188 and parameters: {'gradient_clip_val': 0.7203637157702976, 'hidden_size': 25, 'dropout': 0.29112764822501813, 'hidden_continuous_size': 10, 'attention_head_size': 3, 'learning_rate': 0.004789439986244669}. Best is trial 30 with value: 42.18046951293945.
LOCAL_RANK: 0 - CUDA_VISIBLE_DEVICES: [0]
[I 2023-12-15 15:29:24,630] Trial 47 finished with value: 50.45392990112305 and parameters: {'gradient_clip_val': 0.48243699191907297, 'hidden_size': 14, 'dropout': 0.31163956733290277, 'hidden_continuous_size': 12, 'attention_head_size': 2, 'learning_rate': 0.0031346018428919627}. Best is trial 30 with value: 42.18046951293945.
LOCAL_RANK: 0 - CUDA_VISIBLE_DEVICES: [0]
[I 2023-12-15 15:30:10,479] Trial 48 finished with value: 53.60654067993164 and parameters: {'gradient_clip_val': 0.39746738680506766, 'hidden_size': 14, 'dropout': 0.3479950759255738, 'hidden_continuous_size': 13, 'attention_head_size': 2, 'learning_rate': 0.0031241252729413637}. Best is trial 30 with value: 42.18046951293945.
LOCAL_RANK: 0 - CUDA_VISIBLE_DEVICES: [0]
[I 2023-12-15 15:30:55,216] Trial 49 finished with value: 83.36116027832031 and parameters: {'gradient_clip_val': 0.5273609516276311, 'hidden_size': 11, 'dropout': 0.3615603999648159, 'hidden_continuous_size': 8, 'attention_head_size': 2, 'learning_rate': 0.0016184189678471264}. Best is trial 30 with value: 42.18046951293945.
[I 2023-12-15 15:30:55,313] A new study created in memory with name: no-name-5703a80e-810c-4dba-85d7-f81d4b20ce48
/home/le004/conda/anaconda3/envs/tsff_env/lib/python3.9/site-packages/lightning/fabric/plugins/environments/slurm.py:191: The `srun` command is available on your system but is not used. HINT: If your intention is to run Lightning on SLURM, prepend your python command with `srun` like so: srun python /home/le004/master_thesis/git/TSFusionForecast/code/ ...
LOCAL_RANK: 0 - CUDA_VISIBLE_DEVICES: [0]
[I 2023-12-15 15:31:39,637] Trial 0 finished with value: 229.945068359375 and parameters: {'gradient_clip_val': 0.2815830439046818, 'hidden_size': 8, 'dropout': 0.31528672709702954, 'hidden_continuous_size': 6, 'attention_head_size': 4, 'learning_rate': 0.0020069449845530555}. Best is trial 0 with value: 229.945068359375.
LOCAL_RANK: 0 - CUDA_VISIBLE_DEVICES: [0]
[I 2023-12-15 15:32:25,274] Trial 1 finished with value: 277.3907165527344 and parameters: {'gradient_clip_val': 0.5060502171769278, 'hidden_size': 20, 'dropout': 0.31967721818039535, 'hidden_continuous_size': 6, 'attention_head_size': 2, 'learning_rate': 0.0015631441947171565}. Best is trial 0 with value: 229.945068359375.
LOCAL_RANK: 0 - CUDA_VISIBLE_DEVICES: [0]
[I 2023-12-15 15:32:58,797] Trial 2 finished with value: 308.2134094238281 and parameters: {'gradient_clip_val': 0.6401479748479836, 'hidden_size': 6, 'dropout': 0.15232944268724133, 'hidden_continuous_size': 6, 'attention_head_size': 2, 'learning_rate': 0.04204288673774061}. Best is trial 0 with value: 229.945068359375.
LOCAL_RANK: 0 - CUDA_VISIBLE_DEVICES: [0]
[I 2023-12-15 15:33:31,975] Trial 3 finished with value: 277.0641174316406 and parameters: {'gradient_clip_val': 0.27903062692034863, 'hidden_size': 7, 'dropout': 0.2165764920670869, 'hidden_continuous_size': 7, 'attention_head_size': 1, 'learning_rate': 0.0009961572229197162}. Best is trial 0 with value: 229.945068359375.
LOCAL_RANK: 0 - CUDA_VISIBLE_DEVICES: [0]
[I 2023-12-15 15:34:18,165] Trial 4 finished with value: 346.1826171875 and parameters: {'gradient_clip_val': 0.7839287758695542, 'hidden_size': 18, 'dropout': 0.34431568215691827, 'hidden_continuous_size': 6, 'attention_head_size': 2, 'learning_rate': 0.05834212487873089}. Best is trial 0 with value: 229.945068359375.
LOCAL_RANK: 0 - CUDA_VISIBLE_DEVICES: [0]
[I 2023-12-15 15:35:15,208] Trial 5 finished with value: 476.8749084472656 and parameters: {'gradient_clip_val': 0.3096647627905774, 'hidden_size': 90, 'dropout': 0.17287931191822264, 'hidden_continuous_size': 83, 'attention_head_size': 2, 'learning_rate': 0.012902153067528293}. Best is trial 0 with value: 229.945068359375.
LOCAL_RANK: 0 - CUDA_VISIBLE_DEVICES: [0]
[I 2023-12-15 15:36:01,858] Trial 6 finished with value: 232.4493865966797 and parameters: {'gradient_clip_val': 0.25366596939281416, 'hidden_size': 18, 'dropout': 0.2657315814447705, 'hidden_continuous_size': 7, 'attention_head_size': 3, 'learning_rate': 0.0012309627490263394}. Best is trial 0 with value: 229.945068359375.
LOCAL_RANK: 0 - CUDA_VISIBLE_DEVICES: [0]
[I 2023-12-15 15:36:50,935] Trial 7 finished with value: 312.0439758300781 and parameters: {'gradient_clip_val': 0.9229092366780555, 'hidden_size': 22, 'dropout': 0.3949242000482509, 'hidden_continuous_size': 11, 'attention_head_size': 4, 'learning_rate': 0.0730465283313096}. Best is trial 0 with value: 229.945068359375.
LOCAL_RANK: 0 - CUDA_VISIBLE_DEVICES: [0]
[I 2023-12-15 15:37:42,241] Trial 8 finished with value: 583.2548217773438 and parameters: {'gradient_clip_val': 0.5248752710617575, 'hidden_size': 40, 'dropout': 0.20576742272663837, 'hidden_continuous_size': 21, 'attention_head_size': 4, 'learning_rate': 0.0181120030886921}. Best is trial 0 with value: 229.945068359375.
LOCAL_RANK: 0 - CUDA_VISIBLE_DEVICES: [0]
[I 2023-12-15 15:38:32,120] Trial 9 finished with value: 345.020751953125 and parameters: {'gradient_clip_val': 0.5254287527598039, 'hidden_size': 42, 'dropout': 0.3491778279617681, 'hidden_continuous_size': 7, 'attention_head_size': 2, 'learning_rate': 0.006521431384186729}. Best is trial 0 with value: 229.945068359375.
LOCAL_RANK: 0 - CUDA_VISIBLE_DEVICES: [0]
[I 2023-12-15 15:39:06,299] Trial 10 finished with value: 204.8834228515625 and parameters: {'gradient_clip_val': 0.13277701980739426, 'hidden_size': 5, 'dropout': 0.10348507241071114, 'hidden_continuous_size': 5, 'attention_head_size': 4, 'learning_rate': 0.0037801945133344186}. Best is trial 10 with value: 204.8834228515625.
LOCAL_RANK: 0 - CUDA_VISIBLE_DEVICES: [0]
[I 2023-12-15 15:39:40,406] Trial 11 finished with value: 257.9255676269531 and parameters: {'gradient_clip_val': 0.14042952242041376, 'hidden_size': 5, 'dropout': 0.10344044979853706, 'hidden_continuous_size': 5, 'attention_head_size': 4, 'learning_rate': 0.003654974265369373}. Best is trial 10 with value: 204.8834228515625.
LOCAL_RANK: 0 - CUDA_VISIBLE_DEVICES: [0]
[I 2023-12-15 15:40:24,331] Trial 12 finished with value: 346.7619323730469 and parameters: {'gradient_clip_val': 0.10380384259710344, 'hidden_size': 8, 'dropout': 0.26415881888205006, 'hidden_continuous_size': 5, 'attention_head_size': 3, 'learning_rate': 0.0005038365573571918}. Best is trial 10 with value: 204.8834228515625.
LOCAL_RANK: 0 - CUDA_VISIBLE_DEVICES: [0]
[I 2023-12-15 15:41:09,677] Trial 13 finished with value: 244.3184356689453 and parameters: {'gradient_clip_val': 0.18105657204255624, 'hidden_size': 10, 'dropout': 0.10820226652032797, 'hidden_continuous_size': 5, 'attention_head_size': 4, 'learning_rate': 0.0031888944250076674}. Best is trial 10 with value: 204.8834228515625.
LOCAL_RANK: 0 - CUDA_VISIBLE_DEVICES: [0]
[I 2023-12-15 15:41:43,405] Trial 14 finished with value: 289.9292907714844 and parameters: {'gradient_clip_val': 0.19717257706217003, 'hidden_size': 5, 'dropout': 0.2870075520156234, 'hidden_continuous_size': 5, 'attention_head_size': 3, 'learning_rate': 0.0032413141349946443}. Best is trial 10 with value: 204.8834228515625.
LOCAL_RANK: 0 - CUDA_VISIBLE_DEVICES: [0]
[I 2023-12-15 15:42:28,523] Trial 15 finished with value: 226.32623291015625 and parameters: {'gradient_clip_val': 0.3816587053790878, 'hidden_size': 10, 'dropout': 0.22985320296740855, 'hidden_continuous_size': 5, 'attention_head_size': 4, 'learning_rate': 0.005932123765488106}. Best is trial 10 with value: 204.8834228515625.
LOCAL_RANK: 0 - CUDA_VISIBLE_DEVICES: [0]
[I 2023-12-15 15:43:13,433] Trial 16 finished with value: 286.2746887207031 and parameters: {'gradient_clip_val': 0.13395691607564383, 'hidden_size': 10, 'dropout': 0.22244860885768333, 'hidden_continuous_size': 5, 'attention_head_size': 3, 'learning_rate': 0.007222973428272325}. Best is trial 10 with value: 204.8834228515625.
LOCAL_RANK: 0 - CUDA_VISIBLE_DEVICES: [0]
[I 2023-12-15 15:43:46,074] Trial 17 finished with value: 247.028564453125 and parameters: {'gradient_clip_val': 0.37568840731825476, 'hidden_size': 5, 'dropout': 0.13884793131761572, 'hidden_continuous_size': 5, 'attention_head_size': 1, 'learning_rate': 0.00720048772045601}. Best is trial 10 with value: 204.8834228515625.
LOCAL_RANK: 0 - CUDA_VISIBLE_DEVICES: [0]
[I 2023-12-15 15:44:30,271] Trial 18 finished with value: 323.6973876953125 and parameters: {'gradient_clip_val': 0.38591646946624764, 'hidden_size': 12, 'dropout': 0.1865438902154654, 'hidden_continuous_size': 5, 'attention_head_size': 4, 'learning_rate': 0.022796877769763614}. Best is trial 10 with value: 204.8834228515625.
LOCAL_RANK: 0 - CUDA_VISIBLE_DEVICES: [0]
[I 2023-12-15 15:45:15,328] Trial 19 finished with value: 233.9794464111328 and parameters: {'gradient_clip_val': 0.20963713406101148, 'hidden_size': 7, 'dropout': 0.2364997323596834, 'hidden_continuous_size': 5, 'attention_head_size': 3, 'learning_rate': 0.005318304967891334}. Best is trial 10 with value: 204.8834228515625.
LOCAL_RANK: 0 - CUDA_VISIBLE_DEVICES: [0]
[I 2023-12-15 15:46:00,796] Trial 20 finished with value: 343.4184875488281 and parameters: {'gradient_clip_val': 0.3782158629693516, 'hidden_size': 13, 'dropout': 0.19422126716507493, 'hidden_continuous_size': 6, 'attention_head_size': 4, 'learning_rate': 0.0113081864964385}. Best is trial 10 with value: 204.8834228515625.
LOCAL_RANK: 0 - CUDA_VISIBLE_DEVICES: [0]
[I 2023-12-15 15:46:46,090] Trial 21 finished with value: 284.5491638183594 and parameters: {'gradient_clip_val': 0.25551807978973673, 'hidden_size': 7, 'dropout': 0.25086477147799485, 'hidden_continuous_size': 5, 'attention_head_size': 4, 'learning_rate': 0.002171721601144644}. Best is trial 10 with value: 204.8834228515625.
LOCAL_RANK: 0 - CUDA_VISIBLE_DEVICES: [0]
[I 2023-12-15 15:47:31,541] Trial 22 finished with value: 161.37281799316406 and parameters: {'gradient_clip_val': 0.32829380270265607, 'hidden_size': 9, 'dropout': 0.2956937845287067, 'hidden_continuous_size': 6, 'attention_head_size': 4, 'learning_rate': 0.0021065576787706567}. Best is trial 22 with value: 161.37281799316406.
LOCAL_RANK: 0 - CUDA_VISIBLE_DEVICES: [0]
[I 2023-12-15 15:48:05,219] Trial 23 finished with value: 224.03294372558594 and parameters: {'gradient_clip_val': 0.36169851896229654, 'hidden_size': 5, 'dropout': 0.15462831346697184, 'hidden_continuous_size': 5, 'attention_head_size': 3, 'learning_rate': 0.004377842465620764}. Best is trial 22 with value: 161.37281799316406.
LOCAL_RANK: 0 - CUDA_VISIBLE_DEVICES: [0]
[I 2023-12-15 15:48:39,157] Trial 24 finished with value: 197.9035186767578 and parameters: {'gradient_clip_val': 0.23125020397341364, 'hidden_size': 5, 'dropout': 0.1240737974260719, 'hidden_continuous_size': 5, 'attention_head_size': 3, 'learning_rate': 0.003938179830017577}. Best is trial 22 with value: 161.37281799316406.
LOCAL_RANK: 0 - CUDA_VISIBLE_DEVICES: [0]
[I 2023-12-15 15:49:24,129] Trial 25 finished with value: 250.99562072753906 and parameters: {'gradient_clip_val': 0.16106901586794464, 'hidden_size': 6, 'dropout': 0.1343301977038393, 'hidden_continuous_size': 5, 'attention_head_size': 3, 'learning_rate': 0.002360621672185252}. Best is trial 22 with value: 161.37281799316406.
LOCAL_RANK: 0 - CUDA_VISIBLE_DEVICES: [0]
[I 2023-12-15 15:50:09,010] Trial 26 finished with value: 246.0314483642578 and parameters: {'gradient_clip_val': 0.22050317811449083, 'hidden_size': 6, 'dropout': 0.10182111287418778, 'hidden_continuous_size': 5, 'attention_head_size': 3, 'learning_rate': 0.002806104144400947}. Best is trial 22 with value: 161.37281799316406.
LOCAL_RANK: 0 - CUDA_VISIBLE_DEVICES: [0]
[I 2023-12-15 15:50:42,943] Trial 27 finished with value: 227.56732177734375 and parameters: {'gradient_clip_val': 0.10078227129282702, 'hidden_size': 5, 'dropout': 0.12553015775438572, 'hidden_continuous_size': 5, 'attention_head_size': 4, 'learning_rate': 0.0044185506315940915}. Best is trial 22 with value: 161.37281799316406.
LOCAL_RANK: 0 - CUDA_VISIBLE_DEVICES: [0]
[I 2023-12-15 15:51:27,150] Trial 28 finished with value: 213.6411590576172 and parameters: {'gradient_clip_val': 0.23038602877960837, 'hidden_size': 8, 'dropout': 0.15647473468674694, 'hidden_continuous_size': 6, 'attention_head_size': 4, 'learning_rate': 0.0017144331286050361}. Best is trial 22 with value: 161.37281799316406.
LOCAL_RANK: 0 - CUDA_VISIBLE_DEVICES: [0]
[I 2023-12-15 15:52:11,493] Trial 29 finished with value: 223.6556854248047 and parameters: {'gradient_clip_val': 0.17399399140455366, 'hidden_size': 8, 'dropout': 0.17153812762911402, 'hidden_continuous_size': 6, 'attention_head_size': 4, 'learning_rate': 0.002172666175972682}. Best is trial 22 with value: 161.37281799316406.
LOCAL_RANK: 0 - CUDA_VISIBLE_DEVICES: [0]
[I 2023-12-15 15:52:56,262] Trial 30 finished with value: 197.94007873535156 and parameters: {'gradient_clip_val': 0.2922662263558418, 'hidden_size': 6, 'dropout': 0.12234935753058385, 'hidden_continuous_size': 5, 'attention_head_size': 3, 'learning_rate': 0.0038924688918840155}. Best is trial 22 with value: 161.37281799316406.
LOCAL_RANK: 0 - CUDA_VISIBLE_DEVICES: [0]
[I 2023-12-15 15:53:30,054] Trial 31 finished with value: 242.6693115234375 and parameters: {'gradient_clip_val': 0.31062723851222357, 'hidden_size': 5, 'dropout': 0.12378352964286678, 'hidden_continuous_size': 5, 'attention_head_size': 3, 'learning_rate': 0.004182416625617941}. Best is trial 22 with value: 161.37281799316406.
LOCAL_RANK: 0 - CUDA_VISIBLE_DEVICES: [0]
[I 2023-12-15 15:54:14,893] Trial 32 finished with value: 264.0054931640625 and parameters: {'gradient_clip_val': 0.26687682412675207, 'hidden_size': 6, 'dropout': 0.12285232487701214, 'hidden_continuous_size': 5, 'attention_head_size': 3, 'learning_rate': 0.0027882228419409756}. Best is trial 22 with value: 161.37281799316406.
LOCAL_RANK: 0 - CUDA_VISIBLE_DEVICES: [0]
[I 2023-12-15 15:54:59,445] Trial 33 finished with value: 293.0959777832031 and parameters: {'gradient_clip_val': 0.22813071311289093, 'hidden_size': 6, 'dropout': 0.14714219518725205, 'hidden_continuous_size': 5, 'attention_head_size': 3, 'learning_rate': 0.0015499473064763511}. Best is trial 22 with value: 161.37281799316406.
LOCAL_RANK: 0 - CUDA_VISIBLE_DEVICES: [0]
[I 2023-12-15 15:55:44,230] Trial 34 finished with value: 280.3153991699219 and parameters: {'gradient_clip_val': 0.3301204037886545, 'hidden_size': 7, 'dropout': 0.11608565657631272, 'hidden_continuous_size': 6, 'attention_head_size': 2, 'learning_rate': 0.0018451850740518558}. Best is trial 22 with value: 161.37281799316406.
LOCAL_RANK: 0 - CUDA_VISIBLE_DEVICES: [0]
[I 2023-12-15 15:56:28,558] Trial 35 finished with value: 243.77781677246094 and parameters: {'gradient_clip_val': 0.4516637245332819, 'hidden_size': 9, 'dropout': 0.14205406642169008, 'hidden_continuous_size': 6, 'attention_head_size': 1, 'learning_rate': 0.0032473220973147214}. Best is trial 22 with value: 161.37281799316406.
LOCAL_RANK: 0 - CUDA_VISIBLE_DEVICES: [0]
[I 2023-12-15 15:57:12,917] Trial 36 finished with value: 221.9011993408203 and parameters: {'gradient_clip_val': 0.2960274662385654, 'hidden_size': 6, 'dropout': 0.11609384427077245, 'hidden_continuous_size': 5, 'attention_head_size': 2, 'learning_rate': 0.00117345105452749}. Best is trial 22 with value: 161.37281799316406.
LOCAL_RANK: 0 - CUDA_VISIBLE_DEVICES: [0]
[I 2023-12-15 15:57:58,101] Trial 37 finished with value: 226.25767517089844 and parameters: {'gradient_clip_val': 0.2778913576559166, 'hidden_size': 7, 'dropout': 0.16152504757781844, 'hidden_continuous_size': 5, 'attention_head_size': 4, 'learning_rate': 0.004438515083034774}. Best is trial 22 with value: 161.37281799316406.
LOCAL_RANK: 0 - CUDA_VISIBLE_DEVICES: [0]
[I 2023-12-15 15:58:42,865] Trial 38 finished with value: 247.1134490966797 and parameters: {'gradient_clip_val': 0.24781091586447068, 'hidden_size': 6, 'dropout': 0.10118491316533096, 'hidden_continuous_size': 5, 'attention_head_size': 3, 'learning_rate': 0.008891672986698967}. Best is trial 22 with value: 161.37281799316406.
LOCAL_RANK: 0 - CUDA_VISIBLE_DEVICES: [0]
[I 2023-12-15 15:59:27,517] Trial 39 finished with value: 236.8993377685547 and parameters: {'gradient_clip_val': 0.3261825291044115, 'hidden_size': 9, 'dropout': 0.18094458247789277, 'hidden_continuous_size': 6, 'attention_head_size': 2, 'learning_rate': 0.0048441879033894915}. Best is trial 22 with value: 161.37281799316406.
LOCAL_RANK: 0 - CUDA_VISIBLE_DEVICES: [0]
[I 2023-12-15 16:00:12,242] Trial 40 finished with value: 245.58026123046875 and parameters: {'gradient_clip_val': 0.1934325433072897, 'hidden_size': 12, 'dropout': 0.13483737172298307, 'hidden_continuous_size': 6, 'attention_head_size': 4, 'learning_rate': 0.0014979909245325552}. Best is trial 22 with value: 161.37281799316406.
LOCAL_RANK: 0 - CUDA_VISIBLE_DEVICES: [0]
[I 2023-12-15 16:00:56,755] Trial 41 finished with value: 249.70826721191406 and parameters: {'gradient_clip_val': 0.22326847764855953, 'hidden_size': 8, 'dropout': 0.15532544922207106, 'hidden_continuous_size': 6, 'attention_head_size': 4, 'learning_rate': 0.002198387602451992}. Best is trial 22 with value: 161.37281799316406.
LOCAL_RANK: 0 - CUDA_VISIBLE_DEVICES: [0]
[I 2023-12-15 16:01:30,850] Trial 42 finished with value: 287.3095397949219 and parameters: {'gradient_clip_val': 0.2374231708638939, 'hidden_size': 5, 'dropout': 0.16770709008356172, 'hidden_continuous_size': 5, 'attention_head_size': 4, 'learning_rate': 0.001727067748391908}. Best is trial 22 with value: 161.37281799316406.
LOCAL_RANK: 0 - CUDA_VISIBLE_DEVICES: [0]
[I 2023-12-15 16:02:16,915] Trial 43 finished with value: 179.2970733642578 and parameters: {'gradient_clip_val': 0.280395103948707, 'hidden_size': 14, 'dropout': 0.14796840959873414, 'hidden_continuous_size': 7, 'attention_head_size': 4, 'learning_rate': 0.00254962233309631}. Best is trial 22 with value: 161.37281799316406.
LOCAL_RANK: 0 - CUDA_VISIBLE_DEVICES: [0]
[I 2023-12-15 16:03:02,880] Trial 44 finished with value: 312.3298034667969 and parameters: {'gradient_clip_val': 0.2901321387216854, 'hidden_size': 14, 'dropout': 0.13014207658910565, 'hidden_continuous_size': 7, 'attention_head_size': 4, 'learning_rate': 0.0037214226122935772}. Best is trial 22 with value: 161.37281799316406.
LOCAL_RANK: 0 - CUDA_VISIBLE_DEVICES: [0]
[I 2023-12-15 16:03:48,495] Trial 45 finished with value: 224.99513244628906 and parameters: {'gradient_clip_val': 0.25454275443970364, 'hidden_size': 15, 'dropout': 0.11417197034782552, 'hidden_continuous_size': 7, 'attention_head_size': 3, 'learning_rate': 0.0024966292953298858}. Best is trial 22 with value: 161.37281799316406.
LOCAL_RANK: 0 - CUDA_VISIBLE_DEVICES: [0]
[I 2023-12-15 16:04:34,264] Trial 46 finished with value: 328.2983703613281 and parameters: {'gradient_clip_val': 0.27485381980205525, 'hidden_size': 11, 'dropout': 0.20191359693391442, 'hidden_continuous_size': 7, 'attention_head_size': 4, 'learning_rate': 0.005454272689619736}. Best is trial 22 with value: 161.37281799316406.
LOCAL_RANK: 0 - CUDA_VISIBLE_DEVICES: [0]
[I 2023-12-15 16:05:19,348] Trial 47 finished with value: 232.9464874267578 and parameters: {'gradient_clip_val': 0.4385586108001346, 'hidden_size': 16, 'dropout': 0.1424767369759329, 'hidden_continuous_size': 8, 'attention_head_size': 4, 'learning_rate': 0.003180788190018025}. Best is trial 22 with value: 161.37281799316406.
LOCAL_RANK: 0 - CUDA_VISIBLE_DEVICES: [0]
[I 2023-12-15 16:06:05,934] Trial 48 finished with value: 217.3542022705078 and parameters: {'gradient_clip_val': 0.3196979255528793, 'hidden_size': 20, 'dropout': 0.11606381999146807, 'hidden_continuous_size': 8, 'attention_head_size': 3, 'learning_rate': 0.0010545044936001297}. Best is trial 22 with value: 161.37281799316406.
LOCAL_RANK: 0 - CUDA_VISIBLE_DEVICES: [0]
[I 2023-12-15 16:06:51,547] Trial 49 finished with value: 271.9190979003906 and parameters: {'gradient_clip_val': 0.13795776262053222, 'hidden_size': 9, 'dropout': 0.10027203825652964, 'hidden_continuous_size': 7, 'attention_head_size': 4, 'learning_rate': 0.003651377667377679}. Best is trial 22 with value: 161.37281799316406.
[I 2023-12-15 16:06:51,640] A new study created in memory with name: no-name-4f1a4614-0950-4d19-abe6-019cf991d0b6
/home/le004/conda/anaconda3/envs/tsff_env/lib/python3.9/site-packages/lightning/fabric/plugins/environments/slurm.py:191: The `srun` command is available on your system but is not used. HINT: If your intention is to run Lightning on SLURM, prepend your python command with `srun` like so: srun python /home/le004/master_thesis/git/TSFusionForecast/code/ ...
LOCAL_RANK: 0 - CUDA_VISIBLE_DEVICES: [0]
[I 2023-12-15 16:07:43,857] Trial 0 finished with value: 57.608184814453125 and parameters: {'gradient_clip_val': 0.32151449921631287, 'hidden_size': 68, 'dropout': 0.35377687757624643, 'hidden_continuous_size': 28, 'attention_head_size': 1, 'learning_rate': 0.005406276984767345}. Best is trial 0 with value: 57.608184814453125.
LOCAL_RANK: 0 - CUDA_VISIBLE_DEVICES: [0]
