[I 2023-12-26 17:35:57,469] Trial 27 finished with value: 37.59221267700195 and parameters: {'gradient_clip_val': 0.9967034765500222, 'hidden_size': 93, 'dropout': 0.30409621570681816, 'hidden_continuous_size': 27, 'attention_head_size': 2, 'learning_rate': 0.006872580029648154}. Best is trial 0 with value: 6.109340190887451.
[I 2023-12-26 17:35:59,929] Trial 28 finished with value: 42.06918716430664 and parameters: {'gradient_clip_val': 0.5416578402101371, 'hidden_size': 37, 'dropout': 0.255427968975099, 'hidden_continuous_size': 10, 'attention_head_size': 1, 'learning_rate': 0.0025829415291526376}. Best is trial 0 with value: 6.109340190887451.
[I 2023-12-26 17:36:01,732] Trial 29 finished with value: 30.360734939575195 and parameters: {'gradient_clip_val': 0.3443793845030525, 'hidden_size': 8, 'dropout': 0.17939815536137643, 'hidden_continuous_size': 5, 'attention_head_size': 3, 'learning_rate': 0.0014714481532445483}. Best is trial 0 with value: 6.109340190887451.
[I 2023-12-26 17:36:04,051] Trial 30 finished with value: 42.46240234375 and parameters: {'gradient_clip_val': 0.4583228115286129, 'hidden_size': 27, 'dropout': 0.228843631379281, 'hidden_continuous_size': 13, 'attention_head_size': 2, 'learning_rate': 0.002129797329937437}. Best is trial 0 with value: 6.109340190887451.
[I 2023-12-26 17:36:05,881] Trial 31 finished with value: 30.71002197265625 and parameters: {'gradient_clip_val': 0.34908466108758834, 'hidden_size': 8, 'dropout': 0.1653365823892393, 'hidden_continuous_size': 5, 'attention_head_size': 3, 'learning_rate': 0.0011936704282442933}. Best is trial 0 with value: 6.109340190887451.
[I 2023-12-26 17:36:07,596] Trial 32 finished with value: 39.368309020996094 and parameters: {'gradient_clip_val': 0.266107233356143, 'hidden_size': 5, 'dropout': 0.1852033294149412, 'hidden_continuous_size': 5, 'attention_head_size': 3, 'learning_rate': 0.0016173367837051752}. Best is trial 0 with value: 6.109340190887451.
[I 2023-12-26 17:36:10,817] Trial 33 finished with value: 32.73783874511719 and parameters: {'gradient_clip_val': 0.19327756427556356, 'hidden_size': 64, 'dropout': 0.27188313039951495, 'hidden_continuous_size': 22, 'attention_head_size': 3, 'learning_rate': 0.0012165638700124928}. Best is trial 0 with value: 6.109340190887451.
[I 2023-12-26 17:36:12,962] Trial 34 finished with value: 34.72893142700195 and parameters: {'gradient_clip_val': 0.3602508883849443, 'hidden_size': 21, 'dropout': 0.14508948741215502, 'hidden_continuous_size': 6, 'attention_head_size': 4, 'learning_rate': 0.004219479209437563}. Best is trial 0 with value: 6.109340190887451.
[I 2023-12-26 17:36:14,853] Trial 35 finished with value: 31.752775192260742 and parameters: {'gradient_clip_val': 0.44595236915832076, 'hidden_size': 16, 'dropout': 0.27915286619340646, 'hidden_continuous_size': 9, 'attention_head_size': 3, 'learning_rate': 0.002984202327771784}. Best is trial 0 with value: 6.109340190887451.
[I 2023-12-26 17:36:18,390] Trial 36 finished with value: 45.94932174682617 and parameters: {'gradient_clip_val': 0.3897162996528284, 'hidden_size': 69, 'dropout': 0.21104546883684744, 'hidden_continuous_size': 24, 'attention_head_size': 2, 'learning_rate': 0.06091057515647321}. Best is trial 0 with value: 6.109340190887451.
[I 2023-12-26 17:36:20,386] Trial 37 finished with value: 67.07140350341797 and parameters: {'gradient_clip_val': 0.4168460950294422, 'hidden_size': 18, 'dropout': 0.255995689795098, 'hidden_continuous_size': 7, 'attention_head_size': 1, 'learning_rate': 0.002035917536821021}. Best is trial 0 with value: 6.109340190887451.
[I 2023-12-26 17:36:22,200] Trial 38 finished with value: 49.097625732421875 and parameters: {'gradient_clip_val': 0.7123034162660464, 'hidden_size': 8, 'dropout': 0.18250213899286777, 'hidden_continuous_size': 5, 'attention_head_size': 3, 'learning_rate': 0.0009579097412761682}. Best is trial 0 with value: 6.109340190887451.
[I 2023-12-26 17:36:24,802] Trial 39 finished with value: 31.31085777282715 and parameters: {'gradient_clip_val': 0.5453290880658446, 'hidden_size': 29, 'dropout': 0.33380229663821537, 'hidden_continuous_size': 11, 'attention_head_size': 3, 'learning_rate': 0.02162133764278392}. Best is trial 0 with value: 6.109340190887451.
[I 2023-12-26 17:36:26,785] Trial 40 finished with value: 45.14683151245117 and parameters: {'gradient_clip_val': 0.31982387628314346, 'hidden_size': 13, 'dropout': 0.278623057034163, 'hidden_continuous_size': 8, 'attention_head_size': 3, 'learning_rate': 0.04775895125914897}. Best is trial 0 with value: 6.109340190887451.
[I 2023-12-26 17:36:28,577] Trial 41 finished with value: 57.221553802490234 and parameters: {'gradient_clip_val': 0.3124330738482949, 'hidden_size': 8, 'dropout': 0.16200580641278717, 'hidden_continuous_size': 5, 'attention_head_size': 3, 'learning_rate': 0.0010264678980340621}. Best is trial 0 with value: 6.109340190887451.
[I 2023-12-26 17:36:30,545] Trial 42 finished with value: 50.85012435913086 and parameters: {'gradient_clip_val': 0.34985443807378563, 'hidden_size': 10, 'dropout': 0.1416575802229053, 'hidden_continuous_size': 6, 'attention_head_size': 3, 'learning_rate': 0.0013550886212794426}. Best is trial 0 with value: 6.109340190887451.
[I 2023-12-26 17:36:32,778] Trial 43 finished with value: 51.3970832824707 and parameters: {'gradient_clip_val': 0.4232400980429353, 'hidden_size': 23, 'dropout': 0.1682191708260307, 'hidden_continuous_size': 9, 'attention_head_size': 3, 'learning_rate': 0.0007414089442944608}. Best is trial 0 with value: 6.109340190887451.
[I 2023-12-26 17:36:34,495] Trial 44 finished with value: 52.98039245605469 and parameters: {'gradient_clip_val': 0.2593344915451412, 'hidden_size': 5, 'dropout': 0.12253867814201722, 'hidden_continuous_size': 5, 'attention_head_size': 3, 'learning_rate': 0.0016367255005688246}. Best is trial 0 with value: 6.109340190887451.
[I 2023-12-26 17:36:37,067] Trial 45 finished with value: 40.20478439331055 and parameters: {'gradient_clip_val': 0.4916233675026554, 'hidden_size': 40, 'dropout': 0.17652546752512652, 'hidden_continuous_size': 15, 'attention_head_size': 4, 'learning_rate': 0.002386542793177081}. Best is trial 0 with value: 6.109340190887451.
[I 2023-12-26 17:36:38,934] Trial 46 finished with value: 58.378326416015625 and parameters: {'gradient_clip_val': 0.8763888074844312, 'hidden_size': 7, 'dropout': 0.1489012082517358, 'hidden_continuous_size': 5, 'attention_head_size': 2, 'learning_rate': 0.003473695935481956}. Best is trial 0 with value: 6.109340190887451.
[I 2023-12-26 17:36:41,348] Trial 47 finished with value: 50.01544189453125 and parameters: {'gradient_clip_val': 0.8780163987279401, 'hidden_size': 30, 'dropout': 0.19750243475448198, 'hidden_continuous_size': 13, 'attention_head_size': 2, 'learning_rate': 0.030471895923175233}. Best is trial 0 with value: 6.109340190887451.
[I 2023-12-26 17:36:43,429] Trial 48 finished with value: 37.582828521728516 and parameters: {'gradient_clip_val': 0.7781766273355992, 'hidden_size': 15, 'dropout': 0.21620550547989825, 'hidden_continuous_size': 7, 'attention_head_size': 4, 'learning_rate': 0.005150552476562064}. Best is trial 0 with value: 6.109340190887451.
[I 2023-12-26 17:36:45,517] Trial 49 finished with value: 34.89680862426758 and parameters: {'gradient_clip_val': 0.598199398284468, 'hidden_size': 19, 'dropout': 0.23946378822809583, 'hidden_continuous_size': 8, 'attention_head_size': 3, 'learning_rate': 0.0028287069988530826}. Best is trial 0 with value: 6.109340190887451.
[I 2023-12-26 17:36:45,631] A new study created in memory with name: no-name-02eaee1c-6431-409f-b31c-a9db8a6c548e
/home/le004/conda/anaconda3/envs/tsff_env/lib/python3.9/site-packages/lightning/fabric/plugins/environments/slurm.py:191: The `srun` command is available on your system but is not used. HINT: If your intention is to run Lightning on SLURM, prepend your python command with `srun` like so: srun python /home/le004/master_thesis/git/TSFusionForecast/code/ ...
[I 2023-12-26 17:40:38,405] Trial 0 finished with value: 4.262673377990723 and parameters: {'gradient_clip_val': 0.10234950709042794, 'hidden_size': 5, 'dropout': 0.3733395973924074, 'hidden_continuous_size': 5, 'attention_head_size': 3, 'learning_rate': 0.027020951853698277}. Best is trial 0 with value: 4.262673377990723.
[I 2023-12-26 17:40:54,661] Trial 1 finished with value: 6.440515995025635 and parameters: {'gradient_clip_val': 0.13657292053821818, 'hidden_size': 21, 'dropout': 0.36940587884710396, 'hidden_continuous_size': 13, 'attention_head_size': 2, 'learning_rate': 0.07226750102729586}. Best is trial 0 with value: 4.262673377990723.
[I 2023-12-26 17:40:56,336] Trial 2 finished with value: 28.355026245117188 and parameters: {'gradient_clip_val': 0.8084861346926869, 'hidden_size': 5, 'dropout': 0.39738585200118726, 'hidden_continuous_size': 5, 'attention_head_size': 2, 'learning_rate': 0.0008591047340395845}. Best is trial 0 with value: 4.262673377990723.
[I 2023-12-26 17:40:58,695] Trial 3 finished with value: 19.169824600219727 and parameters: {'gradient_clip_val': 0.28756940133575765, 'hidden_size': 27, 'dropout': 0.25446849856865394, 'hidden_continuous_size': 11, 'attention_head_size': 4, 'learning_rate': 0.0013332715606675608}. Best is trial 0 with value: 4.262673377990723.
[I 2023-12-26 17:41:00,652] Trial 4 finished with value: 12.258465766906738 and parameters: {'gradient_clip_val': 0.16629298853910254, 'hidden_size': 14, 'dropout': 0.32036370384506696, 'hidden_continuous_size': 7, 'attention_head_size': 1, 'learning_rate': 0.007472615244553431}. Best is trial 0 with value: 4.262673377990723.
[I 2023-12-26 17:41:03,102] Trial 5 finished with value: 17.73423957824707 and parameters: {'gradient_clip_val': 0.19427396805452113, 'hidden_size': 35, 'dropout': 0.41773959898130086, 'hidden_continuous_size': 11, 'attention_head_size': 2, 'learning_rate': 0.05596260429973601}. Best is trial 0 with value: 4.262673377990723.
[I 2023-12-26 17:41:05,894] Trial 6 finished with value: 15.168952941894531 and parameters: {'gradient_clip_val': 0.35241908210994516, 'hidden_size': 44, 'dropout': 0.3902552492924639, 'hidden_continuous_size': 23, 'attention_head_size': 4, 'learning_rate': 0.016751122005761444}. Best is trial 0 with value: 4.262673377990723.
[I 2023-12-26 17:41:09,359] Trial 7 finished with value: 16.232330322265625 and parameters: {'gradient_clip_val': 0.6249598836869132, 'hidden_size': 63, 'dropout': 0.19095337776803498, 'hidden_continuous_size': 32, 'attention_head_size': 4, 'learning_rate': 0.0009112808924787302}. Best is trial 0 with value: 4.262673377990723.
[I 2023-12-26 17:41:11,249] Trial 8 finished with value: 18.28598976135254 and parameters: {'gradient_clip_val': 0.8622910407662713, 'hidden_size': 11, 'dropout': 0.46572771972668103, 'hidden_continuous_size': 7, 'attention_head_size': 1, 'learning_rate': 0.00253168774632826}. Best is trial 0 with value: 4.262673377990723.
[I 2023-12-26 17:41:14,277] Trial 9 finished with value: 21.059423446655273 and parameters: {'gradient_clip_val': 0.20266161873953734, 'hidden_size': 51, 'dropout': 0.18967310094124634, 'hidden_continuous_size': 37, 'attention_head_size': 3, 'learning_rate': 0.015334736519992832}. Best is trial 0 with value: 4.262673377990723.
[I 2023-12-26 17:41:20,800] Trial 10 finished with value: 13.38916301727295 and parameters: {'gradient_clip_val': 0.10118873013060824, 'hidden_size': 108, 'dropout': 0.4903975766822285, 'hidden_continuous_size': 74, 'attention_head_size': 3, 'learning_rate': 0.029418674803517616}. Best is trial 0 with value: 4.262673377990723.
[I 2023-12-26 17:41:22,472] Trial 11 finished with value: 23.977020263671875 and parameters: {'gradient_clip_val': 0.11441774545124825, 'hidden_size': 5, 'dropout': 0.32520067110369494, 'hidden_continuous_size': 5, 'attention_head_size': 2, 'learning_rate': 0.07898164494982703}. Best is trial 0 with value: 4.262673377990723.
[I 2023-12-26 17:41:24,740] Trial 12 finished with value: 15.696440696716309 and parameters: {'gradient_clip_val': 0.10168784106352613, 'hidden_size': 15, 'dropout': 0.35159914133074693, 'hidden_continuous_size': 5, 'attention_head_size': 3, 'learning_rate': 0.09830221129631671}. Best is trial 0 with value: 4.262673377990723.
[I 2023-12-26 17:41:26,645] Trial 13 finished with value: 12.198338508605957 and parameters: {'gradient_clip_val': 0.13929049108017366, 'hidden_size': 9, 'dropout': 0.26202175982297715, 'hidden_continuous_size': 5, 'attention_head_size': 2, 'learning_rate': 0.04157286053863709}. Best is trial 0 with value: 4.262673377990723.
[I 2023-12-26 17:41:28,762] Trial 14 finished with value: 19.75054168701172 and parameters: {'gradient_clip_val': 0.15570751378344416, 'hidden_size': 21, 'dropout': 0.44089091643198586, 'hidden_continuous_size': 8, 'attention_head_size': 3, 'learning_rate': 0.02995753892683617}. Best is trial 0 with value: 4.262673377990723.
[I 2023-12-26 17:41:30,570] Trial 15 finished with value: 23.589956283569336 and parameters: {'gradient_clip_val': 0.12458621055640286, 'hidden_size': 7, 'dropout': 0.36713260102727147, 'hidden_continuous_size': 5, 'attention_head_size': 1, 'learning_rate': 0.05447357926755549}. Best is trial 0 with value: 4.262673377990723.
[I 2023-12-26 17:41:32,641] Trial 16 finished with value: 24.456018447875977 and parameters: {'gradient_clip_val': 0.13946816162894918, 'hidden_size': 19, 'dropout': 0.4306509985579296, 'hidden_continuous_size': 6, 'attention_head_size': 3, 'learning_rate': 0.019059245336727367}. Best is trial 0 with value: 4.262673377990723.
[I 2023-12-26 17:41:34,548] Trial 17 finished with value: 19.425548553466797 and parameters: {'gradient_clip_val': 0.10095638446492598, 'hidden_size': 9, 'dropout': 0.11940757927359319, 'hidden_continuous_size': 6, 'attention_head_size': 2, 'learning_rate': 0.092908788198419}. Best is trial 0 with value: 4.262673377990723.
[I 2023-12-26 17:41:36,818] Trial 18 finished with value: 16.28187370300293 and parameters: {'gradient_clip_val': 0.2325329173978098, 'hidden_size': 26, 'dropout': 0.3577234582144107, 'hidden_continuous_size': 9, 'attention_head_size': 3, 'learning_rate': 0.007845305384174455}. Best is trial 0 with value: 4.262673377990723.
[I 2023-12-26 17:41:38,691] Trial 19 finished with value: 16.118505477905273 and parameters: {'gradient_clip_val': 0.13421657190511352, 'hidden_size': 7, 'dropout': 0.4587653594811314, 'hidden_continuous_size': 5, 'attention_head_size': 2, 'learning_rate': 0.034289504174020435}. Best is trial 0 with value: 4.262673377990723.
[I 2023-12-26 17:41:40,760] Trial 20 finished with value: 25.28853416442871 and parameters: {'gradient_clip_val': 0.16102413648541863, 'hidden_size': 13, 'dropout': 0.49905245331527326, 'hidden_continuous_size': 6, 'attention_head_size': 4, 'learning_rate': 0.05635811927096857}. Best is trial 0 with value: 4.262673377990723.
[I 2023-12-26 17:41:42,661] Trial 21 finished with value: 26.330474853515625 and parameters: {'gradient_clip_val': 0.12948529472453324, 'hidden_size': 9, 'dropout': 0.285800581168349, 'hidden_continuous_size': 5, 'attention_head_size': 2, 'learning_rate': 0.041423936384106415}. Best is trial 0 with value: 4.262673377990723.
[I 2023-12-26 17:41:44,497] Trial 22 finished with value: 17.993488311767578 and parameters: {'gradient_clip_val': 0.12718674605454255, 'hidden_size': 7, 'dropout': 0.29990161213508104, 'hidden_continuous_size': 5, 'attention_head_size': 2, 'learning_rate': 0.02556116077442063}. Best is trial 0 with value: 4.262673377990723.
[I 2023-12-26 17:41:46,355] Trial 23 finished with value: 19.259681701660156 and parameters: {'gradient_clip_val': 0.17555283900511295, 'hidden_size': 5, 'dropout': 0.39576693716643835, 'hidden_continuous_size': 5, 'attention_head_size': 1, 'learning_rate': 0.01185352706249395}. Best is trial 0 with value: 4.262673377990723.
[I 2023-12-26 17:41:48,386] Trial 24 finished with value: 16.974536895751953 and parameters: {'gradient_clip_val': 0.14553173892562646, 'hidden_size': 17, 'dropout': 0.2693704366665308, 'hidden_continuous_size': 6, 'attention_head_size': 2, 'learning_rate': 0.04049277581492202}. Best is trial 0 with value: 4.262673377990723.
[I 2023-12-26 17:41:50,352] Trial 25 finished with value: 25.3505802154541 and parameters: {'gradient_clip_val': 0.11475556143969516, 'hidden_size': 11, 'dropout': 0.3375952644738922, 'hidden_continuous_size': 6, 'attention_head_size': 3, 'learning_rate': 0.06517519272832831}. Best is trial 0 with value: 4.262673377990723.
[I 2023-12-26 17:41:52,477] Trial 26 finished with value: 21.50113868713379 and parameters: {'gradient_clip_val': 0.22237597100834722, 'hidden_size': 21, 'dropout': 0.373850333062306, 'hidden_continuous_size': 7, 'attention_head_size': 2, 'learning_rate': 0.02250925651794943}. Best is trial 0 with value: 4.262673377990723.
[I 2023-12-26 17:41:54,266] Trial 27 finished with value: 20.763708114624023 and parameters: {'gradient_clip_val': 0.149041866986573, 'hidden_size': 6, 'dropout': 0.3351404770460802, 'hidden_continuous_size': 5, 'attention_head_size': 1, 'learning_rate': 0.048072275581082395}. Best is trial 0 with value: 4.262673377990723.
[I 2023-12-26 17:41:56,192] Trial 28 finished with value: 13.66797161102295 and parameters: {'gradient_clip_val': 0.11804010402433493, 'hidden_size': 9, 'dropout': 0.30740277521746756, 'hidden_continuous_size': 5, 'attention_head_size': 3, 'learning_rate': 0.07224302434308105}. Best is trial 0 with value: 4.262673377990723.
[I 2023-12-26 17:41:57,873] Trial 29 finished with value: 18.326215744018555 and parameters: {'gradient_clip_val': 0.18269066299436323, 'hidden_size': 5, 'dropout': 0.4063740796242252, 'hidden_continuous_size': 5, 'attention_head_size': 2, 'learning_rate': 0.04040486421064254}. Best is trial 0 with value: 4.262673377990723.
[I 2023-12-26 17:41:59,837] Trial 30 finished with value: 21.462844848632812 and parameters: {'gradient_clip_val': 0.15198534082931706, 'hidden_size': 12, 'dropout': 0.37533248591552226, 'hidden_continuous_size': 6, 'attention_head_size': 3, 'learning_rate': 0.021898353581414405}. Best is trial 0 with value: 4.262673377990723.
[I 2023-12-26 17:42:01,868] Trial 31 finished with value: 22.053367614746094 and parameters: {'gradient_clip_val': 0.17521238037739836, 'hidden_size': 15, 'dropout': 0.3217798953217202, 'hidden_continuous_size': 7, 'attention_head_size': 1, 'learning_rate': 0.004666413778234152}. Best is trial 0 with value: 4.262673377990723.
[I 2023-12-26 17:42:03,855] Trial 32 finished with value: 12.422592163085938 and parameters: {'gradient_clip_val': 0.11728549807821818, 'hidden_size': 14, 'dropout': 0.24792800783286473, 'hidden_continuous_size': 7, 'attention_head_size': 1, 'learning_rate': 0.011878187855945499}. Best is trial 0 with value: 4.262673377990723.
[I 2023-12-26 17:42:05,767] Trial 33 finished with value: 18.598602294921875 and parameters: {'gradient_clip_val': 0.156590622291567, 'hidden_size': 10, 'dropout': 0.3489863653574589, 'hidden_continuous_size': 6, 'attention_head_size': 1, 'learning_rate': 0.03320695446762677}. Best is trial 0 with value: 4.262673377990723.
[I 2023-12-26 17:42:08,006] Trial 34 finished with value: 14.493305206298828 and parameters: {'gradient_clip_val': 0.26455974309909497, 'hidden_size': 25, 'dropout': 0.4032903771907543, 'hidden_continuous_size': 10, 'attention_head_size': 2, 'learning_rate': 0.06668197263064568}. Best is trial 0 with value: 4.262673377990723.
[I 2023-12-26 17:42:10,523] Trial 35 finished with value: 18.674840927124023 and parameters: {'gradient_clip_val': 0.13147390752044968, 'hidden_size': 32, 'dropout': 0.3105290443696483, 'hidden_continuous_size': 13, 'attention_head_size': 4, 'learning_rate': 0.006180951649933903}. Best is trial 0 with value: 4.262673377990723.
[I 2023-12-26 17:42:12,510] Trial 36 finished with value: 13.64533519744873 and parameters: {'gradient_clip_val': 0.19397069203766504, 'hidden_size': 18, 'dropout': 0.384670399004534, 'hidden_continuous_size': 8, 'attention_head_size': 1, 'learning_rate': 0.04767685475582972}. Best is trial 0 with value: 4.262673377990723.
[I 2023-12-26 17:42:14,313] Trial 37 finished with value: 17.56919288635254 and parameters: {'gradient_clip_val': 0.3632225938515754, 'hidden_size': 8, 'dropout': 0.41615887303104, 'hidden_continuous_size': 5, 'attention_head_size': 2, 'learning_rate': 0.0005029209083202527}. Best is trial 0 with value: 4.262673377990723.
[I 2023-12-26 17:42:16,348] Trial 38 finished with value: 15.354290008544922 and parameters: {'gradient_clip_val': 0.17038267851409883, 'hidden_size': 15, 'dropout': 0.2818201705356156, 'hidden_continuous_size': 7, 'attention_head_size': 1, 'learning_rate': 0.015156467977865365}. Best is trial 0 with value: 4.262673377990723.
[I 2023-12-26 17:42:18,347] Trial 39 finished with value: 16.689685821533203 and parameters: {'gradient_clip_val': 0.1088097785643161, 'hidden_size': 12, 'dropout': 0.24617499695476536, 'hidden_continuous_size': 8, 'attention_head_size': 4, 'learning_rate': 0.026305145491117066}. Best is trial 0 with value: 4.262673377990723.
[I 2023-12-26 17:42:20,187] Trial 40 finished with value: 18.856481552124023 and parameters: {'gradient_clip_val': 0.1383430111459818, 'hidden_size': 6, 'dropout': 0.34302062642519937, 'hidden_continuous_size': 5, 'attention_head_size': 3, 'learning_rate': 0.08133059588243871}. Best is trial 0 with value: 4.262673377990723.
[I 2023-12-26 17:42:22,183] Trial 41 finished with value: 20.45153045654297 and parameters: {'gradient_clip_val': 0.11623541749856002, 'hidden_size': 14, 'dropout': 0.24510142981288316, 'hidden_continuous_size': 7, 'attention_head_size': 1, 'learning_rate': 0.010420263344565322}. Best is trial 0 with value: 4.262673377990723.
