[I 2023-12-26 12:30:34,186] Trial 28 finished with value: 5.022171497344971 and parameters: {'gradient_clip_val': 0.22567328640071274, 'hidden_size': 149, 'dropout': 0.42253122933990406, 'hidden_continuous_size': 51, 'attention_head_size': 3, 'learning_rate': 0.014511878432335125}. Best is trial 0 with value: 0.04975999891757965.
[I 2023-12-26 12:30:36,354] Trial 29 finished with value: 4.736108779907227 and parameters: {'gradient_clip_val': 0.12488347750883269, 'hidden_size': 11, 'dropout': 0.306166908418535, 'hidden_continuous_size': 7, 'attention_head_size': 3, 'learning_rate': 0.005365734591926729}. Best is trial 0 with value: 0.04975999891757965.
[I 2023-12-26 12:30:41,732] Trial 30 finished with value: 5.867602825164795 and parameters: {'gradient_clip_val': 0.1458428293842749, 'hidden_size': 77, 'dropout': 0.3745147617030176, 'hidden_continuous_size': 14, 'attention_head_size': 4, 'learning_rate': 0.0999493482894709}. Best is trial 0 with value: 0.04975999891757965.
[I 2023-12-26 12:30:48,275] Trial 31 finished with value: 4.117467403411865 and parameters: {'gradient_clip_val': 0.2575575385752667, 'hidden_size': 96, 'dropout': 0.40205294276956594, 'hidden_continuous_size': 24, 'attention_head_size': 2, 'learning_rate': 0.05426789150559217}. Best is trial 0 with value: 0.04975999891757965.
[I 2023-12-26 12:30:56,269] Trial 32 finished with value: 4.1597490310668945 and parameters: {'gradient_clip_val': 0.3405404771359299, 'hidden_size': 109, 'dropout': 0.3702403302734642, 'hidden_continuous_size': 31, 'attention_head_size': 3, 'learning_rate': 0.061001181855759715}. Best is trial 0 with value: 0.04975999891757965.
[I 2023-12-26 12:31:01,997] Trial 33 finished with value: 5.853196620941162 and parameters: {'gradient_clip_val': 0.26476635431947837, 'hidden_size': 82, 'dropout': 0.43126718344687526, 'hidden_continuous_size': 19, 'attention_head_size': 2, 'learning_rate': 0.03796683463118169}. Best is trial 0 with value: 0.04975999891757965.
[I 2023-12-26 12:31:09,657] Trial 34 finished with value: 3.221292734146118 and parameters: {'gradient_clip_val': 0.3066421552580671, 'hidden_size': 111, 'dropout': 0.344755106020775, 'hidden_continuous_size': 16, 'attention_head_size': 1, 'learning_rate': 0.0583267401963201}. Best is trial 0 with value: 0.04975999891757965.
[I 2023-12-26 12:31:19,584] Trial 35 finished with value: 4.124025821685791 and parameters: {'gradient_clip_val': 0.46769934304991706, 'hidden_size': 147, 'dropout': 0.40371966893051114, 'hidden_continuous_size': 12, 'attention_head_size': 4, 'learning_rate': 0.053490025862629166}. Best is trial 0 with value: 0.04975999891757965.
[I 2023-12-26 12:31:23,715] Trial 36 finished with value: 3.6396121978759766 and parameters: {'gradient_clip_val': 0.392931138033659, 'hidden_size': 55, 'dropout': 0.3319581277862872, 'hidden_continuous_size': 21, 'attention_head_size': 3, 'learning_rate': 0.020774995568814136}. Best is trial 0 with value: 0.04975999891757965.
[I 2023-12-26 12:31:29,049] Trial 37 finished with value: 4.234717845916748 and parameters: {'gradient_clip_val': 0.4889394453651205, 'hidden_size': 78, 'dropout': 0.38843675668938116, 'hidden_continuous_size': 26, 'attention_head_size': 2, 'learning_rate': 0.03101783305114238}. Best is trial 0 with value: 0.04975999891757965.
[I 2023-12-26 12:31:37,426] Trial 38 finished with value: 5.318844318389893 and parameters: {'gradient_clip_val': 0.28653868481031836, 'hidden_size': 122, 'dropout': 0.3621821723699161, 'hidden_continuous_size': 10, 'attention_head_size': 4, 'learning_rate': 0.01139983685453858}. Best is trial 0 with value: 0.04975999891757965.
[I 2023-12-26 12:31:39,519] Trial 39 finished with value: 6.9287285804748535 and parameters: {'gradient_clip_val': 0.6109965228171381, 'hidden_size': 12, 'dropout': 0.4137168705112708, 'hidden_continuous_size': 8, 'attention_head_size': 1, 'learning_rate': 0.07143751028045014}. Best is trial 0 with value: 0.04975999891757965.
[I 2023-12-26 12:31:46,915] Trial 40 finished with value: 5.058465957641602 and parameters: {'gradient_clip_val': 0.3647801300014672, 'hidden_size': 103, 'dropout': 0.3269652024949745, 'hidden_continuous_size': 38, 'attention_head_size': 3, 'learning_rate': 0.03057249170658402}. Best is trial 0 with value: 0.04975999891757965.
[I 2023-12-26 12:31:55,088] Trial 41 finished with value: 4.070165157318115 and parameters: {'gradient_clip_val': 0.2858551966481786, 'hidden_size': 123, 'dropout': 0.4496589409195303, 'hidden_continuous_size': 6, 'attention_head_size': 1, 'learning_rate': 0.061467478669518204}. Best is trial 0 with value: 0.04975999891757965.
[I 2023-12-26 12:32:03,253] Trial 42 finished with value: 3.478174924850464 and parameters: {'gradient_clip_val': 0.2449068713780253, 'hidden_size': 119, 'dropout': 0.4699693982231109, 'hidden_continuous_size': 7, 'attention_head_size': 1, 'learning_rate': 0.0440718272627554}. Best is trial 0 with value: 0.04975999891757965.
[I 2023-12-26 12:32:09,675] Trial 43 finished with value: 5.509649753570557 and parameters: {'gradient_clip_val': 0.25710806379392764, 'hidden_size': 90, 'dropout': 0.4705980982107802, 'hidden_continuous_size': 5, 'attention_head_size': 1, 'learning_rate': 0.07156508729325518}. Best is trial 0 with value: 0.04975999891757965.
[I 2023-12-26 12:32:11,636] Trial 44 finished with value: 5.079931259155273 and parameters: {'gradient_clip_val': 0.20620720777205195, 'hidden_size': 8, 'dropout': 0.4842063795261179, 'hidden_continuous_size': 6, 'attention_head_size': 2, 'learning_rate': 0.021280154846908192}. Best is trial 0 with value: 0.04975999891757965.
[I 2023-12-26 12:32:20,542] Trial 45 finished with value: 3.2741317749023438 and parameters: {'gradient_clip_val': 0.276686473066759, 'hidden_size': 128, 'dropout': 0.4360013745966674, 'hidden_continuous_size': 55, 'attention_head_size': 1, 'learning_rate': 0.04896703183250706}. Best is trial 0 with value: 0.04975999891757965.
[I 2023-12-26 12:32:26,254] Trial 46 finished with value: 4.360881805419922 and parameters: {'gradient_clip_val': 0.19421681511180527, 'hidden_size': 82, 'dropout': 0.41607213793384756, 'hidden_continuous_size': 16, 'attention_head_size': 1, 'learning_rate': 0.034019469334026074}. Best is trial 0 with value: 0.04975999891757965.
[I 2023-12-26 12:32:33,938] Trial 47 finished with value: 5.181248664855957 and parameters: {'gradient_clip_val': 0.23276659074985864, 'hidden_size': 109, 'dropout': 0.3546840649256062, 'hidden_continuous_size': 22, 'attention_head_size': 3, 'learning_rate': 0.0238830548117432}. Best is trial 0 with value: 0.04975999891757965.
[I 2023-12-26 12:32:38,372] Trial 48 finished with value: 3.4896204471588135 and parameters: {'gradient_clip_val': 0.3314781011885993, 'hidden_size': 63, 'dropout': 0.28700937979680186, 'hidden_continuous_size': 7, 'attention_head_size': 4, 'learning_rate': 0.08944254134555563}. Best is trial 0 with value: 0.04975999891757965.
[I 2023-12-26 12:32:47,500] Trial 49 finished with value: 2.3526813983917236 and parameters: {'gradient_clip_val': 0.18893854666800636, 'hidden_size': 134, 'dropout': 0.38376911623163834, 'hidden_continuous_size': 12, 'attention_head_size': 2, 'learning_rate': 0.04027862100169289}. Best is trial 0 with value: 0.04975999891757965.
[I 2023-12-26 12:32:47,634] A new study created in memory with name: no-name-5a20c530-687a-49d9-8522-5c03a74292fe
/home/le004/conda/anaconda3/envs/tsff_env/lib/python3.9/site-packages/lightning/fabric/plugins/environments/slurm.py:191: The `srun` command is available on your system but is not used. HINT: If your intention is to run Lightning on SLURM, prepend your python command with `srun` like so: srun python /home/le004/master_thesis/git/TSFusionForecast/code/ ...
[I 2023-12-26 12:38:36,391] Trial 0 finished with value: 0.08554363995790482 and parameters: {'gradient_clip_val': 0.14338670783833732, 'hidden_size': 30, 'dropout': 0.4102717473214046, 'hidden_continuous_size': 23, 'attention_head_size': 1, 'learning_rate': 0.0137318494384676}. Best is trial 0 with value: 0.08554363995790482.
[I 2023-12-26 12:38:38,280] Trial 1 finished with value: 2.9995181560516357 and parameters: {'gradient_clip_val': 0.23515631703613196, 'hidden_size': 11, 'dropout': 0.36405640922262994, 'hidden_continuous_size': 11, 'attention_head_size': 1, 'learning_rate': 0.0047739734893806314}. Best is trial 0 with value: 0.08554363995790482.
[I 2023-12-26 12:38:40,637] Trial 2 finished with value: 3.2233498096466064 and parameters: {'gradient_clip_val': 0.9688108690094401, 'hidden_size': 28, 'dropout': 0.2395029861680814, 'hidden_continuous_size': 12, 'attention_head_size': 2, 'learning_rate': 0.07704207662518615}. Best is trial 0 with value: 0.08554363995790482.
[I 2023-12-26 12:38:42,370] Trial 3 finished with value: 3.2004640102386475 and parameters: {'gradient_clip_val': 0.5226298595228059, 'hidden_size': 5, 'dropout': 0.2273683270849718, 'hidden_continuous_size': 5, 'attention_head_size': 3, 'learning_rate': 0.0011359039208786456}. Best is trial 0 with value: 0.08554363995790482.
[I 2023-12-26 12:38:44,585] Trial 4 finished with value: 3.422734022140503 and parameters: {'gradient_clip_val': 0.21148770647856607, 'hidden_size': 21, 'dropout': 0.42266905015558653, 'hidden_continuous_size': 6, 'attention_head_size': 4, 'learning_rate': 0.007413046103860225}. Best is trial 0 with value: 0.08554363995790482.
[I 2023-12-26 12:38:46,864] Trial 5 finished with value: 3.554051637649536 and parameters: {'gradient_clip_val': 0.17836190884512618, 'hidden_size': 20, 'dropout': 0.24902612775264943, 'hidden_continuous_size': 16, 'attention_head_size': 2, 'learning_rate': 0.0006680053179128898}. Best is trial 0 with value: 0.08554363995790482.
[I 2023-12-26 12:38:49,488] Trial 6 finished with value: 4.149489879608154 and parameters: {'gradient_clip_val': 0.16639321651705047, 'hidden_size': 39, 'dropout': 0.3878917507888683, 'hidden_continuous_size': 9, 'attention_head_size': 3, 'learning_rate': 0.0017336770342354965}. Best is trial 0 with value: 0.08554363995790482.
[I 2023-12-26 12:38:51,397] Trial 7 finished with value: 3.231001138687134 and parameters: {'gradient_clip_val': 0.9665912058912898, 'hidden_size': 6, 'dropout': 0.26429104335105597, 'hidden_continuous_size': 5, 'attention_head_size': 3, 'learning_rate': 0.06155184705258665}. Best is trial 0 with value: 0.08554363995790482.
[I 2023-12-26 12:38:53,623] Trial 8 finished with value: 3.820035934448242 and parameters: {'gradient_clip_val': 0.18711597325204699, 'hidden_size': 23, 'dropout': 0.19570489479446082, 'hidden_continuous_size': 11, 'attention_head_size': 1, 'learning_rate': 0.0008246809735488355}. Best is trial 0 with value: 0.08554363995790482.
[I 2023-12-26 12:38:56,079] Trial 9 finished with value: 3.8671913146972656 and parameters: {'gradient_clip_val': 0.1626448291871425, 'hidden_size': 36, 'dropout': 0.37599612689416295, 'hidden_continuous_size': 8, 'attention_head_size': 2, 'learning_rate': 0.0017863355950355569}. Best is trial 0 with value: 0.08554363995790482.
[I 2023-12-26 12:39:01,364] Trial 10 finished with value: 4.133723735809326 and parameters: {'gradient_clip_val': 0.10734959036816635, 'hidden_size': 90, 'dropout': 0.47621132073129874, 'hidden_continuous_size': 37, 'attention_head_size': 1, 'learning_rate': 0.02086929542393202}. Best is trial 0 with value: 0.08554363995790482.
[I 2023-12-26 12:39:03,472] Trial 11 finished with value: 3.8845431804656982 and parameters: {'gradient_clip_val': 0.2959983719087639, 'hidden_size': 10, 'dropout': 0.3454304282573226, 'hidden_continuous_size': 6, 'attention_head_size': 1, 'learning_rate': 0.005892717956325412}. Best is trial 0 with value: 0.08554363995790482.
[I 2023-12-26 12:39:05,626] Trial 12 finished with value: 3.969982147216797 and parameters: {'gradient_clip_val': 0.11201283828622582, 'hidden_size': 11, 'dropout': 0.10757483414679617, 'hidden_continuous_size': 7, 'attention_head_size': 1, 'learning_rate': 0.01022952627341347}. Best is trial 0 with value: 0.08554363995790482.
[I 2023-12-26 12:39:11,880] Trial 13 finished with value: 3.190295457839966 and parameters: {'gradient_clip_val': 0.273859026768738, 'hidden_size': 88, 'dropout': 0.3186494855938338, 'hidden_continuous_size': 22, 'attention_head_size': 1, 'learning_rate': 0.0033109972834884497}. Best is trial 0 with value: 0.08554363995790482.
[I 2023-12-26 12:39:16,080] Trial 14 finished with value: 3.7514588832855225 and parameters: {'gradient_clip_val': 0.38413399575615176, 'hidden_size': 53, 'dropout': 0.4488239162854643, 'hidden_continuous_size': 21, 'attention_head_size': 2, 'learning_rate': 0.018866866579415897}. Best is trial 0 with value: 0.08554363995790482.
[I 2023-12-26 12:39:18,227] Trial 15 finished with value: 4.680038928985596 and parameters: {'gradient_clip_val': 0.12196053609338219, 'hidden_size': 14, 'dropout': 0.4915586968177448, 'hidden_continuous_size': 8, 'attention_head_size': 4, 'learning_rate': 0.004312316145101902}. Best is trial 0 with value: 0.08554363995790482.
[I 2023-12-26 12:39:20,521] Trial 16 finished with value: 3.165058135986328 and parameters: {'gradient_clip_val': 0.2527914727606106, 'hidden_size': 15, 'dropout': 0.42130850829953226, 'hidden_continuous_size': 9, 'attention_head_size': 1, 'learning_rate': 0.01183000225167703}. Best is trial 0 with value: 0.08554363995790482.
[I 2023-12-26 12:39:31,544] Trial 17 finished with value: 3.4768142700195312 and parameters: {'gradient_clip_val': 0.13988159197486458, 'hidden_size': 146, 'dropout': 0.3501713515245736, 'hidden_continuous_size': 80, 'attention_head_size': 2, 'learning_rate': 0.0027193538499682194}. Best is trial 0 with value: 0.08554363995790482.
[I 2023-12-26 12:39:33,357] Trial 18 finished with value: 3.5631258487701416 and parameters: {'gradient_clip_val': 0.10018633374512224, 'hidden_size': 8, 'dropout': 0.3996339110008254, 'hidden_continuous_size': 5, 'attention_head_size': 1, 'learning_rate': 0.03348391493064298}. Best is trial 0 with value: 0.08554363995790482.
[I 2023-12-26 12:39:35,236] Trial 19 finished with value: 3.3414485454559326 and parameters: {'gradient_clip_val': 0.13682776603626653, 'hidden_size': 7, 'dropout': 0.299017124108242, 'hidden_continuous_size': 5, 'attention_head_size': 2, 'learning_rate': 0.0051281803699418935}. Best is trial 0 with value: 0.08554363995790482.
[I 2023-12-26 12:39:37,252] Trial 20 finished with value: 3.9454448223114014 and parameters: {'gradient_clip_val': 0.23448082809611712, 'hidden_size': 13, 'dropout': 0.46001454876903525, 'hidden_continuous_size': 6, 'attention_head_size': 1, 'learning_rate': 0.011141720259122249}. Best is trial 0 with value: 0.08554363995790482.
[I 2023-12-26 12:39:39,120] Trial 21 finished with value: 4.444775104522705 and parameters: {'gradient_clip_val': 0.20972524065740125, 'hidden_size': 16, 'dropout': 0.42607866158443775, 'hidden_continuous_size': 9, 'attention_head_size': 1, 'learning_rate': 0.011858804288023328}. Best is trial 0 with value: 0.08554363995790482.
[I 2023-12-26 12:39:41,093] Trial 22 finished with value: 3.2508461475372314 and parameters: {'gradient_clip_val': 0.24803245312575634, 'hidden_size': 9, 'dropout': 0.42533959800736687, 'hidden_continuous_size': 6, 'attention_head_size': 1, 'learning_rate': 0.007942558426428726}. Best is trial 0 with value: 0.08554363995790482.
[I 2023-12-26 12:39:42,988] Trial 23 finished with value: 2.6564998626708984 and parameters: {'gradient_clip_val': 0.37600409681798863, 'hidden_size': 16, 'dropout': 0.38585028625577733, 'hidden_continuous_size': 7, 'attention_head_size': 1, 'learning_rate': 0.01649236659418746}. Best is trial 0 with value: 0.08554363995790482.
[I 2023-12-26 12:39:45,177] Trial 24 finished with value: 3.597400665283203 and parameters: {'gradient_clip_val': 0.3550026078441716, 'hidden_size': 18, 'dropout': 0.3569194609393127, 'hidden_continuous_size': 7, 'attention_head_size': 2, 'learning_rate': 0.020356600157578307}. Best is trial 0 with value: 0.08554363995790482.
[I 2023-12-26 12:39:47,564] Trial 25 finished with value: 2.9704856872558594 and parameters: {'gradient_clip_val': 0.33703027271013425, 'hidden_size': 27, 'dropout': 0.3868078744696406, 'hidden_continuous_size': 11, 'attention_head_size': 1, 'learning_rate': 0.041085705516885895}. Best is trial 0 with value: 0.08554363995790482.
[I 2023-12-26 12:39:50,065] Trial 26 finished with value: 3.3833837509155273 and parameters: {'gradient_clip_val': 0.41529364593649126, 'hidden_size': 31, 'dropout': 0.3964163689437456, 'hidden_continuous_size': 12, 'attention_head_size': 2, 'learning_rate': 0.04178572210885123}. Best is trial 0 with value: 0.08554363995790482.
[I 2023-12-26 12:39:52,218] Trial 27 finished with value: 3.1920063495635986 and parameters: {'gradient_clip_val': 0.3226063862032611, 'hidden_size': 24, 'dropout': 0.4535060507900663, 'hidden_continuous_size': 10, 'attention_head_size': 1, 'learning_rate': 0.03624428533056523}. Best is trial 0 with value: 0.08554363995790482.
[I 2023-12-26 12:39:54,645] Trial 28 finished with value: 3.038780450820923 and parameters: {'gradient_clip_val': 0.43047896537051333, 'hidden_size': 24, 'dropout': 0.3183410238774588, 'hidden_continuous_size': 7, 'attention_head_size': 3, 'learning_rate': 0.09339330293646064}. Best is trial 0 with value: 0.08554363995790482.
[I 2023-12-26 12:39:56,627] Trial 29 finished with value: 3.491868734359741 and parameters: {'gradient_clip_val': 0.30006982856940506, 'hidden_size': 17, 'dropout': 0.49340490578887014, 'hidden_continuous_size': 8, 'attention_head_size': 1, 'learning_rate': 0.026979064569410783}. Best is trial 0 with value: 0.08554363995790482.
[I 2023-12-26 12:39:58,602] Trial 30 finished with value: 3.512334108352661 and parameters: {'gradient_clip_val': 0.5204547501412995, 'hidden_size': 12, 'dropout': 0.3782069355162343, 'hidden_continuous_size': 7, 'attention_head_size': 1, 'learning_rate': 0.04821889102587057}. Best is trial 0 with value: 0.08554363995790482.
[I 2023-12-26 12:40:00,936] Trial 31 finished with value: 3.5592777729034424 and parameters: {'gradient_clip_val': 0.338444513138921, 'hidden_size': 27, 'dropout': 0.3651604460338267, 'hidden_continuous_size': 11, 'attention_head_size': 1, 'learning_rate': 0.06723163470050364}. Best is trial 0 with value: 0.08554363995790482.
[I 2023-12-26 12:40:02,926] Trial 32 finished with value: 2.3835461139678955 and parameters: {'gradient_clip_val': 0.27448982173973313, 'hidden_size': 11, 'dropout': 0.400053476551618, 'hidden_continuous_size': 6, 'attention_head_size': 2, 'learning_rate': 0.016895063398353047}. Best is trial 0 with value: 0.08554363995790482.
[I 2023-12-26 12:40:04,907] Trial 33 finished with value: 3.577878713607788 and parameters: {'gradient_clip_val': 0.27818238963985015, 'hidden_size': 12, 'dropout': 0.40449961924001554, 'hidden_continuous_size': 6, 'attention_head_size': 2, 'learning_rate': 0.015784236101221344}. Best is trial 0 with value: 0.08554363995790482.
[I 2023-12-26 12:40:06,980] Trial 34 finished with value: 3.0797884464263916 and parameters: {'gradient_clip_val': 0.2045624610337333, 'hidden_size': 19, 'dropout': 0.4398849180427383, 'hidden_continuous_size': 8, 'attention_head_size': 2, 'learning_rate': 0.02779059499299405}. Best is trial 0 with value: 0.08554363995790482.
[I 2023-12-26 12:40:09,103] Trial 35 finished with value: 2.895714521408081 and parameters: {'gradient_clip_val': 0.23804777818261702, 'hidden_size': 15, 'dropout': 0.4155999561594862, 'hidden_continuous_size': 7, 'attention_head_size': 3, 'learning_rate': 0.01522379260596722}. Best is trial 0 with value: 0.08554363995790482.
[I 2023-12-26 12:40:11,130] Trial 36 finished with value: 2.590440034866333 and parameters: {'gradient_clip_val': 0.22478959081364316, 'hidden_size': 10, 'dropout': 0.4080437292070801, 'hidden_continuous_size': 5, 'attention_head_size': 4, 'learning_rate': 0.01396861499580287}. Best is trial 0 with value: 0.08554363995790482.
[I 2023-12-26 12:40:12,933] Trial 37 finished with value: 2.9797489643096924 and parameters: {'gradient_clip_val': 0.15592427870446313, 'hidden_size': 5, 'dropout': 0.43734470572169293, 'hidden_continuous_size': 5, 'attention_head_size': 4, 'learning_rate': 0.008644415648582034}. Best is trial 0 with value: 0.08554363995790482.
[I 2023-12-26 12:40:15,010] Trial 38 finished with value: 3.0868327617645264 and parameters: {'gradient_clip_val': 0.18807719995237962, 'hidden_size': 9, 'dropout': 0.4038585928963339, 'hidden_continuous_size': 5, 'attention_head_size': 4, 'learning_rate': 0.006722903393269183}. Best is trial 0 with value: 0.08554363995790482.
[I 2023-12-26 12:40:17,019] Trial 39 finished with value: 3.815702438354492 and parameters: {'gradient_clip_val': 0.2153697204977663, 'hidden_size': 6, 'dropout': 0.4692287806991645, 'hidden_continuous_size': 5, 'attention_head_size': 3, 'learning_rate': 0.015780294055526594}. Best is trial 0 with value: 0.08554363995790482.
[I 2023-12-26 12:40:19,670] Trial 40 finished with value: 3.610987901687622 and parameters: {'gradient_clip_val': 0.17411574857964382, 'hidden_size': 20, 'dropout': 0.3745916614485264, 'hidden_continuous_size': 6, 'attention_head_size': 3, 'learning_rate': 0.02540053234972466}. Best is trial 0 with value: 0.08554363995790482.
[I 2023-12-26 12:40:21,963] Trial 41 finished with value: 3.110564947128296 and parameters: {'gradient_clip_val': 0.23405441638822608, 'hidden_size': 14, 'dropout': 0.41789234932876906, 'hidden_continuous_size': 7, 'attention_head_size': 4, 'learning_rate': 0.01503498398695326}. Best is trial 0 with value: 0.08554363995790482.
[I 2023-12-26 12:40:24,009] Trial 42 finished with value: 3.1690051555633545 and parameters: {'gradient_clip_val': 0.2588253499183741, 'hidden_size': 11, 'dropout': 0.41013884787884625, 'hidden_continuous_size': 6, 'attention_head_size': 3, 'learning_rate': 0.009040027348285424}. Best is trial 0 with value: 0.08554363995790482.
