[I 2023-12-15 20:45:25,875] Trial 0 finished with value: 184.971435546875 and parameters: {'gradient_clip_val': 0.24544069715927927, 'hidden_size': 5, 'dropout': 0.2984557664495121, 'hidden_continuous_size': 5, 'attention_head_size': 3, 'learning_rate': 0.029263157745045534}. Best is trial 0 with value: 184.971435546875.
LOCAL_RANK: 0 - CUDA_VISIBLE_DEVICES: [0]
[I 2023-12-15 20:46:18,885] Trial 1 finished with value: 101.4500961303711 and parameters: {'gradient_clip_val': 0.2967837365416215, 'hidden_size': 43, 'dropout': 0.21603600482400584, 'hidden_continuous_size': 34, 'attention_head_size': 1, 'learning_rate': 0.04571994429744743}. Best is trial 1 with value: 101.4500961303711.
LOCAL_RANK: 0 - CUDA_VISIBLE_DEVICES: [0]
[I 2023-12-15 20:47:03,418] Trial 2 finished with value: 160.99526977539062 and parameters: {'gradient_clip_val': 0.5245093104199963, 'hidden_size': 12, 'dropout': 0.12601988665089747, 'hidden_continuous_size': 5, 'attention_head_size': 3, 'learning_rate': 0.000993223729976466}. Best is trial 1 with value: 101.4500961303711.
LOCAL_RANK: 0 - CUDA_VISIBLE_DEVICES: [0]
[I 2023-12-15 20:47:49,715] Trial 3 finished with value: 151.98097229003906 and parameters: {'gradient_clip_val': 0.6816241604349639, 'hidden_size': 15, 'dropout': 0.18334623271772182, 'hidden_continuous_size': 5, 'attention_head_size': 4, 'learning_rate': 0.0010306608905604117}. Best is trial 1 with value: 101.4500961303711.
LOCAL_RANK: 0 - CUDA_VISIBLE_DEVICES: [0]
[I 2023-12-15 20:48:38,415] Trial 4 finished with value: 116.20488739013672 and parameters: {'gradient_clip_val': 0.3676637200084665, 'hidden_size': 24, 'dropout': 0.2448488215918799, 'hidden_continuous_size': 19, 'attention_head_size': 4, 'learning_rate': 0.0010795161899784338}. Best is trial 1 with value: 101.4500961303711.
LOCAL_RANK: 0 - CUDA_VISIBLE_DEVICES: [0]
[I 2023-12-15 20:49:24,806] Trial 5 finished with value: 95.78556060791016 and parameters: {'gradient_clip_val': 0.49275981216390424, 'hidden_size': 14, 'dropout': 0.18870374279705804, 'hidden_continuous_size': 6, 'attention_head_size': 4, 'learning_rate': 0.0023048270839279403}. Best is trial 5 with value: 95.78556060791016.
LOCAL_RANK: 0 - CUDA_VISIBLE_DEVICES: [0]
[I 2023-12-15 20:50:20,585] Trial 6 finished with value: 93.4155502319336 and parameters: {'gradient_clip_val': 0.20709270056164558, 'hidden_size': 89, 'dropout': 0.30475938635388333, 'hidden_continuous_size': 41, 'attention_head_size': 2, 'learning_rate': 0.056775994452747884}. Best is trial 6 with value: 93.4155502319336.
LOCAL_RANK: 0 - CUDA_VISIBLE_DEVICES: [0]
[I 2023-12-15 20:51:05,720] Trial 7 finished with value: 160.5710906982422 and parameters: {'gradient_clip_val': 0.22169503044685823, 'hidden_size': 7, 'dropout': 0.30617435526097936, 'hidden_continuous_size': 5, 'attention_head_size': 2, 'learning_rate': 0.022132541492650457}. Best is trial 6 with value: 93.4155502319336.
LOCAL_RANK: 0 - CUDA_VISIBLE_DEVICES: [0]
[I 2023-12-15 20:51:51,186] Trial 8 finished with value: 100.83525848388672 and parameters: {'gradient_clip_val': 0.2752163887698792, 'hidden_size': 6, 'dropout': 0.12761176330513846, 'hidden_continuous_size': 5, 'attention_head_size': 3, 'learning_rate': 0.0036462539696756765}. Best is trial 6 with value: 93.4155502319336.
LOCAL_RANK: 0 - CUDA_VISIBLE_DEVICES: [0]
[I 2023-12-15 20:52:43,049] Trial 9 finished with value: 78.48587799072266 and parameters: {'gradient_clip_val': 0.20660137900092956, 'hidden_size': 39, 'dropout': 0.3676811193446231, 'hidden_continuous_size': 11, 'attention_head_size': 4, 'learning_rate': 0.009432922540582126}. Best is trial 9 with value: 78.48587799072266.
LOCAL_RANK: 0 - CUDA_VISIBLE_DEVICES: [0]
[I 2023-12-15 20:53:33,340] Trial 10 finished with value: 98.52698516845703 and parameters: {'gradient_clip_val': 0.12073920598885732, 'hidden_size': 39, 'dropout': 0.39898043661484883, 'hidden_continuous_size': 10, 'attention_head_size': 1, 'learning_rate': 0.01069449250696528}. Best is trial 9 with value: 78.48587799072266.
LOCAL_RANK: 0 - CUDA_VISIBLE_DEVICES: [0]
[I 2023-12-15 20:54:29,139] Trial 11 finished with value: 103.87079620361328 and parameters: {'gradient_clip_val': 0.1597167533088909, 'hidden_size': 78, 'dropout': 0.362425215919458, 'hidden_continuous_size': 61, 'attention_head_size': 2, 'learning_rate': 0.06427885606626102}. Best is trial 9 with value: 78.48587799072266.
LOCAL_RANK: 0 - CUDA_VISIBLE_DEVICES: [0]
[I 2023-12-15 20:55:23,568] Trial 12 finished with value: 93.44351959228516 and parameters: {'gradient_clip_val': 0.17744936554383378, 'hidden_size': 84, 'dropout': 0.32229099631335284, 'hidden_continuous_size': 19, 'attention_head_size': 2, 'learning_rate': 0.08710008703966318}. Best is trial 9 with value: 78.48587799072266.
LOCAL_RANK: 0 - CUDA_VISIBLE_DEVICES: [0]
[I 2023-12-15 20:56:16,103] Trial 13 finished with value: 183.21546936035156 and parameters: {'gradient_clip_val': 0.11581222032989344, 'hidden_size': 56, 'dropout': 0.3508230971145783, 'hidden_continuous_size': 13, 'attention_head_size': 2, 'learning_rate': 0.012980606736729383}. Best is trial 9 with value: 78.48587799072266.
LOCAL_RANK: 0 - CUDA_VISIBLE_DEVICES: [0]
[I 2023-12-15 20:57:11,789] Trial 14 finished with value: 181.8531494140625 and parameters: {'gradient_clip_val': 0.17430790176209898, 'hidden_size': 87, 'dropout': 0.2788749770343154, 'hidden_continuous_size': 35, 'attention_head_size': 3, 'learning_rate': 0.005609967496441739}. Best is trial 9 with value: 78.48587799072266.
LOCAL_RANK: 0 - CUDA_VISIBLE_DEVICES: [0]
[I 2023-12-15 20:58:00,498] Trial 15 finished with value: 98.99872589111328 and parameters: {'gradient_clip_val': 0.3785346220283492, 'hidden_size': 31, 'dropout': 0.34424526900235763, 'hidden_continuous_size': 9, 'attention_head_size': 1, 'learning_rate': 0.09853057665082823}. Best is trial 9 with value: 78.48587799072266.
LOCAL_RANK: 0 - CUDA_VISIBLE_DEVICES: [0]
[I 2023-12-15 20:58:54,334] Trial 16 finished with value: 111.30157470703125 and parameters: {'gradient_clip_val': 0.2126746192988642, 'hidden_size': 53, 'dropout': 0.3936906253006848, 'hidden_continuous_size': 15, 'attention_head_size': 4, 'learning_rate': 0.029834066270605423}. Best is trial 9 with value: 78.48587799072266.
LOCAL_RANK: 0 - CUDA_VISIBLE_DEVICES: [0]
[I 2023-12-15 20:59:47,652] Trial 17 finished with value: 123.4806900024414 and parameters: {'gradient_clip_val': 0.9063525675644818, 'hidden_size': 64, 'dropout': 0.27585592746258525, 'hidden_continuous_size': 29, 'attention_head_size': 3, 'learning_rate': 0.014523905122168718}. Best is trial 9 with value: 78.48587799072266.
LOCAL_RANK: 0 - CUDA_VISIBLE_DEVICES: [0]
[I 2023-12-15 21:00:46,152] Trial 18 finished with value: 96.52542877197266 and parameters: {'gradient_clip_val': 0.1021818771397523, 'hidden_size': 99, 'dropout': 0.32927739841356946, 'hidden_continuous_size': 98, 'attention_head_size': 2, 'learning_rate': 0.04889527985042043}. Best is trial 9 with value: 78.48587799072266.
LOCAL_RANK: 0 - CUDA_VISIBLE_DEVICES: [0]
[I 2023-12-15 21:01:35,178] Trial 19 finished with value: 91.71566772460938 and parameters: {'gradient_clip_val': 0.15101848007293409, 'hidden_size': 33, 'dropout': 0.3547810614334041, 'hidden_continuous_size': 8, 'attention_head_size': 1, 'learning_rate': 0.006570139700821068}. Best is trial 9 with value: 78.48587799072266.
LOCAL_RANK: 0 - CUDA_VISIBLE_DEVICES: [0]
[I 2023-12-15 21:02:22,365] Trial 20 finished with value: 135.05010986328125 and parameters: {'gradient_clip_val': 0.14253600123925408, 'hidden_size': 24, 'dropout': 0.37371504834316877, 'hidden_continuous_size': 8, 'attention_head_size': 1, 'learning_rate': 0.006918085741302815}. Best is trial 9 with value: 78.48587799072266.
LOCAL_RANK: 0 - CUDA_VISIBLE_DEVICES: [0]
[I 2023-12-15 21:03:11,370] Trial 21 finished with value: 153.97149658203125 and parameters: {'gradient_clip_val': 0.19988685739057102, 'hidden_size': 35, 'dropout': 0.36320483840889894, 'hidden_continuous_size': 7, 'attention_head_size': 1, 'learning_rate': 0.00975187948106963}. Best is trial 9 with value: 78.48587799072266.
LOCAL_RANK: 0 - CUDA_VISIBLE_DEVICES: [0]
[I 2023-12-15 21:04:03,747] Trial 22 finished with value: 111.91736602783203 and parameters: {'gradient_clip_val': 0.1386294854487842, 'hidden_size': 52, 'dropout': 0.3313971334031084, 'hidden_continuous_size': 11, 'attention_head_size': 2, 'learning_rate': 0.0051457266925063845}. Best is trial 9 with value: 78.48587799072266.
LOCAL_RANK: 0 - CUDA_VISIBLE_DEVICES: [0]
[I 2023-12-15 21:04:52,421] Trial 23 finished with value: 149.55609130859375 and parameters: {'gradient_clip_val': 0.24503657885840593, 'hidden_size': 30, 'dropout': 0.3783011205139979, 'hidden_continuous_size': 8, 'attention_head_size': 1, 'learning_rate': 0.019831744411768115}. Best is trial 9 with value: 78.48587799072266.
LOCAL_RANK: 0 - CUDA_VISIBLE_DEVICES: [0]
[I 2023-12-15 21:05:45,287] Trial 24 finished with value: 142.1289520263672 and parameters: {'gradient_clip_val': 0.20047157130524584, 'hidden_size': 67, 'dropout': 0.3446075886999684, 'hidden_continuous_size': 11, 'attention_head_size': 2, 'learning_rate': 0.003426950828408059}. Best is trial 9 with value: 78.48587799072266.
LOCAL_RANK: 0 - CUDA_VISIBLE_DEVICES: [0]
[I 2023-12-15 21:06:37,485] Trial 25 finished with value: 142.72157287597656 and parameters: {'gradient_clip_val': 0.15285302229792547, 'hidden_size': 46, 'dropout': 0.31290870991886, 'hidden_continuous_size': 7, 'attention_head_size': 3, 'learning_rate': 0.007660150221969217}. Best is trial 9 with value: 78.48587799072266.
LOCAL_RANK: 0 - CUDA_VISIBLE_DEVICES: [0]
[I 2023-12-15 21:07:30,208] Trial 26 finished with value: 100.35176849365234 and parameters: {'gradient_clip_val': 0.1848581328110591, 'hidden_size': 66, 'dropout': 0.3775447618862949, 'hidden_continuous_size': 13, 'attention_head_size': 1, 'learning_rate': 0.01642430007789826}. Best is trial 9 with value: 78.48587799072266.
LOCAL_RANK: 0 - CUDA_VISIBLE_DEVICES: [0]
[I 2023-12-15 21:08:21,041] Trial 27 finished with value: 87.0494155883789 and parameters: {'gradient_clip_val': 0.1355715213799321, 'hidden_size': 40, 'dropout': 0.3427442142793167, 'hidden_continuous_size': 9, 'attention_head_size': 4, 'learning_rate': 0.009968006684708895}. Best is trial 9 with value: 78.48587799072266.
LOCAL_RANK: 0 - CUDA_VISIBLE_DEVICES: [0]
[I 2023-12-15 21:09:11,811] Trial 28 finished with value: 106.88335418701172 and parameters: {'gradient_clip_val': 0.12637118215802973, 'hidden_size': 37, 'dropout': 0.3488627044527231, 'hidden_continuous_size': 9, 'attention_head_size': 4, 'learning_rate': 0.009812043155307655}. Best is trial 9 with value: 78.48587799072266.
LOCAL_RANK: 0 - CUDA_VISIBLE_DEVICES: [0]
[I 2023-12-15 21:10:01,837] Trial 29 finished with value: 121.2142562866211 and parameters: {'gradient_clip_val': 0.15831921262852014, 'hidden_size': 27, 'dropout': 0.29019861583368745, 'hidden_continuous_size': 10, 'attention_head_size': 4, 'learning_rate': 0.023791182928463033}. Best is trial 9 with value: 78.48587799072266.
LOCAL_RANK: 0 - CUDA_VISIBLE_DEVICES: [0]
[I 2023-12-15 21:10:50,431] Trial 30 finished with value: 139.18389892578125 and parameters: {'gradient_clip_val': 0.10102671207669783, 'hidden_size': 19, 'dropout': 0.39977712358052614, 'hidden_continuous_size': 8, 'attention_head_size': 4, 'learning_rate': 0.013771539107030354}. Best is trial 9 with value: 78.48587799072266.
LOCAL_RANK: 0 - CUDA_VISIBLE_DEVICES: [0]
[I 2023-12-15 21:11:41,261] Trial 31 finished with value: 141.06260681152344 and parameters: {'gradient_clip_val': 0.22687783186491567, 'hidden_size': 43, 'dropout': 0.3088083768270034, 'hidden_continuous_size': 6, 'attention_head_size': 3, 'learning_rate': 0.03675439608447658}. Best is trial 9 with value: 78.48587799072266.
LOCAL_RANK: 0 - CUDA_VISIBLE_DEVICES: [0]
[I 2023-12-15 21:12:31,376] Trial 32 finished with value: 81.30065155029297 and parameters: {'gradient_clip_val': 0.24725377677198726, 'hidden_size': 36, 'dropout': 0.32773322363378365, 'hidden_continuous_size': 11, 'attention_head_size': 4, 'learning_rate': 0.018563824438786895}. Best is trial 9 with value: 78.48587799072266.
LOCAL_RANK: 0 - CUDA_VISIBLE_DEVICES: [0]
[I 2023-12-15 21:13:22,566] Trial 33 finished with value: 93.0688705444336 and parameters: {'gradient_clip_val': 0.29586393146393236, 'hidden_size': 35, 'dropout': 0.33988380161177656, 'hidden_continuous_size': 12, 'attention_head_size': 4, 'learning_rate': 0.018320303984928205}. Best is trial 9 with value: 78.48587799072266.
LOCAL_RANK: 0 - CUDA_VISIBLE_DEVICES: [0]
[I 2023-12-15 21:14:15,135] Trial 34 finished with value: 161.37957763671875 and parameters: {'gradient_clip_val': 0.25368915834673034, 'hidden_size': 44, 'dropout': 0.3264567432228601, 'hidden_continuous_size': 15, 'attention_head_size': 4, 'learning_rate': 0.007706569888017217}. Best is trial 9 with value: 78.48587799072266.
LOCAL_RANK: 0 - CUDA_VISIBLE_DEVICES: [0]
[I 2023-12-15 21:15:05,347] Trial 35 finished with value: 129.6766357421875 and parameters: {'gradient_clip_val': 0.1757937701385924, 'hidden_size': 30, 'dropout': 0.3602230249583998, 'hidden_continuous_size': 10, 'attention_head_size': 4, 'learning_rate': 0.028896970717676825}. Best is trial 9 with value: 78.48587799072266.
LOCAL_RANK: 0 - CUDA_VISIBLE_DEVICES: [0]
[I 2023-12-15 21:15:52,999] Trial 36 finished with value: 81.87907409667969 and parameters: {'gradient_clip_val': 0.1374026351246388, 'hidden_size': 20, 'dropout': 0.37694115714668686, 'hidden_continuous_size': 9, 'attention_head_size': 3, 'learning_rate': 0.011182701629634875}. Best is trial 9 with value: 78.48587799072266.
LOCAL_RANK: 0 - CUDA_VISIBLE_DEVICES: [0]
[I 2023-12-15 21:16:42,293] Trial 37 finished with value: 118.68975830078125 and parameters: {'gradient_clip_val': 0.13296703227279635, 'hidden_size': 21, 'dropout': 0.3809939499712927, 'hidden_continuous_size': 9, 'attention_head_size': 3, 'learning_rate': 0.012431299387139053}. Best is trial 9 with value: 78.48587799072266.
LOCAL_RANK: 0 - CUDA_VISIBLE_DEVICES: [0]
[I 2023-12-15 21:17:30,357] Trial 38 finished with value: 77.29417419433594 and parameters: {'gradient_clip_val': 0.3253746020887368, 'hidden_size': 17, 'dropout': 0.36766157710662584, 'hidden_continuous_size': 10, 'attention_head_size': 4, 'learning_rate': 0.01742041396077429}. Best is trial 38 with value: 77.29417419433594.
LOCAL_RANK: 0 - CUDA_VISIBLE_DEVICES: [0]
[I 2023-12-15 21:18:18,913] Trial 39 finished with value: 101.7933578491211 and parameters: {'gradient_clip_val': 0.31752639004375877, 'hidden_size': 18, 'dropout': 0.3837341819648114, 'hidden_continuous_size': 11, 'attention_head_size': 3, 'learning_rate': 0.017764627488488616}. Best is trial 38 with value: 77.29417419433594.
LOCAL_RANK: 0 - CUDA_VISIBLE_DEVICES: [0]
[I 2023-12-15 21:19:05,837] Trial 40 finished with value: 132.95945739746094 and parameters: {'gradient_clip_val': 0.3523460537365459, 'hidden_size': 13, 'dropout': 0.3753205013806572, 'hidden_continuous_size': 9, 'attention_head_size': 4, 'learning_rate': 0.023114001348426203}. Best is trial 38 with value: 77.29417419433594.
LOCAL_RANK: 0 - CUDA_VISIBLE_DEVICES: [0]
[I 2023-12-15 21:19:54,640] Trial 41 finished with value: 89.56584930419922 and parameters: {'gradient_clip_val': 0.2495170171623329, 'hidden_size': 24, 'dropout': 0.36426525459812714, 'hidden_continuous_size': 10, 'attention_head_size': 4, 'learning_rate': 0.009752910608364475}. Best is trial 38 with value: 77.29417419433594.
LOCAL_RANK: 0 - CUDA_VISIBLE_DEVICES: [0]
[I 2023-12-15 21:20:42,482] Trial 42 finished with value: 105.7537612915039 and parameters: {'gradient_clip_val': 0.2341824298735702, 'hidden_size': 17, 'dropout': 0.3374053579992423, 'hidden_continuous_size': 10, 'attention_head_size': 4, 'learning_rate': 0.016509211719226112}. Best is trial 38 with value: 77.29417419433594.
LOCAL_RANK: 0 - CUDA_VISIBLE_DEVICES: [0]
[I 2023-12-15 21:21:32,519] Trial 43 finished with value: 128.81199645996094 and parameters: {'gradient_clip_val': 0.2751510034060684, 'hidden_size': 27, 'dropout': 0.3212484425229108, 'hidden_continuous_size': 12, 'attention_head_size': 4, 'learning_rate': 0.013891437630655543}. Best is trial 38 with value: 77.29417419433594.
LOCAL_RANK: 0 - CUDA_VISIBLE_DEVICES: [0]
[I 2023-12-15 21:22:19,348] Trial 44 finished with value: 76.39446258544922 and parameters: {'gradient_clip_val': 0.11549142954418361, 'hidden_size': 14, 'dropout': 0.36059391472467645, 'hidden_continuous_size': 9, 'attention_head_size': 4, 'learning_rate': 0.011639597296797198}. Best is trial 44 with value: 76.39446258544922.
LOCAL_RANK: 0 - CUDA_VISIBLE_DEVICES: [0]
[I 2023-12-15 21:23:06,542] Trial 45 finished with value: 74.63191986083984 and parameters: {'gradient_clip_val': 0.1172641265335931, 'hidden_size': 15, 'dropout': 0.3876606724196551, 'hidden_continuous_size': 9, 'attention_head_size': 4, 'learning_rate': 0.028520116097509783}. Best is trial 45 with value: 74.63191986083984.
LOCAL_RANK: 0 - CUDA_VISIBLE_DEVICES: [0]
[I 2023-12-15 21:23:52,812] Trial 46 finished with value: 122.8574447631836 and parameters: {'gradient_clip_val': 0.1095927138189623, 'hidden_size': 11, 'dropout': 0.3988680952233458, 'hidden_continuous_size': 6, 'attention_head_size': 4, 'learning_rate': 0.04194374328160782}. Best is trial 45 with value: 74.63191986083984.
LOCAL_RANK: 0 - CUDA_VISIBLE_DEVICES: [0]
[I 2023-12-15 21:24:39,770] Trial 47 finished with value: 224.5447540283203 and parameters: {'gradient_clip_val': 0.12090919391397666, 'hidden_size': 15, 'dropout': 0.35875243648621086, 'hidden_continuous_size': 10, 'attention_head_size': 4, 'learning_rate': 0.028414438701688402}. Best is trial 45 with value: 74.63191986083984.
LOCAL_RANK: 0 - CUDA_VISIBLE_DEVICES: [0]
[I 2023-12-15 21:25:25,498] Trial 48 finished with value: 104.59081268310547 and parameters: {'gradient_clip_val': 0.11371280790850713, 'hidden_size': 12, 'dropout': 0.3871320654321289, 'hidden_continuous_size': 9, 'attention_head_size': 4, 'learning_rate': 0.023692785459088886}. Best is trial 45 with value: 74.63191986083984.
LOCAL_RANK: 0 - CUDA_VISIBLE_DEVICES: [0]
[I 2023-12-15 21:26:11,686] Trial 49 finished with value: 118.07105255126953 and parameters: {'gradient_clip_val': 0.39136364252002853, 'hidden_size': 10, 'dropout': 0.36797044532361417, 'hidden_continuous_size': 7, 'attention_head_size': 4, 'learning_rate': 0.03145246596781954}. Best is trial 45 with value: 74.63191986083984.
[I 2023-12-15 21:26:11,779] A new study created in memory with name: no-name-46c073df-5a77-41dc-9719-bdc0de428899
/home/le004/conda/anaconda3/envs/tsff_env/lib/python3.9/site-packages/lightning/fabric/plugins/environments/slurm.py:191: The `srun` command is available on your system but is not used. HINT: If your intention is to run Lightning on SLURM, prepend your python command with `srun` like so: srun python /home/le004/master_thesis/git/TSFusionForecast/code/ ...
LOCAL_RANK: 0 - CUDA_VISIBLE_DEVICES: [0]
[I 2023-12-15 21:26:57,100] Trial 0 finished with value: 80.74405670166016 and parameters: {'gradient_clip_val': 0.12271114056511591, 'hidden_size': 6, 'dropout': 0.2224309570938265, 'hidden_continuous_size': 5, 'attention_head_size': 2, 'learning_rate': 0.073826526312519}. Best is trial 0 with value: 80.74405670166016.
LOCAL_RANK: 0 - CUDA_VISIBLE_DEVICES: [0]
[I 2023-12-15 21:27:30,941] Trial 1 finished with value: 87.1139144897461 and parameters: {'gradient_clip_val': 0.9358293233047861, 'hidden_size': 5, 'dropout': 0.2158750275960959, 'hidden_continuous_size': 5, 'attention_head_size': 1, 'learning_rate': 0.020019526933611594}. Best is trial 0 with value: 80.74405670166016.
LOCAL_RANK: 0 - CUDA_VISIBLE_DEVICES: [0]
[I 2023-12-15 21:28:24,427] Trial 2 finished with value: 59.92381286621094 and parameters: {'gradient_clip_val': 0.30357206026812067, 'hidden_size': 51, 'dropout': 0.35696239138626673, 'hidden_continuous_size': 26, 'attention_head_size': 3, 'learning_rate': 0.001086577107184247}. Best is trial 2 with value: 59.92381286621094.
LOCAL_RANK: 0 - CUDA_VISIBLE_DEVICES: [0]
[I 2023-12-15 21:29:09,460] Trial 3 finished with value: 69.04659271240234 and parameters: {'gradient_clip_val': 0.20677390800900547, 'hidden_size': 8, 'dropout': 0.15260677255713165, 'hidden_continuous_size': 7, 'attention_head_size': 4, 'learning_rate': 0.012943098334419277}. Best is trial 2 with value: 59.92381286621094.
LOCAL_RANK: 0 - CUDA_VISIBLE_DEVICES: [0]
[I 2023-12-15 21:30:01,859] Trial 4 finished with value: 70.61473083496094 and parameters: {'gradient_clip_val': 0.7717989178448116, 'hidden_size': 36, 'dropout': 0.329104303353553, 'hidden_continuous_size': 29, 'attention_head_size': 4, 'learning_rate': 0.05496879518210479}. Best is trial 2 with value: 59.92381286621094.
LOCAL_RANK: 0 - CUDA_VISIBLE_DEVICES: [0]
[I 2023-12-15 21:30:36,593] Trial 5 finished with value: 64.35628509521484 and parameters: {'gradient_clip_val': 0.32136938770014745, 'hidden_size': 5, 'dropout': 0.35398593858161187, 'hidden_continuous_size': 5, 'attention_head_size': 3, 'learning_rate': 0.014372230867755876}. Best is trial 2 with value: 59.92381286621094.
LOCAL_RANK: 0 - CUDA_VISIBLE_DEVICES: [0]
[I 2023-12-15 21:31:23,646] Trial 6 finished with value: 59.99554443359375 and parameters: {'gradient_clip_val': 0.20007786423776575, 'hidden_size': 19, 'dropout': 0.20421592294606117, 'hidden_continuous_size': 5, 'attention_head_size': 3, 'learning_rate': 0.0038661851106747474}. Best is trial 2 with value: 59.92381286621094.
LOCAL_RANK: 0 - CUDA_VISIBLE_DEVICES: [0]
[I 2023-12-15 21:32:12,291] Trial 7 finished with value: 90.16292572021484 and parameters: {'gradient_clip_val': 0.13589205773559557, 'hidden_size': 40, 'dropout': 0.1285360566615585, 'hidden_continuous_size': 7, 'attention_head_size': 2, 'learning_rate': 0.01870418919880655}. Best is trial 2 with value: 59.92381286621094.
LOCAL_RANK: 0 - CUDA_VISIBLE_DEVICES: [0]
