[I 2023-12-26 13:24:26,002] Trial 16 finished with value: 3.1583054065704346 and parameters: {'gradient_clip_val': 0.15227651120037752, 'hidden_size': 9, 'dropout': 0.2103066590610524, 'hidden_continuous_size': 5, 'attention_head_size': 2, 'learning_rate': 0.03233227971787495}. Best is trial 0 with value: 0.06310846656560898.
[I 2023-12-26 13:24:28,759] Trial 17 finished with value: 2.9557313919067383 and parameters: {'gradient_clip_val': 0.10192658235397137, 'hidden_size': 18, 'dropout': 0.15754812785522992, 'hidden_continuous_size': 7, 'attention_head_size': 4, 'learning_rate': 0.009189323482113449}. Best is trial 0 with value: 0.06310846656560898.
[I 2023-12-26 13:24:32,067] Trial 18 finished with value: 2.036736249923706 and parameters: {'gradient_clip_val': 0.18232485405801563, 'hidden_size': 33, 'dropout': 0.2453455184155599, 'hidden_continuous_size': 12, 'attention_head_size': 3, 'learning_rate': 0.02271813696175073}. Best is trial 0 with value: 0.06310846656560898.
[I 2023-12-26 13:24:36,463] Trial 19 finished with value: 2.4963343143463135 and parameters: {'gradient_clip_val': 0.13309776559220152, 'hidden_size': 52, 'dropout': 0.2680481080035304, 'hidden_continuous_size': 16, 'attention_head_size': 4, 'learning_rate': 0.005324155591003559}. Best is trial 0 with value: 0.06310846656560898.
[I 2023-12-26 13:24:39,187] Trial 20 finished with value: 2.6786458492279053 and parameters: {'gradient_clip_val': 0.2525005629564986, 'hidden_size': 22, 'dropout': 0.29592781288334413, 'hidden_continuous_size': 7, 'attention_head_size': 3, 'learning_rate': 0.03966214128817044}. Best is trial 0 with value: 0.06310846656560898.
[I 2023-12-26 13:24:41,650] Trial 21 finished with value: 3.0438051223754883 and parameters: {'gradient_clip_val': 0.21917634052725754, 'hidden_size': 9, 'dropout': 0.19035455557368572, 'hidden_continuous_size': 6, 'attention_head_size': 4, 'learning_rate': 0.030182575921001775}. Best is trial 0 with value: 0.06310846656560898.
[I 2023-12-26 13:24:44,192] Trial 22 finished with value: 3.8423099517822266 and parameters: {'gradient_clip_val': 0.15704814298085742, 'hidden_size': 11, 'dropout': 0.16046396265750856, 'hidden_continuous_size': 6, 'attention_head_size': 4, 'learning_rate': 0.024727077948041527}. Best is trial 0 with value: 0.06310846656560898.
[I 2023-12-26 13:24:46,470] Trial 23 finished with value: 2.887521982192993 and parameters: {'gradient_clip_val': 0.12486548335786651, 'hidden_size': 7, 'dropout': 0.11150623658625769, 'hidden_continuous_size': 5, 'attention_head_size': 4, 'learning_rate': 0.01315214694165122}. Best is trial 0 with value: 0.06310846656560898.
[I 2023-12-26 13:24:49,163] Trial 24 finished with value: 1.9672824144363403 and parameters: {'gradient_clip_val': 0.18631787689679746, 'hidden_size': 18, 'dropout': 0.19761963286637227, 'hidden_continuous_size': 5, 'attention_head_size': 3, 'learning_rate': 0.04825524535302455}. Best is trial 0 with value: 0.06310846656560898.
[I 2023-12-26 13:24:52,016] Trial 25 finished with value: 3.881765365600586 and parameters: {'gradient_clip_val': 0.22698433744569882, 'hidden_size': 9, 'dropout': 0.22801711367043098, 'hidden_continuous_size': 6, 'attention_head_size': 4, 'learning_rate': 0.03269068894309335}. Best is trial 0 with value: 0.06310846656560898.
[I 2023-12-26 13:24:54,523] Trial 26 finished with value: 2.6535379886627197 and parameters: {'gradient_clip_val': 0.15578682220341333, 'hidden_size': 14, 'dropout': 0.1645387099644093, 'hidden_continuous_size': 7, 'attention_head_size': 2, 'learning_rate': 0.017837518710169087}. Best is trial 0 with value: 0.06310846656560898.
[I 2023-12-26 13:24:57,077] Trial 27 finished with value: 2.70833683013916 and parameters: {'gradient_clip_val': 0.1143261306294869, 'hidden_size': 11, 'dropout': 0.12985367783699212, 'hidden_continuous_size': 6, 'attention_head_size': 3, 'learning_rate': 0.010477850059836959}. Best is trial 0 with value: 0.06310846656560898.
[I 2023-12-26 13:24:59,709] Trial 28 finished with value: 2.519920587539673 and parameters: {'gradient_clip_val': 0.26167444438979987, 'hidden_size': 18, 'dropout': 0.22716179242900614, 'hidden_continuous_size': 5, 'attention_head_size': 4, 'learning_rate': 0.09556793787521949}. Best is trial 0 with value: 0.06310846656560898.
[I 2023-12-26 13:25:02,902] Trial 29 finished with value: 1.8926886320114136 and parameters: {'gradient_clip_val': 0.1774770050042313, 'hidden_size': 28, 'dropout': 0.3330341334317368, 'hidden_continuous_size': 11, 'attention_head_size': 4, 'learning_rate': 0.023288628787384105}. Best is trial 0 with value: 0.06310846656560898.
[I 2023-12-26 13:25:05,829] Trial 30 finished with value: 2.475109815597534 and parameters: {'gradient_clip_val': 0.16757015540664655, 'hidden_size': 24, 'dropout': 0.368057302239427, 'hidden_continuous_size': 11, 'attention_head_size': 3, 'learning_rate': 0.01664433048410864}. Best is trial 0 with value: 0.06310846656560898.
[I 2023-12-26 13:25:08,304] Trial 31 finished with value: 2.7752065658569336 and parameters: {'gradient_clip_val': 0.1857073895521333, 'hidden_size': 7, 'dropout': 0.3192882817972027, 'hidden_continuous_size': 5, 'attention_head_size': 4, 'learning_rate': 0.02151181600155201}. Best is trial 0 with value: 0.06310846656560898.
[I 2023-12-26 13:25:11,496] Trial 32 finished with value: 2.858015298843384 and parameters: {'gradient_clip_val': 0.13878489926958956, 'hidden_size': 29, 'dropout': 0.35177271174015196, 'hidden_continuous_size': 10, 'attention_head_size': 4, 'learning_rate': 0.06500200773383558}. Best is trial 0 with value: 0.06310846656560898.
[I 2023-12-26 13:25:14,418] Trial 33 finished with value: 3.1166036128997803 and parameters: {'gradient_clip_val': 0.19968820117536085, 'hidden_size': 21, 'dropout': 0.2845926809994341, 'hidden_continuous_size': 9, 'attention_head_size': 4, 'learning_rate': 0.027059538453611528}. Best is trial 0 with value: 0.06310846656560898.
[I 2023-12-26 13:25:16,805] Trial 34 finished with value: 2.498420476913452 and parameters: {'gradient_clip_val': 0.16983294672917837, 'hidden_size': 16, 'dropout': 0.24888738134740465, 'hidden_continuous_size': 10, 'attention_head_size': 4, 'learning_rate': 0.04130238201501673}. Best is trial 0 with value: 0.06310846656560898.
[I 2023-12-26 13:25:19,536] Trial 35 finished with value: 2.255495309829712 and parameters: {'gradient_clip_val': 0.14675954614089481, 'hidden_size': 24, 'dropout': 0.2935788134009789, 'hidden_continuous_size': 13, 'attention_head_size': 4, 'learning_rate': 0.013219001878694576}. Best is trial 0 with value: 0.06310846656560898.
[I 2023-12-26 13:25:22,253] Trial 36 finished with value: 3.401113271713257 and parameters: {'gradient_clip_val': 0.11424181068603136, 'hidden_size': 12, 'dropout': 0.3888499049471498, 'hidden_continuous_size': 6, 'attention_head_size': 4, 'learning_rate': 0.06997675368288522}. Best is trial 0 with value: 0.06310846656560898.
[I 2023-12-26 13:25:24,776] Trial 37 finished with value: 3.2615222930908203 and parameters: {'gradient_clip_val': 0.2097989673815444, 'hidden_size': 14, 'dropout': 0.3366304383771572, 'hidden_continuous_size': 9, 'attention_head_size': 2, 'learning_rate': 0.0362397933413013}. Best is trial 0 with value: 0.06310846656560898.
[I 2023-12-26 13:25:27,459] Trial 38 finished with value: 2.9362399578094482 and parameters: {'gradient_clip_val': 0.14008385372209248, 'hidden_size': 20, 'dropout': 0.17619971166028858, 'hidden_continuous_size': 11, 'attention_head_size': 3, 'learning_rate': 0.05298293884001621}. Best is trial 0 with value: 0.06310846656560898.
[I 2023-12-26 13:25:29,694] Trial 39 finished with value: 3.1496760845184326 and parameters: {'gradient_clip_val': 0.17553895417971055, 'hidden_size': 16, 'dropout': 0.13953324881859983, 'hidden_continuous_size': 7, 'attention_head_size': 4, 'learning_rate': 0.027138714474687853}. Best is trial 0 with value: 0.06310846656560898.
[I 2023-12-26 13:25:32,411] Trial 40 finished with value: 2.11822772026062 and parameters: {'gradient_clip_val': 0.2874936158756438, 'hidden_size': 26, 'dropout': 0.3058183691057679, 'hidden_continuous_size': 14, 'attention_head_size': 3, 'learning_rate': 0.018830964318688383}. Best is trial 0 with value: 0.06310846656560898.
[I 2023-12-26 13:25:34,930] Trial 41 finished with value: 2.6892244815826416 and parameters: {'gradient_clip_val': 0.18911873740702886, 'hidden_size': 18, 'dropout': 0.19980900591177816, 'hidden_continuous_size': 5, 'attention_head_size': 3, 'learning_rate': 0.03908303989094101}. Best is trial 0 with value: 0.06310846656560898.
[I 2023-12-26 13:25:37,404] Trial 42 finished with value: 2.891538619995117 and parameters: {'gradient_clip_val': 0.2418281958254249, 'hidden_size': 13, 'dropout': 0.2126420486082116, 'hidden_continuous_size': 5, 'attention_head_size': 3, 'learning_rate': 0.05126120179999333}. Best is trial 0 with value: 0.06310846656560898.
[I 2023-12-26 13:25:40,427] Trial 43 finished with value: 3.3679912090301514 and parameters: {'gradient_clip_val': 0.20695881893947135, 'hidden_size': 27, 'dropout': 0.18051990553499764, 'hidden_continuous_size': 15, 'attention_head_size': 2, 'learning_rate': 0.04462960440197962}. Best is trial 0 with value: 0.06310846656560898.
[I 2023-12-26 13:25:43,804] Trial 44 finished with value: 2.5912106037139893 and parameters: {'gradient_clip_val': 0.16317800628332962, 'hidden_size': 35, 'dropout': 0.2648003224535771, 'hidden_continuous_size': 8, 'attention_head_size': 3, 'learning_rate': 0.0847323016436628}. Best is trial 0 with value: 0.06310846656560898.
[I 2023-12-26 13:25:46,339] Trial 45 finished with value: 2.301189661026001 and parameters: {'gradient_clip_val': 0.12399678459185416, 'hidden_size': 20, 'dropout': 0.2030731997128108, 'hidden_continuous_size': 11, 'attention_head_size': 1, 'learning_rate': 0.056879910206720806}. Best is trial 0 with value: 0.06310846656560898.
[I 2023-12-26 13:25:49,333] Trial 46 finished with value: 3.0475263595581055 and parameters: {'gradient_clip_val': 0.10606717297221471, 'hidden_size': 26, 'dropout': 0.24545219571431418, 'hidden_continuous_size': 12, 'attention_head_size': 4, 'learning_rate': 0.02536962259555597}. Best is trial 0 with value: 0.06310846656560898.
[I 2023-12-26 13:25:53,024] Trial 47 finished with value: 2.9298267364501953 and parameters: {'gradient_clip_val': 0.19301408324239624, 'hidden_size': 42, 'dropout': 0.2813448492337006, 'hidden_continuous_size': 17, 'attention_head_size': 2, 'learning_rate': 0.016213572262594764}. Best is trial 0 with value: 0.06310846656560898.
[I 2023-12-26 13:25:55,929] Trial 48 finished with value: 2.173517942428589 and parameters: {'gradient_clip_val': 0.152891159006851, 'hidden_size': 15, 'dropout': 0.1419947146935443, 'hidden_continuous_size': 5, 'attention_head_size': 3, 'learning_rate': 0.03198278511220307}. Best is trial 0 with value: 0.06310846656560898.
[I 2023-12-26 13:25:58,557] Trial 49 finished with value: 1.9066271781921387 and parameters: {'gradient_clip_val': 0.3264418650333143, 'hidden_size': 18, 'dropout': 0.22145411003482543, 'hidden_continuous_size': 12, 'attention_head_size': 3, 'learning_rate': 0.02166534508559589}. Best is trial 0 with value: 0.06310846656560898.
[I 2023-12-26 13:25:58,710] A new study created in memory with name: no-name-0912b6b6-c001-4dcb-825a-d989ff883fe8
/home/le004/conda/anaconda3/envs/tsff_env/lib/python3.9/site-packages/lightning/fabric/plugins/environments/slurm.py:191: The `srun` command is available on your system but is not used. HINT: If your intention is to run Lightning on SLURM, prepend your python command with `srun` like so: srun python /home/le004/master_thesis/git/TSFusionForecast/code/ ...
[I 2023-12-26 13:30:12,970] Trial 0 finished with value: 0.09987425059080124 and parameters: {'gradient_clip_val': 0.25735650163930157, 'hidden_size': 15, 'dropout': 0.11940840441188955, 'hidden_continuous_size': 11, 'attention_head_size': 2, 'learning_rate': 0.002596091316337464}. Best is trial 0 with value: 0.09987425059080124.
[I 2023-12-26 13:30:16,971] Trial 1 finished with value: 2.7956771850585938 and parameters: {'gradient_clip_val': 0.20637143972439462, 'hidden_size': 45, 'dropout': 0.11677118120686077, 'hidden_continuous_size': 5, 'attention_head_size': 2, 'learning_rate': 0.006461404540733695}. Best is trial 0 with value: 0.09987425059080124.
[I 2023-12-26 13:30:19,278] Trial 2 finished with value: 3.3722493648529053 and parameters: {'gradient_clip_val': 0.7256790260607517, 'hidden_size': 11, 'dropout': 0.13879153365649088, 'hidden_continuous_size': 10, 'attention_head_size': 1, 'learning_rate': 0.010829077549489528}. Best is trial 0 with value: 0.09987425059080124.
[I 2023-12-26 13:30:21,506] Trial 3 finished with value: 2.7577178478240967 and parameters: {'gradient_clip_val': 0.18160021337149185, 'hidden_size': 7, 'dropout': 0.22444587328674326, 'hidden_continuous_size': 5, 'attention_head_size': 2, 'learning_rate': 0.0018120879364760432}. Best is trial 0 with value: 0.09987425059080124.
[I 2023-12-26 13:30:26,231] Trial 4 finished with value: 2.352487802505493 and parameters: {'gradient_clip_val': 0.26941238461172334, 'hidden_size': 54, 'dropout': 0.33056620297373907, 'hidden_continuous_size': 38, 'attention_head_size': 1, 'learning_rate': 0.008135397542893807}. Best is trial 0 with value: 0.09987425059080124.
[I 2023-12-26 13:30:34,694] Trial 5 finished with value: 2.6947097778320312 and parameters: {'gradient_clip_val': 0.5910779484584484, 'hidden_size': 105, 'dropout': 0.3245059230718277, 'hidden_continuous_size': 21, 'attention_head_size': 4, 'learning_rate': 0.005418744544011502}. Best is trial 0 with value: 0.09987425059080124.
[I 2023-12-26 13:30:39,035] Trial 6 finished with value: 3.6773109436035156 and parameters: {'gradient_clip_val': 0.15261681934937726, 'hidden_size': 46, 'dropout': 0.4867475277962714, 'hidden_continuous_size': 34, 'attention_head_size': 1, 'learning_rate': 0.001150852916086743}. Best is trial 0 with value: 0.09987425059080124.
[I 2023-12-26 13:30:45,539] Trial 7 finished with value: 2.8026702404022217 and parameters: {'gradient_clip_val': 0.455524673293197, 'hidden_size': 81, 'dropout': 0.3109142601770396, 'hidden_continuous_size': 16, 'attention_head_size': 2, 'learning_rate': 0.018330391104689557}. Best is trial 0 with value: 0.09987425059080124.
[I 2023-12-26 13:30:56,803] Trial 8 finished with value: 1.949164867401123 and parameters: {'gradient_clip_val': 0.37513453501744914, 'hidden_size': 145, 'dropout': 0.2774258802418905, 'hidden_continuous_size': 28, 'attention_head_size': 3, 'learning_rate': 0.039982734870866565}. Best is trial 0 with value: 0.09987425059080124.
[I 2023-12-26 13:30:58,795] Trial 9 finished with value: 3.006333112716675 and parameters: {'gradient_clip_val': 0.23570094932787294, 'hidden_size': 5, 'dropout': 0.10169663067265429, 'hidden_continuous_size': 5, 'attention_head_size': 1, 'learning_rate': 0.0008264892222824893}. Best is trial 0 with value: 0.09987425059080124.
[I 2023-12-26 13:31:01,718] Trial 10 finished with value: 3.3917665481567383 and parameters: {'gradient_clip_val': 0.11321656588710338, 'hidden_size': 18, 'dropout': 0.19739768422597725, 'hidden_continuous_size': 9, 'attention_head_size': 3, 'learning_rate': 0.0005194529928803455}. Best is trial 0 with value: 0.09987425059080124.
[I 2023-12-26 13:31:12,782] Trial 11 finished with value: 1.875038743019104 and parameters: {'gradient_clip_val': 0.35750317499941664, 'hidden_size': 137, 'dropout': 0.2242064037659805, 'hidden_continuous_size': 60, 'attention_head_size': 3, 'learning_rate': 0.08711505947568414}. Best is trial 0 with value: 0.09987425059080124.
[I 2023-12-26 13:31:15,757] Trial 12 finished with value: 3.880596399307251 and parameters: {'gradient_clip_val': 0.3230953821964601, 'hidden_size': 25, 'dropout': 0.17279326504917009, 'hidden_continuous_size': 13, 'attention_head_size': 4, 'learning_rate': 0.07957639049596212}. Best is trial 0 with value: 0.09987425059080124.
[I 2023-12-26 13:31:18,095] Trial 13 finished with value: 3.471848726272583 and parameters: {'gradient_clip_val': 0.4357669171722344, 'hidden_size': 16, 'dropout': 0.22767333493901382, 'hidden_continuous_size': 7, 'attention_head_size': 3, 'learning_rate': 0.09240070887421221}. Best is trial 0 with value: 0.09987425059080124.
[I 2023-12-26 13:31:21,061] Trial 14 finished with value: 3.1104071140289307 and parameters: {'gradient_clip_val': 0.2966627269588286, 'hidden_size': 26, 'dropout': 0.1627131753765038, 'hidden_continuous_size': 13, 'attention_head_size': 3, 'learning_rate': 0.003126658780786604}. Best is trial 0 with value: 0.09987425059080124.
[I 2023-12-26 13:31:24,633] Trial 15 finished with value: 2.692791223526001 and parameters: {'gradient_clip_val': 0.9023951670207753, 'hidden_size': 36, 'dropout': 0.10683981402918545, 'hidden_continuous_size': 22, 'attention_head_size': 2, 'learning_rate': 0.0030295832598459687}. Best is trial 0 with value: 0.09987425059080124.
[I 2023-12-26 13:31:32,043] Trial 16 finished with value: 3.3059356212615967 and parameters: {'gradient_clip_val': 0.26727048059347536, 'hidden_size': 81, 'dropout': 0.15831131128363773, 'hidden_continuous_size': 72, 'attention_head_size': 4, 'learning_rate': 0.021468013060855783}. Best is trial 0 with value: 0.09987425059080124.
[I 2023-12-26 13:31:44,458] Trial 17 finished with value: 1.8777276277542114 and parameters: {'gradient_clip_val': 0.3545396145604366, 'hidden_size': 140, 'dropout': 0.25500360695199203, 'hidden_continuous_size': 126, 'attention_head_size': 3, 'learning_rate': 0.03748199398449968}. Best is trial 0 with value: 0.09987425059080124.
[I 2023-12-26 13:31:46,845] Trial 18 finished with value: 3.6329939365386963 and parameters: {'gradient_clip_val': 0.4502302923761763, 'hidden_size': 12, 'dropout': 0.1896800844216469, 'hidden_continuous_size': 6, 'attention_head_size': 2, 'learning_rate': 0.0033949013814231297}. Best is trial 0 with value: 0.09987425059080124.
[I 2023-12-26 13:31:49,884] Trial 19 finished with value: 2.554882526397705 and parameters: {'gradient_clip_val': 0.22453745591575627, 'hidden_size': 32, 'dropout': 0.14091284131129211, 'hidden_continuous_size': 9, 'attention_head_size': 3, 'learning_rate': 0.010730927290468175}. Best is trial 0 with value: 0.09987425059080124.
[I 2023-12-26 13:31:55,258] Trial 20 finished with value: 3.874234914779663 and parameters: {'gradient_clip_val': 0.5757364313380777, 'hidden_size': 63, 'dropout': 0.21437007939689137, 'hidden_continuous_size': 16, 'attention_head_size': 2, 'learning_rate': 0.001991618965587366}. Best is trial 0 with value: 0.09987425059080124.
[I 2023-12-26 13:32:06,443] Trial 21 finished with value: 2.6681125164031982 and parameters: {'gradient_clip_val': 0.3391737956801224, 'hidden_size': 132, 'dropout': 0.261015166989577, 'hidden_continuous_size': 104, 'attention_head_size': 3, 'learning_rate': 0.05101951261957695}. Best is trial 0 with value: 0.09987425059080124.
[I 2023-12-26 13:32:16,596] Trial 22 finished with value: 2.201639413833618 and parameters: {'gradient_clip_val': 0.3782074155256371, 'hidden_size': 107, 'dropout': 0.24784059168985056, 'hidden_continuous_size': 105, 'attention_head_size': 3, 'learning_rate': 0.04780155789716732}. Best is trial 0 with value: 0.09987425059080124.
[I 2023-12-26 13:32:30,162] Trial 23 finished with value: 1.7730226516723633 and parameters: {'gradient_clip_val': 0.28861809736875343, 'hidden_size': 149, 'dropout': 0.19151031912041697, 'hidden_continuous_size': 147, 'attention_head_size': 4, 'learning_rate': 0.09260199876984936}. Best is trial 0 with value: 0.09987425059080124.
[I 2023-12-26 13:32:36,844] Trial 24 finished with value: 1.6426421403884888 and parameters: {'gradient_clip_val': 0.27615430401710694, 'hidden_size': 80, 'dropout': 0.18544059972661833, 'hidden_continuous_size': 54, 'attention_head_size': 4, 'learning_rate': 0.08017324439450364}. Best is trial 0 with value: 0.09987425059080124.
[I 2023-12-26 13:32:43,323] Trial 25 finished with value: 2.8614683151245117 and parameters: {'gradient_clip_val': 0.2653665361330791, 'hidden_size': 73, 'dropout': 0.13642859155352977, 'hidden_continuous_size': 47, 'attention_head_size': 4, 'learning_rate': 0.02505610960314752}. Best is trial 0 with value: 0.09987425059080124.
[I 2023-12-26 13:32:51,936] Trial 26 finished with value: 2.4239838123321533 and parameters: {'gradient_clip_val': 0.18974612974456126, 'hidden_size': 99, 'dropout': 0.17936335530088493, 'hidden_continuous_size': 59, 'attention_head_size': 4, 'learning_rate': 0.06089903170973498}. Best is trial 0 with value: 0.09987425059080124.
[I 2023-12-26 13:32:57,074] Trial 27 finished with value: 3.1916770935058594 and parameters: {'gradient_clip_val': 0.24887675033387577, 'hidden_size': 60, 'dropout': 0.13645185712250274, 'hidden_continuous_size': 29, 'attention_head_size': 4, 'learning_rate': 0.06812310254000063}. Best is trial 0 with value: 0.09987425059080124.
[I 2023-12-26 13:33:04,962] Trial 28 finished with value: 4.159966945648193 and parameters: {'gradient_clip_val': 0.1637753778259124, 'hidden_size': 95, 'dropout': 0.18810856341457885, 'hidden_continuous_size': 44, 'attention_head_size': 4, 'learning_rate': 0.02821615486865995}. Best is trial 0 with value: 0.09987425059080124.
[I 2023-12-26 13:33:09,221] Trial 29 finished with value: 2.170644521713257 and parameters: {'gradient_clip_val': 0.21097823321960246, 'hidden_size': 46, 'dropout': 0.1105783861538863, 'hidden_continuous_size': 21, 'attention_head_size': 4, 'learning_rate': 0.09756156247433632}. Best is trial 0 with value: 0.09987425059080124.
[I 2023-12-26 13:33:15,480] Trial 30 finished with value: 2.278470516204834 and parameters: {'gradient_clip_val': 0.308365888231712, 'hidden_size': 73, 'dropout': 0.13028106445638843, 'hidden_continuous_size': 35, 'attention_head_size': 2, 'learning_rate': 0.06352171824566677}. Best is trial 0 with value: 0.09987425059080124.
