[I 2023-12-16 13:38:32,511] Trial 13 finished with value: 0.9301834106445312 and parameters: {'gradient_clip_val': 0.10270595543967215, 'hidden_size': 35, 'dropout': 0.3713662218412672, 'hidden_continuous_size': 17, 'attention_head_size': 2, 'learning_rate': 0.019497916375360722}. Best is trial 6 with value: 0.07104707509279251.
LOCAL_RANK: 0 - CUDA_VISIBLE_DEVICES: [0]
[I 2023-12-16 13:39:20,040] Trial 14 finished with value: 0.08583340048789978 and parameters: {'gradient_clip_val': 0.17375396773359983, 'hidden_size': 19, 'dropout': 0.27110191818543594, 'hidden_continuous_size': 7, 'attention_head_size': 3, 'learning_rate': 0.09987031328062333}. Best is trial 6 with value: 0.07104707509279251.
LOCAL_RANK: 0 - CUDA_VISIBLE_DEVICES: [0]
[I 2023-12-16 13:40:13,432] Trial 15 finished with value: 0.9159854054450989 and parameters: {'gradient_clip_val': 0.16853523648574406, 'hidden_size': 52, 'dropout': 0.2734914876853637, 'hidden_continuous_size': 31, 'attention_head_size': 3, 'learning_rate': 0.05324253298063351}. Best is trial 6 with value: 0.07104707509279251.
LOCAL_RANK: 0 - CUDA_VISIBLE_DEVICES: [0]
[I 2023-12-16 13:41:02,598] Trial 16 finished with value: 1.553444504737854 and parameters: {'gradient_clip_val': 0.17670632266989408, 'hidden_size': 23, 'dropout': 0.2810616410534285, 'hidden_continuous_size': 12, 'attention_head_size': 3, 'learning_rate': 0.017907183298897764}. Best is trial 6 with value: 0.07104707509279251.
LOCAL_RANK: 0 - CUDA_VISIBLE_DEVICES: [0]
[I 2023-12-16 13:41:51,876] Trial 17 finished with value: 0.17965634167194366 and parameters: {'gradient_clip_val': 0.5734337029160222, 'hidden_size': 27, 'dropout': 0.36087842550725974, 'hidden_continuous_size': 7, 'attention_head_size': 4, 'learning_rate': 0.0571246642248119}. Best is trial 6 with value: 0.07104707509279251.
LOCAL_RANK: 0 - CUDA_VISIBLE_DEVICES: [0]
[I 2023-12-16 13:42:39,282] Trial 18 finished with value: 0.281659871339798 and parameters: {'gradient_clip_val': 0.3219148105303065, 'hidden_size': 19, 'dropout': 0.2279497597036639, 'hidden_continuous_size': 7, 'attention_head_size': 3, 'learning_rate': 0.024526920649186292}. Best is trial 6 with value: 0.07104707509279251.
LOCAL_RANK: 0 - CUDA_VISIBLE_DEVICES: [0]
[I 2023-12-16 13:43:24,491] Trial 19 finished with value: 1.9265848398208618 and parameters: {'gradient_clip_val': 0.4094223151313291, 'hidden_size': 13, 'dropout': 0.2983256381732027, 'hidden_continuous_size': 6, 'attention_head_size': 2, 'learning_rate': 0.0558882650394311}. Best is trial 6 with value: 0.07104707509279251.
LOCAL_RANK: 0 - CUDA_VISIBLE_DEVICES: [0]
[I 2023-12-16 13:44:13,658] Trial 20 finished with value: 0.2959512770175934 and parameters: {'gradient_clip_val': 0.7114960400981031, 'hidden_size': 21, 'dropout': 0.2612047374082719, 'hidden_continuous_size': 11, 'attention_head_size': 3, 'learning_rate': 0.010826363615746747}. Best is trial 6 with value: 0.07104707509279251.
LOCAL_RANK: 0 - CUDA_VISIBLE_DEVICES: [0]
[I 2023-12-16 13:44:58,345] Trial 21 finished with value: 0.5333160758018494 and parameters: {'gradient_clip_val': 0.1006580477472579, 'hidden_size': 13, 'dropout': 0.3658204756314298, 'hidden_continuous_size': 6, 'attention_head_size': 1, 'learning_rate': 0.09644970509618885}. Best is trial 6 with value: 0.07104707509279251.
LOCAL_RANK: 0 - CUDA_VISIBLE_DEVICES: [0]
[I 2023-12-16 13:45:45,208] Trial 22 finished with value: 0.5654234290122986 and parameters: {'gradient_clip_val': 0.16106732082306197, 'hidden_size': 18, 'dropout': 0.2998231874904404, 'hidden_continuous_size': 8, 'attention_head_size': 2, 'learning_rate': 0.06481269683793996}. Best is trial 6 with value: 0.07104707509279251.
LOCAL_RANK: 0 - CUDA_VISIBLE_DEVICES: [0]
[I 2023-12-16 13:46:32,882] Trial 23 finished with value: 0.08773978799581528 and parameters: {'gradient_clip_val': 0.20161135730361443, 'hidden_size': 28, 'dropout': 0.35100609804985167, 'hidden_continuous_size': 11, 'attention_head_size': 1, 'learning_rate': 0.09619682093620224}. Best is trial 6 with value: 0.07104707509279251.
LOCAL_RANK: 0 - CUDA_VISIBLE_DEVICES: [0]
[I 2023-12-16 13:47:18,211] Trial 24 finished with value: 0.11278045177459717 and parameters: {'gradient_clip_val': 0.2719149846394086, 'hidden_size': 14, 'dropout': 0.39810993987948684, 'hidden_continuous_size': 6, 'attention_head_size': 2, 'learning_rate': 0.04399076252229956}. Best is trial 6 with value: 0.07104707509279251.
LOCAL_RANK: 0 - CUDA_VISIBLE_DEVICES: [0]
[I 2023-12-16 13:48:05,280] Trial 25 finished with value: 2.226712226867676 and parameters: {'gradient_clip_val': 0.1515690950323808, 'hidden_size': 20, 'dropout': 0.37429190680378516, 'hidden_continuous_size': 8, 'attention_head_size': 3, 'learning_rate': 0.02976767003011535}. Best is trial 6 with value: 0.07104707509279251.
LOCAL_RANK: 0 - CUDA_VISIBLE_DEVICES: [0]
[I 2023-12-16 13:48:56,101] Trial 26 finished with value: 0.44581127166748047 and parameters: {'gradient_clip_val': 0.1956971592552956, 'hidden_size': 33, 'dropout': 0.30886219304670287, 'hidden_continuous_size': 16, 'attention_head_size': 2, 'learning_rate': 0.0657856662649428}. Best is trial 6 with value: 0.07104707509279251.
LOCAL_RANK: 0 - CUDA_VISIBLE_DEVICES: [0]
[I 2023-12-16 13:49:39,939] Trial 27 finished with value: 0.09067502617835999 and parameters: {'gradient_clip_val': 0.1115734467956286, 'hidden_size': 12, 'dropout': 0.3445465453806836, 'hidden_continuous_size': 6, 'attention_head_size': 1, 'learning_rate': 0.04471381178024597}. Best is trial 6 with value: 0.07104707509279251.
LOCAL_RANK: 0 - CUDA_VISIBLE_DEVICES: [0]
[I 2023-12-16 13:50:29,587] Trial 28 finished with value: 0.22750453650951385 and parameters: {'gradient_clip_val': 0.13655171877658398, 'hidden_size': 23, 'dropout': 0.3768950878508226, 'hidden_continuous_size': 12, 'attention_head_size': 4, 'learning_rate': 0.02477829068691837}. Best is trial 6 with value: 0.07104707509279251.
LOCAL_RANK: 0 - CUDA_VISIBLE_DEVICES: [0]
[I 2023-12-16 13:51:15,638] Trial 29 finished with value: 0.4264676570892334 and parameters: {'gradient_clip_val': 0.3893511601590295, 'hidden_size': 16, 'dropout': 0.3464980776994797, 'hidden_continuous_size': 10, 'attention_head_size': 4, 'learning_rate': 0.004487491233827096}. Best is trial 6 with value: 0.07104707509279251.
LOCAL_RANK: 0 - CUDA_VISIBLE_DEVICES: [0]
[I 2023-12-16 13:52:06,057] Trial 30 finished with value: 0.3522050678730011 and parameters: {'gradient_clip_val': 0.11505256592952606, 'hidden_size': 30, 'dropout': 0.10484025347883619, 'hidden_continuous_size': 19, 'attention_head_size': 2, 'learning_rate': 0.07061437163319523}. Best is trial 6 with value: 0.07104707509279251.
LOCAL_RANK: 0 - CUDA_VISIBLE_DEVICES: [0]
[I 2023-12-16 13:52:54,655] Trial 31 finished with value: 0.413537859916687 and parameters: {'gradient_clip_val': 0.20031794296326433, 'hidden_size': 26, 'dropout': 0.35411550212283593, 'hidden_continuous_size': 13, 'attention_head_size': 1, 'learning_rate': 0.09587792403518822}. Best is trial 6 with value: 0.07104707509279251.
LOCAL_RANK: 0 - CUDA_VISIBLE_DEVICES: [0]
[I 2023-12-16 13:53:44,500] Trial 32 finished with value: 0.48609328269958496 and parameters: {'gradient_clip_val': 0.14051473939777226, 'hidden_size': 38, 'dropout': 0.3792945222837045, 'hidden_continuous_size': 10, 'attention_head_size': 1, 'learning_rate': 0.08215628748227014}. Best is trial 6 with value: 0.07104707509279251.
LOCAL_RANK: 0 - CUDA_VISIBLE_DEVICES: [0]
[I 2023-12-16 13:54:31,631] Trial 33 finished with value: 1.234999418258667 and parameters: {'gradient_clip_val': 0.19683953401800888, 'hidden_size': 28, 'dropout': 0.38219563581721144, 'hidden_continuous_size': 14, 'attention_head_size': 1, 'learning_rate': 0.04772047091823623}. Best is trial 6 with value: 0.07104707509279251.
LOCAL_RANK: 0 - CUDA_VISIBLE_DEVICES: [0]
[I 2023-12-16 13:55:18,912] Trial 34 finished with value: 0.19655592739582062 and parameters: {'gradient_clip_val': 0.12284207843375572, 'hidden_size': 21, 'dropout': 0.3449799583301498, 'hidden_continuous_size': 8, 'attention_head_size': 1, 'learning_rate': 0.07205251139446461}. Best is trial 6 with value: 0.07104707509279251.
LOCAL_RANK: 0 - CUDA_VISIBLE_DEVICES: [0]
[I 2023-12-16 13:56:05,368] Trial 35 finished with value: 1.0513945817947388 and parameters: {'gradient_clip_val': 0.253436003655722, 'hidden_size': 17, 'dropout': 0.35531933979527075, 'hidden_continuous_size': 10, 'attention_head_size': 2, 'learning_rate': 0.09887619285302518}. Best is trial 6 with value: 0.07104707509279251.
LOCAL_RANK: 0 - CUDA_VISIBLE_DEVICES: [0]
[I 2023-12-16 13:56:51,825] Trial 36 finished with value: 0.44199123978614807 and parameters: {'gradient_clip_val': 0.15670174332792133, 'hidden_size': 24, 'dropout': 0.33323389306054, 'hidden_continuous_size': 11, 'attention_head_size': 1, 'learning_rate': 0.041127215861781356}. Best is trial 6 with value: 0.07104707509279251.
LOCAL_RANK: 0 - CUDA_VISIBLE_DEVICES: [0]
[I 2023-12-16 13:57:40,702] Trial 37 finished with value: 0.5493665337562561 and parameters: {'gradient_clip_val': 0.28213510404445363, 'hidden_size': 29, 'dropout': 0.31708035883349966, 'hidden_continuous_size': 15, 'attention_head_size': 3, 'learning_rate': 0.06259019047117989}. Best is trial 6 with value: 0.07104707509279251.
LOCAL_RANK: 0 - CUDA_VISIBLE_DEVICES: [0]
[I 2023-12-16 13:58:32,632] Trial 38 finished with value: 0.7590372562408447 and parameters: {'gradient_clip_val': 0.22218251328419822, 'hidden_size': 41, 'dropout': 0.3344960322900486, 'hidden_continuous_size': 22, 'attention_head_size': 2, 'learning_rate': 0.03639343083587675}. Best is trial 6 with value: 0.07104707509279251.
LOCAL_RANK: 0 - CUDA_VISIBLE_DEVICES: [0]
[I 2023-12-16 13:59:19,578] Trial 39 finished with value: 0.7060418725013733 and parameters: {'gradient_clip_val': 0.18101343645189286, 'hidden_size': 32, 'dropout': 0.38592239984660526, 'hidden_continuous_size': 9, 'attention_head_size': 1, 'learning_rate': 0.07089922653609888}. Best is trial 6 with value: 0.07104707509279251.
LOCAL_RANK: 0 - CUDA_VISIBLE_DEVICES: [0]
[I 2023-12-16 14:00:03,790] Trial 40 finished with value: 0.083159439265728 and parameters: {'gradient_clip_val': 0.13596691140294123, 'hidden_size': 11, 'dropout': 0.3599867736054633, 'hidden_continuous_size': 7, 'attention_head_size': 1, 'learning_rate': 0.05048672392065473}. Best is trial 6 with value: 0.07104707509279251.
LOCAL_RANK: 0 - CUDA_VISIBLE_DEVICES: [0]
[I 2023-12-16 14:00:47,893] Trial 41 finished with value: 0.08550462871789932 and parameters: {'gradient_clip_val': 0.1319748419869771, 'hidden_size': 11, 'dropout': 0.36363468380632824, 'hidden_continuous_size': 7, 'attention_head_size': 1, 'learning_rate': 0.05098446374344381}. Best is trial 6 with value: 0.07104707509279251.
LOCAL_RANK: 0 - CUDA_VISIBLE_DEVICES: [0]
[I 2023-12-16 14:01:32,510] Trial 42 finished with value: 0.7725666165351868 and parameters: {'gradient_clip_val': 0.1271687603780124, 'hidden_size': 11, 'dropout': 0.36164794127230765, 'hidden_continuous_size': 7, 'attention_head_size': 1, 'learning_rate': 0.0496440654243665}. Best is trial 6 with value: 0.07104707509279251.
LOCAL_RANK: 0 - CUDA_VISIBLE_DEVICES: [0]
[I 2023-12-16 14:02:16,749] Trial 43 finished with value: 0.3426092565059662 and parameters: {'gradient_clip_val': 0.1108173409724087, 'hidden_size': 10, 'dropout': 0.3988058046378121, 'hidden_continuous_size': 5, 'attention_head_size': 1, 'learning_rate': 0.03297230790541684}. Best is trial 6 with value: 0.07104707509279251.
LOCAL_RANK: 0 - CUDA_VISIBLE_DEVICES: [0]
[I 2023-12-16 14:03:01,823] Trial 44 finished with value: 0.40027523040771484 and parameters: {'gradient_clip_val': 0.14262103979164775, 'hidden_size': 15, 'dropout': 0.3832975826008285, 'hidden_continuous_size': 7, 'attention_head_size': 1, 'learning_rate': 0.0756919501556299}. Best is trial 6 with value: 0.07104707509279251.
LOCAL_RANK: 0 - CUDA_VISIBLE_DEVICES: [0]
[I 2023-12-16 14:03:46,434] Trial 45 finished with value: 0.36472034454345703 and parameters: {'gradient_clip_val': 0.12907248518606484, 'hidden_size': 7, 'dropout': 0.33387158254434635, 'hidden_continuous_size': 5, 'attention_head_size': 2, 'learning_rate': 0.03931515942167113}. Best is trial 6 with value: 0.07104707509279251.
LOCAL_RANK: 0 - CUDA_VISIBLE_DEVICES: [0]
[I 2023-12-16 14:04:30,978] Trial 46 finished with value: 0.22507649660110474 and parameters: {'gradient_clip_val': 0.1154027936201889, 'hidden_size': 15, 'dropout': 0.36610883480817313, 'hidden_continuous_size': 6, 'attention_head_size': 1, 'learning_rate': 0.055108003492051076}. Best is trial 6 with value: 0.07104707509279251.
LOCAL_RANK: 0 - CUDA_VISIBLE_DEVICES: [0]
[I 2023-12-16 14:05:15,775] Trial 47 finished with value: 0.6457922458648682 and parameters: {'gradient_clip_val': 0.10211039607032599, 'hidden_size': 11, 'dropout': 0.3914888845456324, 'hidden_continuous_size': 7, 'attention_head_size': 3, 'learning_rate': 0.027944933040085978}. Best is trial 6 with value: 0.07104707509279251.
LOCAL_RANK: 0 - CUDA_VISIBLE_DEVICES: [0]
[I 2023-12-16 14:06:02,345] Trial 48 finished with value: 0.17412614822387695 and parameters: {'gradient_clip_val': 0.14966270183157002, 'hidden_size': 18, 'dropout': 0.322805179545322, 'hidden_continuous_size': 8, 'attention_head_size': 2, 'learning_rate': 0.07981443776641066}. Best is trial 6 with value: 0.07104707509279251.
LOCAL_RANK: 0 - CUDA_VISIBLE_DEVICES: [0]
[I 2023-12-16 14:06:45,794] Trial 49 finished with value: 0.16385649144649506 and parameters: {'gradient_clip_val': 0.17016890665328413, 'hidden_size': 8, 'dropout': 0.3688633753232575, 'hidden_continuous_size': 6, 'attention_head_size': 1, 'learning_rate': 0.052105289722153135}. Best is trial 6 with value: 0.07104707509279251.
