[I 2023-12-26 18:32:23,920] Trial 5 finished with value: 6.304391384124756 and parameters: {'gradient_clip_val': 0.2815528802670036, 'hidden_size': 53, 'dropout': 0.17999594519716147, 'hidden_continuous_size': 5, 'attention_head_size': 3, 'learning_rate': 0.014433752331811732}. Best is trial 0 with value: 0.05332265794277191.
[I 2023-12-26 18:32:32,383] Trial 6 finished with value: 6.41128396987915 and parameters: {'gradient_clip_val': 0.1984308659395153, 'hidden_size': 105, 'dropout': 0.42210081730067195, 'hidden_continuous_size': 9, 'attention_head_size': 2, 'learning_rate': 0.0015604496929055916}. Best is trial 0 with value: 0.05332265794277191.
[I 2023-12-26 18:32:34,901] Trial 7 finished with value: 6.2986321449279785 and parameters: {'gradient_clip_val': 0.5790110162156464, 'hidden_size': 8, 'dropout': 0.14340870867297514, 'hidden_continuous_size': 7, 'attention_head_size': 4, 'learning_rate': 0.0031241889886182484}. Best is trial 0 with value: 0.05332265794277191.
[I 2023-12-26 18:32:37,491] Trial 8 finished with value: 4.402416706085205 and parameters: {'gradient_clip_val': 0.10097454421341182, 'hidden_size': 15, 'dropout': 0.3018752063166251, 'hidden_continuous_size': 7, 'attention_head_size': 1, 'learning_rate': 0.00397608197743989}. Best is trial 0 with value: 0.05332265794277191.
[I 2023-12-26 18:32:48,912] Trial 9 finished with value: 4.28118371963501 and parameters: {'gradient_clip_val': 0.18755721802602265, 'hidden_size': 134, 'dropout': 0.19459059163220369, 'hidden_continuous_size': 74, 'attention_head_size': 3, 'learning_rate': 0.008066509977800972}. Best is trial 0 with value: 0.05332265794277191.
[I 2023-12-26 18:32:53,877] Trial 10 finished with value: 5.705477237701416 and parameters: {'gradient_clip_val': 0.9396630074779169, 'hidden_size': 52, 'dropout': 0.35107472502360076, 'hidden_continuous_size': 12, 'attention_head_size': 4, 'learning_rate': 0.0005161438920724032}. Best is trial 0 with value: 0.05332265794277191.
[I 2023-12-26 18:32:55,904] Trial 11 finished with value: 8.126374244689941 and parameters: {'gradient_clip_val': 0.903867125233881, 'hidden_size': 5, 'dropout': 0.2590730369822735, 'hidden_continuous_size': 5, 'attention_head_size': 1, 'learning_rate': 0.08359015201902446}. Best is trial 0 with value: 0.05332265794277191.
[I 2023-12-26 18:32:58,199] Trial 12 finished with value: 7.245185852050781 and parameters: {'gradient_clip_val': 0.4501072134867759, 'hidden_size': 16, 'dropout': 0.10946405315487032, 'hidden_continuous_size': 5, 'attention_head_size': 2, 'learning_rate': 0.08465239685946849}. Best is trial 0 with value: 0.05332265794277191.
[I 2023-12-26 18:33:03,656] Trial 13 finished with value: 6.219911098480225 and parameters: {'gradient_clip_val': 0.7647923058150424, 'hidden_size': 64, 'dropout': 0.34977862051366215, 'hidden_continuous_size': 18, 'attention_head_size': 2, 'learning_rate': 0.038040313630944005}. Best is trial 0 with value: 0.05332265794277191.
[I 2023-12-26 18:33:15,218] Trial 14 finished with value: 4.870514392852783 and parameters: {'gradient_clip_val': 0.9988429764297605, 'hidden_size': 146, 'dropout': 0.2157030207164758, 'hidden_continuous_size': 38, 'attention_head_size': 3, 'learning_rate': 0.0416605476929821}. Best is trial 0 with value: 0.05332265794277191.
[I 2023-12-26 18:33:18,510] Trial 15 finished with value: 3.1516685485839844 and parameters: {'gradient_clip_val': 0.678991012292678, 'hidden_size': 33, 'dropout': 0.23320361138994414, 'hidden_continuous_size': 12, 'attention_head_size': 1, 'learning_rate': 0.0012508104359328451}. Best is trial 0 with value: 0.05332265794277191.
[I 2023-12-26 18:33:25,022] Trial 16 finished with value: 6.431570053100586 and parameters: {'gradient_clip_val': 0.41982378011129295, 'hidden_size': 75, 'dropout': 0.49956278426927836, 'hidden_continuous_size': 28, 'attention_head_size': 4, 'learning_rate': 0.0005147700556279272}. Best is trial 0 with value: 0.05332265794277191.
[I 2023-12-26 18:33:28,922] Trial 17 finished with value: 7.170600414276123 and parameters: {'gradient_clip_val': 0.7462391282077661, 'hidden_size': 44, 'dropout': 0.3107898612099589, 'hidden_continuous_size': 15, 'attention_head_size': 3, 'learning_rate': 0.030881321680024283}. Best is trial 0 with value: 0.05332265794277191.
[I 2023-12-26 18:33:31,621] Trial 18 finished with value: 6.580621242523193 and parameters: {'gradient_clip_val': 0.5305002766869353, 'hidden_size': 21, 'dropout': 0.15492309972939727, 'hidden_continuous_size': 6, 'attention_head_size': 2, 'learning_rate': 0.09436113807350546}. Best is trial 0 with value: 0.05332265794277191.
[I 2023-12-26 18:33:35,554] Trial 19 finished with value: 8.303236961364746 and parameters: {'gradient_clip_val': 0.3978217254583393, 'hidden_size': 38, 'dropout': 0.24415551667985333, 'hidden_continuous_size': 11, 'attention_head_size': 1, 'learning_rate': 0.003110423115994937}. Best is trial 0 with value: 0.05332265794277191.
[I 2023-12-26 18:33:43,308] Trial 20 finished with value: 5.782125949859619 and parameters: {'gradient_clip_val': 0.7594862792002394, 'hidden_size': 89, 'dropout': 0.20444763626983345, 'hidden_continuous_size': 26, 'attention_head_size': 4, 'learning_rate': 0.025170404888895645}. Best is trial 0 with value: 0.05332265794277191.
[I 2023-12-26 18:33:46,557] Trial 21 finished with value: 5.033146858215332 and parameters: {'gradient_clip_val': 0.6724106157348398, 'hidden_size': 34, 'dropout': 0.23535506500613013, 'hidden_continuous_size': 9, 'attention_head_size': 1, 'learning_rate': 0.0011198089746462126}. Best is trial 0 with value: 0.05332265794277191.
[I 2023-12-26 18:33:52,779] Trial 22 finished with value: 5.911886692047119 and parameters: {'gradient_clip_val': 0.6178421166119872, 'hidden_size': 69, 'dropout': 0.270721936234557, 'hidden_continuous_size': 14, 'attention_head_size': 1, 'learning_rate': 0.0015757007089537347}. Best is trial 0 with value: 0.05332265794277191.
[I 2023-12-26 18:33:55,927] Trial 23 finished with value: 7.1948089599609375 and parameters: {'gradient_clip_val': 0.8029506109993197, 'hidden_size': 26, 'dropout': 0.21305997362505036, 'hidden_continuous_size': 9, 'attention_head_size': 2, 'learning_rate': 0.0009339599308886237}. Best is trial 0 with value: 0.05332265794277191.
[I 2023-12-26 18:34:00,159] Trial 24 finished with value: 6.936124801635742 and parameters: {'gradient_clip_val': 0.6356664608555443, 'hidden_size': 50, 'dropout': 0.3179021518462735, 'hidden_continuous_size': 11, 'attention_head_size': 1, 'learning_rate': 0.0021926814964493917}. Best is trial 0 with value: 0.05332265794277191.
[I 2023-12-26 18:34:02,884] Trial 25 finished with value: 5.117193698883057 and parameters: {'gradient_clip_val': 0.8504928702173086, 'hidden_size': 20, 'dropout': 0.28269990045303695, 'hidden_continuous_size': 8, 'attention_head_size': 2, 'learning_rate': 0.005300034808084725}. Best is trial 0 with value: 0.05332265794277191.
[I 2023-12-26 18:34:06,694] Trial 26 finished with value: 6.367191791534424 and parameters: {'gradient_clip_val': 0.9971789932812593, 'hidden_size': 42, 'dropout': 0.24216271318315927, 'hidden_continuous_size': 6, 'attention_head_size': 3, 'learning_rate': 0.0008261364970550707}. Best is trial 0 with value: 0.05332265794277191.
[I 2023-12-26 18:34:08,628] Trial 27 finished with value: 5.861151218414307 and parameters: {'gradient_clip_val': 0.4940110572982281, 'hidden_size': 12, 'dropout': 0.18170615025513548, 'hidden_continuous_size': 6, 'attention_head_size': 1, 'learning_rate': 0.0022013030689959287}. Best is trial 0 with value: 0.05332265794277191.
[I 2023-12-26 18:34:10,894] Trial 28 finished with value: 5.770361423492432 and parameters: {'gradient_clip_val': 0.6878664145209272, 'hidden_size': 32, 'dropout': 0.23233529405229547, 'hidden_continuous_size': 10, 'attention_head_size': 2, 'learning_rate': 0.010869769771230773}. Best is trial 0 with value: 0.05332265794277191.
[I 2023-12-26 18:34:13,204] Trial 29 finished with value: 3.532491683959961 and parameters: {'gradient_clip_val': 0.5385675673467711, 'hidden_size': 27, 'dropout': 0.33975640900765547, 'hidden_continuous_size': 8, 'attention_head_size': 3, 'learning_rate': 0.004540365711824586}. Best is trial 0 with value: 0.05332265794277191.
[I 2023-12-26 18:34:15,427] Trial 30 finished with value: 5.85154390335083 and parameters: {'gradient_clip_val': 0.8027194202792597, 'hidden_size': 24, 'dropout': 0.1655074248348069, 'hidden_continuous_size': 12, 'attention_head_size': 4, 'learning_rate': 0.007150270609779845}. Best is trial 0 with value: 0.05332265794277191.
[I 2023-12-26 18:34:17,933] Trial 31 finished with value: 6.781034469604492 and parameters: {'gradient_clip_val': 0.5505330122724411, 'hidden_size': 32, 'dropout': 0.3381385012749827, 'hidden_continuous_size': 8, 'attention_head_size': 3, 'learning_rate': 0.006432221816686033}. Best is trial 0 with value: 0.05332265794277191.
[I 2023-12-26 18:34:20,311] Trial 32 finished with value: 4.1215500831604 and parameters: {'gradient_clip_val': 0.513795509502806, 'hidden_size': 27, 'dropout': 0.3592488070808225, 'hidden_continuous_size': 6, 'attention_head_size': 4, 'learning_rate': 0.004890909307909302}. Best is trial 0 with value: 0.05332265794277191.
[I 2023-12-26 18:34:22,661] Trial 33 finished with value: 5.5850749015808105 and parameters: {'gradient_clip_val': 0.6701266133342643, 'hidden_size': 27, 'dropout': 0.3971821933672093, 'hidden_continuous_size': 8, 'attention_head_size': 3, 'learning_rate': 0.0038092010801558693}. Best is trial 0 with value: 0.05332265794277191.
[I 2023-12-26 18:34:25,338] Trial 34 finished with value: 5.383108615875244 and parameters: {'gradient_clip_val': 0.46145083910096246, 'hidden_size': 42, 'dropout': 0.28335657278088894, 'hidden_continuous_size': 5, 'attention_head_size': 3, 'learning_rate': 0.00908766350794161}. Best is trial 0 with value: 0.05332265794277191.
[I 2023-12-26 18:34:27,365] Trial 35 finished with value: 5.852612018585205 and parameters: {'gradient_clip_val': 0.3682315369068394, 'hidden_size': 18, 'dropout': 0.32631746470749745, 'hidden_continuous_size': 8, 'attention_head_size': 2, 'learning_rate': 0.02074212667775918}. Best is trial 0 with value: 0.05332265794277191.
[I 2023-12-26 18:34:29,566] Trial 36 finished with value: 7.57574987411499 and parameters: {'gradient_clip_val': 0.5438562390046603, 'hidden_size': 22, 'dropout': 0.29843739942439257, 'hidden_continuous_size': 6, 'attention_head_size': 4, 'learning_rate': 0.01320637709427046}. Best is trial 0 with value: 0.05332265794277191.
[I 2023-12-26 18:34:32,913] Trial 37 finished with value: 5.728771209716797 and parameters: {'gradient_clip_val': 0.590732121812031, 'hidden_size': 60, 'dropout': 0.3853998222855162, 'hidden_continuous_size': 13, 'attention_head_size': 3, 'learning_rate': 0.010166457432917653}. Best is trial 0 with value: 0.05332265794277191.
[I 2023-12-26 18:34:39,281] Trial 38 finished with value: 6.226306438446045 and parameters: {'gradient_clip_val': 0.8681420352707132, 'hidden_size': 110, 'dropout': 0.26199161717714037, 'hidden_continuous_size': 16, 'attention_head_size': 2, 'learning_rate': 0.015003714525960112}. Best is trial 0 with value: 0.05332265794277191.
[I 2023-12-26 18:34:41,327] Trial 39 finished with value: 5.866073131561279 and parameters: {'gradient_clip_val': 0.6998121181515532, 'hidden_size': 13, 'dropout': 0.2976694957479256, 'hidden_continuous_size': 7, 'attention_head_size': 4, 'learning_rate': 0.0014254526178707541}. Best is trial 0 with value: 0.05332265794277191.
[I 2023-12-26 18:34:45,816] Trial 40 finished with value: 5.870943069458008 and parameters: {'gradient_clip_val': 0.5827573894861496, 'hidden_size': 79, 'dropout': 0.36864481350645795, 'hidden_continuous_size': 10, 'attention_head_size': 1, 'learning_rate': 0.0006779076116661136}. Best is trial 0 with value: 0.05332265794277191.
[I 2023-12-26 18:34:48,268] Trial 41 finished with value: 6.917196750640869 and parameters: {'gradient_clip_val': 0.35007996234525024, 'hidden_size': 30, 'dropout': 0.4273040588001367, 'hidden_continuous_size': 7, 'attention_head_size': 4, 'learning_rate': 0.006608400761198685}. Best is trial 0 with value: 0.05332265794277191.
[I 2023-12-26 18:34:50,761] Trial 42 finished with value: 5.249914646148682 and parameters: {'gradient_clip_val': 0.4731807666624266, 'hidden_size': 36, 'dropout': 0.32848645179073277, 'hidden_continuous_size': 5, 'attention_head_size': 4, 'learning_rate': 0.005083341621373509}. Best is trial 0 with value: 0.05332265794277191.
[I 2023-12-26 18:34:54,089] Trial 43 finished with value: 6.494316101074219 and parameters: {'gradient_clip_val': 0.43119883773201706, 'hidden_size': 56, 'dropout': 0.18710480482879988, 'hidden_continuous_size': 17, 'attention_head_size': 3, 'learning_rate': 0.0027702478109719168}. Best is trial 0 with value: 0.05332265794277191.
[I 2023-12-26 18:34:56,180] Trial 44 finished with value: 7.114431381225586 and parameters: {'gradient_clip_val': 0.3177997885970492, 'hidden_size': 18, 'dropout': 0.4398036862376391, 'hidden_continuous_size': 7, 'attention_head_size': 4, 'learning_rate': 0.016149413653591165}. Best is trial 0 with value: 0.05332265794277191.
[I 2023-12-26 18:34:58,494] Trial 45 finished with value: 5.320642948150635 and parameters: {'gradient_clip_val': 0.4946099200172705, 'hidden_size': 23, 'dropout': 0.4533460708678615, 'hidden_continuous_size': 9, 'attention_head_size': 4, 'learning_rate': 0.012001133435828813}. Best is trial 0 with value: 0.05332265794277191.
[I 2023-12-26 18:35:01,433] Trial 46 finished with value: 4.5661301612854 and parameters: {'gradient_clip_val': 0.6024228072383155, 'hidden_size': 50, 'dropout': 0.344723435949476, 'hidden_continuous_size': 14, 'attention_head_size': 2, 'learning_rate': 0.003822569199434604}. Best is trial 0 with value: 0.05332265794277191.
[I 2023-12-26 18:35:08,549] Trial 47 finished with value: 6.8456854820251465 and parameters: {'gradient_clip_val': 0.9140115388848958, 'hidden_size': 119, 'dropout': 0.3793274249323585, 'hidden_continuous_size': 18, 'attention_head_size': 3, 'learning_rate': 0.007704810045890623}. Best is trial 0 with value: 0.05332265794277191.
[I 2023-12-26 18:35:10,968] Trial 48 finished with value: 6.123559474945068 and parameters: {'gradient_clip_val': 0.7330445041289481, 'hidden_size': 29, 'dropout': 0.2218523996116143, 'hidden_continuous_size': 5, 'attention_head_size': 4, 'learning_rate': 0.060996974397750335}. Best is trial 0 with value: 0.05332265794277191.
[I 2023-12-26 18:35:13,487] Trial 49 finished with value: 5.193576335906982 and parameters: {'gradient_clip_val': 0.4361974107099967, 'hidden_size': 36, 'dropout': 0.2580431644774102, 'hidden_continuous_size': 12, 'attention_head_size': 3, 'learning_rate': 0.009816349247335229}. Best is trial 0 with value: 0.05332265794277191.
[I 2023-12-26 18:35:13,603] A new study created in memory with name: no-name-d2483fb6-343d-4377-9671-237122a39876
/home/le004/conda/anaconda3/envs/tsff_env/lib/python3.9/site-packages/lightning/fabric/plugins/environments/slurm.py:191: The `srun` command is available on your system but is not used. HINT: If your intention is to run Lightning on SLURM, prepend your python command with `srun` like so: srun python /home/le004/master_thesis/git/TSFusionForecast/code/ ...
[I 2023-12-26 18:39:49,993] Trial 0 finished with value: 0.05102809891104698 and parameters: {'gradient_clip_val': 0.35167290020398606, 'hidden_size': 9, 'dropout': 0.45744558947891245, 'hidden_continuous_size': 6, 'attention_head_size': 3, 'learning_rate': 0.003099551335491139}. Best is trial 0 with value: 0.05102809891104698.
[I 2023-12-26 18:44:28,106] Trial 1 finished with value: 0.1322808414697647 and parameters: {'gradient_clip_val': 0.7030646591041048, 'hidden_size': 120, 'dropout': 0.4654706783196433, 'hidden_continuous_size': 6, 'attention_head_size': 2, 'learning_rate': 0.0020684129707042903}. Best is trial 0 with value: 0.05102809891104698.
[I 2023-12-26 18:44:30,021] Trial 2 finished with value: 4.9864373207092285 and parameters: {'gradient_clip_val': 0.6569384437653234, 'hidden_size': 12, 'dropout': 0.10507545220029302, 'hidden_continuous_size': 9, 'attention_head_size': 2, 'learning_rate': 0.0058837890129412014}. Best is trial 0 with value: 0.05102809891104698.
[I 2023-12-26 18:44:34,181] Trial 3 finished with value: 5.249471664428711 and parameters: {'gradient_clip_val': 0.17725502266724041, 'hidden_size': 79, 'dropout': 0.2926770822468613, 'hidden_continuous_size': 18, 'attention_head_size': 2, 'learning_rate': 0.039634486454466426}. Best is trial 0 with value: 0.05102809891104698.
[I 2023-12-26 18:44:39,448] Trial 4 finished with value: 5.770218372344971 and parameters: {'gradient_clip_val': 0.48118723800905305, 'hidden_size': 91, 'dropout': 0.3212564021397518, 'hidden_continuous_size': 67, 'attention_head_size': 4, 'learning_rate': 0.0554480025279354}. Best is trial 0 with value: 0.05102809891104698.
[I 2023-12-26 18:44:41,763] Trial 5 finished with value: 5.243782043457031 and parameters: {'gradient_clip_val': 0.32924554328200906, 'hidden_size': 34, 'dropout': 0.3225707181596874, 'hidden_continuous_size': 7, 'attention_head_size': 2, 'learning_rate': 0.000649755199270133}. Best is trial 0 with value: 0.05102809891104698.
[I 2023-12-26 18:44:43,870] Trial 6 finished with value: 4.660684585571289 and parameters: {'gradient_clip_val': 0.27819563216045984, 'hidden_size': 23, 'dropout': 0.39818140731479335, 'hidden_continuous_size': 9, 'attention_head_size': 1, 'learning_rate': 0.005837555035147347}. Best is trial 0 with value: 0.05102809891104698.
[I 2023-12-26 18:44:45,965] Trial 7 finished with value: 5.417760372161865 and parameters: {'gradient_clip_val': 0.1140539643213351, 'hidden_size': 11, 'dropout': 0.1191232855374425, 'hidden_continuous_size': 6, 'attention_head_size': 4, 'learning_rate': 0.0013934485170582539}. Best is trial 0 with value: 0.05102809891104698.
[I 2023-12-26 18:44:48,252] Trial 8 finished with value: 4.435580730438232 and parameters: {'gradient_clip_val': 0.2671177544103818, 'hidden_size': 30, 'dropout': 0.45358740571262857, 'hidden_continuous_size': 5, 'attention_head_size': 1, 'learning_rate': 0.010989607975814553}. Best is trial 0 with value: 0.05102809891104698.
[I 2023-12-26 18:44:50,177] Trial 9 finished with value: 3.73488712310791 and parameters: {'gradient_clip_val': 0.23199811867809894, 'hidden_size': 12, 'dropout': 0.40473483868230475, 'hidden_continuous_size': 7, 'attention_head_size': 4, 'learning_rate': 0.0029491685717754883}. Best is trial 0 with value: 0.05102809891104698.
[I 2023-12-26 18:44:51,839] Trial 10 finished with value: 3.472867250442505 and parameters: {'gradient_clip_val': 0.9460365005340411, 'hidden_size': 5, 'dropout': 0.4940828983723179, 'hidden_continuous_size': 5, 'attention_head_size': 3, 'learning_rate': 0.020858544260695337}. Best is trial 0 with value: 0.05102809891104698.
[I 2023-12-26 18:44:59,246] Trial 11 finished with value: 6.1281352043151855 and parameters: {'gradient_clip_val': 0.4562495009659741, 'hidden_size': 132, 'dropout': 0.4976599433201382, 'hidden_continuous_size': 15, 'attention_head_size': 3, 'learning_rate': 0.0020723964373001594}. Best is trial 0 with value: 0.05102809891104698.
[I 2023-12-26 18:45:02,049] Trial 12 finished with value: 3.6605186462402344 and parameters: {'gradient_clip_val': 0.91069366893966, 'hidden_size': 51, 'dropout': 0.4210551643978171, 'hidden_continuous_size': 5, 'attention_head_size': 3, 'learning_rate': 0.0009587829512585543}. Best is trial 0 with value: 0.05102809891104698.
[I 2023-12-26 18:45:08,489] Trial 13 finished with value: 4.854604244232178 and parameters: {'gradient_clip_val': 0.5118868897155128, 'hidden_size': 120, 'dropout': 0.4981343252253437, 'hidden_continuous_size': 12, 'attention_head_size': 2, 'learning_rate': 0.003052677442786669}. Best is trial 0 with value: 0.05102809891104698.
[I 2023-12-26 18:45:11,286] Trial 14 finished with value: 5.2351298332214355 and parameters: {'gradient_clip_val': 0.6751665815506823, 'hidden_size': 52, 'dropout': 0.3653697587073086, 'hidden_continuous_size': 8, 'attention_head_size': 3, 'learning_rate': 0.0014739407233327587}. Best is trial 0 with value: 0.05102809891104698.
[I 2023-12-26 18:45:19,673] Trial 15 finished with value: 6.886899471282959 and parameters: {'gradient_clip_val': 0.38000923737249315, 'hidden_size': 147, 'dropout': 0.4469575837975651, 'hidden_continuous_size': 26, 'attention_head_size': 1, 'learning_rate': 0.0006709054234091083}. Best is trial 0 with value: 0.05102809891104698.
[I 2023-12-26 18:45:21,712] Trial 16 finished with value: 5.411815166473389 and parameters: {'gradient_clip_val': 0.3805510264108933, 'hidden_size': 20, 'dropout': 0.4470616482043153, 'hidden_continuous_size': 6, 'attention_head_size': 2, 'learning_rate': 0.0035155316897706374}. Best is trial 0 with value: 0.05102809891104698.
[I 2023-12-26 18:45:23,378] Trial 17 finished with value: 5.708595275878906 and parameters: {'gradient_clip_val': 0.7534639845864279, 'hidden_size': 5, 'dropout': 0.37434934767995176, 'hidden_continuous_size': 5, 'attention_head_size': 3, 'learning_rate': 0.010324570150345939}. Best is trial 0 with value: 0.05102809891104698.
[I 2023-12-26 18:45:26,208] Trial 18 finished with value: 5.919703960418701 and parameters: {'gradient_clip_val': 0.5768269214167558, 'hidden_size': 56, 'dropout': 0.45880021843379526, 'hidden_continuous_size': 10, 'attention_head_size': 2, 'learning_rate': 0.08997735670115423}. Best is trial 0 with value: 0.05102809891104698.
[I 2023-12-26 18:45:30,567] Trial 19 finished with value: 4.594793796539307 and parameters: {'gradient_clip_val': 0.8027596025448696, 'hidden_size': 81, 'dropout': 0.3608433145784919, 'hidden_continuous_size': 12, 'attention_head_size': 3, 'learning_rate': 0.0013129793270692277}. Best is trial 0 with value: 0.05102809891104698.
