[I 2023-12-15 23:12:27,280] Trial 11 finished with value: 4108.48388671875 and parameters: {'gradient_clip_val': 0.408513626365386, 'hidden_size': 35, 'dropout': 0.1058899497394324, 'hidden_continuous_size': 11, 'attention_head_size': 4, 'learning_rate': 0.06471517027842504}. Best is trial 6 with value: 1493.0369873046875.
LOCAL_RANK: 0 - CUDA_VISIBLE_DEVICES: [0]
[I 2023-12-15 23:13:22,834] Trial 12 finished with value: 3869.841796875 and parameters: {'gradient_clip_val': 0.40303733136761033, 'hidden_size': 97, 'dropout': 0.14408458710417532, 'hidden_continuous_size': 34, 'attention_head_size': 1, 'learning_rate': 0.04759513588195498}. Best is trial 6 with value: 1493.0369873046875.
LOCAL_RANK: 0 - CUDA_VISIBLE_DEVICES: [0]
[I 2023-12-15 23:14:13,201] Trial 13 finished with value: 9974.2314453125 and parameters: {'gradient_clip_val': 0.10865833396446944, 'hidden_size': 33, 'dropout': 0.14913332230187032, 'hidden_continuous_size': 13, 'attention_head_size': 3, 'learning_rate': 0.03739254150757946}. Best is trial 6 with value: 1493.0369873046875.
LOCAL_RANK: 0 - CUDA_VISIBLE_DEVICES: [0]
[I 2023-12-15 23:15:01,119] Trial 14 finished with value: 2033.0340576171875 and parameters: {'gradient_clip_val': 0.22193967258022088, 'hidden_size': 19, 'dropout': 0.1521218255924032, 'hidden_continuous_size': 9, 'attention_head_size': 2, 'learning_rate': 0.034745856860180536}. Best is trial 6 with value: 1493.0369873046875.
LOCAL_RANK: 0 - CUDA_VISIBLE_DEVICES: [0]
[I 2023-12-15 23:15:47,555] Trial 15 finished with value: 2559.541015625 and parameters: {'gradient_clip_val': 0.19956865516680597, 'hidden_size': 20, 'dropout': 0.23626974518056215, 'hidden_continuous_size': 8, 'attention_head_size': 1, 'learning_rate': 0.011096160869183086}. Best is trial 6 with value: 1493.0369873046875.
LOCAL_RANK: 0 - CUDA_VISIBLE_DEVICES: [0]
[I 2023-12-15 23:16:35,164] Trial 16 finished with value: 1564.2386474609375 and parameters: {'gradient_clip_val': 0.10172942974046122, 'hidden_size': 18, 'dropout': 0.16294305043068835, 'hidden_continuous_size': 10, 'attention_head_size': 2, 'learning_rate': 0.0950282092894989}. Best is trial 6 with value: 1493.0369873046875.
LOCAL_RANK: 0 - CUDA_VISIBLE_DEVICES: [0]
[I 2023-12-15 23:17:20,190] Trial 17 finished with value: 2492.528564453125 and parameters: {'gradient_clip_val': 0.10554278968170701, 'hidden_size': 10, 'dropout': 0.21980884777875648, 'hidden_continuous_size': 6, 'attention_head_size': 1, 'learning_rate': 0.08040154703754096}. Best is trial 6 with value: 1493.0369873046875.
LOCAL_RANK: 0 - CUDA_VISIBLE_DEVICES: [0]
[I 2023-12-15 23:18:06,592] Trial 18 finished with value: 3619.533935546875 and parameters: {'gradient_clip_val': 0.10562736050436361, 'hidden_size': 15, 'dropout': 0.2635662843810404, 'hidden_continuous_size': 10, 'attention_head_size': 2, 'learning_rate': 0.07905304936006256}. Best is trial 6 with value: 1493.0369873046875.
LOCAL_RANK: 0 - CUDA_VISIBLE_DEVICES: [0]
[I 2023-12-15 23:18:55,110] Trial 19 finished with value: 2606.374755859375 and parameters: {'gradient_clip_val': 0.17206681091077355, 'hidden_size': 23, 'dropout': 0.17985112979444542, 'hidden_continuous_size': 12, 'attention_head_size': 1, 'learning_rate': 0.05740039339351026}. Best is trial 6 with value: 1493.0369873046875.
LOCAL_RANK: 0 - CUDA_VISIBLE_DEVICES: [0]
[I 2023-12-15 23:19:29,250] Trial 20 finished with value: 2177.67919921875 and parameters: {'gradient_clip_val': 0.1278177675013111, 'hidden_size': 5, 'dropout': 0.21220184580319323, 'hidden_continuous_size': 5, 'attention_head_size': 2, 'learning_rate': 0.026809277893579054}. Best is trial 6 with value: 1493.0369873046875.
LOCAL_RANK: 0 - CUDA_VISIBLE_DEVICES: [0]
[I 2023-12-15 23:20:16,496] Trial 21 finished with value: 5743.1015625 and parameters: {'gradient_clip_val': 0.19890557327297861, 'hidden_size': 18, 'dropout': 0.15451785226166564, 'hidden_continuous_size': 9, 'attention_head_size': 2, 'learning_rate': 0.033086358145294155}. Best is trial 6 with value: 1493.0369873046875.
LOCAL_RANK: 0 - CUDA_VISIBLE_DEVICES: [0]
[I 2023-12-15 23:21:05,594] Trial 22 finished with value: 7309.185546875 and parameters: {'gradient_clip_val': 0.2219435860564497, 'hidden_size': 25, 'dropout': 0.16685696824918525, 'hidden_continuous_size': 10, 'attention_head_size': 2, 'learning_rate': 0.09743441588370456}. Best is trial 6 with value: 1493.0369873046875.
LOCAL_RANK: 0 - CUDA_VISIBLE_DEVICES: [0]
[I 2023-12-15 23:21:52,277] Trial 23 finished with value: 2648.251220703125 and parameters: {'gradient_clip_val': 0.13209392318017452, 'hidden_size': 17, 'dropout': 0.13379106476600391, 'hidden_continuous_size': 8, 'attention_head_size': 2, 'learning_rate': 0.05918078533750775}. Best is trial 6 with value: 1493.0369873046875.
LOCAL_RANK: 0 - CUDA_VISIBLE_DEVICES: [0]
[I 2023-12-15 23:22:36,230] Trial 24 finished with value: 3772.867431640625 and parameters: {'gradient_clip_val': 0.18486547578513512, 'hidden_size': 12, 'dropout': 0.17565311746326634, 'hidden_continuous_size': 7, 'attention_head_size': 1, 'learning_rate': 0.0460964889352605}. Best is trial 6 with value: 1493.0369873046875.
LOCAL_RANK: 0 - CUDA_VISIBLE_DEVICES: [0]
[I 2023-12-15 23:23:23,921] Trial 25 finished with value: 4353.4775390625 and parameters: {'gradient_clip_val': 0.27244915653885726, 'hidden_size': 20, 'dropout': 0.1348705342642884, 'hidden_continuous_size': 12, 'attention_head_size': 2, 'learning_rate': 0.029187686262700418}. Best is trial 6 with value: 1493.0369873046875.
LOCAL_RANK: 0 - CUDA_VISIBLE_DEVICES: [0]
[I 2023-12-15 23:24:11,529] Trial 26 finished with value: 4341.40673828125 and parameters: {'gradient_clip_val': 0.1307518983008405, 'hidden_size': 28, 'dropout': 0.16562417843316574, 'hidden_continuous_size': 14, 'attention_head_size': 1, 'learning_rate': 0.013449527399773729}. Best is trial 6 with value: 1493.0369873046875.
LOCAL_RANK: 0 - CUDA_VISIBLE_DEVICES: [0]
[I 2023-12-15 23:25:03,211] Trial 27 finished with value: 5345.93408203125 and parameters: {'gradient_clip_val': 0.1640323949379187, 'hidden_size': 39, 'dropout': 0.1987787007938461, 'hidden_continuous_size': 14, 'attention_head_size': 2, 'learning_rate': 0.05100920057235779}. Best is trial 6 with value: 1493.0369873046875.
LOCAL_RANK: 0 - CUDA_VISIBLE_DEVICES: [0]
[I 2023-12-15 23:25:51,492] Trial 28 finished with value: 5252.5458984375 and parameters: {'gradient_clip_val': 0.10032483424701209, 'hidden_size': 24, 'dropout': 0.12683372666321352, 'hidden_continuous_size': 11, 'attention_head_size': 3, 'learning_rate': 0.03492140611633164}. Best is trial 6 with value: 1493.0369873046875.
LOCAL_RANK: 0 - CUDA_VISIBLE_DEVICES: [0]
[I 2023-12-15 23:26:38,580] Trial 29 finished with value: 11342.4287109375 and parameters: {'gradient_clip_val': 0.14442590284050075, 'hidden_size': 17, 'dropout': 0.1554381304327013, 'hidden_continuous_size': 10, 'attention_head_size': 2, 'learning_rate': 0.019475337532846772}. Best is trial 6 with value: 1493.0369873046875.
LOCAL_RANK: 0 - CUDA_VISIBLE_DEVICES: [0]
[I 2023-12-15 23:27:23,045] Trial 30 finished with value: 3433.582275390625 and parameters: {'gradient_clip_val': 0.11746096477294374, 'hidden_size': 7, 'dropout': 0.22320623258275657, 'hidden_continuous_size': 5, 'attention_head_size': 1, 'learning_rate': 0.07088261125401328}. Best is trial 6 with value: 1493.0369873046875.
LOCAL_RANK: 0 - CUDA_VISIBLE_DEVICES: [0]
[I 2023-12-15 23:28:07,975] Trial 31 finished with value: 3542.244873046875 and parameters: {'gradient_clip_val': 0.13706709651069202, 'hidden_size': 7, 'dropout': 0.21185930976265147, 'hidden_continuous_size': 5, 'attention_head_size': 2, 'learning_rate': 0.021456115853441787}. Best is trial 6 with value: 1493.0369873046875.
LOCAL_RANK: 0 - CUDA_VISIBLE_DEVICES: [0]
[I 2023-12-15 23:28:42,218] Trial 32 finished with value: 20205.755859375 and parameters: {'gradient_clip_val': 0.11889833957927044, 'hidden_size': 5, 'dropout': 0.19092849713681934, 'hidden_continuous_size': 5, 'attention_head_size': 2, 'learning_rate': 0.026321628757671425}. Best is trial 6 with value: 1493.0369873046875.
LOCAL_RANK: 0 - CUDA_VISIBLE_DEVICES: [0]
[I 2023-12-15 23:29:16,312] Trial 33 finished with value: 3330.9404296875 and parameters: {'gradient_clip_val': 0.15058773010030968, 'hidden_size': 5, 'dropout': 0.17027817093442044, 'hidden_continuous_size': 5, 'attention_head_size': 2, 'learning_rate': 0.02756416470945998}. Best is trial 6 with value: 1493.0369873046875.
LOCAL_RANK: 0 - CUDA_VISIBLE_DEVICES: [0]
[I 2023-12-15 23:30:01,595] Trial 34 finished with value: 11170.625 and parameters: {'gradient_clip_val': 0.17453228682125965, 'hidden_size': 9, 'dropout': 0.20822887750256408, 'hidden_continuous_size': 6, 'attention_head_size': 2, 'learning_rate': 0.017784081837420664}. Best is trial 6 with value: 1493.0369873046875.
LOCAL_RANK: 0 - CUDA_VISIBLE_DEVICES: [0]
[I 2023-12-15 23:30:45,749] Trial 35 finished with value: 2639.946533203125 and parameters: {'gradient_clip_val': 0.11997544035933502, 'hidden_size': 12, 'dropout': 0.23787456880268, 'hidden_continuous_size': 8, 'attention_head_size': 1, 'learning_rate': 0.043879287476057474}. Best is trial 6 with value: 1493.0369873046875.
LOCAL_RANK: 0 - CUDA_VISIBLE_DEVICES: [0]
[I 2023-12-15 23:31:31,783] Trial 36 finished with value: 6185.61572265625 and parameters: {'gradient_clip_val': 0.14473849384136675, 'hidden_size': 9, 'dropout': 0.19338291042765043, 'hidden_continuous_size': 7, 'attention_head_size': 4, 'learning_rate': 0.013678119061688318}. Best is trial 6 with value: 1493.0369873046875.
LOCAL_RANK: 0 - CUDA_VISIBLE_DEVICES: [0]
[I 2023-12-15 23:32:23,977] Trial 37 finished with value: 5870.21630859375 and parameters: {'gradient_clip_val': 0.10054965437251316, 'hidden_size': 44, 'dropout': 0.18481529461504764, 'hidden_continuous_size': 15, 'attention_head_size': 3, 'learning_rate': 0.061432189994575545}. Best is trial 6 with value: 1493.0369873046875.
LOCAL_RANK: 0 - CUDA_VISIBLE_DEVICES: [0]
[I 2023-12-15 23:33:13,175] Trial 38 finished with value: 2867.381591796875 and parameters: {'gradient_clip_val': 0.1680335418898012, 'hidden_size': 29, 'dropout': 0.16351024174320758, 'hidden_continuous_size': 13, 'attention_head_size': 2, 'learning_rate': 0.026304025503749225}. Best is trial 6 with value: 1493.0369873046875.
LOCAL_RANK: 0 - CUDA_VISIBLE_DEVICES: [0]
[I 2023-12-15 23:34:02,591] Trial 39 finished with value: 3199.943359375 and parameters: {'gradient_clip_val': 0.1383905998815275, 'hidden_size': 26, 'dropout': 0.11724949428351608, 'hidden_continuous_size': 9, 'attention_head_size': 3, 'learning_rate': 0.09962944207781435}. Best is trial 6 with value: 1493.0369873046875.
LOCAL_RANK: 0 - CUDA_VISIBLE_DEVICES: [0]
[I 2023-12-15 23:34:48,223] Trial 40 finished with value: 5456.72119140625 and parameters: {'gradient_clip_val': 0.11692952653968973, 'hidden_size': 6, 'dropout': 0.14697311425500925, 'hidden_continuous_size': 5, 'attention_head_size': 3, 'learning_rate': 0.04040929209403952}. Best is trial 6 with value: 1493.0369873046875.
LOCAL_RANK: 0 - CUDA_VISIBLE_DEVICES: [0]
[I 2023-12-15 23:35:33,132] Trial 41 finished with value: 6636.85693359375 and parameters: {'gradient_clip_val': 0.11168030850365893, 'hidden_size': 10, 'dropout': 0.2183096745989213, 'hidden_continuous_size': 6, 'attention_head_size': 1, 'learning_rate': 0.08114454786508868}. Best is trial 6 with value: 1493.0369873046875.
LOCAL_RANK: 0 - CUDA_VISIBLE_DEVICES: [0]
[I 2023-12-15 23:36:18,263] Trial 42 finished with value: 7832.2265625 and parameters: {'gradient_clip_val': 0.12446255831642815, 'hidden_size': 14, 'dropout': 0.20211003596801969, 'hidden_continuous_size': 6, 'attention_head_size': 1, 'learning_rate': 0.06432171985008978}. Best is trial 6 with value: 1493.0369873046875.
LOCAL_RANK: 0 - CUDA_VISIBLE_DEVICES: [0]
[I 2023-12-15 23:37:05,352] Trial 43 finished with value: 6068.8359375 and parameters: {'gradient_clip_val': 0.1498037447525618, 'hidden_size': 20, 'dropout': 0.22593419375126936, 'hidden_continuous_size': 11, 'attention_head_size': 1, 'learning_rate': 0.07507864830632309}. Best is trial 6 with value: 1493.0369873046875.
LOCAL_RANK: 0 - CUDA_VISIBLE_DEVICES: [0]
[I 2023-12-15 23:37:50,122] Trial 44 finished with value: 8619.767578125 and parameters: {'gradient_clip_val': 0.10130403678813027, 'hidden_size': 11, 'dropout': 0.2607666156238888, 'hidden_continuous_size': 6, 'attention_head_size': 1, 'learning_rate': 0.052404570164916564}. Best is trial 6 with value: 1493.0369873046875.
LOCAL_RANK: 0 - CUDA_VISIBLE_DEVICES: [0]
[I 2023-12-15 23:38:36,293] Trial 45 finished with value: 6607.884765625 and parameters: {'gradient_clip_val': 0.11196210332837021, 'hidden_size': 15, 'dropout': 0.18783908739263122, 'hidden_continuous_size': 9, 'attention_head_size': 2, 'learning_rate': 0.03506722272531561}. Best is trial 6 with value: 1493.0369873046875.
LOCAL_RANK: 0 - CUDA_VISIBLE_DEVICES: [0]
[I 2023-12-15 23:39:22,712] Trial 46 finished with value: 6654.45458984375 and parameters: {'gradient_clip_val': 0.1302729815252854, 'hidden_size': 17, 'dropout': 0.20860274405171245, 'hidden_continuous_size': 8, 'attention_head_size': 1, 'learning_rate': 0.04315359205222245}. Best is trial 6 with value: 1493.0369873046875.
LOCAL_RANK: 0 - CUDA_VISIBLE_DEVICES: [0]
[I 2023-12-15 23:40:06,897] Trial 47 finished with value: 7197.11328125 and parameters: {'gradient_clip_val': 0.15948935898750485, 'hidden_size': 8, 'dropout': 0.18170414279533628, 'hidden_continuous_size': 7, 'attention_head_size': 2, 'learning_rate': 0.08898938341553186}. Best is trial 6 with value: 1493.0369873046875.
LOCAL_RANK: 0 - CUDA_VISIBLE_DEVICES: [0]
[I 2023-12-15 23:40:52,400] Trial 48 finished with value: 7615.57275390625 and parameters: {'gradient_clip_val': 0.12892338516447333, 'hidden_size': 13, 'dropout': 0.24903217701094388, 'hidden_continuous_size': 9, 'attention_head_size': 1, 'learning_rate': 0.07986182668255878}. Best is trial 6 with value: 1493.0369873046875.
LOCAL_RANK: 0 - CUDA_VISIBLE_DEVICES: [0]
[I 2023-12-15 23:41:41,469] Trial 49 finished with value: 4858.23583984375 and parameters: {'gradient_clip_val': 0.11045432690096034, 'hidden_size': 23, 'dropout': 0.22487817137332253, 'hidden_continuous_size': 12, 'attention_head_size': 2, 'learning_rate': 0.05032217197943465}. Best is trial 6 with value: 1493.0369873046875.
[I 2023-12-15 23:41:41,563] A new study created in memory with name: no-name-2f3ac901-4f52-455b-9b7c-e2a690cb9e97
/home/le004/conda/anaconda3/envs/tsff_env/lib/python3.9/site-packages/lightning/fabric/plugins/environments/slurm.py:191: The `srun` command is available on your system but is not used. HINT: If your intention is to run Lightning on SLURM, prepend your python command with `srun` like so: srun python /home/le004/master_thesis/git/TSFusionForecast/code/ ...
LOCAL_RANK: 0 - CUDA_VISIBLE_DEVICES: [0]
[I 2023-12-15 23:42:27,343] Trial 0 finished with value: 0.4107009172439575 and parameters: {'gradient_clip_val': 0.456722573521755, 'hidden_size': 11, 'dropout': 0.3257425709073798, 'hidden_continuous_size': 9, 'attention_head_size': 2, 'learning_rate': 0.0013520753579181076}. Best is trial 0 with value: 0.4107009172439575.
LOCAL_RANK: 0 - CUDA_VISIBLE_DEVICES: [0]
[I 2023-12-15 23:43:11,281] Trial 1 finished with value: 0.3892776072025299 and parameters: {'gradient_clip_val': 0.11954487801282612, 'hidden_size': 8, 'dropout': 0.3893069118070739, 'hidden_continuous_size': 7, 'attention_head_size': 2, 'learning_rate': 0.006130783112408841}. Best is trial 1 with value: 0.3892776072025299.
LOCAL_RANK: 0 - CUDA_VISIBLE_DEVICES: [0]
[I 2023-12-15 23:44:03,758] Trial 2 finished with value: 0.42663440108299255 and parameters: {'gradient_clip_val': 0.44946332780259474, 'hidden_size': 30, 'dropout': 0.3958873788940235, 'hidden_continuous_size': 26, 'attention_head_size': 3, 'learning_rate': 0.009377318935152394}. Best is trial 1 with value: 0.3892776072025299.
LOCAL_RANK: 0 - CUDA_VISIBLE_DEVICES: [0]
[I 2023-12-15 23:44:48,890] Trial 3 finished with value: 0.08228662610054016 and parameters: {'gradient_clip_val': 0.44166970452791365, 'hidden_size': 15, 'dropout': 0.28375491830085653, 'hidden_continuous_size': 6, 'attention_head_size': 1, 'learning_rate': 0.026684269724858423}. Best is trial 3 with value: 0.08228662610054016.
LOCAL_RANK: 0 - CUDA_VISIBLE_DEVICES: [0]
[I 2023-12-15 23:45:42,395] Trial 4 finished with value: 0.2551521062850952 and parameters: {'gradient_clip_val': 0.6661794704095676, 'hidden_size': 96, 'dropout': 0.15839993269119806, 'hidden_continuous_size': 9, 'attention_head_size': 4, 'learning_rate': 0.000822984066991502}. Best is trial 3 with value: 0.08228662610054016.
LOCAL_RANK: 0 - CUDA_VISIBLE_DEVICES: [0]
[I 2023-12-15 23:46:32,713] Trial 5 finished with value: 0.5810885429382324 and parameters: {'gradient_clip_val': 0.29124966635103294, 'hidden_size': 46, 'dropout': 0.1918500854164051, 'hidden_continuous_size': 5, 'attention_head_size': 1, 'learning_rate': 0.02522838491742444}. Best is trial 3 with value: 0.08228662610054016.
LOCAL_RANK: 0 - CUDA_VISIBLE_DEVICES: [0]
[I 2023-12-15 23:47:19,320] Trial 6 finished with value: 0.26167401671409607 and parameters: {'gradient_clip_val': 0.2104177178348276, 'hidden_size': 11, 'dropout': 0.14669074697330683, 'hidden_continuous_size': 10, 'attention_head_size': 4, 'learning_rate': 0.005780634274637103}. Best is trial 3 with value: 0.08228662610054016.
LOCAL_RANK: 0 - CUDA_VISIBLE_DEVICES: [0]
[I 2023-12-15 23:48:06,993] Trial 7 finished with value: 0.21799325942993164 and parameters: {'gradient_clip_val': 0.2708043857918472, 'hidden_size': 32, 'dropout': 0.23755273463245707, 'hidden_continuous_size': 9, 'attention_head_size': 1, 'learning_rate': 0.0025557175313672283}. Best is trial 3 with value: 0.08228662610054016.
LOCAL_RANK: 0 - CUDA_VISIBLE_DEVICES: [0]
[I 2023-12-15 23:48:51,876] Trial 8 finished with value: 0.3368426561355591 and parameters: {'gradient_clip_val': 0.5523814878751121, 'hidden_size': 8, 'dropout': 0.16057355579494906, 'hidden_continuous_size': 7, 'attention_head_size': 4, 'learning_rate': 0.003932473400401913}. Best is trial 3 with value: 0.08228662610054016.
LOCAL_RANK: 0 - CUDA_VISIBLE_DEVICES: [0]
[I 2023-12-15 23:49:44,264] Trial 9 finished with value: 0.25680023431777954 and parameters: {'gradient_clip_val': 0.21145443731758654, 'hidden_size': 71, 'dropout': 0.2398665924818543, 'hidden_continuous_size': 9, 'attention_head_size': 2, 'learning_rate': 0.03055268764561895}. Best is trial 3 with value: 0.08228662610054016.
LOCAL_RANK: 0 - CUDA_VISIBLE_DEVICES: [0]
[I 2023-12-15 23:50:18,393] Trial 10 finished with value: 0.44719648361206055 and parameters: {'gradient_clip_val': 0.9753065769677026, 'hidden_size': 5, 'dropout': 0.10528758430489982, 'hidden_continuous_size': 5, 'attention_head_size': 1, 'learning_rate': 0.08906474572157154}. Best is trial 3 with value: 0.08228662610054016.
LOCAL_RANK: 0 - CUDA_VISIBLE_DEVICES: [0]
[I 2023-12-15 23:51:06,801] Trial 11 finished with value: 0.15042823553085327 and parameters: {'gradient_clip_val': 0.3236012002123937, 'hidden_size': 21, 'dropout': 0.2705143705391347, 'hidden_continuous_size': 13, 'attention_head_size': 1, 'learning_rate': 0.0021941727705360715}. Best is trial 3 with value: 0.08228662610054016.
LOCAL_RANK: 0 - CUDA_VISIBLE_DEVICES: [0]
[I 2023-12-15 23:51:53,902] Trial 12 finished with value: 0.9334204196929932 and parameters: {'gradient_clip_val': 0.3934316787312954, 'hidden_size': 20, 'dropout': 0.2926690836497556, 'hidden_continuous_size': 13, 'attention_head_size': 1, 'learning_rate': 0.0005816008099802969}. Best is trial 3 with value: 0.08228662610054016.
LOCAL_RANK: 0 - CUDA_VISIBLE_DEVICES: [0]
[I 2023-12-15 23:52:42,612] Trial 13 finished with value: 0.9994176030158997 and parameters: {'gradient_clip_val': 0.33253461176233573, 'hidden_size': 18, 'dropout': 0.28899700239097165, 'hidden_continuous_size': 14, 'attention_head_size': 3, 'learning_rate': 0.0018346024949741145}. Best is trial 3 with value: 0.08228662610054016.
LOCAL_RANK: 0 - CUDA_VISIBLE_DEVICES: [0]
[I 2023-12-15 23:53:27,004] Trial 14 finished with value: 0.211275115609169 and parameters: {'gradient_clip_val': 0.6611877981076026, 'hidden_size': 16, 'dropout': 0.27334547990581926, 'hidden_continuous_size': 6, 'attention_head_size': 2, 'learning_rate': 0.014679883937631614}. Best is trial 3 with value: 0.08228662610054016.
LOCAL_RANK: 0 - CUDA_VISIBLE_DEVICES: [0]
[I 2023-12-15 23:54:17,796] Trial 15 finished with value: 0.15582583844661713 and parameters: {'gradient_clip_val': 0.3540277219077348, 'hidden_size': 34, 'dropout': 0.3273166229328815, 'hidden_continuous_size': 16, 'attention_head_size': 1, 'learning_rate': 0.002468120264417526}. Best is trial 3 with value: 0.08228662610054016.
LOCAL_RANK: 0 - CUDA_VISIBLE_DEVICES: [0]
[I 2023-12-15 23:55:06,562] Trial 16 finished with value: 0.93276447057724 and parameters: {'gradient_clip_val': 0.24976814610619705, 'hidden_size': 25, 'dropout': 0.2167093907759832, 'hidden_continuous_size': 12, 'attention_head_size': 1, 'learning_rate': 0.0010877247848837081}. Best is trial 3 with value: 0.08228662610054016.
LOCAL_RANK: 0 - CUDA_VISIBLE_DEVICES: [0]
[I 2023-12-15 23:55:53,181] Trial 17 finished with value: 0.11488983035087585 and parameters: {'gradient_clip_val': 0.1688114919762512, 'hidden_size': 17, 'dropout': 0.2651917575570535, 'hidden_continuous_size': 7, 'attention_head_size': 3, 'learning_rate': 0.0037445778977400162}. Best is trial 3 with value: 0.08228662610054016.
LOCAL_RANK: 0 - CUDA_VISIBLE_DEVICES: [0]
[I 2023-12-15 23:56:39,071] Trial 18 finished with value: 0.059821952134370804 and parameters: {'gradient_clip_val': 0.13902490659205963, 'hidden_size': 14, 'dropout': 0.20307539877437555, 'hidden_continuous_size': 6, 'attention_head_size': 3, 'learning_rate': 0.012604966473732401}. Best is trial 18 with value: 0.059821952134370804.
LOCAL_RANK: 0 - CUDA_VISIBLE_DEVICES: [0]
