[I 2023-12-16 10:32:25,192] Trial 36 finished with value: 466.631591796875 and parameters: {'gradient_clip_val': 0.5996257287687264, 'hidden_size': 84, 'dropout': 0.3265155737664563, 'hidden_continuous_size': 62, 'attention_head_size': 1, 'learning_rate': 0.0017093328621031302}. Best is trial 11 with value: 282.0868835449219.
LOCAL_RANK: 0 - CUDA_VISIBLE_DEVICES: [0]
[I 2023-12-16 10:33:17,645] Trial 37 finished with value: 269.3746643066406 and parameters: {'gradient_clip_val': 0.7251568205287064, 'hidden_size': 38, 'dropout': 0.2705705050419926, 'hidden_continuous_size': 27, 'attention_head_size': 2, 'learning_rate': 0.004944854346409988}. Best is trial 37 with value: 269.3746643066406.
LOCAL_RANK: 0 - CUDA_VISIBLE_DEVICES: [0]
[I 2023-12-16 10:34:09,330] Trial 38 finished with value: 418.2860412597656 and parameters: {'gradient_clip_val': 0.6992645205614283, 'hidden_size': 38, 'dropout': 0.3059753718698561, 'hidden_continuous_size': 18, 'attention_head_size': 1, 'learning_rate': 0.007752027757303987}. Best is trial 37 with value: 269.3746643066406.
LOCAL_RANK: 0 - CUDA_VISIBLE_DEVICES: [0]
[I 2023-12-16 10:35:02,546] Trial 39 finished with value: 412.8001708984375 and parameters: {'gradient_clip_val': 0.8564669551947645, 'hidden_size': 45, 'dropout': 0.26785867071315533, 'hidden_continuous_size': 30, 'attention_head_size': 2, 'learning_rate': 0.004752106389641911}. Best is trial 37 with value: 269.3746643066406.
LOCAL_RANK: 0 - CUDA_VISIBLE_DEVICES: [0]
[I 2023-12-16 10:35:55,041] Trial 40 finished with value: 363.3827819824219 and parameters: {'gradient_clip_val': 0.7184066122177446, 'hidden_size': 33, 'dropout': 0.321347168477103, 'hidden_continuous_size': 22, 'attention_head_size': 3, 'learning_rate': 0.011003055702372328}. Best is trial 37 with value: 269.3746643066406.
LOCAL_RANK: 0 - CUDA_VISIBLE_DEVICES: [0]
[I 2023-12-16 10:36:49,241] Trial 41 finished with value: 721.8519897460938 and parameters: {'gradient_clip_val': 0.9083634178978012, 'hidden_size': 59, 'dropout': 0.20301033366378052, 'hidden_continuous_size': 42, 'attention_head_size': 2, 'learning_rate': 0.0038758440044589977}. Best is trial 37 with value: 269.3746643066406.
LOCAL_RANK: 0 - CUDA_VISIBLE_DEVICES: [0]
[I 2023-12-16 10:37:41,887] Trial 42 finished with value: 544.9031372070312 and parameters: {'gradient_clip_val': 0.836088377318697, 'hidden_size': 45, 'dropout': 0.24030626665920618, 'hidden_continuous_size': 26, 'attention_head_size': 2, 'learning_rate': 0.005397592926110853}. Best is trial 37 with value: 269.3746643066406.
LOCAL_RANK: 0 - CUDA_VISIBLE_DEVICES: [0]
[I 2023-12-16 10:38:36,810] Trial 43 finished with value: 352.9729309082031 and parameters: {'gradient_clip_val': 0.9996481620251542, 'hidden_size': 71, 'dropout': 0.26427471990455353, 'hidden_continuous_size': 35, 'attention_head_size': 2, 'learning_rate': 0.007190068833418158}. Best is trial 37 with value: 269.3746643066406.
LOCAL_RANK: 0 - CUDA_VISIBLE_DEVICES: [0]
[I 2023-12-16 10:39:29,319] Trial 44 finished with value: 591.9125366210938 and parameters: {'gradient_clip_val': 0.26258256805618163, 'hidden_size': 51, 'dropout': 0.2876027256941995, 'hidden_continuous_size': 31, 'attention_head_size': 1, 'learning_rate': 0.00401364632188809}. Best is trial 37 with value: 269.3746643066406.
LOCAL_RANK: 0 - CUDA_VISIBLE_DEVICES: [0]
[I 2023-12-16 10:40:20,749] Trial 45 finished with value: 519.9674072265625 and parameters: {'gradient_clip_val': 0.6373449122533433, 'hidden_size': 36, 'dropout': 0.20993989026702214, 'hidden_continuous_size': 26, 'attention_head_size': 2, 'learning_rate': 0.002827803134933198}. Best is trial 37 with value: 269.3746643066406.
LOCAL_RANK: 0 - CUDA_VISIBLE_DEVICES: [0]
[I 2023-12-16 10:41:14,660] Trial 46 finished with value: 361.0671691894531 and parameters: {'gradient_clip_val': 0.889118207819457, 'hidden_size': 62, 'dropout': 0.22594972346394512, 'hidden_continuous_size': 42, 'attention_head_size': 2, 'learning_rate': 0.005467730576113921}. Best is trial 37 with value: 269.3746643066406.
LOCAL_RANK: 0 - CUDA_VISIBLE_DEVICES: [0]
[I 2023-12-16 10:42:08,463] Trial 47 finished with value: 647.9407958984375 and parameters: {'gradient_clip_val': 0.7266959007592969, 'hidden_size': 49, 'dropout': 0.2395965896416183, 'hidden_continuous_size': 37, 'attention_head_size': 3, 'learning_rate': 0.001881065360830786}. Best is trial 37 with value: 269.3746643066406.
LOCAL_RANK: 0 - CUDA_VISIBLE_DEVICES: [0]
[I 2023-12-16 10:43:05,407] Trial 48 finished with value: 446.6290283203125 and parameters: {'gradient_clip_val': 0.9976769699432577, 'hidden_size': 87, 'dropout': 0.19404230196163766, 'hidden_continuous_size': 65, 'attention_head_size': 2, 'learning_rate': 0.00411727200434131}. Best is trial 37 with value: 269.3746643066406.
LOCAL_RANK: 0 - CUDA_VISIBLE_DEVICES: [0]
[I 2023-12-16 10:44:03,149] Trial 49 finished with value: 338.45770263671875 and parameters: {'gradient_clip_val': 0.8063694186498783, 'hidden_size': 98, 'dropout': 0.17569575053780198, 'hidden_continuous_size': 91, 'attention_head_size': 1, 'learning_rate': 0.00215804998192328}. Best is trial 37 with value: 269.3746643066406.
[I 2023-12-16 10:44:03,244] A new study created in memory with name: no-name-124e0b82-3ec0-4d53-b2b1-8a765250cc18
/home/le004/conda/anaconda3/envs/tsff_env/lib/python3.9/site-packages/lightning/fabric/plugins/environments/slurm.py:191: The `srun` command is available on your system but is not used. HINT: If your intention is to run Lightning on SLURM, prepend your python command with `srun` like so: srun python /home/le004/master_thesis/git/TSFusionForecast/code/ ...
LOCAL_RANK: 0 - CUDA_VISIBLE_DEVICES: [0]
[I 2023-12-16 10:44:58,784] Trial 0 finished with value: 106.49443817138672 and parameters: {'gradient_clip_val': 0.4520063077367655, 'hidden_size': 81, 'dropout': 0.19081943140606045, 'hidden_continuous_size': 26, 'attention_head_size': 4, 'learning_rate': 0.007913468479776118}. Best is trial 0 with value: 106.49443817138672.
LOCAL_RANK: 0 - CUDA_VISIBLE_DEVICES: [0]
[I 2023-12-16 10:45:47,428] Trial 1 finished with value: 95.70450592041016 and parameters: {'gradient_clip_val': 0.4107985814616705, 'hidden_size': 25, 'dropout': 0.12145037666218875, 'hidden_continuous_size': 9, 'attention_head_size': 1, 'learning_rate': 0.03787721078803532}. Best is trial 1 with value: 95.70450592041016.
LOCAL_RANK: 0 - CUDA_VISIBLE_DEVICES: [0]
[I 2023-12-16 10:46:31,456] Trial 2 finished with value: 44.770809173583984 and parameters: {'gradient_clip_val': 0.5133035347773632, 'hidden_size': 8, 'dropout': 0.19502436317697666, 'hidden_continuous_size': 6, 'attention_head_size': 2, 'learning_rate': 0.002307836291267705}. Best is trial 2 with value: 44.770809173583984.
LOCAL_RANK: 0 - CUDA_VISIBLE_DEVICES: [0]
[I 2023-12-16 10:47:16,894] Trial 3 finished with value: 54.9606819152832 and parameters: {'gradient_clip_val': 0.21970315498041343, 'hidden_size': 7, 'dropout': 0.23667798902978865, 'hidden_continuous_size': 5, 'attention_head_size': 3, 'learning_rate': 0.008844517851744659}. Best is trial 2 with value: 44.770809173583984.
LOCAL_RANK: 0 - CUDA_VISIBLE_DEVICES: [0]
[I 2023-12-16 10:48:05,602] Trial 4 finished with value: 56.79169845581055 and parameters: {'gradient_clip_val': 0.12995802321145117, 'hidden_size': 23, 'dropout': 0.22763417154528628, 'hidden_continuous_size': 9, 'attention_head_size': 2, 'learning_rate': 0.0006236152925032584}. Best is trial 2 with value: 44.770809173583984.
LOCAL_RANK: 0 - CUDA_VISIBLE_DEVICES: [0]
[I 2023-12-16 10:48:57,289] Trial 5 finished with value: 60.09559631347656 and parameters: {'gradient_clip_val': 0.9795338874876369, 'hidden_size': 31, 'dropout': 0.37624925506934737, 'hidden_continuous_size': 23, 'attention_head_size': 2, 'learning_rate': 0.002238339592527183}. Best is trial 2 with value: 44.770809173583984.
LOCAL_RANK: 0 - CUDA_VISIBLE_DEVICES: [0]
[I 2023-12-16 10:49:45,400] Trial 6 finished with value: 91.01311492919922 and parameters: {'gradient_clip_val': 0.14145477571559115, 'hidden_size': 36, 'dropout': 0.15562847329183702, 'hidden_continuous_size': 5, 'attention_head_size': 2, 'learning_rate': 0.0031849922575651287}. Best is trial 2 with value: 44.770809173583984.
LOCAL_RANK: 0 - CUDA_VISIBLE_DEVICES: [0]
[I 2023-12-16 10:50:42,351] Trial 7 finished with value: 96.9381103515625 and parameters: {'gradient_clip_val': 0.20914554656337508, 'hidden_size': 78, 'dropout': 0.13440109883718693, 'hidden_continuous_size': 69, 'attention_head_size': 2, 'learning_rate': 0.008149129335665086}. Best is trial 2 with value: 44.770809173583984.
LOCAL_RANK: 0 - CUDA_VISIBLE_DEVICES: [0]
[I 2023-12-16 10:51:27,581] Trial 8 finished with value: 59.9735107421875 and parameters: {'gradient_clip_val': 0.31663593313871236, 'hidden_size': 11, 'dropout': 0.3764581479311002, 'hidden_continuous_size': 6, 'attention_head_size': 1, 'learning_rate': 0.0010556157688091676}. Best is trial 2 with value: 44.770809173583984.
LOCAL_RANK: 0 - CUDA_VISIBLE_DEVICES: [0]
[I 2023-12-16 10:52:16,816] Trial 9 finished with value: 31.303199768066406 and parameters: {'gradient_clip_val': 0.15567025386998173, 'hidden_size': 21, 'dropout': 0.26140156952571747, 'hidden_continuous_size': 15, 'attention_head_size': 3, 'learning_rate': 0.002042371869244625}. Best is trial 9 with value: 31.303199768066406.
LOCAL_RANK: 0 - CUDA_VISIBLE_DEVICES: [0]
[I 2023-12-16 10:53:02,870] Trial 10 finished with value: 92.7701187133789 and parameters: {'gradient_clip_val': 0.12686079042707554, 'hidden_size': 13, 'dropout': 0.30384936005475566, 'hidden_continuous_size': 8, 'attention_head_size': 4, 'learning_rate': 0.09840946551760135}. Best is trial 9 with value: 31.303199768066406.
LOCAL_RANK: 0 - CUDA_VISIBLE_DEVICES: [0]
[I 2023-12-16 10:53:37,010] Trial 11 finished with value: 77.16814422607422 and parameters: {'gradient_clip_val': 0.10113647581562066, 'hidden_size': 5, 'dropout': 0.27842262595188205, 'hidden_continuous_size': 5, 'attention_head_size': 3, 'learning_rate': 0.0019391148644087055}. Best is trial 9 with value: 31.303199768066406.
LOCAL_RANK: 0 - CUDA_VISIBLE_DEVICES: [0]
[I 2023-12-16 10:54:22,686] Trial 12 finished with value: 72.05191040039062 and parameters: {'gradient_clip_val': 0.6077109895509745, 'hidden_size': 13, 'dropout': 0.1800650812126354, 'hidden_continuous_size': 6, 'attention_head_size': 3, 'learning_rate': 0.0005317840339142925}. Best is trial 9 with value: 31.303199768066406.
LOCAL_RANK: 0 - CUDA_VISIBLE_DEVICES: [0]
[I 2023-12-16 10:55:08,229] Trial 13 finished with value: 36.82876968383789 and parameters: {'gradient_clip_val': 0.20963386666942688, 'hidden_size': 9, 'dropout': 0.19898707317481204, 'hidden_continuous_size': 6, 'attention_head_size': 3, 'learning_rate': 0.0033965751969457}. Best is trial 9 with value: 31.303199768066406.
LOCAL_RANK: 0 - CUDA_VISIBLE_DEVICES: [0]
[I 2023-12-16 10:55:55,312] Trial 14 finished with value: 63.09428024291992 and parameters: {'gradient_clip_val': 0.2101216174261284, 'hidden_size': 17, 'dropout': 0.275366941952915, 'hidden_continuous_size': 7, 'attention_head_size': 4, 'learning_rate': 0.0046874749991316555}. Best is trial 9 with value: 31.303199768066406.
LOCAL_RANK: 0 - CUDA_VISIBLE_DEVICES: [0]
[I 2023-12-16 10:56:43,735] Trial 15 finished with value: 41.57057189941406 and parameters: {'gradient_clip_val': 0.17627235651773804, 'hidden_size': 18, 'dropout': 0.21039423665719967, 'hidden_continuous_size': 11, 'attention_head_size': 3, 'learning_rate': 0.0013027638748485022}. Best is trial 9 with value: 31.303199768066406.
LOCAL_RANK: 0 - CUDA_VISIBLE_DEVICES: [0]
[I 2023-12-16 10:57:28,072] Trial 16 finished with value: 49.8725471496582 and parameters: {'gradient_clip_val': 0.25076308071939585, 'hidden_size': 8, 'dropout': 0.10730940493835098, 'hidden_continuous_size': 5, 'attention_head_size': 3, 'learning_rate': 0.004946920003624864}. Best is trial 9 with value: 31.303199768066406.
LOCAL_RANK: 0 - CUDA_VISIBLE_DEVICES: [0]
[I 2023-12-16 10:58:02,697] Trial 17 finished with value: 97.09197235107422 and parameters: {'gradient_clip_val': 0.16198354846716817, 'hidden_size': 5, 'dropout': 0.16361762394325913, 'hidden_continuous_size': 5, 'attention_head_size': 4, 'learning_rate': 0.01611934043219782}. Best is trial 9 with value: 31.303199768066406.
LOCAL_RANK: 0 - CUDA_VISIBLE_DEVICES: [0]
[I 2023-12-16 10:58:55,027] Trial 18 finished with value: 37.581573486328125 and parameters: {'gradient_clip_val': 0.2981778750121581, 'hidden_size': 41, 'dropout': 0.25637786320711564, 'hidden_continuous_size': 13, 'attention_head_size': 3, 'learning_rate': 0.0012758730485984086}. Best is trial 9 with value: 31.303199768066406.
LOCAL_RANK: 0 - CUDA_VISIBLE_DEVICES: [0]
[I 2023-12-16 10:59:41,109] Trial 19 finished with value: 74.22875213623047 and parameters: {'gradient_clip_val': 0.17636861960658692, 'hidden_size': 10, 'dropout': 0.3111433327052859, 'hidden_continuous_size': 6, 'attention_head_size': 4, 'learning_rate': 0.003587340799681114}. Best is trial 9 with value: 31.303199768066406.
LOCAL_RANK: 0 - CUDA_VISIBLE_DEVICES: [0]
[I 2023-12-16 11:00:27,698] Trial 20 finished with value: 60.5333251953125 and parameters: {'gradient_clip_val': 0.10495739594423768, 'hidden_size': 17, 'dropout': 0.21699693644653856, 'hidden_continuous_size': 7, 'attention_head_size': 3, 'learning_rate': 0.0009247713867449973}. Best is trial 9 with value: 31.303199768066406.
LOCAL_RANK: 0 - CUDA_VISIBLE_DEVICES: [0]
[I 2023-12-16 11:01:20,047] Trial 21 finished with value: 49.03399658203125 and parameters: {'gradient_clip_val': 0.2872586418836249, 'hidden_size': 39, 'dropout': 0.25149293921251187, 'hidden_continuous_size': 14, 'attention_head_size': 3, 'learning_rate': 0.0016109792382725877}. Best is trial 9 with value: 31.303199768066406.
LOCAL_RANK: 0 - CUDA_VISIBLE_DEVICES: [0]
[I 2023-12-16 11:02:13,108] Trial 22 finished with value: 36.32464599609375 and parameters: {'gradient_clip_val': 0.31849613022782297, 'hidden_size': 47, 'dropout': 0.24764384785451102, 'hidden_continuous_size': 12, 'attention_head_size': 3, 'learning_rate': 0.0011564033331721499}. Best is trial 9 with value: 31.303199768066406.
LOCAL_RANK: 0 - CUDA_VISIBLE_DEVICES: [0]
[I 2023-12-16 11:03:06,083] Trial 23 finished with value: 46.57493209838867 and parameters: {'gradient_clip_val': 0.25447764929578515, 'hidden_size': 56, 'dropout': 0.21835873255464236, 'hidden_continuous_size': 11, 'attention_head_size': 3, 'learning_rate': 0.0008105040052818728}. Best is trial 9 with value: 31.303199768066406.
LOCAL_RANK: 0 - CUDA_VISIBLE_DEVICES: [0]
[I 2023-12-16 11:03:54,989] Trial 24 finished with value: 43.22518539428711 and parameters: {'gradient_clip_val': 0.34795600649532715, 'hidden_size': 27, 'dropout': 0.23883133997871825, 'hidden_continuous_size': 13, 'attention_head_size': 2, 'learning_rate': 0.0022494991957197914}. Best is trial 9 with value: 31.303199768066406.
LOCAL_RANK: 0 - CUDA_VISIBLE_DEVICES: [0]
[I 2023-12-16 11:04:43,948] Trial 25 finished with value: 49.68994140625 and parameters: {'gradient_clip_val': 0.18410405811911118, 'hidden_size': 21, 'dropout': 0.20188797609147305, 'hidden_continuous_size': 10, 'attention_head_size': 3, 'learning_rate': 0.00146817705816527}. Best is trial 9 with value: 31.303199768066406.
LOCAL_RANK: 0 - CUDA_VISIBLE_DEVICES: [0]
[I 2023-12-16 11:05:36,921] Trial 26 finished with value: 32.547332763671875 and parameters: {'gradient_clip_val': 0.1502453081251998, 'hidden_size': 56, 'dropout': 0.17788366640961828, 'hidden_continuous_size': 17, 'attention_head_size': 4, 'learning_rate': 0.0007970811620828786}. Best is trial 9 with value: 31.303199768066406.
LOCAL_RANK: 0 - CUDA_VISIBLE_DEVICES: [0]
[I 2023-12-16 11:06:30,686] Trial 27 finished with value: 29.340147018432617 and parameters: {'gradient_clip_val': 0.1483184490822507, 'hidden_size': 54, 'dropout': 0.1686763221754276, 'hidden_continuous_size': 17, 'attention_head_size': 4, 'learning_rate': 0.0005078263629176694}. Best is trial 27 with value: 29.340147018432617.
LOCAL_RANK: 0 - CUDA_VISIBLE_DEVICES: [0]
[I 2023-12-16 11:07:24,540] Trial 28 finished with value: 39.053165435791016 and parameters: {'gradient_clip_val': 0.1492469971198306, 'hidden_size': 61, 'dropout': 0.14556040365037326, 'hidden_continuous_size': 18, 'attention_head_size': 4, 'learning_rate': 0.0005158628335686965}. Best is trial 27 with value: 29.340147018432617.
LOCAL_RANK: 0 - CUDA_VISIBLE_DEVICES: [0]
[I 2023-12-16 11:08:19,868] Trial 29 finished with value: 38.74972152709961 and parameters: {'gradient_clip_val': 0.11810901356429554, 'hidden_size': 89, 'dropout': 0.17480959089484438, 'hidden_continuous_size': 19, 'attention_head_size': 4, 'learning_rate': 0.0007579713544166101}. Best is trial 27 with value: 29.340147018432617.
LOCAL_RANK: 0 - CUDA_VISIBLE_DEVICES: [0]
[I 2023-12-16 11:09:13,508] Trial 30 finished with value: 49.84657669067383 and parameters: {'gradient_clip_val': 0.1513945054745408, 'hidden_size': 68, 'dropout': 0.1743897348048459, 'hidden_continuous_size': 27, 'attention_head_size': 4, 'learning_rate': 0.0007556354199431301}. Best is trial 27 with value: 29.340147018432617.
LOCAL_RANK: 0 - CUDA_VISIBLE_DEVICES: [0]
[I 2023-12-16 11:10:07,219] Trial 31 finished with value: 37.305110931396484 and parameters: {'gradient_clip_val': 0.11797437281676268, 'hidden_size': 49, 'dropout': 0.14093483204177681, 'hidden_continuous_size': 16, 'attention_head_size': 4, 'learning_rate': 0.0009728075688573786}. Best is trial 27 with value: 29.340147018432617.
LOCAL_RANK: 0 - CUDA_VISIBLE_DEVICES: [0]
[I 2023-12-16 11:11:03,636] Trial 32 finished with value: 44.845340728759766 and parameters: {'gradient_clip_val': 0.13766265016833057, 'hidden_size': 99, 'dropout': 0.1850791234250814, 'hidden_continuous_size': 26, 'attention_head_size': 4, 'learning_rate': 0.0011239096546157299}. Best is trial 27 with value: 29.340147018432617.
LOCAL_RANK: 0 - CUDA_VISIBLE_DEVICES: [0]
[I 2023-12-16 11:11:57,317] Trial 33 finished with value: 41.153907775878906 and parameters: {'gradient_clip_val': 0.1588506442409714, 'hidden_size': 50, 'dropout': 0.15868858070227862, 'hidden_continuous_size': 16, 'attention_head_size': 4, 'learning_rate': 0.0005115175682111133}. Best is trial 27 with value: 29.340147018432617.
LOCAL_RANK: 0 - CUDA_VISIBLE_DEVICES: [0]
[I 2023-12-16 11:12:50,582] Trial 34 finished with value: 42.610103607177734 and parameters: {'gradient_clip_val': 0.17334538106948075, 'hidden_size': 69, 'dropout': 0.12421907249698665, 'hidden_continuous_size': 20, 'attention_head_size': 1, 'learning_rate': 0.0007410861263982957}. Best is trial 27 with value: 29.340147018432617.
LOCAL_RANK: 0 - CUDA_VISIBLE_DEVICES: [0]
[I 2023-12-16 11:13:40,832] Trial 35 finished with value: 30.599411010742188 and parameters: {'gradient_clip_val': 0.19009845869138256, 'hidden_size': 31, 'dropout': 0.1948264059506787, 'hidden_continuous_size': 14, 'attention_head_size': 4, 'learning_rate': 0.0015534346407053495}. Best is trial 27 with value: 29.340147018432617.
LOCAL_RANK: 0 - CUDA_VISIBLE_DEVICES: [0]
[I 2023-12-16 11:14:31,040] Trial 36 finished with value: 57.975250244140625 and parameters: {'gradient_clip_val': 0.12791443345228642, 'hidden_size': 30, 'dropout': 0.19184796445244567, 'hidden_continuous_size': 15, 'attention_head_size': 4, 'learning_rate': 0.001695161259708398}. Best is trial 27 with value: 29.340147018432617.
LOCAL_RANK: 0 - CUDA_VISIBLE_DEVICES: [0]
[I 2023-12-16 11:15:22,027] Trial 37 finished with value: 53.02958679199219 and parameters: {'gradient_clip_val': 0.18910850845811758, 'hidden_size': 33, 'dropout': 0.2259537465447021, 'hidden_continuous_size': 15, 'attention_head_size': 4, 'learning_rate': 0.0017220664107742293}. Best is trial 27 with value: 29.340147018432617.
LOCAL_RANK: 0 - CUDA_VISIBLE_DEVICES: [0]
[I 2023-12-16 11:16:11,973] Trial 38 finished with value: 45.63370895385742 and parameters: {'gradient_clip_val': 0.1439675693266134, 'hidden_size': 27, 'dropout': 0.19859206496757445, 'hidden_continuous_size': 17, 'attention_head_size': 4, 'learning_rate': 0.0006386069421228779}. Best is trial 27 with value: 29.340147018432617.
LOCAL_RANK: 0 - CUDA_VISIBLE_DEVICES: [0]
[I 2023-12-16 11:17:05,148] Trial 39 finished with value: 81.65179443359375 and parameters: {'gradient_clip_val': 0.15482952301355077, 'hidden_size': 42, 'dropout': 0.16853429851052917, 'hidden_continuous_size': 21, 'attention_head_size': 4, 'learning_rate': 0.002704257414354823}. Best is trial 27 with value: 29.340147018432617.
LOCAL_RANK: 0 - CUDA_VISIBLE_DEVICES: [0]
[I 2023-12-16 11:17:55,982] Trial 40 finished with value: 36.313331604003906 and parameters: {'gradient_clip_val': 0.19296640548924474, 'hidden_size': 36, 'dropout': 0.14995314413922536, 'hidden_continuous_size': 14, 'attention_head_size': 4, 'learning_rate': 0.000977303793135355}. Best is trial 27 with value: 29.340147018432617.
LOCAL_RANK: 0 - CUDA_VISIBLE_DEVICES: [0]
[I 2023-12-16 11:18:47,422] Trial 41 finished with value: 56.53751754760742 and parameters: {'gradient_clip_val': 0.19216300752249188, 'hidden_size': 35, 'dropout': 0.14401717104356948, 'hidden_continuous_size': 14, 'attention_head_size': 4, 'learning_rate': 0.0009736637871353871}. Best is trial 27 with value: 29.340147018432617.
LOCAL_RANK: 0 - CUDA_VISIBLE_DEVICES: [0]
[I 2023-12-16 11:19:39,433] Trial 42 finished with value: 40.53186798095703 and parameters: {'gradient_clip_val': 0.1640999795116049, 'hidden_size': 36, 'dropout': 0.15512369712199556, 'hidden_continuous_size': 18, 'attention_head_size': 4, 'learning_rate': 0.0006810916486422401}. Best is trial 27 with value: 29.340147018432617.
LOCAL_RANK: 0 - CUDA_VISIBLE_DEVICES: [0]
