[I 2023-12-16 13:50:49,594] Trial 16 finished with value: 33.7525634765625 and parameters: {'gradient_clip_val': 0.26529488753076097, 'hidden_size': 5, 'dropout': 0.1797077800388051, 'hidden_continuous_size': 5, 'attention_head_size': 2, 'learning_rate': 0.00576268820036338}. Best is trial 10 with value: 23.820556640625.
LOCAL_RANK: 0 - CUDA_VISIBLE_DEVICES: [0]
[I 2023-12-16 13:51:34,441] Trial 17 finished with value: 39.38337326049805 and parameters: {'gradient_clip_val': 0.18421615328447652, 'hidden_size': 11, 'dropout': 0.13391665996938978, 'hidden_continuous_size': 6, 'attention_head_size': 1, 'learning_rate': 0.023937906825272814}. Best is trial 10 with value: 23.820556640625.
LOCAL_RANK: 0 - CUDA_VISIBLE_DEVICES: [0]
[I 2023-12-16 13:52:19,108] Trial 18 finished with value: 23.559431076049805 and parameters: {'gradient_clip_val': 0.32321197422210923, 'hidden_size': 6, 'dropout': 0.10159939958633679, 'hidden_continuous_size': 5, 'attention_head_size': 2, 'learning_rate': 0.09959250401330699}. Best is trial 18 with value: 23.559431076049805.
LOCAL_RANK: 0 - CUDA_VISIBLE_DEVICES: [0]
[I 2023-12-16 13:52:53,774] Trial 19 finished with value: 35.37331008911133 and parameters: {'gradient_clip_val': 0.24386610976037687, 'hidden_size': 5, 'dropout': 0.10619741271098285, 'hidden_continuous_size': 5, 'attention_head_size': 3, 'learning_rate': 0.010310331622794825}. Best is trial 18 with value: 23.559431076049805.
LOCAL_RANK: 0 - CUDA_VISIBLE_DEVICES: [0]
[I 2023-12-16 13:53:38,324] Trial 20 finished with value: 38.98923873901367 and parameters: {'gradient_clip_val': 0.3092656943903376, 'hidden_size': 10, 'dropout': 0.2043311026339689, 'hidden_continuous_size': 6, 'attention_head_size': 1, 'learning_rate': 0.0035272850608399084}. Best is trial 18 with value: 23.559431076049805.
LOCAL_RANK: 0 - CUDA_VISIBLE_DEVICES: [0]
[I 2023-12-16 13:54:23,321] Trial 21 finished with value: 26.07012939453125 and parameters: {'gradient_clip_val': 0.3624676819992447, 'hidden_size': 7, 'dropout': 0.13186341262463974, 'hidden_continuous_size': 5, 'attention_head_size': 2, 'learning_rate': 0.09103130775527471}. Best is trial 18 with value: 23.559431076049805.
LOCAL_RANK: 0 - CUDA_VISIBLE_DEVICES: [0]
[I 2023-12-16 13:55:07,668] Trial 22 finished with value: 71.81885528564453 and parameters: {'gradient_clip_val': 0.28553254900312286, 'hidden_size': 8, 'dropout': 0.1570746092996763, 'hidden_continuous_size': 5, 'attention_head_size': 2, 'learning_rate': 0.01784363520088659}. Best is trial 18 with value: 23.559431076049805.
LOCAL_RANK: 0 - CUDA_VISIBLE_DEVICES: [0]
[I 2023-12-16 13:55:52,368] Trial 23 finished with value: 43.33564376831055 and parameters: {'gradient_clip_val': 0.4752904754599757, 'hidden_size': 6, 'dropout': 0.12275121818681686, 'hidden_continuous_size': 5, 'attention_head_size': 2, 'learning_rate': 0.09134151068045714}. Best is trial 18 with value: 23.559431076049805.
LOCAL_RANK: 0 - CUDA_VISIBLE_DEVICES: [0]
[I 2023-12-16 13:56:37,525] Trial 24 finished with value: 29.94268226623535 and parameters: {'gradient_clip_val': 0.3375074340544076, 'hidden_size': 6, 'dropout': 0.10018064173091855, 'hidden_continuous_size': 5, 'attention_head_size': 3, 'learning_rate': 0.026380984180206766}. Best is trial 18 with value: 23.559431076049805.
LOCAL_RANK: 0 - CUDA_VISIBLE_DEVICES: [0]
[I 2023-12-16 13:57:22,126] Trial 25 finished with value: 46.614898681640625 and parameters: {'gradient_clip_val': 0.23914713964331358, 'hidden_size': 10, 'dropout': 0.16771549943469838, 'hidden_continuous_size': 6, 'attention_head_size': 2, 'learning_rate': 0.010009764450406954}. Best is trial 18 with value: 23.559431076049805.
LOCAL_RANK: 0 - CUDA_VISIBLE_DEVICES: [0]
[I 2023-12-16 13:58:05,898] Trial 26 finished with value: 54.9329833984375 and parameters: {'gradient_clip_val': 0.4119660965674851, 'hidden_size': 6, 'dropout': 0.13697055212423512, 'hidden_continuous_size': 5, 'attention_head_size': 1, 'learning_rate': 0.02664222484995318}. Best is trial 18 with value: 23.559431076049805.
LOCAL_RANK: 0 - CUDA_VISIBLE_DEVICES: [0]
[I 2023-12-16 13:58:50,531] Trial 27 finished with value: 38.21739196777344 and parameters: {'gradient_clip_val': 0.5947258239597802, 'hidden_size': 9, 'dropout': 0.13152162059805883, 'hidden_continuous_size': 6, 'attention_head_size': 2, 'learning_rate': 0.05790488377693918}. Best is trial 18 with value: 23.559431076049805.
LOCAL_RANK: 0 - CUDA_VISIBLE_DEVICES: [0]
[I 2023-12-16 13:59:34,992] Trial 28 finished with value: 27.68611717224121 and parameters: {'gradient_clip_val': 0.31538718553549283, 'hidden_size': 7, 'dropout': 0.16996380886931303, 'hidden_continuous_size': 5, 'attention_head_size': 3, 'learning_rate': 0.01414898317768092}. Best is trial 18 with value: 23.559431076049805.
LOCAL_RANK: 0 - CUDA_VISIBLE_DEVICES: [0]
[I 2023-12-16 14:00:19,374] Trial 29 finished with value: 44.47254943847656 and parameters: {'gradient_clip_val': 0.1966709688057978, 'hidden_size': 13, 'dropout': 0.12315011430413458, 'hidden_continuous_size': 6, 'attention_head_size': 2, 'learning_rate': 0.0395333511491475}. Best is trial 18 with value: 23.559431076049805.
LOCAL_RANK: 0 - CUDA_VISIBLE_DEVICES: [0]
[I 2023-12-16 14:01:04,094] Trial 30 finished with value: 52.967987060546875 and parameters: {'gradient_clip_val': 0.2669347439703185, 'hidden_size': 15, 'dropout': 0.15730352181611984, 'hidden_continuous_size': 7, 'attention_head_size': 1, 'learning_rate': 0.03262632046403801}. Best is trial 18 with value: 23.559431076049805.
LOCAL_RANK: 0 - CUDA_VISIBLE_DEVICES: [0]
[I 2023-12-16 14:01:48,098] Trial 31 finished with value: 68.3006362915039 and parameters: {'gradient_clip_val': 0.3660501956869642, 'hidden_size': 7, 'dropout': 0.12549970669776497, 'hidden_continuous_size': 5, 'attention_head_size': 2, 'learning_rate': 0.08256748841092261}. Best is trial 18 with value: 23.559431076049805.
LOCAL_RANK: 0 - CUDA_VISIBLE_DEVICES: [0]
[I 2023-12-16 14:02:32,092] Trial 32 finished with value: 55.33916091918945 and parameters: {'gradient_clip_val': 0.35621469693086494, 'hidden_size': 6, 'dropout': 0.138301322623039, 'hidden_continuous_size': 5, 'attention_head_size': 2, 'learning_rate': 0.09945652738260102}. Best is trial 18 with value: 23.559431076049805.
LOCAL_RANK: 0 - CUDA_VISIBLE_DEVICES: [0]
[I 2023-12-16 14:03:17,241] Trial 33 finished with value: 39.75632858276367 and parameters: {'gradient_clip_val': 0.43567681307881656, 'hidden_size': 9, 'dropout': 0.12032709666494451, 'hidden_continuous_size': 6, 'attention_head_size': 4, 'learning_rate': 0.0682380591890816}. Best is trial 18 with value: 23.559431076049805.
LOCAL_RANK: 0 - CUDA_VISIBLE_DEVICES: [0]
[I 2023-12-16 14:03:50,177] Trial 34 finished with value: 24.927169799804688 and parameters: {'gradient_clip_val': 0.3668426460111174, 'hidden_size': 5, 'dropout': 0.14285154971565706, 'hidden_continuous_size': 5, 'attention_head_size': 2, 'learning_rate': 0.05970759295204233}. Best is trial 18 with value: 23.559431076049805.
LOCAL_RANK: 0 - CUDA_VISIBLE_DEVICES: [0]
[I 2023-12-16 14:04:23,682] Trial 35 finished with value: 34.929405212402344 and parameters: {'gradient_clip_val': 0.3065066127852381, 'hidden_size': 5, 'dropout': 0.10066453738161733, 'hidden_continuous_size': 5, 'attention_head_size': 3, 'learning_rate': 0.045714462860005946}. Best is trial 18 with value: 23.559431076049805.
LOCAL_RANK: 0 - CUDA_VISIBLE_DEVICES: [0]
[I 2023-12-16 14:05:08,031] Trial 36 finished with value: 33.047733306884766 and parameters: {'gradient_clip_val': 0.5593867544347154, 'hidden_size': 6, 'dropout': 0.19077462219553382, 'hidden_continuous_size': 5, 'attention_head_size': 2, 'learning_rate': 0.054894010115034995}. Best is trial 18 with value: 23.559431076049805.
LOCAL_RANK: 0 - CUDA_VISIBLE_DEVICES: [0]
[I 2023-12-16 14:05:40,586] Trial 37 finished with value: 27.9746036529541 and parameters: {'gradient_clip_val': 0.6391069416916485, 'hidden_size': 5, 'dropout': 0.1473075177997931, 'hidden_continuous_size': 5, 'attention_head_size': 1, 'learning_rate': 0.06553794068793418}. Best is trial 18 with value: 23.559431076049805.
LOCAL_RANK: 0 - CUDA_VISIBLE_DEVICES: [0]
[I 2023-12-16 14:06:24,040] Trial 38 finished with value: 32.668697357177734 and parameters: {'gradient_clip_val': 0.4745804874924049, 'hidden_size': 12, 'dropout': 0.20504605059840414, 'hidden_continuous_size': 7, 'attention_head_size': 2, 'learning_rate': 0.03965784925363277}. Best is trial 18 with value: 23.559431076049805.
LOCAL_RANK: 0 - CUDA_VISIBLE_DEVICES: [0]
[I 2023-12-16 14:07:08,719] Trial 39 finished with value: 27.245431900024414 and parameters: {'gradient_clip_val': 0.17468921352326217, 'hidden_size': 6, 'dropout': 0.16049050593705155, 'hidden_continuous_size': 5, 'attention_head_size': 3, 'learning_rate': 0.031363426684100595}. Best is trial 18 with value: 23.559431076049805.
LOCAL_RANK: 0 - CUDA_VISIBLE_DEVICES: [0]
[I 2023-12-16 14:07:53,073] Trial 40 finished with value: 32.877925872802734 and parameters: {'gradient_clip_val': 0.2410101292789882, 'hidden_size': 16, 'dropout': 0.1706099477681322, 'hidden_continuous_size': 9, 'attention_head_size': 1, 'learning_rate': 0.04744250281575995}. Best is trial 18 with value: 23.559431076049805.
LOCAL_RANK: 0 - CUDA_VISIBLE_DEVICES: [0]
[I 2023-12-16 14:08:37,067] Trial 41 finished with value: 25.398916244506836 and parameters: {'gradient_clip_val': 0.35670815511692194, 'hidden_size': 7, 'dropout': 0.12371698814548221, 'hidden_continuous_size': 5, 'attention_head_size': 2, 'learning_rate': 0.06667452192700286}. Best is trial 18 with value: 23.559431076049805.
LOCAL_RANK: 0 - CUDA_VISIBLE_DEVICES: [0]
[I 2023-12-16 14:09:09,795] Trial 42 finished with value: 39.527706146240234 and parameters: {'gradient_clip_val': 0.33728401385050266, 'hidden_size': 5, 'dropout': 0.12200781042825637, 'hidden_continuous_size': 5, 'attention_head_size': 2, 'learning_rate': 0.06254196527513683}. Best is trial 18 with value: 23.559431076049805.
LOCAL_RANK: 0 - CUDA_VISIBLE_DEVICES: [0]
[I 2023-12-16 14:09:54,941] Trial 43 finished with value: 31.321855545043945 and parameters: {'gradient_clip_val': 0.4220836697412203, 'hidden_size': 9, 'dropout': 0.11339795356054111, 'hidden_continuous_size': 7, 'attention_head_size': 2, 'learning_rate': 0.06845429398128947}. Best is trial 18 with value: 23.559431076049805.
LOCAL_RANK: 0 - CUDA_VISIBLE_DEVICES: [0]
[I 2023-12-16 14:10:38,786] Trial 44 finished with value: 32.70156478881836 and parameters: {'gradient_clip_val': 0.2938686267149597, 'hidden_size': 7, 'dropout': 0.14563488472597075, 'hidden_continuous_size': 5, 'attention_head_size': 2, 'learning_rate': 0.04090162541875639}. Best is trial 18 with value: 23.559431076049805.
LOCAL_RANK: 0 - CUDA_VISIBLE_DEVICES: [0]
[I 2023-12-16 14:11:22,019] Trial 45 finished with value: 35.988216400146484 and parameters: {'gradient_clip_val': 0.3768628097497269, 'hidden_size': 8, 'dropout': 0.1131013197205552, 'hidden_continuous_size': 6, 'attention_head_size': 2, 'learning_rate': 0.051136293305227905}. Best is trial 18 with value: 23.559431076049805.
LOCAL_RANK: 0 - CUDA_VISIBLE_DEVICES: [0]
[I 2023-12-16 14:11:54,478] Trial 46 finished with value: 40.09611511230469 and parameters: {'gradient_clip_val': 0.3291410522000436, 'hidden_size': 5, 'dropout': 0.14434730317196598, 'hidden_continuous_size': 5, 'attention_head_size': 1, 'learning_rate': 0.032700657337770105}. Best is trial 18 with value: 23.559431076049805.
LOCAL_RANK: 0 - CUDA_VISIBLE_DEVICES: [0]
[I 2023-12-16 14:12:42,872] Trial 47 finished with value: 33.30253601074219 and parameters: {'gradient_clip_val': 0.2736326691734704, 'hidden_size': 22, 'dropout': 0.18083432553098217, 'hidden_continuous_size': 10, 'attention_head_size': 4, 'learning_rate': 0.0742921305475735}. Best is trial 18 with value: 23.559431076049805.
LOCAL_RANK: 0 - CUDA_VISIBLE_DEVICES: [0]
[I 2023-12-16 14:13:27,469] Trial 48 finished with value: 67.75499725341797 and parameters: {'gradient_clip_val': 0.40142367257000056, 'hidden_size': 6, 'dropout': 0.11352095132128248, 'hidden_continuous_size': 5, 'attention_head_size': 3, 'learning_rate': 0.09954955249157492}. Best is trial 18 with value: 23.559431076049805.
LOCAL_RANK: 0 - CUDA_VISIBLE_DEVICES: [0]
[I 2023-12-16 14:14:12,039] Trial 49 finished with value: 32.77615737915039 and parameters: {'gradient_clip_val': 0.44030832631717204, 'hidden_size': 11, 'dropout': 0.13374898653335404, 'hidden_continuous_size': 6, 'attention_head_size': 2, 'learning_rate': 0.019643590138865633}. Best is trial 18 with value: 23.559431076049805.
