[I 2023-12-26 17:01:57,164] Trial 19 finished with value: 3.685497522354126 and parameters: {'gradient_clip_val': 0.650719112458836, 'hidden_size': 79, 'dropout': 0.40479644745781157, 'hidden_continuous_size': 52, 'attention_head_size': 2, 'learning_rate': 0.002071465808475731}. Best is trial 0 with value: 0.12577566504478455.
[I 2023-12-26 17:01:59,638] Trial 20 finished with value: 3.751629114151001 and parameters: {'gradient_clip_val': 0.4273813395887195, 'hidden_size': 24, 'dropout': 0.49075808535775145, 'hidden_continuous_size': 9, 'attention_head_size': 4, 'learning_rate': 0.0010385184503396369}. Best is trial 0 with value: 0.12577566504478455.
[I 2023-12-26 17:02:02,827] Trial 21 finished with value: 3.0337750911712646 and parameters: {'gradient_clip_val': 0.5048337428918066, 'hidden_size': 39, 'dropout': 0.3392315059601467, 'hidden_continuous_size': 15, 'attention_head_size': 3, 'learning_rate': 0.0034119539281081113}. Best is trial 0 with value: 0.12577566504478455.
[I 2023-12-26 17:02:05,211] Trial 22 finished with value: 2.3651070594787598 and parameters: {'gradient_clip_val': 0.6245629845264764, 'hidden_size': 20, 'dropout': 0.38482116751955814, 'hidden_continuous_size': 8, 'attention_head_size': 3, 'learning_rate': 0.0005341722399059377}. Best is trial 0 with value: 0.12577566504478455.
[I 2023-12-26 17:02:07,704] Trial 23 finished with value: 3.136704683303833 and parameters: {'gradient_clip_val': 0.7555048751703899, 'hidden_size': 23, 'dropout': 0.4067345824375674, 'hidden_continuous_size': 9, 'attention_head_size': 2, 'learning_rate': 0.0006393688927804516}. Best is trial 0 with value: 0.12577566504478455.
[I 2023-12-26 17:02:10,646] Trial 24 finished with value: 4.06013298034668 and parameters: {'gradient_clip_val': 0.6444142912162824, 'hidden_size': 31, 'dropout': 0.4196347803176693, 'hidden_continuous_size': 11, 'attention_head_size': 4, 'learning_rate': 0.0005040330735211498}. Best is trial 0 with value: 0.12577566504478455.
[I 2023-12-26 17:02:12,987] Trial 25 finished with value: 3.7161357402801514 and parameters: {'gradient_clip_val': 0.8544808952626197, 'hidden_size': 20, 'dropout': 0.45294834236086823, 'hidden_continuous_size': 8, 'attention_head_size': 3, 'learning_rate': 0.0014602037542791734}. Best is trial 0 with value: 0.12577566504478455.
[I 2023-12-26 17:02:15,742] Trial 26 finished with value: 4.296957492828369 and parameters: {'gradient_clip_val': 0.6582076127026051, 'hidden_size': 29, 'dropout': 0.3384667007647082, 'hidden_continuous_size': 13, 'attention_head_size': 2, 'learning_rate': 0.0008058833542265084}. Best is trial 0 with value: 0.12577566504478455.
[I 2023-12-26 17:02:18,840] Trial 27 finished with value: 2.9581258296966553 and parameters: {'gradient_clip_val': 0.437356610647134, 'hidden_size': 40, 'dropout': 0.3818398169551884, 'hidden_continuous_size': 11, 'attention_head_size': 3, 'learning_rate': 0.0007725282892301512}. Best is trial 0 with value: 0.12577566504478455.
[I 2023-12-26 17:02:21,181] Trial 28 finished with value: 3.415010452270508 and parameters: {'gradient_clip_val': 0.8629569140578649, 'hidden_size': 18, 'dropout': 0.3087475845516557, 'hidden_continuous_size': 10, 'attention_head_size': 4, 'learning_rate': 0.0012985154610597413}. Best is trial 0 with value: 0.12577566504478455.
[I 2023-12-26 17:02:23,702] Trial 29 finished with value: 3.673856735229492 and parameters: {'gradient_clip_val': 0.3334698466759676, 'hidden_size': 15, 'dropout': 0.24246028996533844, 'hidden_continuous_size': 8, 'attention_head_size': 1, 'learning_rate': 0.0016547761984886135}. Best is trial 0 with value: 0.12577566504478455.
[I 2023-12-26 17:02:25,915] Trial 30 finished with value: 3.7269651889801025 and parameters: {'gradient_clip_val': 0.47552392559761886, 'hidden_size': 13, 'dropout': 0.21515976279133547, 'hidden_continuous_size': 8, 'attention_head_size': 3, 'learning_rate': 0.0008483530816252485}. Best is trial 0 with value: 0.12577566504478455.
[I 2023-12-26 17:02:29,195] Trial 31 finished with value: 3.758074998855591 and parameters: {'gradient_clip_val': 0.5850542718986936, 'hidden_size': 41, 'dropout': 0.3857630298174608, 'hidden_continuous_size': 10, 'attention_head_size': 3, 'learning_rate': 0.000738422626959483}. Best is trial 0 with value: 0.12577566504478455.
[I 2023-12-26 17:02:31,889] Trial 32 finished with value: 3.4102108478546143 and parameters: {'gradient_clip_val': 0.4572467684976244, 'hidden_size': 27, 'dropout': 0.4312420180437001, 'hidden_continuous_size': 10, 'attention_head_size': 3, 'learning_rate': 0.0005870227933508259}. Best is trial 0 with value: 0.12577566504478455.
[I 2023-12-26 17:02:36,968] Trial 33 finished with value: 4.290390968322754 and parameters: {'gradient_clip_val': 0.38575613497535466, 'hidden_size': 63, 'dropout': 0.38647691547000257, 'hidden_continuous_size': 12, 'attention_head_size': 2, 'learning_rate': 0.0009473061473564024}. Best is trial 0 with value: 0.12577566504478455.
[I 2023-12-26 17:02:40,414] Trial 34 finished with value: 4.64558744430542 and parameters: {'gradient_clip_val': 0.4696833829144504, 'hidden_size': 43, 'dropout': 0.4710396729297044, 'hidden_continuous_size': 16, 'attention_head_size': 1, 'learning_rate': 0.0007879228476082897}. Best is trial 0 with value: 0.12577566504478455.
[I 2023-12-26 17:02:43,430] Trial 35 finished with value: 3.3616371154785156 and parameters: {'gradient_clip_val': 0.2878718631988665, 'hidden_size': 34, 'dropout': 0.35378389236433233, 'hidden_continuous_size': 11, 'attention_head_size': 3, 'learning_rate': 0.0012502363066764785}. Best is trial 0 with value: 0.12577566504478455.
[I 2023-12-26 17:02:45,862] Trial 36 finished with value: 4.11100435256958 and parameters: {'gradient_clip_val': 0.5931802919357384, 'hidden_size': 21, 'dropout': 0.3923644112907735, 'hidden_continuous_size': 9, 'attention_head_size': 2, 'learning_rate': 0.0020377344538529407}. Best is trial 0 with value: 0.12577566504478455.
[I 2023-12-26 17:02:48,566] Trial 37 finished with value: 3.0803143978118896 and parameters: {'gradient_clip_val': 0.37710991070325695, 'hidden_size': 25, 'dropout': 0.3245841485948977, 'hidden_continuous_size': 13, 'attention_head_size': 4, 'learning_rate': 0.0006296906458833542}. Best is trial 0 with value: 0.12577566504478455.
[I 2023-12-26 17:02:52,118] Trial 38 finished with value: 4.383601188659668 and parameters: {'gradient_clip_val': 0.4857462136156537, 'hidden_size': 45, 'dropout': 0.2812235105778809, 'hidden_continuous_size': 17, 'attention_head_size': 2, 'learning_rate': 0.0027179182995142005}. Best is trial 0 with value: 0.12577566504478455.
[I 2023-12-26 17:02:55,102] Trial 39 finished with value: 2.96728515625 and parameters: {'gradient_clip_val': 0.7023437820727579, 'hidden_size': 34, 'dropout': 0.3504012863195307, 'hidden_continuous_size': 14, 'attention_head_size': 1, 'learning_rate': 0.0005106412897222688}. Best is trial 0 with value: 0.12577566504478455.
[I 2023-12-26 17:02:57,780] Trial 40 finished with value: 3.7638614177703857 and parameters: {'gradient_clip_val': 0.2820365152141858, 'hidden_size': 27, 'dropout': 0.4349680135504075, 'hidden_continuous_size': 10, 'attention_head_size': 3, 'learning_rate': 0.0009849444679911007}. Best is trial 0 with value: 0.12577566504478455.
[I 2023-12-26 17:03:01,073] Trial 41 finished with value: 3.4275429248809814 and parameters: {'gradient_clip_val': 0.7193659056811007, 'hidden_size': 35, 'dropout': 0.3498592834669994, 'hidden_continuous_size': 14, 'attention_head_size': 1, 'learning_rate': 0.0006225488431744062}. Best is trial 0 with value: 0.12577566504478455.
[I 2023-12-26 17:03:03,811] Trial 42 finished with value: 3.9749069213867188 and parameters: {'gradient_clip_val': 0.6002408534115384, 'hidden_size': 32, 'dropout': 0.35709414499371556, 'hidden_continuous_size': 19, 'attention_head_size': 1, 'learning_rate': 0.0008224151945855112}. Best is trial 0 with value: 0.12577566504478455.
[I 2023-12-26 17:03:07,353] Trial 43 finished with value: 3.734189033508301 and parameters: {'gradient_clip_val': 0.7152019435208649, 'hidden_size': 48, 'dropout': 0.4012022419247032, 'hidden_continuous_size': 13, 'attention_head_size': 1, 'learning_rate': 0.0005184829702539162}. Best is trial 0 with value: 0.12577566504478455.
[I 2023-12-26 17:03:10,581] Trial 44 finished with value: 3.3879554271698 and parameters: {'gradient_clip_val': 0.5287665979309046, 'hidden_size': 39, 'dropout': 0.37711302193881513, 'hidden_continuous_size': 25, 'attention_head_size': 2, 'learning_rate': 0.0007524035058039029}. Best is trial 0 with value: 0.12577566504478455.
[I 2023-12-26 17:03:14,808] Trial 45 finished with value: 1.862379550933838 and parameters: {'gradient_clip_val': 0.8249036409310766, 'hidden_size': 58, 'dropout': 0.32393098264813924, 'hidden_continuous_size': 7, 'attention_head_size': 1, 'learning_rate': 0.0011727487464832345}. Best is trial 0 with value: 0.12577566504478455.
[I 2023-12-26 17:03:19,087] Trial 46 finished with value: 4.285584449768066 and parameters: {'gradient_clip_val': 0.8070627187139608, 'hidden_size': 63, 'dropout': 0.3058547614224841, 'hidden_continuous_size': 7, 'attention_head_size': 3, 'learning_rate': 0.0013156281831956346}. Best is trial 0 with value: 0.12577566504478455.
[I 2023-12-26 17:03:24,880] Trial 47 finished with value: 3.179271697998047 and parameters: {'gradient_clip_val': 0.8929356098874283, 'hidden_size': 75, 'dropout': 0.3234009607404298, 'hidden_continuous_size': 6, 'attention_head_size': 2, 'learning_rate': 0.0016964280510955538}. Best is trial 0 with value: 0.12577566504478455.
[I 2023-12-26 17:03:28,821] Trial 48 finished with value: 4.428216457366943 and parameters: {'gradient_clip_val': 0.7576753851112537, 'hidden_size': 52, 'dropout': 0.2869885260203611, 'hidden_continuous_size': 7, 'attention_head_size': 3, 'learning_rate': 0.0011112547776611606}. Best is trial 0 with value: 0.12577566504478455.
[I 2023-12-26 17:03:32,353] Trial 49 finished with value: 3.197570562362671 and parameters: {'gradient_clip_val': 0.5852526961311307, 'hidden_size': 46, 'dropout': 0.14068712237137765, 'hidden_continuous_size': 8, 'attention_head_size': 4, 'learning_rate': 0.000959242372619342}. Best is trial 0 with value: 0.12577566504478455.
[I 2023-12-26 17:03:32,503] A new study created in memory with name: no-name-6b5e8d35-4ab3-4614-8dff-07c6ac54bbad
/home/le004/conda/anaconda3/envs/tsff_env/lib/python3.9/site-packages/lightning/fabric/plugins/environments/slurm.py:191: The `srun` command is available on your system but is not used. HINT: If your intention is to run Lightning on SLURM, prepend your python command with `srun` like so: srun python /home/le004/master_thesis/git/TSFusionForecast/code/ ...
[I 2023-12-26 17:06:32,196] Trial 0 finished with value: 4550.71630859375 and parameters: {'gradient_clip_val': 0.7198279515073951, 'hidden_size': 22, 'dropout': 0.4446343165177655, 'hidden_continuous_size': 7, 'attention_head_size': 1, 'learning_rate': 0.004804828859392273}. Best is trial 0 with value: 4550.71630859375.
[I 2023-12-26 17:06:34,103] Trial 1 finished with value: 15359.4296875 and parameters: {'gradient_clip_val': 0.7332745270280709, 'hidden_size': 5, 'dropout': 0.1891157350059631, 'hidden_continuous_size': 5, 'attention_head_size': 4, 'learning_rate': 0.026259954105339302}. Best is trial 0 with value: 4550.71630859375.
[I 2023-12-26 17:06:35,966] Trial 2 finished with value: 17577.291015625 and parameters: {'gradient_clip_val': 0.11219349141005766, 'hidden_size': 5, 'dropout': 0.1238470274521827, 'hidden_continuous_size': 5, 'attention_head_size': 3, 'learning_rate': 0.014619524944901105}. Best is trial 0 with value: 4550.71630859375.
[I 2023-12-26 17:06:38,701] Trial 3 finished with value: 16502.81640625 and parameters: {'gradient_clip_val': 0.5148117025376469, 'hidden_size': 28, 'dropout': 0.41879988545931723, 'hidden_continuous_size': 7, 'attention_head_size': 3, 'learning_rate': 0.06655311754615922}. Best is trial 0 with value: 4550.71630859375.
[I 2023-12-26 17:06:41,477] Trial 4 finished with value: 13139.8232421875 and parameters: {'gradient_clip_val': 0.17524827074376634, 'hidden_size': 29, 'dropout': 0.10154976333229655, 'hidden_continuous_size': 5, 'attention_head_size': 3, 'learning_rate': 0.08553465540898468}. Best is trial 0 with value: 4550.71630859375.
[I 2023-12-26 17:06:43,804] Trial 5 finished with value: 15890.9755859375 and parameters: {'gradient_clip_val': 0.9857712767462613, 'hidden_size': 19, 'dropout': 0.1154488148171335, 'hidden_continuous_size': 12, 'attention_head_size': 2, 'learning_rate': 0.001780291687784768}. Best is trial 0 with value: 4550.71630859375.
[I 2023-12-26 17:06:46,920] Trial 6 finished with value: 18276.70703125 and parameters: {'gradient_clip_val': 0.19233556062666102, 'hidden_size': 38, 'dropout': 0.260611944007326, 'hidden_continuous_size': 38, 'attention_head_size': 2, 'learning_rate': 0.0013989012500881502}. Best is trial 0 with value: 4550.71630859375.
[I 2023-12-26 17:06:49,008] Trial 7 finished with value: 17781.861328125 and parameters: {'gradient_clip_val': 0.16532053405357738, 'hidden_size': 5, 'dropout': 0.36144458089448417, 'hidden_continuous_size': 5, 'attention_head_size': 2, 'learning_rate': 0.0017646727305022445}. Best is trial 0 with value: 4550.71630859375.
[I 2023-12-26 17:06:54,768] Trial 8 finished with value: 16593.908203125 and parameters: {'gradient_clip_val': 0.12618568604885907, 'hidden_size': 79, 'dropout': 0.23418610489883998, 'hidden_continuous_size': 9, 'attention_head_size': 1, 'learning_rate': 0.0011958979447552868}. Best is trial 0 with value: 4550.71630859375.
[I 2023-12-26 17:06:56,810] Trial 9 finished with value: 13034.203125 and parameters: {'gradient_clip_val': 0.2003916847884465, 'hidden_size': 6, 'dropout': 0.39908072136209705, 'hidden_continuous_size': 5, 'attention_head_size': 3, 'learning_rate': 0.055851437513012546}. Best is trial 0 with value: 4550.71630859375.
[I 2023-12-26 17:07:06,449] Trial 10 finished with value: 17178.052734375 and parameters: {'gradient_clip_val': 0.38708664706466833, 'hidden_size': 120, 'dropout': 0.49046956946959036, 'hidden_continuous_size': 104, 'attention_head_size': 1, 'learning_rate': 0.005636741851683276}. Best is trial 0 with value: 4550.71630859375.
[I 2023-12-26 17:07:08,685] Trial 11 finished with value: 20513.048828125 and parameters: {'gradient_clip_val': 0.3239112530477492, 'hidden_size': 12, 'dropout': 0.3591940202565204, 'hidden_continuous_size': 6, 'attention_head_size': 4, 'learning_rate': 0.005515043816390432}. Best is trial 0 with value: 4550.71630859375.
[I 2023-12-26 17:07:10,833] Trial 12 finished with value: 20559.31640625 and parameters: {'gradient_clip_val': 0.24037405390585026, 'hidden_size': 11, 'dropout': 0.49948184365706116, 'hidden_continuous_size': 6, 'attention_head_size': 1, 'learning_rate': 0.01273174112189789}. Best is trial 0 with value: 4550.71630859375.
[I 2023-12-26 17:07:13,005] Trial 13 finished with value: 21958.310546875 and parameters: {'gradient_clip_val': 0.4749164562797452, 'hidden_size': 11, 'dropout': 0.4183573514917342, 'hidden_continuous_size': 6, 'attention_head_size': 3, 'learning_rate': 0.03874829735077579}. Best is trial 0 with value: 4550.71630859375.
[I 2023-12-26 17:07:16,462] Trial 14 finished with value: 18152.080078125 and parameters: {'gradient_clip_val': 0.26241464783362184, 'hidden_size': 48, 'dropout': 0.3345760047896288, 'hidden_continuous_size': 9, 'attention_head_size': 2, 'learning_rate': 0.0005960046408131343}. Best is trial 0 with value: 4550.71630859375.
[I 2023-12-26 17:07:18,872] Trial 15 finished with value: 16595.548828125 and parameters: {'gradient_clip_val': 0.68905274391831, 'hidden_size': 19, 'dropout': 0.44028203292581963, 'hidden_continuous_size': 7, 'attention_head_size': 4, 'learning_rate': 0.09765086286572025}. Best is trial 0 with value: 4550.71630859375.
[I 2023-12-26 17:07:20,847] Trial 16 finished with value: 16008.8583984375 and parameters: {'gradient_clip_val': 0.3328685372963053, 'hidden_size': 8, 'dropout': 0.3796038787622245, 'hidden_continuous_size': 5, 'attention_head_size': 1, 'learning_rate': 0.0036175484633870353}. Best is trial 0 with value: 4550.71630859375.
[I 2023-12-26 17:07:23,154] Trial 17 finished with value: 11883.73828125 and parameters: {'gradient_clip_val': 0.2494768063369019, 'hidden_size': 18, 'dropout': 0.3064967447697128, 'hidden_continuous_size': 7, 'attention_head_size': 2, 'learning_rate': 0.01164317788171672}. Best is trial 0 with value: 4550.71630859375.
[I 2023-12-26 17:07:25,463] Trial 18 finished with value: 14482.2421875 and parameters: {'gradient_clip_val': 0.4135115645093993, 'hidden_size': 20, 'dropout': 0.30269263343969477, 'hidden_continuous_size': 8, 'attention_head_size': 1, 'learning_rate': 0.010787873593439088}. Best is trial 0 with value: 4550.71630859375.
[I 2023-12-26 17:07:28,030] Trial 19 finished with value: 15833.0146484375 and parameters: {'gradient_clip_val': 0.27679503744728784, 'hidden_size': 14, 'dropout': 0.2976601916965332, 'hidden_continuous_size': 7, 'attention_head_size': 2, 'learning_rate': 0.021663479972910092}. Best is trial 0 with value: 4550.71630859375.
[I 2023-12-26 17:07:31,665] Trial 20 finished with value: 21201.96875 and parameters: {'gradient_clip_val': 0.5472482780724577, 'hidden_size': 46, 'dropout': 0.4510723317481038, 'hidden_continuous_size': 11, 'attention_head_size': 1, 'learning_rate': 0.007997143330695428}. Best is trial 0 with value: 4550.71630859375.
[I 2023-12-26 17:07:33,761] Trial 21 finished with value: 17423.439453125 and parameters: {'gradient_clip_val': 0.21721330312647585, 'hidden_size': 7, 'dropout': 0.39215581505342245, 'hidden_continuous_size': 5, 'attention_head_size': 3, 'learning_rate': 0.045742496658674546}. Best is trial 0 with value: 4550.71630859375.
[I 2023-12-26 17:07:35,766] Trial 22 finished with value: 17709.162109375 and parameters: {'gradient_clip_val': 0.2901211548603582, 'hidden_size': 8, 'dropout': 0.4072927206890001, 'hidden_continuous_size': 6, 'attention_head_size': 2, 'learning_rate': 0.02061466149749909}. Best is trial 0 with value: 4550.71630859375.
[I 2023-12-26 17:07:37,896] Trial 23 finished with value: 18324.7421875 and parameters: {'gradient_clip_val': 0.21169410751894818, 'hidden_size': 16, 'dropout': 0.4537777407514027, 'hidden_continuous_size': 6, 'attention_head_size': 3, 'learning_rate': 0.003836472132059828}. Best is trial 0 with value: 4550.71630859375.
[I 2023-12-26 17:07:40,306] Trial 24 finished with value: 18259.892578125 and parameters: {'gradient_clip_val': 0.3441688514182785, 'hidden_size': 24, 'dropout': 0.3372262162762154, 'hidden_continuous_size': 8, 'attention_head_size': 2, 'learning_rate': 0.036868877126866234}. Best is trial 0 with value: 4550.71630859375.
[I 2023-12-26 17:07:42,628] Trial 25 finished with value: 19328.041015625 and parameters: {'gradient_clip_val': 0.14760378457642515, 'hidden_size': 15, 'dropout': 0.38786962134656583, 'hidden_continuous_size': 7, 'attention_head_size': 3, 'learning_rate': 0.009005182140252753}. Best is trial 0 with value: 4550.71630859375.
[I 2023-12-26 17:07:44,777] Trial 26 finished with value: 15410.7158203125 and parameters: {'gradient_clip_val': 0.2385456153825107, 'hidden_size': 11, 'dropout': 0.4686751088324811, 'hidden_continuous_size': 6, 'attention_head_size': 2, 'learning_rate': 0.0536890481066764}. Best is trial 0 with value: 4550.71630859375.
[I 2023-12-26 17:07:47,145] Trial 27 finished with value: 21085.732421875 and parameters: {'gradient_clip_val': 0.283715407990492, 'hidden_size': 24, 'dropout': 0.4326460998580631, 'hidden_continuous_size': 8, 'attention_head_size': 1, 'learning_rate': 0.02827195085831675}. Best is trial 0 with value: 4550.71630859375.
[I 2023-12-26 17:07:49,192] Trial 28 finished with value: 16022.17578125 and parameters: {'gradient_clip_val': 0.19855137063977074, 'hidden_size': 7, 'dropout': 0.4703582603777436, 'hidden_continuous_size': 5, 'attention_head_size': 2, 'learning_rate': 0.016281855805492487}. Best is trial 0 with value: 4550.71630859375.
[I 2023-12-26 17:07:51,360] Trial 29 finished with value: 19294.533203125 and parameters: {'gradient_clip_val': 0.9898955601449867, 'hidden_size': 9, 'dropout': 0.4042401764457593, 'hidden_continuous_size': 5, 'attention_head_size': 4, 'learning_rate': 0.023863186085248737}. Best is trial 0 with value: 4550.71630859375.
[I 2023-12-26 17:07:53,700] Trial 30 finished with value: 20746.912109375 and parameters: {'gradient_clip_val': 0.6322876255457179, 'hidden_size': 6, 'dropout': 0.430209091622536, 'hidden_continuous_size': 5, 'attention_head_size': 3, 'learning_rate': 0.010685708261484737}. Best is trial 0 with value: 4550.71630859375.
[I 2023-12-26 17:07:56,519] Trial 31 finished with value: 19908.26171875 and parameters: {'gradient_clip_val': 0.17200191788890148, 'hidden_size': 30, 'dropout': 0.17095604847963064, 'hidden_continuous_size': 6, 'attention_head_size': 3, 'learning_rate': 0.09341850669115448}. Best is trial 0 with value: 4550.71630859375.
[I 2023-12-26 17:07:59,521] Trial 32 finished with value: 12867.171875 and parameters: {'gradient_clip_val': 0.13565369841492475, 'hidden_size': 34, 'dropout': 0.18064470043550354, 'hidden_continuous_size': 10, 'attention_head_size': 4, 'learning_rate': 0.06078061171617195}. Best is trial 0 with value: 4550.71630859375.
[I 2023-12-26 17:08:02,580] Trial 33 finished with value: 22213.494140625 and parameters: {'gradient_clip_val': 0.10407103742644644, 'hidden_size': 36, 'dropout': 0.16514596434556786, 'hidden_continuous_size': 10, 'attention_head_size': 4, 'learning_rate': 0.06488934633951118}. Best is trial 0 with value: 4550.71630859375.
[I 2023-12-26 17:08:04,484] Trial 34 finished with value: 18278.375 and parameters: {'gradient_clip_val': 0.14750099834775465, 'hidden_size': 5, 'dropout': 0.22181322857414792, 'hidden_continuous_size': 5, 'attention_head_size': 4, 'learning_rate': 0.03167942393011001}. Best is trial 0 with value: 4550.71630859375.
