[I 2023-12-27 11:08:29,239] Trial 8 finished with value: 2.0691630840301514 and parameters: {'gradient_clip_val': 0.7845686668445512, 'hidden_size': 40, 'dropout': 0.218955164414494, 'hidden_continuous_size': 15, 'attention_head_size': 2, 'learning_rate': 0.0006992736904348388}. Best is trial 0 with value: 0.3004581928253174.
[I 2023-12-27 11:08:29,608] Trial 9 finished with value: 2.190034866333008 and parameters: {'gradient_clip_val': 0.16080489509007448, 'hidden_size': 29, 'dropout': 0.23179119126230355, 'hidden_continuous_size': 7, 'attention_head_size': 3, 'learning_rate': 0.06280916109281878}. Best is trial 0 with value: 0.3004581928253174.
[I 2023-12-27 11:08:29,933] Trial 10 finished with value: 2.1015801429748535 and parameters: {'gradient_clip_val': 0.21412003029471144, 'hidden_size': 5, 'dropout': 0.34291005150923093, 'hidden_continuous_size': 5, 'attention_head_size': 1, 'learning_rate': 0.021468670796500038}. Best is trial 0 with value: 0.3004581928253174.
[I 2023-12-27 11:08:30,379] Trial 11 finished with value: 1.9252840280532837 and parameters: {'gradient_clip_val': 0.12001853477668767, 'hidden_size': 57, 'dropout': 0.1128472551730908, 'hidden_continuous_size': 54, 'attention_head_size': 2, 'learning_rate': 0.011094186590713054}. Best is trial 0 with value: 0.3004581928253174.
[I 2023-12-27 11:08:30,972] Trial 12 finished with value: 2.3819329738616943 and parameters: {'gradient_clip_val': 0.2660455158460067, 'hidden_size': 147, 'dropout': 0.495033789757883, 'hidden_continuous_size': 48, 'attention_head_size': 4, 'learning_rate': 0.007294153345901993}. Best is trial 0 with value: 0.3004581928253174.
[I 2023-12-27 11:08:31,630] Trial 13 finished with value: 2.203881025314331 and parameters: {'gradient_clip_val': 0.323363327953035, 'hidden_size': 65, 'dropout': 0.33006458187597815, 'hidden_continuous_size': 29, 'attention_head_size': 2, 'learning_rate': 0.021322288703328637}. Best is trial 0 with value: 0.3004581928253174.
[I 2023-12-27 11:08:32,302] Trial 14 finished with value: 2.4910261631011963 and parameters: {'gradient_clip_val': 0.10258269269459977, 'hidden_size': 150, 'dropout': 0.26627680918977065, 'hidden_continuous_size': 125, 'attention_head_size': 3, 'learning_rate': 0.08555257016277584}. Best is trial 0 with value: 0.3004581928253174.
[I 2023-12-27 11:08:32,708] Trial 15 finished with value: 2.247892141342163 and parameters: {'gradient_clip_val': 0.19073015402351298, 'hidden_size': 41, 'dropout': 0.21029865776435613, 'hidden_continuous_size': 11, 'attention_head_size': 2, 'learning_rate': 0.011608167323745339}. Best is trial 0 with value: 0.3004581928253174.
[I 2023-12-27 11:08:33,156] Trial 16 finished with value: 2.419374704360962 and parameters: {'gradient_clip_val': 0.44808127475090387, 'hidden_size': 68, 'dropout': 0.15933443507216477, 'hidden_continuous_size': 11, 'attention_head_size': 4, 'learning_rate': 0.035274386244861594}. Best is trial 0 with value: 0.3004581928253174.
[I 2023-12-27 11:08:33,568] Trial 17 finished with value: 2.3194825649261475 and parameters: {'gradient_clip_val': 0.25198273454528475, 'hidden_size': 44, 'dropout': 0.3327671009648589, 'hidden_continuous_size': 9, 'attention_head_size': 3, 'learning_rate': 0.03371036291542752}. Best is trial 0 with value: 0.3004581928253174.
[I 2023-12-27 11:08:33,949] Trial 18 finished with value: 2.089777708053589 and parameters: {'gradient_clip_val': 0.15241835491550956, 'hidden_size': 25, 'dropout': 0.37964579750424565, 'hidden_continuous_size': 8, 'attention_head_size': 2, 'learning_rate': 0.005217008275232453}. Best is trial 0 with value: 0.3004581928253174.
[I 2023-12-27 11:08:34,434] Trial 19 finished with value: 2.5495219230651855 and parameters: {'gradient_clip_val': 0.31581656143871867, 'hidden_size': 92, 'dropout': 0.10139671052539884, 'hidden_continuous_size': 12, 'attention_head_size': 4, 'learning_rate': 0.01211880534423916}. Best is trial 0 with value: 0.3004581928253174.
[I 2023-12-27 11:08:34,816] Trial 20 finished with value: 1.9999303817749023 and parameters: {'gradient_clip_val': 0.990659781070195, 'hidden_size': 32, 'dropout': 0.29792780640304134, 'hidden_continuous_size': 9, 'attention_head_size': 3, 'learning_rate': 0.005420902310673786}. Best is trial 0 with value: 0.3004581928253174.
[I 2023-12-27 11:08:35,192] Trial 21 finished with value: 2.6959068775177 and parameters: {'gradient_clip_val': 0.4203406975251954, 'hidden_size': 19, 'dropout': 0.26252453518340996, 'hidden_continuous_size': 6, 'attention_head_size': 3, 'learning_rate': 0.0005958236154913086}. Best is trial 0 with value: 0.3004581928253174.
[I 2023-12-27 11:08:35,563] Trial 22 finished with value: 2.3616104125976562 and parameters: {'gradient_clip_val': 0.49483457724423213, 'hidden_size': 12, 'dropout': 0.3023121221711136, 'hidden_continuous_size': 6, 'attention_head_size': 3, 'learning_rate': 0.0009743675528286461}. Best is trial 0 with value: 0.3004581928253174.
[I 2023-12-27 11:08:35,947] Trial 23 finished with value: 1.796256422996521 and parameters: {'gradient_clip_val': 0.3517577011527703, 'hidden_size': 25, 'dropout': 0.18063799256769258, 'hidden_continuous_size': 7, 'attention_head_size': 3, 'learning_rate': 0.001531985846477711}. Best is trial 0 with value: 0.3004581928253174.
[I 2023-12-27 11:08:36,372] Trial 24 finished with value: 2.705808639526367 and parameters: {'gradient_clip_val': 0.5197096017291727, 'hidden_size': 54, 'dropout': 0.4564182635375501, 'hidden_continuous_size': 21, 'attention_head_size': 2, 'learning_rate': 0.0012590162962527022}. Best is trial 0 with value: 0.3004581928253174.
[I 2023-12-27 11:08:36,765] Trial 25 finished with value: 2.6705026626586914 and parameters: {'gradient_clip_val': 0.3689595320855136, 'hidden_size': 36, 'dropout': 0.37401680359135586, 'hidden_continuous_size': 10, 'attention_head_size': 3, 'learning_rate': 0.0006794836067015581}. Best is trial 0 with value: 0.3004581928253174.
[I 2023-12-27 11:08:37,156] Trial 26 finished with value: 1.5629897117614746 and parameters: {'gradient_clip_val': 0.2813955612604403, 'hidden_size': 26, 'dropout': 0.2587992974516896, 'hidden_continuous_size': 8, 'attention_head_size': 4, 'learning_rate': 0.007662713901976727}. Best is trial 0 with value: 0.3004581928253174.
[I 2023-12-27 11:08:37,796] Trial 27 finished with value: 2.058626890182495 and parameters: {'gradient_clip_val': 0.2664443573939322, 'hidden_size': 30, 'dropout': 0.25475659015052193, 'hidden_continuous_size': 8, 'attention_head_size': 4, 'learning_rate': 0.00802997982612672}. Best is trial 0 with value: 0.3004581928253174.
[I 2023-12-27 11:08:38,219] Trial 28 finished with value: 2.0350425243377686 and parameters: {'gradient_clip_val': 0.22573039490813218, 'hidden_size': 47, 'dropout': 0.18174000412467722, 'hidden_continuous_size': 13, 'attention_head_size': 4, 'learning_rate': 0.016705594783963655}. Best is trial 0 with value: 0.3004581928253174.
[I 2023-12-27 11:08:38,594] Trial 29 finished with value: 2.2142536640167236 and parameters: {'gradient_clip_val': 0.30596039990834667, 'hidden_size': 12, 'dropout': 0.4431719462294504, 'hidden_continuous_size': 5, 'attention_head_size': 1, 'learning_rate': 0.004724434710454073}. Best is trial 0 with value: 0.3004581928253174.
[I 2023-12-27 11:08:38,995] Trial 30 finished with value: 1.660485863685608 and parameters: {'gradient_clip_val': 0.17912953094340062, 'hidden_size': 37, 'dropout': 0.23393777791736145, 'hidden_continuous_size': 9, 'attention_head_size': 4, 'learning_rate': 0.008696033176908426}. Best is trial 0 with value: 0.3004581928253174.
[I 2023-12-27 11:08:39,420] Trial 31 finished with value: 2.54661226272583 and parameters: {'gradient_clip_val': 0.17900873842763593, 'hidden_size': 36, 'dropout': 0.23202287997358903, 'hidden_continuous_size': 9, 'attention_head_size': 4, 'learning_rate': 0.009099026640067318}. Best is trial 0 with value: 0.3004581928253174.
[I 2023-12-27 11:08:39,794] Trial 32 finished with value: 2.8202192783355713 and parameters: {'gradient_clip_val': 0.22639703944165107, 'hidden_size': 21, 'dropout': 0.20024508657767523, 'hidden_continuous_size': 8, 'attention_head_size': 4, 'learning_rate': 0.012477156591361734}. Best is trial 0 with value: 0.3004581928253174.
[I 2023-12-27 11:08:40,187] Trial 33 finished with value: 2.0452630519866943 and parameters: {'gradient_clip_val': 0.6327807204287355, 'hidden_size': 30, 'dropout': 0.2469271004352633, 'hidden_continuous_size': 10, 'attention_head_size': 4, 'learning_rate': 0.006820700633076831}. Best is trial 0 with value: 0.3004581928253174.
[I 2023-12-27 11:08:40,582] Trial 34 finished with value: 2.095005989074707 and parameters: {'gradient_clip_val': 0.19325093876295232, 'hidden_size': 23, 'dropout': 0.28194985803829026, 'hidden_continuous_size': 7, 'attention_head_size': 4, 'learning_rate': 0.015808972616797538}. Best is trial 0 with value: 0.3004581928253174.
[I 2023-12-27 11:08:41,031] Trial 35 finished with value: 2.1740777492523193 and parameters: {'gradient_clip_val': 0.1497735712885129, 'hidden_size': 76, 'dropout': 0.12567795095604767, 'hidden_continuous_size': 13, 'attention_head_size': 4, 'learning_rate': 0.003578876117963915}. Best is trial 0 with value: 0.3004581928253174.
[I 2023-12-27 11:08:41,453] Trial 36 finished with value: 2.271660327911377 and parameters: {'gradient_clip_val': 0.27321030066435903, 'hidden_size': 52, 'dropout': 0.14127710738135077, 'hidden_continuous_size': 5, 'attention_head_size': 3, 'learning_rate': 0.010407562286950701}. Best is trial 0 with value: 0.3004581928253174.
[I 2023-12-27 11:08:41,840] Trial 37 finished with value: 1.8764814138412476 and parameters: {'gradient_clip_val': 0.21458137909267533, 'hidden_size': 16, 'dropout': 0.4107896095998347, 'hidden_continuous_size': 6, 'attention_head_size': 4, 'learning_rate': 0.015158200383812366}. Best is trial 0 with value: 0.3004581928253174.
[I 2023-12-27 11:08:42,343] Trial 38 finished with value: 2.7230446338653564 and parameters: {'gradient_clip_val': 0.364389473546229, 'hidden_size': 108, 'dropout': 0.1637308405781589, 'hidden_continuous_size': 16, 'attention_head_size': 4, 'learning_rate': 0.008094457711204798}. Best is trial 0 with value: 0.3004581928253174.
[I 2023-12-27 11:08:42,739] Trial 39 finished with value: 2.2474892139434814 and parameters: {'gradient_clip_val': 0.16733525376978883, 'hidden_size': 35, 'dropout': 0.2332890527719489, 'hidden_continuous_size': 6, 'attention_head_size': 3, 'learning_rate': 0.027529462398960147}. Best is trial 0 with value: 0.3004581928253174.
[I 2023-12-27 11:08:43,355] Trial 40 finished with value: 1.8444823026657104 and parameters: {'gradient_clip_val': 0.14637777971403407, 'hidden_size': 19, 'dropout': 0.19528905280127004, 'hidden_continuous_size': 8, 'attention_head_size': 3, 'learning_rate': 0.0037315536694675034}. Best is trial 0 with value: 0.3004581928253174.
[I 2023-12-27 11:08:43,738] Trial 41 finished with value: 2.088096857070923 and parameters: {'gradient_clip_val': 0.5594864308424589, 'hidden_size': 28, 'dropout': 0.2834668612980577, 'hidden_continuous_size': 7, 'attention_head_size': 3, 'learning_rate': 0.0025230568217663673}. Best is trial 0 with value: 0.3004581928253174.
[I 2023-12-27 11:08:44,132] Trial 42 finished with value: 2.2058165073394775 and parameters: {'gradient_clip_val': 0.40765361768314295, 'hidden_size': 23, 'dropout': 0.21761114777338264, 'hidden_continuous_size': 8, 'attention_head_size': 3, 'learning_rate': 0.0019099512694560538}. Best is trial 0 with value: 0.3004581928253174.
[I 2023-12-27 11:08:44,552] Trial 43 finished with value: 2.044132947921753 and parameters: {'gradient_clip_val': 0.6453565818085949, 'hidden_size': 41, 'dropout': 0.31406016352441724, 'hidden_continuous_size': 14, 'attention_head_size': 2, 'learning_rate': 0.006404594417106818}. Best is trial 0 with value: 0.3004581928253174.
[I 2023-12-27 11:08:44,939] Trial 44 finished with value: 2.3624868392944336 and parameters: {'gradient_clip_val': 0.4486262940298768, 'hidden_size': 25, 'dropout': 0.35654866459816525, 'hidden_continuous_size': 10, 'attention_head_size': 3, 'learning_rate': 0.00967439007374937}. Best is trial 0 with value: 0.3004581928253174.
[I 2023-12-27 11:08:45,333] Trial 45 finished with value: 2.263874053955078 and parameters: {'gradient_clip_val': 0.729670887299979, 'hidden_size': 19, 'dropout': 0.32071442447557763, 'hidden_continuous_size': 9, 'attention_head_size': 4, 'learning_rate': 0.0041829175928524654}. Best is trial 0 with value: 0.3004581928253174.
[I 2023-12-27 11:08:45,737] Trial 46 finished with value: 1.922561526298523 and parameters: {'gradient_clip_val': 0.13016779895994537, 'hidden_size': 33, 'dropout': 0.27671808838736556, 'hidden_continuous_size': 19, 'attention_head_size': 2, 'learning_rate': 0.003123271447242189}. Best is trial 0 with value: 0.3004581928253174.
[I 2023-12-27 11:08:46,147] Trial 47 finished with value: 2.0422279834747314 and parameters: {'gradient_clip_val': 0.29223010083823525, 'hidden_size': 45, 'dropout': 0.24234059567881033, 'hidden_continuous_size': 5, 'attention_head_size': 3, 'learning_rate': 0.006434358561629994}. Best is trial 0 with value: 0.3004581928253174.
[I 2023-12-27 11:08:46,549] Trial 48 finished with value: 2.1980721950531006 and parameters: {'gradient_clip_val': 0.2515965819713701, 'hidden_size': 27, 'dropout': 0.2207877803581546, 'hidden_continuous_size': 11, 'attention_head_size': 3, 'learning_rate': 0.0005497522473014889}. Best is trial 0 with value: 0.3004581928253174.
[I 2023-12-27 11:08:46,948] Trial 49 finished with value: 1.65656578540802 and parameters: {'gradient_clip_val': 0.19050023197611338, 'hidden_size': 38, 'dropout': 0.2588157476262418, 'hidden_continuous_size': 25, 'attention_head_size': 4, 'learning_rate': 0.018406140269030372}. Best is trial 0 with value: 0.3004581928253174.
[I 2023-12-27 11:08:47,059] A new study created in memory with name: no-name-7f85f1e5-de5f-4285-a8ec-f0e4cce24688
/home/le004/conda/anaconda3/envs/tsff_env/lib/python3.9/site-packages/lightning/fabric/plugins/environments/slurm.py:191: The `srun` command is available on your system but is not used. HINT: If your intention is to run Lightning on SLURM, prepend your python command with `srun` like so: srun python /home/le004/master_thesis/git/TSFusionForecast/code/ ...
[I 2023-12-27 11:09:31,764] Trial 0 finished with value: 0.022194569930434227 and parameters: {'gradient_clip_val': 0.13379220230609104, 'hidden_size': 88, 'dropout': 0.485093451922871, 'hidden_continuous_size': 17, 'attention_head_size': 4, 'learning_rate': 0.03572949303632622}. Best is trial 0 with value: 0.022194569930434227.
[I 2023-12-27 11:09:41,876] Trial 1 finished with value: 1.4961906671524048 and parameters: {'gradient_clip_val': 0.15987002837971123, 'hidden_size': 8, 'dropout': 0.4651412077635245, 'hidden_continuous_size': 6, 'attention_head_size': 4, 'learning_rate': 0.000763725316442692}. Best is trial 0 with value: 0.022194569930434227.
[I 2023-12-27 11:09:42,463] Trial 2 finished with value: 1.692257285118103 and parameters: {'gradient_clip_val': 0.11042837662406023, 'hidden_size': 119, 'dropout': 0.3013307050111348, 'hidden_continuous_size': 94, 'attention_head_size': 4, 'learning_rate': 0.026908783516674473}. Best is trial 0 with value: 0.022194569930434227.
[I 2023-12-27 11:09:42,915] Trial 3 finished with value: 1.3539196252822876 and parameters: {'gradient_clip_val': 0.4141101778832495, 'hidden_size': 68, 'dropout': 0.19159438580267915, 'hidden_continuous_size': 37, 'attention_head_size': 2, 'learning_rate': 0.04360431363675083}. Best is trial 0 with value: 0.022194569930434227.
[I 2023-12-27 11:09:43,287] Trial 4 finished with value: 1.5084799528121948 and parameters: {'gradient_clip_val': 0.8216969251519729, 'hidden_size': 13, 'dropout': 0.29339204279763254, 'hidden_continuous_size': 5, 'attention_head_size': 2, 'learning_rate': 0.0007559035609886734}. Best is trial 0 with value: 0.022194569930434227.
[I 2023-12-27 11:09:43,660] Trial 5 finished with value: 1.6603574752807617 and parameters: {'gradient_clip_val': 0.4849692051643122, 'hidden_size': 32, 'dropout': 0.3353234039698344, 'hidden_continuous_size': 14, 'attention_head_size': 3, 'learning_rate': 0.004090984565563414}. Best is trial 0 with value: 0.022194569930434227.
[I 2023-12-27 11:09:43,988] Trial 6 finished with value: 1.6043161153793335 and parameters: {'gradient_clip_val': 0.47500296732798014, 'hidden_size': 5, 'dropout': 0.10633658580627894, 'hidden_continuous_size': 5, 'attention_head_size': 4, 'learning_rate': 0.08292374318169268}. Best is trial 0 with value: 0.022194569930434227.
[I 2023-12-27 11:09:44,345] Trial 7 finished with value: 1.6478544473648071 and parameters: {'gradient_clip_val': 0.2837150350239284, 'hidden_size': 16, 'dropout': 0.18423441926200557, 'hidden_continuous_size': 8, 'attention_head_size': 3, 'learning_rate': 0.004093573062966429}. Best is trial 0 with value: 0.022194569930434227.
[I 2023-12-27 11:09:44,703] Trial 8 finished with value: 1.9833660125732422 and parameters: {'gradient_clip_val': 0.8033749077771265, 'hidden_size': 7, 'dropout': 0.1406884267976722, 'hidden_continuous_size': 5, 'attention_head_size': 1, 'learning_rate': 0.0006624377958641214}. Best is trial 0 with value: 0.022194569930434227.
[I 2023-12-27 11:09:45,095] Trial 9 finished with value: 1.6124964952468872 and parameters: {'gradient_clip_val': 0.1681641194923909, 'hidden_size': 25, 'dropout': 0.28062984767981547, 'hidden_continuous_size': 12, 'attention_head_size': 3, 'learning_rate': 0.0008662627259143884}. Best is trial 0 with value: 0.022194569930434227.
[I 2023-12-27 11:09:45,663] Trial 10 finished with value: 1.2301682233810425 and parameters: {'gradient_clip_val': 0.11067671805316287, 'hidden_size': 126, 'dropout': 0.4981510049003168, 'hidden_continuous_size': 24, 'attention_head_size': 1, 'learning_rate': 0.014299210785590342}. Best is trial 0 with value: 0.022194569930434227.
[I 2023-12-27 11:09:46,294] Trial 11 finished with value: 1.1878678798675537 and parameters: {'gradient_clip_val': 0.11677238993457224, 'hidden_size': 150, 'dropout': 0.49808340319369626, 'hidden_continuous_size': 27, 'attention_head_size': 1, 'learning_rate': 0.021247902522142648}. Best is trial 0 with value: 0.022194569930434227.
[I 2023-12-27 11:09:47,105] Trial 12 finished with value: 1.6436070203781128 and parameters: {'gradient_clip_val': 0.17681573163364772, 'hidden_size': 144, 'dropout': 0.4472620981026293, 'hidden_continuous_size': 25, 'attention_head_size': 2, 'learning_rate': 0.021195444402605835}. Best is trial 0 with value: 0.022194569930434227.
[I 2023-12-27 11:09:47,577] Trial 13 finished with value: 1.7515735626220703 and parameters: {'gradient_clip_val': 0.1034493932170626, 'hidden_size': 67, 'dropout': 0.4182100326522724, 'hidden_continuous_size': 17, 'attention_head_size': 1, 'learning_rate': 0.08683131740701125}. Best is trial 0 with value: 0.022194569930434227.
[I 2023-12-27 11:09:48,049] Trial 14 finished with value: 1.670516014099121 and parameters: {'gradient_clip_val': 0.20922857715818236, 'hidden_size': 75, 'dropout': 0.39009625225347533, 'hidden_continuous_size': 11, 'attention_head_size': 2, 'learning_rate': 0.011353267752526068}. Best is trial 0 with value: 0.022194569930434227.
[I 2023-12-27 11:09:48,488] Trial 15 finished with value: 1.3715389966964722 and parameters: {'gradient_clip_val': 0.1303672279055529, 'hidden_size': 49, 'dropout': 0.4919535001254514, 'hidden_continuous_size': 19, 'attention_head_size': 3, 'learning_rate': 0.039313614796879406}. Best is trial 0 with value: 0.022194569930434227.
[I 2023-12-27 11:09:49,112] Trial 16 finished with value: 1.7387337684631348 and parameters: {'gradient_clip_val': 0.22017653251243383, 'hidden_size': 149, 'dropout': 0.42231926471033043, 'hidden_continuous_size': 36, 'attention_head_size': 4, 'learning_rate': 0.008760830498641188}. Best is trial 0 with value: 0.022194569930434227.
[I 2023-12-27 11:09:49,636] Trial 17 finished with value: 1.433436393737793 and parameters: {'gradient_clip_val': 0.14247340746762122, 'hidden_size': 102, 'dropout': 0.49599496769760965, 'hidden_continuous_size': 9, 'attention_head_size': 1, 'learning_rate': 0.044719585776273905}. Best is trial 0 with value: 0.022194569930434227.
[I 2023-12-27 11:09:50,154] Trial 18 finished with value: 1.2896956205368042 and parameters: {'gradient_clip_val': 0.10102571077859118, 'hidden_size': 95, 'dropout': 0.3747437450932583, 'hidden_continuous_size': 33, 'attention_head_size': 2, 'learning_rate': 0.018076979754254093}. Best is trial 0 with value: 0.022194569930434227.
[I 2023-12-27 11:09:50,595] Trial 19 finished with value: 1.3006974458694458 and parameters: {'gradient_clip_val': 0.13309346126192023, 'hidden_size': 46, 'dropout': 0.4466330300352817, 'hidden_continuous_size': 17, 'attention_head_size': 3, 'learning_rate': 0.02612152541987481}. Best is trial 0 with value: 0.022194569930434227.
[I 2023-12-27 11:09:51,127] Trial 20 finished with value: 1.4377206563949585 and parameters: {'gradient_clip_val': 0.20503169527248, 'hidden_size': 94, 'dropout': 0.4628086154279515, 'hidden_continuous_size': 52, 'attention_head_size': 4, 'learning_rate': 0.005849812252483237}. Best is trial 0 with value: 0.022194569930434227.
[I 2023-12-27 11:09:51,729] Trial 21 finished with value: 1.103196144104004 and parameters: {'gradient_clip_val': 0.1267970687982383, 'hidden_size': 139, 'dropout': 0.4932154010422758, 'hidden_continuous_size': 24, 'attention_head_size': 1, 'learning_rate': 0.014520402595029852}. Best is trial 0 with value: 0.022194569930434227.
[I 2023-12-27 11:09:52,330] Trial 22 finished with value: 1.7906943559646606 and parameters: {'gradient_clip_val': 0.13097199674299187, 'hidden_size': 144, 'dropout': 0.466896919082998, 'hidden_continuous_size': 21, 'attention_head_size': 1, 'learning_rate': 0.01297912088080318}. Best is trial 0 with value: 0.022194569930434227.
