[I 2023-12-26 15:39:39,527] Trial 40 finished with value: 173.6028594970703 and parameters: {'gradient_clip_val': 0.6839432565118098, 'hidden_size': 109, 'dropout': 0.4399028488912898, 'hidden_continuous_size': 9, 'attention_head_size': 3, 'learning_rate': 0.025347969385097997}. Best is trial 0 with value: 47.24648666381836.
[I 2023-12-26 15:39:46,410] Trial 41 finished with value: 161.69366455078125 and parameters: {'gradient_clip_val': 0.10501719239552229, 'hidden_size': 84, 'dropout': 0.4129673864633467, 'hidden_continuous_size': 6, 'attention_head_size': 4, 'learning_rate': 0.011943572732047499}. Best is trial 0 with value: 47.24648666381836.
[I 2023-12-26 15:39:51,426] Trial 42 finished with value: 161.87696838378906 and parameters: {'gradient_clip_val': 0.1799103658865738, 'hidden_size': 58, 'dropout': 0.1526638261207374, 'hidden_continuous_size': 8, 'attention_head_size': 4, 'learning_rate': 0.007214373759083782}. Best is trial 0 with value: 47.24648666381836.
[I 2023-12-26 15:40:00,304] Trial 43 finished with value: 175.0511474609375 and parameters: {'gradient_clip_val': 0.3927184215130083, 'hidden_size': 107, 'dropout': 0.21593959241512412, 'hidden_continuous_size': 11, 'attention_head_size': 4, 'learning_rate': 0.0938258143982153}. Best is trial 0 with value: 47.24648666381836.
[I 2023-12-26 15:40:07,370] Trial 44 finished with value: 186.14527893066406 and parameters: {'gradient_clip_val': 0.4700639833013786, 'hidden_size': 79, 'dropout': 0.2366527349819956, 'hidden_continuous_size': 15, 'attention_head_size': 3, 'learning_rate': 0.0093731025378495}. Best is trial 0 with value: 47.24648666381836.
[I 2023-12-26 15:40:11,145] Trial 45 finished with value: 126.73506927490234 and parameters: {'gradient_clip_val': 0.5337193673919317, 'hidden_size': 40, 'dropout': 0.13482483560971217, 'hidden_continuous_size': 6, 'attention_head_size': 4, 'learning_rate': 0.015730860692283452}. Best is trial 0 with value: 47.24648666381836.
[I 2023-12-26 15:40:14,791] Trial 46 finished with value: 155.86102294921875 and parameters: {'gradient_clip_val': 0.5287505419090471, 'hidden_size': 36, 'dropout': 0.12576551364454155, 'hidden_continuous_size': 7, 'attention_head_size': 4, 'learning_rate': 0.015199750412829283}. Best is trial 0 with value: 47.24648666381836.
[I 2023-12-26 15:40:18,765] Trial 47 finished with value: 137.6429901123047 and parameters: {'gradient_clip_val': 0.47854862689301114, 'hidden_size': 43, 'dropout': 0.13734381846453447, 'hidden_continuous_size': 6, 'attention_head_size': 2, 'learning_rate': 0.021998342474661578}. Best is trial 0 with value: 47.24648666381836.
[I 2023-12-26 15:40:22,128] Trial 48 finished with value: 156.91978454589844 and parameters: {'gradient_clip_val': 0.4215709716704927, 'hidden_size': 30, 'dropout': 0.10506605020383068, 'hidden_continuous_size': 6, 'attention_head_size': 3, 'learning_rate': 0.029711643187133263}. Best is trial 0 with value: 47.24648666381836.
[I 2023-12-26 15:40:25,736] Trial 49 finished with value: 175.734619140625 and parameters: {'gradient_clip_val': 0.6452646521484892, 'hidden_size': 37, 'dropout': 0.1918253902532569, 'hidden_continuous_size': 7, 'attention_head_size': 2, 'learning_rate': 0.03532703971785195}. Best is trial 0 with value: 47.24648666381836.
[I 2023-12-26 15:40:25,896] A new study created in memory with name: no-name-4b188a32-06f1-46d7-8ce5-42d6d3ce7abb
/home/le004/conda/anaconda3/envs/tsff_env/lib/python3.9/site-packages/lightning/fabric/plugins/environments/slurm.py:191: The `srun` command is available on your system but is not used. HINT: If your intention is to run Lightning on SLURM, prepend your python command with `srun` like so: srun python /home/le004/master_thesis/git/TSFusionForecast/code/ ...
[I 2023-12-26 15:44:21,611] Trial 0 finished with value: 72.44373321533203 and parameters: {'gradient_clip_val': 0.17834784452133506, 'hidden_size': 45, 'dropout': 0.10198741946093898, 'hidden_continuous_size': 10, 'attention_head_size': 2, 'learning_rate': 0.01627378724432102}. Best is trial 0 with value: 72.44373321533203.
[I 2023-12-26 15:44:23,452] Trial 1 finished with value: 314.0495910644531 and parameters: {'gradient_clip_val': 0.10971562250484573, 'hidden_size': 7, 'dropout': 0.13357708503538934, 'hidden_continuous_size': 7, 'attention_head_size': 3, 'learning_rate': 0.002254766619210224}. Best is trial 0 with value: 72.44373321533203.
[I 2023-12-26 15:44:30,245] Trial 2 finished with value: 260.9078063964844 and parameters: {'gradient_clip_val': 0.30959755330280114, 'hidden_size': 77, 'dropout': 0.24114974545401885, 'hidden_continuous_size': 11, 'attention_head_size': 3, 'learning_rate': 0.007397675290474503}. Best is trial 0 with value: 72.44373321533203.
[I 2023-12-26 15:44:32,546] Trial 3 finished with value: 248.2462615966797 and parameters: {'gradient_clip_val': 0.12713913919438555, 'hidden_size': 8, 'dropout': 0.18716876820566714, 'hidden_continuous_size': 7, 'attention_head_size': 2, 'learning_rate': 0.0063887947587582756}. Best is trial 0 with value: 72.44373321533203.
[I 2023-12-26 15:44:34,855] Trial 4 finished with value: 287.54058837890625 and parameters: {'gradient_clip_val': 0.11225840576841732, 'hidden_size': 11, 'dropout': 0.43511642217038304, 'hidden_continuous_size': 10, 'attention_head_size': 1, 'learning_rate': 0.010029141514446562}. Best is trial 0 with value: 72.44373321533203.
[I 2023-12-26 15:44:39,785] Trial 5 finished with value: 272.90557861328125 and parameters: {'gradient_clip_val': 0.25981141389103146, 'hidden_size': 63, 'dropout': 0.26189302218560073, 'hidden_continuous_size': 19, 'attention_head_size': 2, 'learning_rate': 0.01801973674793708}. Best is trial 0 with value: 72.44373321533203.
[I 2023-12-26 15:44:42,319] Trial 6 finished with value: 272.8885803222656 and parameters: {'gradient_clip_val': 0.2965134220214116, 'hidden_size': 12, 'dropout': 0.35072485956210675, 'hidden_continuous_size': 9, 'attention_head_size': 4, 'learning_rate': 0.040973020078454846}. Best is trial 0 with value: 72.44373321533203.
[I 2023-12-26 15:44:45,461] Trial 7 finished with value: 278.4985656738281 and parameters: {'gradient_clip_val': 0.16467960907096196, 'hidden_size': 32, 'dropout': 0.13889496458862918, 'hidden_continuous_size': 29, 'attention_head_size': 2, 'learning_rate': 0.005901024144982089}. Best is trial 0 with value: 72.44373321533203.
[I 2023-12-26 15:44:47,894] Trial 8 finished with value: 260.5704040527344 and parameters: {'gradient_clip_val': 0.10662658192759823, 'hidden_size': 14, 'dropout': 0.3777683363558112, 'hidden_continuous_size': 12, 'attention_head_size': 1, 'learning_rate': 0.02063565267764981}. Best is trial 0 with value: 72.44373321533203.
[I 2023-12-26 15:44:52,098] Trial 9 finished with value: 283.9270935058594 and parameters: {'gradient_clip_val': 0.12229289741598802, 'hidden_size': 51, 'dropout': 0.45619313937512906, 'hidden_continuous_size': 16, 'attention_head_size': 1, 'learning_rate': 0.0013806180375843333}. Best is trial 0 with value: 72.44373321533203.
[I 2023-12-26 15:45:01,797] Trial 10 finished with value: 303.1472473144531 and parameters: {'gradient_clip_val': 0.8009480592856014, 'hidden_size': 116, 'dropout': 0.10042478929695549, 'hidden_continuous_size': 62, 'attention_head_size': 4, 'learning_rate': 0.09666210994666359}. Best is trial 0 with value: 72.44373321533203.
[I 2023-12-26 15:45:03,859] Trial 11 finished with value: 219.60816955566406 and parameters: {'gradient_clip_val': 0.17935066519035187, 'hidden_size': 5, 'dropout': 0.1935760955833822, 'hidden_continuous_size': 5, 'attention_head_size': 2, 'learning_rate': 0.0005792809529279336}. Best is trial 0 with value: 72.44373321533203.
[I 2023-12-26 15:45:06,700] Trial 12 finished with value: 252.98883056640625 and parameters: {'gradient_clip_val': 0.19433140413813954, 'hidden_size': 22, 'dropout': 0.20001034628409575, 'hidden_continuous_size': 5, 'attention_head_size': 2, 'learning_rate': 0.000589892082975249}. Best is trial 0 with value: 72.44373321533203.
[I 2023-12-26 15:45:09,576] Trial 13 finished with value: 221.4630584716797 and parameters: {'gradient_clip_val': 0.18663714324411554, 'hidden_size': 26, 'dropout': 0.1872867915365039, 'hidden_continuous_size': 5, 'attention_head_size': 3, 'learning_rate': 0.0005505283862849122}. Best is trial 0 with value: 72.44373321533203.
[I 2023-12-26 15:45:11,953] Trial 14 finished with value: 292.28070068359375 and parameters: {'gradient_clip_val': 0.4142437942283813, 'hidden_size': 7, 'dropout': 0.10522897003320164, 'hidden_continuous_size': 5, 'attention_head_size': 2, 'learning_rate': 0.002763265068352852}. Best is trial 0 with value: 72.44373321533203.
[I 2023-12-26 15:45:15,623] Trial 15 finished with value: 234.969970703125 and parameters: {'gradient_clip_val': 0.16674210554378005, 'hidden_size': 41, 'dropout': 0.1606484698320499, 'hidden_continuous_size': 7, 'attention_head_size': 3, 'learning_rate': 0.0013683500493316522}. Best is trial 0 with value: 72.44373321533203.
[I 2023-12-26 15:45:17,540] Trial 16 finished with value: 239.0843048095703 and parameters: {'gradient_clip_val': 0.23115103013913774, 'hidden_size': 5, 'dropout': 0.23526200125282315, 'hidden_continuous_size': 5, 'attention_head_size': 1, 'learning_rate': 0.003510473385012841}. Best is trial 0 with value: 72.44373321533203.
[I 2023-12-26 15:45:20,109] Trial 17 finished with value: 318.68035888671875 and parameters: {'gradient_clip_val': 0.42717657705686546, 'hidden_size': 19, 'dropout': 0.2957164627381217, 'hidden_continuous_size': 6, 'attention_head_size': 2, 'learning_rate': 0.014077499706292249}. Best is trial 0 with value: 72.44373321533203.
[I 2023-12-26 15:45:23,400] Trial 18 finished with value: 304.1788635253906 and parameters: {'gradient_clip_val': 0.15023160860212792, 'hidden_size': 31, 'dropout': 0.14244229941944345, 'hidden_continuous_size': 8, 'attention_head_size': 3, 'learning_rate': 0.031525162597692724}. Best is trial 0 with value: 72.44373321533203.
[I 2023-12-26 15:45:25,933] Trial 19 finished with value: 284.4554748535156 and parameters: {'gradient_clip_val': 0.21797349271155636, 'hidden_size': 17, 'dropout': 0.2016476469728587, 'hidden_continuous_size': 6, 'attention_head_size': 1, 'learning_rate': 0.005017662100740257}. Best is trial 0 with value: 72.44373321533203.
[I 2023-12-26 15:45:29,479] Trial 20 finished with value: 220.29815673828125 and parameters: {'gradient_clip_val': 0.1445168144861664, 'hidden_size': 38, 'dropout': 0.10278765056861, 'hidden_continuous_size': 10, 'attention_head_size': 2, 'learning_rate': 0.011391286409645483}. Best is trial 0 with value: 72.44373321533203.
[I 2023-12-26 15:45:33,542] Trial 21 finished with value: 283.4141845703125 and parameters: {'gradient_clip_val': 0.14591597190043903, 'hidden_size': 38, 'dropout': 0.12357034963058826, 'hidden_continuous_size': 10, 'attention_head_size': 2, 'learning_rate': 0.012134669006664859}. Best is trial 0 with value: 72.44373321533203.
[I 2023-12-26 15:45:36,294] Trial 22 finished with value: 219.59991455078125 and parameters: {'gradient_clip_val': 0.1413375118512509, 'hidden_size': 25, 'dropout': 0.10006237325134419, 'hidden_continuous_size': 8, 'attention_head_size': 2, 'learning_rate': 0.009864363365814682}. Best is trial 0 with value: 72.44373321533203.
[I 2023-12-26 15:45:39,169] Trial 23 finished with value: 233.4051971435547 and parameters: {'gradient_clip_val': 0.19367211208758497, 'hidden_size': 25, 'dropout': 0.16649506281348944, 'hidden_continuous_size': 8, 'attention_head_size': 2, 'learning_rate': 0.008209552536714885}. Best is trial 0 with value: 72.44373321533203.
[I 2023-12-26 15:45:41,010] Trial 24 finished with value: 357.9921569824219 and parameters: {'gradient_clip_val': 0.13747503862782554, 'hidden_size': 5, 'dropout': 0.15608345529422918, 'hidden_continuous_size': 5, 'attention_head_size': 3, 'learning_rate': 0.004421850377687619}. Best is trial 0 with value: 72.44373321533203.
[I 2023-12-26 15:45:43,204] Trial 25 finished with value: 202.04156494140625 and parameters: {'gradient_clip_val': 0.1004657389243599, 'hidden_size': 17, 'dropout': 0.12808884509905255, 'hidden_continuous_size': 6, 'attention_head_size': 2, 'learning_rate': 0.003703642157921694}. Best is trial 0 with value: 72.44373321533203.
[I 2023-12-26 15:45:45,500] Trial 26 finished with value: 333.8950500488281 and parameters: {'gradient_clip_val': 0.10442771982460192, 'hidden_size': 18, 'dropout': 0.12689395376535265, 'hidden_continuous_size': 6, 'attention_head_size': 1, 'learning_rate': 0.008750870217139843}. Best is trial 0 with value: 72.44373321533203.
[I 2023-12-26 15:45:47,817] Trial 27 finished with value: 312.4581604003906 and parameters: {'gradient_clip_val': 0.127647761341568, 'hidden_size': 22, 'dropout': 0.16296387231250958, 'hidden_continuous_size': 8, 'attention_head_size': 2, 'learning_rate': 0.004883776997294583}. Best is trial 0 with value: 72.44373321533203.
[I 2023-12-26 15:45:50,573] Trial 28 finished with value: 298.6288757324219 and parameters: {'gradient_clip_val': 0.1017499308441897, 'hidden_size': 30, 'dropout': 0.1026224044984457, 'hidden_continuous_size': 6, 'attention_head_size': 3, 'learning_rate': 0.018286320030569465}. Best is trial 0 with value: 72.44373321533203.
[I 2023-12-26 15:45:55,250] Trial 29 finished with value: 300.1877746582031 and parameters: {'gradient_clip_val': 0.10015300713018342, 'hidden_size': 55, 'dropout': 0.12752969702719674, 'hidden_continuous_size': 14, 'attention_head_size': 4, 'learning_rate': 0.0031810413925001304}. Best is trial 0 with value: 72.44373321533203.
[I 2023-12-26 15:45:57,855] Trial 30 finished with value: 290.7761535644531 and parameters: {'gradient_clip_val': 0.12375893277348764, 'hidden_size': 14, 'dropout': 0.1503693404361361, 'hidden_continuous_size': 7, 'attention_head_size': 1, 'learning_rate': 0.002371621498336319}. Best is trial 0 with value: 72.44373321533203.
[I 2023-12-26 15:46:00,296] Trial 31 finished with value: 336.5401611328125 and parameters: {'gradient_clip_val': 0.16296174897619697, 'hidden_size': 9, 'dropout': 0.12712548044203031, 'hidden_continuous_size': 5, 'attention_head_size': 2, 'learning_rate': 0.0017101741183320454}. Best is trial 0 with value: 72.44373321533203.
[I 2023-12-26 15:46:02,895] Trial 32 finished with value: 305.7659912109375 and parameters: {'gradient_clip_val': 0.12060727777421179, 'hidden_size': 7, 'dropout': 0.17638372162392219, 'hidden_continuous_size': 5, 'attention_head_size': 2, 'learning_rate': 0.0008750839708940374}. Best is trial 0 with value: 72.44373321533203.
[I 2023-12-26 15:46:05,163] Trial 33 finished with value: 352.4215087890625 and parameters: {'gradient_clip_val': 0.13685870969024697, 'hidden_size': 6, 'dropout': 0.20446067196466622, 'hidden_continuous_size': 5, 'attention_head_size': 2, 'learning_rate': 0.006476173186466892}. Best is trial 0 with value: 72.44373321533203.
[I 2023-12-26 15:46:07,523] Trial 34 finished with value: 324.9085693359375 and parameters: {'gradient_clip_val': 0.11699019441504821, 'hidden_size': 10, 'dropout': 0.13357898057916293, 'hidden_continuous_size': 6, 'attention_head_size': 2, 'learning_rate': 0.000853623812129262}. Best is trial 0 with value: 72.44373321533203.
[I 2023-12-26 15:46:09,988] Trial 35 finished with value: 307.8216247558594 and parameters: {'gradient_clip_val': 0.17006973013055707, 'hidden_size': 10, 'dropout': 0.22765640638624593, 'hidden_continuous_size': 6, 'attention_head_size': 2, 'learning_rate': 0.002110508663650061}. Best is trial 0 with value: 72.44373321533203.
[I 2023-12-26 15:46:12,607] Trial 36 finished with value: 304.79345703125 and parameters: {'gradient_clip_val': 0.14065310390687766, 'hidden_size': 12, 'dropout': 0.17672074844045754, 'hidden_continuous_size': 7, 'attention_head_size': 3, 'learning_rate': 0.004071115407192159}. Best is trial 0 with value: 72.44373321533203.
[I 2023-12-26 15:46:15,072] Trial 37 finished with value: 363.4526062011719 and parameters: {'gradient_clip_val': 0.11437060091358743, 'hidden_size': 14, 'dropout': 0.1520640126758863, 'hidden_continuous_size': 7, 'attention_head_size': 2, 'learning_rate': 0.006323902370519868}. Best is trial 0 with value: 72.44373321533203.
[I 2023-12-26 15:46:17,501] Trial 38 finished with value: 187.18231201171875 and parameters: {'gradient_clip_val': 0.22039964385217398, 'hidden_size': 9, 'dropout': 0.11917815521903899, 'hidden_continuous_size': 6, 'attention_head_size': 2, 'learning_rate': 0.00915706676679413}. Best is trial 0 with value: 72.44373321533203.
[I 2023-12-26 15:46:20,018] Trial 39 finished with value: 307.3014831542969 and parameters: {'gradient_clip_val': 0.2163697109400517, 'hidden_size': 16, 'dropout': 0.1199014313343866, 'hidden_continuous_size': 9, 'attention_head_size': 3, 'learning_rate': 0.009564910141462364}. Best is trial 0 with value: 72.44373321533203.
[I 2023-12-26 15:46:25,751] Trial 40 finished with value: 253.46559143066406 and parameters: {'gradient_clip_val': 0.2618141279892316, 'hidden_size': 76, 'dropout': 0.14530842439604358, 'hidden_continuous_size': 12, 'attention_head_size': 1, 'learning_rate': 0.007736772922665103}. Best is trial 0 with value: 72.44373321533203.
[I 2023-12-26 15:46:27,960] Trial 41 finished with value: 308.7696228027344 and parameters: {'gradient_clip_val': 0.17547054367242132, 'hidden_size': 9, 'dropout': 0.11638494176084893, 'hidden_continuous_size': 6, 'attention_head_size': 2, 'learning_rate': 0.015100805670621397}. Best is trial 0 with value: 72.44373321533203.
[I 2023-12-26 15:46:30,186] Trial 42 finished with value: 243.966552734375 and parameters: {'gradient_clip_val': 0.15713044280472288, 'hidden_size': 8, 'dropout': 0.10217126949810919, 'hidden_continuous_size': 6, 'attention_head_size': 2, 'learning_rate': 0.010100113643067553}. Best is trial 0 with value: 72.44373321533203.
[I 2023-12-26 15:46:32,474] Trial 43 finished with value: 335.46856689453125 and parameters: {'gradient_clip_val': 0.12864051136616766, 'hidden_size': 6, 'dropout': 0.1396002920894252, 'hidden_continuous_size': 5, 'attention_head_size': 2, 'learning_rate': 0.021700875156308624}. Best is trial 0 with value: 72.44373321533203.
[I 2023-12-26 15:46:35,069] Trial 44 finished with value: 302.2716979980469 and parameters: {'gradient_clip_val': 0.15449967374704543, 'hidden_size': 21, 'dropout': 0.17417081765681475, 'hidden_continuous_size': 9, 'attention_head_size': 2, 'learning_rate': 0.0055236097062654095}. Best is trial 0 with value: 72.44373321533203.
[I 2023-12-26 15:46:37,210] Trial 45 finished with value: 364.0162048339844 and parameters: {'gradient_clip_val': 0.1978016378749022, 'hidden_size': 13, 'dropout': 0.1187275269459528, 'hidden_continuous_size': 7, 'attention_head_size': 2, 'learning_rate': 0.007314069095575962}. Best is trial 0 with value: 72.44373321533203.
[I 2023-12-26 15:46:39,282] Trial 46 finished with value: 267.7146911621094 and parameters: {'gradient_clip_val': 0.18001088175696506, 'hidden_size': 11, 'dropout': 0.1411859814481658, 'hidden_continuous_size': 8, 'attention_head_size': 2, 'learning_rate': 0.0035674726268784193}. Best is trial 0 with value: 72.44373321533203.
[I 2023-12-26 15:46:41,654] Trial 47 finished with value: 238.3965301513672 and parameters: {'gradient_clip_val': 0.1795205227818033, 'hidden_size': 26, 'dropout': 0.19437309851545365, 'hidden_continuous_size': 11, 'attention_head_size': 1, 'learning_rate': 0.01488875828813853}. Best is trial 0 with value: 72.44373321533203.
[I 2023-12-26 15:46:43,806] Trial 48 finished with value: 362.9018859863281 and parameters: {'gradient_clip_val': 0.11390164428890334, 'hidden_size': 16, 'dropout': 0.11451415188834294, 'hidden_continuous_size': 9, 'attention_head_size': 3, 'learning_rate': 0.011604844373879172}. Best is trial 0 with value: 72.44373321533203.
[I 2023-12-26 15:46:45,788] Trial 49 finished with value: 309.7318420410156 and parameters: {'gradient_clip_val': 0.20787260748603853, 'hidden_size': 8, 'dropout': 0.21261753458948457, 'hidden_continuous_size': 6, 'attention_head_size': 2, 'learning_rate': 0.006108786375773456}. Best is trial 0 with value: 72.44373321533203.
[I 2023-12-26 15:46:45,933] A new study created in memory with name: no-name-2b851ec4-1190-4af8-9371-03b6246f3fcf
/home/le004/conda/anaconda3/envs/tsff_env/lib/python3.9/site-packages/lightning/fabric/plugins/environments/slurm.py:191: The `srun` command is available on your system but is not used. HINT: If your intention is to run Lightning on SLURM, prepend your python command with `srun` like so: srun python /home/le004/master_thesis/git/TSFusionForecast/code/ ...
[I 2023-12-26 15:50:08,551] Trial 0 finished with value: 426.1460266113281 and parameters: {'gradient_clip_val': 0.1740486813381205, 'hidden_size': 36, 'dropout': 0.34492151604711113, 'hidden_continuous_size': 8, 'attention_head_size': 2, 'learning_rate': 0.004848919250238707}. Best is trial 0 with value: 426.1460266113281.
[I 2023-12-26 15:50:11,204] Trial 1 finished with value: 1333.9326171875 and parameters: {'gradient_clip_val': 0.2638279535367891, 'hidden_size': 23, 'dropout': 0.44410366229127773, 'hidden_continuous_size': 21, 'attention_head_size': 4, 'learning_rate': 0.0060332179863045515}. Best is trial 0 with value: 426.1460266113281.
[I 2023-12-26 15:50:13,284] Trial 2 finished with value: 1115.01171875 and parameters: {'gradient_clip_val': 0.199701924968822, 'hidden_size': 16, 'dropout': 0.47965595696987695, 'hidden_continuous_size': 7, 'attention_head_size': 3, 'learning_rate': 0.010572224023420427}. Best is trial 0 with value: 426.1460266113281.
[I 2023-12-26 15:50:16,049] Trial 3 finished with value: 1443.9598388671875 and parameters: {'gradient_clip_val': 0.16473236145649178, 'hidden_size': 29, 'dropout': 0.25759509544768344, 'hidden_continuous_size': 6, 'attention_head_size': 3, 'learning_rate': 0.04500932358437649}. Best is trial 0 with value: 426.1460266113281.
