[I 2023-12-26 12:01:16,760] Trial 43 finished with value: 3.8500354290008545 and parameters: {'gradient_clip_val': 0.18865597207329418, 'hidden_size': 135, 'dropout': 0.3626294993109058, 'hidden_continuous_size': 11, 'attention_head_size': 1, 'learning_rate': 0.01845872524225591}. Best is trial 0 with value: 0.0523974746465683.
[I 2023-12-26 12:01:23,645] Trial 44 finished with value: 2.77166748046875 and parameters: {'gradient_clip_val': 0.1259229872043053, 'hidden_size': 82, 'dropout': 0.33589761571846743, 'hidden_continuous_size': 9, 'attention_head_size': 1, 'learning_rate': 0.029855341114734778}. Best is trial 0 with value: 0.0523974746465683.
[I 2023-12-26 12:01:34,245] Trial 45 finished with value: 3.0485756397247314 and parameters: {'gradient_clip_val': 0.1576086972265142, 'hidden_size': 126, 'dropout': 0.39065146249849114, 'hidden_continuous_size': 12, 'attention_head_size': 1, 'learning_rate': 0.021741576131440846}. Best is trial 0 with value: 0.0523974746465683.
[I 2023-12-26 12:01:39,820] Trial 46 finished with value: 2.605646848678589 and parameters: {'gradient_clip_val': 0.11030438491372566, 'hidden_size': 68, 'dropout': 0.3654521946629601, 'hidden_continuous_size': 7, 'attention_head_size': 2, 'learning_rate': 0.06515075787560128}. Best is trial 0 with value: 0.0523974746465683.
[I 2023-12-26 12:01:44,525] Trial 47 finished with value: 2.9604501724243164 and parameters: {'gradient_clip_val': 0.1385373526958479, 'hidden_size': 56, 'dropout': 0.3094672325354783, 'hidden_continuous_size': 10, 'attention_head_size': 1, 'learning_rate': 0.0424278957236412}. Best is trial 0 with value: 0.0523974746465683.
[I 2023-12-26 12:01:53,185] Trial 48 finished with value: 2.3443570137023926 and parameters: {'gradient_clip_val': 0.2199575718705274, 'hidden_size': 103, 'dropout': 0.2694785614757996, 'hidden_continuous_size': 24, 'attention_head_size': 2, 'learning_rate': 0.09972377068517987}. Best is trial 0 with value: 0.0523974746465683.
[I 2023-12-26 12:02:03,307] Trial 49 finished with value: 3.0163843631744385 and parameters: {'gradient_clip_val': 0.11040609672443713, 'hidden_size': 124, 'dropout': 0.3366600890428291, 'hidden_continuous_size': 15, 'attention_head_size': 1, 'learning_rate': 0.0501589802995927}. Best is trial 0 with value: 0.0523974746465683.
[I 2023-12-26 12:02:03,457] A new study created in memory with name: no-name-158b6b7f-f00c-4d52-a440-44a127e39394
/home/le004/conda/anaconda3/envs/tsff_env/lib/python3.9/site-packages/lightning/fabric/plugins/environments/slurm.py:191: The `srun` command is available on your system but is not used. HINT: If your intention is to run Lightning on SLURM, prepend your python command with `srun` like so: srun python /home/le004/master_thesis/git/TSFusionForecast/code/ ...
[I 2023-12-26 12:09:33,629] Trial 0 finished with value: 0.0373833142220974 and parameters: {'gradient_clip_val': 0.17719071398507022, 'hidden_size': 33, 'dropout': 0.3326082117657989, 'hidden_continuous_size': 7, 'attention_head_size': 4, 'learning_rate': 0.004764719438732229}. Best is trial 0 with value: 0.0373833142220974.
[I 2023-12-26 12:11:03,903] Trial 1 finished with value: 0.07109858095645905 and parameters: {'gradient_clip_val': 0.12358406591367185, 'hidden_size': 25, 'dropout': 0.1779438157618412, 'hidden_continuous_size': 5, 'attention_head_size': 3, 'learning_rate': 0.0573476101856807}. Best is trial 0 with value: 0.0373833142220974.
[I 2023-12-26 12:11:05,922] Trial 2 finished with value: 4.355954647064209 and parameters: {'gradient_clip_val': 0.31345276834961744, 'hidden_size': 15, 'dropout': 0.42925576861546355, 'hidden_continuous_size': 6, 'attention_head_size': 2, 'learning_rate': 0.0010896132273502943}. Best is trial 0 with value: 0.0373833142220974.
[I 2023-12-26 12:11:07,677] Trial 3 finished with value: 6.4780755043029785 and parameters: {'gradient_clip_val': 0.22139442097850118, 'hidden_size': 7, 'dropout': 0.19613969517906021, 'hidden_continuous_size': 7, 'attention_head_size': 4, 'learning_rate': 0.007724455424635226}. Best is trial 0 with value: 0.0373833142220974.
[I 2023-12-26 12:11:09,416] Trial 4 finished with value: 3.79021954536438 and parameters: {'gradient_clip_val': 0.46905253838948546, 'hidden_size': 8, 'dropout': 0.3569394821589229, 'hidden_continuous_size': 6, 'attention_head_size': 1, 'learning_rate': 0.0011094125548634492}. Best is trial 0 with value: 0.0373833142220974.
[I 2023-12-26 12:11:17,444] Trial 5 finished with value: 3.8946011066436768 and parameters: {'gradient_clip_val': 0.22366586132940183, 'hidden_size': 133, 'dropout': 0.1308373198174401, 'hidden_continuous_size': 35, 'attention_head_size': 3, 'learning_rate': 0.0008429546187273257}. Best is trial 0 with value: 0.0373833142220974.
[I 2023-12-26 12:11:19,994] Trial 6 finished with value: 5.62341833114624 and parameters: {'gradient_clip_val': 0.18008053155785728, 'hidden_size': 31, 'dropout': 0.29614998080816385, 'hidden_continuous_size': 28, 'attention_head_size': 4, 'learning_rate': 0.007976072249521132}. Best is trial 0 with value: 0.0373833142220974.
[I 2023-12-26 12:11:22,169] Trial 7 finished with value: 4.329625129699707 and parameters: {'gradient_clip_val': 0.11567625667012922, 'hidden_size': 26, 'dropout': 0.23711895027316998, 'hidden_continuous_size': 5, 'attention_head_size': 1, 'learning_rate': 0.046668136774417064}. Best is trial 0 with value: 0.0373833142220974.
[I 2023-12-26 12:11:24,011] Trial 8 finished with value: 5.523654937744141 and parameters: {'gradient_clip_val': 0.26019942549531316, 'hidden_size': 6, 'dropout': 0.17013512098473674, 'hidden_continuous_size': 5, 'attention_head_size': 4, 'learning_rate': 0.002659247456471427}. Best is trial 0 with value: 0.0373833142220974.
[I 2023-12-26 12:11:28,692] Trial 9 finished with value: 3.408747434616089 and parameters: {'gradient_clip_val': 0.16889918742511448, 'hidden_size': 84, 'dropout': 0.3752872393957567, 'hidden_continuous_size': 6, 'attention_head_size': 3, 'learning_rate': 0.012695258338434611}. Best is trial 0 with value: 0.0373833142220974.
[I 2023-12-26 12:11:31,820] Trial 10 finished with value: 5.737086772918701 and parameters: {'gradient_clip_val': 0.8604442621543213, 'hidden_size': 55, 'dropout': 0.30233031379051334, 'hidden_continuous_size': 12, 'attention_head_size': 2, 'learning_rate': 0.003225283279753372}. Best is trial 0 with value: 0.0373833142220974.
[I 2023-12-26 12:11:34,213] Trial 11 finished with value: 5.25553560256958 and parameters: {'gradient_clip_val': 0.11548251754472982, 'hidden_size': 30, 'dropout': 0.11051102615513803, 'hidden_continuous_size': 9, 'attention_head_size': 3, 'learning_rate': 0.09371369414373276}. Best is trial 0 with value: 0.0373833142220974.
[I 2023-12-26 12:11:36,091] Trial 12 finished with value: 3.912691831588745 and parameters: {'gradient_clip_val': 0.10540596094652244, 'hidden_size': 16, 'dropout': 0.4930746485246347, 'hidden_continuous_size': 5, 'attention_head_size': 4, 'learning_rate': 0.022979700845257082}. Best is trial 0 with value: 0.0373833142220974.
[I 2023-12-26 12:11:39,188] Trial 13 finished with value: 4.391665458679199 and parameters: {'gradient_clip_val': 0.1357445151083138, 'hidden_size': 50, 'dropout': 0.24934841179828826, 'hidden_continuous_size': 10, 'attention_head_size': 3, 'learning_rate': 0.02343509015383448}. Best is trial 0 with value: 0.0373833142220974.
[I 2023-12-26 12:11:41,223] Trial 14 finished with value: 3.4099693298339844 and parameters: {'gradient_clip_val': 0.1590358763652517, 'hidden_size': 15, 'dropout': 0.20136492080955798, 'hidden_continuous_size': 7, 'attention_head_size': 2, 'learning_rate': 0.00403131462416202}. Best is trial 0 with value: 0.0373833142220974.
[I 2023-12-26 12:11:43,947] Trial 15 finished with value: 5.5681023597717285 and parameters: {'gradient_clip_val': 0.14688795223949883, 'hidden_size': 48, 'dropout': 0.2811460419500259, 'hidden_continuous_size': 13, 'attention_head_size': 4, 'learning_rate': 0.06521225219763846}. Best is trial 0 with value: 0.0373833142220974.
[I 2023-12-26 12:11:46,058] Trial 16 finished with value: 4.5410590171813965 and parameters: {'gradient_clip_val': 0.19800690037695085, 'hidden_size': 21, 'dropout': 0.143326461303467, 'hidden_continuous_size': 8, 'attention_head_size': 3, 'learning_rate': 0.03902678928748357}. Best is trial 0 with value: 0.0373833142220974.
[I 2023-12-26 12:11:48,038] Trial 17 finished with value: 5.371941089630127 and parameters: {'gradient_clip_val': 0.13646686433011662, 'hidden_size': 11, 'dropout': 0.348270489143126, 'hidden_continuous_size': 5, 'attention_head_size': 4, 'learning_rate': 0.014618493270872068}. Best is trial 0 with value: 0.0373833142220974.
[I 2023-12-26 12:11:49,731] Trial 18 finished with value: 3.8308494091033936 and parameters: {'gradient_clip_val': 0.109508128226035, 'hidden_size': 5, 'dropout': 0.23769516276889263, 'hidden_continuous_size': 5, 'attention_head_size': 3, 'learning_rate': 0.0879818677858603}. Best is trial 0 with value: 0.0373833142220974.
[I 2023-12-26 12:11:52,466] Trial 19 finished with value: 4.684014797210693 and parameters: {'gradient_clip_val': 0.2869671331323817, 'hidden_size': 43, 'dropout': 0.15800326275561455, 'hidden_continuous_size': 18, 'attention_head_size': 2, 'learning_rate': 0.005257277367568676}. Best is trial 0 with value: 0.0373833142220974.
[I 2023-12-26 12:11:54,634] Trial 20 finished with value: 4.6146345138549805 and parameters: {'gradient_clip_val': 0.19271114695887917, 'hidden_size': 22, 'dropout': 0.10684700618491846, 'hidden_continuous_size': 7, 'attention_head_size': 4, 'learning_rate': 0.0019787927533819376}. Best is trial 0 with value: 0.0373833142220974.
[I 2023-12-26 12:12:00,106] Trial 21 finished with value: 3.3968381881713867 and parameters: {'gradient_clip_val': 0.16380339460028817, 'hidden_size': 90, 'dropout': 0.35667540547805376, 'hidden_continuous_size': 64, 'attention_head_size': 3, 'learning_rate': 0.011880321956433883}. Best is trial 0 with value: 0.0373833142220974.
[I 2023-12-26 12:12:04,473] Trial 22 finished with value: 3.5510213375091553 and parameters: {'gradient_clip_val': 0.1421172247786736, 'hidden_size': 73, 'dropout': 0.3287852118474962, 'hidden_continuous_size': 57, 'attention_head_size': 3, 'learning_rate': 0.005544584050167098}. Best is trial 0 with value: 0.0373833142220974.
[I 2023-12-26 12:12:14,316] Trial 23 finished with value: 3.510411024093628 and parameters: {'gradient_clip_val': 0.10287967076652105, 'hidden_size': 146, 'dropout': 0.4102445199928996, 'hidden_continuous_size': 146, 'attention_head_size': 3, 'learning_rate': 0.011324470097207088}. Best is trial 0 with value: 0.0373833142220974.
[I 2023-12-26 12:12:17,054] Trial 24 finished with value: 5.280916213989258 and parameters: {'gradient_clip_val': 0.17913475074890078, 'hidden_size': 35, 'dropout': 0.32303802447400964, 'hidden_continuous_size': 9, 'attention_head_size': 2, 'learning_rate': 0.0005113833752189056}. Best is trial 0 with value: 0.0373833142220974.
[I 2023-12-26 12:12:19,637] Trial 25 finished with value: 5.142978191375732 and parameters: {'gradient_clip_val': 0.1363596641638236, 'hidden_size': 38, 'dropout': 0.270816532564719, 'hidden_continuous_size': 12, 'attention_head_size': 3, 'learning_rate': 0.021729700471693984}. Best is trial 0 with value: 0.0373833142220974.
[I 2023-12-26 12:12:23,265] Trial 26 finished with value: 4.907280921936035 and parameters: {'gradient_clip_val': 0.2369795100219891, 'hidden_size': 66, 'dropout': 0.30372201809291155, 'hidden_continuous_size': 10, 'attention_head_size': 4, 'learning_rate': 0.04158007275124878}. Best is trial 0 with value: 0.0373833142220974.
[I 2023-12-26 12:12:28,982] Trial 27 finished with value: 3.8811442852020264 and parameters: {'gradient_clip_val': 0.3583891276621349, 'hidden_size': 98, 'dropout': 0.38361389530846834, 'hidden_continuous_size': 23, 'attention_head_size': 3, 'learning_rate': 0.009040459911520412}. Best is trial 0 with value: 0.0373833142220974.
[I 2023-12-26 12:12:32,291] Trial 28 finished with value: 4.994718074798584 and parameters: {'gradient_clip_val': 0.15778952303466526, 'hidden_size': 64, 'dropout': 0.32481488486679677, 'hidden_continuous_size': 16, 'attention_head_size': 2, 'learning_rate': 0.005243285429103889}. Best is trial 0 with value: 0.0373833142220974.
[I 2023-12-26 12:12:37,788] Trial 29 finished with value: 3.867507219314575 and parameters: {'gradient_clip_val': 0.12669668010598975, 'hidden_size': 97, 'dropout': 0.4275497459458164, 'hidden_continuous_size': 14, 'attention_head_size': 1, 'learning_rate': 0.01897122704678296}. Best is trial 0 with value: 0.0373833142220974.
[I 2023-12-26 12:12:40,447] Trial 30 finished with value: 3.8523776531219482 and parameters: {'gradient_clip_val': 0.12216471581782799, 'hidden_size': 41, 'dropout': 0.3859513108586668, 'hidden_continuous_size': 6, 'attention_head_size': 4, 'learning_rate': 0.011756766032130708}. Best is trial 0 with value: 0.0373833142220974.
[I 2023-12-26 12:12:44,929] Trial 31 finished with value: 3.616290330886841 and parameters: {'gradient_clip_val': 0.17141431915739042, 'hidden_size': 79, 'dropout': 0.36165924887629336, 'hidden_continuous_size': 6, 'attention_head_size': 3, 'learning_rate': 0.013155064271609911}. Best is trial 0 with value: 0.0373833142220974.
[I 2023-12-26 12:12:47,953] Trial 32 finished with value: 6.64583158493042 and parameters: {'gradient_clip_val': 0.15983300166939096, 'hidden_size': 56, 'dropout': 0.3805599768865148, 'hidden_continuous_size': 8, 'attention_head_size': 3, 'learning_rate': 0.008284315517425268}. Best is trial 0 with value: 0.0373833142220974.
[I 2023-12-26 12:12:53,052] Trial 33 finished with value: 3.3439996242523193 and parameters: {'gradient_clip_val': 0.2145994953775249, 'hidden_size': 90, 'dropout': 0.3430761381307012, 'hidden_continuous_size': 6, 'attention_head_size': 3, 'learning_rate': 0.030615510659623844}. Best is trial 0 with value: 0.0373833142220974.
[I 2023-12-26 12:12:59,884] Trial 34 finished with value: 4.663537502288818 and parameters: {'gradient_clip_val': 0.21415633919575208, 'hidden_size': 118, 'dropout': 0.34490857324587776, 'hidden_continuous_size': 7, 'attention_head_size': 3, 'learning_rate': 0.0339057122820749}. Best is trial 0 with value: 0.0373833142220974.
[I 2023-12-26 12:13:07,060] Trial 35 finished with value: 4.576375484466553 and parameters: {'gradient_clip_val': 0.21894845430393248, 'hidden_size': 122, 'dropout': 0.20675510924568752, 'hidden_continuous_size': 11, 'attention_head_size': 4, 'learning_rate': 0.030917006952351132}. Best is trial 0 with value: 0.0373833142220974.
[I 2023-12-26 12:13:16,366] Trial 36 finished with value: 3.2584121227264404 and parameters: {'gradient_clip_val': 0.19830520729366788, 'hidden_size': 150, 'dropout': 0.28007825988658264, 'hidden_continuous_size': 43, 'attention_head_size': 2, 'learning_rate': 0.06627542057652774}. Best is trial 0 with value: 0.0373833142220974.
[I 2023-12-26 12:13:23,303] Trial 37 finished with value: 3.5307729244232178 and parameters: {'gradient_clip_val': 0.24413723228144826, 'hidden_size': 119, 'dropout': 0.27242572474525073, 'hidden_continuous_size': 8, 'attention_head_size': 2, 'learning_rate': 0.054824110173714004}. Best is trial 0 with value: 0.0373833142220974.
[I 2023-12-26 12:13:31,662] Trial 38 finished with value: 4.6353607177734375 and parameters: {'gradient_clip_val': 0.19055475412402287, 'hidden_size': 143, 'dropout': 0.30904249897282543, 'hidden_continuous_size': 6, 'attention_head_size': 1, 'learning_rate': 0.05548952692107057}. Best is trial 0 with value: 0.0373833142220974.
[I 2023-12-26 12:13:37,705] Trial 39 finished with value: 3.4477851390838623 and parameters: {'gradient_clip_val': 0.27099471326497665, 'hidden_size': 105, 'dropout': 0.19177139553189387, 'hidden_continuous_size': 5, 'attention_head_size': 2, 'learning_rate': 0.07213076361088212}. Best is trial 0 with value: 0.0373833142220974.
[I 2023-12-26 12:13:40,053] Trial 40 finished with value: 4.215389728546143 and parameters: {'gradient_clip_val': 0.2107849968691336, 'hidden_size': 30, 'dropout': 0.2878520985433842, 'hidden_continuous_size': 6, 'attention_head_size': 2, 'learning_rate': 0.09574134110132763}. Best is trial 0 with value: 0.0373833142220974.
[I 2023-12-26 12:13:44,970] Trial 41 finished with value: 5.027757167816162 and parameters: {'gradient_clip_val': 0.18189146517895724, 'hidden_size': 85, 'dropout': 0.33856769097562217, 'hidden_continuous_size': 36, 'attention_head_size': 3, 'learning_rate': 0.04364571830424335}. Best is trial 0 with value: 0.0373833142220974.
[I 2023-12-26 12:13:50,330] Trial 42 finished with value: 3.494157552719116 and parameters: {'gradient_clip_val': 0.15525895388888267, 'hidden_size': 89, 'dropout': 0.35747261435741456, 'hidden_continuous_size': 54, 'attention_head_size': 3, 'learning_rate': 0.03141354467965688}. Best is trial 0 with value: 0.0373833142220974.
[I 2023-12-26 12:13:59,315] Trial 43 finished with value: 3.819373846054077 and parameters: {'gradient_clip_val': 0.12373270389104232, 'hidden_size': 150, 'dropout': 0.31668712961960177, 'hidden_continuous_size': 49, 'attention_head_size': 1, 'learning_rate': 0.06686360875602455}. Best is trial 0 with value: 0.0373833142220974.
[I 2023-12-26 12:14:05,667] Trial 44 finished with value: 4.037412166595459 and parameters: {'gradient_clip_val': 0.1771159190921502, 'hidden_size': 109, 'dropout': 0.26630604152587267, 'hidden_continuous_size': 10, 'attention_head_size': 2, 'learning_rate': 0.05083768552356172}. Best is trial 0 with value: 0.0373833142220974.
[I 2023-12-26 12:14:09,442] Trial 45 finished with value: 3.9155185222625732 and parameters: {'gradient_clip_val': 0.20380199282570705, 'hidden_size': 72, 'dropout': 0.30599697687749167, 'hidden_continuous_size': 5, 'attention_head_size': 3, 'learning_rate': 0.028567424780416146}. Best is trial 0 with value: 0.0373833142220974.
[I 2023-12-26 12:14:16,863] Trial 46 finished with value: 3.673614263534546 and parameters: {'gradient_clip_val': 0.14875266597650227, 'hidden_size': 129, 'dropout': 0.2521571235571366, 'hidden_continuous_size': 7, 'attention_head_size': 4, 'learning_rate': 0.017039329635271813}. Best is trial 0 with value: 0.0373833142220974.
[I 2023-12-26 12:14:20,480] Trial 47 finished with value: 5.3353590965271 and parameters: {'gradient_clip_val': 0.24372048468878096, 'hidden_size': 60, 'dropout': 0.2859794868170037, 'hidden_continuous_size': 6, 'attention_head_size': 3, 'learning_rate': 0.025417832547673953}. Best is trial 0 with value: 0.0373833142220974.
[I 2023-12-26 12:14:25,302] Trial 48 finished with value: 4.1832709312438965 and parameters: {'gradient_clip_val': 0.16782984197925718, 'hidden_size': 86, 'dropout': 0.3372293817148926, 'hidden_continuous_size': 8, 'attention_head_size': 2, 'learning_rate': 0.03675562498256414}. Best is trial 0 with value: 0.0373833142220974.
[I 2023-12-26 12:14:31,331] Trial 49 finished with value: 4.737219333648682 and parameters: {'gradient_clip_val': 0.11265684838748401, 'hidden_size': 103, 'dropout': 0.3643510540503676, 'hidden_continuous_size': 14, 'attention_head_size': 4, 'learning_rate': 0.0784877859987646}. Best is trial 0 with value: 0.0373833142220974.
[I 2023-12-26 12:14:31,455] A new study created in memory with name: no-name-1fd2b754-65db-4e18-94ec-0137f563538c
/home/le004/conda/anaconda3/envs/tsff_env/lib/python3.9/site-packages/lightning/fabric/plugins/environments/slurm.py:191: The `srun` command is available on your system but is not used. HINT: If your intention is to run Lightning on SLURM, prepend your python command with `srun` like so: srun python /home/le004/master_thesis/git/TSFusionForecast/code/ ...
[I 2023-12-26 12:18:35,299] Trial 0 finished with value: 0.23185837268829346 and parameters: {'gradient_clip_val': 0.11497475266338765, 'hidden_size': 5, 'dropout': 0.15614312300601957, 'hidden_continuous_size': 5, 'attention_head_size': 4, 'learning_rate': 0.010646355033977158}. Best is trial 0 with value: 0.23185837268829346.
[I 2023-12-26 12:19:41,814] Trial 1 finished with value: 1.501192569732666 and parameters: {'gradient_clip_val': 0.13068331920434131, 'hidden_size': 27, 'dropout': 0.4057016514420121, 'hidden_continuous_size': 6, 'attention_head_size': 3, 'learning_rate': 0.0017824053983807827}. Best is trial 0 with value: 0.23185837268829346.
[I 2023-12-26 12:19:45,465] Trial 2 finished with value: 10.231379508972168 and parameters: {'gradient_clip_val': 0.620980173357828, 'hidden_size': 50, 'dropout': 0.4727186709355995, 'hidden_continuous_size': 12, 'attention_head_size': 2, 'learning_rate': 0.07506340253258145}. Best is trial 0 with value: 0.23185837268829346.
[I 2023-12-26 12:19:47,285] Trial 3 finished with value: 6.467629909515381 and parameters: {'gradient_clip_val': 0.4097314790978813, 'hidden_size': 10, 'dropout': 0.3251391828037878, 'hidden_continuous_size': 10, 'attention_head_size': 1, 'learning_rate': 0.011275603999977686}. Best is trial 0 with value: 0.23185837268829346.
[I 2023-12-26 12:19:53,005] Trial 4 finished with value: 4.604008197784424 and parameters: {'gradient_clip_val': 0.13482584887874946, 'hidden_size': 85, 'dropout': 0.1089478902578319, 'hidden_continuous_size': 8, 'attention_head_size': 3, 'learning_rate': 0.047453642269204}. Best is trial 0 with value: 0.23185837268829346.
[I 2023-12-26 12:19:55,150] Trial 5 finished with value: 6.350718975067139 and parameters: {'gradient_clip_val': 0.136664204831316, 'hidden_size': 14, 'dropout': 0.10241404712860534, 'hidden_continuous_size': 12, 'attention_head_size': 3, 'learning_rate': 0.0045377489948650535}. Best is trial 0 with value: 0.23185837268829346.
[I 2023-12-26 12:19:57,445] Trial 6 finished with value: 6.602590084075928 and parameters: {'gradient_clip_val': 0.7547172666396, 'hidden_size': 23, 'dropout': 0.10744756475556785, 'hidden_continuous_size': 5, 'attention_head_size': 3, 'learning_rate': 0.009589049724959085}. Best is trial 0 with value: 0.23185837268829346.
