[I 2023-12-26 13:34:47,042] Trial 15 finished with value: 1.624388575553894 and parameters: {'gradient_clip_val': 0.10153307712063916, 'hidden_size': 62, 'dropout': 0.24199464445622193, 'hidden_continuous_size': 9, 'attention_head_size': 4, 'learning_rate': 0.0025436331926096917}. Best is trial 0 with value: 0.03240843489766121.
[I 2023-12-26 13:34:53,530] Trial 16 finished with value: 2.0202949047088623 and parameters: {'gradient_clip_val': 0.28938964997643585, 'hidden_size': 114, 'dropout': 0.3264647520306412, 'hidden_continuous_size': 5, 'attention_head_size': 2, 'learning_rate': 0.006464117896767451}. Best is trial 0 with value: 0.03240843489766121.
[I 2023-12-26 13:34:56,037] Trial 17 finished with value: 1.8447061777114868 and parameters: {'gradient_clip_val': 0.1859181595623065, 'hidden_size': 40, 'dropout': 0.25058566002632254, 'hidden_continuous_size': 8, 'attention_head_size': 3, 'learning_rate': 0.026130895498650383}. Best is trial 0 with value: 0.03240843489766121.
[I 2023-12-26 13:35:01,118] Trial 18 finished with value: 2.0758230686187744 and parameters: {'gradient_clip_val': 0.29467734342330276, 'hidden_size': 85, 'dropout': 0.11607778381585293, 'hidden_continuous_size': 13, 'attention_head_size': 3, 'learning_rate': 0.008424337186891508}. Best is trial 0 with value: 0.03240843489766121.
[I 2023-12-26 13:35:04,916] Trial 19 finished with value: 2.252727508544922 and parameters: {'gradient_clip_val': 0.810310746550321, 'hidden_size': 69, 'dropout': 0.3348279355757864, 'hidden_continuous_size': 9, 'attention_head_size': 2, 'learning_rate': 0.022165670510314827}. Best is trial 0 with value: 0.03240843489766121.
[I 2023-12-26 13:35:10,875] Trial 20 finished with value: 2.39611554145813 and parameters: {'gradient_clip_val': 0.2318762662246008, 'hidden_size': 103, 'dropout': 0.2419827326482094, 'hidden_continuous_size': 5, 'attention_head_size': 1, 'learning_rate': 0.004978371686103663}. Best is trial 0 with value: 0.03240843489766121.
[I 2023-12-26 13:35:15,199] Trial 21 finished with value: 1.9716752767562866 and parameters: {'gradient_clip_val': 0.9045256370282022, 'hidden_size': 76, 'dropout': 0.37275546551806005, 'hidden_continuous_size': 33, 'attention_head_size': 1, 'learning_rate': 0.02003539022426348}. Best is trial 0 with value: 0.03240843489766121.
[I 2023-12-26 13:35:22,331] Trial 22 finished with value: 2.011655807495117 and parameters: {'gradient_clip_val': 0.7822057517896752, 'hidden_size': 120, 'dropout': 0.41381040605123387, 'hidden_continuous_size': 61, 'attention_head_size': 1, 'learning_rate': 0.007894730256580273}. Best is trial 0 with value: 0.03240843489766121.
[I 2023-12-26 13:35:26,779] Trial 23 finished with value: 1.7864710092544556 and parameters: {'gradient_clip_val': 0.9907786906171534, 'hidden_size': 78, 'dropout': 0.3560415730271139, 'hidden_continuous_size': 30, 'attention_head_size': 1, 'learning_rate': 0.08865516067737002}. Best is trial 0 with value: 0.03240843489766121.
[I 2023-12-26 13:35:30,372] Trial 24 finished with value: 2.2077958583831787 and parameters: {'gradient_clip_val': 0.6733968806496743, 'hidden_size': 65, 'dropout': 0.3017304232585365, 'hidden_continuous_size': 17, 'attention_head_size': 2, 'learning_rate': 0.034969976531368116}. Best is trial 0 with value: 0.03240843489766121.
[I 2023-12-26 13:35:35,994] Trial 25 finished with value: 2.1830101013183594 and parameters: {'gradient_clip_val': 0.6136908929146893, 'hidden_size': 95, 'dropout': 0.4364370408380909, 'hidden_continuous_size': 27, 'attention_head_size': 3, 'learning_rate': 0.013288366699597643}. Best is trial 0 with value: 0.03240843489766121.
[I 2023-12-26 13:35:44,486] Trial 26 finished with value: 1.4999771118164062 and parameters: {'gradient_clip_val': 0.33131645725323605, 'hidden_size': 135, 'dropout': 0.3567088547009688, 'hidden_continuous_size': 68, 'attention_head_size': 2, 'learning_rate': 0.0035019776866042364}. Best is trial 0 with value: 0.03240843489766121.
[I 2023-12-26 13:35:53,656] Trial 27 finished with value: 1.909489631652832 and parameters: {'gradient_clip_val': 0.3632316277386812, 'hidden_size': 139, 'dropout': 0.33152963736600216, 'hidden_continuous_size': 87, 'attention_head_size': 2, 'learning_rate': 0.00391275715857528}. Best is trial 0 with value: 0.03240843489766121.
[I 2023-12-26 13:36:00,995] Trial 28 finished with value: 1.6550326347351074 and parameters: {'gradient_clip_val': 0.32206214019170115, 'hidden_size': 118, 'dropout': 0.28303370411968665, 'hidden_continuous_size': 65, 'attention_head_size': 2, 'learning_rate': 0.002519385887851062}. Best is trial 0 with value: 0.03240843489766121.
[I 2023-12-26 13:36:08,776] Trial 29 finished with value: 1.4716668128967285 and parameters: {'gradient_clip_val': 0.44526585188725937, 'hidden_size': 116, 'dropout': 0.36606658285961285, 'hidden_continuous_size': 115, 'attention_head_size': 3, 'learning_rate': 0.00851634905141917}. Best is trial 0 with value: 0.03240843489766121.
[I 2023-12-26 13:36:11,345] Trial 30 finished with value: 2.0241341590881348 and parameters: {'gradient_clip_val': 0.4569830552319759, 'hidden_size': 40, 'dropout': 0.315084719048463, 'hidden_continuous_size': 7, 'attention_head_size': 3, 'learning_rate': 0.010601399895846861}. Best is trial 0 with value: 0.03240843489766121.
[I 2023-12-26 13:36:19,342] Trial 31 finished with value: 1.5658693313598633 and parameters: {'gradient_clip_val': 0.43484231492523456, 'hidden_size': 124, 'dropout': 0.36996127114475963, 'hidden_continuous_size': 124, 'attention_head_size': 3, 'learning_rate': 0.004454543491737194}. Best is trial 0 with value: 0.03240843489766121.
[I 2023-12-26 13:36:25,495] Trial 32 finished with value: 1.2039685249328613 and parameters: {'gradient_clip_val': 0.3635453939028871, 'hidden_size': 100, 'dropout': 0.3449702343136992, 'hidden_continuous_size': 64, 'attention_head_size': 4, 'learning_rate': 0.007366492211842298}. Best is trial 0 with value: 0.03240843489766121.
[I 2023-12-26 13:36:31,049] Trial 33 finished with value: 2.1488873958587646 and parameters: {'gradient_clip_val': 0.4201699694348217, 'hidden_size': 96, 'dropout': 0.33747019161941777, 'hidden_continuous_size': 40, 'attention_head_size': 4, 'learning_rate': 0.007340657158865131}. Best is trial 0 with value: 0.03240843489766121.
[I 2023-12-26 13:36:36,143] Trial 34 finished with value: 2.1332619190216064 and parameters: {'gradient_clip_val': 0.37493588386046683, 'hidden_size': 85, 'dropout': 0.3881214961023549, 'hidden_continuous_size': 54, 'attention_head_size': 4, 'learning_rate': 0.005377023305107991}. Best is trial 0 with value: 0.03240843489766121.
[I 2023-12-26 13:36:42,558] Trial 35 finished with value: 1.9297223091125488 and parameters: {'gradient_clip_val': 0.46399122991732233, 'hidden_size': 101, 'dropout': 0.3544947735701883, 'hidden_continuous_size': 75, 'attention_head_size': 4, 'learning_rate': 0.008796865908601272}. Best is trial 0 with value: 0.03240843489766121.
[I 2023-12-26 13:36:46,844] Trial 36 finished with value: 2.3625123500823975 and parameters: {'gradient_clip_val': 0.5396136277497312, 'hidden_size': 73, 'dropout': 0.30739984597134085, 'hidden_continuous_size': 49, 'attention_head_size': 3, 'learning_rate': 0.0060150606603541455}. Best is trial 0 with value: 0.03240843489766121.
[I 2023-12-26 13:36:53,485] Trial 37 finished with value: 1.4306435585021973 and parameters: {'gradient_clip_val': 0.3640467172442623, 'hidden_size': 109, 'dropout': 0.38422347693323716, 'hidden_continuous_size': 36, 'attention_head_size': 4, 'learning_rate': 0.016368712053218444}. Best is trial 0 with value: 0.03240843489766121.
[I 2023-12-26 13:36:58,957] Trial 38 finished with value: 2.0160129070281982 and parameters: {'gradient_clip_val': 0.3457328801299831, 'hidden_size': 91, 'dropout': 0.4170807068046856, 'hidden_continuous_size': 35, 'attention_head_size': 4, 'learning_rate': 0.017263362077013355}. Best is trial 0 with value: 0.03240843489766121.
[I 2023-12-26 13:37:02,414] Trial 39 finished with value: 2.4404654502868652 and parameters: {'gradient_clip_val': 0.39285984048437544, 'hidden_size': 53, 'dropout': 0.18773914943085093, 'hidden_continuous_size': 24, 'attention_head_size': 4, 'learning_rate': 0.015440403654579186}. Best is trial 0 with value: 0.03240843489766121.
[I 2023-12-26 13:37:05,987] Trial 40 finished with value: 1.6315871477127075 and parameters: {'gradient_clip_val': 0.28636255660967636, 'hidden_size': 61, 'dropout': 0.3844190876483431, 'hidden_continuous_size': 40, 'attention_head_size': 4, 'learning_rate': 0.04919624276225438}. Best is trial 0 with value: 0.03240843489766121.
[I 2023-12-26 13:37:12,691] Trial 41 finished with value: 1.8893070220947266 and parameters: {'gradient_clip_val': 0.4911422650614063, 'hidden_size': 112, 'dropout': 0.34000300826517293, 'hidden_continuous_size': 53, 'attention_head_size': 3, 'learning_rate': 0.009792942927782775}. Best is trial 0 with value: 0.03240843489766121.
[I 2023-12-26 13:37:20,593] Trial 42 finished with value: 2.1264326572418213 and parameters: {'gradient_clip_val': 0.4255077693103762, 'hidden_size': 133, 'dropout': 0.3774548422874902, 'hidden_continuous_size': 21, 'attention_head_size': 4, 'learning_rate': 0.010979610414747994}. Best is trial 0 with value: 0.03240843489766121.
[I 2023-12-26 13:37:25,579] Trial 43 finished with value: 1.730837345123291 and parameters: {'gradient_clip_val': 0.3583627218575454, 'hidden_size': 83, 'dropout': 0.40085874165982865, 'hidden_continuous_size': 58, 'attention_head_size': 3, 'learning_rate': 0.007112271631862902}. Best is trial 0 with value: 0.03240843489766121.
[I 2023-12-26 13:37:32,273] Trial 44 finished with value: 2.166109561920166 and parameters: {'gradient_clip_val': 0.570768691591063, 'hidden_size': 109, 'dropout': 0.3524261143374236, 'hidden_continuous_size': 45, 'attention_head_size': 4, 'learning_rate': 0.017486365960273247}. Best is trial 0 with value: 0.03240843489766121.
[I 2023-12-26 13:37:41,785] Trial 45 finished with value: 1.9604772329330444 and parameters: {'gradient_clip_val': 0.3938047480192736, 'hidden_size': 146, 'dropout': 0.29990264430308994, 'hidden_continuous_size': 105, 'attention_head_size': 3, 'learning_rate': 0.005505761600653609}. Best is trial 0 with value: 0.03240843489766121.
[I 2023-12-26 13:37:47,991] Trial 46 finished with value: 1.599129557609558 and parameters: {'gradient_clip_val': 0.49902216228628493, 'hidden_size': 98, 'dropout': 0.26206325010310494, 'hidden_continuous_size': 75, 'attention_head_size': 4, 'learning_rate': 0.012432466032628448}. Best is trial 0 with value: 0.03240843489766121.
[I 2023-12-26 13:37:52,154] Trial 47 finished with value: 2.3145532608032227 and parameters: {'gradient_clip_val': 0.26628206508582836, 'hidden_size': 69, 'dropout': 0.3247013057828827, 'hidden_continuous_size': 51, 'attention_head_size': 3, 'learning_rate': 0.008174329282706266}. Best is trial 0 with value: 0.03240843489766121.
[I 2023-12-26 13:37:59,740] Trial 48 finished with value: 1.6887898445129395 and parameters: {'gradient_clip_val': 0.33027558954827724, 'hidden_size': 125, 'dropout': 0.2086793526715956, 'hidden_continuous_size': 36, 'attention_head_size': 4, 'learning_rate': 0.01014305403062162}. Best is trial 0 with value: 0.03240843489766121.
[I 2023-12-26 13:38:05,018] Trial 49 finished with value: 2.0452191829681396 and parameters: {'gradient_clip_val': 0.2583260218114064, 'hidden_size': 86, 'dropout': 0.2949997845972267, 'hidden_continuous_size': 57, 'attention_head_size': 3, 'learning_rate': 0.0032817295422704795}. Best is trial 0 with value: 0.03240843489766121.
[I 2023-12-26 13:38:05,139] A new study created in memory with name: no-name-13b10a7f-c923-402e-b8da-c0dc03fefa9d
/home/le004/conda/anaconda3/envs/tsff_env/lib/python3.9/site-packages/lightning/fabric/plugins/environments/slurm.py:191: The `srun` command is available on your system but is not used. HINT: If your intention is to run Lightning on SLURM, prepend your python command with `srun` like so: srun python /home/le004/master_thesis/git/TSFusionForecast/code/ ...
[I 2023-12-26 13:42:14,734] Trial 0 finished with value: 0.08369765430688858 and parameters: {'gradient_clip_val': 0.2242488110311349, 'hidden_size': 6, 'dropout': 0.16352123624855514, 'hidden_continuous_size': 6, 'attention_head_size': 3, 'learning_rate': 0.00204126835535881}. Best is trial 0 with value: 0.08369765430688858.
[I 2023-12-26 13:43:58,205] Trial 1 finished with value: 0.4724997282028198 and parameters: {'gradient_clip_val': 0.12078098230926682, 'hidden_size': 22, 'dropout': 0.39641255048018653, 'hidden_continuous_size': 9, 'attention_head_size': 1, 'learning_rate': 0.0005051923144506653}. Best is trial 0 with value: 0.08369765430688858.
[I 2023-12-26 13:44:00,261] Trial 2 finished with value: 3.490554094314575 and parameters: {'gradient_clip_val': 0.34638360126895534, 'hidden_size': 11, 'dropout': 0.29823938099080405, 'hidden_continuous_size': 9, 'attention_head_size': 2, 'learning_rate': 0.005454848957367082}. Best is trial 0 with value: 0.08369765430688858.
[I 2023-12-26 13:44:02,402] Trial 3 finished with value: 3.6150920391082764 and parameters: {'gradient_clip_val': 0.44315485701893526, 'hidden_size': 18, 'dropout': 0.10900662213793431, 'hidden_continuous_size': 5, 'attention_head_size': 3, 'learning_rate': 0.05623893251997054}. Best is trial 0 with value: 0.08369765430688858.
[I 2023-12-26 13:44:10,740] Trial 4 finished with value: 1.7125645875930786 and parameters: {'gradient_clip_val': 0.24394972143766938, 'hidden_size': 117, 'dropout': 0.3104759669135229, 'hidden_continuous_size': 81, 'attention_head_size': 3, 'learning_rate': 0.061012934856710103}. Best is trial 0 with value: 0.08369765430688858.
[I 2023-12-26 13:44:13,461] Trial 5 finished with value: 3.2230284214019775 and parameters: {'gradient_clip_val': 0.5389088890834901, 'hidden_size': 30, 'dropout': 0.31334093191573636, 'hidden_continuous_size': 28, 'attention_head_size': 3, 'learning_rate': 0.0012305268681051314}. Best is trial 0 with value: 0.08369765430688858.
[I 2023-12-26 13:44:15,407] Trial 6 finished with value: 2.8964736461639404 and parameters: {'gradient_clip_val': 0.7229336507016291, 'hidden_size': 16, 'dropout': 0.14560063271570287, 'hidden_continuous_size': 9, 'attention_head_size': 2, 'learning_rate': 0.008363822432722446}. Best is trial 0 with value: 0.08369765430688858.
[I 2023-12-26 13:44:17,665] Trial 7 finished with value: 5.137171268463135 and parameters: {'gradient_clip_val': 0.38852072361270934, 'hidden_size': 22, 'dropout': 0.45074191129193075, 'hidden_continuous_size': 5, 'attention_head_size': 3, 'learning_rate': 0.0727717773215352}. Best is trial 0 with value: 0.08369765430688858.
[I 2023-12-26 13:44:20,422] Trial 8 finished with value: 3.0319671630859375 and parameters: {'gradient_clip_val': 0.9791894965563666, 'hidden_size': 34, 'dropout': 0.4442669877920896, 'hidden_continuous_size': 30, 'attention_head_size': 4, 'learning_rate': 0.0015738365313622456}. Best is trial 0 with value: 0.08369765430688858.
[I 2023-12-26 13:44:22,533] Trial 9 finished with value: 5.03605842590332 and parameters: {'gradient_clip_val': 0.6560970227663834, 'hidden_size': 8, 'dropout': 0.3617872391796484, 'hidden_continuous_size': 6, 'attention_head_size': 3, 'learning_rate': 0.042818551361541404}. Best is trial 0 with value: 0.08369765430688858.
[I 2023-12-26 13:44:24,332] Trial 10 finished with value: 3.2345211505889893 and parameters: {'gradient_clip_val': 0.20435680615123333, 'hidden_size': 5, 'dropout': 0.15559970748206373, 'hidden_continuous_size': 5, 'attention_head_size': 4, 'learning_rate': 0.006153504446069134}. Best is trial 0 with value: 0.08369765430688858.
[I 2023-12-26 13:44:26,063] Trial 11 finished with value: 3.869818687438965 and parameters: {'gradient_clip_val': 0.10984855607983582, 'hidden_size': 5, 'dropout': 0.2329183777916568, 'hidden_continuous_size': 5, 'attention_head_size': 1, 'learning_rate': 0.0005982108048001481}. Best is trial 0 with value: 0.08369765430688858.
[I 2023-12-26 13:44:28,047] Trial 12 finished with value: 4.058976650238037 and parameters: {'gradient_clip_val': 0.12761759405392717, 'hidden_size': 9, 'dropout': 0.20042200768439603, 'hidden_continuous_size': 6, 'attention_head_size': 1, 'learning_rate': 0.0005221427914197322}. Best is trial 0 with value: 0.08369765430688858.
[I 2023-12-26 13:44:31,323] Trial 13 finished with value: 2.90362811088562 and parameters: {'gradient_clip_val': 0.16188413895070863, 'hidden_size': 50, 'dropout': 0.49725577848985286, 'hidden_continuous_size': 10, 'attention_head_size': 2, 'learning_rate': 0.0014568602164144059}. Best is trial 0 with value: 0.08369765430688858.
[I 2023-12-26 13:44:33,370] Trial 14 finished with value: 4.117042064666748 and parameters: {'gradient_clip_val': 0.10030945713838672, 'hidden_size': 12, 'dropout': 0.2404652278121006, 'hidden_continuous_size': 7, 'attention_head_size': 1, 'learning_rate': 0.002266582318780683}. Best is trial 0 with value: 0.08369765430688858.
[I 2023-12-26 13:44:35,335] Trial 15 finished with value: 4.611118316650391 and parameters: {'gradient_clip_val': 0.22863184215355065, 'hidden_size': 7, 'dropout': 0.1024912188188099, 'hidden_continuous_size': 5, 'attention_head_size': 2, 'learning_rate': 0.0005066634585682193}. Best is trial 0 with value: 0.08369765430688858.
[I 2023-12-26 13:44:37,517] Trial 16 finished with value: 3.702716112136841 and parameters: {'gradient_clip_val': 0.1446621065881111, 'hidden_size': 14, 'dropout': 0.39939156742947474, 'hidden_continuous_size': 7, 'attention_head_size': 4, 'learning_rate': 0.003117285810234193}. Best is trial 0 with value: 0.08369765430688858.
[I 2023-12-26 13:44:39,445] Trial 17 finished with value: 4.067389011383057 and parameters: {'gradient_clip_val': 0.17650351574827935, 'hidden_size': 7, 'dropout': 0.371597830788276, 'hidden_continuous_size': 5, 'attention_head_size': 1, 'learning_rate': 0.0009321841239910307}. Best is trial 0 with value: 0.08369765430688858.
[I 2023-12-26 13:44:41,702] Trial 18 finished with value: 3.1715524196624756 and parameters: {'gradient_clip_val': 0.2391912075671499, 'hidden_size': 22, 'dropout': 0.2670042426655683, 'hidden_continuous_size': 8, 'attention_head_size': 2, 'learning_rate': 0.0009037486683955741}. Best is trial 0 with value: 0.08369765430688858.
[I 2023-12-26 13:44:44,855] Trial 19 finished with value: 2.8846328258514404 and parameters: {'gradient_clip_val': 0.29411321960820663, 'hidden_size': 45, 'dropout': 0.17570478812308893, 'hidden_continuous_size': 11, 'attention_head_size': 4, 'learning_rate': 0.002599047103832}. Best is trial 0 with value: 0.08369765430688858.
[I 2023-12-26 13:44:46,895] Trial 20 finished with value: 4.115884780883789 and parameters: {'gradient_clip_val': 0.12948742904497787, 'hidden_size': 11, 'dropout': 0.20686357238276393, 'hidden_continuous_size': 6, 'attention_head_size': 1, 'learning_rate': 0.0008429853211280597}. Best is trial 0 with value: 0.08369765430688858.
[I 2023-12-26 13:44:57,238] Trial 21 finished with value: 3.0657644271850586 and parameters: {'gradient_clip_val': 0.2909893661013547, 'hidden_size': 141, 'dropout': 0.3198946183164925, 'hidden_continuous_size': 104, 'attention_head_size': 3, 'learning_rate': 0.025939345795794787}. Best is trial 0 with value: 0.08369765430688858.
[I 2023-12-26 13:45:02,232] Trial 22 finished with value: 4.163455486297607 and parameters: {'gradient_clip_val': 0.18337986821619306, 'hidden_size': 80, 'dropout': 0.27733645073474034, 'hidden_continuous_size': 12, 'attention_head_size': 3, 'learning_rate': 0.01828326515922895}. Best is trial 0 with value: 0.08369765430688858.
[I 2023-12-26 13:45:04,438] Trial 23 finished with value: 2.739750862121582 and parameters: {'gradient_clip_val': 0.24089750347148872, 'hidden_size': 19, 'dropout': 0.33671123124827196, 'hidden_continuous_size': 8, 'attention_head_size': 3, 'learning_rate': 0.08427822706660595}. Best is trial 0 with value: 0.08369765430688858.
[I 2023-12-26 13:45:07,005] Trial 24 finished with value: 2.790665864944458 and parameters: {'gradient_clip_val': 0.1517234900124326, 'hidden_size': 29, 'dropout': 0.27485073795554604, 'hidden_continuous_size': 13, 'attention_head_size': 2, 'learning_rate': 0.012190978668586839}. Best is trial 0 with value: 0.08369765430688858.
[I 2023-12-26 13:45:11,670] Trial 25 finished with value: 3.848107099533081 and parameters: {'gradient_clip_val': 0.1945599256119263, 'hidden_size': 73, 'dropout': 0.3429031651753048, 'hidden_continuous_size': 16, 'attention_head_size': 3, 'learning_rate': 0.004098143056393507}. Best is trial 0 with value: 0.08369765430688858.
[I 2023-12-26 13:45:13,882] Trial 26 finished with value: 4.559743881225586 and parameters: {'gradient_clip_val': 0.25691573955327573, 'hidden_size': 15, 'dropout': 0.3952109726028872, 'hidden_continuous_size': 7, 'attention_head_size': 4, 'learning_rate': 0.0019963452111553762}. Best is trial 0 with value: 0.08369765430688858.
[I 2023-12-26 13:45:22,744] Trial 27 finished with value: 5.284174919128418 and parameters: {'gradient_clip_val': 0.2085880614681729, 'hidden_size': 134, 'dropout': 0.29795391795029585, 'hidden_continuous_size': 42, 'attention_head_size': 2, 'learning_rate': 0.002867965893025163}. Best is trial 0 with value: 0.08369765430688858.
[I 2023-12-26 13:45:25,140] Trial 28 finished with value: 3.7973954677581787 and parameters: {'gradient_clip_val': 0.16950240421062873, 'hidden_size': 25, 'dropout': 0.24438494921566958, 'hidden_continuous_size': 6, 'attention_head_size': 3, 'learning_rate': 0.003751275672540065}. Best is trial 0 with value: 0.08369765430688858.
[I 2023-12-26 13:45:27,180] Trial 29 finished with value: 3.361704111099243 and parameters: {'gradient_clip_val': 0.36428221483196954, 'hidden_size': 10, 'dropout': 0.30331309625321656, 'hidden_continuous_size': 6, 'attention_head_size': 2, 'learning_rate': 0.004976285086952505}. Best is trial 0 with value: 0.08369765430688858.
