[I 2023-12-26 15:04:06,170] Trial 4 finished with value: 3.528362989425659 and parameters: {'gradient_clip_val': 0.1325635947876103, 'hidden_size': 133, 'dropout': 0.4925619534378862, 'hidden_continuous_size': 17, 'attention_head_size': 2, 'learning_rate': 0.00386489029686013}. Best is trial 0 with value: 0.04289204999804497.
[I 2023-12-26 15:04:08,238] Trial 5 finished with value: 5.626514434814453 and parameters: {'gradient_clip_val': 0.15727046636858408, 'hidden_size': 17, 'dropout': 0.10892152516735765, 'hidden_continuous_size': 10, 'attention_head_size': 2, 'learning_rate': 0.04051308146510352}. Best is trial 0 with value: 0.04289204999804497.
[I 2023-12-26 15:04:10,140] Trial 6 finished with value: 4.692586421966553 and parameters: {'gradient_clip_val': 0.10905805096383983, 'hidden_size': 9, 'dropout': 0.4782437122642852, 'hidden_continuous_size': 5, 'attention_head_size': 1, 'learning_rate': 0.01303101475191206}. Best is trial 0 with value: 0.04289204999804497.
[I 2023-12-26 15:04:11,813] Trial 7 finished with value: 4.894853591918945 and parameters: {'gradient_clip_val': 0.2958277943585095, 'hidden_size': 8, 'dropout': 0.4955322716549394, 'hidden_continuous_size': 8, 'attention_head_size': 1, 'learning_rate': 0.05270880118473344}. Best is trial 0 with value: 0.04289204999804497.
[I 2023-12-26 15:04:13,844] Trial 8 finished with value: 3.2670767307281494 and parameters: {'gradient_clip_val': 0.4262179750538951, 'hidden_size': 17, 'dropout': 0.43358381527581136, 'hidden_continuous_size': 7, 'attention_head_size': 2, 'learning_rate': 0.0008719714510269652}. Best is trial 0 with value: 0.04289204999804497.
[I 2023-12-26 15:04:15,901] Trial 9 finished with value: 5.556560516357422 and parameters: {'gradient_clip_val': 0.7492325850512259, 'hidden_size': 13, 'dropout': 0.22529453320346043, 'hidden_continuous_size': 12, 'attention_head_size': 2, 'learning_rate': 0.005913372306359423}. Best is trial 0 with value: 0.04289204999804497.
[I 2023-12-26 15:04:17,896] Trial 10 finished with value: 4.2473859786987305 and parameters: {'gradient_clip_val': 0.2561919407610982, 'hidden_size': 5, 'dropout': 0.33241969818057565, 'hidden_continuous_size': 5, 'attention_head_size': 4, 'learning_rate': 0.09071963966576387}. Best is trial 0 with value: 0.04289204999804497.
[I 2023-12-26 15:04:20,415] Trial 11 finished with value: 6.96656608581543 and parameters: {'gradient_clip_val': 0.9850171059911755, 'hidden_size': 37, 'dropout': 0.38418109997540334, 'hidden_continuous_size': 8, 'attention_head_size': 1, 'learning_rate': 0.07294831660900844}. Best is trial 0 with value: 0.04289204999804497.
[I 2023-12-26 15:04:23,582] Trial 12 finished with value: 4.397243976593018 and parameters: {'gradient_clip_val': 0.4201144069814601, 'hidden_size': 53, 'dropout': 0.38456125143674, 'hidden_continuous_size': 36, 'attention_head_size': 1, 'learning_rate': 0.03645952304105195}. Best is trial 0 with value: 0.04289204999804497.
[I 2023-12-26 15:04:25,894] Trial 13 finished with value: 4.156167984008789 and parameters: {'gradient_clip_val': 0.6112377514940027, 'hidden_size': 26, 'dropout': 0.3019232205916954, 'hidden_continuous_size': 5, 'attention_head_size': 3, 'learning_rate': 0.02562368077950781}. Best is trial 0 with value: 0.04289204999804497.
[I 2023-12-26 15:04:29,715] Trial 14 finished with value: 3.6246116161346436 and parameters: {'gradient_clip_val': 0.34514746138287655, 'hidden_size': 69, 'dropout': 0.39576495342609896, 'hidden_continuous_size': 11, 'attention_head_size': 1, 'learning_rate': 0.0955898851279867}. Best is trial 0 with value: 0.04289204999804497.
[I 2023-12-26 15:04:32,068] Trial 15 finished with value: 4.069598197937012 and parameters: {'gradient_clip_val': 0.20604075327054228, 'hidden_size': 26, 'dropout': 0.3437367667030385, 'hidden_continuous_size': 6, 'attention_head_size': 4, 'learning_rate': 0.04339604529455983}. Best is trial 0 with value: 0.04289204999804497.
[I 2023-12-26 15:04:36,550] Trial 16 finished with value: 4.172483444213867 and parameters: {'gradient_clip_val': 0.9960694801016716, 'hidden_size': 73, 'dropout': 0.4293713610640063, 'hidden_continuous_size': 66, 'attention_head_size': 1, 'learning_rate': 0.01533746328960904}. Best is trial 0 with value: 0.04289204999804497.
[I 2023-12-26 15:04:38,865] Trial 17 finished with value: 6.701578617095947 and parameters: {'gradient_clip_val': 0.60727387745998, 'hidden_size': 32, 'dropout': 0.25527002346520783, 'hidden_continuous_size': 6, 'attention_head_size': 3, 'learning_rate': 0.08926821302871354}. Best is trial 0 with value: 0.04289204999804497.
[I 2023-12-26 15:04:41,062] Trial 18 finished with value: 4.28855562210083 and parameters: {'gradient_clip_val': 0.3530681541108149, 'hidden_size': 23, 'dropout': 0.3533550706168664, 'hidden_continuous_size': 5, 'attention_head_size': 1, 'learning_rate': 0.028947286024745247}. Best is trial 0 with value: 0.04289204999804497.
[I 2023-12-26 15:04:43,923] Trial 19 finished with value: 4.583207607269287 and parameters: {'gradient_clip_val': 0.3049758429063522, 'hidden_size': 46, 'dropout': 0.4163573506400858, 'hidden_continuous_size': 9, 'attention_head_size': 2, 'learning_rate': 0.05783328453328832}. Best is trial 0 with value: 0.04289204999804497.
[I 2023-12-26 15:04:47,656] Trial 20 finished with value: 4.043778896331787 and parameters: {'gradient_clip_val': 0.24681005382435725, 'hidden_size': 66, 'dropout': 0.45642245953577854, 'hidden_continuous_size': 13, 'attention_head_size': 1, 'learning_rate': 0.055785249475052236}. Best is trial 0 with value: 0.04289204999804497.
[I 2023-12-26 15:04:49,779] Trial 21 finished with value: 4.089235782623291 and parameters: {'gradient_clip_val': 0.42222564360946474, 'hidden_size': 20, 'dropout': 0.430448376468061, 'hidden_continuous_size': 7, 'attention_head_size': 2, 'learning_rate': 0.0009149629812020222}. Best is trial 0 with value: 0.04289204999804497.
[I 2023-12-26 15:04:52,316] Trial 22 finished with value: 4.362944602966309 and parameters: {'gradient_clip_val': 0.7795676259959873, 'hidden_size': 32, 'dropout': 0.40488799773982276, 'hidden_continuous_size': 7, 'attention_head_size': 2, 'learning_rate': 0.0005855644892465181}. Best is trial 0 with value: 0.04289204999804497.
[I 2023-12-26 15:04:54,178] Trial 23 finished with value: 7.200801849365234 and parameters: {'gradient_clip_val': 0.49038497747925985, 'hidden_size': 16, 'dropout': 0.4535046312722565, 'hidden_continuous_size': 6, 'attention_head_size': 1, 'learning_rate': 0.002815521926436848}. Best is trial 0 with value: 0.04289204999804497.
[I 2023-12-26 15:04:56,295] Trial 24 finished with value: 4.237444877624512 and parameters: {'gradient_clip_val': 0.38091470443497844, 'hidden_size': 20, 'dropout': 0.3694738076618372, 'hidden_continuous_size': 5, 'attention_head_size': 3, 'learning_rate': 0.0018736200898546295}. Best is trial 0 with value: 0.04289204999804497.
[I 2023-12-26 15:04:58,740] Trial 25 finished with value: 4.920907020568848 and parameters: {'gradient_clip_val': 0.45615197706512733, 'hidden_size': 30, 'dropout': 0.41422336831452605, 'hidden_continuous_size': 7, 'attention_head_size': 2, 'learning_rate': 0.009266424971655501}. Best is trial 0 with value: 0.04289204999804497.
[I 2023-12-26 15:05:01,244] Trial 26 finished with value: 3.7694807052612305 and parameters: {'gradient_clip_val': 0.5380726033428597, 'hidden_size': 40, 'dropout': 0.3735272927623263, 'hidden_continuous_size': 9, 'attention_head_size': 1, 'learning_rate': 0.022367179844378738}. Best is trial 0 with value: 0.04289204999804497.
[I 2023-12-26 15:05:03,360] Trial 27 finished with value: 4.1348700523376465 and parameters: {'gradient_clip_val': 0.3981450976504737, 'hidden_size': 24, 'dropout': 0.3251084740887955, 'hidden_continuous_size': 6, 'attention_head_size': 1, 'learning_rate': 0.011142869709034213}. Best is trial 0 with value: 0.04289204999804497.
[I 2023-12-26 15:05:05,755] Trial 28 finished with value: 4.439027786254883 and parameters: {'gradient_clip_val': 0.31053171246374656, 'hidden_size': 32, 'dropout': 0.46025182148411564, 'hidden_continuous_size': 5, 'attention_head_size': 2, 'learning_rate': 0.03203521408399658}. Best is trial 0 with value: 0.04289204999804497.
[I 2023-12-26 15:05:09,301] Trial 29 finished with value: 4.651797294616699 and parameters: {'gradient_clip_val': 0.19490986583374223, 'hidden_size': 51, 'dropout': 0.4519870721559397, 'hidden_continuous_size': 10, 'attention_head_size': 2, 'learning_rate': 0.022677933923658966}. Best is trial 0 with value: 0.04289204999804497.
[I 2023-12-26 15:05:12,355] Trial 30 finished with value: 4.466317176818848 and parameters: {'gradient_clip_val': 0.2594850348129429, 'hidden_size': 39, 'dropout': 0.4304444170320834, 'hidden_continuous_size': 15, 'attention_head_size': 3, 'learning_rate': 0.018571800296014105}. Best is trial 0 with value: 0.04289204999804497.
[I 2023-12-26 15:05:20,288] Trial 31 finished with value: 5.74237060546875 and parameters: {'gradient_clip_val': 0.16612374369990807, 'hidden_size': 119, 'dropout': 0.4840974096961696, 'hidden_continuous_size': 18, 'attention_head_size': 2, 'learning_rate': 0.0035193785966638434}. Best is trial 0 with value: 0.04289204999804497.
[I 2023-12-26 15:05:28,107] Trial 32 finished with value: 3.9703190326690674 and parameters: {'gradient_clip_val': 0.10972799807574274, 'hidden_size': 116, 'dropout': 0.49518188357323445, 'hidden_continuous_size': 26, 'attention_head_size': 2, 'learning_rate': 0.007985276928558096}. Best is trial 0 with value: 0.04289204999804497.
[I 2023-12-26 15:05:34,331] Trial 33 finished with value: 4.503698348999023 and parameters: {'gradient_clip_val': 0.1290840171711567, 'hidden_size': 93, 'dropout': 0.4712838631100528, 'hidden_continuous_size': 14, 'attention_head_size': 2, 'learning_rate': 0.001361929391987595}. Best is trial 0 with value: 0.04289204999804497.
[I 2023-12-26 15:05:44,192] Trial 34 finished with value: 4.26136589050293 and parameters: {'gradient_clip_val': 0.1822768194295897, 'hidden_size': 147, 'dropout': 0.4367755926876817, 'hidden_continuous_size': 10, 'attention_head_size': 1, 'learning_rate': 0.005464564301965912}. Best is trial 0 with value: 0.04289204999804497.
[I 2023-12-26 15:05:47,950] Trial 35 finished with value: 3.83657169342041 and parameters: {'gradient_clip_val': 0.1485004283347388, 'hidden_size': 54, 'dropout': 0.4950143289862232, 'hidden_continuous_size': 17, 'attention_head_size': 3, 'learning_rate': 0.013099673738758297}. Best is trial 0 with value: 0.04289204999804497.
[I 2023-12-26 15:05:53,912] Trial 36 finished with value: 5.390048503875732 and parameters: {'gradient_clip_val': 0.14197111533480705, 'hidden_size': 87, 'dropout': 0.4710161369964568, 'hidden_continuous_size': 12, 'attention_head_size': 2, 'learning_rate': 0.004374537106539191}. Best is trial 0 with value: 0.04289204999804497.
[I 2023-12-26 15:05:56,025] Trial 37 finished with value: 4.633193492889404 and parameters: {'gradient_clip_val': 0.25767754872030607, 'hidden_size': 14, 'dropout': 0.4089149581612258, 'hidden_continuous_size': 7, 'attention_head_size': 1, 'learning_rate': 0.00692857424207458}. Best is trial 0 with value: 0.04289204999804497.
[I 2023-12-26 15:05:58,076] Trial 38 finished with value: 4.7491021156311035 and parameters: {'gradient_clip_val': 0.24086405657788307, 'hidden_size': 10, 'dropout': 0.47055087531822426, 'hidden_continuous_size': 5, 'attention_head_size': 1, 'learning_rate': 0.06803485142366011}. Best is trial 0 with value: 0.04289204999804497.
[I 2023-12-26 15:06:00,293] Trial 39 finished with value: 4.09883451461792 and parameters: {'gradient_clip_val': 0.17473251634901904, 'hidden_size': 18, 'dropout': 0.4415178200852283, 'hidden_continuous_size': 8, 'attention_head_size': 4, 'learning_rate': 0.04341568781702073}. Best is trial 0 with value: 0.04289204999804497.
[I 2023-12-26 15:06:02,504] Trial 40 finished with value: 4.562923908233643 and parameters: {'gradient_clip_val': 0.20881917144085857, 'hidden_size': 15, 'dropout': 0.4990152577512595, 'hidden_continuous_size': 6, 'attention_head_size': 2, 'learning_rate': 0.017148224201605677}. Best is trial 0 with value: 0.04289204999804497.
[I 2023-12-26 15:06:06,783] Trial 41 finished with value: 4.417637348175049 and parameters: {'gradient_clip_val': 0.3389609150840311, 'hidden_size': 63, 'dropout': 0.39109502984303635, 'hidden_continuous_size': 10, 'attention_head_size': 1, 'learning_rate': 0.09648823308004016}. Best is trial 0 with value: 0.04289204999804497.
[I 2023-12-26 15:06:10,130] Trial 42 finished with value: 4.935642719268799 and parameters: {'gradient_clip_val': 0.35086185771297607, 'hidden_size': 47, 'dropout': 0.3952218375231694, 'hidden_continuous_size': 11, 'attention_head_size': 1, 'learning_rate': 0.07483736248081409}. Best is trial 0 with value: 0.04289204999804497.
[I 2023-12-26 15:06:13,008] Trial 43 finished with value: 4.19611930847168 and parameters: {'gradient_clip_val': 0.28588698302512366, 'hidden_size': 41, 'dropout': 0.3665882115289398, 'hidden_continuous_size': 8, 'attention_head_size': 1, 'learning_rate': 0.047298025747385355}. Best is trial 0 with value: 0.04289204999804497.
[I 2023-12-26 15:06:16,934] Trial 44 finished with value: 4.416897296905518 and parameters: {'gradient_clip_val': 0.22268759667390498, 'hidden_size': 60, 'dropout': 0.4199633529459984, 'hidden_continuous_size': 12, 'attention_head_size': 1, 'learning_rate': 0.09933714724853003}. Best is trial 0 with value: 0.04289204999804497.
[I 2023-12-26 15:06:22,304] Trial 45 finished with value: 4.2049736976623535 and parameters: {'gradient_clip_val': 0.2877539550307127, 'hidden_size': 79, 'dropout': 0.39936377340202234, 'hidden_continuous_size': 20, 'attention_head_size': 1, 'learning_rate': 0.03287903487404721}. Best is trial 0 with value: 0.04289204999804497.
[I 2023-12-26 15:06:26,705] Trial 46 finished with value: 4.574998378753662 and parameters: {'gradient_clip_val': 0.32619330495179316, 'hidden_size': 60, 'dropout': 0.44976352435063993, 'hidden_continuous_size': 14, 'attention_head_size': 2, 'learning_rate': 0.0649229087215664}. Best is trial 0 with value: 0.04289204999804497.
[I 2023-12-26 15:06:29,949] Trial 47 finished with value: 4.52164888381958 and parameters: {'gradient_clip_val': 0.37248226969281173, 'hidden_size': 47, 'dropout': 0.39215391353538687, 'hidden_continuous_size': 5, 'attention_head_size': 1, 'learning_rate': 0.03797873338437427}. Best is trial 0 with value: 0.04289204999804497.
[I 2023-12-26 15:06:32,703] Trial 48 finished with value: 5.708711624145508 and parameters: {'gradient_clip_val': 0.44418897722543493, 'hidden_size': 35, 'dropout': 0.42443130113562044, 'hidden_continuous_size': 11, 'attention_head_size': 3, 'learning_rate': 0.07749750486802437}. Best is trial 0 with value: 0.04289204999804497.
[I 2023-12-26 15:06:35,198] Trial 49 finished with value: 4.6050496101379395 and parameters: {'gradient_clip_val': 0.5729834229001226, 'hidden_size': 28, 'dropout': 0.35513429228847276, 'hidden_continuous_size': 6, 'attention_head_size': 1, 'learning_rate': 0.055104191332162746}. Best is trial 0 with value: 0.04289204999804497.
[I 2023-12-26 15:06:35,320] A new study created in memory with name: no-name-03889923-9f10-4f0e-b814-c74eacb26984
/home/le004/conda/anaconda3/envs/tsff_env/lib/python3.9/site-packages/lightning/fabric/plugins/environments/slurm.py:191: The `srun` command is available on your system but is not used. HINT: If your intention is to run Lightning on SLURM, prepend your python command with `srun` like so: srun python /home/le004/master_thesis/git/TSFusionForecast/code/ ...
[I 2023-12-26 15:11:20,670] Trial 0 finished with value: 0.05978952720761299 and parameters: {'gradient_clip_val': 0.9706781432291925, 'hidden_size': 12, 'dropout': 0.23458967575518358, 'hidden_continuous_size': 10, 'attention_head_size': 3, 'learning_rate': 0.002546371419765575}. Best is trial 0 with value: 0.05978952720761299.
[I 2023-12-26 15:11:35,635] Trial 1 finished with value: 0.35403093695640564 and parameters: {'gradient_clip_val': 0.3585342874410614, 'hidden_size': 13, 'dropout': 0.18168829764295302, 'hidden_continuous_size': 8, 'attention_head_size': 4, 'learning_rate': 0.019295807573644425}. Best is trial 0 with value: 0.05978952720761299.
[I 2023-12-26 15:11:38,010] Trial 2 finished with value: 2.24881649017334 and parameters: {'gradient_clip_val': 0.260804069701025, 'hidden_size': 12, 'dropout': 0.18957567063301248, 'hidden_continuous_size': 12, 'attention_head_size': 4, 'learning_rate': 0.000974482713718105}. Best is trial 0 with value: 0.05978952720761299.
[I 2023-12-26 15:11:40,211] Trial 3 finished with value: 1.9511194229125977 and parameters: {'gradient_clip_val': 0.25224292852437485, 'hidden_size': 5, 'dropout': 0.14927007258612696, 'hidden_continuous_size': 5, 'attention_head_size': 4, 'learning_rate': 0.046173970180387186}. Best is trial 0 with value: 0.05978952720761299.
[I 2023-12-26 15:11:46,188] Trial 4 finished with value: 1.8399380445480347 and parameters: {'gradient_clip_val': 0.16875396214829386, 'hidden_size': 68, 'dropout': 0.3137755622189489, 'hidden_continuous_size': 13, 'attention_head_size': 4, 'learning_rate': 0.010692225852366231}. Best is trial 0 with value: 0.05978952720761299.
[I 2023-12-26 15:11:56,654] Trial 5 finished with value: 1.3558951616287231 and parameters: {'gradient_clip_val': 0.16441802642497153, 'hidden_size': 145, 'dropout': 0.2896864078188245, 'hidden_continuous_size': 48, 'attention_head_size': 1, 'learning_rate': 0.07794543447151882}. Best is trial 0 with value: 0.05978952720761299.
[I 2023-12-26 15:12:01,986] Trial 6 finished with value: 1.8576337099075317 and parameters: {'gradient_clip_val': 0.16490975754947654, 'hidden_size': 77, 'dropout': 0.22940546659789596, 'hidden_continuous_size': 13, 'attention_head_size': 2, 'learning_rate': 0.027150187790738214}. Best is trial 0 with value: 0.05978952720761299.
[I 2023-12-26 15:12:03,678] Trial 7 finished with value: 2.537097454071045 and parameters: {'gradient_clip_val': 0.9149488008238473, 'hidden_size': 5, 'dropout': 0.22183197706863972, 'hidden_continuous_size': 5, 'attention_head_size': 1, 'learning_rate': 0.014349954799256352}. Best is trial 0 with value: 0.05978952720761299.
[I 2023-12-26 15:12:09,826] Trial 8 finished with value: 2.0302646160125732 and parameters: {'gradient_clip_val': 0.22790228181309902, 'hidden_size': 81, 'dropout': 0.32324035469590007, 'hidden_continuous_size': 13, 'attention_head_size': 3, 'learning_rate': 0.06777480674781594}. Best is trial 0 with value: 0.05978952720761299.
[I 2023-12-26 15:12:12,434] Trial 9 finished with value: 2.5141384601593018 and parameters: {'gradient_clip_val': 0.14494323452082247, 'hidden_size': 13, 'dropout': 0.3347455482343361, 'hidden_continuous_size': 7, 'attention_head_size': 3, 'learning_rate': 0.004320069095572106}. Best is trial 0 with value: 0.05978952720761299.
[I 2023-12-26 15:12:15,808] Trial 10 finished with value: 1.8238749504089355 and parameters: {'gradient_clip_val': 0.940381439632745, 'hidden_size': 29, 'dropout': 0.43060626654417344, 'hidden_continuous_size': 19, 'attention_head_size': 2, 'learning_rate': 0.0028718017704676703}. Best is trial 0 with value: 0.05978952720761299.
[I 2023-12-26 15:12:18,115] Trial 11 finished with value: 1.3916964530944824 and parameters: {'gradient_clip_val': 0.49688068044563666, 'hidden_size': 15, 'dropout': 0.10312204607873655, 'hidden_continuous_size': 8, 'attention_head_size': 3, 'learning_rate': 0.001800468567552435}. Best is trial 0 with value: 0.05978952720761299.
[I 2023-12-26 15:12:20,548] Trial 12 finished with value: 2.089197874069214 and parameters: {'gradient_clip_val': 0.4278302325050238, 'hidden_size': 23, 'dropout': 0.16521752663943778, 'hidden_continuous_size': 8, 'attention_head_size': 4, 'learning_rate': 0.0005410370044842363}. Best is trial 0 with value: 0.05978952720761299.
[I 2023-12-26 15:12:22,409] Trial 13 finished with value: 2.2683908939361572 and parameters: {'gradient_clip_val': 0.644593251546543, 'hidden_size': 8, 'dropout': 0.24043785079949836, 'hidden_continuous_size': 6, 'attention_head_size': 3, 'learning_rate': 0.006271819458162261}. Best is trial 0 with value: 0.05978952720761299.
[I 2023-12-26 15:12:24,961] Trial 14 finished with value: 1.798008918762207 and parameters: {'gradient_clip_val': 0.36023296345569117, 'hidden_size': 23, 'dropout': 0.11085997158358715, 'hidden_continuous_size': 9, 'attention_head_size': 2, 'learning_rate': 0.01642165035749216}. Best is trial 0 with value: 0.05978952720761299.
[I 2023-12-26 15:12:27,347] Trial 15 finished with value: 2.4446909427642822 and parameters: {'gradient_clip_val': 0.6118590665647055, 'hidden_size': 8, 'dropout': 0.2534702773756759, 'hidden_continuous_size': 5, 'attention_head_size': 4, 'learning_rate': 0.008067971746153048}. Best is trial 0 with value: 0.05978952720761299.
[I 2023-12-26 15:12:31,375] Trial 16 finished with value: 1.8732341527938843 and parameters: {'gradient_clip_val': 0.11252185862209035, 'hidden_size': 34, 'dropout': 0.18258139973460286, 'hidden_continuous_size': 10, 'attention_head_size': 3, 'learning_rate': 0.003391035255076667}. Best is trial 0 with value: 0.05978952720761299.
[I 2023-12-26 15:12:33,748] Trial 17 finished with value: 1.7728067636489868 and parameters: {'gradient_clip_val': 0.3388283278274351, 'hidden_size': 16, 'dropout': 0.14927053328884082, 'hidden_continuous_size': 7, 'attention_head_size': 4, 'learning_rate': 0.0214385307916666}. Best is trial 0 with value: 0.05978952720761299.
[I 2023-12-26 15:12:36,189] Trial 18 finished with value: 2.3085830211639404 and parameters: {'gradient_clip_val': 0.6896190172425511, 'hidden_size': 9, 'dropout': 0.27167688801465395, 'hidden_continuous_size': 6, 'attention_head_size': 3, 'learning_rate': 0.00799608794853578}. Best is trial 0 with value: 0.05978952720761299.
