[I 2023-12-15 23:59:31,273] Trial 16 finished with value: 0.5480526685714722 and parameters: {'gradient_clip_val': 0.3325288004108973, 'hidden_size': 51, 'dropout': 0.3704923479179282, 'hidden_continuous_size': 25, 'attention_head_size': 2, 'learning_rate': 0.0049033584470355215}. Best is trial 13 with value: 0.033984094858169556.
LOCAL_RANK: 0 - CUDA_VISIBLE_DEVICES: [0]
[I 2023-12-16 00:00:29,270] Trial 17 finished with value: 0.20059287548065186 and parameters: {'gradient_clip_val': 0.2118938142185767, 'hidden_size': 93, 'dropout': 0.32518181947250735, 'hidden_continuous_size': 81, 'attention_head_size': 3, 'learning_rate': 0.0012237862864854941}. Best is trial 13 with value: 0.033984094858169556.
LOCAL_RANK: 0 - CUDA_VISIBLE_DEVICES: [0]
[I 2023-12-16 00:01:25,360] Trial 18 finished with value: 0.06115514039993286 and parameters: {'gradient_clip_val': 0.5939035737236823, 'hidden_size': 97, 'dropout': 0.36239647426902877, 'hidden_continuous_size': 31, 'attention_head_size': 4, 'learning_rate': 0.0034057597664633246}. Best is trial 13 with value: 0.033984094858169556.
LOCAL_RANK: 0 - CUDA_VISIBLE_DEVICES: [0]
[I 2023-12-16 00:02:14,304] Trial 19 finished with value: 0.07536297291517258 and parameters: {'gradient_clip_val': 0.7951081369875141, 'hidden_size': 21, 'dropout': 0.39402634130751435, 'hidden_continuous_size': 8, 'attention_head_size': 3, 'learning_rate': 0.009325423070562612}. Best is trial 13 with value: 0.033984094858169556.
LOCAL_RANK: 0 - CUDA_VISIBLE_DEVICES: [0]
[I 2023-12-16 00:03:08,497] Trial 20 finished with value: 0.06980711966753006 and parameters: {'gradient_clip_val': 0.5661869215611386, 'hidden_size': 59, 'dropout': 0.32502302185486814, 'hidden_continuous_size': 23, 'attention_head_size': 4, 'learning_rate': 0.02533697020569164}. Best is trial 13 with value: 0.033984094858169556.
LOCAL_RANK: 0 - CUDA_VISIBLE_DEVICES: [0]
[I 2023-12-16 00:03:59,756] Trial 21 finished with value: 0.25297537446022034 and parameters: {'gradient_clip_val': 0.42449645912484274, 'hidden_size': 34, 'dropout': 0.3129592342697378, 'hidden_continuous_size': 14, 'attention_head_size': 4, 'learning_rate': 0.001804709726879531}. Best is trial 13 with value: 0.033984094858169556.
LOCAL_RANK: 0 - CUDA_VISIBLE_DEVICES: [0]
[I 2023-12-16 00:04:53,070] Trial 22 finished with value: 0.07395144551992416 and parameters: {'gradient_clip_val': 0.49580463182399553, 'hidden_size': 41, 'dropout': 0.2872206360120219, 'hidden_continuous_size': 20, 'attention_head_size': 4, 'learning_rate': 0.0032103523932199038}. Best is trial 13 with value: 0.033984094858169556.
LOCAL_RANK: 0 - CUDA_VISIBLE_DEVICES: [0]
[I 2023-12-16 00:05:42,771] Trial 23 finished with value: 0.19780325889587402 and parameters: {'gradient_clip_val': 0.8235473581143327, 'hidden_size': 25, 'dropout': 0.36239104840894915, 'hidden_continuous_size': 14, 'attention_head_size': 4, 'learning_rate': 0.0018010861417984267}. Best is trial 13 with value: 0.033984094858169556.
LOCAL_RANK: 0 - CUDA_VISIBLE_DEVICES: [0]
[I 2023-12-16 00:06:37,000] Trial 24 finished with value: 0.07536768168210983 and parameters: {'gradient_clip_val': 0.38852369797574904, 'hidden_size': 69, 'dropout': 0.31895218838448147, 'hidden_continuous_size': 25, 'attention_head_size': 3, 'learning_rate': 0.0038978480373764836}. Best is trial 13 with value: 0.033984094858169556.
LOCAL_RANK: 0 - CUDA_VISIBLE_DEVICES: [0]
[I 2023-12-16 00:07:30,309] Trial 25 finished with value: 0.07896851748228073 and parameters: {'gradient_clip_val': 0.6507339779293488, 'hidden_size': 41, 'dropout': 0.26968129798651835, 'hidden_continuous_size': 16, 'attention_head_size': 4, 'learning_rate': 0.001139745114074741}. Best is trial 13 with value: 0.033984094858169556.
LOCAL_RANK: 0 - CUDA_VISIBLE_DEVICES: [0]
[I 2023-12-16 00:08:19,020] Trial 26 finished with value: 0.27271905541419983 and parameters: {'gradient_clip_val': 0.4534418272249728, 'hidden_size': 19, 'dropout': 0.34183960218833814, 'hidden_continuous_size': 13, 'attention_head_size': 3, 'learning_rate': 0.0024775498876379687}. Best is trial 13 with value: 0.033984094858169556.
LOCAL_RANK: 0 - CUDA_VISIBLE_DEVICES: [0]
[I 2023-12-16 00:09:07,968] Trial 27 finished with value: 0.10484442859888077 and parameters: {'gradient_clip_val': 0.5512413104137979, 'hidden_size': 28, 'dropout': 0.30490233234407993, 'hidden_continuous_size': 16, 'attention_head_size': 4, 'learning_rate': 0.00877455674514517}. Best is trial 13 with value: 0.033984094858169556.
LOCAL_RANK: 0 - CUDA_VISIBLE_DEVICES: [0]
[I 2023-12-16 00:09:56,068] Trial 28 finished with value: 0.207672119140625 and parameters: {'gradient_clip_val': 0.36628680986663076, 'hidden_size': 18, 'dropout': 0.38100525558024584, 'hidden_continuous_size': 12, 'attention_head_size': 2, 'learning_rate': 0.00442108299972233}. Best is trial 13 with value: 0.033984094858169556.
LOCAL_RANK: 0 - CUDA_VISIBLE_DEVICES: [0]
[I 2023-12-16 00:10:46,101] Trial 29 finished with value: 0.08559069782495499 and parameters: {'gradient_clip_val': 0.2808108057722155, 'hidden_size': 27, 'dropout': 0.3514194355204707, 'hidden_continuous_size': 14, 'attention_head_size': 4, 'learning_rate': 0.002414170187898837}. Best is trial 13 with value: 0.033984094858169556.
LOCAL_RANK: 0 - CUDA_VISIBLE_DEVICES: [0]
[I 2023-12-16 00:11:39,085] Trial 30 finished with value: 0.039878733456134796 and parameters: {'gradient_clip_val': 0.5034635650990157, 'hidden_size': 38, 'dropout': 0.36407261970981497, 'hidden_continuous_size': 21, 'attention_head_size': 4, 'learning_rate': 0.0069472544603139995}. Best is trial 13 with value: 0.033984094858169556.
LOCAL_RANK: 0 - CUDA_VISIBLE_DEVICES: [0]
[I 2023-12-16 00:12:32,196] Trial 31 finished with value: 0.40690526366233826 and parameters: {'gradient_clip_val': 0.4968621159976295, 'hidden_size': 37, 'dropout': 0.3643292795485766, 'hidden_continuous_size': 21, 'attention_head_size': 4, 'learning_rate': 0.006758324555050116}. Best is trial 13 with value: 0.033984094858169556.
LOCAL_RANK: 0 - CUDA_VISIBLE_DEVICES: [0]
[I 2023-12-16 00:13:22,382] Trial 32 finished with value: 0.16897690296173096 and parameters: {'gradient_clip_val': 0.7258016673680059, 'hidden_size': 29, 'dropout': 0.32518321285039437, 'hidden_continuous_size': 17, 'attention_head_size': 4, 'learning_rate': 0.0055834300416023165}. Best is trial 13 with value: 0.033984094858169556.
LOCAL_RANK: 0 - CUDA_VISIBLE_DEVICES: [0]
[I 2023-12-16 00:14:15,656] Trial 33 finished with value: 0.3189146816730499 and parameters: {'gradient_clip_val': 0.5715292774176249, 'hidden_size': 46, 'dropout': 0.35070020419385645, 'hidden_continuous_size': 22, 'attention_head_size': 4, 'learning_rate': 0.003509363114565467}. Best is trial 13 with value: 0.033984094858169556.
LOCAL_RANK: 0 - CUDA_VISIBLE_DEVICES: [0]
[I 2023-12-16 00:15:06,611] Trial 34 finished with value: 0.09068509191274643 and parameters: {'gradient_clip_val': 0.4458036092088574, 'hidden_size': 36, 'dropout': 0.3821119690403885, 'hidden_continuous_size': 19, 'attention_head_size': 1, 'learning_rate': 0.01285002714105018}. Best is trial 13 with value: 0.033984094858169556.
LOCAL_RANK: 0 - CUDA_VISIBLE_DEVICES: [0]
[I 2023-12-16 00:15:55,990] Trial 35 finished with value: 0.9934062957763672 and parameters: {'gradient_clip_val': 0.3567248427095385, 'hidden_size': 23, 'dropout': 0.30406401441805714, 'hidden_continuous_size': 15, 'attention_head_size': 3, 'learning_rate': 0.006898175549902662}. Best is trial 13 with value: 0.033984094858169556.
LOCAL_RANK: 0 - CUDA_VISIBLE_DEVICES: [0]
[I 2023-12-16 00:16:49,442] Trial 36 finished with value: 0.0723411813378334 and parameters: {'gradient_clip_val': 0.41045875239660967, 'hidden_size': 52, 'dropout': 0.33464864784572423, 'hidden_continuous_size': 28, 'attention_head_size': 4, 'learning_rate': 0.0044550271150437725}. Best is trial 13 with value: 0.033984094858169556.
LOCAL_RANK: 0 - CUDA_VISIBLE_DEVICES: [0]
[I 2023-12-16 00:17:42,400] Trial 37 finished with value: 0.06353246420621872 and parameters: {'gradient_clip_val': 0.8360236023589657, 'hidden_size': 42, 'dropout': 0.28926957536454995, 'hidden_continuous_size': 19, 'attention_head_size': 3, 'learning_rate': 0.010305501013417897}. Best is trial 13 with value: 0.033984094858169556.
LOCAL_RANK: 0 - CUDA_VISIBLE_DEVICES: [0]
[I 2023-12-16 00:18:28,345] Trial 38 finished with value: 0.05190880596637726 and parameters: {'gradient_clip_val': 0.3122135816565038, 'hidden_size': 16, 'dropout': 0.3491568659004642, 'hidden_continuous_size': 9, 'attention_head_size': 4, 'learning_rate': 0.006026377988834037}. Best is trial 13 with value: 0.033984094858169556.
LOCAL_RANK: 0 - CUDA_VISIBLE_DEVICES: [0]
[I 2023-12-16 00:19:14,018] Trial 39 finished with value: 0.143094003200531 and parameters: {'gradient_clip_val': 0.20974129616709944, 'hidden_size': 16, 'dropout': 0.35240250449285043, 'hidden_continuous_size': 9, 'attention_head_size': 3, 'learning_rate': 0.006395570218242815}. Best is trial 13 with value: 0.033984094858169556.
LOCAL_RANK: 0 - CUDA_VISIBLE_DEVICES: [0]
[I 2023-12-16 00:20:00,277] Trial 40 finished with value: 0.07218731939792633 and parameters: {'gradient_clip_val': 0.28365911809801486, 'hidden_size': 11, 'dropout': 0.36883269678597447, 'hidden_continuous_size': 7, 'attention_head_size': 4, 'learning_rate': 0.022149946135364453}. Best is trial 13 with value: 0.033984094858169556.
LOCAL_RANK: 0 - CUDA_VISIBLE_DEVICES: [0]
[I 2023-12-16 00:20:50,043] Trial 41 finished with value: 0.08368426561355591 and parameters: {'gradient_clip_val': 0.37193993451976143, 'hidden_size': 21, 'dropout': 0.30790016883357385, 'hidden_continuous_size': 11, 'attention_head_size': 4, 'learning_rate': 0.005562160678737707}. Best is trial 13 with value: 0.033984094858169556.
LOCAL_RANK: 0 - CUDA_VISIBLE_DEVICES: [0]
[I 2023-12-16 00:21:36,805] Trial 42 finished with value: 0.08939138799905777 and parameters: {'gradient_clip_val': 0.3047096072607932, 'hidden_size': 14, 'dropout': 0.335558029711421, 'hidden_continuous_size': 10, 'attention_head_size': 4, 'learning_rate': 0.0075986086661036555}. Best is trial 13 with value: 0.033984094858169556.
LOCAL_RANK: 0 - CUDA_VISIBLE_DEVICES: [0]
[I 2023-12-16 00:22:26,997] Trial 43 finished with value: 0.1137748435139656 and parameters: {'gradient_clip_val': 0.6664551636025581, 'hidden_size': 30, 'dropout': 0.3788254086742117, 'hidden_continuous_size': 12, 'attention_head_size': 4, 'learning_rate': 0.0029155326306275543}. Best is trial 13 with value: 0.033984094858169556.
LOCAL_RANK: 0 - CUDA_VISIBLE_DEVICES: [0]
[I 2023-12-16 00:23:16,913] Trial 44 finished with value: 0.16212162375450134 and parameters: {'gradient_clip_val': 0.5254575676024411, 'hidden_size': 26, 'dropout': 0.3977473944777563, 'hidden_continuous_size': 17, 'attention_head_size': 4, 'learning_rate': 0.004333578807673323}. Best is trial 13 with value: 0.033984094858169556.
LOCAL_RANK: 0 - CUDA_VISIBLE_DEVICES: [0]
[I 2023-12-16 00:24:03,002] Trial 45 finished with value: 0.3718681037425995 and parameters: {'gradient_clip_val': 0.4586694496934605, 'hidden_size': 16, 'dropout': 0.3372336229267449, 'hidden_continuous_size': 10, 'attention_head_size': 4, 'learning_rate': 0.002023543169320965}. Best is trial 13 with value: 0.033984094858169556.
LOCAL_RANK: 0 - CUDA_VISIBLE_DEVICES: [0]
[I 2023-12-16 00:24:53,037] Trial 46 finished with value: 0.41113147139549255 and parameters: {'gradient_clip_val': 0.4181871671685485, 'hidden_size': 33, 'dropout': 0.34791421589856336, 'hidden_continuous_size': 13, 'attention_head_size': 3, 'learning_rate': 0.003102323178193347}. Best is trial 13 with value: 0.033984094858169556.
LOCAL_RANK: 0 - CUDA_VISIBLE_DEVICES: [0]
[I 2023-12-16 00:25:48,844] Trial 47 finished with value: 0.036996930837631226 and parameters: {'gradient_clip_val': 0.9461335453112968, 'hidden_size': 80, 'dropout': 0.3146076359041684, 'hidden_continuous_size': 37, 'attention_head_size': 4, 'learning_rate': 0.005267514150399135}. Best is trial 13 with value: 0.033984094858169556.
LOCAL_RANK: 0 - CUDA_VISIBLE_DEVICES: [0]
[I 2023-12-16 00:26:45,045] Trial 48 finished with value: 0.11652392894029617 and parameters: {'gradient_clip_val': 0.8641879109272076, 'hidden_size': 82, 'dropout': 0.29500395465078766, 'hidden_continuous_size': 46, 'attention_head_size': 4, 'learning_rate': 0.005401640909376622}. Best is trial 13 with value: 0.033984094858169556.
LOCAL_RANK: 0 - CUDA_VISIBLE_DEVICES: [0]
[I 2023-12-16 00:27:39,805] Trial 49 finished with value: 0.04835641011595726 and parameters: {'gradient_clip_val': 0.7755059756003522, 'hidden_size': 100, 'dropout': 0.32429633752491493, 'hidden_continuous_size': 35, 'attention_head_size': 1, 'learning_rate': 0.008107887809759146}. Best is trial 13 with value: 0.033984094858169556.
[I 2023-12-16 00:27:39,899] A new study created in memory with name: no-name-d3d15f63-2d97-4d02-affa-0959db8fe1f4
/home/le004/conda/anaconda3/envs/tsff_env/lib/python3.9/site-packages/lightning/fabric/plugins/environments/slurm.py:191: The `srun` command is available on your system but is not used. HINT: If your intention is to run Lightning on SLURM, prepend your python command with `srun` like so: srun python /home/le004/master_thesis/git/TSFusionForecast/code/ ...
LOCAL_RANK: 0 - CUDA_VISIBLE_DEVICES: [0]
[I 2023-12-16 00:28:28,916] Trial 0 finished with value: 1.177441120147705 and parameters: {'gradient_clip_val': 0.486090590629212, 'hidden_size': 21, 'dropout': 0.2180734991048437, 'hidden_continuous_size': 10, 'attention_head_size': 3, 'learning_rate': 0.05216356555637475}. Best is trial 0 with value: 1.177441120147705.
LOCAL_RANK: 0 - CUDA_VISIBLE_DEVICES: [0]
[I 2023-12-16 00:29:21,326] Trial 1 finished with value: 3.095888137817383 and parameters: {'gradient_clip_val': 0.17701466681510256, 'hidden_size': 31, 'dropout': 0.3291207674234644, 'hidden_continuous_size': 23, 'attention_head_size': 4, 'learning_rate': 0.0012029785881332673}. Best is trial 0 with value: 1.177441120147705.
LOCAL_RANK: 0 - CUDA_VISIBLE_DEVICES: [0]
[I 2023-12-16 00:29:55,147] Trial 2 finished with value: 1.431780219078064 and parameters: {'gradient_clip_val': 0.3066173362619961, 'hidden_size': 10, 'dropout': 0.10145453795598897, 'hidden_continuous_size': 10, 'attention_head_size': 1, 'learning_rate': 0.082604072905721}. Best is trial 0 with value: 1.177441120147705.
LOCAL_RANK: 0 - CUDA_VISIBLE_DEVICES: [0]
[I 2023-12-16 00:30:39,880] Trial 3 finished with value: 2.347271203994751 and parameters: {'gradient_clip_val': 0.24861042768177208, 'hidden_size': 6, 'dropout': 0.17470290611712086, 'hidden_continuous_size': 5, 'attention_head_size': 1, 'learning_rate': 0.009101666420647345}. Best is trial 0 with value: 1.177441120147705.
LOCAL_RANK: 0 - CUDA_VISIBLE_DEVICES: [0]
[I 2023-12-16 00:31:30,066] Trial 4 finished with value: 1.442941665649414 and parameters: {'gradient_clip_val': 0.6450936308621584, 'hidden_size': 27, 'dropout': 0.36768883507257377, 'hidden_continuous_size': 19, 'attention_head_size': 4, 'learning_rate': 0.0010420582836586424}. Best is trial 0 with value: 1.177441120147705.
LOCAL_RANK: 0 - CUDA_VISIBLE_DEVICES: [0]
[I 2023-12-16 00:32:16,072] Trial 5 finished with value: 1.1120810508728027 and parameters: {'gradient_clip_val': 0.6241942513666685, 'hidden_size': 11, 'dropout': 0.21154237415478438, 'hidden_continuous_size': 5, 'attention_head_size': 4, 'learning_rate': 0.0063473649808365494}. Best is trial 5 with value: 1.1120810508728027.
LOCAL_RANK: 0 - CUDA_VISIBLE_DEVICES: [0]
[I 2023-12-16 00:33:05,930] Trial 6 finished with value: 0.913022518157959 and parameters: {'gradient_clip_val': 0.12025241226754181, 'hidden_size': 25, 'dropout': 0.2644427023928233, 'hidden_continuous_size': 14, 'attention_head_size': 4, 'learning_rate': 0.005079832142570482}. Best is trial 6 with value: 0.913022518157959.
LOCAL_RANK: 0 - CUDA_VISIBLE_DEVICES: [0]
[I 2023-12-16 00:33:40,070] Trial 7 finished with value: 2.443122625350952 and parameters: {'gradient_clip_val': 0.7221868678226953, 'hidden_size': 9, 'dropout': 0.16109776098982712, 'hidden_continuous_size': 9, 'attention_head_size': 2, 'learning_rate': 0.0024510642928924254}. Best is trial 6 with value: 0.913022518157959.
LOCAL_RANK: 0 - CUDA_VISIBLE_DEVICES: [0]
[I 2023-12-16 00:34:32,045] Trial 8 finished with value: 1.2270151376724243 and parameters: {'gradient_clip_val': 0.10767596094860894, 'hidden_size': 40, 'dropout': 0.393169880151765, 'hidden_continuous_size': 23, 'attention_head_size': 3, 'learning_rate': 0.004020601618874616}. Best is trial 6 with value: 0.913022518157959.
LOCAL_RANK: 0 - CUDA_VISIBLE_DEVICES: [0]
[I 2023-12-16 00:35:06,769] Trial 9 finished with value: 2.140451192855835 and parameters: {'gradient_clip_val': 0.9216003558396247, 'hidden_size': 5, 'dropout': 0.32598795178082773, 'hidden_continuous_size': 5, 'attention_head_size': 4, 'learning_rate': 0.0009157507638073415}. Best is trial 6 with value: 0.913022518157959.
LOCAL_RANK: 0 - CUDA_VISIBLE_DEVICES: [0]
[I 2023-12-16 00:36:03,616] Trial 10 finished with value: 0.8969488739967346 and parameters: {'gradient_clip_val': 0.10319476708082395, 'hidden_size': 92, 'dropout': 0.27675308455468217, 'hidden_continuous_size': 82, 'attention_head_size': 2, 'learning_rate': 0.016724456658232963}. Best is trial 10 with value: 0.8969488739967346.
LOCAL_RANK: 0 - CUDA_VISIBLE_DEVICES: [0]
[I 2023-12-16 00:37:00,278] Trial 11 finished with value: 2.7281980514526367 and parameters: {'gradient_clip_val': 0.10148990482067505, 'hidden_size': 77, 'dropout': 0.280719240170547, 'hidden_continuous_size': 75, 'attention_head_size': 2, 'learning_rate': 0.01662590549958236}. Best is trial 10 with value: 0.8969488739967346.
LOCAL_RANK: 0 - CUDA_VISIBLE_DEVICES: [0]
[I 2023-12-16 00:37:56,378] Trial 12 finished with value: 0.25055837631225586 and parameters: {'gradient_clip_val': 0.15008305429033197, 'hidden_size': 80, 'dropout': 0.26922245057196553, 'hidden_continuous_size': 70, 'attention_head_size': 2, 'learning_rate': 0.022871350549631166}. Best is trial 12 with value: 0.25055837631225586.
LOCAL_RANK: 0 - CUDA_VISIBLE_DEVICES: [0]
[I 2023-12-16 00:38:33,639] Trial 13 finished with value: 1.4683102369308472 and parameters: {'gradient_clip_val': 0.15756366038082728, 'hidden_size': 87, 'dropout': 0.29152874600972417, 'hidden_continuous_size': 87, 'attention_head_size': 2, 'learning_rate': 0.023811691321032606}. Best is trial 12 with value: 0.25055837631225586.
LOCAL_RANK: 0 - CUDA_VISIBLE_DEVICES: [0]
[I 2023-12-16 00:39:29,649] Trial 14 finished with value: 1.488500714302063 and parameters: {'gradient_clip_val': 0.14803095348691248, 'hidden_size': 100, 'dropout': 0.24426680894753797, 'hidden_continuous_size': 53, 'attention_head_size': 2, 'learning_rate': 0.023685549708118595}. Best is trial 12 with value: 0.25055837631225586.
LOCAL_RANK: 0 - CUDA_VISIBLE_DEVICES: [0]
[I 2023-12-16 00:40:23,250] Trial 15 finished with value: 2.5966556072235107 and parameters: {'gradient_clip_val': 0.2054330813013122, 'hidden_size': 58, 'dropout': 0.30791935834051065, 'hidden_continuous_size': 39, 'attention_head_size': 1, 'learning_rate': 0.014167832084886225}. Best is trial 12 with value: 0.25055837631225586.
LOCAL_RANK: 0 - CUDA_VISIBLE_DEVICES: [0]
[I 2023-12-16 00:41:16,539] Trial 16 finished with value: 0.957273006439209 and parameters: {'gradient_clip_val': 0.13976436586321062, 'hidden_size': 60, 'dropout': 0.2520872732383709, 'hidden_continuous_size': 36, 'attention_head_size': 3, 'learning_rate': 0.033023388482384036}. Best is trial 12 with value: 0.25055837631225586.
LOCAL_RANK: 0 - CUDA_VISIBLE_DEVICES: [0]
[I 2023-12-16 00:42:09,965] Trial 17 finished with value: 0.2973000109195709 and parameters: {'gradient_clip_val': 0.20763708838699607, 'hidden_size': 50, 'dropout': 0.3485971909742186, 'hidden_continuous_size': 34, 'attention_head_size': 2, 'learning_rate': 0.01069487224703447}. Best is trial 12 with value: 0.25055837631225586.
LOCAL_RANK: 0 - CUDA_VISIBLE_DEVICES: [0]
[I 2023-12-16 00:43:02,412] Trial 18 finished with value: 1.0591639280319214 and parameters: {'gradient_clip_val': 0.20317069147501762, 'hidden_size': 48, 'dropout': 0.3647174959477892, 'hidden_continuous_size': 30, 'attention_head_size': 3, 'learning_rate': 0.009497578934307938}. Best is trial 12 with value: 0.25055837631225586.
LOCAL_RANK: 0 - CUDA_VISIBLE_DEVICES: [0]
[I 2023-12-16 00:43:56,815] Trial 19 finished with value: 1.991806149482727 and parameters: {'gradient_clip_val': 0.2668509697819152, 'hidden_size': 67, 'dropout': 0.33335378251735637, 'hidden_continuous_size': 46, 'attention_head_size': 1, 'learning_rate': 0.0005086259613343333}. Best is trial 12 with value: 0.25055837631225586.
LOCAL_RANK: 0 - CUDA_VISIBLE_DEVICES: [0]
[I 2023-12-16 00:44:49,962] Trial 20 finished with value: 1.0647388696670532 and parameters: {'gradient_clip_val': 0.36292661056136644, 'hidden_size': 43, 'dropout': 0.39933952640483694, 'hidden_continuous_size': 27, 'attention_head_size': 2, 'learning_rate': 0.03749737085366686}. Best is trial 12 with value: 0.25055837631225586.
LOCAL_RANK: 0 - CUDA_VISIBLE_DEVICES: [0]
[I 2023-12-16 00:45:45,578] Trial 21 finished with value: 1.3087183237075806 and parameters: {'gradient_clip_val': 0.12231519181501574, 'hidden_size': 92, 'dropout': 0.29393247100137776, 'hidden_continuous_size': 63, 'attention_head_size': 2, 'learning_rate': 0.013086495846176317}. Best is trial 12 with value: 0.25055837631225586.
LOCAL_RANK: 0 - CUDA_VISIBLE_DEVICES: [0]
[I 2023-12-16 00:46:40,924] Trial 22 finished with value: 0.9125578999519348 and parameters: {'gradient_clip_val': 0.10018234335806595, 'hidden_size': 71, 'dropout': 0.30646030738768204, 'hidden_continuous_size': 53, 'attention_head_size': 2, 'learning_rate': 0.01949463185536407}. Best is trial 12 with value: 0.25055837631225586.
LOCAL_RANK: 0 - CUDA_VISIBLE_DEVICES: [0]
