[I 2023-12-26 18:57:03,513] Trial 33 finished with value: 4.233520030975342 and parameters: {'gradient_clip_val': 0.4826108036835887, 'hidden_size': 9, 'dropout': 0.16690686817710676, 'hidden_continuous_size': 6, 'attention_head_size': 1, 'learning_rate': 0.04396818549317642}. Best is trial 0 with value: 0.08636191487312317.
[I 2023-12-26 18:57:05,634] Trial 34 finished with value: 4.229812145233154 and parameters: {'gradient_clip_val': 0.19378323035381878, 'hidden_size': 12, 'dropout': 0.2053921307214412, 'hidden_continuous_size': 7, 'attention_head_size': 3, 'learning_rate': 0.029737982934050583}. Best is trial 0 with value: 0.08636191487312317.
[I 2023-12-26 18:57:07,427] Trial 35 finished with value: 4.234746932983398 and parameters: {'gradient_clip_val': 0.3872499967211972, 'hidden_size': 5, 'dropout': 0.18081821453286367, 'hidden_continuous_size': 5, 'attention_head_size': 2, 'learning_rate': 0.0613814606589368}. Best is trial 0 with value: 0.08636191487312317.
[I 2023-12-26 18:57:09,533] Trial 36 finished with value: 2.78752064704895 and parameters: {'gradient_clip_val': 0.7976244147549826, 'hidden_size': 10, 'dropout': 0.24410419291465582, 'hidden_continuous_size': 7, 'attention_head_size': 3, 'learning_rate': 0.011880906564915871}. Best is trial 0 with value: 0.08636191487312317.
[I 2023-12-26 18:57:11,878] Trial 37 finished with value: 3.111098527908325 and parameters: {'gradient_clip_val': 0.8029892392934732, 'hidden_size': 21, 'dropout': 0.28413509113886537, 'hidden_continuous_size': 9, 'attention_head_size': 3, 'learning_rate': 0.011867347338366786}. Best is trial 0 with value: 0.08636191487312317.
[I 2023-12-26 18:57:14,077] Trial 38 finished with value: 3.84879207611084 and parameters: {'gradient_clip_val': 0.7739726619485211, 'hidden_size': 18, 'dropout': 0.2449415262019509, 'hidden_continuous_size': 8, 'attention_head_size': 3, 'learning_rate': 0.021647632107456342}. Best is trial 0 with value: 0.08636191487312317.
[I 2023-12-26 18:57:16,301] Trial 39 finished with value: 3.878312110900879 and parameters: {'gradient_clip_val': 0.6477285779140772, 'hidden_size': 15, 'dropout': 0.22252810518317137, 'hidden_continuous_size': 7, 'attention_head_size': 3, 'learning_rate': 0.012681792763485893}. Best is trial 0 with value: 0.08636191487312317.
[I 2023-12-26 18:57:19,031] Trial 40 finished with value: 4.5547356605529785 and parameters: {'gradient_clip_val': 0.8763648476135741, 'hidden_size': 34, 'dropout': 0.29832246964495185, 'hidden_continuous_size': 18, 'attention_head_size': 4, 'learning_rate': 0.00827592079340105}. Best is trial 0 with value: 0.08636191487312317.
[I 2023-12-26 18:57:21,437] Trial 41 finished with value: 4.88361930847168 and parameters: {'gradient_clip_val': 0.8122501000410658, 'hidden_size': 23, 'dropout': 0.281858381111667, 'hidden_continuous_size': 9, 'attention_head_size': 3, 'learning_rate': 0.01003692677774307}. Best is trial 0 with value: 0.08636191487312317.
[I 2023-12-26 18:57:23,530] Trial 42 finished with value: 3.761054039001465 and parameters: {'gradient_clip_val': 0.708408993823056, 'hidden_size': 10, 'dropout': 0.2824101449590616, 'hidden_continuous_size': 6, 'attention_head_size': 3, 'learning_rate': 0.011461071083871002}. Best is trial 0 with value: 0.08636191487312317.
[I 2023-12-26 18:57:25,699] Trial 43 finished with value: 4.123227596282959 and parameters: {'gradient_clip_val': 0.8037593650549334, 'hidden_size': 13, 'dropout': 0.3382309330696787, 'hidden_continuous_size': 7, 'attention_head_size': 3, 'learning_rate': 0.014774468938502403}. Best is trial 0 with value: 0.08636191487312317.
[I 2023-12-26 18:57:27,923] Trial 44 finished with value: 4.551438331604004 and parameters: {'gradient_clip_val': 0.9710367411874854, 'hidden_size': 6, 'dropout': 0.23897925829140648, 'hidden_continuous_size': 5, 'attention_head_size': 3, 'learning_rate': 0.02454215861695788}. Best is trial 0 with value: 0.08636191487312317.
[I 2023-12-26 18:57:29,996] Trial 45 finished with value: 3.9170801639556885 and parameters: {'gradient_clip_val': 0.4533853622997807, 'hidden_size': 9, 'dropout': 0.25741490625014524, 'hidden_continuous_size': 6, 'attention_head_size': 3, 'learning_rate': 0.007023981158803471}. Best is trial 0 with value: 0.08636191487312317.
[I 2023-12-26 18:57:32,032] Trial 46 finished with value: 4.090737342834473 and parameters: {'gradient_clip_val': 0.8800057626695977, 'hidden_size': 16, 'dropout': 0.2094814981107981, 'hidden_continuous_size': 8, 'attention_head_size': 3, 'learning_rate': 0.004961314386065084}. Best is trial 0 with value: 0.08636191487312317.
[I 2023-12-26 18:57:34,382] Trial 47 finished with value: 3.8327248096466064 and parameters: {'gradient_clip_val': 0.6247451840085375, 'hidden_size': 21, 'dropout': 0.23399287183976591, 'hidden_continuous_size': 11, 'attention_head_size': 3, 'learning_rate': 0.01844542258666722}. Best is trial 0 with value: 0.08636191487312317.
[I 2023-12-26 18:57:36,975] Trial 48 finished with value: 6.083456516265869 and parameters: {'gradient_clip_val': 0.5453680208837071, 'hidden_size': 28, 'dropout': 0.200032453533417, 'hidden_continuous_size': 10, 'attention_head_size': 4, 'learning_rate': 0.028689411833268393}. Best is trial 0 with value: 0.08636191487312317.
[I 2023-12-26 18:57:39,876] Trial 49 finished with value: 5.120651721954346 and parameters: {'gradient_clip_val': 0.7199394994216287, 'hidden_size': 39, 'dropout': 0.31592178649798996, 'hidden_continuous_size': 21, 'attention_head_size': 3, 'learning_rate': 0.011105659429626472}. Best is trial 0 with value: 0.08636191487312317.
[I 2023-12-26 18:57:40,003] A new study created in memory with name: no-name-5970b09b-bf14-4f09-9428-baf51ff2c43a
/home/le004/conda/anaconda3/envs/tsff_env/lib/python3.9/site-packages/lightning/fabric/plugins/environments/slurm.py:191: The `srun` command is available on your system but is not used. HINT: If your intention is to run Lightning on SLURM, prepend your python command with `srun` like so: srun python /home/le004/master_thesis/git/TSFusionForecast/code/ ...
[I 2023-12-26 19:06:52,926] Trial 0 finished with value: 0.06240321695804596 and parameters: {'gradient_clip_val': 0.2712549853840087, 'hidden_size': 76, 'dropout': 0.4700087658361529, 'hidden_continuous_size': 67, 'attention_head_size': 4, 'learning_rate': 0.09976038916414565}. Best is trial 0 with value: 0.06240321695804596.
[I 2023-12-26 19:06:57,213] Trial 1 finished with value: 3.6569221019744873 and parameters: {'gradient_clip_val': 0.5969217269498568, 'hidden_size': 53, 'dropout': 0.4363782833263127, 'hidden_continuous_size': 10, 'attention_head_size': 3, 'learning_rate': 0.0008672317541788793}. Best is trial 0 with value: 0.06240321695804596.
[I 2023-12-26 19:06:59,289] Trial 2 finished with value: 3.0071699619293213 and parameters: {'gradient_clip_val': 0.26723226263346084, 'hidden_size': 6, 'dropout': 0.23643782280562695, 'hidden_continuous_size': 5, 'attention_head_size': 1, 'learning_rate': 0.047141467878545125}. Best is trial 0 with value: 0.06240321695804596.
[I 2023-12-26 19:07:01,403] Trial 3 finished with value: 5.146703243255615 and parameters: {'gradient_clip_val': 0.5770864208174585, 'hidden_size': 8, 'dropout': 0.31115584624992554, 'hidden_continuous_size': 6, 'attention_head_size': 2, 'learning_rate': 0.0038505709530063346}. Best is trial 0 with value: 0.06240321695804596.
[I 2023-12-26 19:07:03,333] Trial 4 finished with value: 3.411550760269165 and parameters: {'gradient_clip_val': 0.23798642694014116, 'hidden_size': 5, 'dropout': 0.44295534274382176, 'hidden_continuous_size': 5, 'attention_head_size': 3, 'learning_rate': 0.012003281258642563}. Best is trial 0 with value: 0.06240321695804596.
[I 2023-12-26 19:07:05,750] Trial 5 finished with value: 2.4296774864196777 and parameters: {'gradient_clip_val': 0.10171986445362823, 'hidden_size': 13, 'dropout': 0.2707138665171197, 'hidden_continuous_size': 12, 'attention_head_size': 2, 'learning_rate': 0.011804673780524655}. Best is trial 0 with value: 0.06240321695804596.
[I 2023-12-26 19:07:11,161] Trial 6 finished with value: 2.580594778060913 and parameters: {'gradient_clip_val': 0.5836856632777053, 'hidden_size': 61, 'dropout': 0.35488162040964266, 'hidden_continuous_size': 14, 'attention_head_size': 2, 'learning_rate': 0.0024432249123095026}. Best is trial 0 with value: 0.06240321695804596.
[I 2023-12-26 19:07:13,083] Trial 7 finished with value: 2.724910020828247 and parameters: {'gradient_clip_val': 0.12177482210848772, 'hidden_size': 5, 'dropout': 0.2315242811489331, 'hidden_continuous_size': 5, 'attention_head_size': 2, 'learning_rate': 0.0030054247985258236}. Best is trial 0 with value: 0.06240321695804596.
[I 2023-12-26 19:07:15,634] Trial 8 finished with value: 4.498948097229004 and parameters: {'gradient_clip_val': 0.48554613009884895, 'hidden_size': 19, 'dropout': 0.21701474692229683, 'hidden_continuous_size': 17, 'attention_head_size': 2, 'learning_rate': 0.02791645647657112}. Best is trial 0 with value: 0.06240321695804596.
[I 2023-12-26 19:07:18,033] Trial 9 finished with value: 3.1330671310424805 and parameters: {'gradient_clip_val': 0.6522113642001801, 'hidden_size': 8, 'dropout': 0.1996643692174468, 'hidden_continuous_size': 6, 'attention_head_size': 3, 'learning_rate': 0.0014072110025115606}. Best is trial 0 with value: 0.06240321695804596.
[I 2023-12-26 19:07:28,760] Trial 10 finished with value: 2.4656903743743896 and parameters: {'gradient_clip_val': 0.3702461250963875, 'hidden_size': 131, 'dropout': 0.48694653651455755, 'hidden_continuous_size': 76, 'attention_head_size': 4, 'learning_rate': 0.08944198002542793}. Best is trial 0 with value: 0.06240321695804596.
[I 2023-12-26 19:07:31,320] Trial 11 finished with value: 2.980457067489624 and parameters: {'gradient_clip_val': 0.11094378393816574, 'hidden_size': 20, 'dropout': 0.101617749621679, 'hidden_continuous_size': 20, 'attention_head_size': 4, 'learning_rate': 0.012991716606858274}. Best is trial 0 with value: 0.06240321695804596.
[I 2023-12-26 19:07:33,585] Trial 12 finished with value: 4.015924453735352 and parameters: {'gradient_clip_val': 0.16558231655262542, 'hidden_size': 13, 'dropout': 0.36313091832093136, 'hidden_continuous_size': 8, 'attention_head_size': 1, 'learning_rate': 0.0941880679918793}. Best is trial 0 with value: 0.06240321695804596.
[I 2023-12-26 19:07:37,215] Trial 13 finished with value: 3.807788610458374 and parameters: {'gradient_clip_val': 0.9791354124805534, 'hidden_size': 39, 'dropout': 0.39495797182340014, 'hidden_continuous_size': 25, 'attention_head_size': 4, 'learning_rate': 0.022103379329078344}. Best is trial 0 with value: 0.06240321695804596.
[I 2023-12-26 19:07:46,754] Trial 14 finished with value: 3.834644079208374 and parameters: {'gradient_clip_val': 0.18499976115280517, 'hidden_size': 123, 'dropout': 0.3100789525858046, 'hidden_continuous_size': 38, 'attention_head_size': 3, 'learning_rate': 0.008786026709741454}. Best is trial 0 with value: 0.06240321695804596.
[I 2023-12-26 19:07:49,801] Trial 15 finished with value: 2.6039023399353027 and parameters: {'gradient_clip_val': 0.1494023776713736, 'hidden_size': 31, 'dropout': 0.4826157224422078, 'hidden_continuous_size': 9, 'attention_head_size': 1, 'learning_rate': 0.04061333733917991}. Best is trial 0 with value: 0.06240321695804596.
[I 2023-12-26 19:07:57,482] Trial 16 finished with value: 3.1184017658233643 and parameters: {'gradient_clip_val': 0.10514450855170018, 'hidden_size': 86, 'dropout': 0.4121296404128421, 'hidden_continuous_size': 85, 'attention_head_size': 4, 'learning_rate': 0.005345173747653064}. Best is trial 0 with value: 0.06240321695804596.
[I 2023-12-26 19:08:00,300] Trial 17 finished with value: 3.821246385574341 and parameters: {'gradient_clip_val': 0.19845916062779176, 'hidden_size': 26, 'dropout': 0.36006173537431757, 'hidden_continuous_size': 12, 'attention_head_size': 3, 'learning_rate': 0.018588034897155464}. Best is trial 0 with value: 0.06240321695804596.
[I 2023-12-26 19:08:02,615] Trial 18 finished with value: 3.5532267093658447 and parameters: {'gradient_clip_val': 0.23145319738654632, 'hidden_size': 12, 'dropout': 0.3018045275318101, 'hidden_continuous_size': 7, 'attention_head_size': 2, 'learning_rate': 0.006399031188888317}. Best is trial 0 with value: 0.06240321695804596.
[I 2023-12-26 19:08:06,303] Trial 19 finished with value: 4.294922351837158 and parameters: {'gradient_clip_val': 0.14056377060721412, 'hidden_size': 42, 'dropout': 0.46079766465217786, 'hidden_continuous_size': 11, 'attention_head_size': 1, 'learning_rate': 0.052015784646932614}. Best is trial 0 with value: 0.06240321695804596.
[I 2023-12-26 19:08:13,465] Trial 20 finished with value: 3.119931936264038 and parameters: {'gradient_clip_val': 0.3189608556339962, 'hidden_size': 87, 'dropout': 0.2654857321829866, 'hidden_continuous_size': 50, 'attention_head_size': 4, 'learning_rate': 0.015058013362563327}. Best is trial 0 with value: 0.06240321695804596.
[I 2023-12-26 19:08:22,993] Trial 21 finished with value: 1.6897579431533813 and parameters: {'gradient_clip_val': 0.33817085256033647, 'hidden_size': 110, 'dropout': 0.4966018242801389, 'hidden_continuous_size': 110, 'attention_head_size': 4, 'learning_rate': 0.09422356726925359}. Best is trial 0 with value: 0.06240321695804596.
[I 2023-12-26 19:08:35,563] Trial 22 finished with value: 1.2646372318267822 and parameters: {'gradient_clip_val': 0.34096687578779133, 'hidden_size': 146, 'dropout': 0.49039758027160063, 'hidden_continuous_size': 137, 'attention_head_size': 4, 'learning_rate': 0.09815655762177146}. Best is trial 0 with value: 0.06240321695804596.
[I 2023-12-26 19:08:46,450] Trial 23 finished with value: 2.044170618057251 and parameters: {'gradient_clip_val': 0.3632063268633845, 'hidden_size': 126, 'dropout': 0.4957318138340474, 'hidden_continuous_size': 115, 'attention_head_size': 4, 'learning_rate': 0.0961353601405675}. Best is trial 0 with value: 0.06240321695804596.
[I 2023-12-26 19:08:53,980] Trial 24 finished with value: 3.884427070617676 and parameters: {'gradient_clip_val': 0.2851280053629456, 'hidden_size': 90, 'dropout': 0.49734503525075063, 'hidden_continuous_size': 62, 'attention_head_size': 4, 'learning_rate': 0.06036370540301021}. Best is trial 0 with value: 0.06240321695804596.
[I 2023-12-26 19:09:05,679] Trial 25 finished with value: 2.0984489917755127 and parameters: {'gradient_clip_val': 0.3733492348800457, 'hidden_size': 144, 'dropout': 0.45777406286564926, 'hidden_continuous_size': 144, 'attention_head_size': 4, 'learning_rate': 0.03193694717380886}. Best is trial 0 with value: 0.06240321695804596.
[I 2023-12-26 19:09:12,165] Trial 26 finished with value: 3.9570693969726562 and parameters: {'gradient_clip_val': 0.30889689744186266, 'hidden_size': 71, 'dropout': 0.42325588522073027, 'hidden_continuous_size': 45, 'attention_head_size': 3, 'learning_rate': 0.06187497837627159}. Best is trial 0 with value: 0.06240321695804596.
[I 2023-12-26 19:09:20,837] Trial 27 finished with value: 2.636861562728882 and parameters: {'gradient_clip_val': 0.21692409317301883, 'hidden_size': 105, 'dropout': 0.46278494086267724, 'hidden_continuous_size': 78, 'attention_head_size': 4, 'learning_rate': 0.03190775353227264}. Best is trial 0 with value: 0.06240321695804596.
[I 2023-12-26 19:09:32,728] Trial 28 finished with value: 1.874010443687439 and parameters: {'gradient_clip_val': 0.25485824578393995, 'hidden_size': 143, 'dropout': 0.4685125718067609, 'hidden_continuous_size': 108, 'attention_head_size': 4, 'learning_rate': 0.07159097067754351}. Best is trial 0 with value: 0.06240321695804596.
[I 2023-12-26 19:09:37,280] Trial 29 finished with value: 2.8709192276000977 and parameters: {'gradient_clip_val': 0.43454798553087814, 'hidden_size': 53, 'dropout': 0.43378103076979085, 'hidden_continuous_size': 36, 'attention_head_size': 3, 'learning_rate': 0.0692009788926066}. Best is trial 0 with value: 0.06240321695804596.
[I 2023-12-26 19:09:43,598] Trial 30 finished with value: 3.156963348388672 and parameters: {'gradient_clip_val': 0.2889180506229523, 'hidden_size': 73, 'dropout': 0.4994052038181294, 'hidden_continuous_size': 53, 'attention_head_size': 3, 'learning_rate': 0.03777119447057887}. Best is trial 0 with value: 0.06240321695804596.
[I 2023-12-26 19:09:55,171] Trial 31 finished with value: 2.409691572189331 and parameters: {'gradient_clip_val': 0.2582901575264999, 'hidden_size': 140, 'dropout': 0.46278125919093205, 'hidden_continuous_size': 108, 'attention_head_size': 4, 'learning_rate': 0.07319702659150645}. Best is trial 0 with value: 0.06240321695804596.
[I 2023-12-26 19:10:03,925] Trial 32 finished with value: 1.91457998752594 and parameters: {'gradient_clip_val': 0.25345464117615313, 'hidden_size': 107, 'dropout': 0.47005868041752724, 'hidden_continuous_size': 67, 'attention_head_size': 4, 'learning_rate': 0.05131157874982643}. Best is trial 0 with value: 0.06240321695804596.
[I 2023-12-26 19:10:16,579] Trial 33 finished with value: 0.8512253761291504 and parameters: {'gradient_clip_val': 0.32719565339751344, 'hidden_size': 150, 'dropout': 0.4406782604434063, 'hidden_continuous_size': 101, 'attention_head_size': 4, 'learning_rate': 0.09876046233522559}. Best is trial 0 with value: 0.06240321695804596.
[I 2023-12-26 19:10:25,573] Trial 34 finished with value: 2.2981014251708984 and parameters: {'gradient_clip_val': 0.3214356929624138, 'hidden_size': 105, 'dropout': 0.4320816324026225, 'hidden_continuous_size': 84, 'attention_head_size': 4, 'learning_rate': 0.09594537814586321}. Best is trial 0 with value: 0.06240321695804596.
[I 2023-12-26 19:10:34,035] Trial 35 finished with value: 2.038693904876709 and parameters: {'gradient_clip_val': 0.21518651666369498, 'hidden_size': 105, 'dropout': 0.4377983553735595, 'hidden_continuous_size': 64, 'attention_head_size': 4, 'learning_rate': 0.04546354960142364}. Best is trial 0 with value: 0.06240321695804596.
[I 2023-12-26 19:10:39,979] Trial 36 finished with value: 2.290846109390259 and parameters: {'gradient_clip_val': 0.3409251741687118, 'hidden_size': 73, 'dropout': 0.3992433230632452, 'hidden_continuous_size': 56, 'attention_head_size': 3, 'learning_rate': 0.04850074487052821}. Best is trial 0 with value: 0.06240321695804596.
[I 2023-12-26 19:10:52,518] Trial 37 finished with value: 2.1722137928009033 and parameters: {'gradient_clip_val': 0.26974244213302223, 'hidden_size': 145, 'dropout': 0.44548839164940185, 'hidden_continuous_size': 144, 'attention_head_size': 4, 'learning_rate': 0.07467948669329842}. Best is trial 0 with value: 0.06240321695804596.
[I 2023-12-26 19:11:02,108] Trial 38 finished with value: 2.9499804973602295 and parameters: {'gradient_clip_val': 0.41417496533612946, 'hidden_size': 114, 'dropout': 0.4788709506477828, 'hidden_continuous_size': 92, 'attention_head_size': 4, 'learning_rate': 0.025875980913006514}. Best is trial 0 with value: 0.06240321695804596.
[I 2023-12-26 19:11:09,926] Trial 39 finished with value: 3.48809814453125 and parameters: {'gradient_clip_val': 0.295774397548518, 'hidden_size': 93, 'dropout': 0.4479437868045763, 'hidden_continuous_size': 70, 'attention_head_size': 3, 'learning_rate': 0.03691269952689291}. Best is trial 0 with value: 0.06240321695804596.
[I 2023-12-26 19:11:14,648] Trial 40 finished with value: 2.4640719890594482 and parameters: {'gradient_clip_val': 0.41705734278814843, 'hidden_size': 58, 'dropout': 0.4994077484471716, 'hidden_continuous_size': 44, 'attention_head_size': 3, 'learning_rate': 0.05799299355365424}. Best is trial 0 with value: 0.06240321695804596.
[I 2023-12-26 19:11:26,932] Trial 41 finished with value: 1.3758686780929565 and parameters: {'gradient_clip_val': 0.26523373180711296, 'hidden_size': 148, 'dropout': 0.47835016197390706, 'hidden_continuous_size': 110, 'attention_head_size': 4, 'learning_rate': 0.07824038042672807}. Best is trial 0 with value: 0.06240321695804596.
[I 2023-12-26 19:11:39,740] Trial 42 finished with value: 1.082573413848877 and parameters: {'gradient_clip_val': 0.2421674623990781, 'hidden_size': 147, 'dropout': 0.47955052049216146, 'hidden_continuous_size': 126, 'attention_head_size': 4, 'learning_rate': 0.09709743207835035}. Best is trial 0 with value: 0.06240321695804596.
[I 2023-12-26 19:11:52,090] Trial 43 finished with value: 1.5661791563034058 and parameters: {'gradient_clip_val': 0.22932305983561566, 'hidden_size': 148, 'dropout': 0.47409498795871785, 'hidden_continuous_size': 122, 'attention_head_size': 4, 'learning_rate': 0.07414518101053232}. Best is trial 0 with value: 0.06240321695804596.
[I 2023-12-26 19:12:04,066] Trial 44 finished with value: 2.98956036567688 and parameters: {'gradient_clip_val': 0.26443576699413934, 'hidden_size': 150, 'dropout': 0.44954214555998606, 'hidden_continuous_size': 96, 'attention_head_size': 4, 'learning_rate': 0.07836288628738045}. Best is trial 0 with value: 0.06240321695804596.
[I 2023-12-26 19:12:14,742] Trial 45 finished with value: 2.613114595413208 and parameters: {'gradient_clip_val': 0.1985500042560201, 'hidden_size': 122, 'dropout': 0.4172468517316483, 'hidden_continuous_size': 92, 'attention_head_size': 4, 'learning_rate': 0.05706953117297689}. Best is trial 0 with value: 0.06240321695804596.
[I 2023-12-26 19:12:24,855] Trial 46 finished with value: 1.4257885217666626 and parameters: {'gradient_clip_val': 0.23842118751026511, 'hidden_size': 122, 'dropout': 0.4813569322058346, 'hidden_continuous_size': 79, 'attention_head_size': 4, 'learning_rate': 0.04331837626288559}. Best is trial 0 with value: 0.06240321695804596.
[I 2023-12-26 19:12:32,664] Trial 47 finished with value: 2.3827097415924072 and parameters: {'gradient_clip_val': 0.2853003919204701, 'hidden_size': 96, 'dropout': 0.3839539064382694, 'hidden_continuous_size': 74, 'attention_head_size': 4, 'learning_rate': 0.098058330029895}. Best is trial 0 with value: 0.06240321695804596.
