[I 2023-12-26 16:43:33,036] Trial 38 finished with value: 3.844087600708008 and parameters: {'gradient_clip_val': 0.35164274424935493, 'hidden_size': 126, 'dropout': 0.3299264662025455, 'hidden_continuous_size': 22, 'attention_head_size': 3, 'learning_rate': 0.05319978631630314}. Best is trial 0 with value: 0.14069771766662598.
[I 2023-12-26 16:43:38,019] Trial 39 finished with value: 3.3615949153900146 and parameters: {'gradient_clip_val': 0.24133603565139342, 'hidden_size': 86, 'dropout': 0.3450774749698477, 'hidden_continuous_size': 13, 'attention_head_size': 4, 'learning_rate': 0.0887945319317745}. Best is trial 0 with value: 0.14069771766662598.
[I 2023-12-26 16:43:46,601] Trial 40 finished with value: 2.681992530822754 and parameters: {'gradient_clip_val': 0.28722992444344825, 'hidden_size': 145, 'dropout': 0.35283913970278263, 'hidden_continuous_size': 27, 'attention_head_size': 4, 'learning_rate': 0.029120384372515788}. Best is trial 0 with value: 0.14069771766662598.
[I 2023-12-26 16:43:55,459] Trial 41 finished with value: 3.309965133666992 and parameters: {'gradient_clip_val': 0.2876278840386993, 'hidden_size': 149, 'dropout': 0.35590924192491524, 'hidden_continuous_size': 31, 'attention_head_size': 4, 'learning_rate': 0.025078237539984016}. Best is trial 0 with value: 0.14069771766662598.
[I 2023-12-26 16:44:02,591] Trial 42 finished with value: 2.956423044204712 and parameters: {'gradient_clip_val': 0.32535097906294047, 'hidden_size': 119, 'dropout': 0.3787362586528571, 'hidden_continuous_size': 25, 'attention_head_size': 4, 'learning_rate': 0.031902442394122016}. Best is trial 0 with value: 0.14069771766662598.
[I 2023-12-26 16:44:07,960] Trial 43 finished with value: 3.154315948486328 and parameters: {'gradient_clip_val': 0.2721398874766404, 'hidden_size': 96, 'dropout': 0.3148945527476067, 'hidden_continuous_size': 19, 'attention_head_size': 4, 'learning_rate': 0.0630028453275324}. Best is trial 0 with value: 0.14069771766662598.
[I 2023-12-26 16:44:15,610] Trial 44 finished with value: 2.846017599105835 and parameters: {'gradient_clip_val': 0.3523402786844509, 'hidden_size': 129, 'dropout': 0.41284668656367257, 'hidden_continuous_size': 40, 'attention_head_size': 3, 'learning_rate': 0.019216731995421503}. Best is trial 0 with value: 0.14069771766662598.
[I 2023-12-26 16:44:19,286] Trial 45 finished with value: 3.4063994884490967 and parameters: {'gradient_clip_val': 0.2389397979179612, 'hidden_size': 59, 'dropout': 0.3391918825684073, 'hidden_continuous_size': 15, 'attention_head_size': 4, 'learning_rate': 0.03862813494824665}. Best is trial 0 with value: 0.14069771766662598.
[I 2023-12-26 16:44:29,822] Trial 46 finished with value: 2.615147113800049 and parameters: {'gradient_clip_val': 0.40125844569302876, 'hidden_size': 149, 'dropout': 0.3947192078119139, 'hidden_continuous_size': 20, 'attention_head_size': 4, 'learning_rate': 0.026240988516927088}. Best is trial 0 with value: 0.14069771766662598.
[I 2023-12-26 16:44:36,551] Trial 47 finished with value: 2.6989028453826904 and parameters: {'gradient_clip_val': 0.41511314821719764, 'hidden_size': 78, 'dropout': 0.396568664923176, 'hidden_continuous_size': 18, 'attention_head_size': 3, 'learning_rate': 0.029725808761140612}. Best is trial 0 with value: 0.14069771766662598.
[I 2023-12-26 16:44:44,733] Trial 48 finished with value: 2.520782232284546 and parameters: {'gradient_clip_val': 0.31757878523859234, 'hidden_size': 105, 'dropout': 0.3542741465854495, 'hidden_continuous_size': 25, 'attention_head_size': 4, 'learning_rate': 0.015473286810691628}. Best is trial 0 with value: 0.14069771766662598.
[I 2023-12-26 16:44:49,013] Trial 49 finished with value: 3.3688857555389404 and parameters: {'gradient_clip_val': 0.43138545452595145, 'hidden_size': 66, 'dropout': 0.3684268409544811, 'hidden_continuous_size': 22, 'attention_head_size': 4, 'learning_rate': 0.016067052248225393}. Best is trial 0 with value: 0.14069771766662598.
[I 2023-12-26 16:44:49,133] A new study created in memory with name: no-name-6040c50f-d6dc-44d5-86c7-eec611ea3b93
/home/le004/conda/anaconda3/envs/tsff_env/lib/python3.9/site-packages/lightning/fabric/plugins/environments/slurm.py:191: The `srun` command is available on your system but is not used. HINT: If your intention is to run Lightning on SLURM, prepend your python command with `srun` like so: srun python /home/le004/master_thesis/git/TSFusionForecast/code/ ...
[I 2023-12-26 16:49:26,972] Trial 0 finished with value: 0.04132784903049469 and parameters: {'gradient_clip_val': 0.8674800381018872, 'hidden_size': 25, 'dropout': 0.1364657876049496, 'hidden_continuous_size': 9, 'attention_head_size': 1, 'learning_rate': 0.09327261155292349}. Best is trial 0 with value: 0.04132784903049469.
[I 2023-12-26 16:49:29,308] Trial 1 finished with value: 3.559389114379883 and parameters: {'gradient_clip_val': 0.3250457162053172, 'hidden_size': 22, 'dropout': 0.23160485059602307, 'hidden_continuous_size': 14, 'attention_head_size': 4, 'learning_rate': 0.001585421804375956}. Best is trial 0 with value: 0.04132784903049469.
[I 2023-12-26 16:49:33,548] Trial 2 finished with value: 3.8548104763031006 and parameters: {'gradient_clip_val': 0.8554356391672426, 'hidden_size': 45, 'dropout': 0.4320873878806163, 'hidden_continuous_size': 28, 'attention_head_size': 2, 'learning_rate': 0.0017856365139009127}. Best is trial 0 with value: 0.04132784903049469.
[I 2023-12-26 16:49:35,731] Trial 3 finished with value: 2.5636465549468994 and parameters: {'gradient_clip_val': 0.18369864607229897, 'hidden_size': 6, 'dropout': 0.44225427692080144, 'hidden_continuous_size': 6, 'attention_head_size': 3, 'learning_rate': 0.0024272468602511707}. Best is trial 0 with value: 0.04132784903049469.
[I 2023-12-26 16:49:44,895] Trial 4 finished with value: 3.1465237140655518 and parameters: {'gradient_clip_val': 0.19928202317048171, 'hidden_size': 139, 'dropout': 0.11800589080098273, 'hidden_continuous_size': 26, 'attention_head_size': 3, 'learning_rate': 0.002112570054311002}. Best is trial 0 with value: 0.04132784903049469.
[I 2023-12-26 16:49:47,622] Trial 5 finished with value: 3.5193874835968018 and parameters: {'gradient_clip_val': 0.27784136172156143, 'hidden_size': 38, 'dropout': 0.48001839365517907, 'hidden_continuous_size': 6, 'attention_head_size': 3, 'learning_rate': 0.019010814021142713}. Best is trial 0 with value: 0.04132784903049469.
[I 2023-12-26 16:49:49,745] Trial 6 finished with value: 3.2257564067840576 and parameters: {'gradient_clip_val': 0.3373127581737465, 'hidden_size': 12, 'dropout': 0.2463773054442315, 'hidden_continuous_size': 9, 'attention_head_size': 3, 'learning_rate': 0.05232825438881229}. Best is trial 0 with value: 0.04132784903049469.
[I 2023-12-26 16:49:51,883] Trial 7 finished with value: 2.977803945541382 and parameters: {'gradient_clip_val': 0.1796474130358898, 'hidden_size': 7, 'dropout': 0.45305394628808715, 'hidden_continuous_size': 5, 'attention_head_size': 1, 'learning_rate': 0.07305616889648504}. Best is trial 0 with value: 0.04132784903049469.
[I 2023-12-26 16:50:02,923] Trial 8 finished with value: 2.573748826980591 and parameters: {'gradient_clip_val': 0.3963691831839529, 'hidden_size': 130, 'dropout': 0.4838094858360258, 'hidden_continuous_size': 66, 'attention_head_size': 1, 'learning_rate': 0.0023919184521762967}. Best is trial 0 with value: 0.04132784903049469.
[I 2023-12-26 16:50:05,305] Trial 9 finished with value: 2.936774253845215 and parameters: {'gradient_clip_val': 0.518501155538622, 'hidden_size': 10, 'dropout': 0.23842311963953083, 'hidden_continuous_size': 10, 'attention_head_size': 2, 'learning_rate': 0.0278929818226449}. Best is trial 0 with value: 0.04132784903049469.
[I 2023-12-26 16:50:07,468] Trial 10 finished with value: 3.2558295726776123 and parameters: {'gradient_clip_val': 0.10038525687757786, 'hidden_size': 21, 'dropout': 0.11528441532232479, 'hidden_continuous_size': 8, 'attention_head_size': 1, 'learning_rate': 0.009068382335767542}. Best is trial 0 with value: 0.04132784903049469.
[I 2023-12-26 16:50:09,246] Trial 11 finished with value: 4.020218372344971 and parameters: {'gradient_clip_val': 0.9996625023509118, 'hidden_size': 5, 'dropout': 0.38890525898841627, 'hidden_continuous_size': 5, 'attention_head_size': 4, 'learning_rate': 0.0005900101354319867}. Best is trial 0 with value: 0.04132784903049469.
[I 2023-12-26 16:50:11,249] Trial 12 finished with value: 4.319098949432373 and parameters: {'gradient_clip_val': 0.6803033007515982, 'hidden_size': 12, 'dropout': 0.3417019880777937, 'hidden_continuous_size': 6, 'attention_head_size': 2, 'learning_rate': 0.0065015344044584795}. Best is trial 0 with value: 0.04132784903049469.
[I 2023-12-26 16:50:13,263] Trial 13 finished with value: 3.6360721588134766 and parameters: {'gradient_clip_val': 0.580787650342458, 'hidden_size': 5, 'dropout': 0.3326148618710531, 'hidden_continuous_size': 5, 'attention_head_size': 3, 'learning_rate': 0.0500230031962788}. Best is trial 0 with value: 0.04132784903049469.
[I 2023-12-26 16:50:15,873] Trial 14 finished with value: 2.3650522232055664 and parameters: {'gradient_clip_val': 0.6951323222906671, 'hidden_size': 18, 'dropout': 0.38838078028637096, 'hidden_continuous_size': 7, 'attention_head_size': 2, 'learning_rate': 0.007676057297522752}. Best is trial 0 with value: 0.04132784903049469.
[I 2023-12-26 16:50:18,451] Trial 15 finished with value: 5.056806564331055 and parameters: {'gradient_clip_val': 0.7614241550347465, 'hidden_size': 18, 'dropout': 0.17500090604235197, 'hidden_continuous_size': 7, 'attention_head_size': 1, 'learning_rate': 0.0841782078536306}. Best is trial 0 with value: 0.04132784903049469.
[I 2023-12-26 16:50:21,569] Trial 16 finished with value: 2.901299476623535 and parameters: {'gradient_clip_val': 0.5805941897614841, 'hidden_size': 34, 'dropout': 0.30401675423323, 'hidden_continuous_size': 11, 'attention_head_size': 2, 'learning_rate': 0.024927316749786498}. Best is trial 0 with value: 0.04132784903049469.
[I 2023-12-26 16:50:25,111] Trial 17 finished with value: 4.18886137008667 and parameters: {'gradient_clip_val': 0.9698971682848511, 'hidden_size': 50, 'dropout': 0.39638318318208626, 'hidden_continuous_size': 8, 'attention_head_size': 1, 'learning_rate': 0.011771712693358439}. Best is trial 0 with value: 0.04132784903049469.
[I 2023-12-26 16:50:27,231] Trial 18 finished with value: 3.671919584274292 and parameters: {'gradient_clip_val': 0.7496797391082718, 'hidden_size': 16, 'dropout': 0.1803795820290049, 'hidden_continuous_size': 7, 'attention_head_size': 2, 'learning_rate': 0.005117923164618859}. Best is trial 0 with value: 0.04132784903049469.
[I 2023-12-26 16:50:30,492] Trial 19 finished with value: 4.950016498565674 and parameters: {'gradient_clip_val': 0.4644850959872771, 'hidden_size': 29, 'dropout': 0.2820677089297145, 'hidden_continuous_size': 12, 'attention_head_size': 1, 'learning_rate': 0.015026760263320863}. Best is trial 0 with value: 0.04132784903049469.
[I 2023-12-26 16:50:33,854] Trial 20 finished with value: 4.251501560211182 and parameters: {'gradient_clip_val': 0.6562037553781347, 'hidden_size': 25, 'dropout': 0.37597059356100626, 'hidden_continuous_size': 9, 'attention_head_size': 2, 'learning_rate': 0.03521887451358631}. Best is trial 0 with value: 0.04132784903049469.
[I 2023-12-26 16:50:36,130] Trial 21 finished with value: 3.107671022415161 and parameters: {'gradient_clip_val': 0.46432054864949696, 'hidden_size': 8, 'dropout': 0.43805294812486595, 'hidden_continuous_size': 6, 'attention_head_size': 3, 'learning_rate': 0.09867578835773375}. Best is trial 0 with value: 0.04132784903049469.
[I 2023-12-26 16:50:38,600] Trial 22 finished with value: 3.073112726211548 and parameters: {'gradient_clip_val': 0.8333041389986449, 'hidden_size': 14, 'dropout': 0.4160094288801254, 'hidden_continuous_size': 7, 'attention_head_size': 4, 'learning_rate': 0.004321519950281076}. Best is trial 0 with value: 0.04132784903049469.
[I 2023-12-26 16:50:40,712] Trial 23 finished with value: 3.982342481613159 and parameters: {'gradient_clip_val': 0.682158786274398, 'hidden_size': 9, 'dropout': 0.49605675785373937, 'hidden_continuous_size': 6, 'attention_head_size': 3, 'learning_rate': 0.012057799578678708}. Best is trial 0 with value: 0.04132784903049469.
[I 2023-12-26 16:50:42,947] Trial 24 finished with value: 3.6602871417999268 and parameters: {'gradient_clip_val': 0.8574601922720673, 'hidden_size': 7, 'dropout': 0.3789240689795017, 'hidden_continuous_size': 5, 'attention_head_size': 2, 'learning_rate': 0.0037359480629110754}. Best is trial 0 with value: 0.04132784903049469.
[I 2023-12-26 16:50:45,356] Trial 25 finished with value: 3.3473567962646484 and parameters: {'gradient_clip_val': 0.5921721554290978, 'hidden_size': 15, 'dropout': 0.3528289795579613, 'hidden_continuous_size': 7, 'attention_head_size': 3, 'learning_rate': 0.007667818540441895}. Best is trial 0 with value: 0.04132784903049469.
[I 2023-12-26 16:50:47,528] Trial 26 finished with value: 2.5935466289520264 and parameters: {'gradient_clip_val': 0.9424999646512379, 'hidden_size': 18, 'dropout': 0.40795621496422313, 'hidden_continuous_size': 8, 'attention_head_size': 2, 'learning_rate': 0.017101192552672922}. Best is trial 0 with value: 0.04132784903049469.
[I 2023-12-26 16:50:49,400] Trial 27 finished with value: 3.928619623184204 and parameters: {'gradient_clip_val': 0.8068044783975066, 'hidden_size': 6, 'dropout': 0.4529205575388144, 'hidden_continuous_size': 5, 'attention_head_size': 1, 'learning_rate': 0.039911481497113085}. Best is trial 0 with value: 0.04132784903049469.
[I 2023-12-26 16:50:51,679] Trial 28 finished with value: 4.324012279510498 and parameters: {'gradient_clip_val': 0.4445744160010486, 'hidden_size': 9, 'dropout': 0.35858341078509426, 'hidden_continuous_size': 6, 'attention_head_size': 4, 'learning_rate': 0.058164535783701767}. Best is trial 0 with value: 0.04132784903049469.
[I 2023-12-26 16:50:54,495] Trial 29 finished with value: 2.676062822341919 and parameters: {'gradient_clip_val': 0.27647745768834836, 'hidden_size': 22, 'dropout': 0.30247237083128453, 'hidden_continuous_size': 9, 'attention_head_size': 4, 'learning_rate': 0.0010984268438927296}. Best is trial 0 with value: 0.04132784903049469.
[I 2023-12-26 16:50:56,934] Trial 30 finished with value: 3.2695953845977783 and parameters: {'gradient_clip_val': 0.6919994034209404, 'hidden_size': 10, 'dropout': 0.4168384136344187, 'hidden_continuous_size': 6, 'attention_head_size': 2, 'learning_rate': 0.0029070420189490145}. Best is trial 0 with value: 0.04132784903049469.
[I 2023-12-26 16:51:03,677] Trial 31 finished with value: 3.431973695755005 and parameters: {'gradient_clip_val': 0.3581806865955415, 'hidden_size': 71, 'dropout': 0.47479997103582294, 'hidden_continuous_size': 53, 'attention_head_size': 1, 'learning_rate': 0.00260210722717362}. Best is trial 0 with value: 0.04132784903049469.
[I 2023-12-26 16:51:07,183] Trial 32 finished with value: 2.800572633743286 and parameters: {'gradient_clip_val': 0.38898001596653964, 'hidden_size': 28, 'dropout': 0.4609801442547392, 'hidden_continuous_size': 14, 'attention_head_size': 1, 'learning_rate': 0.0012717680898383281}. Best is trial 0 with value: 0.04132784903049469.
[I 2023-12-26 16:51:18,790] Trial 33 finished with value: 4.224560260772705 and parameters: {'gradient_clip_val': 0.5098511550874111, 'hidden_size': 149, 'dropout': 0.43521743784003725, 'hidden_continuous_size': 17, 'attention_head_size': 1, 'learning_rate': 0.001972031343394919}. Best is trial 0 with value: 0.04132784903049469.
[I 2023-12-26 16:51:27,529] Trial 34 finished with value: 2.9041059017181396 and parameters: {'gradient_clip_val': 0.285513982865595, 'hidden_size': 96, 'dropout': 0.49369528707161636, 'hidden_continuous_size': 92, 'attention_head_size': 1, 'learning_rate': 0.003230411977140049}. Best is trial 0 with value: 0.04132784903049469.
[I 2023-12-26 16:51:31,033] Trial 35 finished with value: 3.203167200088501 and parameters: {'gradient_clip_val': 0.3983496982239146, 'hidden_size': 39, 'dropout': 0.42433649516749017, 'hidden_continuous_size': 12, 'attention_head_size': 3, 'learning_rate': 0.0061927906916011705}. Best is trial 0 with value: 0.04132784903049469.
[I 2023-12-26 16:51:35,150] Trial 36 finished with value: 2.621246576309204 and parameters: {'gradient_clip_val': 0.22770113738670447, 'hidden_size': 53, 'dropout': 0.471868436443583, 'hidden_continuous_size': 18, 'attention_head_size': 2, 'learning_rate': 0.0042055853893445015}. Best is trial 0 with value: 0.04132784903049469.
[I 2023-12-26 16:51:44,245] Trial 37 finished with value: 2.4432976245880127 and parameters: {'gradient_clip_val': 0.32548678108201684, 'hidden_size': 116, 'dropout': 0.43869628617114265, 'hidden_continuous_size': 32, 'attention_head_size': 3, 'learning_rate': 0.0023256990825250103}. Best is trial 0 with value: 0.04132784903049469.
[I 2023-12-26 16:51:47,629] Trial 38 finished with value: 4.107762336730957 and parameters: {'gradient_clip_val': 0.16751346022789745, 'hidden_size': 34, 'dropout': 0.438759583501181, 'hidden_continuous_size': 10, 'attention_head_size': 3, 'learning_rate': 0.001805382995302296}. Best is trial 0 with value: 0.04132784903049469.
[I 2023-12-26 16:51:50,409] Trial 39 finished with value: 4.382706165313721 and parameters: {'gradient_clip_val': 0.32607285737833946, 'hidden_size': 25, 'dropout': 0.4052748965137223, 'hidden_continuous_size': 8, 'attention_head_size': 3, 'learning_rate': 0.020307069977069072}. Best is trial 0 with value: 0.04132784903049469.
[I 2023-12-26 16:51:55,255] Trial 40 finished with value: 2.7047882080078125 and parameters: {'gradient_clip_val': 0.22132979687745535, 'hidden_size': 62, 'dropout': 0.3685828618786793, 'hidden_continuous_size': 24, 'attention_head_size': 3, 'learning_rate': 0.0023712066464170473}. Best is trial 0 with value: 0.04132784903049469.
[I 2023-12-26 16:52:05,345] Trial 41 finished with value: 2.501427412033081 and parameters: {'gradient_clip_val': 0.3022731298469825, 'hidden_size': 121, 'dropout': 0.46644466300381854, 'hidden_continuous_size': 29, 'attention_head_size': 3, 'learning_rate': 0.0014720063242030623}. Best is trial 0 with value: 0.04132784903049469.
[I 2023-12-26 16:52:14,587] Trial 42 finished with value: 4.037396430969238 and parameters: {'gradient_clip_val': 0.15801662883283216, 'hidden_size': 115, 'dropout': 0.4581822879853885, 'hidden_continuous_size': 29, 'attention_head_size': 3, 'learning_rate': 0.0009118680320648731}. Best is trial 0 with value: 0.04132784903049469.
[I 2023-12-26 16:52:21,743] Trial 43 finished with value: 3.725780725479126 and parameters: {'gradient_clip_val': 0.2852840015559583, 'hidden_size': 89, 'dropout': 0.39352145135322847, 'hidden_continuous_size': 32, 'attention_head_size': 3, 'learning_rate': 0.0015218342492600363}. Best is trial 0 with value: 0.04132784903049469.
[I 2023-12-26 16:52:31,225] Trial 44 finished with value: 3.340940475463867 and parameters: {'gradient_clip_val': 0.30878409322763917, 'hidden_size': 111, 'dropout': 0.45005996597254083, 'hidden_continuous_size': 35, 'attention_head_size': 3, 'learning_rate': 0.002111407226823294}. Best is trial 0 with value: 0.04132784903049469.
[I 2023-12-26 16:52:35,492] Trial 45 finished with value: 3.502365827560425 and parameters: {'gradient_clip_val': 0.24879107687038696, 'hidden_size': 44, 'dropout': 0.47692365454369273, 'hidden_continuous_size': 23, 'attention_head_size': 4, 'learning_rate': 0.0015540935520814625}. Best is trial 0 with value: 0.04132784903049469.
[I 2023-12-26 16:52:37,996] Trial 46 finished with value: 3.61749529838562 and parameters: {'gradient_clip_val': 0.1860273651704411, 'hidden_size': 12, 'dropout': 0.42471515799085996, 'hidden_continuous_size': 7, 'attention_head_size': 3, 'learning_rate': 0.003356390726814434}. Best is trial 0 with value: 0.04132784903049469.
[I 2023-12-26 16:52:49,059] Trial 47 finished with value: 3.392422914505005 and parameters: {'gradient_clip_val': 0.14109353429726923, 'hidden_size': 131, 'dropout': 0.13361624574166375, 'hidden_continuous_size': 44, 'attention_head_size': 2, 'learning_rate': 0.005566330064848816}. Best is trial 0 with value: 0.04132784903049469.
[I 2023-12-26 16:52:51,669] Trial 48 finished with value: 4.437586307525635 and parameters: {'gradient_clip_val': 0.35675242392338646, 'hidden_size': 18, 'dropout': 0.3940723190666955, 'hidden_continuous_size': 10, 'attention_head_size': 3, 'learning_rate': 0.002652966220311207}. Best is trial 0 with value: 0.04132784903049469.
[I 2023-12-26 16:52:58,779] Trial 49 finished with value: 4.043087482452393 and parameters: {'gradient_clip_val': 0.20110444460072807, 'hidden_size': 81, 'dropout': 0.3315522574834948, 'hidden_continuous_size': 21, 'attention_head_size': 4, 'learning_rate': 0.007588847981205197}. Best is trial 0 with value: 0.04132784903049469.
[I 2023-12-26 16:52:58,920] A new study created in memory with name: no-name-0aaa9d7b-213f-454a-b7d4-00a04505999f
/home/le004/conda/anaconda3/envs/tsff_env/lib/python3.9/site-packages/lightning/fabric/plugins/environments/slurm.py:191: The `srun` command is available on your system but is not used. HINT: If your intention is to run Lightning on SLURM, prepend your python command with `srun` like so: srun python /home/le004/master_thesis/git/TSFusionForecast/code/ ...
[I 2023-12-26 16:55:35,954] Trial 0 finished with value: 0.05959201976656914 and parameters: {'gradient_clip_val': 0.1777657136472021, 'hidden_size': 17, 'dropout': 0.2345092524498633, 'hidden_continuous_size': 6, 'attention_head_size': 4, 'learning_rate': 0.08090253292697812}. Best is trial 0 with value: 0.05959201976656914.
