[I 2023-12-26 17:11:38,378] Trial 13 finished with value: 107.4552001953125 and parameters: {'gradient_clip_val': 0.1020100186914598, 'hidden_size': 79, 'dropout': 0.21560233723961997, 'hidden_continuous_size': 13, 'attention_head_size': 4, 'learning_rate': 0.002608128569902633}. Best is trial 0 with value: 44.3642463684082.
[I 2023-12-26 17:11:40,690] Trial 14 finished with value: 109.99991607666016 and parameters: {'gradient_clip_val': 0.24320059441188283, 'hidden_size': 20, 'dropout': 0.3901931927517732, 'hidden_continuous_size': 8, 'attention_head_size': 3, 'learning_rate': 0.008186551011816184}. Best is trial 0 with value: 44.3642463684082.
[I 2023-12-26 17:11:43,771] Trial 15 finished with value: 107.3327407836914 and parameters: {'gradient_clip_val': 0.18810353111977968, 'hidden_size': 30, 'dropout': 0.2935735817470795, 'hidden_continuous_size': 12, 'attention_head_size': 4, 'learning_rate': 0.04033042269662453}. Best is trial 0 with value: 44.3642463684082.
[I 2023-12-26 17:11:50,524] Trial 16 finished with value: 93.4831771850586 and parameters: {'gradient_clip_val': 0.1227751002524649, 'hidden_size': 75, 'dropout': 0.18986083144349725, 'hidden_continuous_size': 27, 'attention_head_size': 3, 'learning_rate': 0.005570341546640551}. Best is trial 0 with value: 44.3642463684082.
[I 2023-12-26 17:11:53,266] Trial 17 finished with value: 121.9186782836914 and parameters: {'gradient_clip_val': 0.1916208966477902, 'hidden_size': 15, 'dropout': 0.2548728188660294, 'hidden_continuous_size': 7, 'attention_head_size': 4, 'learning_rate': 0.011535512338442076}. Best is trial 0 with value: 44.3642463684082.
[I 2023-12-26 17:11:56,293] Trial 18 finished with value: 113.1038818359375 and parameters: {'gradient_clip_val': 0.12314915311007642, 'hidden_size': 32, 'dropout': 0.10425901349447375, 'hidden_continuous_size': 5, 'attention_head_size': 3, 'learning_rate': 0.025663381456850654}. Best is trial 0 with value: 44.3642463684082.
[I 2023-12-26 17:12:01,753] Trial 19 finished with value: 85.23345184326172 and parameters: {'gradient_clip_val': 0.2525538750481888, 'hidden_size': 73, 'dropout': 0.15394877891609565, 'hidden_continuous_size': 15, 'attention_head_size': 2, 'learning_rate': 0.009201064393832278}. Best is trial 0 with value: 44.3642463684082.
[I 2023-12-26 17:12:13,253] Trial 20 finished with value: 127.4735107421875 and parameters: {'gradient_clip_val': 0.3130919031147739, 'hidden_size': 142, 'dropout': 0.1535886850288583, 'hidden_continuous_size': 38, 'attention_head_size': 2, 'learning_rate': 0.0037060885300166384}. Best is trial 0 with value: 44.3642463684082.
[I 2023-12-26 17:12:20,001] Trial 21 finished with value: 74.58052062988281 and parameters: {'gradient_clip_val': 0.1576459769029226, 'hidden_size': 82, 'dropout': 0.20641345523755814, 'hidden_continuous_size': 15, 'attention_head_size': 2, 'learning_rate': 0.008960247615994796}. Best is trial 0 with value: 44.3642463684082.
[I 2023-12-26 17:12:26,704] Trial 22 finished with value: 92.44644165039062 and parameters: {'gradient_clip_val': 0.15400396593451002, 'hidden_size': 88, 'dropout': 0.17784698642123675, 'hidden_continuous_size': 16, 'attention_head_size': 2, 'learning_rate': 0.007531473521953564}. Best is trial 0 with value: 44.3642463684082.
[I 2023-12-26 17:12:32,087] Trial 23 finished with value: 122.52547454833984 and parameters: {'gradient_clip_val': 0.2235999271987262, 'hidden_size': 65, 'dropout': 0.1374983997565267, 'hidden_continuous_size': 14, 'attention_head_size': 1, 'learning_rate': 0.006216626444612518}. Best is trial 0 with value: 44.3642463684082.
[I 2023-12-26 17:12:41,241] Trial 24 finished with value: 95.7231216430664 and parameters: {'gradient_clip_val': 0.17073355060338674, 'hidden_size': 108, 'dropout': 0.17831588217829747, 'hidden_continuous_size': 17, 'attention_head_size': 2, 'learning_rate': 0.010256522823195491}. Best is trial 0 with value: 44.3642463684082.
[I 2023-12-26 17:12:46,020] Trial 25 finished with value: 90.34689331054688 and parameters: {'gradient_clip_val': 0.12275592017112918, 'hidden_size': 58, 'dropout': 0.11560808130086418, 'hidden_continuous_size': 13, 'attention_head_size': 2, 'learning_rate': 0.005264481927960721}. Best is trial 0 with value: 44.3642463684082.
[I 2023-12-26 17:12:54,547] Trial 26 finished with value: 87.71102142333984 and parameters: {'gradient_clip_val': 0.29231813799972456, 'hidden_size': 102, 'dropout': 0.10133907264181678, 'hidden_continuous_size': 11, 'attention_head_size': 1, 'learning_rate': 0.0021175521801896718}. Best is trial 0 with value: 44.3642463684082.
[I 2023-12-26 17:12:59,275] Trial 27 finished with value: 81.46784210205078 and parameters: {'gradient_clip_val': 0.2028510193103464, 'hidden_size': 56, 'dropout': 0.15599038008865979, 'hidden_continuous_size': 15, 'attention_head_size': 2, 'learning_rate': 0.014878382921294826}. Best is trial 0 with value: 44.3642463684082.
[I 2023-12-26 17:13:04,396] Trial 28 finished with value: 88.2991714477539 and parameters: {'gradient_clip_val': 0.2046975474784219, 'hidden_size': 59, 'dropout': 0.20484109242846102, 'hidden_continuous_size': 18, 'attention_head_size': 3, 'learning_rate': 0.02731711034781137}. Best is trial 0 with value: 44.3642463684082.
[I 2023-12-26 17:13:07,962] Trial 29 finished with value: 106.35660552978516 and parameters: {'gradient_clip_val': 0.16524581756776652, 'hidden_size': 39, 'dropout': 0.1334978688174846, 'hidden_continuous_size': 12, 'attention_head_size': 1, 'learning_rate': 0.016027761955416425}. Best is trial 0 with value: 44.3642463684082.
[I 2023-12-26 17:13:17,717] Trial 30 finished with value: 111.15496826171875 and parameters: {'gradient_clip_val': 0.13816388290666826, 'hidden_size': 123, 'dropout': 0.25270323368497566, 'hidden_continuous_size': 33, 'attention_head_size': 2, 'learning_rate': 0.01244653434846038}. Best is trial 0 with value: 44.3642463684082.
[I 2023-12-26 17:13:24,391] Trial 31 finished with value: 104.6697769165039 and parameters: {'gradient_clip_val': 0.27020601530889127, 'hidden_size': 87, 'dropout': 0.15406129434456237, 'hidden_continuous_size': 22, 'attention_head_size': 2, 'learning_rate': 0.008841541387224369}. Best is trial 0 with value: 44.3642463684082.
[I 2023-12-26 17:13:31,988] Trial 32 finished with value: 106.641357421875 and parameters: {'gradient_clip_val': 0.19919914785008058, 'hidden_size': 96, 'dropout': 0.1423044221124059, 'hidden_continuous_size': 15, 'attention_head_size': 2, 'learning_rate': 0.01330456664330801}. Best is trial 0 with value: 44.3642463684082.
[I 2023-12-26 17:13:37,773] Trial 33 finished with value: 113.13541412353516 and parameters: {'gradient_clip_val': 0.2169942688645823, 'hidden_size': 68, 'dropout': 0.19677879032821274, 'hidden_continuous_size': 10, 'attention_head_size': 2, 'learning_rate': 0.006930766621784656}. Best is trial 0 with value: 44.3642463684082.
[I 2023-12-26 17:13:46,834] Trial 34 finished with value: 110.29498291015625 and parameters: {'gradient_clip_val': 0.1785937563787744, 'hidden_size': 124, 'dropout': 0.23454490471813808, 'hidden_continuous_size': 26, 'attention_head_size': 1, 'learning_rate': 0.01667414725222989}. Best is trial 0 with value: 44.3642463684082.
[I 2023-12-26 17:13:51,934] Trial 35 finished with value: 108.3759994506836 and parameters: {'gradient_clip_val': 0.2525269853600022, 'hidden_size': 51, 'dropout': 0.16103434219897328, 'hidden_continuous_size': 15, 'attention_head_size': 2, 'learning_rate': 0.004656585955208915}. Best is trial 0 with value: 44.3642463684082.
[I 2023-12-26 17:13:56,915] Trial 36 finished with value: 109.20963287353516 and parameters: {'gradient_clip_val': 0.35912012957463396, 'hidden_size': 69, 'dropout': 0.1718770820195894, 'hidden_continuous_size': 11, 'attention_head_size': 3, 'learning_rate': 0.009376247152268292}. Best is trial 0 with value: 44.3642463684082.
[I 2023-12-26 17:14:04,083] Trial 37 finished with value: 61.920257568359375 and parameters: {'gradient_clip_val': 0.15719609791709935, 'hidden_size': 84, 'dropout': 0.19555971637330086, 'hidden_continuous_size': 22, 'attention_head_size': 2, 'learning_rate': 0.014088646655080564}. Best is trial 0 with value: 44.3642463684082.
[I 2023-12-26 17:14:15,098] Trial 38 finished with value: 101.17760467529297 and parameters: {'gradient_clip_val': 0.157605196057745, 'hidden_size': 150, 'dropout': 0.23746321708924162, 'hidden_continuous_size': 34, 'attention_head_size': 3, 'learning_rate': 0.021212448437523356}. Best is trial 0 with value: 44.3642463684082.
[I 2023-12-26 17:14:22,976] Trial 39 finished with value: 103.858642578125 and parameters: {'gradient_clip_val': 0.14186781432926604, 'hidden_size': 103, 'dropout': 0.19889898719707316, 'hidden_continuous_size': 21, 'attention_head_size': 1, 'learning_rate': 0.0145088452104595}. Best is trial 0 with value: 44.3642463684082.
[I 2023-12-26 17:14:29,567] Trial 40 finished with value: 90.81320190429688 and parameters: {'gradient_clip_val': 0.1852870552271187, 'hidden_size': 90, 'dropout': 0.2671833672066964, 'hidden_continuous_size': 19, 'attention_head_size': 2, 'learning_rate': 0.03169453187856001}. Best is trial 0 with value: 44.3642463684082.
[I 2023-12-26 17:14:36,244] Trial 41 finished with value: 139.80783081054688 and parameters: {'gradient_clip_val': 0.22470602254317212, 'hidden_size': 80, 'dropout': 0.13149646314787383, 'hidden_continuous_size': 17, 'attention_head_size': 2, 'learning_rate': 0.018361297739035436}. Best is trial 0 with value: 44.3642463684082.
[I 2023-12-26 17:14:40,954] Trial 42 finished with value: 89.268310546875 and parameters: {'gradient_clip_val': 0.16656843389001036, 'hidden_size': 56, 'dropout': 0.1610897704088008, 'hidden_continuous_size': 15, 'attention_head_size': 2, 'learning_rate': 0.012640973477293975}. Best is trial 0 with value: 44.3642463684082.
[I 2023-12-26 17:14:50,826] Trial 43 finished with value: 110.17581939697266 and parameters: {'gradient_clip_val': 0.20423102076224434, 'hidden_size': 118, 'dropout': 0.18246280141811327, 'hidden_continuous_size': 24, 'attention_head_size': 2, 'learning_rate': 0.009497269097345586}. Best is trial 0 with value: 44.3642463684082.
[I 2023-12-26 17:14:57,020] Trial 44 finished with value: 85.78321075439453 and parameters: {'gradient_clip_val': 0.15195167006769283, 'hidden_size': 73, 'dropout': 0.21923796817268104, 'hidden_continuous_size': 20, 'attention_head_size': 2, 'learning_rate': 0.006677574802847502}. Best is trial 0 with value: 44.3642463684082.
[I 2023-12-26 17:15:01,708] Trial 45 finished with value: 84.09107971191406 and parameters: {'gradient_clip_val': 0.1131431987461555, 'hidden_size': 47, 'dropout': 0.19773145383286855, 'hidden_continuous_size': 17, 'attention_head_size': 3, 'learning_rate': 0.010413036661746674}. Best is trial 0 with value: 44.3642463684082.
[I 2023-12-26 17:15:06,512] Trial 46 finished with value: 98.59642791748047 and parameters: {'gradient_clip_val': 0.10969125279653823, 'hidden_size': 54, 'dropout': 0.20993678496915563, 'hidden_continuous_size': 18, 'attention_head_size': 3, 'learning_rate': 0.014591509086577638}. Best is trial 0 with value: 44.3642463684082.
[I 2023-12-26 17:15:11,216] Trial 47 finished with value: 95.8822250366211 and parameters: {'gradient_clip_val': 0.13115481990418718, 'hidden_size': 46, 'dropout': 0.23353714492058358, 'hidden_continuous_size': 23, 'attention_head_size': 3, 'learning_rate': 0.021141937027535366}. Best is trial 0 with value: 44.3642463684082.
[I 2023-12-26 17:15:15,053] Trial 48 finished with value: 85.2646713256836 and parameters: {'gradient_clip_val': 0.11514810148834444, 'hidden_size': 43, 'dropout': 0.19238554591044027, 'hidden_continuous_size': 20, 'attention_head_size': 3, 'learning_rate': 0.00654846523144879}. Best is trial 0 with value: 44.3642463684082.
[I 2023-12-26 17:15:22,715] Trial 49 finished with value: 78.5846939086914 and parameters: {'gradient_clip_val': 0.1117698789307694, 'hidden_size': 89, 'dropout': 0.2916813095729364, 'hidden_continuous_size': 29, 'attention_head_size': 3, 'learning_rate': 0.01161105068563029}. Best is trial 0 with value: 44.3642463684082.
[I 2023-12-26 17:15:22,909] A new study created in memory with name: no-name-b3995810-959c-4d04-8795-8ea9b064e8c8
/home/le004/conda/anaconda3/envs/tsff_env/lib/python3.9/site-packages/lightning/fabric/plugins/environments/slurm.py:191: The `srun` command is available on your system but is not used. HINT: If your intention is to run Lightning on SLURM, prepend your python command with `srun` like so: srun python /home/le004/master_thesis/git/TSFusionForecast/code/ ...
[I 2023-12-26 17:21:11,974] Trial 0 finished with value: 61.98393630981445 and parameters: {'gradient_clip_val': 0.26507458760777414, 'hidden_size': 102, 'dropout': 0.11611299921410595, 'hidden_continuous_size': 40, 'attention_head_size': 2, 'learning_rate': 0.072324506391023}. Best is trial 0 with value: 61.98393630981445.
[I 2023-12-26 17:21:14,315] Trial 1 finished with value: 67.91240692138672 and parameters: {'gradient_clip_val': 0.4015756375344454, 'hidden_size': 7, 'dropout': 0.18880955508357133, 'hidden_continuous_size': 6, 'attention_head_size': 3, 'learning_rate': 0.00431027552379802}. Best is trial 0 with value: 61.98393630981445.
[I 2023-12-26 17:21:17,876] Trial 2 finished with value: 61.418392181396484 and parameters: {'gradient_clip_val': 0.11678046008056014, 'hidden_size': 29, 'dropout': 0.35814477025507496, 'hidden_continuous_size': 28, 'attention_head_size': 3, 'learning_rate': 0.015985905332936402}. Best is trial 2 with value: 61.418392181396484.
[I 2023-12-26 17:21:19,868] Trial 3 finished with value: 74.3560791015625 and parameters: {'gradient_clip_val': 0.1417990394087531, 'hidden_size': 7, 'dropout': 0.2489377706064242, 'hidden_continuous_size': 6, 'attention_head_size': 4, 'learning_rate': 0.0018690911624244383}. Best is trial 2 with value: 61.418392181396484.
[I 2023-12-26 17:21:24,841] Trial 4 finished with value: 62.25188064575195 and parameters: {'gradient_clip_val': 0.2904004091978043, 'hidden_size': 59, 'dropout': 0.33907892973444065, 'hidden_continuous_size': 40, 'attention_head_size': 4, 'learning_rate': 0.022546537638760928}. Best is trial 2 with value: 61.418392181396484.
[I 2023-12-26 17:21:27,376] Trial 5 finished with value: 76.48593139648438 and parameters: {'gradient_clip_val': 0.1208183965988895, 'hidden_size': 12, 'dropout': 0.10450046895595665, 'hidden_continuous_size': 6, 'attention_head_size': 1, 'learning_rate': 0.001010959547376928}. Best is trial 2 with value: 61.418392181396484.
[I 2023-12-26 17:21:32,863] Trial 6 finished with value: 65.9802017211914 and parameters: {'gradient_clip_val': 0.20766615456263562, 'hidden_size': 70, 'dropout': 0.18213938265344976, 'hidden_continuous_size': 6, 'attention_head_size': 4, 'learning_rate': 0.0010786576240918262}. Best is trial 2 with value: 61.418392181396484.
[I 2023-12-26 17:21:34,839] Trial 7 finished with value: 83.21388244628906 and parameters: {'gradient_clip_val': 0.9300721733124321, 'hidden_size': 9, 'dropout': 0.3919782262056638, 'hidden_continuous_size': 6, 'attention_head_size': 1, 'learning_rate': 0.007923614253637853}. Best is trial 2 with value: 61.418392181396484.
[I 2023-12-26 17:21:36,867] Trial 8 finished with value: 66.87232208251953 and parameters: {'gradient_clip_val': 0.1577697747994919, 'hidden_size': 7, 'dropout': 0.15803689208078098, 'hidden_continuous_size': 6, 'attention_head_size': 2, 'learning_rate': 0.0005140055313695208}. Best is trial 2 with value: 61.418392181396484.
[I 2023-12-26 17:21:38,882] Trial 9 finished with value: 83.62361907958984 and parameters: {'gradient_clip_val': 0.4194986882561826, 'hidden_size': 8, 'dropout': 0.4544017075489635, 'hidden_continuous_size': 7, 'attention_head_size': 3, 'learning_rate': 0.003663676499219684}. Best is trial 2 with value: 61.418392181396484.
[I 2023-12-26 17:21:41,670] Trial 10 finished with value: 59.25490188598633 and parameters: {'gradient_clip_val': 0.11783177598237184, 'hidden_size': 27, 'dropout': 0.2891854162559828, 'hidden_continuous_size': 19, 'attention_head_size': 3, 'learning_rate': 0.01860072964553987}. Best is trial 10 with value: 59.25490188598633.
[I 2023-12-26 17:21:44,072] Trial 11 finished with value: 79.13875579833984 and parameters: {'gradient_clip_val': 0.10153593096880192, 'hidden_size': 24, 'dropout': 0.3064945237972591, 'hidden_continuous_size': 20, 'attention_head_size': 3, 'learning_rate': 0.019210238094106324}. Best is trial 10 with value: 59.25490188598633.
[I 2023-12-26 17:21:46,778] Trial 12 finished with value: 80.12268829345703 and parameters: {'gradient_clip_val': 0.10020438584931483, 'hidden_size': 28, 'dropout': 0.363387993048841, 'hidden_continuous_size': 20, 'attention_head_size': 3, 'learning_rate': 0.01526191393170674}. Best is trial 10 with value: 59.25490188598633.
[I 2023-12-26 17:21:49,447] Trial 13 finished with value: 84.5490493774414 and parameters: {'gradient_clip_val': 0.18259918564263333, 'hidden_size': 28, 'dropout': 0.2519976792474676, 'hidden_continuous_size': 21, 'attention_head_size': 2, 'learning_rate': 0.04691263646780897}. Best is trial 10 with value: 59.25490188598633.
[I 2023-12-26 17:21:51,635] Trial 14 finished with value: 61.61710739135742 and parameters: {'gradient_clip_val': 0.13206864285018025, 'hidden_size': 18, 'dropout': 0.4018540599872776, 'hidden_continuous_size': 16, 'attention_head_size': 3, 'learning_rate': 0.009928899838559949}. Best is trial 10 with value: 59.25490188598633.
[I 2023-12-26 17:21:54,341] Trial 15 finished with value: 71.25074005126953 and parameters: {'gradient_clip_val': 0.19302201955957196, 'hidden_size': 40, 'dropout': 0.4952151784601787, 'hidden_continuous_size': 28, 'attention_head_size': 2, 'learning_rate': 0.03408327229198833}. Best is trial 10 with value: 59.25490188598633.
[I 2023-12-26 17:21:56,612] Trial 16 finished with value: 70.60615539550781 and parameters: {'gradient_clip_val': 0.13258406754756394, 'hidden_size': 15, 'dropout': 0.29216158383932933, 'hidden_continuous_size': 10, 'attention_head_size': 4, 'learning_rate': 0.08995966143545997}. Best is trial 10 with value: 59.25490188598633.
[I 2023-12-26 17:22:00,163] Trial 17 finished with value: 81.51388549804688 and parameters: {'gradient_clip_val': 0.10179508060030223, 'hidden_size': 40, 'dropout': 0.41576965287961914, 'hidden_continuous_size': 13, 'attention_head_size': 3, 'learning_rate': 0.01127027765007796}. Best is trial 10 with value: 59.25490188598633.
[I 2023-12-26 17:22:12,016] Trial 18 finished with value: 72.28337860107422 and parameters: {'gradient_clip_val': 0.2230934139526956, 'hidden_size': 149, 'dropout': 0.3343687319413834, 'hidden_continuous_size': 80, 'attention_head_size': 2, 'learning_rate': 0.028462476200658372}. Best is trial 10 with value: 59.25490188598633.
[I 2023-12-26 17:22:14,640] Trial 19 finished with value: 73.16482543945312 and parameters: {'gradient_clip_val': 0.16509704563386496, 'hidden_size': 19, 'dropout': 0.2719290601420443, 'hidden_continuous_size': 5, 'attention_head_size': 4, 'learning_rate': 0.015030719770268037}. Best is trial 10 with value: 59.25490188598633.
[I 2023-12-26 17:22:16,996] Trial 20 finished with value: 65.10826873779297 and parameters: {'gradient_clip_val': 0.15816525071243137, 'hidden_size': 11, 'dropout': 0.35788436181984123, 'hidden_continuous_size': 5, 'attention_head_size': 3, 'learning_rate': 0.04611294978078285}. Best is trial 10 with value: 59.25490188598633.
[I 2023-12-26 17:22:19,489] Trial 21 finished with value: 70.74429321289062 and parameters: {'gradient_clip_val': 0.1253283586038609, 'hidden_size': 17, 'dropout': 0.4180545076025413, 'hidden_continuous_size': 9, 'attention_head_size': 3, 'learning_rate': 0.009765969744301623}. Best is trial 10 with value: 59.25490188598633.
[I 2023-12-26 17:22:22,207] Trial 22 finished with value: 79.2723617553711 and parameters: {'gradient_clip_val': 0.1193386665819061, 'hidden_size': 21, 'dropout': 0.3761573590093637, 'hidden_continuous_size': 13, 'attention_head_size': 3, 'learning_rate': 0.0062432744912791684}. Best is trial 10 with value: 59.25490188598633.
[I 2023-12-26 17:22:24,681] Trial 23 finished with value: 58.45637130737305 and parameters: {'gradient_clip_val': 0.13819573193294982, 'hidden_size': 14, 'dropout': 0.3248697250654162, 'hidden_continuous_size': 8, 'attention_head_size': 3, 'learning_rate': 0.012097486220135031}. Best is trial 23 with value: 58.45637130737305.
[I 2023-12-26 17:22:27,077] Trial 24 finished with value: 70.95684051513672 and parameters: {'gradient_clip_val': 0.14716931625215834, 'hidden_size': 13, 'dropout': 0.31454948212356026, 'hidden_continuous_size': 7, 'attention_head_size': 2, 'learning_rate': 0.020455703240877334}. Best is trial 23 with value: 58.45637130737305.
[I 2023-12-26 17:22:29,103] Trial 25 finished with value: 79.24491119384766 and parameters: {'gradient_clip_val': 0.1752906148868026, 'hidden_size': 5, 'dropout': 0.3304395692019708, 'hidden_continuous_size': 5, 'attention_head_size': 3, 'learning_rate': 0.014659445610614231}. Best is trial 23 with value: 58.45637130737305.
[I 2023-12-26 17:22:32,207] Trial 26 finished with value: 73.36354064941406 and parameters: {'gradient_clip_val': 0.11855500894158104, 'hidden_size': 32, 'dropout': 0.2907271854118422, 'hidden_continuous_size': 10, 'attention_head_size': 4, 'learning_rate': 0.006379149273715425}. Best is trial 23 with value: 58.45637130737305.
[I 2023-12-26 17:22:34,829] Trial 27 finished with value: 55.3727912902832 and parameters: {'gradient_clip_val': 0.14531550900029652, 'hidden_size': 22, 'dropout': 0.35475304377322203, 'hidden_continuous_size': 8, 'attention_head_size': 3, 'learning_rate': 0.02779112958434405}. Best is trial 27 with value: 55.3727912902832.
