[I 2023-12-15 17:41:59,676] Trial 17 finished with value: 45.73161697387695 and parameters: {'gradient_clip_val': 0.10989740059706404, 'hidden_size': 33, 'dropout': 0.38821542659194763, 'hidden_continuous_size': 10, 'attention_head_size': 1, 'learning_rate': 0.0016721049765500528}. Best is trial 17 with value: 45.73161697387695.
LOCAL_RANK: 0 - CUDA_VISIBLE_DEVICES: [0]
[I 2023-12-15 17:42:48,522] Trial 18 finished with value: 71.78461456298828 and parameters: {'gradient_clip_val': 0.10190797680603629, 'hidden_size': 29, 'dropout': 0.35449508650516676, 'hidden_continuous_size': 10, 'attention_head_size': 2, 'learning_rate': 0.0015935738955884168}. Best is trial 17 with value: 45.73161697387695.
LOCAL_RANK: 0 - CUDA_VISIBLE_DEVICES: [0]
[I 2023-12-15 17:43:40,009] Trial 19 finished with value: 34.95451736450195 and parameters: {'gradient_clip_val': 0.12494567444296079, 'hidden_size': 43, 'dropout': 0.2758651807125996, 'hidden_continuous_size': 11, 'attention_head_size': 1, 'learning_rate': 0.0014686485152476893}. Best is trial 19 with value: 34.95451736450195.
LOCAL_RANK: 0 - CUDA_VISIBLE_DEVICES: [0]
[I 2023-12-15 17:44:31,442] Trial 20 finished with value: 41.59846878051758 and parameters: {'gradient_clip_val': 0.1201722028665044, 'hidden_size': 44, 'dropout': 0.2675844528076569, 'hidden_continuous_size': 13, 'attention_head_size': 2, 'learning_rate': 0.0005305708658688023}. Best is trial 19 with value: 34.95451736450195.
LOCAL_RANK: 0 - CUDA_VISIBLE_DEVICES: [0]
[I 2023-12-15 17:45:23,967] Trial 21 finished with value: 70.54022979736328 and parameters: {'gradient_clip_val': 0.12163297596884269, 'hidden_size': 47, 'dropout': 0.2615091083690302, 'hidden_continuous_size': 13, 'attention_head_size': 2, 'learning_rate': 0.0011289914987759944}. Best is trial 19 with value: 34.95451736450195.
LOCAL_RANK: 0 - CUDA_VISIBLE_DEVICES: [0]
[I 2023-12-15 17:46:16,199] Trial 22 finished with value: 42.34489822387695 and parameters: {'gradient_clip_val': 0.12638026243631692, 'hidden_size': 96, 'dropout': 0.23675536584920412, 'hidden_continuous_size': 14, 'attention_head_size': 1, 'learning_rate': 0.0005568850958005811}. Best is trial 19 with value: 34.95451736450195.
LOCAL_RANK: 0 - CUDA_VISIBLE_DEVICES: [0]
[I 2023-12-15 17:47:09,308] Trial 23 finished with value: 32.29719161987305 and parameters: {'gradient_clip_val': 0.1342402230185755, 'hidden_size': 88, 'dropout': 0.2464387897785061, 'hidden_continuous_size': 17, 'attention_head_size': 2, 'learning_rate': 0.0005111641184323444}. Best is trial 23 with value: 32.29719161987305.
LOCAL_RANK: 0 - CUDA_VISIBLE_DEVICES: [0]
[I 2023-12-15 17:48:05,124] Trial 24 finished with value: 65.51874542236328 and parameters: {'gradient_clip_val': 0.13550593758392357, 'hidden_size': 97, 'dropout': 0.26848552730845154, 'hidden_continuous_size': 33, 'attention_head_size': 3, 'learning_rate': 0.0006133051122262103}. Best is trial 23 with value: 32.29719161987305.
LOCAL_RANK: 0 - CUDA_VISIBLE_DEVICES: [0]
[I 2023-12-15 17:48:56,960] Trial 25 finished with value: 32.214385986328125 and parameters: {'gradient_clip_val': 0.10067702263186275, 'hidden_size': 41, 'dropout': 0.22073054271845088, 'hidden_continuous_size': 15, 'attention_head_size': 2, 'learning_rate': 0.0005041952624808357}. Best is trial 25 with value: 32.214385986328125.
LOCAL_RANK: 0 - CUDA_VISIBLE_DEVICES: [0]
[I 2023-12-15 17:49:49,652] Trial 26 finished with value: 46.72163772583008 and parameters: {'gradient_clip_val': 0.15280203695768763, 'hidden_size': 59, 'dropout': 0.22154730245379545, 'hidden_continuous_size': 18, 'attention_head_size': 2, 'learning_rate': 0.0010066821481195477}. Best is trial 25 with value: 32.214385986328125.
LOCAL_RANK: 0 - CUDA_VISIBLE_DEVICES: [0]
[I 2023-12-15 17:50:46,276] Trial 27 finished with value: 92.77471160888672 and parameters: {'gradient_clip_val': 0.10019471770004622, 'hidden_size': 77, 'dropout': 0.2275473400950595, 'hidden_continuous_size': 71, 'attention_head_size': 3, 'learning_rate': 0.001224920671521842}. Best is trial 25 with value: 32.214385986328125.
LOCAL_RANK: 0 - CUDA_VISIBLE_DEVICES: [0]
[I 2023-12-15 17:51:36,165] Trial 28 finished with value: 63.84189224243164 and parameters: {'gradient_clip_val': 0.18487404813580616, 'hidden_size': 37, 'dropout': 0.2052181683537881, 'hidden_continuous_size': 10, 'attention_head_size': 2, 'learning_rate': 0.0005223001240364977}. Best is trial 25 with value: 32.214385986328125.
LOCAL_RANK: 0 - CUDA_VISIBLE_DEVICES: [0]
[I 2023-12-15 17:52:24,639] Trial 29 finished with value: 65.23208618164062 and parameters: {'gradient_clip_val': 0.1251384507276803, 'hidden_size': 25, 'dropout': 0.2845803240133715, 'hidden_continuous_size': 11, 'attention_head_size': 2, 'learning_rate': 0.0007390237125665303}. Best is trial 25 with value: 32.214385986328125.
LOCAL_RANK: 0 - CUDA_VISIBLE_DEVICES: [0]
[I 2023-12-15 17:53:16,681] Trial 30 finished with value: 32.96345901489258 and parameters: {'gradient_clip_val': 0.19519005801014006, 'hidden_size': 41, 'dropout': 0.25938582903798735, 'hidden_continuous_size': 15, 'attention_head_size': 3, 'learning_rate': 0.0012846769837333277}. Best is trial 25 with value: 32.214385986328125.
LOCAL_RANK: 0 - CUDA_VISIBLE_DEVICES: [0]
[I 2023-12-15 17:54:08,792] Trial 31 finished with value: 67.06184387207031 and parameters: {'gradient_clip_val': 0.18727918844777003, 'hidden_size': 41, 'dropout': 0.23650686149676844, 'hidden_continuous_size': 17, 'attention_head_size': 3, 'learning_rate': 0.0012917020534394775}. Best is trial 25 with value: 32.214385986328125.
LOCAL_RANK: 0 - CUDA_VISIBLE_DEVICES: [0]
[I 2023-12-15 17:55:01,713] Trial 32 finished with value: 37.5616340637207 and parameters: {'gradient_clip_val': 0.14764436378112633, 'hidden_size': 51, 'dropout': 0.25447616788604177, 'hidden_continuous_size': 16, 'attention_head_size': 3, 'learning_rate': 0.0008156994121958082}. Best is trial 25 with value: 32.214385986328125.
LOCAL_RANK: 0 - CUDA_VISIBLE_DEVICES: [0]
[I 2023-12-15 17:55:52,400] Trial 33 finished with value: 95.1346664428711 and parameters: {'gradient_clip_val': 0.11387408253703306, 'hidden_size': 35, 'dropout': 0.2837254715525898, 'hidden_continuous_size': 15, 'attention_head_size': 3, 'learning_rate': 0.002152457002609087}. Best is trial 25 with value: 32.214385986328125.
LOCAL_RANK: 0 - CUDA_VISIBLE_DEVICES: [0]
[I 2023-12-15 17:56:45,274] Trial 34 finished with value: 65.45738983154297 and parameters: {'gradient_clip_val': 0.16491116759108773, 'hidden_size': 60, 'dropout': 0.25209841273751404, 'hidden_continuous_size': 19, 'attention_head_size': 4, 'learning_rate': 0.00107591765556768}. Best is trial 25 with value: 32.214385986328125.
LOCAL_RANK: 0 - CUDA_VISIBLE_DEVICES: [0]
[I 2023-12-15 17:57:38,386] Trial 35 finished with value: 69.71443939208984 and parameters: {'gradient_clip_val': 0.12893587281522556, 'hidden_size': 50, 'dropout': 0.21655053898373675, 'hidden_continuous_size': 13, 'attention_head_size': 4, 'learning_rate': 0.0007054298305670853}. Best is trial 25 with value: 32.214385986328125.
LOCAL_RANK: 0 - CUDA_VISIBLE_DEVICES: [0]
[I 2023-12-15 17:58:32,296] Trial 36 finished with value: 103.2716293334961 and parameters: {'gradient_clip_val': 0.10031135287828294, 'hidden_size': 77, 'dropout': 0.24096954044867588, 'hidden_continuous_size': 25, 'attention_head_size': 3, 'learning_rate': 0.0005162218506678563}. Best is trial 25 with value: 32.214385986328125.
LOCAL_RANK: 0 - CUDA_VISIBLE_DEVICES: [0]
[I 2023-12-15 17:59:23,830] Trial 37 finished with value: 34.85505294799805 and parameters: {'gradient_clip_val': 0.202148806539216, 'hidden_size': 39, 'dropout': 0.18938316974158118, 'hidden_continuous_size': 15, 'attention_head_size': 2, 'learning_rate': 0.0013363910012917334}. Best is trial 25 with value: 32.214385986328125.
LOCAL_RANK: 0 - CUDA_VISIBLE_DEVICES: [0]
[I 2023-12-15 18:00:12,524] Trial 38 finished with value: 98.5533218383789 and parameters: {'gradient_clip_val': 0.20504166814652566, 'hidden_size': 27, 'dropout': 0.18880898019986966, 'hidden_continuous_size': 15, 'attention_head_size': 2, 'learning_rate': 0.0007293054454990355}. Best is trial 25 with value: 32.214385986328125.
LOCAL_RANK: 0 - CUDA_VISIBLE_DEVICES: [0]
[I 2023-12-15 18:00:59,716] Trial 39 finished with value: 52.78153610229492 and parameters: {'gradient_clip_val': 0.20316852055608237, 'hidden_size': 24, 'dropout': 0.1894881927464214, 'hidden_continuous_size': 12, 'attention_head_size': 2, 'learning_rate': 0.0009579704408065707}. Best is trial 25 with value: 32.214385986328125.
LOCAL_RANK: 0 - CUDA_VISIBLE_DEVICES: [0]
[I 2023-12-15 18:01:49,333] Trial 40 finished with value: 65.06212615966797 and parameters: {'gradient_clip_val': 0.1532786741550997, 'hidden_size': 31, 'dropout': 0.20938245628838553, 'hidden_continuous_size': 16, 'attention_head_size': 2, 'learning_rate': 0.0041498711795154184}. Best is trial 25 with value: 32.214385986328125.
LOCAL_RANK: 0 - CUDA_VISIBLE_DEVICES: [0]
[I 2023-12-15 18:02:39,873] Trial 41 finished with value: 97.05670166015625 and parameters: {'gradient_clip_val': 0.13480041232396328, 'hidden_size': 40, 'dropout': 0.22748445698398684, 'hidden_continuous_size': 12, 'attention_head_size': 3, 'learning_rate': 0.0014014659903524326}. Best is trial 25 with value: 32.214385986328125.
LOCAL_RANK: 0 - CUDA_VISIBLE_DEVICES: [0]
[I 2023-12-15 18:03:31,947] Trial 42 finished with value: 37.36863327026367 and parameters: {'gradient_clip_val': 0.11523149465745586, 'hidden_size': 43, 'dropout': 0.24344570209641214, 'hidden_continuous_size': 19, 'attention_head_size': 2, 'learning_rate': 0.002132333005081772}. Best is trial 25 with value: 32.214385986328125.
LOCAL_RANK: 0 - CUDA_VISIBLE_DEVICES: [0]
[I 2023-12-15 18:04:24,073] Trial 43 finished with value: 53.68264389038086 and parameters: {'gradient_clip_val': 0.18100757139806523, 'hidden_size': 55, 'dropout': 0.17405474036748697, 'hidden_continuous_size': 9, 'attention_head_size': 2, 'learning_rate': 0.0009324376120924066}. Best is trial 25 with value: 32.214385986328125.
LOCAL_RANK: 0 - CUDA_VISIBLE_DEVICES: [0]
[I 2023-12-15 18:05:13,930] Trial 44 finished with value: 41.55815124511719 and parameters: {'gradient_clip_val': 0.11249370248492255, 'hidden_size': 36, 'dropout': 0.19628056584267042, 'hidden_continuous_size': 14, 'attention_head_size': 3, 'learning_rate': 0.0006866372318190154}. Best is trial 25 with value: 32.214385986328125.
LOCAL_RANK: 0 - CUDA_VISIBLE_DEVICES: [0]
[I 2023-12-15 18:06:00,574] Trial 45 finished with value: 40.5975456237793 and parameters: {'gradient_clip_val': 0.141970762568134, 'hidden_size': 20, 'dropout': 0.21450199172384532, 'hidden_continuous_size': 9, 'attention_head_size': 2, 'learning_rate': 0.0012449582368137856}. Best is trial 25 with value: 32.214385986328125.
LOCAL_RANK: 0 - CUDA_VISIBLE_DEVICES: [0]
[I 2023-12-15 18:06:49,593] Trial 46 finished with value: 98.35445404052734 and parameters: {'gradient_clip_val': 0.2084932183735589, 'hidden_size': 32, 'dropout': 0.16833134806570957, 'hidden_continuous_size': 14, 'attention_head_size': 4, 'learning_rate': 0.0008525921365958734}. Best is trial 25 with value: 32.214385986328125.
LOCAL_RANK: 0 - CUDA_VISIBLE_DEVICES: [0]
[I 2023-12-15 18:07:42,273] Trial 47 finished with value: 73.20361328125 and parameters: {'gradient_clip_val': 0.1674962580623136, 'hidden_size': 68, 'dropout': 0.14540389762488828, 'hidden_continuous_size': 23, 'attention_head_size': 1, 'learning_rate': 0.000654386799423692}. Best is trial 25 with value: 32.214385986328125.
LOCAL_RANK: 0 - CUDA_VISIBLE_DEVICES: [0]
[I 2023-12-15 18:08:34,181] Trial 48 finished with value: 97.1051254272461 and parameters: {'gradient_clip_val': 0.13351797362872825, 'hidden_size': 39, 'dropout': 0.20462703201007834, 'hidden_continuous_size': 16, 'attention_head_size': 2, 'learning_rate': 0.0014585038300079817}. Best is trial 25 with value: 32.214385986328125.
LOCAL_RANK: 0 - CUDA_VISIBLE_DEVICES: [0]
[I 2023-12-15 18:09:25,802] Trial 49 finished with value: 55.644134521484375 and parameters: {'gradient_clip_val': 0.23568740784973022, 'hidden_size': 48, 'dropout': 0.10367118372860504, 'hidden_continuous_size': 18, 'attention_head_size': 1, 'learning_rate': 0.00214020709838582}. Best is trial 25 with value: 32.214385986328125.
[I 2023-12-15 18:09:25,904] A new study created in memory with name: no-name-37fd77bf-0e47-4dc6-8a9d-ce9487f12c93
/home/le004/conda/anaconda3/envs/tsff_env/lib/python3.9/site-packages/lightning/fabric/plugins/environments/slurm.py:191: The `srun` command is available on your system but is not used. HINT: If your intention is to run Lightning on SLURM, prepend your python command with `srun` like so: srun python /home/le004/master_thesis/git/TSFusionForecast/code/ ...
LOCAL_RANK: 0 - CUDA_VISIBLE_DEVICES: [0]
[I 2023-12-15 18:10:20,985] Trial 0 finished with value: 4079.196533203125 and parameters: {'gradient_clip_val': 0.14628850224537823, 'hidden_size': 71, 'dropout': 0.3459699141492881, 'hidden_continuous_size': 69, 'attention_head_size': 1, 'learning_rate': 0.019371514542274128}. Best is trial 0 with value: 4079.196533203125.
LOCAL_RANK: 0 - CUDA_VISIBLE_DEVICES: [0]
[I 2023-12-15 18:11:13,409] Trial 1 finished with value: 8745.6298828125 and parameters: {'gradient_clip_val': 0.11303883119860945, 'hidden_size': 44, 'dropout': 0.3021717504758652, 'hidden_continuous_size': 40, 'attention_head_size': 2, 'learning_rate': 0.01963239731427197}. Best is trial 0 with value: 4079.196533203125.
LOCAL_RANK: 0 - CUDA_VISIBLE_DEVICES: [0]
[I 2023-12-15 18:12:00,917] Trial 2 finished with value: 4309.41357421875 and parameters: {'gradient_clip_val': 0.19541446265440252, 'hidden_size': 23, 'dropout': 0.3754841430959417, 'hidden_continuous_size': 5, 'attention_head_size': 1, 'learning_rate': 0.019267157464975933}. Best is trial 0 with value: 4079.196533203125.
LOCAL_RANK: 0 - CUDA_VISIBLE_DEVICES: [0]
[I 2023-12-15 18:12:47,918] Trial 3 finished with value: 7470.45166015625 and parameters: {'gradient_clip_val': 0.8012294415154204, 'hidden_size': 28, 'dropout': 0.14323428245955636, 'hidden_continuous_size': 12, 'attention_head_size': 1, 'learning_rate': 0.045492562702023356}. Best is trial 0 with value: 4079.196533203125.
LOCAL_RANK: 0 - CUDA_VISIBLE_DEVICES: [0]
[I 2023-12-15 18:13:31,437] Trial 4 finished with value: 3124.62109375 and parameters: {'gradient_clip_val': 0.9776548938807947, 'hidden_size': 12, 'dropout': 0.10899433684829679, 'hidden_continuous_size': 6, 'attention_head_size': 2, 'learning_rate': 0.0015312101483478855}. Best is trial 4 with value: 3124.62109375.
LOCAL_RANK: 0 - CUDA_VISIBLE_DEVICES: [0]
[I 2023-12-15 18:14:05,095] Trial 5 finished with value: 4966.48681640625 and parameters: {'gradient_clip_val': 0.3355899788579222, 'hidden_size': 6, 'dropout': 0.3798437078114557, 'hidden_continuous_size': 6, 'attention_head_size': 1, 'learning_rate': 0.014248461885607003}. Best is trial 4 with value: 3124.62109375.
LOCAL_RANK: 0 - CUDA_VISIBLE_DEVICES: [0]
[I 2023-12-15 18:14:50,005] Trial 6 finished with value: 2267.603271484375 and parameters: {'gradient_clip_val': 0.16317100565369583, 'hidden_size': 9, 'dropout': 0.1764507775860666, 'hidden_continuous_size': 7, 'attention_head_size': 2, 'learning_rate': 0.0006755851507473573}. Best is trial 6 with value: 2267.603271484375.
LOCAL_RANK: 0 - CUDA_VISIBLE_DEVICES: [0]
[I 2023-12-15 18:15:41,773] Trial 7 finished with value: 4860.55517578125 and parameters: {'gradient_clip_val': 0.89785289763769, 'hidden_size': 71, 'dropout': 0.2933390532566319, 'hidden_continuous_size': 9, 'attention_head_size': 1, 'learning_rate': 0.028141877238774194}. Best is trial 6 with value: 2267.603271484375.
LOCAL_RANK: 0 - CUDA_VISIBLE_DEVICES: [0]
[I 2023-12-15 18:16:34,557] Trial 8 finished with value: 2542.882080078125 and parameters: {'gradient_clip_val': 0.1304492224907119, 'hidden_size': 50, 'dropout': 0.10028751337310045, 'hidden_continuous_size': 39, 'attention_head_size': 1, 'learning_rate': 0.0031153305007056674}. Best is trial 6 with value: 2267.603271484375.
LOCAL_RANK: 0 - CUDA_VISIBLE_DEVICES: [0]
[I 2023-12-15 18:17:19,449] Trial 9 finished with value: 3232.253662109375 and parameters: {'gradient_clip_val': 0.10304944787975015, 'hidden_size': 9, 'dropout': 0.2794901485807122, 'hidden_continuous_size': 5, 'attention_head_size': 3, 'learning_rate': 0.0005731657542807295}. Best is trial 6 with value: 2267.603271484375.
LOCAL_RANK: 0 - CUDA_VISIBLE_DEVICES: [0]
[I 2023-12-15 18:17:53,768] Trial 10 finished with value: 6967.77587890625 and parameters: {'gradient_clip_val': 0.24751522272349996, 'hidden_size': 5, 'dropout': 0.2043421803248386, 'hidden_continuous_size': 5, 'attention_head_size': 4, 'learning_rate': 0.08729446614910874}. Best is trial 6 with value: 2267.603271484375.
LOCAL_RANK: 0 - CUDA_VISIBLE_DEVICES: [0]
[I 2023-12-15 18:18:39,460] Trial 11 finished with value: 6891.11865234375 and parameters: {'gradient_clip_val': 0.1633115481965658, 'hidden_size': 15, 'dropout': 0.1755758453022725, 'hidden_continuous_size': 9, 'attention_head_size': 2, 'learning_rate': 0.004128541930837279}. Best is trial 6 with value: 2267.603271484375.
LOCAL_RANK: 0 - CUDA_VISIBLE_DEVICES: [0]
[I 2023-12-15 18:19:31,565] Trial 12 finished with value: 5111.57080078125 and parameters: {'gradient_clip_val': 0.14220526204386502, 'hidden_size': 35, 'dropout': 0.10491483240696489, 'hidden_continuous_size': 18, 'attention_head_size': 3, 'learning_rate': 0.002671299385361078}. Best is trial 6 with value: 2267.603271484375.
LOCAL_RANK: 0 - CUDA_VISIBLE_DEVICES: [0]
[I 2023-12-15 18:20:15,798] Trial 13 finished with value: 4606.06005859375 and parameters: {'gradient_clip_val': 0.2266221358180154, 'hidden_size': 16, 'dropout': 0.22131089781272628, 'hidden_continuous_size': 7, 'attention_head_size': 2, 'learning_rate': 0.0005198085869965512}. Best is trial 6 with value: 2267.603271484375.
LOCAL_RANK: 0 - CUDA_VISIBLE_DEVICES: [0]
[I 2023-12-15 18:21:10,921] Trial 14 finished with value: 6365.23681640625 and parameters: {'gradient_clip_val': 0.10690552723498277, 'hidden_size': 100, 'dropout': 0.15690932896370766, 'hidden_continuous_size': 32, 'attention_head_size': 3, 'learning_rate': 0.0012669287133900897}. Best is trial 6 with value: 2267.603271484375.
LOCAL_RANK: 0 - CUDA_VISIBLE_DEVICES: [0]
[I 2023-12-15 18:21:54,310] Trial 15 finished with value: 3069.771484375 and parameters: {'gradient_clip_val': 0.30865610449101705, 'hidden_size': 8, 'dropout': 0.13572712039700316, 'hidden_continuous_size': 5, 'attention_head_size': 2, 'learning_rate': 0.00683269402030334}. Best is trial 6 with value: 2267.603271484375.
LOCAL_RANK: 0 - CUDA_VISIBLE_DEVICES: [0]
[I 2023-12-15 18:22:41,596] Trial 16 finished with value: 7622.53515625 and parameters: {'gradient_clip_val': 0.1466776326668168, 'hidden_size': 18, 'dropout': 0.1900338161250458, 'hidden_continuous_size': 8, 'attention_head_size': 4, 'learning_rate': 0.0010699970396170534}. Best is trial 6 with value: 2267.603271484375.
LOCAL_RANK: 0 - CUDA_VISIBLE_DEVICES: [0]
[I 2023-12-15 18:23:26,153] Trial 17 finished with value: 1967.396484375 and parameters: {'gradient_clip_val': 0.19478084744931465, 'hidden_size': 11, 'dropout': 0.2319042811583238, 'hidden_continuous_size': 6, 'attention_head_size': 1, 'learning_rate': 0.0029195042415785266}. Best is trial 17 with value: 1967.396484375.
LOCAL_RANK: 0 - CUDA_VISIBLE_DEVICES: [0]
[I 2023-12-15 18:24:10,861] Trial 18 finished with value: 3400.008544921875 and parameters: {'gradient_clip_val': 0.20071889620316644, 'hidden_size': 10, 'dropout': 0.23468861808689537, 'hidden_continuous_size': 6, 'attention_head_size': 2, 'learning_rate': 0.007907131273596407}. Best is trial 17 with value: 1967.396484375.
LOCAL_RANK: 0 - CUDA_VISIBLE_DEVICES: [0]
[I 2023-12-15 18:24:55,064] Trial 19 finished with value: 2519.5185546875 and parameters: {'gradient_clip_val': 0.17345962702679546, 'hidden_size': 12, 'dropout': 0.2538126702569079, 'hidden_continuous_size': 6, 'attention_head_size': 3, 'learning_rate': 0.0016467642510579182}. Best is trial 17 with value: 1967.396484375.
LOCAL_RANK: 0 - CUDA_VISIBLE_DEVICES: [0]
[I 2023-12-15 18:25:39,186] Trial 20 finished with value: 5266.2958984375 and parameters: {'gradient_clip_val': 0.25613162412603746, 'hidden_size': 7, 'dropout': 0.1996863918863856, 'hidden_continuous_size': 5, 'attention_head_size': 1, 'learning_rate': 0.0009179524464171916}. Best is trial 17 with value: 1967.396484375.
LOCAL_RANK: 0 - CUDA_VISIBLE_DEVICES: [0]
[I 2023-12-15 18:26:22,996] Trial 21 finished with value: 5406.42626953125 and parameters: {'gradient_clip_val': 0.18599728892735518, 'hidden_size': 12, 'dropout': 0.2549125029623239, 'hidden_continuous_size': 6, 'attention_head_size': 3, 'learning_rate': 0.0021460686871377418}. Best is trial 17 with value: 1967.396484375.
LOCAL_RANK: 0 - CUDA_VISIBLE_DEVICES: [0]
[I 2023-12-15 18:27:08,277] Trial 22 finished with value: 2777.959716796875 and parameters: {'gradient_clip_val': 0.17289696843383903, 'hidden_size': 11, 'dropout': 0.2604742353256243, 'hidden_continuous_size': 6, 'attention_head_size': 3, 'learning_rate': 0.0014960479677255257}. Best is trial 17 with value: 1967.396484375.
LOCAL_RANK: 0 - CUDA_VISIBLE_DEVICES: [0]
[I 2023-12-15 18:27:53,291] Trial 23 finished with value: 6030.71923828125 and parameters: {'gradient_clip_val': 0.13064815478926062, 'hidden_size': 7, 'dropout': 0.22518987427654974, 'hidden_continuous_size': 5, 'attention_head_size': 4, 'learning_rate': 0.0008268938621596094}. Best is trial 17 with value: 1967.396484375.
LOCAL_RANK: 0 - CUDA_VISIBLE_DEVICES: [0]
[I 2023-12-15 18:28:39,081] Trial 24 finished with value: 1492.9322509765625 and parameters: {'gradient_clip_val': 0.1773703131368049, 'hidden_size': 14, 'dropout': 0.238165344599127, 'hidden_continuous_size': 7, 'attention_head_size': 3, 'learning_rate': 0.0019435091402199179}. Best is trial 24 with value: 1492.9322509765625.
LOCAL_RANK: 0 - CUDA_VISIBLE_DEVICES: [0]
