[I 2023-12-15 18:26:14,776] Trial 27 finished with value: 150.09852600097656 and parameters: {'gradient_clip_val': 0.2074941522555876, 'hidden_size': 56, 'dropout': 0.22045786685385177, 'hidden_continuous_size': 23, 'attention_head_size': 2, 'learning_rate': 0.0008308613706459295}. Best is trial 24 with value: 54.61478805541992.
LOCAL_RANK: 0 - CUDA_VISIBLE_DEVICES: [0]
[I 2023-12-15 18:27:05,898] Trial 28 finished with value: 87.41299438476562 and parameters: {'gradient_clip_val': 0.2425484351112201, 'hidden_size': 35, 'dropout': 0.15169894100730383, 'hidden_continuous_size': 15, 'attention_head_size': 2, 'learning_rate': 0.0008782655010212078}. Best is trial 24 with value: 54.61478805541992.
LOCAL_RANK: 0 - CUDA_VISIBLE_DEVICES: [0]
[I 2023-12-15 18:27:59,268] Trial 29 finished with value: 93.64546966552734 and parameters: {'gradient_clip_val': 0.1509453280983458, 'hidden_size': 53, 'dropout': 0.18001342658458477, 'hidden_continuous_size': 30, 'attention_head_size': 2, 'learning_rate': 0.003786686526456475}. Best is trial 24 with value: 54.61478805541992.
LOCAL_RANK: 0 - CUDA_VISIBLE_DEVICES: [0]
[I 2023-12-15 18:28:54,750] Trial 30 finished with value: 97.10799407958984 and parameters: {'gradient_clip_val': 0.1406676130526264, 'hidden_size': 81, 'dropout': 0.154767194419611, 'hidden_continuous_size': 34, 'attention_head_size': 3, 'learning_rate': 0.001583898119197765}. Best is trial 24 with value: 54.61478805541992.
LOCAL_RANK: 0 - CUDA_VISIBLE_DEVICES: [0]
[I 2023-12-15 18:29:49,444] Trial 31 finished with value: 134.78538513183594 and parameters: {'gradient_clip_val': 0.19461680065815729, 'hidden_size': 67, 'dropout': 0.2024811211184419, 'hidden_continuous_size': 35, 'attention_head_size': 2, 'learning_rate': 0.0010804854691321693}. Best is trial 24 with value: 54.61478805541992.
LOCAL_RANK: 0 - CUDA_VISIBLE_DEVICES: [0]
[I 2023-12-15 18:30:42,099] Trial 32 finished with value: 110.49359130859375 and parameters: {'gradient_clip_val': 0.3182481146767639, 'hidden_size': 52, 'dropout': 0.2378210250122581, 'hidden_continuous_size': 18, 'attention_head_size': 2, 'learning_rate': 0.0007041508569227821}. Best is trial 24 with value: 54.61478805541992.
LOCAL_RANK: 0 - CUDA_VISIBLE_DEVICES: [0]
[I 2023-12-15 18:31:36,845] Trial 33 finished with value: 206.03338623046875 and parameters: {'gradient_clip_val': 0.22479433426832526, 'hidden_size': 70, 'dropout': 0.20930335076197804, 'hidden_continuous_size': 39, 'attention_head_size': 2, 'learning_rate': 0.001686447840717392}. Best is trial 24 with value: 54.61478805541992.
LOCAL_RANK: 0 - CUDA_VISIBLE_DEVICES: [0]
[I 2023-12-15 18:32:28,715] Trial 34 finished with value: 263.51605224609375 and parameters: {'gradient_clip_val': 0.2625511825248698, 'hidden_size': 39, 'dropout': 0.17841439012482246, 'hidden_continuous_size': 17, 'attention_head_size': 1, 'learning_rate': 0.0010157807116643219}. Best is trial 24 with value: 54.61478805541992.
LOCAL_RANK: 0 - CUDA_VISIBLE_DEVICES: [0]
[I 2023-12-15 18:33:20,216] Trial 35 finished with value: 206.1572723388672 and parameters: {'gradient_clip_val': 0.17647900574734512, 'hidden_size': 30, 'dropout': 0.22803128189405167, 'hidden_continuous_size': 20, 'attention_head_size': 3, 'learning_rate': 0.002988404770764502}. Best is trial 24 with value: 54.61478805541992.
LOCAL_RANK: 0 - CUDA_VISIBLE_DEVICES: [0]
[I 2023-12-15 18:34:11,813] Trial 36 finished with value: 117.42704010009766 and parameters: {'gradient_clip_val': 0.2508497099101916, 'hidden_size': 48, 'dropout': 0.1371572953537304, 'hidden_continuous_size': 23, 'attention_head_size': 2, 'learning_rate': 0.0006669906178962211}. Best is trial 24 with value: 54.61478805541992.
LOCAL_RANK: 0 - CUDA_VISIBLE_DEVICES: [0]
[I 2023-12-15 18:35:06,620] Trial 37 finished with value: 99.81790161132812 and parameters: {'gradient_clip_val': 0.30579639159331573, 'hidden_size': 81, 'dropout': 0.1629542273344758, 'hidden_continuous_size': 29, 'attention_head_size': 3, 'learning_rate': 0.0012993832202678418}. Best is trial 24 with value: 54.61478805541992.
LOCAL_RANK: 0 - CUDA_VISIBLE_DEVICES: [0]
[I 2023-12-15 18:35:59,180] Trial 38 finished with value: 152.83204650878906 and parameters: {'gradient_clip_val': 0.21319566645719135, 'hidden_size': 56, 'dropout': 0.14328883217046923, 'hidden_continuous_size': 23, 'attention_head_size': 2, 'learning_rate': 0.003726666600520895}. Best is trial 24 with value: 54.61478805541992.
LOCAL_RANK: 0 - CUDA_VISIBLE_DEVICES: [0]
[I 2023-12-15 18:36:52,049] Trial 39 finished with value: 170.2536163330078 and parameters: {'gradient_clip_val': 0.1642178379438438, 'hidden_size': 37, 'dropout': 0.19164200809258777, 'hidden_continuous_size': 17, 'attention_head_size': 4, 'learning_rate': 0.0007066342319562257}. Best is trial 24 with value: 54.61478805541992.
LOCAL_RANK: 0 - CUDA_VISIBLE_DEVICES: [0]
[I 2023-12-15 18:37:42,932] Trial 40 finished with value: 243.7624969482422 and parameters: {'gradient_clip_val': 0.13491711150884775, 'hidden_size': 30, 'dropout': 0.2040421124032503, 'hidden_continuous_size': 19, 'attention_head_size': 3, 'learning_rate': 0.0018576194570848166}. Best is trial 24 with value: 54.61478805541992.
LOCAL_RANK: 0 - CUDA_VISIBLE_DEVICES: [0]
[I 2023-12-15 18:38:34,718] Trial 41 finished with value: 210.72589111328125 and parameters: {'gradient_clip_val': 0.18691083486636662, 'hidden_size': 44, 'dropout': 0.12063390527042911, 'hidden_continuous_size': 20, 'attention_head_size': 1, 'learning_rate': 0.002670419845203988}. Best is trial 24 with value: 54.61478805541992.
LOCAL_RANK: 0 - CUDA_VISIBLE_DEVICES: [0]
[I 2023-12-15 18:39:25,029] Trial 42 finished with value: 51.99943923950195 and parameters: {'gradient_clip_val': 0.19618019873983716, 'hidden_size': 32, 'dropout': 0.1273694107650223, 'hidden_continuous_size': 22, 'attention_head_size': 1, 'learning_rate': 0.0022777507297460147}. Best is trial 42 with value: 51.99943923950195.
LOCAL_RANK: 0 - CUDA_VISIBLE_DEVICES: [0]
[I 2023-12-15 18:40:17,106] Trial 43 finished with value: 280.4076232910156 and parameters: {'gradient_clip_val': 0.19519371790115245, 'hidden_size': 42, 'dropout': 0.14568044589268467, 'hidden_continuous_size': 16, 'attention_head_size': 1, 'learning_rate': 0.0011714039758972112}. Best is trial 42 with value: 51.99943923950195.
LOCAL_RANK: 0 - CUDA_VISIBLE_DEVICES: [0]
[I 2023-12-15 18:41:08,708] Trial 44 finished with value: 250.5257568359375 and parameters: {'gradient_clip_val': 0.167714034409211, 'hidden_size': 35, 'dropout': 0.12427258098905107, 'hidden_continuous_size': 21, 'attention_head_size': 1, 'learning_rate': 0.004848616993396424}. Best is trial 42 with value: 51.99943923950195.
LOCAL_RANK: 0 - CUDA_VISIBLE_DEVICES: [0]
[I 2023-12-15 18:42:01,680] Trial 45 finished with value: 106.47402954101562 and parameters: {'gradient_clip_val': 0.2417196052060503, 'hidden_size': 60, 'dropout': 0.18090716724306485, 'hidden_continuous_size': 25, 'attention_head_size': 1, 'learning_rate': 0.002079402791738588}. Best is trial 42 with value: 51.99943923950195.
LOCAL_RANK: 0 - CUDA_VISIBLE_DEVICES: [0]
[I 2023-12-15 18:42:52,681] Trial 46 finished with value: 129.33055114746094 and parameters: {'gradient_clip_val': 0.15954686682967728, 'hidden_size': 48, 'dropout': 0.15385172895707294, 'hidden_continuous_size': 13, 'attention_head_size': 1, 'learning_rate': 0.0014992300765649513}. Best is trial 42 with value: 51.99943923950195.
LOCAL_RANK: 0 - CUDA_VISIBLE_DEVICES: [0]
[I 2023-12-15 18:43:47,545] Trial 47 finished with value: 119.29129791259766 and parameters: {'gradient_clip_val': 0.2177862507550678, 'hidden_size': 69, 'dropout': 0.1350061332800937, 'hidden_continuous_size': 41, 'attention_head_size': 2, 'learning_rate': 0.003352579207803807}. Best is trial 42 with value: 51.99943923950195.
LOCAL_RANK: 0 - CUDA_VISIBLE_DEVICES: [0]
[I 2023-12-15 18:44:38,087] Trial 48 finished with value: 113.0577392578125 and parameters: {'gradient_clip_val': 0.28080925582660204, 'hidden_size': 30, 'dropout': 0.1858119617655914, 'hidden_continuous_size': 19, 'attention_head_size': 2, 'learning_rate': 0.0023378456414086474}. Best is trial 42 with value: 51.99943923950195.
LOCAL_RANK: 0 - CUDA_VISIBLE_DEVICES: [0]
[I 2023-12-15 18:45:32,419] Trial 49 finished with value: 153.7171630859375 and parameters: {'gradient_clip_val': 0.10162932425636, 'hidden_size': 84, 'dropout': 0.16773909075314603, 'hidden_continuous_size': 31, 'attention_head_size': 4, 'learning_rate': 0.0009631339188765917}. Best is trial 42 with value: 51.99943923950195.
[I 2023-12-15 18:45:32,512] A new study created in memory with name: no-name-9a5a0bba-2924-4701-9607-e6ab2a8ee1e7
/home/le004/conda/anaconda3/envs/tsff_env/lib/python3.9/site-packages/lightning/fabric/plugins/environments/slurm.py:191: The `srun` command is available on your system but is not used. HINT: If your intention is to run Lightning on SLURM, prepend your python command with `srun` like so: srun python /home/le004/master_thesis/git/TSFusionForecast/code/ ...
LOCAL_RANK: 0 - CUDA_VISIBLE_DEVICES: [0]
[I 2023-12-15 18:46:18,301] Trial 0 finished with value: 4806.16796875 and parameters: {'gradient_clip_val': 0.36261775883710745, 'hidden_size': 6, 'dropout': 0.2051228411599659, 'hidden_continuous_size': 5, 'attention_head_size': 3, 'learning_rate': 0.003250880228830617}. Best is trial 0 with value: 4806.16796875.
LOCAL_RANK: 0 - CUDA_VISIBLE_DEVICES: [0]
[I 2023-12-15 18:47:10,120] Trial 1 finished with value: 3172.391357421875 and parameters: {'gradient_clip_val': 0.20633959494945336, 'hidden_size': 36, 'dropout': 0.15741457159615502, 'hidden_continuous_size': 28, 'attention_head_size': 2, 'learning_rate': 0.061749208217302946}. Best is trial 1 with value: 3172.391357421875.
LOCAL_RANK: 0 - CUDA_VISIBLE_DEVICES: [0]
[I 2023-12-15 18:47:54,954] Trial 2 finished with value: 4756.51708984375 and parameters: {'gradient_clip_val': 0.7374162625304569, 'hidden_size': 7, 'dropout': 0.13384947642915387, 'hidden_continuous_size': 6, 'attention_head_size': 1, 'learning_rate': 0.0014083928827206289}. Best is trial 1 with value: 3172.391357421875.
LOCAL_RANK: 0 - CUDA_VISIBLE_DEVICES: [0]
[I 2023-12-15 18:48:40,157] Trial 3 finished with value: 6190.19677734375 and parameters: {'gradient_clip_val': 0.43047404698205055, 'hidden_size': 10, 'dropout': 0.3794014963315664, 'hidden_continuous_size': 8, 'attention_head_size': 1, 'learning_rate': 0.0005899278905402264}. Best is trial 1 with value: 3172.391357421875.
LOCAL_RANK: 0 - CUDA_VISIBLE_DEVICES: [0]
[I 2023-12-15 18:49:28,643] Trial 4 finished with value: 3954.06640625 and parameters: {'gradient_clip_val': 0.1674919974629845, 'hidden_size': 19, 'dropout': 0.24488963616011641, 'hidden_continuous_size': 10, 'attention_head_size': 3, 'learning_rate': 0.0006914722357528717}. Best is trial 1 with value: 3172.391357421875.
LOCAL_RANK: 0 - CUDA_VISIBLE_DEVICES: [0]
[I 2023-12-15 18:50:14,645] Trial 5 finished with value: 4667.146484375 and parameters: {'gradient_clip_val': 0.35491386001963, 'hidden_size': 15, 'dropout': 0.14645752433279768, 'hidden_continuous_size': 9, 'attention_head_size': 1, 'learning_rate': 0.015002336647142305}. Best is trial 1 with value: 3172.391357421875.
LOCAL_RANK: 0 - CUDA_VISIBLE_DEVICES: [0]
[I 2023-12-15 18:51:03,517] Trial 6 finished with value: 5745.08154296875 and parameters: {'gradient_clip_val': 0.2175844500567956, 'hidden_size': 38, 'dropout': 0.32661185396715836, 'hidden_continuous_size': 5, 'attention_head_size': 1, 'learning_rate': 0.09606302298404137}. Best is trial 1 with value: 3172.391357421875.
LOCAL_RANK: 0 - CUDA_VISIBLE_DEVICES: [0]
[I 2023-12-15 18:51:38,268] Trial 7 finished with value: 3365.796142578125 and parameters: {'gradient_clip_val': 0.14515846556817327, 'hidden_size': 5, 'dropout': 0.16584389648219056, 'hidden_continuous_size': 5, 'attention_head_size': 3, 'learning_rate': 0.08828511662205844}. Best is trial 1 with value: 3172.391357421875.
LOCAL_RANK: 0 - CUDA_VISIBLE_DEVICES: [0]
[I 2023-12-15 18:52:26,669] Trial 8 finished with value: 7852.0078125 and parameters: {'gradient_clip_val': 0.3569344101896629, 'hidden_size': 27, 'dropout': 0.29449670108371273, 'hidden_continuous_size': 7, 'attention_head_size': 1, 'learning_rate': 0.005120657142528813}. Best is trial 1 with value: 3172.391357421875.
LOCAL_RANK: 0 - CUDA_VISIBLE_DEVICES: [0]
[I 2023-12-15 18:53:11,226] Trial 9 finished with value: 1987.4620361328125 and parameters: {'gradient_clip_val': 0.30781982057383955, 'hidden_size': 6, 'dropout': 0.3059845287332442, 'hidden_continuous_size': 5, 'attention_head_size': 1, 'learning_rate': 0.005647100835676985}. Best is trial 9 with value: 1987.4620361328125.
LOCAL_RANK: 0 - CUDA_VISIBLE_DEVICES: [0]
[I 2023-12-15 18:54:09,464] Trial 10 finished with value: 7082.99072265625 and parameters: {'gradient_clip_val': 0.1060799541198935, 'hidden_size': 91, 'dropout': 0.3939228013028875, 'hidden_continuous_size': 74, 'attention_head_size': 4, 'learning_rate': 0.013287317985400482}. Best is trial 9 with value: 1987.4620361328125.
LOCAL_RANK: 0 - CUDA_VISIBLE_DEVICES: [0]
[I 2023-12-15 18:55:02,413] Trial 11 finished with value: 4842.865234375 and parameters: {'gradient_clip_val': 0.18929620188966234, 'hidden_size': 42, 'dropout': 0.10928718685418622, 'hidden_continuous_size': 17, 'attention_head_size': 2, 'learning_rate': 0.028422844972234882}. Best is trial 9 with value: 1987.4620361328125.
LOCAL_RANK: 0 - CUDA_VISIBLE_DEVICES: [0]
[I 2023-12-15 18:55:46,801] Trial 12 finished with value: 7047.38916015625 and parameters: {'gradient_clip_val': 0.22101358383131622, 'hidden_size': 12, 'dropout': 0.20847064960434636, 'hidden_continuous_size': 7, 'attention_head_size': 2, 'learning_rate': 0.0034360417754074127}. Best is trial 9 with value: 1987.4620361328125.
LOCAL_RANK: 0 - CUDA_VISIBLE_DEVICES: [0]
[I 2023-12-15 18:56:32,258] Trial 13 finished with value: 4188.642578125 and parameters: {'gradient_clip_val': 0.2880711695601214, 'hidden_size': 9, 'dropout': 0.27214100723603274, 'hidden_continuous_size': 6, 'attention_head_size': 2, 'learning_rate': 0.035249740316677325}. Best is trial 9 with value: 1987.4620361328125.
LOCAL_RANK: 0 - CUDA_VISIBLE_DEVICES: [0]
[I 2023-12-15 18:57:06,806] Trial 14 finished with value: 3737.75 and parameters: {'gradient_clip_val': 0.5437360085145923, 'hidden_size': 5, 'dropout': 0.31558518862547535, 'hidden_continuous_size': 5, 'attention_head_size': 2, 'learning_rate': 0.008448694607880683}. Best is trial 9 with value: 1987.4620361328125.
LOCAL_RANK: 0 - CUDA_VISIBLE_DEVICES: [0]
[I 2023-12-15 18:57:52,416] Trial 15 finished with value: 6222.96337890625 and parameters: {'gradient_clip_val': 0.26484892631803847, 'hidden_size': 16, 'dropout': 0.10116902013629622, 'hidden_continuous_size': 11, 'attention_head_size': 2, 'learning_rate': 0.03723762322327431}. Best is trial 9 with value: 1987.4620361328125.
LOCAL_RANK: 0 - CUDA_VISIBLE_DEVICES: [0]
[I 2023-12-15 18:58:37,152] Trial 16 finished with value: 6780.00390625 and parameters: {'gradient_clip_val': 0.26704369103042325, 'hidden_size': 8, 'dropout': 0.23547288901392463, 'hidden_continuous_size': 5, 'attention_head_size': 4, 'learning_rate': 0.008678221648117915}. Best is trial 9 with value: 1987.4620361328125.
LOCAL_RANK: 0 - CUDA_VISIBLE_DEVICES: [0]
[I 2023-12-15 18:59:25,933] Trial 17 finished with value: 6914.45556640625 and parameters: {'gradient_clip_val': 0.5015343556428178, 'hidden_size': 25, 'dropout': 0.18745439903745614, 'hidden_continuous_size': 13, 'attention_head_size': 1, 'learning_rate': 0.0021674288942118247}. Best is trial 9 with value: 1987.4620361328125.
LOCAL_RANK: 0 - CUDA_VISIBLE_DEVICES: [0]
[I 2023-12-15 19:00:10,067] Trial 18 finished with value: 6864.33837890625 and parameters: {'gradient_clip_val': 0.13900378270370203, 'hidden_size': 12, 'dropout': 0.23526324976878127, 'hidden_continuous_size': 6, 'attention_head_size': 2, 'learning_rate': 0.0052513402880223084}. Best is trial 9 with value: 1987.4620361328125.
LOCAL_RANK: 0 - CUDA_VISIBLE_DEVICES: [0]
[I 2023-12-15 19:00:55,352] Trial 19 finished with value: 6065.37109375 and parameters: {'gradient_clip_val': 0.9395440658377848, 'hidden_size': 7, 'dropout': 0.17850213762683434, 'hidden_continuous_size': 5, 'attention_head_size': 3, 'learning_rate': 0.02049813245825575}. Best is trial 9 with value: 1987.4620361328125.
LOCAL_RANK: 0 - CUDA_VISIBLE_DEVICES: [0]
[I 2023-12-15 19:01:29,528] Trial 20 finished with value: 6737.18505859375 and parameters: {'gradient_clip_val': 0.23527194520167402, 'hidden_size': 5, 'dropout': 0.2669265937445088, 'hidden_continuous_size': 5, 'attention_head_size': 1, 'learning_rate': 0.05335097743798179}. Best is trial 9 with value: 1987.4620361328125.
LOCAL_RANK: 0 - CUDA_VISIBLE_DEVICES: [0]
[I 2023-12-15 19:02:04,267] Trial 21 finished with value: 6254.84716796875 and parameters: {'gradient_clip_val': 0.16400966630910052, 'hidden_size': 5, 'dropout': 0.1572342168623207, 'hidden_continuous_size': 5, 'attention_head_size': 3, 'learning_rate': 0.09471603285022037}. Best is trial 9 with value: 1987.4620361328125.
LOCAL_RANK: 0 - CUDA_VISIBLE_DEVICES: [0]
[I 2023-12-15 19:02:49,777] Trial 22 finished with value: 5444.25146484375 and parameters: {'gradient_clip_val': 0.1302738812844862, 'hidden_size': 6, 'dropout': 0.1659347509017564, 'hidden_continuous_size': 5, 'attention_head_size': 3, 'learning_rate': 0.057927752239759635}. Best is trial 9 with value: 1987.4620361328125.
LOCAL_RANK: 0 - CUDA_VISIBLE_DEVICES: [0]
[I 2023-12-15 19:03:36,076] Trial 23 finished with value: 3927.956298828125 and parameters: {'gradient_clip_val': 0.189770660306492, 'hidden_size': 10, 'dropout': 0.13267203430011731, 'hidden_continuous_size': 6, 'attention_head_size': 4, 'learning_rate': 0.06183484967526824}. Best is trial 9 with value: 1987.4620361328125.
LOCAL_RANK: 0 - CUDA_VISIBLE_DEVICES: [0]
[I 2023-12-15 19:04:21,444] Trial 24 finished with value: 5812.3671875 and parameters: {'gradient_clip_val': 0.10315433635488547, 'hidden_size': 7, 'dropout': 0.20387385445648165, 'hidden_continuous_size': 5, 'attention_head_size': 3, 'learning_rate': 0.021268713015633225}. Best is trial 9 with value: 1987.4620361328125.
LOCAL_RANK: 0 - CUDA_VISIBLE_DEVICES: [0]
[I 2023-12-15 19:04:55,940] Trial 25 finished with value: 12346.66796875 and parameters: {'gradient_clip_val': 0.29374710028051876, 'hidden_size': 5, 'dropout': 0.17573104774267367, 'hidden_continuous_size': 5, 'attention_head_size': 2, 'learning_rate': 0.09879045674327099}. Best is trial 9 with value: 1987.4620361328125.
LOCAL_RANK: 0 - CUDA_VISIBLE_DEVICES: [0]
[I 2023-12-15 19:05:40,355] Trial 26 finished with value: 7010.267578125 and parameters: {'gradient_clip_val': 0.13613717374943937, 'hidden_size': 8, 'dropout': 0.12767554887399596, 'hidden_continuous_size': 6, 'attention_head_size': 3, 'learning_rate': 0.012700599960246814}. Best is trial 9 with value: 1987.4620361328125.
LOCAL_RANK: 0 - CUDA_VISIBLE_DEVICES: [0]
[I 2023-12-15 19:06:25,853] Trial 27 finished with value: 6138.46337890625 and parameters: {'gradient_clip_val': 0.23378705028580743, 'hidden_size': 13, 'dropout': 0.15217061759905784, 'hidden_continuous_size': 7, 'attention_head_size': 2, 'learning_rate': 0.04344453600769539}. Best is trial 9 with value: 1987.4620361328125.
LOCAL_RANK: 0 - CUDA_VISIBLE_DEVICES: [0]
[I 2023-12-15 19:07:11,808] Trial 28 finished with value: 5349.14111328125 and parameters: {'gradient_clip_val': 0.17917857015340724, 'hidden_size': 10, 'dropout': 0.22169455629035484, 'hidden_continuous_size': 6, 'attention_head_size': 4, 'learning_rate': 0.026655012411249446}. Best is trial 9 with value: 1987.4620361328125.
LOCAL_RANK: 0 - CUDA_VISIBLE_DEVICES: [0]
[I 2023-12-15 19:07:57,157] Trial 29 finished with value: 5610.25537109375 and parameters: {'gradient_clip_val': 0.31480726249113444, 'hidden_size': 7, 'dropout': 0.19067231085787406, 'hidden_continuous_size': 5, 'attention_head_size': 3, 'learning_rate': 0.06539568849372351}. Best is trial 9 with value: 1987.4620361328125.
LOCAL_RANK: 0 - CUDA_VISIBLE_DEVICES: [0]
[I 2023-12-15 19:08:42,347] Trial 30 finished with value: 2170.5849609375 and parameters: {'gradient_clip_val': 0.15217635087639736, 'hidden_size': 6, 'dropout': 0.21760726975772132, 'hidden_continuous_size': 5, 'attention_head_size': 2, 'learning_rate': 0.03900446958462431}. Best is trial 9 with value: 1987.4620361328125.
LOCAL_RANK: 0 - CUDA_VISIBLE_DEVICES: [0]
[I 2023-12-15 19:09:27,273] Trial 31 finished with value: 8539.4052734375 and parameters: {'gradient_clip_val': 0.15290999626598972, 'hidden_size': 6, 'dropout': 0.2008776112311833, 'hidden_continuous_size': 5, 'attention_head_size': 2, 'learning_rate': 0.04424580831019678}. Best is trial 9 with value: 1987.4620361328125.
LOCAL_RANK: 0 - CUDA_VISIBLE_DEVICES: [0]
[I 2023-12-15 19:10:12,091] Trial 32 finished with value: 4058.225341796875 and parameters: {'gradient_clip_val': 0.190297298574049, 'hidden_size': 6, 'dropout': 0.16979557663587416, 'hidden_continuous_size': 5, 'attention_head_size': 2, 'learning_rate': 0.07170177570731452}. Best is trial 9 with value: 1987.4620361328125.
LOCAL_RANK: 0 - CUDA_VISIBLE_DEVICES: [0]
[I 2023-12-15 19:10:56,574] Trial 33 finished with value: 7396.40673828125 and parameters: {'gradient_clip_val': 0.1278181878209036, 'hidden_size': 6, 'dropout': 0.21977838436871172, 'hidden_continuous_size': 5, 'attention_head_size': 1, 'learning_rate': 0.046822507117839446}. Best is trial 9 with value: 1987.4620361328125.
LOCAL_RANK: 0 - CUDA_VISIBLE_DEVICES: [0]
[I 2023-12-15 19:11:41,717] Trial 34 finished with value: 3491.7041015625 and parameters: {'gradient_clip_val': 0.15323172356348783, 'hidden_size': 9, 'dropout': 0.18752545149357483, 'hidden_continuous_size': 6, 'attention_head_size': 1, 'learning_rate': 0.08170818271624275}. Best is trial 9 with value: 1987.4620361328125.
LOCAL_RANK: 0 - CUDA_VISIBLE_DEVICES: [0]
