[I 2023-12-26 16:23:38,804] Trial 26 finished with value: 3.85509991645813 and parameters: {'gradient_clip_val': 0.3001888944947844, 'hidden_size': 26, 'dropout': 0.3257255335239616, 'hidden_continuous_size': 16, 'attention_head_size': 3, 'learning_rate': 0.00586361841524705}. Best is trial 1 with value: 0.03067728318274021.
[I 2023-12-26 16:23:43,859] Trial 27 finished with value: 3.152461051940918 and parameters: {'gradient_clip_val': 0.16208344835755495, 'hidden_size': 56, 'dropout': 0.465798047788426, 'hidden_continuous_size': 30, 'attention_head_size': 2, 'learning_rate': 0.0114229353159613}. Best is trial 1 with value: 0.03067728318274021.
[I 2023-12-26 16:23:47,781] Trial 28 finished with value: 3.987245559692383 and parameters: {'gradient_clip_val': 0.21307830889387447, 'hidden_size': 40, 'dropout': 0.42038893058489696, 'hidden_continuous_size': 20, 'attention_head_size': 1, 'learning_rate': 0.020957550327191706}. Best is trial 1 with value: 0.03067728318274021.
[I 2023-12-26 16:23:50,461] Trial 29 finished with value: 2.8183982372283936 and parameters: {'gradient_clip_val': 0.10423630585874412, 'hidden_size': 19, 'dropout': 0.4363141349290043, 'hidden_continuous_size': 11, 'attention_head_size': 3, 'learning_rate': 0.023626487427625804}. Best is trial 1 with value: 0.03067728318274021.
[I 2023-12-26 16:23:54,004] Trial 30 finished with value: 4.848718166351318 and parameters: {'gradient_clip_val': 0.26371991030263114, 'hidden_size': 33, 'dropout': 0.46481153526109326, 'hidden_continuous_size': 15, 'attention_head_size': 2, 'learning_rate': 0.056911823713026326}. Best is trial 1 with value: 0.03067728318274021.
[I 2023-12-26 16:23:57,178] Trial 31 finished with value: 4.55358362197876 and parameters: {'gradient_clip_val': 0.16588063946652015, 'hidden_size': 28, 'dropout': 0.3901107291434957, 'hidden_continuous_size': 14, 'attention_head_size': 3, 'learning_rate': 0.036918899972540414}. Best is trial 1 with value: 0.03067728318274021.
[I 2023-12-26 16:24:00,658] Trial 32 finished with value: 4.164900302886963 and parameters: {'gradient_clip_val': 0.1927186895139138, 'hidden_size': 34, 'dropout': 0.35749668205152796, 'hidden_continuous_size': 13, 'attention_head_size': 3, 'learning_rate': 0.022574924271926144}. Best is trial 1 with value: 0.03067728318274021.
[I 2023-12-26 16:24:03,292] Trial 33 finished with value: 3.9153029918670654 and parameters: {'gradient_clip_val': 0.12010405377057587, 'hidden_size': 17, 'dropout': 0.3655866490959335, 'hidden_continuous_size': 9, 'attention_head_size': 3, 'learning_rate': 0.017499351221958427}. Best is trial 1 with value: 0.03067728318274021.
[I 2023-12-26 16:24:06,781] Trial 34 finished with value: 3.641464948654175 and parameters: {'gradient_clip_val': 0.15229686001996617, 'hidden_size': 26, 'dropout': 0.4264248508528845, 'hidden_continuous_size': 12, 'attention_head_size': 3, 'learning_rate': 0.029213978242095047}. Best is trial 1 with value: 0.03067728318274021.
[I 2023-12-26 16:24:10,786] Trial 35 finished with value: 4.3203887939453125 and parameters: {'gradient_clip_val': 0.1463263027835143, 'hidden_size': 43, 'dropout': 0.3987194830659828, 'hidden_continuous_size': 16, 'attention_head_size': 4, 'learning_rate': 0.059675316141118095}. Best is trial 1 with value: 0.03067728318274021.
[I 2023-12-26 16:24:16,368] Trial 36 finished with value: 4.33032751083374 and parameters: {'gradient_clip_val': 0.12472120767845818, 'hidden_size': 62, 'dropout': 0.433731763990908, 'hidden_continuous_size': 30, 'attention_head_size': 3, 'learning_rate': 0.02836186313264653}. Best is trial 1 with value: 0.03067728318274021.
[I 2023-12-26 16:24:24,136] Trial 37 finished with value: 4.146834850311279 and parameters: {'gradient_clip_val': 0.24569896193636076, 'hidden_size': 92, 'dropout': 0.47710168019297955, 'hidden_continuous_size': 26, 'attention_head_size': 3, 'learning_rate': 0.013035134686276184}. Best is trial 1 with value: 0.03067728318274021.
[I 2023-12-26 16:24:28,610] Trial 38 finished with value: 3.671062469482422 and parameters: {'gradient_clip_val': 0.19008055935579296, 'hidden_size': 46, 'dropout': 0.44536871803657346, 'hidden_continuous_size': 18, 'attention_head_size': 4, 'learning_rate': 0.02172526352843126}. Best is trial 1 with value: 0.03067728318274021.
[I 2023-12-26 16:24:31,128] Trial 39 finished with value: 4.7566094398498535 and parameters: {'gradient_clip_val': 0.219560688229494, 'hidden_size': 14, 'dropout': 0.4819620618922666, 'hidden_continuous_size': 7, 'attention_head_size': 1, 'learning_rate': 0.008787253348924348}. Best is trial 1 with value: 0.03067728318274021.
[I 2023-12-26 16:24:34,356] Trial 40 finished with value: 3.983616590499878 and parameters: {'gradient_clip_val': 0.1728363736935365, 'hidden_size': 30, 'dropout': 0.49709326007324944, 'hidden_continuous_size': 12, 'attention_head_size': 2, 'learning_rate': 0.0898963144443624}. Best is trial 1 with value: 0.03067728318274021.
[I 2023-12-26 16:24:36,876] Trial 41 finished with value: 3.9835140705108643 and parameters: {'gradient_clip_val': 0.10054899531987704, 'hidden_size': 16, 'dropout': 0.42644407444327254, 'hidden_continuous_size': 9, 'attention_head_size': 3, 'learning_rate': 0.022243027312752343}. Best is trial 1 with value: 0.03067728318274021.
[I 2023-12-26 16:24:40,573] Trial 42 finished with value: 5.079425811767578 and parameters: {'gradient_clip_val': 0.11873372060538749, 'hidden_size': 38, 'dropout': 0.4549014517965594, 'hidden_continuous_size': 11, 'attention_head_size': 3, 'learning_rate': 0.017673153534457094}. Best is trial 1 with value: 0.03067728318274021.
[I 2023-12-26 16:24:44,886] Trial 43 finished with value: 3.5430850982666016 and parameters: {'gradient_clip_val': 0.10900757656950169, 'hidden_size': 49, 'dropout': 0.4125976766252427, 'hidden_continuous_size': 14, 'attention_head_size': 3, 'learning_rate': 0.012637416971222571}. Best is trial 1 with value: 0.03067728318274021.
[I 2023-12-26 16:24:47,898] Trial 44 finished with value: 3.4524669647216797 and parameters: {'gradient_clip_val': 0.1425749303989714, 'hidden_size': 23, 'dropout': 0.4377544847510296, 'hidden_continuous_size': 11, 'attention_head_size': 3, 'learning_rate': 0.02706981501110795}. Best is trial 1 with value: 0.03067728318274021.
[I 2023-12-26 16:24:50,580] Trial 45 finished with value: 3.65907883644104 and parameters: {'gradient_clip_val': 0.1216400914215777, 'hidden_size': 18, 'dropout': 0.4743201984875714, 'hidden_continuous_size': 10, 'attention_head_size': 4, 'learning_rate': 0.0347193943272776}. Best is trial 1 with value: 0.03067728318274021.
[I 2023-12-26 16:24:53,387] Trial 46 finished with value: 4.237142086029053 and parameters: {'gradient_clip_val': 0.10038294098930739, 'hidden_size': 12, 'dropout': 0.11326843099853355, 'hidden_continuous_size': 6, 'attention_head_size': 3, 'learning_rate': 0.018849733078619358}. Best is trial 1 with value: 0.03067728318274021.
[I 2023-12-26 16:24:56,779] Trial 47 finished with value: 3.122436285018921 and parameters: {'gradient_clip_val': 0.15138291605191592, 'hidden_size': 30, 'dropout': 0.40046708355975347, 'hidden_continuous_size': 5, 'attention_head_size': 2, 'learning_rate': 0.010415055789736286}. Best is trial 1 with value: 0.03067728318274021.
[I 2023-12-26 16:24:59,384] Trial 48 finished with value: 4.589695930480957 and parameters: {'gradient_clip_val': 0.1312011649285398, 'hidden_size': 19, 'dropout': 0.14935465325738065, 'hidden_continuous_size': 9, 'attention_head_size': 1, 'learning_rate': 0.013755067955150716}. Best is trial 1 with value: 0.03067728318274021.
[I 2023-12-26 16:25:02,345] Trial 49 finished with value: 3.3315627574920654 and parameters: {'gradient_clip_val': 0.15613991266852031, 'hidden_size': 23, 'dropout': 0.209354956204214, 'hidden_continuous_size': 11, 'attention_head_size': 3, 'learning_rate': 0.007544586542178295}. Best is trial 1 with value: 0.03067728318274021.
[I 2023-12-26 16:25:02,537] A new study created in memory with name: no-name-187cf51d-edca-4c5e-8ec6-1e2a44b244e0
/home/le004/conda/anaconda3/envs/tsff_env/lib/python3.9/site-packages/lightning/fabric/plugins/environments/slurm.py:191: The `srun` command is available on your system but is not used. HINT: If your intention is to run Lightning on SLURM, prepend your python command with `srun` like so: srun python /home/le004/master_thesis/git/TSFusionForecast/code/ ...
[I 2023-12-26 16:38:01,990] Trial 0 finished with value: 0.051584288477897644 and parameters: {'gradient_clip_val': 0.24735676147339047, 'hidden_size': 67, 'dropout': 0.2691770287929652, 'hidden_continuous_size': 40, 'attention_head_size': 4, 'learning_rate': 0.0007764718597912375}. Best is trial 0 with value: 0.051584288477897644.
[I 2023-12-26 16:38:05,079] Trial 1 finished with value: 2.599628448486328 and parameters: {'gradient_clip_val': 0.3623476142396907, 'hidden_size': 35, 'dropout': 0.2653408748255253, 'hidden_continuous_size': 35, 'attention_head_size': 4, 'learning_rate': 0.0077943820770061}. Best is trial 0 with value: 0.051584288477897644.
[I 2023-12-26 16:38:07,266] Trial 2 finished with value: 5.158596515655518 and parameters: {'gradient_clip_val': 0.6945751394868919, 'hidden_size': 14, 'dropout': 0.22098398782038214, 'hidden_continuous_size': 10, 'attention_head_size': 4, 'learning_rate': 0.0484615368996404}. Best is trial 0 with value: 0.051584288477897644.
[I 2023-12-26 16:38:16,749] Trial 3 finished with value: 3.4826278686523438 and parameters: {'gradient_clip_val': 0.34559767486601195, 'hidden_size': 135, 'dropout': 0.42892608173761826, 'hidden_continuous_size': 33, 'attention_head_size': 4, 'learning_rate': 0.030540374515607475}. Best is trial 0 with value: 0.051584288477897644.
[I 2023-12-26 16:38:18,701] Trial 4 finished with value: 4.45281457901001 and parameters: {'gradient_clip_val': 0.48639813008495936, 'hidden_size': 13, 'dropout': 0.3178966521908432, 'hidden_continuous_size': 6, 'attention_head_size': 1, 'learning_rate': 0.0950339096047041}. Best is trial 0 with value: 0.051584288477897644.
[I 2023-12-26 16:38:21,808] Trial 5 finished with value: 2.709275960922241 and parameters: {'gradient_clip_val': 0.39911893819382155, 'hidden_size': 42, 'dropout': 0.11258978349006599, 'hidden_continuous_size': 17, 'attention_head_size': 3, 'learning_rate': 0.02561416128276251}. Best is trial 0 with value: 0.051584288477897644.
[I 2023-12-26 16:38:31,236] Trial 6 finished with value: 2.6724746227264404 and parameters: {'gradient_clip_val': 0.15837067487018144, 'hidden_size': 118, 'dropout': 0.16669357450489142, 'hidden_continuous_size': 19, 'attention_head_size': 3, 'learning_rate': 0.002855951887509536}. Best is trial 0 with value: 0.051584288477897644.
[I 2023-12-26 16:38:33,670] Trial 7 finished with value: 3.3945930004119873 and parameters: {'gradient_clip_val': 0.21778393808083338, 'hidden_size': 9, 'dropout': 0.3176785334146135, 'hidden_continuous_size': 7, 'attention_head_size': 3, 'learning_rate': 0.0017327451022215064}. Best is trial 0 with value: 0.051584288477897644.
[I 2023-12-26 16:38:35,929] Trial 8 finished with value: 4.023513317108154 and parameters: {'gradient_clip_val': 0.5941834798485299, 'hidden_size': 12, 'dropout': 0.4261258710408453, 'hidden_continuous_size': 12, 'attention_head_size': 1, 'learning_rate': 0.032644415412463816}. Best is trial 0 with value: 0.051584288477897644.
[I 2023-12-26 16:38:41,481] Trial 9 finished with value: 3.3530399799346924 and parameters: {'gradient_clip_val': 0.6736989929988019, 'hidden_size': 78, 'dropout': 0.24965903511983156, 'hidden_continuous_size': 6, 'attention_head_size': 4, 'learning_rate': 0.0017983373412824527}. Best is trial 0 with value: 0.051584288477897644.
[I 2023-12-26 16:38:43,416] Trial 10 finished with value: 4.942506313323975 and parameters: {'gradient_clip_val': 0.1154111278435874, 'hidden_size': 6, 'dropout': 0.356390042024753, 'hidden_continuous_size': 5, 'attention_head_size': 2, 'learning_rate': 0.0005774338426382676}. Best is trial 0 with value: 0.051584288477897644.
[I 2023-12-26 16:38:46,120] Trial 11 finished with value: 4.165247440338135 and parameters: {'gradient_clip_val': 0.26388083493069947, 'hidden_size': 35, 'dropout': 0.24941119351633986, 'hidden_continuous_size': 35, 'attention_head_size': 4, 'learning_rate': 0.008754915585728442}. Best is trial 0 with value: 0.051584288477897644.
[I 2023-12-26 16:38:49,588] Trial 12 finished with value: 3.331486463546753 and parameters: {'gradient_clip_val': 0.9892305457327857, 'hidden_size': 56, 'dropout': 0.2026053662014411, 'hidden_continuous_size': 55, 'attention_head_size': 2, 'learning_rate': 0.007338987897615166}. Best is trial 0 with value: 0.051584288477897644.
[I 2023-12-26 16:38:51,885] Trial 13 finished with value: 3.501538038253784 and parameters: {'gradient_clip_val': 0.24904955186813746, 'hidden_size': 25, 'dropout': 0.2785679417902407, 'hidden_continuous_size': 10, 'attention_head_size': 4, 'learning_rate': 0.0007021238547433498}. Best is trial 0 with value: 0.051584288477897644.
[I 2023-12-26 16:38:54,093] Trial 14 finished with value: 2.479389190673828 and parameters: {'gradient_clip_val': 0.3235054620174758, 'hidden_size': 23, 'dropout': 0.3649491454597986, 'hidden_continuous_size': 8, 'attention_head_size': 3, 'learning_rate': 0.004406917482860506}. Best is trial 0 with value: 0.051584288477897644.
[I 2023-12-26 16:38:56,213] Trial 15 finished with value: 5.723677158355713 and parameters: {'gradient_clip_val': 0.1927139983319731, 'hidden_size': 24, 'dropout': 0.3691481091735662, 'hidden_continuous_size': 8, 'attention_head_size': 3, 'learning_rate': 0.0035122761821940857}. Best is trial 0 with value: 0.051584288477897644.
[I 2023-12-26 16:39:01,470] Trial 16 finished with value: 4.494139671325684 and parameters: {'gradient_clip_val': 0.3047840309977218, 'hidden_size': 85, 'dropout': 0.46063321974497407, 'hidden_continuous_size': 77, 'attention_head_size': 2, 'learning_rate': 0.000976648299807293}. Best is trial 0 with value: 0.051584288477897644.
[I 2023-12-26 16:39:03,545] Trial 17 finished with value: 4.388488292694092 and parameters: {'gradient_clip_val': 0.1803982422470783, 'hidden_size': 20, 'dropout': 0.49958003674079277, 'hidden_continuous_size': 8, 'attention_head_size': 3, 'learning_rate': 0.0005126390041147069}. Best is trial 0 with value: 0.051584288477897644.
[I 2023-12-26 16:39:06,622] Trial 18 finished with value: 2.314483880996704 and parameters: {'gradient_clip_val': 0.26258694037089686, 'hidden_size': 45, 'dropout': 0.3630977983662413, 'hidden_continuous_size': 16, 'attention_head_size': 3, 'learning_rate': 0.0011907780500134823}. Best is trial 0 with value: 0.051584288477897644.
[I 2023-12-26 16:39:09,670] Trial 19 finished with value: 3.9192912578582764 and parameters: {'gradient_clip_val': 0.1517373493308684, 'hidden_size': 51, 'dropout': 0.3041715704549709, 'hidden_continuous_size': 22, 'attention_head_size': 2, 'learning_rate': 0.0012280066014175508}. Best is trial 0 with value: 0.051584288477897644.
[I 2023-12-26 16:39:12,981] Trial 20 finished with value: 4.437410831451416 and parameters: {'gradient_clip_val': 0.24863997675637817, 'hidden_size': 57, 'dropout': 0.3365390675061225, 'hidden_continuous_size': 14, 'attention_head_size': 4, 'learning_rate': 0.001011996196403645}. Best is trial 0 with value: 0.051584288477897644.
[I 2023-12-26 16:39:15,437] Trial 21 finished with value: 4.643319606781006 and parameters: {'gradient_clip_val': 0.29761598582293813, 'hidden_size': 33, 'dropout': 0.3754769967985321, 'hidden_continuous_size': 12, 'attention_head_size': 3, 'learning_rate': 0.003722500695779438}. Best is trial 0 with value: 0.051584288477897644.
[I 2023-12-26 16:39:19,674] Trial 22 finished with value: 3.2692015171051025 and parameters: {'gradient_clip_val': 0.41309000352451003, 'hidden_size': 74, 'dropout': 0.39748508472818284, 'hidden_continuous_size': 23, 'attention_head_size': 3, 'learning_rate': 0.0018587391386352481}. Best is trial 0 with value: 0.051584288477897644.
[I 2023-12-26 16:39:21,789] Trial 23 finished with value: 3.9926958084106445 and parameters: {'gradient_clip_val': 0.3168846852839464, 'hidden_size': 19, 'dropout': 0.3414149600360774, 'hidden_continuous_size': 9, 'attention_head_size': 3, 'learning_rate': 0.0008610220734995871}. Best is trial 0 with value: 0.051584288477897644.
[I 2023-12-26 16:39:24,585] Trial 24 finished with value: 3.672409772872925 and parameters: {'gradient_clip_val': 0.2330267264513928, 'hidden_size': 44, 'dropout': 0.30363455750414653, 'hidden_continuous_size': 15, 'attention_head_size': 2, 'learning_rate': 0.0012405930788750971}. Best is trial 0 with value: 0.051584288477897644.
[I 2023-12-26 16:39:27,030] Trial 25 finished with value: 3.2873823642730713 and parameters: {'gradient_clip_val': 0.28464191985013976, 'hidden_size': 29, 'dropout': 0.38148214974347505, 'hidden_continuous_size': 12, 'attention_head_size': 3, 'learning_rate': 0.00075070271004138}. Best is trial 0 with value: 0.051584288477897644.
[I 2023-12-26 16:39:32,874] Trial 26 finished with value: 4.564092636108398 and parameters: {'gradient_clip_val': 0.20979485383386878, 'hidden_size': 99, 'dropout': 0.2834044077659504, 'hidden_continuous_size': 22, 'attention_head_size': 4, 'learning_rate': 0.003008620997529903}. Best is trial 0 with value: 0.051584288477897644.
[I 2023-12-26 16:39:36,651] Trial 27 finished with value: 3.320199728012085 and parameters: {'gradient_clip_val': 0.2701017902364077, 'hidden_size': 67, 'dropout': 0.342042878631093, 'hidden_continuous_size': 29, 'attention_head_size': 3, 'learning_rate': 0.004605158583111644}. Best is trial 0 with value: 0.051584288477897644.
[I 2023-12-26 16:39:39,408] Trial 28 finished with value: 4.768904209136963 and parameters: {'gradient_clip_val': 0.3273223041554998, 'hidden_size': 43, 'dropout': 0.40669518957816503, 'hidden_continuous_size': 17, 'attention_head_size': 2, 'learning_rate': 0.001466023057732742}. Best is trial 0 with value: 0.051584288477897644.
[I 2023-12-26 16:39:42,004] Trial 29 finished with value: 4.247895240783691 and parameters: {'gradient_clip_val': 0.3657780078265468, 'hidden_size': 37, 'dropout': 0.2707414165344934, 'hidden_continuous_size': 13, 'attention_head_size': 4, 'learning_rate': 0.0005372771277049048}. Best is trial 0 with value: 0.051584288477897644.
[I 2023-12-26 16:39:45,778] Trial 30 finished with value: 4.664309024810791 and parameters: {'gradient_clip_val': 0.23682587820124956, 'hidden_size': 59, 'dropout': 0.32607144448038217, 'hidden_continuous_size': 43, 'attention_head_size': 4, 'learning_rate': 0.0024012560627202}. Best is trial 0 with value: 0.051584288477897644.
[I 2023-12-26 16:39:48,274] Trial 31 finished with value: 4.593907833099365 and parameters: {'gradient_clip_val': 0.4470627864960968, 'hidden_size': 30, 'dropout': 0.3543431745901879, 'hidden_continuous_size': 15, 'attention_head_size': 4, 'learning_rate': 0.010323012308337057}. Best is trial 0 with value: 0.051584288477897644.
[I 2023-12-26 16:39:51,080] Trial 32 finished with value: 4.1358866691589355 and parameters: {'gradient_clip_val': 0.3569627646499568, 'hidden_size': 48, 'dropout': 0.22670290413297894, 'hidden_continuous_size': 27, 'attention_head_size': 4, 'learning_rate': 0.00586795958557861}. Best is trial 0 with value: 0.051584288477897644.
[I 2023-12-26 16:39:53,657] Trial 33 finished with value: 4.691652774810791 and parameters: {'gradient_clip_val': 0.4973768868345841, 'hidden_size': 37, 'dropout': 0.295935854936631, 'hidden_continuous_size': 10, 'attention_head_size': 4, 'learning_rate': 0.014018440592260855}. Best is trial 0 with value: 0.051584288477897644.
[I 2023-12-26 16:40:02,139] Trial 34 finished with value: 3.5115182399749756 and parameters: {'gradient_clip_val': 0.3575042264841041, 'hidden_size': 144, 'dropout': 0.2645843565595858, 'hidden_continuous_size': 39, 'attention_head_size': 4, 'learning_rate': 0.002253736524975325}. Best is trial 0 with value: 0.051584288477897644.
[I 2023-12-26 16:40:05,703] Trial 35 finished with value: 4.226510524749756 and parameters: {'gradient_clip_val': 0.28054262889177667, 'hidden_size': 63, 'dropout': 0.3211141050274009, 'hidden_continuous_size': 28, 'attention_head_size': 1, 'learning_rate': 0.0048635597172853}. Best is trial 0 with value: 0.051584288477897644.
[I 2023-12-26 16:40:11,804] Trial 36 finished with value: 4.524386882781982 and parameters: {'gradient_clip_val': 0.3290454240203026, 'hidden_size': 102, 'dropout': 0.2993949529969881, 'hidden_continuous_size': 44, 'attention_head_size': 3, 'learning_rate': 0.012936040140402602}. Best is trial 0 with value: 0.051584288477897644.
[I 2023-12-26 16:40:14,434] Trial 37 finished with value: 3.0875442028045654 and parameters: {'gradient_clip_val': 0.4008639693337593, 'hidden_size': 40, 'dropout': 0.2137355430665005, 'hidden_continuous_size': 19, 'attention_head_size': 3, 'learning_rate': 0.0012121794452444286}. Best is trial 0 with value: 0.051584288477897644.
[I 2023-12-26 16:40:17,368] Trial 38 finished with value: 2.8016703128814697 and parameters: {'gradient_clip_val': 0.21999779355548246, 'hidden_size': 49, 'dropout': 0.17928382992851688, 'hidden_continuous_size': 25, 'attention_head_size': 3, 'learning_rate': 0.002664365291857975}. Best is trial 0 with value: 0.051584288477897644.
[I 2023-12-26 16:40:19,444] Trial 39 finished with value: 4.213192462921143 and parameters: {'gradient_clip_val': 0.49014140730388434, 'hidden_size': 17, 'dropout': 0.25007714364753214, 'hidden_continuous_size': 11, 'attention_head_size': 4, 'learning_rate': 0.0017732211790880874}. Best is trial 0 with value: 0.051584288477897644.
[I 2023-12-26 16:40:21,879] Trial 40 finished with value: 3.682825803756714 and parameters: {'gradient_clip_val': 0.2720635754507029, 'hidden_size': 27, 'dropout': 0.3159525726662684, 'hidden_continuous_size': 19, 'attention_head_size': 4, 'learning_rate': 0.0007447982130169307}. Best is trial 0 with value: 0.051584288477897644.
