[I 2023-12-26 12:23:22,006] Trial 23 finished with value: 256.1094055175781 and parameters: {'gradient_clip_val': 0.5102965303602143, 'hidden_size': 38, 'dropout': 0.41614488542698813, 'hidden_continuous_size': 11, 'attention_head_size': 2, 'learning_rate': 0.019846512942053234}. Best is trial 0 with value: 14.319979667663574.
[I 2023-12-26 12:23:25,344] Trial 24 finished with value: 211.73577880859375 and parameters: {'gradient_clip_val': 0.39759441859673983, 'hidden_size': 23, 'dropout': 0.2724867249761214, 'hidden_continuous_size': 9, 'attention_head_size': 3, 'learning_rate': 0.04098142653472634}. Best is trial 0 with value: 14.319979667663574.
[I 2023-12-26 12:23:27,780] Trial 25 finished with value: 175.84515380859375 and parameters: {'gradient_clip_val': 0.6421073017494038, 'hidden_size': 11, 'dropout': 0.34696223675462, 'hidden_continuous_size': 7, 'attention_head_size': 2, 'learning_rate': 0.015906681151851818}. Best is trial 0 with value: 14.319979667663574.
[I 2023-12-26 12:23:30,189] Trial 26 finished with value: 186.5572509765625 and parameters: {'gradient_clip_val': 0.6443547257004933, 'hidden_size': 11, 'dropout': 0.3347364519212608, 'hidden_continuous_size': 7, 'attention_head_size': 1, 'learning_rate': 0.01045628544273829}. Best is trial 0 with value: 14.319979667663574.
[I 2023-12-26 12:23:32,422] Trial 27 finished with value: 201.6860809326172 and parameters: {'gradient_clip_val': 0.8053737104096049, 'hidden_size': 8, 'dropout': 0.24022815570084957, 'hidden_continuous_size': 5, 'attention_head_size': 3, 'learning_rate': 0.004913180208359141}. Best is trial 0 with value: 14.319979667663574.
[I 2023-12-26 12:23:34,904] Trial 28 finished with value: 223.0504150390625 and parameters: {'gradient_clip_val': 0.6278461032738001, 'hidden_size': 13, 'dropout': 0.3287767747268534, 'hidden_continuous_size': 7, 'attention_head_size': 2, 'learning_rate': 0.01414335280258775}. Best is trial 0 with value: 14.319979667663574.
[I 2023-12-26 12:23:37,522] Trial 29 finished with value: 242.05694580078125 and parameters: {'gradient_clip_val': 0.783287911402632, 'hidden_size': 17, 'dropout': 0.2823904753616312, 'hidden_continuous_size': 8, 'attention_head_size': 4, 'learning_rate': 0.07421646498299696}. Best is trial 0 with value: 14.319979667663574.
[I 2023-12-26 12:23:39,843] Trial 30 finished with value: 175.7594451904297 and parameters: {'gradient_clip_val': 0.9934035323243491, 'hidden_size': 7, 'dropout': 0.2902059036600872, 'hidden_continuous_size': 5, 'attention_head_size': 2, 'learning_rate': 0.008404101127680301}. Best is trial 0 with value: 14.319979667663574.
[I 2023-12-26 12:23:42,167] Trial 31 finished with value: 178.01708984375 and parameters: {'gradient_clip_val': 0.997719774307742, 'hidden_size': 7, 'dropout': 0.29368365174598315, 'hidden_continuous_size': 5, 'attention_head_size': 2, 'learning_rate': 0.00800986092608927}. Best is trial 0 with value: 14.319979667663574.
[I 2023-12-26 12:23:44,611] Trial 32 finished with value: 213.9277801513672 and parameters: {'gradient_clip_val': 0.8099057640495875, 'hidden_size': 12, 'dropout': 0.23708344078809465, 'hidden_continuous_size': 6, 'attention_head_size': 2, 'learning_rate': 0.0037197662066486697}. Best is trial 0 with value: 14.319979667663574.
[I 2023-12-26 12:23:46,827] Trial 33 finished with value: 291.8990173339844 and parameters: {'gradient_clip_val': 0.9477590652511331, 'hidden_size': 8, 'dropout': 0.29097649579509033, 'hidden_continuous_size': 6, 'attention_head_size': 1, 'learning_rate': 0.006045572757540432}. Best is trial 0 with value: 14.319979667663574.
[I 2023-12-26 12:23:49,280] Trial 34 finished with value: 215.12872314453125 and parameters: {'gradient_clip_val': 0.6536794778853069, 'hidden_size': 11, 'dropout': 0.2757706929600061, 'hidden_continuous_size': 7, 'attention_head_size': 2, 'learning_rate': 0.015694897549874215}. Best is trial 0 with value: 14.319979667663574.
[I 2023-12-26 12:23:51,973] Trial 35 finished with value: 216.62254333496094 and parameters: {'gradient_clip_val': 0.5266336997222791, 'hidden_size': 7, 'dropout': 0.31395146052169565, 'hidden_continuous_size': 5, 'attention_head_size': 2, 'learning_rate': 0.010353631135748843}. Best is trial 0 with value: 14.319979667663574.
[I 2023-12-26 12:23:54,274] Trial 36 finished with value: 214.80267333984375 and parameters: {'gradient_clip_val': 0.8503940311190386, 'hidden_size': 9, 'dropout': 0.1954630130739804, 'hidden_continuous_size': 6, 'attention_head_size': 1, 'learning_rate': 0.0061976755925461716}. Best is trial 0 with value: 14.319979667663574.
[I 2023-12-26 12:23:59,181] Trial 37 finished with value: 217.42706298828125 and parameters: {'gradient_clip_val': 0.7344217319346423, 'hidden_size': 55, 'dropout': 0.23988411815134086, 'hidden_continuous_size': 14, 'attention_head_size': 3, 'learning_rate': 0.004997200614555865}. Best is trial 0 with value: 14.319979667663574.
[I 2023-12-26 12:24:01,480] Trial 38 finished with value: 216.0493621826172 and parameters: {'gradient_clip_val': 0.9986864430246957, 'hidden_size': 6, 'dropout': 0.309265388852782, 'hidden_continuous_size': 5, 'attention_head_size': 2, 'learning_rate': 0.0074971455733170095}. Best is trial 0 with value: 14.319979667663574.
[I 2023-12-26 12:24:03,906] Trial 39 finished with value: 184.90673828125 and parameters: {'gradient_clip_val': 0.8778519846222628, 'hidden_size': 13, 'dropout': 0.27722389919832785, 'hidden_continuous_size': 7, 'attention_head_size': 2, 'learning_rate': 0.002992525322586429}. Best is trial 0 with value: 14.319979667663574.
[I 2023-12-26 12:24:06,507] Trial 40 finished with value: 266.2940368652344 and parameters: {'gradient_clip_val': 0.6097193794637148, 'hidden_size': 15, 'dropout': 0.3006819127282955, 'hidden_continuous_size': 7, 'attention_head_size': 3, 'learning_rate': 0.010887083564323888}. Best is trial 0 with value: 14.319979667663574.
[I 2023-12-26 12:24:08,780] Trial 41 finished with value: 233.6576385498047 and parameters: {'gradient_clip_val': 0.9694088984390423, 'hidden_size': 6, 'dropout': 0.3294523579123272, 'hidden_continuous_size': 5, 'attention_head_size': 2, 'learning_rate': 0.004330613349810594}. Best is trial 0 with value: 14.319979667663574.
[I 2023-12-26 12:24:11,050] Trial 42 finished with value: 243.21632385253906 and parameters: {'gradient_clip_val': 0.8590140555225465, 'hidden_size': 7, 'dropout': 0.2911801550873657, 'hidden_continuous_size': 5, 'attention_head_size': 2, 'learning_rate': 0.009097433750074005}. Best is trial 0 with value: 14.319979667663574.
[I 2023-12-26 12:24:13,131] Trial 43 finished with value: 301.2251892089844 and parameters: {'gradient_clip_val': 0.7212086684703677, 'hidden_size': 5, 'dropout': 0.3010908955475464, 'hidden_continuous_size': 5, 'attention_head_size': 2, 'learning_rate': 0.006584840488650641}. Best is trial 0 with value: 14.319979667663574.
[I 2023-12-26 12:24:15,546] Trial 44 finished with value: 255.53208923339844 and parameters: {'gradient_clip_val': 0.5582912401714034, 'hidden_size': 10, 'dropout': 0.262216386181111, 'hidden_continuous_size': 6, 'attention_head_size': 2, 'learning_rate': 0.016986125593601648}. Best is trial 0 with value: 14.319979667663574.
[I 2023-12-26 12:24:17,748] Trial 45 finished with value: 190.47540283203125 and parameters: {'gradient_clip_val': 0.9005310303660662, 'hidden_size': 6, 'dropout': 0.2834718648132333, 'hidden_continuous_size': 5, 'attention_head_size': 1, 'learning_rate': 0.012543121429996947}. Best is trial 0 with value: 14.319979667663574.
[I 2023-12-26 12:24:19,982] Trial 46 finished with value: 167.79745483398438 and parameters: {'gradient_clip_val': 0.9764271883186753, 'hidden_size': 8, 'dropout': 0.22834184815092462, 'hidden_continuous_size': 6, 'attention_head_size': 2, 'learning_rate': 0.008131697527558041}. Best is trial 0 with value: 14.319979667663574.
[I 2023-12-26 12:24:23,021] Trial 47 finished with value: 224.1729736328125 and parameters: {'gradient_clip_val': 0.4614971466907459, 'hidden_size': 19, 'dropout': 0.2112819852442997, 'hidden_continuous_size': 8, 'attention_head_size': 4, 'learning_rate': 0.002153299980661303}. Best is trial 0 with value: 14.319979667663574.
[I 2023-12-26 12:24:25,508] Trial 48 finished with value: 228.7794189453125 and parameters: {'gradient_clip_val': 0.6901340855059094, 'hidden_size': 14, 'dropout': 0.2431493535497164, 'hidden_continuous_size': 6, 'attention_head_size': 2, 'learning_rate': 0.018321577723896275}. Best is trial 0 with value: 14.319979667663574.
[I 2023-12-26 12:24:27,874] Trial 49 finished with value: 265.8893127441406 and parameters: {'gradient_clip_val': 0.597847552694069, 'hidden_size': 16, 'dropout': 0.22735377099788742, 'hidden_continuous_size': 9, 'attention_head_size': 3, 'learning_rate': 0.012680654301410365}. Best is trial 0 with value: 14.319979667663574.
[I 2023-12-26 12:24:28,074] A new study created in memory with name: no-name-e53c2d6d-0490-4ab6-9f1a-b05e08b37c9f
/home/le004/conda/anaconda3/envs/tsff_env/lib/python3.9/site-packages/lightning/fabric/plugins/environments/slurm.py:191: The `srun` command is available on your system but is not used. HINT: If your intention is to run Lightning on SLURM, prepend your python command with `srun` like so: srun python /home/le004/master_thesis/git/TSFusionForecast/code/ ...
[I 2023-12-26 12:27:25,897] Trial 0 finished with value: 3.373854875564575 and parameters: {'gradient_clip_val': 0.10024600826804089, 'hidden_size': 14, 'dropout': 0.21229776164634862, 'hidden_continuous_size': 9, 'attention_head_size': 3, 'learning_rate': 0.006192397157377481}. Best is trial 0 with value: 3.373854875564575.
[I 2023-12-26 12:27:29,186] Trial 1 finished with value: 11.33386516571045 and parameters: {'gradient_clip_val': 0.34342391328446936, 'hidden_size': 31, 'dropout': 0.2941696165651098, 'hidden_continuous_size': 6, 'attention_head_size': 1, 'learning_rate': 0.0009166575571822751}. Best is trial 0 with value: 3.373854875564575.
[I 2023-12-26 12:27:32,535] Trial 2 finished with value: 10.939579010009766 and parameters: {'gradient_clip_val': 0.41873477883901017, 'hidden_size': 35, 'dropout': 0.3756057894050423, 'hidden_continuous_size': 8, 'attention_head_size': 2, 'learning_rate': 0.0014628928840713649}. Best is trial 0 with value: 3.373854875564575.
[I 2023-12-26 12:27:35,179] Trial 3 finished with value: 12.09229564666748 and parameters: {'gradient_clip_val': 0.18668759467666274, 'hidden_size': 7, 'dropout': 0.10736790929510041, 'hidden_continuous_size': 6, 'attention_head_size': 4, 'learning_rate': 0.0019730124272578434}. Best is trial 0 with value: 3.373854875564575.
[I 2023-12-26 12:27:37,261] Trial 4 finished with value: 9.496036529541016 and parameters: {'gradient_clip_val': 0.5318665943303256, 'hidden_size': 5, 'dropout': 0.46729376042095205, 'hidden_continuous_size': 5, 'attention_head_size': 2, 'learning_rate': 0.013772396834168336}. Best is trial 0 with value: 3.373854875564575.
[I 2023-12-26 12:27:39,912] Trial 5 finished with value: 11.620652198791504 and parameters: {'gradient_clip_val': 0.11922072323437631, 'hidden_size': 21, 'dropout': 0.27934207397490507, 'hidden_continuous_size': 13, 'attention_head_size': 1, 'learning_rate': 0.000509150006594635}. Best is trial 0 with value: 3.373854875564575.
[I 2023-12-26 12:27:50,891] Trial 6 finished with value: 11.908806800842285 and parameters: {'gradient_clip_val': 0.4810876681545481, 'hidden_size': 138, 'dropout': 0.36976943174630295, 'hidden_continuous_size': 6, 'attention_head_size': 4, 'learning_rate': 0.0048767561054343924}. Best is trial 0 with value: 3.373854875564575.
[I 2023-12-26 12:27:53,034] Trial 7 finished with value: 14.574992179870605 and parameters: {'gradient_clip_val': 0.11303076018034516, 'hidden_size': 8, 'dropout': 0.4530703782649159, 'hidden_continuous_size': 8, 'attention_head_size': 2, 'learning_rate': 0.000771052275352767}. Best is trial 0 with value: 3.373854875564575.
[I 2023-12-26 12:27:56,110] Trial 8 finished with value: 12.052002906799316 and parameters: {'gradient_clip_val': 0.388741117670764, 'hidden_size': 29, 'dropout': 0.30941306362486937, 'hidden_continuous_size': 5, 'attention_head_size': 1, 'learning_rate': 0.0073739814473693524}. Best is trial 0 with value: 3.373854875564575.
[I 2023-12-26 12:27:58,547] Trial 9 finished with value: 10.7947416305542 and parameters: {'gradient_clip_val': 0.7501573259048697, 'hidden_size': 9, 'dropout': 0.2268146794141772, 'hidden_continuous_size': 7, 'attention_head_size': 4, 'learning_rate': 0.003389740218531158}. Best is trial 0 with value: 3.373854875564575.
[I 2023-12-26 12:28:01,185] Trial 10 finished with value: 17.053791046142578 and parameters: {'gradient_clip_val': 0.20526605095673028, 'hidden_size': 15, 'dropout': 0.18093152760958364, 'hidden_continuous_size': 11, 'attention_head_size': 3, 'learning_rate': 0.0691853894964556}. Best is trial 0 with value: 3.373854875564575.
[I 2023-12-26 12:28:03,305] Trial 11 finished with value: 13.00067138671875 and parameters: {'gradient_clip_val': 0.880437209572009, 'hidden_size': 5, 'dropout': 0.4404675117048537, 'hidden_continuous_size': 5, 'attention_head_size': 3, 'learning_rate': 0.014639044092883463}. Best is trial 0 with value: 3.373854875564575.
[I 2023-12-26 12:28:05,403] Trial 12 finished with value: 9.689340591430664 and parameters: {'gradient_clip_val': 0.23801503523587894, 'hidden_size': 5, 'dropout': 0.49313456047059645, 'hidden_continuous_size': 5, 'attention_head_size': 3, 'learning_rate': 0.015105281142822363}. Best is trial 0 with value: 3.373854875564575.
[I 2023-12-26 12:28:07,940] Trial 13 finished with value: 7.966372013092041 and parameters: {'gradient_clip_val': 0.5901017548641174, 'hidden_size': 13, 'dropout': 0.20575172173448075, 'hidden_continuous_size': 10, 'attention_head_size': 2, 'learning_rate': 0.010994185099874458}. Best is trial 0 with value: 3.373854875564575.
[I 2023-12-26 12:28:10,576] Trial 14 finished with value: 14.871014595031738 and parameters: {'gradient_clip_val': 0.6324723540616923, 'hidden_size': 15, 'dropout': 0.1853854397913595, 'hidden_continuous_size': 10, 'attention_head_size': 3, 'learning_rate': 0.03841060133236735}. Best is trial 0 with value: 3.373854875564575.
[I 2023-12-26 12:28:13,334] Trial 15 finished with value: 15.933445930480957 and parameters: {'gradient_clip_val': 0.9673124394309026, 'hidden_size': 12, 'dropout': 0.10287213385957672, 'hidden_continuous_size': 9, 'attention_head_size': 2, 'learning_rate': 0.007522594557544196}. Best is trial 0 with value: 3.373854875564575.
[I 2023-12-26 12:28:15,843] Trial 16 finished with value: 15.372478485107422 and parameters: {'gradient_clip_val': 0.3065749330996758, 'hidden_size': 18, 'dropout': 0.22078215341455898, 'hidden_continuous_size': 18, 'attention_head_size': 3, 'learning_rate': 0.002724640887963642}. Best is trial 0 with value: 3.373854875564575.
[I 2023-12-26 12:28:18,233] Trial 17 finished with value: 11.479655265808105 and parameters: {'gradient_clip_val': 0.10018486967925064, 'hidden_size': 11, 'dropout': 0.16610417938479993, 'hidden_continuous_size': 8, 'attention_head_size': 2, 'learning_rate': 0.004303185146269495}. Best is trial 0 with value: 3.373854875564575.
[I 2023-12-26 12:28:20,752] Trial 18 finished with value: 10.638392448425293 and parameters: {'gradient_clip_val': 0.15488327296784338, 'hidden_size': 21, 'dropout': 0.24130698165643144, 'hidden_continuous_size': 12, 'attention_head_size': 2, 'learning_rate': 0.025286113876749852}. Best is trial 0 with value: 3.373854875564575.
[I 2023-12-26 12:28:22,732] Trial 19 finished with value: 11.581958770751953 and parameters: {'gradient_clip_val': 0.28324440258018063, 'hidden_size': 11, 'dropout': 0.14120115822619506, 'hidden_continuous_size': 9, 'attention_head_size': 3, 'learning_rate': 0.007623703758011221}. Best is trial 0 with value: 3.373854875564575.
[I 2023-12-26 12:28:25,334] Trial 20 finished with value: 7.884483337402344 and parameters: {'gradient_clip_val': 0.1423796664894956, 'hidden_size': 40, 'dropout': 0.2516757657980219, 'hidden_continuous_size': 15, 'attention_head_size': 4, 'learning_rate': 0.09024591512123493}. Best is trial 0 with value: 3.373854875564575.
[I 2023-12-26 12:28:28,144] Trial 21 finished with value: 12.316695213317871 and parameters: {'gradient_clip_val': 0.1484184873401011, 'hidden_size': 44, 'dropout': 0.2509819286588038, 'hidden_continuous_size': 17, 'attention_head_size': 4, 'learning_rate': 0.07890875893259956}. Best is trial 0 with value: 3.373854875564575.
[I 2023-12-26 12:28:31,131] Trial 22 finished with value: 11.603317260742188 and parameters: {'gradient_clip_val': 0.13319062877526364, 'hidden_size': 50, 'dropout': 0.21600940570922939, 'hidden_continuous_size': 24, 'attention_head_size': 4, 'learning_rate': 0.09305052377552077}. Best is trial 0 with value: 3.373854875564575.
[I 2023-12-26 12:28:33,205] Trial 23 finished with value: 9.255223274230957 and parameters: {'gradient_clip_val': 0.10259291684334562, 'hidden_size': 18, 'dropout': 0.1996998461317767, 'hidden_continuous_size': 10, 'attention_head_size': 4, 'learning_rate': 0.03208145788503606}. Best is trial 0 with value: 3.373854875564575.
[I 2023-12-26 12:28:35,374] Trial 24 finished with value: 13.988003730773926 and parameters: {'gradient_clip_val': 0.16270953573733413, 'hidden_size': 24, 'dropout': 0.2573112423705907, 'hidden_continuous_size': 13, 'attention_head_size': 3, 'learning_rate': 0.051137357024619}. Best is trial 0 with value: 3.373854875564575.
[I 2023-12-26 12:28:39,400] Trial 25 finished with value: 11.56216812133789 and parameters: {'gradient_clip_val': 0.13435842886475843, 'hidden_size': 61, 'dropout': 0.1520392441027895, 'hidden_continuous_size': 38, 'attention_head_size': 2, 'learning_rate': 0.019174011019557145}. Best is trial 0 with value: 3.373854875564575.
[I 2023-12-26 12:28:41,989] Trial 26 finished with value: 11.30518627166748 and parameters: {'gradient_clip_val': 0.25059421554841915, 'hidden_size': 15, 'dropout': 0.2033176725954495, 'hidden_continuous_size': 7, 'attention_head_size': 3, 'learning_rate': 0.05141037129016072}. Best is trial 0 with value: 3.373854875564575.
[I 2023-12-26 12:28:45,261] Trial 27 finished with value: 9.641736030578613 and parameters: {'gradient_clip_val': 0.19612085909785543, 'hidden_size': 23, 'dropout': 0.27286332021966087, 'hidden_continuous_size': 11, 'attention_head_size': 4, 'learning_rate': 0.010851963564389302}. Best is trial 0 with value: 3.373854875564575.
[I 2023-12-26 12:28:47,758] Trial 28 finished with value: 15.078455924987793 and parameters: {'gradient_clip_val': 0.11832996916299895, 'hidden_size': 27, 'dropout': 0.2388345214654787, 'hidden_continuous_size': 14, 'attention_head_size': 1, 'learning_rate': 0.024625269897285734}. Best is trial 0 with value: 3.373854875564575.
[I 2023-12-26 12:28:50,937] Trial 29 finished with value: 14.801040649414062 and parameters: {'gradient_clip_val': 0.3483407960681502, 'hidden_size': 35, 'dropout': 0.3113750879268169, 'hidden_continuous_size': 14, 'attention_head_size': 1, 'learning_rate': 0.010098149124157837}. Best is trial 0 with value: 3.373854875564575.
[I 2023-12-26 12:28:53,317] Trial 30 finished with value: 17.53463363647461 and parameters: {'gradient_clip_val': 0.16450875645814422, 'hidden_size': 7, 'dropout': 0.20726538360907124, 'hidden_continuous_size': 6, 'attention_head_size': 3, 'learning_rate': 0.005698463229434569}. Best is trial 0 with value: 3.373854875564575.
[I 2023-12-26 12:28:55,987] Trial 31 finished with value: 15.35632038116455 and parameters: {'gradient_clip_val': 0.10035015502304526, 'hidden_size': 17, 'dropout': 0.19666445394012405, 'hidden_continuous_size': 10, 'attention_head_size': 4, 'learning_rate': 0.031707300680088396}. Best is trial 0 with value: 3.373854875564575.
[I 2023-12-26 12:28:58,203] Trial 32 finished with value: 13.857218742370605 and parameters: {'gradient_clip_val': 0.10023361077214347, 'hidden_size': 13, 'dropout': 0.17159159209060593, 'hidden_continuous_size': 9, 'attention_head_size': 4, 'learning_rate': 0.04200786212821233}. Best is trial 0 with value: 3.373854875564575.
[I 2023-12-26 12:29:00,602] Trial 33 finished with value: 11.034285545349121 and parameters: {'gradient_clip_val': 0.1347281264388649, 'hidden_size': 19, 'dropout': 0.13633189916383176, 'hidden_continuous_size': 10, 'attention_head_size': 4, 'learning_rate': 0.09639128143137599}. Best is trial 0 with value: 3.373854875564575.
[I 2023-12-26 12:29:03,002] Trial 34 finished with value: 11.933531761169434 and parameters: {'gradient_clip_val': 0.11462761188019993, 'hidden_size': 9, 'dropout': 0.19284272352975404, 'hidden_continuous_size': 7, 'attention_head_size': 4, 'learning_rate': 0.021933184338786427}. Best is trial 0 with value: 3.373854875564575.
[I 2023-12-26 12:29:06,316] Trial 35 finished with value: 12.942944526672363 and parameters: {'gradient_clip_val': 0.17306859327538862, 'hidden_size': 30, 'dropout': 0.22409565752617702, 'hidden_continuous_size': 12, 'attention_head_size': 2, 'learning_rate': 0.06844498118683692}. Best is trial 0 with value: 3.373854875564575.
[I 2023-12-26 12:29:08,448] Trial 36 finished with value: 11.483386993408203 and parameters: {'gradient_clip_val': 0.1333210209253206, 'hidden_size': 20, 'dropout': 0.28272353724333676, 'hidden_continuous_size': 9, 'attention_head_size': 4, 'learning_rate': 0.03211788917200067}. Best is trial 0 with value: 3.373854875564575.
[I 2023-12-26 12:29:11,103] Trial 37 finished with value: 11.204479217529297 and parameters: {'gradient_clip_val': 0.41569952158366685, 'hidden_size': 26, 'dropout': 0.2607032242212673, 'hidden_continuous_size': 11, 'attention_head_size': 2, 'learning_rate': 0.05647771048565395}. Best is trial 0 with value: 3.373854875564575.
