[I 2023-12-15 16:12:40,982] Trial 48 finished with value: 0.10486862808465958 and parameters: {'gradient_clip_val': 0.6964844540040285, 'hidden_size': 6, 'dropout': 0.38167434101659214, 'hidden_continuous_size': 5, 'attention_head_size': 4, 'learning_rate': 0.04431923406821174}. Best is trial 38 with value: 0.07420013099908829.
LOCAL_RANK: 0 - CUDA_VISIBLE_DEVICES: [0]
[I 2023-12-15 16:13:26,385] Trial 49 finished with value: 3.747978925704956 and parameters: {'gradient_clip_val': 0.5304125114848582, 'hidden_size': 9, 'dropout': 0.3706896985745952, 'hidden_continuous_size': 7, 'attention_head_size': 4, 'learning_rate': 0.03380353886217096}. Best is trial 38 with value: 0.07420013099908829.
[I 2023-12-15 16:13:26,480] A new study created in memory with name: no-name-e34a3db3-e586-4abc-9325-2bd050815445
/home/le004/conda/anaconda3/envs/tsff_env/lib/python3.9/site-packages/lightning/fabric/plugins/environments/slurm.py:191: The `srun` command is available on your system but is not used. HINT: If your intention is to run Lightning on SLURM, prepend your python command with `srun` like so: srun python /home/le004/master_thesis/git/TSFusionForecast/code/ ...
LOCAL_RANK: 0 - CUDA_VISIBLE_DEVICES: [0]
[I 2023-12-15 16:14:00,371] Trial 0 finished with value: 1.112337350845337 and parameters: {'gradient_clip_val': 0.26134966166043233, 'hidden_size': 7, 'dropout': 0.28931367019654586, 'hidden_continuous_size': 7, 'attention_head_size': 3, 'learning_rate': 0.0011258690889208425}. Best is trial 0 with value: 1.112337350845337.
LOCAL_RANK: 0 - CUDA_VISIBLE_DEVICES: [0]
[I 2023-12-15 16:14:49,750] Trial 1 finished with value: 0.16142775118350983 and parameters: {'gradient_clip_val': 0.6506914081272605, 'hidden_size': 25, 'dropout': 0.2052847897000063, 'hidden_continuous_size': 23, 'attention_head_size': 2, 'learning_rate': 0.08449583570401623}. Best is trial 1 with value: 0.16142775118350983.
LOCAL_RANK: 0 - CUDA_VISIBLE_DEVICES: [0]
[I 2023-12-15 16:15:35,390] Trial 2 finished with value: 0.1736641377210617 and parameters: {'gradient_clip_val': 0.40067394428138753, 'hidden_size': 13, 'dropout': 0.2508400473205435, 'hidden_continuous_size': 10, 'attention_head_size': 3, 'learning_rate': 0.013288546060082007}. Best is trial 1 with value: 0.16142775118350983.
LOCAL_RANK: 0 - CUDA_VISIBLE_DEVICES: [0]
[I 2023-12-15 16:16:29,165] Trial 3 finished with value: 0.3902679681777954 and parameters: {'gradient_clip_val': 0.26958727456371107, 'hidden_size': 83, 'dropout': 0.24389235372360804, 'hidden_continuous_size': 10, 'attention_head_size': 4, 'learning_rate': 0.05017193740102316}. Best is trial 1 with value: 0.16142775118350983.
LOCAL_RANK: 0 - CUDA_VISIBLE_DEVICES: [0]
[I 2023-12-15 16:17:14,492] Trial 4 finished with value: 2.486062526702881 and parameters: {'gradient_clip_val': 0.11508621646264691, 'hidden_size': 6, 'dropout': 0.34569626876753434, 'hidden_continuous_size': 5, 'attention_head_size': 4, 'learning_rate': 0.0024298186046903705}. Best is trial 1 with value: 0.16142775118350983.
LOCAL_RANK: 0 - CUDA_VISIBLE_DEVICES: [0]
[I 2023-12-15 16:17:59,155] Trial 5 finished with value: 0.07926073670387268 and parameters: {'gradient_clip_val': 0.37244435168096146, 'hidden_size': 10, 'dropout': 0.33208333973689363, 'hidden_continuous_size': 8, 'attention_head_size': 1, 'learning_rate': 0.009246062153527745}. Best is trial 5 with value: 0.07926073670387268.
LOCAL_RANK: 0 - CUDA_VISIBLE_DEVICES: [0]
[I 2023-12-15 16:18:48,156] Trial 6 finished with value: 1.4640393257141113 and parameters: {'gradient_clip_val': 0.35035031647408926, 'hidden_size': 36, 'dropout': 0.13502800721288005, 'hidden_continuous_size': 12, 'attention_head_size': 2, 'learning_rate': 0.0018095252569519955}. Best is trial 5 with value: 0.07926073670387268.
LOCAL_RANK: 0 - CUDA_VISIBLE_DEVICES: [0]
[I 2023-12-15 16:19:39,328] Trial 7 finished with value: 1.0674570798873901 and parameters: {'gradient_clip_val': 0.42456381375659946, 'hidden_size': 28, 'dropout': 0.21148577601034516, 'hidden_continuous_size': 27, 'attention_head_size': 4, 'learning_rate': 0.002182705798921396}. Best is trial 5 with value: 0.07926073670387268.
LOCAL_RANK: 0 - CUDA_VISIBLE_DEVICES: [0]
[I 2023-12-15 16:20:31,848] Trial 8 finished with value: 2.251957654953003 and parameters: {'gradient_clip_val': 0.44053115112356933, 'hidden_size': 58, 'dropout': 0.2825533607636991, 'hidden_continuous_size': 26, 'attention_head_size': 1, 'learning_rate': 0.0008647158258019387}. Best is trial 5 with value: 0.07926073670387268.
LOCAL_RANK: 0 - CUDA_VISIBLE_DEVICES: [0]
[I 2023-12-15 16:21:21,920] Trial 9 finished with value: 2.1579701900482178 and parameters: {'gradient_clip_val': 0.5415342446231074, 'hidden_size': 30, 'dropout': 0.18185539266553036, 'hidden_continuous_size': 20, 'attention_head_size': 1, 'learning_rate': 0.001363857143536795}. Best is trial 5 with value: 0.07926073670387268.
LOCAL_RANK: 0 - CUDA_VISIBLE_DEVICES: [0]
[I 2023-12-15 16:22:06,378] Trial 10 finished with value: 0.726283609867096 and parameters: {'gradient_clip_val': 0.8814791370218101, 'hidden_size': 13, 'dropout': 0.39326855193236643, 'hidden_continuous_size': 6, 'attention_head_size': 1, 'learning_rate': 0.009469752658841847}. Best is trial 5 with value: 0.07926073670387268.
LOCAL_RANK: 0 - CUDA_VISIBLE_DEVICES: [0]
[I 2023-12-15 16:22:52,365] Trial 11 finished with value: 1.7480144500732422 and parameters: {'gradient_clip_val': 0.819097192129503, 'hidden_size': 17, 'dropout': 0.12456680340042856, 'hidden_continuous_size': 8, 'attention_head_size': 2, 'learning_rate': 0.0983387888868812}. Best is trial 5 with value: 0.07926073670387268.
LOCAL_RANK: 0 - CUDA_VISIBLE_DEVICES: [0]
[I 2023-12-15 16:23:37,008] Trial 12 finished with value: 1.66635000705719 and parameters: {'gradient_clip_val': 0.6365172541277001, 'hidden_size': 9, 'dropout': 0.3251656455078503, 'hidden_continuous_size': 5, 'attention_head_size': 2, 'learning_rate': 0.02175452855957192}. Best is trial 5 with value: 0.07926073670387268.
LOCAL_RANK: 0 - CUDA_VISIBLE_DEVICES: [0]
[I 2023-12-15 16:24:24,740] Trial 13 finished with value: 0.09522107988595963 and parameters: {'gradient_clip_val': 0.6340559609266627, 'hidden_size': 19, 'dropout': 0.18382668119516016, 'hidden_continuous_size': 13, 'attention_head_size': 1, 'learning_rate': 0.00494271011214841}. Best is trial 5 with value: 0.07926073670387268.
LOCAL_RANK: 0 - CUDA_VISIBLE_DEVICES: [0]
[I 2023-12-15 16:24:57,593] Trial 14 finished with value: 1.3954554796218872 and parameters: {'gradient_clip_val': 0.9127792876344049, 'hidden_size': 5, 'dropout': 0.16543369504276761, 'hidden_continuous_size': 5, 'attention_head_size': 1, 'learning_rate': 0.0049665442414459264}. Best is trial 5 with value: 0.07926073670387268.
LOCAL_RANK: 0 - CUDA_VISIBLE_DEVICES: [0]
[I 2023-12-15 16:25:42,070] Trial 15 finished with value: 0.2430930882692337 and parameters: {'gradient_clip_val': 0.22026988303699074, 'hidden_size': 10, 'dropout': 0.1080738772413822, 'hidden_continuous_size': 6, 'attention_head_size': 1, 'learning_rate': 0.004633738405061121}. Best is trial 5 with value: 0.07926073670387268.
LOCAL_RANK: 0 - CUDA_VISIBLE_DEVICES: [0]
[I 2023-12-15 16:26:29,412] Trial 16 finished with value: 1.9237018823623657 and parameters: {'gradient_clip_val': 0.5261572800883824, 'hidden_size': 18, 'dropout': 0.3929529856900513, 'hidden_continuous_size': 13, 'attention_head_size': 1, 'learning_rate': 0.0005881648326904346}. Best is trial 5 with value: 0.07926073670387268.
LOCAL_RANK: 0 - CUDA_VISIBLE_DEVICES: [0]
[I 2023-12-15 16:27:13,290] Trial 17 finished with value: 1.7181645631790161 and parameters: {'gradient_clip_val': 0.3252177782196111, 'hidden_size': 8, 'dropout': 0.15545683005916516, 'hidden_continuous_size': 6, 'attention_head_size': 3, 'learning_rate': 0.0045638689837593635}. Best is trial 5 with value: 0.07926073670387268.
LOCAL_RANK: 0 - CUDA_VISIBLE_DEVICES: [0]
[I 2023-12-15 16:27:57,255] Trial 18 finished with value: 0.09840836375951767 and parameters: {'gradient_clip_val': 0.6826843644657447, 'hidden_size': 12, 'dropout': 0.10018371742641563, 'hidden_continuous_size': 8, 'attention_head_size': 2, 'learning_rate': 0.018037998883929717}. Best is trial 5 with value: 0.07926073670387268.
LOCAL_RANK: 0 - CUDA_VISIBLE_DEVICES: [0]
[I 2023-12-15 16:28:45,272] Trial 19 finished with value: 0.13940928876399994 and parameters: {'gradient_clip_val': 0.5230541488635284, 'hidden_size': 21, 'dropout': 0.1893181747854994, 'hidden_continuous_size': 15, 'attention_head_size': 1, 'learning_rate': 0.008037435316976612}. Best is trial 5 with value: 0.07926073670387268.
LOCAL_RANK: 0 - CUDA_VISIBLE_DEVICES: [0]
[I 2023-12-15 16:29:18,837] Trial 20 finished with value: 0.5820934176445007 and parameters: {'gradient_clip_val': 0.9783230875372686, 'hidden_size': 5, 'dropout': 0.2258067271946058, 'hidden_continuous_size': 5, 'attention_head_size': 2, 'learning_rate': 0.003278842648758935}. Best is trial 5 with value: 0.07926073670387268.
LOCAL_RANK: 0 - CUDA_VISIBLE_DEVICES: [0]
[I 2023-12-15 16:30:02,628] Trial 21 finished with value: 0.3638264238834381 and parameters: {'gradient_clip_val': 0.6010143587234407, 'hidden_size': 12, 'dropout': 0.10132335333243539, 'hidden_continuous_size': 8, 'attention_head_size': 2, 'learning_rate': 0.016240476729822456}. Best is trial 5 with value: 0.07926073670387268.
LOCAL_RANK: 0 - CUDA_VISIBLE_DEVICES: [0]
[I 2023-12-15 16:30:47,820] Trial 22 finished with value: 1.0004879236221313 and parameters: {'gradient_clip_val': 0.7625645703123762, 'hidden_size': 15, 'dropout': 0.1457049682806801, 'hidden_continuous_size': 9, 'attention_head_size': 1, 'learning_rate': 0.026318424020298836}. Best is trial 5 with value: 0.07926073670387268.
LOCAL_RANK: 0 - CUDA_VISIBLE_DEVICES: [0]
[I 2023-12-15 16:31:32,730] Trial 23 finished with value: 1.2116007804870605 and parameters: {'gradient_clip_val': 0.7649602461549242, 'hidden_size': 10, 'dropout': 0.1734411821060761, 'hidden_continuous_size': 7, 'attention_head_size': 2, 'learning_rate': 0.00922818979669759}. Best is trial 5 with value: 0.07926073670387268.
LOCAL_RANK: 0 - CUDA_VISIBLE_DEVICES: [0]
[I 2023-12-15 16:32:19,950] Trial 24 finished with value: 0.1575823873281479 and parameters: {'gradient_clip_val': 0.708614888322951, 'hidden_size': 19, 'dropout': 0.1287940788009796, 'hidden_continuous_size': 11, 'attention_head_size': 1, 'learning_rate': 0.012891970659498297}. Best is trial 5 with value: 0.07926073670387268.
LOCAL_RANK: 0 - CUDA_VISIBLE_DEVICES: [0]
[I 2023-12-15 16:33:05,426] Trial 25 finished with value: 0.23085738718509674 and parameters: {'gradient_clip_val': 0.9973831047311875, 'hidden_size': 11, 'dropout': 0.14484813146998332, 'hidden_continuous_size': 8, 'attention_head_size': 3, 'learning_rate': 0.006498621642417368}. Best is trial 5 with value: 0.07926073670387268.
LOCAL_RANK: 0 - CUDA_VISIBLE_DEVICES: [0]
[I 2023-12-15 16:33:50,720] Trial 26 finished with value: 1.2497869729995728 and parameters: {'gradient_clip_val': 0.4611030008200852, 'hidden_size': 15, 'dropout': 0.10130282732047383, 'hidden_continuous_size': 9, 'attention_head_size': 2, 'learning_rate': 0.026717264147581906}. Best is trial 5 with value: 0.07926073670387268.
LOCAL_RANK: 0 - CUDA_VISIBLE_DEVICES: [0]
[I 2023-12-15 16:34:34,101] Trial 27 finished with value: 0.5258894562721252 and parameters: {'gradient_clip_val': 0.636058533831926, 'hidden_size': 8, 'dropout': 0.18846292684594496, 'hidden_continuous_size': 7, 'attention_head_size': 1, 'learning_rate': 0.0064650126744429425}. Best is trial 5 with value: 0.07926073670387268.
LOCAL_RANK: 0 - CUDA_VISIBLE_DEVICES: [0]
[I 2023-12-15 16:35:18,285] Trial 28 finished with value: 0.7526528239250183 and parameters: {'gradient_clip_val': 0.778372276673401, 'hidden_size': 7, 'dropout': 0.15557580639072865, 'hidden_continuous_size': 6, 'attention_head_size': 1, 'learning_rate': 0.003353205546928067}. Best is trial 5 with value: 0.07926073670387268.
LOCAL_RANK: 0 - CUDA_VISIBLE_DEVICES: [0]
[I 2023-12-15 16:36:07,066] Trial 29 finished with value: 0.5311028957366943 and parameters: {'gradient_clip_val': 0.5379797694426385, 'hidden_size': 22, 'dropout': 0.24993618962291125, 'hidden_continuous_size': 14, 'attention_head_size': 3, 'learning_rate': 0.011536524795244904}. Best is trial 5 with value: 0.07926073670387268.
LOCAL_RANK: 0 - CUDA_VISIBLE_DEVICES: [0]
[I 2023-12-15 16:36:52,306] Trial 30 finished with value: 1.9998410940170288 and parameters: {'gradient_clip_val': 0.38676249124123524, 'hidden_size': 15, 'dropout': 0.27969691142065284, 'hidden_continuous_size': 9, 'attention_head_size': 2, 'learning_rate': 0.0162117632008244}. Best is trial 5 with value: 0.07926073670387268.
LOCAL_RANK: 0 - CUDA_VISIBLE_DEVICES: [0]
[I 2023-12-15 16:37:40,093] Trial 31 finished with value: 1.3659405708312988 and parameters: {'gradient_clip_val': 0.5111439477473722, 'hidden_size': 21, 'dropout': 0.1883852584053411, 'hidden_continuous_size': 15, 'attention_head_size': 1, 'learning_rate': 0.009879926692692182}. Best is trial 5 with value: 0.07926073670387268.
LOCAL_RANK: 0 - CUDA_VISIBLE_DEVICES: [0]
[I 2023-12-15 16:38:28,380] Trial 32 finished with value: 0.06185881420969963 and parameters: {'gradient_clip_val': 0.5881457701018379, 'hidden_size': 23, 'dropout': 0.209369046252664, 'hidden_continuous_size': 15, 'attention_head_size': 1, 'learning_rate': 0.006668341354658792}. Best is trial 32 with value: 0.06185881420969963.
LOCAL_RANK: 0 - CUDA_VISIBLE_DEVICES: [0]
[I 2023-12-15 16:39:11,812] Trial 33 finished with value: 3.041613817214966 and parameters: {'gradient_clip_val': 0.6983859883846263, 'hidden_size': 12, 'dropout': 0.20803228038291294, 'hidden_continuous_size': 7, 'attention_head_size': 1, 'learning_rate': 0.006405515051702345}. Best is trial 32 with value: 0.06185881420969963.
LOCAL_RANK: 0 - CUDA_VISIBLE_DEVICES: [0]
[I 2023-12-15 16:39:57,137] Trial 34 finished with value: 0.14067231118679047 and parameters: {'gradient_clip_val': 0.6559023048150677, 'hidden_size': 15, 'dropout': 0.2328753238480165, 'hidden_continuous_size': 10, 'attention_head_size': 1, 'learning_rate': 0.040829752037718235}. Best is trial 32 with value: 0.06185881420969963.
LOCAL_RANK: 0 - CUDA_VISIBLE_DEVICES: [0]
[I 2023-12-15 16:40:45,818] Trial 35 finished with value: 1.2637923955917358 and parameters: {'gradient_clip_val': 0.6032342151561989, 'hidden_size': 25, 'dropout': 0.21878671980420153, 'hidden_continuous_size': 12, 'attention_head_size': 2, 'learning_rate': 0.008164346279989609}. Best is trial 32 with value: 0.06185881420969963.
LOCAL_RANK: 0 - CUDA_VISIBLE_DEVICES: [0]
[I 2023-12-15 16:41:30,738] Trial 36 finished with value: 0.2169751673936844 and parameters: {'gradient_clip_val': 0.46772841312462643, 'hidden_size': 11, 'dropout': 0.2684454943508324, 'hidden_continuous_size': 8, 'attention_head_size': 2, 'learning_rate': 0.015156479199486357}. Best is trial 32 with value: 0.06185881420969963.
LOCAL_RANK: 0 - CUDA_VISIBLE_DEVICES: [0]
[I 2023-12-15 16:42:20,603] Trial 37 finished with value: 0.5334963202476501 and parameters: {'gradient_clip_val': 0.37227198756495505, 'hidden_size': 33, 'dropout': 0.23660294578956576, 'hidden_continuous_size': 17, 'attention_head_size': 1, 'learning_rate': 0.0031480773292050556}. Best is trial 32 with value: 0.06185881420969963.
LOCAL_RANK: 0 - CUDA_VISIBLE_DEVICES: [0]
[I 2023-12-15 16:43:12,968] Trial 38 finished with value: 0.09467586129903793 and parameters: {'gradient_clip_val': 0.28565125297464034, 'hidden_size': 44, 'dropout': 0.20640143734673927, 'hidden_continuous_size': 19, 'attention_head_size': 4, 'learning_rate': 0.010986280308113737}. Best is trial 32 with value: 0.06185881420969963.
LOCAL_RANK: 0 - CUDA_VISIBLE_DEVICES: [0]
[I 2023-12-15 16:44:04,321] Trial 39 finished with value: 0.1854800432920456 and parameters: {'gradient_clip_val': 0.28524730881724125, 'hidden_size': 40, 'dropout': 0.2080430598766443, 'hidden_continuous_size': 20, 'attention_head_size': 4, 'learning_rate': 0.011572905402177239}. Best is trial 32 with value: 0.06185881420969963.
LOCAL_RANK: 0 - CUDA_VISIBLE_DEVICES: [0]
[I 2023-12-15 16:44:58,015] Trial 40 finished with value: 1.6821060180664062 and parameters: {'gradient_clip_val': 0.24954427481126457, 'hidden_size': 42, 'dropout': 0.19910042953938364, 'hidden_continuous_size': 37, 'attention_head_size': 4, 'learning_rate': 0.005696731102389779}. Best is trial 32 with value: 0.06185881420969963.
LOCAL_RANK: 0 - CUDA_VISIBLE_DEVICES: [0]
[I 2023-12-15 16:45:49,522] Trial 41 finished with value: 0.6748652458190918 and parameters: {'gradient_clip_val': 0.4091561807619924, 'hidden_size': 48, 'dropout': 0.16985939852102114, 'hidden_continuous_size': 17, 'attention_head_size': 3, 'learning_rate': 0.007746622860706002}. Best is trial 32 with value: 0.06185881420969963.
LOCAL_RANK: 0 - CUDA_VISIBLE_DEVICES: [0]
[I 2023-12-15 16:46:38,546] Trial 42 finished with value: 1.1082899570465088 and parameters: {'gradient_clip_val': 0.34499406669445926, 'hidden_size': 25, 'dropout': 0.22393560000859897, 'hidden_continuous_size': 11, 'attention_head_size': 4, 'learning_rate': 0.010249906953984055}. Best is trial 32 with value: 0.06185881420969963.
LOCAL_RANK: 0 - CUDA_VISIBLE_DEVICES: [0]
[I 2023-12-15 16:47:27,683] Trial 43 finished with value: 3.2840631008148193 and parameters: {'gradient_clip_val': 0.5826747306635438, 'hidden_size': 29, 'dropout': 0.25358479652113486, 'hidden_continuous_size': 13, 'attention_head_size': 3, 'learning_rate': 0.019816378391581718}. Best is trial 32 with value: 0.06185881420969963.
LOCAL_RANK: 0 - CUDA_VISIBLE_DEVICES: [0]
[I 2023-12-15 16:48:20,587] Trial 44 finished with value: 0.43039020895957947 and parameters: {'gradient_clip_val': 0.4657182641550502, 'hidden_size': 75, 'dropout': 0.20255154274721865, 'hidden_continuous_size': 23, 'attention_head_size': 1, 'learning_rate': 0.012256654557188733}. Best is trial 32 with value: 0.06185881420969963.
LOCAL_RANK: 0 - CUDA_VISIBLE_DEVICES: [0]
[I 2023-12-15 16:49:09,621] Trial 45 finished with value: 1.709536075592041 and parameters: {'gradient_clip_val': 0.8622553325365163, 'hidden_size': 33, 'dropout': 0.17586698390305083, 'hidden_continuous_size': 12, 'attention_head_size': 2, 'learning_rate': 0.004198143696901497}. Best is trial 32 with value: 0.06185881420969963.
LOCAL_RANK: 0 - CUDA_VISIBLE_DEVICES: [0]
[I 2023-12-15 16:49:55,822] Trial 46 finished with value: 1.630528450012207 and parameters: {'gradient_clip_val': 0.6826005573707365, 'hidden_size': 17, 'dropout': 0.3053134750545659, 'hidden_continuous_size': 10, 'attention_head_size': 1, 'learning_rate': 0.007077101567337303}. Best is trial 32 with value: 0.06185881420969963.
LOCAL_RANK: 0 - CUDA_VISIBLE_DEVICES: [0]
[I 2023-12-15 16:50:44,711] Trial 47 finished with value: 1.2644619941711426 and parameters: {'gradient_clip_val': 0.3094944243337948, 'hidden_size': 25, 'dropout': 0.11646670143959538, 'hidden_continuous_size': 16, 'attention_head_size': 4, 'learning_rate': 0.005528894063627855}. Best is trial 32 with value: 0.06185881420969963.
LOCAL_RANK: 0 - CUDA_VISIBLE_DEVICES: [0]
[I 2023-12-15 16:51:38,622] Trial 48 finished with value: 1.7235294580459595 and parameters: {'gradient_clip_val': 0.5808988237656713, 'hidden_size': 95, 'dropout': 0.13425808371549935, 'hidden_continuous_size': 19, 'attention_head_size': 1, 'learning_rate': 0.002344779059388769}. Best is trial 32 with value: 0.06185881420969963.
LOCAL_RANK: 0 - CUDA_VISIBLE_DEVICES: [0]
[I 2023-12-15 16:52:31,255] Trial 49 finished with value: 2.1959617137908936 and parameters: {'gradient_clip_val': 0.41323757798852057, 'hidden_size': 53, 'dropout': 0.24216342670256708, 'hidden_continuous_size': 18, 'attention_head_size': 3, 'learning_rate': 0.009851584238214035}. Best is trial 32 with value: 0.06185881420969963.
[I 2023-12-15 16:52:31,349] A new study created in memory with name: no-name-6312c4b2-e879-4f84-bb30-b86d5c13da97
/home/le004/conda/anaconda3/envs/tsff_env/lib/python3.9/site-packages/lightning/fabric/plugins/environments/slurm.py:191: The `srun` command is available on your system but is not used. HINT: If your intention is to run Lightning on SLURM, prepend your python command with `srun` like so: srun python /home/le004/master_thesis/git/TSFusionForecast/code/ ...
LOCAL_RANK: 0 - CUDA_VISIBLE_DEVICES: [0]
[I 2023-12-15 16:53:05,260] Trial 0 finished with value: 14.123150825500488 and parameters: {'gradient_clip_val': 0.8990929135938501, 'hidden_size': 6, 'dropout': 0.1232344285748726, 'hidden_continuous_size': 6, 'attention_head_size': 3, 'learning_rate': 0.07760749520540355}. Best is trial 0 with value: 14.123150825500488.
LOCAL_RANK: 0 - CUDA_VISIBLE_DEVICES: [0]
[I 2023-12-15 16:53:38,610] Trial 1 finished with value: 9.683845520019531 and parameters: {'gradient_clip_val': 0.26788281292058724, 'hidden_size': 6, 'dropout': 0.1131755882061704, 'hidden_continuous_size': 6, 'attention_head_size': 2, 'learning_rate': 0.06572170377156672}. Best is trial 1 with value: 9.683845520019531.
LOCAL_RANK: 0 - CUDA_VISIBLE_DEVICES: [0]
[I 2023-12-15 16:54:28,287] Trial 2 finished with value: 7.859896183013916 and parameters: {'gradient_clip_val': 0.740457719333165, 'hidden_size': 37, 'dropout': 0.15393541614018008, 'hidden_continuous_size': 11, 'attention_head_size': 2, 'learning_rate': 0.05201606812608217}. Best is trial 2 with value: 7.859896183013916.
LOCAL_RANK: 0 - CUDA_VISIBLE_DEVICES: [0]
[I 2023-12-15 16:55:01,245] Trial 3 finished with value: 14.216236114501953 and parameters: {'gradient_clip_val': 0.44850766048915214, 'hidden_size': 7, 'dropout': 0.19930539206758857, 'hidden_continuous_size': 7, 'attention_head_size': 1, 'learning_rate': 0.0013599588005970718}. Best is trial 2 with value: 7.859896183013916.
LOCAL_RANK: 0 - CUDA_VISIBLE_DEVICES: [0]
