[I 2023-12-15 17:39:46,323] Trial 19 finished with value: 3216.892578125 and parameters: {'gradient_clip_val': 0.3897331240814808, 'hidden_size': 22, 'dropout': 0.22278198435421787, 'hidden_continuous_size': 12, 'attention_head_size': 2, 'learning_rate': 0.003361631605807645}. Best is trial 9 with value: 1473.8955078125.
LOCAL_RANK: 0 - CUDA_VISIBLE_DEVICES: [0]
[I 2023-12-15 17:40:31,462] Trial 20 finished with value: 3856.674560546875 and parameters: {'gradient_clip_val': 0.999649219908026, 'hidden_size': 13, 'dropout': 0.292504541949256, 'hidden_continuous_size': 7, 'attention_head_size': 1, 'learning_rate': 0.010445789007444334}. Best is trial 9 with value: 1473.8955078125.
LOCAL_RANK: 0 - CUDA_VISIBLE_DEVICES: [0]
[I 2023-12-15 17:41:16,138] Trial 21 finished with value: 5636.08984375 and parameters: {'gradient_clip_val': 0.5144827708761962, 'hidden_size': 7, 'dropout': 0.16970176399958167, 'hidden_continuous_size': 5, 'attention_head_size': 1, 'learning_rate': 0.0045537892262952915}. Best is trial 9 with value: 1473.8955078125.
LOCAL_RANK: 0 - CUDA_VISIBLE_DEVICES: [0]
[I 2023-12-15 17:41:50,074] Trial 22 finished with value: 6653.36572265625 and parameters: {'gradient_clip_val': 0.4794014384175187, 'hidden_size': 5, 'dropout': 0.1273257152523408, 'hidden_continuous_size': 5, 'attention_head_size': 1, 'learning_rate': 0.003597654235198013}. Best is trial 9 with value: 1473.8955078125.
LOCAL_RANK: 0 - CUDA_VISIBLE_DEVICES: [0]
[I 2023-12-15 17:42:34,759] Trial 23 finished with value: 6189.03759765625 and parameters: {'gradient_clip_val': 0.6531319319075289, 'hidden_size': 7, 'dropout': 0.18462868961602613, 'hidden_continuous_size': 5, 'attention_head_size': 1, 'learning_rate': 0.009355881653261023}. Best is trial 9 with value: 1473.8955078125.
LOCAL_RANK: 0 - CUDA_VISIBLE_DEVICES: [0]
[I 2023-12-15 17:43:20,051] Trial 24 finished with value: 4584.994140625 and parameters: {'gradient_clip_val': 0.7616972485904729, 'hidden_size': 13, 'dropout': 0.2355601862218391, 'hidden_continuous_size': 6, 'attention_head_size': 2, 'learning_rate': 0.002067687075598536}. Best is trial 9 with value: 1473.8955078125.
LOCAL_RANK: 0 - CUDA_VISIBLE_DEVICES: [0]
[I 2023-12-15 17:44:03,388] Trial 25 finished with value: 3005.753173828125 and parameters: {'gradient_clip_val': 0.5826160265249463, 'hidden_size': 8, 'dropout': 0.2082526128141151, 'hidden_continuous_size': 5, 'attention_head_size': 1, 'learning_rate': 0.05178184931691471}. Best is trial 9 with value: 1473.8955078125.
LOCAL_RANK: 0 - CUDA_VISIBLE_DEVICES: [0]
[I 2023-12-15 17:44:49,136] Trial 26 finished with value: 3791.371826171875 and parameters: {'gradient_clip_val': 0.46991294911187287, 'hidden_size': 11, 'dropout': 0.14776871020840576, 'hidden_continuous_size': 7, 'attention_head_size': 2, 'learning_rate': 0.021019636489738012}. Best is trial 9 with value: 1473.8955078125.
LOCAL_RANK: 0 - CUDA_VISIBLE_DEVICES: [0]
[I 2023-12-15 17:45:32,583] Trial 27 finished with value: 5767.19091796875 and parameters: {'gradient_clip_val': 0.8104017942059053, 'hidden_size': 8, 'dropout': 0.10055007024583565, 'hidden_continuous_size': 6, 'attention_head_size': 1, 'learning_rate': 0.013794209587414471}. Best is trial 9 with value: 1473.8955078125.
LOCAL_RANK: 0 - CUDA_VISIBLE_DEVICES: [0]
[I 2023-12-15 17:46:17,948] Trial 28 finished with value: 5581.30078125 and parameters: {'gradient_clip_val': 0.6970748741208699, 'hidden_size': 6, 'dropout': 0.253854663305777, 'hidden_continuous_size': 5, 'attention_head_size': 3, 'learning_rate': 0.027135081525102647}. Best is trial 9 with value: 1473.8955078125.
LOCAL_RANK: 0 - CUDA_VISIBLE_DEVICES: [0]
[I 2023-12-15 17:47:02,185] Trial 29 finished with value: 4983.18701171875 and parameters: {'gradient_clip_val': 0.3510851551403457, 'hidden_size': 12, 'dropout': 0.15808826746091925, 'hidden_continuous_size': 8, 'attention_head_size': 1, 'learning_rate': 0.005425336558726048}. Best is trial 9 with value: 1473.8955078125.
LOCAL_RANK: 0 - CUDA_VISIBLE_DEVICES: [0]
[I 2023-12-15 17:47:50,180] Trial 30 finished with value: 2086.514404296875 and parameters: {'gradient_clip_val': 0.4597855006653585, 'hidden_size': 20, 'dropout': 0.1350350817547471, 'hidden_continuous_size': 11, 'attention_head_size': 3, 'learning_rate': 0.007494528276803631}. Best is trial 9 with value: 1473.8955078125.
LOCAL_RANK: 0 - CUDA_VISIBLE_DEVICES: [0]
[I 2023-12-15 17:48:39,715] Trial 31 finished with value: 5769.35546875 and parameters: {'gradient_clip_val': 0.4549100315677028, 'hidden_size': 21, 'dropout': 0.13594170044232773, 'hidden_continuous_size': 12, 'attention_head_size': 3, 'learning_rate': 0.008269904522739622}. Best is trial 9 with value: 1473.8955078125.
LOCAL_RANK: 0 - CUDA_VISIBLE_DEVICES: [0]
[I 2023-12-15 17:49:28,862] Trial 32 finished with value: 4150.08837890625 and parameters: {'gradient_clip_val': 0.5315955591836908, 'hidden_size': 19, 'dropout': 0.1665231968722496, 'hidden_continuous_size': 11, 'attention_head_size': 4, 'learning_rate': 0.006978714043917803}. Best is trial 9 with value: 1473.8955078125.
LOCAL_RANK: 0 - CUDA_VISIBLE_DEVICES: [0]
[I 2023-12-15 17:50:16,102] Trial 33 finished with value: 4578.92431640625 and parameters: {'gradient_clip_val': 0.4238409104701589, 'hidden_size': 15, 'dropout': 0.18558154859423553, 'hidden_continuous_size': 10, 'attention_head_size': 4, 'learning_rate': 0.005450153881814611}. Best is trial 9 with value: 1473.8955078125.
LOCAL_RANK: 0 - CUDA_VISIBLE_DEVICES: [0]
[I 2023-12-15 17:51:01,333] Trial 34 finished with value: 4095.005126953125 and parameters: {'gradient_clip_val': 0.598666604101565, 'hidden_size': 12, 'dropout': 0.1520409804870817, 'hidden_continuous_size': 9, 'attention_head_size': 3, 'learning_rate': 0.04685262251987728}. Best is trial 9 with value: 1473.8955078125.
LOCAL_RANK: 0 - CUDA_VISIBLE_DEVICES: [0]
[I 2023-12-15 17:51:50,335] Trial 35 finished with value: 1544.4544677734375 and parameters: {'gradient_clip_val': 0.32664897794843034, 'hidden_size': 23, 'dropout': 0.1210903246146809, 'hidden_continuous_size': 14, 'attention_head_size': 2, 'learning_rate': 0.003023542852854385}. Best is trial 9 with value: 1473.8955078125.
LOCAL_RANK: 0 - CUDA_VISIBLE_DEVICES: [0]
[I 2023-12-15 17:52:38,417] Trial 36 finished with value: 975.6620483398438 and parameters: {'gradient_clip_val': 0.2806884012945817, 'hidden_size': 24, 'dropout': 0.1233867689600094, 'hidden_continuous_size': 14, 'attention_head_size': 2, 'learning_rate': 0.0026614798237634026}. Best is trial 36 with value: 975.6620483398438.
LOCAL_RANK: 0 - CUDA_VISIBLE_DEVICES: [0]
[I 2023-12-15 17:53:30,185] Trial 37 finished with value: 5250.77294921875 and parameters: {'gradient_clip_val': 0.22206444966896566, 'hidden_size': 35, 'dropout': 0.11872416289520892, 'hidden_continuous_size': 18, 'attention_head_size': 2, 'learning_rate': 0.0026593561055248027}. Best is trial 36 with value: 975.6620483398438.
LOCAL_RANK: 0 - CUDA_VISIBLE_DEVICES: [0]
[I 2023-12-15 17:54:18,120] Trial 38 finished with value: 3688.993408203125 and parameters: {'gradient_clip_val': 0.30235785898039846, 'hidden_size': 24, 'dropout': 0.12328308827008592, 'hidden_continuous_size': 14, 'attention_head_size': 2, 'learning_rate': 0.0016201525137585977}. Best is trial 36 with value: 975.6620483398438.
LOCAL_RANK: 0 - CUDA_VISIBLE_DEVICES: [0]
[I 2023-12-15 17:55:05,806] Trial 39 finished with value: 865.1038208007812 and parameters: {'gradient_clip_val': 0.2374122096145896, 'hidden_size': 17, 'dropout': 0.15610445285157806, 'hidden_continuous_size': 13, 'attention_head_size': 2, 'learning_rate': 0.0013883468157082628}. Best is trial 39 with value: 865.1038208007812.
LOCAL_RANK: 0 - CUDA_VISIBLE_DEVICES: [0]
[I 2023-12-15 17:55:53,352] Trial 40 finished with value: 879.9521484375 and parameters: {'gradient_clip_val': 0.26444506390444206, 'hidden_size': 17, 'dropout': 0.1520029174170649, 'hidden_continuous_size': 13, 'attention_head_size': 2, 'learning_rate': 0.0015222043984767658}. Best is trial 39 with value: 865.1038208007812.
LOCAL_RANK: 0 - CUDA_VISIBLE_DEVICES: [0]
[I 2023-12-15 17:56:41,262] Trial 41 finished with value: 5924.00341796875 and parameters: {'gradient_clip_val': 0.25507685518312767, 'hidden_size': 17, 'dropout': 0.1511879971599941, 'hidden_continuous_size': 14, 'attention_head_size': 2, 'learning_rate': 0.0012967944860360107}. Best is trial 39 with value: 865.1038208007812.
LOCAL_RANK: 0 - CUDA_VISIBLE_DEVICES: [0]
[I 2023-12-15 17:57:30,325] Trial 42 finished with value: 1195.8819580078125 and parameters: {'gradient_clip_val': 0.20603466971931153, 'hidden_size': 25, 'dropout': 0.16994423310567086, 'hidden_continuous_size': 16, 'attention_head_size': 2, 'learning_rate': 0.0013035887900530087}. Best is trial 39 with value: 865.1038208007812.
LOCAL_RANK: 0 - CUDA_VISIBLE_DEVICES: [0]
[I 2023-12-15 17:58:19,550] Trial 43 finished with value: 2713.6875 and parameters: {'gradient_clip_val': 0.20804800345883606, 'hidden_size': 27, 'dropout': 0.1739385133263704, 'hidden_continuous_size': 16, 'attention_head_size': 2, 'learning_rate': 0.001222685133896474}. Best is trial 39 with value: 865.1038208007812.
LOCAL_RANK: 0 - CUDA_VISIBLE_DEVICES: [0]
[I 2023-12-15 17:59:05,409] Trial 44 finished with value: 5194.32666015625 and parameters: {'gradient_clip_val': 0.19763252998256942, 'hidden_size': 16, 'dropout': 0.1582509907293606, 'hidden_continuous_size': 13, 'attention_head_size': 2, 'learning_rate': 0.0010637337919713994}. Best is trial 39 with value: 865.1038208007812.
LOCAL_RANK: 0 - CUDA_VISIBLE_DEVICES: [0]
[I 2023-12-15 17:59:53,981] Trial 45 finished with value: 5597.94189453125 and parameters: {'gradient_clip_val': 0.26623649868951993, 'hidden_size': 19, 'dropout': 0.14479097073788838, 'hidden_continuous_size': 15, 'attention_head_size': 2, 'learning_rate': 0.002309593762736585}. Best is trial 39 with value: 865.1038208007812.
LOCAL_RANK: 0 - CUDA_VISIBLE_DEVICES: [0]
[I 2023-12-15 18:00:44,900] Trial 46 finished with value: 5875.8046875 and parameters: {'gradient_clip_val': 0.18428002582330286, 'hidden_size': 31, 'dropout': 0.1660090222368621, 'hidden_continuous_size': 19, 'attention_head_size': 2, 'learning_rate': 0.000751809686885364}. Best is trial 39 with value: 865.1038208007812.
LOCAL_RANK: 0 - CUDA_VISIBLE_DEVICES: [0]
[I 2023-12-15 18:01:32,966] Trial 47 finished with value: 5719.22802734375 and parameters: {'gradient_clip_val': 0.2726672809914891, 'hidden_size': 24, 'dropout': 0.19428675372659085, 'hidden_continuous_size': 17, 'attention_head_size': 2, 'learning_rate': 0.0024963542777693432}. Best is trial 39 with value: 865.1038208007812.
LOCAL_RANK: 0 - CUDA_VISIBLE_DEVICES: [0]
[I 2023-12-15 18:02:19,569] Trial 48 finished with value: 4292.80029296875 and parameters: {'gradient_clip_val': 0.23582636270077018, 'hidden_size': 15, 'dropout': 0.1426461272492611, 'hidden_continuous_size': 13, 'attention_head_size': 2, 'learning_rate': 0.0016375259826550178}. Best is trial 39 with value: 865.1038208007812.
LOCAL_RANK: 0 - CUDA_VISIBLE_DEVICES: [0]
[I 2023-12-15 18:03:09,035] Trial 49 finished with value: 5725.58740234375 and parameters: {'gradient_clip_val': 0.15693498915720755, 'hidden_size': 21, 'dropout': 0.18024860871726867, 'hidden_continuous_size': 15, 'attention_head_size': 3, 'learning_rate': 0.0009202586798127347}. Best is trial 39 with value: 865.1038208007812.
[I 2023-12-15 18:03:09,132] A new study created in memory with name: no-name-265c7efe-71c5-44f2-b3f1-53970fb07917
/home/le004/conda/anaconda3/envs/tsff_env/lib/python3.9/site-packages/lightning/fabric/plugins/environments/slurm.py:191: The `srun` command is available on your system but is not used. HINT: If your intention is to run Lightning on SLURM, prepend your python command with `srun` like so: srun python /home/le004/master_thesis/git/TSFusionForecast/code/ ...
LOCAL_RANK: 0 - CUDA_VISIBLE_DEVICES: [0]
[I 2023-12-15 18:04:02,442] Trial 0 finished with value: 82.84274291992188 and parameters: {'gradient_clip_val': 0.15401199446079444, 'hidden_size': 54, 'dropout': 0.14628127093638366, 'hidden_continuous_size': 19, 'attention_head_size': 3, 'learning_rate': 0.004476524518485732}. Best is trial 0 with value: 82.84274291992188.
LOCAL_RANK: 0 - CUDA_VISIBLE_DEVICES: [0]
[I 2023-12-15 18:04:52,346] Trial 1 finished with value: 320.1725769042969 and parameters: {'gradient_clip_val': 0.28178688372130434, 'hidden_size': 33, 'dropout': 0.23790818436560998, 'hidden_continuous_size': 6, 'attention_head_size': 4, 'learning_rate': 0.032874717118474464}. Best is trial 0 with value: 82.84274291992188.
LOCAL_RANK: 0 - CUDA_VISIBLE_DEVICES: [0]
[I 2023-12-15 18:05:44,285] Trial 2 finished with value: 95.31012725830078 and parameters: {'gradient_clip_val': 0.10254137170898653, 'hidden_size': 28, 'dropout': 0.12478704544508382, 'hidden_continuous_size': 26, 'attention_head_size': 4, 'learning_rate': 0.0032954462046252326}. Best is trial 0 with value: 82.84274291992188.
LOCAL_RANK: 0 - CUDA_VISIBLE_DEVICES: [0]
[I 2023-12-15 18:06:29,114] Trial 3 finished with value: 210.84364318847656 and parameters: {'gradient_clip_val': 0.17478520428622404, 'hidden_size': 8, 'dropout': 0.14879700589946027, 'hidden_continuous_size': 7, 'attention_head_size': 4, 'learning_rate': 0.0006818007277849177}. Best is trial 0 with value: 82.84274291992188.
LOCAL_RANK: 0 - CUDA_VISIBLE_DEVICES: [0]
[I 2023-12-15 18:07:15,664] Trial 4 finished with value: 155.26377868652344 and parameters: {'gradient_clip_val': 0.2331688784439728, 'hidden_size': 14, 'dropout': 0.3894722101223417, 'hidden_continuous_size': 9, 'attention_head_size': 3, 'learning_rate': 0.004700142372531792}. Best is trial 0 with value: 82.84274291992188.
LOCAL_RANK: 0 - CUDA_VISIBLE_DEVICES: [0]
[I 2023-12-15 18:08:04,848] Trial 5 finished with value: 93.76251983642578 and parameters: {'gradient_clip_val': 0.15055162127939606, 'hidden_size': 26, 'dropout': 0.37748770205245163, 'hidden_continuous_size': 7, 'attention_head_size': 3, 'learning_rate': 0.04046475694032377}. Best is trial 0 with value: 82.84274291992188.
LOCAL_RANK: 0 - CUDA_VISIBLE_DEVICES: [0]
[I 2023-12-15 18:08:55,718] Trial 6 finished with value: 120.10897064208984 and parameters: {'gradient_clip_val': 0.7827495287377713, 'hidden_size': 34, 'dropout': 0.33615757574069705, 'hidden_continuous_size': 12, 'attention_head_size': 4, 'learning_rate': 0.03234259989779241}. Best is trial 0 with value: 82.84274291992188.
LOCAL_RANK: 0 - CUDA_VISIBLE_DEVICES: [0]
[I 2023-12-15 18:09:46,370] Trial 7 finished with value: 96.1092529296875 and parameters: {'gradient_clip_val': 0.17243517407063583, 'hidden_size': 43, 'dropout': 0.3428086371826268, 'hidden_continuous_size': 6, 'attention_head_size': 3, 'learning_rate': 0.0057695715125915415}. Best is trial 0 with value: 82.84274291992188.
LOCAL_RANK: 0 - CUDA_VISIBLE_DEVICES: [0]
[I 2023-12-15 18:10:20,965] Trial 8 finished with value: 75.66828155517578 and parameters: {'gradient_clip_val': 0.18935583879219872, 'hidden_size': 21, 'dropout': 0.12314518867882389, 'hidden_continuous_size': 21, 'attention_head_size': 1, 'learning_rate': 0.002381086982379392}. Best is trial 8 with value: 75.66828155517578.
LOCAL_RANK: 0 - CUDA_VISIBLE_DEVICES: [0]
[I 2023-12-15 18:10:56,385] Trial 9 finished with value: 223.88482666015625 and parameters: {'gradient_clip_val': 0.7467140771063717, 'hidden_size': 5, 'dropout': 0.30559171286082043, 'hidden_continuous_size': 5, 'attention_head_size': 3, 'learning_rate': 0.014215577038677927}. Best is trial 8 with value: 75.66828155517578.
LOCAL_RANK: 0 - CUDA_VISIBLE_DEVICES: [0]
[I 2023-12-15 18:11:50,969] Trial 10 finished with value: 73.46356201171875 and parameters: {'gradient_clip_val': 0.45330205301890036, 'hidden_size': 70, 'dropout': 0.20192906960123252, 'hidden_continuous_size': 47, 'attention_head_size': 1, 'learning_rate': 0.0012962474036555009}. Best is trial 10 with value: 73.46356201171875.
LOCAL_RANK: 0 - CUDA_VISIBLE_DEVICES: [0]
[I 2023-12-15 18:12:45,730] Trial 11 finished with value: 115.0561294555664 and parameters: {'gradient_clip_val': 0.4683062646774196, 'hidden_size': 71, 'dropout': 0.19639977733685035, 'hidden_continuous_size': 56, 'attention_head_size': 1, 'learning_rate': 0.001140734218362978}. Best is trial 10 with value: 73.46356201171875.
LOCAL_RANK: 0 - CUDA_VISIBLE_DEVICES: [0]
[I 2023-12-15 18:13:40,225] Trial 12 finished with value: 253.57421875 and parameters: {'gradient_clip_val': 0.4237570345536632, 'hidden_size': 80, 'dropout': 0.19109236620785922, 'hidden_continuous_size': 53, 'attention_head_size': 1, 'learning_rate': 0.0015830721386142078}. Best is trial 10 with value: 73.46356201171875.
LOCAL_RANK: 0 - CUDA_VISIBLE_DEVICES: [0]
[I 2023-12-15 18:14:27,168] Trial 13 finished with value: 162.3944549560547 and parameters: {'gradient_clip_val': 0.3495182202830331, 'hidden_size': 17, 'dropout': 0.10939196177800559, 'hidden_continuous_size': 11, 'attention_head_size': 1, 'learning_rate': 0.0005378274604623962}. Best is trial 10 with value: 73.46356201171875.
LOCAL_RANK: 0 - CUDA_VISIBLE_DEVICES: [0]
[I 2023-12-15 18:15:04,403] Trial 14 finished with value: 142.83370971679688 and parameters: {'gradient_clip_val': 0.5204912334890316, 'hidden_size': 96, 'dropout': 0.1017586787870801, 'hidden_continuous_size': 96, 'attention_head_size': 2, 'learning_rate': 0.0020074177954917355}. Best is trial 10 with value: 73.46356201171875.
LOCAL_RANK: 0 - CUDA_VISIBLE_DEVICES: [0]
[I 2023-12-15 18:15:57,524] Trial 15 finished with value: 174.1541290283203 and parameters: {'gradient_clip_val': 0.27073093561422534, 'hidden_size': 49, 'dropout': 0.19192398086411305, 'hidden_continuous_size': 18, 'attention_head_size': 2, 'learning_rate': 0.002369024391367369}. Best is trial 10 with value: 73.46356201171875.
LOCAL_RANK: 0 - CUDA_VISIBLE_DEVICES: [0]
[I 2023-12-15 18:16:44,759] Trial 16 finished with value: 103.5064926147461 and parameters: {'gradient_clip_val': 0.6021200337007601, 'hidden_size': 20, 'dropout': 0.24975619554418818, 'hidden_continuous_size': 9, 'attention_head_size': 2, 'learning_rate': 0.001256500212323706}. Best is trial 10 with value: 73.46356201171875.
LOCAL_RANK: 0 - CUDA_VISIBLE_DEVICES: [0]
[I 2023-12-15 18:17:29,451] Trial 17 finished with value: 283.5882873535156 and parameters: {'gradient_clip_val': 0.9544610714380001, 'hidden_size': 13, 'dropout': 0.16457388011207777, 'hidden_continuous_size': 5, 'attention_head_size': 1, 'learning_rate': 0.008222917649650807}. Best is trial 10 with value: 73.46356201171875.
LOCAL_RANK: 0 - CUDA_VISIBLE_DEVICES: [0]
[I 2023-12-15 18:18:23,028] Trial 18 finished with value: 176.29551696777344 and parameters: {'gradient_clip_val': 0.3637442479549434, 'hidden_size': 61, 'dropout': 0.2269084969063307, 'hidden_continuous_size': 26, 'attention_head_size': 2, 'learning_rate': 0.0008727106513008888}. Best is trial 10 with value: 73.46356201171875.
LOCAL_RANK: 0 - CUDA_VISIBLE_DEVICES: [0]
[I 2023-12-15 18:19:13,575] Trial 19 finished with value: 112.47684478759766 and parameters: {'gradient_clip_val': 0.22412604337602218, 'hidden_size': 40, 'dropout': 0.2826042717022605, 'hidden_continuous_size': 15, 'attention_head_size': 1, 'learning_rate': 0.002074098136474822}. Best is trial 10 with value: 73.46356201171875.
LOCAL_RANK: 0 - CUDA_VISIBLE_DEVICES: [0]
[I 2023-12-15 18:20:01,031] Trial 20 finished with value: 161.7040557861328 and parameters: {'gradient_clip_val': 0.366055492373553, 'hidden_size': 24, 'dropout': 0.13199195580440984, 'hidden_continuous_size': 13, 'attention_head_size': 1, 'learning_rate': 0.09560607197690259}. Best is trial 10 with value: 73.46356201171875.
LOCAL_RANK: 0 - CUDA_VISIBLE_DEVICES: [0]
[I 2023-12-15 18:20:53,860] Trial 21 finished with value: 61.82708740234375 and parameters: {'gradient_clip_val': 0.12960172930016428, 'hidden_size': 54, 'dropout': 0.15827521908464054, 'hidden_continuous_size': 23, 'attention_head_size': 2, 'learning_rate': 0.003523421538687946}. Best is trial 21 with value: 61.82708740234375.
LOCAL_RANK: 0 - CUDA_VISIBLE_DEVICES: [0]
[I 2023-12-15 18:21:49,294] Trial 22 finished with value: 218.55116271972656 and parameters: {'gradient_clip_val': 0.11712352116355743, 'hidden_size': 97, 'dropout': 0.16655318694767718, 'hidden_continuous_size': 27, 'attention_head_size': 2, 'learning_rate': 0.0028621787703724264}. Best is trial 21 with value: 61.82708740234375.
LOCAL_RANK: 0 - CUDA_VISIBLE_DEVICES: [0]
[I 2023-12-15 18:22:42,180] Trial 23 finished with value: 223.832763671875 and parameters: {'gradient_clip_val': 0.11754898596899349, 'hidden_size': 61, 'dropout': 0.21337492414011794, 'hidden_continuous_size': 21, 'attention_head_size': 1, 'learning_rate': 0.0014195053527324693}. Best is trial 21 with value: 61.82708740234375.
LOCAL_RANK: 0 - CUDA_VISIBLE_DEVICES: [0]
[I 2023-12-15 18:23:34,891] Trial 24 finished with value: 54.61478805541992 and parameters: {'gradient_clip_val': 0.21270335941541152, 'hidden_size': 43, 'dropout': 0.170183130099947, 'hidden_continuous_size': 16, 'attention_head_size': 2, 'learning_rate': 0.0010312464311932814}. Best is trial 24 with value: 54.61478805541992.
LOCAL_RANK: 0 - CUDA_VISIBLE_DEVICES: [0]
[I 2023-12-15 18:24:27,633] Trial 25 finished with value: 176.1258087158203 and parameters: {'gradient_clip_val': 0.29085187727103917, 'hidden_size': 45, 'dropout': 0.17459521765885389, 'hidden_continuous_size': 15, 'attention_head_size': 2, 'learning_rate': 0.0005090253278826842}. Best is trial 24 with value: 54.61478805541992.
LOCAL_RANK: 0 - CUDA_VISIBLE_DEVICES: [0]
[I 2023-12-15 18:25:22,395] Trial 26 finished with value: 65.07488250732422 and parameters: {'gradient_clip_val': 0.2229240510701599, 'hidden_size': 71, 'dropout': 0.2085066948598348, 'hidden_continuous_size': 33, 'attention_head_size': 2, 'learning_rate': 0.0007952119984419388}. Best is trial 24 with value: 54.61478805541992.
LOCAL_RANK: 0 - CUDA_VISIBLE_DEVICES: [0]
