[I 2023-12-16 10:56:39,040] Trial 16 finished with value: 0.02745840512216091 and parameters: {'gradient_clip_val': 0.47079502121650557, 'hidden_size': 17, 'dropout': 0.1494470239955495, 'hidden_continuous_size': 10, 'attention_head_size': 3, 'learning_rate': 0.014002696020038867}. Best is trial 5 with value: 0.02415609173476696.
LOCAL_RANK: 0 - CUDA_VISIBLE_DEVICES: [0]
[I 2023-12-16 10:57:28,740] Trial 17 finished with value: 0.022471874952316284 and parameters: {'gradient_clip_val': 0.950638980390527, 'hidden_size': 27, 'dropout': 0.2311424806343064, 'hidden_continuous_size': 11, 'attention_head_size': 3, 'learning_rate': 0.013519182674491348}. Best is trial 17 with value: 0.022471874952316284.
LOCAL_RANK: 0 - CUDA_VISIBLE_DEVICES: [0]
[I 2023-12-16 10:58:17,678] Trial 18 finished with value: 0.02784917689859867 and parameters: {'gradient_clip_val': 0.9516028170205717, 'hidden_size': 28, 'dropout': 0.22757073322186844, 'hidden_continuous_size': 14, 'attention_head_size': 3, 'learning_rate': 0.018684423004086775}. Best is trial 17 with value: 0.022471874952316284.
LOCAL_RANK: 0 - CUDA_VISIBLE_DEVICES: [0]
[I 2023-12-16 10:59:10,380] Trial 19 finished with value: 0.02821280062198639 and parameters: {'gradient_clip_val': 0.7249857076873318, 'hidden_size': 48, 'dropout': 0.25189927545183105, 'hidden_continuous_size': 18, 'attention_head_size': 3, 'learning_rate': 0.009606676631891119}. Best is trial 17 with value: 0.022471874952316284.
LOCAL_RANK: 0 - CUDA_VISIBLE_DEVICES: [0]
[I 2023-12-16 10:59:59,179] Trial 20 finished with value: 0.026376798748970032 and parameters: {'gradient_clip_val': 0.991661643851792, 'hidden_size': 25, 'dropout': 0.10287504256548863, 'hidden_continuous_size': 11, 'attention_head_size': 1, 'learning_rate': 0.0047019152990162225}. Best is trial 17 with value: 0.022471874952316284.
LOCAL_RANK: 0 - CUDA_VISIBLE_DEVICES: [0]
[I 2023-12-16 11:00:48,165] Trial 21 finished with value: 0.029471248388290405 and parameters: {'gradient_clip_val': 0.9581396272512489, 'hidden_size': 23, 'dropout': 0.10479403107132683, 'hidden_continuous_size': 11, 'attention_head_size': 1, 'learning_rate': 0.0048549254659765026}. Best is trial 17 with value: 0.022471874952316284.
LOCAL_RANK: 0 - CUDA_VISIBLE_DEVICES: [0]
[I 2023-12-16 11:01:39,599] Trial 22 finished with value: 0.04345305636525154 and parameters: {'gradient_clip_val': 0.7035414029720842, 'hidden_size': 39, 'dropout': 0.10092620732556444, 'hidden_continuous_size': 12, 'attention_head_size': 1, 'learning_rate': 0.005074733900150324}. Best is trial 17 with value: 0.022471874952316284.
LOCAL_RANK: 0 - CUDA_VISIBLE_DEVICES: [0]
[I 2023-12-16 11:02:27,306] Trial 23 finished with value: 0.02421211637556553 and parameters: {'gradient_clip_val': 0.9731801979567173, 'hidden_size': 24, 'dropout': 0.13470015583478503, 'hidden_continuous_size': 9, 'attention_head_size': 2, 'learning_rate': 0.010246259364371397}. Best is trial 17 with value: 0.022471874952316284.
LOCAL_RANK: 0 - CUDA_VISIBLE_DEVICES: [0]
[I 2023-12-16 11:03:15,423] Trial 24 finished with value: 0.029222557321190834 and parameters: {'gradient_clip_val': 0.7903509429037984, 'hidden_size': 19, 'dropout': 0.1513845600952597, 'hidden_continuous_size': 9, 'attention_head_size': 2, 'learning_rate': 0.010673547803662342}. Best is trial 17 with value: 0.022471874952316284.
LOCAL_RANK: 0 - CUDA_VISIBLE_DEVICES: [0]
[I 2023-12-16 11:04:05,432] Trial 25 finished with value: 0.03052159585058689 and parameters: {'gradient_clip_val': 0.6515732578888261, 'hidden_size': 37, 'dropout': 0.13414385864112782, 'hidden_continuous_size': 7, 'attention_head_size': 3, 'learning_rate': 0.018951347121328278}. Best is trial 17 with value: 0.022471874952316284.
LOCAL_RANK: 0 - CUDA_VISIBLE_DEVICES: [0]
[I 2023-12-16 11:04:54,812] Trial 26 finished with value: 0.04412928596138954 and parameters: {'gradient_clip_val': 0.5944597931579177, 'hidden_size': 25, 'dropout': 0.17256821899051433, 'hidden_continuous_size': 9, 'attention_head_size': 2, 'learning_rate': 0.027554965473233498}. Best is trial 17 with value: 0.022471874952316284.
LOCAL_RANK: 0 - CUDA_VISIBLE_DEVICES: [0]
[I 2023-12-16 11:05:43,372] Trial 27 finished with value: 0.04030992463231087 and parameters: {'gradient_clip_val': 0.7700586195540631, 'hidden_size': 19, 'dropout': 0.16266271566503387, 'hidden_continuous_size': 10, 'attention_head_size': 3, 'learning_rate': 0.015781336695925033}. Best is trial 17 with value: 0.022471874952316284.
LOCAL_RANK: 0 - CUDA_VISIBLE_DEVICES: [0]
[I 2023-12-16 11:06:29,426] Trial 28 finished with value: 0.0480303131043911 and parameters: {'gradient_clip_val': 0.8403566281760227, 'hidden_size': 13, 'dropout': 0.1332399326519333, 'hidden_continuous_size': 7, 'attention_head_size': 2, 'learning_rate': 0.008346988519714707}. Best is trial 17 with value: 0.022471874952316284.
LOCAL_RANK: 0 - CUDA_VISIBLE_DEVICES: [0]
[I 2023-12-16 11:07:14,908] Trial 29 finished with value: 0.03816090151667595 and parameters: {'gradient_clip_val': 0.8181775662561205, 'hidden_size': 14, 'dropout': 0.21314449094183505, 'hidden_continuous_size': 7, 'attention_head_size': 1, 'learning_rate': 0.01399902112914095}. Best is trial 17 with value: 0.022471874952316284.
LOCAL_RANK: 0 - CUDA_VISIBLE_DEVICES: [0]
[I 2023-12-16 11:07:59,628] Trial 30 finished with value: 0.030904823914170265 and parameters: {'gradient_clip_val': 0.9919353050266411, 'hidden_size': 16, 'dropout': 0.26280555516668347, 'hidden_continuous_size': 6, 'attention_head_size': 2, 'learning_rate': 0.011777622956018599}. Best is trial 17 with value: 0.022471874952316284.
LOCAL_RANK: 0 - CUDA_VISIBLE_DEVICES: [0]
[I 2023-12-16 11:08:48,493] Trial 31 finished with value: 0.08432982116937637 and parameters: {'gradient_clip_val': 0.9946130258634737, 'hidden_size': 23, 'dropout': 0.13205593875297367, 'hidden_continuous_size': 12, 'attention_head_size': 1, 'learning_rate': 0.0033251051300920167}. Best is trial 17 with value: 0.022471874952316284.
LOCAL_RANK: 0 - CUDA_VISIBLE_DEVICES: [0]
[I 2023-12-16 11:09:37,192] Trial 32 finished with value: 0.03576437011361122 and parameters: {'gradient_clip_val': 0.7088123587643388, 'hidden_size': 25, 'dropout': 0.10202471546829406, 'hidden_continuous_size': 10, 'attention_head_size': 1, 'learning_rate': 0.006771731887779394}. Best is trial 17 with value: 0.022471874952316284.
LOCAL_RANK: 0 - CUDA_VISIBLE_DEVICES: [0]
[I 2023-12-16 11:10:27,884] Trial 33 finished with value: 0.03041396103799343 and parameters: {'gradient_clip_val': 0.8445152185600119, 'hidden_size': 35, 'dropout': 0.11978028242212643, 'hidden_continuous_size': 14, 'attention_head_size': 1, 'learning_rate': 0.01081982623142377}. Best is trial 17 with value: 0.022471874952316284.
LOCAL_RANK: 0 - CUDA_VISIBLE_DEVICES: [0]
[I 2023-12-16 11:11:16,986] Trial 34 finished with value: 0.02954593487083912 and parameters: {'gradient_clip_val': 0.5546323013734222, 'hidden_size': 27, 'dropout': 0.13727506401024728, 'hidden_continuous_size': 9, 'attention_head_size': 1, 'learning_rate': 0.06644624020685762}. Best is trial 17 with value: 0.022471874952316284.
LOCAL_RANK: 0 - CUDA_VISIBLE_DEVICES: [0]
[I 2023-12-16 11:12:06,633] Trial 35 finished with value: 0.03449876233935356 and parameters: {'gradient_clip_val': 0.6715288472533621, 'hidden_size': 21, 'dropout': 0.16502930080552952, 'hidden_continuous_size': 11, 'attention_head_size': 4, 'learning_rate': 0.006977889785664831}. Best is trial 17 with value: 0.022471874952316284.
LOCAL_RANK: 0 - CUDA_VISIBLE_DEVICES: [0]
[I 2023-12-16 11:13:00,064] Trial 36 finished with value: 0.04018300399184227 and parameters: {'gradient_clip_val': 0.8975214858673273, 'hidden_size': 45, 'dropout': 0.11552211862129676, 'hidden_continuous_size': 18, 'attention_head_size': 3, 'learning_rate': 0.017304543734221366}. Best is trial 17 with value: 0.022471874952316284.
LOCAL_RANK: 0 - CUDA_VISIBLE_DEVICES: [0]
[I 2023-12-16 11:13:48,258] Trial 37 finished with value: 0.026961738243699074 and parameters: {'gradient_clip_val': 0.7633122634067071, 'hidden_size': 32, 'dropout': 0.14258615556688106, 'hidden_continuous_size': 13, 'attention_head_size': 1, 'learning_rate': 0.026646946494244886}. Best is trial 17 with value: 0.022471874952316284.
LOCAL_RANK: 0 - CUDA_VISIBLE_DEVICES: [0]
[I 2023-12-16 11:14:43,427] Trial 38 finished with value: 0.02444787323474884 and parameters: {'gradient_clip_val': 0.8993990202409511, 'hidden_size': 78, 'dropout': 0.12143973915757374, 'hidden_continuous_size': 16, 'attention_head_size': 4, 'learning_rate': 0.003101531660681999}. Best is trial 17 with value: 0.022471874952316284.
LOCAL_RANK: 0 - CUDA_VISIBLE_DEVICES: [0]
[I 2023-12-16 11:15:37,865] Trial 39 finished with value: 0.027088096365332603 and parameters: {'gradient_clip_val': 0.8673758660382389, 'hidden_size': 84, 'dropout': 0.29405425076839226, 'hidden_continuous_size': 23, 'attention_head_size': 4, 'learning_rate': 0.0027846814425919863}. Best is trial 17 with value: 0.022471874952316284.
LOCAL_RANK: 0 - CUDA_VISIBLE_DEVICES: [0]
[I 2023-12-16 11:16:35,302] Trial 40 finished with value: 0.03085537999868393 and parameters: {'gradient_clip_val': 0.5774930459810064, 'hidden_size': 97, 'dropout': 0.12049365620389041, 'hidden_continuous_size': 51, 'attention_head_size': 4, 'learning_rate': 0.001776874210611397}. Best is trial 17 with value: 0.022471874952316284.
LOCAL_RANK: 0 - CUDA_VISIBLE_DEVICES: [0]
[I 2023-12-16 11:17:29,866] Trial 41 finished with value: 0.05480539798736572 and parameters: {'gradient_clip_val': 0.8992670334523205, 'hidden_size': 65, 'dropout': 0.11543419511971553, 'hidden_continuous_size': 16, 'attention_head_size': 4, 'learning_rate': 0.006715879876344906}. Best is trial 17 with value: 0.022471874952316284.
LOCAL_RANK: 0 - CUDA_VISIBLE_DEVICES: [0]
[I 2023-12-16 11:18:24,161] Trial 42 finished with value: 0.03134678676724434 and parameters: {'gradient_clip_val': 0.9844526151325892, 'hidden_size': 70, 'dropout': 0.14953789829229502, 'hidden_continuous_size': 17, 'attention_head_size': 4, 'learning_rate': 0.004704622247465318}. Best is trial 17 with value: 0.022471874952316284.
LOCAL_RANK: 0 - CUDA_VISIBLE_DEVICES: [0]
[I 2023-12-16 11:19:17,975] Trial 43 finished with value: 0.03437464311718941 and parameters: {'gradient_clip_val': 0.7700279542514988, 'hidden_size': 58, 'dropout': 0.1277057788545678, 'hidden_continuous_size': 20, 'attention_head_size': 3, 'learning_rate': 0.0055729664035064665}. Best is trial 17 with value: 0.022471874952316284.
LOCAL_RANK: 0 - CUDA_VISIBLE_DEVICES: [0]
[I 2023-12-16 11:20:10,800] Trial 44 finished with value: 0.03939281776547432 and parameters: {'gradient_clip_val': 0.8778084313533014, 'hidden_size': 80, 'dropout': 0.17219582421468344, 'hidden_continuous_size': 15, 'attention_head_size': 2, 'learning_rate': 0.009384016620414867}. Best is trial 17 with value: 0.022471874952316284.
LOCAL_RANK: 0 - CUDA_VISIBLE_DEVICES: [0]
[I 2023-12-16 11:21:00,441] Trial 45 finished with value: 0.03751904144883156 and parameters: {'gradient_clip_val': 0.7048789731061403, 'hidden_size': 31, 'dropout': 0.10052497972690289, 'hidden_continuous_size': 12, 'attention_head_size': 2, 'learning_rate': 0.0034599439854276154}. Best is trial 17 with value: 0.022471874952316284.
LOCAL_RANK: 0 - CUDA_VISIBLE_DEVICES: [0]
[I 2023-12-16 11:21:51,880] Trial 46 finished with value: 0.0383186861872673 and parameters: {'gradient_clip_val': 0.8005360646353255, 'hidden_size': 43, 'dropout': 0.12493299815081982, 'hidden_continuous_size': 8, 'attention_head_size': 1, 'learning_rate': 0.007781646659900363}. Best is trial 17 with value: 0.022471874952316284.
LOCAL_RANK: 0 - CUDA_VISIBLE_DEVICES: [0]
[I 2023-12-16 11:22:48,115] Trial 47 finished with value: 0.05005049705505371 and parameters: {'gradient_clip_val': 0.9966637141277962, 'hidden_size': 99, 'dropout': 0.13723668779115955, 'hidden_continuous_size': 25, 'attention_head_size': 4, 'learning_rate': 0.012295171545236409}. Best is trial 17 with value: 0.022471874952316284.
LOCAL_RANK: 0 - CUDA_VISIBLE_DEVICES: [0]
[I 2023-12-16 11:23:41,436] Trial 48 finished with value: 0.02580847777426243 and parameters: {'gradient_clip_val': 0.6384842326814518, 'hidden_size': 53, 'dropout': 0.1534237312720137, 'hidden_continuous_size': 13, 'attention_head_size': 3, 'learning_rate': 0.022444921151313475}. Best is trial 17 with value: 0.022471874952316284.
LOCAL_RANK: 0 - CUDA_VISIBLE_DEVICES: [0]
[I 2023-12-16 11:24:35,647] Trial 49 finished with value: 0.05576487258076668 and parameters: {'gradient_clip_val': 0.5342300509135988, 'hidden_size': 73, 'dropout': 0.1766446316806063, 'hidden_continuous_size': 14, 'attention_head_size': 3, 'learning_rate': 0.03274107721826057}. Best is trial 17 with value: 0.022471874952316284.
[I 2023-12-16 11:24:35,745] A new study created in memory with name: no-name-44c15a93-1f9c-4269-8fa9-24dde08d3918
/home/le004/conda/anaconda3/envs/tsff_env/lib/python3.9/site-packages/lightning/fabric/plugins/environments/slurm.py:191: The `srun` command is available on your system but is not used. HINT: If your intention is to run Lightning on SLURM, prepend your python command with `srun` like so: srun python /home/le004/master_thesis/git/TSFusionForecast/code/ ...
LOCAL_RANK: 0 - CUDA_VISIBLE_DEVICES: [0]
[I 2023-12-16 11:25:21,725] Trial 0 finished with value: 0.18832921981811523 and parameters: {'gradient_clip_val': 0.26784208968236706, 'hidden_size': 7, 'dropout': 0.2782315865492375, 'hidden_continuous_size': 6, 'attention_head_size': 4, 'learning_rate': 0.0078019833194739}. Best is trial 0 with value: 0.18832921981811523.
LOCAL_RANK: 0 - CUDA_VISIBLE_DEVICES: [0]
[I 2023-12-16 11:26:10,451] Trial 1 finished with value: 0.10023067146539688 and parameters: {'gradient_clip_val': 0.7666146335665938, 'hidden_size': 25, 'dropout': 0.2023015213735322, 'hidden_continuous_size': 9, 'attention_head_size': 1, 'learning_rate': 0.0033452697134986804}. Best is trial 1 with value: 0.10023067146539688.
LOCAL_RANK: 0 - CUDA_VISIBLE_DEVICES: [0]
[I 2023-12-16 11:26:57,830] Trial 2 finished with value: 0.1419166475534439 and parameters: {'gradient_clip_val': 0.3389051086722386, 'hidden_size': 19, 'dropout': 0.28769136245644705, 'hidden_continuous_size': 6, 'attention_head_size': 3, 'learning_rate': 0.002544791329241831}. Best is trial 1 with value: 0.10023067146539688.
LOCAL_RANK: 0 - CUDA_VISIBLE_DEVICES: [0]
[I 2023-12-16 11:27:32,319] Trial 3 finished with value: 1.0784310102462769 and parameters: {'gradient_clip_val': 0.9567475363213606, 'hidden_size': 6, 'dropout': 0.16104950926616712, 'hidden_continuous_size': 6, 'attention_head_size': 2, 'learning_rate': 0.003344052439156005}. Best is trial 1 with value: 0.10023067146539688.
LOCAL_RANK: 0 - CUDA_VISIBLE_DEVICES: [0]
[I 2023-12-16 11:28:07,494] Trial 4 finished with value: 0.08682844042778015 and parameters: {'gradient_clip_val': 0.19911445616683174, 'hidden_size': 5, 'dropout': 0.1914914387355992, 'hidden_continuous_size': 5, 'attention_head_size': 4, 'learning_rate': 0.0726965826687192}. Best is trial 4 with value: 0.08682844042778015.
LOCAL_RANK: 0 - CUDA_VISIBLE_DEVICES: [0]
[I 2023-12-16 11:28:54,598] Trial 5 finished with value: 1.0978435277938843 and parameters: {'gradient_clip_val': 0.42221396643457254, 'hidden_size': 13, 'dropout': 0.3552179580894732, 'hidden_continuous_size': 9, 'attention_head_size': 4, 'learning_rate': 0.0011640421993299298}. Best is trial 4 with value: 0.08682844042778015.
LOCAL_RANK: 0 - CUDA_VISIBLE_DEVICES: [0]
[I 2023-12-16 11:29:44,087] Trial 6 finished with value: 0.03695615008473396 and parameters: {'gradient_clip_val': 0.4309568592660874, 'hidden_size': 26, 'dropout': 0.20819658520723508, 'hidden_continuous_size': 6, 'attention_head_size': 4, 'learning_rate': 0.00867736521723496}. Best is trial 6 with value: 0.03695615008473396.
LOCAL_RANK: 0 - CUDA_VISIBLE_DEVICES: [0]
[I 2023-12-16 11:30:30,508] Trial 7 finished with value: 0.18620555102825165 and parameters: {'gradient_clip_val': 0.6859413775952145, 'hidden_size': 10, 'dropout': 0.36482301000724215, 'hidden_continuous_size': 7, 'attention_head_size': 4, 'learning_rate': 0.006946748370607139}. Best is trial 6 with value: 0.03695615008473396.
LOCAL_RANK: 0 - CUDA_VISIBLE_DEVICES: [0]
[I 2023-12-16 11:31:04,239] Trial 8 finished with value: 0.31856879591941833 and parameters: {'gradient_clip_val': 0.29854984869411905, 'hidden_size': 5, 'dropout': 0.3878558120336988, 'hidden_continuous_size': 5, 'attention_head_size': 1, 'learning_rate': 0.008834298316948054}. Best is trial 6 with value: 0.03695615008473396.
LOCAL_RANK: 0 - CUDA_VISIBLE_DEVICES: [0]
[I 2023-12-16 11:31:55,357] Trial 9 finished with value: 0.13009382784366608 and parameters: {'gradient_clip_val': 0.3142826694281772, 'hidden_size': 70, 'dropout': 0.3792918985432926, 'hidden_continuous_size': 5, 'attention_head_size': 1, 'learning_rate': 0.047253955077228925}. Best is trial 6 with value: 0.03695615008473396.
LOCAL_RANK: 0 - CUDA_VISIBLE_DEVICES: [0]
[I 2023-12-16 11:32:48,848] Trial 10 finished with value: 0.3384239673614502 and parameters: {'gradient_clip_val': 0.10567341002470347, 'hidden_size': 43, 'dropout': 0.10519127144702185, 'hidden_continuous_size': 21, 'attention_head_size': 3, 'learning_rate': 0.0005367861340113004}. Best is trial 6 with value: 0.03695615008473396.
LOCAL_RANK: 0 - CUDA_VISIBLE_DEVICES: [0]
[I 2023-12-16 11:33:38,646] Trial 11 finished with value: 0.09350814670324326 and parameters: {'gradient_clip_val': 0.18779917919819114, 'hidden_size': 26, 'dropout': 0.21453510975337797, 'hidden_continuous_size': 12, 'attention_head_size': 3, 'learning_rate': 0.09407859954986748}. Best is trial 6 with value: 0.03695615008473396.
LOCAL_RANK: 0 - CUDA_VISIBLE_DEVICES: [0]
[I 2023-12-16 11:34:24,159] Trial 12 finished with value: 0.15831418335437775 and parameters: {'gradient_clip_val': 0.48765546276218225, 'hidden_size': 12, 'dropout': 0.1706659582295985, 'hidden_continuous_size': 5, 'attention_head_size': 4, 'learning_rate': 0.023447861494263946}. Best is trial 6 with value: 0.03695615008473396.
LOCAL_RANK: 0 - CUDA_VISIBLE_DEVICES: [0]
[I 2023-12-16 11:35:16,656] Trial 13 finished with value: 0.09362301975488663 and parameters: {'gradient_clip_val': 0.1775545642872306, 'hidden_size': 38, 'dropout': 0.23635014808383176, 'hidden_continuous_size': 17, 'attention_head_size': 2, 'learning_rate': 0.0215658470696076}. Best is trial 6 with value: 0.03695615008473396.
LOCAL_RANK: 0 - CUDA_VISIBLE_DEVICES: [0]
[I 2023-12-16 11:36:02,073] Trial 14 finished with value: 0.10814020037651062 and parameters: {'gradient_clip_val': 0.51132708673722, 'hidden_size': 16, 'dropout': 0.26346612733919667, 'hidden_continuous_size': 7, 'attention_head_size': 3, 'learning_rate': 0.09883736713226546}. Best is trial 6 with value: 0.03695615008473396.
LOCAL_RANK: 0 - CUDA_VISIBLE_DEVICES: [0]
[I 2023-12-16 11:36:46,986] Trial 15 finished with value: 0.05092589184641838 and parameters: {'gradient_clip_val': 0.2192076861491623, 'hidden_size': 8, 'dropout': 0.15810370849352895, 'hidden_continuous_size': 5, 'attention_head_size': 4, 'learning_rate': 0.02958377158235299}. Best is trial 6 with value: 0.03695615008473396.
LOCAL_RANK: 0 - CUDA_VISIBLE_DEVICES: [0]
[I 2023-12-16 11:37:31,533] Trial 16 finished with value: 0.06784196943044662 and parameters: {'gradient_clip_val': 0.4137731576062336, 'hidden_size': 8, 'dropout': 0.1254510895895862, 'hidden_continuous_size': 5, 'attention_head_size': 4, 'learning_rate': 0.024854866556038826}. Best is trial 6 with value: 0.03695615008473396.
LOCAL_RANK: 0 - CUDA_VISIBLE_DEVICES: [0]
[I 2023-12-16 11:38:17,428] Trial 17 finished with value: 0.08241210132837296 and parameters: {'gradient_clip_val': 0.23992830784354616, 'hidden_size': 10, 'dropout': 0.1463819395858682, 'hidden_continuous_size': 6, 'attention_head_size': 2, 'learning_rate': 0.014182968984204864}. Best is trial 6 with value: 0.03695615008473396.
LOCAL_RANK: 0 - CUDA_VISIBLE_DEVICES: [0]
[I 2023-12-16 11:39:04,643] Trial 18 finished with value: 0.07686316221952438 and parameters: {'gradient_clip_val': 0.14546557298088425, 'hidden_size': 17, 'dropout': 0.127458995430223, 'hidden_continuous_size': 8, 'attention_head_size': 3, 'learning_rate': 0.04063066570851227}. Best is trial 6 with value: 0.03695615008473396.
LOCAL_RANK: 0 - CUDA_VISIBLE_DEVICES: [0]
[I 2023-12-16 11:39:49,456] Trial 19 finished with value: 0.1247919425368309 and parameters: {'gradient_clip_val': 0.22608875917573684, 'hidden_size': 8, 'dropout': 0.17568362277001348, 'hidden_continuous_size': 5, 'attention_head_size': 4, 'learning_rate': 0.013408331622059906}. Best is trial 6 with value: 0.03695615008473396.
LOCAL_RANK: 0 - CUDA_VISIBLE_DEVICES: [0]
[I 2023-12-16 11:40:38,226] Trial 20 finished with value: 0.0915423035621643 and parameters: {'gradient_clip_val': 0.3460410106705326, 'hidden_size': 24, 'dropout': 0.2275854773491739, 'hidden_continuous_size': 11, 'attention_head_size': 3, 'learning_rate': 0.046714691312995}. Best is trial 6 with value: 0.03695615008473396.
LOCAL_RANK: 0 - CUDA_VISIBLE_DEVICES: [0]
[I 2023-12-16 11:41:23,093] Trial 21 finished with value: 0.1315724104642868 and parameters: {'gradient_clip_val': 0.4104989565333235, 'hidden_size': 8, 'dropout': 0.12787885725117082, 'hidden_continuous_size': 5, 'attention_head_size': 4, 'learning_rate': 0.0273387520354574}. Best is trial 6 with value: 0.03695615008473396.
LOCAL_RANK: 0 - CUDA_VISIBLE_DEVICES: [0]
[I 2023-12-16 11:42:09,523] Trial 22 finished with value: 0.06834091991186142 and parameters: {'gradient_clip_val': 0.26871157027787895, 'hidden_size': 13, 'dropout': 0.10078084371567309, 'hidden_continuous_size': 6, 'attention_head_size': 4, 'learning_rate': 0.014097558362464799}. Best is trial 6 with value: 0.03695615008473396.
LOCAL_RANK: 0 - CUDA_VISIBLE_DEVICES: [0]
