[I 2023-12-15 12:19:20,392] Trial 14 finished with value: 90.76078033447266 and parameters: {'gradient_clip_val': 0.1405226570254208, 'hidden_size': 5, 'dropout': 0.3537013834479269, 'hidden_continuous_size': 5, 'attention_head_size': 2, 'learning_rate': 0.013156746568946026}. Best is trial 10 with value: 79.19188690185547.
LOCAL_RANK: 0 - CUDA_VISIBLE_DEVICES: [0]
[I 2023-12-15 12:20:06,737] Trial 15 finished with value: 79.86450958251953 and parameters: {'gradient_clip_val': 0.10330158588309081, 'hidden_size': 9, 'dropout': 0.2703838955702118, 'hidden_continuous_size': 6, 'attention_head_size': 3, 'learning_rate': 0.004725508091761805}. Best is trial 10 with value: 79.19188690185547.
LOCAL_RANK: 0 - CUDA_VISIBLE_DEVICES: [0]
[I 2023-12-15 12:20:53,485] Trial 16 finished with value: 154.7001190185547 and parameters: {'gradient_clip_val': 0.10271741490516927, 'hidden_size': 10, 'dropout': 0.27809185193344077, 'hidden_continuous_size': 6, 'attention_head_size': 3, 'learning_rate': 0.004277393303734655}. Best is trial 10 with value: 79.19188690185547.
LOCAL_RANK: 0 - CUDA_VISIBLE_DEVICES: [0]
[I 2023-12-15 12:21:29,743] Trial 17 finished with value: 106.26924896240234 and parameters: {'gradient_clip_val': 0.15341568228876132, 'hidden_size': 5, 'dropout': 0.10451848548241371, 'hidden_continuous_size': 5, 'attention_head_size': 2, 'learning_rate': 0.003162593370882707}. Best is trial 10 with value: 79.19188690185547.
LOCAL_RANK: 0 - CUDA_VISIBLE_DEVICES: [0]
[I 2023-12-15 12:22:14,800] Trial 18 finished with value: 136.54347229003906 and parameters: {'gradient_clip_val': 0.276848684463281, 'hidden_size': 12, 'dropout': 0.21958874272403556, 'hidden_continuous_size': 7, 'attention_head_size': 3, 'learning_rate': 0.007678012673906537}. Best is trial 10 with value: 79.19188690185547.
LOCAL_RANK: 0 - CUDA_VISIBLE_DEVICES: [0]
[I 2023-12-15 12:23:00,690] Trial 19 finished with value: 106.84912872314453 and parameters: {'gradient_clip_val': 0.3630880307534749, 'hidden_size': 8, 'dropout': 0.2565664420187874, 'hidden_continuous_size': 5, 'attention_head_size': 4, 'learning_rate': 0.0028720074785345312}. Best is trial 10 with value: 79.19188690185547.
LOCAL_RANK: 0 - CUDA_VISIBLE_DEVICES: [0]
[I 2023-12-15 12:23:46,982] Trial 20 finished with value: 226.38999938964844 and parameters: {'gradient_clip_val': 0.132211494200633, 'hidden_size': 7, 'dropout': 0.19556772975602954, 'hidden_continuous_size': 5, 'attention_head_size': 3, 'learning_rate': 0.006305660636084736}. Best is trial 10 with value: 79.19188690185547.
LOCAL_RANK: 0 - CUDA_VISIBLE_DEVICES: [0]
[I 2023-12-15 12:24:33,875] Trial 21 finished with value: 153.88656616210938 and parameters: {'gradient_clip_val': 0.1003188441725852, 'hidden_size': 9, 'dropout': 0.36825835493050274, 'hidden_continuous_size': 6, 'attention_head_size': 4, 'learning_rate': 0.013669062571063042}. Best is trial 10 with value: 79.19188690185547.
LOCAL_RANK: 0 - CUDA_VISIBLE_DEVICES: [0]
[I 2023-12-15 12:25:20,310] Trial 22 finished with value: 95.8375015258789 and parameters: {'gradient_clip_val': 0.1276387301790754, 'hidden_size': 7, 'dropout': 0.32449546546148644, 'hidden_continuous_size': 6, 'attention_head_size': 4, 'learning_rate': 0.01822448401327862}. Best is trial 10 with value: 79.19188690185547.
LOCAL_RANK: 0 - CUDA_VISIBLE_DEVICES: [0]
[I 2023-12-15 12:25:58,039] Trial 23 finished with value: 71.66814422607422 and parameters: {'gradient_clip_val': 0.16445172403515373, 'hidden_size': 5, 'dropout': 0.37826144973617226, 'hidden_continuous_size': 5, 'attention_head_size': 4, 'learning_rate': 0.008358270323687628}. Best is trial 23 with value: 71.66814422607422.
LOCAL_RANK: 0 - CUDA_VISIBLE_DEVICES: [0]
[I 2023-12-15 12:26:35,036] Trial 24 finished with value: 104.12711334228516 and parameters: {'gradient_clip_val': 0.1725145537875489, 'hidden_size': 5, 'dropout': 0.38165067419384197, 'hidden_continuous_size': 5, 'attention_head_size': 3, 'learning_rate': 0.009561608559329925}. Best is trial 23 with value: 71.66814422607422.
LOCAL_RANK: 0 - CUDA_VISIBLE_DEVICES: [0]
[I 2023-12-15 12:27:21,385] Trial 25 finished with value: 95.6934814453125 and parameters: {'gradient_clip_val': 0.12780458146222026, 'hidden_size': 6, 'dropout': 0.3367347220012118, 'hidden_continuous_size': 5, 'attention_head_size': 4, 'learning_rate': 0.00489809321154995}. Best is trial 23 with value: 71.66814422607422.
LOCAL_RANK: 0 - CUDA_VISIBLE_DEVICES: [0]
[I 2023-12-15 12:28:07,555] Trial 26 finished with value: 160.1404571533203 and parameters: {'gradient_clip_val': 0.16422463991167927, 'hidden_size': 11, 'dropout': 0.30504312177749565, 'hidden_continuous_size': 6, 'attention_head_size': 2, 'learning_rate': 0.006482143843007639}. Best is trial 23 with value: 71.66814422607422.
LOCAL_RANK: 0 - CUDA_VISIBLE_DEVICES: [0]
[I 2023-12-15 12:28:44,400] Trial 27 finished with value: 133.1986541748047 and parameters: {'gradient_clip_val': 0.1213953468074056, 'hidden_size': 5, 'dropout': 0.37889394792541425, 'hidden_continuous_size': 5, 'attention_head_size': 3, 'learning_rate': 0.0033915614843090702}. Best is trial 23 with value: 71.66814422607422.
LOCAL_RANK: 0 - CUDA_VISIBLE_DEVICES: [0]
[I 2023-12-15 12:29:30,717] Trial 28 finished with value: 202.01075744628906 and parameters: {'gradient_clip_val': 0.21759808115491955, 'hidden_size': 7, 'dropout': 0.34134772251667916, 'hidden_continuous_size': 5, 'attention_head_size': 4, 'learning_rate': 0.011485535005953552}. Best is trial 23 with value: 71.66814422607422.
LOCAL_RANK: 0 - CUDA_VISIBLE_DEVICES: [0]
[I 2023-12-15 12:30:16,986] Trial 29 finished with value: 135.92283630371094 and parameters: {'gradient_clip_val': 0.16447551033737234, 'hidden_size': 14, 'dropout': 0.24209805419387734, 'hidden_continuous_size': 7, 'attention_head_size': 2, 'learning_rate': 0.0062253076914294886}. Best is trial 23 with value: 71.66814422607422.
LOCAL_RANK: 0 - CUDA_VISIBLE_DEVICES: [0]
[I 2023-12-15 12:31:03,433] Trial 30 finished with value: 79.30951690673828 and parameters: {'gradient_clip_val': 0.13668371239353092, 'hidden_size': 10, 'dropout': 0.2943788414597359, 'hidden_continuous_size': 6, 'attention_head_size': 3, 'learning_rate': 0.00941682344478205}. Best is trial 23 with value: 71.66814422607422.
LOCAL_RANK: 0 - CUDA_VISIBLE_DEVICES: [0]
[I 2023-12-15 12:31:49,638] Trial 31 finished with value: 100.9402847290039 and parameters: {'gradient_clip_val': 0.18166126915210246, 'hidden_size': 10, 'dropout': 0.294926700165029, 'hidden_continuous_size': 6, 'attention_head_size': 3, 'learning_rate': 0.010132232304161017}. Best is trial 23 with value: 71.66814422607422.
LOCAL_RANK: 0 - CUDA_VISIBLE_DEVICES: [0]
[I 2023-12-15 12:32:36,048] Trial 32 finished with value: 119.9231948852539 and parameters: {'gradient_clip_val': 0.13625738039435725, 'hidden_size': 11, 'dropout': 0.2590998463602638, 'hidden_continuous_size': 7, 'attention_head_size': 3, 'learning_rate': 0.01887189297709826}. Best is trial 23 with value: 71.66814422607422.
LOCAL_RANK: 0 - CUDA_VISIBLE_DEVICES: [0]
[I 2023-12-15 12:33:22,233] Trial 33 finished with value: 89.19818878173828 and parameters: {'gradient_clip_val': 0.11836135032896664, 'hidden_size': 8, 'dropout': 0.2935516901108922, 'hidden_continuous_size': 6, 'attention_head_size': 4, 'learning_rate': 0.008719215645221382}. Best is trial 23 with value: 71.66814422607422.
LOCAL_RANK: 0 - CUDA_VISIBLE_DEVICES: [0]
[I 2023-12-15 12:34:08,452] Trial 34 finished with value: 66.09090423583984 and parameters: {'gradient_clip_val': 0.1003253585902288, 'hidden_size': 6, 'dropout': 0.3381021445201788, 'hidden_continuous_size': 5, 'attention_head_size': 3, 'learning_rate': 0.005691989593069368}. Best is trial 34 with value: 66.09090423583984.
LOCAL_RANK: 0 - CUDA_VISIBLE_DEVICES: [0]
[I 2023-12-15 12:34:54,576] Trial 35 finished with value: 141.4466094970703 and parameters: {'gradient_clip_val': 0.14860065285054674, 'hidden_size': 6, 'dropout': 0.34028739067036406, 'hidden_continuous_size': 5, 'attention_head_size': 4, 'learning_rate': 0.023197958410825743}. Best is trial 34 with value: 66.09090423583984.
LOCAL_RANK: 0 - CUDA_VISIBLE_DEVICES: [0]
[I 2023-12-15 12:35:31,574] Trial 36 finished with value: 88.31896209716797 and parameters: {'gradient_clip_val': 0.1831955353677764, 'hidden_size': 5, 'dropout': 0.31792937301512525, 'hidden_continuous_size': 5, 'attention_head_size': 2, 'learning_rate': 0.011214760929739304}. Best is trial 34 with value: 66.09090423583984.
LOCAL_RANK: 0 - CUDA_VISIBLE_DEVICES: [0]
[I 2023-12-15 12:36:17,392] Trial 37 finished with value: 227.5181427001953 and parameters: {'gradient_clip_val': 0.11889436538425076, 'hidden_size': 15, 'dropout': 0.3752023318012843, 'hidden_continuous_size': 8, 'attention_head_size': 1, 'learning_rate': 0.006374711544719327}. Best is trial 34 with value: 66.09090423583984.
LOCAL_RANK: 0 - CUDA_VISIBLE_DEVICES: [0]
[I 2023-12-15 12:37:05,549] Trial 38 finished with value: 166.29885864257812 and parameters: {'gradient_clip_val': 0.14987341613378072, 'hidden_size': 17, 'dropout': 0.3289827914720004, 'hidden_continuous_size': 8, 'attention_head_size': 3, 'learning_rate': 0.0022743479422879394}. Best is trial 34 with value: 66.09090423583984.
LOCAL_RANK: 0 - CUDA_VISIBLE_DEVICES: [0]
[I 2023-12-15 12:37:52,506] Trial 39 finished with value: 118.52550506591797 and parameters: {'gradient_clip_val': 0.11859702293914365, 'hidden_size': 7, 'dropout': 0.3476403374412411, 'hidden_continuous_size': 5, 'attention_head_size': 4, 'learning_rate': 0.013945191903028545}. Best is trial 34 with value: 66.09090423583984.
LOCAL_RANK: 0 - CUDA_VISIBLE_DEVICES: [0]
[I 2023-12-15 12:38:38,130] Trial 40 finished with value: 96.80623626708984 and parameters: {'gradient_clip_val': 0.24429631014557227, 'hidden_size': 12, 'dropout': 0.3089929505537441, 'hidden_continuous_size': 8, 'attention_head_size': 3, 'learning_rate': 0.009075212765278798}. Best is trial 34 with value: 66.09090423583984.
LOCAL_RANK: 0 - CUDA_VISIBLE_DEVICES: [0]
[I 2023-12-15 12:39:25,149] Trial 41 finished with value: 85.78052520751953 and parameters: {'gradient_clip_val': 0.10349862638439634, 'hidden_size': 9, 'dropout': 0.3649523344062165, 'hidden_continuous_size': 6, 'attention_head_size': 3, 'learning_rate': 0.00370396631248098}. Best is trial 34 with value: 66.09090423583984.
LOCAL_RANK: 0 - CUDA_VISIBLE_DEVICES: [0]
[I 2023-12-15 12:40:11,493] Trial 42 finished with value: 71.67476654052734 and parameters: {'gradient_clip_val': 0.110599627213045, 'hidden_size': 6, 'dropout': 0.3836191075987434, 'hidden_continuous_size': 5, 'attention_head_size': 3, 'learning_rate': 0.005268067129341303}. Best is trial 34 with value: 66.09090423583984.
LOCAL_RANK: 0 - CUDA_VISIBLE_DEVICES: [0]
[I 2023-12-15 12:40:57,750] Trial 43 finished with value: 88.5830078125 and parameters: {'gradient_clip_val': 0.1340642186560927, 'hidden_size': 6, 'dropout': 0.38795669501368685, 'hidden_continuous_size': 5, 'attention_head_size': 3, 'learning_rate': 0.007599508049232742}. Best is trial 34 with value: 66.09090423583984.
LOCAL_RANK: 0 - CUDA_VISIBLE_DEVICES: [0]
[I 2023-12-15 12:41:43,776] Trial 44 finished with value: 104.47249603271484 and parameters: {'gradient_clip_val': 0.11504614746864555, 'hidden_size': 6, 'dropout': 0.38878121998494897, 'hidden_continuous_size': 5, 'attention_head_size': 3, 'learning_rate': 0.005318308556048698}. Best is trial 34 with value: 66.09090423583984.
LOCAL_RANK: 0 - CUDA_VISIBLE_DEVICES: [0]
[I 2023-12-15 12:42:21,419] Trial 45 finished with value: 85.8036117553711 and parameters: {'gradient_clip_val': 0.11309452332769501, 'hidden_size': 5, 'dropout': 0.35511589647172215, 'hidden_continuous_size': 5, 'attention_head_size': 4, 'learning_rate': 0.0038286824730129052}. Best is trial 34 with value: 66.09090423583984.
LOCAL_RANK: 0 - CUDA_VISIBLE_DEVICES: [0]
[I 2023-12-15 12:43:08,516] Trial 46 finished with value: 182.00633239746094 and parameters: {'gradient_clip_val': 0.13530857165034685, 'hidden_size': 7, 'dropout': 0.3659771400859707, 'hidden_continuous_size': 5, 'attention_head_size': 2, 'learning_rate': 0.005404086386214081}. Best is trial 34 with value: 66.09090423583984.
LOCAL_RANK: 0 - CUDA_VISIBLE_DEVICES: [0]
[I 2023-12-15 12:43:57,205] Trial 47 finished with value: 99.67403411865234 and parameters: {'gradient_clip_val': 0.11069229908214752, 'hidden_size': 24, 'dropout': 0.3759555867108093, 'hidden_continuous_size': 10, 'attention_head_size': 4, 'learning_rate': 0.007310822351713627}. Best is trial 34 with value: 66.09090423583984.
LOCAL_RANK: 0 - CUDA_VISIBLE_DEVICES: [0]
[I 2023-12-15 12:44:42,461] Trial 48 finished with value: 235.32850646972656 and parameters: {'gradient_clip_val': 0.10138356982761987, 'hidden_size': 8, 'dropout': 0.3950263214521207, 'hidden_continuous_size': 5, 'attention_head_size': 3, 'learning_rate': 0.004232774605926905}. Best is trial 34 with value: 66.09090423583984.
LOCAL_RANK: 0 - CUDA_VISIBLE_DEVICES: [0]
[I 2023-12-15 12:45:28,224] Trial 49 finished with value: 102.3740463256836 and parameters: {'gradient_clip_val': 0.1584889223620444, 'hidden_size': 6, 'dropout': 0.35209921630177426, 'hidden_continuous_size': 5, 'attention_head_size': 1, 'learning_rate': 0.0025477709187002578}. Best is trial 34 with value: 66.09090423583984.
[I 2023-12-15 12:45:28,318] A new study created in memory with name: no-name-abc91fd1-6405-4411-8757-2ba9e5791097
/home/le004/conda/anaconda3/envs/tsff_env/lib/python3.9/site-packages/lightning/fabric/plugins/environments/slurm.py:191: The `srun` command is available on your system but is not used. HINT: If your intention is to run Lightning on SLURM, prepend your python command with `srun` like so: srun python /home/le004/master_thesis/git/TSFusionForecast/code/ ...
LOCAL_RANK: 0 - CUDA_VISIBLE_DEVICES: [0]
[I 2023-12-15 12:46:17,430] Trial 0 finished with value: 46.26420974731445 and parameters: {'gradient_clip_val': 0.21494767652582084, 'hidden_size': 19, 'dropout': 0.2176386274376853, 'hidden_continuous_size': 15, 'attention_head_size': 1, 'learning_rate': 0.08627324082690688}. Best is trial 0 with value: 46.26420974731445.
LOCAL_RANK: 0 - CUDA_VISIBLE_DEVICES: [0]
[I 2023-12-15 12:47:08,739] Trial 1 finished with value: 54.76047897338867 and parameters: {'gradient_clip_val': 0.5653416566545224, 'hidden_size': 37, 'dropout': 0.3981358533186191, 'hidden_continuous_size': 9, 'attention_head_size': 4, 'learning_rate': 0.02062225070071927}. Best is trial 0 with value: 46.26420974731445.
LOCAL_RANK: 0 - CUDA_VISIBLE_DEVICES: [0]
[I 2023-12-15 12:47:44,809] Trial 2 finished with value: 20.61164665222168 and parameters: {'gradient_clip_val': 0.3552743758555401, 'hidden_size': 5, 'dropout': 0.17119964814062197, 'hidden_continuous_size': 5, 'attention_head_size': 1, 'learning_rate': 0.008476000468908649}. Best is trial 2 with value: 20.61164665222168.
LOCAL_RANK: 0 - CUDA_VISIBLE_DEVICES: [0]
[I 2023-12-15 12:48:21,137] Trial 3 finished with value: 23.7877140045166 and parameters: {'gradient_clip_val': 0.8229860270326553, 'hidden_size': 6, 'dropout': 0.1754338633005882, 'hidden_continuous_size': 6, 'attention_head_size': 2, 'learning_rate': 0.003308697153113301}. Best is trial 2 with value: 20.61164665222168.
LOCAL_RANK: 0 - CUDA_VISIBLE_DEVICES: [0]
[I 2023-12-15 12:49:06,703] Trial 4 finished with value: 57.896087646484375 and parameters: {'gradient_clip_val': 0.22421693059293496, 'hidden_size': 9, 'dropout': 0.13576468561512045, 'hidden_continuous_size': 8, 'attention_head_size': 2, 'learning_rate': 0.00321399233676906}. Best is trial 2 with value: 20.61164665222168.
LOCAL_RANK: 0 - CUDA_VISIBLE_DEVICES: [0]
[I 2023-12-15 12:49:52,699] Trial 5 finished with value: 19.545000076293945 and parameters: {'gradient_clip_val': 0.36854694442777386, 'hidden_size': 10, 'dropout': 0.28791536528871225, 'hidden_continuous_size': 6, 'attention_head_size': 2, 'learning_rate': 0.002149387123106833}. Best is trial 5 with value: 19.545000076293945.
LOCAL_RANK: 0 - CUDA_VISIBLE_DEVICES: [0]
[I 2023-12-15 12:50:41,649] Trial 6 finished with value: 16.657228469848633 and parameters: {'gradient_clip_val': 0.6612902877070126, 'hidden_size': 28, 'dropout': 0.11170137492545511, 'hidden_continuous_size': 7, 'attention_head_size': 3, 'learning_rate': 0.006635093931200074}. Best is trial 6 with value: 16.657228469848633.
LOCAL_RANK: 0 - CUDA_VISIBLE_DEVICES: [0]
[I 2023-12-15 12:51:26,826] Trial 7 finished with value: 45.04265213012695 and parameters: {'gradient_clip_val': 0.16830568710238789, 'hidden_size': 6, 'dropout': 0.3190476621526589, 'hidden_continuous_size': 5, 'attention_head_size': 1, 'learning_rate': 0.0040846964247251835}. Best is trial 6 with value: 16.657228469848633.
LOCAL_RANK: 0 - CUDA_VISIBLE_DEVICES: [0]
[I 2023-12-15 12:52:19,477] Trial 8 finished with value: 48.1917724609375 and parameters: {'gradient_clip_val': 0.863378420498486, 'hidden_size': 42, 'dropout': 0.35661411077255223, 'hidden_continuous_size': 21, 'attention_head_size': 2, 'learning_rate': 0.0009686405090042403}. Best is trial 6 with value: 16.657228469848633.
LOCAL_RANK: 0 - CUDA_VISIBLE_DEVICES: [0]
[I 2023-12-15 12:53:04,722] Trial 9 finished with value: 37.265995025634766 and parameters: {'gradient_clip_val': 0.3584406075266698, 'hidden_size': 8, 'dropout': 0.22403252832250542, 'hidden_continuous_size': 6, 'attention_head_size': 4, 'learning_rate': 0.0786432136004907}. Best is trial 6 with value: 16.657228469848633.
LOCAL_RANK: 0 - CUDA_VISIBLE_DEVICES: [0]
[I 2023-12-15 12:54:02,925] Trial 10 finished with value: 32.26640701293945 and parameters: {'gradient_clip_val': 0.10273763707829656, 'hidden_size': 95, 'dropout': 0.11294732733778179, 'hidden_continuous_size': 67, 'attention_head_size': 3, 'learning_rate': 0.0005339414998362591}. Best is trial 6 with value: 16.657228469848633.
LOCAL_RANK: 0 - CUDA_VISIBLE_DEVICES: [0]
[I 2023-12-15 12:54:49,337] Trial 11 finished with value: 35.42707443237305 and parameters: {'gradient_clip_val': 0.5264300386755306, 'hidden_size': 14, 'dropout': 0.2762362661988225, 'hidden_continuous_size': 6, 'attention_head_size': 3, 'learning_rate': 0.0015045696417743146}. Best is trial 6 with value: 16.657228469848633.
LOCAL_RANK: 0 - CUDA_VISIBLE_DEVICES: [0]
[I 2023-12-15 12:55:35,477] Trial 12 finished with value: 35.60408401489258 and parameters: {'gradient_clip_val': 0.5390637733625883, 'hidden_size': 16, 'dropout': 0.276908494414262, 'hidden_continuous_size': 7, 'attention_head_size': 3, 'learning_rate': 0.011439182156977102}. Best is trial 6 with value: 16.657228469848633.
LOCAL_RANK: 0 - CUDA_VISIBLE_DEVICES: [0]
[I 2023-12-15 12:56:21,475] Trial 13 finished with value: 48.354732513427734 and parameters: {'gradient_clip_val': 0.4758828661114053, 'hidden_size': 11, 'dropout': 0.10561785925129141, 'hidden_continuous_size': 5, 'attention_head_size': 3, 'learning_rate': 0.0017047371428461037}. Best is trial 6 with value: 16.657228469848633.
LOCAL_RANK: 0 - CUDA_VISIBLE_DEVICES: [0]
[I 2023-12-15 12:57:11,134] Trial 14 finished with value: 43.343353271484375 and parameters: {'gradient_clip_val': 0.9610905643499843, 'hidden_size': 26, 'dropout': 0.2451999482661466, 'hidden_continuous_size': 9, 'attention_head_size': 2, 'learning_rate': 0.0047302406383167555}. Best is trial 6 with value: 16.657228469848633.
LOCAL_RANK: 0 - CUDA_VISIBLE_DEVICES: [0]
[I 2023-12-15 12:57:56,942] Trial 15 finished with value: 53.144317626953125 and parameters: {'gradient_clip_val': 0.6849533240206197, 'hidden_size': 12, 'dropout': 0.1730950890063651, 'hidden_continuous_size': 6, 'attention_head_size': 4, 'learning_rate': 0.014056431414663118}. Best is trial 6 with value: 16.657228469848633.
LOCAL_RANK: 0 - CUDA_VISIBLE_DEVICES: [0]
[I 2023-12-15 12:58:46,074] Trial 16 finished with value: 28.190710067749023 and parameters: {'gradient_clip_val': 0.4135160760425933, 'hidden_size': 23, 'dropout': 0.2989198582381799, 'hidden_continuous_size': 7, 'attention_head_size': 3, 'learning_rate': 0.00590432923921925}. Best is trial 6 with value: 16.657228469848633.
LOCAL_RANK: 0 - CUDA_VISIBLE_DEVICES: [0]
[I 2023-12-15 12:59:31,809] Trial 17 finished with value: 21.78900718688965 and parameters: {'gradient_clip_val': 0.6324571953044096, 'hidden_size': 9, 'dropout': 0.20957594529996337, 'hidden_continuous_size': 5, 'attention_head_size': 2, 'learning_rate': 0.002329264366932779}. Best is trial 6 with value: 16.657228469848633.
LOCAL_RANK: 0 - CUDA_VISIBLE_DEVICES: [0]
[I 2023-12-15 13:00:18,399] Trial 18 finished with value: 26.876802444458008 and parameters: {'gradient_clip_val': 0.4339033199011942, 'hidden_size': 15, 'dropout': 0.25166528640094293, 'hidden_continuous_size': 7, 'attention_head_size': 3, 'learning_rate': 0.007106596132847761}. Best is trial 6 with value: 16.657228469848633.
LOCAL_RANK: 0 - CUDA_VISIBLE_DEVICES: [0]
[I 2023-12-15 13:01:06,861] Trial 19 finished with value: 34.10084915161133 and parameters: {'gradient_clip_val': 0.6986059864445593, 'hidden_size': 32, 'dropout': 0.14698725676709745, 'hidden_continuous_size': 11, 'attention_head_size': 2, 'learning_rate': 0.000989034200938882}. Best is trial 6 with value: 16.657228469848633.
LOCAL_RANK: 0 - CUDA_VISIBLE_DEVICES: [0]
[I 2023-12-15 13:01:55,572] Trial 20 finished with value: 52.476776123046875 and parameters: {'gradient_clip_val': 0.2984508254256357, 'hidden_size': 19, 'dropout': 0.3198988446594921, 'hidden_continuous_size': 8, 'attention_head_size': 4, 'learning_rate': 0.025062225656354818}. Best is trial 6 with value: 16.657228469848633.
LOCAL_RANK: 0 - CUDA_VISIBLE_DEVICES: [0]
[I 2023-12-15 13:02:32,820] Trial 21 finished with value: 22.172155380249023 and parameters: {'gradient_clip_val': 0.3360334318876388, 'hidden_size': 5, 'dropout': 0.10239789282839631, 'hidden_continuous_size': 5, 'attention_head_size': 1, 'learning_rate': 0.0067919669081794145}. Best is trial 6 with value: 16.657228469848633.
LOCAL_RANK: 0 - CUDA_VISIBLE_DEVICES: [0]
