[I 2023-12-26 11:34:26,622] Trial 14 finished with value: 14.331806182861328 and parameters: {'gradient_clip_val': 0.34602650172571653, 'hidden_size': 5, 'dropout': 0.3177087566190112, 'hidden_continuous_size': 5, 'attention_head_size': 3, 'learning_rate': 0.019073673822750638}. Best is trial 0 with value: 4.487027168273926.
[I 2023-12-26 11:34:29,427] Trial 15 finished with value: 14.52673625946045 and parameters: {'gradient_clip_val': 0.44681992271028, 'hidden_size': 15, 'dropout': 0.22993971775860125, 'hidden_continuous_size': 6, 'attention_head_size': 1, 'learning_rate': 0.006479976894157139}. Best is trial 0 with value: 4.487027168273926.
[I 2023-12-26 11:34:32,217] Trial 16 finished with value: 13.629796028137207 and parameters: {'gradient_clip_val': 0.26700777866976655, 'hidden_size': 24, 'dropout': 0.35127881977284825, 'hidden_continuous_size': 11, 'attention_head_size': 2, 'learning_rate': 0.03384118211140672}. Best is trial 0 with value: 4.487027168273926.
[I 2023-12-26 11:34:36,708] Trial 17 finished with value: 14.175187110900879 and parameters: {'gradient_clip_val': 0.15613536102083547, 'hidden_size': 52, 'dropout': 0.2706733821530187, 'hidden_continuous_size': 16, 'attention_head_size': 1, 'learning_rate': 0.012432179143853578}. Best is trial 0 with value: 4.487027168273926.
[I 2023-12-26 11:34:39,628] Trial 18 finished with value: 10.823664665222168 and parameters: {'gradient_clip_val': 0.4856165068767666, 'hidden_size': 21, 'dropout': 0.20921709208548417, 'hidden_continuous_size': 8, 'attention_head_size': 2, 'learning_rate': 0.005272738852942692}. Best is trial 0 with value: 4.487027168273926.
[I 2023-12-26 11:34:41,985] Trial 19 finished with value: 17.059375762939453 and parameters: {'gradient_clip_val': 0.32628205877536554, 'hidden_size': 10, 'dropout': 0.28027707488026266, 'hidden_continuous_size': 6, 'attention_head_size': 3, 'learning_rate': 0.051385389367839}. Best is trial 0 with value: 4.487027168273926.
[I 2023-12-26 11:34:44,622] Trial 20 finished with value: 12.501434326171875 and parameters: {'gradient_clip_val': 0.1972912821379149, 'hidden_size': 30, 'dropout': 0.2034964826136638, 'hidden_continuous_size': 10, 'attention_head_size': 1, 'learning_rate': 0.020701221822102406}. Best is trial 0 with value: 4.487027168273926.
[I 2023-12-26 11:34:48,727] Trial 21 finished with value: 16.576461791992188 and parameters: {'gradient_clip_val': 0.818736753365976, 'hidden_size': 49, 'dropout': 0.11239223241036801, 'hidden_continuous_size': 18, 'attention_head_size': 4, 'learning_rate': 0.004303216263674269}. Best is trial 0 with value: 4.487027168273926.
[I 2023-12-26 11:34:54,546] Trial 22 finished with value: 11.354287147521973 and parameters: {'gradient_clip_val': 0.8316668916292917, 'hidden_size': 65, 'dropout': 0.16877245213604022, 'hidden_continuous_size': 20, 'attention_head_size': 4, 'learning_rate': 0.008628352010616238}. Best is trial 0 with value: 4.487027168273926.
[I 2023-12-26 11:34:58,822] Trial 23 finished with value: 11.822697639465332 and parameters: {'gradient_clip_val': 0.5620795300828708, 'hidden_size': 45, 'dropout': 0.12998450778100634, 'hidden_continuous_size': 12, 'attention_head_size': 3, 'learning_rate': 0.003370383861531619}. Best is trial 0 with value: 4.487027168273926.
[I 2023-12-26 11:35:05,398] Trial 24 finished with value: 10.10375690460205 and parameters: {'gradient_clip_val': 0.7672910773685723, 'hidden_size': 80, 'dropout': 0.17195368882896145, 'hidden_continuous_size': 15, 'attention_head_size': 4, 'learning_rate': 0.007856724076205667}. Best is trial 0 with value: 4.487027168273926.
[I 2023-12-26 11:35:09,385] Trial 25 finished with value: 16.802953720092773 and parameters: {'gradient_clip_val': 0.5572292273898459, 'hidden_size': 41, 'dropout': 0.12537279843535082, 'hidden_continuous_size': 14, 'attention_head_size': 2, 'learning_rate': 0.0035671650086456217}. Best is trial 0 with value: 4.487027168273926.
[I 2023-12-26 11:35:12,931] Trial 26 finished with value: 11.051032066345215 and parameters: {'gradient_clip_val': 0.7328098213917091, 'hidden_size': 29, 'dropout': 0.10086781852971442, 'hidden_continuous_size': 11, 'attention_head_size': 3, 'learning_rate': 0.005158569037058598}. Best is trial 0 with value: 4.487027168273926.
[I 2023-12-26 11:35:18,323] Trial 27 finished with value: 15.00283145904541 and parameters: {'gradient_clip_val': 0.9355669844004251, 'hidden_size': 67, 'dropout': 0.20769000698867057, 'hidden_continuous_size': 24, 'attention_head_size': 4, 'learning_rate': 0.008954414894733326}. Best is trial 0 with value: 4.487027168273926.
[I 2023-12-26 11:35:21,918] Trial 28 finished with value: 9.681648254394531 and parameters: {'gradient_clip_val': 0.2859566401042191, 'hidden_size': 48, 'dropout': 0.2559795116503924, 'hidden_continuous_size': 17, 'attention_head_size': 2, 'learning_rate': 0.012558362792533346}. Best is trial 0 with value: 4.487027168273926.
[I 2023-12-26 11:35:25,600] Trial 29 finished with value: 11.2373046875 and parameters: {'gradient_clip_val': 0.35495949743678146, 'hidden_size': 36, 'dropout': 0.1853735591148383, 'hidden_continuous_size': 14, 'attention_head_size': 1, 'learning_rate': 0.09941864413911544}. Best is trial 0 with value: 4.487027168273926.
[I 2023-12-26 11:35:28,584] Trial 30 finished with value: 17.857067108154297 and parameters: {'gradient_clip_val': 0.5237332957217533, 'hidden_size': 23, 'dropout': 0.15286926367817372, 'hidden_continuous_size': 12, 'attention_head_size': 3, 'learning_rate': 0.08239854961591409}. Best is trial 0 with value: 4.487027168273926.
[I 2023-12-26 11:35:31,288] Trial 31 finished with value: 18.611085891723633 and parameters: {'gradient_clip_val': 0.873369575283314, 'hidden_size': 20, 'dropout': 0.3549712399259182, 'hidden_continuous_size': 10, 'attention_head_size': 3, 'learning_rate': 0.012042358739097942}. Best is trial 0 with value: 4.487027168273926.
[I 2023-12-26 11:35:33,712] Trial 32 finished with value: 12.1922025680542 and parameters: {'gradient_clip_val': 0.9808429170542168, 'hidden_size': 16, 'dropout': 0.38542932056434953, 'hidden_continuous_size': 10, 'attention_head_size': 4, 'learning_rate': 0.024138043143075577}. Best is trial 0 with value: 4.487027168273926.
[I 2023-12-26 11:35:36,782] Trial 33 finished with value: 11.55178165435791 and parameters: {'gradient_clip_val': 0.7146553858330943, 'hidden_size': 30, 'dropout': 0.2561980974643753, 'hidden_continuous_size': 9, 'attention_head_size': 3, 'learning_rate': 0.013559667777136505}. Best is trial 0 with value: 4.487027168273926.
[I 2023-12-26 11:35:40,790] Trial 34 finished with value: 16.99088478088379 and parameters: {'gradient_clip_val': 0.8349313413503335, 'hidden_size': 37, 'dropout': 0.3209072130589025, 'hidden_continuous_size': 15, 'attention_head_size': 4, 'learning_rate': 0.006955788744232078}. Best is trial 0 with value: 4.487027168273926.
[I 2023-12-26 11:35:43,555] Trial 35 finished with value: 16.519216537475586 and parameters: {'gradient_clip_val': 0.6434678026905248, 'hidden_size': 18, 'dropout': 0.13037443290589285, 'hidden_continuous_size': 8, 'attention_head_size': 2, 'learning_rate': 0.0023779674049859835}. Best is trial 0 with value: 4.487027168273926.
[I 2023-12-26 11:35:46,673] Trial 36 finished with value: 11.478084564208984 and parameters: {'gradient_clip_val': 0.7501596346192466, 'hidden_size': 28, 'dropout': 0.3001609859877703, 'hidden_continuous_size': 9, 'attention_head_size': 3, 'learning_rate': 0.0015941115749727557}. Best is trial 0 with value: 4.487027168273926.
[I 2023-12-26 11:35:49,109] Trial 37 finished with value: 13.069266319274902 and parameters: {'gradient_clip_val': 0.9943043470005173, 'hidden_size': 13, 'dropout': 0.188255956646705, 'hidden_continuous_size': 7, 'attention_head_size': 2, 'learning_rate': 0.004139244834259842}. Best is trial 0 with value: 4.487027168273926.
[I 2023-12-26 11:35:52,676] Trial 38 finished with value: 10.606582641601562 and parameters: {'gradient_clip_val': 0.6542930430290467, 'hidden_size': 33, 'dropout': 0.16408781471521572, 'hidden_continuous_size': 13, 'attention_head_size': 4, 'learning_rate': 0.015691005142564635}. Best is trial 0 with value: 4.487027168273926.
[I 2023-12-26 11:35:55,418] Trial 39 finished with value: 15.458366394042969 and parameters: {'gradient_clip_val': 0.8695912383339791, 'hidden_size': 20, 'dropout': 0.29101737371599556, 'hidden_continuous_size': 11, 'attention_head_size': 2, 'learning_rate': 0.02891734011491775}. Best is trial 0 with value: 4.487027168273926.
[I 2023-12-26 11:35:58,430] Trial 40 finished with value: 13.614914894104004 and parameters: {'gradient_clip_val': 0.5998880901303467, 'hidden_size': 25, 'dropout': 0.1448799525009745, 'hidden_continuous_size': 12, 'attention_head_size': 1, 'learning_rate': 0.010959294344262854}. Best is trial 0 with value: 4.487027168273926.
[I 2023-12-26 11:36:03,019] Trial 41 finished with value: 13.379494667053223 and parameters: {'gradient_clip_val': 0.2969867493111543, 'hidden_size': 55, 'dropout': 0.2551774543859194, 'hidden_continuous_size': 17, 'attention_head_size': 2, 'learning_rate': 0.018548886575176688}. Best is trial 0 with value: 4.487027168273926.
[I 2023-12-26 11:36:06,856] Trial 42 finished with value: 14.652538299560547 and parameters: {'gradient_clip_val': 0.3921540442262861, 'hidden_size': 41, 'dropout': 0.23329079536669842, 'hidden_continuous_size': 18, 'attention_head_size': 2, 'learning_rate': 0.014884921538775972}. Best is trial 0 with value: 4.487027168273926.
[I 2023-12-26 11:36:10,787] Trial 43 finished with value: 11.41024398803711 and parameters: {'gradient_clip_val': 0.45127801454307714, 'hidden_size': 43, 'dropout': 0.25930008973427315, 'hidden_continuous_size': 20, 'attention_head_size': 2, 'learning_rate': 0.011296052449896154}. Best is trial 0 with value: 4.487027168273926.
[I 2023-12-26 11:36:14,386] Trial 44 finished with value: 9.346726417541504 and parameters: {'gradient_clip_val': 0.24008602581249872, 'hidden_size': 34, 'dropout': 0.3420608516822125, 'hidden_continuous_size': 15, 'attention_head_size': 3, 'learning_rate': 0.006530390987861249}. Best is trial 0 with value: 4.487027168273926.
[I 2023-12-26 11:36:17,917] Trial 45 finished with value: 14.875263214111328 and parameters: {'gradient_clip_val': 0.23659452985796658, 'hidden_size': 34, 'dropout': 0.3442033852371099, 'hidden_continuous_size': 14, 'attention_head_size': 3, 'learning_rate': 0.00685392466279191}. Best is trial 0 with value: 4.487027168273926.
[I 2023-12-26 11:36:20,632] Trial 46 finished with value: 9.201826095581055 and parameters: {'gradient_clip_val': 0.7122901644285689, 'hidden_size': 22, 'dropout': 0.38538290045503293, 'hidden_continuous_size': 11, 'attention_head_size': 3, 'learning_rate': 0.00579791002915039}. Best is trial 0 with value: 4.487027168273926.
[I 2023-12-26 11:36:23,703] Trial 47 finished with value: 18.01491355895996 and parameters: {'gradient_clip_val': 0.689989309455904, 'hidden_size': 25, 'dropout': 0.30686744271095645, 'hidden_continuous_size': 13, 'attention_head_size': 3, 'learning_rate': 0.002801939707649838}. Best is trial 0 with value: 4.487027168273926.
[I 2023-12-26 11:36:26,903] Trial 48 finished with value: 14.83149242401123 and parameters: {'gradient_clip_val': 0.2206698768006291, 'hidden_size': 27, 'dropout': 0.33574149384854446, 'hidden_continuous_size': 15, 'attention_head_size': 3, 'learning_rate': 0.005178626318835743}. Best is trial 0 with value: 4.487027168273926.
[I 2023-12-26 11:36:30,254] Trial 49 finished with value: 13.794830322265625 and parameters: {'gradient_clip_val': 0.7761920882094587, 'hidden_size': 33, 'dropout': 0.39406609825515765, 'hidden_continuous_size': 11, 'attention_head_size': 3, 'learning_rate': 0.006545282588958728}. Best is trial 0 with value: 4.487027168273926.
[I 2023-12-26 11:36:30,453] A new study created in memory with name: no-name-a6e2b9a5-feb2-4227-b947-6e12a0cddefb
/home/le004/conda/anaconda3/envs/tsff_env/lib/python3.9/site-packages/lightning/fabric/plugins/environments/slurm.py:191: The `srun` command is available on your system but is not used. HINT: If your intention is to run Lightning on SLURM, prepend your python command with `srun` like so: srun python /home/le004/master_thesis/git/TSFusionForecast/code/ ...
[I 2023-12-26 11:40:09,838] Trial 0 finished with value: 102.69912719726562 and parameters: {'gradient_clip_val': 0.7470392165757554, 'hidden_size': 37, 'dropout': 0.15453880553134144, 'hidden_continuous_size': 9, 'attention_head_size': 1, 'learning_rate': 0.0010847610845204879}. Best is trial 0 with value: 102.69912719726562.
[I 2023-12-26 11:40:19,235] Trial 1 finished with value: 240.1829833984375 and parameters: {'gradient_clip_val': 0.2628612407888592, 'hidden_size': 144, 'dropout': 0.21560641719449913, 'hidden_continuous_size': 121, 'attention_head_size': 4, 'learning_rate': 0.009706208737644984}. Best is trial 0 with value: 102.69912719726562.
[I 2023-12-26 11:40:21,387] Trial 2 finished with value: 298.98974609375 and parameters: {'gradient_clip_val': 0.8891263513352017, 'hidden_size': 10, 'dropout': 0.23026683490502875, 'hidden_continuous_size': 8, 'attention_head_size': 4, 'learning_rate': 0.000544096544981213}. Best is trial 0 with value: 102.69912719726562.
[I 2023-12-26 11:40:30,368] Trial 3 finished with value: 322.8575134277344 and parameters: {'gradient_clip_val': 0.11093249790174887, 'hidden_size': 139, 'dropout': 0.2050648385523075, 'hidden_continuous_size': 15, 'attention_head_size': 3, 'learning_rate': 0.0009520051355089266}. Best is trial 0 with value: 102.69912719726562.
[I 2023-12-26 11:40:32,609] Trial 4 finished with value: 262.46240234375 and parameters: {'gradient_clip_val': 0.97536510521612, 'hidden_size': 23, 'dropout': 0.237013500506261, 'hidden_continuous_size': 5, 'attention_head_size': 4, 'learning_rate': 0.015419658712381702}. Best is trial 0 with value: 102.69912719726562.
[I 2023-12-26 11:40:34,568] Trial 5 finished with value: 280.7333068847656 and parameters: {'gradient_clip_val': 0.14759670571401892, 'hidden_size': 12, 'dropout': 0.28854886334169705, 'hidden_continuous_size': 7, 'attention_head_size': 2, 'learning_rate': 0.005468178539726715}. Best is trial 0 with value: 102.69912719726562.
[I 2023-12-26 11:40:36,325] Trial 6 finished with value: 310.9242858886719 and parameters: {'gradient_clip_val': 0.8722407531120884, 'hidden_size': 5, 'dropout': 0.3928612283388906, 'hidden_continuous_size': 5, 'attention_head_size': 2, 'learning_rate': 0.03554510820003029}. Best is trial 0 with value: 102.69912719726562.
[I 2023-12-26 11:40:38,542] Trial 7 finished with value: 300.4825744628906 and parameters: {'gradient_clip_val': 0.5388414701818098, 'hidden_size': 18, 'dropout': 0.4470104115329865, 'hidden_continuous_size': 14, 'attention_head_size': 3, 'learning_rate': 0.0033875519357938256}. Best is trial 0 with value: 102.69912719726562.
[I 2023-12-26 11:40:40,416] Trial 8 finished with value: 238.17405700683594 and parameters: {'gradient_clip_val': 0.5369659076763321, 'hidden_size': 7, 'dropout': 0.447530492548992, 'hidden_continuous_size': 7, 'attention_head_size': 2, 'learning_rate': 0.0040722274417829656}. Best is trial 0 with value: 102.69912719726562.
[I 2023-12-26 11:40:43,587] Trial 9 finished with value: 245.44480895996094 and parameters: {'gradient_clip_val': 0.1406584853214219, 'hidden_size': 51, 'dropout': 0.3649899275194235, 'hidden_continuous_size': 8, 'attention_head_size': 4, 'learning_rate': 0.000798962737788706}. Best is trial 0 with value: 102.69912719726562.
[I 2023-12-26 11:40:47,109] Trial 10 finished with value: 293.2203063964844 and parameters: {'gradient_clip_val': 0.3278792728339702, 'hidden_size': 45, 'dropout': 0.12393284914514605, 'hidden_continuous_size': 14, 'attention_head_size': 1, 'learning_rate': 0.09364176275410428}. Best is trial 0 with value: 102.69912719726562.
[I 2023-12-26 11:40:48,807] Trial 11 finished with value: 208.7271728515625 and parameters: {'gradient_clip_val': 0.5494274005857112, 'hidden_size': 5, 'dropout': 0.47668183294970584, 'hidden_continuous_size': 5, 'attention_head_size': 1, 'learning_rate': 0.0024415960143913157}. Best is trial 0 with value: 102.69912719726562.
[I 2023-12-26 11:40:50,762] Trial 12 finished with value: 236.0431671142578 and parameters: {'gradient_clip_val': 0.5822696849379018, 'hidden_size': 5, 'dropout': 0.4954283359143393, 'hidden_continuous_size': 5, 'attention_head_size': 1, 'learning_rate': 0.0017204933393019917}. Best is trial 0 with value: 102.69912719726562.
[I 2023-12-26 11:40:53,315] Trial 13 finished with value: 291.4322204589844 and parameters: {'gradient_clip_val': 0.6388751187082401, 'hidden_size': 14, 'dropout': 0.13460995606447107, 'hidden_continuous_size': 6, 'attention_head_size': 1, 'learning_rate': 0.001727378814639541}. Best is trial 0 with value: 102.69912719726562.
[I 2023-12-26 11:40:56,913] Trial 14 finished with value: 186.05470275878906 and parameters: {'gradient_clip_val': 0.41065032780518157, 'hidden_size': 31, 'dropout': 0.32717088475620704, 'hidden_continuous_size': 10, 'attention_head_size': 1, 'learning_rate': 0.0018989576260587046}. Best is trial 0 with value: 102.69912719726562.
[I 2023-12-26 11:41:00,407] Trial 15 finished with value: 246.80426025390625 and parameters: {'gradient_clip_val': 0.346536427209128, 'hidden_size': 35, 'dropout': 0.3224313412403016, 'hidden_continuous_size': 10, 'attention_head_size': 2, 'learning_rate': 0.0013898442736597289}. Best is trial 0 with value: 102.69912719726562.
[I 2023-12-26 11:41:03,607] Trial 16 finished with value: 246.3914031982422 and parameters: {'gradient_clip_val': 0.3972920893517619, 'hidden_size': 28, 'dropout': 0.10027593458225134, 'hidden_continuous_size': 10, 'attention_head_size': 1, 'learning_rate': 0.0005299179134776956}. Best is trial 0 with value: 102.69912719726562.
[I 2023-12-26 11:41:09,062] Trial 17 finished with value: 221.6846160888672 and parameters: {'gradient_clip_val': 0.2628362666673008, 'hidden_size': 59, 'dropout': 0.16615969017506446, 'hidden_continuous_size': 25, 'attention_head_size': 1, 'learning_rate': 0.002779144235331649}. Best is trial 0 with value: 102.69912719726562.
[I 2023-12-26 11:41:15,616] Trial 18 finished with value: 302.9340515136719 and parameters: {'gradient_clip_val': 0.7274871511321179, 'hidden_size': 77, 'dropout': 0.27991160791786796, 'hidden_continuous_size': 21, 'attention_head_size': 3, 'learning_rate': 0.0012428273709872715}. Best is trial 0 with value: 102.69912719726562.
[I 2023-12-26 11:41:19,021] Trial 19 finished with value: 261.5387268066406 and parameters: {'gradient_clip_val': 0.4470074546048084, 'hidden_size': 30, 'dropout': 0.33683260968395984, 'hidden_continuous_size': 10, 'attention_head_size': 2, 'learning_rate': 0.0021456154875232132}. Best is trial 0 with value: 102.69912719726562.
[I 2023-12-26 11:41:21,543] Trial 20 finished with value: 193.7411651611328 and parameters: {'gradient_clip_val': 0.7214143700763523, 'hidden_size': 20, 'dropout': 0.2599647516047327, 'hidden_continuous_size': 9, 'attention_head_size': 1, 'learning_rate': 0.0009711783953010587}. Best is trial 0 with value: 102.69912719726562.
[I 2023-12-26 11:41:23,735] Trial 21 finished with value: 239.4607391357422 and parameters: {'gradient_clip_val': 0.729026304253147, 'hidden_size': 22, 'dropout': 0.25996469530813815, 'hidden_continuous_size': 9, 'attention_head_size': 1, 'learning_rate': 0.0008768727689212065}. Best is trial 0 with value: 102.69912719726562.
[I 2023-12-26 11:41:25,741] Trial 22 finished with value: 239.10076904296875 and parameters: {'gradient_clip_val': 0.7345034327342381, 'hidden_size': 17, 'dropout': 0.16997429504557493, 'hidden_continuous_size': 9, 'attention_head_size': 1, 'learning_rate': 0.0011190801900135784}. Best is trial 0 with value: 102.69912719726562.
[I 2023-12-26 11:41:28,260] Trial 23 finished with value: 197.68373107910156 and parameters: {'gradient_clip_val': 0.477447631971043, 'hidden_size': 32, 'dropout': 0.30534627184334695, 'hidden_continuous_size': 12, 'attention_head_size': 2, 'learning_rate': 0.0019182767895426249}. Best is trial 0 with value: 102.69912719726562.
[I 2023-12-26 11:41:31,874] Trial 24 finished with value: 220.6605987548828 and parameters: {'gradient_clip_val': 0.9955202055656825, 'hidden_size': 39, 'dropout': 0.25527252066836426, 'hidden_continuous_size': 12, 'attention_head_size': 1, 'learning_rate': 0.000655929669502468}. Best is trial 0 with value: 102.69912719726562.
[I 2023-12-26 11:41:34,480] Trial 25 finished with value: 299.0196838378906 and parameters: {'gradient_clip_val': 0.6776443518292244, 'hidden_size': 28, 'dropout': 0.19577792481538783, 'hidden_continuous_size': 7, 'attention_head_size': 1, 'learning_rate': 0.0009862779979742128}. Best is trial 0 with value: 102.69912719726562.
[I 2023-12-26 11:41:36,948] Trial 26 finished with value: 266.95330810546875 and parameters: {'gradient_clip_val': 0.8413725496074983, 'hidden_size': 17, 'dropout': 0.2729670434854804, 'hidden_continuous_size': 8, 'attention_head_size': 2, 'learning_rate': 0.001402366645877585}. Best is trial 0 with value: 102.69912719726562.
[I 2023-12-26 11:41:39,662] Trial 27 finished with value: 270.0434265136719 and parameters: {'gradient_clip_val': 0.6235127691947213, 'hidden_size': 24, 'dropout': 0.31037211991872704, 'hidden_continuous_size': 9, 'attention_head_size': 1, 'learning_rate': 0.0006981809391937389}. Best is trial 0 with value: 102.69912719726562.
[I 2023-12-26 11:41:42,936] Trial 28 finished with value: 312.43902587890625 and parameters: {'gradient_clip_val': 0.4309856451181884, 'hidden_size': 42, 'dropout': 0.25204607435417614, 'hidden_continuous_size': 6, 'attention_head_size': 2, 'learning_rate': 0.0040429153047202675}. Best is trial 0 with value: 102.69912719726562.
