[I 2023-12-16 09:46:35,381] Trial 3 finished with value: 2.0814154148101807 and parameters: {'gradient_clip_val': 0.10403904098751725, 'hidden_size': 5, 'dropout': 0.26989942434766434, 'hidden_continuous_size': 5, 'attention_head_size': 1, 'learning_rate': 0.0011703825910663868}. Best is trial 2 with value: 0.28297004103660583.
LOCAL_RANK: 0 - CUDA_VISIBLE_DEVICES: [0]
[I 2023-12-16 09:47:14,067] Trial 4 finished with value: 0.39959967136383057 and parameters: {'gradient_clip_val': 0.533047066392591, 'hidden_size': 5, 'dropout': 0.24832858636802543, 'hidden_continuous_size': 5, 'attention_head_size': 3, 'learning_rate': 0.07168495601007702}. Best is trial 2 with value: 0.28297004103660583.
LOCAL_RANK: 0 - CUDA_VISIBLE_DEVICES: [0]
[I 2023-12-16 09:47:59,778] Trial 5 finished with value: 2.3754184246063232 and parameters: {'gradient_clip_val': 0.1422747192036897, 'hidden_size': 12, 'dropout': 0.1181627874826148, 'hidden_continuous_size': 7, 'attention_head_size': 1, 'learning_rate': 0.0013350992514584194}. Best is trial 2 with value: 0.28297004103660583.
LOCAL_RANK: 0 - CUDA_VISIBLE_DEVICES: [0]
[I 2023-12-16 09:48:53,966] Trial 6 finished with value: 0.16021166741847992 and parameters: {'gradient_clip_val': 0.182094979326742, 'hidden_size': 50, 'dropout': 0.22085613632485518, 'hidden_continuous_size': 20, 'attention_head_size': 2, 'learning_rate': 0.009554640076722087}. Best is trial 6 with value: 0.16021166741847992.
LOCAL_RANK: 0 - CUDA_VISIBLE_DEVICES: [0]
[I 2023-12-16 09:49:48,114] Trial 7 finished with value: 0.21263396739959717 and parameters: {'gradient_clip_val': 0.4656868567195654, 'hidden_size': 47, 'dropout': 0.22397416337140616, 'hidden_continuous_size': 15, 'attention_head_size': 3, 'learning_rate': 0.006460992864786794}. Best is trial 6 with value: 0.16021166741847992.
LOCAL_RANK: 0 - CUDA_VISIBLE_DEVICES: [0]
[I 2023-12-16 09:50:37,379] Trial 8 finished with value: 2.202857494354248 and parameters: {'gradient_clip_val': 0.23212989398126524, 'hidden_size': 31, 'dropout': 0.3984067080996211, 'hidden_continuous_size': 5, 'attention_head_size': 1, 'learning_rate': 0.010083580860011406}. Best is trial 6 with value: 0.16021166741847992.
LOCAL_RANK: 0 - CUDA_VISIBLE_DEVICES: [0]
[I 2023-12-16 09:51:24,287] Trial 9 finished with value: 3.0984179973602295 and parameters: {'gradient_clip_val': 0.5700783491753584, 'hidden_size': 14, 'dropout': 0.306886569396008, 'hidden_continuous_size': 8, 'attention_head_size': 2, 'learning_rate': 0.002515750216522876}. Best is trial 6 with value: 0.16021166741847992.
LOCAL_RANK: 0 - CUDA_VISIBLE_DEVICES: [0]
[I 2023-12-16 09:52:21,458] Trial 10 finished with value: 1.871525764465332 and parameters: {'gradient_clip_val': 0.23802101069088116, 'hidden_size': 85, 'dropout': 0.1847796560525491, 'hidden_continuous_size': 55, 'attention_head_size': 2, 'learning_rate': 0.013816235345370036}. Best is trial 6 with value: 0.16021166741847992.
LOCAL_RANK: 0 - CUDA_VISIBLE_DEVICES: [0]
[I 2023-12-16 09:53:14,762] Trial 11 finished with value: 2.1766140460968018 and parameters: {'gradient_clip_val': 0.35084309030400734, 'hidden_size': 40, 'dropout': 0.2073422446549619, 'hidden_continuous_size': 18, 'attention_head_size': 3, 'learning_rate': 0.005227109409025264}. Best is trial 6 with value: 0.16021166741847992.
LOCAL_RANK: 0 - CUDA_VISIBLE_DEVICES: [0]
[I 2023-12-16 09:54:08,985] Trial 12 finished with value: 2.9827721118927 and parameters: {'gradient_clip_val': 0.1632523018881958, 'hidden_size': 52, 'dropout': 0.19467319090717528, 'hidden_continuous_size': 16, 'attention_head_size': 4, 'learning_rate': 0.02075044520499642}. Best is trial 6 with value: 0.16021166741847992.
LOCAL_RANK: 0 - CUDA_VISIBLE_DEVICES: [0]
[I 2023-12-16 09:55:00,019] Trial 13 finished with value: 2.1911375522613525 and parameters: {'gradient_clip_val': 0.2886841305709294, 'hidden_size': 27, 'dropout': 0.1502409473311398, 'hidden_continuous_size': 16, 'attention_head_size': 3, 'learning_rate': 0.002486351686705124}. Best is trial 6 with value: 0.16021166741847992.
LOCAL_RANK: 0 - CUDA_VISIBLE_DEVICES: [0]
[I 2023-12-16 09:55:53,426] Trial 14 finished with value: 0.9268984198570251 and parameters: {'gradient_clip_val': 0.47221278601827915, 'hidden_size': 52, 'dropout': 0.22791957600605955, 'hidden_continuous_size': 24, 'attention_head_size': 2, 'learning_rate': 0.005222682936834141}. Best is trial 6 with value: 0.16021166741847992.
LOCAL_RANK: 0 - CUDA_VISIBLE_DEVICES: [0]
[I 2023-12-16 09:56:44,390] Trial 15 finished with value: 2.528111696243286 and parameters: {'gradient_clip_val': 0.14899090761110068, 'hidden_size': 22, 'dropout': 0.16276817837211618, 'hidden_continuous_size': 12, 'attention_head_size': 3, 'learning_rate': 0.022139801469971344}. Best is trial 6 with value: 0.16021166741847992.
LOCAL_RANK: 0 - CUDA_VISIBLE_DEVICES: [0]
[I 2023-12-16 09:57:38,947] Trial 16 finished with value: 2.3657517433166504 and parameters: {'gradient_clip_val': 0.2776588015110344, 'hidden_size': 57, 'dropout': 0.23700083931026644, 'hidden_continuous_size': 29, 'attention_head_size': 2, 'learning_rate': 0.006530944506873911}. Best is trial 6 with value: 0.16021166741847992.
LOCAL_RANK: 0 - CUDA_VISIBLE_DEVICES: [0]
[I 2023-12-16 09:58:30,179] Trial 17 finished with value: 0.4807267189025879 and parameters: {'gradient_clip_val': 0.3698894924013668, 'hidden_size': 36, 'dropout': 0.10220923879259952, 'hidden_continuous_size': 10, 'attention_head_size': 4, 'learning_rate': 0.0032590220804140494}. Best is trial 6 with value: 0.16021166741847992.
LOCAL_RANK: 0 - CUDA_VISIBLE_DEVICES: [0]
[I 2023-12-16 09:59:26,819] Trial 18 finished with value: 3.2798964977264404 and parameters: {'gradient_clip_val': 0.19734086547890162, 'hidden_size': 95, 'dropout': 0.21961581612001685, 'hidden_continuous_size': 31, 'attention_head_size': 3, 'learning_rate': 0.0104515102731613}. Best is trial 6 with value: 0.16021166741847992.
LOCAL_RANK: 0 - CUDA_VISIBLE_DEVICES: [0]
[I 2023-12-16 10:00:15,705] Trial 19 finished with value: 3.687093734741211 and parameters: {'gradient_clip_val': 0.6761280584785744, 'hidden_size': 24, 'dropout': 0.16542863546822933, 'hidden_continuous_size': 12, 'attention_head_size': 2, 'learning_rate': 0.030826818610466662}. Best is trial 6 with value: 0.16021166741847992.
LOCAL_RANK: 0 - CUDA_VISIBLE_DEVICES: [0]
[I 2023-12-16 10:01:10,805] Trial 20 finished with value: 0.7812460064888 and parameters: {'gradient_clip_val': 0.41472241750742994, 'hidden_size': 63, 'dropout': 0.2617495821728927, 'hidden_continuous_size': 21, 'attention_head_size': 3, 'learning_rate': 0.007488164734937009}. Best is trial 6 with value: 0.16021166741847992.
LOCAL_RANK: 0 - CUDA_VISIBLE_DEVICES: [0]
[I 2023-12-16 10:02:06,293] Trial 21 finished with value: 0.12944309413433075 and parameters: {'gradient_clip_val': 0.9240821384982273, 'hidden_size': 73, 'dropout': 0.28251482593322264, 'hidden_continuous_size': 14, 'attention_head_size': 4, 'learning_rate': 0.09630317844430002}. Best is trial 21 with value: 0.12944309413433075.
LOCAL_RANK: 0 - CUDA_VISIBLE_DEVICES: [0]
[I 2023-12-16 10:03:00,519] Trial 22 finished with value: 0.5082243084907532 and parameters: {'gradient_clip_val': 0.8870513423190038, 'hidden_size': 42, 'dropout': 0.23596996889186508, 'hidden_continuous_size': 13, 'attention_head_size': 4, 'learning_rate': 0.09557788393795853}. Best is trial 21 with value: 0.12944309413433075.
LOCAL_RANK: 0 - CUDA_VISIBLE_DEVICES: [0]
[I 2023-12-16 10:03:54,451] Trial 23 finished with value: 0.07680348306894302 and parameters: {'gradient_clip_val': 0.6742341854796051, 'hidden_size': 68, 'dropout': 0.21059689336846815, 'hidden_continuous_size': 10, 'attention_head_size': 4, 'learning_rate': 0.04172303702733837}. Best is trial 23 with value: 0.07680348306894302.
LOCAL_RANK: 0 - CUDA_VISIBLE_DEVICES: [0]
[I 2023-12-16 10:04:49,293] Trial 24 finished with value: 0.17870354652404785 and parameters: {'gradient_clip_val': 0.991984410905999, 'hidden_size': 66, 'dropout': 0.1915456021456021, 'hidden_continuous_size': 10, 'attention_head_size': 4, 'learning_rate': 0.041848041532278286}. Best is trial 23 with value: 0.07680348306894302.
LOCAL_RANK: 0 - CUDA_VISIBLE_DEVICES: [0]
[I 2023-12-16 10:05:44,954] Trial 25 finished with value: 1.4327608346939087 and parameters: {'gradient_clip_val': 0.6999316790102346, 'hidden_size': 75, 'dropout': 0.26199253614523776, 'hidden_continuous_size': 20, 'attention_head_size': 4, 'learning_rate': 0.04322403199356437}. Best is trial 23 with value: 0.07680348306894302.
LOCAL_RANK: 0 - CUDA_VISIBLE_DEVICES: [0]
[I 2023-12-16 10:06:40,375] Trial 26 finished with value: 0.12045947462320328 and parameters: {'gradient_clip_val': 0.80010810805992, 'hidden_size': 94, 'dropout': 0.2149929734340823, 'hidden_continuous_size': 9, 'attention_head_size': 4, 'learning_rate': 0.08892380739353285}. Best is trial 23 with value: 0.07680348306894302.
LOCAL_RANK: 0 - CUDA_VISIBLE_DEVICES: [0]
[I 2023-12-16 10:07:36,454] Trial 27 finished with value: 1.230385184288025 and parameters: {'gradient_clip_val': 0.7483679951001597, 'hidden_size': 99, 'dropout': 0.28528629518067106, 'hidden_continuous_size': 10, 'attention_head_size': 4, 'learning_rate': 0.0956726503502003}. Best is trial 23 with value: 0.07680348306894302.
LOCAL_RANK: 0 - CUDA_VISIBLE_DEVICES: [0]
[I 2023-12-16 10:08:31,327] Trial 28 finished with value: 0.611242949962616 and parameters: {'gradient_clip_val': 0.8076656596091746, 'hidden_size': 71, 'dropout': 0.18358669015818302, 'hidden_continuous_size': 8, 'attention_head_size': 4, 'learning_rate': 0.09835314798530095}. Best is trial 23 with value: 0.07680348306894302.
LOCAL_RANK: 0 - CUDA_VISIBLE_DEVICES: [0]
[I 2023-12-16 10:09:25,143] Trial 29 finished with value: 2.0517454147338867 and parameters: {'gradient_clip_val': 0.6524364781033738, 'hidden_size': 68, 'dropout': 0.3427012528956685, 'hidden_continuous_size': 9, 'attention_head_size': 4, 'learning_rate': 0.05710860906108094}. Best is trial 23 with value: 0.07680348306894302.
LOCAL_RANK: 0 - CUDA_VISIBLE_DEVICES: [0]
[I 2023-12-16 10:10:20,565] Trial 30 finished with value: 0.4133034944534302 and parameters: {'gradient_clip_val': 0.9899764607456826, 'hidden_size': 100, 'dropout': 0.2496719258654248, 'hidden_continuous_size': 7, 'attention_head_size': 4, 'learning_rate': 0.04373465158061532}. Best is trial 23 with value: 0.07680348306894302.
LOCAL_RANK: 0 - CUDA_VISIBLE_DEVICES: [0]
[I 2023-12-16 10:11:15,985] Trial 31 finished with value: 0.9386981129646301 and parameters: {'gradient_clip_val': 0.5978748213895739, 'hidden_size': 59, 'dropout': 0.21121469484436922, 'hidden_continuous_size': 13, 'attention_head_size': 4, 'learning_rate': 0.028199898812339624}. Best is trial 23 with value: 0.07680348306894302.
LOCAL_RANK: 0 - CUDA_VISIBLE_DEVICES: [0]
[I 2023-12-16 10:12:10,973] Trial 32 finished with value: 1.2068198919296265 and parameters: {'gradient_clip_val': 0.7858596906610794, 'hidden_size': 75, 'dropout': 0.21047267407445028, 'hidden_continuous_size': 14, 'attention_head_size': 2, 'learning_rate': 0.07344890253088884}. Best is trial 23 with value: 0.07680348306894302.
LOCAL_RANK: 0 - CUDA_VISIBLE_DEVICES: [0]
[I 2023-12-16 10:13:04,353] Trial 33 finished with value: 0.14086557924747467 and parameters: {'gradient_clip_val': 0.8407357461635205, 'hidden_size': 48, 'dropout': 0.2399640912756345, 'hidden_continuous_size': 11, 'attention_head_size': 4, 'learning_rate': 0.05871381561935716}. Best is trial 23 with value: 0.07680348306894302.
LOCAL_RANK: 0 - CUDA_VISIBLE_DEVICES: [0]
[I 2023-12-16 10:13:59,378] Trial 34 finished with value: 0.3576001226902008 and parameters: {'gradient_clip_val': 0.8437293523445547, 'hidden_size': 82, 'dropout': 0.24384043874477648, 'hidden_continuous_size': 11, 'attention_head_size': 4, 'learning_rate': 0.05757443686198837}. Best is trial 23 with value: 0.07680348306894302.
LOCAL_RANK: 0 - CUDA_VISIBLE_DEVICES: [0]
[I 2023-12-16 10:14:54,736] Trial 35 finished with value: 0.5937402248382568 and parameters: {'gradient_clip_val': 0.7529202404518657, 'hidden_size': 82, 'dropout': 0.27504197743353637, 'hidden_continuous_size': 9, 'attention_head_size': 4, 'learning_rate': 0.07038422689517464}. Best is trial 23 with value: 0.07680348306894302.
LOCAL_RANK: 0 - CUDA_VISIBLE_DEVICES: [0]
[I 2023-12-16 10:15:49,955] Trial 36 finished with value: 1.4537709951400757 and parameters: {'gradient_clip_val': 0.8946495667545415, 'hidden_size': 58, 'dropout': 0.2934671587936693, 'hidden_continuous_size': 11, 'attention_head_size': 4, 'learning_rate': 0.04807833349230973}. Best is trial 23 with value: 0.07680348306894302.
LOCAL_RANK: 0 - CUDA_VISIBLE_DEVICES: [0]
[I 2023-12-16 10:16:40,539] Trial 37 finished with value: 1.9251331090927124 and parameters: {'gradient_clip_val': 0.6169017290344151, 'hidden_size': 40, 'dropout': 0.25543116994567083, 'hidden_continuous_size': 7, 'attention_head_size': 3, 'learning_rate': 0.07203551929203092}. Best is trial 23 with value: 0.07680348306894302.
LOCAL_RANK: 0 - CUDA_VISIBLE_DEVICES: [0]
[I 2023-12-16 10:17:34,111] Trial 38 finished with value: 3.188553810119629 and parameters: {'gradient_clip_val': 0.5235086244354615, 'hidden_size': 47, 'dropout': 0.33212097460862616, 'hidden_continuous_size': 6, 'attention_head_size': 4, 'learning_rate': 0.034292254025979484}. Best is trial 23 with value: 0.07680348306894302.
LOCAL_RANK: 0 - CUDA_VISIBLE_DEVICES: [0]
[I 2023-12-16 10:18:28,379] Trial 39 finished with value: 0.35356971621513367 and parameters: {'gradient_clip_val': 0.686775687815782, 'hidden_size': 64, 'dropout': 0.2690525552974243, 'hidden_continuous_size': 14, 'attention_head_size': 3, 'learning_rate': 0.05988238913501416}. Best is trial 23 with value: 0.07680348306894302.
LOCAL_RANK: 0 - CUDA_VISIBLE_DEVICES: [0]
[I 2023-12-16 10:19:23,252] Trial 40 finished with value: 1.0179051160812378 and parameters: {'gradient_clip_val': 0.8217274186498662, 'hidden_size': 86, 'dropout': 0.234893774531837, 'hidden_continuous_size': 6, 'attention_head_size': 4, 'learning_rate': 0.0364163900472606}. Best is trial 23 with value: 0.07680348306894302.
LOCAL_RANK: 0 - CUDA_VISIBLE_DEVICES: [0]
[I 2023-12-16 10:20:17,774] Trial 41 finished with value: 0.1311575025320053 and parameters: {'gradient_clip_val': 0.8938643358770689, 'hidden_size': 52, 'dropout': 0.22280396051181908, 'hidden_continuous_size': 12, 'attention_head_size': 4, 'learning_rate': 0.0844224715796464}. Best is trial 23 with value: 0.07680348306894302.
LOCAL_RANK: 0 - CUDA_VISIBLE_DEVICES: [0]
[I 2023-12-16 10:21:12,565] Trial 42 finished with value: 1.3648847341537476 and parameters: {'gradient_clip_val': 0.9570401554935274, 'hidden_size': 72, 'dropout': 0.24657268361778772, 'hidden_continuous_size': 12, 'attention_head_size': 4, 'learning_rate': 0.08462434406450915}. Best is trial 23 with value: 0.07680348306894302.
LOCAL_RANK: 0 - CUDA_VISIBLE_DEVICES: [0]
[I 2023-12-16 10:22:06,518] Trial 43 finished with value: 3.0378315448760986 and parameters: {'gradient_clip_val': 0.8854338002457168, 'hidden_size': 47, 'dropout': 0.22323833304536328, 'hidden_continuous_size': 9, 'attention_head_size': 4, 'learning_rate': 0.05554755511981495}. Best is trial 23 with value: 0.07680348306894302.
LOCAL_RANK: 0 - CUDA_VISIBLE_DEVICES: [0]
[I 2023-12-16 10:23:02,124] Trial 44 finished with value: 0.08418524265289307 and parameters: {'gradient_clip_val': 0.7220169863691528, 'hidden_size': 58, 'dropout': 0.1986711117599282, 'hidden_continuous_size': 15, 'attention_head_size': 4, 'learning_rate': 0.0772015366310091}. Best is trial 23 with value: 0.07680348306894302.
LOCAL_RANK: 0 - CUDA_VISIBLE_DEVICES: [0]
[I 2023-12-16 10:23:57,582] Trial 45 finished with value: 0.20053215324878693 and parameters: {'gradient_clip_val': 0.7276457708166084, 'hidden_size': 88, 'dropout': 0.20990607280590323, 'hidden_continuous_size': 16, 'attention_head_size': 4, 'learning_rate': 0.07842932433602977}. Best is trial 23 with value: 0.07680348306894302.
LOCAL_RANK: 0 - CUDA_VISIBLE_DEVICES: [0]
[I 2023-12-16 10:24:52,003] Trial 46 finished with value: 0.062194984406232834 and parameters: {'gradient_clip_val': 0.6395987646137297, 'hidden_size': 58, 'dropout': 0.197763537691334, 'hidden_continuous_size': 14, 'attention_head_size': 3, 'learning_rate': 0.09669318948266936}. Best is trial 46 with value: 0.062194984406232834.
LOCAL_RANK: 0 - CUDA_VISIBLE_DEVICES: [0]
[I 2023-12-16 10:25:44,065] Trial 47 finished with value: 0.12086611986160278 and parameters: {'gradient_clip_val': 0.5546979546838755, 'hidden_size': 35, 'dropout': 0.19991387522184684, 'hidden_continuous_size': 14, 'attention_head_size': 3, 'learning_rate': 0.09788059957457781}. Best is trial 46 with value: 0.062194984406232834.
LOCAL_RANK: 0 - CUDA_VISIBLE_DEVICES: [0]
[I 2023-12-16 10:26:36,888] Trial 48 finished with value: 0.0869564414024353 and parameters: {'gradient_clip_val': 0.5225620711158708, 'hidden_size': 37, 'dropout': 0.19841691269341444, 'hidden_continuous_size': 15, 'attention_head_size': 3, 'learning_rate': 0.06682713530275199}. Best is trial 46 with value: 0.062194984406232834.
LOCAL_RANK: 0 - CUDA_VISIBLE_DEVICES: [0]
[I 2023-12-16 10:27:30,602] Trial 49 finished with value: 1.3258243799209595 and parameters: {'gradient_clip_val': 0.6177430539346385, 'hidden_size': 56, 'dropout': 0.1845719238342198, 'hidden_continuous_size': 18, 'attention_head_size': 3, 'learning_rate': 0.047248186630660924}. Best is trial 46 with value: 0.062194984406232834.
[I 2023-12-16 10:27:30,701] A new study created in memory with name: no-name-69a5161d-c166-4fcc-8d1f-dcbb6dcde90c
/home/le004/conda/anaconda3/envs/tsff_env/lib/python3.9/site-packages/lightning/fabric/plugins/environments/slurm.py:191: The `srun` command is available on your system but is not used. HINT: If your intention is to run Lightning on SLURM, prepend your python command with `srun` like so: srun python /home/le004/master_thesis/git/TSFusionForecast/code/ ...
LOCAL_RANK: 0 - CUDA_VISIBLE_DEVICES: [0]
[I 2023-12-16 10:28:21,090] Trial 0 finished with value: 0.6927717328071594 and parameters: {'gradient_clip_val': 0.914458713707724, 'hidden_size': 27, 'dropout': 0.34507161180137225, 'hidden_continuous_size': 11, 'attention_head_size': 2, 'learning_rate': 0.0027103369957317833}. Best is trial 0 with value: 0.6927717328071594.
LOCAL_RANK: 0 - CUDA_VISIBLE_DEVICES: [0]
[I 2023-12-16 10:29:07,681] Trial 1 finished with value: 3.102912187576294 and parameters: {'gradient_clip_val': 0.11595885174610263, 'hidden_size': 7, 'dropout': 0.13835673632781928, 'hidden_continuous_size': 5, 'attention_head_size': 2, 'learning_rate': 0.001041873579275384}. Best is trial 0 with value: 0.6927717328071594.
LOCAL_RANK: 0 - CUDA_VISIBLE_DEVICES: [0]
[I 2023-12-16 10:29:53,373] Trial 2 finished with value: 2.101184368133545 and parameters: {'gradient_clip_val': 0.2705487855094012, 'hidden_size': 6, 'dropout': 0.1445954702585729, 'hidden_continuous_size': 5, 'attention_head_size': 1, 'learning_rate': 0.0008779008446307114}. Best is trial 0 with value: 0.6927717328071594.
LOCAL_RANK: 0 - CUDA_VISIBLE_DEVICES: [0]
[I 2023-12-16 10:30:47,612] Trial 3 finished with value: 2.501739025115967 and parameters: {'gradient_clip_val': 0.18786539973433689, 'hidden_size': 96, 'dropout': 0.1873958677983359, 'hidden_continuous_size': 9, 'attention_head_size': 3, 'learning_rate': 0.004506988080707455}. Best is trial 0 with value: 0.6927717328071594.
LOCAL_RANK: 0 - CUDA_VISIBLE_DEVICES: [0]
[I 2023-12-16 10:31:34,654] Trial 4 finished with value: 4.317540645599365 and parameters: {'gradient_clip_val': 0.20223843161494923, 'hidden_size': 10, 'dropout': 0.1985651767330528, 'hidden_continuous_size': 7, 'attention_head_size': 2, 'learning_rate': 0.026207651512451913}. Best is trial 0 with value: 0.6927717328071594.
LOCAL_RANK: 0 - CUDA_VISIBLE_DEVICES: [0]
[I 2023-12-16 10:32:20,205] Trial 5 finished with value: 2.3412277698516846 and parameters: {'gradient_clip_val': 0.22689289321492073, 'hidden_size': 8, 'dropout': 0.21889117218617452, 'hidden_continuous_size': 5, 'attention_head_size': 3, 'learning_rate': 0.08100121253432159}. Best is trial 0 with value: 0.6927717328071594.
LOCAL_RANK: 0 - CUDA_VISIBLE_DEVICES: [0]
[I 2023-12-16 10:33:13,748] Trial 6 finished with value: 2.815239667892456 and parameters: {'gradient_clip_val': 0.26666630365212324, 'hidden_size': 40, 'dropout': 0.1160182491363254, 'hidden_continuous_size': 32, 'attention_head_size': 4, 'learning_rate': 0.0020323255621941564}. Best is trial 0 with value: 0.6927717328071594.
LOCAL_RANK: 0 - CUDA_VISIBLE_DEVICES: [0]
[I 2023-12-16 10:33:59,707] Trial 7 finished with value: 3.4549646377563477 and parameters: {'gradient_clip_val': 0.259550672115991, 'hidden_size': 6, 'dropout': 0.3852515892347974, 'hidden_continuous_size': 5, 'attention_head_size': 2, 'learning_rate': 0.0007514014111617323}. Best is trial 0 with value: 0.6927717328071594.
LOCAL_RANK: 0 - CUDA_VISIBLE_DEVICES: [0]
[I 2023-12-16 10:34:45,859] Trial 8 finished with value: 0.828419029712677 and parameters: {'gradient_clip_val': 0.10772501280428387, 'hidden_size': 10, 'dropout': 0.12245905248673349, 'hidden_continuous_size': 8, 'attention_head_size': 1, 'learning_rate': 0.07987195074389523}. Best is trial 0 with value: 0.6927717328071594.
LOCAL_RANK: 0 - CUDA_VISIBLE_DEVICES: [0]
[I 2023-12-16 10:35:36,609] Trial 9 finished with value: 2.4232919216156006 and parameters: {'gradient_clip_val': 0.2947399928974061, 'hidden_size': 28, 'dropout': 0.16680664038269932, 'hidden_continuous_size': 19, 'attention_head_size': 4, 'learning_rate': 0.011062554483778192}. Best is trial 0 with value: 0.6927717328071594.
LOCAL_RANK: 0 - CUDA_VISIBLE_DEVICES: [0]
