[I 2023-12-16 02:03:10,981] Trial 1 finished with value: 50.615482330322266 and parameters: {'gradient_clip_val': 0.40696325242017367, 'hidden_size': 43, 'dropout': 0.16223726674506828, 'hidden_continuous_size': 26, 'attention_head_size': 2, 'learning_rate': 0.001367111484141344}. Best is trial 0 with value: 32.52189254760742.
LOCAL_RANK: 0 - CUDA_VISIBLE_DEVICES: [0]
[I 2023-12-16 02:04:04,224] Trial 2 finished with value: 32.36149978637695 and parameters: {'gradient_clip_val': 0.632407964783585, 'hidden_size': 58, 'dropout': 0.15388018344876028, 'hidden_continuous_size': 23, 'attention_head_size': 2, 'learning_rate': 0.0012037543886452876}. Best is trial 2 with value: 32.36149978637695.
LOCAL_RANK: 0 - CUDA_VISIBLE_DEVICES: [0]
[I 2023-12-16 02:04:50,699] Trial 3 finished with value: 25.74699592590332 and parameters: {'gradient_clip_val': 0.30748293575034547, 'hidden_size': 20, 'dropout': 0.3773498263196029, 'hidden_continuous_size': 5, 'attention_head_size': 3, 'learning_rate': 0.001805973828935338}. Best is trial 3 with value: 25.74699592590332.
LOCAL_RANK: 0 - CUDA_VISIBLE_DEVICES: [0]
[I 2023-12-16 02:05:42,785] Trial 4 finished with value: 30.95308494567871 and parameters: {'gradient_clip_val': 0.5967459934936421, 'hidden_size': 41, 'dropout': 0.15885427386048687, 'hidden_continuous_size': 15, 'attention_head_size': 2, 'learning_rate': 0.008854806623033203}. Best is trial 3 with value: 25.74699592590332.
LOCAL_RANK: 0 - CUDA_VISIBLE_DEVICES: [0]
[I 2023-12-16 02:06:17,084] Trial 5 finished with value: 27.621347427368164 and parameters: {'gradient_clip_val': 0.18873658432707427, 'hidden_size': 5, 'dropout': 0.3458265964586944, 'hidden_continuous_size': 5, 'attention_head_size': 3, 'learning_rate': 0.03711591527872007}. Best is trial 3 with value: 25.74699592590332.
LOCAL_RANK: 0 - CUDA_VISIBLE_DEVICES: [0]
[I 2023-12-16 02:07:01,430] Trial 6 finished with value: 32.32670593261719 and parameters: {'gradient_clip_val': 0.20967161839885468, 'hidden_size': 8, 'dropout': 0.3863654069645842, 'hidden_continuous_size': 6, 'attention_head_size': 3, 'learning_rate': 0.09783913104860768}. Best is trial 3 with value: 25.74699592590332.
LOCAL_RANK: 0 - CUDA_VISIBLE_DEVICES: [0]
[I 2023-12-16 02:07:54,886] Trial 7 finished with value: 41.66851806640625 and parameters: {'gradient_clip_val': 0.6545800142654364, 'hidden_size': 50, 'dropout': 0.28292492154765214, 'hidden_continuous_size': 27, 'attention_head_size': 3, 'learning_rate': 0.013309378193250959}. Best is trial 3 with value: 25.74699592590332.
LOCAL_RANK: 0 - CUDA_VISIBLE_DEVICES: [0]
[I 2023-12-16 02:08:46,866] Trial 8 finished with value: 48.87482833862305 and parameters: {'gradient_clip_val': 0.868314773002736, 'hidden_size': 49, 'dropout': 0.34738055954623714, 'hidden_continuous_size': 13, 'attention_head_size': 1, 'learning_rate': 0.004188837787391833}. Best is trial 3 with value: 25.74699592590332.
LOCAL_RANK: 0 - CUDA_VISIBLE_DEVICES: [0]
[I 2023-12-16 02:09:36,075] Trial 9 finished with value: 29.0761775970459 and parameters: {'gradient_clip_val': 0.3316385974849544, 'hidden_size': 22, 'dropout': 0.3109661108188564, 'hidden_continuous_size': 19, 'attention_head_size': 3, 'learning_rate': 0.0039347642046920605}. Best is trial 3 with value: 25.74699592590332.
LOCAL_RANK: 0 - CUDA_VISIBLE_DEVICES: [0]
[I 2023-12-16 02:10:33,677] Trial 10 finished with value: 25.039093017578125 and parameters: {'gradient_clip_val': 0.1013325083885353, 'hidden_size': 96, 'dropout': 0.3974783392018012, 'hidden_continuous_size': 81, 'attention_head_size': 4, 'learning_rate': 0.0008411695815358052}. Best is trial 10 with value: 25.039093017578125.
LOCAL_RANK: 0 - CUDA_VISIBLE_DEVICES: [0]
[I 2023-12-16 02:11:31,831] Trial 11 finished with value: 26.858999252319336 and parameters: {'gradient_clip_val': 0.12200316359424773, 'hidden_size': 82, 'dropout': 0.3941996128203869, 'hidden_continuous_size': 77, 'attention_head_size': 4, 'learning_rate': 0.0005374818414345603}. Best is trial 10 with value: 25.039093017578125.
LOCAL_RANK: 0 - CUDA_VISIBLE_DEVICES: [0]
[I 2023-12-16 02:12:29,989] Trial 12 finished with value: 35.677066802978516 and parameters: {'gradient_clip_val': 0.10578228852627751, 'hidden_size': 91, 'dropout': 0.3933933075884102, 'hidden_continuous_size': 85, 'attention_head_size': 4, 'learning_rate': 0.001554195266550283}. Best is trial 10 with value: 25.039093017578125.
LOCAL_RANK: 0 - CUDA_VISIBLE_DEVICES: [0]
[I 2023-12-16 02:13:15,942] Trial 13 finished with value: 30.458948135375977 and parameters: {'gradient_clip_val': 0.20360477016539685, 'hidden_size': 14, 'dropout': 0.2502959579460591, 'hidden_continuous_size': 5, 'attention_head_size': 4, 'learning_rate': 0.0007484931418597088}. Best is trial 10 with value: 25.039093017578125.
LOCAL_RANK: 0 - CUDA_VISIBLE_DEVICES: [0]
[I 2023-12-16 02:14:04,771] Trial 14 finished with value: 34.07909393310547 and parameters: {'gradient_clip_val': 0.14480571759815367, 'hidden_size': 28, 'dropout': 0.3604662133468, 'hidden_continuous_size': 8, 'attention_head_size': 4, 'learning_rate': 0.002388818073149255}. Best is trial 10 with value: 25.039093017578125.
LOCAL_RANK: 0 - CUDA_VISIBLE_DEVICES: [0]
[I 2023-12-16 02:14:50,717] Trial 15 finished with value: 49.907745361328125 and parameters: {'gradient_clip_val': 0.28366977606723076, 'hidden_size': 15, 'dropout': 0.2943696845105374, 'hidden_continuous_size': 6, 'attention_head_size': 3, 'learning_rate': 0.0005255849773136641}. Best is trial 10 with value: 25.039093017578125.
LOCAL_RANK: 0 - CUDA_VISIBLE_DEVICES: [0]
[I 2023-12-16 02:15:46,914] Trial 16 finished with value: 35.16728591918945 and parameters: {'gradient_clip_val': 0.15106448495000405, 'hidden_size': 98, 'dropout': 0.36664420760222616, 'hidden_continuous_size': 46, 'attention_head_size': 1, 'learning_rate': 0.0024491715124970287}. Best is trial 10 with value: 25.039093017578125.
LOCAL_RANK: 0 - CUDA_VISIBLE_DEVICES: [0]
[I 2023-12-16 02:16:36,800] Trial 17 finished with value: 26.70648956298828 and parameters: {'gradient_clip_val': 0.1005571461776773, 'hidden_size': 31, 'dropout': 0.33012183337072487, 'hidden_continuous_size': 10, 'attention_head_size': 4, 'learning_rate': 0.0009603365523956093}. Best is trial 10 with value: 25.039093017578125.
LOCAL_RANK: 0 - CUDA_VISIBLE_DEVICES: [0]
[I 2023-12-16 02:17:30,097] Trial 18 finished with value: 31.456993103027344 and parameters: {'gradient_clip_val': 0.2442407092214822, 'hidden_size': 67, 'dropout': 0.39973935393194704, 'hidden_continuous_size': 10, 'attention_head_size': 3, 'learning_rate': 0.00229092495354824}. Best is trial 10 with value: 25.039093017578125.
LOCAL_RANK: 0 - CUDA_VISIBLE_DEVICES: [0]
[I 2023-12-16 02:18:19,342] Trial 19 finished with value: 25.837411880493164 and parameters: {'gradient_clip_val': 0.16023902385147357, 'hidden_size': 34, 'dropout': 0.36304961135572417, 'hidden_continuous_size': 8, 'attention_head_size': 2, 'learning_rate': 0.0009566404166435374}. Best is trial 10 with value: 25.039093017578125.
LOCAL_RANK: 0 - CUDA_VISIBLE_DEVICES: [0]
[I 2023-12-16 02:19:06,233] Trial 20 finished with value: 34.63325500488281 and parameters: {'gradient_clip_val': 0.3659382160712409, 'hidden_size': 17, 'dropout': 0.2154789358985848, 'hidden_continuous_size': 7, 'attention_head_size': 4, 'learning_rate': 0.0005204286404925308}. Best is trial 10 with value: 25.039093017578125.
LOCAL_RANK: 0 - CUDA_VISIBLE_DEVICES: [0]
[I 2023-12-16 02:19:55,658] Trial 21 finished with value: 31.227264404296875 and parameters: {'gradient_clip_val': 0.14841328791377573, 'hidden_size': 34, 'dropout': 0.36291537868135576, 'hidden_continuous_size': 9, 'attention_head_size': 2, 'learning_rate': 0.0009742920808279908}. Best is trial 10 with value: 25.039093017578125.
LOCAL_RANK: 0 - CUDA_VISIBLE_DEVICES: [0]
[I 2023-12-16 02:20:49,011] Trial 22 finished with value: 33.07278060913086 and parameters: {'gradient_clip_val': 0.12915192942154005, 'hidden_size': 67, 'dropout': 0.35503425735681976, 'hidden_continuous_size': 12, 'attention_head_size': 2, 'learning_rate': 0.0017099648045534085}. Best is trial 10 with value: 25.039093017578125.
LOCAL_RANK: 0 - CUDA_VISIBLE_DEVICES: [0]
[I 2023-12-16 02:21:38,077] Trial 23 finished with value: 29.011266708374023 and parameters: {'gradient_clip_val': 0.17063599340002447, 'hidden_size': 38, 'dropout': 0.3756847282236024, 'hidden_continuous_size': 7, 'attention_head_size': 1, 'learning_rate': 0.0008245956220383586}. Best is trial 10 with value: 25.039093017578125.
LOCAL_RANK: 0 - CUDA_VISIBLE_DEVICES: [0]
[I 2023-12-16 02:22:24,989] Trial 24 finished with value: 33.08816146850586 and parameters: {'gradient_clip_val': 0.11795071173770942, 'hidden_size': 20, 'dropout': 0.39902818565999004, 'hidden_continuous_size': 8, 'attention_head_size': 2, 'learning_rate': 0.000845203478614392}. Best is trial 10 with value: 25.039093017578125.
LOCAL_RANK: 0 - CUDA_VISIBLE_DEVICES: [0]
[I 2023-12-16 02:23:14,417] Trial 25 finished with value: 25.213899612426758 and parameters: {'gradient_clip_val': 0.2655540871617666, 'hidden_size': 31, 'dropout': 0.3343331604856118, 'hidden_continuous_size': 11, 'attention_head_size': 3, 'learning_rate': 0.0014481250150141438}. Best is trial 10 with value: 25.039093017578125.
LOCAL_RANK: 0 - CUDA_VISIBLE_DEVICES: [0]
[I 2023-12-16 02:24:03,949] Trial 26 finished with value: 34.81632614135742 and parameters: {'gradient_clip_val': 0.24476577845084854, 'hidden_size': 27, 'dropout': 0.3312276857568863, 'hidden_continuous_size': 11, 'attention_head_size': 3, 'learning_rate': 0.0016188085650768245}. Best is trial 10 with value: 25.039093017578125.
LOCAL_RANK: 0 - CUDA_VISIBLE_DEVICES: [0]
[I 2023-12-16 02:24:59,325] Trial 27 finished with value: 30.92852210998535 and parameters: {'gradient_clip_val': 0.4305441540580354, 'hidden_size': 79, 'dropout': 0.37757149927510103, 'hidden_continuous_size': 35, 'attention_head_size': 3, 'learning_rate': 0.003302202429371399}. Best is trial 10 with value: 25.039093017578125.
LOCAL_RANK: 0 - CUDA_VISIBLE_DEVICES: [0]
[I 2023-12-16 02:25:53,026] Trial 28 finished with value: 40.05478286743164 and parameters: {'gradient_clip_val': 0.27430464699755114, 'hidden_size': 58, 'dropout': 0.3111769908333604, 'hidden_continuous_size': 13, 'attention_head_size': 3, 'learning_rate': 0.006162698719788176}. Best is trial 10 with value: 25.039093017578125.
LOCAL_RANK: 0 - CUDA_VISIBLE_DEVICES: [0]
[I 2023-12-16 02:26:42,655] Trial 29 finished with value: 33.92924880981445 and parameters: {'gradient_clip_val': 0.18577940053775513, 'hidden_size': 23, 'dropout': 0.32799387327860197, 'hidden_continuous_size': 9, 'attention_head_size': 4, 'learning_rate': 0.001932142808534938}. Best is trial 10 with value: 25.039093017578125.
LOCAL_RANK: 0 - CUDA_VISIBLE_DEVICES: [0]
[I 2023-12-16 02:27:38,455] Trial 30 finished with value: 31.51263427734375 and parameters: {'gradient_clip_val': 0.22427550240396424, 'hidden_size': 99, 'dropout': 0.376208253355425, 'hidden_continuous_size': 16, 'attention_head_size': 4, 'learning_rate': 0.00126068430588734}. Best is trial 10 with value: 25.039093017578125.
LOCAL_RANK: 0 - CUDA_VISIBLE_DEVICES: [0]
[I 2023-12-16 02:28:28,727] Trial 31 finished with value: 29.07001495361328 and parameters: {'gradient_clip_val': 0.1659290911090582, 'hidden_size': 33, 'dropout': 0.3477113683887565, 'hidden_continuous_size': 14, 'attention_head_size': 2, 'learning_rate': 0.001285256864491905}. Best is trial 10 with value: 25.039093017578125.
LOCAL_RANK: 0 - CUDA_VISIBLE_DEVICES: [0]
[I 2023-12-16 02:29:21,219] Trial 32 finished with value: 28.223230361938477 and parameters: {'gradient_clip_val': 0.13611811259007361, 'hidden_size': 39, 'dropout': 0.373995839982527, 'hidden_continuous_size': 17, 'attention_head_size': 3, 'learning_rate': 0.0006896946759277595}. Best is trial 10 with value: 25.039093017578125.
LOCAL_RANK: 0 - CUDA_VISIBLE_DEVICES: [0]
[I 2023-12-16 02:30:10,146] Trial 33 finished with value: 27.092947006225586 and parameters: {'gradient_clip_val': 0.11437860710069057, 'hidden_size': 26, 'dropout': 0.3613802386964584, 'hidden_continuous_size': 11, 'attention_head_size': 2, 'learning_rate': 0.0011831630529073882}. Best is trial 10 with value: 25.039093017578125.
LOCAL_RANK: 0 - CUDA_VISIBLE_DEVICES: [0]
[I 2023-12-16 02:30:59,866] Trial 34 finished with value: 30.092430114746094 and parameters: {'gradient_clip_val': 0.16954902594870344, 'hidden_size': 33, 'dropout': 0.38167649468911075, 'hidden_continuous_size': 12, 'attention_head_size': 2, 'learning_rate': 0.00109184882750958}. Best is trial 10 with value: 25.039093017578125.
LOCAL_RANK: 0 - CUDA_VISIBLE_DEVICES: [0]
[I 2023-12-16 02:31:50,167] Trial 35 finished with value: 35.34894561767578 and parameters: {'gradient_clip_val': 0.1004626490120688, 'hidden_size': 45, 'dropout': 0.34333466668763424, 'hidden_continuous_size': 5, 'attention_head_size': 3, 'learning_rate': 0.0007155876533550715}. Best is trial 10 with value: 25.039093017578125.
LOCAL_RANK: 0 - CUDA_VISIBLE_DEVICES: [0]
[I 2023-12-16 02:32:37,064] Trial 36 finished with value: 24.192169189453125 and parameters: {'gradient_clip_val': 0.13699542225763828, 'hidden_size': 19, 'dropout': 0.38224836655736466, 'hidden_continuous_size': 6, 'attention_head_size': 2, 'learning_rate': 0.0015683703400809917}. Best is trial 36 with value: 24.192169189453125.
LOCAL_RANK: 0 - CUDA_VISIBLE_DEVICES: [0]
[I 2023-12-16 02:33:20,770] Trial 37 finished with value: 34.785980224609375 and parameters: {'gradient_clip_val': 0.13311163037876303, 'hidden_size': 12, 'dropout': 0.383267242445481, 'hidden_continuous_size': 6, 'attention_head_size': 1, 'learning_rate': 0.0016619216733739623}. Best is trial 36 with value: 24.192169189453125.
LOCAL_RANK: 0 - CUDA_VISIBLE_DEVICES: [0]
[I 2023-12-16 02:34:07,478] Trial 38 finished with value: 28.77703857421875 and parameters: {'gradient_clip_val': 0.19573216616920983, 'hidden_size': 19, 'dropout': 0.1130589003423538, 'hidden_continuous_size': 5, 'attention_head_size': 3, 'learning_rate': 0.00236281801310771}. Best is trial 36 with value: 24.192169189453125.
LOCAL_RANK: 0 - CUDA_VISIBLE_DEVICES: [0]
[I 2023-12-16 02:34:55,802] Trial 39 finished with value: 30.048402786254883 and parameters: {'gradient_clip_val': 0.4192430931983734, 'hidden_size': 23, 'dropout': 0.341145414835761, 'hidden_continuous_size': 6, 'attention_head_size': 2, 'learning_rate': 0.0030126933431966364}. Best is trial 36 with value: 24.192169189453125.
LOCAL_RANK: 0 - CUDA_VISIBLE_DEVICES: [0]
[I 2023-12-16 02:35:49,202] Trial 40 finished with value: 35.9290885925293 and parameters: {'gradient_clip_val': 0.11855159826507515, 'hidden_size': 53, 'dropout': 0.3870554288384429, 'hidden_continuous_size': 23, 'attention_head_size': 3, 'learning_rate': 0.0014896755102369642}. Best is trial 36 with value: 24.192169189453125.
LOCAL_RANK: 0 - CUDA_VISIBLE_DEVICES: [0]
[I 2023-12-16 02:36:37,943] Trial 41 finished with value: 34.12076187133789 and parameters: {'gradient_clip_val': 0.13483426153487726, 'hidden_size': 40, 'dropout': 0.36423173112950363, 'hidden_continuous_size': 7, 'attention_head_size': 2, 'learning_rate': 0.0010824133212986378}. Best is trial 36 with value: 24.192169189453125.
LOCAL_RANK: 0 - CUDA_VISIBLE_DEVICES: [0]
[I 2023-12-16 02:37:26,698] Trial 42 finished with value: 31.559179306030273 and parameters: {'gradient_clip_val': 0.15660362108079617, 'hidden_size': 23, 'dropout': 0.35379135968258185, 'hidden_continuous_size': 9, 'attention_head_size': 2, 'learning_rate': 0.0012578917284230765}. Best is trial 36 with value: 24.192169189453125.
LOCAL_RANK: 0 - CUDA_VISIBLE_DEVICES: [0]
[I 2023-12-16 02:38:18,957] Trial 43 finished with value: 35.18374252319336 and parameters: {'gradient_clip_val': 0.11162902577078081, 'hidden_size': 45, 'dropout': 0.39812763527532996, 'hidden_continuous_size': 18, 'attention_head_size': 2, 'learning_rate': 0.002036898044864985}. Best is trial 36 with value: 24.192169189453125.
LOCAL_RANK: 0 - CUDA_VISIBLE_DEVICES: [0]
[I 2023-12-16 02:39:08,097] Trial 44 finished with value: 34.476810455322266 and parameters: {'gradient_clip_val': 0.18539054721149545, 'hidden_size': 27, 'dropout': 0.37112300694951467, 'hidden_continuous_size': 15, 'attention_head_size': 2, 'learning_rate': 0.0006830469782078138}. Best is trial 36 with value: 24.192169189453125.
LOCAL_RANK: 0 - CUDA_VISIBLE_DEVICES: [0]
[I 2023-12-16 02:39:55,992] Trial 45 finished with value: 30.52288246154785 and parameters: {'gradient_clip_val': 0.21511509411961313, 'hidden_size': 19, 'dropout': 0.3414761456160021, 'hidden_continuous_size': 8, 'attention_head_size': 3, 'learning_rate': 0.0014490567972316687}. Best is trial 36 with value: 24.192169189453125.
LOCAL_RANK: 0 - CUDA_VISIBLE_DEVICES: [0]
[I 2023-12-16 02:40:41,268] Trial 46 finished with value: 39.499305725097656 and parameters: {'gradient_clip_val': 0.3058345045629251, 'hidden_size': 11, 'dropout': 0.31011603118519515, 'hidden_continuous_size': 6, 'attention_head_size': 2, 'learning_rate': 0.0008624213835604105}. Best is trial 36 with value: 24.192169189453125.
LOCAL_RANK: 0 - CUDA_VISIBLE_DEVICES: [0]
[I 2023-12-16 02:41:29,984] Trial 47 finished with value: 27.381811141967773 and parameters: {'gradient_clip_val': 0.12424681771511964, 'hidden_size': 30, 'dropout': 0.38507499193708034, 'hidden_continuous_size': 13, 'attention_head_size': 1, 'learning_rate': 0.0006009511216419179}. Best is trial 36 with value: 24.192169189453125.
LOCAL_RANK: 0 - CUDA_VISIBLE_DEVICES: [0]
[I 2023-12-16 02:42:19,166] Trial 48 finished with value: 35.09779357910156 and parameters: {'gradient_clip_val': 0.10399995801317756, 'hidden_size': 25, 'dropout': 0.35203591452647154, 'hidden_continuous_size': 5, 'attention_head_size': 4, 'learning_rate': 0.0009067356438316149}. Best is trial 36 with value: 24.192169189453125.
LOCAL_RANK: 0 - CUDA_VISIBLE_DEVICES: [0]
[I 2023-12-16 02:43:06,440] Trial 49 finished with value: 29.1937198638916 and parameters: {'gradient_clip_val': 0.13862859813828926, 'hidden_size': 17, 'dropout': 0.36811783477356286, 'hidden_continuous_size': 10, 'attention_head_size': 3, 'learning_rate': 0.0019212935500525715}. Best is trial 36 with value: 24.192169189453125.
[I 2023-12-16 02:43:06,531] A new study created in memory with name: no-name-2eece3d8-29f4-4b01-b04c-c07e40eec597
/home/le004/conda/anaconda3/envs/tsff_env/lib/python3.9/site-packages/lightning/fabric/plugins/environments/slurm.py:191: The `srun` command is available on your system but is not used. HINT: If your intention is to run Lightning on SLURM, prepend your python command with `srun` like so: srun python /home/le004/master_thesis/git/TSFusionForecast/code/ ...
LOCAL_RANK: 0 - CUDA_VISIBLE_DEVICES: [0]
[I 2023-12-16 02:43:41,186] Trial 0 finished with value: 202.30055236816406 and parameters: {'gradient_clip_val': 0.20303806843399883, 'hidden_size': 32, 'dropout': 0.23657430114171307, 'hidden_continuous_size': 32, 'attention_head_size': 3, 'learning_rate': 0.008215250183050858}. Best is trial 0 with value: 202.30055236816406.
LOCAL_RANK: 0 - CUDA_VISIBLE_DEVICES: [0]
[I 2023-12-16 02:44:25,826] Trial 1 finished with value: 229.45819091796875 and parameters: {'gradient_clip_val': 0.22846274214368129, 'hidden_size': 6, 'dropout': 0.14788056691893234, 'hidden_continuous_size': 5, 'attention_head_size': 1, 'learning_rate': 0.0031577970845880986}. Best is trial 0 with value: 202.30055236816406.
LOCAL_RANK: 0 - CUDA_VISIBLE_DEVICES: [0]
[I 2023-12-16 02:45:13,239] Trial 2 finished with value: 259.1340026855469 and parameters: {'gradient_clip_val': 0.35045918968068174, 'hidden_size': 32, 'dropout': 0.24670977474532627, 'hidden_continuous_size': 8, 'attention_head_size': 1, 'learning_rate': 0.0021896229537219395}. Best is trial 0 with value: 202.30055236816406.
LOCAL_RANK: 0 - CUDA_VISIBLE_DEVICES: [0]
[I 2023-12-16 02:46:02,687] Trial 3 finished with value: 598.03955078125 and parameters: {'gradient_clip_val': 0.2736089672262766, 'hidden_size': 33, 'dropout': 0.16906427934345367, 'hidden_continuous_size': 12, 'attention_head_size': 2, 'learning_rate': 0.06611123912491297}. Best is trial 0 with value: 202.30055236816406.
LOCAL_RANK: 0 - CUDA_VISIBLE_DEVICES: [0]
[I 2023-12-16 02:46:47,915] Trial 4 finished with value: 384.2298583984375 and parameters: {'gradient_clip_val': 0.19918520717353086, 'hidden_size': 10, 'dropout': 0.37218384181592634, 'hidden_continuous_size': 7, 'attention_head_size': 1, 'learning_rate': 0.0012191655784707432}. Best is trial 0 with value: 202.30055236816406.
LOCAL_RANK: 0 - CUDA_VISIBLE_DEVICES: [0]
[I 2023-12-16 02:47:21,742] Trial 5 finished with value: 347.7830810546875 and parameters: {'gradient_clip_val': 0.6596420196864957, 'hidden_size': 7, 'dropout': 0.28361609551613787, 'hidden_continuous_size': 7, 'attention_head_size': 2, 'learning_rate': 0.07085917155504139}. Best is trial 0 with value: 202.30055236816406.
LOCAL_RANK: 0 - CUDA_VISIBLE_DEVICES: [0]
[I 2023-12-16 02:48:11,229] Trial 6 finished with value: 158.2193603515625 and parameters: {'gradient_clip_val': 0.48153748410971536, 'hidden_size': 23, 'dropout': 0.1251133273540431, 'hidden_continuous_size': 21, 'attention_head_size': 3, 'learning_rate': 0.0011340281908587548}. Best is trial 6 with value: 158.2193603515625.
LOCAL_RANK: 0 - CUDA_VISIBLE_DEVICES: [0]
[I 2023-12-16 02:48:57,292] Trial 7 finished with value: 174.0447998046875 and parameters: {'gradient_clip_val': 0.8431056461628209, 'hidden_size': 20, 'dropout': 0.2519766531456341, 'hidden_continuous_size': 6, 'attention_head_size': 2, 'learning_rate': 0.001067914809296154}. Best is trial 6 with value: 158.2193603515625.
LOCAL_RANK: 0 - CUDA_VISIBLE_DEVICES: [0]
