[I 2023-12-26 16:36:20,093] Trial 19 finished with value: 2.372669219970703 and parameters: {'gradient_clip_val': 0.4393140832738602, 'hidden_size': 54, 'dropout': 0.1864899146212527, 'hidden_continuous_size': 12, 'attention_head_size': 3, 'learning_rate': 0.07598699749518992}. Best is trial 0 with value: 1.5046648979187012.
[I 2023-12-26 16:36:23,402] Trial 20 finished with value: 3.4294817447662354 and parameters: {'gradient_clip_val': 0.27706081485263445, 'hidden_size': 38, 'dropout': 0.2480926312304781, 'hidden_continuous_size': 9, 'attention_head_size': 1, 'learning_rate': 0.038473951894757656}. Best is trial 0 with value: 1.5046648979187012.
[I 2023-12-26 16:36:25,803] Trial 21 finished with value: 2.879863739013672 and parameters: {'gradient_clip_val': 0.5335911926714537, 'hidden_size': 19, 'dropout': 0.2068223092443327, 'hidden_continuous_size': 7, 'attention_head_size': 2, 'learning_rate': 0.02160929184908443}. Best is trial 0 with value: 1.5046648979187012.
[I 2023-12-26 16:36:27,966] Trial 22 finished with value: 3.0604875087738037 and parameters: {'gradient_clip_val': 0.44503076984686435, 'hidden_size': 16, 'dropout': 0.15803658677006058, 'hidden_continuous_size': 6, 'attention_head_size': 2, 'learning_rate': 0.028479799859669738}. Best is trial 0 with value: 1.5046648979187012.
[I 2023-12-26 16:36:31,062] Trial 23 finished with value: 2.6431849002838135 and parameters: {'gradient_clip_val': 0.626932149830374, 'hidden_size': 34, 'dropout': 0.21375024138036047, 'hidden_continuous_size': 10, 'attention_head_size': 2, 'learning_rate': 0.051617004771298394}. Best is trial 0 with value: 1.5046648979187012.
[I 2023-12-26 16:36:33,936] Trial 24 finished with value: 3.547454595565796 and parameters: {'gradient_clip_val': 0.3829331359334068, 'hidden_size': 27, 'dropout': 0.27097618668338125, 'hidden_continuous_size': 13, 'attention_head_size': 3, 'learning_rate': 0.018154241295316384}. Best is trial 0 with value: 1.5046648979187012.
[I 2023-12-26 16:36:36,168] Trial 25 finished with value: 2.99184250831604 and parameters: {'gradient_clip_val': 0.29940426511233803, 'hidden_size': 10, 'dropout': 0.22974010613169477, 'hidden_continuous_size': 6, 'attention_head_size': 2, 'learning_rate': 0.009753386748316335}. Best is trial 0 with value: 1.5046648979187012.
[I 2023-12-26 16:36:38,794] Trial 26 finished with value: 2.582257032394409 and parameters: {'gradient_clip_val': 0.40344735369130746, 'hidden_size': 23, 'dropout': 0.31069454848958517, 'hidden_continuous_size': 9, 'attention_head_size': 1, 'learning_rate': 0.025625573026530755}. Best is trial 0 with value: 1.5046648979187012.
[I 2023-12-26 16:36:41,188] Trial 27 finished with value: 3.099139451980591 and parameters: {'gradient_clip_val': 0.5494149075914935, 'hidden_size': 18, 'dropout': 0.2787830006747968, 'hidden_continuous_size': 7, 'attention_head_size': 2, 'learning_rate': 0.056453835596686174}. Best is trial 0 with value: 1.5046648979187012.
[I 2023-12-26 16:36:45,580] Trial 28 finished with value: 3.1287572383880615 and parameters: {'gradient_clip_val': 0.3148102005033934, 'hidden_size': 56, 'dropout': 0.34702888281259814, 'hidden_continuous_size': 14, 'attention_head_size': 3, 'learning_rate': 0.03867639125043212}. Best is trial 0 with value: 1.5046648979187012.
[I 2023-12-26 16:36:48,671] Trial 29 finished with value: 3.472430944442749 and parameters: {'gradient_clip_val': 0.33772240267908993, 'hidden_size': 30, 'dropout': 0.13710211031921873, 'hidden_continuous_size': 15, 'attention_head_size': 4, 'learning_rate': 0.013163799898625103}. Best is trial 0 with value: 1.5046648979187012.
[I 2023-12-26 16:36:51,053] Trial 30 finished with value: 3.1242523193359375 and parameters: {'gradient_clip_val': 0.4151178712760101, 'hidden_size': 15, 'dropout': 0.18508221839238925, 'hidden_continuous_size': 7, 'attention_head_size': 1, 'learning_rate': 0.006033274718974947}. Best is trial 0 with value: 1.5046648979187012.
[I 2023-12-26 16:37:00,411] Trial 31 finished with value: 2.2211761474609375 and parameters: {'gradient_clip_val': 0.10120154767621642, 'hidden_size': 107, 'dropout': 0.2894404479984737, 'hidden_continuous_size': 99, 'attention_head_size': 2, 'learning_rate': 0.008874077452038158}. Best is trial 0 with value: 1.5046648979187012.
[I 2023-12-26 16:37:08,720] Trial 32 finished with value: 2.630178928375244 and parameters: {'gradient_clip_val': 0.1278258881704085, 'hidden_size': 101, 'dropout': 0.25354286973221574, 'hidden_continuous_size': 68, 'attention_head_size': 2, 'learning_rate': 0.004489462760707103}. Best is trial 0 with value: 1.5046648979187012.
[I 2023-12-26 16:37:16,466] Trial 33 finished with value: 3.1729323863983154 and parameters: {'gradient_clip_val': 0.18292690802866962, 'hidden_size': 104, 'dropout': 0.20854048698105818, 'hidden_continuous_size': 17, 'attention_head_size': 2, 'learning_rate': 0.017071579997257707}. Best is trial 0 with value: 1.5046648979187012.
[I 2023-12-26 16:37:26,575] Trial 34 finished with value: 3.024291753768921 and parameters: {'gradient_clip_val': 0.1433010040995043, 'hidden_size': 128, 'dropout': 0.26172023450988596, 'hidden_continuous_size': 79, 'attention_head_size': 2, 'learning_rate': 0.006595276978042743}. Best is trial 0 with value: 1.5046648979187012.
[I 2023-12-26 16:37:35,826] Trial 35 finished with value: 2.474392890930176 and parameters: {'gradient_clip_val': 0.10142587746561905, 'hidden_size': 121, 'dropout': 0.302062951296174, 'hidden_continuous_size': 56, 'attention_head_size': 2, 'learning_rate': 0.023570448382092636}. Best is trial 0 with value: 1.5046648979187012.
[I 2023-12-26 16:37:42,467] Trial 36 finished with value: 2.444911241531372 and parameters: {'gradient_clip_val': 0.36669008267496966, 'hidden_size': 88, 'dropout': 0.23667455356801856, 'hidden_continuous_size': 19, 'attention_head_size': 3, 'learning_rate': 0.01242726618763866}. Best is trial 0 with value: 1.5046648979187012.
[I 2023-12-26 16:37:45,881] Trial 37 finished with value: 2.3453142642974854 and parameters: {'gradient_clip_val': 0.12547184090214736, 'hidden_size': 39, 'dropout': 0.26991208365464403, 'hidden_continuous_size': 11, 'attention_head_size': 4, 'learning_rate': 0.001076323599685963}. Best is trial 0 with value: 1.5046648979187012.
[I 2023-12-26 16:37:50,814] Trial 38 finished with value: 3.162618398666382 and parameters: {'gradient_clip_val': 0.5127299809000965, 'hidden_size': 64, 'dropout': 0.15464353889103416, 'hidden_continuous_size': 40, 'attention_head_size': 1, 'learning_rate': 0.0005937509731299732}. Best is trial 0 with value: 1.5046648979187012.
[I 2023-12-26 16:38:03,600] Trial 39 finished with value: 2.647198438644409 and parameters: {'gradient_clip_val': 0.47972395650817057, 'hidden_size': 150, 'dropout': 0.2891772015935498, 'hidden_continuous_size': 142, 'attention_head_size': 2, 'learning_rate': 0.004870229022576422}. Best is trial 0 with value: 1.5046648979187012.
[I 2023-12-26 16:38:06,604] Trial 40 finished with value: 2.644493341445923 and parameters: {'gradient_clip_val': 0.6164579580617345, 'hidden_size': 49, 'dropout': 0.3182696873930954, 'hidden_continuous_size': 5, 'attention_head_size': 3, 'learning_rate': 0.0028982103316570833}. Best is trial 0 with value: 1.5046648979187012.
[I 2023-12-26 16:38:08,918] Trial 41 finished with value: 3.2226150035858154 and parameters: {'gradient_clip_val': 0.7657992495436176, 'hidden_size': 11, 'dropout': 0.24851676184055282, 'hidden_continuous_size': 8, 'attention_head_size': 3, 'learning_rate': 0.05632407586656924}. Best is trial 0 with value: 1.5046648979187012.
[I 2023-12-26 16:38:15,804] Trial 42 finished with value: 3.404721975326538 and parameters: {'gradient_clip_val': 0.7379678158271025, 'hidden_size': 74, 'dropout': 0.26446281124851395, 'hidden_continuous_size': 11, 'attention_head_size': 3, 'learning_rate': 0.0787626086141078}. Best is trial 0 with value: 1.5046648979187012.
[I 2023-12-26 16:38:18,101] Trial 43 finished with value: 2.6649556159973145 and parameters: {'gradient_clip_val': 0.2208980591355194, 'hidden_size': 13, 'dropout': 0.3346832522671872, 'hidden_continuous_size': 9, 'attention_head_size': 4, 'learning_rate': 0.030435184363110265}. Best is trial 0 with value: 1.5046648979187012.
[I 2023-12-26 16:38:20,539] Trial 44 finished with value: 3.494915246963501 and parameters: {'gradient_clip_val': 0.20129269956648552, 'hidden_size': 32, 'dropout': 0.29465277266193485, 'hidden_continuous_size': 10, 'attention_head_size': 2, 'learning_rate': 0.048146830081369565}. Best is trial 0 with value: 1.5046648979187012.
[I 2023-12-26 16:38:27,073] Trial 45 finished with value: 3.2450497150421143 and parameters: {'gradient_clip_val': 0.16809545471300238, 'hidden_size': 83, 'dropout': 0.37065257814583413, 'hidden_continuous_size': 34, 'attention_head_size': 3, 'learning_rate': 0.020485600728646462}. Best is trial 0 with value: 1.5046648979187012.
[I 2023-12-26 16:38:36,591] Trial 46 finished with value: 2.3814756870269775 and parameters: {'gradient_clip_val': 0.14757980258838982, 'hidden_size': 126, 'dropout': 0.22336952285007136, 'hidden_continuous_size': 104, 'attention_head_size': 1, 'learning_rate': 0.0331193886656226}. Best is trial 0 with value: 1.5046648979187012.
[I 2023-12-26 16:38:41,555] Trial 47 finished with value: 2.636492967605591 and parameters: {'gradient_clip_val': 0.24190771031546496, 'hidden_size': 61, 'dropout': 0.23935966195545183, 'hidden_continuous_size': 23, 'attention_head_size': 2, 'learning_rate': 0.09663564854983314}. Best is trial 0 with value: 1.5046648979187012.
[I 2023-12-26 16:38:44,524] Trial 48 finished with value: 3.0967953205108643 and parameters: {'gradient_clip_val': 0.11326735058418126, 'hidden_size': 44, 'dropout': 0.19641750510309497, 'hidden_continuous_size': 30, 'attention_head_size': 1, 'learning_rate': 0.01614994864505499}. Best is trial 0 with value: 1.5046648979187012.
[I 2023-12-26 16:38:46,954] Trial 49 finished with value: 3.2370080947875977 and parameters: {'gradient_clip_val': 0.9950295709683568, 'hidden_size': 22, 'dropout': 0.16814959018085185, 'hidden_continuous_size': 15, 'attention_head_size': 3, 'learning_rate': 0.04372031764154587}. Best is trial 0 with value: 1.5046648979187012.
[I 2023-12-26 16:38:47,082] A new study created in memory with name: no-name-7045ec8b-1027-429a-90d2-2d5916b89213
/home/le004/conda/anaconda3/envs/tsff_env/lib/python3.9/site-packages/lightning/fabric/plugins/environments/slurm.py:191: The `srun` command is available on your system but is not used. HINT: If your intention is to run Lightning on SLURM, prepend your python command with `srun` like so: srun python /home/le004/master_thesis/git/TSFusionForecast/code/ ...
[I 2023-12-26 16:42:58,837] Trial 0 finished with value: 0.08579012006521225 and parameters: {'gradient_clip_val': 0.6856188389238836, 'hidden_size': 5, 'dropout': 0.31031408428485374, 'hidden_continuous_size': 5, 'attention_head_size': 4, 'learning_rate': 0.056528087930785065}. Best is trial 0 with value: 0.08579012006521225.
[I 2023-12-26 16:46:13,708] Trial 1 finished with value: 0.08907506614923477 and parameters: {'gradient_clip_val': 0.14007005484952612, 'hidden_size': 69, 'dropout': 0.12384589360145366, 'hidden_continuous_size': 25, 'attention_head_size': 2, 'learning_rate': 0.0005862828710234783}. Best is trial 0 with value: 0.08579012006521225.
[I 2023-12-26 16:46:22,561] Trial 2 finished with value: 2.922617197036743 and parameters: {'gradient_clip_val': 0.10647684993109785, 'hidden_size': 143, 'dropout': 0.16770592980780158, 'hidden_continuous_size': 10, 'attention_head_size': 1, 'learning_rate': 0.001003181236545642}. Best is trial 0 with value: 0.08579012006521225.
[I 2023-12-26 16:46:28,781] Trial 3 finished with value: 3.7345800399780273 and parameters: {'gradient_clip_val': 0.30224902589595315, 'hidden_size': 100, 'dropout': 0.3224631199379804, 'hidden_continuous_size': 13, 'attention_head_size': 3, 'learning_rate': 0.017767270550323188}. Best is trial 0 with value: 0.08579012006521225.
[I 2023-12-26 16:46:30,926] Trial 4 finished with value: 2.7079830169677734 and parameters: {'gradient_clip_val': 0.9278740227399872, 'hidden_size': 15, 'dropout': 0.3431026605427613, 'hidden_continuous_size': 7, 'attention_head_size': 3, 'learning_rate': 0.018085873086249187}. Best is trial 0 with value: 0.08579012006521225.
[I 2023-12-26 16:46:34,025] Trial 5 finished with value: 3.281987428665161 and parameters: {'gradient_clip_val': 0.11415854387533829, 'hidden_size': 44, 'dropout': 0.34600081245327674, 'hidden_continuous_size': 10, 'attention_head_size': 2, 'learning_rate': 0.04214704903845684}. Best is trial 0 with value: 0.08579012006521225.
[I 2023-12-26 16:46:36,214] Trial 6 finished with value: 3.004016876220703 and parameters: {'gradient_clip_val': 0.5543794214344206, 'hidden_size': 20, 'dropout': 0.3986302146642984, 'hidden_continuous_size': 6, 'attention_head_size': 1, 'learning_rate': 0.01624856372676426}. Best is trial 0 with value: 0.08579012006521225.
[I 2023-12-26 16:46:38,280] Trial 7 finished with value: 4.40741491317749 and parameters: {'gradient_clip_val': 0.5472128903975872, 'hidden_size': 6, 'dropout': 0.2523845683251784, 'hidden_continuous_size': 5, 'attention_head_size': 1, 'learning_rate': 0.006337607550189424}. Best is trial 0 with value: 0.08579012006521225.
[I 2023-12-26 16:46:43,671] Trial 8 finished with value: 2.773205518722534 and parameters: {'gradient_clip_val': 0.17550737719563175, 'hidden_size': 74, 'dropout': 0.3210516182829386, 'hidden_continuous_size': 63, 'attention_head_size': 1, 'learning_rate': 0.016392728334352888}. Best is trial 0 with value: 0.08579012006521225.
[I 2023-12-26 16:46:45,911] Trial 9 finished with value: 2.219414710998535 and parameters: {'gradient_clip_val': 0.17268839992365595, 'hidden_size': 32, 'dropout': 0.46621466665501166, 'hidden_continuous_size': 5, 'attention_head_size': 1, 'learning_rate': 0.07940725747726908}. Best is trial 0 with value: 0.08579012006521225.
[I 2023-12-26 16:46:47,684] Trial 10 finished with value: 4.0072407722473145 and parameters: {'gradient_clip_val': 0.7870139374355711, 'hidden_size': 5, 'dropout': 0.23570324705385842, 'hidden_continuous_size': 5, 'attention_head_size': 4, 'learning_rate': 0.09598330239249361}. Best is trial 0 with value: 0.08579012006521225.
[I 2023-12-26 16:46:49,759] Trial 11 finished with value: 2.327139139175415 and parameters: {'gradient_clip_val': 0.32869035793319906, 'hidden_size': 11, 'dropout': 0.10072723833152952, 'hidden_continuous_size': 6, 'attention_head_size': 4, 'learning_rate': 0.0005537605652296113}. Best is trial 0 with value: 0.08579012006521225.
[I 2023-12-26 16:46:53,653] Trial 12 finished with value: 4.050015926361084 and parameters: {'gradient_clip_val': 0.3270260005882036, 'hidden_size': 48, 'dropout': 0.23976475608069558, 'hidden_continuous_size': 22, 'attention_head_size': 2, 'learning_rate': 0.002259767068518124}. Best is trial 0 with value: 0.08579012006521225.
[I 2023-12-26 16:46:55,949] Trial 13 finished with value: 2.6006858348846436 and parameters: {'gradient_clip_val': 0.5733747756527853, 'hidden_size': 9, 'dropout': 0.10020768818193834, 'hidden_continuous_size': 5, 'attention_head_size': 3, 'learning_rate': 0.0030472230913850384}. Best is trial 0 with value: 0.08579012006521225.
[I 2023-12-26 16:46:58,701] Trial 14 finished with value: 3.0963990688323975 and parameters: {'gradient_clip_val': 0.2375023436413835, 'hidden_size': 21, 'dropout': 0.17541477867507557, 'hidden_continuous_size': 8, 'attention_head_size': 2, 'learning_rate': 0.0005964569925748672}. Best is trial 0 with value: 0.08579012006521225.
[I 2023-12-26 16:47:01,417] Trial 15 finished with value: 2.674359083175659 and parameters: {'gradient_clip_val': 0.4581296932433041, 'hidden_size': 29, 'dropout': 0.26937739677733313, 'hidden_continuous_size': 17, 'attention_head_size': 4, 'learning_rate': 0.00155577074430807}. Best is trial 0 with value: 0.08579012006521225.
[I 2023-12-26 16:47:03,205] Trial 16 finished with value: 3.3169939517974854 and parameters: {'gradient_clip_val': 0.8056401233529566, 'hidden_size': 5, 'dropout': 0.3908539968729056, 'hidden_continuous_size': 5, 'attention_head_size': 3, 'learning_rate': 0.004608609314456283}. Best is trial 0 with value: 0.08579012006521225.
[I 2023-12-26 16:47:05,154] Trial 17 finished with value: 3.370401382446289 and parameters: {'gradient_clip_val': 0.14411920770890618, 'hidden_size': 8, 'dropout': 0.1908115439096484, 'hidden_continuous_size': 6, 'attention_head_size': 2, 'learning_rate': 0.008235710764197298}. Best is trial 0 with value: 0.08579012006521225.
[I 2023-12-26 16:47:07,294] Trial 18 finished with value: 3.862025022506714 and parameters: {'gradient_clip_val': 0.21336776320095183, 'hidden_size': 12, 'dropout': 0.2729158520108932, 'hidden_continuous_size': 7, 'attention_head_size': 4, 'learning_rate': 0.0015577224956970128}. Best is trial 0 with value: 0.08579012006521225.
[I 2023-12-26 16:47:09,463] Trial 19 finished with value: 2.858752965927124 and parameters: {'gradient_clip_val': 0.4096257723543906, 'hidden_size': 16, 'dropout': 0.29823697632464086, 'hidden_continuous_size': 8, 'attention_head_size': 3, 'learning_rate': 0.035197204441072515}. Best is trial 0 with value: 0.08579012006521225.
[I 2023-12-26 16:47:11,397] Trial 20 finished with value: 2.9573681354522705 and parameters: {'gradient_clip_val': 0.10036963564586876, 'hidden_size': 7, 'dropout': 0.21680104114294854, 'hidden_continuous_size': 5, 'attention_head_size': 2, 'learning_rate': 0.0036904275480702732}. Best is trial 0 with value: 0.08579012006521225.
[I 2023-12-26 16:47:14,020] Trial 21 finished with value: 2.784104347229004 and parameters: {'gradient_clip_val': 0.14834708546782008, 'hidden_size': 35, 'dropout': 0.49974420159130806, 'hidden_continuous_size': 24, 'attention_head_size': 1, 'learning_rate': 0.09756794334821965}. Best is trial 0 with value: 0.08579012006521225.
[I 2023-12-26 16:47:17,144] Trial 22 finished with value: 3.2145235538482666 and parameters: {'gradient_clip_val': 0.2063322250255648, 'hidden_size': 56, 'dropout': 0.49014767524115077, 'hidden_continuous_size': 32, 'attention_head_size': 2, 'learning_rate': 0.06366193116389708}. Best is trial 0 with value: 0.08579012006521225.
[I 2023-12-26 16:47:19,571] Trial 23 finished with value: 3.2082974910736084 and parameters: {'gradient_clip_val': 0.1318552222052697, 'hidden_size': 33, 'dropout': 0.4424111260057001, 'hidden_continuous_size': 11, 'attention_head_size': 1, 'learning_rate': 0.040639387903123984}. Best is trial 0 with value: 0.08579012006521225.
[I 2023-12-26 16:47:21,754] Trial 24 finished with value: 3.250311851501465 and parameters: {'gradient_clip_val': 0.1708234014218783, 'hidden_size': 22, 'dropout': 0.3818671589873588, 'hidden_continuous_size': 6, 'attention_head_size': 2, 'learning_rate': 0.02930859854479799}. Best is trial 0 with value: 0.08579012006521225.
[I 2023-12-26 16:47:24,145] Trial 25 finished with value: 2.7430381774902344 and parameters: {'gradient_clip_val': 0.24964718535225075, 'hidden_size': 28, 'dropout': 0.42187373411980245, 'hidden_continuous_size': 9, 'attention_head_size': 3, 'learning_rate': 0.06487763984650388}. Best is trial 0 with value: 0.08579012006521225.
[I 2023-12-26 16:47:27,898] Trial 26 finished with value: 3.3975565433502197 and parameters: {'gradient_clip_val': 0.12874279867437602, 'hidden_size': 65, 'dropout': 0.46386558138628264, 'hidden_continuous_size': 13, 'attention_head_size': 1, 'learning_rate': 0.008944714731317971}. Best is trial 0 with value: 0.08579012006521225.
[I 2023-12-26 16:47:30,557] Trial 27 finished with value: 2.8655846118927 and parameters: {'gradient_clip_val': 0.16825266343893752, 'hidden_size': 38, 'dropout': 0.2884895009837418, 'hidden_continuous_size': 7, 'attention_head_size': 4, 'learning_rate': 0.011070263382398969}. Best is trial 0 with value: 0.08579012006521225.
[I 2023-12-26 16:47:33,264] Trial 28 finished with value: 2.4197804927825928 and parameters: {'gradient_clip_val': 0.12238657830811031, 'hidden_size': 41, 'dropout': 0.3673925777119258, 'hidden_continuous_size': 16, 'attention_head_size': 2, 'learning_rate': 0.023628367391953654}. Best is trial 0 with value: 0.08579012006521225.
[I 2023-12-26 16:47:42,951] Trial 29 finished with value: 3.772550344467163 and parameters: {'gradient_clip_val': 0.11722344656468717, 'hidden_size': 143, 'dropout': 0.14189719230920292, 'hidden_continuous_size': 99, 'attention_head_size': 1, 'learning_rate': 0.0008673731814449478}. Best is trial 0 with value: 0.08579012006521225.
[I 2023-12-26 16:47:45,195] Trial 30 finished with value: 2.6633901596069336 and parameters: {'gradient_clip_val': 0.10399389829195611, 'hidden_size': 25, 'dropout': 0.2114849410978662, 'hidden_continuous_size': 8, 'attention_head_size': 1, 'learning_rate': 0.05366598695908397}. Best is trial 0 with value: 0.08579012006521225.
[I 2023-12-26 16:47:47,516] Trial 31 finished with value: 2.34875226020813 and parameters: {'gradient_clip_val': 0.28924608967764054, 'hidden_size': 10, 'dropout': 0.1448090543508116, 'hidden_continuous_size': 6, 'attention_head_size': 4, 'learning_rate': 0.0005974655710085648}. Best is trial 0 with value: 0.08579012006521225.
[I 2023-12-26 16:47:49,599] Trial 32 finished with value: 2.756639242172241 and parameters: {'gradient_clip_val': 0.19193003768695568, 'hidden_size': 11, 'dropout': 0.13007340318850333, 'hidden_continuous_size': 6, 'attention_head_size': 4, 'learning_rate': 0.0005105152434229618}. Best is trial 0 with value: 0.08579012006521225.
[I 2023-12-26 16:47:51,570] Trial 33 finished with value: 2.6641523838043213 and parameters: {'gradient_clip_val': 0.3521144854596817, 'hidden_size': 7, 'dropout': 0.1613216700281651, 'hidden_continuous_size': 5, 'attention_head_size': 3, 'learning_rate': 0.0008656472403442085}. Best is trial 0 with value: 0.08579012006521225.
