[I 2023-12-16 13:19:41,943] Trial 37 finished with value: 0.08129322528839111 and parameters: {'gradient_clip_val': 0.5145211406909542, 'hidden_size': 47, 'dropout': 0.37274443465476764, 'hidden_continuous_size': 22, 'attention_head_size': 2, 'learning_rate': 0.00767456194041251}. Best is trial 20 with value: 0.04686935618519783.
LOCAL_RANK: 0 - CUDA_VISIBLE_DEVICES: [0]
[I 2023-12-16 13:20:33,966] Trial 38 finished with value: 0.4257923662662506 and parameters: {'gradient_clip_val': 0.21411285302379265, 'hidden_size': 81, 'dropout': 0.3896704989456433, 'hidden_continuous_size': 6, 'attention_head_size': 1, 'learning_rate': 0.032576407049033945}. Best is trial 20 with value: 0.04686935618519783.
LOCAL_RANK: 0 - CUDA_VISIBLE_DEVICES: [0]
[I 2023-12-16 13:21:21,550] Trial 39 finished with value: 0.24711544811725616 and parameters: {'gradient_clip_val': 0.4122161452465115, 'hidden_size': 20, 'dropout': 0.33805427294575097, 'hidden_continuous_size': 9, 'attention_head_size': 3, 'learning_rate': 0.013277476564420049}. Best is trial 20 with value: 0.04686935618519783.
LOCAL_RANK: 0 - CUDA_VISIBLE_DEVICES: [0]
[I 2023-12-16 13:22:12,327] Trial 40 finished with value: 0.09090905636548996 and parameters: {'gradient_clip_val': 0.6602954354482448, 'hidden_size': 34, 'dropout': 0.2931835215177003, 'hidden_continuous_size': 15, 'attention_head_size': 2, 'learning_rate': 0.017464190656886466}. Best is trial 20 with value: 0.04686935618519783.
LOCAL_RANK: 0 - CUDA_VISIBLE_DEVICES: [0]
[I 2023-12-16 13:23:03,528] Trial 41 finished with value: 0.038851458579301834 and parameters: {'gradient_clip_val': 0.2904936661431299, 'hidden_size': 44, 'dropout': 0.2773124894775263, 'hidden_continuous_size': 13, 'attention_head_size': 1, 'learning_rate': 0.008537772934843585}. Best is trial 41 with value: 0.038851458579301834.
LOCAL_RANK: 0 - CUDA_VISIBLE_DEVICES: [0]
[I 2023-12-16 13:23:55,757] Trial 42 finished with value: 0.1324082762002945 and parameters: {'gradient_clip_val': 0.2923855013440864, 'hidden_size': 43, 'dropout': 0.2602799714905734, 'hidden_continuous_size': 19, 'attention_head_size': 1, 'learning_rate': 0.010412433922534983}. Best is trial 41 with value: 0.038851458579301834.
LOCAL_RANK: 0 - CUDA_VISIBLE_DEVICES: [0]
[I 2023-12-16 13:24:48,486] Trial 43 finished with value: 0.0915447548031807 and parameters: {'gradient_clip_val': 0.24852724925483818, 'hidden_size': 53, 'dropout': 0.27047661758868086, 'hidden_continuous_size': 12, 'attention_head_size': 1, 'learning_rate': 0.005862042825213662}. Best is trial 41 with value: 0.038851458579301834.
LOCAL_RANK: 0 - CUDA_VISIBLE_DEVICES: [0]
[I 2023-12-16 13:25:37,460] Trial 44 finished with value: 0.07780379801988602 and parameters: {'gradient_clip_val': 0.32499255158765056, 'hidden_size': 26, 'dropout': 0.3113179179669998, 'hidden_continuous_size': 12, 'attention_head_size': 1, 'learning_rate': 0.00748971844176075}. Best is trial 41 with value: 0.038851458579301834.
LOCAL_RANK: 0 - CUDA_VISIBLE_DEVICES: [0]
[I 2023-12-16 13:26:24,023] Trial 45 finished with value: 0.05686274170875549 and parameters: {'gradient_clip_val': 0.47479170362724454, 'hidden_size': 15, 'dropout': 0.24667970745880902, 'hidden_continuous_size': 7, 'attention_head_size': 4, 'learning_rate': 0.01045061094082802}. Best is trial 41 with value: 0.038851458579301834.
LOCAL_RANK: 0 - CUDA_VISIBLE_DEVICES: [0]
[I 2023-12-16 13:27:13,928] Trial 46 finished with value: 0.07036322355270386 and parameters: {'gradient_clip_val': 0.29503348099608084, 'hidden_size': 32, 'dropout': 0.2991847166090967, 'hidden_continuous_size': 17, 'attention_head_size': 3, 'learning_rate': 0.015085283419903901}. Best is trial 41 with value: 0.038851458579301834.
LOCAL_RANK: 0 - CUDA_VISIBLE_DEVICES: [0]
[I 2023-12-16 13:28:07,202] Trial 47 finished with value: 0.0453975610435009 and parameters: {'gradient_clip_val': 0.39478682135332627, 'hidden_size': 66, 'dropout': 0.3993881424264364, 'hidden_continuous_size': 15, 'attention_head_size': 2, 'learning_rate': 0.019209819805238948}. Best is trial 41 with value: 0.038851458579301834.
LOCAL_RANK: 0 - CUDA_VISIBLE_DEVICES: [0]
[I 2023-12-16 13:29:00,031] Trial 48 finished with value: 0.06904768943786621 and parameters: {'gradient_clip_val': 0.16744895373596846, 'hidden_size': 49, 'dropout': 0.39739368615106896, 'hidden_continuous_size': 15, 'attention_head_size': 2, 'learning_rate': 0.01893140860000134}. Best is trial 41 with value: 0.038851458579301834.
LOCAL_RANK: 0 - CUDA_VISIBLE_DEVICES: [0]
[I 2023-12-16 13:29:53,146] Trial 49 finished with value: 0.2186279296875 and parameters: {'gradient_clip_val': 0.7199773687003781, 'hidden_size': 88, 'dropout': 0.38419089001872186, 'hidden_continuous_size': 10, 'attention_head_size': 2, 'learning_rate': 0.046124122647826934}. Best is trial 41 with value: 0.038851458579301834.
[I 2023-12-16 13:29:53,237] A new study created in memory with name: no-name-ee7ad9c3-c1fe-4d09-8c2f-52a1a0ed9bed
/home/le004/conda/anaconda3/envs/tsff_env/lib/python3.9/site-packages/lightning/fabric/plugins/environments/slurm.py:191: The `srun` command is available on your system but is not used. HINT: If your intention is to run Lightning on SLURM, prepend your python command with `srun` like so: srun python /home/le004/master_thesis/git/TSFusionForecast/code/ ...
LOCAL_RANK: 0 - CUDA_VISIBLE_DEVICES: [0]
[I 2023-12-16 13:30:45,074] Trial 0 finished with value: 0.2356458157300949 and parameters: {'gradient_clip_val': 0.7383960321143892, 'hidden_size': 36, 'dropout': 0.10811198411511765, 'hidden_continuous_size': 18, 'attention_head_size': 4, 'learning_rate': 0.0005542883574498048}. Best is trial 0 with value: 0.2356458157300949.
LOCAL_RANK: 0 - CUDA_VISIBLE_DEVICES: [0]
[I 2023-12-16 13:31:35,213] Trial 1 finished with value: 0.08099805563688278 and parameters: {'gradient_clip_val': 0.1726069145055982, 'hidden_size': 64, 'dropout': 0.3362050147544292, 'hidden_continuous_size': 5, 'attention_head_size': 1, 'learning_rate': 0.08319398399009506}. Best is trial 1 with value: 0.08099805563688278.
LOCAL_RANK: 0 - CUDA_VISIBLE_DEVICES: [0]
[I 2023-12-16 13:32:20,307] Trial 2 finished with value: 1.0181118249893188 and parameters: {'gradient_clip_val': 0.5644666331691902, 'hidden_size': 8, 'dropout': 0.3580416520617248, 'hidden_continuous_size': 7, 'attention_head_size': 4, 'learning_rate': 0.0016490577004392348}. Best is trial 1 with value: 0.08099805563688278.
LOCAL_RANK: 0 - CUDA_VISIBLE_DEVICES: [0]
[I 2023-12-16 13:33:05,264] Trial 3 finished with value: 1.9757999181747437 and parameters: {'gradient_clip_val': 0.16187765523550085, 'hidden_size': 6, 'dropout': 0.2159572712804287, 'hidden_continuous_size': 5, 'attention_head_size': 2, 'learning_rate': 0.0008639152347519319}. Best is trial 1 with value: 0.08099805563688278.
LOCAL_RANK: 0 - CUDA_VISIBLE_DEVICES: [0]
[I 2023-12-16 13:33:57,177] Trial 4 finished with value: 0.44893860816955566 and parameters: {'gradient_clip_val': 0.12530534653607545, 'hidden_size': 47, 'dropout': 0.29698649222209605, 'hidden_continuous_size': 7, 'attention_head_size': 3, 'learning_rate': 0.02751537772858739}. Best is trial 1 with value: 0.08099805563688278.
LOCAL_RANK: 0 - CUDA_VISIBLE_DEVICES: [0]
[I 2023-12-16 13:34:45,150] Trial 5 finished with value: 1.7082229852676392 and parameters: {'gradient_clip_val': 0.28502863545919477, 'hidden_size': 24, 'dropout': 0.1626522038399311, 'hidden_continuous_size': 11, 'attention_head_size': 2, 'learning_rate': 0.0018088244991700567}. Best is trial 1 with value: 0.08099805563688278.
LOCAL_RANK: 0 - CUDA_VISIBLE_DEVICES: [0]
[I 2023-12-16 13:35:30,261] Trial 6 finished with value: 0.39586377143859863 and parameters: {'gradient_clip_val': 0.23533078401449187, 'hidden_size': 9, 'dropout': 0.277645871024622, 'hidden_continuous_size': 8, 'attention_head_size': 1, 'learning_rate': 0.0028201779447911525}. Best is trial 1 with value: 0.08099805563688278.
LOCAL_RANK: 0 - CUDA_VISIBLE_DEVICES: [0]
[I 2023-12-16 13:36:14,863] Trial 7 finished with value: 1.4860512018203735 and parameters: {'gradient_clip_val': 0.9973806051232116, 'hidden_size': 6, 'dropout': 0.19702728071231126, 'hidden_continuous_size': 5, 'attention_head_size': 1, 'learning_rate': 0.0009038044493978485}. Best is trial 1 with value: 0.08099805563688278.
LOCAL_RANK: 0 - CUDA_VISIBLE_DEVICES: [0]
[I 2023-12-16 13:37:00,366] Trial 8 finished with value: 2.4507076740264893 and parameters: {'gradient_clip_val': 0.18704551687985568, 'hidden_size': 9, 'dropout': 0.33521643994104733, 'hidden_continuous_size': 7, 'attention_head_size': 2, 'learning_rate': 0.0006724510464929106}. Best is trial 1 with value: 0.08099805563688278.
LOCAL_RANK: 0 - CUDA_VISIBLE_DEVICES: [0]
[I 2023-12-16 13:37:54,622] Trial 9 finished with value: 0.10977523773908615 and parameters: {'gradient_clip_val': 0.5193863269048297, 'hidden_size': 61, 'dropout': 0.21335665667608375, 'hidden_continuous_size': 17, 'attention_head_size': 4, 'learning_rate': 0.03213326069876039}. Best is trial 1 with value: 0.08099805563688278.
LOCAL_RANK: 0 - CUDA_VISIBLE_DEVICES: [0]
[I 2023-12-16 13:38:49,782] Trial 10 finished with value: 0.14998358488082886 and parameters: {'gradient_clip_val': 0.10391234197145185, 'hidden_size': 83, 'dropout': 0.3965341110535448, 'hidden_continuous_size': 44, 'attention_head_size': 1, 'learning_rate': 0.08904307162090978}. Best is trial 1 with value: 0.08099805563688278.
LOCAL_RANK: 0 - CUDA_VISIBLE_DEVICES: [0]
[I 2023-12-16 13:39:45,108] Trial 11 finished with value: 0.3457201421260834 and parameters: {'gradient_clip_val': 0.41877896363470324, 'hidden_size': 90, 'dropout': 0.2537734676040918, 'hidden_continuous_size': 16, 'attention_head_size': 3, 'learning_rate': 0.03592878944332547}. Best is trial 1 with value: 0.08099805563688278.
LOCAL_RANK: 0 - CUDA_VISIBLE_DEVICES: [0]
[I 2023-12-16 13:40:38,355] Trial 12 finished with value: 0.11119770258665085 and parameters: {'gradient_clip_val': 0.3703717929849194, 'hidden_size': 55, 'dropout': 0.3192235222223526, 'hidden_continuous_size': 18, 'attention_head_size': 3, 'learning_rate': 0.018672933594290692}. Best is trial 1 with value: 0.08099805563688278.
LOCAL_RANK: 0 - CUDA_VISIBLE_DEVICES: [0]
[I 2023-12-16 13:41:35,134] Trial 13 finished with value: 0.16775228083133698 and parameters: {'gradient_clip_val': 0.26691492574393877, 'hidden_size': 98, 'dropout': 0.25540436448058723, 'hidden_continuous_size': 33, 'attention_head_size': 4, 'learning_rate': 0.09268489295893079}. Best is trial 1 with value: 0.08099805563688278.
LOCAL_RANK: 0 - CUDA_VISIBLE_DEVICES: [0]
[I 2023-12-16 13:42:28,980] Trial 14 finished with value: 0.19539089500904083 and parameters: {'gradient_clip_val': 0.41448772200861655, 'hidden_size': 58, 'dropout': 0.2244825670596188, 'hidden_continuous_size': 26, 'attention_head_size': 3, 'learning_rate': 0.010298214010678007}. Best is trial 1 with value: 0.08099805563688278.
LOCAL_RANK: 0 - CUDA_VISIBLE_DEVICES: [0]
[I 2023-12-16 13:43:18,474] Trial 15 finished with value: 0.05677688121795654 and parameters: {'gradient_clip_val': 0.19946759833268948, 'hidden_size': 31, 'dropout': 0.2935586157934509, 'hidden_continuous_size': 11, 'attention_head_size': 2, 'learning_rate': 0.05260650394643449}. Best is trial 15 with value: 0.05677688121795654.
LOCAL_RANK: 0 - CUDA_VISIBLE_DEVICES: [0]
[I 2023-12-16 13:44:07,194] Trial 16 finished with value: 0.07466091960668564 and parameters: {'gradient_clip_val': 0.19714657097936011, 'hidden_size': 30, 'dropout': 0.30193602837531847, 'hidden_continuous_size': 10, 'attention_head_size': 1, 'learning_rate': 0.06249408835364555}. Best is trial 15 with value: 0.05677688121795654.
LOCAL_RANK: 0 - CUDA_VISIBLE_DEVICES: [0]
[I 2023-12-16 13:44:56,110] Trial 17 finished with value: 0.0581066720187664 and parameters: {'gradient_clip_val': 0.21221238275684848, 'hidden_size': 23, 'dropout': 0.29178928401749593, 'hidden_continuous_size': 11, 'attention_head_size': 2, 'learning_rate': 0.007672545609361356}. Best is trial 15 with value: 0.05677688121795654.
LOCAL_RANK: 0 - CUDA_VISIBLE_DEVICES: [0]
[I 2023-12-16 13:45:41,393] Trial 18 finished with value: 0.053891655057668686 and parameters: {'gradient_clip_val': 0.24184612813478876, 'hidden_size': 16, 'dropout': 0.27461935962505396, 'hidden_continuous_size': 10, 'attention_head_size': 2, 'learning_rate': 0.006230021053318215}. Best is trial 18 with value: 0.053891655057668686.
LOCAL_RANK: 0 - CUDA_VISIBLE_DEVICES: [0]
[I 2023-12-16 13:46:27,667] Trial 19 finished with value: 0.1595139354467392 and parameters: {'gradient_clip_val': 0.31249742499060335, 'hidden_size': 15, 'dropout': 0.265141243735879, 'hidden_continuous_size': 9, 'attention_head_size': 2, 'learning_rate': 0.0049699866970039355}. Best is trial 18 with value: 0.053891655057668686.
LOCAL_RANK: 0 - CUDA_VISIBLE_DEVICES: [0]
[I 2023-12-16 13:47:12,775] Trial 20 finished with value: 0.06719506531953812 and parameters: {'gradient_clip_val': 0.24302175307365315, 'hidden_size': 16, 'dropout': 0.24149079498234635, 'hidden_continuous_size': 9, 'attention_head_size': 2, 'learning_rate': 0.013409405158011718}. Best is trial 18 with value: 0.053891655057668686.
LOCAL_RANK: 0 - CUDA_VISIBLE_DEVICES: [0]
[I 2023-12-16 13:48:00,212] Trial 21 finished with value: 0.3314303755760193 and parameters: {'gradient_clip_val': 0.23311242452925687, 'hidden_size': 20, 'dropout': 0.29133483416644346, 'hidden_continuous_size': 12, 'attention_head_size': 2, 'learning_rate': 0.007777319693616482}. Best is trial 18 with value: 0.053891655057668686.
LOCAL_RANK: 0 - CUDA_VISIBLE_DEVICES: [0]
[I 2023-12-16 13:48:50,463] Trial 22 finished with value: 0.34924590587615967 and parameters: {'gradient_clip_val': 0.15782495204256297, 'hidden_size': 34, 'dropout': 0.2731533226092727, 'hidden_continuous_size': 13, 'attention_head_size': 2, 'learning_rate': 0.005118734295952564}. Best is trial 18 with value: 0.053891655057668686.
LOCAL_RANK: 0 - CUDA_VISIBLE_DEVICES: [0]
[I 2023-12-16 13:49:38,309] Trial 23 finished with value: 0.05581720173358917 and parameters: {'gradient_clip_val': 0.22216581126194665, 'hidden_size': 24, 'dropout': 0.30986001043501754, 'hidden_continuous_size': 13, 'attention_head_size': 2, 'learning_rate': 0.015036347631170505}. Best is trial 18 with value: 0.053891655057668686.
LOCAL_RANK: 0 - CUDA_VISIBLE_DEVICES: [0]
[I 2023-12-16 13:50:24,702] Trial 24 finished with value: 0.05644802376627922 and parameters: {'gradient_clip_val': 0.299687343076853, 'hidden_size': 15, 'dropout': 0.3185375084303241, 'hidden_continuous_size': 10, 'attention_head_size': 3, 'learning_rate': 0.01337118501245584}. Best is trial 18 with value: 0.053891655057668686.
LOCAL_RANK: 0 - CUDA_VISIBLE_DEVICES: [0]
[I 2023-12-16 13:51:11,069] Trial 25 finished with value: 0.08838656544685364 and parameters: {'gradient_clip_val': 0.3009087882665352, 'hidden_size': 13, 'dropout': 0.3235729805615468, 'hidden_continuous_size': 9, 'attention_head_size': 3, 'learning_rate': 0.01670747563052067}. Best is trial 18 with value: 0.053891655057668686.
LOCAL_RANK: 0 - CUDA_VISIBLE_DEVICES: [0]
[I 2023-12-16 13:51:55,796] Trial 26 finished with value: 0.16188131272792816 and parameters: {'gradient_clip_val': 0.3405931775383042, 'hidden_size': 12, 'dropout': 0.3555047773081157, 'hidden_continuous_size': 8, 'attention_head_size': 3, 'learning_rate': 0.011573889016773536}. Best is trial 18 with value: 0.053891655057668686.
LOCAL_RANK: 0 - CUDA_VISIBLE_DEVICES: [0]
[I 2023-12-16 13:52:43,894] Trial 27 finished with value: 0.07473009079694748 and parameters: {'gradient_clip_val': 0.2679881935452472, 'hidden_size': 18, 'dropout': 0.3146995005727439, 'hidden_continuous_size': 10, 'attention_head_size': 3, 'learning_rate': 0.018922694760697165}. Best is trial 18 with value: 0.053891655057668686.
LOCAL_RANK: 0 - CUDA_VISIBLE_DEVICES: [0]
[I 2023-12-16 13:53:31,943] Trial 28 finished with value: 0.09328868985176086 and parameters: {'gradient_clip_val': 0.14254151613671592, 'hidden_size': 24, 'dropout': 0.2766226556046723, 'hidden_continuous_size': 13, 'attention_head_size': 3, 'learning_rate': 0.005327299481983079}. Best is trial 18 with value: 0.053891655057668686.
LOCAL_RANK: 0 - CUDA_VISIBLE_DEVICES: [0]
[I 2023-12-16 13:54:20,507] Trial 29 finished with value: 0.08354872465133667 and parameters: {'gradient_clip_val': 0.221408930952089, 'hidden_size': 19, 'dropout': 0.11337298331268622, 'hidden_continuous_size': 12, 'attention_head_size': 2, 'learning_rate': 0.009281349909124102}. Best is trial 18 with value: 0.053891655057668686.
LOCAL_RANK: 0 - CUDA_VISIBLE_DEVICES: [0]
[I 2023-12-16 13:55:10,123] Trial 30 finished with value: 0.13481368124485016 and parameters: {'gradient_clip_val': 0.3412027323357142, 'hidden_size': 26, 'dropout': 0.3510734368131865, 'hidden_continuous_size': 14, 'attention_head_size': 3, 'learning_rate': 0.023757470713799127}. Best is trial 18 with value: 0.053891655057668686.
LOCAL_RANK: 0 - CUDA_VISIBLE_DEVICES: [0]
[I 2023-12-16 13:56:02,092] Trial 31 finished with value: 0.056047916412353516 and parameters: {'gradient_clip_val': 0.19770886474723695, 'hidden_size': 38, 'dropout': 0.30369620854098855, 'hidden_continuous_size': 15, 'attention_head_size': 2, 'learning_rate': 0.04604563725900406}. Best is trial 18 with value: 0.053891655057668686.
LOCAL_RANK: 0 - CUDA_VISIBLE_DEVICES: [0]
[I 2023-12-16 13:56:52,527] Trial 32 finished with value: 0.06461203843355179 and parameters: {'gradient_clip_val': 0.2513304596306699, 'hidden_size': 36, 'dropout': 0.3051280485900838, 'hidden_continuous_size': 15, 'attention_head_size': 2, 'learning_rate': 0.04651657214403769}. Best is trial 18 with value: 0.053891655057668686.
LOCAL_RANK: 0 - CUDA_VISIBLE_DEVICES: [0]
[I 2023-12-16 13:57:39,990] Trial 33 finished with value: 0.08180435746908188 and parameters: {'gradient_clip_val': 0.18139260152977263, 'hidden_size': 19, 'dropout': 0.3307800224871175, 'hidden_continuous_size': 10, 'attention_head_size': 1, 'learning_rate': 0.016946853424905865}. Best is trial 18 with value: 0.053891655057668686.
LOCAL_RANK: 0 - CUDA_VISIBLE_DEVICES: [0]
[I 2023-12-16 13:58:32,485] Trial 34 finished with value: 0.12401044368743896 and parameters: {'gradient_clip_val': 0.20992948262719174, 'hidden_size': 42, 'dropout': 0.31330929898465704, 'hidden_continuous_size': 21, 'attention_head_size': 2, 'learning_rate': 0.013273559448265075}. Best is trial 18 with value: 0.053891655057668686.
LOCAL_RANK: 0 - CUDA_VISIBLE_DEVICES: [0]
[I 2023-12-16 13:59:17,824] Trial 35 finished with value: 0.06875479221343994 and parameters: {'gradient_clip_val': 0.17386101131121987, 'hidden_size': 12, 'dropout': 0.34099454099837606, 'hidden_continuous_size': 8, 'attention_head_size': 4, 'learning_rate': 0.023838980204942937}. Best is trial 18 with value: 0.053891655057668686.
LOCAL_RANK: 0 - CUDA_VISIBLE_DEVICES: [0]
[I 2023-12-16 14:00:05,911] Trial 36 finished with value: 0.1266048401594162 and parameters: {'gradient_clip_val': 0.282643776579959, 'hidden_size': 28, 'dropout': 0.2810299480173538, 'hidden_continuous_size': 15, 'attention_head_size': 2, 'learning_rate': 0.035426268357402535}. Best is trial 18 with value: 0.053891655057668686.
LOCAL_RANK: 0 - CUDA_VISIBLE_DEVICES: [0]
[I 2023-12-16 14:00:58,534] Trial 37 finished with value: 0.06362644582986832 and parameters: {'gradient_clip_val': 0.15525888061210694, 'hidden_size': 43, 'dropout': 0.37124891193758247, 'hidden_continuous_size': 21, 'attention_head_size': 2, 'learning_rate': 0.026434309298601213}. Best is trial 18 with value: 0.053891655057668686.
LOCAL_RANK: 0 - CUDA_VISIBLE_DEVICES: [0]
[I 2023-12-16 14:01:47,218] Trial 38 finished with value: 0.09281956404447556 and parameters: {'gradient_clip_val': 0.24801851384538914, 'hidden_size': 22, 'dropout': 0.3168101390770945, 'hidden_continuous_size': 13, 'attention_head_size': 1, 'learning_rate': 0.06849118406160284}. Best is trial 18 with value: 0.053891655057668686.
LOCAL_RANK: 0 - CUDA_VISIBLE_DEVICES: [0]
[I 2023-12-16 14:02:36,844] Trial 39 finished with value: 0.08272307366132736 and parameters: {'gradient_clip_val': 0.28392005423378675, 'hidden_size': 26, 'dropout': 0.34019334285487735, 'hidden_continuous_size': 12, 'attention_head_size': 3, 'learning_rate': 0.04329427114415373}. Best is trial 18 with value: 0.053891655057668686.
LOCAL_RANK: 0 - CUDA_VISIBLE_DEVICES: [0]
[I 2023-12-16 14:03:26,891] Trial 40 finished with value: 0.08072375506162643 and parameters: {'gradient_clip_val': 0.22725765005984677, 'hidden_size': 33, 'dropout': 0.2646058057796843, 'hidden_continuous_size': 14, 'attention_head_size': 2, 'learning_rate': 0.006091373674813508}. Best is trial 18 with value: 0.053891655057668686.
LOCAL_RANK: 0 - CUDA_VISIBLE_DEVICES: [0]
[I 2023-12-16 14:04:14,906] Trial 41 finished with value: 0.13894851505756378 and parameters: {'gradient_clip_val': 0.18840536903716087, 'hidden_size': 28, 'dropout': 0.2894887914553345, 'hidden_continuous_size': 11, 'attention_head_size': 2, 'learning_rate': 0.05354891926038974}. Best is trial 18 with value: 0.053891655057668686.
LOCAL_RANK: 0 - CUDA_VISIBLE_DEVICES: [0]
[I 2023-12-16 14:05:07,096] Trial 42 finished with value: 0.07370264083147049 and parameters: {'gradient_clip_val': 0.2084679319794775, 'hidden_size': 37, 'dropout': 0.3023636484621782, 'hidden_continuous_size': 16, 'attention_head_size': 2, 'learning_rate': 0.058930271441337036}. Best is trial 18 with value: 0.053891655057668686.
LOCAL_RANK: 0 - CUDA_VISIBLE_DEVICES: [0]
[I 2023-12-16 14:05:56,300] Trial 43 finished with value: 0.05963310971856117 and parameters: {'gradient_clip_val': 0.1950816320105256, 'hidden_size': 31, 'dropout': 0.2850405598763399, 'hidden_continuous_size': 11, 'attention_head_size': 2, 'learning_rate': 0.038619304822846985}. Best is trial 18 with value: 0.053891655057668686.
LOCAL_RANK: 0 - CUDA_VISIBLE_DEVICES: [0]
