[I 2023-12-16 08:52:50,571] Trial 20 finished with value: 39.41023635864258 and parameters: {'gradient_clip_val': 0.28350838705390663, 'hidden_size': 20, 'dropout': 0.3158327943777232, 'hidden_continuous_size': 5, 'attention_head_size': 4, 'learning_rate': 0.026114436205795274}. Best is trial 6 with value: 19.796659469604492.
LOCAL_RANK: 0 - CUDA_VISIBLE_DEVICES: [0]
[I 2023-12-16 08:53:42,423] Trial 21 finished with value: 75.76788330078125 and parameters: {'gradient_clip_val': 0.33866704159269073, 'hidden_size': 40, 'dropout': 0.35272739929459335, 'hidden_continuous_size': 22, 'attention_head_size': 4, 'learning_rate': 0.024201709000267708}. Best is trial 6 with value: 19.796659469604492.
LOCAL_RANK: 0 - CUDA_VISIBLE_DEVICES: [0]
[I 2023-12-16 08:54:35,939] Trial 22 finished with value: 208.13690185546875 and parameters: {'gradient_clip_val': 0.3643250597616082, 'hidden_size': 46, 'dropout': 0.3360536426603053, 'hidden_continuous_size': 18, 'attention_head_size': 4, 'learning_rate': 0.051225964058266335}. Best is trial 6 with value: 19.796659469604492.
LOCAL_RANK: 0 - CUDA_VISIBLE_DEVICES: [0]
[I 2023-12-16 08:55:25,494] Trial 23 finished with value: 131.81581115722656 and parameters: {'gradient_clip_val': 0.29139066276619996, 'hidden_size': 31, 'dropout': 0.3670138558103388, 'hidden_continuous_size': 10, 'attention_head_size': 3, 'learning_rate': 0.027705356957296357}. Best is trial 6 with value: 19.796659469604492.
LOCAL_RANK: 0 - CUDA_VISIBLE_DEVICES: [0]
[I 2023-12-16 08:56:18,918] Trial 24 finished with value: 47.672027587890625 and parameters: {'gradient_clip_val': 0.43774994194143635, 'hidden_size': 46, 'dropout': 0.39746086825575017, 'hidden_continuous_size': 23, 'attention_head_size': 4, 'learning_rate': 0.015650683495613528}. Best is trial 6 with value: 19.796659469604492.
LOCAL_RANK: 0 - CUDA_VISIBLE_DEVICES: [0]
[I 2023-12-16 08:57:06,994] Trial 25 finished with value: 143.50540161132812 and parameters: {'gradient_clip_val': 0.21312298909218427, 'hidden_size': 28, 'dropout': 0.32900178642566386, 'hidden_continuous_size': 8, 'attention_head_size': 3, 'learning_rate': 0.05965719095375968}. Best is trial 6 with value: 19.796659469604492.
LOCAL_RANK: 0 - CUDA_VISIBLE_DEVICES: [0]
[I 2023-12-16 08:58:00,657] Trial 26 finished with value: 56.069828033447266 and parameters: {'gradient_clip_val': 0.3103241616633039, 'hidden_size': 39, 'dropout': 0.36418574527557723, 'hidden_continuous_size': 26, 'attention_head_size': 4, 'learning_rate': 0.033062454925625005}. Best is trial 6 with value: 19.796659469604492.
LOCAL_RANK: 0 - CUDA_VISIBLE_DEVICES: [0]
[I 2023-12-16 08:58:54,310] Trial 27 finished with value: 62.84550094604492 and parameters: {'gradient_clip_val': 0.36305146347103906, 'hidden_size': 70, 'dropout': 0.2920476420395559, 'hidden_continuous_size': 28, 'attention_head_size': 2, 'learning_rate': 0.04887289183959843}. Best is trial 6 with value: 19.796659469604492.
LOCAL_RANK: 0 - CUDA_VISIBLE_DEVICES: [0]
[I 2023-12-16 08:59:47,298] Trial 28 finished with value: 27.6754093170166 and parameters: {'gradient_clip_val': 0.284136134294921, 'hidden_size': 49, 'dropout': 0.3210367474832526, 'hidden_continuous_size': 19, 'attention_head_size': 3, 'learning_rate': 0.06470983302608714}. Best is trial 6 with value: 19.796659469604492.
LOCAL_RANK: 0 - CUDA_VISIBLE_DEVICES: [0]
[I 2023-12-16 09:00:36,048] Trial 29 finished with value: 24.7231388092041 and parameters: {'gradient_clip_val': 0.47780197738486213, 'hidden_size': 24, 'dropout': 0.28531345668484814, 'hidden_continuous_size': 16, 'attention_head_size': 4, 'learning_rate': 0.09024725832592834}. Best is trial 6 with value: 19.796659469604492.
LOCAL_RANK: 0 - CUDA_VISIBLE_DEVICES: [0]
[I 2023-12-16 09:01:26,349] Trial 30 finished with value: 42.24519348144531 and parameters: {'gradient_clip_val': 0.6075137892813349, 'hidden_size': 32, 'dropout': 0.2680221059839623, 'hidden_continuous_size': 16, 'attention_head_size': 4, 'learning_rate': 0.03206496530609389}. Best is trial 6 with value: 19.796659469604492.
LOCAL_RANK: 0 - CUDA_VISIBLE_DEVICES: [0]
[I 2023-12-16 09:02:16,272] Trial 31 finished with value: 37.6685905456543 and parameters: {'gradient_clip_val': 0.49552102830471384, 'hidden_size': 23, 'dropout': 0.34640876929686865, 'hidden_continuous_size': 15, 'attention_head_size': 4, 'learning_rate': 0.09142639314549125}. Best is trial 6 with value: 19.796659469604492.
LOCAL_RANK: 0 - CUDA_VISIBLE_DEVICES: [0]
[I 2023-12-16 09:03:06,012] Trial 32 finished with value: 44.465850830078125 and parameters: {'gradient_clip_val': 0.4705265110519333, 'hidden_size': 25, 'dropout': 0.3101358526656496, 'hidden_continuous_size': 13, 'attention_head_size': 4, 'learning_rate': 0.0727050223126359}. Best is trial 6 with value: 19.796659469604492.
LOCAL_RANK: 0 - CUDA_VISIBLE_DEVICES: [0]
[I 2023-12-16 09:03:58,855] Trial 33 finished with value: 203.3671112060547 and parameters: {'gradient_clip_val': 0.6906415570149749, 'hidden_size': 37, 'dropout': 0.28889493134972893, 'hidden_continuous_size': 19, 'attention_head_size': 4, 'learning_rate': 0.09846195607943305}. Best is trial 6 with value: 19.796659469604492.
LOCAL_RANK: 0 - CUDA_VISIBLE_DEVICES: [0]
[I 2023-12-16 09:04:48,576] Trial 34 finished with value: 105.77242279052734 and parameters: {'gradient_clip_val': 0.3981834845990832, 'hidden_size': 29, 'dropout': 0.3054079525837925, 'hidden_continuous_size': 16, 'attention_head_size': 3, 'learning_rate': 0.05733810157241252}. Best is trial 6 with value: 19.796659469604492.
LOCAL_RANK: 0 - CUDA_VISIBLE_DEVICES: [0]
[I 2023-12-16 09:05:42,499] Trial 35 finished with value: 43.323486328125 and parameters: {'gradient_clip_val': 0.48763417947134335, 'hidden_size': 53, 'dropout': 0.33095917103583433, 'hidden_continuous_size': 18, 'attention_head_size': 4, 'learning_rate': 0.038556360999680295}. Best is trial 6 with value: 19.796659469604492.
LOCAL_RANK: 0 - CUDA_VISIBLE_DEVICES: [0]
[I 2023-12-16 09:06:34,226] Trial 36 finished with value: 47.80295944213867 and parameters: {'gradient_clip_val': 0.37385416399854104, 'hidden_size': 44, 'dropout': 0.3810361398129662, 'hidden_continuous_size': 14, 'attention_head_size': 3, 'learning_rate': 0.07483995703138889}. Best is trial 6 with value: 19.796659469604492.
LOCAL_RANK: 0 - CUDA_VISIBLE_DEVICES: [0]
[I 2023-12-16 09:07:26,451] Trial 37 finished with value: 134.4119110107422 and parameters: {'gradient_clip_val': 0.5427643891696383, 'hidden_size': 36, 'dropout': 0.35963784176622465, 'hidden_continuous_size': 20, 'attention_head_size': 4, 'learning_rate': 0.05701898847745087}. Best is trial 6 with value: 19.796659469604492.
LOCAL_RANK: 0 - CUDA_VISIBLE_DEVICES: [0]
[I 2023-12-16 09:08:14,482] Trial 38 finished with value: 115.4002914428711 and parameters: {'gradient_clip_val': 0.3264590871606335, 'hidden_size': 18, 'dropout': 0.30192387083915057, 'hidden_continuous_size': 12, 'attention_head_size': 2, 'learning_rate': 0.01933331789606843}. Best is trial 6 with value: 19.796659469604492.
LOCAL_RANK: 0 - CUDA_VISIBLE_DEVICES: [0]
[I 2023-12-16 09:09:03,826] Trial 39 finished with value: 65.78707885742188 and parameters: {'gradient_clip_val': 0.44024948885609655, 'hidden_size': 25, 'dropout': 0.3411194689093142, 'hidden_continuous_size': 15, 'attention_head_size': 3, 'learning_rate': 0.03636413472294531}. Best is trial 6 with value: 19.796659469604492.
LOCAL_RANK: 0 - CUDA_VISIBLE_DEVICES: [0]
[I 2023-12-16 09:09:54,554] Trial 40 finished with value: 24.42009162902832 and parameters: {'gradient_clip_val': 0.5833369517633497, 'hidden_size': 30, 'dropout': 0.32244635817835343, 'hidden_continuous_size': 17, 'attention_head_size': 4, 'learning_rate': 0.07482969194274033}. Best is trial 6 with value: 19.796659469604492.
LOCAL_RANK: 0 - CUDA_VISIBLE_DEVICES: [0]
[I 2023-12-16 09:10:44,382] Trial 41 finished with value: 30.92491340637207 and parameters: {'gradient_clip_val': 0.6044249260676728, 'hidden_size': 32, 'dropout': 0.3225642573246368, 'hidden_continuous_size': 16, 'attention_head_size': 4, 'learning_rate': 0.07118912359587219}. Best is trial 6 with value: 19.796659469604492.
LOCAL_RANK: 0 - CUDA_VISIBLE_DEVICES: [0]
[I 2023-12-16 09:11:37,633] Trial 42 finished with value: 90.319580078125 and parameters: {'gradient_clip_val': 0.5184575662744755, 'hidden_size': 39, 'dropout': 0.2720306834130316, 'hidden_continuous_size': 17, 'attention_head_size': 4, 'learning_rate': 0.04631349166233087}. Best is trial 6 with value: 19.796659469604492.
LOCAL_RANK: 0 - CUDA_VISIBLE_DEVICES: [0]
[I 2023-12-16 09:12:26,311] Trial 43 finished with value: 45.389404296875 and parameters: {'gradient_clip_val': 0.2508213173411699, 'hidden_size': 28, 'dropout': 0.37178442625130653, 'hidden_continuous_size': 14, 'attention_head_size': 4, 'learning_rate': 0.07854037047030935}. Best is trial 6 with value: 19.796659469604492.
LOCAL_RANK: 0 - CUDA_VISIBLE_DEVICES: [0]
[I 2023-12-16 09:13:20,064] Trial 44 finished with value: 24.184823989868164 and parameters: {'gradient_clip_val': 0.6851932209798534, 'hidden_size': 53, 'dropout': 0.35039826327454526, 'hidden_continuous_size': 25, 'attention_head_size': 4, 'learning_rate': 0.03208638070647429}. Best is trial 6 with value: 19.796659469604492.
LOCAL_RANK: 0 - CUDA_VISIBLE_DEVICES: [0]
[I 2023-12-16 09:14:12,991] Trial 45 finished with value: 24.937545776367188 and parameters: {'gradient_clip_val': 0.7758565559648741, 'hidden_size': 54, 'dropout': 0.35612370121580295, 'hidden_continuous_size': 27, 'attention_head_size': 1, 'learning_rate': 0.029068608462936886}. Best is trial 6 with value: 19.796659469604492.
LOCAL_RANK: 0 - CUDA_VISIBLE_DEVICES: [0]
[I 2023-12-16 09:15:08,175] Trial 46 finished with value: 93.29290008544922 and parameters: {'gradient_clip_val': 0.9714805509135275, 'hidden_size': 69, 'dropout': 0.3923568224236532, 'hidden_continuous_size': 37, 'attention_head_size': 4, 'learning_rate': 0.020789168103989498}. Best is trial 6 with value: 19.796659469604492.
LOCAL_RANK: 0 - CUDA_VISIBLE_DEVICES: [0]
[I 2023-12-16 09:16:01,202] Trial 47 finished with value: 28.21733283996582 and parameters: {'gradient_clip_val': 0.6811297773507746, 'hidden_size': 43, 'dropout': 0.3850193576355421, 'hidden_continuous_size': 25, 'attention_head_size': 3, 'learning_rate': 0.03694250707650043}. Best is trial 6 with value: 19.796659469604492.
LOCAL_RANK: 0 - CUDA_VISIBLE_DEVICES: [0]
[I 2023-12-16 09:16:55,159] Trial 48 finished with value: 27.4600772857666 and parameters: {'gradient_clip_val': 0.7946007923674316, 'hidden_size': 51, 'dropout': 0.34404676336687484, 'hidden_continuous_size': 30, 'attention_head_size': 4, 'learning_rate': 0.04755681256579624}. Best is trial 6 with value: 19.796659469604492.
LOCAL_RANK: 0 - CUDA_VISIBLE_DEVICES: [0]
[I 2023-12-16 09:17:49,571] Trial 49 finished with value: 152.75425720214844 and parameters: {'gradient_clip_val': 0.543682145249818, 'hidden_size': 80, 'dropout': 0.3783030391077662, 'hidden_continuous_size': 31, 'attention_head_size': 4, 'learning_rate': 0.01547931755248383}. Best is trial 6 with value: 19.796659469604492.
[I 2023-12-16 09:17:49,665] A new study created in memory with name: no-name-aeb25899-ef4d-4026-91f7-dd5464d2d716
/home/le004/conda/anaconda3/envs/tsff_env/lib/python3.9/site-packages/lightning/fabric/plugins/environments/slurm.py:191: The `srun` command is available on your system but is not used. HINT: If your intention is to run Lightning on SLURM, prepend your python command with `srun` like so: srun python /home/le004/master_thesis/git/TSFusionForecast/code/ ...
LOCAL_RANK: 0 - CUDA_VISIBLE_DEVICES: [0]
[I 2023-12-16 09:18:35,622] Trial 0 finished with value: 75.21867370605469 and parameters: {'gradient_clip_val': 0.16824396160698965, 'hidden_size': 13, 'dropout': 0.14386590401300792, 'hidden_continuous_size': 11, 'attention_head_size': 2, 'learning_rate': 0.009110725670109341}. Best is trial 0 with value: 75.21867370605469.
LOCAL_RANK: 0 - CUDA_VISIBLE_DEVICES: [0]
[I 2023-12-16 09:19:20,612] Trial 1 finished with value: 32.62245178222656 and parameters: {'gradient_clip_val': 0.14485021904283044, 'hidden_size': 13, 'dropout': 0.20386104382196824, 'hidden_continuous_size': 7, 'attention_head_size': 1, 'learning_rate': 0.0022009739057514553}. Best is trial 1 with value: 32.62245178222656.
LOCAL_RANK: 0 - CUDA_VISIBLE_DEVICES: [0]
[I 2023-12-16 09:20:11,207] Trial 2 finished with value: 19.13029670715332 and parameters: {'gradient_clip_val': 0.5394561227387875, 'hidden_size': 46, 'dropout': 0.21728117374591066, 'hidden_continuous_size': 6, 'attention_head_size': 1, 'learning_rate': 0.001233313169426104}. Best is trial 2 with value: 19.13029670715332.
LOCAL_RANK: 0 - CUDA_VISIBLE_DEVICES: [0]
[I 2023-12-16 09:20:58,200] Trial 3 finished with value: 11.027854919433594 and parameters: {'gradient_clip_val': 0.25717623364806336, 'hidden_size': 19, 'dropout': 0.3146974517757336, 'hidden_continuous_size': 6, 'attention_head_size': 2, 'learning_rate': 0.039401596662606085}. Best is trial 3 with value: 11.027854919433594.
LOCAL_RANK: 0 - CUDA_VISIBLE_DEVICES: [0]
[I 2023-12-16 09:21:42,050] Trial 4 finished with value: 21.660364151000977 and parameters: {'gradient_clip_val': 0.34919038694244464, 'hidden_size': 8, 'dropout': 0.2502449834396221, 'hidden_continuous_size': 6, 'attention_head_size': 2, 'learning_rate': 0.05262357443474543}. Best is trial 3 with value: 11.027854919433594.
LOCAL_RANK: 0 - CUDA_VISIBLE_DEVICES: [0]
[I 2023-12-16 09:22:32,908] Trial 5 finished with value: 16.69737434387207 and parameters: {'gradient_clip_val': 0.17207834152915605, 'hidden_size': 41, 'dropout': 0.1528072870510801, 'hidden_continuous_size': 8, 'attention_head_size': 1, 'learning_rate': 0.0018652749579433812}. Best is trial 3 with value: 11.027854919433594.
LOCAL_RANK: 0 - CUDA_VISIBLE_DEVICES: [0]
[I 2023-12-16 09:23:18,281] Trial 6 finished with value: 32.30104064941406 and parameters: {'gradient_clip_val': 0.5679748487016401, 'hidden_size': 9, 'dropout': 0.19175035758222783, 'hidden_continuous_size': 8, 'attention_head_size': 1, 'learning_rate': 0.008846263966354318}. Best is trial 3 with value: 11.027854919433594.
LOCAL_RANK: 0 - CUDA_VISIBLE_DEVICES: [0]
[I 2023-12-16 09:24:03,131] Trial 7 finished with value: 24.850540161132812 and parameters: {'gradient_clip_val': 0.182275226806055, 'hidden_size': 7, 'dropout': 0.1976194550914512, 'hidden_continuous_size': 6, 'attention_head_size': 1, 'learning_rate': 0.013706426988586174}. Best is trial 3 with value: 11.027854919433594.
LOCAL_RANK: 0 - CUDA_VISIBLE_DEVICES: [0]
[I 2023-12-16 09:24:48,142] Trial 8 finished with value: 22.3901424407959 and parameters: {'gradient_clip_val': 0.11600176334503011, 'hidden_size': 9, 'dropout': 0.31024766363420136, 'hidden_continuous_size': 5, 'attention_head_size': 2, 'learning_rate': 0.0027706030190457385}. Best is trial 3 with value: 11.027854919433594.
LOCAL_RANK: 0 - CUDA_VISIBLE_DEVICES: [0]
[I 2023-12-16 09:25:22,889] Trial 9 finished with value: 13.586517333984375 and parameters: {'gradient_clip_val': 0.10746270985951993, 'hidden_size': 14, 'dropout': 0.24816208983777674, 'hidden_continuous_size': 14, 'attention_head_size': 4, 'learning_rate': 0.008002361609390721}. Best is trial 3 with value: 11.027854919433594.
LOCAL_RANK: 0 - CUDA_VISIBLE_DEVICES: [0]
[I 2023-12-16 09:26:19,999] Trial 10 finished with value: 12.286216735839844 and parameters: {'gradient_clip_val': 0.9532590086121449, 'hidden_size': 98, 'dropout': 0.3916599127665751, 'hidden_continuous_size': 33, 'attention_head_size': 4, 'learning_rate': 0.08318554728556107}. Best is trial 3 with value: 11.027854919433594.
LOCAL_RANK: 0 - CUDA_VISIBLE_DEVICES: [0]
[I 2023-12-16 09:27:16,426] Trial 11 finished with value: 10.451126098632812 and parameters: {'gradient_clip_val': 0.8145818583721469, 'hidden_size': 100, 'dropout': 0.39503035811051407, 'hidden_continuous_size': 38, 'attention_head_size': 4, 'learning_rate': 0.09969452899400731}. Best is trial 11 with value: 10.451126098632812.
LOCAL_RANK: 0 - CUDA_VISIBLE_DEVICES: [0]
[I 2023-12-16 09:27:51,389] Trial 12 finished with value: 15.4898099899292 and parameters: {'gradient_clip_val': 0.2934782411375391, 'hidden_size': 27, 'dropout': 0.3954308067837734, 'hidden_continuous_size': 27, 'attention_head_size': 3, 'learning_rate': 0.0372034110364703}. Best is trial 11 with value: 10.451126098632812.
LOCAL_RANK: 0 - CUDA_VISIBLE_DEVICES: [0]
[I 2023-12-16 09:28:26,032] Trial 13 finished with value: 13.063446998596191 and parameters: {'gradient_clip_val': 0.9937076954283985, 'hidden_size': 5, 'dropout': 0.3427506551001622, 'hidden_continuous_size': 5, 'attention_head_size': 3, 'learning_rate': 0.09488883286169145}. Best is trial 11 with value: 10.451126098632812.
LOCAL_RANK: 0 - CUDA_VISIBLE_DEVICES: [0]
[I 2023-12-16 09:29:23,135] Trial 14 finished with value: 9.272185325622559 and parameters: {'gradient_clip_val': 0.27524611649607883, 'hidden_size': 89, 'dropout': 0.3346850316399224, 'hidden_continuous_size': 58, 'attention_head_size': 3, 'learning_rate': 0.026235956549753466}. Best is trial 14 with value: 9.272185325622559.
LOCAL_RANK: 0 - CUDA_VISIBLE_DEVICES: [0]
[I 2023-12-16 09:30:20,727] Trial 15 finished with value: 22.03423500061035 and parameters: {'gradient_clip_val': 0.38743524589869227, 'hidden_size': 94, 'dropout': 0.3631524296377146, 'hidden_continuous_size': 56, 'attention_head_size': 4, 'learning_rate': 0.021772501338125284}. Best is trial 14 with value: 9.272185325622559.
LOCAL_RANK: 0 - CUDA_VISIBLE_DEVICES: [0]
[I 2023-12-16 09:31:15,505] Trial 16 finished with value: 44.29109573364258 and parameters: {'gradient_clip_val': 0.23462100750528703, 'hidden_size': 68, 'dropout': 0.3520349703749039, 'hidden_continuous_size': 57, 'attention_head_size': 3, 'learning_rate': 0.022040323762826164}. Best is trial 14 with value: 9.272185325622559.
LOCAL_RANK: 0 - CUDA_VISIBLE_DEVICES: [0]
[I 2023-12-16 09:32:12,504] Trial 17 finished with value: 24.280012130737305 and parameters: {'gradient_clip_val': 0.4281010752814304, 'hidden_size': 67, 'dropout': 0.3021620036586418, 'hidden_continuous_size': 66, 'attention_head_size': 4, 'learning_rate': 0.0005094028315738285}. Best is trial 14 with value: 9.272185325622559.
LOCAL_RANK: 0 - CUDA_VISIBLE_DEVICES: [0]
[I 2023-12-16 09:33:05,693] Trial 18 finished with value: 12.629992485046387 and parameters: {'gradient_clip_val': 0.7584859229361, 'hidden_size': 38, 'dropout': 0.39156902889189643, 'hidden_continuous_size': 32, 'attention_head_size': 3, 'learning_rate': 0.06017782693969403}. Best is trial 14 with value: 9.272185325622559.
LOCAL_RANK: 0 - CUDA_VISIBLE_DEVICES: [0]
[I 2023-12-16 09:34:01,351] Trial 19 finished with value: 8.890613555908203 and parameters: {'gradient_clip_val': 0.4858431136264304, 'hidden_size': 66, 'dropout': 0.3370372141811058, 'hidden_continuous_size': 42, 'attention_head_size': 4, 'learning_rate': 0.0957459590203952}. Best is trial 19 with value: 8.890613555908203.
LOCAL_RANK: 0 - CUDA_VISIBLE_DEVICES: [0]
[I 2023-12-16 09:34:55,045] Trial 20 finished with value: 10.16279125213623 and parameters: {'gradient_clip_val': 0.3147482120541748, 'hidden_size': 58, 'dropout': 0.2922546006748344, 'hidden_continuous_size': 22, 'attention_head_size': 3, 'learning_rate': 0.02854666165872893}. Best is trial 19 with value: 8.890613555908203.
LOCAL_RANK: 0 - CUDA_VISIBLE_DEVICES: [0]
[I 2023-12-16 09:35:48,972] Trial 21 finished with value: 10.627093315124512 and parameters: {'gradient_clip_val': 0.30721194414517405, 'hidden_size': 63, 'dropout': 0.28115503524235425, 'hidden_continuous_size': 23, 'attention_head_size': 3, 'learning_rate': 0.02754909268290113}. Best is trial 19 with value: 8.890613555908203.
LOCAL_RANK: 0 - CUDA_VISIBLE_DEVICES: [0]
[I 2023-12-16 09:36:42,367] Trial 22 finished with value: 18.846643447875977 and parameters: {'gradient_clip_val': 0.4355364388498825, 'hidden_size': 53, 'dropout': 0.3308998923161067, 'hidden_continuous_size': 19, 'attention_head_size': 3, 'learning_rate': 0.04893816463458663}. Best is trial 19 with value: 8.890613555908203.
LOCAL_RANK: 0 - CUDA_VISIBLE_DEVICES: [0]
[I 2023-12-16 09:37:38,204] Trial 23 finished with value: 9.2719144821167 and parameters: {'gradient_clip_val': 0.23106831314102583, 'hidden_size': 75, 'dropout': 0.2860394976905425, 'hidden_continuous_size': 46, 'attention_head_size': 4, 'learning_rate': 0.01529807863893215}. Best is trial 19 with value: 8.890613555908203.
LOCAL_RANK: 0 - CUDA_VISIBLE_DEVICES: [0]
[I 2023-12-16 09:38:35,847] Trial 24 finished with value: 20.116056442260742 and parameters: {'gradient_clip_val': 0.21888050747904086, 'hidden_size': 80, 'dropout': 0.3308360821967731, 'hidden_continuous_size': 77, 'attention_head_size': 4, 'learning_rate': 0.015531607508236763}. Best is trial 19 with value: 8.890613555908203.
LOCAL_RANK: 0 - CUDA_VISIBLE_DEVICES: [0]
[I 2023-12-16 09:39:31,846] Trial 25 finished with value: 77.65555572509766 and parameters: {'gradient_clip_val': 0.277221751200399, 'hidden_size': 73, 'dropout': 0.2734447537853417, 'hidden_continuous_size': 47, 'attention_head_size': 4, 'learning_rate': 0.015346950181689703}. Best is trial 19 with value: 8.890613555908203.
LOCAL_RANK: 0 - CUDA_VISIBLE_DEVICES: [0]
[I 2023-12-16 09:40:23,838] Trial 26 finished with value: 13.283408164978027 and parameters: {'gradient_clip_val': 0.22009711035442894, 'hidden_size': 32, 'dropout': 0.36627381842521, 'hidden_continuous_size': 26, 'attention_head_size': 4, 'learning_rate': 0.06535374579330497}. Best is trial 19 with value: 8.890613555908203.
LOCAL_RANK: 0 - CUDA_VISIBLE_DEVICES: [0]
[I 2023-12-16 09:41:18,420] Trial 27 finished with value: 14.049503326416016 and parameters: {'gradient_clip_val': 0.36398703074149297, 'hidden_size': 55, 'dropout': 0.31955361347549416, 'hidden_continuous_size': 38, 'attention_head_size': 4, 'learning_rate': 0.005835416463313591}. Best is trial 19 with value: 8.890613555908203.
LOCAL_RANK: 0 - CUDA_VISIBLE_DEVICES: [0]
