[I 2023-12-16 00:32:02,582] Trial 37 finished with value: 98.31671905517578 and parameters: {'gradient_clip_val': 0.13036066964350973, 'hidden_size': 41, 'dropout': 0.35135605694499583, 'hidden_continuous_size': 8, 'attention_head_size': 2, 'learning_rate': 0.0010151771738889604}. Best is trial 33 with value: 67.14453125.
LOCAL_RANK: 0 - CUDA_VISIBLE_DEVICES: [0]
[I 2023-12-16 00:32:52,498] Trial 38 finished with value: 87.54102325439453 and parameters: {'gradient_clip_val': 0.16807608796169146, 'hidden_size': 26, 'dropout': 0.3693190082001727, 'hidden_continuous_size': 9, 'attention_head_size': 3, 'learning_rate': 0.007180124242501981}. Best is trial 33 with value: 67.14453125.
LOCAL_RANK: 0 - CUDA_VISIBLE_DEVICES: [0]
[I 2023-12-16 00:33:42,421] Trial 39 finished with value: 98.95113372802734 and parameters: {'gradient_clip_val': 0.11777119813024223, 'hidden_size': 33, 'dropout': 0.38532548021669144, 'hidden_continuous_size': 12, 'attention_head_size': 3, 'learning_rate': 0.0005334161681434886}. Best is trial 33 with value: 67.14453125.
LOCAL_RANK: 0 - CUDA_VISIBLE_DEVICES: [0]
[I 2023-12-16 00:34:36,152] Trial 40 finished with value: 134.20875549316406 and parameters: {'gradient_clip_val': 0.28345179983803204, 'hidden_size': 51, 'dropout': 0.3520975995075982, 'hidden_continuous_size': 18, 'attention_head_size': 4, 'learning_rate': 0.002483393373533388}. Best is trial 33 with value: 67.14453125.
LOCAL_RANK: 0 - CUDA_VISIBLE_DEVICES: [0]
[I 2023-12-16 00:35:25,420] Trial 41 finished with value: 129.1591796875 and parameters: {'gradient_clip_val': 0.18067805637301756, 'hidden_size': 26, 'dropout': 0.37037215075580576, 'hidden_continuous_size': 9, 'attention_head_size': 3, 'learning_rate': 0.006778623322039204}. Best is trial 33 with value: 67.14453125.
LOCAL_RANK: 0 - CUDA_VISIBLE_DEVICES: [0]
[I 2023-12-16 00:36:13,475] Trial 42 finished with value: 134.0055389404297 and parameters: {'gradient_clip_val': 0.13280229569294663, 'hidden_size': 24, 'dropout': 0.36468903880998293, 'hidden_continuous_size': 10, 'attention_head_size': 3, 'learning_rate': 0.012691127374980479}. Best is trial 33 with value: 67.14453125.
LOCAL_RANK: 0 - CUDA_VISIBLE_DEVICES: [0]
[I 2023-12-16 00:37:01,423] Trial 43 finished with value: 115.2756576538086 and parameters: {'gradient_clip_val': 0.11136493748404716, 'hidden_size': 28, 'dropout': 0.3999162271227325, 'hidden_continuous_size': 9, 'attention_head_size': 2, 'learning_rate': 0.008341468009280794}. Best is trial 33 with value: 67.14453125.
LOCAL_RANK: 0 - CUDA_VISIBLE_DEVICES: [0]
[I 2023-12-16 00:37:51,208] Trial 44 finished with value: 77.89192962646484 and parameters: {'gradient_clip_val': 0.16094322452266552, 'hidden_size': 36, 'dropout': 0.38370677453142826, 'hidden_continuous_size': 12, 'attention_head_size': 3, 'learning_rate': 0.001567032259748579}. Best is trial 33 with value: 67.14453125.
LOCAL_RANK: 0 - CUDA_VISIBLE_DEVICES: [0]
[I 2023-12-16 00:38:41,061] Trial 45 finished with value: 83.32071685791016 and parameters: {'gradient_clip_val': 0.20929483451280276, 'hidden_size': 36, 'dropout': 0.38610629899923377, 'hidden_continuous_size': 12, 'attention_head_size': 4, 'learning_rate': 0.001407949846179764}. Best is trial 33 with value: 67.14453125.
LOCAL_RANK: 0 - CUDA_VISIBLE_DEVICES: [0]
[I 2023-12-16 00:39:33,684] Trial 46 finished with value: 82.89035034179688 and parameters: {'gradient_clip_val': 0.13710476761015825, 'hidden_size': 45, 'dropout': 0.34103588149408737, 'hidden_continuous_size': 14, 'attention_head_size': 3, 'learning_rate': 0.0019386155045436823}. Best is trial 33 with value: 67.14453125.
LOCAL_RANK: 0 - CUDA_VISIBLE_DEVICES: [0]
[I 2023-12-16 00:40:23,112] Trial 47 finished with value: 96.65369415283203 and parameters: {'gradient_clip_val': 0.11235670081676083, 'hidden_size': 21, 'dropout': 0.38176933517788736, 'hidden_continuous_size': 11, 'attention_head_size': 4, 'learning_rate': 0.003338963573742649}. Best is trial 33 with value: 67.14453125.
LOCAL_RANK: 0 - CUDA_VISIBLE_DEVICES: [0]
[I 2023-12-16 00:41:12,405] Trial 48 finished with value: 103.35994720458984 and parameters: {'gradient_clip_val': 0.18051617910540377, 'hidden_size': 30, 'dropout': 0.3558693261233854, 'hidden_continuous_size': 12, 'attention_head_size': 2, 'learning_rate': 0.0011255882303438153}. Best is trial 33 with value: 67.14453125.
LOCAL_RANK: 0 - CUDA_VISIBLE_DEVICES: [0]
[I 2023-12-16 00:42:02,907] Trial 49 finished with value: 134.16416931152344 and parameters: {'gradient_clip_val': 0.15588496584664518, 'hidden_size': 35, 'dropout': 0.3891299040641352, 'hidden_continuous_size': 10, 'attention_head_size': 3, 'learning_rate': 0.0017423071122279784}. Best is trial 33 with value: 67.14453125.
[I 2023-12-16 00:42:02,999] A new study created in memory with name: no-name-33028b5e-e2cb-4f17-a88b-8e9dd98e49ca
/home/le004/conda/anaconda3/envs/tsff_env/lib/python3.9/site-packages/lightning/fabric/plugins/environments/slurm.py:191: The `srun` command is available on your system but is not used. HINT: If your intention is to run Lightning on SLURM, prepend your python command with `srun` like so: srun python /home/le004/master_thesis/git/TSFusionForecast/code/ ...
LOCAL_RANK: 0 - CUDA_VISIBLE_DEVICES: [0]
[I 2023-12-16 00:42:56,599] Trial 0 finished with value: 192.2551727294922 and parameters: {'gradient_clip_val': 0.34786721418977795, 'hidden_size': 50, 'dropout': 0.13071413374824817, 'hidden_continuous_size': 20, 'attention_head_size': 4, 'learning_rate': 0.06346034797363867}. Best is trial 0 with value: 192.2551727294922.
LOCAL_RANK: 0 - CUDA_VISIBLE_DEVICES: [0]
[I 2023-12-16 00:43:42,409] Trial 1 finished with value: 149.7170867919922 and parameters: {'gradient_clip_val': 0.8600210810908355, 'hidden_size': 18, 'dropout': 0.155167649727317, 'hidden_continuous_size': 6, 'attention_head_size': 1, 'learning_rate': 0.000943222114706051}. Best is trial 1 with value: 149.7170867919922.
LOCAL_RANK: 0 - CUDA_VISIBLE_DEVICES: [0]
[I 2023-12-16 00:44:29,136] Trial 2 finished with value: 288.1677551269531 and parameters: {'gradient_clip_val': 0.3214662404327109, 'hidden_size': 13, 'dropout': 0.2694975119099307, 'hidden_continuous_size': 11, 'attention_head_size': 4, 'learning_rate': 0.011876127739004424}. Best is trial 1 with value: 149.7170867919922.
LOCAL_RANK: 0 - CUDA_VISIBLE_DEVICES: [0]
[I 2023-12-16 00:45:13,299] Trial 3 finished with value: 124.7101821899414 and parameters: {'gradient_clip_val': 0.38961785115109093, 'hidden_size': 8, 'dropout': 0.1791431030483942, 'hidden_continuous_size': 5, 'attention_head_size': 3, 'learning_rate': 0.007863488772311581}. Best is trial 3 with value: 124.7101821899414.
LOCAL_RANK: 0 - CUDA_VISIBLE_DEVICES: [0]
[I 2023-12-16 00:46:05,717] Trial 4 finished with value: 123.25424194335938 and parameters: {'gradient_clip_val': 0.162169914055895, 'hidden_size': 37, 'dropout': 0.27805399369229067, 'hidden_continuous_size': 16, 'attention_head_size': 4, 'learning_rate': 0.003958839577833906}. Best is trial 4 with value: 123.25424194335938.
LOCAL_RANK: 0 - CUDA_VISIBLE_DEVICES: [0]
[I 2023-12-16 00:46:53,975] Trial 5 finished with value: 193.324951171875 and parameters: {'gradient_clip_val': 0.8469639243803526, 'hidden_size': 25, 'dropout': 0.2556679430376704, 'hidden_continuous_size': 6, 'attention_head_size': 2, 'learning_rate': 0.018116439195784984}. Best is trial 4 with value: 123.25424194335938.
LOCAL_RANK: 0 - CUDA_VISIBLE_DEVICES: [0]
[I 2023-12-16 00:47:43,823] Trial 6 finished with value: 177.08399963378906 and parameters: {'gradient_clip_val': 0.12325197966830562, 'hidden_size': 29, 'dropout': 0.10316165981142476, 'hidden_continuous_size': 10, 'attention_head_size': 4, 'learning_rate': 0.03523884582851498}. Best is trial 4 with value: 123.25424194335938.
LOCAL_RANK: 0 - CUDA_VISIBLE_DEVICES: [0]
[I 2023-12-16 00:48:29,452] Trial 7 finished with value: 143.00201416015625 and parameters: {'gradient_clip_val': 0.11706912467288291, 'hidden_size': 6, 'dropout': 0.27020048014164977, 'hidden_continuous_size': 5, 'attention_head_size': 4, 'learning_rate': 0.06065448764146812}. Best is trial 4 with value: 123.25424194335938.
LOCAL_RANK: 0 - CUDA_VISIBLE_DEVICES: [0]
[I 2023-12-16 00:49:14,029] Trial 8 finished with value: 214.6414794921875 and parameters: {'gradient_clip_val': 0.49967674079464675, 'hidden_size': 6, 'dropout': 0.19756621043842196, 'hidden_continuous_size': 5, 'attention_head_size': 2, 'learning_rate': 0.000730987529043382}. Best is trial 4 with value: 123.25424194335938.
LOCAL_RANK: 0 - CUDA_VISIBLE_DEVICES: [0]
[I 2023-12-16 00:50:07,333] Trial 9 finished with value: 181.72044372558594 and parameters: {'gradient_clip_val': 0.9252944240572692, 'hidden_size': 57, 'dropout': 0.27301764759791947, 'hidden_continuous_size': 18, 'attention_head_size': 2, 'learning_rate': 0.009530413175292476}. Best is trial 4 with value: 123.25424194335938.
LOCAL_RANK: 0 - CUDA_VISIBLE_DEVICES: [0]
[I 2023-12-16 00:51:02,342] Trial 10 finished with value: 188.6024932861328 and parameters: {'gradient_clip_val': 0.1809167582724792, 'hidden_size': 84, 'dropout': 0.35036563796851766, 'hidden_continuous_size': 52, 'attention_head_size': 3, 'learning_rate': 0.00321499057811184}. Best is trial 4 with value: 123.25424194335938.
LOCAL_RANK: 0 - CUDA_VISIBLE_DEVICES: [0]
[I 2023-12-16 00:51:48,050] Trial 11 finished with value: 129.63426208496094 and parameters: {'gradient_clip_val': 0.21228113006715868, 'hidden_size': 10, 'dropout': 0.20092017880431273, 'hidden_continuous_size': 5, 'attention_head_size': 3, 'learning_rate': 0.004616391464294279}. Best is trial 4 with value: 123.25424194335938.
LOCAL_RANK: 0 - CUDA_VISIBLE_DEVICES: [0]
[I 2023-12-16 00:52:37,594] Trial 12 finished with value: 123.73892974853516 and parameters: {'gradient_clip_val': 0.2122340301381541, 'hidden_size': 34, 'dropout': 0.34270759915127824, 'hidden_continuous_size': 8, 'attention_head_size': 3, 'learning_rate': 0.0023363570672750955}. Best is trial 4 with value: 123.25424194335938.
LOCAL_RANK: 0 - CUDA_VISIBLE_DEVICES: [0]
[I 2023-12-16 00:53:26,189] Trial 13 finished with value: 186.3485870361328 and parameters: {'gradient_clip_val': 0.1971548528351906, 'hidden_size': 36, 'dropout': 0.33644238078331995, 'hidden_continuous_size': 8, 'attention_head_size': 3, 'learning_rate': 0.0024340293621592287}. Best is trial 4 with value: 123.25424194335938.
LOCAL_RANK: 0 - CUDA_VISIBLE_DEVICES: [0]
[I 2023-12-16 00:54:14,550] Trial 14 finished with value: 146.22088623046875 and parameters: {'gradient_clip_val': 0.2410374017208598, 'hidden_size': 19, 'dropout': 0.3981870779598164, 'hidden_continuous_size': 8, 'attention_head_size': 4, 'learning_rate': 0.0019276604711005528}. Best is trial 4 with value: 123.25424194335938.
LOCAL_RANK: 0 - CUDA_VISIBLE_DEVICES: [0]
[I 2023-12-16 00:55:06,431] Trial 15 finished with value: 128.2592315673828 and parameters: {'gradient_clip_val': 0.1447955615805094, 'hidden_size': 37, 'dropout': 0.3156488206003495, 'hidden_continuous_size': 15, 'attention_head_size': 3, 'learning_rate': 0.0017010156950189456}. Best is trial 4 with value: 123.25424194335938.
LOCAL_RANK: 0 - CUDA_VISIBLE_DEVICES: [0]
[I 2023-12-16 00:56:00,553] Trial 16 finished with value: 159.2956085205078 and parameters: {'gradient_clip_val': 0.1544584200163274, 'hidden_size': 82, 'dropout': 0.3083085492330514, 'hidden_continuous_size': 27, 'attention_head_size': 1, 'learning_rate': 0.0047837299557394915}. Best is trial 4 with value: 123.25424194335938.
LOCAL_RANK: 0 - CUDA_VISIBLE_DEVICES: [0]
[I 2023-12-16 00:56:53,876] Trial 17 finished with value: 128.65306091308594 and parameters: {'gradient_clip_val': 0.10413690624811696, 'hidden_size': 49, 'dropout': 0.21810212069731366, 'hidden_continuous_size': 11, 'attention_head_size': 4, 'learning_rate': 0.0014667811305646666}. Best is trial 4 with value: 123.25424194335938.
LOCAL_RANK: 0 - CUDA_VISIBLE_DEVICES: [0]
[I 2023-12-16 00:57:42,719] Trial 18 finished with value: 145.0589141845703 and parameters: {'gradient_clip_val': 0.2451530589872597, 'hidden_size': 22, 'dropout': 0.2290087988049065, 'hidden_continuous_size': 8, 'attention_head_size': 3, 'learning_rate': 0.000506794411247487}. Best is trial 4 with value: 123.25424194335938.
LOCAL_RANK: 0 - CUDA_VISIBLE_DEVICES: [0]
[I 2023-12-16 00:58:32,493] Trial 19 finished with value: 145.32298278808594 and parameters: {'gradient_clip_val': 0.1579515330195541, 'hidden_size': 33, 'dropout': 0.37746237936634663, 'hidden_continuous_size': 13, 'attention_head_size': 2, 'learning_rate': 0.004100579233600789}. Best is trial 4 with value: 123.25424194335938.
LOCAL_RANK: 0 - CUDA_VISIBLE_DEVICES: [0]
[I 2023-12-16 00:59:27,799] Trial 20 finished with value: 262.25323486328125 and parameters: {'gradient_clip_val': 0.2557141355187805, 'hidden_size': 100, 'dropout': 0.30125437782662506, 'hidden_continuous_size': 28, 'attention_head_size': 4, 'learning_rate': 0.006170807374237615}. Best is trial 4 with value: 123.25424194335938.
LOCAL_RANK: 0 - CUDA_VISIBLE_DEVICES: [0]
[I 2023-12-16 01:00:13,680] Trial 21 finished with value: 156.9512481689453 and parameters: {'gradient_clip_val': 0.3934310336291149, 'hidden_size': 14, 'dropout': 0.17451348184201812, 'hidden_continuous_size': 7, 'attention_head_size': 3, 'learning_rate': 0.007652927366267473}. Best is trial 4 with value: 123.25424194335938.
LOCAL_RANK: 0 - CUDA_VISIBLE_DEVICES: [0]
[I 2023-12-16 01:00:47,991] Trial 22 finished with value: 203.4752655029297 and parameters: {'gradient_clip_val': 0.28164960146812823, 'hidden_size': 5, 'dropout': 0.23391947994573045, 'hidden_continuous_size': 5, 'attention_head_size': 3, 'learning_rate': 0.002915609889541949}. Best is trial 4 with value: 123.25424194335938.
LOCAL_RANK: 0 - CUDA_VISIBLE_DEVICES: [0]
[I 2023-12-16 01:01:36,881] Trial 23 finished with value: 243.1628875732422 and parameters: {'gradient_clip_val': 0.19184187800059602, 'hidden_size': 26, 'dropout': 0.351817957129567, 'hidden_continuous_size': 6, 'attention_head_size': 3, 'learning_rate': 0.013489398247423649}. Best is trial 4 with value: 123.25424194335938.
LOCAL_RANK: 0 - CUDA_VISIBLE_DEVICES: [0]
[I 2023-12-16 01:02:28,081] Trial 24 finished with value: 179.5504608154297 and parameters: {'gradient_clip_val': 0.42257864152940355, 'hidden_size': 41, 'dropout': 0.2903459707154469, 'hidden_continuous_size': 9, 'attention_head_size': 2, 'learning_rate': 0.0031958080142133333}. Best is trial 4 with value: 123.25424194335938.
LOCAL_RANK: 0 - CUDA_VISIBLE_DEVICES: [0]
[I 2023-12-16 01:03:16,113] Trial 25 finished with value: 174.0749053955078 and parameters: {'gradient_clip_val': 0.2894814957975644, 'hidden_size': 28, 'dropout': 0.2522890204618806, 'hidden_continuous_size': 7, 'attention_head_size': 3, 'learning_rate': 0.0062827030182151435}. Best is trial 4 with value: 123.25424194335938.
LOCAL_RANK: 0 - CUDA_VISIBLE_DEVICES: [0]
[I 2023-12-16 01:04:00,751] Trial 26 finished with value: 155.5901336669922 and parameters: {'gradient_clip_val': 0.13553320781009875, 'hidden_size': 8, 'dropout': 0.28845880103000027, 'hidden_continuous_size': 5, 'attention_head_size': 4, 'learning_rate': 0.001414634750535903}. Best is trial 4 with value: 123.25424194335938.
LOCAL_RANK: 0 - CUDA_VISIBLE_DEVICES: [0]
[I 2023-12-16 01:04:47,401] Trial 27 finished with value: 130.86712646484375 and parameters: {'gradient_clip_val': 0.17441773166644625, 'hidden_size': 17, 'dropout': 0.32825350707000883, 'hidden_continuous_size': 7, 'attention_head_size': 3, 'learning_rate': 0.002548860700899245}. Best is trial 4 with value: 123.25424194335938.
LOCAL_RANK: 0 - CUDA_VISIBLE_DEVICES: [0]
[I 2023-12-16 01:05:36,160] Trial 28 finished with value: 140.45326232910156 and parameters: {'gradient_clip_val': 0.21912600495556145, 'hidden_size': 22, 'dropout': 0.2382780607804116, 'hidden_continuous_size': 9, 'attention_head_size': 2, 'learning_rate': 0.0078630462943137}. Best is trial 4 with value: 123.25424194335938.
LOCAL_RANK: 0 - CUDA_VISIBLE_DEVICES: [0]
[I 2023-12-16 01:06:29,479] Trial 29 finished with value: 170.77056884765625 and parameters: {'gradient_clip_val': 0.3510943245713862, 'hidden_size': 49, 'dropout': 0.1454529739884199, 'hidden_continuous_size': 13, 'attention_head_size': 4, 'learning_rate': 0.004455721948310101}. Best is trial 4 with value: 123.25424194335938.
LOCAL_RANK: 0 - CUDA_VISIBLE_DEVICES: [0]
[I 2023-12-16 01:07:15,466] Trial 30 finished with value: 153.90855407714844 and parameters: {'gradient_clip_val': 0.17464245651413296, 'hidden_size': 11, 'dropout': 0.18192597436571706, 'hidden_continuous_size': 6, 'attention_head_size': 4, 'learning_rate': 0.01910547254346445}. Best is trial 4 with value: 123.25424194335938.
LOCAL_RANK: 0 - CUDA_VISIBLE_DEVICES: [0]
[I 2023-12-16 01:08:07,306] Trial 31 finished with value: 143.71817016601562 and parameters: {'gradient_clip_val': 0.14277558633323814, 'hidden_size': 37, 'dropout': 0.3168984585865486, 'hidden_continuous_size': 15, 'attention_head_size': 3, 'learning_rate': 0.0017458191822152223}. Best is trial 4 with value: 123.25424194335938.
LOCAL_RANK: 0 - CUDA_VISIBLE_DEVICES: [0]
[I 2023-12-16 01:08:56,993] Trial 32 finished with value: 140.34283447265625 and parameters: {'gradient_clip_val': 0.15632178366153654, 'hidden_size': 30, 'dropout': 0.31664889623035536, 'hidden_continuous_size': 13, 'attention_head_size': 3, 'learning_rate': 0.0009853873335987557}. Best is trial 4 with value: 123.25424194335938.
LOCAL_RANK: 0 - CUDA_VISIBLE_DEVICES: [0]
[I 2023-12-16 01:09:48,712] Trial 33 finished with value: 140.97315979003906 and parameters: {'gradient_clip_val': 0.12234363020712491, 'hidden_size': 42, 'dropout': 0.2962576466300855, 'hidden_continuous_size': 15, 'attention_head_size': 1, 'learning_rate': 0.002028842946603761}. Best is trial 4 with value: 123.25424194335938.
LOCAL_RANK: 0 - CUDA_VISIBLE_DEVICES: [0]
[I 2023-12-16 01:10:38,238] Trial 34 finished with value: 122.86297607421875 and parameters: {'gradient_clip_val': 0.13992700957090184, 'hidden_size': 25, 'dropout': 0.27711681592192683, 'hidden_continuous_size': 11, 'attention_head_size': 3, 'learning_rate': 0.0011001512785450195}. Best is trial 34 with value: 122.86297607421875.
LOCAL_RANK: 0 - CUDA_VISIBLE_DEVICES: [0]
[I 2023-12-16 01:11:23,604] Trial 35 finished with value: 142.10890197753906 and parameters: {'gradient_clip_val': 0.10217940368159571, 'hidden_size': 16, 'dropout': 0.25597386240844344, 'hidden_continuous_size': 10, 'attention_head_size': 2, 'learning_rate': 0.0011837100952701355}. Best is trial 34 with value: 122.86297607421875.
LOCAL_RANK: 0 - CUDA_VISIBLE_DEVICES: [0]
[I 2023-12-16 01:12:12,014] Trial 36 finished with value: 130.590576171875 and parameters: {'gradient_clip_val': 0.21570669140449072, 'hidden_size': 24, 'dropout': 0.2736361985543917, 'hidden_continuous_size': 11, 'attention_head_size': 4, 'learning_rate': 0.0010662688032197231}. Best is trial 34 with value: 122.86297607421875.
LOCAL_RANK: 0 - CUDA_VISIBLE_DEVICES: [0]
[I 2023-12-16 01:12:59,301] Trial 37 finished with value: 145.2873077392578 and parameters: {'gradient_clip_val': 0.1295226322352464, 'hidden_size': 19, 'dropout': 0.12144862466366255, 'hidden_continuous_size': 6, 'attention_head_size': 3, 'learning_rate': 0.0007247151940200375}. Best is trial 34 with value: 122.86297607421875.
LOCAL_RANK: 0 - CUDA_VISIBLE_DEVICES: [0]
[I 2023-12-16 01:13:49,139] Trial 38 finished with value: 127.54451751708984 and parameters: {'gradient_clip_val': 0.11479342541876673, 'hidden_size': 30, 'dropout': 0.2816759334121608, 'hidden_continuous_size': 10, 'attention_head_size': 4, 'learning_rate': 0.003339801812899816}. Best is trial 34 with value: 122.86297607421875.
LOCAL_RANK: 0 - CUDA_VISIBLE_DEVICES: [0]
[I 2023-12-16 01:14:37,870] Trial 39 finished with value: 123.76739501953125 and parameters: {'gradient_clip_val': 0.5696045947782861, 'hidden_size': 23, 'dropout': 0.2627714668177026, 'hidden_continuous_size': 9, 'attention_head_size': 2, 'learning_rate': 0.002079123001581774}. Best is trial 34 with value: 122.86297607421875.
LOCAL_RANK: 0 - CUDA_VISIBLE_DEVICES: [0]
[I 2023-12-16 01:15:24,859] Trial 40 finished with value: 135.3527069091797 and parameters: {'gradient_clip_val': 0.6882538955143599, 'hidden_size': 24, 'dropout': 0.2563506433533928, 'hidden_continuous_size': 9, 'attention_head_size': 1, 'learning_rate': 0.00231111137159863}. Best is trial 34 with value: 122.86297607421875.
LOCAL_RANK: 0 - CUDA_VISIBLE_DEVICES: [0]
[I 2023-12-16 01:16:11,482] Trial 41 finished with value: 129.23046875 and parameters: {'gradient_clip_val': 0.5886257102113567, 'hidden_size': 20, 'dropout': 0.2730994245522802, 'hidden_continuous_size': 8, 'attention_head_size': 2, 'learning_rate': 0.002072397353454151}. Best is trial 34 with value: 122.86297607421875.
LOCAL_RANK: 0 - CUDA_VISIBLE_DEVICES: [0]
[I 2023-12-16 01:17:00,393] Trial 42 finished with value: 124.6786117553711 and parameters: {'gradient_clip_val': 0.34684062338526545, 'hidden_size': 25, 'dropout': 0.260535722078841, 'hidden_continuous_size': 12, 'attention_head_size': 2, 'learning_rate': 0.0013329222674170788}. Best is trial 34 with value: 122.86297607421875.
LOCAL_RANK: 0 - CUDA_VISIBLE_DEVICES: [0]
[I 2023-12-16 01:17:49,439] Trial 43 finished with value: 130.13970947265625 and parameters: {'gradient_clip_val': 0.32592948301319236, 'hidden_size': 27, 'dropout': 0.28523694385590914, 'hidden_continuous_size': 12, 'attention_head_size': 2, 'learning_rate': 0.0016002431209662625}. Best is trial 34 with value: 122.86297607421875.
LOCAL_RANK: 0 - CUDA_VISIBLE_DEVICES: [0]
[I 2023-12-16 01:18:37,425] Trial 44 finished with value: 129.734130859375 and parameters: {'gradient_clip_val': 0.45106987983990904, 'hidden_size': 32, 'dropout': 0.2639133848221954, 'hidden_continuous_size': 12, 'attention_head_size': 2, 'learning_rate': 0.0013295830654550557}. Best is trial 34 with value: 122.86297607421875.
LOCAL_RANK: 0 - CUDA_VISIBLE_DEVICES: [0]
