[I 2023-12-26 15:12:38,795] Trial 19 finished with value: 2.5489909648895264 and parameters: {'gradient_clip_val': 0.47429610821548174, 'hidden_size': 19, 'dropout': 0.19843738193663762, 'hidden_continuous_size': 10, 'attention_head_size': 2, 'learning_rate': 0.03795027272994316}. Best is trial 0 with value: 0.05978952720761299.
[I 2023-12-26 15:12:41,339] Trial 20 finished with value: 2.450855255126953 and parameters: {'gradient_clip_val': 0.784622719567712, 'hidden_size': 11, 'dropout': 0.3762930318978864, 'hidden_continuous_size': 8, 'attention_head_size': 4, 'learning_rate': 0.013157969667011276}. Best is trial 0 with value: 0.05978952720761299.
[I 2023-12-26 15:12:51,566] Trial 21 finished with value: 1.8247790336608887 and parameters: {'gradient_clip_val': 0.5477405081334601, 'hidden_size': 136, 'dropout': 0.26166160301270236, 'hidden_continuous_size': 47, 'attention_head_size': 1, 'learning_rate': 0.08444712413201834}. Best is trial 0 with value: 0.05978952720761299.
[I 2023-12-26 15:12:54,867] Trial 22 finished with value: 1.987379550933838 and parameters: {'gradient_clip_val': 0.40513339275667437, 'hidden_size': 35, 'dropout': 0.2769568920361448, 'hidden_continuous_size': 18, 'attention_head_size': 1, 'learning_rate': 0.08580494590899318}. Best is trial 0 with value: 0.05978952720761299.
[I 2023-12-26 15:12:58,912] Trial 23 finished with value: 1.7647398710250854 and parameters: {'gradient_clip_val': 0.29385929895856877, 'hidden_size': 44, 'dropout': 0.21574685642630473, 'hidden_continuous_size': 35, 'attention_head_size': 2, 'learning_rate': 0.04510738291960716}. Best is trial 0 with value: 0.05978952720761299.
[I 2023-12-26 15:13:10,300] Trial 24 finished with value: 1.4360442161560059 and parameters: {'gradient_clip_val': 0.20902874080989978, 'hidden_size': 148, 'dropout': 0.29609242721916196, 'hidden_continuous_size': 84, 'attention_head_size': 1, 'learning_rate': 0.026516612328981313}. Best is trial 0 with value: 0.05978952720761299.
[I 2023-12-26 15:13:12,779] Trial 25 finished with value: 2.1403677463531494 and parameters: {'gradient_clip_val': 0.3096176737381712, 'hidden_size': 19, 'dropout': 0.23324484440006332, 'hidden_continuous_size': 6, 'attention_head_size': 3, 'learning_rate': 0.05900282571027323}. Best is trial 0 with value: 0.05978952720761299.
[I 2023-12-26 15:13:17,169] Trial 26 finished with value: 3.3447656631469727 and parameters: {'gradient_clip_val': 0.7966435764582778, 'hidden_size': 48, 'dropout': 0.29018261429395437, 'hidden_continuous_size': 16, 'attention_head_size': 2, 'learning_rate': 0.03401296322197648}. Best is trial 0 with value: 0.05978952720761299.
[I 2023-12-26 15:13:19,607] Trial 27 finished with value: 2.3504936695098877 and parameters: {'gradient_clip_val': 0.3841069897801335, 'hidden_size': 18, 'dropout': 0.35745086078666105, 'hidden_continuous_size': 7, 'attention_head_size': 1, 'learning_rate': 0.01921694633047015}. Best is trial 0 with value: 0.05978952720761299.
[I 2023-12-26 15:13:22,892] Trial 28 finished with value: 2.314258337020874 and parameters: {'gradient_clip_val': 0.5323007493094511, 'hidden_size': 25, 'dropout': 0.2745118378299787, 'hidden_continuous_size': 11, 'attention_head_size': 3, 'learning_rate': 0.09462714816233722}. Best is trial 0 with value: 0.05978952720761299.
[I 2023-12-26 15:13:25,354] Trial 29 finished with value: 2.4988510608673096 and parameters: {'gradient_clip_val': 0.274852846433357, 'hidden_size': 12, 'dropout': 0.19436095048982482, 'hidden_continuous_size': 6, 'attention_head_size': 4, 'learning_rate': 0.001924991443632351}. Best is trial 0 with value: 0.05978952720761299.
[I 2023-12-26 15:13:27,937] Trial 30 finished with value: 2.1354987621307373 and parameters: {'gradient_clip_val': 0.9957164862851476, 'hidden_size': 10, 'dropout': 0.2545256319979896, 'hidden_continuous_size': 5, 'attention_head_size': 4, 'learning_rate': 0.05267752018879332}. Best is trial 0 with value: 0.05978952720761299.
[I 2023-12-26 15:13:30,586] Trial 31 finished with value: 1.6908434629440308 and parameters: {'gradient_clip_val': 0.4594614816031337, 'hidden_size': 14, 'dropout': 0.11716149702379486, 'hidden_continuous_size': 8, 'attention_head_size': 3, 'learning_rate': 0.0014313939590646493}. Best is trial 0 with value: 0.05978952720761299.
[I 2023-12-26 15:13:33,168] Trial 32 finished with value: 1.728415608406067 and parameters: {'gradient_clip_val': 0.3472143765727227, 'hidden_size': 15, 'dropout': 0.12781830883041428, 'hidden_continuous_size': 9, 'attention_head_size': 3, 'learning_rate': 0.0020326685765039132}. Best is trial 0 with value: 0.05978952720761299.
[I 2023-12-26 15:13:35,759] Trial 33 finished with value: 2.953936815261841 and parameters: {'gradient_clip_val': 0.256584503036748, 'hidden_size': 14, 'dropout': 0.16167543532026474, 'hidden_continuous_size': 7, 'attention_head_size': 3, 'learning_rate': 0.0047907837062981275}. Best is trial 0 with value: 0.05978952720761299.
[I 2023-12-26 15:13:38,494] Trial 34 finished with value: 1.6082730293273926 and parameters: {'gradient_clip_val': 0.49703274219848553, 'hidden_size': 19, 'dropout': 0.17540970370011277, 'hidden_continuous_size': 9, 'attention_head_size': 2, 'learning_rate': 0.010468445870009441}. Best is trial 0 with value: 0.05978952720761299.
[I 2023-12-26 15:13:40,827] Trial 35 finished with value: 2.59517502784729 and parameters: {'gradient_clip_val': 0.40026519735127314, 'hidden_size': 7, 'dropout': 0.13961669264265542, 'hidden_continuous_size': 5, 'attention_head_size': 4, 'learning_rate': 0.0011274640159152753}. Best is trial 0 with value: 0.05978952720761299.
[I 2023-12-26 15:13:43,384] Trial 36 finished with value: 2.5401177406311035 and parameters: {'gradient_clip_val': 0.32186911784000816, 'hidden_size': 11, 'dropout': 0.10493408469232668, 'hidden_continuous_size': 8, 'attention_head_size': 3, 'learning_rate': 0.002810375028359538}. Best is trial 0 with value: 0.05978952720761299.
[I 2023-12-26 15:13:51,036] Trial 37 finished with value: 2.272352933883667 and parameters: {'gradient_clip_val': 0.5781976704560453, 'hidden_size': 103, 'dropout': 0.2014998899955612, 'hidden_continuous_size': 12, 'attention_head_size': 2, 'learning_rate': 0.030794310425139398}. Best is trial 0 with value: 0.05978952720761299.
[I 2023-12-26 15:13:55,456] Trial 38 finished with value: 2.1380014419555664 and parameters: {'gradient_clip_val': 0.7481229021362982, 'hidden_size': 60, 'dropout': 0.21634370467148262, 'hidden_continuous_size': 12, 'attention_head_size': 4, 'learning_rate': 0.023960978704866822}. Best is trial 0 with value: 0.05978952720761299.
[I 2023-12-26 15:13:58,199] Trial 39 finished with value: 2.866184949874878 and parameters: {'gradient_clip_val': 0.22626911856161988, 'hidden_size': 13, 'dropout': 0.15697425310129426, 'hidden_continuous_size': 7, 'attention_head_size': 3, 'learning_rate': 0.04048295062241775}. Best is trial 0 with value: 0.05978952720761299.
[I 2023-12-26 15:14:00,475] Trial 40 finished with value: 2.530973196029663 and parameters: {'gradient_clip_val': 0.6651396401832352, 'hidden_size': 6, 'dropout': 0.13195395347781042, 'hidden_continuous_size': 5, 'attention_head_size': 2, 'learning_rate': 0.066797253576724}. Best is trial 0 with value: 0.05978952720761299.
[I 2023-12-26 15:14:11,933] Trial 41 finished with value: 2.09586501121521 and parameters: {'gradient_clip_val': 0.20628790348336787, 'hidden_size': 139, 'dropout': 0.3044243410160324, 'hidden_continuous_size': 70, 'attention_head_size': 1, 'learning_rate': 0.023138799715825303}. Best is trial 0 with value: 0.05978952720761299.
[I 2023-12-26 15:14:21,809] Trial 42 finished with value: 2.0722062587738037 and parameters: {'gradient_clip_val': 0.18491753793372337, 'hidden_size': 109, 'dropout': 0.24004223403403613, 'hidden_continuous_size': 93, 'attention_head_size': 1, 'learning_rate': 0.02944330641851315}. Best is trial 0 with value: 0.05978952720761299.
[I 2023-12-26 15:14:34,411] Trial 43 finished with value: 1.3480682373046875 and parameters: {'gradient_clip_val': 0.8431275972541153, 'hidden_size': 145, 'dropout': 0.17453344534356618, 'hidden_continuous_size': 124, 'attention_head_size': 1, 'learning_rate': 0.04817405800060371}. Best is trial 0 with value: 0.05978952720761299.
[I 2023-12-26 15:14:40,704] Trial 44 finished with value: 2.831868886947632 and parameters: {'gradient_clip_val': 0.8819174071998283, 'hidden_size': 83, 'dropout': 0.17804957552436854, 'hidden_continuous_size': 24, 'attention_head_size': 1, 'learning_rate': 0.057041553430960436}. Best is trial 0 with value: 0.05978952720761299.
[I 2023-12-26 15:14:49,355] Trial 45 finished with value: 2.3694753646850586 and parameters: {'gradient_clip_val': 0.8634137584756069, 'hidden_size': 105, 'dropout': 0.15099788994573363, 'hidden_continuous_size': 65, 'attention_head_size': 1, 'learning_rate': 0.04587322130218759}. Best is trial 0 with value: 0.05978952720761299.
[I 2023-12-26 15:14:59,902] Trial 46 finished with value: 2.227182149887085 and parameters: {'gradient_clip_val': 0.991044826371871, 'hidden_size': 120, 'dropout': 0.21405506978444244, 'hidden_continuous_size': 117, 'attention_head_size': 2, 'learning_rate': 0.07086944799815914}. Best is trial 0 with value: 0.05978952720761299.
[I 2023-12-26 15:15:06,781] Trial 47 finished with value: 2.0471832752227783 and parameters: {'gradient_clip_val': 0.6061580011560895, 'hidden_size': 84, 'dropout': 0.10053942433644299, 'hidden_continuous_size': 14, 'attention_head_size': 1, 'learning_rate': 0.000709155737113686}. Best is trial 0 with value: 0.05978952720761299.
[I 2023-12-26 15:15:12,827] Trial 48 finished with value: 3.0398035049438477 and parameters: {'gradient_clip_val': 0.724886210099601, 'hidden_size': 69, 'dropout': 0.1890142325689752, 'hidden_continuous_size': 25, 'attention_head_size': 4, 'learning_rate': 0.03523561447798575}. Best is trial 0 with value: 0.05978952720761299.
[I 2023-12-26 15:15:15,333] Trial 49 finished with value: 2.531214714050293 and parameters: {'gradient_clip_val': 0.8553192806816207, 'hidden_size': 9, 'dropout': 0.16972424612319326, 'hidden_continuous_size': 7, 'attention_head_size': 3, 'learning_rate': 0.016378058023992757}. Best is trial 0 with value: 0.05978952720761299.
[I 2023-12-26 15:15:15,486] A new study created in memory with name: no-name-c5318349-a724-4070-ab21-79ba77d8f643
/home/le004/conda/anaconda3/envs/tsff_env/lib/python3.9/site-packages/lightning/fabric/plugins/environments/slurm.py:191: The `srun` command is available on your system but is not used. HINT: If your intention is to run Lightning on SLURM, prepend your python command with `srun` like so: srun python /home/le004/master_thesis/git/TSFusionForecast/code/ ...
[I 2023-12-26 15:19:28,117] Trial 0 finished with value: 0.03720485791563988 and parameters: {'gradient_clip_val': 0.5612933838695646, 'hidden_size': 5, 'dropout': 0.48753678122374056, 'hidden_continuous_size': 5, 'attention_head_size': 4, 'learning_rate': 0.028337427029013092}. Best is trial 0 with value: 0.03720485791563988.
[I 2023-12-26 15:27:21,551] Trial 1 finished with value: 0.08818936347961426 and parameters: {'gradient_clip_val': 0.7169775401790252, 'hidden_size': 147, 'dropout': 0.1096451619234459, 'hidden_continuous_size': 34, 'attention_head_size': 2, 'learning_rate': 0.002761872489432231}. Best is trial 0 with value: 0.03720485791563988.
[I 2023-12-26 15:27:23,668] Trial 2 finished with value: 4.779890537261963 and parameters: {'gradient_clip_val': 0.1068347965159654, 'hidden_size': 12, 'dropout': 0.11662963814223928, 'hidden_continuous_size': 7, 'attention_head_size': 4, 'learning_rate': 0.07682751326796841}. Best is trial 0 with value: 0.03720485791563988.
[I 2023-12-26 15:27:25,641] Trial 3 finished with value: 5.308604717254639 and parameters: {'gradient_clip_val': 0.7188902271628248, 'hidden_size': 7, 'dropout': 0.338768610281534, 'hidden_continuous_size': 5, 'attention_head_size': 4, 'learning_rate': 0.034009936616231966}. Best is trial 0 with value: 0.03720485791563988.
[I 2023-12-26 15:27:27,702] Trial 4 finished with value: 5.045412063598633 and parameters: {'gradient_clip_val': 0.42684645586256237, 'hidden_size': 10, 'dropout': 0.12037031166456678, 'hidden_continuous_size': 6, 'attention_head_size': 3, 'learning_rate': 0.00229685271676757}. Best is trial 0 with value: 0.03720485791563988.
[I 2023-12-26 15:27:30,976] Trial 5 finished with value: 5.8003716468811035 and parameters: {'gradient_clip_val': 0.3042782001919935, 'hidden_size': 42, 'dropout': 0.4072479363623118, 'hidden_continuous_size': 12, 'attention_head_size': 2, 'learning_rate': 0.006482778020191119}. Best is trial 0 with value: 0.03720485791563988.
[I 2023-12-26 15:27:32,691] Trial 6 finished with value: 5.903022766113281 and parameters: {'gradient_clip_val': 0.83182885867738, 'hidden_size': 5, 'dropout': 0.1907135002035986, 'hidden_continuous_size': 5, 'attention_head_size': 1, 'learning_rate': 0.001085877778460755}. Best is trial 0 with value: 0.03720485791563988.
[I 2023-12-26 15:27:36,250] Trial 7 finished with value: 5.170126438140869 and parameters: {'gradient_clip_val': 0.8789946672637124, 'hidden_size': 53, 'dropout': 0.24906865542722284, 'hidden_continuous_size': 21, 'attention_head_size': 3, 'learning_rate': 0.045425995607039846}. Best is trial 0 with value: 0.03720485791563988.
[I 2023-12-26 15:27:46,212] Trial 8 finished with value: 2.834355592727661 and parameters: {'gradient_clip_val': 0.46685477242494766, 'hidden_size': 143, 'dropout': 0.3842581379690768, 'hidden_continuous_size': 69, 'attention_head_size': 1, 'learning_rate': 0.00274968537048088}. Best is trial 0 with value: 0.03720485791563988.
[I 2023-12-26 15:27:51,547] Trial 9 finished with value: 6.839727878570557 and parameters: {'gradient_clip_val': 0.525063826205145, 'hidden_size': 79, 'dropout': 0.1779269216056134, 'hidden_continuous_size': 21, 'attention_head_size': 3, 'learning_rate': 0.005327582651312649}. Best is trial 0 with value: 0.03720485791563988.
[I 2023-12-26 15:27:53,776] Trial 10 finished with value: 5.415605068206787 and parameters: {'gradient_clip_val': 0.27234809027722984, 'hidden_size': 20, 'dropout': 0.48870072120652436, 'hidden_continuous_size': 7, 'attention_head_size': 4, 'learning_rate': 0.01806520987136094}. Best is trial 0 with value: 0.03720485791563988.
[I 2023-12-26 15:27:56,116] Trial 11 finished with value: 4.646729469299316 and parameters: {'gradient_clip_val': 0.9436295104866423, 'hidden_size': 23, 'dropout': 0.28637669551289147, 'hidden_continuous_size': 9, 'attention_head_size': 2, 'learning_rate': 0.012640491002091603}. Best is trial 0 with value: 0.03720485791563988.
[I 2023-12-26 15:27:58,100] Trial 12 finished with value: 5.646640777587891 and parameters: {'gradient_clip_val': 0.638538351215109, 'hidden_size': 16, 'dropout': 0.46656211410251075, 'hidden_continuous_size': 5, 'attention_head_size': 2, 'learning_rate': 0.0006976852937299018}. Best is trial 0 with value: 0.03720485791563988.
[I 2023-12-26 15:27:59,874] Trial 13 finished with value: 3.642592668533325 and parameters: {'gradient_clip_val': 0.6248063374626397, 'hidden_size': 5, 'dropout': 0.32042117652107627, 'hidden_continuous_size': 5, 'attention_head_size': 2, 'learning_rate': 0.014444267507210453}. Best is trial 0 with value: 0.03720485791563988.
[I 2023-12-26 15:28:02,454] Trial 14 finished with value: 4.678677082061768 and parameters: {'gradient_clip_val': 0.9980860236921356, 'hidden_size': 30, 'dropout': 0.4274276278143739, 'hidden_continuous_size': 11, 'attention_head_size': 3, 'learning_rate': 0.0033188286537548304}. Best is trial 0 with value: 0.03720485791563988.
[I 2023-12-26 15:28:11,712] Trial 15 finished with value: 4.752475738525391 and parameters: {'gradient_clip_val': 0.4026464042547313, 'hidden_size': 140, 'dropout': 0.35813665002211825, 'hidden_continuous_size': 41, 'attention_head_size': 1, 'learning_rate': 0.009494426629259867}. Best is trial 0 with value: 0.03720485791563988.
[I 2023-12-26 15:28:14,034] Trial 16 finished with value: 5.179657936096191 and parameters: {'gradient_clip_val': 0.6047227510428428, 'hidden_size': 9, 'dropout': 0.28171974220690593, 'hidden_continuous_size': 6, 'attention_head_size': 4, 'learning_rate': 0.024165143097180722}. Best is trial 0 with value: 0.03720485791563988.
[I 2023-12-26 15:28:16,250] Trial 17 finished with value: 5.565914154052734 and parameters: {'gradient_clip_val': 0.7418109642255251, 'hidden_size': 15, 'dropout': 0.4973340805014247, 'hidden_continuous_size': 6, 'attention_head_size': 3, 'learning_rate': 0.007739228022285723}. Best is trial 0 with value: 0.03720485791563988.
[I 2023-12-26 15:28:21,530] Trial 18 finished with value: 4.166871070861816 and parameters: {'gradient_clip_val': 0.3699563912987648, 'hidden_size': 79, 'dropout': 0.4494698019951866, 'hidden_continuous_size': 16, 'attention_head_size': 2, 'learning_rate': 0.07505692320803753}. Best is trial 0 with value: 0.03720485791563988.
[I 2023-12-26 15:28:24,046] Trial 19 finished with value: 4.692386150360107 and parameters: {'gradient_clip_val': 0.5143569805704554, 'hidden_size': 30, 'dropout': 0.4005303345252027, 'hidden_continuous_size': 9, 'attention_head_size': 1, 'learning_rate': 0.02379217465520884}. Best is trial 0 with value: 0.03720485791563988.
[I 2023-12-26 15:28:26,035] Trial 20 finished with value: 4.226523399353027 and parameters: {'gradient_clip_val': 0.7267300246824695, 'hidden_size': 7, 'dropout': 0.36741893789285485, 'hidden_continuous_size': 5, 'attention_head_size': 4, 'learning_rate': 0.0012820522289618387}. Best is trial 0 with value: 0.03720485791563988.
[I 2023-12-26 15:28:36,261] Trial 21 finished with value: 4.701728343963623 and parameters: {'gradient_clip_val': 0.5049061892109533, 'hidden_size': 143, 'dropout': 0.3825434721442308, 'hidden_continuous_size': 88, 'attention_head_size': 1, 'learning_rate': 0.0035621902121255418}. Best is trial 0 with value: 0.03720485791563988.
[I 2023-12-26 15:28:43,549] Trial 22 finished with value: 3.863293409347534 and parameters: {'gradient_clip_val': 0.47635585067315056, 'hidden_size': 107, 'dropout': 0.4326016876625915, 'hidden_continuous_size': 37, 'attention_head_size': 1, 'learning_rate': 0.0021590625545565823}. Best is trial 0 with value: 0.03720485791563988.
[I 2023-12-26 15:28:50,866] Trial 23 finished with value: 5.571126461029053 and parameters: {'gradient_clip_val': 0.5956923150034283, 'hidden_size': 97, 'dropout': 0.45414934273174734, 'hidden_continuous_size': 65, 'attention_head_size': 2, 'learning_rate': 0.005058845653473606}. Best is trial 0 with value: 0.03720485791563988.
[I 2023-12-26 15:28:55,648] Trial 24 finished with value: 3.9098198413848877 and parameters: {'gradient_clip_val': 0.3561886394847498, 'hidden_size': 50, 'dropout': 0.3938553029454105, 'hidden_continuous_size': 29, 'attention_head_size': 1, 'learning_rate': 0.009069603804239488}. Best is trial 0 with value: 0.03720485791563988.
[I 2023-12-26 15:29:09,228] Trial 25 finished with value: 3.9203617572784424 and parameters: {'gradient_clip_val': 0.4367086244421102, 'hidden_size': 148, 'dropout': 0.332550550822644, 'hidden_continuous_size': 145, 'attention_head_size': 2, 'learning_rate': 0.00050406854193959}. Best is trial 0 with value: 0.03720485791563988.
[I 2023-12-26 15:29:15,167] Trial 26 finished with value: 5.366589069366455 and parameters: {'gradient_clip_val': 0.7642302987911589, 'hidden_size': 68, 'dropout': 0.4215891063633609, 'hidden_continuous_size': 30, 'attention_head_size': 3, 'learning_rate': 0.003746996549374386}. Best is trial 0 with value: 0.03720485791563988.
[I 2023-12-26 15:29:24,832] Trial 27 finished with value: 5.712613582611084 and parameters: {'gradient_clip_val': 0.5567810690070929, 'hidden_size': 115, 'dropout': 0.4727888351197203, 'hidden_continuous_size': 15, 'attention_head_size': 1, 'learning_rate': 0.002209733802024848}. Best is trial 0 with value: 0.03720485791563988.
[I 2023-12-26 15:29:29,024] Trial 28 finished with value: 4.794431209564209 and parameters: {'gradient_clip_val': 0.6628622860960061, 'hidden_size': 40, 'dropout': 0.2491377651529665, 'hidden_continuous_size': 19, 'attention_head_size': 2, 'learning_rate': 0.009592948979766498}. Best is trial 0 with value: 0.03720485791563988.
[I 2023-12-26 15:29:37,150] Trial 29 finished with value: 3.505592107772827 and parameters: {'gradient_clip_val': 0.1790039827064928, 'hidden_size': 94, 'dropout': 0.37892531355746895, 'hidden_continuous_size': 48, 'attention_head_size': 3, 'learning_rate': 0.08349456006907205}. Best is trial 0 with value: 0.03720485791563988.
[I 2023-12-26 15:29:42,866] Trial 30 finished with value: 4.648952960968018 and parameters: {'gradient_clip_val': 0.7894356366200606, 'hidden_size': 65, 'dropout': 0.4478266095538232, 'hidden_continuous_size': 25, 'attention_head_size': 4, 'learning_rate': 0.005641284722911379}. Best is trial 0 with value: 0.03720485791563988.
[I 2023-12-26 15:29:52,339] Trial 31 finished with value: 3.193953275680542 and parameters: {'gradient_clip_val': 0.19062467570588215, 'hidden_size': 114, 'dropout': 0.3638527844660558, 'hidden_continuous_size': 49, 'attention_head_size': 3, 'learning_rate': 0.09254737404394782}. Best is trial 0 with value: 0.03720485791563988.
[I 2023-12-26 15:30:05,004] Trial 32 finished with value: 5.447659969329834 and parameters: {'gradient_clip_val': 0.10826160846645481, 'hidden_size': 150, 'dropout': 0.36967935938370006, 'hidden_continuous_size': 55, 'attention_head_size': 4, 'learning_rate': 0.03722024701731525}. Best is trial 0 with value: 0.03720485791563988.
[I 2023-12-26 15:30:15,679] Trial 33 finished with value: 4.174293518066406 and parameters: {'gradient_clip_val': 0.4579571224024587, 'hidden_size': 125, 'dropout': 0.34412283672074767, 'hidden_continuous_size': 35, 'attention_head_size': 4, 'learning_rate': 0.05961578967336926}. Best is trial 0 with value: 0.03720485791563988.
