[I 2023-12-15 11:31:26,829] Trial 6 finished with value: 3.038647413253784 and parameters: {'gradient_clip_val': 0.15165838810386986, 'hidden_size': 17, 'dropout': 0.25931889729660074, 'hidden_continuous_size': 15, 'attention_head_size': 1, 'learning_rate': 0.0015695991845032183}. Best is trial 6 with value: 3.038647413253784.
LOCAL_RANK: 0 - CUDA_VISIBLE_DEVICES: [0]
[I 2023-12-15 11:32:13,255] Trial 7 finished with value: 5.0209479331970215 and parameters: {'gradient_clip_val': 0.4608339644552644, 'hidden_size': 16, 'dropout': 0.31107744569549783, 'hidden_continuous_size': 11, 'attention_head_size': 3, 'learning_rate': 0.02537291271389783}. Best is trial 6 with value: 3.038647413253784.
LOCAL_RANK: 0 - CUDA_VISIBLE_DEVICES: [0]
[I 2023-12-15 11:33:02,561] Trial 8 finished with value: 3.296736478805542 and parameters: {'gradient_clip_val': 0.4128436757149434, 'hidden_size': 26, 'dropout': 0.297386368724832, 'hidden_continuous_size': 5, 'attention_head_size': 3, 'learning_rate': 0.005707954328745435}. Best is trial 6 with value: 3.038647413253784.
LOCAL_RANK: 0 - CUDA_VISIBLE_DEVICES: [0]
[I 2023-12-15 11:33:55,868] Trial 9 finished with value: 5.042108535766602 and parameters: {'gradient_clip_val': 0.47958529844023684, 'hidden_size': 45, 'dropout': 0.21411135390944125, 'hidden_continuous_size': 17, 'attention_head_size': 3, 'learning_rate': 0.0017474770373943538}. Best is trial 6 with value: 3.038647413253784.
LOCAL_RANK: 0 - CUDA_VISIBLE_DEVICES: [0]
[I 2023-12-15 11:34:41,202] Trial 10 finished with value: 5.6627044677734375 and parameters: {'gradient_clip_val': 0.8469547455669406, 'hidden_size': 10, 'dropout': 0.3998940793745289, 'hidden_continuous_size': 6, 'attention_head_size': 1, 'learning_rate': 0.07514019089341736}. Best is trial 6 with value: 3.038647413253784.
LOCAL_RANK: 0 - CUDA_VISIBLE_DEVICES: [0]
[I 2023-12-15 11:35:30,152] Trial 11 finished with value: 4.572929859161377 and parameters: {'gradient_clip_val': 0.116365301676928, 'hidden_size': 28, 'dropout': 0.23738261431117363, 'hidden_continuous_size': 8, 'attention_head_size': 4, 'learning_rate': 0.004346733316909874}. Best is trial 6 with value: 3.038647413253784.
LOCAL_RANK: 0 - CUDA_VISIBLE_DEVICES: [0]
[I 2023-12-15 11:36:19,424] Trial 12 finished with value: 6.279345989227295 and parameters: {'gradient_clip_val': 0.28203183370206186, 'hidden_size': 25, 'dropout': 0.32840854834444416, 'hidden_continuous_size': 9, 'attention_head_size': 2, 'learning_rate': 0.007861236140842569}. Best is trial 6 with value: 3.038647413253784.
LOCAL_RANK: 0 - CUDA_VISIBLE_DEVICES: [0]
[I 2023-12-15 11:37:05,237] Trial 13 finished with value: 3.6722524166107178 and parameters: {'gradient_clip_val': 0.1586398893815016, 'hidden_size': 13, 'dropout': 0.2520189335341067, 'hidden_continuous_size': 6, 'attention_head_size': 1, 'learning_rate': 0.0026152571669097353}. Best is trial 6 with value: 3.038647413253784.
LOCAL_RANK: 0 - CUDA_VISIBLE_DEVICES: [0]
[I 2023-12-15 11:37:54,723] Trial 14 finished with value: 3.681145429611206 and parameters: {'gradient_clip_val': 0.30051582622409057, 'hidden_size': 27, 'dropout': 0.2932875465468816, 'hidden_continuous_size': 14, 'attention_head_size': 2, 'learning_rate': 0.0005737098547537236}. Best is trial 6 with value: 3.038647413253784.
LOCAL_RANK: 0 - CUDA_VISIBLE_DEVICES: [0]
[I 2023-12-15 11:38:41,578] Trial 15 finished with value: 4.650878429412842 and parameters: {'gradient_clip_val': 0.592270069080254, 'hidden_size': 9, 'dropout': 0.35913398847010125, 'hidden_continuous_size': 5, 'attention_head_size': 4, 'learning_rate': 0.007282876763507159}. Best is trial 6 with value: 3.038647413253784.
LOCAL_RANK: 0 - CUDA_VISIBLE_DEVICES: [0]
[I 2023-12-15 11:39:28,142] Trial 16 finished with value: 3.667980432510376 and parameters: {'gradient_clip_val': 0.2457520581142985, 'hidden_size': 20, 'dropout': 0.25992531700881105, 'hidden_continuous_size': 7, 'attention_head_size': 1, 'learning_rate': 0.0013540870185106335}. Best is trial 6 with value: 3.038647413253784.
LOCAL_RANK: 0 - CUDA_VISIBLE_DEVICES: [0]
[I 2023-12-15 11:40:18,006] Trial 17 finished with value: 4.87512731552124 and parameters: {'gradient_clip_val': 0.15297016337577282, 'hidden_size': 34, 'dropout': 0.23293168481221932, 'hidden_continuous_size': 10, 'attention_head_size': 2, 'learning_rate': 0.003051482155746347}. Best is trial 6 with value: 3.038647413253784.
LOCAL_RANK: 0 - CUDA_VISIBLE_DEVICES: [0]
[I 2023-12-15 11:41:07,351] Trial 18 finished with value: 5.786764621734619 and parameters: {'gradient_clip_val': 0.3180996971299683, 'hidden_size': 23, 'dropout': 0.30022057443458594, 'hidden_continuous_size': 8, 'attention_head_size': 3, 'learning_rate': 0.0005053055547915125}. Best is trial 6 with value: 3.038647413253784.
LOCAL_RANK: 0 - CUDA_VISIBLE_DEVICES: [0]
[I 2023-12-15 11:41:59,458] Trial 19 finished with value: 2.81023907661438 and parameters: {'gradient_clip_val': 0.1365715659859624, 'hidden_size': 38, 'dropout': 0.2719435640954223, 'hidden_continuous_size': 12, 'attention_head_size': 4, 'learning_rate': 0.0011503246500810817}. Best is trial 19 with value: 2.81023907661438.
LOCAL_RANK: 0 - CUDA_VISIBLE_DEVICES: [0]
[I 2023-12-15 11:42:53,272] Trial 20 finished with value: 4.394720077514648 and parameters: {'gradient_clip_val': 0.10148854811986194, 'hidden_size': 55, 'dropout': 0.1780625037161003, 'hidden_continuous_size': 14, 'attention_head_size': 4, 'learning_rate': 0.0008446542352499473}. Best is trial 19 with value: 2.81023907661438.
LOCAL_RANK: 0 - CUDA_VISIBLE_DEVICES: [0]
[I 2023-12-15 11:43:45,076] Trial 21 finished with value: 3.381148338317871 and parameters: {'gradient_clip_val': 0.15543806371811206, 'hidden_size': 40, 'dropout': 0.2662444101825674, 'hidden_continuous_size': 11, 'attention_head_size': 4, 'learning_rate': 0.0012012700685830133}. Best is trial 19 with value: 2.81023907661438.
LOCAL_RANK: 0 - CUDA_VISIBLE_DEVICES: [0]
[I 2023-12-15 11:44:36,170] Trial 22 finished with value: 3.5100600719451904 and parameters: {'gradient_clip_val': 0.1401612894242502, 'hidden_size': 34, 'dropout': 0.23668699662137133, 'hidden_continuous_size': 13, 'attention_head_size': 3, 'learning_rate': 0.002062999394167663}. Best is trial 19 with value: 2.81023907661438.
LOCAL_RANK: 0 - CUDA_VISIBLE_DEVICES: [0]
[I 2023-12-15 11:45:30,187] Trial 23 finished with value: 3.708455801010132 and parameters: {'gradient_clip_val': 0.23309628274269295, 'hidden_size': 57, 'dropout': 0.27879368297884627, 'hidden_continuous_size': 21, 'attention_head_size': 4, 'learning_rate': 0.002312987778641859}. Best is trial 19 with value: 2.81023907661438.
LOCAL_RANK: 0 - CUDA_VISIBLE_DEVICES: [0]
[I 2023-12-15 11:46:20,180] Trial 24 finished with value: 4.562772750854492 and parameters: {'gradient_clip_val': 0.1293291108052084, 'hidden_size': 31, 'dropout': 0.3061191502631778, 'hidden_continuous_size': 9, 'attention_head_size': 3, 'learning_rate': 0.005015209133193095}. Best is trial 19 with value: 2.81023907661438.
LOCAL_RANK: 0 - CUDA_VISIBLE_DEVICES: [0]
[I 2023-12-15 11:47:08,981] Trial 25 finished with value: 6.478864669799805 and parameters: {'gradient_clip_val': 0.1717719682252277, 'hidden_size': 21, 'dropout': 0.2608220828566486, 'hidden_continuous_size': 7, 'attention_head_size': 2, 'learning_rate': 0.0013295009975774047}. Best is trial 19 with value: 2.81023907661438.
LOCAL_RANK: 0 - CUDA_VISIBLE_DEVICES: [0]
[I 2023-12-15 11:47:59,593] Trial 26 finished with value: 3.747119188308716 and parameters: {'gradient_clip_val': 0.1293122035387225, 'hidden_size': 36, 'dropout': 0.2217001623177755, 'hidden_continuous_size': 11, 'attention_head_size': 4, 'learning_rate': 0.0027587849852339307}. Best is trial 19 with value: 2.81023907661438.
LOCAL_RANK: 0 - CUDA_VISIBLE_DEVICES: [0]
[I 2023-12-15 11:48:47,351] Trial 27 finished with value: 3.71144962310791 and parameters: {'gradient_clip_val': 0.19508040662374826, 'hidden_size': 24, 'dropout': 0.24603915043764268, 'hidden_continuous_size': 12, 'attention_head_size': 1, 'learning_rate': 0.0010113683565172455}. Best is trial 19 with value: 2.81023907661438.
LOCAL_RANK: 0 - CUDA_VISIBLE_DEVICES: [0]
[I 2023-12-15 11:49:37,997] Trial 28 finished with value: 5.255765438079834 and parameters: {'gradient_clip_val': 0.10083704724371438, 'hidden_size': 30, 'dropout': 0.28748176319292346, 'hidden_continuous_size': 10, 'attention_head_size': 3, 'learning_rate': 0.0016693375443139786}. Best is trial 19 with value: 2.81023907661438.
LOCAL_RANK: 0 - CUDA_VISIBLE_DEVICES: [0]
[I 2023-12-15 11:50:15,213] Trial 29 finished with value: 9.686579704284668 and parameters: {'gradient_clip_val': 0.17982181587475196, 'hidden_size': 5, 'dropout': 0.32854317576620107, 'hidden_continuous_size': 5, 'attention_head_size': 3, 'learning_rate': 0.0009170069151214004}. Best is trial 19 with value: 2.81023907661438.
LOCAL_RANK: 0 - CUDA_VISIBLE_DEVICES: [0]
[I 2023-12-15 11:51:08,988] Trial 30 finished with value: 3.446965456008911 and parameters: {'gradient_clip_val': 0.13517319006857445, 'hidden_size': 49, 'dropout': 0.3424023678209234, 'hidden_continuous_size': 22, 'attention_head_size': 4, 'learning_rate': 0.0006829236476341212}. Best is trial 19 with value: 2.81023907661438.
LOCAL_RANK: 0 - CUDA_VISIBLE_DEVICES: [0]
[I 2023-12-15 11:52:00,798] Trial 31 finished with value: 3.9223451614379883 and parameters: {'gradient_clip_val': 0.14497940041722818, 'hidden_size': 40, 'dropout': 0.26947307885549254, 'hidden_continuous_size': 12, 'attention_head_size': 4, 'learning_rate': 0.001354412338347838}. Best is trial 19 with value: 2.81023907661438.
LOCAL_RANK: 0 - CUDA_VISIBLE_DEVICES: [0]
[I 2023-12-15 11:52:53,805] Trial 32 finished with value: 3.164080858230591 and parameters: {'gradient_clip_val': 0.12009325493572921, 'hidden_size': 38, 'dropout': 0.25881658330776236, 'hidden_continuous_size': 15, 'attention_head_size': 4, 'learning_rate': 0.0011146329772819918}. Best is trial 19 with value: 2.81023907661438.
LOCAL_RANK: 0 - CUDA_VISIBLE_DEVICES: [0]
[I 2023-12-15 11:53:47,012] Trial 33 finished with value: 3.3843326568603516 and parameters: {'gradient_clip_val': 0.1166974946179248, 'hidden_size': 37, 'dropout': 0.29580950789522986, 'hidden_continuous_size': 16, 'attention_head_size': 4, 'learning_rate': 0.0018589937616754308}. Best is trial 19 with value: 2.81023907661438.
LOCAL_RANK: 0 - CUDA_VISIBLE_DEVICES: [0]
[I 2023-12-15 11:54:40,593] Trial 34 finished with value: 5.542879581451416 and parameters: {'gradient_clip_val': 0.20089807586339503, 'hidden_size': 56, 'dropout': 0.2484172699401041, 'hidden_continuous_size': 21, 'attention_head_size': 4, 'learning_rate': 0.0007774896035565931}. Best is trial 19 with value: 2.81023907661438.
LOCAL_RANK: 0 - CUDA_VISIBLE_DEVICES: [0]
[I 2023-12-15 11:55:30,027] Trial 35 finished with value: 3.530217170715332 and parameters: {'gradient_clip_val': 0.1741537389091946, 'hidden_size': 29, 'dropout': 0.27522165874327076, 'hidden_continuous_size': 15, 'attention_head_size': 2, 'learning_rate': 0.00105890306848302}. Best is trial 19 with value: 2.81023907661438.
LOCAL_RANK: 0 - CUDA_VISIBLE_DEVICES: [0]
[I 2023-12-15 11:56:24,994] Trial 36 finished with value: 4.499281406402588 and parameters: {'gradient_clip_val': 0.12529457548857065, 'hidden_size': 73, 'dropout': 0.2148025377411779, 'hidden_continuous_size': 27, 'attention_head_size': 3, 'learning_rate': 0.0016198160395762475}. Best is trial 19 with value: 2.81023907661438.
LOCAL_RANK: 0 - CUDA_VISIBLE_DEVICES: [0]
[I 2023-12-15 11:57:18,296] Trial 37 finished with value: 4.812044620513916 and parameters: {'gradient_clip_val': 0.10841863922080158, 'hidden_size': 46, 'dropout': 0.31105205317364604, 'hidden_continuous_size': 17, 'attention_head_size': 4, 'learning_rate': 0.003534337679489683}. Best is trial 19 with value: 2.81023907661438.
LOCAL_RANK: 0 - CUDA_VISIBLE_DEVICES: [0]
[I 2023-12-15 11:58:07,395] Trial 38 finished with value: 3.741957902908325 and parameters: {'gradient_clip_val': 0.20802756958027288, 'hidden_size': 18, 'dropout': 0.2859774022249283, 'hidden_continuous_size': 13, 'attention_head_size': 3, 'learning_rate': 0.0007131217595501161}. Best is trial 19 with value: 2.81023907661438.
LOCAL_RANK: 0 - CUDA_VISIBLE_DEVICES: [0]
[I 2023-12-15 11:59:01,434] Trial 39 finished with value: 5.548044681549072 and parameters: {'gradient_clip_val': 0.1633347802883691, 'hidden_size': 67, 'dropout': 0.19461246654127068, 'hidden_continuous_size': 37, 'attention_head_size': 1, 'learning_rate': 0.002181305509396803}. Best is trial 19 with value: 2.81023907661438.
LOCAL_RANK: 0 - CUDA_VISIBLE_DEVICES: [0]
[I 2023-12-15 11:59:51,441] Trial 40 finished with value: 4.62910270690918 and parameters: {'gradient_clip_val': 0.11591403508102475, 'hidden_size': 25, 'dropout': 0.26152216702961223, 'hidden_continuous_size': 15, 'attention_head_size': 3, 'learning_rate': 0.005529635282057916}. Best is trial 19 with value: 2.81023907661438.
LOCAL_RANK: 0 - CUDA_VISIBLE_DEVICES: [0]
[I 2023-12-15 12:00:44,890] Trial 41 finished with value: 4.096608638763428 and parameters: {'gradient_clip_val': 0.14828739354308929, 'hidden_size': 43, 'dropout': 0.27143729100648295, 'hidden_continuous_size': 18, 'attention_head_size': 4, 'learning_rate': 0.0006170313495989148}. Best is trial 19 with value: 2.81023907661438.
LOCAL_RANK: 0 - CUDA_VISIBLE_DEVICES: [0]
[I 2023-12-15 12:01:37,196] Trial 42 finished with value: 4.907788276672363 and parameters: {'gradient_clip_val': 0.15460482199124745, 'hidden_size': 39, 'dropout': 0.25709928099220075, 'hidden_continuous_size': 12, 'attention_head_size': 4, 'learning_rate': 0.0009586301989289544}. Best is trial 19 with value: 2.81023907661438.
LOCAL_RANK: 0 - CUDA_VISIBLE_DEVICES: [0]
[I 2023-12-15 12:02:26,628] Trial 43 finished with value: 3.666762590408325 and parameters: {'gradient_clip_val': 0.18796623267744944, 'hidden_size': 32, 'dropout': 0.28243886632865406, 'hidden_continuous_size': 11, 'attention_head_size': 4, 'learning_rate': 0.0012088462465982299}. Best is trial 19 with value: 2.81023907661438.
LOCAL_RANK: 0 - CUDA_VISIBLE_DEVICES: [0]
[I 2023-12-15 12:03:17,238] Trial 44 finished with value: 3.0301506519317627 and parameters: {'gradient_clip_val': 0.1269585882664321, 'hidden_size': 27, 'dropout': 0.2302496072262756, 'hidden_continuous_size': 13, 'attention_head_size': 4, 'learning_rate': 0.0011620397851283167}. Best is trial 19 with value: 2.81023907661438.
LOCAL_RANK: 0 - CUDA_VISIBLE_DEVICES: [0]
[I 2023-12-15 12:04:07,620] Trial 45 finished with value: 5.934215545654297 and parameters: {'gradient_clip_val': 0.12043992383406746, 'hidden_size': 26, 'dropout': 0.22856879726006868, 'hidden_continuous_size': 13, 'attention_head_size': 4, 'learning_rate': 0.009800527235052512}. Best is trial 19 with value: 2.81023907661438.
LOCAL_RANK: 0 - CUDA_VISIBLE_DEVICES: [0]
[I 2023-12-15 12:04:56,763] Trial 46 finished with value: 4.861919403076172 and parameters: {'gradient_clip_val': 0.12688620307590884, 'hidden_size': 21, 'dropout': 0.24238041269107263, 'hidden_continuous_size': 14, 'attention_head_size': 2, 'learning_rate': 0.0014994058261085879}. Best is trial 19 with value: 2.81023907661438.
LOCAL_RANK: 0 - CUDA_VISIBLE_DEVICES: [0]
[I 2023-12-15 12:05:42,741] Trial 47 finished with value: 2.8934710025787354 and parameters: {'gradient_clip_val': 0.11019405144993394, 'hidden_size': 16, 'dropout': 0.20860172329616886, 'hidden_continuous_size': 10, 'attention_head_size': 3, 'learning_rate': 0.003456109554478064}. Best is trial 19 with value: 2.81023907661438.
LOCAL_RANK: 0 - CUDA_VISIBLE_DEVICES: [0]
[I 2023-12-15 12:06:31,630] Trial 48 finished with value: 3.651870012283325 and parameters: {'gradient_clip_val': 0.10869483485063457, 'hidden_size': 17, 'dropout': 0.2023408823532497, 'hidden_continuous_size': 12, 'attention_head_size': 4, 'learning_rate': 0.002426355997195841}. Best is trial 19 with value: 2.81023907661438.
LOCAL_RANK: 0 - CUDA_VISIBLE_DEVICES: [0]
[I 2023-12-15 12:07:18,508] Trial 49 finished with value: 5.565878391265869 and parameters: {'gradient_clip_val': 0.1417048074350472, 'hidden_size': 13, 'dropout': 0.22346903517718908, 'hidden_continuous_size': 9, 'attention_head_size': 3, 'learning_rate': 0.003113372667869349}. Best is trial 19 with value: 2.81023907661438.
[I 2023-12-15 12:07:18,603] A new study created in memory with name: no-name-81843266-08d0-4957-95ce-c99fb35b1a9b
/home/le004/conda/anaconda3/envs/tsff_env/lib/python3.9/site-packages/lightning/fabric/plugins/environments/slurm.py:191: The `srun` command is available on your system but is not used. HINT: If your intention is to run Lightning on SLURM, prepend your python command with `srun` like so: srun python /home/le004/master_thesis/git/TSFusionForecast/code/ ...
LOCAL_RANK: 0 - CUDA_VISIBLE_DEVICES: [0]
[I 2023-12-15 12:08:05,604] Trial 0 finished with value: 130.68658447265625 and parameters: {'gradient_clip_val': 0.1818055177363148, 'hidden_size': 20, 'dropout': 0.23537152668087066, 'hidden_continuous_size': 6, 'attention_head_size': 2, 'learning_rate': 0.03840430432217914}. Best is trial 0 with value: 130.68658447265625.
LOCAL_RANK: 0 - CUDA_VISIBLE_DEVICES: [0]
[I 2023-12-15 12:08:58,095] Trial 1 finished with value: 121.4658203125 and parameters: {'gradient_clip_val': 0.2402223410666758, 'hidden_size': 73, 'dropout': 0.13226799095422379, 'hidden_continuous_size': 7, 'attention_head_size': 1, 'learning_rate': 0.0009368977815770666}. Best is trial 1 with value: 121.4658203125.
LOCAL_RANK: 0 - CUDA_VISIBLE_DEVICES: [0]
[I 2023-12-15 12:09:50,760] Trial 2 finished with value: 181.5843963623047 and parameters: {'gradient_clip_val': 0.7944457003567736, 'hidden_size': 41, 'dropout': 0.2068884020076186, 'hidden_continuous_size': 30, 'attention_head_size': 1, 'learning_rate': 0.045113813180516625}. Best is trial 1 with value: 121.4658203125.
LOCAL_RANK: 0 - CUDA_VISIBLE_DEVICES: [0]
[I 2023-12-15 12:10:39,442] Trial 3 finished with value: 127.58959197998047 and parameters: {'gradient_clip_val': 0.15412565524168545, 'hidden_size': 22, 'dropout': 0.3136738219765681, 'hidden_continuous_size': 12, 'attention_head_size': 1, 'learning_rate': 0.05026615198262667}. Best is trial 1 with value: 121.4658203125.
LOCAL_RANK: 0 - CUDA_VISIBLE_DEVICES: [0]
[I 2023-12-15 12:11:35,195] Trial 4 finished with value: 133.6122283935547 and parameters: {'gradient_clip_val': 0.3134281041919941, 'hidden_size': 98, 'dropout': 0.32261312104051276, 'hidden_continuous_size': 16, 'attention_head_size': 3, 'learning_rate': 0.0015204884440848864}. Best is trial 1 with value: 121.4658203125.
LOCAL_RANK: 0 - CUDA_VISIBLE_DEVICES: [0]
[I 2023-12-15 12:12:24,310] Trial 5 finished with value: 145.7737579345703 and parameters: {'gradient_clip_val': 0.474235021611352, 'hidden_size': 26, 'dropout': 0.16194096638439492, 'hidden_continuous_size': 15, 'attention_head_size': 1, 'learning_rate': 0.03578955463280668}. Best is trial 1 with value: 121.4658203125.
LOCAL_RANK: 0 - CUDA_VISIBLE_DEVICES: [0]
[I 2023-12-15 12:13:09,533] Trial 6 finished with value: 87.3680419921875 and parameters: {'gradient_clip_val': 0.1187512055921573, 'hidden_size': 8, 'dropout': 0.3590405276195239, 'hidden_continuous_size': 6, 'attention_head_size': 4, 'learning_rate': 0.03251867531587857}. Best is trial 6 with value: 87.3680419921875.
LOCAL_RANK: 0 - CUDA_VISIBLE_DEVICES: [0]
[I 2023-12-15 12:13:55,181] Trial 7 finished with value: 175.7255859375 and parameters: {'gradient_clip_val': 0.19791197969642804, 'hidden_size': 16, 'dropout': 0.2812851679274606, 'hidden_continuous_size': 5, 'attention_head_size': 3, 'learning_rate': 0.01630677442006041}. Best is trial 6 with value: 87.3680419921875.
LOCAL_RANK: 0 - CUDA_VISIBLE_DEVICES: [0]
[I 2023-12-15 12:14:42,444] Trial 8 finished with value: 97.83356475830078 and parameters: {'gradient_clip_val': 0.10696180571715526, 'hidden_size': 13, 'dropout': 0.13790550044689212, 'hidden_continuous_size': 11, 'attention_head_size': 4, 'learning_rate': 0.0018759285145543564}. Best is trial 6 with value: 87.3680419921875.
LOCAL_RANK: 0 - CUDA_VISIBLE_DEVICES: [0]
[I 2023-12-15 12:15:37,017] Trial 9 finished with value: 181.06829833984375 and parameters: {'gradient_clip_val': 0.20594208622391727, 'hidden_size': 70, 'dropout': 0.15232930484888912, 'hidden_continuous_size': 20, 'attention_head_size': 3, 'learning_rate': 0.0005389952010919864}. Best is trial 6 with value: 87.3680419921875.
LOCAL_RANK: 0 - CUDA_VISIBLE_DEVICES: [0]
[I 2023-12-15 12:16:23,521] Trial 10 finished with value: 79.19188690185547 and parameters: {'gradient_clip_val': 0.1013623256208121, 'hidden_size': 6, 'dropout': 0.38900546268977093, 'hidden_continuous_size': 5, 'attention_head_size': 4, 'learning_rate': 0.007005419731693125}. Best is trial 10 with value: 79.19188690185547.
LOCAL_RANK: 0 - CUDA_VISIBLE_DEVICES: [0]
[I 2023-12-15 12:17:10,395] Trial 11 finished with value: 138.51573181152344 and parameters: {'gradient_clip_val': 0.11165733160829082, 'hidden_size': 6, 'dropout': 0.3980412602453893, 'hidden_continuous_size': 5, 'attention_head_size': 4, 'learning_rate': 0.0083019069607812}. Best is trial 10 with value: 79.19188690185547.
LOCAL_RANK: 0 - CUDA_VISIBLE_DEVICES: [0]
[I 2023-12-15 12:17:56,769] Trial 12 finished with value: 152.82334899902344 and parameters: {'gradient_clip_val': 0.10623560915273621, 'hidden_size': 6, 'dropout': 0.3997694443085857, 'hidden_continuous_size': 5, 'attention_head_size': 4, 'learning_rate': 0.09859805088145754}. Best is trial 10 with value: 79.19188690185547.
LOCAL_RANK: 0 - CUDA_VISIBLE_DEVICES: [0]
[I 2023-12-15 12:18:43,595] Trial 13 finished with value: 107.86026000976562 and parameters: {'gradient_clip_val': 0.1437385571857517, 'hidden_size': 9, 'dropout': 0.35723917651738457, 'hidden_continuous_size': 6, 'attention_head_size': 4, 'learning_rate': 0.0047648583143378356}. Best is trial 10 with value: 79.19188690185547.
LOCAL_RANK: 0 - CUDA_VISIBLE_DEVICES: [0]
