[I 2023-12-16 08:35:49,351] Trial 46 finished with value: 0.0437261201441288 and parameters: {'gradient_clip_val': 0.4603660936041065, 'hidden_size': 19, 'dropout': 0.3996546846329142, 'hidden_continuous_size': 10, 'attention_head_size': 2, 'learning_rate': 0.012842626849656529}. Best is trial 32 with value: 0.03215333819389343.
LOCAL_RANK: 0 - CUDA_VISIBLE_DEVICES: [0]
[I 2023-12-16 08:36:36,171] Trial 47 finished with value: 0.04298204183578491 and parameters: {'gradient_clip_val': 0.4356271508620029, 'hidden_size': 15, 'dropout': 0.38495563866129323, 'hidden_continuous_size': 11, 'attention_head_size': 2, 'learning_rate': 0.009161084655940318}. Best is trial 32 with value: 0.03215333819389343.
LOCAL_RANK: 0 - CUDA_VISIBLE_DEVICES: [0]
[I 2023-12-16 08:37:25,614] Trial 48 finished with value: 0.03812546655535698 and parameters: {'gradient_clip_val': 0.6079608187813554, 'hidden_size': 22, 'dropout': 0.38193693401174744, 'hidden_continuous_size': 12, 'attention_head_size': 3, 'learning_rate': 0.012272228464055828}. Best is trial 32 with value: 0.03215333819389343.
LOCAL_RANK: 0 - CUDA_VISIBLE_DEVICES: [0]
[I 2023-12-16 08:38:14,017] Trial 49 finished with value: 0.17911957204341888 and parameters: {'gradient_clip_val': 0.4880888192806657, 'hidden_size': 21, 'dropout': 0.34845386463979827, 'hidden_continuous_size': 9, 'attention_head_size': 1, 'learning_rate': 0.018320017815097664}. Best is trial 32 with value: 0.03215333819389343.
[I 2023-12-16 08:38:14,110] A new study created in memory with name: no-name-01f9a27f-6958-4224-a929-c2cc117418a8
/home/le004/conda/anaconda3/envs/tsff_env/lib/python3.9/site-packages/lightning/fabric/plugins/environments/slurm.py:191: The `srun` command is available on your system but is not used. HINT: If your intention is to run Lightning on SLURM, prepend your python command with `srun` like so: srun python /home/le004/master_thesis/git/TSFusionForecast/code/ ...
LOCAL_RANK: 0 - CUDA_VISIBLE_DEVICES: [0]
[I 2023-12-16 08:39:07,920] Trial 0 finished with value: 0.13323308527469635 and parameters: {'gradient_clip_val': 0.5105256919862042, 'hidden_size': 80, 'dropout': 0.16639520568070448, 'hidden_continuous_size': 10, 'attention_head_size': 3, 'learning_rate': 0.0014959441838200747}. Best is trial 0 with value: 0.13323308527469635.
LOCAL_RANK: 0 - CUDA_VISIBLE_DEVICES: [0]
[I 2023-12-16 08:40:05,166] Trial 1 finished with value: 0.10403058677911758 and parameters: {'gradient_clip_val': 0.3872731183813469, 'hidden_size': 78, 'dropout': 0.3767211086725659, 'hidden_continuous_size': 74, 'attention_head_size': 3, 'learning_rate': 0.034947815662988345}. Best is trial 1 with value: 0.10403058677911758.
LOCAL_RANK: 0 - CUDA_VISIBLE_DEVICES: [0]
[I 2023-12-16 08:40:59,225] Trial 2 finished with value: 0.08132929354906082 and parameters: {'gradient_clip_val': 0.6735884131642372, 'hidden_size': 56, 'dropout': 0.3034900112483937, 'hidden_continuous_size': 37, 'attention_head_size': 4, 'learning_rate': 0.0018517706523353214}. Best is trial 2 with value: 0.08132929354906082.
LOCAL_RANK: 0 - CUDA_VISIBLE_DEVICES: [0]
[I 2023-12-16 08:41:47,527] Trial 3 finished with value: 0.05262157320976257 and parameters: {'gradient_clip_val': 0.5356687243660958, 'hidden_size': 22, 'dropout': 0.13914065361887876, 'hidden_continuous_size': 12, 'attention_head_size': 1, 'learning_rate': 0.01190378370852548}. Best is trial 3 with value: 0.05262157320976257.
LOCAL_RANK: 0 - CUDA_VISIBLE_DEVICES: [0]
[I 2023-12-16 08:42:33,465] Trial 4 finished with value: 0.09831386804580688 and parameters: {'gradient_clip_val': 0.6035373179801888, 'hidden_size': 17, 'dropout': 0.2101352306715093, 'hidden_continuous_size': 7, 'attention_head_size': 1, 'learning_rate': 0.013411365488920994}. Best is trial 3 with value: 0.05262157320976257.
LOCAL_RANK: 0 - CUDA_VISIBLE_DEVICES: [0]
[I 2023-12-16 08:43:21,476] Trial 5 finished with value: 0.14183755218982697 and parameters: {'gradient_clip_val': 0.30088343336587925, 'hidden_size': 17, 'dropout': 0.3779967070418101, 'hidden_continuous_size': 13, 'attention_head_size': 3, 'learning_rate': 0.0019830766627990234}. Best is trial 3 with value: 0.05262157320976257.
LOCAL_RANK: 0 - CUDA_VISIBLE_DEVICES: [0]
[I 2023-12-16 08:43:55,079] Trial 6 finished with value: 0.11865361779928207 and parameters: {'gradient_clip_val': 0.6487052312048406, 'hidden_size': 5, 'dropout': 0.1455080089984124, 'hidden_continuous_size': 5, 'attention_head_size': 1, 'learning_rate': 0.07526855237914762}. Best is trial 3 with value: 0.05262157320976257.
LOCAL_RANK: 0 - CUDA_VISIBLE_DEVICES: [0]
[I 2023-12-16 08:44:28,980] Trial 7 finished with value: 0.9274045825004578 and parameters: {'gradient_clip_val': 0.27624623126560655, 'hidden_size': 5, 'dropout': 0.2821973531929439, 'hidden_continuous_size': 5, 'attention_head_size': 2, 'learning_rate': 0.0038167392410931324}. Best is trial 3 with value: 0.05262157320976257.
LOCAL_RANK: 0 - CUDA_VISIBLE_DEVICES: [0]
[I 2023-12-16 08:45:20,583] Trial 8 finished with value: 0.22537696361541748 and parameters: {'gradient_clip_val': 0.39907567497474405, 'hidden_size': 56, 'dropout': 0.2665909633284167, 'hidden_continuous_size': 9, 'attention_head_size': 2, 'learning_rate': 0.013317991715701819}. Best is trial 3 with value: 0.05262157320976257.
LOCAL_RANK: 0 - CUDA_VISIBLE_DEVICES: [0]
[I 2023-12-16 08:46:09,662] Trial 9 finished with value: 0.07514270395040512 and parameters: {'gradient_clip_val': 0.10018103094839136, 'hidden_size': 23, 'dropout': 0.23874855045380008, 'hidden_continuous_size': 8, 'attention_head_size': 3, 'learning_rate': 0.044823550362073784}. Best is trial 3 with value: 0.05262157320976257.
LOCAL_RANK: 0 - CUDA_VISIBLE_DEVICES: [0]
[I 2023-12-16 08:46:58,440] Trial 10 finished with value: 0.42666110396385193 and parameters: {'gradient_clip_val': 0.9910805699650547, 'hidden_size': 29, 'dropout': 0.11571812511641558, 'hidden_continuous_size': 13, 'attention_head_size': 1, 'learning_rate': 0.0006844307533084398}. Best is trial 3 with value: 0.05262157320976257.
LOCAL_RANK: 0 - CUDA_VISIBLE_DEVICES: [0]
[I 2023-12-16 08:47:48,132] Trial 11 finished with value: 0.0815008357167244 and parameters: {'gradient_clip_val': 0.10269355838684693, 'hidden_size': 25, 'dropout': 0.10073053405575524, 'hidden_continuous_size': 8, 'attention_head_size': 4, 'learning_rate': 0.028786392863272246}. Best is trial 3 with value: 0.05262157320976257.
LOCAL_RANK: 0 - CUDA_VISIBLE_DEVICES: [0]
[I 2023-12-16 08:48:33,549] Trial 12 finished with value: 0.11080259084701538 and parameters: {'gradient_clip_val': 0.10639110552155277, 'hidden_size': 11, 'dropout': 0.20041513159933635, 'hidden_continuous_size': 6, 'attention_head_size': 2, 'learning_rate': 0.0068666128996689646}. Best is trial 3 with value: 0.05262157320976257.
LOCAL_RANK: 0 - CUDA_VISIBLE_DEVICES: [0]
[I 2023-12-16 08:49:23,864] Trial 13 finished with value: 0.13216838240623474 and parameters: {'gradient_clip_val': 0.18869867804682672, 'hidden_size': 34, 'dropout': 0.22155663114821628, 'hidden_continuous_size': 11, 'attention_head_size': 3, 'learning_rate': 0.09688020348410131}. Best is trial 3 with value: 0.05262157320976257.
LOCAL_RANK: 0 - CUDA_VISIBLE_DEVICES: [0]
[I 2023-12-16 08:50:08,563] Trial 14 finished with value: 0.09508015960454941 and parameters: {'gradient_clip_val': 0.17886072757865804, 'hidden_size': 12, 'dropout': 0.1707978933847695, 'hidden_continuous_size': 7, 'attention_head_size': 2, 'learning_rate': 0.03668344076382894}. Best is trial 3 with value: 0.05262157320976257.
LOCAL_RANK: 0 - CUDA_VISIBLE_DEVICES: [0]
[I 2023-12-16 08:51:01,091] Trial 15 finished with value: 0.13721315562725067 and parameters: {'gradient_clip_val': 0.14680848254944137, 'hidden_size': 37, 'dropout': 0.23481197214046398, 'hidden_continuous_size': 15, 'attention_head_size': 4, 'learning_rate': 0.012295099667789614}. Best is trial 3 with value: 0.05262157320976257.
LOCAL_RANK: 0 - CUDA_VISIBLE_DEVICES: [0]
[I 2023-12-16 08:51:49,129] Trial 16 finished with value: 0.08667534589767456 and parameters: {'gradient_clip_val': 0.23072549482830612, 'hidden_size': 21, 'dropout': 0.14376148137979008, 'hidden_continuous_size': 8, 'attention_head_size': 1, 'learning_rate': 0.023855129577314064}. Best is trial 3 with value: 0.05262157320976257.
LOCAL_RANK: 0 - CUDA_VISIBLE_DEVICES: [0]
[I 2023-12-16 08:52:41,619] Trial 17 finished with value: 0.12873439490795135 and parameters: {'gradient_clip_val': 0.1364270398690287, 'hidden_size': 39, 'dropout': 0.18299872538434014, 'hidden_continuous_size': 16, 'attention_head_size': 2, 'learning_rate': 0.0625505019993091}. Best is trial 3 with value: 0.05262157320976257.
LOCAL_RANK: 0 - CUDA_VISIBLE_DEVICES: [0]
[I 2023-12-16 08:53:30,125] Trial 18 finished with value: 0.1964682787656784 and parameters: {'gradient_clip_val': 0.23672979251401627, 'hidden_size': 22, 'dropout': 0.2480331164111312, 'hidden_continuous_size': 6, 'attention_head_size': 3, 'learning_rate': 0.006671939936727945}. Best is trial 3 with value: 0.05262157320976257.
LOCAL_RANK: 0 - CUDA_VISIBLE_DEVICES: [0]
[I 2023-12-16 08:54:15,335] Trial 19 finished with value: 0.0900278091430664 and parameters: {'gradient_clip_val': 0.3746033449351818, 'hidden_size': 12, 'dropout': 0.12772775125533015, 'hidden_continuous_size': 6, 'attention_head_size': 4, 'learning_rate': 0.060499745418914765}. Best is trial 3 with value: 0.05262157320976257.
LOCAL_RANK: 0 - CUDA_VISIBLE_DEVICES: [0]
[I 2023-12-16 08:55:07,514] Trial 20 finished with value: 0.18525244295597076 and parameters: {'gradient_clip_val': 0.12444815428914971, 'hidden_size': 52, 'dropout': 0.19184479738524213, 'hidden_continuous_size': 18, 'attention_head_size': 1, 'learning_rate': 0.021069538669456798}. Best is trial 3 with value: 0.05262157320976257.
LOCAL_RANK: 0 - CUDA_VISIBLE_DEVICES: [0]
[I 2023-12-16 08:56:03,201] Trial 21 finished with value: 0.16185754537582397 and parameters: {'gradient_clip_val': 0.7837346970692989, 'hidden_size': 89, 'dropout': 0.2973034220689033, 'hidden_continuous_size': 26, 'attention_head_size': 4, 'learning_rate': 0.0034501427018799537}. Best is trial 3 with value: 0.05262157320976257.
LOCAL_RANK: 0 - CUDA_VISIBLE_DEVICES: [0]
[I 2023-12-16 08:56:57,074] Trial 22 finished with value: 0.16450807452201843 and parameters: {'gradient_clip_val': 0.49498799959264744, 'hidden_size': 51, 'dropout': 0.3205982205851816, 'hidden_continuous_size': 21, 'attention_head_size': 4, 'learning_rate': 0.009151399374049978}. Best is trial 3 with value: 0.05262157320976257.
LOCAL_RANK: 0 - CUDA_VISIBLE_DEVICES: [0]
[I 2023-12-16 08:57:46,626] Trial 23 finished with value: 0.15030954778194427 and parameters: {'gradient_clip_val': 0.47973831369616793, 'hidden_size': 30, 'dropout': 0.23274700291469028, 'hidden_continuous_size': 10, 'attention_head_size': 3, 'learning_rate': 0.04239548329218233}. Best is trial 3 with value: 0.05262157320976257.
LOCAL_RANK: 0 - CUDA_VISIBLE_DEVICES: [0]
[I 2023-12-16 08:58:40,449] Trial 24 finished with value: 0.11529121547937393 and parameters: {'gradient_clip_val': 0.7306019514540445, 'hidden_size': 46, 'dropout': 0.26074509599869655, 'hidden_continuous_size': 12, 'attention_head_size': 4, 'learning_rate': 0.021029887995436064}. Best is trial 3 with value: 0.05262157320976257.
LOCAL_RANK: 0 - CUDA_VISIBLE_DEVICES: [0]
[I 2023-12-16 08:59:34,391] Trial 25 finished with value: 0.2682909667491913 and parameters: {'gradient_clip_val': 0.3663601252915553, 'hidden_size': 61, 'dropout': 0.3208259777538984, 'hidden_continuous_size': 29, 'attention_head_size': 3, 'learning_rate': 0.0005231618315054229}. Best is trial 3 with value: 0.05262157320976257.
LOCAL_RANK: 0 - CUDA_VISIBLE_DEVICES: [0]
[I 2023-12-16 09:00:25,428] Trial 26 finished with value: 0.10065603256225586 and parameters: {'gradient_clip_val': 0.577153703158242, 'hidden_size': 38, 'dropout': 0.22161876708256334, 'hidden_continuous_size': 11, 'attention_head_size': 2, 'learning_rate': 0.004947291876714841}. Best is trial 3 with value: 0.05262157320976257.
LOCAL_RANK: 0 - CUDA_VISIBLE_DEVICES: [0]
[I 2023-12-16 09:01:21,064] Trial 27 finished with value: 0.09594618529081345 and parameters: {'gradient_clip_val': 0.431110254483654, 'hidden_size': 70, 'dropout': 0.14789803962678724, 'hidden_continuous_size': 38, 'attention_head_size': 4, 'learning_rate': 0.016180528520319}. Best is trial 3 with value: 0.05262157320976257.
LOCAL_RANK: 0 - CUDA_VISIBLE_DEVICES: [0]
[I 2023-12-16 09:02:17,663] Trial 28 finished with value: 0.15222632884979248 and parameters: {'gradient_clip_val': 0.330745682127249, 'hidden_size': 97, 'dropout': 0.19346008175897722, 'hidden_continuous_size': 43, 'attention_head_size': 3, 'learning_rate': 0.009334072152184845}. Best is trial 3 with value: 0.05262157320976257.
LOCAL_RANK: 0 - CUDA_VISIBLE_DEVICES: [0]
[I 2023-12-16 09:03:11,022] Trial 29 finished with value: 0.06805788725614548 and parameters: {'gradient_clip_val': 0.5031550632563123, 'hidden_size': 66, 'dropout': 0.15980777580192818, 'hidden_continuous_size': 9, 'attention_head_size': 4, 'learning_rate': 0.0023645932430128047}. Best is trial 3 with value: 0.05262157320976257.
LOCAL_RANK: 0 - CUDA_VISIBLE_DEVICES: [0]
[I 2023-12-16 09:04:04,213] Trial 30 finished with value: 0.07648053020238876 and parameters: {'gradient_clip_val': 0.5081711534908917, 'hidden_size': 74, 'dropout': 0.16623961517068744, 'hidden_continuous_size': 9, 'attention_head_size': 3, 'learning_rate': 0.0027660524289222343}. Best is trial 3 with value: 0.05262157320976257.
LOCAL_RANK: 0 - CUDA_VISIBLE_DEVICES: [0]
[I 2023-12-16 09:04:56,412] Trial 31 finished with value: 0.5804274678230286 and parameters: {'gradient_clip_val': 0.5291256787070299, 'hidden_size': 72, 'dropout': 0.1673078024061887, 'hidden_continuous_size': 9, 'attention_head_size': 3, 'learning_rate': 0.00254166284568711}. Best is trial 3 with value: 0.05262157320976257.
LOCAL_RANK: 0 - CUDA_VISIBLE_DEVICES: [0]
[I 2023-12-16 09:05:50,892] Trial 32 finished with value: 0.17899353802204132 and parameters: {'gradient_clip_val': 0.446807024603693, 'hidden_size': 94, 'dropout': 0.16106725978483766, 'hidden_continuous_size': 10, 'attention_head_size': 3, 'learning_rate': 0.0011618489618757484}. Best is trial 3 with value: 0.05262157320976257.
LOCAL_RANK: 0 - CUDA_VISIBLE_DEVICES: [0]
[I 2023-12-16 09:06:44,407] Trial 33 finished with value: 0.06372087448835373 and parameters: {'gradient_clip_val': 0.5398786009017592, 'hidden_size': 75, 'dropout': 0.12733380383890996, 'hidden_continuous_size': 9, 'attention_head_size': 3, 'learning_rate': 0.004640262737926979}. Best is trial 3 with value: 0.05262157320976257.
LOCAL_RANK: 0 - CUDA_VISIBLE_DEVICES: [0]
[I 2023-12-16 09:07:36,700] Trial 34 finished with value: 0.11887305974960327 and parameters: {'gradient_clip_val': 0.5850007969084259, 'hidden_size': 43, 'dropout': 0.12435499558967218, 'hidden_continuous_size': 12, 'attention_head_size': 2, 'learning_rate': 0.004968527017635614}. Best is trial 3 with value: 0.05262157320976257.
LOCAL_RANK: 0 - CUDA_VISIBLE_DEVICES: [0]
[I 2023-12-16 09:08:30,815] Trial 35 finished with value: 0.542195737361908 and parameters: {'gradient_clip_val': 0.4420984077374718, 'hidden_size': 69, 'dropout': 0.13490657982066695, 'hidden_continuous_size': 8, 'attention_head_size': 4, 'learning_rate': 0.0012629585539705838}. Best is trial 3 with value: 0.05262157320976257.
LOCAL_RANK: 0 - CUDA_VISIBLE_DEVICES: [0]
[I 2023-12-16 09:09:24,689] Trial 36 finished with value: 0.04339749738574028 and parameters: {'gradient_clip_val': 0.3294651496721263, 'hidden_size': 63, 'dropout': 0.10260185737979921, 'hidden_continuous_size': 14, 'attention_head_size': 3, 'learning_rate': 0.0051076191755950245}. Best is trial 36 with value: 0.04339749738574028.
LOCAL_RANK: 0 - CUDA_VISIBLE_DEVICES: [0]
[I 2023-12-16 09:10:18,352] Trial 37 finished with value: 0.0748165026307106 and parameters: {'gradient_clip_val': 0.3434766597463985, 'hidden_size': 61, 'dropout': 0.11124213549589304, 'hidden_continuous_size': 14, 'attention_head_size': 3, 'learning_rate': 0.004985423549017666}. Best is trial 36 with value: 0.04339749738574028.
LOCAL_RANK: 0 - CUDA_VISIBLE_DEVICES: [0]
[I 2023-12-16 09:11:11,973] Trial 38 finished with value: 0.3955421447753906 and parameters: {'gradient_clip_val': 0.4053355428581886, 'hidden_size': 81, 'dropout': 0.10022299810394439, 'hidden_continuous_size': 15, 'attention_head_size': 2, 'learning_rate': 0.002086107828313836}. Best is trial 36 with value: 0.04339749738574028.
LOCAL_RANK: 0 - CUDA_VISIBLE_DEVICES: [0]
[I 2023-12-16 09:12:04,426] Trial 39 finished with value: 0.28297388553619385 and parameters: {'gradient_clip_val': 0.296256591680551, 'hidden_size': 61, 'dropout': 0.12079976010294098, 'hidden_continuous_size': 11, 'attention_head_size': 1, 'learning_rate': 0.004097168246304363}. Best is trial 36 with value: 0.04339749738574028.
LOCAL_RANK: 0 - CUDA_VISIBLE_DEVICES: [0]
[I 2023-12-16 09:13:00,146] Trial 40 finished with value: 0.18995846807956696 and parameters: {'gradient_clip_val': 0.628255463476707, 'hidden_size': 100, 'dropout': 0.14254330512996255, 'hidden_continuous_size': 17, 'attention_head_size': 4, 'learning_rate': 0.0028795937396144397}. Best is trial 36 with value: 0.04339749738574028.
LOCAL_RANK: 0 - CUDA_VISIBLE_DEVICES: [0]
[I 2023-12-16 09:13:53,729] Trial 41 finished with value: 0.09974103420972824 and parameters: {'gradient_clip_val': 0.35688006577007986, 'hidden_size': 60, 'dropout': 0.11238488191923135, 'hidden_continuous_size': 14, 'attention_head_size': 3, 'learning_rate': 0.005384305154694185}. Best is trial 36 with value: 0.04339749738574028.
LOCAL_RANK: 0 - CUDA_VISIBLE_DEVICES: [0]
[I 2023-12-16 09:14:48,176] Trial 42 finished with value: 0.17974911630153656 and parameters: {'gradient_clip_val': 0.3430026191141757, 'hidden_size': 81, 'dropout': 0.11250675239738449, 'hidden_continuous_size': 14, 'attention_head_size': 3, 'learning_rate': 0.0037870514392620448}. Best is trial 36 with value: 0.04339749738574028.
LOCAL_RANK: 0 - CUDA_VISIBLE_DEVICES: [0]
[I 2023-12-16 09:15:41,202] Trial 43 finished with value: 0.08378424495458603 and parameters: {'gradient_clip_val': 0.40109942989320263, 'hidden_size': 49, 'dropout': 0.13521448914998552, 'hidden_continuous_size': 13, 'attention_head_size': 3, 'learning_rate': 0.00856833754661413}. Best is trial 36 with value: 0.04339749738574028.
LOCAL_RANK: 0 - CUDA_VISIBLE_DEVICES: [0]
[I 2023-12-16 09:16:34,182] Trial 44 finished with value: 0.1668538600206375 and parameters: {'gradient_clip_val': 0.30481941968237675, 'hidden_size': 64, 'dropout': 0.15652514904044018, 'hidden_continuous_size': 12, 'attention_head_size': 2, 'learning_rate': 0.006636297677546525}. Best is trial 36 with value: 0.04339749738574028.
LOCAL_RANK: 0 - CUDA_VISIBLE_DEVICES: [0]
[I 2023-12-16 09:17:27,274] Trial 45 finished with value: 0.07046283036470413 and parameters: {'gradient_clip_val': 0.5342815045057637, 'hidden_size': 57, 'dropout': 0.1031865109541795, 'hidden_continuous_size': 10, 'attention_head_size': 3, 'learning_rate': 0.005468258561959807}. Best is trial 36 with value: 0.04339749738574028.
LOCAL_RANK: 0 - CUDA_VISIBLE_DEVICES: [0]
[I 2023-12-16 09:18:20,654] Trial 46 finished with value: 0.12315857410430908 and parameters: {'gradient_clip_val': 0.5503492183776597, 'hidden_size': 55, 'dropout': 0.13033329279251812, 'hidden_continuous_size': 10, 'attention_head_size': 3, 'learning_rate': 0.003238945103363367}. Best is trial 36 with value: 0.04339749738574028.
LOCAL_RANK: 0 - CUDA_VISIBLE_DEVICES: [0]
[I 2023-12-16 09:19:11,614] Trial 47 finished with value: 0.07460255175828934 and parameters: {'gradient_clip_val': 0.6860393634451685, 'hidden_size': 44, 'dropout': 0.10005916260149036, 'hidden_continuous_size': 9, 'attention_head_size': 1, 'learning_rate': 0.0022476357583785006}. Best is trial 36 with value: 0.04339749738574028.
LOCAL_RANK: 0 - CUDA_VISIBLE_DEVICES: [0]
[I 2023-12-16 09:20:04,454] Trial 48 finished with value: 0.1645541936159134 and parameters: {'gradient_clip_val': 0.48610564329386463, 'hidden_size': 83, 'dropout': 0.1530062727971262, 'hidden_continuous_size': 7, 'attention_head_size': 2, 'learning_rate': 0.0018458830826567772}. Best is trial 36 with value: 0.04339749738574028.
LOCAL_RANK: 0 - CUDA_VISIBLE_DEVICES: [0]
[I 2023-12-16 09:20:57,721] Trial 49 finished with value: 0.15812630951404572 and parameters: {'gradient_clip_val': 0.6305455463729301, 'hidden_size': 53, 'dropout': 0.1373291205414106, 'hidden_continuous_size': 11, 'attention_head_size': 3, 'learning_rate': 0.011766774035999055}. Best is trial 36 with value: 0.04339749738574028.
[I 2023-12-16 09:20:57,823] A new study created in memory with name: no-name-181cb5fa-2800-4563-aa98-99ab603a4e40
/home/le004/conda/anaconda3/envs/tsff_env/lib/python3.9/site-packages/lightning/fabric/plugins/environments/slurm.py:191: The `srun` command is available on your system but is not used. HINT: If your intention is to run Lightning on SLURM, prepend your python command with `srun` like so: srun python /home/le004/master_thesis/git/TSFusionForecast/code/ ...
LOCAL_RANK: 0 - CUDA_VISIBLE_DEVICES: [0]
[I 2023-12-16 09:21:50,574] Trial 0 finished with value: 0.6600138545036316 and parameters: {'gradient_clip_val': 0.13902784578944624, 'hidden_size': 71, 'dropout': 0.11417376098527299, 'hidden_continuous_size': 6, 'attention_head_size': 4, 'learning_rate': 0.009881412372697304}. Best is trial 0 with value: 0.6600138545036316.
LOCAL_RANK: 0 - CUDA_VISIBLE_DEVICES: [0]
[I 2023-12-16 09:22:42,381] Trial 1 finished with value: 0.48577967286109924 and parameters: {'gradient_clip_val': 0.8210594406587745, 'hidden_size': 45, 'dropout': 0.22526077470362613, 'hidden_continuous_size': 6, 'attention_head_size': 4, 'learning_rate': 0.0005089971022124521}. Best is trial 1 with value: 0.48577967286109924.
LOCAL_RANK: 0 - CUDA_VISIBLE_DEVICES: [0]
