[I 2023-12-27 11:04:24,448] Trial 34 finished with value: 238.63055419921875 and parameters: {'gradient_clip_val': 0.5118597653668917, 'hidden_size': 18, 'dropout': 0.46632292940466297, 'hidden_continuous_size': 7, 'attention_head_size': 3, 'learning_rate': 0.015214540621606506}. Best is trial 0 with value: 41.284542083740234.
LOCAL_RANK: 0 - CUDA_VISIBLE_DEVICES: [0]
[I 2023-12-27 11:04:24,881] Trial 35 finished with value: 167.4327392578125 and parameters: {'gradient_clip_val': 0.3695723586679644, 'hidden_size': 6, 'dropout': 0.4316976285746878, 'hidden_continuous_size': 5, 'attention_head_size': 3, 'learning_rate': 0.0035927625935131204}. Best is trial 0 with value: 41.284542083740234.
LOCAL_RANK: 0 - CUDA_VISIBLE_DEVICES: [0]
[I 2023-12-27 11:04:25,623] Trial 36 finished with value: 174.4722137451172 and parameters: {'gradient_clip_val': 0.5905989646304047, 'hidden_size': 8, 'dropout': 0.40504584047445763, 'hidden_continuous_size': 6, 'attention_head_size': 4, 'learning_rate': 0.007897778314413798}. Best is trial 0 with value: 41.284542083740234.
LOCAL_RANK: 0 - CUDA_VISIBLE_DEVICES: [0]
[I 2023-12-27 11:04:26,096] Trial 37 finished with value: 138.60089111328125 and parameters: {'gradient_clip_val': 0.28776503638647866, 'hidden_size': 13, 'dropout': 0.48030450494366295, 'hidden_continuous_size': 7, 'attention_head_size': 2, 'learning_rate': 0.02010338137322716}. Best is trial 0 with value: 41.284542083740234.
LOCAL_RANK: 0 - CUDA_VISIBLE_DEVICES: [0]
[I 2023-12-27 11:04:26,512] Trial 38 finished with value: 131.7886199951172 and parameters: {'gradient_clip_val': 0.40867869397148027, 'hidden_size': 5, 'dropout': 0.4999249132955483, 'hidden_continuous_size': 5, 'attention_head_size': 3, 'learning_rate': 0.012409930155985781}. Best is trial 0 with value: 41.284542083740234.
LOCAL_RANK: 0 - CUDA_VISIBLE_DEVICES: [0]
[I 2023-12-27 11:04:26,921] Trial 39 finished with value: 193.3040771484375 and parameters: {'gradient_clip_val': 0.39406484780679263, 'hidden_size': 5, 'dropout': 0.49742004389926064, 'hidden_continuous_size': 5, 'attention_head_size': 3, 'learning_rate': 0.013756402471785579}. Best is trial 0 with value: 41.284542083740234.
LOCAL_RANK: 0 - CUDA_VISIBLE_DEVICES: [0]
[I 2023-12-27 11:04:27,366] Trial 40 finished with value: 222.4769287109375 and parameters: {'gradient_clip_val': 0.2588595828993968, 'hidden_size': 6, 'dropout': 0.4994010279693436, 'hidden_continuous_size': 5, 'attention_head_size': 2, 'learning_rate': 0.025523118282350668}. Best is trial 0 with value: 41.284542083740234.
LOCAL_RANK: 0 - CUDA_VISIBLE_DEVICES: [0]
[I 2023-12-27 11:04:27,819] Trial 41 finished with value: 189.91876220703125 and parameters: {'gradient_clip_val': 0.4347342226175573, 'hidden_size': 7, 'dropout': 0.4473770350845697, 'hidden_continuous_size': 5, 'attention_head_size': 3, 'learning_rate': 0.010560395565946047}. Best is trial 0 with value: 41.284542083740234.
LOCAL_RANK: 0 - CUDA_VISIBLE_DEVICES: [0]
[I 2023-12-27 11:04:28,280] Trial 42 finished with value: 151.98406982421875 and parameters: {'gradient_clip_val': 0.48491236694512513, 'hidden_size': 9, 'dropout': 0.47584922601248136, 'hidden_continuous_size': 6, 'attention_head_size': 2, 'learning_rate': 0.005472362972088807}. Best is trial 0 with value: 41.284542083740234.
LOCAL_RANK: 0 - CUDA_VISIBLE_DEVICES: [0]
[I 2023-12-27 11:04:28,731] Trial 43 finished with value: 156.83770751953125 and parameters: {'gradient_clip_val': 0.35043931726831173, 'hidden_size': 6, 'dropout': 0.43607826777959163, 'hidden_continuous_size': 5, 'attention_head_size': 3, 'learning_rate': 0.012178091700659446}. Best is trial 0 with value: 41.284542083740234.
LOCAL_RANK: 0 - CUDA_VISIBLE_DEVICES: [0]
[I 2023-12-27 11:04:29,140] Trial 44 finished with value: 172.0795135498047 and parameters: {'gradient_clip_val': 0.4249855564584283, 'hidden_size': 5, 'dropout': 0.45986443615658945, 'hidden_continuous_size': 5, 'attention_head_size': 4, 'learning_rate': 0.0066790557251703644}. Best is trial 0 with value: 41.284542083740234.
LOCAL_RANK: 0 - CUDA_VISIBLE_DEVICES: [0]
[I 2023-12-27 11:04:29,589] Trial 45 finished with value: 154.68092346191406 and parameters: {'gradient_clip_val': 0.4954397997325664, 'hidden_size': 11, 'dropout': 0.4817743650301479, 'hidden_continuous_size': 6, 'attention_head_size': 3, 'learning_rate': 0.009625827872267028}. Best is trial 0 with value: 41.284542083740234.
LOCAL_RANK: 0 - CUDA_VISIBLE_DEVICES: [0]
[I 2023-12-27 11:04:30,034] Trial 46 finished with value: 133.0321502685547 and parameters: {'gradient_clip_val': 0.4171227278036379, 'hidden_size': 8, 'dropout': 0.43985455937180956, 'hidden_continuous_size': 6, 'attention_head_size': 4, 'learning_rate': 0.004782047451441826}. Best is trial 0 with value: 41.284542083740234.
LOCAL_RANK: 0 - CUDA_VISIBLE_DEVICES: [0]
[I 2023-12-27 11:04:30,494] Trial 47 finished with value: 150.3985137939453 and parameters: {'gradient_clip_val': 0.4111642398869903, 'hidden_size': 14, 'dropout': 0.43343615338741653, 'hidden_continuous_size': 9, 'attention_head_size': 2, 'learning_rate': 0.004532292342268961}. Best is trial 0 with value: 41.284542083740234.
LOCAL_RANK: 0 - CUDA_VISIBLE_DEVICES: [0]
[I 2023-12-27 11:04:30,938] Trial 48 finished with value: 140.692138671875 and parameters: {'gradient_clip_val': 0.3454744447452161, 'hidden_size': 10, 'dropout': 0.393546262394053, 'hidden_continuous_size': 6, 'attention_head_size': 3, 'learning_rate': 0.003113190937950023}. Best is trial 0 with value: 41.284542083740234.
LOCAL_RANK: 0 - CUDA_VISIBLE_DEVICES: [0]
[I 2023-12-27 11:04:31,389] Trial 49 finished with value: 121.24242401123047 and parameters: {'gradient_clip_val': 0.39924404187350093, 'hidden_size': 7, 'dropout': 0.4701834029780344, 'hidden_continuous_size': 6, 'attention_head_size': 4, 'learning_rate': 0.0026494864561315626}. Best is trial 0 with value: 41.284542083740234.
[I 2023-12-27 11:04:31,517] A new study created in memory with name: no-name-195ca676-c5a5-4829-91d5-be72ebd9c2c1
/home/le004/conda/anaconda3/envs/tsff_env/lib/python3.9/site-packages/lightning/fabric/plugins/environments/slurm.py:191: The `srun` command is available on your system but is not used. HINT: If your intention is to run Lightning on SLURM, prepend your python command with `srun` like so: srun python /home/le004/master_thesis/git/TSFusionForecast/code/ ...
LOCAL_RANK: 0 - CUDA_VISIBLE_DEVICES: [0]
[I 2023-12-27 11:05:00,976] Trial 0 finished with value: 183.0554962158203 and parameters: {'gradient_clip_val': 0.10040487162387846, 'hidden_size': 27, 'dropout': 0.4273124370421869, 'hidden_continuous_size': 11, 'attention_head_size': 1, 'learning_rate': 0.0014218677499567335}. Best is trial 0 with value: 183.0554962158203.
LOCAL_RANK: 0 - CUDA_VISIBLE_DEVICES: [0]
[I 2023-12-27 11:05:22,153] Trial 1 finished with value: 163.86427307128906 and parameters: {'gradient_clip_val': 0.21402995025564064, 'hidden_size': 62, 'dropout': 0.1362871723382451, 'hidden_continuous_size': 5, 'attention_head_size': 1, 'learning_rate': 0.0029800779907015237}. Best is trial 1 with value: 163.86427307128906.
LOCAL_RANK: 0 - CUDA_VISIBLE_DEVICES: [0]
[I 2023-12-27 11:05:22,610] Trial 2 finished with value: 329.99127197265625 and parameters: {'gradient_clip_val': 0.9539023882676712, 'hidden_size': 30, 'dropout': 0.4185388237421862, 'hidden_continuous_size': 15, 'attention_head_size': 2, 'learning_rate': 0.0026705751032872244}. Best is trial 1 with value: 163.86427307128906.
LOCAL_RANK: 0 - CUDA_VISIBLE_DEVICES: [0]
[I 2023-12-27 11:05:23,083] Trial 3 finished with value: 423.4826965332031 and parameters: {'gradient_clip_val': 0.9762697416393608, 'hidden_size': 89, 'dropout': 0.19589133047433369, 'hidden_continuous_size': 11, 'attention_head_size': 4, 'learning_rate': 0.03159274420803666}. Best is trial 1 with value: 163.86427307128906.
LOCAL_RANK: 0 - CUDA_VISIBLE_DEVICES: [0]
[I 2023-12-27 11:05:23,491] Trial 4 finished with value: 381.01416015625 and parameters: {'gradient_clip_val': 0.1629006733963763, 'hidden_size': 18, 'dropout': 0.17357422109527637, 'hidden_continuous_size': 18, 'attention_head_size': 2, 'learning_rate': 0.0013721811846915777}. Best is trial 1 with value: 163.86427307128906.
LOCAL_RANK: 0 - CUDA_VISIBLE_DEVICES: [0]
[I 2023-12-27 11:05:23,954] Trial 5 finished with value: 439.3797607421875 and parameters: {'gradient_clip_val': 0.16738506856852284, 'hidden_size': 21, 'dropout': 0.11295587066733224, 'hidden_continuous_size': 6, 'attention_head_size': 3, 'learning_rate': 0.04366276655326866}. Best is trial 1 with value: 163.86427307128906.
LOCAL_RANK: 0 - CUDA_VISIBLE_DEVICES: [0]
[I 2023-12-27 11:05:24,424] Trial 6 finished with value: 417.9643859863281 and parameters: {'gradient_clip_val': 0.21391501539732047, 'hidden_size': 24, 'dropout': 0.3782921192650591, 'hidden_continuous_size': 20, 'attention_head_size': 4, 'learning_rate': 0.07353798500331535}. Best is trial 1 with value: 163.86427307128906.
LOCAL_RANK: 0 - CUDA_VISIBLE_DEVICES: [0]
[I 2023-12-27 11:05:24,851] Trial 7 finished with value: 485.5560607910156 and parameters: {'gradient_clip_val': 0.27320250532700435, 'hidden_size': 14, 'dropout': 0.3437103543288109, 'hidden_continuous_size': 5, 'attention_head_size': 2, 'learning_rate': 0.006756659013904857}. Best is trial 1 with value: 163.86427307128906.
LOCAL_RANK: 0 - CUDA_VISIBLE_DEVICES: [0]
[I 2023-12-27 11:05:25,336] Trial 8 finished with value: 445.44482421875 and parameters: {'gradient_clip_val': 0.9649381924905167, 'hidden_size': 70, 'dropout': 0.45847675652211495, 'hidden_continuous_size': 5, 'attention_head_size': 4, 'learning_rate': 0.001315980649748245}. Best is trial 1 with value: 163.86427307128906.
LOCAL_RANK: 0 - CUDA_VISIBLE_DEVICES: [0]
[I 2023-12-27 11:05:26,083] Trial 9 finished with value: 439.6496276855469 and parameters: {'gradient_clip_val': 0.9771549764106983, 'hidden_size': 59, 'dropout': 0.45387352718945617, 'hidden_continuous_size': 45, 'attention_head_size': 3, 'learning_rate': 0.002305683286524591}. Best is trial 1 with value: 163.86427307128906.
LOCAL_RANK: 0 - CUDA_VISIBLE_DEVICES: [0]
[I 2023-12-27 11:05:26,478] Trial 10 finished with value: 392.9385681152344 and parameters: {'gradient_clip_val': 0.44855223570268027, 'hidden_size': 5, 'dropout': 0.26525068032663746, 'hidden_continuous_size': 5, 'attention_head_size': 1, 'learning_rate': 0.0005301011472178821}. Best is trial 1 with value: 163.86427307128906.
LOCAL_RANK: 0 - CUDA_VISIBLE_DEVICES: [0]
[I 2023-12-27 11:05:26,981] Trial 11 finished with value: 417.6491394042969 and parameters: {'gradient_clip_val': 0.10884885613245461, 'hidden_size': 125, 'dropout': 0.29223113295515013, 'hidden_continuous_size': 10, 'attention_head_size': 1, 'learning_rate': 0.006820420274644053}. Best is trial 1 with value: 163.86427307128906.
LOCAL_RANK: 0 - CUDA_VISIBLE_DEVICES: [0]
[I 2023-12-27 11:05:27,469] Trial 12 finished with value: 415.2058410644531 and parameters: {'gradient_clip_val': 0.10249238854190161, 'hidden_size': 45, 'dropout': 0.4897438720262214, 'hidden_continuous_size': 7, 'attention_head_size': 1, 'learning_rate': 0.0005252928941554548}. Best is trial 1 with value: 163.86427307128906.
LOCAL_RANK: 0 - CUDA_VISIBLE_DEVICES: [0]
[I 2023-12-27 11:05:27,955] Trial 13 finished with value: 435.0099182128906 and parameters: {'gradient_clip_val': 0.1376673548776209, 'hidden_size': 42, 'dropout': 0.367383590533979, 'hidden_continuous_size': 8, 'attention_head_size': 1, 'learning_rate': 0.004095352460068211}. Best is trial 1 with value: 163.86427307128906.
LOCAL_RANK: 0 - CUDA_VISIBLE_DEVICES: [0]
[I 2023-12-27 11:05:28,496] Trial 14 finished with value: 493.1011657714844 and parameters: {'gradient_clip_val': 0.22268358567400964, 'hidden_size': 122, 'dropout': 0.24835208144534698, 'hidden_continuous_size': 31, 'attention_head_size': 2, 'learning_rate': 0.014099796898835844}. Best is trial 1 with value: 163.86427307128906.
LOCAL_RANK: 0 - CUDA_VISIBLE_DEVICES: [0]
[I 2023-12-27 11:05:28,978] Trial 15 finished with value: 447.534423828125 and parameters: {'gradient_clip_val': 0.13173633259659215, 'hidden_size': 38, 'dropout': 0.10636893476341117, 'hidden_continuous_size': 8, 'attention_head_size': 1, 'learning_rate': 0.013154662072914155}. Best is trial 1 with value: 163.86427307128906.
LOCAL_RANK: 0 - CUDA_VISIBLE_DEVICES: [0]
[I 2023-12-27 11:05:29,446] Trial 16 finished with value: 398.4471435546875 and parameters: {'gradient_clip_val': 0.3084869138398851, 'hidden_size': 70, 'dropout': 0.3351620630549693, 'hidden_continuous_size': 12, 'attention_head_size': 1, 'learning_rate': 0.0011747542512119242}. Best is trial 1 with value: 163.86427307128906.
LOCAL_RANK: 0 - CUDA_VISIBLE_DEVICES: [0]
[I 2023-12-27 11:05:30,005] Trial 17 finished with value: 398.7142639160156 and parameters: {'gradient_clip_val': 0.10043265237490928, 'hidden_size': 145, 'dropout': 0.41440350448512736, 'hidden_continuous_size': 89, 'attention_head_size': 3, 'learning_rate': 0.0035784845877352605}. Best is trial 1 with value: 163.86427307128906.
LOCAL_RANK: 0 - CUDA_VISIBLE_DEVICES: [0]
[I 2023-12-27 11:05:30,458] Trial 18 finished with value: 462.1800231933594 and parameters: {'gradient_clip_val': 0.40122726690120963, 'hidden_size': 12, 'dropout': 0.3001081739057943, 'hidden_continuous_size': 6, 'attention_head_size': 2, 'learning_rate': 0.0020105742042609486}. Best is trial 1 with value: 163.86427307128906.
LOCAL_RANK: 0 - CUDA_VISIBLE_DEVICES: [0]
[I 2023-12-27 11:05:30,942] Trial 19 finished with value: 453.4181213378906 and parameters: {'gradient_clip_val': 0.18357855107759316, 'hidden_size': 32, 'dropout': 0.2150615057597197, 'hidden_continuous_size': 9, 'attention_head_size': 1, 'learning_rate': 0.0009136362253965079}. Best is trial 1 with value: 163.86427307128906.
LOCAL_RANK: 0 - CUDA_VISIBLE_DEVICES: [0]
[I 2023-12-27 11:05:31,430] Trial 20 finished with value: 370.3470153808594 and parameters: {'gradient_clip_val': 0.13211263445257104, 'hidden_size': 51, 'dropout': 0.14792459954667064, 'hidden_continuous_size': 7, 'attention_head_size': 2, 'learning_rate': 0.0036660885416205696}. Best is trial 1 with value: 163.86427307128906.
LOCAL_RANK: 0 - CUDA_VISIBLE_DEVICES: [0]
[I 2023-12-27 11:05:31,897] Trial 21 finished with value: 360.7696838378906 and parameters: {'gradient_clip_val': 0.5485218220631334, 'hidden_size': 30, 'dropout': 0.4051265910406757, 'hidden_continuous_size': 13, 'attention_head_size': 2, 'learning_rate': 0.0020363614501823675}. Best is trial 1 with value: 163.86427307128906.
LOCAL_RANK: 0 - CUDA_VISIBLE_DEVICES: [0]
[I 2023-12-27 11:05:32,385] Trial 22 finished with value: 435.2601013183594 and parameters: {'gradient_clip_val': 0.2500265385814324, 'hidden_size': 34, 'dropout': 0.4323938703001225, 'hidden_continuous_size': 10, 'attention_head_size': 1, 'learning_rate': 0.0027873109324645516}. Best is trial 1 with value: 163.86427307128906.
LOCAL_RANK: 0 - CUDA_VISIBLE_DEVICES: [0]
[I 2023-12-27 11:05:33,118] Trial 23 finished with value: 362.2936706542969 and parameters: {'gradient_clip_val': 0.3351687598182703, 'hidden_size': 25, 'dropout': 0.38221624563846845, 'hidden_continuous_size': 13, 'attention_head_size': 2, 'learning_rate': 0.004670049213473568}. Best is trial 1 with value: 163.86427307128906.
LOCAL_RANK: 0 - CUDA_VISIBLE_DEVICES: [0]
[I 2023-12-27 11:05:33,612] Trial 24 finished with value: 451.4454650878906 and parameters: {'gradient_clip_val': 0.20314864784428588, 'hidden_size': 49, 'dropout': 0.4918773594503543, 'hidden_continuous_size': 16, 'attention_head_size': 1, 'learning_rate': 0.00171163082736009}. Best is trial 1 with value: 163.86427307128906.
LOCAL_RANK: 0 - CUDA_VISIBLE_DEVICES: [0]
[I 2023-12-27 11:05:34,108] Trial 25 finished with value: 445.0914001464844 and parameters: {'gradient_clip_val': 0.7129106653027732, 'hidden_size': 31, 'dropout': 0.335142245751739, 'hidden_continuous_size': 6, 'attention_head_size': 3, 'learning_rate': 0.00279708000968479}. Best is trial 1 with value: 163.86427307128906.
LOCAL_RANK: 0 - CUDA_VISIBLE_DEVICES: [0]
[I 2023-12-27 11:05:34,593] Trial 26 finished with value: 385.995361328125 and parameters: {'gradient_clip_val': 0.24821808636171444, 'hidden_size': 89, 'dropout': 0.412698819463258, 'hidden_continuous_size': 15, 'attention_head_size': 2, 'learning_rate': 0.0007542897913722278}. Best is trial 1 with value: 163.86427307128906.
LOCAL_RANK: 0 - CUDA_VISIBLE_DEVICES: [0]
[I 2023-12-27 11:05:35,093] Trial 27 finished with value: 340.039306640625 and parameters: {'gradient_clip_val': 0.3436007125041085, 'hidden_size': 39, 'dropout': 0.4543109395159881, 'hidden_continuous_size': 11, 'attention_head_size': 1, 'learning_rate': 0.0016361785301572734}. Best is trial 1 with value: 163.86427307128906.
LOCAL_RANK: 0 - CUDA_VISIBLE_DEVICES: [0]
[I 2023-12-27 11:05:35,561] Trial 28 finished with value: 457.12890625 and parameters: {'gradient_clip_val': 0.5570940232928434, 'hidden_size': 59, 'dropout': 0.22630582989133202, 'hidden_continuous_size': 9, 'attention_head_size': 1, 'learning_rate': 0.0009725354582857915}. Best is trial 1 with value: 163.86427307128906.
LOCAL_RANK: 0 - CUDA_VISIBLE_DEVICES: [0]
[I 2023-12-27 11:05:36,072] Trial 29 finished with value: 398.6136474609375 and parameters: {'gradient_clip_val': 0.2896892964751371, 'hidden_size': 88, 'dropout': 0.17181289034566433, 'hidden_continuous_size': 22, 'attention_head_size': 2, 'learning_rate': 0.002583874477769871}. Best is trial 1 with value: 163.86427307128906.
LOCAL_RANK: 0 - CUDA_VISIBLE_DEVICES: [0]
[I 2023-12-27 11:05:36,522] Trial 30 finished with value: 414.066650390625 and parameters: {'gradient_clip_val': 0.18164826079365237, 'hidden_size': 27, 'dropout': 0.19457546614961888, 'hidden_continuous_size': 12, 'attention_head_size': 3, 'learning_rate': 0.001514019561253897}. Best is trial 1 with value: 163.86427307128906.
LOCAL_RANK: 0 - CUDA_VISIBLE_DEVICES: [0]
[I 2023-12-27 11:05:36,975] Trial 31 finished with value: 370.0654296875 and parameters: {'gradient_clip_val': 0.3389076301954929, 'hidden_size': 39, 'dropout': 0.45411785752929956, 'hidden_continuous_size': 11, 'attention_head_size': 1, 'learning_rate': 0.0017319645489261293}. Best is trial 1 with value: 163.86427307128906.
LOCAL_RANK: 0 - CUDA_VISIBLE_DEVICES: [0]
[I 2023-12-27 11:05:37,438] Trial 32 finished with value: 381.7838134765625 and parameters: {'gradient_clip_val': 0.14311260736902257, 'hidden_size': 38, 'dropout': 0.43320215320154504, 'hidden_continuous_size': 14, 'attention_head_size': 1, 'learning_rate': 0.0012229543139769391}. Best is trial 1 with value: 163.86427307128906.
LOCAL_RANK: 0 - CUDA_VISIBLE_DEVICES: [0]
[I 2023-12-27 11:05:37,914] Trial 33 finished with value: 367.2017822265625 and parameters: {'gradient_clip_val': 0.37329057253259135, 'hidden_size': 19, 'dropout': 0.467039704199801, 'hidden_continuous_size': 10, 'attention_head_size': 1, 'learning_rate': 0.0016631608707198583}. Best is trial 1 with value: 163.86427307128906.
LOCAL_RANK: 0 - CUDA_VISIBLE_DEVICES: [0]
[I 2023-12-27 11:05:38,391] Trial 34 finished with value: 334.3054504394531 and parameters: {'gradient_clip_val': 0.16212107324701566, 'hidden_size': 22, 'dropout': 0.13290822564872556, 'hidden_continuous_size': 11, 'attention_head_size': 1, 'learning_rate': 0.005076980630078137}. Best is trial 1 with value: 163.86427307128906.
LOCAL_RANK: 0 - CUDA_VISIBLE_DEVICES: [0]
[I 2023-12-27 11:05:38,845] Trial 35 finished with value: 443.8006896972656 and parameters: {'gradient_clip_val': 0.15323554884422627, 'hidden_size': 22, 'dropout': 0.12871204409819212, 'hidden_continuous_size': 11, 'attention_head_size': 2, 'learning_rate': 0.005425635282399438}. Best is trial 1 with value: 163.86427307128906.
LOCAL_RANK: 0 - CUDA_VISIBLE_DEVICES: [0]
[I 2023-12-27 11:05:39,635] Trial 36 finished with value: 370.6044921875 and parameters: {'gradient_clip_val': 0.11809778329860501, 'hidden_size': 16, 'dropout': 0.1421268567240973, 'hidden_continuous_size': 5, 'attention_head_size': 2, 'learning_rate': 0.0032156098888808013}. Best is trial 1 with value: 163.86427307128906.
LOCAL_RANK: 0 - CUDA_VISIBLE_DEVICES: [0]
[I 2023-12-27 11:05:40,098] Trial 37 finished with value: 407.9829406738281 and parameters: {'gradient_clip_val': 0.1493406309281718, 'hidden_size': 22, 'dropout': 0.10574463863394859, 'hidden_continuous_size': 9, 'attention_head_size': 4, 'learning_rate': 0.005619944868721518}. Best is trial 1 with value: 163.86427307128906.
LOCAL_RANK: 0 - CUDA_VISIBLE_DEVICES: [0]
[I 2023-12-27 11:05:40,548] Trial 38 finished with value: 313.0267639160156 and parameters: {'gradient_clip_val': 0.1704073920372706, 'hidden_size': 19, 'dropout': 0.16746056709947446, 'hidden_continuous_size': 8, 'attention_head_size': 1, 'learning_rate': 0.008205786147747472}. Best is trial 1 with value: 163.86427307128906.
LOCAL_RANK: 0 - CUDA_VISIBLE_DEVICES: [0]
[I 2023-12-27 11:05:41,000] Trial 39 finished with value: 436.0602111816406 and parameters: {'gradient_clip_val': 0.11913203640823196, 'hidden_size': 16, 'dropout': 0.16804116014700304, 'hidden_continuous_size': 7, 'attention_head_size': 1, 'learning_rate': 0.009089978034798777}. Best is trial 1 with value: 163.86427307128906.
LOCAL_RANK: 0 - CUDA_VISIBLE_DEVICES: [0]
[I 2023-12-27 11:05:41,447] Trial 40 finished with value: 470.2937927246094 and parameters: {'gradient_clip_val': 0.2082802569052387, 'hidden_size': 27, 'dropout': 0.19926033681420868, 'hidden_continuous_size': 6, 'attention_head_size': 3, 'learning_rate': 0.008454882350863916}. Best is trial 1 with value: 163.86427307128906.
LOCAL_RANK: 0 - CUDA_VISIBLE_DEVICES: [0]
[I 2023-12-27 11:05:41,889] Trial 41 finished with value: 476.40234375 and parameters: {'gradient_clip_val': 0.1643830045064125, 'hidden_size': 19, 'dropout': 0.13326218771889936, 'hidden_continuous_size': 8, 'attention_head_size': 1, 'learning_rate': 0.004396074484613686}. Best is trial 1 with value: 163.86427307128906.
LOCAL_RANK: 0 - CUDA_VISIBLE_DEVICES: [0]
