[I 2023-12-26 14:25:58,915] Trial 21 finished with value: 59.51504898071289 and parameters: {'gradient_clip_val': 0.23540681424540005, 'hidden_size': 148, 'dropout': 0.3950248656282612, 'hidden_continuous_size': 137, 'attention_head_size': 1, 'learning_rate': 0.020407977341345255}. Best is trial 0 with value: 5.091708660125732.
[I 2023-12-26 14:26:04,423] Trial 22 finished with value: 52.51832580566406 and parameters: {'gradient_clip_val': 0.30077321110472477, 'hidden_size': 90, 'dropout': 0.4699481382136033, 'hidden_continuous_size': 40, 'attention_head_size': 1, 'learning_rate': 0.0436610104791204}. Best is trial 0 with value: 5.091708660125732.
[I 2023-12-26 14:26:14,574] Trial 23 finished with value: 51.5115966796875 and parameters: {'gradient_clip_val': 0.2055137937383364, 'hidden_size': 148, 'dropout': 0.3656186738148766, 'hidden_continuous_size': 137, 'attention_head_size': 1, 'learning_rate': 0.024297293680434588}. Best is trial 0 with value: 5.091708660125732.
[I 2023-12-26 14:26:18,463] Trial 24 finished with value: 50.92971420288086 and parameters: {'gradient_clip_val': 0.2864229524523728, 'hidden_size': 70, 'dropout': 0.4115314840879589, 'hidden_continuous_size': 18, 'attention_head_size': 2, 'learning_rate': 0.07210953114911428}. Best is trial 0 with value: 5.091708660125732.
[I 2023-12-26 14:26:25,397] Trial 25 finished with value: 51.696990966796875 and parameters: {'gradient_clip_val': 0.38323176447787616, 'hidden_size': 107, 'dropout': 0.4693051664164723, 'hidden_continuous_size': 90, 'attention_head_size': 3, 'learning_rate': 0.09712252009867856}. Best is trial 0 with value: 5.091708660125732.
[I 2023-12-26 14:26:29,280] Trial 26 finished with value: 56.0130500793457 and parameters: {'gradient_clip_val': 0.20392245984853574, 'hidden_size': 72, 'dropout': 0.43149747827806784, 'hidden_continuous_size': 14, 'attention_head_size': 2, 'learning_rate': 0.04224362043447686}. Best is trial 0 with value: 5.091708660125732.
[I 2023-12-26 14:26:32,221] Trial 27 finished with value: 39.0528564453125 and parameters: {'gradient_clip_val': 0.14203737554731521, 'hidden_size': 52, 'dropout': 0.39067339056504474, 'hidden_continuous_size': 12, 'attention_head_size': 1, 'learning_rate': 0.059883796501014296}. Best is trial 0 with value: 5.091708660125732.
[I 2023-12-26 14:26:34,967] Trial 28 finished with value: 65.68916320800781 and parameters: {'gradient_clip_val': 0.13367766553321456, 'hidden_size': 48, 'dropout': 0.47087801434396187, 'hidden_continuous_size': 12, 'attention_head_size': 4, 'learning_rate': 0.0655063655198185}. Best is trial 0 with value: 5.091708660125732.
[I 2023-12-26 14:26:37,509] Trial 29 finished with value: 66.82381439208984 and parameters: {'gradient_clip_val': 0.13917245534976855, 'hidden_size': 35, 'dropout': 0.34070091907887556, 'hidden_continuous_size': 13, 'attention_head_size': 2, 'learning_rate': 0.06223084970916825}. Best is trial 0 with value: 5.091708660125732.
[I 2023-12-26 14:26:39,831] Trial 30 finished with value: 52.8998908996582 and parameters: {'gradient_clip_val': 0.11832249323667385, 'hidden_size': 25, 'dropout': 0.4361853216856862, 'hidden_continuous_size': 11, 'attention_head_size': 3, 'learning_rate': 0.039807644987545895}. Best is trial 0 with value: 5.091708660125732.
[I 2023-12-26 14:26:44,357] Trial 31 finished with value: 61.29545593261719 and parameters: {'gradient_clip_val': 0.16479792591993536, 'hidden_size': 82, 'dropout': 0.38554850389239836, 'hidden_continuous_size': 17, 'attention_head_size': 1, 'learning_rate': 0.0293814787853286}. Best is trial 0 with value: 5.091708660125732.
[I 2023-12-26 14:26:50,882] Trial 32 finished with value: 80.11214447021484 and parameters: {'gradient_clip_val': 0.13769159527272518, 'hidden_size': 109, 'dropout': 0.36145781550416356, 'hidden_continuous_size': 31, 'attention_head_size': 1, 'learning_rate': 0.020955122420475463}. Best is trial 0 with value: 5.091708660125732.
[I 2023-12-26 14:26:53,899] Trial 33 finished with value: 55.00041580200195 and parameters: {'gradient_clip_val': 0.1210503152315271, 'hidden_size': 52, 'dropout': 0.411143091932479, 'hidden_continuous_size': 15, 'attention_head_size': 1, 'learning_rate': 0.04364598388854817}. Best is trial 0 with value: 5.091708660125732.
[I 2023-12-26 14:26:57,121] Trial 34 finished with value: 72.8368911743164 and parameters: {'gradient_clip_val': 0.15351044063608896, 'hidden_size': 52, 'dropout': 0.3274171415259335, 'hidden_continuous_size': 19, 'attention_head_size': 1, 'learning_rate': 0.016722672310516055}. Best is trial 0 with value: 5.091708660125732.
[I 2023-12-26 14:26:59,706] Trial 35 finished with value: 54.53910446166992 and parameters: {'gradient_clip_val': 0.2037834941967025, 'hidden_size': 38, 'dropout': 0.4616678948010536, 'hidden_continuous_size': 9, 'attention_head_size': 2, 'learning_rate': 0.02943870224882832}. Best is trial 0 with value: 5.091708660125732.
[I 2023-12-26 14:27:03,995] Trial 36 finished with value: 63.84629440307617 and parameters: {'gradient_clip_val': 0.27826554267374914, 'hidden_size': 77, 'dropout': 0.4962093178082194, 'hidden_continuous_size': 14, 'attention_head_size': 1, 'learning_rate': 0.011090203461720712}. Best is trial 0 with value: 5.091708660125732.
[I 2023-12-26 14:27:11,072] Trial 37 finished with value: 41.56526184082031 and parameters: {'gradient_clip_val': 0.33386855976891233, 'hidden_size': 118, 'dropout': 0.38821500369501927, 'hidden_continuous_size': 22, 'attention_head_size': 4, 'learning_rate': 0.008234227494329602}. Best is trial 0 with value: 5.091708660125732.
[I 2023-12-26 14:27:14,503] Trial 38 finished with value: 65.3752212524414 and parameters: {'gradient_clip_val': 0.3346864778033161, 'hidden_size': 64, 'dropout': 0.4487157924753503, 'hidden_continuous_size': 20, 'attention_head_size': 4, 'learning_rate': 0.007444280731002709}. Best is trial 0 with value: 5.091708660125732.
[I 2023-12-26 14:27:20,750] Trial 39 finished with value: 56.87998580932617 and parameters: {'gradient_clip_val': 0.33693183595383136, 'hidden_size': 107, 'dropout': 0.476423777877331, 'hidden_continuous_size': 8, 'attention_head_size': 4, 'learning_rate': 0.009418894197344409}. Best is trial 0 with value: 5.091708660125732.
[I 2023-12-26 14:27:24,042] Trial 40 finished with value: 64.74919891357422 and parameters: {'gradient_clip_val': 0.2615020369810005, 'hidden_size': 55, 'dropout': 0.40012900149955705, 'hidden_continuous_size': 16, 'attention_head_size': 4, 'learning_rate': 0.005036172275740618}. Best is trial 0 with value: 5.091708660125732.
[I 2023-12-26 14:27:31,352] Trial 41 finished with value: 41.48553466796875 and parameters: {'gradient_clip_val': 0.1767646614450695, 'hidden_size': 122, 'dropout': 0.37556257807196364, 'hidden_continuous_size': 23, 'attention_head_size': 4, 'learning_rate': 0.03486315404313977}. Best is trial 0 with value: 5.091708660125732.
[I 2023-12-26 14:27:38,120] Trial 42 finished with value: 48.68720626831055 and parameters: {'gradient_clip_val': 0.17614161892200206, 'hidden_size': 116, 'dropout': 0.37319940643283994, 'hidden_continuous_size': 23, 'attention_head_size': 4, 'learning_rate': 0.07889832059087222}. Best is trial 0 with value: 5.091708660125732.
[I 2023-12-26 14:27:43,477] Trial 43 finished with value: 63.61592483520508 and parameters: {'gradient_clip_val': 0.1471457723251802, 'hidden_size': 91, 'dropout': 0.422517512049622, 'hidden_continuous_size': 18, 'attention_head_size': 4, 'learning_rate': 0.015273391675792234}. Best is trial 0 with value: 5.091708660125732.
[I 2023-12-26 14:27:47,912] Trial 44 finished with value: 47.00156784057617 and parameters: {'gradient_clip_val': 0.12721321065424324, 'hidden_size': 80, 'dropout': 0.3518160368536838, 'hidden_continuous_size': 17, 'attention_head_size': 4, 'learning_rate': 0.035014705844061134}. Best is trial 0 with value: 5.091708660125732.
[I 2023-12-26 14:27:58,174] Trial 45 finished with value: 57.13505935668945 and parameters: {'gradient_clip_val': 0.1269788414178298, 'hidden_size': 129, 'dropout': 0.3534846105368194, 'hidden_continuous_size': 27, 'attention_head_size': 4, 'learning_rate': 0.027440790046578026}. Best is trial 0 with value: 5.091708660125732.
[I 2023-12-26 14:28:04,583] Trial 46 finished with value: 83.29448699951172 and parameters: {'gradient_clip_val': 0.10003536584025155, 'hidden_size': 85, 'dropout': 0.3005141222740482, 'hidden_continuous_size': 22, 'attention_head_size': 4, 'learning_rate': 0.03425735896261914}. Best is trial 0 with value: 5.091708660125732.
[I 2023-12-26 14:28:11,510] Trial 47 finished with value: 50.05852127075195 and parameters: {'gradient_clip_val': 0.11561982568372119, 'hidden_size': 100, 'dropout': 0.3731019894951586, 'hidden_continuous_size': 17, 'attention_head_size': 4, 'learning_rate': 0.015418830962015809}. Best is trial 0 with value: 5.091708660125732.
[I 2023-12-26 14:28:20,446] Trial 48 finished with value: 57.03044509887695 and parameters: {'gradient_clip_val': 0.17047326594473042, 'hidden_size': 124, 'dropout': 0.33720055643555485, 'hidden_continuous_size': 21, 'attention_head_size': 3, 'learning_rate': 0.02325213825912365}. Best is trial 0 with value: 5.091708660125732.
[I 2023-12-26 14:28:24,734] Trial 49 finished with value: 61.1894645690918 and parameters: {'gradient_clip_val': 0.14615888688804418, 'hidden_size': 69, 'dropout': 0.39177051568659266, 'hidden_continuous_size': 19, 'attention_head_size': 4, 'learning_rate': 0.03311129946216375}. Best is trial 0 with value: 5.091708660125732.
[I 2023-12-26 14:28:24,854] A new study created in memory with name: no-name-70032774-fa68-4076-9330-4be2c105d46a
/home/le004/conda/anaconda3/envs/tsff_env/lib/python3.9/site-packages/lightning/fabric/plugins/environments/slurm.py:191: The `srun` command is available on your system but is not used. HINT: If your intention is to run Lightning on SLURM, prepend your python command with `srun` like so: srun python /home/le004/master_thesis/git/TSFusionForecast/code/ ...
[I 2023-12-26 14:31:31,328] Trial 0 finished with value: 5.963043689727783 and parameters: {'gradient_clip_val': 0.912966362472915, 'hidden_size': 25, 'dropout': 0.4190540072561626, 'hidden_continuous_size': 7, 'attention_head_size': 3, 'learning_rate': 0.008438859843841929}. Best is trial 0 with value: 5.963043689727783.
[I 2023-12-26 14:31:35,827] Trial 1 finished with value: 56.9273681640625 and parameters: {'gradient_clip_val': 0.22381435770428967, 'hidden_size': 76, 'dropout': 0.4905596068923104, 'hidden_continuous_size': 13, 'attention_head_size': 1, 'learning_rate': 0.016941559548165265}. Best is trial 0 with value: 5.963043689727783.
[I 2023-12-26 14:31:38,460] Trial 2 finished with value: 54.60832214355469 and parameters: {'gradient_clip_val': 0.21273837693571251, 'hidden_size': 40, 'dropout': 0.18496978702194405, 'hidden_continuous_size': 10, 'attention_head_size': 3, 'learning_rate': 0.008577746681695314}. Best is trial 0 with value: 5.963043689727783.
[I 2023-12-26 14:31:41,134] Trial 3 finished with value: 66.4202651977539 and parameters: {'gradient_clip_val': 0.12310446697428584, 'hidden_size': 41, 'dropout': 0.25155996870350045, 'hidden_continuous_size': 12, 'attention_head_size': 1, 'learning_rate': 0.008719232597668096}. Best is trial 0 with value: 5.963043689727783.
[I 2023-12-26 14:31:46,835] Trial 4 finished with value: 51.98725509643555 and parameters: {'gradient_clip_val': 0.20987602973386446, 'hidden_size': 94, 'dropout': 0.40571783040446285, 'hidden_continuous_size': 22, 'attention_head_size': 3, 'learning_rate': 0.00778082376408558}. Best is trial 0 with value: 5.963043689727783.
[I 2023-12-26 14:31:48,590] Trial 5 finished with value: 61.84341049194336 and parameters: {'gradient_clip_val': 0.13398322365528093, 'hidden_size': 7, 'dropout': 0.10342867328268884, 'hidden_continuous_size': 7, 'attention_head_size': 2, 'learning_rate': 0.0005861163914064378}. Best is trial 0 with value: 5.963043689727783.
[I 2023-12-26 14:31:50,572] Trial 6 finished with value: 64.08106994628906 and parameters: {'gradient_clip_val': 0.8777596916533305, 'hidden_size': 11, 'dropout': 0.20677337899155243, 'hidden_continuous_size': 6, 'attention_head_size': 2, 'learning_rate': 0.004062082621345664}. Best is trial 0 with value: 5.963043689727783.
[I 2023-12-26 14:31:52,297] Trial 7 finished with value: 55.09746170043945 and parameters: {'gradient_clip_val': 0.23345711295425506, 'hidden_size': 5, 'dropout': 0.49476438428937575, 'hidden_continuous_size': 5, 'attention_head_size': 3, 'learning_rate': 0.0010964368027356704}. Best is trial 0 with value: 5.963043689727783.
[I 2023-12-26 14:31:54,612] Trial 8 finished with value: 61.484527587890625 and parameters: {'gradient_clip_val': 0.64087415345665, 'hidden_size': 25, 'dropout': 0.4144028657262083, 'hidden_continuous_size': 18, 'attention_head_size': 2, 'learning_rate': 0.07783315653514791}. Best is trial 0 with value: 5.963043689727783.
[I 2023-12-26 14:31:56,474] Trial 9 finished with value: 56.613311767578125 and parameters: {'gradient_clip_val': 0.2581980313277786, 'hidden_size': 8, 'dropout': 0.3490557044519008, 'hidden_continuous_size': 5, 'attention_head_size': 4, 'learning_rate': 0.045022111013748714}. Best is trial 0 with value: 5.963043689727783.
[I 2023-12-26 14:31:58,635] Trial 10 finished with value: 40.605873107910156 and parameters: {'gradient_clip_val': 0.47451152234067956, 'hidden_size': 19, 'dropout': 0.3308541521928883, 'hidden_continuous_size': 8, 'attention_head_size': 4, 'learning_rate': 0.0022824511200694817}. Best is trial 0 with value: 5.963043689727783.
[I 2023-12-26 14:32:00,603] Trial 11 finished with value: 67.8292007446289 and parameters: {'gradient_clip_val': 0.5164468470590722, 'hidden_size': 16, 'dropout': 0.32072008626095694, 'hidden_continuous_size': 8, 'attention_head_size': 4, 'learning_rate': 0.002540111846178824}. Best is trial 0 with value: 5.963043689727783.
[I 2023-12-26 14:32:02,731] Trial 12 finished with value: 52.468509674072266 and parameters: {'gradient_clip_val': 0.4319699313215502, 'hidden_size': 18, 'dropout': 0.3477900389582235, 'hidden_continuous_size': 7, 'attention_head_size': 4, 'learning_rate': 0.002224769985355854}. Best is trial 0 with value: 5.963043689727783.
[I 2023-12-26 14:32:05,460] Trial 13 finished with value: 37.43471908569336 and parameters: {'gradient_clip_val': 0.9847907444379496, 'hidden_size': 29, 'dropout': 0.4086164422971895, 'hidden_continuous_size': 9, 'attention_head_size': 4, 'learning_rate': 0.017847472401941778}. Best is trial 0 with value: 5.963043689727783.
[I 2023-12-26 14:32:08,202] Trial 14 finished with value: 44.7347526550293 and parameters: {'gradient_clip_val': 0.9122879583409474, 'hidden_size': 40, 'dropout': 0.4176918491833662, 'hidden_continuous_size': 37, 'attention_head_size': 3, 'learning_rate': 0.020180710166310366}. Best is trial 0 with value: 5.963043689727783.
[I 2023-12-26 14:32:11,678] Trial 15 finished with value: 70.2696304321289 and parameters: {'gradient_clip_val': 0.9752662446781912, 'hidden_size': 58, 'dropout': 0.4425369383631927, 'hidden_continuous_size': 10, 'attention_head_size': 4, 'learning_rate': 0.023256003083776938}. Best is trial 0 with value: 5.963043689727783.
[I 2023-12-26 14:32:19,584] Trial 16 finished with value: 44.95390701293945 and parameters: {'gradient_clip_val': 0.7021592116195478, 'hidden_size': 119, 'dropout': 0.3795962560259559, 'hidden_continuous_size': 98, 'attention_head_size': 3, 'learning_rate': 0.013671249689757737}. Best is trial 0 with value: 5.963043689727783.
[I 2023-12-26 14:32:21,977] Trial 17 finished with value: 50.549285888671875 and parameters: {'gradient_clip_val': 0.7204560271636553, 'hidden_size': 28, 'dropout': 0.46175261789974237, 'hidden_continuous_size': 6, 'attention_head_size': 4, 'learning_rate': 0.03602441826115335}. Best is trial 0 with value: 5.963043689727783.
[I 2023-12-26 14:32:24,043] Trial 18 finished with value: 65.41116333007812 and parameters: {'gradient_clip_val': 0.34838605738642603, 'hidden_size': 13, 'dropout': 0.3755519837496715, 'hidden_continuous_size': 6, 'attention_head_size': 3, 'learning_rate': 0.00459215897388628}. Best is trial 0 with value: 5.963043689727783.
[I 2023-12-26 14:32:26,361] Trial 19 finished with value: 59.08589553833008 and parameters: {'gradient_clip_val': 0.9995480130298489, 'hidden_size': 26, 'dropout': 0.29442587697529204, 'hidden_continuous_size': 9, 'attention_head_size': 2, 'learning_rate': 0.013148059144281583}. Best is trial 0 with value: 5.963043689727783.
[I 2023-12-26 14:32:29,703] Trial 20 finished with value: 60.598087310791016 and parameters: {'gradient_clip_val': 0.5581646216667137, 'hidden_size': 58, 'dropout': 0.44800261197444535, 'hidden_continuous_size': 5, 'attention_head_size': 4, 'learning_rate': 0.09608510121999761}. Best is trial 0 with value: 5.963043689727783.
[I 2023-12-26 14:32:31,864] Trial 21 finished with value: 48.74775314331055 and parameters: {'gradient_clip_val': 0.7637575075758014, 'hidden_size': 19, 'dropout': 0.3727468552374155, 'hidden_continuous_size': 8, 'attention_head_size': 4, 'learning_rate': 0.004916789254750487}. Best is trial 0 with value: 5.963043689727783.
[I 2023-12-26 14:32:34,128] Trial 22 finished with value: 54.70266342163086 and parameters: {'gradient_clip_val': 0.5658448976309164, 'hidden_size': 22, 'dropout': 0.31017764035238066, 'hidden_continuous_size': 8, 'attention_head_size': 4, 'learning_rate': 0.0019525333677035486}. Best is trial 0 with value: 5.963043689727783.
[I 2023-12-26 14:32:36,602] Trial 23 finished with value: 52.89216995239258 and parameters: {'gradient_clip_val': 0.818819518754259, 'hidden_size': 30, 'dropout': 0.40451335367544905, 'hidden_continuous_size': 7, 'attention_head_size': 3, 'learning_rate': 0.011360186646621258}. Best is trial 0 with value: 5.963043689727783.
[I 2023-12-26 14:32:38,936] Trial 24 finished with value: 42.85198974609375 and parameters: {'gradient_clip_val': 0.4552610773653498, 'hidden_size': 13, 'dropout': 0.44821638948929854, 'hidden_continuous_size': 7, 'attention_head_size': 4, 'learning_rate': 0.0056252414726555185}. Best is trial 0 with value: 5.963043689727783.
[I 2023-12-26 14:32:41,029] Trial 25 finished with value: 42.222503662109375 and parameters: {'gradient_clip_val': 0.6622115836174147, 'hidden_size': 17, 'dropout': 0.33898015993165764, 'hidden_continuous_size': 6, 'attention_head_size': 3, 'learning_rate': 0.0032931612177925654}. Best is trial 0 with value: 5.963043689727783.
[I 2023-12-26 14:32:43,532] Trial 26 finished with value: 59.3386344909668 and parameters: {'gradient_clip_val': 0.8218744456742965, 'hidden_size': 33, 'dropout': 0.28695563309914063, 'hidden_continuous_size': 9, 'attention_head_size': 4, 'learning_rate': 0.006564893147205817}. Best is trial 0 with value: 5.963043689727783.
[I 2023-12-26 14:32:45,769] Trial 27 finished with value: 70.55511474609375 and parameters: {'gradient_clip_val': 0.9950354963054322, 'hidden_size': 21, 'dropout': 0.38509046334401487, 'hidden_continuous_size': 8, 'attention_head_size': 4, 'learning_rate': 0.02868330879299095}. Best is trial 0 with value: 5.963043689727783.
[I 2023-12-26 14:32:48,006] Trial 28 finished with value: 66.11779022216797 and parameters: {'gradient_clip_val': 0.6519797976356649, 'hidden_size': 22, 'dropout': 0.4249999405790136, 'hidden_continuous_size': 9, 'attention_head_size': 3, 'learning_rate': 0.00933842212495953}. Best is trial 0 with value: 5.963043689727783.
[I 2023-12-26 14:32:50,332] Trial 29 finished with value: 53.70048904418945 and parameters: {'gradient_clip_val': 0.7882638484227565, 'hidden_size': 32, 'dropout': 0.4832833040236217, 'hidden_continuous_size': 11, 'attention_head_size': 1, 'learning_rate': 0.01884758448321757}. Best is trial 0 with value: 5.963043689727783.
[I 2023-12-26 14:32:53,321] Trial 30 finished with value: 60.98508834838867 and parameters: {'gradient_clip_val': 0.3981849280477873, 'hidden_size': 50, 'dropout': 0.4701570489027173, 'hidden_continuous_size': 14, 'attention_head_size': 2, 'learning_rate': 0.0031757335293559966}. Best is trial 0 with value: 5.963043689727783.
[I 2023-12-26 14:32:55,263] Trial 31 finished with value: 43.1995964050293 and parameters: {'gradient_clip_val': 0.6290016995427605, 'hidden_size': 16, 'dropout': 0.35558537818112446, 'hidden_continuous_size': 6, 'attention_head_size': 3, 'learning_rate': 0.0034107438026807872}. Best is trial 0 with value: 5.963043689727783.
[I 2023-12-26 14:32:57,551] Trial 32 finished with value: 50.8690071105957 and parameters: {'gradient_clip_val': 0.7243550833986013, 'hidden_size': 25, 'dropout': 0.32691840020306373, 'hidden_continuous_size': 6, 'attention_head_size': 3, 'learning_rate': 0.006717197729584269}. Best is trial 0 with value: 5.963043689727783.
[I 2023-12-26 14:33:00,072] Trial 33 finished with value: 45.03877258300781 and parameters: {'gradient_clip_val': 0.8357197564684129, 'hidden_size': 36, 'dropout': 0.3336053019215829, 'hidden_continuous_size': 5, 'attention_head_size': 3, 'learning_rate': 0.0017197242549866654}. Best is trial 0 with value: 5.963043689727783.
[I 2023-12-26 14:33:02,184] Trial 34 finished with value: 49.19236373901367 and parameters: {'gradient_clip_val': 0.509172678583071, 'hidden_size': 18, 'dropout': 0.3946366633766975, 'hidden_continuous_size': 7, 'attention_head_size': 3, 'learning_rate': 0.009246036179911701}. Best is trial 0 with value: 5.963043689727783.
[I 2023-12-26 14:33:05,120] Trial 35 finished with value: 53.23556900024414 and parameters: {'gradient_clip_val': 0.6343611088191521, 'hidden_size': 45, 'dropout': 0.27303724468027685, 'hidden_continuous_size': 12, 'attention_head_size': 4, 'learning_rate': 0.014699949688730065}. Best is trial 0 with value: 5.963043689727783.
