[I 2023-12-26 13:58:29,182] Trial 7 finished with value: 200.80528259277344 and parameters: {'gradient_clip_val': 0.12866276698915602, 'hidden_size': 24, 'dropout': 0.4042272887077909, 'hidden_continuous_size': 21, 'attention_head_size': 4, 'learning_rate': 0.03137938052475614}. Best is trial 0 with value: 56.31402587890625.
[I 2023-12-26 13:58:31,235] Trial 8 finished with value: 245.7108612060547 and parameters: {'gradient_clip_val': 0.4011573082163472, 'hidden_size': 11, 'dropout': 0.2720709557446415, 'hidden_continuous_size': 10, 'attention_head_size': 2, 'learning_rate': 0.016609528961663594}. Best is trial 0 with value: 56.31402587890625.
[I 2023-12-26 13:58:33,017] Trial 9 finished with value: 252.91534423828125 and parameters: {'gradient_clip_val': 0.10603558565517077, 'hidden_size': 5, 'dropout': 0.22772885242781832, 'hidden_continuous_size': 5, 'attention_head_size': 3, 'learning_rate': 0.002278315263207649}. Best is trial 0 with value: 56.31402587890625.
[I 2023-12-26 13:58:35,195] Trial 10 finished with value: 377.67626953125 and parameters: {'gradient_clip_val': 0.2119472213070541, 'hidden_size': 8, 'dropout': 0.482871059581384, 'hidden_continuous_size': 5, 'attention_head_size': 4, 'learning_rate': 0.06256832079442742}. Best is trial 0 with value: 56.31402587890625.
[I 2023-12-26 13:58:37,880] Trial 11 finished with value: 247.1487579345703 and parameters: {'gradient_clip_val': 0.15397843618661305, 'hidden_size': 35, 'dropout': 0.38369897786725665, 'hidden_continuous_size': 8, 'attention_head_size': 4, 'learning_rate': 0.03533491843736258}. Best is trial 0 with value: 56.31402587890625.
[I 2023-12-26 13:58:40,005] Trial 12 finished with value: 335.0392761230469 and parameters: {'gradient_clip_val': 0.14856643784926943, 'hidden_size': 13, 'dropout': 0.4856367991692258, 'hidden_continuous_size': 6, 'attention_head_size': 3, 'learning_rate': 0.09078455505435795}. Best is trial 0 with value: 56.31402587890625.
[I 2023-12-26 13:58:42,016] Trial 13 finished with value: 279.4183044433594 and parameters: {'gradient_clip_val': 0.2167956576736066, 'hidden_size': 7, 'dropout': 0.3636541994300748, 'hidden_continuous_size': 5, 'attention_head_size': 4, 'learning_rate': 0.020047439302459176}. Best is trial 0 with value: 56.31402587890625.
[I 2023-12-26 13:58:44,173] Trial 14 finished with value: 201.4734344482422 and parameters: {'gradient_clip_val': 0.1327920158930735, 'hidden_size': 18, 'dropout': 0.42355396056886124, 'hidden_continuous_size': 8, 'attention_head_size': 3, 'learning_rate': 0.036493537743075746}. Best is trial 0 with value: 56.31402587890625.
[I 2023-12-26 13:58:47,008] Trial 15 finished with value: 304.205078125 and parameters: {'gradient_clip_val': 0.18687790584485983, 'hidden_size': 34, 'dropout': 0.33755690468237703, 'hidden_continuous_size': 14, 'attention_head_size': 4, 'learning_rate': 0.019608444475192815}. Best is trial 0 with value: 56.31402587890625.
[I 2023-12-26 13:58:49,075] Trial 16 finished with value: 296.5614929199219 and parameters: {'gradient_clip_val': 0.3058182378052225, 'hidden_size': 10, 'dropout': 0.41286716313390814, 'hidden_continuous_size': 6, 'attention_head_size': 3, 'learning_rate': 0.0504959796863989}. Best is trial 0 with value: 56.31402587890625.
[I 2023-12-26 13:58:51,329] Trial 17 finished with value: 271.3910827636719 and parameters: {'gradient_clip_val': 0.1188881639424254, 'hidden_size': 15, 'dropout': 0.4504581114394653, 'hidden_continuous_size': 7, 'attention_head_size': 4, 'learning_rate': 0.0996678510612386}. Best is trial 0 with value: 56.31402587890625.
[I 2023-12-26 13:58:53,127] Trial 18 finished with value: 284.0030517578125 and parameters: {'gradient_clip_val': 0.1298547002936482, 'hidden_size': 5, 'dropout': 0.3380804694693004, 'hidden_continuous_size': 5, 'attention_head_size': 3, 'learning_rate': 0.01337913580381514}. Best is trial 0 with value: 56.31402587890625.
[I 2023-12-26 13:58:55,613] Trial 19 finished with value: 280.2709655761719 and parameters: {'gradient_clip_val': 0.10027879618127601, 'hidden_size': 27, 'dropout': 0.49549480997312156, 'hidden_continuous_size': 12, 'attention_head_size': 1, 'learning_rate': 0.032653057558781694}. Best is trial 0 with value: 56.31402587890625.
[I 2023-12-26 13:58:57,680] Trial 20 finished with value: 263.0771179199219 and parameters: {'gradient_clip_val': 0.1732166486137515, 'hidden_size': 9, 'dropout': 0.3913041890491561, 'hidden_continuous_size': 6, 'attention_head_size': 4, 'learning_rate': 0.005828033258500641}. Best is trial 0 with value: 56.31402587890625.
[I 2023-12-26 13:58:59,849] Trial 21 finished with value: 239.40235900878906 and parameters: {'gradient_clip_val': 0.13048347105753796, 'hidden_size': 18, 'dropout': 0.44056931403618815, 'hidden_continuous_size': 8, 'attention_head_size': 3, 'learning_rate': 0.03472186493373173}. Best is trial 0 with value: 56.31402587890625.
[I 2023-12-26 13:59:02,263] Trial 22 finished with value: 270.1416015625 and parameters: {'gradient_clip_val': 0.13389775585768973, 'hidden_size': 17, 'dropout': 0.420462929554688, 'hidden_continuous_size': 9, 'attention_head_size': 3, 'learning_rate': 0.029364857613357175}. Best is trial 0 with value: 56.31402587890625.
[I 2023-12-26 13:59:04,354] Trial 23 finished with value: 276.6905212402344 and parameters: {'gradient_clip_val': 0.17727182892694943, 'hidden_size': 12, 'dropout': 0.4509268304945361, 'hidden_continuous_size': 7, 'attention_head_size': 3, 'learning_rate': 0.04855486184423695}. Best is trial 0 with value: 56.31402587890625.
[I 2023-12-26 13:59:06,570] Trial 24 finished with value: 229.13392639160156 and parameters: {'gradient_clip_val': 0.13175613428080588, 'hidden_size': 19, 'dropout': 0.39896777697610497, 'hidden_continuous_size': 7, 'attention_head_size': 3, 'learning_rate': 0.02320497687031581}. Best is trial 0 with value: 56.31402587890625.
[I 2023-12-26 13:59:09,068] Trial 25 finished with value: 167.13282775878906 and parameters: {'gradient_clip_val': 0.24832440228296182, 'hidden_size': 26, 'dropout': 0.3565851881815652, 'hidden_continuous_size': 10, 'attention_head_size': 4, 'learning_rate': 0.013033416780950208}. Best is trial 0 with value: 56.31402587890625.
[I 2023-12-26 13:59:11,648] Trial 26 finished with value: 223.75315856933594 and parameters: {'gradient_clip_val': 0.26746393201406526, 'hidden_size': 27, 'dropout': 0.3515281774081616, 'hidden_continuous_size': 12, 'attention_head_size': 4, 'learning_rate': 0.012583226508612733}. Best is trial 0 with value: 56.31402587890625.
[I 2023-12-26 13:59:14,991] Trial 27 finished with value: 290.7293395996094 and parameters: {'gradient_clip_val': 0.23446431696076683, 'hidden_size': 48, 'dropout': 0.38037351241357636, 'hidden_continuous_size': 18, 'attention_head_size': 4, 'learning_rate': 0.015064009182881219}. Best is trial 0 with value: 56.31402587890625.
[I 2023-12-26 13:59:17,172] Trial 28 finished with value: 193.37188720703125 and parameters: {'gradient_clip_val': 0.183251822871402, 'hidden_size': 13, 'dropout': 0.3280920949032188, 'hidden_continuous_size': 9, 'attention_head_size': 4, 'learning_rate': 0.022453539981155284}. Best is trial 0 with value: 56.31402587890625.
[I 2023-12-26 13:59:19,329] Trial 29 finished with value: 281.1045227050781 and parameters: {'gradient_clip_val': 0.3468745357645262, 'hidden_size': 13, 'dropout': 0.3220766926385885, 'hidden_continuous_size': 9, 'attention_head_size': 4, 'learning_rate': 0.009259379811491037}. Best is trial 0 with value: 56.31402587890625.
[I 2023-12-26 13:59:21,340] Trial 30 finished with value: 249.36663818359375 and parameters: {'gradient_clip_val': 0.189954507131121, 'hidden_size': 7, 'dropout': 0.3576832025723664, 'hidden_continuous_size': 5, 'attention_head_size': 4, 'learning_rate': 0.01108357210077184}. Best is trial 0 with value: 56.31402587890625.
[I 2023-12-26 13:59:23,445] Trial 31 finished with value: 292.3174743652344 and parameters: {'gradient_clip_val': 0.19530139329795043, 'hidden_size': 11, 'dropout': 0.32675988381936205, 'hidden_continuous_size': 6, 'attention_head_size': 4, 'learning_rate': 0.024015168205956526}. Best is trial 0 with value: 56.31402587890625.
[I 2023-12-26 13:59:25,828] Trial 32 finished with value: 277.0033874511719 and parameters: {'gradient_clip_val': 0.25077171224953143, 'hidden_size': 22, 'dropout': 0.37528224894930895, 'hidden_continuous_size': 11, 'attention_head_size': 4, 'learning_rate': 0.017069360443801123}. Best is trial 0 with value: 56.31402587890625.
[I 2023-12-26 13:59:27,869] Trial 33 finished with value: 285.0107116699219 and parameters: {'gradient_clip_val': 0.16380101201613034, 'hidden_size': 16, 'dropout': 0.3948082126691159, 'hidden_continuous_size': 10, 'attention_head_size': 4, 'learning_rate': 0.0076377502131879296}. Best is trial 0 with value: 56.31402587890625.
[I 2023-12-26 13:59:30,180] Trial 34 finished with value: 251.0374755859375 and parameters: {'gradient_clip_val': 0.2454544964955957, 'hidden_size': 13, 'dropout': 0.35145306787655, 'hidden_continuous_size': 7, 'attention_head_size': 1, 'learning_rate': 0.025291877229491777}. Best is trial 0 with value: 56.31402587890625.
[I 2023-12-26 13:59:32,578] Trial 35 finished with value: 277.8989562988281 and parameters: {'gradient_clip_val': 0.20097138298084444, 'hidden_size': 21, 'dropout': 0.36345490402306474, 'hidden_continuous_size': 14, 'attention_head_size': 4, 'learning_rate': 0.011545949269337042}. Best is trial 0 with value: 56.31402587890625.
[I 2023-12-26 13:59:34,875] Trial 36 finished with value: 180.64208984375 and parameters: {'gradient_clip_val': 0.292844081211935, 'hidden_size': 24, 'dropout': 0.31052037349126194, 'hidden_continuous_size': 9, 'attention_head_size': 3, 'learning_rate': 0.005900556196381828}. Best is trial 0 with value: 56.31402587890625.
[I 2023-12-26 13:59:37,334] Trial 37 finished with value: 155.30198669433594 and parameters: {'gradient_clip_val': 0.3049896809010771, 'hidden_size': 32, 'dropout': 0.2998391763092245, 'hidden_continuous_size': 9, 'attention_head_size': 2, 'learning_rate': 0.00528343995134515}. Best is trial 0 with value: 56.31402587890625.
[I 2023-12-26 13:59:40,712] Trial 38 finished with value: 228.302978515625 and parameters: {'gradient_clip_val': 0.2871316871773831, 'hidden_size': 52, 'dropout': 0.29377658307400134, 'hidden_continuous_size': 11, 'attention_head_size': 2, 'learning_rate': 0.005062033965123397}. Best is trial 0 with value: 56.31402587890625.
[I 2023-12-26 13:59:43,179] Trial 39 finished with value: 229.8114471435547 and parameters: {'gradient_clip_val': 0.3470226926937429, 'hidden_size': 32, 'dropout': 0.26492590665336896, 'hidden_continuous_size': 10, 'attention_head_size': 2, 'learning_rate': 0.006563654170941597}. Best is trial 0 with value: 56.31402587890625.
[I 2023-12-26 13:59:47,369] Trial 40 finished with value: 336.2812194824219 and parameters: {'gradient_clip_val': 0.42757794309892716, 'hidden_size': 61, 'dropout': 0.3090914230585593, 'hidden_continuous_size': 15, 'attention_head_size': 2, 'learning_rate': 0.003957048907150806}. Best is trial 0 with value: 56.31402587890625.
[I 2023-12-26 13:59:49,620] Trial 41 finished with value: 255.90679931640625 and parameters: {'gradient_clip_val': 0.2681529560033082, 'hidden_size': 24, 'dropout': 0.3046869803763925, 'hidden_continuous_size': 9, 'attention_head_size': 2, 'learning_rate': 0.008620549186841048}. Best is trial 0 with value: 56.31402587890625.
[I 2023-12-26 13:59:52,289] Trial 42 finished with value: 265.97216796875 and parameters: {'gradient_clip_val': 0.2291586989340726, 'hidden_size': 30, 'dropout': 0.2815396020369065, 'hidden_continuous_size': 9, 'attention_head_size': 3, 'learning_rate': 0.010320853555015696}. Best is trial 0 with value: 56.31402587890625.
[I 2023-12-26 13:59:54,531] Trial 43 finished with value: 206.29869079589844 and parameters: {'gradient_clip_val': 0.3018641417991647, 'hidden_size': 22, 'dropout': 0.2572001470537236, 'hidden_continuous_size': 8, 'attention_head_size': 1, 'learning_rate': 0.006929392565023314}. Best is trial 0 with value: 56.31402587890625.
[I 2023-12-26 13:59:57,647] Trial 44 finished with value: 234.7064971923828 and parameters: {'gradient_clip_val': 0.2245165956903375, 'hidden_size': 39, 'dropout': 0.3196404450241503, 'hidden_continuous_size': 11, 'attention_head_size': 2, 'learning_rate': 0.015771599036079477}. Best is trial 0 with value: 56.31402587890625.
[I 2023-12-26 14:00:00,422] Trial 45 finished with value: 177.0684356689453 and parameters: {'gradient_clip_val': 0.21097927037809786, 'hidden_size': 27, 'dropout': 0.2906884958290694, 'hidden_continuous_size': 10, 'attention_head_size': 3, 'learning_rate': 0.002461674355755563}. Best is trial 0 with value: 56.31402587890625.
[I 2023-12-26 14:00:03,225] Trial 46 finished with value: 253.57460021972656 and parameters: {'gradient_clip_val': 0.2068328054085979, 'hidden_size': 38, 'dropout': 0.23323756017815428, 'hidden_continuous_size': 12, 'attention_head_size': 3, 'learning_rate': 0.0015355531850492147}. Best is trial 0 with value: 56.31402587890625.
[I 2023-12-26 14:00:05,803] Trial 47 finished with value: 228.4916229248047 and parameters: {'gradient_clip_val': 0.2568008742426917, 'hidden_size': 28, 'dropout': 0.30789145189967265, 'hidden_continuous_size': 10, 'attention_head_size': 3, 'learning_rate': 0.002904471859258314}. Best is trial 0 with value: 56.31402587890625.
[I 2023-12-26 14:00:08,732] Trial 48 finished with value: 309.0650634765625 and parameters: {'gradient_clip_val': 0.328588453356284, 'hidden_size': 41, 'dropout': 0.2867346537875103, 'hidden_continuous_size': 8, 'attention_head_size': 2, 'learning_rate': 0.004902743998714565}. Best is trial 0 with value: 56.31402587890625.
[I 2023-12-26 14:00:11,165] Trial 49 finished with value: 200.1942596435547 and parameters: {'gradient_clip_val': 0.28225882241882444, 'hidden_size': 25, 'dropout': 0.34677126613874093, 'hidden_continuous_size': 10, 'attention_head_size': 3, 'learning_rate': 0.0035452478732310067}. Best is trial 0 with value: 56.31402587890625.
[I 2023-12-26 14:00:11,304] A new study created in memory with name: no-name-8c9d0659-5c2c-416c-8950-fad661e9c7ca
/home/le004/conda/anaconda3/envs/tsff_env/lib/python3.9/site-packages/lightning/fabric/plugins/environments/slurm.py:191: The `srun` command is available on your system but is not used. HINT: If your intention is to run Lightning on SLURM, prepend your python command with `srun` like so: srun python /home/le004/master_thesis/git/TSFusionForecast/code/ ...
[I 2023-12-26 14:03:48,744] Trial 0 finished with value: 103.2793197631836 and parameters: {'gradient_clip_val': 0.10382719836143833, 'hidden_size': 26, 'dropout': 0.16303179088214428, 'hidden_continuous_size': 14, 'attention_head_size': 4, 'learning_rate': 0.004609775465835606}. Best is trial 0 with value: 103.2793197631836.
[I 2023-12-26 14:03:53,753] Trial 1 finished with value: 412.571533203125 and parameters: {'gradient_clip_val': 0.13923767329708908, 'hidden_size': 58, 'dropout': 0.20453860020316905, 'hidden_continuous_size': 58, 'attention_head_size': 3, 'learning_rate': 0.003620330748259369}. Best is trial 0 with value: 103.2793197631836.
[I 2023-12-26 14:03:58,350] Trial 2 finished with value: 315.5276184082031 and parameters: {'gradient_clip_val': 0.7518953354828688, 'hidden_size': 54, 'dropout': 0.24654943106317556, 'hidden_continuous_size': 8, 'attention_head_size': 4, 'learning_rate': 0.030790018451732595}. Best is trial 0 with value: 103.2793197631836.
[I 2023-12-26 14:04:00,582] Trial 3 finished with value: 449.1033630371094 and parameters: {'gradient_clip_val': 0.27158986282893494, 'hidden_size': 7, 'dropout': 0.21376904359121665, 'hidden_continuous_size': 6, 'attention_head_size': 4, 'learning_rate': 0.002050571471110471}. Best is trial 0 with value: 103.2793197631836.
[I 2023-12-26 14:04:02,901] Trial 4 finished with value: 391.467529296875 and parameters: {'gradient_clip_val': 0.2855761174837899, 'hidden_size': 8, 'dropout': 0.4087679484869081, 'hidden_continuous_size': 7, 'attention_head_size': 3, 'learning_rate': 0.006008600854431991}. Best is trial 0 with value: 103.2793197631836.
[I 2023-12-26 14:04:12,187] Trial 5 finished with value: 428.720947265625 and parameters: {'gradient_clip_val': 0.11501946645046572, 'hidden_size': 109, 'dropout': 0.4991050940857079, 'hidden_continuous_size': 38, 'attention_head_size': 3, 'learning_rate': 0.03402822513224406}. Best is trial 0 with value: 103.2793197631836.
[I 2023-12-26 14:04:14,990] Trial 6 finished with value: 397.155517578125 and parameters: {'gradient_clip_val': 0.7457025243615469, 'hidden_size': 19, 'dropout': 0.1483274809418656, 'hidden_continuous_size': 11, 'attention_head_size': 3, 'learning_rate': 0.0011619672588121263}. Best is trial 0 with value: 103.2793197631836.
[I 2023-12-26 14:04:17,481] Trial 7 finished with value: 289.3315734863281 and parameters: {'gradient_clip_val': 0.5811849040606965, 'hidden_size': 14, 'dropout': 0.22338094875809777, 'hidden_continuous_size': 11, 'attention_head_size': 4, 'learning_rate': 0.010423376497334862}. Best is trial 0 with value: 103.2793197631836.
[I 2023-12-26 14:04:22,765] Trial 8 finished with value: 399.9922790527344 and parameters: {'gradient_clip_val': 0.15911745137854819, 'hidden_size': 87, 'dropout': 0.11319271469051798, 'hidden_continuous_size': 25, 'attention_head_size': 2, 'learning_rate': 0.0021270058730019138}. Best is trial 0 with value: 103.2793197631836.
[I 2023-12-26 14:04:24,483] Trial 9 finished with value: 330.5824890136719 and parameters: {'gradient_clip_val': 0.234607393247354, 'hidden_size': 8, 'dropout': 0.4015307244141163, 'hidden_continuous_size': 8, 'attention_head_size': 2, 'learning_rate': 0.0005704735820750084}. Best is trial 0 with value: 103.2793197631836.
[I 2023-12-26 14:04:27,247] Trial 10 finished with value: 304.6837463378906 and parameters: {'gradient_clip_val': 0.10243373768051026, 'hidden_size': 40, 'dropout': 0.11747322750746084, 'hidden_continuous_size': 16, 'attention_head_size': 1, 'learning_rate': 0.0154931574503586}. Best is trial 0 with value: 103.2793197631836.
[I 2023-12-26 14:04:29,442] Trial 11 finished with value: 306.9338684082031 and parameters: {'gradient_clip_val': 0.4917911213382302, 'hidden_size': 19, 'dropout': 0.275751731618035, 'hidden_continuous_size': 11, 'attention_head_size': 4, 'learning_rate': 0.012049539453342487}. Best is trial 0 with value: 103.2793197631836.
[I 2023-12-26 14:04:31,657] Trial 12 finished with value: 375.856201171875 and parameters: {'gradient_clip_val': 0.46157333048186533, 'hidden_size': 24, 'dropout': 0.1722207020430877, 'hidden_continuous_size': 5, 'attention_head_size': 4, 'learning_rate': 0.09800398646138851}. Best is trial 0 with value: 103.2793197631836.
[I 2023-12-26 14:04:33,731] Trial 13 finished with value: 345.5491638183594 and parameters: {'gradient_clip_val': 0.19938803662060983, 'hidden_size': 13, 'dropout': 0.1876545646775001, 'hidden_continuous_size': 5, 'attention_head_size': 4, 'learning_rate': 0.007081382233964076}. Best is trial 0 with value: 103.2793197631836.
[I 2023-12-26 14:04:35,521] Trial 14 finished with value: 394.7238464355469 and parameters: {'gradient_clip_val': 0.38363687025835425, 'hidden_size': 5, 'dropout': 0.2500758378060027, 'hidden_continuous_size': 5, 'attention_head_size': 4, 'learning_rate': 0.005660750637608417}. Best is trial 0 with value: 103.2793197631836.
[I 2023-12-26 14:04:38,012] Trial 15 finished with value: 379.4637756347656 and parameters: {'gradient_clip_val': 0.18345518567608954, 'hidden_size': 33, 'dropout': 0.31905380116720466, 'hidden_continuous_size': 15, 'attention_head_size': 1, 'learning_rate': 0.01197023160153278}. Best is trial 0 with value: 103.2793197631836.
[I 2023-12-26 14:04:40,091] Trial 16 finished with value: 304.3829650878906 and parameters: {'gradient_clip_val': 0.3363375495116211, 'hidden_size': 14, 'dropout': 0.15168443200404058, 'hidden_continuous_size': 9, 'attention_head_size': 2, 'learning_rate': 0.0034304880239964175}. Best is trial 0 with value: 103.2793197631836.
[I 2023-12-26 14:04:42,579] Trial 17 finished with value: 211.2875518798828 and parameters: {'gradient_clip_val': 0.5635976701866795, 'hidden_size': 29, 'dropout': 0.22245538820987207, 'hidden_continuous_size': 14, 'attention_head_size': 3, 'learning_rate': 0.009147904774522913}. Best is trial 0 with value: 103.2793197631836.
[I 2023-12-26 14:04:45,131] Trial 18 finished with value: 445.4866638183594 and parameters: {'gradient_clip_val': 0.13315900149719367, 'hidden_size': 33, 'dropout': 0.16503569046559396, 'hidden_continuous_size': 15, 'attention_head_size': 3, 'learning_rate': 0.0034115495047541697}. Best is trial 0 with value: 103.2793197631836.
[I 2023-12-26 14:04:48,231] Trial 19 finished with value: 390.8851318359375 and parameters: {'gradient_clip_val': 0.9890064372172217, 'hidden_size': 50, 'dropout': 0.1072111319420491, 'hidden_continuous_size': 20, 'attention_head_size': 3, 'learning_rate': 0.020090569067057723}. Best is trial 0 with value: 103.2793197631836.
[I 2023-12-26 14:04:57,555] Trial 20 finished with value: 254.086181640625 and parameters: {'gradient_clip_val': 0.10102904438820108, 'hidden_size': 144, 'dropout': 0.29754008936248083, 'hidden_continuous_size': 103, 'attention_head_size': 2, 'learning_rate': 0.00828618962579183}. Best is trial 0 with value: 103.2793197631836.
[I 2023-12-26 14:05:07,430] Trial 21 finished with value: 374.9360656738281 and parameters: {'gradient_clip_val': 0.11011820962648912, 'hidden_size': 137, 'dropout': 0.2842311622574414, 'hidden_continuous_size': 129, 'attention_head_size': 2, 'learning_rate': 0.0050443892013859425}. Best is trial 0 with value: 103.2793197631836.
