[I 2023-12-26 13:44:15,553] Trial 43 finished with value: 97.321533203125 and parameters: {'gradient_clip_val': 0.34745622614283095, 'hidden_size': 75, 'dropout': 0.4535783981685135, 'hidden_continuous_size': 31, 'attention_head_size': 4, 'learning_rate': 0.038531735837263846}. Best is trial 0 with value: 28.56862449645996.
[I 2023-12-26 13:44:24,535] Trial 44 finished with value: 99.20549774169922 and parameters: {'gradient_clip_val': 0.23015382984173108, 'hidden_size': 125, 'dropout': 0.47789431153769935, 'hidden_continuous_size': 113, 'attention_head_size': 4, 'learning_rate': 0.07588522736641587}. Best is trial 0 with value: 28.56862449645996.
[I 2023-12-26 13:44:31,500] Trial 45 finished with value: 129.84071350097656 and parameters: {'gradient_clip_val': 0.3131444398158184, 'hidden_size': 101, 'dropout': 0.4368071386422901, 'hidden_continuous_size': 80, 'attention_head_size': 2, 'learning_rate': 0.017850464931804685}. Best is trial 0 with value: 28.56862449645996.
[I 2023-12-26 13:44:36,172] Trial 46 finished with value: 90.55606842041016 and parameters: {'gradient_clip_val': 0.444080174739083, 'hidden_size': 66, 'dropout': 0.4531830169948407, 'hidden_continuous_size': 57, 'attention_head_size': 4, 'learning_rate': 0.060399705717168226}. Best is trial 0 with value: 28.56862449645996.
[I 2023-12-26 13:44:45,154] Trial 47 finished with value: 101.07454681396484 and parameters: {'gradient_clip_val': 0.5604391630736208, 'hidden_size': 129, 'dropout': 0.48225163736750465, 'hidden_continuous_size': 105, 'attention_head_size': 2, 'learning_rate': 0.022312246530017107}. Best is trial 0 with value: 28.56862449645996.
[I 2023-12-26 13:44:51,230] Trial 48 finished with value: 102.69464111328125 and parameters: {'gradient_clip_val': 0.49905390516991105, 'hidden_size': 87, 'dropout': 0.4974428960601341, 'hidden_continuous_size': 74, 'attention_head_size': 3, 'learning_rate': 0.049658532175465675}. Best is trial 0 with value: 28.56862449645996.
[I 2023-12-26 13:45:00,284] Trial 49 finished with value: 115.95401763916016 and parameters: {'gradient_clip_val': 0.37868411376927774, 'hidden_size': 133, 'dropout': 0.397137308703432, 'hidden_continuous_size': 81, 'attention_head_size': 2, 'learning_rate': 0.030131691198766658}. Best is trial 0 with value: 28.56862449645996.
[I 2023-12-26 13:45:00,417] A new study created in memory with name: no-name-bb87f9e1-973e-49b4-8099-4cacbb238128
/home/le004/conda/anaconda3/envs/tsff_env/lib/python3.9/site-packages/lightning/fabric/plugins/environments/slurm.py:191: The `srun` command is available on your system but is not used. HINT: If your intention is to run Lightning on SLURM, prepend your python command with `srun` like so: srun python /home/le004/master_thesis/git/TSFusionForecast/code/ ...
[I 2023-12-26 13:51:56,048] Trial 0 finished with value: 338.8901062011719 and parameters: {'gradient_clip_val': 0.5105857682770715, 'hidden_size': 102, 'dropout': 0.3664327446616066, 'hidden_continuous_size': 21, 'attention_head_size': 4, 'learning_rate': 0.007819042755043292}. Best is trial 0 with value: 338.8901062011719.
[I 2023-12-26 13:51:58,112] Trial 1 finished with value: 625.6917114257812 and parameters: {'gradient_clip_val': 0.8752472954496502, 'hidden_size': 5, 'dropout': 0.11295086853207126, 'hidden_continuous_size': 5, 'attention_head_size': 4, 'learning_rate': 0.0008606176542731356}. Best is trial 0 with value: 338.8901062011719.
[I 2023-12-26 13:52:05,100] Trial 2 finished with value: 705.2958984375 and parameters: {'gradient_clip_val': 0.1698967602740823, 'hidden_size': 86, 'dropout': 0.27419636737385, 'hidden_continuous_size': 47, 'attention_head_size': 1, 'learning_rate': 0.005669372495101383}. Best is trial 0 with value: 338.8901062011719.
[I 2023-12-26 13:52:07,536] Trial 3 finished with value: 801.7822875976562 and parameters: {'gradient_clip_val': 0.5637349988904822, 'hidden_size': 13, 'dropout': 0.22550272753812628, 'hidden_continuous_size': 5, 'attention_head_size': 1, 'learning_rate': 0.007139828734731913}. Best is trial 0 with value: 338.8901062011719.
[I 2023-12-26 13:52:15,036] Trial 4 finished with value: 716.4259643554688 and parameters: {'gradient_clip_val': 0.1955356263339997, 'hidden_size': 87, 'dropout': 0.296874168593084, 'hidden_continuous_size': 15, 'attention_head_size': 1, 'learning_rate': 0.05749099291299278}. Best is trial 0 with value: 338.8901062011719.
[I 2023-12-26 13:52:17,373] Trial 5 finished with value: 1092.3675537109375 and parameters: {'gradient_clip_val': 0.49326629002265343, 'hidden_size': 17, 'dropout': 0.40664106571021397, 'hidden_continuous_size': 11, 'attention_head_size': 2, 'learning_rate': 0.005089552512601326}. Best is trial 0 with value: 338.8901062011719.
[I 2023-12-26 13:52:23,407] Trial 6 finished with value: 642.7095336914062 and parameters: {'gradient_clip_val': 0.40058896126937177, 'hidden_size': 88, 'dropout': 0.48269417500215983, 'hidden_continuous_size': 30, 'attention_head_size': 4, 'learning_rate': 0.0007284279574023866}. Best is trial 0 with value: 338.8901062011719.
[I 2023-12-26 13:52:25,786] Trial 7 finished with value: 766.5383911132812 and parameters: {'gradient_clip_val': 0.21663826886773582, 'hidden_size': 9, 'dropout': 0.36197744666787735, 'hidden_continuous_size': 8, 'attention_head_size': 4, 'learning_rate': 0.0013597789530390043}. Best is trial 0 with value: 338.8901062011719.
[I 2023-12-26 13:52:28,677] Trial 8 finished with value: 764.2424926757812 and parameters: {'gradient_clip_val': 0.9530050385411346, 'hidden_size': 25, 'dropout': 0.1763383627501925, 'hidden_continuous_size': 20, 'attention_head_size': 2, 'learning_rate': 0.058178358494130195}. Best is trial 0 with value: 338.8901062011719.
[I 2023-12-26 13:52:31,258] Trial 9 finished with value: 673.4342651367188 and parameters: {'gradient_clip_val': 0.11195987544516288, 'hidden_size': 25, 'dropout': 0.48735408399315183, 'hidden_continuous_size': 12, 'attention_head_size': 1, 'learning_rate': 0.0030203458749874356}. Best is trial 0 with value: 338.8901062011719.
[I 2023-12-26 13:52:41,392] Trial 10 finished with value: 683.343017578125 and parameters: {'gradient_clip_val': 0.3088252524157451, 'hidden_size': 150, 'dropout': 0.36661951975974766, 'hidden_continuous_size': 99, 'attention_head_size': 3, 'learning_rate': 0.0172885146846906}. Best is trial 0 with value: 338.8901062011719.
[I 2023-12-26 13:52:43,304] Trial 11 finished with value: 711.6747436523438 and parameters: {'gradient_clip_val': 0.8513417787254053, 'hidden_size': 6, 'dropout': 0.1789883758814148, 'hidden_continuous_size': 5, 'attention_head_size': 4, 'learning_rate': 0.0008301821829865683}. Best is trial 0 with value: 338.8901062011719.
[I 2023-12-26 13:52:45,037] Trial 12 finished with value: 772.864501953125 and parameters: {'gradient_clip_val': 0.6785332078188496, 'hidden_size': 5, 'dropout': 0.10205907922508767, 'hidden_continuous_size': 5, 'attention_head_size': 3, 'learning_rate': 0.0005291367802240265}. Best is trial 0 with value: 338.8901062011719.
[I 2023-12-26 13:52:47,858] Trial 13 finished with value: 783.90283203125 and parameters: {'gradient_clip_val': 0.6988500885486477, 'hidden_size': 43, 'dropout': 0.11935166163992174, 'hidden_continuous_size': 8, 'attention_head_size': 3, 'learning_rate': 0.001949735615727847}. Best is trial 0 with value: 338.8901062011719.
[I 2023-12-26 13:52:49,850] Trial 14 finished with value: 747.8578491210938 and parameters: {'gradient_clip_val': 0.8894057383191882, 'hidden_size': 9, 'dropout': 0.258663765201363, 'hidden_continuous_size': 5, 'attention_head_size': 4, 'learning_rate': 0.001693943253430593}. Best is trial 0 with value: 338.8901062011719.
[I 2023-12-26 13:52:52,602] Trial 15 finished with value: 700.4345092773438 and parameters: {'gradient_clip_val': 0.4520948426223851, 'hidden_size': 34, 'dropout': 0.3405882729039591, 'hidden_continuous_size': 7, 'attention_head_size': 3, 'learning_rate': 0.016700600558160205}. Best is trial 0 with value: 338.8901062011719.
[I 2023-12-26 13:52:55,624] Trial 16 finished with value: 791.97607421875 and parameters: {'gradient_clip_val': 0.6325781897315252, 'hidden_size': 46, 'dropout': 0.22179445303251202, 'hidden_continuous_size': 17, 'attention_head_size': 4, 'learning_rate': 0.0005059849760495093}. Best is trial 0 with value: 338.8901062011719.
[I 2023-12-26 13:52:57,399] Trial 17 finished with value: 542.90185546875 and parameters: {'gradient_clip_val': 0.3703351612647878, 'hidden_size': 5, 'dropout': 0.31069738918179807, 'hidden_continuous_size': 5, 'attention_head_size': 4, 'learning_rate': 0.0030375206506317288}. Best is trial 0 with value: 338.8901062011719.
[I 2023-12-26 13:52:59,314] Trial 18 finished with value: 745.7345581054688 and parameters: {'gradient_clip_val': 0.35412338593239967, 'hidden_size': 16, 'dropout': 0.32100280169104073, 'hidden_continuous_size': 6, 'attention_head_size': 2, 'learning_rate': 0.002978142450540975}. Best is trial 0 with value: 338.8901062011719.
[I 2023-12-26 13:53:01,161] Trial 19 finished with value: 729.1325073242188 and parameters: {'gradient_clip_val': 0.29773332474933534, 'hidden_size': 8, 'dropout': 0.40783280590644283, 'hidden_continuous_size': 6, 'attention_head_size': 3, 'learning_rate': 0.012100878313153846}. Best is trial 0 with value: 338.8901062011719.
[I 2023-12-26 13:53:03,202] Trial 20 finished with value: 642.29296875 and parameters: {'gradient_clip_val': 0.49788070282679925, 'hidden_size': 12, 'dropout': 0.3066019968619107, 'hidden_continuous_size': 6, 'attention_head_size': 4, 'learning_rate': 0.0032125812762532255}. Best is trial 0 with value: 338.8901062011719.
[I 2023-12-26 13:53:04,966] Trial 21 finished with value: 700.94677734375 and parameters: {'gradient_clip_val': 0.5603644953702868, 'hidden_size': 5, 'dropout': 0.2694066683869201, 'hidden_continuous_size': 5, 'attention_head_size': 4, 'learning_rate': 0.0014032971617391598}. Best is trial 0 with value: 338.8901062011719.
[I 2023-12-26 13:53:06,869] Trial 22 finished with value: 565.279052734375 and parameters: {'gradient_clip_val': 0.7241413577763067, 'hidden_size': 6, 'dropout': 0.3416064842566839, 'hidden_continuous_size': 5, 'attention_head_size': 4, 'learning_rate': 0.0010536439013912621}. Best is trial 0 with value: 338.8901062011719.
[I 2023-12-26 13:53:08,785] Trial 23 finished with value: 688.9767456054688 and parameters: {'gradient_clip_val': 0.3919451485934718, 'hidden_size': 7, 'dropout': 0.3474001635539979, 'hidden_continuous_size': 5, 'attention_head_size': 3, 'learning_rate': 0.0027103238730181046}. Best is trial 0 with value: 338.8901062011719.
[I 2023-12-26 13:53:10,731] Trial 24 finished with value: 634.0956420898438 and parameters: {'gradient_clip_val': 0.7426040197239061, 'hidden_size': 7, 'dropout': 0.3931835461349745, 'hidden_continuous_size': 5, 'attention_head_size': 4, 'learning_rate': 0.0013458444621443134}. Best is trial 0 with value: 338.8901062011719.
[I 2023-12-26 13:53:12,776] Trial 25 finished with value: 649.8778686523438 and parameters: {'gradient_clip_val': 0.580072174951876, 'hidden_size': 10, 'dropout': 0.32606509080088025, 'hidden_continuous_size': 6, 'attention_head_size': 4, 'learning_rate': 0.004531623582516032}. Best is trial 0 with value: 338.8901062011719.
[I 2023-12-26 13:53:14,723] Trial 26 finished with value: 730.0365600585938 and parameters: {'gradient_clip_val': 0.739989464675357, 'hidden_size': 7, 'dropout': 0.37857581361135384, 'hidden_continuous_size': 5, 'attention_head_size': 3, 'learning_rate': 0.002167669431806001}. Best is trial 0 with value: 338.8901062011719.
[I 2023-12-26 13:53:16,708] Trial 27 finished with value: 789.5563354492188 and parameters: {'gradient_clip_val': 0.4354938923952732, 'hidden_size': 5, 'dropout': 0.4343269160840188, 'hidden_continuous_size': 5, 'attention_head_size': 4, 'learning_rate': 0.008477313391372587}. Best is trial 0 with value: 338.8901062011719.
[I 2023-12-26 13:53:18,710] Trial 28 finished with value: 634.712158203125 and parameters: {'gradient_clip_val': 0.510692090421418, 'hidden_size': 11, 'dropout': 0.3429016251569068, 'hidden_continuous_size': 6, 'attention_head_size': 3, 'learning_rate': 0.0011472077659442866}. Best is trial 0 with value: 338.8901062011719.
[I 2023-12-26 13:53:20,619] Trial 29 finished with value: 835.834716796875 and parameters: {'gradient_clip_val': 0.8190903650216842, 'hidden_size': 6, 'dropout': 0.32120857896609817, 'hidden_continuous_size': 5, 'attention_head_size': 4, 'learning_rate': 0.0009379169403750092}. Best is trial 0 with value: 338.8901062011719.
[I 2023-12-26 13:53:22,761] Trial 30 finished with value: 579.0808715820312 and parameters: {'gradient_clip_val': 0.6151525694555975, 'hidden_size': 18, 'dropout': 0.29221213053485173, 'hidden_continuous_size': 7, 'attention_head_size': 4, 'learning_rate': 0.0038178369045212958}. Best is trial 0 with value: 338.8901062011719.
[I 2023-12-26 13:53:24,726] Trial 31 finished with value: 700.6851196289062 and parameters: {'gradient_clip_val': 0.9943269111633242, 'hidden_size': 16, 'dropout': 0.3587602434789849, 'hidden_continuous_size': 7, 'attention_head_size': 4, 'learning_rate': 0.0041081025274039345}. Best is trial 0 with value: 338.8901062011719.
[I 2023-12-26 13:53:26,958] Trial 32 finished with value: 798.850830078125 and parameters: {'gradient_clip_val': 0.624772641794611, 'hidden_size': 22, 'dropout': 0.30046850204482767, 'hidden_continuous_size': 8, 'attention_head_size': 4, 'learning_rate': 0.0020912335214461108}. Best is trial 0 with value: 338.8901062011719.
[I 2023-12-26 13:53:29,038] Trial 33 finished with value: 742.962158203125 and parameters: {'gradient_clip_val': 0.562455805578454, 'hidden_size': 13, 'dropout': 0.30079119403558896, 'hidden_continuous_size': 7, 'attention_head_size': 4, 'learning_rate': 0.004138322727316804}. Best is trial 0 with value: 338.8901062011719.
[I 2023-12-26 13:53:31,076] Trial 34 finished with value: 617.8442993164062 and parameters: {'gradient_clip_val': 0.7732382947890482, 'hidden_size': 10, 'dropout': 0.2904024844635833, 'hidden_continuous_size': 6, 'attention_head_size': 4, 'learning_rate': 0.006848657699544886}. Best is trial 0 with value: 338.8901062011719.
[I 2023-12-26 13:53:33,248] Trial 35 finished with value: 836.3460083007812 and parameters: {'gradient_clip_val': 0.6486414587569898, 'hidden_size': 20, 'dropout': 0.27791194282271575, 'hidden_continuous_size': 7, 'attention_head_size': 4, 'learning_rate': 0.006528179219312901}. Best is trial 0 with value: 338.8901062011719.
[I 2023-12-26 13:53:35,338] Trial 36 finished with value: 681.3854370117188 and parameters: {'gradient_clip_val': 0.49144806723867, 'hidden_size': 13, 'dropout': 0.3398078782992672, 'hidden_continuous_size': 9, 'attention_head_size': 3, 'learning_rate': 0.005264472585305597}. Best is trial 0 with value: 338.8901062011719.
[I 2023-12-26 13:53:37,870] Trial 37 finished with value: 654.9839477539062 and parameters: {'gradient_clip_val': 0.42764940989571704, 'hidden_size': 33, 'dropout': 0.38014343660094846, 'hidden_continuous_size': 10, 'attention_head_size': 4, 'learning_rate': 0.009085652716620644}. Best is trial 0 with value: 338.8901062011719.
[I 2023-12-26 13:53:42,038] Trial 38 finished with value: 658.2843627929688 and parameters: {'gradient_clip_val': 0.3636138015543437, 'hidden_size': 69, 'dropout': 0.3161113530839609, 'hidden_continuous_size': 22, 'attention_head_size': 2, 'learning_rate': 0.003665406979265131}. Best is trial 0 with value: 338.8901062011719.
[I 2023-12-26 13:53:44,425] Trial 39 finished with value: 658.9631958007812 and parameters: {'gradient_clip_val': 0.27473689836498794, 'hidden_size': 15, 'dropout': 0.2507885735228582, 'hidden_continuous_size': 10, 'attention_head_size': 4, 'learning_rate': 0.002526411500109478}. Best is trial 0 with value: 338.8901062011719.
[I 2023-12-26 13:53:46,548] Trial 40 finished with value: 707.2949829101562 and parameters: {'gradient_clip_val': 0.565548907915607, 'hidden_size': 19, 'dropout': 0.28615032673176033, 'hidden_continuous_size': 12, 'attention_head_size': 1, 'learning_rate': 0.005211319537325639}. Best is trial 0 with value: 338.8901062011719.
[I 2023-12-26 13:53:48,581] Trial 41 finished with value: 937.7307739257812 and parameters: {'gradient_clip_val': 0.7647237732493197, 'hidden_size': 10, 'dropout': 0.2953225239983848, 'hidden_continuous_size': 6, 'attention_head_size': 4, 'learning_rate': 0.0069962394086464695}. Best is trial 0 with value: 338.8901062011719.
[I 2023-12-26 13:53:50,569] Trial 42 finished with value: 748.1162109375 and parameters: {'gradient_clip_val': 0.8087055979942285, 'hidden_size': 9, 'dropout': 0.28407583429095484, 'hidden_continuous_size': 6, 'attention_head_size': 4, 'learning_rate': 0.005794807289270037}. Best is trial 0 with value: 338.8901062011719.
[I 2023-12-26 13:53:52,484] Trial 43 finished with value: 913.2501831054688 and parameters: {'gradient_clip_val': 0.8927522105941934, 'hidden_size': 6, 'dropout': 0.33141192694835353, 'hidden_continuous_size': 5, 'attention_head_size': 4, 'learning_rate': 0.0035852398559753046}. Best is trial 0 with value: 338.8901062011719.
[I 2023-12-26 13:53:54,382] Trial 44 finished with value: 851.445556640625 and parameters: {'gradient_clip_val': 0.7025773187660397, 'hidden_size': 8, 'dropout': 0.36040835726505965, 'hidden_continuous_size': 6, 'attention_head_size': 4, 'learning_rate': 0.010389053122008055}. Best is trial 0 with value: 338.8901062011719.
[I 2023-12-26 13:53:56,425] Trial 45 finished with value: 544.6212768554688 and parameters: {'gradient_clip_val': 0.6787205392619723, 'hidden_size': 11, 'dropout': 0.31691863549350124, 'hidden_continuous_size': 8, 'attention_head_size': 4, 'learning_rate': 0.007626237202475343}. Best is trial 0 with value: 338.8901062011719.
[I 2023-12-26 13:53:58,528] Trial 46 finished with value: 739.0542602539062 and parameters: {'gradient_clip_val': 0.6689754055163408, 'hidden_size': 14, 'dropout': 0.31675315754613337, 'hidden_continuous_size': 9, 'attention_head_size': 3, 'learning_rate': 0.0016300311551493603}. Best is trial 0 with value: 338.8901062011719.
[I 2023-12-26 13:54:06,601] Trial 47 finished with value: 899.58447265625 and parameters: {'gradient_clip_val': 0.5184339290062164, 'hidden_size': 136, 'dropout': 0.3566134969542357, 'hidden_continuous_size': 14, 'attention_head_size': 4, 'learning_rate': 0.0023477736338163965}. Best is trial 0 with value: 338.8901062011719.
[I 2023-12-26 13:54:08,704] Trial 48 finished with value: 716.3704223632812 and parameters: {'gradient_clip_val': 0.622737234713925, 'hidden_size': 17, 'dropout': 0.32871426948542193, 'hidden_continuous_size': 8, 'attention_head_size': 4, 'learning_rate': 0.0006349652492286095}. Best is trial 0 with value: 338.8901062011719.
[I 2023-12-26 13:54:10,728] Trial 49 finished with value: 680.9629516601562 and parameters: {'gradient_clip_val': 0.45308854244030683, 'hidden_size': 11, 'dropout': 0.30784600487752184, 'hidden_continuous_size': 7, 'attention_head_size': 3, 'learning_rate': 0.005080613363680884}. Best is trial 0 with value: 338.8901062011719.
[I 2023-12-26 13:54:10,858] A new study created in memory with name: no-name-b4503b44-bcc5-4e27-a5a8-14850ca5a523
/home/le004/conda/anaconda3/envs/tsff_env/lib/python3.9/site-packages/lightning/fabric/plugins/environments/slurm.py:191: The `srun` command is available on your system but is not used. HINT: If your intention is to run Lightning on SLURM, prepend your python command with `srun` like so: srun python /home/le004/master_thesis/git/TSFusionForecast/code/ ...
[I 2023-12-26 13:57:59,419] Trial 0 finished with value: 56.31402587890625 and parameters: {'gradient_clip_val': 0.18162655881193007, 'hidden_size': 10, 'dropout': 0.3648568535821801, 'hidden_continuous_size': 6, 'attention_head_size': 3, 'learning_rate': 0.022575888132378628}. Best is trial 0 with value: 56.31402587890625.
[I 2023-12-26 13:58:10,343] Trial 1 finished with value: 207.453857421875 and parameters: {'gradient_clip_val': 0.5461397812191311, 'hidden_size': 150, 'dropout': 0.23105467676898384, 'hidden_continuous_size': 106, 'attention_head_size': 2, 'learning_rate': 0.008916462775548004}. Best is trial 0 with value: 56.31402587890625.
[I 2023-12-26 13:58:12,697] Trial 2 finished with value: 260.976318359375 and parameters: {'gradient_clip_val': 0.2762468900003398, 'hidden_size': 21, 'dropout': 0.3731317804791502, 'hidden_continuous_size': 20, 'attention_head_size': 2, 'learning_rate': 0.0008822502729756329}. Best is trial 0 with value: 56.31402587890625.
[I 2023-12-26 13:58:15,927] Trial 3 finished with value: 342.3569030761719 and parameters: {'gradient_clip_val': 0.8597675909722302, 'hidden_size': 46, 'dropout': 0.11679125990064826, 'hidden_continuous_size': 19, 'attention_head_size': 1, 'learning_rate': 0.0019409204944570092}. Best is trial 0 with value: 56.31402587890625.
[I 2023-12-26 13:58:18,241] Trial 4 finished with value: 203.5271453857422 and parameters: {'gradient_clip_val': 0.2208923646871507, 'hidden_size': 23, 'dropout': 0.42935323070458986, 'hidden_continuous_size': 6, 'attention_head_size': 2, 'learning_rate': 0.0008210717798865763}. Best is trial 0 with value: 56.31402587890625.
[I 2023-12-26 13:58:24,672] Trial 5 finished with value: 207.96893310546875 and parameters: {'gradient_clip_val': 0.10459956961000501, 'hidden_size': 87, 'dropout': 0.27755537211916637, 'hidden_continuous_size': 79, 'attention_head_size': 2, 'learning_rate': 0.009069430846276628}. Best is trial 0 with value: 56.31402587890625.
[I 2023-12-26 13:58:26,799] Trial 6 finished with value: 215.68316650390625 and parameters: {'gradient_clip_val': 0.16000051046424915, 'hidden_size': 15, 'dropout': 0.3044619520274231, 'hidden_continuous_size': 5, 'attention_head_size': 2, 'learning_rate': 0.0036747051401753404}. Best is trial 0 with value: 56.31402587890625.
