[I 2023-12-16 07:19:49,622] Trial 49 finished with value: 54.67193603515625 and parameters: {'gradient_clip_val': 0.2152915748310126, 'hidden_size': 61, 'dropout': 0.10833783245291545, 'hidden_continuous_size': 26, 'attention_head_size': 3, 'learning_rate': 0.020629870655254325}. Best is trial 21 with value: 13.19625186920166.
[I 2023-12-16 07:19:49,715] A new study created in memory with name: no-name-a9e26161-969f-4ca2-ae24-0608575aeffb
/home/le004/conda/anaconda3/envs/tsff_env/lib/python3.9/site-packages/lightning/fabric/plugins/environments/slurm.py:191: The `srun` command is available on your system but is not used. HINT: If your intention is to run Lightning on SLURM, prepend your python command with `srun` like so: srun python /home/le004/master_thesis/git/TSFusionForecast/code/ ...
LOCAL_RANK: 0 - CUDA_VISIBLE_DEVICES: [0]
[I 2023-12-16 07:20:38,838] Trial 0 finished with value: 27.51696014404297 and parameters: {'gradient_clip_val': 0.1524433251069361, 'hidden_size': 19, 'dropout': 0.14267215981490153, 'hidden_continuous_size': 16, 'attention_head_size': 4, 'learning_rate': 0.0008804119969298307}. Best is trial 0 with value: 27.51696014404297.
LOCAL_RANK: 0 - CUDA_VISIBLE_DEVICES: [0]
[I 2023-12-16 07:21:30,800] Trial 1 finished with value: 21.937217712402344 and parameters: {'gradient_clip_val': 0.40926674866837176, 'hidden_size': 68, 'dropout': 0.25551303025870964, 'hidden_continuous_size': 28, 'attention_head_size': 1, 'learning_rate': 0.001837303739007174}. Best is trial 1 with value: 21.937217712402344.
LOCAL_RANK: 0 - CUDA_VISIBLE_DEVICES: [0]
[I 2023-12-16 07:22:18,526] Trial 2 finished with value: 26.60787010192871 and parameters: {'gradient_clip_val': 0.9628733195124356, 'hidden_size': 28, 'dropout': 0.2639387419900131, 'hidden_continuous_size': 18, 'attention_head_size': 1, 'learning_rate': 0.003363233827412013}. Best is trial 1 with value: 21.937217712402344.
LOCAL_RANK: 0 - CUDA_VISIBLE_DEVICES: [0]
[I 2023-12-16 07:23:05,907] Trial 3 finished with value: 17.540964126586914 and parameters: {'gradient_clip_val': 0.2865679542384074, 'hidden_size': 20, 'dropout': 0.3941949367259622, 'hidden_continuous_size': 19, 'attention_head_size': 3, 'learning_rate': 0.0005224848962729788}. Best is trial 3 with value: 17.540964126586914.
LOCAL_RANK: 0 - CUDA_VISIBLE_DEVICES: [0]
[I 2023-12-16 07:23:57,149] Trial 4 finished with value: 28.34503173828125 and parameters: {'gradient_clip_val': 0.23070200628293996, 'hidden_size': 42, 'dropout': 0.19973954885895995, 'hidden_continuous_size': 8, 'attention_head_size': 4, 'learning_rate': 0.03814928035701864}. Best is trial 3 with value: 17.540964126586914.
LOCAL_RANK: 0 - CUDA_VISIBLE_DEVICES: [0]
[I 2023-12-16 07:24:42,200] Trial 5 finished with value: 59.15989303588867 and parameters: {'gradient_clip_val': 0.8532289215849203, 'hidden_size': 10, 'dropout': 0.2867058312319911, 'hidden_continuous_size': 8, 'attention_head_size': 2, 'learning_rate': 0.007541226296285217}. Best is trial 3 with value: 17.540964126586914.
LOCAL_RANK: 0 - CUDA_VISIBLE_DEVICES: [0]
[I 2023-12-16 07:25:30,515] Trial 6 finished with value: 42.80366897583008 and parameters: {'gradient_clip_val': 0.10615351317559747, 'hidden_size': 31, 'dropout': 0.2416396716031233, 'hidden_continuous_size': 5, 'attention_head_size': 3, 'learning_rate': 0.04126834978057446}. Best is trial 3 with value: 17.540964126586914.
LOCAL_RANK: 0 - CUDA_VISIBLE_DEVICES: [0]
[I 2023-12-16 07:26:14,832] Trial 7 finished with value: 40.376365661621094 and parameters: {'gradient_clip_val': 0.11153160574443978, 'hidden_size': 12, 'dropout': 0.39453218871051265, 'hidden_continuous_size': 5, 'attention_head_size': 4, 'learning_rate': 0.06876357018679669}. Best is trial 3 with value: 17.540964126586914.
LOCAL_RANK: 0 - CUDA_VISIBLE_DEVICES: [0]
[I 2023-12-16 07:27:07,926] Trial 8 finished with value: 38.204952239990234 and parameters: {'gradient_clip_val': 0.27729361190037055, 'hidden_size': 79, 'dropout': 0.11627450268720513, 'hidden_continuous_size': 9, 'attention_head_size': 4, 'learning_rate': 0.0018376706054034353}. Best is trial 3 with value: 17.540964126586914.
LOCAL_RANK: 0 - CUDA_VISIBLE_DEVICES: [0]
[I 2023-12-16 07:27:52,436] Trial 9 finished with value: 31.754913330078125 and parameters: {'gradient_clip_val': 0.35864522006079924, 'hidden_size': 7, 'dropout': 0.3379621817072221, 'hidden_continuous_size': 5, 'attention_head_size': 2, 'learning_rate': 0.00872106294769363}. Best is trial 3 with value: 17.540964126586914.
LOCAL_RANK: 0 - CUDA_VISIBLE_DEVICES: [0]
[I 2023-12-16 07:28:26,401] Trial 10 finished with value: 35.37358474731445 and parameters: {'gradient_clip_val': 0.5347467678886265, 'hidden_size': 5, 'dropout': 0.39265179606104694, 'hidden_continuous_size': 5, 'attention_head_size': 3, 'learning_rate': 0.0005330902892919559}. Best is trial 3 with value: 17.540964126586914.
LOCAL_RANK: 0 - CUDA_VISIBLE_DEVICES: [0]
[I 2023-12-16 07:29:20,798] Trial 11 finished with value: 14.279536247253418 and parameters: {'gradient_clip_val': 0.4000779408778427, 'hidden_size': 83, 'dropout': 0.3258939363316087, 'hidden_continuous_size': 41, 'attention_head_size': 1, 'learning_rate': 0.0005240788369248998}. Best is trial 11 with value: 14.279536247253418.
LOCAL_RANK: 0 - CUDA_VISIBLE_DEVICES: [0]
[I 2023-12-16 07:30:15,611] Trial 12 finished with value: 36.56489181518555 and parameters: {'gradient_clip_val': 0.21304889450078698, 'hidden_size': 92, 'dropout': 0.340244228845204, 'hidden_continuous_size': 52, 'attention_head_size': 2, 'learning_rate': 0.0005172936366442908}. Best is trial 11 with value: 14.279536247253418.
LOCAL_RANK: 0 - CUDA_VISIBLE_DEVICES: [0]
[I 2023-12-16 07:31:08,623] Trial 13 finished with value: 18.516237258911133 and parameters: {'gradient_clip_val': 0.4479710293517459, 'hidden_size': 50, 'dropout': 0.33724028153445784, 'hidden_continuous_size': 29, 'attention_head_size': 3, 'learning_rate': 0.0010116770438196962}. Best is trial 11 with value: 14.279536247253418.
LOCAL_RANK: 0 - CUDA_VISIBLE_DEVICES: [0]
[I 2023-12-16 07:31:55,125] Trial 14 finished with value: 29.986948013305664 and parameters: {'gradient_clip_val': 0.3095670213628111, 'hidden_size': 18, 'dropout': 0.3674744680907981, 'hidden_continuous_size': 10, 'attention_head_size': 1, 'learning_rate': 0.0005518912995387363}. Best is trial 11 with value: 14.279536247253418.
LOCAL_RANK: 0 - CUDA_VISIBLE_DEVICES: [0]
[I 2023-12-16 07:32:48,555] Trial 15 finished with value: 38.87697219848633 and parameters: {'gradient_clip_val': 0.5889522745160584, 'hidden_size': 53, 'dropout': 0.30929748908931237, 'hidden_continuous_size': 51, 'attention_head_size': 2, 'learning_rate': 0.0012262139248539103}. Best is trial 11 with value: 14.279536247253418.
LOCAL_RANK: 0 - CUDA_VISIBLE_DEVICES: [0]
[I 2023-12-16 07:33:36,969] Trial 16 finished with value: 18.022844314575195 and parameters: {'gradient_clip_val': 0.26318035218375735, 'hidden_size': 32, 'dropout': 0.3999689748000126, 'hidden_continuous_size': 14, 'attention_head_size': 3, 'learning_rate': 0.0033173821862191102}. Best is trial 11 with value: 14.279536247253418.
LOCAL_RANK: 0 - CUDA_VISIBLE_DEVICES: [0]
[I 2023-12-16 07:34:34,345] Trial 17 finished with value: 30.672475814819336 and parameters: {'gradient_clip_val': 0.19243690301502123, 'hidden_size': 98, 'dropout': 0.36027586089647995, 'hidden_continuous_size': 95, 'attention_head_size': 1, 'learning_rate': 0.0011001039688574169}. Best is trial 11 with value: 14.279536247253418.
LOCAL_RANK: 0 - CUDA_VISIBLE_DEVICES: [0]
[I 2023-12-16 07:35:22,414] Trial 18 finished with value: 24.474267959594727 and parameters: {'gradient_clip_val': 0.31216784441833534, 'hidden_size': 21, 'dropout': 0.30396297780398795, 'hidden_continuous_size': 11, 'attention_head_size': 2, 'learning_rate': 0.0005261201585692218}. Best is trial 11 with value: 14.279536247253418.
LOCAL_RANK: 0 - CUDA_VISIBLE_DEVICES: [0]
[I 2023-12-16 07:36:07,733] Trial 19 finished with value: 17.98611831665039 and parameters: {'gradient_clip_val': 0.3612925390199353, 'hidden_size': 14, 'dropout': 0.36942998991284737, 'hidden_continuous_size': 6, 'attention_head_size': 3, 'learning_rate': 0.004116643338915843}. Best is trial 11 with value: 14.279536247253418.
LOCAL_RANK: 0 - CUDA_VISIBLE_DEVICES: [0]
[I 2023-12-16 07:37:00,263] Trial 20 finished with value: 40.55746841430664 and parameters: {'gradient_clip_val': 0.5119620717187113, 'hidden_size': 67, 'dropout': 0.3244593885778192, 'hidden_continuous_size': 22, 'attention_head_size': 1, 'learning_rate': 0.0017461296891976264}. Best is trial 11 with value: 14.279536247253418.
LOCAL_RANK: 0 - CUDA_VISIBLE_DEVICES: [0]
[I 2023-12-16 07:37:45,405] Trial 21 finished with value: 10.1234712600708 and parameters: {'gradient_clip_val': 0.37308670494765905, 'hidden_size': 14, 'dropout': 0.3680518992490141, 'hidden_continuous_size': 6, 'attention_head_size': 3, 'learning_rate': 0.003915353022138822}. Best is trial 21 with value: 10.1234712600708.
LOCAL_RANK: 0 - CUDA_VISIBLE_DEVICES: [0]
[I 2023-12-16 07:38:33,883] Trial 22 finished with value: 15.69472599029541 and parameters: {'gradient_clip_val': 0.38112521228579743, 'hidden_size': 25, 'dropout': 0.36318486707412734, 'hidden_continuous_size': 7, 'attention_head_size': 3, 'learning_rate': 0.0007687868405195229}. Best is trial 21 with value: 10.1234712600708.
LOCAL_RANK: 0 - CUDA_VISIBLE_DEVICES: [0]
[I 2023-12-16 07:39:22,430] Trial 23 finished with value: 25.708215713500977 and parameters: {'gradient_clip_val': 0.39946660722699523, 'hidden_size': 27, 'dropout': 0.36095064177348857, 'hidden_continuous_size': 7, 'attention_head_size': 3, 'learning_rate': 0.0008598441101013563}. Best is trial 21 with value: 10.1234712600708.
LOCAL_RANK: 0 - CUDA_VISIBLE_DEVICES: [0]
[I 2023-12-16 07:40:11,522] Trial 24 finished with value: 22.01231575012207 and parameters: {'gradient_clip_val': 0.6447448599398694, 'hidden_size': 38, 'dropout': 0.3083851215380928, 'hidden_continuous_size': 6, 'attention_head_size': 2, 'learning_rate': 0.011544689676250037}. Best is trial 21 with value: 10.1234712600708.
LOCAL_RANK: 0 - CUDA_VISIBLE_DEVICES: [0]
[I 2023-12-16 07:40:56,846] Trial 25 finished with value: 23.77850914001465 and parameters: {'gradient_clip_val': 0.46684622345913396, 'hidden_size': 14, 'dropout': 0.3515876661276491, 'hidden_continuous_size': 6, 'attention_head_size': 3, 'learning_rate': 0.00230100477422354}. Best is trial 21 with value: 10.1234712600708.
LOCAL_RANK: 0 - CUDA_VISIBLE_DEVICES: [0]
[I 2023-12-16 07:41:45,677] Trial 26 finished with value: 19.526912689208984 and parameters: {'gradient_clip_val': 0.3639460468362672, 'hidden_size': 25, 'dropout': 0.32176448720844514, 'hidden_continuous_size': 7, 'attention_head_size': 4, 'learning_rate': 0.0012944059560503047}. Best is trial 21 with value: 10.1234712600708.
LOCAL_RANK: 0 - CUDA_VISIBLE_DEVICES: [0]
[I 2023-12-16 07:42:35,754] Trial 27 finished with value: 19.079710006713867 and parameters: {'gradient_clip_val': 0.6752679573732453, 'hidden_size': 38, 'dropout': 0.374880115641857, 'hidden_continuous_size': 11, 'attention_head_size': 2, 'learning_rate': 0.0008846728774506065}. Best is trial 21 with value: 10.1234712600708.
LOCAL_RANK: 0 - CUDA_VISIBLE_DEVICES: [0]
[I 2023-12-16 07:43:20,881] Trial 28 finished with value: 16.710235595703125 and parameters: {'gradient_clip_val': 0.4895425489171119, 'hidden_size': 9, 'dropout': 0.34423187131717914, 'hidden_continuous_size': 6, 'attention_head_size': 3, 'learning_rate': 0.005198821426152043}. Best is trial 21 with value: 10.1234712600708.
LOCAL_RANK: 0 - CUDA_VISIBLE_DEVICES: [0]
[I 2023-12-16 07:44:07,970] Trial 29 finished with value: 19.541418075561523 and parameters: {'gradient_clip_val': 0.3440949127310012, 'hidden_size': 18, 'dropout': 0.2929516218176873, 'hidden_continuous_size': 7, 'attention_head_size': 4, 'learning_rate': 0.0007632002854059077}. Best is trial 21 with value: 10.1234712600708.
LOCAL_RANK: 0 - CUDA_VISIBLE_DEVICES: [0]
[I 2023-12-16 07:44:55,359] Trial 30 finished with value: 25.39654541015625 and parameters: {'gradient_clip_val': 0.4316408042903698, 'hidden_size': 24, 'dropout': 0.32725072017939794, 'hidden_continuous_size': 9, 'attention_head_size': 3, 'learning_rate': 0.001308887307464038}. Best is trial 21 with value: 10.1234712600708.
LOCAL_RANK: 0 - CUDA_VISIBLE_DEVICES: [0]
[I 2023-12-16 07:45:40,587] Trial 31 finished with value: 19.10132598876953 and parameters: {'gradient_clip_val': 0.511937411316705, 'hidden_size': 9, 'dropout': 0.3505874659181287, 'hidden_continuous_size': 6, 'attention_head_size': 3, 'learning_rate': 0.0050624211934995325}. Best is trial 21 with value: 10.1234712600708.
LOCAL_RANK: 0 - CUDA_VISIBLE_DEVICES: [0]
[I 2023-12-16 07:46:26,158] Trial 32 finished with value: 23.061967849731445 and parameters: {'gradient_clip_val': 0.4151110283402249, 'hidden_size': 15, 'dropout': 0.3796647779304215, 'hidden_continuous_size': 7, 'attention_head_size': 3, 'learning_rate': 0.012262291925962048}. Best is trial 21 with value: 10.1234712600708.
LOCAL_RANK: 0 - CUDA_VISIBLE_DEVICES: [0]
[I 2023-12-16 07:47:12,174] Trial 33 finished with value: 16.455589294433594 and parameters: {'gradient_clip_val': 0.481271774349452, 'hidden_size': 17, 'dropout': 0.3458542223476913, 'hidden_continuous_size': 6, 'attention_head_size': 3, 'learning_rate': 0.0024179639366097225}. Best is trial 21 with value: 10.1234712600708.
LOCAL_RANK: 0 - CUDA_VISIBLE_DEVICES: [0]
[I 2023-12-16 07:47:59,161] Trial 34 finished with value: 16.674283981323242 and parameters: {'gradient_clip_val': 0.4021450731617347, 'hidden_size': 18, 'dropout': 0.3780072734185066, 'hidden_continuous_size': 8, 'attention_head_size': 4, 'learning_rate': 0.0025880959184261323}. Best is trial 21 with value: 10.1234712600708.
LOCAL_RANK: 0 - CUDA_VISIBLE_DEVICES: [0]
[I 2023-12-16 07:48:46,351] Trial 35 finished with value: 25.645126342773438 and parameters: {'gradient_clip_val': 0.32364402088918787, 'hidden_size': 23, 'dropout': 0.35617493461146005, 'hidden_continuous_size': 5, 'attention_head_size': 1, 'learning_rate': 0.0007322561847339067}. Best is trial 21 with value: 10.1234712600708.
LOCAL_RANK: 0 - CUDA_VISIBLE_DEVICES: [0]
[I 2023-12-16 07:49:35,630] Trial 36 finished with value: 44.229549407958984 and parameters: {'gradient_clip_val': 0.2518104286266253, 'hidden_size': 31, 'dropout': 0.3825703642875949, 'hidden_continuous_size': 12, 'attention_head_size': 3, 'learning_rate': 0.0016085312407597384}. Best is trial 21 with value: 10.1234712600708.
LOCAL_RANK: 0 - CUDA_VISIBLE_DEVICES: [0]
[I 2023-12-16 07:50:23,352] Trial 37 finished with value: 11.710057258605957 and parameters: {'gradient_clip_val': 0.3922460347163819, 'hidden_size': 21, 'dropout': 0.27070411290704277, 'hidden_continuous_size': 8, 'attention_head_size': 2, 'learning_rate': 0.002402726147157544}. Best is trial 21 with value: 10.1234712600708.
LOCAL_RANK: 0 - CUDA_VISIBLE_DEVICES: [0]
[I 2023-12-16 07:51:15,628] Trial 38 finished with value: 18.62226104736328 and parameters: {'gradient_clip_val': 0.29021167244723256, 'hidden_size': 63, 'dropout': 0.279788266835226, 'hidden_continuous_size': 13, 'attention_head_size': 1, 'learning_rate': 0.0031562225284576407}. Best is trial 21 with value: 10.1234712600708.
LOCAL_RANK: 0 - CUDA_VISIBLE_DEVICES: [0]
[I 2023-12-16 07:52:03,386] Trial 39 finished with value: 24.986282348632812 and parameters: {'gradient_clip_val': 0.39383534635295403, 'hidden_size': 21, 'dropout': 0.24236848935156297, 'hidden_continuous_size': 8, 'attention_head_size': 2, 'learning_rate': 0.0006691074361451335}. Best is trial 21 with value: 10.1234712600708.
LOCAL_RANK: 0 - CUDA_VISIBLE_DEVICES: [0]
[I 2023-12-16 07:52:46,885] Trial 40 finished with value: 28.5560359954834 and parameters: {'gradient_clip_val': 0.3364902972468824, 'hidden_size': 12, 'dropout': 0.26965121939601583, 'hidden_continuous_size': 7, 'attention_head_size': 1, 'learning_rate': 0.0009664247145276289}. Best is trial 21 with value: 10.1234712600708.
LOCAL_RANK: 0 - CUDA_VISIBLE_DEVICES: [0]
[I 2023-12-16 07:53:31,208] Trial 41 finished with value: 22.80980110168457 and parameters: {'gradient_clip_val': 0.4478412467963524, 'hidden_size': 16, 'dropout': 0.2610273744128807, 'hidden_continuous_size': 8, 'attention_head_size': 2, 'learning_rate': 0.002111013291548205}. Best is trial 21 with value: 10.1234712600708.
LOCAL_RANK: 0 - CUDA_VISIBLE_DEVICES: [0]
[I 2023-12-16 07:54:18,188] Trial 42 finished with value: 19.3738956451416 and parameters: {'gradient_clip_val': 0.37418315609713354, 'hidden_size': 20, 'dropout': 0.3236657015742881, 'hidden_continuous_size': 9, 'attention_head_size': 3, 'learning_rate': 0.001521551917844854}. Best is trial 21 with value: 10.1234712600708.
LOCAL_RANK: 0 - CUDA_VISIBLE_DEVICES: [0]
[I 2023-12-16 07:55:11,467] Trial 43 finished with value: 40.11425018310547 and parameters: {'gradient_clip_val': 0.5525323410272635, 'hidden_size': 77, 'dropout': 0.22538621229254835, 'hidden_continuous_size': 15, 'attention_head_size': 3, 'learning_rate': 0.002656271120529236}. Best is trial 21 with value: 10.1234712600708.
LOCAL_RANK: 0 - CUDA_VISIBLE_DEVICES: [0]
[I 2023-12-16 07:56:00,133] Trial 44 finished with value: 14.116026878356934 and parameters: {'gradient_clip_val': 0.4504205017781509, 'hidden_size': 27, 'dropout': 0.2954027656902978, 'hidden_continuous_size': 10, 'attention_head_size': 2, 'learning_rate': 0.0020697676139833777}. Best is trial 21 with value: 10.1234712600708.
LOCAL_RANK: 0 - CUDA_VISIBLE_DEVICES: [0]
[I 2023-12-16 07:56:48,539] Trial 45 finished with value: 27.52290916442871 and parameters: {'gradient_clip_val': 0.29680034791799537, 'hidden_size': 29, 'dropout': 0.2851722019601663, 'hidden_continuous_size': 10, 'attention_head_size': 2, 'learning_rate': 0.0017799133609764778}. Best is trial 21 with value: 10.1234712600708.
LOCAL_RANK: 0 - CUDA_VISIBLE_DEVICES: [0]
[I 2023-12-16 07:57:36,829] Trial 46 finished with value: 11.615436553955078 and parameters: {'gradient_clip_val': 0.42085755267891434, 'hidden_size': 23, 'dropout': 0.2994557207858949, 'hidden_continuous_size': 9, 'attention_head_size': 2, 'learning_rate': 0.0006209138405346422}. Best is trial 21 with value: 10.1234712600708.
LOCAL_RANK: 0 - CUDA_VISIBLE_DEVICES: [0]
[I 2023-12-16 07:58:29,066] Trial 47 finished with value: 20.72052574157715 and parameters: {'gradient_clip_val': 0.42884618608475034, 'hidden_size': 50, 'dropout': 0.2973702041945835, 'hidden_continuous_size': 17, 'attention_head_size': 2, 'learning_rate': 0.0010303071355678714}. Best is trial 21 with value: 10.1234712600708.
LOCAL_RANK: 0 - CUDA_VISIBLE_DEVICES: [0]
[I 2023-12-16 07:59:18,152] Trial 48 finished with value: 18.174392700195312 and parameters: {'gradient_clip_val': 0.4608505703686922, 'hidden_size': 34, 'dropout': 0.2827417155276344, 'hidden_continuous_size': 10, 'attention_head_size': 2, 'learning_rate': 0.0006121115222581811}. Best is trial 21 with value: 10.1234712600708.
LOCAL_RANK: 0 - CUDA_VISIBLE_DEVICES: [0]
[I 2023-12-16 08:00:09,352] Trial 49 finished with value: 16.571189880371094 and parameters: {'gradient_clip_val': 0.33707156095667307, 'hidden_size': 46, 'dropout': 0.2687542503021363, 'hidden_continuous_size': 11, 'attention_head_size': 1, 'learning_rate': 0.001433028412532645}. Best is trial 21 with value: 10.1234712600708.
[I 2023-12-16 08:00:09,444] A new study created in memory with name: no-name-de10c73c-37a9-410d-8fc9-a7fd315be2f5
/home/le004/conda/anaconda3/envs/tsff_env/lib/python3.9/site-packages/lightning/fabric/plugins/environments/slurm.py:191: The `srun` command is available on your system but is not used. HINT: If your intention is to run Lightning on SLURM, prepend your python command with `srun` like so: srun python /home/le004/master_thesis/git/TSFusionForecast/code/ ...
LOCAL_RANK: 0 - CUDA_VISIBLE_DEVICES: [0]
[I 2023-12-16 08:00:54,761] Trial 0 finished with value: 49.5150032043457 and parameters: {'gradient_clip_val': 0.37645553419439554, 'hidden_size': 6, 'dropout': 0.19084366112511278, 'hidden_continuous_size': 5, 'attention_head_size': 4, 'learning_rate': 0.004355260767806457}. Best is trial 0 with value: 49.5150032043457.
LOCAL_RANK: 0 - CUDA_VISIBLE_DEVICES: [0]
[I 2023-12-16 08:01:51,063] Trial 1 finished with value: 35.11546325683594 and parameters: {'gradient_clip_val': 0.14943493630228474, 'hidden_size': 86, 'dropout': 0.16779259481654446, 'hidden_continuous_size': 60, 'attention_head_size': 4, 'learning_rate': 0.04311360480521246}. Best is trial 1 with value: 35.11546325683594.
LOCAL_RANK: 0 - CUDA_VISIBLE_DEVICES: [0]
[I 2023-12-16 08:02:39,707] Trial 2 finished with value: 110.78791046142578 and parameters: {'gradient_clip_val': 0.7501891373114691, 'hidden_size': 36, 'dropout': 0.12546081213390273, 'hidden_continuous_size': 6, 'attention_head_size': 4, 'learning_rate': 0.0009204642016998658}. Best is trial 1 with value: 35.11546325683594.
LOCAL_RANK: 0 - CUDA_VISIBLE_DEVICES: [0]
[I 2023-12-16 08:03:31,889] Trial 3 finished with value: 45.4431266784668 and parameters: {'gradient_clip_val': 0.7454826235386967, 'hidden_size': 65, 'dropout': 0.3146381293779972, 'hidden_continuous_size': 10, 'attention_head_size': 2, 'learning_rate': 0.050860926689212486}. Best is trial 1 with value: 35.11546325683594.
LOCAL_RANK: 0 - CUDA_VISIBLE_DEVICES: [0]
[I 2023-12-16 08:04:17,066] Trial 4 finished with value: 53.2890739440918 and parameters: {'gradient_clip_val': 0.784933451178311, 'hidden_size': 7, 'dropout': 0.3207872427200208, 'hidden_continuous_size': 5, 'attention_head_size': 3, 'learning_rate': 0.01737013588411373}. Best is trial 1 with value: 35.11546325683594.
LOCAL_RANK: 0 - CUDA_VISIBLE_DEVICES: [0]
