[I 2023-12-16 10:36:24,538] Trial 10 finished with value: 3.748934507369995 and parameters: {'gradient_clip_val': 0.9882546082821295, 'hidden_size': 17, 'dropout': 0.3112054786507183, 'hidden_continuous_size': 11, 'attention_head_size': 1, 'learning_rate': 0.0031690119785777095}. Best is trial 0 with value: 0.6927717328071594.
LOCAL_RANK: 0 - CUDA_VISIBLE_DEVICES: [0]
[I 2023-12-16 10:37:10,772] Trial 11 finished with value: 3.6117947101593018 and parameters: {'gradient_clip_val': 0.5467389715071682, 'hidden_size': 16, 'dropout': 0.2746183157921616, 'hidden_continuous_size': 8, 'attention_head_size': 1, 'learning_rate': 0.00798347727536101}. Best is trial 0 with value: 0.6927717328071594.
LOCAL_RANK: 0 - CUDA_VISIBLE_DEVICES: [0]
[I 2023-12-16 10:37:55,686] Trial 12 finished with value: 7.336952209472656 and parameters: {'gradient_clip_val': 0.46489929368473804, 'hidden_size': 12, 'dropout': 0.10759439439219541, 'hidden_continuous_size': 7, 'attention_head_size': 1, 'learning_rate': 0.0824129262049604}. Best is trial 0 with value: 0.6927717328071594.
LOCAL_RANK: 0 - CUDA_VISIBLE_DEVICES: [0]
[I 2023-12-16 10:38:45,873] Trial 13 finished with value: 2.564074754714966 and parameters: {'gradient_clip_val': 0.10164893018824732, 'hidden_size': 25, 'dropout': 0.2497479766577564, 'hidden_continuous_size': 12, 'attention_head_size': 2, 'learning_rate': 0.01927955199802289}. Best is trial 0 with value: 0.6927717328071594.
LOCAL_RANK: 0 - CUDA_VISIBLE_DEVICES: [0]
[I 2023-12-16 10:39:22,991] Trial 14 finished with value: 2.5757505893707275 and parameters: {'gradient_clip_val': 0.14175895236804234, 'hidden_size': 5, 'dropout': 0.36085402390771915, 'hidden_continuous_size': 5, 'attention_head_size': 3, 'learning_rate': 0.0020829182258207336}. Best is trial 0 with value: 0.6927717328071594.
LOCAL_RANK: 0 - CUDA_VISIBLE_DEVICES: [0]
[I 2023-12-16 10:40:07,754] Trial 15 finished with value: 2.9700050354003906 and parameters: {'gradient_clip_val': 0.37367838620953425, 'hidden_size': 12, 'dropout': 0.3196877151217571, 'hidden_continuous_size': 6, 'attention_head_size': 1, 'learning_rate': 0.03329643184821823}. Best is trial 0 with value: 0.6927717328071594.
LOCAL_RANK: 0 - CUDA_VISIBLE_DEVICES: [0]
[I 2023-12-16 10:41:00,922] Trial 16 finished with value: 0.5130717158317566 and parameters: {'gradient_clip_val': 0.15648627288012038, 'hidden_size': 37, 'dropout': 0.22816886269805564, 'hidden_continuous_size': 17, 'attention_head_size': 2, 'learning_rate': 0.005244470641939567}. Best is trial 16 with value: 0.5130717158317566.
LOCAL_RANK: 0 - CUDA_VISIBLE_DEVICES: [0]
[I 2023-12-16 10:41:52,888] Trial 17 finished with value: 3.705972909927368 and parameters: {'gradient_clip_val': 0.9552144432656499, 'hidden_size': 40, 'dropout': 0.23423544280002948, 'hidden_continuous_size': 15, 'attention_head_size': 2, 'learning_rate': 0.004687844491614215}. Best is trial 16 with value: 0.5130717158317566.
LOCAL_RANK: 0 - CUDA_VISIBLE_DEVICES: [0]
[I 2023-12-16 10:42:47,263] Trial 18 finished with value: 1.0791531801223755 and parameters: {'gradient_clip_val': 0.17088730392563498, 'hidden_size': 41, 'dropout': 0.2843231336153097, 'hidden_continuous_size': 16, 'attention_head_size': 3, 'learning_rate': 0.0005504601654988847}. Best is trial 16 with value: 0.5130717158317566.
LOCAL_RANK: 0 - CUDA_VISIBLE_DEVICES: [0]
[I 2023-12-16 10:43:41,099] Trial 19 finished with value: 2.5059030055999756 and parameters: {'gradient_clip_val': 0.15031125075957152, 'hidden_size': 60, 'dropout': 0.34227133546639865, 'hidden_continuous_size': 20, 'attention_head_size': 2, 'learning_rate': 0.006895931849256874}. Best is trial 16 with value: 0.5130717158317566.
LOCAL_RANK: 0 - CUDA_VISIBLE_DEVICES: [0]
[I 2023-12-16 10:44:30,002] Trial 20 finished with value: 1.794580101966858 and parameters: {'gradient_clip_val': 0.7343421417754498, 'hidden_size': 20, 'dropout': 0.2706605406303267, 'hidden_continuous_size': 11, 'attention_head_size': 3, 'learning_rate': 0.0015837036046099046}. Best is trial 16 with value: 0.5130717158317566.
LOCAL_RANK: 0 - CUDA_VISIBLE_DEVICES: [0]
[I 2023-12-16 10:45:20,056] Trial 21 finished with value: 1.327438473701477 and parameters: {'gradient_clip_val': 0.12775363326029057, 'hidden_size': 26, 'dropout': 0.2223151395992487, 'hidden_continuous_size': 9, 'attention_head_size': 1, 'learning_rate': 0.002925022934065822}. Best is trial 16 with value: 0.5130717158317566.
LOCAL_RANK: 0 - CUDA_VISIBLE_DEVICES: [0]
[I 2023-12-16 10:46:07,232] Trial 22 finished with value: 1.2709981203079224 and parameters: {'gradient_clip_val': 0.10217009506712767, 'hidden_size': 15, 'dropout': 0.3989142375922013, 'hidden_continuous_size': 8, 'attention_head_size': 2, 'learning_rate': 0.011972854979210981}. Best is trial 16 with value: 0.5130717158317566.
LOCAL_RANK: 0 - CUDA_VISIBLE_DEVICES: [0]
[I 2023-12-16 10:46:57,668] Trial 23 finished with value: 2.1282410621643066 and parameters: {'gradient_clip_val': 0.16602442007518603, 'hidden_size': 23, 'dropout': 0.174374990047891, 'hidden_continuous_size': 13, 'attention_head_size': 2, 'learning_rate': 0.05494336078449072}. Best is trial 16 with value: 0.5130717158317566.
LOCAL_RANK: 0 - CUDA_VISIBLE_DEVICES: [0]
[I 2023-12-16 10:47:46,653] Trial 24 finished with value: 3.668907880783081 and parameters: {'gradient_clip_val': 0.3501776938081801, 'hidden_size': 32, 'dropout': 0.19842947526892943, 'hidden_continuous_size': 10, 'attention_head_size': 1, 'learning_rate': 0.014093214571206407}. Best is trial 16 with value: 0.5130717158317566.
LOCAL_RANK: 0 - CUDA_VISIBLE_DEVICES: [0]
[I 2023-12-16 10:48:36,469] Trial 25 finished with value: 2.6065621376037598 and parameters: {'gradient_clip_val': 0.1317631953638801, 'hidden_size': 21, 'dropout': 0.24946529831034941, 'hidden_continuous_size': 10, 'attention_head_size': 2, 'learning_rate': 0.04005644062792852}. Best is trial 16 with value: 0.5130717158317566.
LOCAL_RANK: 0 - CUDA_VISIBLE_DEVICES: [0]
[I 2023-12-16 10:49:25,094] Trial 26 finished with value: 0.958578884601593 and parameters: {'gradient_clip_val': 0.22830478973265214, 'hidden_size': 32, 'dropout': 0.1004141057676847, 'hidden_continuous_size': 13, 'attention_head_size': 1, 'learning_rate': 0.021644664512332962}. Best is trial 16 with value: 0.5130717158317566.
LOCAL_RANK: 0 - CUDA_VISIBLE_DEVICES: [0]
[I 2023-12-16 10:50:11,916] Trial 27 finished with value: 4.875110149383545 and parameters: {'gradient_clip_val': 0.1581626564344668, 'hidden_size': 9, 'dropout': 0.15526986581288527, 'hidden_continuous_size': 6, 'attention_head_size': 2, 'learning_rate': 0.005836122730117621}. Best is trial 16 with value: 0.5130717158317566.
LOCAL_RANK: 0 - CUDA_VISIBLE_DEVICES: [0]
[I 2023-12-16 10:51:00,731] Trial 28 finished with value: 4.210211277008057 and parameters: {'gradient_clip_val': 0.12446275996364323, 'hidden_size': 19, 'dropout': 0.1275949314726441, 'hidden_continuous_size': 8, 'attention_head_size': 3, 'learning_rate': 0.007872067471135726}. Best is trial 16 with value: 0.5130717158317566.
LOCAL_RANK: 0 - CUDA_VISIBLE_DEVICES: [0]
[I 2023-12-16 10:51:48,171] Trial 29 finished with value: 2.0422070026397705 and parameters: {'gradient_clip_val': 0.11382349132490366, 'hidden_size': 14, 'dropout': 0.15077621484165848, 'hidden_continuous_size': 9, 'attention_head_size': 2, 'learning_rate': 0.09689546008648685}. Best is trial 16 with value: 0.5130717158317566.
LOCAL_RANK: 0 - CUDA_VISIBLE_DEVICES: [0]
[I 2023-12-16 10:52:33,958] Trial 30 finished with value: 4.036924839019775 and parameters: {'gradient_clip_val': 0.1401683150629428, 'hidden_size': 7, 'dropout': 0.3009964828284604, 'hidden_continuous_size': 6, 'attention_head_size': 1, 'learning_rate': 0.0014190535524000133}. Best is trial 16 with value: 0.5130717158317566.
LOCAL_RANK: 0 - CUDA_VISIBLE_DEVICES: [0]
[I 2023-12-16 10:53:24,557] Trial 31 finished with value: 2.445286273956299 and parameters: {'gradient_clip_val': 0.21727175071805296, 'hidden_size': 33, 'dropout': 0.10586026603004076, 'hidden_continuous_size': 14, 'attention_head_size': 1, 'learning_rate': 0.022690668499622018}. Best is trial 16 with value: 0.5130717158317566.
LOCAL_RANK: 0 - CUDA_VISIBLE_DEVICES: [0]
[I 2023-12-16 10:54:15,408] Trial 32 finished with value: 2.6571226119995117 and parameters: {'gradient_clip_val': 0.22737838684760386, 'hidden_size': 30, 'dropout': 0.13182063381055842, 'hidden_continuous_size': 13, 'attention_head_size': 1, 'learning_rate': 0.017189512655312204}. Best is trial 16 with value: 0.5130717158317566.
LOCAL_RANK: 0 - CUDA_VISIBLE_DEVICES: [0]
[I 2023-12-16 10:55:09,223] Trial 33 finished with value: 2.8486907482147217 and parameters: {'gradient_clip_val': 0.1781071062422441, 'hidden_size': 51, 'dropout': 0.10111568343385051, 'hidden_continuous_size': 17, 'attention_head_size': 1, 'learning_rate': 0.04439906557824419}. Best is trial 16 with value: 0.5130717158317566.
LOCAL_RANK: 0 - CUDA_VISIBLE_DEVICES: [0]
[I 2023-12-16 10:55:57,394] Trial 34 finished with value: 1.463661789894104 and parameters: {'gradient_clip_val': 0.20462787770684523, 'hidden_size': 24, 'dropout': 0.13487585220721607, 'hidden_continuous_size': 13, 'attention_head_size': 1, 'learning_rate': 0.05770471976774293}. Best is trial 16 with value: 0.5130717158317566.
LOCAL_RANK: 0 - CUDA_VISIBLE_DEVICES: [0]
[I 2023-12-16 10:56:46,431] Trial 35 finished with value: 3.6458237171173096 and parameters: {'gradient_clip_val': 0.18935323345610539, 'hidden_size': 18, 'dropout': 0.18181232431002917, 'hidden_continuous_size': 11, 'attention_head_size': 2, 'learning_rate': 0.028355023457451348}. Best is trial 16 with value: 0.5130717158317566.
LOCAL_RANK: 0 - CUDA_VISIBLE_DEVICES: [0]
[I 2023-12-16 10:57:35,852] Trial 36 finished with value: 1.4106974601745605 and parameters: {'gradient_clip_val': 0.1150145489168419, 'hidden_size': 22, 'dropout': 0.14459191417089678, 'hidden_continuous_size': 12, 'attention_head_size': 1, 'learning_rate': 0.009576223899982007}. Best is trial 16 with value: 0.5130717158317566.
LOCAL_RANK: 0 - CUDA_VISIBLE_DEVICES: [0]
[I 2023-12-16 10:58:29,741] Trial 37 finished with value: 1.5061191320419312 and parameters: {'gradient_clip_val': 0.24535191686782656, 'hidden_size': 35, 'dropout': 0.1614152898566159, 'hidden_continuous_size': 22, 'attention_head_size': 4, 'learning_rate': 0.014984800139060147}. Best is trial 16 with value: 0.5130717158317566.
LOCAL_RANK: 0 - CUDA_VISIBLE_DEVICES: [0]
[I 2023-12-16 10:59:20,237] Trial 38 finished with value: 3.2825405597686768 and parameters: {'gradient_clip_val': 0.1953863090360965, 'hidden_size': 27, 'dropout': 0.1237097819532972, 'hidden_continuous_size': 14, 'attention_head_size': 2, 'learning_rate': 0.026558273122457853}. Best is trial 16 with value: 0.5130717158317566.
LOCAL_RANK: 0 - CUDA_VISIBLE_DEVICES: [0]
[I 2023-12-16 11:00:14,551] Trial 39 finished with value: 4.3072686195373535 and parameters: {'gradient_clip_val': 0.15389198679242083, 'hidden_size': 52, 'dropout': 0.19721998354849074, 'hidden_continuous_size': 24, 'attention_head_size': 3, 'learning_rate': 0.020618344817324556}. Best is trial 16 with value: 0.5130717158317566.
LOCAL_RANK: 0 - CUDA_VISIBLE_DEVICES: [0]
[I 2023-12-16 11:01:01,482] Trial 40 finished with value: 2.053356170654297 and parameters: {'gradient_clip_val': 0.2938769126627648, 'hidden_size': 10, 'dropout': 0.11620867378137176, 'hidden_continuous_size': 8, 'attention_head_size': 2, 'learning_rate': 0.004235954834073401}. Best is trial 16 with value: 0.5130717158317566.
LOCAL_RANK: 0 - CUDA_VISIBLE_DEVICES: [0]
[I 2023-12-16 11:01:54,651] Trial 41 finished with value: 3.4514052867889404 and parameters: {'gradient_clip_val': 0.16893386669466998, 'hidden_size': 40, 'dropout': 0.17937272098745946, 'hidden_continuous_size': 16, 'attention_head_size': 3, 'learning_rate': 0.0009597444359396285}. Best is trial 16 with value: 0.5130717158317566.
LOCAL_RANK: 0 - CUDA_VISIBLE_DEVICES: [0]
[I 2023-12-16 11:02:48,048] Trial 42 finished with value: 2.545560836791992 and parameters: {'gradient_clip_val': 0.17490965579781637, 'hidden_size': 37, 'dropout': 0.2141480130927889, 'hidden_continuous_size': 17, 'attention_head_size': 3, 'learning_rate': 0.0005553228640915066}. Best is trial 16 with value: 0.5130717158317566.
LOCAL_RANK: 0 - CUDA_VISIBLE_DEVICES: [0]
[I 2023-12-16 11:03:38,827] Trial 43 finished with value: 0.882910430431366 and parameters: {'gradient_clip_val': 0.23820123622918868, 'hidden_size': 29, 'dropout': 0.28935436609175913, 'hidden_continuous_size': 15, 'attention_head_size': 3, 'learning_rate': 0.0007622025253498039}. Best is trial 16 with value: 0.5130717158317566.
LOCAL_RANK: 0 - CUDA_VISIBLE_DEVICES: [0]
[I 2023-12-16 11:04:29,025] Trial 44 finished with value: 3.6443631649017334 and parameters: {'gradient_clip_val': 0.23613591676357698, 'hidden_size': 28, 'dropout': 0.14296034977290323, 'hidden_continuous_size': 15, 'attention_head_size': 4, 'learning_rate': 0.0007746589776218845}. Best is trial 16 with value: 0.5130717158317566.
LOCAL_RANK: 0 - CUDA_VISIBLE_DEVICES: [0]
[I 2023-12-16 11:05:19,693] Trial 45 finished with value: 2.6156508922576904 and parameters: {'gradient_clip_val': 0.21704447425316, 'hidden_size': 29, 'dropout': 0.16557171834170037, 'hidden_continuous_size': 12, 'attention_head_size': 3, 'learning_rate': 0.0010783066984058577}. Best is trial 16 with value: 0.5130717158317566.
LOCAL_RANK: 0 - CUDA_VISIBLE_DEVICES: [0]
[I 2023-12-16 11:06:09,265] Trial 46 finished with value: 5.067820072174072 and parameters: {'gradient_clip_val': 0.27506869098350123, 'hidden_size': 23, 'dropout': 0.10074946330099355, 'hidden_continuous_size': 14, 'attention_head_size': 1, 'learning_rate': 0.010126755661562596}. Best is trial 16 with value: 0.5130717158317566.
LOCAL_RANK: 0 - CUDA_VISIBLE_DEVICES: [0]
[I 2023-12-16 11:06:58,592] Trial 47 finished with value: 0.92498779296875 and parameters: {'gradient_clip_val': 0.24696205768272664, 'hidden_size': 18, 'dropout': 0.3309635535941175, 'hidden_continuous_size': 10, 'attention_head_size': 2, 'learning_rate': 0.002807614835371099}. Best is trial 16 with value: 0.5130717158317566.
LOCAL_RANK: 0 - CUDA_VISIBLE_DEVICES: [0]
[I 2023-12-16 11:07:45,358] Trial 48 finished with value: 2.918401002883911 and parameters: {'gradient_clip_val': 0.25756843530383255, 'hidden_size': 16, 'dropout': 0.3276198301098517, 'hidden_continuous_size': 10, 'attention_head_size': 2, 'learning_rate': 0.002875184544533341}. Best is trial 16 with value: 0.5130717158317566.
LOCAL_RANK: 0 - CUDA_VISIBLE_DEVICES: [0]
[I 2023-12-16 11:08:32,897] Trial 49 finished with value: 0.8830304145812988 and parameters: {'gradient_clip_val': 0.3118127058587672, 'hidden_size': 13, 'dropout': 0.350916520294834, 'hidden_continuous_size': 9, 'attention_head_size': 2, 'learning_rate': 0.0022903036962196427}. Best is trial 16 with value: 0.5130717158317566.
[I 2023-12-16 11:08:32,994] A new study created in memory with name: no-name-918bb827-6379-45e1-812b-384f776d20d8
/home/le004/conda/anaconda3/envs/tsff_env/lib/python3.9/site-packages/lightning/fabric/plugins/environments/slurm.py:191: The `srun` command is available on your system but is not used. HINT: If your intention is to run Lightning on SLURM, prepend your python command with `srun` like so: srun python /home/le004/master_thesis/git/TSFusionForecast/code/ ...
LOCAL_RANK: 0 - CUDA_VISIBLE_DEVICES: [0]
[I 2023-12-16 11:09:23,469] Trial 0 finished with value: 2.044604539871216 and parameters: {'gradient_clip_val': 0.9221449239382983, 'hidden_size': 26, 'dropout': 0.10986498663910589, 'hidden_continuous_size': 6, 'attention_head_size': 3, 'learning_rate': 0.0005732949538474055}. Best is trial 0 with value: 2.044604539871216.
LOCAL_RANK: 0 - CUDA_VISIBLE_DEVICES: [0]
[I 2023-12-16 11:10:18,495] Trial 1 finished with value: 1.8266879320144653 and parameters: {'gradient_clip_val': 0.17679791659015967, 'hidden_size': 59, 'dropout': 0.11671572764864277, 'hidden_continuous_size': 16, 'attention_head_size': 4, 'learning_rate': 0.0006928724007608599}. Best is trial 1 with value: 1.8266879320144653.
LOCAL_RANK: 0 - CUDA_VISIBLE_DEVICES: [0]
[I 2023-12-16 11:11:08,228] Trial 2 finished with value: 1.6189404726028442 and parameters: {'gradient_clip_val': 0.9654465099212222, 'hidden_size': 24, 'dropout': 0.2620554992755435, 'hidden_continuous_size': 14, 'attention_head_size': 3, 'learning_rate': 0.08865973919113816}. Best is trial 2 with value: 1.6189404726028442.
LOCAL_RANK: 0 - CUDA_VISIBLE_DEVICES: [0]
[I 2023-12-16 11:11:57,115] Trial 3 finished with value: 0.6193687915802002 and parameters: {'gradient_clip_val': 0.2406857155306614, 'hidden_size': 24, 'dropout': 0.1899135169614039, 'hidden_continuous_size': 17, 'attention_head_size': 2, 'learning_rate': 0.038219482886145996}. Best is trial 3 with value: 0.6193687915802002.
LOCAL_RANK: 0 - CUDA_VISIBLE_DEVICES: [0]
[I 2023-12-16 11:12:48,677] Trial 4 finished with value: 0.8416895270347595 and parameters: {'gradient_clip_val': 0.18549483608406, 'hidden_size': 27, 'dropout': 0.3975360284693038, 'hidden_continuous_size': 24, 'attention_head_size': 1, 'learning_rate': 0.08356476085173566}. Best is trial 3 with value: 0.6193687915802002.
LOCAL_RANK: 0 - CUDA_VISIBLE_DEVICES: [0]
[I 2023-12-16 11:13:39,738] Trial 5 finished with value: 0.8904876708984375 and parameters: {'gradient_clip_val': 0.1058914365061301, 'hidden_size': 34, 'dropout': 0.21685871524048564, 'hidden_continuous_size': 11, 'attention_head_size': 2, 'learning_rate': 0.004125373494358034}. Best is trial 3 with value: 0.6193687915802002.
LOCAL_RANK: 0 - CUDA_VISIBLE_DEVICES: [0]
[I 2023-12-16 11:14:29,378] Trial 6 finished with value: 0.5021881461143494 and parameters: {'gradient_clip_val': 0.27250909287341396, 'hidden_size': 24, 'dropout': 0.1522885457984993, 'hidden_continuous_size': 9, 'attention_head_size': 4, 'learning_rate': 0.009270517211278436}. Best is trial 6 with value: 0.5021881461143494.
LOCAL_RANK: 0 - CUDA_VISIBLE_DEVICES: [0]
[I 2023-12-16 11:15:16,445] Trial 7 finished with value: 2.001368522644043 and parameters: {'gradient_clip_val': 0.21280885014629622, 'hidden_size': 13, 'dropout': 0.24700776354913556, 'hidden_continuous_size': 5, 'attention_head_size': 4, 'learning_rate': 0.0005503303678210596}. Best is trial 6 with value: 0.5021881461143494.
LOCAL_RANK: 0 - CUDA_VISIBLE_DEVICES: [0]
[I 2023-12-16 11:16:07,073] Trial 8 finished with value: 1.2701565027236938 and parameters: {'gradient_clip_val': 0.14253635083259536, 'hidden_size': 30, 'dropout': 0.16675472108638828, 'hidden_continuous_size': 5, 'attention_head_size': 4, 'learning_rate': 0.09665459270826704}. Best is trial 6 with value: 0.5021881461143494.
LOCAL_RANK: 0 - CUDA_VISIBLE_DEVICES: [0]
[I 2023-12-16 11:16:56,863] Trial 9 finished with value: 1.8485403060913086 and parameters: {'gradient_clip_val': 0.1561216312390155, 'hidden_size': 27, 'dropout': 0.3751629882619657, 'hidden_continuous_size': 7, 'attention_head_size': 3, 'learning_rate': 0.00404592590943529}. Best is trial 6 with value: 0.5021881461143494.
LOCAL_RANK: 0 - CUDA_VISIBLE_DEVICES: [0]
[I 2023-12-16 11:17:32,286] Trial 10 finished with value: 1.4527212381362915 and parameters: {'gradient_clip_val': 0.3650197581396586, 'hidden_size': 5, 'dropout': 0.1496591898236679, 'hidden_continuous_size': 5, 'attention_head_size': 1, 'learning_rate': 0.01596846967961201}. Best is trial 6 with value: 0.5021881461143494.
LOCAL_RANK: 0 - CUDA_VISIBLE_DEVICES: [0]
[I 2023-12-16 11:18:19,354] Trial 11 finished with value: 1.5266529321670532 and parameters: {'gradient_clip_val': 0.3023898916979975, 'hidden_size': 14, 'dropout': 0.18888184738721542, 'hidden_continuous_size': 8, 'attention_head_size': 2, 'learning_rate': 0.02373049623259803}. Best is trial 6 with value: 0.5021881461143494.
LOCAL_RANK: 0 - CUDA_VISIBLE_DEVICES: [0]
[I 2023-12-16 11:19:15,284] Trial 12 finished with value: 0.2679496705532074 and parameters: {'gradient_clip_val': 0.2952898967730808, 'hidden_size': 73, 'dropout': 0.1900470475815632, 'hidden_continuous_size': 41, 'attention_head_size': 2, 'learning_rate': 0.02200147746894036}. Best is trial 12 with value: 0.2679496705532074.
LOCAL_RANK: 0 - CUDA_VISIBLE_DEVICES: [0]
[I 2023-12-16 11:20:12,533] Trial 13 finished with value: 1.2179073095321655 and parameters: {'gradient_clip_val': 0.3650286221138405, 'hidden_size': 89, 'dropout': 0.14208277717087972, 'hidden_continuous_size': 49, 'attention_head_size': 2, 'learning_rate': 0.008754545968785141}. Best is trial 12 with value: 0.2679496705532074.
LOCAL_RANK: 0 - CUDA_VISIBLE_DEVICES: [0]
[I 2023-12-16 11:21:07,653] Trial 14 finished with value: 0.6341332793235779 and parameters: {'gradient_clip_val': 0.48336961323328803, 'hidden_size': 49, 'dropout': 0.10402668627788814, 'hidden_continuous_size': 44, 'attention_head_size': 3, 'learning_rate': 0.01287157051184279}. Best is trial 12 with value: 0.2679496705532074.
LOCAL_RANK: 0 - CUDA_VISIBLE_DEVICES: [0]
[I 2023-12-16 11:22:05,218] Trial 15 finished with value: 1.6341218948364258 and parameters: {'gradient_clip_val': 0.2807809486319791, 'hidden_size': 96, 'dropout': 0.21467833008034176, 'hidden_continuous_size': 85, 'attention_head_size': 1, 'learning_rate': 0.006314398234333661}. Best is trial 12 with value: 0.2679496705532074.
LOCAL_RANK: 0 - CUDA_VISIBLE_DEVICES: [0]
[I 2023-12-16 11:22:58,441] Trial 16 finished with value: 0.6531025767326355 and parameters: {'gradient_clip_val': 0.49489228848200617, 'hidden_size': 52, 'dropout': 0.14877294374346056, 'hidden_continuous_size': 9, 'attention_head_size': 4, 'learning_rate': 0.03154518130807441}. Best is trial 12 with value: 0.2679496705532074.
LOCAL_RANK: 0 - CUDA_VISIBLE_DEVICES: [0]
