[I 2023-12-15 12:16:43,000] Trial 13 finished with value: 3.2093496322631836 and parameters: {'gradient_clip_val': 0.1481069356367127, 'hidden_size': 18, 'dropout': 0.18577946789225092, 'hidden_continuous_size': 9, 'attention_head_size': 4, 'learning_rate': 0.0010367677362048968}. Best is trial 3 with value: 0.9020771980285645.
LOCAL_RANK: 0 - CUDA_VISIBLE_DEVICES: [0]
[I 2023-12-15 12:17:33,218] Trial 14 finished with value: 0.48944032192230225 and parameters: {'gradient_clip_val': 0.2133951846878042, 'hidden_size': 36, 'dropout': 0.25236423182998247, 'hidden_continuous_size': 21, 'attention_head_size': 2, 'learning_rate': 0.004820397709503212}. Best is trial 14 with value: 0.48944032192230225.
LOCAL_RANK: 0 - CUDA_VISIBLE_DEVICES: [0]
[I 2023-12-15 12:18:07,313] Trial 15 finished with value: 0.4865941107273102 and parameters: {'gradient_clip_val': 0.2380048431342766, 'hidden_size': 44, 'dropout': 0.27022242438775784, 'hidden_continuous_size': 44, 'attention_head_size': 1, 'learning_rate': 0.00429412020022642}. Best is trial 15 with value: 0.4865941107273102.
LOCAL_RANK: 0 - CUDA_VISIBLE_DEVICES: [0]
[I 2023-12-15 12:18:41,887] Trial 16 finished with value: 1.5602120161056519 and parameters: {'gradient_clip_val': 0.25515253933805987, 'hidden_size': 56, 'dropout': 0.2704588850605537, 'hidden_continuous_size': 56, 'attention_head_size': 1, 'learning_rate': 0.0039210525854801856}. Best is trial 15 with value: 0.4865941107273102.
LOCAL_RANK: 0 - CUDA_VISIBLE_DEVICES: [0]
[I 2023-12-15 12:19:28,577] Trial 17 finished with value: 1.6573224067687988 and parameters: {'gradient_clip_val': 0.3663834565479535, 'hidden_size': 20, 'dropout': 0.2533991412481152, 'hidden_continuous_size': 11, 'attention_head_size': 1, 'learning_rate': 0.008078992638194782}. Best is trial 15 with value: 0.4865941107273102.
LOCAL_RANK: 0 - CUDA_VISIBLE_DEVICES: [0]
[I 2023-12-15 12:20:20,978] Trial 18 finished with value: 3.242614507675171 and parameters: {'gradient_clip_val': 0.2820694260842726, 'hidden_size': 48, 'dropout': 0.2890756304038592, 'hidden_continuous_size': 39, 'attention_head_size': 2, 'learning_rate': 0.0031017649901346686}. Best is trial 15 with value: 0.4865941107273102.
LOCAL_RANK: 0 - CUDA_VISIBLE_DEVICES: [0]
[I 2023-12-15 12:21:16,762] Trial 19 finished with value: 4.014753818511963 and parameters: {'gradient_clip_val': 0.2028852062304336, 'hidden_size': 79, 'dropout': 0.25185946361078054, 'hidden_continuous_size': 76, 'attention_head_size': 1, 'learning_rate': 0.0016828812360402464}. Best is trial 15 with value: 0.4865941107273102.
LOCAL_RANK: 0 - CUDA_VISIBLE_DEVICES: [0]
[I 2023-12-15 12:22:08,481] Trial 20 finished with value: 0.6484360098838806 and parameters: {'gradient_clip_val': 0.46872198418189237, 'hidden_size': 39, 'dropout': 0.3134923095427493, 'hidden_continuous_size': 19, 'attention_head_size': 2, 'learning_rate': 0.006751924293356036}. Best is trial 15 with value: 0.4865941107273102.
LOCAL_RANK: 0 - CUDA_VISIBLE_DEVICES: [0]
[I 2023-12-15 12:22:59,407] Trial 21 finished with value: 2.7234861850738525 and parameters: {'gradient_clip_val': 0.4753074152888081, 'hidden_size': 40, 'dropout': 0.29514138109665866, 'hidden_continuous_size': 18, 'attention_head_size': 2, 'learning_rate': 0.007101268071446422}. Best is trial 15 with value: 0.4865941107273102.
LOCAL_RANK: 0 - CUDA_VISIBLE_DEVICES: [0]
[I 2023-12-15 12:23:52,090] Trial 22 finished with value: 1.8033720254898071 and parameters: {'gradient_clip_val': 0.289571190183292, 'hidden_size': 59, 'dropout': 0.3099183932298072, 'hidden_continuous_size': 14, 'attention_head_size': 2, 'learning_rate': 0.0045208262059066705}. Best is trial 15 with value: 0.4865941107273102.
LOCAL_RANK: 0 - CUDA_VISIBLE_DEVICES: [0]
[I 2023-12-15 12:24:40,921] Trial 23 finished with value: 2.3476040363311768 and parameters: {'gradient_clip_val': 0.47350459319890154, 'hidden_size': 29, 'dropout': 0.25859710132557395, 'hidden_continuous_size': 19, 'attention_head_size': 1, 'learning_rate': 0.012696952997597526}. Best is trial 15 with value: 0.4865941107273102.
LOCAL_RANK: 0 - CUDA_VISIBLE_DEVICES: [0]
[I 2023-12-15 12:25:32,736] Trial 24 finished with value: 5.540475368499756 and parameters: {'gradient_clip_val': 0.20416099251073316, 'hidden_size': 43, 'dropout': 0.2697617700327253, 'hidden_continuous_size': 22, 'attention_head_size': 2, 'learning_rate': 0.003257964873040347}. Best is trial 15 with value: 0.4865941107273102.
LOCAL_RANK: 0 - CUDA_VISIBLE_DEVICES: [0]
[I 2023-12-15 12:26:22,302] Trial 25 finished with value: 0.9370757937431335 and parameters: {'gradient_clip_val': 0.26061315781019057, 'hidden_size': 34, 'dropout': 0.24434760524670576, 'hidden_continuous_size': 14, 'attention_head_size': 1, 'learning_rate': 0.006009848239357049}. Best is trial 15 with value: 0.4865941107273102.
LOCAL_RANK: 0 - CUDA_VISIBLE_DEVICES: [0]
[I 2023-12-15 12:27:10,926] Trial 26 finished with value: 3.827382802963257 and parameters: {'gradient_clip_val': 0.34033621480611276, 'hidden_size': 26, 'dropout': 0.32514536808175293, 'hidden_continuous_size': 15, 'attention_head_size': 2, 'learning_rate': 0.009559212315347263}. Best is trial 15 with value: 0.4865941107273102.
LOCAL_RANK: 0 - CUDA_VISIBLE_DEVICES: [0]
[I 2023-12-15 12:27:59,116] Trial 27 finished with value: 0.49295178055763245 and parameters: {'gradient_clip_val': 0.19506892317967534, 'hidden_size': 21, 'dropout': 0.23638525947134154, 'hidden_continuous_size': 12, 'attention_head_size': 2, 'learning_rate': 0.00125046460652793}. Best is trial 15 with value: 0.4865941107273102.
LOCAL_RANK: 0 - CUDA_VISIBLE_DEVICES: [0]
[I 2023-12-15 12:28:46,294] Trial 28 finished with value: 1.9704517126083374 and parameters: {'gradient_clip_val': 0.18685941419961083, 'hidden_size': 18, 'dropout': 0.2389348991316448, 'hidden_continuous_size': 11, 'attention_head_size': 1, 'learning_rate': 0.0014898527260633807}. Best is trial 15 with value: 0.4865941107273102.
LOCAL_RANK: 0 - CUDA_VISIBLE_DEVICES: [0]
[I 2023-12-15 12:29:34,636] Trial 29 finished with value: 2.121558427810669 and parameters: {'gradient_clip_val': 0.13305788826152762, 'hidden_size': 23, 'dropout': 0.1750716516786484, 'hidden_continuous_size': 12, 'attention_head_size': 2, 'learning_rate': 0.0011878155015450284}. Best is trial 15 with value: 0.4865941107273102.
LOCAL_RANK: 0 - CUDA_VISIBLE_DEVICES: [0]
[I 2023-12-15 12:30:19,627] Trial 30 finished with value: 0.8618335723876953 and parameters: {'gradient_clip_val': 0.23737809793378342, 'hidden_size': 15, 'dropout': 0.23385544057817875, 'hidden_continuous_size': 9, 'attention_head_size': 1, 'learning_rate': 0.002583531385756596}. Best is trial 15 with value: 0.4865941107273102.
LOCAL_RANK: 0 - CUDA_VISIBLE_DEVICES: [0]
[I 2023-12-15 12:31:07,795] Trial 31 finished with value: 3.0420825481414795 and parameters: {'gradient_clip_val': 0.20782113943792754, 'hidden_size': 23, 'dropout': 0.27727248911132574, 'hidden_continuous_size': 15, 'attention_head_size': 2, 'learning_rate': 0.004800324863681944}. Best is trial 15 with value: 0.4865941107273102.
LOCAL_RANK: 0 - CUDA_VISIBLE_DEVICES: [0]
[I 2023-12-15 12:31:59,302] Trial 32 finished with value: 1.2779501676559448 and parameters: {'gradient_clip_val': 0.24180806535402066, 'hidden_size': 34, 'dropout': 0.26485342068512086, 'hidden_continuous_size': 19, 'attention_head_size': 2, 'learning_rate': 0.003382387355023095}. Best is trial 15 with value: 0.4865941107273102.
LOCAL_RANK: 0 - CUDA_VISIBLE_DEVICES: [0]
[I 2023-12-15 12:32:48,095] Trial 33 finished with value: 2.7412121295928955 and parameters: {'gradient_clip_val': 0.2913758456882225, 'hidden_size': 25, 'dropout': 0.2902666942831328, 'hidden_continuous_size': 16, 'attention_head_size': 3, 'learning_rate': 0.006623632564296517}. Best is trial 15 with value: 0.4865941107273102.
LOCAL_RANK: 0 - CUDA_VISIBLE_DEVICES: [0]
[I 2023-12-15 12:33:39,791] Trial 34 finished with value: 0.439180463552475 and parameters: {'gradient_clip_val': 0.19551872644414617, 'hidden_size': 39, 'dropout': 0.36638512812723156, 'hidden_continuous_size': 17, 'attention_head_size': 2, 'learning_rate': 0.0021840829692894477}. Best is trial 34 with value: 0.439180463552475.
LOCAL_RANK: 0 - CUDA_VISIBLE_DEVICES: [0]
[I 2023-12-15 12:34:32,327] Trial 35 finished with value: 2.9419472217559814 and parameters: {'gradient_clip_val': 0.18555611380601372, 'hidden_size': 49, 'dropout': 0.3586851618335183, 'hidden_continuous_size': 21, 'attention_head_size': 3, 'learning_rate': 0.001997547125385531}. Best is trial 34 with value: 0.439180463552475.
LOCAL_RANK: 0 - CUDA_VISIBLE_DEVICES: [0]
[I 2023-12-15 12:35:21,073] Trial 36 finished with value: 2.9240806102752686 and parameters: {'gradient_clip_val': 0.1251500242010933, 'hidden_size': 32, 'dropout': 0.3877603576783166, 'hidden_continuous_size': 17, 'attention_head_size': 2, 'learning_rate': 0.001300254477073828}. Best is trial 34 with value: 0.439180463552475.
LOCAL_RANK: 0 - CUDA_VISIBLE_DEVICES: [0]
[I 2023-12-15 12:36:13,346] Trial 37 finished with value: 3.472127914428711 and parameters: {'gradient_clip_val': 0.21949842147720589, 'hidden_size': 41, 'dropout': 0.3761526079786405, 'hidden_continuous_size': 16, 'attention_head_size': 3, 'learning_rate': 0.000925491280599303}. Best is trial 34 with value: 0.439180463552475.
LOCAL_RANK: 0 - CUDA_VISIBLE_DEVICES: [0]
[I 2023-12-15 12:37:01,788] Trial 38 finished with value: 2.1300227642059326 and parameters: {'gradient_clip_val': 0.23745248305982272, 'hidden_size': 27, 'dropout': 0.33715888395845395, 'hidden_continuous_size': 12, 'attention_head_size': 2, 'learning_rate': 0.0023819175550116997}. Best is trial 34 with value: 0.439180463552475.
LOCAL_RANK: 0 - CUDA_VISIBLE_DEVICES: [0]
[I 2023-12-15 12:37:49,551] Trial 39 finished with value: 3.8023006916046143 and parameters: {'gradient_clip_val': 0.1535403122008556, 'hidden_size': 22, 'dropout': 0.36958121160987956, 'hidden_continuous_size': 13, 'attention_head_size': 1, 'learning_rate': 0.0014546490788350166}. Best is trial 34 with value: 0.439180463552475.
LOCAL_RANK: 0 - CUDA_VISIBLE_DEVICES: [0]
[I 2023-12-15 12:38:35,371] Trial 40 finished with value: 0.1798207312822342 and parameters: {'gradient_clip_val': 0.18490716450748865, 'hidden_size': 13, 'dropout': 0.3366589054981701, 'hidden_continuous_size': 9, 'attention_head_size': 3, 'learning_rate': 0.004326830853310083}. Best is trial 40 with value: 0.1798207312822342.
LOCAL_RANK: 0 - CUDA_VISIBLE_DEVICES: [0]
[I 2023-12-15 12:39:21,031] Trial 41 finished with value: 0.16929267346858978 and parameters: {'gradient_clip_val': 0.186917727753278, 'hidden_size': 13, 'dropout': 0.34601490193895823, 'hidden_continuous_size': 9, 'attention_head_size': 3, 'learning_rate': 0.004941782832389806}. Best is trial 41 with value: 0.16929267346858978.
LOCAL_RANK: 0 - CUDA_VISIBLE_DEVICES: [0]
[I 2023-12-15 12:40:05,381] Trial 42 finished with value: 2.2431843280792236 and parameters: {'gradient_clip_val': 0.18038190532831488, 'hidden_size': 12, 'dropout': 0.3491683482458504, 'hidden_continuous_size': 8, 'attention_head_size': 3, 'learning_rate': 0.00500259926715914}. Best is trial 41 with value: 0.16929267346858978.
LOCAL_RANK: 0 - CUDA_VISIBLE_DEVICES: [0]
[I 2023-12-15 12:40:49,447] Trial 43 finished with value: 2.7573578357696533 and parameters: {'gradient_clip_val': 0.2213259703115488, 'hidden_size': 12, 'dropout': 0.3267372469233325, 'hidden_continuous_size': 7, 'attention_head_size': 3, 'learning_rate': 0.0039859059429734785}. Best is trial 41 with value: 0.16929267346858978.
LOCAL_RANK: 0 - CUDA_VISIBLE_DEVICES: [0]
[I 2023-12-15 12:41:34,685] Trial 44 finished with value: 4.1942138671875 and parameters: {'gradient_clip_val': 0.16191474881741794, 'hidden_size': 10, 'dropout': 0.3473055214742017, 'hidden_continuous_size': 6, 'attention_head_size': 3, 'learning_rate': 0.0026808882289332276}. Best is trial 41 with value: 0.16929267346858978.
LOCAL_RANK: 0 - CUDA_VISIBLE_DEVICES: [0]
[I 2023-12-15 12:42:19,709] Trial 45 finished with value: 1.4448394775390625 and parameters: {'gradient_clip_val': 0.1731375262988178, 'hidden_size': 16, 'dropout': 0.36809486671297975, 'hidden_continuous_size': 10, 'attention_head_size': 3, 'learning_rate': 0.005569109334536602}. Best is trial 41 with value: 0.16929267346858978.
LOCAL_RANK: 0 - CUDA_VISIBLE_DEVICES: [0]
[I 2023-12-15 12:43:03,587] Trial 46 finished with value: 2.2563488483428955 and parameters: {'gradient_clip_val': 0.1928415170161954, 'hidden_size': 8, 'dropout': 0.38418601141135217, 'hidden_continuous_size': 6, 'attention_head_size': 3, 'learning_rate': 0.0038138702813686723}. Best is trial 41 with value: 0.16929267346858978.
LOCAL_RANK: 0 - CUDA_VISIBLE_DEVICES: [0]
[I 2023-12-15 12:43:49,326] Trial 47 finished with value: 0.3466113805770874 and parameters: {'gradient_clip_val': 0.13646034648967467, 'hidden_size': 14, 'dropout': 0.3575437844456066, 'hidden_continuous_size': 10, 'attention_head_size': 3, 'learning_rate': 0.0020273464201607354}. Best is trial 41 with value: 0.16929267346858978.
LOCAL_RANK: 0 - CUDA_VISIBLE_DEVICES: [0]
[I 2023-12-15 12:44:34,455] Trial 48 finished with value: 2.1094493865966797 and parameters: {'gradient_clip_val': 0.13822982555102578, 'hidden_size': 16, 'dropout': 0.3577109343406528, 'hidden_continuous_size': 10, 'attention_head_size': 3, 'learning_rate': 0.0019860543236508757}. Best is trial 41 with value: 0.16929267346858978.
LOCAL_RANK: 0 - CUDA_VISIBLE_DEVICES: [0]
[I 2023-12-15 12:45:20,389] Trial 49 finished with value: 4.680026054382324 and parameters: {'gradient_clip_val': 0.1127144558357541, 'hidden_size': 13, 'dropout': 0.34099985072854655, 'hidden_continuous_size': 8, 'attention_head_size': 4, 'learning_rate': 0.0022011128146703644}. Best is trial 41 with value: 0.16929267346858978.
[I 2023-12-15 12:45:20,484] A new study created in memory with name: no-name-a9971e66-91f8-45d4-96ab-57287c8cf18c
/home/le004/conda/anaconda3/envs/tsff_env/lib/python3.9/site-packages/lightning/fabric/plugins/environments/slurm.py:191: The `srun` command is available on your system but is not used. HINT: If your intention is to run Lightning on SLURM, prepend your python command with `srun` like so: srun python /home/le004/master_thesis/git/TSFusionForecast/code/ ...
LOCAL_RANK: 0 - CUDA_VISIBLE_DEVICES: [0]
[I 2023-12-15 12:46:05,904] Trial 0 finished with value: 0.6187294125556946 and parameters: {'gradient_clip_val': 0.8004875381013346, 'hidden_size': 17, 'dropout': 0.22982214760796016, 'hidden_continuous_size': 5, 'attention_head_size': 2, 'learning_rate': 0.04777533952287013}. Best is trial 0 with value: 0.6187294125556946.
LOCAL_RANK: 0 - CUDA_VISIBLE_DEVICES: [0]
[I 2023-12-15 12:46:57,360] Trial 1 finished with value: 0.13984151184558868 and parameters: {'gradient_clip_val': 0.2779436499543636, 'hidden_size': 48, 'dropout': 0.11821529000158115, 'hidden_continuous_size': 25, 'attention_head_size': 2, 'learning_rate': 0.09904787967940958}. Best is trial 1 with value: 0.13984151184558868.
LOCAL_RANK: 0 - CUDA_VISIBLE_DEVICES: [0]
[I 2023-12-15 12:47:44,983] Trial 2 finished with value: 1.5653122663497925 and parameters: {'gradient_clip_val': 0.16570200914295372, 'hidden_size': 28, 'dropout': 0.33259192007329375, 'hidden_continuous_size': 15, 'attention_head_size': 3, 'learning_rate': 0.01789842026090879}. Best is trial 1 with value: 0.13984151184558868.
LOCAL_RANK: 0 - CUDA_VISIBLE_DEVICES: [0]
[I 2023-12-15 12:48:35,540] Trial 3 finished with value: 0.6252742409706116 and parameters: {'gradient_clip_val': 0.24082406698275158, 'hidden_size': 40, 'dropout': 0.39628804560546127, 'hidden_continuous_size': 17, 'attention_head_size': 2, 'learning_rate': 0.0006396085192627223}. Best is trial 1 with value: 0.13984151184558868.
LOCAL_RANK: 0 - CUDA_VISIBLE_DEVICES: [0]
[I 2023-12-15 12:49:26,481] Trial 4 finished with value: 1.3375753164291382 and parameters: {'gradient_clip_val': 0.5903546044706629, 'hidden_size': 81, 'dropout': 0.17590057215774257, 'hidden_continuous_size': 5, 'attention_head_size': 1, 'learning_rate': 0.006574771384908687}. Best is trial 1 with value: 0.13984151184558868.
LOCAL_RANK: 0 - CUDA_VISIBLE_DEVICES: [0]
[I 2023-12-15 12:50:14,031] Trial 5 finished with value: 0.5256679654121399 and parameters: {'gradient_clip_val': 0.6374587424955812, 'hidden_size': 32, 'dropout': 0.31507937982589607, 'hidden_continuous_size': 11, 'attention_head_size': 2, 'learning_rate': 0.0606012444733772}. Best is trial 1 with value: 0.13984151184558868.
LOCAL_RANK: 0 - CUDA_VISIBLE_DEVICES: [0]
[I 2023-12-15 12:51:01,435] Trial 6 finished with value: 1.823897361755371 and parameters: {'gradient_clip_val': 0.9444051591565613, 'hidden_size': 23, 'dropout': 0.34359105870610457, 'hidden_continuous_size': 5, 'attention_head_size': 2, 'learning_rate': 0.001323238959097871}. Best is trial 1 with value: 0.13984151184558868.
LOCAL_RANK: 0 - CUDA_VISIBLE_DEVICES: [0]
[I 2023-12-15 12:51:46,819] Trial 7 finished with value: 0.49258390069007874 and parameters: {'gradient_clip_val': 0.133697272992357, 'hidden_size': 15, 'dropout': 0.3369505115046221, 'hidden_continuous_size': 7, 'attention_head_size': 2, 'learning_rate': 0.06260823621157047}. Best is trial 1 with value: 0.13984151184558868.
LOCAL_RANK: 0 - CUDA_VISIBLE_DEVICES: [0]
[I 2023-12-15 12:52:38,002] Trial 8 finished with value: 2.776475667953491 and parameters: {'gradient_clip_val': 0.16828166572782746, 'hidden_size': 43, 'dropout': 0.17615768824441852, 'hidden_continuous_size': 11, 'attention_head_size': 1, 'learning_rate': 0.05419610809641954}. Best is trial 1 with value: 0.13984151184558868.
LOCAL_RANK: 0 - CUDA_VISIBLE_DEVICES: [0]
[I 2023-12-15 12:53:22,211] Trial 9 finished with value: 1.264658808708191 and parameters: {'gradient_clip_val': 0.34079808502634895, 'hidden_size': 12, 'dropout': 0.35800432730189813, 'hidden_continuous_size': 6, 'attention_head_size': 4, 'learning_rate': 0.06711097670460599}. Best is trial 1 with value: 0.13984151184558868.
LOCAL_RANK: 0 - CUDA_VISIBLE_DEVICES: [0]
[I 2023-12-15 12:53:56,440] Trial 10 finished with value: 1.2853953838348389 and parameters: {'gradient_clip_val': 0.3644172828378976, 'hidden_size': 5, 'dropout': 0.10226642506774002, 'hidden_continuous_size': 5, 'attention_head_size': 4, 'learning_rate': 0.013379261376191533}. Best is trial 1 with value: 0.13984151184558868.
LOCAL_RANK: 0 - CUDA_VISIBLE_DEVICES: [0]
[I 2023-12-15 12:54:50,933] Trial 11 finished with value: 0.1890118569135666 and parameters: {'gradient_clip_val': 0.1259324235335906, 'hidden_size': 80, 'dropout': 0.2789627179373331, 'hidden_continuous_size': 39, 'attention_head_size': 3, 'learning_rate': 0.08430564367365546}. Best is trial 1 with value: 0.13984151184558868.
LOCAL_RANK: 0 - CUDA_VISIBLE_DEVICES: [0]
[I 2023-12-15 12:55:46,291] Trial 12 finished with value: 0.16688697040081024 and parameters: {'gradient_clip_val': 0.10126356973022359, 'hidden_size': 86, 'dropout': 0.26821178185804995, 'hidden_continuous_size': 39, 'attention_head_size': 3, 'learning_rate': 0.0846850314893919}. Best is trial 1 with value: 0.13984151184558868.
LOCAL_RANK: 0 - CUDA_VISIBLE_DEVICES: [0]
[I 2023-12-15 12:56:41,681] Trial 13 finished with value: 2.6883461475372314 and parameters: {'gradient_clip_val': 0.10420377105636738, 'hidden_size': 89, 'dropout': 0.2444311756099025, 'hidden_continuous_size': 45, 'attention_head_size': 3, 'learning_rate': 0.024859700083611817}. Best is trial 1 with value: 0.13984151184558868.
LOCAL_RANK: 0 - CUDA_VISIBLE_DEVICES: [0]
[I 2023-12-15 12:57:34,892] Trial 14 finished with value: 1.4064708948135376 and parameters: {'gradient_clip_val': 0.24080487874026532, 'hidden_size': 60, 'dropout': 0.27922254138843416, 'hidden_continuous_size': 31, 'attention_head_size': 3, 'learning_rate': 0.09793121844755576}. Best is trial 1 with value: 0.13984151184558868.
LOCAL_RANK: 0 - CUDA_VISIBLE_DEVICES: [0]
[I 2023-12-15 12:58:28,157] Trial 15 finished with value: 0.24859492480754852 and parameters: {'gradient_clip_val': 0.43291054265399037, 'hidden_size': 55, 'dropout': 0.10264583723987217, 'hidden_continuous_size': 29, 'attention_head_size': 4, 'learning_rate': 0.02934937284597287}. Best is trial 1 with value: 0.13984151184558868.
LOCAL_RANK: 0 - CUDA_VISIBLE_DEVICES: [0]
[I 2023-12-15 12:59:23,613] Trial 16 finished with value: 1.214446783065796 and parameters: {'gradient_clip_val': 0.10136140232820001, 'hidden_size': 96, 'dropout': 0.19717051402559505, 'hidden_continuous_size': 74, 'attention_head_size': 1, 'learning_rate': 0.009852136640367255}. Best is trial 1 with value: 0.13984151184558868.
LOCAL_RANK: 0 - CUDA_VISIBLE_DEVICES: [0]
[I 2023-12-15 13:00:16,462] Trial 17 finished with value: 2.6319668292999268 and parameters: {'gradient_clip_val': 0.24984216917359844, 'hidden_size': 55, 'dropout': 0.1425268164500368, 'hidden_continuous_size': 23, 'attention_head_size': 3, 'learning_rate': 0.03072473904070709}. Best is trial 1 with value: 0.13984151184558868.
LOCAL_RANK: 0 - CUDA_VISIBLE_DEVICES: [0]
[I 2023-12-15 13:01:09,620] Trial 18 finished with value: 0.12018241733312607 and parameters: {'gradient_clip_val': 0.1750031091462271, 'hidden_size': 67, 'dropout': 0.22335504733147626, 'hidden_continuous_size': 23, 'attention_head_size': 2, 'learning_rate': 0.09772902012172904}. Best is trial 18 with value: 0.12018241733312607.
LOCAL_RANK: 0 - CUDA_VISIBLE_DEVICES: [0]
[I 2023-12-15 13:02:00,110] Trial 19 finished with value: 2.9133427143096924 and parameters: {'gradient_clip_val': 0.1931155017419278, 'hidden_size': 40, 'dropout': 0.22292846365075067, 'hidden_continuous_size': 19, 'attention_head_size': 1, 'learning_rate': 0.03543351660732732}. Best is trial 18 with value: 0.12018241733312607.
LOCAL_RANK: 0 - CUDA_VISIBLE_DEVICES: [0]
