[I 2023-12-26 15:08:08,568] Trial 13 finished with value: 382.8553771972656 and parameters: {'gradient_clip_val': 0.5380544846143609, 'hidden_size': 40, 'dropout': 0.32723708762797593, 'hidden_continuous_size': 9, 'attention_head_size': 4, 'learning_rate': 0.000987488934231783}. Best is trial 1 with value: 192.23426818847656.
[I 2023-12-26 15:08:10,635] Trial 14 finished with value: 526.8644409179688 and parameters: {'gradient_clip_val': 0.2526373422997, 'hidden_size': 13, 'dropout': 0.4109955695023422, 'hidden_continuous_size': 5, 'attention_head_size': 3, 'learning_rate': 0.004015103775216581}. Best is trial 1 with value: 192.23426818847656.
[I 2023-12-26 15:08:13,646] Trial 15 finished with value: 443.18505859375 and parameters: {'gradient_clip_val': 0.5606080454196593, 'hidden_size': 47, 'dropout': 0.4910105566120895, 'hidden_continuous_size': 15, 'attention_head_size': 4, 'learning_rate': 0.0020585812548614218}. Best is trial 1 with value: 192.23426818847656.
[I 2023-12-26 15:08:15,853] Trial 16 finished with value: 433.3272705078125 and parameters: {'gradient_clip_val': 0.32486438694242803, 'hidden_size': 22, 'dropout': 0.37675053054732144, 'hidden_continuous_size': 8, 'attention_head_size': 3, 'learning_rate': 0.0005542542545590883}. Best is trial 1 with value: 192.23426818847656.
[I 2023-12-26 15:08:19,938] Trial 17 finished with value: 395.4999084472656 and parameters: {'gradient_clip_val': 0.47206742774713883, 'hidden_size': 74, 'dropout': 0.3097177865875257, 'hidden_continuous_size': 13, 'attention_head_size': 4, 'learning_rate': 0.004641984868069165}. Best is trial 1 with value: 192.23426818847656.
[I 2023-12-26 15:08:25,596] Trial 18 finished with value: 403.3618469238281 and parameters: {'gradient_clip_val': 0.29753673591536456, 'hidden_size': 97, 'dropout': 0.45219266270774144, 'hidden_continuous_size': 19, 'attention_head_size': 3, 'learning_rate': 0.0012165326311331076}. Best is trial 1 with value: 192.23426818847656.
[I 2023-12-26 15:08:28,613] Trial 19 finished with value: 508.76318359375 and parameters: {'gradient_clip_val': 0.6594784986048688, 'hidden_size': 44, 'dropout': 0.38800005544688626, 'hidden_continuous_size': 11, 'attention_head_size': 2, 'learning_rate': 0.0009459259360625014}. Best is trial 1 with value: 192.23426818847656.
[I 2023-12-26 15:08:34,330] Trial 20 finished with value: 569.18701171875 and parameters: {'gradient_clip_val': 0.3715360215402717, 'hidden_size': 97, 'dropout': 0.43755031236224706, 'hidden_continuous_size': 28, 'attention_head_size': 4, 'learning_rate': 0.002822466264084041}. Best is trial 1 with value: 192.23426818847656.
[I 2023-12-26 15:08:36,070] Trial 21 finished with value: 409.7879638671875 and parameters: {'gradient_clip_val': 0.1805202719592017, 'hidden_size': 5, 'dropout': 0.4862799600273069, 'hidden_continuous_size': 5, 'attention_head_size': 2, 'learning_rate': 0.010688688040303622}. Best is trial 1 with value: 192.23426818847656.
[I 2023-12-26 15:08:37,951] Trial 22 finished with value: 430.3366394042969 and parameters: {'gradient_clip_val': 0.30160360887439985, 'hidden_size': 7, 'dropout': 0.4622627547990497, 'hidden_continuous_size': 5, 'attention_head_size': 1, 'learning_rate': 0.0076826497962145844}. Best is trial 1 with value: 192.23426818847656.
[I 2023-12-26 15:08:39,787] Trial 23 finished with value: 462.2723388671875 and parameters: {'gradient_clip_val': 0.4549207212840439, 'hidden_size': 8, 'dropout': 0.42547621877583097, 'hidden_continuous_size': 6, 'attention_head_size': 1, 'learning_rate': 0.016613143862050195}. Best is trial 1 with value: 192.23426818847656.
[I 2023-12-26 15:08:41,509] Trial 24 finished with value: 567.7439575195312 and parameters: {'gradient_clip_val': 0.10402184613864696, 'hidden_size': 5, 'dropout': 0.49303544431211216, 'hidden_continuous_size': 5, 'attention_head_size': 1, 'learning_rate': 0.0057996051024624615}. Best is trial 1 with value: 192.23426818847656.
[I 2023-12-26 15:08:43,555] Trial 25 finished with value: 507.8507385253906 and parameters: {'gradient_clip_val': 0.30747424635525206, 'hidden_size': 12, 'dropout': 0.36754753039025245, 'hidden_continuous_size': 7, 'attention_head_size': 3, 'learning_rate': 0.0032264897576991807}. Best is trial 1 with value: 192.23426818847656.
[I 2023-12-26 15:08:45,634] Trial 26 finished with value: 395.5831604003906 and parameters: {'gradient_clip_val': 0.14028262654188026, 'hidden_size': 18, 'dropout': 0.45671546573912286, 'hidden_continuous_size': 8, 'attention_head_size': 2, 'learning_rate': 0.006843301187136217}. Best is trial 1 with value: 192.23426818847656.
[I 2023-12-26 15:08:47,987] Trial 27 finished with value: 368.4913024902344 and parameters: {'gradient_clip_val': 0.20653164037534671, 'hidden_size': 27, 'dropout': 0.40380897370757846, 'hidden_continuous_size': 9, 'attention_head_size': 1, 'learning_rate': 0.013738381850345593}. Best is trial 1 with value: 192.23426818847656.
[I 2023-12-26 15:08:50,133] Trial 28 finished with value: 413.2658996582031 and parameters: {'gradient_clip_val': 0.26976251271854124, 'hidden_size': 15, 'dropout': 0.3716093286757214, 'hidden_continuous_size': 7, 'attention_head_size': 3, 'learning_rate': 0.021078280021694207}. Best is trial 1 with value: 192.23426818847656.
[I 2023-12-26 15:08:52,101] Trial 29 finished with value: 492.431884765625 and parameters: {'gradient_clip_val': 0.362882444446465, 'hidden_size': 10, 'dropout': 0.4638568140634402, 'hidden_continuous_size': 6, 'attention_head_size': 1, 'learning_rate': 0.009152511444034542}. Best is trial 1 with value: 192.23426818847656.
[I 2023-12-26 15:08:54,053] Trial 30 finished with value: 462.301025390625 and parameters: {'gradient_clip_val': 0.7199924357475874, 'hidden_size': 7, 'dropout': 0.11375685160079663, 'hidden_continuous_size': 5, 'attention_head_size': 4, 'learning_rate': 0.02696694538061074}. Best is trial 1 with value: 192.23426818847656.
[I 2023-12-26 15:08:56,606] Trial 31 finished with value: 430.2025451660156 and parameters: {'gradient_clip_val': 0.10882760906442399, 'hidden_size': 23, 'dropout': 0.28455606571056813, 'hidden_continuous_size': 10, 'attention_head_size': 4, 'learning_rate': 0.008075490784577814}. Best is trial 1 with value: 192.23426818847656.
[I 2023-12-26 15:08:58,824] Trial 32 finished with value: 496.0772399902344 and parameters: {'gradient_clip_val': 0.10079641269467446, 'hidden_size': 20, 'dropout': 0.23980046819978645, 'hidden_continuous_size': 10, 'attention_head_size': 4, 'learning_rate': 0.005653869844098197}. Best is trial 1 with value: 192.23426818847656.
[I 2023-12-26 15:09:01,453] Trial 33 finished with value: 572.7275390625 and parameters: {'gradient_clip_val': 0.21615787827575228, 'hidden_size': 35, 'dropout': 0.3303542675976012, 'hidden_continuous_size': 13, 'attention_head_size': 4, 'learning_rate': 0.01189931035215307}. Best is trial 1 with value: 192.23426818847656.
[I 2023-12-26 15:09:03,762] Trial 34 finished with value: 574.1207885742188 and parameters: {'gradient_clip_val': 0.12517677746312894, 'hidden_size': 25, 'dropout': 0.20795097627106765, 'hidden_continuous_size': 9, 'attention_head_size': 3, 'learning_rate': 0.008665583185635931}. Best is trial 1 with value: 192.23426818847656.
[I 2023-12-26 15:09:05,836] Trial 35 finished with value: 298.5079650878906 and parameters: {'gradient_clip_val': 0.15399008166642492, 'hidden_size': 18, 'dropout': 0.41013480680429837, 'hidden_continuous_size': 8, 'attention_head_size': 2, 'learning_rate': 0.004208190116276754}. Best is trial 1 with value: 192.23426818847656.
[I 2023-12-26 15:09:09,054] Trial 36 finished with value: 578.3214111328125 and parameters: {'gradient_clip_val': 0.17247975124778442, 'hidden_size': 57, 'dropout': 0.4090826938630884, 'hidden_continuous_size': 12, 'attention_head_size': 2, 'learning_rate': 0.0037273427246272608}. Best is trial 1 with value: 192.23426818847656.
[I 2023-12-26 15:09:11,471] Trial 37 finished with value: 458.4931945800781 and parameters: {'gradient_clip_val': 0.15371954945926197, 'hidden_size': 29, 'dropout': 0.35104173014264994, 'hidden_continuous_size': 8, 'attention_head_size': 2, 'learning_rate': 0.002077772410789704}. Best is trial 1 with value: 192.23426818847656.
[I 2023-12-26 15:09:13,494] Trial 38 finished with value: 529.8507690429688 and parameters: {'gradient_clip_val': 0.2027400114313025, 'hidden_size': 17, 'dropout': 0.44008469218400753, 'hidden_continuous_size': 6, 'attention_head_size': 1, 'learning_rate': 0.004822769730997625}. Best is trial 1 with value: 192.23426818847656.
[I 2023-12-26 15:09:15,595] Trial 39 finished with value: 504.2884216308594 and parameters: {'gradient_clip_val': 0.22466869497721878, 'hidden_size': 14, 'dropout': 0.42436833174962457, 'hidden_continuous_size': 7, 'attention_head_size': 2, 'learning_rate': 0.014653586467058246}. Best is trial 1 with value: 192.23426818847656.
[I 2023-12-26 15:09:17,613] Trial 40 finished with value: 469.9764099121094 and parameters: {'gradient_clip_val': 0.26998900821219557, 'hidden_size': 12, 'dropout': 0.3840469704658539, 'hidden_continuous_size': 6, 'attention_head_size': 2, 'learning_rate': 0.01100466295170865}. Best is trial 1 with value: 192.23426818847656.
[I 2023-12-26 15:09:19,815] Trial 41 finished with value: 535.753173828125 and parameters: {'gradient_clip_val': 0.12147826469151002, 'hidden_size': 20, 'dropout': 0.2717417676795102, 'hidden_continuous_size': 11, 'attention_head_size': 3, 'learning_rate': 0.005822676849867813}. Best is trial 1 with value: 192.23426818847656.
[I 2023-12-26 15:09:22,354] Trial 42 finished with value: 576.4285278320312 and parameters: {'gradient_clip_val': 0.1419174677782038, 'hidden_size': 30, 'dropout': 0.31097573609793716, 'hidden_continuous_size': 10, 'attention_head_size': 4, 'learning_rate': 0.003781383808894891}. Best is trial 1 with value: 192.23426818847656.
[I 2023-12-26 15:09:25,201] Trial 43 finished with value: 515.7673950195312 and parameters: {'gradient_clip_val': 0.16925833768688214, 'hidden_size': 35, 'dropout': 0.36418729404043804, 'hidden_continuous_size': 9, 'attention_head_size': 4, 'learning_rate': 0.007262442580196945}. Best is trial 1 with value: 192.23426818847656.
[I 2023-12-26 15:09:27,143] Trial 44 finished with value: 434.9602966308594 and parameters: {'gradient_clip_val': 0.12982730816907292, 'hidden_size': 16, 'dropout': 0.39878435349943026, 'hidden_continuous_size': 8, 'attention_head_size': 3, 'learning_rate': 0.0025745625593465746}. Best is trial 1 with value: 192.23426818847656.
[I 2023-12-26 15:09:29,535] Trial 45 finished with value: 539.5454711914062 and parameters: {'gradient_clip_val': 0.11421429945362772, 'hidden_size': 25, 'dropout': 0.47742433880203045, 'hidden_continuous_size': 12, 'attention_head_size': 4, 'learning_rate': 0.039828732720848845}. Best is trial 1 with value: 192.23426818847656.
[I 2023-12-26 15:09:31,789] Trial 46 finished with value: 406.1505432128906 and parameters: {'gradient_clip_val': 0.11308593284112382, 'hidden_size': 21, 'dropout': 0.334186030864628, 'hidden_continuous_size': 11, 'attention_head_size': 3, 'learning_rate': 0.009558396568298412}. Best is trial 1 with value: 192.23426818847656.
[I 2023-12-26 15:09:33,842] Trial 47 finished with value: 503.6980895996094 and parameters: {'gradient_clip_val': 0.15678918461613575, 'hidden_size': 18, 'dropout': 0.3502741349736662, 'hidden_continuous_size': 8, 'attention_head_size': 1, 'learning_rate': 0.018753215958183404}. Best is trial 1 with value: 192.23426818847656.
[I 2023-12-26 15:09:35,868] Trial 48 finished with value: 492.7975769042969 and parameters: {'gradient_clip_val': 0.24294153577920657, 'hidden_size': 11, 'dropout': 0.47157712137220686, 'hidden_continuous_size': 7, 'attention_head_size': 2, 'learning_rate': 0.0006281100924181042}. Best is trial 1 with value: 192.23426818847656.
[I 2023-12-26 15:09:38,072] Trial 49 finished with value: 438.3008117675781 and parameters: {'gradient_clip_val': 0.13811974532941554, 'hidden_size': 15, 'dropout': 0.439655203195598, 'hidden_continuous_size': 9, 'attention_head_size': 4, 'learning_rate': 0.028003490599639944}. Best is trial 1 with value: 192.23426818847656.
[I 2023-12-26 15:09:38,188] A new study created in memory with name: no-name-04591982-a029-44ef-8bb8-1a4d5d8bc2ca
/home/le004/conda/anaconda3/envs/tsff_env/lib/python3.9/site-packages/lightning/fabric/plugins/environments/slurm.py:191: The `srun` command is available on your system but is not used. HINT: If your intention is to run Lightning on SLURM, prepend your python command with `srun` like so: srun python /home/le004/master_thesis/git/TSFusionForecast/code/ ...
[I 2023-12-26 15:13:32,884] Trial 0 finished with value: 16.43083381652832 and parameters: {'gradient_clip_val': 0.6026109917105833, 'hidden_size': 31, 'dropout': 0.26185434913921257, 'hidden_continuous_size': 20, 'attention_head_size': 3, 'learning_rate': 0.0008658470411370723}. Best is trial 0 with value: 16.43083381652832.
[I 2023-12-26 15:13:37,931] Trial 1 finished with value: 98.2324447631836 and parameters: {'gradient_clip_val': 0.32525506098675533, 'hidden_size': 58, 'dropout': 0.3508092705656365, 'hidden_continuous_size': 50, 'attention_head_size': 2, 'learning_rate': 0.019558606175736952}. Best is trial 0 with value: 16.43083381652832.
[I 2023-12-26 15:13:40,177] Trial 2 finished with value: 125.564208984375 and parameters: {'gradient_clip_val': 0.12697173685260216, 'hidden_size': 9, 'dropout': 0.1439285100442379, 'hidden_continuous_size': 8, 'attention_head_size': 3, 'learning_rate': 0.0008269351086381097}. Best is trial 0 with value: 16.43083381652832.
[I 2023-12-26 15:13:42,345] Trial 3 finished with value: 124.11775970458984 and parameters: {'gradient_clip_val': 0.20076362941135248, 'hidden_size': 9, 'dropout': 0.28129426818506, 'hidden_continuous_size': 5, 'attention_head_size': 2, 'learning_rate': 0.0011922660151132182}. Best is trial 0 with value: 16.43083381652832.
[I 2023-12-26 15:13:44,421] Trial 4 finished with value: 83.62191772460938 and parameters: {'gradient_clip_val': 0.9867961668041774, 'hidden_size': 7, 'dropout': 0.4845374642744482, 'hidden_continuous_size': 5, 'attention_head_size': 3, 'learning_rate': 0.0028096096925456357}. Best is trial 0 with value: 16.43083381652832.
[I 2023-12-26 15:13:50,478] Trial 5 finished with value: 103.85326385498047 and parameters: {'gradient_clip_val': 0.8685869252450769, 'hidden_size': 84, 'dropout': 0.17426096287540915, 'hidden_continuous_size': 8, 'attention_head_size': 4, 'learning_rate': 0.023476050356088577}. Best is trial 0 with value: 16.43083381652832.
[I 2023-12-26 15:13:52,583] Trial 6 finished with value: 90.4143295288086 and parameters: {'gradient_clip_val': 0.20303283696146335, 'hidden_size': 12, 'dropout': 0.27448383938373555, 'hidden_continuous_size': 8, 'attention_head_size': 4, 'learning_rate': 0.00237538161754935}. Best is trial 0 with value: 16.43083381652832.
[I 2023-12-26 15:13:54,985] Trial 7 finished with value: 72.08911895751953 and parameters: {'gradient_clip_val': 0.259671761275378, 'hidden_size': 24, 'dropout': 0.15959321860580072, 'hidden_continuous_size': 22, 'attention_head_size': 4, 'learning_rate': 0.007298936063205044}. Best is trial 0 with value: 16.43083381652832.
[I 2023-12-26 15:13:58,451] Trial 8 finished with value: 92.72618865966797 and parameters: {'gradient_clip_val': 0.18318720097206123, 'hidden_size': 47, 'dropout': 0.3748554447463419, 'hidden_continuous_size': 24, 'attention_head_size': 4, 'learning_rate': 0.0032567963524899393}. Best is trial 0 with value: 16.43083381652832.
[I 2023-12-26 15:14:00,492] Trial 9 finished with value: 125.37041473388672 and parameters: {'gradient_clip_val': 0.11387500127951028, 'hidden_size': 17, 'dropout': 0.3974628873052637, 'hidden_continuous_size': 8, 'attention_head_size': 1, 'learning_rate': 0.0009858605428285073}. Best is trial 0 with value: 16.43083381652832.
[I 2023-12-26 15:14:02,248] Trial 10 finished with value: 98.20160675048828 and parameters: {'gradient_clip_val': 0.5483609984923704, 'hidden_size': 5, 'dropout': 0.2059200890368525, 'hidden_continuous_size': 5, 'attention_head_size': 1, 'learning_rate': 0.0005021473655786523}. Best is trial 0 with value: 16.43083381652832.
[I 2023-12-26 15:14:04,951] Trial 11 finished with value: 87.1055679321289 and parameters: {'gradient_clip_val': 0.37685560228121867, 'hidden_size': 27, 'dropout': 0.11911735964307935, 'hidden_continuous_size': 18, 'attention_head_size': 3, 'learning_rate': 0.00665760036664294}. Best is trial 0 with value: 16.43083381652832.
[I 2023-12-26 15:14:07,910] Trial 12 finished with value: 97.91419219970703 and parameters: {'gradient_clip_val': 0.5093002698450829, 'hidden_size': 28, 'dropout': 0.21831290162819067, 'hidden_continuous_size': 18, 'attention_head_size': 4, 'learning_rate': 0.09084705078701959}. Best is trial 0 with value: 16.43083381652832.
[I 2023-12-26 15:14:10,291] Trial 13 finished with value: 110.7558364868164 and parameters: {'gradient_clip_val': 0.2851400504046302, 'hidden_size': 18, 'dropout': 0.22963217136752556, 'hidden_continuous_size': 18, 'attention_head_size': 3, 'learning_rate': 0.005991888720308906}. Best is trial 0 with value: 16.43083381652832.
[I 2023-12-26 15:14:19,726] Trial 14 finished with value: 100.5457763671875 and parameters: {'gradient_clip_val': 0.6280824097151685, 'hidden_size': 125, 'dropout': 0.12379060519726705, 'hidden_continuous_size': 42, 'attention_head_size': 2, 'learning_rate': 0.0018638614896069256}. Best is trial 0 with value: 16.43083381652832.
[I 2023-12-26 15:14:23,081] Trial 15 finished with value: 109.6763916015625 and parameters: {'gradient_clip_val': 0.4017532307397691, 'hidden_size': 38, 'dropout': 0.165123187057042, 'hidden_continuous_size': 26, 'attention_head_size': 4, 'learning_rate': 0.0005141294674523096}. Best is trial 0 with value: 16.43083381652832.
[I 2023-12-26 15:14:25,694] Trial 16 finished with value: 113.6260757446289 and parameters: {'gradient_clip_val': 0.26567335793239194, 'hidden_size': 21, 'dropout': 0.10663059166069114, 'hidden_continuous_size': 12, 'attention_head_size': 3, 'learning_rate': 0.004341690497215905}. Best is trial 0 with value: 16.43083381652832.
[I 2023-12-26 15:14:28,930] Trial 17 finished with value: 88.96260833740234 and parameters: {'gradient_clip_val': 0.725201990780331, 'hidden_size': 34, 'dropout': 0.24373650631801486, 'hidden_continuous_size': 13, 'attention_head_size': 4, 'learning_rate': 0.01179892814451856}. Best is trial 0 with value: 16.43083381652832.
[I 2023-12-26 15:14:33,309] Trial 18 finished with value: 118.5482177734375 and parameters: {'gradient_clip_val': 0.4545915871079562, 'hidden_size': 55, 'dropout': 0.1890785297983213, 'hidden_continuous_size': 31, 'attention_head_size': 3, 'learning_rate': 0.001877334169722804}. Best is trial 0 with value: 16.43083381652832.
[I 2023-12-26 15:14:35,918] Trial 19 finished with value: 113.47805786132812 and parameters: {'gradient_clip_val': 0.6783839714792389, 'hidden_size': 14, 'dropout': 0.3228807018896741, 'hidden_continuous_size': 7, 'attention_head_size': 2, 'learning_rate': 0.004578308569831596}. Best is trial 0 with value: 16.43083381652832.
[I 2023-12-26 15:14:38,660] Trial 20 finished with value: 89.26959228515625 and parameters: {'gradient_clip_val': 0.4871069844817615, 'hidden_size': 23, 'dropout': 0.25596684302248657, 'hidden_continuous_size': 14, 'attention_head_size': 4, 'learning_rate': 0.010178319381705934}. Best is trial 0 with value: 16.43083381652832.
[I 2023-12-26 15:14:40,782] Trial 21 finished with value: 75.07447052001953 and parameters: {'gradient_clip_val': 0.8986545097377355, 'hidden_size': 6, 'dropout': 0.31946250621516875, 'hidden_continuous_size': 5, 'attention_head_size': 3, 'learning_rate': 0.002675310352311093}. Best is trial 0 with value: 16.43083381652832.
[I 2023-12-26 15:14:42,752] Trial 22 finished with value: 120.5372314453125 and parameters: {'gradient_clip_val': 0.8035722917743061, 'hidden_size': 5, 'dropout': 0.30470523374924685, 'hidden_continuous_size': 5, 'attention_head_size': 3, 'learning_rate': 0.0013253137263729673}. Best is trial 0 with value: 16.43083381652832.
[I 2023-12-26 15:14:45,110] Trial 23 finished with value: 115.4835205078125 and parameters: {'gradient_clip_val': 0.9873047862876764, 'hidden_size': 13, 'dropout': 0.20365744346272352, 'hidden_continuous_size': 6, 'attention_head_size': 3, 'learning_rate': 0.001728185660097089}. Best is trial 0 with value: 16.43083381652832.
[I 2023-12-26 15:14:48,159] Trial 24 finished with value: 78.37882232666016 and parameters: {'gradient_clip_val': 0.5841871803757824, 'hidden_size': 33, 'dropout': 0.25493393714896406, 'hidden_continuous_size': 10, 'attention_head_size': 2, 'learning_rate': 0.003285269768765247}. Best is trial 0 with value: 16.43083381652832.
[I 2023-12-26 15:14:50,658] Trial 25 finished with value: 92.98133087158203 and parameters: {'gradient_clip_val': 0.7610355277520727, 'hidden_size': 20, 'dropout': 0.155275378158064, 'hidden_continuous_size': 6, 'attention_head_size': 3, 'learning_rate': 0.0008710887403904789}. Best is trial 0 with value: 16.43083381652832.
[I 2023-12-26 15:14:53,454] Trial 26 finished with value: 82.98162841796875 and parameters: {'gradient_clip_val': 0.6557623666007054, 'hidden_size': 25, 'dropout': 0.1894673032881829, 'hidden_continuous_size': 11, 'attention_head_size': 4, 'learning_rate': 0.002379440225403888}. Best is trial 0 with value: 16.43083381652832.
[I 2023-12-26 15:14:57,159] Trial 27 finished with value: 84.6950912475586 and parameters: {'gradient_clip_val': 0.5697013463914691, 'hidden_size': 42, 'dropout': 0.23078967381873833, 'hidden_continuous_size': 16, 'attention_head_size': 3, 'learning_rate': 0.0015101135745617142}. Best is trial 0 with value: 16.43083381652832.
