[I 2023-12-26 15:15:46,347] Trial 22 finished with value: 56.7977180480957 and parameters: {'gradient_clip_val': 0.7520510139327702, 'hidden_size': 23, 'dropout': 0.1633028592883809, 'hidden_continuous_size': 12, 'attention_head_size': 3, 'learning_rate': 0.003981377205017559}. Best is trial 0 with value: 4.823844909667969.
[I 2023-12-26 15:15:49,047] Trial 23 finished with value: 60.35691452026367 and parameters: {'gradient_clip_val': 0.5534818795521493, 'hidden_size': 31, 'dropout': 0.30773329916197595, 'hidden_continuous_size': 14, 'attention_head_size': 4, 'learning_rate': 0.0015482607829711106}. Best is trial 0 with value: 4.823844909667969.
[I 2023-12-26 15:15:51,235] Trial 24 finished with value: 50.307674407958984 and parameters: {'gradient_clip_val': 0.36022118925920454, 'hidden_size': 18, 'dropout': 0.267903752665424, 'hidden_continuous_size': 10, 'attention_head_size': 3, 'learning_rate': 0.002527454018071554}. Best is trial 0 with value: 4.823844909667969.
[I 2023-12-26 15:15:53,268] Trial 25 finished with value: 51.408016204833984 and parameters: {'gradient_clip_val': 0.8008150115105581, 'hidden_size': 10, 'dropout': 0.37557196485666655, 'hidden_continuous_size': 6, 'attention_head_size': 2, 'learning_rate': 0.004525187317134897}. Best is trial 0 with value: 4.823844909667969.
[I 2023-12-26 15:15:55,566] Trial 26 finished with value: 56.741451263427734 and parameters: {'gradient_clip_val': 0.6031208924788545, 'hidden_size': 21, 'dropout': 0.15595200404465048, 'hidden_continuous_size': 9, 'attention_head_size': 4, 'learning_rate': 0.0021909400675132478}. Best is trial 0 with value: 4.823844909667969.
[I 2023-12-26 15:15:57,984] Trial 27 finished with value: 50.50898361206055 and parameters: {'gradient_clip_val': 0.49241356596421365, 'hidden_size': 26, 'dropout': 0.32650189412896596, 'hidden_continuous_size': 14, 'attention_head_size': 1, 'learning_rate': 0.0011835910282596259}. Best is trial 0 with value: 4.823844909667969.
[I 2023-12-26 15:16:01,113] Trial 28 finished with value: 69.4638900756836 and parameters: {'gradient_clip_val': 0.2257289506161339, 'hidden_size': 47, 'dropout': 0.24919483468820258, 'hidden_continuous_size': 18, 'attention_head_size': 3, 'learning_rate': 0.005284138605660597}. Best is trial 0 with value: 4.823844909667969.
[I 2023-12-26 15:16:04,005] Trial 29 finished with value: 49.99714279174805 and parameters: {'gradient_clip_val': 0.3959037074408137, 'hidden_size': 33, 'dropout': 0.4279683217029381, 'hidden_continuous_size': 11, 'attention_head_size': 4, 'learning_rate': 0.0030536477326792238}. Best is trial 0 with value: 4.823844909667969.
[I 2023-12-26 15:16:06,188] Trial 30 finished with value: 48.13052749633789 and parameters: {'gradient_clip_val': 0.42964957170607, 'hidden_size': 15, 'dropout': 0.3890025919523739, 'hidden_continuous_size': 7, 'attention_head_size': 3, 'learning_rate': 0.0019415613964365323}. Best is trial 0 with value: 4.823844909667969.
[I 2023-12-26 15:16:07,962] Trial 31 finished with value: 75.48854064941406 and parameters: {'gradient_clip_val': 0.10660037203829462, 'hidden_size': 5, 'dropout': 0.22357058117839052, 'hidden_continuous_size': 5, 'attention_head_size': 1, 'learning_rate': 0.0054895083884117695}. Best is trial 0 with value: 4.823844909667969.
[I 2023-12-26 15:16:09,941] Trial 32 finished with value: 38.704345703125 and parameters: {'gradient_clip_val': 0.12594081188285708, 'hidden_size': 9, 'dropout': 0.28915118638987813, 'hidden_continuous_size': 6, 'attention_head_size': 1, 'learning_rate': 0.01235284765443456}. Best is trial 0 with value: 4.823844909667969.
[I 2023-12-26 15:16:11,929] Trial 33 finished with value: 62.734771728515625 and parameters: {'gradient_clip_val': 0.13010726471993808, 'hidden_size': 9, 'dropout': 0.2871154479550166, 'hidden_continuous_size': 6, 'attention_head_size': 1, 'learning_rate': 0.014595725782069274}. Best is trial 0 with value: 4.823844909667969.
[I 2023-12-26 15:16:13,835] Trial 34 finished with value: 46.01435852050781 and parameters: {'gradient_clip_val': 0.1984707594126079, 'hidden_size': 8, 'dropout': 0.4656513083678226, 'hidden_continuous_size': 6, 'attention_head_size': 2, 'learning_rate': 0.012373211172537302}. Best is trial 0 with value: 4.823844909667969.
[I 2023-12-26 15:16:15,904] Trial 35 finished with value: 51.6905632019043 and parameters: {'gradient_clip_val': 0.1294221802894963, 'hidden_size': 13, 'dropout': 0.3539619745483294, 'hidden_continuous_size': 8, 'attention_head_size': 1, 'learning_rate': 0.006664323519992008}. Best is trial 0 with value: 4.823844909667969.
[I 2023-12-26 15:16:17,879] Trial 36 finished with value: 48.87748336791992 and parameters: {'gradient_clip_val': 0.15749588192544126, 'hidden_size': 7, 'dropout': 0.44792943653056433, 'hidden_continuous_size': 5, 'attention_head_size': 2, 'learning_rate': 0.0036211009983773846}. Best is trial 0 with value: 4.823844909667969.
[I 2023-12-26 15:16:19,924] Trial 37 finished with value: 55.08517074584961 and parameters: {'gradient_clip_val': 0.1677429918483038, 'hidden_size': 11, 'dropout': 0.2704199200990057, 'hidden_continuous_size': 7, 'attention_head_size': 1, 'learning_rate': 0.030229094589070624}. Best is trial 0 with value: 4.823844909667969.
[I 2023-12-26 15:16:22,131] Trial 38 finished with value: 56.00138473510742 and parameters: {'gradient_clip_val': 0.1332783858051819, 'hidden_size': 15, 'dropout': 0.387918796043607, 'hidden_continuous_size': 8, 'attention_head_size': 4, 'learning_rate': 0.0015860151106597974}. Best is trial 0 with value: 4.823844909667969.
[I 2023-12-26 15:16:24,153] Trial 39 finished with value: 44.75010299682617 and parameters: {'gradient_clip_val': 0.1139493201834413, 'hidden_size': 9, 'dropout': 0.205670790294253, 'hidden_continuous_size': 6, 'attention_head_size': 3, 'learning_rate': 0.0023673958232031528}. Best is trial 0 with value: 4.823844909667969.
[I 2023-12-26 15:16:26,084] Trial 40 finished with value: 46.376956939697266 and parameters: {'gradient_clip_val': 0.1541296108417403, 'hidden_size': 6, 'dropout': 0.19370379896665182, 'hidden_continuous_size': 5, 'attention_head_size': 2, 'learning_rate': 0.00444629122596089}. Best is trial 0 with value: 4.823844909667969.
[I 2023-12-26 15:16:28,353] Trial 41 finished with value: 54.918941497802734 and parameters: {'gradient_clip_val': 0.11630648029924907, 'hidden_size': 9, 'dropout': 0.20967938868645838, 'hidden_continuous_size': 6, 'attention_head_size': 3, 'learning_rate': 0.002152080571150892}. Best is trial 0 with value: 4.823844909667969.
[I 2023-12-26 15:16:30,536] Trial 42 finished with value: 49.5922966003418 and parameters: {'gradient_clip_val': 0.11298138086228833, 'hidden_size': 13, 'dropout': 0.1911100817758491, 'hidden_continuous_size': 7, 'attention_head_size': 4, 'learning_rate': 0.0024374471188104473}. Best is trial 0 with value: 4.823844909667969.
[I 2023-12-26 15:16:32,600] Trial 43 finished with value: 48.06182861328125 and parameters: {'gradient_clip_val': 0.14431097942126378, 'hidden_size': 10, 'dropout': 0.22814340046578704, 'hidden_continuous_size': 6, 'attention_head_size': 3, 'learning_rate': 0.008770278045326088}. Best is trial 0 with value: 4.823844909667969.
[I 2023-12-26 15:16:34,776] Trial 44 finished with value: 66.77582550048828 and parameters: {'gradient_clip_val': 0.10558299218514852, 'hidden_size': 18, 'dropout': 0.13501934452873038, 'hidden_continuous_size': 8, 'attention_head_size': 4, 'learning_rate': 0.0017654842982430113}. Best is trial 0 with value: 4.823844909667969.
[I 2023-12-26 15:16:36,760] Trial 45 finished with value: 47.4617805480957 and parameters: {'gradient_clip_val': 0.18828548996771488, 'hidden_size': 7, 'dropout': 0.1743289721754494, 'hidden_continuous_size': 5, 'attention_head_size': 4, 'learning_rate': 0.003523023294594667}. Best is trial 0 with value: 4.823844909667969.
[I 2023-12-26 15:16:39,115] Trial 46 finished with value: 52.97639465332031 and parameters: {'gradient_clip_val': 0.12317404590600525, 'hidden_size': 25, 'dropout': 0.10817287389442552, 'hidden_continuous_size': 9, 'attention_head_size': 2, 'learning_rate': 0.003014419282186856}. Best is trial 0 with value: 4.823844909667969.
[I 2023-12-26 15:16:41,355] Trial 47 finished with value: 61.0091552734375 and parameters: {'gradient_clip_val': 0.141085834548349, 'hidden_size': 20, 'dropout': 0.29006633862345177, 'hidden_continuous_size': 10, 'attention_head_size': 3, 'learning_rate': 0.00666053229483448}. Best is trial 0 with value: 4.823844909667969.
[I 2023-12-26 15:16:44,024] Trial 48 finished with value: 52.64699935913086 and parameters: {'gradient_clip_val': 0.10087007233083091, 'hidden_size': 31, 'dropout': 0.2040528406519812, 'hidden_continuous_size': 15, 'attention_head_size': 4, 'learning_rate': 0.0026541873889089746}. Best is trial 0 with value: 4.823844909667969.
[I 2023-12-26 15:16:46,756] Trial 49 finished with value: 47.36238479614258 and parameters: {'gradient_clip_val': 0.117166728352758, 'hidden_size': 36, 'dropout': 0.12844171301543594, 'hidden_continuous_size': 15, 'attention_head_size': 4, 'learning_rate': 0.0012208869796983865}. Best is trial 0 with value: 4.823844909667969.
[I 2023-12-26 15:16:46,884] A new study created in memory with name: no-name-3cbd9894-45cf-4e2f-a541-1c172d964e7d
/home/le004/conda/anaconda3/envs/tsff_env/lib/python3.9/site-packages/lightning/fabric/plugins/environments/slurm.py:191: The `srun` command is available on your system but is not used. HINT: If your intention is to run Lightning on SLURM, prepend your python command with `srun` like so: srun python /home/le004/master_thesis/git/TSFusionForecast/code/ ...
[I 2023-12-26 15:19:22,157] Trial 0 finished with value: 33.93392562866211 and parameters: {'gradient_clip_val': 0.5416233543498307, 'hidden_size': 36, 'dropout': 0.13413261669332327, 'hidden_continuous_size': 24, 'attention_head_size': 1, 'learning_rate': 0.018104143681039162}. Best is trial 0 with value: 33.93392562866211.
[I 2023-12-26 15:19:24,146] Trial 1 finished with value: 61.895694732666016 and parameters: {'gradient_clip_val': 0.31706353040740076, 'hidden_size': 16, 'dropout': 0.36615606289702807, 'hidden_continuous_size': 6, 'attention_head_size': 3, 'learning_rate': 0.009241443860147098}. Best is trial 0 with value: 33.93392562866211.
[I 2023-12-26 15:19:26,840] Trial 2 finished with value: 80.6527328491211 and parameters: {'gradient_clip_val': 0.11898422633086776, 'hidden_size': 34, 'dropout': 0.3343099533447436, 'hidden_continuous_size': 18, 'attention_head_size': 2, 'learning_rate': 0.019267761879213183}. Best is trial 0 with value: 33.93392562866211.
[I 2023-12-26 15:19:29,364] Trial 3 finished with value: 83.75627899169922 and parameters: {'gradient_clip_val': 0.2839509028679566, 'hidden_size': 30, 'dropout': 0.3038971761042015, 'hidden_continuous_size': 11, 'attention_head_size': 1, 'learning_rate': 0.016404794085793102}. Best is trial 0 with value: 33.93392562866211.
[I 2023-12-26 15:19:32,680] Trial 4 finished with value: 71.27930450439453 and parameters: {'gradient_clip_val': 0.4945759596543319, 'hidden_size': 54, 'dropout': 0.3913493159408207, 'hidden_continuous_size': 7, 'attention_head_size': 4, 'learning_rate': 0.0012185257191097136}. Best is trial 0 with value: 33.93392562866211.
[I 2023-12-26 15:19:40,368] Trial 5 finished with value: 74.50260925292969 and parameters: {'gradient_clip_val': 0.1027867994054519, 'hidden_size': 114, 'dropout': 0.21959080990240964, 'hidden_continuous_size': 19, 'attention_head_size': 3, 'learning_rate': 0.005438494315305225}. Best is trial 0 with value: 33.93392562866211.
[I 2023-12-26 15:19:47,896] Trial 6 finished with value: 70.64067077636719 and parameters: {'gradient_clip_val': 0.6805514284564069, 'hidden_size': 113, 'dropout': 0.3350014772245374, 'hidden_continuous_size': 14, 'attention_head_size': 3, 'learning_rate': 0.0010598054532892053}. Best is trial 0 with value: 33.93392562866211.
[I 2023-12-26 15:19:49,809] Trial 7 finished with value: 79.39933013916016 and parameters: {'gradient_clip_val': 0.32174445244417677, 'hidden_size': 5, 'dropout': 0.4374532559013511, 'hidden_continuous_size': 5, 'attention_head_size': 4, 'learning_rate': 0.06268646302868386}. Best is trial 0 with value: 33.93392562866211.
[I 2023-12-26 15:19:59,599] Trial 8 finished with value: 70.45304107666016 and parameters: {'gradient_clip_val': 0.13184841617617754, 'hidden_size': 136, 'dropout': 0.1391277677021487, 'hidden_continuous_size': 103, 'attention_head_size': 2, 'learning_rate': 0.0007184465184243933}. Best is trial 0 with value: 33.93392562866211.
[I 2023-12-26 15:20:02,228] Trial 9 finished with value: 67.67012786865234 and parameters: {'gradient_clip_val': 0.22333762582371824, 'hidden_size': 32, 'dropout': 0.3863406653090704, 'hidden_continuous_size': 5, 'attention_head_size': 1, 'learning_rate': 0.07018094273133617}. Best is trial 0 with value: 33.93392562866211.
[I 2023-12-26 15:20:04,296] Trial 10 finished with value: 73.79999542236328 and parameters: {'gradient_clip_val': 0.9554556484262309, 'hidden_size': 14, 'dropout': 0.11065387096865825, 'hidden_continuous_size': 8, 'attention_head_size': 1, 'learning_rate': 0.003585537155452307}. Best is trial 0 with value: 33.93392562866211.
[I 2023-12-26 15:20:06,494] Trial 11 finished with value: 81.32967376708984 and parameters: {'gradient_clip_val': 0.4316001661467711, 'hidden_size': 15, 'dropout': 0.24311305253841478, 'hidden_continuous_size': 6, 'attention_head_size': 3, 'learning_rate': 0.013460015740956822}. Best is trial 0 with value: 33.93392562866211.
[I 2023-12-26 15:20:08,491] Trial 12 finished with value: 81.27788543701172 and parameters: {'gradient_clip_val': 0.5323001254399411, 'hidden_size': 16, 'dropout': 0.46135311539321766, 'hidden_continuous_size': 6, 'attention_head_size': 2, 'learning_rate': 0.031223609483274684}. Best is trial 0 with value: 33.93392562866211.
[I 2023-12-26 15:20:11,858] Trial 13 finished with value: 74.96824645996094 and parameters: {'gradient_clip_val': 0.3623076898868443, 'hidden_size': 54, 'dropout': 0.1848720035025197, 'hidden_continuous_size': 26, 'attention_head_size': 3, 'learning_rate': 0.00840629607673565}. Best is trial 0 with value: 33.93392562866211.
[I 2023-12-26 15:20:13,916] Trial 14 finished with value: 65.28773498535156 and parameters: {'gradient_clip_val': 0.23707167366733292, 'hidden_size': 9, 'dropout': 0.26294212314888993, 'hidden_continuous_size': 5, 'attention_head_size': 2, 'learning_rate': 0.033335871856723}. Best is trial 0 with value: 33.93392562866211.
[I 2023-12-26 15:20:16,303] Trial 15 finished with value: 60.09262466430664 and parameters: {'gradient_clip_val': 0.6336642523498787, 'hidden_size': 21, 'dropout': 0.1680094353135389, 'hidden_continuous_size': 9, 'attention_head_size': 4, 'learning_rate': 0.0033953606842209187}. Best is trial 0 with value: 33.93392562866211.
[I 2023-12-26 15:20:20,208] Trial 16 finished with value: 73.70049285888672 and parameters: {'gradient_clip_val': 0.7249601323779923, 'hidden_size': 47, 'dropout': 0.17616684239789898, 'hidden_continuous_size': 9, 'attention_head_size': 4, 'learning_rate': 0.0030730849414591756}. Best is trial 0 with value: 33.93392562866211.
[I 2023-12-26 15:20:22,602] Trial 17 finished with value: 80.37190246582031 and parameters: {'gradient_clip_val': 0.6412493066406376, 'hidden_size': 23, 'dropout': 0.12849498972966875, 'hidden_continuous_size': 10, 'attention_head_size': 1, 'learning_rate': 0.002567937302957115}. Best is trial 0 with value: 33.93392562866211.
[I 2023-12-26 15:20:27,372] Trial 18 finished with value: 57.06646728515625 and parameters: {'gradient_clip_val': 0.9661640525733726, 'hidden_size': 78, 'dropout': 0.16066689108033544, 'hidden_continuous_size': 31, 'attention_head_size': 4, 'learning_rate': 0.005411795068457333}. Best is trial 0 with value: 33.93392562866211.
[I 2023-12-26 15:20:31,967] Trial 19 finished with value: 68.8096694946289 and parameters: {'gradient_clip_val': 0.9929713891705587, 'hidden_size': 75, 'dropout': 0.22370642446976186, 'hidden_continuous_size': 42, 'attention_head_size': 2, 'learning_rate': 0.005940075363707502}. Best is trial 0 with value: 33.93392562866211.
[I 2023-12-26 15:20:36,753] Trial 20 finished with value: 75.04747772216797 and parameters: {'gradient_clip_val': 0.8594359596942227, 'hidden_size': 82, 'dropout': 0.11766024754629913, 'hidden_continuous_size': 29, 'attention_head_size': 1, 'learning_rate': 0.009276137467395845}. Best is trial 0 with value: 33.93392562866211.
[I 2023-12-26 15:20:39,929] Trial 21 finished with value: 78.09647369384766 and parameters: {'gradient_clip_val': 0.7856182673365836, 'hidden_size': 45, 'dropout': 0.16598443600405277, 'hidden_continuous_size': 12, 'attention_head_size': 4, 'learning_rate': 0.004479781138507127}. Best is trial 0 with value: 33.93392562866211.
[I 2023-12-26 15:20:42,278] Trial 22 finished with value: 60.98158264160156 and parameters: {'gradient_clip_val': 0.6079829179841177, 'hidden_size': 23, 'dropout': 0.102450940471632, 'hidden_continuous_size': 8, 'attention_head_size': 4, 'learning_rate': 0.0025839346358477767}. Best is trial 0 with value: 33.93392562866211.
[I 2023-12-26 15:20:46,526] Trial 23 finished with value: 84.40652465820312 and parameters: {'gradient_clip_val': 0.8253320653421066, 'hidden_size': 70, 'dropout': 0.14989316706576733, 'hidden_continuous_size': 14, 'attention_head_size': 4, 'learning_rate': 0.006327420301943084}. Best is trial 0 with value: 33.93392562866211.
[I 2023-12-26 15:20:49,326] Trial 24 finished with value: 60.260494232177734 and parameters: {'gradient_clip_val': 0.5824581786758167, 'hidden_size': 41, 'dropout': 0.1844207088379898, 'hidden_continuous_size': 10, 'attention_head_size': 4, 'learning_rate': 0.0014848642925907108}. Best is trial 0 with value: 33.93392562866211.
[I 2023-12-26 15:20:51,547] Trial 25 finished with value: 61.056034088134766 and parameters: {'gradient_clip_val': 0.6987739457755562, 'hidden_size': 24, 'dropout': 0.14976846603374688, 'hidden_continuous_size': 7, 'attention_head_size': 3, 'learning_rate': 0.002116271784494524}. Best is trial 0 with value: 33.93392562866211.
[I 2023-12-26 15:20:54,201] Trial 26 finished with value: 56.9373893737793 and parameters: {'gradient_clip_val': 0.47085281805056556, 'hidden_size': 36, 'dropout': 0.2037174421811056, 'hidden_continuous_size': 13, 'attention_head_size': 4, 'learning_rate': 0.004326231208452917}. Best is trial 0 with value: 33.93392562866211.
[I 2023-12-26 15:20:56,919] Trial 27 finished with value: 55.70428466796875 and parameters: {'gradient_clip_val': 0.4512735265139139, 'hidden_size': 38, 'dropout': 0.20609266476802401, 'hidden_continuous_size': 16, 'attention_head_size': 3, 'learning_rate': 0.009675763642386998}. Best is trial 0 with value: 33.93392562866211.
[I 2023-12-26 15:20:59,526] Trial 28 finished with value: 55.381683349609375 and parameters: {'gradient_clip_val': 0.45352787861576144, 'hidden_size': 36, 'dropout': 0.20493718738847472, 'hidden_continuous_size': 13, 'attention_head_size': 3, 'learning_rate': 0.011893265620672706}. Best is trial 0 with value: 33.93392562866211.
[I 2023-12-26 15:21:02,083] Trial 29 finished with value: 78.11856842041016 and parameters: {'gradient_clip_val': 0.44756202746265017, 'hidden_size': 29, 'dropout': 0.2678149015133935, 'hidden_continuous_size': 15, 'attention_head_size': 3, 'learning_rate': 0.010897618229611515}. Best is trial 0 with value: 33.93392562866211.
[I 2023-12-26 15:21:04,806] Trial 30 finished with value: 66.68489837646484 and parameters: {'gradient_clip_val': 0.3795529666639595, 'hidden_size': 39, 'dropout': 0.19749708332636795, 'hidden_continuous_size': 16, 'attention_head_size': 2, 'learning_rate': 0.01179480717963392}. Best is trial 0 with value: 33.93392562866211.
[I 2023-12-26 15:21:07,376] Trial 31 finished with value: 55.051578521728516 and parameters: {'gradient_clip_val': 0.504783863148371, 'hidden_size': 33, 'dropout': 0.21357475979512353, 'hidden_continuous_size': 13, 'attention_head_size': 3, 'learning_rate': 0.007221858620852324}. Best is trial 0 with value: 33.93392562866211.
[I 2023-12-26 15:21:09,922] Trial 32 finished with value: 73.03540802001953 and parameters: {'gradient_clip_val': 0.5611734988424847, 'hidden_size': 33, 'dropout': 0.214723955373757, 'hidden_continuous_size': 12, 'attention_head_size': 3, 'learning_rate': 0.008442704032974748}. Best is trial 0 with value: 33.93392562866211.
[I 2023-12-26 15:21:12,606] Trial 33 finished with value: 82.08271789550781 and parameters: {'gradient_clip_val': 0.5167560146998605, 'hidden_size': 28, 'dropout': 0.2379250990642283, 'hidden_continuous_size': 11, 'attention_head_size': 3, 'learning_rate': 0.01937121838309566}. Best is trial 0 with value: 33.93392562866211.
[I 2023-12-26 15:21:15,877] Trial 34 finished with value: 92.56195068359375 and parameters: {'gradient_clip_val': 0.4014829256320363, 'hidden_size': 56, 'dropout': 0.1952541662546829, 'hidden_continuous_size': 17, 'attention_head_size': 3, 'learning_rate': 0.015625449856674124}. Best is trial 0 with value: 33.93392562866211.
[I 2023-12-26 15:21:18,613] Trial 35 finished with value: 68.15400695800781 and parameters: {'gradient_clip_val': 0.489629321872881, 'hidden_size': 37, 'dropout': 0.13645242442208796, 'hidden_continuous_size': 19, 'attention_head_size': 3, 'learning_rate': 0.007521690734999948}. Best is trial 0 with value: 33.93392562866211.
[I 2023-12-26 15:21:21,757] Trial 36 finished with value: 75.60323333740234 and parameters: {'gradient_clip_val': 0.4075734593917945, 'hidden_size': 52, 'dropout': 0.2776689554739178, 'hidden_continuous_size': 17, 'attention_head_size': 2, 'learning_rate': 0.019193125483493518}. Best is trial 0 with value: 33.93392562866211.
