[I 2023-12-15 12:21:54,212] Trial 13 finished with value: 1803.4111328125 and parameters: {'gradient_clip_val': 0.10061791181562572, 'hidden_size': 13, 'dropout': 0.2971930958124213, 'hidden_continuous_size': 6, 'attention_head_size': 3, 'learning_rate': 0.009758535661682034}. Best is trial 11 with value: 535.1075439453125.
LOCAL_RANK: 0 - CUDA_VISIBLE_DEVICES: [0]
[I 2023-12-15 12:22:42,901] Trial 14 finished with value: 1372.0775146484375 and parameters: {'gradient_clip_val': 0.1361940952227235, 'hidden_size': 35, 'dropout': 0.22500473413725677, 'hidden_continuous_size': 8, 'attention_head_size': 1, 'learning_rate': 0.019257183484593758}. Best is trial 11 with value: 535.1075439453125.
LOCAL_RANK: 0 - CUDA_VISIBLE_DEVICES: [0]
[I 2023-12-15 12:23:28,346] Trial 15 finished with value: 644.8237915039062 and parameters: {'gradient_clip_val': 0.13191540569272073, 'hidden_size': 13, 'dropout': 0.30125165209877774, 'hidden_continuous_size': 6, 'attention_head_size': 3, 'learning_rate': 0.0047753906891375006}. Best is trial 11 with value: 535.1075439453125.
LOCAL_RANK: 0 - CUDA_VISIBLE_DEVICES: [0]
[I 2023-12-15 12:24:17,482] Trial 16 finished with value: 3644.024169921875 and parameters: {'gradient_clip_val': 0.41097058323140523, 'hidden_size': 38, 'dropout': 0.10097740045812467, 'hidden_continuous_size': 8, 'attention_head_size': 2, 'learning_rate': 0.0073577012261064395}. Best is trial 11 with value: 535.1075439453125.
LOCAL_RANK: 0 - CUDA_VISIBLE_DEVICES: [0]
[I 2023-12-15 12:25:01,660] Trial 17 finished with value: 1324.2650146484375 and parameters: {'gradient_clip_val': 0.18777715015058152, 'hidden_size': 8, 'dropout': 0.2369545272892598, 'hidden_continuous_size': 6, 'attention_head_size': 3, 'learning_rate': 0.09410649690253695}. Best is trial 11 with value: 535.1075439453125.
LOCAL_RANK: 0 - CUDA_VISIBLE_DEVICES: [0]
[I 2023-12-15 12:25:47,265] Trial 18 finished with value: 1189.8184814453125 and parameters: {'gradient_clip_val': 0.5754802285575464, 'hidden_size': 15, 'dropout': 0.3055420430116732, 'hidden_continuous_size': 7, 'attention_head_size': 2, 'learning_rate': 0.0024502167291203664}. Best is trial 11 with value: 535.1075439453125.
LOCAL_RANK: 0 - CUDA_VISIBLE_DEVICES: [0]
[I 2023-12-15 12:26:33,088] Trial 19 finished with value: 1696.39501953125 and parameters: {'gradient_clip_val': 0.8650833433777537, 'hidden_size': 10, 'dropout': 0.2624169448673798, 'hidden_continuous_size': 6, 'attention_head_size': 4, 'learning_rate': 0.014841684088252382}. Best is trial 11 with value: 535.1075439453125.
LOCAL_RANK: 0 - CUDA_VISIBLE_DEVICES: [0]
[I 2023-12-15 12:27:20,178] Trial 20 finished with value: 2207.556396484375 and parameters: {'gradient_clip_val': 0.22680692058509117, 'hidden_size': 18, 'dropout': 0.33874349511605983, 'hidden_continuous_size': 7, 'attention_head_size': 3, 'learning_rate': 0.007583295540643754}. Best is trial 11 with value: 535.1075439453125.
LOCAL_RANK: 0 - CUDA_VISIBLE_DEVICES: [0]
[I 2023-12-15 12:28:05,580] Trial 21 finished with value: 3214.279052734375 and parameters: {'gradient_clip_val': 0.2739858623394509, 'hidden_size': 10, 'dropout': 0.32999063690825686, 'hidden_continuous_size': 5, 'attention_head_size': 4, 'learning_rate': 0.04459074893930395}. Best is trial 11 with value: 535.1075439453125.
LOCAL_RANK: 0 - CUDA_VISIBLE_DEVICES: [0]
[I 2023-12-15 12:28:51,405] Trial 22 finished with value: 1666.2230224609375 and parameters: {'gradient_clip_val': 0.3482084374616422, 'hidden_size': 7, 'dropout': 0.39852547909922464, 'hidden_continuous_size': 5, 'attention_head_size': 4, 'learning_rate': 0.04904615115814925}. Best is trial 11 with value: 535.1075439453125.
LOCAL_RANK: 0 - CUDA_VISIBLE_DEVICES: [0]
[I 2023-12-15 12:29:36,678] Trial 23 finished with value: 1724.0948486328125 and parameters: {'gradient_clip_val': 0.3348549814779701, 'hidden_size': 11, 'dropout': 0.28962980014521356, 'hidden_continuous_size': 5, 'attention_head_size': 3, 'learning_rate': 0.022598393183898995}. Best is trial 11 with value: 535.1075439453125.
LOCAL_RANK: 0 - CUDA_VISIBLE_DEVICES: [0]
[I 2023-12-15 12:30:21,796] Trial 24 finished with value: 1682.658203125 and parameters: {'gradient_clip_val': 0.22116799041191748, 'hidden_size': 16, 'dropout': 0.3257130785556149, 'hidden_continuous_size': 6, 'attention_head_size': 4, 'learning_rate': 0.05933439595130119}. Best is trial 11 with value: 535.1075439453125.
LOCAL_RANK: 0 - CUDA_VISIBLE_DEVICES: [0]
[I 2023-12-15 12:31:06,084] Trial 25 finished with value: 707.3232421875 and parameters: {'gradient_clip_val': 0.2885119527841434, 'hidden_size': 12, 'dropout': 0.35618285899708446, 'hidden_continuous_size': 5, 'attention_head_size': 3, 'learning_rate': 0.02667258926244436}. Best is trial 11 with value: 535.1075439453125.
LOCAL_RANK: 0 - CUDA_VISIBLE_DEVICES: [0]
[I 2023-12-15 12:31:50,483] Trial 26 finished with value: 554.4376831054688 and parameters: {'gradient_clip_val': 0.1640116672552446, 'hidden_size': 8, 'dropout': 0.31340085027680453, 'hidden_continuous_size': 5, 'attention_head_size': 4, 'learning_rate': 0.016219361851581234}. Best is trial 11 with value: 535.1075439453125.
LOCAL_RANK: 0 - CUDA_VISIBLE_DEVICES: [0]
[I 2023-12-15 12:32:35,534] Trial 27 finished with value: 868.697021484375 and parameters: {'gradient_clip_val': 0.11694268273393936, 'hidden_size': 7, 'dropout': 0.28128416516356247, 'hidden_continuous_size': 5, 'attention_head_size': 3, 'learning_rate': 0.01730555688299572}. Best is trial 11 with value: 535.1075439453125.
LOCAL_RANK: 0 - CUDA_VISIBLE_DEVICES: [0]
[I 2023-12-15 12:33:20,244] Trial 28 finished with value: 763.2474975585938 and parameters: {'gradient_clip_val': 0.15603759629504416, 'hidden_size': 6, 'dropout': 0.2567140597351811, 'hidden_continuous_size': 5, 'attention_head_size': 2, 'learning_rate': 0.02821063032210432}. Best is trial 11 with value: 535.1075439453125.
LOCAL_RANK: 0 - CUDA_VISIBLE_DEVICES: [0]
[I 2023-12-15 12:34:06,023] Trial 29 finished with value: 763.30712890625 and parameters: {'gradient_clip_val': 0.12013698456844334, 'hidden_size': 9, 'dropout': 0.31239767687654574, 'hidden_continuous_size': 6, 'attention_head_size': 4, 'learning_rate': 0.01168638761818734}. Best is trial 11 with value: 535.1075439453125.
LOCAL_RANK: 0 - CUDA_VISIBLE_DEVICES: [0]
[I 2023-12-15 12:34:51,718] Trial 30 finished with value: 461.3141174316406 and parameters: {'gradient_clip_val': 0.16259191794899244, 'hidden_size': 11, 'dropout': 0.34581919652992943, 'hidden_continuous_size': 6, 'attention_head_size': 4, 'learning_rate': 0.03865518052299075}. Best is trial 30 with value: 461.3141174316406.
LOCAL_RANK: 0 - CUDA_VISIBLE_DEVICES: [0]
[I 2023-12-15 12:35:36,512] Trial 31 finished with value: 694.5120239257812 and parameters: {'gradient_clip_val': 0.16123050316005413, 'hidden_size': 12, 'dropout': 0.3461775130139307, 'hidden_continuous_size': 6, 'attention_head_size': 4, 'learning_rate': 0.03756028863760604}. Best is trial 30 with value: 461.3141174316406.
LOCAL_RANK: 0 - CUDA_VISIBLE_DEVICES: [0]
[I 2023-12-15 12:36:22,597] Trial 32 finished with value: 654.5181884765625 and parameters: {'gradient_clip_val': 0.1791456511479624, 'hidden_size': 10, 'dropout': 0.3194293601667695, 'hidden_continuous_size': 6, 'attention_head_size': 4, 'learning_rate': 0.023888026816052225}. Best is trial 30 with value: 461.3141174316406.
LOCAL_RANK: 0 - CUDA_VISIBLE_DEVICES: [0]
[I 2023-12-15 12:37:06,978] Trial 33 finished with value: 1770.8922119140625 and parameters: {'gradient_clip_val': 0.1441254050152132, 'hidden_size': 8, 'dropout': 0.28915848271619476, 'hidden_continuous_size': 5, 'attention_head_size': 4, 'learning_rate': 0.06300127418326001}. Best is trial 30 with value: 461.3141174316406.
LOCAL_RANK: 0 - CUDA_VISIBLE_DEVICES: [0]
[I 2023-12-15 12:37:52,641] Trial 34 finished with value: 1380.6336669921875 and parameters: {'gradient_clip_val': 0.12182919536773167, 'hidden_size': 11, 'dropout': 0.34820839269912357, 'hidden_continuous_size': 7, 'attention_head_size': 3, 'learning_rate': 0.03254932994236746}. Best is trial 30 with value: 461.3141174316406.
LOCAL_RANK: 0 - CUDA_VISIBLE_DEVICES: [0]
[I 2023-12-15 12:38:27,254] Trial 35 finished with value: 1690.42236328125 and parameters: {'gradient_clip_val': 0.20407665317759965, 'hidden_size': 5, 'dropout': 0.3119347053415995, 'hidden_continuous_size': 5, 'attention_head_size': 4, 'learning_rate': 0.018197316233475928}. Best is trial 30 with value: 461.3141174316406.
LOCAL_RANK: 0 - CUDA_VISIBLE_DEVICES: [0]
[I 2023-12-15 12:39:12,781] Trial 36 finished with value: 1637.3267822265625 and parameters: {'gradient_clip_val': 0.16572646186397788, 'hidden_size': 15, 'dropout': 0.3603097624673905, 'hidden_continuous_size': 7, 'attention_head_size': 2, 'learning_rate': 0.04027823047471505}. Best is trial 30 with value: 461.3141174316406.
LOCAL_RANK: 0 - CUDA_VISIBLE_DEVICES: [0]
[I 2023-12-15 12:39:57,343] Trial 37 finished with value: 1040.9534912109375 and parameters: {'gradient_clip_val': 0.1482757018810813, 'hidden_size': 6, 'dropout': 0.28157268053703366, 'hidden_continuous_size': 5, 'attention_head_size': 1, 'learning_rate': 0.06262402239142263}. Best is trial 30 with value: 461.3141174316406.
LOCAL_RANK: 0 - CUDA_VISIBLE_DEVICES: [0]
[I 2023-12-15 12:40:44,178] Trial 38 finished with value: 634.7518920898438 and parameters: {'gradient_clip_val': 0.16581397179629478, 'hidden_size': 17, 'dropout': 0.2423662428937984, 'hidden_continuous_size': 8, 'attention_head_size': 3, 'learning_rate': 0.032295759162180825}. Best is trial 30 with value: 461.3141174316406.
LOCAL_RANK: 0 - CUDA_VISIBLE_DEVICES: [0]
[I 2023-12-15 12:41:33,325] Trial 39 finished with value: 879.688232421875 and parameters: {'gradient_clip_val': 0.2056468995322826, 'hidden_size': 21, 'dropout': 0.33337590330167294, 'hidden_continuous_size': 9, 'attention_head_size': 4, 'learning_rate': 0.00571334370159624}. Best is trial 30 with value: 461.3141174316406.
LOCAL_RANK: 0 - CUDA_VISIBLE_DEVICES: [0]
[I 2023-12-15 12:42:17,500] Trial 40 finished with value: 2160.798095703125 and parameters: {'gradient_clip_val': 0.1325593046756658, 'hidden_size': 12, 'dropout': 0.37246504447719975, 'hidden_continuous_size': 6, 'attention_head_size': 3, 'learning_rate': 0.022635419094233465}. Best is trial 30 with value: 461.3141174316406.
LOCAL_RANK: 0 - CUDA_VISIBLE_DEVICES: [0]
[I 2023-12-15 12:43:03,156] Trial 41 finished with value: 2442.267333984375 and parameters: {'gradient_clip_val': 0.2597242145444703, 'hidden_size': 9, 'dropout': 0.32027846231567764, 'hidden_continuous_size': 5, 'attention_head_size': 4, 'learning_rate': 0.052425303658565146}. Best is trial 30 with value: 461.3141174316406.
LOCAL_RANK: 0 - CUDA_VISIBLE_DEVICES: [0]
[I 2023-12-15 12:43:49,432] Trial 42 finished with value: 1038.8909912109375 and parameters: {'gradient_clip_val': 0.2476720056185268, 'hidden_size': 14, 'dropout': 0.30027662548088574, 'hidden_continuous_size': 7, 'attention_head_size': 4, 'learning_rate': 0.07619147539527057}. Best is trial 30 with value: 461.3141174316406.
LOCAL_RANK: 0 - CUDA_VISIBLE_DEVICES: [0]
[I 2023-12-15 12:44:33,994] Trial 43 finished with value: 892.2799682617188 and parameters: {'gradient_clip_val': 0.10934373576691968, 'hidden_size': 8, 'dropout': 0.27111512964079004, 'hidden_continuous_size': 6, 'attention_head_size': 4, 'learning_rate': 0.044906960100602474}. Best is trial 30 with value: 461.3141174316406.
LOCAL_RANK: 0 - CUDA_VISIBLE_DEVICES: [0]
[I 2023-12-15 12:45:19,779] Trial 44 finished with value: 942.53173828125 and parameters: {'gradient_clip_val': 0.19346762607210735, 'hidden_size': 11, 'dropout': 0.3441016069146238, 'hidden_continuous_size': 6, 'attention_head_size': 4, 'learning_rate': 0.036484360352753514}. Best is trial 30 with value: 461.3141174316406.
LOCAL_RANK: 0 - CUDA_VISIBLE_DEVICES: [0]
[I 2023-12-15 12:46:05,426] Trial 45 finished with value: 1381.2630615234375 and parameters: {'gradient_clip_val': 0.22208792583956283, 'hidden_size': 13, 'dropout': 0.3756151894426319, 'hidden_continuous_size': 7, 'attention_head_size': 3, 'learning_rate': 0.07084401611365941}. Best is trial 30 with value: 461.3141174316406.
LOCAL_RANK: 0 - CUDA_VISIBLE_DEVICES: [0]
[I 2023-12-15 12:46:53,344] Trial 46 finished with value: 1499.0548095703125 and parameters: {'gradient_clip_val': 0.3063372597018369, 'hidden_size': 17, 'dropout': 0.3606815926660267, 'hidden_continuous_size': 11, 'attention_head_size': 4, 'learning_rate': 0.07953539866767083}. Best is trial 30 with value: 461.3141174316406.
LOCAL_RANK: 0 - CUDA_VISIBLE_DEVICES: [0]
[I 2023-12-15 12:47:39,539] Trial 47 finished with value: 2012.4849853515625 and parameters: {'gradient_clip_val': 0.10333447751529395, 'hidden_size': 15, 'dropout': 0.3088427011294139, 'hidden_continuous_size': 9, 'attention_head_size': 3, 'learning_rate': 0.049691393274415074}. Best is trial 30 with value: 461.3141174316406.
LOCAL_RANK: 0 - CUDA_VISIBLE_DEVICES: [0]
[I 2023-12-15 12:48:25,482] Trial 48 finished with value: 1395.1298828125 and parameters: {'gradient_clip_val': 0.17665426621339, 'hidden_size': 10, 'dropout': 0.2893484195015159, 'hidden_continuous_size': 6, 'attention_head_size': 4, 'learning_rate': 0.009885722356159336}. Best is trial 30 with value: 461.3141174316406.
LOCAL_RANK: 0 - CUDA_VISIBLE_DEVICES: [0]
[I 2023-12-15 12:49:13,387] Trial 49 finished with value: 2173.973388671875 and parameters: {'gradient_clip_val': 0.13681495805181146, 'hidden_size': 21, 'dropout': 0.2535021571717639, 'hidden_continuous_size': 8, 'attention_head_size': 2, 'learning_rate': 0.015378472248805737}. Best is trial 30 with value: 461.3141174316406.
[I 2023-12-15 12:49:13,480] A new study created in memory with name: no-name-d11e4b7c-b92b-48d5-a868-b2fce84355bf
/home/le004/conda/anaconda3/envs/tsff_env/lib/python3.9/site-packages/lightning/fabric/plugins/environments/slurm.py:191: The `srun` command is available on your system but is not used. HINT: If your intention is to run Lightning on SLURM, prepend your python command with `srun` like so: srun python /home/le004/master_thesis/git/TSFusionForecast/code/ ...
LOCAL_RANK: 0 - CUDA_VISIBLE_DEVICES: [0]
[I 2023-12-15 12:50:02,587] Trial 0 finished with value: 4.562902927398682 and parameters: {'gradient_clip_val': 0.9346953971313582, 'hidden_size': 33, 'dropout': 0.37134714593980367, 'hidden_continuous_size': 11, 'attention_head_size': 2, 'learning_rate': 0.0029928313837487707}. Best is trial 0 with value: 4.562902927398682.
LOCAL_RANK: 0 - CUDA_VISIBLE_DEVICES: [0]
[I 2023-12-15 12:50:54,497] Trial 1 finished with value: 3.043837308883667 and parameters: {'gradient_clip_val': 0.40013415072939784, 'hidden_size': 36, 'dropout': 0.3776723078473091, 'hidden_continuous_size': 27, 'attention_head_size': 3, 'learning_rate': 0.0035325625559184475}. Best is trial 1 with value: 3.043837308883667.
LOCAL_RANK: 0 - CUDA_VISIBLE_DEVICES: [0]
[I 2023-12-15 12:51:38,108] Trial 2 finished with value: 4.516448497772217 and parameters: {'gradient_clip_val': 0.6274919081543404, 'hidden_size': 12, 'dropout': 0.20277495812470597, 'hidden_continuous_size': 6, 'attention_head_size': 1, 'learning_rate': 0.022953752846106457}. Best is trial 1 with value: 3.043837308883667.
LOCAL_RANK: 0 - CUDA_VISIBLE_DEVICES: [0]
[I 2023-12-15 12:52:27,277] Trial 3 finished with value: 3.339289426803589 and parameters: {'gradient_clip_val': 0.17174608616124487, 'hidden_size': 21, 'dropout': 0.273600780006397, 'hidden_continuous_size': 14, 'attention_head_size': 4, 'learning_rate': 0.051472265902445434}. Best is trial 1 with value: 3.043837308883667.
LOCAL_RANK: 0 - CUDA_VISIBLE_DEVICES: [0]
[I 2023-12-15 12:53:12,317] Trial 4 finished with value: 3.7383716106414795 and parameters: {'gradient_clip_val': 0.13204581083398476, 'hidden_size': 14, 'dropout': 0.36694005678894603, 'hidden_continuous_size': 5, 'attention_head_size': 2, 'learning_rate': 0.07814914585149842}. Best is trial 1 with value: 3.043837308883667.
LOCAL_RANK: 0 - CUDA_VISIBLE_DEVICES: [0]
[I 2023-12-15 12:53:59,078] Trial 5 finished with value: 4.551568508148193 and parameters: {'gradient_clip_val': 0.6013405367571942, 'hidden_size': 19, 'dropout': 0.1332525188183179, 'hidden_continuous_size': 6, 'attention_head_size': 2, 'learning_rate': 0.010752078080529488}. Best is trial 1 with value: 3.043837308883667.
LOCAL_RANK: 0 - CUDA_VISIBLE_DEVICES: [0]
[I 2023-12-15 12:54:51,824] Trial 6 finished with value: 3.6444575786590576 and parameters: {'gradient_clip_val': 0.4445245859390986, 'hidden_size': 65, 'dropout': 0.35307789466089967, 'hidden_continuous_size': 12, 'attention_head_size': 1, 'learning_rate': 0.04144777722126671}. Best is trial 1 with value: 3.043837308883667.
LOCAL_RANK: 0 - CUDA_VISIBLE_DEVICES: [0]
[I 2023-12-15 12:55:40,782] Trial 7 finished with value: 9.648571968078613 and parameters: {'gradient_clip_val': 0.6983536714854119, 'hidden_size': 28, 'dropout': 0.36927354682483915, 'hidden_continuous_size': 20, 'attention_head_size': 2, 'learning_rate': 0.014860699536511765}. Best is trial 1 with value: 3.043837308883667.
LOCAL_RANK: 0 - CUDA_VISIBLE_DEVICES: [0]
[I 2023-12-15 12:56:25,498] Trial 8 finished with value: 12.210212707519531 and parameters: {'gradient_clip_val': 0.6115289168948063, 'hidden_size': 7, 'dropout': 0.13989686169215204, 'hidden_continuous_size': 6, 'attention_head_size': 2, 'learning_rate': 0.000884960386659174}. Best is trial 1 with value: 3.043837308883667.
LOCAL_RANK: 0 - CUDA_VISIBLE_DEVICES: [0]
[I 2023-12-15 12:57:15,471] Trial 9 finished with value: 7.250393390655518 and parameters: {'gradient_clip_val': 0.38891331188339245, 'hidden_size': 35, 'dropout': 0.3255319598981446, 'hidden_continuous_size': 13, 'attention_head_size': 2, 'learning_rate': 0.0005604464562120509}. Best is trial 1 with value: 3.043837308883667.
LOCAL_RANK: 0 - CUDA_VISIBLE_DEVICES: [0]
[I 2023-12-15 12:58:11,048] Trial 10 finished with value: 27.728601455688477 and parameters: {'gradient_clip_val': 0.26231965310508437, 'hidden_size': 84, 'dropout': 0.29636404360742863, 'hidden_continuous_size': 44, 'attention_head_size': 4, 'learning_rate': 0.003908697043490087}. Best is trial 1 with value: 3.043837308883667.
LOCAL_RANK: 0 - CUDA_VISIBLE_DEVICES: [0]
[I 2023-12-15 12:59:04,302] Trial 11 finished with value: 11.275688171386719 and parameters: {'gradient_clip_val': 0.21760912831214882, 'hidden_size': 49, 'dropout': 0.26938864544490626, 'hidden_continuous_size': 24, 'attention_head_size': 4, 'learning_rate': 0.08284418377486674}. Best is trial 1 with value: 3.043837308883667.
LOCAL_RANK: 0 - CUDA_VISIBLE_DEVICES: [0]
[I 2023-12-15 12:59:53,158] Trial 12 finished with value: 3.332796812057495 and parameters: {'gradient_clip_val': 0.16831309873358655, 'hidden_size': 21, 'dropout': 0.22253094534779547, 'hidden_continuous_size': 9, 'attention_head_size': 3, 'learning_rate': 0.007442299608603393}. Best is trial 1 with value: 3.043837308883667.
LOCAL_RANK: 0 - CUDA_VISIBLE_DEVICES: [0]
[I 2023-12-15 13:00:44,319] Trial 13 finished with value: 9.976832389831543 and parameters: {'gradient_clip_val': 0.1067511148948001, 'hidden_size': 44, 'dropout': 0.23343891614260062, 'hidden_continuous_size': 9, 'attention_head_size': 3, 'learning_rate': 0.007083334421907698}. Best is trial 1 with value: 3.043837308883667.
LOCAL_RANK: 0 - CUDA_VISIBLE_DEVICES: [0]
[I 2023-12-15 13:01:33,594] Trial 14 finished with value: 3.827683687210083 and parameters: {'gradient_clip_val': 0.2922002412916878, 'hidden_size': 25, 'dropout': 0.21365647901432006, 'hidden_continuous_size': 9, 'attention_head_size': 3, 'learning_rate': 0.0030812554707718882}. Best is trial 1 with value: 3.043837308883667.
LOCAL_RANK: 0 - CUDA_VISIBLE_DEVICES: [0]
[I 2023-12-15 13:02:28,297] Trial 15 finished with value: 24.314233779907227 and parameters: {'gradient_clip_val': 0.19837301997322013, 'hidden_size': 87, 'dropout': 0.3107264573111676, 'hidden_continuous_size': 31, 'attention_head_size': 3, 'learning_rate': 0.0014901566844785087}. Best is trial 1 with value: 3.043837308883667.
LOCAL_RANK: 0 - CUDA_VISIBLE_DEVICES: [0]
[I 2023-12-15 13:03:21,439] Trial 16 finished with value: 4.14272928237915 and parameters: {'gradient_clip_val': 0.316967232822199, 'hidden_size': 50, 'dropout': 0.3994822196458929, 'hidden_continuous_size': 19, 'attention_head_size': 3, 'learning_rate': 0.006615794421870412}. Best is trial 1 with value: 3.043837308883667.
LOCAL_RANK: 0 - CUDA_VISIBLE_DEVICES: [0]
[I 2023-12-15 13:03:55,080] Trial 17 finished with value: 5.641695499420166 and parameters: {'gradient_clip_val': 0.15437198774146976, 'hidden_size': 5, 'dropout': 0.2500748639303418, 'hidden_continuous_size': 5, 'attention_head_size': 3, 'learning_rate': 0.0017716430702198623}. Best is trial 1 with value: 3.043837308883667.
LOCAL_RANK: 0 - CUDA_VISIBLE_DEVICES: [0]
[I 2023-12-15 13:04:40,312] Trial 18 finished with value: 4.188350200653076 and parameters: {'gradient_clip_val': 0.2141886411692874, 'hidden_size': 16, 'dropout': 0.1943671122308505, 'hidden_continuous_size': 8, 'attention_head_size': 4, 'learning_rate': 0.005027514768707309}. Best is trial 1 with value: 3.043837308883667.
LOCAL_RANK: 0 - CUDA_VISIBLE_DEVICES: [0]
[I 2023-12-15 13:05:29,580] Trial 19 finished with value: 8.45070743560791 and parameters: {'gradient_clip_val': 0.41891718737253525, 'hidden_size': 25, 'dropout': 0.3264032678496924, 'hidden_continuous_size': 15, 'attention_head_size': 3, 'learning_rate': 0.01085059158165436}. Best is trial 1 with value: 3.043837308883667.
LOCAL_RANK: 0 - CUDA_VISIBLE_DEVICES: [0]
[I 2023-12-15 13:06:22,066] Trial 20 finished with value: 3.1425297260284424 and parameters: {'gradient_clip_val': 0.10036067624942988, 'hidden_size': 39, 'dropout': 0.17306763560239394, 'hidden_continuous_size': 17, 'attention_head_size': 4, 'learning_rate': 0.002066345626617503}. Best is trial 1 with value: 3.043837308883667.
LOCAL_RANK: 0 - CUDA_VISIBLE_DEVICES: [0]
