[I 2023-12-16 03:30:20,332] Trial 17 finished with value: 75852.8359375 and parameters: {'gradient_clip_val': 0.35169545648251466, 'hidden_size': 100, 'dropout': 0.3337761613375072, 'hidden_continuous_size': 97, 'attention_head_size': 2, 'learning_rate': 0.00943427197747167}. Best is trial 14 with value: 18034.697265625.
LOCAL_RANK: 0 - CUDA_VISIBLE_DEVICES: [0]
[I 2023-12-16 03:31:13,402] Trial 18 finished with value: 120237.1171875 and parameters: {'gradient_clip_val': 0.21872356956571243, 'hidden_size': 57, 'dropout': 0.30655902314272937, 'hidden_continuous_size': 29, 'attention_head_size': 2, 'learning_rate': 0.002056032258407688}. Best is trial 14 with value: 18034.697265625.
LOCAL_RANK: 0 - CUDA_VISIBLE_DEVICES: [0]
[I 2023-12-16 03:32:07,750] Trial 19 finished with value: 75548.8046875 and parameters: {'gradient_clip_val': 0.3222768801371198, 'hidden_size': 67, 'dropout': 0.3681106068706372, 'hidden_continuous_size': 33, 'attention_head_size': 2, 'learning_rate': 0.0011700951162520404}. Best is trial 14 with value: 18034.697265625.
LOCAL_RANK: 0 - CUDA_VISIBLE_DEVICES: [0]
[I 2023-12-16 03:33:00,529] Trial 20 finished with value: 30091.234375 and parameters: {'gradient_clip_val': 0.21244517475051905, 'hidden_size': 80, 'dropout': 0.36140517019936974, 'hidden_continuous_size': 24, 'attention_head_size': 1, 'learning_rate': 0.0034553561626598076}. Best is trial 14 with value: 18034.697265625.
LOCAL_RANK: 0 - CUDA_VISIBLE_DEVICES: [0]
[I 2023-12-16 03:33:53,391] Trial 21 finished with value: 133365.078125 and parameters: {'gradient_clip_val': 0.25192072005700444, 'hidden_size': 50, 'dropout': 0.2834979325469111, 'hidden_continuous_size': 21, 'attention_head_size': 3, 'learning_rate': 0.004414451089112964}. Best is trial 14 with value: 18034.697265625.
LOCAL_RANK: 0 - CUDA_VISIBLE_DEVICES: [0]
[I 2023-12-16 03:34:48,247] Trial 22 finished with value: 77463.0078125 and parameters: {'gradient_clip_val': 0.2481970329485912, 'hidden_size': 78, 'dropout': 0.24716655374195662, 'hidden_continuous_size': 36, 'attention_head_size': 2, 'learning_rate': 0.0050322377067491915}. Best is trial 14 with value: 18034.697265625.
LOCAL_RANK: 0 - CUDA_VISIBLE_DEVICES: [0]
[I 2023-12-16 03:35:41,332] Trial 23 finished with value: 71534.8046875 and parameters: {'gradient_clip_val': 0.16694650118299018, 'hidden_size': 55, 'dropout': 0.2851786650950408, 'hidden_continuous_size': 20, 'attention_head_size': 3, 'learning_rate': 0.00297293801690525}. Best is trial 14 with value: 18034.697265625.
LOCAL_RANK: 0 - CUDA_VISIBLE_DEVICES: [0]
[I 2023-12-16 03:36:37,204] Trial 24 finished with value: 30313.1875 and parameters: {'gradient_clip_val': 0.29871825990789513, 'hidden_size': 98, 'dropout': 0.3002599176936853, 'hidden_continuous_size': 44, 'attention_head_size': 2, 'learning_rate': 0.006364382134003743}. Best is trial 14 with value: 18034.697265625.
LOCAL_RANK: 0 - CUDA_VISIBLE_DEVICES: [0]
[I 2023-12-16 03:37:30,533] Trial 25 finished with value: 84237.2890625 and parameters: {'gradient_clip_val': 0.2041844997222448, 'hidden_size': 68, 'dropout': 0.33365434264636096, 'hidden_continuous_size': 24, 'attention_head_size': 3, 'learning_rate': 0.010964613286889906}. Best is trial 14 with value: 18034.697265625.
LOCAL_RANK: 0 - CUDA_VISIBLE_DEVICES: [0]
[I 2023-12-16 03:38:21,815] Trial 26 finished with value: 85385.3984375 and parameters: {'gradient_clip_val': 0.24198854575615442, 'hidden_size': 40, 'dropout': 0.252571789890204, 'hidden_continuous_size': 18, 'attention_head_size': 2, 'learning_rate': 0.00418045575808365}. Best is trial 14 with value: 18034.697265625.
LOCAL_RANK: 0 - CUDA_VISIBLE_DEVICES: [0]
[I 2023-12-16 03:39:16,202] Trial 27 finished with value: 11755.81640625 and parameters: {'gradient_clip_val': 0.40166171131690986, 'hidden_size': 80, 'dropout': 0.31590529630397624, 'hidden_continuous_size': 38, 'attention_head_size': 3, 'learning_rate': 0.0019853350567257733}. Best is trial 27 with value: 11755.81640625.
LOCAL_RANK: 0 - CUDA_VISIBLE_DEVICES: [0]
[I 2023-12-16 03:40:11,958] Trial 28 finished with value: 76745.875 and parameters: {'gradient_clip_val': 0.4202967168921284, 'hidden_size': 82, 'dropout': 0.318546952056046, 'hidden_continuous_size': 43, 'attention_head_size': 4, 'learning_rate': 0.0019517874103405991}. Best is trial 27 with value: 11755.81640625.
LOCAL_RANK: 0 - CUDA_VISIBLE_DEVICES: [0]
[I 2023-12-16 03:41:03,386] Trial 29 finished with value: 60967.02734375 and parameters: {'gradient_clip_val': 0.3844697190936707, 'hidden_size': 35, 'dropout': 0.34822124764163537, 'hidden_continuous_size': 24, 'attention_head_size': 1, 'learning_rate': 0.0028825848206118455}. Best is trial 27 with value: 11755.81640625.
LOCAL_RANK: 0 - CUDA_VISIBLE_DEVICES: [0]
[I 2023-12-16 03:41:57,094] Trial 30 finished with value: 54377.484375 and parameters: {'gradient_clip_val': 0.29771989051805414, 'hidden_size': 61, 'dropout': 0.3016523479424549, 'hidden_continuous_size': 36, 'attention_head_size': 2, 'learning_rate': 0.0013121913718168632}. Best is trial 27 with value: 11755.81640625.
LOCAL_RANK: 0 - CUDA_VISIBLE_DEVICES: [0]
[I 2023-12-16 03:42:50,029] Trial 31 finished with value: 45604.32421875 and parameters: {'gradient_clip_val': 0.18692208583536488, 'hidden_size': 49, 'dropout': 0.28478514223049833, 'hidden_continuous_size': 30, 'attention_head_size': 3, 'learning_rate': 0.006035531158433276}. Best is trial 27 with value: 11755.81640625.
LOCAL_RANK: 0 - CUDA_VISIBLE_DEVICES: [0]
[I 2023-12-16 03:43:46,496] Trial 32 finished with value: 48915.35546875 and parameters: {'gradient_clip_val': 0.26207181102185334, 'hidden_size': 85, 'dropout': 0.3183310984353511, 'hidden_continuous_size': 59, 'attention_head_size': 3, 'learning_rate': 0.0017451917376369518}. Best is trial 27 with value: 11755.81640625.
LOCAL_RANK: 0 - CUDA_VISIBLE_DEVICES: [0]
[I 2023-12-16 03:44:40,996] Trial 33 finished with value: 24888.728515625 and parameters: {'gradient_clip_val': 0.3230733029229795, 'hidden_size': 67, 'dropout': 0.2709965165717273, 'hidden_continuous_size': 33, 'attention_head_size': 3, 'learning_rate': 0.003620343611278127}. Best is trial 27 with value: 11755.81640625.
LOCAL_RANK: 0 - CUDA_VISIBLE_DEVICES: [0]
[I 2023-12-16 03:45:35,302] Trial 34 finished with value: 20895.125 and parameters: {'gradient_clip_val': 0.3122818233103136, 'hidden_size': 69, 'dropout': 0.2959426981012055, 'hidden_continuous_size': 32, 'attention_head_size': 4, 'learning_rate': 0.002261783941877478}. Best is trial 27 with value: 11755.81640625.
LOCAL_RANK: 0 - CUDA_VISIBLE_DEVICES: [0]
[I 2023-12-16 03:46:31,056] Trial 35 finished with value: 59875.48828125 and parameters: {'gradient_clip_val': 0.44995969433398003, 'hidden_size': 84, 'dropout': 0.3408605069138687, 'hidden_continuous_size': 40, 'attention_head_size': 4, 'learning_rate': 0.0025401667173304563}. Best is trial 27 with value: 11755.81640625.
LOCAL_RANK: 0 - CUDA_VISIBLE_DEVICES: [0]
[I 2023-12-16 03:47:24,863] Trial 36 finished with value: 55940.71875 and parameters: {'gradient_clip_val': 0.1658829594165939, 'hidden_size': 63, 'dropout': 0.31844273031322273, 'hidden_continuous_size': 28, 'attention_head_size': 4, 'learning_rate': 0.0022551504053939446}. Best is trial 27 with value: 11755.81640625.
LOCAL_RANK: 0 - CUDA_VISIBLE_DEVICES: [0]
[I 2023-12-16 03:48:18,442] Trial 37 finished with value: 144850.578125 and parameters: {'gradient_clip_val': 0.2889274856736972, 'hidden_size': 54, 'dropout': 0.2961490934144539, 'hidden_continuous_size': 26, 'attention_head_size': 4, 'learning_rate': 0.0015616086324764208}. Best is trial 27 with value: 11755.81640625.
LOCAL_RANK: 0 - CUDA_VISIBLE_DEVICES: [0]
[I 2023-12-16 03:49:14,162] Trial 38 finished with value: 117871.8359375 and parameters: {'gradient_clip_val': 0.38914347385428666, 'hidden_size': 99, 'dropout': 0.22259591276092788, 'hidden_continuous_size': 50, 'attention_head_size': 1, 'learning_rate': 0.0023796139346951586}. Best is trial 27 with value: 11755.81640625.
LOCAL_RANK: 0 - CUDA_VISIBLE_DEVICES: [0]
[I 2023-12-16 03:50:08,022] Trial 39 finished with value: 19341.966796875 and parameters: {'gradient_clip_val': 0.4963969015487982, 'hidden_size': 75, 'dropout': 0.23182630297327067, 'hidden_continuous_size': 31, 'attention_head_size': 2, 'learning_rate': 0.005275688621722359}. Best is trial 27 with value: 11755.81640625.
LOCAL_RANK: 0 - CUDA_VISIBLE_DEVICES: [0]
[I 2023-12-16 03:50:59,866] Trial 40 finished with value: 21665.802734375 and parameters: {'gradient_clip_val': 0.50698554619221, 'hidden_size': 40, 'dropout': 0.19172066327791681, 'hidden_continuous_size': 26, 'attention_head_size': 4, 'learning_rate': 0.01214630221293614}. Best is trial 27 with value: 11755.81640625.
LOCAL_RANK: 0 - CUDA_VISIBLE_DEVICES: [0]
[I 2023-12-16 03:51:53,592] Trial 41 finished with value: 61653.15625 and parameters: {'gradient_clip_val': 0.48756955115307077, 'hidden_size': 71, 'dropout': 0.23349508586469112, 'hidden_continuous_size': 32, 'attention_head_size': 2, 'learning_rate': 0.0066176551735349}. Best is trial 27 with value: 11755.81640625.
LOCAL_RANK: 0 - CUDA_VISIBLE_DEVICES: [0]
[I 2023-12-16 03:52:48,029] Trial 42 finished with value: 126199.125 and parameters: {'gradient_clip_val': 0.4122485314547905, 'hidden_size': 84, 'dropout': 0.2563131729837157, 'hidden_continuous_size': 38, 'attention_head_size': 2, 'learning_rate': 0.005320960070062082}. Best is trial 27 with value: 11755.81640625.
LOCAL_RANK: 0 - CUDA_VISIBLE_DEVICES: [0]
[I 2023-12-16 03:53:41,662] Trial 43 finished with value: 31164.619140625 and parameters: {'gradient_clip_val': 0.3571156396422938, 'hidden_size': 59, 'dropout': 0.2655844455183335, 'hidden_continuous_size': 31, 'attention_head_size': 2, 'learning_rate': 0.0034074946865669804}. Best is trial 27 with value: 11755.81640625.
LOCAL_RANK: 0 - CUDA_VISIBLE_DEVICES: [0]
[I 2023-12-16 03:54:35,708] Trial 44 finished with value: 15400.30078125 and parameters: {'gradient_clip_val': 0.3291719308726332, 'hidden_size': 71, 'dropout': 0.23297201874690196, 'hidden_continuous_size': 36, 'attention_head_size': 2, 'learning_rate': 0.007220740659653738}. Best is trial 27 with value: 11755.81640625.
LOCAL_RANK: 0 - CUDA_VISIBLE_DEVICES: [0]
[I 2023-12-16 03:55:29,267] Trial 45 finished with value: 64976.25390625 and parameters: {'gradient_clip_val': 0.3328799038909716, 'hidden_size': 71, 'dropout': 0.23352686621829918, 'hidden_continuous_size': 37, 'attention_head_size': 1, 'learning_rate': 0.007872935867057009}. Best is trial 27 with value: 11755.81640625.
LOCAL_RANK: 0 - CUDA_VISIBLE_DEVICES: [0]
[I 2023-12-16 03:56:23,016] Trial 46 finished with value: 83102.296875 and parameters: {'gradient_clip_val': 0.28098565774107787, 'hidden_size': 58, 'dropout': 0.1989178685784285, 'hidden_continuous_size': 35, 'attention_head_size': 2, 'learning_rate': 0.0052905720159316764}. Best is trial 27 with value: 11755.81640625.
LOCAL_RANK: 0 - CUDA_VISIBLE_DEVICES: [0]
[I 2023-12-16 03:57:14,952] Trial 47 finished with value: 65192.78125 and parameters: {'gradient_clip_val': 0.5508865622235611, 'hidden_size': 44, 'dropout': 0.22527618996247534, 'hidden_continuous_size': 28, 'attention_head_size': 2, 'learning_rate': 0.015871609425441146}. Best is trial 27 with value: 11755.81640625.
LOCAL_RANK: 0 - CUDA_VISIBLE_DEVICES: [0]
[I 2023-12-16 03:58:09,884] Trial 48 finished with value: 38273.5 and parameters: {'gradient_clip_val': 0.421288478620142, 'hidden_size': 74, 'dropout': 0.209674284684359, 'hidden_continuous_size': 46, 'attention_head_size': 2, 'learning_rate': 0.0009134312353394991}. Best is trial 27 with value: 11755.81640625.
LOCAL_RANK: 0 - CUDA_VISIBLE_DEVICES: [0]
[I 2023-12-16 03:59:06,311] Trial 49 finished with value: 90626.875 and parameters: {'gradient_clip_val': 0.3608849889484672, 'hidden_size': 87, 'dropout': 0.25786773410021874, 'hidden_continuous_size': 56, 'attention_head_size': 4, 'learning_rate': 0.007146405726008339}. Best is trial 27 with value: 11755.81640625.
[I 2023-12-16 03:59:06,406] A new study created in memory with name: no-name-71dc7fb0-229a-4e7b-9020-e433598cfaa4
/home/le004/conda/anaconda3/envs/tsff_env/lib/python3.9/site-packages/lightning/fabric/plugins/environments/slurm.py:191: The `srun` command is available on your system but is not used. HINT: If your intention is to run Lightning on SLURM, prepend your python command with `srun` like so: srun python /home/le004/master_thesis/git/TSFusionForecast/code/ ...
LOCAL_RANK: 0 - CUDA_VISIBLE_DEVICES: [0]
[I 2023-12-16 03:59:59,043] Trial 0 finished with value: 173.5592498779297 and parameters: {'gradient_clip_val': 0.17007520380909813, 'hidden_size': 69, 'dropout': 0.17075286398308376, 'hidden_continuous_size': 12, 'attention_head_size': 1, 'learning_rate': 0.0025946722473046044}. Best is trial 0 with value: 173.5592498779297.
LOCAL_RANK: 0 - CUDA_VISIBLE_DEVICES: [0]
[I 2023-12-16 04:00:48,278] Trial 1 finished with value: 231.77635192871094 and parameters: {'gradient_clip_val': 0.6111704854578066, 'hidden_size': 21, 'dropout': 0.2948887416347362, 'hidden_continuous_size': 20, 'attention_head_size': 4, 'learning_rate': 0.0032026507872939163}. Best is trial 0 with value: 173.5592498779297.
LOCAL_RANK: 0 - CUDA_VISIBLE_DEVICES: [0]
[I 2023-12-16 04:01:32,610] Trial 2 finished with value: 197.3477020263672 and parameters: {'gradient_clip_val': 0.910879043773506, 'hidden_size': 7, 'dropout': 0.3737281039800391, 'hidden_continuous_size': 5, 'attention_head_size': 1, 'learning_rate': 0.008514903539182118}. Best is trial 0 with value: 173.5592498779297.
LOCAL_RANK: 0 - CUDA_VISIBLE_DEVICES: [0]
[I 2023-12-16 04:02:16,513] Trial 3 finished with value: 421.02490234375 and parameters: {'gradient_clip_val': 0.12123475352349632, 'hidden_size': 7, 'dropout': 0.3703659633244798, 'hidden_continuous_size': 5, 'attention_head_size': 1, 'learning_rate': 0.022222463756969114}. Best is trial 0 with value: 173.5592498779297.
LOCAL_RANK: 0 - CUDA_VISIBLE_DEVICES: [0]
[I 2023-12-16 04:03:01,971] Trial 4 finished with value: 339.3861083984375 and parameters: {'gradient_clip_val': 0.14024291738085456, 'hidden_size': 14, 'dropout': 0.34965456893318814, 'hidden_continuous_size': 5, 'attention_head_size': 4, 'learning_rate': 0.07332941803566499}. Best is trial 0 with value: 173.5592498779297.
LOCAL_RANK: 0 - CUDA_VISIBLE_DEVICES: [0]
[I 2023-12-16 04:03:54,957] Trial 5 finished with value: 382.8592224121094 and parameters: {'gradient_clip_val': 0.18845352524535142, 'hidden_size': 39, 'dropout': 0.25282395064322527, 'hidden_continuous_size': 34, 'attention_head_size': 3, 'learning_rate': 0.0006102186209731264}. Best is trial 0 with value: 173.5592498779297.
LOCAL_RANK: 0 - CUDA_VISIBLE_DEVICES: [0]
[I 2023-12-16 04:04:45,757] Trial 6 finished with value: 306.00433349609375 and parameters: {'gradient_clip_val': 0.16042736504356683, 'hidden_size': 48, 'dropout': 0.2366822704268026, 'hidden_continuous_size': 14, 'attention_head_size': 1, 'learning_rate': 0.0008495456935580098}. Best is trial 0 with value: 173.5592498779297.
LOCAL_RANK: 0 - CUDA_VISIBLE_DEVICES: [0]
[I 2023-12-16 04:05:34,361] Trial 7 finished with value: 248.9583282470703 and parameters: {'gradient_clip_val': 0.19854494712453954, 'hidden_size': 28, 'dropout': 0.2866017846137652, 'hidden_continuous_size': 12, 'attention_head_size': 4, 'learning_rate': 0.01676158993148605}. Best is trial 0 with value: 173.5592498779297.
LOCAL_RANK: 0 - CUDA_VISIBLE_DEVICES: [0]
[I 2023-12-16 04:06:27,152] Trial 8 finished with value: 264.0626220703125 and parameters: {'gradient_clip_val': 0.6052606384457585, 'hidden_size': 47, 'dropout': 0.2634185938231802, 'hidden_continuous_size': 19, 'attention_head_size': 3, 'learning_rate': 0.0020312451515708957}. Best is trial 0 with value: 173.5592498779297.
LOCAL_RANK: 0 - CUDA_VISIBLE_DEVICES: [0]
[I 2023-12-16 04:07:14,986] Trial 9 finished with value: 168.77406311035156 and parameters: {'gradient_clip_val': 0.7058963520845513, 'hidden_size': 23, 'dropout': 0.1967862234403857, 'hidden_continuous_size': 6, 'attention_head_size': 2, 'learning_rate': 0.005781647631962059}. Best is trial 9 with value: 168.77406311035156.
LOCAL_RANK: 0 - CUDA_VISIBLE_DEVICES: [0]
[I 2023-12-16 04:08:10,311] Trial 10 finished with value: 220.641357421875 and parameters: {'gradient_clip_val': 0.3315178634899259, 'hidden_size': 92, 'dropout': 0.10353019923034978, 'hidden_continuous_size': 50, 'attention_head_size': 2, 'learning_rate': 0.0058688889757843865}. Best is trial 9 with value: 168.77406311035156.
LOCAL_RANK: 0 - CUDA_VISIBLE_DEVICES: [0]
[I 2023-12-16 04:08:47,561] Trial 11 finished with value: 165.76744079589844 and parameters: {'gradient_clip_val': 0.2919083672718309, 'hidden_size': 94, 'dropout': 0.18726567365951557, 'hidden_continuous_size': 94, 'attention_head_size': 2, 'learning_rate': 0.002375009155831667}. Best is trial 11 with value: 165.76744079589844.
LOCAL_RANK: 0 - CUDA_VISIBLE_DEVICES: [0]
[I 2023-12-16 04:09:24,688] Trial 12 finished with value: 299.5226745605469 and parameters: {'gradient_clip_val': 0.3229196274562883, 'hidden_size': 89, 'dropout': 0.18813083116147084, 'hidden_continuous_size': 89, 'attention_head_size': 2, 'learning_rate': 0.0014514355569412252}. Best is trial 11 with value: 165.76744079589844.
LOCAL_RANK: 0 - CUDA_VISIBLE_DEVICES: [0]
[I 2023-12-16 04:10:10,349] Trial 13 finished with value: 315.94891357421875 and parameters: {'gradient_clip_val': 0.4267639461032272, 'hidden_size': 15, 'dropout': 0.18604314596522506, 'hidden_continuous_size': 7, 'attention_head_size': 2, 'learning_rate': 0.004962414901919118}. Best is trial 11 with value: 165.76744079589844.
LOCAL_RANK: 0 - CUDA_VISIBLE_DEVICES: [0]
[I 2023-12-16 04:11:03,380] Trial 14 finished with value: 259.8450012207031 and parameters: {'gradient_clip_val': 0.24649683323814292, 'hidden_size': 61, 'dropout': 0.14673548081723217, 'hidden_continuous_size': 8, 'attention_head_size': 3, 'learning_rate': 0.000992289874009064}. Best is trial 11 with value: 165.76744079589844.
LOCAL_RANK: 0 - CUDA_VISIBLE_DEVICES: [0]
[I 2023-12-16 04:11:52,346] Trial 15 finished with value: 263.9916076660156 and parameters: {'gradient_clip_val': 0.43971847960547905, 'hidden_size': 33, 'dropout': 0.21499345095426398, 'hidden_continuous_size': 8, 'attention_head_size': 2, 'learning_rate': 0.0018450175823050679}. Best is trial 11 with value: 165.76744079589844.
LOCAL_RANK: 0 - CUDA_VISIBLE_DEVICES: [0]
[I 2023-12-16 04:12:50,458] Trial 16 finished with value: 188.1697540283203 and parameters: {'gradient_clip_val': 0.9870464865332741, 'hidden_size': 99, 'dropout': 0.14236188038858924, 'hidden_continuous_size': 94, 'attention_head_size': 2, 'learning_rate': 0.0032869864094711965}. Best is trial 11 with value: 165.76744079589844.
LOCAL_RANK: 0 - CUDA_VISIBLE_DEVICES: [0]
[I 2023-12-16 04:13:38,903] Trial 17 finished with value: 268.10870361328125 and parameters: {'gradient_clip_val': 0.1003787705168721, 'hidden_size': 23, 'dropout': 0.21651423690518776, 'hidden_continuous_size': 6, 'attention_head_size': 3, 'learning_rate': 0.0005676512819724581}. Best is trial 11 with value: 165.76744079589844.
LOCAL_RANK: 0 - CUDA_VISIBLE_DEVICES: [0]
[I 2023-12-16 04:14:32,156] Trial 18 finished with value: 309.93896484375 and parameters: {'gradient_clip_val': 0.28411814771313915, 'hidden_size': 61, 'dropout': 0.21561449842023828, 'hidden_continuous_size': 26, 'attention_head_size': 2, 'learning_rate': 0.0013549002091904124}. Best is trial 11 with value: 165.76744079589844.
LOCAL_RANK: 0 - CUDA_VISIBLE_DEVICES: [0]
[I 2023-12-16 04:15:21,943] Trial 19 finished with value: 311.6368713378906 and parameters: {'gradient_clip_val': 0.23633954019537778, 'hidden_size': 40, 'dropout': 0.10981769659080566, 'hidden_continuous_size': 8, 'attention_head_size': 3, 'learning_rate': 0.010529429927969316}. Best is trial 11 with value: 165.76744079589844.
LOCAL_RANK: 0 - CUDA_VISIBLE_DEVICES: [0]
[I 2023-12-16 04:15:55,293] Trial 20 finished with value: 243.8726348876953 and parameters: {'gradient_clip_val': 0.40711126785694196, 'hidden_size': 5, 'dropout': 0.15397493171158858, 'hidden_continuous_size': 5, 'attention_head_size': 1, 'learning_rate': 0.004271548128309686}. Best is trial 11 with value: 165.76744079589844.
LOCAL_RANK: 0 - CUDA_VISIBLE_DEVICES: [0]
[I 2023-12-16 04:16:46,844] Trial 21 finished with value: 234.8962860107422 and parameters: {'gradient_clip_val': 0.20162923134231012, 'hidden_size': 68, 'dropout': 0.1787366707131145, 'hidden_continuous_size': 11, 'attention_head_size': 1, 'learning_rate': 0.0025924049463881284}. Best is trial 11 with value: 165.76744079589844.
LOCAL_RANK: 0 - CUDA_VISIBLE_DEVICES: [0]
[I 2023-12-16 04:17:38,967] Trial 22 finished with value: 257.0527648925781 and parameters: {'gradient_clip_val': 0.16161430488676878, 'hidden_size': 70, 'dropout': 0.16957683606402327, 'hidden_continuous_size': 10, 'attention_head_size': 1, 'learning_rate': 0.002730342028433257}. Best is trial 11 with value: 165.76744079589844.
LOCAL_RANK: 0 - CUDA_VISIBLE_DEVICES: [0]
[I 2023-12-16 04:18:31,836] Trial 23 finished with value: 260.3065490722656 and parameters: {'gradient_clip_val': 0.2505924616305429, 'hidden_size': 58, 'dropout': 0.1916876273513153, 'hidden_continuous_size': 15, 'attention_head_size': 2, 'learning_rate': 0.005673136574405896}. Best is trial 11 with value: 165.76744079589844.
LOCAL_RANK: 0 - CUDA_VISIBLE_DEVICES: [0]
[I 2023-12-16 04:19:27,624] Trial 24 finished with value: 193.9394073486328 and parameters: {'gradient_clip_val': 0.366703137046837, 'hidden_size': 100, 'dropout': 0.127903838901669, 'hidden_continuous_size': 57, 'attention_head_size': 2, 'learning_rate': 0.004057836933120942}. Best is trial 11 with value: 165.76744079589844.
LOCAL_RANK: 0 - CUDA_VISIBLE_DEVICES: [0]
