[I 2023-12-15 13:05:42,047] Trial 22 finished with value: 353.142578125 and parameters: {'gradient_clip_val': 0.4283500873263729, 'hidden_size': 7, 'dropout': 0.13305966272313927, 'hidden_continuous_size': 6, 'attention_head_size': 3, 'learning_rate': 0.003314666212275581}. Best is trial 18 with value: 124.86886596679688.
LOCAL_RANK: 0 - CUDA_VISIBLE_DEVICES: [0]
[I 2023-12-15 13:06:28,810] Trial 23 finished with value: 201.1377410888672 and parameters: {'gradient_clip_val': 0.3119161873064436, 'hidden_size': 10, 'dropout': 0.16014619595605106, 'hidden_continuous_size': 6, 'attention_head_size': 3, 'learning_rate': 0.005320363296066074}. Best is trial 18 with value: 124.86886596679688.
LOCAL_RANK: 0 - CUDA_VISIBLE_DEVICES: [0]
[I 2023-12-15 13:07:04,489] Trial 24 finished with value: 431.5274963378906 and parameters: {'gradient_clip_val': 0.5265054369288571, 'hidden_size': 5, 'dropout': 0.13175884181633937, 'hidden_continuous_size': 5, 'attention_head_size': 2, 'learning_rate': 0.000823323246771909}. Best is trial 18 with value: 124.86886596679688.
LOCAL_RANK: 0 - CUDA_VISIBLE_DEVICES: [0]
[I 2023-12-15 13:07:50,968] Trial 25 finished with value: 111.24234008789062 and parameters: {'gradient_clip_val': 0.21016487526792418, 'hidden_size': 10, 'dropout': 0.12115399815801574, 'hidden_continuous_size': 6, 'attention_head_size': 3, 'learning_rate': 0.00201840205770901}. Best is trial 25 with value: 111.24234008789062.
LOCAL_RANK: 0 - CUDA_VISIBLE_DEVICES: [0]
[I 2023-12-15 13:08:38,482] Trial 26 finished with value: 264.6441345214844 and parameters: {'gradient_clip_val': 0.19277669748872905, 'hidden_size': 11, 'dropout': 0.15981595728760953, 'hidden_continuous_size': 7, 'attention_head_size': 4, 'learning_rate': 0.0017827010300420908}. Best is trial 25 with value: 111.24234008789062.
LOCAL_RANK: 0 - CUDA_VISIBLE_DEVICES: [0]
[I 2023-12-15 13:09:26,658] Trial 27 finished with value: 339.5840759277344 and parameters: {'gradient_clip_val': 0.14894320082042534, 'hidden_size': 18, 'dropout': 0.10071275143220239, 'hidden_continuous_size': 8, 'attention_head_size': 2, 'learning_rate': 0.0013568628062252753}. Best is trial 25 with value: 111.24234008789062.
LOCAL_RANK: 0 - CUDA_VISIBLE_DEVICES: [0]
[I 2023-12-15 13:10:11,448] Trial 28 finished with value: 190.0836639404297 and parameters: {'gradient_clip_val': 0.22392419085528323, 'hidden_size': 8, 'dropout': 0.12391991712282857, 'hidden_continuous_size': 6, 'attention_head_size': 1, 'learning_rate': 0.0009058926983774768}. Best is trial 25 with value: 111.24234008789062.
LOCAL_RANK: 0 - CUDA_VISIBLE_DEVICES: [0]
[I 2023-12-15 13:10:59,862] Trial 29 finished with value: 428.3173828125 and parameters: {'gradient_clip_val': 0.12802334166996557, 'hidden_size': 18, 'dropout': 0.18763545721460334, 'hidden_continuous_size': 8, 'attention_head_size': 4, 'learning_rate': 0.010059230989693189}. Best is trial 25 with value: 111.24234008789062.
LOCAL_RANK: 0 - CUDA_VISIBLE_DEVICES: [0]
[I 2023-12-15 13:11:45,850] Trial 30 finished with value: 185.62767028808594 and parameters: {'gradient_clip_val': 0.1846231064281753, 'hidden_size': 12, 'dropout': 0.15296454173194984, 'hidden_continuous_size': 7, 'attention_head_size': 3, 'learning_rate': 0.0019040548492000357}. Best is trial 25 with value: 111.24234008789062.
LOCAL_RANK: 0 - CUDA_VISIBLE_DEVICES: [0]
[I 2023-12-15 13:12:32,943] Trial 31 finished with value: 265.4709167480469 and parameters: {'gradient_clip_val': 0.28149889092519575, 'hidden_size': 6, 'dropout': 0.12720559981494306, 'hidden_continuous_size': 5, 'attention_head_size': 3, 'learning_rate': 0.002682357850918688}. Best is trial 25 with value: 111.24234008789062.
LOCAL_RANK: 0 - CUDA_VISIBLE_DEVICES: [0]
[I 2023-12-15 13:13:19,611] Trial 32 finished with value: 139.9681854248047 and parameters: {'gradient_clip_val': 0.22458985957165384, 'hidden_size': 9, 'dropout': 0.1214904273257146, 'hidden_continuous_size': 6, 'attention_head_size': 3, 'learning_rate': 0.002470695968468719}. Best is trial 25 with value: 111.24234008789062.
LOCAL_RANK: 0 - CUDA_VISIBLE_DEVICES: [0]
[I 2023-12-15 13:14:06,718] Trial 33 finished with value: 119.3428726196289 and parameters: {'gradient_clip_val': 0.22707617431561042, 'hidden_size': 9, 'dropout': 0.11718897940328867, 'hidden_continuous_size': 6, 'attention_head_size': 4, 'learning_rate': 0.0050297302380041325}. Best is trial 25 with value: 111.24234008789062.
LOCAL_RANK: 0 - CUDA_VISIBLE_DEVICES: [0]
[I 2023-12-15 13:14:54,419] Trial 34 finished with value: 332.51043701171875 and parameters: {'gradient_clip_val': 0.20410312755658402, 'hidden_size': 14, 'dropout': 0.11627539026604036, 'hidden_continuous_size': 9, 'attention_head_size': 4, 'learning_rate': 0.004889625056157235}. Best is trial 25 with value: 111.24234008789062.
LOCAL_RANK: 0 - CUDA_VISIBLE_DEVICES: [0]
[I 2023-12-15 13:15:41,897] Trial 35 finished with value: 411.0733337402344 and parameters: {'gradient_clip_val': 0.2321992191461195, 'hidden_size': 11, 'dropout': 0.16360395420179477, 'hidden_continuous_size': 6, 'attention_head_size': 4, 'learning_rate': 0.006424426111359678}. Best is trial 25 with value: 111.24234008789062.
LOCAL_RANK: 0 - CUDA_VISIBLE_DEVICES: [0]
[I 2023-12-15 13:16:29,619] Trial 36 finished with value: 354.1778259277344 and parameters: {'gradient_clip_val': 0.28107547115009973, 'hidden_size': 15, 'dropout': 0.1426900580870729, 'hidden_continuous_size': 9, 'attention_head_size': 4, 'learning_rate': 0.008042303049312808}. Best is trial 25 with value: 111.24234008789062.
LOCAL_RANK: 0 - CUDA_VISIBLE_DEVICES: [0]
[I 2023-12-15 13:17:14,799] Trial 37 finished with value: 117.1451416015625 and parameters: {'gradient_clip_val': 0.19588492819826242, 'hidden_size': 8, 'dropout': 0.22373491487251213, 'hidden_continuous_size': 6, 'attention_head_size': 1, 'learning_rate': 0.0036827066606995684}. Best is trial 25 with value: 111.24234008789062.
LOCAL_RANK: 0 - CUDA_VISIBLE_DEVICES: [0]
[I 2023-12-15 13:17:59,149] Trial 38 finished with value: 167.6659698486328 and parameters: {'gradient_clip_val': 0.19328769235365528, 'hidden_size': 8, 'dropout': 0.25340574663859794, 'hidden_continuous_size': 6, 'attention_head_size': 1, 'learning_rate': 0.004188802209350606}. Best is trial 25 with value: 111.24234008789062.
LOCAL_RANK: 0 - CUDA_VISIBLE_DEVICES: [0]
[I 2023-12-15 13:18:44,792] Trial 39 finished with value: 210.5531768798828 and parameters: {'gradient_clip_val': 0.15950048294970537, 'hidden_size': 11, 'dropout': 0.2226475085012363, 'hidden_continuous_size': 6, 'attention_head_size': 1, 'learning_rate': 0.003343179079013478}. Best is trial 25 with value: 111.24234008789062.
LOCAL_RANK: 0 - CUDA_VISIBLE_DEVICES: [0]
[I 2023-12-15 13:19:35,760] Trial 40 finished with value: 297.22039794921875 and parameters: {'gradient_clip_val': 0.23758164843637322, 'hidden_size': 23, 'dropout': 0.2823392409831137, 'hidden_continuous_size': 11, 'attention_head_size': 4, 'learning_rate': 0.007760352032060138}. Best is trial 25 with value: 111.24234008789062.
LOCAL_RANK: 0 - CUDA_VISIBLE_DEVICES: [0]
[I 2023-12-15 13:20:21,499] Trial 41 finished with value: 196.2067413330078 and parameters: {'gradient_clip_val': 0.21084856932289484, 'hidden_size': 9, 'dropout': 0.17179778772666143, 'hidden_continuous_size': 6, 'attention_head_size': 1, 'learning_rate': 0.0032348351278264557}. Best is trial 25 with value: 111.24234008789062.
LOCAL_RANK: 0 - CUDA_VISIBLE_DEVICES: [0]
[I 2023-12-15 13:21:07,917] Trial 42 finished with value: 317.5666809082031 and parameters: {'gradient_clip_val': 0.2528087222206021, 'hidden_size': 10, 'dropout': 0.11022340938930619, 'hidden_continuous_size': 6, 'attention_head_size': 2, 'learning_rate': 0.004390157418922717}. Best is trial 25 with value: 111.24234008789062.
LOCAL_RANK: 0 - CUDA_VISIBLE_DEVICES: [0]
[I 2023-12-15 13:21:52,200] Trial 43 finished with value: 332.98406982421875 and parameters: {'gradient_clip_val': 0.18149368482981276, 'hidden_size': 8, 'dropout': 0.11650739223218948, 'hidden_continuous_size': 6, 'attention_head_size': 1, 'learning_rate': 0.0020435396039781943}. Best is trial 25 with value: 111.24234008789062.
LOCAL_RANK: 0 - CUDA_VISIBLE_DEVICES: [0]
[I 2023-12-15 13:22:38,713] Trial 44 finished with value: 153.32276916503906 and parameters: {'gradient_clip_val': 0.2848730435012519, 'hidden_size': 7, 'dropout': 0.13925824080598379, 'hidden_continuous_size': 6, 'attention_head_size': 2, 'learning_rate': 0.006471265567929388}. Best is trial 25 with value: 111.24234008789062.
LOCAL_RANK: 0 - CUDA_VISIBLE_DEVICES: [0]
[I 2023-12-15 13:23:24,814] Trial 45 finished with value: 196.6981201171875 and parameters: {'gradient_clip_val': 0.2396281719360386, 'hidden_size': 6, 'dropout': 0.17733848642645145, 'hidden_continuous_size': 5, 'attention_head_size': 3, 'learning_rate': 0.0029379238135487282}. Best is trial 25 with value: 111.24234008789062.
LOCAL_RANK: 0 - CUDA_VISIBLE_DEVICES: [0]
[I 2023-12-15 13:24:10,036] Trial 46 finished with value: 290.2232666015625 and parameters: {'gradient_clip_val': 0.1983751713574765, 'hidden_size': 12, 'dropout': 0.11336770972142815, 'hidden_continuous_size': 7, 'attention_head_size': 2, 'learning_rate': 0.013478634177405056}. Best is trial 25 with value: 111.24234008789062.
LOCAL_RANK: 0 - CUDA_VISIBLE_DEVICES: [0]
[I 2023-12-15 13:24:57,354] Trial 47 finished with value: 213.78466796875 and parameters: {'gradient_clip_val': 0.16896705530324585, 'hidden_size': 15, 'dropout': 0.15317769301100434, 'hidden_continuous_size': 8, 'attention_head_size': 3, 'learning_rate': 0.0023398516042138356}. Best is trial 25 with value: 111.24234008789062.
LOCAL_RANK: 0 - CUDA_VISIBLE_DEVICES: [0]
[I 2023-12-15 13:25:43,569] Trial 48 finished with value: 359.1921081542969 and parameters: {'gradient_clip_val': 0.32362213994393385, 'hidden_size': 9, 'dropout': 0.1360450434563108, 'hidden_continuous_size': 6, 'attention_head_size': 1, 'learning_rate': 0.00397937818329072}. Best is trial 25 with value: 111.24234008789062.
LOCAL_RANK: 0 - CUDA_VISIBLE_DEVICES: [0]
[I 2023-12-15 13:26:18,906] Trial 49 finished with value: 161.05125427246094 and parameters: {'gradient_clip_val': 0.2919201636703268, 'hidden_size': 5, 'dropout': 0.12038110749239403, 'hidden_continuous_size': 5, 'attention_head_size': 2, 'learning_rate': 0.0015672650418561958}. Best is trial 25 with value: 111.24234008789062.
[I 2023-12-15 13:26:19,013] A new study created in memory with name: no-name-74186c73-0624-4168-96ba-f01859f7c71c
/home/le004/conda/anaconda3/envs/tsff_env/lib/python3.9/site-packages/lightning/fabric/plugins/environments/slurm.py:191: The `srun` command is available on your system but is not used. HINT: If your intention is to run Lightning on SLURM, prepend your python command with `srun` like so: srun python /home/le004/master_thesis/git/TSFusionForecast/code/ ...
LOCAL_RANK: 0 - CUDA_VISIBLE_DEVICES: [0]
[I 2023-12-15 13:27:07,882] Trial 0 finished with value: 2.07871413230896 and parameters: {'gradient_clip_val': 0.18322345856433267, 'hidden_size': 18, 'dropout': 0.37930062209093285, 'hidden_continuous_size': 8, 'attention_head_size': 4, 'learning_rate': 0.0024836758417483376}. Best is trial 0 with value: 2.07871413230896.
LOCAL_RANK: 0 - CUDA_VISIBLE_DEVICES: [0]
[I 2023-12-15 13:28:01,780] Trial 1 finished with value: 0.4463636577129364 and parameters: {'gradient_clip_val': 0.3469863151663015, 'hidden_size': 84, 'dropout': 0.27975278054013625, 'hidden_continuous_size': 12, 'attention_head_size': 1, 'learning_rate': 0.06907361142132308}. Best is trial 1 with value: 0.4463636577129364.
LOCAL_RANK: 0 - CUDA_VISIBLE_DEVICES: [0]
[I 2023-12-15 13:28:56,476] Trial 2 finished with value: 0.16265015304088593 and parameters: {'gradient_clip_val': 0.43936181466982166, 'hidden_size': 51, 'dropout': 0.17315163464996142, 'hidden_continuous_size': 45, 'attention_head_size': 2, 'learning_rate': 0.03528972918976321}. Best is trial 2 with value: 0.16265015304088593.
LOCAL_RANK: 0 - CUDA_VISIBLE_DEVICES: [0]
[I 2023-12-15 13:29:50,257] Trial 3 finished with value: 0.5012400150299072 and parameters: {'gradient_clip_val': 0.3596452504600399, 'hidden_size': 59, 'dropout': 0.12434473418418537, 'hidden_continuous_size': 21, 'attention_head_size': 1, 'learning_rate': 0.04577548029762671}. Best is trial 2 with value: 0.16265015304088593.
LOCAL_RANK: 0 - CUDA_VISIBLE_DEVICES: [0]
[I 2023-12-15 13:30:44,234] Trial 4 finished with value: 1.182052493095398 and parameters: {'gradient_clip_val': 0.12445087237084898, 'hidden_size': 53, 'dropout': 0.3334988767279763, 'hidden_continuous_size': 25, 'attention_head_size': 2, 'learning_rate': 0.0007897604382505693}. Best is trial 2 with value: 0.16265015304088593.
LOCAL_RANK: 0 - CUDA_VISIBLE_DEVICES: [0]
[I 2023-12-15 13:31:29,821] Trial 5 finished with value: 2.379934549331665 and parameters: {'gradient_clip_val': 0.8398283523872954, 'hidden_size': 8, 'dropout': 0.28703945159088173, 'hidden_continuous_size': 6, 'attention_head_size': 3, 'learning_rate': 0.010284619848901484}. Best is trial 2 with value: 0.16265015304088593.
LOCAL_RANK: 0 - CUDA_VISIBLE_DEVICES: [0]
[I 2023-12-15 13:32:23,633] Trial 6 finished with value: 1.5673729181289673 and parameters: {'gradient_clip_val': 0.13382475700371482, 'hidden_size': 43, 'dropout': 0.3211012493729811, 'hidden_continuous_size': 29, 'attention_head_size': 2, 'learning_rate': 0.0013388060959841405}. Best is trial 2 with value: 0.16265015304088593.
LOCAL_RANK: 0 - CUDA_VISIBLE_DEVICES: [0]
[I 2023-12-15 13:33:10,768] Trial 7 finished with value: 0.23061013221740723 and parameters: {'gradient_clip_val': 0.43482510748266984, 'hidden_size': 7, 'dropout': 0.11470796433952113, 'hidden_continuous_size': 6, 'attention_head_size': 4, 'learning_rate': 0.015364612321445129}. Best is trial 2 with value: 0.16265015304088593.
LOCAL_RANK: 0 - CUDA_VISIBLE_DEVICES: [0]
[I 2023-12-15 13:34:05,662] Trial 8 finished with value: 1.1884713172912598 and parameters: {'gradient_clip_val': 0.3107223988443606, 'hidden_size': 95, 'dropout': 0.10472382046777552, 'hidden_continuous_size': 6, 'attention_head_size': 4, 'learning_rate': 0.0010149634293661863}. Best is trial 2 with value: 0.16265015304088593.
LOCAL_RANK: 0 - CUDA_VISIBLE_DEVICES: [0]
[I 2023-12-15 13:34:50,720] Trial 9 finished with value: 1.1537526845932007 and parameters: {'gradient_clip_val': 0.24165610866698356, 'hidden_size': 8, 'dropout': 0.18057327940288453, 'hidden_continuous_size': 7, 'attention_head_size': 2, 'learning_rate': 0.00952803611228044}. Best is trial 2 with value: 0.16265015304088593.
LOCAL_RANK: 0 - CUDA_VISIBLE_DEVICES: [0]
[I 2023-12-15 13:35:40,972] Trial 10 finished with value: 0.6255931258201599 and parameters: {'gradient_clip_val': 0.57661092542699, 'hidden_size': 28, 'dropout': 0.21491106692630688, 'hidden_continuous_size': 17, 'attention_head_size': 3, 'learning_rate': 0.030121083551932847}. Best is trial 2 with value: 0.16265015304088593.
LOCAL_RANK: 0 - CUDA_VISIBLE_DEVICES: [0]
[I 2023-12-15 13:36:17,299] Trial 11 finished with value: 5.018711566925049 and parameters: {'gradient_clip_val': 0.5138500895690794, 'hidden_size': 5, 'dropout': 0.16981248284030362, 'hidden_continuous_size': 5, 'attention_head_size': 3, 'learning_rate': 0.021880070167590412}. Best is trial 2 with value: 0.16265015304088593.
LOCAL_RANK: 0 - CUDA_VISIBLE_DEVICES: [0]
[I 2023-12-15 13:37:04,284] Trial 12 finished with value: 1.116101861000061 and parameters: {'gradient_clip_val': 0.5575076231030316, 'hidden_size': 16, 'dropout': 0.14373385977048458, 'hidden_continuous_size': 10, 'attention_head_size': 4, 'learning_rate': 0.020155909451549235}. Best is trial 2 with value: 0.16265015304088593.
LOCAL_RANK: 0 - CUDA_VISIBLE_DEVICES: [0]
[I 2023-12-15 13:37:53,232] Trial 13 finished with value: 0.3460657596588135 and parameters: {'gradient_clip_val': 0.8584839985633571, 'hidden_size': 28, 'dropout': 0.2160167470945275, 'hidden_continuous_size': 14, 'attention_head_size': 2, 'learning_rate': 0.08864180073239701}. Best is trial 2 with value: 0.16265015304088593.
LOCAL_RANK: 0 - CUDA_VISIBLE_DEVICES: [0]
[I 2023-12-15 13:38:40,428] Trial 14 finished with value: 2.2695047855377197 and parameters: {'gradient_clip_val': 0.42318002649830494, 'hidden_size': 14, 'dropout': 0.11201483001488796, 'hidden_continuous_size': 9, 'attention_head_size': 3, 'learning_rate': 0.004283809077053398}. Best is trial 2 with value: 0.16265015304088593.
LOCAL_RANK: 0 - CUDA_VISIBLE_DEVICES: [0]
[I 2023-12-15 13:39:33,716] Trial 15 finished with value: 0.18598335981369019 and parameters: {'gradient_clip_val': 0.24327604819381007, 'hidden_size': 35, 'dropout': 0.1560701700951659, 'hidden_continuous_size': 34, 'attention_head_size': 1, 'learning_rate': 0.01799171853518151}. Best is trial 2 with value: 0.16265015304088593.
LOCAL_RANK: 0 - CUDA_VISIBLE_DEVICES: [0]
[I 2023-12-15 13:40:27,488] Trial 16 finished with value: 1.1444556713104248 and parameters: {'gradient_clip_val': 0.24289776808134744, 'hidden_size': 39, 'dropout': 0.16413034793039252, 'hidden_continuous_size': 36, 'attention_head_size': 1, 'learning_rate': 0.04030678605176245}. Best is trial 2 with value: 0.16265015304088593.
LOCAL_RANK: 0 - CUDA_VISIBLE_DEVICES: [0]
[I 2023-12-15 13:41:17,161] Trial 17 finished with value: 0.8364569544792175 and parameters: {'gradient_clip_val': 0.17982393161380011, 'hidden_size': 26, 'dropout': 0.20860875745160823, 'hidden_continuous_size': 18, 'attention_head_size': 1, 'learning_rate': 0.007070291647054598}. Best is trial 2 with value: 0.16265015304088593.
LOCAL_RANK: 0 - CUDA_VISIBLE_DEVICES: [0]
[I 2023-12-15 13:42:12,826] Trial 18 finished with value: 3.260132074356079 and parameters: {'gradient_clip_val': 0.28170089327240244, 'hidden_size': 66, 'dropout': 0.1544166703128551, 'hidden_continuous_size': 58, 'attention_head_size': 1, 'learning_rate': 0.09994586443614786}. Best is trial 2 with value: 0.16265015304088593.
LOCAL_RANK: 0 - CUDA_VISIBLE_DEVICES: [0]
[I 2023-12-15 13:43:06,736] Trial 19 finished with value: 1.5802282094955444 and parameters: {'gradient_clip_val': 0.7012327603159446, 'hidden_size': 38, 'dropout': 0.18624970302917584, 'hidden_continuous_size': 37, 'attention_head_size': 2, 'learning_rate': 0.045398664063138354}. Best is trial 2 with value: 0.16265015304088593.
LOCAL_RANK: 0 - CUDA_VISIBLE_DEVICES: [0]
[I 2023-12-15 13:43:43,851] Trial 20 finished with value: 0.23717863857746124 and parameters: {'gradient_clip_val': 0.9687750308839891, 'hidden_size': 72, 'dropout': 0.23901192023544848, 'hidden_continuous_size': 72, 'attention_head_size': 1, 'learning_rate': 0.014456451380643597}. Best is trial 2 with value: 0.16265015304088593.
LOCAL_RANK: 0 - CUDA_VISIBLE_DEVICES: [0]
[I 2023-12-15 13:44:37,404] Trial 21 finished with value: 0.5474264621734619 and parameters: {'gradient_clip_val': 0.42263686584384536, 'hidden_size': 50, 'dropout': 0.13076364216232383, 'hidden_continuous_size': 11, 'attention_head_size': 2, 'learning_rate': 0.018346351871568706}. Best is trial 2 with value: 0.16265015304088593.
LOCAL_RANK: 0 - CUDA_VISIBLE_DEVICES: [0]
[I 2023-12-15 13:45:28,892] Trial 22 finished with value: 0.17153815925121307 and parameters: {'gradient_clip_val': 0.3977535051908275, 'hidden_size': 34, 'dropout': 0.10148615710537306, 'hidden_continuous_size': 13, 'attention_head_size': 3, 'learning_rate': 0.027650017441244366}. Best is trial 2 with value: 0.16265015304088593.
LOCAL_RANK: 0 - CUDA_VISIBLE_DEVICES: [0]
[I 2023-12-15 13:46:20,734] Trial 23 finished with value: 0.7212367057800293 and parameters: {'gradient_clip_val': 0.360005399111398, 'hidden_size': 35, 'dropout': 0.14787426117446034, 'hidden_continuous_size': 14, 'attention_head_size': 3, 'learning_rate': 0.029486496203093435}. Best is trial 2 with value: 0.16265015304088593.
LOCAL_RANK: 0 - CUDA_VISIBLE_DEVICES: [0]
[I 2023-12-15 13:47:14,918] Trial 24 finished with value: 0.13423095643520355 and parameters: {'gradient_clip_val': 0.25146161458516614, 'hidden_size': 49, 'dropout': 0.10094214607432267, 'hidden_continuous_size': 21, 'attention_head_size': 3, 'learning_rate': 0.051440501900123455}. Best is trial 24 with value: 0.13423095643520355.
LOCAL_RANK: 0 - CUDA_VISIBLE_DEVICES: [0]
[I 2023-12-15 13:48:08,795] Trial 25 finished with value: 0.41345861554145813 and parameters: {'gradient_clip_val': 0.49064910008015633, 'hidden_size': 50, 'dropout': 0.10184474922658018, 'hidden_continuous_size': 21, 'attention_head_size': 3, 'learning_rate': 0.057311074317046136}. Best is trial 24 with value: 0.13423095643520355.
LOCAL_RANK: 0 - CUDA_VISIBLE_DEVICES: [0]
[I 2023-12-15 13:49:05,361] Trial 26 finished with value: 0.23636476695537567 and parameters: {'gradient_clip_val': 0.6249200769058145, 'hidden_size': 76, 'dropout': 0.1284462630413245, 'hidden_continuous_size': 53, 'attention_head_size': 3, 'learning_rate': 0.06522520328283152}. Best is trial 24 with value: 0.13423095643520355.
LOCAL_RANK: 0 - CUDA_VISIBLE_DEVICES: [0]
[I 2023-12-15 13:49:59,035] Trial 27 finished with value: 0.6491599082946777 and parameters: {'gradient_clip_val': 0.29635669507485746, 'hidden_size': 56, 'dropout': 0.1016958111221692, 'hidden_continuous_size': 14, 'attention_head_size': 3, 'learning_rate': 0.03020675026402185}. Best is trial 24 with value: 0.13423095643520355.
LOCAL_RANK: 0 - CUDA_VISIBLE_DEVICES: [0]
[I 2023-12-15 13:50:58,091] Trial 28 finished with value: 0.07684693485498428 and parameters: {'gradient_clip_val': 0.44830951426698445, 'hidden_size': 99, 'dropout': 0.1356736884255708, 'hidden_continuous_size': 91, 'attention_head_size': 2, 'learning_rate': 0.03628898848238848}. Best is trial 28 with value: 0.07684693485498428.
LOCAL_RANK: 0 - CUDA_VISIBLE_DEVICES: [0]
