[I 2023-12-15 23:00:12,885] Trial 16 finished with value: 38.16267776489258 and parameters: {'gradient_clip_val': 0.2210354854904465, 'hidden_size': 35, 'dropout': 0.32820040118659005, 'hidden_continuous_size': 13, 'attention_head_size': 4, 'learning_rate': 0.014018260484165428}. Best is trial 10 with value: 27.71134376525879.
LOCAL_RANK: 0 - CUDA_VISIBLE_DEVICES: [0]
[I 2023-12-15 23:01:06,375] Trial 17 finished with value: 48.90202713012695 and parameters: {'gradient_clip_val': 0.5316417204236776, 'hidden_size': 62, 'dropout': 0.3708023334424536, 'hidden_continuous_size': 24, 'attention_head_size': 4, 'learning_rate': 0.004601916504697364}. Best is trial 10 with value: 27.71134376525879.
LOCAL_RANK: 0 - CUDA_VISIBLE_DEVICES: [0]
[I 2023-12-15 23:01:55,165] Trial 18 finished with value: 30.255037307739258 and parameters: {'gradient_clip_val': 0.33493365082019855, 'hidden_size': 30, 'dropout': 0.39598212430244495, 'hidden_continuous_size': 9, 'attention_head_size': 2, 'learning_rate': 0.003392383567028713}. Best is trial 10 with value: 27.71134376525879.
LOCAL_RANK: 0 - CUDA_VISIBLE_DEVICES: [0]
[I 2023-12-15 23:02:39,061] Trial 19 finished with value: 41.64252853393555 and parameters: {'gradient_clip_val': 0.32257789973191264, 'hidden_size': 16, 'dropout': 0.39946351230868826, 'hidden_continuous_size': 5, 'attention_head_size': 2, 'learning_rate': 0.0030363521875461604}. Best is trial 10 with value: 27.71134376525879.
LOCAL_RANK: 0 - CUDA_VISIBLE_DEVICES: [0]
[I 2023-12-15 23:03:27,848] Trial 20 finished with value: 40.54158401489258 and parameters: {'gradient_clip_val': 0.1916974777560301, 'hidden_size': 31, 'dropout': 0.30495050221225817, 'hidden_continuous_size': 10, 'attention_head_size': 2, 'learning_rate': 0.0018434369714612725}. Best is trial 10 with value: 27.71134376525879.
LOCAL_RANK: 0 - CUDA_VISIBLE_DEVICES: [0]
[I 2023-12-15 23:04:16,559] Trial 21 finished with value: 41.609928131103516 and parameters: {'gradient_clip_val': 0.3887547036514266, 'hidden_size': 30, 'dropout': 0.3731911915616797, 'hidden_continuous_size': 8, 'attention_head_size': 3, 'learning_rate': 0.005329147080539972}. Best is trial 10 with value: 27.71134376525879.
LOCAL_RANK: 0 - CUDA_VISIBLE_DEVICES: [0]
[I 2023-12-15 23:05:09,000] Trial 22 finished with value: 29.322341918945312 and parameters: {'gradient_clip_val': 0.2857677000046177, 'hidden_size': 54, 'dropout': 0.3465369814196461, 'hidden_continuous_size': 14, 'attention_head_size': 2, 'learning_rate': 0.003416070109112994}. Best is trial 10 with value: 27.71134376525879.
LOCAL_RANK: 0 - CUDA_VISIBLE_DEVICES: [0]
[I 2023-12-15 23:06:01,386] Trial 23 finished with value: 48.153682708740234 and parameters: {'gradient_clip_val': 0.28037633438263704, 'hidden_size': 51, 'dropout': 0.3754130753478094, 'hidden_continuous_size': 19, 'attention_head_size': 2, 'learning_rate': 0.003272971491735139}. Best is trial 10 with value: 27.71134376525879.
LOCAL_RANK: 0 - CUDA_VISIBLE_DEVICES: [0]
[I 2023-12-15 23:06:55,736] Trial 24 finished with value: 31.667266845703125 and parameters: {'gradient_clip_val': 0.241883851664545, 'hidden_size': 75, 'dropout': 0.39691496226219286, 'hidden_continuous_size': 37, 'attention_head_size': 2, 'learning_rate': 0.0011286484934016708}. Best is trial 10 with value: 27.71134376525879.
LOCAL_RANK: 0 - CUDA_VISIBLE_DEVICES: [0]
[I 2023-12-15 23:07:47,917] Trial 25 finished with value: 27.07353973388672 and parameters: {'gradient_clip_val': 0.3222564747624699, 'hidden_size': 51, 'dropout': 0.35534880132792535, 'hidden_continuous_size': 13, 'attention_head_size': 2, 'learning_rate': 0.0019274282719157125}. Best is trial 25 with value: 27.07353973388672.
LOCAL_RANK: 0 - CUDA_VISIBLE_DEVICES: [0]
[I 2023-12-15 23:08:40,513] Trial 26 finished with value: 51.118534088134766 and parameters: {'gradient_clip_val': 0.27567801679983195, 'hidden_size': 80, 'dropout': 0.32715837835685024, 'hidden_continuous_size': 15, 'attention_head_size': 3, 'learning_rate': 0.0019370178565945825}. Best is trial 25 with value: 27.07353973388672.
LOCAL_RANK: 0 - CUDA_VISIBLE_DEVICES: [0]
[I 2023-12-15 23:09:33,104] Trial 27 finished with value: 50.57432174682617 and parameters: {'gradient_clip_val': 0.18283915575563092, 'hidden_size': 55, 'dropout': 0.35512964615377607, 'hidden_continuous_size': 13, 'attention_head_size': 2, 'learning_rate': 0.0008947462412390038}. Best is trial 25 with value: 27.07353973388672.
LOCAL_RANK: 0 - CUDA_VISIBLE_DEVICES: [0]
[I 2023-12-15 23:10:26,590] Trial 28 finished with value: 26.453035354614258 and parameters: {'gradient_clip_val': 0.4514394662856432, 'hidden_size': 87, 'dropout': 0.329129982998067, 'hidden_continuous_size': 20, 'attention_head_size': 1, 'learning_rate': 0.001562163379770499}. Best is trial 28 with value: 26.453035354614258.
LOCAL_RANK: 0 - CUDA_VISIBLE_DEVICES: [0]
[I 2023-12-15 23:11:23,433] Trial 29 finished with value: 44.61372375488281 and parameters: {'gradient_clip_val': 0.45683243961880005, 'hidden_size': 95, 'dropout': 0.26644046452892034, 'hidden_continuous_size': 83, 'attention_head_size': 1, 'learning_rate': 0.0014127396278057547}. Best is trial 28 with value: 26.453035354614258.
LOCAL_RANK: 0 - CUDA_VISIBLE_DEVICES: [0]
[I 2023-12-15 23:12:16,245] Trial 30 finished with value: 118.1385726928711 and parameters: {'gradient_clip_val': 0.3754955010190985, 'hidden_size': 74, 'dropout': 0.3211080107175517, 'hidden_continuous_size': 19, 'attention_head_size': 1, 'learning_rate': 0.0009274678036303547}. Best is trial 28 with value: 26.453035354614258.
LOCAL_RANK: 0 - CUDA_VISIBLE_DEVICES: [0]
[I 2023-12-15 23:13:07,283] Trial 31 finished with value: 38.9926643371582 and parameters: {'gradient_clip_val': 0.4362897767639008, 'hidden_size': 56, 'dropout': 0.3522941621176377, 'hidden_continuous_size': 12, 'attention_head_size': 1, 'learning_rate': 0.0024407170312908824}. Best is trial 28 with value: 26.453035354614258.
LOCAL_RANK: 0 - CUDA_VISIBLE_DEVICES: [0]
[I 2023-12-15 23:14:00,333] Trial 32 finished with value: 39.94935607910156 and parameters: {'gradient_clip_val': 0.35397982880293605, 'hidden_size': 79, 'dropout': 0.29294752308697336, 'hidden_continuous_size': 27, 'attention_head_size': 1, 'learning_rate': 0.0017649850691152196}. Best is trial 28 with value: 26.453035354614258.
LOCAL_RANK: 0 - CUDA_VISIBLE_DEVICES: [0]
[I 2023-12-15 23:14:53,007] Trial 33 finished with value: 114.8212890625 and parameters: {'gradient_clip_val': 0.41384050071908907, 'hidden_size': 65, 'dropout': 0.2263940706290029, 'hidden_continuous_size': 18, 'attention_head_size': 2, 'learning_rate': 0.004290680142915445}. Best is trial 28 with value: 26.453035354614258.
LOCAL_RANK: 0 - CUDA_VISIBLE_DEVICES: [0]
[I 2023-12-15 23:15:46,154] Trial 34 finished with value: 82.07322692871094 and parameters: {'gradient_clip_val': 0.2985633162782761, 'hidden_size': 100, 'dropout': 0.33264044735879095, 'hidden_continuous_size': 15, 'attention_head_size': 1, 'learning_rate': 0.0026873528079463214}. Best is trial 28 with value: 26.453035354614258.
LOCAL_RANK: 0 - CUDA_VISIBLE_DEVICES: [0]
[I 2023-12-15 23:16:37,355] Trial 35 finished with value: 49.87336349487305 and parameters: {'gradient_clip_val': 0.6210135040706571, 'hidden_size': 48, 'dropout': 0.35366741462510065, 'hidden_continuous_size': 17, 'attention_head_size': 2, 'learning_rate': 0.0017711970044941327}. Best is trial 28 with value: 26.453035354614258.
LOCAL_RANK: 0 - CUDA_VISIBLE_DEVICES: [0]
[I 2023-12-15 23:17:31,212] Trial 36 finished with value: 30.158021926879883 and parameters: {'gradient_clip_val': 0.360828342561854, 'hidden_size': 81, 'dropout': 0.3781172739650566, 'hidden_continuous_size': 22, 'attention_head_size': 3, 'learning_rate': 0.0006885210108346215}. Best is trial 28 with value: 26.453035354614258.
LOCAL_RANK: 0 - CUDA_VISIBLE_DEVICES: [0]
[I 2023-12-15 23:18:23,847] Trial 37 finished with value: 99.13724517822266 and parameters: {'gradient_clip_val': 0.4831426971899779, 'hidden_size': 57, 'dropout': 0.34125456146226657, 'hidden_continuous_size': 14, 'attention_head_size': 2, 'learning_rate': 0.0005362963457987283}. Best is trial 28 with value: 26.453035354614258.
LOCAL_RANK: 0 - CUDA_VISIBLE_DEVICES: [0]
[I 2023-12-15 23:19:16,079] Trial 38 finished with value: 29.14739227294922 and parameters: {'gradient_clip_val': 0.3059600840699301, 'hidden_size': 41, 'dropout': 0.31492293222075923, 'hidden_continuous_size': 17, 'attention_head_size': 3, 'learning_rate': 0.0011134445581686954}. Best is trial 28 with value: 26.453035354614258.
LOCAL_RANK: 0 - CUDA_VISIBLE_DEVICES: [0]
[I 2023-12-15 23:20:08,574] Trial 39 finished with value: 101.22338104248047 and parameters: {'gradient_clip_val': 0.42888156100150404, 'hidden_size': 43, 'dropout': 0.32066299712148993, 'hidden_continuous_size': 17, 'attention_head_size': 3, 'learning_rate': 0.0010850064144814987}. Best is trial 28 with value: 26.453035354614258.
LOCAL_RANK: 0 - CUDA_VISIBLE_DEVICES: [0]
[I 2023-12-15 23:20:59,495] Trial 40 finished with value: 40.32435989379883 and parameters: {'gradient_clip_val': 0.6113365255354195, 'hidden_size': 40, 'dropout': 0.3126009347323227, 'hidden_continuous_size': 20, 'attention_head_size': 3, 'learning_rate': 0.0007342731246034758}. Best is trial 28 with value: 26.453035354614258.
LOCAL_RANK: 0 - CUDA_VISIBLE_DEVICES: [0]
[I 2023-12-15 23:21:52,848] Trial 41 finished with value: 33.35173034667969 and parameters: {'gradient_clip_val': 0.319340428592969, 'hidden_size': 69, 'dropout': 0.3353102039411017, 'hidden_continuous_size': 12, 'attention_head_size': 3, 'learning_rate': 0.0024749715026469842}. Best is trial 28 with value: 26.453035354614258.
LOCAL_RANK: 0 - CUDA_VISIBLE_DEVICES: [0]
[I 2023-12-15 23:22:45,395] Trial 42 finished with value: 80.09635162353516 and parameters: {'gradient_clip_val': 0.257403986410101, 'hidden_size': 51, 'dropout': 0.3823679914527358, 'hidden_continuous_size': 17, 'attention_head_size': 2, 'learning_rate': 0.0015539541593631604}. Best is trial 28 with value: 26.453035354614258.
LOCAL_RANK: 0 - CUDA_VISIBLE_DEVICES: [0]
[I 2023-12-15 23:23:39,053] Trial 43 finished with value: 32.69136047363281 and parameters: {'gradient_clip_val': 0.29500177873593303, 'hidden_size': 86, 'dropout': 0.35877244741570014, 'hidden_continuous_size': 22, 'attention_head_size': 1, 'learning_rate': 0.0012081619898283347}. Best is trial 28 with value: 26.453035354614258.
LOCAL_RANK: 0 - CUDA_VISIBLE_DEVICES: [0]
[I 2023-12-15 23:24:31,448] Trial 44 finished with value: 35.33286666870117 and parameters: {'gradient_clip_val': 0.3609206558912657, 'hidden_size': 60, 'dropout': 0.29299484502290135, 'hidden_continuous_size': 15, 'attention_head_size': 3, 'learning_rate': 0.0021782673683633}. Best is trial 28 with value: 26.453035354614258.
LOCAL_RANK: 0 - CUDA_VISIBLE_DEVICES: [0]
[I 2023-12-15 23:25:25,462] Trial 45 finished with value: 174.06288146972656 and parameters: {'gradient_clip_val': 0.3079180891463276, 'hidden_size': 71, 'dropout': 0.36298772467363744, 'hidden_continuous_size': 27, 'attention_head_size': 4, 'learning_rate': 0.003942025539786755}. Best is trial 28 with value: 26.453035354614258.
LOCAL_RANK: 0 - CUDA_VISIBLE_DEVICES: [0]
[I 2023-12-15 23:26:17,833] Trial 46 finished with value: 36.07749938964844 and parameters: {'gradient_clip_val': 0.2594682285928912, 'hidden_size': 51, 'dropout': 0.38441415084133723, 'hidden_continuous_size': 19, 'attention_head_size': 2, 'learning_rate': 0.001559714187532637}. Best is trial 28 with value: 26.453035354614258.
LOCAL_RANK: 0 - CUDA_VISIBLE_DEVICES: [0]
[I 2023-12-15 23:27:11,688] Trial 47 finished with value: 96.54085540771484 and parameters: {'gradient_clip_val': 0.21998445305828007, 'hidden_size': 89, 'dropout': 0.34289257585385285, 'hidden_continuous_size': 11, 'attention_head_size': 4, 'learning_rate': 0.0024850567054111165}. Best is trial 28 with value: 26.453035354614258.
LOCAL_RANK: 0 - CUDA_VISIBLE_DEVICES: [0]
[I 2023-12-15 23:28:04,047] Trial 48 finished with value: 46.80461120605469 and parameters: {'gradient_clip_val': 0.3970019365292558, 'hidden_size': 63, 'dropout': 0.36424176779255407, 'hidden_continuous_size': 14, 'attention_head_size': 1, 'learning_rate': 0.0031117865101405492}. Best is trial 28 with value: 26.453035354614258.
LOCAL_RANK: 0 - CUDA_VISIBLE_DEVICES: [0]
[I 2023-12-15 23:28:56,502] Trial 49 finished with value: 41.624515533447266 and parameters: {'gradient_clip_val': 0.3432991355693328, 'hidden_size': 45, 'dropout': 0.3866684799903944, 'hidden_continuous_size': 16, 'attention_head_size': 3, 'learning_rate': 0.0059048941985266005}. Best is trial 28 with value: 26.453035354614258.
[I 2023-12-15 23:28:56,596] A new study created in memory with name: no-name-e388603e-b18a-47ff-8267-f5943d78abe6
/home/le004/conda/anaconda3/envs/tsff_env/lib/python3.9/site-packages/lightning/fabric/plugins/environments/slurm.py:191: The `srun` command is available on your system but is not used. HINT: If your intention is to run Lightning on SLURM, prepend your python command with `srun` like so: srun python /home/le004/master_thesis/git/TSFusionForecast/code/ ...
LOCAL_RANK: 0 - CUDA_VISIBLE_DEVICES: [0]
[I 2023-12-15 23:29:42,093] Trial 0 finished with value: 7.487007141113281 and parameters: {'gradient_clip_val': 0.10937720340135379, 'hidden_size': 13, 'dropout': 0.29904284910236484, 'hidden_continuous_size': 8, 'attention_head_size': 3, 'learning_rate': 0.0023353288532134797}. Best is trial 0 with value: 7.487007141113281.
LOCAL_RANK: 0 - CUDA_VISIBLE_DEVICES: [0]
[I 2023-12-15 23:30:28,539] Trial 1 finished with value: 9.394469261169434 and parameters: {'gradient_clip_val': 0.11462685087874402, 'hidden_size': 17, 'dropout': 0.33056480782772213, 'hidden_continuous_size': 9, 'attention_head_size': 2, 'learning_rate': 0.0005914329514379517}. Best is trial 0 with value: 7.487007141113281.
LOCAL_RANK: 0 - CUDA_VISIBLE_DEVICES: [0]
[I 2023-12-15 23:31:20,727] Trial 2 finished with value: 18.81621742248535 and parameters: {'gradient_clip_val': 0.10396632199345389, 'hidden_size': 39, 'dropout': 0.18611255957944184, 'hidden_continuous_size': 21, 'attention_head_size': 3, 'learning_rate': 0.0015236222136247079}. Best is trial 0 with value: 7.487007141113281.
LOCAL_RANK: 0 - CUDA_VISIBLE_DEVICES: [0]
[I 2023-12-15 23:32:12,436] Trial 3 finished with value: 14.03131103515625 and parameters: {'gradient_clip_val': 0.8742676742793175, 'hidden_size': 37, 'dropout': 0.23855904122876395, 'hidden_continuous_size': 17, 'attention_head_size': 3, 'learning_rate': 0.0014783128270142326}. Best is trial 0 with value: 7.487007141113281.
LOCAL_RANK: 0 - CUDA_VISIBLE_DEVICES: [0]
[I 2023-12-15 23:33:04,504] Trial 4 finished with value: 9.761591911315918 and parameters: {'gradient_clip_val': 0.2537302071495926, 'hidden_size': 64, 'dropout': 0.21747683120572484, 'hidden_continuous_size': 8, 'attention_head_size': 4, 'learning_rate': 0.015522474082183308}. Best is trial 0 with value: 7.487007141113281.
LOCAL_RANK: 0 - CUDA_VISIBLE_DEVICES: [0]
[I 2023-12-15 23:33:55,153] Trial 5 finished with value: 20.283767700195312 and parameters: {'gradient_clip_val': 0.19888313608838482, 'hidden_size': 32, 'dropout': 0.3391570110121345, 'hidden_continuous_size': 27, 'attention_head_size': 2, 'learning_rate': 0.0031005180262450613}. Best is trial 0 with value: 7.487007141113281.
LOCAL_RANK: 0 - CUDA_VISIBLE_DEVICES: [0]
[I 2023-12-15 23:34:39,731] Trial 6 finished with value: 29.239151000976562 and parameters: {'gradient_clip_val': 0.29926239133141375, 'hidden_size': 9, 'dropout': 0.2605072088181949, 'hidden_continuous_size': 6, 'attention_head_size': 2, 'learning_rate': 0.013342437143749938}. Best is trial 0 with value: 7.487007141113281.
LOCAL_RANK: 0 - CUDA_VISIBLE_DEVICES: [0]
[I 2023-12-15 23:35:28,645] Trial 7 finished with value: 15.06738567352295 and parameters: {'gradient_clip_val': 0.573547429380584, 'hidden_size': 23, 'dropout': 0.373187912731445, 'hidden_continuous_size': 20, 'attention_head_size': 3, 'learning_rate': 0.02974185107126271}. Best is trial 0 with value: 7.487007141113281.
LOCAL_RANK: 0 - CUDA_VISIBLE_DEVICES: [0]
[I 2023-12-15 23:36:20,548] Trial 8 finished with value: 17.809370040893555 and parameters: {'gradient_clip_val': 0.2144059069454577, 'hidden_size': 47, 'dropout': 0.294755868257087, 'hidden_continuous_size': 32, 'attention_head_size': 1, 'learning_rate': 0.017876244253182714}. Best is trial 0 with value: 7.487007141113281.
LOCAL_RANK: 0 - CUDA_VISIBLE_DEVICES: [0]
[I 2023-12-15 23:37:08,236] Trial 9 finished with value: 23.296142578125 and parameters: {'gradient_clip_val': 0.26684689146255314, 'hidden_size': 28, 'dropout': 0.3835437648583586, 'hidden_continuous_size': 9, 'attention_head_size': 2, 'learning_rate': 0.03239895580686455}. Best is trial 0 with value: 7.487007141113281.
LOCAL_RANK: 0 - CUDA_VISIBLE_DEVICES: [0]
[I 2023-12-15 23:37:42,594] Trial 10 finished with value: 11.340941429138184 and parameters: {'gradient_clip_val': 0.1516089807817674, 'hidden_size': 5, 'dropout': 0.10475848427517703, 'hidden_continuous_size': 5, 'attention_head_size': 4, 'learning_rate': 0.07549429570380414}. Best is trial 0 with value: 7.487007141113281.
LOCAL_RANK: 0 - CUDA_VISIBLE_DEVICES: [0]
[I 2023-12-15 23:38:27,744] Trial 11 finished with value: 12.373639106750488 and parameters: {'gradient_clip_val': 0.10477991607114383, 'hidden_size': 14, 'dropout': 0.3157436723045166, 'hidden_continuous_size': 9, 'attention_head_size': 1, 'learning_rate': 0.0005275473616430205}. Best is trial 0 with value: 7.487007141113281.
LOCAL_RANK: 0 - CUDA_VISIBLE_DEVICES: [0]
[I 2023-12-15 23:39:13,186] Trial 12 finished with value: 14.68193531036377 and parameters: {'gradient_clip_val': 0.14150509035518405, 'hidden_size': 15, 'dropout': 0.33651336014487476, 'hidden_continuous_size': 8, 'attention_head_size': 2, 'learning_rate': 0.000506838400791331}. Best is trial 0 with value: 7.487007141113281.
LOCAL_RANK: 0 - CUDA_VISIBLE_DEVICES: [0]
[I 2023-12-15 23:39:59,578] Trial 13 finished with value: 14.362079620361328 and parameters: {'gradient_clip_val': 0.14214616215306577, 'hidden_size': 17, 'dropout': 0.2955886605515967, 'hidden_continuous_size': 7, 'attention_head_size': 3, 'learning_rate': 0.004550581291359626}. Best is trial 0 with value: 7.487007141113281.
LOCAL_RANK: 0 - CUDA_VISIBLE_DEVICES: [0]
[I 2023-12-15 23:40:44,191] Trial 14 finished with value: 15.132777214050293 and parameters: {'gradient_clip_val': 0.39025937135984834, 'hidden_size': 10, 'dropout': 0.3573981212559492, 'hidden_continuous_size': 8, 'attention_head_size': 1, 'learning_rate': 0.0011683188951789733}. Best is trial 0 with value: 7.487007141113281.
LOCAL_RANK: 0 - CUDA_VISIBLE_DEVICES: [0]
[I 2023-12-15 23:41:33,183] Trial 15 finished with value: 10.104385375976562 and parameters: {'gradient_clip_val': 0.10313203787527248, 'hidden_size': 22, 'dropout': 0.286362771567374, 'hidden_continuous_size': 11, 'attention_head_size': 4, 'learning_rate': 0.0032384288111547937}. Best is trial 0 with value: 7.487007141113281.
LOCAL_RANK: 0 - CUDA_VISIBLE_DEVICES: [0]
[I 2023-12-15 23:42:18,245] Trial 16 finished with value: 5.560434818267822 and parameters: {'gradient_clip_val': 0.1749155111989628, 'hidden_size': 10, 'dropout': 0.38172678931026865, 'hidden_continuous_size': 5, 'attention_head_size': 3, 'learning_rate': 0.006270530133952212}. Best is trial 16 with value: 5.560434818267822.
LOCAL_RANK: 0 - CUDA_VISIBLE_DEVICES: [0]
[I 2023-12-15 23:43:01,931] Trial 17 finished with value: 5.334169864654541 and parameters: {'gradient_clip_val': 0.170189019173903, 'hidden_size': 8, 'dropout': 0.3974506570576082, 'hidden_continuous_size': 5, 'attention_head_size': 3, 'learning_rate': 0.006443227798809775}. Best is trial 17 with value: 5.334169864654541.
LOCAL_RANK: 0 - CUDA_VISIBLE_DEVICES: [0]
[I 2023-12-15 23:43:47,233] Trial 18 finished with value: 7.795312881469727 and parameters: {'gradient_clip_val': 0.18527491035646707, 'hidden_size': 6, 'dropout': 0.3982940202831925, 'hidden_continuous_size': 5, 'attention_head_size': 4, 'learning_rate': 0.007016734445021034}. Best is trial 17 with value: 5.334169864654541.
LOCAL_RANK: 0 - CUDA_VISIBLE_DEVICES: [0]
[I 2023-12-15 23:44:32,145] Trial 19 finished with value: 13.71753978729248 and parameters: {'gradient_clip_val': 0.3773343737956669, 'hidden_size': 7, 'dropout': 0.3907019013984747, 'hidden_continuous_size': 5, 'attention_head_size': 3, 'learning_rate': 0.005930530733487799}. Best is trial 17 with value: 5.334169864654541.
LOCAL_RANK: 0 - CUDA_VISIBLE_DEVICES: [0]
[I 2023-12-15 23:45:17,394] Trial 20 finished with value: 16.4041690826416 and parameters: {'gradient_clip_val': 0.1750307706683842, 'hidden_size': 9, 'dropout': 0.35412272838121345, 'hidden_continuous_size': 5, 'attention_head_size': 4, 'learning_rate': 0.010340130985165976}. Best is trial 17 with value: 5.334169864654541.
LOCAL_RANK: 0 - CUDA_VISIBLE_DEVICES: [0]
[I 2023-12-15 23:46:01,523] Trial 21 finished with value: 20.685823440551758 and parameters: {'gradient_clip_val': 0.1335829433222932, 'hidden_size': 12, 'dropout': 0.3636815302425572, 'hidden_continuous_size': 6, 'attention_head_size': 3, 'learning_rate': 0.004051542714744781}. Best is trial 17 with value: 5.334169864654541.
LOCAL_RANK: 0 - CUDA_VISIBLE_DEVICES: [0]
[I 2023-12-15 23:46:46,195] Trial 22 finished with value: 6.831736087799072 and parameters: {'gradient_clip_val': 0.17126971873906172, 'hidden_size': 7, 'dropout': 0.3918865715975224, 'hidden_continuous_size': 5, 'attention_head_size': 3, 'learning_rate': 0.002789770786132729}. Best is trial 17 with value: 5.334169864654541.
LOCAL_RANK: 0 - CUDA_VISIBLE_DEVICES: [0]
[I 2023-12-15 23:47:31,000] Trial 23 finished with value: 9.135138511657715 and parameters: {'gradient_clip_val': 0.22358713241416947, 'hidden_size': 7, 'dropout': 0.39147652324630217, 'hidden_continuous_size': 5, 'attention_head_size': 3, 'learning_rate': 0.0063990139561491835}. Best is trial 17 with value: 5.334169864654541.
LOCAL_RANK: 0 - CUDA_VISIBLE_DEVICES: [0]
