[I 2023-12-26 16:57:13,560] Trial 49 finished with value: 384.6128845214844 and parameters: {'gradient_clip_val': 0.1962289873639077, 'hidden_size': 28, 'dropout': 0.368258147710678, 'hidden_continuous_size': 5, 'attention_head_size': 2, 'learning_rate': 0.0006192411209305288}. Best is trial 0 with value: 167.9594268798828.
[I 2023-12-26 16:57:13,682] A new study created in memory with name: no-name-451bf462-14ed-4425-bb17-d165948cfd60
/home/le004/conda/anaconda3/envs/tsff_env/lib/python3.9/site-packages/lightning/fabric/plugins/environments/slurm.py:191: The `srun` command is available on your system but is not used. HINT: If your intention is to run Lightning on SLURM, prepend your python command with `srun` like so: srun python /home/le004/master_thesis/git/TSFusionForecast/code/ ...
[I 2023-12-26 16:59:14,629] Trial 0 finished with value: 108.4113540649414 and parameters: {'gradient_clip_val': 0.11667266379847327, 'hidden_size': 18, 'dropout': 0.19468202448558725, 'hidden_continuous_size': 15, 'attention_head_size': 3, 'learning_rate': 0.07188896297438206}. Best is trial 0 with value: 108.4113540649414.
[I 2023-12-26 16:59:17,106] Trial 1 finished with value: 376.9395446777344 and parameters: {'gradient_clip_val': 0.7060355764243497, 'hidden_size': 33, 'dropout': 0.37589490350934285, 'hidden_continuous_size': 13, 'attention_head_size': 2, 'learning_rate': 0.0016035630372750668}. Best is trial 0 with value: 108.4113540649414.
[I 2023-12-26 16:59:19,151] Trial 2 finished with value: 266.3399963378906 and parameters: {'gradient_clip_val': 0.47935839203826053, 'hidden_size': 13, 'dropout': 0.34749484817953463, 'hidden_continuous_size': 8, 'attention_head_size': 2, 'learning_rate': 0.0017471871325228869}. Best is trial 0 with value: 108.4113540649414.
[I 2023-12-26 16:59:21,464] Trial 3 finished with value: 318.9554748535156 and parameters: {'gradient_clip_val': 0.4928405825495051, 'hidden_size': 32, 'dropout': 0.46009769812162116, 'hidden_continuous_size': 32, 'attention_head_size': 4, 'learning_rate': 0.07084755148093447}. Best is trial 0 with value: 108.4113540649414.
[I 2023-12-26 16:59:26,690] Trial 4 finished with value: 332.7481689453125 and parameters: {'gradient_clip_val': 0.7122290291267125, 'hidden_size': 65, 'dropout': 0.31948693069483936, 'hidden_continuous_size': 54, 'attention_head_size': 3, 'learning_rate': 0.044383304927262446}. Best is trial 0 with value: 108.4113540649414.
[I 2023-12-26 16:59:29,747] Trial 5 finished with value: 242.25563049316406 and parameters: {'gradient_clip_val': 0.17712141012666108, 'hidden_size': 34, 'dropout': 0.44260892779315963, 'hidden_continuous_size': 15, 'attention_head_size': 3, 'learning_rate': 0.0009109211622806086}. Best is trial 0 with value: 108.4113540649414.
[I 2023-12-26 16:59:34,641] Trial 6 finished with value: 442.7781982421875 and parameters: {'gradient_clip_val': 0.3485758749471102, 'hidden_size': 80, 'dropout': 0.26804003362801465, 'hidden_continuous_size': 24, 'attention_head_size': 3, 'learning_rate': 0.0016129254911479876}. Best is trial 0 with value: 108.4113540649414.
[I 2023-12-26 16:59:36,996] Trial 7 finished with value: 266.237060546875 and parameters: {'gradient_clip_val': 0.8788412732218517, 'hidden_size': 12, 'dropout': 0.4267888978478789, 'hidden_continuous_size': 10, 'attention_head_size': 2, 'learning_rate': 0.0008567315344257119}. Best is trial 0 with value: 108.4113540649414.
[I 2023-12-26 16:59:47,500] Trial 8 finished with value: 248.8177032470703 and parameters: {'gradient_clip_val': 0.5242671285273146, 'hidden_size': 135, 'dropout': 0.1533870491413564, 'hidden_continuous_size': 58, 'attention_head_size': 3, 'learning_rate': 0.047448469426087256}. Best is trial 0 with value: 108.4113540649414.
[I 2023-12-26 16:59:54,632] Trial 9 finished with value: 394.3952941894531 and parameters: {'gradient_clip_val': 0.24483702276595068, 'hidden_size': 75, 'dropout': 0.3940751463381066, 'hidden_continuous_size': 8, 'attention_head_size': 3, 'learning_rate': 0.0049108560914577866}. Best is trial 0 with value: 108.4113540649414.
[I 2023-12-26 16:59:56,385] Trial 10 finished with value: 388.9949951171875 and parameters: {'gradient_clip_val': 0.10806924319120349, 'hidden_size': 5, 'dropout': 0.10820661151268307, 'hidden_continuous_size': 5, 'attention_head_size': 1, 'learning_rate': 0.018865009167806583}. Best is trial 0 with value: 108.4113540649414.
[I 2023-12-26 16:59:58,616] Trial 11 finished with value: 202.48583984375 and parameters: {'gradient_clip_val': 0.1289423335612746, 'hidden_size': 17, 'dropout': 0.4964065317301792, 'hidden_continuous_size': 11, 'attention_head_size': 4, 'learning_rate': 0.009255722637253215}. Best is trial 0 with value: 108.4113540649414.
[I 2023-12-26 17:00:00,798] Trial 12 finished with value: 278.2063293457031 and parameters: {'gradient_clip_val': 0.1333862207606213, 'hidden_size': 17, 'dropout': 0.24355398501840994, 'hidden_continuous_size': 5, 'attention_head_size': 4, 'learning_rate': 0.014505520917269137}. Best is trial 0 with value: 108.4113540649414.
[I 2023-12-26 17:00:03,009] Trial 13 finished with value: 284.8023986816406 and parameters: {'gradient_clip_val': 0.10121221483000367, 'hidden_size': 19, 'dropout': 0.4692163152779178, 'hidden_continuous_size': 11, 'attention_head_size': 4, 'learning_rate': 0.006376708717913279}. Best is trial 0 with value: 108.4113540649414.
[I 2023-12-26 17:00:04,978] Trial 14 finished with value: 351.9110412597656 and parameters: {'gradient_clip_val': 0.1600215787894088, 'hidden_size': 8, 'dropout': 0.4943301932048253, 'hidden_continuous_size': 5, 'attention_head_size': 4, 'learning_rate': 0.09986063948043893}. Best is trial 0 with value: 108.4113540649414.
[I 2023-12-26 17:00:07,498] Trial 15 finished with value: 369.0429382324219 and parameters: {'gradient_clip_val': 0.2077273627593161, 'hidden_size': 24, 'dropout': 0.21132896763329626, 'hidden_continuous_size': 14, 'attention_head_size': 4, 'learning_rate': 0.015729491577735035}. Best is trial 0 with value: 108.4113540649414.
[I 2023-12-26 17:00:09,584] Trial 16 finished with value: 242.6725616455078 and parameters: {'gradient_clip_val': 0.13259098809936368, 'hidden_size': 10, 'dropout': 0.3018269109049614, 'hidden_continuous_size': 6, 'attention_head_size': 1, 'learning_rate': 0.039880769127561964}. Best is trial 0 with value: 108.4113540649414.
[I 2023-12-26 17:00:11,773] Trial 17 finished with value: 306.2482604980469 and parameters: {'gradient_clip_val': 0.26888397968201544, 'hidden_size': 19, 'dropout': 0.20161438922293717, 'hidden_continuous_size': 8, 'attention_head_size': 4, 'learning_rate': 0.003584742183746507}. Best is trial 0 with value: 108.4113540649414.
[I 2023-12-26 17:00:13,690] Trial 18 finished with value: 307.8031921386719 and parameters: {'gradient_clip_val': 0.16874839785381962, 'hidden_size': 7, 'dropout': 0.39163999576055675, 'hidden_continuous_size': 5, 'attention_head_size': 3, 'learning_rate': 0.00951678824047825}. Best is trial 0 with value: 108.4113540649414.
[I 2023-12-26 17:00:15,767] Trial 19 finished with value: 336.7054443359375 and parameters: {'gradient_clip_val': 0.12664576853856654, 'hidden_size': 14, 'dropout': 0.4982216369063468, 'hidden_continuous_size': 7, 'attention_head_size': 2, 'learning_rate': 0.027187301874111464}. Best is trial 0 with value: 108.4113540649414.
[I 2023-12-26 17:00:18,009] Trial 20 finished with value: 377.6658935546875 and parameters: {'gradient_clip_val': 0.18815487559477764, 'hidden_size': 9, 'dropout': 0.3473669510787397, 'hidden_continuous_size': 6, 'attention_head_size': 4, 'learning_rate': 0.0107480065936944}. Best is trial 0 with value: 108.4113540649414.
[I 2023-12-26 17:00:20,456] Trial 21 finished with value: 283.9964904785156 and parameters: {'gradient_clip_val': 0.1479895911487062, 'hidden_size': 27, 'dropout': 0.42802131758103334, 'hidden_continuous_size': 14, 'attention_head_size': 3, 'learning_rate': 0.0006207868344750659}. Best is trial 0 with value: 108.4113540649414.
[I 2023-12-26 17:00:23,100] Trial 22 finished with value: 352.3934326171875 and parameters: {'gradient_clip_val': 0.11370261661237266, 'hidden_size': 40, 'dropout': 0.442306619223108, 'hidden_continuous_size': 16, 'attention_head_size': 3, 'learning_rate': 0.003328228049993765}. Best is trial 0 with value: 108.4113540649414.
[I 2023-12-26 17:00:25,412] Trial 23 finished with value: 272.1464538574219 and parameters: {'gradient_clip_val': 0.1004620648740998, 'hidden_size': 23, 'dropout': 0.4990678483266112, 'hidden_continuous_size': 11, 'attention_head_size': 3, 'learning_rate': 0.02143746496985776}. Best is trial 0 with value: 108.4113540649414.
[I 2023-12-26 17:00:28,169] Trial 24 finished with value: 334.5489807128906 and parameters: {'gradient_clip_val': 0.1547468339628026, 'hidden_size': 42, 'dropout': 0.4242552247578432, 'hidden_continuous_size': 17, 'attention_head_size': 2, 'learning_rate': 0.008315677421375}. Best is trial 0 with value: 108.4113540649414.
[I 2023-12-26 17:00:30,271] Trial 25 finished with value: 336.9437561035156 and parameters: {'gradient_clip_val': 0.19418279327951854, 'hidden_size': 17, 'dropout': 0.4649500148426972, 'hidden_continuous_size': 10, 'attention_head_size': 3, 'learning_rate': 0.02670127042609882}. Best is trial 0 with value: 108.4113540649414.
[I 2023-12-26 17:00:32,451] Trial 26 finished with value: 249.30458068847656 and parameters: {'gradient_clip_val': 0.12509607908735798, 'hidden_size': 15, 'dropout': 0.2768548585089717, 'hidden_continuous_size': 9, 'attention_head_size': 4, 'learning_rate': 0.013668389313428382}. Best is trial 0 with value: 108.4113540649414.
[I 2023-12-26 17:00:34,715] Trial 27 finished with value: 320.0999450683594 and parameters: {'gradient_clip_val': 0.14121720030989152, 'hidden_size': 21, 'dropout': 0.463667104803059, 'hidden_continuous_size': 12, 'attention_head_size': 3, 'learning_rate': 0.005023345182848482}. Best is trial 0 with value: 108.4113540649414.
[I 2023-12-26 17:00:36,745] Trial 28 finished with value: 245.8166046142578 and parameters: {'gradient_clip_val': 0.17113029464411636, 'hidden_size': 11, 'dropout': 0.4099529712871486, 'hidden_continuous_size': 7, 'attention_head_size': 2, 'learning_rate': 0.011445617705971791}. Best is trial 0 with value: 108.4113540649414.
[I 2023-12-26 17:00:39,242] Trial 29 finished with value: 291.25799560546875 and parameters: {'gradient_clip_val': 0.1163988789833158, 'hidden_size': 29, 'dropout': 0.36574728316231064, 'hidden_continuous_size': 13, 'attention_head_size': 2, 'learning_rate': 0.0021953469040489697}. Best is trial 0 with value: 108.4113540649414.
[I 2023-12-26 17:00:41,844] Trial 30 finished with value: 285.8256530761719 and parameters: {'gradient_clip_val': 0.2186846403252455, 'hidden_size': 33, 'dropout': 0.3828186957580375, 'hidden_continuous_size': 16, 'attention_head_size': 4, 'learning_rate': 0.001112139184253177}. Best is trial 0 with value: 108.4113540649414.
[I 2023-12-26 17:00:43,856] Trial 31 finished with value: 312.4193420410156 and parameters: {'gradient_clip_val': 0.13629452243904022, 'hidden_size': 10, 'dropout': 0.30481179799149694, 'hidden_continuous_size': 6, 'attention_head_size': 1, 'learning_rate': 0.039039436958058185}. Best is trial 0 with value: 108.4113540649414.
[I 2023-12-26 17:00:46,133] Trial 32 finished with value: 306.0898132324219 and parameters: {'gradient_clip_val': 0.1213412134449843, 'hidden_size': 13, 'dropout': 0.34278114383607533, 'hidden_continuous_size': 6, 'attention_head_size': 1, 'learning_rate': 0.06166268207773822}. Best is trial 0 with value: 108.4113540649414.
[I 2023-12-26 17:00:48,260] Trial 33 finished with value: 181.3333740234375 and parameters: {'gradient_clip_val': 0.14243308379051453, 'hidden_size': 15, 'dropout': 0.3258764816440319, 'hidden_continuous_size': 9, 'attention_head_size': 1, 'learning_rate': 0.033639852431362735}. Best is trial 0 with value: 108.4113540649414.
[I 2023-12-26 17:00:50,422] Trial 34 finished with value: 310.3469543457031 and parameters: {'gradient_clip_val': 0.16711231043139838, 'hidden_size': 15, 'dropout': 0.33077366819340703, 'hidden_continuous_size': 9, 'attention_head_size': 2, 'learning_rate': 0.028853783603714715}. Best is trial 0 with value: 108.4113540649414.
[I 2023-12-26 17:00:52,656] Trial 35 finished with value: 280.5845031738281 and parameters: {'gradient_clip_val': 0.14211282162588504, 'hidden_size': 24, 'dropout': 0.37266503977881543, 'hidden_continuous_size': 12, 'attention_head_size': 3, 'learning_rate': 0.06731319135251528}. Best is trial 0 with value: 108.4113540649414.
[I 2023-12-26 17:00:54,815] Trial 36 finished with value: 291.4942321777344 and parameters: {'gradient_clip_val': 0.11085376445940161, 'hidden_size': 19, 'dropout': 0.32108749520227964, 'hidden_continuous_size': 10, 'attention_head_size': 1, 'learning_rate': 0.09411550638888525}. Best is trial 0 with value: 108.4113540649414.
[I 2023-12-26 17:00:56,841] Trial 37 finished with value: 369.6767578125 and parameters: {'gradient_clip_val': 0.1843754469399564, 'hidden_size': 12, 'dropout': 0.4496571462999515, 'hidden_continuous_size': 9, 'attention_head_size': 3, 'learning_rate': 0.002195061050415204}. Best is trial 0 with value: 108.4113540649414.
[I 2023-12-26 17:00:59,555] Trial 38 finished with value: 329.942138671875 and parameters: {'gradient_clip_val': 0.15014392703213464, 'hidden_size': 39, 'dropout': 0.35225471547943943, 'hidden_continuous_size': 18, 'attention_head_size': 2, 'learning_rate': 0.000559968910177643}. Best is trial 0 with value: 108.4113540649414.
[I 2023-12-26 17:01:01,925] Trial 39 finished with value: 322.2770690917969 and parameters: {'gradient_clip_val': 0.22849487476847125, 'hidden_size': 25, 'dropout': 0.47813110448567525, 'hidden_continuous_size': 12, 'attention_head_size': 3, 'learning_rate': 0.04900127400900399}. Best is trial 0 with value: 108.4113540649414.
[I 2023-12-26 17:01:04,568] Trial 40 finished with value: 326.0220642089844 and parameters: {'gradient_clip_val': 0.3039944857845533, 'hidden_size': 31, 'dropout': 0.4164568315628199, 'hidden_continuous_size': 20, 'attention_head_size': 4, 'learning_rate': 0.0012310327588860206}. Best is trial 0 with value: 108.4113540649414.
[I 2023-12-26 17:01:06,541] Trial 41 finished with value: 211.03082275390625 and parameters: {'gradient_clip_val': 0.12437508818745933, 'hidden_size': 11, 'dropout': 0.2894720743386139, 'hidden_continuous_size': 8, 'attention_head_size': 1, 'learning_rate': 0.0344877230600192}. Best is trial 0 with value: 108.4113540649414.
[I 2023-12-26 17:01:08,635] Trial 42 finished with value: 287.4660339355469 and parameters: {'gradient_clip_val': 0.11718428833057022, 'hidden_size': 15, 'dropout': 0.2734706248010586, 'hidden_continuous_size': 9, 'attention_head_size': 1, 'learning_rate': 0.03593581666497951}. Best is trial 0 with value: 108.4113540649414.
[I 2023-12-26 17:01:10,652] Trial 43 finished with value: 280.7019348144531 and parameters: {'gradient_clip_val': 0.10345494452558102, 'hidden_size': 12, 'dropout': 0.4011137360464791, 'hidden_continuous_size': 8, 'attention_head_size': 1, 'learning_rate': 0.057149472680903125}. Best is trial 0 with value: 108.4113540649414.
[I 2023-12-26 17:01:12,811] Trial 44 finished with value: 208.1146240234375 and parameters: {'gradient_clip_val': 0.12673377871173278, 'hidden_size': 16, 'dropout': 0.4403904014658148, 'hidden_continuous_size': 10, 'attention_head_size': 1, 'learning_rate': 0.08317832265651279}. Best is trial 0 with value: 108.4113540649414.
[I 2023-12-26 17:01:14,913] Trial 45 finished with value: 293.9103698730469 and parameters: {'gradient_clip_val': 0.12556555469070246, 'hidden_size': 17, 'dropout': 0.23692810274995096, 'hidden_continuous_size': 10, 'attention_head_size': 1, 'learning_rate': 0.07388288374242208}. Best is trial 0 with value: 108.4113540649414.
[I 2023-12-26 17:01:17,002] Trial 46 finished with value: 341.8822021484375 and parameters: {'gradient_clip_val': 0.14805531140887196, 'hidden_size': 13, 'dropout': 0.28953543037212565, 'hidden_continuous_size': 9, 'attention_head_size': 1, 'learning_rate': 0.052581277794692904}. Best is trial 0 with value: 108.4113540649414.
[I 2023-12-26 17:01:19,242] Trial 47 finished with value: 335.8522644042969 and parameters: {'gradient_clip_val': 0.11099100471885061, 'hidden_size': 21, 'dropout': 0.4804295441477029, 'hidden_continuous_size': 11, 'attention_head_size': 1, 'learning_rate': 0.08081311492455527}. Best is trial 0 with value: 108.4113540649414.
[I 2023-12-26 17:01:21,355] Trial 48 finished with value: 368.8844909667969 and parameters: {'gradient_clip_val': 0.1317493399638271, 'hidden_size': 11, 'dropout': 0.4452090593210507, 'hidden_continuous_size': 8, 'attention_head_size': 1, 'learning_rate': 0.08119681319783553}. Best is trial 0 with value: 108.4113540649414.
[I 2023-12-26 17:01:23,663] Trial 49 finished with value: 277.2165832519531 and parameters: {'gradient_clip_val': 0.1589697209842838, 'hidden_size': 16, 'dropout': 0.3159736971105693, 'hidden_continuous_size': 10, 'attention_head_size': 1, 'learning_rate': 0.04717185287887393}. Best is trial 0 with value: 108.4113540649414.
[I 2023-12-26 17:01:23,830] A new study created in memory with name: no-name-6e5aeca3-51ac-4587-9b95-a9451fd8c080
/home/le004/conda/anaconda3/envs/tsff_env/lib/python3.9/site-packages/lightning/fabric/plugins/environments/slurm.py:191: The `srun` command is available on your system but is not used. HINT: If your intention is to run Lightning on SLURM, prepend your python command with `srun` like so: srun python /home/le004/master_thesis/git/TSFusionForecast/code/ ...
[I 2023-12-26 17:10:41,641] Trial 0 finished with value: 44.3642463684082 and parameters: {'gradient_clip_val': 0.10933264531296984, 'hidden_size': 126, 'dropout': 0.369666636646067, 'hidden_continuous_size': 25, 'attention_head_size': 3, 'learning_rate': 0.008294415839299293}. Best is trial 0 with value: 44.3642463684082.
[I 2023-12-26 17:10:45,987] Trial 1 finished with value: 113.6080551147461 and parameters: {'gradient_clip_val': 0.6338030732068768, 'hidden_size': 45, 'dropout': 0.14077654621390412, 'hidden_continuous_size': 29, 'attention_head_size': 1, 'learning_rate': 0.013947454333076646}. Best is trial 0 with value: 44.3642463684082.
[I 2023-12-26 17:10:48,036] Trial 2 finished with value: 128.50173950195312 and parameters: {'gradient_clip_val': 0.5449501712027123, 'hidden_size': 11, 'dropout': 0.47543450682977306, 'hidden_continuous_size': 6, 'attention_head_size': 4, 'learning_rate': 0.0005327228360789815}. Best is trial 0 with value: 44.3642463684082.
[I 2023-12-26 17:10:56,137] Trial 3 finished with value: 115.12432098388672 and parameters: {'gradient_clip_val': 0.16900596441411878, 'hidden_size': 110, 'dropout': 0.25564613872425035, 'hidden_continuous_size': 10, 'attention_head_size': 2, 'learning_rate': 0.08399661767641588}. Best is trial 0 with value: 44.3642463684082.
[I 2023-12-26 17:10:58,810] Trial 4 finished with value: 89.66314697265625 and parameters: {'gradient_clip_val': 0.13898233663306836, 'hidden_size': 15, 'dropout': 0.22478688801902355, 'hidden_continuous_size': 8, 'attention_head_size': 4, 'learning_rate': 0.017271648258173313}. Best is trial 0 with value: 44.3642463684082.
[I 2023-12-26 17:11:01,092] Trial 5 finished with value: 126.92153930664062 and parameters: {'gradient_clip_val': 0.8283288262876827, 'hidden_size': 9, 'dropout': 0.17302328027804242, 'hidden_continuous_size': 6, 'attention_head_size': 2, 'learning_rate': 0.0013429174345506105}. Best is trial 0 with value: 44.3642463684082.
[I 2023-12-26 17:11:13,854] Trial 6 finished with value: 98.89642333984375 and parameters: {'gradient_clip_val': 0.380275814294367, 'hidden_size': 145, 'dropout': 0.38485628922966664, 'hidden_continuous_size': 85, 'attention_head_size': 3, 'learning_rate': 0.020296920519832097}. Best is trial 0 with value: 44.3642463684082.
[I 2023-12-26 17:11:17,704] Trial 7 finished with value: 93.88407135009766 and parameters: {'gradient_clip_val': 0.8531199217647847, 'hidden_size': 44, 'dropout': 0.2759426437994604, 'hidden_continuous_size': 19, 'attention_head_size': 1, 'learning_rate': 0.0031758263765381987}. Best is trial 0 with value: 44.3642463684082.
[I 2023-12-26 17:11:19,843] Trial 8 finished with value: 108.70123291015625 and parameters: {'gradient_clip_val': 0.4863183977965273, 'hidden_size': 7, 'dropout': 0.11834677755592962, 'hidden_continuous_size': 6, 'attention_head_size': 4, 'learning_rate': 0.0007009082165409375}. Best is trial 0 with value: 44.3642463684082.
[I 2023-12-26 17:11:24,337] Trial 9 finished with value: 92.1512222290039 and parameters: {'gradient_clip_val': 0.1439635147117003, 'hidden_size': 45, 'dropout': 0.4994094608286078, 'hidden_continuous_size': 22, 'attention_head_size': 2, 'learning_rate': 0.000527795564699397}. Best is trial 0 with value: 44.3642463684082.
[I 2023-12-26 17:11:26,493] Trial 10 finished with value: 100.19075775146484 and parameters: {'gradient_clip_val': 0.24169280892181733, 'hidden_size': 5, 'dropout': 0.34249942728889343, 'hidden_continuous_size': 5, 'attention_head_size': 3, 'learning_rate': 0.004642828157352761}. Best is trial 0 with value: 44.3642463684082.
[I 2023-12-26 17:11:29,298] Trial 11 finished with value: 86.75839233398438 and parameters: {'gradient_clip_val': 0.10510428494348337, 'hidden_size': 17, 'dropout': 0.21691325584554194, 'hidden_continuous_size': 8, 'attention_head_size': 4, 'learning_rate': 0.011003879733647429}. Best is trial 0 with value: 44.3642463684082.
[I 2023-12-26 17:11:32,342] Trial 12 finished with value: 92.49307250976562 and parameters: {'gradient_clip_val': 0.10032434502620155, 'hidden_size': 23, 'dropout': 0.32962579207464177, 'hidden_continuous_size': 9, 'attention_head_size': 3, 'learning_rate': 0.008156497174312211}. Best is trial 0 with value: 44.3642463684082.
