[I 2023-12-26 15:26:21,707] Trial 16 finished with value: 3.0444889068603516 and parameters: {'gradient_clip_val': 0.10042264256334894, 'hidden_size': 19, 'dropout': 0.16522014409782113, 'hidden_continuous_size': 8, 'attention_head_size': 2, 'learning_rate': 0.004286812940845993}. Best is trial 1 with value: 0.03091169334948063.
[I 2023-12-26 15:26:28,326] Trial 17 finished with value: 3.1281473636627197 and parameters: {'gradient_clip_val': 0.18593064001270337, 'hidden_size': 77, 'dropout': 0.3070565485089748, 'hidden_continuous_size': 18, 'attention_head_size': 1, 'learning_rate': 0.015574009695581599}. Best is trial 1 with value: 0.03091169334948063.
[I 2023-12-26 15:26:32,112] Trial 18 finished with value: 3.367884874343872 and parameters: {'gradient_clip_val': 0.12141356582802136, 'hidden_size': 38, 'dropout': 0.22555716252146343, 'hidden_continuous_size': 10, 'attention_head_size': 2, 'learning_rate': 0.05042808352016851}. Best is trial 1 with value: 0.03091169334948063.
[I 2023-12-26 15:26:34,983] Trial 19 finished with value: 3.5631048679351807 and parameters: {'gradient_clip_val': 0.18400287699702914, 'hidden_size': 22, 'dropout': 0.14237402549910355, 'hidden_continuous_size': 7, 'attention_head_size': 3, 'learning_rate': 0.007394135353138804}. Best is trial 1 with value: 0.03091169334948063.
[I 2023-12-26 15:26:43,063] Trial 20 finished with value: 2.8604867458343506 and parameters: {'gradient_clip_val': 0.12467463267975702, 'hidden_size': 93, 'dropout': 0.20059053391703616, 'hidden_continuous_size': 17, 'attention_head_size': 1, 'learning_rate': 0.000528841920668829}. Best is trial 1 with value: 0.03091169334948063.
[I 2023-12-26 15:26:45,343] Trial 21 finished with value: 3.2716643810272217 and parameters: {'gradient_clip_val': 0.45953644621056067, 'hidden_size': 8, 'dropout': 0.31855639018641124, 'hidden_continuous_size': 5, 'attention_head_size': 1, 'learning_rate': 0.00154230598889178}. Best is trial 1 with value: 0.03091169334948063.
[I 2023-12-26 15:26:47,656] Trial 22 finished with value: 2.6366031169891357 and parameters: {'gradient_clip_val': 0.21969518627977208, 'hidden_size': 6, 'dropout': 0.35418123923278083, 'hidden_continuous_size': 5, 'attention_head_size': 1, 'learning_rate': 0.0036806928905591097}. Best is trial 1 with value: 0.03091169334948063.
[I 2023-12-26 15:26:50,401] Trial 23 finished with value: 2.9588301181793213 and parameters: {'gradient_clip_val': 0.16140767312065293, 'hidden_size': 7, 'dropout': 0.2851931047462051, 'hidden_continuous_size': 5, 'attention_head_size': 2, 'learning_rate': 0.0011611109410660481}. Best is trial 1 with value: 0.03091169334948063.
[I 2023-12-26 15:26:52,462] Trial 24 finished with value: 4.311657905578613 and parameters: {'gradient_clip_val': 0.12297662807655468, 'hidden_size': 5, 'dropout': 0.25312406459549897, 'hidden_continuous_size': 5, 'attention_head_size': 1, 'learning_rate': 0.002850780516230361}. Best is trial 1 with value: 0.03091169334948063.
[I 2023-12-26 15:26:55,030] Trial 25 finished with value: 3.3089094161987305 and parameters: {'gradient_clip_val': 0.6399556731133028, 'hidden_size': 13, 'dropout': 0.3216138527470126, 'hidden_continuous_size': 7, 'attention_head_size': 2, 'learning_rate': 0.005462694854400942}. Best is trial 1 with value: 0.03091169334948063.
[I 2023-12-26 15:26:57,175] Trial 26 finished with value: 2.8987505435943604 and parameters: {'gradient_clip_val': 0.28884478152793647, 'hidden_size': 5, 'dropout': 0.2889026841126178, 'hidden_continuous_size': 5, 'attention_head_size': 1, 'learning_rate': 0.0016900826247024396}. Best is trial 1 with value: 0.03091169334948063.
[I 2023-12-26 15:26:59,618] Trial 27 finished with value: 4.274308681488037 and parameters: {'gradient_clip_val': 0.9638166467403854, 'hidden_size': 9, 'dropout': 0.23288897245645945, 'hidden_continuous_size': 6, 'attention_head_size': 1, 'learning_rate': 0.0007438305225190491}. Best is trial 1 with value: 0.03091169334948063.
[I 2023-12-26 15:27:02,293] Trial 28 finished with value: 3.399665117263794 and parameters: {'gradient_clip_val': 0.366062089020383, 'hidden_size': 15, 'dropout': 0.18993771143205265, 'hidden_continuous_size': 7, 'attention_head_size': 2, 'learning_rate': 0.0012987805007096023}. Best is trial 1 with value: 0.03091169334948063.
[I 2023-12-26 15:27:04,850] Trial 29 finished with value: 3.0220212936401367 and parameters: {'gradient_clip_val': 0.4755983039457348, 'hidden_size': 12, 'dropout': 0.4535103543422809, 'hidden_continuous_size': 6, 'attention_head_size': 3, 'learning_rate': 0.0029019559073665464}. Best is trial 1 with value: 0.03091169334948063.
[I 2023-12-26 15:27:07,148] Trial 30 finished with value: 2.935419797897339 and parameters: {'gradient_clip_val': 0.5987886806629853, 'hidden_size': 6, 'dropout': 0.34431416855397173, 'hidden_continuous_size': 5, 'attention_head_size': 1, 'learning_rate': 0.0017657852608753816}. Best is trial 1 with value: 0.03091169334948063.
[I 2023-12-26 15:27:19,517] Trial 31 finished with value: 2.225633382797241 and parameters: {'gradient_clip_val': 0.11587808725580026, 'hidden_size': 149, 'dropout': 0.3599393027902839, 'hidden_continuous_size': 45, 'attention_head_size': 1, 'learning_rate': 0.0023332967704646646}. Best is trial 1 with value: 0.03091169334948063.
[I 2023-12-26 15:27:30,760] Trial 32 finished with value: 2.5078306198120117 and parameters: {'gradient_clip_val': 0.12610827795828705, 'hidden_size': 137, 'dropout': 0.3746270782425872, 'hidden_continuous_size': 25, 'attention_head_size': 1, 'learning_rate': 0.002031305110688667}. Best is trial 1 with value: 0.03091169334948063.
[I 2023-12-26 15:27:39,164] Trial 33 finished with value: 3.2688000202178955 and parameters: {'gradient_clip_val': 0.11512161594871571, 'hidden_size': 100, 'dropout': 0.3106837816114297, 'hidden_continuous_size': 30, 'attention_head_size': 2, 'learning_rate': 0.0009830694814254267}. Best is trial 1 with value: 0.03091169334948063.
[I 2023-12-26 15:27:45,860] Trial 34 finished with value: 3.3570477962493896 and parameters: {'gradient_clip_val': 0.13989606322912843, 'hidden_size': 76, 'dropout': 0.37135238930757064, 'hidden_continuous_size': 13, 'attention_head_size': 1, 'learning_rate': 0.003330062486728635}. Best is trial 1 with value: 0.03091169334948063.
[I 2023-12-26 15:27:55,280] Trial 35 finished with value: 3.3681018352508545 and parameters: {'gradient_clip_val': 0.16417115060229004, 'hidden_size': 108, 'dropout': 0.33654254037236236, 'hidden_continuous_size': 34, 'attention_head_size': 2, 'learning_rate': 0.004477561559384167}. Best is trial 1 with value: 0.03091169334948063.
[I 2023-12-26 15:27:58,657] Trial 36 finished with value: 3.3513906002044678 and parameters: {'gradient_clip_val': 0.11248958578016797, 'hidden_size': 33, 'dropout': 0.40110637533772264, 'hidden_continuous_size': 10, 'attention_head_size': 1, 'learning_rate': 0.0007929886885691133}. Best is trial 1 with value: 0.03091169334948063.
[I 2023-12-26 15:28:11,953] Trial 37 finished with value: 2.7518529891967773 and parameters: {'gradient_clip_val': 0.14345654912210706, 'hidden_size': 139, 'dropout': 0.27053093109267917, 'hidden_continuous_size': 137, 'attention_head_size': 2, 'learning_rate': 0.0063016764172921244}. Best is trial 1 with value: 0.03091169334948063.
[I 2023-12-26 15:28:15,061] Trial 38 finished with value: 3.9314098358154297 and parameters: {'gradient_clip_val': 0.11169964303827147, 'hidden_size': 25, 'dropout': 0.2998076733725406, 'hidden_continuous_size': 9, 'attention_head_size': 4, 'learning_rate': 0.002212069955897489}. Best is trial 1 with value: 0.03091169334948063.
[I 2023-12-26 15:28:19,354] Trial 39 finished with value: 3.1086642742156982 and parameters: {'gradient_clip_val': 0.1372969736294891, 'hidden_size': 46, 'dropout': 0.12731152059285947, 'hidden_continuous_size': 12, 'attention_head_size': 1, 'learning_rate': 0.0013557796641665825}. Best is trial 1 with value: 0.03091169334948063.
[I 2023-12-26 15:28:23,243] Trial 40 finished with value: 3.3052234649658203 and parameters: {'gradient_clip_val': 0.16186911638422646, 'hidden_size': 42, 'dropout': 0.42402686647455257, 'hidden_continuous_size': 11, 'attention_head_size': 1, 'learning_rate': 0.008644595109308139}. Best is trial 1 with value: 0.03091169334948063.
[I 2023-12-26 15:28:35,164] Trial 41 finished with value: 2.4870712757110596 and parameters: {'gradient_clip_val': 0.10117709864696155, 'hidden_size': 146, 'dropout': 0.3333448032449944, 'hidden_continuous_size': 47, 'attention_head_size': 1, 'learning_rate': 0.0022292553128589556}. Best is trial 1 with value: 0.03091169334948063.
[I 2023-12-26 15:28:45,063] Trial 42 finished with value: 3.5665385723114014 and parameters: {'gradient_clip_val': 0.11187470899736503, 'hidden_size': 118, 'dropout': 0.3746532699519089, 'hidden_continuous_size': 21, 'attention_head_size': 1, 'learning_rate': 0.0027915854658256446}. Best is trial 1 with value: 0.03091169334948063.
[I 2023-12-26 15:28:54,861] Trial 43 finished with value: 2.6593453884124756 and parameters: {'gradient_clip_val': 0.12774163550826442, 'hidden_size': 122, 'dropout': 0.35603634646775073, 'hidden_continuous_size': 15, 'attention_head_size': 1, 'learning_rate': 0.001982302221599413}. Best is trial 1 with value: 0.03091169334948063.
[I 2023-12-26 15:28:58,273] Trial 44 finished with value: 3.264073610305786 and parameters: {'gradient_clip_val': 0.10029958466787245, 'hidden_size': 30, 'dropout': 0.3313446945163235, 'hidden_continuous_size': 9, 'attention_head_size': 2, 'learning_rate': 0.003922147892817548}. Best is trial 1 with value: 0.03091169334948063.
[I 2023-12-26 15:29:04,137] Trial 45 finished with value: 2.9997870922088623 and parameters: {'gradient_clip_val': 0.13239889279839073, 'hidden_size': 67, 'dropout': 0.3016436143104078, 'hidden_continuous_size': 14, 'attention_head_size': 1, 'learning_rate': 0.005195439153019636}. Best is trial 1 with value: 0.03091169334948063.
[I 2023-12-26 15:29:11,812] Trial 46 finished with value: 3.5104386806488037 and parameters: {'gradient_clip_val': 0.11362090591775398, 'hidden_size': 88, 'dropout': 0.3561933322214663, 'hidden_continuous_size': 52, 'attention_head_size': 3, 'learning_rate': 0.0010942838601151392}. Best is trial 1 with value: 0.03091169334948063.
[I 2023-12-26 15:29:17,304] Trial 47 finished with value: 3.538062334060669 and parameters: {'gradient_clip_val': 0.14662316752546165, 'hidden_size': 58, 'dropout': 0.2653833683028902, 'hidden_continuous_size': 11, 'attention_head_size': 1, 'learning_rate': 0.0024232592038651774}. Best is trial 1 with value: 0.03091169334948063.
[I 2023-12-26 15:29:25,837] Trial 48 finished with value: 3.6465234756469727 and parameters: {'gradient_clip_val': 0.1101866208820855, 'hidden_size': 102, 'dropout': 0.3222287451624503, 'hidden_continuous_size': 7, 'attention_head_size': 2, 'learning_rate': 0.0014730126513889817}. Best is trial 1 with value: 0.03091169334948063.
[I 2023-12-26 15:29:35,739] Trial 49 finished with value: 2.915778398513794 and parameters: {'gradient_clip_val': 0.13102159682855943, 'hidden_size': 124, 'dropout': 0.16672969572897858, 'hidden_continuous_size': 17, 'attention_head_size': 1, 'learning_rate': 0.0033812309154324276}. Best is trial 1 with value: 0.03091169334948063.
[I 2023-12-26 15:29:35,922] A new study created in memory with name: no-name-8e7399a2-af86-4e2c-b8d1-8260791424de
/home/le004/conda/anaconda3/envs/tsff_env/lib/python3.9/site-packages/lightning/fabric/plugins/environments/slurm.py:191: The `srun` command is available on your system but is not used. HINT: If your intention is to run Lightning on SLURM, prepend your python command with `srun` like so: srun python /home/le004/master_thesis/git/TSFusionForecast/code/ ...
[I 2023-12-26 15:35:14,725] Trial 0 finished with value: 0.3150693476200104 and parameters: {'gradient_clip_val': 0.8043108419043006, 'hidden_size': 12, 'dropout': 0.1282016999362997, 'hidden_continuous_size': 6, 'attention_head_size': 1, 'learning_rate': 0.0005947192340256286}. Best is trial 0 with value: 0.3150693476200104.
[I 2023-12-26 15:38:59,850] Trial 1 finished with value: 0.373983770608902 and parameters: {'gradient_clip_val': 0.3165967695170944, 'hidden_size': 54, 'dropout': 0.24368083331698723, 'hidden_continuous_size': 15, 'attention_head_size': 2, 'learning_rate': 0.0017463029373085102}. Best is trial 0 with value: 0.3150693476200104.
[I 2023-12-26 15:39:02,363] Trial 2 finished with value: 3.595928192138672 and parameters: {'gradient_clip_val': 0.5925547000039536, 'hidden_size': 8, 'dropout': 0.2318885252721321, 'hidden_continuous_size': 8, 'attention_head_size': 1, 'learning_rate': 0.044841579115062966}. Best is trial 0 with value: 0.3150693476200104.
[I 2023-12-26 15:39:04,479] Trial 3 finished with value: 3.6668665409088135 and parameters: {'gradient_clip_val': 0.20070050022829686, 'hidden_size': 6, 'dropout': 0.11829021255006662, 'hidden_continuous_size': 5, 'attention_head_size': 1, 'learning_rate': 0.003671011234605035}. Best is trial 0 with value: 0.3150693476200104.
[I 2023-12-26 15:39:06,497] Trial 4 finished with value: 2.6997997760772705 and parameters: {'gradient_clip_val': 0.3441301187923903, 'hidden_size': 9, 'dropout': 0.4930055124736372, 'hidden_continuous_size': 8, 'attention_head_size': 3, 'learning_rate': 0.03397475085070713}. Best is trial 0 with value: 0.3150693476200104.
[I 2023-12-26 15:39:08,937] Trial 5 finished with value: 3.544224500656128 and parameters: {'gradient_clip_val': 0.4887290426986453, 'hidden_size': 20, 'dropout': 0.24732642038498076, 'hidden_continuous_size': 8, 'attention_head_size': 3, 'learning_rate': 0.001041803002866304}. Best is trial 0 with value: 0.3150693476200104.
[I 2023-12-26 15:39:11,794] Trial 6 finished with value: 3.31658935546875 and parameters: {'gradient_clip_val': 0.10712396648677969, 'hidden_size': 27, 'dropout': 0.4800084668083012, 'hidden_continuous_size': 10, 'attention_head_size': 2, 'learning_rate': 0.0011362317073332357}. Best is trial 0 with value: 0.3150693476200104.
[I 2023-12-26 15:39:21,601] Trial 7 finished with value: 2.0749435424804688 and parameters: {'gradient_clip_val': 0.11485233510777945, 'hidden_size': 123, 'dropout': 0.3861834807797021, 'hidden_continuous_size': 49, 'attention_head_size': 1, 'learning_rate': 0.008783949053875592}. Best is trial 0 with value: 0.3150693476200104.
[I 2023-12-26 15:39:23,497] Trial 8 finished with value: 2.6207401752471924 and parameters: {'gradient_clip_val': 0.551670022113445, 'hidden_size': 5, 'dropout': 0.3882678257299501, 'hidden_continuous_size': 5, 'attention_head_size': 3, 'learning_rate': 0.0008939334671404159}. Best is trial 0 with value: 0.3150693476200104.
[I 2023-12-26 15:39:30,780] Trial 9 finished with value: 3.1914021968841553 and parameters: {'gradient_clip_val': 0.38014253113835655, 'hidden_size': 88, 'dropout': 0.3302152544357315, 'hidden_continuous_size': 6, 'attention_head_size': 1, 'learning_rate': 0.002171965187231959}. Best is trial 0 with value: 0.3150693476200104.
[I 2023-12-26 15:39:33,400] Trial 10 finished with value: 3.9072492122650146 and parameters: {'gradient_clip_val': 0.9111250033766084, 'hidden_size': 15, 'dropout': 0.13385201941550523, 'hidden_continuous_size': 6, 'attention_head_size': 4, 'learning_rate': 0.0005409506334431973}. Best is trial 0 with value: 0.3150693476200104.
[I 2023-12-26 15:39:37,768] Trial 11 finished with value: 3.1700713634490967 and parameters: {'gradient_clip_val': 0.9376760340439109, 'hidden_size': 49, 'dropout': 0.17556059921517958, 'hidden_continuous_size': 16, 'attention_head_size': 2, 'learning_rate': 0.0005268578494826992}. Best is trial 0 with value: 0.3150693476200104.
[I 2023-12-26 15:39:41,803] Trial 12 finished with value: 3.6036221981048584 and parameters: {'gradient_clip_val': 0.22298392656456958, 'hidden_size': 38, 'dropout': 0.18967471819223664, 'hidden_continuous_size': 15, 'attention_head_size': 2, 'learning_rate': 0.002388506762402343}. Best is trial 0 with value: 0.3150693476200104.
[I 2023-12-26 15:39:46,445] Trial 13 finished with value: 3.7153568267822266 and parameters: {'gradient_clip_val': 0.7092589314817005, 'hidden_size': 59, 'dropout': 0.10308880179319993, 'hidden_continuous_size': 26, 'attention_head_size': 2, 'learning_rate': 0.007639357594350172}. Best is trial 0 with value: 0.3150693476200104.
[I 2023-12-26 15:39:49,083] Trial 14 finished with value: 3.206279993057251 and parameters: {'gradient_clip_val': 0.2650692009235193, 'hidden_size': 14, 'dropout': 0.25494583256042797, 'hidden_continuous_size': 6, 'attention_head_size': 1, 'learning_rate': 0.0016472571679666244}. Best is trial 0 with value: 0.3150693476200104.
[I 2023-12-26 15:39:52,379] Trial 15 finished with value: 3.655665636062622 and parameters: {'gradient_clip_val': 0.41699675105698175, 'hidden_size': 28, 'dropout': 0.17495027782362563, 'hidden_continuous_size': 11, 'attention_head_size': 2, 'learning_rate': 0.0040356776509781695}. Best is trial 0 with value: 0.3150693476200104.
[I 2023-12-26 15:39:58,163] Trial 16 finished with value: 3.363224983215332 and parameters: {'gradient_clip_val': 0.7526729996032102, 'hidden_size': 70, 'dropout': 0.2908316998018213, 'hidden_continuous_size': 23, 'attention_head_size': 4, 'learning_rate': 0.0006064593800707146}. Best is trial 0 with value: 0.3150693476200104.
[I 2023-12-26 15:40:01,724] Trial 17 finished with value: 2.924663543701172 and parameters: {'gradient_clip_val': 0.4808862482193979, 'hidden_size': 42, 'dropout': 0.14996921051546325, 'hidden_continuous_size': 12, 'attention_head_size': 1, 'learning_rate': 0.001383347104046702}. Best is trial 0 with value: 0.3150693476200104.
[I 2023-12-26 15:40:14,009] Trial 18 finished with value: 2.5997402667999268 and parameters: {'gradient_clip_val': 0.3012741246822886, 'hidden_size': 141, 'dropout': 0.20670654875766437, 'hidden_continuous_size': 111, 'attention_head_size': 2, 'learning_rate': 0.0009812278157747868}. Best is trial 0 with value: 0.3150693476200104.
[I 2023-12-26 15:40:17,125] Trial 19 finished with value: 3.256381034851074 and parameters: {'gradient_clip_val': 0.6399563608187122, 'hidden_size': 34, 'dropout': 0.15040822322630942, 'hidden_continuous_size': 9, 'attention_head_size': 3, 'learning_rate': 0.09782636659439134}. Best is trial 0 with value: 0.3150693476200104.
[I 2023-12-26 15:40:19,781] Trial 20 finished with value: 3.342672109603882 and parameters: {'gradient_clip_val': 0.7881021976745516, 'hidden_size': 19, 'dropout': 0.10209069363395934, 'hidden_continuous_size': 7, 'attention_head_size': 1, 'learning_rate': 0.0007405827408062762}. Best is trial 0 with value: 0.3150693476200104.
[I 2023-12-26 15:40:28,457] Trial 21 finished with value: 2.8623788356781006 and parameters: {'gradient_clip_val': 0.1729703172939066, 'hidden_size': 105, 'dropout': 0.34369963678307697, 'hidden_continuous_size': 33, 'attention_head_size': 1, 'learning_rate': 0.006709060545649418}. Best is trial 0 with value: 0.3150693476200104.
[I 2023-12-26 15:40:40,177] Trial 22 finished with value: 2.4078519344329834 and parameters: {'gradient_clip_val': 0.14341238105512372, 'hidden_size': 149, 'dropout': 0.2803457045280041, 'hidden_continuous_size': 49, 'attention_head_size': 1, 'learning_rate': 0.010030735176509528}. Best is trial 0 with value: 0.3150693476200104.
[I 2023-12-26 15:40:46,199] Trial 23 finished with value: 2.9157087802886963 and parameters: {'gradient_clip_val': 0.28846538141403444, 'hidden_size': 71, 'dropout': 0.21837330602776864, 'hidden_continuous_size': 13, 'attention_head_size': 2, 'learning_rate': 0.0016715092766560425}. Best is trial 0 with value: 0.3150693476200104.
[I 2023-12-26 15:40:54,741] Trial 24 finished with value: 2.6487977504730225 and parameters: {'gradient_clip_val': 0.42130021532755824, 'hidden_size': 104, 'dropout': 0.3986652214194949, 'hidden_continuous_size': 19, 'attention_head_size': 1, 'learning_rate': 0.003458632224939165}. Best is trial 0 with value: 0.3150693476200104.
[I 2023-12-26 15:40:59,221] Trial 25 finished with value: 3.501185178756714 and parameters: {'gradient_clip_val': 0.2520186801892666, 'hidden_size': 49, 'dropout': 0.2649691195573464, 'hidden_continuous_size': 10, 'attention_head_size': 2, 'learning_rate': 0.0007864121301014836}. Best is trial 0 with value: 0.3150693476200104.
[I 2023-12-26 15:41:05,219] Trial 26 finished with value: 2.541355609893799 and parameters: {'gradient_clip_val': 0.3410942941457146, 'hidden_size': 67, 'dropout': 0.21259869203332354, 'hidden_continuous_size': 13, 'attention_head_size': 1, 'learning_rate': 0.01225362693210765}. Best is trial 0 with value: 0.3150693476200104.
[I 2023-12-26 15:41:12,978] Trial 27 finished with value: 3.080707311630249 and parameters: {'gradient_clip_val': 0.17088185338849665, 'hidden_size': 96, 'dropout': 0.30917106081586393, 'hidden_continuous_size': 17, 'attention_head_size': 1, 'learning_rate': 0.0013548124674325893}. Best is trial 0 with value: 0.3150693476200104.
[I 2023-12-26 15:41:16,316] Trial 28 finished with value: 2.5691213607788086 and parameters: {'gradient_clip_val': 0.10291898758477773, 'hidden_size': 35, 'dropout': 0.15514810791075997, 'hidden_continuous_size': 10, 'attention_head_size': 2, 'learning_rate': 0.0005003471231553099}. Best is trial 0 with value: 0.3150693476200104.
[I 2023-12-26 15:41:18,587] Trial 29 finished with value: 2.877575159072876 and parameters: {'gradient_clip_val': 0.5355114276003158, 'hidden_size': 9, 'dropout': 0.23105945289764057, 'hidden_continuous_size': 7, 'attention_head_size': 1, 'learning_rate': 0.016968782883249666}. Best is trial 0 with value: 0.3150693476200104.
[I 2023-12-26 15:41:23,503] Trial 30 finished with value: 3.6290981769561768 and parameters: {'gradient_clip_val': 0.6158874276936621, 'hidden_size': 53, 'dropout': 0.23964279774568512, 'hidden_continuous_size': 13, 'attention_head_size': 3, 'learning_rate': 0.005089003537854848}. Best is trial 0 with value: 0.3150693476200104.
