[I 2023-12-26 14:18:21,954] Trial 37 finished with value: 177.27320861816406 and parameters: {'gradient_clip_val': 0.5019735753783914, 'hidden_size': 97, 'dropout': 0.39257422860999525, 'hidden_continuous_size': 22, 'attention_head_size': 2, 'learning_rate': 0.09976260709587688}. Best is trial 0 with value: 83.04456329345703.
[I 2023-12-26 14:18:34,901] Trial 38 finished with value: 139.84695434570312 and parameters: {'gradient_clip_val': 0.8756756853373521, 'hidden_size': 147, 'dropout': 0.32804375976357913, 'hidden_continuous_size': 115, 'attention_head_size': 2, 'learning_rate': 0.07825504563958526}. Best is trial 0 with value: 83.04456329345703.
[I 2023-12-26 14:18:44,644] Trial 39 finished with value: 139.02085876464844 and parameters: {'gradient_clip_val': 0.7022867849808972, 'hidden_size': 113, 'dropout': 0.30806073651441523, 'hidden_continuous_size': 81, 'attention_head_size': 3, 'learning_rate': 0.004430283405294512}. Best is trial 0 with value: 83.04456329345703.
[I 2023-12-26 14:18:50,121] Trial 40 finished with value: 194.8526153564453 and parameters: {'gradient_clip_val': 0.5518437181777728, 'hidden_size': 63, 'dropout': 0.3641200691855489, 'hidden_continuous_size': 7, 'attention_head_size': 3, 'learning_rate': 0.06045599573804323}. Best is trial 0 with value: 83.04456329345703.
[I 2023-12-26 14:19:00,946] Trial 41 finished with value: 123.3920669555664 and parameters: {'gradient_clip_val': 0.8189354270794185, 'hidden_size': 128, 'dropout': 0.2728723555078685, 'hidden_continuous_size': 95, 'attention_head_size': 1, 'learning_rate': 0.033763631418758856}. Best is trial 0 with value: 83.04456329345703.
[I 2023-12-26 14:19:11,496] Trial 42 finished with value: 110.48052215576172 and parameters: {'gradient_clip_val': 0.8916058239000574, 'hidden_size': 126, 'dropout': 0.29998585459967136, 'hidden_continuous_size': 100, 'attention_head_size': 1, 'learning_rate': 0.03926874242160961}. Best is trial 0 with value: 83.04456329345703.
[I 2023-12-26 14:19:22,255] Trial 43 finished with value: 161.27035522460938 and parameters: {'gradient_clip_val': 0.9929954940527913, 'hidden_size': 121, 'dropout': 0.2341625212782946, 'hidden_continuous_size': 89, 'attention_head_size': 1, 'learning_rate': 0.02194614834016194}. Best is trial 0 with value: 83.04456329345703.
[I 2023-12-26 14:19:30,901] Trial 44 finished with value: 169.88409423828125 and parameters: {'gradient_clip_val': 0.6304627459847598, 'hidden_size': 89, 'dropout': 0.2681210334311448, 'hidden_continuous_size': 71, 'attention_head_size': 1, 'learning_rate': 0.014067517073881368}. Best is trial 0 with value: 83.04456329345703.
[I 2023-12-26 14:19:39,953] Trial 45 finished with value: 162.99049377441406 and parameters: {'gradient_clip_val': 0.7138005801136131, 'hidden_size': 99, 'dropout': 0.2976012060039254, 'hidden_continuous_size': 82, 'attention_head_size': 1, 'learning_rate': 0.05107494419562197}. Best is trial 0 with value: 83.04456329345703.
[I 2023-12-26 14:19:46,869] Trial 46 finished with value: 140.1686248779297 and parameters: {'gradient_clip_val': 0.905636722467805, 'hidden_size': 81, 'dropout': 0.2699012214990375, 'hidden_continuous_size': 53, 'attention_head_size': 1, 'learning_rate': 0.07507479997070385}. Best is trial 0 with value: 83.04456329345703.
[I 2023-12-26 14:19:58,057] Trial 47 finished with value: 140.0187225341797 and parameters: {'gradient_clip_val': 0.7803421706727618, 'hidden_size': 125, 'dropout': 0.23501625974508555, 'hidden_continuous_size': 93, 'attention_head_size': 4, 'learning_rate': 0.0311486246873723}. Best is trial 0 with value: 83.04456329345703.
[I 2023-12-26 14:20:07,174] Trial 48 finished with value: 167.9596710205078 and parameters: {'gradient_clip_val': 0.5748451102092277, 'hidden_size': 102, 'dropout': 0.29261736532767435, 'hidden_continuous_size': 72, 'attention_head_size': 1, 'learning_rate': 0.04846446854710017}. Best is trial 0 with value: 83.04456329345703.
[I 2023-12-26 14:20:18,890] Trial 49 finished with value: 128.7825469970703 and parameters: {'gradient_clip_val': 0.7213104733964374, 'hidden_size': 130, 'dropout': 0.33735546482434126, 'hidden_continuous_size': 108, 'attention_head_size': 1, 'learning_rate': 0.04167504919644794}. Best is trial 0 with value: 83.04456329345703.
[I 2023-12-26 14:20:19,041] A new study created in memory with name: no-name-f6985961-0e0b-415d-9368-7e6f70d0c8fc
/home/le004/conda/anaconda3/envs/tsff_env/lib/python3.9/site-packages/lightning/fabric/plugins/environments/slurm.py:191: The `srun` command is available on your system but is not used. HINT: If your intention is to run Lightning on SLURM, prepend your python command with `srun` like so: srun python /home/le004/master_thesis/git/TSFusionForecast/code/ ...
[I 2023-12-26 14:23:16,056] Trial 0 finished with value: 757.9453125 and parameters: {'gradient_clip_val': 0.3634643005833203, 'hidden_size': 12, 'dropout': 0.24301017487044035, 'hidden_continuous_size': 5, 'attention_head_size': 4, 'learning_rate': 0.013130049231897185}. Best is trial 0 with value: 757.9453125.
[I 2023-12-26 14:23:18,218] Trial 1 finished with value: 9161.46875 and parameters: {'gradient_clip_val': 0.27009516595268973, 'hidden_size': 15, 'dropout': 0.46469713063587326, 'hidden_continuous_size': 7, 'attention_head_size': 2, 'learning_rate': 0.000606316621265745}. Best is trial 0 with value: 757.9453125.
[I 2023-12-26 14:23:21,037] Trial 2 finished with value: 8871.619140625 and parameters: {'gradient_clip_val': 0.15180285670040686, 'hidden_size': 40, 'dropout': 0.39598970084623863, 'hidden_continuous_size': 28, 'attention_head_size': 2, 'learning_rate': 0.0017364045686830915}. Best is trial 0 with value: 757.9453125.
[I 2023-12-26 14:23:25,204] Trial 3 finished with value: 10799.146484375 and parameters: {'gradient_clip_val': 0.16637646571907055, 'hidden_size': 69, 'dropout': 0.45227088952738237, 'hidden_continuous_size': 5, 'attention_head_size': 1, 'learning_rate': 0.0005033541761635627}. Best is trial 0 with value: 757.9453125.
[I 2023-12-26 14:23:27,335] Trial 4 finished with value: 8490.5361328125 and parameters: {'gradient_clip_val': 0.10171707055758557, 'hidden_size': 18, 'dropout': 0.1819092493983607, 'hidden_continuous_size': 7, 'attention_head_size': 2, 'learning_rate': 0.07494167926097359}. Best is trial 0 with value: 757.9453125.
[I 2023-12-26 14:23:29,693] Trial 5 finished with value: 7803.03955078125 and parameters: {'gradient_clip_val': 0.3766270163718094, 'hidden_size': 23, 'dropout': 0.3306149535257311, 'hidden_continuous_size': 13, 'attention_head_size': 2, 'learning_rate': 0.0005914260919422064}. Best is trial 0 with value: 757.9453125.
[I 2023-12-26 14:23:31,660] Trial 6 finished with value: 12656.4228515625 and parameters: {'gradient_clip_val': 0.5143320259157825, 'hidden_size': 9, 'dropout': 0.4135403652979037, 'hidden_continuous_size': 7, 'attention_head_size': 1, 'learning_rate': 0.03553761921650874}. Best is trial 0 with value: 757.9453125.
[I 2023-12-26 14:23:34,183] Trial 7 finished with value: 11503.10546875 and parameters: {'gradient_clip_val': 0.35665386436525265, 'hidden_size': 34, 'dropout': 0.3346430422494606, 'hidden_continuous_size': 6, 'attention_head_size': 1, 'learning_rate': 0.0051044698101523735}. Best is trial 0 with value: 757.9453125.
[I 2023-12-26 14:23:36,287] Trial 8 finished with value: 9198.560546875 and parameters: {'gradient_clip_val': 0.3269198603258167, 'hidden_size': 12, 'dropout': 0.3093301696097679, 'hidden_continuous_size': 7, 'attention_head_size': 4, 'learning_rate': 0.0019666934983865094}. Best is trial 0 with value: 757.9453125.
[I 2023-12-26 14:23:38,642] Trial 9 finished with value: 10807.041015625 and parameters: {'gradient_clip_val': 0.15136702634290355, 'hidden_size': 14, 'dropout': 0.21583561670650747, 'hidden_continuous_size': 8, 'attention_head_size': 3, 'learning_rate': 0.000696209335461845}. Best is trial 0 with value: 757.9453125.
[I 2023-12-26 14:23:40,678] Trial 10 finished with value: 12553.9814453125 and parameters: {'gradient_clip_val': 0.9863898680945208, 'hidden_size': 7, 'dropout': 0.10288114188558597, 'hidden_continuous_size': 5, 'attention_head_size': 4, 'learning_rate': 0.01664024218544026}. Best is trial 0 with value: 757.9453125.
[I 2023-12-26 14:23:42,476] Trial 11 finished with value: 8976.5498046875 and parameters: {'gradient_clip_val': 0.4866474513752657, 'hidden_size': 5, 'dropout': 0.2454990732220427, 'hidden_continuous_size': 5, 'attention_head_size': 3, 'learning_rate': 0.009511867161119054}. Best is trial 0 with value: 757.9453125.
[I 2023-12-26 14:23:44,747] Trial 12 finished with value: 11314.375 and parameters: {'gradient_clip_val': 0.5328180633645981, 'hidden_size': 24, 'dropout': 0.33794298264207306, 'hidden_continuous_size': 12, 'attention_head_size': 3, 'learning_rate': 0.004901730298743768}. Best is trial 0 with value: 757.9453125.
[I 2023-12-26 14:23:53,741] Trial 13 finished with value: 9284.142578125 and parameters: {'gradient_clip_val': 0.24671696746932995, 'hidden_size': 145, 'dropout': 0.26245950792826467, 'hidden_continuous_size': 16, 'attention_head_size': 4, 'learning_rate': 0.013132780807148199}. Best is trial 0 with value: 757.9453125.
[I 2023-12-26 14:23:56,000] Trial 14 finished with value: 7026.98779296875 and parameters: {'gradient_clip_val': 0.41063469023186694, 'hidden_size': 24, 'dropout': 0.2925155959586724, 'hidden_continuous_size': 9, 'attention_head_size': 3, 'learning_rate': 0.0024233449334469534}. Best is trial 0 with value: 757.9453125.
[I 2023-12-26 14:23:58,059] Trial 15 finished with value: 12469.1884765625 and parameters: {'gradient_clip_val': 0.6619303384093429, 'hidden_size': 9, 'dropout': 0.2766662326611082, 'hidden_continuous_size': 5, 'attention_head_size': 4, 'learning_rate': 0.003742313888890304}. Best is trial 0 with value: 757.9453125.
[I 2023-12-26 14:24:00,728] Trial 16 finished with value: 8583.037109375 and parameters: {'gradient_clip_val': 0.26917594026012237, 'hidden_size': 35, 'dropout': 0.193774607182112, 'hidden_continuous_size': 9, 'attention_head_size': 3, 'learning_rate': 0.02259422346353172}. Best is trial 0 with value: 757.9453125.
[I 2023-12-26 14:24:02,549] Trial 17 finished with value: 7954.177734375 and parameters: {'gradient_clip_val': 0.41264150129403043, 'hidden_size': 5, 'dropout': 0.3756220796262926, 'hidden_continuous_size': 5, 'attention_head_size': 4, 'learning_rate': 0.009407392400877929}. Best is trial 0 with value: 757.9453125.
[I 2023-12-26 14:24:04,746] Trial 18 finished with value: 11994.3837890625 and parameters: {'gradient_clip_val': 0.6838237134364473, 'hidden_size': 19, 'dropout': 0.29643297286672554, 'hidden_continuous_size': 6, 'attention_head_size': 3, 'learning_rate': 0.002686169451437671}. Best is trial 0 with value: 757.9453125.
[I 2023-12-26 14:24:06,838] Trial 19 finished with value: 10043.5859375 and parameters: {'gradient_clip_val': 0.23123419724126842, 'hidden_size': 11, 'dropout': 0.25420569034054713, 'hidden_continuous_size': 6, 'attention_head_size': 4, 'learning_rate': 0.006665680598722037}. Best is trial 0 with value: 757.9453125.
[I 2023-12-26 14:24:08,983] Trial 20 finished with value: 8744.2587890625 and parameters: {'gradient_clip_val': 0.4175875086393835, 'hidden_size': 17, 'dropout': 0.36378641069212264, 'hidden_continuous_size': 9, 'attention_head_size': 3, 'learning_rate': 0.029090088158949205}. Best is trial 0 with value: 757.9453125.
[I 2023-12-26 14:24:11,490] Trial 21 finished with value: 10363.91015625 and parameters: {'gradient_clip_val': 0.34602824946167804, 'hidden_size': 24, 'dropout': 0.3146459739013874, 'hidden_continuous_size': 12, 'attention_head_size': 2, 'learning_rate': 0.0010625804178833688}. Best is trial 0 with value: 757.9453125.
[I 2023-12-26 14:24:13,741] Trial 22 finished with value: 9704.5341796875 and parameters: {'gradient_clip_val': 0.39758436208344183, 'hidden_size': 24, 'dropout': 0.2984299003786986, 'hidden_continuous_size': 11, 'attention_head_size': 2, 'learning_rate': 0.0011553878087116008}. Best is trial 0 with value: 757.9453125.
[I 2023-12-26 14:24:15,806] Trial 23 finished with value: 7779.04638671875 and parameters: {'gradient_clip_val': 0.3004969833812702, 'hidden_size': 12, 'dropout': 0.34136104937819584, 'hidden_continuous_size': 6, 'attention_head_size': 2, 'learning_rate': 0.003414740751772696}. Best is trial 0 with value: 757.9453125.
[I 2023-12-26 14:24:17,895] Trial 24 finished with value: 8222.33203125 and parameters: {'gradient_clip_val': 0.30774050108496004, 'hidden_size': 12, 'dropout': 0.48989809879411894, 'hidden_continuous_size': 6, 'attention_head_size': 3, 'learning_rate': 0.002888523867525332}. Best is trial 0 with value: 757.9453125.
[I 2023-12-26 14:24:19,813] Trial 25 finished with value: 7975.1875 and parameters: {'gradient_clip_val': 0.2123156680653225, 'hidden_size': 8, 'dropout': 0.3555554967064018, 'hidden_continuous_size': 5, 'attention_head_size': 2, 'learning_rate': 0.003993051458783705}. Best is trial 0 with value: 757.9453125.
[I 2023-12-26 14:24:22,017] Trial 26 finished with value: 11075.7626953125 and parameters: {'gradient_clip_val': 0.3066867508256911, 'hidden_size': 15, 'dropout': 0.2784439282265228, 'hidden_continuous_size': 6, 'attention_head_size': 3, 'learning_rate': 0.006797079904296037}. Best is trial 0 with value: 757.9453125.
[I 2023-12-26 14:24:24,016] Trial 27 finished with value: 9744.3759765625 and parameters: {'gradient_clip_val': 0.2871221243456587, 'hidden_size': 7, 'dropout': 0.22644808491612387, 'hidden_continuous_size': 5, 'attention_head_size': 4, 'learning_rate': 0.0026180902306558052}. Best is trial 0 with value: 757.9453125.
[I 2023-12-26 14:24:26,052] Trial 28 finished with value: 11043.8388671875 and parameters: {'gradient_clip_val': 0.45011916623122394, 'hidden_size': 12, 'dropout': 0.2888933166773913, 'hidden_continuous_size': 6, 'attention_head_size': 1, 'learning_rate': 0.008376857499726362}. Best is trial 0 with value: 757.9453125.
[I 2023-12-26 14:24:28,179] Trial 29 finished with value: 10544.4306640625 and parameters: {'gradient_clip_val': 0.277434493910748, 'hidden_size': 18, 'dropout': 0.4167608851665131, 'hidden_continuous_size': 8, 'attention_head_size': 2, 'learning_rate': 0.004819948082257219}. Best is trial 0 with value: 757.9453125.
[I 2023-12-26 14:24:30,367] Trial 30 finished with value: 13121.3017578125 and parameters: {'gradient_clip_val': 0.3514683546889586, 'hidden_size': 14, 'dropout': 0.31855504826539194, 'hidden_continuous_size': 7, 'attention_head_size': 3, 'learning_rate': 0.0017005672693907704}. Best is trial 0 with value: 757.9453125.
[I 2023-12-26 14:24:32,640] Trial 31 finished with value: 10307.8642578125 and parameters: {'gradient_clip_val': 0.39398730004986604, 'hidden_size': 21, 'dropout': 0.3389089751814663, 'hidden_continuous_size': 10, 'attention_head_size': 2, 'learning_rate': 0.0007265299994415835}. Best is trial 0 with value: 757.9453125.
[I 2023-12-26 14:24:35,260] Trial 32 finished with value: 10423.6552734375 and parameters: {'gradient_clip_val': 0.374605019128013, 'hidden_size': 30, 'dropout': 0.3815225758377206, 'hidden_continuous_size': 14, 'attention_head_size': 2, 'learning_rate': 0.0011848718647928338}. Best is trial 0 with value: 757.9453125.
[I 2023-12-26 14:24:38,121] Trial 33 finished with value: 9348.0361328125 and parameters: {'gradient_clip_val': 0.3290244936257517, 'hidden_size': 29, 'dropout': 0.34994316359361405, 'hidden_continuous_size': 15, 'attention_head_size': 2, 'learning_rate': 0.0005744620669559342}. Best is trial 0 with value: 757.9453125.
[I 2023-12-26 14:24:41,142] Trial 34 finished with value: 10575.6474609375 and parameters: {'gradient_clip_val': 0.2623551938129576, 'hidden_size': 45, 'dropout': 0.3219939813683673, 'hidden_continuous_size': 19, 'attention_head_size': 1, 'learning_rate': 0.0015637662111658464}. Best is trial 0 with value: 757.9453125.
[I 2023-12-26 14:24:43,272] Trial 35 finished with value: 9673.4814453125 and parameters: {'gradient_clip_val': 0.4525638416473905, 'hidden_size': 16, 'dropout': 0.3860579332138797, 'hidden_continuous_size': 10, 'attention_head_size': 2, 'learning_rate': 0.0008744522661475388}. Best is trial 0 with value: 757.9453125.
[I 2023-12-26 14:24:45,658] Trial 36 finished with value: 8136.625 and parameters: {'gradient_clip_val': 0.21792149197965885, 'hidden_size': 19, 'dropout': 0.40421110241364194, 'hidden_continuous_size': 8, 'attention_head_size': 1, 'learning_rate': 0.0022588379694195486}. Best is trial 0 with value: 757.9453125.
[I 2023-12-26 14:24:50,026] Trial 37 finished with value: 9522.2255859375 and parameters: {'gradient_clip_val': 0.30738453943323973, 'hidden_size': 46, 'dropout': 0.29984299216789856, 'hidden_continuous_size': 45, 'attention_head_size': 2, 'learning_rate': 0.001421486623194364}. Best is trial 0 with value: 757.9453125.
[I 2023-12-26 14:24:52,393] Trial 38 finished with value: 10703.7138671875 and parameters: {'gradient_clip_val': 0.3662966029136063, 'hidden_size': 21, 'dropout': 0.2686043694086991, 'hidden_continuous_size': 9, 'attention_head_size': 2, 'learning_rate': 0.0005414963321685553}. Best is trial 0 with value: 757.9453125.
[I 2023-12-26 14:24:54,475] Trial 39 finished with value: 10552.693359375 and parameters: {'gradient_clip_val': 0.5480534093747121, 'hidden_size': 14, 'dropout': 0.3294149150147039, 'hidden_continuous_size': 7, 'attention_head_size': 1, 'learning_rate': 0.001900057707636418}. Best is trial 0 with value: 757.9453125.
[I 2023-12-26 14:24:56,971] Trial 40 finished with value: 8828.31640625 and parameters: {'gradient_clip_val': 0.19901504082558027, 'hidden_size': 11, 'dropout': 0.2386637804017755, 'hidden_continuous_size': 8, 'attention_head_size': 3, 'learning_rate': 0.0007681483497630281}. Best is trial 0 with value: 757.9453125.
[I 2023-12-26 14:24:59,192] Trial 41 finished with value: 7608.072265625 and parameters: {'gradient_clip_val': 0.4238725462110268, 'hidden_size': 5, 'dropout': 0.36787756633024626, 'hidden_continuous_size': 5, 'attention_head_size': 4, 'learning_rate': 0.011320981413951284}. Best is trial 0 with value: 757.9453125.
[I 2023-12-26 14:25:01,664] Trial 42 finished with value: 10162.7744140625 and parameters: {'gradient_clip_val': 0.3266166225955825, 'hidden_size': 6, 'dropout': 0.4224748668031919, 'hidden_continuous_size': 5, 'attention_head_size': 4, 'learning_rate': 0.0035982754465410335}. Best is trial 0 with value: 757.9453125.
[I 2023-12-26 14:25:03,914] Trial 43 finished with value: 8294.2529296875 and parameters: {'gradient_clip_val': 0.4679892148156272, 'hidden_size': 10, 'dropout': 0.3658247610686604, 'hidden_continuous_size': 6, 'attention_head_size': 4, 'learning_rate': 0.01265348728231886}. Best is trial 0 with value: 757.9453125.
[I 2023-12-26 14:25:05,979] Trial 44 finished with value: 10120.5771484375 and parameters: {'gradient_clip_val': 0.38363151897238573, 'hidden_size': 6, 'dropout': 0.3493088077627029, 'hidden_continuous_size': 5, 'attention_head_size': 4, 'learning_rate': 0.005841887154746126}. Best is trial 0 with value: 757.9453125.
[I 2023-12-26 14:25:08,241] Trial 45 finished with value: 11607.6279296875 and parameters: {'gradient_clip_val': 0.4443816773810508, 'hidden_size': 9, 'dropout': 0.318088448966091, 'hidden_continuous_size': 7, 'attention_head_size': 4, 'learning_rate': 0.00770507048206034}. Best is trial 0 with value: 757.9453125.
[I 2023-12-26 14:25:10,148] Trial 46 finished with value: 7134.66015625 and parameters: {'gradient_clip_val': 0.34922107483740644, 'hidden_size': 8, 'dropout': 0.272979541817138, 'hidden_continuous_size': 5, 'attention_head_size': 4, 'learning_rate': 0.010646548006646904}. Best is trial 0 with value: 757.9453125.
[I 2023-12-26 14:25:12,087] Trial 47 finished with value: 9089.2197265625 and parameters: {'gradient_clip_val': 0.2907128541604162, 'hidden_size': 8, 'dropout': 0.2809396672638508, 'hidden_continuous_size': 5, 'attention_head_size': 4, 'learning_rate': 0.014588224973141106}. Best is trial 0 with value: 757.9453125.
[I 2023-12-26 14:25:13,920] Trial 48 finished with value: 11778.6435546875 and parameters: {'gradient_clip_val': 0.3338926296504931, 'hidden_size': 5, 'dropout': 0.2579194713682321, 'hidden_continuous_size': 5, 'attention_head_size': 4, 'learning_rate': 0.017771356281527935}. Best is trial 0 with value: 757.9453125.
[I 2023-12-26 14:25:16,029] Trial 49 finished with value: 10238.1943359375 and parameters: {'gradient_clip_val': 0.2493021047451254, 'hidden_size': 6, 'dropout': 0.21198387239083766, 'hidden_continuous_size': 5, 'attention_head_size': 4, 'learning_rate': 0.011060801233704275}. Best is trial 0 with value: 757.9453125.
[I 2023-12-26 14:25:16,166] A new study created in memory with name: no-name-884fc4b7-88eb-47a3-939e-a1ae7b2e835d
/home/le004/conda/anaconda3/envs/tsff_env/lib/python3.9/site-packages/lightning/fabric/plugins/environments/slurm.py:191: The `srun` command is available on your system but is not used. HINT: If your intention is to run Lightning on SLURM, prepend your python command with `srun` like so: srun python /home/le004/master_thesis/git/TSFusionForecast/code/ ...
[I 2023-12-26 14:27:45,260] Trial 0 finished with value: 1351.0235595703125 and parameters: {'gradient_clip_val': 0.6651605332483735, 'hidden_size': 5, 'dropout': 0.2562952882902534, 'hidden_continuous_size': 5, 'attention_head_size': 3, 'learning_rate': 0.02619360714954115}. Best is trial 0 with value: 1351.0235595703125.
[I 2023-12-26 14:27:47,678] Trial 1 finished with value: 6661.35205078125 and parameters: {'gradient_clip_val': 0.10851046449712005, 'hidden_size': 12, 'dropout': 0.4999739722883464, 'hidden_continuous_size': 10, 'attention_head_size': 2, 'learning_rate': 0.05843709759825288}. Best is trial 0 with value: 1351.0235595703125.
