[I 2023-12-26 15:05:48,274] Trial 28 finished with value: 448.7804260253906 and parameters: {'gradient_clip_val': 0.2021359888185228, 'hidden_size': 46, 'dropout': 0.3997324325814185, 'hidden_continuous_size': 15, 'attention_head_size': 1, 'learning_rate': 0.0016132314211139646}. Best is trial 0 with value: 270.1884460449219.
[I 2023-12-26 15:05:58,872] Trial 29 finished with value: 570.4071044921875 and parameters: {'gradient_clip_val': 0.11371395902627719, 'hidden_size': 147, 'dropout': 0.43528101154163396, 'hidden_continuous_size': 49, 'attention_head_size': 3, 'learning_rate': 0.0007860716011529262}. Best is trial 0 with value: 270.1884460449219.
[I 2023-12-26 15:06:01,266] Trial 30 finished with value: 502.6553649902344 and parameters: {'gradient_clip_val': 0.13219745781364978, 'hidden_size': 25, 'dropout': 0.37422702187852697, 'hidden_continuous_size': 12, 'attention_head_size': 2, 'learning_rate': 0.001082024076514912}. Best is trial 0 with value: 270.1884460449219.
[I 2023-12-26 15:06:07,456] Trial 31 finished with value: 442.6732482910156 and parameters: {'gradient_clip_val': 0.10968046538046408, 'hidden_size': 100, 'dropout': 0.4111654322461205, 'hidden_continuous_size': 24, 'attention_head_size': 2, 'learning_rate': 0.02886831493638663}. Best is trial 0 with value: 270.1884460449219.
[I 2023-12-26 15:06:14,645] Trial 32 finished with value: 433.5885314941406 and parameters: {'gradient_clip_val': 0.10589131210438896, 'hidden_size': 103, 'dropout': 0.4084469701718829, 'hidden_continuous_size': 10, 'attention_head_size': 1, 'learning_rate': 0.01085651197993814}. Best is trial 0 with value: 270.1884460449219.
[I 2023-12-26 15:06:20,727] Trial 33 finished with value: 453.8445739746094 and parameters: {'gradient_clip_val': 0.13128769356581427, 'hidden_size': 67, 'dropout': 0.3566132232847399, 'hidden_continuous_size': 16, 'attention_head_size': 2, 'learning_rate': 0.01634199230292511}. Best is trial 0 with value: 270.1884460449219.
[I 2023-12-26 15:06:28,372] Trial 34 finished with value: 543.6824340820312 and parameters: {'gradient_clip_val': 0.14796384753746428, 'hidden_size': 123, 'dropout': 0.4396477432914787, 'hidden_continuous_size': 13, 'attention_head_size': 3, 'learning_rate': 0.006583511153601143}. Best is trial 0 with value: 270.1884460449219.
[I 2023-12-26 15:06:34,003] Trial 35 finished with value: 584.185791015625 and parameters: {'gradient_clip_val': 0.1019884391273633, 'hidden_size': 90, 'dropout': 0.3968398849494699, 'hidden_continuous_size': 9, 'attention_head_size': 1, 'learning_rate': 0.005243450639775416}. Best is trial 0 with value: 270.1884460449219.
[I 2023-12-26 15:06:39,366] Trial 36 finished with value: 526.2637329101562 and parameters: {'gradient_clip_val': 0.1750287684233307, 'hidden_size': 69, 'dropout': 0.4667599246995281, 'hidden_continuous_size': 6, 'attention_head_size': 2, 'learning_rate': 0.008185779449882354}. Best is trial 0 with value: 270.1884460449219.
[I 2023-12-26 15:06:48,172] Trial 37 finished with value: 621.9960327148438 and parameters: {'gradient_clip_val': 0.1276091279842396, 'hidden_size': 118, 'dropout': 0.3785719398051228, 'hidden_continuous_size': 5, 'attention_head_size': 4, 'learning_rate': 0.0035209087121561736}. Best is trial 0 with value: 270.1884460449219.
[I 2023-12-26 15:06:53,188] Trial 38 finished with value: 440.4487609863281 and parameters: {'gradient_clip_val': 0.17624776847773757, 'hidden_size': 83, 'dropout': 0.22888833266796582, 'hidden_continuous_size': 22, 'attention_head_size': 3, 'learning_rate': 0.06546653976332686}. Best is trial 0 with value: 270.1884460449219.
[I 2023-12-26 15:06:56,267] Trial 39 finished with value: 565.79638671875 and parameters: {'gradient_clip_val': 0.11832898236638224, 'hidden_size': 42, 'dropout': 0.3865922091198405, 'hidden_continuous_size': 14, 'attention_head_size': 2, 'learning_rate': 0.018402352512274518}. Best is trial 0 with value: 270.1884460449219.
[I 2023-12-26 15:06:59,865] Trial 40 finished with value: 601.1141357421875 and parameters: {'gradient_clip_val': 0.14648825658828302, 'hidden_size': 58, 'dropout': 0.34547948867189465, 'hidden_continuous_size': 18, 'attention_head_size': 3, 'learning_rate': 0.00231642838921307}. Best is trial 0 with value: 270.1884460449219.
[I 2023-12-26 15:07:06,692] Trial 41 finished with value: 472.6045227050781 and parameters: {'gradient_clip_val': 0.1070129114564625, 'hidden_size': 108, 'dropout': 0.4176903589618734, 'hidden_continuous_size': 10, 'attention_head_size': 1, 'learning_rate': 0.00930099213627768}. Best is trial 0 with value: 270.1884460449219.
[I 2023-12-26 15:07:12,835] Trial 42 finished with value: 552.7590942382812 and parameters: {'gradient_clip_val': 0.12865458202231767, 'hidden_size': 99, 'dropout': 0.40415203173738196, 'hidden_continuous_size': 7, 'attention_head_size': 1, 'learning_rate': 0.04721211092815113}. Best is trial 0 with value: 270.1884460449219.
[I 2023-12-26 15:07:20,489] Trial 43 finished with value: 538.8612670898438 and parameters: {'gradient_clip_val': 0.10501806149709036, 'hidden_size': 114, 'dropout': 0.4276508260451448, 'hidden_continuous_size': 9, 'attention_head_size': 1, 'learning_rate': 0.0015777457349952081}. Best is trial 0 with value: 270.1884460449219.
[I 2023-12-26 15:07:28,840] Trial 44 finished with value: 518.81884765625 and parameters: {'gradient_clip_val': 0.11584906681389427, 'hidden_size': 126, 'dropout': 0.3604101767056349, 'hidden_continuous_size': 12, 'attention_head_size': 1, 'learning_rate': 0.029622364316312544}. Best is trial 0 with value: 270.1884460449219.
[I 2023-12-26 15:07:40,761] Trial 45 finished with value: 439.574951171875 and parameters: {'gradient_clip_val': 0.1394298172311468, 'hidden_size': 150, 'dropout': 0.38946056451371774, 'hidden_continuous_size': 137, 'attention_head_size': 1, 'learning_rate': 0.08551248325472154}. Best is trial 0 with value: 270.1884460449219.
[I 2023-12-26 15:07:46,707] Trial 46 finished with value: 519.05419921875 and parameters: {'gradient_clip_val': 0.18960012015592664, 'hidden_size': 91, 'dropout': 0.458451846038024, 'hidden_continuous_size': 16, 'attention_head_size': 1, 'learning_rate': 0.09810628434079496}. Best is trial 0 with value: 270.1884460449219.
[I 2023-12-26 15:07:51,935] Trial 47 finished with value: 452.1775207519531 and parameters: {'gradient_clip_val': 0.11796362774297674, 'hidden_size': 74, 'dropout': 0.4092772162061685, 'hidden_continuous_size': 8, 'attention_head_size': 2, 'learning_rate': 0.0019865412235198564}. Best is trial 0 with value: 270.1884460449219.
[I 2023-12-26 15:07:55,879] Trial 48 finished with value: 590.4636840820312 and parameters: {'gradient_clip_val': 0.30380725131527053, 'hidden_size': 59, 'dropout': 0.32783863269984864, 'hidden_continuous_size': 6, 'attention_head_size': 1, 'learning_rate': 0.0014165270558083624}. Best is trial 0 with value: 270.1884460449219.
[I 2023-12-26 15:08:02,047] Trial 49 finished with value: 616.4187622070312 and parameters: {'gradient_clip_val': 0.10064590316661855, 'hidden_size': 86, 'dropout': 0.44310087750591953, 'hidden_continuous_size': 10, 'attention_head_size': 1, 'learning_rate': 0.0006277166143825505}. Best is trial 0 with value: 270.1884460449219.
[I 2023-12-26 15:08:02,183] A new study created in memory with name: no-name-2aad5999-c3b5-4cae-a7ce-a95512eee453
/home/le004/conda/anaconda3/envs/tsff_env/lib/python3.9/site-packages/lightning/fabric/plugins/environments/slurm.py:191: The `srun` command is available on your system but is not used. HINT: If your intention is to run Lightning on SLURM, prepend your python command with `srun` like so: srun python /home/le004/master_thesis/git/TSFusionForecast/code/ ...
[I 2023-12-26 15:10:30,651] Trial 0 finished with value: 8.092656135559082 and parameters: {'gradient_clip_val': 0.2725513610846918, 'hidden_size': 13, 'dropout': 0.258936318446674, 'hidden_continuous_size': 11, 'attention_head_size': 4, 'learning_rate': 0.02899531515059697}. Best is trial 0 with value: 8.092656135559082.
[I 2023-12-26 15:10:33,857] Trial 1 finished with value: 39.59450912475586 and parameters: {'gradient_clip_val': 0.9768418305985307, 'hidden_size': 44, 'dropout': 0.11469303599910662, 'hidden_continuous_size': 31, 'attention_head_size': 4, 'learning_rate': 0.0012108303212474466}. Best is trial 0 with value: 8.092656135559082.
[I 2023-12-26 15:10:39,250] Trial 2 finished with value: 49.90240478515625 and parameters: {'gradient_clip_val': 0.9108130603231438, 'hidden_size': 81, 'dropout': 0.16334868654123796, 'hidden_continuous_size': 7, 'attention_head_size': 2, 'learning_rate': 0.0018352108592931775}. Best is trial 0 with value: 8.092656135559082.
[I 2023-12-26 15:10:42,254] Trial 3 finished with value: 50.154117584228516 and parameters: {'gradient_clip_val': 0.18260324326613797, 'hidden_size': 40, 'dropout': 0.38657884753519844, 'hidden_continuous_size': 13, 'attention_head_size': 3, 'learning_rate': 0.0815907354573572}. Best is trial 0 with value: 8.092656135559082.
[I 2023-12-26 15:10:44,342] Trial 4 finished with value: 53.04178237915039 and parameters: {'gradient_clip_val': 0.5606731186627001, 'hidden_size': 12, 'dropout': 0.42097721663426346, 'hidden_continuous_size': 12, 'attention_head_size': 1, 'learning_rate': 0.0022352499338439964}. Best is trial 0 with value: 8.092656135559082.
[I 2023-12-26 15:10:46,692] Trial 5 finished with value: 32.2191162109375 and parameters: {'gradient_clip_val': 0.11038062062702299, 'hidden_size': 21, 'dropout': 0.15024808170274484, 'hidden_continuous_size': 20, 'attention_head_size': 2, 'learning_rate': 0.003998119826295243}. Best is trial 0 with value: 8.092656135559082.
[I 2023-12-26 15:10:50,027] Trial 6 finished with value: 37.81086730957031 and parameters: {'gradient_clip_val': 0.12097194529333384, 'hidden_size': 54, 'dropout': 0.20222443365008802, 'hidden_continuous_size': 9, 'attention_head_size': 2, 'learning_rate': 0.00536018888357948}. Best is trial 0 with value: 8.092656135559082.
[I 2023-12-26 15:10:52,009] Trial 7 finished with value: 45.9713249206543 and parameters: {'gradient_clip_val': 0.6191506684042468, 'hidden_size': 9, 'dropout': 0.2373451890578394, 'hidden_continuous_size': 5, 'attention_head_size': 2, 'learning_rate': 0.010755216058445101}. Best is trial 0 with value: 8.092656135559082.
[I 2023-12-26 15:10:56,839] Trial 8 finished with value: 53.06852340698242 and parameters: {'gradient_clip_val': 0.21993931053504215, 'hidden_size': 63, 'dropout': 0.23849057759852565, 'hidden_continuous_size': 62, 'attention_head_size': 3, 'learning_rate': 0.03180494944544986}. Best is trial 0 with value: 8.092656135559082.
[I 2023-12-26 15:11:06,979] Trial 9 finished with value: 26.925382614135742 and parameters: {'gradient_clip_val': 0.47364770751463137, 'hidden_size': 139, 'dropout': 0.23976239010040332, 'hidden_continuous_size': 83, 'attention_head_size': 3, 'learning_rate': 0.06111056414145818}. Best is trial 0 with value: 8.092656135559082.
[I 2023-12-26 15:11:08,807] Trial 10 finished with value: 53.78361892700195 and parameters: {'gradient_clip_val': 0.2793597105123102, 'hidden_size': 5, 'dropout': 0.33570012623490025, 'hidden_continuous_size': 5, 'attention_head_size': 4, 'learning_rate': 0.0005719894828128107}. Best is trial 0 with value: 8.092656135559082.
[I 2023-12-26 15:11:18,501] Trial 11 finished with value: 60.65959548950195 and parameters: {'gradient_clip_val': 0.35899657740332186, 'hidden_size': 128, 'dropout': 0.2856461818476568, 'hidden_continuous_size': 120, 'attention_head_size': 4, 'learning_rate': 0.030842746392537482}. Best is trial 0 with value: 8.092656135559082.
[I 2023-12-26 15:11:28,074] Trial 12 finished with value: 56.840518951416016 and parameters: {'gradient_clip_val': 0.39858952488906507, 'hidden_size': 142, 'dropout': 0.48613879459127435, 'hidden_continuous_size': 36, 'attention_head_size': 3, 'learning_rate': 0.09215824753967806}. Best is trial 0 with value: 8.092656135559082.
[I 2023-12-26 15:11:30,391] Trial 13 finished with value: 39.02309799194336 and parameters: {'gradient_clip_val': 0.446426263415445, 'hidden_size': 24, 'dropout': 0.2852277431766183, 'hidden_continuous_size': 7, 'attention_head_size': 4, 'learning_rate': 0.020734997485582093}. Best is trial 0 with value: 8.092656135559082.
[I 2023-12-26 15:11:32,392] Trial 14 finished with value: 48.61181640625 and parameters: {'gradient_clip_val': 0.29672573009292, 'hidden_size': 16, 'dropout': 0.222995273069638, 'hidden_continuous_size': 6, 'attention_head_size': 3, 'learning_rate': 0.0537599734473809}. Best is trial 0 with value: 8.092656135559082.
[I 2023-12-26 15:11:34,919] Trial 15 finished with value: 43.46427917480469 and parameters: {'gradient_clip_val': 0.2354071800167441, 'hidden_size': 32, 'dropout': 0.3235582952650398, 'hidden_continuous_size': 10, 'attention_head_size': 4, 'learning_rate': 0.01369873886113751}. Best is trial 0 with value: 8.092656135559082.
[I 2023-12-26 15:11:37,906] Trial 16 finished with value: 45.65774154663086 and parameters: {'gradient_clip_val': 0.5224985693473359, 'hidden_size': 29, 'dropout': 0.2653642408699222, 'hidden_continuous_size': 14, 'attention_head_size': 3, 'learning_rate': 0.04407201391291856}. Best is trial 0 with value: 8.092656135559082.
[I 2023-12-26 15:11:44,142] Trial 17 finished with value: 34.138309478759766 and parameters: {'gradient_clip_val': 0.3269508582918587, 'hidden_size': 92, 'dropout': 0.19084372550517828, 'hidden_continuous_size': 19, 'attention_head_size': 1, 'learning_rate': 0.019084088882278603}. Best is trial 0 with value: 8.092656135559082.
[I 2023-12-26 15:11:46,329] Trial 18 finished with value: 42.45012664794922 and parameters: {'gradient_clip_val': 0.4423058819255538, 'hidden_size': 18, 'dropout': 0.2630719842412242, 'hidden_continuous_size': 7, 'attention_head_size': 4, 'learning_rate': 0.00851119674810899}. Best is trial 0 with value: 8.092656135559082.
[I 2023-12-26 15:11:52,403] Trial 19 finished with value: 42.38178634643555 and parameters: {'gradient_clip_val': 0.6735624462900492, 'hidden_size': 89, 'dropout': 0.3246621382990374, 'hidden_continuous_size': 31, 'attention_head_size': 3, 'learning_rate': 0.05451540834896579}. Best is trial 0 with value: 8.092656135559082.
[I 2023-12-26 15:11:55,284] Trial 20 finished with value: 42.82438278198242 and parameters: {'gradient_clip_val': 0.3608510729037888, 'hidden_size': 39, 'dropout': 0.19186351365389942, 'hidden_continuous_size': 11, 'attention_head_size': 4, 'learning_rate': 0.09926144648748501}. Best is trial 0 with value: 8.092656135559082.
[I 2023-12-26 15:11:57,687] Trial 21 finished with value: 49.13055419921875 and parameters: {'gradient_clip_val': 0.10107117124039074, 'hidden_size': 25, 'dropout': 0.1481140333117164, 'hidden_continuous_size': 9, 'attention_head_size': 2, 'learning_rate': 0.005517027995891025}. Best is trial 0 with value: 8.092656135559082.
[I 2023-12-26 15:11:59,844] Trial 22 finished with value: 49.576690673828125 and parameters: {'gradient_clip_val': 0.1623975375579302, 'hidden_size': 18, 'dropout': 0.10143685788416701, 'hidden_continuous_size': 8, 'attention_head_size': 2, 'learning_rate': 0.006007090267809184}. Best is trial 0 with value: 8.092656135559082.
[I 2023-12-26 15:12:01,841] Trial 23 finished with value: 43.335479736328125 and parameters: {'gradient_clip_val': 0.13052381627227544, 'hidden_size': 10, 'dropout': 0.15475458284057025, 'hidden_continuous_size': 6, 'attention_head_size': 1, 'learning_rate': 0.02507640774221496}. Best is trial 0 with value: 8.092656135559082.
[I 2023-12-26 15:12:05,476] Trial 24 finished with value: 38.440067291259766 and parameters: {'gradient_clip_val': 0.2598814672853679, 'hidden_size': 53, 'dropout': 0.22014945259669721, 'hidden_continuous_size': 18, 'attention_head_size': 2, 'learning_rate': 0.05077775275085777}. Best is trial 0 with value: 8.092656135559082.
[I 2023-12-26 15:12:07,773] Trial 25 finished with value: 44.5491943359375 and parameters: {'gradient_clip_val': 0.15775796895850294, 'hidden_size': 21, 'dropout': 0.1779536946590575, 'hidden_continuous_size': 8, 'attention_head_size': 3, 'learning_rate': 0.015865867151371615}. Best is trial 0 with value: 8.092656135559082.
[I 2023-12-26 15:12:10,573] Trial 26 finished with value: 44.62318801879883 and parameters: {'gradient_clip_val': 0.20971772259852106, 'hidden_size': 34, 'dropout': 0.12827308875977875, 'hidden_continuous_size': 15, 'attention_head_size': 2, 'learning_rate': 0.03423000642288654}. Best is trial 0 with value: 8.092656135559082.
[I 2023-12-26 15:12:12,703] Trial 27 finished with value: 44.98311233520508 and parameters: {'gradient_clip_val': 0.2992402300315542, 'hidden_size': 13, 'dropout': 0.1442762736945953, 'hidden_continuous_size': 6, 'attention_head_size': 3, 'learning_rate': 0.01292910902318986}. Best is trial 0 with value: 8.092656135559082.
[I 2023-12-26 15:12:15,369] Trial 28 finished with value: 40.72136306762695 and parameters: {'gradient_clip_val': 0.2015888525924662, 'hidden_size': 26, 'dropout': 0.17863358671310292, 'hidden_continuous_size': 11, 'attention_head_size': 1, 'learning_rate': 0.003674130603673102}. Best is trial 0 with value: 8.092656135559082.
[I 2023-12-26 15:12:18,387] Trial 29 finished with value: 49.50898361206055 and parameters: {'gradient_clip_val': 0.2308039883599908, 'hidden_size': 41, 'dropout': 0.11076776711465916, 'hidden_continuous_size': 16, 'attention_head_size': 4, 'learning_rate': 0.008596812244114257}. Best is trial 0 with value: 8.092656135559082.
[I 2023-12-26 15:12:26,255] Trial 30 finished with value: 42.558937072753906 and parameters: {'gradient_clip_val': 0.2557822091206885, 'hidden_size': 115, 'dropout': 0.2529092580198835, 'hidden_continuous_size': 21, 'attention_head_size': 3, 'learning_rate': 0.01719672272727962}. Best is trial 0 with value: 8.092656135559082.
[I 2023-12-26 15:12:33,598] Trial 31 finished with value: 37.04507064819336 and parameters: {'gradient_clip_val': 0.3347826669947432, 'hidden_size': 107, 'dropout': 0.19882153946481804, 'hidden_continuous_size': 23, 'attention_head_size': 1, 'learning_rate': 0.022220000775420554}. Best is trial 0 with value: 8.092656135559082.
[I 2023-12-26 15:12:40,000] Trial 32 finished with value: 27.360692977905273 and parameters: {'gradient_clip_val': 0.32254546033235865, 'hidden_size': 92, 'dropout': 0.21011831941429615, 'hidden_continuous_size': 24, 'attention_head_size': 1, 'learning_rate': 0.01869532477192193}. Best is trial 0 with value: 8.092656135559082.
[I 2023-12-26 15:12:49,564] Trial 33 finished with value: 33.148948669433594 and parameters: {'gradient_clip_val': 0.26075094850160246, 'hidden_size': 142, 'dropout': 0.22236840646263123, 'hidden_continuous_size': 29, 'attention_head_size': 1, 'learning_rate': 0.06838906640935467}. Best is trial 0 with value: 8.092656135559082.
[I 2023-12-26 15:12:54,725] Trial 34 finished with value: 47.91341018676758 and parameters: {'gradient_clip_val': 0.18686035592763053, 'hidden_size': 75, 'dropout': 0.17077911876633964, 'hidden_continuous_size': 14, 'attention_head_size': 2, 'learning_rate': 0.03944722936159407}. Best is trial 0 with value: 8.092656135559082.
[I 2023-12-26 15:13:02,265] Trial 35 finished with value: 32.36881637573242 and parameters: {'gradient_clip_val': 0.8251100049240639, 'hidden_size': 112, 'dropout': 0.13218372480785728, 'hidden_continuous_size': 46, 'attention_head_size': 1, 'learning_rate': 0.06997026160351497}. Best is trial 0 with value: 8.092656135559082.
[I 2023-12-26 15:13:12,127] Trial 36 finished with value: 28.073747634887695 and parameters: {'gradient_clip_val': 0.40126094163212694, 'hidden_size': 149, 'dropout': 0.1658282775368956, 'hidden_continuous_size': 23, 'attention_head_size': 2, 'learning_rate': 0.026059628690030725}. Best is trial 0 with value: 8.092656135559082.
[I 2023-12-26 15:13:21,871] Trial 37 finished with value: 36.57890701293945 and parameters: {'gradient_clip_val': 0.41242822316929223, 'hidden_size': 145, 'dropout': 0.2054475371329286, 'hidden_continuous_size': 24, 'attention_head_size': 1, 'learning_rate': 0.02362099662169729}. Best is trial 0 with value: 8.092656135559082.
[I 2023-12-26 15:13:27,194] Trial 38 finished with value: 47.575408935546875 and parameters: {'gradient_clip_val': 0.4710168250371082, 'hidden_size': 78, 'dropout': 0.24496228886614516, 'hidden_continuous_size': 12, 'attention_head_size': 2, 'learning_rate': 0.02671900160930539}. Best is trial 0 with value: 8.092656135559082.
[I 2023-12-26 15:13:34,111] Trial 39 finished with value: 39.57640838623047 and parameters: {'gradient_clip_val': 0.3769450352937513, 'hidden_size': 104, 'dropout': 0.2218133541664257, 'hidden_continuous_size': 17, 'attention_head_size': 2, 'learning_rate': 0.041086600344013686}. Best is trial 0 with value: 8.092656135559082.
[I 2023-12-26 15:13:44,391] Trial 40 finished with value: 35.89717102050781 and parameters: {'gradient_clip_val': 0.5070894423421807, 'hidden_size': 150, 'dropout': 0.1639745941743486, 'hidden_continuous_size': 28, 'attention_head_size': 3, 'learning_rate': 0.030713841035132788}. Best is trial 0 with value: 8.092656135559082.
[I 2023-12-26 15:13:52,809] Trial 41 finished with value: 42.65451431274414 and parameters: {'gradient_clip_val': 0.34495027171748555, 'hidden_size': 124, 'dropout': 0.17086496029118425, 'hidden_continuous_size': 20, 'attention_head_size': 2, 'learning_rate': 0.003778254399671853}. Best is trial 0 with value: 8.092656135559082.
[I 2023-12-26 15:13:57,186] Trial 42 finished with value: 42.443241119384766 and parameters: {'gradient_clip_val': 0.39160891703512263, 'hidden_size': 62, 'dropout': 0.2100111852023902, 'hidden_continuous_size': 13, 'attention_head_size': 2, 'learning_rate': 0.013170049347669074}. Best is trial 0 with value: 8.092656135559082.
