[I 2023-12-26 15:46:14,525] Trial 43 finished with value: 602.8438110351562 and parameters: {'gradient_clip_val': 0.5672370163376479, 'hidden_size': 125, 'dropout': 0.17534489062744718, 'hidden_continuous_size': 10, 'attention_head_size': 2, 'learning_rate': 0.0017037657915638204}. Best is trial 0 with value: 116.82955169677734.
[I 2023-12-26 15:46:21,725] Trial 44 finished with value: 900.7619018554688 and parameters: {'gradient_clip_val': 0.5352135410056413, 'hidden_size': 117, 'dropout': 0.15084525169155066, 'hidden_continuous_size': 10, 'attention_head_size': 2, 'learning_rate': 0.0015498265211866546}. Best is trial 0 with value: 116.82955169677734.
[I 2023-12-26 15:46:27,412] Trial 45 finished with value: 866.9915161132812 and parameters: {'gradient_clip_val': 0.5842704073623037, 'hidden_size': 77, 'dropout': 0.1747809445938015, 'hidden_continuous_size': 9, 'attention_head_size': 2, 'learning_rate': 0.0017298187086812486}. Best is trial 0 with value: 116.82955169677734.
[I 2023-12-26 15:46:32,669] Trial 46 finished with value: 1004.9775390625 and parameters: {'gradient_clip_val': 0.9888559183255085, 'hidden_size': 92, 'dropout': 0.12322808205575358, 'hidden_continuous_size': 15, 'attention_head_size': 2, 'learning_rate': 0.002893548534322909}. Best is trial 0 with value: 116.82955169677734.
[I 2023-12-26 15:46:35,737] Trial 47 finished with value: 587.23779296875 and parameters: {'gradient_clip_val': 0.2124559076888774, 'hidden_size': 51, 'dropout': 0.1444057889342808, 'hidden_continuous_size': 18, 'attention_head_size': 1, 'learning_rate': 0.0020684651814565657}. Best is trial 0 with value: 116.82955169677734.
[I 2023-12-26 15:46:38,768] Trial 48 finished with value: 1052.4312744140625 and parameters: {'gradient_clip_val': 0.20598587297457993, 'hidden_size': 52, 'dropout': 0.18417798603838814, 'hidden_continuous_size': 18, 'attention_head_size': 2, 'learning_rate': 0.002116697076797392}. Best is trial 0 with value: 116.82955169677734.
[I 2023-12-26 15:46:41,011] Trial 49 finished with value: 927.5244140625 and parameters: {'gradient_clip_val': 0.25650564250004115, 'hidden_size': 24, 'dropout': 0.14297586204218365, 'hidden_continuous_size': 13, 'attention_head_size': 2, 'learning_rate': 0.0017866545649870696}. Best is trial 0 with value: 116.82955169677734.
[I 2023-12-26 15:46:41,135] A new study created in memory with name: no-name-d4ed8b7a-3e58-4912-96a6-eb741b6c44fd
/home/le004/conda/anaconda3/envs/tsff_env/lib/python3.9/site-packages/lightning/fabric/plugins/environments/slurm.py:191: The `srun` command is available on your system but is not used. HINT: If your intention is to run Lightning on SLURM, prepend your python command with `srun` like so: srun python /home/le004/master_thesis/git/TSFusionForecast/code/ ...
[I 2023-12-26 15:51:50,448] Trial 0 finished with value: 330.6263122558594 and parameters: {'gradient_clip_val': 0.949359661962368, 'hidden_size': 57, 'dropout': 0.4264312218410279, 'hidden_continuous_size': 30, 'attention_head_size': 2, 'learning_rate': 0.014420005021908546}. Best is trial 0 with value: 330.6263122558594.
[I 2023-12-26 15:51:58,849] Trial 1 finished with value: 958.7172241210938 and parameters: {'gradient_clip_val': 0.36676403840960836, 'hidden_size': 117, 'dropout': 0.45423131216761536, 'hidden_continuous_size': 27, 'attention_head_size': 1, 'learning_rate': 0.004803347842770423}. Best is trial 0 with value: 330.6263122558594.
[I 2023-12-26 15:52:01,255] Trial 2 finished with value: 1044.7210693359375 and parameters: {'gradient_clip_val': 0.2156824271795161, 'hidden_size': 21, 'dropout': 0.4394424210935831, 'hidden_continuous_size': 9, 'attention_head_size': 1, 'learning_rate': 0.03218913613004629}. Best is trial 0 with value: 330.6263122558594.
[I 2023-12-26 15:52:03,287] Trial 3 finished with value: 1080.4281005859375 and parameters: {'gradient_clip_val': 0.36460535719267134, 'hidden_size': 5, 'dropout': 0.40562074982798724, 'hidden_continuous_size': 5, 'attention_head_size': 3, 'learning_rate': 0.08746850932060941}. Best is trial 0 with value: 330.6263122558594.
[I 2023-12-26 15:52:06,689] Trial 4 finished with value: 947.9346313476562 and parameters: {'gradient_clip_val': 0.24980659165241811, 'hidden_size': 36, 'dropout': 0.48200152543492625, 'hidden_continuous_size': 6, 'attention_head_size': 4, 'learning_rate': 0.012982108654173386}. Best is trial 0 with value: 330.6263122558594.
[I 2023-12-26 15:52:08,850] Trial 5 finished with value: 1046.229248046875 and parameters: {'gradient_clip_val': 0.44667278280136696, 'hidden_size': 13, 'dropout': 0.19236543678259072, 'hidden_continuous_size': 8, 'attention_head_size': 3, 'learning_rate': 0.029075193174216276}. Best is trial 0 with value: 330.6263122558594.
[I 2023-12-26 15:52:14,872] Trial 6 finished with value: 1103.2777099609375 and parameters: {'gradient_clip_val': 0.6628824022023491, 'hidden_size': 74, 'dropout': 0.27228700263923444, 'hidden_continuous_size': 29, 'attention_head_size': 3, 'learning_rate': 0.05950530118142072}. Best is trial 0 with value: 330.6263122558594.
[I 2023-12-26 15:52:21,111] Trial 7 finished with value: 1093.7734375 and parameters: {'gradient_clip_val': 0.382775248451348, 'hidden_size': 80, 'dropout': 0.10292868942120129, 'hidden_continuous_size': 29, 'attention_head_size': 3, 'learning_rate': 0.009202324040879941}. Best is trial 0 with value: 330.6263122558594.
[I 2023-12-26 15:52:23,884] Trial 8 finished with value: 762.994140625 and parameters: {'gradient_clip_val': 0.48117450354350877, 'hidden_size': 37, 'dropout': 0.24167011140480918, 'hidden_continuous_size': 15, 'attention_head_size': 1, 'learning_rate': 0.0615491796545963}. Best is trial 0 with value: 330.6263122558594.
[I 2023-12-26 15:52:25,739] Trial 9 finished with value: 917.54443359375 and parameters: {'gradient_clip_val': 0.10261412301388578, 'hidden_size': 8, 'dropout': 0.4348306814487978, 'hidden_continuous_size': 5, 'attention_head_size': 1, 'learning_rate': 0.0035442030097603276}. Best is trial 0 with value: 330.6263122558594.
[I 2023-12-26 15:52:37,028] Trial 10 finished with value: 843.9630737304688 and parameters: {'gradient_clip_val': 0.8561178009239513, 'hidden_size': 150, 'dropout': 0.36283896594977977, 'hidden_continuous_size': 75, 'attention_head_size': 2, 'learning_rate': 0.0009034073594429984}. Best is trial 0 with value: 330.6263122558594.
[I 2023-12-26 15:52:39,848] Trial 11 finished with value: 1212.1068115234375 and parameters: {'gradient_clip_val': 0.983246523468538, 'hidden_size': 42, 'dropout': 0.31214223433693444, 'hidden_continuous_size': 15, 'attention_head_size': 2, 'learning_rate': 0.09483414257466223}. Best is trial 0 with value: 330.6263122558594.
[I 2023-12-26 15:52:42,946] Trial 12 finished with value: 739.5735473632812 and parameters: {'gradient_clip_val': 0.6208212479881355, 'hidden_size': 47, 'dropout': 0.2858726196003279, 'hidden_continuous_size': 15, 'attention_head_size': 2, 'learning_rate': 0.020841283565660482}. Best is trial 0 with value: 330.6263122558594.
[I 2023-12-26 15:52:47,633] Trial 13 finished with value: 824.0302734375 and parameters: {'gradient_clip_val': 0.6681224850932439, 'hidden_size': 60, 'dropout': 0.3616497846238493, 'hidden_continuous_size': 20, 'attention_head_size': 2, 'learning_rate': 0.015845091276913106}. Best is trial 0 with value: 330.6263122558594.
[I 2023-12-26 15:52:49,961] Trial 14 finished with value: 877.717529296875 and parameters: {'gradient_clip_val': 0.9958197907890112, 'hidden_size': 22, 'dropout': 0.4949542840293151, 'hidden_continuous_size': 11, 'attention_head_size': 2, 'learning_rate': 0.026032559142450985}. Best is trial 0 with value: 330.6263122558594.
[I 2023-12-26 15:52:53,305] Trial 15 finished with value: 971.2792358398438 and parameters: {'gradient_clip_val': 0.6932142901524121, 'hidden_size': 53, 'dropout': 0.3361740237656151, 'hidden_continuous_size': 20, 'attention_head_size': 4, 'learning_rate': 0.006761775757642269}. Best is trial 0 with value: 330.6263122558594.
[I 2023-12-26 15:52:59,195] Trial 16 finished with value: 1030.47509765625 and parameters: {'gradient_clip_val': 0.5413365801462092, 'hidden_size': 93, 'dropout': 0.3961407380800256, 'hidden_continuous_size': 46, 'attention_head_size': 2, 'learning_rate': 0.015526701924494795}. Best is trial 0 with value: 330.6263122558594.
[I 2023-12-26 15:53:01,705] Trial 17 finished with value: 789.7394409179688 and parameters: {'gradient_clip_val': 0.7556509230850902, 'hidden_size': 27, 'dropout': 0.2928117211349835, 'hidden_continuous_size': 13, 'attention_head_size': 2, 'learning_rate': 0.0026108941597025696}. Best is trial 0 with value: 330.6263122558594.
[I 2023-12-26 15:53:05,846] Trial 18 finished with value: 1029.8599853515625 and parameters: {'gradient_clip_val': 0.5721123536942037, 'hidden_size': 63, 'dropout': 0.3705451964142801, 'hidden_continuous_size': 19, 'attention_head_size': 3, 'learning_rate': 0.006354388218110656}. Best is trial 0 with value: 330.6263122558594.
[I 2023-12-26 15:53:08,728] Trial 19 finished with value: 891.6398315429688 and parameters: {'gradient_clip_val': 0.8216727272032179, 'hidden_size': 48, 'dropout': 0.3130265839673517, 'hidden_continuous_size': 11, 'attention_head_size': 1, 'learning_rate': 0.010531632014350624}. Best is trial 0 with value: 330.6263122558594.
[I 2023-12-26 15:53:14,386] Trial 20 finished with value: 956.3206176757812 and parameters: {'gradient_clip_val': 0.5584978073501845, 'hidden_size': 92, 'dropout': 0.25575399831326506, 'hidden_continuous_size': 40, 'attention_head_size': 2, 'learning_rate': 0.021287456223699285}. Best is trial 0 with value: 330.6263122558594.
[I 2023-12-26 15:53:16,936] Trial 21 finished with value: 913.0354614257812 and parameters: {'gradient_clip_val': 0.5036533163289691, 'hidden_size': 34, 'dropout': 0.22343266294951042, 'hidden_continuous_size': 15, 'attention_head_size': 1, 'learning_rate': 0.046329183337595274}. Best is trial 0 with value: 330.6263122558594.
[I 2023-12-26 15:53:20,069] Trial 22 finished with value: 801.05126953125 and parameters: {'gradient_clip_val': 0.8362924790977797, 'hidden_size': 45, 'dropout': 0.2611227732987611, 'hidden_continuous_size': 17, 'attention_head_size': 1, 'learning_rate': 0.04558542851560724}. Best is trial 0 with value: 330.6263122558594.
[I 2023-12-26 15:53:22,710] Trial 23 finished with value: 682.4472045898438 and parameters: {'gradient_clip_val': 0.638881793978531, 'hidden_size': 30, 'dropout': 0.33550692953932953, 'hidden_continuous_size': 13, 'attention_head_size': 2, 'learning_rate': 0.018975158272856407}. Best is trial 0 with value: 330.6263122558594.
[I 2023-12-26 15:53:25,143] Trial 24 finished with value: 1026.5830078125 and parameters: {'gradient_clip_val': 0.653705438426545, 'hidden_size': 27, 'dropout': 0.3244740148861845, 'hidden_continuous_size': 12, 'attention_head_size': 2, 'learning_rate': 0.018120341307952738}. Best is trial 0 with value: 330.6263122558594.
[I 2023-12-26 15:53:30,393] Trial 25 finished with value: 916.5923461914062 and parameters: {'gradient_clip_val': 0.9741705629032356, 'hidden_size': 65, 'dropout': 0.39171155704417593, 'hidden_continuous_size': 9, 'attention_head_size': 2, 'learning_rate': 0.012080381501335297}. Best is trial 0 with value: 330.6263122558594.
[I 2023-12-26 15:53:34,635] Trial 26 finished with value: 890.8671264648438 and parameters: {'gradient_clip_val': 0.7714436756524464, 'hidden_size': 54, 'dropout': 0.33663156061588695, 'hidden_continuous_size': 22, 'attention_head_size': 3, 'learning_rate': 0.020969213309657956}. Best is trial 0 with value: 330.6263122558594.
[I 2023-12-26 15:53:36,985] Trial 27 finished with value: 875.7578125 and parameters: {'gradient_clip_val': 0.6066149496506617, 'hidden_size': 18, 'dropout': 0.2973980843686944, 'hidden_continuous_size': 8, 'attention_head_size': 2, 'learning_rate': 0.035377524019780116}. Best is trial 0 with value: 330.6263122558594.
[I 2023-12-26 15:53:39,838] Trial 28 finished with value: 668.2223510742188 and parameters: {'gradient_clip_val': 0.7391511206784017, 'hidden_size': 29, 'dropout': 0.4246076226987933, 'hidden_continuous_size': 13, 'attention_head_size': 2, 'learning_rate': 0.010677630331722953}. Best is trial 0 with value: 330.6263122558594.
[I 2023-12-26 15:53:42,770] Trial 29 finished with value: 940.20166015625 and parameters: {'gradient_clip_val': 0.7521368263410034, 'hidden_size': 30, 'dropout': 0.4657348129014012, 'hidden_continuous_size': 12, 'attention_head_size': 3, 'learning_rate': 0.008888438998482054}. Best is trial 0 with value: 330.6263122558594.
[I 2023-12-26 15:53:45,530] Trial 30 finished with value: 980.4885864257812 and parameters: {'gradient_clip_val': 0.8862855527480377, 'hidden_size': 32, 'dropout': 0.43117764005917486, 'hidden_continuous_size': 10, 'attention_head_size': 1, 'learning_rate': 0.0048950430550806215}. Best is trial 0 with value: 330.6263122558594.
[I 2023-12-26 15:53:48,848] Trial 31 finished with value: 848.17529296875 and parameters: {'gradient_clip_val': 0.6219613528804521, 'hidden_size': 38, 'dropout': 0.41538506374880296, 'hidden_continuous_size': 14, 'attention_head_size': 2, 'learning_rate': 0.021601323779358344}. Best is trial 0 with value: 330.6263122558594.
[I 2023-12-26 15:53:52,490] Trial 32 finished with value: 897.871826171875 and parameters: {'gradient_clip_val': 0.7313646446770498, 'hidden_size': 45, 'dropout': 0.4574631961194964, 'hidden_continuous_size': 17, 'attention_head_size': 2, 'learning_rate': 0.012932664480674849}. Best is trial 0 with value: 330.6263122558594.
[I 2023-12-26 15:53:55,045] Trial 33 finished with value: 1166.4808349609375 and parameters: {'gradient_clip_val': 0.45004468821416177, 'hidden_size': 22, 'dropout': 0.4231034657403808, 'hidden_continuous_size': 13, 'attention_head_size': 2, 'learning_rate': 0.030234185212424956}. Best is trial 0 with value: 330.6263122558594.
[I 2023-12-26 15:53:58,538] Trial 34 finished with value: 1054.5194091796875 and parameters: {'gradient_clip_val': 0.8819050459786768, 'hidden_size': 44, 'dropout': 0.4476425847874444, 'hidden_continuous_size': 24, 'attention_head_size': 2, 'learning_rate': 0.015957439363898547}. Best is trial 0 with value: 330.6263122558594.
[I 2023-12-26 15:54:00,861] Trial 35 finished with value: 946.7976684570312 and parameters: {'gradient_clip_val': 0.5916677010273603, 'hidden_size': 17, 'dropout': 0.3961590133180561, 'hidden_continuous_size': 10, 'attention_head_size': 2, 'learning_rate': 0.008763040775224589}. Best is trial 0 with value: 330.6263122558594.
[I 2023-12-26 15:54:03,938] Trial 36 finished with value: 896.8864135742188 and parameters: {'gradient_clip_val': 0.4981211873037732, 'hidden_size': 32, 'dropout': 0.4790954492217514, 'hidden_continuous_size': 16, 'attention_head_size': 3, 'learning_rate': 0.012437612533522257}. Best is trial 0 with value: 330.6263122558594.
[I 2023-12-26 15:54:06,612] Trial 37 finished with value: 656.0795288085938 and parameters: {'gradient_clip_val': 0.3819846458190648, 'hidden_size': 26, 'dropout': 0.4459877924586739, 'hidden_continuous_size': 13, 'attention_head_size': 1, 'learning_rate': 0.02164234605155499}. Best is trial 0 with value: 330.6263122558594.
[I 2023-12-26 15:54:09,291] Trial 38 finished with value: 847.0673828125 and parameters: {'gradient_clip_val': 0.3976480320935031, 'hidden_size': 26, 'dropout': 0.44941438884283097, 'hidden_continuous_size': 7, 'attention_head_size': 1, 'learning_rate': 0.02808212463859491}. Best is trial 0 with value: 330.6263122558594.
[I 2023-12-26 15:54:11,639] Trial 39 finished with value: 1030.7510986328125 and parameters: {'gradient_clip_val': 0.3306318049945875, 'hidden_size': 15, 'dropout': 0.41548170834918385, 'hidden_continuous_size': 7, 'attention_head_size': 1, 'learning_rate': 0.037854869643766394}. Best is trial 0 with value: 330.6263122558594.
[I 2023-12-26 15:54:13,890] Trial 40 finished with value: 1068.2081298828125 and parameters: {'gradient_clip_val': 0.41942142058167864, 'hidden_size': 13, 'dropout': 0.47597182643692443, 'hidden_continuous_size': 6, 'attention_head_size': 1, 'learning_rate': 0.025299787329166303}. Best is trial 0 with value: 330.6263122558594.
[I 2023-12-26 15:54:17,071] Trial 41 finished with value: 1013.3494262695312 and parameters: {'gradient_clip_val': 0.7107029192984264, 'hidden_size': 35, 'dropout': 0.45460778829715837, 'hidden_continuous_size': 14, 'attention_head_size': 4, 'learning_rate': 0.018955289185578313}. Best is trial 0 with value: 330.6263122558594.
[I 2023-12-26 15:54:20,360] Trial 42 finished with value: 629.43359375 and parameters: {'gradient_clip_val': 0.35602680891193883, 'hidden_size': 39, 'dropout': 0.43254022789250846, 'hidden_continuous_size': 13, 'attention_head_size': 3, 'learning_rate': 0.014697770334767062}. Best is trial 0 with value: 330.6263122558594.
[I 2023-12-26 15:54:23,734] Trial 43 finished with value: 810.139892578125 and parameters: {'gradient_clip_val': 0.3457074542325255, 'hidden_size': 39, 'dropout': 0.49822173470850356, 'hidden_continuous_size': 12, 'attention_head_size': 3, 'learning_rate': 0.014793898165644616}. Best is trial 0 with value: 330.6263122558594.
[I 2023-12-26 15:54:26,266] Trial 44 finished with value: 655.4884033203125 and parameters: {'gradient_clip_val': 0.2985499973710986, 'hidden_size': 24, 'dropout': 0.4338316574277552, 'hidden_continuous_size': 13, 'attention_head_size': 3, 'learning_rate': 0.010350419826296402}. Best is trial 0 with value: 330.6263122558594.
[I 2023-12-26 15:54:28,691] Trial 45 finished with value: 927.5429077148438 and parameters: {'gradient_clip_val': 0.2722901228972462, 'hidden_size': 19, 'dropout': 0.43706648489573424, 'hidden_continuous_size': 11, 'attention_head_size': 3, 'learning_rate': 0.010261793194954306}. Best is trial 0 with value: 330.6263122558594.
[I 2023-12-26 15:54:31,238] Trial 46 finished with value: 799.2238159179688 and parameters: {'gradient_clip_val': 0.26784124510072765, 'hidden_size': 24, 'dropout': 0.432018059214649, 'hidden_continuous_size': 10, 'attention_head_size': 3, 'learning_rate': 0.007387193800721443}. Best is trial 0 with value: 330.6263122558594.
[I 2023-12-26 15:54:33,854] Trial 47 finished with value: 606.7539672851562 and parameters: {'gradient_clip_val': 0.3617010849745615, 'hidden_size': 23, 'dropout': 0.4651595306324883, 'hidden_continuous_size': 9, 'attention_head_size': 3, 'learning_rate': 0.01178633639049404}. Best is trial 0 with value: 330.6263122558594.
[I 2023-12-26 15:54:36,652] Trial 48 finished with value: 904.7096557617188 and parameters: {'gradient_clip_val': 0.36323394899628675, 'hidden_size': 24, 'dropout': 0.46929558963434714, 'hidden_continuous_size': 9, 'attention_head_size': 4, 'learning_rate': 0.01563770150202466}. Best is trial 0 with value: 330.6263122558594.
[I 2023-12-26 15:54:39,145] Trial 49 finished with value: 835.7286987304688 and parameters: {'gradient_clip_val': 0.30257593469687677, 'hidden_size': 20, 'dropout': 0.495024890384219, 'hidden_continuous_size': 9, 'attention_head_size': 3, 'learning_rate': 0.0077928973175237694}. Best is trial 0 with value: 330.6263122558594.
[I 2023-12-26 15:54:39,287] A new study created in memory with name: no-name-20918954-1e92-4ed7-b94e-7ac028dd3110
/home/le004/conda/anaconda3/envs/tsff_env/lib/python3.9/site-packages/lightning/fabric/plugins/environments/slurm.py:191: The `srun` command is available on your system but is not used. HINT: If your intention is to run Lightning on SLURM, prepend your python command with `srun` like so: srun python /home/le004/master_thesis/git/TSFusionForecast/code/ ...
[I 2023-12-26 15:59:28,442] Trial 0 finished with value: 365.514404296875 and parameters: {'gradient_clip_val': 0.4306670404342985, 'hidden_size': 7, 'dropout': 0.19574233360440885, 'hidden_continuous_size': 5, 'attention_head_size': 3, 'learning_rate': 0.001046537398775304}. Best is trial 0 with value: 365.514404296875.
[I 2023-12-26 15:59:47,938] Trial 1 finished with value: 925.22802734375 and parameters: {'gradient_clip_val': 0.9181216100203949, 'hidden_size': 5, 'dropout': 0.13795418872775175, 'hidden_continuous_size': 5, 'attention_head_size': 4, 'learning_rate': 0.0010313865997825572}. Best is trial 0 with value: 365.514404296875.
[I 2023-12-26 15:59:50,837] Trial 2 finished with value: 1403.9127197265625 and parameters: {'gradient_clip_val': 0.6680867021853354, 'hidden_size': 31, 'dropout': 0.32732659134542796, 'hidden_continuous_size': 10, 'attention_head_size': 2, 'learning_rate': 0.028873424660258117}. Best is trial 0 with value: 365.514404296875.
[I 2023-12-26 15:59:57,182] Trial 3 finished with value: 1129.00244140625 and parameters: {'gradient_clip_val': 0.1542141077649868, 'hidden_size': 83, 'dropout': 0.10674738532836013, 'hidden_continuous_size': 14, 'attention_head_size': 3, 'learning_rate': 0.016576947627445122}. Best is trial 0 with value: 365.514404296875.
[I 2023-12-26 16:00:02,474] Trial 4 finished with value: 1277.5260009765625 and parameters: {'gradient_clip_val': 0.24325765676744915, 'hidden_size': 58, 'dropout': 0.24943594557657411, 'hidden_continuous_size': 57, 'attention_head_size': 2, 'learning_rate': 0.005308112980177172}. Best is trial 0 with value: 365.514404296875.
[I 2023-12-26 16:00:10,329] Trial 5 finished with value: 1357.6649169921875 and parameters: {'gradient_clip_val': 0.7307467064438405, 'hidden_size': 101, 'dropout': 0.4015529659423891, 'hidden_continuous_size': 22, 'attention_head_size': 4, 'learning_rate': 0.005126406422724951}. Best is trial 0 with value: 365.514404296875.
[I 2023-12-26 16:00:12,182] Trial 6 finished with value: 1373.35107421875 and parameters: {'gradient_clip_val': 0.7024269935604901, 'hidden_size': 8, 'dropout': 0.33769020843126546, 'hidden_continuous_size': 8, 'attention_head_size': 1, 'learning_rate': 0.04938830350095527}. Best is trial 0 with value: 365.514404296875.
