[I 2023-12-15 12:18:33,811] Trial 14 finished with value: 1.892442226409912 and parameters: {'gradient_clip_val': 0.946414774138024, 'hidden_size': 20, 'dropout': 0.1751454763786242, 'hidden_continuous_size': 9, 'attention_head_size': 1, 'learning_rate': 0.010306957486463658}. Best is trial 3 with value: 0.7103739380836487.
LOCAL_RANK: 0 - CUDA_VISIBLE_DEVICES: [0]
[I 2023-12-15 12:19:24,327] Trial 15 finished with value: 0.4257383644580841 and parameters: {'gradient_clip_val': 0.5262851316530417, 'hidden_size': 34, 'dropout': 0.155459228343291, 'hidden_continuous_size': 10, 'attention_head_size': 2, 'learning_rate': 0.03425608588078973}. Best is trial 15 with value: 0.4257383644580841.
LOCAL_RANK: 0 - CUDA_VISIBLE_DEVICES: [0]
[I 2023-12-15 12:20:15,453] Trial 16 finished with value: 3.704705238342285 and parameters: {'gradient_clip_val': 0.4369861979586797, 'hidden_size': 35, 'dropout': 0.1515294143167515, 'hidden_continuous_size': 12, 'attention_head_size': 2, 'learning_rate': 0.038129436885655885}. Best is trial 15 with value: 0.4257383644580841.
LOCAL_RANK: 0 - CUDA_VISIBLE_DEVICES: [0]
[I 2023-12-15 12:21:09,186] Trial 17 finished with value: 4.4522786140441895 and parameters: {'gradient_clip_val': 0.23276106229482788, 'hidden_size': 37, 'dropout': 0.21912776366793493, 'hidden_continuous_size': 32, 'attention_head_size': 3, 'learning_rate': 0.02960973632120491}. Best is trial 15 with value: 0.4257383644580841.
LOCAL_RANK: 0 - CUDA_VISIBLE_DEVICES: [0]
[I 2023-12-15 12:22:04,599] Trial 18 finished with value: 1.0693049430847168 and parameters: {'gradient_clip_val': 0.3401519253749841, 'hidden_size': 59, 'dropout': 0.14286107814616572, 'hidden_continuous_size': 54, 'attention_head_size': 2, 'learning_rate': 0.03595742607310465}. Best is trial 15 with value: 0.4257383644580841.
LOCAL_RANK: 0 - CUDA_VISIBLE_DEVICES: [0]
[I 2023-12-15 12:22:57,747] Trial 19 finished with value: 1.892783522605896 and parameters: {'gradient_clip_val': 0.5899725527363595, 'hidden_size': 51, 'dropout': 0.1107265839181776, 'hidden_continuous_size': 12, 'attention_head_size': 1, 'learning_rate': 0.09482621165568957}. Best is trial 15 with value: 0.4257383644580841.
LOCAL_RANK: 0 - CUDA_VISIBLE_DEVICES: [0]
[I 2023-12-15 12:23:52,980] Trial 20 finished with value: 7.260018825531006 and parameters: {'gradient_clip_val': 0.41592571392506406, 'hidden_size': 86, 'dropout': 0.25415089765605914, 'hidden_continuous_size': 22, 'attention_head_size': 2, 'learning_rate': 0.04275307662349182}. Best is trial 15 with value: 0.4257383644580841.
LOCAL_RANK: 0 - CUDA_VISIBLE_DEVICES: [0]
[I 2023-12-15 12:24:47,851] Trial 21 finished with value: 3.790417432785034 and parameters: {'gradient_clip_val': 0.3313392613773917, 'hidden_size': 50, 'dropout': 0.13204059490930625, 'hidden_continuous_size': 48, 'attention_head_size': 2, 'learning_rate': 0.0382972918896663}. Best is trial 15 with value: 0.4257383644580841.
LOCAL_RANK: 0 - CUDA_VISIBLE_DEVICES: [0]
[I 2023-12-15 12:25:24,853] Trial 22 finished with value: 0.6483312249183655 and parameters: {'gradient_clip_val': 0.30669485782935235, 'hidden_size': 50, 'dropout': 0.14442720956411131, 'hidden_continuous_size': 50, 'attention_head_size': 3, 'learning_rate': 0.03445111131003318}. Best is trial 15 with value: 0.4257383644580841.
LOCAL_RANK: 0 - CUDA_VISIBLE_DEVICES: [0]
[I 2023-12-15 12:26:16,956] Trial 23 finished with value: 3.466146469116211 and parameters: {'gradient_clip_val': 0.21623392137301115, 'hidden_size': 39, 'dropout': 0.14571512881395157, 'hidden_continuous_size': 10, 'attention_head_size': 3, 'learning_rate': 0.02494391207827288}. Best is trial 15 with value: 0.4257383644580841.
LOCAL_RANK: 0 - CUDA_VISIBLE_DEVICES: [0]
[I 2023-12-15 12:27:07,692] Trial 24 finished with value: 1.8021312952041626 and parameters: {'gradient_clip_val': 0.3032898623064813, 'hidden_size': 27, 'dropout': 0.10285761192422507, 'hidden_continuous_size': 9, 'attention_head_size': 3, 'learning_rate': 0.09692035445605802}. Best is trial 15 with value: 0.4257383644580841.
LOCAL_RANK: 0 - CUDA_VISIBLE_DEVICES: [0]
[I 2023-12-15 12:27:57,234] Trial 25 finished with value: 2.5054800510406494 and parameters: {'gradient_clip_val': 0.192881640896452, 'hidden_size': 21, 'dropout': 0.17196833370740655, 'hidden_continuous_size': 8, 'attention_head_size': 3, 'learning_rate': 0.049614782711109216}. Best is trial 15 with value: 0.4257383644580841.
LOCAL_RANK: 0 - CUDA_VISIBLE_DEVICES: [0]
[I 2023-12-15 12:28:48,109] Trial 26 finished with value: 0.39783748984336853 and parameters: {'gradient_clip_val': 0.2770503451153221, 'hidden_size': 31, 'dropout': 0.1548463575345394, 'hidden_continuous_size': 14, 'attention_head_size': 3, 'learning_rate': 0.00950188038657668}. Best is trial 26 with value: 0.39783748984336853.
LOCAL_RANK: 0 - CUDA_VISIBLE_DEVICES: [0]
[I 2023-12-15 12:29:47,192] Trial 27 finished with value: 2.3808865547180176 and parameters: {'gradient_clip_val': 0.37927517412109635, 'hidden_size': 94, 'dropout': 0.16114450136485042, 'hidden_continuous_size': 81, 'attention_head_size': 3, 'learning_rate': 0.008994887868516974}. Best is trial 26 with value: 0.39783748984336853.
LOCAL_RANK: 0 - CUDA_VISIBLE_DEVICES: [0]
[I 2023-12-15 12:30:40,248] Trial 28 finished with value: 1.395930290222168 and parameters: {'gradient_clip_val': 0.4874683686558333, 'hidden_size': 44, 'dropout': 0.15484632010442478, 'hidden_continuous_size': 15, 'attention_head_size': 3, 'learning_rate': 0.006254498983399886}. Best is trial 26 with value: 0.39783748984336853.
LOCAL_RANK: 0 - CUDA_VISIBLE_DEVICES: [0]
[I 2023-12-15 12:31:32,236] Trial 29 finished with value: 3.5306777954101562 and parameters: {'gradient_clip_val': 0.29990071410299196, 'hidden_size': 34, 'dropout': 0.20397841929955063, 'hidden_continuous_size': 14, 'attention_head_size': 4, 'learning_rate': 0.012772207517529848}. Best is trial 26 with value: 0.39783748984336853.
LOCAL_RANK: 0 - CUDA_VISIBLE_DEVICES: [0]
[I 2023-12-15 12:32:26,673] Trial 30 finished with value: 2.5617587566375732 and parameters: {'gradient_clip_val': 0.3854522136808884, 'hidden_size': 63, 'dropout': 0.12842854729285788, 'hidden_continuous_size': 20, 'attention_head_size': 3, 'learning_rate': 0.024919576931939382}. Best is trial 26 with value: 0.39783748984336853.
LOCAL_RANK: 0 - CUDA_VISIBLE_DEVICES: [0]
[I 2023-12-15 12:33:16,340] Trial 31 finished with value: 3.0421440601348877 and parameters: {'gradient_clip_val': 0.27489134651534897, 'hidden_size': 32, 'dropout': 0.19192105565715994, 'hidden_continuous_size': 13, 'attention_head_size': 2, 'learning_rate': 0.047089997326774706}. Best is trial 26 with value: 0.39783748984336853.
LOCAL_RANK: 0 - CUDA_VISIBLE_DEVICES: [0]
[I 2023-12-15 12:34:06,161] Trial 32 finished with value: 1.20864737033844 and parameters: {'gradient_clip_val': 0.23420565499737092, 'hidden_size': 28, 'dropout': 0.12279381818857049, 'hidden_continuous_size': 11, 'attention_head_size': 4, 'learning_rate': 0.062025052270552945}. Best is trial 26 with value: 0.39783748984336853.
LOCAL_RANK: 0 - CUDA_VISIBLE_DEVICES: [0]
[I 2023-12-15 12:35:00,277] Trial 33 finished with value: 2.4368464946746826 and parameters: {'gradient_clip_val': 0.3019419816869899, 'hidden_size': 43, 'dropout': 0.1637626865341299, 'hidden_continuous_size': 17, 'attention_head_size': 3, 'learning_rate': 0.028243755503979617}. Best is trial 26 with value: 0.39783748984336853.
LOCAL_RANK: 0 - CUDA_VISIBLE_DEVICES: [0]
[I 2023-12-15 12:35:50,107] Trial 34 finished with value: 0.9753931164741516 and parameters: {'gradient_clip_val': 0.1664434157095592, 'hidden_size': 25, 'dropout': 0.1351454095997023, 'hidden_continuous_size': 10, 'attention_head_size': 2, 'learning_rate': 0.05201299449551918}. Best is trial 26 with value: 0.39783748984336853.
LOCAL_RANK: 0 - CUDA_VISIBLE_DEVICES: [0]
[I 2023-12-15 12:36:40,739] Trial 35 finished with value: 4.852022647857666 and parameters: {'gradient_clip_val': 0.3596518129655521, 'hidden_size': 30, 'dropout': 0.16472574793588746, 'hidden_continuous_size': 15, 'attention_head_size': 3, 'learning_rate': 0.004234929492497977}. Best is trial 26 with value: 0.39783748984336853.
LOCAL_RANK: 0 - CUDA_VISIBLE_DEVICES: [0]
[I 2023-12-15 12:37:30,777] Trial 36 finished with value: 6.263844966888428 and parameters: {'gradient_clip_val': 0.12212929597946451, 'hidden_size': 19, 'dropout': 0.22544144290758678, 'hidden_continuous_size': 11, 'attention_head_size': 4, 'learning_rate': 0.06279529456811418}. Best is trial 26 with value: 0.39783748984336853.
LOCAL_RANK: 0 - CUDA_VISIBLE_DEVICES: [0]
[I 2023-12-15 12:38:20,559] Trial 37 finished with value: 0.8823729157447815 and parameters: {'gradient_clip_val': 0.26682221659062727, 'hidden_size': 23, 'dropout': 0.19465692516792216, 'hidden_continuous_size': 13, 'attention_head_size': 2, 'learning_rate': 0.0726877643341062}. Best is trial 26 with value: 0.39783748984336853.
LOCAL_RANK: 0 - CUDA_VISIBLE_DEVICES: [0]
[I 2023-12-15 12:39:10,192] Trial 38 finished with value: 4.291313648223877 and parameters: {'gradient_clip_val': 0.20228824885892965, 'hidden_size': 30, 'dropout': 0.2092320843801731, 'hidden_continuous_size': 13, 'attention_head_size': 1, 'learning_rate': 0.033888124947951716}. Best is trial 26 with value: 0.39783748984336853.
LOCAL_RANK: 0 - CUDA_VISIBLE_DEVICES: [0]
[I 2023-12-15 12:39:58,776] Trial 39 finished with value: 2.2438852787017822 and parameters: {'gradient_clip_val': 0.1728427699473917, 'hidden_size': 17, 'dropout': 0.14246178005249766, 'hidden_continuous_size': 10, 'attention_head_size': 3, 'learning_rate': 0.01942356150546824}. Best is trial 26 with value: 0.39783748984336853.
LOCAL_RANK: 0 - CUDA_VISIBLE_DEVICES: [0]
[I 2023-12-15 12:40:48,911] Trial 40 finished with value: 1.9448429346084595 and parameters: {'gradient_clip_val': 0.23265318058745263, 'hidden_size': 25, 'dropout': 0.11980440755869251, 'hidden_continuous_size': 12, 'attention_head_size': 2, 'learning_rate': 0.09943525003681683}. Best is trial 26 with value: 0.39783748984336853.
LOCAL_RANK: 0 - CUDA_VISIBLE_DEVICES: [0]
[I 2023-12-15 12:41:38,553] Trial 41 finished with value: 2.3195183277130127 and parameters: {'gradient_clip_val': 0.2560977100433386, 'hidden_size': 22, 'dropout': 0.1859915816020957, 'hidden_continuous_size': 9, 'attention_head_size': 2, 'learning_rate': 0.07476873209840978}. Best is trial 26 with value: 0.39783748984336853.
LOCAL_RANK: 0 - CUDA_VISIBLE_DEVICES: [0]
[I 2023-12-15 12:42:27,433] Trial 42 finished with value: 2.1125805377960205 and parameters: {'gradient_clip_val': 0.27766675477404695, 'hidden_size': 24, 'dropout': 0.19612224972331904, 'hidden_continuous_size': 13, 'attention_head_size': 2, 'learning_rate': 0.07385926840826051}. Best is trial 26 with value: 0.39783748984336853.
LOCAL_RANK: 0 - CUDA_VISIBLE_DEVICES: [0]
[I 2023-12-15 12:43:20,020] Trial 43 finished with value: 3.5745041370391846 and parameters: {'gradient_clip_val': 0.3250732872794342, 'hidden_size': 39, 'dropout': 0.15452467320010305, 'hidden_continuous_size': 17, 'attention_head_size': 1, 'learning_rate': 0.05582082855346345}. Best is trial 26 with value: 0.39783748984336853.
LOCAL_RANK: 0 - CUDA_VISIBLE_DEVICES: [0]
[I 2023-12-15 12:44:10,904] Trial 44 finished with value: 1.1484376192092896 and parameters: {'gradient_clip_val': 0.2574851881054265, 'hidden_size': 31, 'dropout': 0.1724200134334437, 'hidden_continuous_size': 15, 'attention_head_size': 3, 'learning_rate': 0.04322957715850424}. Best is trial 26 with value: 0.39783748984336853.
LOCAL_RANK: 0 - CUDA_VISIBLE_DEVICES: [0]
[I 2023-12-15 12:44:58,520] Trial 45 finished with value: 3.9815590381622314 and parameters: {'gradient_clip_val': 0.2934329209099687, 'hidden_size': 17, 'dropout': 0.10038461843187821, 'hidden_continuous_size': 8, 'attention_head_size': 2, 'learning_rate': 0.07753733983401617}. Best is trial 26 with value: 0.39783748984336853.
LOCAL_RANK: 0 - CUDA_VISIBLE_DEVICES: [0]
[I 2023-12-15 12:45:44,893] Trial 46 finished with value: 2.941600799560547 and parameters: {'gradient_clip_val': 0.3262871278959721, 'hidden_size': 9, 'dropout': 0.2650004467830893, 'hidden_continuous_size': 6, 'attention_head_size': 1, 'learning_rate': 0.06036751680890986}. Best is trial 26 with value: 0.39783748984336853.
LOCAL_RANK: 0 - CUDA_VISIBLE_DEVICES: [0]
[I 2023-12-15 12:46:32,339] Trial 47 finished with value: 3.1181647777557373 and parameters: {'gradient_clip_val': 0.3759389754193334, 'hidden_size': 15, 'dropout': 0.23174888505817093, 'hidden_continuous_size': 8, 'attention_head_size': 2, 'learning_rate': 0.03205806308691516}. Best is trial 26 with value: 0.39783748984336853.
LOCAL_RANK: 0 - CUDA_VISIBLE_DEVICES: [0]
[I 2023-12-15 12:47:22,352] Trial 48 finished with value: 0.5103342533111572 and parameters: {'gradient_clip_val': 0.4531619616809274, 'hidden_size': 19, 'dropout': 0.1816710779780429, 'hidden_continuous_size': 11, 'attention_head_size': 4, 'learning_rate': 0.04517057468226086}. Best is trial 26 with value: 0.39783748984336853.
LOCAL_RANK: 0 - CUDA_VISIBLE_DEVICES: [0]
[I 2023-12-15 12:48:11,454] Trial 49 finished with value: 4.279196262359619 and parameters: {'gradient_clip_val': 0.49843633912218205, 'hidden_size': 20, 'dropout': 0.2989006749625116, 'hidden_continuous_size': 11, 'attention_head_size': 4, 'learning_rate': 0.02037000521099005}. Best is trial 26 with value: 0.39783748984336853.
[I 2023-12-15 12:48:11,548] A new study created in memory with name: no-name-fac0fc29-3f38-45e6-bc2a-c4e1ea7eea35
/home/le004/conda/anaconda3/envs/tsff_env/lib/python3.9/site-packages/lightning/fabric/plugins/environments/slurm.py:191: The `srun` command is available on your system but is not used. HINT: If your intention is to run Lightning on SLURM, prepend your python command with `srun` like so: srun python /home/le004/master_thesis/git/TSFusionForecast/code/ ...
LOCAL_RANK: 0 - CUDA_VISIBLE_DEVICES: [0]
[I 2023-12-15 12:49:00,323] Trial 0 finished with value: 419.0121765136719 and parameters: {'gradient_clip_val': 0.14285321278154764, 'hidden_size': 19, 'dropout': 0.24166790796137852, 'hidden_continuous_size': 5, 'attention_head_size': 4, 'learning_rate': 0.01025299361912552}. Best is trial 0 with value: 419.0121765136719.
LOCAL_RANK: 0 - CUDA_VISIBLE_DEVICES: [0]
[I 2023-12-15 12:49:47,038] Trial 1 finished with value: 135.91943359375 and parameters: {'gradient_clip_val': 0.24982262018385015, 'hidden_size': 10, 'dropout': 0.10614560783799687, 'hidden_continuous_size': 8, 'attention_head_size': 2, 'learning_rate': 0.0015132322582296046}. Best is trial 1 with value: 135.91943359375.
LOCAL_RANK: 0 - CUDA_VISIBLE_DEVICES: [0]
[I 2023-12-15 12:50:25,374] Trial 2 finished with value: 334.5733337402344 and parameters: {'gradient_clip_val': 0.2096709756861379, 'hidden_size': 9, 'dropout': 0.24038506417657932, 'hidden_continuous_size': 9, 'attention_head_size': 4, 'learning_rate': 0.0073033903586591275}. Best is trial 1 with value: 135.91943359375.
LOCAL_RANK: 0 - CUDA_VISIBLE_DEVICES: [0]
[I 2023-12-15 12:51:11,285] Trial 3 finished with value: 207.34925842285156 and parameters: {'gradient_clip_val': 0.30698200078004595, 'hidden_size': 13, 'dropout': 0.11605533011486885, 'hidden_continuous_size': 6, 'attention_head_size': 1, 'learning_rate': 0.09972241406316394}. Best is trial 1 with value: 135.91943359375.
LOCAL_RANK: 0 - CUDA_VISIBLE_DEVICES: [0]
[I 2023-12-15 12:52:06,144] Trial 4 finished with value: 302.94708251953125 and parameters: {'gradient_clip_val': 0.25199009851827137, 'hidden_size': 97, 'dropout': 0.3732128954591706, 'hidden_continuous_size': 8, 'attention_head_size': 1, 'learning_rate': 0.016119510513065333}. Best is trial 1 with value: 135.91943359375.
LOCAL_RANK: 0 - CUDA_VISIBLE_DEVICES: [0]
[I 2023-12-15 12:52:43,072] Trial 5 finished with value: 162.6358642578125 and parameters: {'gradient_clip_val': 0.3817180529709878, 'hidden_size': 6, 'dropout': 0.12928441884607283, 'hidden_continuous_size': 6, 'attention_head_size': 3, 'learning_rate': 0.0025015932740307125}. Best is trial 1 with value: 135.91943359375.
LOCAL_RANK: 0 - CUDA_VISIBLE_DEVICES: [0]
[I 2023-12-15 12:53:32,914] Trial 6 finished with value: 273.259521484375 and parameters: {'gradient_clip_val': 0.5971881261754317, 'hidden_size': 22, 'dropout': 0.2656964001865931, 'hidden_continuous_size': 16, 'attention_head_size': 2, 'learning_rate': 0.03927248998651925}. Best is trial 1 with value: 135.91943359375.
LOCAL_RANK: 0 - CUDA_VISIBLE_DEVICES: [0]
[I 2023-12-15 12:54:25,811] Trial 7 finished with value: 220.5632781982422 and parameters: {'gradient_clip_val': 0.5137427329704638, 'hidden_size': 44, 'dropout': 0.18126096923069857, 'hidden_continuous_size': 32, 'attention_head_size': 2, 'learning_rate': 0.09128733255442968}. Best is trial 1 with value: 135.91943359375.
LOCAL_RANK: 0 - CUDA_VISIBLE_DEVICES: [0]
[I 2023-12-15 12:55:02,245] Trial 8 finished with value: 205.52796936035156 and parameters: {'gradient_clip_val': 0.9545514722423855, 'hidden_size': 5, 'dropout': 0.18120061265255671, 'hidden_continuous_size': 5, 'attention_head_size': 3, 'learning_rate': 0.0036935429114890506}. Best is trial 1 with value: 135.91943359375.
LOCAL_RANK: 0 - CUDA_VISIBLE_DEVICES: [0]
[I 2023-12-15 12:55:56,803] Trial 9 finished with value: 248.05516052246094 and parameters: {'gradient_clip_val': 0.10370767726038002, 'hidden_size': 74, 'dropout': 0.11521391525721274, 'hidden_continuous_size': 14, 'attention_head_size': 2, 'learning_rate': 0.03845304284362691}. Best is trial 1 with value: 135.91943359375.
LOCAL_RANK: 0 - CUDA_VISIBLE_DEVICES: [0]
[I 2023-12-15 12:56:42,709] Trial 10 finished with value: 288.3001708984375 and parameters: {'gradient_clip_val': 0.1739131725274324, 'hidden_size': 9, 'dropout': 0.16921697311758313, 'hidden_continuous_size': 5, 'attention_head_size': 1, 'learning_rate': 0.0007383265854248572}. Best is trial 1 with value: 135.91943359375.
LOCAL_RANK: 0 - CUDA_VISIBLE_DEVICES: [0]
[I 2023-12-15 12:57:20,257] Trial 11 finished with value: 254.8308868408203 and parameters: {'gradient_clip_val': 0.37398405865427214, 'hidden_size': 5, 'dropout': 0.10232920803060107, 'hidden_continuous_size': 5, 'attention_head_size': 3, 'learning_rate': 0.0020534087183763645}. Best is trial 1 with value: 135.91943359375.
LOCAL_RANK: 0 - CUDA_VISIBLE_DEVICES: [0]
[I 2023-12-15 12:58:05,547] Trial 12 finished with value: 262.3150939941406 and parameters: {'gradient_clip_val': 0.3405175286053123, 'hidden_size': 8, 'dropout': 0.14294820107330886, 'hidden_continuous_size': 6, 'attention_head_size': 3, 'learning_rate': 0.0014105862551652896}. Best is trial 1 with value: 135.91943359375.
LOCAL_RANK: 0 - CUDA_VISIBLE_DEVICES: [0]
[I 2023-12-15 12:58:43,108] Trial 13 finished with value: 166.2094268798828 and parameters: {'gradient_clip_val': 0.2472763931434388, 'hidden_size': 5, 'dropout': 0.1456826890989957, 'hidden_continuous_size': 5, 'attention_head_size': 3, 'learning_rate': 0.0005535841757026265}. Best is trial 1 with value: 135.91943359375.
LOCAL_RANK: 0 - CUDA_VISIBLE_DEVICES: [0]
[I 2023-12-15 12:59:29,772] Trial 14 finished with value: 248.58447265625 and parameters: {'gradient_clip_val': 0.4384874289865826, 'hidden_size': 14, 'dropout': 0.20049378637794316, 'hidden_continuous_size': 7, 'attention_head_size': 2, 'learning_rate': 0.003681216076204944}. Best is trial 1 with value: 135.91943359375.
LOCAL_RANK: 0 - CUDA_VISIBLE_DEVICES: [0]
[I 2023-12-15 13:00:16,596] Trial 15 finished with value: 204.5087432861328 and parameters: {'gradient_clip_val': 0.26538815426087614, 'hidden_size': 7, 'dropout': 0.10315492541239688, 'hidden_continuous_size': 6, 'attention_head_size': 4, 'learning_rate': 0.0011718137868540384}. Best is trial 1 with value: 135.91943359375.
LOCAL_RANK: 0 - CUDA_VISIBLE_DEVICES: [0]
[I 2023-12-15 13:01:03,136] Trial 16 finished with value: 299.5562438964844 and parameters: {'gradient_clip_val': 0.3854075380426219, 'hidden_size': 13, 'dropout': 0.14262722396130126, 'hidden_continuous_size': 7, 'attention_head_size': 2, 'learning_rate': 0.0027009460946584352}. Best is trial 1 with value: 135.91943359375.
LOCAL_RANK: 0 - CUDA_VISIBLE_DEVICES: [0]
[I 2023-12-15 13:01:49,607] Trial 17 finished with value: 358.4647216796875 and parameters: {'gradient_clip_val': 0.16606685670549068, 'hidden_size': 6, 'dropout': 0.20878153322141446, 'hidden_continuous_size': 5, 'attention_head_size': 3, 'learning_rate': 0.001196535125041986}. Best is trial 1 with value: 135.91943359375.
LOCAL_RANK: 0 - CUDA_VISIBLE_DEVICES: [0]
[I 2023-12-15 13:02:36,055] Trial 18 finished with value: 124.86886596679688 and parameters: {'gradient_clip_val': 0.30261913991926825, 'hidden_size': 7, 'dropout': 0.14288725826538307, 'hidden_continuous_size': 6, 'attention_head_size': 3, 'learning_rate': 0.004431342565624078}. Best is trial 18 with value: 124.86886596679688.
LOCAL_RANK: 0 - CUDA_VISIBLE_DEVICES: [0]
[I 2023-12-15 13:03:22,648] Trial 19 finished with value: 235.0824737548828 and parameters: {'gradient_clip_val': 0.21364682466693416, 'hidden_size': 10, 'dropout': 0.15598752684622832, 'hidden_continuous_size': 7, 'attention_head_size': 2, 'learning_rate': 0.005144840113256042}. Best is trial 18 with value: 124.86886596679688.
LOCAL_RANK: 0 - CUDA_VISIBLE_DEVICES: [0]
[I 2023-12-15 13:04:09,263] Trial 20 finished with value: 227.0983123779297 and parameters: {'gradient_clip_val': 0.26541283710532676, 'hidden_size': 7, 'dropout': 0.1292413625355258, 'hidden_continuous_size': 5, 'attention_head_size': 4, 'learning_rate': 0.0016535482912802878}. Best is trial 18 with value: 124.86886596679688.
LOCAL_RANK: 0 - CUDA_VISIBLE_DEVICES: [0]
[I 2023-12-15 13:04:55,606] Trial 21 finished with value: 344.5596008300781 and parameters: {'gradient_clip_val': 0.3167044343176163, 'hidden_size': 6, 'dropout': 0.10288863316174947, 'hidden_continuous_size': 5, 'attention_head_size': 3, 'learning_rate': 0.0023075677034425633}. Best is trial 18 with value: 124.86886596679688.
LOCAL_RANK: 0 - CUDA_VISIBLE_DEVICES: [0]
