[I 2023-12-26 18:00:29,299] Trial 25 finished with value: 2.6437947750091553 and parameters: {'gradient_clip_val': 0.18694331190510594, 'hidden_size': 60, 'dropout': 0.3779158861563169, 'hidden_continuous_size': 12, 'attention_head_size': 3, 'learning_rate': 0.0013199295505065382}. Best is trial 0 with value: 0.20996759831905365.
[I 2023-12-26 18:00:32,325] Trial 26 finished with value: 2.7417354583740234 and parameters: {'gradient_clip_val': 0.24432742210364514, 'hidden_size': 40, 'dropout': 0.31953785127957135, 'hidden_continuous_size': 13, 'attention_head_size': 4, 'learning_rate': 0.0053407994766027315}. Best is trial 0 with value: 0.20996759831905365.
[I 2023-12-26 18:00:34,972] Trial 27 finished with value: 2.905576705932617 and parameters: {'gradient_clip_val': 0.31766277763658685, 'hidden_size': 29, 'dropout': 0.2359457131904771, 'hidden_continuous_size': 10, 'attention_head_size': 3, 'learning_rate': 0.035704627264735875}. Best is trial 0 with value: 0.20996759831905365.
[I 2023-12-26 18:00:42,414] Trial 28 finished with value: 2.651564359664917 and parameters: {'gradient_clip_val': 0.12658478425922248, 'hidden_size': 108, 'dropout': 0.28679387935819955, 'hidden_continuous_size': 23, 'attention_head_size': 2, 'learning_rate': 0.0930206137261057}. Best is trial 0 with value: 0.20996759831905365.
[I 2023-12-26 18:00:46,729] Trial 29 finished with value: 2.6848509311676025 and parameters: {'gradient_clip_val': 0.106817729790482, 'hidden_size': 62, 'dropout': 0.4207864792095429, 'hidden_continuous_size': 13, 'attention_head_size': 1, 'learning_rate': 0.0009563766663541422}. Best is trial 0 with value: 0.20996759831905365.
[I 2023-12-26 18:00:57,342] Trial 30 finished with value: 2.531601667404175 and parameters: {'gradient_clip_val': 0.110879811159224, 'hidden_size': 142, 'dropout': 0.33113513955975993, 'hidden_continuous_size': 104, 'attention_head_size': 4, 'learning_rate': 0.009843940016604496}. Best is trial 0 with value: 0.20996759831905365.
[I 2023-12-26 18:01:06,711] Trial 31 finished with value: 3.60530686378479 and parameters: {'gradient_clip_val': 0.5704124112565775, 'hidden_size': 122, 'dropout': 0.30916482280271124, 'hidden_continuous_size': 105, 'attention_head_size': 4, 'learning_rate': 0.024399249865376813}. Best is trial 0 with value: 0.20996759831905365.
[I 2023-12-26 18:01:17,846] Trial 32 finished with value: 3.1070339679718018 and parameters: {'gradient_clip_val': 0.7167437497417753, 'hidden_size': 146, 'dropout': 0.29402095536989126, 'hidden_continuous_size': 128, 'attention_head_size': 4, 'learning_rate': 0.014353827520871868}. Best is trial 0 with value: 0.20996759831905365.
[I 2023-12-26 18:01:24,816] Trial 33 finished with value: 2.952130079269409 and parameters: {'gradient_clip_val': 0.6186426739708727, 'hidden_size': 94, 'dropout': 0.25415367969010194, 'hidden_continuous_size': 65, 'attention_head_size': 4, 'learning_rate': 0.021309661806032467}. Best is trial 0 with value: 0.20996759831905365.
[I 2023-12-26 18:01:31,749] Trial 34 finished with value: 2.2694921493530273 and parameters: {'gradient_clip_val': 0.4457091931064409, 'hidden_size': 96, 'dropout': 0.37658361155471654, 'hidden_continuous_size': 28, 'attention_head_size': 4, 'learning_rate': 0.03068207353697092}. Best is trial 0 with value: 0.20996759831905365.
[I 2023-12-26 18:01:36,888] Trial 35 finished with value: 1.747353196144104 and parameters: {'gradient_clip_val': 0.2034988941238735, 'hidden_size': 71, 'dropout': 0.3758481139167447, 'hidden_continuous_size': 21, 'attention_head_size': 3, 'learning_rate': 0.032560514041672914}. Best is trial 0 with value: 0.20996759831905365.
[I 2023-12-26 18:01:42,224] Trial 36 finished with value: 2.6726233959198 and parameters: {'gradient_clip_val': 0.20400982252615082, 'hidden_size': 69, 'dropout': 0.4333659777175933, 'hidden_continuous_size': 20, 'attention_head_size': 3, 'learning_rate': 0.0076253572835152245}. Best is trial 0 with value: 0.20996759831905365.
[I 2023-12-26 18:01:48,463] Trial 37 finished with value: 2.5366299152374268 and parameters: {'gradient_clip_val': 0.15776875115752817, 'hidden_size': 72, 'dropout': 0.39404000284060625, 'hidden_continuous_size': 33, 'attention_head_size': 3, 'learning_rate': 0.01507374326289971}. Best is trial 0 with value: 0.20996759831905365.
[I 2023-12-26 18:01:51,912] Trial 38 finished with value: 2.711374282836914 and parameters: {'gradient_clip_val': 0.19753821712624778, 'hidden_size': 47, 'dropout': 0.3588227792351945, 'hidden_continuous_size': 16, 'attention_head_size': 3, 'learning_rate': 0.0027618110035350237}. Best is trial 0 with value: 0.20996759831905365.
[I 2023-12-26 18:01:59,306] Trial 39 finished with value: 3.26043438911438 and parameters: {'gradient_clip_val': 0.17036957524453802, 'hidden_size': 87, 'dropout': 0.4359953426106937, 'hidden_continuous_size': 36, 'attention_head_size': 2, 'learning_rate': 0.010978364120580862}. Best is trial 0 with value: 0.20996759831905365.
[I 2023-12-26 18:02:06,617] Trial 40 finished with value: 3.335041046142578 and parameters: {'gradient_clip_val': 0.21543015941188715, 'hidden_size': 87, 'dropout': 0.34392631393479767, 'hidden_continuous_size': 43, 'attention_head_size': 3, 'learning_rate': 0.0035080307840521497}. Best is trial 0 with value: 0.20996759831905365.
[I 2023-12-26 18:02:13,172] Trial 41 finished with value: 3.0552256107330322 and parameters: {'gradient_clip_val': 0.1498251266333615, 'hidden_size': 99, 'dropout': 0.3712031599689591, 'hidden_continuous_size': 25, 'attention_head_size': 4, 'learning_rate': 0.030736847013613403}. Best is trial 0 with value: 0.20996759831905365.
[I 2023-12-26 18:02:20,185] Trial 42 finished with value: 2.553300142288208 and parameters: {'gradient_clip_val': 0.4546192922502447, 'hidden_size': 106, 'dropout': 0.39313807854737837, 'hidden_continuous_size': 21, 'attention_head_size': 4, 'learning_rate': 0.04153512730091229}. Best is trial 0 with value: 0.20996759831905365.
[I 2023-12-26 18:02:25,539] Trial 43 finished with value: 2.4863386154174805 and parameters: {'gradient_clip_val': 0.1376888483011446, 'hidden_size': 69, 'dropout': 0.4524825177633166, 'hidden_continuous_size': 15, 'attention_head_size': 4, 'learning_rate': 0.04409790551949927}. Best is trial 0 with value: 0.20996759831905365.
[I 2023-12-26 18:02:34,568] Trial 44 finished with value: 2.8439548015594482 and parameters: {'gradient_clip_val': 0.18219817820145073, 'hidden_size': 124, 'dropout': 0.39813698989961216, 'hidden_continuous_size': 28, 'attention_head_size': 3, 'learning_rate': 0.026503545064873818}. Best is trial 0 with value: 0.20996759831905365.
[I 2023-12-26 18:02:40,468] Trial 45 finished with value: 4.06341552734375 and parameters: {'gradient_clip_val': 0.16028583931770266, 'hidden_size': 80, 'dropout': 0.36792655769997357, 'hidden_continuous_size': 22, 'attention_head_size': 4, 'learning_rate': 0.018860122034046467}. Best is trial 0 with value: 0.20996759831905365.
[I 2023-12-26 18:02:46,812] Trial 46 finished with value: 2.16924786567688 and parameters: {'gradient_clip_val': 0.11768971544983015, 'hidden_size': 88, 'dropout': 0.3400416385363726, 'hidden_continuous_size': 6, 'attention_head_size': 3, 'learning_rate': 0.054603084487116614}. Best is trial 0 with value: 0.20996759831905365.
[I 2023-12-26 18:02:53,591] Trial 47 finished with value: 2.341310501098633 and parameters: {'gradient_clip_val': 0.10648165742511298, 'hidden_size': 81, 'dropout': 0.33453672367883375, 'hidden_continuous_size': 7, 'attention_head_size': 3, 'learning_rate': 0.07820194957335219}. Best is trial 0 with value: 0.20996759831905365.
[I 2023-12-26 18:02:57,762] Trial 48 finished with value: 2.7324225902557373 and parameters: {'gradient_clip_val': 0.11641940180711445, 'hidden_size': 43, 'dropout': 0.31336091041772396, 'hidden_continuous_size': 6, 'attention_head_size': 3, 'learning_rate': 0.05503837828420742}. Best is trial 0 with value: 0.20996759831905365.
[I 2023-12-26 18:03:01,548] Trial 49 finished with value: 3.078882932662964 and parameters: {'gradient_clip_val': 0.10077433667256028, 'hidden_size': 52, 'dropout': 0.3547424499479145, 'hidden_continuous_size': 5, 'attention_head_size': 2, 'learning_rate': 0.06937878132361364}. Best is trial 0 with value: 0.20996759831905365.
[I 2023-12-26 18:03:01,673] A new study created in memory with name: no-name-25532bab-2fdb-4f39-bf46-581c23eeb252
/home/le004/conda/anaconda3/envs/tsff_env/lib/python3.9/site-packages/lightning/fabric/plugins/environments/slurm.py:191: The `srun` command is available on your system but is not used. HINT: If your intention is to run Lightning on SLURM, prepend your python command with `srun` like so: srun python /home/le004/master_thesis/git/TSFusionForecast/code/ ...
[I 2023-12-26 18:15:43,155] Trial 0 finished with value: 0.09172684699296951 and parameters: {'gradient_clip_val': 0.15086121068161218, 'hidden_size': 121, 'dropout': 0.45826749790901977, 'hidden_continuous_size': 6, 'attention_head_size': 4, 'learning_rate': 0.034935730004618734}. Best is trial 0 with value: 0.09172684699296951.
[I 2023-12-26 18:15:48,285] Trial 1 finished with value: 2.146822452545166 and parameters: {'gradient_clip_val': 0.12253897083177917, 'hidden_size': 89, 'dropout': 0.10500948064444403, 'hidden_continuous_size': 19, 'attention_head_size': 1, 'learning_rate': 0.07974201311394666}. Best is trial 0 with value: 0.09172684699296951.
[I 2023-12-26 18:15:53,161] Trial 2 finished with value: 3.843245267868042 and parameters: {'gradient_clip_val': 0.4606672054612129, 'hidden_size': 85, 'dropout': 0.3593052113450027, 'hidden_continuous_size': 6, 'attention_head_size': 1, 'learning_rate': 0.0007257281391879414}. Best is trial 0 with value: 0.09172684699296951.
[I 2023-12-26 18:15:55,139] Trial 3 finished with value: 5.274311065673828 and parameters: {'gradient_clip_val': 0.8182188099268269, 'hidden_size': 12, 'dropout': 0.4457322238311241, 'hidden_continuous_size': 6, 'attention_head_size': 2, 'learning_rate': 0.00379505991860151}. Best is trial 0 with value: 0.09172684699296951.
[I 2023-12-26 18:16:00,444] Trial 4 finished with value: 3.974792242050171 and parameters: {'gradient_clip_val': 0.14776292590017456, 'hidden_size': 91, 'dropout': 0.26739052537584873, 'hidden_continuous_size': 16, 'attention_head_size': 2, 'learning_rate': 0.0026895391215704567}. Best is trial 0 with value: 0.09172684699296951.
[I 2023-12-26 18:16:05,017] Trial 5 finished with value: 4.167834281921387 and parameters: {'gradient_clip_val': 0.10575214281077763, 'hidden_size': 78, 'dropout': 0.3613874949355368, 'hidden_continuous_size': 19, 'attention_head_size': 4, 'learning_rate': 0.08551658979271042}. Best is trial 0 with value: 0.09172684699296951.
[I 2023-12-26 18:16:06,989] Trial 6 finished with value: 3.4699246883392334 and parameters: {'gradient_clip_val': 0.12243755374755291, 'hidden_size': 9, 'dropout': 0.4063151651807293, 'hidden_continuous_size': 5, 'attention_head_size': 4, 'learning_rate': 0.012700118404701994}. Best is trial 0 with value: 0.09172684699296951.
[I 2023-12-26 18:16:14,386] Trial 7 finished with value: 4.551123142242432 and parameters: {'gradient_clip_val': 0.9566904933675767, 'hidden_size': 123, 'dropout': 0.2741570740255065, 'hidden_continuous_size': 32, 'attention_head_size': 4, 'learning_rate': 0.028870136142719927}. Best is trial 0 with value: 0.09172684699296951.
[I 2023-12-26 18:16:18,421] Trial 8 finished with value: 3.4631195068359375 and parameters: {'gradient_clip_val': 0.49077123032056624, 'hidden_size': 71, 'dropout': 0.14819090803103807, 'hidden_continuous_size': 25, 'attention_head_size': 3, 'learning_rate': 0.0007311521004538528}. Best is trial 0 with value: 0.09172684699296951.
[I 2023-12-26 18:16:20,618] Trial 9 finished with value: 4.34745454788208 and parameters: {'gradient_clip_val': 0.28608278393985465, 'hidden_size': 9, 'dropout': 0.43806736182660555, 'hidden_continuous_size': 5, 'attention_head_size': 4, 'learning_rate': 0.004814302832147761}. Best is trial 0 with value: 0.09172684699296951.
[I 2023-12-26 18:16:23,141] Trial 10 finished with value: 3.7597482204437256 and parameters: {'gradient_clip_val': 0.19192233994781796, 'hidden_size': 34, 'dropout': 0.49241843901014765, 'hidden_continuous_size': 9, 'attention_head_size': 3, 'learning_rate': 0.02273340286728278}. Best is trial 0 with value: 0.09172684699296951.
[I 2023-12-26 18:16:32,513] Trial 11 finished with value: 2.8500049114227295 and parameters: {'gradient_clip_val': 0.18051198386080392, 'hidden_size': 150, 'dropout': 0.10221332052725732, 'hidden_continuous_size': 67, 'attention_head_size': 1, 'learning_rate': 0.08016004698782758}. Best is trial 0 with value: 0.09172684699296951.
[I 2023-12-26 18:16:35,213] Trial 12 finished with value: 3.1320345401763916 and parameters: {'gradient_clip_val': 0.10388345269828994, 'hidden_size': 41, 'dropout': 0.2139066585945636, 'hidden_continuous_size': 11, 'attention_head_size': 2, 'learning_rate': 0.04364418180168855}. Best is trial 0 with value: 0.09172684699296951.
[I 2023-12-26 18:16:37,943] Trial 13 finished with value: 4.615493297576904 and parameters: {'gradient_clip_val': 0.17921169335008585, 'hidden_size': 48, 'dropout': 0.2015600033027538, 'hidden_continuous_size': 10, 'attention_head_size': 3, 'learning_rate': 0.03993332082749391}. Best is trial 0 with value: 0.09172684699296951.
[I 2023-12-26 18:16:40,023] Trial 14 finished with value: 2.5560591220855713 and parameters: {'gradient_clip_val': 0.2442339891928155, 'hidden_size': 19, 'dropout': 0.32250289541142624, 'hidden_continuous_size': 7, 'attention_head_size': 1, 'learning_rate': 0.014483469908686122}. Best is trial 0 with value: 0.09172684699296951.
[I 2023-12-26 18:16:41,745] Trial 15 finished with value: 3.969252824783325 and parameters: {'gradient_clip_val': 0.1313238233783227, 'hidden_size': 5, 'dropout': 0.4970619603908899, 'hidden_continuous_size': 5, 'attention_head_size': 2, 'learning_rate': 0.09306439375443964}. Best is trial 0 with value: 0.09172684699296951.
[I 2023-12-26 18:16:49,872] Trial 16 finished with value: 2.720869779586792 and parameters: {'gradient_clip_val': 0.10121104243832314, 'hidden_size': 134, 'dropout': 0.22489385573951406, 'hidden_continuous_size': 42, 'attention_head_size': 3, 'learning_rate': 0.05078318771363183}. Best is trial 0 with value: 0.09172684699296951.
[I 2023-12-26 18:16:52,807] Trial 17 finished with value: 4.384678363800049 and parameters: {'gradient_clip_val': 0.14242144255609612, 'hidden_size': 49, 'dropout': 0.10352437184161555, 'hidden_continuous_size': 14, 'attention_head_size': 1, 'learning_rate': 0.01708395698155166}. Best is trial 0 with value: 0.09172684699296951.
[I 2023-12-26 18:16:56,380] Trial 18 finished with value: 4.235667705535889 and parameters: {'gradient_clip_val': 0.21924196048816755, 'hidden_size': 62, 'dropout': 0.15457964408939837, 'hidden_continuous_size': 13, 'attention_head_size': 3, 'learning_rate': 0.00960688146622328}. Best is trial 0 with value: 0.09172684699296951.
[I 2023-12-26 18:17:02,050] Trial 19 finished with value: 3.6708152294158936 and parameters: {'gradient_clip_val': 0.16501736078878523, 'hidden_size': 100, 'dropout': 0.32063845173211714, 'hidden_continuous_size': 8, 'attention_head_size': 2, 'learning_rate': 0.027786669641461575}. Best is trial 0 with value: 0.09172684699296951.
[I 2023-12-26 18:17:10,864] Trial 20 finished with value: 2.6869022846221924 and parameters: {'gradient_clip_val': 0.13142563367465543, 'hidden_size': 150, 'dropout': 0.2509002381019863, 'hidden_continuous_size': 22, 'attention_head_size': 1, 'learning_rate': 0.05408383569572114}. Best is trial 0 with value: 0.09172684699296951.
[I 2023-12-26 18:17:13,363] Trial 21 finished with value: 2.9496142864227295 and parameters: {'gradient_clip_val': 0.23350994437920378, 'hidden_size': 26, 'dropout': 0.3183663459050723, 'hidden_continuous_size': 7, 'attention_head_size': 1, 'learning_rate': 0.01819565748628715}. Best is trial 0 with value: 0.09172684699296951.
[I 2023-12-26 18:17:15,544] Trial 22 finished with value: 2.5453741550445557 and parameters: {'gradient_clip_val': 0.24325002494827977, 'hidden_size': 22, 'dropout': 0.2972297540826095, 'hidden_continuous_size': 8, 'attention_head_size': 1, 'learning_rate': 0.02866247759310742}. Best is trial 0 with value: 0.09172684699296951.
[I 2023-12-26 18:17:19,086] Trial 23 finished with value: 3.2369754314422607 and parameters: {'gradient_clip_val': 0.15993504079199114, 'hidden_size': 62, 'dropout': 0.2848477175036015, 'hidden_continuous_size': 11, 'attention_head_size': 1, 'learning_rate': 0.03034100936578654}. Best is trial 0 with value: 0.09172684699296951.
[I 2023-12-26 18:17:25,357] Trial 24 finished with value: 3.731248140335083 and parameters: {'gradient_clip_val': 0.21604204252420137, 'hidden_size': 107, 'dropout': 0.3730115269563928, 'hidden_continuous_size': 9, 'attention_head_size': 2, 'learning_rate': 0.06413796207621966}. Best is trial 0 with value: 0.09172684699296951.
[I 2023-12-26 18:17:27,778] Trial 25 finished with value: 4.192071914672852 and parameters: {'gradient_clip_val': 0.2971959031713685, 'hidden_size': 30, 'dropout': 0.24646749356827174, 'hidden_continuous_size': 8, 'attention_head_size': 1, 'learning_rate': 0.09630806437596218}. Best is trial 0 with value: 0.09172684699296951.
[I 2023-12-26 18:17:34,376] Trial 26 finished with value: 2.54168963432312 and parameters: {'gradient_clip_val': 0.15448660161117153, 'hidden_size': 111, 'dropout': 0.29656849772224914, 'hidden_continuous_size': 13, 'attention_head_size': 2, 'learning_rate': 0.03960270173007103}. Best is trial 0 with value: 0.09172684699296951.
[I 2023-12-26 18:17:40,989] Trial 27 finished with value: 3.2894458770751953 and parameters: {'gradient_clip_val': 0.1253488644075748, 'hidden_size': 114, 'dropout': 0.18455607320805467, 'hidden_continuous_size': 16, 'attention_head_size': 2, 'learning_rate': 0.05374693300703451}. Best is trial 0 with value: 0.09172684699296951.
[I 2023-12-26 18:17:46,428] Trial 28 finished with value: 4.6289544105529785 and parameters: {'gradient_clip_val': 0.1465840299539118, 'hidden_size': 94, 'dropout': 0.24066800690275464, 'hidden_continuous_size': 12, 'attention_head_size': 3, 'learning_rate': 0.04044554882500246}. Best is trial 0 with value: 0.09172684699296951.
[I 2023-12-26 18:17:51,060] Trial 29 finished with value: 3.3560078144073486 and parameters: {'gradient_clip_val': 0.1919975212687739, 'hidden_size': 81, 'dropout': 0.33953113842791544, 'hidden_continuous_size': 15, 'attention_head_size': 4, 'learning_rate': 0.06764548373963047}. Best is trial 0 with value: 0.09172684699296951.
[I 2023-12-26 18:17:58,211] Trial 30 finished with value: 3.1984856128692627 and parameters: {'gradient_clip_val': 0.11760555613254771, 'hidden_size': 121, 'dropout': 0.3863887076782287, 'hidden_continuous_size': 21, 'attention_head_size': 2, 'learning_rate': 0.06634890769325945}. Best is trial 0 with value: 0.09172684699296951.
[I 2023-12-26 18:18:03,408] Trial 31 finished with value: 2.9200265407562256 and parameters: {'gradient_clip_val': 0.15878481408872971, 'hidden_size': 92, 'dropout': 0.29590796587438667, 'hidden_continuous_size': 6, 'attention_head_size': 1, 'learning_rate': 0.031123184051086814}. Best is trial 0 with value: 0.09172684699296951.
[I 2023-12-26 18:18:07,354] Trial 32 finished with value: 4.0100178718566895 and parameters: {'gradient_clip_val': 0.14328083383918727, 'hidden_size': 70, 'dropout': 0.3509771455874848, 'hidden_continuous_size': 13, 'attention_head_size': 1, 'learning_rate': 0.022669121445620877}. Best is trial 0 with value: 0.09172684699296951.
[I 2023-12-26 18:18:14,232] Trial 33 finished with value: 3.1772031784057617 and parameters: {'gradient_clip_val': 0.3679857275932006, 'hidden_size': 111, 'dropout': 0.30706484588278543, 'hidden_continuous_size': 10, 'attention_head_size': 2, 'learning_rate': 0.03805583375885936}. Best is trial 0 with value: 0.09172684699296951.
[I 2023-12-26 18:18:19,031] Trial 34 finished with value: 2.4418413639068604 and parameters: {'gradient_clip_val': 0.16280000154600033, 'hidden_size': 84, 'dropout': 0.2696640234063428, 'hidden_continuous_size': 17, 'attention_head_size': 1, 'learning_rate': 0.0535442426983793}. Best is trial 0 with value: 0.09172684699296951.
[I 2023-12-26 18:18:23,625] Trial 35 finished with value: 2.6606709957122803 and parameters: {'gradient_clip_val': 0.12001816271600418, 'hidden_size': 81, 'dropout': 0.26857982672646546, 'hidden_continuous_size': 18, 'attention_head_size': 2, 'learning_rate': 0.07042715810273847}. Best is trial 0 with value: 0.09172684699296951.
[I 2023-12-26 18:18:29,129] Trial 36 finished with value: 2.0325236320495605 and parameters: {'gradient_clip_val': 0.11192485361556541, 'hidden_size': 94, 'dropout': 0.34214395663021263, 'hidden_continuous_size': 18, 'attention_head_size': 1, 'learning_rate': 0.09992137986517012}. Best is trial 0 with value: 0.09172684699296951.
[I 2023-12-26 18:18:32,578] Trial 37 finished with value: 2.8691232204437256 and parameters: {'gradient_clip_val': 0.11211572011344163, 'hidden_size': 59, 'dropout': 0.40881812215414576, 'hidden_continuous_size': 17, 'attention_head_size': 1, 'learning_rate': 0.09909663495854552}. Best is trial 0 with value: 0.09172684699296951.
[I 2023-12-26 18:18:37,416] Trial 38 finished with value: 3.969050407409668 and parameters: {'gradient_clip_val': 0.10000740777598989, 'hidden_size': 84, 'dropout': 0.35132612569571464, 'hidden_continuous_size': 26, 'attention_head_size': 4, 'learning_rate': 0.05884739298525496}. Best is trial 0 with value: 0.09172684699296951.
[I 2023-12-26 18:18:41,515] Trial 39 finished with value: 3.543959617614746 and parameters: {'gradient_clip_val': 0.11644304511122712, 'hidden_size': 71, 'dropout': 0.4576922716196722, 'hidden_continuous_size': 19, 'attention_head_size': 1, 'learning_rate': 0.08184170598686694}. Best is trial 0 with value: 0.09172684699296951.
