[I 2023-12-26 15:42:36,418] Trial 7 finished with value: 209.6278076171875 and parameters: {'gradient_clip_val': 0.13036286344418804, 'hidden_size': 147, 'dropout': 0.20277225912543606, 'hidden_continuous_size': 134, 'attention_head_size': 4, 'learning_rate': 0.01946677945166169}. Best is trial 0 with value: 133.62063598632812.
[I 2023-12-26 15:42:39,654] Trial 8 finished with value: 243.444091796875 and parameters: {'gradient_clip_val': 0.6611922619879584, 'hidden_size': 28, 'dropout': 0.46323608192438726, 'hidden_continuous_size': 9, 'attention_head_size': 4, 'learning_rate': 0.025569782227566767}. Best is trial 0 with value: 133.62063598632812.
[I 2023-12-26 15:42:44,563] Trial 9 finished with value: 183.935546875 and parameters: {'gradient_clip_val': 0.6055765229674548, 'hidden_size': 64, 'dropout': 0.19627251654135686, 'hidden_continuous_size': 11, 'attention_head_size': 4, 'learning_rate': 0.040434921090000436}. Best is trial 0 with value: 133.62063598632812.
[I 2023-12-26 15:42:46,533] Trial 10 finished with value: 214.0276641845703 and parameters: {'gradient_clip_val': 0.25085503932901276, 'hidden_size': 5, 'dropout': 0.10146683539837759, 'hidden_continuous_size': 5, 'attention_head_size': 3, 'learning_rate': 0.003416470026150436}. Best is trial 0 with value: 133.62063598632812.
[I 2023-12-26 15:42:49,258] Trial 11 finished with value: 212.00950622558594 and parameters: {'gradient_clip_val': 0.2545156074956838, 'hidden_size': 23, 'dropout': 0.3881077665391377, 'hidden_continuous_size': 5, 'attention_head_size': 3, 'learning_rate': 0.0017749395662812538}. Best is trial 0 with value: 133.62063598632812.
[I 2023-12-26 15:42:51,933] Trial 12 finished with value: 222.4661865234375 and parameters: {'gradient_clip_val': 0.19641618964575117, 'hidden_size': 22, 'dropout': 0.37667660264147745, 'hidden_continuous_size': 7, 'attention_head_size': 4, 'learning_rate': 0.0019156699216209177}. Best is trial 0 with value: 133.62063598632812.
[I 2023-12-26 15:42:55,343] Trial 13 finished with value: 227.20245361328125 and parameters: {'gradient_clip_val': 0.9876962166739998, 'hidden_size': 39, 'dropout': 0.48786816638180025, 'hidden_continuous_size': 17, 'attention_head_size': 3, 'learning_rate': 0.006620674775343554}. Best is trial 0 with value: 133.62063598632812.
[I 2023-12-26 15:42:57,820] Trial 14 finished with value: 237.67311096191406 and parameters: {'gradient_clip_val': 0.30661315632043473, 'hidden_size': 19, 'dropout': 0.31614528412955595, 'hidden_continuous_size': 6, 'attention_head_size': 4, 'learning_rate': 0.09662508611981695}. Best is trial 0 with value: 133.62063598632812.
[I 2023-12-26 15:43:01,047] Trial 15 finished with value: 233.0872802734375 and parameters: {'gradient_clip_val': 0.1787942117123539, 'hidden_size': 34, 'dropout': 0.4310554785148596, 'hidden_continuous_size': 15, 'attention_head_size': 3, 'learning_rate': 0.0005456482265831032}. Best is trial 0 with value: 133.62063598632812.
[I 2023-12-26 15:43:03,391] Trial 16 finished with value: 206.3131561279297 and parameters: {'gradient_clip_val': 0.3470669545566132, 'hidden_size': 14, 'dropout': 0.415757109703281, 'hidden_continuous_size': 6, 'attention_head_size': 1, 'learning_rate': 0.0013788304371795683}. Best is trial 0 with value: 133.62063598632812.
[I 2023-12-26 15:43:07,444] Trial 17 finished with value: 225.3162841796875 and parameters: {'gradient_clip_val': 0.1745898711166524, 'hidden_size': 47, 'dropout': 0.3336614425262626, 'hidden_continuous_size': 21, 'attention_head_size': 4, 'learning_rate': 0.003668895475928812}. Best is trial 0 with value: 133.62063598632812.
[I 2023-12-26 15:43:09,870] Trial 18 finished with value: 228.2832489013672 and parameters: {'gradient_clip_val': 0.10198498286263925, 'hidden_size': 17, 'dropout': 0.2855340254370348, 'hidden_continuous_size': 8, 'attention_head_size': 3, 'learning_rate': 0.00099876739256654}. Best is trial 0 with value: 133.62063598632812.
[I 2023-12-26 15:43:12,666] Trial 19 finished with value: 229.1488800048828 and parameters: {'gradient_clip_val': 0.25315180196392634, 'hidden_size': 26, 'dropout': 0.424147253517895, 'hidden_continuous_size': 13, 'attention_head_size': 2, 'learning_rate': 0.002493425132472905}. Best is trial 0 with value: 133.62063598632812.
[I 2023-12-26 15:43:15,210] Trial 20 finished with value: 193.01039123535156 and parameters: {'gradient_clip_val': 0.37790241815982056, 'hidden_size': 16, 'dropout': 0.3444481081295453, 'hidden_continuous_size': 8, 'attention_head_size': 4, 'learning_rate': 0.0005145734549107168}. Best is trial 0 with value: 133.62063598632812.
[I 2023-12-26 15:43:19,805] Trial 21 finished with value: 228.97267150878906 and parameters: {'gradient_clip_val': 0.46217812934747937, 'hidden_size': 54, 'dropout': 0.24863605527026336, 'hidden_continuous_size': 11, 'attention_head_size': 4, 'learning_rate': 0.0011970232462702195}. Best is trial 0 with value: 133.62063598632812.
[I 2023-12-26 15:43:25,613] Trial 22 finished with value: 244.2240753173828 and parameters: {'gradient_clip_val': 0.2789638742513661, 'hidden_size': 68, 'dropout': 0.2991812335460312, 'hidden_continuous_size': 21, 'attention_head_size': 4, 'learning_rate': 0.008494184016841705}. Best is trial 0 with value: 133.62063598632812.
[I 2023-12-26 15:43:28,709] Trial 23 finished with value: 238.5460662841797 and parameters: {'gradient_clip_val': 0.20503901100573818, 'hidden_size': 33, 'dropout': 0.36683181289263284, 'hidden_continuous_size': 12, 'attention_head_size': 3, 'learning_rate': 0.0010664093037227778}. Best is trial 0 with value: 133.62063598632812.
[I 2023-12-26 15:43:33,327] Trial 24 finished with value: 200.3901824951172 and parameters: {'gradient_clip_val': 0.33426253520316057, 'hidden_size': 57, 'dropout': 0.397845320405881, 'hidden_continuous_size': 10, 'attention_head_size': 4, 'learning_rate': 0.0024096523481298266}. Best is trial 0 with value: 133.62063598632812.
[I 2023-12-26 15:43:39,881] Trial 25 finished with value: 233.3232879638672 and parameters: {'gradient_clip_val': 0.22066398611706717, 'hidden_size': 83, 'dropout': 0.3306336900515742, 'hidden_continuous_size': 15, 'attention_head_size': 3, 'learning_rate': 0.005349974345665114}. Best is trial 0 with value: 133.62063598632812.
[I 2023-12-26 15:43:43,536] Trial 26 finished with value: 224.21873474121094 and parameters: {'gradient_clip_val': 0.29701037006219505, 'hidden_size': 43, 'dropout': 0.26265066667815107, 'hidden_continuous_size': 13, 'attention_head_size': 4, 'learning_rate': 0.011845120733534905}. Best is trial 0 with value: 133.62063598632812.
[I 2023-12-26 15:43:46,605] Trial 27 finished with value: 175.2145233154297 and parameters: {'gradient_clip_val': 0.1514685613288413, 'hidden_size': 31, 'dropout': 0.31380328013528713, 'hidden_continuous_size': 10, 'attention_head_size': 4, 'learning_rate': 0.005007949582506599}. Best is trial 0 with value: 133.62063598632812.
[I 2023-12-26 15:43:49,371] Trial 28 finished with value: 224.3773651123047 and parameters: {'gradient_clip_val': 0.15785375028883958, 'hidden_size': 28, 'dropout': 0.3540293333192318, 'hidden_continuous_size': 9, 'attention_head_size': 3, 'learning_rate': 0.0016199553891774862}. Best is trial 0 with value: 133.62063598632812.
[I 2023-12-26 15:43:51,539] Trial 29 finished with value: 269.9517822265625 and parameters: {'gradient_clip_val': 0.14364450931328906, 'hidden_size': 20, 'dropout': 0.36051633535352, 'hidden_continuous_size': 8, 'attention_head_size': 1, 'learning_rate': 0.004837000688412867}. Best is trial 0 with value: 133.62063598632812.
[I 2023-12-26 15:43:53,648] Trial 30 finished with value: 260.0193176269531 and parameters: {'gradient_clip_val': 0.1324949493817619, 'hidden_size': 12, 'dropout': 0.32104329453921204, 'hidden_continuous_size': 7, 'attention_head_size': 2, 'learning_rate': 0.003359832426953355}. Best is trial 0 with value: 133.62063598632812.
[I 2023-12-26 15:43:56,282] Trial 31 finished with value: 185.5029754638672 and parameters: {'gradient_clip_val': 0.2203758194490208, 'hidden_size': 33, 'dropout': 0.3075386858775088, 'hidden_continuous_size': 10, 'attention_head_size': 4, 'learning_rate': 0.00983685979298571}. Best is trial 0 with value: 133.62063598632812.
[I 2023-12-26 15:43:58,820] Trial 32 finished with value: 204.0664520263672 and parameters: {'gradient_clip_val': 0.114649480591739, 'hidden_size': 24, 'dropout': 0.28674581012472816, 'hidden_continuous_size': 11, 'attention_head_size': 4, 'learning_rate': 0.0171932224591702}. Best is trial 0 with value: 133.62063598632812.
[I 2023-12-26 15:44:01,561] Trial 33 finished with value: 231.193359375 and parameters: {'gradient_clip_val': 0.17101244927896522, 'hidden_size': 39, 'dropout': 0.3933704280271179, 'hidden_continuous_size': 11, 'attention_head_size': 4, 'learning_rate': 0.006204588084661817}. Best is trial 0 with value: 133.62063598632812.
[I 2023-12-26 15:44:04,022] Trial 34 finished with value: 196.5291290283203 and parameters: {'gradient_clip_val': 0.15774079363338236, 'hidden_size': 14, 'dropout': 0.3446051382461952, 'hidden_continuous_size': 9, 'attention_head_size': 4, 'learning_rate': 0.0021497403245664794}. Best is trial 0 with value: 133.62063598632812.
[I 2023-12-26 15:44:06,559] Trial 35 finished with value: 198.07679748535156 and parameters: {'gradient_clip_val': 0.4649635272059421, 'hidden_size': 9, 'dropout': 0.26373578713577556, 'hidden_continuous_size': 6, 'attention_head_size': 3, 'learning_rate': 0.012672106171555276}. Best is trial 0 with value: 133.62063598632812.
[I 2023-12-26 15:44:13,289] Trial 36 finished with value: 216.4072265625 and parameters: {'gradient_clip_val': 0.4004787991027159, 'hidden_size': 82, 'dropout': 0.21739643740872633, 'hidden_continuous_size': 24, 'attention_head_size': 4, 'learning_rate': 0.05038370954474055}. Best is trial 0 with value: 133.62063598632812.
[I 2023-12-26 15:44:15,456] Trial 37 finished with value: 244.8721466064453 and parameters: {'gradient_clip_val': 0.5353842793856516, 'hidden_size': 19, 'dropout': 0.17630190067165186, 'hidden_continuous_size': 10, 'attention_head_size': 2, 'learning_rate': 0.000737629844301495}. Best is trial 0 with value: 133.62063598632812.
[I 2023-12-26 15:44:18,241] Trial 38 finished with value: 236.3579559326172 and parameters: {'gradient_clip_val': 0.27067419620447103, 'hidden_size': 30, 'dropout': 0.3721165036982819, 'hidden_continuous_size': 13, 'attention_head_size': 3, 'learning_rate': 0.0014080997147478823}. Best is trial 0 with value: 133.62063598632812.
[I 2023-12-26 15:44:20,785] Trial 39 finished with value: 212.0553436279297 and parameters: {'gradient_clip_val': 0.3088915027647135, 'hidden_size': 24, 'dropout': 0.2421621082016776, 'hidden_continuous_size': 9, 'attention_head_size': 4, 'learning_rate': 0.004316886458472699}. Best is trial 0 with value: 133.62063598632812.
[I 2023-12-26 15:44:24,338] Trial 40 finished with value: 220.6007843017578 and parameters: {'gradient_clip_val': 0.20038918909394313, 'hidden_size': 47, 'dropout': 0.33777931462927335, 'hidden_continuous_size': 14, 'attention_head_size': 4, 'learning_rate': 0.002691247927372887}. Best is trial 0 with value: 133.62063598632812.
[I 2023-12-26 15:44:27,277] Trial 41 finished with value: 213.3916015625 and parameters: {'gradient_clip_val': 0.21347193422505772, 'hidden_size': 32, 'dropout': 0.3072375769096331, 'hidden_continuous_size': 10, 'attention_head_size': 4, 'learning_rate': 0.008873125115604168}. Best is trial 0 with value: 133.62063598632812.
[I 2023-12-26 15:44:29,888] Trial 42 finished with value: 206.6967315673828 and parameters: {'gradient_clip_val': 0.2296405360031359, 'hidden_size': 36, 'dropout': 0.30793641513634196, 'hidden_continuous_size': 12, 'attention_head_size': 4, 'learning_rate': 0.02179671225356865}. Best is trial 0 with value: 133.62063598632812.
[I 2023-12-26 15:44:32,352] Trial 43 finished with value: 250.1933135986328 and parameters: {'gradient_clip_val': 0.23884103110430135, 'hidden_size': 28, 'dropout': 0.2946122957136599, 'hidden_continuous_size': 10, 'attention_head_size': 4, 'learning_rate': 0.008136407833494461}. Best is trial 0 with value: 133.62063598632812.
[I 2023-12-26 15:44:34,824] Trial 44 finished with value: 213.9512481689453 and parameters: {'gradient_clip_val': 0.2732681385645772, 'hidden_size': 21, 'dropout': 0.2780788210430008, 'hidden_continuous_size': 8, 'attention_head_size': 4, 'learning_rate': 0.042431682288825864}. Best is trial 0 with value: 133.62063598632812.
[I 2023-12-26 15:44:37,489] Trial 45 finished with value: 235.45294189453125 and parameters: {'gradient_clip_val': 0.23813190341611642, 'hidden_size': 38, 'dropout': 0.32602347205697657, 'hidden_continuous_size': 12, 'attention_head_size': 3, 'learning_rate': 0.029609227939496805}. Best is trial 0 with value: 133.62063598632812.
[I 2023-12-26 15:44:39,910] Trial 46 finished with value: 209.74774169921875 and parameters: {'gradient_clip_val': 0.1984275743213098, 'hidden_size': 25, 'dropout': 0.3556196085131858, 'hidden_continuous_size': 7, 'attention_head_size': 4, 'learning_rate': 0.0019193922476314167}. Best is trial 0 with value: 133.62063598632812.
[I 2023-12-26 15:44:42,698] Trial 47 finished with value: 180.64483642578125 and parameters: {'gradient_clip_val': 0.7177311041911671, 'hidden_size': 33, 'dropout': 0.31377417649775247, 'hidden_continuous_size': 15, 'attention_head_size': 4, 'learning_rate': 0.005750390391699593}. Best is trial 0 with value: 133.62063598632812.
[I 2023-12-26 15:44:45,774] Trial 48 finished with value: 298.5713195800781 and parameters: {'gradient_clip_val': 0.7402526055227419, 'hidden_size': 30, 'dropout': 0.3801196775023424, 'hidden_continuous_size': 16, 'attention_head_size': 3, 'learning_rate': 0.005715365608617758}. Best is trial 0 with value: 133.62063598632812.
[I 2023-12-26 15:44:48,168] Trial 49 finished with value: 242.5313262939453 and parameters: {'gradient_clip_val': 0.7158000612442446, 'hidden_size': 17, 'dropout': 0.12428828167078008, 'hidden_continuous_size': 14, 'attention_head_size': 4, 'learning_rate': 0.002925198175475707}. Best is trial 0 with value: 133.62063598632812.
[I 2023-12-26 15:44:48,295] A new study created in memory with name: no-name-a9d68ce5-4a41-4af7-987e-119980c8438b
/home/le004/conda/anaconda3/envs/tsff_env/lib/python3.9/site-packages/lightning/fabric/plugins/environments/slurm.py:191: The `srun` command is available on your system but is not used. HINT: If your intention is to run Lightning on SLURM, prepend your python command with `srun` like so: srun python /home/le004/master_thesis/git/TSFusionForecast/code/ ...
[I 2023-12-26 15:55:34,714] Trial 0 finished with value: 17.021211624145508 and parameters: {'gradient_clip_val': 0.3593816765221214, 'hidden_size': 123, 'dropout': 0.1821377671479565, 'hidden_continuous_size': 97, 'attention_head_size': 3, 'learning_rate': 0.03974261818458653}. Best is trial 0 with value: 17.021211624145508.
[I 2023-12-26 15:55:44,759] Trial 1 finished with value: 105.04452514648438 and parameters: {'gradient_clip_val': 0.21866608912181662, 'hidden_size': 141, 'dropout': 0.14245484818102458, 'hidden_continuous_size': 46, 'attention_head_size': 2, 'learning_rate': 0.0005726366782805627}. Best is trial 0 with value: 17.021211624145508.
[I 2023-12-26 15:55:47,639] Trial 2 finished with value: 114.30390167236328 and parameters: {'gradient_clip_val': 0.6186683102952198, 'hidden_size': 32, 'dropout': 0.3625675304720195, 'hidden_continuous_size': 5, 'attention_head_size': 4, 'learning_rate': 0.014090655910114318}. Best is trial 0 with value: 17.021211624145508.
[I 2023-12-26 15:55:53,169] Trial 3 finished with value: 122.57477569580078 and parameters: {'gradient_clip_val': 0.13641027049745108, 'hidden_size': 66, 'dropout': 0.4983133600350462, 'hidden_continuous_size': 41, 'attention_head_size': 2, 'learning_rate': 0.0009021639247089078}. Best is trial 0 with value: 17.021211624145508.
[I 2023-12-26 15:55:56,543] Trial 4 finished with value: 139.03269958496094 and parameters: {'gradient_clip_val': 0.14790606109054208, 'hidden_size': 42, 'dropout': 0.37219815865993733, 'hidden_continuous_size': 6, 'attention_head_size': 3, 'learning_rate': 0.05312727721692492}. Best is trial 0 with value: 17.021211624145508.
[I 2023-12-26 15:56:01,582] Trial 5 finished with value: 110.1441879272461 and parameters: {'gradient_clip_val': 0.7892328558339142, 'hidden_size': 57, 'dropout': 0.4644774246756205, 'hidden_continuous_size': 14, 'attention_head_size': 4, 'learning_rate': 0.018918855843013692}. Best is trial 0 with value: 17.021211624145508.
[I 2023-12-26 15:56:04,536] Trial 6 finished with value: 131.00990295410156 and parameters: {'gradient_clip_val': 0.2794891777673523, 'hidden_size': 28, 'dropout': 0.42987543060464206, 'hidden_continuous_size': 6, 'attention_head_size': 2, 'learning_rate': 0.011721847628590921}. Best is trial 0 with value: 17.021211624145508.
[I 2023-12-26 15:56:08,571] Trial 7 finished with value: 88.0824966430664 and parameters: {'gradient_clip_val': 0.16183877706925245, 'hidden_size': 43, 'dropout': 0.17918104257201506, 'hidden_continuous_size': 6, 'attention_head_size': 1, 'learning_rate': 0.0025815329534803143}. Best is trial 0 with value: 17.021211624145508.
[I 2023-12-26 15:56:11,121] Trial 8 finished with value: 132.3273162841797 and parameters: {'gradient_clip_val': 0.4895666234352025, 'hidden_size': 15, 'dropout': 0.4015421399503959, 'hidden_continuous_size': 6, 'attention_head_size': 3, 'learning_rate': 0.08959568904773046}. Best is trial 0 with value: 17.021211624145508.
[I 2023-12-26 15:56:13,192] Trial 9 finished with value: 144.50172424316406 and parameters: {'gradient_clip_val': 0.2974104262983829, 'hidden_size': 5, 'dropout': 0.20564482018318167, 'hidden_continuous_size': 5, 'attention_head_size': 2, 'learning_rate': 0.023045291011312575}. Best is trial 0 with value: 17.021211624145508.
[I 2023-12-26 15:56:26,180] Trial 10 finished with value: 80.90752410888672 and parameters: {'gradient_clip_val': 0.43478175274818126, 'hidden_size': 148, 'dropout': 0.27341000755498174, 'hidden_continuous_size': 105, 'attention_head_size': 1, 'learning_rate': 0.004685623721760676}. Best is trial 0 with value: 17.021211624145508.
[I 2023-12-26 15:56:39,851] Trial 11 finished with value: 105.91349029541016 and parameters: {'gradient_clip_val': 0.4428547623414044, 'hidden_size': 147, 'dropout': 0.2555912377605495, 'hidden_continuous_size': 143, 'attention_head_size': 1, 'learning_rate': 0.005052407342371692}. Best is trial 0 with value: 17.021211624145508.
[I 2023-12-26 15:56:51,092] Trial 12 finished with value: 114.85260009765625 and parameters: {'gradient_clip_val': 0.41495769973566443, 'hidden_size': 119, 'dropout': 0.10235493602837459, 'hidden_continuous_size': 118, 'attention_head_size': 3, 'learning_rate': 0.004817647421997639}. Best is trial 0 with value: 17.021211624145508.
[I 2023-12-26 15:56:58,209] Trial 13 finished with value: 85.25025939941406 and parameters: {'gradient_clip_val': 0.34623988309135056, 'hidden_size': 86, 'dropout': 0.28779291677239316, 'hidden_continuous_size': 64, 'attention_head_size': 1, 'learning_rate': 0.037998802345833124}. Best is trial 0 with value: 17.021211624145508.
[I 2023-12-26 15:57:05,696] Trial 14 finished with value: 110.19185638427734 and parameters: {'gradient_clip_val': 0.9994144991325706, 'hidden_size': 90, 'dropout': 0.22717591225149872, 'hidden_continuous_size': 68, 'attention_head_size': 3, 'learning_rate': 0.006509455770998636}. Best is trial 0 with value: 17.021211624145508.
[I 2023-12-26 15:57:13,191] Trial 15 finished with value: 106.77600860595703 and parameters: {'gradient_clip_val': 0.5824708062681517, 'hidden_size': 96, 'dropout': 0.31636725608762617, 'hidden_continuous_size': 24, 'attention_head_size': 4, 'learning_rate': 0.002483796857423898}. Best is trial 0 with value: 17.021211624145508.
[I 2023-12-26 15:57:25,484] Trial 16 finished with value: 60.73248291015625 and parameters: {'gradient_clip_val': 0.22450452847745267, 'hidden_size': 146, 'dropout': 0.258029586660525, 'hidden_continuous_size': 100, 'attention_head_size': 1, 'learning_rate': 0.09205775222825674}. Best is trial 0 with value: 17.021211624145508.
[I 2023-12-26 15:57:31,561] Trial 17 finished with value: 64.17594146728516 and parameters: {'gradient_clip_val': 0.21133046770455227, 'hidden_size': 71, 'dropout': 0.1782070432888412, 'hidden_continuous_size': 28, 'attention_head_size': 2, 'learning_rate': 0.0963085405415376}. Best is trial 0 with value: 17.021211624145508.
[I 2023-12-26 15:57:40,076] Trial 18 finished with value: 81.33051300048828 and parameters: {'gradient_clip_val': 0.2204003939974483, 'hidden_size': 103, 'dropout': 0.23420308766049014, 'hidden_continuous_size': 75, 'attention_head_size': 3, 'learning_rate': 0.037520971290413464}. Best is trial 0 with value: 17.021211624145508.
[I 2023-12-26 15:57:44,082] Trial 19 finished with value: 68.64695739746094 and parameters: {'gradient_clip_val': 0.11207934638850876, 'hidden_size': 56, 'dropout': 0.32212648431096047, 'hidden_continuous_size': 15, 'attention_head_size': 4, 'learning_rate': 0.062453906147925925}. Best is trial 0 with value: 17.021211624145508.
[I 2023-12-26 15:57:52,468] Trial 20 finished with value: 94.763916015625 and parameters: {'gradient_clip_val': 0.3059923290761713, 'hidden_size': 105, 'dropout': 0.256967479455566, 'hidden_continuous_size': 44, 'attention_head_size': 1, 'learning_rate': 0.03310059009636569}. Best is trial 0 with value: 17.021211624145508.
[I 2023-12-26 15:57:58,695] Trial 21 finished with value: 83.74431610107422 and parameters: {'gradient_clip_val': 0.20545583956929214, 'hidden_size': 71, 'dropout': 0.18114964961050523, 'hidden_continuous_size': 30, 'attention_head_size': 2, 'learning_rate': 0.09929609780866654}. Best is trial 0 with value: 17.021211624145508.
