[I 2023-12-26 14:57:41,064] Trial 43 finished with value: 14.205523490905762 and parameters: {'gradient_clip_val': 0.8511722608997117, 'hidden_size': 38, 'dropout': 0.22755528136779146, 'hidden_continuous_size': 11, 'attention_head_size': 1, 'learning_rate': 0.0033668906170667106}. Best is trial 0 with value: 2.4351775646209717.
[I 2023-12-26 14:57:44,343] Trial 44 finished with value: 16.597414016723633 and parameters: {'gradient_clip_val': 0.6680457106160494, 'hidden_size': 27, 'dropout': 0.2820841634173794, 'hidden_continuous_size': 10, 'attention_head_size': 1, 'learning_rate': 0.00808624399711504}. Best is trial 0 with value: 2.4351775646209717.
[I 2023-12-26 14:57:47,032] Trial 45 finished with value: 11.67086410522461 and parameters: {'gradient_clip_val': 0.577195937308858, 'hidden_size': 19, 'dropout': 0.3143536190986645, 'hidden_continuous_size': 9, 'attention_head_size': 1, 'learning_rate': 0.006107281767185815}. Best is trial 0 with value: 2.4351775646209717.
[I 2023-12-26 14:57:50,396] Trial 46 finished with value: 10.961337089538574 and parameters: {'gradient_clip_val': 0.46885551061661407, 'hidden_size': 32, 'dropout': 0.3424781747984676, 'hidden_continuous_size': 13, 'attention_head_size': 1, 'learning_rate': 0.012191601692237179}. Best is trial 0 with value: 2.4351775646209717.
[I 2023-12-26 14:57:54,608] Trial 47 finished with value: 10.975153923034668 and parameters: {'gradient_clip_val': 0.8738391299406625, 'hidden_size': 43, 'dropout': 0.38231527624160233, 'hidden_continuous_size': 15, 'attention_head_size': 1, 'learning_rate': 0.004027726094894688}. Best is trial 0 with value: 2.4351775646209717.
[I 2023-12-26 14:57:57,704] Trial 48 finished with value: 12.026741981506348 and parameters: {'gradient_clip_val': 0.664920478563039, 'hidden_size': 15, 'dropout': 0.3044946377115602, 'hidden_continuous_size': 10, 'attention_head_size': 1, 'learning_rate': 0.0012917018248534817}. Best is trial 0 with value: 2.4351775646209717.
[I 2023-12-26 14:58:00,815] Trial 49 finished with value: 12.143115997314453 and parameters: {'gradient_clip_val': 0.7464284035062517, 'hidden_size': 25, 'dropout': 0.27655056527018074, 'hidden_continuous_size': 12, 'attention_head_size': 1, 'learning_rate': 0.0005981701024257623}. Best is trial 0 with value: 2.4351775646209717.
[I 2023-12-26 14:58:00,996] A new study created in memory with name: no-name-65dc8293-1a5d-4fc1-8399-aacafe1b288d
/home/le004/conda/anaconda3/envs/tsff_env/lib/python3.9/site-packages/lightning/fabric/plugins/environments/slurm.py:191: The `srun` command is available on your system but is not used. HINT: If your intention is to run Lightning on SLURM, prepend your python command with `srun` like so: srun python /home/le004/master_thesis/git/TSFusionForecast/code/ ...
[I 2023-12-26 15:00:46,856] Trial 0 finished with value: 11.620320320129395 and parameters: {'gradient_clip_val': 0.1708692964870348, 'hidden_size': 9, 'dropout': 0.19076928957869208, 'hidden_continuous_size': 8, 'attention_head_size': 3, 'learning_rate': 0.02621956128050741}. Best is trial 0 with value: 11.620320320129395.
[I 2023-12-26 15:00:54,771] Trial 1 finished with value: 33.85963821411133 and parameters: {'gradient_clip_val': 0.15354002773293626, 'hidden_size': 89, 'dropout': 0.32564124877030454, 'hidden_continuous_size': 39, 'attention_head_size': 3, 'learning_rate': 0.017735653499438855}. Best is trial 0 with value: 11.620320320129395.
[I 2023-12-26 15:00:58,251] Trial 2 finished with value: 33.69826126098633 and parameters: {'gradient_clip_val': 0.10932149061184301, 'hidden_size': 24, 'dropout': 0.48320925426614003, 'hidden_continuous_size': 23, 'attention_head_size': 4, 'learning_rate': 0.012900311796426693}. Best is trial 0 with value: 11.620320320129395.
[I 2023-12-26 15:01:08,717] Trial 3 finished with value: 46.2088623046875 and parameters: {'gradient_clip_val': 0.4949350680437969, 'hidden_size': 126, 'dropout': 0.48680839671683074, 'hidden_continuous_size': 32, 'attention_head_size': 2, 'learning_rate': 0.001231142741871199}. Best is trial 0 with value: 11.620320320129395.
[I 2023-12-26 15:01:12,220] Trial 4 finished with value: 41.461307525634766 and parameters: {'gradient_clip_val': 0.2987495560034268, 'hidden_size': 29, 'dropout': 0.2797085302511394, 'hidden_continuous_size': 9, 'attention_head_size': 4, 'learning_rate': 0.0014190465448313478}. Best is trial 0 with value: 11.620320320129395.
[I 2023-12-26 15:01:15,713] Trial 5 finished with value: 30.96202278137207 and parameters: {'gradient_clip_val': 0.10622242009933755, 'hidden_size': 27, 'dropout': 0.43710643476044464, 'hidden_continuous_size': 23, 'attention_head_size': 4, 'learning_rate': 0.0625714585103764}. Best is trial 0 with value: 11.620320320129395.
[I 2023-12-26 15:01:18,159] Trial 6 finished with value: 55.74782943725586 and parameters: {'gradient_clip_val': 0.2545648176539552, 'hidden_size': 11, 'dropout': 0.434247400203984, 'hidden_continuous_size': 7, 'attention_head_size': 1, 'learning_rate': 0.004489473494879829}. Best is trial 0 with value: 11.620320320129395.
[I 2023-12-26 15:01:25,527] Trial 7 finished with value: 48.850894927978516 and parameters: {'gradient_clip_val': 0.9124889538668775, 'hidden_size': 78, 'dropout': 0.27083862836720984, 'hidden_continuous_size': 62, 'attention_head_size': 4, 'learning_rate': 0.0028910679835509713}. Best is trial 0 with value: 11.620320320129395.
[I 2023-12-26 15:01:27,869] Trial 8 finished with value: 50.462337493896484 and parameters: {'gradient_clip_val': 0.2091086718811772, 'hidden_size': 7, 'dropout': 0.37390975062208986, 'hidden_continuous_size': 5, 'attention_head_size': 1, 'learning_rate': 0.0017117195590337145}. Best is trial 0 with value: 11.620320320129395.
[I 2023-12-26 15:01:30,185] Trial 9 finished with value: 57.51102066040039 and parameters: {'gradient_clip_val': 0.28074071360880815, 'hidden_size': 6, 'dropout': 0.15566762881179097, 'hidden_continuous_size': 5, 'attention_head_size': 3, 'learning_rate': 0.03813301881336547}. Best is trial 0 with value: 11.620320320129395.
[I 2023-12-26 15:01:32,328] Trial 10 finished with value: 58.4911003112793 and parameters: {'gradient_clip_val': 0.15828983576117694, 'hidden_size': 5, 'dropout': 0.12085007957744658, 'hidden_continuous_size': 5, 'attention_head_size': 2, 'learning_rate': 0.09234834273560218}. Best is trial 0 with value: 11.620320320129395.
[I 2023-12-26 15:01:35,096] Trial 11 finished with value: 50.216949462890625 and parameters: {'gradient_clip_val': 0.10198336474957838, 'hidden_size': 18, 'dropout': 0.2021475272567222, 'hidden_continuous_size': 10, 'attention_head_size': 3, 'learning_rate': 0.09310397430825205}. Best is trial 0 with value: 11.620320320129395.
[I 2023-12-26 15:01:39,155] Trial 12 finished with value: 39.66109085083008 and parameters: {'gradient_clip_val': 0.14861386360500006, 'hidden_size': 39, 'dropout': 0.2145239010997741, 'hidden_continuous_size': 17, 'attention_head_size': 4, 'learning_rate': 0.03154026122110443}. Best is trial 0 with value: 11.620320320129395.
[I 2023-12-26 15:01:41,748] Trial 13 finished with value: 52.52156066894531 and parameters: {'gradient_clip_val': 0.10547655684250853, 'hidden_size': 13, 'dropout': 0.39467264347036807, 'hidden_continuous_size': 7, 'attention_head_size': 3, 'learning_rate': 0.009440903448223898}. Best is trial 0 with value: 11.620320320129395.
[I 2023-12-26 15:01:44,647] Trial 14 finished with value: 35.872859954833984 and parameters: {'gradient_clip_val': 0.19171364639177887, 'hidden_size': 10, 'dropout': 0.3313422416267007, 'hidden_continuous_size': 6, 'attention_head_size': 2, 'learning_rate': 0.000643474943779696}. Best is trial 0 with value: 11.620320320129395.
[I 2023-12-26 15:01:48,844] Trial 15 finished with value: 34.4355354309082 and parameters: {'gradient_clip_val': 0.13197692011486936, 'hidden_size': 42, 'dropout': 0.23338183496499154, 'hidden_continuous_size': 14, 'attention_head_size': 4, 'learning_rate': 0.03793331082138538}. Best is trial 0 with value: 11.620320320129395.
[I 2023-12-26 15:01:51,350] Trial 16 finished with value: 56.36784744262695 and parameters: {'gradient_clip_val': 0.21086534674393487, 'hidden_size': 16, 'dropout': 0.16140781528293022, 'hidden_continuous_size': 8, 'attention_head_size': 3, 'learning_rate': 0.020900398068784572}. Best is trial 0 with value: 11.620320320129395.
[I 2023-12-26 15:01:53,926] Trial 17 finished with value: 47.26909255981445 and parameters: {'gradient_clip_val': 0.12563960386051556, 'hidden_size': 9, 'dropout': 0.36745750191212445, 'hidden_continuous_size': 6, 'attention_head_size': 4, 'learning_rate': 0.006426086819468395}. Best is trial 0 with value: 11.620320320129395.
[I 2023-12-26 15:01:56,792] Trial 18 finished with value: 32.42585372924805 and parameters: {'gradient_clip_val': 0.1731815490062518, 'hidden_size': 19, 'dropout': 0.10304406236458177, 'hidden_continuous_size': 10, 'attention_head_size': 3, 'learning_rate': 0.06361250987008385}. Best is trial 0 with value: 11.620320320129395.
[I 2023-12-26 15:01:58,954] Trial 19 finished with value: 39.029850006103516 and parameters: {'gradient_clip_val': 0.1307631998725156, 'hidden_size': 5, 'dropout': 0.427806777075133, 'hidden_continuous_size': 5, 'attention_head_size': 2, 'learning_rate': 0.051869128571003474}. Best is trial 0 with value: 11.620320320129395.
[I 2023-12-26 15:02:01,316] Trial 20 finished with value: 57.854976654052734 and parameters: {'gradient_clip_val': 0.38835939045551165, 'hidden_size': 8, 'dropout': 0.25693275537272264, 'hidden_continuous_size': 6, 'attention_head_size': 4, 'learning_rate': 0.019773847991029686}. Best is trial 0 with value: 11.620320320129395.
[I 2023-12-26 15:02:03,888] Trial 21 finished with value: 56.97865676879883 and parameters: {'gradient_clip_val': 0.17742273185604113, 'hidden_size': 16, 'dropout': 0.12711788350936687, 'hidden_continuous_size': 10, 'attention_head_size': 3, 'learning_rate': 0.06205453979844856}. Best is trial 0 with value: 11.620320320129395.
[I 2023-12-26 15:02:06,726] Trial 22 finished with value: 42.813228607177734 and parameters: {'gradient_clip_val': 0.185040008409572, 'hidden_size': 20, 'dropout': 0.10864726383723478, 'hidden_continuous_size': 11, 'attention_head_size': 3, 'learning_rate': 0.05887459651734627}. Best is trial 0 with value: 11.620320320129395.
[I 2023-12-26 15:02:09,407] Trial 23 finished with value: 50.21135330200195 and parameters: {'gradient_clip_val': 0.12615079155835018, 'hidden_size': 13, 'dropout': 0.17068149285242806, 'hidden_continuous_size': 8, 'attention_head_size': 3, 'learning_rate': 0.030303615402916186}. Best is trial 0 with value: 11.620320320129395.
[I 2023-12-26 15:02:12,649] Trial 24 finished with value: 36.11606216430664 and parameters: {'gradient_clip_val': 0.1009836657074423, 'hidden_size': 27, 'dropout': 0.20171888992166837, 'hidden_continuous_size': 13, 'attention_head_size': 2, 'learning_rate': 0.09718608532797901}. Best is trial 0 with value: 11.620320320129395.
[I 2023-12-26 15:02:15,297] Trial 25 finished with value: 57.21475601196289 and parameters: {'gradient_clip_val': 0.24199621840047678, 'hidden_size': 12, 'dropout': 0.1069800952761624, 'hidden_continuous_size': 7, 'attention_head_size': 3, 'learning_rate': 0.05456123575736879}. Best is trial 0 with value: 11.620320320129395.
[I 2023-12-26 15:02:18,070] Trial 26 finished with value: 46.612857818603516 and parameters: {'gradient_clip_val': 0.16728788958066368, 'hidden_size': 8, 'dropout': 0.29735859999660635, 'hidden_continuous_size': 6, 'attention_head_size': 4, 'learning_rate': 0.024993040319598984}. Best is trial 0 with value: 11.620320320129395.
[I 2023-12-26 15:02:20,906] Trial 27 finished with value: 43.22835159301758 and parameters: {'gradient_clip_val': 0.14128453147335698, 'hidden_size': 20, 'dropout': 0.1445167915601293, 'hidden_continuous_size': 11, 'attention_head_size': 3, 'learning_rate': 0.013069049580271799}. Best is trial 0 with value: 11.620320320129395.
[I 2023-12-26 15:02:24,624] Trial 28 finished with value: 32.903133392333984 and parameters: {'gradient_clip_val': 0.2255636620294221, 'hidden_size': 34, 'dropout': 0.1799695232349965, 'hidden_continuous_size': 15, 'attention_head_size': 2, 'learning_rate': 0.0443483701656969}. Best is trial 0 with value: 11.620320320129395.
[I 2023-12-26 15:02:28,982] Trial 29 finished with value: 46.702396392822266 and parameters: {'gradient_clip_val': 0.1465031770487886, 'hidden_size': 48, 'dropout': 0.32427168371092263, 'hidden_continuous_size': 20, 'attention_head_size': 3, 'learning_rate': 0.025175889811928715}. Best is trial 0 with value: 11.620320320129395.
[I 2023-12-26 15:02:32,146] Trial 30 finished with value: 36.926822662353516 and parameters: {'gradient_clip_val': 0.17302212624499277, 'hidden_size': 23, 'dropout': 0.13802029157767404, 'hidden_continuous_size': 11, 'attention_head_size': 4, 'learning_rate': 0.0163049647708303}. Best is trial 0 with value: 11.620320320129395.
[I 2023-12-26 15:02:35,873] Trial 31 finished with value: 58.255435943603516 and parameters: {'gradient_clip_val': 0.22314034916916678, 'hidden_size': 35, 'dropout': 0.1822217780949522, 'hidden_continuous_size': 15, 'attention_head_size': 2, 'learning_rate': 0.06850090568627167}. Best is trial 0 with value: 11.620320320129395.
[I 2023-12-26 15:02:39,456] Trial 32 finished with value: 42.57111740112305 and parameters: {'gradient_clip_val': 0.11998945153349741, 'hidden_size': 31, 'dropout': 0.23738745638999437, 'hidden_continuous_size': 13, 'attention_head_size': 1, 'learning_rate': 0.04157155020395715}. Best is trial 0 with value: 11.620320320129395.
[I 2023-12-26 15:02:42,310] Trial 33 finished with value: 47.34040451049805 and parameters: {'gradient_clip_val': 0.16382402069149363, 'hidden_size': 24, 'dropout': 0.18039726644572307, 'hidden_continuous_size': 12, 'attention_head_size': 2, 'learning_rate': 0.046767087119771546}. Best is trial 0 with value: 11.620320320129395.
[I 2023-12-26 15:02:47,371] Trial 34 finished with value: 61.43324661254883 and parameters: {'gradient_clip_val': 0.18809571518476284, 'hidden_size': 55, 'dropout': 0.14039062885819248, 'hidden_continuous_size': 19, 'attention_head_size': 2, 'learning_rate': 0.06705239354283045}. Best is trial 0 with value: 11.620320320129395.
[I 2023-12-26 15:02:50,857] Trial 35 finished with value: 54.03486633300781 and parameters: {'gradient_clip_val': 0.11345013881911735, 'hidden_size': 29, 'dropout': 0.10340268322106758, 'hidden_continuous_size': 16, 'attention_head_size': 2, 'learning_rate': 0.029589488300711207}. Best is trial 0 with value: 11.620320320129395.
[I 2023-12-26 15:02:53,755] Trial 36 finished with value: 50.649898529052734 and parameters: {'gradient_clip_val': 0.24766897561843917, 'hidden_size': 24, 'dropout': 0.18932393335821524, 'hidden_continuous_size': 9, 'attention_head_size': 1, 'learning_rate': 0.07305324453861042}. Best is trial 0 with value: 11.620320320129395.
[I 2023-12-26 15:02:57,810] Trial 37 finished with value: 47.64501953125 and parameters: {'gradient_clip_val': 0.14455122487201402, 'hidden_size': 34, 'dropout': 0.4740561157226192, 'hidden_continuous_size': 25, 'attention_head_size': 3, 'learning_rate': 0.041947128234057655}. Best is trial 0 with value: 11.620320320129395.
[I 2023-12-26 15:03:00,619] Trial 38 finished with value: 65.57636260986328 and parameters: {'gradient_clip_val': 0.3258220454783488, 'hidden_size': 15, 'dropout': 0.15455834030230378, 'hidden_continuous_size': 10, 'attention_head_size': 4, 'learning_rate': 0.015708312681086398}. Best is trial 0 with value: 11.620320320129395.
[I 2023-12-26 15:03:06,159] Trial 39 finished with value: 34.43324279785156 and parameters: {'gradient_clip_val': 0.2064877404226474, 'hidden_size': 60, 'dropout': 0.16781817438283075, 'hidden_continuous_size': 26, 'attention_head_size': 2, 'learning_rate': 0.03652384472633079}. Best is trial 0 with value: 11.620320320129395.
[I 2023-12-26 15:03:08,733] Trial 40 finished with value: 46.92835998535156 and parameters: {'gradient_clip_val': 0.11718525491548203, 'hidden_size': 10, 'dropout': 0.12837706456063042, 'hidden_continuous_size': 8, 'attention_head_size': 3, 'learning_rate': 0.07588862587505045}. Best is trial 0 with value: 11.620320320129395.
[I 2023-12-26 15:03:12,112] Trial 41 finished with value: 46.95611572265625 and parameters: {'gradient_clip_val': 0.15481418420630766, 'hidden_size': 27, 'dropout': 0.49995071482756315, 'hidden_continuous_size': 18, 'attention_head_size': 4, 'learning_rate': 0.048877928246130846}. Best is trial 0 with value: 11.620320320129395.
[I 2023-12-26 15:03:15,086] Trial 42 finished with value: 36.52549743652344 and parameters: {'gradient_clip_val': 0.1119208113027466, 'hidden_size': 20, 'dropout': 0.4689275917624637, 'hidden_continuous_size': 15, 'attention_head_size': 4, 'learning_rate': 0.012632766388656645}. Best is trial 0 with value: 11.620320320129395.
[I 2023-12-26 15:03:18,836] Trial 43 finished with value: 39.68136978149414 and parameters: {'gradient_clip_val': 0.10327031241383165, 'hidden_size': 34, 'dropout': 0.2137620669489278, 'hidden_continuous_size': 21, 'attention_head_size': 4, 'learning_rate': 0.02249093904803245}. Best is trial 0 with value: 11.620320320129395.
[I 2023-12-26 15:03:23,115] Trial 44 finished with value: 38.12181091308594 and parameters: {'gradient_clip_val': 0.1336362469988182, 'hidden_size': 42, 'dropout': 0.4289191164231188, 'hidden_continuous_size': 23, 'attention_head_size': 4, 'learning_rate': 0.03190927613178692}. Best is trial 0 with value: 11.620320320129395.
[I 2023-12-26 15:03:26,263] Trial 45 finished with value: 42.00593948364258 and parameters: {'gradient_clip_val': 0.15742591045307686, 'hidden_size': 22, 'dropout': 0.45806293814344085, 'hidden_continuous_size': 17, 'attention_head_size': 3, 'learning_rate': 0.08432592077153173}. Best is trial 0 with value: 11.620320320129395.
[I 2023-12-26 15:03:29,098] Trial 46 finished with value: 44.427398681640625 and parameters: {'gradient_clip_val': 0.2052942869724528, 'hidden_size': 18, 'dropout': 0.4517069417482436, 'hidden_continuous_size': 14, 'attention_head_size': 4, 'learning_rate': 0.05064482777699571}. Best is trial 0 with value: 11.620320320129395.
[I 2023-12-26 15:03:32,548] Trial 47 finished with value: 42.424495697021484 and parameters: {'gradient_clip_val': 0.11667075933014709, 'hidden_size': 29, 'dropout': 0.2767141387132886, 'hidden_continuous_size': 21, 'attention_head_size': 3, 'learning_rate': 0.09786497566151417}. Best is trial 0 with value: 11.620320320129395.
[I 2023-12-26 15:03:35,129] Trial 48 finished with value: 49.64543533325195 and parameters: {'gradient_clip_val': 0.13753315383591316, 'hidden_size': 12, 'dropout': 0.48446317079972817, 'hidden_continuous_size': 9, 'attention_head_size': 1, 'learning_rate': 0.03671249415020431}. Best is trial 0 with value: 11.620320320129395.
[I 2023-12-26 15:03:38,128] Trial 49 finished with value: 59.96746826171875 and parameters: {'gradient_clip_val': 0.276500245366086, 'hidden_size': 14, 'dropout': 0.24453463993219682, 'hidden_continuous_size': 12, 'attention_head_size': 2, 'learning_rate': 0.02391843929952019}. Best is trial 0 with value: 11.620320320129395.
[I 2023-12-26 15:03:38,340] A new study created in memory with name: no-name-9d235085-e47f-4e98-9110-9d4f97de58f1
/home/le004/conda/anaconda3/envs/tsff_env/lib/python3.9/site-packages/lightning/fabric/plugins/environments/slurm.py:191: The `srun` command is available on your system but is not used. HINT: If your intention is to run Lightning on SLURM, prepend your python command with `srun` like so: srun python /home/le004/master_thesis/git/TSFusionForecast/code/ ...
[I 2023-12-26 15:05:43,195] Trial 0 finished with value: 172.2407989501953 and parameters: {'gradient_clip_val': 0.2551610710605203, 'hidden_size': 16, 'dropout': 0.28914218481192144, 'hidden_continuous_size': 7, 'attention_head_size': 3, 'learning_rate': 0.07043959551071072}. Best is trial 0 with value: 172.2407989501953.
[I 2023-12-26 15:05:48,491] Trial 1 finished with value: 308.74847412109375 and parameters: {'gradient_clip_val': 0.7560714791838539, 'hidden_size': 78, 'dropout': 0.4573553610773866, 'hidden_continuous_size': 10, 'attention_head_size': 1, 'learning_rate': 0.04605149196084127}. Best is trial 0 with value: 172.2407989501953.
[I 2023-12-26 15:05:56,169] Trial 2 finished with value: 342.641357421875 and parameters: {'gradient_clip_val': 0.32679173200706063, 'hidden_size': 85, 'dropout': 0.28480528842635283, 'hidden_continuous_size': 52, 'attention_head_size': 3, 'learning_rate': 0.006298786340984049}. Best is trial 0 with value: 172.2407989501953.
[I 2023-12-26 15:05:58,777] Trial 3 finished with value: 427.3388671875 and parameters: {'gradient_clip_val': 0.9585418217608739, 'hidden_size': 12, 'dropout': 0.28144612062102825, 'hidden_continuous_size': 5, 'attention_head_size': 3, 'learning_rate': 0.0008194029170997626}. Best is trial 0 with value: 172.2407989501953.
[I 2023-12-26 15:06:01,392] Trial 4 finished with value: 502.2214660644531 and parameters: {'gradient_clip_val': 0.9140362165795857, 'hidden_size': 35, 'dropout': 0.11377255012230761, 'hidden_continuous_size': 11, 'attention_head_size': 4, 'learning_rate': 0.0233493465673525}. Best is trial 0 with value: 172.2407989501953.
[I 2023-12-26 15:06:04,796] Trial 5 finished with value: 549.9160766601562 and parameters: {'gradient_clip_val': 0.7125538686001406, 'hidden_size': 34, 'dropout': 0.2501521172091857, 'hidden_continuous_size': 13, 'attention_head_size': 2, 'learning_rate': 0.0006273977315609316}. Best is trial 0 with value: 172.2407989501953.
[I 2023-12-26 15:06:07,894] Trial 6 finished with value: 319.2991027832031 and parameters: {'gradient_clip_val': 0.19275732662248823, 'hidden_size': 21, 'dropout': 0.42707568500757964, 'hidden_continuous_size': 6, 'attention_head_size': 4, 'learning_rate': 0.0018470297722535194}. Best is trial 0 with value: 172.2407989501953.
