[I 2023-12-15 20:52:49,391] Trial 39 finished with value: 1.6392723321914673 and parameters: {'gradient_clip_val': 0.6743309423068465, 'hidden_size': 32, 'dropout': 0.33967082782652575, 'hidden_continuous_size': 13, 'attention_head_size': 1, 'learning_rate': 0.0007151019278436432}. Best is trial 38 with value: 1.5024436712265015.
LOCAL_RANK: 0 - CUDA_VISIBLE_DEVICES: [0]
[I 2023-12-15 20:53:40,943] Trial 40 finished with value: 2.1832053661346436 and parameters: {'gradient_clip_val': 0.6186328234217299, 'hidden_size': 43, 'dropout': 0.33990774828625314, 'hidden_continuous_size': 11, 'attention_head_size': 1, 'learning_rate': 0.0015140742856513405}. Best is trial 38 with value: 1.5024436712265015.
LOCAL_RANK: 0 - CUDA_VISIBLE_DEVICES: [0]
[I 2023-12-15 20:54:30,358] Trial 41 finished with value: 1.5067960023880005 and parameters: {'gradient_clip_val': 0.7180737140886333, 'hidden_size': 37, 'dropout': 0.320072206339114, 'hidden_continuous_size': 9, 'attention_head_size': 1, 'learning_rate': 0.0009156614364136245}. Best is trial 38 with value: 1.5024436712265015.
LOCAL_RANK: 0 - CUDA_VISIBLE_DEVICES: [0]
[I 2023-12-15 20:55:19,838] Trial 42 finished with value: 1.518459677696228 and parameters: {'gradient_clip_val': 0.747264400776335, 'hidden_size': 37, 'dropout': 0.3226093728857424, 'hidden_continuous_size': 10, 'attention_head_size': 1, 'learning_rate': 0.0008383036169988618}. Best is trial 38 with value: 1.5024436712265015.
LOCAL_RANK: 0 - CUDA_VISIBLE_DEVICES: [0]
[I 2023-12-15 20:56:09,472] Trial 43 finished with value: 1.7196203470230103 and parameters: {'gradient_clip_val': 0.7297652935946498, 'hidden_size': 37, 'dropout': 0.32959114025457925, 'hidden_continuous_size': 10, 'attention_head_size': 1, 'learning_rate': 0.0008773471875007076}. Best is trial 38 with value: 1.5024436712265015.
LOCAL_RANK: 0 - CUDA_VISIBLE_DEVICES: [0]
[I 2023-12-15 20:57:02,009] Trial 44 finished with value: 2.525259017944336 and parameters: {'gradient_clip_val': 0.7520931238200695, 'hidden_size': 55, 'dropout': 0.35549174887390267, 'hidden_continuous_size': 12, 'attention_head_size': 1, 'learning_rate': 0.0008595529595955651}. Best is trial 38 with value: 1.5024436712265015.
LOCAL_RANK: 0 - CUDA_VISIBLE_DEVICES: [0]
[I 2023-12-15 20:57:51,342] Trial 45 finished with value: 1.720608115196228 and parameters: {'gradient_clip_val': 0.9291331377578381, 'hidden_size': 36, 'dropout': 0.3731232013825475, 'hidden_continuous_size': 14, 'attention_head_size': 1, 'learning_rate': 0.0015422331326215189}. Best is trial 38 with value: 1.5024436712265015.
LOCAL_RANK: 0 - CUDA_VISIBLE_DEVICES: [0]
[I 2023-12-15 20:58:40,151] Trial 46 finished with value: 1.6083379983901978 and parameters: {'gradient_clip_val': 0.8196931340247641, 'hidden_size': 27, 'dropout': 0.319724183051458, 'hidden_continuous_size': 10, 'attention_head_size': 1, 'learning_rate': 0.0006597695053023185}. Best is trial 38 with value: 1.5024436712265015.
LOCAL_RANK: 0 - CUDA_VISIBLE_DEVICES: [0]
[I 2023-12-15 20:59:33,409] Trial 47 finished with value: 3.416538953781128 and parameters: {'gradient_clip_val': 0.8782786805784704, 'hidden_size': 57, 'dropout': 0.306625791301321, 'hidden_continuous_size': 20, 'attention_head_size': 2, 'learning_rate': 0.002082867670690899}. Best is trial 38 with value: 1.5024436712265015.
LOCAL_RANK: 0 - CUDA_VISIBLE_DEVICES: [0]
[I 2023-12-15 21:00:22,206] Trial 48 finished with value: 1.5872291326522827 and parameters: {'gradient_clip_val': 0.7684261799181514, 'hidden_size': 31, 'dropout': 0.3619181909045286, 'hidden_continuous_size': 9, 'attention_head_size': 1, 'learning_rate': 0.0005817499214630615}. Best is trial 38 with value: 1.5024436712265015.
LOCAL_RANK: 0 - CUDA_VISIBLE_DEVICES: [0]
[I 2023-12-15 21:01:13,791] Trial 49 finished with value: 1.69602632522583 and parameters: {'gradient_clip_val': 0.9823827196597533, 'hidden_size': 42, 'dropout': 0.3478559849285544, 'hidden_continuous_size': 9, 'attention_head_size': 2, 'learning_rate': 0.0014358521121519013}. Best is trial 38 with value: 1.5024436712265015.
[I 2023-12-15 21:01:13,885] A new study created in memory with name: no-name-299454f4-f928-45ba-a51e-13f083645cd7
/home/le004/conda/anaconda3/envs/tsff_env/lib/python3.9/site-packages/lightning/fabric/plugins/environments/slurm.py:191: The `srun` command is available on your system but is not used. HINT: If your intention is to run Lightning on SLURM, prepend your python command with `srun` like so: srun python /home/le004/master_thesis/git/TSFusionForecast/code/ ...
LOCAL_RANK: 0 - CUDA_VISIBLE_DEVICES: [0]
[I 2023-12-15 21:01:59,425] Trial 0 finished with value: 0.5813487768173218 and parameters: {'gradient_clip_val': 0.14959700731716022, 'hidden_size': 11, 'dropout': 0.25566508018831413, 'hidden_continuous_size': 5, 'attention_head_size': 3, 'learning_rate': 0.0035931680407548347}. Best is trial 0 with value: 0.5813487768173218.
LOCAL_RANK: 0 - CUDA_VISIBLE_DEVICES: [0]
[I 2023-12-15 21:02:52,229] Trial 1 finished with value: 0.28271791338920593 and parameters: {'gradient_clip_val': 0.13968227784483794, 'hidden_size': 38, 'dropout': 0.30547278377407383, 'hidden_continuous_size': 23, 'attention_head_size': 4, 'learning_rate': 0.0010017711704079254}. Best is trial 1 with value: 0.28271791338920593.
LOCAL_RANK: 0 - CUDA_VISIBLE_DEVICES: [0]
[I 2023-12-15 21:03:41,163] Trial 2 finished with value: 0.048772890120744705 and parameters: {'gradient_clip_val': 0.6699525370848524, 'hidden_size': 29, 'dropout': 0.211304548088415, 'hidden_continuous_size': 7, 'attention_head_size': 3, 'learning_rate': 0.010845897559777634}. Best is trial 2 with value: 0.048772890120744705.
LOCAL_RANK: 0 - CUDA_VISIBLE_DEVICES: [0]
[I 2023-12-15 21:04:29,318] Trial 3 finished with value: 0.453406423330307 and parameters: {'gradient_clip_val': 0.26296047595145866, 'hidden_size': 32, 'dropout': 0.2478756318305573, 'hidden_continuous_size': 5, 'attention_head_size': 4, 'learning_rate': 0.0006773001523679305}. Best is trial 2 with value: 0.048772890120744705.
LOCAL_RANK: 0 - CUDA_VISIBLE_DEVICES: [0]
[I 2023-12-15 21:05:14,821] Trial 4 finished with value: 0.7543628811836243 and parameters: {'gradient_clip_val': 0.3064102607569626, 'hidden_size': 11, 'dropout': 0.31864129227757726, 'hidden_continuous_size': 8, 'attention_head_size': 2, 'learning_rate': 0.0011475241396362733}. Best is trial 2 with value: 0.048772890120744705.
LOCAL_RANK: 0 - CUDA_VISIBLE_DEVICES: [0]
[I 2023-12-15 21:05:59,228] Trial 5 finished with value: 0.553180456161499 and parameters: {'gradient_clip_val': 0.6762864911675258, 'hidden_size': 8, 'dropout': 0.3104732389406619, 'hidden_continuous_size': 6, 'attention_head_size': 4, 'learning_rate': 0.0022501376511886587}. Best is trial 2 with value: 0.048772890120744705.
LOCAL_RANK: 0 - CUDA_VISIBLE_DEVICES: [0]
[I 2023-12-15 21:06:33,569] Trial 6 finished with value: 0.10374972969293594 and parameters: {'gradient_clip_val': 0.5210365246375892, 'hidden_size': 5, 'dropout': 0.27330585386021966, 'hidden_continuous_size': 5, 'attention_head_size': 3, 'learning_rate': 0.0499046334628089}. Best is trial 2 with value: 0.048772890120744705.
LOCAL_RANK: 0 - CUDA_VISIBLE_DEVICES: [0]
[I 2023-12-15 21:07:29,885] Trial 7 finished with value: 0.055129196494817734 and parameters: {'gradient_clip_val': 0.4270722432042137, 'hidden_size': 73, 'dropout': 0.11891234974581608, 'hidden_continuous_size': 67, 'attention_head_size': 2, 'learning_rate': 0.004130398037593821}. Best is trial 2 with value: 0.048772890120744705.
LOCAL_RANK: 0 - CUDA_VISIBLE_DEVICES: [0]
[I 2023-12-15 21:08:23,493] Trial 8 finished with value: 0.05943566560745239 and parameters: {'gradient_clip_val': 0.3938226463114358, 'hidden_size': 48, 'dropout': 0.1689577253088116, 'hidden_continuous_size': 40, 'attention_head_size': 4, 'learning_rate': 0.01224833787582686}. Best is trial 2 with value: 0.048772890120744705.
LOCAL_RANK: 0 - CUDA_VISIBLE_DEVICES: [0]
[I 2023-12-15 21:09:11,728] Trial 9 finished with value: 0.6478690505027771 and parameters: {'gradient_clip_val': 0.2251923652390382, 'hidden_size': 17, 'dropout': 0.17869526972232921, 'hidden_continuous_size': 15, 'attention_head_size': 3, 'learning_rate': 0.000999481728368001}. Best is trial 2 with value: 0.048772890120744705.
LOCAL_RANK: 0 - CUDA_VISIBLE_DEVICES: [0]
[I 2023-12-15 21:10:05,505] Trial 10 finished with value: 0.04209291934967041 and parameters: {'gradient_clip_val': 0.8990806177213739, 'hidden_size': 97, 'dropout': 0.3875703855568294, 'hidden_continuous_size': 11, 'attention_head_size': 1, 'learning_rate': 0.014986715228930074}. Best is trial 10 with value: 0.04209291934967041.
LOCAL_RANK: 0 - CUDA_VISIBLE_DEVICES: [0]
[I 2023-12-15 21:10:59,006] Trial 11 finished with value: 0.04908275231719017 and parameters: {'gradient_clip_val': 0.9827927622149794, 'hidden_size': 90, 'dropout': 0.3967823880702078, 'hidden_continuous_size': 10, 'attention_head_size': 1, 'learning_rate': 0.013397057795196557}. Best is trial 10 with value: 0.04209291934967041.
LOCAL_RANK: 0 - CUDA_VISIBLE_DEVICES: [0]
[I 2023-12-15 21:11:47,300] Trial 12 finished with value: 0.03861033543944359 and parameters: {'gradient_clip_val': 0.9644868500385705, 'hidden_size': 25, 'dropout': 0.39091346953431677, 'hidden_continuous_size': 8, 'attention_head_size': 1, 'learning_rate': 0.027981629570818164}. Best is trial 12 with value: 0.03861033543944359.
LOCAL_RANK: 0 - CUDA_VISIBLE_DEVICES: [0]
[I 2023-12-15 21:12:39,812] Trial 13 finished with value: 0.034144263714551926 and parameters: {'gradient_clip_val': 0.9209334134850475, 'hidden_size': 65, 'dropout': 0.3935490394671292, 'hidden_continuous_size': 11, 'attention_head_size': 1, 'learning_rate': 0.03438440136868291}. Best is trial 13 with value: 0.034144263714551926.
LOCAL_RANK: 0 - CUDA_VISIBLE_DEVICES: [0]
[I 2023-12-15 21:13:32,079] Trial 14 finished with value: 0.039339981973171234 and parameters: {'gradient_clip_val': 0.9750816522239045, 'hidden_size': 56, 'dropout': 0.3606627490769442, 'hidden_continuous_size': 13, 'attention_head_size': 1, 'learning_rate': 0.05228401840536054}. Best is trial 13 with value: 0.034144263714551926.
LOCAL_RANK: 0 - CUDA_VISIBLE_DEVICES: [0]
[I 2023-12-15 21:14:20,431] Trial 15 finished with value: 0.1262655258178711 and parameters: {'gradient_clip_val': 0.6692350816735593, 'hidden_size': 23, 'dropout': 0.35637084316764467, 'hidden_continuous_size': 8, 'attention_head_size': 2, 'learning_rate': 0.0991444992479417}. Best is trial 13 with value: 0.034144263714551926.
LOCAL_RANK: 0 - CUDA_VISIBLE_DEVICES: [0]
[I 2023-12-15 21:15:13,163] Trial 16 finished with value: 0.058686912059783936 and parameters: {'gradient_clip_val': 0.7229842330320566, 'hidden_size': 54, 'dropout': 0.3991627834955737, 'hidden_continuous_size': 19, 'attention_head_size': 1, 'learning_rate': 0.026056995242070505}. Best is trial 13 with value: 0.034144263714551926.
LOCAL_RANK: 0 - CUDA_VISIBLE_DEVICES: [0]
[I 2023-12-15 21:16:01,629] Trial 17 finished with value: 0.058969151228666306 and parameters: {'gradient_clip_val': 0.5166687524565284, 'hidden_size': 21, 'dropout': 0.34563715798537126, 'hidden_continuous_size': 9, 'attention_head_size': 2, 'learning_rate': 0.0281272240716983}. Best is trial 13 with value: 0.034144263714551926.
LOCAL_RANK: 0 - CUDA_VISIBLE_DEVICES: [0]
[I 2023-12-15 21:16:49,813] Trial 18 finished with value: 0.05031994357705116 and parameters: {'gradient_clip_val': 0.8022567241235138, 'hidden_size': 40, 'dropout': 0.3620869633440814, 'hidden_continuous_size': 7, 'attention_head_size': 1, 'learning_rate': 0.007605586458830442}. Best is trial 13 with value: 0.034144263714551926.
LOCAL_RANK: 0 - CUDA_VISIBLE_DEVICES: [0]
[I 2023-12-15 21:17:42,667] Trial 19 finished with value: 0.05017871782183647 and parameters: {'gradient_clip_val': 0.5478463770029091, 'hidden_size': 68, 'dropout': 0.3351520560260031, 'hidden_continuous_size': 12, 'attention_head_size': 1, 'learning_rate': 0.023722443000756974}. Best is trial 13 with value: 0.034144263714551926.
LOCAL_RANK: 0 - CUDA_VISIBLE_DEVICES: [0]
[I 2023-12-15 21:18:32,499] Trial 20 finished with value: 0.0452292263507843 and parameters: {'gradient_clip_val': 0.9953527043131606, 'hidden_size': 40, 'dropout': 0.3766282042766558, 'hidden_continuous_size': 10, 'attention_head_size': 2, 'learning_rate': 0.09968524585615711}. Best is trial 13 with value: 0.034144263714551926.
LOCAL_RANK: 0 - CUDA_VISIBLE_DEVICES: [0]
[I 2023-12-15 21:19:25,287] Trial 21 finished with value: 0.044338371604681015 and parameters: {'gradient_clip_val': 0.7943455559564201, 'hidden_size': 58, 'dropout': 0.3686492940718525, 'hidden_continuous_size': 13, 'attention_head_size': 1, 'learning_rate': 0.046835880808084256}. Best is trial 13 with value: 0.034144263714551926.
LOCAL_RANK: 0 - CUDA_VISIBLE_DEVICES: [0]
[I 2023-12-15 21:20:18,362] Trial 22 finished with value: 0.04711000248789787 and parameters: {'gradient_clip_val': 0.9938093819337972, 'hidden_size': 74, 'dropout': 0.39928061513008134, 'hidden_continuous_size': 13, 'attention_head_size': 1, 'learning_rate': 0.046261417517497065}. Best is trial 13 with value: 0.034144263714551926.
LOCAL_RANK: 0 - CUDA_VISIBLE_DEVICES: [0]
[I 2023-12-15 21:21:10,969] Trial 23 finished with value: 0.041596755385398865 and parameters: {'gradient_clip_val': 0.8009215188846914, 'hidden_size': 51, 'dropout': 0.3429745538819894, 'hidden_continuous_size': 17, 'attention_head_size': 1, 'learning_rate': 0.06458959220406492}. Best is trial 13 with value: 0.034144263714551926.
LOCAL_RANK: 0 - CUDA_VISIBLE_DEVICES: [0]
[I 2023-12-15 21:22:05,235] Trial 24 finished with value: 0.03752943500876427 and parameters: {'gradient_clip_val': 0.5887626679865117, 'hidden_size': 100, 'dropout': 0.37264394384358396, 'hidden_continuous_size': 20, 'attention_head_size': 2, 'learning_rate': 0.031585604652116066}. Best is trial 13 with value: 0.034144263714551926.
LOCAL_RANK: 0 - CUDA_VISIBLE_DEVICES: [0]
[I 2023-12-15 21:22:59,137] Trial 25 finished with value: 0.04012139141559601 and parameters: {'gradient_clip_val': 0.6238759684682836, 'hidden_size': 73, 'dropout': 0.37660660332604234, 'hidden_continuous_size': 23, 'attention_head_size': 2, 'learning_rate': 0.020374240583240385}. Best is trial 13 with value: 0.034144263714551926.
LOCAL_RANK: 0 - CUDA_VISIBLE_DEVICES: [0]
[I 2023-12-15 21:23:54,342] Trial 26 finished with value: 0.051816802471876144 and parameters: {'gradient_clip_val': 0.7999350384770433, 'hidden_size': 98, 'dropout': 0.3301841514892433, 'hidden_continuous_size': 27, 'attention_head_size': 2, 'learning_rate': 0.03367822296950826}. Best is trial 13 with value: 0.034144263714551926.
LOCAL_RANK: 0 - CUDA_VISIBLE_DEVICES: [0]
[I 2023-12-15 21:24:47,576] Trial 27 finished with value: 0.05856003239750862 and parameters: {'gradient_clip_val': 0.5956760185766906, 'hidden_size': 81, 'dropout': 0.37479246829534557, 'hidden_continuous_size': 9, 'attention_head_size': 2, 'learning_rate': 0.017525856662527123}. Best is trial 13 with value: 0.034144263714551926.
LOCAL_RANK: 0 - CUDA_VISIBLE_DEVICES: [0]
[I 2023-12-15 21:25:40,422] Trial 28 finished with value: 0.061804819852113724 and parameters: {'gradient_clip_val': 0.8359431119592566, 'hidden_size': 62, 'dropout': 0.29329798097041804, 'hidden_continuous_size': 15, 'attention_head_size': 1, 'learning_rate': 0.03125024635229236}. Best is trial 13 with value: 0.034144263714551926.
LOCAL_RANK: 0 - CUDA_VISIBLE_DEVICES: [0]
[I 2023-12-15 21:26:32,870] Trial 29 finished with value: 0.03317490592598915 and parameters: {'gradient_clip_val': 0.4809986290987679, 'hidden_size': 84, 'dropout': 0.33871435436515795, 'hidden_continuous_size': 6, 'attention_head_size': 3, 'learning_rate': 0.018735955391947876}. Best is trial 29 with value: 0.03317490592598915.
LOCAL_RANK: 0 - CUDA_VISIBLE_DEVICES: [0]
[I 2023-12-15 21:27:26,687] Trial 30 finished with value: 0.06491308659315109 and parameters: {'gradient_clip_val': 0.47005295912236816, 'hidden_size': 99, 'dropout': 0.3318058174238245, 'hidden_continuous_size': 6, 'attention_head_size': 3, 'learning_rate': 0.009926835894764133}. Best is trial 29 with value: 0.03317490592598915.
LOCAL_RANK: 0 - CUDA_VISIBLE_DEVICES: [0]
[I 2023-12-15 21:28:19,524] Trial 31 finished with value: 0.034847911447286606 and parameters: {'gradient_clip_val': 0.5938092898727393, 'hidden_size': 82, 'dropout': 0.3539936647067585, 'hidden_continuous_size': 6, 'attention_head_size': 3, 'learning_rate': 0.01931968885868425}. Best is trial 29 with value: 0.03317490592598915.
LOCAL_RANK: 0 - CUDA_VISIBLE_DEVICES: [0]
[I 2023-12-15 21:29:11,756] Trial 32 finished with value: 0.05783898010849953 and parameters: {'gradient_clip_val': 0.586727680616519, 'hidden_size': 81, 'dropout': 0.3516374209328104, 'hidden_continuous_size': 5, 'attention_head_size': 3, 'learning_rate': 0.019506730238886636}. Best is trial 29 with value: 0.03317490592598915.
LOCAL_RANK: 0 - CUDA_VISIBLE_DEVICES: [0]
[I 2023-12-15 21:30:04,286] Trial 33 finished with value: 0.06780645996332169 and parameters: {'gradient_clip_val': 0.37384664851113386, 'hidden_size': 68, 'dropout': 0.32289018279683607, 'hidden_continuous_size': 11, 'attention_head_size': 3, 'learning_rate': 0.01746399126722515}. Best is trial 29 with value: 0.03317490592598915.
LOCAL_RANK: 0 - CUDA_VISIBLE_DEVICES: [0]
[I 2023-12-15 21:30:57,017] Trial 34 finished with value: 0.04697467014193535 and parameters: {'gradient_clip_val': 0.48184013435131223, 'hidden_size': 82, 'dropout': 0.30265895235078505, 'hidden_continuous_size': 6, 'attention_head_size': 3, 'learning_rate': 0.03793775671655674}. Best is trial 29 with value: 0.03317490592598915.
LOCAL_RANK: 0 - CUDA_VISIBLE_DEVICES: [0]
[I 2023-12-15 21:31:48,780] Trial 35 finished with value: 0.048953164368867874 and parameters: {'gradient_clip_val': 0.581725024050161, 'hidden_size': 48, 'dropout': 0.3477404073718256, 'hidden_continuous_size': 7, 'attention_head_size': 4, 'learning_rate': 0.01089185366819867}. Best is trial 29 with value: 0.03317490592598915.
LOCAL_RANK: 0 - CUDA_VISIBLE_DEVICES: [0]
[I 2023-12-15 21:32:41,472] Trial 36 finished with value: 0.04395115375518799 and parameters: {'gradient_clip_val': 0.6844206988975967, 'hidden_size': 63, 'dropout': 0.3799438852293181, 'hidden_continuous_size': 7, 'attention_head_size': 3, 'learning_rate': 0.02122978425099998}. Best is trial 29 with value: 0.03317490592598915.
LOCAL_RANK: 0 - CUDA_VISIBLE_DEVICES: [0]
[I 2023-12-15 21:33:34,065] Trial 37 finished with value: 0.07127472758293152 and parameters: {'gradient_clip_val': 0.471719132385278, 'hidden_size': 84, 'dropout': 0.29185350734067017, 'hidden_continuous_size': 6, 'attention_head_size': 4, 'learning_rate': 0.008560472367858814}. Best is trial 29 with value: 0.03317490592598915.
LOCAL_RANK: 0 - CUDA_VISIBLE_DEVICES: [0]
[I 2023-12-15 21:34:27,469] Trial 38 finished with value: 0.049904342740774155 and parameters: {'gradient_clip_val': 0.6842143792009838, 'hidden_size': 97, 'dropout': 0.3131676991936167, 'hidden_continuous_size': 5, 'attention_head_size': 3, 'learning_rate': 0.006691207845333337}. Best is trial 29 with value: 0.03317490592598915.
LOCAL_RANK: 0 - CUDA_VISIBLE_DEVICES: [0]
[I 2023-12-15 21:35:17,153] Trial 39 finished with value: 0.04657362028956413 and parameters: {'gradient_clip_val': 0.3588508999554177, 'hidden_size': 34, 'dropout': 0.3631018860860494, 'hidden_continuous_size': 9, 'attention_head_size': 2, 'learning_rate': 0.014442698663454568}. Best is trial 29 with value: 0.03317490592598915.
LOCAL_RANK: 0 - CUDA_VISIBLE_DEVICES: [0]
[I 2023-12-15 21:36:06,864] Trial 40 finished with value: 0.06896290928125381 and parameters: {'gradient_clip_val': 0.5622979849189319, 'hidden_size': 44, 'dropout': 0.3255850740242905, 'hidden_continuous_size': 5, 'attention_head_size': 3, 'learning_rate': 0.034127190729161795}. Best is trial 29 with value: 0.03317490592598915.
LOCAL_RANK: 0 - CUDA_VISIBLE_DEVICES: [0]
[I 2023-12-15 21:36:59,550] Trial 41 finished with value: 0.04593175649642944 and parameters: {'gradient_clip_val': 0.7198636000481671, 'hidden_size': 62, 'dropout': 0.3868741481555314, 'hidden_continuous_size': 8, 'attention_head_size': 2, 'learning_rate': 0.024820430026530962}. Best is trial 29 with value: 0.03317490592598915.
LOCAL_RANK: 0 - CUDA_VISIBLE_DEVICES: [0]
[I 2023-12-15 21:37:49,147] Trial 42 finished with value: 0.03641736879944801 and parameters: {'gradient_clip_val': 0.8801226197801759, 'hidden_size': 31, 'dropout': 0.3839948433134112, 'hidden_continuous_size': 8, 'attention_head_size': 3, 'learning_rate': 0.02614250790538022}. Best is trial 29 with value: 0.03317490592598915.
LOCAL_RANK: 0 - CUDA_VISIBLE_DEVICES: [0]
[I 2023-12-15 21:38:41,756] Trial 43 finished with value: 0.06174842640757561 and parameters: {'gradient_clip_val': 0.8630680900852568, 'hidden_size': 77, 'dropout': 0.36781650440128644, 'hidden_continuous_size': 6, 'attention_head_size': 3, 'learning_rate': 0.01580169086127574}. Best is trial 29 with value: 0.03317490592598915.
LOCAL_RANK: 0 - CUDA_VISIBLE_DEVICES: [0]
[I 2023-12-15 21:39:31,776] Trial 44 finished with value: 0.0424150712788105 and parameters: {'gradient_clip_val': 0.430330556729533, 'hidden_size': 33, 'dropout': 0.38172137712329535, 'hidden_continuous_size': 7, 'attention_head_size': 4, 'learning_rate': 0.03875129229330452}. Best is trial 29 with value: 0.03317490592598915.
LOCAL_RANK: 0 - CUDA_VISIBLE_DEVICES: [0]
[I 2023-12-15 21:40:24,994] Trial 45 finished with value: 0.03679182752966881 and parameters: {'gradient_clip_val': 0.10000404192291648, 'hidden_size': 86, 'dropout': 0.34694875870509967, 'hidden_continuous_size': 6, 'attention_head_size': 3, 'learning_rate': 0.02371868924744782}. Best is trial 29 with value: 0.03317490592598915.
LOCAL_RANK: 0 - CUDA_VISIBLE_DEVICES: [0]
