[I 2023-12-27 11:14:22,873] Trial 1 finished with value: 60.84029769897461 and parameters: {'gradient_clip_val': 0.2655388227466566, 'hidden_size': 132, 'dropout': 0.13708412008496254, 'hidden_continuous_size': 56, 'attention_head_size': 2, 'learning_rate': 0.09487030483018782}. Best is trial 0 with value: 59.009368896484375.
[I 2023-12-27 11:14:23,227] Trial 2 finished with value: 379.3157043457031 and parameters: {'gradient_clip_val': 0.8187122509664476, 'hidden_size': 6, 'dropout': 0.29444599502841584, 'hidden_continuous_size': 5, 'attention_head_size': 3, 'learning_rate': 0.004250762456497902}. Best is trial 0 with value: 59.009368896484375.
[I 2023-12-27 11:14:23,546] Trial 3 finished with value: 377.7109375 and parameters: {'gradient_clip_val': 0.32770988103730136, 'hidden_size': 6, 'dropout': 0.4791620984943463, 'hidden_continuous_size': 6, 'attention_head_size': 2, 'learning_rate': 0.001438182538633491}. Best is trial 0 with value: 59.009368896484375.
[I 2023-12-27 11:14:23,946] Trial 4 finished with value: 415.587890625 and parameters: {'gradient_clip_val': 0.3239882490422471, 'hidden_size': 50, 'dropout': 0.4897578203927374, 'hidden_continuous_size': 6, 'attention_head_size': 2, 'learning_rate': 0.0010987392194359304}. Best is trial 0 with value: 59.009368896484375.
[I 2023-12-27 11:14:24,348] Trial 5 finished with value: 476.2337341308594 and parameters: {'gradient_clip_val': 0.8574602707925469, 'hidden_size': 55, 'dropout': 0.328399668101117, 'hidden_continuous_size': 26, 'attention_head_size': 2, 'learning_rate': 0.0909651780038202}. Best is trial 0 with value: 59.009368896484375.
[I 2023-12-27 11:14:24,791] Trial 6 finished with value: 529.1287231445312 and parameters: {'gradient_clip_val': 0.11171044454924606, 'hidden_size': 67, 'dropout': 0.34410645823234576, 'hidden_continuous_size': 52, 'attention_head_size': 3, 'learning_rate': 0.006745126038573345}. Best is trial 0 with value: 59.009368896484375.
[I 2023-12-27 11:14:25,135] Trial 7 finished with value: 482.9184875488281 and parameters: {'gradient_clip_val': 0.9412476229380091, 'hidden_size': 19, 'dropout': 0.34376767161643645, 'hidden_continuous_size': 10, 'attention_head_size': 1, 'learning_rate': 0.000628664066192479}. Best is trial 0 with value: 59.009368896484375.
[I 2023-12-27 11:14:25,615] Trial 8 finished with value: 457.427001953125 and parameters: {'gradient_clip_val': 0.17216550428426586, 'hidden_size': 108, 'dropout': 0.27336752174297907, 'hidden_continuous_size': 23, 'attention_head_size': 4, 'learning_rate': 0.05979143893754402}. Best is trial 0 with value: 59.009368896484375.
[I 2023-12-27 11:14:26,148] Trial 9 finished with value: 449.4184265136719 and parameters: {'gradient_clip_val': 0.17581043648240322, 'hidden_size': 7, 'dropout': 0.2973420410687506, 'hidden_continuous_size': 7, 'attention_head_size': 2, 'learning_rate': 0.012684586549483321}. Best is trial 0 with value: 59.009368896484375.
[I 2023-12-27 11:14:26,543] Trial 10 finished with value: 391.9652404785156 and parameters: {'gradient_clip_val': 0.5484020915714851, 'hidden_size': 22, 'dropout': 0.12170300190722788, 'hidden_continuous_size': 11, 'attention_head_size': 1, 'learning_rate': 0.0025766021768113085}. Best is trial 0 with value: 59.009368896484375.
[I 2023-12-27 11:14:27,187] Trial 11 finished with value: 525.7396850585938 and parameters: {'gradient_clip_val': 0.5176314183186191, 'hidden_size': 145, 'dropout': 0.1258756751067987, 'hidden_continuous_size': 126, 'attention_head_size': 1, 'learning_rate': 0.018416350957902484}. Best is trial 0 with value: 59.009368896484375.
[I 2023-12-27 11:14:27,576] Trial 12 finished with value: 361.7405090332031 and parameters: {'gradient_clip_val': 0.4806332438380414, 'hidden_size': 34, 'dropout': 0.1852052060021422, 'hidden_continuous_size': 16, 'attention_head_size': 1, 'learning_rate': 0.031942351077431416}. Best is trial 0 with value: 59.009368896484375.
[I 2023-12-27 11:14:28,090] Trial 13 finished with value: 489.3821716308594 and parameters: {'gradient_clip_val': 0.21074200670740192, 'hidden_size': 107, 'dropout': 0.1959096346860436, 'hidden_continuous_size': 40, 'attention_head_size': 3, 'learning_rate': 0.009582804749385596}. Best is trial 0 with value: 59.009368896484375.
[I 2023-12-27 11:14:28,463] Trial 14 finished with value: 518.1597290039062 and parameters: {'gradient_clip_val': 0.24423051150516173, 'hidden_size': 13, 'dropout': 0.201574645210604, 'hidden_continuous_size': 5, 'attention_head_size': 1, 'learning_rate': 0.03375404656628563}. Best is trial 0 with value: 59.009368896484375.
[I 2023-12-27 11:14:28,857] Trial 15 finished with value: 497.40576171875 and parameters: {'gradient_clip_val': 0.4339218052807328, 'hidden_size': 37, 'dropout': 0.1000328989250245, 'hidden_continuous_size': 17, 'attention_head_size': 2, 'learning_rate': 0.004428210957610915}. Best is trial 0 with value: 59.009368896484375.
[I 2023-12-27 11:14:29,343] Trial 16 finished with value: 504.104248046875 and parameters: {'gradient_clip_val': 0.5926166257746464, 'hidden_size': 87, 'dropout': 0.23985448391363198, 'hidden_continuous_size': 36, 'attention_head_size': 4, 'learning_rate': 0.02101223909163596}. Best is trial 0 with value: 59.009368896484375.
[I 2023-12-27 11:14:29,806] Trial 17 finished with value: 571.3117065429688 and parameters: {'gradient_clip_val': 0.6761793362476116, 'hidden_size': 74, 'dropout': 0.16442258095860562, 'hidden_continuous_size': 58, 'attention_head_size': 1, 'learning_rate': 0.0698644448519224}. Best is trial 0 with value: 59.009368896484375.
[I 2023-12-27 11:14:30,402] Trial 18 finished with value: 469.7154541015625 and parameters: {'gradient_clip_val': 0.38528302710900697, 'hidden_size': 146, 'dropout': 0.1440343047663587, 'hidden_continuous_size': 75, 'attention_head_size': 2, 'learning_rate': 0.006714559257750124}. Best is trial 0 with value: 59.009368896484375.
[I 2023-12-27 11:14:30,806] Trial 19 finished with value: 575.2338256835938 and parameters: {'gradient_clip_val': 0.6865968689419683, 'hidden_size': 42, 'dropout': 0.21845272276248195, 'hidden_continuous_size': 22, 'attention_head_size': 3, 'learning_rate': 0.0025876527610900714}. Best is trial 0 with value: 59.009368896484375.
[I 2023-12-27 11:14:31,196] Trial 20 finished with value: 410.359619140625 and parameters: {'gradient_clip_val': 0.4031339054255662, 'hidden_size': 30, 'dropout': 0.16055923905484015, 'hidden_continuous_size': 14, 'attention_head_size': 1, 'learning_rate': 0.015299447106719436}. Best is trial 0 with value: 59.009368896484375.
[I 2023-12-27 11:14:31,592] Trial 21 finished with value: 628.232177734375 and parameters: {'gradient_clip_val': 0.48126024208176194, 'hidden_size': 35, 'dropout': 0.17852522392205913, 'hidden_continuous_size': 16, 'attention_head_size': 1, 'learning_rate': 0.04641069218466249}. Best is trial 0 with value: 59.009368896484375.
[I 2023-12-27 11:14:32,235] Trial 22 finished with value: 452.4114685058594 and parameters: {'gradient_clip_val': 0.9887689816022665, 'hidden_size': 53, 'dropout': 0.24106377355967104, 'hidden_continuous_size': 20, 'attention_head_size': 1, 'learning_rate': 0.03287718271255469}. Best is trial 0 with value: 59.009368896484375.
[I 2023-12-27 11:14:32,639] Trial 23 finished with value: 473.9297180175781 and parameters: {'gradient_clip_val': 0.7197958051205011, 'hidden_size': 26, 'dropout': 0.16806491481941, 'hidden_continuous_size': 13, 'attention_head_size': 2, 'learning_rate': 0.0906857232459372}. Best is trial 0 with value: 59.009368896484375.
[I 2023-12-27 11:14:33,002] Trial 24 finished with value: 464.3436584472656 and parameters: {'gradient_clip_val': 0.27728252230937805, 'hidden_size': 17, 'dropout': 0.14005104956953024, 'hidden_continuous_size': 9, 'attention_head_size': 1, 'learning_rate': 0.04463106329670635}. Best is trial 0 with value: 59.009368896484375.
[I 2023-12-27 11:14:33,419] Trial 25 finished with value: 491.6114807128906 and parameters: {'gradient_clip_val': 0.590270046834657, 'hidden_size': 44, 'dropout': 0.10613380334274085, 'hidden_continuous_size': 18, 'attention_head_size': 2, 'learning_rate': 0.09148911016557719}. Best is trial 0 with value: 59.009368896484375.
[I 2023-12-27 11:14:33,811] Trial 26 finished with value: 426.6476745605469 and parameters: {'gradient_clip_val': 0.46147932081559984, 'hidden_size': 30, 'dropout': 0.19514026944969654, 'hidden_continuous_size': 13, 'attention_head_size': 1, 'learning_rate': 0.026168993339761627}. Best is trial 0 with value: 59.009368896484375.
[I 2023-12-27 11:14:34,253] Trial 27 finished with value: 397.4427490234375 and parameters: {'gradient_clip_val': 0.36832067114394684, 'hidden_size': 76, 'dropout': 0.14403300473204353, 'hidden_continuous_size': 26, 'attention_head_size': 1, 'learning_rate': 0.05365245757952844}. Best is trial 0 with value: 59.009368896484375.
[I 2023-12-27 11:14:34,689] Trial 28 finished with value: 549.7994995117188 and parameters: {'gradient_clip_val': 0.768319873973735, 'hidden_size': 63, 'dropout': 0.22531396244481353, 'hidden_continuous_size': 29, 'attention_head_size': 2, 'learning_rate': 0.030411621578548022}. Best is trial 0 with value: 59.009368896484375.
[I 2023-12-27 11:14:35,108] Trial 29 finished with value: 435.519775390625 and parameters: {'gradient_clip_val': 0.8387018587200753, 'hidden_size': 44, 'dropout': 0.2614780001026872, 'hidden_continuous_size': 19, 'attention_head_size': 3, 'learning_rate': 0.020257386088036518}. Best is trial 0 with value: 59.009368896484375.
[I 2023-12-27 11:14:35,528] Trial 30 finished with value: 548.1080932617188 and parameters: {'gradient_clip_val': 0.6140302575702102, 'hidden_size': 58, 'dropout': 0.19029574754883766, 'hidden_continuous_size': 15, 'attention_head_size': 1, 'learning_rate': 0.011783390883297565}. Best is trial 0 with value: 59.009368896484375.
[I 2023-12-27 11:14:35,863] Trial 31 finished with value: 353.5002136230469 and parameters: {'gradient_clip_val': 0.33025533766369375, 'hidden_size': 5, 'dropout': 0.4925584807675989, 'hidden_continuous_size': 5, 'attention_head_size': 2, 'learning_rate': 0.0016636015654836864}. Best is trial 0 with value: 59.009368896484375.
[I 2023-12-27 11:14:36,204] Trial 32 finished with value: 442.0516052246094 and parameters: {'gradient_clip_val': 0.353154775630266, 'hidden_size': 5, 'dropout': 0.4457207678476561, 'hidden_continuous_size': 5, 'attention_head_size': 2, 'learning_rate': 0.0024523416251862095}. Best is trial 0 with value: 59.009368896484375.
[I 2023-12-27 11:14:36,574] Trial 33 finished with value: 554.9263916015625 and parameters: {'gradient_clip_val': 0.3016335034257681, 'hidden_size': 12, 'dropout': 0.429424189548151, 'hidden_continuous_size': 8, 'attention_head_size': 2, 'learning_rate': 0.00127671371688114}. Best is trial 0 with value: 59.009368896484375.
[I 2023-12-27 11:14:36,948] Trial 34 finished with value: 404.4529113769531 and parameters: {'gradient_clip_val': 0.4767446068823512, 'hidden_size': 9, 'dropout': 0.40175049391764844, 'hidden_continuous_size': 6, 'attention_head_size': 2, 'learning_rate': 0.0018404559212271603}. Best is trial 0 with value: 59.009368896484375.
[I 2023-12-27 11:14:37,333] Trial 35 finished with value: 444.7586975097656 and parameters: {'gradient_clip_val': 0.3878989612900844, 'hidden_size': 25, 'dropout': 0.4939236658304053, 'hidden_continuous_size': 12, 'attention_head_size': 3, 'learning_rate': 0.0047390853445406795}. Best is trial 0 with value: 59.009368896484375.
[I 2023-12-27 11:14:37,925] Trial 36 finished with value: 338.90679931640625 and parameters: {'gradient_clip_val': 0.3219767892066161, 'hidden_size': 19, 'dropout': 0.2667109967221154, 'hidden_continuous_size': 11, 'attention_head_size': 2, 'learning_rate': 0.0009508586599355569}. Best is trial 0 with value: 59.009368896484375.
[I 2023-12-27 11:14:38,256] Trial 37 finished with value: 601.27587890625 and parameters: {'gradient_clip_val': 0.3240841191217416, 'hidden_size': 5, 'dropout': 0.325059271190215, 'hidden_continuous_size': 5, 'attention_head_size': 2, 'learning_rate': 0.0008114276324494377}. Best is trial 0 with value: 59.009368896484375.
[I 2023-12-27 11:14:38,622] Trial 38 finished with value: 362.7014465332031 and parameters: {'gradient_clip_val': 0.2741602441907811, 'hidden_size': 7, 'dropout': 0.2807771313917141, 'hidden_continuous_size': 6, 'attention_head_size': 3, 'learning_rate': 0.0009623122736502927}. Best is trial 0 with value: 59.009368896484375.
[I 2023-12-27 11:14:39,003] Trial 39 finished with value: 472.1026306152344 and parameters: {'gradient_clip_val': 0.8673402587217982, 'hidden_size': 20, 'dropout': 0.36909665248675155, 'hidden_continuous_size': 10, 'attention_head_size': 2, 'learning_rate': 0.0005397148627298489}. Best is trial 0 with value: 59.009368896484375.
[I 2023-12-27 11:14:39,382] Trial 40 finished with value: 441.8602294921875 and parameters: {'gradient_clip_val': 0.3472898762352159, 'hidden_size': 16, 'dropout': 0.31678916085665737, 'hidden_continuous_size': 8, 'attention_head_size': 4, 'learning_rate': 0.0016794052324869031}. Best is trial 0 with value: 59.009368896484375.
[I 2023-12-27 11:14:39,811] Trial 41 finished with value: 314.9642333984375 and parameters: {'gradient_clip_val': 0.42694015186334927, 'hidden_size': 49, 'dropout': 0.2527091262376079, 'hidden_continuous_size': 16, 'attention_head_size': 2, 'learning_rate': 0.0007536856616730326}. Best is trial 0 with value: 59.009368896484375.
[I 2023-12-27 11:14:40,194] Trial 42 finished with value: 455.5650634765625 and parameters: {'gradient_clip_val': 0.4207993850499467, 'hidden_size': 23, 'dropout': 0.2626612693619758, 'hidden_continuous_size': 11, 'attention_head_size': 2, 'learning_rate': 0.0010590321629819586}. Best is trial 0 with value: 59.009368896484375.
[I 2023-12-27 11:14:40,611] Trial 43 finished with value: 350.53466796875 and parameters: {'gradient_clip_val': 0.3079110232997549, 'hidden_size': 50, 'dropout': 0.29926296626747434, 'hidden_continuous_size': 15, 'attention_head_size': 2, 'learning_rate': 0.0008095026095618638}. Best is trial 0 with value: 59.009368896484375.
[I 2023-12-27 11:14:41,038] Trial 44 finished with value: 530.9871826171875 and parameters: {'gradient_clip_val': 0.23453975496188706, 'hidden_size': 50, 'dropout': 0.2902945463691884, 'hidden_continuous_size': 14, 'attention_head_size': 2, 'learning_rate': 0.0007876049414704754}. Best is trial 0 with value: 59.009368896484375.
[I 2023-12-27 11:14:41,435] Trial 45 finished with value: 477.7222595214844 and parameters: {'gradient_clip_val': 0.299676383865802, 'hidden_size': 30, 'dropout': 0.2888563410682512, 'hidden_continuous_size': 17, 'attention_head_size': 2, 'learning_rate': 0.0006487378916193801}. Best is trial 0 with value: 59.009368896484375.
[I 2023-12-27 11:14:41,951] Trial 46 finished with value: 392.6475524902344 and parameters: {'gradient_clip_val': 0.5128371589328221, 'hidden_size': 115, 'dropout': 0.31181923375595494, 'hidden_continuous_size': 21, 'attention_head_size': 3, 'learning_rate': 0.0011840205880730879}. Best is trial 0 with value: 59.009368896484375.
[I 2023-12-27 11:14:42,375] Trial 47 finished with value: 551.781005859375 and parameters: {'gradient_clip_val': 0.42566696609142685, 'hidden_size': 64, 'dropout': 0.2613247236200424, 'hidden_continuous_size': 18, 'attention_head_size': 2, 'learning_rate': 0.0005387245881678216}. Best is trial 0 with value: 59.009368896484375.
[I 2023-12-27 11:14:42,785] Trial 48 finished with value: 357.5481872558594 and parameters: {'gradient_clip_val': 0.19611073342925467, 'hidden_size': 52, 'dropout': 0.3027817242509949, 'hidden_continuous_size': 15, 'attention_head_size': 2, 'learning_rate': 0.000815496752244373}. Best is trial 0 with value: 59.009368896484375.
[I 2023-12-27 11:14:43,488] Trial 49 finished with value: 543.830322265625 and parameters: {'gradient_clip_val': 0.25598896553168526, 'hidden_size': 90, 'dropout': 0.2083796416467426, 'hidden_continuous_size': 25, 'attention_head_size': 3, 'learning_rate': 0.0013811002613585426}. Best is trial 0 with value: 59.009368896484375.
[I 2023-12-27 11:14:43,605] A new study created in memory with name: no-name-f1573a7e-88a3-4069-8e86-7314f01bdc39
/home/le004/conda/anaconda3/envs/tsff_env/lib/python3.9/site-packages/lightning/fabric/plugins/environments/slurm.py:191: The `srun` command is available on your system but is not used. HINT: If your intention is to run Lightning on SLURM, prepend your python command with `srun` like so: srun python /home/le004/master_thesis/git/TSFusionForecast/code/ ...
[I 2023-12-27 11:15:31,574] Trial 0 finished with value: 0.05828893557190895 and parameters: {'gradient_clip_val': 0.13978711423988735, 'hidden_size': 108, 'dropout': 0.339579584089307, 'hidden_continuous_size': 7, 'attention_head_size': 1, 'learning_rate': 0.09755832402789417}. Best is trial 0 with value: 0.05828893557190895.
[I 2023-12-27 11:15:47,262] Trial 1 finished with value: 0.20835697650909424 and parameters: {'gradient_clip_val': 0.5045591779107985, 'hidden_size': 135, 'dropout': 0.12797317560334545, 'hidden_continuous_size': 40, 'attention_head_size': 1, 'learning_rate': 0.02070231337078817}. Best is trial 0 with value: 0.05828893557190895.
[I 2023-12-27 11:15:47,708] Trial 2 finished with value: 4.0167646408081055 and parameters: {'gradient_clip_val': 0.3072704843681612, 'hidden_size': 68, 'dropout': 0.13909239453525066, 'hidden_continuous_size': 35, 'attention_head_size': 2, 'learning_rate': 0.0012812118859879158}. Best is trial 0 with value: 0.05828893557190895.
[I 2023-12-27 11:15:48,115] Trial 3 finished with value: 3.398728370666504 and parameters: {'gradient_clip_val': 0.6692526577695627, 'hidden_size': 53, 'dropout': 0.39483284979021704, 'hidden_continuous_size': 6, 'attention_head_size': 1, 'learning_rate': 0.0006063561940324948}. Best is trial 0 with value: 0.05828893557190895.
[I 2023-12-27 11:15:48,450] Trial 4 finished with value: 4.815104007720947 and parameters: {'gradient_clip_val': 0.6455607062578262, 'hidden_size': 5, 'dropout': 0.2127688422502396, 'hidden_continuous_size': 5, 'attention_head_size': 3, 'learning_rate': 0.018255188703366707}. Best is trial 0 with value: 0.05828893557190895.
[I 2023-12-27 11:15:48,816] Trial 5 finished with value: 3.0139377117156982 and parameters: {'gradient_clip_val': 0.47052085582046643, 'hidden_size': 19, 'dropout': 0.30654533635424563, 'hidden_continuous_size': 5, 'attention_head_size': 1, 'learning_rate': 0.04195931054875693}. Best is trial 0 with value: 0.05828893557190895.
[I 2023-12-27 11:15:49,177] Trial 6 finished with value: 5.558022975921631 and parameters: {'gradient_clip_val': 0.9991909222635037, 'hidden_size': 8, 'dropout': 0.27324917566226997, 'hidden_continuous_size': 7, 'attention_head_size': 4, 'learning_rate': 0.07568672344979216}. Best is trial 0 with value: 0.05828893557190895.
[I 2023-12-27 11:15:49,545] Trial 7 finished with value: 4.375870227813721 and parameters: {'gradient_clip_val': 0.3778046772349774, 'hidden_size': 11, 'dropout': 0.10652370943582966, 'hidden_continuous_size': 7, 'attention_head_size': 4, 'learning_rate': 0.03861377451615692}. Best is trial 0 with value: 0.05828893557190895.
[I 2023-12-27 11:15:49,934] Trial 8 finished with value: 3.8530991077423096 and parameters: {'gradient_clip_val': 0.2578913656609106, 'hidden_size': 35, 'dropout': 0.36531708435947186, 'hidden_continuous_size': 8, 'attention_head_size': 4, 'learning_rate': 0.012761516826805534}. Best is trial 0 with value: 0.05828893557190895.
[I 2023-12-27 11:15:50,340] Trial 9 finished with value: 4.353138446807861 and parameters: {'gradient_clip_val': 0.1607983349296715, 'hidden_size': 41, 'dropout': 0.1417516966870673, 'hidden_continuous_size': 10, 'attention_head_size': 4, 'learning_rate': 0.018822889319333427}. Best is trial 0 with value: 0.05828893557190895.
[I 2023-12-27 11:15:51,283] Trial 10 finished with value: 3.8849029541015625 and parameters: {'gradient_clip_val': 0.10310701921405296, 'hidden_size': 143, 'dropout': 0.49853389890941935, 'hidden_continuous_size': 96, 'attention_head_size': 2, 'learning_rate': 0.09404488944216971}. Best is trial 0 with value: 0.05828893557190895.
[I 2023-12-27 11:15:51,883] Trial 11 finished with value: 3.8608028888702393 and parameters: {'gradient_clip_val': 0.21647382936666854, 'hidden_size': 135, 'dropout': 0.2190968293881604, 'hidden_continuous_size': 17, 'attention_head_size': 1, 'learning_rate': 0.004835121889653202}. Best is trial 0 with value: 0.05828893557190895.
[I 2023-12-27 11:15:52,391] Trial 12 finished with value: 4.082932472229004 and parameters: {'gradient_clip_val': 0.1695537214041483, 'hidden_size': 87, 'dropout': 0.19345059368095144, 'hidden_continuous_size': 32, 'attention_head_size': 2, 'learning_rate': 0.005787541034856786}. Best is trial 0 with value: 0.05828893557190895.
[I 2023-12-27 11:15:52,892] Trial 13 finished with value: 4.389012336730957 and parameters: {'gradient_clip_val': 0.10579871153714594, 'hidden_size': 89, 'dropout': 0.27813396091274734, 'hidden_continuous_size': 14, 'attention_head_size': 1, 'learning_rate': 0.09751313741268998}. Best is trial 0 with value: 0.05828893557190895.
[I 2023-12-27 11:15:53,534] Trial 14 finished with value: 3.754561185836792 and parameters: {'gradient_clip_val': 0.3853692643031725, 'hidden_size': 147, 'dropout': 0.3401267765132965, 'hidden_continuous_size': 52, 'attention_head_size': 3, 'learning_rate': 0.04170299431280119}. Best is trial 0 with value: 0.05828893557190895.
[I 2023-12-27 11:15:54,040] Trial 15 finished with value: 3.6631581783294678 and parameters: {'gradient_clip_val': 0.2340313841424448, 'hidden_size': 86, 'dropout': 0.1045560046657466, 'hidden_continuous_size': 13, 'attention_head_size': 2, 'learning_rate': 0.010959431986448139}. Best is trial 0 with value: 0.05828893557190895.
