[I 2023-12-15 20:10:04,818] Trial 33 finished with value: 0.07050953060388565 and parameters: {'gradient_clip_val': 0.5878035829147202, 'hidden_size': 30, 'dropout': 0.1139838773382023, 'hidden_continuous_size': 10, 'attention_head_size': 2, 'learning_rate': 0.06761552949574319}. Best is trial 14 with value: 0.05987844988703728.
LOCAL_RANK: 0 - CUDA_VISIBLE_DEVICES: [0]
[I 2023-12-15 20:10:51,036] Trial 34 finished with value: 0.06611580401659012 and parameters: {'gradient_clip_val': 0.6376975047789774, 'hidden_size': 15, 'dropout': 0.1351332180102037, 'hidden_continuous_size': 9, 'attention_head_size': 1, 'learning_rate': 0.03913794320557915}. Best is trial 14 with value: 0.05987844988703728.
LOCAL_RANK: 0 - CUDA_VISIBLE_DEVICES: [0]
[I 2023-12-15 20:11:38,195] Trial 35 finished with value: 0.11029469966888428 and parameters: {'gradient_clip_val': 0.5201970072248193, 'hidden_size': 24, 'dropout': 0.16553776199919712, 'hidden_continuous_size': 6, 'attention_head_size': 2, 'learning_rate': 0.0475306641423485}. Best is trial 14 with value: 0.05987844988703728.
LOCAL_RANK: 0 - CUDA_VISIBLE_DEVICES: [0]
[I 2023-12-15 20:12:24,660] Trial 36 finished with value: 0.06694546341896057 and parameters: {'gradient_clip_val': 0.8230401835700275, 'hidden_size': 10, 'dropout': 0.18569882941484306, 'hidden_continuous_size': 8, 'attention_head_size': 3, 'learning_rate': 0.07327945370091322}. Best is trial 14 with value: 0.05987844988703728.
LOCAL_RANK: 0 - CUDA_VISIBLE_DEVICES: [0]
[I 2023-12-15 20:13:02,706] Trial 37 finished with value: 0.08814980834722519 and parameters: {'gradient_clip_val': 0.6486625727191226, 'hidden_size': 5, 'dropout': 0.215276181945756, 'hidden_continuous_size': 5, 'attention_head_size': 1, 'learning_rate': 0.022026525215938453}. Best is trial 14 with value: 0.05987844988703728.
LOCAL_RANK: 0 - CUDA_VISIBLE_DEVICES: [0]
[I 2023-12-15 20:13:50,198] Trial 38 finished with value: 0.12350646406412125 and parameters: {'gradient_clip_val': 0.5585952803955245, 'hidden_size': 20, 'dropout': 0.2424312805386652, 'hidden_continuous_size': 9, 'attention_head_size': 2, 'learning_rate': 0.02972152759181436}. Best is trial 14 with value: 0.05987844988703728.
LOCAL_RANK: 0 - CUDA_VISIBLE_DEVICES: [0]
[I 2023-12-15 20:14:36,386] Trial 39 finished with value: 0.21491765975952148 and parameters: {'gradient_clip_val': 0.8698628247516768, 'hidden_size': 15, 'dropout': 0.11504560789570553, 'hidden_continuous_size': 7, 'attention_head_size': 3, 'learning_rate': 0.04406446012079845}. Best is trial 14 with value: 0.05987844988703728.
LOCAL_RANK: 0 - CUDA_VISIBLE_DEVICES: [0]
[I 2023-12-15 20:15:21,404] Trial 40 finished with value: 0.060069818049669266 and parameters: {'gradient_clip_val': 0.42471040416473144, 'hidden_size': 10, 'dropout': 0.2042114199951411, 'hidden_continuous_size': 8, 'attention_head_size': 1, 'learning_rate': 0.06257447198784775}. Best is trial 14 with value: 0.05987844988703728.
LOCAL_RANK: 0 - CUDA_VISIBLE_DEVICES: [0]
[I 2023-12-15 20:16:06,502] Trial 41 finished with value: 0.0669570043683052 and parameters: {'gradient_clip_val': 0.4109139472064987, 'hidden_size': 10, 'dropout': 0.19872263639843804, 'hidden_continuous_size': 8, 'attention_head_size': 1, 'learning_rate': 0.05961408172443}. Best is trial 14 with value: 0.05987844988703728.
LOCAL_RANK: 0 - CUDA_VISIBLE_DEVICES: [0]
[I 2023-12-15 20:16:51,480] Trial 42 finished with value: 0.07576293498277664 and parameters: {'gradient_clip_val': 0.4559820561698884, 'hidden_size': 7, 'dropout': 0.20947927477124184, 'hidden_continuous_size': 5, 'attention_head_size': 1, 'learning_rate': 0.08181458759880374}. Best is trial 14 with value: 0.05987844988703728.
LOCAL_RANK: 0 - CUDA_VISIBLE_DEVICES: [0]
[I 2023-12-15 20:17:35,410] Trial 43 finished with value: 0.05592219531536102 and parameters: {'gradient_clip_val': 0.5834424160775157, 'hidden_size': 8, 'dropout': 0.23530284214627104, 'hidden_continuous_size': 7, 'attention_head_size': 1, 'learning_rate': 0.04178571818265291}. Best is trial 43 with value: 0.05592219531536102.
LOCAL_RANK: 0 - CUDA_VISIBLE_DEVICES: [0]
[I 2023-12-15 20:18:20,670] Trial 44 finished with value: 0.06270750612020493 and parameters: {'gradient_clip_val': 0.5244518852289294, 'hidden_size': 9, 'dropout': 0.2224104412558988, 'hidden_continuous_size': 8, 'attention_head_size': 1, 'learning_rate': 0.04146690418575488}. Best is trial 43 with value: 0.05592219531536102.
LOCAL_RANK: 0 - CUDA_VISIBLE_DEVICES: [0]
[I 2023-12-15 20:19:04,522] Trial 45 finished with value: 0.11375529319047928 and parameters: {'gradient_clip_val': 0.6244655676394286, 'hidden_size': 8, 'dropout': 0.2317252715808263, 'hidden_continuous_size': 7, 'attention_head_size': 1, 'learning_rate': 0.057542989286891374}. Best is trial 43 with value: 0.05592219531536102.
LOCAL_RANK: 0 - CUDA_VISIBLE_DEVICES: [0]
[I 2023-12-15 20:19:49,127] Trial 46 finished with value: 0.10262354463338852 and parameters: {'gradient_clip_val': 0.6930726103050359, 'hidden_size': 12, 'dropout': 0.2501203634467162, 'hidden_continuous_size': 9, 'attention_head_size': 1, 'learning_rate': 0.011381217606178915}. Best is trial 43 with value: 0.05592219531536102.
LOCAL_RANK: 0 - CUDA_VISIBLE_DEVICES: [0]
[I 2023-12-15 20:20:34,502] Trial 47 finished with value: 0.15621979534626007 and parameters: {'gradient_clip_val': 0.787319668996583, 'hidden_size': 14, 'dropout': 0.18354097883880052, 'hidden_continuous_size': 7, 'attention_head_size': 1, 'learning_rate': 0.08211102472399466}. Best is trial 43 with value: 0.05592219531536102.
LOCAL_RANK: 0 - CUDA_VISIBLE_DEVICES: [0]
[I 2023-12-15 20:21:19,375] Trial 48 finished with value: 0.11695439368486404 and parameters: {'gradient_clip_val': 0.881915323554265, 'hidden_size': 6, 'dropout': 0.20117393140585502, 'hidden_continuous_size': 5, 'attention_head_size': 1, 'learning_rate': 0.036073898050996124}. Best is trial 43 with value: 0.05592219531536102.
LOCAL_RANK: 0 - CUDA_VISIBLE_DEVICES: [0]
[I 2023-12-15 20:22:04,320] Trial 49 finished with value: 0.0779872015118599 and parameters: {'gradient_clip_val': 0.5664486347239729, 'hidden_size': 12, 'dropout': 0.17293111688195784, 'hidden_continuous_size': 9, 'attention_head_size': 2, 'learning_rate': 0.05110890273160836}. Best is trial 43 with value: 0.05592219531536102.
[I 2023-12-15 20:22:04,413] A new study created in memory with name: no-name-31b45c5a-dc1b-412e-babf-1adc04ddab84
/home/le004/conda/anaconda3/envs/tsff_env/lib/python3.9/site-packages/lightning/fabric/plugins/environments/slurm.py:191: The `srun` command is available on your system but is not used. HINT: If your intention is to run Lightning on SLURM, prepend your python command with `srun` like so: srun python /home/le004/master_thesis/git/TSFusionForecast/code/ ...
LOCAL_RANK: 0 - CUDA_VISIBLE_DEVICES: [0]
[I 2023-12-15 20:22:51,662] Trial 0 finished with value: 0.05824561044573784 and parameters: {'gradient_clip_val': 0.1217623028528958, 'hidden_size': 17, 'dropout': 0.1610545965235887, 'hidden_continuous_size': 7, 'attention_head_size': 4, 'learning_rate': 0.09533505759803472}. Best is trial 0 with value: 0.05824561044573784.
LOCAL_RANK: 0 - CUDA_VISIBLE_DEVICES: [0]
[I 2023-12-15 20:23:36,527] Trial 1 finished with value: 0.2324444204568863 and parameters: {'gradient_clip_val': 0.44750523965184874, 'hidden_size': 13, 'dropout': 0.24398232020400898, 'hidden_continuous_size': 5, 'attention_head_size': 1, 'learning_rate': 0.0020208716475283383}. Best is trial 0 with value: 0.05824561044573784.
LOCAL_RANK: 0 - CUDA_VISIBLE_DEVICES: [0]
[I 2023-12-15 20:24:14,444] Trial 2 finished with value: 0.9394232630729675 and parameters: {'gradient_clip_val': 0.2685095354928856, 'hidden_size': 9, 'dropout': 0.3094300688928241, 'hidden_continuous_size': 9, 'attention_head_size': 3, 'learning_rate': 0.0009833359428368716}. Best is trial 0 with value: 0.05824561044573784.
LOCAL_RANK: 0 - CUDA_VISIBLE_DEVICES: [0]
[I 2023-12-15 20:25:00,120] Trial 3 finished with value: 0.09010971337556839 and parameters: {'gradient_clip_val': 0.25317827486921246, 'hidden_size': 9, 'dropout': 0.18299030935261693, 'hidden_continuous_size': 8, 'attention_head_size': 1, 'learning_rate': 0.029003331688096455}. Best is trial 0 with value: 0.05824561044573784.
LOCAL_RANK: 0 - CUDA_VISIBLE_DEVICES: [0]
[I 2023-12-15 20:25:48,132] Trial 4 finished with value: 0.059363484382629395 and parameters: {'gradient_clip_val': 0.12751105569495064, 'hidden_size': 24, 'dropout': 0.22094228004128336, 'hidden_continuous_size': 15, 'attention_head_size': 1, 'learning_rate': 0.048887975462047276}. Best is trial 0 with value: 0.05824561044573784.
LOCAL_RANK: 0 - CUDA_VISIBLE_DEVICES: [0]
[I 2023-12-15 20:26:33,860] Trial 5 finished with value: 0.08107542246580124 and parameters: {'gradient_clip_val': 0.27691470755884895, 'hidden_size': 10, 'dropout': 0.10211949938949405, 'hidden_continuous_size': 6, 'attention_head_size': 1, 'learning_rate': 0.009421801682024883}. Best is trial 0 with value: 0.05824561044573784.
LOCAL_RANK: 0 - CUDA_VISIBLE_DEVICES: [0]
[I 2023-12-15 20:27:21,944] Trial 6 finished with value: 0.05803637206554413 and parameters: {'gradient_clip_val': 0.8431252494240926, 'hidden_size': 21, 'dropout': 0.36075004585437354, 'hidden_continuous_size': 6, 'attention_head_size': 3, 'learning_rate': 0.005038682004968488}. Best is trial 6 with value: 0.05803637206554413.
LOCAL_RANK: 0 - CUDA_VISIBLE_DEVICES: [0]
[I 2023-12-15 20:28:06,991] Trial 7 finished with value: 0.4226299226284027 and parameters: {'gradient_clip_val': 0.5257903447567503, 'hidden_size': 14, 'dropout': 0.3280496379443052, 'hidden_continuous_size': 5, 'attention_head_size': 1, 'learning_rate': 0.0012426782766058013}. Best is trial 6 with value: 0.05803637206554413.
LOCAL_RANK: 0 - CUDA_VISIBLE_DEVICES: [0]
[I 2023-12-15 20:28:43,267] Trial 8 finished with value: 0.08825208991765976 and parameters: {'gradient_clip_val': 0.5928688423053047, 'hidden_size': 12, 'dropout': 0.346586647462206, 'hidden_continuous_size': 12, 'attention_head_size': 3, 'learning_rate': 0.022963164894258238}. Best is trial 6 with value: 0.05803637206554413.
LOCAL_RANK: 0 - CUDA_VISIBLE_DEVICES: [0]
[I 2023-12-15 20:29:32,914] Trial 9 finished with value: 0.056100863963365555 and parameters: {'gradient_clip_val': 0.17055995816065406, 'hidden_size': 26, 'dropout': 0.1016828414567636, 'hidden_continuous_size': 8, 'attention_head_size': 4, 'learning_rate': 0.02674916316752339}. Best is trial 9 with value: 0.056100863963365555.
LOCAL_RANK: 0 - CUDA_VISIBLE_DEVICES: [0]
[I 2023-12-15 20:30:26,173] Trial 10 finished with value: 0.04722360894083977 and parameters: {'gradient_clip_val': 0.17593623028843747, 'hidden_size': 52, 'dropout': 0.10429538753201464, 'hidden_continuous_size': 30, 'attention_head_size': 4, 'learning_rate': 0.011179444664622456}. Best is trial 10 with value: 0.04722360894083977.
LOCAL_RANK: 0 - CUDA_VISIBLE_DEVICES: [0]
[I 2023-12-15 20:31:19,937] Trial 11 finished with value: 0.11412358283996582 and parameters: {'gradient_clip_val': 0.1770811887206818, 'hidden_size': 54, 'dropout': 0.10183769269262914, 'hidden_continuous_size': 29, 'attention_head_size': 4, 'learning_rate': 0.009115580404637393}. Best is trial 10 with value: 0.04722360894083977.
LOCAL_RANK: 0 - CUDA_VISIBLE_DEVICES: [0]
[I 2023-12-15 20:32:14,009] Trial 12 finished with value: 0.06893209367990494 and parameters: {'gradient_clip_val': 0.19287102722871122, 'hidden_size': 59, 'dropout': 0.14608636901244026, 'hidden_continuous_size': 27, 'attention_head_size': 4, 'learning_rate': 0.01681824993641397}. Best is trial 10 with value: 0.04722360894083977.
LOCAL_RANK: 0 - CUDA_VISIBLE_DEVICES: [0]
[I 2023-12-15 20:33:06,275] Trial 13 finished with value: 0.03940369188785553 and parameters: {'gradient_clip_val': 0.10045541428015702, 'hidden_size': 35, 'dropout': 0.1374856655892892, 'hidden_continuous_size': 20, 'attention_head_size': 2, 'learning_rate': 0.002911135231023113}. Best is trial 13 with value: 0.03940369188785553.
LOCAL_RANK: 0 - CUDA_VISIBLE_DEVICES: [0]
[I 2023-12-15 20:34:02,571] Trial 14 finished with value: 0.04249255731701851 and parameters: {'gradient_clip_val': 0.10417960770900266, 'hidden_size': 97, 'dropout': 0.1951386878208648, 'hidden_continuous_size': 50, 'attention_head_size': 2, 'learning_rate': 0.0035208156028524755}. Best is trial 13 with value: 0.03940369188785553.
LOCAL_RANK: 0 - CUDA_VISIBLE_DEVICES: [0]
[I 2023-12-15 20:34:59,295] Trial 15 finished with value: 0.07588205486536026 and parameters: {'gradient_clip_val': 0.10486434362535169, 'hidden_size': 93, 'dropout': 0.2120023971567832, 'hidden_continuous_size': 57, 'attention_head_size': 2, 'learning_rate': 0.0036438423485038876}. Best is trial 13 with value: 0.03940369188785553.
LOCAL_RANK: 0 - CUDA_VISIBLE_DEVICES: [0]
[I 2023-12-15 20:35:57,766] Trial 16 finished with value: 0.07318791002035141 and parameters: {'gradient_clip_val': 0.10435470145808393, 'hidden_size': 100, 'dropout': 0.2778355883596746, 'hidden_continuous_size': 93, 'attention_head_size': 2, 'learning_rate': 0.0005930721143888075}. Best is trial 13 with value: 0.03940369188785553.
LOCAL_RANK: 0 - CUDA_VISIBLE_DEVICES: [0]
[I 2023-12-15 20:36:33,813] Trial 17 finished with value: 0.49148496985435486 and parameters: {'gradient_clip_val': 0.13467012335092945, 'hidden_size': 5, 'dropout': 0.39358159013718036, 'hidden_continuous_size': 5, 'attention_head_size': 2, 'learning_rate': 0.0029995909095036385}. Best is trial 13 with value: 0.03940369188785553.
LOCAL_RANK: 0 - CUDA_VISIBLE_DEVICES: [0]
[I 2023-12-15 20:37:26,196] Trial 18 finished with value: 0.06869005411863327 and parameters: {'gradient_clip_val': 0.10315645820202765, 'hidden_size': 38, 'dropout': 0.18450457286664812, 'hidden_continuous_size': 18, 'attention_head_size': 2, 'learning_rate': 0.005480485295231156}. Best is trial 13 with value: 0.03940369188785553.
LOCAL_RANK: 0 - CUDA_VISIBLE_DEVICES: [0]
[I 2023-12-15 20:38:15,591] Trial 19 finished with value: 0.11201343685388565 and parameters: {'gradient_clip_val': 0.14334400888970142, 'hidden_size': 36, 'dropout': 0.2652638110484677, 'hidden_continuous_size': 11, 'attention_head_size': 2, 'learning_rate': 0.0021722614408062678}. Best is trial 13 with value: 0.03940369188785553.
LOCAL_RANK: 0 - CUDA_VISIBLE_DEVICES: [0]
[I 2023-12-15 20:39:10,136] Trial 20 finished with value: 0.09231116622686386 and parameters: {'gradient_clip_val': 0.21415349941778003, 'hidden_size': 76, 'dropout': 0.1385272374953025, 'hidden_continuous_size': 40, 'attention_head_size': 3, 'learning_rate': 0.0059578389568718795}. Best is trial 13 with value: 0.03940369188785553.
LOCAL_RANK: 0 - CUDA_VISIBLE_DEVICES: [0]
[I 2023-12-15 20:40:03,837] Trial 21 finished with value: 0.08659584075212479 and parameters: {'gradient_clip_val': 0.1465487484649652, 'hidden_size': 63, 'dropout': 0.13419980329655862, 'hidden_continuous_size': 22, 'attention_head_size': 2, 'learning_rate': 0.008636505789897001}. Best is trial 13 with value: 0.03940369188785553.
LOCAL_RANK: 0 - CUDA_VISIBLE_DEVICES: [0]
[I 2023-12-15 20:40:56,449] Trial 22 finished with value: 0.06638064980506897 and parameters: {'gradient_clip_val': 0.15736234537571991, 'hidden_size': 44, 'dropout': 0.16097214848379385, 'hidden_continuous_size': 19, 'attention_head_size': 3, 'learning_rate': 0.014335642173260612}. Best is trial 13 with value: 0.03940369188785553.
LOCAL_RANK: 0 - CUDA_VISIBLE_DEVICES: [0]
[I 2023-12-15 20:41:51,399] Trial 23 finished with value: 0.08091554790735245 and parameters: {'gradient_clip_val': 0.11785374129642429, 'hidden_size': 77, 'dropout': 0.1291624042242871, 'hidden_continuous_size': 40, 'attention_head_size': 2, 'learning_rate': 0.004334120024343261}. Best is trial 13 with value: 0.03940369188785553.
LOCAL_RANK: 0 - CUDA_VISIBLE_DEVICES: [0]
[I 2023-12-15 20:42:44,612] Trial 24 finished with value: 0.07136724144220352 and parameters: {'gradient_clip_val': 0.10032685669658316, 'hidden_size': 49, 'dropout': 0.19007768863392238, 'hidden_continuous_size': 23, 'attention_head_size': 3, 'learning_rate': 0.0027785088992085876}. Best is trial 13 with value: 0.03940369188785553.
LOCAL_RANK: 0 - CUDA_VISIBLE_DEVICES: [0]
[I 2023-12-15 20:43:36,406] Trial 25 finished with value: 0.09950312227010727 and parameters: {'gradient_clip_val': 0.2123395393003896, 'hidden_size': 34, 'dropout': 0.12204038145502479, 'hidden_continuous_size': 17, 'attention_head_size': 2, 'learning_rate': 0.007499478096313556}. Best is trial 13 with value: 0.03940369188785553.
LOCAL_RANK: 0 - CUDA_VISIBLE_DEVICES: [0]
[I 2023-12-15 20:44:30,687] Trial 26 finished with value: 0.06041967496275902 and parameters: {'gradient_clip_val': 0.14782942351517792, 'hidden_size': 71, 'dropout': 0.1639305971840347, 'hidden_continuous_size': 31, 'attention_head_size': 3, 'learning_rate': 0.003794356064241109}. Best is trial 13 with value: 0.03940369188785553.
LOCAL_RANK: 0 - CUDA_VISIBLE_DEVICES: [0]
[I 2023-12-15 20:45:23,600] Trial 27 finished with value: 0.0531669557094574 and parameters: {'gradient_clip_val': 0.12133142268066262, 'hidden_size': 50, 'dropout': 0.12176799169609584, 'hidden_continuous_size': 15, 'attention_head_size': 2, 'learning_rate': 0.0017501627763378037}. Best is trial 13 with value: 0.03940369188785553.
LOCAL_RANK: 0 - CUDA_VISIBLE_DEVICES: [0]
[I 2023-12-15 20:46:13,624] Trial 28 finished with value: 0.08201130479574203 and parameters: {'gradient_clip_val': 0.16691748200426476, 'hidden_size': 30, 'dropout': 0.15266357795328028, 'hidden_continuous_size': 14, 'attention_head_size': 4, 'learning_rate': 0.002884963325973394}. Best is trial 13 with value: 0.03940369188785553.
LOCAL_RANK: 0 - CUDA_VISIBLE_DEVICES: [0]
[I 2023-12-15 20:47:07,066] Trial 29 finished with value: 0.043793097138404846 and parameters: {'gradient_clip_val': 0.12316247329707254, 'hidden_size': 43, 'dropout': 0.1700628437760575, 'hidden_continuous_size': 21, 'attention_head_size': 4, 'learning_rate': 0.012407855703110296}. Best is trial 13 with value: 0.03940369188785553.
LOCAL_RANK: 0 - CUDA_VISIBLE_DEVICES: [0]
[I 2023-12-15 20:47:58,298] Trial 30 finished with value: 0.10807523876428604 and parameters: {'gradient_clip_val': 0.1223490938387198, 'hidden_size': 38, 'dropout': 0.1623650418305803, 'hidden_continuous_size': 12, 'attention_head_size': 2, 'learning_rate': 0.0055792635074295655}. Best is trial 13 with value: 0.03940369188785553.
LOCAL_RANK: 0 - CUDA_VISIBLE_DEVICES: [0]
[I 2023-12-15 20:48:51,590] Trial 31 finished with value: 0.0479729063808918 and parameters: {'gradient_clip_val': 0.12615523664515454, 'hidden_size': 45, 'dropout': 0.17263928245650112, 'hidden_continuous_size': 21, 'attention_head_size': 4, 'learning_rate': 0.01382567467706779}. Best is trial 13 with value: 0.03940369188785553.
LOCAL_RANK: 0 - CUDA_VISIBLE_DEVICES: [0]
[I 2023-12-15 20:49:45,971] Trial 32 finished with value: 0.08433107286691666 and parameters: {'gradient_clip_val': 0.11455242872814118, 'hidden_size': 61, 'dropout': 0.19970720507340284, 'hidden_continuous_size': 25, 'attention_head_size': 4, 'learning_rate': 0.010264833225721122}. Best is trial 13 with value: 0.03940369188785553.
LOCAL_RANK: 0 - CUDA_VISIBLE_DEVICES: [0]
[I 2023-12-15 20:50:41,606] Trial 33 finished with value: 0.07138543576002121 and parameters: {'gradient_clip_val': 0.1396778717721235, 'hidden_size': 83, 'dropout': 0.1493432913037603, 'hidden_continuous_size': 33, 'attention_head_size': 4, 'learning_rate': 0.006833331926765466}. Best is trial 13 with value: 0.03940369188785553.
LOCAL_RANK: 0 - CUDA_VISIBLE_DEVICES: [0]
[I 2023-12-15 20:51:35,851] Trial 34 finished with value: 0.07964697480201721 and parameters: {'gradient_clip_val': 0.10006383794664321, 'hidden_size': 67, 'dropout': 0.17276185853654222, 'hidden_continuous_size': 20, 'attention_head_size': 4, 'learning_rate': 0.004204781631029798}. Best is trial 13 with value: 0.03940369188785553.
LOCAL_RANK: 0 - CUDA_VISIBLE_DEVICES: [0]
[I 2023-12-15 20:52:28,080] Trial 35 finished with value: 0.11375371366739273 and parameters: {'gradient_clip_val': 0.13660247346393406, 'hidden_size': 43, 'dropout': 0.22916172975948695, 'hidden_continuous_size': 24, 'attention_head_size': 1, 'learning_rate': 0.012192039784687678}. Best is trial 13 with value: 0.03940369188785553.
LOCAL_RANK: 0 - CUDA_VISIBLE_DEVICES: [0]
[I 2023-12-15 20:53:20,608] Trial 36 finished with value: 0.10554200410842896 and parameters: {'gradient_clip_val': 0.11494074520204017, 'hidden_size': 56, 'dropout': 0.20020880066746555, 'hidden_continuous_size': 17, 'attention_head_size': 3, 'learning_rate': 0.018824937349524742}. Best is trial 13 with value: 0.03940369188785553.
LOCAL_RANK: 0 - CUDA_VISIBLE_DEVICES: [0]
[I 2023-12-15 20:54:15,647] Trial 37 finished with value: 0.10290024429559708 and parameters: {'gradient_clip_val': 0.3132064215756713, 'hidden_size': 87, 'dropout': 0.12436671973290196, 'hidden_continuous_size': 35, 'attention_head_size': 1, 'learning_rate': 0.04281008002374626}. Best is trial 13 with value: 0.03940369188785553.
LOCAL_RANK: 0 - CUDA_VISIBLE_DEVICES: [0]
[I 2023-12-15 20:55:05,363] Trial 38 finished with value: 0.07319324463605881 and parameters: {'gradient_clip_val': 0.15485230991741003, 'hidden_size': 28, 'dropout': 0.1732775007406217, 'hidden_continuous_size': 20, 'attention_head_size': 3, 'learning_rate': 0.0072317905003822}. Best is trial 13 with value: 0.03940369188785553.
LOCAL_RANK: 0 - CUDA_VISIBLE_DEVICES: [0]
[I 2023-12-15 20:55:54,898] Trial 39 finished with value: 0.04692642763257027 and parameters: {'gradient_clip_val': 0.129526853618195, 'hidden_size': 23, 'dropout': 0.11475033331205406, 'hidden_continuous_size': 14, 'attention_head_size': 4, 'learning_rate': 0.010790165508116827}. Best is trial 13 with value: 0.03940369188785553.
LOCAL_RANK: 0 - CUDA_VISIBLE_DEVICES: [0]
