[I 2023-12-26 16:38:44,841] Trial 40 finished with value: 4.18845796585083 and parameters: {'gradient_clip_val': 0.42513391081741186, 'hidden_size': 8, 'dropout': 0.27996460064324363, 'hidden_continuous_size': 5, 'attention_head_size': 3, 'learning_rate': 0.005781798245638858}. Best is trial 0 with value: 0.0925978422164917.
[I 2023-12-26 16:38:46,767] Trial 41 finished with value: 2.6074564456939697 and parameters: {'gradient_clip_val': 0.46078519009286634, 'hidden_size': 6, 'dropout': 0.14635634720135743, 'hidden_continuous_size': 5, 'attention_head_size': 2, 'learning_rate': 0.007426256995797137}. Best is trial 0 with value: 0.0925978422164917.
[I 2023-12-26 16:38:48,526] Trial 42 finished with value: 3.416173219680786 and parameters: {'gradient_clip_val': 0.5686880914569136, 'hidden_size': 5, 'dropout': 0.16427258824436397, 'hidden_continuous_size': 5, 'attention_head_size': 1, 'learning_rate': 0.01323760250749019}. Best is trial 0 with value: 0.0925978422164917.
[I 2023-12-26 16:38:50,701] Trial 43 finished with value: 4.277105331420898 and parameters: {'gradient_clip_val': 0.15746539158462863, 'hidden_size': 8, 'dropout': 0.1216945499679146, 'hidden_continuous_size': 5, 'attention_head_size': 3, 'learning_rate': 0.0039838871483685425}. Best is trial 0 with value: 0.0925978422164917.
[I 2023-12-26 16:38:52,915] Trial 44 finished with value: 3.2052509784698486 and parameters: {'gradient_clip_val': 0.4033921460900396, 'hidden_size': 19, 'dropout': 0.1335286551504453, 'hidden_continuous_size': 11, 'attention_head_size': 2, 'learning_rate': 0.011467324524421382}. Best is trial 0 with value: 0.0925978422164917.
[I 2023-12-26 16:38:54,869] Trial 45 finished with value: 4.212553024291992 and parameters: {'gradient_clip_val': 0.34041944534915475, 'hidden_size': 6, 'dropout': 0.15414262604991955, 'hidden_continuous_size': 5, 'attention_head_size': 3, 'learning_rate': 0.020879447331260268}. Best is trial 0 with value: 0.0925978422164917.
[I 2023-12-26 16:38:56,938] Trial 46 finished with value: 3.3734285831451416 and parameters: {'gradient_clip_val': 0.4477550434187954, 'hidden_size': 12, 'dropout': 0.17390175336880515, 'hidden_continuous_size': 7, 'attention_head_size': 2, 'learning_rate': 0.008198833861760664}. Best is trial 0 with value: 0.0925978422164917.
[I 2023-12-26 16:38:58,723] Trial 47 finished with value: 3.4989442825317383 and parameters: {'gradient_clip_val': 0.5231964459499238, 'hidden_size': 5, 'dropout': 0.2074883414080272, 'hidden_continuous_size': 5, 'attention_head_size': 3, 'learning_rate': 0.0031002684350262266}. Best is trial 0 with value: 0.0925978422164917.
[I 2023-12-26 16:39:00,646] Trial 48 finished with value: 2.966794967651367 and parameters: {'gradient_clip_val': 0.11570766116448035, 'hidden_size': 7, 'dropout': 0.10119240081310588, 'hidden_continuous_size': 5, 'attention_head_size': 1, 'learning_rate': 0.014588435072118867}. Best is trial 0 with value: 0.0925978422164917.
[I 2023-12-26 16:39:02,591] Trial 49 finished with value: 3.783963918685913 and parameters: {'gradient_clip_val': 0.6448754659375028, 'hidden_size': 6, 'dropout': 0.2351711665581552, 'hidden_continuous_size': 5, 'attention_head_size': 3, 'learning_rate': 0.03101845876395143}. Best is trial 0 with value: 0.0925978422164917.
[I 2023-12-26 16:39:02,717] A new study created in memory with name: no-name-74a5a9ab-c031-4d85-a386-f8de6ad14edf
/home/le004/conda/anaconda3/envs/tsff_env/lib/python3.9/site-packages/lightning/fabric/plugins/environments/slurm.py:191: The `srun` command is available on your system but is not used. HINT: If your intention is to run Lightning on SLURM, prepend your python command with `srun` like so: srun python /home/le004/master_thesis/git/TSFusionForecast/code/ ...
[I 2023-12-26 16:43:25,034] Trial 0 finished with value: 0.09462308883666992 and parameters: {'gradient_clip_val': 0.5960806667407683, 'hidden_size': 6, 'dropout': 0.3192533405548137, 'hidden_continuous_size': 6, 'attention_head_size': 2, 'learning_rate': 0.0036651489847174938}. Best is trial 0 with value: 0.09462308883666992.
[I 2023-12-26 16:44:21,443] Trial 1 finished with value: 2.7412021160125732 and parameters: {'gradient_clip_val': 0.3037999651372478, 'hidden_size': 6, 'dropout': 0.2871547010726384, 'hidden_continuous_size': 5, 'attention_head_size': 2, 'learning_rate': 0.0005035579524961107}. Best is trial 0 with value: 0.09462308883666992.
[I 2023-12-26 16:44:27,252] Trial 2 finished with value: 2.1608493328094482 and parameters: {'gradient_clip_val': 0.7955331635372328, 'hidden_size': 66, 'dropout': 0.42198449769639446, 'hidden_continuous_size': 6, 'attention_head_size': 1, 'learning_rate': 0.017623753610072356}. Best is trial 0 with value: 0.09462308883666992.
[I 2023-12-26 16:44:34,701] Trial 3 finished with value: 2.274384021759033 and parameters: {'gradient_clip_val': 0.21583513422394837, 'hidden_size': 92, 'dropout': 0.19097973295199516, 'hidden_continuous_size': 11, 'attention_head_size': 2, 'learning_rate': 0.0950763197525502}. Best is trial 0 with value: 0.09462308883666992.
[I 2023-12-26 16:44:42,842] Trial 4 finished with value: 2.7754592895507812 and parameters: {'gradient_clip_val': 0.10158030209959377, 'hidden_size': 101, 'dropout': 0.18393004630312518, 'hidden_continuous_size': 42, 'attention_head_size': 1, 'learning_rate': 0.013421574540432671}. Best is trial 0 with value: 0.09462308883666992.
[I 2023-12-26 16:44:45,079] Trial 5 finished with value: 2.0385427474975586 and parameters: {'gradient_clip_val': 0.14288940240053824, 'hidden_size': 8, 'dropout': 0.2970364736735276, 'hidden_continuous_size': 6, 'attention_head_size': 4, 'learning_rate': 0.08650015075644808}. Best is trial 0 with value: 0.09462308883666992.
[I 2023-12-26 16:44:48,357] Trial 6 finished with value: 2.669727325439453 and parameters: {'gradient_clip_val': 0.3485338483007793, 'hidden_size': 35, 'dropout': 0.2657369970222333, 'hidden_continuous_size': 33, 'attention_head_size': 2, 'learning_rate': 0.0021940325693847237}. Best is trial 0 with value: 0.09462308883666992.
[I 2023-12-26 16:44:50,472] Trial 7 finished with value: 2.852785348892212 and parameters: {'gradient_clip_val': 0.32332998749208464, 'hidden_size': 14, 'dropout': 0.28956878912980377, 'hidden_continuous_size': 8, 'attention_head_size': 2, 'learning_rate': 0.03194447918751366}. Best is trial 0 with value: 0.09462308883666992.
[I 2023-12-26 16:44:52,407] Trial 8 finished with value: 3.1424150466918945 and parameters: {'gradient_clip_val': 0.6403248937902581, 'hidden_size': 7, 'dropout': 0.19557185259551627, 'hidden_continuous_size': 5, 'attention_head_size': 4, 'learning_rate': 0.024207474454346817}. Best is trial 0 with value: 0.09462308883666992.
[I 2023-12-26 16:44:57,797] Trial 9 finished with value: 1.9417632818222046 and parameters: {'gradient_clip_val': 0.711324464860551, 'hidden_size': 88, 'dropout': 0.24062383543091084, 'hidden_continuous_size': 43, 'attention_head_size': 2, 'learning_rate': 0.00235830919144715}. Best is trial 0 with value: 0.09462308883666992.
[I 2023-12-26 16:44:59,804] Trial 10 finished with value: 1.551313042640686 and parameters: {'gradient_clip_val': 0.9453328018451035, 'hidden_size': 16, 'dropout': 0.38418895639611417, 'hidden_continuous_size': 7, 'attention_head_size': 3, 'learning_rate': 0.005058044043830995}. Best is trial 0 with value: 0.09462308883666992.
[I 2023-12-26 16:45:02,191] Trial 11 finished with value: 2.8876445293426514 and parameters: {'gradient_clip_val': 0.918169340562463, 'hidden_size': 15, 'dropout': 0.39810875786171074, 'hidden_continuous_size': 7, 'attention_head_size': 3, 'learning_rate': 0.00499414767234815}. Best is trial 0 with value: 0.09462308883666992.
[I 2023-12-26 16:45:03,957] Trial 12 finished with value: 2.758007287979126 and parameters: {'gradient_clip_val': 0.5542199110349378, 'hidden_size': 5, 'dropout': 0.3657952383685891, 'hidden_continuous_size': 5, 'attention_head_size': 3, 'learning_rate': 0.0058414071585570285}. Best is trial 0 with value: 0.09462308883666992.
[I 2023-12-26 16:45:06,014] Trial 13 finished with value: 2.3241753578186035 and parameters: {'gradient_clip_val': 0.9192433952964828, 'hidden_size': 12, 'dropout': 0.4911441859450641, 'hidden_continuous_size': 7, 'attention_head_size': 3, 'learning_rate': 0.0024913736677385488}. Best is trial 0 with value: 0.09462308883666992.
[I 2023-12-26 16:45:08,469] Trial 14 finished with value: 2.782721519470215 and parameters: {'gradient_clip_val': 0.5070541662941275, 'hidden_size': 28, 'dropout': 0.11296436377368002, 'hidden_continuous_size': 9, 'attention_head_size': 3, 'learning_rate': 0.008903960172412718}. Best is trial 0 with value: 0.09462308883666992.
[I 2023-12-26 16:45:10,544] Trial 15 finished with value: 2.7978599071502686 and parameters: {'gradient_clip_val': 0.9887981617519329, 'hidden_size': 9, 'dropout': 0.3567109434466129, 'hidden_continuous_size': 6, 'attention_head_size': 4, 'learning_rate': 0.004069067435569206}. Best is trial 0 with value: 0.09462308883666992.
[I 2023-12-26 16:45:12,265] Trial 16 finished with value: 2.6279983520507812 and parameters: {'gradient_clip_val': 0.4904404102411591, 'hidden_size': 5, 'dropout': 0.340017787033422, 'hidden_continuous_size': 5, 'attention_head_size': 1, 'learning_rate': 0.0010254335085518758}. Best is trial 0 with value: 0.09462308883666992.
[I 2023-12-26 16:45:14,518] Trial 17 finished with value: 2.417790174484253 and parameters: {'gradient_clip_val': 0.6864880920383433, 'hidden_size': 21, 'dropout': 0.330735038477034, 'hidden_continuous_size': 10, 'attention_head_size': 3, 'learning_rate': 0.007150496048644795}. Best is trial 0 with value: 0.09462308883666992.
[I 2023-12-26 16:45:16,525] Trial 18 finished with value: 2.3581502437591553 and parameters: {'gradient_clip_val': 0.4271943224802024, 'hidden_size': 9, 'dropout': 0.4019839765155582, 'hidden_continuous_size': 6, 'attention_head_size': 2, 'learning_rate': 0.003499002818602909}. Best is trial 0 with value: 0.09462308883666992.
[I 2023-12-26 16:45:18,648] Trial 19 finished with value: 2.5855977535247803 and parameters: {'gradient_clip_val': 0.7708103788062028, 'hidden_size': 18, 'dropout': 0.4487260230906821, 'hidden_continuous_size': 8, 'attention_head_size': 3, 'learning_rate': 0.0011624952282202955}. Best is trial 0 with value: 0.09462308883666992.
[I 2023-12-26 16:45:20,759] Trial 20 finished with value: 2.4782278537750244 and parameters: {'gradient_clip_val': 0.6478589283787651, 'hidden_size': 12, 'dropout': 0.33164520213059284, 'hidden_continuous_size': 7, 'attention_head_size': 4, 'learning_rate': 0.009880376014269129}. Best is trial 0 with value: 0.09462308883666992.
[I 2023-12-26 16:45:23,771] Trial 21 finished with value: 2.0009727478027344 and parameters: {'gradient_clip_val': 0.6960166352691932, 'hidden_size': 45, 'dropout': 0.2357412491471237, 'hidden_continuous_size': 17, 'attention_head_size': 2, 'learning_rate': 0.0024865298302764365}. Best is trial 0 with value: 0.09462308883666992.
[I 2023-12-26 16:45:26,100] Trial 22 finished with value: 2.0090928077697754 and parameters: {'gradient_clip_val': 0.8419466761175469, 'hidden_size': 23, 'dropout': 0.2538954869454276, 'hidden_continuous_size': 12, 'attention_head_size': 2, 'learning_rate': 0.003568352988707611}. Best is trial 0 with value: 0.09462308883666992.
[I 2023-12-26 16:45:36,085] Trial 23 finished with value: 2.683457374572754 and parameters: {'gradient_clip_val': 0.9999152410814833, 'hidden_size': 147, 'dropout': 0.3195141531448094, 'hidden_continuous_size': 80, 'attention_head_size': 1, 'learning_rate': 0.00619937430612356}. Best is trial 0 with value: 0.09462308883666992.
[I 2023-12-26 16:45:38,908] Trial 24 finished with value: 2.4461710453033447 and parameters: {'gradient_clip_val': 0.5847266261560027, 'hidden_size': 41, 'dropout': 0.3746508621950055, 'hidden_continuous_size': 14, 'attention_head_size': 2, 'learning_rate': 0.002034274801347115}. Best is trial 0 with value: 0.09462308883666992.
[I 2023-12-26 16:45:41,345] Trial 25 finished with value: 2.505366802215576 and parameters: {'gradient_clip_val': 0.7632069832739135, 'hidden_size': 28, 'dropout': 0.3043794891240731, 'hidden_continuous_size': 9, 'attention_head_size': 3, 'learning_rate': 0.004533352961805918}. Best is trial 0 with value: 0.09462308883666992.
[I 2023-12-26 16:45:43,433] Trial 26 finished with value: 2.4386565685272217 and parameters: {'gradient_clip_val': 0.6009019450057193, 'hidden_size': 18, 'dropout': 0.3619838685820567, 'hidden_continuous_size': 8, 'attention_head_size': 2, 'learning_rate': 0.0015712805193353139}. Best is trial 0 with value: 0.09462308883666992.
[I 2023-12-26 16:45:45,429] Trial 27 finished with value: 2.804929494857788 and parameters: {'gradient_clip_val': 0.759098609680211, 'hidden_size': 11, 'dropout': 0.23395606646752765, 'hidden_continuous_size': 6, 'attention_head_size': 1, 'learning_rate': 0.008577719330987436}. Best is trial 0 with value: 0.09462308883666992.
[I 2023-12-26 16:45:47,355] Trial 28 finished with value: 2.6714670658111572 and parameters: {'gradient_clip_val': 0.4245034879372014, 'hidden_size': 6, 'dropout': 0.3241657500109845, 'hidden_continuous_size': 5, 'attention_head_size': 3, 'learning_rate': 0.0032078240691963624}. Best is trial 0 with value: 0.09462308883666992.
[I 2023-12-26 16:45:49,292] Trial 29 finished with value: 2.6604034900665283 and parameters: {'gradient_clip_val': 0.8605950953045628, 'hidden_size': 7, 'dropout': 0.2868355077400051, 'hidden_continuous_size': 5, 'attention_head_size': 2, 'learning_rate': 0.0007131168883912727}. Best is trial 0 with value: 0.09462308883666992.
[I 2023-12-26 16:45:51,256] Trial 30 finished with value: 2.0962586402893066 and parameters: {'gradient_clip_val': 0.6893005138637966, 'hidden_size': 16, 'dropout': 0.4492639791840014, 'hidden_continuous_size': 7, 'attention_head_size': 2, 'learning_rate': 0.001763084727856966}. Best is trial 0 with value: 0.09462308883666992.
[I 2023-12-26 16:45:54,322] Trial 31 finished with value: 3.4322702884674072 and parameters: {'gradient_clip_val': 0.6881720868964123, 'hidden_size': 49, 'dropout': 0.2365487138596283, 'hidden_continuous_size': 20, 'attention_head_size': 2, 'learning_rate': 0.003214978262790949}. Best is trial 0 with value: 0.09462308883666992.
[I 2023-12-26 16:45:57,715] Trial 32 finished with value: 2.382753610610962 and parameters: {'gradient_clip_val': 0.8131847592244571, 'hidden_size': 55, 'dropout': 0.2715792895382901, 'hidden_continuous_size': 17, 'attention_head_size': 1, 'learning_rate': 0.0024501870931342463}. Best is trial 0 with value: 0.09462308883666992.
[I 2023-12-26 16:46:02,340] Trial 33 finished with value: 2.0191123485565186 and parameters: {'gradient_clip_val': 0.5444631102089555, 'hidden_size': 75, 'dropout': 0.22403605904776336, 'hidden_continuous_size': 12, 'attention_head_size': 2, 'learning_rate': 0.0012534545410149347}. Best is trial 0 with value: 0.09462308883666992.
[I 2023-12-26 16:46:04,947] Trial 34 finished with value: 3.2159149646759033 and parameters: {'gradient_clip_val': 0.736427854750489, 'hidden_size': 35, 'dropout': 0.3050497860648749, 'hidden_continuous_size': 10, 'attention_head_size': 2, 'learning_rate': 0.002817859153630096}. Best is trial 0 with value: 0.09462308883666992.
[I 2023-12-26 16:46:09,238] Trial 35 finished with value: 2.7263002395629883 and parameters: {'gradient_clip_val': 0.846319871466297, 'hidden_size': 66, 'dropout': 0.27402270363041203, 'hidden_continuous_size': 24, 'attention_head_size': 1, 'learning_rate': 0.004890342336743592}. Best is trial 0 with value: 0.09462308883666992.
[I 2023-12-26 16:46:15,107] Trial 36 finished with value: 2.071584939956665 and parameters: {'gradient_clip_val': 0.6336369188627083, 'hidden_size': 93, 'dropout': 0.24985352264613314, 'hidden_continuous_size': 16, 'attention_head_size': 2, 'learning_rate': 0.001873660773606466}. Best is trial 0 with value: 0.09462308883666992.
[I 2023-12-26 16:46:18,050] Trial 37 finished with value: 2.3163015842437744 and parameters: {'gradient_clip_val': 0.24279067007334368, 'hidden_size': 48, 'dropout': 0.21475599740364687, 'hidden_continuous_size': 14, 'attention_head_size': 3, 'learning_rate': 0.002678116462352335}. Best is trial 0 with value: 0.09462308883666992.
[I 2023-12-26 16:46:20,602] Trial 38 finished with value: 2.302905321121216 and parameters: {'gradient_clip_val': 0.47899961287306203, 'hidden_size': 33, 'dropout': 0.19924541333742746, 'hidden_continuous_size': 13, 'attention_head_size': 2, 'learning_rate': 0.0037733620905034955}. Best is trial 0 with value: 0.09462308883666992.
[I 2023-12-26 16:46:22,834] Trial 39 finished with value: 2.737291097640991 and parameters: {'gradient_clip_val': 0.6145368085146143, 'hidden_size': 24, 'dropout': 0.16883357192491996, 'hidden_continuous_size': 11, 'attention_head_size': 2, 'learning_rate': 0.0015036793023221007}. Best is trial 0 with value: 0.09462308883666992.
[I 2023-12-26 16:46:27,634] Trial 40 finished with value: 3.7753896713256836 and parameters: {'gradient_clip_val': 0.9320173261928006, 'hidden_size': 75, 'dropout': 0.25872141172792534, 'hidden_continuous_size': 28, 'attention_head_size': 3, 'learning_rate': 0.0005045557227392599}. Best is trial 0 with value: 0.09462308883666992.
[I 2023-12-26 16:46:29,908] Trial 41 finished with value: 3.473179817199707 and parameters: {'gradient_clip_val': 0.8221517506701798, 'hidden_size': 22, 'dropout': 0.2530947742664189, 'hidden_continuous_size': 11, 'attention_head_size': 2, 'learning_rate': 0.004637518094441381}. Best is trial 0 with value: 0.09462308883666992.
[I 2023-12-26 16:46:32,445] Trial 42 finished with value: 2.1433475017547607 and parameters: {'gradient_clip_val': 0.8784635752953319, 'hidden_size': 30, 'dropout': 0.281973451560822, 'hidden_continuous_size': 16, 'attention_head_size': 2, 'learning_rate': 0.002170732923599241}. Best is trial 0 with value: 0.09462308883666992.
[I 2023-12-26 16:46:35,276] Trial 43 finished with value: 2.745905637741089 and parameters: {'gradient_clip_val': 0.7228215473356069, 'hidden_size': 39, 'dropout': 0.30358777193956626, 'hidden_continuous_size': 20, 'attention_head_size': 2, 'learning_rate': 0.0032561890984992804}. Best is trial 0 with value: 0.09462308883666992.
[I 2023-12-26 16:46:37,632] Trial 44 finished with value: 2.972005844116211 and parameters: {'gradient_clip_val': 0.8442933560357736, 'hidden_size': 26, 'dropout': 0.24944982982469796, 'hidden_continuous_size': 10, 'attention_head_size': 2, 'learning_rate': 0.006449871030793463}. Best is trial 0 with value: 0.09462308883666992.
[I 2023-12-26 16:46:39,753] Trial 45 finished with value: 2.3839364051818848 and parameters: {'gradient_clip_val': 0.9919985336242833, 'hidden_size': 14, 'dropout': 0.26670831747490564, 'hidden_continuous_size': 9, 'attention_head_size': 3, 'learning_rate': 0.0040135364841378295}. Best is trial 0 with value: 0.09462308883666992.
[I 2023-12-26 16:46:42,244] Trial 46 finished with value: 3.084833860397339 and parameters: {'gradient_clip_val': 0.6873582097714848, 'hidden_size': 21, 'dropout': 0.2859081607049796, 'hidden_continuous_size': 12, 'attention_head_size': 1, 'learning_rate': 0.0024941850461943373}. Best is trial 0 with value: 0.09462308883666992.
[I 2023-12-26 16:46:44,797] Trial 47 finished with value: 2.6777141094207764 and parameters: {'gradient_clip_val': 0.5695781924836826, 'hidden_size': 30, 'dropout': 0.342523292529206, 'hidden_continuous_size': 13, 'attention_head_size': 2, 'learning_rate': 0.00412062010265}. Best is trial 0 with value: 0.09462308883666992.
[I 2023-12-26 16:46:47,012] Trial 48 finished with value: 1.9755605459213257 and parameters: {'gradient_clip_val': 0.9040785614183846, 'hidden_size': 24, 'dropout': 0.21052395970185406, 'hidden_continuous_size': 9, 'attention_head_size': 3, 'learning_rate': 0.0050226754697602636}. Best is trial 0 with value: 0.09462308883666992.
[I 2023-12-26 16:46:49,084] Trial 49 finished with value: 2.6563422679901123 and parameters: {'gradient_clip_val': 0.7865622801070148, 'hidden_size': 10, 'dropout': 0.20810234106361955, 'hidden_continuous_size': 6, 'attention_head_size': 4, 'learning_rate': 0.0051781660230527035}. Best is trial 0 with value: 0.09462308883666992.
[I 2023-12-26 16:46:49,206] A new study created in memory with name: no-name-b3a8bd0c-e55b-46f2-a9cf-062a586707a4
/home/le004/conda/anaconda3/envs/tsff_env/lib/python3.9/site-packages/lightning/fabric/plugins/environments/slurm.py:191: The `srun` command is available on your system but is not used. HINT: If your intention is to run Lightning on SLURM, prepend your python command with `srun` like so: srun python /home/le004/master_thesis/git/TSFusionForecast/code/ ...
[I 2023-12-26 16:49:29,354] Trial 0 finished with value: 0.07769656181335449 and parameters: {'gradient_clip_val': 0.19491655054532506, 'hidden_size': 27, 'dropout': 0.49721256094991284, 'hidden_continuous_size': 5, 'attention_head_size': 3, 'learning_rate': 0.08925109749888166}. Best is trial 0 with value: 0.07769656181335449.
[I 2023-12-26 16:49:37,812] Trial 1 finished with value: 2.1381943225860596 and parameters: {'gradient_clip_val': 0.16034596153977695, 'hidden_size': 114, 'dropout': 0.3341905138888613, 'hidden_continuous_size': 96, 'attention_head_size': 1, 'learning_rate': 0.0007692471434533934}. Best is trial 0 with value: 0.07769656181335449.
[I 2023-12-26 16:49:40,471] Trial 2 finished with value: 2.6904964447021484 and parameters: {'gradient_clip_val': 0.8929654002714424, 'hidden_size': 18, 'dropout': 0.4234618995392798, 'hidden_continuous_size': 15, 'attention_head_size': 1, 'learning_rate': 0.0029277680594992908}. Best is trial 0 with value: 0.07769656181335449.
