[I 2023-12-26 15:14:59,569] Trial 28 finished with value: 102.6391830444336 and parameters: {'gradient_clip_val': 0.8672954785293175, 'hidden_size': 15, 'dropout': 0.319059350503178, 'hidden_continuous_size': 9, 'attention_head_size': 2, 'learning_rate': 0.0007508548596115823}. Best is trial 0 with value: 16.43083381652832.
[I 2023-12-26 15:15:04,685] Trial 29 finished with value: 93.85494232177734 and parameters: {'gradient_clip_val': 0.3599672626621355, 'hidden_size': 65, 'dropout': 0.33972372359174513, 'hidden_continuous_size': 59, 'attention_head_size': 1, 'learning_rate': 0.0013318035062762973}. Best is trial 0 with value: 16.43083381652832.
[I 2023-12-26 15:15:07,625] Trial 30 finished with value: 70.37286376953125 and parameters: {'gradient_clip_val': 0.43627272201337247, 'hidden_size': 32, 'dropout': 0.2879319031374378, 'hidden_continuous_size': 14, 'attention_head_size': 4, 'learning_rate': 0.004831918760611439}. Best is trial 0 with value: 16.43083381652832.
[I 2023-12-26 15:15:10,960] Trial 31 finished with value: 74.67301940917969 and parameters: {'gradient_clip_val': 0.4187105670433378, 'hidden_size': 29, 'dropout': 0.29162711666614893, 'hidden_continuous_size': 15, 'attention_head_size': 4, 'learning_rate': 0.00392010588607867}. Best is trial 0 with value: 16.43083381652832.
[I 2023-12-26 15:15:13,965] Trial 32 finished with value: 105.86334228515625 and parameters: {'gradient_clip_val': 0.4495538415025966, 'hidden_size': 29, 'dropout': 0.2787139407783358, 'hidden_continuous_size': 15, 'attention_head_size': 4, 'learning_rate': 0.004235979273028154}. Best is trial 0 with value: 16.43083381652832.
[I 2023-12-26 15:15:17,132] Trial 33 finished with value: 89.78866577148438 and parameters: {'gradient_clip_val': 0.3209746231184349, 'hidden_size': 34, 'dropout': 0.29211738883100824, 'hidden_continuous_size': 21, 'attention_head_size': 4, 'learning_rate': 0.009144498337926292}. Best is trial 0 with value: 16.43083381652832.
[I 2023-12-26 15:15:20,774] Trial 34 finished with value: 67.2244644165039 and parameters: {'gradient_clip_val': 0.4153229260947653, 'hidden_size': 43, 'dropout': 0.26317106709759397, 'hidden_continuous_size': 13, 'attention_head_size': 4, 'learning_rate': 0.005821108850070066}. Best is trial 0 with value: 16.43083381652832.
[I 2023-12-26 15:15:24,563] Trial 35 finished with value: 88.16230010986328 and parameters: {'gradient_clip_val': 0.35859226602783206, 'hidden_size': 46, 'dropout': 0.2623718900640044, 'hidden_continuous_size': 12, 'attention_head_size': 4, 'learning_rate': 0.005677257264863717}. Best is trial 0 with value: 16.43083381652832.
[I 2023-12-26 15:15:27,337] Trial 36 finished with value: 87.70437622070312 and parameters: {'gradient_clip_val': 0.4920620774804343, 'hidden_size': 23, 'dropout': 0.13487044884579433, 'hidden_continuous_size': 14, 'attention_head_size': 4, 'learning_rate': 0.012667816432312247}. Best is trial 0 with value: 16.43083381652832.
[I 2023-12-26 15:15:30,725] Trial 37 finished with value: 85.31290435791016 and parameters: {'gradient_clip_val': 0.28952926500553944, 'hidden_size': 38, 'dropout': 0.15442351838833987, 'hidden_continuous_size': 20, 'attention_head_size': 4, 'learning_rate': 0.007828061985709825}. Best is trial 0 with value: 16.43083381652832.
[I 2023-12-26 15:15:34,925] Trial 38 finished with value: 83.37688446044922 and parameters: {'gradient_clip_val': 0.42698991497331357, 'hidden_size': 52, 'dropout': 0.24078149560158832, 'hidden_continuous_size': 16, 'attention_head_size': 4, 'learning_rate': 0.016586535677750622}. Best is trial 0 with value: 16.43083381652832.
[I 2023-12-26 15:15:39,877] Trial 39 finished with value: 82.43367767333984 and parameters: {'gradient_clip_val': 0.24635089348048628, 'hidden_size': 69, 'dropout': 0.2713285999538576, 'hidden_continuous_size': 25, 'attention_head_size': 4, 'learning_rate': 0.007025934888968468}. Best is trial 0 with value: 16.43083381652832.
[I 2023-12-26 15:15:43,678] Trial 40 finished with value: 70.57416534423828 and parameters: {'gradient_clip_val': 0.3365609848432039, 'hidden_size': 44, 'dropout': 0.2162410575395934, 'hidden_continuous_size': 22, 'attention_head_size': 3, 'learning_rate': 0.00312742245187151}. Best is trial 0 with value: 16.43083381652832.
[I 2023-12-26 15:15:47,295] Trial 41 finished with value: 95.02642822265625 and parameters: {'gradient_clip_val': 0.33490314912277686, 'hidden_size': 43, 'dropout': 0.17729251258346304, 'hidden_continuous_size': 22, 'attention_head_size': 3, 'learning_rate': 0.003046795711995332}. Best is trial 0 with value: 16.43083381652832.
[I 2023-12-26 15:15:51,306] Trial 42 finished with value: 110.76978302001953 and parameters: {'gradient_clip_val': 0.40632091159758105, 'hidden_size': 50, 'dropout': 0.2315689179467924, 'hidden_continuous_size': 19, 'attention_head_size': 3, 'learning_rate': 0.0048545613270928505}. Best is trial 0 with value: 16.43083381652832.
[I 2023-12-26 15:15:54,527] Trial 43 finished with value: 101.3046646118164 and parameters: {'gradient_clip_val': 0.530453739619572, 'hidden_size': 32, 'dropout': 0.20069774818439995, 'hidden_continuous_size': 17, 'attention_head_size': 4, 'learning_rate': 0.008006128188620955}. Best is trial 0 with value: 16.43083381652832.
[I 2023-12-26 15:15:57,347] Trial 44 finished with value: 127.22174835205078 and parameters: {'gradient_clip_val': 0.337205452590389, 'hidden_size': 25, 'dropout': 0.22022702940386507, 'hidden_continuous_size': 19, 'attention_head_size': 3, 'learning_rate': 0.005345802716430672}. Best is trial 0 with value: 16.43083381652832.
[I 2023-12-26 15:16:01,623] Trial 45 finished with value: 90.8723373413086 and parameters: {'gradient_clip_val': 0.36262408762214443, 'hidden_size': 60, 'dropout': 0.2536390881783612, 'hidden_continuous_size': 28, 'attention_head_size': 4, 'learning_rate': 0.00655834091676029}. Best is trial 0 with value: 16.43083381652832.
[I 2023-12-26 15:16:05,015] Trial 46 finished with value: 92.17955780029297 and parameters: {'gradient_clip_val': 0.23786309158460628, 'hidden_size': 38, 'dropout': 0.20893400251315322, 'hidden_continuous_size': 23, 'attention_head_size': 3, 'learning_rate': 0.001086849599474121}. Best is trial 0 with value: 16.43083381652832.
[I 2023-12-26 15:16:07,460] Trial 47 finished with value: 76.82054138183594 and parameters: {'gradient_clip_val': 0.30570047548658175, 'hidden_size': 17, 'dropout': 0.2773408489843765, 'hidden_continuous_size': 13, 'attention_head_size': 4, 'learning_rate': 0.0022740877418690906}. Best is trial 0 with value: 16.43083381652832.
[I 2023-12-26 15:16:09,731] Trial 48 finished with value: 76.61160278320312 and parameters: {'gradient_clip_val': 0.38196272154963523, 'hidden_size': 11, 'dropout': 0.22201997135172902, 'hidden_continuous_size': 9, 'attention_head_size': 2, 'learning_rate': 0.0035761679139673704}. Best is trial 0 with value: 16.43083381652832.
[I 2023-12-26 15:16:13,360] Trial 49 finished with value: 127.5894546508789 and parameters: {'gradient_clip_val': 0.1925975019809891, 'hidden_size': 43, 'dropout': 0.17859449337093786, 'hidden_continuous_size': 17, 'attention_head_size': 3, 'learning_rate': 0.002896656227016463}. Best is trial 0 with value: 16.43083381652832.
[I 2023-12-26 15:16:13,502] A new study created in memory with name: no-name-cbbf640b-4b24-4d34-ab07-55d6a84c618f
/home/le004/conda/anaconda3/envs/tsff_env/lib/python3.9/site-packages/lightning/fabric/plugins/environments/slurm.py:191: The `srun` command is available on your system but is not used. HINT: If your intention is to run Lightning on SLURM, prepend your python command with `srun` like so: srun python /home/le004/master_thesis/git/TSFusionForecast/code/ ...
[I 2023-12-26 15:24:04,604] Trial 0 finished with value: 71.30353546142578 and parameters: {'gradient_clip_val': 0.401169217305059, 'hidden_size': 94, 'dropout': 0.4158145021558146, 'hidden_continuous_size': 13, 'attention_head_size': 1, 'learning_rate': 0.07230792411968845}. Best is trial 0 with value: 71.30353546142578.
[I 2023-12-26 15:24:08,228] Trial 1 finished with value: 118.65351104736328 and parameters: {'gradient_clip_val': 0.5186911514406759, 'hidden_size': 38, 'dropout': 0.48497763477027944, 'hidden_continuous_size': 17, 'attention_head_size': 1, 'learning_rate': 0.008331387270970695}. Best is trial 0 with value: 71.30353546142578.
[I 2023-12-26 15:24:10,652] Trial 2 finished with value: 100.4237060546875 and parameters: {'gradient_clip_val': 0.1454256900372803, 'hidden_size': 9, 'dropout': 0.44013300028002744, 'hidden_continuous_size': 7, 'attention_head_size': 3, 'learning_rate': 0.04404531465361438}. Best is trial 0 with value: 71.30353546142578.
[I 2023-12-26 15:24:13,946] Trial 3 finished with value: 125.17733764648438 and parameters: {'gradient_clip_val': 0.9954559000084979, 'hidden_size': 29, 'dropout': 0.1874918673916981, 'hidden_continuous_size': 11, 'attention_head_size': 2, 'learning_rate': 0.004804265035183826}. Best is trial 0 with value: 71.30353546142578.
[I 2023-12-26 15:24:17,056] Trial 4 finished with value: 134.75465393066406 and parameters: {'gradient_clip_val': 0.19105125227271752, 'hidden_size': 26, 'dropout': 0.39701552800328976, 'hidden_continuous_size': 7, 'attention_head_size': 3, 'learning_rate': 0.009321250568680658}. Best is trial 0 with value: 71.30353546142578.
[I 2023-12-26 15:24:19,805] Trial 5 finished with value: 122.01079559326172 and parameters: {'gradient_clip_val': 0.3617635892108372, 'hidden_size': 20, 'dropout': 0.3509172824314305, 'hidden_continuous_size': 10, 'attention_head_size': 3, 'learning_rate': 0.012004728444923916}. Best is trial 0 with value: 71.30353546142578.
[I 2023-12-26 15:24:22,359] Trial 6 finished with value: 148.62315368652344 and parameters: {'gradient_clip_val': 0.14130021767323586, 'hidden_size': 12, 'dropout': 0.49882588867782485, 'hidden_continuous_size': 11, 'attention_head_size': 2, 'learning_rate': 0.003247788738912861}. Best is trial 0 with value: 71.30353546142578.
[I 2023-12-26 15:24:26,055] Trial 7 finished with value: 155.3034210205078 and parameters: {'gradient_clip_val': 0.11697672652962561, 'hidden_size': 38, 'dropout': 0.1705590283498783, 'hidden_continuous_size': 5, 'attention_head_size': 4, 'learning_rate': 0.07147442749121806}. Best is trial 0 with value: 71.30353546142578.
[I 2023-12-26 15:24:29,221] Trial 8 finished with value: 96.38372039794922 and parameters: {'gradient_clip_val': 0.932757255739169, 'hidden_size': 27, 'dropout': 0.20384468247819815, 'hidden_continuous_size': 12, 'attention_head_size': 1, 'learning_rate': 0.022331987199110403}. Best is trial 0 with value: 71.30353546142578.
[I 2023-12-26 15:24:32,899] Trial 9 finished with value: 117.83614349365234 and parameters: {'gradient_clip_val': 0.17602975315843478, 'hidden_size': 40, 'dropout': 0.24334197094513438, 'hidden_continuous_size': 8, 'attention_head_size': 1, 'learning_rate': 0.06947505396197083}. Best is trial 0 with value: 71.30353546142578.
[I 2023-12-26 15:24:43,716] Trial 10 finished with value: 172.0865020751953 and parameters: {'gradient_clip_val': 0.2737011558632445, 'hidden_size': 126, 'dropout': 0.1018376354832447, 'hidden_continuous_size': 48, 'attention_head_size': 2, 'learning_rate': 0.0007764026568541036}. Best is trial 0 with value: 71.30353546142578.
[I 2023-12-26 15:24:52,282] Trial 11 finished with value: 176.13189697265625 and parameters: {'gradient_clip_val': 0.9926746602179333, 'hidden_size': 97, 'dropout': 0.3191596466784521, 'hidden_continuous_size': 22, 'attention_head_size': 1, 'learning_rate': 0.02836807972999897}. Best is trial 0 with value: 71.30353546142578.
[I 2023-12-26 15:24:54,392] Trial 12 finished with value: 188.7001953125 and parameters: {'gradient_clip_val': 0.6069042133581608, 'hidden_size': 5, 'dropout': 0.2800800211593971, 'hidden_continuous_size': 5, 'attention_head_size': 1, 'learning_rate': 0.09338614244796599}. Best is trial 0 with value: 71.30353546142578.
[I 2023-12-26 15:25:01,331] Trial 13 finished with value: 192.081787109375 and parameters: {'gradient_clip_val': 0.6214681132807162, 'hidden_size': 82, 'dropout': 0.3690578867031586, 'hidden_continuous_size': 18, 'attention_head_size': 1, 'learning_rate': 0.024570445314105235}. Best is trial 0 with value: 71.30353546142578.
[I 2023-12-26 15:25:07,930] Trial 14 finished with value: 118.1302490234375 and parameters: {'gradient_clip_val': 0.3420943984063415, 'hidden_size': 74, 'dropout': 0.2820596043520991, 'hidden_continuous_size': 26, 'attention_head_size': 2, 'learning_rate': 0.025876415571952773}. Best is trial 0 with value: 71.30353546142578.
[I 2023-12-26 15:25:13,572] Trial 15 finished with value: 203.3817901611328 and parameters: {'gradient_clip_val': 0.45407238325046323, 'hidden_size': 66, 'dropout': 0.404336208665972, 'hidden_continuous_size': 14, 'attention_head_size': 4, 'learning_rate': 0.03973092138593519}. Best is trial 0 with value: 71.30353546142578.
[I 2023-12-26 15:25:18,119] Trial 16 finished with value: 202.12799072265625 and parameters: {'gradient_clip_val': 0.7826652402892531, 'hidden_size': 50, 'dropout': 0.4452672519155968, 'hidden_continuous_size': 14, 'attention_head_size': 1, 'learning_rate': 0.015691854164582474}. Best is trial 0 with value: 71.30353546142578.
[I 2023-12-26 15:25:29,577] Trial 17 finished with value: 138.96009826660156 and parameters: {'gradient_clip_val': 0.26433632133334606, 'hidden_size': 145, 'dropout': 0.32870429293379366, 'hidden_continuous_size': 31, 'attention_head_size': 2, 'learning_rate': 0.09725601954211019}. Best is trial 0 with value: 71.30353546142578.
[I 2023-12-26 15:25:34,454] Trial 18 finished with value: 176.55186462402344 and parameters: {'gradient_clip_val': 0.4148790353842169, 'hidden_size': 57, 'dropout': 0.2298944009443626, 'hidden_continuous_size': 14, 'attention_head_size': 1, 'learning_rate': 0.05667825435763902}. Best is trial 0 with value: 71.30353546142578.
[I 2023-12-26 15:25:43,839] Trial 19 finished with value: 74.27986907958984 and parameters: {'gradient_clip_val': 0.7292472630752822, 'hidden_size': 108, 'dropout': 0.2976572379045376, 'hidden_continuous_size': 71, 'attention_head_size': 2, 'learning_rate': 0.018719410067552268}. Best is trial 0 with value: 71.30353546142578.
[I 2023-12-26 15:25:53,022] Trial 20 finished with value: 98.37499237060547 and parameters: {'gradient_clip_val': 0.6834425607865382, 'hidden_size': 98, 'dropout': 0.29890307048338816, 'hidden_continuous_size': 95, 'attention_head_size': 2, 'learning_rate': 0.0337730752645171}. Best is trial 0 with value: 71.30353546142578.
[I 2023-12-26 15:26:06,204] Trial 21 finished with value: 145.88917541503906 and parameters: {'gradient_clip_val': 0.7937712783484574, 'hidden_size': 144, 'dropout': 0.36309758036737155, 'hidden_continuous_size': 141, 'attention_head_size': 1, 'learning_rate': 0.017797509048672756}. Best is trial 0 with value: 71.30353546142578.
[I 2023-12-26 15:26:14,735] Trial 22 finished with value: 134.98829650878906 and parameters: {'gradient_clip_val': 0.5144476226735749, 'hidden_size': 100, 'dropout': 0.26746676072801917, 'hidden_continuous_size': 36, 'attention_head_size': 2, 'learning_rate': 0.053715649750065556}. Best is trial 0 with value: 71.30353546142578.
[I 2023-12-26 15:26:20,375] Trial 23 finished with value: 151.18431091308594 and parameters: {'gradient_clip_val': 0.7728070155954577, 'hidden_size': 65, 'dropout': 0.3191475060627619, 'hidden_continuous_size': 20, 'attention_head_size': 1, 'learning_rate': 0.017997673226650128}. Best is trial 0 with value: 71.30353546142578.
[I 2023-12-26 15:26:25,082] Trial 24 finished with value: 171.7777862548828 and parameters: {'gradient_clip_val': 0.5523678577907725, 'hidden_size': 51, 'dropout': 0.24050195817382677, 'hidden_continuous_size': 16, 'attention_head_size': 3, 'learning_rate': 0.03931812945249038}. Best is trial 0 with value: 71.30353546142578.
[I 2023-12-26 15:26:34,525] Trial 25 finished with value: 117.00081634521484 and parameters: {'gradient_clip_val': 0.446401104279139, 'hidden_size': 108, 'dropout': 0.20103019462267135, 'hidden_continuous_size': 43, 'attention_head_size': 2, 'learning_rate': 0.0216398868074458}. Best is trial 0 with value: 71.30353546142578.
[I 2023-12-26 15:26:41,449] Trial 26 finished with value: 154.99049377441406 and parameters: {'gradient_clip_val': 0.6742482975525462, 'hidden_size': 81, 'dropout': 0.3359345980199774, 'hidden_continuous_size': 24, 'attention_head_size': 1, 'learning_rate': 0.011321960222124594}. Best is trial 0 with value: 71.30353546142578.
[I 2023-12-26 15:26:52,184] Trial 27 finished with value: 118.3300552368164 and parameters: {'gradient_clip_val': 0.9142464831381379, 'hidden_size': 130, 'dropout': 0.30432014629272114, 'hidden_continuous_size': 52, 'attention_head_size': 1, 'learning_rate': 0.034212572482213946}. Best is trial 0 with value: 71.30353546142578.
[I 2023-12-26 15:26:58,640] Trial 28 finished with value: 133.74952697753906 and parameters: {'gradient_clip_val': 0.8521326780525483, 'hidden_size': 76, 'dropout': 0.3752241286761344, 'hidden_continuous_size': 20, 'attention_head_size': 2, 'learning_rate': 0.014208732695041073}. Best is trial 0 with value: 71.30353546142578.
[I 2023-12-26 15:27:03,152] Trial 29 finished with value: 127.34944915771484 and parameters: {'gradient_clip_val': 0.488449776865322, 'hidden_size': 47, 'dropout': 0.4639315865351329, 'hidden_continuous_size': 17, 'attention_head_size': 1, 'learning_rate': 0.0071484406885505775}. Best is trial 0 with value: 71.30353546142578.
[I 2023-12-26 15:27:08,382] Trial 30 finished with value: 137.5817108154297 and parameters: {'gradient_clip_val': 0.7197957533397256, 'hidden_size': 59, 'dropout': 0.4034349742260937, 'hidden_continuous_size': 12, 'attention_head_size': 3, 'learning_rate': 0.05227082833219976}. Best is trial 0 with value: 71.30353546142578.
[I 2023-12-26 15:27:17,993] Trial 31 finished with value: 153.68455505371094 and parameters: {'gradient_clip_val': 0.6384460635390623, 'hidden_size': 103, 'dropout': 0.298482502768814, 'hidden_continuous_size': 84, 'attention_head_size': 2, 'learning_rate': 0.035688012132762154}. Best is trial 0 with value: 71.30353546142578.
[I 2023-12-26 15:27:28,030] Trial 32 finished with value: 191.3045654296875 and parameters: {'gradient_clip_val': 0.5724456246142244, 'hidden_size': 107, 'dropout': 0.2995151666623014, 'hidden_continuous_size': 84, 'attention_head_size': 2, 'learning_rate': 0.028451695086481224}. Best is trial 0 with value: 71.30353546142578.
[I 2023-12-26 15:27:35,066] Trial 33 finished with value: 135.70053100585938 and parameters: {'gradient_clip_val': 0.7051367648524848, 'hidden_size': 85, 'dropout': 0.25733343917993096, 'hidden_continuous_size': 9, 'attention_head_size': 2, 'learning_rate': 0.04268047808369033}. Best is trial 0 with value: 71.30353546142578.
[I 2023-12-26 15:27:47,976] Trial 34 finished with value: 93.18424224853516 and parameters: {'gradient_clip_val': 0.9244956098925042, 'hidden_size': 150, 'dropout': 0.4281368770056111, 'hidden_continuous_size': 74, 'attention_head_size': 3, 'learning_rate': 0.020859511697980355}. Best is trial 0 with value: 71.30353546142578.
[I 2023-12-26 15:27:58,523] Trial 35 finished with value: 199.2940216064453 and parameters: {'gradient_clip_val': 0.9072776418792122, 'hidden_size': 125, 'dropout': 0.43776070570679015, 'hidden_continuous_size': 56, 'attention_head_size': 3, 'learning_rate': 0.02062021849925418}. Best is trial 0 with value: 71.30353546142578.
[I 2023-12-26 15:28:01,993] Trial 36 finished with value: 186.4759063720703 and parameters: {'gradient_clip_val': 0.8365115695805411, 'hidden_size': 31, 'dropout': 0.4855464240615538, 'hidden_continuous_size': 12, 'attention_head_size': 3, 'learning_rate': 0.008831572777816972}. Best is trial 0 with value: 71.30353546142578.
[I 2023-12-26 15:28:04,980] Trial 37 finished with value: 223.2012176513672 and parameters: {'gradient_clip_val': 0.9636613722397187, 'hidden_size': 21, 'dropout': 0.4229300505241602, 'hidden_continuous_size': 10, 'attention_head_size': 4, 'learning_rate': 0.012271162210307433}. Best is trial 0 with value: 71.30353546142578.
[I 2023-12-26 15:28:16,818] Trial 38 finished with value: 207.16632080078125 and parameters: {'gradient_clip_val': 0.8713027825194438, 'hidden_size': 140, 'dropout': 0.3814979646367239, 'hidden_continuous_size': 63, 'attention_head_size': 3, 'learning_rate': 0.02080649932068011}. Best is trial 0 with value: 71.30353546142578.
[I 2023-12-26 15:28:20,887] Trial 39 finished with value: 143.60975646972656 and parameters: {'gradient_clip_val': 0.997370452254577, 'hidden_size': 42, 'dropout': 0.349403849832043, 'hidden_continuous_size': 15, 'attention_head_size': 3, 'learning_rate': 0.005406718813426724}. Best is trial 0 with value: 71.30353546142578.
[I 2023-12-26 15:28:24,361] Trial 40 finished with value: 304.8480529785156 and parameters: {'gradient_clip_val': 0.756500160857605, 'hidden_size': 33, 'dropout': 0.47144387718934766, 'hidden_continuous_size': 7, 'attention_head_size': 4, 'learning_rate': 0.010535370977918115}. Best is trial 0 with value: 71.30353546142578.
[I 2023-12-26 15:28:32,590] Trial 41 finished with value: 84.87456512451172 and parameters: {'gradient_clip_val': 0.6521913927642542, 'hidden_size': 89, 'dropout': 0.35097980617287955, 'hidden_continuous_size': 67, 'attention_head_size': 3, 'learning_rate': 0.03151848117579983}. Best is trial 0 with value: 71.30353546142578.
[I 2023-12-26 15:28:40,353] Trial 42 finished with value: 129.20016479492188 and parameters: {'gradient_clip_val': 0.5646394248570938, 'hidden_size': 87, 'dropout': 0.34880134742328106, 'hidden_continuous_size': 44, 'attention_head_size': 3, 'learning_rate': 0.014926165854803932}. Best is trial 0 with value: 71.30353546142578.
