[I 2023-12-26 15:54:05,212] Trial 48 finished with value: 2.9277734756469727 and parameters: {'gradient_clip_val': 0.20356310453654802, 'hidden_size': 45, 'dropout': 0.36333770258831266, 'hidden_continuous_size': 5, 'attention_head_size': 3, 'learning_rate': 0.004211294358860645}. Best is trial 0 with value: 0.20204651355743408.
[I 2023-12-26 15:54:08,477] Trial 49 finished with value: 3.0965986251831055 and parameters: {'gradient_clip_val': 0.4253766749732617, 'hidden_size': 36, 'dropout': 0.29112226712001954, 'hidden_continuous_size': 11, 'attention_head_size': 1, 'learning_rate': 0.0071152629754136715}. Best is trial 0 with value: 0.20204651355743408.
[I 2023-12-26 15:54:08,664] A new study created in memory with name: no-name-33444a88-91fa-4539-8e9e-9dff1dc09f94
/home/le004/conda/anaconda3/envs/tsff_env/lib/python3.9/site-packages/lightning/fabric/plugins/environments/slurm.py:191: The `srun` command is available on your system but is not used. HINT: If your intention is to run Lightning on SLURM, prepend your python command with `srun` like so: srun python /home/le004/master_thesis/git/TSFusionForecast/code/ ...
[I 2023-12-26 15:59:04,030] Trial 0 finished with value: 0.07091624289751053 and parameters: {'gradient_clip_val': 0.172421371022346, 'hidden_size': 14, 'dropout': 0.12983599691870765, 'hidden_continuous_size': 6, 'attention_head_size': 2, 'learning_rate': 0.004504742348250933}. Best is trial 0 with value: 0.07091624289751053.
[I 2023-12-26 16:00:09,487] Trial 1 finished with value: 0.10420301556587219 and parameters: {'gradient_clip_val': 0.9732210449958322, 'hidden_size': 19, 'dropout': 0.402819854374855, 'hidden_continuous_size': 7, 'attention_head_size': 3, 'learning_rate': 0.0051704932293818355}. Best is trial 0 with value: 0.07091624289751053.
[I 2023-12-26 16:00:11,791] Trial 2 finished with value: 3.110989809036255 and parameters: {'gradient_clip_val': 0.40455367723251007, 'hidden_size': 32, 'dropout': 0.22916145491380166, 'hidden_continuous_size': 9, 'attention_head_size': 1, 'learning_rate': 0.0016249852279974645}. Best is trial 0 with value: 0.07091624289751053.
[I 2023-12-26 16:00:14,649] Trial 3 finished with value: 5.3967742919921875 and parameters: {'gradient_clip_val': 0.3903116412540939, 'hidden_size': 41, 'dropout': 0.3874159688456039, 'hidden_continuous_size': 19, 'attention_head_size': 4, 'learning_rate': 0.005382604734030386}. Best is trial 0 with value: 0.07091624289751053.
[I 2023-12-26 16:00:17,387] Trial 4 finished with value: 3.5006463527679443 and parameters: {'gradient_clip_val': 0.6013310819768011, 'hidden_size': 42, 'dropout': 0.4361390885425569, 'hidden_continuous_size': 8, 'attention_head_size': 1, 'learning_rate': 0.03653535493700601}. Best is trial 0 with value: 0.07091624289751053.
[I 2023-12-26 16:00:19,537] Trial 5 finished with value: 3.2941207885742188 and parameters: {'gradient_clip_val': 0.10221295305367331, 'hidden_size': 20, 'dropout': 0.4920999699497367, 'hidden_continuous_size': 10, 'attention_head_size': 3, 'learning_rate': 0.07078805184605784}. Best is trial 0 with value: 0.07091624289751053.
[I 2023-12-26 16:00:23,183] Trial 6 finished with value: 3.7690227031707764 and parameters: {'gradient_clip_val': 0.22302849923195003, 'hidden_size': 60, 'dropout': 0.2637169380314078, 'hidden_continuous_size': 28, 'attention_head_size': 2, 'learning_rate': 0.00837130844789575}. Best is trial 0 with value: 0.07091624289751053.
[I 2023-12-26 16:00:25,019] Trial 7 finished with value: 3.750910520553589 and parameters: {'gradient_clip_val': 0.10115399241976616, 'hidden_size': 9, 'dropout': 0.26317649955996825, 'hidden_continuous_size': 9, 'attention_head_size': 3, 'learning_rate': 0.0012129051717628995}. Best is trial 0 with value: 0.07091624289751053.
[I 2023-12-26 16:00:33,020] Trial 8 finished with value: 4.594505786895752 and parameters: {'gradient_clip_val': 0.3519565241634223, 'hidden_size': 116, 'dropout': 0.4459594172207152, 'hidden_continuous_size': 99, 'attention_head_size': 3, 'learning_rate': 0.0052124414979896234}. Best is trial 0 with value: 0.07091624289751053.
[I 2023-12-26 16:00:35,442] Trial 9 finished with value: 3.6509511470794678 and parameters: {'gradient_clip_val': 0.1468800768358873, 'hidden_size': 29, 'dropout': 0.28668450660984407, 'hidden_continuous_size': 13, 'attention_head_size': 2, 'learning_rate': 0.07342314410626725}. Best is trial 0 with value: 0.07091624289751053.
[I 2023-12-26 16:00:37,430] Trial 10 finished with value: 3.525791883468628 and parameters: {'gradient_clip_val': 0.20332168060428205, 'hidden_size': 5, 'dropout': 0.12423276838779752, 'hidden_continuous_size': 5, 'attention_head_size': 4, 'learning_rate': 0.0005043587113003656}. Best is trial 0 with value: 0.07091624289751053.
[I 2023-12-26 16:00:39,518] Trial 11 finished with value: 3.7157094478607178 and parameters: {'gradient_clip_val': 0.9885564642473189, 'hidden_size': 15, 'dropout': 0.11448998205541032, 'hidden_continuous_size': 5, 'attention_head_size': 2, 'learning_rate': 0.014450979372830434}. Best is trial 0 with value: 0.07091624289751053.
[I 2023-12-26 16:00:41,574] Trial 12 finished with value: 4.759588718414307 and parameters: {'gradient_clip_val': 0.9155248780483549, 'hidden_size': 13, 'dropout': 0.36319051581233863, 'hidden_continuous_size': 6, 'attention_head_size': 3, 'learning_rate': 0.003281984222576434}. Best is trial 0 with value: 0.07091624289751053.
[I 2023-12-26 16:00:43,528] Trial 13 finished with value: 3.2935657501220703 and parameters: {'gradient_clip_val': 0.6213717323505454, 'hidden_size': 9, 'dropout': 0.18215870508476997, 'hidden_continuous_size': 6, 'attention_head_size': 2, 'learning_rate': 0.013259381457256404}. Best is trial 0 with value: 0.07091624289751053.
[I 2023-12-26 16:00:45,701] Trial 14 finished with value: 4.270222187042236 and parameters: {'gradient_clip_val': 0.25760611832886415, 'hidden_size': 19, 'dropout': 0.3312681075841025, 'hidden_continuous_size': 6, 'attention_head_size': 4, 'learning_rate': 0.0029885550788039585}. Best is trial 0 with value: 0.07091624289751053.
[I 2023-12-26 16:00:47,673] Trial 15 finished with value: 3.413769006729126 and parameters: {'gradient_clip_val': 0.14966457532774724, 'hidden_size': 11, 'dropout': 0.18916703502126814, 'hidden_continuous_size': 6, 'attention_head_size': 1, 'learning_rate': 0.016046156028804607}. Best is trial 0 with value: 0.07091624289751053.
[I 2023-12-26 16:00:49,877] Trial 16 finished with value: 4.229050636291504 and parameters: {'gradient_clip_val': 0.2739776635816079, 'hidden_size': 22, 'dropout': 0.3589966152526047, 'hidden_continuous_size': 7, 'attention_head_size': 2, 'learning_rate': 0.008365085703038165}. Best is trial 0 with value: 0.07091624289751053.
[I 2023-12-26 16:00:51,785] Trial 17 finished with value: 3.8782968521118164 and parameters: {'gradient_clip_val': 0.5339013523232641, 'hidden_size': 7, 'dropout': 0.31754895196117083, 'hidden_continuous_size': 5, 'attention_head_size': 3, 'learning_rate': 0.002384372581179191}. Best is trial 0 with value: 0.07091624289751053.
[I 2023-12-26 16:00:53,698] Trial 18 finished with value: 4.692760944366455 and parameters: {'gradient_clip_val': 0.7722180464578317, 'hidden_size': 16, 'dropout': 0.15991819395707396, 'hidden_continuous_size': 7, 'attention_head_size': 3, 'learning_rate': 0.004465846025523878}. Best is trial 0 with value: 0.07091624289751053.
[I 2023-12-26 16:00:55,778] Trial 19 finished with value: 3.8612420558929443 and parameters: {'gradient_clip_val': 0.3114226774525215, 'hidden_size': 13, 'dropout': 0.2288998790176136, 'hidden_continuous_size': 5, 'attention_head_size': 2, 'learning_rate': 0.024757856765851592}. Best is trial 0 with value: 0.07091624289751053.
[I 2023-12-26 16:00:58,240] Trial 20 finished with value: 4.527278900146484 and parameters: {'gradient_clip_val': 0.4617343106506608, 'hidden_size': 23, 'dropout': 0.10938054809357142, 'hidden_continuous_size': 7, 'attention_head_size': 4, 'learning_rate': 0.009012777480188201}. Best is trial 0 with value: 0.07091624289751053.
[I 2023-12-26 16:01:00,801] Trial 21 finished with value: 4.212674617767334 and parameters: {'gradient_clip_val': 0.44913220681969956, 'hidden_size': 29, 'dropout': 0.21661227451154602, 'hidden_continuous_size': 8, 'attention_head_size': 1, 'learning_rate': 0.002021143876005666}. Best is trial 0 with value: 0.07091624289751053.
[I 2023-12-26 16:01:03,063] Trial 22 finished with value: 3.4871504306793213 and parameters: {'gradient_clip_val': 0.7170646927881816, 'hidden_size': 17, 'dropout': 0.14122968137712633, 'hidden_continuous_size': 7, 'attention_head_size': 1, 'learning_rate': 0.0016245655488379468}. Best is trial 0 with value: 0.07091624289751053.
[I 2023-12-26 16:01:05,638] Trial 23 finished with value: 3.0849902629852295 and parameters: {'gradient_clip_val': 0.3930317817977081, 'hidden_size': 31, 'dropout': 0.15854150603672085, 'hidden_continuous_size': 10, 'attention_head_size': 1, 'learning_rate': 0.0011644196315120708}. Best is trial 0 with value: 0.07091624289751053.
[I 2023-12-26 16:01:07,834] Trial 24 finished with value: 4.041076183319092 and parameters: {'gradient_clip_val': 0.7615201520574082, 'hidden_size': 22, 'dropout': 0.15473499847612712, 'hidden_continuous_size': 8, 'attention_head_size': 1, 'learning_rate': 0.003920703542128805}. Best is trial 0 with value: 0.07091624289751053.
[I 2023-12-26 16:01:09,918] Trial 25 finished with value: 3.2782952785491943 and parameters: {'gradient_clip_val': 0.5151443530206303, 'hidden_size': 11, 'dropout': 0.11050343568955608, 'hidden_continuous_size': 6, 'attention_head_size': 2, 'learning_rate': 0.0010294524997389934}. Best is trial 0 with value: 0.07091624289751053.
[I 2023-12-26 16:01:11,802] Trial 26 finished with value: 4.858313083648682 and parameters: {'gradient_clip_val': 0.34570108961547835, 'hidden_size': 16, 'dropout': 0.16687853945396974, 'hidden_continuous_size': 7, 'attention_head_size': 3, 'learning_rate': 0.002565899053060544}. Best is trial 0 with value: 0.07091624289751053.
[I 2023-12-26 16:01:14,859] Trial 27 finished with value: 4.574925899505615 and parameters: {'gradient_clip_val': 0.91160740323474, 'hidden_size': 26, 'dropout': 0.19575276557509863, 'hidden_continuous_size': 11, 'attention_head_size': 2, 'learning_rate': 0.00559742873387302}. Best is trial 0 with value: 0.07091624289751053.
[I 2023-12-26 16:01:18,275] Trial 28 finished with value: 4.351378440856934 and parameters: {'gradient_clip_val': 0.6256618785845683, 'hidden_size': 34, 'dropout': 0.1407037369440631, 'hidden_continuous_size': 12, 'attention_head_size': 1, 'learning_rate': 0.0033382640720169277}. Best is trial 0 with value: 0.07091624289751053.
[I 2023-12-26 16:01:22,225] Trial 29 finished with value: 3.9000396728515625 and parameters: {'gradient_clip_val': 0.3932224099638121, 'hidden_size': 56, 'dropout': 0.20435435206541314, 'hidden_continuous_size': 10, 'attention_head_size': 1, 'learning_rate': 0.0018290282825185165}. Best is trial 0 with value: 0.07091624289751053.
[I 2023-12-26 16:01:24,501] Trial 30 finished with value: 2.460210084915161 and parameters: {'gradient_clip_val': 0.3176058559319996, 'hidden_size': 25, 'dropout': 0.2426870981532534, 'hidden_continuous_size': 9, 'attention_head_size': 2, 'learning_rate': 0.006519170567163928}. Best is trial 0 with value: 0.07091624289751053.
[I 2023-12-26 16:01:26,792] Trial 31 finished with value: 4.709582805633545 and parameters: {'gradient_clip_val': 0.30675687959403974, 'hidden_size': 25, 'dropout': 0.24449186448082302, 'hidden_continuous_size': 9, 'attention_head_size': 2, 'learning_rate': 0.00622106487515271}. Best is trial 0 with value: 0.07091624289751053.
[I 2023-12-26 16:01:29,362] Trial 32 finished with value: 3.963019371032715 and parameters: {'gradient_clip_val': 0.412868672294038, 'hidden_size': 36, 'dropout': 0.17508597979197665, 'hidden_continuous_size': 10, 'attention_head_size': 2, 'learning_rate': 0.0041487650208300204}. Best is trial 0 with value: 0.07091624289751053.
[I 2023-12-26 16:01:31,494] Trial 33 finished with value: 2.9985058307647705 and parameters: {'gradient_clip_val': 0.3610522017089174, 'hidden_size': 19, 'dropout': 0.21200177443255414, 'hidden_continuous_size': 8, 'attention_head_size': 3, 'learning_rate': 0.006215868608394825}. Best is trial 0 with value: 0.07091624289751053.
[I 2023-12-26 16:01:33,881] Trial 34 finished with value: 3.3453853130340576 and parameters: {'gradient_clip_val': 0.3365225790882584, 'hidden_size': 20, 'dropout': 0.21967649455600116, 'hidden_continuous_size': 8, 'attention_head_size': 3, 'learning_rate': 0.005901791351852533}. Best is trial 0 with value: 0.07091624289751053.
[I 2023-12-26 16:01:36,020] Trial 35 finished with value: 3.413569688796997 and parameters: {'gradient_clip_val': 0.5220233451447459, 'hidden_size': 19, 'dropout': 0.2500741932658538, 'hidden_continuous_size': 8, 'attention_head_size': 3, 'learning_rate': 0.007371395060043784}. Best is trial 0 with value: 0.07091624289751053.
[I 2023-12-26 16:01:38,531] Trial 36 finished with value: 3.189674139022827 and parameters: {'gradient_clip_val': 0.27066647475496797, 'hidden_size': 25, 'dropout': 0.2784078387820895, 'hidden_continuous_size': 7, 'attention_head_size': 3, 'learning_rate': 0.010342431740590484}. Best is trial 0 with value: 0.07091624289751053.
[I 2023-12-26 16:01:42,366] Trial 37 finished with value: 3.332974672317505 and parameters: {'gradient_clip_val': 0.20399958115031858, 'hidden_size': 41, 'dropout': 0.23951088373227228, 'hidden_continuous_size': 15, 'attention_head_size': 4, 'learning_rate': 0.004530469860073304}. Best is trial 0 with value: 0.07091624289751053.
[I 2023-12-26 16:01:44,580] Trial 38 finished with value: 3.325465440750122 and parameters: {'gradient_clip_val': 0.4399936964829216, 'hidden_size': 14, 'dropout': 0.26508316645576024, 'hidden_continuous_size': 9, 'attention_head_size': 3, 'learning_rate': 0.0066248008202099105}. Best is trial 0 with value: 0.07091624289751053.
[I 2023-12-26 16:01:46,616] Trial 39 finished with value: 3.840886354446411 and parameters: {'gradient_clip_val': 0.23062843670353692, 'hidden_size': 18, 'dropout': 0.30249580956903244, 'hidden_continuous_size': 8, 'attention_head_size': 2, 'learning_rate': 0.010437480021387373}. Best is trial 0 with value: 0.07091624289751053.
[I 2023-12-26 16:01:49,073] Trial 40 finished with value: 4.0182671546936035 and parameters: {'gradient_clip_val': 0.36293902936052896, 'hidden_size': 29, 'dropout': 0.4220515320298783, 'hidden_continuous_size': 9, 'attention_head_size': 3, 'learning_rate': 0.005451555205933411}. Best is trial 0 with value: 0.07091624289751053.
[I 2023-12-26 16:01:51,293] Trial 41 finished with value: 2.739935874938965 and parameters: {'gradient_clip_val': 0.3831907722809064, 'hidden_size': 21, 'dropout': 0.20903438138125094, 'hidden_continuous_size': 9, 'attention_head_size': 2, 'learning_rate': 0.002849092605465075}. Best is trial 0 with value: 0.07091624289751053.
[I 2023-12-26 16:01:53,460] Trial 42 finished with value: 3.4183027744293213 and parameters: {'gradient_clip_val': 0.2930296639705926, 'hidden_size': 20, 'dropout': 0.20185868399074686, 'hidden_continuous_size': 9, 'attention_head_size': 2, 'learning_rate': 0.0034724259995532174}. Best is trial 0 with value: 0.07091624289751053.
[I 2023-12-26 16:01:55,346] Trial 43 finished with value: 3.0173709392547607 and parameters: {'gradient_clip_val': 0.36173897074241984, 'hidden_size': 16, 'dropout': 0.21397908743476055, 'hidden_continuous_size': 8, 'attention_head_size': 2, 'learning_rate': 0.004560717252052577}. Best is trial 0 with value: 0.07091624289751053.
[I 2023-12-26 16:01:57,620] Trial 44 finished with value: 3.205737829208374 and parameters: {'gradient_clip_val': 0.3315273234016909, 'hidden_size': 23, 'dropout': 0.23001421302974126, 'hidden_continuous_size': 11, 'attention_head_size': 2, 'learning_rate': 0.007057098305415187}. Best is trial 0 with value: 0.07091624289751053.
[I 2023-12-26 16:01:59,911] Trial 45 finished with value: 3.203015089035034 and parameters: {'gradient_clip_val': 0.23795271163902773, 'hidden_size': 13, 'dropout': 0.18366644294614068, 'hidden_continuous_size': 9, 'attention_head_size': 2, 'learning_rate': 0.0029236633000247767}. Best is trial 0 with value: 0.07091624289751053.
[I 2023-12-26 16:02:02,004] Trial 46 finished with value: 4.086103439331055 and parameters: {'gradient_clip_val': 0.1676385842117078, 'hidden_size': 18, 'dropout': 0.10037670891048525, 'hidden_continuous_size': 6, 'attention_head_size': 3, 'learning_rate': 0.004983878854392113}. Best is trial 0 with value: 0.07091624289751053.
[I 2023-12-26 16:02:04,410] Trial 47 finished with value: 3.95361590385437 and parameters: {'gradient_clip_val': 0.121867206511584, 'hidden_size': 27, 'dropout': 0.2556282358489502, 'hidden_continuous_size': 10, 'attention_head_size': 2, 'learning_rate': 0.0037318008659700053}. Best is trial 0 with value: 0.07091624289751053.
[I 2023-12-26 16:02:07,208] Trial 48 finished with value: 3.4636783599853516 and parameters: {'gradient_clip_val': 0.2909360548623705, 'hidden_size': 35, 'dropout': 0.28257231707001773, 'hidden_continuous_size': 13, 'attention_head_size': 4, 'learning_rate': 0.00778880620351942}. Best is trial 0 with value: 0.07091624289751053.
[I 2023-12-26 16:02:09,528] Trial 49 finished with value: 4.338965892791748 and parameters: {'gradient_clip_val': 0.19949982994758753, 'hidden_size': 15, 'dropout': 0.13133327876896023, 'hidden_continuous_size': 7, 'attention_head_size': 3, 'learning_rate': 0.0025506112209747853}. Best is trial 0 with value: 0.07091624289751053.
[I 2023-12-26 16:02:09,662] A new study created in memory with name: no-name-c178bd03-88af-4465-bab8-67074d27707f
/home/le004/conda/anaconda3/envs/tsff_env/lib/python3.9/site-packages/lightning/fabric/plugins/environments/slurm.py:191: The `srun` command is available on your system but is not used. HINT: If your intention is to run Lightning on SLURM, prepend your python command with `srun` like so: srun python /home/le004/master_thesis/git/TSFusionForecast/code/ ...
[I 2023-12-26 16:06:34,048] Trial 0 finished with value: 0.04695345088839531 and parameters: {'gradient_clip_val': 0.39306341743900813, 'hidden_size': 17, 'dropout': 0.21783065550674077, 'hidden_continuous_size': 7, 'attention_head_size': 2, 'learning_rate': 0.03588837178839999}. Best is trial 0 with value: 0.04695345088839531.
[I 2023-12-26 16:06:38,376] Trial 1 finished with value: 3.347895622253418 and parameters: {'gradient_clip_val': 0.43890959179718125, 'hidden_size': 69, 'dropout': 0.13031363648803707, 'hidden_continuous_size': 26, 'attention_head_size': 2, 'learning_rate': 0.0012783992813411782}. Best is trial 0 with value: 0.04695345088839531.
[I 2023-12-26 16:06:41,160] Trial 2 finished with value: 2.840852975845337 and parameters: {'gradient_clip_val': 0.9707090191162506, 'hidden_size': 42, 'dropout': 0.47437517063583046, 'hidden_continuous_size': 9, 'attention_head_size': 2, 'learning_rate': 0.003245579629222902}. Best is trial 0 with value: 0.04695345088839531.
[I 2023-12-26 16:06:46,773] Trial 3 finished with value: 2.4206161499023438 and parameters: {'gradient_clip_val': 0.19849333517841444, 'hidden_size': 87, 'dropout': 0.35315677670960854, 'hidden_continuous_size': 29, 'attention_head_size': 1, 'learning_rate': 0.050158719367596936}. Best is trial 0 with value: 0.04695345088839531.
[I 2023-12-26 16:06:48,828] Trial 4 finished with value: 3.7263100147247314 and parameters: {'gradient_clip_val': 0.2654462882251538, 'hidden_size': 14, 'dropout': 0.2834839475395987, 'hidden_continuous_size': 9, 'attention_head_size': 2, 'learning_rate': 0.003996954665696632}. Best is trial 0 with value: 0.04695345088839531.
[I 2023-12-26 16:06:50,991] Trial 5 finished with value: 3.6155717372894287 and parameters: {'gradient_clip_val': 0.152549880873181, 'hidden_size': 19, 'dropout': 0.2417525533721212, 'hidden_continuous_size': 16, 'attention_head_size': 3, 'learning_rate': 0.005708828348594111}. Best is trial 0 with value: 0.04695345088839531.
[I 2023-12-26 16:06:52,949] Trial 6 finished with value: 2.074444532394409 and parameters: {'gradient_clip_val': 0.1966639395537245, 'hidden_size': 5, 'dropout': 0.20754911045437138, 'hidden_continuous_size': 5, 'attention_head_size': 4, 'learning_rate': 0.019967365979022867}. Best is trial 0 with value: 0.04695345088839531.
[I 2023-12-26 16:07:00,448] Trial 7 finished with value: 2.420776128768921 and parameters: {'gradient_clip_val': 0.41048352120315745, 'hidden_size': 117, 'dropout': 0.15980832388972566, 'hidden_continuous_size': 34, 'attention_head_size': 2, 'learning_rate': 0.011020264301871129}. Best is trial 0 with value: 0.04695345088839531.
[I 2023-12-26 16:07:02,441] Trial 8 finished with value: 3.077873468399048 and parameters: {'gradient_clip_val': 0.26267090493008877, 'hidden_size': 11, 'dropout': 0.31407453090698034, 'hidden_continuous_size': 5, 'attention_head_size': 3, 'learning_rate': 0.09471873877983726}. Best is trial 0 with value: 0.04695345088839531.
[I 2023-12-26 16:07:04,187] Trial 9 finished with value: 3.8908185958862305 and parameters: {'gradient_clip_val': 0.2099247521250938, 'hidden_size': 5, 'dropout': 0.16584750902032824, 'hidden_continuous_size': 5, 'attention_head_size': 4, 'learning_rate': 0.010810113584107085}. Best is trial 0 with value: 0.04695345088839531.
[I 2023-12-26 16:07:06,464] Trial 10 finished with value: 2.2116425037384033 and parameters: {'gradient_clip_val': 0.11635455216128049, 'hidden_size': 32, 'dropout': 0.10422846736826116, 'hidden_continuous_size': 8, 'attention_head_size': 1, 'learning_rate': 0.029684921638867896}. Best is trial 0 with value: 0.04695345088839531.
