[I 2023-12-16 04:34:20,126] Trial 26 finished with value: 15.315513610839844 and parameters: {'gradient_clip_val': 0.3127697001523319, 'hidden_size': 41, 'dropout': 0.228509470697281, 'hidden_continuous_size': 10, 'attention_head_size': 2, 'learning_rate': 0.0005299836720525392}. Best is trial 22 with value: 10.53331184387207.
LOCAL_RANK: 0 - CUDA_VISIBLE_DEVICES: [0]
[I 2023-12-16 04:35:13,112] Trial 27 finished with value: 9.686549186706543 and parameters: {'gradient_clip_val': 0.1446264486528528, 'hidden_size': 80, 'dropout': 0.1573154143855806, 'hidden_continuous_size': 22, 'attention_head_size': 1, 'learning_rate': 0.0007724421776121143}. Best is trial 27 with value: 9.686549186706543.
LOCAL_RANK: 0 - CUDA_VISIBLE_DEVICES: [0]
[I 2023-12-16 04:36:06,620] Trial 28 finished with value: 16.81610107421875 and parameters: {'gradient_clip_val': 0.1458246396549571, 'hidden_size': 55, 'dropout': 0.1191911989733146, 'hidden_continuous_size': 21, 'attention_head_size': 3, 'learning_rate': 0.0012273140316116395}. Best is trial 27 with value: 9.686549186706543.
LOCAL_RANK: 0 - CUDA_VISIBLE_DEVICES: [0]
[I 2023-12-16 04:36:54,959] Trial 29 finished with value: 13.308749198913574 and parameters: {'gradient_clip_val': 0.18548062027979237, 'hidden_size': 22, 'dropout': 0.15784736208858652, 'hidden_continuous_size': 13, 'attention_head_size': 1, 'learning_rate': 0.0018189492904763125}. Best is trial 27 with value: 9.686549186706543.
LOCAL_RANK: 0 - CUDA_VISIBLE_DEVICES: [0]
[I 2023-12-16 04:37:49,776] Trial 30 finished with value: 13.326656341552734 and parameters: {'gradient_clip_val': 0.45071092904240617, 'hidden_size': 71, 'dropout': 0.18390373779276514, 'hidden_continuous_size': 34, 'attention_head_size': 3, 'learning_rate': 0.0014196670080127694}. Best is trial 27 with value: 9.686549186706543.
LOCAL_RANK: 0 - CUDA_VISIBLE_DEVICES: [0]
[I 2023-12-16 04:38:43,494] Trial 31 finished with value: 10.893158912658691 and parameters: {'gradient_clip_val': 0.13170431860018053, 'hidden_size': 81, 'dropout': 0.1610918134440823, 'hidden_continuous_size': 16, 'attention_head_size': 1, 'learning_rate': 0.000764010571846017}. Best is trial 27 with value: 9.686549186706543.
LOCAL_RANK: 0 - CUDA_VISIBLE_DEVICES: [0]
[I 2023-12-16 04:39:37,856] Trial 32 finished with value: 14.946044921875 and parameters: {'gradient_clip_val': 0.12427548910303444, 'hidden_size': 98, 'dropout': 0.13176009357314752, 'hidden_continuous_size': 16, 'attention_head_size': 1, 'learning_rate': 0.0007769864834028789}. Best is trial 27 with value: 9.686549186706543.
LOCAL_RANK: 0 - CUDA_VISIBLE_DEVICES: [0]
[I 2023-12-16 04:40:31,220] Trial 33 finished with value: 17.210493087768555 and parameters: {'gradient_clip_val': 0.1569082678645424, 'hidden_size': 81, 'dropout': 0.1567552742201552, 'hidden_continuous_size': 16, 'attention_head_size': 1, 'learning_rate': 0.0012033460890201676}. Best is trial 27 with value: 9.686549186706543.
LOCAL_RANK: 0 - CUDA_VISIBLE_DEVICES: [0]
[I 2023-12-16 04:41:25,164] Trial 34 finished with value: 15.753982543945312 and parameters: {'gradient_clip_val': 0.13144733413300255, 'hidden_size': 81, 'dropout': 0.16892273637474547, 'hidden_continuous_size': 22, 'attention_head_size': 2, 'learning_rate': 0.0007116107553390233}. Best is trial 27 with value: 9.686549186706543.
LOCAL_RANK: 0 - CUDA_VISIBLE_DEVICES: [0]
[I 2023-12-16 04:42:16,649] Trial 35 finished with value: 14.853897094726562 and parameters: {'gradient_clip_val': 0.12024427421024675, 'hidden_size': 56, 'dropout': 0.15102494027200491, 'hidden_continuous_size': 14, 'attention_head_size': 1, 'learning_rate': 0.0007867307185851467}. Best is trial 27 with value: 9.686549186706543.
LOCAL_RANK: 0 - CUDA_VISIBLE_DEVICES: [0]
[I 2023-12-16 04:43:09,582] Trial 36 finished with value: 22.396127700805664 and parameters: {'gradient_clip_val': 0.1785560402855186, 'hidden_size': 69, 'dropout': 0.12029900793584868, 'hidden_continuous_size': 19, 'attention_head_size': 1, 'learning_rate': 0.0038540577175730137}. Best is trial 27 with value: 9.686549186706543.
LOCAL_RANK: 0 - CUDA_VISIBLE_DEVICES: [0]
[I 2023-12-16 04:44:04,129] Trial 37 finished with value: 9.779075622558594 and parameters: {'gradient_clip_val': 0.16130274452790985, 'hidden_size': 87, 'dropout': 0.19226778877337086, 'hidden_continuous_size': 18, 'attention_head_size': 2, 'learning_rate': 0.002109265728357034}. Best is trial 27 with value: 9.686549186706543.
LOCAL_RANK: 0 - CUDA_VISIBLE_DEVICES: [0]
[I 2023-12-16 04:44:57,337] Trial 38 finished with value: 19.45635986328125 and parameters: {'gradient_clip_val': 0.1598599340113364, 'hidden_size': 88, 'dropout': 0.23318973234279114, 'hidden_continuous_size': 21, 'attention_head_size': 2, 'learning_rate': 0.002071111998589496}. Best is trial 27 with value: 9.686549186706543.
LOCAL_RANK: 0 - CUDA_VISIBLE_DEVICES: [0]
[I 2023-12-16 04:45:50,018] Trial 39 finished with value: 9.459914207458496 and parameters: {'gradient_clip_val': 0.2039459012228566, 'hidden_size': 59, 'dropout': 0.19287271075566148, 'hidden_continuous_size': 11, 'attention_head_size': 2, 'learning_rate': 0.004613042786493964}. Best is trial 39 with value: 9.459914207458496.
LOCAL_RANK: 0 - CUDA_VISIBLE_DEVICES: [0]
[I 2023-12-16 04:46:44,499] Trial 40 finished with value: 13.913764953613281 and parameters: {'gradient_clip_val': 0.2030377160678739, 'hidden_size': 100, 'dropout': 0.24574212569325887, 'hidden_continuous_size': 28, 'attention_head_size': 2, 'learning_rate': 0.006408339540368117}. Best is trial 39 with value: 9.459914207458496.
LOCAL_RANK: 0 - CUDA_VISIBLE_DEVICES: [0]
[I 2023-12-16 04:47:37,433] Trial 41 finished with value: 10.664817810058594 and parameters: {'gradient_clip_val': 0.16515935932692682, 'hidden_size': 62, 'dropout': 0.19441543326502755, 'hidden_continuous_size': 11, 'attention_head_size': 2, 'learning_rate': 0.004248662852698038}. Best is trial 39 with value: 9.459914207458496.
LOCAL_RANK: 0 - CUDA_VISIBLE_DEVICES: [0]
[I 2023-12-16 04:48:30,013] Trial 42 finished with value: 9.600153923034668 and parameters: {'gradient_clip_val': 0.16777652189067843, 'hidden_size': 65, 'dropout': 0.19357833802877467, 'hidden_continuous_size': 11, 'attention_head_size': 2, 'learning_rate': 0.003729139705140972}. Best is trial 39 with value: 9.459914207458496.
LOCAL_RANK: 0 - CUDA_VISIBLE_DEVICES: [0]
[I 2023-12-16 04:49:23,504] Trial 43 finished with value: 15.669983863830566 and parameters: {'gradient_clip_val': 0.14702972640147402, 'hidden_size': 74, 'dropout': 0.21056075496443832, 'hidden_continuous_size': 8, 'attention_head_size': 3, 'learning_rate': 0.003423060456570551}. Best is trial 39 with value: 9.459914207458496.
LOCAL_RANK: 0 - CUDA_VISIBLE_DEVICES: [0]
[I 2023-12-16 04:50:17,716] Trial 44 finished with value: 13.276923179626465 and parameters: {'gradient_clip_val': 0.1991515044227826, 'hidden_size': 88, 'dropout': 0.17290481608255795, 'hidden_continuous_size': 18, 'attention_head_size': 2, 'learning_rate': 0.004927219231463485}. Best is trial 39 with value: 9.459914207458496.
LOCAL_RANK: 0 - CUDA_VISIBLE_DEVICES: [0]
[I 2023-12-16 04:51:11,114] Trial 45 finished with value: 23.44331932067871 and parameters: {'gradient_clip_val': 0.17840662799034554, 'hidden_size': 57, 'dropout': 0.19139931751980552, 'hidden_continuous_size': 13, 'attention_head_size': 2, 'learning_rate': 0.008322265787158735}. Best is trial 39 with value: 9.459914207458496.
LOCAL_RANK: 0 - CUDA_VISIBLE_DEVICES: [0]
[I 2023-12-16 04:52:03,249] Trial 46 finished with value: 10.494464874267578 and parameters: {'gradient_clip_val': 0.22709891092407816, 'hidden_size': 45, 'dropout': 0.21940802245420266, 'hidden_continuous_size': 11, 'attention_head_size': 2, 'learning_rate': 0.005522252443032847}. Best is trial 39 with value: 9.459914207458496.
LOCAL_RANK: 0 - CUDA_VISIBLE_DEVICES: [0]
[I 2023-12-16 04:52:54,736] Trial 47 finished with value: 19.344255447387695 and parameters: {'gradient_clip_val': 0.22543315202301087, 'hidden_size': 49, 'dropout': 0.1906402204194992, 'hidden_continuous_size': 6, 'attention_head_size': 2, 'learning_rate': 0.0052548523622156056}. Best is trial 39 with value: 9.459914207458496.
LOCAL_RANK: 0 - CUDA_VISIBLE_DEVICES: [0]
[I 2023-12-16 04:53:47,440] Trial 48 finished with value: 17.058786392211914 and parameters: {'gradient_clip_val': 0.16708797585171778, 'hidden_size': 47, 'dropout': 0.17139710489525428, 'hidden_continuous_size': 11, 'attention_head_size': 3, 'learning_rate': 0.008012396598171689}. Best is trial 39 with value: 9.459914207458496.
LOCAL_RANK: 0 - CUDA_VISIBLE_DEVICES: [0]
[I 2023-12-16 04:54:40,126] Trial 49 finished with value: 14.613368034362793 and parameters: {'gradient_clip_val': 0.1495220364935559, 'hidden_size': 61, 'dropout': 0.21342497230671412, 'hidden_continuous_size': 8, 'attention_head_size': 2, 'learning_rate': 0.006465341330228626}. Best is trial 39 with value: 9.459914207458496.
[I 2023-12-16 04:54:40,221] A new study created in memory with name: no-name-7d886ccf-03e2-49ae-9815-4a0bcd0fd1c8
/home/le004/conda/anaconda3/envs/tsff_env/lib/python3.9/site-packages/lightning/fabric/plugins/environments/slurm.py:191: The `srun` command is available on your system but is not used. HINT: If your intention is to run Lightning on SLURM, prepend your python command with `srun` like so: srun python /home/le004/master_thesis/git/TSFusionForecast/code/ ...
LOCAL_RANK: 0 - CUDA_VISIBLE_DEVICES: [0]
[I 2023-12-16 04:55:28,214] Trial 0 finished with value: 20.542789459228516 and parameters: {'gradient_clip_val': 0.10358567957689378, 'hidden_size': 22, 'dropout': 0.14255777316123447, 'hidden_continuous_size': 7, 'attention_head_size': 1, 'learning_rate': 0.03183962768591984}. Best is trial 0 with value: 20.542789459228516.
LOCAL_RANK: 0 - CUDA_VISIBLE_DEVICES: [0]
[I 2023-12-16 04:56:18,766] Trial 1 finished with value: 26.865087509155273 and parameters: {'gradient_clip_val': 0.24745827468432488, 'hidden_size': 55, 'dropout': 0.11320508303109308, 'hidden_continuous_size': 5, 'attention_head_size': 1, 'learning_rate': 0.006833299665818953}. Best is trial 0 with value: 20.542789459228516.
LOCAL_RANK: 0 - CUDA_VISIBLE_DEVICES: [0]
[I 2023-12-16 04:57:04,294] Trial 2 finished with value: 19.524328231811523 and parameters: {'gradient_clip_val': 0.6498294704030282, 'hidden_size': 7, 'dropout': 0.28540057163140564, 'hidden_continuous_size': 5, 'attention_head_size': 4, 'learning_rate': 0.007068623661987817}. Best is trial 2 with value: 19.524328231811523.
LOCAL_RANK: 0 - CUDA_VISIBLE_DEVICES: [0]
[I 2023-12-16 04:57:50,117] Trial 3 finished with value: 16.388586044311523 and parameters: {'gradient_clip_val': 0.8235529764274462, 'hidden_size': 9, 'dropout': 0.16044755719685544, 'hidden_continuous_size': 7, 'attention_head_size': 3, 'learning_rate': 0.0006930312222185056}. Best is trial 3 with value: 16.388586044311523.
LOCAL_RANK: 0 - CUDA_VISIBLE_DEVICES: [0]
[I 2023-12-16 04:58:41,437] Trial 4 finished with value: 15.381988525390625 and parameters: {'gradient_clip_val': 0.20067186269484194, 'hidden_size': 56, 'dropout': 0.11883153726380102, 'hidden_continuous_size': 10, 'attention_head_size': 1, 'learning_rate': 0.0015352311253527644}. Best is trial 4 with value: 15.381988525390625.
LOCAL_RANK: 0 - CUDA_VISIBLE_DEVICES: [0]
[I 2023-12-16 04:59:26,615] Trial 5 finished with value: 17.256357192993164 and parameters: {'gradient_clip_val': 0.34416977881305194, 'hidden_size': 9, 'dropout': 0.36186196918142643, 'hidden_continuous_size': 8, 'attention_head_size': 2, 'learning_rate': 0.0012054155988084122}. Best is trial 4 with value: 15.381988525390625.
LOCAL_RANK: 0 - CUDA_VISIBLE_DEVICES: [0]
[I 2023-12-16 05:00:00,833] Trial 6 finished with value: 27.716588973999023 and parameters: {'gradient_clip_val': 0.228395109014562, 'hidden_size': 5, 'dropout': 0.14910772987237308, 'hidden_continuous_size': 5, 'attention_head_size': 2, 'learning_rate': 0.03206596668338413}. Best is trial 4 with value: 15.381988525390625.
LOCAL_RANK: 0 - CUDA_VISIBLE_DEVICES: [0]
[I 2023-12-16 05:00:46,386] Trial 7 finished with value: 26.17076873779297 and parameters: {'gradient_clip_val': 0.3518631977618461, 'hidden_size': 17, 'dropout': 0.3460088978318022, 'hidden_continuous_size': 6, 'attention_head_size': 1, 'learning_rate': 0.05862606819905889}. Best is trial 4 with value: 15.381988525390625.
LOCAL_RANK: 0 - CUDA_VISIBLE_DEVICES: [0]
[I 2023-12-16 05:01:35,552] Trial 8 finished with value: 12.694287300109863 and parameters: {'gradient_clip_val': 0.7126074811816072, 'hidden_size': 31, 'dropout': 0.3627964333535909, 'hidden_continuous_size': 8, 'attention_head_size': 2, 'learning_rate': 0.0008449025985950979}. Best is trial 8 with value: 12.694287300109863.
LOCAL_RANK: 0 - CUDA_VISIBLE_DEVICES: [0]
[I 2023-12-16 05:02:22,259] Trial 9 finished with value: 15.8253755569458 and parameters: {'gradient_clip_val': 0.677471160616762, 'hidden_size': 15, 'dropout': 0.3045687122968358, 'hidden_continuous_size': 11, 'attention_head_size': 3, 'learning_rate': 0.0022148374484080254}. Best is trial 8 with value: 12.694287300109863.
LOCAL_RANK: 0 - CUDA_VISIBLE_DEVICES: [0]
[I 2023-12-16 05:03:12,264] Trial 10 finished with value: 10.375450134277344 and parameters: {'gradient_clip_val': 0.9855634408544384, 'hidden_size': 32, 'dropout': 0.39904695659988487, 'hidden_continuous_size': 17, 'attention_head_size': 4, 'learning_rate': 0.0005134324050891432}. Best is trial 10 with value: 10.375450134277344.
LOCAL_RANK: 0 - CUDA_VISIBLE_DEVICES: [0]
[I 2023-12-16 05:04:04,400] Trial 11 finished with value: 9.20149040222168 and parameters: {'gradient_clip_val': 0.9751525391076763, 'hidden_size': 33, 'dropout': 0.39671969570651744, 'hidden_continuous_size': 18, 'attention_head_size': 4, 'learning_rate': 0.0006075411720208492}. Best is trial 11 with value: 9.20149040222168.
LOCAL_RANK: 0 - CUDA_VISIBLE_DEVICES: [0]
[I 2023-12-16 05:04:59,844] Trial 12 finished with value: 10.121607780456543 and parameters: {'gradient_clip_val': 0.9791843286007481, 'hidden_size': 93, 'dropout': 0.39104662942049084, 'hidden_continuous_size': 26, 'attention_head_size': 4, 'learning_rate': 0.0006047710238272515}. Best is trial 11 with value: 9.20149040222168.
LOCAL_RANK: 0 - CUDA_VISIBLE_DEVICES: [0]
[I 2023-12-16 05:05:56,655] Trial 13 finished with value: 16.19243621826172 and parameters: {'gradient_clip_val': 0.9921487858614222, 'hidden_size': 97, 'dropout': 0.39615580734747546, 'hidden_continuous_size': 34, 'attention_head_size': 4, 'learning_rate': 0.002725569223510739}. Best is trial 11 with value: 9.20149040222168.
LOCAL_RANK: 0 - CUDA_VISIBLE_DEVICES: [0]
[I 2023-12-16 05:06:51,818] Trial 14 finished with value: 17.849435806274414 and parameters: {'gradient_clip_val': 0.49387023016539744, 'hidden_size': 74, 'dropout': 0.3189281909004819, 'hidden_continuous_size': 35, 'attention_head_size': 3, 'learning_rate': 0.0008608381984874638}. Best is trial 11 with value: 9.20149040222168.
LOCAL_RANK: 0 - CUDA_VISIBLE_DEVICES: [0]
[I 2023-12-16 05:07:50,472] Trial 15 finished with value: 20.575172424316406 and parameters: {'gradient_clip_val': 0.5190018185354626, 'hidden_size': 99, 'dropout': 0.21824934584394423, 'hidden_continuous_size': 69, 'attention_head_size': 4, 'learning_rate': 0.0005429376036950451}. Best is trial 11 with value: 9.20149040222168.
LOCAL_RANK: 0 - CUDA_VISIBLE_DEVICES: [0]
[I 2023-12-16 05:08:43,257] Trial 16 finished with value: 18.74292755126953 and parameters: {'gradient_clip_val': 0.9604286230193774, 'hidden_size': 43, 'dropout': 0.25750933422251976, 'hidden_continuous_size': 16, 'attention_head_size': 3, 'learning_rate': 0.0030395031539873297}. Best is trial 11 with value: 9.20149040222168.
LOCAL_RANK: 0 - CUDA_VISIBLE_DEVICES: [0]
[I 2023-12-16 05:09:36,955] Trial 17 finished with value: 25.87803077697754 and parameters: {'gradient_clip_val': 0.5658522478227158, 'hidden_size': 64, 'dropout': 0.3992704951751397, 'hidden_continuous_size': 24, 'attention_head_size': 4, 'learning_rate': 0.001672051872028291}. Best is trial 11 with value: 9.20149040222168.
LOCAL_RANK: 0 - CUDA_VISIBLE_DEVICES: [0]
[I 2023-12-16 05:10:29,813] Trial 18 finished with value: 11.855359077453613 and parameters: {'gradient_clip_val': 0.7931720222946497, 'hidden_size': 42, 'dropout': 0.33610221468356766, 'hidden_continuous_size': 14, 'attention_head_size': 4, 'learning_rate': 0.001091271280390771}. Best is trial 11 with value: 9.20149040222168.
LOCAL_RANK: 0 - CUDA_VISIBLE_DEVICES: [0]
[I 2023-12-16 05:11:23,680] Trial 19 finished with value: 23.732681274414062 and parameters: {'gradient_clip_val': 0.44959599793652266, 'hidden_size': 76, 'dropout': 0.3609564386999214, 'hidden_continuous_size': 21, 'attention_head_size': 3, 'learning_rate': 0.003965313667714531}. Best is trial 11 with value: 9.20149040222168.
LOCAL_RANK: 0 - CUDA_VISIBLE_DEVICES: [0]
[I 2023-12-16 05:12:13,430] Trial 20 finished with value: 10.768409729003906 and parameters: {'gradient_clip_val': 0.7943512761979165, 'hidden_size': 27, 'dropout': 0.2906673774852976, 'hidden_continuous_size': 13, 'attention_head_size': 4, 'learning_rate': 0.000533034627910314}. Best is trial 11 with value: 9.20149040222168.
LOCAL_RANK: 0 - CUDA_VISIBLE_DEVICES: [0]
[I 2023-12-16 05:13:06,252] Trial 21 finished with value: 13.83410930633545 and parameters: {'gradient_clip_val': 0.989563301563227, 'hidden_size': 38, 'dropout': 0.39569628570849297, 'hidden_continuous_size': 18, 'attention_head_size': 4, 'learning_rate': 0.0006217221485894806}. Best is trial 11 with value: 9.20149040222168.
LOCAL_RANK: 0 - CUDA_VISIBLE_DEVICES: [0]
[I 2023-12-16 05:13:55,212] Trial 22 finished with value: 14.215699195861816 and parameters: {'gradient_clip_val': 0.6145502285850541, 'hidden_size': 32, 'dropout': 0.3741858103654266, 'hidden_continuous_size': 15, 'attention_head_size': 4, 'learning_rate': 0.0011761221074490077}. Best is trial 11 with value: 9.20149040222168.
LOCAL_RANK: 0 - CUDA_VISIBLE_DEVICES: [0]
[I 2023-12-16 05:14:48,579] Trial 23 finished with value: 14.571979522705078 and parameters: {'gradient_clip_val': 0.847461037797641, 'hidden_size': 50, 'dropout': 0.34277986592363274, 'hidden_continuous_size': 21, 'attention_head_size': 3, 'learning_rate': 0.0008862518447345516}. Best is trial 11 with value: 9.20149040222168.
LOCAL_RANK: 0 - CUDA_VISIBLE_DEVICES: [0]
[I 2023-12-16 05:15:37,084] Trial 24 finished with value: 13.756744384765625 and parameters: {'gradient_clip_val': 0.9996999403205764, 'hidden_size': 24, 'dropout': 0.3730071324289243, 'hidden_continuous_size': 11, 'attention_head_size': 4, 'learning_rate': 0.0005210191085261801}. Best is trial 11 with value: 9.20149040222168.
LOCAL_RANK: 0 - CUDA_VISIBLE_DEVICES: [0]
[I 2023-12-16 05:16:29,384] Trial 25 finished with value: 20.70954704284668 and parameters: {'gradient_clip_val': 0.7461534772274461, 'hidden_size': 35, 'dropout': 0.32312306747486336, 'hidden_continuous_size': 17, 'attention_head_size': 4, 'learning_rate': 0.0017826166061125344}. Best is trial 11 with value: 9.20149040222168.
LOCAL_RANK: 0 - CUDA_VISIBLE_DEVICES: [0]
[I 2023-12-16 05:17:22,077] Trial 26 finished with value: 14.817950248718262 and parameters: {'gradient_clip_val': 0.6311565010869956, 'hidden_size': 45, 'dropout': 0.3788777461022009, 'hidden_continuous_size': 13, 'attention_head_size': 3, 'learning_rate': 0.0009038663555630269}. Best is trial 11 with value: 9.20149040222168.
LOCAL_RANK: 0 - CUDA_VISIBLE_DEVICES: [0]
[I 2023-12-16 05:18:10,698] Trial 27 finished with value: 12.754119873046875 and parameters: {'gradient_clip_val': 0.8248253036377702, 'hidden_size': 28, 'dropout': 0.3887005983808101, 'hidden_continuous_size': 13, 'attention_head_size': 4, 'learning_rate': 0.0013064259111772811}. Best is trial 11 with value: 9.20149040222168.
LOCAL_RANK: 0 - CUDA_VISIBLE_DEVICES: [0]
[I 2023-12-16 05:19:03,247] Trial 28 finished with value: 12.724370002746582 and parameters: {'gradient_clip_val': 0.5818019310228754, 'hidden_size': 37, 'dropout': 0.348243137508254, 'hidden_continuous_size': 19, 'attention_head_size': 3, 'learning_rate': 0.0005385285971870105}. Best is trial 11 with value: 9.20149040222168.
LOCAL_RANK: 0 - CUDA_VISIBLE_DEVICES: [0]
[I 2023-12-16 05:19:50,880] Trial 29 finished with value: 19.822694778442383 and parameters: {'gradient_clip_val': 0.4334903397063264, 'hidden_size': 20, 'dropout': 0.3992295927874824, 'hidden_continuous_size': 9, 'attention_head_size': 4, 'learning_rate': 0.013479639358515387}. Best is trial 11 with value: 9.20149040222168.
LOCAL_RANK: 0 - CUDA_VISIBLE_DEVICES: [0]
[I 2023-12-16 05:20:44,228] Trial 30 finished with value: 12.286637306213379 and parameters: {'gradient_clip_val': 0.8823744966913478, 'hidden_size': 66, 'dropout': 0.37905967842474114, 'hidden_continuous_size': 26, 'attention_head_size': 2, 'learning_rate': 0.0007491644258441669}. Best is trial 11 with value: 9.20149040222168.
LOCAL_RANK: 0 - CUDA_VISIBLE_DEVICES: [0]
[I 2023-12-16 05:21:34,050] Trial 31 finished with value: 12.362212181091309 and parameters: {'gradient_clip_val': 0.7348102175563216, 'hidden_size': 27, 'dropout': 0.35804361058582423, 'hidden_continuous_size': 13, 'attention_head_size': 4, 'learning_rate': 0.0005469959340130608}. Best is trial 11 with value: 9.20149040222168.
LOCAL_RANK: 0 - CUDA_VISIBLE_DEVICES: [0]
[I 2023-12-16 05:22:23,624] Trial 32 finished with value: 9.404498100280762 and parameters: {'gradient_clip_val': 0.8733968931909658, 'hidden_size': 23, 'dropout': 0.3265193739399988, 'hidden_continuous_size': 15, 'attention_head_size': 4, 'learning_rate': 0.000724249076405463}. Best is trial 11 with value: 9.20149040222168.
LOCAL_RANK: 0 - CUDA_VISIBLE_DEVICES: [0]
