[I 2023-12-15 23:21:32,938] Trial 10 finished with value: 152.57455444335938 and parameters: {'gradient_clip_val': 0.1007802145956244, 'hidden_size': 51, 'dropout': 0.20259659245687017, 'hidden_continuous_size': 51, 'attention_head_size': 2, 'learning_rate': 0.005849910305354281}. Best is trial 8 with value: 44.51631546020508.
LOCAL_RANK: 0 - CUDA_VISIBLE_DEVICES: [0]
[I 2023-12-15 23:22:17,347] Trial 11 finished with value: 92.98065185546875 and parameters: {'gradient_clip_val': 0.30424381980389004, 'hidden_size': 8, 'dropout': 0.31567788879092684, 'hidden_continuous_size': 5, 'attention_head_size': 3, 'learning_rate': 0.029579129376185846}. Best is trial 8 with value: 44.51631546020508.
LOCAL_RANK: 0 - CUDA_VISIBLE_DEVICES: [0]
[I 2023-12-15 23:23:07,511] Trial 12 finished with value: 161.0189971923828 and parameters: {'gradient_clip_val': 0.845082835933738, 'hidden_size': 35, 'dropout': 0.39807810105287, 'hidden_continuous_size': 8, 'attention_head_size': 3, 'learning_rate': 0.03637593188615806}. Best is trial 8 with value: 44.51631546020508.
LOCAL_RANK: 0 - CUDA_VISIBLE_DEVICES: [0]
[I 2023-12-15 23:23:52,883] Trial 13 finished with value: 226.3328094482422 and parameters: {'gradient_clip_val': 0.2494592399813578, 'hidden_size': 13, 'dropout': 0.3260162025931942, 'hidden_continuous_size': 6, 'attention_head_size': 2, 'learning_rate': 0.013052716262271268}. Best is trial 8 with value: 44.51631546020508.
LOCAL_RANK: 0 - CUDA_VISIBLE_DEVICES: [0]
[I 2023-12-15 23:24:47,172] Trial 14 finished with value: 240.54103088378906 and parameters: {'gradient_clip_val': 0.10726880470260157, 'hidden_size': 51, 'dropout': 0.3430336162198968, 'hidden_continuous_size': 28, 'attention_head_size': 4, 'learning_rate': 0.03687971363859218}. Best is trial 8 with value: 44.51631546020508.
LOCAL_RANK: 0 - CUDA_VISIBLE_DEVICES: [0]
[I 2023-12-15 23:25:32,077] Trial 15 finished with value: 162.07875061035156 and parameters: {'gradient_clip_val': 0.20997669290757284, 'hidden_size': 7, 'dropout': 0.3989911761964409, 'hidden_continuous_size': 5, 'attention_head_size': 1, 'learning_rate': 0.006128923845813162}. Best is trial 8 with value: 44.51631546020508.
LOCAL_RANK: 0 - CUDA_VISIBLE_DEVICES: [0]
[I 2023-12-15 23:26:16,993] Trial 16 finished with value: 339.225341796875 and parameters: {'gradient_clip_val': 0.13789254135775592, 'hidden_size': 16, 'dropout': 0.30523354030418937, 'hidden_continuous_size': 7, 'attention_head_size': 2, 'learning_rate': 0.016305914842805382}. Best is trial 8 with value: 44.51631546020508.
LOCAL_RANK: 0 - CUDA_VISIBLE_DEVICES: [0]
[I 2023-12-15 23:27:06,698] Trial 17 finished with value: 232.2930145263672 and parameters: {'gradient_clip_val': 0.2937073734029244, 'hidden_size': 29, 'dropout': 0.35302378389098504, 'hidden_continuous_size': 12, 'attention_head_size': 3, 'learning_rate': 0.059829982232179196}. Best is trial 8 with value: 44.51631546020508.
LOCAL_RANK: 0 - CUDA_VISIBLE_DEVICES: [0]
[I 2023-12-15 23:27:52,317] Trial 18 finished with value: 148.22030639648438 and parameters: {'gradient_clip_val': 0.21493260604747166, 'hidden_size': 10, 'dropout': 0.2409641285448255, 'hidden_continuous_size': 6, 'attention_head_size': 2, 'learning_rate': 0.024676434755151938}. Best is trial 8 with value: 44.51631546020508.
LOCAL_RANK: 0 - CUDA_VISIBLE_DEVICES: [0]
[I 2023-12-15 23:28:41,038] Trial 19 finished with value: 201.7786102294922 and parameters: {'gradient_clip_val': 0.13111959553568345, 'hidden_size': 19, 'dropout': 0.3565470573126629, 'hidden_continuous_size': 9, 'attention_head_size': 3, 'learning_rate': 0.05581951028602566}. Best is trial 8 with value: 44.51631546020508.
LOCAL_RANK: 0 - CUDA_VISIBLE_DEVICES: [0]
[I 2023-12-15 23:29:26,212] Trial 20 finished with value: 133.07127380371094 and parameters: {'gradient_clip_val': 0.18927427527647125, 'hidden_size': 10, 'dropout': 0.3021991058256206, 'hidden_continuous_size': 6, 'attention_head_size': 1, 'learning_rate': 0.009485203108168245}. Best is trial 8 with value: 44.51631546020508.
LOCAL_RANK: 0 - CUDA_VISIBLE_DEVICES: [0]
[I 2023-12-15 23:30:10,629] Trial 21 finished with value: 96.6922378540039 and parameters: {'gradient_clip_val': 0.27399167737589647, 'hidden_size': 8, 'dropout': 0.3221409327922826, 'hidden_continuous_size': 5, 'attention_head_size': 3, 'learning_rate': 0.028027335268392854}. Best is trial 8 with value: 44.51631546020508.
LOCAL_RANK: 0 - CUDA_VISIBLE_DEVICES: [0]
[I 2023-12-15 23:30:47,185] Trial 22 finished with value: 73.57166290283203 and parameters: {'gradient_clip_val': 0.34524319493256095, 'hidden_size': 5, 'dropout': 0.37600511240411355, 'hidden_continuous_size': 5, 'attention_head_size': 3, 'learning_rate': 0.02104382958937668}. Best is trial 8 with value: 44.51631546020508.
LOCAL_RANK: 0 - CUDA_VISIBLE_DEVICES: [0]
[I 2023-12-15 23:31:23,963] Trial 23 finished with value: 200.1400146484375 and parameters: {'gradient_clip_val': 0.3611475655277966, 'hidden_size': 5, 'dropout': 0.37604291524206385, 'hidden_continuous_size': 5, 'attention_head_size': 4, 'learning_rate': 0.02125347029377999}. Best is trial 8 with value: 44.51631546020508.
LOCAL_RANK: 0 - CUDA_VISIBLE_DEVICES: [0]
[I 2023-12-15 23:32:10,021] Trial 24 finished with value: 119.62686920166016 and parameters: {'gradient_clip_val': 0.23866103731131297, 'hidden_size': 6, 'dropout': 0.39615932902049755, 'hidden_continuous_size': 5, 'attention_head_size': 3, 'learning_rate': 0.044506123354625095}. Best is trial 8 with value: 44.51631546020508.
LOCAL_RANK: 0 - CUDA_VISIBLE_DEVICES: [0]
[I 2023-12-15 23:32:46,162] Trial 25 finished with value: 201.2521209716797 and parameters: {'gradient_clip_val': 0.35136739142792633, 'hidden_size': 5, 'dropout': 0.36042139451312993, 'hidden_continuous_size': 5, 'attention_head_size': 2, 'learning_rate': 0.021494315735309195}. Best is trial 8 with value: 44.51631546020508.
LOCAL_RANK: 0 - CUDA_VISIBLE_DEVICES: [0]
[I 2023-12-15 23:33:33,001] Trial 26 finished with value: 229.16612243652344 and parameters: {'gradient_clip_val': 0.20834744308516925, 'hidden_size': 11, 'dropout': 0.3402451361955378, 'hidden_continuous_size': 7, 'attention_head_size': 3, 'learning_rate': 0.009607530692823303}. Best is trial 8 with value: 44.51631546020508.
LOCAL_RANK: 0 - CUDA_VISIBLE_DEVICES: [0]
[I 2023-12-15 23:34:18,976] Trial 27 finished with value: 140.56552124023438 and parameters: {'gradient_clip_val': 0.2527064484964331, 'hidden_size': 7, 'dropout': 0.3762707464011368, 'hidden_continuous_size': 5, 'attention_head_size': 4, 'learning_rate': 0.04234824956350992}. Best is trial 8 with value: 44.51631546020508.
LOCAL_RANK: 0 - CUDA_VISIBLE_DEVICES: [0]
[I 2023-12-15 23:35:05,258] Trial 28 finished with value: 102.31707763671875 and parameters: {'gradient_clip_val': 0.3091166648924473, 'hidden_size': 17, 'dropout': 0.3993794588351622, 'hidden_continuous_size': 7, 'attention_head_size': 2, 'learning_rate': 0.08670593347689938}. Best is trial 8 with value: 44.51631546020508.
LOCAL_RANK: 0 - CUDA_VISIBLE_DEVICES: [0]
[I 2023-12-15 23:35:54,747] Trial 29 finished with value: 46.57899856567383 and parameters: {'gradient_clip_val': 0.15696801210590397, 'hidden_size': 23, 'dropout': 0.2816480913503028, 'hidden_continuous_size': 11, 'attention_head_size': 3, 'learning_rate': 0.04977283563943009}. Best is trial 8 with value: 44.51631546020508.
LOCAL_RANK: 0 - CUDA_VISIBLE_DEVICES: [0]
[I 2023-12-15 23:36:43,924] Trial 30 finished with value: 49.398284912109375 and parameters: {'gradient_clip_val': 0.1536353048760543, 'hidden_size': 23, 'dropout': 0.28396440295770836, 'hidden_continuous_size': 12, 'attention_head_size': 3, 'learning_rate': 0.05043999393917625}. Best is trial 8 with value: 44.51631546020508.
LOCAL_RANK: 0 - CUDA_VISIBLE_DEVICES: [0]
[I 2023-12-15 23:37:33,146] Trial 31 finished with value: 244.8953857421875 and parameters: {'gradient_clip_val': 0.16152127171053532, 'hidden_size': 23, 'dropout': 0.2897168626676151, 'hidden_continuous_size': 12, 'attention_head_size': 3, 'learning_rate': 0.05628092475719935}. Best is trial 8 with value: 44.51631546020508.
LOCAL_RANK: 0 - CUDA_VISIBLE_DEVICES: [0]
[I 2023-12-15 23:38:20,854] Trial 32 finished with value: 57.11845779418945 and parameters: {'gradient_clip_val': 0.1380283749703492, 'hidden_size': 20, 'dropout': 0.26620878438864953, 'hidden_continuous_size': 10, 'attention_head_size': 3, 'learning_rate': 0.07973664932348103}. Best is trial 8 with value: 44.51631546020508.
LOCAL_RANK: 0 - CUDA_VISIBLE_DEVICES: [0]
[I 2023-12-15 23:39:09,918] Trial 33 finished with value: 131.90345764160156 and parameters: {'gradient_clip_val': 0.14127730296901653, 'hidden_size': 21, 'dropout': 0.27046636909442123, 'hidden_continuous_size': 10, 'attention_head_size': 3, 'learning_rate': 0.09701264752733388}. Best is trial 8 with value: 44.51631546020508.
LOCAL_RANK: 0 - CUDA_VISIBLE_DEVICES: [0]
[I 2023-12-15 23:39:59,856] Trial 34 finished with value: 158.33702087402344 and parameters: {'gradient_clip_val': 0.16159431445199712, 'hidden_size': 26, 'dropout': 0.24928384843884485, 'hidden_continuous_size': 16, 'attention_head_size': 4, 'learning_rate': 0.0765384682942825}. Best is trial 8 with value: 44.51631546020508.
LOCAL_RANK: 0 - CUDA_VISIBLE_DEVICES: [0]
[I 2023-12-15 23:40:47,951] Trial 35 finished with value: 153.26637268066406 and parameters: {'gradient_clip_val': 0.17911758255111757, 'hidden_size': 19, 'dropout': 0.2637146801715574, 'hidden_continuous_size': 10, 'attention_head_size': 2, 'learning_rate': 0.07058261855379215}. Best is trial 8 with value: 44.51631546020508.
LOCAL_RANK: 0 - CUDA_VISIBLE_DEVICES: [0]
[I 2023-12-15 23:41:37,224] Trial 36 finished with value: 193.9084014892578 and parameters: {'gradient_clip_val': 0.11780431212393348, 'hidden_size': 26, 'dropout': 0.2887695148745545, 'hidden_continuous_size': 14, 'attention_head_size': 3, 'learning_rate': 0.09944082339735681}. Best is trial 8 with value: 44.51631546020508.
LOCAL_RANK: 0 - CUDA_VISIBLE_DEVICES: [0]
[I 2023-12-15 23:42:25,745] Trial 37 finished with value: 109.82796478271484 and parameters: {'gradient_clip_val': 0.18203380031908728, 'hidden_size': 19, 'dropout': 0.23851589650542634, 'hidden_continuous_size': 11, 'attention_head_size': 3, 'learning_rate': 0.04768328628872085}. Best is trial 8 with value: 44.51631546020508.
LOCAL_RANK: 0 - CUDA_VISIBLE_DEVICES: [0]
[I 2023-12-15 23:43:12,703] Trial 38 finished with value: 82.99713897705078 and parameters: {'gradient_clip_val': 0.15228424750948122, 'hidden_size': 15, 'dropout': 0.22462822447213981, 'hidden_continuous_size': 9, 'attention_head_size': 4, 'learning_rate': 0.0696662301587064}. Best is trial 8 with value: 44.51631546020508.
LOCAL_RANK: 0 - CUDA_VISIBLE_DEVICES: [0]
[I 2023-12-15 23:44:04,508] Trial 39 finished with value: 148.71754455566406 and parameters: {'gradient_clip_val': 0.12036593616624817, 'hidden_size': 31, 'dropout': 0.2617094681535504, 'hidden_continuous_size': 20, 'attention_head_size': 2, 'learning_rate': 0.033450707819275394}. Best is trial 8 with value: 44.51631546020508.
LOCAL_RANK: 0 - CUDA_VISIBLE_DEVICES: [0]
[I 2023-12-15 23:44:53,813] Trial 40 finished with value: 150.83380126953125 and parameters: {'gradient_clip_val': 0.1576377644062125, 'hidden_size': 23, 'dropout': 0.28047844904172003, 'hidden_continuous_size': 14, 'attention_head_size': 3, 'learning_rate': 0.04991404182200278}. Best is trial 8 with value: 44.51631546020508.
LOCAL_RANK: 0 - CUDA_VISIBLE_DEVICES: [0]
[I 2023-12-15 23:45:40,279] Trial 41 finished with value: 49.14345169067383 and parameters: {'gradient_clip_val': 0.17443558351098687, 'hidden_size': 14, 'dropout': 0.33757094436941226, 'hidden_continuous_size': 9, 'attention_head_size': 3, 'learning_rate': 0.0398786575321169}. Best is trial 8 with value: 44.51631546020508.
LOCAL_RANK: 0 - CUDA_VISIBLE_DEVICES: [0]
[I 2023-12-15 23:46:26,850] Trial 42 finished with value: 66.99341583251953 and parameters: {'gradient_clip_val': 0.17617094415661677, 'hidden_size': 14, 'dropout': 0.3325058004554288, 'hidden_continuous_size': 9, 'attention_head_size': 3, 'learning_rate': 0.05760738145440022}. Best is trial 8 with value: 44.51631546020508.
LOCAL_RANK: 0 - CUDA_VISIBLE_DEVICES: [0]
[I 2023-12-15 23:47:14,386] Trial 43 finished with value: 330.3726806640625 and parameters: {'gradient_clip_val': 0.14826304723730901, 'hidden_size': 17, 'dropout': 0.3004710529242523, 'hidden_continuous_size': 10, 'attention_head_size': 3, 'learning_rate': 0.03923822243757307}. Best is trial 8 with value: 44.51631546020508.
LOCAL_RANK: 0 - CUDA_VISIBLE_DEVICES: [0]
[I 2023-12-15 23:48:05,579] Trial 44 finished with value: 172.8476104736328 and parameters: {'gradient_clip_val': 0.1304835444447343, 'hidden_size': 38, 'dropout': 0.3083216905970392, 'hidden_continuous_size': 11, 'attention_head_size': 2, 'learning_rate': 0.07274160868405308}. Best is trial 8 with value: 44.51631546020508.
LOCAL_RANK: 0 - CUDA_VISIBLE_DEVICES: [0]
[I 2023-12-15 23:48:54,088] Trial 45 finished with value: 104.17642211914062 and parameters: {'gradient_clip_val': 0.18976351277552944, 'hidden_size': 21, 'dropout': 0.33404207185691953, 'hidden_continuous_size': 8, 'attention_head_size': 3, 'learning_rate': 0.030608851713007455}. Best is trial 8 with value: 44.51631546020508.
LOCAL_RANK: 0 - CUDA_VISIBLE_DEVICES: [0]
[I 2023-12-15 23:49:40,560] Trial 46 finished with value: 56.8477783203125 and parameters: {'gradient_clip_val': 0.1506172296251304, 'hidden_size': 13, 'dropout': 0.3193133036845619, 'hidden_continuous_size': 9, 'attention_head_size': 3, 'learning_rate': 0.04667150795705932}. Best is trial 8 with value: 44.51631546020508.
LOCAL_RANK: 0 - CUDA_VISIBLE_DEVICES: [0]
[I 2023-12-15 23:50:27,250] Trial 47 finished with value: 102.9505615234375 and parameters: {'gradient_clip_val': 0.17027072111899696, 'hidden_size': 13, 'dropout': 0.2914351088571253, 'hidden_continuous_size': 9, 'attention_head_size': 4, 'learning_rate': 0.0390350077068058}. Best is trial 8 with value: 44.51631546020508.
LOCAL_RANK: 0 - CUDA_VISIBLE_DEVICES: [0]
[I 2023-12-15 23:51:13,111] Trial 48 finished with value: 271.9013977050781 and parameters: {'gradient_clip_val': 0.20489002587129798, 'hidden_size': 15, 'dropout': 0.32198341042705547, 'hidden_continuous_size': 8, 'attention_head_size': 2, 'learning_rate': 0.031101481230874438}. Best is trial 8 with value: 44.51631546020508.
LOCAL_RANK: 0 - CUDA_VISIBLE_DEVICES: [0]
[I 2023-12-15 23:52:11,442] Trial 49 finished with value: 63.353912353515625 and parameters: {'gradient_clip_val': 0.1652411953786956, 'hidden_size': 94, 'dropout': 0.34860663759012733, 'hidden_continuous_size': 89, 'attention_head_size': 3, 'learning_rate': 0.04721894170490582}. Best is trial 8 with value: 44.51631546020508.
[I 2023-12-15 23:52:11,536] A new study created in memory with name: no-name-f42b0b45-78ef-4833-99ae-64580f4e6169
/home/le004/conda/anaconda3/envs/tsff_env/lib/python3.9/site-packages/lightning/fabric/plugins/environments/slurm.py:191: The `srun` command is available on your system but is not used. HINT: If your intention is to run Lightning on SLURM, prepend your python command with `srun` like so: srun python /home/le004/master_thesis/git/TSFusionForecast/code/ ...
LOCAL_RANK: 0 - CUDA_VISIBLE_DEVICES: [0]
[I 2023-12-15 23:52:59,779] Trial 0 finished with value: 1.6699886322021484 and parameters: {'gradient_clip_val': 0.9315961151572827, 'hidden_size': 25, 'dropout': 0.22688412846064812, 'hidden_continuous_size': 7, 'attention_head_size': 1, 'learning_rate': 0.030496884952111367}. Best is trial 0 with value: 1.6699886322021484.
LOCAL_RANK: 0 - CUDA_VISIBLE_DEVICES: [0]
[I 2023-12-15 23:53:50,207] Trial 1 finished with value: 0.8904767036437988 and parameters: {'gradient_clip_val': 0.10853039099763337, 'hidden_size': 30, 'dropout': 0.10458848152027095, 'hidden_continuous_size': 10, 'attention_head_size': 4, 'learning_rate': 0.0016265114818525181}. Best is trial 1 with value: 0.8904767036437988.
LOCAL_RANK: 0 - CUDA_VISIBLE_DEVICES: [0]
[I 2023-12-15 23:54:26,750] Trial 2 finished with value: 2.556727409362793 and parameters: {'gradient_clip_val': 0.22595836407056616, 'hidden_size': 11, 'dropout': 0.3898309098084528, 'hidden_continuous_size': 11, 'attention_head_size': 2, 'learning_rate': 0.0052146595847221}. Best is trial 1 with value: 0.8904767036437988.
LOCAL_RANK: 0 - CUDA_VISIBLE_DEVICES: [0]
[I 2023-12-15 23:55:17,889] Trial 3 finished with value: 0.29397985339164734 and parameters: {'gradient_clip_val': 0.10719698738733022, 'hidden_size': 68, 'dropout': 0.2042771024371594, 'hidden_continuous_size': 5, 'attention_head_size': 3, 'learning_rate': 0.009865783917129242}. Best is trial 3 with value: 0.29397985339164734.
LOCAL_RANK: 0 - CUDA_VISIBLE_DEVICES: [0]
[I 2023-12-15 23:56:04,116] Trial 4 finished with value: 2.627645969390869 and parameters: {'gradient_clip_val': 0.43018687010414114, 'hidden_size': 14, 'dropout': 0.1462578041852407, 'hidden_continuous_size': 7, 'attention_head_size': 3, 'learning_rate': 0.001710437666995142}. Best is trial 3 with value: 0.29397985339164734.
LOCAL_RANK: 0 - CUDA_VISIBLE_DEVICES: [0]
[I 2023-12-15 23:56:53,868] Trial 5 finished with value: 0.5789295434951782 and parameters: {'gradient_clip_val': 0.1635915478846699, 'hidden_size': 23, 'dropout': 0.303904818673206, 'hidden_continuous_size': 10, 'attention_head_size': 4, 'learning_rate': 0.01720818746235952}. Best is trial 3 with value: 0.29397985339164734.
LOCAL_RANK: 0 - CUDA_VISIBLE_DEVICES: [0]
[I 2023-12-15 23:57:39,566] Trial 6 finished with value: 1.8393430709838867 and parameters: {'gradient_clip_val': 0.1479791465007931, 'hidden_size': 10, 'dropout': 0.33277819677133325, 'hidden_continuous_size': 5, 'attention_head_size': 3, 'learning_rate': 0.014619563722837249}. Best is trial 3 with value: 0.29397985339164734.
LOCAL_RANK: 0 - CUDA_VISIBLE_DEVICES: [0]
[I 2023-12-15 23:58:15,405] Trial 7 finished with value: 0.7095165848731995 and parameters: {'gradient_clip_val': 0.6472335357220009, 'hidden_size': 7, 'dropout': 0.2056769073096847, 'hidden_continuous_size': 7, 'attention_head_size': 1, 'learning_rate': 0.008652219564728838}. Best is trial 3 with value: 0.29397985339164734.
LOCAL_RANK: 0 - CUDA_VISIBLE_DEVICES: [0]
[I 2023-12-15 23:59:03,470] Trial 8 finished with value: 0.11323302984237671 and parameters: {'gradient_clip_val': 0.14313624250071827, 'hidden_size': 27, 'dropout': 0.1683292189907573, 'hidden_continuous_size': 6, 'attention_head_size': 1, 'learning_rate': 0.08026904403787366}. Best is trial 8 with value: 0.11323302984237671.
LOCAL_RANK: 0 - CUDA_VISIBLE_DEVICES: [0]
[I 2023-12-15 23:59:54,860] Trial 9 finished with value: 0.727306604385376 and parameters: {'gradient_clip_val': 0.26640505914946583, 'hidden_size': 70, 'dropout': 0.35303323818928545, 'hidden_continuous_size': 5, 'attention_head_size': 2, 'learning_rate': 0.008484788778885168}. Best is trial 8 with value: 0.11323302984237671.
LOCAL_RANK: 0 - CUDA_VISIBLE_DEVICES: [0]
[I 2023-12-16 00:00:30,473] Trial 10 finished with value: 0.2849630117416382 and parameters: {'gradient_clip_val': 0.3415472514693712, 'hidden_size': 5, 'dropout': 0.2733286882250655, 'hidden_continuous_size': 5, 'attention_head_size': 1, 'learning_rate': 0.08136221786768166}. Best is trial 8 with value: 0.11323302984237671.
LOCAL_RANK: 0 - CUDA_VISIBLE_DEVICES: [0]
[I 2023-12-16 00:01:05,832] Trial 11 finished with value: 0.5129258036613464 and parameters: {'gradient_clip_val': 0.36061276081115684, 'hidden_size': 5, 'dropout': 0.2767213301445688, 'hidden_continuous_size': 5, 'attention_head_size': 1, 'learning_rate': 0.09331331414403228}. Best is trial 8 with value: 0.11323302984237671.
LOCAL_RANK: 0 - CUDA_VISIBLE_DEVICES: [0]
[I 2023-12-16 00:01:41,870] Trial 12 finished with value: 0.4329976737499237 and parameters: {'gradient_clip_val': 0.23327680515292123, 'hidden_size': 5, 'dropout': 0.2592555176628054, 'hidden_continuous_size': 5, 'attention_head_size': 2, 'learning_rate': 0.05575505225789522}. Best is trial 8 with value: 0.11323302984237671.
LOCAL_RANK: 0 - CUDA_VISIBLE_DEVICES: [0]
[I 2023-12-16 00:02:33,863] Trial 13 finished with value: 0.06949301809072495 and parameters: {'gradient_clip_val': 0.44307197721536073, 'hidden_size': 39, 'dropout': 0.16521055728116107, 'hidden_continuous_size': 21, 'attention_head_size': 1, 'learning_rate': 0.09778702251715293}. Best is trial 13 with value: 0.06949301809072495.
LOCAL_RANK: 0 - CUDA_VISIBLE_DEVICES: [0]
[I 2023-12-16 00:03:26,067] Trial 14 finished with value: 0.3367254436016083 and parameters: {'gradient_clip_val': 0.5223270613912746, 'hidden_size': 34, 'dropout': 0.1685740459723038, 'hidden_continuous_size': 22, 'attention_head_size': 1, 'learning_rate': 0.0453196950792187}. Best is trial 13 with value: 0.06949301809072495.
LOCAL_RANK: 0 - CUDA_VISIBLE_DEVICES: [0]
[I 2023-12-16 00:04:18,441] Trial 15 finished with value: 0.25271835923194885 and parameters: {'gradient_clip_val': 0.2949502322047781, 'hidden_size': 41, 'dropout': 0.16250531331945495, 'hidden_continuous_size': 21, 'attention_head_size': 2, 'learning_rate': 0.09785075900521605}. Best is trial 13 with value: 0.06949301809072495.
LOCAL_RANK: 0 - CUDA_VISIBLE_DEVICES: [0]
[I 2023-12-16 00:05:10,694] Trial 16 finished with value: 0.06945252418518066 and parameters: {'gradient_clip_val': 0.19794648864820377, 'hidden_size': 48, 'dropout': 0.10445233227894683, 'hidden_continuous_size': 35, 'attention_head_size': 1, 'learning_rate': 0.028730407774860064}. Best is trial 16 with value: 0.06945252418518066.
LOCAL_RANK: 0 - CUDA_VISIBLE_DEVICES: [0]
[I 2023-12-16 00:06:04,696] Trial 17 finished with value: 0.08923859149217606 and parameters: {'gradient_clip_val': 0.2091934473090238, 'hidden_size': 51, 'dropout': 0.10310928357317195, 'hidden_continuous_size': 45, 'attention_head_size': 2, 'learning_rate': 0.03581590507065609}. Best is trial 16 with value: 0.06945252418518066.
LOCAL_RANK: 0 - CUDA_VISIBLE_DEVICES: [0]
