[I 2023-12-26 12:40:02,414] Trial 2 finished with value: 5182.52294921875 and parameters: {'gradient_clip_val': 0.28999203520898226, 'hidden_size': 80, 'dropout': 0.11528464621622603, 'hidden_continuous_size': 6, 'attention_head_size': 2, 'learning_rate': 0.09288196332900384}. Best is trial 0 with value: 892.9063110351562.
[I 2023-12-26 12:40:04,271] Trial 3 finished with value: 5828.142578125 and parameters: {'gradient_clip_val': 0.568293196798727, 'hidden_size': 6, 'dropout': 0.34332594562039864, 'hidden_continuous_size': 5, 'attention_head_size': 1, 'learning_rate': 0.0039231726119907965}. Best is trial 0 with value: 892.9063110351562.
[I 2023-12-26 12:40:08,194] Trial 4 finished with value: 6137.06640625 and parameters: {'gradient_clip_val': 0.1903770651691162, 'hidden_size': 66, 'dropout': 0.4089082553772885, 'hidden_continuous_size': 14, 'attention_head_size': 3, 'learning_rate': 0.03896022467639952}. Best is trial 0 with value: 892.9063110351562.
[I 2023-12-26 12:40:10,279] Trial 5 finished with value: 5719.11865234375 and parameters: {'gradient_clip_val': 0.11114660967816294, 'hidden_size': 17, 'dropout': 0.32778845063104745, 'hidden_continuous_size': 15, 'attention_head_size': 1, 'learning_rate': 0.02729416429145629}. Best is trial 0 with value: 892.9063110351562.
[I 2023-12-26 12:40:12,160] Trial 6 finished with value: 6403.65283203125 and parameters: {'gradient_clip_val': 0.12424368088867854, 'hidden_size': 6, 'dropout': 0.47895583978181056, 'hidden_continuous_size': 5, 'attention_head_size': 2, 'learning_rate': 0.024380831675830997}. Best is trial 0 with value: 892.9063110351562.
[I 2023-12-26 12:40:14,192] Trial 7 finished with value: 6615.94775390625 and parameters: {'gradient_clip_val': 0.6955876071337074, 'hidden_size': 11, 'dropout': 0.3192742197767193, 'hidden_continuous_size': 10, 'attention_head_size': 4, 'learning_rate': 0.02069284940173823}. Best is trial 0 with value: 892.9063110351562.
[I 2023-12-26 12:40:20,903] Trial 8 finished with value: 6373.75927734375 and parameters: {'gradient_clip_val': 0.11598907646315318, 'hidden_size': 115, 'dropout': 0.2824026685675749, 'hidden_continuous_size': 16, 'attention_head_size': 4, 'learning_rate': 0.0015314211387072111}. Best is trial 0 with value: 892.9063110351562.
[I 2023-12-26 12:40:24,196] Trial 9 finished with value: 5190.01318359375 and parameters: {'gradient_clip_val': 0.7460301270642306, 'hidden_size': 51, 'dropout': 0.33681344878023756, 'hidden_continuous_size': 43, 'attention_head_size': 4, 'learning_rate': 0.0015246464871407227}. Best is trial 0 with value: 892.9063110351562.
[I 2023-12-26 12:40:26,618] Trial 10 finished with value: 5859.20947265625 and parameters: {'gradient_clip_val': 0.4136537808550735, 'hidden_size': 28, 'dropout': 0.4974352395541178, 'hidden_continuous_size': 9, 'attention_head_size': 3, 'learning_rate': 0.00782127814642558}. Best is trial 0 with value: 892.9063110351562.
[I 2023-12-26 12:40:35,175] Trial 11 finished with value: 5452.66748046875 and parameters: {'gradient_clip_val': 0.2698562272831697, 'hidden_size': 133, 'dropout': 0.10453937408616698, 'hidden_continuous_size': 77, 'attention_head_size': 2, 'learning_rate': 0.09860350231073385}. Best is trial 0 with value: 892.9063110351562.
[I 2023-12-26 12:40:39,850] Trial 12 finished with value: 4734.236328125 and parameters: {'gradient_clip_val': 0.2906605702019573, 'hidden_size': 82, 'dropout': 0.19908692389079252, 'hidden_continuous_size': 31, 'attention_head_size': 2, 'learning_rate': 0.08604623573195774}. Best is trial 0 with value: 892.9063110351562.
[I 2023-12-26 12:40:42,459] Trial 13 finished with value: 6696.71044921875 and parameters: {'gradient_clip_val': 0.20470659815454834, 'hidden_size': 35, 'dropout': 0.2574201109198001, 'hidden_continuous_size': 21, 'attention_head_size': 2, 'learning_rate': 0.010967748702809659}. Best is trial 0 with value: 892.9063110351562.
[I 2023-12-26 12:40:47,914] Trial 14 finished with value: 6131.19384765625 and parameters: {'gradient_clip_val': 0.4117220589303236, 'hidden_size': 92, 'dropout': 0.21624004814895015, 'hidden_continuous_size': 32, 'attention_head_size': 3, 'learning_rate': 0.05814796070225479}. Best is trial 0 with value: 892.9063110351562.
[I 2023-12-26 12:40:50,767] Trial 15 finished with value: 5912.787109375 and parameters: {'gradient_clip_val': 0.22156562963866175, 'hidden_size': 43, 'dropout': 0.4192411694389441, 'hidden_continuous_size': 21, 'attention_head_size': 1, 'learning_rate': 0.015655975776869075}. Best is trial 0 with value: 892.9063110351562.
[I 2023-12-26 12:40:55,679] Trial 16 finished with value: 5911.09912109375 and parameters: {'gradient_clip_val': 0.42314139387246436, 'hidden_size': 81, 'dropout': 0.19970689767612532, 'hidden_continuous_size': 38, 'attention_head_size': 4, 'learning_rate': 0.0648592236439537}. Best is trial 0 with value: 892.9063110351562.
[I 2023-12-26 12:41:04,950] Trial 17 finished with value: 6438.03125 and parameters: {'gradient_clip_val': 0.15031069938012068, 'hidden_size': 145, 'dropout': 0.40186290269453606, 'hidden_continuous_size': 71, 'attention_head_size': 3, 'learning_rate': 0.005100184572244815}. Best is trial 0 with value: 892.9063110351562.
[I 2023-12-26 12:41:08,688] Trial 18 finished with value: 7066.65234375 and parameters: {'gradient_clip_val': 0.966417620986826, 'hidden_size': 65, 'dropout': 0.1751842559423971, 'hidden_continuous_size': 27, 'attention_head_size': 2, 'learning_rate': 0.04197996996021184}. Best is trial 0 with value: 892.9063110351562.
[I 2023-12-26 12:41:11,251] Trial 19 finished with value: 5596.0703125 and parameters: {'gradient_clip_val': 0.3368006628073335, 'hidden_size': 35, 'dropout': 0.256002855236396, 'hidden_continuous_size': 18, 'attention_head_size': 1, 'learning_rate': 0.013714026847306564}. Best is trial 0 with value: 892.9063110351562.
[I 2023-12-26 12:41:17,291] Trial 20 finished with value: 5247.19189453125 and parameters: {'gradient_clip_val': 0.24831823687746965, 'hidden_size': 97, 'dropout': 0.37158868086325597, 'hidden_continuous_size': 51, 'attention_head_size': 4, 'learning_rate': 0.026620343480931723}. Best is trial 0 with value: 892.9063110351562.
[I 2023-12-26 12:41:21,654] Trial 21 finished with value: 6317.54638671875 and parameters: {'gradient_clip_val': 0.3030298797712616, 'hidden_size': 76, 'dropout': 0.15501303484642978, 'hidden_continuous_size': 30, 'attention_head_size': 2, 'learning_rate': 0.08877533401596198}. Best is trial 0 with value: 892.9063110351562.
[I 2023-12-26 12:41:27,992] Trial 22 finished with value: 5277.11669921875 and parameters: {'gradient_clip_val': 0.31074360483857555, 'hidden_size': 101, 'dropout': 0.13482705386581298, 'hidden_continuous_size': 49, 'attention_head_size': 2, 'learning_rate': 0.06382211929441346}. Best is trial 0 with value: 892.9063110351562.
[I 2023-12-26 12:41:31,802] Trial 23 finished with value: 4186.24658203125 and parameters: {'gradient_clip_val': 0.18004540681320416, 'hidden_size': 63, 'dropout': 0.16378859488849828, 'hidden_continuous_size': 34, 'attention_head_size': 2, 'learning_rate': 0.0984879982871611}. Best is trial 0 with value: 892.9063110351562.
[I 2023-12-26 12:41:35,248] Trial 24 finished with value: 4568.84716796875 and parameters: {'gradient_clip_val': 0.17233255059714755, 'hidden_size': 58, 'dropout': 0.21723802164073733, 'hidden_continuous_size': 34, 'attention_head_size': 3, 'learning_rate': 0.043679721782068394}. Best is trial 0 with value: 892.9063110351562.
[I 2023-12-26 12:41:38,938] Trial 25 finished with value: 6653.56494140625 and parameters: {'gradient_clip_val': 0.15751813568490136, 'hidden_size': 61, 'dropout': 0.1730424567281251, 'hidden_continuous_size': 37, 'attention_head_size': 3, 'learning_rate': 0.039054832097526526}. Best is trial 0 with value: 892.9063110351562.
[I 2023-12-26 12:41:41,853] Trial 26 finished with value: 6298.30322265625 and parameters: {'gradient_clip_val': 0.16426720355077803, 'hidden_size': 43, 'dropout': 0.24681530714202715, 'hidden_continuous_size': 24, 'attention_head_size': 4, 'learning_rate': 0.017891764159980655}. Best is trial 0 with value: 892.9063110351562.
[I 2023-12-26 12:41:44,367] Trial 27 finished with value: 5873.30908203125 and parameters: {'gradient_clip_val': 0.19064193096964005, 'hidden_size': 24, 'dropout': 0.22187727290293613, 'hidden_continuous_size': 18, 'attention_head_size': 3, 'learning_rate': 0.05206540777852898}. Best is trial 0 with value: 892.9063110351562.
[I 2023-12-26 12:41:47,632] Trial 28 finished with value: 5259.0810546875 and parameters: {'gradient_clip_val': 0.13703891581101849, 'hidden_size': 53, 'dropout': 0.28296275278079763, 'hidden_continuous_size': 24, 'attention_head_size': 3, 'learning_rate': 0.028349939163378652}. Best is trial 0 with value: 892.9063110351562.
[I 2023-12-26 12:41:55,516] Trial 29 finished with value: 6587.23828125 and parameters: {'gradient_clip_val': 0.2247091836986487, 'hidden_size': 114, 'dropout': 0.1372235120951082, 'hidden_continuous_size': 109, 'attention_head_size': 3, 'learning_rate': 0.03728459212088621}. Best is trial 0 with value: 892.9063110351562.
[I 2023-12-26 12:41:59,234] Trial 30 finished with value: 6006.189453125 and parameters: {'gradient_clip_val': 0.10285366379820633, 'hidden_size': 61, 'dropout': 0.44581952962708826, 'hidden_continuous_size': 27, 'attention_head_size': 4, 'learning_rate': 0.05453428262631036}. Best is trial 0 with value: 892.9063110351562.
[I 2023-12-26 12:42:03,786] Trial 31 finished with value: 6377.265625 and parameters: {'gradient_clip_val': 0.17116757709134905, 'hidden_size': 76, 'dropout': 0.18602758019497942, 'hidden_continuous_size': 33, 'attention_head_size': 2, 'learning_rate': 0.06934991769901909}. Best is trial 0 with value: 892.9063110351562.
[I 2023-12-26 12:42:06,661] Trial 32 finished with value: 5389.63525390625 and parameters: {'gradient_clip_val': 0.2480195938141827, 'hidden_size': 48, 'dropout': 0.21336022517566053, 'hidden_continuous_size': 28, 'attention_head_size': 2, 'learning_rate': 0.09490960087052484}. Best is trial 0 with value: 892.9063110351562.
[I 2023-12-26 12:42:11,434] Trial 33 finished with value: 5192.21142578125 and parameters: {'gradient_clip_val': 0.18289955788067896, 'hidden_size': 81, 'dropout': 0.1550392906167152, 'hidden_continuous_size': 34, 'attention_head_size': 1, 'learning_rate': 0.07600243103409739}. Best is trial 0 with value: 892.9063110351562.
[I 2023-12-26 12:42:15,320] Trial 34 finished with value: 4166.06103515625 and parameters: {'gradient_clip_val': 0.21169958320676427, 'hidden_size': 66, 'dropout': 0.23927643600846005, 'hidden_continuous_size': 31, 'attention_head_size': 2, 'learning_rate': 0.09992691311662345}. Best is trial 0 with value: 892.9063110351562.
[I 2023-12-26 12:42:19,141] Trial 35 finished with value: 4004.357177734375 and parameters: {'gradient_clip_val': 0.13852278002515214, 'hidden_size': 66, 'dropout': 0.23398943291424715, 'hidden_continuous_size': 22, 'attention_head_size': 2, 'learning_rate': 0.04686651518616248}. Best is trial 0 with value: 892.9063110351562.
[I 2023-12-26 12:42:23,213] Trial 36 finished with value: 5030.82861328125 and parameters: {'gradient_clip_val': 0.15191208179377957, 'hidden_size': 69, 'dropout': 0.3117754588715489, 'hidden_continuous_size': 23, 'attention_head_size': 1, 'learning_rate': 0.03253362189013092}. Best is trial 0 with value: 892.9063110351562.
[I 2023-12-26 12:42:26,201] Trial 37 finished with value: 5879.21826171875 and parameters: {'gradient_clip_val': 0.12765385764458873, 'hidden_size': 45, 'dropout': 0.29090204181691165, 'hidden_continuous_size': 26, 'attention_head_size': 2, 'learning_rate': 0.04589294639884741}. Best is trial 0 with value: 892.9063110351562.
[I 2023-12-26 12:42:29,521] Trial 38 finished with value: 5734.81640625 and parameters: {'gradient_clip_val': 0.13759992068637805, 'hidden_size': 55, 'dropout': 0.23762878986786, 'hidden_continuous_size': 21, 'attention_head_size': 2, 'learning_rate': 0.023940065016570415}. Best is trial 0 with value: 892.9063110351562.
[I 2023-12-26 12:42:36,466] Trial 39 finished with value: 5177.79296875 and parameters: {'gradient_clip_val': 0.19896277159062306, 'hidden_size': 111, 'dropout': 0.27004389522933464, 'hidden_continuous_size': 14, 'attention_head_size': 2, 'learning_rate': 0.06682544426292114}. Best is trial 0 with value: 892.9063110351562.
[I 2023-12-26 12:42:40,333] Trial 40 finished with value: 6413.37939453125 and parameters: {'gradient_clip_val': 0.2145680061064879, 'hidden_size': 67, 'dropout': 0.30664034394800066, 'hidden_continuous_size': 29, 'attention_head_size': 1, 'learning_rate': 0.09863669876767288}. Best is trial 0 with value: 892.9063110351562.
[I 2023-12-26 12:42:43,682] Trial 41 finished with value: 6132.59716796875 and parameters: {'gradient_clip_val': 0.17695076694428166, 'hidden_size': 57, 'dropout': 0.23241899489627618, 'hidden_continuous_size': 25, 'attention_head_size': 2, 'learning_rate': 0.04777295898735627}. Best is trial 0 with value: 892.9063110351562.
[I 2023-12-26 12:42:49,288] Trial 42 finished with value: 4637.71728515625 and parameters: {'gradient_clip_val': 0.17117286093210143, 'hidden_size': 91, 'dropout': 0.26541471536618744, 'hidden_continuous_size': 41, 'attention_head_size': 3, 'learning_rate': 0.03564955138674501}. Best is trial 0 with value: 892.9063110351562.
[I 2023-12-26 12:42:53,210] Trial 43 finished with value: 6496.58544921875 and parameters: {'gradient_clip_val': 0.19098197052603436, 'hidden_size': 68, 'dropout': 0.23667523262260115, 'hidden_continuous_size': 36, 'attention_head_size': 2, 'learning_rate': 0.07380709664737398}. Best is trial 0 with value: 892.9063110351562.
[I 2023-12-26 12:42:56,539] Trial 44 finished with value: 6016.54638671875 and parameters: {'gradient_clip_val': 0.12282316515618691, 'hidden_size': 52, 'dropout': 0.203410420107275, 'hidden_continuous_size': 30, 'attention_head_size': 3, 'learning_rate': 0.048064356332801934}. Best is trial 0 with value: 892.9063110351562.
[I 2023-12-26 12:42:59,261] Trial 45 finished with value: 6151.423828125 and parameters: {'gradient_clip_val': 0.23012310867064623, 'hidden_size': 38, 'dropout': 0.32810673183365474, 'hidden_continuous_size': 23, 'attention_head_size': 2, 'learning_rate': 0.021463478374486613}. Best is trial 0 with value: 892.9063110351562.
[I 2023-12-26 12:43:02,707] Trial 46 finished with value: 5227.306640625 and parameters: {'gradient_clip_val': 0.14965456727733478, 'hidden_size': 57, 'dropout': 0.29662496844608066, 'hidden_continuous_size': 33, 'attention_head_size': 4, 'learning_rate': 0.052850756663701946}. Best is trial 0 with value: 892.9063110351562.
[I 2023-12-26 12:43:10,332] Trial 47 finished with value: 3716.607421875 and parameters: {'gradient_clip_val': 0.20764868023818447, 'hidden_size': 128, 'dropout': 0.35677658464575557, 'hidden_continuous_size': 44, 'attention_head_size': 2, 'learning_rate': 0.03225651706660587}. Best is trial 0 with value: 892.9063110351562.
[I 2023-12-26 12:43:17,350] Trial 48 finished with value: 6223.46923828125 and parameters: {'gradient_clip_val': 0.20957075776477468, 'hidden_size': 114, 'dropout': 0.3491705296285882, 'hidden_continuous_size': 44, 'attention_head_size': 2, 'learning_rate': 0.03141915624938897}. Best is trial 0 with value: 892.9063110351562.
[I 2023-12-26 12:43:25,641] Trial 49 finished with value: 4935.29150390625 and parameters: {'gradient_clip_val': 0.2559246812855426, 'hidden_size': 133, 'dropout': 0.47219645110676817, 'hidden_continuous_size': 54, 'attention_head_size': 2, 'learning_rate': 0.07822692099083889}. Best is trial 0 with value: 892.9063110351562.
[I 2023-12-26 12:43:25,759] A new study created in memory with name: no-name-36660a91-c753-489c-b324-6c4f02ce75a1
/home/le004/conda/anaconda3/envs/tsff_env/lib/python3.9/site-packages/lightning/fabric/plugins/environments/slurm.py:191: The `srun` command is available on your system but is not used. HINT: If your intention is to run Lightning on SLURM, prepend your python command with `srun` like so: srun python /home/le004/master_thesis/git/TSFusionForecast/code/ ...
[I 2023-12-26 12:46:06,009] Trial 0 finished with value: 1382.05712890625 and parameters: {'gradient_clip_val': 0.4596262901243068, 'hidden_size': 40, 'dropout': 0.39668411581539076, 'hidden_continuous_size': 7, 'attention_head_size': 1, 'learning_rate': 0.039654411245756714}. Best is trial 0 with value: 1382.05712890625.
[I 2023-12-26 12:46:08,505] Trial 1 finished with value: 6374.05859375 and parameters: {'gradient_clip_val': 0.12187280524385269, 'hidden_size': 24, 'dropout': 0.16666671040552083, 'hidden_continuous_size': 7, 'attention_head_size': 3, 'learning_rate': 0.07642558940563038}. Best is trial 0 with value: 1382.05712890625.
[I 2023-12-26 12:46:18,396] Trial 2 finished with value: 6074.13427734375 and parameters: {'gradient_clip_val': 0.6151765838355282, 'hidden_size': 127, 'dropout': 0.17770869038315862, 'hidden_continuous_size': 9, 'attention_head_size': 3, 'learning_rate': 0.005228277445945313}. Best is trial 0 with value: 1382.05712890625.
[I 2023-12-26 12:46:20,603] Trial 3 finished with value: 5511.984375 and parameters: {'gradient_clip_val': 0.1920399205071152, 'hidden_size': 5, 'dropout': 0.17876687699103938, 'hidden_continuous_size': 5, 'attention_head_size': 1, 'learning_rate': 0.0008845102986733044}. Best is trial 0 with value: 1382.05712890625.
[I 2023-12-26 12:46:23,862] Trial 4 finished with value: 5328.94970703125 and parameters: {'gradient_clip_val': 0.34968367455673244, 'hidden_size': 41, 'dropout': 0.1987067890418679, 'hidden_continuous_size': 9, 'attention_head_size': 3, 'learning_rate': 0.0073507635695175206}. Best is trial 0 with value: 1382.05712890625.
[I 2023-12-26 12:46:25,676] Trial 5 finished with value: 6319.25 and parameters: {'gradient_clip_val': 0.1183966948914785, 'hidden_size': 5, 'dropout': 0.2963806593737943, 'hidden_continuous_size': 5, 'attention_head_size': 2, 'learning_rate': 0.0858182327762448}. Best is trial 0 with value: 1382.05712890625.
[I 2023-12-26 12:46:27,680] Trial 6 finished with value: 5203.525390625 and parameters: {'gradient_clip_val': 0.16472200127688252, 'hidden_size': 6, 'dropout': 0.10063616235372966, 'hidden_continuous_size': 5, 'attention_head_size': 4, 'learning_rate': 0.035142319974550355}. Best is trial 0 with value: 1382.05712890625.
[I 2023-12-26 12:46:30,125] Trial 7 finished with value: 5361.33056640625 and parameters: {'gradient_clip_val': 0.2006678751321196, 'hidden_size': 19, 'dropout': 0.28181964856540764, 'hidden_continuous_size': 12, 'attention_head_size': 4, 'learning_rate': 0.060707576478898455}. Best is trial 0 with value: 1382.05712890625.
[I 2023-12-26 12:46:31,945] Trial 8 finished with value: 6091.09619140625 and parameters: {'gradient_clip_val': 0.21599733332911855, 'hidden_size': 5, 'dropout': 0.26855319339213857, 'hidden_continuous_size': 5, 'attention_head_size': 4, 'learning_rate': 0.04071422970357982}. Best is trial 0 with value: 1382.05712890625.
[I 2023-12-26 12:46:34,628] Trial 9 finished with value: 6120.728515625 and parameters: {'gradient_clip_val': 0.4321199154248773, 'hidden_size': 32, 'dropout': 0.4641482616763518, 'hidden_continuous_size': 11, 'attention_head_size': 4, 'learning_rate': 0.002037746309119999}. Best is trial 0 with value: 1382.05712890625.
[I 2023-12-26 12:46:40,968] Trial 10 finished with value: 5752.70703125 and parameters: {'gradient_clip_val': 0.9144003920698527, 'hidden_size': 80, 'dropout': 0.40215295218851754, 'hidden_continuous_size': 29, 'attention_head_size': 1, 'learning_rate': 0.01710656876695451}. Best is trial 0 with value: 1382.05712890625.
[I 2023-12-26 12:46:43,322] Trial 11 finished with value: 5458.2373046875 and parameters: {'gradient_clip_val': 0.46429463970499757, 'hidden_size': 11, 'dropout': 0.371938969031524, 'hidden_continuous_size': 6, 'attention_head_size': 2, 'learning_rate': 0.02447380072162976}. Best is trial 0 with value: 1382.05712890625.
[I 2023-12-26 12:46:45,733] Trial 12 finished with value: 6548.42578125 and parameters: {'gradient_clip_val': 0.27072615394029853, 'hidden_size': 12, 'dropout': 0.1002719438873435, 'hidden_continuous_size': 6, 'attention_head_size': 2, 'learning_rate': 0.023527918663584273}. Best is trial 0 with value: 1382.05712890625.
[I 2023-12-26 12:46:49,021] Trial 13 finished with value: 6124.23681640625 and parameters: {'gradient_clip_val': 0.1011235146567583, 'hidden_size': 40, 'dropout': 0.36207730210398387, 'hidden_continuous_size': 16, 'attention_head_size': 1, 'learning_rate': 0.035970794231720934}. Best is trial 0 with value: 1382.05712890625.
[I 2023-12-26 12:46:53,151] Trial 14 finished with value: 6593.48193359375 and parameters: {'gradient_clip_val': 0.29847620638901107, 'hidden_size': 59, 'dropout': 0.47895125085932533, 'hidden_continuous_size': 52, 'attention_head_size': 3, 'learning_rate': 0.0122217777610371}. Best is trial 0 with value: 1382.05712890625.
[I 2023-12-26 12:46:55,314] Trial 15 finished with value: 4777.63671875 and parameters: {'gradient_clip_val': 0.15252586545037847, 'hidden_size': 15, 'dropout': 0.10092677364200589, 'hidden_continuous_size': 6, 'attention_head_size': 2, 'learning_rate': 0.0924160306466292}. Best is trial 0 with value: 1382.05712890625.
[I 2023-12-26 12:46:57,412] Trial 16 finished with value: 6010.6796875 and parameters: {'gradient_clip_val': 0.2660524369840448, 'hidden_size': 17, 'dropout': 0.24348285609753628, 'hidden_continuous_size': 7, 'attention_head_size': 1, 'learning_rate': 0.07982096376402664}. Best is trial 0 with value: 1382.05712890625.
[I 2023-12-26 12:47:00,040] Trial 17 finished with value: 6181.68115234375 and parameters: {'gradient_clip_val': 0.1542175315395101, 'hidden_size': 25, 'dropout': 0.3322820165621678, 'hidden_continuous_size': 7, 'attention_head_size': 2, 'learning_rate': 0.09681910886400952}. Best is trial 0 with value: 1382.05712890625.
