[I 2023-12-27 11:22:08,834] Trial 24 finished with value: 2.119502544403076 and parameters: {'gradient_clip_val': 0.1733284673457652, 'hidden_size': 72, 'dropout': 0.3907371603180958, 'hidden_continuous_size': 13, 'attention_head_size': 3, 'learning_rate': 0.0009018454074743878}. Best is trial 0 with value: 0.044820647686719894.
[I 2023-12-27 11:22:09,312] Trial 25 finished with value: 1.854081153869629 and parameters: {'gradient_clip_val': 0.2591355892939118, 'hidden_size': 97, 'dropout': 0.4200032130772152, 'hidden_continuous_size': 15, 'attention_head_size': 2, 'learning_rate': 0.006366915579630797}. Best is trial 0 with value: 0.044820647686719894.
[I 2023-12-27 11:22:09,767] Trial 26 finished with value: 2.1707961559295654 and parameters: {'gradient_clip_val': 0.229485145866263, 'hidden_size': 90, 'dropout': 0.3453887451607506, 'hidden_continuous_size': 9, 'attention_head_size': 1, 'learning_rate': 0.004266099981458133}. Best is trial 0 with value: 0.044820647686719894.
[I 2023-12-27 11:22:10,186] Trial 27 finished with value: 2.7092435359954834 and parameters: {'gradient_clip_val': 0.11361072268877798, 'hidden_size': 53, 'dropout': 0.45703989757923047, 'hidden_continuous_size': 9, 'attention_head_size': 3, 'learning_rate': 0.0018067292695509597}. Best is trial 0 with value: 0.044820647686719894.
[I 2023-12-27 11:22:10,624] Trial 28 finished with value: 2.6276819705963135 and parameters: {'gradient_clip_val': 0.1458629240368468, 'hidden_size': 67, 'dropout': 0.3851320678934552, 'hidden_continuous_size': 14, 'attention_head_size': 2, 'learning_rate': 0.011083296594143909}. Best is trial 0 with value: 0.044820647686719894.
[I 2023-12-27 11:22:11,024] Trial 29 finished with value: 2.2316129207611084 and parameters: {'gradient_clip_val': 0.18925827436713238, 'hidden_size': 40, 'dropout': 0.4788617568825133, 'hidden_continuous_size': 11, 'attention_head_size': 3, 'learning_rate': 0.015047256425395266}. Best is trial 0 with value: 0.044820647686719894.
[I 2023-12-27 11:22:11,392] Trial 30 finished with value: 2.627152442932129 and parameters: {'gradient_clip_val': 0.28490719398601844, 'hidden_size': 18, 'dropout': 0.4952179108659681, 'hidden_continuous_size': 7, 'attention_head_size': 2, 'learning_rate': 0.006827398572026448}. Best is trial 0 with value: 0.044820647686719894.
[I 2023-12-27 11:22:11,899] Trial 31 finished with value: 1.6067501306533813 and parameters: {'gradient_clip_val': 0.26267598998701186, 'hidden_size': 115, 'dropout': 0.4157525324336934, 'hidden_continuous_size': 18, 'attention_head_size': 2, 'learning_rate': 0.006111153567256846}. Best is trial 0 with value: 0.044820647686719894.
[I 2023-12-27 11:22:12,412] Trial 32 finished with value: 2.335082769393921 and parameters: {'gradient_clip_val': 0.17462323087200132, 'hidden_size': 123, 'dropout': 0.42017582203935977, 'hidden_continuous_size': 16, 'attention_head_size': 2, 'learning_rate': 0.009298539182282595}. Best is trial 0 with value: 0.044820647686719894.
[I 2023-12-27 11:22:12,868] Trial 33 finished with value: 2.040724992752075 and parameters: {'gradient_clip_val': 0.2110099211399248, 'hidden_size': 84, 'dropout': 0.37101787857503427, 'hidden_continuous_size': 18, 'attention_head_size': 2, 'learning_rate': 0.004901702963442844}. Best is trial 0 with value: 0.044820647686719894.
[I 2023-12-27 11:22:13,364] Trial 34 finished with value: 2.8684914112091064 and parameters: {'gradient_clip_val': 0.14396909739485703, 'hidden_size': 108, 'dropout': 0.4049425381574703, 'hidden_continuous_size': 21, 'attention_head_size': 1, 'learning_rate': 0.020787429558260524}. Best is trial 0 with value: 0.044820647686719894.
[I 2023-12-27 11:22:14,139] Trial 35 finished with value: 1.6950654983520508 and parameters: {'gradient_clip_val': 0.28456838860583916, 'hidden_size': 136, 'dropout': 0.29992282673315673, 'hidden_continuous_size': 22, 'attention_head_size': 2, 'learning_rate': 0.03801086639402392}. Best is trial 0 with value: 0.044820647686719894.
[I 2023-12-27 11:22:14,626] Trial 36 finished with value: 2.8783633708953857 and parameters: {'gradient_clip_val': 0.1892897334641766, 'hidden_size': 91, 'dropout': 0.3363681550530191, 'hidden_continuous_size': 15, 'attention_head_size': 3, 'learning_rate': 0.012059904243921095}. Best is trial 0 with value: 0.044820647686719894.
[I 2023-12-27 11:22:15,146] Trial 37 finished with value: 2.1900298595428467 and parameters: {'gradient_clip_val': 0.23731351715713903, 'hidden_size': 123, 'dropout': 0.44111480967557826, 'hidden_continuous_size': 12, 'attention_head_size': 1, 'learning_rate': 0.0581963344305654}. Best is trial 0 with value: 0.044820647686719894.
[I 2023-12-27 11:22:15,716] Trial 38 finished with value: 2.599583387374878 and parameters: {'gradient_clip_val': 0.13099823732693572, 'hidden_size': 150, 'dropout': 0.31307933246775344, 'hidden_continuous_size': 5, 'attention_head_size': 3, 'learning_rate': 0.029226577371612866}. Best is trial 0 with value: 0.044820647686719894.
[I 2023-12-27 11:22:16,105] Trial 39 finished with value: 2.0361149311065674 and parameters: {'gradient_clip_val': 0.15532679512039713, 'hidden_size': 22, 'dropout': 0.35591557997044, 'hidden_continuous_size': 10, 'attention_head_size': 2, 'learning_rate': 0.007985357071030852}. Best is trial 0 with value: 0.044820647686719894.
[I 2023-12-27 11:22:16,599] Trial 40 finished with value: 2.4805846214294434 and parameters: {'gradient_clip_val': 0.38335074515195966, 'hidden_size': 104, 'dropout': 0.3922100327847379, 'hidden_continuous_size': 18, 'attention_head_size': 4, 'learning_rate': 0.08181712557248096}. Best is trial 0 with value: 0.044820647686719894.
[I 2023-12-27 11:22:17,128] Trial 41 finished with value: 2.4281787872314453 and parameters: {'gradient_clip_val': 0.2802900928639029, 'hidden_size': 126, 'dropout': 0.3033252404967552, 'hidden_continuous_size': 22, 'attention_head_size': 2, 'learning_rate': 0.038424146471947716}. Best is trial 0 with value: 0.044820647686719894.
[I 2023-12-27 11:22:17,580] Trial 42 finished with value: 2.2648022174835205 and parameters: {'gradient_clip_val': 0.2847438050355237, 'hidden_size': 81, 'dropout': 0.3201462239316034, 'hidden_continuous_size': 17, 'attention_head_size': 2, 'learning_rate': 0.06270873774384181}. Best is trial 0 with value: 0.044820647686719894.
[I 2023-12-27 11:22:18,117] Trial 43 finished with value: 2.6732633113861084 and parameters: {'gradient_clip_val': 0.3087983439558887, 'hidden_size': 126, 'dropout': 0.29318328676289807, 'hidden_continuous_size': 26, 'attention_head_size': 2, 'learning_rate': 0.018563372968265778}. Best is trial 0 with value: 0.044820647686719894.
[I 2023-12-27 11:22:18,555] Trial 44 finished with value: 2.301647901535034 and parameters: {'gradient_clip_val': 0.25960779453889077, 'hidden_size': 63, 'dropout': 0.2311360917332168, 'hidden_continuous_size': 13, 'attention_head_size': 2, 'learning_rate': 0.04069211257079799}. Best is trial 0 with value: 0.044820647686719894.
[I 2023-12-27 11:22:19,041] Trial 45 finished with value: 3.1216495037078857 and parameters: {'gradient_clip_val': 0.2222026303716746, 'hidden_size': 87, 'dropout': 0.3322406185100386, 'hidden_continuous_size': 22, 'attention_head_size': 2, 'learning_rate': 0.08883110803946079}. Best is trial 0 with value: 0.044820647686719894.
[I 2023-12-27 11:22:19,627] Trial 46 finished with value: 3.1855170726776123 and parameters: {'gradient_clip_val': 0.3578962379242863, 'hidden_size': 149, 'dropout': 0.2842096038752567, 'hidden_continuous_size': 34, 'attention_head_size': 1, 'learning_rate': 0.02840411139071738}. Best is trial 0 with value: 0.044820647686719894.
[I 2023-12-27 11:22:20,137] Trial 47 finished with value: 2.479865312576294 and parameters: {'gradient_clip_val': 0.30745801706277576, 'hidden_size': 111, 'dropout': 0.2645039190014651, 'hidden_continuous_size': 25, 'attention_head_size': 3, 'learning_rate': 0.06662445834375082}. Best is trial 0 with value: 0.044820647686719894.
[I 2023-12-27 11:22:20,808] Trial 48 finished with value: 1.9858859777450562 and parameters: {'gradient_clip_val': 0.42804526341799176, 'hidden_size': 71, 'dropout': 0.3032900643172509, 'hidden_continuous_size': 19, 'attention_head_size': 2, 'learning_rate': 0.01168037272356349}. Best is trial 0 with value: 0.044820647686719894.
[I 2023-12-27 11:22:21,299] Trial 49 finished with value: 2.8040311336517334 and parameters: {'gradient_clip_val': 0.2532342176536064, 'hidden_size': 98, 'dropout': 0.36177847772978944, 'hidden_continuous_size': 15, 'attention_head_size': 3, 'learning_rate': 0.04296798082244468}. Best is trial 0 with value: 0.044820647686719894.
[I 2023-12-27 11:22:21,414] A new study created in memory with name: no-name-d6372f1b-7d92-478b-b9b5-8c2f7bab9e7f
/home/le004/conda/anaconda3/envs/tsff_env/lib/python3.9/site-packages/lightning/fabric/plugins/environments/slurm.py:191: The `srun` command is available on your system but is not used. HINT: If your intention is to run Lightning on SLURM, prepend your python command with `srun` like so: srun python /home/le004/master_thesis/git/TSFusionForecast/code/ ...
[I 2023-12-27 11:22:53,427] Trial 0 finished with value: 2.5624425411224365 and parameters: {'gradient_clip_val': 0.27775679114240964, 'hidden_size': 11, 'dropout': 0.4092345066949633, 'hidden_continuous_size': 10, 'attention_head_size': 4, 'learning_rate': 0.0008522269919294885}. Best is trial 0 with value: 2.5624425411224365.
[I 2023-12-27 11:23:24,398] Trial 1 finished with value: 0.20879964530467987 and parameters: {'gradient_clip_val': 0.9724724008805656, 'hidden_size': 32, 'dropout': 0.4438105942930548, 'hidden_continuous_size': 6, 'attention_head_size': 4, 'learning_rate': 0.03178365412760549}. Best is trial 1 with value: 0.20879964530467987.
[I 2023-12-27 11:23:24,817] Trial 2 finished with value: 3.353344678878784 and parameters: {'gradient_clip_val': 0.20776475697576038, 'hidden_size': 68, 'dropout': 0.1345008510833946, 'hidden_continuous_size': 8, 'attention_head_size': 3, 'learning_rate': 0.05804833903115205}. Best is trial 1 with value: 0.20879964530467987.
[I 2023-12-27 11:23:25,232] Trial 3 finished with value: 4.125691890716553 and parameters: {'gradient_clip_val': 0.7861535637522147, 'hidden_size': 80, 'dropout': 0.21647152710878143, 'hidden_continuous_size': 8, 'attention_head_size': 1, 'learning_rate': 0.017130955790644213}. Best is trial 1 with value: 0.20879964530467987.
[I 2023-12-27 11:23:25,593] Trial 4 finished with value: 3.490140676498413 and parameters: {'gradient_clip_val': 0.20724603992180216, 'hidden_size': 17, 'dropout': 0.17010436123284248, 'hidden_continuous_size': 11, 'attention_head_size': 3, 'learning_rate': 0.0019062779350899244}. Best is trial 1 with value: 0.20879964530467987.
[I 2023-12-27 11:23:26,005] Trial 5 finished with value: 4.202422618865967 and parameters: {'gradient_clip_val': 0.9235600620464055, 'hidden_size': 65, 'dropout': 0.4954863274547451, 'hidden_continuous_size': 9, 'attention_head_size': 4, 'learning_rate': 0.051296480319092966}. Best is trial 1 with value: 0.20879964530467987.
[I 2023-12-27 11:23:26,437] Trial 6 finished with value: 3.165097951889038 and parameters: {'gradient_clip_val': 0.22323501404962867, 'hidden_size': 82, 'dropout': 0.3673505369282367, 'hidden_continuous_size': 25, 'attention_head_size': 1, 'learning_rate': 0.04228401084531616}. Best is trial 1 with value: 0.20879964530467987.
[I 2023-12-27 11:23:27,003] Trial 7 finished with value: 3.22503924369812 and parameters: {'gradient_clip_val': 0.5511260221134959, 'hidden_size': 22, 'dropout': 0.18111755652912065, 'hidden_continuous_size': 14, 'attention_head_size': 4, 'learning_rate': 0.033706096438387005}. Best is trial 1 with value: 0.20879964530467987.
[I 2023-12-27 11:23:27,424] Trial 8 finished with value: 3.9664242267608643 and parameters: {'gradient_clip_val': 0.1211688865185212, 'hidden_size': 69, 'dropout': 0.34502753349418513, 'hidden_continuous_size': 7, 'attention_head_size': 4, 'learning_rate': 0.06779453289445085}. Best is trial 1 with value: 0.20879964530467987.
[I 2023-12-27 11:23:27,782] Trial 9 finished with value: 2.4752933979034424 and parameters: {'gradient_clip_val': 0.467787946872639, 'hidden_size': 21, 'dropout': 0.1451434989485776, 'hidden_continuous_size': 9, 'attention_head_size': 3, 'learning_rate': 0.0006886809422458208}. Best is trial 1 with value: 0.20879964530467987.
[I 2023-12-27 11:23:28,108] Trial 10 finished with value: 4.065796852111816 and parameters: {'gradient_clip_val': 0.9801222540243975, 'hidden_size': 5, 'dropout': 0.2817184336797325, 'hidden_continuous_size': 5, 'attention_head_size': 2, 'learning_rate': 0.008149274129801235}. Best is trial 1 with value: 0.20879964530467987.
[I 2023-12-27 11:23:28,498] Trial 11 finished with value: 2.3681652545928955 and parameters: {'gradient_clip_val': 0.48862014532694514, 'hidden_size': 37, 'dropout': 0.10663901945499012, 'hidden_continuous_size': 5, 'attention_head_size': 3, 'learning_rate': 0.0031578048757049688}. Best is trial 1 with value: 0.20879964530467987.
[I 2023-12-27 11:23:28,884] Trial 12 finished with value: 3.7056968212127686 and parameters: {'gradient_clip_val': 0.5714248863211401, 'hidden_size': 38, 'dropout': 0.2515538133301369, 'hidden_continuous_size': 5, 'attention_head_size': 2, 'learning_rate': 0.004029497934575823}. Best is trial 1 with value: 0.20879964530467987.
[I 2023-12-27 11:23:29,472] Trial 13 finished with value: 3.9113619327545166 and parameters: {'gradient_clip_val': 0.3952425125729502, 'hidden_size': 144, 'dropout': 0.12190812641154414, 'hidden_continuous_size': 65, 'attention_head_size': 3, 'learning_rate': 0.012446886639135804}. Best is trial 1 with value: 0.20879964530467987.
[I 2023-12-27 11:23:29,852] Trial 14 finished with value: 3.9803924560546875 and parameters: {'gradient_clip_val': 0.6874530204422904, 'hidden_size': 33, 'dropout': 0.22238947202676987, 'hidden_continuous_size': 5, 'attention_head_size': 2, 'learning_rate': 0.00407624771626182}. Best is trial 1 with value: 0.20879964530467987.
[I 2023-12-27 11:23:30,243] Trial 15 finished with value: 3.926776885986328 and parameters: {'gradient_clip_val': 0.6906658288767832, 'hidden_size': 40, 'dropout': 0.10187623040804533, 'hidden_continuous_size': 6, 'attention_head_size': 4, 'learning_rate': 0.01875283117285526}. Best is trial 1 with value: 0.20879964530467987.
[I 2023-12-27 11:23:30,616] Trial 16 finished with value: 3.1644506454467773 and parameters: {'gradient_clip_val': 0.38541271002081584, 'hidden_size': 15, 'dropout': 0.2963556218262527, 'hidden_continuous_size': 6, 'attention_head_size': 3, 'learning_rate': 0.09697975297856848}. Best is trial 1 with value: 0.20879964530467987.
[I 2023-12-27 11:23:31,011] Trial 17 finished with value: 3.1184444427490234 and parameters: {'gradient_clip_val': 0.9848403619562335, 'hidden_size': 30, 'dropout': 0.44762026034688585, 'hidden_continuous_size': 6, 'attention_head_size': 4, 'learning_rate': 0.0055206104337786575}. Best is trial 1 with value: 0.20879964530467987.
[I 2023-12-27 11:23:31,453] Trial 18 finished with value: 3.3513295650482178 and parameters: {'gradient_clip_val': 0.6414892041832688, 'hidden_size': 47, 'dropout': 0.3331761817822237, 'hidden_continuous_size': 5, 'attention_head_size': 3, 'learning_rate': 0.002217877922482267}. Best is trial 1 with value: 0.20879964530467987.
[I 2023-12-27 11:23:31,839] Trial 19 finished with value: 4.4565043449401855 and parameters: {'gradient_clip_val': 0.4923586650603633, 'hidden_size': 26, 'dropout': 0.3745861058636739, 'hidden_continuous_size': 6, 'attention_head_size': 2, 'learning_rate': 0.025187429204609302}. Best is trial 1 with value: 0.20879964530467987.
[I 2023-12-27 11:23:32,471] Trial 20 finished with value: 2.913822889328003 and parameters: {'gradient_clip_val': 0.7798550623616743, 'hidden_size': 42, 'dropout': 0.3064854907316364, 'hidden_continuous_size': 12, 'attention_head_size': 4, 'learning_rate': 0.011395376704829742}. Best is trial 1 with value: 0.20879964530467987.
[I 2023-12-27 11:23:32,848] Trial 21 finished with value: 3.923118829727173 and parameters: {'gradient_clip_val': 0.4691043128433856, 'hidden_size': 21, 'dropout': 0.1396803341874484, 'hidden_continuous_size': 7, 'attention_head_size': 3, 'learning_rate': 0.0006062994142360635}. Best is trial 1 with value: 0.20879964530467987.
[I 2023-12-27 11:23:33,255] Trial 22 finished with value: 3.209826707839966 and parameters: {'gradient_clip_val': 0.4669842106809685, 'hidden_size': 28, 'dropout': 0.15701170453746374, 'hidden_continuous_size': 7, 'attention_head_size': 3, 'learning_rate': 0.0010277314650199904}. Best is trial 1 with value: 0.20879964530467987.
[I 2023-12-27 11:23:33,632] Trial 23 finished with value: 5.46056604385376 and parameters: {'gradient_clip_val': 0.36165708061049245, 'hidden_size': 15, 'dropout': 0.11092485504319446, 'hidden_continuous_size': 5, 'attention_head_size': 3, 'learning_rate': 0.0017548633770436898}. Best is trial 1 with value: 0.20879964530467987.
[I 2023-12-27 11:23:34,038] Trial 24 finished with value: 2.612576961517334 and parameters: {'gradient_clip_val': 0.5605333540182728, 'hidden_size': 49, 'dropout': 0.19622980224943173, 'hidden_continuous_size': 9, 'attention_head_size': 2, 'learning_rate': 0.0026537838723827835}. Best is trial 1 with value: 0.20879964530467987.
[I 2023-12-27 11:23:34,422] Trial 25 finished with value: 4.435506820678711 and parameters: {'gradient_clip_val': 0.830334837451488, 'hidden_size': 23, 'dropout': 0.16313866776263758, 'hidden_continuous_size': 6, 'attention_head_size': 3, 'learning_rate': 0.001209148772893949}. Best is trial 1 with value: 0.20879964530467987.
[I 2023-12-27 11:23:34,843] Trial 26 finished with value: 3.801297426223755 and parameters: {'gradient_clip_val': 0.6272607173631877, 'hidden_size': 29, 'dropout': 0.10259127149579196, 'hidden_continuous_size': 7, 'attention_head_size': 4, 'learning_rate': 0.000528411090626621}. Best is trial 1 with value: 0.20879964530467987.
[I 2023-12-27 11:23:35,222] Trial 27 finished with value: 3.422011375427246 and parameters: {'gradient_clip_val': 0.7818850039251333, 'hidden_size': 11, 'dropout': 0.2498450493177513, 'hidden_continuous_size': 5, 'attention_head_size': 3, 'learning_rate': 0.0014270950308584913}. Best is trial 1 with value: 0.20879964530467987.
[I 2023-12-27 11:23:35,617] Trial 28 finished with value: 2.576378107070923 and parameters: {'gradient_clip_val': 0.42153719770458886, 'hidden_size': 36, 'dropout': 0.13545224956571963, 'hidden_continuous_size': 8, 'attention_head_size': 2, 'learning_rate': 0.0029311739142417084}. Best is trial 1 with value: 0.20879964530467987.
[I 2023-12-27 11:23:36,005] Trial 29 finished with value: 3.378199577331543 and parameters: {'gradient_clip_val': 0.3383350224815919, 'hidden_size': 18, 'dropout': 0.43143693399240163, 'hidden_continuous_size': 6, 'attention_head_size': 4, 'learning_rate': 0.0008430631525482476}. Best is trial 1 with value: 0.20879964530467987.
[I 2023-12-27 11:23:36,385] Trial 30 finished with value: 4.171818733215332 and parameters: {'gradient_clip_val': 0.3070949386992975, 'hidden_size': 12, 'dropout': 0.18942892985150186, 'hidden_continuous_size': 5, 'attention_head_size': 4, 'learning_rate': 0.0008279425396779241}. Best is trial 1 with value: 0.20879964530467987.
[I 2023-12-27 11:23:36,759] Trial 31 finished with value: 3.398648262023926 and parameters: {'gradient_clip_val': 0.3026274572968052, 'hidden_size': 9, 'dropout': 0.14515013692358136, 'hidden_continuous_size': 5, 'attention_head_size': 4, 'learning_rate': 0.001434533668384525}. Best is trial 1 with value: 0.20879964530467987.
[I 2023-12-27 11:23:37,145] Trial 32 finished with value: 2.7399260997772217 and parameters: {'gradient_clip_val': 0.2737153075915045, 'hidden_size': 22, 'dropout': 0.41356830973445907, 'hidden_continuous_size': 10, 'attention_head_size': 3, 'learning_rate': 0.0006720162292421776}. Best is trial 1 with value: 0.20879964530467987.
[I 2023-12-27 11:23:37,768] Trial 33 finished with value: 4.2395195960998535 and parameters: {'gradient_clip_val': 0.4419270832506576, 'hidden_size': 28, 'dropout': 0.13743474020668775, 'hidden_continuous_size': 8, 'attention_head_size': 1, 'learning_rate': 0.0010824049149588183}. Best is trial 1 with value: 0.20879964530467987.
[I 2023-12-27 11:23:38,167] Trial 34 finished with value: 3.1184167861938477 and parameters: {'gradient_clip_val': 0.5095198967959352, 'hidden_size': 19, 'dropout': 0.4946351665233026, 'hidden_continuous_size': 10, 'attention_head_size': 4, 'learning_rate': 0.0005455344914613271}. Best is trial 1 with value: 0.20879964530467987.
[I 2023-12-27 11:23:38,533] Trial 35 finished with value: 2.9774506092071533 and parameters: {'gradient_clip_val': 0.40812470762100433, 'hidden_size': 16, 'dropout': 0.17012659491773854, 'hidden_continuous_size': 8, 'attention_head_size': 3, 'learning_rate': 0.00185794850660216}. Best is trial 1 with value: 0.20879964530467987.
[I 2023-12-27 11:23:38,987] Trial 36 finished with value: 2.950939178466797 and parameters: {'gradient_clip_val': 0.8795198220729255, 'hidden_size': 52, 'dropout': 0.40474696248227393, 'hidden_continuous_size': 12, 'attention_head_size': 4, 'learning_rate': 0.0008233396081414325}. Best is trial 1 with value: 0.20879964530467987.
[I 2023-12-27 11:23:39,389] Trial 37 finished with value: 3.203171491622925 and parameters: {'gradient_clip_val': 0.2558887159254833, 'hidden_size': 34, 'dropout': 0.4665170240809183, 'hidden_continuous_size': 9, 'attention_head_size': 4, 'learning_rate': 0.0013957513190095718}. Best is trial 1 with value: 0.20879964530467987.
[I 2023-12-27 11:23:39,776] Trial 38 finished with value: 3.4227657318115234 and parameters: {'gradient_clip_val': 0.3457191010733534, 'hidden_size': 24, 'dropout': 0.38939262704945843, 'hidden_continuous_size': 11, 'attention_head_size': 3, 'learning_rate': 0.0005098196423524004}. Best is trial 1 with value: 0.20879964530467987.
