[I 2023-12-27 11:15:54,447] Trial 16 finished with value: 4.006597995758057 and parameters: {'gradient_clip_val': 0.1484217440904408, 'hidden_size': 28, 'dropout': 0.41564845672569334, 'hidden_continuous_size': 9, 'attention_head_size': 1, 'learning_rate': 0.03215230881215715}. Best is trial 0 with value: 0.05828893557190895.
[I 2023-12-27 11:15:54,890] Trial 17 finished with value: 4.899320125579834 and parameters: {'gradient_clip_val': 0.2857848081242426, 'hidden_size': 51, 'dropout': 0.24627551090021166, 'hidden_continuous_size': 20, 'attention_head_size': 1, 'learning_rate': 0.05791995245355413}. Best is trial 0 with value: 0.05828893557190895.
[I 2023-12-27 11:15:55,432] Trial 18 finished with value: 3.3620445728302 and parameters: {'gradient_clip_val': 0.20763320190064713, 'hidden_size': 94, 'dropout': 0.3126334127114924, 'hidden_continuous_size': 25, 'attention_head_size': 3, 'learning_rate': 0.023834335061944666}. Best is trial 0 with value: 0.05828893557190895.
[I 2023-12-27 11:15:55,969] Trial 19 finished with value: 4.454398155212402 and parameters: {'gradient_clip_val': 0.1316210340215759, 'hidden_size': 111, 'dropout': 0.17315173557930835, 'hidden_continuous_size': 11, 'attention_head_size': 2, 'learning_rate': 0.05632343674954657}. Best is trial 0 with value: 0.05828893557190895.
[I 2023-12-27 11:15:56,394] Trial 20 finished with value: 3.9238436222076416 and parameters: {'gradient_clip_val': 0.18644679431848263, 'hidden_size': 64, 'dropout': 0.24707182492238877, 'hidden_continuous_size': 12, 'attention_head_size': 1, 'learning_rate': 0.02725907730042196}. Best is trial 0 with value: 0.05828893557190895.
[I 2023-12-27 11:15:56,770] Trial 21 finished with value: 3.8534748554229736 and parameters: {'gradient_clip_val': 0.43265831423611517, 'hidden_size': 19, 'dropout': 0.32370734394773637, 'hidden_continuous_size': 5, 'attention_head_size': 1, 'learning_rate': 0.045705461050939526}. Best is trial 0 with value: 0.05828893557190895.
[I 2023-12-27 11:15:57,145] Trial 22 finished with value: 3.336501359939575 and parameters: {'gradient_clip_val': 0.4917419199572346, 'hidden_size': 23, 'dropout': 0.30434974650874225, 'hidden_continuous_size': 6, 'attention_head_size': 1, 'learning_rate': 0.06271375258140612}. Best is trial 0 with value: 0.05828893557190895.
[I 2023-12-27 11:15:57,524] Trial 23 finished with value: 4.612706661224365 and parameters: {'gradient_clip_val': 0.315460592583927, 'hidden_size': 18, 'dropout': 0.2798315423086336, 'hidden_continuous_size': 9, 'attention_head_size': 2, 'learning_rate': 0.09629757146351145}. Best is trial 0 with value: 0.05828893557190895.
[I 2023-12-27 11:15:58,303] Trial 24 finished with value: 5.3058905601501465 and parameters: {'gradient_clip_val': 0.2540573617754686, 'hidden_size': 107, 'dropout': 0.35285426858500835, 'hidden_continuous_size': 5, 'attention_head_size': 1, 'learning_rate': 0.03481786639408401}. Best is trial 0 with value: 0.05828893557190895.
[I 2023-12-27 11:15:58,720] Trial 25 finished with value: 4.465294361114502 and parameters: {'gradient_clip_val': 0.36368635853471304, 'hidden_size': 68, 'dropout': 0.2452147754864895, 'hidden_continuous_size': 8, 'attention_head_size': 1, 'learning_rate': 0.056576913288878095}. Best is trial 0 with value: 0.05828893557190895.
[I 2023-12-27 11:15:59,107] Trial 26 finished with value: 4.6385602951049805 and parameters: {'gradient_clip_val': 0.44562211076346064, 'hidden_size': 36, 'dropout': 0.30085333112798807, 'hidden_continuous_size': 6, 'attention_head_size': 2, 'learning_rate': 0.02383050551480632}. Best is trial 0 with value: 0.05828893557190895.
[I 2023-12-27 11:15:59,633] Trial 27 finished with value: 3.4490270614624023 and parameters: {'gradient_clip_val': 0.5786590342032111, 'hidden_size': 116, 'dropout': 0.17461420161663976, 'hidden_continuous_size': 15, 'attention_head_size': 1, 'learning_rate': 0.04388397946436545}. Best is trial 0 with value: 0.05828893557190895.
[I 2023-12-27 11:16:00,032] Trial 28 finished with value: 3.810880661010742 and parameters: {'gradient_clip_val': 0.5205443226424216, 'hidden_size': 29, 'dropout': 0.32681241436529873, 'hidden_continuous_size': 11, 'attention_head_size': 2, 'learning_rate': 0.06708233349516265}. Best is trial 0 with value: 0.05828893557190895.
[I 2023-12-27 11:16:00,475] Trial 29 finished with value: 4.260805130004883 and parameters: {'gradient_clip_val': 0.336674138651952, 'hidden_size': 73, 'dropout': 0.14327367503075308, 'hidden_continuous_size': 22, 'attention_head_size': 1, 'learning_rate': 0.0033642694770613}. Best is trial 0 with value: 0.05828893557190895.
[I 2023-12-27 11:16:01,061] Trial 30 finished with value: 4.259932041168213 and parameters: {'gradient_clip_val': 0.30291745631524675, 'hidden_size': 149, 'dropout': 0.2814972798288542, 'hidden_continuous_size': 43, 'attention_head_size': 2, 'learning_rate': 0.0129936223714016}. Best is trial 0 with value: 0.05828893557190895.
[I 2023-12-27 11:16:01,428] Trial 31 finished with value: 3.8879165649414062 and parameters: {'gradient_clip_val': 0.4823571174969067, 'hidden_size': 20, 'dropout': 0.29587940618419806, 'hidden_continuous_size': 6, 'attention_head_size': 1, 'learning_rate': 0.06827438492000819}. Best is trial 0 with value: 0.05828893557190895.
[I 2023-12-27 11:16:01,801] Trial 32 finished with value: 3.1464483737945557 and parameters: {'gradient_clip_val': 0.5669825341518573, 'hidden_size': 22, 'dropout': 0.3619526186969093, 'hidden_continuous_size': 6, 'attention_head_size': 1, 'learning_rate': 0.045916083089304865}. Best is trial 0 with value: 0.05828893557190895.
[I 2023-12-27 11:16:02,158] Trial 33 finished with value: 4.267705917358398 and parameters: {'gradient_clip_val': 0.6752970194351919, 'hidden_size': 16, 'dropout': 0.3747542931201309, 'hidden_continuous_size': 7, 'attention_head_size': 1, 'learning_rate': 0.03256612531405468}. Best is trial 0 with value: 0.05828893557190895.
[I 2023-12-27 11:16:02,557] Trial 34 finished with value: 4.870500087738037 and parameters: {'gradient_clip_val': 0.6244230159561581, 'hidden_size': 51, 'dropout': 0.38949042685517044, 'hidden_continuous_size': 5, 'attention_head_size': 1, 'learning_rate': 0.0476935221798472}. Best is trial 0 with value: 0.05828893557190895.
[I 2023-12-27 11:16:02,918] Trial 35 finished with value: 3.4449806213378906 and parameters: {'gradient_clip_val': 0.7311853520243058, 'hidden_size': 13, 'dropout': 0.3408232312113812, 'hidden_continuous_size': 7, 'attention_head_size': 1, 'learning_rate': 0.01942861092833788}. Best is trial 0 with value: 0.05828893557190895.
[I 2023-12-27 11:16:03,288] Trial 36 finished with value: 3.7440242767333984 and parameters: {'gradient_clip_val': 0.4082481184280734, 'hidden_size': 24, 'dropout': 0.36082884608394883, 'hidden_continuous_size': 5, 'attention_head_size': 1, 'learning_rate': 0.07791531010052842}. Best is trial 0 with value: 0.05828893557190895.
[I 2023-12-27 11:16:03,942] Trial 37 finished with value: 4.7089409828186035 and parameters: {'gradient_clip_val': 0.7592112690648091, 'hidden_size': 31, 'dropout': 0.4111766936334499, 'hidden_continuous_size': 6, 'attention_head_size': 2, 'learning_rate': 0.029082939412958475}. Best is trial 0 with value: 0.05828893557190895.
[I 2023-12-27 11:16:04,346] Trial 38 finished with value: 3.334712028503418 and parameters: {'gradient_clip_val': 0.5459722975835379, 'hidden_size': 45, 'dropout': 0.12779172360588384, 'hidden_continuous_size': 8, 'attention_head_size': 1, 'learning_rate': 0.0390873951167054}. Best is trial 0 with value: 0.05828893557190895.
[I 2023-12-27 11:16:04,720] Trial 39 finished with value: 3.160660982131958 and parameters: {'gradient_clip_val': 0.45748292605678065, 'hidden_size': 9, 'dropout': 0.2570938086475699, 'hidden_continuous_size': 5, 'attention_head_size': 3, 'learning_rate': 0.07850120293935146}. Best is trial 0 with value: 0.05828893557190895.
[I 2023-12-27 11:16:05,115] Trial 40 finished with value: 4.354062557220459 and parameters: {'gradient_clip_val': 0.5681107566237226, 'hidden_size': 37, 'dropout': 0.22206439094132252, 'hidden_continuous_size': 6, 'attention_head_size': 2, 'learning_rate': 0.016773295279174705}. Best is trial 0 with value: 0.05828893557190895.
[I 2023-12-27 11:16:05,474] Trial 41 finished with value: 2.996617078781128 and parameters: {'gradient_clip_val': 0.4637015020314647, 'hidden_size': 8, 'dropout': 0.3248765132126123, 'hidden_continuous_size': 5, 'attention_head_size': 3, 'learning_rate': 0.07803651652658118}. Best is trial 0 with value: 0.05828893557190895.
[I 2023-12-27 11:16:05,840] Trial 42 finished with value: 3.724353075027466 and parameters: {'gradient_clip_val': 0.40015527939921514, 'hidden_size': 6, 'dropout': 0.3271989884118591, 'hidden_continuous_size': 5, 'attention_head_size': 3, 'learning_rate': 0.0994353973215854}. Best is trial 0 with value: 0.05828893557190895.
[I 2023-12-27 11:16:06,227] Trial 43 finished with value: 3.7721071243286133 and parameters: {'gradient_clip_val': 0.3521384992905906, 'hidden_size': 14, 'dropout': 0.3471795390961341, 'hidden_continuous_size': 7, 'attention_head_size': 4, 'learning_rate': 0.05546024151575692}. Best is trial 0 with value: 0.05828893557190895.
[I 2023-12-27 11:16:06,606] Trial 44 finished with value: 4.539206027984619 and parameters: {'gradient_clip_val': 0.49401039730764573, 'hidden_size': 11, 'dropout': 0.37569884292601924, 'hidden_continuous_size': 6, 'attention_head_size': 3, 'learning_rate': 0.0460273803463866}. Best is trial 0 with value: 0.05828893557190895.
[I 2023-12-27 11:16:06,997] Trial 45 finished with value: 2.806717872619629 and parameters: {'gradient_clip_val': 0.4190395526869242, 'hidden_size': 23, 'dropout': 0.29402284126076844, 'hidden_continuous_size': 10, 'attention_head_size': 3, 'learning_rate': 0.07640528584348465}. Best is trial 0 with value: 0.05828893557190895.
[I 2023-12-27 11:16:07,390] Trial 46 finished with value: 4.175784111022949 and parameters: {'gradient_clip_val': 0.3905672187932444, 'hidden_size': 26, 'dropout': 0.29291053576744575, 'hidden_continuous_size': 10, 'attention_head_size': 3, 'learning_rate': 0.06715859660266651}. Best is trial 0 with value: 0.05828893557190895.
[I 2023-12-27 11:16:07,724] Trial 47 finished with value: 4.622884273529053 and parameters: {'gradient_clip_val': 0.44125326499828244, 'hidden_size': 5, 'dropout': 0.2594093225450945, 'hidden_continuous_size': 5, 'attention_head_size': 3, 'learning_rate': 0.08017293508432141}. Best is trial 0 with value: 0.05828893557190895.
[I 2023-12-27 11:16:08,139] Trial 48 finished with value: 4.284287929534912 and parameters: {'gradient_clip_val': 0.34397517409656303, 'hidden_size': 41, 'dropout': 0.22190894133512473, 'hidden_continuous_size': 16, 'attention_head_size': 3, 'learning_rate': 0.07903667319399314}. Best is trial 0 with value: 0.05828893557190895.
[I 2023-12-27 11:16:08,664] Trial 49 finished with value: 5.2618727684021 and parameters: {'gradient_clip_val': 0.39911325685300497, 'hidden_size': 122, 'dropout': 0.3117705654068155, 'hidden_continuous_size': 9, 'attention_head_size': 4, 'learning_rate': 0.03885544849616547}. Best is trial 0 with value: 0.05828893557190895.
[I 2023-12-27 11:16:08,773] A new study created in memory with name: no-name-cce706cf-d778-4fbc-a8bf-52a39be2d67f
/home/le004/conda/anaconda3/envs/tsff_env/lib/python3.9/site-packages/lightning/fabric/plugins/environments/slurm.py:191: The `srun` command is available on your system but is not used. HINT: If your intention is to run Lightning on SLURM, prepend your python command with `srun` like so: srun python /home/le004/master_thesis/git/TSFusionForecast/code/ ...
[I 2023-12-27 11:16:34,671] Trial 0 finished with value: 0.17275498807430267 and parameters: {'gradient_clip_val': 0.9990200662712259, 'hidden_size': 18, 'dropout': 0.2576296245056281, 'hidden_continuous_size': 16, 'attention_head_size': 2, 'learning_rate': 0.03987017908450715}. Best is trial 0 with value: 0.17275498807430267.
[I 2023-12-27 11:16:35,084] Trial 1 finished with value: 4.158344745635986 and parameters: {'gradient_clip_val': 0.890079729373589, 'hidden_size': 31, 'dropout': 0.21053810056681224, 'hidden_continuous_size': 15, 'attention_head_size': 1, 'learning_rate': 0.06615966164725438}. Best is trial 0 with value: 0.17275498807430267.
[I 2023-12-27 11:16:35,445] Trial 2 finished with value: 2.8338406085968018 and parameters: {'gradient_clip_val': 0.3854927420365462, 'hidden_size': 11, 'dropout': 0.4499153660717399, 'hidden_continuous_size': 7, 'attention_head_size': 1, 'learning_rate': 0.03901013797288312}. Best is trial 0 with value: 0.17275498807430267.
[I 2023-12-27 11:16:35,944] Trial 3 finished with value: 3.137054443359375 and parameters: {'gradient_clip_val': 0.4299283904029341, 'hidden_size': 99, 'dropout': 0.16636909088503038, 'hidden_continuous_size': 6, 'attention_head_size': 3, 'learning_rate': 0.001362023151485387}. Best is trial 0 with value: 0.17275498807430267.
[I 2023-12-27 11:16:36,311] Trial 4 finished with value: 4.1036200523376465 and parameters: {'gradient_clip_val': 0.2294876890516876, 'hidden_size': 11, 'dropout': 0.39582943790120373, 'hidden_continuous_size': 7, 'attention_head_size': 4, 'learning_rate': 0.011511617876038474}. Best is trial 0 with value: 0.17275498807430267.
[I 2023-12-27 11:16:36,686] Trial 5 finished with value: 2.826981544494629 and parameters: {'gradient_clip_val': 0.10196820193567685, 'hidden_size': 20, 'dropout': 0.18054781860678695, 'hidden_continuous_size': 6, 'attention_head_size': 3, 'learning_rate': 0.0012323858851854609}. Best is trial 0 with value: 0.17275498807430267.
[I 2023-12-27 11:16:37,082] Trial 6 finished with value: 3.1590240001678467 and parameters: {'gradient_clip_val': 0.18257893771685124, 'hidden_size': 29, 'dropout': 0.39689971853086936, 'hidden_continuous_size': 9, 'attention_head_size': 3, 'learning_rate': 0.011758599834871377}. Best is trial 0 with value: 0.17275498807430267.
[I 2023-12-27 11:16:37,523] Trial 7 finished with value: 3.326197385787964 and parameters: {'gradient_clip_val': 0.1448202996813228, 'hidden_size': 51, 'dropout': 0.12565761373332293, 'hidden_continuous_size': 46, 'attention_head_size': 4, 'learning_rate': 0.006469430355077791}. Best is trial 0 with value: 0.17275498807430267.
[I 2023-12-27 11:16:37,896] Trial 8 finished with value: 2.350992441177368 and parameters: {'gradient_clip_val': 0.47059647660474674, 'hidden_size': 12, 'dropout': 0.4620385115687774, 'hidden_continuous_size': 11, 'attention_head_size': 4, 'learning_rate': 0.000835496439083708}. Best is trial 0 with value: 0.17275498807430267.
[I 2023-12-27 11:16:38,270] Trial 9 finished with value: 3.0948374271392822 and parameters: {'gradient_clip_val': 0.38096324430466527, 'hidden_size': 14, 'dropout': 0.2838141800677616, 'hidden_continuous_size': 10, 'attention_head_size': 3, 'learning_rate': 0.006891858038426325}. Best is trial 0 with value: 0.17275498807430267.
[I 2023-12-27 11:16:38,631] Trial 10 finished with value: 3.0683505535125732 and parameters: {'gradient_clip_val': 0.9931470712219325, 'hidden_size': 5, 'dropout': 0.2729560080218009, 'hidden_continuous_size': 5, 'attention_head_size': 2, 'learning_rate': 0.08250707416525263}. Best is trial 0 with value: 0.17275498807430267.
[I 2023-12-27 11:16:39,313] Trial 11 finished with value: 3.2583401203155518 and parameters: {'gradient_clip_val': 0.6317013607809948, 'hidden_size': 7, 'dropout': 0.4948718863550884, 'hidden_continuous_size': 5, 'attention_head_size': 2, 'learning_rate': 0.0005553771465741697}. Best is trial 0 with value: 0.17275498807430267.
[I 2023-12-27 11:16:39,717] Trial 12 finished with value: 3.738394021987915 and parameters: {'gradient_clip_val': 0.6091586317003332, 'hidden_size': 16, 'dropout': 0.34242423478902845, 'hidden_continuous_size': 12, 'attention_head_size': 2, 'learning_rate': 0.02814036932399584}. Best is trial 0 with value: 0.17275498807430267.
[I 2023-12-27 11:16:40,113] Trial 13 finished with value: 4.024178981781006 and parameters: {'gradient_clip_val': 0.6263891631773904, 'hidden_size': 8, 'dropout': 0.23927886523166345, 'hidden_continuous_size': 5, 'attention_head_size': 4, 'learning_rate': 0.003135630202414777}. Best is trial 0 with value: 0.17275498807430267.
[I 2023-12-27 11:16:40,529] Trial 14 finished with value: 3.897393226623535 and parameters: {'gradient_clip_val': 0.24408889330933362, 'hidden_size': 21, 'dropout': 0.3341627731716181, 'hidden_continuous_size': 15, 'attention_head_size': 2, 'learning_rate': 0.02508939656581849}. Best is trial 0 with value: 0.17275498807430267.
[I 2023-12-27 11:16:40,947] Trial 15 finished with value: 3.171429395675659 and parameters: {'gradient_clip_val': 0.7711560008582744, 'hidden_size': 40, 'dropout': 0.32092201365761275, 'hidden_continuous_size': 19, 'attention_head_size': 1, 'learning_rate': 0.0005104307958632786}. Best is trial 0 with value: 0.17275498807430267.
[I 2023-12-27 11:16:41,354] Trial 16 finished with value: 3.5550906658172607 and parameters: {'gradient_clip_val': 0.4911172027955239, 'hidden_size': 15, 'dropout': 0.24426689080574826, 'hidden_continuous_size': 10, 'attention_head_size': 4, 'learning_rate': 0.00434027876272278}. Best is trial 0 with value: 0.17275498807430267.
[I 2023-12-27 11:16:41,723] Trial 17 finished with value: 3.2668707370758057 and parameters: {'gradient_clip_val': 0.8359230451858892, 'hidden_size': 5, 'dropout': 0.37889805553548417, 'hidden_continuous_size': 5, 'attention_head_size': 3, 'learning_rate': 0.014946249448754199}. Best is trial 0 with value: 0.17275498807430267.
[I 2023-12-27 11:16:42,153] Trial 18 finished with value: 2.721813917160034 and parameters: {'gradient_clip_val': 0.3036392393116342, 'hidden_size': 23, 'dropout': 0.44754675356004203, 'hidden_continuous_size': 12, 'attention_head_size': 2, 'learning_rate': 0.09549469453597119}. Best is trial 0 with value: 0.17275498807430267.
[I 2023-12-27 11:16:42,544] Trial 19 finished with value: 4.45564079284668 and parameters: {'gradient_clip_val': 0.5291803097436824, 'hidden_size': 9, 'dropout': 0.2990611872249962, 'hidden_continuous_size': 7, 'attention_head_size': 1, 'learning_rate': 0.00272002765521791}. Best is trial 0 with value: 0.17275498807430267.
[I 2023-12-27 11:16:42,959] Trial 20 finished with value: 3.0666663646698 and parameters: {'gradient_clip_val': 0.7688964427962223, 'hidden_size': 15, 'dropout': 0.3587682251642148, 'hidden_continuous_size': 8, 'attention_head_size': 4, 'learning_rate': 0.050255743657158555}. Best is trial 0 with value: 0.17275498807430267.
[I 2023-12-27 11:16:43,392] Trial 21 finished with value: 4.0848164558410645 and parameters: {'gradient_clip_val': 0.3263831733402112, 'hidden_size': 26, 'dropout': 0.43057908146559876, 'hidden_continuous_size': 12, 'attention_head_size': 2, 'learning_rate': 0.09999409648696905}. Best is trial 0 with value: 0.17275498807430267.
[I 2023-12-27 11:16:43,820] Trial 22 finished with value: 3.836960554122925 and parameters: {'gradient_clip_val': 0.3044007675342743, 'hidden_size': 20, 'dropout': 0.49149014615547404, 'hidden_continuous_size': 12, 'attention_head_size': 2, 'learning_rate': 0.06341240347374624}. Best is trial 0 with value: 0.17275498807430267.
[I 2023-12-27 11:16:44,233] Trial 23 finished with value: 4.293771743774414 and parameters: {'gradient_clip_val': 0.4856691146154305, 'hidden_size': 12, 'dropout': 0.4453023375716419, 'hidden_continuous_size': 10, 'attention_head_size': 2, 'learning_rate': 0.04209405325399808}. Best is trial 0 with value: 0.17275498807430267.
[I 2023-12-27 11:16:44,911] Trial 24 finished with value: 4.313170909881592 and parameters: {'gradient_clip_val': 0.9696897660274, 'hidden_size': 19, 'dropout': 0.4220075435677834, 'hidden_continuous_size': 14, 'attention_head_size': 3, 'learning_rate': 0.09673262421105845}. Best is trial 0 with value: 0.17275498807430267.
[I 2023-12-27 11:16:45,359] Trial 25 finished with value: 4.5746941566467285 and parameters: {'gradient_clip_val': 0.6961704965638627, 'hidden_size': 42, 'dropout': 0.45808556440045123, 'hidden_continuous_size': 18, 'attention_head_size': 2, 'learning_rate': 0.022358151432832967}. Best is trial 0 with value: 0.17275498807430267.
[I 2023-12-27 11:16:45,759] Trial 26 finished with value: 3.352142333984375 and parameters: {'gradient_clip_val': 0.503131185213143, 'hidden_size': 10, 'dropout': 0.36781832042264045, 'hidden_continuous_size': 8, 'attention_head_size': 1, 'learning_rate': 0.058205419668634975}. Best is trial 0 with value: 0.17275498807430267.
[I 2023-12-27 11:16:46,168] Trial 27 finished with value: 3.336364507675171 and parameters: {'gradient_clip_val': 0.317775465330142, 'hidden_size': 24, 'dropout': 0.32272266600465815, 'hidden_continuous_size': 11, 'attention_head_size': 3, 'learning_rate': 0.03656096071404747}. Best is trial 0 with value: 0.17275498807430267.
[I 2023-12-27 11:16:46,559] Trial 28 finished with value: 3.666191339492798 and parameters: {'gradient_clip_val': 0.7052740424905485, 'hidden_size': 7, 'dropout': 0.41067096985197094, 'hidden_continuous_size': 6, 'attention_head_size': 2, 'learning_rate': 0.019669471588675998}. Best is trial 0 with value: 0.17275498807430267.
[I 2023-12-27 11:16:46,983] Trial 29 finished with value: 4.338698863983154 and parameters: {'gradient_clip_val': 0.8581361402896779, 'hidden_size': 29, 'dropout': 0.4745242909493047, 'hidden_continuous_size': 14, 'attention_head_size': 1, 'learning_rate': 0.06787718437091217}. Best is trial 0 with value: 0.17275498807430267.
[I 2023-12-27 11:16:47,382] Trial 30 finished with value: 2.6179988384246826 and parameters: {'gradient_clip_val': 0.5663549281041653, 'hidden_size': 13, 'dropout': 0.4620125598976158, 'hidden_continuous_size': 9, 'attention_head_size': 2, 'learning_rate': 0.03359588250042013}. Best is trial 0 with value: 0.17275498807430267.
