[I 2023-12-26 13:34:18,240] Trial 28 finished with value: 1566.9835205078125 and parameters: {'gradient_clip_val': 0.3289898292673765, 'hidden_size': 12, 'dropout': 0.47822661735269023, 'hidden_continuous_size': 7, 'attention_head_size': 3, 'learning_rate': 0.001001565250582666}. Best is trial 0 with value: 271.7082214355469.
[I 2023-12-26 13:34:20,438] Trial 29 finished with value: 1226.41552734375 and parameters: {'gradient_clip_val': 0.7809537665054863, 'hidden_size': 7, 'dropout': 0.37352867628356873, 'hidden_continuous_size': 6, 'attention_head_size': 4, 'learning_rate': 0.00213910279004522}. Best is trial 0 with value: 271.7082214355469.
[I 2023-12-26 13:34:22,609] Trial 30 finished with value: 1093.4725341796875 and parameters: {'gradient_clip_val': 0.5760593328197023, 'hidden_size': 6, 'dropout': 0.45336712537387647, 'hidden_continuous_size': 5, 'attention_head_size': 4, 'learning_rate': 0.0010002050593152037}. Best is trial 0 with value: 271.7082214355469.
[I 2023-12-26 13:34:25,013] Trial 31 finished with value: 981.912109375 and parameters: {'gradient_clip_val': 0.10638046276288213, 'hidden_size': 13, 'dropout': 0.3971581582465868, 'hidden_continuous_size': 7, 'attention_head_size': 4, 'learning_rate': 0.009791392548051028}. Best is trial 0 with value: 271.7082214355469.
[I 2023-12-26 13:34:27,364] Trial 32 finished with value: 1311.2579345703125 and parameters: {'gradient_clip_val': 0.13723676677786073, 'hidden_size': 11, 'dropout': 0.3993364309988675, 'hidden_continuous_size': 6, 'attention_head_size': 4, 'learning_rate': 0.0034643948559940183}. Best is trial 0 with value: 271.7082214355469.
[I 2023-12-26 13:34:29,353] Trial 33 finished with value: 1287.0677490234375 and parameters: {'gradient_clip_val': 0.10508176885183922, 'hidden_size': 5, 'dropout': 0.3750350816775593, 'hidden_continuous_size': 5, 'attention_head_size': 4, 'learning_rate': 0.0047946898705891125}. Best is trial 0 with value: 271.7082214355469.
[I 2023-12-26 13:34:31,635] Trial 34 finished with value: 1138.1885986328125 and parameters: {'gradient_clip_val': 0.15843387723101093, 'hidden_size': 9, 'dropout': 0.4315199032535761, 'hidden_continuous_size': 7, 'attention_head_size': 4, 'learning_rate': 0.00823996664290241}. Best is trial 0 with value: 271.7082214355469.
[I 2023-12-26 13:34:33,838] Trial 35 finished with value: 907.50390625 and parameters: {'gradient_clip_val': 0.2380424224533964, 'hidden_size': 16, 'dropout': 0.4610694308058481, 'hidden_continuous_size': 9, 'attention_head_size': 1, 'learning_rate': 0.022910209968545453}. Best is trial 0 with value: 271.7082214355469.
[I 2023-12-26 13:34:36,203] Trial 36 finished with value: 1466.1412353515625 and parameters: {'gradient_clip_val': 0.25337512551817903, 'hidden_size': 18, 'dropout': 0.47467464382498425, 'hidden_continuous_size': 10, 'attention_head_size': 1, 'learning_rate': 0.026192285746314544}. Best is trial 0 with value: 271.7082214355469.
[I 2023-12-26 13:34:38,993] Trial 37 finished with value: 1379.3875732421875 and parameters: {'gradient_clip_val': 0.2182350707517076, 'hidden_size': 26, 'dropout': 0.4242132241487294, 'hidden_continuous_size': 8, 'attention_head_size': 1, 'learning_rate': 0.05397870934282677}. Best is trial 0 with value: 271.7082214355469.
[I 2023-12-26 13:34:41,234] Trial 38 finished with value: 1181.58056640625 and parameters: {'gradient_clip_val': 0.3095308012209281, 'hidden_size': 16, 'dropout': 0.44664132577611987, 'hidden_continuous_size': 9, 'attention_head_size': 2, 'learning_rate': 0.020204099288126567}. Best is trial 0 with value: 271.7082214355469.
[I 2023-12-26 13:34:43,869] Trial 39 finished with value: 924.4285278320312 and parameters: {'gradient_clip_val': 0.2319453932391111, 'hidden_size': 13, 'dropout': 0.41629081829409015, 'hidden_continuous_size': 9, 'attention_head_size': 2, 'learning_rate': 0.0313179169618793}. Best is trial 0 with value: 271.7082214355469.
[I 2023-12-26 13:34:46,174] Trial 40 finished with value: 1195.2991943359375 and parameters: {'gradient_clip_val': 0.24361414437788917, 'hidden_size': 13, 'dropout': 0.46908329696340706, 'hidden_continuous_size': 9, 'attention_head_size': 1, 'learning_rate': 0.031396244129372836}. Best is trial 0 with value: 271.7082214355469.
[I 2023-12-26 13:34:48,749] Trial 41 finished with value: 1078.5986328125 and parameters: {'gradient_clip_val': 0.19121170924432587, 'hidden_size': 21, 'dropout': 0.4859061906926473, 'hidden_continuous_size': 11, 'attention_head_size': 2, 'learning_rate': 0.04646238007432648}. Best is trial 0 with value: 271.7082214355469.
[I 2023-12-26 13:34:50,999] Trial 42 finished with value: 1333.3609619140625 and parameters: {'gradient_clip_val': 0.42307771959728624, 'hidden_size': 16, 'dropout': 0.4096020579073329, 'hidden_continuous_size': 10, 'attention_head_size': 2, 'learning_rate': 0.09209109724549083}. Best is trial 0 with value: 271.7082214355469.
[I 2023-12-26 13:34:53,232] Trial 43 finished with value: 1434.4410400390625 and parameters: {'gradient_clip_val': 0.2969430989940413, 'hidden_size': 10, 'dropout': 0.467160819076128, 'hidden_continuous_size': 8, 'attention_head_size': 1, 'learning_rate': 0.016082887017351527}. Best is trial 0 with value: 271.7082214355469.
[I 2023-12-26 13:34:55,591] Trial 44 finished with value: 1598.2479248046875 and parameters: {'gradient_clip_val': 0.2385718076340437, 'hidden_size': 13, 'dropout': 0.4428522532167688, 'hidden_continuous_size': 9, 'attention_head_size': 2, 'learning_rate': 0.030114234871080618}. Best is trial 0 with value: 271.7082214355469.
[I 2023-12-26 13:34:57,965] Trial 45 finished with value: 1092.7242431640625 and parameters: {'gradient_clip_val': 0.2759194672592007, 'hidden_size': 17, 'dropout': 0.498153335736238, 'hidden_continuous_size': 10, 'attention_head_size': 1, 'learning_rate': 0.023122275871187977}. Best is trial 0 with value: 271.7082214355469.
[I 2023-12-26 13:35:00,366] Trial 46 finished with value: 1348.29345703125 and parameters: {'gradient_clip_val': 0.4937768920300438, 'hidden_size': 14, 'dropout': 0.41465455170035337, 'hidden_continuous_size': 7, 'attention_head_size': 2, 'learning_rate': 0.01845948845709063}. Best is trial 0 with value: 271.7082214355469.
[I 2023-12-26 13:35:02,547] Trial 47 finished with value: 1208.568359375 and parameters: {'gradient_clip_val': 0.34903834689428676, 'hidden_size': 8, 'dropout': 0.44265610281285406, 'hidden_continuous_size': 6, 'attention_head_size': 3, 'learning_rate': 0.000659265670617936}. Best is trial 0 with value: 271.7082214355469.
[I 2023-12-26 13:35:05,060] Trial 48 finished with value: 1936.7845458984375 and parameters: {'gradient_clip_val': 0.8507348887298288, 'hidden_size': 20, 'dropout': 0.4678043077127012, 'hidden_continuous_size': 11, 'attention_head_size': 3, 'learning_rate': 0.07165501476955469}. Best is trial 0 with value: 271.7082214355469.
[I 2023-12-26 13:35:07,750] Trial 49 finished with value: 1336.0819091796875 and parameters: {'gradient_clip_val': 0.983702676026068, 'hidden_size': 24, 'dropout': 0.42794940815202337, 'hidden_continuous_size': 19, 'attention_head_size': 2, 'learning_rate': 0.01639536379813332}. Best is trial 0 with value: 271.7082214355469.
[I 2023-12-26 13:35:07,909] A new study created in memory with name: no-name-b72357bd-4f6b-41a0-bf33-947ffc44e59c
/home/le004/conda/anaconda3/envs/tsff_env/lib/python3.9/site-packages/lightning/fabric/plugins/environments/slurm.py:191: The `srun` command is available on your system but is not used. HINT: If your intention is to run Lightning on SLURM, prepend your python command with `srun` like so: srun python /home/le004/master_thesis/git/TSFusionForecast/code/ ...
[I 2023-12-26 13:39:06,592] Trial 0 finished with value: 1003.89208984375 and parameters: {'gradient_clip_val': 0.9657422934482852, 'hidden_size': 53, 'dropout': 0.3194823770873477, 'hidden_continuous_size': 10, 'attention_head_size': 1, 'learning_rate': 0.08543928936292805}. Best is trial 0 with value: 1003.89208984375.
[I 2023-12-26 13:39:11,343] Trial 1 finished with value: 3534.965087890625 and parameters: {'gradient_clip_val': 0.11281110906806387, 'hidden_size': 64, 'dropout': 0.3564844098050042, 'hidden_continuous_size': 7, 'attention_head_size': 3, 'learning_rate': 0.0017857893395142612}. Best is trial 0 with value: 1003.89208984375.
[I 2023-12-26 13:39:16,373] Trial 2 finished with value: 2209.3134765625 and parameters: {'gradient_clip_val': 0.18668681856199787, 'hidden_size': 60, 'dropout': 0.3222559645745908, 'hidden_continuous_size': 16, 'attention_head_size': 1, 'learning_rate': 0.012658103899323321}. Best is trial 0 with value: 1003.89208984375.
[I 2023-12-26 13:39:19,435] Trial 3 finished with value: 2958.447265625 and parameters: {'gradient_clip_val': 0.35817611276929834, 'hidden_size': 43, 'dropout': 0.1532786258186663, 'hidden_continuous_size': 6, 'attention_head_size': 3, 'learning_rate': 0.0013897886556780764}. Best is trial 0 with value: 1003.89208984375.
[I 2023-12-26 13:39:29,152] Trial 4 finished with value: 2430.840087890625 and parameters: {'gradient_clip_val': 0.9873130855929317, 'hidden_size': 138, 'dropout': 0.29355940713421413, 'hidden_continuous_size': 13, 'attention_head_size': 2, 'learning_rate': 0.0012198824640899232}. Best is trial 0 with value: 1003.89208984375.
[I 2023-12-26 13:39:39,248] Trial 5 finished with value: 2326.945068359375 and parameters: {'gradient_clip_val': 0.622365016695279, 'hidden_size': 136, 'dropout': 0.3539616294730966, 'hidden_continuous_size': 40, 'attention_head_size': 2, 'learning_rate': 0.029276111087540864}. Best is trial 0 with value: 1003.89208984375.
[I 2023-12-26 13:39:40,970] Trial 6 finished with value: 2799.474609375 and parameters: {'gradient_clip_val': 0.11283560364729574, 'hidden_size': 6, 'dropout': 0.4324256739658481, 'hidden_continuous_size': 6, 'attention_head_size': 1, 'learning_rate': 0.003588610700598482}. Best is trial 0 with value: 1003.89208984375.
[I 2023-12-26 13:39:43,031] Trial 7 finished with value: 3175.2392578125 and parameters: {'gradient_clip_val': 0.17669932362672558, 'hidden_size': 7, 'dropout': 0.36426097190813145, 'hidden_continuous_size': 6, 'attention_head_size': 4, 'learning_rate': 0.0013206537559659363}. Best is trial 0 with value: 1003.89208984375.
[I 2023-12-26 13:39:44,938] Trial 8 finished with value: 3073.130126953125 and parameters: {'gradient_clip_val': 0.36461966260764556, 'hidden_size': 9, 'dropout': 0.36188409096340257, 'hidden_continuous_size': 8, 'attention_head_size': 3, 'learning_rate': 0.025318702712926584}. Best is trial 0 with value: 1003.89208984375.
[I 2023-12-26 13:39:47,426] Trial 9 finished with value: 2573.649658203125 and parameters: {'gradient_clip_val': 0.9764806739742881, 'hidden_size': 36, 'dropout': 0.36186692243441687, 'hidden_continuous_size': 6, 'attention_head_size': 2, 'learning_rate': 0.007766692054528958}. Best is trial 0 with value: 1003.89208984375.
[I 2023-12-26 13:39:49,863] Trial 10 finished with value: 3525.387451171875 and parameters: {'gradient_clip_val': 0.54336836493074, 'hidden_size': 17, 'dropout': 0.489262715925982, 'hidden_continuous_size': 5, 'attention_head_size': 1, 'learning_rate': 0.09200600476171583}. Best is trial 0 with value: 1003.89208984375.
[I 2023-12-26 13:39:55,711] Trial 11 finished with value: 2685.549560546875 and parameters: {'gradient_clip_val': 0.20888322871944348, 'hidden_size': 68, 'dropout': 0.2554599678623053, 'hidden_continuous_size': 17, 'attention_head_size': 1, 'learning_rate': 0.0902874002902833}. Best is trial 0 with value: 1003.89208984375.
[I 2023-12-26 13:39:58,434] Trial 12 finished with value: 2997.490966796875 and parameters: {'gradient_clip_val': 0.2855293524842892, 'hidden_size': 23, 'dropout': 0.2370082357325024, 'hidden_continuous_size': 11, 'attention_head_size': 1, 'learning_rate': 0.0111302344393422}. Best is trial 0 with value: 1003.89208984375.
[I 2023-12-26 13:40:04,843] Trial 13 finished with value: 3292.156494140625 and parameters: {'gradient_clip_val': 0.1833389738468432, 'hidden_size': 76, 'dropout': 0.19587055155268362, 'hidden_continuous_size': 21, 'attention_head_size': 1, 'learning_rate': 0.022965937907218716}. Best is trial 0 with value: 1003.89208984375.
[I 2023-12-26 13:40:08,616] Trial 14 finished with value: 2467.767822265625 and parameters: {'gradient_clip_val': 0.5937417635465321, 'hidden_size': 38, 'dropout': 0.10242220701699861, 'hidden_continuous_size': 11, 'attention_head_size': 2, 'learning_rate': 0.0035961189106528406}. Best is trial 0 with value: 1003.89208984375.
[I 2023-12-26 13:40:11,203] Trial 15 finished with value: 2427.916259765625 and parameters: {'gradient_clip_val': 0.28743317337501084, 'hidden_size': 19, 'dropout': 0.30902765839953417, 'hidden_continuous_size': 9, 'attention_head_size': 4, 'learning_rate': 0.04568631991802636}. Best is trial 0 with value: 1003.89208984375.
[I 2023-12-26 13:40:18,275] Trial 16 finished with value: 3394.266357421875 and parameters: {'gradient_clip_val': 0.7682215473136109, 'hidden_size': 91, 'dropout': 0.27950999407688115, 'hidden_continuous_size': 24, 'attention_head_size': 1, 'learning_rate': 0.0005694416889867661}. Best is trial 0 with value: 1003.89208984375.
[I 2023-12-26 13:40:22,299] Trial 17 finished with value: 2857.274169921875 and parameters: {'gradient_clip_val': 0.4312262347370159, 'hidden_size': 48, 'dropout': 0.23332756130152077, 'hidden_continuous_size': 16, 'attention_head_size': 2, 'learning_rate': 0.014370677712544234}. Best is trial 0 with value: 1003.89208984375.
[I 2023-12-26 13:40:30,768] Trial 18 finished with value: 1943.4578857421875 and parameters: {'gradient_clip_val': 0.4341698328070792, 'hidden_size': 100, 'dropout': 0.314589167783159, 'hidden_continuous_size': 98, 'attention_head_size': 1, 'learning_rate': 0.05145171325701969}. Best is trial 0 with value: 1003.89208984375.
[I 2023-12-26 13:40:40,341] Trial 19 finished with value: 2743.11328125 and parameters: {'gradient_clip_val': 0.7510539500926598, 'hidden_size': 97, 'dropout': 0.41019500358700495, 'hidden_continuous_size': 94, 'attention_head_size': 2, 'learning_rate': 0.04974688727111955}. Best is trial 0 with value: 1003.89208984375.
[I 2023-12-26 13:40:49,632] Trial 20 finished with value: 2739.219482421875 and parameters: {'gradient_clip_val': 0.4781024439476917, 'hidden_size': 108, 'dropout': 0.2803648812688323, 'hidden_continuous_size': 97, 'attention_head_size': 1, 'learning_rate': 0.053917772209204184}. Best is trial 0 with value: 1003.89208984375.
[I 2023-12-26 13:40:53,869] Trial 21 finished with value: 2460.54150390625 and parameters: {'gradient_clip_val': 0.4694531818542323, 'hidden_size': 55, 'dropout': 0.31808689064723555, 'hidden_continuous_size': 9, 'attention_head_size': 1, 'learning_rate': 0.016302448025423695}. Best is trial 0 with value: 1003.89208984375.
[I 2023-12-26 13:41:00,044] Trial 22 finished with value: 2352.671630859375 and parameters: {'gradient_clip_val': 0.247211507469439, 'hidden_size': 74, 'dropout': 0.3337192312395946, 'hidden_continuous_size': 26, 'attention_head_size': 1, 'learning_rate': 0.03351065326319281}. Best is trial 0 with value: 1003.89208984375.
[I 2023-12-26 13:41:02,982] Trial 23 finished with value: 3024.318603515625 and parameters: {'gradient_clip_val': 0.40465001424009306, 'hidden_size': 32, 'dropout': 0.3201213932244046, 'hidden_continuous_size': 10, 'attention_head_size': 1, 'learning_rate': 0.09878573266375555}. Best is trial 0 with value: 1003.89208984375.
[I 2023-12-26 13:41:07,765] Trial 24 finished with value: 2391.627685546875 and parameters: {'gradient_clip_val': 0.31903494568884905, 'hidden_size': 51, 'dropout': 0.274531419085362, 'hidden_continuous_size': 14, 'attention_head_size': 2, 'learning_rate': 0.06472877177382166}. Best is trial 0 with value: 1003.89208984375.
[I 2023-12-26 13:41:12,283] Trial 25 finished with value: 3126.915283203125 and parameters: {'gradient_clip_val': 0.7263697600469478, 'hidden_size': 58, 'dropout': 0.39524250573032477, 'hidden_continuous_size': 12, 'attention_head_size': 1, 'learning_rate': 0.035551524019493644}. Best is trial 0 with value: 1003.89208984375.
[I 2023-12-26 13:41:19,150] Trial 26 finished with value: 3363.890380859375 and parameters: {'gradient_clip_val': 0.504841736848602, 'hidden_size': 88, 'dropout': 0.31800715520628553, 'hidden_continuous_size': 32, 'attention_head_size': 2, 'learning_rate': 0.020141957756770225}. Best is trial 0 with value: 1003.89208984375.
[I 2023-12-26 13:41:28,091] Trial 27 finished with value: 2477.982666015625 and parameters: {'gradient_clip_val': 0.6102153077700345, 'hidden_size': 103, 'dropout': 0.2957573096841172, 'hidden_continuous_size': 46, 'attention_head_size': 1, 'learning_rate': 0.038455041354977265}. Best is trial 0 with value: 1003.89208984375.
[I 2023-12-26 13:41:33,666] Trial 28 finished with value: 3246.277587890625 and parameters: {'gradient_clip_val': 0.42603362967321246, 'hidden_size': 63, 'dropout': 0.25659456117538837, 'hidden_continuous_size': 17, 'attention_head_size': 3, 'learning_rate': 0.06400132214982766}. Best is trial 0 with value: 1003.89208984375.
[I 2023-12-26 13:41:39,181] Trial 29 finished with value: 2677.2705078125 and parameters: {'gradient_clip_val': 0.14498686521921478, 'hidden_size': 69, 'dropout': 0.3347670259695581, 'hidden_continuous_size': 15, 'attention_head_size': 1, 'learning_rate': 0.06362478651758934}. Best is trial 0 with value: 1003.89208984375.
[I 2023-12-26 13:41:43,089] Trial 30 finished with value: 2317.11376953125 and parameters: {'gradient_clip_val': 0.2467384137931457, 'hidden_size': 46, 'dropout': 0.3947758844595152, 'hidden_continuous_size': 8, 'attention_head_size': 2, 'learning_rate': 0.02778864045396939}. Best is trial 0 with value: 1003.89208984375.
[I 2023-12-26 13:41:47,208] Trial 31 finished with value: 2781.4951171875 and parameters: {'gradient_clip_val': 0.24984524933839689, 'hidden_size': 46, 'dropout': 0.3905833907397163, 'hidden_continuous_size': 8, 'attention_head_size': 2, 'learning_rate': 0.028561705204516764}. Best is trial 0 with value: 1003.89208984375.
[I 2023-12-26 13:41:50,414] Trial 32 finished with value: 3854.593994140625 and parameters: {'gradient_clip_val': 0.350188796980085, 'hidden_size': 31, 'dropout': 0.3425334189507252, 'hidden_continuous_size': 5, 'attention_head_size': 3, 'learning_rate': 0.017846790102704766}. Best is trial 0 with value: 1003.89208984375.
[I 2023-12-26 13:41:54,319] Trial 33 finished with value: 2420.830810546875 and parameters: {'gradient_clip_val': 0.36336494747106207, 'hidden_size': 42, 'dropout': 0.3013054872253416, 'hidden_continuous_size': 7, 'attention_head_size': 1, 'learning_rate': 0.038572021978003676}. Best is trial 0 with value: 1003.89208984375.
[I 2023-12-26 13:42:07,673] Trial 34 finished with value: 2922.9990234375 and parameters: {'gradient_clip_val': 0.2528299644667982, 'hidden_size': 150, 'dropout': 0.385648838292174, 'hidden_continuous_size': 147, 'attention_head_size': 2, 'learning_rate': 0.024737487158393637}. Best is trial 0 with value: 1003.89208984375.
[I 2023-12-26 13:42:12,189] Trial 35 finished with value: 2838.389892578125 and parameters: {'gradient_clip_val': 0.2146156539241043, 'hidden_size': 56, 'dropout': 0.3411232378002203, 'hidden_continuous_size': 13, 'attention_head_size': 1, 'learning_rate': 0.01131702012835308}. Best is trial 0 with value: 1003.89208984375.
[I 2023-12-26 13:42:18,401] Trial 36 finished with value: 3478.955078125 and parameters: {'gradient_clip_val': 0.9013497379506581, 'hidden_size': 78, 'dropout': 0.43173248442917234, 'hidden_continuous_size': 13, 'attention_head_size': 2, 'learning_rate': 0.04634883551021752}. Best is trial 0 with value: 1003.89208984375.
[I 2023-12-26 13:42:28,372] Trial 37 finished with value: 1756.3468017578125 and parameters: {'gradient_clip_val': 0.6869060193914396, 'hidden_size': 120, 'dropout': 0.3656021575038165, 'hidden_continuous_size': 20, 'attention_head_size': 4, 'learning_rate': 0.030969187692474594}. Best is trial 0 with value: 1003.89208984375.
[I 2023-12-26 13:42:38,472] Trial 38 finished with value: 2531.045654296875 and parameters: {'gradient_clip_val': 0.8382021443633407, 'hidden_size': 133, 'dropout': 0.3701468571545439, 'hidden_continuous_size': 20, 'attention_head_size': 4, 'learning_rate': 0.075519622333085}. Best is trial 0 with value: 1003.89208984375.
[I 2023-12-26 13:42:48,701] Trial 39 finished with value: 2321.081298828125 and parameters: {'gradient_clip_val': 0.6448436222974658, 'hidden_size': 124, 'dropout': 0.35074492850984806, 'hidden_continuous_size': 27, 'attention_head_size': 4, 'learning_rate': 0.07373414623707837}. Best is trial 0 with value: 1003.89208984375.
[I 2023-12-26 13:42:57,891] Trial 40 finished with value: 3741.579833984375 and parameters: {'gradient_clip_val': 0.9526101935239472, 'hidden_size': 114, 'dropout': 0.36682324574317704, 'hidden_continuous_size': 18, 'attention_head_size': 3, 'learning_rate': 0.04382703457486816}. Best is trial 0 with value: 1003.89208984375.
[I 2023-12-26 13:43:05,239] Trial 41 finished with value: 3684.879150390625 and parameters: {'gradient_clip_val': 0.868178489150715, 'hidden_size': 90, 'dropout': 0.32830945902953024, 'hidden_continuous_size': 14, 'attention_head_size': 3, 'learning_rate': 0.031507680673743224}. Best is trial 0 with value: 1003.89208984375.
[I 2023-12-26 13:43:14,290] Trial 42 finished with value: 2908.791015625 and parameters: {'gradient_clip_val': 0.6915204845893851, 'hidden_size': 117, 'dropout': 0.35067673920711157, 'hidden_continuous_size': 11, 'attention_head_size': 4, 'learning_rate': 0.026237476609264117}. Best is trial 0 with value: 1003.89208984375.
[I 2023-12-26 13:43:20,882] Trial 43 finished with value: 2954.8984375 and parameters: {'gradient_clip_val': 0.8250679948323886, 'hidden_size': 81, 'dropout': 0.30480188504217326, 'hidden_continuous_size': 7, 'attention_head_size': 1, 'learning_rate': 0.02071045222476011}. Best is trial 0 with value: 1003.89208984375.
