[I 2023-12-16 06:16:07,749] Trial 24 finished with value: 0.09865083545446396 and parameters: {'gradient_clip_val': 0.8251361995158686, 'hidden_size': 27, 'dropout': 0.1345593180425488, 'hidden_continuous_size': 9, 'attention_head_size': 4, 'learning_rate': 0.00939398176515118}. Best is trial 2 with value: 0.07286860793828964.
LOCAL_RANK: 0 - CUDA_VISIBLE_DEVICES: [0]
[I 2023-12-16 06:16:56,848] Trial 25 finished with value: 1.1065455675125122 and parameters: {'gradient_clip_val': 0.6394592453745749, 'hidden_size': 26, 'dropout': 0.1349303032638272, 'hidden_continuous_size': 9, 'attention_head_size': 2, 'learning_rate': 0.006565990534550142}. Best is trial 2 with value: 0.07286860793828964.
LOCAL_RANK: 0 - CUDA_VISIBLE_DEVICES: [0]
[I 2023-12-16 06:17:45,953] Trial 26 finished with value: 0.601321816444397 and parameters: {'gradient_clip_val': 0.8683140713448912, 'hidden_size': 23, 'dropout': 0.1662776581227762, 'hidden_continuous_size': 8, 'attention_head_size': 3, 'learning_rate': 0.05671985038289345}. Best is trial 2 with value: 0.07286860793828964.
LOCAL_RANK: 0 - CUDA_VISIBLE_DEVICES: [0]
[I 2023-12-16 06:18:34,785] Trial 27 finished with value: 0.14035171270370483 and parameters: {'gradient_clip_val': 0.7242509780345389, 'hidden_size': 19, 'dropout': 0.12121059456934595, 'hidden_continuous_size': 9, 'attention_head_size': 4, 'learning_rate': 0.03397211800644543}. Best is trial 2 with value: 0.07286860793828964.
LOCAL_RANK: 0 - CUDA_VISIBLE_DEVICES: [0]
[I 2023-12-16 06:19:19,238] Trial 28 finished with value: 0.7021557688713074 and parameters: {'gradient_clip_val': 0.9920434579334138, 'hidden_size': 12, 'dropout': 0.15387050298278737, 'hidden_continuous_size': 7, 'attention_head_size': 2, 'learning_rate': 0.008969872213146718}. Best is trial 2 with value: 0.07286860793828964.
LOCAL_RANK: 0 - CUDA_VISIBLE_DEVICES: [0]
[I 2023-12-16 06:20:04,114] Trial 29 finished with value: 1.9018049240112305 and parameters: {'gradient_clip_val': 0.5307891206422982, 'hidden_size': 11, 'dropout': 0.14196642485174715, 'hidden_continuous_size': 6, 'attention_head_size': 1, 'learning_rate': 0.022613915022302984}. Best is trial 2 with value: 0.07286860793828964.
LOCAL_RANK: 0 - CUDA_VISIBLE_DEVICES: [0]
[I 2023-12-16 06:20:48,700] Trial 30 finished with value: 0.3673369884490967 and parameters: {'gradient_clip_val': 0.6781272881564316, 'hidden_size': 16, 'dropout': 0.11833662427337863, 'hidden_continuous_size': 8, 'attention_head_size': 1, 'learning_rate': 0.027966904171576035}. Best is trial 2 with value: 0.07286860793828964.
LOCAL_RANK: 0 - CUDA_VISIBLE_DEVICES: [0]
[I 2023-12-16 06:21:39,802] Trial 31 finished with value: 1.049019455909729 and parameters: {'gradient_clip_val': 0.8202256563657724, 'hidden_size': 40, 'dropout': 0.19265987746787483, 'hidden_continuous_size': 11, 'attention_head_size': 4, 'learning_rate': 0.016199332146912077}. Best is trial 2 with value: 0.07286860793828964.
LOCAL_RANK: 0 - CUDA_VISIBLE_DEVICES: [0]
[I 2023-12-16 06:22:29,858] Trial 32 finished with value: 0.2532082498073578 and parameters: {'gradient_clip_val': 0.841879945931847, 'hidden_size': 25, 'dropout': 0.15719114074024443, 'hidden_continuous_size': 13, 'attention_head_size': 4, 'learning_rate': 0.010755380159315748}. Best is trial 2 with value: 0.07286860793828964.
LOCAL_RANK: 0 - CUDA_VISIBLE_DEVICES: [0]
[I 2023-12-16 06:23:18,106] Trial 33 finished with value: 0.25848647952079773 and parameters: {'gradient_clip_val': 0.5741652091786118, 'hidden_size': 18, 'dropout': 0.19017854456219282, 'hidden_continuous_size': 9, 'attention_head_size': 4, 'learning_rate': 0.0062989187139620255}. Best is trial 2 with value: 0.07286860793828964.
LOCAL_RANK: 0 - CUDA_VISIBLE_DEVICES: [0]
[I 2023-12-16 06:24:07,801] Trial 34 finished with value: 0.1292572170495987 and parameters: {'gradient_clip_val': 0.7115120757315434, 'hidden_size': 22, 'dropout': 0.17206179500109506, 'hidden_continuous_size': 10, 'attention_head_size': 4, 'learning_rate': 0.017517437774847787}. Best is trial 2 with value: 0.07286860793828964.
LOCAL_RANK: 0 - CUDA_VISIBLE_DEVICES: [0]
[I 2023-12-16 06:25:01,961] Trial 35 finished with value: 0.888348400592804 and parameters: {'gradient_clip_val': 0.4951646086167393, 'hidden_size': 67, 'dropout': 0.21376836824967976, 'hidden_continuous_size': 23, 'attention_head_size': 3, 'learning_rate': 0.010118608044731326}. Best is trial 2 with value: 0.07286860793828964.
LOCAL_RANK: 0 - CUDA_VISIBLE_DEVICES: [0]
[I 2023-12-16 06:25:54,510] Trial 36 finished with value: 0.16889159381389618 and parameters: {'gradient_clip_val': 0.7716817710390428, 'hidden_size': 30, 'dropout': 0.24236532467092958, 'hidden_continuous_size': 26, 'attention_head_size': 4, 'learning_rate': 0.004555736683019711}. Best is trial 2 with value: 0.07286860793828964.
LOCAL_RANK: 0 - CUDA_VISIBLE_DEVICES: [0]
[I 2023-12-16 06:26:46,095] Trial 37 finished with value: 0.6238518357276917 and parameters: {'gradient_clip_val': 0.8718643100907904, 'hidden_size': 37, 'dropout': 0.20045680408282757, 'hidden_continuous_size': 14, 'attention_head_size': 3, 'learning_rate': 0.013011719398075779}. Best is trial 2 with value: 0.07286860793828964.
LOCAL_RANK: 0 - CUDA_VISIBLE_DEVICES: [0]
[I 2023-12-16 06:27:34,761] Trial 38 finished with value: 0.4569545090198517 and parameters: {'gradient_clip_val': 0.5899071112542509, 'hidden_size': 26, 'dropout': 0.28490292972503256, 'hidden_continuous_size': 10, 'attention_head_size': 1, 'learning_rate': 0.0025250400497132766}. Best is trial 2 with value: 0.07286860793828964.
LOCAL_RANK: 0 - CUDA_VISIBLE_DEVICES: [0]
[I 2023-12-16 06:28:20,058] Trial 39 finished with value: 0.2468925267457962 and parameters: {'gradient_clip_val': 0.735807868189243, 'hidden_size': 7, 'dropout': 0.11748990436706966, 'hidden_continuous_size': 5, 'attention_head_size': 2, 'learning_rate': 0.0073842836660673325}. Best is trial 2 with value: 0.07286860793828964.
LOCAL_RANK: 0 - CUDA_VISIBLE_DEVICES: [0]
[I 2023-12-16 06:29:13,913] Trial 40 finished with value: 1.270944595336914 and parameters: {'gradient_clip_val': 0.8978906480987611, 'hidden_size': 47, 'dropout': 0.14498216174610895, 'hidden_continuous_size': 36, 'attention_head_size': 3, 'learning_rate': 0.01708960308154428}. Best is trial 2 with value: 0.07286860793828964.
LOCAL_RANK: 0 - CUDA_VISIBLE_DEVICES: [0]
[I 2023-12-16 06:30:03,554] Trial 41 finished with value: 0.5491433143615723 and parameters: {'gradient_clip_val': 0.7205710522739951, 'hidden_size': 23, 'dropout': 0.17454445107251285, 'hidden_continuous_size': 12, 'attention_head_size': 4, 'learning_rate': 0.01852930608639857}. Best is trial 2 with value: 0.07286860793828964.
LOCAL_RANK: 0 - CUDA_VISIBLE_DEVICES: [0]
[I 2023-12-16 06:30:53,366] Trial 42 finished with value: 0.527970552444458 and parameters: {'gradient_clip_val': 0.6347802501609869, 'hidden_size': 22, 'dropout': 0.17516271966658656, 'hidden_continuous_size': 11, 'attention_head_size': 4, 'learning_rate': 0.01172170170996913}. Best is trial 2 with value: 0.07286860793828964.
LOCAL_RANK: 0 - CUDA_VISIBLE_DEVICES: [0]
[I 2023-12-16 06:31:43,349] Trial 43 finished with value: 0.32570555806159973 and parameters: {'gradient_clip_val': 0.5404778513947415, 'hidden_size': 33, 'dropout': 0.3671296692981206, 'hidden_continuous_size': 7, 'attention_head_size': 4, 'learning_rate': 0.026323022851206315}. Best is trial 2 with value: 0.07286860793828964.
LOCAL_RANK: 0 - CUDA_VISIBLE_DEVICES: [0]
[I 2023-12-16 06:32:31,764] Trial 44 finished with value: 0.11001541465520859 and parameters: {'gradient_clip_val': 0.7603545422784305, 'hidden_size': 20, 'dropout': 0.13429138270251992, 'hidden_continuous_size': 13, 'attention_head_size': 4, 'learning_rate': 0.013603551765059157}. Best is trial 2 with value: 0.07286860793828964.
LOCAL_RANK: 0 - CUDA_VISIBLE_DEVICES: [0]
[I 2023-12-16 06:33:17,935] Trial 45 finished with value: 0.19439911842346191 and parameters: {'gradient_clip_val': 0.9063970627694145, 'hidden_size': 10, 'dropout': 0.12455969753190949, 'hidden_continuous_size': 7, 'attention_head_size': 4, 'learning_rate': 0.005044450789237437}. Best is trial 2 with value: 0.07286860793828964.
LOCAL_RANK: 0 - CUDA_VISIBLE_DEVICES: [0]
[I 2023-12-16 06:34:04,406] Trial 46 finished with value: 0.16187383234500885 and parameters: {'gradient_clip_val': 0.7909402057065004, 'hidden_size': 14, 'dropout': 0.10163378640994983, 'hidden_continuous_size': 7, 'attention_head_size': 4, 'learning_rate': 0.014886651040635433}. Best is trial 2 with value: 0.07286860793828964.
LOCAL_RANK: 0 - CUDA_VISIBLE_DEVICES: [0]
[I 2023-12-16 06:34:53,455] Trial 47 finished with value: 0.2747180759906769 and parameters: {'gradient_clip_val': 0.9149379926139422, 'hidden_size': 19, 'dropout': 0.14901914909434483, 'hidden_continuous_size': 13, 'attention_head_size': 3, 'learning_rate': 0.008156675151555645}. Best is trial 2 with value: 0.07286860793828964.
LOCAL_RANK: 0 - CUDA_VISIBLE_DEVICES: [0]
[I 2023-12-16 06:35:39,165] Trial 48 finished with value: 0.9023540616035461 and parameters: {'gradient_clip_val': 0.9992825816792175, 'hidden_size': 14, 'dropout': 0.13405929241336795, 'hidden_continuous_size': 9, 'attention_head_size': 2, 'learning_rate': 0.011110870390865337}. Best is trial 2 with value: 0.07286860793828964.
LOCAL_RANK: 0 - CUDA_VISIBLE_DEVICES: [0]
[I 2023-12-16 06:36:26,139] Trial 49 finished with value: 0.3480032980442047 and parameters: {'gradient_clip_val': 0.6600406867852905, 'hidden_size': 17, 'dropout': 0.1157343241299296, 'hidden_continuous_size': 10, 'attention_head_size': 1, 'learning_rate': 0.0399572313992998}. Best is trial 2 with value: 0.07286860793828964.
[I 2023-12-16 06:36:26,230] A new study created in memory with name: no-name-5dcfa681-9385-4ad8-96f2-73f7d8c3fcd7
/home/le004/conda/anaconda3/envs/tsff_env/lib/python3.9/site-packages/lightning/fabric/plugins/environments/slurm.py:191: The `srun` command is available on your system but is not used. HINT: If your intention is to run Lightning on SLURM, prepend your python command with `srun` like so: srun python /home/le004/master_thesis/git/TSFusionForecast/code/ ...
LOCAL_RANK: 0 - CUDA_VISIBLE_DEVICES: [0]
[I 2023-12-16 06:37:14,205] Trial 0 finished with value: 5546.79296875 and parameters: {'gradient_clip_val': 0.21735542402801808, 'hidden_size': 21, 'dropout': 0.18213996046848296, 'hidden_continuous_size': 10, 'attention_head_size': 1, 'learning_rate': 0.011000684420040298}. Best is trial 0 with value: 5546.79296875.
LOCAL_RANK: 0 - CUDA_VISIBLE_DEVICES: [0]
[I 2023-12-16 06:38:03,274] Trial 1 finished with value: 5994.58447265625 and parameters: {'gradient_clip_val': 0.8807542100981655, 'hidden_size': 26, 'dropout': 0.29903418953333627, 'hidden_continuous_size': 10, 'attention_head_size': 2, 'learning_rate': 0.013450216093445683}. Best is trial 0 with value: 5546.79296875.
LOCAL_RANK: 0 - CUDA_VISIBLE_DEVICES: [0]
[I 2023-12-16 06:38:49,506] Trial 2 finished with value: 5216.74267578125 and parameters: {'gradient_clip_val': 0.22308180405364916, 'hidden_size': 15, 'dropout': 0.2003767840492727, 'hidden_continuous_size': 5, 'attention_head_size': 3, 'learning_rate': 0.004915374380876654}. Best is trial 2 with value: 5216.74267578125.
LOCAL_RANK: 0 - CUDA_VISIBLE_DEVICES: [0]
[I 2023-12-16 06:39:24,729] Trial 3 finished with value: 10126.802734375 and parameters: {'gradient_clip_val': 0.5945362938570425, 'hidden_size': 5, 'dropout': 0.2564258432999632, 'hidden_continuous_size': 5, 'attention_head_size': 4, 'learning_rate': 0.0011980474848599328}. Best is trial 2 with value: 5216.74267578125.
LOCAL_RANK: 0 - CUDA_VISIBLE_DEVICES: [0]
[I 2023-12-16 06:40:17,013] Trial 4 finished with value: 11323.765625 and parameters: {'gradient_clip_val': 0.8946688031123431, 'hidden_size': 97, 'dropout': 0.32142064058875397, 'hidden_continuous_size': 5, 'attention_head_size': 1, 'learning_rate': 0.07862278247851368}. Best is trial 2 with value: 5216.74267578125.
LOCAL_RANK: 0 - CUDA_VISIBLE_DEVICES: [0]
[I 2023-12-16 06:41:10,028] Trial 5 finished with value: 2822.635009765625 and parameters: {'gradient_clip_val': 0.13738035692532527, 'hidden_size': 63, 'dropout': 0.21775845496787627, 'hidden_continuous_size': 7, 'attention_head_size': 4, 'learning_rate': 0.00861982430295348}. Best is trial 5 with value: 2822.635009765625.
LOCAL_RANK: 0 - CUDA_VISIBLE_DEVICES: [0]
[I 2023-12-16 06:42:02,124] Trial 6 finished with value: 2315.251220703125 and parameters: {'gradient_clip_val': 0.12494506622016596, 'hidden_size': 31, 'dropout': 0.14095208247848934, 'hidden_continuous_size': 26, 'attention_head_size': 2, 'learning_rate': 0.002863772834595376}. Best is trial 6 with value: 2315.251220703125.
LOCAL_RANK: 0 - CUDA_VISIBLE_DEVICES: [0]
[I 2023-12-16 06:42:46,342] Trial 7 finished with value: 2630.913818359375 and parameters: {'gradient_clip_val': 0.6992558911399693, 'hidden_size': 8, 'dropout': 0.24975895747784155, 'hidden_continuous_size': 7, 'attention_head_size': 2, 'learning_rate': 0.047275047668041734}. Best is trial 6 with value: 2315.251220703125.
LOCAL_RANK: 0 - CUDA_VISIBLE_DEVICES: [0]
[I 2023-12-16 06:43:39,526] Trial 8 finished with value: 4830.833984375 and parameters: {'gradient_clip_val': 0.5280138753711132, 'hidden_size': 45, 'dropout': 0.20164131013317793, 'hidden_continuous_size': 19, 'attention_head_size': 3, 'learning_rate': 0.008215449645477954}. Best is trial 6 with value: 2315.251220703125.
LOCAL_RANK: 0 - CUDA_VISIBLE_DEVICES: [0]
[I 2023-12-16 06:44:25,198] Trial 9 finished with value: 2958.224609375 and parameters: {'gradient_clip_val': 0.6240632008875497, 'hidden_size': 7, 'dropout': 0.3647680868475287, 'hidden_continuous_size': 6, 'attention_head_size': 3, 'learning_rate': 0.009716911260929932}. Best is trial 6 with value: 2315.251220703125.
LOCAL_RANK: 0 - CUDA_VISIBLE_DEVICES: [0]
[I 2023-12-16 06:45:17,286] Trial 10 finished with value: 3724.450927734375 and parameters: {'gradient_clip_val': 0.1009069929993737, 'hidden_size': 36, 'dropout': 0.10627082282696858, 'hidden_continuous_size': 33, 'attention_head_size': 2, 'learning_rate': 0.0005217849667278134}. Best is trial 6 with value: 2315.251220703125.
LOCAL_RANK: 0 - CUDA_VISIBLE_DEVICES: [0]
[I 2023-12-16 06:46:02,491] Trial 11 finished with value: 5971.1640625 and parameters: {'gradient_clip_val': 0.3583495890394212, 'hidden_size': 10, 'dropout': 0.13613895186377026, 'hidden_continuous_size': 6, 'attention_head_size': 2, 'learning_rate': 0.07566665382835278}. Best is trial 6 with value: 2315.251220703125.
LOCAL_RANK: 0 - CUDA_VISIBLE_DEVICES: [0]
[I 2023-12-16 06:46:48,225] Trial 12 finished with value: 3173.8466796875 and parameters: {'gradient_clip_val': 0.3555758181243858, 'hidden_size': 13, 'dropout': 0.15048396656337118, 'hidden_continuous_size': 8, 'attention_head_size': 2, 'learning_rate': 0.002768308400410287}. Best is trial 6 with value: 2315.251220703125.
LOCAL_RANK: 0 - CUDA_VISIBLE_DEVICES: [0]
[I 2023-12-16 06:47:35,088] Trial 13 finished with value: 2710.636962890625 and parameters: {'gradient_clip_val': 0.20533980582244135, 'hidden_size': 20, 'dropout': 0.2780672531109508, 'hidden_continuous_size': 12, 'attention_head_size': 1, 'learning_rate': 0.028253265296171618}. Best is trial 6 with value: 2315.251220703125.
LOCAL_RANK: 0 - CUDA_VISIBLE_DEVICES: [0]
[I 2023-12-16 06:48:20,540] Trial 14 finished with value: 10707.9189453125 and parameters: {'gradient_clip_val': 0.42707667262562093, 'hidden_size': 9, 'dropout': 0.23059099349044626, 'hidden_continuous_size': 5, 'attention_head_size': 2, 'learning_rate': 0.02955520301723403}. Best is trial 6 with value: 2315.251220703125.
LOCAL_RANK: 0 - CUDA_VISIBLE_DEVICES: [0]
[I 2023-12-16 06:48:55,378] Trial 15 finished with value: 12864.83203125 and parameters: {'gradient_clip_val': 0.28019048889430875, 'hidden_size': 5, 'dropout': 0.24612262192086964, 'hidden_continuous_size': 5, 'attention_head_size': 3, 'learning_rate': 0.002530095143730233}. Best is trial 6 with value: 2315.251220703125.
LOCAL_RANK: 0 - CUDA_VISIBLE_DEVICES: [0]
[I 2023-12-16 06:49:44,252] Trial 16 finished with value: 3780.900390625 and parameters: {'gradient_clip_val': 0.14100616404543975, 'hidden_size': 29, 'dropout': 0.16748136234828126, 'hidden_continuous_size': 15, 'attention_head_size': 1, 'learning_rate': 0.027779143544106297}. Best is trial 6 with value: 2315.251220703125.
LOCAL_RANK: 0 - CUDA_VISIBLE_DEVICES: [0]
[I 2023-12-16 06:50:30,213] Trial 17 finished with value: 3367.252685546875 and parameters: {'gradient_clip_val': 0.9907115872408295, 'hidden_size': 15, 'dropout': 0.11008466742758662, 'hidden_continuous_size': 7, 'attention_head_size': 2, 'learning_rate': 0.0037784928829464543}. Best is trial 6 with value: 2315.251220703125.
LOCAL_RANK: 0 - CUDA_VISIBLE_DEVICES: [0]
[I 2023-12-16 06:51:15,618] Trial 18 finished with value: 4056.156982421875 and parameters: {'gradient_clip_val': 0.44084001897010133, 'hidden_size': 7, 'dropout': 0.17480828038556534, 'hidden_continuous_size': 5, 'attention_head_size': 3, 'learning_rate': 0.017684215554021884}. Best is trial 6 with value: 2315.251220703125.
LOCAL_RANK: 0 - CUDA_VISIBLE_DEVICES: [0]
[I 2023-12-16 06:52:07,819] Trial 19 finished with value: 5492.81884765625 and parameters: {'gradient_clip_val': 0.7269974289627004, 'hidden_size': 45, 'dropout': 0.14162579696013186, 'hidden_continuous_size': 24, 'attention_head_size': 1, 'learning_rate': 0.005074789376370281}. Best is trial 6 with value: 2315.251220703125.
LOCAL_RANK: 0 - CUDA_VISIBLE_DEVICES: [0]
[I 2023-12-16 06:52:56,843] Trial 20 finished with value: 4594.91552734375 and parameters: {'gradient_clip_val': 0.30533343671583113, 'hidden_size': 22, 'dropout': 0.3991637729857721, 'hidden_continuous_size': 12, 'attention_head_size': 2, 'learning_rate': 0.05209232395573972}. Best is trial 6 with value: 2315.251220703125.
LOCAL_RANK: 0 - CUDA_VISIBLE_DEVICES: [0]
[I 2023-12-16 06:53:43,803] Trial 21 finished with value: 3768.3125 and parameters: {'gradient_clip_val': 0.20305247121842088, 'hidden_size': 18, 'dropout': 0.27832354746732135, 'hidden_continuous_size': 9, 'attention_head_size': 1, 'learning_rate': 0.038536662183025636}. Best is trial 6 with value: 2315.251220703125.
LOCAL_RANK: 0 - CUDA_VISIBLE_DEVICES: [0]
[I 2023-12-16 06:54:29,121] Trial 22 finished with value: 5001.021484375 and parameters: {'gradient_clip_val': 0.16623275003618057, 'hidden_size': 11, 'dropout': 0.2593644901789056, 'hidden_continuous_size': 8, 'attention_head_size': 1, 'learning_rate': 0.01994686344918488}. Best is trial 6 with value: 2315.251220703125.
LOCAL_RANK: 0 - CUDA_VISIBLE_DEVICES: [0]
[I 2023-12-16 06:55:17,644] Trial 23 finished with value: 3741.469482421875 and parameters: {'gradient_clip_val': 0.2683387948287745, 'hidden_size': 19, 'dropout': 0.3009133900719711, 'hidden_continuous_size': 12, 'attention_head_size': 2, 'learning_rate': 0.08877075038034893}. Best is trial 6 with value: 2315.251220703125.
LOCAL_RANK: 0 - CUDA_VISIBLE_DEVICES: [0]
[I 2023-12-16 06:56:05,406] Trial 24 finished with value: 8851.2431640625 and parameters: {'gradient_clip_val': 0.10133962235428745, 'hidden_size': 28, 'dropout': 0.23808491714670516, 'hidden_continuous_size': 14, 'attention_head_size': 1, 'learning_rate': 0.04482153513180524}. Best is trial 6 with value: 2315.251220703125.
LOCAL_RANK: 0 - CUDA_VISIBLE_DEVICES: [0]
[I 2023-12-16 06:56:51,643] Trial 25 finished with value: 3683.3359375 and parameters: {'gradient_clip_val': 0.18220829407938305, 'hidden_size': 15, 'dropout': 0.21519650771325516, 'hidden_continuous_size': 9, 'attention_head_size': 2, 'learning_rate': 0.020965050237600834}. Best is trial 6 with value: 2315.251220703125.
LOCAL_RANK: 0 - CUDA_VISIBLE_DEVICES: [0]
[I 2023-12-16 06:57:35,689] Trial 26 finished with value: 3425.019287109375 and parameters: {'gradient_clip_val': 0.13758746970253516, 'hidden_size': 12, 'dropout': 0.27287681707306277, 'hidden_continuous_size': 7, 'attention_head_size': 1, 'learning_rate': 0.04304280239274315}. Best is trial 6 with value: 2315.251220703125.
LOCAL_RANK: 0 - CUDA_VISIBLE_DEVICES: [0]
[I 2023-12-16 06:58:20,094] Trial 27 finished with value: 6440.80810546875 and parameters: {'gradient_clip_val': 0.2524261423880764, 'hidden_size': 8, 'dropout': 0.19053643143313687, 'hidden_continuous_size': 6, 'attention_head_size': 2, 'learning_rate': 0.014242428111949885}. Best is trial 6 with value: 2315.251220703125.
LOCAL_RANK: 0 - CUDA_VISIBLE_DEVICES: [0]
[I 2023-12-16 06:59:09,575] Trial 28 finished with value: 5862.47998046875 and parameters: {'gradient_clip_val': 0.233826555647113, 'hidden_size': 25, 'dropout': 0.2262914604596402, 'hidden_continuous_size': 16, 'attention_head_size': 3, 'learning_rate': 0.06351001879215754}. Best is trial 6 with value: 2315.251220703125.
LOCAL_RANK: 0 - CUDA_VISIBLE_DEVICES: [0]
[I 2023-12-16 06:59:57,377] Trial 29 finished with value: 20008.486328125 and parameters: {'gradient_clip_val': 0.20548001078826184, 'hidden_size': 19, 'dropout': 0.1782063442202558, 'hidden_continuous_size': 10, 'attention_head_size': 1, 'learning_rate': 0.030255946194587467}. Best is trial 6 with value: 2315.251220703125.
LOCAL_RANK: 0 - CUDA_VISIBLE_DEVICES: [0]
[I 2023-12-16 07:00:45,940] Trial 30 finished with value: 2882.84765625 and parameters: {'gradient_clip_val': 0.16767190626957493, 'hidden_size': 22, 'dropout': 0.20892428611093627, 'hidden_continuous_size': 12, 'attention_head_size': 1, 'learning_rate': 0.09654301324175237}. Best is trial 6 with value: 2315.251220703125.
LOCAL_RANK: 0 - CUDA_VISIBLE_DEVICES: [0]
[I 2023-12-16 07:01:40,291] Trial 31 finished with value: 2611.837158203125 and parameters: {'gradient_clip_val': 0.12603321024529907, 'hidden_size': 72, 'dropout': 0.2219737476220501, 'hidden_continuous_size': 40, 'attention_head_size': 4, 'learning_rate': 0.011666714751301264}. Best is trial 6 with value: 2315.251220703125.
LOCAL_RANK: 0 - CUDA_VISIBLE_DEVICES: [0]
