[I 2023-12-16 02:05:39,253] Trial 5 finished with value: 1044.044677734375 and parameters: {'gradient_clip_val': 0.4592470415709155, 'hidden_size': 59, 'dropout': 0.3366289948291121, 'hidden_continuous_size': 25, 'attention_head_size': 2, 'learning_rate': 0.0032444238136498807}. Best is trial 1 with value: 736.7205200195312.
LOCAL_RANK: 0 - CUDA_VISIBLE_DEVICES: [0]
[I 2023-12-16 02:06:31,754] Trial 6 finished with value: 447.840576171875 and parameters: {'gradient_clip_val': 0.9608493037025366, 'hidden_size': 31, 'dropout': 0.28843969343556985, 'hidden_continuous_size': 29, 'attention_head_size': 3, 'learning_rate': 0.04319659058965448}. Best is trial 6 with value: 447.840576171875.
LOCAL_RANK: 0 - CUDA_VISIBLE_DEVICES: [0]
[I 2023-12-16 02:07:06,075] Trial 7 finished with value: 1023.742431640625 and parameters: {'gradient_clip_val': 0.3567740909739456, 'hidden_size': 12, 'dropout': 0.3088065707285885, 'hidden_continuous_size': 12, 'attention_head_size': 2, 'learning_rate': 0.05540181111817378}. Best is trial 6 with value: 447.840576171875.
LOCAL_RANK: 0 - CUDA_VISIBLE_DEVICES: [0]
[I 2023-12-16 02:07:51,793] Trial 8 finished with value: 925.8115844726562 and parameters: {'gradient_clip_val': 0.9222090928291033, 'hidden_size': 16, 'dropout': 0.19431023957484056, 'hidden_continuous_size': 11, 'attention_head_size': 2, 'learning_rate': 0.004607185136920403}. Best is trial 6 with value: 447.840576171875.
LOCAL_RANK: 0 - CUDA_VISIBLE_DEVICES: [0]
[I 2023-12-16 02:08:44,154] Trial 9 finished with value: 986.6234741210938 and parameters: {'gradient_clip_val': 0.11803311868696031, 'hidden_size': 55, 'dropout': 0.11166520747968628, 'hidden_continuous_size': 8, 'attention_head_size': 1, 'learning_rate': 0.0036441554863587324}. Best is trial 6 with value: 447.840576171875.
LOCAL_RANK: 0 - CUDA_VISIBLE_DEVICES: [0]
[I 2023-12-16 02:09:36,977] Trial 10 finished with value: 926.81005859375 and parameters: {'gradient_clip_val': 0.2394577915594436, 'hidden_size': 30, 'dropout': 0.3856581348093635, 'hidden_continuous_size': 29, 'attention_head_size': 4, 'learning_rate': 0.0005596121623082593}. Best is trial 6 with value: 447.840576171875.
LOCAL_RANK: 0 - CUDA_VISIBLE_DEVICES: [0]
[I 2023-12-16 02:10:27,214] Trial 11 finished with value: 915.064697265625 and parameters: {'gradient_clip_val': 0.979784929835506, 'hidden_size': 27, 'dropout': 0.10283970854472088, 'hidden_continuous_size': 18, 'attention_head_size': 4, 'learning_rate': 0.049685620265813864}. Best is trial 6 with value: 447.840576171875.
LOCAL_RANK: 0 - CUDA_VISIBLE_DEVICES: [0]
[I 2023-12-16 02:11:03,364] Trial 12 finished with value: 1209.7742919921875 and parameters: {'gradient_clip_val': 0.6684384320346775, 'hidden_size': 33, 'dropout': 0.2718367296489622, 'hidden_continuous_size': 33, 'attention_head_size': 3, 'learning_rate': 0.022403448533712657}. Best is trial 6 with value: 447.840576171875.
LOCAL_RANK: 0 - CUDA_VISIBLE_DEVICES: [0]
[I 2023-12-16 02:11:52,795] Trial 13 finished with value: 1017.5012817382812 and parameters: {'gradient_clip_val': 0.6432715677740725, 'hidden_size': 21, 'dropout': 0.1500620082107702, 'hidden_continuous_size': 9, 'attention_head_size': 4, 'learning_rate': 0.018263298865002418}. Best is trial 6 with value: 447.840576171875.
LOCAL_RANK: 0 - CUDA_VISIBLE_DEVICES: [0]
[I 2023-12-16 02:12:28,278] Trial 14 finished with value: 1093.7154541015625 and parameters: {'gradient_clip_val': 0.7155477916194659, 'hidden_size': 40, 'dropout': 0.19943147001883776, 'hidden_continuous_size': 40, 'attention_head_size': 3, 'learning_rate': 0.09898160177801052}. Best is trial 6 with value: 447.840576171875.
LOCAL_RANK: 0 - CUDA_VISIBLE_DEVICES: [0]
[I 2023-12-16 02:13:16,551] Trial 15 finished with value: 1327.7835693359375 and parameters: {'gradient_clip_val': 0.5697340430186937, 'hidden_size': 20, 'dropout': 0.2713555751146788, 'hidden_continuous_size': 13, 'attention_head_size': 4, 'learning_rate': 0.01717438617289481}. Best is trial 6 with value: 447.840576171875.
LOCAL_RANK: 0 - CUDA_VISIBLE_DEVICES: [0]
[I 2023-12-16 02:14:12,163] Trial 16 finished with value: 1265.6419677734375 and parameters: {'gradient_clip_val': 0.9766150493068866, 'hidden_size': 84, 'dropout': 0.151356846366975, 'hidden_continuous_size': 62, 'attention_head_size': 3, 'learning_rate': 0.0329903205706249}. Best is trial 6 with value: 447.840576171875.
LOCAL_RANK: 0 - CUDA_VISIBLE_DEVICES: [0]
[I 2023-12-16 02:15:03,639] Trial 17 finished with value: 838.8607788085938 and parameters: {'gradient_clip_val': 0.7466740776395564, 'hidden_size': 36, 'dropout': 0.22452113125093118, 'hidden_continuous_size': 16, 'attention_head_size': 4, 'learning_rate': 0.012954178415722715}. Best is trial 6 with value: 447.840576171875.
LOCAL_RANK: 0 - CUDA_VISIBLE_DEVICES: [0]
[I 2023-12-16 02:15:48,785] Trial 18 finished with value: 1266.702392578125 and parameters: {'gradient_clip_val': 0.5986544558487245, 'hidden_size': 16, 'dropout': 0.12854050666579453, 'hidden_continuous_size': 8, 'attention_head_size': 3, 'learning_rate': 0.08637387443610878}. Best is trial 6 with value: 447.840576171875.
LOCAL_RANK: 0 - CUDA_VISIBLE_DEVICES: [0]
[I 2023-12-16 02:16:38,659] Trial 19 finished with value: 1236.3712158203125 and parameters: {'gradient_clip_val': 0.7841493952306409, 'hidden_size': 25, 'dropout': 0.1781803839139327, 'hidden_continuous_size': 10, 'attention_head_size': 4, 'learning_rate': 0.010508874226205537}. Best is trial 6 with value: 447.840576171875.
LOCAL_RANK: 0 - CUDA_VISIBLE_DEVICES: [0]
[I 2023-12-16 02:17:30,104] Trial 20 finished with value: 913.10009765625 and parameters: {'gradient_clip_val': 0.2907968110977509, 'hidden_size': 40, 'dropout': 0.13753855736926823, 'hidden_continuous_size': 15, 'attention_head_size': 3, 'learning_rate': 0.031879205381057145}. Best is trial 6 with value: 447.840576171875.
LOCAL_RANK: 0 - CUDA_VISIBLE_DEVICES: [0]
[I 2023-12-16 02:18:23,118] Trial 21 finished with value: 1359.595703125 and parameters: {'gradient_clip_val': 0.7886846555770521, 'hidden_size': 37, 'dropout': 0.22027117129008286, 'hidden_continuous_size': 17, 'attention_head_size': 4, 'learning_rate': 0.04992216784676967}. Best is trial 6 with value: 447.840576171875.
LOCAL_RANK: 0 - CUDA_VISIBLE_DEVICES: [0]
[I 2023-12-16 02:19:16,504] Trial 22 finished with value: 1287.0684814453125 and parameters: {'gradient_clip_val': 0.8029247930898559, 'hidden_size': 46, 'dropout': 0.21527816121450222, 'hidden_continuous_size': 20, 'attention_head_size': 4, 'learning_rate': 0.012407977576149124}. Best is trial 6 with value: 447.840576171875.
LOCAL_RANK: 0 - CUDA_VISIBLE_DEVICES: [0]
[I 2023-12-16 02:20:05,377] Trial 23 finished with value: 1177.4605712890625 and parameters: {'gradient_clip_val': 0.9827484703961197, 'hidden_size': 28, 'dropout': 0.1684297221559457, 'hidden_continuous_size': 14, 'attention_head_size': 4, 'learning_rate': 0.0284211935394601}. Best is trial 6 with value: 447.840576171875.
LOCAL_RANK: 0 - CUDA_VISIBLE_DEVICES: [0]
[I 2023-12-16 02:21:00,817] Trial 24 finished with value: 1460.0877685546875 and parameters: {'gradient_clip_val': 0.7221332234173272, 'hidden_size': 95, 'dropout': 0.24938953289347038, 'hidden_continuous_size': 22, 'attention_head_size': 3, 'learning_rate': 0.012044877942955699}. Best is trial 6 with value: 447.840576171875.
LOCAL_RANK: 0 - CUDA_VISIBLE_DEVICES: [0]
[I 2023-12-16 02:21:51,130] Trial 25 finished with value: 848.9368286132812 and parameters: {'gradient_clip_val': 0.5657437247936635, 'hidden_size': 33, 'dropout': 0.1230366153797934, 'hidden_continuous_size': 11, 'attention_head_size': 4, 'learning_rate': 0.06566773018882405}. Best is trial 6 with value: 447.840576171875.
LOCAL_RANK: 0 - CUDA_VISIBLE_DEVICES: [0]
[I 2023-12-16 02:22:40,681] Trial 26 finished with value: 981.8146362304688 and parameters: {'gradient_clip_val': 0.8179902734972357, 'hidden_size': 23, 'dropout': 0.10184720793357913, 'hidden_continuous_size': 13, 'attention_head_size': 3, 'learning_rate': 0.03663489005715933}. Best is trial 6 with value: 447.840576171875.
LOCAL_RANK: 0 - CUDA_VISIBLE_DEVICES: [0]
[I 2023-12-16 02:23:34,196] Trial 27 finished with value: 1373.7177734375 and parameters: {'gradient_clip_val': 0.9777896014641767, 'hidden_size': 50, 'dropout': 0.1837195641612266, 'hidden_continuous_size': 16, 'attention_head_size': 4, 'learning_rate': 0.02318359643668429}. Best is trial 6 with value: 447.840576171875.
LOCAL_RANK: 0 - CUDA_VISIBLE_DEVICES: [0]
[I 2023-12-16 02:24:27,790] Trial 28 finished with value: 635.8295288085938 and parameters: {'gradient_clip_val': 0.6766846821008935, 'hidden_size': 46, 'dropout': 0.15442197293569082, 'hidden_continuous_size': 19, 'attention_head_size': 4, 'learning_rate': 0.03677219589479312}. Best is trial 6 with value: 447.840576171875.
LOCAL_RANK: 0 - CUDA_VISIBLE_DEVICES: [0]
[I 2023-12-16 02:25:19,548] Trial 29 finished with value: 1734.6705322265625 and parameters: {'gradient_clip_val': 0.5276865247402736, 'hidden_size': 66, 'dropout': 0.1500140949078496, 'hidden_continuous_size': 5, 'attention_head_size': 3, 'learning_rate': 0.07408064063808761}. Best is trial 6 with value: 447.840576171875.
LOCAL_RANK: 0 - CUDA_VISIBLE_DEVICES: [0]
[I 2023-12-16 02:26:12,697] Trial 30 finished with value: 956.2603149414062 and parameters: {'gradient_clip_val': 0.6630866833996321, 'hidden_size': 45, 'dropout': 0.12635517495988896, 'hidden_continuous_size': 20, 'attention_head_size': 3, 'learning_rate': 0.041842168175375116}. Best is trial 6 with value: 447.840576171875.
LOCAL_RANK: 0 - CUDA_VISIBLE_DEVICES: [0]
[I 2023-12-16 02:27:04,133] Trial 31 finished with value: 768.8889770507812 and parameters: {'gradient_clip_val': 0.8143063223448699, 'hidden_size': 33, 'dropout': 0.23152710676691407, 'hidden_continuous_size': 16, 'attention_head_size': 4, 'learning_rate': 0.06319248911746939}. Best is trial 6 with value: 447.840576171875.
LOCAL_RANK: 0 - CUDA_VISIBLE_DEVICES: [0]
[I 2023-12-16 02:27:54,381] Trial 32 finished with value: 1276.82861328125 and parameters: {'gradient_clip_val': 0.4969099949745982, 'hidden_size': 31, 'dropout': 0.2391817267835732, 'hidden_continuous_size': 14, 'attention_head_size': 4, 'learning_rate': 0.06866916040436148}. Best is trial 6 with value: 447.840576171875.
LOCAL_RANK: 0 - CUDA_VISIBLE_DEVICES: [0]
[I 2023-12-16 02:28:42,117] Trial 33 finished with value: 1307.1849365234375 and parameters: {'gradient_clip_val': 0.8737260988794778, 'hidden_size': 18, 'dropout': 0.20522818336155121, 'hidden_continuous_size': 12, 'attention_head_size': 1, 'learning_rate': 0.04438408973341369}. Best is trial 6 with value: 447.840576171875.
LOCAL_RANK: 0 - CUDA_VISIBLE_DEVICES: [0]
[I 2023-12-16 02:29:30,215] Trial 34 finished with value: 827.2225952148438 and parameters: {'gradient_clip_val': 0.8582538126431779, 'hidden_size': 24, 'dropout': 0.16919856141695533, 'hidden_continuous_size': 7, 'attention_head_size': 4, 'learning_rate': 0.0997158420453853}. Best is trial 6 with value: 447.840576171875.
LOCAL_RANK: 0 - CUDA_VISIBLE_DEVICES: [0]
[I 2023-12-16 02:30:16,969] Trial 35 finished with value: 529.4509887695312 and parameters: {'gradient_clip_val': 0.6181193717229929, 'hidden_size': 13, 'dropout': 0.14049320382588484, 'hidden_continuous_size': 9, 'attention_head_size': 4, 'learning_rate': 0.05940578028231366}. Best is trial 6 with value: 447.840576171875.
LOCAL_RANK: 0 - CUDA_VISIBLE_DEVICES: [0]
[I 2023-12-16 02:31:02,642] Trial 36 finished with value: 1531.0877685546875 and parameters: {'gradient_clip_val': 0.41231329346484397, 'hidden_size': 10, 'dropout': 0.14195787011196, 'hidden_continuous_size': 6, 'attention_head_size': 3, 'learning_rate': 0.04252324115897094}. Best is trial 6 with value: 447.840576171875.
LOCAL_RANK: 0 - CUDA_VISIBLE_DEVICES: [0]
[I 2023-12-16 02:31:47,127] Trial 37 finished with value: 1454.7779541015625 and parameters: {'gradient_clip_val': 0.6230036617723879, 'hidden_size': 12, 'dropout': 0.11658852211305686, 'hidden_continuous_size': 7, 'attention_head_size': 2, 'learning_rate': 0.025582861698537334}. Best is trial 6 with value: 447.840576171875.
LOCAL_RANK: 0 - CUDA_VISIBLE_DEVICES: [0]
[I 2023-12-16 02:32:32,002] Trial 38 finished with value: 1300.3795166015625 and parameters: {'gradient_clip_val': 0.48688019232142593, 'hidden_size': 8, 'dropout': 0.15602206524326243, 'hidden_continuous_size': 5, 'attention_head_size': 4, 'learning_rate': 0.056711073356168554}. Best is trial 6 with value: 447.840576171875.
LOCAL_RANK: 0 - CUDA_VISIBLE_DEVICES: [0]
[I 2023-12-16 02:33:18,809] Trial 39 finished with value: 1339.3121337890625 and parameters: {'gradient_clip_val': 0.7176849495188294, 'hidden_size': 14, 'dropout': 0.1302707981073176, 'hidden_continuous_size': 9, 'attention_head_size': 4, 'learning_rate': 0.03280529120190205}. Best is trial 6 with value: 447.840576171875.
LOCAL_RANK: 0 - CUDA_VISIBLE_DEVICES: [0]
[I 2023-12-16 02:34:06,069] Trial 40 finished with value: 906.8121948242188 and parameters: {'gradient_clip_val': 0.8994773334051162, 'hidden_size': 20, 'dropout': 0.10038320255251831, 'hidden_continuous_size': 10, 'attention_head_size': 2, 'learning_rate': 0.0776949734311134}. Best is trial 6 with value: 447.840576171875.
LOCAL_RANK: 0 - CUDA_VISIBLE_DEVICES: [0]
[I 2023-12-16 02:34:55,963] Trial 41 finished with value: 522.8125610351562 and parameters: {'gradient_clip_val': 0.8641239073787172, 'hidden_size': 26, 'dropout': 0.17996414080060374, 'hidden_continuous_size': 17, 'attention_head_size': 4, 'learning_rate': 0.059019697906284016}. Best is trial 6 with value: 447.840576171875.
LOCAL_RANK: 0 - CUDA_VISIBLE_DEVICES: [0]
[I 2023-12-16 02:35:46,176] Trial 42 finished with value: 1142.2911376953125 and parameters: {'gradient_clip_val': 0.884642970692591, 'hidden_size': 27, 'dropout': 0.19021631692694346, 'hidden_continuous_size': 18, 'attention_head_size': 4, 'learning_rate': 0.053909675093352774}. Best is trial 6 with value: 447.840576171875.
LOCAL_RANK: 0 - CUDA_VISIBLE_DEVICES: [0]
[I 2023-12-16 02:36:33,509] Trial 43 finished with value: 1378.2889404296875 and parameters: {'gradient_clip_val': 0.6563883018714859, 'hidden_size': 17, 'dropout': 0.16601378180696724, 'hidden_continuous_size': 8, 'attention_head_size': 4, 'learning_rate': 0.041656861362185486}. Best is trial 6 with value: 447.840576171875.
LOCAL_RANK: 0 - CUDA_VISIBLE_DEVICES: [0]
[I 2023-12-16 02:37:20,323] Trial 44 finished with value: 1838.3646240234375 and parameters: {'gradient_clip_val': 0.8955403920157569, 'hidden_size': 14, 'dropout': 0.1402638415318278, 'hidden_continuous_size': 9, 'attention_head_size': 4, 'learning_rate': 0.06112166967590998}. Best is trial 6 with value: 447.840576171875.
LOCAL_RANK: 0 - CUDA_VISIBLE_DEVICES: [0]
[I 2023-12-16 02:38:09,889] Trial 45 finished with value: 1416.8056640625 and parameters: {'gradient_clip_val': 0.7131048499526987, 'hidden_size': 22, 'dropout': 0.11299922697731735, 'hidden_continuous_size': 11, 'attention_head_size': 4, 'learning_rate': 0.08323917657311661}. Best is trial 6 with value: 447.840576171875.
LOCAL_RANK: 0 - CUDA_VISIBLE_DEVICES: [0]
[I 2023-12-16 02:38:59,027] Trial 46 finished with value: 1190.7718505859375 and parameters: {'gradient_clip_val': 0.9918402427412596, 'hidden_size': 19, 'dropout': 0.18270806426450625, 'hidden_continuous_size': 12, 'attention_head_size': 4, 'learning_rate': 0.03663236475654686}. Best is trial 6 with value: 447.840576171875.
LOCAL_RANK: 0 - CUDA_VISIBLE_DEVICES: [0]
[I 2023-12-16 02:39:48,233] Trial 47 finished with value: 1378.92724609375 and parameters: {'gradient_clip_val': 0.5573682107847453, 'hidden_size': 27, 'dropout': 0.15540984492227938, 'hidden_continuous_size': 15, 'attention_head_size': 2, 'learning_rate': 0.04806555573167984}. Best is trial 6 with value: 447.840576171875.
LOCAL_RANK: 0 - CUDA_VISIBLE_DEVICES: [0]
[I 2023-12-16 02:40:37,531] Trial 48 finished with value: 520.7877807617188 and parameters: {'gradient_clip_val': 0.6209250306844304, 'hidden_size': 23, 'dropout': 0.11588316725135847, 'hidden_continuous_size': 13, 'attention_head_size': 3, 'learning_rate': 0.02705857212698771}. Best is trial 6 with value: 447.840576171875.
LOCAL_RANK: 0 - CUDA_VISIBLE_DEVICES: [0]
[I 2023-12-16 02:41:26,850] Trial 49 finished with value: 1293.08837890625 and parameters: {'gradient_clip_val': 0.45351875860132496, 'hidden_size': 23, 'dropout': 0.11833393963521122, 'hidden_continuous_size': 13, 'attention_head_size': 3, 'learning_rate': 0.02035079127483451}. Best is trial 6 with value: 447.840576171875.
[I 2023-12-16 02:41:26,941] A new study created in memory with name: no-name-32713811-99e2-40c6-80fd-9cddffa71abd
/home/le004/conda/anaconda3/envs/tsff_env/lib/python3.9/site-packages/lightning/fabric/plugins/environments/slurm.py:191: The `srun` command is available on your system but is not used. HINT: If your intention is to run Lightning on SLURM, prepend your python command with `srun` like so: srun python /home/le004/master_thesis/git/TSFusionForecast/code/ ...
LOCAL_RANK: 0 - CUDA_VISIBLE_DEVICES: [0]
[I 2023-12-16 02:42:02,368] Trial 0 finished with value: 384.5459289550781 and parameters: {'gradient_clip_val': 0.9458016110618472, 'hidden_size': 6, 'dropout': 0.3202111993926181, 'hidden_continuous_size': 6, 'attention_head_size': 4, 'learning_rate': 0.007799937449377373}. Best is trial 0 with value: 384.5459289550781.
LOCAL_RANK: 0 - CUDA_VISIBLE_DEVICES: [0]
[I 2023-12-16 02:42:55,472] Trial 1 finished with value: 121.76052856445312 and parameters: {'gradient_clip_val': 0.34253116540618206, 'hidden_size': 85, 'dropout': 0.1924622985465722, 'hidden_continuous_size': 11, 'attention_head_size': 2, 'learning_rate': 0.003943745541100087}. Best is trial 1 with value: 121.76052856445312.
LOCAL_RANK: 0 - CUDA_VISIBLE_DEVICES: [0]
[I 2023-12-16 02:43:42,602] Trial 2 finished with value: 234.34461975097656 and parameters: {'gradient_clip_val': 0.15788027473754024, 'hidden_size': 15, 'dropout': 0.2618356380553214, 'hidden_continuous_size': 10, 'attention_head_size': 4, 'learning_rate': 0.01394110367270184}. Best is trial 1 with value: 121.76052856445312.
LOCAL_RANK: 0 - CUDA_VISIBLE_DEVICES: [0]
[I 2023-12-16 02:44:30,471] Trial 3 finished with value: 331.58349609375 and parameters: {'gradient_clip_val': 0.3584018857966024, 'hidden_size': 20, 'dropout': 0.3176749701782323, 'hidden_continuous_size': 12, 'attention_head_size': 3, 'learning_rate': 0.016684309563855436}. Best is trial 1 with value: 121.76052856445312.
LOCAL_RANK: 0 - CUDA_VISIBLE_DEVICES: [0]
[I 2023-12-16 02:45:19,661] Trial 4 finished with value: 281.1650390625 and parameters: {'gradient_clip_val': 0.1361025076413307, 'hidden_size': 22, 'dropout': 0.2547917147269153, 'hidden_continuous_size': 10, 'attention_head_size': 3, 'learning_rate': 0.08173655472857842}. Best is trial 1 with value: 121.76052856445312.
LOCAL_RANK: 0 - CUDA_VISIBLE_DEVICES: [0]
[I 2023-12-16 02:46:05,199] Trial 5 finished with value: 281.4266357421875 and parameters: {'gradient_clip_val': 0.9695666155243995, 'hidden_size': 13, 'dropout': 0.3865439161744132, 'hidden_continuous_size': 11, 'attention_head_size': 1, 'learning_rate': 0.00203886343611746}. Best is trial 1 with value: 121.76052856445312.
LOCAL_RANK: 0 - CUDA_VISIBLE_DEVICES: [0]
[I 2023-12-16 02:46:39,367] Trial 6 finished with value: 366.8719787597656 and parameters: {'gradient_clip_val': 0.8318794241829011, 'hidden_size': 6, 'dropout': 0.10362209447025007, 'hidden_continuous_size': 6, 'attention_head_size': 1, 'learning_rate': 0.005533633415251641}. Best is trial 1 with value: 121.76052856445312.
LOCAL_RANK: 0 - CUDA_VISIBLE_DEVICES: [0]
[I 2023-12-16 02:47:25,036] Trial 7 finished with value: 97.0996322631836 and parameters: {'gradient_clip_val': 0.274817108676745, 'hidden_size': 10, 'dropout': 0.18579676529515177, 'hidden_continuous_size': 5, 'attention_head_size': 3, 'learning_rate': 0.027070280814902134}. Best is trial 7 with value: 97.0996322631836.
LOCAL_RANK: 0 - CUDA_VISIBLE_DEVICES: [0]
[I 2023-12-16 02:48:20,832] Trial 8 finished with value: 163.3722686767578 and parameters: {'gradient_clip_val': 0.8871141766121448, 'hidden_size': 79, 'dropout': 0.20508748305963947, 'hidden_continuous_size': 38, 'attention_head_size': 4, 'learning_rate': 0.0015627158518710723}. Best is trial 7 with value: 97.0996322631836.
LOCAL_RANK: 0 - CUDA_VISIBLE_DEVICES: [0]
[I 2023-12-16 02:49:17,503] Trial 9 finished with value: 174.04774475097656 and parameters: {'gradient_clip_val': 0.6221157731325024, 'hidden_size': 91, 'dropout': 0.2284453509140038, 'hidden_continuous_size': 43, 'attention_head_size': 4, 'learning_rate': 0.04365862998509904}. Best is trial 7 with value: 97.0996322631836.
LOCAL_RANK: 0 - CUDA_VISIBLE_DEVICES: [0]
[I 2023-12-16 02:49:51,756] Trial 10 finished with value: 538.2802734375 and parameters: {'gradient_clip_val': 0.21347435587392033, 'hidden_size': 5, 'dropout': 0.13610734309414635, 'hidden_continuous_size': 5, 'attention_head_size': 2, 'learning_rate': 0.0008944564965044865}. Best is trial 7 with value: 97.0996322631836.
LOCAL_RANK: 0 - CUDA_VISIBLE_DEVICES: [0]
[I 2023-12-16 02:50:43,937] Trial 11 finished with value: 186.33201599121094 and parameters: {'gradient_clip_val': 0.325686488313496, 'hidden_size': 44, 'dropout': 0.18622558189535188, 'hidden_continuous_size': 19, 'attention_head_size': 2, 'learning_rate': 0.003492589177787284}. Best is trial 7 with value: 97.0996322631836.
LOCAL_RANK: 0 - CUDA_VISIBLE_DEVICES: [0]
[I 2023-12-16 02:51:35,621] Trial 12 finished with value: 74.38008880615234 and parameters: {'gradient_clip_val': 0.2563498943192713, 'hidden_size': 47, 'dropout': 0.17262777412626593, 'hidden_continuous_size': 7, 'attention_head_size': 2, 'learning_rate': 0.000514985627670304}. Best is trial 12 with value: 74.38008880615234.
LOCAL_RANK: 0 - CUDA_VISIBLE_DEVICES: [0]
