[I 2023-12-26 17:59:40,933] Trial 5 finished with value: 564.5176391601562 and parameters: {'gradient_clip_val': 0.12934468963090937, 'hidden_size': 116, 'dropout': 0.3656347759723022, 'hidden_continuous_size': 43, 'attention_head_size': 1, 'learning_rate': 0.047097216654627946}. Best is trial 0 with value: 313.2475891113281.
[I 2023-12-26 17:59:43,468] Trial 6 finished with value: 748.764404296875 and parameters: {'gradient_clip_val': 0.12982690969345653, 'hidden_size': 40, 'dropout': 0.4861339912020983, 'hidden_continuous_size': 7, 'attention_head_size': 3, 'learning_rate': 0.0022593763497768754}. Best is trial 0 with value: 313.2475891113281.
[I 2023-12-26 17:59:45,504] Trial 7 finished with value: 850.2918090820312 and parameters: {'gradient_clip_val': 0.7645420764891376, 'hidden_size': 15, 'dropout': 0.3884486643784718, 'hidden_continuous_size': 8, 'attention_head_size': 2, 'learning_rate': 0.004170266754563881}. Best is trial 0 with value: 313.2475891113281.
[I 2023-12-26 17:59:53,163] Trial 8 finished with value: 514.1935424804688 and parameters: {'gradient_clip_val': 0.4223082015067879, 'hidden_size': 131, 'dropout': 0.14480483802994965, 'hidden_continuous_size': 5, 'attention_head_size': 4, 'learning_rate': 0.07751430324744354}. Best is trial 0 with value: 313.2475891113281.
[I 2023-12-26 17:59:57,734] Trial 9 finished with value: 506.6534729003906 and parameters: {'gradient_clip_val': 0.12634689620908032, 'hidden_size': 82, 'dropout': 0.3847869309820041, 'hidden_continuous_size': 6, 'attention_head_size': 4, 'learning_rate': 0.08471695032640371}. Best is trial 0 with value: 313.2475891113281.
[I 2023-12-26 18:00:00,077] Trial 10 finished with value: 794.5513305664062 and parameters: {'gradient_clip_val': 0.2393721530453775, 'hidden_size': 32, 'dropout': 0.2941271428790175, 'hidden_continuous_size': 25, 'attention_head_size': 2, 'learning_rate': 0.0005508094029018189}. Best is trial 0 with value: 313.2475891113281.
[I 2023-12-26 18:00:03,427] Trial 11 finished with value: 766.08203125 and parameters: {'gradient_clip_val': 0.19159533333854917, 'hidden_size': 58, 'dropout': 0.33492263507298037, 'hidden_continuous_size': 19, 'attention_head_size': 4, 'learning_rate': 0.014245646886006344}. Best is trial 0 with value: 313.2475891113281.
[I 2023-12-26 18:00:07,548] Trial 12 finished with value: 1017.7548217773438 and parameters: {'gradient_clip_val': 0.16619527256914224, 'hidden_size': 71, 'dropout': 0.41727676935144853, 'hidden_continuous_size': 33, 'attention_head_size': 3, 'learning_rate': 0.008519090444310415}. Best is trial 0 with value: 313.2475891113281.
[I 2023-12-26 18:00:11,023] Trial 13 finished with value: 920.457275390625 and parameters: {'gradient_clip_val': 0.10164372235561446, 'hidden_size': 59, 'dropout': 0.30844172994169816, 'hidden_continuous_size': 59, 'attention_head_size': 4, 'learning_rate': 0.032622041772921107}. Best is trial 0 with value: 313.2475891113281.
[I 2023-12-26 18:00:13,487] Trial 14 finished with value: 726.9343872070312 and parameters: {'gradient_clip_val': 0.26520131741720787, 'hidden_size': 33, 'dropout': 0.4368007080675416, 'hidden_continuous_size': 14, 'attention_head_size': 2, 'learning_rate': 0.09881488351315675}. Best is trial 0 with value: 313.2475891113281.
[I 2023-12-26 18:00:15,972] Trial 15 finished with value: 552.1077880859375 and parameters: {'gradient_clip_val': 0.1514069440289385, 'hidden_size': 23, 'dropout': 0.36457756347991915, 'hidden_continuous_size': 5, 'attention_head_size': 3, 'learning_rate': 0.005506503135503048}. Best is trial 0 with value: 313.2475891113281.
[I 2023-12-26 18:00:21,416] Trial 16 finished with value: 819.433349609375 and parameters: {'gradient_clip_val': 0.23512072244502802, 'hidden_size': 93, 'dropout': 0.26828741970612946, 'hidden_continuous_size': 18, 'attention_head_size': 4, 'learning_rate': 0.02299576736107865}. Best is trial 0 with value: 313.2475891113281.
[I 2023-12-26 18:00:31,012] Trial 17 finished with value: 667.0365600585938 and parameters: {'gradient_clip_val': 0.15249848751559564, 'hidden_size': 145, 'dropout': 0.33903438170243316, 'hidden_continuous_size': 114, 'attention_head_size': 1, 'learning_rate': 0.01066098352344511}. Best is trial 0 with value: 313.2475891113281.
[I 2023-12-26 18:00:33,991] Trial 18 finished with value: 906.2080078125 and parameters: {'gradient_clip_val': 0.3202628269177682, 'hidden_size': 47, 'dropout': 0.45686365568656206, 'hidden_continuous_size': 10, 'attention_head_size': 3, 'learning_rate': 0.01916075293127244}. Best is trial 0 with value: 313.2475891113281.
[I 2023-12-26 18:00:39,201] Trial 19 finished with value: 847.8173217773438 and parameters: {'gradient_clip_val': 0.10061167653955996, 'hidden_size': 90, 'dropout': 0.40163968734180916, 'hidden_continuous_size': 14, 'attention_head_size': 2, 'learning_rate': 0.04185770133725969}. Best is trial 0 with value: 313.2475891113281.
[I 2023-12-26 18:00:42,027] Trial 20 finished with value: 740.47314453125 and parameters: {'gradient_clip_val': 0.1715797662522333, 'hidden_size': 45, 'dropout': 0.45555343081102767, 'hidden_continuous_size': 6, 'attention_head_size': 4, 'learning_rate': 0.05335724262131129}. Best is trial 0 with value: 313.2475891113281.
[I 2023-12-26 18:00:50,078] Trial 21 finished with value: 536.2213745117188 and parameters: {'gradient_clip_val': 0.3821112432219335, 'hidden_size': 138, 'dropout': 0.13104138548873495, 'hidden_continuous_size': 5, 'attention_head_size': 4, 'learning_rate': 0.09627978683746145}. Best is trial 0 with value: 313.2475891113281.
[I 2023-12-26 18:00:55,350] Trial 22 finished with value: 823.0679321289062 and parameters: {'gradient_clip_val': 0.49853925224646856, 'hidden_size': 92, 'dropout': 0.11056185213275921, 'hidden_continuous_size': 7, 'attention_head_size': 4, 'learning_rate': 0.06483564815265762}. Best is trial 0 with value: 313.2475891113281.
[I 2023-12-26 18:00:59,252] Trial 23 finished with value: 902.7142944335938 and parameters: {'gradient_clip_val': 0.30652430994390967, 'hidden_size': 70, 'dropout': 0.21397737363890945, 'hidden_continuous_size': 5, 'attention_head_size': 4, 'learning_rate': 0.03485862230765856}. Best is trial 0 with value: 313.2475891113281.
[I 2023-12-26 18:01:05,976] Trial 24 finished with value: 628.0493774414062 and parameters: {'gradient_clip_val': 0.206532786143199, 'hidden_size': 115, 'dropout': 0.15350985449200782, 'hidden_continuous_size': 11, 'attention_head_size': 3, 'learning_rate': 0.06847968433909046}. Best is trial 0 with value: 313.2475891113281.
[I 2023-12-26 18:01:09,854] Trial 25 finished with value: 807.8505249023438 and parameters: {'gradient_clip_val': 0.1299817070379556, 'hidden_size': 69, 'dropout': 0.10248073970628296, 'hidden_continuous_size': 7, 'attention_head_size': 4, 'learning_rate': 0.02618058405725315}. Best is trial 0 with value: 313.2475891113281.
[I 2023-12-26 18:01:18,617] Trial 26 finished with value: 844.7791137695312 and parameters: {'gradient_clip_val': 0.924465453985809, 'hidden_size': 149, 'dropout': 0.23185965135007253, 'hidden_continuous_size': 20, 'attention_head_size': 3, 'learning_rate': 0.04894156481851429}. Best is trial 0 with value: 313.2475891113281.
[I 2023-12-26 18:01:21,942] Trial 27 finished with value: 687.43994140625 and parameters: {'gradient_clip_val': 0.2875689569266461, 'hidden_size': 54, 'dropout': 0.19503312232305062, 'hidden_continuous_size': 12, 'attention_head_size': 1, 'learning_rate': 0.09515876759614147}. Best is trial 0 with value: 313.2475891113281.
[I 2023-12-26 18:01:26,636] Trial 28 finished with value: 695.9606323242188 and parameters: {'gradient_clip_val': 0.3431820017480918, 'hidden_size': 83, 'dropout': 0.2727712987877138, 'hidden_continuous_size': 8, 'attention_head_size': 4, 'learning_rate': 0.03897499576469409}. Best is trial 0 with value: 313.2475891113281.
[I 2023-12-26 18:01:28,331] Trial 29 finished with value: 965.8380737304688 and parameters: {'gradient_clip_val': 0.12337897738316668, 'hidden_size': 5, 'dropout': 0.18665723371223042, 'hidden_continuous_size': 5, 'attention_head_size': 1, 'learning_rate': 0.021583253370278683}. Best is trial 0 with value: 313.2475891113281.
[I 2023-12-26 18:01:34,825] Trial 30 finished with value: 751.1102905273438 and parameters: {'gradient_clip_val': 0.11366927523866512, 'hidden_size': 113, 'dropout': 0.15888590549250156, 'hidden_continuous_size': 15, 'attention_head_size': 2, 'learning_rate': 0.03030309121078795}. Best is trial 0 with value: 313.2475891113281.
[I 2023-12-26 18:01:42,181] Trial 31 finished with value: 773.904052734375 and parameters: {'gradient_clip_val': 0.38296165541129296, 'hidden_size': 125, 'dropout': 0.1326520493952663, 'hidden_continuous_size': 6, 'attention_head_size': 4, 'learning_rate': 0.09696846738999647}. Best is trial 0 with value: 313.2475891113281.
[I 2023-12-26 18:01:48,336] Trial 32 finished with value: 611.8960571289062 and parameters: {'gradient_clip_val': 0.3995161502173399, 'hidden_size': 106, 'dropout': 0.15614146091851622, 'hidden_continuous_size': 5, 'attention_head_size': 4, 'learning_rate': 0.06903116187210306}. Best is trial 0 with value: 313.2475891113281.
[I 2023-12-26 18:01:56,973] Trial 33 finished with value: 946.8744506835938 and parameters: {'gradient_clip_val': 0.5575834057716884, 'hidden_size': 147, 'dropout': 0.12318324615225017, 'hidden_continuous_size': 9, 'attention_head_size': 4, 'learning_rate': 0.05748310353087846}. Best is trial 0 with value: 313.2475891113281.
[I 2023-12-26 18:02:01,496] Trial 34 finished with value: 976.5674438476562 and parameters: {'gradient_clip_val': 0.3962162112015172, 'hidden_size': 81, 'dropout': 0.1386382063564096, 'hidden_continuous_size': 5, 'attention_head_size': 3, 'learning_rate': 0.07573955747741354}. Best is trial 0 with value: 313.2475891113281.
[I 2023-12-26 18:02:07,180] Trial 35 finished with value: 977.425537109375 and parameters: {'gradient_clip_val': 0.4625936319571216, 'hidden_size': 100, 'dropout': 0.17380430873313404, 'hidden_continuous_size': 6, 'attention_head_size': 4, 'learning_rate': 0.04843166480060722}. Best is trial 0 with value: 313.2475891113281.
[I 2023-12-26 18:02:14,525] Trial 36 finished with value: 599.1221923828125 and parameters: {'gradient_clip_val': 0.3484031981985158, 'hidden_size': 126, 'dropout': 0.2123503307431905, 'hidden_continuous_size': 10, 'attention_head_size': 3, 'learning_rate': 0.08259139245318792}. Best is trial 0 with value: 313.2475891113281.
[I 2023-12-26 18:02:18,635] Trial 37 finished with value: 731.1220703125 and parameters: {'gradient_clip_val': 0.6236328412833143, 'hidden_size': 74, 'dropout': 0.12087412882851212, 'hidden_continuous_size': 6, 'attention_head_size': 4, 'learning_rate': 0.06184652924768157}. Best is trial 0 with value: 313.2475891113281.
[I 2023-12-26 18:02:24,018] Trial 38 finished with value: 790.8164672851562 and parameters: {'gradient_clip_val': 0.27248375325002683, 'hidden_size': 95, 'dropout': 0.3809984625241714, 'hidden_continuous_size': 8, 'attention_head_size': 1, 'learning_rate': 0.04012981337546788}. Best is trial 0 with value: 313.2475891113281.
[I 2023-12-26 18:02:31,708] Trial 39 finished with value: 645.9957275390625 and parameters: {'gradient_clip_val': 0.44493487903811596, 'hidden_size': 127, 'dropout': 0.10350522671919583, 'hidden_continuous_size': 12, 'attention_head_size': 2, 'learning_rate': 0.01643934268890666}. Best is trial 0 with value: 313.2475891113281.
[I 2023-12-26 18:02:35,020] Trial 40 finished with value: 747.2366333007812 and parameters: {'gradient_clip_val': 0.23712032326508203, 'hidden_size': 64, 'dropout': 0.3546816062162698, 'hidden_continuous_size': 7, 'attention_head_size': 3, 'learning_rate': 0.09957811388049394}. Best is trial 0 with value: 313.2475891113281.
[I 2023-12-26 18:02:37,400] Trial 41 finished with value: 833.729248046875 and parameters: {'gradient_clip_val': 0.14995931755449318, 'hidden_size': 27, 'dropout': 0.3887838365593227, 'hidden_continuous_size': 5, 'attention_head_size': 3, 'learning_rate': 0.0048212129643981525}. Best is trial 0 with value: 313.2475891113281.
[I 2023-12-26 18:02:39,677] Trial 42 finished with value: 787.8162231445312 and parameters: {'gradient_clip_val': 0.13724233546482284, 'hidden_size': 23, 'dropout': 0.35464497756553426, 'hidden_continuous_size': 5, 'attention_head_size': 4, 'learning_rate': 0.002377912611713223}. Best is trial 0 with value: 313.2475891113281.
[I 2023-12-26 18:02:41,786] Trial 43 finished with value: 833.1106567382812 and parameters: {'gradient_clip_val': 0.11759006482469318, 'hidden_size': 20, 'dropout': 0.36949922999773666, 'hidden_continuous_size': 6, 'attention_head_size': 3, 'learning_rate': 0.00517935064140426}. Best is trial 0 with value: 313.2475891113281.
[I 2023-12-26 18:02:44,310] Trial 44 finished with value: 851.6591186523438 and parameters: {'gradient_clip_val': 0.11144621297790709, 'hidden_size': 36, 'dropout': 0.40791852452278365, 'hidden_continuous_size': 5, 'attention_head_size': 4, 'learning_rate': 0.0033021756601274523}. Best is trial 0 with value: 313.2475891113281.
[I 2023-12-26 18:02:46,335] Trial 45 finished with value: 731.9837036132812 and parameters: {'gradient_clip_val': 0.18634942721095712, 'hidden_size': 14, 'dropout': 0.32037981237079266, 'hidden_continuous_size': 5, 'attention_head_size': 2, 'learning_rate': 0.010061568819563839}. Best is trial 0 with value: 313.2475891113281.
[I 2023-12-26 18:02:48,372] Trial 46 finished with value: 919.8408813476562 and parameters: {'gradient_clip_val': 0.13816623931946176, 'hidden_size': 12, 'dropout': 0.33642437365154054, 'hidden_continuous_size': 6, 'attention_head_size': 4, 'learning_rate': 0.0018080086161975388}. Best is trial 0 with value: 313.2475891113281.
[I 2023-12-26 18:02:50,829] Trial 47 finished with value: 827.974609375 and parameters: {'gradient_clip_val': 0.16017650687981136, 'hidden_size': 30, 'dropout': 0.42487443878276454, 'hidden_continuous_size': 6, 'attention_head_size': 3, 'learning_rate': 0.02692177444603243}. Best is trial 0 with value: 313.2475891113281.
[I 2023-12-26 18:02:53,748] Trial 48 finished with value: 856.7994995117188 and parameters: {'gradient_clip_val': 0.2154101152474813, 'hidden_size': 50, 'dropout': 0.38803305031132496, 'hidden_continuous_size': 7, 'attention_head_size': 4, 'learning_rate': 0.013941764768517712}. Best is trial 0 with value: 313.2475891113281.
[I 2023-12-26 18:02:56,504] Trial 49 finished with value: 1002.78515625 and parameters: {'gradient_clip_val': 0.17674730479128808, 'hidden_size': 41, 'dropout': 0.2917348343467954, 'hidden_continuous_size': 16, 'attention_head_size': 4, 'learning_rate': 0.00696003991113847}. Best is trial 0 with value: 313.2475891113281.
[I 2023-12-26 18:02:56,627] A new study created in memory with name: no-name-f557eb38-a8ae-4860-b011-2d2f458deaae
/home/le004/conda/anaconda3/envs/tsff_env/lib/python3.9/site-packages/lightning/fabric/plugins/environments/slurm.py:191: The `srun` command is available on your system but is not used. HINT: If your intention is to run Lightning on SLURM, prepend your python command with `srun` like so: srun python /home/le004/master_thesis/git/TSFusionForecast/code/ ...
[I 2023-12-26 18:06:48,729] Trial 0 finished with value: 0.12637127935886383 and parameters: {'gradient_clip_val': 0.978407611486154, 'hidden_size': 11, 'dropout': 0.47068296037609936, 'hidden_continuous_size': 9, 'attention_head_size': 1, 'learning_rate': 0.027368023777868546}. Best is trial 0 with value: 0.12637127935886383.
[I 2023-12-26 18:06:56,535] Trial 1 finished with value: 3.2364797592163086 and parameters: {'gradient_clip_val': 0.10400476328362454, 'hidden_size': 116, 'dropout': 0.1777887793295515, 'hidden_continuous_size': 66, 'attention_head_size': 2, 'learning_rate': 0.0022378353128472777}. Best is trial 0 with value: 0.12637127935886383.
[I 2023-12-26 18:06:58,555] Trial 2 finished with value: 3.29956316947937 and parameters: {'gradient_clip_val': 0.25309271098443087, 'hidden_size': 13, 'dropout': 0.231680538522808, 'hidden_continuous_size': 13, 'attention_head_size': 4, 'learning_rate': 0.0017913058444944399}. Best is trial 0 with value: 0.12637127935886383.
[I 2023-12-26 18:07:00,242] Trial 3 finished with value: 4.669178485870361 and parameters: {'gradient_clip_val': 0.5283255774602521, 'hidden_size': 5, 'dropout': 0.3352224066159989, 'hidden_continuous_size': 5, 'attention_head_size': 1, 'learning_rate': 0.0006461896192833034}. Best is trial 0 with value: 0.12637127935886383.
[I 2023-12-26 18:07:04,141] Trial 4 finished with value: 3.3000354766845703 and parameters: {'gradient_clip_val': 0.5851366658628895, 'hidden_size': 61, 'dropout': 0.3379154157641383, 'hidden_continuous_size': 19, 'attention_head_size': 4, 'learning_rate': 0.04880909588882513}. Best is trial 0 with value: 0.12637127935886383.
[I 2023-12-26 18:07:07,100] Trial 5 finished with value: 2.948030471801758 and parameters: {'gradient_clip_val': 0.10329243584740724, 'hidden_size': 44, 'dropout': 0.19351184171363178, 'hidden_continuous_size': 22, 'attention_head_size': 2, 'learning_rate': 0.0022334246498024618}. Best is trial 0 with value: 0.12637127935886383.
[I 2023-12-26 18:07:11,876] Trial 6 finished with value: 2.916522979736328 and parameters: {'gradient_clip_val': 0.34137888237423286, 'hidden_size': 76, 'dropout': 0.36432572978323197, 'hidden_continuous_size': 15, 'attention_head_size': 2, 'learning_rate': 0.015005837691939531}. Best is trial 0 with value: 0.12637127935886383.
[I 2023-12-26 18:07:16,662] Trial 7 finished with value: 2.5346262454986572 and parameters: {'gradient_clip_val': 0.23456427832948654, 'hidden_size': 77, 'dropout': 0.4775482881998788, 'hidden_continuous_size': 5, 'attention_head_size': 3, 'learning_rate': 0.01366799675222576}. Best is trial 0 with value: 0.12637127935886383.
[I 2023-12-26 18:07:25,226] Trial 8 finished with value: 3.2518017292022705 and parameters: {'gradient_clip_val': 0.14746329379542653, 'hidden_size': 123, 'dropout': 0.10617531921646176, 'hidden_continuous_size': 93, 'attention_head_size': 1, 'learning_rate': 0.014946195720578405}. Best is trial 0 with value: 0.12637127935886383.
[I 2023-12-26 18:07:26,924] Trial 9 finished with value: 3.6303317546844482 and parameters: {'gradient_clip_val': 0.32503601366412604, 'hidden_size': 5, 'dropout': 0.405266575753194, 'hidden_continuous_size': 5, 'attention_head_size': 1, 'learning_rate': 0.0031623400073810966}. Best is trial 0 with value: 0.12637127935886383.
[I 2023-12-26 18:07:29,122] Trial 10 finished with value: 3.008051872253418 and parameters: {'gradient_clip_val': 0.9597811410482446, 'hidden_size': 24, 'dropout': 0.49357431658597173, 'hidden_continuous_size': 8, 'attention_head_size': 3, 'learning_rate': 0.08259624589007467}. Best is trial 0 with value: 0.12637127935886383.
[I 2023-12-26 18:07:31,365] Trial 11 finished with value: 3.4335758686065674 and parameters: {'gradient_clip_val': 0.960377677920116, 'hidden_size': 22, 'dropout': 0.4992595050218254, 'hidden_continuous_size': 7, 'attention_head_size': 3, 'learning_rate': 0.023086669348208556}. Best is trial 0 with value: 0.12637127935886383.
[I 2023-12-26 18:07:33,393] Trial 12 finished with value: 2.6652638912200928 and parameters: {'gradient_clip_val': 0.21873244077051085, 'hidden_size': 12, 'dropout': 0.4299569717004741, 'hidden_continuous_size': 5, 'attention_head_size': 3, 'learning_rate': 0.007195837220746778}. Best is trial 0 with value: 0.12637127935886383.
[I 2023-12-26 18:07:36,578] Trial 13 finished with value: 2.867982864379883 and parameters: {'gradient_clip_val': 0.4974649730729367, 'hidden_size': 43, 'dropout': 0.4389445730582415, 'hidden_continuous_size': 8, 'attention_head_size': 3, 'learning_rate': 0.03236047092220024}. Best is trial 0 with value: 0.12637127935886383.
[I 2023-12-26 18:07:38,672] Trial 14 finished with value: 2.398524045944214 and parameters: {'gradient_clip_val': 0.2101859953534754, 'hidden_size': 14, 'dropout': 0.461117965982943, 'hidden_continuous_size': 6, 'attention_head_size': 2, 'learning_rate': 0.00828056038074489}. Best is trial 0 with value: 0.12637127935886383.
[I 2023-12-26 18:07:40,679] Trial 15 finished with value: 2.6123878955841064 and parameters: {'gradient_clip_val': 0.696348325540894, 'hidden_size': 10, 'dropout': 0.3973866446320389, 'hidden_continuous_size': 6, 'attention_head_size': 1, 'learning_rate': 0.005218883373845247}. Best is trial 0 with value: 0.12637127935886383.
[I 2023-12-26 18:07:42,599] Trial 16 finished with value: 2.7731897830963135 and parameters: {'gradient_clip_val': 0.4339304601661788, 'hidden_size': 8, 'dropout': 0.4502333974966368, 'hidden_continuous_size': 6, 'attention_head_size': 2, 'learning_rate': 0.08057065401788545}. Best is trial 0 with value: 0.12637127935886383.
[I 2023-12-26 18:07:44,679] Trial 17 finished with value: 2.7640631198883057 and parameters: {'gradient_clip_val': 0.3889273646529278, 'hidden_size': 14, 'dropout': 0.38787013077703997, 'hidden_continuous_size': 6, 'attention_head_size': 1, 'learning_rate': 0.03626856812396711}. Best is trial 0 with value: 0.12637127935886383.
[I 2023-12-26 18:07:46,819] Trial 18 finished with value: 2.5048723220825195 and parameters: {'gradient_clip_val': 0.7174219472542526, 'hidden_size': 18, 'dropout': 0.29240960044441444, 'hidden_continuous_size': 9, 'attention_head_size': 2, 'learning_rate': 0.009591322337807249}. Best is trial 0 with value: 0.12637127935886383.
[I 2023-12-26 18:07:48,662] Trial 19 finished with value: 2.919456720352173 and parameters: {'gradient_clip_val': 0.18460286986298471, 'hidden_size': 8, 'dropout': 0.45439260915124563, 'hidden_continuous_size': 6, 'attention_head_size': 1, 'learning_rate': 0.022163065795660394}. Best is trial 0 with value: 0.12637127935886383.
