[I 2023-12-26 15:51:16,166] Trial 30 finished with value: 3.7404677867889404 and parameters: {'gradient_clip_val': 0.12218358885912191, 'hidden_size': 48, 'dropout': 0.35182636362194386, 'hidden_continuous_size': 8, 'attention_head_size': 4, 'learning_rate': 0.012144053800737464}. Best is trial 0 with value: 0.05187442898750305.
[I 2023-12-26 15:51:19,320] Trial 31 finished with value: 2.893580198287964 and parameters: {'gradient_clip_val': 0.12537576903084713, 'hidden_size': 40, 'dropout': 0.1137350008776727, 'hidden_continuous_size': 10, 'attention_head_size': 3, 'learning_rate': 0.0006620795909312114}. Best is trial 0 with value: 0.05187442898750305.
[I 2023-12-26 15:51:23,223] Trial 32 finished with value: 4.08865213394165 and parameters: {'gradient_clip_val': 0.14907374000744114, 'hidden_size': 50, 'dropout': 0.1866376749426826, 'hidden_continuous_size': 7, 'attention_head_size': 3, 'learning_rate': 0.0005128883547120171}. Best is trial 0 with value: 0.05187442898750305.
[I 2023-12-26 15:51:28,906] Trial 33 finished with value: 3.308511734008789 and parameters: {'gradient_clip_val': 0.12259833408440106, 'hidden_size': 70, 'dropout': 0.16577711700105485, 'hidden_continuous_size': 6, 'attention_head_size': 3, 'learning_rate': 0.001131437398579402}. Best is trial 0 with value: 0.05187442898750305.
[I 2023-12-26 15:51:31,473] Trial 34 finished with value: 2.9199180603027344 and parameters: {'gradient_clip_val': 0.2242792563472673, 'hidden_size': 32, 'dropout': 0.129215431926527, 'hidden_continuous_size': 9, 'attention_head_size': 2, 'learning_rate': 0.0016007329827322806}. Best is trial 0 with value: 0.05187442898750305.
[I 2023-12-26 15:51:34,805] Trial 35 finished with value: 2.22607159614563 and parameters: {'gradient_clip_val': 0.18805902565228635, 'hidden_size': 42, 'dropout': 0.19611919778092776, 'hidden_continuous_size': 12, 'attention_head_size': 3, 'learning_rate': 0.0008636330555483194}. Best is trial 0 with value: 0.05187442898750305.
[I 2023-12-26 15:51:40,114] Trial 36 finished with value: 2.767383575439453 and parameters: {'gradient_clip_val': 0.19150632181334715, 'hidden_size': 78, 'dropout': 0.2232114713541252, 'hidden_continuous_size': 16, 'attention_head_size': 4, 'learning_rate': 0.0008718430979302233}. Best is trial 0 with value: 0.05187442898750305.
[I 2023-12-26 15:51:45,145] Trial 37 finished with value: 4.053158760070801 and parameters: {'gradient_clip_val': 0.2556346513549624, 'hidden_size': 62, 'dropout': 0.23338508913499162, 'hidden_continuous_size': 12, 'attention_head_size': 3, 'learning_rate': 0.0018276725362071286}. Best is trial 0 with value: 0.05187442898750305.
[I 2023-12-26 15:51:48,460] Trial 38 finished with value: 3.0584781169891357 and parameters: {'gradient_clip_val': 0.15592110563627976, 'hidden_size': 42, 'dropout': 0.26910170012817325, 'hidden_continuous_size': 12, 'attention_head_size': 1, 'learning_rate': 0.0014568973853705427}. Best is trial 0 with value: 0.05187442898750305.
[I 2023-12-26 15:51:51,154] Trial 39 finished with value: 3.2888424396514893 and parameters: {'gradient_clip_val': 0.1825433967346857, 'hidden_size': 31, 'dropout': 0.19806236714465347, 'hidden_continuous_size': 9, 'attention_head_size': 2, 'learning_rate': 0.000932300217204325}. Best is trial 0 with value: 0.05187442898750305.
[I 2023-12-26 15:51:53,562] Trial 40 finished with value: 3.5660152435302734 and parameters: {'gradient_clip_val': 0.21812219220053392, 'hidden_size': 25, 'dropout': 0.31640301236459173, 'hidden_continuous_size': 10, 'attention_head_size': 3, 'learning_rate': 0.0028044011555424767}. Best is trial 0 with value: 0.05187442898750305.
[I 2023-12-26 15:51:56,679] Trial 41 finished with value: 3.792205810546875 and parameters: {'gradient_clip_val': 0.13696517242054349, 'hidden_size': 44, 'dropout': 0.10543531577226445, 'hidden_continuous_size': 17, 'attention_head_size': 3, 'learning_rate': 0.0007761850066438646}. Best is trial 0 with value: 0.05187442898750305.
[I 2023-12-26 15:51:59,635] Trial 42 finished with value: 2.2685248851776123 and parameters: {'gradient_clip_val': 0.15951533671031404, 'hidden_size': 42, 'dropout': 0.15471603160158265, 'hidden_continuous_size': 14, 'attention_head_size': 3, 'learning_rate': 0.0005108448024856633}. Best is trial 0 with value: 0.05187442898750305.
[I 2023-12-26 15:52:02,320] Trial 43 finished with value: 4.733058929443359 and parameters: {'gradient_clip_val': 0.1666700817909792, 'hidden_size': 38, 'dropout': 0.17290518529925414, 'hidden_continuous_size': 15, 'attention_head_size': 3, 'learning_rate': 0.0005390248489490249}. Best is trial 0 with value: 0.05187442898750305.
[I 2023-12-26 15:52:05,518] Trial 44 finished with value: 4.448675155639648 and parameters: {'gradient_clip_val': 0.14428694146297794, 'hidden_size': 54, 'dropout': 0.15369690284323534, 'hidden_continuous_size': 14, 'attention_head_size': 4, 'learning_rate': 0.0010586588758594454}. Best is trial 0 with value: 0.05187442898750305.
[I 2023-12-26 15:52:08,226] Trial 45 finished with value: 3.324986219406128 and parameters: {'gradient_clip_val': 0.17962873790470313, 'hidden_size': 30, 'dropout': 0.21388005825162032, 'hidden_continuous_size': 12, 'attention_head_size': 2, 'learning_rate': 0.0007472221855943942}. Best is trial 0 with value: 0.05187442898750305.
[I 2023-12-26 15:52:10,459] Trial 46 finished with value: 3.5216169357299805 and parameters: {'gradient_clip_val': 0.21562194188650113, 'hidden_size': 24, 'dropout': 0.18884579927645065, 'hidden_continuous_size': 14, 'attention_head_size': 3, 'learning_rate': 0.0008499911749629292}. Best is trial 0 with value: 0.05187442898750305.
[I 2023-12-26 15:52:13,009] Trial 47 finished with value: 4.443976402282715 and parameters: {'gradient_clip_val': 0.15858299100346082, 'hidden_size': 33, 'dropout': 0.1479122690818612, 'hidden_continuous_size': 18, 'attention_head_size': 4, 'learning_rate': 0.0012071871198821018}. Best is trial 0 with value: 0.05187442898750305.
[I 2023-12-26 15:52:15,613] Trial 48 finished with value: 3.942087173461914 and parameters: {'gradient_clip_val': 0.18417033969720722, 'hidden_size': 40, 'dropout': 0.38351267142423073, 'hidden_continuous_size': 11, 'attention_head_size': 3, 'learning_rate': 0.002211175980145663}. Best is trial 0 with value: 0.05187442898750305.
[I 2023-12-26 15:52:19,572] Trial 49 finished with value: 3.12542462348938 and parameters: {'gradient_clip_val': 0.1393537051237555, 'hidden_size': 68, 'dropout': 0.17997885634834132, 'hidden_continuous_size': 18, 'attention_head_size': 3, 'learning_rate': 0.003850677448747987}. Best is trial 0 with value: 0.05187442898750305.
[I 2023-12-26 15:52:19,693] A new study created in memory with name: no-name-68985bcb-3c24-43ca-9552-0e6bb0c73be9
/home/le004/conda/anaconda3/envs/tsff_env/lib/python3.9/site-packages/lightning/fabric/plugins/environments/slurm.py:191: The `srun` command is available on your system but is not used. HINT: If your intention is to run Lightning on SLURM, prepend your python command with `srun` like so: srun python /home/le004/master_thesis/git/TSFusionForecast/code/ ...
[I 2023-12-26 15:55:59,044] Trial 0 finished with value: 0.061459530144929886 and parameters: {'gradient_clip_val': 0.2871658632625837, 'hidden_size': 5, 'dropout': 0.27128931071817314, 'hidden_continuous_size': 5, 'attention_head_size': 3, 'learning_rate': 0.02595868256238432}. Best is trial 0 with value: 0.061459530144929886.
[I 2023-12-26 15:56:06,839] Trial 1 finished with value: 3.434401273727417 and parameters: {'gradient_clip_val': 0.2650133641982043, 'hidden_size': 125, 'dropout': 0.19838813149163365, 'hidden_continuous_size': 52, 'attention_head_size': 3, 'learning_rate': 0.001350684310384824}. Best is trial 0 with value: 0.061459530144929886.
[I 2023-12-26 15:56:08,858] Trial 2 finished with value: 2.4356472492218018 and parameters: {'gradient_clip_val': 0.4210825219433656, 'hidden_size': 17, 'dropout': 0.486957113494234, 'hidden_continuous_size': 6, 'attention_head_size': 3, 'learning_rate': 0.000744835792798628}. Best is trial 0 with value: 0.061459530144929886.
[I 2023-12-26 15:56:10,927] Trial 3 finished with value: 2.566298246383667 and parameters: {'gradient_clip_val': 0.1424439854404202, 'hidden_size': 14, 'dropout': 0.294350536336306, 'hidden_continuous_size': 10, 'attention_head_size': 2, 'learning_rate': 0.0017061827850414109}. Best is trial 0 with value: 0.061459530144929886.
[I 2023-12-26 15:56:12,979] Trial 4 finished with value: 3.094947099685669 and parameters: {'gradient_clip_val': 0.1663496488548956, 'hidden_size': 13, 'dropout': 0.39686054670891724, 'hidden_continuous_size': 5, 'attention_head_size': 4, 'learning_rate': 0.009544708008322227}. Best is trial 0 with value: 0.061459530144929886.
[I 2023-12-26 15:56:14,713] Trial 5 finished with value: 3.345442056655884 and parameters: {'gradient_clip_val': 0.5074017639349767, 'hidden_size': 5, 'dropout': 0.3218294288124922, 'hidden_continuous_size': 5, 'attention_head_size': 3, 'learning_rate': 0.0005964453895099814}. Best is trial 0 with value: 0.061459530144929886.
[I 2023-12-26 15:56:16,837] Trial 6 finished with value: 2.549811601638794 and parameters: {'gradient_clip_val': 0.6590824620969865, 'hidden_size': 10, 'dropout': 0.4473822317310523, 'hidden_continuous_size': 8, 'attention_head_size': 1, 'learning_rate': 0.018241997435372966}. Best is trial 0 with value: 0.061459530144929886.
[I 2023-12-26 15:56:23,501] Trial 7 finished with value: 3.04183292388916 and parameters: {'gradient_clip_val': 0.5638101266657713, 'hidden_size': 111, 'dropout': 0.4275182754667525, 'hidden_continuous_size': 17, 'attention_head_size': 1, 'learning_rate': 0.001856023444297077}. Best is trial 0 with value: 0.061459530144929886.
[I 2023-12-26 15:56:25,385] Trial 8 finished with value: 2.6241748332977295 and parameters: {'gradient_clip_val': 0.9861984399972592, 'hidden_size': 6, 'dropout': 0.15550514435556415, 'hidden_continuous_size': 5, 'attention_head_size': 3, 'learning_rate': 0.0850622307710519}. Best is trial 0 with value: 0.061459530144929886.
[I 2023-12-26 15:56:27,468] Trial 9 finished with value: 2.4805963039398193 and parameters: {'gradient_clip_val': 0.5345714671968028, 'hidden_size': 15, 'dropout': 0.32012961715606947, 'hidden_continuous_size': 6, 'attention_head_size': 2, 'learning_rate': 0.0007489174316981914}. Best is trial 0 with value: 0.061459530144929886.
[I 2023-12-26 15:56:30,207] Trial 10 finished with value: 2.3884148597717285 and parameters: {'gradient_clip_val': 0.24867926398953197, 'hidden_size': 39, 'dropout': 0.1049198386069918, 'hidden_continuous_size': 14, 'attention_head_size': 4, 'learning_rate': 0.03580295310015898}. Best is trial 0 with value: 0.061459530144929886.
[I 2023-12-26 15:56:32,872] Trial 11 finished with value: 2.925706624984741 and parameters: {'gradient_clip_val': 0.2567938576153514, 'hidden_size': 37, 'dropout': 0.10888313015098144, 'hidden_continuous_size': 14, 'attention_head_size': 4, 'learning_rate': 0.037851936238316}. Best is trial 0 with value: 0.061459530144929886.
[I 2023-12-26 15:56:35,409] Trial 12 finished with value: 2.64621901512146 and parameters: {'gradient_clip_val': 0.10030821512557295, 'hidden_size': 34, 'dropout': 0.22178700010167002, 'hidden_continuous_size': 10, 'attention_head_size': 4, 'learning_rate': 0.02917610273445912}. Best is trial 0 with value: 0.061459530144929886.
[I 2023-12-26 15:56:38,590] Trial 13 finished with value: 2.829294204711914 and parameters: {'gradient_clip_val': 0.3289211609883569, 'hidden_size': 53, 'dropout': 0.10779652005893603, 'hidden_continuous_size': 19, 'attention_head_size': 4, 'learning_rate': 0.07837216687181549}. Best is trial 0 with value: 0.061459530144929886.
[I 2023-12-26 15:56:40,634] Trial 14 finished with value: 3.491665840148926 and parameters: {'gradient_clip_val': 0.2210188877892196, 'hidden_size': 8, 'dropout': 0.2568499952262625, 'hidden_continuous_size': 5, 'attention_head_size': 2, 'learning_rate': 0.00843422739570503}. Best is trial 0 with value: 0.061459530144929886.
[I 2023-12-26 15:56:43,635] Trial 15 finished with value: 2.191056966781616 and parameters: {'gradient_clip_val': 0.34892155803079944, 'hidden_size': 22, 'dropout': 0.17642245725433559, 'hidden_continuous_size': 7, 'attention_head_size': 4, 'learning_rate': 0.019625338960722823}. Best is trial 0 with value: 0.061459530144929886.
[I 2023-12-26 15:56:46,074] Trial 16 finished with value: 3.3912479877471924 and parameters: {'gradient_clip_val': 0.3326619223186386, 'hidden_size': 7, 'dropout': 0.1917241207968083, 'hidden_continuous_size': 5, 'attention_head_size': 3, 'learning_rate': 0.015773055484205836}. Best is trial 0 with value: 0.061459530144929886.
[I 2023-12-26 15:56:48,867] Trial 17 finished with value: 3.1436049938201904 and parameters: {'gradient_clip_val': 0.36840094200496754, 'hidden_size': 9, 'dropout': 0.2571573778256024, 'hidden_continuous_size': 6, 'attention_head_size': 4, 'learning_rate': 0.004438184933861714}. Best is trial 0 with value: 0.061459530144929886.
[I 2023-12-26 15:56:51,785] Trial 18 finished with value: 2.291635036468506 and parameters: {'gradient_clip_val': 0.411862281844808, 'hidden_size': 22, 'dropout': 0.17172742445294384, 'hidden_continuous_size': 7, 'attention_head_size': 3, 'learning_rate': 0.004298791563797518}. Best is trial 0 with value: 0.061459530144929886.
[I 2023-12-26 15:56:54,113] Trial 19 finished with value: 2.343491792678833 and parameters: {'gradient_clip_val': 0.19454019128731107, 'hidden_size': 6, 'dropout': 0.36088260929744803, 'hidden_continuous_size': 5, 'attention_head_size': 2, 'learning_rate': 0.015272098399044393}. Best is trial 0 with value: 0.061459530144929886.
[I 2023-12-26 15:56:56,355] Trial 20 finished with value: 3.323955535888672 and parameters: {'gradient_clip_val': 0.28965618816517513, 'hidden_size': 5, 'dropout': 0.2356947779737807, 'hidden_continuous_size': 5, 'attention_head_size': 4, 'learning_rate': 0.05474881801594191}. Best is trial 0 with value: 0.061459530144929886.
[I 2023-12-26 15:56:59,221] Trial 21 finished with value: 2.8826732635498047 and parameters: {'gradient_clip_val': 0.39708111605089, 'hidden_size': 22, 'dropout': 0.1708827623205792, 'hidden_continuous_size': 7, 'attention_head_size': 3, 'learning_rate': 0.004676024882893255}. Best is trial 0 with value: 0.061459530144929886.
[I 2023-12-26 15:57:02,249] Trial 22 finished with value: 3.1384706497192383 and parameters: {'gradient_clip_val': 0.3195467936658302, 'hidden_size': 23, 'dropout': 0.15812616775176513, 'hidden_continuous_size': 7, 'attention_head_size': 3, 'learning_rate': 0.023747314271139963}. Best is trial 0 with value: 0.061459530144929886.
[I 2023-12-26 15:57:04,755] Trial 23 finished with value: 4.089445114135742 and parameters: {'gradient_clip_val': 0.42978442438503145, 'hidden_size': 11, 'dropout': 0.2798467076118645, 'hidden_continuous_size': 6, 'attention_head_size': 3, 'learning_rate': 0.009973218528414747}. Best is trial 0 with value: 0.061459530144929886.
[I 2023-12-26 15:57:07,472] Trial 24 finished with value: 2.310997724533081 and parameters: {'gradient_clip_val': 0.32810409889285397, 'hidden_size': 19, 'dropout': 0.2153634949262753, 'hidden_continuous_size': 7, 'attention_head_size': 2, 'learning_rate': 0.005056797777923632}. Best is trial 0 with value: 0.061459530144929886.
[I 2023-12-26 15:57:10,671] Trial 25 finished with value: 3.1905853748321533 and parameters: {'gradient_clip_val': 0.22750237197882914, 'hidden_size': 27, 'dropout': 0.24459867450771045, 'hidden_continuous_size': 8, 'attention_head_size': 3, 'learning_rate': 0.0429853865700848}. Best is trial 0 with value: 0.061459530144929886.
[I 2023-12-26 15:57:13,211] Trial 26 finished with value: 3.7932255268096924 and parameters: {'gradient_clip_val': 0.28595753778927696, 'hidden_size': 11, 'dropout': 0.19509704977530756, 'hidden_continuous_size': 6, 'attention_head_size': 4, 'learning_rate': 0.01233136388967603}. Best is trial 0 with value: 0.061459530144929886.
[I 2023-12-26 15:57:15,537] Trial 27 finished with value: 3.1140060424804688 and parameters: {'gradient_clip_val': 0.45004193486714844, 'hidden_size': 8, 'dropout': 0.15273419107746516, 'hidden_continuous_size': 5, 'attention_head_size': 3, 'learning_rate': 0.006683499515680919}. Best is trial 0 with value: 0.061459530144929886.
[I 2023-12-26 15:57:18,204] Trial 28 finished with value: 3.3875315189361572 and parameters: {'gradient_clip_val': 0.3712226708440674, 'hidden_size': 18, 'dropout': 0.2653027750743457, 'hidden_continuous_size': 7, 'attention_head_size': 2, 'learning_rate': 0.02228043667990273}. Best is trial 0 with value: 0.061459530144929886.
[I 2023-12-26 15:57:21,103] Trial 29 finished with value: 2.1772592067718506 and parameters: {'gradient_clip_val': 0.2741919130163125, 'hidden_size': 12, 'dropout': 0.21614399557157382, 'hidden_continuous_size': 6, 'attention_head_size': 4, 'learning_rate': 0.0030819172929130775}. Best is trial 0 with value: 0.061459530144929886.
[I 2023-12-26 15:57:23,695] Trial 30 finished with value: 2.8180010318756104 and parameters: {'gradient_clip_val': 0.2773144149235334, 'hidden_size': 12, 'dropout': 0.21346799332377175, 'hidden_continuous_size': 6, 'attention_head_size': 4, 'learning_rate': 0.002901832578814562}. Best is trial 0 with value: 0.061459530144929886.
[I 2023-12-26 15:57:26,389] Trial 31 finished with value: 3.3130733966827393 and parameters: {'gradient_clip_val': 0.283514259384126, 'hidden_size': 15, 'dropout': 0.18392693957131295, 'hidden_continuous_size': 7, 'attention_head_size': 4, 'learning_rate': 0.0030123285217704353}. Best is trial 0 with value: 0.061459530144929886.
[I 2023-12-26 15:57:28,874] Trial 32 finished with value: 3.0169875621795654 and parameters: {'gradient_clip_val': 0.36974606673102345, 'hidden_size': 9, 'dropout': 0.22577039531322796, 'hidden_continuous_size': 6, 'attention_head_size': 3, 'learning_rate': 0.012804713355334226}. Best is trial 0 with value: 0.061459530144929886.
[I 2023-12-26 15:57:31,548] Trial 33 finished with value: 2.201063632965088 and parameters: {'gradient_clip_val': 0.2308990115112474, 'hidden_size': 17, 'dropout': 0.1388329129450839, 'hidden_continuous_size': 8, 'attention_head_size': 3, 'learning_rate': 0.007322269313019803}. Best is trial 0 with value: 0.061459530144929886.
[I 2023-12-26 15:57:34,157] Trial 34 finished with value: 3.2401225566864014 and parameters: {'gradient_clip_val': 0.21283639810436417, 'hidden_size': 13, 'dropout': 0.1378784467208375, 'hidden_continuous_size': 8, 'attention_head_size': 4, 'learning_rate': 0.006659381852823263}. Best is trial 0 with value: 0.061459530144929886.
[I 2023-12-26 15:57:36,837] Trial 35 finished with value: 2.4292409420013428 and parameters: {'gradient_clip_val': 0.18361856788392375, 'hidden_size': 17, 'dropout': 0.20388711431514664, 'hidden_continuous_size': 9, 'attention_head_size': 4, 'learning_rate': 0.019490885571262048}. Best is trial 0 with value: 0.061459530144929886.
[I 2023-12-26 15:57:39,436] Trial 36 finished with value: 1.8956941366195679 and parameters: {'gradient_clip_val': 0.23730311994027187, 'hidden_size': 13, 'dropout': 0.13775133931898162, 'hidden_continuous_size': 8, 'attention_head_size': 3, 'learning_rate': 0.02791822440344713}. Best is trial 0 with value: 0.061459530144929886.
[I 2023-12-26 15:57:41,955] Trial 37 finished with value: 3.2797110080718994 and parameters: {'gradient_clip_val': 0.2574281954621408, 'hidden_size': 10, 'dropout': 0.29123667686009547, 'hidden_continuous_size': 6, 'attention_head_size': 3, 'learning_rate': 0.02469034300779616}. Best is trial 0 with value: 0.061459530144929886.
[I 2023-12-26 15:57:44,249] Trial 38 finished with value: 3.606170415878296 and parameters: {'gradient_clip_val': 0.1622207945741387, 'hidden_size': 6, 'dropout': 0.2346288104562745, 'hidden_continuous_size': 5, 'attention_head_size': 1, 'learning_rate': 0.055299232404834905}. Best is trial 0 with value: 0.061459530144929886.
[I 2023-12-26 15:57:46,915] Trial 39 finished with value: 2.5796306133270264 and parameters: {'gradient_clip_val': 0.3030961369522912, 'hidden_size': 13, 'dropout': 0.19577695382032362, 'hidden_continuous_size': 7, 'attention_head_size': 4, 'learning_rate': 0.028776920495235968}. Best is trial 0 with value: 0.061459530144929886.
[I 2023-12-26 15:57:49,089] Trial 40 finished with value: 2.2940332889556885 and parameters: {'gradient_clip_val': 0.20006658449697046, 'hidden_size': 5, 'dropout': 0.2758569349475245, 'hidden_continuous_size': 5, 'attention_head_size': 3, 'learning_rate': 0.018772721451438414}. Best is trial 0 with value: 0.061459530144929886.
[I 2023-12-26 15:57:51,922] Trial 41 finished with value: 3.1498336791992188 and parameters: {'gradient_clip_val': 0.2462395069926359, 'hidden_size': 16, 'dropout': 0.1270353484582495, 'hidden_continuous_size': 8, 'attention_head_size': 3, 'learning_rate': 0.012429056023140064}. Best is trial 0 with value: 0.061459530144929886.
[I 2023-12-26 15:57:54,601] Trial 42 finished with value: 3.1598904132843018 and parameters: {'gradient_clip_val': 0.23803554763918067, 'hidden_size': 14, 'dropout': 0.13859583088605765, 'hidden_continuous_size': 9, 'attention_head_size': 3, 'learning_rate': 0.030053830178270517}. Best is trial 0 with value: 0.061459530144929886.
[I 2023-12-26 15:57:57,141] Trial 43 finished with value: 2.57560396194458 and parameters: {'gradient_clip_val': 0.22710582492385342, 'hidden_size': 12, 'dropout': 0.1769266833599011, 'hidden_continuous_size': 8, 'attention_head_size': 3, 'learning_rate': 0.01738487826698314}. Best is trial 0 with value: 0.061459530144929886.
[I 2023-12-26 15:57:59,828] Trial 44 finished with value: 3.5449180603027344 and parameters: {'gradient_clip_val': 0.25967618184768787, 'hidden_size': 18, 'dropout': 0.12694545473934765, 'hidden_continuous_size': 9, 'attention_head_size': 4, 'learning_rate': 0.010541122062276706}. Best is trial 0 with value: 0.061459530144929886.
