[I 2023-12-26 15:28:29,083] Trial 7 finished with value: 37.885440826416016 and parameters: {'gradient_clip_val': 0.19493235288428865, 'hidden_size': 92, 'dropout': 0.3174585010765415, 'hidden_continuous_size': 83, 'attention_head_size': 4, 'learning_rate': 0.012622030155174876}. Best is trial 0 with value: 8.634915351867676.
[I 2023-12-26 15:28:32,189] Trial 8 finished with value: 24.388046264648438 and parameters: {'gradient_clip_val': 0.1280159924947845, 'hidden_size': 39, 'dropout': 0.24487145095744386, 'hidden_continuous_size': 14, 'attention_head_size': 4, 'learning_rate': 0.0007398420904948294}. Best is trial 0 with value: 8.634915351867676.
[I 2023-12-26 15:28:33,943] Trial 9 finished with value: 37.062782287597656 and parameters: {'gradient_clip_val': 0.15503548842761358, 'hidden_size': 6, 'dropout': 0.16517655066064876, 'hidden_continuous_size': 6, 'attention_head_size': 2, 'learning_rate': 0.004024145040140207}. Best is trial 0 with value: 8.634915351867676.
[I 2023-12-26 15:28:36,144] Trial 10 finished with value: 35.727882385253906 and parameters: {'gradient_clip_val': 0.28596333857792333, 'hidden_size': 15, 'dropout': 0.4955110761087458, 'hidden_continuous_size': 6, 'attention_head_size': 2, 'learning_rate': 0.0006673071280284174}. Best is trial 0 with value: 8.634915351867676.
[I 2023-12-26 15:28:39,271] Trial 11 finished with value: 38.133583068847656 and parameters: {'gradient_clip_val': 0.11665269774594515, 'hidden_size': 46, 'dropout': 0.10400927020911241, 'hidden_continuous_size': 10, 'attention_head_size': 3, 'learning_rate': 0.0018368159416929776}. Best is trial 0 with value: 8.634915351867676.
[I 2023-12-26 15:28:41,403] Trial 12 finished with value: 28.55545997619629 and parameters: {'gradient_clip_val': 0.10282386544711293, 'hidden_size': 14, 'dropout': 0.40121545046517826, 'hidden_continuous_size': 7, 'attention_head_size': 2, 'learning_rate': 0.0006064732371255806}. Best is trial 0 with value: 8.634915351867676.
[I 2023-12-26 15:28:43,610] Trial 13 finished with value: 31.16542625427246 and parameters: {'gradient_clip_val': 0.24726044184869062, 'hidden_size': 20, 'dropout': 0.40315172120466936, 'hidden_continuous_size': 8, 'attention_head_size': 3, 'learning_rate': 0.02096568243941687}. Best is trial 0 with value: 8.634915351867676.
[I 2023-12-26 15:28:45,668] Trial 14 finished with value: 29.658226013183594 and parameters: {'gradient_clip_val': 0.33644819666061376, 'hidden_size': 11, 'dropout': 0.46503234577865593, 'hidden_continuous_size': 7, 'attention_head_size': 2, 'learning_rate': 0.0031461417540584037}. Best is trial 0 with value: 8.634915351867676.
[I 2023-12-26 15:28:48,200] Trial 15 finished with value: 36.54487228393555 and parameters: {'gradient_clip_val': 0.2175788366276882, 'hidden_size': 28, 'dropout': 0.3657540590380249, 'hidden_continuous_size': 10, 'attention_head_size': 3, 'learning_rate': 0.0014619248156594398}. Best is trial 0 with value: 8.634915351867676.
[I 2023-12-26 15:28:51,242] Trial 16 finished with value: 32.44765090942383 and parameters: {'gradient_clip_val': 0.4571247022378363, 'hidden_size': 49, 'dropout': 0.44693974491951066, 'hidden_continuous_size': 11, 'attention_head_size': 1, 'learning_rate': 0.001162285918671333}. Best is trial 0 with value: 8.634915351867676.
[I 2023-12-26 15:28:53,442] Trial 17 finished with value: 38.465213775634766 and parameters: {'gradient_clip_val': 0.1692093021402246, 'hidden_size': 10, 'dropout': 0.28201885585910924, 'hidden_continuous_size': 7, 'attention_head_size': 2, 'learning_rate': 0.005581870594270517}. Best is trial 0 with value: 8.634915351867676.
[I 2023-12-26 15:28:55,793] Trial 18 finished with value: 43.13576889038086 and parameters: {'gradient_clip_val': 0.12954866502546625, 'hidden_size': 27, 'dropout': 0.36345738435189157, 'hidden_continuous_size': 9, 'attention_head_size': 3, 'learning_rate': 0.0011117733097572183}. Best is trial 0 with value: 8.634915351867676.
[I 2023-12-26 15:28:59,872] Trial 19 finished with value: 32.05521774291992 and parameters: {'gradient_clip_val': 0.2516188863302572, 'hidden_size': 71, 'dropout': 0.4345353115621052, 'hidden_continuous_size': 23, 'attention_head_size': 2, 'learning_rate': 0.002862124599447922}. Best is trial 0 with value: 8.634915351867676.
[I 2023-12-26 15:29:08,059] Trial 20 finished with value: 32.31455612182617 and parameters: {'gradient_clip_val': 0.33020727964978375, 'hidden_size': 135, 'dropout': 0.35805779108226443, 'hidden_continuous_size': 38, 'attention_head_size': 3, 'learning_rate': 0.0005100395297494262}. Best is trial 0 with value: 8.634915351867676.
[I 2023-12-26 15:29:10,731] Trial 21 finished with value: 43.16958999633789 and parameters: {'gradient_clip_val': 0.10593551843422985, 'hidden_size': 38, 'dropout': 0.2802960232179839, 'hidden_continuous_size': 14, 'attention_head_size': 4, 'learning_rate': 0.001045109436890336}. Best is trial 0 with value: 8.634915351867676.
[I 2023-12-26 15:29:12,933] Trial 22 finished with value: 31.85369873046875 and parameters: {'gradient_clip_val': 0.13019568352993555, 'hidden_size': 22, 'dropout': 0.29753048862185605, 'hidden_continuous_size': 6, 'attention_head_size': 4, 'learning_rate': 0.0008069174949636432}. Best is trial 0 with value: 8.634915351867676.
[I 2023-12-26 15:29:16,357] Trial 23 finished with value: 27.719179153442383 and parameters: {'gradient_clip_val': 0.14349666890196416, 'hidden_size': 59, 'dropout': 0.23964363050131376, 'hidden_continuous_size': 12, 'attention_head_size': 4, 'learning_rate': 0.0016430330824874068}. Best is trial 0 with value: 8.634915351867676.
[I 2023-12-26 15:29:18,789] Trial 24 finished with value: 43.76607131958008 and parameters: {'gradient_clip_val': 0.11881989540105117, 'hidden_size': 33, 'dropout': 0.42052701793207214, 'hidden_continuous_size': 9, 'attention_head_size': 3, 'learning_rate': 0.0008457159728999244}. Best is trial 0 with value: 8.634915351867676.
[I 2023-12-26 15:29:20,978] Trial 25 finished with value: 37.377559661865234 and parameters: {'gradient_clip_val': 0.14890595715023894, 'hidden_size': 23, 'dropout': 0.38408599128472903, 'hidden_continuous_size': 5, 'attention_head_size': 2, 'learning_rate': 0.0006098216237792142}. Best is trial 0 with value: 8.634915351867676.
[I 2023-12-26 15:29:23,706] Trial 26 finished with value: 30.98699188232422 and parameters: {'gradient_clip_val': 0.10851015079272935, 'hidden_size': 42, 'dropout': 0.3403584479501078, 'hidden_continuous_size': 14, 'attention_head_size': 3, 'learning_rate': 0.000515818549714684}. Best is trial 0 with value: 8.634915351867676.
[I 2023-12-26 15:29:26,157] Trial 27 finished with value: 34.16645812988281 and parameters: {'gradient_clip_val': 0.20003520283328532, 'hidden_size': 33, 'dropout': 0.41978162205404423, 'hidden_continuous_size': 8, 'attention_head_size': 4, 'learning_rate': 0.002066307542788228}. Best is trial 0 with value: 8.634915351867676.
[I 2023-12-26 15:29:28,284] Trial 28 finished with value: 36.10811996459961 and parameters: {'gradient_clip_val': 0.10231844058870217, 'hidden_size': 24, 'dropout': 0.3706835346206482, 'hidden_continuous_size': 9, 'attention_head_size': 1, 'learning_rate': 0.0009277885521561019}. Best is trial 0 with value: 8.634915351867676.
[I 2023-12-26 15:29:30,483] Trial 29 finished with value: 28.26732063293457 and parameters: {'gradient_clip_val': 0.12846129002012016, 'hidden_size': 9, 'dropout': 0.3920680870795606, 'hidden_continuous_size': 5, 'attention_head_size': 4, 'learning_rate': 0.09874135928836898}. Best is trial 0 with value: 8.634915351867676.
[I 2023-12-26 15:29:32,386] Trial 30 finished with value: 47.253387451171875 and parameters: {'gradient_clip_val': 0.17473922991283022, 'hidden_size': 16, 'dropout': 0.34223487419338844, 'hidden_continuous_size': 7, 'attention_head_size': 3, 'learning_rate': 0.0014272955486868005}. Best is trial 0 with value: 8.634915351867676.
[I 2023-12-26 15:29:34,796] Trial 31 finished with value: 23.786231994628906 and parameters: {'gradient_clip_val': 0.1437999732881855, 'hidden_size': 31, 'dropout': 0.3271831860916781, 'hidden_continuous_size': 8, 'attention_head_size': 1, 'learning_rate': 0.028057943298673605}. Best is trial 0 with value: 8.634915351867676.
[I 2023-12-26 15:29:37,261] Trial 32 finished with value: 30.555587768554688 and parameters: {'gradient_clip_val': 0.1394969646910135, 'hidden_size': 36, 'dropout': 0.321321991610729, 'hidden_continuous_size': 11, 'attention_head_size': 1, 'learning_rate': 0.05938117714188911}. Best is trial 0 with value: 8.634915351867676.
[I 2023-12-26 15:29:39,300] Trial 33 finished with value: 36.08827209472656 and parameters: {'gradient_clip_val': 0.12104830591488998, 'hidden_size': 20, 'dropout': 0.3126832801990575, 'hidden_continuous_size': 8, 'attention_head_size': 1, 'learning_rate': 0.008072088152447192}. Best is trial 0 with value: 8.634915351867676.
[I 2023-12-26 15:29:41,612] Trial 34 finished with value: 30.031484603881836 and parameters: {'gradient_clip_val': 0.1527723994622661, 'hidden_size': 28, 'dropout': 0.2919035914041628, 'hidden_continuous_size': 6, 'attention_head_size': 1, 'learning_rate': 0.012101168648606992}. Best is trial 0 with value: 8.634915351867676.
[I 2023-12-26 15:29:45,545] Trial 35 finished with value: 26.248361587524414 and parameters: {'gradient_clip_val': 0.18432872132347417, 'hidden_size': 49, 'dropout': 0.2700799837405542, 'hidden_continuous_size': 13, 'attention_head_size': 2, 'learning_rate': 0.032272908501705576}. Best is trial 0 with value: 8.634915351867676.
[I 2023-12-26 15:29:48,025] Trial 36 finished with value: 27.829275131225586 and parameters: {'gradient_clip_val': 0.6023087364929864, 'hidden_size': 18, 'dropout': 0.33856488345282826, 'hidden_continuous_size': 8, 'attention_head_size': 1, 'learning_rate': 0.014313182778908006}. Best is trial 0 with value: 8.634915351867676.
[I 2023-12-26 15:29:50,617] Trial 37 finished with value: 31.38411521911621 and parameters: {'gradient_clip_val': 0.16177460619334874, 'hidden_size': 31, 'dropout': 0.2518282146213966, 'hidden_continuous_size': 16, 'attention_head_size': 4, 'learning_rate': 0.008903640048536101}. Best is trial 0 with value: 8.634915351867676.
[I 2023-12-26 15:29:52,385] Trial 38 finished with value: 29.581756591796875 and parameters: {'gradient_clip_val': 0.11734603006563274, 'hidden_size': 5, 'dropout': 0.3256108489078259, 'hidden_continuous_size': 5, 'attention_head_size': 2, 'learning_rate': 0.0058133995495229214}. Best is trial 0 with value: 8.634915351867676.
[I 2023-12-26 15:29:55,114] Trial 39 finished with value: 38.5296516418457 and parameters: {'gradient_clip_val': 0.10053139779223103, 'hidden_size': 38, 'dropout': 0.3021455056391648, 'hidden_continuous_size': 10, 'attention_head_size': 1, 'learning_rate': 0.01655644762618312}. Best is trial 0 with value: 8.634915351867676.
[I 2023-12-26 15:29:57,951] Trial 40 finished with value: 32.170589447021484 and parameters: {'gradient_clip_val': 0.13695563589674065, 'hidden_size': 27, 'dropout': 0.22329842431993946, 'hidden_continuous_size': 7, 'attention_head_size': 3, 'learning_rate': 0.026815329094194134}. Best is trial 0 with value: 8.634915351867676.
[I 2023-12-26 15:30:02,373] Trial 41 finished with value: 39.553375244140625 and parameters: {'gradient_clip_val': 0.15433400328278693, 'hidden_size': 43, 'dropout': 0.37925913885563833, 'hidden_continuous_size': 6, 'attention_head_size': 1, 'learning_rate': 0.009916818576534401}. Best is trial 0 with value: 8.634915351867676.
[I 2023-12-26 15:30:05,624] Trial 42 finished with value: 30.315523147583008 and parameters: {'gradient_clip_val': 0.16631157025756366, 'hidden_size': 31, 'dropout': 0.34375534805237734, 'hidden_continuous_size': 9, 'attention_head_size': 1, 'learning_rate': 0.017736943129146466}. Best is trial 0 with value: 8.634915351867676.
[I 2023-12-26 15:30:07,805] Trial 43 finished with value: 36.92420959472656 and parameters: {'gradient_clip_val': 0.11550321346804152, 'hidden_size': 22, 'dropout': 0.4009822388564604, 'hidden_continuous_size': 8, 'attention_head_size': 2, 'learning_rate': 0.036727674101884836}. Best is trial 0 with value: 8.634915351867676.
[I 2023-12-26 15:30:09,838] Trial 44 finished with value: 40.47043991088867 and parameters: {'gradient_clip_val': 0.19508841166617558, 'hidden_size': 13, 'dropout': 0.3550543541606377, 'hidden_continuous_size': 7, 'attention_head_size': 1, 'learning_rate': 0.021687110654072937}. Best is trial 0 with value: 8.634915351867676.
[I 2023-12-26 15:30:12,087] Trial 45 finished with value: 26.367353439331055 and parameters: {'gradient_clip_val': 0.14723112433778157, 'hidden_size': 17, 'dropout': 0.3134506914601332, 'hidden_continuous_size': 8, 'attention_head_size': 2, 'learning_rate': 0.0007395733725665071}. Best is trial 0 with value: 8.634915351867676.
[I 2023-12-26 15:30:15,698] Trial 46 finished with value: 28.855859756469727 and parameters: {'gradient_clip_val': 0.218454774184168, 'hidden_size': 53, 'dropout': 0.37462335649473955, 'hidden_continuous_size': 18, 'attention_head_size': 2, 'learning_rate': 0.012578798579207448}. Best is trial 0 with value: 8.634915351867676.
[I 2023-12-26 15:30:17,923] Trial 47 finished with value: 43.59645080566406 and parameters: {'gradient_clip_val': 0.13226428723474692, 'hidden_size': 25, 'dropout': 0.26587311384678874, 'hidden_continuous_size': 10, 'attention_head_size': 1, 'learning_rate': 0.004258174573460521}. Best is trial 0 with value: 8.634915351867676.
[I 2023-12-26 15:30:20,028] Trial 48 finished with value: 29.09963035583496 and parameters: {'gradient_clip_val': 0.11241574907164559, 'hidden_size': 19, 'dropout': 0.1928616677948564, 'hidden_continuous_size': 7, 'attention_head_size': 3, 'learning_rate': 0.007004609253998737}. Best is trial 0 with value: 8.634915351867676.
[I 2023-12-26 15:30:22,076] Trial 49 finished with value: 37.325401306152344 and parameters: {'gradient_clip_val': 0.1799590306462289, 'hidden_size': 14, 'dropout': 0.32690501300610403, 'hidden_continuous_size': 9, 'attention_head_size': 2, 'learning_rate': 0.010804477738062116}. Best is trial 0 with value: 8.634915351867676.
[I 2023-12-26 15:30:22,211] A new study created in memory with name: no-name-2a2a3acc-0476-4fc5-bd11-d31524a5cd3c
/home/le004/conda/anaconda3/envs/tsff_env/lib/python3.9/site-packages/lightning/fabric/plugins/environments/slurm.py:191: The `srun` command is available on your system but is not used. HINT: If your intention is to run Lightning on SLURM, prepend your python command with `srun` like so: srun python /home/le004/master_thesis/git/TSFusionForecast/code/ ...
[I 2023-12-26 15:32:42,549] Trial 0 finished with value: 5.118730068206787 and parameters: {'gradient_clip_val': 0.11263888607461628, 'hidden_size': 26, 'dropout': 0.4640526450767899, 'hidden_continuous_size': 10, 'attention_head_size': 2, 'learning_rate': 0.021564964095564573}. Best is trial 0 with value: 5.118730068206787.
[I 2023-12-26 15:32:45,206] Trial 1 finished with value: 17.962434768676758 and parameters: {'gradient_clip_val': 0.2002541812594054, 'hidden_size': 24, 'dropout': 0.26338441898110676, 'hidden_continuous_size': 13, 'attention_head_size': 1, 'learning_rate': 0.01813627095230227}. Best is trial 0 with value: 5.118730068206787.
[I 2023-12-26 15:32:48,714] Trial 2 finished with value: 10.639408111572266 and parameters: {'gradient_clip_val': 0.4634385519556514, 'hidden_size': 36, 'dropout': 0.29988608537288775, 'hidden_continuous_size': 23, 'attention_head_size': 4, 'learning_rate': 0.0008307920942020135}. Best is trial 0 with value: 5.118730068206787.
[I 2023-12-26 15:32:56,266] Trial 3 finished with value: 14.544971466064453 and parameters: {'gradient_clip_val': 0.8798075748247208, 'hidden_size': 95, 'dropout': 0.25189135031167775, 'hidden_continuous_size': 21, 'attention_head_size': 1, 'learning_rate': 0.08102719898338744}. Best is trial 0 with value: 5.118730068206787.
[I 2023-12-26 15:32:58,821] Trial 4 finished with value: 17.545570373535156 and parameters: {'gradient_clip_val': 0.1711725041035973, 'hidden_size': 22, 'dropout': 0.16266310509437754, 'hidden_continuous_size': 22, 'attention_head_size': 1, 'learning_rate': 0.0010971433902872976}. Best is trial 0 with value: 5.118730068206787.
[I 2023-12-26 15:33:00,963] Trial 5 finished with value: 12.790719032287598 and parameters: {'gradient_clip_val': 0.46049287843634334, 'hidden_size': 8, 'dropout': 0.3273646586961863, 'hidden_continuous_size': 8, 'attention_head_size': 4, 'learning_rate': 0.03385848308088628}. Best is trial 0 with value: 5.118730068206787.
[I 2023-12-26 15:33:03,024] Trial 6 finished with value: 15.527722358703613 and parameters: {'gradient_clip_val': 0.22235061407763415, 'hidden_size': 5, 'dropout': 0.11462718689042527, 'hidden_continuous_size': 5, 'attention_head_size': 4, 'learning_rate': 0.0037174248380576888}. Best is trial 0 with value: 5.118730068206787.
[I 2023-12-26 15:33:10,702] Trial 7 finished with value: 8.124207496643066 and parameters: {'gradient_clip_val': 0.25323516941397833, 'hidden_size': 90, 'dropout': 0.4689577049428474, 'hidden_continuous_size': 40, 'attention_head_size': 3, 'learning_rate': 0.0991982530492078}. Best is trial 0 with value: 5.118730068206787.
[I 2023-12-26 15:33:16,990] Trial 8 finished with value: 12.68875503540039 and parameters: {'gradient_clip_val': 0.3458580190536455, 'hidden_size': 74, 'dropout': 0.4547255029999021, 'hidden_continuous_size': 29, 'attention_head_size': 4, 'learning_rate': 0.0030840645123226484}. Best is trial 0 with value: 5.118730068206787.
[I 2023-12-26 15:33:20,337] Trial 9 finished with value: 10.519255638122559 and parameters: {'gradient_clip_val': 0.12694361577790328, 'hidden_size': 27, 'dropout': 0.34152053237306557, 'hidden_continuous_size': 18, 'attention_head_size': 3, 'learning_rate': 0.030587832162080535}. Best is trial 0 with value: 5.118730068206787.
[I 2023-12-26 15:33:22,746] Trial 10 finished with value: 11.165839195251465 and parameters: {'gradient_clip_val': 0.10591621826956577, 'hidden_size': 13, 'dropout': 0.4971604112589571, 'hidden_continuous_size': 8, 'attention_head_size': 2, 'learning_rate': 0.011779841925106867}. Best is trial 0 with value: 5.118730068206787.
[I 2023-12-26 15:33:27,420] Trial 11 finished with value: 15.87979793548584 and parameters: {'gradient_clip_val': 0.11392328519389361, 'hidden_size': 56, 'dropout': 0.4306186924807515, 'hidden_continuous_size': 56, 'attention_head_size': 2, 'learning_rate': 0.07794712820867483}. Best is trial 0 with value: 5.118730068206787.
[I 2023-12-26 15:33:37,135] Trial 12 finished with value: 9.753901481628418 and parameters: {'gradient_clip_val': 0.17042262288452448, 'hidden_size': 113, 'dropout': 0.41045059762203645, 'hidden_continuous_size': 90, 'attention_head_size': 3, 'learning_rate': 0.08669962042129489}. Best is trial 0 with value: 5.118730068206787.
[I 2023-12-26 15:33:41,660] Trial 13 finished with value: 10.745711326599121 and parameters: {'gradient_clip_val': 0.2668384210890923, 'hidden_size': 53, 'dropout': 0.4031902666326438, 'hidden_continuous_size': 14, 'attention_head_size': 2, 'learning_rate': 0.03748117478877886}. Best is trial 0 with value: 5.118730068206787.
[I 2023-12-26 15:33:53,157] Trial 14 finished with value: 13.572720527648926 and parameters: {'gradient_clip_val': 0.14753499788398192, 'hidden_size': 149, 'dropout': 0.4760998262231697, 'hidden_continuous_size': 36, 'attention_head_size': 3, 'learning_rate': 0.009663091932669902}. Best is trial 0 with value: 5.118730068206787.
[I 2023-12-26 15:33:56,984] Trial 15 finished with value: 11.221688270568848 and parameters: {'gradient_clip_val': 0.10607273717207676, 'hidden_size': 43, 'dropout': 0.493858675176378, 'hidden_continuous_size': 10, 'attention_head_size': 2, 'learning_rate': 0.019570988755198165}. Best is trial 0 with value: 5.118730068206787.
[I 2023-12-26 15:34:02,648] Trial 16 finished with value: 11.438179969787598 and parameters: {'gradient_clip_val': 0.152159158357182, 'hidden_size': 68, 'dropout': 0.37767914111414547, 'hidden_continuous_size': 35, 'attention_head_size': 3, 'learning_rate': 0.005558138915725765}. Best is trial 0 with value: 5.118730068206787.
[I 2023-12-26 15:34:05,013] Trial 17 finished with value: 16.733430862426758 and parameters: {'gradient_clip_val': 0.23428303903183229, 'hidden_size': 17, 'dropout': 0.44305619750716785, 'hidden_continuous_size': 6, 'attention_head_size': 2, 'learning_rate': 0.057490250857056786}. Best is trial 0 with value: 5.118730068206787.
[I 2023-12-26 15:34:08,398] Trial 18 finished with value: 18.19780731201172 and parameters: {'gradient_clip_val': 0.1350241198780362, 'hidden_size': 36, 'dropout': 0.37464672562631485, 'hidden_continuous_size': 11, 'attention_head_size': 3, 'learning_rate': 0.04958260287569843}. Best is trial 0 with value: 5.118730068206787.
[I 2023-12-26 15:34:12,280] Trial 19 finished with value: 15.307071685791016 and parameters: {'gradient_clip_val': 0.18468739415308993, 'hidden_size': 45, 'dropout': 0.4573016299848594, 'hidden_continuous_size': 16, 'attention_head_size': 2, 'learning_rate': 0.0926869706358059}. Best is trial 0 with value: 5.118730068206787.
[I 2023-12-26 15:34:19,267] Trial 20 finished with value: 16.44095230102539 and parameters: {'gradient_clip_val': 0.31198598968365016, 'hidden_size': 82, 'dropout': 0.4230318491032103, 'hidden_continuous_size': 45, 'attention_head_size': 3, 'learning_rate': 0.02171018905347486}. Best is trial 0 with value: 5.118730068206787.
[I 2023-12-26 15:34:30,855] Trial 21 finished with value: 16.035320281982422 and parameters: {'gradient_clip_val': 0.17415198908000482, 'hidden_size': 132, 'dropout': 0.4094464989491598, 'hidden_continuous_size': 98, 'attention_head_size': 3, 'learning_rate': 0.053312945178358086}. Best is trial 0 with value: 5.118730068206787.
