[I 2023-12-15 19:22:41,882] Trial 26 finished with value: 0.12127579003572464 and parameters: {'gradient_clip_val': 0.31090253031886916, 'hidden_size': 76, 'dropout': 0.1851011899076908, 'hidden_continuous_size': 23, 'attention_head_size': 3, 'learning_rate': 0.012509697273539882}. Best is trial 7 with value: 0.03880595415830612.
LOCAL_RANK: 0 - CUDA_VISIBLE_DEVICES: [0]
[I 2023-12-15 19:23:34,568] Trial 27 finished with value: 0.10161864757537842 and parameters: {'gradient_clip_val': 0.1272081711764198, 'hidden_size': 60, 'dropout': 0.21357460995378763, 'hidden_continuous_size': 16, 'attention_head_size': 1, 'learning_rate': 0.0034492635146328872}. Best is trial 7 with value: 0.03880595415830612.
LOCAL_RANK: 0 - CUDA_VISIBLE_DEVICES: [0]
[I 2023-12-15 19:24:26,979] Trial 28 finished with value: 0.20287053287029266 and parameters: {'gradient_clip_val': 0.22547878989686995, 'hidden_size': 46, 'dropout': 0.12244621311355508, 'hidden_continuous_size': 12, 'attention_head_size': 2, 'learning_rate': 0.001790850065720833}. Best is trial 7 with value: 0.03880595415830612.
LOCAL_RANK: 0 - CUDA_VISIBLE_DEVICES: [0]
[I 2023-12-15 19:25:22,207] Trial 29 finished with value: 0.07666174322366714 and parameters: {'gradient_clip_val': 0.6471065605294973, 'hidden_size': 87, 'dropout': 0.1608552594955765, 'hidden_continuous_size': 22, 'attention_head_size': 4, 'learning_rate': 0.00669398940597354}. Best is trial 7 with value: 0.03880595415830612.
LOCAL_RANK: 0 - CUDA_VISIBLE_DEVICES: [0]
[I 2023-12-15 19:26:15,606] Trial 30 finished with value: 0.06447310000658035 and parameters: {'gradient_clip_val': 0.44838673298179665, 'hidden_size': 69, 'dropout': 0.17184083125604233, 'hidden_continuous_size': 27, 'attention_head_size': 1, 'learning_rate': 0.0016230627481268426}. Best is trial 7 with value: 0.03880595415830612.
LOCAL_RANK: 0 - CUDA_VISIBLE_DEVICES: [0]
[I 2023-12-15 19:27:07,700] Trial 31 finished with value: 0.1578485518693924 and parameters: {'gradient_clip_val': 0.3646234142351891, 'hidden_size': 39, 'dropout': 0.19874662671156798, 'hidden_continuous_size': 19, 'attention_head_size': 1, 'learning_rate': 0.006141571624089079}. Best is trial 7 with value: 0.03880595415830612.
LOCAL_RANK: 0 - CUDA_VISIBLE_DEVICES: [0]
[I 2023-12-15 19:28:01,898] Trial 32 finished with value: 0.06500276178121567 and parameters: {'gradient_clip_val': 0.2984455179405674, 'hidden_size': 96, 'dropout': 0.20493021812111706, 'hidden_continuous_size': 42, 'attention_head_size': 1, 'learning_rate': 0.009422298168989839}. Best is trial 7 with value: 0.03880595415830612.
LOCAL_RANK: 0 - CUDA_VISIBLE_DEVICES: [0]
[I 2023-12-15 19:28:53,259] Trial 33 finished with value: 0.08825662732124329 and parameters: {'gradient_clip_val': 0.36252396033661866, 'hidden_size': 48, 'dropout': 0.23108309403340974, 'hidden_continuous_size': 20, 'attention_head_size': 1, 'learning_rate': 0.005706767054625539}. Best is trial 7 with value: 0.03880595415830612.
LOCAL_RANK: 0 - CUDA_VISIBLE_DEVICES: [0]
[I 2023-12-15 19:29:46,270] Trial 34 finished with value: 0.18111179769039154 and parameters: {'gradient_clip_val': 0.29512518847109914, 'hidden_size': 80, 'dropout': 0.25446592905044774, 'hidden_continuous_size': 14, 'attention_head_size': 1, 'learning_rate': 0.009410021000561524}. Best is trial 7 with value: 0.03880595415830612.
LOCAL_RANK: 0 - CUDA_VISIBLE_DEVICES: [0]
[I 2023-12-15 19:30:39,207] Trial 35 finished with value: 0.0476919524371624 and parameters: {'gradient_clip_val': 0.504625860984327, 'hidden_size': 61, 'dropout': 0.1968835845628107, 'hidden_continuous_size': 18, 'attention_head_size': 2, 'learning_rate': 0.004055535044533991}. Best is trial 7 with value: 0.03880595415830612.
LOCAL_RANK: 0 - CUDA_VISIBLE_DEVICES: [0]
[I 2023-12-15 19:31:32,521] Trial 36 finished with value: 0.07634396851062775 and parameters: {'gradient_clip_val': 0.5324507287041369, 'hidden_size': 63, 'dropout': 0.15022522542883374, 'hidden_continuous_size': 25, 'attention_head_size': 2, 'learning_rate': 0.0035583698573928434}. Best is trial 7 with value: 0.03880595415830612.
LOCAL_RANK: 0 - CUDA_VISIBLE_DEVICES: [0]
[I 2023-12-15 19:32:25,880] Trial 37 finished with value: 0.0629076138138771 and parameters: {'gradient_clip_val': 0.6292680784551609, 'hidden_size': 53, 'dropout': 0.3942850014214566, 'hidden_continuous_size': 14, 'attention_head_size': 3, 'learning_rate': 0.004609079569754207}. Best is trial 7 with value: 0.03880595415830612.
LOCAL_RANK: 0 - CUDA_VISIBLE_DEVICES: [0]
[I 2023-12-15 19:33:21,764] Trial 38 finished with value: 0.08025698363780975 and parameters: {'gradient_clip_val': 0.46994398925149766, 'hidden_size': 85, 'dropout': 0.1779245936710475, 'hidden_continuous_size': 61, 'attention_head_size': 2, 'learning_rate': 0.03032469909080483}. Best is trial 7 with value: 0.03880595415830612.
LOCAL_RANK: 0 - CUDA_VISIBLE_DEVICES: [0]
[I 2023-12-15 19:34:14,999] Trial 39 finished with value: 0.08231458812952042 and parameters: {'gradient_clip_val': 0.17592294879527487, 'hidden_size': 68, 'dropout': 0.27289417907232105, 'hidden_continuous_size': 18, 'attention_head_size': 3, 'learning_rate': 0.0054796326844931045}. Best is trial 7 with value: 0.03880595415830612.
LOCAL_RANK: 0 - CUDA_VISIBLE_DEVICES: [0]
[I 2023-12-15 19:35:09,119] Trial 40 finished with value: 0.132390096783638 and parameters: {'gradient_clip_val': 0.22515748412113923, 'hidden_size': 63, 'dropout': 0.21109923670062986, 'hidden_continuous_size': 22, 'attention_head_size': 4, 'learning_rate': 0.003513196776232531}. Best is trial 7 with value: 0.03880595415830612.
LOCAL_RANK: 0 - CUDA_VISIBLE_DEVICES: [0]
[I 2023-12-15 19:36:01,139] Trial 41 finished with value: 0.101357102394104 and parameters: {'gradient_clip_val': 0.39838749239808763, 'hidden_size': 42, 'dropout': 0.19504531772625547, 'hidden_continuous_size': 17, 'attention_head_size': 1, 'learning_rate': 0.007622027675297995}. Best is trial 7 with value: 0.03880595415830612.
LOCAL_RANK: 0 - CUDA_VISIBLE_DEVICES: [0]
[I 2023-12-15 19:36:51,961] Trial 42 finished with value: 0.07279673963785172 and parameters: {'gradient_clip_val': 0.3349703375367048, 'hidden_size': 31, 'dropout': 0.2398325630411998, 'hidden_continuous_size': 19, 'attention_head_size': 2, 'learning_rate': 0.015445849144450125}. Best is trial 7 with value: 0.03880595415830612.
LOCAL_RANK: 0 - CUDA_VISIBLE_DEVICES: [0]
[I 2023-12-15 19:37:44,488] Trial 43 finished with value: 0.03833455219864845 and parameters: {'gradient_clip_val': 0.5015429532766368, 'hidden_size': 53, 'dropout': 0.1986300963238373, 'hidden_continuous_size': 20, 'attention_head_size': 1, 'learning_rate': 0.010690724613965832}. Best is trial 43 with value: 0.03833455219864845.
LOCAL_RANK: 0 - CUDA_VISIBLE_DEVICES: [0]
[I 2023-12-15 19:38:36,745] Trial 44 finished with value: 0.18887974321842194 and parameters: {'gradient_clip_val': 0.4940237017516387, 'hidden_size': 53, 'dropout': 0.17472363667248297, 'hidden_continuous_size': 20, 'attention_head_size': 1, 'learning_rate': 0.010759818889743455}. Best is trial 43 with value: 0.03833455219864845.
LOCAL_RANK: 0 - CUDA_VISIBLE_DEVICES: [0]
[I 2023-12-15 19:39:30,184] Trial 45 finished with value: 0.0694178119301796 and parameters: {'gradient_clip_val': 0.5968456333402283, 'hidden_size': 61, 'dropout': 0.2234788777417945, 'hidden_continuous_size': 25, 'attention_head_size': 2, 'learning_rate': 0.014604327307988843}. Best is trial 43 with value: 0.03833455219864845.
LOCAL_RANK: 0 - CUDA_VISIBLE_DEVICES: [0]
[I 2023-12-15 19:40:24,303] Trial 46 finished with value: 0.055541619658470154 and parameters: {'gradient_clip_val': 0.7093206691069274, 'hidden_size': 99, 'dropout': 0.20574166123553234, 'hidden_continuous_size': 13, 'attention_head_size': 1, 'learning_rate': 0.009331572618668925}. Best is trial 43 with value: 0.03833455219864845.
LOCAL_RANK: 0 - CUDA_VISIBLE_DEVICES: [0]
[I 2023-12-15 19:41:14,118] Trial 47 finished with value: 0.19652020931243896 and parameters: {'gradient_clip_val': 0.49940194139046395, 'hidden_size': 22, 'dropout': 0.16005261827436157, 'hidden_continuous_size': 11, 'attention_head_size': 3, 'learning_rate': 0.005026263737902679}. Best is trial 43 with value: 0.03833455219864845.
LOCAL_RANK: 0 - CUDA_VISIBLE_DEVICES: [0]
[I 2023-12-15 19:42:04,696] Trial 48 finished with value: 0.10518881678581238 and parameters: {'gradient_clip_val': 0.5576409126777647, 'hidden_size': 36, 'dropout': 0.13845692211183014, 'hidden_continuous_size': 16, 'attention_head_size': 2, 'learning_rate': 0.019145428797744352}. Best is trial 43 with value: 0.03833455219864845.
LOCAL_RANK: 0 - CUDA_VISIBLE_DEVICES: [0]
[I 2023-12-15 19:42:57,621] Trial 49 finished with value: 0.2507970929145813 and parameters: {'gradient_clip_val': 0.4198724049294998, 'hidden_size': 49, 'dropout': 0.1824476430573808, 'hidden_continuous_size': 14, 'attention_head_size': 3, 'learning_rate': 0.0027584670489266185}. Best is trial 43 with value: 0.03833455219864845.
[I 2023-12-15 19:42:57,714] A new study created in memory with name: no-name-4d001bb5-31ed-46bd-a92d-b8924c2e81c5
/home/le004/conda/anaconda3/envs/tsff_env/lib/python3.9/site-packages/lightning/fabric/plugins/environments/slurm.py:191: The `srun` command is available on your system but is not used. HINT: If your intention is to run Lightning on SLURM, prepend your python command with `srun` like so: srun python /home/le004/master_thesis/git/TSFusionForecast/code/ ...
LOCAL_RANK: 0 - CUDA_VISIBLE_DEVICES: [0]
[I 2023-12-15 19:43:47,716] Trial 0 finished with value: 0.13549906015396118 and parameters: {'gradient_clip_val': 0.4734635544044169, 'hidden_size': 52, 'dropout': 0.33385875520891894, 'hidden_continuous_size': 5, 'attention_head_size': 1, 'learning_rate': 0.005918762767456287}. Best is trial 0 with value: 0.13549906015396118.
LOCAL_RANK: 0 - CUDA_VISIBLE_DEVICES: [0]
[I 2023-12-15 19:44:33,866] Trial 1 finished with value: 0.10771763324737549 and parameters: {'gradient_clip_val': 0.5526379401395483, 'hidden_size': 7, 'dropout': 0.35425847745492234, 'hidden_continuous_size': 6, 'attention_head_size': 4, 'learning_rate': 0.03911121264577689}. Best is trial 1 with value: 0.10771763324737549.
LOCAL_RANK: 0 - CUDA_VISIBLE_DEVICES: [0]
[I 2023-12-15 19:45:22,138] Trial 2 finished with value: 0.06577400118112564 and parameters: {'gradient_clip_val': 0.6300618849631785, 'hidden_size': 24, 'dropout': 0.3533412915163018, 'hidden_continuous_size': 10, 'attention_head_size': 4, 'learning_rate': 0.013863022104712993}. Best is trial 2 with value: 0.06577400118112564.
LOCAL_RANK: 0 - CUDA_VISIBLE_DEVICES: [0]
[I 2023-12-15 19:45:57,660] Trial 3 finished with value: 0.996823787689209 and parameters: {'gradient_clip_val': 0.5689986120062017, 'hidden_size': 6, 'dropout': 0.23204231676213138, 'hidden_continuous_size': 6, 'attention_head_size': 1, 'learning_rate': 0.0014674812432050697}. Best is trial 2 with value: 0.06577400118112564.
LOCAL_RANK: 0 - CUDA_VISIBLE_DEVICES: [0]
[I 2023-12-15 19:46:34,314] Trial 4 finished with value: 0.41862043738365173 and parameters: {'gradient_clip_val': 0.8961318780914491, 'hidden_size': 7, 'dropout': 0.27134041668681996, 'hidden_continuous_size': 7, 'attention_head_size': 3, 'learning_rate': 0.003962574487795224}. Best is trial 2 with value: 0.06577400118112564.
LOCAL_RANK: 0 - CUDA_VISIBLE_DEVICES: [0]
[I 2023-12-15 19:47:28,334] Trial 5 finished with value: 0.07497688382863998 and parameters: {'gradient_clip_val': 0.16937772316788857, 'hidden_size': 61, 'dropout': 0.3697939308731112, 'hidden_continuous_size': 32, 'attention_head_size': 3, 'learning_rate': 0.014785172662607832}. Best is trial 2 with value: 0.06577400118112564.
LOCAL_RANK: 0 - CUDA_VISIBLE_DEVICES: [0]
[I 2023-12-15 19:48:20,867] Trial 6 finished with value: 0.07421823590993881 and parameters: {'gradient_clip_val': 0.19742488803714486, 'hidden_size': 51, 'dropout': 0.1228857196048077, 'hidden_continuous_size': 7, 'attention_head_size': 4, 'learning_rate': 0.039262328518453994}. Best is trial 2 with value: 0.06577400118112564.
LOCAL_RANK: 0 - CUDA_VISIBLE_DEVICES: [0]
[I 2023-12-15 19:49:04,882] Trial 7 finished with value: 1.384790062904358 and parameters: {'gradient_clip_val': 0.11683694926821075, 'hidden_size': 8, 'dropout': 0.3502437158316424, 'hidden_continuous_size': 5, 'attention_head_size': 1, 'learning_rate': 0.0015959219768342347}. Best is trial 2 with value: 0.06577400118112564.
LOCAL_RANK: 0 - CUDA_VISIBLE_DEVICES: [0]
[I 2023-12-15 19:49:48,511] Trial 8 finished with value: 0.08183518797159195 and parameters: {'gradient_clip_val': 0.13318078818524515, 'hidden_size': 12, 'dropout': 0.22361121128994968, 'hidden_continuous_size': 5, 'attention_head_size': 1, 'learning_rate': 0.015850925573604575}. Best is trial 2 with value: 0.06577400118112564.
LOCAL_RANK: 0 - CUDA_VISIBLE_DEVICES: [0]
[I 2023-12-15 19:50:34,415] Trial 9 finished with value: 0.11957498639822006 and parameters: {'gradient_clip_val': 0.43927130134815107, 'hidden_size': 13, 'dropout': 0.11406726998982143, 'hidden_continuous_size': 6, 'attention_head_size': 3, 'learning_rate': 0.007822023810321196}. Best is trial 2 with value: 0.06577400118112564.
LOCAL_RANK: 0 - CUDA_VISIBLE_DEVICES: [0]
[I 2023-12-15 19:51:23,609] Trial 10 finished with value: 0.08114179223775864 and parameters: {'gradient_clip_val': 0.2909789016098848, 'hidden_size': 25, 'dropout': 0.3955388390642844, 'hidden_continuous_size': 11, 'attention_head_size': 2, 'learning_rate': 0.08467429889489436}. Best is trial 2 with value: 0.06577400118112564.
LOCAL_RANK: 0 - CUDA_VISIBLE_DEVICES: [0]
[I 2023-12-15 19:52:13,987] Trial 11 finished with value: 0.06380858272314072 and parameters: {'gradient_clip_val': 0.24580609735784212, 'hidden_size': 35, 'dropout': 0.12390015082387573, 'hidden_continuous_size': 9, 'attention_head_size': 4, 'learning_rate': 0.039588542270446656}. Best is trial 11 with value: 0.06380858272314072.
LOCAL_RANK: 0 - CUDA_VISIBLE_DEVICES: [0]
[I 2023-12-15 19:53:03,825] Trial 12 finished with value: 0.3303804397583008 and parameters: {'gradient_clip_val': 0.25649995144984067, 'hidden_size': 29, 'dropout': 0.1663301491029679, 'hidden_continuous_size': 10, 'attention_head_size': 4, 'learning_rate': 0.0007086166230034571}. Best is trial 11 with value: 0.06380858272314072.
LOCAL_RANK: 0 - CUDA_VISIBLE_DEVICES: [0]
[I 2023-12-15 19:53:57,896] Trial 13 finished with value: 0.10157444328069687 and parameters: {'gradient_clip_val': 0.37044138469245114, 'hidden_size': 88, 'dropout': 0.3052666284469313, 'hidden_continuous_size': 16, 'attention_head_size': 4, 'learning_rate': 0.021296628091043632}. Best is trial 11 with value: 0.06380858272314072.
LOCAL_RANK: 0 - CUDA_VISIBLE_DEVICES: [0]
[I 2023-12-15 19:54:47,966] Trial 14 finished with value: 0.05987844988703728 and parameters: {'gradient_clip_val': 0.9325050839443648, 'hidden_size': 31, 'dropout': 0.19250916521965178, 'hidden_continuous_size': 9, 'attention_head_size': 2, 'learning_rate': 0.09418220375455098}. Best is trial 14 with value: 0.05987844988703728.
LOCAL_RANK: 0 - CUDA_VISIBLE_DEVICES: [0]
[I 2023-12-15 19:55:39,024] Trial 15 finished with value: 0.08039849996566772 and parameters: {'gradient_clip_val': 0.9854911276386102, 'hidden_size': 35, 'dropout': 0.17481108706178475, 'hidden_continuous_size': 15, 'attention_head_size': 2, 'learning_rate': 0.09775357136117199}. Best is trial 14 with value: 0.05987844988703728.
LOCAL_RANK: 0 - CUDA_VISIBLE_DEVICES: [0]
[I 2023-12-15 19:56:25,891] Trial 16 finished with value: 0.1338167041540146 and parameters: {'gradient_clip_val': 0.34376054009120005, 'hidden_size': 17, 'dropout': 0.10145139327180147, 'hidden_continuous_size': 9, 'attention_head_size': 2, 'learning_rate': 0.051726791292635695}. Best is trial 14 with value: 0.05987844988703728.
LOCAL_RANK: 0 - CUDA_VISIBLE_DEVICES: [0]
[I 2023-12-15 19:57:18,196] Trial 17 finished with value: 0.11609780788421631 and parameters: {'gradient_clip_val': 0.2429891188358782, 'hidden_size': 39, 'dropout': 0.17944221248948278, 'hidden_continuous_size': 12, 'attention_head_size': 3, 'learning_rate': 0.09915943338409432}. Best is trial 14 with value: 0.05987844988703728.
LOCAL_RANK: 0 - CUDA_VISIBLE_DEVICES: [0]
[I 2023-12-15 19:58:07,107] Trial 18 finished with value: 0.07428189367055893 and parameters: {'gradient_clip_val': 0.7543836440403145, 'hidden_size': 21, 'dropout': 0.1408393780664315, 'hidden_continuous_size': 8, 'attention_head_size': 2, 'learning_rate': 0.05096014410063363}. Best is trial 14 with value: 0.05987844988703728.
LOCAL_RANK: 0 - CUDA_VISIBLE_DEVICES: [0]
[I 2023-12-15 19:58:57,807] Trial 19 finished with value: 0.08574748784303665 and parameters: {'gradient_clip_val': 0.7393568858001938, 'hidden_size': 35, 'dropout': 0.20573960595214974, 'hidden_continuous_size': 14, 'attention_head_size': 3, 'learning_rate': 0.026743187954861976}. Best is trial 14 with value: 0.05987844988703728.
LOCAL_RANK: 0 - CUDA_VISIBLE_DEVICES: [0]
[I 2023-12-15 19:59:45,314] Trial 20 finished with value: 0.06024714186787605 and parameters: {'gradient_clip_val': 0.37196767989158674, 'hidden_size': 19, 'dropout': 0.14460259385176033, 'hidden_continuous_size': 8, 'attention_head_size': 2, 'learning_rate': 0.05902330357245547}. Best is trial 14 with value: 0.05987844988703728.
LOCAL_RANK: 0 - CUDA_VISIBLE_DEVICES: [0]
[I 2023-12-15 20:00:32,656] Trial 21 finished with value: 0.07726403325796127 and parameters: {'gradient_clip_val': 0.36295081347933494, 'hidden_size': 18, 'dropout': 0.1452451304471441, 'hidden_continuous_size': 8, 'attention_head_size': 2, 'learning_rate': 0.06008417980822365}. Best is trial 14 with value: 0.05987844988703728.
LOCAL_RANK: 0 - CUDA_VISIBLE_DEVICES: [0]
[I 2023-12-15 20:01:21,014] Trial 22 finished with value: 0.14439238607883453 and parameters: {'gradient_clip_val': 0.4130343085112332, 'hidden_size': 28, 'dropout': 0.19453642265578575, 'hidden_continuous_size': 9, 'attention_head_size': 2, 'learning_rate': 0.03360615823328334}. Best is trial 14 with value: 0.05987844988703728.
LOCAL_RANK: 0 - CUDA_VISIBLE_DEVICES: [0]
[I 2023-12-15 20:02:07,757] Trial 23 finished with value: 0.0641021728515625 and parameters: {'gradient_clip_val': 0.30128036368452793, 'hidden_size': 18, 'dropout': 0.14784817761154784, 'hidden_continuous_size': 8, 'attention_head_size': 2, 'learning_rate': 0.06645719518150983}. Best is trial 14 with value: 0.05987844988703728.
LOCAL_RANK: 0 - CUDA_VISIBLE_DEVICES: [0]
[I 2023-12-15 20:03:00,297] Trial 24 finished with value: 0.09415868669748306 and parameters: {'gradient_clip_val': 0.4778999717345429, 'hidden_size': 43, 'dropout': 0.12717563983683927, 'hidden_continuous_size': 12, 'attention_head_size': 3, 'learning_rate': 0.04926819915113522}. Best is trial 14 with value: 0.05987844988703728.
LOCAL_RANK: 0 - CUDA_VISIBLE_DEVICES: [0]
[I 2023-12-15 20:03:49,863] Trial 25 finished with value: 0.06175178289413452 and parameters: {'gradient_clip_val': 0.21642997472675268, 'hidden_size': 31, 'dropout': 0.10139775520722005, 'hidden_continuous_size': 7, 'attention_head_size': 2, 'learning_rate': 0.028207334473451303}. Best is trial 14 with value: 0.05987844988703728.
LOCAL_RANK: 0 - CUDA_VISIBLE_DEVICES: [0]
[I 2023-12-15 20:04:37,516] Trial 26 finished with value: 0.06281498819589615 and parameters: {'gradient_clip_val': 0.20773993002764904, 'hidden_size': 28, 'dropout': 0.10047072153298103, 'hidden_continuous_size': 7, 'attention_head_size': 2, 'learning_rate': 0.07165491157425036}. Best is trial 14 with value: 0.05987844988703728.
LOCAL_RANK: 0 - CUDA_VISIBLE_DEVICES: [0]
[I 2023-12-15 20:05:25,162] Trial 27 finished with value: 0.0694294199347496 and parameters: {'gradient_clip_val': 0.3039364595267395, 'hidden_size': 21, 'dropout': 0.1662598361686336, 'hidden_continuous_size': 7, 'attention_head_size': 1, 'learning_rate': 0.02582635635941554}. Best is trial 14 with value: 0.05987844988703728.
LOCAL_RANK: 0 - CUDA_VISIBLE_DEVICES: [0]
[I 2023-12-15 20:06:11,197] Trial 28 finished with value: 0.06174049898982048 and parameters: {'gradient_clip_val': 0.8264124643704028, 'hidden_size': 14, 'dropout': 0.14192759459707682, 'hidden_continuous_size': 8, 'attention_head_size': 2, 'learning_rate': 0.06876490991726819}. Best is trial 14 with value: 0.05987844988703728.
LOCAL_RANK: 0 - CUDA_VISIBLE_DEVICES: [0]
[I 2023-12-15 20:06:56,569] Trial 29 finished with value: 0.07361133396625519 and parameters: {'gradient_clip_val': 0.8329257208161306, 'hidden_size': 13, 'dropout': 0.19054768026546173, 'hidden_continuous_size': 8, 'attention_head_size': 1, 'learning_rate': 0.07918595373524122}. Best is trial 14 with value: 0.05987844988703728.
LOCAL_RANK: 0 - CUDA_VISIBLE_DEVICES: [0]
[I 2023-12-15 20:07:42,427] Trial 30 finished with value: 0.08986246585845947 and parameters: {'gradient_clip_val': 0.9884738499808723, 'hidden_size': 11, 'dropout': 0.15293930246983523, 'hidden_continuous_size': 8, 'attention_head_size': 2, 'learning_rate': 0.0591424776034571}. Best is trial 14 with value: 0.05987844988703728.
LOCAL_RANK: 0 - CUDA_VISIBLE_DEVICES: [0]
[I 2023-12-15 20:08:27,147] Trial 31 finished with value: 0.0866163894534111 and parameters: {'gradient_clip_val': 0.700347062397288, 'hidden_size': 16, 'dropout': 0.1341205135238735, 'hidden_continuous_size': 7, 'attention_head_size': 2, 'learning_rate': 0.0997938248275258}. Best is trial 14 with value: 0.05987844988703728.
LOCAL_RANK: 0 - CUDA_VISIBLE_DEVICES: [0]
[I 2023-12-15 20:09:15,348] Trial 32 finished with value: 0.0741499736905098 and parameters: {'gradient_clip_val': 0.4939948922504394, 'hidden_size': 22, 'dropout': 0.15499871822677339, 'hidden_continuous_size': 6, 'attention_head_size': 2, 'learning_rate': 0.03400567770030457}. Best is trial 14 with value: 0.05987844988703728.
LOCAL_RANK: 0 - CUDA_VISIBLE_DEVICES: [0]
