[I 2023-12-15 23:47:52,822] Trial 28 finished with value: 28.268753051757812 and parameters: {'gradient_clip_val': 0.178380601373515, 'hidden_size': 11, 'dropout': 0.29799582486725107, 'hidden_continuous_size': 7, 'attention_head_size': 1, 'learning_rate': 0.01796255379863364}. Best is trial 15 with value: 6.66705846786499.
LOCAL_RANK: 0 - CUDA_VISIBLE_DEVICES: [0]
[I 2023-12-15 23:48:38,987] Trial 29 finished with value: 8.575976371765137 and parameters: {'gradient_clip_val': 0.13863068884055846, 'hidden_size': 16, 'dropout': 0.2744847365322936, 'hidden_continuous_size': 8, 'attention_head_size': 3, 'learning_rate': 0.029335103996774577}. Best is trial 15 with value: 6.66705846786499.
LOCAL_RANK: 0 - CUDA_VISIBLE_DEVICES: [0]
[I 2023-12-15 23:49:31,800] Trial 30 finished with value: 10.577692031860352 and parameters: {'gradient_clip_val': 0.2776372446554306, 'hidden_size': 46, 'dropout': 0.10505901831079964, 'hidden_continuous_size': 18, 'attention_head_size': 2, 'learning_rate': 0.04431184197457282}. Best is trial 15 with value: 6.66705846786499.
LOCAL_RANK: 0 - CUDA_VISIBLE_DEVICES: [0]
[I 2023-12-15 23:50:25,768] Trial 31 finished with value: 29.97016716003418 and parameters: {'gradient_clip_val': 0.3041824489045295, 'hidden_size': 68, 'dropout': 0.38709137720744075, 'hidden_continuous_size': 22, 'attention_head_size': 4, 'learning_rate': 0.021392664818397168}. Best is trial 15 with value: 6.66705846786499.
LOCAL_RANK: 0 - CUDA_VISIBLE_DEVICES: [0]
[I 2023-12-15 23:51:21,022] Trial 32 finished with value: 14.392165184020996 and parameters: {'gradient_clip_val': 0.34485859119484147, 'hidden_size': 74, 'dropout': 0.3669610769668737, 'hidden_continuous_size': 23, 'attention_head_size': 4, 'learning_rate': 0.012161519547417477}. Best is trial 15 with value: 6.66705846786499.
LOCAL_RANK: 0 - CUDA_VISIBLE_DEVICES: [0]
[I 2023-12-15 23:52:15,745] Trial 33 finished with value: 21.068559646606445 and parameters: {'gradient_clip_val': 0.23694057093330456, 'hidden_size': 80, 'dropout': 0.37967922195597786, 'hidden_continuous_size': 30, 'attention_head_size': 4, 'learning_rate': 0.020432963253764997}. Best is trial 15 with value: 6.66705846786499.
LOCAL_RANK: 0 - CUDA_VISIBLE_DEVICES: [0]
[I 2023-12-15 23:53:06,688] Trial 34 finished with value: 37.54091262817383 and parameters: {'gradient_clip_val': 0.2917873788777036, 'hidden_size': 30, 'dropout': 0.356384382821956, 'hidden_continuous_size': 14, 'attention_head_size': 4, 'learning_rate': 0.007252237108304396}. Best is trial 15 with value: 6.66705846786499.
LOCAL_RANK: 0 - CUDA_VISIBLE_DEVICES: [0]
[I 2023-12-15 23:53:59,542] Trial 35 finished with value: 16.223018646240234 and parameters: {'gradient_clip_val': 0.21661392228700888, 'hidden_size': 46, 'dropout': 0.3438608620417676, 'hidden_continuous_size': 13, 'attention_head_size': 3, 'learning_rate': 0.01627184157536586}. Best is trial 15 with value: 6.66705846786499.
LOCAL_RANK: 0 - CUDA_VISIBLE_DEVICES: [0]
[I 2023-12-15 23:54:55,096] Trial 36 finished with value: 38.25186538696289 and parameters: {'gradient_clip_val': 0.34833161621124303, 'hidden_size': 79, 'dropout': 0.3712435164331137, 'hidden_continuous_size': 20, 'attention_head_size': 4, 'learning_rate': 0.025536526223037967}. Best is trial 15 with value: 6.66705846786499.
LOCAL_RANK: 0 - CUDA_VISIBLE_DEVICES: [0]
[I 2023-12-15 23:55:49,864] Trial 37 finished with value: 30.706619262695312 and parameters: {'gradient_clip_val': 0.23787871256062845, 'hidden_size': 87, 'dropout': 0.3963275410784329, 'hidden_continuous_size': 19, 'attention_head_size': 2, 'learning_rate': 0.010778669092976666}. Best is trial 15 with value: 6.66705846786499.
LOCAL_RANK: 0 - CUDA_VISIBLE_DEVICES: [0]
[I 2023-12-15 23:56:43,153] Trial 38 finished with value: 10.962538719177246 and parameters: {'gradient_clip_val': 0.44080293828691886, 'hidden_size': 65, 'dropout': 0.34516873414108346, 'hidden_continuous_size': 9, 'attention_head_size': 3, 'learning_rate': 0.009430806736825828}. Best is trial 15 with value: 6.66705846786499.
LOCAL_RANK: 0 - CUDA_VISIBLE_DEVICES: [0]
[I 2023-12-15 23:57:34,089] Trial 39 finished with value: 10.846908569335938 and parameters: {'gradient_clip_val': 0.3280293011506137, 'hidden_size': 34, 'dropout': 0.36069526637503346, 'hidden_continuous_size': 15, 'attention_head_size': 1, 'learning_rate': 0.006048977684139273}. Best is trial 15 with value: 6.66705846786499.
LOCAL_RANK: 0 - CUDA_VISIBLE_DEVICES: [0]
[I 2023-12-15 23:58:13,652] Trial 40 finished with value: 65.5109634399414 and parameters: {'gradient_clip_val': 0.21232073176346103, 'hidden_size': 96, 'dropout': 0.31106811200976664, 'hidden_continuous_size': 96, 'attention_head_size': 4, 'learning_rate': 0.0023176888497497914}. Best is trial 15 with value: 6.66705846786499.
LOCAL_RANK: 0 - CUDA_VISIBLE_DEVICES: [0]
[I 2023-12-15 23:59:01,551] Trial 41 finished with value: 5.49029016494751 and parameters: {'gradient_clip_val': 0.18482915605526223, 'hidden_size': 24, 'dropout': 0.32993340690889694, 'hidden_continuous_size': 12, 'attention_head_size': 2, 'learning_rate': 0.004828575804114829}. Best is trial 41 with value: 5.49029016494751.
LOCAL_RANK: 0 - CUDA_VISIBLE_DEVICES: [0]
[I 2023-12-15 23:59:51,346] Trial 42 finished with value: 33.449527740478516 and parameters: {'gradient_clip_val': 0.26604091064678903, 'hidden_size': 27, 'dropout': 0.3429211937854256, 'hidden_continuous_size': 10, 'attention_head_size': 2, 'learning_rate': 0.00833965643803644}. Best is trial 41 with value: 5.49029016494751.
LOCAL_RANK: 0 - CUDA_VISIBLE_DEVICES: [0]
[I 2023-12-16 00:00:40,282] Trial 43 finished with value: 8.927947998046875 and parameters: {'gradient_clip_val': 0.19459772607300746, 'hidden_size': 21, 'dropout': 0.32735463279970045, 'hidden_continuous_size': 11, 'attention_head_size': 2, 'learning_rate': 0.011995614228422068}. Best is trial 41 with value: 5.49029016494751.
LOCAL_RANK: 0 - CUDA_VISIBLE_DEVICES: [0]
[I 2023-12-16 00:01:33,959] Trial 44 finished with value: 11.09591007232666 and parameters: {'gradient_clip_val': 0.23342398255310162, 'hidden_size': 62, 'dropout': 0.3087720878902369, 'hidden_continuous_size': 17, 'attention_head_size': 2, 'learning_rate': 0.0212472327351256}. Best is trial 41 with value: 5.49029016494751.
LOCAL_RANK: 0 - CUDA_VISIBLE_DEVICES: [0]
[I 2023-12-16 00:02:26,769] Trial 45 finished with value: 4.7915873527526855 and parameters: {'gradient_clip_val': 0.30156097976793356, 'hidden_size': 54, 'dropout': 0.3534629705287579, 'hidden_continuous_size': 15, 'attention_head_size': 1, 'learning_rate': 0.014914302401715828}. Best is trial 45 with value: 4.7915873527526855.
LOCAL_RANK: 0 - CUDA_VISIBLE_DEVICES: [0]
[I 2023-12-16 00:03:17,860] Trial 46 finished with value: 11.495396614074707 and parameters: {'gradient_clip_val': 0.2957753663752657, 'hidden_size': 34, 'dropout': 0.33007857055538337, 'hidden_continuous_size': 15, 'attention_head_size': 1, 'learning_rate': 0.01556340004253812}. Best is trial 45 with value: 4.7915873527526855.
LOCAL_RANK: 0 - CUDA_VISIBLE_DEVICES: [0]
[I 2023-12-16 00:04:09,686] Trial 47 finished with value: 5.585285186767578 and parameters: {'gradient_clip_val': 0.3695895231079141, 'hidden_size': 48, 'dropout': 0.2856083264025455, 'hidden_continuous_size': 13, 'attention_head_size': 1, 'learning_rate': 0.009029467550639199}. Best is trial 45 with value: 4.7915873527526855.
LOCAL_RANK: 0 - CUDA_VISIBLE_DEVICES: [0]
[I 2023-12-16 00:05:02,355] Trial 48 finished with value: 18.74120330810547 and parameters: {'gradient_clip_val': 0.2843488514506712, 'hidden_size': 49, 'dropout': 0.3058307620541802, 'hidden_continuous_size': 12, 'attention_head_size': 1, 'learning_rate': 0.00977703368414615}. Best is trial 45 with value: 4.7915873527526855.
LOCAL_RANK: 0 - CUDA_VISIBLE_DEVICES: [0]
[I 2023-12-16 00:05:51,914] Trial 49 finished with value: 5.332143783569336 and parameters: {'gradient_clip_val': 0.36091489542062954, 'hidden_size': 36, 'dropout': 0.2885174549142004, 'hidden_continuous_size': 12, 'attention_head_size': 1, 'learning_rate': 0.005613898675319286}. Best is trial 45 with value: 4.7915873527526855.
[I 2023-12-16 00:05:52,008] A new study created in memory with name: no-name-fd4b74dd-32ae-467c-927b-8f67f78d4b26
/home/le004/conda/anaconda3/envs/tsff_env/lib/python3.9/site-packages/lightning/fabric/plugins/environments/slurm.py:191: The `srun` command is available on your system but is not used. HINT: If your intention is to run Lightning on SLURM, prepend your python command with `srun` like so: srun python /home/le004/master_thesis/git/TSFusionForecast/code/ ...
LOCAL_RANK: 0 - CUDA_VISIBLE_DEVICES: [0]
[I 2023-12-16 00:06:45,520] Trial 0 finished with value: 20.737163543701172 and parameters: {'gradient_clip_val': 0.5970473156539974, 'hidden_size': 88, 'dropout': 0.25418568553550336, 'hidden_continuous_size': 15, 'attention_head_size': 3, 'learning_rate': 0.004519993127952903}. Best is trial 0 with value: 20.737163543701172.
LOCAL_RANK: 0 - CUDA_VISIBLE_DEVICES: [0]
[I 2023-12-16 00:07:35,662] Trial 1 finished with value: 16.5838565826416 and parameters: {'gradient_clip_val': 0.8411788572201514, 'hidden_size': 41, 'dropout': 0.3450658433123387, 'hidden_continuous_size': 6, 'attention_head_size': 2, 'learning_rate': 0.0010216900733991349}. Best is trial 1 with value: 16.5838565826416.
LOCAL_RANK: 0 - CUDA_VISIBLE_DEVICES: [0]
[I 2023-12-16 00:08:13,316] Trial 2 finished with value: 29.21843910217285 and parameters: {'gradient_clip_val': 0.23523585764855742, 'hidden_size': 5, 'dropout': 0.3270516774287505, 'hidden_continuous_size': 5, 'attention_head_size': 4, 'learning_rate': 0.0015234787231832587}. Best is trial 1 with value: 16.5838565826416.
LOCAL_RANK: 0 - CUDA_VISIBLE_DEVICES: [0]
[I 2023-12-16 00:09:05,920] Trial 3 finished with value: 12.00633716583252 and parameters: {'gradient_clip_val': 0.10260042212835536, 'hidden_size': 51, 'dropout': 0.19096016439335559, 'hidden_continuous_size': 6, 'attention_head_size': 4, 'learning_rate': 0.0782127837116542}. Best is trial 3 with value: 12.00633716583252.
LOCAL_RANK: 0 - CUDA_VISIBLE_DEVICES: [0]
[I 2023-12-16 00:09:58,718] Trial 4 finished with value: 39.846435546875 and parameters: {'gradient_clip_val': 0.7412353017490133, 'hidden_size': 85, 'dropout': 0.2062300224762734, 'hidden_continuous_size': 5, 'attention_head_size': 3, 'learning_rate': 0.001073228269627504}. Best is trial 3 with value: 12.00633716583252.
LOCAL_RANK: 0 - CUDA_VISIBLE_DEVICES: [0]
[I 2023-12-16 00:10:45,064] Trial 5 finished with value: 15.635689735412598 and parameters: {'gradient_clip_val': 0.7761600527131168, 'hidden_size': 7, 'dropout': 0.3735113382926132, 'hidden_continuous_size': 6, 'attention_head_size': 3, 'learning_rate': 0.04450131656711806}. Best is trial 3 with value: 12.00633716583252.
LOCAL_RANK: 0 - CUDA_VISIBLE_DEVICES: [0]
[I 2023-12-16 00:11:38,746] Trial 6 finished with value: 25.499910354614258 and parameters: {'gradient_clip_val': 0.20800033509054316, 'hidden_size': 64, 'dropout': 0.16023482972035746, 'hidden_continuous_size': 15, 'attention_head_size': 4, 'learning_rate': 0.0020386342541182665}. Best is trial 3 with value: 12.00633716583252.
LOCAL_RANK: 0 - CUDA_VISIBLE_DEVICES: [0]
[I 2023-12-16 00:12:32,591] Trial 7 finished with value: 15.059313774108887 and parameters: {'gradient_clip_val': 0.6546008530155721, 'hidden_size': 78, 'dropout': 0.39998402907847186, 'hidden_continuous_size': 16, 'attention_head_size': 1, 'learning_rate': 0.033147276765141426}. Best is trial 3 with value: 12.00633716583252.
LOCAL_RANK: 0 - CUDA_VISIBLE_DEVICES: [0]
[I 2023-12-16 00:13:20,988] Trial 8 finished with value: 35.77077865600586 and parameters: {'gradient_clip_val': 0.11322212782603494, 'hidden_size': 23, 'dropout': 0.18883529319201836, 'hidden_continuous_size': 5, 'attention_head_size': 1, 'learning_rate': 0.001903584317807639}. Best is trial 3 with value: 12.00633716583252.
LOCAL_RANK: 0 - CUDA_VISIBLE_DEVICES: [0]
[I 2023-12-16 00:14:06,603] Trial 9 finished with value: 28.79621696472168 and parameters: {'gradient_clip_val': 0.26464481616863567, 'hidden_size': 10, 'dropout': 0.26539357569414235, 'hidden_continuous_size': 7, 'attention_head_size': 1, 'learning_rate': 0.0014733570725680742}. Best is trial 3 with value: 12.00633716583252.
LOCAL_RANK: 0 - CUDA_VISIBLE_DEVICES: [0]
[I 2023-12-16 00:15:00,430] Trial 10 finished with value: 14.673375129699707 and parameters: {'gradient_clip_val': 0.11561600287731713, 'hidden_size': 33, 'dropout': 0.11812127505551993, 'hidden_continuous_size': 26, 'attention_head_size': 4, 'learning_rate': 0.018476846770254213}. Best is trial 3 with value: 12.00633716583252.
LOCAL_RANK: 0 - CUDA_VISIBLE_DEVICES: [0]
[I 2023-12-16 00:15:53,963] Trial 11 finished with value: 14.43272876739502 and parameters: {'gradient_clip_val': 0.10089165737162671, 'hidden_size': 34, 'dropout': 0.10498912993529053, 'hidden_continuous_size': 31, 'attention_head_size': 4, 'learning_rate': 0.0956574629008943}. Best is trial 3 with value: 12.00633716583252.
LOCAL_RANK: 0 - CUDA_VISIBLE_DEVICES: [0]
[I 2023-12-16 00:16:32,847] Trial 12 finished with value: 11.65839672088623 and parameters: {'gradient_clip_val': 0.10003417667447487, 'hidden_size': 42, 'dropout': 0.11424251934753835, 'hidden_continuous_size': 42, 'attention_head_size': 4, 'learning_rate': 0.07472612098417691}. Best is trial 12 with value: 11.65839672088623.
LOCAL_RANK: 0 - CUDA_VISIBLE_DEVICES: [0]
[I 2023-12-16 00:17:27,340] Trial 13 finished with value: 15.982563018798828 and parameters: {'gradient_clip_val': 0.15355224343577634, 'hidden_size': 50, 'dropout': 0.14910604116227522, 'hidden_continuous_size': 42, 'attention_head_size': 2, 'learning_rate': 0.015568640959532669}. Best is trial 12 with value: 11.65839672088623.
LOCAL_RANK: 0 - CUDA_VISIBLE_DEVICES: [0]
[I 2023-12-16 00:18:16,960] Trial 14 finished with value: 14.530928611755371 and parameters: {'gradient_clip_val': 0.15615803337413572, 'hidden_size': 22, 'dropout': 0.10315921270583345, 'hidden_continuous_size': 9, 'attention_head_size': 3, 'learning_rate': 0.08997918051225226}. Best is trial 12 with value: 11.65839672088623.
LOCAL_RANK: 0 - CUDA_VISIBLE_DEVICES: [0]
[I 2023-12-16 00:19:12,156] Trial 15 finished with value: 16.81959342956543 and parameters: {'gradient_clip_val': 0.37787643157930695, 'hidden_size': 54, 'dropout': 0.2088619615495817, 'hidden_continuous_size': 53, 'attention_head_size': 4, 'learning_rate': 0.048837049852138076}. Best is trial 12 with value: 11.65839672088623.
LOCAL_RANK: 0 - CUDA_VISIBLE_DEVICES: [0]
[I 2023-12-16 00:19:59,585] Trial 16 finished with value: 20.113746643066406 and parameters: {'gradient_clip_val': 0.1434127944633978, 'hidden_size': 15, 'dropout': 0.14909358475108503, 'hidden_continuous_size': 8, 'attention_head_size': 4, 'learning_rate': 0.008745957354853543}. Best is trial 12 with value: 11.65839672088623.
LOCAL_RANK: 0 - CUDA_VISIBLE_DEVICES: [0]
[I 2023-12-16 00:20:49,387] Trial 17 finished with value: 5.710169315338135 and parameters: {'gradient_clip_val': 0.10234799096149387, 'hidden_size': 31, 'dropout': 0.1773010528826628, 'hidden_continuous_size': 11, 'attention_head_size': 2, 'learning_rate': 0.09394681189013572}. Best is trial 17 with value: 5.710169315338135.
LOCAL_RANK: 0 - CUDA_VISIBLE_DEVICES: [0]
[I 2023-12-16 00:21:39,015] Trial 18 finished with value: 17.70708656311035 and parameters: {'gradient_clip_val': 0.18733740304938185, 'hidden_size': 31, 'dropout': 0.13070474848749486, 'hidden_continuous_size': 10, 'attention_head_size': 2, 'learning_rate': 0.030269584541522378}. Best is trial 17 with value: 5.710169315338135.
LOCAL_RANK: 0 - CUDA_VISIBLE_DEVICES: [0]
[I 2023-12-16 00:22:27,555] Trial 19 finished with value: 17.70094108581543 and parameters: {'gradient_clip_val': 0.13653468714103084, 'hidden_size': 18, 'dropout': 0.16712962197915474, 'hidden_continuous_size': 11, 'attention_head_size': 2, 'learning_rate': 0.060108456425189416}. Best is trial 17 with value: 5.710169315338135.
LOCAL_RANK: 0 - CUDA_VISIBLE_DEVICES: [0]
[I 2023-12-16 00:23:17,493] Trial 20 finished with value: 20.309053421020508 and parameters: {'gradient_clip_val': 0.1810041514146827, 'hidden_size': 26, 'dropout': 0.13699343360928545, 'hidden_continuous_size': 12, 'attention_head_size': 3, 'learning_rate': 0.025337942193508302}. Best is trial 17 with value: 5.710169315338135.
LOCAL_RANK: 0 - CUDA_VISIBLE_DEVICES: [0]
[I 2023-12-16 00:24:09,888] Trial 21 finished with value: 21.899309158325195 and parameters: {'gradient_clip_val': 0.10932237707579481, 'hidden_size': 44, 'dropout': 0.1853203047227786, 'hidden_continuous_size': 19, 'attention_head_size': 2, 'learning_rate': 0.06884000489710576}. Best is trial 17 with value: 5.710169315338135.
LOCAL_RANK: 0 - CUDA_VISIBLE_DEVICES: [0]
[I 2023-12-16 00:25:02,630] Trial 22 finished with value: 11.259745597839355 and parameters: {'gradient_clip_val': 0.12875368899586984, 'hidden_size': 64, 'dropout': 0.22003834341826073, 'hidden_continuous_size': 8, 'attention_head_size': 3, 'learning_rate': 0.09915887290455425}. Best is trial 17 with value: 5.710169315338135.
LOCAL_RANK: 0 - CUDA_VISIBLE_DEVICES: [0]
[I 2023-12-16 00:25:57,155] Trial 23 finished with value: 17.17644691467285 and parameters: {'gradient_clip_val': 0.12707694126869454, 'hidden_size': 64, 'dropout': 0.22126961151631488, 'hidden_continuous_size': 61, 'attention_head_size': 3, 'learning_rate': 0.09994480726911367}. Best is trial 17 with value: 5.710169315338135.
LOCAL_RANK: 0 - CUDA_VISIBLE_DEVICES: [0]
[I 2023-12-16 00:26:47,907] Trial 24 finished with value: 32.10770797729492 and parameters: {'gradient_clip_val': 0.13304350158017678, 'hidden_size': 39, 'dropout': 0.22943769896474542, 'hidden_continuous_size': 9, 'attention_head_size': 2, 'learning_rate': 0.04199884146473646}. Best is trial 17 with value: 5.710169315338135.
LOCAL_RANK: 0 - CUDA_VISIBLE_DEVICES: [0]
[I 2023-12-16 00:27:37,964] Trial 25 finished with value: 8.31981372833252 and parameters: {'gradient_clip_val': 0.1002324309737606, 'hidden_size': 29, 'dropout': 0.12745245846588746, 'hidden_continuous_size': 12, 'attention_head_size': 3, 'learning_rate': 0.0605847118336778}. Best is trial 17 with value: 5.710169315338135.
LOCAL_RANK: 0 - CUDA_VISIBLE_DEVICES: [0]
[I 2023-12-16 00:28:27,989] Trial 26 finished with value: 29.2119083404541 and parameters: {'gradient_clip_val': 0.1571443766064864, 'hidden_size': 27, 'dropout': 0.17126110945955725, 'hidden_continuous_size': 12, 'attention_head_size': 3, 'learning_rate': 0.05446180422199381}. Best is trial 17 with value: 5.710169315338135.
LOCAL_RANK: 0 - CUDA_VISIBLE_DEVICES: [0]
[I 2023-12-16 00:29:15,583] Trial 27 finished with value: 18.706544876098633 and parameters: {'gradient_clip_val': 0.12580382636526447, 'hidden_size': 17, 'dropout': 0.13713115613638752, 'hidden_continuous_size': 8, 'attention_head_size': 3, 'learning_rate': 0.05699188464516321}. Best is trial 17 with value: 5.710169315338135.
LOCAL_RANK: 0 - CUDA_VISIBLE_DEVICES: [0]
[I 2023-12-16 00:30:13,266] Trial 28 finished with value: 13.475814819335938 and parameters: {'gradient_clip_val': 0.1216608993655362, 'hidden_size': 100, 'dropout': 0.23741346206843417, 'hidden_continuous_size': 92, 'attention_head_size': 2, 'learning_rate': 0.03744325987505727}. Best is trial 17 with value: 5.710169315338135.
LOCAL_RANK: 0 - CUDA_VISIBLE_DEVICES: [0]
[I 2023-12-16 00:31:07,201] Trial 29 finished with value: 13.412898063659668 and parameters: {'gradient_clip_val': 0.1676283964846087, 'hidden_size': 67, 'dropout': 0.25318233410750646, 'hidden_continuous_size': 13, 'attention_head_size': 3, 'learning_rate': 0.02213856848871584}. Best is trial 17 with value: 5.710169315338135.
LOCAL_RANK: 0 - CUDA_VISIBLE_DEVICES: [0]
[I 2023-12-16 00:31:57,988] Trial 30 finished with value: 21.987279891967773 and parameters: {'gradient_clip_val': 0.14054096273553268, 'hidden_size': 35, 'dropout': 0.17388537388481487, 'hidden_continuous_size': 10, 'attention_head_size': 3, 'learning_rate': 0.014457872399872824}. Best is trial 17 with value: 5.710169315338135.
LOCAL_RANK: 0 - CUDA_VISIBLE_DEVICES: [0]
[I 2023-12-16 00:32:51,234] Trial 31 finished with value: 13.196703910827637 and parameters: {'gradient_clip_val': 0.10220629300925163, 'hidden_size': 45, 'dropout': 0.1194936309121225, 'hidden_continuous_size': 18, 'attention_head_size': 3, 'learning_rate': 0.06371982188274039}. Best is trial 17 with value: 5.710169315338135.
LOCAL_RANK: 0 - CUDA_VISIBLE_DEVICES: [0]
[I 2023-12-16 00:33:44,050] Trial 32 finished with value: 17.04785919189453 and parameters: {'gradient_clip_val': 0.10060841381320876, 'hidden_size': 41, 'dropout': 0.15067749624385446, 'hidden_continuous_size': 14, 'attention_head_size': 2, 'learning_rate': 0.09751128314339687}. Best is trial 17 with value: 5.710169315338135.
LOCAL_RANK: 0 - CUDA_VISIBLE_DEVICES: [0]
[I 2023-12-16 00:34:37,837] Trial 33 finished with value: 19.280576705932617 and parameters: {'gradient_clip_val': 0.11846873167181449, 'hidden_size': 54, 'dropout': 0.12410061009329891, 'hidden_continuous_size': 12, 'attention_head_size': 4, 'learning_rate': 0.07378364498138756}. Best is trial 17 with value: 5.710169315338135.
LOCAL_RANK: 0 - CUDA_VISIBLE_DEVICES: [0]
[I 2023-12-16 00:35:26,940] Trial 34 finished with value: 52.58656692504883 and parameters: {'gradient_clip_val': 0.11808056731071878, 'hidden_size': 29, 'dropout': 0.10582514994851037, 'hidden_continuous_size': 7, 'attention_head_size': 2, 'learning_rate': 0.04069987113413773}. Best is trial 17 with value: 5.710169315338135.
LOCAL_RANK: 0 - CUDA_VISIBLE_DEVICES: [0]
[I 2023-12-16 00:36:19,346] Trial 35 finished with value: 23.019872665405273 and parameters: {'gradient_clip_val': 0.1321644795940818, 'hidden_size': 38, 'dropout': 0.20174411178309176, 'hidden_continuous_size': 14, 'attention_head_size': 3, 'learning_rate': 0.07118987282803273}. Best is trial 17 with value: 5.710169315338135.
LOCAL_RANK: 0 - CUDA_VISIBLE_DEVICES: [0]
