[I 2023-12-15 22:18:11,509] Trial 16 finished with value: 89.6832046508789 and parameters: {'gradient_clip_val': 0.22977156985091235, 'hidden_size': 50, 'dropout': 0.3556787329973409, 'hidden_continuous_size': 13, 'attention_head_size': 4, 'learning_rate': 0.0029582827995120677}. Best is trial 0 with value: 37.345947265625.
LOCAL_RANK: 0 - CUDA_VISIBLE_DEVICES: [0]
[I 2023-12-15 22:19:02,287] Trial 17 finished with value: 69.47109985351562 and parameters: {'gradient_clip_val': 0.43940178122379264, 'hidden_size': 37, 'dropout': 0.31474071537078196, 'hidden_continuous_size': 10, 'attention_head_size': 3, 'learning_rate': 0.0011248804200951342}. Best is trial 0 with value: 37.345947265625.
LOCAL_RANK: 0 - CUDA_VISIBLE_DEVICES: [0]
[I 2023-12-15 22:19:56,108] Trial 18 finished with value: 61.140682220458984 and parameters: {'gradient_clip_val': 0.1583649391963205, 'hidden_size': 71, 'dropout': 0.2592536432703941, 'hidden_continuous_size': 23, 'attention_head_size': 2, 'learning_rate': 0.003053613270380923}. Best is trial 0 with value: 37.345947265625.
LOCAL_RANK: 0 - CUDA_VISIBLE_DEVICES: [0]
[I 2023-12-15 22:20:52,092] Trial 19 finished with value: 78.32665252685547 and parameters: {'gradient_clip_val': 0.5493459379529617, 'hidden_size': 100, 'dropout': 0.39410577053960544, 'hidden_continuous_size': 37, 'attention_head_size': 4, 'learning_rate': 0.000900936181919658}. Best is trial 0 with value: 37.345947265625.
LOCAL_RANK: 0 - CUDA_VISIBLE_DEVICES: [0]
[I 2023-12-15 22:21:46,080] Trial 20 finished with value: 79.04582977294922 and parameters: {'gradient_clip_val': 0.3642553250600485, 'hidden_size': 65, 'dropout': 0.29167684230670354, 'hidden_continuous_size': 15, 'attention_head_size': 3, 'learning_rate': 0.09967191393090462}. Best is trial 0 with value: 37.345947265625.
LOCAL_RANK: 0 - CUDA_VISIBLE_DEVICES: [0]
[I 2023-12-15 22:22:38,126] Trial 21 finished with value: 49.889163970947266 and parameters: {'gradient_clip_val': 0.16050488344517963, 'hidden_size': 40, 'dropout': 0.20023883499980652, 'hidden_continuous_size': 18, 'attention_head_size': 3, 'learning_rate': 0.007157168071555769}. Best is trial 0 with value: 37.345947265625.
LOCAL_RANK: 0 - CUDA_VISIBLE_DEVICES: [0]
[I 2023-12-15 22:23:29,039] Trial 22 finished with value: 76.63613891601562 and parameters: {'gradient_clip_val': 0.1438336266524283, 'hidden_size': 31, 'dropout': 0.24044516601531823, 'hidden_continuous_size': 18, 'attention_head_size': 3, 'learning_rate': 0.0018416060875737804}. Best is trial 0 with value: 37.345947265625.
LOCAL_RANK: 0 - CUDA_VISIBLE_DEVICES: [0]
[I 2023-12-15 22:24:23,033] Trial 23 finished with value: 124.32562255859375 and parameters: {'gradient_clip_val': 0.11214413442712097, 'hidden_size': 71, 'dropout': 0.19352720244100044, 'hidden_continuous_size': 26, 'attention_head_size': 3, 'learning_rate': 0.000973040032728786}. Best is trial 0 with value: 37.345947265625.
LOCAL_RANK: 0 - CUDA_VISIBLE_DEVICES: [0]
[I 2023-12-15 22:25:08,751] Trial 24 finished with value: 55.713436126708984 and parameters: {'gradient_clip_val': 0.13671624078308617, 'hidden_size': 13, 'dropout': 0.25319574983441084, 'hidden_continuous_size': 7, 'attention_head_size': 2, 'learning_rate': 0.005683063171840036}. Best is trial 0 with value: 37.345947265625.
LOCAL_RANK: 0 - CUDA_VISIBLE_DEVICES: [0]
[I 2023-12-15 22:26:02,000] Trial 25 finished with value: 53.61567306518555 and parameters: {'gradient_clip_val': 0.10449071022465456, 'hidden_size': 47, 'dropout': 0.2186430862671447, 'hidden_continuous_size': 20, 'attention_head_size': 3, 'learning_rate': 0.0021390253410310286}. Best is trial 0 with value: 37.345947265625.
LOCAL_RANK: 0 - CUDA_VISIBLE_DEVICES: [0]
[I 2023-12-15 22:26:56,269] Trial 26 finished with value: 84.80078887939453 and parameters: {'gradient_clip_val': 0.16588141543110235, 'hidden_size': 80, 'dropout': 0.16610545211572336, 'hidden_continuous_size': 25, 'attention_head_size': 4, 'learning_rate': 0.009958997396550767}. Best is trial 0 with value: 37.345947265625.
LOCAL_RANK: 0 - CUDA_VISIBLE_DEVICES: [0]
[I 2023-12-15 22:27:50,112] Trial 27 finished with value: 61.59478759765625 and parameters: {'gradient_clip_val': 0.23102758838694076, 'hidden_size': 59, 'dropout': 0.252268155927028, 'hidden_continuous_size': 13, 'attention_head_size': 3, 'learning_rate': 0.004100879320324403}. Best is trial 0 with value: 37.345947265625.
LOCAL_RANK: 0 - CUDA_VISIBLE_DEVICES: [0]
[I 2023-12-15 22:28:39,538] Trial 28 finished with value: 90.12972259521484 and parameters: {'gradient_clip_val': 0.12566726836114717, 'hidden_size': 32, 'dropout': 0.3005357782906632, 'hidden_continuous_size': 17, 'attention_head_size': 2, 'learning_rate': 0.00261738548985427}. Best is trial 0 with value: 37.345947265625.
LOCAL_RANK: 0 - CUDA_VISIBLE_DEVICES: [0]
[I 2023-12-15 22:29:26,240] Trial 29 finished with value: 89.5390853881836 and parameters: {'gradient_clip_val': 0.17702202349766905, 'hidden_size': 15, 'dropout': 0.16596487149382635, 'hidden_continuous_size': 6, 'attention_head_size': 4, 'learning_rate': 0.014302260659225281}. Best is trial 0 with value: 37.345947265625.
LOCAL_RANK: 0 - CUDA_VISIBLE_DEVICES: [0]
[I 2023-12-15 22:30:21,761] Trial 30 finished with value: 106.7102279663086 and parameters: {'gradient_clip_val': 0.10115952001090728, 'hidden_size': 79, 'dropout': 0.20651723893852342, 'hidden_continuous_size': 36, 'attention_head_size': 3, 'learning_rate': 0.0014806722242850022}. Best is trial 0 with value: 37.345947265625.
LOCAL_RANK: 0 - CUDA_VISIBLE_DEVICES: [0]
[I 2023-12-15 22:31:07,564] Trial 31 finished with value: 36.83431625366211 and parameters: {'gradient_clip_val': 0.6542857525813752, 'hidden_size': 9, 'dropout': 0.34762123102346376, 'hidden_continuous_size': 6, 'attention_head_size': 3, 'learning_rate': 0.004296345129305612}. Best is trial 31 with value: 36.83431625366211.
LOCAL_RANK: 0 - CUDA_VISIBLE_DEVICES: [0]
[I 2023-12-15 22:31:52,029] Trial 32 finished with value: 45.87983703613281 and parameters: {'gradient_clip_val': 0.6445835803459482, 'hidden_size': 12, 'dropout': 0.3727883408944767, 'hidden_continuous_size': 6, 'attention_head_size': 3, 'learning_rate': 0.00465953170262838}. Best is trial 31 with value: 36.83431625366211.
LOCAL_RANK: 0 - CUDA_VISIBLE_DEVICES: [0]
[I 2023-12-15 22:32:39,348] Trial 33 finished with value: 69.83700561523438 and parameters: {'gradient_clip_val': 0.9657500533845894, 'hidden_size': 17, 'dropout': 0.34664089127931874, 'hidden_continuous_size': 9, 'attention_head_size': 3, 'learning_rate': 0.008755801970643701}. Best is trial 31 with value: 36.83431625366211.
LOCAL_RANK: 0 - CUDA_VISIBLE_DEVICES: [0]
[I 2023-12-15 22:33:24,988] Trial 34 finished with value: 70.63349151611328 and parameters: {'gradient_clip_val': 0.34318057744834374, 'hidden_size': 9, 'dropout': 0.37556223200093247, 'hidden_continuous_size': 6, 'attention_head_size': 3, 'learning_rate': 0.004588068699354532}. Best is trial 31 with value: 36.83431625366211.
LOCAL_RANK: 0 - CUDA_VISIBLE_DEVICES: [0]
[I 2023-12-15 22:34:14,365] Trial 35 finished with value: 39.103397369384766 and parameters: {'gradient_clip_val': 0.26681502718289807, 'hidden_size': 25, 'dropout': 0.33582047475034515, 'hidden_continuous_size': 11, 'attention_head_size': 3, 'learning_rate': 0.00241424659267584}. Best is trial 31 with value: 36.83431625366211.
LOCAL_RANK: 0 - CUDA_VISIBLE_DEVICES: [0]
[I 2023-12-15 22:35:03,203] Trial 36 finished with value: 82.22920227050781 and parameters: {'gradient_clip_val': 0.2686968779100121, 'hidden_size': 28, 'dropout': 0.3341499202095656, 'hidden_continuous_size': 10, 'attention_head_size': 4, 'learning_rate': 0.002385769673652076}. Best is trial 31 with value: 36.83431625366211.
LOCAL_RANK: 0 - CUDA_VISIBLE_DEVICES: [0]
[I 2023-12-15 22:35:51,442] Trial 37 finished with value: 99.4197769165039 and parameters: {'gradient_clip_val': 0.4091261880257522, 'hidden_size': 23, 'dropout': 0.31819896410920184, 'hidden_continuous_size': 8, 'attention_head_size': 1, 'learning_rate': 0.0031062278592041454}. Best is trial 31 with value: 36.83431625366211.
LOCAL_RANK: 0 - CUDA_VISIBLE_DEVICES: [0]
[I 2023-12-15 22:36:40,478] Trial 38 finished with value: 60.4113883972168 and parameters: {'gradient_clip_val': 0.32322913950931265, 'hidden_size': 27, 'dropout': 0.35945559903504, 'hidden_continuous_size': 8, 'attention_head_size': 2, 'learning_rate': 0.0018825410883251072}. Best is trial 31 with value: 36.83431625366211.
LOCAL_RANK: 0 - CUDA_VISIBLE_DEVICES: [0]
[I 2023-12-15 22:37:33,463] Trial 39 finished with value: 68.83553314208984 and parameters: {'gradient_clip_val': 0.30514013986381294, 'hidden_size': 45, 'dropout': 0.33418083544599936, 'hidden_continuous_size': 10, 'attention_head_size': 3, 'learning_rate': 0.004018660877294122}. Best is trial 31 with value: 36.83431625366211.
LOCAL_RANK: 0 - CUDA_VISIBLE_DEVICES: [0]
[I 2023-12-15 22:38:24,753] Trial 40 finished with value: 49.74452590942383 and parameters: {'gradient_clip_val': 0.26805112804305337, 'hidden_size': 38, 'dropout': 0.3972505653239602, 'hidden_continuous_size': 12, 'attention_head_size': 3, 'learning_rate': 0.0008651125469263221}. Best is trial 31 with value: 36.83431625366211.
LOCAL_RANK: 0 - CUDA_VISIBLE_DEVICES: [0]
[I 2023-12-15 22:39:10,875] Trial 41 finished with value: 68.88225555419922 and parameters: {'gradient_clip_val': 0.18318339557351726, 'hidden_size': 10, 'dropout': 0.36352688150074347, 'hidden_continuous_size': 7, 'attention_head_size': 3, 'learning_rate': 0.00572892014941891}. Best is trial 31 with value: 36.83431625366211.
LOCAL_RANK: 0 - CUDA_VISIBLE_DEVICES: [0]
[I 2023-12-15 22:39:59,089] Trial 42 finished with value: 65.42491912841797 and parameters: {'gradient_clip_val': 0.37490415478037376, 'hidden_size': 19, 'dropout': 0.34759552650021114, 'hidden_continuous_size': 9, 'attention_head_size': 3, 'learning_rate': 0.0034171969428171685}. Best is trial 31 with value: 36.83431625366211.
LOCAL_RANK: 0 - CUDA_VISIBLE_DEVICES: [0]
[I 2023-12-15 22:40:48,393] Trial 43 finished with value: 53.5088996887207 and parameters: {'gradient_clip_val': 0.13896059114175388, 'hidden_size': 23, 'dropout': 0.3765569510147717, 'hidden_continuous_size': 9, 'attention_head_size': 3, 'learning_rate': 0.0015830088410511793}. Best is trial 31 with value: 36.83431625366211.
LOCAL_RANK: 0 - CUDA_VISIBLE_DEVICES: [0]
[I 2023-12-15 22:41:33,862] Trial 44 finished with value: 98.44567108154297 and parameters: {'gradient_clip_val': 0.47355340973021465, 'hidden_size': 7, 'dropout': 0.3444840216425122, 'hidden_continuous_size': 5, 'attention_head_size': 3, 'learning_rate': 0.0023100732644790374}. Best is trial 31 with value: 36.83431625366211.
LOCAL_RANK: 0 - CUDA_VISIBLE_DEVICES: [0]
[I 2023-12-15 22:42:08,253] Trial 45 finished with value: 75.58036804199219 and parameters: {'gradient_clip_val': 0.20218925434538654, 'hidden_size': 5, 'dropout': 0.3121808133088946, 'hidden_continuous_size': 5, 'attention_head_size': 2, 'learning_rate': 0.0007441225070025763}. Best is trial 31 with value: 36.83431625366211.
LOCAL_RANK: 0 - CUDA_VISIBLE_DEVICES: [0]
[I 2023-12-15 22:42:57,070] Trial 46 finished with value: 83.72965240478516 and parameters: {'gradient_clip_val': 0.7821805225957128, 'hidden_size': 19, 'dropout': 0.3264279561414828, 'hidden_continuous_size': 11, 'attention_head_size': 4, 'learning_rate': 0.0011846521233668584}. Best is trial 31 with value: 36.83431625366211.
LOCAL_RANK: 0 - CUDA_VISIBLE_DEVICES: [0]
[I 2023-12-15 22:43:50,692] Trial 47 finished with value: 117.8211898803711 and parameters: {'gradient_clip_val': 0.5486840419855428, 'hidden_size': 53, 'dropout': 0.2707266104733991, 'hidden_continuous_size': 21, 'attention_head_size': 3, 'learning_rate': 0.000503200617678896}. Best is trial 31 with value: 36.83431625366211.
LOCAL_RANK: 0 - CUDA_VISIBLE_DEVICES: [0]
[I 2023-12-15 22:44:36,348] Trial 48 finished with value: 88.9351806640625 and parameters: {'gradient_clip_val': 0.27710471306481865, 'hidden_size': 6, 'dropout': 0.38554644238750524, 'hidden_continuous_size': 5, 'attention_head_size': 3, 'learning_rate': 0.0011119356146128611}. Best is trial 31 with value: 36.83431625366211.
LOCAL_RANK: 0 - CUDA_VISIBLE_DEVICES: [0]
[I 2023-12-15 22:45:22,967] Trial 49 finished with value: 57.1343879699707 and parameters: {'gradient_clip_val': 0.24133630363452463, 'hidden_size': 15, 'dropout': 0.3657995137886629, 'hidden_continuous_size': 7, 'attention_head_size': 4, 'learning_rate': 0.0027082864742608405}. Best is trial 31 with value: 36.83431625366211.
[I 2023-12-15 22:45:23,060] A new study created in memory with name: no-name-e7709014-6dff-41cd-bfe9-6d4d65d8c1a4
/home/le004/conda/anaconda3/envs/tsff_env/lib/python3.9/site-packages/lightning/fabric/plugins/environments/slurm.py:191: The `srun` command is available on your system but is not used. HINT: If your intention is to run Lightning on SLURM, prepend your python command with `srun` like so: srun python /home/le004/master_thesis/git/TSFusionForecast/code/ ...
LOCAL_RANK: 0 - CUDA_VISIBLE_DEVICES: [0]
[I 2023-12-15 22:46:10,639] Trial 0 finished with value: 1117.3304443359375 and parameters: {'gradient_clip_val': 0.24279026051467964, 'hidden_size': 24, 'dropout': 0.14213426678451221, 'hidden_continuous_size': 7, 'attention_head_size': 2, 'learning_rate': 0.048344408892747215}. Best is trial 0 with value: 1117.3304443359375.
LOCAL_RANK: 0 - CUDA_VISIBLE_DEVICES: [0]
[I 2023-12-15 22:47:05,375] Trial 1 finished with value: 572.4882202148438 and parameters: {'gradient_clip_val': 0.8731500185155864, 'hidden_size': 85, 'dropout': 0.3446699439158222, 'hidden_continuous_size': 8, 'attention_head_size': 4, 'learning_rate': 0.05628659570394659}. Best is trial 1 with value: 572.4882202148438.
LOCAL_RANK: 0 - CUDA_VISIBLE_DEVICES: [0]
[I 2023-12-15 22:47:55,640] Trial 2 finished with value: 628.1940307617188 and parameters: {'gradient_clip_val': 0.27078925220092737, 'hidden_size': 26, 'dropout': 0.22204004863412602, 'hidden_continuous_size': 19, 'attention_head_size': 4, 'learning_rate': 0.07412197728527585}. Best is trial 1 with value: 572.4882202148438.
LOCAL_RANK: 0 - CUDA_VISIBLE_DEVICES: [0]
[I 2023-12-15 22:48:30,041] Trial 3 finished with value: 2096.609619140625 and parameters: {'gradient_clip_val': 0.3967233023543633, 'hidden_size': 5, 'dropout': 0.18669186790547493, 'hidden_continuous_size': 5, 'attention_head_size': 1, 'learning_rate': 0.0009357148642147977}. Best is trial 1 with value: 572.4882202148438.
LOCAL_RANK: 0 - CUDA_VISIBLE_DEVICES: [0]
[I 2023-12-15 22:49:19,188] Trial 4 finished with value: 347.3861389160156 and parameters: {'gradient_clip_val': 0.9011735420926187, 'hidden_size': 23, 'dropout': 0.11441417888011726, 'hidden_continuous_size': 11, 'attention_head_size': 2, 'learning_rate': 0.022693568661498166}. Best is trial 4 with value: 347.3861389160156.
LOCAL_RANK: 0 - CUDA_VISIBLE_DEVICES: [0]
[I 2023-12-15 22:49:54,356] Trial 5 finished with value: 329.3551940917969 and parameters: {'gradient_clip_val': 0.8165242404474696, 'hidden_size': 12, 'dropout': 0.3428203450438385, 'hidden_continuous_size': 12, 'attention_head_size': 4, 'learning_rate': 0.004488389453552002}. Best is trial 5 with value: 329.3551940917969.
LOCAL_RANK: 0 - CUDA_VISIBLE_DEVICES: [0]
[I 2023-12-15 22:50:39,708] Trial 6 finished with value: 375.830322265625 and parameters: {'gradient_clip_val': 0.5000709379394707, 'hidden_size': 10, 'dropout': 0.36771669743744473, 'hidden_continuous_size': 8, 'attention_head_size': 1, 'learning_rate': 0.01114133294270746}. Best is trial 5 with value: 329.3551940917969.
LOCAL_RANK: 0 - CUDA_VISIBLE_DEVICES: [0]
[I 2023-12-15 22:51:24,490] Trial 7 finished with value: 507.8255310058594 and parameters: {'gradient_clip_val': 0.3066896249957756, 'hidden_size': 7, 'dropout': 0.23517172748808335, 'hidden_continuous_size': 6, 'attention_head_size': 1, 'learning_rate': 0.032760445500579626}. Best is trial 5 with value: 329.3551940917969.
LOCAL_RANK: 0 - CUDA_VISIBLE_DEVICES: [0]
[I 2023-12-15 22:52:12,936] Trial 8 finished with value: 506.2449645996094 and parameters: {'gradient_clip_val': 0.5271002946098007, 'hidden_size': 24, 'dropout': 0.2578285403062553, 'hidden_continuous_size': 17, 'attention_head_size': 4, 'learning_rate': 0.010589332747201119}. Best is trial 5 with value: 329.3551940917969.
LOCAL_RANK: 0 - CUDA_VISIBLE_DEVICES: [0]
[I 2023-12-15 22:52:58,318] Trial 9 finished with value: 652.1647338867188 and parameters: {'gradient_clip_val': 0.343211829190558, 'hidden_size': 16, 'dropout': 0.3518911712209267, 'hidden_continuous_size': 5, 'attention_head_size': 4, 'learning_rate': 0.01608358184038734}. Best is trial 5 with value: 329.3551940917969.
LOCAL_RANK: 0 - CUDA_VISIBLE_DEVICES: [0]
[I 2023-12-15 22:53:44,536] Trial 10 finished with value: 375.577880859375 and parameters: {'gradient_clip_val': 0.10667244085617493, 'hidden_size': 10, 'dropout': 0.30264949028636945, 'hidden_continuous_size': 9, 'attention_head_size': 3, 'learning_rate': 0.0024622254488056656}. Best is trial 5 with value: 329.3551940917969.
LOCAL_RANK: 0 - CUDA_VISIBLE_DEVICES: [0]
[I 2023-12-15 22:54:30,893] Trial 11 finished with value: 506.168701171875 and parameters: {'gradient_clip_val': 0.9730977903321235, 'hidden_size': 14, 'dropout': 0.12761888212636577, 'hidden_continuous_size': 11, 'attention_head_size': 2, 'learning_rate': 0.0038618760830098687}. Best is trial 5 with value: 329.3551940917969.
LOCAL_RANK: 0 - CUDA_VISIBLE_DEVICES: [0]
[I 2023-12-15 22:55:22,309] Trial 12 finished with value: 645.1126098632812 and parameters: {'gradient_clip_val': 0.6807736514776318, 'hidden_size': 37, 'dropout': 0.104181388778995, 'hidden_continuous_size': 13, 'attention_head_size': 3, 'learning_rate': 0.005455759966225108}. Best is trial 5 with value: 329.3551940917969.
LOCAL_RANK: 0 - CUDA_VISIBLE_DEVICES: [0]
[I 2023-12-15 22:56:15,763] Trial 13 finished with value: 523.9595336914062 and parameters: {'gradient_clip_val': 0.7529841886747632, 'hidden_size': 41, 'dropout': 0.28904542311888, 'hidden_continuous_size': 36, 'attention_head_size': 2, 'learning_rate': 0.02290075785337102}. Best is trial 5 with value: 329.3551940917969.
LOCAL_RANK: 0 - CUDA_VISIBLE_DEVICES: [0]
[I 2023-12-15 22:57:02,566] Trial 14 finished with value: 354.2801513671875 and parameters: {'gradient_clip_val': 0.922862585618989, 'hidden_size': 15, 'dropout': 0.17388013531809854, 'hidden_continuous_size': 10, 'attention_head_size': 3, 'learning_rate': 0.007511575903461301}. Best is trial 5 with value: 329.3551940917969.
LOCAL_RANK: 0 - CUDA_VISIBLE_DEVICES: [0]
[I 2023-12-15 22:57:48,317] Trial 15 finished with value: 496.0819396972656 and parameters: {'gradient_clip_val': 0.6506895353668726, 'hidden_size': 9, 'dropout': 0.3883509108858871, 'hidden_continuous_size': 6, 'attention_head_size': 3, 'learning_rate': 0.019567534306548916}. Best is trial 5 with value: 329.3551940917969.
LOCAL_RANK: 0 - CUDA_VISIBLE_DEVICES: [0]
[I 2023-12-15 22:58:22,703] Trial 16 finished with value: 1126.6849365234375 and parameters: {'gradient_clip_val': 0.6373664552216283, 'hidden_size': 5, 'dropout': 0.39856868503705967, 'hidden_continuous_size': 5, 'attention_head_size': 2, 'learning_rate': 0.0023599128623486764}. Best is trial 5 with value: 329.3551940917969.
LOCAL_RANK: 0 - CUDA_VISIBLE_DEVICES: [0]
[I 2023-12-15 22:59:10,551] Trial 17 finished with value: 780.638427734375 and parameters: {'gradient_clip_val': 0.9344077542791968, 'hidden_size': 17, 'dropout': 0.31048217517145726, 'hidden_continuous_size': 11, 'attention_head_size': 3, 'learning_rate': 0.09078250240416524}. Best is trial 5 with value: 329.3551940917969.
LOCAL_RANK: 0 - CUDA_VISIBLE_DEVICES: [0]
[I 2023-12-15 22:59:59,061] Trial 18 finished with value: 618.0460205078125 and parameters: {'gradient_clip_val': 0.5017818754147733, 'hidden_size': 32, 'dropout': 0.10013288754458781, 'hidden_continuous_size': 14, 'attention_head_size': 2, 'learning_rate': 0.03528059693540885}. Best is trial 5 with value: 329.3551940917969.
LOCAL_RANK: 0 - CUDA_VISIBLE_DEVICES: [0]
[I 2023-12-15 23:00:43,273] Trial 19 finished with value: 1086.6929931640625 and parameters: {'gradient_clip_val': 0.9934209873742857, 'hidden_size': 12, 'dropout': 0.2651730600596524, 'hidden_continuous_size': 9, 'attention_head_size': 1, 'learning_rate': 0.000649554515424995}. Best is trial 5 with value: 329.3551940917969.
LOCAL_RANK: 0 - CUDA_VISIBLE_DEVICES: [0]
[I 2023-12-15 23:01:31,858] Trial 20 finished with value: 449.561767578125 and parameters: {'gradient_clip_val': 0.7561266633204214, 'hidden_size': 20, 'dropout': 0.2237705895492598, 'hidden_continuous_size': 12, 'attention_head_size': 4, 'learning_rate': 0.011042668269425045}. Best is trial 5 with value: 329.3551940917969.
LOCAL_RANK: 0 - CUDA_VISIBLE_DEVICES: [0]
[I 2023-12-15 23:02:20,010] Trial 21 finished with value: 343.8424987792969 and parameters: {'gradient_clip_val': 0.804816022397686, 'hidden_size': 18, 'dropout': 0.1811342146908858, 'hidden_continuous_size': 10, 'attention_head_size': 3, 'learning_rate': 0.006897884463832319}. Best is trial 5 with value: 329.3551940917969.
LOCAL_RANK: 0 - CUDA_VISIBLE_DEVICES: [0]
[I 2023-12-15 23:03:08,800] Trial 22 finished with value: 542.2724609375 and parameters: {'gradient_clip_val': 0.748328848300265, 'hidden_size': 19, 'dropout': 0.19037330427537755, 'hidden_continuous_size': 10, 'attention_head_size': 3, 'learning_rate': 0.005247706387506272}. Best is trial 5 with value: 329.3551940917969.
LOCAL_RANK: 0 - CUDA_VISIBLE_DEVICES: [0]
[I 2023-12-15 23:03:54,707] Trial 23 finished with value: 343.031982421875 and parameters: {'gradient_clip_val': 0.5968742879344552, 'hidden_size': 13, 'dropout': 0.15505861274622096, 'hidden_continuous_size': 9, 'attention_head_size': 2, 'learning_rate': 0.00695754765300675}. Best is trial 5 with value: 329.3551940917969.
LOCAL_RANK: 0 - CUDA_VISIBLE_DEVICES: [0]
