[I 2023-12-26 12:17:58,524] Trial 24 finished with value: 226.863037109375 and parameters: {'gradient_clip_val': 0.2623461232868206, 'hidden_size': 70, 'dropout': 0.2521686004623209, 'hidden_continuous_size': 11, 'attention_head_size': 1, 'learning_rate': 0.09690842946848817}. Best is trial 0 with value: 88.97259521484375.
[I 2023-12-26 12:18:00,909] Trial 25 finished with value: 336.5404357910156 and parameters: {'gradient_clip_val': 0.2062344154307801, 'hidden_size': 27, 'dropout': 0.14238957994340296, 'hidden_continuous_size': 7, 'attention_head_size': 2, 'learning_rate': 0.017813515821888032}. Best is trial 0 with value: 88.97259521484375.
[I 2023-12-26 12:18:04,491] Trial 26 finished with value: 285.4602355957031 and parameters: {'gradient_clip_val': 0.39228338645194355, 'hidden_size': 61, 'dropout': 0.19445599718867473, 'hidden_continuous_size': 10, 'attention_head_size': 1, 'learning_rate': 0.032656238085011266}. Best is trial 0 with value: 88.97259521484375.
[I 2023-12-26 12:18:06,397] Trial 27 finished with value: 283.3824462890625 and parameters: {'gradient_clip_val': 0.1906888109260324, 'hidden_size': 6, 'dropout': 0.15234798752667356, 'hidden_continuous_size': 5, 'attention_head_size': 2, 'learning_rate': 0.017010799377102346}. Best is trial 0 with value: 88.97259521484375.
[I 2023-12-26 12:18:08,408] Trial 28 finished with value: 238.93182373046875 and parameters: {'gradient_clip_val': 0.26648056205243675, 'hidden_size': 10, 'dropout': 0.1043955843471594, 'hidden_continuous_size': 6, 'attention_head_size': 3, 'learning_rate': 0.038144903313965035}. Best is trial 0 with value: 88.97259521484375.
[I 2023-12-26 12:18:10,176] Trial 29 finished with value: 278.1551818847656 and parameters: {'gradient_clip_val': 0.13292167030588037, 'hidden_size': 5, 'dropout': 0.1279597819115804, 'hidden_continuous_size': 5, 'attention_head_size': 4, 'learning_rate': 0.027409607143064885}. Best is trial 0 with value: 88.97259521484375.
[I 2023-12-26 12:18:12,195] Trial 30 finished with value: 231.12278747558594 and parameters: {'gradient_clip_val': 0.12347676080102964, 'hidden_size': 17, 'dropout': 0.14261927639577981, 'hidden_continuous_size': 7, 'attention_head_size': 1, 'learning_rate': 0.06942836258613258}. Best is trial 0 with value: 88.97259521484375.
[I 2023-12-26 12:18:17,633] Trial 31 finished with value: 231.8576202392578 and parameters: {'gradient_clip_val': 0.16180464734328284, 'hidden_size': 92, 'dropout': 0.3107828554146839, 'hidden_continuous_size': 18, 'attention_head_size': 2, 'learning_rate': 0.06757356313524146}. Best is trial 0 with value: 88.97259521484375.
[I 2023-12-26 12:18:28,906] Trial 32 finished with value: 144.62257385253906 and parameters: {'gradient_clip_val': 0.15806595960909908, 'hidden_size': 147, 'dropout': 0.343169985392368, 'hidden_continuous_size': 136, 'attention_head_size': 2, 'learning_rate': 0.0995196068547178}. Best is trial 0 with value: 88.97259521484375.
[I 2023-12-26 12:18:41,923] Trial 33 finished with value: 164.80291748046875 and parameters: {'gradient_clip_val': 0.14411345777987422, 'hidden_size': 142, 'dropout': 0.34400760635140265, 'hidden_continuous_size': 135, 'attention_head_size': 2, 'learning_rate': 0.0660592342497414}. Best is trial 0 with value: 88.97259521484375.
[I 2023-12-26 12:18:52,945] Trial 34 finished with value: 202.12648010253906 and parameters: {'gradient_clip_val': 0.1489011822672833, 'hidden_size': 145, 'dropout': 0.34209054178070547, 'hidden_continuous_size': 137, 'attention_head_size': 2, 'learning_rate': 0.04366083033566013}. Best is trial 0 with value: 88.97259521484375.
[I 2023-12-26 12:19:05,477] Trial 35 finished with value: 147.4654998779297 and parameters: {'gradient_clip_val': 0.16348919622321242, 'hidden_size': 144, 'dropout': 0.367770193862867, 'hidden_continuous_size': 90, 'attention_head_size': 3, 'learning_rate': 0.06156681785438012}. Best is trial 0 with value: 88.97259521484375.
[I 2023-12-26 12:19:13,778] Trial 36 finished with value: 221.64599609375 and parameters: {'gradient_clip_val': 0.16594498771068894, 'hidden_size': 97, 'dropout': 0.3682228056071642, 'hidden_continuous_size': 75, 'attention_head_size': 3, 'learning_rate': 0.06697916680353808}. Best is trial 0 with value: 88.97259521484375.
[I 2023-12-26 12:19:23,245] Trial 37 finished with value: 239.16465759277344 and parameters: {'gradient_clip_val': 0.11856508887975238, 'hidden_size': 112, 'dropout': 0.3773918031529847, 'hidden_continuous_size': 94, 'attention_head_size': 3, 'learning_rate': 0.023928962225949698}. Best is trial 0 with value: 88.97259521484375.
[I 2023-12-26 12:19:35,270] Trial 38 finished with value: 196.26243591308594 and parameters: {'gradient_clip_val': 0.1765198966258746, 'hidden_size': 150, 'dropout': 0.30809211137428383, 'hidden_continuous_size': 52, 'attention_head_size': 3, 'learning_rate': 0.0462971540303234}. Best is trial 0 with value: 88.97259521484375.
[I 2023-12-26 12:19:41,687] Trial 39 finished with value: 268.5967102050781 and parameters: {'gradient_clip_val': 0.13863010403339365, 'hidden_size': 76, 'dropout': 0.31812423504318804, 'hidden_continuous_size': 26, 'attention_head_size': 3, 'learning_rate': 0.031130143312598297}. Best is trial 0 with value: 88.97259521484375.
[I 2023-12-26 12:19:51,446] Trial 40 finished with value: 220.3004608154297 and parameters: {'gradient_clip_val': 0.11528567010250369, 'hidden_size': 122, 'dropout': 0.2807066458332724, 'hidden_continuous_size': 13, 'attention_head_size': 3, 'learning_rate': 0.09888757769320056}. Best is trial 0 with value: 88.97259521484375.
[I 2023-12-26 12:20:04,722] Trial 41 finished with value: 173.8451690673828 and parameters: {'gradient_clip_val': 0.155666309852264, 'hidden_size': 148, 'dropout': 0.3281162831864846, 'hidden_continuous_size': 137, 'attention_head_size': 2, 'learning_rate': 0.06818239389226934}. Best is trial 0 with value: 88.97259521484375.
[I 2023-12-26 12:20:14,492] Trial 42 finished with value: 143.60406494140625 and parameters: {'gradient_clip_val': 0.14296610810689775, 'hidden_size': 110, 'dropout': 0.35229567919317045, 'hidden_continuous_size': 98, 'attention_head_size': 2, 'learning_rate': 0.05894545956819543}. Best is trial 0 with value: 88.97259521484375.
[I 2023-12-26 12:20:23,584] Trial 43 finished with value: 192.92083740234375 and parameters: {'gradient_clip_val': 0.16175941246046766, 'hidden_size': 106, 'dropout': 0.39107342629563707, 'hidden_continuous_size': 67, 'attention_head_size': 2, 'learning_rate': 0.058030237456485494}. Best is trial 0 with value: 88.97259521484375.
[I 2023-12-26 12:20:34,780] Trial 44 finished with value: 191.3882598876953 and parameters: {'gradient_clip_val': 0.18768429582521215, 'hidden_size': 122, 'dropout': 0.37070984936874607, 'hidden_continuous_size': 99, 'attention_head_size': 2, 'learning_rate': 0.04353303974013492}. Best is trial 0 with value: 88.97259521484375.
[I 2023-12-26 12:20:42,126] Trial 45 finished with value: 208.86021423339844 and parameters: {'gradient_clip_val': 0.13367939838119777, 'hidden_size': 85, 'dropout': 0.4217290009568597, 'hidden_continuous_size': 30, 'attention_head_size': 2, 'learning_rate': 0.05496927388535687}. Best is trial 0 with value: 88.97259521484375.
[I 2023-12-26 12:20:51,325] Trial 46 finished with value: 165.65354919433594 and parameters: {'gradient_clip_val': 0.1040201616005472, 'hidden_size': 105, 'dropout': 0.3547902811655481, 'hidden_continuous_size': 52, 'attention_head_size': 3, 'learning_rate': 0.07243742253911857}. Best is trial 0 with value: 88.97259521484375.
[I 2023-12-26 12:21:02,289] Trial 47 finished with value: 159.3751983642578 and parameters: {'gradient_clip_val': 0.19343239382849067, 'hidden_size': 128, 'dropout': 0.2951609665282334, 'hidden_continuous_size': 109, 'attention_head_size': 2, 'learning_rate': 0.07951973576822235}. Best is trial 0 with value: 88.97259521484375.
[I 2023-12-26 12:21:09,405] Trial 48 finished with value: 359.7127380371094 and parameters: {'gradient_clip_val': 0.12789604917375627, 'hidden_size': 86, 'dropout': 0.32787648051868534, 'hidden_continuous_size': 15, 'attention_head_size': 2, 'learning_rate': 0.009336107142166001}. Best is trial 0 with value: 88.97259521484375.
[I 2023-12-26 12:21:18,482] Trial 49 finished with value: 219.9168243408203 and parameters: {'gradient_clip_val': 0.16437389346006373, 'hidden_size': 106, 'dropout': 0.4058804269112765, 'hidden_continuous_size': 67, 'attention_head_size': 3, 'learning_rate': 0.037807730734978104}. Best is trial 0 with value: 88.97259521484375.
[I 2023-12-26 12:21:18,679] A new study created in memory with name: no-name-32e3d7ee-e9a7-42bc-bfce-9ba782a5cf3b
/home/le004/conda/anaconda3/envs/tsff_env/lib/python3.9/site-packages/lightning/fabric/plugins/environments/slurm.py:191: The `srun` command is available on your system but is not used. HINT: If your intention is to run Lightning on SLURM, prepend your python command with `srun` like so: srun python /home/le004/master_thesis/git/TSFusionForecast/code/ ...
[I 2023-12-26 12:24:02,510] Trial 0 finished with value: 33.92519760131836 and parameters: {'gradient_clip_val': 0.21722741813385515, 'hidden_size': 17, 'dropout': 0.192838688100131, 'hidden_continuous_size': 10, 'attention_head_size': 1, 'learning_rate': 0.005621542044346069}. Best is trial 0 with value: 33.92519760131836.
[I 2023-12-26 12:24:05,521] Trial 1 finished with value: 56.5988883972168 and parameters: {'gradient_clip_val': 0.18077665127332473, 'hidden_size': 25, 'dropout': 0.23506037846843417, 'hidden_continuous_size': 25, 'attention_head_size': 4, 'learning_rate': 0.005268197667285016}. Best is trial 0 with value: 33.92519760131836.
[I 2023-12-26 12:24:08,636] Trial 2 finished with value: 61.564178466796875 and parameters: {'gradient_clip_val': 0.4073173035962327, 'hidden_size': 30, 'dropout': 0.2482459381927983, 'hidden_continuous_size': 5, 'attention_head_size': 1, 'learning_rate': 0.0017815893300291736}. Best is trial 0 with value: 33.92519760131836.
[I 2023-12-26 12:24:11,144] Trial 3 finished with value: 60.95298385620117 and parameters: {'gradient_clip_val': 0.29842613479929014, 'hidden_size': 16, 'dropout': 0.40375677165337764, 'hidden_continuous_size': 11, 'attention_head_size': 4, 'learning_rate': 0.0008449228824566807}. Best is trial 0 with value: 33.92519760131836.
[I 2023-12-26 12:24:13,935] Trial 4 finished with value: 47.02558517456055 and parameters: {'gradient_clip_val': 0.5489129133763772, 'hidden_size': 18, 'dropout': 0.30081704731300585, 'hidden_continuous_size': 15, 'attention_head_size': 4, 'learning_rate': 0.007830850169082467}. Best is trial 0 with value: 33.92519760131836.
[I 2023-12-26 12:24:20,315] Trial 5 finished with value: 43.83736801147461 and parameters: {'gradient_clip_val': 0.4514956521520182, 'hidden_size': 74, 'dropout': 0.12115073944417865, 'hidden_continuous_size': 23, 'attention_head_size': 3, 'learning_rate': 0.006253560547485559}. Best is trial 0 with value: 33.92519760131836.
[I 2023-12-26 12:24:28,270] Trial 6 finished with value: 61.454864501953125 and parameters: {'gradient_clip_val': 0.5122703019033173, 'hidden_size': 99, 'dropout': 0.12267387259799839, 'hidden_continuous_size': 5, 'attention_head_size': 4, 'learning_rate': 0.010681980450125358}. Best is trial 0 with value: 33.92519760131836.
[I 2023-12-26 12:24:30,624] Trial 7 finished with value: 59.65495300292969 and parameters: {'gradient_clip_val': 0.2175555078472975, 'hidden_size': 6, 'dropout': 0.4292370057297047, 'hidden_continuous_size': 5, 'attention_head_size': 4, 'learning_rate': 0.019387313477542356}. Best is trial 0 with value: 33.92519760131836.
[I 2023-12-26 12:24:33,230] Trial 8 finished with value: 57.0846061706543 and parameters: {'gradient_clip_val': 0.13682208305935525, 'hidden_size': 20, 'dropout': 0.3494301502359494, 'hidden_continuous_size': 7, 'attention_head_size': 1, 'learning_rate': 0.02593222542873398}. Best is trial 0 with value: 33.92519760131836.
[I 2023-12-26 12:24:37,230] Trial 9 finished with value: 62.57353210449219 and parameters: {'gradient_clip_val': 0.541333587548293, 'hidden_size': 39, 'dropout': 0.24627822478028844, 'hidden_continuous_size': 37, 'attention_head_size': 3, 'learning_rate': 0.07944489463780409}. Best is trial 0 with value: 33.92519760131836.
[I 2023-12-26 12:24:39,664] Trial 10 finished with value: 62.20497131347656 and parameters: {'gradient_clip_val': 0.9781028875249969, 'hidden_size': 9, 'dropout': 0.4622949046933203, 'hidden_continuous_size': 6, 'attention_head_size': 2, 'learning_rate': 0.0018563306981292736}. Best is trial 0 with value: 33.92519760131836.
[I 2023-12-26 12:24:47,963] Trial 11 finished with value: 60.87942123413086 and parameters: {'gradient_clip_val': 0.1171802534515854, 'hidden_size': 89, 'dropout': 0.1039122724041994, 'hidden_continuous_size': 89, 'attention_head_size': 2, 'learning_rate': 0.003911375133514508}. Best is trial 0 with value: 33.92519760131836.
[I 2023-12-26 12:24:52,503] Trial 12 finished with value: 49.01865005493164 and parameters: {'gradient_clip_val': 0.2602784182050086, 'hidden_size': 51, 'dropout': 0.1640697622789044, 'hidden_continuous_size': 10, 'attention_head_size': 3, 'learning_rate': 0.00299053747302629}. Best is trial 0 with value: 33.92519760131836.
[I 2023-12-26 12:25:04,134] Trial 13 finished with value: 68.7248764038086 and parameters: {'gradient_clip_val': 0.16658582534283176, 'hidden_size': 150, 'dropout': 0.1653567091058185, 'hidden_continuous_size': 22, 'attention_head_size': 2, 'learning_rate': 0.0005227142318674785}. Best is trial 0 with value: 33.92519760131836.
[I 2023-12-26 12:25:08,573] Trial 14 finished with value: 57.06406784057617 and parameters: {'gradient_clip_val': 0.32903016754394865, 'hidden_size': 52, 'dropout': 0.17889324209401297, 'hidden_continuous_size': 8, 'attention_head_size': 3, 'learning_rate': 0.010174703402854542}. Best is trial 0 with value: 33.92519760131836.
[I 2023-12-26 12:25:11,086] Trial 15 finished with value: 68.0593490600586 and parameters: {'gradient_clip_val': 0.10019815053729247, 'hidden_size': 13, 'dropout': 0.1101290169557205, 'hidden_continuous_size': 6, 'attention_head_size': 1, 'learning_rate': 0.004811915546900622}. Best is trial 0 with value: 33.92519760131836.
[I 2023-12-26 12:25:13,527] Trial 16 finished with value: 64.15465545654297 and parameters: {'gradient_clip_val': 0.221936866708179, 'hidden_size': 11, 'dropout': 0.20774738371610604, 'hidden_continuous_size': 6, 'attention_head_size': 2, 'learning_rate': 0.002187779798807254}. Best is trial 0 with value: 33.92519760131836.
[I 2023-12-26 12:25:15,694] Trial 17 finished with value: 70.1949234008789 and parameters: {'gradient_clip_val': 0.36112488015696564, 'hidden_size': 5, 'dropout': 0.1448009104041386, 'hidden_continuous_size': 5, 'attention_head_size': 3, 'learning_rate': 0.016211105928128338}. Best is trial 0 with value: 33.92519760131836.
[I 2023-12-26 12:25:18,729] Trial 18 finished with value: 71.52133178710938 and parameters: {'gradient_clip_val': 0.14807547699905463, 'hidden_size': 28, 'dropout': 0.2061245376236734, 'hidden_continuous_size': 10, 'attention_head_size': 1, 'learning_rate': 0.005988282528533652}. Best is trial 0 with value: 33.92519760131836.
[I 2023-12-26 12:25:21,113] Trial 19 finished with value: 68.27515411376953 and parameters: {'gradient_clip_val': 0.2541851669428011, 'hidden_size': 9, 'dropout': 0.147918121904489, 'hidden_continuous_size': 5, 'attention_head_size': 2, 'learning_rate': 0.0028257689756704418}. Best is trial 0 with value: 33.92519760131836.
[I 2023-12-26 12:25:24,757] Trial 20 finished with value: 62.959228515625 and parameters: {'gradient_clip_val': 0.1931301375954741, 'hidden_size': 37, 'dropout': 0.10630102482718862, 'hidden_continuous_size': 14, 'attention_head_size': 3, 'learning_rate': 0.0012738693509580913}. Best is trial 0 with value: 33.92519760131836.
[I 2023-12-26 12:25:27,497] Trial 21 finished with value: 60.77817916870117 and parameters: {'gradient_clip_val': 0.47177117871030083, 'hidden_size': 19, 'dropout': 0.3036326739822015, 'hidden_continuous_size': 8, 'attention_head_size': 4, 'learning_rate': 0.00797440991819155}. Best is trial 0 with value: 33.92519760131836.
[I 2023-12-26 12:25:29,967] Trial 22 finished with value: 46.788516998291016 and parameters: {'gradient_clip_val': 0.6534557805583919, 'hidden_size': 16, 'dropout': 0.30436523648679115, 'hidden_continuous_size': 12, 'attention_head_size': 3, 'learning_rate': 0.003857614288964331}. Best is trial 0 with value: 33.92519760131836.
[I 2023-12-26 12:25:32,886] Trial 23 finished with value: 69.22125244140625 and parameters: {'gradient_clip_val': 0.6537229047818756, 'hidden_size': 14, 'dropout': 0.27388073823127923, 'hidden_continuous_size': 7, 'attention_head_size': 3, 'learning_rate': 0.0038382533211500196}. Best is trial 0 with value: 33.92519760131836.
[I 2023-12-26 12:25:35,661] Trial 24 finished with value: 48.75020980834961 and parameters: {'gradient_clip_val': 0.6734780411962199, 'hidden_size': 21, 'dropout': 0.19974181151726922, 'hidden_continuous_size': 9, 'attention_head_size': 3, 'learning_rate': 0.003595795952662471}. Best is trial 0 with value: 33.92519760131836.
[I 2023-12-26 12:25:38,158] Trial 25 finished with value: 57.94843673706055 and parameters: {'gradient_clip_val': 0.43083229407231133, 'hidden_size': 13, 'dropout': 0.3243337086805964, 'hidden_continuous_size': 9, 'attention_head_size': 2, 'learning_rate': 0.0054068996876296795}. Best is trial 0 with value: 33.92519760131836.
[I 2023-12-26 12:25:41,217] Trial 26 finished with value: 51.35538101196289 and parameters: {'gradient_clip_val': 0.37338152731134017, 'hidden_size': 23, 'dropout': 0.3589317981411384, 'hidden_continuous_size': 12, 'attention_head_size': 3, 'learning_rate': 0.00278212198773646}. Best is trial 0 with value: 33.92519760131836.
[I 2023-12-26 12:25:43,780] Trial 27 finished with value: 54.86317825317383 and parameters: {'gradient_clip_val': 0.2796223875848781, 'hidden_size': 17, 'dropout': 0.2695542403468311, 'hidden_continuous_size': 8, 'attention_head_size': 2, 'learning_rate': 0.00694729286127121}. Best is trial 0 with value: 33.92519760131836.
[I 2023-12-26 12:25:47,377] Trial 28 finished with value: 55.66489791870117 and parameters: {'gradient_clip_val': 0.3195912639037736, 'hidden_size': 35, 'dropout': 0.14108022936189832, 'hidden_continuous_size': 14, 'attention_head_size': 3, 'learning_rate': 0.010713849793535814}. Best is trial 0 with value: 33.92519760131836.
[I 2023-12-26 12:25:50,262] Trial 29 finished with value: 65.07913970947266 and parameters: {'gradient_clip_val': 0.41941070945052006, 'hidden_size': 25, 'dropout': 0.2205852897476268, 'hidden_continuous_size': 12, 'attention_head_size': 1, 'learning_rate': 0.0048666498102798205}. Best is trial 0 with value: 33.92519760131836.
[I 2023-12-26 12:25:53,221] Trial 30 finished with value: 64.23949432373047 and parameters: {'gradient_clip_val': 0.8580085869431964, 'hidden_size': 24, 'dropout': 0.19739467082405393, 'hidden_continuous_size': 11, 'attention_head_size': 3, 'learning_rate': 0.001466855894708744}. Best is trial 0 with value: 33.92519760131836.
[I 2023-12-26 12:25:55,773] Trial 31 finished with value: 68.26506805419922 and parameters: {'gradient_clip_val': 0.5963512150653976, 'hidden_size': 16, 'dropout': 0.2811799387800106, 'hidden_continuous_size': 13, 'attention_head_size': 4, 'learning_rate': 0.007328868422375984}. Best is trial 0 with value: 33.92519760131836.
[I 2023-12-26 12:25:58,564] Trial 32 finished with value: 63.04144287109375 and parameters: {'gradient_clip_val': 0.7434080383128567, 'hidden_size': 19, 'dropout': 0.23355207925031135, 'hidden_continuous_size': 15, 'attention_head_size': 4, 'learning_rate': 0.004779702487456514}. Best is trial 0 with value: 33.92519760131836.
[I 2023-12-26 12:26:02,061] Trial 33 finished with value: 56.05619812011719 and parameters: {'gradient_clip_val': 0.48682688387042733, 'hidden_size': 31, 'dropout': 0.2383275683764471, 'hidden_continuous_size': 16, 'attention_head_size': 4, 'learning_rate': 0.0022159852412262262}. Best is trial 0 with value: 33.92519760131836.
[I 2023-12-26 12:26:05,424] Trial 34 finished with value: 51.925933837890625 and parameters: {'gradient_clip_val': 0.5978879749717154, 'hidden_size': 27, 'dropout': 0.3038459571447672, 'hidden_continuous_size': 17, 'attention_head_size': 4, 'learning_rate': 0.009003192013358325}. Best is trial 0 with value: 33.92519760131836.
[I 2023-12-26 12:26:08,207] Trial 35 finished with value: 54.7696647644043 and parameters: {'gradient_clip_val': 0.5431400095711446, 'hidden_size': 16, 'dropout': 0.2634903894881423, 'hidden_continuous_size': 10, 'attention_head_size': 4, 'learning_rate': 0.006315785121628583}. Best is trial 0 with value: 33.92519760131836.
[I 2023-12-26 12:26:11,058] Trial 36 finished with value: 54.197479248046875 and parameters: {'gradient_clip_val': 0.4510678113646782, 'hidden_size': 22, 'dropout': 0.12934258185096809, 'hidden_continuous_size': 12, 'attention_head_size': 3, 'learning_rate': 0.012957906611052152}. Best is trial 0 with value: 33.92519760131836.
[I 2023-12-26 12:26:13,503] Trial 37 finished with value: 44.53114700317383 and parameters: {'gradient_clip_val': 0.3859588490164243, 'hidden_size': 10, 'dropout': 0.3284167476903224, 'hidden_continuous_size': 9, 'attention_head_size': 1, 'learning_rate': 0.008715378932599582}. Best is trial 0 with value: 33.92519760131836.
[I 2023-12-26 12:26:15,925] Trial 38 finished with value: 53.52922439575195 and parameters: {'gradient_clip_val': 0.37504095443227325, 'hidden_size': 10, 'dropout': 0.37234743566603856, 'hidden_continuous_size': 7, 'attention_head_size': 1, 'learning_rate': 0.011894819469504622}. Best is trial 0 with value: 33.92519760131836.
