[I 2023-12-16 11:27:48,519] Trial 49 finished with value: 111.00505828857422 and parameters: {'gradient_clip_val': 0.7295075130502607, 'hidden_size': 20, 'dropout': 0.31050467336185134, 'hidden_continuous_size': 9, 'attention_head_size': 4, 'learning_rate': 0.0009313600498337901}. Best is trial 43 with value: 62.216732025146484.
[I 2023-12-16 11:27:48,612] A new study created in memory with name: no-name-d1c8724b-cef9-40b8-9a2b-9533a7f76410
/home/le004/conda/anaconda3/envs/tsff_env/lib/python3.9/site-packages/lightning/fabric/plugins/environments/slurm.py:191: The `srun` command is available on your system but is not used. HINT: If your intention is to run Lightning on SLURM, prepend your python command with `srun` like so: srun python /home/le004/master_thesis/git/TSFusionForecast/code/ ...
LOCAL_RANK: 0 - CUDA_VISIBLE_DEVICES: [0]
[I 2023-12-16 11:28:42,070] Trial 0 finished with value: 130.72303771972656 and parameters: {'gradient_clip_val': 0.23153266563464509, 'hidden_size': 35, 'dropout': 0.3590543389265749, 'hidden_continuous_size': 30, 'attention_head_size': 4, 'learning_rate': 0.0029104413766996413}. Best is trial 0 with value: 130.72303771972656.
LOCAL_RANK: 0 - CUDA_VISIBLE_DEVICES: [0]
[I 2023-12-16 11:29:38,079] Trial 1 finished with value: 282.8741149902344 and parameters: {'gradient_clip_val': 0.26226573755794635, 'hidden_size': 71, 'dropout': 0.21530251798689193, 'hidden_continuous_size': 53, 'attention_head_size': 3, 'learning_rate': 0.028841511623533385}. Best is trial 0 with value: 130.72303771972656.
LOCAL_RANK: 0 - CUDA_VISIBLE_DEVICES: [0]
[I 2023-12-16 11:30:12,799] Trial 2 finished with value: 312.4872741699219 and parameters: {'gradient_clip_val': 0.2234880562192552, 'hidden_size': 8, 'dropout': 0.2718832287455204, 'hidden_continuous_size': 8, 'attention_head_size': 4, 'learning_rate': 0.012565305764012555}. Best is trial 0 with value: 130.72303771972656.
LOCAL_RANK: 0 - CUDA_VISIBLE_DEVICES: [0]
[I 2023-12-16 11:30:58,150] Trial 3 finished with value: 127.38924407958984 and parameters: {'gradient_clip_val': 0.2746985872991025, 'hidden_size': 7, 'dropout': 0.1698986208283875, 'hidden_continuous_size': 5, 'attention_head_size': 2, 'learning_rate': 0.004703562696787959}. Best is trial 3 with value: 127.38924407958984.
LOCAL_RANK: 0 - CUDA_VISIBLE_DEVICES: [0]
[I 2023-12-16 11:31:33,173] Trial 4 finished with value: 393.5911560058594 and parameters: {'gradient_clip_val': 0.5580518578893177, 'hidden_size': 5, 'dropout': 0.12079437955272902, 'hidden_continuous_size': 5, 'attention_head_size': 3, 'learning_rate': 0.0013953018923318458}. Best is trial 3 with value: 127.38924407958984.
LOCAL_RANK: 0 - CUDA_VISIBLE_DEVICES: [0]
[I 2023-12-16 11:32:26,324] Trial 5 finished with value: 320.0946960449219 and parameters: {'gradient_clip_val': 0.12372391460097529, 'hidden_size': 79, 'dropout': 0.24199189964483234, 'hidden_continuous_size': 7, 'attention_head_size': 3, 'learning_rate': 0.005400280915491711}. Best is trial 3 with value: 127.38924407958984.
LOCAL_RANK: 0 - CUDA_VISIBLE_DEVICES: [0]
[I 2023-12-16 11:33:01,645] Trial 6 finished with value: 335.3138732910156 and parameters: {'gradient_clip_val': 0.923394262289941, 'hidden_size': 5, 'dropout': 0.18859310122316664, 'hidden_continuous_size': 5, 'attention_head_size': 4, 'learning_rate': 0.0013141785639078374}. Best is trial 3 with value: 127.38924407958984.
LOCAL_RANK: 0 - CUDA_VISIBLE_DEVICES: [0]
[I 2023-12-16 11:33:51,424] Trial 7 finished with value: 296.559326171875 and parameters: {'gradient_clip_val': 0.3404933123821331, 'hidden_size': 29, 'dropout': 0.3053951964244958, 'hidden_continuous_size': 9, 'attention_head_size': 3, 'learning_rate': 0.031120080532039077}. Best is trial 3 with value: 127.38924407958984.
LOCAL_RANK: 0 - CUDA_VISIBLE_DEVICES: [0]
[I 2023-12-16 11:34:41,257] Trial 8 finished with value: 290.19970703125 and parameters: {'gradient_clip_val': 0.17333759575433902, 'hidden_size': 33, 'dropout': 0.10657353496992629, 'hidden_continuous_size': 12, 'attention_head_size': 3, 'learning_rate': 0.0029937401865709943}. Best is trial 3 with value: 127.38924407958984.
LOCAL_RANK: 0 - CUDA_VISIBLE_DEVICES: [0]
[I 2023-12-16 11:35:28,977] Trial 9 finished with value: 144.94061279296875 and parameters: {'gradient_clip_val': 0.16529869493831542, 'hidden_size': 17, 'dropout': 0.3895573981585393, 'hidden_continuous_size': 13, 'attention_head_size': 1, 'learning_rate': 0.0007695833641988442}. Best is trial 3 with value: 127.38924407958984.
LOCAL_RANK: 0 - CUDA_VISIBLE_DEVICES: [0]
[I 2023-12-16 11:36:13,860] Trial 10 finished with value: 233.5852813720703 and parameters: {'gradient_clip_val': 0.10317263857507968, 'hidden_size': 11, 'dropout': 0.1633674712755125, 'hidden_continuous_size': 5, 'attention_head_size': 1, 'learning_rate': 0.08298670009022838}. Best is trial 3 with value: 127.38924407958984.
LOCAL_RANK: 0 - CUDA_VISIBLE_DEVICES: [0]
[I 2023-12-16 11:37:02,648] Trial 11 finished with value: 112.64151000976562 and parameters: {'gradient_clip_val': 0.3552686940671651, 'hidden_size': 18, 'dropout': 0.33711159265879226, 'hidden_continuous_size': 17, 'attention_head_size': 2, 'learning_rate': 0.0029751604281949024}. Best is trial 11 with value: 112.64151000976562.
LOCAL_RANK: 0 - CUDA_VISIBLE_DEVICES: [0]
[I 2023-12-16 11:37:48,480] Trial 12 finished with value: 105.64014434814453 and parameters: {'gradient_clip_val': 0.3986760700959278, 'hidden_size': 14, 'dropout': 0.31369947879054616, 'hidden_continuous_size': 6, 'attention_head_size': 2, 'learning_rate': 0.006561349821719221}. Best is trial 12 with value: 105.64014434814453.
LOCAL_RANK: 0 - CUDA_VISIBLE_DEVICES: [0]
[I 2023-12-16 11:38:33,454] Trial 13 finished with value: 392.012939453125 and parameters: {'gradient_clip_val': 0.4092479288565901, 'hidden_size': 16, 'dropout': 0.32068661489812245, 'hidden_continuous_size': 6, 'attention_head_size': 2, 'learning_rate': 0.010321946892855309}. Best is trial 12 with value: 105.64014434814453.
LOCAL_RANK: 0 - CUDA_VISIBLE_DEVICES: [0]
[I 2023-12-16 11:39:18,929] Trial 14 finished with value: 141.5647735595703 and parameters: {'gradient_clip_val': 0.41700920875827313, 'hidden_size': 13, 'dropout': 0.33044397237741, 'hidden_continuous_size': 6, 'attention_head_size': 2, 'learning_rate': 0.0023801508935269366}. Best is trial 12 with value: 105.64014434814453.
LOCAL_RANK: 0 - CUDA_VISIBLE_DEVICES: [0]
[I 2023-12-16 11:40:07,482] Trial 15 finished with value: 174.6901397705078 and parameters: {'gradient_clip_val': 0.5394960327239977, 'hidden_size': 21, 'dropout': 0.27650587130607385, 'hidden_continuous_size': 12, 'attention_head_size': 1, 'learning_rate': 0.0006278634647076631}. Best is trial 12 with value: 105.64014434814453.
LOCAL_RANK: 0 - CUDA_VISIBLE_DEVICES: [0]
[I 2023-12-16 11:40:53,356] Trial 16 finished with value: 127.3335952758789 and parameters: {'gradient_clip_val': 0.3446760672380648, 'hidden_size': 10, 'dropout': 0.3990510006890381, 'hidden_continuous_size': 6, 'attention_head_size': 2, 'learning_rate': 0.007678128019377995}. Best is trial 12 with value: 105.64014434814453.
LOCAL_RANK: 0 - CUDA_VISIBLE_DEVICES: [0]
[I 2023-12-16 11:41:42,349] Trial 17 finished with value: 265.9526062011719 and parameters: {'gradient_clip_val': 0.5678210481191062, 'hidden_size': 23, 'dropout': 0.35706522457561257, 'hidden_continuous_size': 10, 'attention_head_size': 2, 'learning_rate': 0.004186952891842978}. Best is trial 12 with value: 105.64014434814453.
LOCAL_RANK: 0 - CUDA_VISIBLE_DEVICES: [0]
[I 2023-12-16 11:42:26,865] Trial 18 finished with value: 151.15675354003906 and parameters: {'gradient_clip_val': 0.43488166763547786, 'hidden_size': 16, 'dropout': 0.3028193130762809, 'hidden_continuous_size': 7, 'attention_head_size': 1, 'learning_rate': 0.0015259859709128164}. Best is trial 12 with value: 105.64014434814453.
LOCAL_RANK: 0 - CUDA_VISIBLE_DEVICES: [0]
[I 2023-12-16 11:43:19,449] Trial 19 finished with value: 365.9602966308594 and parameters: {'gradient_clip_val': 0.7321577361335445, 'hidden_size': 44, 'dropout': 0.27297195231007115, 'hidden_continuous_size': 17, 'attention_head_size': 2, 'learning_rate': 0.007062105512682435}. Best is trial 12 with value: 105.64014434814453.
LOCAL_RANK: 0 - CUDA_VISIBLE_DEVICES: [0]
[I 2023-12-16 11:44:03,484] Trial 20 finished with value: 141.43003845214844 and parameters: {'gradient_clip_val': 0.32761066239483666, 'hidden_size': 12, 'dropout': 0.34643381321137956, 'hidden_continuous_size': 6, 'attention_head_size': 1, 'learning_rate': 0.002379152369695369}. Best is trial 12 with value: 105.64014434814453.
LOCAL_RANK: 0 - CUDA_VISIBLE_DEVICES: [0]
[I 2023-12-16 11:44:48,976] Trial 21 finished with value: 581.4629516601562 and parameters: {'gradient_clip_val': 0.3554003858028534, 'hidden_size': 9, 'dropout': 0.3995080958464835, 'hidden_continuous_size': 6, 'attention_head_size': 2, 'learning_rate': 0.010078027039356157}. Best is trial 12 with value: 105.64014434814453.
LOCAL_RANK: 0 - CUDA_VISIBLE_DEVICES: [0]
[I 2023-12-16 11:45:34,450] Trial 22 finished with value: 119.72968292236328 and parameters: {'gradient_clip_val': 0.29757501967023736, 'hidden_size': 11, 'dropout': 0.37515127659098924, 'hidden_continuous_size': 6, 'attention_head_size': 2, 'learning_rate': 0.006092987915998718}. Best is trial 12 with value: 105.64014434814453.
LOCAL_RANK: 0 - CUDA_VISIBLE_DEVICES: [0]
[I 2023-12-16 11:46:20,833] Trial 23 finished with value: 158.7799835205078 and parameters: {'gradient_clip_val': 0.2965892149948491, 'hidden_size': 14, 'dropout': 0.37050450301385107, 'hidden_continuous_size': 7, 'attention_head_size': 2, 'learning_rate': 0.004308535657095255}. Best is trial 12 with value: 105.64014434814453.
LOCAL_RANK: 0 - CUDA_VISIBLE_DEVICES: [0]
[I 2023-12-16 11:47:07,968] Trial 24 finished with value: 229.08441162109375 and parameters: {'gradient_clip_val': 0.45602785036696647, 'hidden_size': 20, 'dropout': 0.33192044598460596, 'hidden_continuous_size': 8, 'attention_head_size': 2, 'learning_rate': 0.01500114207385601}. Best is trial 12 with value: 105.64014434814453.
LOCAL_RANK: 0 - CUDA_VISIBLE_DEVICES: [0]
[I 2023-12-16 11:47:52,876] Trial 25 finished with value: 183.1616973876953 and parameters: {'gradient_clip_val': 0.2826978736605633, 'hidden_size': 12, 'dropout': 0.37238146013472945, 'hidden_continuous_size': 6, 'attention_head_size': 3, 'learning_rate': 0.006509911697491875}. Best is trial 12 with value: 105.64014434814453.
LOCAL_RANK: 0 - CUDA_VISIBLE_DEVICES: [0]
[I 2023-12-16 11:48:38,001] Trial 26 finished with value: 183.3562469482422 and parameters: {'gradient_clip_val': 0.40124486705058793, 'hidden_size': 7, 'dropout': 0.338730306884486, 'hidden_continuous_size': 5, 'attention_head_size': 2, 'learning_rate': 0.003690380249016006}. Best is trial 12 with value: 105.64014434814453.
LOCAL_RANK: 0 - CUDA_VISIBLE_DEVICES: [0]
[I 2023-12-16 11:49:22,999] Trial 27 finished with value: 142.57911682128906 and parameters: {'gradient_clip_val': 0.4861196864955397, 'hidden_size': 10, 'dropout': 0.3087669593713333, 'hidden_continuous_size': 6, 'attention_head_size': 1, 'learning_rate': 0.001993221251257512}. Best is trial 12 with value: 105.64014434814453.
LOCAL_RANK: 0 - CUDA_VISIBLE_DEVICES: [0]
[I 2023-12-16 11:50:08,588] Trial 28 finished with value: 251.0773162841797 and parameters: {'gradient_clip_val': 0.2349240654655562, 'hidden_size': 14, 'dropout': 0.3743976631096377, 'hidden_continuous_size': 7, 'attention_head_size': 2, 'learning_rate': 0.0034166210333570653}. Best is trial 12 with value: 105.64014434814453.
LOCAL_RANK: 0 - CUDA_VISIBLE_DEVICES: [0]
[I 2023-12-16 11:50:58,325] Trial 29 finished with value: 448.2609558105469 and parameters: {'gradient_clip_val': 0.38046291872802257, 'hidden_size': 25, 'dropout': 0.3538433697901262, 'hidden_continuous_size': 10, 'attention_head_size': 3, 'learning_rate': 0.005732156222286394}. Best is trial 12 with value: 105.64014434814453.
LOCAL_RANK: 0 - CUDA_VISIBLE_DEVICES: [0]
[I 2023-12-16 11:51:45,051] Trial 30 finished with value: 314.6109619140625 and parameters: {'gradient_clip_val': 0.311653916675957, 'hidden_size': 18, 'dropout': 0.3495778176060009, 'hidden_continuous_size': 8, 'attention_head_size': 1, 'learning_rate': 0.002801583719581563}. Best is trial 12 with value: 105.64014434814453.
LOCAL_RANK: 0 - CUDA_VISIBLE_DEVICES: [0]
[I 2023-12-16 11:52:30,433] Trial 31 finished with value: 275.5757141113281 and parameters: {'gradient_clip_val': 0.3438027596512868, 'hidden_size': 10, 'dropout': 0.38086590195906234, 'hidden_continuous_size': 6, 'attention_head_size': 2, 'learning_rate': 0.007734753046910678}. Best is trial 12 with value: 105.64014434814453.
LOCAL_RANK: 0 - CUDA_VISIBLE_DEVICES: [0]
[I 2023-12-16 11:53:16,337] Trial 32 finished with value: 138.29873657226562 and parameters: {'gradient_clip_val': 0.2505855733495453, 'hidden_size': 14, 'dropout': 0.3996402247922215, 'hidden_continuous_size': 7, 'attention_head_size': 2, 'learning_rate': 0.0046941102282196095}. Best is trial 12 with value: 105.64014434814453.
LOCAL_RANK: 0 - CUDA_VISIBLE_DEVICES: [0]
[I 2023-12-16 11:54:01,750] Trial 33 finished with value: 203.6587371826172 and parameters: {'gradient_clip_val': 0.36634728600686217, 'hidden_size': 9, 'dropout': 0.35707208147449465, 'hidden_continuous_size': 6, 'attention_head_size': 2, 'learning_rate': 0.008303919174942154}. Best is trial 12 with value: 105.64014434814453.
LOCAL_RANK: 0 - CUDA_VISIBLE_DEVICES: [0]
[I 2023-12-16 11:54:45,823] Trial 34 finished with value: 108.9173355102539 and parameters: {'gradient_clip_val': 0.27737464397970374, 'hidden_size': 8, 'dropout': 0.38015869108540723, 'hidden_continuous_size': 6, 'attention_head_size': 2, 'learning_rate': 0.015487900054243615}. Best is trial 12 with value: 105.64014434814453.
LOCAL_RANK: 0 - CUDA_VISIBLE_DEVICES: [0]
[I 2023-12-16 11:55:31,459] Trial 35 finished with value: 362.9183044433594 and parameters: {'gradient_clip_val': 0.2628122979588681, 'hidden_size': 7, 'dropout': 0.36252022120177957, 'hidden_continuous_size': 5, 'attention_head_size': 3, 'learning_rate': 0.018135175721808568}. Best is trial 12 with value: 105.64014434814453.
LOCAL_RANK: 0 - CUDA_VISIBLE_DEVICES: [0]
[I 2023-12-16 11:56:06,532] Trial 36 finished with value: 125.26508331298828 and parameters: {'gradient_clip_val': 0.2130611699094326, 'hidden_size': 19, 'dropout': 0.3744472813211274, 'hidden_continuous_size': 19, 'attention_head_size': 2, 'learning_rate': 0.005443607034365581}. Best is trial 12 with value: 105.64014434814453.
LOCAL_RANK: 0 - CUDA_VISIBLE_DEVICES: [0]
[I 2023-12-16 11:56:51,403] Trial 37 finished with value: 130.6951141357422 and parameters: {'gradient_clip_val': 0.28734896901724105, 'hidden_size': 8, 'dropout': 0.3267383202987594, 'hidden_continuous_size': 6, 'attention_head_size': 4, 'learning_rate': 0.012958150732861096}. Best is trial 12 with value: 105.64014434814453.
LOCAL_RANK: 0 - CUDA_VISIBLE_DEVICES: [0]
[I 2023-12-16 11:57:37,184] Trial 38 finished with value: 244.48101806640625 and parameters: {'gradient_clip_val': 0.3010473694922745, 'hidden_size': 6, 'dropout': 0.3422294102783689, 'hidden_continuous_size': 5, 'attention_head_size': 3, 'learning_rate': 0.018779359431764415}. Best is trial 12 with value: 105.64014434814453.
LOCAL_RANK: 0 - CUDA_VISIBLE_DEVICES: [0]
[I 2023-12-16 11:58:23,194] Trial 39 finished with value: 148.2992401123047 and parameters: {'gradient_clip_val': 0.21448048057227512, 'hidden_size': 15, 'dropout': 0.293035933629105, 'hidden_continuous_size': 8, 'attention_head_size': 2, 'learning_rate': 0.010157123355221379}. Best is trial 12 with value: 105.64014434814453.
LOCAL_RANK: 0 - CUDA_VISIBLE_DEVICES: [0]
[I 2023-12-16 11:59:08,247] Trial 40 finished with value: 97.38543701171875 and parameters: {'gradient_clip_val': 0.2630212717044832, 'hidden_size': 12, 'dropout': 0.31689698059774324, 'hidden_continuous_size': 7, 'attention_head_size': 3, 'learning_rate': 0.0037131288990942947}. Best is trial 40 with value: 97.38543701171875.
LOCAL_RANK: 0 - CUDA_VISIBLE_DEVICES: [0]
[I 2023-12-16 11:59:52,846] Trial 41 finished with value: 209.295166015625 and parameters: {'gradient_clip_val': 0.25123957788337004, 'hidden_size': 12, 'dropout': 0.3173792637275934, 'hidden_continuous_size': 7, 'attention_head_size': 3, 'learning_rate': 0.0037063128026016624}. Best is trial 40 with value: 97.38543701171875.
LOCAL_RANK: 0 - CUDA_VISIBLE_DEVICES: [0]
[I 2023-12-16 12:00:39,027] Trial 42 finished with value: 161.7666015625 and parameters: {'gradient_clip_val': 0.31245584879888005, 'hidden_size': 11, 'dropout': 0.38435292248103603, 'hidden_continuous_size': 7, 'attention_head_size': 3, 'learning_rate': 0.005430152297681352}. Best is trial 40 with value: 97.38543701171875.
LOCAL_RANK: 0 - CUDA_VISIBLE_DEVICES: [0]
[I 2023-12-16 12:01:24,735] Trial 43 finished with value: 164.69874572753906 and parameters: {'gradient_clip_val': 0.27496882462144184, 'hidden_size': 16, 'dropout': 0.28714533616832305, 'hidden_continuous_size': 9, 'attention_head_size': 3, 'learning_rate': 0.0031121247885897924}. Best is trial 40 with value: 97.38543701171875.
LOCAL_RANK: 0 - CUDA_VISIBLE_DEVICES: [0]
[I 2023-12-16 12:02:12,686] Trial 44 finished with value: 123.5684585571289 and parameters: {'gradient_clip_val': 0.3796221390189705, 'hidden_size': 18, 'dropout': 0.24622829569178115, 'hidden_continuous_size': 8, 'attention_head_size': 4, 'learning_rate': 0.006076095344901367}. Best is trial 40 with value: 97.38543701171875.
LOCAL_RANK: 0 - CUDA_VISIBLE_DEVICES: [0]
[I 2023-12-16 12:02:58,121] Trial 45 finished with value: 257.3307189941406 and parameters: {'gradient_clip_val': 0.1957824135974282, 'hidden_size': 6, 'dropout': 0.3405248065590331, 'hidden_continuous_size': 5, 'attention_head_size': 2, 'learning_rate': 0.004742634317725368}. Best is trial 40 with value: 97.38543701171875.
LOCAL_RANK: 0 - CUDA_VISIBLE_DEVICES: [0]
[I 2023-12-16 12:03:43,768] Trial 46 finished with value: 137.74610900878906 and parameters: {'gradient_clip_val': 0.23878227964705862, 'hidden_size': 13, 'dropout': 0.31322497508048786, 'hidden_continuous_size': 7, 'attention_head_size': 2, 'learning_rate': 0.0019683006393460766}. Best is trial 40 with value: 97.38543701171875.
LOCAL_RANK: 0 - CUDA_VISIBLE_DEVICES: [0]
[I 2023-12-16 12:04:27,799] Trial 47 finished with value: 329.69659423828125 and parameters: {'gradient_clip_val': 0.32587137257402754, 'hidden_size': 8, 'dropout': 0.3264738808779048, 'hidden_continuous_size': 5, 'attention_head_size': 2, 'learning_rate': 0.0011138334405329066}. Best is trial 40 with value: 97.38543701171875.
LOCAL_RANK: 0 - CUDA_VISIBLE_DEVICES: [0]
[I 2023-12-16 12:05:13,834] Trial 48 finished with value: 133.6241455078125 and parameters: {'gradient_clip_val': 0.2683368835202663, 'hidden_size': 11, 'dropout': 0.38639476778657433, 'hidden_continuous_size': 6, 'attention_head_size': 3, 'learning_rate': 0.004265464640841017}. Best is trial 40 with value: 97.38543701171875.
LOCAL_RANK: 0 - CUDA_VISIBLE_DEVICES: [0]
[I 2023-12-16 12:06:03,189] Trial 49 finished with value: 288.311279296875 and parameters: {'gradient_clip_val': 0.37930624853130945, 'hidden_size': 23, 'dropout': 0.2581567991852727, 'hidden_continuous_size': 22, 'attention_head_size': 2, 'learning_rate': 0.008769185354413131}. Best is trial 40 with value: 97.38543701171875.
[I 2023-12-16 12:06:03,282] A new study created in memory with name: no-name-8374679d-5872-4b37-ab54-4aea48fad2a6
/home/le004/conda/anaconda3/envs/tsff_env/lib/python3.9/site-packages/lightning/fabric/plugins/environments/slurm.py:191: The `srun` command is available on your system but is not used. HINT: If your intention is to run Lightning on SLURM, prepend your python command with `srun` like so: srun python /home/le004/master_thesis/git/TSFusionForecast/code/ ...
LOCAL_RANK: 0 - CUDA_VISIBLE_DEVICES: [0]
[I 2023-12-16 12:07:00,180] Trial 0 finished with value: 638.1441650390625 and parameters: {'gradient_clip_val': 0.17022790784874914, 'hidden_size': 94, 'dropout': 0.2952482501888173, 'hidden_continuous_size': 64, 'attention_head_size': 3, 'learning_rate': 0.01668532215805565}. Best is trial 0 with value: 638.1441650390625.
LOCAL_RANK: 0 - CUDA_VISIBLE_DEVICES: [0]
[I 2023-12-16 12:07:45,689] Trial 1 finished with value: 732.75244140625 and parameters: {'gradient_clip_val': 0.3198950830190012, 'hidden_size': 6, 'dropout': 0.33592563041572465, 'hidden_continuous_size': 5, 'attention_head_size': 3, 'learning_rate': 0.043358068339554905}. Best is trial 0 with value: 638.1441650390625.
LOCAL_RANK: 0 - CUDA_VISIBLE_DEVICES: [0]
[I 2023-12-16 12:08:35,744] Trial 2 finished with value: 993.726806640625 and parameters: {'gradient_clip_val': 0.23287455527730294, 'hidden_size': 32, 'dropout': 0.21742700827315062, 'hidden_continuous_size': 16, 'attention_head_size': 4, 'learning_rate': 0.004517356549150152}. Best is trial 0 with value: 638.1441650390625.
LOCAL_RANK: 0 - CUDA_VISIBLE_DEVICES: [0]
[I 2023-12-16 12:09:21,706] Trial 3 finished with value: 537.3018798828125 and parameters: {'gradient_clip_val': 0.1806533648073377, 'hidden_size': 14, 'dropout': 0.33217635318228583, 'hidden_continuous_size': 5, 'attention_head_size': 2, 'learning_rate': 0.05746383644690196}. Best is trial 3 with value: 537.3018798828125.
LOCAL_RANK: 0 - CUDA_VISIBLE_DEVICES: [0]
[I 2023-12-16 12:10:15,485] Trial 4 finished with value: 272.982421875 and parameters: {'gradient_clip_val': 0.11639711179162375, 'hidden_size': 42, 'dropout': 0.14516181058425154, 'hidden_continuous_size': 20, 'attention_head_size': 4, 'learning_rate': 0.006535541621931266}. Best is trial 4 with value: 272.982421875.
LOCAL_RANK: 0 - CUDA_VISIBLE_DEVICES: [0]
