[I 2023-12-15 23:44:11,194] Trial 29 finished with value: 126.3998794555664 and parameters: {'gradient_clip_val': 0.22640420242478265, 'hidden_size': 66, 'dropout': 0.17986765829392248, 'hidden_continuous_size': 14, 'attention_head_size': 4, 'learning_rate': 0.004209587914910744}. Best is trial 4 with value: 57.203426361083984.
LOCAL_RANK: 0 - CUDA_VISIBLE_DEVICES: [0]
[I 2023-12-15 23:45:04,172] Trial 30 finished with value: 128.7858123779297 and parameters: {'gradient_clip_val': 0.15309411334587722, 'hidden_size': 57, 'dropout': 0.3883879730931091, 'hidden_continuous_size': 19, 'attention_head_size': 1, 'learning_rate': 0.0026245910754070074}. Best is trial 4 with value: 57.203426361083984.
LOCAL_RANK: 0 - CUDA_VISIBLE_DEVICES: [0]
[I 2023-12-15 23:45:58,580] Trial 31 finished with value: 124.88777923583984 and parameters: {'gradient_clip_val': 0.9437295600387244, 'hidden_size': 49, 'dropout': 0.28491472967909276, 'hidden_continuous_size': 34, 'attention_head_size': 4, 'learning_rate': 0.05144078303085277}. Best is trial 4 with value: 57.203426361083984.
LOCAL_RANK: 0 - CUDA_VISIBLE_DEVICES: [0]
[I 2023-12-15 23:46:52,949] Trial 32 finished with value: 119.55941009521484 and parameters: {'gradient_clip_val': 0.4824226812011732, 'hidden_size': 57, 'dropout': 0.37637706753624856, 'hidden_continuous_size': 39, 'attention_head_size': 4, 'learning_rate': 0.057504509119611504}. Best is trial 4 with value: 57.203426361083984.
LOCAL_RANK: 0 - CUDA_VISIBLE_DEVICES: [0]
[I 2023-12-15 23:47:49,842] Trial 33 finished with value: 153.02618408203125 and parameters: {'gradient_clip_val': 0.736300441471308, 'hidden_size': 81, 'dropout': 0.3526839556018209, 'hidden_continuous_size': 59, 'attention_head_size': 4, 'learning_rate': 0.06928455394225667}. Best is trial 4 with value: 57.203426361083984.
LOCAL_RANK: 0 - CUDA_VISIBLE_DEVICES: [0]
[I 2023-12-15 23:48:41,493] Trial 34 finished with value: 153.97787475585938 and parameters: {'gradient_clip_val': 0.5010531169191879, 'hidden_size': 30, 'dropout': 0.24321021196091622, 'hidden_continuous_size': 23, 'attention_head_size': 3, 'learning_rate': 0.03890831522645323}. Best is trial 4 with value: 57.203426361083984.
LOCAL_RANK: 0 - CUDA_VISIBLE_DEVICES: [0]
[I 2023-12-15 23:49:29,593] Trial 35 finished with value: 130.92294311523438 and parameters: {'gradient_clip_val': 0.7430794430942301, 'hidden_size': 24, 'dropout': 0.29428744410801816, 'hidden_continuous_size': 17, 'attention_head_size': 3, 'learning_rate': 0.030559369669950757}. Best is trial 4 with value: 57.203426361083984.
LOCAL_RANK: 0 - CUDA_VISIBLE_DEVICES: [0]
[I 2023-12-15 23:50:21,259] Trial 36 finished with value: 154.06593322753906 and parameters: {'gradient_clip_val': 0.5632105036455776, 'hidden_size': 36, 'dropout': 0.34223695595188525, 'hidden_continuous_size': 22, 'attention_head_size': 3, 'learning_rate': 0.02204710908193076}. Best is trial 4 with value: 57.203426361083984.
LOCAL_RANK: 0 - CUDA_VISIBLE_DEVICES: [0]
[I 2023-12-15 23:51:16,773] Trial 37 finished with value: 181.74281311035156 and parameters: {'gradient_clip_val': 0.38566155580402994, 'hidden_size': 70, 'dropout': 0.22595694489375145, 'hidden_continuous_size': 44, 'attention_head_size': 3, 'learning_rate': 0.037236352515181474}. Best is trial 4 with value: 57.203426361083984.
LOCAL_RANK: 0 - CUDA_VISIBLE_DEVICES: [0]
[I 2023-12-15 23:52:13,884] Trial 38 finished with value: 135.97030639648438 and parameters: {'gradient_clip_val': 0.6880264981725281, 'hidden_size': 87, 'dropout': 0.32390858433691483, 'hidden_continuous_size': 60, 'attention_head_size': 4, 'learning_rate': 0.005689296206965481}. Best is trial 4 with value: 57.203426361083984.
LOCAL_RANK: 0 - CUDA_VISIBLE_DEVICES: [0]
[I 2023-12-15 23:53:07,134] Trial 39 finished with value: 159.4324951171875 and parameters: {'gradient_clip_val': 0.8199084711939206, 'hidden_size': 52, 'dropout': 0.25092004960724906, 'hidden_continuous_size': 32, 'attention_head_size': 3, 'learning_rate': 0.051582655858079154}. Best is trial 4 with value: 57.203426361083984.
LOCAL_RANK: 0 - CUDA_VISIBLE_DEVICES: [0]
[I 2023-12-15 23:53:59,467] Trial 40 finished with value: 167.74295043945312 and parameters: {'gradient_clip_val': 0.5515668736938123, 'hidden_size': 43, 'dropout': 0.2766558018935596, 'hidden_continuous_size': 27, 'attention_head_size': 1, 'learning_rate': 0.08802328386595838}. Best is trial 4 with value: 57.203426361083984.
LOCAL_RANK: 0 - CUDA_VISIBLE_DEVICES: [0]
[I 2023-12-15 23:54:53,985] Trial 41 finished with value: 202.72129821777344 and parameters: {'gradient_clip_val': 0.1226963580465161, 'hidden_size': 71, 'dropout': 0.1679380405775474, 'hidden_continuous_size': 44, 'attention_head_size': 1, 'learning_rate': 0.01081907152763779}. Best is trial 4 with value: 57.203426361083984.
LOCAL_RANK: 0 - CUDA_VISIBLE_DEVICES: [0]
[I 2023-12-15 23:55:47,806] Trial 42 finished with value: 116.62826538085938 and parameters: {'gradient_clip_val': 0.11180746021096982, 'hidden_size': 63, 'dropout': 0.20724618317537083, 'hidden_continuous_size': 43, 'attention_head_size': 1, 'learning_rate': 0.008749731316534436}. Best is trial 4 with value: 57.203426361083984.
LOCAL_RANK: 0 - CUDA_VISIBLE_DEVICES: [0]
[I 2023-12-15 23:56:43,703] Trial 43 finished with value: 175.2581024169922 and parameters: {'gradient_clip_val': 0.13554464757929036, 'hidden_size': 89, 'dropout': 0.2192217921806138, 'hidden_continuous_size': 51, 'attention_head_size': 1, 'learning_rate': 0.013185225913891914}. Best is trial 4 with value: 57.203426361083984.
LOCAL_RANK: 0 - CUDA_VISIBLE_DEVICES: [0]
[I 2023-12-15 23:57:40,888] Trial 44 finished with value: 154.6303253173828 and parameters: {'gradient_clip_val': 0.11141881099468363, 'hidden_size': 95, 'dropout': 0.19108506838391648, 'hidden_continuous_size': 75, 'attention_head_size': 1, 'learning_rate': 0.015347525874476351}. Best is trial 4 with value: 57.203426361083984.
LOCAL_RANK: 0 - CUDA_VISIBLE_DEVICES: [0]
[I 2023-12-15 23:58:33,401] Trial 45 finished with value: 135.49403381347656 and parameters: {'gradient_clip_val': 0.1534242926546362, 'hidden_size': 79, 'dropout': 0.1597224930990458, 'hidden_continuous_size': 7, 'attention_head_size': 2, 'learning_rate': 0.005847891748262103}. Best is trial 4 with value: 57.203426361083984.
LOCAL_RANK: 0 - CUDA_VISIBLE_DEVICES: [0]
[I 2023-12-15 23:59:26,960] Trial 46 finished with value: 127.93441009521484 and parameters: {'gradient_clip_val': 0.6546477421077896, 'hidden_size': 58, 'dropout': 0.25487970415069916, 'hidden_continuous_size': 39, 'attention_head_size': 1, 'learning_rate': 0.01903418639368762}. Best is trial 4 with value: 57.203426361083984.
LOCAL_RANK: 0 - CUDA_VISIBLE_DEVICES: [0]
[I 2023-12-16 00:00:24,657] Trial 47 finished with value: 138.94775390625 and parameters: {'gradient_clip_val': 0.10059888434904479, 'hidden_size': 99, 'dropout': 0.23072373874652802, 'hidden_continuous_size': 68, 'attention_head_size': 2, 'learning_rate': 0.021778479852565577}. Best is trial 4 with value: 57.203426361083984.
LOCAL_RANK: 0 - CUDA_VISIBLE_DEVICES: [0]
[I 2023-12-16 00:01:18,843] Trial 48 finished with value: 134.8048858642578 and parameters: {'gradient_clip_val': 0.12839401000590578, 'hidden_size': 66, 'dropout': 0.12135357271215196, 'hidden_continuous_size': 48, 'attention_head_size': 1, 'learning_rate': 0.013127466965755948}. Best is trial 4 with value: 57.203426361083984.
LOCAL_RANK: 0 - CUDA_VISIBLE_DEVICES: [0]
[I 2023-12-16 00:02:13,612] Trial 49 finished with value: 119.0798568725586 and parameters: {'gradient_clip_val': 0.11995565010326409, 'hidden_size': 80, 'dropout': 0.19225603419304468, 'hidden_continuous_size': 53, 'attention_head_size': 2, 'learning_rate': 0.009067872501218798}. Best is trial 4 with value: 57.203426361083984.
[I 2023-12-16 00:02:13,704] A new study created in memory with name: no-name-d4ec3cbc-0cbe-470c-9a80-5514b7d13670
/home/le004/conda/anaconda3/envs/tsff_env/lib/python3.9/site-packages/lightning/fabric/plugins/environments/slurm.py:191: The `srun` command is available on your system but is not used. HINT: If your intention is to run Lightning on SLURM, prepend your python command with `srun` like so: srun python /home/le004/master_thesis/git/TSFusionForecast/code/ ...
LOCAL_RANK: 0 - CUDA_VISIBLE_DEVICES: [0]
[I 2023-12-16 00:02:59,530] Trial 0 finished with value: 149.7948455810547 and parameters: {'gradient_clip_val': 0.8821753433921188, 'hidden_size': 9, 'dropout': 0.3379362574104864, 'hidden_continuous_size': 7, 'attention_head_size': 3, 'learning_rate': 0.027703915133484743}. Best is trial 0 with value: 149.7948455810547.
LOCAL_RANK: 0 - CUDA_VISIBLE_DEVICES: [0]
[I 2023-12-16 00:03:44,121] Trial 1 finished with value: 164.31005859375 and parameters: {'gradient_clip_val': 0.33468730098613614, 'hidden_size': 6, 'dropout': 0.21498313377025374, 'hidden_continuous_size': 5, 'attention_head_size': 1, 'learning_rate': 0.0017032554815182492}. Best is trial 0 with value: 149.7948455810547.
LOCAL_RANK: 0 - CUDA_VISIBLE_DEVICES: [0]
[I 2023-12-16 00:04:17,326] Trial 2 finished with value: 109.4961929321289 and parameters: {'gradient_clip_val': 0.5950189863311716, 'hidden_size': 5, 'dropout': 0.22347281909298297, 'hidden_continuous_size': 5, 'attention_head_size': 1, 'learning_rate': 0.0075398130418082064}. Best is trial 2 with value: 109.4961929321289.
LOCAL_RANK: 0 - CUDA_VISIBLE_DEVICES: [0]
[I 2023-12-16 00:04:50,682] Trial 3 finished with value: 167.7407989501953 and parameters: {'gradient_clip_val': 0.7997247898926988, 'hidden_size': 5, 'dropout': 0.21098365226892757, 'hidden_continuous_size': 5, 'attention_head_size': 1, 'learning_rate': 0.0013728658044228532}. Best is trial 2 with value: 109.4961929321289.
LOCAL_RANK: 0 - CUDA_VISIBLE_DEVICES: [0]
[I 2023-12-16 00:05:42,969] Trial 4 finished with value: 122.66372680664062 and parameters: {'gradient_clip_val': 0.38909032528844917, 'hidden_size': 48, 'dropout': 0.2814570190572174, 'hidden_continuous_size': 43, 'attention_head_size': 1, 'learning_rate': 0.0005182668396018548}. Best is trial 2 with value: 109.4961929321289.
LOCAL_RANK: 0 - CUDA_VISIBLE_DEVICES: [0]
[I 2023-12-16 00:06:31,691] Trial 5 finished with value: 154.91464233398438 and parameters: {'gradient_clip_val': 0.13093646346221113, 'hidden_size': 37, 'dropout': 0.1659000376778002, 'hidden_continuous_size': 7, 'attention_head_size': 1, 'learning_rate': 0.010351767533068915}. Best is trial 2 with value: 109.4961929321289.
LOCAL_RANK: 0 - CUDA_VISIBLE_DEVICES: [0]
[I 2023-12-16 00:07:16,925] Trial 6 finished with value: 87.62591552734375 and parameters: {'gradient_clip_val': 0.10955052141033265, 'hidden_size': 16, 'dropout': 0.22916154179598633, 'hidden_continuous_size': 5, 'attention_head_size': 4, 'learning_rate': 0.0014918720644155191}. Best is trial 6 with value: 87.62591552734375.
LOCAL_RANK: 0 - CUDA_VISIBLE_DEVICES: [0]
[I 2023-12-16 00:08:09,024] Trial 7 finished with value: 119.53011322021484 and parameters: {'gradient_clip_val': 0.4325754348265249, 'hidden_size': 39, 'dropout': 0.10227162216308018, 'hidden_continuous_size': 13, 'attention_head_size': 4, 'learning_rate': 0.003433256234432878}. Best is trial 6 with value: 87.62591552734375.
LOCAL_RANK: 0 - CUDA_VISIBLE_DEVICES: [0]
[I 2023-12-16 00:08:52,962] Trial 8 finished with value: 133.0602264404297 and parameters: {'gradient_clip_val': 0.5764285595772624, 'hidden_size': 12, 'dropout': 0.19281467745426478, 'hidden_continuous_size': 8, 'attention_head_size': 1, 'learning_rate': 0.003502571458315085}. Best is trial 6 with value: 87.62591552734375.
LOCAL_RANK: 0 - CUDA_VISIBLE_DEVICES: [0]
[I 2023-12-16 00:09:38,356] Trial 9 finished with value: 112.7298355102539 and parameters: {'gradient_clip_val': 0.2191047977159016, 'hidden_size': 10, 'dropout': 0.13535368230191416, 'hidden_continuous_size': 5, 'attention_head_size': 3, 'learning_rate': 0.0010286072624124125}. Best is trial 6 with value: 87.62591552734375.
LOCAL_RANK: 0 - CUDA_VISIBLE_DEVICES: [0]
[I 2023-12-16 00:10:27,222] Trial 10 finished with value: 71.83769989013672 and parameters: {'gradient_clip_val': 0.11055562163788378, 'hidden_size': 19, 'dropout': 0.39251191179585887, 'hidden_continuous_size': 10, 'attention_head_size': 4, 'learning_rate': 0.054514409445986366}. Best is trial 10 with value: 71.83769989013672.
LOCAL_RANK: 0 - CUDA_VISIBLE_DEVICES: [0]
[I 2023-12-16 00:11:15,065] Trial 11 finished with value: 109.64720916748047 and parameters: {'gradient_clip_val': 0.1221135862352451, 'hidden_size': 20, 'dropout': 0.35082914400542015, 'hidden_continuous_size': 10, 'attention_head_size': 4, 'learning_rate': 0.09107698329124737}. Best is trial 10 with value: 71.83769989013672.
LOCAL_RANK: 0 - CUDA_VISIBLE_DEVICES: [0]
[I 2023-12-16 00:12:04,608] Trial 12 finished with value: 74.8555908203125 and parameters: {'gradient_clip_val': 0.10652517892579785, 'hidden_size': 22, 'dropout': 0.39613910430297566, 'hidden_continuous_size': 12, 'attention_head_size': 4, 'learning_rate': 0.024240886964230646}. Best is trial 10 with value: 71.83769989013672.
LOCAL_RANK: 0 - CUDA_VISIBLE_DEVICES: [0]
[I 2023-12-16 00:12:53,905] Trial 13 finished with value: 188.05078125 and parameters: {'gradient_clip_val': 0.17964149734725482, 'hidden_size': 27, 'dropout': 0.3836398229202743, 'hidden_continuous_size': 13, 'attention_head_size': 3, 'learning_rate': 0.03645510815711608}. Best is trial 10 with value: 71.83769989013672.
LOCAL_RANK: 0 - CUDA_VISIBLE_DEVICES: [0]
[I 2023-12-16 00:13:48,216] Trial 14 finished with value: 109.38977813720703 and parameters: {'gradient_clip_val': 0.1940093778673465, 'hidden_size': 83, 'dropout': 0.3991792657948624, 'hidden_continuous_size': 23, 'attention_head_size': 2, 'learning_rate': 0.02102978617520349}. Best is trial 10 with value: 71.83769989013672.
LOCAL_RANK: 0 - CUDA_VISIBLE_DEVICES: [0]
[I 2023-12-16 00:14:37,747] Trial 15 finished with value: 136.90560913085938 and parameters: {'gradient_clip_val': 0.14143415635971068, 'hidden_size': 22, 'dropout': 0.2943284492027648, 'hidden_continuous_size': 11, 'attention_head_size': 4, 'learning_rate': 0.09300123360830179}. Best is trial 10 with value: 71.83769989013672.
LOCAL_RANK: 0 - CUDA_VISIBLE_DEVICES: [0]
[I 2023-12-16 00:15:23,674] Trial 16 finished with value: 124.38813018798828 and parameters: {'gradient_clip_val': 0.10339461558148134, 'hidden_size': 14, 'dropout': 0.3583420049062586, 'hidden_continuous_size': 9, 'attention_head_size': 2, 'learning_rate': 0.043611556476929554}. Best is trial 10 with value: 71.83769989013672.
LOCAL_RANK: 0 - CUDA_VISIBLE_DEVICES: [0]
[I 2023-12-16 00:16:11,840] Trial 17 finished with value: 152.77024841308594 and parameters: {'gradient_clip_val': 0.2523829940725306, 'hidden_size': 18, 'dropout': 0.39488167224391985, 'hidden_continuous_size': 11, 'attention_head_size': 3, 'learning_rate': 0.015531684966853306}. Best is trial 10 with value: 71.83769989013672.
LOCAL_RANK: 0 - CUDA_VISIBLE_DEVICES: [0]
[I 2023-12-16 00:17:01,660] Trial 18 finished with value: 113.32125091552734 and parameters: {'gradient_clip_val': 0.14603059922137293, 'hidden_size': 25, 'dropout': 0.31264469525604843, 'hidden_continuous_size': 13, 'attention_head_size': 4, 'learning_rate': 0.046602921494572284}. Best is trial 10 with value: 71.83769989013672.
LOCAL_RANK: 0 - CUDA_VISIBLE_DEVICES: [0]
[I 2023-12-16 00:17:47,579] Trial 19 finished with value: 122.36943817138672 and parameters: {'gradient_clip_val': 0.16514429572619108, 'hidden_size': 14, 'dropout': 0.26251490648828923, 'hidden_continuous_size': 6, 'attention_head_size': 4, 'learning_rate': 0.014626752583363744}. Best is trial 10 with value: 71.83769989013672.
LOCAL_RANK: 0 - CUDA_VISIBLE_DEVICES: [0]
[I 2023-12-16 00:18:31,833] Trial 20 finished with value: 116.43953704833984 and parameters: {'gradient_clip_val': 0.10014173168128557, 'hidden_size': 8, 'dropout': 0.3256804188609175, 'hidden_continuous_size': 6, 'attention_head_size': 2, 'learning_rate': 0.05741190629109043}. Best is trial 10 with value: 71.83769989013672.
LOCAL_RANK: 0 - CUDA_VISIBLE_DEVICES: [0]
[I 2023-12-16 00:19:17,425] Trial 21 finished with value: 122.09911346435547 and parameters: {'gradient_clip_val': 0.10133092127179547, 'hidden_size': 16, 'dropout': 0.363911130556268, 'hidden_continuous_size': 8, 'attention_head_size': 4, 'learning_rate': 0.0288962347307939}. Best is trial 10 with value: 71.83769989013672.
LOCAL_RANK: 0 - CUDA_VISIBLE_DEVICES: [0]
[I 2023-12-16 00:20:04,328] Trial 22 finished with value: 100.55057525634766 and parameters: {'gradient_clip_val': 0.12408561377297374, 'hidden_size': 17, 'dropout': 0.31064213306510047, 'hidden_continuous_size': 6, 'attention_head_size': 4, 'learning_rate': 0.00485350712087017}. Best is trial 10 with value: 71.83769989013672.
LOCAL_RANK: 0 - CUDA_VISIBLE_DEVICES: [0]
[I 2023-12-16 00:20:48,657] Trial 23 finished with value: 141.0498504638672 and parameters: {'gradient_clip_val': 0.1669238223838867, 'hidden_size': 12, 'dropout': 0.3652503286694495, 'hidden_continuous_size': 6, 'attention_head_size': 3, 'learning_rate': 0.01953666721408527}. Best is trial 10 with value: 71.83769989013672.
LOCAL_RANK: 0 - CUDA_VISIBLE_DEVICES: [0]
[I 2023-12-16 00:21:37,934] Trial 24 finished with value: 121.17183685302734 and parameters: {'gradient_clip_val': 0.11938551846285521, 'hidden_size': 28, 'dropout': 0.25180193015728486, 'hidden_continuous_size': 9, 'attention_head_size': 4, 'learning_rate': 0.008523566006758035}. Best is trial 10 with value: 71.83769989013672.
LOCAL_RANK: 0 - CUDA_VISIBLE_DEVICES: [0]
[I 2023-12-16 00:22:25,774] Trial 25 finished with value: 137.08297729492188 and parameters: {'gradient_clip_val': 0.1470778318226635, 'hidden_size': 20, 'dropout': 0.32940792258153445, 'hidden_continuous_size': 11, 'attention_head_size': 3, 'learning_rate': 0.05699158426650357}. Best is trial 10 with value: 71.83769989013672.
LOCAL_RANK: 0 - CUDA_VISIBLE_DEVICES: [0]
[I 2023-12-16 00:23:12,258] Trial 26 finished with value: 120.5138931274414 and parameters: {'gradient_clip_val': 0.23730107604376605, 'hidden_size': 14, 'dropout': 0.38140014478877776, 'hidden_continuous_size': 7, 'attention_head_size': 4, 'learning_rate': 0.011750845369345385}. Best is trial 10 with value: 71.83769989013672.
LOCAL_RANK: 0 - CUDA_VISIBLE_DEVICES: [0]
[I 2023-12-16 00:24:01,983] Trial 27 finished with value: 116.72306060791016 and parameters: {'gradient_clip_val': 0.1156016531210826, 'hidden_size': 23, 'dropout': 0.27657540033177896, 'hidden_continuous_size': 15, 'attention_head_size': 4, 'learning_rate': 0.025678313107759553}. Best is trial 10 with value: 71.83769989013672.
LOCAL_RANK: 0 - CUDA_VISIBLE_DEVICES: [0]
[I 2023-12-16 00:24:52,200] Trial 28 finished with value: 113.25922393798828 and parameters: {'gradient_clip_val': 0.15278291777395567, 'hidden_size': 31, 'dropout': 0.23723125738305242, 'hidden_continuous_size': 16, 'attention_head_size': 3, 'learning_rate': 0.006389167167256986}. Best is trial 10 with value: 71.83769989013672.
LOCAL_RANK: 0 - CUDA_VISIBLE_DEVICES: [0]
[I 2023-12-16 00:25:37,805] Trial 29 finished with value: 145.1969451904297 and parameters: {'gradient_clip_val': 0.1979893304407598, 'hidden_size': 10, 'dropout': 0.3430534573219576, 'hidden_continuous_size': 5, 'attention_head_size': 3, 'learning_rate': 0.031167158301030215}. Best is trial 10 with value: 71.83769989013672.
LOCAL_RANK: 0 - CUDA_VISIBLE_DEVICES: [0]
[I 2023-12-16 00:26:25,116] Trial 30 finished with value: 108.6092300415039 and parameters: {'gradient_clip_val': 0.1304988738330366, 'hidden_size': 20, 'dropout': 0.3737494397994892, 'hidden_continuous_size': 8, 'attention_head_size': 4, 'learning_rate': 0.018484176987259352}. Best is trial 10 with value: 71.83769989013672.
LOCAL_RANK: 0 - CUDA_VISIBLE_DEVICES: [0]
[I 2023-12-16 00:27:12,337] Trial 31 finished with value: 117.3222427368164 and parameters: {'gradient_clip_val': 0.11619055465928632, 'hidden_size': 18, 'dropout': 0.3080898024691256, 'hidden_continuous_size': 6, 'attention_head_size': 4, 'learning_rate': 0.005019281333179309}. Best is trial 10 with value: 71.83769989013672.
LOCAL_RANK: 0 - CUDA_VISIBLE_DEVICES: [0]
[I 2023-12-16 00:27:57,326] Trial 32 finished with value: 119.1551513671875 and parameters: {'gradient_clip_val': 0.1001880093056934, 'hidden_size': 16, 'dropout': 0.33431956998502826, 'hidden_continuous_size': 5, 'attention_head_size': 4, 'learning_rate': 0.004150494818816508}. Best is trial 10 with value: 71.83769989013672.
LOCAL_RANK: 0 - CUDA_VISIBLE_DEVICES: [0]
[I 2023-12-16 00:28:46,326] Trial 33 finished with value: 67.14453125 and parameters: {'gradient_clip_val': 0.1311839063290885, 'hidden_size': 23, 'dropout': 0.3510546432122776, 'hidden_continuous_size': 6, 'attention_head_size': 4, 'learning_rate': 0.001911416088804063}. Best is trial 33 with value: 67.14453125.
LOCAL_RANK: 0 - CUDA_VISIBLE_DEVICES: [0]
[I 2023-12-16 00:29:35,210] Trial 34 finished with value: 134.2776336669922 and parameters: {'gradient_clip_val': 0.13825925155902577, 'hidden_size': 23, 'dropout': 0.39827165214188187, 'hidden_continuous_size': 7, 'attention_head_size': 4, 'learning_rate': 0.002367097465293806}. Best is trial 33 with value: 67.14453125.
LOCAL_RANK: 0 - CUDA_VISIBLE_DEVICES: [0]
[I 2023-12-16 00:30:23,707] Trial 35 finished with value: 77.38529968261719 and parameters: {'gradient_clip_val': 0.16423575325994583, 'hidden_size': 32, 'dropout': 0.37877934404614566, 'hidden_continuous_size': 9, 'attention_head_size': 3, 'learning_rate': 0.0015886345880229658}. Best is trial 33 with value: 67.14453125.
LOCAL_RANK: 0 - CUDA_VISIBLE_DEVICES: [0]
[I 2023-12-16 00:31:11,926] Trial 36 finished with value: 108.06343841552734 and parameters: {'gradient_clip_val': 0.1553444536904559, 'hidden_size': 32, 'dropout': 0.37923123608440235, 'hidden_continuous_size': 10, 'attention_head_size': 3, 'learning_rate': 0.0024695709341259007}. Best is trial 33 with value: 67.14453125.
LOCAL_RANK: 0 - CUDA_VISIBLE_DEVICES: [0]
