[I 2023-12-16 08:38:25,525] Trial 44 finished with value: 1.3581424951553345 and parameters: {'gradient_clip_val': 0.13861192451880622, 'hidden_size': 21, 'dropout': 0.2495578122212511, 'hidden_continuous_size': 11, 'attention_head_size': 1, 'learning_rate': 0.07483974813112841}. Best is trial 43 with value: 0.0993776023387909.
LOCAL_RANK: 0 - CUDA_VISIBLE_DEVICES: [0]
[I 2023-12-16 08:39:14,591] Trial 45 finished with value: 0.3788343369960785 and parameters: {'gradient_clip_val': 0.3034266593640001, 'hidden_size': 27, 'dropout': 0.1867538020397834, 'hidden_continuous_size': 10, 'attention_head_size': 2, 'learning_rate': 0.05768940378760025}. Best is trial 43 with value: 0.0993776023387909.
LOCAL_RANK: 0 - CUDA_VISIBLE_DEVICES: [0]
[I 2023-12-16 08:40:00,206] Trial 46 finished with value: 1.3853718042373657 and parameters: {'gradient_clip_val': 0.2607600571681585, 'hidden_size': 11, 'dropout': 0.1516247369640204, 'hidden_continuous_size': 5, 'attention_head_size': 3, 'learning_rate': 0.0424815834139614}. Best is trial 43 with value: 0.0993776023387909.
LOCAL_RANK: 0 - CUDA_VISIBLE_DEVICES: [0]
[I 2023-12-16 08:40:47,068] Trial 47 finished with value: 1.0148483514785767 and parameters: {'gradient_clip_val': 0.4269054941102611, 'hidden_size': 17, 'dropout': 0.20012401464100948, 'hidden_continuous_size': 8, 'attention_head_size': 2, 'learning_rate': 0.07904683009719903}. Best is trial 43 with value: 0.0993776023387909.
LOCAL_RANK: 0 - CUDA_VISIBLE_DEVICES: [0]
[I 2023-12-16 08:41:34,062] Trial 48 finished with value: 1.0176640748977661 and parameters: {'gradient_clip_val': 0.21058487699660286, 'hidden_size': 20, 'dropout': 0.22440806204988897, 'hidden_continuous_size': 11, 'attention_head_size': 1, 'learning_rate': 0.026486821932630047}. Best is trial 43 with value: 0.0993776023387909.
LOCAL_RANK: 0 - CUDA_VISIBLE_DEVICES: [0]
[I 2023-12-16 08:42:20,825] Trial 49 finished with value: 0.19050709903240204 and parameters: {'gradient_clip_val': 0.3214366090740374, 'hidden_size': 15, 'dropout': 0.2572115557129341, 'hidden_continuous_size': 9, 'attention_head_size': 4, 'learning_rate': 0.05116320627615695}. Best is trial 43 with value: 0.0993776023387909.
[I 2023-12-16 08:42:20,919] A new study created in memory with name: no-name-438b05d0-f94d-4b51-809d-9119115bb69d
/home/le004/conda/anaconda3/envs/tsff_env/lib/python3.9/site-packages/lightning/fabric/plugins/environments/slurm.py:191: The `srun` command is available on your system but is not used. HINT: If your intention is to run Lightning on SLURM, prepend your python command with `srun` like so: srun python /home/le004/master_thesis/git/TSFusionForecast/code/ ...
LOCAL_RANK: 0 - CUDA_VISIBLE_DEVICES: [0]
[I 2023-12-16 08:43:08,228] Trial 0 finished with value: 2.9675464630126953 and parameters: {'gradient_clip_val': 0.18632014471654001, 'hidden_size': 20, 'dropout': 0.1472418770120462, 'hidden_continuous_size': 9, 'attention_head_size': 3, 'learning_rate': 0.003943616979470659}. Best is trial 0 with value: 2.9675464630126953.
LOCAL_RANK: 0 - CUDA_VISIBLE_DEVICES: [0]
[I 2023-12-16 08:43:57,074] Trial 1 finished with value: 1.763313889503479 and parameters: {'gradient_clip_val': 0.10615171991742037, 'hidden_size': 36, 'dropout': 0.28515795333765603, 'hidden_continuous_size': 6, 'attention_head_size': 3, 'learning_rate': 0.001714533549801511}. Best is trial 1 with value: 1.763313889503479.
LOCAL_RANK: 0 - CUDA_VISIBLE_DEVICES: [0]
[I 2023-12-16 08:44:31,694] Trial 2 finished with value: 3.6096649169921875 and parameters: {'gradient_clip_val': 0.5316662826419478, 'hidden_size': 10, 'dropout': 0.3560376044991458, 'hidden_continuous_size': 10, 'attention_head_size': 3, 'learning_rate': 0.0005087165000952216}. Best is trial 1 with value: 1.763313889503479.
LOCAL_RANK: 0 - CUDA_VISIBLE_DEVICES: [0]
[I 2023-12-16 08:45:24,236] Trial 3 finished with value: 2.1623497009277344 and parameters: {'gradient_clip_val': 0.8486609737451178, 'hidden_size': 45, 'dropout': 0.32291493116545134, 'hidden_continuous_size': 11, 'attention_head_size': 3, 'learning_rate': 0.07478139679531867}. Best is trial 1 with value: 1.763313889503479.
LOCAL_RANK: 0 - CUDA_VISIBLE_DEVICES: [0]
[I 2023-12-16 08:46:17,568] Trial 4 finished with value: 2.1969759464263916 and parameters: {'gradient_clip_val': 0.16522221238948134, 'hidden_size': 38, 'dropout': 0.20509965641082778, 'hidden_continuous_size': 35, 'attention_head_size': 3, 'learning_rate': 0.04752948930997759}. Best is trial 1 with value: 1.763313889503479.
LOCAL_RANK: 0 - CUDA_VISIBLE_DEVICES: [0]
[I 2023-12-16 08:47:05,573] Trial 5 finished with value: 3.1072540283203125 and parameters: {'gradient_clip_val': 0.7067455131703572, 'hidden_size': 19, 'dropout': 0.13549886115751178, 'hidden_continuous_size': 8, 'attention_head_size': 3, 'learning_rate': 0.041626117326604706}. Best is trial 1 with value: 1.763313889503479.
LOCAL_RANK: 0 - CUDA_VISIBLE_DEVICES: [0]
[I 2023-12-16 08:47:39,171] Trial 6 finished with value: 2.966191053390503 and parameters: {'gradient_clip_val': 0.18052692780838397, 'hidden_size': 8, 'dropout': 0.2483962588310377, 'hidden_continuous_size': 8, 'attention_head_size': 2, 'learning_rate': 0.02959066953160183}. Best is trial 1 with value: 1.763313889503479.
LOCAL_RANK: 0 - CUDA_VISIBLE_DEVICES: [0]
[I 2023-12-16 08:48:24,868] Trial 7 finished with value: 1.659542441368103 and parameters: {'gradient_clip_val': 0.368734252231716, 'hidden_size': 7, 'dropout': 0.32539796765975243, 'hidden_continuous_size': 6, 'attention_head_size': 4, 'learning_rate': 0.08095974993077333}. Best is trial 7 with value: 1.659542441368103.
LOCAL_RANK: 0 - CUDA_VISIBLE_DEVICES: [0]
[I 2023-12-16 08:49:13,231] Trial 8 finished with value: 0.5312917828559875 and parameters: {'gradient_clip_val': 0.2899780744676282, 'hidden_size': 19, 'dropout': 0.1821965636012903, 'hidden_continuous_size': 15, 'attention_head_size': 2, 'learning_rate': 0.0019532379049265643}. Best is trial 8 with value: 0.5312917828559875.
LOCAL_RANK: 0 - CUDA_VISIBLE_DEVICES: [0]
[I 2023-12-16 08:50:02,249] Trial 9 finished with value: 0.4011017382144928 and parameters: {'gradient_clip_val': 0.8316848561471036, 'hidden_size': 25, 'dropout': 0.1824341712521812, 'hidden_continuous_size': 7, 'attention_head_size': 3, 'learning_rate': 0.004009655824174566}. Best is trial 9 with value: 0.4011017382144928.
LOCAL_RANK: 0 - CUDA_VISIBLE_DEVICES: [0]
[I 2023-12-16 08:50:56,344] Trial 10 finished with value: 0.45739102363586426 and parameters: {'gradient_clip_val': 0.9781331463166862, 'hidden_size': 86, 'dropout': 0.10005309010347624, 'hidden_continuous_size': 24, 'attention_head_size': 1, 'learning_rate': 0.013783466378416556}. Best is trial 9 with value: 0.4011017382144928.
LOCAL_RANK: 0 - CUDA_VISIBLE_DEVICES: [0]
[I 2023-12-16 08:51:49,458] Trial 11 finished with value: 0.3845047950744629 and parameters: {'gradient_clip_val': 0.9432814507259434, 'hidden_size': 65, 'dropout': 0.10184839880670614, 'hidden_continuous_size': 26, 'attention_head_size': 1, 'learning_rate': 0.011511467347842018}. Best is trial 11 with value: 0.3845047950744629.
LOCAL_RANK: 0 - CUDA_VISIBLE_DEVICES: [0]
[I 2023-12-16 08:52:47,160] Trial 12 finished with value: 2.2942686080932617 and parameters: {'gradient_clip_val': 0.9995550520763747, 'hidden_size': 99, 'dropout': 0.11030984117430516, 'hidden_continuous_size': 85, 'attention_head_size': 1, 'learning_rate': 0.010639037818914997}. Best is trial 11 with value: 0.3845047950744629.
LOCAL_RANK: 0 - CUDA_VISIBLE_DEVICES: [0]
[I 2023-12-16 08:53:40,646] Trial 13 finished with value: 3.2184765338897705 and parameters: {'gradient_clip_val': 0.624348189730319, 'hidden_size': 60, 'dropout': 0.17076385033985322, 'hidden_continuous_size': 17, 'attention_head_size': 4, 'learning_rate': 0.006150270756952706}. Best is trial 11 with value: 0.3845047950744629.
LOCAL_RANK: 0 - CUDA_VISIBLE_DEVICES: [0]
[I 2023-12-16 08:54:28,184] Trial 14 finished with value: 0.4844856262207031 and parameters: {'gradient_clip_val': 0.5271746326584349, 'hidden_size': 28, 'dropout': 0.21759293548231645, 'hidden_continuous_size': 5, 'attention_head_size': 2, 'learning_rate': 0.020042497284185886}. Best is trial 11 with value: 0.3845047950744629.
LOCAL_RANK: 0 - CUDA_VISIBLE_DEVICES: [0]
[I 2023-12-16 08:55:20,736] Trial 15 finished with value: 3.6703834533691406 and parameters: {'gradient_clip_val': 0.7095887624300358, 'hidden_size': 54, 'dropout': 0.14768913676281706, 'hidden_continuous_size': 14, 'attention_head_size': 1, 'learning_rate': 0.008891506315566296}. Best is trial 11 with value: 0.3845047950744629.
LOCAL_RANK: 0 - CUDA_VISIBLE_DEVICES: [0]
[I 2023-12-16 08:56:06,184] Trial 16 finished with value: 3.459193229675293 and parameters: {'gradient_clip_val': 0.4324256191394713, 'hidden_size': 13, 'dropout': 0.10530840411972184, 'hidden_continuous_size': 6, 'attention_head_size': 2, 'learning_rate': 0.005068622067425642}. Best is trial 11 with value: 0.3845047950744629.
LOCAL_RANK: 0 - CUDA_VISIBLE_DEVICES: [0]
[I 2023-12-16 08:56:41,218] Trial 17 finished with value: 0.31213605403900146 and parameters: {'gradient_clip_val': 0.7710385050943427, 'hidden_size': 5, 'dropout': 0.18067625517055663, 'hidden_continuous_size': 5, 'attention_head_size': 4, 'learning_rate': 0.01749071237837555}. Best is trial 17 with value: 0.31213605403900146.
LOCAL_RANK: 0 - CUDA_VISIBLE_DEVICES: [0]
[I 2023-12-16 08:57:16,463] Trial 18 finished with value: 2.041649580001831 and parameters: {'gradient_clip_val': 0.5891458110094305, 'hidden_size': 5, 'dropout': 0.22514736409072827, 'hidden_continuous_size': 5, 'attention_head_size': 4, 'learning_rate': 0.017836318150241656}. Best is trial 17 with value: 0.31213605403900146.
LOCAL_RANK: 0 - CUDA_VISIBLE_DEVICES: [0]
[I 2023-12-16 08:57:49,875] Trial 19 finished with value: 1.0095943212509155 and parameters: {'gradient_clip_val': 0.7680595698835323, 'hidden_size': 5, 'dropout': 0.39933499066404987, 'hidden_continuous_size': 5, 'attention_head_size': 1, 'learning_rate': 0.026069199849934728}. Best is trial 17 with value: 0.31213605403900146.
LOCAL_RANK: 0 - CUDA_VISIBLE_DEVICES: [0]
[I 2023-12-16 08:58:36,508] Trial 20 finished with value: 2.545332193374634 and parameters: {'gradient_clip_val': 0.45296287845336464, 'hidden_size': 15, 'dropout': 0.13806630438191225, 'hidden_continuous_size': 7, 'attention_head_size': 4, 'learning_rate': 0.014179062430640602}. Best is trial 17 with value: 0.31213605403900146.
LOCAL_RANK: 0 - CUDA_VISIBLE_DEVICES: [0]
[I 2023-12-16 08:59:25,051] Trial 21 finished with value: 1.0962907075881958 and parameters: {'gradient_clip_val': 0.8206774826363964, 'hidden_size': 28, 'dropout': 0.166542188366972, 'hidden_continuous_size': 7, 'attention_head_size': 4, 'learning_rate': 0.008540530233153633}. Best is trial 17 with value: 0.31213605403900146.
LOCAL_RANK: 0 - CUDA_VISIBLE_DEVICES: [0]
[I 2023-12-16 09:00:12,433] Trial 22 finished with value: 1.8124104738235474 and parameters: {'gradient_clip_val': 0.8949147476675409, 'hidden_size': 28, 'dropout': 0.2045227594847531, 'hidden_continuous_size': 5, 'attention_head_size': 2, 'learning_rate': 0.003638473713314258}. Best is trial 17 with value: 0.31213605403900146.
LOCAL_RANK: 0 - CUDA_VISIBLE_DEVICES: [0]
[I 2023-12-16 09:00:57,263] Trial 23 finished with value: 0.8875141143798828 and parameters: {'gradient_clip_val': 0.694981973200487, 'hidden_size': 12, 'dropout': 0.19245207308681483, 'hidden_continuous_size': 6, 'attention_head_size': 4, 'learning_rate': 0.012831322177055971}. Best is trial 17 with value: 0.31213605403900146.
LOCAL_RANK: 0 - CUDA_VISIBLE_DEVICES: [0]
[I 2023-12-16 09:01:50,906] Trial 24 finished with value: 1.5653705596923828 and parameters: {'gradient_clip_val': 0.9891104661114845, 'hidden_size': 66, 'dropout': 0.1769748574159938, 'hidden_continuous_size': 12, 'attention_head_size': 3, 'learning_rate': 0.007273837904477762}. Best is trial 17 with value: 0.31213605403900146.
LOCAL_RANK: 0 - CUDA_VISIBLE_DEVICES: [0]
[I 2023-12-16 09:02:36,301] Trial 25 finished with value: 0.3632090091705322 and parameters: {'gradient_clip_val': 0.7882803225731467, 'hidden_size': 15, 'dropout': 0.23515910708826215, 'hidden_continuous_size': 7, 'attention_head_size': 2, 'learning_rate': 0.02133691849863573}. Best is trial 17 with value: 0.31213605403900146.
LOCAL_RANK: 0 - CUDA_VISIBLE_DEVICES: [0]
[I 2023-12-16 09:03:20,934] Trial 26 finished with value: 1.8410273790359497 and parameters: {'gradient_clip_val': 0.6847340072337675, 'hidden_size': 6, 'dropout': 0.2400068993964486, 'hidden_continuous_size': 5, 'attention_head_size': 1, 'learning_rate': 0.022318340517540027}. Best is trial 17 with value: 0.31213605403900146.
LOCAL_RANK: 0 - CUDA_VISIBLE_DEVICES: [0]
[I 2023-12-16 09:04:06,005] Trial 27 finished with value: 2.111865282058716 and parameters: {'gradient_clip_val': 0.597681609119983, 'hidden_size': 10, 'dropout': 0.2268687167110873, 'hidden_continuous_size': 6, 'attention_head_size': 2, 'learning_rate': 0.03422703422246755}. Best is trial 17 with value: 0.31213605403900146.
LOCAL_RANK: 0 - CUDA_VISIBLE_DEVICES: [0]
[I 2023-12-16 09:04:50,392] Trial 28 finished with value: 0.31615614891052246 and parameters: {'gradient_clip_val': 0.7820951627667574, 'hidden_size': 16, 'dropout': 0.2642032764849935, 'hidden_continuous_size': 7, 'attention_head_size': 1, 'learning_rate': 0.018122650621824093}. Best is trial 17 with value: 0.31213605403900146.
LOCAL_RANK: 0 - CUDA_VISIBLE_DEVICES: [0]
[I 2023-12-16 09:05:34,865] Trial 29 finished with value: 2.2466790676116943 and parameters: {'gradient_clip_val': 0.7413049706025596, 'hidden_size': 16, 'dropout': 0.25751278796516053, 'hidden_continuous_size': 7, 'attention_head_size': 2, 'learning_rate': 0.018680420552291067}. Best is trial 17 with value: 0.31213605403900146.
LOCAL_RANK: 0 - CUDA_VISIBLE_DEVICES: [0]
[I 2023-12-16 09:06:18,331] Trial 30 finished with value: 3.265146017074585 and parameters: {'gradient_clip_val': 0.4934098780714078, 'hidden_size': 8, 'dropout': 0.2542488224847453, 'hidden_continuous_size': 5, 'attention_head_size': 1, 'learning_rate': 0.047803400387925944}. Best is trial 17 with value: 0.31213605403900146.
LOCAL_RANK: 0 - CUDA_VISIBLE_DEVICES: [0]
[I 2023-12-16 09:07:06,681] Trial 31 finished with value: 0.17248846590518951 and parameters: {'gradient_clip_val': 0.8464406410131389, 'hidden_size': 22, 'dropout': 0.2738599771611971, 'hidden_continuous_size': 9, 'attention_head_size': 1, 'learning_rate': 0.01537488712846439}. Best is trial 31 with value: 0.17248846590518951.
LOCAL_RANK: 0 - CUDA_VISIBLE_DEVICES: [0]
[I 2023-12-16 09:07:54,495] Trial 32 finished with value: 0.4033026695251465 and parameters: {'gradient_clip_val': 0.8108818362212385, 'hidden_size': 21, 'dropout': 0.27883767297198736, 'hidden_continuous_size': 8, 'attention_head_size': 1, 'learning_rate': 0.026650162771269345}. Best is trial 31 with value: 0.17248846590518951.
LOCAL_RANK: 0 - CUDA_VISIBLE_DEVICES: [0]
[I 2023-12-16 09:08:39,384] Trial 33 finished with value: 3.010603666305542 and parameters: {'gradient_clip_val': 0.6184038226381358, 'hidden_size': 11, 'dropout': 0.2677807543929834, 'hidden_continuous_size': 6, 'attention_head_size': 1, 'learning_rate': 0.0165387210087402}. Best is trial 31 with value: 0.17248846590518951.
LOCAL_RANK: 0 - CUDA_VISIBLE_DEVICES: [0]
[I 2023-12-16 09:09:25,385] Trial 34 finished with value: 3.191865921020508 and parameters: {'gradient_clip_val': 0.8299153186470329, 'hidden_size': 15, 'dropout': 0.294190184511816, 'hidden_continuous_size': 9, 'attention_head_size': 2, 'learning_rate': 0.020453115883851333}. Best is trial 31 with value: 0.17248846590518951.
LOCAL_RANK: 0 - CUDA_VISIBLE_DEVICES: [0]
[I 2023-12-16 09:10:10,185] Trial 35 finished with value: 4.159392833709717 and parameters: {'gradient_clip_val': 0.5511907982829306, 'hidden_size': 9, 'dropout': 0.23718615040674712, 'hidden_continuous_size': 6, 'attention_head_size': 1, 'learning_rate': 0.010392271373819014}. Best is trial 31 with value: 0.17248846590518951.
LOCAL_RANK: 0 - CUDA_VISIBLE_DEVICES: [0]
[I 2023-12-16 09:10:55,631] Trial 36 finished with value: 3.681380271911621 and parameters: {'gradient_clip_val': 0.6865338784747571, 'hidden_size': 13, 'dropout': 0.285472684952961, 'hidden_continuous_size': 7, 'attention_head_size': 2, 'learning_rate': 0.0362049890497028}. Best is trial 31 with value: 0.17248846590518951.
LOCAL_RANK: 0 - CUDA_VISIBLE_DEVICES: [0]
[I 2023-12-16 09:11:42,812] Trial 37 finished with value: 1.5050567388534546 and parameters: {'gradient_clip_val': 0.8577281961056277, 'hidden_size': 17, 'dropout': 0.2067045156573778, 'hidden_continuous_size': 8, 'attention_head_size': 3, 'learning_rate': 0.06461335474333744}. Best is trial 31 with value: 0.17248846590518951.
LOCAL_RANK: 0 - CUDA_VISIBLE_DEVICES: [0]
[I 2023-12-16 09:12:31,112] Trial 38 finished with value: 3.8038876056671143 and parameters: {'gradient_clip_val': 0.6343591244545179, 'hidden_size': 22, 'dropout': 0.24645132041947662, 'hidden_continuous_size': 9, 'attention_head_size': 1, 'learning_rate': 0.026787349239884625}. Best is trial 31 with value: 0.17248846590518951.
LOCAL_RANK: 0 - CUDA_VISIBLE_DEVICES: [0]
[I 2023-12-16 09:13:16,465] Trial 39 finished with value: 4.13817834854126 and parameters: {'gradient_clip_val': 0.7667271783218415, 'hidden_size': 6, 'dropout': 0.2690629567108519, 'hidden_continuous_size': 5, 'attention_head_size': 3, 'learning_rate': 0.0515282382262777}. Best is trial 31 with value: 0.17248846590518951.
LOCAL_RANK: 0 - CUDA_VISIBLE_DEVICES: [0]
[I 2023-12-16 09:14:06,823] Trial 40 finished with value: 0.5139428973197937 and parameters: {'gradient_clip_val': 0.891114373699928, 'hidden_size': 37, 'dropout': 0.29864621695287746, 'hidden_continuous_size': 10, 'attention_head_size': 2, 'learning_rate': 0.0330958254542382}. Best is trial 31 with value: 0.17248846590518951.
LOCAL_RANK: 0 - CUDA_VISIBLE_DEVICES: [0]
[I 2023-12-16 09:14:58,498] Trial 41 finished with value: 3.6913840770721436 and parameters: {'gradient_clip_val': 0.9003531983708023, 'hidden_size': 43, 'dropout': 0.12338257058775903, 'hidden_continuous_size': 11, 'attention_head_size': 1, 'learning_rate': 0.012256189619075816}. Best is trial 31 with value: 0.17248846590518951.
LOCAL_RANK: 0 - CUDA_VISIBLE_DEVICES: [0]
[I 2023-12-16 09:15:47,579] Trial 42 finished with value: 2.949341058731079 and parameters: {'gradient_clip_val': 0.7616920759884498, 'hidden_size': 33, 'dropout': 0.12345124945097918, 'hidden_continuous_size': 9, 'attention_head_size': 1, 'learning_rate': 0.014739962403221125}. Best is trial 31 with value: 0.17248846590518951.
LOCAL_RANK: 0 - CUDA_VISIBLE_DEVICES: [0]
[I 2023-12-16 09:16:35,681] Trial 43 finished with value: 0.6129757165908813 and parameters: {'gradient_clip_val': 0.9208203171348914, 'hidden_size': 23, 'dropout': 0.155548322821785, 'hidden_continuous_size': 8, 'attention_head_size': 1, 'learning_rate': 0.010513030930226621}. Best is trial 31 with value: 0.17248846590518951.
LOCAL_RANK: 0 - CUDA_VISIBLE_DEVICES: [0]
[I 2023-12-16 09:17:23,217] Trial 44 finished with value: 1.292662262916565 and parameters: {'gradient_clip_val': 0.9989817379195866, 'hidden_size': 18, 'dropout': 0.16077052042232515, 'hidden_continuous_size': 10, 'attention_head_size': 1, 'learning_rate': 0.02193598350290764}. Best is trial 31 with value: 0.17248846590518951.
LOCAL_RANK: 0 - CUDA_VISIBLE_DEVICES: [0]
[I 2023-12-16 09:18:10,149] Trial 45 finished with value: 1.1996647119522095 and parameters: {'gradient_clip_val': 0.6696812168120999, 'hidden_size': 20, 'dropout': 0.1424597158288048, 'hidden_continuous_size': 9, 'attention_head_size': 1, 'learning_rate': 0.0169051081442754}. Best is trial 31 with value: 0.17248846590518951.
LOCAL_RANK: 0 - CUDA_VISIBLE_DEVICES: [0]
[I 2023-12-16 09:18:55,586] Trial 46 finished with value: 2.092829942703247 and parameters: {'gradient_clip_val': 0.7782070444084052, 'hidden_size': 10, 'dropout': 0.19358610928525627, 'hidden_continuous_size': 7, 'attention_head_size': 2, 'learning_rate': 0.014805880030955164}. Best is trial 31 with value: 0.17248846590518951.
LOCAL_RANK: 0 - CUDA_VISIBLE_DEVICES: [0]
[I 2023-12-16 09:19:44,559] Trial 47 finished with value: 0.9410398602485657 and parameters: {'gradient_clip_val': 0.9054220303517484, 'hidden_size': 32, 'dropout': 0.15449939527496576, 'hidden_continuous_size': 11, 'attention_head_size': 3, 'learning_rate': 0.039498482741903866}. Best is trial 31 with value: 0.17248846590518951.
LOCAL_RANK: 0 - CUDA_VISIBLE_DEVICES: [0]
[I 2023-12-16 09:20:29,558] Trial 48 finished with value: 0.726051390171051 and parameters: {'gradient_clip_val': 0.26358779213376965, 'hidden_size': 13, 'dropout': 0.2342350720679337, 'hidden_continuous_size': 6, 'attention_head_size': 1, 'learning_rate': 0.09759547344036922}. Best is trial 31 with value: 0.17248846590518951.
LOCAL_RANK: 0 - CUDA_VISIBLE_DEVICES: [0]
[I 2023-12-16 09:21:18,264] Trial 49 finished with value: 1.1555513143539429 and parameters: {'gradient_clip_val': 0.5529072881071367, 'hidden_size': 25, 'dropout': 0.22260864614322265, 'hidden_continuous_size': 12, 'attention_head_size': 1, 'learning_rate': 0.023978220422461262}. Best is trial 31 with value: 0.17248846590518951.
[I 2023-12-16 09:21:18,361] A new study created in memory with name: no-name-7e1be727-fb3c-4374-94d9-452b06b7bc36
/home/le004/conda/anaconda3/envs/tsff_env/lib/python3.9/site-packages/lightning/fabric/plugins/environments/slurm.py:191: The `srun` command is available on your system but is not used. HINT: If your intention is to run Lightning on SLURM, prepend your python command with `srun` like so: srun python /home/le004/master_thesis/git/TSFusionForecast/code/ ...
LOCAL_RANK: 0 - CUDA_VISIBLE_DEVICES: [0]
