[I 2023-12-16 05:09:28,130] Trial 33 finished with value: 133.46861267089844 and parameters: {'gradient_clip_val': 0.10146135639535936, 'hidden_size': 33, 'dropout': 0.3833577901897204, 'hidden_continuous_size': 12, 'attention_head_size': 3, 'learning_rate': 0.0090703159549748}. Best is trial 27 with value: 104.31230926513672.
LOCAL_RANK: 0 - CUDA_VISIBLE_DEVICES: [0]
[I 2023-12-16 05:10:16,873] Trial 34 finished with value: 135.9190216064453 and parameters: {'gradient_clip_val': 0.10815057426502163, 'hidden_size': 30, 'dropout': 0.3404610005997912, 'hidden_continuous_size': 12, 'attention_head_size': 2, 'learning_rate': 0.00904668863216409}. Best is trial 27 with value: 104.31230926513672.
LOCAL_RANK: 0 - CUDA_VISIBLE_DEVICES: [0]
[I 2023-12-16 05:11:05,595] Trial 35 finished with value: 154.11508178710938 and parameters: {'gradient_clip_val': 0.10257665830199673, 'hidden_size': 30, 'dropout': 0.24955179378861403, 'hidden_continuous_size': 12, 'attention_head_size': 2, 'learning_rate': 0.010776826386891026}. Best is trial 27 with value: 104.31230926513672.
LOCAL_RANK: 0 - CUDA_VISIBLE_DEVICES: [0]
[I 2023-12-16 05:11:52,750] Trial 36 finished with value: 359.9513854980469 and parameters: {'gradient_clip_val': 0.1080714399960881, 'hidden_size': 24, 'dropout': 0.39751039732187227, 'hidden_continuous_size': 9, 'attention_head_size': 2, 'learning_rate': 0.024553063673864377}. Best is trial 27 with value: 104.31230926513672.
LOCAL_RANK: 0 - CUDA_VISIBLE_DEVICES: [0]
[I 2023-12-16 05:12:41,530] Trial 37 finished with value: 256.58929443359375 and parameters: {'gradient_clip_val': 0.11796506242231425, 'hidden_size': 34, 'dropout': 0.3430700358983579, 'hidden_continuous_size': 8, 'attention_head_size': 2, 'learning_rate': 0.013350016245382493}. Best is trial 27 with value: 104.31230926513672.
LOCAL_RANK: 0 - CUDA_VISIBLE_DEVICES: [0]
[I 2023-12-16 05:13:28,509] Trial 38 finished with value: 245.000732421875 and parameters: {'gradient_clip_val': 0.11632659429938526, 'hidden_size': 20, 'dropout': 0.36580994669328254, 'hidden_continuous_size': 11, 'attention_head_size': 2, 'learning_rate': 0.008596356996089958}. Best is trial 27 with value: 104.31230926513672.
LOCAL_RANK: 0 - CUDA_VISIBLE_DEVICES: [0]
[I 2023-12-16 05:14:18,253] Trial 39 finished with value: 160.5973663330078 and parameters: {'gradient_clip_val': 0.10220744517702947, 'hidden_size': 31, 'dropout': 0.33874569356382644, 'hidden_continuous_size': 13, 'attention_head_size': 4, 'learning_rate': 0.024351049219318865}. Best is trial 27 with value: 104.31230926513672.
LOCAL_RANK: 0 - CUDA_VISIBLE_DEVICES: [0]
[I 2023-12-16 05:15:06,670] Trial 40 finished with value: 469.1112365722656 and parameters: {'gradient_clip_val': 0.13042263547241728, 'hidden_size': 40, 'dropout': 0.31833747480886326, 'hidden_continuous_size': 7, 'attention_head_size': 2, 'learning_rate': 0.01333278449248895}. Best is trial 27 with value: 104.31230926513672.
LOCAL_RANK: 0 - CUDA_VISIBLE_DEVICES: [0]
[I 2023-12-16 05:15:59,147] Trial 41 finished with value: 119.89315032958984 and parameters: {'gradient_clip_val': 0.13764994752219833, 'hidden_size': 47, 'dropout': 0.35506199825931084, 'hidden_continuous_size': 10, 'attention_head_size': 3, 'learning_rate': 0.004867897592524075}. Best is trial 27 with value: 104.31230926513672.
LOCAL_RANK: 0 - CUDA_VISIBLE_DEVICES: [0]
[I 2023-12-16 05:16:49,064] Trial 42 finished with value: 240.1133270263672 and parameters: {'gradient_clip_val': 0.11655426753877915, 'hidden_size': 35, 'dropout': 0.38180559602476066, 'hidden_continuous_size': 10, 'attention_head_size': 3, 'learning_rate': 0.0054916328955528886}. Best is trial 27 with value: 104.31230926513672.
LOCAL_RANK: 0 - CUDA_VISIBLE_DEVICES: [0]
[I 2023-12-16 05:17:39,975] Trial 43 finished with value: 327.2894592285156 and parameters: {'gradient_clip_val': 0.13642967444667886, 'hidden_size': 45, 'dropout': 0.3487710979592167, 'hidden_continuous_size': 6, 'attention_head_size': 3, 'learning_rate': 0.00833854124020587}. Best is trial 27 with value: 104.31230926513672.
LOCAL_RANK: 0 - CUDA_VISIBLE_DEVICES: [0]
[I 2023-12-16 05:18:28,026] Trial 44 finished with value: 198.4957733154297 and parameters: {'gradient_clip_val': 0.11362481051813493, 'hidden_size': 28, 'dropout': 0.36538206288892106, 'hidden_continuous_size': 10, 'attention_head_size': 3, 'learning_rate': 0.00660220149591953}. Best is trial 27 with value: 104.31230926513672.
LOCAL_RANK: 0 - CUDA_VISIBLE_DEVICES: [0]
[I 2023-12-16 05:19:17,280] Trial 45 finished with value: 168.34463500976562 and parameters: {'gradient_clip_val': 0.16998771073331786, 'hidden_size': 38, 'dropout': 0.33987838804533993, 'hidden_continuous_size': 8, 'attention_head_size': 2, 'learning_rate': 0.012333252488572557}. Best is trial 27 with value: 104.31230926513672.
LOCAL_RANK: 0 - CUDA_VISIBLE_DEVICES: [0]
[I 2023-12-16 05:20:10,265] Trial 46 finished with value: 180.24671936035156 and parameters: {'gradient_clip_val': 0.1564404781963449, 'hidden_size': 52, 'dropout': 0.38672713339782344, 'hidden_continuous_size': 12, 'attention_head_size': 4, 'learning_rate': 0.004992508968830947}. Best is trial 27 with value: 104.31230926513672.
LOCAL_RANK: 0 - CUDA_VISIBLE_DEVICES: [0]
[I 2023-12-16 05:20:59,326] Trial 47 finished with value: 232.74134826660156 and parameters: {'gradient_clip_val': 0.12708813764152155, 'hidden_size': 31, 'dropout': 0.3260653341656561, 'hidden_continuous_size': 11, 'attention_head_size': 3, 'learning_rate': 0.01579707314582174}. Best is trial 27 with value: 104.31230926513672.
LOCAL_RANK: 0 - CUDA_VISIBLE_DEVICES: [0]
[I 2023-12-16 05:21:52,246] Trial 48 finished with value: 159.2136993408203 and parameters: {'gradient_clip_val': 0.10050720851502332, 'hidden_size': 54, 'dropout': 0.3102665364822186, 'hidden_continuous_size': 13, 'attention_head_size': 3, 'learning_rate': 0.00821404173468549}. Best is trial 27 with value: 104.31230926513672.
LOCAL_RANK: 0 - CUDA_VISIBLE_DEVICES: [0]
[I 2023-12-16 05:22:43,407] Trial 49 finished with value: 184.0033721923828 and parameters: {'gradient_clip_val': 0.14904144670586808, 'hidden_size': 43, 'dropout': 0.34992823764360065, 'hidden_continuous_size': 9, 'attention_head_size': 2, 'learning_rate': 0.004772564148849761}. Best is trial 27 with value: 104.31230926513672.
[I 2023-12-16 05:22:43,500] A new study created in memory with name: no-name-88fa2c1c-0ea2-4e95-9eb7-98ff790bc487
/home/le004/conda/anaconda3/envs/tsff_env/lib/python3.9/site-packages/lightning/fabric/plugins/environments/slurm.py:191: The `srun` command is available on your system but is not used. HINT: If your intention is to run Lightning on SLURM, prepend your python command with `srun` like so: srun python /home/le004/master_thesis/git/TSFusionForecast/code/ ...
LOCAL_RANK: 0 - CUDA_VISIBLE_DEVICES: [0]
[I 2023-12-16 05:23:37,396] Trial 0 finished with value: 609.2777709960938 and parameters: {'gradient_clip_val': 0.4878571144294335, 'hidden_size': 91, 'dropout': 0.11979584406842689, 'hidden_continuous_size': 29, 'attention_head_size': 1, 'learning_rate': 0.02794063395209993}. Best is trial 0 with value: 609.2777709960938.
LOCAL_RANK: 0 - CUDA_VISIBLE_DEVICES: [0]
[I 2023-12-16 05:24:22,811] Trial 1 finished with value: 1479.2244873046875 and parameters: {'gradient_clip_val': 0.11929597569889094, 'hidden_size': 6, 'dropout': 0.31981915820753487, 'hidden_continuous_size': 5, 'attention_head_size': 4, 'learning_rate': 0.05073226465154558}. Best is trial 0 with value: 609.2777709960938.
LOCAL_RANK: 0 - CUDA_VISIBLE_DEVICES: [0]
[I 2023-12-16 05:25:09,604] Trial 2 finished with value: 1167.9254150390625 and parameters: {'gradient_clip_val': 0.2766989734368606, 'hidden_size': 20, 'dropout': 0.3074754519227937, 'hidden_continuous_size': 9, 'attention_head_size': 2, 'learning_rate': 0.03576733526538441}. Best is trial 0 with value: 609.2777709960938.
LOCAL_RANK: 0 - CUDA_VISIBLE_DEVICES: [0]
[I 2023-12-16 05:26:03,303] Trial 3 finished with value: 166.89427185058594 and parameters: {'gradient_clip_val': 0.6438130720318141, 'hidden_size': 84, 'dropout': 0.3420903529412408, 'hidden_continuous_size': 17, 'attention_head_size': 2, 'learning_rate': 0.00940174527564097}. Best is trial 3 with value: 166.89427185058594.
LOCAL_RANK: 0 - CUDA_VISIBLE_DEVICES: [0]
[I 2023-12-16 05:26:49,938] Trial 4 finished with value: 967.8401489257812 and parameters: {'gradient_clip_val': 0.1886137238837681, 'hidden_size': 13, 'dropout': 0.12317576632024842, 'hidden_continuous_size': 12, 'attention_head_size': 4, 'learning_rate': 0.06584123666339906}. Best is trial 3 with value: 166.89427185058594.
LOCAL_RANK: 0 - CUDA_VISIBLE_DEVICES: [0]
[I 2023-12-16 05:27:23,057] Trial 5 finished with value: 1127.6138916015625 and parameters: {'gradient_clip_val': 0.3603068280988735, 'hidden_size': 5, 'dropout': 0.2963315836967869, 'hidden_continuous_size': 5, 'attention_head_size': 1, 'learning_rate': 0.02096702329684136}. Best is trial 3 with value: 166.89427185058594.
LOCAL_RANK: 0 - CUDA_VISIBLE_DEVICES: [0]
[I 2023-12-16 05:28:07,930] Trial 6 finished with value: 853.2467651367188 and parameters: {'gradient_clip_val': 0.25959240463507793, 'hidden_size': 15, 'dropout': 0.3102043995057764, 'hidden_continuous_size': 6, 'attention_head_size': 1, 'learning_rate': 0.001332712223293263}. Best is trial 3 with value: 166.89427185058594.
LOCAL_RANK: 0 - CUDA_VISIBLE_DEVICES: [0]
[I 2023-12-16 05:29:04,695] Trial 7 finished with value: 361.0699768066406 and parameters: {'gradient_clip_val': 0.18703132923132887, 'hidden_size': 82, 'dropout': 0.30878128833853435, 'hidden_continuous_size': 75, 'attention_head_size': 2, 'learning_rate': 0.03173122058567649}. Best is trial 3 with value: 166.89427185058594.
LOCAL_RANK: 0 - CUDA_VISIBLE_DEVICES: [0]
[I 2023-12-16 05:29:58,805] Trial 8 finished with value: 380.3031311035156 and parameters: {'gradient_clip_val': 0.18873738507667712, 'hidden_size': 73, 'dropout': 0.37986680263651285, 'hidden_continuous_size': 33, 'attention_head_size': 2, 'learning_rate': 0.022216314229555955}. Best is trial 3 with value: 166.89427185058594.
LOCAL_RANK: 0 - CUDA_VISIBLE_DEVICES: [0]
[I 2023-12-16 05:30:43,789] Trial 9 finished with value: 409.58154296875 and parameters: {'gradient_clip_val': 0.6165534682103283, 'hidden_size': 7, 'dropout': 0.2844070851416765, 'hidden_continuous_size': 6, 'attention_head_size': 3, 'learning_rate': 0.055252185797515584}. Best is trial 3 with value: 166.89427185058594.
LOCAL_RANK: 0 - CUDA_VISIBLE_DEVICES: [0]
[I 2023-12-16 05:31:36,176] Trial 10 finished with value: 956.796875 and parameters: {'gradient_clip_val': 0.9100857123662989, 'hidden_size': 39, 'dropout': 0.3781122062029771, 'hidden_continuous_size': 16, 'attention_head_size': 3, 'learning_rate': 0.005866364180986586}. Best is trial 3 with value: 166.89427185058594.
LOCAL_RANK: 0 - CUDA_VISIBLE_DEVICES: [0]
[I 2023-12-16 05:32:29,331] Trial 11 finished with value: 782.73486328125 and parameters: {'gradient_clip_val': 0.8621481584446502, 'hidden_size': 49, 'dropout': 0.23377776105258957, 'hidden_continuous_size': 44, 'attention_head_size': 2, 'learning_rate': 0.006867443170927636}. Best is trial 3 with value: 166.89427185058594.
LOCAL_RANK: 0 - CUDA_VISIBLE_DEVICES: [0]
[I 2023-12-16 05:33:26,787] Trial 12 finished with value: 1057.337646484375 and parameters: {'gradient_clip_val': 0.4830913809947164, 'hidden_size': 98, 'dropout': 0.39785235909419725, 'hidden_continuous_size': 86, 'attention_head_size': 2, 'learning_rate': 0.013626383546184683}. Best is trial 3 with value: 166.89427185058594.
LOCAL_RANK: 0 - CUDA_VISIBLE_DEVICES: [0]
[I 2023-12-16 05:34:18,900] Trial 13 finished with value: 1472.5531005859375 and parameters: {'gradient_clip_val': 0.10874627161676846, 'hidden_size': 48, 'dropout': 0.23911894047610985, 'hidden_continuous_size': 18, 'attention_head_size': 3, 'learning_rate': 0.0873659772395672}. Best is trial 3 with value: 166.89427185058594.
LOCAL_RANK: 0 - CUDA_VISIBLE_DEVICES: [0]
[I 2023-12-16 05:35:08,040] Trial 14 finished with value: 385.3697204589844 and parameters: {'gradient_clip_val': 0.67146874510724, 'hidden_size': 34, 'dropout': 0.3511192179812953, 'hidden_continuous_size': 9, 'attention_head_size': 2, 'learning_rate': 0.011132031895263237}. Best is trial 3 with value: 166.89427185058594.
LOCAL_RANK: 0 - CUDA_VISIBLE_DEVICES: [0]
[I 2023-12-16 05:36:01,657] Trial 15 finished with value: 577.7219848632812 and parameters: {'gradient_clip_val': 0.3649990198126082, 'hidden_size': 67, 'dropout': 0.3494110156911973, 'hidden_continuous_size': 20, 'attention_head_size': 3, 'learning_rate': 0.0032990162065297452}. Best is trial 3 with value: 166.89427185058594.
LOCAL_RANK: 0 - CUDA_VISIBLE_DEVICES: [0]
[I 2023-12-16 05:36:55,289] Trial 16 finished with value: 364.5940856933594 and parameters: {'gradient_clip_val': 0.2007569390476235, 'hidden_size': 62, 'dropout': 0.271178296616186, 'hidden_continuous_size': 52, 'attention_head_size': 1, 'learning_rate': 0.01432469400892615}. Best is trial 3 with value: 166.89427185058594.
LOCAL_RANK: 0 - CUDA_VISIBLE_DEVICES: [0]
[I 2023-12-16 05:37:46,073] Trial 17 finished with value: 587.9774780273438 and parameters: {'gradient_clip_val': 0.14603688563990802, 'hidden_size': 37, 'dropout': 0.33703924420792614, 'hidden_continuous_size': 13, 'attention_head_size': 2, 'learning_rate': 0.0005429441000910923}. Best is trial 3 with value: 166.89427185058594.
LOCAL_RANK: 0 - CUDA_VISIBLE_DEVICES: [0]
[I 2023-12-16 05:38:42,768] Trial 18 finished with value: 498.1529846191406 and parameters: {'gradient_clip_val': 0.9730052718974908, 'hidden_size': 96, 'dropout': 0.26484996208522993, 'hidden_continuous_size': 76, 'attention_head_size': 3, 'learning_rate': 0.03435205807429556}. Best is trial 3 with value: 166.89427185058594.
LOCAL_RANK: 0 - CUDA_VISIBLE_DEVICES: [0]
[I 2023-12-16 05:39:31,388] Trial 19 finished with value: 763.8742065429688 and parameters: {'gradient_clip_val': 0.23477377257113774, 'hidden_size': 30, 'dropout': 0.22376546630745997, 'hidden_continuous_size': 15, 'attention_head_size': 1, 'learning_rate': 0.09962406191214841}. Best is trial 3 with value: 166.89427185058594.
LOCAL_RANK: 0 - CUDA_VISIBLE_DEVICES: [0]
[I 2023-12-16 05:40:23,682] Trial 20 finished with value: 666.8507690429688 and parameters: {'gradient_clip_val': 0.324504268295543, 'hidden_size': 56, 'dropout': 0.33626525992767886, 'hidden_continuous_size': 22, 'attention_head_size': 2, 'learning_rate': 0.003820843974601427}. Best is trial 3 with value: 166.89427185058594.
LOCAL_RANK: 0 - CUDA_VISIBLE_DEVICES: [0]
[I 2023-12-16 05:41:17,963] Trial 21 finished with value: 462.5636291503906 and parameters: {'gradient_clip_val': 0.19439137537592133, 'hidden_size': 66, 'dropout': 0.2829199083842653, 'hidden_continuous_size': 57, 'attention_head_size': 1, 'learning_rate': 0.015011151080563421}. Best is trial 3 with value: 166.89427185058594.
LOCAL_RANK: 0 - CUDA_VISIBLE_DEVICES: [0]
[I 2023-12-16 05:42:12,747] Trial 22 finished with value: 533.7633666992188 and parameters: {'gradient_clip_val': 0.1617512081189679, 'hidden_size': 75, 'dropout': 0.26646081399647753, 'hidden_continuous_size': 56, 'attention_head_size': 1, 'learning_rate': 0.009053014125784197}. Best is trial 3 with value: 166.89427185058594.
LOCAL_RANK: 0 - CUDA_VISIBLE_DEVICES: [0]
[I 2023-12-16 05:43:05,576] Trial 23 finished with value: 190.84532165527344 and parameters: {'gradient_clip_val': 0.22257597418680872, 'hidden_size': 51, 'dropout': 0.3219217869396664, 'hidden_continuous_size': 25, 'attention_head_size': 2, 'learning_rate': 0.016919872022691608}. Best is trial 3 with value: 166.89427185058594.
LOCAL_RANK: 0 - CUDA_VISIBLE_DEVICES: [0]
[I 2023-12-16 05:43:58,452] Trial 24 finished with value: 800.9150390625 and parameters: {'gradient_clip_val': 0.2373943264504052, 'hidden_size': 50, 'dropout': 0.3156985317538946, 'hidden_continuous_size': 27, 'attention_head_size': 2, 'learning_rate': 0.0211887332248357}. Best is trial 3 with value: 166.89427185058594.
LOCAL_RANK: 0 - CUDA_VISIBLE_DEVICES: [0]
[I 2023-12-16 05:44:52,579] Trial 25 finished with value: 1104.4752197265625 and parameters: {'gradient_clip_val': 0.30667550134096433, 'hidden_size': 80, 'dropout': 0.36091756786835655, 'hidden_continuous_size': 38, 'attention_head_size': 2, 'learning_rate': 0.039295431833140756}. Best is trial 3 with value: 166.89427185058594.
LOCAL_RANK: 0 - CUDA_VISIBLE_DEVICES: [0]
[I 2023-12-16 05:45:50,740] Trial 26 finished with value: 618.7994384765625 and parameters: {'gradient_clip_val': 0.1402980879879121, 'hidden_size': 98, 'dropout': 0.3270385115198878, 'hidden_continuous_size': 95, 'attention_head_size': 3, 'learning_rate': 0.009389075730863106}. Best is trial 3 with value: 166.89427185058594.
LOCAL_RANK: 0 - CUDA_VISIBLE_DEVICES: [0]
[I 2023-12-16 05:46:43,588] Trial 27 finished with value: 1762.30419921875 and parameters: {'gradient_clip_val': 0.22103417195401298, 'hidden_size': 58, 'dropout': 0.35931536233167305, 'hidden_continuous_size': 23, 'attention_head_size': 2, 'learning_rate': 0.018215153930356193}. Best is trial 3 with value: 166.89427185058594.
LOCAL_RANK: 0 - CUDA_VISIBLE_DEVICES: [0]
[I 2023-12-16 05:47:37,743] Trial 28 finished with value: 823.6901245117188 and parameters: {'gradient_clip_val': 0.27226070505675853, 'hidden_size': 78, 'dropout': 0.29658678948099165, 'hidden_continuous_size': 28, 'attention_head_size': 2, 'learning_rate': 0.027860039920312645}. Best is trial 3 with value: 166.89427185058594.
LOCAL_RANK: 0 - CUDA_VISIBLE_DEVICES: [0]
[I 2023-12-16 05:48:32,603] Trial 29 finished with value: 1373.7396240234375 and parameters: {'gradient_clip_val': 0.16172594958695993, 'hidden_size': 81, 'dropout': 0.3364273195161708, 'hidden_continuous_size': 33, 'attention_head_size': 3, 'learning_rate': 0.027286385301390298}. Best is trial 3 with value: 166.89427185058594.
LOCAL_RANK: 0 - CUDA_VISIBLE_DEVICES: [0]
[I 2023-12-16 05:49:24,931] Trial 30 finished with value: 2000.9625244140625 and parameters: {'gradient_clip_val': 0.4313075277574913, 'hidden_size': 46, 'dropout': 0.39859665456236615, 'hidden_continuous_size': 27, 'attention_head_size': 1, 'learning_rate': 0.011509545315834402}. Best is trial 3 with value: 166.89427185058594.
LOCAL_RANK: 0 - CUDA_VISIBLE_DEVICES: [0]
[I 2023-12-16 05:50:18,227] Trial 31 finished with value: 457.6441955566406 and parameters: {'gradient_clip_val': 0.20906267404686044, 'hidden_size': 64, 'dropout': 0.2584035235891714, 'hidden_continuous_size': 42, 'attention_head_size': 1, 'learning_rate': 0.014300376911605036}. Best is trial 3 with value: 166.89427185058594.
LOCAL_RANK: 0 - CUDA_VISIBLE_DEVICES: [0]
[I 2023-12-16 05:51:10,689] Trial 32 finished with value: 382.700927734375 and parameters: {'gradient_clip_val': 0.24509979754431874, 'hidden_size': 58, 'dropout': 0.32847122547368396, 'hidden_continuous_size': 22, 'attention_head_size': 1, 'learning_rate': 0.016994842092394092}. Best is trial 3 with value: 166.89427185058594.
LOCAL_RANK: 0 - CUDA_VISIBLE_DEVICES: [0]
[I 2023-12-16 05:52:06,620] Trial 33 finished with value: 885.2239379882812 and parameters: {'gradient_clip_val': 0.12454340354816872, 'hidden_size': 86, 'dropout': 0.3092412653059654, 'hidden_continuous_size': 64, 'attention_head_size': 2, 'learning_rate': 0.034894742058168296}. Best is trial 3 with value: 166.89427185058594.
LOCAL_RANK: 0 - CUDA_VISIBLE_DEVICES: [0]
[I 2023-12-16 05:53:01,403] Trial 34 finished with value: 742.31982421875 and parameters: {'gradient_clip_val': 0.16933395541985513, 'hidden_size': 63, 'dropout': 0.27889436165540393, 'hidden_continuous_size': 48, 'attention_head_size': 4, 'learning_rate': 0.041111428433647}. Best is trial 3 with value: 166.89427185058594.
LOCAL_RANK: 0 - CUDA_VISIBLE_DEVICES: [0]
[I 2023-12-16 05:53:50,732] Trial 35 finished with value: 632.5761108398438 and parameters: {'gradient_clip_val': 0.20944585244694902, 'hidden_size': 28, 'dropout': 0.31807919155283465, 'hidden_continuous_size': 24, 'attention_head_size': 1, 'learning_rate': 0.02148874900567953}. Best is trial 3 with value: 166.89427185058594.
LOCAL_RANK: 0 - CUDA_VISIBLE_DEVICES: [0]
[I 2023-12-16 05:54:47,460] Trial 36 finished with value: 404.828369140625 and parameters: {'gradient_clip_val': 0.18196523111066432, 'hidden_size': 100, 'dropout': 0.2975259798552127, 'hidden_continuous_size': 70, 'attention_head_size': 2, 'learning_rate': 0.05267565170737312}. Best is trial 3 with value: 166.89427185058594.
LOCAL_RANK: 0 - CUDA_VISIBLE_DEVICES: [0]
[I 2023-12-16 05:55:40,605] Trial 37 finished with value: 751.6294555664062 and parameters: {'gradient_clip_val': 0.2815432706521717, 'hidden_size': 43, 'dropout': 0.21828183747472357, 'hidden_continuous_size': 33, 'attention_head_size': 2, 'learning_rate': 0.008539724065041648}. Best is trial 3 with value: 166.89427185058594.
LOCAL_RANK: 0 - CUDA_VISIBLE_DEVICES: [0]
[I 2023-12-16 05:56:34,560] Trial 38 finished with value: 1287.5284423828125 and parameters: {'gradient_clip_val': 0.21514835524803402, 'hidden_size': 72, 'dropout': 0.31102524301439927, 'hidden_continuous_size': 53, 'attention_head_size': 1, 'learning_rate': 0.026951827767335852}. Best is trial 3 with value: 166.89427185058594.
LOCAL_RANK: 0 - CUDA_VISIBLE_DEVICES: [0]
[I 2023-12-16 05:57:28,762] Trial 39 finished with value: 331.7035827636719 and parameters: {'gradient_clip_val': 0.26098594613482495, 'hidden_size': 55, 'dropout': 0.2975657594153237, 'hidden_continuous_size': 39, 'attention_head_size': 4, 'learning_rate': 0.015872642809446384}. Best is trial 3 with value: 166.89427185058594.
LOCAL_RANK: 0 - CUDA_VISIBLE_DEVICES: [0]
[I 2023-12-16 05:58:22,013] Trial 40 finished with value: 971.084228515625 and parameters: {'gradient_clip_val': 0.2521567857532833, 'hidden_size': 41, 'dropout': 0.29317420600930805, 'hidden_continuous_size': 32, 'attention_head_size': 4, 'learning_rate': 0.019222435889130043}. Best is trial 3 with value: 166.89427185058594.
LOCAL_RANK: 0 - CUDA_VISIBLE_DEVICES: [0]
