[I 2023-12-27 11:29:31,496] Trial 47 finished with value: 1411.3314208984375 and parameters: {'gradient_clip_val': 0.4029749918424729, 'hidden_size': 82, 'dropout': 0.4757279148339893, 'hidden_continuous_size': 15, 'attention_head_size': 4, 'learning_rate': 0.002824999887907807}. Best is trial 0 with value: 211.2495574951172.
[I 2023-12-27 11:29:31,943] Trial 48 finished with value: 1715.0091552734375 and parameters: {'gradient_clip_val': 0.5894415509193643, 'hidden_size': 60, 'dropout': 0.4992759741301559, 'hidden_continuous_size': 9, 'attention_head_size': 4, 'learning_rate': 0.00652681073278629}. Best is trial 0 with value: 211.2495574951172.
[I 2023-12-27 11:29:32,315] Trial 49 finished with value: 1305.7108154296875 and parameters: {'gradient_clip_val': 0.3486539416740874, 'hidden_size': 25, 'dropout': 0.437295548972653, 'hidden_continuous_size': 8, 'attention_head_size': 1, 'learning_rate': 0.004557235105080946}. Best is trial 0 with value: 211.2495574951172.
[I 2023-12-27 11:29:32,424] A new study created in memory with name: no-name-0ae25d9b-c534-4edc-972b-cc9d2fd50c21
/home/le004/conda/anaconda3/envs/tsff_env/lib/python3.9/site-packages/lightning/fabric/plugins/environments/slurm.py:191: The `srun` command is available on your system but is not used. HINT: If your intention is to run Lightning on SLURM, prepend your python command with `srun` like so: srun python /home/le004/master_thesis/git/TSFusionForecast/code/ ...
[I 2023-12-27 11:30:09,797] Trial 0 finished with value: 0.08019886165857315 and parameters: {'gradient_clip_val': 0.16269045132374652, 'hidden_size': 41, 'dropout': 0.1018645353614375, 'hidden_continuous_size': 10, 'attention_head_size': 4, 'learning_rate': 0.006616047449513171}. Best is trial 0 with value: 0.08019886165857315.
[I 2023-12-27 11:30:24,321] Trial 1 finished with value: 0.37472283840179443 and parameters: {'gradient_clip_val': 0.2943754825236754, 'hidden_size': 102, 'dropout': 0.37316131122452856, 'hidden_continuous_size': 43, 'attention_head_size': 3, 'learning_rate': 0.005011680930682962}. Best is trial 0 with value: 0.08019886165857315.
[I 2023-12-27 11:30:24,756] Trial 2 finished with value: 3.2606632709503174 and parameters: {'gradient_clip_val': 0.2320891686857928, 'hidden_size': 96, 'dropout': 0.2555208468690102, 'hidden_continuous_size': 6, 'attention_head_size': 3, 'learning_rate': 0.0011407996684585876}. Best is trial 0 with value: 0.08019886165857315.
[I 2023-12-27 11:30:25,285] Trial 3 finished with value: 4.662027359008789 and parameters: {'gradient_clip_val': 0.2646142069873994, 'hidden_size': 133, 'dropout': 0.332524267199853, 'hidden_continuous_size': 28, 'attention_head_size': 4, 'learning_rate': 0.02881479853309133}. Best is trial 0 with value: 0.08019886165857315.
[I 2023-12-27 11:30:25,652] Trial 4 finished with value: 3.113126754760742 and parameters: {'gradient_clip_val': 0.22067225753392375, 'hidden_size': 31, 'dropout': 0.1370463130170903, 'hidden_continuous_size': 19, 'attention_head_size': 1, 'learning_rate': 0.05701893134606917}. Best is trial 0 with value: 0.08019886165857315.
[I 2023-12-27 11:30:26,054] Trial 5 finished with value: 3.369006872177124 and parameters: {'gradient_clip_val': 0.10254416594134648, 'hidden_size': 65, 'dropout': 0.4316728463210674, 'hidden_continuous_size': 20, 'attention_head_size': 3, 'learning_rate': 0.000626561606733397}. Best is trial 0 with value: 0.08019886165857315.
[I 2023-12-27 11:30:26,393] Trial 6 finished with value: 4.4773335456848145 and parameters: {'gradient_clip_val': 0.12906345498147623, 'hidden_size': 7, 'dropout': 0.3176426923822725, 'hidden_continuous_size': 5, 'attention_head_size': 3, 'learning_rate': 0.002718940132889346}. Best is trial 0 with value: 0.08019886165857315.
[I 2023-12-27 11:30:26,759] Trial 7 finished with value: 3.6828644275665283 and parameters: {'gradient_clip_val': 0.4927222088761012, 'hidden_size': 35, 'dropout': 0.2865536975951767, 'hidden_continuous_size': 26, 'attention_head_size': 3, 'learning_rate': 0.0010320531217049265}. Best is trial 0 with value: 0.08019886165857315.
[I 2023-12-27 11:30:27,106] Trial 8 finished with value: 3.6259753704071045 and parameters: {'gradient_clip_val': 0.19165445611382273, 'hidden_size': 14, 'dropout': 0.3306259747497521, 'hidden_continuous_size': 5, 'attention_head_size': 4, 'learning_rate': 0.0007989804313634264}. Best is trial 0 with value: 0.08019886165857315.
[I 2023-12-27 11:30:27,431] Trial 9 finished with value: 2.9709103107452393 and parameters: {'gradient_clip_val': 0.18933898411355427, 'hidden_size': 6, 'dropout': 0.18882442598850369, 'hidden_continuous_size': 5, 'attention_head_size': 1, 'learning_rate': 0.023705538599669236}. Best is trial 0 with value: 0.08019886165857315.
[I 2023-12-27 11:30:27,833] Trial 10 finished with value: 4.023832321166992 and parameters: {'gradient_clip_val': 0.6910899624307416, 'hidden_size': 51, 'dropout': 0.11021468181083632, 'hidden_continuous_size': 11, 'attention_head_size': 2, 'learning_rate': 0.011012387408968455}. Best is trial 0 with value: 0.08019886165857315.
[I 2023-12-27 11:30:28,511] Trial 11 finished with value: 2.4243552684783936 and parameters: {'gradient_clip_val': 0.4105778019284774, 'hidden_size': 77, 'dropout': 0.42497486651895106, 'hidden_continuous_size': 57, 'attention_head_size': 4, 'learning_rate': 0.0051466912909490245}. Best is trial 0 with value: 0.08019886165857315.
[I 2023-12-27 11:30:29,144] Trial 12 finished with value: 3.284573793411255 and parameters: {'gradient_clip_val': 0.3461494726505098, 'hidden_size': 139, 'dropout': 0.20442347357719085, 'hidden_continuous_size': 117, 'attention_head_size': 2, 'learning_rate': 0.004969080690452003}. Best is trial 0 with value: 0.08019886165857315.
[I 2023-12-27 11:30:29,546] Trial 13 finished with value: 2.807727098464966 and parameters: {'gradient_clip_val': 0.14499919250774423, 'hidden_size': 48, 'dropout': 0.4916298414501386, 'hidden_continuous_size': 10, 'attention_head_size': 4, 'learning_rate': 0.010052374151084805}. Best is trial 0 with value: 0.08019886165857315.
[I 2023-12-27 11:30:29,910] Trial 14 finished with value: 4.135715007781982 and parameters: {'gradient_clip_val': 0.32794505857119577, 'hidden_size': 20, 'dropout': 0.11312255833863288, 'hidden_continuous_size': 7, 'attention_head_size': 2, 'learning_rate': 0.002460478149707219}. Best is trial 0 with value: 0.08019886165857315.
[I 2023-12-27 11:30:30,360] Trial 15 finished with value: 3.347360372543335 and parameters: {'gradient_clip_val': 0.9835514780131067, 'hidden_size': 81, 'dropout': 0.17266776276316648, 'hidden_continuous_size': 12, 'attention_head_size': 4, 'learning_rate': 0.009375348132678823}. Best is trial 0 with value: 0.08019886165857315.
[I 2023-12-27 11:30:30,761] Trial 16 finished with value: 3.6440603733062744 and parameters: {'gradient_clip_val': 0.16621508766528234, 'hidden_size': 45, 'dropout': 0.23575041831874521, 'hidden_continuous_size': 8, 'attention_head_size': 3, 'learning_rate': 0.0025976842496740213}. Best is trial 0 with value: 0.08019886165857315.
[I 2023-12-27 11:30:31,245] Trial 17 finished with value: 3.512099504470825 and parameters: {'gradient_clip_val': 0.26504280403793395, 'hidden_size': 99, 'dropout': 0.16013286656848083, 'hidden_continuous_size': 40, 'attention_head_size': 4, 'learning_rate': 0.0057268271422636265}. Best is trial 0 with value: 0.08019886165857315.
[I 2023-12-27 11:30:31,617] Trial 18 finished with value: 3.5517971515655518 and parameters: {'gradient_clip_val': 0.1011352427087959, 'hidden_size': 21, 'dropout': 0.3633895067107466, 'hidden_continuous_size': 8, 'attention_head_size': 3, 'learning_rate': 0.016527003497972766}. Best is trial 0 with value: 0.08019886165857315.
[I 2023-12-27 11:30:32,036] Trial 19 finished with value: 5.410014629364014 and parameters: {'gradient_clip_val': 0.1470732051160368, 'hidden_size': 62, 'dropout': 0.27996772694307337, 'hidden_continuous_size': 14, 'attention_head_size': 2, 'learning_rate': 0.07267623236421299}. Best is trial 0 with value: 0.08019886165857315.
[I 2023-12-27 11:30:32,427] Trial 20 finished with value: 4.329927444458008 and parameters: {'gradient_clip_val': 0.2638076680321517, 'hidden_size': 37, 'dropout': 0.22707602162260326, 'hidden_continuous_size': 9, 'attention_head_size': 4, 'learning_rate': 0.0037885190530773803}. Best is trial 0 with value: 0.08019886165857315.
[I 2023-12-27 11:30:32,885] Trial 21 finished with value: 3.6714866161346436 and parameters: {'gradient_clip_val': 0.4183913969586583, 'hidden_size': 75, 'dropout': 0.3846317726613354, 'hidden_continuous_size': 53, 'attention_head_size': 4, 'learning_rate': 0.0066977277666847275}. Best is trial 0 with value: 0.08019886165857315.
[I 2023-12-27 11:30:33,371] Trial 22 finished with value: 3.4019718170166016 and parameters: {'gradient_clip_val': 0.4105989759845969, 'hidden_size': 90, 'dropout': 0.4107730997870437, 'hidden_continuous_size': 56, 'attention_head_size': 4, 'learning_rate': 0.003982715300147276}. Best is trial 0 with value: 0.08019886165857315.
[I 2023-12-27 11:30:33,981] Trial 23 finished with value: 3.4634456634521484 and parameters: {'gradient_clip_val': 0.31294460143366476, 'hidden_size': 149, 'dropout': 0.46028671823676703, 'hidden_continuous_size': 73, 'attention_head_size': 3, 'learning_rate': 0.0018354355197081533}. Best is trial 0 with value: 0.08019886165857315.
[I 2023-12-27 11:30:34,401] Trial 24 finished with value: 4.389156341552734 and parameters: {'gradient_clip_val': 0.5053944602240115, 'hidden_size': 55, 'dropout': 0.36133611214109057, 'hidden_continuous_size': 14, 'attention_head_size': 4, 'learning_rate': 0.0051791890947598266}. Best is trial 0 with value: 0.08019886165857315.
[I 2023-12-27 11:30:35,130] Trial 25 finished with value: 3.8218576908111572 and parameters: {'gradient_clip_val': 0.19715703410264, 'hidden_size': 69, 'dropout': 0.4120578681308851, 'hidden_continuous_size': 30, 'attention_head_size': 3, 'learning_rate': 0.008276016654033175}. Best is trial 0 with value: 0.08019886165857315.
[I 2023-12-27 11:30:35,656] Trial 26 finished with value: 4.243418216705322 and parameters: {'gradient_clip_val': 0.22753441345064848, 'hidden_size': 109, 'dropout': 0.2936811740846075, 'hidden_continuous_size': 37, 'attention_head_size': 4, 'learning_rate': 0.013904485535972576}. Best is trial 0 with value: 0.08019886165857315.
[I 2023-12-27 11:30:36,130] Trial 27 finished with value: 3.7858684062957764 and parameters: {'gradient_clip_val': 0.32148636880885295, 'hidden_size': 79, 'dropout': 0.3658445822934961, 'hidden_continuous_size': 21, 'attention_head_size': 4, 'learning_rate': 0.00708425544576239}. Best is trial 0 with value: 0.08019886165857315.
[I 2023-12-27 11:30:36,639] Trial 28 finished with value: 4.221278190612793 and parameters: {'gradient_clip_val': 0.1697868579118254, 'hidden_size': 111, 'dropout': 0.4414940459650587, 'hidden_continuous_size': 17, 'attention_head_size': 3, 'learning_rate': 0.0016702910173436198}. Best is trial 0 with value: 0.08019886165857315.
[I 2023-12-27 11:30:37,130] Trial 29 finished with value: 3.3159878253936768 and parameters: {'gradient_clip_val': 0.26714986647545785, 'hidden_size': 98, 'dropout': 0.2651035371564259, 'hidden_continuous_size': 23, 'attention_head_size': 3, 'learning_rate': 0.0038172760044292934}. Best is trial 0 with value: 0.08019886165857315.
[I 2023-12-27 11:30:37,532] Trial 30 finished with value: 3.9343483448028564 and parameters: {'gradient_clip_val': 0.22770086087743316, 'hidden_size': 42, 'dropout': 0.2474080409894235, 'hidden_continuous_size': 16, 'attention_head_size': 2, 'learning_rate': 0.0013788294882450308}. Best is trial 0 with value: 0.08019886165857315.
[I 2023-12-27 11:30:37,971] Trial 31 finished with value: 4.470947742462158 and parameters: {'gradient_clip_val': 0.13092219450673673, 'hidden_size': 51, 'dropout': 0.49458083289611376, 'hidden_continuous_size': 11, 'attention_head_size': 4, 'learning_rate': 0.010271675832080898}. Best is trial 0 with value: 0.08019886165857315.
[I 2023-12-27 11:30:38,403] Trial 32 finished with value: 4.098288536071777 and parameters: {'gradient_clip_val': 0.1489749539801143, 'hidden_size': 60, 'dropout': 0.47381842307475336, 'hidden_continuous_size': 6, 'attention_head_size': 4, 'learning_rate': 0.007340534274206812}. Best is trial 0 with value: 0.08019886165857315.
[I 2023-12-27 11:30:38,797] Trial 33 finished with value: 3.924126625061035 and parameters: {'gradient_clip_val': 0.20583721783011352, 'hidden_size': 28, 'dropout': 0.49426712598879025, 'hidden_continuous_size': 9, 'attention_head_size': 4, 'learning_rate': 0.01578737370341703}. Best is trial 0 with value: 0.08019886165857315.
[I 2023-12-27 11:30:39,327] Trial 34 finished with value: 3.707249641418457 and parameters: {'gradient_clip_val': 0.11964766348899386, 'hidden_size': 123, 'dropout': 0.4560661878603802, 'hidden_continuous_size': 30, 'attention_head_size': 4, 'learning_rate': 0.011913778232843173}. Best is trial 0 with value: 0.08019886165857315.
[I 2023-12-27 11:30:39,783] Trial 35 finished with value: 4.101596355438232 and parameters: {'gradient_clip_val': 0.1767274513910084, 'hidden_size': 70, 'dropout': 0.42078872613526475, 'hidden_continuous_size': 19, 'attention_head_size': 1, 'learning_rate': 0.008434626646237226}. Best is trial 0 with value: 0.08019886165857315.
[I 2023-12-27 11:30:40,189] Trial 36 finished with value: 4.704506874084473 and parameters: {'gradient_clip_val': 0.14033930415909718, 'hidden_size': 42, 'dropout': 0.3973277265428559, 'hidden_continuous_size': 12, 'attention_head_size': 3, 'learning_rate': 0.022379095527080922}. Best is trial 0 with value: 0.08019886165857315.
[I 2023-12-27 11:30:40,646] Trial 37 finished with value: 4.576892852783203 and parameters: {'gradient_clip_val': 0.16579040927282224, 'hidden_size': 86, 'dropout': 0.4316817867450464, 'hidden_continuous_size': 10, 'attention_head_size': 3, 'learning_rate': 0.03654367185298401}. Best is trial 0 with value: 0.08019886165857315.
[I 2023-12-27 11:30:41,089] Trial 38 finished with value: 3.7794253826141357 and parameters: {'gradient_clip_val': 0.11388408895356528, 'hidden_size': 62, 'dropout': 0.3104216537122143, 'hidden_continuous_size': 14, 'attention_head_size': 4, 'learning_rate': 0.004683640212518735}. Best is trial 0 with value: 0.08019886165857315.
[I 2023-12-27 11:30:41,849] Trial 39 finished with value: 3.677271604537964 and parameters: {'gradient_clip_val': 0.11468566810692009, 'hidden_size': 116, 'dropout': 0.3341141991775054, 'hidden_continuous_size': 24, 'attention_head_size': 4, 'learning_rate': 0.003202914846418738}. Best is trial 0 with value: 0.08019886165857315.
[I 2023-12-27 11:30:42,246] Trial 40 finished with value: 4.465127468109131 and parameters: {'gradient_clip_val': 0.21193616589995945, 'hidden_size': 36, 'dropout': 0.1465713856783455, 'hidden_continuous_size': 16, 'attention_head_size': 3, 'learning_rate': 0.006740715495671422}. Best is trial 0 with value: 0.08019886165857315.
[I 2023-12-27 11:30:42,582] Trial 41 finished with value: 3.150869131088257 and parameters: {'gradient_clip_val': 0.18796222722090508, 'hidden_size': 5, 'dropout': 0.1295455292123166, 'hidden_continuous_size': 5, 'attention_head_size': 1, 'learning_rate': 0.02174601672935445}. Best is trial 0 with value: 0.08019886165857315.
[I 2023-12-27 11:30:42,957] Trial 42 finished with value: 3.2239437103271484 and parameters: {'gradient_clip_val': 0.15257043919167027, 'hidden_size': 13, 'dropout': 0.1006606177388549, 'hidden_continuous_size': 7, 'attention_head_size': 2, 'learning_rate': 0.011696079078690127}. Best is trial 0 with value: 0.08019886165857315.
[I 2023-12-27 11:30:43,363] Trial 43 finished with value: 3.9767227172851562 and parameters: {'gradient_clip_val': 0.1846214610446108, 'hidden_size': 46, 'dropout': 0.19358852471892515, 'hidden_continuous_size': 6, 'attention_head_size': 1, 'learning_rate': 0.03820810909704266}. Best is trial 0 with value: 0.08019886165857315.
[I 2023-12-27 11:30:43,778] Trial 44 finished with value: 3.551499366760254 and parameters: {'gradient_clip_val': 0.15643187077726117, 'hidden_size': 53, 'dropout': 0.12990226433230376, 'hidden_continuous_size': 5, 'attention_head_size': 1, 'learning_rate': 0.005668760656370605}. Best is trial 0 with value: 0.08019886165857315.
[I 2023-12-27 11:30:44,169] Trial 45 finished with value: 4.231724262237549 and parameters: {'gradient_clip_val': 0.13474253284103782, 'hidden_size': 30, 'dropout': 0.1666859098787925, 'hidden_continuous_size': 10, 'attention_head_size': 2, 'learning_rate': 0.008684143267888442}. Best is trial 0 with value: 0.08019886165857315.
[I 2023-12-27 11:30:44,560] Trial 46 finished with value: 3.314146041870117 and parameters: {'gradient_clip_val': 0.24572947471772372, 'hidden_size': 32, 'dropout': 0.19688687906447133, 'hidden_continuous_size': 13, 'attention_head_size': 4, 'learning_rate': 0.0028507360429092326}. Best is trial 0 with value: 0.08019886165857315.
[I 2023-12-27 11:30:44,939] Trial 47 finished with value: 3.6918296813964844 and parameters: {'gradient_clip_val': 0.20397974899825833, 'hidden_size': 24, 'dropout': 0.21751988450939855, 'hidden_continuous_size': 12, 'attention_head_size': 3, 'learning_rate': 0.009997135872789147}. Best is trial 0 with value: 0.08019886165857315.
[I 2023-12-27 11:30:45,323] Trial 48 finished with value: 3.8157472610473633 and parameters: {'gradient_clip_val': 0.1731408712245071, 'hidden_size': 10, 'dropout': 0.17900704959034283, 'hidden_continuous_size': 6, 'attention_head_size': 4, 'learning_rate': 0.004680872150075253}. Best is trial 0 with value: 0.08019886165857315.
[I 2023-12-27 11:30:45,779] Trial 49 finished with value: 3.2488620281219482 and parameters: {'gradient_clip_val': 0.13825096797892752, 'hidden_size': 75, 'dropout': 0.14496865634608633, 'hidden_continuous_size': 8, 'attention_head_size': 1, 'learning_rate': 0.005942132364821754}. Best is trial 0 with value: 0.08019886165857315.
[I 2023-12-27 11:30:45,890] A new study created in memory with name: no-name-cfe88a4f-ad84-40ff-bdf5-de9417f196b2
/home/le004/conda/anaconda3/envs/tsff_env/lib/python3.9/site-packages/lightning/fabric/plugins/environments/slurm.py:191: The `srun` command is available on your system but is not used. HINT: If your intention is to run Lightning on SLURM, prepend your python command with `srun` like so: srun python /home/le004/master_thesis/git/TSFusionForecast/code/ ...
[I 2023-12-27 11:31:29,294] Trial 0 finished with value: 0.10704434663057327 and parameters: {'gradient_clip_val': 0.20683836733054906, 'hidden_size': 103, 'dropout': 0.20552991796110898, 'hidden_continuous_size': 22, 'attention_head_size': 4, 'learning_rate': 0.013083426408724716}. Best is trial 0 with value: 0.10704434663057327.
[I 2023-12-27 11:31:29,625] Trial 1 finished with value: 3.2373952865600586 and parameters: {'gradient_clip_val': 0.5972159855906046, 'hidden_size': 16, 'dropout': 0.43294573040569473, 'hidden_continuous_size': 8, 'attention_head_size': 2, 'learning_rate': 0.005756793967570346}. Best is trial 0 with value: 0.10704434663057327.
[I 2023-12-27 11:31:30,086] Trial 2 finished with value: 3.7342164516448975 and parameters: {'gradient_clip_val': 0.41935555203607816, 'hidden_size': 101, 'dropout': 0.22772812974230627, 'hidden_continuous_size': 11, 'attention_head_size': 4, 'learning_rate': 0.008577329505910317}. Best is trial 0 with value: 0.10704434663057327.
[I 2023-12-27 11:31:30,425] Trial 3 finished with value: 3.524991989135742 and parameters: {'gradient_clip_val': 0.1919931149808392, 'hidden_size': 6, 'dropout': 0.13848673561719171, 'hidden_continuous_size': 5, 'attention_head_size': 3, 'learning_rate': 0.0020110264764193813}. Best is trial 0 with value: 0.10704434663057327.
[I 2023-12-27 11:31:30,802] Trial 4 finished with value: 3.2376868724823 and parameters: {'gradient_clip_val': 0.21379865413978216, 'hidden_size': 44, 'dropout': 0.499111996086126, 'hidden_continuous_size': 24, 'attention_head_size': 3, 'learning_rate': 0.07464371732398793}. Best is trial 0 with value: 0.10704434663057327.
[I 2023-12-27 11:31:31,109] Trial 5 finished with value: 3.639685869216919 and parameters: {'gradient_clip_val': 0.8160495660540432, 'hidden_size': 7, 'dropout': 0.31701599779142287, 'hidden_continuous_size': 7, 'attention_head_size': 1, 'learning_rate': 0.0175203835553988}. Best is trial 0 with value: 0.10704434663057327.
[I 2023-12-27 11:31:31,666] Trial 6 finished with value: 3.4945156574249268 and parameters: {'gradient_clip_val': 0.3726185213858741, 'hidden_size': 150, 'dropout': 0.3976920651442851, 'hidden_continuous_size': 11, 'attention_head_size': 1, 'learning_rate': 0.002521052060688244}. Best is trial 0 with value: 0.10704434663057327.
[I 2023-12-27 11:31:32,000] Trial 7 finished with value: 3.7061245441436768 and parameters: {'gradient_clip_val': 0.3658042037253886, 'hidden_size': 16, 'dropout': 0.47873122864967343, 'hidden_continuous_size': 13, 'attention_head_size': 2, 'learning_rate': 0.015135972878582144}. Best is trial 0 with value: 0.10704434663057327.
[I 2023-12-27 11:31:32,349] Trial 8 finished with value: 4.5857625007629395 and parameters: {'gradient_clip_val': 0.26871616953439525, 'hidden_size': 7, 'dropout': 0.4621617422759462, 'hidden_continuous_size': 5, 'attention_head_size': 4, 'learning_rate': 0.07842591228768175}. Best is trial 0 with value: 0.10704434663057327.
[I 2023-12-27 11:31:32,919] Trial 9 finished with value: 2.7383158206939697 and parameters: {'gradient_clip_val': 0.16779388890992034, 'hidden_size': 147, 'dropout': 0.4938490878345164, 'hidden_continuous_size': 11, 'attention_head_size': 2, 'learning_rate': 0.0007097736289269707}. Best is trial 0 with value: 0.10704434663057327.
