[I 2023-12-26 13:48:19,464] Trial 30 finished with value: 48.035064697265625 and parameters: {'gradient_clip_val': 0.253316042843676, 'hidden_size': 39, 'dropout': 0.3710784069991594, 'hidden_continuous_size': 18, 'attention_head_size': 2, 'learning_rate': 0.037668923060767946}. Best is trial 8 with value: 28.83265495300293.
[I 2023-12-26 13:48:33,180] Trial 31 finished with value: 37.620174407958984 and parameters: {'gradient_clip_val': 0.12345143506696478, 'hidden_size': 146, 'dropout': 0.467487576231828, 'hidden_continuous_size': 143, 'attention_head_size': 2, 'learning_rate': 0.09792451625014159}. Best is trial 8 with value: 28.83265495300293.
[I 2023-12-26 13:48:42,577] Trial 32 finished with value: 37.792938232421875 and parameters: {'gradient_clip_val': 0.11696055362239526, 'hidden_size': 115, 'dropout': 0.4293841542061665, 'hidden_continuous_size': 35, 'attention_head_size': 2, 'learning_rate': 0.0744953188408924}. Best is trial 8 with value: 28.83265495300293.
[I 2023-12-26 13:48:50,280] Trial 33 finished with value: 47.66981506347656 and parameters: {'gradient_clip_val': 0.21631698488978954, 'hidden_size': 90, 'dropout': 0.4678603471202828, 'hidden_continuous_size': 35, 'attention_head_size': 2, 'learning_rate': 0.07442376175611086}. Best is trial 8 with value: 28.83265495300293.
[I 2023-12-26 13:49:01,375] Trial 34 finished with value: 38.61027526855469 and parameters: {'gradient_clip_val': 0.10103187443927424, 'hidden_size': 124, 'dropout': 0.41704232971493005, 'hidden_continuous_size': 80, 'attention_head_size': 3, 'learning_rate': 0.045733105344672106}. Best is trial 8 with value: 28.83265495300293.
[I 2023-12-26 13:49:10,638] Trial 35 finished with value: 26.184968948364258 and parameters: {'gradient_clip_val': 0.1481118579284111, 'hidden_size': 112, 'dropout': 0.4581445414987212, 'hidden_continuous_size': 66, 'attention_head_size': 1, 'learning_rate': 0.09680693998063805}. Best is trial 35 with value: 26.184968948364258.
[I 2023-12-26 13:49:19,784] Trial 36 finished with value: 27.038284301757812 and parameters: {'gradient_clip_val': 0.14184257716814164, 'hidden_size': 103, 'dropout': 0.4143070433783009, 'hidden_continuous_size': 68, 'attention_head_size': 1, 'learning_rate': 0.06196864061155735}. Best is trial 35 with value: 26.184968948364258.
[I 2023-12-26 13:49:28,837] Trial 37 finished with value: 45.10111618041992 and parameters: {'gradient_clip_val': 0.1541109072709177, 'hidden_size': 102, 'dropout': 0.4174591215989915, 'hidden_continuous_size': 70, 'attention_head_size': 1, 'learning_rate': 0.04581244190218308}. Best is trial 35 with value: 26.184968948364258.
[I 2023-12-26 13:49:37,181] Trial 38 finished with value: 66.66273498535156 and parameters: {'gradient_clip_val': 0.20482367043519187, 'hidden_size': 97, 'dropout': 0.4474114859939649, 'hidden_continuous_size': 58, 'attention_head_size': 1, 'learning_rate': 0.009016716558367712}. Best is trial 35 with value: 26.184968948364258.
[I 2023-12-26 13:49:47,866] Trial 39 finished with value: 37.99339294433594 and parameters: {'gradient_clip_val': 0.1821263248624014, 'hidden_size': 122, 'dropout': 0.4636764525391332, 'hidden_continuous_size': 87, 'attention_head_size': 1, 'learning_rate': 0.034142756658645614}. Best is trial 35 with value: 26.184968948364258.
[I 2023-12-26 13:49:55,234] Trial 40 finished with value: 28.765344619750977 and parameters: {'gradient_clip_val': 0.24185374048218755, 'hidden_size': 82, 'dropout': 0.4022407844702889, 'hidden_continuous_size': 49, 'attention_head_size': 1, 'learning_rate': 0.06147583748551101}. Best is trial 35 with value: 26.184968948364258.
[I 2023-12-26 13:50:02,412] Trial 41 finished with value: 38.8497200012207 and parameters: {'gradient_clip_val': 0.24573220267616294, 'hidden_size': 81, 'dropout': 0.4123211561943527, 'hidden_continuous_size': 50, 'attention_head_size': 1, 'learning_rate': 0.06367418663658254}. Best is trial 35 with value: 26.184968948364258.
[I 2023-12-26 13:50:11,993] Trial 42 finished with value: 36.674625396728516 and parameters: {'gradient_clip_val': 0.20563962583759898, 'hidden_size': 107, 'dropout': 0.3932242000830351, 'hidden_continuous_size': 66, 'attention_head_size': 1, 'learning_rate': 0.06558397850912948}. Best is trial 35 with value: 26.184968948364258.
[I 2023-12-26 13:50:17,153] Trial 43 finished with value: 48.58749008178711 and parameters: {'gradient_clip_val': 0.2332157487000231, 'hidden_size': 57, 'dropout': 0.4268958171122928, 'hidden_continuous_size': 44, 'attention_head_size': 1, 'learning_rate': 0.0240239179856118}. Best is trial 35 with value: 26.184968948364258.
[I 2023-12-26 13:50:28,062] Trial 44 finished with value: 29.08130645751953 and parameters: {'gradient_clip_val': 0.1728584831312457, 'hidden_size': 124, 'dropout': 0.44768185663283633, 'hidden_continuous_size': 83, 'attention_head_size': 1, 'learning_rate': 0.07275324195914026}. Best is trial 35 with value: 26.184968948364258.
[I 2023-12-26 13:50:34,825] Trial 45 finished with value: 53.84040451049805 and parameters: {'gradient_clip_val': 0.1462421907237796, 'hidden_size': 78, 'dropout': 0.48254793063297374, 'hidden_continuous_size': 57, 'attention_head_size': 1, 'learning_rate': 0.037176339308028154}. Best is trial 35 with value: 26.184968948364258.
[I 2023-12-26 13:50:46,150] Trial 46 finished with value: 32.44784164428711 and parameters: {'gradient_clip_val': 0.16838852321220155, 'hidden_size': 128, 'dropout': 0.4319252847780043, 'hidden_continuous_size': 73, 'attention_head_size': 1, 'learning_rate': 0.07124698954933105}. Best is trial 35 with value: 26.184968948364258.
[I 2023-12-26 13:50:52,805] Trial 47 finished with value: 30.974624633789062 and parameters: {'gradient_clip_val': 0.14714669523545795, 'hidden_size': 71, 'dropout': 0.37586189990335905, 'hidden_continuous_size': 54, 'attention_head_size': 4, 'learning_rate': 0.0427073211575931}. Best is trial 35 with value: 26.184968948364258.
[I 2023-12-26 13:51:01,502] Trial 48 finished with value: 46.63308334350586 and parameters: {'gradient_clip_val': 0.13018044038164492, 'hidden_size': 95, 'dropout': 0.40513941228087347, 'hidden_continuous_size': 62, 'attention_head_size': 1, 'learning_rate': 0.054482603093870534}. Best is trial 35 with value: 26.184968948364258.
[I 2023-12-26 13:51:10,764] Trial 49 finished with value: 48.22163009643555 and parameters: {'gradient_clip_val': 0.17047251934716134, 'hidden_size': 105, 'dropout': 0.4742117944040943, 'hidden_continuous_size': 44, 'attention_head_size': 1, 'learning_rate': 0.02718978679128555}. Best is trial 35 with value: 26.184968948364258.
[I 2023-12-26 13:51:10,923] A new study created in memory with name: no-name-c3d41441-e27c-44f4-89d4-6b623897df43
/home/le004/conda/anaconda3/envs/tsff_env/lib/python3.9/site-packages/lightning/fabric/plugins/environments/slurm.py:191: The `srun` command is available on your system but is not used. HINT: If your intention is to run Lightning on SLURM, prepend your python command with `srun` like so: srun python /home/le004/master_thesis/git/TSFusionForecast/code/ ...
[I 2023-12-26 13:57:17,473] Trial 0 finished with value: 0.07550220936536789 and parameters: {'gradient_clip_val': 0.960463945513468, 'hidden_size': 14, 'dropout': 0.11384351756209826, 'hidden_continuous_size': 6, 'attention_head_size': 4, 'learning_rate': 0.0020225838591662504}. Best is trial 0 with value: 0.07550220936536789.
[I 2023-12-26 13:58:45,779] Trial 1 finished with value: 0.8144790530204773 and parameters: {'gradient_clip_val': 0.21107979408886873, 'hidden_size': 10, 'dropout': 0.45774419424738366, 'hidden_continuous_size': 8, 'attention_head_size': 2, 'learning_rate': 0.0025702907781986494}. Best is trial 0 with value: 0.07550220936536789.
[I 2023-12-26 13:58:48,404] Trial 2 finished with value: 5.824801921844482 and parameters: {'gradient_clip_val': 0.1341373701822636, 'hidden_size': 17, 'dropout': 0.3345559883206555, 'hidden_continuous_size': 5, 'attention_head_size': 2, 'learning_rate': 0.01927749718771337}. Best is trial 0 with value: 0.07550220936536789.
[I 2023-12-26 13:58:50,566] Trial 3 finished with value: 3.5928518772125244 and parameters: {'gradient_clip_val': 0.1717386250374006, 'hidden_size': 6, 'dropout': 0.16845026606258323, 'hidden_continuous_size': 6, 'attention_head_size': 3, 'learning_rate': 0.0682683632880641}. Best is trial 0 with value: 0.07550220936536789.
[I 2023-12-26 13:58:52,985] Trial 4 finished with value: 5.639127731323242 and parameters: {'gradient_clip_val': 0.5959052214274965, 'hidden_size': 11, 'dropout': 0.2940108369579232, 'hidden_continuous_size': 6, 'attention_head_size': 2, 'learning_rate': 0.0008207563171348797}. Best is trial 0 with value: 0.07550220936536789.
[I 2023-12-26 13:58:56,083] Trial 5 finished with value: 5.326220989227295 and parameters: {'gradient_clip_val': 0.33357034153319826, 'hidden_size': 29, 'dropout': 0.15387774117251907, 'hidden_continuous_size': 7, 'attention_head_size': 1, 'learning_rate': 0.0232016511129559}. Best is trial 0 with value: 0.07550220936536789.
[I 2023-12-26 13:58:58,789] Trial 6 finished with value: 6.4552154541015625 and parameters: {'gradient_clip_val': 0.32615020100258435, 'hidden_size': 19, 'dropout': 0.15753578985380323, 'hidden_continuous_size': 6, 'attention_head_size': 4, 'learning_rate': 0.0008528620334007301}. Best is trial 0 with value: 0.07550220936536789.
[I 2023-12-26 13:59:04,141] Trial 7 finished with value: 3.9508159160614014 and parameters: {'gradient_clip_val': 0.30823470790212604, 'hidden_size': 60, 'dropout': 0.26331464758603307, 'hidden_continuous_size': 24, 'attention_head_size': 4, 'learning_rate': 0.046507608082090236}. Best is trial 0 with value: 0.07550220936536789.
[I 2023-12-26 13:59:06,911] Trial 8 finished with value: 4.134562969207764 and parameters: {'gradient_clip_val': 0.10903590899181223, 'hidden_size': 22, 'dropout': 0.33071421170781123, 'hidden_continuous_size': 17, 'attention_head_size': 1, 'learning_rate': 0.03591315658494056}. Best is trial 0 with value: 0.07550220936536789.
[I 2023-12-26 13:59:14,165] Trial 9 finished with value: 3.7021429538726807 and parameters: {'gradient_clip_val': 0.8877528312579955, 'hidden_size': 84, 'dropout': 0.15657519325198554, 'hidden_continuous_size': 34, 'attention_head_size': 4, 'learning_rate': 0.0032983377641791923}. Best is trial 0 with value: 0.07550220936536789.
[I 2023-12-26 13:59:16,286] Trial 10 finished with value: 4.680099964141846 and parameters: {'gradient_clip_val': 0.8580131705053352, 'hidden_size': 5, 'dropout': 0.10557410865623704, 'hidden_continuous_size': 5, 'attention_head_size': 3, 'learning_rate': 0.0077938010731282755}. Best is trial 0 with value: 0.07550220936536789.
[I 2023-12-26 13:59:18,748] Trial 11 finished with value: 4.722609996795654 and parameters: {'gradient_clip_val': 0.2087856234620316, 'hidden_size': 9, 'dropout': 0.49078367740364953, 'hidden_continuous_size': 7, 'attention_head_size': 2, 'learning_rate': 0.0024872162454621666}. Best is trial 0 with value: 0.07550220936536789.
[I 2023-12-26 13:59:21,570] Trial 12 finished with value: 3.130200147628784 and parameters: {'gradient_clip_val': 0.5334710276891151, 'hidden_size': 11, 'dropout': 0.49909275131271236, 'hidden_continuous_size': 8, 'attention_head_size': 3, 'learning_rate': 0.002172036126967124}. Best is trial 0 with value: 0.07550220936536789.
[I 2023-12-26 13:59:25,180] Trial 13 finished with value: 5.552736759185791 and parameters: {'gradient_clip_val': 0.23048994713929075, 'hidden_size': 38, 'dropout': 0.4074832022275922, 'hidden_continuous_size': 10, 'attention_head_size': 2, 'learning_rate': 0.00646182987868879}. Best is trial 0 with value: 0.07550220936536789.
[I 2023-12-26 13:59:36,212] Trial 14 finished with value: 4.745131492614746 and parameters: {'gradient_clip_val': 0.533222560267725, 'hidden_size': 131, 'dropout': 0.23240631469918063, 'hidden_continuous_size': 64, 'attention_head_size': 3, 'learning_rate': 0.0013153576222663126}. Best is trial 0 with value: 0.07550220936536789.
[I 2023-12-26 13:59:38,760] Trial 15 finished with value: 5.067731857299805 and parameters: {'gradient_clip_val': 0.42003626736454447, 'hidden_size': 15, 'dropout': 0.3965007427404465, 'hidden_continuous_size': 5, 'attention_head_size': 1, 'learning_rate': 0.0006191358875828279}. Best is trial 0 with value: 0.07550220936536789.
[I 2023-12-26 13:59:41,156] Trial 16 finished with value: 4.118531703948975 and parameters: {'gradient_clip_val': 0.9577619879781334, 'hidden_size': 6, 'dropout': 0.22177351123542335, 'hidden_continuous_size': 5, 'attention_head_size': 4, 'learning_rate': 0.0014539342366214378}. Best is trial 0 with value: 0.07550220936536789.
[I 2023-12-26 13:59:43,501] Trial 17 finished with value: 5.896340847015381 and parameters: {'gradient_clip_val': 0.713500242995649, 'hidden_size': 8, 'dropout': 0.10414170298376961, 'hidden_continuous_size': 6, 'attention_head_size': 3, 'learning_rate': 0.00434461049731329}. Best is trial 0 with value: 0.07550220936536789.
[I 2023-12-26 13:59:46,020] Trial 18 finished with value: 5.311361789703369 and parameters: {'gradient_clip_val': 0.43046590052454925, 'hidden_size': 14, 'dropout': 0.44013226508722775, 'hidden_continuous_size': 8, 'attention_head_size': 2, 'learning_rate': 0.009129323220485654}. Best is trial 0 with value: 0.07550220936536789.
[I 2023-12-26 13:59:49,175] Trial 19 finished with value: 4.191385746002197 and parameters: {'gradient_clip_val': 0.711267175306929, 'hidden_size': 28, 'dropout': 0.3650235678769198, 'hidden_continuous_size': 10, 'attention_head_size': 1, 'learning_rate': 0.0015619007263397195}. Best is trial 0 with value: 0.07550220936536789.
[I 2023-12-26 13:59:51,489] Trial 20 finished with value: 4.2251458168029785 and parameters: {'gradient_clip_val': 0.2275127632204662, 'hidden_size': 8, 'dropout': 0.290327739911703, 'hidden_continuous_size': 5, 'attention_head_size': 4, 'learning_rate': 0.004093575814555349}. Best is trial 0 with value: 0.07550220936536789.
[I 2023-12-26 13:59:54,040] Trial 21 finished with value: 5.0470871925354 and parameters: {'gradient_clip_val': 0.5829579081862553, 'hidden_size': 11, 'dropout': 0.49469862145062227, 'hidden_continuous_size': 7, 'attention_head_size': 3, 'learning_rate': 0.002456779432027389}. Best is trial 0 with value: 0.07550220936536789.
[I 2023-12-26 13:59:56,627] Trial 22 finished with value: 5.350893020629883 and parameters: {'gradient_clip_val': 0.7422736268179297, 'hidden_size': 13, 'dropout': 0.4542066550748999, 'hidden_continuous_size': 8, 'attention_head_size': 3, 'learning_rate': 0.002012965748618494}. Best is trial 0 with value: 0.07550220936536789.
[I 2023-12-26 13:59:59,066] Trial 23 finished with value: 4.781909465789795 and parameters: {'gradient_clip_val': 0.9865250959158604, 'hidden_size': 10, 'dropout': 0.4589831896795437, 'hidden_continuous_size': 6, 'attention_head_size': 2, 'learning_rate': 0.0011183957883639534}. Best is trial 0 with value: 0.07550220936536789.
[I 2023-12-26 14:00:02,186] Trial 24 finished with value: 5.990144729614258 and parameters: {'gradient_clip_val': 0.5003708943130694, 'hidden_size': 18, 'dropout': 0.4164757323587639, 'hidden_continuous_size': 9, 'attention_head_size': 4, 'learning_rate': 0.000526338232907296}. Best is trial 0 with value: 0.07550220936536789.
[I 2023-12-26 14:00:04,638] Trial 25 finished with value: 4.661779880523682 and parameters: {'gradient_clip_val': 0.6763002697527045, 'hidden_size': 12, 'dropout': 0.4917369742700831, 'hidden_continuous_size': 7, 'attention_head_size': 3, 'learning_rate': 0.0019183803393291177}. Best is trial 0 with value: 0.07550220936536789.
[I 2023-12-26 14:00:06,966] Trial 26 finished with value: 3.763375997543335 and parameters: {'gradient_clip_val': 0.8372462232117464, 'hidden_size': 7, 'dropout': 0.3776219344233861, 'hidden_continuous_size': 5, 'attention_head_size': 2, 'learning_rate': 0.003176197553672136}. Best is trial 0 with value: 0.07550220936536789.
[I 2023-12-26 14:00:09,395] Trial 27 finished with value: 4.164184093475342 and parameters: {'gradient_clip_val': 0.6234217889681333, 'hidden_size': 9, 'dropout': 0.44776125513787807, 'hidden_continuous_size': 7, 'attention_head_size': 3, 'learning_rate': 0.0009852911890642804}. Best is trial 0 with value: 0.07550220936536789.
[I 2023-12-26 14:00:12,064] Trial 28 finished with value: 5.059889316558838 and parameters: {'gradient_clip_val': 0.4871702714275939, 'hidden_size': 14, 'dropout': 0.4282599247029025, 'hidden_continuous_size': 8, 'attention_head_size': 4, 'learning_rate': 0.001860086926513339}. Best is trial 0 with value: 0.07550220936536789.
[I 2023-12-26 14:00:14,657] Trial 29 finished with value: 5.069777488708496 and parameters: {'gradient_clip_val': 0.7737096371660123, 'hidden_size': 17, 'dropout': 0.3429391641530085, 'hidden_continuous_size': 9, 'attention_head_size': 2, 'learning_rate': 0.004880615948578295}. Best is trial 0 with value: 0.07550220936536789.
[I 2023-12-26 14:00:16,800] Trial 30 finished with value: 4.403650760650635 and parameters: {'gradient_clip_val': 0.9825130616117503, 'hidden_size': 5, 'dropout': 0.4642615126090593, 'hidden_continuous_size': 5, 'attention_head_size': 3, 'learning_rate': 0.011701620867321693}. Best is trial 0 with value: 0.07550220936536789.
[I 2023-12-26 14:00:19,143] Trial 31 finished with value: 6.045696258544922 and parameters: {'gradient_clip_val': 0.15618622622782702, 'hidden_size': 7, 'dropout': 0.4744457753590422, 'hidden_continuous_size': 6, 'attention_head_size': 3, 'learning_rate': 0.0681213941024068}. Best is trial 0 with value: 0.07550220936536789.
[I 2023-12-26 14:00:21,674] Trial 32 finished with value: 5.723863124847412 and parameters: {'gradient_clip_val': 0.17393159984928233, 'hidden_size': 10, 'dropout': 0.4994538091301648, 'hidden_continuous_size': 6, 'attention_head_size': 3, 'learning_rate': 0.08211962309955068}. Best is trial 0 with value: 0.07550220936536789.
[I 2023-12-26 14:00:24,155] Trial 33 finished with value: 4.6548848152160645 and parameters: {'gradient_clip_val': 0.2686731116300859, 'hidden_size': 12, 'dropout': 0.4352503446533205, 'hidden_continuous_size': 7, 'attention_head_size': 2, 'learning_rate': 0.01387301102187151}. Best is trial 0 with value: 0.07550220936536789.
[I 2023-12-26 14:00:26,424] Trial 34 finished with value: 4.03387451171875 and parameters: {'gradient_clip_val': 0.18316578577129072, 'hidden_size': 6, 'dropout': 0.14119306204442833, 'hidden_continuous_size': 5, 'attention_head_size': 2, 'learning_rate': 0.00569986275058761}. Best is trial 0 with value: 0.07550220936536789.
[I 2023-12-26 14:00:29,490] Trial 35 finished with value: 3.5480709075927734 and parameters: {'gradient_clip_val': 0.1394853092174075, 'hidden_size': 23, 'dropout': 0.18800883387005157, 'hidden_continuous_size': 11, 'attention_head_size': 4, 'learning_rate': 0.02392505228455638}. Best is trial 0 with value: 0.07550220936536789.
[I 2023-12-26 14:00:32,645] Trial 36 finished with value: 4.993780136108398 and parameters: {'gradient_clip_val': 0.13822699305814215, 'hidden_size': 24, 'dropout': 0.18424979227010557, 'hidden_continuous_size': 11, 'attention_head_size': 4, 'learning_rate': 0.003103630340726195}. Best is trial 0 with value: 0.07550220936536789.
[I 2023-12-26 14:00:35,549] Trial 37 finished with value: 4.962610721588135 and parameters: {'gradient_clip_val': 0.3534116516415069, 'hidden_size': 21, 'dropout': 0.1856756190182285, 'hidden_continuous_size': 11, 'attention_head_size': 4, 'learning_rate': 0.016348391896923397}. Best is trial 0 with value: 0.07550220936536789.
[I 2023-12-26 14:00:38,151] Trial 38 finished with value: 4.072371959686279 and parameters: {'gradient_clip_val': 0.10563398243876443, 'hidden_size': 18, 'dropout': 0.13338880644105333, 'hidden_continuous_size': 8, 'attention_head_size': 4, 'learning_rate': 0.02252947154776392}. Best is trial 0 with value: 0.07550220936536789.
[I 2023-12-26 14:00:40,859] Trial 39 finished with value: 5.396392822265625 and parameters: {'gradient_clip_val': 0.12849197775135085, 'hidden_size': 15, 'dropout': 0.3117629540913514, 'hidden_continuous_size': 9, 'attention_head_size': 4, 'learning_rate': 0.0008203203803803328}. Best is trial 0 with value: 0.07550220936536789.
[I 2023-12-26 14:00:44,276] Trial 40 finished with value: 4.589752674102783 and parameters: {'gradient_clip_val': 0.6048547964034636, 'hidden_size': 33, 'dropout': 0.2721888513788145, 'hidden_continuous_size': 13, 'attention_head_size': 4, 'learning_rate': 0.008927164456900396}. Best is trial 0 with value: 0.07550220936536789.
[I 2023-12-26 14:00:46,762] Trial 41 finished with value: 3.659799575805664 and parameters: {'gradient_clip_val': 0.267006667340946, 'hidden_size': 11, 'dropout': 0.12575783728347434, 'hidden_continuous_size': 6, 'attention_head_size': 3, 'learning_rate': 0.028876885517164892}. Best is trial 0 with value: 0.07550220936536789.
[I 2023-12-26 14:00:49,788] Trial 42 finished with value: 4.194676876068115 and parameters: {'gradient_clip_val': 0.19824353822122828, 'hidden_size': 25, 'dropout': 0.17299261367611216, 'hidden_continuous_size': 12, 'attention_head_size': 3, 'learning_rate': 0.09579343325399543}. Best is trial 0 with value: 0.07550220936536789.
[I 2023-12-26 14:00:52,522] Trial 43 finished with value: 4.118308067321777 and parameters: {'gradient_clip_val': 0.16280638146355092, 'hidden_size': 20, 'dropout': 0.12307422871891457, 'hidden_continuous_size': 8, 'attention_head_size': 1, 'learning_rate': 0.03736388493141852}. Best is trial 0 with value: 0.07550220936536789.
[I 2023-12-26 14:00:54,946] Trial 44 finished with value: 3.9491288661956787 and parameters: {'gradient_clip_val': 0.13922160045149687, 'hidden_size': 16, 'dropout': 0.16270625416044376, 'hidden_continuous_size': 7, 'attention_head_size': 4, 'learning_rate': 0.05957821487543091}. Best is trial 0 with value: 0.07550220936536789.
