[I 2023-12-26 15:13:49,673] Trial 13 finished with value: 448.5235900878906 and parameters: {'gradient_clip_val': 0.14334536977057005, 'hidden_size': 18, 'dropout': 0.10433098979271334, 'hidden_continuous_size': 7, 'attention_head_size': 3, 'learning_rate': 0.004359205027465617}. Best is trial 0 with value: 135.45835876464844.
[I 2023-12-26 15:13:52,057] Trial 14 finished with value: 398.14990234375 and parameters: {'gradient_clip_val': 0.19450888624566057, 'hidden_size': 13, 'dropout': 0.409983632726447, 'hidden_continuous_size': 6, 'attention_head_size': 1, 'learning_rate': 0.037124600697321875}. Best is trial 0 with value: 135.45835876464844.
[I 2023-12-26 15:13:55,175] Trial 15 finished with value: 302.776611328125 and parameters: {'gradient_clip_val': 0.13204146119838586, 'hidden_size': 30, 'dropout': 0.3045113088563963, 'hidden_continuous_size': 13, 'attention_head_size': 4, 'learning_rate': 0.004243945270819116}. Best is trial 0 with value: 135.45835876464844.
[I 2023-12-26 15:14:02,321] Trial 16 finished with value: 384.5783996582031 and parameters: {'gradient_clip_val': 0.3252921052025064, 'hidden_size': 69, 'dropout': 0.24974910585159021, 'hidden_continuous_size': 65, 'attention_head_size': 2, 'learning_rate': 0.0110229418057542}. Best is trial 0 with value: 135.45835876464844.
[I 2023-12-26 15:14:05,098] Trial 17 finished with value: 447.1628112792969 and parameters: {'gradient_clip_val': 0.45142698788931335, 'hidden_size': 19, 'dropout': 0.1715892041470098, 'hidden_continuous_size': 7, 'attention_head_size': 3, 'learning_rate': 0.09554625050619811}. Best is trial 0 with value: 135.45835876464844.
[I 2023-12-26 15:14:17,434] Trial 18 finished with value: 564.1461791992188 and parameters: {'gradient_clip_val': 0.6679003918252155, 'hidden_size': 143, 'dropout': 0.3096238014461928, 'hidden_continuous_size': 104, 'attention_head_size': 3, 'learning_rate': 0.006151560499197892}. Best is trial 0 with value: 135.45835876464844.
[I 2023-12-26 15:14:23,737] Trial 19 finished with value: 393.6180114746094 and parameters: {'gradient_clip_val': 0.23188364456327953, 'hidden_size': 71, 'dropout': 0.24662963555989653, 'hidden_continuous_size': 24, 'attention_head_size': 2, 'learning_rate': 0.020180016680838957}. Best is trial 0 with value: 135.45835876464844.
[I 2023-12-26 15:14:26,737] Trial 20 finished with value: 517.9963989257812 and parameters: {'gradient_clip_val': 0.3365801043060798, 'hidden_size': 29, 'dropout': 0.4282976929275598, 'hidden_continuous_size': 10, 'attention_head_size': 4, 'learning_rate': 0.0028600747541340336}. Best is trial 0 with value: 135.45835876464844.
[I 2023-12-26 15:14:37,130] Trial 21 finished with value: 231.802001953125 and parameters: {'gradient_clip_val': 0.16337235706188247, 'hidden_size': 149, 'dropout': 0.15368737020021023, 'hidden_continuous_size': 16, 'attention_head_size': 3, 'learning_rate': 0.012583617438614374}. Best is trial 0 with value: 135.45835876464844.
[I 2023-12-26 15:14:43,943] Trial 22 finished with value: 413.725830078125 and parameters: {'gradient_clip_val': 0.16459282663316502, 'hidden_size': 89, 'dropout': 0.1369548979753466, 'hidden_continuous_size': 28, 'attention_head_size': 3, 'learning_rate': 0.008151067025558843}. Best is trial 0 with value: 135.45835876464844.
[I 2023-12-26 15:14:53,614] Trial 23 finished with value: 321.3069763183594 and parameters: {'gradient_clip_val': 0.10154740988857915, 'hidden_size': 119, 'dropout': 0.20182190554286597, 'hidden_continuous_size': 17, 'attention_head_size': 3, 'learning_rate': 0.012577464407479203}. Best is trial 0 with value: 135.45835876464844.
[I 2023-12-26 15:15:04,994] Trial 24 finished with value: 373.2444763183594 and parameters: {'gradient_clip_val': 0.15049428054455682, 'hidden_size': 147, 'dropout': 0.136682628006055, 'hidden_continuous_size': 33, 'attention_head_size': 2, 'learning_rate': 0.023979608361516094}. Best is trial 0 with value: 135.45835876464844.
[I 2023-12-26 15:15:11,755] Trial 25 finished with value: 402.3516540527344 and parameters: {'gradient_clip_val': 0.2169331381780763, 'hidden_size': 84, 'dropout': 0.18969875216542093, 'hidden_continuous_size': 14, 'attention_head_size': 3, 'learning_rate': 0.00659908334281799}. Best is trial 0 with value: 135.45835876464844.
[I 2023-12-26 15:15:23,232] Trial 26 finished with value: 344.0706481933594 and parameters: {'gradient_clip_val': 0.12930037663701371, 'hidden_size': 145, 'dropout': 0.14463401049052446, 'hidden_continuous_size': 20, 'attention_head_size': 4, 'learning_rate': 0.011271830329977015}. Best is trial 0 with value: 135.45835876464844.
[I 2023-12-26 15:15:27,937] Trial 27 finished with value: 370.6228942871094 and parameters: {'gradient_clip_val': 0.1548766227469347, 'hidden_size': 58, 'dropout': 0.2503389509253542, 'hidden_continuous_size': 12, 'attention_head_size': 2, 'learning_rate': 0.029141061155506163}. Best is trial 0 with value: 135.45835876464844.
[I 2023-12-26 15:15:31,880] Trial 28 finished with value: 311.1296081542969 and parameters: {'gradient_clip_val': 0.20683116125535572, 'hidden_size': 38, 'dropout': 0.20979861965910349, 'hidden_continuous_size': 17, 'attention_head_size': 1, 'learning_rate': 0.016291107646755877}. Best is trial 0 with value: 135.45835876464844.
[I 2023-12-26 15:15:38,439] Trial 29 finished with value: 257.1759033203125 and parameters: {'gradient_clip_val': 0.2726680008387005, 'hidden_size': 79, 'dropout': 0.28361753511048987, 'hidden_continuous_size': 11, 'attention_head_size': 3, 'learning_rate': 0.0026621749253292093}. Best is trial 0 with value: 135.45835876464844.
[I 2023-12-26 15:15:46,685] Trial 30 finished with value: 294.3796081542969 and parameters: {'gradient_clip_val': 0.17640505232926595, 'hidden_size': 97, 'dropout': 0.19188980261880145, 'hidden_continuous_size': 27, 'attention_head_size': 3, 'learning_rate': 0.00986200894971531}. Best is trial 0 with value: 135.45835876464844.
[I 2023-12-26 15:15:53,074] Trial 31 finished with value: 360.9258117675781 and parameters: {'gradient_clip_val': 0.2607416219931447, 'hidden_size': 75, 'dropout': 0.27213818682231816, 'hidden_continuous_size': 12, 'attention_head_size': 3, 'learning_rate': 0.002907498263765506}. Best is trial 0 with value: 135.45835876464844.
[I 2023-12-26 15:16:00,520] Trial 32 finished with value: 301.3250427246094 and parameters: {'gradient_clip_val': 0.23680253416227687, 'hidden_size': 102, 'dropout': 0.31052714823721517, 'hidden_continuous_size': 10, 'attention_head_size': 3, 'learning_rate': 0.006291101437994504}. Best is trial 0 with value: 135.45835876464844.
[I 2023-12-26 15:16:07,981] Trial 33 finished with value: 341.2082214355469 and parameters: {'gradient_clip_val': 0.4331198570300938, 'hidden_size': 114, 'dropout': 0.15927627420765766, 'hidden_continuous_size': 8, 'attention_head_size': 2, 'learning_rate': 0.003133050862872437}. Best is trial 0 with value: 135.45835876464844.
[I 2023-12-26 15:16:15,016] Trial 34 finished with value: 411.4324951171875 and parameters: {'gradient_clip_val': 0.28254759303446225, 'hidden_size': 89, 'dropout': 0.23015348308149164, 'hidden_continuous_size': 17, 'attention_head_size': 3, 'learning_rate': 0.008565940387537128}. Best is trial 0 with value: 135.45835876464844.
[I 2023-12-26 15:16:24,531] Trial 35 finished with value: 478.2680969238281 and parameters: {'gradient_clip_val': 0.3720821669047317, 'hidden_size': 120, 'dropout': 0.18581780753171534, 'hidden_continuous_size': 9, 'attention_head_size': 3, 'learning_rate': 0.014832780438637871}. Best is trial 0 with value: 135.45835876464844.
[I 2023-12-26 15:16:35,889] Trial 36 finished with value: 342.7770690917969 and parameters: {'gradient_clip_val': 0.19649079228369581, 'hidden_size': 147, 'dropout': 0.11897202826415801, 'hidden_continuous_size': 20, 'attention_head_size': 2, 'learning_rate': 0.0021016366627570494}. Best is trial 0 with value: 135.45835876464844.
[I 2023-12-26 15:16:40,529] Trial 37 finished with value: 434.4255065917969 and parameters: {'gradient_clip_val': 0.17144029353154228, 'hidden_size': 60, 'dropout': 0.16569592446364645, 'hidden_continuous_size': 15, 'attention_head_size': 2, 'learning_rate': 0.005369278735844543}. Best is trial 0 with value: 135.45835876464844.
[I 2023-12-26 15:16:48,919] Trial 38 finished with value: 383.3665771484375 and parameters: {'gradient_clip_val': 0.2948810562772994, 'hidden_size': 102, 'dropout': 0.12402338148063205, 'hidden_continuous_size': 12, 'attention_head_size': 3, 'learning_rate': 0.007216530311459951}. Best is trial 0 with value: 135.45835876464844.
[I 2023-12-26 15:16:52,863] Trial 39 finished with value: 428.52001953125 and parameters: {'gradient_clip_val': 0.5492914804385214, 'hidden_size': 39, 'dropout': 0.3294327357992321, 'hidden_continuous_size': 11, 'attention_head_size': 4, 'learning_rate': 0.004918909957904208}. Best is trial 0 with value: 135.45835876464844.
[I 2023-12-26 15:16:55,639] Trial 40 finished with value: 402.23388671875 and parameters: {'gradient_clip_val': 0.22173901509653407, 'hidden_size': 24, 'dropout': 0.28368094078795936, 'hidden_continuous_size': 11, 'attention_head_size': 2, 'learning_rate': 0.0014437680344967082}. Best is trial 0 with value: 135.45835876464844.
[I 2023-12-26 15:17:05,009] Trial 41 finished with value: 312.3828430175781 and parameters: {'gradient_clip_val': 0.17182443682740925, 'hidden_size': 123, 'dropout': 0.1547790625655736, 'hidden_continuous_size': 9, 'attention_head_size': 3, 'learning_rate': 0.01461479455205549}. Best is trial 0 with value: 135.45835876464844.
[I 2023-12-26 15:17:14,449] Trial 42 finished with value: 388.8233337402344 and parameters: {'gradient_clip_val': 0.13824599797671913, 'hidden_size': 119, 'dropout': 0.17542665463854357, 'hidden_continuous_size': 21, 'attention_head_size': 3, 'learning_rate': 0.009446467024969325}. Best is trial 0 with value: 135.45835876464844.
[I 2023-12-26 15:17:21,430] Trial 43 finished with value: 488.3695983886719 and parameters: {'gradient_clip_val': 0.12004546187121463, 'hidden_size': 84, 'dropout': 0.20115298795900877, 'hidden_continuous_size': 15, 'attention_head_size': 3, 'learning_rate': 0.01199641143571032}. Best is trial 0 with value: 135.45835876464844.
[I 2023-12-26 15:17:29,581] Trial 44 finished with value: 409.9161376953125 and parameters: {'gradient_clip_val': 0.19021563589402896, 'hidden_size': 102, 'dropout': 0.10593307510760222, 'hidden_continuous_size': 6, 'attention_head_size': 3, 'learning_rate': 0.0038485693890341057}. Best is trial 0 with value: 135.45835876464844.
[I 2023-12-26 15:17:40,071] Trial 45 finished with value: 448.6994934082031 and parameters: {'gradient_clip_val': 0.24735106774442775, 'hidden_size': 129, 'dropout': 0.15576556720849305, 'hidden_continuous_size': 31, 'attention_head_size': 4, 'learning_rate': 0.01395454760287832}. Best is trial 0 with value: 135.45835876464844.
[I 2023-12-26 15:17:51,720] Trial 46 finished with value: 229.61912536621094 and parameters: {'gradient_clip_val': 0.15742770919576332, 'hidden_size': 150, 'dropout': 0.17293387305452917, 'hidden_continuous_size': 24, 'attention_head_size': 3, 'learning_rate': 0.01843704320514615}. Best is trial 0 with value: 135.45835876464844.
[I 2023-12-26 15:18:02,128] Trial 47 finished with value: 295.1214294433594 and parameters: {'gradient_clip_val': 0.15391525959016694, 'hidden_size': 132, 'dropout': 0.21917726450239775, 'hidden_continuous_size': 23, 'attention_head_size': 2, 'learning_rate': 0.018184490162626996}. Best is trial 0 with value: 135.45835876464844.
[I 2023-12-26 15:18:10,133] Trial 48 finished with value: 276.681640625 and parameters: {'gradient_clip_val': 0.11045611400328952, 'hidden_size': 103, 'dropout': 0.18029783778219718, 'hidden_continuous_size': 37, 'attention_head_size': 3, 'learning_rate': 0.031079558924015916}. Best is trial 0 with value: 135.45835876464844.
[I 2023-12-26 15:18:20,817] Trial 49 finished with value: 251.79527282714844 and parameters: {'gradient_clip_val': 0.12491691556968158, 'hidden_size': 145, 'dropout': 0.2683165060010201, 'hidden_continuous_size': 25, 'attention_head_size': 2, 'learning_rate': 0.024353026697608332}. Best is trial 0 with value: 135.45835876464844.
[I 2023-12-26 15:18:20,957] A new study created in memory with name: no-name-fef042d8-b962-4d36-bf70-805517e29573
/home/le004/conda/anaconda3/envs/tsff_env/lib/python3.9/site-packages/lightning/fabric/plugins/environments/slurm.py:191: The `srun` command is available on your system but is not used. HINT: If your intention is to run Lightning on SLURM, prepend your python command with `srun` like so: srun python /home/le004/master_thesis/git/TSFusionForecast/code/ ...
[I 2023-12-26 15:22:30,917] Trial 0 finished with value: 270.8407287597656 and parameters: {'gradient_clip_val': 0.11391811744572765, 'hidden_size': 7, 'dropout': 0.3449971073164241, 'hidden_continuous_size': 7, 'attention_head_size': 3, 'learning_rate': 0.0013767019714642104}. Best is trial 0 with value: 270.8407287597656.
[I 2023-12-26 15:28:32,080] Trial 1 finished with value: 206.53240966796875 and parameters: {'gradient_clip_val': 0.10293298029446248, 'hidden_size': 77, 'dropout': 0.34767495196060616, 'hidden_continuous_size': 34, 'attention_head_size': 1, 'learning_rate': 0.03728451615535166}. Best is trial 1 with value: 206.53240966796875.
[I 2023-12-26 15:28:34,749] Trial 2 finished with value: 913.0139770507812 and parameters: {'gradient_clip_val': 0.27676931779328523, 'hidden_size': 38, 'dropout': 0.4647003889848297, 'hidden_continuous_size': 34, 'attention_head_size': 1, 'learning_rate': 0.0028422743913163284}. Best is trial 1 with value: 206.53240966796875.
[I 2023-12-26 15:28:37,147] Trial 3 finished with value: 1136.229248046875 and parameters: {'gradient_clip_val': 0.18429458831876822, 'hidden_size': 33, 'dropout': 0.2089369426054014, 'hidden_continuous_size': 8, 'attention_head_size': 4, 'learning_rate': 0.015663531886203425}. Best is trial 1 with value: 206.53240966796875.
[I 2023-12-26 15:28:42,506] Trial 4 finished with value: 840.57763671875 and parameters: {'gradient_clip_val': 0.7307379106795638, 'hidden_size': 86, 'dropout': 0.3672028238135753, 'hidden_continuous_size': 71, 'attention_head_size': 3, 'learning_rate': 0.07963014021894076}. Best is trial 1 with value: 206.53240966796875.
[I 2023-12-26 15:28:44,280] Trial 5 finished with value: 1708.4814453125 and parameters: {'gradient_clip_val': 0.35840486995044957, 'hidden_size': 6, 'dropout': 0.12945519274199913, 'hidden_continuous_size': 6, 'attention_head_size': 4, 'learning_rate': 0.005939953237222055}. Best is trial 1 with value: 206.53240966796875.
[I 2023-12-26 15:28:46,258] Trial 6 finished with value: 1799.79150390625 and parameters: {'gradient_clip_val': 0.1345978500881891, 'hidden_size': 12, 'dropout': 0.22386054507608155, 'hidden_continuous_size': 11, 'attention_head_size': 2, 'learning_rate': 0.007905883639353675}. Best is trial 1 with value: 206.53240966796875.
[I 2023-12-26 15:28:49,964] Trial 7 finished with value: 1092.2808837890625 and parameters: {'gradient_clip_val': 0.26348483454015914, 'hidden_size': 63, 'dropout': 0.24187600132182255, 'hidden_continuous_size': 5, 'attention_head_size': 3, 'learning_rate': 0.06896816481681438}. Best is trial 1 with value: 206.53240966796875.
[I 2023-12-26 15:28:57,919] Trial 8 finished with value: 1371.7091064453125 and parameters: {'gradient_clip_val': 0.31871260858118994, 'hidden_size': 136, 'dropout': 0.4120543098178875, 'hidden_continuous_size': 40, 'attention_head_size': 4, 'learning_rate': 0.0010095599651937855}. Best is trial 1 with value: 206.53240966796875.
[I 2023-12-26 15:29:00,862] Trial 9 finished with value: 1116.60595703125 and parameters: {'gradient_clip_val': 0.5485896443643575, 'hidden_size': 51, 'dropout': 0.12474395463617759, 'hidden_continuous_size': 10, 'attention_head_size': 4, 'learning_rate': 0.0007565764513852864}. Best is trial 1 with value: 206.53240966796875.
[I 2023-12-26 15:29:09,957] Trial 10 finished with value: 852.1669921875 and parameters: {'gradient_clip_val': 0.15827056975182338, 'hidden_size': 138, 'dropout': 0.315725907632858, 'hidden_continuous_size': 138, 'attention_head_size': 1, 'learning_rate': 0.02672025161799473}. Best is trial 1 with value: 206.53240966796875.
[I 2023-12-26 15:29:12,056] Trial 11 finished with value: 1048.391357421875 and parameters: {'gradient_clip_val': 0.10301053032824893, 'hidden_size': 15, 'dropout': 0.33767395650663223, 'hidden_continuous_size': 7, 'attention_head_size': 2, 'learning_rate': 0.0018322467460640001}. Best is trial 1 with value: 206.53240966796875.
[I 2023-12-26 15:29:13,772] Trial 12 finished with value: 986.0753784179688 and parameters: {'gradient_clip_val': 0.10203854896605374, 'hidden_size': 5, 'dropout': 0.39223432135971253, 'hidden_continuous_size': 5, 'attention_head_size': 2, 'learning_rate': 0.000518945990526018}. Best is trial 1 with value: 206.53240966796875.
[I 2023-12-26 15:29:15,934] Trial 13 finished with value: 1243.264404296875 and parameters: {'gradient_clip_val': 0.17225438824741296, 'hidden_size': 21, 'dropout': 0.2978299458643664, 'hidden_continuous_size': 8, 'attention_head_size': 3, 'learning_rate': 0.0025153534831372968}. Best is trial 1 with value: 206.53240966796875.
[I 2023-12-26 15:29:17,855] Trial 14 finished with value: 1660.8790283203125 and parameters: {'gradient_clip_val': 0.12327555314009483, 'hidden_size': 9, 'dropout': 0.49503117060257074, 'hidden_continuous_size': 5, 'attention_head_size': 1, 'learning_rate': 0.03304159610274364}. Best is trial 1 with value: 206.53240966796875.
[I 2023-12-26 15:29:19,962] Trial 15 finished with value: 1216.9705810546875 and parameters: {'gradient_clip_val': 0.10113294338978115, 'hidden_size': 19, 'dropout': 0.4218346580331095, 'hidden_continuous_size': 9, 'attention_head_size': 2, 'learning_rate': 0.0064283137687249385}. Best is trial 1 with value: 206.53240966796875.
[I 2023-12-26 15:29:22,488] Trial 16 finished with value: 1470.6029052734375 and parameters: {'gradient_clip_val': 0.2254427520667308, 'hidden_size': 30, 'dropout': 0.28765953076066286, 'hidden_continuous_size': 13, 'attention_head_size': 3, 'learning_rate': 0.011776069021611615}. Best is trial 1 with value: 206.53240966796875.
[I 2023-12-26 15:29:24,274] Trial 17 finished with value: 1364.682861328125 and parameters: {'gradient_clip_val': 0.13552093044959207, 'hidden_size': 8, 'dropout': 0.3545434205496541, 'hidden_continuous_size': 5, 'attention_head_size': 1, 'learning_rate': 0.0045998527454998465}. Best is trial 1 with value: 206.53240966796875.
[I 2023-12-26 15:29:26,403] Trial 18 finished with value: 1385.4283447265625 and parameters: {'gradient_clip_val': 0.19592970338093105, 'hidden_size': 24, 'dropout': 0.3776610079708063, 'hidden_continuous_size': 7, 'attention_head_size': 2, 'learning_rate': 0.001254769125718931}. Best is trial 1 with value: 206.53240966796875.
[I 2023-12-26 15:29:28,330] Trial 19 finished with value: 1187.6163330078125 and parameters: {'gradient_clip_val': 0.14368478321454942, 'hidden_size': 5, 'dropout': 0.4329981942111766, 'hidden_continuous_size': 5, 'attention_head_size': 3, 'learning_rate': 0.003573190654767151}. Best is trial 1 with value: 206.53240966796875.
[I 2023-12-26 15:29:30,393] Trial 20 finished with value: 1226.1361083984375 and parameters: {'gradient_clip_val': 0.2095431018544101, 'hidden_size': 14, 'dropout': 0.3401366680179879, 'hidden_continuous_size': 6, 'attention_head_size': 1, 'learning_rate': 0.0018046233663271143}. Best is trial 1 with value: 206.53240966796875.
[I 2023-12-26 15:29:37,477] Trial 21 finished with value: 1399.7093505859375 and parameters: {'gradient_clip_val': 0.8005610149301022, 'hidden_size': 92, 'dropout': 0.37482635761717564, 'hidden_continuous_size': 17, 'attention_head_size': 3, 'learning_rate': 0.08746604949065506}. Best is trial 1 with value: 206.53240966796875.
[I 2023-12-26 15:29:42,009] Trial 22 finished with value: 1178.417236328125 and parameters: {'gradient_clip_val': 0.44263735583478825, 'hidden_size': 74, 'dropout': 0.37080999777933166, 'hidden_continuous_size': 30, 'attention_head_size': 3, 'learning_rate': 0.05407732951245845}. Best is trial 1 with value: 206.53240966796875.
[I 2023-12-26 15:29:44,830] Trial 23 finished with value: 1520.8240966796875 and parameters: {'gradient_clip_val': 0.9779761564832009, 'hidden_size': 48, 'dropout': 0.3318974459749768, 'hidden_continuous_size': 48, 'attention_head_size': 3, 'learning_rate': 0.0960399387959107}. Best is trial 1 with value: 206.53240966796875.
[I 2023-12-26 15:29:53,249] Trial 24 finished with value: 1153.57763671875 and parameters: {'gradient_clip_val': 0.15805566072153412, 'hidden_size': 97, 'dropout': 0.3971695622510665, 'hidden_continuous_size': 23, 'attention_head_size': 2, 'learning_rate': 0.049269576852649405}. Best is trial 1 with value: 206.53240966796875.
[I 2023-12-26 15:29:56,059] Trial 25 finished with value: 946.3167114257812 and parameters: {'gradient_clip_val': 0.11813743247512438, 'hidden_size': 43, 'dropout': 0.2738342656663248, 'hidden_continuous_size': 18, 'attention_head_size': 3, 'learning_rate': 0.03201875196199061}. Best is trial 1 with value: 206.53240966796875.
[I 2023-12-26 15:29:59,878] Trial 26 finished with value: 1329.08154296875 and parameters: {'gradient_clip_val': 0.5801583281904704, 'hidden_size': 62, 'dropout': 0.3566411916805419, 'hidden_continuous_size': 55, 'attention_head_size': 4, 'learning_rate': 0.018710806185547265}. Best is trial 1 with value: 206.53240966796875.
[I 2023-12-26 15:30:02,337] Trial 27 finished with value: 1170.698974609375 and parameters: {'gradient_clip_val': 0.12522545248111086, 'hidden_size': 33, 'dropout': 0.31803353182957095, 'hidden_continuous_size': 13, 'attention_head_size': 2, 'learning_rate': 0.060397473843883775}. Best is trial 1 with value: 206.53240966796875.
