[I 2023-12-26 14:05:12,877] Trial 22 finished with value: 341.0688171386719 and parameters: {'gradient_clip_val': 0.10051002081032304, 'hidden_size': 89, 'dropout': 0.32271094798513356, 'hidden_continuous_size': 26, 'attention_head_size': 2, 'learning_rate': 0.007855685193207155}. Best is trial 0 with value: 103.2793197631836.
[I 2023-12-26 14:05:16,813] Trial 23 finished with value: 296.5405578613281 and parameters: {'gradient_clip_val': 0.13956714886149013, 'hidden_size': 68, 'dropout': 0.22835142600380431, 'hidden_continuous_size': 13, 'attention_head_size': 1, 'learning_rate': 0.007247027813704565}. Best is trial 0 with value: 103.2793197631836.
[I 2023-12-26 14:05:26,246] Trial 24 finished with value: 339.69207763671875 and parameters: {'gradient_clip_val': 0.17494959910834393, 'hidden_size': 138, 'dropout': 0.18882776371642623, 'hidden_continuous_size': 121, 'attention_head_size': 2, 'learning_rate': 0.009739427298244384}. Best is trial 0 with value: 103.2793197631836.
[I 2023-12-26 14:05:29,143] Trial 25 finished with value: 314.2933044433594 and parameters: {'gradient_clip_val': 0.20878810837019354, 'hidden_size': 43, 'dropout': 0.2676750240486956, 'hidden_continuous_size': 18, 'attention_head_size': 3, 'learning_rate': 0.02204320564515569}. Best is trial 0 with value: 103.2793197631836.
[I 2023-12-26 14:05:33,106] Trial 26 finished with value: 354.5121765136719 and parameters: {'gradient_clip_val': 0.12030729247500685, 'hidden_size': 68, 'dropout': 0.14392636049246266, 'hidden_continuous_size': 20, 'attention_head_size': 2, 'learning_rate': 0.004244249117104197}. Best is trial 0 with value: 103.2793197631836.
[I 2023-12-26 14:05:35,495] Trial 27 finished with value: 378.803955078125 and parameters: {'gradient_clip_val': 0.15646072318918844, 'hidden_size': 27, 'dropout': 0.1947556066931072, 'hidden_continuous_size': 10, 'attention_head_size': 3, 'learning_rate': 0.0026566720451809416}. Best is trial 0 with value: 103.2793197631836.
[I 2023-12-26 14:05:38,307] Trial 28 finished with value: 341.6310729980469 and parameters: {'gradient_clip_val': 0.24012087127903523, 'hidden_size': 43, 'dropout': 0.24269354835980195, 'hidden_continuous_size': 13, 'attention_head_size': 1, 'learning_rate': 0.0050449221762416145}. Best is trial 0 with value: 103.2793197631836.
[I 2023-12-26 14:05:42,182] Trial 29 finished with value: 326.2590026855469 and parameters: {'gradient_clip_val': 0.13342635636515157, 'hidden_size': 65, 'dropout': 0.21736265775738528, 'hidden_continuous_size': 35, 'attention_head_size': 3, 'learning_rate': 0.0038349526106465567}. Best is trial 0 with value: 103.2793197631836.
[I 2023-12-26 14:05:47,236] Trial 30 finished with value: 357.8109130859375 and parameters: {'gradient_clip_val': 0.1214561839377437, 'hidden_size': 78, 'dropout': 0.20377860361237438, 'hidden_continuous_size': 53, 'attention_head_size': 3, 'learning_rate': 0.008274560230726346}. Best is trial 0 with value: 103.2793197631836.
[I 2023-12-26 14:05:53,514] Trial 31 finished with value: 408.48388671875 and parameters: {'gradient_clip_val': 0.10066966519681078, 'hidden_size': 103, 'dropout': 0.2232087295330599, 'hidden_continuous_size': 12, 'attention_head_size': 4, 'learning_rate': 0.010946219976543159}. Best is trial 0 with value: 103.2793197631836.
[I 2023-12-26 14:05:56,700] Trial 32 finished with value: 290.74871826171875 and parameters: {'gradient_clip_val': 0.5558511517563283, 'hidden_size': 56, 'dropout': 0.2564323934581119, 'hidden_continuous_size': 10, 'attention_head_size': 4, 'learning_rate': 0.009500328054637948}. Best is trial 0 with value: 103.2793197631836.
[I 2023-12-26 14:05:59,038] Trial 33 finished with value: 483.9068908691406 and parameters: {'gradient_clip_val': 0.6035022605041546, 'hidden_size': 12, 'dropout': 0.23094397114598153, 'hidden_continuous_size': 7, 'attention_head_size': 4, 'learning_rate': 0.014656288281643755}. Best is trial 0 with value: 103.2793197631836.
[I 2023-12-26 14:06:02,303] Trial 34 finished with value: 301.4626159667969 and parameters: {'gradient_clip_val': 0.3815978328195741, 'hidden_size': 53, 'dropout': 0.29431449001985854, 'hidden_continuous_size': 13, 'attention_head_size': 4, 'learning_rate': 0.006309697235896509}. Best is trial 0 with value: 103.2793197631836.
[I 2023-12-26 14:06:04,495] Trial 35 finished with value: 343.9966735839844 and parameters: {'gradient_clip_val': 0.3094431144965952, 'hidden_size': 20, 'dropout': 0.2026484329974487, 'hidden_continuous_size': 9, 'attention_head_size': 4, 'learning_rate': 0.00510368734048606}. Best is trial 0 with value: 103.2793197631836.
[I 2023-12-26 14:06:06,986] Trial 36 finished with value: 286.2577819824219 and parameters: {'gradient_clip_val': 0.15382472282660165, 'hidden_size': 30, 'dropout': 0.17348245478092533, 'hidden_continuous_size': 6, 'attention_head_size': 3, 'learning_rate': 0.008743518457020467}. Best is trial 0 with value: 103.2793197631836.
[I 2023-12-26 14:06:09,477] Trial 37 finished with value: 413.6792907714844 and parameters: {'gradient_clip_val': 0.11789697238732146, 'hidden_size': 30, 'dropout': 0.13441428529280022, 'hidden_continuous_size': 6, 'attention_head_size': 3, 'learning_rate': 0.002772986529596514}. Best is trial 0 with value: 103.2793197631836.
[I 2023-12-26 14:06:11,691] Trial 38 finished with value: 281.1384582519531 and parameters: {'gradient_clip_val': 0.13456308070176332, 'hidden_size': 24, 'dropout': 0.16699217080571552, 'hidden_continuous_size': 6, 'attention_head_size': 3, 'learning_rate': 0.0071931636327930235}. Best is trial 0 with value: 103.2793197631836.
[I 2023-12-26 14:06:14,384] Trial 39 finished with value: 359.8603515625 and parameters: {'gradient_clip_val': 0.13998589400625133, 'hidden_size': 39, 'dropout': 0.13577586396289604, 'hidden_continuous_size': 7, 'attention_head_size': 2, 'learning_rate': 0.001627094321551626}. Best is trial 0 with value: 103.2793197631836.
[I 2023-12-26 14:06:16,604] Trial 40 finished with value: 343.5509948730469 and parameters: {'gradient_clip_val': 0.11276385155999061, 'hidden_size': 22, 'dropout': 0.16508701778622847, 'hidden_continuous_size': 8, 'attention_head_size': 3, 'learning_rate': 0.006461664717050652}. Best is trial 0 with value: 103.2793197631836.
[I 2023-12-26 14:06:18,936] Trial 41 finished with value: 333.4381408691406 and parameters: {'gradient_clip_val': 0.1470430941983672, 'hidden_size': 26, 'dropout': 0.16696395792918078, 'hidden_continuous_size': 6, 'attention_head_size': 3, 'learning_rate': 0.00860474270514487}. Best is trial 0 with value: 103.2793197631836.
[I 2023-12-26 14:06:21,189] Trial 42 finished with value: 269.6749572753906 and parameters: {'gradient_clip_val': 0.15880752668225606, 'hidden_size': 17, 'dropout': 0.1766930733545319, 'hidden_continuous_size': 7, 'attention_head_size': 3, 'learning_rate': 0.004580965148572932}. Best is trial 0 with value: 103.2793197631836.
[I 2023-12-26 14:06:23,400] Trial 43 finished with value: 399.057373046875 and parameters: {'gradient_clip_val': 0.12637485613020114, 'hidden_size': 17, 'dropout': 0.12525853138173093, 'hidden_continuous_size': 8, 'attention_head_size': 2, 'learning_rate': 0.004614858668301276}. Best is trial 0 with value: 103.2793197631836.
[I 2023-12-26 14:06:25,778] Trial 44 finished with value: 264.9237060546875 and parameters: {'gradient_clip_val': 0.11320877025535898, 'hidden_size': 17, 'dropout': 0.14978053930431975, 'hidden_continuous_size': 7, 'attention_head_size': 3, 'learning_rate': 0.006328927714350364}. Best is trial 0 with value: 103.2793197631836.
[I 2023-12-26 14:06:27,693] Trial 45 finished with value: 322.0439453125 and parameters: {'gradient_clip_val': 0.11121892459025069, 'hidden_size': 16, 'dropout': 0.10396430721473765, 'hidden_continuous_size': 7, 'attention_head_size': 3, 'learning_rate': 0.005901928227732744}. Best is trial 0 with value: 103.2793197631836.
[I 2023-12-26 14:06:29,661] Trial 46 finished with value: 300.3128356933594 and parameters: {'gradient_clip_val': 0.10684404830155135, 'hidden_size': 11, 'dropout': 0.15194352526933674, 'hidden_continuous_size': 7, 'attention_head_size': 2, 'learning_rate': 0.004400152045304016}. Best is trial 0 with value: 103.2793197631836.
[I 2023-12-26 14:06:32,124] Trial 47 finished with value: 247.05271911621094 and parameters: {'gradient_clip_val': 0.12293725582162354, 'hidden_size': 20, 'dropout': 0.12492828394820715, 'hidden_continuous_size': 11, 'attention_head_size': 3, 'learning_rate': 0.0032543711986016462}. Best is trial 0 with value: 103.2793197631836.
[I 2023-12-26 14:06:34,729] Trial 48 finished with value: 383.01171875 and parameters: {'gradient_clip_val': 0.11909153282621195, 'hidden_size': 23, 'dropout': 0.1185033752091584, 'hidden_continuous_size': 11, 'attention_head_size': 2, 'learning_rate': 0.0025857386206808606}. Best is trial 0 with value: 103.2793197631836.
[I 2023-12-26 14:06:37,328] Trial 49 finished with value: 416.2435302734375 and parameters: {'gradient_clip_val': 0.1274779964051663, 'hidden_size': 21, 'dropout': 0.13009260056380198, 'hidden_continuous_size': 12, 'attention_head_size': 3, 'learning_rate': 0.0018977641817458032}. Best is trial 0 with value: 103.2793197631836.
[I 2023-12-26 14:06:37,489] A new study created in memory with name: no-name-b05796ad-fdb8-427d-8e35-07c0e313d068
/home/le004/conda/anaconda3/envs/tsff_env/lib/python3.9/site-packages/lightning/fabric/plugins/environments/slurm.py:191: The `srun` command is available on your system but is not used. HINT: If your intention is to run Lightning on SLURM, prepend your python command with `srun` like so: srun python /home/le004/master_thesis/git/TSFusionForecast/code/ ...
[I 2023-12-26 14:16:35,569] Trial 0 finished with value: 113.56995391845703 and parameters: {'gradient_clip_val': 0.12315463176226964, 'hidden_size': 116, 'dropout': 0.17833425661940955, 'hidden_continuous_size': 86, 'attention_head_size': 3, 'learning_rate': 0.020959337112157927}. Best is trial 0 with value: 113.56995391845703.
[I 2023-12-26 14:16:39,341] Trial 1 finished with value: 400.0620422363281 and parameters: {'gradient_clip_val': 0.355418743047456, 'hidden_size': 44, 'dropout': 0.20606818422754733, 'hidden_continuous_size': 6, 'attention_head_size': 2, 'learning_rate': 0.07914092787693851}. Best is trial 0 with value: 113.56995391845703.
[I 2023-12-26 14:16:41,955] Trial 2 finished with value: 321.27105712890625 and parameters: {'gradient_clip_val': 0.1285441810278506, 'hidden_size': 21, 'dropout': 0.36438952858765794, 'hidden_continuous_size': 5, 'attention_head_size': 2, 'learning_rate': 0.007941085799746134}. Best is trial 0 with value: 113.56995391845703.
[I 2023-12-26 14:16:44,892] Trial 3 finished with value: 488.1003723144531 and parameters: {'gradient_clip_val': 0.3765876196911307, 'hidden_size': 27, 'dropout': 0.1853947201421023, 'hidden_continuous_size': 11, 'attention_head_size': 1, 'learning_rate': 0.009822646358659454}. Best is trial 0 with value: 113.56995391845703.
[I 2023-12-26 14:16:47,929] Trial 4 finished with value: 375.65087890625 and parameters: {'gradient_clip_val': 0.6752950779186562, 'hidden_size': 30, 'dropout': 0.4732514378596836, 'hidden_continuous_size': 5, 'attention_head_size': 4, 'learning_rate': 0.008884830994775291}. Best is trial 0 with value: 113.56995391845703.
[I 2023-12-26 14:16:56,087] Trial 5 finished with value: 329.9189758300781 and parameters: {'gradient_clip_val': 0.7616839337769583, 'hidden_size': 98, 'dropout': 0.32635991734533987, 'hidden_continuous_size': 55, 'attention_head_size': 4, 'learning_rate': 0.0007238576345501097}. Best is trial 0 with value: 113.56995391845703.
[I 2023-12-26 14:17:01,002] Trial 6 finished with value: 337.7169494628906 and parameters: {'gradient_clip_val': 0.2361228481079033, 'hidden_size': 62, 'dropout': 0.1504167372122626, 'hidden_continuous_size': 16, 'attention_head_size': 2, 'learning_rate': 0.0005373583155915086}. Best is trial 0 with value: 113.56995391845703.
[I 2023-12-26 14:17:03,731] Trial 7 finished with value: 475.4920959472656 and parameters: {'gradient_clip_val': 0.12329709745015228, 'hidden_size': 22, 'dropout': 0.3461432796494949, 'hidden_continuous_size': 5, 'attention_head_size': 4, 'learning_rate': 0.07458003031336653}. Best is trial 0 with value: 113.56995391845703.
[I 2023-12-26 14:17:09,060] Trial 8 finished with value: 335.7814636230469 and parameters: {'gradient_clip_val': 0.21798808246686419, 'hidden_size': 63, 'dropout': 0.46021141998261716, 'hidden_continuous_size': 40, 'attention_head_size': 3, 'learning_rate': 0.002847450720084798}. Best is trial 0 with value: 113.56995391845703.
[I 2023-12-26 14:17:17,605] Trial 9 finished with value: 405.7693176269531 and parameters: {'gradient_clip_val': 0.28202470116658723, 'hidden_size': 113, 'dropout': 0.17432334222251006, 'hidden_continuous_size': 7, 'attention_head_size': 4, 'learning_rate': 0.000734917526433034}. Best is trial 0 with value: 113.56995391845703.
[I 2023-12-26 14:17:19,913] Trial 10 finished with value: 420.2850036621094 and parameters: {'gradient_clip_val': 0.1090442028087862, 'hidden_size': 9, 'dropout': 0.10922682999695889, 'hidden_continuous_size': 8, 'attention_head_size': 3, 'learning_rate': 0.029403329878739285}. Best is trial 0 with value: 113.56995391845703.
[I 2023-12-26 14:17:32,523] Trial 11 finished with value: 515.6139526367188 and parameters: {'gradient_clip_val': 0.14283990858144885, 'hidden_size': 139, 'dropout': 0.23941055279829968, 'hidden_continuous_size': 136, 'attention_head_size': 1, 'learning_rate': 0.021111165674569117}. Best is trial 0 with value: 113.56995391845703.
[I 2023-12-26 14:17:34,930] Trial 12 finished with value: 400.5281066894531 and parameters: {'gradient_clip_val': 0.16740322967491816, 'hidden_size': 13, 'dropout': 0.28274911112168016, 'hidden_continuous_size': 5, 'attention_head_size': 2, 'learning_rate': 0.0034469289900199546}. Best is trial 0 with value: 113.56995391845703.
[I 2023-12-26 14:17:37,142] Trial 13 finished with value: 274.82037353515625 and parameters: {'gradient_clip_val': 0.11189197099962862, 'hidden_size': 6, 'dropout': 0.38112555613131105, 'hidden_continuous_size': 5, 'attention_head_size': 3, 'learning_rate': 0.020915636324250704}. Best is trial 0 with value: 113.56995391845703.
[I 2023-12-26 14:17:39,152] Trial 14 finished with value: 448.0215148925781 and parameters: {'gradient_clip_val': 0.10015703397867072, 'hidden_size': 5, 'dropout': 0.3986717504061824, 'hidden_continuous_size': 5, 'attention_head_size': 3, 'learning_rate': 0.022439084376866307}. Best is trial 0 with value: 113.56995391845703.
[I 2023-12-26 14:17:41,166] Trial 15 finished with value: 436.9034118652344 and parameters: {'gradient_clip_val': 0.17025062402539518, 'hidden_size': 5, 'dropout': 0.26744414383471704, 'hidden_continuous_size': 5, 'attention_head_size': 3, 'learning_rate': 0.044319767953673275}. Best is trial 0 with value: 113.56995391845703.
[I 2023-12-26 14:17:43,593] Trial 16 finished with value: 502.2780456542969 and parameters: {'gradient_clip_val': 0.16630913918477122, 'hidden_size': 13, 'dropout': 0.23673978916745367, 'hidden_continuous_size': 6, 'attention_head_size': 3, 'learning_rate': 0.014920454157506303}. Best is trial 0 with value: 113.56995391845703.
[I 2023-12-26 14:17:49,919] Trial 17 finished with value: 330.2414855957031 and parameters: {'gradient_clip_val': 0.10381237602343532, 'hidden_size': 77, 'dropout': 0.2938730741034551, 'hidden_continuous_size': 10, 'attention_head_size': 3, 'learning_rate': 0.04351907683660438}. Best is trial 0 with value: 113.56995391845703.
[I 2023-12-26 14:18:00,787] Trial 18 finished with value: 233.44224548339844 and parameters: {'gradient_clip_val': 0.13851477555328687, 'hidden_size': 143, 'dropout': 0.4257043848103058, 'hidden_continuous_size': 19, 'attention_head_size': 2, 'learning_rate': 0.01578063469570091}. Best is trial 0 with value: 113.56995391845703.
[I 2023-12-26 14:18:11,650] Trial 19 finished with value: 262.5256042480469 and parameters: {'gradient_clip_val': 0.14651409375418242, 'hidden_size': 141, 'dropout': 0.10283983176429456, 'hidden_continuous_size': 25, 'attention_head_size': 1, 'learning_rate': 0.013378660761336498}. Best is trial 0 with value: 113.56995391845703.
[I 2023-12-26 14:18:23,624] Trial 20 finished with value: 463.3768615722656 and parameters: {'gradient_clip_val': 0.1973644455933093, 'hidden_size': 148, 'dropout': 0.42404334945241706, 'hidden_continuous_size': 88, 'attention_head_size': 2, 'learning_rate': 0.005000114675212622}. Best is trial 0 with value: 113.56995391845703.
[I 2023-12-26 14:18:34,896] Trial 21 finished with value: 278.49017333984375 and parameters: {'gradient_clip_val': 0.14339679400817795, 'hidden_size': 150, 'dropout': 0.12866025432792638, 'hidden_continuous_size': 24, 'attention_head_size': 1, 'learning_rate': 0.017742233157195985}. Best is trial 0 with value: 113.56995391845703.
[I 2023-12-26 14:18:43,855] Trial 22 finished with value: 333.6550598144531 and parameters: {'gradient_clip_val': 0.14061233116570504, 'hidden_size': 116, 'dropout': 0.10584868579109155, 'hidden_continuous_size': 21, 'attention_head_size': 1, 'learning_rate': 0.01270406995385997}. Best is trial 0 with value: 113.56995391845703.
[I 2023-12-26 14:18:51,144] Trial 23 finished with value: 160.7032928466797 and parameters: {'gradient_clip_val': 0.184968598690515, 'hidden_size': 87, 'dropout': 0.1494051656639597, 'hidden_continuous_size': 28, 'attention_head_size': 1, 'learning_rate': 0.011617198557241892}. Best is trial 0 with value: 113.56995391845703.
[I 2023-12-26 14:18:58,569] Trial 24 finished with value: 402.9662170410156 and parameters: {'gradient_clip_val': 0.19081438293062195, 'hidden_size': 86, 'dropout': 0.1629888261581833, 'hidden_continuous_size': 31, 'attention_head_size': 2, 'learning_rate': 0.005997228270061493}. Best is trial 0 with value: 113.56995391845703.
[I 2023-12-26 14:19:05,959] Trial 25 finished with value: 305.2511901855469 and parameters: {'gradient_clip_val': 0.1224482863994906, 'hidden_size': 95, 'dropout': 0.3260410803073138, 'hidden_continuous_size': 16, 'attention_head_size': 1, 'learning_rate': 0.030157278603497015}. Best is trial 0 with value: 113.56995391845703.
[I 2023-12-26 14:19:11,670] Trial 26 finished with value: 358.1441955566406 and parameters: {'gradient_clip_val': 0.23844993342908835, 'hidden_size': 69, 'dropout': 0.21791187773448117, 'hidden_continuous_size': 34, 'attention_head_size': 2, 'learning_rate': 0.011392075480258322}. Best is trial 0 with value: 113.56995391845703.
[I 2023-12-26 14:19:16,232] Trial 27 finished with value: 343.209716796875 and parameters: {'gradient_clip_val': 0.1682858483049474, 'hidden_size': 55, 'dropout': 0.14312904676720886, 'hidden_continuous_size': 19, 'attention_head_size': 2, 'learning_rate': 0.00631793978184156}. Best is trial 0 with value: 113.56995391845703.
[I 2023-12-26 14:19:23,729] Trial 28 finished with value: 317.92071533203125 and parameters: {'gradient_clip_val': 0.127123194384339, 'hidden_size': 104, 'dropout': 0.4995565849238342, 'hidden_continuous_size': 49, 'attention_head_size': 1, 'learning_rate': 0.01456313769035017}. Best is trial 0 with value: 113.56995391845703.
[I 2023-12-26 14:19:28,057] Trial 29 finished with value: 424.6754455566406 and parameters: {'gradient_clip_val': 0.29223255147729543, 'hidden_size': 49, 'dropout': 0.19384736551542098, 'hidden_continuous_size': 13, 'attention_head_size': 2, 'learning_rate': 0.08594314471832189}. Best is trial 0 with value: 113.56995391845703.
[I 2023-12-26 14:19:30,932] Trial 30 finished with value: 285.9576721191406 and parameters: {'gradient_clip_val': 0.19038541982298998, 'hidden_size': 42, 'dropout': 0.20311480001095733, 'hidden_continuous_size': 19, 'attention_head_size': 3, 'learning_rate': 0.009719196417644729}. Best is trial 0 with value: 113.56995391845703.
[I 2023-12-26 14:19:39,538] Trial 31 finished with value: 278.2005615234375 and parameters: {'gradient_clip_val': 0.14898854677203188, 'hidden_size': 124, 'dropout': 0.1313287707643056, 'hidden_continuous_size': 26, 'attention_head_size': 1, 'learning_rate': 0.013066835175405148}. Best is trial 0 with value: 113.56995391845703.
[I 2023-12-26 14:19:44,468] Trial 32 finished with value: 280.4496154785156 and parameters: {'gradient_clip_val': 0.1197947459165429, 'hidden_size': 82, 'dropout': 0.10163730531542144, 'hidden_continuous_size': 26, 'attention_head_size': 1, 'learning_rate': 0.01655341816197896}. Best is trial 0 with value: 113.56995391845703.
[I 2023-12-26 14:19:52,467] Trial 33 finished with value: 258.41595458984375 and parameters: {'gradient_clip_val': 0.14125947425667704, 'hidden_size': 111, 'dropout': 0.1647714364338851, 'hidden_continuous_size': 29, 'attention_head_size': 1, 'learning_rate': 0.007583889616997828}. Best is trial 0 with value: 113.56995391845703.
[I 2023-12-26 14:20:00,858] Trial 34 finished with value: 587.4877319335938 and parameters: {'gradient_clip_val': 0.12813961559883233, 'hidden_size': 104, 'dropout': 0.1758520854878503, 'hidden_continuous_size': 32, 'attention_head_size': 1, 'learning_rate': 0.007430473277737619}. Best is trial 0 with value: 113.56995391845703.
[I 2023-12-26 14:20:07,030] Trial 35 finished with value: 461.6210021972656 and parameters: {'gradient_clip_val': 0.10137427205485981, 'hidden_size': 82, 'dropout': 0.1670970931135212, 'hidden_continuous_size': 38, 'attention_head_size': 2, 'learning_rate': 0.008655191040471846}. Best is trial 0 with value: 113.56995391845703.
[I 2023-12-26 14:20:14,913] Trial 36 finished with value: 368.7359619140625 and parameters: {'gradient_clip_val': 0.1548675308397935, 'hidden_size': 119, 'dropout': 0.20536415947768083, 'hidden_continuous_size': 51, 'attention_head_size': 1, 'learning_rate': 0.01008656355096133}. Best is trial 0 with value: 113.56995391845703.
