[I 2023-12-16 14:39:17,594] Trial 29 finished with value: 602.1271362304688 and parameters: {'gradient_clip_val': 0.39340154143425926, 'hidden_size': 8, 'dropout': 0.12514495925673078, 'hidden_continuous_size': 5, 'attention_head_size': 3, 'learning_rate': 0.0007818281034321345}. Best is trial 14 with value: 291.7063293457031.
LOCAL_RANK: 0 - CUDA_VISIBLE_DEVICES: [0]
[I 2023-12-16 14:40:06,772] Trial 30 finished with value: 526.2543334960938 and parameters: {'gradient_clip_val': 0.6625986186867774, 'hidden_size': 35, 'dropout': 0.1084927952966657, 'hidden_continuous_size': 13, 'attention_head_size': 1, 'learning_rate': 0.002218821871047297}. Best is trial 14 with value: 291.7063293457031.
LOCAL_RANK: 0 - CUDA_VISIBLE_DEVICES: [0]
[I 2023-12-16 14:40:54,938] Trial 31 finished with value: 406.4939270019531 and parameters: {'gradient_clip_val': 0.49628391838274016, 'hidden_size': 26, 'dropout': 0.2252435288254655, 'hidden_continuous_size': 9, 'attention_head_size': 1, 'learning_rate': 0.001242280846243656}. Best is trial 14 with value: 291.7063293457031.
LOCAL_RANK: 0 - CUDA_VISIBLE_DEVICES: [0]
[I 2023-12-16 14:41:41,201] Trial 32 finished with value: 382.64501953125 and parameters: {'gradient_clip_val': 0.7894673119555795, 'hidden_size': 19, 'dropout': 0.23257437145960463, 'hidden_continuous_size': 8, 'attention_head_size': 1, 'learning_rate': 0.0011092024946803968}. Best is trial 14 with value: 291.7063293457031.
LOCAL_RANK: 0 - CUDA_VISIBLE_DEVICES: [0]
[I 2023-12-16 14:42:30,976] Trial 33 finished with value: 295.7630920410156 and parameters: {'gradient_clip_val': 0.6182731561906608, 'hidden_size': 33, 'dropout': 0.24294543617973752, 'hidden_continuous_size': 10, 'attention_head_size': 4, 'learning_rate': 0.0008541451099161878}. Best is trial 14 with value: 291.7063293457031.
LOCAL_RANK: 0 - CUDA_VISIBLE_DEVICES: [0]
[I 2023-12-16 14:43:18,753] Trial 34 finished with value: 363.1873474121094 and parameters: {'gradient_clip_val': 0.6542106911553466, 'hidden_size': 24, 'dropout': 0.2485592921060628, 'hidden_continuous_size': 10, 'attention_head_size': 4, 'learning_rate': 0.0008613711601924896}. Best is trial 14 with value: 291.7063293457031.
LOCAL_RANK: 0 - CUDA_VISIBLE_DEVICES: [0]
[I 2023-12-16 14:44:10,389] Trial 35 finished with value: 536.9606323242188 and parameters: {'gradient_clip_val': 0.8486336974701048, 'hidden_size': 37, 'dropout': 0.16993295089049387, 'hidden_continuous_size': 15, 'attention_head_size': 4, 'learning_rate': 0.0015631871963586454}. Best is trial 14 with value: 291.7063293457031.
LOCAL_RANK: 0 - CUDA_VISIBLE_DEVICES: [0]
[I 2023-12-16 14:44:59,013] Trial 36 finished with value: 357.1018981933594 and parameters: {'gradient_clip_val': 0.8712989504617982, 'hidden_size': 22, 'dropout': 0.18447354628377172, 'hidden_continuous_size': 8, 'attention_head_size': 4, 'learning_rate': 0.0006989323591158809}. Best is trial 14 with value: 291.7063293457031.
LOCAL_RANK: 0 - CUDA_VISIBLE_DEVICES: [0]
[I 2023-12-16 14:45:43,792] Trial 37 finished with value: 408.2633972167969 and parameters: {'gradient_clip_val': 0.6988264578001665, 'hidden_size': 11, 'dropout': 0.20903823397461765, 'hidden_continuous_size': 6, 'attention_head_size': 2, 'learning_rate': 0.0009699353660509795}. Best is trial 14 with value: 291.7063293457031.
LOCAL_RANK: 0 - CUDA_VISIBLE_DEVICES: [0]
[I 2023-12-16 14:46:29,475] Trial 38 finished with value: 320.07806396484375 and parameters: {'gradient_clip_val': 0.20630568116508594, 'hidden_size': 17, 'dropout': 0.2585999998447205, 'hidden_continuous_size': 7, 'attention_head_size': 2, 'learning_rate': 0.005791082787560799}. Best is trial 14 with value: 291.7063293457031.
LOCAL_RANK: 0 - CUDA_VISIBLE_DEVICES: [0]
[I 2023-12-16 14:47:17,914] Trial 39 finished with value: 609.9976806640625 and parameters: {'gradient_clip_val': 0.20132217716755654, 'hidden_size': 25, 'dropout': 0.2974608343416896, 'hidden_continuous_size': 9, 'attention_head_size': 2, 'learning_rate': 0.007284614650015804}. Best is trial 14 with value: 291.7063293457031.
LOCAL_RANK: 0 - CUDA_VISIBLE_DEVICES: [0]
[I 2023-12-16 14:48:02,014] Trial 40 finished with value: 546.9478149414062 and parameters: {'gradient_clip_val': 0.2230785718466333, 'hidden_size': 16, 'dropout': 0.2558650094967452, 'hidden_continuous_size': 7, 'attention_head_size': 2, 'learning_rate': 0.004414915354766509}. Best is trial 14 with value: 291.7063293457031.
LOCAL_RANK: 0 - CUDA_VISIBLE_DEVICES: [0]
[I 2023-12-16 14:48:49,539] Trial 41 finished with value: 406.3378601074219 and parameters: {'gradient_clip_val': 0.1604817209395086, 'hidden_size': 22, 'dropout': 0.24521499695490925, 'hidden_continuous_size': 8, 'attention_head_size': 2, 'learning_rate': 0.005326966761115893}. Best is trial 14 with value: 291.7063293457031.
LOCAL_RANK: 0 - CUDA_VISIBLE_DEVICES: [0]
[I 2023-12-16 14:49:34,814] Trial 42 finished with value: 516.0077514648438 and parameters: {'gradient_clip_val': 0.15934760911091264, 'hidden_size': 17, 'dropout': 0.26905145616520765, 'hidden_continuous_size': 6, 'attention_head_size': 2, 'learning_rate': 0.009317606566145126}. Best is trial 14 with value: 291.7063293457031.
LOCAL_RANK: 0 - CUDA_VISIBLE_DEVICES: [0]
[I 2023-12-16 14:50:19,438] Trial 43 finished with value: 514.1406860351562 and parameters: {'gradient_clip_val': 0.8977215877048779, 'hidden_size': 10, 'dropout': 0.21488789546830844, 'hidden_continuous_size': 5, 'attention_head_size': 2, 'learning_rate': 0.0013452643702666803}. Best is trial 14 with value: 291.7063293457031.
LOCAL_RANK: 0 - CUDA_VISIBLE_DEVICES: [0]
[I 2023-12-16 14:51:04,303] Trial 44 finished with value: 287.5696105957031 and parameters: {'gradient_clip_val': 0.23217290102549182, 'hidden_size': 13, 'dropout': 0.24029310316870303, 'hidden_continuous_size': 7, 'attention_head_size': 2, 'learning_rate': 0.002397137858975102}. Best is trial 44 with value: 287.5696105957031.
LOCAL_RANK: 0 - CUDA_VISIBLE_DEVICES: [0]
[I 2023-12-16 14:51:48,983] Trial 45 finished with value: 542.1675415039062 and parameters: {'gradient_clip_val': 0.24341206491797038, 'hidden_size': 13, 'dropout': 0.2628127921993837, 'hidden_continuous_size': 7, 'attention_head_size': 2, 'learning_rate': 0.0025908907334437907}. Best is trial 44 with value: 287.5696105957031.
LOCAL_RANK: 0 - CUDA_VISIBLE_DEVICES: [0]
[I 2023-12-16 14:52:33,947] Trial 46 finished with value: 421.9917907714844 and parameters: {'gradient_clip_val': 0.29471664577317225, 'hidden_size': 9, 'dropout': 0.3053612102387841, 'hidden_continuous_size': 7, 'attention_head_size': 2, 'learning_rate': 0.003272901836237332}. Best is trial 44 with value: 287.5696105957031.
LOCAL_RANK: 0 - CUDA_VISIBLE_DEVICES: [0]
[I 2023-12-16 14:53:20,336] Trial 47 finished with value: 378.5909729003906 and parameters: {'gradient_clip_val': 0.2522635221815282, 'hidden_size': 20, 'dropout': 0.27689277788374334, 'hidden_continuous_size': 8, 'attention_head_size': 3, 'learning_rate': 0.0021562375830806507}. Best is trial 44 with value: 287.5696105957031.
LOCAL_RANK: 0 - CUDA_VISIBLE_DEVICES: [0]
[I 2023-12-16 14:54:04,427] Trial 48 finished with value: 434.5945739746094 and parameters: {'gradient_clip_val': 0.7982137421332991, 'hidden_size': 16, 'dropout': 0.24297069214747663, 'hidden_continuous_size': 6, 'attention_head_size': 2, 'learning_rate': 0.0006394100865721394}. Best is trial 44 with value: 287.5696105957031.
LOCAL_RANK: 0 - CUDA_VISIBLE_DEVICES: [0]
[I 2023-12-16 14:54:56,069] Trial 49 finished with value: 385.3071594238281 and parameters: {'gradient_clip_val': 0.3447228152926508, 'hidden_size': 42, 'dropout': 0.25762465036126225, 'hidden_continuous_size': 10, 'attention_head_size': 3, 'learning_rate': 0.0035732662778594194}. Best is trial 44 with value: 287.5696105957031.
[I 2023-12-16 14:54:56,158] A new study created in memory with name: no-name-d653f67d-7cb5-4f3d-a962-cd8b4e180615
/home/le004/conda/anaconda3/envs/tsff_env/lib/python3.9/site-packages/lightning/fabric/plugins/environments/slurm.py:191: The `srun` command is available on your system but is not used. HINT: If your intention is to run Lightning on SLURM, prepend your python command with `srun` like so: srun python /home/le004/master_thesis/git/TSFusionForecast/code/ ...
LOCAL_RANK: 0 - CUDA_VISIBLE_DEVICES: [0]
[I 2023-12-16 14:55:45,842] Trial 0 finished with value: 381.2832336425781 and parameters: {'gradient_clip_val': 0.10937181880827479, 'hidden_size': 29, 'dropout': 0.16858365230395778, 'hidden_continuous_size': 18, 'attention_head_size': 4, 'learning_rate': 0.006958327026795766}. Best is trial 0 with value: 381.2832336425781.
LOCAL_RANK: 0 - CUDA_VISIBLE_DEVICES: [0]
[I 2023-12-16 14:56:33,191] Trial 1 finished with value: 679.5952758789062 and parameters: {'gradient_clip_val': 0.6638645675716434, 'hidden_size': 22, 'dropout': 0.22552145618920022, 'hidden_continuous_size': 6, 'attention_head_size': 1, 'learning_rate': 0.05768571381688619}. Best is trial 0 with value: 381.2832336425781.
LOCAL_RANK: 0 - CUDA_VISIBLE_DEVICES: [0]
[I 2023-12-16 14:57:26,130] Trial 2 finished with value: 960.510498046875 and parameters: {'gradient_clip_val': 0.14725058704675514, 'hidden_size': 52, 'dropout': 0.34699497005060825, 'hidden_continuous_size': 32, 'attention_head_size': 4, 'learning_rate': 0.003079054784040999}. Best is trial 0 with value: 381.2832336425781.
LOCAL_RANK: 0 - CUDA_VISIBLE_DEVICES: [0]
[I 2023-12-16 14:58:00,171] Trial 3 finished with value: 966.3684692382812 and parameters: {'gradient_clip_val': 0.25219644005059155, 'hidden_size': 5, 'dropout': 0.10694775659320764, 'hidden_continuous_size': 5, 'attention_head_size': 2, 'learning_rate': 0.004814191336438786}. Best is trial 0 with value: 381.2832336425781.
LOCAL_RANK: 0 - CUDA_VISIBLE_DEVICES: [0]
[I 2023-12-16 14:58:43,223] Trial 4 finished with value: 689.9602661132812 and parameters: {'gradient_clip_val': 0.286476804781484, 'hidden_size': 12, 'dropout': 0.17755302025295255, 'hidden_continuous_size': 5, 'attention_head_size': 1, 'learning_rate': 0.01861175180715902}. Best is trial 0 with value: 381.2832336425781.
LOCAL_RANK: 0 - CUDA_VISIBLE_DEVICES: [0]
[I 2023-12-16 14:59:28,904] Trial 5 finished with value: 1662.7701416015625 and parameters: {'gradient_clip_val': 0.18258306445838313, 'hidden_size': 19, 'dropout': 0.378989863343842, 'hidden_continuous_size': 5, 'attention_head_size': 1, 'learning_rate': 0.06462870407369108}. Best is trial 0 with value: 381.2832336425781.
LOCAL_RANK: 0 - CUDA_VISIBLE_DEVICES: [0]
[I 2023-12-16 15:00:12,886] Trial 6 finished with value: 590.2449340820312 and parameters: {'gradient_clip_val': 0.36127291715267407, 'hidden_size': 12, 'dropout': 0.2533470503722062, 'hidden_continuous_size': 6, 'attention_head_size': 4, 'learning_rate': 0.005874745346182131}. Best is trial 0 with value: 381.2832336425781.
LOCAL_RANK: 0 - CUDA_VISIBLE_DEVICES: [0]
[I 2023-12-16 15:00:57,554] Trial 7 finished with value: 636.4078369140625 and parameters: {'gradient_clip_val': 0.5117925277494201, 'hidden_size': 16, 'dropout': 0.20100089278127625, 'hidden_continuous_size': 6, 'attention_head_size': 4, 'learning_rate': 0.0033362801824455154}. Best is trial 0 with value: 381.2832336425781.
LOCAL_RANK: 0 - CUDA_VISIBLE_DEVICES: [0]
[I 2023-12-16 15:01:43,629] Trial 8 finished with value: 828.82568359375 and parameters: {'gradient_clip_val': 0.3287891943616575, 'hidden_size': 19, 'dropout': 0.10670456909937276, 'hidden_continuous_size': 7, 'attention_head_size': 1, 'learning_rate': 0.01852151117030634}. Best is trial 0 with value: 381.2832336425781.
LOCAL_RANK: 0 - CUDA_VISIBLE_DEVICES: [0]
[I 2023-12-16 15:02:29,468] Trial 9 finished with value: 771.9578247070312 and parameters: {'gradient_clip_val': 0.47981944464426546, 'hidden_size': 20, 'dropout': 0.31472054320367293, 'hidden_continuous_size': 7, 'attention_head_size': 2, 'learning_rate': 0.007830159486186927}. Best is trial 0 with value: 381.2832336425781.
LOCAL_RANK: 0 - CUDA_VISIBLE_DEVICES: [0]
[I 2023-12-16 15:03:26,801] Trial 10 finished with value: 396.7094421386719 and parameters: {'gradient_clip_val': 0.11348507637280664, 'hidden_size': 95, 'dropout': 0.27869299690175503, 'hidden_continuous_size': 84, 'attention_head_size': 3, 'learning_rate': 0.0007273755487200817}. Best is trial 0 with value: 381.2832336425781.
LOCAL_RANK: 0 - CUDA_VISIBLE_DEVICES: [0]
[I 2023-12-16 15:04:24,004] Trial 11 finished with value: 1049.66796875 and parameters: {'gradient_clip_val': 0.1019213887933236, 'hidden_size': 97, 'dropout': 0.280098540151092, 'hidden_continuous_size': 73, 'attention_head_size': 3, 'learning_rate': 0.0006715414050466442}. Best is trial 0 with value: 381.2832336425781.
LOCAL_RANK: 0 - CUDA_VISIBLE_DEVICES: [0]
[I 2023-12-16 15:05:21,380] Trial 12 finished with value: 1716.70068359375 and parameters: {'gradient_clip_val': 0.10548880178789985, 'hidden_size': 92, 'dropout': 0.16612183051031623, 'hidden_continuous_size': 89, 'attention_head_size': 3, 'learning_rate': 0.0005055318724393758}. Best is trial 0 with value: 381.2832336425781.
LOCAL_RANK: 0 - CUDA_VISIBLE_DEVICES: [0]
[I 2023-12-16 15:06:13,430] Trial 13 finished with value: 765.1168823242188 and parameters: {'gradient_clip_val': 0.14718080126554095, 'hidden_size': 47, 'dropout': 0.2760720881623423, 'hidden_continuous_size': 13, 'attention_head_size': 3, 'learning_rate': 0.0013403116285590306}. Best is trial 0 with value: 381.2832336425781.
LOCAL_RANK: 0 - CUDA_VISIBLE_DEVICES: [0]
[I 2023-12-16 15:07:06,401] Trial 14 finished with value: 872.2173461914062 and parameters: {'gradient_clip_val': 0.9290470846825111, 'hidden_size': 43, 'dropout': 0.2287165825130607, 'hidden_continuous_size': 20, 'attention_head_size': 4, 'learning_rate': 0.0014397522732650639}. Best is trial 0 with value: 381.2832336425781.
LOCAL_RANK: 0 - CUDA_VISIBLE_DEVICES: [0]
[I 2023-12-16 15:07:59,950] Trial 15 finished with value: 619.4271850585938 and parameters: {'gradient_clip_val': 0.198561616992816, 'hidden_size': 64, 'dropout': 0.3133411892659476, 'hidden_continuous_size': 44, 'attention_head_size': 3, 'learning_rate': 0.0016786857286482976}. Best is trial 0 with value: 381.2832336425781.
LOCAL_RANK: 0 - CUDA_VISIBLE_DEVICES: [0]
[I 2023-12-16 15:08:49,382] Trial 16 finished with value: 639.0863647460938 and parameters: {'gradient_clip_val': 0.1001921852635461, 'hidden_size': 35, 'dropout': 0.15572619266946686, 'hidden_continuous_size': 11, 'attention_head_size': 2, 'learning_rate': 0.0007812947718327947}. Best is trial 0 with value: 381.2832336425781.
LOCAL_RANK: 0 - CUDA_VISIBLE_DEVICES: [0]
[I 2023-12-16 15:09:37,671] Trial 17 finished with value: 611.054443359375 and parameters: {'gradient_clip_val': 0.13377476680923633, 'hidden_size': 32, 'dropout': 0.20926089975966394, 'hidden_continuous_size': 12, 'attention_head_size': 4, 'learning_rate': 0.002206552075744026}. Best is trial 0 with value: 381.2832336425781.
LOCAL_RANK: 0 - CUDA_VISIBLE_DEVICES: [0]
[I 2023-12-16 15:10:31,042] Trial 18 finished with value: 1511.0784912109375 and parameters: {'gradient_clip_val': 0.19117000268318662, 'hidden_size': 70, 'dropout': 0.2522669471327674, 'hidden_continuous_size': 24, 'attention_head_size': 3, 'learning_rate': 0.0009696448799208133}. Best is trial 0 with value: 381.2832336425781.
LOCAL_RANK: 0 - CUDA_VISIBLE_DEVICES: [0]
[I 2023-12-16 15:11:26,423] Trial 19 finished with value: 650.9403686523438 and parameters: {'gradient_clip_val': 0.12838409961178637, 'hidden_size': 74, 'dropout': 0.3946101039104332, 'hidden_continuous_size': 45, 'attention_head_size': 4, 'learning_rate': 0.0005244632201354504}. Best is trial 0 with value: 381.2832336425781.
LOCAL_RANK: 0 - CUDA_VISIBLE_DEVICES: [0]
[I 2023-12-16 15:12:15,626] Trial 20 finished with value: 537.8893432617188 and parameters: {'gradient_clip_val': 0.2195108996680381, 'hidden_size': 31, 'dropout': 0.1508699719103921, 'hidden_continuous_size': 15, 'attention_head_size': 3, 'learning_rate': 0.002327812150349053}. Best is trial 0 with value: 381.2832336425781.
LOCAL_RANK: 0 - CUDA_VISIBLE_DEVICES: [0]
[I 2023-12-16 15:13:04,638] Trial 21 finished with value: 1098.7315673828125 and parameters: {'gradient_clip_val': 0.2306317369827078, 'hidden_size': 31, 'dropout': 0.13615856825844455, 'hidden_continuous_size': 15, 'attention_head_size': 3, 'learning_rate': 0.0011488569245351997}. Best is trial 0 with value: 381.2832336425781.
LOCAL_RANK: 0 - CUDA_VISIBLE_DEVICES: [0]
[I 2023-12-16 15:13:56,858] Trial 22 finished with value: 3023.167236328125 and parameters: {'gradient_clip_val': 0.17261065847408397, 'hidden_size': 58, 'dropout': 0.18561807002740277, 'hidden_continuous_size': 19, 'attention_head_size': 2, 'learning_rate': 0.0023001590581539144}. Best is trial 0 with value: 381.2832336425781.
LOCAL_RANK: 0 - CUDA_VISIBLE_DEVICES: [0]
[I 2023-12-16 15:14:46,557] Trial 23 finished with value: 442.0533752441406 and parameters: {'gradient_clip_val': 0.12410166212901377, 'hidden_size': 40, 'dropout': 0.142792098512393, 'hidden_continuous_size': 10, 'attention_head_size': 3, 'learning_rate': 0.001225456579754199}. Best is trial 0 with value: 381.2832336425781.
LOCAL_RANK: 0 - CUDA_VISIBLE_DEVICES: [0]
[I 2023-12-16 15:15:39,267] Trial 24 finished with value: 491.6611022949219 and parameters: {'gradient_clip_val': 0.11842129314124017, 'hidden_size': 80, 'dropout': 0.12428295342218951, 'hidden_continuous_size': 9, 'attention_head_size': 3, 'learning_rate': 0.000855250209639736}. Best is trial 0 with value: 381.2832336425781.
LOCAL_RANK: 0 - CUDA_VISIBLE_DEVICES: [0]
[I 2023-12-16 15:16:34,080] Trial 25 finished with value: 451.7295837402344 and parameters: {'gradient_clip_val': 0.15733332064506428, 'hidden_size': 100, 'dropout': 0.18253653629598854, 'hidden_continuous_size': 9, 'attention_head_size': 4, 'learning_rate': 0.0009531816748835525}. Best is trial 0 with value: 381.2832336425781.
LOCAL_RANK: 0 - CUDA_VISIBLE_DEVICES: [0]
[I 2023-12-16 15:17:27,000] Trial 26 finished with value: 551.6480102539062 and parameters: {'gradient_clip_val': 0.121873353524488, 'hidden_size': 59, 'dropout': 0.12730966640738317, 'hidden_continuous_size': 23, 'attention_head_size': 2, 'learning_rate': 0.0015491981256127091}. Best is trial 0 with value: 381.2832336425781.
LOCAL_RANK: 0 - CUDA_VISIBLE_DEVICES: [0]
[I 2023-12-16 15:18:18,281] Trial 27 finished with value: 534.8405151367188 and parameters: {'gradient_clip_val': 0.1555711249481124, 'hidden_size': 42, 'dropout': 0.1514479205056655, 'hidden_continuous_size': 10, 'attention_head_size': 3, 'learning_rate': 0.0006648447995300826}. Best is trial 0 with value: 381.2832336425781.
LOCAL_RANK: 0 - CUDA_VISIBLE_DEVICES: [0]
[I 2023-12-16 15:19:11,148] Trial 28 finished with value: 414.317626953125 and parameters: {'gradient_clip_val': 0.12155063774140974, 'hidden_size': 72, 'dropout': 0.21709721606023583, 'hidden_continuous_size': 16, 'attention_head_size': 4, 'learning_rate': 0.0011300264075159898}. Best is trial 0 with value: 381.2832336425781.
LOCAL_RANK: 0 - CUDA_VISIBLE_DEVICES: [0]
[I 2023-12-16 15:20:04,588] Trial 29 finished with value: 644.5314331054688 and parameters: {'gradient_clip_val': 0.11257560333688342, 'hidden_size': 73, 'dropout': 0.23748178646371126, 'hidden_continuous_size': 16, 'attention_head_size': 4, 'learning_rate': 0.09751202212279715}. Best is trial 0 with value: 381.2832336425781.
LOCAL_RANK: 0 - CUDA_VISIBLE_DEVICES: [0]
[I 2023-12-16 15:20:58,085] Trial 30 finished with value: 594.2069702148438 and parameters: {'gradient_clip_val': 0.13739791655065164, 'hidden_size': 55, 'dropout': 0.21159140856796238, 'hidden_continuous_size': 29, 'attention_head_size': 4, 'learning_rate': 0.009123966425125071}. Best is trial 0 with value: 381.2832336425781.
LOCAL_RANK: 0 - CUDA_VISIBLE_DEVICES: [0]
[I 2023-12-16 15:21:51,810] Trial 31 finished with value: 414.9603576660156 and parameters: {'gradient_clip_val': 0.12373309797021124, 'hidden_size': 83, 'dropout': 0.19677784669453383, 'hidden_continuous_size': 13, 'attention_head_size': 4, 'learning_rate': 0.0011510472265550008}. Best is trial 0 with value: 381.2832336425781.
LOCAL_RANK: 0 - CUDA_VISIBLE_DEVICES: [0]
[I 2023-12-16 15:22:45,234] Trial 32 finished with value: 929.2152709960938 and parameters: {'gradient_clip_val': 0.1606971451816476, 'hidden_size': 78, 'dropout': 0.19416813491388082, 'hidden_continuous_size': 15, 'attention_head_size': 4, 'learning_rate': 0.000994769404037345}. Best is trial 0 with value: 381.2832336425781.
LOCAL_RANK: 0 - CUDA_VISIBLE_DEVICES: [0]
[I 2023-12-16 15:23:38,710] Trial 33 finished with value: 472.6095275878906 and parameters: {'gradient_clip_val': 0.11610777362525544, 'hidden_size': 88, 'dropout': 0.22401597999514855, 'hidden_continuous_size': 17, 'attention_head_size': 4, 'learning_rate': 0.0037605684808576195}. Best is trial 0 with value: 381.2832336425781.
LOCAL_RANK: 0 - CUDA_VISIBLE_DEVICES: [0]
[I 2023-12-16 15:24:31,842] Trial 34 finished with value: 516.2039184570312 and parameters: {'gradient_clip_val': 0.13502893994932041, 'hidden_size': 62, 'dropout': 0.20144982801135014, 'hidden_continuous_size': 13, 'attention_head_size': 4, 'learning_rate': 0.0019971012677921234}. Best is trial 0 with value: 381.2832336425781.
LOCAL_RANK: 0 - CUDA_VISIBLE_DEVICES: [0]
[I 2023-12-16 15:25:25,207] Trial 35 finished with value: 803.3058471679688 and parameters: {'gradient_clip_val': 0.14135547647600605, 'hidden_size': 50, 'dropout': 0.17159470801651008, 'hidden_continuous_size': 18, 'attention_head_size': 4, 'learning_rate': 0.003042987708682659}. Best is trial 0 with value: 381.2832336425781.
LOCAL_RANK: 0 - CUDA_VISIBLE_DEVICES: [0]
[I 2023-12-16 15:26:19,786] Trial 36 finished with value: 480.811767578125 and parameters: {'gradient_clip_val': 0.10038383075212634, 'hidden_size': 83, 'dropout': 0.21607184818468625, 'hidden_continuous_size': 22, 'attention_head_size': 4, 'learning_rate': 0.0006844855335923259}. Best is trial 0 with value: 381.2832336425781.
LOCAL_RANK: 0 - CUDA_VISIBLE_DEVICES: [0]
