[I 2023-12-16 05:24:24,695] Trial 33 finished with value: 23.882524490356445 and parameters: {'gradient_clip_val': 0.5898005047118663, 'hidden_size': 78, 'dropout': 0.31484249582822266, 'hidden_continuous_size': 56, 'attention_head_size': 3, 'learning_rate': 0.017020782788663917}. Best is trial 12 with value: 15.450718879699707.
LOCAL_RANK: 0 - CUDA_VISIBLE_DEVICES: [0]
[I 2023-12-16 05:25:21,990] Trial 34 finished with value: 21.360300064086914 and parameters: {'gradient_clip_val': 0.9003364265243605, 'hidden_size': 99, 'dropout': 0.355220630201326, 'hidden_continuous_size': 45, 'attention_head_size': 3, 'learning_rate': 0.012755041312737418}. Best is trial 12 with value: 15.450718879699707.
LOCAL_RANK: 0 - CUDA_VISIBLE_DEVICES: [0]
[I 2023-12-16 05:26:15,702] Trial 35 finished with value: 43.87284469604492 and parameters: {'gradient_clip_val': 0.8853160719125018, 'hidden_size': 56, 'dropout': 0.3848615269762103, 'hidden_continuous_size': 39, 'attention_head_size': 3, 'learning_rate': 0.022998204745072203}. Best is trial 12 with value: 15.450718879699707.
LOCAL_RANK: 0 - CUDA_VISIBLE_DEVICES: [0]
[I 2023-12-16 05:27:10,657] Trial 36 finished with value: 39.97450256347656 and parameters: {'gradient_clip_val': 0.5550321062938043, 'hidden_size': 72, 'dropout': 0.36163583774196817, 'hidden_continuous_size': 46, 'attention_head_size': 3, 'learning_rate': 0.032217185191942076}. Best is trial 12 with value: 15.450718879699707.
LOCAL_RANK: 0 - CUDA_VISIBLE_DEVICES: [0]
[I 2023-12-16 05:28:06,542] Trial 37 finished with value: 41.25687789916992 and parameters: {'gradient_clip_val': 0.7174636213297034, 'hidden_size': 84, 'dropout': 0.3854906284125871, 'hidden_continuous_size': 55, 'attention_head_size': 3, 'learning_rate': 0.008181718387929585}. Best is trial 12 with value: 15.450718879699707.
LOCAL_RANK: 0 - CUDA_VISIBLE_DEVICES: [0]
[I 2023-12-16 05:29:01,255] Trial 38 finished with value: 25.289451599121094 and parameters: {'gradient_clip_val': 0.4920479225531083, 'hidden_size': 62, 'dropout': 0.3503699384932044, 'hidden_continuous_size': 30, 'attention_head_size': 4, 'learning_rate': 0.01327689868549553}. Best is trial 12 with value: 15.450718879699707.
LOCAL_RANK: 0 - CUDA_VISIBLE_DEVICES: [0]
[I 2023-12-16 05:29:59,847] Trial 39 finished with value: 26.392736434936523 and parameters: {'gradient_clip_val': 0.9138172718590286, 'hidden_size': 100, 'dropout': 0.33604934177987633, 'hidden_continuous_size': 67, 'attention_head_size': 3, 'learning_rate': 0.08427798412002822}. Best is trial 12 with value: 15.450718879699707.
LOCAL_RANK: 0 - CUDA_VISIBLE_DEVICES: [0]
[I 2023-12-16 05:30:51,988] Trial 40 finished with value: 18.587831497192383 and parameters: {'gradient_clip_val': 0.6514965917208763, 'hidden_size': 40, 'dropout': 0.2959781051795187, 'hidden_continuous_size': 27, 'attention_head_size': 2, 'learning_rate': 0.046371270661004355}. Best is trial 12 with value: 15.450718879699707.
LOCAL_RANK: 0 - CUDA_VISIBLE_DEVICES: [0]
[I 2023-12-16 05:31:45,173] Trial 41 finished with value: 28.666244506835938 and parameters: {'gradient_clip_val': 0.6452911135493649, 'hidden_size': 42, 'dropout': 0.3000409084248011, 'hidden_continuous_size': 28, 'attention_head_size': 2, 'learning_rate': 0.04136557095320861}. Best is trial 12 with value: 15.450718879699707.
LOCAL_RANK: 0 - CUDA_VISIBLE_DEVICES: [0]
[I 2023-12-16 05:32:37,486] Trial 42 finished with value: 36.29655838012695 and parameters: {'gradient_clip_val': 0.5576869733071164, 'hidden_size': 31, 'dropout': 0.2830268432006576, 'hidden_continuous_size': 24, 'attention_head_size': 2, 'learning_rate': 0.020289261480317324}. Best is trial 12 with value: 15.450718879699707.
LOCAL_RANK: 0 - CUDA_VISIBLE_DEVICES: [0]
[I 2023-12-16 05:33:31,855] Trial 43 finished with value: 31.779016494750977 and parameters: {'gradient_clip_val': 0.7192759346283049, 'hidden_size': 54, 'dropout': 0.3604088477018456, 'hidden_continuous_size': 39, 'attention_head_size': 3, 'learning_rate': 0.054336025588487095}. Best is trial 12 with value: 15.450718879699707.
LOCAL_RANK: 0 - CUDA_VISIBLE_DEVICES: [0]
[I 2023-12-16 05:34:24,542] Trial 44 finished with value: 32.13846206665039 and parameters: {'gradient_clip_val': 0.4299131113023613, 'hidden_size': 35, 'dropout': 0.2668091483634265, 'hidden_continuous_size': 27, 'attention_head_size': 2, 'learning_rate': 0.06880102217726036}. Best is trial 12 with value: 15.450718879699707.
LOCAL_RANK: 0 - CUDA_VISIBLE_DEVICES: [0]
[I 2023-12-16 05:35:19,333] Trial 45 finished with value: 30.628786087036133 and parameters: {'gradient_clip_val': 0.5008148844364316, 'hidden_size': 71, 'dropout': 0.3150595473743667, 'hidden_continuous_size': 35, 'attention_head_size': 1, 'learning_rate': 0.04421039303229355}. Best is trial 12 with value: 15.450718879699707.
LOCAL_RANK: 0 - CUDA_VISIBLE_DEVICES: [0]
[I 2023-12-16 05:36:11,953] Trial 46 finished with value: 16.483366012573242 and parameters: {'gradient_clip_val': 0.658843314326681, 'hidden_size': 83, 'dropout': 0.33489187099601225, 'hidden_continuous_size': 5, 'attention_head_size': 2, 'learning_rate': 0.03048117351128594}. Best is trial 12 with value: 15.450718879699707.
LOCAL_RANK: 0 - CUDA_VISIBLE_DEVICES: [0]
[I 2023-12-16 05:37:02,328] Trial 47 finished with value: 34.839412689208984 and parameters: {'gradient_clip_val': 0.5998045259056342, 'hidden_size': 43, 'dropout': 0.3003339961376357, 'hidden_continuous_size': 5, 'attention_head_size': 2, 'learning_rate': 0.03235468442711241}. Best is trial 12 with value: 15.450718879699707.
LOCAL_RANK: 0 - CUDA_VISIBLE_DEVICES: [0]
[I 2023-12-16 05:37:50,559] Trial 48 finished with value: 34.39982986450195 and parameters: {'gradient_clip_val': 0.6520315706752957, 'hidden_size': 32, 'dropout': 0.3320609248687611, 'hidden_continuous_size': 6, 'attention_head_size': 2, 'learning_rate': 0.06915357207930312}. Best is trial 12 with value: 15.450718879699707.
LOCAL_RANK: 0 - CUDA_VISIBLE_DEVICES: [0]
[I 2023-12-16 05:38:42,719] Trial 49 finished with value: 58.05336380004883 and parameters: {'gradient_clip_val': 0.6851972586412701, 'hidden_size': 53, 'dropout': 0.3407833410829116, 'hidden_continuous_size': 7, 'attention_head_size': 2, 'learning_rate': 0.025955995084074878}. Best is trial 12 with value: 15.450718879699707.
[I 2023-12-16 05:38:42,814] A new study created in memory with name: no-name-025c7207-fff0-4d33-a7aa-97c7b59a1afb
/home/le004/conda/anaconda3/envs/tsff_env/lib/python3.9/site-packages/lightning/fabric/plugins/environments/slurm.py:191: The `srun` command is available on your system but is not used. HINT: If your intention is to run Lightning on SLURM, prepend your python command with `srun` like so: srun python /home/le004/master_thesis/git/TSFusionForecast/code/ ...
LOCAL_RANK: 0 - CUDA_VISIBLE_DEVICES: [0]
[I 2023-12-16 05:39:28,459] Trial 0 finished with value: 3222.541748046875 and parameters: {'gradient_clip_val': 0.11981508588766397, 'hidden_size': 14, 'dropout': 0.26302138634563965, 'hidden_continuous_size': 7, 'attention_head_size': 1, 'learning_rate': 0.06420923145665011}. Best is trial 0 with value: 3222.541748046875.
LOCAL_RANK: 0 - CUDA_VISIBLE_DEVICES: [0]
[I 2023-12-16 05:40:15,545] Trial 1 finished with value: 4146.89697265625 and parameters: {'gradient_clip_val': 0.8696555437283854, 'hidden_size': 11, 'dropout': 0.19917986049521563, 'hidden_continuous_size': 9, 'attention_head_size': 3, 'learning_rate': 0.00905738702423519}. Best is trial 0 with value: 3222.541748046875.
LOCAL_RANK: 0 - CUDA_VISIBLE_DEVICES: [0]
[I 2023-12-16 05:41:00,517] Trial 2 finished with value: 3007.989013671875 and parameters: {'gradient_clip_val': 0.5918933100964375, 'hidden_size': 11, 'dropout': 0.20760197656485588, 'hidden_continuous_size': 5, 'attention_head_size': 1, 'learning_rate': 0.003763540853201957}. Best is trial 2 with value: 3007.989013671875.
LOCAL_RANK: 0 - CUDA_VISIBLE_DEVICES: [0]
[I 2023-12-16 05:41:54,132] Trial 3 finished with value: 1563.2413330078125 and parameters: {'gradient_clip_val': 0.17936395472061586, 'hidden_size': 48, 'dropout': 0.3049448538951765, 'hidden_continuous_size': 35, 'attention_head_size': 3, 'learning_rate': 0.05465075791945821}. Best is trial 3 with value: 1563.2413330078125.
LOCAL_RANK: 0 - CUDA_VISIBLE_DEVICES: [0]
[I 2023-12-16 05:42:45,918] Trial 4 finished with value: 1518.3013916015625 and parameters: {'gradient_clip_val': 0.7030294421225773, 'hidden_size': 31, 'dropout': 0.12098435010365638, 'hidden_continuous_size': 20, 'attention_head_size': 2, 'learning_rate': 0.021015477294890585}. Best is trial 4 with value: 1518.3013916015625.
LOCAL_RANK: 0 - CUDA_VISIBLE_DEVICES: [0]
[I 2023-12-16 05:43:22,896] Trial 5 finished with value: 5062.56884765625 and parameters: {'gradient_clip_val': 0.4438267634285776, 'hidden_size': 8, 'dropout': 0.34320565055968777, 'hidden_continuous_size': 8, 'attention_head_size': 4, 'learning_rate': 0.020145090888747587}. Best is trial 4 with value: 1518.3013916015625.
LOCAL_RANK: 0 - CUDA_VISIBLE_DEVICES: [0]
[I 2023-12-16 05:44:16,080] Trial 6 finished with value: 2941.6533203125 and parameters: {'gradient_clip_val': 0.1537647620305393, 'hidden_size': 92, 'dropout': 0.34961045316969863, 'hidden_continuous_size': 8, 'attention_head_size': 1, 'learning_rate': 0.043253556220962094}. Best is trial 4 with value: 1518.3013916015625.
LOCAL_RANK: 0 - CUDA_VISIBLE_DEVICES: [0]
[I 2023-12-16 05:45:10,136] Trial 7 finished with value: 3080.209716796875 and parameters: {'gradient_clip_val': 0.6155790831755019, 'hidden_size': 68, 'dropout': 0.34567090783593146, 'hidden_continuous_size': 19, 'attention_head_size': 4, 'learning_rate': 0.0010613412850435312}. Best is trial 4 with value: 1518.3013916015625.
LOCAL_RANK: 0 - CUDA_VISIBLE_DEVICES: [0]
[I 2023-12-16 05:45:47,126] Trial 8 finished with value: 1679.3614501953125 and parameters: {'gradient_clip_val': 0.557643461069897, 'hidden_size': 7, 'dropout': 0.3715514830619997, 'hidden_continuous_size': 7, 'attention_head_size': 2, 'learning_rate': 0.0038920005996550392}. Best is trial 4 with value: 1518.3013916015625.
LOCAL_RANK: 0 - CUDA_VISIBLE_DEVICES: [0]
[I 2023-12-16 05:46:33,407] Trial 9 finished with value: 6188.00537109375 and parameters: {'gradient_clip_val': 0.8573793871310759, 'hidden_size': 11, 'dropout': 0.2760826085069624, 'hidden_continuous_size': 8, 'attention_head_size': 3, 'learning_rate': 0.00929340187114751}. Best is trial 4 with value: 1518.3013916015625.
LOCAL_RANK: 0 - CUDA_VISIBLE_DEVICES: [0]
[I 2023-12-16 05:47:22,061] Trial 10 finished with value: 4642.609375 and parameters: {'gradient_clip_val': 0.3213015948805841, 'hidden_size': 28, 'dropout': 0.11294300713911137, 'hidden_continuous_size': 15, 'attention_head_size': 2, 'learning_rate': 0.02115356241296723}. Best is trial 4 with value: 1518.3013916015625.
LOCAL_RANK: 0 - CUDA_VISIBLE_DEVICES: [0]
[I 2023-12-16 05:48:15,594] Trial 11 finished with value: 4017.2138671875 and parameters: {'gradient_clip_val': 0.22254615965721863, 'hidden_size': 35, 'dropout': 0.12394383321127486, 'hidden_continuous_size': 34, 'attention_head_size': 3, 'learning_rate': 0.09620423843725445}. Best is trial 4 with value: 1518.3013916015625.
LOCAL_RANK: 0 - CUDA_VISIBLE_DEVICES: [0]
[I 2023-12-16 05:48:53,641] Trial 12 finished with value: 6530.61083984375 and parameters: {'gradient_clip_val': 0.2293874427252392, 'hidden_size': 42, 'dropout': 0.29477769377945034, 'hidden_continuous_size': 42, 'attention_head_size': 2, 'learning_rate': 0.04237194113765383}. Best is trial 4 with value: 1518.3013916015625.
LOCAL_RANK: 0 - CUDA_VISIBLE_DEVICES: [0]
[I 2023-12-16 05:49:43,325] Trial 13 finished with value: 4053.636962890625 and parameters: {'gradient_clip_val': 0.10093288717314708, 'hidden_size': 22, 'dropout': 0.1658076028094307, 'hidden_continuous_size': 17, 'attention_head_size': 3, 'learning_rate': 0.021552239441999268}. Best is trial 4 with value: 1518.3013916015625.
LOCAL_RANK: 0 - CUDA_VISIBLE_DEVICES: [0]
[I 2023-12-16 05:50:36,587] Trial 14 finished with value: 1983.6837158203125 and parameters: {'gradient_clip_val': 0.3015061225191027, 'hidden_size': 49, 'dropout': 0.22592925936083696, 'hidden_continuous_size': 27, 'attention_head_size': 2, 'learning_rate': 0.08888133488412733}. Best is trial 4 with value: 1518.3013916015625.
LOCAL_RANK: 0 - CUDA_VISIBLE_DEVICES: [0]
[I 2023-12-16 05:51:26,845] Trial 15 finished with value: 2927.598388671875 and parameters: {'gradient_clip_val': 0.16953512208015678, 'hidden_size': 23, 'dropout': 0.3014087013397203, 'hidden_continuous_size': 13, 'attention_head_size': 4, 'learning_rate': 0.036854766320426335}. Best is trial 4 with value: 1518.3013916015625.
LOCAL_RANK: 0 - CUDA_VISIBLE_DEVICES: [0]
[I 2023-12-16 05:52:21,354] Trial 16 finished with value: 1031.1082763671875 and parameters: {'gradient_clip_val': 0.9543733544491227, 'hidden_size': 56, 'dropout': 0.15592626182090652, 'hidden_continuous_size': 52, 'attention_head_size': 3, 'learning_rate': 0.014542155164648282}. Best is trial 16 with value: 1031.1082763671875.
LOCAL_RANK: 0 - CUDA_VISIBLE_DEVICES: [0]
[I 2023-12-16 05:52:57,791] Trial 17 finished with value: 4557.75146484375 and parameters: {'gradient_clip_val': 0.9885883610524144, 'hidden_size': 5, 'dropout': 0.14920848108490137, 'hidden_continuous_size': 5, 'attention_head_size': 2, 'learning_rate': 0.012655349010163477}. Best is trial 16 with value: 1031.1082763671875.
LOCAL_RANK: 0 - CUDA_VISIBLE_DEVICES: [0]
[I 2023-12-16 05:53:48,947] Trial 18 finished with value: 10291.35546875 and parameters: {'gradient_clip_val': 0.7441673076794171, 'hidden_size': 32, 'dropout': 0.10176239292655606, 'hidden_continuous_size': 21, 'attention_head_size': 2, 'learning_rate': 0.004934574812437845}. Best is trial 16 with value: 1031.1082763671875.
LOCAL_RANK: 0 - CUDA_VISIBLE_DEVICES: [0]
[I 2023-12-16 05:54:44,482] Trial 19 finished with value: 2864.040283203125 and parameters: {'gradient_clip_val': 0.9923325468889906, 'hidden_size': 65, 'dropout': 0.16660122060844285, 'hidden_continuous_size': 45, 'attention_head_size': 3, 'learning_rate': 0.01426818704814986}. Best is trial 16 with value: 1031.1082763671875.
LOCAL_RANK: 0 - CUDA_VISIBLE_DEVICES: [0]
[I 2023-12-16 05:55:31,691] Trial 20 finished with value: 4184.111328125 and parameters: {'gradient_clip_val': 0.7529931081685804, 'hidden_size': 20, 'dropout': 0.1434789491017405, 'hidden_continuous_size': 12, 'attention_head_size': 1, 'learning_rate': 0.027785827714125133}. Best is trial 16 with value: 1031.1082763671875.
LOCAL_RANK: 0 - CUDA_VISIBLE_DEVICES: [0]
[I 2023-12-16 05:56:25,678] Trial 21 finished with value: 1486.1669921875 and parameters: {'gradient_clip_val': 0.444979958483479, 'hidden_size': 48, 'dropout': 0.2380610552980949, 'hidden_continuous_size': 47, 'attention_head_size': 3, 'learning_rate': 0.04916262174999295}. Best is trial 16 with value: 1031.1082763671875.
LOCAL_RANK: 0 - CUDA_VISIBLE_DEVICES: [0]
[I 2023-12-16 05:57:04,418] Trial 22 finished with value: 1744.1630859375 and parameters: {'gradient_clip_val': 0.4746631228905087, 'hidden_size': 60, 'dropout': 0.1829727244000869, 'hidden_continuous_size': 60, 'attention_head_size': 3, 'learning_rate': 0.029932513948481055}. Best is trial 16 with value: 1031.1082763671875.
LOCAL_RANK: 0 - CUDA_VISIBLE_DEVICES: [0]
[I 2023-12-16 05:57:58,112] Trial 23 finished with value: 2990.418701171875 and parameters: {'gradient_clip_val': 0.7000523056524486, 'hidden_size': 37, 'dropout': 0.2314189944807506, 'hidden_continuous_size': 23, 'attention_head_size': 4, 'learning_rate': 0.013693040145455753}. Best is trial 16 with value: 1031.1082763671875.
LOCAL_RANK: 0 - CUDA_VISIBLE_DEVICES: [0]
[I 2023-12-16 05:58:57,342] Trial 24 finished with value: 5212.724609375 and parameters: {'gradient_clip_val': 0.5061501345671943, 'hidden_size': 99, 'dropout': 0.12730099485804588, 'hidden_continuous_size': 85, 'attention_head_size': 3, 'learning_rate': 0.06026437034096664}. Best is trial 16 with value: 1031.1082763671875.
LOCAL_RANK: 0 - CUDA_VISIBLE_DEVICES: [0]
[I 2023-12-16 05:59:49,864] Trial 25 finished with value: 2161.533935546875 and parameters: {'gradient_clip_val': 0.41634503997116373, 'hidden_size': 48, 'dropout': 0.14131986813832184, 'hidden_continuous_size': 26, 'attention_head_size': 2, 'learning_rate': 0.030075611166807823}. Best is trial 16 with value: 1031.1082763671875.
LOCAL_RANK: 0 - CUDA_VISIBLE_DEVICES: [0]
[I 2023-12-16 06:00:46,150] Trial 26 finished with value: 4250.255859375 and parameters: {'gradient_clip_val': 0.6551442884203263, 'hidden_size': 74, 'dropout': 0.10080586755307286, 'hidden_continuous_size': 53, 'attention_head_size': 3, 'learning_rate': 0.018237311160565824}. Best is trial 16 with value: 1031.1082763671875.
LOCAL_RANK: 0 - CUDA_VISIBLE_DEVICES: [0]
[I 2023-12-16 06:01:36,800] Trial 27 finished with value: 1301.98828125 and parameters: {'gradient_clip_val': 0.6378470729862138, 'hidden_size': 29, 'dropout': 0.18850382827244375, 'hidden_continuous_size': 16, 'attention_head_size': 4, 'learning_rate': 0.03573220925385739}. Best is trial 16 with value: 1031.1082763671875.
LOCAL_RANK: 0 - CUDA_VISIBLE_DEVICES: [0]
[I 2023-12-16 06:02:31,158] Trial 28 finished with value: 1643.2626953125 and parameters: {'gradient_clip_val': 0.5670876434993632, 'hidden_size': 42, 'dropout': 0.22854601102602154, 'hidden_continuous_size': 27, 'attention_head_size': 4, 'learning_rate': 0.06935068666940329}. Best is trial 16 with value: 1031.1082763671875.
LOCAL_RANK: 0 - CUDA_VISIBLE_DEVICES: [0]
[I 2023-12-16 06:03:25,597] Trial 29 finished with value: 1702.4190673828125 and parameters: {'gradient_clip_val': 0.3711225639299414, 'hidden_size': 56, 'dropout': 0.25307024778277387, 'hidden_continuous_size': 34, 'attention_head_size': 4, 'learning_rate': 0.05409290340954198}. Best is trial 16 with value: 1031.1082763671875.
LOCAL_RANK: 0 - CUDA_VISIBLE_DEVICES: [0]
[I 2023-12-16 06:04:23,082] Trial 30 finished with value: 3193.952392578125 and parameters: {'gradient_clip_val': 0.5005910595765418, 'hidden_size': 80, 'dropout': 0.18791162372596917, 'hidden_continuous_size': 73, 'attention_head_size': 4, 'learning_rate': 0.03788606846229743}. Best is trial 16 with value: 1031.1082763671875.
LOCAL_RANK: 0 - CUDA_VISIBLE_DEVICES: [0]
[I 2023-12-16 06:05:12,871] Trial 31 finished with value: 4169.15576171875 and parameters: {'gradient_clip_val': 0.7936812664836069, 'hidden_size': 27, 'dropout': 0.15957324829275973, 'hidden_continuous_size': 16, 'attention_head_size': 3, 'learning_rate': 0.030627032194091287}. Best is trial 16 with value: 1031.1082763671875.
LOCAL_RANK: 0 - CUDA_VISIBLE_DEVICES: [0]
[I 2023-12-16 06:06:01,512] Trial 32 finished with value: 1191.4427490234375 and parameters: {'gradient_clip_val': 0.6758110387747739, 'hidden_size': 18, 'dropout': 0.17565061577459612, 'hidden_continuous_size': 13, 'attention_head_size': 2, 'learning_rate': 0.07016919889226775}. Best is trial 16 with value: 1031.1082763671875.
LOCAL_RANK: 0 - CUDA_VISIBLE_DEVICES: [0]
[I 2023-12-16 06:06:48,503] Trial 33 finished with value: 6231.35302734375 and parameters: {'gradient_clip_val': 0.8660539890749844, 'hidden_size': 16, 'dropout': 0.21016140777789147, 'hidden_continuous_size': 11, 'attention_head_size': 3, 'learning_rate': 0.08018924989696889}. Best is trial 16 with value: 1031.1082763671875.
LOCAL_RANK: 0 - CUDA_VISIBLE_DEVICES: [0]
[I 2023-12-16 06:07:35,810] Trial 34 finished with value: 4882.60400390625 and parameters: {'gradient_clip_val': 0.628883367331895, 'hidden_size': 17, 'dropout': 0.19499187500322918, 'hidden_continuous_size': 10, 'attention_head_size': 1, 'learning_rate': 0.077385671828015}. Best is trial 16 with value: 1031.1082763671875.
LOCAL_RANK: 0 - CUDA_VISIBLE_DEVICES: [0]
[I 2023-12-16 06:08:25,854] Trial 35 finished with value: 3521.801513671875 and parameters: {'gradient_clip_val': 0.6612743085731504, 'hidden_size': 26, 'dropout': 0.20811875150978482, 'hidden_continuous_size': 14, 'attention_head_size': 3, 'learning_rate': 0.05087049906787551}. Best is trial 16 with value: 1031.1082763671875.
LOCAL_RANK: 0 - CUDA_VISIBLE_DEVICES: [0]
[I 2023-12-16 06:09:19,213] Trial 36 finished with value: 2026.3851318359375 and parameters: {'gradient_clip_val': 0.8064330052039386, 'hidden_size': 38, 'dropout': 0.17770590904029396, 'hidden_continuous_size': 17, 'attention_head_size': 4, 'learning_rate': 0.06269977507784776}. Best is trial 16 with value: 1031.1082763671875.
LOCAL_RANK: 0 - CUDA_VISIBLE_DEVICES: [0]
[I 2023-12-16 06:10:12,780] Trial 37 finished with value: 2902.015625 and parameters: {'gradient_clip_val': 0.5582800243288168, 'hidden_size': 54, 'dropout': 0.17670761159741263, 'hidden_continuous_size': 13, 'attention_head_size': 2, 'learning_rate': 0.052471594335809515}. Best is trial 16 with value: 1031.1082763671875.
LOCAL_RANK: 0 - CUDA_VISIBLE_DEVICES: [0]
[I 2023-12-16 06:11:02,922] Trial 38 finished with value: 6293.78173828125 and parameters: {'gradient_clip_val': 0.9319419163846937, 'hidden_size': 30, 'dropout': 0.19899845963581322, 'hidden_continuous_size': 11, 'attention_head_size': 3, 'learning_rate': 0.046757673028616706}. Best is trial 16 with value: 1031.1082763671875.
LOCAL_RANK: 0 - CUDA_VISIBLE_DEVICES: [0]
[I 2023-12-16 06:11:55,946] Trial 39 finished with value: 1251.9954833984375 and parameters: {'gradient_clip_val': 0.7339051320252392, 'hidden_size': 44, 'dropout': 0.24369393006741372, 'hidden_continuous_size': 30, 'attention_head_size': 4, 'learning_rate': 0.09673183211002002}. Best is trial 16 with value: 1031.1082763671875.
LOCAL_RANK: 0 - CUDA_VISIBLE_DEVICES: [0]
[I 2023-12-16 06:12:45,807] Trial 40 finished with value: 1760.13818359375 and parameters: {'gradient_clip_val': 0.8768174879885879, 'hidden_size': 19, 'dropout': 0.2152538660206404, 'hidden_continuous_size': 15, 'attention_head_size': 4, 'learning_rate': 0.08795008474045668}. Best is trial 16 with value: 1031.1082763671875.
LOCAL_RANK: 0 - CUDA_VISIBLE_DEVICES: [0]
