[I 2023-12-26 17:37:15,490] Trial 43 finished with value: 6048.2421875 and parameters: {'gradient_clip_val': 0.8490484554925898, 'hidden_size': 60, 'dropout': 0.22425349799084618, 'hidden_continuous_size': 14, 'attention_head_size': 4, 'learning_rate': 0.026458858746853428}. Best is trial 0 with value: 562.8583374023438.
[I 2023-12-26 17:37:18,411] Trial 44 finished with value: 6737.26025390625 and parameters: {'gradient_clip_val': 0.9888930479967165, 'hidden_size': 41, 'dropout': 0.16640461457459496, 'hidden_continuous_size': 13, 'attention_head_size': 4, 'learning_rate': 0.013269029499845146}. Best is trial 0 with value: 562.8583374023438.
[I 2023-12-26 17:37:23,000] Trial 45 finished with value: 5601.09228515625 and parameters: {'gradient_clip_val': 0.5351490905327331, 'hidden_size': 76, 'dropout': 0.275446744312783, 'hidden_continuous_size': 9, 'attention_head_size': 4, 'learning_rate': 0.035583321051902775}. Best is trial 0 with value: 562.8583374023438.
[I 2023-12-26 17:37:32,385] Trial 46 finished with value: 6083.1875 and parameters: {'gradient_clip_val': 0.6020051661606289, 'hidden_size': 149, 'dropout': 0.2548620915021149, 'hidden_continuous_size': 26, 'attention_head_size': 4, 'learning_rate': 0.05138147706107785}. Best is trial 0 with value: 562.8583374023438.
[I 2023-12-26 17:37:34,923] Trial 47 finished with value: 6607.548828125 and parameters: {'gradient_clip_val': 0.520442283114265, 'hidden_size': 33, 'dropout': 0.1308012634581256, 'hidden_continuous_size': 13, 'attention_head_size': 1, 'learning_rate': 0.07620496005621678}. Best is trial 0 with value: 562.8583374023438.
[I 2023-12-26 17:37:38,599] Trial 48 finished with value: 5577.4296875 and parameters: {'gradient_clip_val': 0.4621648820332056, 'hidden_size': 64, 'dropout': 0.18290051092609536, 'hidden_continuous_size': 16, 'attention_head_size': 3, 'learning_rate': 0.00791831880496773}. Best is trial 0 with value: 562.8583374023438.
[I 2023-12-26 17:37:41,918] Trial 49 finished with value: 5925.04150390625 and parameters: {'gradient_clip_val': 0.6124421994742931, 'hidden_size': 51, 'dropout': 0.20608092373932518, 'hidden_continuous_size': 17, 'attention_head_size': 4, 'learning_rate': 0.024315921116968932}. Best is trial 0 with value: 562.8583374023438.
[I 2023-12-26 17:37:42,038] A new study created in memory with name: no-name-abf7f3c5-1718-48df-85a3-bf41bcaf9c45
/home/le004/conda/anaconda3/envs/tsff_env/lib/python3.9/site-packages/lightning/fabric/plugins/environments/slurm.py:191: The `srun` command is available on your system but is not used. HINT: If your intention is to run Lightning on SLURM, prepend your python command with `srun` like so: srun python /home/le004/master_thesis/git/TSFusionForecast/code/ ...
[I 2023-12-26 17:43:51,301] Trial 0 finished with value: 293.5495300292969 and parameters: {'gradient_clip_val': 0.12006819201754425, 'hidden_size': 100, 'dropout': 0.14331580682895548, 'hidden_continuous_size': 14, 'attention_head_size': 4, 'learning_rate': 0.08713492455128224}. Best is trial 0 with value: 293.5495300292969.
[I 2023-12-26 17:43:53,336] Trial 1 finished with value: 243.602783203125 and parameters: {'gradient_clip_val': 0.2653103037158832, 'hidden_size': 7, 'dropout': 0.4322351849996997, 'hidden_continuous_size': 6, 'attention_head_size': 1, 'learning_rate': 0.0976736209043026}. Best is trial 1 with value: 243.602783203125.
[I 2023-12-26 17:43:55,924] Trial 2 finished with value: 334.9986267089844 and parameters: {'gradient_clip_val': 0.8184498260520896, 'hidden_size': 17, 'dropout': 0.3741124784717016, 'hidden_continuous_size': 13, 'attention_head_size': 3, 'learning_rate': 0.000915236322331638}. Best is trial 1 with value: 243.602783203125.
[I 2023-12-26 17:44:00,115] Trial 3 finished with value: 329.2110595703125 and parameters: {'gradient_clip_val': 0.377489494993661, 'hidden_size': 47, 'dropout': 0.44955157002985524, 'hidden_continuous_size': 18, 'attention_head_size': 2, 'learning_rate': 0.016827003362559316}. Best is trial 1 with value: 243.602783203125.
[I 2023-12-26 17:44:02,749] Trial 4 finished with value: 284.6455383300781 and parameters: {'gradient_clip_val': 0.2667165860907302, 'hidden_size': 18, 'dropout': 0.16464196294260547, 'hidden_continuous_size': 5, 'attention_head_size': 1, 'learning_rate': 0.003800600512282977}. Best is trial 1 with value: 243.602783203125.
[I 2023-12-26 17:44:05,412] Trial 5 finished with value: 296.5706787109375 and parameters: {'gradient_clip_val': 0.41285007625239606, 'hidden_size': 15, 'dropout': 0.39883085403393614, 'hidden_continuous_size': 5, 'attention_head_size': 2, 'learning_rate': 0.040002506571946136}. Best is trial 1 with value: 243.602783203125.
[I 2023-12-26 17:44:11,761] Trial 6 finished with value: 222.0584259033203 and parameters: {'gradient_clip_val': 0.9320454961780631, 'hidden_size': 67, 'dropout': 0.4907265520306495, 'hidden_continuous_size': 54, 'attention_head_size': 1, 'learning_rate': 0.013434131566593517}. Best is trial 6 with value: 222.0584259033203.
[I 2023-12-26 17:44:14,042] Trial 7 finished with value: 351.4926452636719 and parameters: {'gradient_clip_val': 0.4808520662389834, 'hidden_size': 6, 'dropout': 0.4072863037953207, 'hidden_continuous_size': 6, 'attention_head_size': 4, 'learning_rate': 0.0006187965262075672}. Best is trial 6 with value: 222.0584259033203.
[I 2023-12-26 17:44:18,726] Trial 8 finished with value: 245.78883361816406 and parameters: {'gradient_clip_val': 0.12762641729620322, 'hidden_size': 54, 'dropout': 0.17317570038489843, 'hidden_continuous_size': 23, 'attention_head_size': 1, 'learning_rate': 0.0026301810394132605}. Best is trial 6 with value: 222.0584259033203.
[I 2023-12-26 17:44:21,048] Trial 9 finished with value: 480.6315002441406 and parameters: {'gradient_clip_val': 0.7506945857024726, 'hidden_size': 7, 'dropout': 0.26505252418616876, 'hidden_continuous_size': 6, 'attention_head_size': 2, 'learning_rate': 0.07429367453955382}. Best is trial 6 with value: 222.0584259033203.
[I 2023-12-26 17:44:32,031] Trial 10 finished with value: 445.3079528808594 and parameters: {'gradient_clip_val': 0.970625238788117, 'hidden_size': 135, 'dropout': 0.48513397518142315, 'hidden_continuous_size': 79, 'attention_head_size': 3, 'learning_rate': 0.011900231607190169}. Best is trial 6 with value: 222.0584259033203.
[I 2023-12-26 17:44:35,107] Trial 11 finished with value: 317.2259216308594 and parameters: {'gradient_clip_val': 0.2490038526219075, 'hidden_size': 37, 'dropout': 0.48489217998148904, 'hidden_continuous_size': 9, 'attention_head_size': 1, 'learning_rate': 0.026367987392001795}. Best is trial 6 with value: 222.0584259033203.
[I 2023-12-26 17:44:37,866] Trial 12 finished with value: 388.9310607910156 and parameters: {'gradient_clip_val': 0.5652961766763305, 'hidden_size': 9, 'dropout': 0.335277773925029, 'hidden_continuous_size': 6, 'attention_head_size': 1, 'learning_rate': 0.008818576796620065}. Best is trial 6 with value: 222.0584259033203.
[I 2023-12-26 17:44:39,978] Trial 13 finished with value: 267.3389892578125 and parameters: {'gradient_clip_val': 0.20630912696667875, 'hidden_size': 5, 'dropout': 0.49298234433765364, 'hidden_continuous_size': 5, 'attention_head_size': 1, 'learning_rate': 0.03776359580399007}. Best is trial 6 with value: 222.0584259033203.
[I 2023-12-26 17:44:43,082] Trial 14 finished with value: 233.34751892089844 and parameters: {'gradient_clip_val': 0.6029068649295487, 'hidden_size': 29, 'dropout': 0.4456073856263758, 'hidden_continuous_size': 9, 'attention_head_size': 2, 'learning_rate': 0.017237432011723577}. Best is trial 6 with value: 222.0584259033203.
[I 2023-12-26 17:44:49,393] Trial 15 finished with value: 284.1391296386719 and parameters: {'gradient_clip_val': 0.6692797794789227, 'hidden_size': 76, 'dropout': 0.3602222029016845, 'hidden_continuous_size': 34, 'attention_head_size': 2, 'learning_rate': 0.005524020436212922}. Best is trial 6 with value: 222.0584259033203.
[I 2023-12-26 17:44:52,679] Trial 16 finished with value: 464.0768127441406 and parameters: {'gradient_clip_val': 0.9404251535406073, 'hidden_size': 31, 'dropout': 0.43816080257440476, 'hidden_continuous_size': 9, 'attention_head_size': 3, 'learning_rate': 0.01638749145063168}. Best is trial 6 with value: 222.0584259033203.
[I 2023-12-26 17:44:58,842] Trial 17 finished with value: 249.2652130126953 and parameters: {'gradient_clip_val': 0.6259371590680366, 'hidden_size': 66, 'dropout': 0.31144453272768635, 'hidden_continuous_size': 49, 'attention_head_size': 2, 'learning_rate': 0.007640791038769799}. Best is trial 6 with value: 222.0584259033203.
[I 2023-12-26 17:45:01,941] Trial 18 finished with value: 159.4384002685547 and parameters: {'gradient_clip_val': 0.557319607698037, 'hidden_size': 26, 'dropout': 0.45485752797932905, 'hidden_continuous_size': 10, 'attention_head_size': 2, 'learning_rate': 0.021402888122533003}. Best is trial 18 with value: 159.4384002685547.
[I 2023-12-26 17:45:05,005] Trial 19 finished with value: 212.0374755859375 and parameters: {'gradient_clip_val': 0.7548899671336591, 'hidden_size': 23, 'dropout': 0.2703980228285119, 'hidden_continuous_size': 11, 'attention_head_size': 3, 'learning_rate': 0.025932475567502326}. Best is trial 18 with value: 159.4384002685547.
[I 2023-12-26 17:45:07,958] Trial 20 finished with value: 351.4026794433594 and parameters: {'gradient_clip_val': 0.5105319246136273, 'hidden_size': 22, 'dropout': 0.2679581927462578, 'hidden_continuous_size': 11, 'attention_head_size': 3, 'learning_rate': 0.02910969921834518}. Best is trial 18 with value: 159.4384002685547.
[I 2023-12-26 17:45:11,455] Trial 21 finished with value: 206.57679748535156 and parameters: {'gradient_clip_val': 0.7628286292775567, 'hidden_size': 41, 'dropout': 0.495296270861551, 'hidden_continuous_size': 17, 'attention_head_size': 3, 'learning_rate': 0.0540909546630076}. Best is trial 18 with value: 159.4384002685547.
[I 2023-12-26 17:45:14,586] Trial 22 finished with value: 292.9804382324219 and parameters: {'gradient_clip_val': 0.7369907175175034, 'hidden_size': 41, 'dropout': 0.2289460219043346, 'hidden_continuous_size': 17, 'attention_head_size': 3, 'learning_rate': 0.04866303006646982}. Best is trial 18 with value: 159.4384002685547.
[I 2023-12-26 17:45:17,099] Trial 23 finished with value: 363.3207092285156 and parameters: {'gradient_clip_val': 0.7424890218912938, 'hidden_size': 25, 'dropout': 0.3366981296637722, 'hidden_continuous_size': 11, 'attention_head_size': 4, 'learning_rate': 0.05783358494067836}. Best is trial 18 with value: 159.4384002685547.
[I 2023-12-26 17:45:20,083] Trial 24 finished with value: 333.6108093261719 and parameters: {'gradient_clip_val': 0.5086482537901881, 'hidden_size': 33, 'dropout': 0.39780999384289434, 'hidden_continuous_size': 15, 'attention_head_size': 3, 'learning_rate': 0.02456676983681021}. Best is trial 18 with value: 159.4384002685547.
[I 2023-12-26 17:45:22,322] Trial 25 finished with value: 355.2257995605469 and parameters: {'gradient_clip_val': 0.6367207732461714, 'hidden_size': 24, 'dropout': 0.46572462683450666, 'hidden_continuous_size': 12, 'attention_head_size': 3, 'learning_rate': 0.05331243809237709}. Best is trial 18 with value: 159.4384002685547.
[I 2023-12-26 17:45:24,317] Trial 26 finished with value: 282.2041931152344 and parameters: {'gradient_clip_val': 0.4227875283146728, 'hidden_size': 12, 'dropout': 0.10169843255034439, 'hidden_continuous_size': 8, 'attention_head_size': 4, 'learning_rate': 0.02930568922245652}. Best is trial 18 with value: 159.4384002685547.
[I 2023-12-26 17:45:26,905] Trial 27 finished with value: 415.0487976074219 and parameters: {'gradient_clip_val': 0.7786660366897373, 'hidden_size': 40, 'dropout': 0.4987187489203456, 'hidden_continuous_size': 18, 'attention_head_size': 3, 'learning_rate': 0.06132776691637019}. Best is trial 18 with value: 159.4384002685547.
[I 2023-12-26 17:45:29,076] Trial 28 finished with value: 378.3154296875 and parameters: {'gradient_clip_val': 0.5654213679817074, 'hidden_size': 22, 'dropout': 0.4089954703422976, 'hidden_continuous_size': 10, 'attention_head_size': 2, 'learning_rate': 0.04095908205592714}. Best is trial 18 with value: 159.4384002685547.
[I 2023-12-26 17:45:31,985] Trial 29 finished with value: 295.3470458984375 and parameters: {'gradient_clip_val': 0.8461701880679084, 'hidden_size': 50, 'dropout': 0.46360845693483244, 'hidden_continuous_size': 14, 'attention_head_size': 4, 'learning_rate': 0.09671315582830456}. Best is trial 18 with value: 159.4384002685547.
[I 2023-12-26 17:45:34,445] Trial 30 finished with value: 290.5041809082031 and parameters: {'gradient_clip_val': 0.667435701349571, 'hidden_size': 33, 'dropout': 0.4272460401103596, 'hidden_continuous_size': 13, 'attention_head_size': 3, 'learning_rate': 0.024308801263924824}. Best is trial 18 with value: 159.4384002685547.
[I 2023-12-26 17:45:39,462] Trial 31 finished with value: 267.8507385253906 and parameters: {'gradient_clip_val': 0.998164344052375, 'hidden_size': 91, 'dropout': 0.46198935511105965, 'hidden_continuous_size': 26, 'attention_head_size': 2, 'learning_rate': 0.0123676908846057}. Best is trial 18 with value: 159.4384002685547.
[I 2023-12-26 17:45:42,785] Trial 32 finished with value: 234.36476135253906 and parameters: {'gradient_clip_val': 0.8188610814844772, 'hidden_size': 62, 'dropout': 0.4814642749851027, 'hidden_continuous_size': 15, 'attention_head_size': 1, 'learning_rate': 0.07455315751142909}. Best is trial 18 with value: 159.4384002685547.
[I 2023-12-26 17:45:45,461] Trial 33 finished with value: 201.39027404785156 and parameters: {'gradient_clip_val': 0.8886506002975915, 'hidden_size': 44, 'dropout': 0.4977774810492938, 'hidden_continuous_size': 8, 'attention_head_size': 3, 'learning_rate': 0.019825967525865105}. Best is trial 18 with value: 159.4384002685547.
[I 2023-12-26 17:45:48,213] Trial 34 finished with value: 394.5068664550781 and parameters: {'gradient_clip_val': 0.8558761068166605, 'hidden_size': 45, 'dropout': 0.4255852051854104, 'hidden_continuous_size': 8, 'attention_head_size': 3, 'learning_rate': 0.03665906967711463}. Best is trial 18 with value: 159.4384002685547.
[I 2023-12-26 17:45:50,559] Trial 35 finished with value: 388.9208984375 and parameters: {'gradient_clip_val': 0.7249741901457188, 'hidden_size': 28, 'dropout': 0.4561315350458863, 'hidden_continuous_size': 11, 'attention_head_size': 3, 'learning_rate': 0.0178492538171379}. Best is trial 18 with value: 159.4384002685547.
[I 2023-12-26 17:45:52,915] Trial 36 finished with value: 281.5475769042969 and parameters: {'gradient_clip_val': 0.8545650878189608, 'hidden_size': 20, 'dropout': 0.3811154283134752, 'hidden_continuous_size': 8, 'attention_head_size': 4, 'learning_rate': 0.022933232839564163}. Best is trial 18 with value: 159.4384002685547.
[I 2023-12-26 17:45:55,021] Trial 37 finished with value: 356.7640686035156 and parameters: {'gradient_clip_val': 0.7022643871660065, 'hidden_size': 15, 'dropout': 0.43528218415174375, 'hidden_continuous_size': 10, 'attention_head_size': 3, 'learning_rate': 0.03411556055404812}. Best is trial 18 with value: 159.4384002685547.
[I 2023-12-26 17:45:57,581] Trial 38 finished with value: 149.62257385253906 and parameters: {'gradient_clip_val': 0.5736149396303762, 'hidden_size': 37, 'dropout': 0.4693662999694349, 'hidden_continuous_size': 12, 'attention_head_size': 2, 'learning_rate': 0.0444788898878665}. Best is trial 38 with value: 149.62257385253906.
[I 2023-12-26 17:46:00,122] Trial 39 finished with value: 318.8041076660156 and parameters: {'gradient_clip_val': 0.3554094498366479, 'hidden_size': 37, 'dropout': 0.49877313581967997, 'hidden_continuous_size': 13, 'attention_head_size': 2, 'learning_rate': 0.04636902588341566}. Best is trial 38 with value: 149.62257385253906.
[I 2023-12-26 17:46:02,945] Trial 40 finished with value: 319.1193542480469 and parameters: {'gradient_clip_val': 0.45563001913816137, 'hidden_size': 47, 'dropout': 0.47102655197956156, 'hidden_continuous_size': 16, 'attention_head_size': 2, 'learning_rate': 0.06270699073475926}. Best is trial 38 with value: 149.62257385253906.
[I 2023-12-26 17:46:05,259] Trial 41 finished with value: 302.2479553222656 and parameters: {'gradient_clip_val': 0.5739026639673311, 'hidden_size': 26, 'dropout': 0.459692097370567, 'hidden_continuous_size': 12, 'attention_head_size': 2, 'learning_rate': 0.01980043312237434}. Best is trial 38 with value: 149.62257385253906.
[I 2023-12-26 17:46:07,576] Trial 42 finished with value: 291.6419372558594 and parameters: {'gradient_clip_val': 0.8788383078408835, 'hidden_size': 32, 'dropout': 0.47480340909556507, 'hidden_continuous_size': 14, 'attention_head_size': 3, 'learning_rate': 0.03206650382882896}. Best is trial 38 with value: 149.62257385253906.
[I 2023-12-26 17:46:09,677] Trial 43 finished with value: 222.2670135498047 and parameters: {'gradient_clip_val': 0.6594341696451679, 'hidden_size': 19, 'dropout': 0.4472951319172062, 'hidden_continuous_size': 10, 'attention_head_size': 2, 'learning_rate': 0.088061502534846}. Best is trial 38 with value: 149.62257385253906.
[I 2023-12-26 17:46:12,682] Trial 44 finished with value: 313.05810546875 and parameters: {'gradient_clip_val': 0.7859784033898793, 'hidden_size': 56, 'dropout': 0.4204313781884497, 'hidden_continuous_size': 20, 'attention_head_size': 3, 'learning_rate': 0.04576962740983822}. Best is trial 38 with value: 149.62257385253906.
[I 2023-12-26 17:46:15,167] Trial 45 finished with value: 324.7340087890625 and parameters: {'gradient_clip_val': 0.5099226843630755, 'hidden_size': 40, 'dropout': 0.47750788696539115, 'hidden_continuous_size': 7, 'attention_head_size': 2, 'learning_rate': 0.020120008191618348}. Best is trial 38 with value: 149.62257385253906.
[I 2023-12-26 17:46:17,536] Trial 46 finished with value: 313.2008361816406 and parameters: {'gradient_clip_val': 0.9160405678484443, 'hidden_size': 27, 'dropout': 0.4486084278142544, 'hidden_continuous_size': 13, 'attention_head_size': 3, 'learning_rate': 0.01365543198647013}. Best is trial 38 with value: 149.62257385253906.
[I 2023-12-26 17:46:20,460] Trial 47 finished with value: 352.6279296875 and parameters: {'gradient_clip_val': 0.5639510810135678, 'hidden_size': 53, 'dropout': 0.4986760206186621, 'hidden_continuous_size': 7, 'attention_head_size': 2, 'learning_rate': 0.03039215135773104}. Best is trial 38 with value: 149.62257385253906.
[I 2023-12-26 17:46:23,210] Trial 48 finished with value: 532.1353149414062 and parameters: {'gradient_clip_val': 0.9802800361698993, 'hidden_size': 35, 'dropout': 0.4776656797961051, 'hidden_continuous_size': 12, 'attention_head_size': 3, 'learning_rate': 0.06956180622100419}. Best is trial 38 with value: 149.62257385253906.
[I 2023-12-26 17:46:25,960] Trial 49 finished with value: 438.771728515625 and parameters: {'gradient_clip_val': 0.6935280419814803, 'hidden_size': 43, 'dropout': 0.4405431484765361, 'hidden_continuous_size': 16, 'attention_head_size': 4, 'learning_rate': 0.039500073802953124}. Best is trial 38 with value: 149.62257385253906.
[I 2023-12-26 17:46:26,071] A new study created in memory with name: no-name-6f8455bd-05f1-432e-8b42-fc42b140ee91
/home/le004/conda/anaconda3/envs/tsff_env/lib/python3.9/site-packages/lightning/fabric/plugins/environments/slurm.py:191: The `srun` command is available on your system but is not used. HINT: If your intention is to run Lightning on SLURM, prepend your python command with `srun` like so: srun python /home/le004/master_thesis/git/TSFusionForecast/code/ ...
[I 2023-12-26 17:55:09,067] Trial 0 finished with value: 1848.0218505859375 and parameters: {'gradient_clip_val': 0.9834599886578701, 'hidden_size': 134, 'dropout': 0.37032992046123014, 'hidden_continuous_size': 14, 'attention_head_size': 1, 'learning_rate': 0.0009753340442965161}. Best is trial 0 with value: 1848.0218505859375.
[I 2023-12-26 17:55:13,676] Trial 1 finished with value: 5777.5390625 and parameters: {'gradient_clip_val': 0.936815291712252, 'hidden_size': 82, 'dropout': 0.10370561995763095, 'hidden_continuous_size': 54, 'attention_head_size': 4, 'learning_rate': 0.0017336071235177584}. Best is trial 0 with value: 1848.0218505859375.
[I 2023-12-26 17:55:16,704] Trial 2 finished with value: 5840.69140625 and parameters: {'gradient_clip_val': 0.11490383648653735, 'hidden_size': 49, 'dropout': 0.36383924917875377, 'hidden_continuous_size': 26, 'attention_head_size': 1, 'learning_rate': 0.003909145904527923}. Best is trial 0 with value: 1848.0218505859375.
[I 2023-12-26 17:55:18,760] Trial 3 finished with value: 6916.53857421875 and parameters: {'gradient_clip_val': 0.41605116098373, 'hidden_size': 18, 'dropout': 0.3822312507927136, 'hidden_continuous_size': 15, 'attention_head_size': 1, 'learning_rate': 0.0009039813236805043}. Best is trial 0 with value: 1848.0218505859375.
[I 2023-12-26 17:55:20,551] Trial 4 finished with value: 6118.873046875 and parameters: {'gradient_clip_val': 0.37717685082249586, 'hidden_size': 6, 'dropout': 0.39681700837787603, 'hidden_continuous_size': 5, 'attention_head_size': 1, 'learning_rate': 0.0031309264014290155}. Best is trial 0 with value: 1848.0218505859375.
[I 2023-12-26 17:55:22,506] Trial 5 finished with value: 4824.76611328125 and parameters: {'gradient_clip_val': 0.8994063600153125, 'hidden_size': 12, 'dropout': 0.10163254354902343, 'hidden_continuous_size': 5, 'attention_head_size': 3, 'learning_rate': 0.01853744940514409}. Best is trial 0 with value: 1848.0218505859375.
[I 2023-12-26 17:55:24,930] Trial 6 finished with value: 6477.4375 and parameters: {'gradient_clip_val': 0.477286508227069, 'hidden_size': 29, 'dropout': 0.49918880706921465, 'hidden_continuous_size': 18, 'attention_head_size': 3, 'learning_rate': 0.015639082216428346}. Best is trial 0 with value: 1848.0218505859375.
