[I 2023-12-27 11:19:04,012] Trial 27 finished with value: 83.17366027832031 and parameters: {'gradient_clip_val': 0.1952258778045417, 'hidden_size': 15, 'dropout': 0.28396730724540536, 'hidden_continuous_size': 7, 'attention_head_size': 3, 'learning_rate': 0.002075631624779539}. Best is trial 1 with value: 19.7987117767334.
LOCAL_RANK: 0 - CUDA_VISIBLE_DEVICES: [0]
[I 2023-12-27 11:19:04,464] Trial 28 finished with value: 65.46981811523438 and parameters: {'gradient_clip_val': 0.24948226944357488, 'hidden_size': 11, 'dropout': 0.1519296258622985, 'hidden_continuous_size': 6, 'attention_head_size': 4, 'learning_rate': 0.010824028257399653}. Best is trial 1 with value: 19.7987117767334.
LOCAL_RANK: 0 - CUDA_VISIBLE_DEVICES: [0]
[I 2023-12-27 11:19:04,908] Trial 29 finished with value: 85.02568817138672 and parameters: {'gradient_clip_val': 0.8621962780062964, 'hidden_size': 6, 'dropout': 0.341069601575074, 'hidden_continuous_size': 5, 'attention_head_size': 4, 'learning_rate': 0.007311708037044981}. Best is trial 1 with value: 19.7987117767334.
LOCAL_RANK: 0 - CUDA_VISIBLE_DEVICES: [0]
[I 2023-12-27 11:19:05,350] Trial 30 finished with value: 64.46595764160156 and parameters: {'gradient_clip_val': 0.320062094531513, 'hidden_size': 6, 'dropout': 0.30039929212827543, 'hidden_continuous_size': 5, 'attention_head_size': 3, 'learning_rate': 0.000929768172255116}. Best is trial 1 with value: 19.7987117767334.
LOCAL_RANK: 0 - CUDA_VISIBLE_DEVICES: [0]
[I 2023-12-27 11:19:05,814] Trial 31 finished with value: 71.37397003173828 and parameters: {'gradient_clip_val': 0.9432758606081336, 'hidden_size': 17, 'dropout': 0.33255273826476084, 'hidden_continuous_size': 6, 'attention_head_size': 4, 'learning_rate': 0.001329631741892256}. Best is trial 1 with value: 19.7987117767334.
LOCAL_RANK: 0 - CUDA_VISIBLE_DEVICES: [0]
[I 2023-12-27 11:19:06,266] Trial 32 finished with value: 85.5028305053711 and parameters: {'gradient_clip_val': 0.42623874409733065, 'hidden_size': 8, 'dropout': 0.3666145522189245, 'hidden_continuous_size': 6, 'attention_head_size': 4, 'learning_rate': 0.0007273110803559772}. Best is trial 1 with value: 19.7987117767334.
LOCAL_RANK: 0 - CUDA_VISIBLE_DEVICES: [0]
[I 2023-12-27 11:19:06,984] Trial 33 finished with value: 56.13173294067383 and parameters: {'gradient_clip_val': 0.5418693350017907, 'hidden_size': 6, 'dropout': 0.32258815591873813, 'hidden_continuous_size': 5, 'attention_head_size': 4, 'learning_rate': 0.0005223489110885475}. Best is trial 1 with value: 19.7987117767334.
LOCAL_RANK: 0 - CUDA_VISIBLE_DEVICES: [0]
[I 2023-12-27 11:19:07,447] Trial 34 finished with value: 73.12659454345703 and parameters: {'gradient_clip_val': 0.2350266791841259, 'hidden_size': 12, 'dropout': 0.35273722967398835, 'hidden_continuous_size': 8, 'attention_head_size': 3, 'learning_rate': 0.0012143788712678791}. Best is trial 1 with value: 19.7987117767334.
LOCAL_RANK: 0 - CUDA_VISIBLE_DEVICES: [0]
[I 2023-12-27 11:19:07,897] Trial 35 finished with value: 67.75914764404297 and parameters: {'gradient_clip_val': 0.3384660452856126, 'hidden_size': 16, 'dropout': 0.3099226266842155, 'hidden_continuous_size': 9, 'attention_head_size': 1, 'learning_rate': 0.0016110219401144997}. Best is trial 1 with value: 19.7987117767334.
LOCAL_RANK: 0 - CUDA_VISIBLE_DEVICES: [0]
[I 2023-12-27 11:19:08,368] Trial 36 finished with value: 87.2248764038086 and parameters: {'gradient_clip_val': 0.7021232613862677, 'hidden_size': 20, 'dropout': 0.34481044569998814, 'hidden_continuous_size': 12, 'attention_head_size': 4, 'learning_rate': 0.000751351463497079}. Best is trial 1 with value: 19.7987117767334.
LOCAL_RANK: 0 - CUDA_VISIBLE_DEVICES: [0]
[I 2023-12-27 11:19:08,819] Trial 37 finished with value: 94.6037368774414 and parameters: {'gradient_clip_val': 0.20771247820049646, 'hidden_size': 9, 'dropout': 0.40271984166488284, 'hidden_continuous_size': 6, 'attention_head_size': 2, 'learning_rate': 0.0009971381776791833}. Best is trial 1 with value: 19.7987117767334.
LOCAL_RANK: 0 - CUDA_VISIBLE_DEVICES: [0]
[I 2023-12-27 11:19:09,272] Trial 38 finished with value: 76.67278289794922 and parameters: {'gradient_clip_val': 0.24896444983099994, 'hidden_size': 12, 'dropout': 0.2538662803567605, 'hidden_continuous_size': 7, 'attention_head_size': 3, 'learning_rate': 0.003829870906199357}. Best is trial 1 with value: 19.7987117767334.
LOCAL_RANK: 0 - CUDA_VISIBLE_DEVICES: [0]
[I 2023-12-27 11:19:09,677] Trial 39 finished with value: 69.09532928466797 and parameters: {'gradient_clip_val': 0.3077746403187178, 'hidden_size': 5, 'dropout': 0.22812560535207538, 'hidden_continuous_size': 5, 'attention_head_size': 1, 'learning_rate': 0.0024528306930083647}. Best is trial 1 with value: 19.7987117767334.
LOCAL_RANK: 0 - CUDA_VISIBLE_DEVICES: [0]
[I 2023-12-27 11:19:10,178] Trial 40 finished with value: 69.46817779541016 and parameters: {'gradient_clip_val': 0.16441694690160172, 'hidden_size': 58, 'dropout': 0.2959852736036019, 'hidden_continuous_size': 11, 'attention_head_size': 4, 'learning_rate': 0.0016375074300613586}. Best is trial 1 with value: 19.7987117767334.
LOCAL_RANK: 0 - CUDA_VISIBLE_DEVICES: [0]
[I 2023-12-27 11:19:10,622] Trial 41 finished with value: 59.478607177734375 and parameters: {'gradient_clip_val': 0.5742322856866704, 'hidden_size': 6, 'dropout': 0.3284849002511568, 'hidden_continuous_size': 5, 'attention_head_size': 4, 'learning_rate': 0.0007828549220659023}. Best is trial 1 with value: 19.7987117767334.
LOCAL_RANK: 0 - CUDA_VISIBLE_DEVICES: [0]
[I 2023-12-27 11:19:11,112] Trial 42 finished with value: 97.70731353759766 and parameters: {'gradient_clip_val': 0.5459012082168035, 'hidden_size': 7, 'dropout': 0.32280017368938047, 'hidden_continuous_size': 5, 'attention_head_size': 4, 'learning_rate': 0.0005284874310568506}. Best is trial 1 with value: 19.7987117767334.
LOCAL_RANK: 0 - CUDA_VISIBLE_DEVICES: [0]
[I 2023-12-27 11:19:11,568] Trial 43 finished with value: 55.582611083984375 and parameters: {'gradient_clip_val': 0.7351732065301991, 'hidden_size': 9, 'dropout': 0.26716270144288823, 'hidden_continuous_size': 6, 'attention_head_size': 4, 'learning_rate': 0.00635033877095811}. Best is trial 1 with value: 19.7987117767334.
LOCAL_RANK: 0 - CUDA_VISIBLE_DEVICES: [0]
[I 2023-12-27 11:19:12,026] Trial 44 finished with value: 45.81517028808594 and parameters: {'gradient_clip_val': 0.7711218329583392, 'hidden_size': 11, 'dropout': 0.27830280919183426, 'hidden_continuous_size': 8, 'attention_head_size': 4, 'learning_rate': 0.00677018511413393}. Best is trial 1 with value: 19.7987117767334.
LOCAL_RANK: 0 - CUDA_VISIBLE_DEVICES: [0]
[I 2023-12-27 11:19:12,481] Trial 45 finished with value: 67.68658447265625 and parameters: {'gradient_clip_val': 0.8721735185525855, 'hidden_size': 13, 'dropout': 0.27162356660390363, 'hidden_continuous_size': 9, 'attention_head_size': 3, 'learning_rate': 0.005576765384622673}. Best is trial 1 with value: 19.7987117767334.
LOCAL_RANK: 0 - CUDA_VISIBLE_DEVICES: [0]
[I 2023-12-27 11:19:13,273] Trial 46 finished with value: 92.74393463134766 and parameters: {'gradient_clip_val': 0.40472520616179447, 'hidden_size': 39, 'dropout': 0.3000314794793609, 'hidden_continuous_size': 15, 'attention_head_size': 4, 'learning_rate': 0.004439373808229783}. Best is trial 1 with value: 19.7987117767334.
LOCAL_RANK: 0 - CUDA_VISIBLE_DEVICES: [0]
[I 2023-12-27 11:19:13,730] Trial 47 finished with value: 72.27819061279297 and parameters: {'gradient_clip_val': 0.21665333435053702, 'hidden_size': 10, 'dropout': 0.23607760435779457, 'hidden_continuous_size': 8, 'attention_head_size': 3, 'learning_rate': 0.003554474255429711}. Best is trial 1 with value: 19.7987117767334.
LOCAL_RANK: 0 - CUDA_VISIBLE_DEVICES: [0]
[I 2023-12-27 11:19:14,233] Trial 48 finished with value: 76.00830078125 and parameters: {'gradient_clip_val': 0.7885983020736475, 'hidden_size': 23, 'dropout': 0.2552324402183676, 'hidden_continuous_size': 12, 'attention_head_size': 4, 'learning_rate': 0.0028023063986342437}. Best is trial 1 with value: 19.7987117767334.
LOCAL_RANK: 0 - CUDA_VISIBLE_DEVICES: [0]
[I 2023-12-27 11:19:14,728] Trial 49 finished with value: 66.48968505859375 and parameters: {'gradient_clip_val': 0.9097980809252701, 'hidden_size': 28, 'dropout': 0.21881541761445272, 'hidden_continuous_size': 24, 'attention_head_size': 2, 'learning_rate': 0.0070972650835131}. Best is trial 1 with value: 19.7987117767334.
[I 2023-12-27 11:19:14,858] A new study created in memory with name: no-name-0427908e-00d8-4102-9013-069b2a20c97f
/home/le004/conda/anaconda3/envs/tsff_env/lib/python3.9/site-packages/lightning/fabric/plugins/environments/slurm.py:191: The `srun` command is available on your system but is not used. HINT: If your intention is to run Lightning on SLURM, prepend your python command with `srun` like so: srun python /home/le004/master_thesis/git/TSFusionForecast/code/ ...
LOCAL_RANK: 0 - CUDA_VISIBLE_DEVICES: [0]
[I 2023-12-27 11:19:37,525] Trial 0 finished with value: 9.118518829345703 and parameters: {'gradient_clip_val': 0.6276894162679418, 'hidden_size': 80, 'dropout': 0.24897572050320976, 'hidden_continuous_size': 53, 'attention_head_size': 2, 'learning_rate': 0.00608781301447469}. Best is trial 0 with value: 9.118518829345703.
LOCAL_RANK: 0 - CUDA_VISIBLE_DEVICES: [0]
[I 2023-12-27 11:19:38,007] Trial 1 finished with value: 30.043243408203125 and parameters: {'gradient_clip_val': 0.8902931659239964, 'hidden_size': 78, 'dropout': 0.3895867416832919, 'hidden_continuous_size': 25, 'attention_head_size': 3, 'learning_rate': 0.01746113679741028}. Best is trial 0 with value: 9.118518829345703.
LOCAL_RANK: 0 - CUDA_VISIBLE_DEVICES: [0]
[I 2023-12-27 11:19:38,493] Trial 2 finished with value: 40.4793586730957 and parameters: {'gradient_clip_val': 0.15964405319334832, 'hidden_size': 100, 'dropout': 0.4241984476523607, 'hidden_continuous_size': 7, 'attention_head_size': 4, 'learning_rate': 0.0009346066905274048}. Best is trial 0 with value: 9.118518829345703.
LOCAL_RANK: 0 - CUDA_VISIBLE_DEVICES: [0]
[I 2023-12-27 11:19:38,875] Trial 3 finished with value: 35.554996490478516 and parameters: {'gradient_clip_val': 0.47028251456468356, 'hidden_size': 5, 'dropout': 0.24523659782363239, 'hidden_continuous_size': 5, 'attention_head_size': 1, 'learning_rate': 0.004744930939926116}. Best is trial 0 with value: 9.118518829345703.
LOCAL_RANK: 0 - CUDA_VISIBLE_DEVICES: [0]
[I 2023-12-27 11:19:39,345] Trial 4 finished with value: 43.98256301879883 and parameters: {'gradient_clip_val': 0.7418440031662066, 'hidden_size': 48, 'dropout': 0.40189207912697744, 'hidden_continuous_size': 28, 'attention_head_size': 1, 'learning_rate': 0.027153583611604585}. Best is trial 0 with value: 9.118518829345703.
LOCAL_RANK: 0 - CUDA_VISIBLE_DEVICES: [0]
[I 2023-12-27 11:19:39,808] Trial 5 finished with value: 39.781524658203125 and parameters: {'gradient_clip_val': 0.3256621230343281, 'hidden_size': 32, 'dropout': 0.3353904648460394, 'hidden_continuous_size': 13, 'attention_head_size': 3, 'learning_rate': 0.009840523378638322}. Best is trial 0 with value: 9.118518829345703.
LOCAL_RANK: 0 - CUDA_VISIBLE_DEVICES: [0]
[I 2023-12-27 11:19:40,265] Trial 6 finished with value: 26.334623336791992 and parameters: {'gradient_clip_val': 0.7280977919929579, 'hidden_size': 35, 'dropout': 0.21493205417543637, 'hidden_continuous_size': 16, 'attention_head_size': 3, 'learning_rate': 0.0013506669108581458}. Best is trial 0 with value: 9.118518829345703.
LOCAL_RANK: 0 - CUDA_VISIBLE_DEVICES: [0]
[I 2023-12-27 11:19:40,755] Trial 7 finished with value: 36.12455368041992 and parameters: {'gradient_clip_val': 0.17784114282619137, 'hidden_size': 116, 'dropout': 0.3790148857594542, 'hidden_continuous_size': 25, 'attention_head_size': 3, 'learning_rate': 0.013919853382692846}. Best is trial 0 with value: 9.118518829345703.
LOCAL_RANK: 0 - CUDA_VISIBLE_DEVICES: [0]
[I 2023-12-27 11:19:41,549] Trial 8 finished with value: 26.800172805786133 and parameters: {'gradient_clip_val': 0.3163248949911611, 'hidden_size': 41, 'dropout': 0.19389548656767197, 'hidden_continuous_size': 18, 'attention_head_size': 3, 'learning_rate': 0.0005339285162802167}. Best is trial 0 with value: 9.118518829345703.
LOCAL_RANK: 0 - CUDA_VISIBLE_DEVICES: [0]
[I 2023-12-27 11:19:42,012] Trial 9 finished with value: 42.896854400634766 and parameters: {'gradient_clip_val': 0.2157383569592272, 'hidden_size': 50, 'dropout': 0.3298243489544609, 'hidden_continuous_size': 22, 'attention_head_size': 1, 'learning_rate': 0.08223435322785273}. Best is trial 0 with value: 9.118518829345703.
LOCAL_RANK: 0 - CUDA_VISIBLE_DEVICES: [0]
[I 2023-12-27 11:19:42,549] Trial 10 finished with value: 35.11448287963867 and parameters: {'gradient_clip_val': 0.10861126225451638, 'hidden_size': 138, 'dropout': 0.11708716812279102, 'hidden_continuous_size': 79, 'attention_head_size': 2, 'learning_rate': 0.003841678603624652}. Best is trial 0 with value: 9.118518829345703.
LOCAL_RANK: 0 - CUDA_VISIBLE_DEVICES: [0]
[I 2023-12-27 11:19:43,029] Trial 11 finished with value: 38.761043548583984 and parameters: {'gradient_clip_val': 0.6169555269817606, 'hidden_size': 18, 'dropout': 0.2492329080612729, 'hidden_continuous_size': 9, 'attention_head_size': 2, 'learning_rate': 0.0018794867825299994}. Best is trial 0 with value: 9.118518829345703.
LOCAL_RANK: 0 - CUDA_VISIBLE_DEVICES: [0]
[I 2023-12-27 11:19:43,475] Trial 12 finished with value: 28.189729690551758 and parameters: {'gradient_clip_val': 0.952061139320047, 'hidden_size': 20, 'dropout': 0.4923559698846345, 'hidden_continuous_size': 5, 'attention_head_size': 4, 'learning_rate': 0.0021405976642011443}. Best is trial 0 with value: 9.118518829345703.
LOCAL_RANK: 0 - CUDA_VISIBLE_DEVICES: [0]
[I 2023-12-27 11:19:43,970] Trial 13 finished with value: 32.988346099853516 and parameters: {'gradient_clip_val': 0.5521563077617723, 'hidden_size': 76, 'dropout': 0.2619395792181884, 'hidden_continuous_size': 44, 'attention_head_size': 2, 'learning_rate': 0.0019481997962653114}. Best is trial 0 with value: 9.118518829345703.
LOCAL_RANK: 0 - CUDA_VISIBLE_DEVICES: [0]
[I 2023-12-27 11:19:44,458] Trial 14 finished with value: 38.84365463256836 and parameters: {'gradient_clip_val': 0.44471113344952923, 'hidden_size': 68, 'dropout': 0.18844342028614913, 'hidden_continuous_size': 13, 'attention_head_size': 2, 'learning_rate': 0.004897862275970611}. Best is trial 0 with value: 9.118518829345703.
LOCAL_RANK: 0 - CUDA_VISIBLE_DEVICES: [0]
[I 2023-12-27 11:19:44,910] Trial 15 finished with value: 39.34735107421875 and parameters: {'gradient_clip_val': 0.6739388909922519, 'hidden_size': 28, 'dropout': 0.29542637764370117, 'hidden_continuous_size': 10, 'attention_head_size': 4, 'learning_rate': 0.0011432287676643607}. Best is trial 0 with value: 9.118518829345703.
LOCAL_RANK: 0 - CUDA_VISIBLE_DEVICES: [0]
[I 2023-12-27 11:19:45,430] Trial 16 finished with value: 33.247501373291016 and parameters: {'gradient_clip_val': 0.9621386656853812, 'hidden_size': 138, 'dropout': 0.19163177201330672, 'hidden_continuous_size': 136, 'attention_head_size': 3, 'learning_rate': 0.006278479947677715}. Best is trial 0 with value: 9.118518829345703.
LOCAL_RANK: 0 - CUDA_VISIBLE_DEVICES: [0]
[I 2023-12-27 11:19:45,940] Trial 17 finished with value: 42.88045120239258 and parameters: {'gradient_clip_val': 0.44829481096392837, 'hidden_size': 58, 'dropout': 0.10045038555659952, 'hidden_continuous_size': 16, 'attention_head_size': 2, 'learning_rate': 0.0027716118385908736}. Best is trial 0 with value: 9.118518829345703.
LOCAL_RANK: 0 - CUDA_VISIBLE_DEVICES: [0]
[I 2023-12-27 11:19:46,466] Trial 18 finished with value: 35.06169128417969 and parameters: {'gradient_clip_val': 0.7253692971229618, 'hidden_size': 36, 'dropout': 0.14296347463424688, 'hidden_continuous_size': 10, 'attention_head_size': 3, 'learning_rate': 0.000531111265337118}. Best is trial 0 with value: 9.118518829345703.
LOCAL_RANK: 0 - CUDA_VISIBLE_DEVICES: [0]
[I 2023-12-27 11:19:46,973] Trial 19 finished with value: 32.414276123046875 and parameters: {'gradient_clip_val': 0.5409829970718076, 'hidden_size': 92, 'dropout': 0.21950202847054792, 'hidden_continuous_size': 35, 'attention_head_size': 2, 'learning_rate': 0.006795337766321368}. Best is trial 0 with value: 9.118518829345703.
LOCAL_RANK: 0 - CUDA_VISIBLE_DEVICES: [0]
[I 2023-12-27 11:19:47,461] Trial 20 finished with value: 39.76565170288086 and parameters: {'gradient_clip_val': 0.7597897031365424, 'hidden_size': 59, 'dropout': 0.28177395119222026, 'hidden_continuous_size': 20, 'attention_head_size': 1, 'learning_rate': 0.0011990391143606536}. Best is trial 0 with value: 9.118518829345703.
LOCAL_RANK: 0 - CUDA_VISIBLE_DEVICES: [0]
[I 2023-12-27 11:19:48,230] Trial 21 finished with value: 31.0022029876709 and parameters: {'gradient_clip_val': 0.3678156019660791, 'hidden_size': 44, 'dropout': 0.17380481555308827, 'hidden_continuous_size': 17, 'attention_head_size': 3, 'learning_rate': 0.0005630089213481406}. Best is trial 0 with value: 9.118518829345703.
LOCAL_RANK: 0 - CUDA_VISIBLE_DEVICES: [0]
[I 2023-12-27 11:19:48,692] Trial 22 finished with value: 38.31892776489258 and parameters: {'gradient_clip_val': 0.3802273389730002, 'hidden_size': 35, 'dropout': 0.21774865252066744, 'hidden_continuous_size': 15, 'attention_head_size': 3, 'learning_rate': 0.0007594650717118739}. Best is trial 0 with value: 9.118518829345703.
LOCAL_RANK: 0 - CUDA_VISIBLE_DEVICES: [0]
[I 2023-12-27 11:19:49,134] Trial 23 finished with value: 35.52199935913086 and parameters: {'gradient_clip_val': 0.28970582259299243, 'hidden_size': 20, 'dropout': 0.22796397122879059, 'hidden_continuous_size': 11, 'attention_head_size': 4, 'learning_rate': 0.0013337511764668292}. Best is trial 0 with value: 9.118518829345703.
LOCAL_RANK: 0 - CUDA_VISIBLE_DEVICES: [0]
[I 2023-12-27 11:19:49,644] Trial 24 finished with value: 51.21098709106445 and parameters: {'gradient_clip_val': 0.5897394494977632, 'hidden_size': 40, 'dropout': 0.1759209758851563, 'hidden_continuous_size': 18, 'attention_head_size': 3, 'learning_rate': 0.000675765640562789}. Best is trial 0 with value: 9.118518829345703.
LOCAL_RANK: 0 - CUDA_VISIBLE_DEVICES: [0]
[I 2023-12-27 11:19:50,134] Trial 25 finished with value: 30.311532974243164 and parameters: {'gradient_clip_val': 0.7784361664984173, 'hidden_size': 65, 'dropout': 0.14154493511517785, 'hidden_continuous_size': 19, 'attention_head_size': 2, 'learning_rate': 0.0008726784654041581}. Best is trial 0 with value: 9.118518829345703.
LOCAL_RANK: 0 - CUDA_VISIBLE_DEVICES: [0]
[I 2023-12-27 11:19:50,626] Trial 26 finished with value: 37.1932487487793 and parameters: {'gradient_clip_val': 0.5230040414304523, 'hidden_size': 26, 'dropout': 0.2111854504334339, 'hidden_continuous_size': 14, 'attention_head_size': 3, 'learning_rate': 0.0027271034352614972}. Best is trial 0 with value: 9.118518829345703.
LOCAL_RANK: 0 - CUDA_VISIBLE_DEVICES: [0]
[I 2023-12-27 11:19:51,119] Trial 27 finished with value: 30.255050659179688 and parameters: {'gradient_clip_val': 0.630745667379393, 'hidden_size': 91, 'dropout': 0.26928056043597104, 'hidden_continuous_size': 35, 'attention_head_size': 4, 'learning_rate': 0.001509579399992314}. Best is trial 0 with value: 9.118518829345703.
LOCAL_RANK: 0 - CUDA_VISIBLE_DEVICES: [0]
[I 2023-12-27 11:19:51,605] Trial 28 finished with value: 31.329496383666992 and parameters: {'gradient_clip_val': 0.849137720479394, 'hidden_size': 53, 'dropout': 0.2376579723542544, 'hidden_continuous_size': 12, 'attention_head_size': 2, 'learning_rate': 0.000527834965451019}. Best is trial 0 with value: 9.118518829345703.
LOCAL_RANK: 0 - CUDA_VISIBLE_DEVICES: [0]
[I 2023-12-27 11:19:52,097] Trial 29 finished with value: 38.91575622558594 and parameters: {'gradient_clip_val': 0.9887230322011037, 'hidden_size': 90, 'dropout': 0.27395136980239515, 'hidden_continuous_size': 23, 'attention_head_size': 3, 'learning_rate': 0.0008799535395898818}. Best is trial 0 with value: 9.118518829345703.
LOCAL_RANK: 0 - CUDA_VISIBLE_DEVICES: [0]
[I 2023-12-27 11:19:52,591] Trial 30 finished with value: 34.8654899597168 and parameters: {'gradient_clip_val': 0.8057501925456289, 'hidden_size': 74, 'dropout': 0.19397794910898614, 'hidden_continuous_size': 16, 'attention_head_size': 3, 'learning_rate': 0.0014690965013381089}. Best is trial 0 with value: 9.118518829345703.
LOCAL_RANK: 0 - CUDA_VISIBLE_DEVICES: [0]
[I 2023-12-27 11:19:53,037] Trial 31 finished with value: 36.617740631103516 and parameters: {'gradient_clip_val': 0.8942712206931803, 'hidden_size': 23, 'dropout': 0.44001790399692153, 'hidden_continuous_size': 9, 'attention_head_size': 4, 'learning_rate': 0.0024567415863108104}. Best is trial 0 with value: 9.118518829345703.
LOCAL_RANK: 0 - CUDA_VISIBLE_DEVICES: [0]
[I 2023-12-27 11:19:53,544] Trial 32 finished with value: 39.35845184326172 and parameters: {'gradient_clip_val': 0.6572367767857681, 'hidden_size': 15, 'dropout': 0.4445463190929704, 'hidden_continuous_size': 6, 'attention_head_size': 4, 'learning_rate': 0.001099916792928825}. Best is trial 0 with value: 9.118518829345703.
LOCAL_RANK: 0 - CUDA_VISIBLE_DEVICES: [0]
[I 2023-12-27 11:19:54,017] Trial 33 finished with value: 26.721223831176758 and parameters: {'gradient_clip_val': 0.8947648376796129, 'hidden_size': 41, 'dropout': 0.47145097682984966, 'hidden_continuous_size': 7, 'attention_head_size': 4, 'learning_rate': 0.003581338006445185}. Best is trial 0 with value: 9.118518829345703.
LOCAL_RANK: 0 - CUDA_VISIBLE_DEVICES: [0]
[I 2023-12-27 11:19:54,748] Trial 34 finished with value: 46.05026626586914 and parameters: {'gradient_clip_val': 0.8413485329278814, 'hidden_size': 42, 'dropout': 0.30637914812353007, 'hidden_continuous_size': 7, 'attention_head_size': 4, 'learning_rate': 0.0032835738292680194}. Best is trial 0 with value: 9.118518829345703.
LOCAL_RANK: 0 - CUDA_VISIBLE_DEVICES: [0]
