[I 2023-12-26 12:04:44,295] Trial 8 finished with value: 51.101627349853516 and parameters: {'gradient_clip_val': 0.12259874798541043, 'hidden_size': 16, 'dropout': 0.204606116075899, 'hidden_continuous_size': 10, 'attention_head_size': 1, 'learning_rate': 0.0053056874689695974}. Best is trial 0 with value: 15.14306926727295.
[I 2023-12-26 12:04:47,332] Trial 9 finished with value: 63.6199951171875 and parameters: {'gradient_clip_val': 0.2375079515836349, 'hidden_size': 30, 'dropout': 0.40609005689326916, 'hidden_continuous_size': 11, 'attention_head_size': 4, 'learning_rate': 0.0064080985822706155}. Best is trial 0 with value: 15.14306926727295.
[I 2023-12-26 12:04:51,610] Trial 10 finished with value: 63.53938674926758 and parameters: {'gradient_clip_val': 0.34173872582795234, 'hidden_size': 44, 'dropout': 0.24319503515974206, 'hidden_continuous_size': 37, 'attention_head_size': 3, 'learning_rate': 0.019478339779834663}. Best is trial 0 with value: 15.14306926727295.
[I 2023-12-26 12:04:54,058] Trial 11 finished with value: 68.61917877197266 and parameters: {'gradient_clip_val': 0.8456884826946959, 'hidden_size': 5, 'dropout': 0.10249890066726985, 'hidden_continuous_size': 5, 'attention_head_size': 3, 'learning_rate': 0.0008043620226201943}. Best is trial 0 with value: 15.14306926727295.
[I 2023-12-26 12:04:56,402] Trial 12 finished with value: 43.51227951049805 and parameters: {'gradient_clip_val': 0.3605793471247642, 'hidden_size': 10, 'dropout': 0.30443835780235845, 'hidden_continuous_size': 6, 'attention_head_size': 2, 'learning_rate': 0.0007724442902724979}. Best is trial 0 with value: 15.14306926727295.
[I 2023-12-26 12:04:58,690] Trial 13 finished with value: 71.3880844116211 and parameters: {'gradient_clip_val': 0.3306494786906806, 'hidden_size': 12, 'dropout': 0.302323867584697, 'hidden_continuous_size': 6, 'attention_head_size': 2, 'learning_rate': 0.002042555996355057}. Best is trial 0 with value: 15.14306926727295.
[I 2023-12-26 12:05:01,029] Trial 14 finished with value: 51.2890625 and parameters: {'gradient_clip_val': 0.23223890315222265, 'hidden_size': 10, 'dropout': 0.2594782838063045, 'hidden_continuous_size': 6, 'attention_head_size': 4, 'learning_rate': 0.0005518232093048335}. Best is trial 0 with value: 15.14306926727295.
[I 2023-12-26 12:05:03,374] Trial 15 finished with value: 46.79150390625 and parameters: {'gradient_clip_val': 0.4149241927325011, 'hidden_size': 19, 'dropout': 0.328539831358615, 'hidden_continuous_size': 8, 'attention_head_size': 3, 'learning_rate': 0.002186655229234652}. Best is trial 0 with value: 15.14306926727295.
[I 2023-12-26 12:05:05,566] Trial 16 finished with value: 63.53593826293945 and parameters: {'gradient_clip_val': 0.25067263592395633, 'hidden_size': 12, 'dropout': 0.252707241836499, 'hidden_continuous_size': 7, 'attention_head_size': 2, 'learning_rate': 0.014150316511886758}. Best is trial 0 with value: 15.14306926727295.
[I 2023-12-26 12:05:08,642] Trial 17 finished with value: 57.780879974365234 and parameters: {'gradient_clip_val': 0.1821278015783526, 'hidden_size': 27, 'dropout': 0.18723500985981983, 'hidden_continuous_size': 7, 'attention_head_size': 4, 'learning_rate': 0.001317706366776115}. Best is trial 0 with value: 15.14306926727295.
[I 2023-12-26 12:05:10,979] Trial 18 finished with value: 46.0565071105957 and parameters: {'gradient_clip_val': 0.39567391224127346, 'hidden_size': 7, 'dropout': 0.28089256840361776, 'hidden_continuous_size': 5, 'attention_head_size': 3, 'learning_rate': 0.003837111242611373}. Best is trial 0 with value: 15.14306926727295.
[I 2023-12-26 12:05:13,588] Trial 19 finished with value: 48.43764877319336 and parameters: {'gradient_clip_val': 0.2838341305445137, 'hidden_size': 15, 'dropout': 0.21761691275706155, 'hidden_continuous_size': 7, 'attention_head_size': 2, 'learning_rate': 0.008971773816220458}. Best is trial 0 with value: 15.14306926727295.
[I 2023-12-26 12:05:16,935] Trial 20 finished with value: 45.72297286987305 and parameters: {'gradient_clip_val': 0.18499115375551428, 'hidden_size': 31, 'dropout': 0.3519824591794149, 'hidden_continuous_size': 14, 'attention_head_size': 4, 'learning_rate': 0.029546352892382968}. Best is trial 0 with value: 15.14306926727295.
[I 2023-12-26 12:05:19,197] Trial 21 finished with value: 48.3051872253418 and parameters: {'gradient_clip_val': 0.543720668769126, 'hidden_size': 7, 'dropout': 0.37211085543337374, 'hidden_continuous_size': 5, 'attention_head_size': 1, 'learning_rate': 0.001034209244452411}. Best is trial 0 with value: 15.14306926727295.
[I 2023-12-26 12:05:21,359] Trial 22 finished with value: 64.27965545654297 and parameters: {'gradient_clip_val': 0.841329646457956, 'hidden_size': 8, 'dropout': 0.3078797725353536, 'hidden_continuous_size': 6, 'attention_head_size': 1, 'learning_rate': 0.000531545082755331}. Best is trial 0 with value: 15.14306926727295.
[I 2023-12-26 12:05:24,020] Trial 23 finished with value: 53.58670425415039 and parameters: {'gradient_clip_val': 0.47435344867105483, 'hidden_size': 7, 'dropout': 0.3753647525376491, 'hidden_continuous_size': 5, 'attention_head_size': 2, 'learning_rate': 0.0015037985043888642}. Best is trial 0 with value: 15.14306926727295.
[I 2023-12-26 12:05:26,328] Trial 24 finished with value: 40.88074493408203 and parameters: {'gradient_clip_val': 0.629184596552145, 'hidden_size': 11, 'dropout': 0.3134962644619159, 'hidden_continuous_size': 6, 'attention_head_size': 1, 'learning_rate': 0.0008320568274297384}. Best is trial 0 with value: 15.14306926727295.
[I 2023-12-26 12:05:28,880] Trial 25 finished with value: 53.534183502197266 and parameters: {'gradient_clip_val': 0.9989230885754439, 'hidden_size': 13, 'dropout': 0.2864275214297167, 'hidden_continuous_size': 6, 'attention_head_size': 2, 'learning_rate': 0.000691935365098849}. Best is trial 0 with value: 15.14306926727295.
[I 2023-12-26 12:05:31,584] Trial 26 finished with value: 72.84392547607422 and parameters: {'gradient_clip_val': 0.3947585198145805, 'hidden_size': 20, 'dropout': 0.32113274725086555, 'hidden_continuous_size': 8, 'attention_head_size': 3, 'learning_rate': 0.0005107242155508122}. Best is trial 0 with value: 15.14306926727295.
[I 2023-12-26 12:05:33,854] Trial 27 finished with value: 72.04339599609375 and parameters: {'gradient_clip_val': 0.28574102739686225, 'hidden_size': 11, 'dropout': 0.22599176983428582, 'hidden_continuous_size': 6, 'attention_head_size': 1, 'learning_rate': 0.0014654155696296137}. Best is trial 0 with value: 15.14306926727295.
[I 2023-12-26 12:05:36,252] Trial 28 finished with value: 44.8049430847168 and parameters: {'gradient_clip_val': 0.6545630518593382, 'hidden_size': 10, 'dropout': 0.2656737980452872, 'hidden_continuous_size': 6, 'attention_head_size': 2, 'learning_rate': 0.004281096299934575}. Best is trial 0 with value: 15.14306926727295.
[I 2023-12-26 12:05:38,785] Trial 29 finished with value: 72.34883117675781 and parameters: {'gradient_clip_val': 0.15267085167992592, 'hidden_size': 15, 'dropout': 0.4731947358559526, 'hidden_continuous_size': 7, 'attention_head_size': 1, 'learning_rate': 0.009498650942136939}. Best is trial 0 with value: 15.14306926727295.
[I 2023-12-26 12:05:41,306] Trial 30 finished with value: 48.48249435424805 and parameters: {'gradient_clip_val': 0.43488498154563493, 'hidden_size': 19, 'dropout': 0.28343776541377574, 'hidden_continuous_size': 8, 'attention_head_size': 3, 'learning_rate': 0.0027654993050025955}. Best is trial 0 with value: 15.14306926727295.
[I 2023-12-26 12:05:43,516] Trial 31 finished with value: 63.6118278503418 and parameters: {'gradient_clip_val': 0.6063176918442769, 'hidden_size': 6, 'dropout': 0.33063152493890374, 'hidden_continuous_size': 5, 'attention_head_size': 1, 'learning_rate': 0.0008361359446974873}. Best is trial 0 with value: 15.14306926727295.
[I 2023-12-26 12:05:45,783] Trial 32 finished with value: 71.06417083740234 and parameters: {'gradient_clip_val': 0.5884564466117518, 'hidden_size': 9, 'dropout': 0.49026621946273374, 'hidden_continuous_size': 6, 'attention_head_size': 1, 'learning_rate': 0.0009457561092130224}. Best is trial 0 with value: 15.14306926727295.
[I 2023-12-26 12:05:47,862] Trial 33 finished with value: 55.1353645324707 and parameters: {'gradient_clip_val': 0.7251845967677109, 'hidden_size': 5, 'dropout': 0.2988593192851883, 'hidden_continuous_size': 5, 'attention_head_size': 1, 'learning_rate': 0.0010814565961104069}. Best is trial 0 with value: 15.14306926727295.
[I 2023-12-26 12:05:50,261] Trial 34 finished with value: 69.26338195800781 and parameters: {'gradient_clip_val': 0.10001130152605701, 'hidden_size': 9, 'dropout': 0.4190462591853685, 'hidden_continuous_size': 6, 'attention_head_size': 2, 'learning_rate': 0.0007335738854267573}. Best is trial 0 with value: 15.14306926727295.
[I 2023-12-26 12:05:52,768] Trial 35 finished with value: 53.69539260864258 and parameters: {'gradient_clip_val': 0.48795458372455164, 'hidden_size': 6, 'dropout': 0.38808310967948306, 'hidden_continuous_size': 5, 'attention_head_size': 1, 'learning_rate': 0.001859189961423633}. Best is trial 0 with value: 15.14306926727295.
[I 2023-12-26 12:05:55,236] Trial 36 finished with value: 55.964046478271484 and parameters: {'gradient_clip_val': 0.5623775136288794, 'hidden_size': 13, 'dropout': 0.4528009036420476, 'hidden_continuous_size': 7, 'attention_head_size': 1, 'learning_rate': 0.0011328371025957963}. Best is trial 0 with value: 15.14306926727295.
[I 2023-12-26 12:05:57,369] Trial 37 finished with value: 53.54856872558594 and parameters: {'gradient_clip_val': 0.6897985745612543, 'hidden_size': 8, 'dropout': 0.34225149653929654, 'hidden_continuous_size': 6, 'attention_head_size': 2, 'learning_rate': 0.0029313647655981696}. Best is trial 0 with value: 15.14306926727295.
[I 2023-12-26 12:05:59,763] Trial 38 finished with value: 51.490936279296875 and parameters: {'gradient_clip_val': 0.49807801576236116, 'hidden_size': 11, 'dropout': 0.35975341576105074, 'hidden_continuous_size': 7, 'attention_head_size': 1, 'learning_rate': 0.0016159174778333106}. Best is trial 0 with value: 15.14306926727295.
[I 2023-12-26 12:06:02,709] Trial 39 finished with value: 54.173614501953125 and parameters: {'gradient_clip_val': 0.34892396547635257, 'hidden_size': 23, 'dropout': 0.17911107927176587, 'hidden_continuous_size': 10, 'attention_head_size': 4, 'learning_rate': 0.005575534034296421}. Best is trial 0 with value: 15.14306926727295.
[I 2023-12-26 12:06:05,179] Trial 40 finished with value: 67.56672668457031 and parameters: {'gradient_clip_val': 0.4402610472575232, 'hidden_size': 15, 'dropout': 0.3980826097659691, 'hidden_continuous_size': 10, 'attention_head_size': 2, 'learning_rate': 0.0007045388396804798}. Best is trial 0 with value: 15.14306926727295.
[I 2023-12-26 12:06:07,488] Trial 41 finished with value: 41.90916442871094 and parameters: {'gradient_clip_val': 0.6347107731121431, 'hidden_size': 10, 'dropout': 0.2646679372639025, 'hidden_continuous_size': 6, 'attention_head_size': 2, 'learning_rate': 0.004773007417361017}. Best is trial 0 with value: 15.14306926727295.
[I 2023-12-26 12:06:09,710] Trial 42 finished with value: 72.3818588256836 and parameters: {'gradient_clip_val': 0.6391893894369053, 'hidden_size': 10, 'dropout': 0.13971914377255837, 'hidden_continuous_size': 6, 'attention_head_size': 2, 'learning_rate': 0.0071279206971079}. Best is trial 0 with value: 15.14306926727295.
[I 2023-12-26 12:06:11,950] Trial 43 finished with value: 57.84486389160156 and parameters: {'gradient_clip_val': 0.5330456397225145, 'hidden_size': 13, 'dropout': 0.425990140597995, 'hidden_continuous_size': 7, 'attention_head_size': 2, 'learning_rate': 0.0011959966896635842}. Best is trial 0 with value: 15.14306926727295.
[I 2023-12-26 12:06:19,078] Trial 44 finished with value: 46.45579147338867 and parameters: {'gradient_clip_val': 0.73579990330754, 'hidden_size': 94, 'dropout': 0.24500395570819936, 'hidden_continuous_size': 12, 'attention_head_size': 3, 'learning_rate': 0.00220297924840495}. Best is trial 0 with value: 15.14306926727295.
[I 2023-12-26 12:06:21,269] Trial 45 finished with value: 57.6350212097168 and parameters: {'gradient_clip_val': 0.5842740706532749, 'hidden_size': 6, 'dropout': 0.31798175087589164, 'hidden_continuous_size': 5, 'attention_head_size': 1, 'learning_rate': 0.0008686215553655767}. Best is trial 0 with value: 15.14306926727295.
[I 2023-12-26 12:06:23,647] Trial 46 finished with value: 43.13853073120117 and parameters: {'gradient_clip_val': 0.3677815531835231, 'hidden_size': 17, 'dropout': 0.10164106878517395, 'hidden_continuous_size': 8, 'attention_head_size': 2, 'learning_rate': 0.004267032182224639}. Best is trial 0 with value: 15.14306926727295.
[I 2023-12-26 12:06:26,538] Trial 47 finished with value: 45.580387115478516 and parameters: {'gradient_clip_val': 0.36860624088385685, 'hidden_size': 18, 'dropout': 0.12277387126076764, 'hidden_continuous_size': 9, 'attention_head_size': 2, 'learning_rate': 0.004861234480483205}. Best is trial 0 with value: 15.14306926727295.
[I 2023-12-26 12:06:29,068] Trial 48 finished with value: 55.42116165161133 and parameters: {'gradient_clip_val': 0.30987793285598014, 'hidden_size': 17, 'dropout': 0.10681908790460858, 'hidden_continuous_size': 8, 'attention_head_size': 3, 'learning_rate': 0.0037677529698556247}. Best is trial 0 with value: 15.14306926727295.
[I 2023-12-26 12:06:31,802] Trial 49 finished with value: 51.21072769165039 and parameters: {'gradient_clip_val': 0.4477808969235261, 'hidden_size': 22, 'dropout': 0.15599162279982143, 'hidden_continuous_size': 9, 'attention_head_size': 2, 'learning_rate': 0.015159057414198922}. Best is trial 0 with value: 15.14306926727295.
[I 2023-12-26 12:06:31,996] A new study created in memory with name: no-name-56724398-b1a4-40ad-8243-3aaba2093201
/home/le004/conda/anaconda3/envs/tsff_env/lib/python3.9/site-packages/lightning/fabric/plugins/environments/slurm.py:191: The `srun` command is available on your system but is not used. HINT: If your intention is to run Lightning on SLURM, prepend your python command with `srun` like so: srun python /home/le004/master_thesis/git/TSFusionForecast/code/ ...
[I 2023-12-26 12:12:12,707] Trial 0 finished with value: 14.319979667663574 and parameters: {'gradient_clip_val': 0.44493837390501584, 'hidden_size': 10, 'dropout': 0.2725539972052654, 'hidden_continuous_size': 7, 'attention_head_size': 4, 'learning_rate': 0.0013773017635490988}. Best is trial 0 with value: 14.319979667663574.
[I 2023-12-26 12:21:44,849] Trial 1 finished with value: 19.197603225708008 and parameters: {'gradient_clip_val': 0.5554019595775963, 'hidden_size': 93, 'dropout': 0.28186074347386525, 'hidden_continuous_size': 40, 'attention_head_size': 2, 'learning_rate': 0.08570420166191949}. Best is trial 0 with value: 14.319979667663574.
[I 2023-12-26 12:21:49,510] Trial 2 finished with value: 202.4485626220703 and parameters: {'gradient_clip_val': 0.45734146599424613, 'hidden_size': 56, 'dropout': 0.21247979641253686, 'hidden_continuous_size': 6, 'attention_head_size': 4, 'learning_rate': 0.0977775323240921}. Best is trial 0 with value: 14.319979667663574.
[I 2023-12-26 12:21:58,453] Trial 3 finished with value: 200.96337890625 and parameters: {'gradient_clip_val': 0.9535616012118204, 'hidden_size': 108, 'dropout': 0.3077369691354299, 'hidden_continuous_size': 52, 'attention_head_size': 1, 'learning_rate': 0.0006428575878038266}. Best is trial 0 with value: 14.319979667663574.
[I 2023-12-26 12:22:03,416] Trial 4 finished with value: 209.4698028564453 and parameters: {'gradient_clip_val': 0.8912650937483568, 'hidden_size': 57, 'dropout': 0.39008294222801465, 'hidden_continuous_size': 36, 'attention_head_size': 2, 'learning_rate': 0.005733978865276169}. Best is trial 0 with value: 14.319979667663574.
[I 2023-12-26 12:22:05,494] Trial 5 finished with value: 208.60972595214844 and parameters: {'gradient_clip_val': 0.12659168586146646, 'hidden_size': 6, 'dropout': 0.49400961888189576, 'hidden_continuous_size': 6, 'attention_head_size': 4, 'learning_rate': 0.012467585314141388}. Best is trial 0 with value: 14.319979667663574.
[I 2023-12-26 12:22:09,617] Trial 6 finished with value: 246.51422119140625 and parameters: {'gradient_clip_val': 0.3339396620851316, 'hidden_size': 43, 'dropout': 0.12718801259999313, 'hidden_continuous_size': 42, 'attention_head_size': 1, 'learning_rate': 0.00422334717500482}. Best is trial 0 with value: 14.319979667663574.
[I 2023-12-26 12:22:11,653] Trial 7 finished with value: 230.9867706298828 and parameters: {'gradient_clip_val': 0.8856656278577322, 'hidden_size': 5, 'dropout': 0.29235959225339425, 'hidden_continuous_size': 5, 'attention_head_size': 2, 'learning_rate': 0.0071034427651527916}. Best is trial 0 with value: 14.319979667663574.
[I 2023-12-26 12:22:13,659] Trial 8 finished with value: 238.1390838623047 and parameters: {'gradient_clip_val': 0.3268995840620583, 'hidden_size': 5, 'dropout': 0.312371423026461, 'hidden_continuous_size': 5, 'attention_head_size': 4, 'learning_rate': 0.0017244453602410122}. Best is trial 0 with value: 14.319979667663574.
[I 2023-12-26 12:22:15,742] Trial 9 finished with value: 199.57904052734375 and parameters: {'gradient_clip_val': 0.23678313542763685, 'hidden_size': 5, 'dropout': 0.3138138426081974, 'hidden_continuous_size': 5, 'attention_head_size': 2, 'learning_rate': 0.002286519636350519}. Best is trial 0 with value: 14.319979667663574.
[I 2023-12-26 12:22:18,164] Trial 10 finished with value: 218.7075653076172 and parameters: {'gradient_clip_val': 0.21024905580775347, 'hidden_size': 16, 'dropout': 0.11140313524796458, 'hidden_continuous_size': 9, 'attention_head_size': 3, 'learning_rate': 0.0007262581831205907}. Best is trial 0 with value: 14.319979667663574.
[I 2023-12-26 12:22:20,780] Trial 11 finished with value: 211.43199157714844 and parameters: {'gradient_clip_val': 0.5562392906280293, 'hidden_size': 15, 'dropout': 0.21715691869256915, 'hidden_continuous_size': 12, 'attention_head_size': 3, 'learning_rate': 0.06697417594925625}. Best is trial 0 with value: 14.319979667663574.
[I 2023-12-26 12:22:33,059] Trial 12 finished with value: 207.95465087890625 and parameters: {'gradient_clip_val': 0.5736036973542266, 'hidden_size': 137, 'dropout': 0.22105396715125536, 'hidden_continuous_size': 89, 'attention_head_size': 3, 'learning_rate': 0.029154260701212395}. Best is trial 0 with value: 14.319979667663574.
[I 2023-12-26 12:22:35,891] Trial 13 finished with value: 192.898193359375 and parameters: {'gradient_clip_val': 0.46077352163220453, 'hidden_size': 23, 'dropout': 0.38053063881226645, 'hidden_continuous_size': 10, 'attention_head_size': 2, 'learning_rate': 0.02174799373081031}. Best is trial 0 with value: 14.319979667663574.
[I 2023-12-26 12:22:38,313] Trial 14 finished with value: 276.6968688964844 and parameters: {'gradient_clip_val': 0.6618402008440054, 'hidden_size': 9, 'dropout': 0.2537962912423128, 'hidden_continuous_size': 6, 'attention_head_size': 3, 'learning_rate': 0.04445882012698978}. Best is trial 0 with value: 14.319979667663574.
[I 2023-12-26 12:22:41,497] Trial 15 finished with value: 206.4422607421875 and parameters: {'gradient_clip_val': 0.43805481951882774, 'hidden_size': 31, 'dropout': 0.1803154651144987, 'hidden_continuous_size': 14, 'attention_head_size': 1, 'learning_rate': 0.013887168439009827}. Best is trial 0 with value: 14.319979667663574.
[I 2023-12-26 12:22:49,009] Trial 16 finished with value: 194.33428955078125 and parameters: {'gradient_clip_val': 0.7160700479300081, 'hidden_size': 87, 'dropout': 0.25898847122001617, 'hidden_continuous_size': 22, 'attention_head_size': 4, 'learning_rate': 0.06096042588053406}. Best is trial 0 with value: 14.319979667663574.
[I 2023-12-26 12:22:51,467] Trial 17 finished with value: 282.5447998046875 and parameters: {'gradient_clip_val': 0.3952320739201692, 'hidden_size': 10, 'dropout': 0.34899615046516425, 'hidden_continuous_size': 7, 'attention_head_size': 3, 'learning_rate': 0.029050933919781845}. Best is trial 0 with value: 14.319979667663574.
[I 2023-12-26 12:23:02,961] Trial 18 finished with value: 201.8502655029297 and parameters: {'gradient_clip_val': 0.2632545556582569, 'hidden_size': 141, 'dropout': 0.1595594819167631, 'hidden_continuous_size': 19, 'attention_head_size': 2, 'learning_rate': 0.0013005031929602564}. Best is trial 0 with value: 14.319979667663574.
[I 2023-12-26 12:23:09,630] Trial 19 finished with value: 212.1452178955078 and parameters: {'gradient_clip_val': 0.5701439783050075, 'hidden_size': 79, 'dropout': 0.2604387251712762, 'hidden_continuous_size': 24, 'attention_head_size': 1, 'learning_rate': 0.00323696708387102}. Best is trial 0 with value: 14.319979667663574.
[I 2023-12-26 12:23:13,057] Trial 20 finished with value: 218.6212921142578 and parameters: {'gradient_clip_val': 0.7362775632953231, 'hidden_size': 31, 'dropout': 0.15976003615507584, 'hidden_continuous_size': 8, 'attention_head_size': 4, 'learning_rate': 0.00882222234084133}. Best is trial 0 with value: 14.319979667663574.
[I 2023-12-26 12:23:15,704] Trial 21 finished with value: 230.96807861328125 and parameters: {'gradient_clip_val': 0.48927928751887567, 'hidden_size': 20, 'dropout': 0.3831833234866011, 'hidden_continuous_size': 10, 'attention_head_size': 2, 'learning_rate': 0.02376490114778747}. Best is trial 0 with value: 14.319979667663574.
[I 2023-12-26 12:23:18,492] Trial 22 finished with value: 205.8389892578125 and parameters: {'gradient_clip_val': 0.3819113774586904, 'hidden_size': 22, 'dropout': 0.3551080888572185, 'hidden_continuous_size': 8, 'attention_head_size': 2, 'learning_rate': 0.09945739164807575}. Best is trial 0 with value: 14.319979667663574.
