[I 2023-12-27 11:14:26,582] Trial 3 finished with value: 21.63089942932129 and parameters: {'gradient_clip_val': 0.13537407002419494, 'hidden_size': 7, 'dropout': 0.48419331189602643, 'hidden_continuous_size': 7, 'attention_head_size': 2, 'learning_rate': 0.020205706434279495}. Best is trial 0 with value: 8.797518730163574.
LOCAL_RANK: 0 - CUDA_VISIBLE_DEVICES: [0]
[I 2023-12-27 11:14:27,030] Trial 4 finished with value: 19.72579002380371 and parameters: {'gradient_clip_val': 0.10033189737750466, 'hidden_size': 6, 'dropout': 0.47496810129015365, 'hidden_continuous_size': 5, 'attention_head_size': 2, 'learning_rate': 0.05496620911705982}. Best is trial 0 with value: 8.797518730163574.
LOCAL_RANK: 0 - CUDA_VISIBLE_DEVICES: [0]
[I 2023-12-27 11:14:27,433] Trial 5 finished with value: 17.53993034362793 and parameters: {'gradient_clip_val': 0.49643326001613136, 'hidden_size': 10, 'dropout': 0.39133473148277365, 'hidden_continuous_size': 10, 'attention_head_size': 1, 'learning_rate': 0.0013426600094648702}. Best is trial 0 with value: 8.797518730163574.
LOCAL_RANK: 0 - CUDA_VISIBLE_DEVICES: [0]
[I 2023-12-27 11:14:27,857] Trial 6 finished with value: 18.14851951599121 and parameters: {'gradient_clip_val': 0.11757839503591914, 'hidden_size': 46, 'dropout': 0.38965856342312444, 'hidden_continuous_size': 7, 'attention_head_size': 2, 'learning_rate': 0.03895868684324489}. Best is trial 0 with value: 8.797518730163574.
LOCAL_RANK: 0 - CUDA_VISIBLE_DEVICES: [0]
[I 2023-12-27 11:14:28,334] Trial 7 finished with value: 23.19634246826172 and parameters: {'gradient_clip_val': 0.7389789360573792, 'hidden_size': 66, 'dropout': 0.11276788479547464, 'hidden_continuous_size': 51, 'attention_head_size': 3, 'learning_rate': 0.057088811846783674}. Best is trial 0 with value: 8.797518730163574.
LOCAL_RANK: 0 - CUDA_VISIBLE_DEVICES: [0]
[I 2023-12-27 11:14:28,750] Trial 8 finished with value: 19.45619773864746 and parameters: {'gradient_clip_val': 0.1911526965624481, 'hidden_size': 5, 'dropout': 0.3297523995189878, 'hidden_continuous_size': 5, 'attention_head_size': 2, 'learning_rate': 0.0008629675489350366}. Best is trial 0 with value: 8.797518730163574.
LOCAL_RANK: 0 - CUDA_VISIBLE_DEVICES: [0]
[I 2023-12-27 11:14:29,202] Trial 9 finished with value: 22.380407333374023 and parameters: {'gradient_clip_val': 0.74863719450762, 'hidden_size': 27, 'dropout': 0.12684895541123065, 'hidden_continuous_size': 24, 'attention_head_size': 2, 'learning_rate': 0.0015883822799205047}. Best is trial 0 with value: 8.797518730163574.
LOCAL_RANK: 0 - CUDA_VISIBLE_DEVICES: [0]
[I 2023-12-27 11:14:29,749] Trial 10 finished with value: 17.656721115112305 and parameters: {'gradient_clip_val': 0.4171852717536355, 'hidden_size': 136, 'dropout': 0.2280976298688861, 'hidden_continuous_size': 132, 'attention_head_size': 4, 'learning_rate': 0.09965749774355737}. Best is trial 0 with value: 8.797518730163574.
LOCAL_RANK: 0 - CUDA_VISIBLE_DEVICES: [0]
[I 2023-12-27 11:14:30,229] Trial 11 finished with value: 18.035594940185547 and parameters: {'gradient_clip_val': 0.2688502117552468, 'hidden_size': 15, 'dropout': 0.24825791624406948, 'hidden_continuous_size': 7, 'attention_head_size': 3, 'learning_rate': 0.006534108844356855}. Best is trial 0 with value: 8.797518730163574.
LOCAL_RANK: 0 - CUDA_VISIBLE_DEVICES: [0]
[I 2023-12-27 11:14:30,947] Trial 12 finished with value: 21.104761123657227 and parameters: {'gradient_clip_val': 0.2633138641803673, 'hidden_size': 17, 'dropout': 0.2881175349569123, 'hidden_continuous_size': 11, 'attention_head_size': 4, 'learning_rate': 0.009547852810890437}. Best is trial 0 with value: 8.797518730163574.
LOCAL_RANK: 0 - CUDA_VISIBLE_DEVICES: [0]
[I 2023-12-27 11:14:31,413] Trial 13 finished with value: 22.116785049438477 and parameters: {'gradient_clip_val': 0.400200775737004, 'hidden_size': 23, 'dropout': 0.20605859256303802, 'hidden_continuous_size': 13, 'attention_head_size': 3, 'learning_rate': 0.0005861712608500154}. Best is trial 0 with value: 8.797518730163574.
LOCAL_RANK: 0 - CUDA_VISIBLE_DEVICES: [0]
[I 2023-12-27 11:14:31,914] Trial 14 finished with value: 22.8955020904541 and parameters: {'gradient_clip_val': 0.5437780036251029, 'hidden_size': 11, 'dropout': 0.3101684326565505, 'hidden_continuous_size': 6, 'attention_head_size': 3, 'learning_rate': 0.0046415809102105495}. Best is trial 0 with value: 8.797518730163574.
LOCAL_RANK: 0 - CUDA_VISIBLE_DEVICES: [0]
[I 2023-12-27 11:14:32,379] Trial 15 finished with value: 22.51444435119629 and parameters: {'gradient_clip_val': 0.3099705218360801, 'hidden_size': 27, 'dropout': 0.19634052344466738, 'hidden_continuous_size': 14, 'attention_head_size': 4, 'learning_rate': 0.013611620392985777}. Best is trial 0 with value: 8.797518730163574.
LOCAL_RANK: 0 - CUDA_VISIBLE_DEVICES: [0]
[I 2023-12-27 11:14:32,855] Trial 16 finished with value: 24.792091369628906 and parameters: {'gradient_clip_val': 0.967668615022285, 'hidden_size': 9, 'dropout': 0.2714229934223878, 'hidden_continuous_size': 5, 'attention_head_size': 1, 'learning_rate': 0.0237743162000309}. Best is trial 0 with value: 8.797518730163574.
LOCAL_RANK: 0 - CUDA_VISIBLE_DEVICES: [0]
[I 2023-12-27 11:14:33,321] Trial 17 finished with value: 18.2553653717041 and parameters: {'gradient_clip_val': 0.20509463086487223, 'hidden_size': 15, 'dropout': 0.3305309061658274, 'hidden_continuous_size': 8, 'attention_head_size': 3, 'learning_rate': 0.00366365845404569}. Best is trial 0 with value: 8.797518730163574.
LOCAL_RANK: 0 - CUDA_VISIBLE_DEVICES: [0]
[I 2023-12-27 11:14:33,819] Trial 18 finished with value: 22.670379638671875 and parameters: {'gradient_clip_val': 0.6173739352274572, 'hidden_size': 35, 'dropout': 0.17108341595979745, 'hidden_continuous_size': 16, 'attention_head_size': 3, 'learning_rate': 0.008615509391533086}. Best is trial 0 with value: 8.797518730163574.
LOCAL_RANK: 0 - CUDA_VISIBLE_DEVICES: [0]
[I 2023-12-27 11:14:34,302] Trial 19 finished with value: 23.78373908996582 and parameters: {'gradient_clip_val': 0.4007173608329934, 'hidden_size': 22, 'dropout': 0.2551366623114577, 'hidden_continuous_size': 9, 'attention_head_size': 2, 'learning_rate': 0.002471681054725522}. Best is trial 0 with value: 8.797518730163574.
LOCAL_RANK: 0 - CUDA_VISIBLE_DEVICES: [0]
[I 2023-12-27 11:14:34,747] Trial 20 finished with value: 15.568877220153809 and parameters: {'gradient_clip_val': 0.6384012177987878, 'hidden_size': 14, 'dropout': 0.20756084975700617, 'hidden_continuous_size': 6, 'attention_head_size': 1, 'learning_rate': 0.005355008169111614}. Best is trial 0 with value: 8.797518730163574.
LOCAL_RANK: 0 - CUDA_VISIBLE_DEVICES: [0]
[I 2023-12-27 11:14:35,224] Trial 21 finished with value: 17.02016258239746 and parameters: {'gradient_clip_val': 0.6168112180432245, 'hidden_size': 13, 'dropout': 0.21496296755793654, 'hidden_continuous_size': 6, 'attention_head_size': 1, 'learning_rate': 0.007461562987481133}. Best is trial 0 with value: 8.797518730163574.
LOCAL_RANK: 0 - CUDA_VISIBLE_DEVICES: [0]
[I 2023-12-27 11:14:35,677] Trial 22 finished with value: 19.94285774230957 and parameters: {'gradient_clip_val': 0.9845016853340813, 'hidden_size': 9, 'dropout': 0.18515686843329496, 'hidden_continuous_size': 6, 'attention_head_size': 1, 'learning_rate': 0.004445900230965096}. Best is trial 0 with value: 8.797518730163574.
LOCAL_RANK: 0 - CUDA_VISIBLE_DEVICES: [0]
[I 2023-12-27 11:14:36,143] Trial 23 finished with value: 21.11090660095215 and parameters: {'gradient_clip_val': 0.7038935717137895, 'hidden_size': 17, 'dropout': 0.2237231244604937, 'hidden_continuous_size': 8, 'attention_head_size': 1, 'learning_rate': 0.013523222775225415}. Best is trial 0 with value: 8.797518730163574.
LOCAL_RANK: 0 - CUDA_VISIBLE_DEVICES: [0]
[I 2023-12-27 11:14:36,628] Trial 24 finished with value: 23.843015670776367 and parameters: {'gradient_clip_val': 0.48747160490142, 'hidden_size': 20, 'dropout': 0.27432958740410224, 'hidden_continuous_size': 5, 'attention_head_size': 2, 'learning_rate': 0.005518525866170117}. Best is trial 0 with value: 8.797518730163574.
LOCAL_RANK: 0 - CUDA_VISIBLE_DEVICES: [0]
[I 2023-12-27 11:14:37,381] Trial 25 finished with value: 20.27021598815918 and parameters: {'gradient_clip_val': 0.8448287346130416, 'hidden_size': 12, 'dropout': 0.15819437036776465, 'hidden_continuous_size': 6, 'attention_head_size': 3, 'learning_rate': 0.002498408905278193}. Best is trial 0 with value: 8.797518730163574.
LOCAL_RANK: 0 - CUDA_VISIBLE_DEVICES: [0]
[I 2023-12-27 11:14:37,866] Trial 26 finished with value: 25.754507064819336 and parameters: {'gradient_clip_val': 0.6001578915239303, 'hidden_size': 8, 'dropout': 0.24596418245156848, 'hidden_continuous_size': 5, 'attention_head_size': 2, 'learning_rate': 0.003108831548339376}. Best is trial 0 with value: 8.797518730163574.
LOCAL_RANK: 0 - CUDA_VISIBLE_DEVICES: [0]
[I 2023-12-27 11:14:38,319] Trial 27 finished with value: 25.0467586517334 and parameters: {'gradient_clip_val': 0.3538122143827346, 'hidden_size': 12, 'dropout': 0.30030291131333503, 'hidden_continuous_size': 6, 'attention_head_size': 1, 'learning_rate': 0.001865518266664561}. Best is trial 0 with value: 8.797518730163574.
LOCAL_RANK: 0 - CUDA_VISIBLE_DEVICES: [0]
[I 2023-12-27 11:14:38,811] Trial 28 finished with value: 20.825490951538086 and parameters: {'gradient_clip_val': 0.48142021702668153, 'hidden_size': 19, 'dropout': 0.1833015296781118, 'hidden_continuous_size': 7, 'attention_head_size': 4, 'learning_rate': 0.004157388527601453}. Best is trial 0 with value: 8.797518730163574.
LOCAL_RANK: 0 - CUDA_VISIBLE_DEVICES: [0]
[I 2023-12-27 11:14:39,291] Trial 29 finished with value: 22.780786514282227 and parameters: {'gradient_clip_val': 0.8817521105079861, 'hidden_size': 31, 'dropout': 0.1656312261347051, 'hidden_continuous_size': 11, 'attention_head_size': 1, 'learning_rate': 0.0059183270037700035}. Best is trial 0 with value: 8.797518730163574.
LOCAL_RANK: 0 - CUDA_VISIBLE_DEVICES: [0]
[I 2023-12-27 11:14:39,741] Trial 30 finished with value: 19.631126403808594 and parameters: {'gradient_clip_val': 0.6465230719268965, 'hidden_size': 14, 'dropout': 0.12728017685128315, 'hidden_continuous_size': 8, 'attention_head_size': 2, 'learning_rate': 0.01059467583166868}. Best is trial 0 with value: 8.797518730163574.
LOCAL_RANK: 0 - CUDA_VISIBLE_DEVICES: [0]
[I 2023-12-27 11:14:40,224] Trial 31 finished with value: 21.38865089416504 and parameters: {'gradient_clip_val': 0.7537345824317802, 'hidden_size': 13, 'dropout': 0.20317145891940103, 'hidden_continuous_size': 6, 'attention_head_size': 1, 'learning_rate': 0.0028947000986955045}. Best is trial 0 with value: 8.797518730163574.
LOCAL_RANK: 0 - CUDA_VISIBLE_DEVICES: [0]
[I 2023-12-27 11:14:40,671] Trial 32 finished with value: 24.682998657226562 and parameters: {'gradient_clip_val': 0.5676991177953911, 'hidden_size': 7, 'dropout': 0.22786284428710174, 'hidden_continuous_size': 5, 'attention_head_size': 1, 'learning_rate': 0.007030285220191222}. Best is trial 0 with value: 8.797518730163574.
LOCAL_RANK: 0 - CUDA_VISIBLE_DEVICES: [0]
[I 2023-12-27 11:14:41,126] Trial 33 finished with value: 15.708090782165527 and parameters: {'gradient_clip_val': 0.6761974904907856, 'hidden_size': 11, 'dropout': 0.15252591611894428, 'hidden_continuous_size': 6, 'attention_head_size': 1, 'learning_rate': 0.017730226800548417}. Best is trial 0 with value: 8.797518730163574.
LOCAL_RANK: 0 - CUDA_VISIBLE_DEVICES: [0]
[I 2023-12-27 11:14:41,575] Trial 34 finished with value: 28.120515823364258 and parameters: {'gradient_clip_val': 0.8568525271914602, 'hidden_size': 10, 'dropout': 0.13548267217519586, 'hidden_continuous_size': 6, 'attention_head_size': 1, 'learning_rate': 0.025732080749469175}. Best is trial 0 with value: 8.797518730163574.
LOCAL_RANK: 0 - CUDA_VISIBLE_DEVICES: [0]
[I 2023-12-27 11:14:42,001] Trial 35 finished with value: 21.103923797607422 and parameters: {'gradient_clip_val': 0.7755479554039176, 'hidden_size': 7, 'dropout': 0.16869703035814482, 'hidden_continuous_size': 5, 'attention_head_size': 2, 'learning_rate': 0.031585843227893644}. Best is trial 0 with value: 8.797518730163574.
LOCAL_RANK: 0 - CUDA_VISIBLE_DEVICES: [0]
[I 2023-12-27 11:14:42,438] Trial 36 finished with value: 22.02915382385254 and parameters: {'gradient_clip_val': 0.5312436943490392, 'hidden_size': 6, 'dropout': 0.15058017006961802, 'hidden_continuous_size': 5, 'attention_head_size': 2, 'learning_rate': 0.01562679285852712}. Best is trial 0 with value: 8.797518730163574.
LOCAL_RANK: 0 - CUDA_VISIBLE_DEVICES: [0]
[I 2023-12-27 11:14:42,873] Trial 37 finished with value: 22.03206443786621 and parameters: {'gradient_clip_val': 0.6847750071440021, 'hidden_size': 10, 'dropout': 0.10004396449333795, 'hidden_continuous_size': 7, 'attention_head_size': 1, 'learning_rate': 0.01823493715233045}. Best is trial 0 with value: 8.797518730163574.
LOCAL_RANK: 0 - CUDA_VISIBLE_DEVICES: [0]
[I 2023-12-27 11:14:43,635] Trial 38 finished with value: 21.643163681030273 and parameters: {'gradient_clip_val': 0.6718972227256411, 'hidden_size': 16, 'dropout': 0.37618790915098266, 'hidden_continuous_size': 9, 'attention_head_size': 2, 'learning_rate': 0.04633600823997854}. Best is trial 0 with value: 8.797518730163574.
LOCAL_RANK: 0 - CUDA_VISIBLE_DEVICES: [0]
[I 2023-12-27 11:14:44,115] Trial 39 finished with value: 23.253217697143555 and parameters: {'gradient_clip_val': 0.454091248886375, 'hidden_size': 19, 'dropout': 0.14525659348730277, 'hidden_continuous_size': 10, 'attention_head_size': 3, 'learning_rate': 0.07485178554486331}. Best is trial 0 with value: 8.797518730163574.
LOCAL_RANK: 0 - CUDA_VISIBLE_DEVICES: [0]
[I 2023-12-27 11:14:44,618] Trial 40 finished with value: 24.86528968811035 and parameters: {'gradient_clip_val': 0.549315246457722, 'hidden_size': 42, 'dropout': 0.2382554193059861, 'hidden_continuous_size': 19, 'attention_head_size': 2, 'learning_rate': 0.04232522935173318}. Best is trial 0 with value: 8.797518730163574.
LOCAL_RANK: 0 - CUDA_VISIBLE_DEVICES: [0]
[I 2023-12-27 11:14:45,059] Trial 41 finished with value: 21.930023193359375 and parameters: {'gradient_clip_val': 0.6559688374769631, 'hidden_size': 13, 'dropout': 0.20497928103530547, 'hidden_continuous_size': 6, 'attention_head_size': 1, 'learning_rate': 0.03288232341324904}. Best is trial 0 with value: 8.797518730163574.
LOCAL_RANK: 0 - CUDA_VISIBLE_DEVICES: [0]
[I 2023-12-27 11:14:45,526] Trial 42 finished with value: 18.874475479125977 and parameters: {'gradient_clip_val': 0.7877848325393048, 'hidden_size': 11, 'dropout': 0.21693858046954761, 'hidden_continuous_size': 7, 'attention_head_size': 1, 'learning_rate': 0.008740624586408615}. Best is trial 0 with value: 8.797518730163574.
LOCAL_RANK: 0 - CUDA_VISIBLE_DEVICES: [0]
[I 2023-12-27 11:14:45,980] Trial 43 finished with value: 26.308156967163086 and parameters: {'gradient_clip_val': 0.6191007161662204, 'hidden_size': 14, 'dropout': 0.2582646759325237, 'hidden_continuous_size': 7, 'attention_head_size': 1, 'learning_rate': 0.0690797686302923}. Best is trial 0 with value: 8.797518730163574.
LOCAL_RANK: 0 - CUDA_VISIBLE_DEVICES: [0]
[I 2023-12-27 11:14:46,483] Trial 44 finished with value: 20.26548194885254 and parameters: {'gradient_clip_val': 0.7245940984636833, 'hidden_size': 24, 'dropout': 0.18386008679173044, 'hidden_continuous_size': 9, 'attention_head_size': 1, 'learning_rate': 0.01986524511715251}. Best is trial 0 with value: 8.797518730163574.
LOCAL_RANK: 0 - CUDA_VISIBLE_DEVICES: [0]
[I 2023-12-27 11:14:46,940] Trial 45 finished with value: 23.580198287963867 and parameters: {'gradient_clip_val': 0.592138892851605, 'hidden_size': 17, 'dropout': 0.22019852967546383, 'hidden_continuous_size': 12, 'attention_head_size': 1, 'learning_rate': 0.09477344152507065}. Best is trial 0 with value: 8.797518730163574.
LOCAL_RANK: 0 - CUDA_VISIBLE_DEVICES: [0]
[I 2023-12-27 11:14:47,446] Trial 46 finished with value: 22.655054092407227 and parameters: {'gradient_clip_val': 0.4374775196656639, 'hidden_size': 58, 'dropout': 0.2376387218854453, 'hidden_continuous_size': 23, 'attention_head_size': 3, 'learning_rate': 0.005526180917583341}. Best is trial 0 with value: 8.797518730163574.
LOCAL_RANK: 0 - CUDA_VISIBLE_DEVICES: [0]
[I 2023-12-27 11:14:47,936] Trial 47 finished with value: 18.324262619018555 and parameters: {'gradient_clip_val': 0.5102699783942575, 'hidden_size': 21, 'dropout': 0.19761776336586379, 'hidden_continuous_size': 12, 'attention_head_size': 1, 'learning_rate': 0.011913824029065004}. Best is trial 0 with value: 8.797518730163574.
LOCAL_RANK: 0 - CUDA_VISIBLE_DEVICES: [0]
[I 2023-12-27 11:14:48,431] Trial 48 finished with value: 23.496305465698242 and parameters: {'gradient_clip_val': 0.9248566647440062, 'hidden_size': 26, 'dropout': 0.2666645290425397, 'hidden_continuous_size': 8, 'attention_head_size': 2, 'learning_rate': 0.007719104669615341}. Best is trial 0 with value: 8.797518730163574.
LOCAL_RANK: 0 - CUDA_VISIBLE_DEVICES: [0]
[I 2023-12-27 11:14:48,853] Trial 49 finished with value: 18.514848709106445 and parameters: {'gradient_clip_val': 0.7876461434179722, 'hidden_size': 5, 'dropout': 0.2841226009236132, 'hidden_continuous_size': 5, 'attention_head_size': 3, 'learning_rate': 0.010576834987675785}. Best is trial 0 with value: 8.797518730163574.
[I 2023-12-27 11:14:48,982] A new study created in memory with name: no-name-40ee0993-8ae8-41a6-9b34-9c74aefded7a
/home/le004/conda/anaconda3/envs/tsff_env/lib/python3.9/site-packages/lightning/fabric/plugins/environments/slurm.py:191: The `srun` command is available on your system but is not used. HINT: If your intention is to run Lightning on SLURM, prepend your python command with `srun` like so: srun python /home/le004/master_thesis/git/TSFusionForecast/code/ ...
LOCAL_RANK: 0 - CUDA_VISIBLE_DEVICES: [0]
[I 2023-12-27 11:15:18,095] Trial 0 finished with value: 629.8770141601562 and parameters: {'gradient_clip_val': 0.1358851279131353, 'hidden_size': 8, 'dropout': 0.19649321621003588, 'hidden_continuous_size': 5, 'attention_head_size': 4, 'learning_rate': 0.0005336402904346151}. Best is trial 0 with value: 629.8770141601562.
LOCAL_RANK: 0 - CUDA_VISIBLE_DEVICES: [0]
[I 2023-12-27 11:15:45,056] Trial 1 finished with value: 403.6039123535156 and parameters: {'gradient_clip_val': 0.17700957811512527, 'hidden_size': 6, 'dropout': 0.13056473160920015, 'hidden_continuous_size': 6, 'attention_head_size': 4, 'learning_rate': 0.0030073227525303278}. Best is trial 1 with value: 403.6039123535156.
LOCAL_RANK: 0 - CUDA_VISIBLE_DEVICES: [0]
[I 2023-12-27 11:15:53,846] Trial 2 finished with value: 605.016845703125 and parameters: {'gradient_clip_val': 0.504757247358511, 'hidden_size': 6, 'dropout': 0.4224891628709234, 'hidden_continuous_size': 6, 'attention_head_size': 4, 'learning_rate': 0.0011590109734642153}. Best is trial 1 with value: 403.6039123535156.
LOCAL_RANK: 0 - CUDA_VISIBLE_DEVICES: [0]
[I 2023-12-27 11:15:54,271] Trial 3 finished with value: 514.2312622070312 and parameters: {'gradient_clip_val': 0.18355827572183525, 'hidden_size': 15, 'dropout': 0.10520702797261153, 'hidden_continuous_size': 14, 'attention_head_size': 2, 'learning_rate': 0.05123000866436447}. Best is trial 1 with value: 403.6039123535156.
LOCAL_RANK: 0 - CUDA_VISIBLE_DEVICES: [0]
[I 2023-12-27 11:15:54,766] Trial 4 finished with value: 694.0670776367188 and parameters: {'gradient_clip_val': 0.880885607854659, 'hidden_size': 129, 'dropout': 0.47618720962745287, 'hidden_continuous_size': 5, 'attention_head_size': 4, 'learning_rate': 0.031150829643566715}. Best is trial 1 with value: 403.6039123535156.
LOCAL_RANK: 0 - CUDA_VISIBLE_DEVICES: [0]
[I 2023-12-27 11:15:55,255] Trial 5 finished with value: 547.9466552734375 and parameters: {'gradient_clip_val': 0.6150619508565701, 'hidden_size': 64, 'dropout': 0.15782220631187258, 'hidden_continuous_size': 38, 'attention_head_size': 2, 'learning_rate': 0.006882609051883966}. Best is trial 1 with value: 403.6039123535156.
LOCAL_RANK: 0 - CUDA_VISIBLE_DEVICES: [0]
[I 2023-12-27 11:15:55,700] Trial 6 finished with value: 584.7839965820312 and parameters: {'gradient_clip_val': 0.22124445168887422, 'hidden_size': 16, 'dropout': 0.12950259034626704, 'hidden_continuous_size': 10, 'attention_head_size': 4, 'learning_rate': 0.002311628551782581}. Best is trial 1 with value: 403.6039123535156.
LOCAL_RANK: 0 - CUDA_VISIBLE_DEVICES: [0]
[I 2023-12-27 11:15:56,146] Trial 7 finished with value: 616.71923828125 and parameters: {'gradient_clip_val': 0.8353586322711148, 'hidden_size': 14, 'dropout': 0.38080247337120887, 'hidden_continuous_size': 12, 'attention_head_size': 3, 'learning_rate': 0.0011454132557859758}. Best is trial 1 with value: 403.6039123535156.
LOCAL_RANK: 0 - CUDA_VISIBLE_DEVICES: [0]
[I 2023-12-27 11:15:56,636] Trial 8 finished with value: 614.2269897460938 and parameters: {'gradient_clip_val': 0.1923743580347859, 'hidden_size': 59, 'dropout': 0.29967889862591157, 'hidden_continuous_size': 8, 'attention_head_size': 1, 'learning_rate': 0.07414283146689873}. Best is trial 1 with value: 403.6039123535156.
LOCAL_RANK: 0 - CUDA_VISIBLE_DEVICES: [0]
[I 2023-12-27 11:15:57,328] Trial 9 finished with value: 651.406982421875 and parameters: {'gradient_clip_val': 0.11500181385995327, 'hidden_size': 6, 'dropout': 0.1886905551693089, 'hidden_continuous_size': 6, 'attention_head_size': 4, 'learning_rate': 0.0008835050664719983}. Best is trial 1 with value: 403.6039123535156.
LOCAL_RANK: 0 - CUDA_VISIBLE_DEVICES: [0]
[I 2023-12-27 11:15:57,745] Trial 10 finished with value: 607.8385620117188 and parameters: {'gradient_clip_val': 0.31772754804565817, 'hidden_size': 5, 'dropout': 0.2493072172618533, 'hidden_continuous_size': 5, 'attention_head_size': 3, 'learning_rate': 0.005199775035411275}. Best is trial 1 with value: 403.6039123535156.
LOCAL_RANK: 0 - CUDA_VISIBLE_DEVICES: [0]
