[I 2023-12-27 11:11:11,318] Trial 38 finished with value: 3.7675037384033203 and parameters: {'gradient_clip_val': 0.2818781037673726, 'hidden_size': 65, 'dropout': 0.4804265563600426, 'hidden_continuous_size': 9, 'attention_head_size': 2, 'learning_rate': 0.009378940592368077}. Best is trial 0 with value: 0.10658589005470276.
[I 2023-12-27 11:11:12,089] Trial 39 finished with value: 2.235334873199463 and parameters: {'gradient_clip_val': 0.18894571299124574, 'hidden_size': 79, 'dropout': 0.47564295662238604, 'hidden_continuous_size': 15, 'attention_head_size': 1, 'learning_rate': 0.011314092797818392}. Best is trial 0 with value: 0.10658589005470276.
[I 2023-12-27 11:11:12,629] Trial 40 finished with value: 3.599942922592163 and parameters: {'gradient_clip_val': 0.3060123196959149, 'hidden_size': 109, 'dropout': 0.4357706328221286, 'hidden_continuous_size': 11, 'attention_head_size': 2, 'learning_rate': 0.019976768171572245}. Best is trial 0 with value: 0.10658589005470276.
[I 2023-12-27 11:11:13,113] Trial 41 finished with value: 2.8402483463287354 and parameters: {'gradient_clip_val': 0.17786940743306096, 'hidden_size': 78, 'dropout': 0.471996491247417, 'hidden_continuous_size': 16, 'attention_head_size': 1, 'learning_rate': 0.011862292667097485}. Best is trial 0 with value: 0.10658589005470276.
[I 2023-12-27 11:11:13,608] Trial 42 finished with value: 2.394470691680908 and parameters: {'gradient_clip_val': 0.22315197836308243, 'hidden_size': 87, 'dropout': 0.4612483383761697, 'hidden_continuous_size': 19, 'attention_head_size': 1, 'learning_rate': 0.00830018469069701}. Best is trial 0 with value: 0.10658589005470276.
[I 2023-12-27 11:11:14,163] Trial 43 finished with value: 3.887930154800415 and parameters: {'gradient_clip_val': 0.2545652133116443, 'hidden_size': 118, 'dropout': 0.4988712148876612, 'hidden_continuous_size': 9, 'attention_head_size': 1, 'learning_rate': 0.013797727371066404}. Best is trial 0 with value: 0.10658589005470276.
[I 2023-12-27 11:11:14,597] Trial 44 finished with value: 3.113778829574585 and parameters: {'gradient_clip_val': 0.20459271342584617, 'hidden_size': 48, 'dropout': 0.4727914707721379, 'hidden_continuous_size': 21, 'attention_head_size': 1, 'learning_rate': 0.006157669864254055}. Best is trial 0 with value: 0.10658589005470276.
[I 2023-12-27 11:11:15,071] Trial 45 finished with value: 3.0310192108154297 and parameters: {'gradient_clip_val': 0.2569489118952714, 'hidden_size': 75, 'dropout': 0.31078505351753055, 'hidden_continuous_size': 6, 'attention_head_size': 2, 'learning_rate': 0.010717424543538075}. Best is trial 0 with value: 0.10658589005470276.
[I 2023-12-27 11:11:15,582] Trial 46 finished with value: 3.3577451705932617 and parameters: {'gradient_clip_val': 0.18748396309841062, 'hidden_size': 93, 'dropout': 0.4478289430816264, 'hidden_continuous_size': 14, 'attention_head_size': 2, 'learning_rate': 0.007418615665193341}. Best is trial 0 with value: 0.10658589005470276.
[I 2023-12-27 11:11:16,037] Trial 47 finished with value: 2.438584566116333 and parameters: {'gradient_clip_val': 0.222354371306148, 'hidden_size': 60, 'dropout': 0.48027649889980795, 'hidden_continuous_size': 24, 'attention_head_size': 1, 'learning_rate': 0.016604703373162}. Best is trial 0 with value: 0.10658589005470276.
[I 2023-12-27 11:11:16,595] Trial 48 finished with value: 3.3906524181365967 and parameters: {'gradient_clip_val': 0.16608089378840193, 'hidden_size': 129, 'dropout': 0.41117108117672946, 'hidden_continuous_size': 7, 'attention_head_size': 2, 'learning_rate': 0.022090945069527634}. Best is trial 0 with value: 0.10658589005470276.
[I 2023-12-27 11:11:17,059] Trial 49 finished with value: 2.8974392414093018 and parameters: {'gradient_clip_val': 0.2893368579244138, 'hidden_size': 68, 'dropout': 0.45676565965884286, 'hidden_continuous_size': 17, 'attention_head_size': 1, 'learning_rate': 0.015223569091211227}. Best is trial 0 with value: 0.10658589005470276.
[I 2023-12-27 11:11:17,179] A new study created in memory with name: no-name-bd2a0623-2cec-4ec0-a414-6ba7da4d2c80
/home/le004/conda/anaconda3/envs/tsff_env/lib/python3.9/site-packages/lightning/fabric/plugins/environments/slurm.py:191: The `srun` command is available on your system but is not used. HINT: If your intention is to run Lightning on SLURM, prepend your python command with `srun` like so: srun python /home/le004/master_thesis/git/TSFusionForecast/code/ ...
[I 2023-12-27 11:11:51,974] Trial 0 finished with value: 1.0096052885055542 and parameters: {'gradient_clip_val': 0.10505021057186607, 'hidden_size': 28, 'dropout': 0.19862618113334946, 'hidden_continuous_size': 6, 'attention_head_size': 3, 'learning_rate': 0.0006771961914710945}. Best is trial 0 with value: 1.0096052885055542.
[I 2023-12-27 11:12:37,718] Trial 1 finished with value: 0.1425154060125351 and parameters: {'gradient_clip_val': 0.6206776497712909, 'hidden_size': 76, 'dropout': 0.23659229155581887, 'hidden_continuous_size': 60, 'attention_head_size': 2, 'learning_rate': 0.0017186144198077665}. Best is trial 1 with value: 0.1425154060125351.
[I 2023-12-27 11:12:52,008] Trial 2 finished with value: 1.966922640800476 and parameters: {'gradient_clip_val': 0.9995333717252358, 'hidden_size': 78, 'dropout': 0.22852769045504148, 'hidden_continuous_size': 26, 'attention_head_size': 3, 'learning_rate': 0.0009100861275679553}. Best is trial 1 with value: 0.1425154060125351.
[I 2023-12-27 11:12:52,385] Trial 3 finished with value: 3.142829179763794 and parameters: {'gradient_clip_val': 0.21171484708343766, 'hidden_size': 25, 'dropout': 0.2597639419520311, 'hidden_continuous_size': 12, 'attention_head_size': 2, 'learning_rate': 0.0009374969633129397}. Best is trial 1 with value: 0.1425154060125351.
[I 2023-12-27 11:12:52,934] Trial 4 finished with value: 2.908431053161621 and parameters: {'gradient_clip_val': 0.2072396812222102, 'hidden_size': 136, 'dropout': 0.259586827023624, 'hidden_continuous_size': 48, 'attention_head_size': 2, 'learning_rate': 0.020182641920926694}. Best is trial 1 with value: 0.1425154060125351.
[I 2023-12-27 11:12:53,256] Trial 5 finished with value: 2.6019418239593506 and parameters: {'gradient_clip_val': 0.16229181097862772, 'hidden_size': 5, 'dropout': 0.20528806737388194, 'hidden_continuous_size': 5, 'attention_head_size': 3, 'learning_rate': 0.012142354997388272}. Best is trial 1 with value: 0.1425154060125351.
[I 2023-12-27 11:12:53,798] Trial 6 finished with value: 3.0868232250213623 and parameters: {'gradient_clip_val': 0.4296985984758986, 'hidden_size': 129, 'dropout': 0.46169777094583175, 'hidden_continuous_size': 39, 'attention_head_size': 2, 'learning_rate': 0.0009091712361112339}. Best is trial 1 with value: 0.1425154060125351.
[I 2023-12-27 11:12:54,160] Trial 7 finished with value: 2.979790449142456 and parameters: {'gradient_clip_val': 0.716187957354906, 'hidden_size': 19, 'dropout': 0.4174609427737088, 'hidden_continuous_size': 5, 'attention_head_size': 2, 'learning_rate': 0.07896214287163003}. Best is trial 1 with value: 0.1425154060125351.
[I 2023-12-27 11:12:54,556] Trial 8 finished with value: 2.9825546741485596 and parameters: {'gradient_clip_val': 0.17002494694986292, 'hidden_size': 30, 'dropout': 0.2052078709178233, 'hidden_continuous_size': 12, 'attention_head_size': 4, 'learning_rate': 0.014657305302512373}. Best is trial 1 with value: 0.1425154060125351.
[I 2023-12-27 11:12:55,244] Trial 9 finished with value: 4.347805500030518 and parameters: {'gradient_clip_val': 0.9940096914344778, 'hidden_size': 112, 'dropout': 0.4827761157791969, 'hidden_continuous_size': 13, 'attention_head_size': 4, 'learning_rate': 0.0007386091013122757}. Best is trial 1 with value: 0.1425154060125351.
[I 2023-12-27 11:12:55,700] Trial 10 finished with value: 2.874377965927124 and parameters: {'gradient_clip_val': 0.45433619748942017, 'hidden_size': 58, 'dropout': 0.10487626196713815, 'hidden_continuous_size': 56, 'attention_head_size': 1, 'learning_rate': 0.0038754459680427787}. Best is trial 1 with value: 0.1425154060125351.
[I 2023-12-27 11:12:56,139] Trial 11 finished with value: 2.977283477783203 and parameters: {'gradient_clip_val': 0.10483588992250048, 'hidden_size': 45, 'dropout': 0.3422138716704188, 'hidden_continuous_size': 21, 'attention_head_size': 1, 'learning_rate': 0.0019624715559551776}. Best is trial 1 with value: 0.1425154060125351.
[I 2023-12-27 11:12:56,561] Trial 12 finished with value: 2.314377546310425 and parameters: {'gradient_clip_val': 0.1025821429250384, 'hidden_size': 43, 'dropout': 0.15460980049346612, 'hidden_continuous_size': 8, 'attention_head_size': 3, 'learning_rate': 0.0005147975245233745}. Best is trial 1 with value: 0.1425154060125351.
[I 2023-12-27 11:12:57,037] Trial 13 finished with value: 2.6136908531188965 and parameters: {'gradient_clip_val': 0.323642688973401, 'hidden_size': 75, 'dropout': 0.29480696289720987, 'hidden_continuous_size': 75, 'attention_head_size': 3, 'learning_rate': 0.002319922623378778}. Best is trial 1 with value: 0.1425154060125351.
[I 2023-12-27 11:12:57,415] Trial 14 finished with value: 4.5320820808410645 and parameters: {'gradient_clip_val': 0.5956625757326113, 'hidden_size': 17, 'dropout': 0.16937994739154222, 'hidden_continuous_size': 7, 'attention_head_size': 1, 'learning_rate': 0.002196941691015806}. Best is trial 1 with value: 0.1425154060125351.
[I 2023-12-27 11:12:57,789] Trial 15 finished with value: 2.982581377029419 and parameters: {'gradient_clip_val': 0.2911827154994708, 'hidden_size': 12, 'dropout': 0.34259557200977964, 'hidden_continuous_size': 6, 'attention_head_size': 4, 'learning_rate': 0.000504642602438172}. Best is trial 1 with value: 0.1425154060125351.
[I 2023-12-27 11:12:58,191] Trial 16 finished with value: 2.537243604660034 and parameters: {'gradient_clip_val': 0.1327906062100423, 'hidden_size': 39, 'dropout': 0.10140142531376142, 'hidden_continuous_size': 10, 'attention_head_size': 2, 'learning_rate': 0.0014395315323507093}. Best is trial 1 with value: 0.1425154060125351.
[I 2023-12-27 11:12:58,660] Trial 17 finished with value: 2.560831308364868 and parameters: {'gradient_clip_val': 0.2786809406279809, 'hidden_size': 70, 'dropout': 0.16389928129773473, 'hidden_continuous_size': 27, 'attention_head_size': 3, 'learning_rate': 0.003143442090408021}. Best is trial 1 with value: 0.1425154060125351.
[I 2023-12-27 11:12:59,166] Trial 18 finished with value: 3.7944018840789795 and parameters: {'gradient_clip_val': 0.4434697475627453, 'hidden_size': 96, 'dropout': 0.28182925178547225, 'hidden_continuous_size': 88, 'attention_head_size': 3, 'learning_rate': 0.004881004858174531}. Best is trial 1 with value: 0.1425154060125351.
[I 2023-12-27 11:12:59,595] Trial 19 finished with value: 3.094935655593872 and parameters: {'gradient_clip_val': 0.12924490988513665, 'hidden_size': 55, 'dropout': 0.3315232925880095, 'hidden_continuous_size': 17, 'attention_head_size': 2, 'learning_rate': 0.001478762773649768}. Best is trial 1 with value: 0.1425154060125351.
[I 2023-12-27 11:13:00,278] Trial 20 finished with value: 3.3076274394989014 and parameters: {'gradient_clip_val': 0.3508709969509405, 'hidden_size': 149, 'dropout': 0.19029570003316268, 'hidden_continuous_size': 144, 'attention_head_size': 1, 'learning_rate': 0.0012734056362428586}. Best is trial 1 with value: 0.1425154060125351.
[I 2023-12-27 11:13:00,736] Trial 21 finished with value: 3.6717593669891357 and parameters: {'gradient_clip_val': 0.9389369033389717, 'hidden_size': 80, 'dropout': 0.23991565609701793, 'hidden_continuous_size': 28, 'attention_head_size': 3, 'learning_rate': 0.0007653880817725778}. Best is trial 1 with value: 0.1425154060125351.
[I 2023-12-27 11:13:01,439] Trial 22 finished with value: 3.476344347000122 and parameters: {'gradient_clip_val': 0.7490317961445512, 'hidden_size': 84, 'dropout': 0.22340765022708484, 'hidden_continuous_size': 18, 'attention_head_size': 3, 'learning_rate': 0.0011528296243205481}. Best is trial 1 with value: 0.1425154060125351.
[I 2023-12-27 11:13:01,894] Trial 23 finished with value: 4.041331768035889 and parameters: {'gradient_clip_val': 0.5823793203185185, 'hidden_size': 60, 'dropout': 0.23557165679558656, 'hidden_continuous_size': 24, 'attention_head_size': 4, 'learning_rate': 0.0005092215765079334}. Best is trial 1 with value: 0.1425154060125351.
[I 2023-12-27 11:13:02,413] Trial 24 finished with value: 2.471559524536133 and parameters: {'gradient_clip_val': 0.7701370415446328, 'hidden_size': 101, 'dropout': 0.24764535511656166, 'hidden_continuous_size': 33, 'attention_head_size': 3, 'learning_rate': 0.0016139246867178257}. Best is trial 1 with value: 0.1425154060125351.
[I 2023-12-27 11:13:02,818] Trial 25 finished with value: 2.787923812866211 and parameters: {'gradient_clip_val': 0.9832795225955037, 'hidden_size': 35, 'dropout': 0.14464523189530085, 'hidden_continuous_size': 16, 'attention_head_size': 2, 'learning_rate': 0.0027063040830902626}. Best is trial 1 with value: 0.1425154060125351.
[I 2023-12-27 11:13:03,246] Trial 26 finished with value: 2.6057984828948975 and parameters: {'gradient_clip_val': 0.5633635876650798, 'hidden_size': 54, 'dropout': 0.19395192083286877, 'hidden_continuous_size': 20, 'attention_head_size': 3, 'learning_rate': 0.000802955647602194}. Best is trial 1 with value: 0.1425154060125351.
[I 2023-12-27 11:13:03,762] Trial 27 finished with value: 2.7791011333465576 and parameters: {'gradient_clip_val': 0.7040202053595487, 'hidden_size': 106, 'dropout': 0.28322180354542387, 'hidden_continuous_size': 9, 'attention_head_size': 4, 'learning_rate': 0.0011853465155494465}. Best is trial 1 with value: 0.1425154060125351.
[I 2023-12-27 11:13:04,222] Trial 28 finished with value: 2.254467725753784 and parameters: {'gradient_clip_val': 0.8488497494036278, 'hidden_size': 70, 'dropout': 0.22320079785804509, 'hidden_continuous_size': 15, 'attention_head_size': 2, 'learning_rate': 0.0019370516146220373}. Best is trial 1 with value: 0.1425154060125351.
[I 2023-12-27 11:13:04,626] Trial 29 finished with value: 3.9069430828094482 and parameters: {'gradient_clip_val': 0.23204384714385562, 'hidden_size': 27, 'dropout': 0.270221825083774, 'hidden_continuous_size': 14, 'attention_head_size': 3, 'learning_rate': 0.0009423599952833917}. Best is trial 1 with value: 0.1425154060125351.
[I 2023-12-27 11:13:05,035] Trial 30 finished with value: 3.0192174911499023 and parameters: {'gradient_clip_val': 0.8034754316677188, 'hidden_size': 48, 'dropout': 0.24470828043543758, 'hidden_continuous_size': 20, 'attention_head_size': 2, 'learning_rate': 0.0006821285637796182}. Best is trial 1 with value: 0.1425154060125351.
[I 2023-12-27 11:13:05,480] Trial 31 finished with value: 3.597665786743164 and parameters: {'gradient_clip_val': 0.9026479500579037, 'hidden_size': 68, 'dropout': 0.22513424402162657, 'hidden_continuous_size': 10, 'attention_head_size': 2, 'learning_rate': 0.001736785262544922}. Best is trial 1 with value: 0.1425154060125351.
[I 2023-12-27 11:13:05,958] Trial 32 finished with value: 3.745030641555786 and parameters: {'gradient_clip_val': 0.8793794657264388, 'hidden_size': 86, 'dropout': 0.2650226981490465, 'hidden_continuous_size': 15, 'attention_head_size': 2, 'learning_rate': 0.0010844197695074756}. Best is trial 1 with value: 0.1425154060125351.
[I 2023-12-27 11:13:06,467] Trial 33 finished with value: 2.5478432178497314 and parameters: {'gradient_clip_val': 0.6747560078395891, 'hidden_size': 120, 'dropout': 0.2226729136023332, 'hidden_continuous_size': 11, 'attention_head_size': 2, 'learning_rate': 0.005473507601987899}. Best is trial 1 with value: 0.1425154060125351.
[I 2023-12-27 11:13:06,863] Trial 34 finished with value: 3.134481191635132 and parameters: {'gradient_clip_val': 0.8611375558937836, 'hidden_size': 36, 'dropout': 0.19446448668185623, 'hidden_continuous_size': 13, 'attention_head_size': 3, 'learning_rate': 0.002826208200309116}. Best is trial 1 with value: 0.1425154060125351.
[I 2023-12-27 11:13:07,440] Trial 35 finished with value: 3.940979242324829 and parameters: {'gradient_clip_val': 0.6458374874508451, 'hidden_size': 146, 'dropout': 0.2511738920760608, 'hidden_continuous_size': 7, 'attention_head_size': 2, 'learning_rate': 0.0019362586677447958}. Best is trial 1 with value: 0.1425154060125351.
[I 2023-12-27 11:13:08,144] Trial 36 finished with value: 2.5718648433685303 and parameters: {'gradient_clip_val': 0.5348066479889896, 'hidden_size': 66, 'dropout': 0.21158318268017276, 'hidden_continuous_size': 5, 'attention_head_size': 1, 'learning_rate': 0.0010015574734887755}. Best is trial 1 with value: 0.1425154060125351.
[I 2023-12-27 11:13:08,645] Trial 37 finished with value: 3.6899681091308594 and parameters: {'gradient_clip_val': 0.7790936115653836, 'hidden_size': 91, 'dropout': 0.1806333066547127, 'hidden_continuous_size': 35, 'attention_head_size': 2, 'learning_rate': 0.0006587031669525621}. Best is trial 1 with value: 0.1425154060125351.
[I 2023-12-27 11:13:09,173] Trial 38 finished with value: 3.1903598308563232 and parameters: {'gradient_clip_val': 0.5062951837039666, 'hidden_size': 114, 'dropout': 0.20683595783805786, 'hidden_continuous_size': 25, 'attention_head_size': 2, 'learning_rate': 0.007743361792363048}. Best is trial 1 with value: 0.1425154060125351.
[I 2023-12-27 11:13:09,614] Trial 39 finished with value: 3.726672410964966 and parameters: {'gradient_clip_val': 0.6656183345360793, 'hidden_size': 55, 'dropout': 0.31087778370697633, 'hidden_continuous_size': 13, 'attention_head_size': 3, 'learning_rate': 0.001453638163781232}. Best is trial 1 with value: 0.1425154060125351.
[I 2023-12-27 11:13:10,172] Trial 40 finished with value: 3.0034520626068115 and parameters: {'gradient_clip_val': 0.386837377462627, 'hidden_size': 130, 'dropout': 0.1432710776372667, 'hidden_continuous_size': 41, 'attention_head_size': 3, 'learning_rate': 0.0009628886713281912}. Best is trial 1 with value: 0.1425154060125351.
[I 2023-12-27 11:13:10,600] Trial 41 finished with value: 3.1715688705444336 and parameters: {'gradient_clip_val': 0.11352336496952493, 'hidden_size': 46, 'dropout': 0.16576195016254813, 'hidden_continuous_size': 18, 'attention_head_size': 3, 'learning_rate': 0.0005480808951980504}. Best is trial 1 with value: 0.1425154060125351.
[I 2023-12-27 11:13:11,056] Trial 42 finished with value: 3.2944095134735107 and parameters: {'gradient_clip_val': 0.1721252497894985, 'hidden_size': 74, 'dropout': 0.20508462095323696, 'hidden_continuous_size': 8, 'attention_head_size': 3, 'learning_rate': 0.0006773694134052311}. Best is trial 1 with value: 0.1425154060125351.
[I 2023-12-27 11:13:11,464] Trial 43 finished with value: 3.2334470748901367 and parameters: {'gradient_clip_val': 0.1028605240403672, 'hidden_size': 40, 'dropout': 0.13358911130569046, 'hidden_continuous_size': 12, 'attention_head_size': 4, 'learning_rate': 0.0008537028545972549}. Best is trial 1 with value: 0.1425154060125351.
[I 2023-12-27 11:13:11,875] Trial 44 finished with value: 3.72772479057312 and parameters: {'gradient_clip_val': 0.1489319543530437, 'hidden_size': 31, 'dropout': 0.1769431506119611, 'hidden_continuous_size': 16, 'attention_head_size': 3, 'learning_rate': 0.0006487461015729784}. Best is trial 1 with value: 0.1425154060125351.
[I 2023-12-27 11:13:12,301] Trial 45 finished with value: 3.065112352371216 and parameters: {'gradient_clip_val': 0.820692520950732, 'hidden_size': 64, 'dropout': 0.22883276607206374, 'hidden_continuous_size': 6, 'attention_head_size': 2, 'learning_rate': 0.0018478972812109478}. Best is trial 1 with value: 0.1425154060125351.
[I 2023-12-27 11:13:12,734] Trial 46 finished with value: 2.6473472118377686 and parameters: {'gradient_clip_val': 0.9929949191890368, 'hidden_size': 46, 'dropout': 0.2574226065595827, 'hidden_continuous_size': 23, 'attention_head_size': 3, 'learning_rate': 0.0005068439401924912}. Best is trial 1 with value: 0.1425154060125351.
[I 2023-12-27 11:13:13,115] Trial 47 finished with value: 3.4789621829986572 and parameters: {'gradient_clip_val': 0.12014615296593499, 'hidden_size': 25, 'dropout': 0.12268748913551282, 'hidden_continuous_size': 9, 'attention_head_size': 1, 'learning_rate': 0.0012892990271783677}. Best is trial 1 with value: 0.1425154060125351.
[I 2023-12-27 11:13:13,592] Trial 48 finished with value: 3.2442407608032227 and parameters: {'gradient_clip_val': 0.10469804189530814, 'hidden_size': 79, 'dropout': 0.1527115097921669, 'hidden_continuous_size': 29, 'attention_head_size': 3, 'learning_rate': 0.0008077750845699203}. Best is trial 1 with value: 0.1425154060125351.
[I 2023-12-27 11:13:14,280] Trial 49 finished with value: 3.3155243396759033 and parameters: {'gradient_clip_val': 0.5019087925107757, 'hidden_size': 50, 'dropout': 0.1816685185565553, 'hidden_continuous_size': 22, 'attention_head_size': 2, 'learning_rate': 0.002166739955745491}. Best is trial 1 with value: 0.1425154060125351.
[I 2023-12-27 11:13:14,390] A new study created in memory with name: no-name-d2e64790-7b5e-49be-aa72-092bf4d6f643
/home/le004/conda/anaconda3/envs/tsff_env/lib/python3.9/site-packages/lightning/fabric/plugins/environments/slurm.py:191: The `srun` command is available on your system but is not used. HINT: If your intention is to run Lightning on SLURM, prepend your python command with `srun` like so: srun python /home/le004/master_thesis/git/TSFusionForecast/code/ ...
[I 2023-12-27 11:13:49,758] Trial 0 finished with value: 59.009368896484375 and parameters: {'gradient_clip_val': 0.8688186956436204, 'hidden_size': 35, 'dropout': 0.23048669694825927, 'hidden_continuous_size': 22, 'attention_head_size': 1, 'learning_rate': 0.002303016834470944}. Best is trial 0 with value: 59.009368896484375.
