[I 2023-12-26 16:52:59,423] Trial 13 finished with value: 151.50596618652344 and parameters: {'gradient_clip_val': 0.9319338727396619, 'hidden_size': 37, 'dropout': 0.3263059409006877, 'hidden_continuous_size': 13, 'attention_head_size': 1, 'learning_rate': 0.0014907386220513559}. Best is trial 0 with value: 85.43645477294922.
[I 2023-12-26 16:53:01,683] Trial 14 finished with value: 129.48866271972656 and parameters: {'gradient_clip_val': 0.3421262937633848, 'hidden_size': 20, 'dropout': 0.4776063678693905, 'hidden_continuous_size': 10, 'attention_head_size': 2, 'learning_rate': 0.007318124953468262}. Best is trial 0 with value: 85.43645477294922.
[I 2023-12-26 16:53:03,752] Trial 15 finished with value: 114.47364044189453 and parameters: {'gradient_clip_val': 0.42138849963430397, 'hidden_size': 9, 'dropout': 0.28011736840402246, 'hidden_continuous_size': 6, 'attention_head_size': 3, 'learning_rate': 0.002241231247839046}. Best is trial 0 with value: 85.43645477294922.
[I 2023-12-26 16:53:05,727] Trial 16 finished with value: 106.50125885009766 and parameters: {'gradient_clip_val': 0.2566478699316147, 'hidden_size': 16, 'dropout': 0.4169886587703883, 'hidden_continuous_size': 8, 'attention_head_size': 1, 'learning_rate': 0.02383644776648991}. Best is trial 0 with value: 85.43645477294922.
[I 2023-12-26 16:53:08,716] Trial 17 finished with value: 165.1477508544922 and parameters: {'gradient_clip_val': 0.2079135323384556, 'hidden_size': 38, 'dropout': 0.2923957719235986, 'hidden_continuous_size': 17, 'attention_head_size': 2, 'learning_rate': 0.013290775118078078}. Best is trial 0 with value: 85.43645477294922.
[I 2023-12-26 16:53:10,656] Trial 18 finished with value: 160.2396697998047 and parameters: {'gradient_clip_val': 0.32244016332474573, 'hidden_size': 7, 'dropout': 0.1618877784368808, 'hidden_continuous_size': 5, 'attention_head_size': 1, 'learning_rate': 0.04099028544766323}. Best is trial 0 with value: 85.43645477294922.
[I 2023-12-26 16:53:12,735] Trial 19 finished with value: 127.5788345336914 and parameters: {'gradient_clip_val': 0.9723009510388094, 'hidden_size': 12, 'dropout': 0.1111072823024156, 'hidden_continuous_size': 7, 'attention_head_size': 2, 'learning_rate': 0.003974596440362587}. Best is trial 0 with value: 85.43645477294922.
[I 2023-12-26 16:53:21,252] Trial 20 finished with value: 126.8637924194336 and parameters: {'gradient_clip_val': 0.44600637958659173, 'hidden_size': 125, 'dropout': 0.42991268478614963, 'hidden_continuous_size': 27, 'attention_head_size': 3, 'learning_rate': 0.0397117198863546}. Best is trial 0 with value: 85.43645477294922.
[I 2023-12-26 16:53:31,718] Trial 21 finished with value: 89.28515625 and parameters: {'gradient_clip_val': 0.5165218209220347, 'hidden_size': 150, 'dropout': 0.36989067105981327, 'hidden_continuous_size': 56, 'attention_head_size': 2, 'learning_rate': 0.09387772200579603}. Best is trial 0 with value: 85.43645477294922.
[I 2023-12-26 16:53:38,313] Trial 22 finished with value: 148.18218994140625 and parameters: {'gradient_clip_val': 0.7072758624138915, 'hidden_size': 95, 'dropout': 0.35419689442303226, 'hidden_continuous_size': 25, 'attention_head_size': 2, 'learning_rate': 0.03387659515277497}. Best is trial 0 with value: 85.43645477294922.
[I 2023-12-26 16:53:44,564] Trial 23 finished with value: 117.41226959228516 and parameters: {'gradient_clip_val': 0.5488979989862635, 'hidden_size': 88, 'dropout': 0.44557946058277553, 'hidden_continuous_size': 45, 'attention_head_size': 2, 'learning_rate': 0.09414812869354547}. Best is trial 0 with value: 85.43645477294922.
[I 2023-12-26 16:53:54,995] Trial 24 finished with value: 106.7752685546875 and parameters: {'gradient_clip_val': 0.7966770810698038, 'hidden_size': 133, 'dropout': 0.3898572467117828, 'hidden_continuous_size': 118, 'attention_head_size': 1, 'learning_rate': 0.09993358941245115}. Best is trial 0 with value: 85.43645477294922.
[I 2023-12-26 16:53:59,438] Trial 25 finished with value: 122.2430648803711 and parameters: {'gradient_clip_val': 0.6211048772386638, 'hidden_size': 63, 'dropout': 0.49604219608087385, 'hidden_continuous_size': 20, 'attention_head_size': 3, 'learning_rate': 0.012423856950177944}. Best is trial 0 with value: 85.43645477294922.
[I 2023-12-26 16:54:02,837] Trial 26 finished with value: 131.5480194091797 and parameters: {'gradient_clip_val': 0.3881784514051482, 'hidden_size': 48, 'dropout': 0.3166097700463509, 'hidden_continuous_size': 15, 'attention_head_size': 2, 'learning_rate': 0.05283074948417101}. Best is trial 0 with value: 85.43645477294922.
[I 2023-12-26 16:54:09,585] Trial 27 finished with value: 138.37957763671875 and parameters: {'gradient_clip_val': 0.512210545279269, 'hidden_size': 95, 'dropout': 0.45878491967282525, 'hidden_continuous_size': 38, 'attention_head_size': 1, 'learning_rate': 0.03426338709037415}. Best is trial 0 with value: 85.43645477294922.
[I 2023-12-26 16:54:12,344] Trial 28 finished with value: 163.43214416503906 and parameters: {'gradient_clip_val': 0.2983381847150449, 'hidden_size': 31, 'dropout': 0.40455581280596364, 'hidden_continuous_size': 11, 'attention_head_size': 2, 'learning_rate': 0.06722615183193044}. Best is trial 0 with value: 85.43645477294922.
[I 2023-12-26 16:54:22,483] Trial 29 finished with value: 104.51321411132812 and parameters: {'gradient_clip_val': 0.8546919942912451, 'hidden_size': 146, 'dropout': 0.37054113619855766, 'hidden_continuous_size': 55, 'attention_head_size': 1, 'learning_rate': 0.062067438252584324}. Best is trial 0 with value: 85.43645477294922.
[I 2023-12-26 16:54:25,009] Trial 30 finished with value: 122.1551742553711 and parameters: {'gradient_clip_val': 0.7697540405392637, 'hidden_size': 26, 'dropout': 0.4334069109108195, 'hidden_continuous_size': 13, 'attention_head_size': 3, 'learning_rate': 0.026239564090773212}. Best is trial 0 with value: 85.43645477294922.
[I 2023-12-26 16:54:35,297] Trial 31 finished with value: 74.69554901123047 and parameters: {'gradient_clip_val': 0.4419812456203293, 'hidden_size': 146, 'dropout': 0.3908062802983502, 'hidden_continuous_size': 69, 'attention_head_size': 2, 'learning_rate': 0.09195618791746189}. Best is trial 31 with value: 74.69554901123047.
[I 2023-12-26 16:54:45,134] Trial 32 finished with value: 171.8632354736328 and parameters: {'gradient_clip_val': 0.6620681996040926, 'hidden_size': 144, 'dropout': 0.41011336310315716, 'hidden_continuous_size': 72, 'attention_head_size': 2, 'learning_rate': 0.05300903159802089}. Best is trial 31 with value: 74.69554901123047.
[I 2023-12-26 16:54:52,127] Trial 33 finished with value: 120.03156280517578 and parameters: {'gradient_clip_val': 0.5698784049108248, 'hidden_size': 102, 'dropout': 0.26390124220107913, 'hidden_continuous_size': 21, 'attention_head_size': 2, 'learning_rate': 0.07317765934912793}. Best is trial 31 with value: 74.69554901123047.
[I 2023-12-26 16:54:59,947] Trial 34 finished with value: 143.5300750732422 and parameters: {'gradient_clip_val': 0.43693729883760823, 'hidden_size': 111, 'dropout': 0.3817666339697184, 'hidden_continuous_size': 33, 'attention_head_size': 3, 'learning_rate': 0.07454434502712232}. Best is trial 31 with value: 74.69554901123047.
[I 2023-12-26 16:55:05,480] Trial 35 finished with value: 111.84664154052734 and parameters: {'gradient_clip_val': 0.496760276643439, 'hidden_size': 76, 'dropout': 0.4588496328568477, 'hidden_continuous_size': 23, 'attention_head_size': 1, 'learning_rate': 0.04765740303312863}. Best is trial 31 with value: 74.69554901123047.
[I 2023-12-26 16:55:13,537] Trial 36 finished with value: 125.10669708251953 and parameters: {'gradient_clip_val': 0.7043314066272499, 'hidden_size': 114, 'dropout': 0.3528399848671522, 'hidden_continuous_size': 47, 'attention_head_size': 2, 'learning_rate': 0.09186290415725737}. Best is trial 31 with value: 74.69554901123047.
[I 2023-12-26 16:55:17,720] Trial 37 finished with value: 140.52688598632812 and parameters: {'gradient_clip_val': 0.6011602257561433, 'hidden_size': 53, 'dropout': 0.39633642400743985, 'hidden_continuous_size': 18, 'attention_head_size': 2, 'learning_rate': 0.06195929028464179}. Best is trial 31 with value: 74.69554901123047.
[I 2023-12-26 16:55:23,371] Trial 38 finished with value: 141.29872131347656 and parameters: {'gradient_clip_val': 0.4861376834571316, 'hidden_size': 81, 'dropout': 0.3281111705675722, 'hidden_continuous_size': 28, 'attention_head_size': 1, 'learning_rate': 0.08083267622800261}. Best is trial 31 with value: 74.69554901123047.
[I 2023-12-26 16:55:31,945] Trial 39 finished with value: 90.42455291748047 and parameters: {'gradient_clip_val': 0.3875784944874245, 'hidden_size': 115, 'dropout': 0.2465848099327632, 'hidden_continuous_size': 65, 'attention_head_size': 4, 'learning_rate': 0.09897136614485869}. Best is trial 31 with value: 74.69554901123047.
[I 2023-12-26 16:55:42,685] Trial 40 finished with value: 96.22207641601562 and parameters: {'gradient_clip_val': 0.4006113768232313, 'hidden_size': 150, 'dropout': 0.3752371004881293, 'hidden_continuous_size': 70, 'attention_head_size': 4, 'learning_rate': 0.0993408258492886}. Best is trial 31 with value: 74.69554901123047.
[I 2023-12-26 16:55:50,943] Trial 41 finished with value: 131.1472625732422 and parameters: {'gradient_clip_val': 0.3567055866752639, 'hidden_size': 114, 'dropout': 0.23478658541264869, 'hidden_continuous_size': 60, 'attention_head_size': 4, 'learning_rate': 0.05234742015333009}. Best is trial 31 with value: 74.69554901123047.
[I 2023-12-26 16:56:00,164] Trial 42 finished with value: 106.03326416015625 and parameters: {'gradient_clip_val': 0.44652004906906173, 'hidden_size': 121, 'dropout': 0.18429721010385713, 'hidden_continuous_size': 97, 'attention_head_size': 4, 'learning_rate': 0.07068802823431088}. Best is trial 31 with value: 74.69554901123047.
[I 2023-12-26 16:56:06,532] Trial 43 finished with value: 112.13240814208984 and parameters: {'gradient_clip_val': 0.3044764840659261, 'hidden_size': 85, 'dropout': 0.23789423395902087, 'hidden_continuous_size': 62, 'attention_head_size': 3, 'learning_rate': 0.07561695478388598}. Best is trial 31 with value: 74.69554901123047.
[I 2023-12-26 16:56:13,739] Trial 44 finished with value: 119.1860580444336 and parameters: {'gradient_clip_val': 0.5481311594033331, 'hidden_size': 101, 'dropout': 0.2095017305374643, 'hidden_continuous_size': 49, 'attention_head_size': 2, 'learning_rate': 0.048760084920813795}. Best is trial 31 with value: 74.69554901123047.
[I 2023-12-26 16:56:18,670] Trial 45 finished with value: 111.48064422607422 and parameters: {'gradient_clip_val': 0.38783525668516444, 'hidden_size': 69, 'dropout': 0.28007579027421226, 'hidden_continuous_size': 44, 'attention_head_size': 3, 'learning_rate': 0.06019536012996731}. Best is trial 31 with value: 74.69554901123047.
[I 2023-12-26 16:56:28,754] Trial 46 finished with value: 131.0121612548828 and parameters: {'gradient_clip_val': 0.4797207152099664, 'hidden_size': 130, 'dropout': 0.41596378203524836, 'hidden_continuous_size': 86, 'attention_head_size': 2, 'learning_rate': 0.08349478882971005}. Best is trial 31 with value: 74.69554901123047.
[I 2023-12-26 16:56:40,615] Trial 47 finished with value: 153.61038208007812 and parameters: {'gradient_clip_val': 0.883720478114045, 'hidden_size': 149, 'dropout': 0.2516429498908991, 'hidden_continuous_size': 148, 'attention_head_size': 3, 'learning_rate': 0.0011397809240230653}. Best is trial 31 with value: 74.69554901123047.
[I 2023-12-26 16:56:47,965] Trial 48 finished with value: 104.81865692138672 and parameters: {'gradient_clip_val': 0.34789320635857174, 'hidden_size': 102, 'dropout': 0.18828282683326478, 'hidden_continuous_size': 55, 'attention_head_size': 2, 'learning_rate': 0.040471986917145014}. Best is trial 31 with value: 74.69554901123047.
[I 2023-12-26 16:56:53,807] Trial 49 finished with value: 101.71723175048828 and parameters: {'gradient_clip_val': 0.41861796985287847, 'hidden_size': 83, 'dropout': 0.31650509627416107, 'hidden_continuous_size': 40, 'attention_head_size': 1, 'learning_rate': 0.0985675358172389}. Best is trial 31 with value: 74.69554901123047.
[I 2023-12-26 16:56:53,946] A new study created in memory with name: no-name-50e3ca89-f6ed-4918-b692-d60756c78998
/home/le004/conda/anaconda3/envs/tsff_env/lib/python3.9/site-packages/lightning/fabric/plugins/environments/slurm.py:191: The `srun` command is available on your system but is not used. HINT: If your intention is to run Lightning on SLURM, prepend your python command with `srun` like so: srun python /home/le004/master_thesis/git/TSFusionForecast/code/ ...
[I 2023-12-26 17:00:05,472] Trial 0 finished with value: 606.7075805664062 and parameters: {'gradient_clip_val': 0.30130535032481254, 'hidden_size': 5, 'dropout': 0.4144519727989411, 'hidden_continuous_size': 5, 'attention_head_size': 1, 'learning_rate': 0.006006336860330448}. Best is trial 0 with value: 606.7075805664062.
[I 2023-12-26 17:00:07,703] Trial 1 finished with value: 13806.1435546875 and parameters: {'gradient_clip_val': 0.21068138841265352, 'hidden_size': 24, 'dropout': 0.3652012429140671, 'hidden_continuous_size': 14, 'attention_head_size': 3, 'learning_rate': 0.056151725723860915}. Best is trial 0 with value: 606.7075805664062.
[I 2023-12-26 17:00:15,818] Trial 2 finished with value: 10174.7197265625 and parameters: {'gradient_clip_val': 0.19913680841779793, 'hidden_size': 135, 'dropout': 0.13672147811091812, 'hidden_continuous_size': 18, 'attention_head_size': 4, 'learning_rate': 0.015282889568534718}. Best is trial 0 with value: 606.7075805664062.
[I 2023-12-26 17:00:18,303] Trial 3 finished with value: 9528.6484375 and parameters: {'gradient_clip_val': 0.46355957545739046, 'hidden_size': 34, 'dropout': 0.23825672031871142, 'hidden_continuous_size': 11, 'attention_head_size': 3, 'learning_rate': 0.0024799244707389683}. Best is trial 0 with value: 606.7075805664062.
[I 2023-12-26 17:00:20,875] Trial 4 finished with value: 9106.3349609375 and parameters: {'gradient_clip_val': 0.18953784408088875, 'hidden_size': 39, 'dropout': 0.322486571425271, 'hidden_continuous_size': 6, 'attention_head_size': 1, 'learning_rate': 0.004372490550972137}. Best is trial 0 with value: 606.7075805664062.
[I 2023-12-26 17:00:22,730] Trial 5 finished with value: 10739.2666015625 and parameters: {'gradient_clip_val': 0.3226748971280614, 'hidden_size': 8, 'dropout': 0.4664601742724219, 'hidden_continuous_size': 7, 'attention_head_size': 4, 'learning_rate': 0.0155979728752265}. Best is trial 0 with value: 606.7075805664062.
[I 2023-12-26 17:00:26,677] Trial 6 finished with value: 7810.412109375 and parameters: {'gradient_clip_val': 0.6549248192130207, 'hidden_size': 68, 'dropout': 0.4387125085361636, 'hidden_continuous_size': 38, 'attention_head_size': 3, 'learning_rate': 0.002248817838919424}. Best is trial 0 with value: 606.7075805664062.
[I 2023-12-26 17:00:34,120] Trial 7 finished with value: 9881.5126953125 and parameters: {'gradient_clip_val': 0.15979016693197162, 'hidden_size': 124, 'dropout': 0.2361136700352771, 'hidden_continuous_size': 23, 'attention_head_size': 3, 'learning_rate': 0.013398548264892285}. Best is trial 0 with value: 606.7075805664062.
[I 2023-12-26 17:00:36,130] Trial 8 finished with value: 9330.1591796875 and parameters: {'gradient_clip_val': 0.3703786352116575, 'hidden_size': 10, 'dropout': 0.2804677214464942, 'hidden_continuous_size': 6, 'attention_head_size': 4, 'learning_rate': 0.08328451834618276}. Best is trial 0 with value: 606.7075805664062.
[I 2023-12-26 17:00:38,001] Trial 9 finished with value: 7903.81689453125 and parameters: {'gradient_clip_val': 0.10546047118286367, 'hidden_size': 6, 'dropout': 0.431936073182551, 'hidden_continuous_size': 5, 'attention_head_size': 3, 'learning_rate': 0.02052785307901646}. Best is trial 0 with value: 606.7075805664062.
[I 2023-12-26 17:00:39,916] Trial 10 finished with value: 10874.6337890625 and parameters: {'gradient_clip_val': 0.8752042168666877, 'hidden_size': 5, 'dropout': 0.49908254223976795, 'hidden_continuous_size': 5, 'attention_head_size': 1, 'learning_rate': 0.0005610093138241147}. Best is trial 0 with value: 606.7075805664062.
[I 2023-12-26 17:00:41,971] Trial 11 finished with value: 10171.1064453125 and parameters: {'gradient_clip_val': 0.5567237722913758, 'hidden_size': 13, 'dropout': 0.40607611272245353, 'hidden_continuous_size': 9, 'attention_head_size': 2, 'learning_rate': 0.0021738249481229677}. Best is trial 0 with value: 606.7075805664062.
[I 2023-12-26 17:00:45,602] Trial 12 finished with value: 12261.3154296875 and parameters: {'gradient_clip_val': 0.8670586290165023, 'hidden_size': 59, 'dropout': 0.402830390526115, 'hidden_continuous_size': 43, 'attention_head_size': 2, 'learning_rate': 0.004237792574009319}. Best is trial 0 with value: 606.7075805664062.
[I 2023-12-26 17:00:47,514] Trial 13 finished with value: 11859.5205078125 and parameters: {'gradient_clip_val': 0.6025585293837559, 'hidden_size': 16, 'dropout': 0.4547537576454066, 'hidden_continuous_size': 8, 'attention_head_size': 2, 'learning_rate': 0.001159225175142506}. Best is trial 0 with value: 606.7075805664062.
[I 2023-12-26 17:00:49,210] Trial 14 finished with value: 9812.2705078125 and parameters: {'gradient_clip_val': 0.2758163690418104, 'hidden_size': 5, 'dropout': 0.3698870023458642, 'hidden_continuous_size': 5, 'attention_head_size': 1, 'learning_rate': 0.006557278029672377}. Best is trial 0 with value: 606.7075805664062.
[I 2023-12-26 17:00:51,329] Trial 15 finished with value: 9210.0654296875 and parameters: {'gradient_clip_val': 0.41195739804240317, 'hidden_size': 19, 'dropout': 0.498245601761699, 'hidden_continuous_size': 7, 'attention_head_size': 2, 'learning_rate': 0.0015825052835149833}. Best is trial 0 with value: 606.7075805664062.
[I 2023-12-26 17:00:53,281] Trial 16 finished with value: 9744.0615234375 and parameters: {'gradient_clip_val': 0.6519206085028949, 'hidden_size': 10, 'dropout': 0.4313421393745903, 'hidden_continuous_size': 6, 'attention_head_size': 1, 'learning_rate': 0.007104471776623985}. Best is trial 0 with value: 606.7075805664062.
[I 2023-12-26 17:00:57,456] Trial 17 finished with value: 10247.919921875 and parameters: {'gradient_clip_val': 0.29073706121288667, 'hidden_size': 66, 'dropout': 0.36477912190271283, 'hidden_continuous_size': 65, 'attention_head_size': 2, 'learning_rate': 0.0008580495875641531}. Best is trial 0 with value: 606.7075805664062.
[I 2023-12-26 17:00:59,633] Trial 18 finished with value: 11801.37890625 and parameters: {'gradient_clip_val': 0.4846094980153176, 'hidden_size': 24, 'dropout': 0.46013439405506806, 'hidden_continuous_size': 10, 'attention_head_size': 3, 'learning_rate': 0.002606156372113063}. Best is trial 0 with value: 606.7075805664062.
[I 2023-12-26 17:01:01,510] Trial 19 finished with value: 8494.0693359375 and parameters: {'gradient_clip_val': 0.7457384694581657, 'hidden_size': 8, 'dropout': 0.3935644264274668, 'hidden_continuous_size': 5, 'attention_head_size': 4, 'learning_rate': 0.000522626802060083}. Best is trial 0 with value: 606.7075805664062.
[I 2023-12-26 17:01:03,568] Trial 20 finished with value: 9012.314453125 and parameters: {'gradient_clip_val': 0.4929452307122053, 'hidden_size': 18, 'dropout': 0.32867910569877895, 'hidden_continuous_size': 7, 'attention_head_size': 1, 'learning_rate': 0.0012697583188599993}. Best is trial 0 with value: 606.7075805664062.
[I 2023-12-26 17:01:05,304] Trial 21 finished with value: 13579.9208984375 and parameters: {'gradient_clip_val': 0.11695505670085302, 'hidden_size': 5, 'dropout': 0.4329605809374288, 'hidden_continuous_size': 5, 'attention_head_size': 3, 'learning_rate': 0.027572308971696886}. Best is trial 0 with value: 606.7075805664062.
[I 2023-12-26 17:01:07,450] Trial 22 finished with value: 8559.5126953125 and parameters: {'gradient_clip_val': 0.10823569591553987, 'hidden_size': 7, 'dropout': 0.43209995114441524, 'hidden_continuous_size': 5, 'attention_head_size': 3, 'learning_rate': 0.009318352700143313}. Best is trial 0 with value: 606.7075805664062.
[I 2023-12-26 17:01:09,362] Trial 23 finished with value: 11799.3232421875 and parameters: {'gradient_clip_val': 0.13279007804865436, 'hidden_size': 6, 'dropout': 0.472444485073438, 'hidden_continuous_size': 5, 'attention_head_size': 3, 'learning_rate': 0.02533500578998125}. Best is trial 0 with value: 606.7075805664062.
[I 2023-12-26 17:01:11,351] Trial 24 finished with value: 9343.5048828125 and parameters: {'gradient_clip_val': 0.23401186045626593, 'hidden_size': 12, 'dropout': 0.41813494225073705, 'hidden_continuous_size': 6, 'attention_head_size': 2, 'learning_rate': 0.004171802927896665}. Best is trial 0 with value: 606.7075805664062.
[I 2023-12-26 17:01:13,234] Trial 25 finished with value: 9687.8642578125 and parameters: {'gradient_clip_val': 0.15738852761285124, 'hidden_size': 8, 'dropout': 0.38775996074962527, 'hidden_continuous_size': 5, 'attention_head_size': 3, 'learning_rate': 0.003370747609188246}. Best is trial 0 with value: 606.7075805664062.
[I 2023-12-26 17:01:15,165] Trial 26 finished with value: 7535.17724609375 and parameters: {'gradient_clip_val': 0.3635675738145232, 'hidden_size': 6, 'dropout': 0.4605757640605663, 'hidden_continuous_size': 5, 'attention_head_size': 4, 'learning_rate': 0.006193932888391397}. Best is trial 0 with value: 606.7075805664062.
[I 2023-12-26 17:01:17,208] Trial 27 finished with value: 12557.9189453125 and parameters: {'gradient_clip_val': 0.3535180248356897, 'hidden_size': 10, 'dropout': 0.4994973399544689, 'hidden_continuous_size': 6, 'attention_head_size': 4, 'learning_rate': 0.008138467693636122}. Best is trial 0 with value: 606.7075805664062.
