[I 2023-12-16 11:54:52,518] Trial 45 finished with value: 56.818477630615234 and parameters: {'gradient_clip_val': 0.18723196601753522, 'hidden_size': 30, 'dropout': 0.19356104905147145, 'hidden_continuous_size': 14, 'attention_head_size': 3, 'learning_rate': 0.025519094310865867}. Best is trial 20 with value: 3.9953229427337646.
LOCAL_RANK: 0 - CUDA_VISIBLE_DEVICES: [0]
[I 2023-12-16 11:55:37,691] Trial 46 finished with value: 41.11900329589844 and parameters: {'gradient_clip_val': 0.1572728812822511, 'hidden_size': 14, 'dropout': 0.17364085891425832, 'hidden_continuous_size': 9, 'attention_head_size': 1, 'learning_rate': 0.011388893100191038}. Best is trial 20 with value: 3.9953229427337646.
LOCAL_RANK: 0 - CUDA_VISIBLE_DEVICES: [0]
[I 2023-12-16 11:56:26,078] Trial 47 finished with value: 20.348140716552734 and parameters: {'gradient_clip_val': 0.1684233418612145, 'hidden_size': 19, 'dropout': 0.12221112668308245, 'hidden_continuous_size': 11, 'attention_head_size': 4, 'learning_rate': 0.006910858703216463}. Best is trial 20 with value: 3.9953229427337646.
LOCAL_RANK: 0 - CUDA_VISIBLE_DEVICES: [0]
[I 2023-12-16 11:57:18,470] Trial 48 finished with value: 40.27660369873047 and parameters: {'gradient_clip_val': 0.14328795520664606, 'hidden_size': 33, 'dropout': 0.274326509136392, 'hidden_continuous_size': 24, 'attention_head_size': 4, 'learning_rate': 0.018091122507676895}. Best is trial 20 with value: 3.9953229427337646.
LOCAL_RANK: 0 - CUDA_VISIBLE_DEVICES: [0]
[I 2023-12-16 11:58:07,064] Trial 49 finished with value: 14.68226146697998 and parameters: {'gradient_clip_val': 0.20083550267296063, 'hidden_size': 27, 'dropout': 0.20832666203942424, 'hidden_continuous_size': 10, 'attention_head_size': 2, 'learning_rate': 0.004535765028431783}. Best is trial 20 with value: 3.9953229427337646.
[I 2023-12-16 11:58:07,172] A new study created in memory with name: no-name-bab7aa58-583d-488b-9495-ac6bc43746eb
/home/le004/conda/anaconda3/envs/tsff_env/lib/python3.9/site-packages/lightning/fabric/plugins/environments/slurm.py:191: The `srun` command is available on your system but is not used. HINT: If your intention is to run Lightning on SLURM, prepend your python command with `srun` like so: srun python /home/le004/master_thesis/git/TSFusionForecast/code/ ...
LOCAL_RANK: 0 - CUDA_VISIBLE_DEVICES: [0]
[I 2023-12-16 11:58:52,785] Trial 0 finished with value: 14.170158386230469 and parameters: {'gradient_clip_val': 0.27979681338676027, 'hidden_size': 14, 'dropout': 0.16726879127687777, 'hidden_continuous_size': 10, 'attention_head_size': 2, 'learning_rate': 0.06151050466410996}. Best is trial 0 with value: 14.170158386230469.
LOCAL_RANK: 0 - CUDA_VISIBLE_DEVICES: [0]
[I 2023-12-16 11:59:44,887] Trial 1 finished with value: 37.05040740966797 and parameters: {'gradient_clip_val': 0.7261808382199133, 'hidden_size': 38, 'dropout': 0.24682633158206455, 'hidden_continuous_size': 26, 'attention_head_size': 2, 'learning_rate': 0.0019932144482645788}. Best is trial 0 with value: 14.170158386230469.
LOCAL_RANK: 0 - CUDA_VISIBLE_DEVICES: [0]
[I 2023-12-16 12:00:30,086] Trial 2 finished with value: 35.76569747924805 and parameters: {'gradient_clip_val': 0.5098229673767128, 'hidden_size': 14, 'dropout': 0.38992764936852276, 'hidden_continuous_size': 12, 'attention_head_size': 1, 'learning_rate': 0.00635564894127989}. Best is trial 0 with value: 14.170158386230469.
LOCAL_RANK: 0 - CUDA_VISIBLE_DEVICES: [0]
[I 2023-12-16 12:01:17,783] Trial 3 finished with value: 24.677194595336914 and parameters: {'gradient_clip_val': 0.24080137730184353, 'hidden_size': 24, 'dropout': 0.2394902420590921, 'hidden_continuous_size': 14, 'attention_head_size': 3, 'learning_rate': 0.0021981760142048565}. Best is trial 0 with value: 14.170158386230469.
LOCAL_RANK: 0 - CUDA_VISIBLE_DEVICES: [0]
[I 2023-12-16 12:02:11,009] Trial 4 finished with value: 13.066849708557129 and parameters: {'gradient_clip_val': 0.7693012819408949, 'hidden_size': 66, 'dropout': 0.10237094169770762, 'hidden_continuous_size': 8, 'attention_head_size': 4, 'learning_rate': 0.032077599675581964}. Best is trial 4 with value: 13.066849708557129.
LOCAL_RANK: 0 - CUDA_VISIBLE_DEVICES: [0]
[I 2023-12-16 12:02:43,563] Trial 5 finished with value: 25.81971549987793 and parameters: {'gradient_clip_val': 0.31125170855427226, 'hidden_size': 5, 'dropout': 0.36553576430289647, 'hidden_continuous_size': 5, 'attention_head_size': 1, 'learning_rate': 0.0025648908050548975}. Best is trial 4 with value: 13.066849708557129.
LOCAL_RANK: 0 - CUDA_VISIBLE_DEVICES: [0]
[I 2023-12-16 12:03:32,096] Trial 6 finished with value: 30.868886947631836 and parameters: {'gradient_clip_val': 0.6448986053444453, 'hidden_size': 23, 'dropout': 0.18403907539277525, 'hidden_continuous_size': 5, 'attention_head_size': 4, 'learning_rate': 0.00252877977669591}. Best is trial 4 with value: 13.066849708557129.
LOCAL_RANK: 0 - CUDA_VISIBLE_DEVICES: [0]
[I 2023-12-16 12:04:26,484] Trial 7 finished with value: 34.647552490234375 and parameters: {'gradient_clip_val': 0.6310126316497038, 'hidden_size': 87, 'dropout': 0.17339020750341108, 'hidden_continuous_size': 32, 'attention_head_size': 2, 'learning_rate': 0.08943788410481072}. Best is trial 4 with value: 13.066849708557129.
LOCAL_RANK: 0 - CUDA_VISIBLE_DEVICES: [0]
[I 2023-12-16 12:05:12,071] Trial 8 finished with value: 29.986669540405273 and parameters: {'gradient_clip_val': 0.23999809749142578, 'hidden_size': 20, 'dropout': 0.13215312772265467, 'hidden_continuous_size': 6, 'attention_head_size': 2, 'learning_rate': 0.0255123703930964}. Best is trial 4 with value: 13.066849708557129.
LOCAL_RANK: 0 - CUDA_VISIBLE_DEVICES: [0]
[I 2023-12-16 12:05:58,499] Trial 9 finished with value: 56.776763916015625 and parameters: {'gradient_clip_val': 0.12523712290607622, 'hidden_size': 17, 'dropout': 0.19875128802834013, 'hidden_continuous_size': 9, 'attention_head_size': 2, 'learning_rate': 0.0005220682472315521}. Best is trial 4 with value: 13.066849708557129.
LOCAL_RANK: 0 - CUDA_VISIBLE_DEVICES: [0]
[I 2023-12-16 12:06:55,221] Trial 10 finished with value: 9.368123054504395 and parameters: {'gradient_clip_val': 0.9655021499540056, 'hidden_size': 99, 'dropout': 0.1042390146693837, 'hidden_continuous_size': 49, 'attention_head_size': 4, 'learning_rate': 0.023680609419753435}. Best is trial 10 with value: 9.368123054504395.
LOCAL_RANK: 0 - CUDA_VISIBLE_DEVICES: [0]
[I 2023-12-16 12:07:52,145] Trial 11 finished with value: 32.34528350830078 and parameters: {'gradient_clip_val': 0.8127237731965232, 'hidden_size': 83, 'dropout': 0.11219331083156571, 'hidden_continuous_size': 58, 'attention_head_size': 4, 'learning_rate': 0.0233120966537709}. Best is trial 10 with value: 9.368123054504395.
LOCAL_RANK: 0 - CUDA_VISIBLE_DEVICES: [0]
[I 2023-12-16 12:08:51,409] Trial 12 finished with value: 34.53561019897461 and parameters: {'gradient_clip_val': 0.9945772415800597, 'hidden_size': 98, 'dropout': 0.10289643449171304, 'hidden_continuous_size': 97, 'attention_head_size': 4, 'learning_rate': 0.02769291892141876}. Best is trial 10 with value: 9.368123054504395.
LOCAL_RANK: 0 - CUDA_VISIBLE_DEVICES: [0]
[I 2023-12-16 12:09:43,791] Trial 13 finished with value: 24.481191635131836 and parameters: {'gradient_clip_val': 0.9540165975989705, 'hidden_size': 56, 'dropout': 0.13764109791720297, 'hidden_continuous_size': 19, 'attention_head_size': 3, 'learning_rate': 0.01236385008278899}. Best is trial 10 with value: 9.368123054504395.
LOCAL_RANK: 0 - CUDA_VISIBLE_DEVICES: [0]
[I 2023-12-16 12:10:37,187] Trial 14 finished with value: 51.804325103759766 and parameters: {'gradient_clip_val': 0.5138372175728682, 'hidden_size': 55, 'dropout': 0.10219744929819749, 'hidden_continuous_size': 8, 'attention_head_size': 3, 'learning_rate': 0.051513476877304294}. Best is trial 10 with value: 9.368123054504395.
LOCAL_RANK: 0 - CUDA_VISIBLE_DEVICES: [0]
[I 2023-12-16 12:11:30,111] Trial 15 finished with value: 46.47829055786133 and parameters: {'gradient_clip_val': 0.44572673642632843, 'hidden_size': 60, 'dropout': 0.14098369966922852, 'hidden_continuous_size': 18, 'attention_head_size': 4, 'learning_rate': 0.012714060233252186}. Best is trial 10 with value: 9.368123054504395.
LOCAL_RANK: 0 - CUDA_VISIBLE_DEVICES: [0]
[I 2023-12-16 12:12:27,011] Trial 16 finished with value: 33.752445220947266 and parameters: {'gradient_clip_val': 0.9926253780769654, 'hidden_size': 99, 'dropout': 0.21662109292144288, 'hidden_continuous_size': 46, 'attention_head_size': 4, 'learning_rate': 0.04591498081417704}. Best is trial 10 with value: 9.368123054504395.
LOCAL_RANK: 0 - CUDA_VISIBLE_DEVICES: [0]
[I 2023-12-16 12:13:16,816] Trial 17 finished with value: 13.909721374511719 and parameters: {'gradient_clip_val': 0.7310494322751406, 'hidden_size': 39, 'dropout': 0.15412591441517165, 'hidden_continuous_size': 8, 'attention_head_size': 3, 'learning_rate': 0.09737016524164702}. Best is trial 10 with value: 9.368123054504395.
LOCAL_RANK: 0 - CUDA_VISIBLE_DEVICES: [0]
[I 2023-12-16 12:14:10,364] Trial 18 finished with value: 36.64340591430664 and parameters: {'gradient_clip_val': 0.38281625774214917, 'hidden_size': 66, 'dropout': 0.28263032553102846, 'hidden_continuous_size': 15, 'attention_head_size': 4, 'learning_rate': 0.036756353529756605}. Best is trial 10 with value: 9.368123054504395.
LOCAL_RANK: 0 - CUDA_VISIBLE_DEVICES: [0]
[I 2023-12-16 12:15:03,799] Trial 19 finished with value: 31.99650001525879 and parameters: {'gradient_clip_val': 0.6109968807080657, 'hidden_size': 73, 'dropout': 0.13478051449081008, 'hidden_continuous_size': 24, 'attention_head_size': 3, 'learning_rate': 0.01806138611151721}. Best is trial 10 with value: 9.368123054504395.
LOCAL_RANK: 0 - CUDA_VISIBLE_DEVICES: [0]
[I 2023-12-16 12:15:54,446] Trial 20 finished with value: 12.849261283874512 and parameters: {'gradient_clip_val': 0.8098096667612854, 'hidden_size': 44, 'dropout': 0.1009606379208248, 'hidden_continuous_size': 7, 'attention_head_size': 4, 'learning_rate': 0.040598860420056226}. Best is trial 10 with value: 9.368123054504395.
LOCAL_RANK: 0 - CUDA_VISIBLE_DEVICES: [0]
[I 2023-12-16 12:16:46,084] Trial 21 finished with value: 51.76124954223633 and parameters: {'gradient_clip_val': 0.808048179742119, 'hidden_size': 45, 'dropout': 0.10049717798864123, 'hidden_continuous_size': 7, 'attention_head_size': 4, 'learning_rate': 0.04078185044126906}. Best is trial 10 with value: 9.368123054504395.
LOCAL_RANK: 0 - CUDA_VISIBLE_DEVICES: [0]
[I 2023-12-16 12:17:39,659] Trial 22 finished with value: 10.984871864318848 and parameters: {'gradient_clip_val': 0.8268024834231144, 'hidden_size': 74, 'dropout': 0.12888914838574905, 'hidden_continuous_size': 11, 'attention_head_size': 4, 'learning_rate': 0.06716082307227883}. Best is trial 10 with value: 9.368123054504395.
LOCAL_RANK: 0 - CUDA_VISIBLE_DEVICES: [0]
[I 2023-12-16 12:18:32,271] Trial 23 finished with value: 45.90656661987305 and parameters: {'gradient_clip_val': 0.8801499666580561, 'hidden_size': 80, 'dropout': 0.15617533476006756, 'hidden_continuous_size': 11, 'attention_head_size': 3, 'learning_rate': 0.06619409466813707}. Best is trial 10 with value: 9.368123054504395.
LOCAL_RANK: 0 - CUDA_VISIBLE_DEVICES: [0]
[I 2023-12-16 12:19:25,084] Trial 24 finished with value: 14.49053955078125 and parameters: {'gradient_clip_val': 0.6054184009960216, 'hidden_size': 47, 'dropout': 0.12375460972471616, 'hidden_continuous_size': 12, 'attention_head_size': 4, 'learning_rate': 0.0680395422509493}. Best is trial 10 with value: 9.368123054504395.
LOCAL_RANK: 0 - CUDA_VISIBLE_DEVICES: [0]
[I 2023-12-16 12:20:18,907] Trial 25 finished with value: 39.54484939575195 and parameters: {'gradient_clip_val': 0.99755118877575, 'hidden_size': 99, 'dropout': 0.12614959885510707, 'hidden_continuous_size': 6, 'attention_head_size': 4, 'learning_rate': 0.0488151191887073}. Best is trial 10 with value: 9.368123054504395.
LOCAL_RANK: 0 - CUDA_VISIBLE_DEVICES: [0]
[I 2023-12-16 12:21:11,594] Trial 26 finished with value: 69.99868774414062 and parameters: {'gradient_clip_val': 0.817278593240869, 'hidden_size': 72, 'dropout': 0.1487412246899546, 'hidden_continuous_size': 10, 'attention_head_size': 3, 'learning_rate': 0.09715723658299297}. Best is trial 10 with value: 9.368123054504395.
LOCAL_RANK: 0 - CUDA_VISIBLE_DEVICES: [0]
[I 2023-12-16 12:22:04,856] Trial 27 finished with value: 30.266916275024414 and parameters: {'gradient_clip_val': 0.692658595086, 'hidden_size': 51, 'dropout': 0.1858058094036585, 'hidden_continuous_size': 14, 'attention_head_size': 4, 'learning_rate': 0.03897838594037076}. Best is trial 10 with value: 9.368123054504395.
LOCAL_RANK: 0 - CUDA_VISIBLE_DEVICES: [0]
[I 2023-12-16 12:22:54,422] Trial 28 finished with value: 40.74800491333008 and parameters: {'gradient_clip_val': 0.8375371164459398, 'hidden_size': 31, 'dropout': 0.12121596844937255, 'hidden_continuous_size': 9, 'attention_head_size': 3, 'learning_rate': 0.017375661598333418}. Best is trial 10 with value: 9.368123054504395.
LOCAL_RANK: 0 - CUDA_VISIBLE_DEVICES: [0]
[I 2023-12-16 12:23:47,477] Trial 29 finished with value: 13.038102149963379 and parameters: {'gradient_clip_val': 0.5390425890419411, 'hidden_size': 66, 'dropout': 0.16443151241442935, 'hidden_continuous_size': 10, 'attention_head_size': 4, 'learning_rate': 0.06528028949372461}. Best is trial 10 with value: 9.368123054504395.
LOCAL_RANK: 0 - CUDA_VISIBLE_DEVICES: [0]
[I 2023-12-16 12:24:37,285] Trial 30 finished with value: 17.127653121948242 and parameters: {'gradient_clip_val': 0.6746903159566089, 'hidden_size': 33, 'dropout': 0.15827255217523153, 'hidden_continuous_size': 11, 'attention_head_size': 4, 'learning_rate': 0.06852610399491692}. Best is trial 10 with value: 9.368123054504395.
LOCAL_RANK: 0 - CUDA_VISIBLE_DEVICES: [0]
[I 2023-12-16 12:25:29,393] Trial 31 finished with value: 45.759220123291016 and parameters: {'gradient_clip_val': 0.8941247757930343, 'hidden_size': 68, 'dropout': 0.1696030019493775, 'hidden_continuous_size': 10, 'attention_head_size': 4, 'learning_rate': 0.05930781267499196}. Best is trial 10 with value: 9.368123054504395.
LOCAL_RANK: 0 - CUDA_VISIBLE_DEVICES: [0]
[I 2023-12-16 12:26:22,501] Trial 32 finished with value: 35.39447021484375 and parameters: {'gradient_clip_val': 0.550121556074683, 'hidden_size': 78, 'dropout': 0.12066443022624285, 'hidden_continuous_size': 7, 'attention_head_size': 4, 'learning_rate': 0.030807471176357716}. Best is trial 10 with value: 9.368123054504395.
LOCAL_RANK: 0 - CUDA_VISIBLE_DEVICES: [0]
[I 2023-12-16 12:27:15,613] Trial 33 finished with value: 19.773897171020508 and parameters: {'gradient_clip_val': 0.7463032076658305, 'hidden_size': 60, 'dropout': 0.14448384831302807, 'hidden_continuous_size': 12, 'attention_head_size': 4, 'learning_rate': 0.06869031935604059}. Best is trial 10 with value: 9.368123054504395.
LOCAL_RANK: 0 - CUDA_VISIBLE_DEVICES: [0]
[I 2023-12-16 12:28:07,296] Trial 34 finished with value: 53.34160232543945 and parameters: {'gradient_clip_val': 0.579777440375583, 'hidden_size': 42, 'dropout': 0.11933581556322415, 'hidden_continuous_size': 16, 'attention_head_size': 1, 'learning_rate': 0.046606670588748234}. Best is trial 10 with value: 9.368123054504395.
LOCAL_RANK: 0 - CUDA_VISIBLE_DEVICES: [0]
[I 2023-12-16 12:28:59,521] Trial 35 finished with value: 38.03788757324219 and parameters: {'gradient_clip_val': 0.7079838762508125, 'hidden_size': 52, 'dropout': 0.16610031682377507, 'hidden_continuous_size': 12, 'attention_head_size': 3, 'learning_rate': 0.03495641323231269}. Best is trial 10 with value: 9.368123054504395.
LOCAL_RANK: 0 - CUDA_VISIBLE_DEVICES: [0]
[I 2023-12-16 12:29:54,095] Trial 36 finished with value: 35.77947998046875 and parameters: {'gradient_clip_val': 0.8727871582756873, 'hidden_size': 83, 'dropout': 0.10034702109537112, 'hidden_continuous_size': 21, 'attention_head_size': 4, 'learning_rate': 0.0785013628520709}. Best is trial 10 with value: 9.368123054504395.
LOCAL_RANK: 0 - CUDA_VISIBLE_DEVICES: [0]
[I 2023-12-16 12:30:47,347] Trial 37 finished with value: 36.54627990722656 and parameters: {'gradient_clip_val': 0.4612278576392815, 'hidden_size': 64, 'dropout': 0.14120127651328357, 'hidden_continuous_size': 14, 'attention_head_size': 4, 'learning_rate': 0.05214007127020592}. Best is trial 10 with value: 9.368123054504395.
LOCAL_RANK: 0 - CUDA_VISIBLE_DEVICES: [0]
[I 2023-12-16 12:31:38,791] Trial 38 finished with value: 23.4043025970459 and parameters: {'gradient_clip_val': 0.7581433744087744, 'hidden_size': 48, 'dropout': 0.11490808578005306, 'hidden_continuous_size': 13, 'attention_head_size': 3, 'learning_rate': 0.059064420054916134}. Best is trial 10 with value: 9.368123054504395.
LOCAL_RANK: 0 - CUDA_VISIBLE_DEVICES: [0]
[I 2023-12-16 12:32:28,017] Trial 39 finished with value: 14.930091857910156 and parameters: {'gradient_clip_val': 0.6642705691793539, 'hidden_size': 36, 'dropout': 0.12927247695980437, 'hidden_continuous_size': 9, 'attention_head_size': 4, 'learning_rate': 0.08052684388331298}. Best is trial 10 with value: 9.368123054504395.
LOCAL_RANK: 0 - CUDA_VISIBLE_DEVICES: [0]
[I 2023-12-16 12:33:20,296] Trial 40 finished with value: 82.71671295166016 and parameters: {'gradient_clip_val': 0.550719603405462, 'hidden_size': 86, 'dropout': 0.17649509889571188, 'hidden_continuous_size': 5, 'attention_head_size': 4, 'learning_rate': 0.022184522830910425}. Best is trial 10 with value: 9.368123054504395.
LOCAL_RANK: 0 - CUDA_VISIBLE_DEVICES: [0]
[I 2023-12-16 12:34:13,664] Trial 41 finished with value: 15.504708290100098 and parameters: {'gradient_clip_val': 0.7703698512014818, 'hidden_size': 70, 'dropout': 0.11440298501415165, 'hidden_continuous_size': 8, 'attention_head_size': 4, 'learning_rate': 0.03125421553075961}. Best is trial 10 with value: 9.368123054504395.
LOCAL_RANK: 0 - CUDA_VISIBLE_DEVICES: [0]
[I 2023-12-16 12:35:06,999] Trial 42 finished with value: 17.211654663085938 and parameters: {'gradient_clip_val': 0.8920849031215788, 'hidden_size': 61, 'dropout': 0.10859541805444659, 'hidden_continuous_size': 16, 'attention_head_size': 4, 'learning_rate': 0.03811900432952875}. Best is trial 10 with value: 9.368123054504395.
LOCAL_RANK: 0 - CUDA_VISIBLE_DEVICES: [0]
[I 2023-12-16 12:36:00,054] Trial 43 finished with value: 22.150156021118164 and parameters: {'gradient_clip_val': 0.627866336160421, 'hidden_size': 86, 'dropout': 0.13232917492526172, 'hidden_continuous_size': 7, 'attention_head_size': 4, 'learning_rate': 0.02725986974656853}. Best is trial 10 with value: 9.368123054504395.
LOCAL_RANK: 0 - CUDA_VISIBLE_DEVICES: [0]
[I 2023-12-16 12:36:51,887] Trial 44 finished with value: 24.068801879882812 and parameters: {'gradient_clip_val': 0.7748819120331335, 'hidden_size': 56, 'dropout': 0.11379409950423848, 'hidden_continuous_size': 10, 'attention_head_size': 2, 'learning_rate': 0.054654948474218625}. Best is trial 10 with value: 9.368123054504395.
LOCAL_RANK: 0 - CUDA_VISIBLE_DEVICES: [0]
[I 2023-12-16 12:37:44,370] Trial 45 finished with value: 22.748258590698242 and parameters: {'gradient_clip_val': 0.8975636284375961, 'hidden_size': 75, 'dropout': 0.14740509547938713, 'hidden_continuous_size': 6, 'attention_head_size': 4, 'learning_rate': 0.00597392500627816}. Best is trial 10 with value: 9.368123054504395.
LOCAL_RANK: 0 - CUDA_VISIBLE_DEVICES: [0]
[I 2023-12-16 12:38:38,316] Trial 46 finished with value: 16.160612106323242 and parameters: {'gradient_clip_val': 0.7178739956580767, 'hidden_size': 91, 'dropout': 0.10352688828058966, 'hidden_continuous_size': 28, 'attention_head_size': 1, 'learning_rate': 0.08410334428213327}. Best is trial 10 with value: 9.368123054504395.
LOCAL_RANK: 0 - CUDA_VISIBLE_DEVICES: [0]
[I 2023-12-16 12:39:31,863] Trial 47 finished with value: 10.180956840515137 and parameters: {'gradient_clip_val': 0.9350427187872409, 'hidden_size': 66, 'dropout': 0.13551376989044941, 'hidden_continuous_size': 18, 'attention_head_size': 4, 'learning_rate': 0.042341793542860356}. Best is trial 10 with value: 9.368123054504395.
LOCAL_RANK: 0 - CUDA_VISIBLE_DEVICES: [0]
[I 2023-12-16 12:40:25,057] Trial 48 finished with value: 24.500707626342773 and parameters: {'gradient_clip_val': 0.9955448103588748, 'hidden_size': 54, 'dropout': 0.16102663622484648, 'hidden_continuous_size': 17, 'attention_head_size': 4, 'learning_rate': 0.041612060523519435}. Best is trial 10 with value: 9.368123054504395.
LOCAL_RANK: 0 - CUDA_VISIBLE_DEVICES: [0]
[I 2023-12-16 12:41:17,493] Trial 49 finished with value: 26.53204345703125 and parameters: {'gradient_clip_val': 0.6577930256038677, 'hidden_size': 42, 'dropout': 0.12975137772275924, 'hidden_continuous_size': 20, 'attention_head_size': 3, 'learning_rate': 0.09767716571307485}. Best is trial 10 with value: 9.368123054504395.
[I 2023-12-16 12:41:17,587] A new study created in memory with name: no-name-b442b140-5f66-4180-8733-e4c43dfd2781
/home/le004/conda/anaconda3/envs/tsff_env/lib/python3.9/site-packages/lightning/fabric/plugins/environments/slurm.py:191: The `srun` command is available on your system but is not used. HINT: If your intention is to run Lightning on SLURM, prepend your python command with `srun` like so: srun python /home/le004/master_thesis/git/TSFusionForecast/code/ ...
LOCAL_RANK: 0 - CUDA_VISIBLE_DEVICES: [0]
[I 2023-12-16 12:42:02,708] Trial 0 finished with value: 125.92313385009766 and parameters: {'gradient_clip_val': 0.9675937925939906, 'hidden_size': 11, 'dropout': 0.20616838496043816, 'hidden_continuous_size': 7, 'attention_head_size': 2, 'learning_rate': 0.0005613260495010114}. Best is trial 0 with value: 125.92313385009766.
LOCAL_RANK: 0 - CUDA_VISIBLE_DEVICES: [0]
