[I 2023-12-26 17:58:21,053] Trial 21 finished with value: 17.993993759155273 and parameters: {'gradient_clip_val': 0.12338035990149443, 'hidden_size': 51, 'dropout': 0.23998837206620588, 'hidden_continuous_size': 12, 'attention_head_size': 4, 'learning_rate': 0.024296142564447048}. Best is trial 0 with value: 3.4005889892578125.
[I 2023-12-26 17:58:26,305] Trial 22 finished with value: 29.919456481933594 and parameters: {'gradient_clip_val': 0.11945160101144536, 'hidden_size': 97, 'dropout': 0.18247498316723026, 'hidden_continuous_size': 12, 'attention_head_size': 3, 'learning_rate': 0.009009540831921771}. Best is trial 0 with value: 3.4005889892578125.
[I 2023-12-26 17:58:28,962] Trial 23 finished with value: 22.80702018737793 and parameters: {'gradient_clip_val': 0.16073784828010534, 'hidden_size': 48, 'dropout': 0.22930819033352215, 'hidden_continuous_size': 9, 'attention_head_size': 4, 'learning_rate': 0.049025176622767716}. Best is trial 0 with value: 3.4005889892578125.
[I 2023-12-26 17:58:31,413] Trial 24 finished with value: 15.915310859680176 and parameters: {'gradient_clip_val': 0.12568016122589754, 'hidden_size': 31, 'dropout': 0.15207177857972093, 'hidden_continuous_size': 10, 'attention_head_size': 3, 'learning_rate': 0.013820742970674224}. Best is trial 0 with value: 3.4005889892578125.
[I 2023-12-26 17:58:33,792] Trial 25 finished with value: 33.8463249206543 and parameters: {'gradient_clip_val': 0.1752217756024833, 'hidden_size': 30, 'dropout': 0.16465799408884083, 'hidden_continuous_size': 10, 'attention_head_size': 2, 'learning_rate': 0.012562927808716174}. Best is trial 0 with value: 3.4005889892578125.
[I 2023-12-26 17:58:36,071] Trial 26 finished with value: 19.820165634155273 and parameters: {'gradient_clip_val': 0.13595470130863815, 'hidden_size': 25, 'dropout': 0.1361475808676715, 'hidden_continuous_size': 8, 'attention_head_size': 4, 'learning_rate': 0.009588388556079198}. Best is trial 0 with value: 3.4005889892578125.
[I 2023-12-26 17:58:38,446] Trial 27 finished with value: 23.95281982421875 and parameters: {'gradient_clip_val': 0.22958069308593293, 'hidden_size': 31, 'dropout': 0.18781029329135368, 'hidden_continuous_size': 6, 'attention_head_size': 1, 'learning_rate': 0.01872336790010913}. Best is trial 0 with value: 3.4005889892578125.
[I 2023-12-26 17:58:40,901] Trial 28 finished with value: 15.538058280944824 and parameters: {'gradient_clip_val': 0.17501386660294538, 'hidden_size': 34, 'dropout': 0.10063200743076992, 'hidden_continuous_size': 11, 'attention_head_size': 3, 'learning_rate': 0.003403733820758754}. Best is trial 0 with value: 3.4005889892578125.
[I 2023-12-26 17:58:43,096] Trial 29 finished with value: 33.44227600097656 and parameters: {'gradient_clip_val': 0.12158115174901853, 'hidden_size': 23, 'dropout': 0.10556462512998929, 'hidden_continuous_size': 7, 'attention_head_size': 3, 'learning_rate': 0.0030733331868183053}. Best is trial 0 with value: 3.4005889892578125.
[I 2023-12-26 17:58:45,556] Trial 30 finished with value: 21.73844337463379 and parameters: {'gradient_clip_val': 0.1000317791826936, 'hidden_size': 35, 'dropout': 0.1292751382880944, 'hidden_continuous_size': 14, 'attention_head_size': 2, 'learning_rate': 0.002220658956937182}. Best is trial 0 with value: 3.4005889892578125.
[I 2023-12-26 17:58:48,454] Trial 31 finished with value: 21.055091857910156 and parameters: {'gradient_clip_val': 0.17064408997681244, 'hidden_size': 42, 'dropout': 0.1510118118648761, 'hidden_continuous_size': 12, 'attention_head_size': 3, 'learning_rate': 0.007680885172024366}. Best is trial 0 with value: 3.4005889892578125.
[I 2023-12-26 17:58:51,403] Trial 32 finished with value: 21.150068283081055 and parameters: {'gradient_clip_val': 0.14644853235653923, 'hidden_size': 52, 'dropout': 0.15732096226737008, 'hidden_continuous_size': 16, 'attention_head_size': 3, 'learning_rate': 0.013067254216655791}. Best is trial 0 with value: 3.4005889892578125.
[I 2023-12-26 17:58:53,960] Trial 33 finished with value: 22.950624465942383 and parameters: {'gradient_clip_val': 0.11401842469787406, 'hidden_size': 35, 'dropout': 0.1027071959067519, 'hidden_continuous_size': 11, 'attention_head_size': 4, 'learning_rate': 0.007668621661630563}. Best is trial 0 with value: 3.4005889892578125.
[I 2023-12-26 17:58:56,274] Trial 34 finished with value: 19.91616439819336 and parameters: {'gradient_clip_val': 0.13064065872683464, 'hidden_size': 28, 'dropout': 0.18796157200588923, 'hidden_continuous_size': 8, 'attention_head_size': 3, 'learning_rate': 0.003385186047804965}. Best is trial 0 with value: 3.4005889892578125.
[I 2023-12-26 17:58:58,833] Trial 35 finished with value: 26.059829711914062 and parameters: {'gradient_clip_val': 0.14029008696424963, 'hidden_size': 38, 'dropout': 0.13843879706069487, 'hidden_continuous_size': 10, 'attention_head_size': 3, 'learning_rate': 0.004985773373328963}. Best is trial 0 with value: 3.4005889892578125.
[I 2023-12-26 17:59:01,069] Trial 36 finished with value: 22.975858688354492 and parameters: {'gradient_clip_val': 0.1850649144285107, 'hidden_size': 23, 'dropout': 0.20707751289958337, 'hidden_continuous_size': 9, 'attention_head_size': 4, 'learning_rate': 0.006402960575332623}. Best is trial 0 with value: 3.4005889892578125.
[I 2023-12-26 17:59:03,801] Trial 37 finished with value: 25.170204162597656 and parameters: {'gradient_clip_val': 0.15050689549634522, 'hidden_size': 44, 'dropout': 0.14318230041519697, 'hidden_continuous_size': 17, 'attention_head_size': 3, 'learning_rate': 0.011206700452405148}. Best is trial 0 with value: 3.4005889892578125.
[I 2023-12-26 17:59:05,836] Trial 38 finished with value: 27.39246940612793 and parameters: {'gradient_clip_val': 0.224114737953713, 'hidden_size': 18, 'dropout': 0.17420350942341706, 'hidden_continuous_size': 11, 'attention_head_size': 2, 'learning_rate': 0.0171308173555906}. Best is trial 0 with value: 3.4005889892578125.
[I 2023-12-26 17:59:08,918] Trial 39 finished with value: 20.530548095703125 and parameters: {'gradient_clip_val': 0.2913362527797545, 'hidden_size': 58, 'dropout': 0.2603671693003363, 'hidden_continuous_size': 14, 'attention_head_size': 1, 'learning_rate': 0.027687193746909027}. Best is trial 0 with value: 3.4005889892578125.
[I 2023-12-26 17:59:11,333] Trial 40 finished with value: 29.404359817504883 and parameters: {'gradient_clip_val': 0.1108295387810971, 'hidden_size': 34, 'dropout': 0.29084576308537224, 'hidden_continuous_size': 8, 'attention_head_size': 4, 'learning_rate': 0.01669418010447728}. Best is trial 0 with value: 3.4005889892578125.
[I 2023-12-26 17:59:13,902] Trial 41 finished with value: 18.23740005493164 and parameters: {'gradient_clip_val': 0.1118782175797131, 'hidden_size': 38, 'dropout': 0.2072467024216272, 'hidden_continuous_size': 17, 'attention_head_size': 3, 'learning_rate': 0.026442574155612568}. Best is trial 0 with value: 3.4005889892578125.
[I 2023-12-26 17:59:17,969] Trial 42 finished with value: 23.93963623046875 and parameters: {'gradient_clip_val': 0.13269168264053752, 'hidden_size': 73, 'dropout': 0.2253319252987128, 'hidden_continuous_size': 23, 'attention_head_size': 3, 'learning_rate': 0.01042713890966989}. Best is trial 0 with value: 3.4005889892578125.
[I 2023-12-26 17:59:20,797] Trial 43 finished with value: 26.055940628051758 and parameters: {'gradient_clip_val': 0.15023019256155062, 'hidden_size': 46, 'dropout': 0.24907175973044868, 'hidden_continuous_size': 13, 'attention_head_size': 3, 'learning_rate': 0.005379276954845524}. Best is trial 0 with value: 3.4005889892578125.
[I 2023-12-26 17:59:23,868] Trial 44 finished with value: 35.3511962890625 and parameters: {'gradient_clip_val': 0.10528321401562052, 'hidden_size': 58, 'dropout': 0.21754698668240238, 'hidden_continuous_size': 9, 'attention_head_size': 2, 'learning_rate': 0.016477022324352778}. Best is trial 0 with value: 3.4005889892578125.
[I 2023-12-26 17:59:26,272] Trial 45 finished with value: 31.209840774536133 and parameters: {'gradient_clip_val': 0.11653437727404299, 'hidden_size': 29, 'dropout': 0.20149845064303729, 'hidden_continuous_size': 11, 'attention_head_size': 3, 'learning_rate': 0.03151390828687542}. Best is trial 0 with value: 3.4005889892578125.
[I 2023-12-26 17:59:28,167] Trial 46 finished with value: 32.573814392089844 and parameters: {'gradient_clip_val': 0.16194632512057622, 'hidden_size': 16, 'dropout': 0.1775471008067763, 'hidden_continuous_size': 10, 'attention_head_size': 3, 'learning_rate': 0.02161812208695838}. Best is trial 0 with value: 3.4005889892578125.
[I 2023-12-26 17:59:30,764] Trial 47 finished with value: 24.05460548400879 and parameters: {'gradient_clip_val': 0.1869570425132825, 'hidden_size': 41, 'dropout': 0.11909152055900221, 'hidden_continuous_size': 6, 'attention_head_size': 2, 'learning_rate': 0.007649504258763425}. Best is trial 0 with value: 3.4005889892578125.
[I 2023-12-26 17:59:33,229] Trial 48 finished with value: 17.34127426147461 and parameters: {'gradient_clip_val': 0.13012162851229664, 'hidden_size': 33, 'dropout': 0.1575227806751722, 'hidden_continuous_size': 15, 'attention_head_size': 1, 'learning_rate': 0.01437302219071042}. Best is trial 0 with value: 3.4005889892578125.
[I 2023-12-26 17:59:35,474] Trial 49 finished with value: 29.998117446899414 and parameters: {'gradient_clip_val': 0.12820508024126856, 'hidden_size': 32, 'dropout': 0.14471629311263423, 'hidden_continuous_size': 13, 'attention_head_size': 1, 'learning_rate': 0.011274212433588325}. Best is trial 0 with value: 3.4005889892578125.
[I 2023-12-26 17:59:35,584] A new study created in memory with name: no-name-c318fb61-8cff-49f9-9462-4e143fd317d8
/home/le004/conda/anaconda3/envs/tsff_env/lib/python3.9/site-packages/lightning/fabric/plugins/environments/slurm.py:191: The `srun` command is available on your system but is not used. HINT: If your intention is to run Lightning on SLURM, prepend your python command with `srun` like so: srun python /home/le004/master_thesis/git/TSFusionForecast/code/ ...
[I 2023-12-26 18:02:35,389] Trial 0 finished with value: 6.558720111846924 and parameters: {'gradient_clip_val': 0.10096178614064906, 'hidden_size': 17, 'dropout': 0.44255055176555147, 'hidden_continuous_size': 15, 'attention_head_size': 2, 'learning_rate': 0.009465917223294915}. Best is trial 0 with value: 6.558720111846924.
[I 2023-12-26 18:02:38,676] Trial 1 finished with value: 58.60929870605469 and parameters: {'gradient_clip_val': 0.12384496974336046, 'hidden_size': 62, 'dropout': 0.45909374825825167, 'hidden_continuous_size': 10, 'attention_head_size': 3, 'learning_rate': 0.007593775805507752}. Best is trial 0 with value: 6.558720111846924.
[I 2023-12-26 18:02:40,350] Trial 2 finished with value: 54.11930847167969 and parameters: {'gradient_clip_val': 0.3534076630353072, 'hidden_size': 5, 'dropout': 0.3230573278179464, 'hidden_continuous_size': 5, 'attention_head_size': 3, 'learning_rate': 0.001972984975069504}. Best is trial 0 with value: 6.558720111846924.
[I 2023-12-26 18:02:41,976] Trial 3 finished with value: 55.95572280883789 and parameters: {'gradient_clip_val': 0.8410057674128304, 'hidden_size': 8, 'dropout': 0.259205859059776, 'hidden_continuous_size': 8, 'attention_head_size': 1, 'learning_rate': 0.0032911483637009745}. Best is trial 0 with value: 6.558720111846924.
[I 2023-12-26 18:02:44,758] Trial 4 finished with value: 50.94969177246094 and parameters: {'gradient_clip_val': 0.47445320661407897, 'hidden_size': 44, 'dropout': 0.4131148806646864, 'hidden_continuous_size': 23, 'attention_head_size': 3, 'learning_rate': 0.0007892363689396786}. Best is trial 0 with value: 6.558720111846924.
[I 2023-12-26 18:02:46,685] Trial 5 finished with value: 42.96784591674805 and parameters: {'gradient_clip_val': 0.5114525985490971, 'hidden_size': 9, 'dropout': 0.3032006874414973, 'hidden_continuous_size': 8, 'attention_head_size': 3, 'learning_rate': 0.0005473364735188614}. Best is trial 0 with value: 6.558720111846924.
[I 2023-12-26 18:02:49,081] Trial 6 finished with value: 38.29909133911133 and parameters: {'gradient_clip_val': 0.148842993953812, 'hidden_size': 33, 'dropout': 0.21662715017016243, 'hidden_continuous_size': 7, 'attention_head_size': 3, 'learning_rate': 0.011488668821161683}. Best is trial 0 with value: 6.558720111846924.
[I 2023-12-26 18:02:51,397] Trial 7 finished with value: 46.755245208740234 and parameters: {'gradient_clip_val': 0.11093787100012865, 'hidden_size': 29, 'dropout': 0.1843655540549742, 'hidden_continuous_size': 9, 'attention_head_size': 1, 'learning_rate': 0.001156776377985956}. Best is trial 0 with value: 6.558720111846924.
[I 2023-12-26 18:02:56,852] Trial 8 finished with value: 52.65359115600586 and parameters: {'gradient_clip_val': 0.18924228838181778, 'hidden_size': 88, 'dropout': 0.3592457804972321, 'hidden_continuous_size': 86, 'attention_head_size': 4, 'learning_rate': 0.005200091198424484}. Best is trial 0 with value: 6.558720111846924.
[I 2023-12-26 18:02:59,665] Trial 9 finished with value: 46.48927688598633 and parameters: {'gradient_clip_val': 0.2683827875424014, 'hidden_size': 47, 'dropout': 0.47392758665931767, 'hidden_continuous_size': 9, 'attention_head_size': 3, 'learning_rate': 0.006295424272195237}. Best is trial 0 with value: 6.558720111846924.
[I 2023-12-26 18:03:01,750] Trial 10 finished with value: 53.41395568847656 and parameters: {'gradient_clip_val': 0.19767125400962104, 'hidden_size': 18, 'dropout': 0.3905766031473625, 'hidden_continuous_size': 13, 'attention_head_size': 2, 'learning_rate': 0.057936906694952425}. Best is trial 0 with value: 6.558720111846924.
[I 2023-12-26 18:03:08,912] Trial 11 finished with value: 53.2507209777832 and parameters: {'gradient_clip_val': 0.10802069759801859, 'hidden_size': 128, 'dropout': 0.11148305928481239, 'hidden_continuous_size': 20, 'attention_head_size': 2, 'learning_rate': 0.016675984565598108}. Best is trial 0 with value: 6.558720111846924.
[I 2023-12-26 18:03:11,069] Trial 12 finished with value: 64.65404510498047 and parameters: {'gradient_clip_val': 0.1521221452035622, 'hidden_size': 21, 'dropout': 0.24670577145332617, 'hidden_continuous_size': 5, 'attention_head_size': 4, 'learning_rate': 0.017853819516599107}. Best is trial 0 with value: 6.558720111846924.
[I 2023-12-26 18:03:13,119] Trial 13 finished with value: 51.27613830566406 and parameters: {'gradient_clip_val': 0.15457761012795704, 'hidden_size': 15, 'dropout': 0.48459022174950955, 'hidden_continuous_size': 6, 'attention_head_size': 2, 'learning_rate': 0.017627900607235143}. Best is trial 0 with value: 6.558720111846924.
[I 2023-12-26 18:03:15,538] Trial 14 finished with value: 49.73100280761719 and parameters: {'gradient_clip_val': 0.11106458923638812, 'hidden_size': 30, 'dropout': 0.40173707032655215, 'hidden_continuous_size': 13, 'attention_head_size': 2, 'learning_rate': 0.04398456585358595}. Best is trial 0 with value: 6.558720111846924.
[I 2023-12-26 18:03:17,592] Trial 15 finished with value: 56.298770904541016 and parameters: {'gradient_clip_val': 0.10232742994896056, 'hidden_size': 15, 'dropout': 0.2194851331135839, 'hidden_continuous_size': 6, 'attention_head_size': 1, 'learning_rate': 0.09910547807480581}. Best is trial 0 with value: 6.558720111846924.
[I 2023-12-26 18:03:19,925] Trial 16 finished with value: 52.0129508972168 and parameters: {'gradient_clip_val': 0.15079294117492553, 'hidden_size': 32, 'dropout': 0.33013916391096665, 'hidden_continuous_size': 15, 'attention_head_size': 4, 'learning_rate': 0.010930027989562137}. Best is trial 0 with value: 6.558720111846924.
[I 2023-12-26 18:03:22,114] Trial 17 finished with value: 47.55880355834961 and parameters: {'gradient_clip_val': 0.2266202853875618, 'hidden_size': 23, 'dropout': 0.27850203920799865, 'hidden_continuous_size': 7, 'attention_head_size': 2, 'learning_rate': 0.003187137463651453}. Best is trial 0 with value: 6.558720111846924.
[I 2023-12-26 18:03:24,085] Trial 18 finished with value: 45.97296142578125 and parameters: {'gradient_clip_val': 0.13873827583247134, 'hidden_size': 12, 'dropout': 0.49871593421351035, 'hidden_continuous_size': 6, 'attention_head_size': 3, 'learning_rate': 0.009944665005888321}. Best is trial 0 with value: 6.558720111846924.
[I 2023-12-26 18:03:26,798] Trial 19 finished with value: 45.9619255065918 and parameters: {'gradient_clip_val': 0.18498456322288767, 'hidden_size': 43, 'dropout': 0.43359294230962786, 'hidden_continuous_size': 11, 'attention_head_size': 2, 'learning_rate': 0.031401658823247594}. Best is trial 0 with value: 6.558720111846924.
[I 2023-12-26 18:03:29,232] Trial 20 finished with value: 56.8032112121582 and parameters: {'gradient_clip_val': 0.13384768009175502, 'hidden_size': 22, 'dropout': 0.371514507646026, 'hidden_continuous_size': 7, 'attention_head_size': 4, 'learning_rate': 0.026344490878769417}. Best is trial 0 with value: 6.558720111846924.
[I 2023-12-26 18:03:31,189] Trial 21 finished with value: 33.7858772277832 and parameters: {'gradient_clip_val': 0.3782523138101947, 'hidden_size': 10, 'dropout': 0.3118076096755311, 'hidden_continuous_size': 5, 'attention_head_size': 3, 'learning_rate': 0.0006328405146404805}. Best is trial 0 with value: 6.558720111846924.
[I 2023-12-26 18:03:33,150] Trial 22 finished with value: 52.119083404541016 and parameters: {'gradient_clip_val': 0.30101639104808803, 'hidden_size': 11, 'dropout': 0.35548873493374, 'hidden_continuous_size': 5, 'attention_head_size': 3, 'learning_rate': 0.0015047100161882604}. Best is trial 0 with value: 6.558720111846924.
[I 2023-12-26 18:03:35,158] Trial 23 finished with value: 65.0080337524414 and parameters: {'gradient_clip_val': 0.10254718212178887, 'hidden_size': 17, 'dropout': 0.4431052635558776, 'hidden_continuous_size': 5, 'attention_head_size': 3, 'learning_rate': 0.003904881660904514}. Best is trial 0 with value: 6.558720111846924.
[I 2023-12-26 18:03:37,024] Trial 24 finished with value: 68.9602279663086 and parameters: {'gradient_clip_val': 0.24792935053451162, 'hidden_size': 7, 'dropout': 0.30213394083420175, 'hidden_continuous_size': 5, 'attention_head_size': 2, 'learning_rate': 0.0022287071565374864}. Best is trial 0 with value: 6.558720111846924.
[I 2023-12-26 18:03:39,016] Trial 25 finished with value: 52.0712776184082 and parameters: {'gradient_clip_val': 0.35248226734635313, 'hidden_size': 12, 'dropout': 0.4246078177536914, 'hidden_continuous_size': 6, 'attention_head_size': 3, 'learning_rate': 0.00943286935677532}. Best is trial 0 with value: 6.558720111846924.
[I 2023-12-26 18:03:41,291] Trial 26 finished with value: 49.55024337768555 and parameters: {'gradient_clip_val': 0.16876756344727956, 'hidden_size': 25, 'dropout': 0.3850814225433872, 'hidden_continuous_size': 7, 'attention_head_size': 4, 'learning_rate': 0.004708108291185233}. Best is trial 0 with value: 6.558720111846924.
[I 2023-12-26 18:03:43,131] Trial 27 finished with value: 46.88449478149414 and parameters: {'gradient_clip_val': 0.129985665549018, 'hidden_size': 6, 'dropout': 0.4592845037002637, 'hidden_continuous_size': 5, 'attention_head_size': 2, 'learning_rate': 0.006110438881498972}. Best is trial 0 with value: 6.558720111846924.
[I 2023-12-26 18:03:45,069] Trial 28 finished with value: 53.836700439453125 and parameters: {'gradient_clip_val': 0.21792703005377614, 'hidden_size': 10, 'dropout': 0.34091758001831846, 'hidden_continuous_size': 6, 'attention_head_size': 1, 'learning_rate': 0.0005081734875457308}. Best is trial 0 with value: 6.558720111846924.
[I 2023-12-26 18:03:47,149] Trial 29 finished with value: 44.87410354614258 and parameters: {'gradient_clip_val': 0.12241847191841575, 'hidden_size': 14, 'dropout': 0.44939581266668427, 'hidden_continuous_size': 7, 'attention_head_size': 3, 'learning_rate': 0.007785383820792517}. Best is trial 0 with value: 6.558720111846924.
[I 2023-12-26 18:03:48,945] Trial 30 finished with value: 52.744937896728516 and parameters: {'gradient_clip_val': 0.12021410789539674, 'hidden_size': 8, 'dropout': 0.4036322675605525, 'hidden_continuous_size': 5, 'attention_head_size': 2, 'learning_rate': 0.012891216890129557}. Best is trial 0 with value: 6.558720111846924.
[I 2023-12-26 18:03:50,876] Trial 31 finished with value: 52.70326614379883 and parameters: {'gradient_clip_val': 0.44029766811101223, 'hidden_size': 9, 'dropout': 0.2864069085929647, 'hidden_continuous_size': 6, 'attention_head_size': 3, 'learning_rate': 0.000508993579380305}. Best is trial 0 with value: 6.558720111846924.
[I 2023-12-26 18:03:52,790] Trial 32 finished with value: 49.51018142700195 and parameters: {'gradient_clip_val': 0.47182668895539553, 'hidden_size': 5, 'dropout': 0.31318551407290496, 'hidden_continuous_size': 5, 'attention_head_size': 3, 'learning_rate': 0.0008270247527665169}. Best is trial 0 with value: 6.558720111846924.
[I 2023-12-26 18:03:54,756] Trial 33 finished with value: 77.06269073486328 and parameters: {'gradient_clip_val': 0.5650773901712403, 'hidden_size': 10, 'dropout': 0.3280837359278367, 'hidden_continuous_size': 7, 'attention_head_size': 3, 'learning_rate': 0.0024552745859700745}. Best is trial 0 with value: 6.558720111846924.
[I 2023-12-26 18:03:56,574] Trial 34 finished with value: 52.7446403503418 and parameters: {'gradient_clip_val': 0.39182234548790007, 'hidden_size': 8, 'dropout': 0.3025058128017245, 'hidden_continuous_size': 6, 'attention_head_size': 3, 'learning_rate': 0.0014543841921497971}. Best is trial 0 with value: 6.558720111846924.
[I 2023-12-26 18:03:58,645] Trial 35 finished with value: 56.50503921508789 and parameters: {'gradient_clip_val': 0.5716844549627501, 'hidden_size': 19, 'dropout': 0.26006901361213847, 'hidden_continuous_size': 8, 'attention_head_size': 3, 'learning_rate': 0.0007767775448066197}. Best is trial 0 with value: 6.558720111846924.
