[I 2023-12-16 06:08:11,869] Trial 41 finished with value: 5.419363498687744 and parameters: {'gradient_clip_val': 0.6210282867375018, 'hidden_size': 9, 'dropout': 0.1384792311993465, 'hidden_continuous_size': 6, 'attention_head_size': 2, 'learning_rate': 0.0019908090928384466}. Best is trial 37 with value: 4.520509243011475.
LOCAL_RANK: 0 - CUDA_VISIBLE_DEVICES: [0]
[I 2023-12-16 06:08:55,862] Trial 42 finished with value: 4.961432933807373 and parameters: {'gradient_clip_val': 0.4245341949746313, 'hidden_size': 8, 'dropout': 0.11621918542930854, 'hidden_continuous_size': 6, 'attention_head_size': 2, 'learning_rate': 0.002445140420999301}. Best is trial 37 with value: 4.520509243011475.
LOCAL_RANK: 0 - CUDA_VISIBLE_DEVICES: [0]
[I 2023-12-16 06:09:40,395] Trial 43 finished with value: 4.4606614112854 and parameters: {'gradient_clip_val': 0.5052772047048272, 'hidden_size': 6, 'dropout': 0.13464851803098374, 'hidden_continuous_size': 5, 'attention_head_size': 2, 'learning_rate': 0.0015004335761431946}. Best is trial 43 with value: 4.4606614112854.
LOCAL_RANK: 0 - CUDA_VISIBLE_DEVICES: [0]
[I 2023-12-16 06:10:24,987] Trial 44 finished with value: 4.359707355499268 and parameters: {'gradient_clip_val': 0.5332613485141242, 'hidden_size': 6, 'dropout': 0.176965631314109, 'hidden_continuous_size': 5, 'attention_head_size': 2, 'learning_rate': 0.0033941588690237392}. Best is trial 44 with value: 4.359707355499268.
LOCAL_RANK: 0 - CUDA_VISIBLE_DEVICES: [0]
[I 2023-12-16 06:11:09,457] Trial 45 finished with value: 5.526159286499023 and parameters: {'gradient_clip_val': 0.5072372663649988, 'hidden_size': 6, 'dropout': 0.17556685926430265, 'hidden_continuous_size': 5, 'attention_head_size': 1, 'learning_rate': 0.003751118668865475}. Best is trial 44 with value: 4.359707355499268.
LOCAL_RANK: 0 - CUDA_VISIBLE_DEVICES: [0]
[I 2023-12-16 06:11:43,337] Trial 46 finished with value: 4.906945705413818 and parameters: {'gradient_clip_val': 0.5149616949338833, 'hidden_size': 5, 'dropout': 0.1540675131052004, 'hidden_continuous_size': 5, 'attention_head_size': 2, 'learning_rate': 0.006058084817667455}. Best is trial 44 with value: 4.359707355499268.
LOCAL_RANK: 0 - CUDA_VISIBLE_DEVICES: [0]
[I 2023-12-16 06:12:27,835] Trial 47 finished with value: 4.874596118927002 and parameters: {'gradient_clip_val': 0.6092163838399768, 'hidden_size': 6, 'dropout': 0.21941421249011656, 'hidden_continuous_size': 5, 'attention_head_size': 2, 'learning_rate': 0.002612362085920232}. Best is trial 44 with value: 4.359707355499268.
LOCAL_RANK: 0 - CUDA_VISIBLE_DEVICES: [0]
[I 2023-12-16 06:13:12,993] Trial 48 finished with value: 4.652857780456543 and parameters: {'gradient_clip_val': 0.44945697807176965, 'hidden_size': 13, 'dropout': 0.1458227738931054, 'hidden_continuous_size': 5, 'attention_head_size': 2, 'learning_rate': 0.007743212726241365}. Best is trial 44 with value: 4.359707355499268.
LOCAL_RANK: 0 - CUDA_VISIBLE_DEVICES: [0]
[I 2023-12-16 06:13:57,551] Trial 49 finished with value: 6.879173278808594 and parameters: {'gradient_clip_val': 0.44410371860235587, 'hidden_size': 13, 'dropout': 0.1431086593265695, 'hidden_continuous_size': 5, 'attention_head_size': 1, 'learning_rate': 0.0074371256993650174}. Best is trial 44 with value: 4.359707355499268.
[I 2023-12-16 06:13:57,643] A new study created in memory with name: no-name-1f1fc9d7-99b1-4629-be18-858d726b12e0
/home/le004/conda/anaconda3/envs/tsff_env/lib/python3.9/site-packages/lightning/fabric/plugins/environments/slurm.py:191: The `srun` command is available on your system but is not used. HINT: If your intention is to run Lightning on SLURM, prepend your python command with `srun` like so: srun python /home/le004/master_thesis/git/TSFusionForecast/code/ ...
LOCAL_RANK: 0 - CUDA_VISIBLE_DEVICES: [0]
[I 2023-12-16 06:14:49,587] Trial 0 finished with value: 20.431615829467773 and parameters: {'gradient_clip_val': 0.35675240751943993, 'hidden_size': 40, 'dropout': 0.2503134656389019, 'hidden_continuous_size': 31, 'attention_head_size': 4, 'learning_rate': 0.022020918732167535}. Best is trial 0 with value: 20.431615829467773.
LOCAL_RANK: 0 - CUDA_VISIBLE_DEVICES: [0]
[I 2023-12-16 06:15:40,367] Trial 1 finished with value: 4.934116363525391 and parameters: {'gradient_clip_val': 0.2184718728434986, 'hidden_size': 28, 'dropout': 0.3142866428586424, 'hidden_continuous_size': 23, 'attention_head_size': 4, 'learning_rate': 0.001714236122140572}. Best is trial 1 with value: 4.934116363525391.
LOCAL_RANK: 0 - CUDA_VISIBLE_DEVICES: [0]
[I 2023-12-16 06:16:13,931] Trial 2 finished with value: 8.838622093200684 and parameters: {'gradient_clip_val': 0.5728664345084812, 'hidden_size': 7, 'dropout': 0.3917536263893898, 'hidden_continuous_size': 7, 'attention_head_size': 1, 'learning_rate': 0.021246377600970433}. Best is trial 1 with value: 4.934116363525391.
LOCAL_RANK: 0 - CUDA_VISIBLE_DEVICES: [0]
[I 2023-12-16 06:16:58,984] Trial 3 finished with value: 19.82734489440918 and parameters: {'gradient_clip_val': 0.5186125765972546, 'hidden_size': 9, 'dropout': 0.39197269772819543, 'hidden_continuous_size': 5, 'attention_head_size': 2, 'learning_rate': 0.0005079066952558722}. Best is trial 1 with value: 4.934116363525391.
LOCAL_RANK: 0 - CUDA_VISIBLE_DEVICES: [0]
[I 2023-12-16 06:17:33,376] Trial 4 finished with value: 7.854738712310791 and parameters: {'gradient_clip_val': 0.3403324347142677, 'hidden_size': 5, 'dropout': 0.3735061607578719, 'hidden_continuous_size': 5, 'attention_head_size': 4, 'learning_rate': 0.06002378787378062}. Best is trial 1 with value: 4.934116363525391.
LOCAL_RANK: 0 - CUDA_VISIBLE_DEVICES: [0]
[I 2023-12-16 06:18:08,208] Trial 5 finished with value: 5.435756683349609 and parameters: {'gradient_clip_val': 0.6936688659534522, 'hidden_size': 6, 'dropout': 0.15022742821953922, 'hidden_continuous_size': 6, 'attention_head_size': 4, 'learning_rate': 0.01682441757035407}. Best is trial 1 with value: 4.934116363525391.
LOCAL_RANK: 0 - CUDA_VISIBLE_DEVICES: [0]
[I 2023-12-16 06:18:54,446] Trial 6 finished with value: 4.854780673980713 and parameters: {'gradient_clip_val': 0.19567524164833608, 'hidden_size': 13, 'dropout': 0.294867992445511, 'hidden_continuous_size': 7, 'attention_head_size': 4, 'learning_rate': 0.009049750389255236}. Best is trial 6 with value: 4.854780673980713.
LOCAL_RANK: 0 - CUDA_VISIBLE_DEVICES: [0]
[I 2023-12-16 06:19:48,833] Trial 7 finished with value: 9.337515830993652 and parameters: {'gradient_clip_val': 0.4083989099120802, 'hidden_size': 77, 'dropout': 0.18938471604010315, 'hidden_continuous_size': 31, 'attention_head_size': 3, 'learning_rate': 0.0158975423492995}. Best is trial 6 with value: 4.854780673980713.
LOCAL_RANK: 0 - CUDA_VISIBLE_DEVICES: [0]
[I 2023-12-16 06:20:22,901] Trial 8 finished with value: 17.80169677734375 and parameters: {'gradient_clip_val': 0.7055612735536014, 'hidden_size': 6, 'dropout': 0.2513960603768338, 'hidden_continuous_size': 6, 'attention_head_size': 3, 'learning_rate': 0.0008295640025766176}. Best is trial 6 with value: 4.854780673980713.
LOCAL_RANK: 0 - CUDA_VISIBLE_DEVICES: [0]
[I 2023-12-16 06:21:07,872] Trial 9 finished with value: 12.66850757598877 and parameters: {'gradient_clip_val': 0.2587775951975321, 'hidden_size': 10, 'dropout': 0.12757686681638788, 'hidden_continuous_size': 5, 'attention_head_size': 2, 'learning_rate': 0.0785920030071966}. Best is trial 6 with value: 4.854780673980713.
LOCAL_RANK: 0 - CUDA_VISIBLE_DEVICES: [0]
[I 2023-12-16 06:21:53,211] Trial 10 finished with value: 5.032727241516113 and parameters: {'gradient_clip_val': 0.12924402944680644, 'hidden_size': 16, 'dropout': 0.3026500824935453, 'hidden_continuous_size': 9, 'attention_head_size': 3, 'learning_rate': 0.004336713899991013}. Best is trial 6 with value: 4.854780673980713.
LOCAL_RANK: 0 - CUDA_VISIBLE_DEVICES: [0]
[I 2023-12-16 06:22:42,617] Trial 11 finished with value: 5.46002197265625 and parameters: {'gradient_clip_val': 0.200143010456924, 'hidden_size': 22, 'dropout': 0.3142544894332478, 'hidden_continuous_size': 16, 'attention_head_size': 4, 'learning_rate': 0.0025800771791425225}. Best is trial 6 with value: 4.854780673980713.
LOCAL_RANK: 0 - CUDA_VISIBLE_DEVICES: [0]
[I 2023-12-16 06:23:31,916] Trial 12 finished with value: 5.231637001037598 and parameters: {'gradient_clip_val': 0.18333497718764882, 'hidden_size': 21, 'dropout': 0.31504139517246854, 'hidden_continuous_size': 11, 'attention_head_size': 4, 'learning_rate': 0.002232891715291593}. Best is trial 6 with value: 4.854780673980713.
LOCAL_RANK: 0 - CUDA_VISIBLE_DEVICES: [0]
[I 2023-12-16 06:24:23,517] Trial 13 finished with value: 13.059520721435547 and parameters: {'gradient_clip_val': 0.14103406739846056, 'hidden_size': 33, 'dropout': 0.28109774691664224, 'hidden_continuous_size': 17, 'attention_head_size': 3, 'learning_rate': 0.007116728588658215}. Best is trial 6 with value: 4.854780673980713.
LOCAL_RANK: 0 - CUDA_VISIBLE_DEVICES: [0]
[I 2023-12-16 06:25:07,578] Trial 14 finished with value: 9.580471992492676 and parameters: {'gradient_clip_val': 0.101042239848971, 'hidden_size': 12, 'dropout': 0.3383612900668158, 'hidden_continuous_size': 7, 'attention_head_size': 1, 'learning_rate': 0.0013896976333366636}. Best is trial 6 with value: 4.854780673980713.
LOCAL_RANK: 0 - CUDA_VISIBLE_DEVICES: [0]
[I 2023-12-16 06:25:54,080] Trial 15 finished with value: 6.72466516494751 and parameters: {'gradient_clip_val': 0.24119796172642488, 'hidden_size': 14, 'dropout': 0.21495003987350508, 'hidden_continuous_size': 8, 'attention_head_size': 4, 'learning_rate': 0.005541527661471713}. Best is trial 6 with value: 4.854780673980713.
LOCAL_RANK: 0 - CUDA_VISIBLE_DEVICES: [0]
[I 2023-12-16 06:26:43,111] Trial 16 finished with value: 5.148726463317871 and parameters: {'gradient_clip_val': 0.28368179675276295, 'hidden_size': 29, 'dropout': 0.3449332483476381, 'hidden_continuous_size': 15, 'attention_head_size': 2, 'learning_rate': 0.0012480330351799748}. Best is trial 6 with value: 4.854780673980713.
LOCAL_RANK: 0 - CUDA_VISIBLE_DEVICES: [0]
[I 2023-12-16 06:27:35,941] Trial 17 finished with value: 8.19764518737793 and parameters: {'gradient_clip_val': 0.9347026192062206, 'hidden_size': 46, 'dropout': 0.2725482068494797, 'hidden_continuous_size': 24, 'attention_head_size': 3, 'learning_rate': 0.00941787034533192}. Best is trial 6 with value: 4.854780673980713.
LOCAL_RANK: 0 - CUDA_VISIBLE_DEVICES: [0]
[I 2023-12-16 06:28:24,331] Trial 18 finished with value: 10.059890747070312 and parameters: {'gradient_clip_val': 0.2126408355214823, 'hidden_size': 18, 'dropout': 0.2835885996281531, 'hidden_continuous_size': 10, 'attention_head_size': 4, 'learning_rate': 0.003053064188030992}. Best is trial 6 with value: 4.854780673980713.
LOCAL_RANK: 0 - CUDA_VISIBLE_DEVICES: [0]
[I 2023-12-16 06:29:08,503] Trial 19 finished with value: 5.5385870933532715 and parameters: {'gradient_clip_val': 0.16679463295233674, 'hidden_size': 12, 'dropout': 0.3520440476230365, 'hidden_continuous_size': 6, 'attention_head_size': 3, 'learning_rate': 0.0035270379419781272}. Best is trial 6 with value: 4.854780673980713.
LOCAL_RANK: 0 - CUDA_VISIBLE_DEVICES: [0]
[I 2023-12-16 06:29:58,319] Trial 20 finished with value: 6.549234867095947 and parameters: {'gradient_clip_val': 0.2518336737436483, 'hidden_size': 25, 'dropout': 0.222454019220377, 'hidden_continuous_size': 12, 'attention_head_size': 4, 'learning_rate': 0.0018272123346808212}. Best is trial 6 with value: 4.854780673980713.
LOCAL_RANK: 0 - CUDA_VISIBLE_DEVICES: [0]
[I 2023-12-16 06:30:46,007] Trial 21 finished with value: 5.9742302894592285 and parameters: {'gradient_clip_val': 0.1381733303611655, 'hidden_size': 18, 'dropout': 0.3114882586107218, 'hidden_continuous_size': 9, 'attention_head_size': 3, 'learning_rate': 0.004789560164593569}. Best is trial 6 with value: 4.854780673980713.
LOCAL_RANK: 0 - CUDA_VISIBLE_DEVICES: [0]
[I 2023-12-16 06:31:32,332] Trial 22 finished with value: 5.375172138214111 and parameters: {'gradient_clip_val': 0.1538506323276381, 'hidden_size': 15, 'dropout': 0.3007616478441756, 'hidden_continuous_size': 8, 'attention_head_size': 3, 'learning_rate': 0.004097570030823334}. Best is trial 6 with value: 4.854780673980713.
LOCAL_RANK: 0 - CUDA_VISIBLE_DEVICES: [0]
[I 2023-12-16 06:32:18,102] Trial 23 finished with value: 5.615413665771484 and parameters: {'gradient_clip_val': 0.11797038128768904, 'hidden_size': 16, 'dropout': 0.328936910850213, 'hidden_continuous_size': 9, 'attention_head_size': 4, 'learning_rate': 0.00823522761022175}. Best is trial 6 with value: 4.854780673980713.
LOCAL_RANK: 0 - CUDA_VISIBLE_DEVICES: [0]
[I 2023-12-16 06:33:05,884] Trial 24 finished with value: 5.456108093261719 and parameters: {'gradient_clip_val': 0.19513161418353356, 'hidden_size': 24, 'dropout': 0.293321104493613, 'hidden_continuous_size': 14, 'attention_head_size': 2, 'learning_rate': 0.0035109925713942727}. Best is trial 6 with value: 4.854780673980713.
LOCAL_RANK: 0 - CUDA_VISIBLE_DEVICES: [0]
[I 2023-12-16 06:33:51,811] Trial 25 finished with value: 7.975940227508545 and parameters: {'gradient_clip_val': 0.1717419269260456, 'hidden_size': 9, 'dropout': 0.26716398203825037, 'hidden_continuous_size': 7, 'attention_head_size': 3, 'learning_rate': 0.001978647036292904}. Best is trial 6 with value: 4.854780673980713.
LOCAL_RANK: 0 - CUDA_VISIBLE_DEVICES: [0]
[I 2023-12-16 06:34:40,622] Trial 26 finished with value: 9.8845853805542 and parameters: {'gradient_clip_val': 0.1237418867451574, 'hidden_size': 19, 'dropout': 0.3666797504296399, 'hidden_continuous_size': 11, 'attention_head_size': 4, 'learning_rate': 0.005364421591710937}. Best is trial 6 with value: 4.854780673980713.
LOCAL_RANK: 0 - CUDA_VISIBLE_DEVICES: [0]
[I 2023-12-16 06:35:26,953] Trial 27 finished with value: 5.569522380828857 and parameters: {'gradient_clip_val': 0.22063321818571144, 'hidden_size': 13, 'dropout': 0.3248172719335202, 'hidden_continuous_size': 9, 'attention_head_size': 4, 'learning_rate': 0.009014242808400127}. Best is trial 6 with value: 4.854780673980713.
LOCAL_RANK: 0 - CUDA_VISIBLE_DEVICES: [0]
[I 2023-12-16 06:36:15,827] Trial 28 finished with value: 6.8275465965271 and parameters: {'gradient_clip_val': 0.16077632813739742, 'hidden_size': 28, 'dropout': 0.293682256273095, 'hidden_continuous_size': 19, 'attention_head_size': 3, 'learning_rate': 0.0029240792166456797}. Best is trial 6 with value: 4.854780673980713.
LOCAL_RANK: 0 - CUDA_VISIBLE_DEVICES: [0]
[I 2023-12-16 06:37:07,952] Trial 29 finished with value: 9.6437406539917 and parameters: {'gradient_clip_val': 0.2883711766067159, 'hidden_size': 44, 'dropout': 0.2606041080765572, 'hidden_continuous_size': 13, 'attention_head_size': 4, 'learning_rate': 0.010845483241155375}. Best is trial 6 with value: 4.854780673980713.
LOCAL_RANK: 0 - CUDA_VISIBLE_DEVICES: [0]
[I 2023-12-16 06:37:42,540] Trial 30 finished with value: 6.7180328369140625 and parameters: {'gradient_clip_val': 0.1887865143490003, 'hidden_size': 36, 'dropout': 0.30235971694631397, 'hidden_continuous_size': 36, 'attention_head_size': 2, 'learning_rate': 0.005795454188128473}. Best is trial 6 with value: 4.854780673980713.
LOCAL_RANK: 0 - CUDA_VISIBLE_DEVICES: [0]
[I 2023-12-16 06:38:33,149] Trial 31 finished with value: 5.40638542175293 and parameters: {'gradient_clip_val': 0.3146289969752328, 'hidden_size': 30, 'dropout': 0.3429212664722996, 'hidden_continuous_size': 20, 'attention_head_size': 2, 'learning_rate': 0.001384197180664268}. Best is trial 6 with value: 4.854780673980713.
LOCAL_RANK: 0 - CUDA_VISIBLE_DEVICES: [0]
[I 2023-12-16 06:39:21,733] Trial 32 finished with value: 5.9559197425842285 and parameters: {'gradient_clip_val': 0.2349048356560823, 'hidden_size': 26, 'dropout': 0.35391566134319313, 'hidden_continuous_size': 14, 'attention_head_size': 1, 'learning_rate': 0.0011721393551290273}. Best is trial 6 with value: 4.854780673980713.
LOCAL_RANK: 0 - CUDA_VISIBLE_DEVICES: [0]
[I 2023-12-16 06:40:10,393] Trial 33 finished with value: 5.626828670501709 and parameters: {'gradient_clip_val': 0.28684539436236733, 'hidden_size': 21, 'dropout': 0.3312150723126351, 'hidden_continuous_size': 12, 'attention_head_size': 2, 'learning_rate': 0.0008502577715817126}. Best is trial 6 with value: 4.854780673980713.
LOCAL_RANK: 0 - CUDA_VISIBLE_DEVICES: [0]
[I 2023-12-16 06:40:55,976] Trial 34 finished with value: 5.6085028648376465 and parameters: {'gradient_clip_val': 0.35233763983421174, 'hidden_size': 15, 'dropout': 0.39927685623440023, 'hidden_continuous_size': 11, 'attention_head_size': 1, 'learning_rate': 0.0018265361591538155}. Best is trial 6 with value: 4.854780673980713.
LOCAL_RANK: 0 - CUDA_VISIBLE_DEVICES: [0]
[I 2023-12-16 06:41:48,203] Trial 35 finished with value: 6.420619964599609 and parameters: {'gradient_clip_val': 0.20640452529919015, 'hidden_size': 37, 'dropout': 0.37274159183591654, 'hidden_continuous_size': 24, 'attention_head_size': 2, 'learning_rate': 0.0005099468136016863}. Best is trial 6 with value: 4.854780673980713.
LOCAL_RANK: 0 - CUDA_VISIBLE_DEVICES: [0]
[I 2023-12-16 06:42:37,766] Trial 36 finished with value: 6.0625762939453125 and parameters: {'gradient_clip_val': 0.3799706235872478, 'hidden_size': 30, 'dropout': 0.3819836900322364, 'hidden_continuous_size': 15, 'attention_head_size': 3, 'learning_rate': 0.004162038845116794}. Best is trial 6 with value: 4.854780673980713.
LOCAL_RANK: 0 - CUDA_VISIBLE_DEVICES: [0]
[I 2023-12-16 06:43:31,782] Trial 37 finished with value: 12.405678749084473 and parameters: {'gradient_clip_val': 0.2767467305273052, 'hidden_size': 52, 'dropout': 0.3538737269334658, 'hidden_continuous_size': 44, 'attention_head_size': 4, 'learning_rate': 0.03484148002057464}. Best is trial 6 with value: 4.854780673980713.
LOCAL_RANK: 0 - CUDA_VISIBLE_DEVICES: [0]
[I 2023-12-16 06:44:15,947] Trial 38 finished with value: 7.7737202644348145 and parameters: {'gradient_clip_val': 0.41094710910882815, 'hidden_size': 8, 'dropout': 0.3164450133723981, 'hidden_continuous_size': 7, 'attention_head_size': 2, 'learning_rate': 0.002593109943363882}. Best is trial 6 with value: 4.854780673980713.
LOCAL_RANK: 0 - CUDA_VISIBLE_DEVICES: [0]
[I 2023-12-16 06:45:02,223] Trial 39 finished with value: 5.404353618621826 and parameters: {'gradient_clip_val': 0.2133168528384534, 'hidden_size': 11, 'dropout': 0.28221759524745577, 'hidden_continuous_size': 8, 'attention_head_size': 4, 'learning_rate': 0.011383543599674513}. Best is trial 6 with value: 4.854780673980713.
LOCAL_RANK: 0 - CUDA_VISIBLE_DEVICES: [0]
[I 2023-12-16 06:45:49,676] Trial 40 finished with value: 7.676463603973389 and parameters: {'gradient_clip_val': 0.17371201090947386, 'hidden_size': 18, 'dropout': 0.24782099585017872, 'hidden_continuous_size': 10, 'attention_head_size': 2, 'learning_rate': 0.006746464363695771}. Best is trial 6 with value: 4.854780673980713.
LOCAL_RANK: 0 - CUDA_VISIBLE_DEVICES: [0]
[I 2023-12-16 06:46:39,112] Trial 41 finished with value: 4.767998218536377 and parameters: {'gradient_clip_val': 0.18322581270050797, 'hidden_size': 21, 'dropout': 0.3149757310780046, 'hidden_continuous_size': 11, 'attention_head_size': 4, 'learning_rate': 0.002084691364030873}. Best is trial 41 with value: 4.767998218536377.
LOCAL_RANK: 0 - CUDA_VISIBLE_DEVICES: [0]
[I 2023-12-16 06:47:28,482] Trial 42 finished with value: 5.647436141967773 and parameters: {'gradient_clip_val': 0.2271337976663205, 'hidden_size': 22, 'dropout': 0.3245396382677199, 'hidden_continuous_size': 12, 'attention_head_size': 4, 'learning_rate': 0.0024795690647867667}. Best is trial 41 with value: 4.767998218536377.
LOCAL_RANK: 0 - CUDA_VISIBLE_DEVICES: [0]
[I 2023-12-16 06:48:16,984] Trial 43 finished with value: 5.436720371246338 and parameters: {'gradient_clip_val': 0.19092825417178413, 'hidden_size': 24, 'dropout': 0.3045639308370705, 'hidden_continuous_size': 13, 'attention_head_size': 4, 'learning_rate': 0.0017653592762690436}. Best is trial 41 with value: 4.767998218536377.
LOCAL_RANK: 0 - CUDA_VISIBLE_DEVICES: [0]
[I 2023-12-16 06:49:02,895] Trial 44 finished with value: 4.868880271911621 and parameters: {'gradient_clip_val': 0.26040845166809096, 'hidden_size': 16, 'dropout': 0.3333737293088075, 'hidden_continuous_size': 10, 'attention_head_size': 4, 'learning_rate': 0.003444414837077354}. Best is trial 41 with value: 4.767998218536377.
LOCAL_RANK: 0 - CUDA_VISIBLE_DEVICES: [0]
[I 2023-12-16 06:49:49,504] Trial 45 finished with value: 5.058623790740967 and parameters: {'gradient_clip_val': 0.1444485571167549, 'hidden_size': 13, 'dropout': 0.3166222523427977, 'hidden_continuous_size': 10, 'attention_head_size': 4, 'learning_rate': 0.003975358254545457}. Best is trial 41 with value: 4.767998218536377.
LOCAL_RANK: 0 - CUDA_VISIBLE_DEVICES: [0]
[I 2023-12-16 06:50:34,813] Trial 46 finished with value: 5.151308059692383 and parameters: {'gradient_clip_val': 0.18154277075812514, 'hidden_size': 16, 'dropout': 0.3344672588438281, 'hidden_continuous_size': 8, 'attention_head_size': 4, 'learning_rate': 0.002902040335055918}. Best is trial 41 with value: 4.767998218536377.
LOCAL_RANK: 0 - CUDA_VISIBLE_DEVICES: [0]
[I 2023-12-16 06:51:20,812] Trial 47 finished with value: 5.961866855621338 and parameters: {'gradient_clip_val': 0.2452891654992259, 'hidden_size': 10, 'dropout': 0.30124954894393197, 'hidden_continuous_size': 6, 'attention_head_size': 4, 'learning_rate': 0.0047603530705053005}. Best is trial 41 with value: 4.767998218536377.
LOCAL_RANK: 0 - CUDA_VISIBLE_DEVICES: [0]
[I 2023-12-16 06:52:08,536] Trial 48 finished with value: 5.066035270690918 and parameters: {'gradient_clip_val': 0.14998347719664995, 'hidden_size': 20, 'dropout': 0.2798271366654147, 'hidden_continuous_size': 9, 'attention_head_size': 4, 'learning_rate': 0.002199577292246552}. Best is trial 41 with value: 4.767998218536377.
LOCAL_RANK: 0 - CUDA_VISIBLE_DEVICES: [0]
