[I 2023-12-26 18:34:06,315] Trial 49 finished with value: 1.8283804655075073 and parameters: {'gradient_clip_val': 0.4913374716813361, 'hidden_size': 135, 'dropout': 0.2517156281457222, 'hidden_continuous_size': 104, 'attention_head_size': 3, 'learning_rate': 0.07616263362297279}. Best is trial 0 with value: 0.0416049025952816.
[I 2023-12-26 18:34:06,442] A new study created in memory with name: no-name-75408d5a-6b8b-43b8-a6be-f2d0489fdd0a
/home/le004/conda/anaconda3/envs/tsff_env/lib/python3.9/site-packages/lightning/fabric/plugins/environments/slurm.py:191: The `srun` command is available on your system but is not used. HINT: If your intention is to run Lightning on SLURM, prepend your python command with `srun` like so: srun python /home/le004/master_thesis/git/TSFusionForecast/code/ ...
[I 2023-12-26 18:38:14,912] Trial 0 finished with value: 0.03130781650543213 and parameters: {'gradient_clip_val': 0.39484944282701734, 'hidden_size': 7, 'dropout': 0.48705464653126884, 'hidden_continuous_size': 7, 'attention_head_size': 2, 'learning_rate': 0.008092443258607175}. Best is trial 0 with value: 0.03130781650543213.
[I 2023-12-26 18:40:28,505] Trial 1 finished with value: 0.47858262062072754 and parameters: {'gradient_clip_val': 0.13671049654846204, 'hidden_size': 58, 'dropout': 0.43968789025398125, 'hidden_continuous_size': 55, 'attention_head_size': 2, 'learning_rate': 0.0005508892520435552}. Best is trial 0 with value: 0.03130781650543213.
[I 2023-12-26 18:40:31,183] Trial 2 finished with value: 4.048588275909424 and parameters: {'gradient_clip_val': 0.48075283166928856, 'hidden_size': 15, 'dropout': 0.10742190975724362, 'hidden_continuous_size': 13, 'attention_head_size': 1, 'learning_rate': 0.020480823977017167}. Best is trial 0 with value: 0.03130781650543213.
[I 2023-12-26 18:40:34,016] Trial 3 finished with value: 3.3503577709198 and parameters: {'gradient_clip_val': 0.29858864610289826, 'hidden_size': 20, 'dropout': 0.33181356104112747, 'hidden_continuous_size': 10, 'attention_head_size': 2, 'learning_rate': 0.04873817269761824}. Best is trial 0 with value: 0.03130781650543213.
[I 2023-12-26 18:40:37,010] Trial 4 finished with value: 3.9908273220062256 and parameters: {'gradient_clip_val': 0.23631432083988482, 'hidden_size': 24, 'dropout': 0.4278851761675353, 'hidden_continuous_size': 16, 'attention_head_size': 4, 'learning_rate': 0.0015086051437115777}. Best is trial 0 with value: 0.03130781650543213.
[I 2023-12-26 18:40:39,511] Trial 5 finished with value: 4.287734508514404 and parameters: {'gradient_clip_val': 0.7583547795806552, 'hidden_size': 10, 'dropout': 0.4652029383505172, 'hidden_continuous_size': 5, 'attention_head_size': 3, 'learning_rate': 0.056310687660316085}. Best is trial 0 with value: 0.03130781650543213.
[I 2023-12-26 18:40:42,369] Trial 6 finished with value: 3.0788862705230713 and parameters: {'gradient_clip_val': 0.7891500783663068, 'hidden_size': 21, 'dropout': 0.37551131634587387, 'hidden_continuous_size': 7, 'attention_head_size': 4, 'learning_rate': 0.004643164358665944}. Best is trial 0 with value: 0.03130781650543213.
[I 2023-12-26 18:40:44,976] Trial 7 finished with value: 3.6839733123779297 and parameters: {'gradient_clip_val': 0.504732539178145, 'hidden_size': 17, 'dropout': 0.34486265647077297, 'hidden_continuous_size': 6, 'attention_head_size': 2, 'learning_rate': 0.022436934354590852}. Best is trial 0 with value: 0.03130781650543213.
[I 2023-12-26 18:40:47,414] Trial 8 finished with value: 2.247319221496582 and parameters: {'gradient_clip_val': 0.8981764838322176, 'hidden_size': 6, 'dropout': 0.1482871336974917, 'hidden_continuous_size': 5, 'attention_head_size': 3, 'learning_rate': 0.0014749277919822606}. Best is trial 0 with value: 0.03130781650543213.
[I 2023-12-26 18:40:49,616] Trial 9 finished with value: 4.408995151519775 and parameters: {'gradient_clip_val': 0.10779007555679211, 'hidden_size': 5, 'dropout': 0.42036994806098216, 'hidden_continuous_size': 5, 'attention_head_size': 3, 'learning_rate': 0.04758348933809619}. Best is trial 0 with value: 0.03130781650543213.
[I 2023-12-26 18:40:53,860] Trial 10 finished with value: 3.5682058334350586 and parameters: {'gradient_clip_val': 0.19627492007071523, 'hidden_size': 45, 'dropout': 0.4999454610557127, 'hidden_continuous_size': 9, 'attention_head_size': 1, 'learning_rate': 0.007370067202687214}. Best is trial 0 with value: 0.03130781650543213.
[I 2023-12-26 18:41:04,748] Trial 11 finished with value: 3.3383400440216064 and parameters: {'gradient_clip_val': 0.12728434511901274, 'hidden_size': 130, 'dropout': 0.4881365013767325, 'hidden_continuous_size': 42, 'attention_head_size': 2, 'learning_rate': 0.0005364351003838143}. Best is trial 0 with value: 0.03130781650543213.
[I 2023-12-26 18:41:09,987] Trial 12 finished with value: 3.3693020343780518 and parameters: {'gradient_clip_val': 0.14923801970452102, 'hidden_size': 46, 'dropout': 0.26956741739582696, 'hidden_continuous_size': 45, 'attention_head_size': 2, 'learning_rate': 0.00615845821359139}. Best is trial 0 with value: 0.03130781650543213.
[I 2023-12-26 18:41:12,401] Trial 13 finished with value: 4.323809623718262 and parameters: {'gradient_clip_val': 0.17387836012988478, 'hidden_size': 9, 'dropout': 0.418603895004788, 'hidden_continuous_size': 6, 'attention_head_size': 1, 'learning_rate': 0.0005903346658098137}. Best is trial 0 with value: 0.03130781650543213.
[I 2023-12-26 18:41:16,883] Trial 14 finished with value: 3.2861928939819336 and parameters: {'gradient_clip_val': 0.10496233267740046, 'hidden_size': 43, 'dropout': 0.45283504690075005, 'hidden_continuous_size': 28, 'attention_head_size': 2, 'learning_rate': 0.0032958157251129524}. Best is trial 0 with value: 0.03130781650543213.
[I 2023-12-26 18:41:24,744] Trial 15 finished with value: 3.6741931438446045 and parameters: {'gradient_clip_val': 0.2573736415060359, 'hidden_size': 88, 'dropout': 0.390148399066337, 'hidden_continuous_size': 60, 'attention_head_size': 3, 'learning_rate': 0.011449156842250488}. Best is trial 0 with value: 0.03130781650543213.
[I 2023-12-26 18:41:27,232] Trial 16 finished with value: 2.844026803970337 and parameters: {'gradient_clip_val': 0.3689617766096957, 'hidden_size': 11, 'dropout': 0.4946497232406944, 'hidden_continuous_size': 7, 'attention_head_size': 1, 'learning_rate': 0.002958530754098806}. Best is trial 0 with value: 0.03130781650543213.
[I 2023-12-26 18:41:30,786] Trial 17 finished with value: 4.597896575927734 and parameters: {'gradient_clip_val': 0.17075377358807775, 'hidden_size': 34, 'dropout': 0.4507483390028672, 'hidden_continuous_size': 16, 'attention_head_size': 2, 'learning_rate': 0.09946501640929503}. Best is trial 0 with value: 0.03130781650543213.
[I 2023-12-26 18:41:37,141] Trial 18 finished with value: 3.2179958820343018 and parameters: {'gradient_clip_val': 0.38666708868294614, 'hidden_size': 70, 'dropout': 0.29791807789554003, 'hidden_continuous_size': 25, 'attention_head_size': 3, 'learning_rate': 0.0014844187542881492}. Best is trial 0 with value: 0.03130781650543213.
[I 2023-12-26 18:41:40,509] Trial 19 finished with value: 4.419710159301758 and parameters: {'gradient_clip_val': 0.22018745775154533, 'hidden_size': 29, 'dropout': 0.3890180242221789, 'hidden_continuous_size': 9, 'attention_head_size': 1, 'learning_rate': 0.002444280058017767}. Best is trial 0 with value: 0.03130781650543213.
[I 2023-12-26 18:41:42,890] Trial 20 finished with value: 3.5520260334014893 and parameters: {'gradient_clip_val': 0.14238417423669128, 'hidden_size': 6, 'dropout': 0.4559435584606017, 'hidden_continuous_size': 5, 'attention_head_size': 2, 'learning_rate': 0.010643262831162507}. Best is trial 0 with value: 0.03130781650543213.
[I 2023-12-26 18:41:45,294] Trial 21 finished with value: 3.142714738845825 and parameters: {'gradient_clip_val': 0.597438771875443, 'hidden_size': 6, 'dropout': 0.19357830245647378, 'hidden_continuous_size': 5, 'attention_head_size': 3, 'learning_rate': 0.0008919651428933185}. Best is trial 0 with value: 0.03130781650543213.
[I 2023-12-26 18:41:47,632] Trial 22 finished with value: 3.381777763366699 and parameters: {'gradient_clip_val': 0.946523129894628, 'hidden_size': 8, 'dropout': 0.2592453798131952, 'hidden_continuous_size': 5, 'attention_head_size': 4, 'learning_rate': 0.0009075430793793958}. Best is trial 0 with value: 0.03130781650543213.
[I 2023-12-26 18:41:49,788] Trial 23 finished with value: 3.7328760623931885 and parameters: {'gradient_clip_val': 0.3659309047243784, 'hidden_size': 5, 'dropout': 0.197833253138504, 'hidden_continuous_size': 5, 'attention_head_size': 3, 'learning_rate': 0.001590132183537985}. Best is trial 0 with value: 0.03130781650543213.
[I 2023-12-26 18:41:52,836] Trial 24 finished with value: 3.753183364868164 and parameters: {'gradient_clip_val': 0.2757572975480882, 'hidden_size': 13, 'dropout': 0.3542667836861739, 'hidden_continuous_size': 6, 'attention_head_size': 2, 'learning_rate': 0.0009458376068465482}. Best is trial 0 with value: 0.03130781650543213.
[I 2023-12-26 18:41:55,256] Trial 25 finished with value: 3.673224449157715 and parameters: {'gradient_clip_val': 0.31810523456703654, 'hidden_size': 7, 'dropout': 0.4079549983019061, 'hidden_continuous_size': 5, 'attention_head_size': 3, 'learning_rate': 0.0005514283246601672}. Best is trial 0 with value: 0.03130781650543213.
[I 2023-12-26 18:41:57,849] Trial 26 finished with value: 2.9613234996795654 and parameters: {'gradient_clip_val': 0.22046601370734586, 'hidden_size': 11, 'dropout': 0.4689548817850667, 'hidden_continuous_size': 6, 'attention_head_size': 2, 'learning_rate': 0.002207538318223826}. Best is trial 0 with value: 0.03130781650543213.
[I 2023-12-26 18:42:00,202] Trial 27 finished with value: 1.8905014991760254 and parameters: {'gradient_clip_val': 0.9980625416247882, 'hidden_size': 8, 'dropout': 0.43236790724210394, 'hidden_continuous_size': 6, 'attention_head_size': 3, 'learning_rate': 0.0012026910346330606}. Best is trial 0 with value: 0.03130781650543213.
[I 2023-12-26 18:42:02,682] Trial 28 finished with value: 4.52301025390625 and parameters: {'gradient_clip_val': 0.6302584027357855, 'hidden_size': 8, 'dropout': 0.4386346036639055, 'hidden_continuous_size': 6, 'attention_head_size': 4, 'learning_rate': 0.0038751168217762166}. Best is trial 0 with value: 0.03130781650543213.
[I 2023-12-26 18:42:05,361] Trial 29 finished with value: 3.9324824810028076 and parameters: {'gradient_clip_val': 0.4754611756058102, 'hidden_size': 15, 'dropout': 0.40822030514878793, 'hidden_continuous_size': 7, 'attention_head_size': 1, 'learning_rate': 0.0022054782403317518}. Best is trial 0 with value: 0.03130781650543213.
[I 2023-12-26 18:42:07,991] Trial 30 finished with value: 2.9634294509887695 and parameters: {'gradient_clip_val': 0.9883060778223012, 'hidden_size': 13, 'dropout': 0.47932296626988635, 'hidden_continuous_size': 8, 'attention_head_size': 2, 'learning_rate': 0.0007801294568244096}. Best is trial 0 with value: 0.03130781650543213.
[I 2023-12-26 18:42:10,486] Trial 31 finished with value: 3.8803908824920654 and parameters: {'gradient_clip_val': 0.857257815644341, 'hidden_size': 7, 'dropout': 0.144107605558088, 'hidden_continuous_size': 5, 'attention_head_size': 3, 'learning_rate': 0.0012063572343921042}. Best is trial 0 with value: 0.03130781650543213.
[I 2023-12-26 18:42:12,688] Trial 32 finished with value: 2.771855354309082 and parameters: {'gradient_clip_val': 0.6857301402923742, 'hidden_size': 5, 'dropout': 0.4350581157434529, 'hidden_continuous_size': 5, 'attention_head_size': 3, 'learning_rate': 0.0012397214293628498}. Best is trial 0 with value: 0.03130781650543213.
[I 2023-12-26 18:42:15,155] Trial 33 finished with value: 3.752863645553589 and parameters: {'gradient_clip_val': 0.870957089801226, 'hidden_size': 9, 'dropout': 0.10505567476897429, 'hidden_continuous_size': 6, 'attention_head_size': 3, 'learning_rate': 0.0005023821478930831}. Best is trial 0 with value: 0.03130781650543213.
[I 2023-12-26 18:42:17,981] Trial 34 finished with value: 2.8246021270751953 and parameters: {'gradient_clip_val': 0.7157173924119613, 'hidden_size': 18, 'dropout': 0.46650918897646315, 'hidden_continuous_size': 10, 'attention_head_size': 4, 'learning_rate': 0.0018614302768248372}. Best is trial 0 with value: 0.03130781650543213.
[I 2023-12-26 18:42:20,958] Trial 35 finished with value: 3.602524757385254 and parameters: {'gradient_clip_val': 0.8208446552850777, 'hidden_size': 22, 'dropout': 0.3653342538374148, 'hidden_continuous_size': 12, 'attention_head_size': 3, 'learning_rate': 0.0012915410396379327}. Best is trial 0 with value: 0.03130781650543213.
[I 2023-12-26 18:42:23,672] Trial 36 finished with value: 3.816298484802246 and parameters: {'gradient_clip_val': 0.7453957086606829, 'hidden_size': 6, 'dropout': 0.34041220400357564, 'hidden_continuous_size': 5, 'attention_head_size': 2, 'learning_rate': 0.0006707353099645827}. Best is trial 0 with value: 0.03130781650543213.
[I 2023-12-26 18:42:26,280] Trial 37 finished with value: 4.132396697998047 and parameters: {'gradient_clip_val': 0.9786592896175006, 'hidden_size': 11, 'dropout': 0.44253318253444357, 'hidden_continuous_size': 7, 'attention_head_size': 2, 'learning_rate': 0.0007271112432909637}. Best is trial 0 with value: 0.03130781650543213.
[I 2023-12-26 18:42:28,683] Trial 38 finished with value: 3.5683181285858154 and parameters: {'gradient_clip_val': 0.5282392492964701, 'hidden_size': 7, 'dropout': 0.3229638873430903, 'hidden_continuous_size': 6, 'attention_head_size': 3, 'learning_rate': 0.0011785931125668017}. Best is trial 0 with value: 0.03130781650543213.
[I 2023-12-26 18:42:31,403] Trial 39 finished with value: 3.076184034347534 and parameters: {'gradient_clip_val': 0.4450113193123255, 'hidden_size': 18, 'dropout': 0.49907744967653256, 'hidden_continuous_size': 8, 'attention_head_size': 2, 'learning_rate': 0.004076822263770856}. Best is trial 0 with value: 0.03130781650543213.
[I 2023-12-26 18:42:34,643] Trial 40 finished with value: 3.497012138366699 and parameters: {'gradient_clip_val': 0.5489955494100666, 'hidden_size': 26, 'dropout': 0.4770877384157094, 'hidden_continuous_size': 14, 'attention_head_size': 4, 'learning_rate': 0.001922968277632849}. Best is trial 0 with value: 0.03130781650543213.
[I 2023-12-26 18:42:36,853] Trial 41 finished with value: 3.4294469356536865 and parameters: {'gradient_clip_val': 0.6928774960398998, 'hidden_size': 5, 'dropout': 0.4298962489403604, 'hidden_continuous_size': 5, 'attention_head_size': 3, 'learning_rate': 0.001146236827580704}. Best is trial 0 with value: 0.03130781650543213.
[I 2023-12-26 18:42:39,072] Trial 42 finished with value: 3.870218276977539 and parameters: {'gradient_clip_val': 0.6685699681851733, 'hidden_size': 5, 'dropout': 0.43396796733129256, 'hidden_continuous_size': 5, 'attention_head_size': 3, 'learning_rate': 0.000683405565955779}. Best is trial 0 with value: 0.03130781650543213.
[I 2023-12-26 18:42:41,463] Trial 43 finished with value: 3.4415624141693115 and parameters: {'gradient_clip_val': 0.7703333455079322, 'hidden_size': 6, 'dropout': 0.385984189275786, 'hidden_continuous_size': 5, 'attention_head_size': 3, 'learning_rate': 0.0010027816989970992}. Best is trial 0 with value: 0.03130781650543213.
[I 2023-12-26 18:42:43,998] Trial 44 finished with value: 2.4434263706207275 and parameters: {'gradient_clip_val': 0.5929043542693141, 'hidden_size': 9, 'dropout': 0.41389435865858953, 'hidden_continuous_size': 6, 'attention_head_size': 3, 'learning_rate': 0.0015806463190714964}. Best is trial 0 with value: 0.03130781650543213.
[I 2023-12-26 18:42:46,478] Trial 45 finished with value: 3.6654350757598877 and parameters: {'gradient_clip_val': 0.5919577260105159, 'hidden_size': 9, 'dropout': 0.41261497944855224, 'hidden_continuous_size': 6, 'attention_head_size': 2, 'learning_rate': 0.0016363412130442}. Best is trial 0 with value: 0.03130781650543213.
[I 2023-12-26 18:42:49,032] Trial 46 finished with value: 3.3706910610198975 and parameters: {'gradient_clip_val': 0.8772344411642368, 'hidden_size': 10, 'dropout': 0.45981532208563963, 'hidden_continuous_size': 7, 'attention_head_size': 3, 'learning_rate': 0.0026930572303242315}. Best is trial 0 with value: 0.03130781650543213.
[I 2023-12-26 18:42:51,452] Trial 47 finished with value: 3.0050671100616455 and parameters: {'gradient_clip_val': 0.7754385094398311, 'hidden_size': 8, 'dropout': 0.48047986859061836, 'hidden_continuous_size': 6, 'attention_head_size': 2, 'learning_rate': 0.005634406105368418}. Best is trial 0 with value: 0.03130781650543213.
[I 2023-12-26 18:42:54,464] Trial 48 finished with value: 4.351415634155273 and parameters: {'gradient_clip_val': 0.10054666037962191, 'hidden_size': 13, 'dropout': 0.377208514714023, 'hidden_continuous_size': 8, 'attention_head_size': 3, 'learning_rate': 0.0028774241270487872}. Best is trial 0 with value: 0.03130781650543213.
[I 2023-12-26 18:42:57,249] Trial 49 finished with value: 3.951730489730835 and parameters: {'gradient_clip_val': 0.5496362705134998, 'hidden_size': 15, 'dropout': 0.39549009660306605, 'hidden_continuous_size': 11, 'attention_head_size': 2, 'learning_rate': 0.0007972389264329944}. Best is trial 0 with value: 0.03130781650543213.
