[I 2023-12-26 15:57:50,145] Trial 31 finished with value: 55.494873046875 and parameters: {'gradient_clip_val': 0.15865202953400584, 'hidden_size': 48, 'dropout': 0.1456774836253489, 'hidden_continuous_size': 15, 'attention_head_size': 4, 'learning_rate': 0.004935916065164128}. Best is trial 0 with value: 15.442757606506348.
[I 2023-12-26 15:57:56,158] Trial 32 finished with value: 86.1170425415039 and parameters: {'gradient_clip_val': 0.12537038175486342, 'hidden_size': 67, 'dropout': 0.15649992892201992, 'hidden_continuous_size': 18, 'attention_head_size': 4, 'learning_rate': 0.0014218032544581392}. Best is trial 0 with value: 15.442757606506348.
[I 2023-12-26 15:57:59,414] Trial 33 finished with value: 61.20042037963867 and parameters: {'gradient_clip_val': 0.10971807666427741, 'hidden_size': 27, 'dropout': 0.10065418668034143, 'hidden_continuous_size': 12, 'attention_head_size': 4, 'learning_rate': 0.010720115358627724}. Best is trial 0 with value: 15.442757606506348.
[I 2023-12-26 15:58:03,050] Trial 34 finished with value: 60.36929702758789 and parameters: {'gradient_clip_val': 0.11685639877285782, 'hidden_size': 38, 'dropout': 0.22401698089955113, 'hidden_continuous_size': 6, 'attention_head_size': 3, 'learning_rate': 0.022700293700553046}. Best is trial 0 with value: 15.442757606506348.
[I 2023-12-26 15:58:07,497] Trial 35 finished with value: 45.01762771606445 and parameters: {'gradient_clip_val': 0.13921570347771298, 'hidden_size': 47, 'dropout': 0.24388707724842523, 'hidden_continuous_size': 13, 'attention_head_size': 4, 'learning_rate': 0.002841191701478439}. Best is trial 0 with value: 15.442757606506348.
[I 2023-12-26 15:58:10,873] Trial 36 finished with value: 76.8699722290039 and parameters: {'gradient_clip_val': 0.12160333818477398, 'hidden_size': 30, 'dropout': 0.13509877105109705, 'hidden_continuous_size': 10, 'attention_head_size': 3, 'learning_rate': 0.005549997118460669}. Best is trial 0 with value: 15.442757606506348.
[I 2023-12-26 15:58:13,752] Trial 37 finished with value: 47.91990280151367 and parameters: {'gradient_clip_val': 0.16109086287916025, 'hidden_size': 22, 'dropout': 0.16190335628159885, 'hidden_continuous_size': 8, 'attention_head_size': 4, 'learning_rate': 0.0007697533286770328}. Best is trial 0 with value: 15.442757606506348.
[I 2023-12-26 15:58:16,429] Trial 38 finished with value: 59.058624267578125 and parameters: {'gradient_clip_val': 0.21792921040620203, 'hidden_size': 19, 'dropout': 0.20216870844495505, 'hidden_continuous_size': 8, 'attention_head_size': 2, 'learning_rate': 0.017879447776857134}. Best is trial 0 with value: 15.442757606506348.
[I 2023-12-26 15:58:19,018] Trial 39 finished with value: 63.93489074707031 and parameters: {'gradient_clip_val': 0.13265565071058996, 'hidden_size': 10, 'dropout': 0.12301079061540754, 'hidden_continuous_size': 6, 'attention_head_size': 3, 'learning_rate': 0.009133321710988584}. Best is trial 0 with value: 15.442757606506348.
[I 2023-12-26 15:58:22,364] Trial 40 finished with value: 61.316654205322266 and parameters: {'gradient_clip_val': 0.11296553611141878, 'hidden_size': 29, 'dropout': 0.17274866114602802, 'hidden_continuous_size': 14, 'attention_head_size': 3, 'learning_rate': 0.0006846963925955005}. Best is trial 0 with value: 15.442757606506348.
[I 2023-12-26 15:58:28,058] Trial 41 finished with value: 62.73219680786133 and parameters: {'gradient_clip_val': 0.1771300716357988, 'hidden_size': 58, 'dropout': 0.3449639281722898, 'hidden_continuous_size': 22, 'attention_head_size': 4, 'learning_rate': 0.0015711919345687045}. Best is trial 0 with value: 15.442757606506348.
[I 2023-12-26 15:58:33,694] Trial 42 finished with value: 87.86648559570312 and parameters: {'gradient_clip_val': 0.13967203116983634, 'hidden_size': 66, 'dropout': 0.30984017393793223, 'hidden_continuous_size': 16, 'attention_head_size': 4, 'learning_rate': 0.0009552696751850484}. Best is trial 0 with value: 15.442757606506348.
[I 2023-12-26 15:58:42,088] Trial 43 finished with value: 62.4808349609375 and parameters: {'gradient_clip_val': 0.10040304189607982, 'hidden_size': 99, 'dropout': 0.27917434929629464, 'hidden_continuous_size': 23, 'attention_head_size': 4, 'learning_rate': 0.0011027193801401288}. Best is trial 0 with value: 15.442757606506348.
[I 2023-12-26 15:58:46,888] Trial 44 finished with value: 40.483253479003906 and parameters: {'gradient_clip_val': 0.11270328451781719, 'hidden_size': 53, 'dropout': 0.3441925143711891, 'hidden_continuous_size': 14, 'attention_head_size': 4, 'learning_rate': 0.005889933567457891}. Best is trial 0 with value: 15.442757606506348.
[I 2023-12-26 15:58:53,171] Trial 45 finished with value: 47.45191955566406 and parameters: {'gradient_clip_val': 0.17139611353208828, 'hidden_size': 73, 'dropout': 0.24169716063131688, 'hidden_continuous_size': 5, 'attention_head_size': 4, 'learning_rate': 0.00207714658909337}. Best is trial 0 with value: 15.442757606506348.
[I 2023-12-26 15:58:58,336] Trial 46 finished with value: 38.05922317504883 and parameters: {'gradient_clip_val': 0.20436751253200733, 'hidden_size': 58, 'dropout': 0.13967610287021145, 'hidden_continuous_size': 19, 'attention_head_size': 1, 'learning_rate': 0.003790941516578726}. Best is trial 0 with value: 15.442757606506348.
[I 2023-12-26 15:59:02,996] Trial 47 finished with value: 58.67707824707031 and parameters: {'gradient_clip_val': 0.1330466230229383, 'hidden_size': 56, 'dropout': 0.14115056198541298, 'hidden_continuous_size': 19, 'attention_head_size': 1, 'learning_rate': 0.0039757788974514085}. Best is trial 0 with value: 15.442757606506348.
[I 2023-12-26 15:59:06,973] Trial 48 finished with value: 31.7414608001709 and parameters: {'gradient_clip_val': 0.20228186062930367, 'hidden_size': 43, 'dropout': 0.12618916674145317, 'hidden_continuous_size': 16, 'attention_head_size': 1, 'learning_rate': 0.005888624876620674}. Best is trial 0 with value: 15.442757606506348.
[I 2023-12-26 15:59:10,480] Trial 49 finished with value: 31.838205337524414 and parameters: {'gradient_clip_val': 0.20694204364719, 'hidden_size': 35, 'dropout': 0.10097419436904576, 'hidden_continuous_size': 17, 'attention_head_size': 1, 'learning_rate': 0.005917779702365868}. Best is trial 0 with value: 15.442757606506348.
[I 2023-12-26 15:59:10,618] A new study created in memory with name: no-name-2a1df097-6275-4a45-977b-91a398aaaf2d
/home/le004/conda/anaconda3/envs/tsff_env/lib/python3.9/site-packages/lightning/fabric/plugins/environments/slurm.py:191: The `srun` command is available on your system but is not used. HINT: If your intention is to run Lightning on SLURM, prepend your python command with `srun` like so: srun python /home/le004/master_thesis/git/TSFusionForecast/code/ ...
[I 2023-12-26 16:04:55,154] Trial 0 finished with value: 547.9058837890625 and parameters: {'gradient_clip_val': 0.2959576129307461, 'hidden_size': 12, 'dropout': 0.2831982285839436, 'hidden_continuous_size': 5, 'attention_head_size': 3, 'learning_rate': 0.00339909541900548}. Best is trial 0 with value: 547.9058837890625.
[I 2023-12-26 16:10:07,741] Trial 1 finished with value: 569.9935913085938 and parameters: {'gradient_clip_val': 0.9892760245646872, 'hidden_size': 140, 'dropout': 0.18968264190405526, 'hidden_continuous_size': 6, 'attention_head_size': 3, 'learning_rate': 0.0016881543672141346}. Best is trial 0 with value: 547.9058837890625.
[I 2023-12-26 16:10:09,858] Trial 2 finished with value: 5688.20263671875 and parameters: {'gradient_clip_val': 0.21244776887984979, 'hidden_size': 15, 'dropout': 0.26204321229679817, 'hidden_continuous_size': 10, 'attention_head_size': 2, 'learning_rate': 0.010749099878621866}. Best is trial 0 with value: 547.9058837890625.
[I 2023-12-26 16:10:11,799] Trial 3 finished with value: 7826.91357421875 and parameters: {'gradient_clip_val': 0.9425454790417492, 'hidden_size': 7, 'dropout': 0.30636610016612853, 'hidden_continuous_size': 5, 'attention_head_size': 4, 'learning_rate': 0.007689332411051856}. Best is trial 0 with value: 547.9058837890625.
[I 2023-12-26 16:10:13,542] Trial 4 finished with value: 6102.701171875 and parameters: {'gradient_clip_val': 0.11664587845289492, 'hidden_size': 5, 'dropout': 0.4391902428329848, 'hidden_continuous_size': 5, 'attention_head_size': 3, 'learning_rate': 0.024297394107827715}. Best is trial 0 with value: 547.9058837890625.
[I 2023-12-26 16:10:17,436] Trial 5 finished with value: 6809.32421875 and parameters: {'gradient_clip_val': 0.5970210291334368, 'hidden_size': 68, 'dropout': 0.2034554453493962, 'hidden_continuous_size': 13, 'attention_head_size': 2, 'learning_rate': 0.0662146584999361}. Best is trial 0 with value: 547.9058837890625.
[I 2023-12-26 16:10:19,488] Trial 6 finished with value: 5478.53369140625 and parameters: {'gradient_clip_val': 0.1349448077103087, 'hidden_size': 11, 'dropout': 0.39137688637870005, 'hidden_continuous_size': 8, 'attention_head_size': 4, 'learning_rate': 0.006362386434309951}. Best is trial 0 with value: 547.9058837890625.
[I 2023-12-26 16:10:21,397] Trial 7 finished with value: 5137.13818359375 and parameters: {'gradient_clip_val': 0.12317964123249872, 'hidden_size': 7, 'dropout': 0.13848219854285274, 'hidden_continuous_size': 5, 'attention_head_size': 2, 'learning_rate': 0.00702626468652858}. Best is trial 0 with value: 547.9058837890625.
[I 2023-12-26 16:10:23,243] Trial 8 finished with value: 4780.3115234375 and parameters: {'gradient_clip_val': 0.1679149104486514, 'hidden_size': 8, 'dropout': 0.257999457604002, 'hidden_continuous_size': 7, 'attention_head_size': 2, 'learning_rate': 0.012695717403577582}. Best is trial 0 with value: 547.9058837890625.
[I 2023-12-26 16:10:25,304] Trial 9 finished with value: 5844.90771484375 and parameters: {'gradient_clip_val': 0.10515940482455492, 'hidden_size': 11, 'dropout': 0.3577959766329665, 'hidden_continuous_size': 10, 'attention_head_size': 3, 'learning_rate': 0.0730819596937142}. Best is trial 0 with value: 547.9058837890625.
[I 2023-12-26 16:10:27,913] Trial 10 finished with value: 6282.66943359375 and parameters: {'gradient_clip_val': 0.31910928698923513, 'hidden_size': 25, 'dropout': 0.48616929571771006, 'hidden_continuous_size': 21, 'attention_head_size': 1, 'learning_rate': 0.0006183728856286803}. Best is trial 0 with value: 547.9058837890625.
[I 2023-12-26 16:10:36,845] Trial 11 finished with value: 5618.28125 and parameters: {'gradient_clip_val': 0.36014639023979944, 'hidden_size': 144, 'dropout': 0.1238335876531208, 'hidden_continuous_size': 57, 'attention_head_size': 3, 'learning_rate': 0.0019896732125340945}. Best is trial 0 with value: 547.9058837890625.
[I 2023-12-26 16:10:39,495] Trial 12 finished with value: 6977.02978515625 and parameters: {'gradient_clip_val': 0.45953329506692386, 'hidden_size': 37, 'dropout': 0.194168063498694, 'hidden_continuous_size': 6, 'attention_head_size': 4, 'learning_rate': 0.0022903093344982125}. Best is trial 0 with value: 547.9058837890625.
[I 2023-12-26 16:10:46,075] Trial 13 finished with value: 5829.07470703125 and parameters: {'gradient_clip_val': 0.23753839536321797, 'hidden_size': 112, 'dropout': 0.324784334913016, 'hidden_continuous_size': 15, 'attention_head_size': 3, 'learning_rate': 0.0021424150297692617}. Best is trial 0 with value: 547.9058837890625.
[I 2023-12-26 16:10:49,250] Trial 14 finished with value: 6387.76611328125 and parameters: {'gradient_clip_val': 0.8552637677065422, 'hidden_size': 53, 'dropout': 0.23640356048951924, 'hidden_continuous_size': 7, 'attention_head_size': 1, 'learning_rate': 0.0007881030758592756}. Best is trial 0 with value: 547.9058837890625.
[I 2023-12-26 16:10:51,505] Trial 15 finished with value: 6934.69287109375 and parameters: {'gradient_clip_val': 0.6524076835146206, 'hidden_size': 22, 'dropout': 0.17483539525984082, 'hidden_continuous_size': 6, 'attention_head_size': 3, 'learning_rate': 0.003362883830353816}. Best is trial 0 with value: 547.9058837890625.
[I 2023-12-26 16:10:56,522] Trial 16 finished with value: 7304.84326171875 and parameters: {'gradient_clip_val': 0.44103977113623577, 'hidden_size': 84, 'dropout': 0.27020554323587004, 'hidden_continuous_size': 23, 'attention_head_size': 4, 'learning_rate': 0.001212328325467926}. Best is trial 0 with value: 547.9058837890625.
[I 2023-12-26 16:10:59,168] Trial 17 finished with value: 4923.44921875 and parameters: {'gradient_clip_val': 0.2573592285153147, 'hidden_size': 40, 'dropout': 0.10878079616953376, 'hidden_continuous_size': 5, 'attention_head_size': 3, 'learning_rate': 0.0005265886630122102}. Best is trial 0 with value: 547.9058837890625.
[I 2023-12-26 16:11:07,774] Trial 18 finished with value: 6435.31298828125 and parameters: {'gradient_clip_val': 0.9865171929686825, 'hidden_size': 144, 'dropout': 0.16037745564675232, 'hidden_continuous_size': 34, 'attention_head_size': 2, 'learning_rate': 0.003949101114275582}. Best is trial 0 with value: 547.9058837890625.
[I 2023-12-26 16:11:09,881] Trial 19 finished with value: 5572.09521484375 and parameters: {'gradient_clip_val': 0.289021460293841, 'hidden_size': 17, 'dropout': 0.22139197583807357, 'hidden_continuous_size': 6, 'attention_head_size': 4, 'learning_rate': 0.001264014939266288}. Best is trial 0 with value: 547.9058837890625.
[I 2023-12-26 16:11:12,239] Trial 20 finished with value: 5161.86376953125 and parameters: {'gradient_clip_val': 0.394218801374948, 'hidden_size': 32, 'dropout': 0.2850404013621168, 'hidden_continuous_size': 9, 'attention_head_size': 3, 'learning_rate': 0.0010813585457423208}. Best is trial 0 with value: 547.9058837890625.
[I 2023-12-26 16:11:15,513] Trial 21 finished with value: 5494.48046875 and parameters: {'gradient_clip_val': 0.19539507771598982, 'hidden_size': 54, 'dropout': 0.23884253539018466, 'hidden_continuous_size': 7, 'attention_head_size': 2, 'learning_rate': 0.016087578767257808}. Best is trial 0 with value: 547.9058837890625.
[I 2023-12-26 16:11:17,870] Trial 22 finished with value: 7546.8359375 and parameters: {'gradient_clip_val': 0.16560521053891702, 'hidden_size': 20, 'dropout': 0.2552877592918755, 'hidden_continuous_size': 6, 'attention_head_size': 1, 'learning_rate': 0.003699164634223728}. Best is trial 0 with value: 547.9058837890625.
[I 2023-12-26 16:11:20,345] Trial 23 finished with value: 7277.52099609375 and parameters: {'gradient_clip_val': 0.2839334363126549, 'hidden_size': 29, 'dropout': 0.21278622308838271, 'hidden_continuous_size': 8, 'attention_head_size': 2, 'learning_rate': 0.004728610821600202}. Best is trial 0 with value: 547.9058837890625.
[I 2023-12-26 16:11:22,451] Trial 24 finished with value: 5646.55078125 and parameters: {'gradient_clip_val': 0.16786126161581838, 'hidden_size': 13, 'dropout': 0.30486060287639255, 'hidden_continuous_size': 6, 'attention_head_size': 3, 'learning_rate': 0.002646814215500753}. Best is trial 0 with value: 547.9058837890625.
[I 2023-12-26 16:11:24,443] Trial 25 finished with value: 7432.58935546875 and parameters: {'gradient_clip_val': 0.3308352887313205, 'hidden_size': 9, 'dropout': 0.16207775404538208, 'hidden_continuous_size': 5, 'attention_head_size': 2, 'learning_rate': 0.0016586836715359588}. Best is trial 0 with value: 547.9058837890625.
[I 2023-12-26 16:11:26,394] Trial 26 finished with value: 8398.2099609375 and parameters: {'gradient_clip_val': 0.24113233829830424, 'hidden_size': 16, 'dropout': 0.24147553165874228, 'hidden_continuous_size': 7, 'attention_head_size': 3, 'learning_rate': 0.00534403850713117}. Best is trial 0 with value: 547.9058837890625.
[I 2023-12-26 16:11:28,719] Trial 27 finished with value: 6402.57666015625 and parameters: {'gradient_clip_val': 0.4887178769291062, 'hidden_size': 25, 'dropout': 0.2847378235916129, 'hidden_continuous_size': 8, 'attention_head_size': 2, 'learning_rate': 0.003219684714332866}. Best is trial 0 with value: 547.9058837890625.
[I 2023-12-26 16:11:30,461] Trial 28 finished with value: 5896.4140625 and parameters: {'gradient_clip_val': 0.36392997084268663, 'hidden_size': 5, 'dropout': 0.19800717475566298, 'hidden_continuous_size': 5, 'attention_head_size': 1, 'learning_rate': 0.011103205786866684}. Best is trial 0 with value: 547.9058837890625.
[I 2023-12-26 16:11:32,638] Trial 29 finished with value: 5737.98583984375 and parameters: {'gradient_clip_val': 0.2120566758370332, 'hidden_size': 15, 'dropout': 0.2575732666032941, 'hidden_continuous_size': 7, 'attention_head_size': 3, 'learning_rate': 0.0016121871594298176}. Best is trial 0 with value: 547.9058837890625.
[I 2023-12-26 16:11:34,805] Trial 30 finished with value: 7507.19384765625 and parameters: {'gradient_clip_val': 0.7603873743587483, 'hidden_size': 20, 'dropout': 0.33054619698106547, 'hidden_continuous_size': 6, 'attention_head_size': 2, 'learning_rate': 0.009602447996741231}. Best is trial 0 with value: 547.9058837890625.
[I 2023-12-26 16:11:37,522] Trial 31 finished with value: 5819.48779296875 and parameters: {'gradient_clip_val': 0.24687531325259054, 'hidden_size': 39, 'dropout': 0.10376330451822685, 'hidden_continuous_size': 5, 'attention_head_size': 3, 'learning_rate': 0.0005296231050679304}. Best is trial 0 with value: 547.9058837890625.
[I 2023-12-26 16:11:42,890] Trial 32 finished with value: 5873.36181640625 and parameters: {'gradient_clip_val': 0.27700673423503797, 'hidden_size': 90, 'dropout': 0.10746441628687553, 'hidden_continuous_size': 11, 'attention_head_size': 3, 'learning_rate': 0.000816829488332178}. Best is trial 0 with value: 547.9058837890625.
[I 2023-12-26 16:11:44,864] Trial 33 finished with value: 8928.8623046875 and parameters: {'gradient_clip_val': 0.19782871683378572, 'hidden_size': 7, 'dropout': 0.14750623228182985, 'hidden_continuous_size': 5, 'attention_head_size': 3, 'learning_rate': 0.0005314029016216656}. Best is trial 0 with value: 547.9058837890625.
[I 2023-12-26 16:11:48,019] Trial 34 finished with value: 5147.00634765625 and parameters: {'gradient_clip_val': 0.5582896492525079, 'hidden_size': 43, 'dropout': 0.17141661295936686, 'hidden_continuous_size': 5, 'attention_head_size': 4, 'learning_rate': 0.0008394968188314872}. Best is trial 0 with value: 547.9058837890625.
[I 2023-12-26 16:11:51,838] Trial 35 finished with value: 5326.12890625 and parameters: {'gradient_clip_val': 0.4162931602837783, 'hidden_size': 65, 'dropout': 0.13084667519829188, 'hidden_continuous_size': 11, 'attention_head_size': 3, 'learning_rate': 0.002914841484780693}. Best is trial 0 with value: 547.9058837890625.
[I 2023-12-26 16:11:53,844] Trial 36 finished with value: 6715.12646484375 and parameters: {'gradient_clip_val': 0.5170112811311344, 'hidden_size': 9, 'dropout': 0.18040436878152322, 'hidden_continuous_size': 5, 'attention_head_size': 2, 'learning_rate': 0.0053335161996357905}. Best is trial 0 with value: 547.9058837890625.
[I 2023-12-26 16:11:55,985] Trial 37 finished with value: 7128.29248046875 and parameters: {'gradient_clip_val': 0.6114010160824903, 'hidden_size': 13, 'dropout': 0.2206994533816476, 'hidden_continuous_size': 6, 'attention_head_size': 4, 'learning_rate': 0.0015077111840446384}. Best is trial 0 with value: 547.9058837890625.
[I 2023-12-26 16:11:58,441] Trial 38 finished with value: 7342.51904296875 and parameters: {'gradient_clip_val': 0.6770543975535163, 'hidden_size': 29, 'dropout': 0.14722321752908435, 'hidden_continuous_size': 8, 'attention_head_size': 3, 'learning_rate': 0.031515777680734026}. Best is trial 0 with value: 547.9058837890625.
[I 2023-12-26 16:12:05,399] Trial 39 finished with value: 6335.58984375 and parameters: {'gradient_clip_val': 0.14120566739561752, 'hidden_size': 116, 'dropout': 0.19011794334926224, 'hidden_continuous_size': 10, 'attention_head_size': 3, 'learning_rate': 0.007194520429015716}. Best is trial 0 with value: 547.9058837890625.
[I 2023-12-26 16:12:08,286] Trial 40 finished with value: 5309.97607421875 and parameters: {'gradient_clip_val': 0.3430718833935354, 'hidden_size': 45, 'dropout': 0.20818796134325224, 'hidden_continuous_size': 9, 'attention_head_size': 2, 'learning_rate': 0.002122170231307365}. Best is trial 0 with value: 547.9058837890625.
[I 2023-12-26 16:12:10,241] Trial 41 finished with value: 4681.5224609375 and parameters: {'gradient_clip_val': 0.10219459510494262, 'hidden_size': 7, 'dropout': 0.12041860976949895, 'hidden_continuous_size': 5, 'attention_head_size': 2, 'learning_rate': 0.008026577524877529}. Best is trial 0 with value: 547.9058837890625.
[I 2023-12-26 16:12:12,155] Trial 42 finished with value: 6528.57177734375 and parameters: {'gradient_clip_val': 0.12347577812585982, 'hidden_size': 6, 'dropout': 0.12261675268668182, 'hidden_continuous_size': 5, 'attention_head_size': 2, 'learning_rate': 0.008875098772494847}. Best is trial 0 with value: 547.9058837890625.
[I 2023-12-26 16:12:14,028] Trial 43 finished with value: 6494.001953125 and parameters: {'gradient_clip_val': 0.101252044254933, 'hidden_size': 8, 'dropout': 0.10620886884428403, 'hidden_continuous_size': 5, 'attention_head_size': 2, 'learning_rate': 0.006138468510084592}. Best is trial 0 with value: 547.9058837890625.
[I 2023-12-26 16:12:16,090] Trial 44 finished with value: 6253.828125 and parameters: {'gradient_clip_val': 0.11186974680841605, 'hidden_size': 10, 'dropout': 0.13790195459249452, 'hidden_continuous_size': 5, 'attention_head_size': 3, 'learning_rate': 0.004295555866889467}. Best is trial 0 with value: 547.9058837890625.
[I 2023-12-26 16:12:18,013] Trial 45 finished with value: 5258.79541015625 and parameters: {'gradient_clip_val': 0.14189684986173187, 'hidden_size': 6, 'dropout': 0.15250520467585582, 'hidden_continuous_size': 5, 'attention_head_size': 2, 'learning_rate': 0.01342192968808484}. Best is trial 0 with value: 547.9058837890625.
