[I 2023-12-26 12:53:33,312] Trial 7 finished with value: 2.652653217315674 and parameters: {'gradient_clip_val': 0.5019282874011172, 'hidden_size': 40, 'dropout': 0.18869706198832212, 'hidden_continuous_size': 19, 'attention_head_size': 3, 'learning_rate': 0.01174412913552847}. Best is trial 0 with value: 0.04363909363746643.
[I 2023-12-26 12:53:37,536] Trial 8 finished with value: 3.0419604778289795 and parameters: {'gradient_clip_val': 0.32126787093778686, 'hidden_size': 51, 'dropout': 0.37503739539683667, 'hidden_continuous_size': 27, 'attention_head_size': 4, 'learning_rate': 0.06921842225554704}. Best is trial 0 with value: 0.04363909363746643.
[I 2023-12-26 12:53:39,992] Trial 9 finished with value: 3.0403950214385986 and parameters: {'gradient_clip_val': 0.729243215295828, 'hidden_size': 25, 'dropout': 0.47870870167551327, 'hidden_continuous_size': 13, 'attention_head_size': 1, 'learning_rate': 0.005964025491216882}. Best is trial 0 with value: 0.04363909363746643.
[I 2023-12-26 12:53:49,634] Trial 10 finished with value: 3.6356117725372314 and parameters: {'gradient_clip_val': 0.9789584725272066, 'hidden_size': 138, 'dropout': 0.2537609701167412, 'hidden_continuous_size': 32, 'attention_head_size': 4, 'learning_rate': 0.0007072222433806815}. Best is trial 0 with value: 0.04363909363746643.
[I 2023-12-26 12:54:01,170] Trial 11 finished with value: 4.767964839935303 and parameters: {'gradient_clip_val': 0.3227277190944699, 'hidden_size': 143, 'dropout': 0.2961235834254671, 'hidden_continuous_size': 117, 'attention_head_size': 4, 'learning_rate': 0.0005344120695812553}. Best is trial 0 with value: 0.04363909363746643.
[I 2023-12-26 12:54:07,787] Trial 12 finished with value: 3.072749376296997 and parameters: {'gradient_clip_val': 0.4418482983109419, 'hidden_size': 76, 'dropout': 0.3614330368252143, 'hidden_continuous_size': 65, 'attention_head_size': 3, 'learning_rate': 0.0018440519463489991}. Best is trial 0 with value: 0.04363909363746643.
[I 2023-12-26 12:54:14,914] Trial 13 finished with value: 4.109302043914795 and parameters: {'gradient_clip_val': 0.23261962593678062, 'hidden_size': 86, 'dropout': 0.26870201937162863, 'hidden_continuous_size': 34, 'attention_head_size': 4, 'learning_rate': 0.018481175095189453}. Best is trial 0 with value: 0.04363909363746643.
[I 2023-12-26 12:54:17,185] Trial 14 finished with value: 3.3578805923461914 and parameters: {'gradient_clip_val': 0.46924425171627493, 'hidden_size': 14, 'dropout': 0.40190660266014255, 'hidden_continuous_size': 7, 'attention_head_size': 2, 'learning_rate': 0.02659351812856499}. Best is trial 0 with value: 0.04363909363746643.
[I 2023-12-26 12:54:24,728] Trial 15 finished with value: 4.129195690155029 and parameters: {'gradient_clip_val': 0.25737101642633486, 'hidden_size': 83, 'dropout': 0.32558468522713163, 'hidden_continuous_size': 11, 'attention_head_size': 3, 'learning_rate': 0.00359394294066357}. Best is trial 0 with value: 0.04363909363746643.
[I 2023-12-26 12:54:37,562] Trial 16 finished with value: 3.3113346099853516 and parameters: {'gradient_clip_val': 0.34827119469305995, 'hidden_size': 146, 'dropout': 0.42872060582916394, 'hidden_continuous_size': 139, 'attention_head_size': 4, 'learning_rate': 0.0010531802517166587}. Best is trial 0 with value: 0.04363909363746643.
[I 2023-12-26 12:54:39,610] Trial 17 finished with value: 3.8093268871307373 and parameters: {'gradient_clip_val': 0.20627060716489024, 'hidden_size': 16, 'dropout': 0.3492362639638246, 'hidden_continuous_size': 8, 'attention_head_size': 4, 'learning_rate': 0.005122819030515697}. Best is trial 0 with value: 0.04363909363746643.
[I 2023-12-26 12:54:45,934] Trial 18 finished with value: 2.92680287361145 and parameters: {'gradient_clip_val': 0.4034183902524285, 'hidden_size': 87, 'dropout': 0.29893696935571556, 'hidden_continuous_size': 23, 'attention_head_size': 2, 'learning_rate': 0.0021696640832200363}. Best is trial 0 with value: 0.04363909363746643.
[I 2023-12-26 12:54:51,257] Trial 19 finished with value: 2.5251142978668213 and parameters: {'gradient_clip_val': 0.5634774080309767, 'hidden_size': 66, 'dropout': 0.3834007466626398, 'hidden_continuous_size': 11, 'attention_head_size': 3, 'learning_rate': 0.0009152723533976521}. Best is trial 0 with value: 0.04363909363746643.
[I 2023-12-26 12:54:59,545] Trial 20 finished with value: 4.815747261047363 and parameters: {'gradient_clip_val': 0.27302486453594893, 'hidden_size': 109, 'dropout': 0.4594231257102246, 'hidden_continuous_size': 43, 'attention_head_size': 4, 'learning_rate': 0.007650578545175864}. Best is trial 0 with value: 0.04363909363746643.
[I 2023-12-26 12:55:03,385] Trial 21 finished with value: 3.7435147762298584 and parameters: {'gradient_clip_val': 0.5682000723450145, 'hidden_size': 64, 'dropout': 0.37671598400143536, 'hidden_continuous_size': 12, 'attention_head_size': 3, 'learning_rate': 0.0008917978305772006}. Best is trial 0 with value: 0.04363909363746643.
[I 2023-12-26 12:55:07,367] Trial 22 finished with value: 3.6170365810394287 and parameters: {'gradient_clip_val': 0.3751085953976305, 'hidden_size': 62, 'dropout': 0.3966386561220254, 'hidden_continuous_size': 11, 'attention_head_size': 3, 'learning_rate': 0.0005269362321470839}. Best is trial 0 with value: 0.04363909363746643.
[I 2023-12-26 12:55:14,073] Trial 23 finished with value: 4.10888147354126 and parameters: {'gradient_clip_val': 0.5900124573166954, 'hidden_size': 104, 'dropout': 0.33369253877407024, 'hidden_continuous_size': 17, 'attention_head_size': 4, 'learning_rate': 0.001201969810049223}. Best is trial 0 with value: 0.04363909363746643.
[I 2023-12-26 12:55:21,468] Trial 24 finished with value: 3.2976455688476562 and parameters: {'gradient_clip_val': 0.4091209354065571, 'hidden_size': 105, 'dropout': 0.44618168464689345, 'hidden_continuous_size': 10, 'attention_head_size': 3, 'learning_rate': 0.000769343069640066}. Best is trial 0 with value: 0.04363909363746643.
[I 2023-12-26 12:55:25,092] Trial 25 finished with value: 4.44163179397583 and parameters: {'gradient_clip_val': 0.29040371221036715, 'hidden_size': 39, 'dropout': 0.40020890682291854, 'hidden_continuous_size': 13, 'attention_head_size': 4, 'learning_rate': 0.0013171686956959124}. Best is trial 0 with value: 0.04363909363746643.
[I 2023-12-26 12:55:30,461] Trial 26 finished with value: 3.874790906906128 and parameters: {'gradient_clip_val': 0.3730206445467615, 'hidden_size': 67, 'dropout': 0.3702988658214979, 'hidden_continuous_size': 9, 'attention_head_size': 2, 'learning_rate': 0.0021398050789524486}. Best is trial 0 with value: 0.04363909363746643.
[I 2023-12-26 12:55:39,080] Trial 27 finished with value: 2.2934725284576416 and parameters: {'gradient_clip_val': 0.5335914606920799, 'hidden_size': 117, 'dropout': 0.323119639553047, 'hidden_continuous_size': 21, 'attention_head_size': 3, 'learning_rate': 0.0007221517050477147}. Best is trial 0 with value: 0.04363909363746643.
[I 2023-12-26 12:55:49,200] Trial 28 finished with value: 3.9627227783203125 and parameters: {'gradient_clip_val': 0.47794858435787196, 'hidden_size': 130, 'dropout': 0.27257332198053097, 'hidden_continuous_size': 23, 'attention_head_size': 4, 'learning_rate': 0.0027101844891331953}. Best is trial 0 with value: 0.04363909363746643.
[I 2023-12-26 12:55:59,250] Trial 29 finished with value: 3.69229793548584 and parameters: {'gradient_clip_val': 0.32022030004140406, 'hidden_size': 118, 'dropout': 0.3138279504865294, 'hidden_continuous_size': 54, 'attention_head_size': 2, 'learning_rate': 0.039422861363061876}. Best is trial 0 with value: 0.04363909363746643.
[I 2023-12-26 12:56:10,716] Trial 30 finished with value: 2.4844024181365967 and parameters: {'gradient_clip_val': 0.6712237082617052, 'hidden_size': 150, 'dropout': 0.24661587273965396, 'hidden_continuous_size': 5, 'attention_head_size': 3, 'learning_rate': 0.0013295201920865687}. Best is trial 0 with value: 0.04363909363746643.
[I 2023-12-26 12:56:19,757] Trial 31 finished with value: 2.586733102798462 and parameters: {'gradient_clip_val': 0.6569510999988829, 'hidden_size': 120, 'dropout': 0.2433962315938436, 'hidden_continuous_size': 5, 'attention_head_size': 3, 'learning_rate': 0.0005057621025934038}. Best is trial 0 with value: 0.04363909363746643.
[I 2023-12-26 12:56:30,752] Trial 32 finished with value: 4.642848491668701 and parameters: {'gradient_clip_val': 0.7282719753451834, 'hidden_size': 148, 'dropout': 0.229386171754416, 'hidden_continuous_size': 5, 'attention_head_size': 3, 'learning_rate': 0.0013178306502016333}. Best is trial 0 with value: 0.04363909363746643.
[I 2023-12-26 12:56:38,028] Trial 33 finished with value: 3.0676634311676025 and parameters: {'gradient_clip_val': 0.4202643153289489, 'hidden_size': 92, 'dropout': 0.29032881556507506, 'hidden_continuous_size': 7, 'attention_head_size': 4, 'learning_rate': 0.0007060864164347744}. Best is trial 0 with value: 0.04363909363746643.
[I 2023-12-26 12:56:46,341] Trial 34 finished with value: 2.933584451675415 and parameters: {'gradient_clip_val': 0.5216683903295175, 'hidden_size': 106, 'dropout': 0.343915302136339, 'hidden_continuous_size': 15, 'attention_head_size': 3, 'learning_rate': 0.0012963325954312853}. Best is trial 0 with value: 0.04363909363746643.
[I 2023-12-26 12:56:53,480] Trial 35 finished with value: 3.7115488052368164 and parameters: {'gradient_clip_val': 0.44367749923963806, 'hidden_size': 102, 'dropout': 0.313509156035032, 'hidden_continuous_size': 19, 'attention_head_size': 4, 'learning_rate': 0.0006973190802845406}. Best is trial 0 with value: 0.04363909363746643.
[I 2023-12-26 12:56:59,348] Trial 36 finished with value: 3.6119401454925537 and parameters: {'gradient_clip_val': 0.353327116626855, 'hidden_size': 76, 'dropout': 0.2160653099393595, 'hidden_continuous_size': 6, 'attention_head_size': 3, 'learning_rate': 0.09746838829549999}. Best is trial 0 with value: 0.04363909363746643.
[I 2023-12-26 12:57:06,904] Trial 37 finished with value: 2.9777772426605225 and parameters: {'gradient_clip_val': 0.1796864000395504, 'hidden_size': 120, 'dropout': 0.11010781860942756, 'hidden_continuous_size': 9, 'attention_head_size': 2, 'learning_rate': 0.008830663490307412}. Best is trial 0 with value: 0.04363909363746643.
[I 2023-12-26 12:57:09,592] Trial 38 finished with value: 5.049675464630127 and parameters: {'gradient_clip_val': 0.29192013638512737, 'hidden_size': 32, 'dropout': 0.2814430591331254, 'hidden_continuous_size': 15, 'attention_head_size': 1, 'learning_rate': 0.0015252437486851164}. Best is trial 0 with value: 0.04363909363746643.
[I 2023-12-26 12:57:13,423] Trial 39 finished with value: 4.369268894195557 and parameters: {'gradient_clip_val': 0.4826480586392433, 'hidden_size': 52, 'dropout': 0.1547396653604976, 'hidden_continuous_size': 17, 'attention_head_size': 3, 'learning_rate': 0.0010284980312216007}. Best is trial 0 with value: 0.04363909363746643.
[I 2023-12-26 12:57:23,930] Trial 40 finished with value: 3.3496148586273193 and parameters: {'gradient_clip_val': 0.8707609565236542, 'hidden_size': 148, 'dropout': 0.3174123252960067, 'hidden_continuous_size': 21, 'attention_head_size': 4, 'learning_rate': 0.01411137818850495}. Best is trial 0 with value: 0.04363909363746643.
[I 2023-12-26 12:57:31,144] Trial 41 finished with value: 3.9975788593292236 and parameters: {'gradient_clip_val': 0.5487781306554811, 'hidden_size': 93, 'dropout': 0.3360006999441543, 'hidden_continuous_size': 8, 'attention_head_size': 3, 'learning_rate': 0.000942372450285791}. Best is trial 0 with value: 0.04363909363746643.
[I 2023-12-26 12:57:37,325] Trial 42 finished with value: 2.6128950119018555 and parameters: {'gradient_clip_val': 0.6140897956931601, 'hidden_size': 71, 'dropout': 0.3493207763315847, 'hidden_continuous_size': 15, 'attention_head_size': 3, 'learning_rate': 0.0008293370289492756}. Best is trial 0 with value: 0.04363909363746643.
[I 2023-12-26 12:57:45,818] Trial 43 finished with value: 4.292503356933594 and parameters: {'gradient_clip_val': 0.5264135569199161, 'hidden_size': 125, 'dropout': 0.30212087223204936, 'hidden_continuous_size': 13, 'attention_head_size': 3, 'learning_rate': 0.000645819395423004}. Best is trial 0 with value: 0.04363909363746643.
[I 2023-12-26 12:57:49,041] Trial 44 finished with value: 3.575848340988159 and parameters: {'gradient_clip_val': 0.6310487760530297, 'hidden_size': 56, 'dropout': 0.26917749606978925, 'hidden_continuous_size': 10, 'attention_head_size': 3, 'learning_rate': 0.0015986032015426349}. Best is trial 0 with value: 0.04363909363746643.
[I 2023-12-26 12:57:52,034] Trial 45 finished with value: 2.977783441543579 and parameters: {'gradient_clip_val': 0.6958668953531675, 'hidden_size': 45, 'dropout': 0.3542134587630288, 'hidden_continuous_size': 12, 'attention_head_size': 4, 'learning_rate': 0.0005949688856291261}. Best is trial 0 with value: 0.04363909363746643.
[I 2023-12-26 12:57:56,720] Trial 46 finished with value: 3.0324668884277344 and parameters: {'gradient_clip_val': 0.8381308429071963, 'hidden_size': 79, 'dropout': 0.3754663621122533, 'hidden_continuous_size': 6, 'attention_head_size': 2, 'learning_rate': 0.0010196151826490463}. Best is trial 0 with value: 0.04363909363746643.
[I 2023-12-26 12:58:02,747] Trial 47 finished with value: 3.8453171253204346 and parameters: {'gradient_clip_val': 0.5255554761435803, 'hidden_size': 95, 'dropout': 0.2553135636445296, 'hidden_continuous_size': 30, 'attention_head_size': 4, 'learning_rate': 0.0008228928112246726}. Best is trial 0 with value: 0.04363909363746643.
[I 2023-12-26 12:58:06,250] Trial 48 finished with value: 4.4521918296813965 and parameters: {'gradient_clip_val': 0.5866537615955565, 'hidden_size': 58, 'dropout': 0.32602575750811635, 'hidden_continuous_size': 20, 'attention_head_size': 3, 'learning_rate': 0.0006074631838164271}. Best is trial 0 with value: 0.04363909363746643.
[I 2023-12-26 12:58:10,514] Trial 49 finished with value: 2.746612787246704 and parameters: {'gradient_clip_val': 0.4613115743420149, 'hidden_size': 70, 'dropout': 0.29783221551652345, 'hidden_continuous_size': 24, 'attention_head_size': 4, 'learning_rate': 0.0005045022321394925}. Best is trial 0 with value: 0.04363909363746643.
[I 2023-12-26 12:58:10,639] A new study created in memory with name: no-name-80038ed6-0ea4-4e64-b2ac-c4a094e75c14
/home/le004/conda/anaconda3/envs/tsff_env/lib/python3.9/site-packages/lightning/fabric/plugins/environments/slurm.py:191: The `srun` command is available on your system but is not used. HINT: If your intention is to run Lightning on SLURM, prepend your python command with `srun` like so: srun python /home/le004/master_thesis/git/TSFusionForecast/code/ ...
[I 2023-12-26 13:03:01,342] Trial 0 finished with value: 0.08719927072525024 and parameters: {'gradient_clip_val': 0.3557470150176046, 'hidden_size': 13, 'dropout': 0.498544735640021, 'hidden_continuous_size': 5, 'attention_head_size': 3, 'learning_rate': 0.01361140556714953}. Best is trial 0 with value: 0.08719927072525024.
[I 2023-12-26 13:03:07,835] Trial 1 finished with value: 3.5617599487304688 and parameters: {'gradient_clip_val': 0.69040410636471, 'hidden_size': 81, 'dropout': 0.4856551213860071, 'hidden_continuous_size': 10, 'attention_head_size': 3, 'learning_rate': 0.02550683092154491}. Best is trial 0 with value: 0.08719927072525024.
[I 2023-12-26 13:03:11,187] Trial 2 finished with value: 3.0331757068634033 and parameters: {'gradient_clip_val': 0.5501811920263234, 'hidden_size': 36, 'dropout': 0.18315870813994645, 'hidden_continuous_size': 19, 'attention_head_size': 4, 'learning_rate': 0.019195540502780443}. Best is trial 0 with value: 0.08719927072525024.
[I 2023-12-26 13:03:14,382] Trial 3 finished with value: 3.0647389888763428 and parameters: {'gradient_clip_val': 0.5300605551425721, 'hidden_size': 35, 'dropout': 0.44076113701567865, 'hidden_continuous_size': 11, 'attention_head_size': 1, 'learning_rate': 0.0013605142879337011}. Best is trial 0 with value: 0.08719927072525024.
[I 2023-12-26 13:03:16,835] Trial 4 finished with value: 3.540853500366211 and parameters: {'gradient_clip_val': 0.4293607543174518, 'hidden_size': 20, 'dropout': 0.1438227106196086, 'hidden_continuous_size': 8, 'attention_head_size': 3, 'learning_rate': 0.0009695177822429287}. Best is trial 0 with value: 0.08719927072525024.
[I 2023-12-26 13:03:19,716] Trial 5 finished with value: 3.1616668701171875 and parameters: {'gradient_clip_val': 0.1321237922415596, 'hidden_size': 27, 'dropout': 0.4611165270939165, 'hidden_continuous_size': 8, 'attention_head_size': 2, 'learning_rate': 0.000822770246465072}. Best is trial 0 with value: 0.08719927072525024.
[I 2023-12-26 13:03:23,470] Trial 6 finished with value: 3.488032579421997 and parameters: {'gradient_clip_val': 0.15803952781304798, 'hidden_size': 65, 'dropout': 0.19329669634871138, 'hidden_continuous_size': 10, 'attention_head_size': 2, 'learning_rate': 0.0019118034302516992}. Best is trial 0 with value: 0.08719927072525024.
[I 2023-12-26 13:03:25,577] Trial 7 finished with value: 2.5732340812683105 and parameters: {'gradient_clip_val': 0.20837952632225826, 'hidden_size': 15, 'dropout': 0.4862244789393426, 'hidden_continuous_size': 8, 'attention_head_size': 1, 'learning_rate': 0.0005443600945057825}. Best is trial 0 with value: 0.08719927072525024.
[I 2023-12-26 13:03:30,685] Trial 8 finished with value: 4.661001682281494 and parameters: {'gradient_clip_val': 0.2740072709195855, 'hidden_size': 62, 'dropout': 0.28054979124225066, 'hidden_continuous_size': 17, 'attention_head_size': 4, 'learning_rate': 0.05275404663802428}. Best is trial 0 with value: 0.08719927072525024.
[I 2023-12-26 13:03:40,160] Trial 9 finished with value: 2.2630503177642822 and parameters: {'gradient_clip_val': 0.11801014096590606, 'hidden_size': 122, 'dropout': 0.14329700810192045, 'hidden_continuous_size': 7, 'attention_head_size': 4, 'learning_rate': 0.09250031151204387}. Best is trial 0 with value: 0.08719927072525024.
[I 2023-12-26 13:03:42,510] Trial 10 finished with value: 3.70332407951355 and parameters: {'gradient_clip_val': 0.9464548850075881, 'hidden_size': 6, 'dropout': 0.37136708095604676, 'hidden_continuous_size': 5, 'attention_head_size': 3, 'learning_rate': 0.005435686120941615}. Best is trial 0 with value: 0.08719927072525024.
[I 2023-12-26 13:03:51,779] Trial 11 finished with value: 2.740281105041504 and parameters: {'gradient_clip_val': 0.12133750973803199, 'hidden_size': 110, 'dropout': 0.2711126792235853, 'hidden_continuous_size': 56, 'attention_head_size': 4, 'learning_rate': 0.08661104514707878}. Best is trial 0 with value: 0.08719927072525024.
[I 2023-12-26 13:04:01,223] Trial 12 finished with value: 3.790945291519165 and parameters: {'gradient_clip_val': 0.30397361088287783, 'hidden_size': 129, 'dropout': 0.3626933644548721, 'hidden_continuous_size': 5, 'attention_head_size': 4, 'learning_rate': 0.010412624266934713}. Best is trial 0 with value: 0.08719927072525024.
[I 2023-12-26 13:04:11,175] Trial 13 finished with value: 2.4782440662384033 and parameters: {'gradient_clip_val': 0.10113082771121769, 'hidden_size': 144, 'dropout': 0.10560833871475656, 'hidden_continuous_size': 33, 'attention_head_size': 3, 'learning_rate': 0.08423125919186332}. Best is trial 0 with value: 0.08719927072525024.
[I 2023-12-26 13:04:13,130] Trial 14 finished with value: 2.4025020599365234 and parameters: {'gradient_clip_val': 0.2049633623767673, 'hidden_size': 7, 'dropout': 0.2299510248860846, 'hidden_continuous_size': 5, 'attention_head_size': 2, 'learning_rate': 0.037134509281933334}. Best is trial 0 with value: 0.08719927072525024.
[I 2023-12-26 13:04:15,383] Trial 15 finished with value: 3.55732798576355 and parameters: {'gradient_clip_val': 0.36756405034188844, 'hidden_size': 13, 'dropout': 0.35687601461713064, 'hidden_continuous_size': 6, 'attention_head_size': 4, 'learning_rate': 0.01524205707280044}. Best is trial 0 with value: 0.08719927072525024.
[I 2023-12-26 13:04:17,547] Trial 16 finished with value: 3.129713773727417 and parameters: {'gradient_clip_val': 0.24309917885270144, 'hidden_size': 10, 'dropout': 0.31691660217042866, 'hidden_continuous_size': 6, 'attention_head_size': 3, 'learning_rate': 0.005705582548486311}. Best is trial 0 with value: 0.08719927072525024.
[I 2023-12-26 13:04:19,402] Trial 17 finished with value: 4.030735969543457 and parameters: {'gradient_clip_val': 0.19220831707690256, 'hidden_size': 5, 'dropout': 0.42753500214754736, 'hidden_continuous_size': 5, 'attention_head_size': 4, 'learning_rate': 0.04123461888414996}. Best is trial 0 with value: 0.08719927072525024.
[I 2023-12-26 13:04:22,274] Trial 18 finished with value: 3.781627893447876 and parameters: {'gradient_clip_val': 0.3282535037671596, 'hidden_size': 43, 'dropout': 0.24144106325339731, 'hidden_continuous_size': 6, 'attention_head_size': 3, 'learning_rate': 0.012226461958064115}. Best is trial 0 with value: 0.08719927072525024.
[I 2023-12-26 13:04:24,425] Trial 19 finished with value: 2.5465619564056396 and parameters: {'gradient_clip_val': 0.1628032753105462, 'hidden_size': 21, 'dropout': 0.40539705556260613, 'hidden_continuous_size': 7, 'attention_head_size': 2, 'learning_rate': 0.0926780190466608}. Best is trial 0 with value: 0.08719927072525024.
[I 2023-12-26 13:04:26,444] Trial 20 finished with value: 3.3355414867401123 and parameters: {'gradient_clip_val': 0.2608925501432531, 'hidden_size': 10, 'dropout': 0.3300323662601232, 'hidden_continuous_size': 5, 'attention_head_size': 4, 'learning_rate': 0.023358147383508346}. Best is trial 0 with value: 0.08719927072525024.
[I 2023-12-26 13:04:28,345] Trial 21 finished with value: 4.521679401397705 and parameters: {'gradient_clip_val': 0.1942493354967123, 'hidden_size': 7, 'dropout': 0.22835398092463938, 'hidden_continuous_size': 5, 'attention_head_size': 2, 'learning_rate': 0.03989464489888181}. Best is trial 0 with value: 0.08719927072525024.
