[I 2023-12-26 15:34:41,750] Trial 22 finished with value: 7.145653247833252 and parameters: {'gradient_clip_val': 0.1326067995178156, 'hidden_size': 122, 'dropout': 0.49955436611850945, 'hidden_continuous_size': 120, 'attention_head_size': 3, 'learning_rate': 0.09269055118207604}. Best is trial 0 with value: 5.118730068206787.
[I 2023-12-26 15:34:54,888] Trial 23 finished with value: 10.918651580810547 and parameters: {'gradient_clip_val': 0.10274954882511214, 'hidden_size': 147, 'dropout': 0.4733455147618735, 'hidden_continuous_size': 138, 'attention_head_size': 3, 'learning_rate': 0.05120474132110513}. Best is trial 0 with value: 5.118730068206787.
[I 2023-12-26 15:35:03,242] Trial 24 finished with value: 12.572163581848145 and parameters: {'gradient_clip_val': 0.13277461086297693, 'hidden_size': 100, 'dropout': 0.4635238946313349, 'hidden_continuous_size': 54, 'attention_head_size': 2, 'learning_rate': 0.02931779740258344}. Best is trial 0 with value: 5.118730068206787.
[I 2023-12-26 15:35:11,334] Trial 25 finished with value: 11.51754093170166 and parameters: {'gradient_clip_val': 0.12899697200285548, 'hidden_size': 95, 'dropout': 0.4989176022143621, 'hidden_continuous_size': 28, 'attention_head_size': 3, 'learning_rate': 0.06597494474585015}. Best is trial 0 with value: 5.118730068206787.
[I 2023-12-26 15:35:17,073] Trial 26 finished with value: 12.30645751953125 and parameters: {'gradient_clip_val': 0.1511122914307357, 'hidden_size': 68, 'dropout': 0.441522100229375, 'hidden_continuous_size': 17, 'attention_head_size': 4, 'learning_rate': 0.0432504529876398}. Best is trial 0 with value: 5.118730068206787.
[I 2023-12-26 15:35:26,837] Trial 27 finished with value: 12.674515724182129 and parameters: {'gradient_clip_val': 0.10192459311524955, 'hidden_size': 119, 'dropout': 0.49750766355269377, 'hidden_continuous_size': 61, 'attention_head_size': 2, 'learning_rate': 0.09689585043683119}. Best is trial 0 with value: 5.118730068206787.
[I 2023-12-26 15:35:31,800] Trial 28 finished with value: 15.238099098205566 and parameters: {'gradient_clip_val': 0.12086231151769576, 'hidden_size': 58, 'dropout': 0.4704522285303727, 'hidden_continuous_size': 27, 'attention_head_size': 1, 'learning_rate': 0.09985486036834487}. Best is trial 0 with value: 5.118730068206787.
[I 2023-12-26 15:35:39,146] Trial 29 finished with value: 12.786895751953125 and parameters: {'gradient_clip_val': 0.20222091152567104, 'hidden_size': 92, 'dropout': 0.4414936688596728, 'hidden_continuous_size': 13, 'attention_head_size': 1, 'learning_rate': 0.02381734494216276}. Best is trial 0 with value: 5.118730068206787.
[I 2023-12-26 15:35:48,352] Trial 30 finished with value: 11.483975410461426 and parameters: {'gradient_clip_val': 0.20768696674388096, 'hidden_size': 113, 'dropout': 0.3878107590821367, 'hidden_continuous_size': 41, 'attention_head_size': 3, 'learning_rate': 0.015281425645089405}. Best is trial 0 with value: 5.118730068206787.
[I 2023-12-26 15:35:57,890] Trial 31 finished with value: 10.626629829406738 and parameters: {'gradient_clip_val': 0.17171643114712662, 'hidden_size': 109, 'dropout': 0.4180722466931109, 'hidden_continuous_size': 71, 'attention_head_size': 3, 'learning_rate': 0.07132399012492112}. Best is trial 0 with value: 5.118730068206787.
[I 2023-12-26 15:36:04,479] Trial 32 finished with value: 10.125658988952637 and parameters: {'gradient_clip_val': 0.1507105343986602, 'hidden_size': 77, 'dropout': 0.46703955385829987, 'hidden_continuous_size': 48, 'attention_head_size': 3, 'learning_rate': 0.0443284772929671}. Best is trial 0 with value: 5.118730068206787.
[I 2023-12-26 15:36:15,267] Trial 33 finished with value: 11.694270133972168 and parameters: {'gradient_clip_val': 0.19468813711252975, 'hidden_size': 123, 'dropout': 0.42119285885713836, 'hidden_continuous_size': 71, 'attention_head_size': 4, 'learning_rate': 0.06263556219111055}. Best is trial 0 with value: 5.118730068206787.
[I 2023-12-26 15:36:22,548] Trial 34 finished with value: 14.912510871887207 and parameters: {'gradient_clip_val': 0.11661861033193038, 'hidden_size': 85, 'dropout': 0.44721237605832365, 'hidden_continuous_size': 20, 'attention_head_size': 3, 'learning_rate': 0.07055507974461413}. Best is trial 0 with value: 5.118730068206787.
[I 2023-12-26 15:36:25,740] Trial 35 finished with value: 14.307351112365723 and parameters: {'gradient_clip_val': 0.15940747772854294, 'hidden_size': 29, 'dropout': 0.4784647743668395, 'hidden_continuous_size': 21, 'attention_head_size': 2, 'learning_rate': 0.03644523904605658}. Best is trial 0 with value: 5.118730068206787.
[I 2023-12-26 15:36:35,308] Trial 36 finished with value: 8.6039457321167 and parameters: {'gradient_clip_val': 0.18198023774656025, 'hidden_size': 107, 'dropout': 0.3941810041288418, 'hidden_continuous_size': 79, 'attention_head_size': 4, 'learning_rate': 0.09612263500601549}. Best is trial 0 with value: 5.118730068206787.
[I 2023-12-26 15:36:38,771] Trial 37 finished with value: 10.678990364074707 and parameters: {'gradient_clip_val': 0.2344203758128928, 'hidden_size': 33, 'dropout': 0.28043940823696484, 'hidden_continuous_size': 24, 'attention_head_size': 4, 'learning_rate': 0.028500644249805328}. Best is trial 0 with value: 5.118730068206787.
[I 2023-12-26 15:36:41,703] Trial 38 finished with value: 13.506979942321777 and parameters: {'gradient_clip_val': 0.18784424843906378, 'hidden_size': 23, 'dropout': 0.35270359163652143, 'hidden_continuous_size': 18, 'attention_head_size': 4, 'learning_rate': 0.04113077063958706}. Best is trial 0 with value: 5.118730068206787.
[I 2023-12-26 15:36:49,875] Trial 39 finished with value: 8.651601791381836 and parameters: {'gradient_clip_val': 0.13506821498279942, 'hidden_size': 95, 'dropout': 0.39041809209098566, 'hidden_continuous_size': 34, 'attention_head_size': 4, 'learning_rate': 0.06424610724696089}. Best is trial 0 with value: 5.118730068206787.
[I 2023-12-26 15:37:01,877] Trial 40 finished with value: 12.386805534362793 and parameters: {'gradient_clip_val': 0.2631689037554736, 'hidden_size': 146, 'dropout': 0.4338062089227962, 'hidden_continuous_size': 96, 'attention_head_size': 1, 'learning_rate': 0.015881759985476876}. Best is trial 0 with value: 5.118730068206787.
[I 2023-12-26 15:37:09,615] Trial 41 finished with value: 13.453399658203125 and parameters: {'gradient_clip_val': 0.13534759963409326, 'hidden_size': 98, 'dropout': 0.3921559326574432, 'hidden_continuous_size': 33, 'attention_head_size': 4, 'learning_rate': 0.07422613678966873}. Best is trial 0 with value: 5.118730068206787.
[I 2023-12-26 15:37:16,376] Trial 42 finished with value: 11.704739570617676 and parameters: {'gradient_clip_val': 0.11538786056648279, 'hidden_size': 79, 'dropout': 0.3515682195863845, 'hidden_continuous_size': 41, 'attention_head_size': 4, 'learning_rate': 0.0579964478327428}. Best is trial 0 with value: 5.118730068206787.
[I 2023-12-26 15:37:21,983] Trial 43 finished with value: 9.528984069824219 and parameters: {'gradient_clip_val': 0.1384733560520626, 'hidden_size': 65, 'dropout': 0.3180049202262375, 'hidden_continuous_size': 30, 'attention_head_size': 4, 'learning_rate': 0.09945397960436637}. Best is trial 0 with value: 5.118730068206787.
[I 2023-12-26 15:37:32,244] Trial 44 finished with value: 10.150816917419434 and parameters: {'gradient_clip_val': 0.1578053016864809, 'hidden_size': 126, 'dropout': 0.4831429730389502, 'hidden_continuous_size': 25, 'attention_head_size': 4, 'learning_rate': 0.07497216147999135}. Best is trial 0 with value: 5.118730068206787.
[I 2023-12-26 15:37:40,228] Trial 45 finished with value: 12.886382102966309 and parameters: {'gradient_clip_val': 0.1186495458139231, 'hidden_size': 94, 'dropout': 0.4571845391968275, 'hidden_continuous_size': 38, 'attention_head_size': 4, 'learning_rate': 0.036112136930434156}. Best is trial 0 with value: 5.118730068206787.
[I 2023-12-26 15:37:49,058] Trial 46 finished with value: 11.300911903381348 and parameters: {'gradient_clip_val': 0.1255083533171603, 'hidden_size': 107, 'dropout': 0.40099252232294963, 'hidden_continuous_size': 48, 'attention_head_size': 4, 'learning_rate': 0.07946789920117944}. Best is trial 0 with value: 5.118730068206787.
[I 2023-12-26 15:37:55,814] Trial 47 finished with value: 9.537927627563477 and parameters: {'gradient_clip_val': 0.16727429938464095, 'hidden_size': 82, 'dropout': 0.42975862845168117, 'hidden_continuous_size': 33, 'attention_head_size': 2, 'learning_rate': 0.05671012766963429}. Best is trial 0 with value: 5.118730068206787.
[I 2023-12-26 15:38:01,049] Trial 48 finished with value: 12.854236602783203 and parameters: {'gradient_clip_val': 0.11056242103621347, 'hidden_size': 59, 'dropout': 0.4841148169445893, 'hidden_continuous_size': 31, 'attention_head_size': 3, 'learning_rate': 0.04154535813143038}. Best is trial 0 with value: 5.118730068206787.
[I 2023-12-26 15:38:05,392] Trial 49 finished with value: 14.108875274658203 and parameters: {'gradient_clip_val': 0.14532344654760682, 'hidden_size': 49, 'dropout': 0.45115318035693475, 'hidden_continuous_size': 26, 'attention_head_size': 4, 'learning_rate': 0.08176992874918171}. Best is trial 0 with value: 5.118730068206787.
[I 2023-12-26 15:38:05,542] A new study created in memory with name: no-name-00ad52b7-21e5-4e83-87fd-40af89d9e59f
/home/le004/conda/anaconda3/envs/tsff_env/lib/python3.9/site-packages/lightning/fabric/plugins/environments/slurm.py:191: The `srun` command is available on your system but is not used. HINT: If your intention is to run Lightning on SLURM, prepend your python command with `srun` like so: srun python /home/le004/master_thesis/git/TSFusionForecast/code/ ...
[I 2023-12-26 15:42:05,790] Trial 0 finished with value: 5.627740859985352 and parameters: {'gradient_clip_val': 0.24580480606223815, 'hidden_size': 7, 'dropout': 0.4051662334419953, 'hidden_continuous_size': 5, 'attention_head_size': 3, 'learning_rate': 0.005507560821314762}. Best is trial 0 with value: 5.627740859985352.
[I 2023-12-26 15:42:08,328] Trial 1 finished with value: 38.8257942199707 and parameters: {'gradient_clip_val': 0.21517384552555974, 'hidden_size': 17, 'dropout': 0.34822047580981536, 'hidden_continuous_size': 6, 'attention_head_size': 2, 'learning_rate': 0.04295459359664597}. Best is trial 0 with value: 5.627740859985352.
[I 2023-12-26 15:42:11,599] Trial 2 finished with value: 27.889793395996094 and parameters: {'gradient_clip_val': 0.5980661847608131, 'hidden_size': 35, 'dropout': 0.10635300429170998, 'hidden_continuous_size': 7, 'attention_head_size': 1, 'learning_rate': 0.0018987540877945207}. Best is trial 0 with value: 5.627740859985352.
[I 2023-12-26 15:42:13,771] Trial 3 finished with value: 27.278894424438477 and parameters: {'gradient_clip_val': 0.8234443535579972, 'hidden_size': 8, 'dropout': 0.4153574734235681, 'hidden_continuous_size': 7, 'attention_head_size': 3, 'learning_rate': 0.0007870339136768629}. Best is trial 0 with value: 5.627740859985352.
[I 2023-12-26 15:42:15,996] Trial 4 finished with value: 22.5546875 and parameters: {'gradient_clip_val': 0.6026341411360255, 'hidden_size': 8, 'dropout': 0.325954181747108, 'hidden_continuous_size': 5, 'attention_head_size': 4, 'learning_rate': 0.0069474340658325605}. Best is trial 0 with value: 5.627740859985352.
[I 2023-12-26 15:42:18,450] Trial 5 finished with value: 22.379356384277344 and parameters: {'gradient_clip_val': 0.3039095211918446, 'hidden_size': 18, 'dropout': 0.3293304718455632, 'hidden_continuous_size': 16, 'attention_head_size': 1, 'learning_rate': 0.0006564061152089475}. Best is trial 0 with value: 5.627740859985352.
[I 2023-12-26 15:42:20,469] Trial 6 finished with value: 36.83491897583008 and parameters: {'gradient_clip_val': 0.5288738319798965, 'hidden_size': 5, 'dropout': 0.28428145412236083, 'hidden_continuous_size': 5, 'attention_head_size': 1, 'learning_rate': 0.026307347802198757}. Best is trial 0 with value: 5.627740859985352.
[I 2023-12-26 15:42:24,944] Trial 7 finished with value: 18.54338836669922 and parameters: {'gradient_clip_val': 0.1690373712074643, 'hidden_size': 51, 'dropout': 0.2902796379948981, 'hidden_continuous_size': 10, 'attention_head_size': 1, 'learning_rate': 0.07228107356523358}. Best is trial 0 with value: 5.627740859985352.
[I 2023-12-26 15:42:27,800] Trial 8 finished with value: 35.86720657348633 and parameters: {'gradient_clip_val': 0.13382996376025608, 'hidden_size': 24, 'dropout': 0.46426845844692266, 'hidden_continuous_size': 13, 'attention_head_size': 4, 'learning_rate': 0.0037510211257644663}. Best is trial 0 with value: 5.627740859985352.
[I 2023-12-26 15:42:36,522] Trial 9 finished with value: 25.229246139526367 and parameters: {'gradient_clip_val': 0.2722080561902484, 'hidden_size': 112, 'dropout': 0.454919968542442, 'hidden_continuous_size': 9, 'attention_head_size': 3, 'learning_rate': 0.007183029000323105}. Best is trial 0 with value: 5.627740859985352.
[I 2023-12-26 15:42:38,226] Trial 10 finished with value: 29.49506950378418 and parameters: {'gradient_clip_val': 0.11222889356933528, 'hidden_size': 5, 'dropout': 0.48940400892005814, 'hidden_continuous_size': 5, 'attention_head_size': 2, 'learning_rate': 0.020474175963227162}. Best is trial 0 with value: 5.627740859985352.
[I 2023-12-26 15:42:42,119] Trial 11 finished with value: 26.563507080078125 and parameters: {'gradient_clip_val': 0.1852344829472582, 'hidden_size': 63, 'dropout': 0.26497286494795075, 'hidden_continuous_size': 30, 'attention_head_size': 3, 'learning_rate': 0.07555895443421216}. Best is trial 0 with value: 5.627740859985352.
[I 2023-12-26 15:42:44,815] Trial 12 finished with value: 30.231245040893555 and parameters: {'gradient_clip_val': 0.16991569379723873, 'hidden_size': 36, 'dropout': 0.3974608960507593, 'hidden_continuous_size': 11, 'attention_head_size': 2, 'learning_rate': 0.09419628633229127}. Best is trial 0 with value: 5.627740859985352.
[I 2023-12-26 15:42:53,914] Trial 13 finished with value: 24.209196090698242 and parameters: {'gradient_clip_val': 0.376362038494549, 'hidden_size': 148, 'dropout': 0.236439322897219, 'hidden_continuous_size': 60, 'attention_head_size': 3, 'learning_rate': 0.014133348785242915}. Best is trial 0 with value: 5.627740859985352.
[I 2023-12-26 15:42:57,576] Trial 14 finished with value: 32.48385238647461 and parameters: {'gradient_clip_val': 0.10458839140291402, 'hidden_size': 68, 'dropout': 0.38379062341000947, 'hidden_continuous_size': 9, 'attention_head_size': 2, 'learning_rate': 0.04111339043203228}. Best is trial 0 with value: 5.627740859985352.
[I 2023-12-26 15:42:59,778] Trial 15 finished with value: 38.40092086791992 and parameters: {'gradient_clip_val': 0.2231088448208557, 'hidden_size': 11, 'dropout': 0.20597693929574246, 'hidden_continuous_size': 6, 'attention_head_size': 4, 'learning_rate': 0.011684541624356578}. Best is trial 0 with value: 5.627740859985352.
[I 2023-12-26 15:43:02,261] Trial 16 finished with value: 17.493677139282227 and parameters: {'gradient_clip_val': 0.14698407840080366, 'hidden_size': 14, 'dropout': 0.3589022840073591, 'hidden_continuous_size': 6, 'attention_head_size': 1, 'learning_rate': 0.003640703885790583}. Best is trial 0 with value: 5.627740859985352.
[I 2023-12-26 15:43:04,811] Trial 17 finished with value: 33.57430648803711 and parameters: {'gradient_clip_val': 0.14879780292160286, 'hidden_size': 13, 'dropout': 0.426528631333548, 'hidden_continuous_size': 6, 'attention_head_size': 2, 'learning_rate': 0.0017020993175330225}. Best is trial 0 with value: 5.627740859985352.
[I 2023-12-26 15:43:06,784] Trial 18 finished with value: 27.055696487426758 and parameters: {'gradient_clip_val': 0.1301230252478508, 'hidden_size': 8, 'dropout': 0.3738499864162809, 'hidden_continuous_size': 5, 'attention_head_size': 3, 'learning_rate': 0.003788639574232045}. Best is trial 0 with value: 5.627740859985352.
[I 2023-12-26 15:43:09,173] Trial 19 finished with value: 26.498899459838867 and parameters: {'gradient_clip_val': 0.2330130993357491, 'hidden_size': 14, 'dropout': 0.49791317593207984, 'hidden_continuous_size': 6, 'attention_head_size': 4, 'learning_rate': 0.004109935905674984}. Best is trial 0 with value: 5.627740859985352.
[I 2023-12-26 15:43:11,775] Trial 20 finished with value: 27.23029136657715 and parameters: {'gradient_clip_val': 0.39666939846568816, 'hidden_size': 25, 'dropout': 0.3622680707886016, 'hidden_continuous_size': 7, 'attention_head_size': 1, 'learning_rate': 0.0020098471016073115}. Best is trial 0 with value: 5.627740859985352.
[I 2023-12-26 15:43:14,151] Trial 21 finished with value: 32.43999099731445 and parameters: {'gradient_clip_val': 0.1773647333823986, 'hidden_size': 11, 'dropout': 0.3274096412829349, 'hidden_continuous_size': 5, 'attention_head_size': 1, 'learning_rate': 0.008341816997125912}. Best is trial 0 with value: 5.627740859985352.
[I 2023-12-26 15:43:17,916] Trial 22 finished with value: 29.763864517211914 and parameters: {'gradient_clip_val': 0.15249485973367896, 'hidden_size': 38, 'dropout': 0.2975546088838247, 'hidden_continuous_size': 9, 'attention_head_size': 1, 'learning_rate': 0.015958641318556014}. Best is trial 0 with value: 5.627740859985352.
[I 2023-12-26 15:43:20,397] Trial 23 finished with value: 26.396421432495117 and parameters: {'gradient_clip_val': 0.2020465880491226, 'hidden_size': 21, 'dropout': 0.41876829181728353, 'hidden_continuous_size': 8, 'attention_head_size': 2, 'learning_rate': 0.011067619184495002}. Best is trial 0 with value: 5.627740859985352.
[I 2023-12-26 15:43:22,450] Trial 24 finished with value: 33.59136962890625 and parameters: {'gradient_clip_val': 0.24876343461296882, 'hidden_size': 6, 'dropout': 0.3639637615318325, 'hidden_continuous_size': 5, 'attention_head_size': 1, 'learning_rate': 0.005217921241418741}. Best is trial 0 with value: 5.627740859985352.
[I 2023-12-26 15:43:24,446] Trial 25 finished with value: 29.616676330566406 and parameters: {'gradient_clip_val': 0.17022269461144218, 'hidden_size': 10, 'dropout': 0.39702705571491276, 'hidden_continuous_size': 6, 'attention_head_size': 2, 'learning_rate': 0.024198941309672792}. Best is trial 0 with value: 5.627740859985352.
[I 2023-12-26 15:43:26,521] Trial 26 finished with value: 23.71520233154297 and parameters: {'gradient_clip_val': 0.12359819419172077, 'hidden_size': 16, 'dropout': 0.3128896930875807, 'hidden_continuous_size': 8, 'attention_head_size': 3, 'learning_rate': 0.010588686395242514}. Best is trial 0 with value: 5.627740859985352.
[I 2023-12-26 15:43:28,594] Trial 27 finished with value: 33.39775085449219 and parameters: {'gradient_clip_val': 0.20072257726520762, 'hidden_size': 7, 'dropout': 0.4336931230677809, 'hidden_continuous_size': 5, 'attention_head_size': 1, 'learning_rate': 0.0025597642820746882}. Best is trial 0 with value: 5.627740859985352.
[I 2023-12-26 15:43:30,582] Trial 28 finished with value: 37.50444030761719 and parameters: {'gradient_clip_val': 0.10244823539925627, 'hidden_size': 10, 'dropout': 0.3455373390934109, 'hidden_continuous_size': 6, 'attention_head_size': 2, 'learning_rate': 0.005603713229961806}. Best is trial 0 with value: 5.627740859985352.
[I 2023-12-26 15:43:32,652] Trial 29 finished with value: 26.685415267944336 and parameters: {'gradient_clip_val': 0.14884722815050497, 'hidden_size': 17, 'dropout': 0.34804204128735794, 'hidden_continuous_size': 7, 'attention_head_size': 1, 'learning_rate': 0.054781276736266045}. Best is trial 0 with value: 5.627740859985352.
[I 2023-12-26 15:43:34,664] Trial 30 finished with value: 29.986230850219727 and parameters: {'gradient_clip_val': 0.21189131877059988, 'hidden_size': 6, 'dropout': 0.3900751429761802, 'hidden_continuous_size': 5, 'attention_head_size': 2, 'learning_rate': 0.03470811001651399}. Best is trial 0 with value: 5.627740859985352.
[I 2023-12-26 15:43:37,875] Trial 31 finished with value: 15.141975402832031 and parameters: {'gradient_clip_val': 0.27321307735817507, 'hidden_size': 22, 'dropout': 0.3289123899647602, 'hidden_continuous_size': 12, 'attention_head_size': 1, 'learning_rate': 0.0005448006343606174}. Best is trial 0 with value: 5.627740859985352.
[I 2023-12-26 15:43:41,110] Trial 32 finished with value: 26.1838321685791 and parameters: {'gradient_clip_val': 0.27560631521148754, 'hidden_size': 29, 'dropout': 0.29792221420517057, 'hidden_continuous_size': 12, 'attention_head_size': 1, 'learning_rate': 0.0008491144422400004}. Best is trial 0 with value: 5.627740859985352.
[I 2023-12-26 15:43:43,646] Trial 33 finished with value: 19.59821128845215 and parameters: {'gradient_clip_val': 0.2547859451768337, 'hidden_size': 19, 'dropout': 0.350419158717806, 'hidden_continuous_size': 10, 'attention_head_size': 1, 'learning_rate': 0.0005166633300494566}. Best is trial 0 with value: 5.627740859985352.
[I 2023-12-26 15:43:46,037] Trial 34 finished with value: 31.823022842407227 and parameters: {'gradient_clip_val': 0.23189730414785953, 'hidden_size': 14, 'dropout': 0.3727137470990106, 'hidden_continuous_size': 7, 'attention_head_size': 1, 'learning_rate': 0.0012247893575622862}. Best is trial 0 with value: 5.627740859985352.
[I 2023-12-26 15:43:48,749] Trial 35 finished with value: 23.661996841430664 and parameters: {'gradient_clip_val': 0.307418547427415, 'hidden_size': 21, 'dropout': 0.329585966163195, 'hidden_continuous_size': 8, 'attention_head_size': 3, 'learning_rate': 0.0026789636517642085}. Best is trial 0 with value: 5.627740859985352.
[I 2023-12-26 15:43:52,058] Trial 36 finished with value: 36.50446319580078 and parameters: {'gradient_clip_val': 0.19673387060323455, 'hidden_size': 30, 'dropout': 0.40780378842185694, 'hidden_continuous_size': 14, 'attention_head_size': 1, 'learning_rate': 0.0010463907520555575}. Best is trial 0 with value: 5.627740859985352.
