[I 2023-12-15 16:06:19,832] Trial 2 finished with value: 15.921025276184082 and parameters: {'gradient_clip_val': 0.31753413222565674, 'hidden_size': 48, 'dropout': 0.17598177322781836, 'hidden_continuous_size': 18, 'attention_head_size': 3, 'learning_rate': 0.00486878317941748}. Best is trial 1 with value: 7.316478729248047.
LOCAL_RANK: 0 - CUDA_VISIBLE_DEVICES: [0]
[I 2023-12-15 16:07:08,943] Trial 3 finished with value: 17.078384399414062 and parameters: {'gradient_clip_val': 0.15224131943927088, 'hidden_size': 26, 'dropout': 0.20984003195372325, 'hidden_continuous_size': 14, 'attention_head_size': 1, 'learning_rate': 0.03630149013844447}. Best is trial 1 with value: 7.316478729248047.
LOCAL_RANK: 0 - CUDA_VISIBLE_DEVICES: [0]
[I 2023-12-15 16:07:54,848] Trial 4 finished with value: 22.63643455505371 and parameters: {'gradient_clip_val': 0.23052753825445804, 'hidden_size': 7, 'dropout': 0.2478133621383127, 'hidden_continuous_size': 5, 'attention_head_size': 2, 'learning_rate': 0.01470671292205084}. Best is trial 1 with value: 7.316478729248047.
LOCAL_RANK: 0 - CUDA_VISIBLE_DEVICES: [0]
[I 2023-12-15 16:08:31,144] Trial 5 finished with value: 11.707676887512207 and parameters: {'gradient_clip_val': 0.40191002736085013, 'hidden_size': 5, 'dropout': 0.36229659751310883, 'hidden_continuous_size': 5, 'attention_head_size': 1, 'learning_rate': 0.008784683431387387}. Best is trial 1 with value: 7.316478729248047.
LOCAL_RANK: 0 - CUDA_VISIBLE_DEVICES: [0]
[I 2023-12-15 16:09:19,848] Trial 6 finished with value: 11.201255798339844 and parameters: {'gradient_clip_val': 0.5162473045598648, 'hidden_size': 29, 'dropout': 0.269692850078334, 'hidden_continuous_size': 5, 'attention_head_size': 2, 'learning_rate': 0.03548443661844977}. Best is trial 1 with value: 7.316478729248047.
LOCAL_RANK: 0 - CUDA_VISIBLE_DEVICES: [0]
[I 2023-12-15 16:10:11,606] Trial 7 finished with value: 31.48912811279297 and parameters: {'gradient_clip_val': 0.21423151958235845, 'hidden_size': 51, 'dropout': 0.25246414083940916, 'hidden_continuous_size': 5, 'attention_head_size': 2, 'learning_rate': 0.01363002599034102}. Best is trial 1 with value: 7.316478729248047.
LOCAL_RANK: 0 - CUDA_VISIBLE_DEVICES: [0]
[I 2023-12-15 16:11:01,756] Trial 8 finished with value: 19.896608352661133 and parameters: {'gradient_clip_val': 0.9878061621712262, 'hidden_size': 20, 'dropout': 0.39276167237728277, 'hidden_continuous_size': 9, 'attention_head_size': 2, 'learning_rate': 0.0007833457032514318}. Best is trial 1 with value: 7.316478729248047.
LOCAL_RANK: 0 - CUDA_VISIBLE_DEVICES: [0]
[I 2023-12-15 16:11:56,550] Trial 9 finished with value: 27.444910049438477 and parameters: {'gradient_clip_val': 0.5200947148163462, 'hidden_size': 61, 'dropout': 0.134063846014571, 'hidden_continuous_size': 33, 'attention_head_size': 3, 'learning_rate': 0.004494049108635144}. Best is trial 1 with value: 7.316478729248047.
LOCAL_RANK: 0 - CUDA_VISIBLE_DEVICES: [0]
[I 2023-12-15 16:12:43,625] Trial 10 finished with value: 16.553579330444336 and parameters: {'gradient_clip_val': 0.11343322162461489, 'hidden_size': 11, 'dropout': 0.10659334144125165, 'hidden_continuous_size': 7, 'attention_head_size': 4, 'learning_rate': 0.0005161808604759155}. Best is trial 1 with value: 7.316478729248047.
LOCAL_RANK: 0 - CUDA_VISIBLE_DEVICES: [0]
[I 2023-12-15 16:13:31,525] Trial 11 finished with value: 10.058441162109375 and parameters: {'gradient_clip_val': 0.10282677498004043, 'hidden_size': 14, 'dropout': 0.32597746234181557, 'hidden_continuous_size': 7, 'attention_head_size': 4, 'learning_rate': 0.0952408371384578}. Best is trial 1 with value: 7.316478729248047.
LOCAL_RANK: 0 - CUDA_VISIBLE_DEVICES: [0]
[I 2023-12-15 16:14:17,353] Trial 12 finished with value: 23.093795776367188 and parameters: {'gradient_clip_val': 0.1696786555402666, 'hidden_size': 12, 'dropout': 0.3153760208252463, 'hidden_continuous_size': 7, 'attention_head_size': 4, 'learning_rate': 0.09169824096974133}. Best is trial 1 with value: 7.316478729248047.
LOCAL_RANK: 0 - CUDA_VISIBLE_DEVICES: [0]
[I 2023-12-15 16:15:04,219] Trial 13 finished with value: 10.413187026977539 and parameters: {'gradient_clip_val': 0.10392904909234808, 'hidden_size': 13, 'dropout': 0.3161037457926715, 'hidden_continuous_size': 8, 'attention_head_size': 4, 'learning_rate': 0.0017675347134559522}. Best is trial 1 with value: 7.316478729248047.
LOCAL_RANK: 0 - CUDA_VISIBLE_DEVICES: [0]
[I 2023-12-15 16:15:50,556] Trial 14 finished with value: 10.64202880859375 and parameters: {'gradient_clip_val': 0.15668322822469327, 'hidden_size': 16, 'dropout': 0.1718415924339829, 'hidden_continuous_size': 10, 'attention_head_size': 3, 'learning_rate': 0.0022372417708800434}. Best is trial 1 with value: 7.316478729248047.
LOCAL_RANK: 0 - CUDA_VISIBLE_DEVICES: [0]
[I 2023-12-15 16:16:37,417] Trial 15 finished with value: 8.209900856018066 and parameters: {'gradient_clip_val': 0.10239133594543146, 'hidden_size': 9, 'dropout': 0.11699251534731542, 'hidden_continuous_size': 6, 'attention_head_size': 4, 'learning_rate': 0.0015150286160305919}. Best is trial 1 with value: 7.316478729248047.
LOCAL_RANK: 0 - CUDA_VISIBLE_DEVICES: [0]
[I 2023-12-15 16:17:22,902] Trial 16 finished with value: 20.429737091064453 and parameters: {'gradient_clip_val': 0.23684480139340452, 'hidden_size': 8, 'dropout': 0.10596033068038266, 'hidden_continuous_size': 6, 'attention_head_size': 3, 'learning_rate': 0.0013010603258064618}. Best is trial 1 with value: 7.316478729248047.
LOCAL_RANK: 0 - CUDA_VISIBLE_DEVICES: [0]
[I 2023-12-15 16:18:21,735] Trial 17 finished with value: 26.536020278930664 and parameters: {'gradient_clip_val': 0.14545991739006883, 'hidden_size': 95, 'dropout': 0.1460791020367153, 'hidden_continuous_size': 78, 'attention_head_size': 4, 'learning_rate': 0.0011298963246947696}. Best is trial 1 with value: 7.316478729248047.
LOCAL_RANK: 0 - CUDA_VISIBLE_DEVICES: [0]
[I 2023-12-15 16:19:07,265] Trial 18 finished with value: 20.478891372680664 and parameters: {'gradient_clip_val': 0.1848426228322723, 'hidden_size': 8, 'dropout': 0.13715276639459859, 'hidden_continuous_size': 6, 'attention_head_size': 3, 'learning_rate': 0.0025994789246376704}. Best is trial 1 with value: 7.316478729248047.
LOCAL_RANK: 0 - CUDA_VISIBLE_DEVICES: [0]
[I 2023-12-15 16:19:44,841] Trial 19 finished with value: 13.078431129455566 and parameters: {'gradient_clip_val': 0.1304528910150741, 'hidden_size': 5, 'dropout': 0.10362172010305234, 'hidden_continuous_size': 5, 'attention_head_size': 4, 'learning_rate': 0.0005401913390588719}. Best is trial 1 with value: 7.316478729248047.
LOCAL_RANK: 0 - CUDA_VISIBLE_DEVICES: [0]
[I 2023-12-15 16:20:31,373] Trial 20 finished with value: 14.698448181152344 and parameters: {'gradient_clip_val': 0.19335560955515313, 'hidden_size': 10, 'dropout': 0.19357737135309872, 'hidden_continuous_size': 6, 'attention_head_size': 3, 'learning_rate': 0.0010997997167623411}. Best is trial 1 with value: 7.316478729248047.
LOCAL_RANK: 0 - CUDA_VISIBLE_DEVICES: [0]
[I 2023-12-15 16:21:17,659] Trial 21 finished with value: 14.567240715026855 and parameters: {'gradient_clip_val': 0.10264123349629808, 'hidden_size': 16, 'dropout': 0.2116958006820003, 'hidden_continuous_size': 7, 'attention_head_size': 4, 'learning_rate': 0.0029180819422002452}. Best is trial 1 with value: 7.316478729248047.
LOCAL_RANK: 0 - CUDA_VISIBLE_DEVICES: [0]
[I 2023-12-15 16:22:04,468] Trial 22 finished with value: 14.16561508178711 and parameters: {'gradient_clip_val': 0.1302477397306507, 'hidden_size': 15, 'dropout': 0.15470721836640047, 'hidden_continuous_size': 6, 'attention_head_size': 4, 'learning_rate': 0.0016914718375833989}. Best is trial 1 with value: 7.316478729248047.
LOCAL_RANK: 0 - CUDA_VISIBLE_DEVICES: [0]
[I 2023-12-15 16:22:51,207] Trial 23 finished with value: 22.209983825683594 and parameters: {'gradient_clip_val': 0.10065893418200075, 'hidden_size': 11, 'dropout': 0.1273896543592289, 'hidden_continuous_size': 6, 'attention_head_size': 4, 'learning_rate': 0.0009262672909926119}. Best is trial 1 with value: 7.316478729248047.
LOCAL_RANK: 0 - CUDA_VISIBLE_DEVICES: [0]
[I 2023-12-15 16:23:37,508] Trial 24 finished with value: 9.864521026611328 and parameters: {'gradient_clip_val': 0.12888213475622814, 'hidden_size': 9, 'dropout': 0.16429153420373716, 'hidden_continuous_size': 6, 'attention_head_size': 3, 'learning_rate': 0.0035870249215924563}. Best is trial 1 with value: 7.316478729248047.
LOCAL_RANK: 0 - CUDA_VISIBLE_DEVICES: [0]
[I 2023-12-15 16:24:23,920] Trial 25 finished with value: 11.93951416015625 and parameters: {'gradient_clip_val': 0.13697413892372623, 'hidden_size': 7, 'dropout': 0.15828127848529236, 'hidden_continuous_size': 5, 'attention_head_size': 3, 'learning_rate': 0.0033654697997771103}. Best is trial 1 with value: 7.316478729248047.
LOCAL_RANK: 0 - CUDA_VISIBLE_DEVICES: [0]
[I 2023-12-15 16:25:10,487] Trial 26 finished with value: 7.090676784515381 and parameters: {'gradient_clip_val': 0.1586712927766621, 'hidden_size': 9, 'dropout': 0.11784474145617697, 'hidden_continuous_size': 6, 'attention_head_size': 3, 'learning_rate': 0.001587544607570056}. Best is trial 26 with value: 7.090676784515381.
LOCAL_RANK: 0 - CUDA_VISIBLE_DEVICES: [0]
[I 2023-12-15 16:25:57,052] Trial 27 finished with value: 14.392109870910645 and parameters: {'gradient_clip_val': 0.16755047514917545, 'hidden_size': 6, 'dropout': 0.12283031799902352, 'hidden_continuous_size': 5, 'attention_head_size': 3, 'learning_rate': 0.0016684398365504093}. Best is trial 26 with value: 7.090676784515381.
LOCAL_RANK: 0 - CUDA_VISIBLE_DEVICES: [0]
[I 2023-12-15 16:26:43,949] Trial 28 finished with value: 14.328167915344238 and parameters: {'gradient_clip_val': 0.18833892100912522, 'hidden_size': 10, 'dropout': 0.12268146718800785, 'hidden_continuous_size': 6, 'attention_head_size': 3, 'learning_rate': 0.0007872333510001879}. Best is trial 26 with value: 7.090676784515381.
LOCAL_RANK: 0 - CUDA_VISIBLE_DEVICES: [0]
[I 2023-12-15 16:27:29,688] Trial 29 finished with value: 14.321216583251953 and parameters: {'gradient_clip_val': 0.12042025091026161, 'hidden_size': 6, 'dropout': 0.14111021933316265, 'hidden_continuous_size': 5, 'attention_head_size': 2, 'learning_rate': 0.0021115590723700555}. Best is trial 26 with value: 7.090676784515381.
LOCAL_RANK: 0 - CUDA_VISIBLE_DEVICES: [0]
[I 2023-12-15 16:28:16,849] Trial 30 finished with value: 21.003690719604492 and parameters: {'gradient_clip_val': 0.2517163341418502, 'hidden_size': 20, 'dropout': 0.10624386220011907, 'hidden_continuous_size': 8, 'attention_head_size': 1, 'learning_rate': 0.001450452286530751}. Best is trial 26 with value: 7.090676784515381.
LOCAL_RANK: 0 - CUDA_VISIBLE_DEVICES: [0]
[I 2023-12-15 16:29:02,926] Trial 31 finished with value: 9.394472122192383 and parameters: {'gradient_clip_val': 0.12382930144724466, 'hidden_size': 9, 'dropout': 0.16511815818147102, 'hidden_continuous_size': 6, 'attention_head_size': 3, 'learning_rate': 0.003385471291275585}. Best is trial 26 with value: 7.090676784515381.
LOCAL_RANK: 0 - CUDA_VISIBLE_DEVICES: [0]
[I 2023-12-15 16:29:49,548] Trial 32 finished with value: 11.434470176696777 and parameters: {'gradient_clip_val': 0.14994237623500628, 'hidden_size': 9, 'dropout': 0.18078288832960934, 'hidden_continuous_size': 6, 'attention_head_size': 3, 'learning_rate': 0.00139001321469038}. Best is trial 26 with value: 7.090676784515381.
LOCAL_RANK: 0 - CUDA_VISIBLE_DEVICES: [0]
[I 2023-12-15 16:30:35,151] Trial 33 finished with value: 9.845980644226074 and parameters: {'gradient_clip_val': 0.1163965903056668, 'hidden_size': 12, 'dropout': 0.14473055441867644, 'hidden_continuous_size': 7, 'attention_head_size': 3, 'learning_rate': 0.0023106599024647857}. Best is trial 26 with value: 7.090676784515381.
LOCAL_RANK: 0 - CUDA_VISIBLE_DEVICES: [0]
[I 2023-12-15 16:31:21,161] Trial 34 finished with value: 21.71735954284668 and parameters: {'gradient_clip_val': 0.14015747224976413, 'hidden_size': 9, 'dropout': 0.1242270832516332, 'hidden_continuous_size': 6, 'attention_head_size': 3, 'learning_rate': 0.0049406114127432555}. Best is trial 26 with value: 7.090676784515381.
LOCAL_RANK: 0 - CUDA_VISIBLE_DEVICES: [0]
[I 2023-12-15 16:32:07,565] Trial 35 finished with value: 19.995824813842773 and parameters: {'gradient_clip_val': 0.15985659495161708, 'hidden_size': 7, 'dropout': 0.1716359206650635, 'hidden_continuous_size': 5, 'attention_head_size': 2, 'learning_rate': 0.0007916669213030659}. Best is trial 26 with value: 7.090676784515381.
LOCAL_RANK: 0 - CUDA_VISIBLE_DEVICES: [0]
[I 2023-12-15 16:32:54,262] Trial 36 finished with value: 21.52630615234375 and parameters: {'gradient_clip_val': 0.11975549732486962, 'hidden_size': 11, 'dropout': 0.1534872125399747, 'hidden_continuous_size': 6, 'attention_head_size': 3, 'learning_rate': 0.0020236361549390083}. Best is trial 26 with value: 7.090676784515381.
LOCAL_RANK: 0 - CUDA_VISIBLE_DEVICES: [0]
[I 2023-12-15 16:33:42,223] Trial 37 finished with value: 23.062952041625977 and parameters: {'gradient_clip_val': 0.2594889988039937, 'hidden_size': 17, 'dropout': 0.12178487991861815, 'hidden_continuous_size': 10, 'attention_head_size': 2, 'learning_rate': 0.006473163559749741}. Best is trial 26 with value: 7.090676784515381.
LOCAL_RANK: 0 - CUDA_VISIBLE_DEVICES: [0]
[I 2023-12-15 16:34:30,490] Trial 38 finished with value: 18.324766159057617 and parameters: {'gradient_clip_val': 0.14255816138257316, 'hidden_size': 24, 'dropout': 0.19848150816675422, 'hidden_continuous_size': 11, 'attention_head_size': 1, 'learning_rate': 0.0029710078856642367}. Best is trial 26 with value: 7.090676784515381.
LOCAL_RANK: 0 - CUDA_VISIBLE_DEVICES: [0]
[I 2023-12-15 16:35:16,982] Trial 39 finished with value: 14.856666564941406 and parameters: {'gradient_clip_val': 0.2123455276758246, 'hidden_size': 13, 'dropout': 0.14120127134914612, 'hidden_continuous_size': 7, 'attention_head_size': 2, 'learning_rate': 0.0010263885014419416}. Best is trial 26 with value: 7.090676784515381.
LOCAL_RANK: 0 - CUDA_VISIBLE_DEVICES: [0]
[I 2023-12-15 16:36:07,074] Trial 40 finished with value: 16.399694442749023 and parameters: {'gradient_clip_val': 0.1720520628835586, 'hidden_size': 31, 'dropout': 0.11454529408239299, 'hidden_continuous_size': 12, 'attention_head_size': 3, 'learning_rate': 0.0013345064782096796}. Best is trial 26 with value: 7.090676784515381.
LOCAL_RANK: 0 - CUDA_VISIBLE_DEVICES: [0]
[I 2023-12-15 16:36:53,789] Trial 41 finished with value: 6.668479919433594 and parameters: {'gradient_clip_val': 0.11779360267275742, 'hidden_size': 13, 'dropout': 0.1451658505546542, 'hidden_continuous_size': 7, 'attention_head_size': 3, 'learning_rate': 0.0026428924753835446}. Best is trial 41 with value: 6.668479919433594.
LOCAL_RANK: 0 - CUDA_VISIBLE_DEVICES: [0]
[I 2023-12-15 16:37:40,820] Trial 42 finished with value: 15.819079399108887 and parameters: {'gradient_clip_val': 0.11977268655392298, 'hidden_size': 14, 'dropout': 0.13106330492517676, 'hidden_continuous_size': 8, 'attention_head_size': 3, 'learning_rate': 0.004112339767472519}. Best is trial 41 with value: 6.668479919433594.
LOCAL_RANK: 0 - CUDA_VISIBLE_DEVICES: [0]
[I 2023-12-15 16:38:28,264] Trial 43 finished with value: 21.108386993408203 and parameters: {'gradient_clip_val': 0.11303756086278874, 'hidden_size': 17, 'dropout': 0.10099937395182693, 'hidden_continuous_size': 8, 'attention_head_size': 3, 'learning_rate': 0.0025762566576558506}. Best is trial 41 with value: 6.668479919433594.
LOCAL_RANK: 0 - CUDA_VISIBLE_DEVICES: [0]
[I 2023-12-15 16:39:14,098] Trial 44 finished with value: 21.825159072875977 and parameters: {'gradient_clip_val': 0.13489851071185413, 'hidden_size': 12, 'dropout': 0.15155473140264164, 'hidden_continuous_size': 7, 'attention_head_size': 4, 'learning_rate': 0.001804611267517153}. Best is trial 41 with value: 6.668479919433594.
LOCAL_RANK: 0 - CUDA_VISIBLE_DEVICES: [0]
[I 2023-12-15 16:40:00,226] Trial 45 finished with value: 18.622758865356445 and parameters: {'gradient_clip_val': 0.1523694172912635, 'hidden_size': 10, 'dropout': 0.11421973791731517, 'hidden_continuous_size': 6, 'attention_head_size': 3, 'learning_rate': 0.005071211416126454}. Best is trial 41 with value: 6.668479919433594.
LOCAL_RANK: 0 - CUDA_VISIBLE_DEVICES: [0]
[I 2023-12-15 16:40:45,935] Trial 46 finished with value: 12.883148193359375 and parameters: {'gradient_clip_val': 0.11115323563711783, 'hidden_size': 14, 'dropout': 0.13704491933808263, 'hidden_continuous_size': 7, 'attention_head_size': 2, 'learning_rate': 0.0037310982625489188}. Best is trial 41 with value: 6.668479919433594.
LOCAL_RANK: 0 - CUDA_VISIBLE_DEVICES: [0]
[I 2023-12-15 16:41:34,768] Trial 47 finished with value: 10.313765525817871 and parameters: {'gradient_clip_val': 0.1288340284849028, 'hidden_size': 18, 'dropout': 0.15989700314162514, 'hidden_continuous_size': 9, 'attention_head_size': 4, 'learning_rate': 0.002839599993472175}. Best is trial 41 with value: 6.668479919433594.
LOCAL_RANK: 0 - CUDA_VISIBLE_DEVICES: [0]
[I 2023-12-15 16:42:24,570] Trial 48 finished with value: 5.110538482666016 and parameters: {'gradient_clip_val': 0.10014480029966787, 'hidden_size': 22, 'dropout': 0.11646825362491514, 'hidden_continuous_size': 9, 'attention_head_size': 3, 'learning_rate': 0.0006121393775858105}. Best is trial 48 with value: 5.110538482666016.
LOCAL_RANK: 0 - CUDA_VISIBLE_DEVICES: [0]
[I 2023-12-15 16:43:13,932] Trial 49 finished with value: 12.149394989013672 and parameters: {'gradient_clip_val': 0.10955750400522822, 'hidden_size': 19, 'dropout': 0.10059392512292153, 'hidden_continuous_size': 9, 'attention_head_size': 4, 'learning_rate': 0.0006563630960021018}. Best is trial 48 with value: 5.110538482666016.
[I 2023-12-15 16:43:14,026] A new study created in memory with name: no-name-8f93f360-5446-49e0-adca-f59b35fdc11e
/home/le004/conda/anaconda3/envs/tsff_env/lib/python3.9/site-packages/lightning/fabric/plugins/environments/slurm.py:191: The `srun` command is available on your system but is not used. HINT: If your intention is to run Lightning on SLURM, prepend your python command with `srun` like so: srun python /home/le004/master_thesis/git/TSFusionForecast/code/ ...
LOCAL_RANK: 0 - CUDA_VISIBLE_DEVICES: [0]
[I 2023-12-15 16:43:59,280] Trial 0 finished with value: 24.0124568939209 and parameters: {'gradient_clip_val': 0.6697284698628119, 'hidden_size': 10, 'dropout': 0.21207626327144313, 'hidden_continuous_size': 5, 'attention_head_size': 1, 'learning_rate': 0.025828820938235304}. Best is trial 0 with value: 24.0124568939209.
LOCAL_RANK: 0 - CUDA_VISIBLE_DEVICES: [0]
[I 2023-12-15 16:44:51,562] Trial 1 finished with value: 12.66186809539795 and parameters: {'gradient_clip_val': 0.21176329093069438, 'hidden_size': 40, 'dropout': 0.21765076735561611, 'hidden_continuous_size': 21, 'attention_head_size': 4, 'learning_rate': 0.01241106254408647}. Best is trial 1 with value: 12.66186809539795.
LOCAL_RANK: 0 - CUDA_VISIBLE_DEVICES: [0]
[I 2023-12-15 16:45:45,904] Trial 2 finished with value: 5.206522464752197 and parameters: {'gradient_clip_val': 0.15494864364283742, 'hidden_size': 51, 'dropout': 0.3051088293933424, 'hidden_continuous_size': 48, 'attention_head_size': 3, 'learning_rate': 0.0005334641147702857}. Best is trial 2 with value: 5.206522464752197.
LOCAL_RANK: 0 - CUDA_VISIBLE_DEVICES: [0]
[I 2023-12-15 16:46:21,578] Trial 3 finished with value: 13.973799705505371 and parameters: {'gradient_clip_val': 0.6128802890929348, 'hidden_size': 8, 'dropout': 0.141076632783925, 'hidden_continuous_size': 8, 'attention_head_size': 1, 'learning_rate': 0.051696013525654075}. Best is trial 2 with value: 5.206522464752197.
LOCAL_RANK: 0 - CUDA_VISIBLE_DEVICES: [0]
[I 2023-12-15 16:47:11,600] Trial 4 finished with value: 30.306955337524414 and parameters: {'gradient_clip_val': 0.7594459686542347, 'hidden_size': 56, 'dropout': 0.21064230025220934, 'hidden_continuous_size': 6, 'attention_head_size': 1, 'learning_rate': 0.0007334878858261677}. Best is trial 2 with value: 5.206522464752197.
LOCAL_RANK: 0 - CUDA_VISIBLE_DEVICES: [0]
[I 2023-12-15 16:48:00,858] Trial 5 finished with value: 25.40169334411621 and parameters: {'gradient_clip_val': 0.14044287641378567, 'hidden_size': 31, 'dropout': 0.23935654750375687, 'hidden_continuous_size': 7, 'attention_head_size': 1, 'learning_rate': 0.002443976566271884}. Best is trial 2 with value: 5.206522464752197.
LOCAL_RANK: 0 - CUDA_VISIBLE_DEVICES: [0]
[I 2023-12-15 16:48:48,054] Trial 6 finished with value: 7.427864074707031 and parameters: {'gradient_clip_val': 0.9681882220301246, 'hidden_size': 13, 'dropout': 0.2215097044411376, 'hidden_continuous_size': 8, 'attention_head_size': 2, 'learning_rate': 0.06958929802461085}. Best is trial 2 with value: 5.206522464752197.
LOCAL_RANK: 0 - CUDA_VISIBLE_DEVICES: [0]
[I 2023-12-15 16:49:41,069] Trial 7 finished with value: 38.9190559387207 and parameters: {'gradient_clip_val': 0.16597579240369806, 'hidden_size': 42, 'dropout': 0.34950762541560165, 'hidden_continuous_size': 37, 'attention_head_size': 1, 'learning_rate': 0.029320312685453515}. Best is trial 2 with value: 5.206522464752197.
LOCAL_RANK: 0 - CUDA_VISIBLE_DEVICES: [0]
[I 2023-12-15 16:50:30,529] Trial 8 finished with value: 12.983001708984375 and parameters: {'gradient_clip_val': 0.22923290547500902, 'hidden_size': 26, 'dropout': 0.3287111471441073, 'hidden_continuous_size': 7, 'attention_head_size': 3, 'learning_rate': 0.007689126319343224}. Best is trial 2 with value: 5.206522464752197.
LOCAL_RANK: 0 - CUDA_VISIBLE_DEVICES: [0]
[I 2023-12-15 16:51:16,017] Trial 9 finished with value: 11.534899711608887 and parameters: {'gradient_clip_val': 0.10087925738488174, 'hidden_size': 7, 'dropout': 0.3928676662912338, 'hidden_continuous_size': 5, 'attention_head_size': 2, 'learning_rate': 0.004076363637591509}. Best is trial 2 with value: 5.206522464752197.
LOCAL_RANK: 0 - CUDA_VISIBLE_DEVICES: [0]
