[I 2023-12-16 10:04:32,118] Trial 28 finished with value: 11.9130277633667 and parameters: {'gradient_clip_val': 0.4154220150929049, 'hidden_size': 27, 'dropout': 0.17395367292440214, 'hidden_continuous_size': 9, 'attention_head_size': 3, 'learning_rate': 0.002372439857540816}. Best is trial 11 with value: 10.294132232666016.
LOCAL_RANK: 0 - CUDA_VISIBLE_DEVICES: [0]
[I 2023-12-16 10:05:19,404] Trial 29 finished with value: 10.808937072753906 and parameters: {'gradient_clip_val': 0.32794201434393133, 'hidden_size': 20, 'dropout': 0.24359330773351381, 'hidden_continuous_size': 8, 'attention_head_size': 3, 'learning_rate': 0.002906512670191206}. Best is trial 11 with value: 10.294132232666016.
LOCAL_RANK: 0 - CUDA_VISIBLE_DEVICES: [0]
[I 2023-12-16 10:06:07,545] Trial 30 finished with value: 10.909817695617676 and parameters: {'gradient_clip_val': 0.502252759987937, 'hidden_size': 24, 'dropout': 0.1588517902151364, 'hidden_continuous_size': 10, 'attention_head_size': 4, 'learning_rate': 0.0014045840540966661}. Best is trial 11 with value: 10.294132232666016.
LOCAL_RANK: 0 - CUDA_VISIBLE_DEVICES: [0]
[I 2023-12-16 10:06:58,871] Trial 31 finished with value: 10.889473915100098 and parameters: {'gradient_clip_val': 0.5809524409803218, 'hidden_size': 37, 'dropout': 0.20283193276176134, 'hidden_continuous_size': 13, 'attention_head_size': 3, 'learning_rate': 0.0010957339107789288}. Best is trial 11 with value: 10.294132232666016.
LOCAL_RANK: 0 - CUDA_VISIBLE_DEVICES: [0]
[I 2023-12-16 10:07:51,936] Trial 32 finished with value: 11.596717834472656 and parameters: {'gradient_clip_val': 0.4526459066470381, 'hidden_size': 51, 'dropout': 0.2080468377310811, 'hidden_continuous_size': 13, 'attention_head_size': 3, 'learning_rate': 0.0019475443675382876}. Best is trial 11 with value: 10.294132232666016.
LOCAL_RANK: 0 - CUDA_VISIBLE_DEVICES: [0]
[I 2023-12-16 10:08:41,503] Trial 33 finished with value: 11.623771667480469 and parameters: {'gradient_clip_val': 0.5822083216143547, 'hidden_size': 31, 'dropout': 0.19198787836384362, 'hidden_continuous_size': 14, 'attention_head_size': 3, 'learning_rate': 0.0007829924389107748}. Best is trial 11 with value: 10.294132232666016.
LOCAL_RANK: 0 - CUDA_VISIBLE_DEVICES: [0]
[I 2023-12-16 10:09:34,268] Trial 34 finished with value: 11.791485786437988 and parameters: {'gradient_clip_val': 0.7598300672970796, 'hidden_size': 43, 'dropout': 0.2240585291987099, 'hidden_continuous_size': 14, 'attention_head_size': 3, 'learning_rate': 0.0016144687074361932}. Best is trial 11 with value: 10.294132232666016.
LOCAL_RANK: 0 - CUDA_VISIBLE_DEVICES: [0]
[I 2023-12-16 10:10:25,573] Trial 35 finished with value: 11.848984718322754 and parameters: {'gradient_clip_val': 0.4761577607782017, 'hidden_size': 67, 'dropout': 0.18458382964064107, 'hidden_continuous_size': 5, 'attention_head_size': 3, 'learning_rate': 0.0023252632419572357}. Best is trial 11 with value: 10.294132232666016.
LOCAL_RANK: 0 - CUDA_VISIBLE_DEVICES: [0]
[I 2023-12-16 10:11:19,220] Trial 36 finished with value: 11.662381172180176 and parameters: {'gradient_clip_val': 0.15324838937417576, 'hidden_size': 54, 'dropout': 0.2131170457284861, 'hidden_continuous_size': 11, 'attention_head_size': 4, 'learning_rate': 0.0010013583488831391}. Best is trial 11 with value: 10.294132232666016.
LOCAL_RANK: 0 - CUDA_VISIBLE_DEVICES: [0]
[I 2023-12-16 10:12:06,962] Trial 37 finished with value: 11.25416088104248 and parameters: {'gradient_clip_val': 0.9967773480509193, 'hidden_size': 28, 'dropout': 0.25158332907750225, 'hidden_continuous_size': 12, 'attention_head_size': 2, 'learning_rate': 0.0013237910466745023}. Best is trial 11 with value: 10.294132232666016.
LOCAL_RANK: 0 - CUDA_VISIBLE_DEVICES: [0]
[I 2023-12-16 10:12:57,566] Trial 38 finished with value: 14.554954528808594 and parameters: {'gradient_clip_val': 0.2650874326014332, 'hidden_size': 40, 'dropout': 0.15078327295759036, 'hidden_continuous_size': 11, 'attention_head_size': 3, 'learning_rate': 0.003388261298491375}. Best is trial 11 with value: 10.294132232666016.
LOCAL_RANK: 0 - CUDA_VISIBLE_DEVICES: [0]
[I 2023-12-16 10:13:51,021] Trial 39 finished with value: 12.732086181640625 and parameters: {'gradient_clip_val': 0.6790839701921658, 'hidden_size': 80, 'dropout': 0.2373728403496554, 'hidden_continuous_size': 8, 'attention_head_size': 4, 'learning_rate': 0.0021227897014865055}. Best is trial 11 with value: 10.294132232666016.
LOCAL_RANK: 0 - CUDA_VISIBLE_DEVICES: [0]
[I 2023-12-16 10:14:39,102] Trial 40 finished with value: 11.208592414855957 and parameters: {'gradient_clip_val': 0.8504192897493908, 'hidden_size': 24, 'dropout': 0.2744894281875027, 'hidden_continuous_size': 12, 'attention_head_size': 3, 'learning_rate': 0.0006799814579780836}. Best is trial 11 with value: 10.294132232666016.
LOCAL_RANK: 0 - CUDA_VISIBLE_DEVICES: [0]
[I 2023-12-16 10:15:30,383] Trial 41 finished with value: 11.616412162780762 and parameters: {'gradient_clip_val': 0.8014492361198368, 'hidden_size': 44, 'dropout': 0.21403426386979427, 'hidden_continuous_size': 15, 'attention_head_size': 1, 'learning_rate': 0.0006033132807379182}. Best is trial 11 with value: 10.294132232666016.
LOCAL_RANK: 0 - CUDA_VISIBLE_DEVICES: [0]
[I 2023-12-16 10:16:21,875] Trial 42 finished with value: 12.83564281463623 and parameters: {'gradient_clip_val': 0.687800756419037, 'hidden_size': 52, 'dropout': 0.1928903011151357, 'hidden_continuous_size': 17, 'attention_head_size': 1, 'learning_rate': 0.0009183649990495939}. Best is trial 11 with value: 10.294132232666016.
LOCAL_RANK: 0 - CUDA_VISIBLE_DEVICES: [0]
[I 2023-12-16 10:17:14,204] Trial 43 finished with value: 10.752128601074219 and parameters: {'gradient_clip_val': 0.8345848213136652, 'hidden_size': 43, 'dropout': 0.20797472024720332, 'hidden_continuous_size': 15, 'attention_head_size': 2, 'learning_rate': 0.000655170129188409}. Best is trial 11 with value: 10.294132232666016.
LOCAL_RANK: 0 - CUDA_VISIBLE_DEVICES: [0]
[I 2023-12-16 10:18:07,856] Trial 44 finished with value: 11.272770881652832 and parameters: {'gradient_clip_val': 0.9245229312662957, 'hidden_size': 63, 'dropout': 0.17400568737916577, 'hidden_continuous_size': 19, 'attention_head_size': 2, 'learning_rate': 0.0006907813214204728}. Best is trial 11 with value: 10.294132232666016.
LOCAL_RANK: 0 - CUDA_VISIBLE_DEVICES: [0]
[I 2023-12-16 10:18:57,496] Trial 45 finished with value: 11.634827613830566 and parameters: {'gradient_clip_val': 0.5851871406753378, 'hidden_size': 36, 'dropout': 0.23435431123876566, 'hidden_continuous_size': 14, 'attention_head_size': 2, 'learning_rate': 0.0013032588665016053}. Best is trial 11 with value: 10.294132232666016.
LOCAL_RANK: 0 - CUDA_VISIBLE_DEVICES: [0]
[I 2023-12-16 10:19:44,510] Trial 46 finished with value: 11.791328430175781 and parameters: {'gradient_clip_val': 0.8397281266824771, 'hidden_size': 17, 'dropout': 0.20935423339002684, 'hidden_continuous_size': 10, 'attention_head_size': 2, 'learning_rate': 0.0009646311441160015}. Best is trial 11 with value: 10.294132232666016.
LOCAL_RANK: 0 - CUDA_VISIBLE_DEVICES: [0]
[I 2023-12-16 10:20:34,087] Trial 47 finished with value: 11.675108909606934 and parameters: {'gradient_clip_val': 0.6783047647830998, 'hidden_size': 30, 'dropout': 0.2553189901099722, 'hidden_continuous_size': 12, 'attention_head_size': 3, 'learning_rate': 0.0006489682991434598}. Best is trial 11 with value: 10.294132232666016.
LOCAL_RANK: 0 - CUDA_VISIBLE_DEVICES: [0]
[I 2023-12-16 10:21:27,270] Trial 48 finished with value: 13.3556547164917 and parameters: {'gradient_clip_val': 0.9083135472875038, 'hidden_size': 58, 'dropout': 0.18902469680067321, 'hidden_continuous_size': 23, 'attention_head_size': 2, 'learning_rate': 0.0011691429946959046}. Best is trial 11 with value: 10.294132232666016.
LOCAL_RANK: 0 - CUDA_VISIBLE_DEVICES: [0]
[I 2023-12-16 10:22:19,445] Trial 49 finished with value: 11.39249038696289 and parameters: {'gradient_clip_val': 0.8495886177847459, 'hidden_size': 39, 'dropout': 0.23268921267706197, 'hidden_continuous_size': 15, 'attention_head_size': 3, 'learning_rate': 0.0056452754751685034}. Best is trial 11 with value: 10.294132232666016.
[I 2023-12-16 10:22:19,539] A new study created in memory with name: no-name-61507812-ecea-44f5-88f5-e096c0b076ae
/home/le004/conda/anaconda3/envs/tsff_env/lib/python3.9/site-packages/lightning/fabric/plugins/environments/slurm.py:191: The `srun` command is available on your system but is not used. HINT: If your intention is to run Lightning on SLURM, prepend your python command with `srun` like so: srun python /home/le004/master_thesis/git/TSFusionForecast/code/ ...
LOCAL_RANK: 0 - CUDA_VISIBLE_DEVICES: [0]
[I 2023-12-16 10:23:13,703] Trial 0 finished with value: 3104.483642578125 and parameters: {'gradient_clip_val': 0.8442803863582199, 'hidden_size': 62, 'dropout': 0.3269412014130373, 'hidden_continuous_size': 52, 'attention_head_size': 1, 'learning_rate': 0.0007622437780689978}. Best is trial 0 with value: 3104.483642578125.
LOCAL_RANK: 0 - CUDA_VISIBLE_DEVICES: [0]
[I 2023-12-16 10:23:59,261] Trial 1 finished with value: 10963.5166015625 and parameters: {'gradient_clip_val': 0.9522518335575074, 'hidden_size': 9, 'dropout': 0.2533130397442579, 'hidden_continuous_size': 8, 'attention_head_size': 2, 'learning_rate': 0.0006848010229082063}. Best is trial 0 with value: 3104.483642578125.
LOCAL_RANK: 0 - CUDA_VISIBLE_DEVICES: [0]
[I 2023-12-16 10:24:50,693] Trial 2 finished with value: 2617.442138671875 and parameters: {'gradient_clip_val': 0.9794252379353974, 'hidden_size': 40, 'dropout': 0.11619959550589451, 'hidden_continuous_size': 36, 'attention_head_size': 1, 'learning_rate': 0.001026386192691538}. Best is trial 2 with value: 2617.442138671875.
LOCAL_RANK: 0 - CUDA_VISIBLE_DEVICES: [0]
[I 2023-12-16 10:25:36,222] Trial 3 finished with value: 8512.1416015625 and parameters: {'gradient_clip_val': 0.1882591930440096, 'hidden_size': 11, 'dropout': 0.15088918025008097, 'hidden_continuous_size': 5, 'attention_head_size': 2, 'learning_rate': 0.0005747794082494323}. Best is trial 2 with value: 2617.442138671875.
LOCAL_RANK: 0 - CUDA_VISIBLE_DEVICES: [0]
[I 2023-12-16 10:26:25,233] Trial 4 finished with value: 3819.489501953125 and parameters: {'gradient_clip_val': 0.14616674223828807, 'hidden_size': 26, 'dropout': 0.2162371533763815, 'hidden_continuous_size': 13, 'attention_head_size': 2, 'learning_rate': 0.019264187462108468}. Best is trial 2 with value: 2617.442138671875.
LOCAL_RANK: 0 - CUDA_VISIBLE_DEVICES: [0]
[I 2023-12-16 10:27:09,382] Trial 5 finished with value: 2235.842041015625 and parameters: {'gradient_clip_val': 0.1525874672220961, 'hidden_size': 12, 'dropout': 0.10360462783039331, 'hidden_continuous_size': 9, 'attention_head_size': 1, 'learning_rate': 0.01062493630066111}. Best is trial 5 with value: 2235.842041015625.
LOCAL_RANK: 0 - CUDA_VISIBLE_DEVICES: [0]
[I 2023-12-16 10:27:58,153] Trial 6 finished with value: 4026.494873046875 and parameters: {'gradient_clip_val': 0.8309763191512911, 'hidden_size': 37, 'dropout': 0.19820197807406836, 'hidden_continuous_size': 6, 'attention_head_size': 1, 'learning_rate': 0.03357317592623135}. Best is trial 5 with value: 2235.842041015625.
LOCAL_RANK: 0 - CUDA_VISIBLE_DEVICES: [0]
[I 2023-12-16 10:28:52,051] Trial 7 finished with value: 3318.283203125 and parameters: {'gradient_clip_val': 0.15701199044274408, 'hidden_size': 75, 'dropout': 0.13764467759810567, 'hidden_continuous_size': 16, 'attention_head_size': 1, 'learning_rate': 0.00811299444552962}. Best is trial 5 with value: 2235.842041015625.
LOCAL_RANK: 0 - CUDA_VISIBLE_DEVICES: [0]
[I 2023-12-16 10:29:47,132] Trial 8 finished with value: 4162.96484375 and parameters: {'gradient_clip_val': 0.3625012386166137, 'hidden_size': 58, 'dropout': 0.3559753297118564, 'hidden_continuous_size': 49, 'attention_head_size': 4, 'learning_rate': 0.09796109009431192}. Best is trial 5 with value: 2235.842041015625.
LOCAL_RANK: 0 - CUDA_VISIBLE_DEVICES: [0]
[I 2023-12-16 10:30:36,487] Trial 9 finished with value: 3544.078125 and parameters: {'gradient_clip_val': 0.42921455807526715, 'hidden_size': 41, 'dropout': 0.3468932742238495, 'hidden_continuous_size': 5, 'attention_head_size': 2, 'learning_rate': 0.0006862548871563918}. Best is trial 5 with value: 2235.842041015625.
LOCAL_RANK: 0 - CUDA_VISIBLE_DEVICES: [0]
[I 2023-12-16 10:31:11,317] Trial 10 finished with value: 6348.541015625 and parameters: {'gradient_clip_val': 0.10276824831468943, 'hidden_size': 5, 'dropout': 0.12058108181921291, 'hidden_continuous_size': 5, 'attention_head_size': 4, 'learning_rate': 0.0030703732874942055}. Best is trial 5 with value: 2235.842041015625.
LOCAL_RANK: 0 - CUDA_VISIBLE_DEVICES: [0]
[I 2023-12-16 10:31:58,698] Trial 11 finished with value: 2125.301025390625 and parameters: {'gradient_clip_val': 0.24809206037088696, 'hidden_size': 17, 'dropout': 0.10046993969993542, 'hidden_continuous_size': 10, 'attention_head_size': 3, 'learning_rate': 0.0028402480915520004}. Best is trial 11 with value: 2125.301025390625.
LOCAL_RANK: 0 - CUDA_VISIBLE_DEVICES: [0]
[I 2023-12-16 10:32:44,233] Trial 12 finished with value: 3403.474609375 and parameters: {'gradient_clip_val': 0.2503185101083093, 'hidden_size': 16, 'dropout': 0.10048073570134584, 'hidden_continuous_size': 9, 'attention_head_size': 3, 'learning_rate': 0.0034178846927764924}. Best is trial 11 with value: 2125.301025390625.
LOCAL_RANK: 0 - CUDA_VISIBLE_DEVICES: [0]
[I 2023-12-16 10:33:31,387] Trial 13 finished with value: 2798.4482421875 and parameters: {'gradient_clip_val': 0.25450176474421043, 'hidden_size': 17, 'dropout': 0.1686957809042639, 'hidden_continuous_size': 9, 'attention_head_size': 3, 'learning_rate': 0.006243470905093707}. Best is trial 11 with value: 2125.301025390625.
LOCAL_RANK: 0 - CUDA_VISIBLE_DEVICES: [0]
[I 2023-12-16 10:34:19,134] Trial 14 finished with value: 2949.632568359375 and parameters: {'gradient_clip_val': 0.111612348081743, 'hidden_size': 24, 'dropout': 0.184210576626339, 'hidden_continuous_size': 7, 'attention_head_size': 3, 'learning_rate': 0.0018267191063522014}. Best is trial 11 with value: 2125.301025390625.
LOCAL_RANK: 0 - CUDA_VISIBLE_DEVICES: [0]
[I 2023-12-16 10:35:04,327] Trial 15 finished with value: 1132.6815185546875 and parameters: {'gradient_clip_val': 0.20939575607346528, 'hidden_size': 12, 'dropout': 0.10422776234394333, 'hidden_continuous_size': 9, 'attention_head_size': 3, 'learning_rate': 0.008912719579908638}. Best is trial 15 with value: 1132.6815185546875.
LOCAL_RANK: 0 - CUDA_VISIBLE_DEVICES: [0]
[I 2023-12-16 10:35:49,793] Trial 16 finished with value: 5472.61865234375 and parameters: {'gradient_clip_val': 0.2481575966609283, 'hidden_size': 7, 'dropout': 0.15142202233232252, 'hidden_continuous_size': 5, 'attention_head_size': 3, 'learning_rate': 0.003976567395797972}. Best is trial 15 with value: 1132.6815185546875.
LOCAL_RANK: 0 - CUDA_VISIBLE_DEVICES: [0]
[I 2023-12-16 10:36:36,616] Trial 17 finished with value: 4311.76513671875 and parameters: {'gradient_clip_val': 0.4030694334987677, 'hidden_size': 14, 'dropout': 0.14443267089933032, 'hidden_continuous_size': 10, 'attention_head_size': 4, 'learning_rate': 0.0017003971364139474}. Best is trial 15 with value: 1132.6815185546875.
LOCAL_RANK: 0 - CUDA_VISIBLE_DEVICES: [0]
[I 2023-12-16 10:37:24,983] Trial 18 finished with value: 5909.50634765625 and parameters: {'gradient_clip_val': 0.311030427813644, 'hidden_size': 19, 'dropout': 0.2375632509737764, 'hidden_continuous_size': 11, 'attention_head_size': 3, 'learning_rate': 0.012994045938844375}. Best is trial 15 with value: 1132.6815185546875.
LOCAL_RANK: 0 - CUDA_VISIBLE_DEVICES: [0]
[I 2023-12-16 10:38:09,991] Trial 19 finished with value: 1914.201171875 and parameters: {'gradient_clip_val': 0.19877220053534894, 'hidden_size': 8, 'dropout': 0.1743062364907196, 'hidden_continuous_size': 6, 'attention_head_size': 4, 'learning_rate': 0.005609009263975767}. Best is trial 15 with value: 1132.6815185546875.
LOCAL_RANK: 0 - CUDA_VISIBLE_DEVICES: [0]
[I 2023-12-16 10:38:55,809] Trial 20 finished with value: 3096.451416015625 and parameters: {'gradient_clip_val': 0.20126459537482722, 'hidden_size': 7, 'dropout': 0.18187925881414083, 'hidden_continuous_size': 6, 'attention_head_size': 4, 'learning_rate': 0.005391093575004862}. Best is trial 15 with value: 1132.6815185546875.
LOCAL_RANK: 0 - CUDA_VISIBLE_DEVICES: [0]
[I 2023-12-16 10:39:41,871] Trial 21 finished with value: 4012.993408203125 and parameters: {'gradient_clip_val': 0.20635598335632685, 'hidden_size': 10, 'dropout': 0.12884942740109656, 'hidden_continuous_size': 6, 'attention_head_size': 4, 'learning_rate': 0.0054531917216016435}. Best is trial 15 with value: 1132.6815185546875.
LOCAL_RANK: 0 - CUDA_VISIBLE_DEVICES: [0]
[I 2023-12-16 10:40:27,714] Trial 22 finished with value: 2443.273193359375 and parameters: {'gradient_clip_val': 0.29068654809404765, 'hidden_size': 14, 'dropout': 0.1066962062768268, 'hidden_continuous_size': 7, 'attention_head_size': 3, 'learning_rate': 0.0028232987830749917}. Best is trial 15 with value: 1132.6815185546875.
LOCAL_RANK: 0 - CUDA_VISIBLE_DEVICES: [0]
[I 2023-12-16 10:41:16,616] Trial 23 finished with value: 3306.8681640625 and parameters: {'gradient_clip_val': 0.18657861926469924, 'hidden_size': 21, 'dropout': 0.1574149748883985, 'hidden_continuous_size': 8, 'attention_head_size': 4, 'learning_rate': 0.002082676918685416}. Best is trial 15 with value: 1132.6815185546875.
LOCAL_RANK: 0 - CUDA_VISIBLE_DEVICES: [0]
[I 2023-12-16 10:42:00,725] Trial 24 finished with value: 1646.3182373046875 and parameters: {'gradient_clip_val': 0.23163713798221464, 'hidden_size': 8, 'dropout': 0.13503566102592107, 'hidden_continuous_size': 6, 'attention_head_size': 3, 'learning_rate': 0.008755448246522338}. Best is trial 15 with value: 1132.6815185546875.
LOCAL_RANK: 0 - CUDA_VISIBLE_DEVICES: [0]
[I 2023-12-16 10:42:45,011] Trial 25 finished with value: 2725.99658203125 and parameters: {'gradient_clip_val': 0.12784731160813645, 'hidden_size': 8, 'dropout': 0.13189379150928832, 'hidden_continuous_size': 6, 'attention_head_size': 3, 'learning_rate': 0.008106721144954043}. Best is trial 15 with value: 1132.6815185546875.
LOCAL_RANK: 0 - CUDA_VISIBLE_DEVICES: [0]
[I 2023-12-16 10:43:19,597] Trial 26 finished with value: 2199.177001953125 and parameters: {'gradient_clip_val': 0.1298333320947903, 'hidden_size': 5, 'dropout': 0.17368349058533722, 'hidden_continuous_size': 5, 'attention_head_size': 4, 'learning_rate': 0.01591175543146256}. Best is trial 15 with value: 1132.6815185546875.
LOCAL_RANK: 0 - CUDA_VISIBLE_DEVICES: [0]
[I 2023-12-16 10:44:04,733] Trial 27 finished with value: 2443.9599609375 and parameters: {'gradient_clip_val': 0.17323339086717082, 'hidden_size': 6, 'dropout': 0.13296872421408185, 'hidden_continuous_size': 5, 'attention_head_size': 2, 'learning_rate': 0.010048800050051905}. Best is trial 15 with value: 1132.6815185546875.
LOCAL_RANK: 0 - CUDA_VISIBLE_DEVICES: [0]
[I 2023-12-16 10:44:50,241] Trial 28 finished with value: 2109.07666015625 and parameters: {'gradient_clip_val': 0.2180097394849928, 'hidden_size': 9, 'dropout': 0.16336363347682875, 'hidden_continuous_size': 6, 'attention_head_size': 3, 'learning_rate': 0.020100461716299756}. Best is trial 15 with value: 1132.6815185546875.
LOCAL_RANK: 0 - CUDA_VISIBLE_DEVICES: [0]
[I 2023-12-16 10:45:35,297] Trial 29 finished with value: 1693.4034423828125 and parameters: {'gradient_clip_val': 0.16492462320996062, 'hidden_size': 12, 'dropout': 0.20128986683247374, 'hidden_continuous_size': 7, 'attention_head_size': 4, 'learning_rate': 0.0056932037928406135}. Best is trial 15 with value: 1132.6815185546875.
LOCAL_RANK: 0 - CUDA_VISIBLE_DEVICES: [0]
[I 2023-12-16 10:46:21,208] Trial 30 finished with value: 1482.08203125 and parameters: {'gradient_clip_val': 0.12472182127036524, 'hidden_size': 13, 'dropout': 0.22150919501424932, 'hidden_continuous_size': 7, 'attention_head_size': 3, 'learning_rate': 0.004464486797958424}. Best is trial 15 with value: 1132.6815185546875.
LOCAL_RANK: 0 - CUDA_VISIBLE_DEVICES: [0]
[I 2023-12-16 10:47:07,050] Trial 31 finished with value: 2471.617919921875 and parameters: {'gradient_clip_val': 0.1645074455639541, 'hidden_size': 11, 'dropout': 0.2637131044935186, 'hidden_continuous_size': 7, 'attention_head_size': 3, 'learning_rate': 0.004120914668640016}. Best is trial 15 with value: 1132.6815185546875.
LOCAL_RANK: 0 - CUDA_VISIBLE_DEVICES: [0]
[I 2023-12-16 10:47:52,653] Trial 32 finished with value: 2297.7490234375 and parameters: {'gradient_clip_val': 0.12818665627777107, 'hidden_size': 13, 'dropout': 0.20643963604298182, 'hidden_continuous_size': 7, 'attention_head_size': 3, 'learning_rate': 0.008495495284290654}. Best is trial 15 with value: 1132.6815185546875.
LOCAL_RANK: 0 - CUDA_VISIBLE_DEVICES: [0]
[I 2023-12-16 10:48:38,449] Trial 33 finished with value: 4064.918701171875 and parameters: {'gradient_clip_val': 0.16283659984905577, 'hidden_size': 10, 'dropout': 0.26772451928435376, 'hidden_continuous_size': 7, 'attention_head_size': 2, 'learning_rate': 0.0066812827178500045}. Best is trial 15 with value: 1132.6815185546875.
LOCAL_RANK: 0 - CUDA_VISIBLE_DEVICES: [0]
[I 2023-12-16 10:49:24,192] Trial 34 finished with value: 2240.938232421875 and parameters: {'gradient_clip_val': 0.14219355918865853, 'hidden_size': 13, 'dropout': 0.23199055900206655, 'hidden_continuous_size': 8, 'attention_head_size': 3, 'learning_rate': 0.004702714144631871}. Best is trial 15 with value: 1132.6815185546875.
LOCAL_RANK: 0 - CUDA_VISIBLE_DEVICES: [0]
[I 2023-12-16 10:50:09,203] Trial 35 finished with value: 9558.5400390625 and parameters: {'gradient_clip_val': 0.11644963132664381, 'hidden_size': 10, 'dropout': 0.19574478538230816, 'hidden_continuous_size': 7, 'attention_head_size': 2, 'learning_rate': 0.0010230350554250559}. Best is trial 15 with value: 1132.6815185546875.
LOCAL_RANK: 0 - CUDA_VISIBLE_DEVICES: [0]
