[I 2023-12-26 18:06:18,975] Trial 42 finished with value: 5.500179290771484 and parameters: {'gradient_clip_val': 0.2097415695734889, 'hidden_size': 38, 'dropout': 0.12099998026996034, 'hidden_continuous_size': 13, 'attention_head_size': 2, 'learning_rate': 0.0005021174515003194}. Best is trial 0 with value: 0.07300704717636108.
[I 2023-12-26 18:06:20,962] Trial 43 finished with value: 6.436257839202881 and parameters: {'gradient_clip_val': 0.12577157672501932, 'hidden_size': 17, 'dropout': 0.2064074250214019, 'hidden_continuous_size': 8, 'attention_head_size': 1, 'learning_rate': 0.0010183205150635542}. Best is trial 0 with value: 0.07300704717636108.
[I 2023-12-26 18:06:23,003] Trial 44 finished with value: 4.818309307098389 and parameters: {'gradient_clip_val': 0.17850321224629934, 'hidden_size': 13, 'dropout': 0.10127066869625588, 'hidden_continuous_size': 9, 'attention_head_size': 3, 'learning_rate': 0.0007460365177399394}. Best is trial 0 with value: 0.07300704717636108.
[I 2023-12-26 18:06:25,036] Trial 45 finished with value: 6.484365463256836 and parameters: {'gradient_clip_val': 0.2654398764815054, 'hidden_size': 18, 'dropout': 0.17794659043597597, 'hidden_continuous_size': 7, 'attention_head_size': 2, 'learning_rate': 0.0012896659188197644}. Best is trial 0 with value: 0.07300704717636108.
[I 2023-12-26 18:06:27,271] Trial 46 finished with value: 5.802183151245117 and parameters: {'gradient_clip_val': 0.23930268155918252, 'hidden_size': 23, 'dropout': 0.14118054197821867, 'hidden_continuous_size': 9, 'attention_head_size': 2, 'learning_rate': 0.0006738971611076096}. Best is trial 0 with value: 0.07300704717636108.
[I 2023-12-26 18:06:29,171] Trial 47 finished with value: 6.219099521636963 and parameters: {'gradient_clip_val': 0.1991245734644298, 'hidden_size': 5, 'dropout': 0.15167833738677794, 'hidden_continuous_size': 5, 'attention_head_size': 1, 'learning_rate': 0.0009654287068271207}. Best is trial 0 with value: 0.07300704717636108.
[I 2023-12-26 18:06:31,233] Trial 48 finished with value: 6.4610724449157715 and parameters: {'gradient_clip_val': 0.14431655510954505, 'hidden_size': 14, 'dropout': 0.24588618340444768, 'hidden_continuous_size': 7, 'attention_head_size': 3, 'learning_rate': 0.0012990599475231582}. Best is trial 0 with value: 0.07300704717636108.
[I 2023-12-26 18:06:33,092] Trial 49 finished with value: 5.011956691741943 and parameters: {'gradient_clip_val': 0.28842273806914276, 'hidden_size': 6, 'dropout': 0.32115890574304684, 'hidden_continuous_size': 5, 'attention_head_size': 2, 'learning_rate': 0.0006623002927251673}. Best is trial 0 with value: 0.07300704717636108.
[I 2023-12-26 18:06:33,211] A new study created in memory with name: no-name-514e6b08-4398-4aed-9d48-c3cd84da6ab0
/home/le004/conda/anaconda3/envs/tsff_env/lib/python3.9/site-packages/lightning/fabric/plugins/environments/slurm.py:191: The `srun` command is available on your system but is not used. HINT: If your intention is to run Lightning on SLURM, prepend your python command with `srun` like so: srun python /home/le004/master_thesis/git/TSFusionForecast/code/ ...
[I 2023-12-26 18:12:33,846] Trial 0 finished with value: 0.030733970925211906 and parameters: {'gradient_clip_val': 0.138074976187907, 'hidden_size': 26, 'dropout': 0.22372235441437438, 'hidden_continuous_size': 7, 'attention_head_size': 4, 'learning_rate': 0.023035904334239354}. Best is trial 0 with value: 0.030733970925211906.
[I 2023-12-26 18:12:54,592] Trial 1 finished with value: 0.7719850540161133 and parameters: {'gradient_clip_val': 0.658736518841007, 'hidden_size': 62, 'dropout': 0.43613150843646953, 'hidden_continuous_size': 6, 'attention_head_size': 2, 'learning_rate': 0.006474351001778041}. Best is trial 0 with value: 0.030733970925211906.
[I 2023-12-26 18:12:59,461] Trial 2 finished with value: 2.916337728500366 and parameters: {'gradient_clip_val': 0.5333706454310759, 'hidden_size': 72, 'dropout': 0.2672851778000321, 'hidden_continuous_size': 5, 'attention_head_size': 4, 'learning_rate': 0.07302747644723177}. Best is trial 0 with value: 0.030733970925211906.
[I 2023-12-26 18:13:06,724] Trial 3 finished with value: 2.502636432647705 and parameters: {'gradient_clip_val': 0.16246274296060342, 'hidden_size': 108, 'dropout': 0.4700170921981056, 'hidden_continuous_size': 6, 'attention_head_size': 2, 'learning_rate': 0.0016041288293142184}. Best is trial 0 with value: 0.030733970925211906.
[I 2023-12-26 18:13:10,303] Trial 4 finished with value: 2.2433857917785645 and parameters: {'gradient_clip_val': 0.15130738383456427, 'hidden_size': 47, 'dropout': 0.10638787410753925, 'hidden_continuous_size': 12, 'attention_head_size': 3, 'learning_rate': 0.0006143992854689945}. Best is trial 0 with value: 0.030733970925211906.
[I 2023-12-26 18:13:12,526] Trial 5 finished with value: 2.0911648273468018 and parameters: {'gradient_clip_val': 0.3083186017142533, 'hidden_size': 15, 'dropout': 0.47473179116205066, 'hidden_continuous_size': 5, 'attention_head_size': 4, 'learning_rate': 0.008656674955128023}. Best is trial 0 with value: 0.030733970925211906.
[I 2023-12-26 18:13:14,818] Trial 6 finished with value: 2.5164554119110107 and parameters: {'gradient_clip_val': 0.38772030649348765, 'hidden_size': 13, 'dropout': 0.33716924014367067, 'hidden_continuous_size': 9, 'attention_head_size': 1, 'learning_rate': 0.009411627980168367}. Best is trial 0 with value: 0.030733970925211906.
[I 2023-12-26 18:13:16,771] Trial 7 finished with value: 2.485553503036499 and parameters: {'gradient_clip_val': 0.10582676417331588, 'hidden_size': 6, 'dropout': 0.3016291990913944, 'hidden_continuous_size': 5, 'attention_head_size': 4, 'learning_rate': 0.0031661181867857166}. Best is trial 0 with value: 0.030733970925211906.
[I 2023-12-26 18:13:18,671] Trial 8 finished with value: 2.3496787548065186 and parameters: {'gradient_clip_val': 0.5098420632007824, 'hidden_size': 8, 'dropout': 0.1902227113509002, 'hidden_continuous_size': 5, 'attention_head_size': 2, 'learning_rate': 0.035902303793767895}. Best is trial 0 with value: 0.030733970925211906.
[I 2023-12-26 18:13:21,011] Trial 9 finished with value: 2.2842836380004883 and parameters: {'gradient_clip_val': 0.6701061408838644, 'hidden_size': 24, 'dropout': 0.13116783955659678, 'hidden_continuous_size': 12, 'attention_head_size': 3, 'learning_rate': 0.0552285605420994}. Best is trial 0 with value: 0.030733970925211906.
[I 2023-12-26 18:13:23,895] Trial 10 finished with value: 2.2301065921783447 and parameters: {'gradient_clip_val': 0.9342248300540071, 'hidden_size': 34, 'dropout': 0.20806243200670121, 'hidden_continuous_size': 25, 'attention_head_size': 3, 'learning_rate': 0.01755407698951398}. Best is trial 0 with value: 0.030733970925211906.
[I 2023-12-26 18:13:35,441] Trial 11 finished with value: 1.5283104181289673 and parameters: {'gradient_clip_val': 0.26388496012442303, 'hidden_size': 146, 'dropout': 0.38746567685157995, 'hidden_continuous_size': 137, 'attention_head_size': 1, 'learning_rate': 0.017987565072517562}. Best is trial 0 with value: 0.030733970925211906.
[I 2023-12-26 18:13:39,021] Trial 12 finished with value: 2.1296608448028564 and parameters: {'gradient_clip_val': 0.9854779291717307, 'hidden_size': 54, 'dropout': 0.3956009530826008, 'hidden_continuous_size': 8, 'attention_head_size': 2, 'learning_rate': 0.0042470053315497355}. Best is trial 0 with value: 0.030733970925211906.
[I 2023-12-26 18:13:41,547] Trial 13 finished with value: 1.734869122505188 and parameters: {'gradient_clip_val': 0.21999060896827083, 'hidden_size': 27, 'dropout': 0.4993645931145265, 'hidden_continuous_size': 7, 'attention_head_size': 2, 'learning_rate': 0.02373152994659708}. Best is trial 0 with value: 0.030733970925211906.
[I 2023-12-26 18:13:46,032] Trial 14 finished with value: 2.2510080337524414 and parameters: {'gradient_clip_val': 0.3841937329240609, 'hidden_size': 67, 'dropout': 0.2480996229092907, 'hidden_continuous_size': 9, 'attention_head_size': 3, 'learning_rate': 0.010856780890051576}. Best is trial 0 with value: 0.030733970925211906.
[I 2023-12-26 18:13:48,976] Trial 15 finished with value: 1.9920063018798828 and parameters: {'gradient_clip_val': 0.10999351077568988, 'hidden_size': 39, 'dropout': 0.3431852102192621, 'hidden_continuous_size': 7, 'attention_head_size': 1, 'learning_rate': 0.0366571202591953}. Best is trial 0 with value: 0.030733970925211906.
[I 2023-12-26 18:13:51,344] Trial 16 finished with value: 1.6822490692138672 and parameters: {'gradient_clip_val': 0.1934316151333246, 'hidden_size': 22, 'dropout': 0.4236476678774098, 'hidden_continuous_size': 6, 'attention_head_size': 4, 'learning_rate': 0.005303411165753367}. Best is trial 0 with value: 0.030733970925211906.
[I 2023-12-26 18:13:56,728] Trial 17 finished with value: 2.0397703647613525 and parameters: {'gradient_clip_val': 0.2720026246271143, 'hidden_size': 80, 'dropout': 0.30241019761406185, 'hidden_continuous_size': 14, 'attention_head_size': 3, 'learning_rate': 0.07529701092061633}. Best is trial 0 with value: 0.030733970925211906.
[I 2023-12-26 18:14:00,282] Trial 18 finished with value: 2.1660854816436768 and parameters: {'gradient_clip_val': 0.13986888610110262, 'hidden_size': 48, 'dropout': 0.4390497606316439, 'hidden_continuous_size': 10, 'attention_head_size': 2, 'learning_rate': 0.012872879671157066}. Best is trial 0 with value: 0.030733970925211906.
[I 2023-12-26 18:14:02,935] Trial 19 finished with value: 2.5499768257141113 and parameters: {'gradient_clip_val': 0.20247923343272953, 'hidden_size': 34, 'dropout': 0.3657907229314508, 'hidden_continuous_size': 7, 'attention_head_size': 1, 'learning_rate': 0.0074879755411565}. Best is trial 0 with value: 0.030733970925211906.
[I 2023-12-26 18:14:10,059] Trial 20 finished with value: 1.816393256187439 and parameters: {'gradient_clip_val': 0.3822821960176331, 'hidden_size': 103, 'dropout': 0.4275017180708269, 'hidden_continuous_size': 17, 'attention_head_size': 4, 'learning_rate': 0.030647317238461733}. Best is trial 0 with value: 0.030733970925211906.
[I 2023-12-26 18:14:21,390] Trial 21 finished with value: 2.069902181625366 and parameters: {'gradient_clip_val': 0.2652639468995196, 'hidden_size': 143, 'dropout': 0.383189990780753, 'hidden_continuous_size': 129, 'attention_head_size': 1, 'learning_rate': 0.018176853200709157}. Best is trial 0 with value: 0.030733970925211906.
[I 2023-12-26 18:14:32,034] Trial 22 finished with value: 1.6164727210998535 and parameters: {'gradient_clip_val': 0.23159098091860583, 'hidden_size': 150, 'dropout': 0.40051446973851107, 'hidden_continuous_size': 62, 'attention_head_size': 1, 'learning_rate': 0.016815832689922715}. Best is trial 0 with value: 0.030733970925211906.
[I 2023-12-26 18:14:38,629] Trial 23 finished with value: 2.7123453617095947 and parameters: {'gradient_clip_val': 0.17550074773178045, 'hidden_size': 94, 'dropout': 0.34970615738955535, 'hidden_continuous_size': 21, 'attention_head_size': 2, 'learning_rate': 0.015685211067703056}. Best is trial 0 with value: 0.030733970925211906.
[I 2023-12-26 18:14:42,774] Trial 24 finished with value: 1.801234245300293 and parameters: {'gradient_clip_val': 0.12706967186862522, 'hidden_size': 60, 'dropout': 0.4499020422774693, 'hidden_continuous_size': 30, 'attention_head_size': 1, 'learning_rate': 0.02711200120249873}. Best is trial 0 with value: 0.030733970925211906.
[I 2023-12-26 18:14:50,878] Trial 25 finished with value: 2.378577709197998 and parameters: {'gradient_clip_val': 0.12158262775125864, 'hidden_size': 117, 'dropout': 0.41434567066393135, 'hidden_continuous_size': 34, 'attention_head_size': 2, 'learning_rate': 0.007002335884009629}. Best is trial 0 with value: 0.030733970925211906.
[I 2023-12-26 18:14:56,434] Trial 26 finished with value: 1.5441627502441406 and parameters: {'gradient_clip_val': 0.16284722786407071, 'hidden_size': 81, 'dropout': 0.37504361783253237, 'hidden_continuous_size': 14, 'attention_head_size': 3, 'learning_rate': 0.05335878495771098}. Best is trial 0 with value: 0.030733970925211906.
[I 2023-12-26 18:15:00,791] Trial 27 finished with value: 1.72128164768219 and parameters: {'gradient_clip_val': 0.23209122067652177, 'hidden_size': 57, 'dropout': 0.3137466008390343, 'hidden_continuous_size': 10, 'attention_head_size': 1, 'learning_rate': 0.09995106272996238}. Best is trial 0 with value: 0.030733970925211906.
[I 2023-12-26 18:15:06,401] Trial 28 finished with value: 1.864209532737732 and parameters: {'gradient_clip_val': 0.1940526815590163, 'hidden_size': 81, 'dropout': 0.3849401690083019, 'hidden_continuous_size': 18, 'attention_head_size': 2, 'learning_rate': 0.012065427937747111}. Best is trial 0 with value: 0.030733970925211906.
[I 2023-12-26 18:15:11,930] Trial 29 finished with value: 2.70743465423584 and parameters: {'gradient_clip_val': 0.13192460091041455, 'hidden_size': 75, 'dropout': 0.26983806668612903, 'hidden_continuous_size': 6, 'attention_head_size': 3, 'learning_rate': 0.021775937938234943}. Best is trial 0 with value: 0.030733970925211906.
[I 2023-12-26 18:15:20,496] Trial 30 finished with value: 1.5494767427444458 and parameters: {'gradient_clip_val': 0.5008121648876886, 'hidden_size': 122, 'dropout': 0.41153165755158827, 'hidden_continuous_size': 40, 'attention_head_size': 4, 'learning_rate': 0.023840436973624722}. Best is trial 0 with value: 0.030733970925211906.
[I 2023-12-26 18:15:26,416] Trial 31 finished with value: 1.4117765426635742 and parameters: {'gradient_clip_val': 0.1640702150481043, 'hidden_size': 86, 'dropout': 0.3693639296981703, 'hidden_continuous_size': 14, 'attention_head_size': 3, 'learning_rate': 0.05120831959737802}. Best is trial 0 with value: 0.030733970925211906.
[I 2023-12-26 18:15:32,949] Trial 32 finished with value: 1.7104133367538452 and parameters: {'gradient_clip_val': 0.15173057528212533, 'hidden_size': 98, 'dropout': 0.3521645656893616, 'hidden_continuous_size': 8, 'attention_head_size': 4, 'learning_rate': 0.04305200731268227}. Best is trial 0 with value: 0.030733970925211906.
[I 2023-12-26 18:15:41,264] Trial 33 finished with value: 1.7716078758239746 and parameters: {'gradient_clip_val': 0.1002178952918967, 'hidden_size': 121, 'dropout': 0.4533020506551609, 'hidden_continuous_size': 12, 'attention_head_size': 3, 'learning_rate': 0.05260058811003372}. Best is trial 0 with value: 0.030733970925211906.
[I 2023-12-26 18:15:45,574] Trial 34 finished with value: 1.400843620300293 and parameters: {'gradient_clip_val': 0.1739250688905852, 'hidden_size': 62, 'dropout': 0.403225949183593, 'hidden_continuous_size': 19, 'attention_head_size': 4, 'learning_rate': 0.030630733162065358}. Best is trial 0 with value: 0.030733970925211906.
[I 2023-12-26 18:15:49,091] Trial 35 finished with value: 3.1239700317382812 and parameters: {'gradient_clip_val': 0.16797367528502097, 'hidden_size': 48, 'dropout': 0.47155444729892226, 'hidden_continuous_size': 11, 'attention_head_size': 4, 'learning_rate': 0.031287369529926015}. Best is trial 0 with value: 0.030733970925211906.
[I 2023-12-26 18:15:53,685] Trial 36 finished with value: 1.9828071594238281 and parameters: {'gradient_clip_val': 0.1445523040747637, 'hidden_size': 67, 'dropout': 0.4399838898075352, 'hidden_continuous_size': 5, 'attention_head_size': 4, 'learning_rate': 0.04182465952195122}. Best is trial 0 with value: 0.030733970925211906.
[I 2023-12-26 18:15:56,992] Trial 37 finished with value: 1.8017750978469849 and parameters: {'gradient_clip_val': 0.17504638623358995, 'hidden_size': 44, 'dropout': 0.40792166864095125, 'hidden_continuous_size': 8, 'attention_head_size': 4, 'learning_rate': 0.07495262061215563}. Best is trial 0 with value: 0.030733970925211906.
[I 2023-12-26 18:16:01,596] Trial 38 finished with value: 2.5464041233062744 and parameters: {'gradient_clip_val': 0.11221825976246631, 'hidden_size': 62, 'dropout': 0.36678893357044, 'hidden_continuous_size': 6, 'attention_head_size': 4, 'learning_rate': 0.0028787160982112633}. Best is trial 0 with value: 0.030733970925211906.
[I 2023-12-26 18:16:03,781] Trial 39 finished with value: 2.310109853744507 and parameters: {'gradient_clip_val': 0.1506289169360978, 'hidden_size': 18, 'dropout': 0.32132803572109303, 'hidden_continuous_size': 5, 'attention_head_size': 3, 'learning_rate': 0.010312227675460115}. Best is trial 0 with value: 0.030733970925211906.
[I 2023-12-26 18:16:06,544] Trial 40 finished with value: 2.554753065109253 and parameters: {'gradient_clip_val': 0.12020058592408679, 'hidden_size': 29, 'dropout': 0.3373935122826791, 'hidden_continuous_size': 14, 'attention_head_size': 4, 'learning_rate': 0.0326951233112115}. Best is trial 0 with value: 0.030733970925211906.
[I 2023-12-26 18:16:13,396] Trial 41 finished with value: 2.6094465255737305 and parameters: {'gradient_clip_val': 0.33333645734624145, 'hidden_size': 93, 'dropout': 0.3921699064128474, 'hidden_continuous_size': 22, 'attention_head_size': 3, 'learning_rate': 0.013706750896600306}. Best is trial 0 with value: 0.030733970925211906.
[I 2023-12-26 18:16:22,481] Trial 42 finished with value: 2.1538472175598145 and parameters: {'gradient_clip_val': 0.13648203716053572, 'hidden_size': 134, 'dropout': 0.3618064219250971, 'hidden_continuous_size': 18, 'attention_head_size': 2, 'learning_rate': 0.019674275873407098}. Best is trial 0 with value: 0.030733970925211906.
[I 2023-12-26 18:16:29,615] Trial 43 finished with value: 1.7576791048049927 and parameters: {'gradient_clip_val': 0.1809803931714305, 'hidden_size': 102, 'dropout': 0.39358248870950563, 'hidden_continuous_size': 15, 'attention_head_size': 3, 'learning_rate': 0.024117164336473366}. Best is trial 0 with value: 0.030733970925211906.
[I 2023-12-26 18:16:33,819] Trial 44 finished with value: 1.942592978477478 and parameters: {'gradient_clip_val': 0.21133507712246438, 'hidden_size': 55, 'dropout': 0.4643670124887801, 'hidden_continuous_size': 12, 'attention_head_size': 4, 'learning_rate': 0.01463445261029772}. Best is trial 0 with value: 0.030733970925211906.
[I 2023-12-26 18:16:38,910] Trial 45 finished with value: 2.242077112197876 and parameters: {'gradient_clip_val': 0.1554334197270496, 'hidden_size': 71, 'dropout': 0.4276112845894966, 'hidden_continuous_size': 9, 'attention_head_size': 2, 'learning_rate': 0.008979470005563197}. Best is trial 0 with value: 0.030733970925211906.
[I 2023-12-26 18:16:41,907] Trial 46 finished with value: 1.9564138650894165 and parameters: {'gradient_clip_val': 0.2605425948329114, 'hidden_size': 38, 'dropout': 0.4914695552057211, 'hidden_continuous_size': 11, 'attention_head_size': 3, 'learning_rate': 0.0404727578838758}. Best is trial 0 with value: 0.030733970925211906.
[I 2023-12-26 18:16:47,956] Trial 47 finished with value: 2.0177154541015625 and parameters: {'gradient_clip_val': 0.8250824170163016, 'hidden_size': 85, 'dropout': 0.374653639613523, 'hidden_continuous_size': 25, 'attention_head_size': 4, 'learning_rate': 0.02569662476083057}. Best is trial 0 with value: 0.030733970925211906.
[I 2023-12-26 18:16:56,292] Trial 48 finished with value: 2.1405110359191895 and parameters: {'gradient_clip_val': 0.6017414738360786, 'hidden_size': 123, 'dropout': 0.33134914748434846, 'hidden_continuous_size': 20, 'attention_head_size': 1, 'learning_rate': 0.01979747668789562}. Best is trial 0 with value: 0.030733970925211906.
[I 2023-12-26 18:17:03,613] Trial 49 finished with value: 2.1881747245788574 and parameters: {'gradient_clip_val': 0.30745609973218957, 'hidden_size': 108, 'dropout': 0.4088078178293495, 'hidden_continuous_size': 16, 'attention_head_size': 2, 'learning_rate': 0.01129918909670156}. Best is trial 0 with value: 0.030733970925211906.
[I 2023-12-26 18:17:03,736] A new study created in memory with name: no-name-2fd81c6d-a66c-4e77-a845-390297d022bf
/home/le004/conda/anaconda3/envs/tsff_env/lib/python3.9/site-packages/lightning/fabric/plugins/environments/slurm.py:191: The `srun` command is available on your system but is not used. HINT: If your intention is to run Lightning on SLURM, prepend your python command with `srun` like so: srun python /home/le004/master_thesis/git/TSFusionForecast/code/ ...
[I 2023-12-26 18:30:29,573] Trial 0 finished with value: 0.05332265794277191 and parameters: {'gradient_clip_val': 0.9201894255302789, 'hidden_size': 81, 'dropout': 0.33906716841452234, 'hidden_continuous_size': 5, 'attention_head_size': 4, 'learning_rate': 0.0009556708121398374}. Best is trial 0 with value: 0.05332265794277191.
[I 2023-12-26 18:32:05,634] Trial 1 finished with value: 0.07015426456928253 and parameters: {'gradient_clip_val': 0.45988178688342396, 'hidden_size': 20, 'dropout': 0.20818511195164838, 'hidden_continuous_size': 18, 'attention_head_size': 2, 'learning_rate': 0.08684994672658461}. Best is trial 0 with value: 0.05332265794277191.
[I 2023-12-26 18:32:08,699] Trial 2 finished with value: 4.06387186050415 and parameters: {'gradient_clip_val': 0.48412078381131124, 'hidden_size': 26, 'dropout': 0.45520337144958634, 'hidden_continuous_size': 7, 'attention_head_size': 4, 'learning_rate': 0.006619923475401147}. Best is trial 0 with value: 0.05332265794277191.
[I 2023-12-26 18:32:11,760] Trial 3 finished with value: 5.9474945068359375 and parameters: {'gradient_clip_val': 0.3041018161415948, 'hidden_size': 32, 'dropout': 0.4211773900106808, 'hidden_continuous_size': 7, 'attention_head_size': 3, 'learning_rate': 0.018309706208066604}. Best is trial 0 with value: 0.05332265794277191.
[I 2023-12-26 18:32:19,361] Trial 4 finished with value: 4.507768154144287 and parameters: {'gradient_clip_val': 0.6111398183227982, 'hidden_size': 99, 'dropout': 0.26712214605144546, 'hidden_continuous_size': 18, 'attention_head_size': 2, 'learning_rate': 0.012969791252340927}. Best is trial 0 with value: 0.05332265794277191.
