[I 2023-12-16 10:25:32,851] Trial 29 finished with value: 287.4648742675781 and parameters: {'gradient_clip_val': 0.351649604258753, 'hidden_size': 6, 'dropout': 0.163845798337682, 'hidden_continuous_size': 5, 'attention_head_size': 4, 'learning_rate': 0.017201006943716245}. Best is trial 21 with value: 37.4640007019043.
LOCAL_RANK: 0 - CUDA_VISIBLE_DEVICES: [0]
[I 2023-12-16 10:26:18,072] Trial 30 finished with value: 157.92550659179688 and parameters: {'gradient_clip_val': 0.2566220557170244, 'hidden_size': 10, 'dropout': 0.14162552829362063, 'hidden_continuous_size': 6, 'attention_head_size': 3, 'learning_rate': 0.04065203181188325}. Best is trial 21 with value: 37.4640007019043.
LOCAL_RANK: 0 - CUDA_VISIBLE_DEVICES: [0]
[I 2023-12-16 10:27:02,970] Trial 31 finished with value: 134.15345764160156 and parameters: {'gradient_clip_val': 0.2709894609179685, 'hidden_size': 12, 'dropout': 0.18091710505709885, 'hidden_continuous_size': 7, 'attention_head_size': 4, 'learning_rate': 0.013280634758779625}. Best is trial 21 with value: 37.4640007019043.
LOCAL_RANK: 0 - CUDA_VISIBLE_DEVICES: [0]
[I 2023-12-16 10:27:47,456] Trial 32 finished with value: 317.2752380371094 and parameters: {'gradient_clip_val': 0.29578021894745293, 'hidden_size': 12, 'dropout': 0.16695012390731973, 'hidden_continuous_size': 6, 'attention_head_size': 4, 'learning_rate': 0.024427570991244086}. Best is trial 21 with value: 37.4640007019043.
LOCAL_RANK: 0 - CUDA_VISIBLE_DEVICES: [0]
[I 2023-12-16 10:28:35,147] Trial 33 finished with value: 194.4226531982422 and parameters: {'gradient_clip_val': 0.19981566523585167, 'hidden_size': 24, 'dropout': 0.19045973925575654, 'hidden_continuous_size': 8, 'attention_head_size': 4, 'learning_rate': 0.007626768803447367}. Best is trial 21 with value: 37.4640007019043.
LOCAL_RANK: 0 - CUDA_VISIBLE_DEVICES: [0]
[I 2023-12-16 10:29:20,959] Trial 34 finished with value: 268.1388854980469 and parameters: {'gradient_clip_val': 0.2391016444447397, 'hidden_size': 15, 'dropout': 0.12578994494552492, 'hidden_continuous_size': 7, 'attention_head_size': 4, 'learning_rate': 0.014293577650018896}. Best is trial 21 with value: 37.4640007019043.
LOCAL_RANK: 0 - CUDA_VISIBLE_DEVICES: [0]
[I 2023-12-16 10:30:05,485] Trial 35 finished with value: 89.7644271850586 and parameters: {'gradient_clip_val': 0.31870627573354854, 'hidden_size': 8, 'dropout': 0.1978250490073757, 'hidden_continuous_size': 6, 'attention_head_size': 4, 'learning_rate': 0.006286204166877102}. Best is trial 21 with value: 37.4640007019043.
LOCAL_RANK: 0 - CUDA_VISIBLE_DEVICES: [0]
[I 2023-12-16 10:30:50,857] Trial 36 finished with value: 128.0582275390625 and parameters: {'gradient_clip_val': 0.26163030906187135, 'hidden_size': 6, 'dropout': 0.1560350260121091, 'hidden_continuous_size': 5, 'attention_head_size': 3, 'learning_rate': 0.02289691220051026}. Best is trial 21 with value: 37.4640007019043.
LOCAL_RANK: 0 - CUDA_VISIBLE_DEVICES: [0]
[I 2023-12-16 10:31:35,445] Trial 37 finished with value: 160.3458709716797 and parameters: {'gradient_clip_val': 0.4767537918450949, 'hidden_size': 12, 'dropout': 0.22349456845928586, 'hidden_continuous_size': 6, 'attention_head_size': 4, 'learning_rate': 0.01023809233436585}. Best is trial 21 with value: 37.4640007019043.
LOCAL_RANK: 0 - CUDA_VISIBLE_DEVICES: [0]
[I 2023-12-16 10:32:23,894] Trial 38 finished with value: 186.4464874267578 and parameters: {'gradient_clip_val': 0.40011610599299374, 'hidden_size': 25, 'dropout': 0.20761133745424476, 'hidden_continuous_size': 9, 'attention_head_size': 2, 'learning_rate': 0.0166241624316454}. Best is trial 21 with value: 37.4640007019043.
LOCAL_RANK: 0 - CUDA_VISIBLE_DEVICES: [0]
[I 2023-12-16 10:33:10,735] Trial 39 finished with value: 286.6643371582031 and parameters: {'gradient_clip_val': 0.3448563621119112, 'hidden_size': 20, 'dropout': 0.17685281077844756, 'hidden_continuous_size': 7, 'attention_head_size': 4, 'learning_rate': 0.042410199395068335}. Best is trial 21 with value: 37.4640007019043.
LOCAL_RANK: 0 - CUDA_VISIBLE_DEVICES: [0]
[I 2023-12-16 10:33:59,474] Trial 40 finished with value: 90.05306243896484 and parameters: {'gradient_clip_val': 0.22772532875599083, 'hidden_size': 33, 'dropout': 0.2413983134460675, 'hidden_continuous_size': 9, 'attention_head_size': 1, 'learning_rate': 0.005678324863173223}. Best is trial 21 with value: 37.4640007019043.
LOCAL_RANK: 0 - CUDA_VISIBLE_DEVICES: [0]
[I 2023-12-16 10:34:43,674] Trial 41 finished with value: 222.35498046875 and parameters: {'gradient_clip_val': 0.32079709138709733, 'hidden_size': 8, 'dropout': 0.1925832879090826, 'hidden_continuous_size': 6, 'attention_head_size': 4, 'learning_rate': 0.007698159248759019}. Best is trial 21 with value: 37.4640007019043.
LOCAL_RANK: 0 - CUDA_VISIBLE_DEVICES: [0]
[I 2023-12-16 10:35:27,970] Trial 42 finished with value: 60.9595947265625 and parameters: {'gradient_clip_val': 0.2769879172213389, 'hidden_size': 8, 'dropout': 0.20779248789861318, 'hidden_continuous_size': 6, 'attention_head_size': 4, 'learning_rate': 0.0054728439643894605}. Best is trial 21 with value: 37.4640007019043.
LOCAL_RANK: 0 - CUDA_VISIBLE_DEVICES: [0]
[I 2023-12-16 10:36:13,488] Trial 43 finished with value: 247.8510284423828 and parameters: {'gradient_clip_val': 0.2825470038022273, 'hidden_size': 11, 'dropout': 0.2074577932211877, 'hidden_continuous_size': 6, 'attention_head_size': 4, 'learning_rate': 0.012681995610315421}. Best is trial 21 with value: 37.4640007019043.
LOCAL_RANK: 0 - CUDA_VISIBLE_DEVICES: [0]
[I 2023-12-16 10:36:59,760] Trial 44 finished with value: 146.35348510742188 and parameters: {'gradient_clip_val': 0.28292252501324516, 'hidden_size': 13, 'dropout': 0.15662465505984163, 'hidden_continuous_size': 7, 'attention_head_size': 4, 'learning_rate': 0.017817118342134786}. Best is trial 21 with value: 37.4640007019043.
LOCAL_RANK: 0 - CUDA_VISIBLE_DEVICES: [0]
[I 2023-12-16 10:37:44,933] Trial 45 finished with value: 169.5841064453125 and parameters: {'gradient_clip_val': 0.24998583872297894, 'hidden_size': 16, 'dropout': 0.17332964492658556, 'hidden_continuous_size': 7, 'attention_head_size': 4, 'learning_rate': 0.0054513253316841315}. Best is trial 21 with value: 37.4640007019043.
LOCAL_RANK: 0 - CUDA_VISIBLE_DEVICES: [0]
[I 2023-12-16 10:38:32,120] Trial 46 finished with value: 97.65127563476562 and parameters: {'gradient_clip_val': 0.22636755506166858, 'hidden_size': 18, 'dropout': 0.1341410936679383, 'hidden_continuous_size': 8, 'attention_head_size': 3, 'learning_rate': 0.009697643875806086}. Best is trial 21 with value: 37.4640007019043.
LOCAL_RANK: 0 - CUDA_VISIBLE_DEVICES: [0]
[I 2023-12-16 10:39:17,866] Trial 47 finished with value: 183.2218017578125 and parameters: {'gradient_clip_val': 0.36406919189411263, 'hidden_size': 14, 'dropout': 0.11408603443731699, 'hidden_continuous_size': 6, 'attention_head_size': 4, 'learning_rate': 0.02533691700432562}. Best is trial 21 with value: 37.4640007019043.
LOCAL_RANK: 0 - CUDA_VISIBLE_DEVICES: [0]
[I 2023-12-16 10:40:03,525] Trial 48 finished with value: 274.96600341796875 and parameters: {'gradient_clip_val': 0.39313526900974677, 'hidden_size': 9, 'dropout': 0.23169967832699692, 'hidden_continuous_size': 6, 'attention_head_size': 4, 'learning_rate': 0.007748194997535023}. Best is trial 21 with value: 37.4640007019043.
LOCAL_RANK: 0 - CUDA_VISIBLE_DEVICES: [0]
[I 2023-12-16 10:40:48,313] Trial 49 finished with value: 319.7683410644531 and parameters: {'gradient_clip_val': 0.305391634750829, 'hidden_size': 13, 'dropout': 0.20307477644623012, 'hidden_continuous_size': 5, 'attention_head_size': 2, 'learning_rate': 0.0041997685330699835}. Best is trial 21 with value: 37.4640007019043.
[I 2023-12-16 10:40:48,409] A new study created in memory with name: no-name-f7d1eed4-f358-4852-9bb4-2224c99edb54
/home/le004/conda/anaconda3/envs/tsff_env/lib/python3.9/site-packages/lightning/fabric/plugins/environments/slurm.py:191: The `srun` command is available on your system but is not used. HINT: If your intention is to run Lightning on SLURM, prepend your python command with `srun` like so: srun python /home/le004/master_thesis/git/TSFusionForecast/code/ ...
LOCAL_RANK: 0 - CUDA_VISIBLE_DEVICES: [0]
[I 2023-12-16 10:41:40,312] Trial 0 finished with value: 23.580459594726562 and parameters: {'gradient_clip_val': 0.12138648162656429, 'hidden_size': 54, 'dropout': 0.2466137216393457, 'hidden_continuous_size': 20, 'attention_head_size': 1, 'learning_rate': 0.0033709402468001548}. Best is trial 0 with value: 23.580459594726562.
LOCAL_RANK: 0 - CUDA_VISIBLE_DEVICES: [0]
[I 2023-12-16 10:42:25,155] Trial 1 finished with value: 23.77208709716797 and parameters: {'gradient_clip_val': 0.15909406494731715, 'hidden_size': 8, 'dropout': 0.2153990981701237, 'hidden_continuous_size': 5, 'attention_head_size': 4, 'learning_rate': 0.009168703598444817}. Best is trial 0 with value: 23.580459594726562.
LOCAL_RANK: 0 - CUDA_VISIBLE_DEVICES: [0]
[I 2023-12-16 10:42:59,260] Trial 2 finished with value: 16.806795120239258 and parameters: {'gradient_clip_val': 0.12589142833135905, 'hidden_size': 5, 'dropout': 0.36150318643034907, 'hidden_continuous_size': 5, 'attention_head_size': 4, 'learning_rate': 0.047177438233637514}. Best is trial 2 with value: 16.806795120239258.
LOCAL_RANK: 0 - CUDA_VISIBLE_DEVICES: [0]
[I 2023-12-16 10:43:51,989] Trial 3 finished with value: 19.440168380737305 and parameters: {'gradient_clip_val': 0.29856948433750957, 'hidden_size': 50, 'dropout': 0.27779389748811245, 'hidden_continuous_size': 9, 'attention_head_size': 4, 'learning_rate': 0.036096202262410865}. Best is trial 2 with value: 16.806795120239258.
LOCAL_RANK: 0 - CUDA_VISIBLE_DEVICES: [0]
[I 2023-12-16 10:44:40,059] Trial 4 finished with value: 22.554306030273438 and parameters: {'gradient_clip_val': 0.17288121530529957, 'hidden_size': 24, 'dropout': 0.3093882854162744, 'hidden_continuous_size': 10, 'attention_head_size': 4, 'learning_rate': 0.007805952952205506}. Best is trial 2 with value: 16.806795120239258.
LOCAL_RANK: 0 - CUDA_VISIBLE_DEVICES: [0]
[I 2023-12-16 10:45:28,281] Trial 5 finished with value: 22.863813400268555 and parameters: {'gradient_clip_val': 0.4644551014045799, 'hidden_size': 26, 'dropout': 0.1988046262461765, 'hidden_continuous_size': 8, 'attention_head_size': 1, 'learning_rate': 0.0027094631955093046}. Best is trial 2 with value: 16.806795120239258.
LOCAL_RANK: 0 - CUDA_VISIBLE_DEVICES: [0]
[I 2023-12-16 10:46:19,698] Trial 6 finished with value: 33.10354232788086 and parameters: {'gradient_clip_val': 0.7277065728835596, 'hidden_size': 42, 'dropout': 0.23725859809940442, 'hidden_continuous_size': 12, 'attention_head_size': 2, 'learning_rate': 0.0013196026752864745}. Best is trial 2 with value: 16.806795120239258.
LOCAL_RANK: 0 - CUDA_VISIBLE_DEVICES: [0]
[I 2023-12-16 10:47:05,030] Trial 7 finished with value: 32.65711975097656 and parameters: {'gradient_clip_val': 0.22729693285761962, 'hidden_size': 11, 'dropout': 0.32910946645716854, 'hidden_continuous_size': 5, 'attention_head_size': 4, 'learning_rate': 0.0874437448286508}. Best is trial 2 with value: 16.806795120239258.
LOCAL_RANK: 0 - CUDA_VISIBLE_DEVICES: [0]
[I 2023-12-16 10:47:50,786] Trial 8 finished with value: 28.007455825805664 and parameters: {'gradient_clip_val': 0.8041264277207253, 'hidden_size': 16, 'dropout': 0.10509779789293672, 'hidden_continuous_size': 10, 'attention_head_size': 4, 'learning_rate': 0.0013435235812868614}. Best is trial 2 with value: 16.806795120239258.
LOCAL_RANK: 0 - CUDA_VISIBLE_DEVICES: [0]
[I 2023-12-16 10:48:38,019] Trial 9 finished with value: 52.45747375488281 and parameters: {'gradient_clip_val': 0.1679275602037198, 'hidden_size': 24, 'dropout': 0.2661275715504375, 'hidden_continuous_size': 7, 'attention_head_size': 3, 'learning_rate': 0.012157532801486296}. Best is trial 2 with value: 16.806795120239258.
LOCAL_RANK: 0 - CUDA_VISIBLE_DEVICES: [0]
[I 2023-12-16 10:49:11,701] Trial 10 finished with value: 32.82316970825195 and parameters: {'gradient_clip_val': 0.13179121471041796, 'hidden_size': 5, 'dropout': 0.387544351866247, 'hidden_continuous_size': 5, 'attention_head_size': 3, 'learning_rate': 0.02720344468898737}. Best is trial 2 with value: 16.806795120239258.
LOCAL_RANK: 0 - CUDA_VISIBLE_DEVICES: [0]
[I 2023-12-16 10:50:06,176] Trial 11 finished with value: 23.91463279724121 and parameters: {'gradient_clip_val': 0.2859396358030234, 'hidden_size': 67, 'dropout': 0.376306690223745, 'hidden_continuous_size': 37, 'attention_head_size': 3, 'learning_rate': 0.05332691773012689}. Best is trial 2 with value: 16.806795120239258.
LOCAL_RANK: 0 - CUDA_VISIBLE_DEVICES: [0]
[I 2023-12-16 10:50:39,366] Trial 12 finished with value: 32.299705505371094 and parameters: {'gradient_clip_val': 0.3351946299635921, 'hidden_size': 5, 'dropout': 0.326616746688675, 'hidden_continuous_size': 5, 'attention_head_size': 2, 'learning_rate': 0.03180181268508344}. Best is trial 2 with value: 16.806795120239258.
LOCAL_RANK: 0 - CUDA_VISIBLE_DEVICES: [0]
[I 2023-12-16 10:51:37,698] Trial 13 finished with value: 18.448884963989258 and parameters: {'gradient_clip_val': 0.10181517836354999, 'hidden_size': 91, 'dropout': 0.3903547927709256, 'hidden_continuous_size': 89, 'attention_head_size': 4, 'learning_rate': 0.08796100587746764}. Best is trial 2 with value: 16.806795120239258.
LOCAL_RANK: 0 - CUDA_VISIBLE_DEVICES: [0]
[I 2023-12-16 10:52:29,970] Trial 14 finished with value: 16.650421142578125 and parameters: {'gradient_clip_val': 0.10349852041923538, 'hidden_size': 37, 'dropout': 0.3982321023923629, 'hidden_continuous_size': 17, 'attention_head_size': 3, 'learning_rate': 0.08215917219232463}. Best is trial 14 with value: 16.650421142578125.
LOCAL_RANK: 0 - CUDA_VISIBLE_DEVICES: [0]
[I 2023-12-16 10:53:15,521] Trial 15 finished with value: 23.008813858032227 and parameters: {'gradient_clip_val': 0.12272172399032166, 'hidden_size': 15, 'dropout': 0.3999576239872203, 'hidden_continuous_size': 6, 'attention_head_size': 3, 'learning_rate': 0.01865730532766798}. Best is trial 14 with value: 16.650421142578125.
LOCAL_RANK: 0 - CUDA_VISIBLE_DEVICES: [0]
[I 2023-12-16 10:54:03,711] Trial 16 finished with value: 15.640869140625 and parameters: {'gradient_clip_val': 0.10025982036205036, 'hidden_size': 32, 'dropout': 0.3521688849563226, 'hidden_continuous_size': 14, 'attention_head_size': 2, 'learning_rate': 0.05013382465316674}. Best is trial 16 with value: 15.640869140625.
LOCAL_RANK: 0 - CUDA_VISIBLE_DEVICES: [0]
[I 2023-12-16 10:54:54,344] Trial 17 finished with value: 24.059728622436523 and parameters: {'gradient_clip_val': 0.20854806789040112, 'hidden_size': 35, 'dropout': 0.3544950372394811, 'hidden_continuous_size': 15, 'attention_head_size': 2, 'learning_rate': 0.017842170906768547}. Best is trial 16 with value: 15.640869140625.
LOCAL_RANK: 0 - CUDA_VISIBLE_DEVICES: [0]
[I 2023-12-16 10:55:45,081] Trial 18 finished with value: 24.05461883544922 and parameters: {'gradient_clip_val': 0.10064543566325518, 'hidden_size': 35, 'dropout': 0.3384720992155131, 'hidden_continuous_size': 15, 'attention_head_size': 2, 'learning_rate': 0.09622245387948353}. Best is trial 16 with value: 15.640869140625.
LOCAL_RANK: 0 - CUDA_VISIBLE_DEVICES: [0]
[I 2023-12-16 10:56:33,931] Trial 19 finished with value: 31.5933895111084 and parameters: {'gradient_clip_val': 0.14523162556947952, 'hidden_size': 33, 'dropout': 0.36161138358262873, 'hidden_continuous_size': 13, 'attention_head_size': 1, 'learning_rate': 0.051260474632077724}. Best is trial 16 with value: 15.640869140625.
LOCAL_RANK: 0 - CUDA_VISIBLE_DEVICES: [0]
[I 2023-12-16 10:57:20,134] Trial 20 finished with value: 36.31803512573242 and parameters: {'gradient_clip_val': 0.10337031249285258, 'hidden_size': 18, 'dropout': 0.3004205782554491, 'hidden_continuous_size': 6, 'attention_head_size': 2, 'learning_rate': 0.018046087239599634}. Best is trial 16 with value: 15.640869140625.
LOCAL_RANK: 0 - CUDA_VISIBLE_DEVICES: [0]
[I 2023-12-16 10:58:04,497] Trial 21 finished with value: 21.100873947143555 and parameters: {'gradient_clip_val': 0.13006958757745352, 'hidden_size': 12, 'dropout': 0.3616525199111938, 'hidden_continuous_size': 6, 'attention_head_size': 3, 'learning_rate': 0.053240880493002914}. Best is trial 16 with value: 15.640869140625.
LOCAL_RANK: 0 - CUDA_VISIBLE_DEVICES: [0]
[I 2023-12-16 10:58:51,236] Trial 22 finished with value: 19.19870948791504 and parameters: {'gradient_clip_val': 0.10072077003119972, 'hidden_size': 20, 'dropout': 0.3981587442319745, 'hidden_continuous_size': 7, 'attention_head_size': 3, 'learning_rate': 0.057441557855941766}. Best is trial 16 with value: 15.640869140625.
LOCAL_RANK: 0 - CUDA_VISIBLE_DEVICES: [0]
[I 2023-12-16 10:59:39,998] Trial 23 finished with value: 26.491872787475586 and parameters: {'gradient_clip_val': 0.14060067754601732, 'hidden_size': 31, 'dropout': 0.35235202206196636, 'hidden_continuous_size': 11, 'attention_head_size': 2, 'learning_rate': 0.03139163367011461}. Best is trial 16 with value: 15.640869140625.
LOCAL_RANK: 0 - CUDA_VISIBLE_DEVICES: [0]
[I 2023-12-16 11:00:27,889] Trial 24 finished with value: 18.963552474975586 and parameters: {'gradient_clip_val': 0.11695457221411688, 'hidden_size': 28, 'dropout': 0.36567294086807217, 'hidden_continuous_size': 8, 'attention_head_size': 3, 'learning_rate': 0.06866392114160133}. Best is trial 16 with value: 15.640869140625.
LOCAL_RANK: 0 - CUDA_VISIBLE_DEVICES: [0]
[I 2023-12-16 11:01:13,429] Trial 25 finished with value: 50.11079406738281 and parameters: {'gradient_clip_val': 0.164323443177927, 'hidden_size': 20, 'dropout': 0.3376892757314203, 'hidden_continuous_size': 6, 'attention_head_size': 2, 'learning_rate': 0.04122840545432824}. Best is trial 16 with value: 15.640869140625.
LOCAL_RANK: 0 - CUDA_VISIBLE_DEVICES: [0]
[I 2023-12-16 11:02:05,354] Trial 26 finished with value: 21.460290908813477 and parameters: {'gradient_clip_val': 0.19497503977991154, 'hidden_size': 39, 'dropout': 0.37661117325747573, 'hidden_continuous_size': 17, 'attention_head_size': 3, 'learning_rate': 0.09369627151485288}. Best is trial 16 with value: 15.640869140625.
LOCAL_RANK: 0 - CUDA_VISIBLE_DEVICES: [0]
[I 2023-12-16 11:02:50,844] Trial 27 finished with value: 27.408334732055664 and parameters: {'gradient_clip_val': 0.14287200687470542, 'hidden_size': 6, 'dropout': 0.3114903513624794, 'hidden_continuous_size': 5, 'attention_head_size': 4, 'learning_rate': 0.024164889380298368}. Best is trial 16 with value: 15.640869140625.
LOCAL_RANK: 0 - CUDA_VISIBLE_DEVICES: [0]
[I 2023-12-16 11:03:35,035] Trial 28 finished with value: 20.678987503051758 and parameters: {'gradient_clip_val': 0.12287066669120628, 'hidden_size': 10, 'dropout': 0.3786526991560532, 'hidden_continuous_size': 5, 'attention_head_size': 1, 'learning_rate': 0.03639029857132444}. Best is trial 16 with value: 15.640869140625.
LOCAL_RANK: 0 - CUDA_VISIBLE_DEVICES: [0]
[I 2023-12-16 11:04:26,609] Trial 29 finished with value: 18.13490867614746 and parameters: {'gradient_clip_val': 0.11656633359137404, 'hidden_size': 56, 'dropout': 0.39983685195661756, 'hidden_continuous_size': 21, 'attention_head_size': 1, 'learning_rate': 0.06458902747813236}. Best is trial 16 with value: 15.640869140625.
LOCAL_RANK: 0 - CUDA_VISIBLE_DEVICES: [0]
[I 2023-12-16 11:05:10,782] Trial 30 finished with value: 14.05709457397461 and parameters: {'gradient_clip_val': 0.11729606547303964, 'hidden_size': 8, 'dropout': 0.33648480174422274, 'hidden_continuous_size': 5, 'attention_head_size': 3, 'learning_rate': 0.004174046121770721}. Best is trial 30 with value: 14.05709457397461.
LOCAL_RANK: 0 - CUDA_VISIBLE_DEVICES: [0]
[I 2023-12-16 11:05:55,786] Trial 31 finished with value: 26.121353149414062 and parameters: {'gradient_clip_val': 0.11377160571771992, 'hidden_size': 7, 'dropout': 0.348159288793714, 'hidden_continuous_size': 5, 'attention_head_size': 3, 'learning_rate': 0.006191847836860008}. Best is trial 30 with value: 14.05709457397461.
LOCAL_RANK: 0 - CUDA_VISIBLE_DEVICES: [0]
[I 2023-12-16 11:06:40,746] Trial 32 finished with value: 26.419706344604492 and parameters: {'gradient_clip_val': 0.14401089814894813, 'hidden_size': 7, 'dropout': 0.3687174910323545, 'hidden_continuous_size': 5, 'attention_head_size': 3, 'learning_rate': 0.003950558016409615}. Best is trial 30 with value: 14.05709457397461.
LOCAL_RANK: 0 - CUDA_VISIBLE_DEVICES: [0]
[I 2023-12-16 11:07:26,170] Trial 33 finished with value: 28.924646377563477 and parameters: {'gradient_clip_val': 0.11534470844106169, 'hidden_size': 9, 'dropout': 0.3463716897987271, 'hidden_continuous_size': 5, 'attention_head_size': 4, 'learning_rate': 0.04347780753166335}. Best is trial 30 with value: 14.05709457397461.
LOCAL_RANK: 0 - CUDA_VISIBLE_DEVICES: [0]
[I 2023-12-16 11:08:09,473] Trial 34 finished with value: 11.470002174377441 and parameters: {'gradient_clip_val': 0.15115998332040678, 'hidden_size': 8, 'dropout': 0.32386874032803353, 'hidden_continuous_size': 5, 'attention_head_size': 2, 'learning_rate': 0.010353439741522528}. Best is trial 34 with value: 11.470002174377441.
LOCAL_RANK: 0 - CUDA_VISIBLE_DEVICES: [0]
[I 2023-12-16 11:08:54,608] Trial 35 finished with value: 37.61935806274414 and parameters: {'gradient_clip_val': 0.15645826331041487, 'hidden_size': 13, 'dropout': 0.3174726254749236, 'hidden_continuous_size': 6, 'attention_head_size': 2, 'learning_rate': 0.010691842932766569}. Best is trial 34 with value: 11.470002174377441.
LOCAL_RANK: 0 - CUDA_VISIBLE_DEVICES: [0]
[I 2023-12-16 11:09:39,785] Trial 36 finished with value: 15.035334587097168 and parameters: {'gradient_clip_val': 0.13349111495010535, 'hidden_size': 10, 'dropout': 0.2932759833414334, 'hidden_continuous_size': 6, 'attention_head_size': 2, 'learning_rate': 0.005997206094920553}. Best is trial 34 with value: 11.470002174377441.
LOCAL_RANK: 0 - CUDA_VISIBLE_DEVICES: [0]
