[I 2023-12-26 12:00:54,555] Trial 44 finished with value: 56.68144226074219 and parameters: {'gradient_clip_val': 0.751189746834439, 'hidden_size': 6, 'dropout': 0.11609218261069308, 'hidden_continuous_size': 5, 'attention_head_size': 2, 'learning_rate': 0.009884558252573498}. Best is trial 0 with value: 8.975481986999512.
[I 2023-12-26 12:01:02,422] Trial 45 finished with value: 56.44784927368164 and parameters: {'gradient_clip_val': 0.6470244280993914, 'hidden_size': 92, 'dropout': 0.1210866637772535, 'hidden_continuous_size': 18, 'attention_head_size': 2, 'learning_rate': 0.006969663025544882}. Best is trial 0 with value: 8.975481986999512.
[I 2023-12-26 12:01:10,952] Trial 46 finished with value: 69.12076568603516 and parameters: {'gradient_clip_val': 0.7954285198707292, 'hidden_size': 112, 'dropout': 0.11246079915481505, 'hidden_continuous_size': 27, 'attention_head_size': 1, 'learning_rate': 0.0039603417037139136}. Best is trial 0 with value: 8.975481986999512.
[I 2023-12-26 12:01:12,824] Trial 47 finished with value: 58.28422164916992 and parameters: {'gradient_clip_val': 0.8992918608681819, 'hidden_size': 5, 'dropout': 0.10104243994939006, 'hidden_continuous_size': 5, 'attention_head_size': 2, 'learning_rate': 0.01363496467736367}. Best is trial 0 with value: 8.975481986999512.
[I 2023-12-26 12:01:16,443] Trial 48 finished with value: 72.7181625366211 and parameters: {'gradient_clip_val': 0.6998869199820845, 'hidden_size': 47, 'dropout': 0.13567167861996995, 'hidden_continuous_size': 16, 'attention_head_size': 3, 'learning_rate': 0.007832654560892402}. Best is trial 0 with value: 8.975481986999512.
[I 2023-12-26 12:01:26,410] Trial 49 finished with value: 61.16313171386719 and parameters: {'gradient_clip_val': 0.9992097807002531, 'hidden_size': 131, 'dropout': 0.24813429725340794, 'hidden_continuous_size': 21, 'attention_head_size': 2, 'learning_rate': 0.005462981015574557}. Best is trial 0 with value: 8.975481986999512.
[I 2023-12-26 12:01:26,563] A new study created in memory with name: no-name-ad7b265b-1f0a-4bdb-9e87-8b12cde924bd
/home/le004/conda/anaconda3/envs/tsff_env/lib/python3.9/site-packages/lightning/fabric/plugins/environments/slurm.py:191: The `srun` command is available on your system but is not used. HINT: If your intention is to run Lightning on SLURM, prepend your python command with `srun` like so: srun python /home/le004/master_thesis/git/TSFusionForecast/code/ ...
[I 2023-12-26 12:04:55,932] Trial 0 finished with value: 7.79632568359375 and parameters: {'gradient_clip_val': 0.829247182040943, 'hidden_size': 8, 'dropout': 0.30345049867676244, 'hidden_continuous_size': 6, 'attention_head_size': 4, 'learning_rate': 0.06964366516093612}. Best is trial 0 with value: 7.79632568359375.
[I 2023-12-26 12:04:57,813] Trial 1 finished with value: 49.62302017211914 and parameters: {'gradient_clip_val': 0.7598977329779765, 'hidden_size': 7, 'dropout': 0.19219023780699246, 'hidden_continuous_size': 5, 'attention_head_size': 1, 'learning_rate': 0.08097696458842685}. Best is trial 0 with value: 7.79632568359375.
[I 2023-12-26 12:04:59,931] Trial 2 finished with value: 46.0443115234375 and parameters: {'gradient_clip_val': 0.157805674088217, 'hidden_size': 14, 'dropout': 0.27291631440948316, 'hidden_continuous_size': 11, 'attention_head_size': 4, 'learning_rate': 0.022631300731827793}. Best is trial 0 with value: 7.79632568359375.
[I 2023-12-26 12:05:04,360] Trial 3 finished with value: 49.7533073425293 and parameters: {'gradient_clip_val': 0.8278786476469693, 'hidden_size': 52, 'dropout': 0.45353358556563805, 'hidden_continuous_size': 50, 'attention_head_size': 1, 'learning_rate': 0.00869961738509766}. Best is trial 0 with value: 7.79632568359375.
[I 2023-12-26 12:05:06,304] Trial 4 finished with value: 78.7996826171875 and parameters: {'gradient_clip_val': 0.24183420426743155, 'hidden_size': 5, 'dropout': 0.3032477086848698, 'hidden_continuous_size': 5, 'attention_head_size': 4, 'learning_rate': 0.0027451089645771616}. Best is trial 0 with value: 7.79632568359375.
[I 2023-12-26 12:05:12,538] Trial 5 finished with value: 55.95330810546875 and parameters: {'gradient_clip_val': 0.45276549729931115, 'hidden_size': 98, 'dropout': 0.38295029556106586, 'hidden_continuous_size': 6, 'attention_head_size': 2, 'learning_rate': 0.00844588342911536}. Best is trial 0 with value: 7.79632568359375.
[I 2023-12-26 12:05:14,733] Trial 6 finished with value: 44.74699783325195 and parameters: {'gradient_clip_val': 0.19384696752529892, 'hidden_size': 21, 'dropout': 0.31539245078322, 'hidden_continuous_size': 11, 'attention_head_size': 2, 'learning_rate': 0.0022602051853485797}. Best is trial 0 with value: 7.79632568359375.
[I 2023-12-26 12:05:16,688] Trial 7 finished with value: 72.1929931640625 and parameters: {'gradient_clip_val': 0.27173985237591086, 'hidden_size': 10, 'dropout': 0.13324913383947654, 'hidden_continuous_size': 5, 'attention_head_size': 1, 'learning_rate': 0.006361733396929838}. Best is trial 0 with value: 7.79632568359375.
[I 2023-12-26 12:05:18,812] Trial 8 finished with value: 67.25580596923828 and parameters: {'gradient_clip_val': 0.644034295753273, 'hidden_size': 20, 'dropout': 0.28726313570580897, 'hidden_continuous_size': 11, 'attention_head_size': 2, 'learning_rate': 0.0012143667420759937}. Best is trial 0 with value: 7.79632568359375.
[I 2023-12-26 12:05:25,223] Trial 9 finished with value: 57.977413177490234 and parameters: {'gradient_clip_val': 0.1612875980224871, 'hidden_size': 75, 'dropout': 0.44282746088288427, 'hidden_continuous_size': 9, 'attention_head_size': 3, 'learning_rate': 0.01280746123623284}. Best is trial 0 with value: 7.79632568359375.
[I 2023-12-26 12:05:28,926] Trial 10 finished with value: 67.26789855957031 and parameters: {'gradient_clip_val': 0.39843749922838495, 'hidden_size': 36, 'dropout': 0.21077479388432824, 'hidden_continuous_size': 17, 'attention_head_size': 3, 'learning_rate': 0.08023477769566853}. Best is trial 0 with value: 7.79632568359375.
[I 2023-12-26 12:05:31,133] Trial 11 finished with value: 57.66786575317383 and parameters: {'gradient_clip_val': 0.11685744849187736, 'hidden_size': 19, 'dropout': 0.3671600847013038, 'hidden_continuous_size': 7, 'attention_head_size': 3, 'learning_rate': 0.0005147109854558061}. Best is trial 0 with value: 7.79632568359375.
[I 2023-12-26 12:05:33,121] Trial 12 finished with value: 70.76380157470703 and parameters: {'gradient_clip_val': 0.9788339500760554, 'hidden_size': 10, 'dropout': 0.32749834104979925, 'hidden_continuous_size': 6, 'attention_head_size': 2, 'learning_rate': 0.0031076905869301865}. Best is trial 0 with value: 7.79632568359375.
[I 2023-12-26 12:05:35,616] Trial 13 finished with value: 57.57411575317383 and parameters: {'gradient_clip_val': 0.5974042737651477, 'hidden_size': 33, 'dropout': 0.2523109544922746, 'hidden_continuous_size': 15, 'attention_head_size': 4, 'learning_rate': 0.04514803170652251}. Best is trial 0 with value: 7.79632568359375.
[I 2023-12-26 12:05:37,342] Trial 14 finished with value: 74.88433074951172 and parameters: {'gradient_clip_val': 0.35238727270615583, 'hidden_size': 5, 'dropout': 0.3703117255211994, 'hidden_continuous_size': 5, 'attention_head_size': 3, 'learning_rate': 0.03089864656096186}. Best is trial 0 with value: 7.79632568359375.
[I 2023-12-26 12:05:39,560] Trial 15 finished with value: 46.64350509643555 and parameters: {'gradient_clip_val': 0.46973558146931954, 'hidden_size': 23, 'dropout': 0.3383053349748503, 'hidden_continuous_size': 8, 'attention_head_size': 2, 'learning_rate': 0.015613284797134055}. Best is trial 0 with value: 7.79632568359375.
[I 2023-12-26 12:05:41,705] Trial 16 finished with value: 66.41332244873047 and parameters: {'gradient_clip_val': 0.28812186678764157, 'hidden_size': 15, 'dropout': 0.48814780577740585, 'hidden_continuous_size': 6, 'attention_head_size': 4, 'learning_rate': 0.03875540286700524}. Best is trial 0 with value: 7.79632568359375.
[I 2023-12-26 12:05:43,730] Trial 17 finished with value: 53.5002555847168 and parameters: {'gradient_clip_val': 0.22892771522936572, 'hidden_size': 10, 'dropout': 0.2582023325763582, 'hidden_continuous_size': 6, 'attention_head_size': 3, 'learning_rate': 0.003525539065747838}. Best is trial 0 with value: 7.79632568359375.
[I 2023-12-26 12:05:46,453] Trial 18 finished with value: 68.06212615966797 and parameters: {'gradient_clip_val': 0.5370228513007638, 'hidden_size': 33, 'dropout': 0.22872648613265134, 'hidden_continuous_size': 10, 'attention_head_size': 2, 'learning_rate': 0.020256811281761298}. Best is trial 0 with value: 7.79632568359375.
[I 2023-12-26 12:05:48,335] Trial 19 finished with value: 58.67904281616211 and parameters: {'gradient_clip_val': 0.3637574219047643, 'hidden_size': 7, 'dropout': 0.3124697405833533, 'hidden_continuous_size': 5, 'attention_head_size': 1, 'learning_rate': 0.055714733324472576}. Best is trial 0 with value: 7.79632568359375.
[I 2023-12-26 12:05:50,488] Trial 20 finished with value: 62.9240837097168 and parameters: {'gradient_clip_val': 0.20712781055368196, 'hidden_size': 15, 'dropout': 0.17489081176957344, 'hidden_continuous_size': 7, 'attention_head_size': 4, 'learning_rate': 0.026069413555957772}. Best is trial 0 with value: 7.79632568359375.
[I 2023-12-26 12:05:52,659] Trial 21 finished with value: 46.20707702636719 and parameters: {'gradient_clip_val': 0.17725914443949178, 'hidden_size': 15, 'dropout': 0.2783009554252484, 'hidden_continuous_size': 11, 'attention_head_size': 4, 'learning_rate': 0.026034411461999144}. Best is trial 0 with value: 7.79632568359375.
[I 2023-12-26 12:06:01,680] Trial 22 finished with value: 38.304203033447266 and parameters: {'gradient_clip_val': 0.13793431153189115, 'hidden_size': 150, 'dropout': 0.25446365685444633, 'hidden_continuous_size': 20, 'attention_head_size': 4, 'learning_rate': 0.09139101196308308}. Best is trial 0 with value: 7.79632568359375.
[I 2023-12-26 12:06:09,026] Trial 23 finished with value: 52.97758102416992 and parameters: {'gradient_clip_val': 0.13542127546433153, 'hidden_size': 123, 'dropout': 0.23739870171904542, 'hidden_continuous_size': 28, 'attention_head_size': 3, 'learning_rate': 0.09242345036953932}. Best is trial 0 with value: 7.79632568359375.
[I 2023-12-26 12:06:17,475] Trial 24 finished with value: 42.80242919921875 and parameters: {'gradient_clip_val': 0.111144994632436, 'hidden_size': 142, 'dropout': 0.2997037916065683, 'hidden_continuous_size': 24, 'attention_head_size': 4, 'learning_rate': 0.05681620081195983}. Best is trial 0 with value: 7.79632568359375.
[I 2023-12-26 12:06:25,552] Trial 25 finished with value: 41.756263732910156 and parameters: {'gradient_clip_val': 0.11416367771272509, 'hidden_size': 137, 'dropout': 0.2556432942372521, 'hidden_continuous_size': 27, 'attention_head_size': 4, 'learning_rate': 0.0525098157399106}. Best is trial 0 with value: 7.79632568359375.
[I 2023-12-26 12:06:35,433] Trial 26 finished with value: 26.839590072631836 and parameters: {'gradient_clip_val': 0.10581946605622142, 'hidden_size': 146, 'dropout': 0.22380316674478015, 'hidden_continuous_size': 128, 'attention_head_size': 4, 'learning_rate': 0.09850537360784796}. Best is trial 0 with value: 7.79632568359375.
[I 2023-12-26 12:06:40,372] Trial 27 finished with value: 60.190792083740234 and parameters: {'gradient_clip_val': 0.10230607121716263, 'hidden_size': 82, 'dropout': 0.16155840798923285, 'hidden_continuous_size': 82, 'attention_head_size': 4, 'learning_rate': 0.09887528324755254}. Best is trial 0 with value: 7.79632568359375.
[I 2023-12-26 12:06:43,863] Trial 28 finished with value: 38.78342819213867 and parameters: {'gradient_clip_val': 0.13845068226777096, 'hidden_size': 58, 'dropout': 0.21654444496713404, 'hidden_continuous_size': 14, 'attention_head_size': 4, 'learning_rate': 0.06963079851315329}. Best is trial 0 with value: 7.79632568359375.
[I 2023-12-26 12:06:51,684] Trial 29 finished with value: 45.99055862426758 and parameters: {'gradient_clip_val': 0.13232576078613079, 'hidden_size': 116, 'dropout': 0.19456902816802563, 'hidden_continuous_size': 109, 'attention_head_size': 3, 'learning_rate': 0.03547515036999831}. Best is trial 0 with value: 7.79632568359375.
[I 2023-12-26 12:07:02,032] Trial 30 finished with value: 53.6054573059082 and parameters: {'gradient_clip_val': 0.1027752465690045, 'hidden_size': 147, 'dropout': 0.19739545478232406, 'hidden_continuous_size': 138, 'attention_head_size': 4, 'learning_rate': 0.06527429013991053}. Best is trial 0 with value: 7.79632568359375.
[I 2023-12-26 12:07:05,661] Trial 31 finished with value: 47.117095947265625 and parameters: {'gradient_clip_val': 0.13739692520355656, 'hidden_size': 63, 'dropout': 0.2205640864104528, 'hidden_continuous_size': 16, 'attention_head_size': 4, 'learning_rate': 0.07617805579358271}. Best is trial 0 with value: 7.79632568359375.
[I 2023-12-26 12:07:12,120] Trial 32 finished with value: 42.095890045166016 and parameters: {'gradient_clip_val': 0.15017175899734336, 'hidden_size': 106, 'dropout': 0.22629157960871027, 'hidden_continuous_size': 36, 'attention_head_size': 4, 'learning_rate': 0.09860228666406733}. Best is trial 0 with value: 7.79632568359375.
[I 2023-12-26 12:07:18,637] Trial 33 finished with value: 47.5711669921875 and parameters: {'gradient_clip_val': 0.17677464622052608, 'hidden_size': 92, 'dropout': 0.26857343779642223, 'hidden_continuous_size': 14, 'attention_head_size': 4, 'learning_rate': 0.06542034140697933}. Best is trial 0 with value: 7.79632568359375.
[I 2023-12-26 12:07:22,391] Trial 34 finished with value: 65.8736801147461 and parameters: {'gradient_clip_val': 0.12806639583072826, 'hidden_size': 52, 'dropout': 0.114545722424201, 'hidden_continuous_size': 22, 'attention_head_size': 4, 'learning_rate': 0.042797435653593216}. Best is trial 0 with value: 7.79632568359375.
[I 2023-12-26 12:07:30,157] Trial 35 finished with value: 48.690948486328125 and parameters: {'gradient_clip_val': 0.16081819541336265, 'hidden_size': 110, 'dropout': 0.24324834042114823, 'hidden_continuous_size': 45, 'attention_head_size': 4, 'learning_rate': 0.07218633922657956}. Best is trial 0 with value: 7.79632568359375.
[I 2023-12-26 12:07:34,921] Trial 36 finished with value: 47.59014892578125 and parameters: {'gradient_clip_val': 0.21996518850168567, 'hidden_size': 72, 'dropout': 0.28715973289427793, 'hidden_continuous_size': 13, 'attention_head_size': 4, 'learning_rate': 0.04736266539486557}. Best is trial 0 with value: 7.79632568359375.
[I 2023-12-26 12:07:41,175] Trial 37 finished with value: 40.701480865478516 and parameters: {'gradient_clip_val': 0.19350782937353828, 'hidden_size': 91, 'dropout': 0.174668420632361, 'hidden_continuous_size': 19, 'attention_head_size': 3, 'learning_rate': 0.09979679959003}. Best is trial 0 with value: 7.79632568359375.
[I 2023-12-26 12:07:45,621] Trial 38 finished with value: 47.386295318603516 and parameters: {'gradient_clip_val': 0.25598520396256325, 'hidden_size': 63, 'dropout': 0.2150554578811781, 'hidden_continuous_size': 13, 'attention_head_size': 4, 'learning_rate': 0.06998094037199405}. Best is trial 0 with value: 7.79632568359375.
[I 2023-12-26 12:07:52,338] Trial 39 finished with value: 69.11359405517578 and parameters: {'gradient_clip_val': 0.14814120319040763, 'hidden_size': 100, 'dropout': 0.2706788129798336, 'hidden_continuous_size': 18, 'attention_head_size': 3, 'learning_rate': 0.03249169657292783}. Best is trial 0 with value: 7.79632568359375.
[I 2023-12-26 12:08:00,940] Trial 40 finished with value: 43.8331298828125 and parameters: {'gradient_clip_val': 0.31188586330925344, 'hidden_size': 121, 'dropout': 0.23856353745783854, 'hidden_continuous_size': 64, 'attention_head_size': 4, 'learning_rate': 0.050533792508099126}. Best is trial 0 with value: 7.79632568359375.
[I 2023-12-26 12:08:07,114] Trial 41 finished with value: 40.953922271728516 and parameters: {'gradient_clip_val': 0.1955954457675711, 'hidden_size': 91, 'dropout': 0.1789903815685689, 'hidden_continuous_size': 20, 'attention_head_size': 3, 'learning_rate': 0.09908736126565243}. Best is trial 0 with value: 7.79632568359375.
[I 2023-12-26 12:08:17,041] Trial 42 finished with value: 58.31196212768555 and parameters: {'gradient_clip_val': 0.1234311155728069, 'hidden_size': 148, 'dropout': 0.15713804921198168, 'hidden_continuous_size': 20, 'attention_head_size': 4, 'learning_rate': 0.07879272623959789}. Best is trial 0 with value: 7.79632568359375.
[I 2023-12-26 12:08:23,066] Trial 43 finished with value: 60.14996337890625 and parameters: {'gradient_clip_val': 0.756171174578488, 'hidden_size': 88, 'dropout': 0.20171358784688254, 'hidden_continuous_size': 33, 'attention_head_size': 3, 'learning_rate': 0.060163410320327085}. Best is trial 0 with value: 7.79632568359375.
[I 2023-12-26 12:08:31,449] Trial 44 finished with value: 54.28493118286133 and parameters: {'gradient_clip_val': 0.17042283642216757, 'hidden_size': 125, 'dropout': 0.20845749106267356, 'hidden_continuous_size': 17, 'attention_head_size': 4, 'learning_rate': 0.08021569931852096}. Best is trial 0 with value: 7.79632568359375.
[I 2023-12-26 12:08:38,902] Trial 45 finished with value: 54.42985534667969 and parameters: {'gradient_clip_val': 0.14344582967117198, 'hidden_size': 106, 'dropout': 0.14358202152286467, 'hidden_continuous_size': 13, 'attention_head_size': 3, 'learning_rate': 0.03901861783409055}. Best is trial 0 with value: 7.79632568359375.
[I 2023-12-26 12:08:41,976] Trial 46 finished with value: 52.65388488769531 and parameters: {'gradient_clip_val': 0.11982027375680267, 'hidden_size': 41, 'dropout': 0.18408481075719252, 'hidden_continuous_size': 15, 'attention_head_size': 4, 'learning_rate': 0.058880812565843994}. Best is trial 0 with value: 7.79632568359375.
[I 2023-12-26 12:08:47,383] Trial 47 finished with value: 57.96474075317383 and parameters: {'gradient_clip_val': 0.18993788527983996, 'hidden_size': 78, 'dropout': 0.29400018966065666, 'hidden_continuous_size': 19, 'attention_head_size': 3, 'learning_rate': 0.08235366042469172}. Best is trial 0 with value: 7.79632568359375.
[I 2023-12-26 12:08:55,795] Trial 48 finished with value: 43.57389450073242 and parameters: {'gradient_clip_val': 0.15973967480969628, 'hidden_size': 126, 'dropout': 0.25261853676008916, 'hidden_continuous_size': 9, 'attention_head_size': 2, 'learning_rate': 0.04478314029758797}. Best is trial 0 with value: 7.79632568359375.
[I 2023-12-26 12:09:02,190] Trial 49 finished with value: 38.990196228027344 and parameters: {'gradient_clip_val': 0.24048694701960913, 'hidden_size': 91, 'dropout': 0.21862037022816566, 'hidden_continuous_size': 21, 'attention_head_size': 4, 'learning_rate': 0.09768977804586014}. Best is trial 0 with value: 7.79632568359375.
[I 2023-12-26 12:09:02,315] A new study created in memory with name: no-name-9421ff1f-f5a2-44d6-9dd8-41867dc44ecc
/home/le004/conda/anaconda3/envs/tsff_env/lib/python3.9/site-packages/lightning/fabric/plugins/environments/slurm.py:191: The `srun` command is available on your system but is not used. HINT: If your intention is to run Lightning on SLURM, prepend your python command with `srun` like so: srun python /home/le004/master_thesis/git/TSFusionForecast/code/ ...
[I 2023-12-26 12:12:09,260] Trial 0 finished with value: 188.7674560546875 and parameters: {'gradient_clip_val': 0.3581702127378701, 'hidden_size': 7, 'dropout': 0.3980021549507925, 'hidden_continuous_size': 7, 'attention_head_size': 1, 'learning_rate': 0.004966744296638684}. Best is trial 0 with value: 188.7674560546875.
[I 2023-12-26 12:12:11,789] Trial 1 finished with value: 865.5386352539062 and parameters: {'gradient_clip_val': 0.5187947638504917, 'hidden_size': 24, 'dropout': 0.28812168385103776, 'hidden_continuous_size': 20, 'attention_head_size': 3, 'learning_rate': 0.014214778472137167}. Best is trial 0 with value: 188.7674560546875.
[I 2023-12-26 12:12:17,814] Trial 2 finished with value: 757.1039428710938 and parameters: {'gradient_clip_val': 0.19032735393330566, 'hidden_size': 78, 'dropout': 0.1537862511044492, 'hidden_continuous_size': 49, 'attention_head_size': 4, 'learning_rate': 0.012397302622309063}. Best is trial 0 with value: 188.7674560546875.
[I 2023-12-26 12:12:20,058] Trial 3 finished with value: 957.517822265625 and parameters: {'gradient_clip_val': 0.16258666771147975, 'hidden_size': 11, 'dropout': 0.20588656784229564, 'hidden_continuous_size': 7, 'attention_head_size': 1, 'learning_rate': 0.0026269876170458054}. Best is trial 0 with value: 188.7674560546875.
[I 2023-12-26 12:12:22,246] Trial 4 finished with value: 1030.2451171875 and parameters: {'gradient_clip_val': 0.45892095519790216, 'hidden_size': 12, 'dropout': 0.33890290217918295, 'hidden_continuous_size': 9, 'attention_head_size': 3, 'learning_rate': 0.008407767372367522}. Best is trial 0 with value: 188.7674560546875.
[I 2023-12-26 12:12:24,205] Trial 5 finished with value: 563.7863159179688 and parameters: {'gradient_clip_val': 0.9449444362555626, 'hidden_size': 6, 'dropout': 0.2974496782036167, 'hidden_continuous_size': 5, 'attention_head_size': 4, 'learning_rate': 0.0016592968924151355}. Best is trial 0 with value: 188.7674560546875.
[I 2023-12-26 12:12:26,315] Trial 6 finished with value: 829.7392578125 and parameters: {'gradient_clip_val': 0.2200070223398859, 'hidden_size': 13, 'dropout': 0.40890579316730924, 'hidden_continuous_size': 9, 'attention_head_size': 4, 'learning_rate': 0.04010978630257308}. Best is trial 0 with value: 188.7674560546875.
[I 2023-12-26 12:12:29,828] Trial 7 finished with value: 664.5473022460938 and parameters: {'gradient_clip_val': 0.23507029792269232, 'hidden_size': 51, 'dropout': 0.4685420106089101, 'hidden_continuous_size': 30, 'attention_head_size': 1, 'learning_rate': 0.010232236317275075}. Best is trial 0 with value: 188.7674560546875.
