[I 2023-12-16 12:11:08,026] Trial 5 finished with value: 117.79241180419922 and parameters: {'gradient_clip_val': 0.24141695489282133, 'hidden_size': 40, 'dropout': 0.39438297993538907, 'hidden_continuous_size': 15, 'attention_head_size': 4, 'learning_rate': 0.05595423203815545}. Best is trial 5 with value: 117.79241180419922.
LOCAL_RANK: 0 - CUDA_VISIBLE_DEVICES: [0]
[I 2023-12-16 12:11:42,189] Trial 6 finished with value: 761.361328125 and parameters: {'gradient_clip_val': 0.12863813098237264, 'hidden_size': 6, 'dropout': 0.19654813090959086, 'hidden_continuous_size': 6, 'attention_head_size': 1, 'learning_rate': 0.010641587421722507}. Best is trial 5 with value: 117.79241180419922.
LOCAL_RANK: 0 - CUDA_VISIBLE_DEVICES: [0]
[I 2023-12-16 12:12:27,672] Trial 7 finished with value: 642.3216552734375 and parameters: {'gradient_clip_val': 0.6741544766308667, 'hidden_size': 6, 'dropout': 0.29309284464908725, 'hidden_continuous_size': 5, 'attention_head_size': 3, 'learning_rate': 0.007823161219022517}. Best is trial 5 with value: 117.79241180419922.
LOCAL_RANK: 0 - CUDA_VISIBLE_DEVICES: [0]
[I 2023-12-16 12:13:14,450] Trial 8 finished with value: 901.7321166992188 and parameters: {'gradient_clip_val': 0.2696670711033331, 'hidden_size': 11, 'dropout': 0.2667830780760847, 'hidden_continuous_size': 9, 'attention_head_size': 4, 'learning_rate': 0.038928041755917735}. Best is trial 5 with value: 117.79241180419922.
LOCAL_RANK: 0 - CUDA_VISIBLE_DEVICES: [0]
[I 2023-12-16 12:14:06,579] Trial 9 finished with value: 224.5052490234375 and parameters: {'gradient_clip_val': 0.13800386596406636, 'hidden_size': 57, 'dropout': 0.24903573460665876, 'hidden_continuous_size': 6, 'attention_head_size': 4, 'learning_rate': 0.001415825475042959}. Best is trial 5 with value: 117.79241180419922.
LOCAL_RANK: 0 - CUDA_VISIBLE_DEVICES: [0]
[I 2023-12-16 12:14:54,362] Trial 10 finished with value: 701.2863159179688 and parameters: {'gradient_clip_val': 0.43570718865369495, 'hidden_size': 24, 'dropout': 0.39887042965468994, 'hidden_continuous_size': 12, 'attention_head_size': 2, 'learning_rate': 0.0665849109556051}. Best is trial 5 with value: 117.79241180419922.
LOCAL_RANK: 0 - CUDA_VISIBLE_DEVICES: [0]
[I 2023-12-16 12:15:47,828] Trial 11 finished with value: 1186.1351318359375 and parameters: {'gradient_clip_val': 0.1054830959677245, 'hidden_size': 66, 'dropout': 0.3984427751897488, 'hidden_continuous_size': 9, 'attention_head_size': 4, 'learning_rate': 0.0013055926275357874}. Best is trial 5 with value: 117.79241180419922.
LOCAL_RANK: 0 - CUDA_VISIBLE_DEVICES: [0]
[I 2023-12-16 12:16:41,854] Trial 12 finished with value: 270.8539123535156 and parameters: {'gradient_clip_val': 0.174382522689229, 'hidden_size': 51, 'dropout': 0.22819623117925558, 'hidden_continuous_size': 20, 'attention_head_size': 4, 'learning_rate': 0.0005902443412455008}. Best is trial 5 with value: 117.79241180419922.
LOCAL_RANK: 0 - CUDA_VISIBLE_DEVICES: [0]
[I 2023-12-16 12:17:31,666] Trial 13 finished with value: 201.6469268798828 and parameters: {'gradient_clip_val': 0.3892701339120429, 'hidden_size': 34, 'dropout': 0.15674315075187367, 'hidden_continuous_size': 7, 'attention_head_size': 3, 'learning_rate': 0.002851929852759363}. Best is trial 5 with value: 117.79241180419922.
LOCAL_RANK: 0 - CUDA_VISIBLE_DEVICES: [0]
[I 2023-12-16 12:18:21,231] Trial 14 finished with value: 261.669189453125 and parameters: {'gradient_clip_val': 0.4024264662437938, 'hidden_size': 31, 'dropout': 0.10293580345223209, 'hidden_continuous_size': 8, 'attention_head_size': 3, 'learning_rate': 0.02158600915788066}. Best is trial 5 with value: 117.79241180419922.
LOCAL_RANK: 0 - CUDA_VISIBLE_DEVICES: [0]
[I 2023-12-16 12:19:09,365] Trial 15 finished with value: 381.4212646484375 and parameters: {'gradient_clip_val': 0.9338338746579004, 'hidden_size': 21, 'dropout': 0.17641948851990663, 'hidden_continuous_size': 7, 'attention_head_size': 2, 'learning_rate': 0.07932275994274411}. Best is trial 5 with value: 117.79241180419922.
LOCAL_RANK: 0 - CUDA_VISIBLE_DEVICES: [0]
[I 2023-12-16 12:20:01,142] Trial 16 finished with value: 220.2093048095703 and parameters: {'gradient_clip_val': 0.4428024181360222, 'hidden_size': 41, 'dropout': 0.16198020914858327, 'hidden_continuous_size': 12, 'attention_head_size': 1, 'learning_rate': 0.003534736303676057}. Best is trial 5 with value: 117.79241180419922.
LOCAL_RANK: 0 - CUDA_VISIBLE_DEVICES: [0]
[I 2023-12-16 12:20:55,917] Trial 17 finished with value: 292.3558349609375 and parameters: {'gradient_clip_val': 0.3263658697416936, 'hidden_size': 73, 'dropout': 0.12879811578597983, 'hidden_continuous_size': 32, 'attention_head_size': 3, 'learning_rate': 0.02721838789829247}. Best is trial 5 with value: 117.79241180419922.
LOCAL_RANK: 0 - CUDA_VISIBLE_DEVICES: [0]
[I 2023-12-16 12:21:52,359] Trial 18 finished with value: 315.7759704589844 and parameters: {'gradient_clip_val': 0.23724278849529765, 'hidden_size': 100, 'dropout': 0.2114936433258372, 'hidden_continuous_size': 33, 'attention_head_size': 3, 'learning_rate': 0.09524960320370006}. Best is trial 5 with value: 117.79241180419922.
LOCAL_RANK: 0 - CUDA_VISIBLE_DEVICES: [0]
[I 2023-12-16 12:22:44,975] Trial 19 finished with value: 246.49891662597656 and parameters: {'gradient_clip_val': 0.5194889441661678, 'hidden_size': 42, 'dropout': 0.17918746220426432, 'hidden_continuous_size': 10, 'attention_head_size': 2, 'learning_rate': 0.01460627762622206}. Best is trial 5 with value: 117.79241180419922.
LOCAL_RANK: 0 - CUDA_VISIBLE_DEVICES: [0]
[I 2023-12-16 12:23:34,233] Trial 20 finished with value: 351.1834411621094 and parameters: {'gradient_clip_val': 0.3485301056068294, 'hidden_size': 22, 'dropout': 0.12087868086653593, 'hidden_continuous_size': 7, 'attention_head_size': 4, 'learning_rate': 0.032924169418812405}. Best is trial 5 with value: 117.79241180419922.
LOCAL_RANK: 0 - CUDA_VISIBLE_DEVICES: [0]
[I 2023-12-16 12:24:25,614] Trial 21 finished with value: 643.3605346679688 and parameters: {'gradient_clip_val': 0.5128537005457402, 'hidden_size': 41, 'dropout': 0.1586956678911632, 'hidden_continuous_size': 12, 'attention_head_size': 1, 'learning_rate': 0.0038364198587505245}. Best is trial 5 with value: 117.79241180419922.
LOCAL_RANK: 0 - CUDA_VISIBLE_DEVICES: [0]
[I 2023-12-16 12:25:17,650] Trial 22 finished with value: 1138.004638671875 and parameters: {'gradient_clip_val': 0.2788117238208942, 'hidden_size': 52, 'dropout': 0.15316442070297143, 'hidden_continuous_size': 11, 'attention_head_size': 1, 'learning_rate': 0.003117609198883507}. Best is trial 5 with value: 117.79241180419922.
LOCAL_RANK: 0 - CUDA_VISIBLE_DEVICES: [0]
[I 2023-12-16 12:26:08,036] Trial 23 finished with value: 365.0806579589844 and parameters: {'gradient_clip_val': 0.3836814887304792, 'hidden_size': 36, 'dropout': 0.1844036504076209, 'hidden_continuous_size': 14, 'attention_head_size': 2, 'learning_rate': 0.0023617132292815036}. Best is trial 5 with value: 117.79241180419922.
LOCAL_RANK: 0 - CUDA_VISIBLE_DEVICES: [0]
[I 2023-12-16 12:26:57,230] Trial 24 finished with value: 805.0160522460938 and parameters: {'gradient_clip_val': 0.462345702906074, 'hidden_size': 29, 'dropout': 0.16756625935779923, 'hidden_continuous_size': 10, 'attention_head_size': 1, 'learning_rate': 0.006450529927007826}. Best is trial 5 with value: 117.79241180419922.
LOCAL_RANK: 0 - CUDA_VISIBLE_DEVICES: [0]
[I 2023-12-16 12:27:49,718] Trial 25 finished with value: 310.13800048828125 and parameters: {'gradient_clip_val': 0.37381076293222343, 'hidden_size': 45, 'dropout': 0.19966995766499027, 'hidden_continuous_size': 8, 'attention_head_size': 3, 'learning_rate': 0.011139845754429348}. Best is trial 5 with value: 117.79241180419922.
LOCAL_RANK: 0 - CUDA_VISIBLE_DEVICES: [0]
[I 2023-12-16 12:28:43,314] Trial 26 finished with value: 153.14222717285156 and parameters: {'gradient_clip_val': 0.28601608815425406, 'hidden_size': 66, 'dropout': 0.14032767004568597, 'hidden_continuous_size': 14, 'attention_head_size': 2, 'learning_rate': 0.023256185772930118}. Best is trial 5 with value: 117.79241180419922.
LOCAL_RANK: 0 - CUDA_VISIBLE_DEVICES: [0]
[I 2023-12-16 12:29:37,745] Trial 27 finished with value: 153.8974609375 and parameters: {'gradient_clip_val': 0.21696881573452118, 'hidden_size': 75, 'dropout': 0.134510353196664, 'hidden_continuous_size': 17, 'attention_head_size': 2, 'learning_rate': 0.02315312979148695}. Best is trial 5 with value: 117.79241180419922.
LOCAL_RANK: 0 - CUDA_VISIBLE_DEVICES: [0]
[I 2023-12-16 12:30:31,725] Trial 28 finished with value: 583.2225952148438 and parameters: {'gradient_clip_val': 0.21004283567130824, 'hidden_size': 69, 'dropout': 0.13391273136295795, 'hidden_continuous_size': 15, 'attention_head_size': 2, 'learning_rate': 0.051743102591478886}. Best is trial 5 with value: 117.79241180419922.
LOCAL_RANK: 0 - CUDA_VISIBLE_DEVICES: [0]
[I 2023-12-16 12:31:25,919] Trial 29 finished with value: 441.285400390625 and parameters: {'gradient_clip_val': 0.1935752962246701, 'hidden_size': 85, 'dropout': 0.10484093198394454, 'hidden_continuous_size': 23, 'attention_head_size': 2, 'learning_rate': 0.022013659937788668}. Best is trial 5 with value: 117.79241180419922.
LOCAL_RANK: 0 - CUDA_VISIBLE_DEVICES: [0]
[I 2023-12-16 12:32:03,159] Trial 30 finished with value: 163.54806518554688 and parameters: {'gradient_clip_val': 0.15426699492986226, 'hidden_size': 85, 'dropout': 0.12214795255609856, 'hidden_continuous_size': 85, 'attention_head_size': 2, 'learning_rate': 0.03193837487248088}. Best is trial 5 with value: 117.79241180419922.
LOCAL_RANK: 0 - CUDA_VISIBLE_DEVICES: [0]
[I 2023-12-16 12:33:00,127] Trial 31 finished with value: 759.5534057617188 and parameters: {'gradient_clip_val': 0.15615132673162774, 'hidden_size': 83, 'dropout': 0.12375724511078667, 'hidden_continuous_size': 80, 'attention_head_size': 2, 'learning_rate': 0.031131957153709804}. Best is trial 5 with value: 117.79241180419922.
LOCAL_RANK: 0 - CUDA_VISIBLE_DEVICES: [0]
[I 2023-12-16 12:33:54,764] Trial 32 finished with value: 226.44859313964844 and parameters: {'gradient_clip_val': 0.1514279514313397, 'hidden_size': 61, 'dropout': 0.1345583439760594, 'hidden_continuous_size': 46, 'attention_head_size': 2, 'learning_rate': 0.047688037559930355}. Best is trial 5 with value: 117.79241180419922.
LOCAL_RANK: 0 - CUDA_VISIBLE_DEVICES: [0]
[I 2023-12-16 12:34:52,310] Trial 33 finished with value: 425.7837829589844 and parameters: {'gradient_clip_val': 0.20976912798320788, 'hidden_size': 100, 'dropout': 0.10256916424611866, 'hidden_continuous_size': 95, 'attention_head_size': 2, 'learning_rate': 0.01714734461347963}. Best is trial 5 with value: 117.79241180419922.
LOCAL_RANK: 0 - CUDA_VISIBLE_DEVICES: [0]
[I 2023-12-16 12:35:46,681] Trial 34 finished with value: 624.681884765625 and parameters: {'gradient_clip_val': 0.27960014160042673, 'hidden_size': 84, 'dropout': 0.14255975269035714, 'hidden_continuous_size': 16, 'attention_head_size': 2, 'learning_rate': 0.04022809781098525}. Best is trial 5 with value: 117.79241180419922.
LOCAL_RANK: 0 - CUDA_VISIBLE_DEVICES: [0]
[I 2023-12-16 12:36:40,960] Trial 35 finished with value: 370.7959289550781 and parameters: {'gradient_clip_val': 0.2458738171021067, 'hidden_size': 75, 'dropout': 0.11908711128050561, 'hidden_continuous_size': 18, 'attention_head_size': 2, 'learning_rate': 0.05683585639638708}. Best is trial 5 with value: 117.79241180419922.
LOCAL_RANK: 0 - CUDA_VISIBLE_DEVICES: [0]
[I 2023-12-16 12:37:34,704] Trial 36 finished with value: 227.1795654296875 and parameters: {'gradient_clip_val': 0.19670187339092535, 'hidden_size': 61, 'dropout': 0.14645140984912386, 'hidden_continuous_size': 24, 'attention_head_size': 3, 'learning_rate': 0.025403854785399548}. Best is trial 5 with value: 117.79241180419922.
LOCAL_RANK: 0 - CUDA_VISIBLE_DEVICES: [0]
[I 2023-12-16 12:38:27,023] Trial 37 finished with value: 525.2721557617188 and parameters: {'gradient_clip_val': 0.17010027176739836, 'hidden_size': 52, 'dropout': 0.3377746735093746, 'hidden_continuous_size': 14, 'attention_head_size': 1, 'learning_rate': 0.03698926839406906}. Best is trial 5 with value: 117.79241180419922.
LOCAL_RANK: 0 - CUDA_VISIBLE_DEVICES: [0]
[I 2023-12-16 12:39:20,971] Trial 38 finished with value: 264.040283203125 and parameters: {'gradient_clip_val': 0.21696524817285395, 'hidden_size': 74, 'dropout': 0.19872597096757244, 'hidden_continuous_size': 17, 'attention_head_size': 2, 'learning_rate': 0.017915849024449}. Best is trial 5 with value: 117.79241180419922.
LOCAL_RANK: 0 - CUDA_VISIBLE_DEVICES: [0]
[I 2023-12-16 12:40:17,344] Trial 39 finished with value: 255.87921142578125 and parameters: {'gradient_clip_val': 0.290807170450822, 'hidden_size': 87, 'dropout': 0.22841966691144408, 'hidden_continuous_size': 56, 'attention_head_size': 3, 'learning_rate': 0.06593700787593132}. Best is trial 5 with value: 117.79241180419922.
LOCAL_RANK: 0 - CUDA_VISIBLE_DEVICES: [0]
[I 2023-12-16 12:41:10,353] Trial 40 finished with value: 783.0803833007812 and parameters: {'gradient_clip_val': 0.23845274543386488, 'hidden_size': 60, 'dropout': 0.1773317000331469, 'hidden_continuous_size': 14, 'attention_head_size': 2, 'learning_rate': 0.04458620210070448}. Best is trial 5 with value: 117.79241180419922.
LOCAL_RANK: 0 - CUDA_VISIBLE_DEVICES: [0]
[I 2023-12-16 12:42:01,773] Trial 41 finished with value: 684.3787231445312 and parameters: {'gradient_clip_val': 0.3143072825307112, 'hidden_size': 49, 'dropout': 0.15436478631370681, 'hidden_continuous_size': 5, 'attention_head_size': 3, 'learning_rate': 0.02777633521784126}. Best is trial 5 with value: 117.79241180419922.
LOCAL_RANK: 0 - CUDA_VISIBLE_DEVICES: [0]
[I 2023-12-16 12:42:55,079] Trial 42 finished with value: 227.8309326171875 and parameters: {'gradient_clip_val': 0.25847594272156543, 'hidden_size': 64, 'dropout': 0.14136791549491465, 'hidden_continuous_size': 19, 'attention_head_size': 4, 'learning_rate': 0.012649469256020134}. Best is trial 5 with value: 117.79241180419922.
LOCAL_RANK: 0 - CUDA_VISIBLE_DEVICES: [0]
[I 2023-12-16 12:43:45,612] Trial 43 finished with value: 370.9512939453125 and parameters: {'gradient_clip_val': 0.3112767904300078, 'hidden_size': 36, 'dropout': 0.11363811907553094, 'hidden_continuous_size': 14, 'attention_head_size': 3, 'learning_rate': 0.0190320057813103}. Best is trial 5 with value: 117.79241180419922.
LOCAL_RANK: 0 - CUDA_VISIBLE_DEVICES: [0]
[I 2023-12-16 12:44:38,608] Trial 44 finished with value: 193.0083770751953 and parameters: {'gradient_clip_val': 0.26004172173337675, 'hidden_size': 56, 'dropout': 0.13339807934768583, 'hidden_continuous_size': 17, 'attention_head_size': 4, 'learning_rate': 0.014607647805073343}. Best is trial 5 with value: 117.79241180419922.
LOCAL_RANK: 0 - CUDA_VISIBLE_DEVICES: [0]
[I 2023-12-16 12:45:33,460] Trial 45 finished with value: 349.9512023925781 and parameters: {'gradient_clip_val': 0.2282677229841001, 'hidden_size': 75, 'dropout': 0.12918206907225585, 'hidden_continuous_size': 22, 'attention_head_size': 4, 'learning_rate': 0.014579460368725792}. Best is trial 5 with value: 117.79241180419922.
LOCAL_RANK: 0 - CUDA_VISIBLE_DEVICES: [0]
[I 2023-12-16 12:46:27,448] Trial 46 finished with value: 138.50682067871094 and parameters: {'gradient_clip_val': 0.1892011515207746, 'hidden_size': 57, 'dropout': 0.13608196788428079, 'hidden_continuous_size': 16, 'attention_head_size': 4, 'learning_rate': 0.02385813919909023}. Best is trial 5 with value: 117.79241180419922.
LOCAL_RANK: 0 - CUDA_VISIBLE_DEVICES: [0]
[I 2023-12-16 12:47:21,832] Trial 47 finished with value: 496.1097717285156 and parameters: {'gradient_clip_val': 0.1820458406636339, 'hidden_size': 88, 'dropout': 0.11297587666326651, 'hidden_continuous_size': 20, 'attention_head_size': 4, 'learning_rate': 0.03582723817548913}. Best is trial 5 with value: 117.79241180419922.
LOCAL_RANK: 0 - CUDA_VISIBLE_DEVICES: [0]
[I 2023-12-16 12:48:16,165] Trial 48 finished with value: 1045.8621826171875 and parameters: {'gradient_clip_val': 0.12450308909035575, 'hidden_size': 67, 'dropout': 0.17005695923639963, 'hidden_continuous_size': 16, 'attention_head_size': 4, 'learning_rate': 0.02170301349471333}. Best is trial 5 with value: 117.79241180419922.
LOCAL_RANK: 0 - CUDA_VISIBLE_DEVICES: [0]
[I 2023-12-16 12:49:08,046] Trial 49 finished with value: 442.2252197265625 and parameters: {'gradient_clip_val': 0.13860142099236103, 'hidden_size': 56, 'dropout': 0.15030504689942237, 'hidden_continuous_size': 18, 'attention_head_size': 2, 'learning_rate': 0.04536030104694314}. Best is trial 5 with value: 117.79241180419922.
[I 2023-12-16 12:49:08,139] A new study created in memory with name: no-name-b56954d7-f2b0-49f9-b0d7-6c289023fa0b
/home/le004/conda/anaconda3/envs/tsff_env/lib/python3.9/site-packages/lightning/fabric/plugins/environments/slurm.py:191: The `srun` command is available on your system but is not used. HINT: If your intention is to run Lightning on SLURM, prepend your python command with `srun` like so: srun python /home/le004/master_thesis/git/TSFusionForecast/code/ ...
LOCAL_RANK: 0 - CUDA_VISIBLE_DEVICES: [0]
[I 2023-12-16 12:50:02,344] Trial 0 finished with value: 11851.3271484375 and parameters: {'gradient_clip_val': 0.12518652685318707, 'hidden_size': 90, 'dropout': 0.39965804810597716, 'hidden_continuous_size': 8, 'attention_head_size': 2, 'learning_rate': 0.021799708996185704}. Best is trial 0 with value: 11851.3271484375.
LOCAL_RANK: 0 - CUDA_VISIBLE_DEVICES: [0]
[I 2023-12-16 12:50:50,678] Trial 1 finished with value: 2590.5859375 and parameters: {'gradient_clip_val': 0.7633448309074605, 'hidden_size': 23, 'dropout': 0.27778290565993935, 'hidden_continuous_size': 8, 'attention_head_size': 1, 'learning_rate': 0.01583723605566902}. Best is trial 1 with value: 2590.5859375.
LOCAL_RANK: 0 - CUDA_VISIBLE_DEVICES: [0]
[I 2023-12-16 12:51:45,182] Trial 2 finished with value: 9435.5107421875 and parameters: {'gradient_clip_val': 0.7023084472472263, 'hidden_size': 76, 'dropout': 0.21073764474597548, 'hidden_continuous_size': 12, 'attention_head_size': 4, 'learning_rate': 0.018976787714352968}. Best is trial 1 with value: 2590.5859375.
LOCAL_RANK: 0 - CUDA_VISIBLE_DEVICES: [0]
[I 2023-12-16 12:52:37,875] Trial 3 finished with value: 4611.962890625 and parameters: {'gradient_clip_val': 0.3183424966702755, 'hidden_size': 58, 'dropout': 0.24274433924480754, 'hidden_continuous_size': 9, 'attention_head_size': 2, 'learning_rate': 0.018810062805911087}. Best is trial 1 with value: 2590.5859375.
LOCAL_RANK: 0 - CUDA_VISIBLE_DEVICES: [0]
[I 2023-12-16 12:53:26,269] Trial 4 finished with value: 3930.928466796875 and parameters: {'gradient_clip_val': 0.13115760694044754, 'hidden_size': 23, 'dropout': 0.21880958810924142, 'hidden_continuous_size': 12, 'attention_head_size': 1, 'learning_rate': 0.0019711504417258864}. Best is trial 1 with value: 2590.5859375.
LOCAL_RANK: 0 - CUDA_VISIBLE_DEVICES: [0]
[I 2023-12-16 12:54:19,844] Trial 5 finished with value: 7310.60791015625 and parameters: {'gradient_clip_val': 0.1254812744814528, 'hidden_size': 37, 'dropout': 0.31897431723126646, 'hidden_continuous_size': 33, 'attention_head_size': 4, 'learning_rate': 0.09844649608983708}. Best is trial 1 with value: 2590.5859375.
LOCAL_RANK: 0 - CUDA_VISIBLE_DEVICES: [0]
[I 2023-12-16 12:55:04,394] Trial 6 finished with value: 4990.8115234375 and parameters: {'gradient_clip_val': 0.2846172817185513, 'hidden_size': 8, 'dropout': 0.23735775662172018, 'hidden_continuous_size': 5, 'attention_head_size': 3, 'learning_rate': 0.0167880458023671}. Best is trial 1 with value: 2590.5859375.
LOCAL_RANK: 0 - CUDA_VISIBLE_DEVICES: [0]
[I 2023-12-16 12:55:48,166] Trial 7 finished with value: 5908.9921875 and parameters: {'gradient_clip_val': 0.12776264528598413, 'hidden_size': 8, 'dropout': 0.27651630186729653, 'hidden_continuous_size': 5, 'attention_head_size': 2, 'learning_rate': 0.001462854074303942}. Best is trial 1 with value: 2590.5859375.
LOCAL_RANK: 0 - CUDA_VISIBLE_DEVICES: [0]
[I 2023-12-16 12:56:40,692] Trial 8 finished with value: 2564.41162109375 and parameters: {'gradient_clip_val': 0.5638146204465693, 'hidden_size': 49, 'dropout': 0.33339031404311703, 'hidden_continuous_size': 10, 'attention_head_size': 2, 'learning_rate': 0.00259923431103407}. Best is trial 8 with value: 2564.41162109375.
LOCAL_RANK: 0 - CUDA_VISIBLE_DEVICES: [0]
[I 2023-12-16 12:57:33,379] Trial 9 finished with value: 4796.18505859375 and parameters: {'gradient_clip_val': 0.48988194507126887, 'hidden_size': 41, 'dropout': 0.3557025082815163, 'hidden_continuous_size': 23, 'attention_head_size': 2, 'learning_rate': 0.006346225601150764}. Best is trial 8 with value: 2564.41162109375.
LOCAL_RANK: 0 - CUDA_VISIBLE_DEVICES: [0]
[I 2023-12-16 12:58:19,287] Trial 10 finished with value: 5559.94287109375 and parameters: {'gradient_clip_val': 0.9391584521106507, 'hidden_size': 14, 'dropout': 0.1198199743568368, 'hidden_continuous_size': 6, 'attention_head_size': 3, 'learning_rate': 0.0005574623154004384}. Best is trial 8 with value: 2564.41162109375.
LOCAL_RANK: 0 - CUDA_VISIBLE_DEVICES: [0]
[I 2023-12-16 12:59:06,884] Trial 11 finished with value: 3163.5185546875 and parameters: {'gradient_clip_val': 0.991153014035122, 'hidden_size': 21, 'dropout': 0.316057565048002, 'hidden_continuous_size': 7, 'attention_head_size': 1, 'learning_rate': 0.00537707856745155}. Best is trial 8 with value: 2564.41162109375.
LOCAL_RANK: 0 - CUDA_VISIBLE_DEVICES: [0]
[I 2023-12-16 12:59:57,796] Trial 12 finished with value: 6732.9453125 and parameters: {'gradient_clip_val': 0.5961528830618233, 'hidden_size': 40, 'dropout': 0.28553899225018237, 'hidden_continuous_size': 17, 'attention_head_size': 1, 'learning_rate': 0.0031386154757971096}. Best is trial 8 with value: 2564.41162109375.
LOCAL_RANK: 0 - CUDA_VISIBLE_DEVICES: [0]
