[I 2023-12-26 14:45:38,485] Trial 28 finished with value: 23.849288940429688 and parameters: {'gradient_clip_val': 0.17415952133126328, 'hidden_size': 64, 'dropout': 0.2493147713263166, 'hidden_continuous_size': 17, 'attention_head_size': 3, 'learning_rate': 0.000694414629167531}. Best is trial 0 with value: 3.8816802501678467.
[I 2023-12-26 14:45:47,663] Trial 29 finished with value: 24.967254638671875 and parameters: {'gradient_clip_val': 0.2221838584438453, 'hidden_size': 116, 'dropout': 0.2781877632447884, 'hidden_continuous_size': 8, 'attention_head_size': 2, 'learning_rate': 0.0011865568460132038}. Best is trial 0 with value: 3.8816802501678467.
[I 2023-12-26 14:45:55,015] Trial 30 finished with value: 19.711524963378906 and parameters: {'gradient_clip_val': 0.12491468220604092, 'hidden_size': 87, 'dropout': 0.32676976122871726, 'hidden_continuous_size': 22, 'attention_head_size': 4, 'learning_rate': 0.0037843273678775896}. Best is trial 0 with value: 3.8816802501678467.
[I 2023-12-26 14:46:04,312] Trial 31 finished with value: 17.531291961669922 and parameters: {'gradient_clip_val': 0.2631211307783618, 'hidden_size': 108, 'dropout': 0.3122073397303008, 'hidden_continuous_size': 32, 'attention_head_size': 4, 'learning_rate': 0.0013795598135105933}. Best is trial 0 with value: 3.8816802501678467.
[I 2023-12-26 14:46:17,043] Trial 32 finished with value: 23.587419509887695 and parameters: {'gradient_clip_val': 0.23219180910106468, 'hidden_size': 150, 'dropout': 0.27688565368350276, 'hidden_continuous_size': 19, 'attention_head_size': 4, 'learning_rate': 0.0007847230908054238}. Best is trial 0 with value: 3.8816802501678467.
[I 2023-12-26 14:46:25,814] Trial 33 finished with value: 22.137311935424805 and parameters: {'gradient_clip_val': 0.2848616293327409, 'hidden_size': 104, 'dropout': 0.3228713107925033, 'hidden_continuous_size': 24, 'attention_head_size': 4, 'learning_rate': 0.0012721872297684707}. Best is trial 0 with value: 3.8816802501678467.
[I 2023-12-26 14:46:29,256] Trial 34 finished with value: 32.46964645385742 and parameters: {'gradient_clip_val': 0.21061722780920253, 'hidden_size': 37, 'dropout': 0.29335918457249216, 'hidden_continuous_size': 13, 'attention_head_size': 3, 'learning_rate': 0.0021615350947113824}. Best is trial 0 with value: 3.8816802501678467.
[I 2023-12-26 14:46:36,137] Trial 35 finished with value: 23.282197952270508 and parameters: {'gradient_clip_val': 0.16989894522822727, 'hidden_size': 92, 'dropout': 0.2029972427589974, 'hidden_continuous_size': 16, 'attention_head_size': 1, 'learning_rate': 0.0015810753935770515}. Best is trial 0 with value: 3.8816802501678467.
[I 2023-12-26 14:46:41,656] Trial 36 finished with value: 15.264549255371094 and parameters: {'gradient_clip_val': 0.24918953677232294, 'hidden_size': 73, 'dropout': 0.3432455320734923, 'hidden_continuous_size': 7, 'attention_head_size': 4, 'learning_rate': 0.0027408362897246353}. Best is trial 0 with value: 3.8816802501678467.
[I 2023-12-26 14:46:46,221] Trial 37 finished with value: 19.982999801635742 and parameters: {'gradient_clip_val': 0.1865699451265864, 'hidden_size': 54, 'dropout': 0.35425424987781284, 'hidden_continuous_size': 7, 'attention_head_size': 3, 'learning_rate': 0.0031943612513185937}. Best is trial 0 with value: 3.8816802501678467.
[I 2023-12-26 14:46:51,182] Trial 38 finished with value: 16.476472854614258 and parameters: {'gradient_clip_val': 0.21962006063499, 'hidden_size': 69, 'dropout': 0.3865363752745487, 'hidden_continuous_size': 6, 'attention_head_size': 4, 'learning_rate': 0.004684583496752977}. Best is trial 0 with value: 3.8816802501678467.
[I 2023-12-26 14:46:54,737] Trial 39 finished with value: 22.712793350219727 and parameters: {'gradient_clip_val': 0.2936237510651879, 'hidden_size': 41, 'dropout': 0.4246860878920747, 'hidden_continuous_size': 10, 'attention_head_size': 3, 'learning_rate': 0.002804941347055296}. Best is trial 0 with value: 3.8816802501678467.
[I 2023-12-26 14:46:58,886] Trial 40 finished with value: 24.5828914642334 and parameters: {'gradient_clip_val': 0.1685821793801966, 'hidden_size': 55, 'dropout': 0.3455204357310895, 'hidden_continuous_size': 11, 'attention_head_size': 2, 'learning_rate': 0.0045905210157009555}. Best is trial 0 with value: 3.8816802501678467.
[I 2023-12-26 14:47:08,511] Trial 41 finished with value: 21.25614356994629 and parameters: {'gradient_clip_val': 0.252942890518659, 'hidden_size': 122, 'dropout': 0.30572843531179944, 'hidden_continuous_size': 7, 'attention_head_size': 4, 'learning_rate': 0.0024193313615163865}. Best is trial 0 with value: 3.8816802501678467.
[I 2023-12-26 14:47:14,434] Trial 42 finished with value: 22.41261863708496 and parameters: {'gradient_clip_val': 0.24395026190363572, 'hidden_size': 80, 'dropout': 0.3182841171216939, 'hidden_continuous_size': 8, 'attention_head_size': 4, 'learning_rate': 0.00112689136368325}. Best is trial 0 with value: 3.8816802501678467.
[I 2023-12-26 14:47:21,898] Trial 43 finished with value: 24.16817283630371 and parameters: {'gradient_clip_val': 0.20659408973081342, 'hidden_size': 102, 'dropout': 0.3656719691528583, 'hidden_continuous_size': 18, 'attention_head_size': 4, 'learning_rate': 0.0018012184231451698}. Best is trial 0 with value: 3.8816802501678467.
[I 2023-12-26 14:47:25,082] Trial 44 finished with value: 25.365907669067383 and parameters: {'gradient_clip_val': 0.26694728651541294, 'hidden_size': 31, 'dropout': 0.3350173511851463, 'hidden_continuous_size': 13, 'attention_head_size': 4, 'learning_rate': 0.0007352946478889289}. Best is trial 0 with value: 3.8816802501678467.
[I 2023-12-26 14:47:31,913] Trial 45 finished with value: 23.46409797668457 and parameters: {'gradient_clip_val': 0.30047418991715197, 'hidden_size': 79, 'dropout': 0.2795058125157304, 'hidden_continuous_size': 5, 'attention_head_size': 4, 'learning_rate': 0.0019086044984277014}. Best is trial 0 with value: 3.8816802501678467.
[I 2023-12-26 14:47:41,896] Trial 46 finished with value: 23.14084815979004 and parameters: {'gradient_clip_val': 0.19281734716619156, 'hidden_size': 132, 'dropout': 0.30590478487401457, 'hidden_continuous_size': 38, 'attention_head_size': 3, 'learning_rate': 0.0013381646793287458}. Best is trial 0 with value: 3.8816802501678467.
[I 2023-12-26 14:47:47,319] Trial 47 finished with value: 21.77107810974121 and parameters: {'gradient_clip_val': 0.2439825332048146, 'hidden_size': 62, 'dropout': 0.34761471321137494, 'hidden_continuous_size': 6, 'attention_head_size': 4, 'learning_rate': 0.007108997997001313}. Best is trial 0 with value: 3.8816802501678467.
[I 2023-12-26 14:47:54,296] Trial 48 finished with value: 23.96831512451172 and parameters: {'gradient_clip_val': 0.3306919217963414, 'hidden_size': 86, 'dropout': 0.2573245851315969, 'hidden_continuous_size': 20, 'attention_head_size': 1, 'learning_rate': 0.0009993933396206087}. Best is trial 0 with value: 3.8816802501678467.
[I 2023-12-26 14:48:02,155] Trial 49 finished with value: 20.571949005126953 and parameters: {'gradient_clip_val': 0.16641832883888075, 'hidden_size': 98, 'dropout': 0.3696429319642374, 'hidden_continuous_size': 9, 'attention_head_size': 3, 'learning_rate': 0.0006341799628365103}. Best is trial 0 with value: 3.8816802501678467.
[I 2023-12-26 14:48:02,292] A new study created in memory with name: no-name-ec71974f-bd35-4c69-8374-ab3ce4ed0e2b
/home/le004/conda/anaconda3/envs/tsff_env/lib/python3.9/site-packages/lightning/fabric/plugins/environments/slurm.py:191: The `srun` command is available on your system but is not used. HINT: If your intention is to run Lightning on SLURM, prepend your python command with `srun` like so: srun python /home/le004/master_thesis/git/TSFusionForecast/code/ ...
[I 2023-12-26 14:53:22,107] Trial 0 finished with value: 2.4351775646209717 and parameters: {'gradient_clip_val': 0.27698904124657403, 'hidden_size': 15, 'dropout': 0.38971520000705884, 'hidden_continuous_size': 14, 'attention_head_size': 4, 'learning_rate': 0.00058088658170189}. Best is trial 0 with value: 2.4351775646209717.
[I 2023-12-26 14:54:53,429] Trial 1 finished with value: 2.4867749214172363 and parameters: {'gradient_clip_val': 0.5283099657729999, 'hidden_size': 46, 'dropout': 0.4104722161198132, 'hidden_continuous_size': 9, 'attention_head_size': 1, 'learning_rate': 0.015496742852416555}. Best is trial 0 with value: 2.4351775646209717.
[I 2023-12-26 14:54:55,819] Trial 2 finished with value: 12.807086944580078 and parameters: {'gradient_clip_val': 0.12461346871802975, 'hidden_size': 8, 'dropout': 0.24078594693995214, 'hidden_continuous_size': 5, 'attention_head_size': 2, 'learning_rate': 0.0195134591332331}. Best is trial 0 with value: 2.4351775646209717.
[I 2023-12-26 14:55:04,385] Trial 3 finished with value: 11.474444389343262 and parameters: {'gradient_clip_val': 0.44379679164576896, 'hidden_size': 106, 'dropout': 0.46326730009326234, 'hidden_continuous_size': 10, 'attention_head_size': 4, 'learning_rate': 0.002976351570291326}. Best is trial 0 with value: 2.4351775646209717.
[I 2023-12-26 14:55:09,938] Trial 4 finished with value: 14.690831184387207 and parameters: {'gradient_clip_val': 0.5079023448409645, 'hidden_size': 72, 'dropout': 0.4926110020457042, 'hidden_continuous_size': 17, 'attention_head_size': 2, 'learning_rate': 0.0006044924953427668}. Best is trial 0 with value: 2.4351775646209717.
[I 2023-12-26 14:55:12,175] Trial 5 finished with value: 11.970332145690918 and parameters: {'gradient_clip_val': 0.1365670515032086, 'hidden_size': 7, 'dropout': 0.49534178259690664, 'hidden_continuous_size': 5, 'attention_head_size': 1, 'learning_rate': 0.0018027735266147819}. Best is trial 0 with value: 2.4351775646209717.
[I 2023-12-26 14:55:14,866] Trial 6 finished with value: 12.543457984924316 and parameters: {'gradient_clip_val': 0.31607293308213774, 'hidden_size': 17, 'dropout': 0.254543109126336, 'hidden_continuous_size': 14, 'attention_head_size': 3, 'learning_rate': 0.03157884869659356}. Best is trial 0 with value: 2.4351775646209717.
[I 2023-12-26 14:55:22,196] Trial 7 finished with value: 13.342217445373535 and parameters: {'gradient_clip_val': 0.7972881817520485, 'hidden_size': 79, 'dropout': 0.43033785093144894, 'hidden_continuous_size': 47, 'attention_head_size': 1, 'learning_rate': 0.0037638701113378347}. Best is trial 0 with value: 2.4351775646209717.
[I 2023-12-26 14:55:24,867] Trial 8 finished with value: 11.09789752960205 and parameters: {'gradient_clip_val': 0.8550831131157687, 'hidden_size': 27, 'dropout': 0.3370843441381127, 'hidden_continuous_size': 7, 'attention_head_size': 2, 'learning_rate': 0.0045906213213093685}. Best is trial 0 with value: 2.4351775646209717.
[I 2023-12-26 14:55:32,065] Trial 9 finished with value: 12.530136108398438 and parameters: {'gradient_clip_val': 0.4304734849481972, 'hidden_size': 92, 'dropout': 0.10028529016988728, 'hidden_continuous_size': 9, 'attention_head_size': 4, 'learning_rate': 0.08385317728652485}. Best is trial 0 with value: 2.4351775646209717.
[I 2023-12-26 14:55:34,147] Trial 10 finished with value: 13.806636810302734 and parameters: {'gradient_clip_val': 0.21069916824599966, 'hidden_size': 5, 'dropout': 0.33929148519141816, 'hidden_continuous_size': 5, 'attention_head_size': 3, 'learning_rate': 0.0007121334773760981}. Best is trial 0 with value: 2.4351775646209717.
[I 2023-12-26 14:55:37,624] Trial 11 finished with value: 13.288887023925781 and parameters: {'gradient_clip_val': 0.2477662004573328, 'hidden_size': 36, 'dropout': 0.40786439746389364, 'hidden_continuous_size': 17, 'attention_head_size': 4, 'learning_rate': 0.009666883191470714}. Best is trial 0 with value: 2.4351775646209717.
[I 2023-12-26 14:55:39,805] Trial 12 finished with value: 15.579364776611328 and parameters: {'gradient_clip_val': 0.20541884203914496, 'hidden_size': 16, 'dropout': 0.39611994153777236, 'hidden_continuous_size': 7, 'attention_head_size': 3, 'learning_rate': 0.0014584226435928832}. Best is trial 0 with value: 2.4351775646209717.
[I 2023-12-26 14:55:43,070] Trial 13 finished with value: 16.085500717163086 and parameters: {'gradient_clip_val': 0.5962545528926803, 'hidden_size': 37, 'dropout': 0.37993088004164455, 'hidden_continuous_size': 12, 'attention_head_size': 1, 'learning_rate': 0.009855185732989468}. Best is trial 0 with value: 2.4351775646209717.
[I 2023-12-26 14:55:54,495] Trial 14 finished with value: 17.569238662719727 and parameters: {'gradient_clip_val': 0.3295420556781933, 'hidden_size': 143, 'dropout': 0.44122976653191065, 'hidden_continuous_size': 31, 'attention_head_size': 2, 'learning_rate': 0.001224742644510115}. Best is trial 0 with value: 2.4351775646209717.
[I 2023-12-26 14:55:58,147] Trial 15 finished with value: 11.584159851074219 and parameters: {'gradient_clip_val': 0.6073009521460715, 'hidden_size': 44, 'dropout': 0.35952726511588895, 'hidden_continuous_size': 18, 'attention_head_size': 3, 'learning_rate': 0.0005064174884118155}. Best is trial 0 with value: 2.4351775646209717.
[I 2023-12-26 14:56:00,287] Trial 16 finished with value: 11.430073738098145 and parameters: {'gradient_clip_val': 0.3397388641375717, 'hidden_size': 16, 'dropout': 0.42829512963151184, 'hidden_continuous_size': 7, 'attention_head_size': 1, 'learning_rate': 0.00530954545955667}. Best is trial 0 with value: 2.4351775646209717.
[I 2023-12-26 14:56:05,344] Trial 17 finished with value: 13.79242992401123 and parameters: {'gradient_clip_val': 0.6404459469848874, 'hidden_size': 62, 'dropout': 0.30250950011108785, 'hidden_continuous_size': 20, 'attention_head_size': 4, 'learning_rate': 0.0024778856533514567}. Best is trial 0 with value: 2.4351775646209717.
[I 2023-12-26 14:56:07,806] Trial 18 finished with value: 14.681965827941895 and parameters: {'gradient_clip_val': 0.9720854910723444, 'hidden_size': 23, 'dropout': 0.38826143833029425, 'hidden_continuous_size': 9, 'attention_head_size': 3, 'learning_rate': 0.001086534863723803}. Best is trial 0 with value: 2.4351775646209717.
[I 2023-12-26 14:56:12,745] Trial 19 finished with value: 11.597159385681152 and parameters: {'gradient_clip_val': 0.1575880332880959, 'hidden_size': 53, 'dropout': 0.4607333119814895, 'hidden_continuous_size': 13, 'attention_head_size': 2, 'learning_rate': 0.006583351145200484}. Best is trial 0 with value: 2.4351775646209717.
[I 2023-12-26 14:56:17,262] Trial 20 finished with value: 10.776288032531738 and parameters: {'gradient_clip_val': 0.39429556942821486, 'hidden_size': 50, 'dropout': 0.36226681083494155, 'hidden_continuous_size': 23, 'attention_head_size': 4, 'learning_rate': 0.0021759127998638725}. Best is trial 0 with value: 2.4351775646209717.
[I 2023-12-26 14:56:22,346] Trial 21 finished with value: 13.49099063873291 and parameters: {'gradient_clip_val': 0.3976688554766363, 'hidden_size': 54, 'dropout': 0.3730595624169282, 'hidden_continuous_size': 24, 'attention_head_size': 4, 'learning_rate': 0.0009002041170037033}. Best is trial 0 with value: 2.4351775646209717.
[I 2023-12-26 14:56:25,711] Trial 22 finished with value: 13.954548835754395 and parameters: {'gradient_clip_val': 0.2760099673263132, 'hidden_size': 29, 'dropout': 0.4069980730382605, 'hidden_continuous_size': 14, 'attention_head_size': 4, 'learning_rate': 0.0020253896657816124}. Best is trial 0 with value: 2.4351775646209717.
[I 2023-12-26 14:56:30,491] Trial 23 finished with value: 13.150740623474121 and parameters: {'gradient_clip_val': 0.37676926246784076, 'hidden_size': 49, 'dropout': 0.3322148566668317, 'hidden_continuous_size': 24, 'attention_head_size': 4, 'learning_rate': 0.0008671975055410949}. Best is trial 0 with value: 2.4351775646209717.
[I 2023-12-26 14:56:34,286] Trial 24 finished with value: 13.368634223937988 and parameters: {'gradient_clip_val': 0.4500193275358651, 'hidden_size': 37, 'dropout': 0.3751829651986941, 'hidden_continuous_size': 11, 'attention_head_size': 3, 'learning_rate': 0.0016036851010592604}. Best is trial 0 with value: 2.4351775646209717.
[I 2023-12-26 14:56:41,385] Trial 25 finished with value: 13.182356834411621 and parameters: {'gradient_clip_val': 0.100998590040884, 'hidden_size': 70, 'dropout': 0.420312571275496, 'hidden_continuous_size': 66, 'attention_head_size': 4, 'learning_rate': 0.0029343968826701814}. Best is trial 0 with value: 2.4351775646209717.
[I 2023-12-26 14:56:44,418] Trial 26 finished with value: 15.425271034240723 and parameters: {'gradient_clip_val': 0.5194805030982903, 'hidden_size': 22, 'dropout': 0.4645140002310646, 'hidden_continuous_size': 11, 'attention_head_size': 3, 'learning_rate': 0.0005168747957225527}. Best is trial 0 with value: 2.4351775646209717.
[I 2023-12-26 14:56:48,608] Trial 27 finished with value: 13.81270980834961 and parameters: {'gradient_clip_val': 0.28023257055417367, 'hidden_size': 43, 'dropout': 0.3531697449510766, 'hidden_continuous_size': 15, 'attention_head_size': 1, 'learning_rate': 0.0011375143001958307}. Best is trial 0 with value: 2.4351775646209717.
[I 2023-12-26 14:56:51,246] Trial 28 finished with value: 13.291060447692871 and parameters: {'gradient_clip_val': 0.38171372217049165, 'hidden_size': 12, 'dropout': 0.31879080494519996, 'hidden_continuous_size': 8, 'attention_head_size': 4, 'learning_rate': 0.0021449020553645053}. Best is trial 0 with value: 2.4351775646209717.
[I 2023-12-26 14:56:53,769] Trial 29 finished with value: 13.146026611328125 and parameters: {'gradient_clip_val': 0.5112804908671648, 'hidden_size': 11, 'dropout': 0.2687191604518017, 'hidden_continuous_size': 8, 'attention_head_size': 2, 'learning_rate': 0.01717435575012769}. Best is trial 0 with value: 2.4351775646209717.
[I 2023-12-26 14:56:57,101] Trial 30 finished with value: 11.241534233093262 and parameters: {'gradient_clip_val': 0.32796179606238274, 'hidden_size': 32, 'dropout': 0.29265763539550804, 'hidden_continuous_size': 12, 'attention_head_size': 3, 'learning_rate': 0.000742690888182513}. Best is trial 0 with value: 2.4351775646209717.
[I 2023-12-26 14:57:00,451] Trial 31 finished with value: 10.218422889709473 and parameters: {'gradient_clip_val': 0.7366651345537616, 'hidden_size': 29, 'dropout': 0.3457876235694925, 'hidden_continuous_size': 6, 'attention_head_size': 2, 'learning_rate': 0.004167965869465037}. Best is trial 0 with value: 2.4351775646209717.
[I 2023-12-26 14:57:03,436] Trial 32 finished with value: 13.125582695007324 and parameters: {'gradient_clip_val': 0.7165357906320455, 'hidden_size': 23, 'dropout': 0.35095192519764296, 'hidden_continuous_size': 6, 'attention_head_size': 2, 'learning_rate': 0.0035287120691518637}. Best is trial 0 with value: 2.4351775646209717.
[I 2023-12-26 14:57:08,962] Trial 33 finished with value: 11.5825834274292 and parameters: {'gradient_clip_val': 0.6742686016954138, 'hidden_size': 61, 'dropout': 0.39479369915631535, 'hidden_continuous_size': 10, 'attention_head_size': 1, 'learning_rate': 0.0028851933048907835}. Best is trial 0 with value: 2.4351775646209717.
[I 2023-12-26 14:57:12,237] Trial 34 finished with value: 10.57348918914795 and parameters: {'gradient_clip_val': 0.5426460641897042, 'hidden_size': 32, 'dropout': 0.3653286558814119, 'hidden_continuous_size': 6, 'attention_head_size': 2, 'learning_rate': 0.0016577448503116686}. Best is trial 0 with value: 2.4351775646209717.
[I 2023-12-26 14:57:15,767] Trial 35 finished with value: 9.432175636291504 and parameters: {'gradient_clip_val': 0.5205885522733872, 'hidden_size': 31, 'dropout': 0.3179080849845202, 'hidden_continuous_size': 6, 'attention_head_size': 2, 'learning_rate': 0.0013013200002911808}. Best is trial 0 with value: 2.4351775646209717.
[I 2023-12-26 14:57:18,540] Trial 36 finished with value: 16.01430320739746 and parameters: {'gradient_clip_val': 0.4680283843610427, 'hidden_size': 19, 'dropout': 0.3255394362386969, 'hidden_continuous_size': 5, 'attention_head_size': 1, 'learning_rate': 0.0006539170056187202}. Best is trial 0 with value: 2.4351775646209717.
[I 2023-12-26 14:57:22,175] Trial 37 finished with value: 12.145819664001465 and parameters: {'gradient_clip_val': 0.7568661123212077, 'hidden_size': 27, 'dropout': 0.2949694694164828, 'hidden_continuous_size': 6, 'attention_head_size': 2, 'learning_rate': 0.0009654869067023958}. Best is trial 0 with value: 2.4351775646209717.
[I 2023-12-26 14:57:24,956] Trial 38 finished with value: 11.527897834777832 and parameters: {'gradient_clip_val': 0.5736134692035595, 'hidden_size': 20, 'dropout': 0.40716093774627277, 'hidden_continuous_size': 8, 'attention_head_size': 2, 'learning_rate': 0.0014157481692199678}. Best is trial 0 with value: 2.4351775646209717.
[I 2023-12-26 14:57:28,399] Trial 39 finished with value: 9.986834526062012 and parameters: {'gradient_clip_val': 0.868192428760021, 'hidden_size': 30, 'dropout': 0.31897879148463215, 'hidden_continuous_size': 10, 'attention_head_size': 1, 'learning_rate': 0.003955491562541186}. Best is trial 0 with value: 2.4351775646209717.
[I 2023-12-26 14:57:30,999] Trial 40 finished with value: 11.12995433807373 and parameters: {'gradient_clip_val': 0.8135806755523343, 'hidden_size': 13, 'dropout': 0.24913678086205232, 'hidden_continuous_size': 10, 'attention_head_size': 1, 'learning_rate': 0.000774434532448378}. Best is trial 0 with value: 2.4351775646209717.
[I 2023-12-26 14:57:34,283] Trial 41 finished with value: 10.203017234802246 and parameters: {'gradient_clip_val': 0.6789888257134477, 'hidden_size': 28, 'dropout': 0.3140614188331482, 'hidden_continuous_size': 10, 'attention_head_size': 1, 'learning_rate': 0.0041037526350380035}. Best is trial 0 with value: 2.4351775646209717.
[I 2023-12-26 14:57:37,269] Trial 42 finished with value: 13.03897762298584 and parameters: {'gradient_clip_val': 0.945409890498287, 'hidden_size': 24, 'dropout': 0.3190179024187579, 'hidden_continuous_size': 9, 'attention_head_size': 1, 'learning_rate': 0.004966681527375774}. Best is trial 0 with value: 2.4351775646209717.
