[I 2023-12-26 15:41:32,766] Trial 31 finished with value: 2.7563297748565674 and parameters: {'gradient_clip_val': 0.12604041307504693, 'hidden_size': 127, 'dropout': 0.18471033831112862, 'hidden_continuous_size': 44, 'attention_head_size': 1, 'learning_rate': 0.010724532701772633}. Best is trial 0 with value: 0.3150693476200104.
[I 2023-12-26 15:41:44,005] Trial 32 finished with value: 3.0607259273529053 and parameters: {'gradient_clip_val': 0.14256376201429405, 'hidden_size': 145, 'dropout': 0.2932950324408304, 'hidden_continuous_size': 59, 'attention_head_size': 1, 'learning_rate': 0.002578854222483717}. Best is trial 0 with value: 0.3150693476200104.
[I 2023-12-26 15:41:53,997] Trial 33 finished with value: 2.4149692058563232 and parameters: {'gradient_clip_val': 0.20119266575263053, 'hidden_size': 118, 'dropout': 0.27138226188545045, 'hidden_continuous_size': 52, 'attention_head_size': 1, 'learning_rate': 0.0052411446852731235}. Best is trial 0 with value: 0.3150693476200104.
[I 2023-12-26 15:42:01,055] Trial 34 finished with value: 2.667734146118164 and parameters: {'gradient_clip_val': 0.12668384001224148, 'hidden_size': 84, 'dropout': 0.24740300169751667, 'hidden_continuous_size': 22, 'attention_head_size': 1, 'learning_rate': 0.01890898590960562}. Best is trial 0 with value: 0.3150693476200104.
[I 2023-12-26 15:42:12,660] Trial 35 finished with value: 3.1960771083831787 and parameters: {'gradient_clip_val': 0.3222153914562281, 'hidden_size': 146, 'dropout': 0.13259246901398591, 'hidden_continuous_size': 34, 'attention_head_size': 1, 'learning_rate': 0.0035025784285502865}. Best is trial 0 with value: 0.3150693476200104.
[I 2023-12-26 15:42:22,111] Trial 36 finished with value: 3.506774663925171 and parameters: {'gradient_clip_val': 0.2348276582768547, 'hidden_size': 120, 'dropout': 0.20229910687098746, 'hidden_continuous_size': 5, 'attention_head_size': 2, 'learning_rate': 0.00912682290923949}. Best is trial 0 with value: 0.3150693476200104.
[I 2023-12-26 15:42:29,284] Trial 37 finished with value: 4.01436710357666 and parameters: {'gradient_clip_val': 0.16241800494681075, 'hidden_size': 83, 'dropout': 0.22701245886574956, 'hidden_continuous_size': 8, 'attention_head_size': 3, 'learning_rate': 0.0010926147745691126}. Best is trial 0 with value: 0.3150693476200104.
[I 2023-12-26 15:42:39,780] Trial 38 finished with value: 3.3647286891937256 and parameters: {'gradient_clip_val': 0.11707862550208832, 'hidden_size': 115, 'dropout': 0.27392504223198305, 'hidden_continuous_size': 68, 'attention_head_size': 2, 'learning_rate': 0.0008091835815975978}. Best is trial 0 with value: 0.3150693476200104.
[I 2023-12-26 15:42:47,329] Trial 39 finished with value: 3.1467740535736084 and parameters: {'gradient_clip_val': 0.10093298577122226, 'hidden_size': 88, 'dropout': 0.36137886608009373, 'hidden_continuous_size': 30, 'attention_head_size': 1, 'learning_rate': 0.00198607018137459}. Best is trial 0 with value: 0.3150693476200104.
[I 2023-12-26 15:42:59,746] Trial 40 finished with value: 4.055171489715576 and parameters: {'gradient_clip_val': 0.14753988981387622, 'hidden_size': 148, 'dropout': 0.3072719656855104, 'hidden_continuous_size': 38, 'attention_head_size': 1, 'learning_rate': 0.0031006606243744544}. Best is trial 0 with value: 0.3150693476200104.
[I 2023-12-26 15:43:09,119] Trial 41 finished with value: 3.12166428565979 and parameters: {'gradient_clip_val': 0.20121136882409724, 'hidden_size': 115, 'dropout': 0.2693750632220865, 'hidden_continuous_size': 47, 'attention_head_size': 1, 'learning_rate': 0.005628200672107898}. Best is trial 0 with value: 0.3150693476200104.
[I 2023-12-26 15:43:16,934] Trial 42 finished with value: 2.7216551303863525 and parameters: {'gradient_clip_val': 0.19303361499129917, 'hidden_size': 97, 'dropout': 0.2711682501198937, 'hidden_continuous_size': 27, 'attention_head_size': 1, 'learning_rate': 0.004637063037343256}. Best is trial 0 with value: 0.3150693476200104.
[I 2023-12-26 15:43:25,775] Trial 43 finished with value: 3.723268508911133 and parameters: {'gradient_clip_val': 0.2173327790639258, 'hidden_size': 120, 'dropout': 0.24008549324513626, 'hidden_continuous_size': 20, 'attention_head_size': 1, 'learning_rate': 0.006303134018948785}. Best is trial 0 with value: 0.3150693476200104.
[I 2023-12-26 15:43:31,969] Trial 44 finished with value: 2.6733739376068115 and parameters: {'gradient_clip_val': 0.9649443658896989, 'hidden_size': 75, 'dropout': 0.32357753550456037, 'hidden_continuous_size': 15, 'attention_head_size': 4, 'learning_rate': 0.004458564894203764}. Best is trial 0 with value: 0.3150693476200104.
[I 2023-12-26 15:43:36,198] Trial 45 finished with value: 2.9587762355804443 and parameters: {'gradient_clip_val': 0.36226153935315025, 'hidden_size': 61, 'dropout': 0.286868038440078, 'hidden_continuous_size': 25, 'attention_head_size': 1, 'learning_rate': 0.0027553858077985494}. Best is trial 0 with value: 0.3150693476200104.
[I 2023-12-26 15:43:41,762] Trial 46 finished with value: 3.1981630325317383 and parameters: {'gradient_clip_val': 0.11428932365220461, 'hidden_size': 83, 'dropout': 0.26318550372655714, 'hidden_continuous_size': 40, 'attention_head_size': 2, 'learning_rate': 0.008742363595882858}. Best is trial 0 with value: 0.3150693476200104.
[I 2023-12-26 15:43:48,884] Trial 47 finished with value: 3.153416633605957 and parameters: {'gradient_clip_val': 0.27728316055423424, 'hidden_size': 103, 'dropout': 0.25217000406504503, 'hidden_continuous_size': 52, 'attention_head_size': 1, 'learning_rate': 0.006127689279230668}. Best is trial 0 with value: 0.3150693476200104.
[I 2023-12-26 15:43:57,366] Trial 48 finished with value: 3.1793224811553955 and parameters: {'gradient_clip_val': 0.1408048880169123, 'hidden_size': 121, 'dropout': 0.198627142437882, 'hidden_continuous_size': 70, 'attention_head_size': 2, 'learning_rate': 0.0022665434513228023}. Best is trial 0 with value: 0.3150693476200104.
[I 2023-12-26 15:44:00,720] Trial 49 finished with value: 2.342073440551758 and parameters: {'gradient_clip_val': 0.8764697210852974, 'hidden_size': 43, 'dropout': 0.28614149630401886, 'hidden_continuous_size': 11, 'attention_head_size': 1, 'learning_rate': 0.0013506969922394251}. Best is trial 0 with value: 0.3150693476200104.
[I 2023-12-26 15:44:00,848] A new study created in memory with name: no-name-f10b4fae-8dca-43fa-9a8a-929bdcd97d0c
/home/le004/conda/anaconda3/envs/tsff_env/lib/python3.9/site-packages/lightning/fabric/plugins/environments/slurm.py:191: The `srun` command is available on your system but is not used. HINT: If your intention is to run Lightning on SLURM, prepend your python command with `srun` like so: srun python /home/le004/master_thesis/git/TSFusionForecast/code/ ...
[I 2023-12-26 15:48:48,043] Trial 0 finished with value: 0.09731659293174744 and parameters: {'gradient_clip_val': 0.20109628244726446, 'hidden_size': 30, 'dropout': 0.27948315101064813, 'hidden_continuous_size': 7, 'attention_head_size': 2, 'learning_rate': 0.017010826315905853}. Best is trial 0 with value: 0.09731659293174744.
[I 2023-12-26 15:48:50,726] Trial 1 finished with value: 3.51586651802063 and parameters: {'gradient_clip_val': 0.6873638167548394, 'hidden_size': 33, 'dropout': 0.19951267614863757, 'hidden_continuous_size': 9, 'attention_head_size': 4, 'learning_rate': 0.003979838221668043}. Best is trial 0 with value: 0.09731659293174744.
[I 2023-12-26 15:48:52,913] Trial 2 finished with value: 2.0908424854278564 and parameters: {'gradient_clip_val': 0.17434466093438877, 'hidden_size': 18, 'dropout': 0.24415038382515492, 'hidden_continuous_size': 16, 'attention_head_size': 2, 'learning_rate': 0.0009539664839200886}. Best is trial 0 with value: 0.09731659293174744.
[I 2023-12-26 15:48:54,731] Trial 3 finished with value: 3.1937105655670166 and parameters: {'gradient_clip_val': 0.4542234268766552, 'hidden_size': 6, 'dropout': 0.3778934056548131, 'hidden_continuous_size': 6, 'attention_head_size': 2, 'learning_rate': 0.0008232745328986739}. Best is trial 0 with value: 0.09731659293174744.
[I 2023-12-26 15:48:56,934] Trial 4 finished with value: 2.637481451034546 and parameters: {'gradient_clip_val': 0.9410703642101391, 'hidden_size': 15, 'dropout': 0.13129823047418854, 'hidden_continuous_size': 5, 'attention_head_size': 4, 'learning_rate': 0.0021792501121672236}. Best is trial 0 with value: 0.09731659293174744.
[I 2023-12-26 15:48:58,666] Trial 5 finished with value: 3.8586533069610596 and parameters: {'gradient_clip_val': 0.1460952444079078, 'hidden_size': 5, 'dropout': 0.21254268871729354, 'hidden_continuous_size': 5, 'attention_head_size': 1, 'learning_rate': 0.005919140229076275}. Best is trial 0 with value: 0.09731659293174744.
[I 2023-12-26 15:49:01,117] Trial 6 finished with value: 3.4042365550994873 and parameters: {'gradient_clip_val': 0.175582868117681, 'hidden_size': 23, 'dropout': 0.38038352577817824, 'hidden_continuous_size': 15, 'attention_head_size': 3, 'learning_rate': 0.08893998289170911}. Best is trial 0 with value: 0.09731659293174744.
[I 2023-12-26 15:49:02,928] Trial 7 finished with value: 3.664151430130005 and parameters: {'gradient_clip_val': 0.8966174999684583, 'hidden_size': 5, 'dropout': 0.4034816576617061, 'hidden_continuous_size': 5, 'attention_head_size': 4, 'learning_rate': 0.009227801945803426}. Best is trial 0 with value: 0.09731659293174744.
[I 2023-12-26 15:49:08,099] Trial 8 finished with value: 3.483625650405884 and parameters: {'gradient_clip_val': 0.8175641616356079, 'hidden_size': 76, 'dropout': 0.3292270148127856, 'hidden_continuous_size': 17, 'attention_head_size': 4, 'learning_rate': 0.036576232719335605}. Best is trial 0 with value: 0.09731659293174744.
[I 2023-12-26 15:49:10,147] Trial 9 finished with value: 3.7851297855377197 and parameters: {'gradient_clip_val': 0.19792374629836704, 'hidden_size': 7, 'dropout': 0.2596342537115246, 'hidden_continuous_size': 6, 'attention_head_size': 2, 'learning_rate': 0.011985113261840433}. Best is trial 0 with value: 0.09731659293174744.
[I 2023-12-26 15:49:19,818] Trial 10 finished with value: 2.552436351776123 and parameters: {'gradient_clip_val': 0.11220176482228196, 'hidden_size': 135, 'dropout': 0.4920860433851129, 'hidden_continuous_size': 43, 'attention_head_size': 1, 'learning_rate': 0.025617446453394845}. Best is trial 0 with value: 0.09731659293174744.
[I 2023-12-26 15:49:23,123] Trial 11 finished with value: 3.187772035598755 and parameters: {'gradient_clip_val': 0.2614928366639597, 'hidden_size': 36, 'dropout': 0.2756805934138328, 'hidden_continuous_size': 10, 'attention_head_size': 2, 'learning_rate': 0.0005736437164002006}. Best is trial 0 with value: 0.09731659293174744.
[I 2023-12-26 15:49:25,715] Trial 12 finished with value: 3.5295417308807373 and parameters: {'gradient_clip_val': 0.25593889494735433, 'hidden_size': 15, 'dropout': 0.22675913526726826, 'hidden_continuous_size': 7, 'attention_head_size': 3, 'learning_rate': 0.001740283571817189}. Best is trial 0 with value: 0.09731659293174744.
[I 2023-12-26 15:49:29,831] Trial 13 finished with value: 2.170631170272827 and parameters: {'gradient_clip_val': 0.10435541311133077, 'hidden_size': 51, 'dropout': 0.1525653778865782, 'hidden_continuous_size': 16, 'attention_head_size': 2, 'learning_rate': 0.001322108289731522}. Best is trial 0 with value: 0.09731659293174744.
[I 2023-12-26 15:49:32,253] Trial 14 finished with value: 3.368173599243164 and parameters: {'gradient_clip_val': 0.34751235913065454, 'hidden_size': 19, 'dropout': 0.30898272345292344, 'hidden_continuous_size': 8, 'attention_head_size': 1, 'learning_rate': 0.0035276017055517277}. Best is trial 0 with value: 0.09731659293174744.
[I 2023-12-26 15:49:34,641] Trial 15 finished with value: 4.305746555328369 and parameters: {'gradient_clip_val': 0.1517146742933642, 'hidden_size': 14, 'dropout': 0.17120991081610976, 'hidden_continuous_size': 7, 'attention_head_size': 3, 'learning_rate': 0.0009559136986307175}. Best is trial 0 with value: 0.09731659293174744.
[I 2023-12-26 15:49:36,742] Trial 16 finished with value: 3.226304292678833 and parameters: {'gradient_clip_val': 0.22434433026889344, 'hidden_size': 10, 'dropout': 0.23310595588902394, 'hidden_continuous_size': 6, 'attention_head_size': 2, 'learning_rate': 0.002525932729839241}. Best is trial 0 with value: 0.09731659293174744.
[I 2023-12-26 15:49:39,495] Trial 17 finished with value: 3.4158029556274414 and parameters: {'gradient_clip_val': 0.3198049280540069, 'hidden_size': 31, 'dropout': 0.27502063780364394, 'hidden_continuous_size': 12, 'attention_head_size': 3, 'learning_rate': 0.013103073530250068}. Best is trial 0 with value: 0.09731659293174744.
[I 2023-12-26 15:49:41,504] Trial 18 finished with value: 4.4795732498168945 and parameters: {'gradient_clip_val': 0.1572298978465899, 'hidden_size': 10, 'dropout': 0.12316364142823127, 'hidden_continuous_size': 5, 'attention_head_size': 1, 'learning_rate': 0.0005832924832236566}. Best is trial 0 with value: 0.09731659293174744.
[I 2023-12-26 15:49:43,982] Trial 19 finished with value: 3.6551949977874756 and parameters: {'gradient_clip_val': 0.2051995890961855, 'hidden_size': 21, 'dropout': 0.197767621079626, 'hidden_continuous_size': 10, 'attention_head_size': 2, 'learning_rate': 0.00554316089295914}. Best is trial 0 with value: 0.09731659293174744.
[I 2023-12-26 15:49:48,318] Trial 20 finished with value: 3.3642942905426025 and parameters: {'gradient_clip_val': 0.38264633069809956, 'hidden_size': 44, 'dropout': 0.10707827497909136, 'hidden_continuous_size': 22, 'attention_head_size': 3, 'learning_rate': 0.0014340012803952418}. Best is trial 0 with value: 0.09731659293174744.
[I 2023-12-26 15:49:53,101] Trial 21 finished with value: 3.83514666557312 and parameters: {'gradient_clip_val': 0.11218955624458765, 'hidden_size': 53, 'dropout': 0.17468709441859628, 'hidden_continuous_size': 20, 'attention_head_size': 2, 'learning_rate': 0.001179505377754988}. Best is trial 0 with value: 0.09731659293174744.
[I 2023-12-26 15:49:55,586] Trial 22 finished with value: 4.078933238983154 and parameters: {'gradient_clip_val': 0.10280892908623228, 'hidden_size': 27, 'dropout': 0.17244418593992175, 'hidden_continuous_size': 14, 'attention_head_size': 2, 'learning_rate': 0.0005142926800941444}. Best is trial 0 with value: 0.09731659293174744.
[I 2023-12-26 15:49:59,339] Trial 23 finished with value: 3.4962456226348877 and parameters: {'gradient_clip_val': 0.12962618932746936, 'hidden_size': 56, 'dropout': 0.24642681116267295, 'hidden_continuous_size': 25, 'attention_head_size': 2, 'learning_rate': 0.0014857531027596173}. Best is trial 0 with value: 0.09731659293174744.
[I 2023-12-26 15:50:01,736] Trial 24 finished with value: 3.065765380859375 and parameters: {'gradient_clip_val': 0.12665463571758304, 'hidden_size': 25, 'dropout': 0.1437060424580097, 'hidden_continuous_size': 12, 'attention_head_size': 1, 'learning_rate': 0.0028356868908755587}. Best is trial 0 with value: 0.09731659293174744.
[I 2023-12-26 15:50:04,531] Trial 25 finished with value: 3.573843240737915 and parameters: {'gradient_clip_val': 0.17268796358829816, 'hidden_size': 38, 'dropout': 0.2926628238115422, 'hidden_continuous_size': 12, 'attention_head_size': 2, 'learning_rate': 0.0008949209216922132}. Best is trial 0 with value: 0.09731659293174744.
[I 2023-12-26 15:50:09,403] Trial 26 finished with value: 3.9475324153900146 and parameters: {'gradient_clip_val': 0.1003908454711594, 'hidden_size': 70, 'dropout': 0.23897314291183214, 'hidden_continuous_size': 27, 'attention_head_size': 3, 'learning_rate': 0.0017761365546513227}. Best is trial 0 with value: 0.09731659293174744.
[I 2023-12-26 15:50:11,874] Trial 27 finished with value: 3.0113449096679688 and parameters: {'gradient_clip_val': 0.13489338821005828, 'hidden_size': 27, 'dropout': 0.10271313753445965, 'hidden_continuous_size': 14, 'attention_head_size': 2, 'learning_rate': 0.003409779424109634}. Best is trial 0 with value: 0.09731659293174744.
[I 2023-12-26 15:50:14,781] Trial 28 finished with value: 3.2365808486938477 and parameters: {'gradient_clip_val': 0.18677151171778827, 'hidden_size': 43, 'dropout': 0.1488111760878787, 'hidden_continuous_size': 19, 'attention_head_size': 1, 'learning_rate': 0.0011721360572700891}. Best is trial 0 with value: 0.09731659293174744.
[I 2023-12-26 15:50:17,614] Trial 29 finished with value: 2.9952337741851807 and parameters: {'gradient_clip_val': 0.16445563305785893, 'hidden_size': 31, 'dropout': 0.20261931841985445, 'hidden_continuous_size': 10, 'attention_head_size': 2, 'learning_rate': 0.004259245110572951}. Best is trial 0 with value: 0.09731659293174744.
[I 2023-12-26 15:50:19,887] Trial 30 finished with value: 4.672700881958008 and parameters: {'gradient_clip_val': 0.23600960113635086, 'hidden_size': 20, 'dropout': 0.18872330973506804, 'hidden_continuous_size': 9, 'attention_head_size': 3, 'learning_rate': 0.0022200823369007976}. Best is trial 0 with value: 0.09731659293174744.
[I 2023-12-26 15:50:28,982] Trial 31 finished with value: 2.617994546890259 and parameters: {'gradient_clip_val': 0.11903360482908479, 'hidden_size': 129, 'dropout': 0.47358015403194437, 'hidden_continuous_size': 40, 'attention_head_size': 1, 'learning_rate': 0.019311015343406165}. Best is trial 0 with value: 0.09731659293174744.
[I 2023-12-26 15:50:37,538] Trial 32 finished with value: 3.350407838821411 and parameters: {'gradient_clip_val': 0.11270959593981228, 'hidden_size': 99, 'dropout': 0.3291357012179981, 'hidden_continuous_size': 86, 'attention_head_size': 1, 'learning_rate': 0.022518200480027905}. Best is trial 0 with value: 0.09731659293174744.
[I 2023-12-26 15:50:48,270] Trial 33 finished with value: 3.2619028091430664 and parameters: {'gradient_clip_val': 0.1482293999241076, 'hidden_size': 149, 'dropout': 0.49539684615092483, 'hidden_continuous_size': 36, 'attention_head_size': 1, 'learning_rate': 0.0007748759474296566}. Best is trial 0 with value: 0.09731659293174744.
[I 2023-12-26 15:50:56,716] Trial 34 finished with value: 3.7331807613372803 and parameters: {'gradient_clip_val': 0.13490293259195044, 'hidden_size': 102, 'dropout': 0.25699626738110504, 'hidden_continuous_size': 17, 'attention_head_size': 2, 'learning_rate': 0.00728626286818452}. Best is trial 0 with value: 0.09731659293174744.
[I 2023-12-26 15:51:00,871] Trial 35 finished with value: 4.579317092895508 and parameters: {'gradient_clip_val': 0.1159683257720967, 'hidden_size': 51, 'dropout': 0.22196836675447928, 'hidden_continuous_size': 8, 'attention_head_size': 1, 'learning_rate': 0.005032234997676926}. Best is trial 0 with value: 0.09731659293174744.
[I 2023-12-26 15:51:05,646] Trial 36 finished with value: 3.938383102416992 and parameters: {'gradient_clip_val': 0.17552542686780337, 'hidden_size': 68, 'dropout': 0.3543477628667908, 'hidden_continuous_size': 16, 'attention_head_size': 2, 'learning_rate': 0.040592491137722835}. Best is trial 0 with value: 0.09731659293174744.
[I 2023-12-26 15:51:08,678] Trial 37 finished with value: 3.742323637008667 and parameters: {'gradient_clip_val': 0.14183635053039906, 'hidden_size': 36, 'dropout': 0.41957430680878793, 'hidden_continuous_size': 13, 'attention_head_size': 2, 'learning_rate': 0.007740850366962087}. Best is trial 0 with value: 0.09731659293174744.
[I 2023-12-26 15:51:15,056] Trial 38 finished with value: 3.7877371311187744 and parameters: {'gradient_clip_val': 0.10157462832134175, 'hidden_size': 88, 'dropout': 0.3001168135651888, 'hidden_continuous_size': 29, 'attention_head_size': 1, 'learning_rate': 0.01041216422955743}. Best is trial 0 with value: 0.09731659293174744.
[I 2023-12-26 15:51:19,067] Trial 39 finished with value: 2.5497968196868896 and parameters: {'gradient_clip_val': 0.2016204931588124, 'hidden_size': 60, 'dropout': 0.21656662482655237, 'hidden_continuous_size': 18, 'attention_head_size': 4, 'learning_rate': 0.0007050418713755712}. Best is trial 0 with value: 0.09731659293174744.
[I 2023-12-26 15:51:23,355] Trial 40 finished with value: 2.901719093322754 and parameters: {'gradient_clip_val': 0.2041709336522012, 'hidden_size': 60, 'dropout': 0.2135439429593649, 'hidden_continuous_size': 16, 'attention_head_size': 4, 'learning_rate': 0.0007604460051490936}. Best is trial 0 with value: 0.09731659293174744.
[I 2023-12-26 15:51:29,172] Trial 41 finished with value: 2.604130983352661 and parameters: {'gradient_clip_val': 0.2759902490639539, 'hidden_size': 81, 'dropout': 0.271415282556274, 'hidden_continuous_size': 19, 'attention_head_size': 4, 'learning_rate': 0.0011449330285843273}. Best is trial 0 with value: 0.09731659293174744.
[I 2023-12-26 15:51:32,490] Trial 42 finished with value: 2.7958335876464844 and parameters: {'gradient_clip_val': 0.19071755260252168, 'hidden_size': 47, 'dropout': 0.2068380429973962, 'hidden_continuous_size': 15, 'attention_head_size': 4, 'learning_rate': 0.0020546907360600376}. Best is trial 0 with value: 0.09731659293174744.
[I 2023-12-26 15:51:37,148] Trial 43 finished with value: 3.5709407329559326 and parameters: {'gradient_clip_val': 0.16573972095998596, 'hidden_size': 63, 'dropout': 0.2538791943796116, 'hidden_continuous_size': 23, 'attention_head_size': 3, 'learning_rate': 0.0007594399346536769}. Best is trial 0 with value: 0.09731659293174744.
[I 2023-12-26 15:51:40,707] Trial 44 finished with value: 3.351930618286133 and parameters: {'gradient_clip_val': 0.14596158629866632, 'hidden_size': 44, 'dropout': 0.2341057122658487, 'hidden_continuous_size': 11, 'attention_head_size': 2, 'learning_rate': 0.00144872725735024}. Best is trial 0 with value: 0.09731659293174744.
[I 2023-12-26 15:51:46,168] Trial 45 finished with value: 3.695963144302368 and parameters: {'gradient_clip_val': 0.2166434056446214, 'hidden_size': 70, 'dropout': 0.2723361402549512, 'hidden_continuous_size': 14, 'attention_head_size': 3, 'learning_rate': 0.0006845476033813339}. Best is trial 0 with value: 0.09731659293174744.
