[I 2023-12-16 06:52:56,366] Trial 49 finished with value: 9.989079475402832 and parameters: {'gradient_clip_val': 0.26047468088379083, 'hidden_size': 17, 'dropout': 0.29314325715292133, 'hidden_continuous_size': 10, 'attention_head_size': 4, 'learning_rate': 0.01505851391352875}. Best is trial 41 with value: 4.767998218536377.
[I 2023-12-16 06:52:56,458] A new study created in memory with name: no-name-4e65b6b8-a139-4058-a3d1-f41baf5028e6
/home/le004/conda/anaconda3/envs/tsff_env/lib/python3.9/site-packages/lightning/fabric/plugins/environments/slurm.py:191: The `srun` command is available on your system but is not used. HINT: If your intention is to run Lightning on SLURM, prepend your python command with `srun` like so: srun python /home/le004/master_thesis/git/TSFusionForecast/code/ ...
LOCAL_RANK: 0 - CUDA_VISIBLE_DEVICES: [0]
[I 2023-12-16 06:53:49,229] Trial 0 finished with value: 4.632867813110352 and parameters: {'gradient_clip_val': 0.14575448104778602, 'hidden_size': 55, 'dropout': 0.14240682376196642, 'hidden_continuous_size': 9, 'attention_head_size': 4, 'learning_rate': 0.015508489660004}. Best is trial 0 with value: 4.632867813110352.
LOCAL_RANK: 0 - CUDA_VISIBLE_DEVICES: [0]
[I 2023-12-16 06:54:37,911] Trial 1 finished with value: 5.697929382324219 and parameters: {'gradient_clip_val': 0.9067557441677008, 'hidden_size': 24, 'dropout': 0.23946224570354577, 'hidden_continuous_size': 23, 'attention_head_size': 3, 'learning_rate': 0.01723122582165662}. Best is trial 0 with value: 4.632867813110352.
LOCAL_RANK: 0 - CUDA_VISIBLE_DEVICES: [0]
[I 2023-12-16 06:55:27,361] Trial 2 finished with value: 6.198802947998047 and parameters: {'gradient_clip_val': 0.9985436433945015, 'hidden_size': 21, 'dropout': 0.11240532533119602, 'hidden_continuous_size': 20, 'attention_head_size': 4, 'learning_rate': 0.005468430263645533}. Best is trial 0 with value: 4.632867813110352.
LOCAL_RANK: 0 - CUDA_VISIBLE_DEVICES: [0]
[I 2023-12-16 06:56:01,460] Trial 3 finished with value: 10.99133014678955 and parameters: {'gradient_clip_val': 0.5843015308020205, 'hidden_size': 5, 'dropout': 0.3919903338832603, 'hidden_continuous_size': 5, 'attention_head_size': 3, 'learning_rate': 0.0013056441635785397}. Best is trial 0 with value: 4.632867813110352.
LOCAL_RANK: 0 - CUDA_VISIBLE_DEVICES: [0]
[I 2023-12-16 06:56:47,182] Trial 4 finished with value: 7.551259517669678 and parameters: {'gradient_clip_val': 0.17548495008650702, 'hidden_size': 16, 'dropout': 0.15962838581261068, 'hidden_continuous_size': 10, 'attention_head_size': 3, 'learning_rate': 0.0005102995883017046}. Best is trial 0 with value: 4.632867813110352.
LOCAL_RANK: 0 - CUDA_VISIBLE_DEVICES: [0]
[I 2023-12-16 06:57:31,902] Trial 5 finished with value: 4.004176616668701 and parameters: {'gradient_clip_val': 0.1650871344047349, 'hidden_size': 7, 'dropout': 0.20879013402558544, 'hidden_continuous_size': 6, 'attention_head_size': 1, 'learning_rate': 0.008318535427350563}. Best is trial 5 with value: 4.004176616668701.
LOCAL_RANK: 0 - CUDA_VISIBLE_DEVICES: [0]
[I 2023-12-16 06:58:16,984] Trial 6 finished with value: 5.44104528427124 and parameters: {'gradient_clip_val': 0.2661146857512285, 'hidden_size': 11, 'dropout': 0.1257115742828265, 'hidden_continuous_size': 6, 'attention_head_size': 2, 'learning_rate': 0.04765003109289732}. Best is trial 5 with value: 4.004176616668701.
LOCAL_RANK: 0 - CUDA_VISIBLE_DEVICES: [0]
[I 2023-12-16 06:58:50,901] Trial 7 finished with value: 4.507548809051514 and parameters: {'gradient_clip_val': 0.4352540259418558, 'hidden_size': 8, 'dropout': 0.3974981485341901, 'hidden_continuous_size': 8, 'attention_head_size': 3, 'learning_rate': 0.042464044951500426}. Best is trial 5 with value: 4.004176616668701.
LOCAL_RANK: 0 - CUDA_VISIBLE_DEVICES: [0]
[I 2023-12-16 06:59:25,548] Trial 8 finished with value: 5.26322078704834 and parameters: {'gradient_clip_val': 0.3010994956842471, 'hidden_size': 8, 'dropout': 0.35746736976138194, 'hidden_continuous_size': 8, 'attention_head_size': 4, 'learning_rate': 0.008097588760941568}. Best is trial 5 with value: 4.004176616668701.
LOCAL_RANK: 0 - CUDA_VISIBLE_DEVICES: [0]
[I 2023-12-16 07:00:14,437] Trial 9 finished with value: 5.024251461029053 and parameters: {'gradient_clip_val': 0.5954722352712959, 'hidden_size': 27, 'dropout': 0.3449830900245905, 'hidden_continuous_size': 5, 'attention_head_size': 4, 'learning_rate': 0.021080448193477007}. Best is trial 5 with value: 4.004176616668701.
LOCAL_RANK: 0 - CUDA_VISIBLE_DEVICES: [0]
[I 2023-12-16 07:00:47,985] Trial 10 finished with value: 5.481389999389648 and parameters: {'gradient_clip_val': 0.11505162237921392, 'hidden_size': 5, 'dropout': 0.21316271734322137, 'hidden_continuous_size': 5, 'attention_head_size': 1, 'learning_rate': 0.003419732182976729}. Best is trial 5 with value: 4.004176616668701.
LOCAL_RANK: 0 - CUDA_VISIBLE_DEVICES: [0]
[I 2023-12-16 07:01:33,010] Trial 11 finished with value: 5.66485071182251 and parameters: {'gradient_clip_val': 0.20468546801375914, 'hidden_size': 9, 'dropout': 0.2936760928919838, 'hidden_continuous_size': 6, 'attention_head_size': 1, 'learning_rate': 0.09517879031218829}. Best is trial 5 with value: 4.004176616668701.
LOCAL_RANK: 0 - CUDA_VISIBLE_DEVICES: [0]
[I 2023-12-16 07:02:17,978] Trial 12 finished with value: 10.827961921691895 and parameters: {'gradient_clip_val': 0.10114467587360366, 'hidden_size': 7, 'dropout': 0.2882853407095941, 'hidden_continuous_size': 6, 'attention_head_size': 2, 'learning_rate': 0.0359467715082937}. Best is trial 5 with value: 4.004176616668701.
LOCAL_RANK: 0 - CUDA_VISIBLE_DEVICES: [0]
[I 2023-12-16 07:03:02,151] Trial 13 finished with value: 4.001574993133545 and parameters: {'gradient_clip_val': 0.37823284979655575, 'hidden_size': 12, 'dropout': 0.19611356806815775, 'hidden_continuous_size': 7, 'attention_head_size': 2, 'learning_rate': 0.009412088225690096}. Best is trial 13 with value: 4.001574993133545.
LOCAL_RANK: 0 - CUDA_VISIBLE_DEVICES: [0]
[I 2023-12-16 07:03:47,352] Trial 14 finished with value: 5.490712642669678 and parameters: {'gradient_clip_val': 0.23385791832271866, 'hidden_size': 14, 'dropout': 0.18020195923156987, 'hidden_continuous_size': 7, 'attention_head_size': 1, 'learning_rate': 0.009545133987118468}. Best is trial 13 with value: 4.001574993133545.
LOCAL_RANK: 0 - CUDA_VISIBLE_DEVICES: [0]
[I 2023-12-16 07:04:31,428] Trial 15 finished with value: 4.445549011230469 and parameters: {'gradient_clip_val': 0.3651967346765236, 'hidden_size': 12, 'dropout': 0.20421823127108743, 'hidden_continuous_size': 7, 'attention_head_size': 2, 'learning_rate': 0.0034780881892600203}. Best is trial 13 with value: 4.001574993133545.
LOCAL_RANK: 0 - CUDA_VISIBLE_DEVICES: [0]
[I 2023-12-16 07:05:15,962] Trial 16 finished with value: 6.111355304718018 and parameters: {'gradient_clip_val': 0.15759999706477576, 'hidden_size': 6, 'dropout': 0.17762706483366, 'hidden_continuous_size': 5, 'attention_head_size': 1, 'learning_rate': 0.004493640476245038}. Best is trial 13 with value: 4.001574993133545.
LOCAL_RANK: 0 - CUDA_VISIBLE_DEVICES: [0]
[I 2023-12-16 07:06:00,924] Trial 17 finished with value: 8.523900032043457 and parameters: {'gradient_clip_val': 0.21824672321727975, 'hidden_size': 11, 'dropout': 0.23832939883835172, 'hidden_continuous_size': 6, 'attention_head_size': 2, 'learning_rate': 0.009908359470950165}. Best is trial 13 with value: 4.001574993133545.
LOCAL_RANK: 0 - CUDA_VISIBLE_DEVICES: [0]
[I 2023-12-16 07:06:45,341] Trial 18 finished with value: 7.241689205169678 and parameters: {'gradient_clip_val': 0.332245719236949, 'hidden_size': 6, 'dropout': 0.19815100185505363, 'hidden_continuous_size': 5, 'attention_head_size': 1, 'learning_rate': 0.0024062594391646226}. Best is trial 13 with value: 4.001574993133545.
LOCAL_RANK: 0 - CUDA_VISIBLE_DEVICES: [0]
[I 2023-12-16 07:07:32,491] Trial 19 finished with value: 4.488370418548584 and parameters: {'gradient_clip_val': 0.1356731224701986, 'hidden_size': 17, 'dropout': 0.14954654680879517, 'hidden_continuous_size': 11, 'attention_head_size': 2, 'learning_rate': 0.006505128948863614}. Best is trial 13 with value: 4.001574993133545.
LOCAL_RANK: 0 - CUDA_VISIBLE_DEVICES: [0]
[I 2023-12-16 07:08:17,387] Trial 20 finished with value: 8.475119590759277 and parameters: {'gradient_clip_val': 0.19629483665711792, 'hidden_size': 10, 'dropout': 0.11148770915362326, 'hidden_continuous_size': 6, 'attention_head_size': 1, 'learning_rate': 0.009967178132974536}. Best is trial 13 with value: 4.001574993133545.
LOCAL_RANK: 0 - CUDA_VISIBLE_DEVICES: [0]
[I 2023-12-16 07:09:03,160] Trial 21 finished with value: 6.577138900756836 and parameters: {'gradient_clip_val': 0.3774849294066958, 'hidden_size': 13, 'dropout': 0.20874845729674793, 'hidden_continuous_size': 7, 'attention_head_size': 2, 'learning_rate': 0.002918459845741334}. Best is trial 13 with value: 4.001574993133545.
LOCAL_RANK: 0 - CUDA_VISIBLE_DEVICES: [0]
[I 2023-12-16 07:09:48,279] Trial 22 finished with value: 7.743875503540039 and parameters: {'gradient_clip_val': 0.2659040196077787, 'hidden_size': 9, 'dropout': 0.22074784012439644, 'hidden_continuous_size': 7, 'attention_head_size': 2, 'learning_rate': 0.005327218433712435}. Best is trial 13 with value: 4.001574993133545.
LOCAL_RANK: 0 - CUDA_VISIBLE_DEVICES: [0]
[I 2023-12-16 07:10:32,489] Trial 23 finished with value: 4.956966876983643 and parameters: {'gradient_clip_val': 0.403352234072915, 'hidden_size': 12, 'dropout': 0.17520519919245098, 'hidden_continuous_size': 7, 'attention_head_size': 2, 'learning_rate': 0.002198739136709723}. Best is trial 13 with value: 4.001574993133545.
LOCAL_RANK: 0 - CUDA_VISIBLE_DEVICES: [0]
[I 2023-12-16 07:11:17,707] Trial 24 finished with value: 7.42904806137085 and parameters: {'gradient_clip_val': 0.31400388907654697, 'hidden_size': 7, 'dropout': 0.19241172222968517, 'hidden_continuous_size': 6, 'attention_head_size': 2, 'learning_rate': 0.013638566115194595}. Best is trial 13 with value: 4.001574993133545.
LOCAL_RANK: 0 - CUDA_VISIBLE_DEVICES: [0]
[I 2023-12-16 07:12:02,016] Trial 25 finished with value: 4.853391647338867 and parameters: {'gradient_clip_val': 0.17957360114668344, 'hidden_size': 16, 'dropout': 0.26019109112430217, 'hidden_continuous_size': 8, 'attention_head_size': 1, 'learning_rate': 0.004388777849461038}. Best is trial 13 with value: 4.001574993133545.
LOCAL_RANK: 0 - CUDA_VISIBLE_DEVICES: [0]
[I 2023-12-16 07:12:47,740] Trial 26 finished with value: 5.481347560882568 and parameters: {'gradient_clip_val': 0.2394548420943561, 'hidden_size': 11, 'dropout': 0.16190236122184484, 'hidden_continuous_size': 7, 'attention_head_size': 3, 'learning_rate': 0.006482323313399659}. Best is trial 13 with value: 4.001574993133545.
LOCAL_RANK: 0 - CUDA_VISIBLE_DEVICES: [0]
[I 2023-12-16 07:13:35,506] Trial 27 finished with value: 4.710282802581787 and parameters: {'gradient_clip_val': 0.48099086157694887, 'hidden_size': 19, 'dropout': 0.21917698549985276, 'hidden_continuous_size': 9, 'attention_head_size': 2, 'learning_rate': 0.0016342988952440162}. Best is trial 13 with value: 4.001574993133545.
LOCAL_RANK: 0 - CUDA_VISIBLE_DEVICES: [0]
[I 2023-12-16 07:14:20,711] Trial 28 finished with value: 10.05931568145752 and parameters: {'gradient_clip_val': 0.34915956396758935, 'hidden_size': 14, 'dropout': 0.1960526048149491, 'hidden_continuous_size': 7, 'attention_head_size': 1, 'learning_rate': 0.007151958227519219}. Best is trial 13 with value: 4.001574993133545.
LOCAL_RANK: 0 - CUDA_VISIBLE_DEVICES: [0]
[I 2023-12-16 07:15:10,398] Trial 29 finished with value: 3.7436530590057373 and parameters: {'gradient_clip_val': 0.1370217464459912, 'hidden_size': 34, 'dropout': 0.13763968954722056, 'hidden_continuous_size': 12, 'attention_head_size': 2, 'learning_rate': 0.01286819335332544}. Best is trial 29 with value: 3.7436530590057373.
LOCAL_RANK: 0 - CUDA_VISIBLE_DEVICES: [0]
[I 2023-12-16 07:16:02,964] Trial 30 finished with value: 4.4415154457092285 and parameters: {'gradient_clip_val': 0.13914258766415233, 'hidden_size': 43, 'dropout': 0.14770597676826647, 'hidden_continuous_size': 13, 'attention_head_size': 3, 'learning_rate': 0.013753518685231758}. Best is trial 29 with value: 3.7436530590057373.
LOCAL_RANK: 0 - CUDA_VISIBLE_DEVICES: [0]
[I 2023-12-16 07:16:54,676] Trial 31 finished with value: 4.366567134857178 and parameters: {'gradient_clip_val': 0.13960237267030243, 'hidden_size': 44, 'dropout': 0.13503792900819644, 'hidden_continuous_size': 13, 'attention_head_size': 3, 'learning_rate': 0.01286565157210327}. Best is trial 29 with value: 3.7436530590057373.
LOCAL_RANK: 0 - CUDA_VISIBLE_DEVICES: [0]
[I 2023-12-16 07:17:48,459] Trial 32 finished with value: 4.625027179718018 and parameters: {'gradient_clip_val': 0.12362840019776172, 'hidden_size': 70, 'dropout': 0.1304279226342353, 'hidden_continuous_size': 14, 'attention_head_size': 3, 'learning_rate': 0.019094583287733776}. Best is trial 29 with value: 3.7436530590057373.
LOCAL_RANK: 0 - CUDA_VISIBLE_DEVICES: [0]
[I 2023-12-16 07:18:41,239] Trial 33 finished with value: 8.288721084594727 and parameters: {'gradient_clip_val': 0.15767881755045607, 'hidden_size': 38, 'dropout': 0.10466212215785395, 'hidden_continuous_size': 17, 'attention_head_size': 3, 'learning_rate': 0.011756139695857343}. Best is trial 29 with value: 3.7436530590057373.
LOCAL_RANK: 0 - CUDA_VISIBLE_DEVICES: [0]
[I 2023-12-16 07:19:30,738] Trial 34 finished with value: 6.740660190582275 and parameters: {'gradient_clip_val': 0.14918292796150315, 'hidden_size': 26, 'dropout': 0.13501438565842588, 'hidden_continuous_size': 12, 'attention_head_size': 4, 'learning_rate': 0.015468074794061095}. Best is trial 29 with value: 3.7436530590057373.
LOCAL_RANK: 0 - CUDA_VISIBLE_DEVICES: [0]
[I 2023-12-16 07:20:26,479] Trial 35 finished with value: 6.2340521812438965 and parameters: {'gradient_clip_val': 0.17651029302006724, 'hidden_size': 91, 'dropout': 0.1609023175910525, 'hidden_continuous_size': 34, 'attention_head_size': 3, 'learning_rate': 0.022487618148126682}. Best is trial 29 with value: 3.7436530590057373.
LOCAL_RANK: 0 - CUDA_VISIBLE_DEVICES: [0]
[I 2023-12-16 07:21:15,814] Trial 36 finished with value: 5.267477512359619 and parameters: {'gradient_clip_val': 0.1164449102574843, 'hidden_size': 30, 'dropout': 0.13174306953550946, 'hidden_continuous_size': 10, 'attention_head_size': 3, 'learning_rate': 0.007964934461709724}. Best is trial 29 with value: 3.7436530590057373.
LOCAL_RANK: 0 - CUDA_VISIBLE_DEVICES: [0]
[I 2023-12-16 07:22:04,702] Trial 37 finished with value: 6.060048580169678 and parameters: {'gradient_clip_val': 0.1252286964789114, 'hidden_size': 22, 'dropout': 0.11556944302523808, 'hidden_continuous_size': 11, 'attention_head_size': 2, 'learning_rate': 0.011517802901937754}. Best is trial 29 with value: 3.7436530590057373.
LOCAL_RANK: 0 - CUDA_VISIBLE_DEVICES: [0]
[I 2023-12-16 07:22:57,403] Trial 38 finished with value: 7.088894367218018 and parameters: {'gradient_clip_val': 0.10363267385822593, 'hidden_size': 46, 'dropout': 0.1423822979418889, 'hidden_continuous_size': 16, 'attention_head_size': 3, 'learning_rate': 0.017077816342878544}. Best is trial 29 with value: 3.7436530590057373.
LOCAL_RANK: 0 - CUDA_VISIBLE_DEVICES: [0]
[I 2023-12-16 07:23:47,330] Trial 39 finished with value: 6.495442867279053 and parameters: {'gradient_clip_val': 0.16609898646069793, 'hidden_size': 34, 'dropout': 0.16595462758613025, 'hidden_continuous_size': 9, 'attention_head_size': 4, 'learning_rate': 0.025628849716476852}. Best is trial 29 with value: 3.7436530590057373.
LOCAL_RANK: 0 - CUDA_VISIBLE_DEVICES: [0]
[I 2023-12-16 07:24:36,439] Trial 40 finished with value: 4.913918495178223 and parameters: {'gradient_clip_val': 0.14296672174779498, 'hidden_size': 23, 'dropout': 0.12030491189113066, 'hidden_continuous_size': 12, 'attention_head_size': 2, 'learning_rate': 0.008672137164427099}. Best is trial 29 with value: 3.7436530590057373.
LOCAL_RANK: 0 - CUDA_VISIBLE_DEVICES: [0]
[I 2023-12-16 07:25:28,802] Trial 41 finished with value: 5.302401065826416 and parameters: {'gradient_clip_val': 0.12675543668851047, 'hidden_size': 41, 'dropout': 0.14890152440931786, 'hidden_continuous_size': 13, 'attention_head_size': 3, 'learning_rate': 0.014434585895033762}. Best is trial 29 with value: 3.7436530590057373.
LOCAL_RANK: 0 - CUDA_VISIBLE_DEVICES: [0]
[I 2023-12-16 07:26:22,548] Trial 42 finished with value: 5.030660629272461 and parameters: {'gradient_clip_val': 0.13740412568720273, 'hidden_size': 57, 'dropout': 0.10247319613639116, 'hidden_continuous_size': 15, 'attention_head_size': 3, 'learning_rate': 0.013674453995663074}. Best is trial 29 with value: 3.7436530590057373.
LOCAL_RANK: 0 - CUDA_VISIBLE_DEVICES: [0]
[I 2023-12-16 07:27:11,969] Trial 43 finished with value: 7.149906158447266 and parameters: {'gradient_clip_val': 0.1858356547300097, 'hidden_size': 30, 'dropout': 0.1477600890207589, 'hidden_continuous_size': 13, 'attention_head_size': 3, 'learning_rate': 0.012131913081793715}. Best is trial 29 with value: 3.7436530590057373.
LOCAL_RANK: 0 - CUDA_VISIBLE_DEVICES: [0]
[I 2023-12-16 07:28:05,256] Trial 44 finished with value: 6.332642078399658 and parameters: {'gradient_clip_val': 0.1494071383564346, 'hidden_size': 49, 'dropout': 0.18806667515516678, 'hidden_continuous_size': 18, 'attention_head_size': 3, 'learning_rate': 0.017769911147981664}. Best is trial 29 with value: 3.7436530590057373.
LOCAL_RANK: 0 - CUDA_VISIBLE_DEVICES: [0]
[I 2023-12-16 07:28:53,525] Trial 45 finished with value: 7.406972408294678 and parameters: {'gradient_clip_val': 0.17079464724949014, 'hidden_size': 20, 'dropout': 0.1253217604545898, 'hidden_continuous_size': 14, 'attention_head_size': 4, 'learning_rate': 0.028565854549167064}. Best is trial 29 with value: 3.7436530590057373.
LOCAL_RANK: 0 - CUDA_VISIBLE_DEVICES: [0]
[I 2023-12-16 07:29:42,633] Trial 46 finished with value: 5.273188591003418 and parameters: {'gradient_clip_val': 0.20621334510703876, 'hidden_size': 36, 'dropout': 0.16824782999074103, 'hidden_continuous_size': 10, 'attention_head_size': 2, 'learning_rate': 0.00839878915094043}. Best is trial 29 with value: 3.7436530590057373.
LOCAL_RANK: 0 - CUDA_VISIBLE_DEVICES: [0]
[I 2023-12-16 07:30:35,760] Trial 47 finished with value: 4.731304168701172 and parameters: {'gradient_clip_val': 0.10860778716193295, 'hidden_size': 41, 'dropout': 0.15390033815316623, 'hidden_continuous_size': 19, 'attention_head_size': 3, 'learning_rate': 0.011049767944158743}. Best is trial 29 with value: 3.7436530590057373.
LOCAL_RANK: 0 - CUDA_VISIBLE_DEVICES: [0]
[I 2023-12-16 07:31:24,369] Trial 48 finished with value: 3.974224805831909 and parameters: {'gradient_clip_val': 0.11511004512577067, 'hidden_size': 32, 'dropout': 0.17745800387957403, 'hidden_continuous_size': 16, 'attention_head_size': 1, 'learning_rate': 0.020941094451209993}. Best is trial 29 with value: 3.7436530590057373.
LOCAL_RANK: 0 - CUDA_VISIBLE_DEVICES: [0]
[I 2023-12-16 07:32:13,758] Trial 49 finished with value: 8.824822425842285 and parameters: {'gradient_clip_val': 0.10041261445565991, 'hidden_size': 31, 'dropout': 0.17874056279287062, 'hidden_continuous_size': 16, 'attention_head_size': 1, 'learning_rate': 0.02077652102487704}. Best is trial 29 with value: 3.7436530590057373.
[I 2023-12-16 07:32:13,849] A new study created in memory with name: no-name-05a37678-a94f-4bee-a56b-2288f4c04129
/home/le004/conda/anaconda3/envs/tsff_env/lib/python3.9/site-packages/lightning/fabric/plugins/environments/slurm.py:191: The `srun` command is available on your system but is not used. HINT: If your intention is to run Lightning on SLURM, prepend your python command with `srun` like so: srun python /home/le004/master_thesis/git/TSFusionForecast/code/ ...
LOCAL_RANK: 0 - CUDA_VISIBLE_DEVICES: [0]
[I 2023-12-16 07:32:57,430] Trial 0 finished with value: 4.952274799346924 and parameters: {'gradient_clip_val': 0.13581885715886993, 'hidden_size': 8, 'dropout': 0.12818640539992865, 'hidden_continuous_size': 7, 'attention_head_size': 1, 'learning_rate': 0.06184389281736357}. Best is trial 0 with value: 4.952274799346924.
LOCAL_RANK: 0 - CUDA_VISIBLE_DEVICES: [0]
[I 2023-12-16 07:33:50,910] Trial 1 finished with value: 18.76763343811035 and parameters: {'gradient_clip_val': 0.8060199369482213, 'hidden_size': 38, 'dropout': 0.3472626754164363, 'hidden_continuous_size': 37, 'attention_head_size': 4, 'learning_rate': 0.009662752488843332}. Best is trial 0 with value: 4.952274799346924.
LOCAL_RANK: 0 - CUDA_VISIBLE_DEVICES: [0]
[I 2023-12-16 07:34:36,778] Trial 2 finished with value: 7.687020778656006 and parameters: {'gradient_clip_val': 0.12903867932941263, 'hidden_size': 14, 'dropout': 0.3145951947899628, 'hidden_continuous_size': 5, 'attention_head_size': 3, 'learning_rate': 0.0023241844218469788}. Best is trial 0 with value: 4.952274799346924.
LOCAL_RANK: 0 - CUDA_VISIBLE_DEVICES: [0]
[I 2023-12-16 07:35:32,277] Trial 3 finished with value: 10.425139427185059 and parameters: {'gradient_clip_val': 0.1687517062983889, 'hidden_size': 67, 'dropout': 0.389762236314378, 'hidden_continuous_size': 58, 'attention_head_size': 4, 'learning_rate': 0.023625985695083992}. Best is trial 0 with value: 4.952274799346924.
LOCAL_RANK: 0 - CUDA_VISIBLE_DEVICES: [0]
[I 2023-12-16 07:36:26,839] Trial 4 finished with value: 11.235115051269531 and parameters: {'gradient_clip_val': 0.16929063003769843, 'hidden_size': 71, 'dropout': 0.3155052198840962, 'hidden_continuous_size': 12, 'attention_head_size': 4, 'learning_rate': 0.0053804843224371564}. Best is trial 0 with value: 4.952274799346924.
LOCAL_RANK: 0 - CUDA_VISIBLE_DEVICES: [0]
