[I 2023-12-16 00:47:38,314] Trial 23 finished with value: 0.931093156337738 and parameters: {'gradient_clip_val': 0.13512071841690135, 'hidden_size': 100, 'dropout': 0.26129186522877657, 'hidden_continuous_size': 94, 'attention_head_size': 2, 'learning_rate': 0.009274842193887942}. Best is trial 12 with value: 0.25055837631225586.
LOCAL_RANK: 0 - CUDA_VISIBLE_DEVICES: [0]
[I 2023-12-16 00:48:32,687] Trial 24 finished with value: 1.30634343624115 and parameters: {'gradient_clip_val': 0.18141203544943368, 'hidden_size': 57, 'dropout': 0.3455418545688725, 'hidden_continuous_size': 39, 'attention_head_size': 3, 'learning_rate': 0.011800743713042905}. Best is trial 12 with value: 0.25055837631225586.
LOCAL_RANK: 0 - CUDA_VISIBLE_DEVICES: [0]
[I 2023-12-16 00:49:26,617] Trial 25 finished with value: 1.8997912406921387 and parameters: {'gradient_clip_val': 0.15932835164445516, 'hidden_size': 72, 'dropout': 0.27581384485416466, 'hidden_continuous_size': 57, 'attention_head_size': 1, 'learning_rate': 0.03219838595252975}. Best is trial 12 with value: 0.25055837631225586.
LOCAL_RANK: 0 - CUDA_VISIBLE_DEVICES: [0]
[I 2023-12-16 00:50:20,248] Trial 26 finished with value: 1.3917969465255737 and parameters: {'gradient_clip_val': 0.1232304347356098, 'hidden_size': 49, 'dropout': 0.3087912222637961, 'hidden_continuous_size': 37, 'attention_head_size': 2, 'learning_rate': 0.01696102098679269}. Best is trial 12 with value: 0.25055837631225586.
LOCAL_RANK: 0 - CUDA_VISIBLE_DEVICES: [0]
[I 2023-12-16 00:51:16,449] Trial 27 finished with value: 0.6798460483551025 and parameters: {'gradient_clip_val': 0.21622994426917394, 'hidden_size': 79, 'dropout': 0.23590311665171088, 'hidden_continuous_size': 64, 'attention_head_size': 3, 'learning_rate': 0.006927354052530082}. Best is trial 12 with value: 0.25055837631225586.
LOCAL_RANK: 0 - CUDA_VISIBLE_DEVICES: [0]
[I 2023-12-16 00:52:11,071] Trial 28 finished with value: 0.8769168257713318 and parameters: {'gradient_clip_val': 0.22170505823301767, 'hidden_size': 72, 'dropout': 0.2302164271208428, 'hidden_continuous_size': 44, 'attention_head_size': 3, 'learning_rate': 0.006375058025682441}. Best is trial 12 with value: 0.25055837631225586.
LOCAL_RANK: 0 - CUDA_VISIBLE_DEVICES: [0]
[I 2023-12-16 00:53:03,929] Trial 29 finished with value: 0.798331081867218 and parameters: {'gradient_clip_val': 0.3808282988055388, 'hidden_size': 34, 'dropout': 0.2155243553791193, 'hidden_continuous_size': 30, 'attention_head_size': 3, 'learning_rate': 0.053602866040510226}. Best is trial 12 with value: 0.25055837631225586.
LOCAL_RANK: 0 - CUDA_VISIBLE_DEVICES: [0]
[I 2023-12-16 00:53:58,006] Trial 30 finished with value: 0.7509018778800964 and parameters: {'gradient_clip_val': 0.2533645853751197, 'hidden_size': 51, 'dropout': 0.23692044793235928, 'hidden_continuous_size': 42, 'attention_head_size': 3, 'learning_rate': 0.0040778988309329795}. Best is trial 12 with value: 0.25055837631225586.
LOCAL_RANK: 0 - CUDA_VISIBLE_DEVICES: [0]
[I 2023-12-16 00:54:52,443] Trial 31 finished with value: 0.34067630767822266 and parameters: {'gradient_clip_val': 0.2375631315569409, 'hidden_size': 50, 'dropout': 0.2358408125656425, 'hidden_continuous_size': 41, 'attention_head_size': 3, 'learning_rate': 0.00352206120193358}. Best is trial 12 with value: 0.25055837631225586.
LOCAL_RANK: 0 - CUDA_VISIBLE_DEVICES: [0]
[I 2023-12-16 00:55:45,404] Trial 32 finished with value: 2.6037302017211914 and parameters: {'gradient_clip_val': 0.17575342341488404, 'hidden_size': 38, 'dropout': 0.2532239436863377, 'hidden_continuous_size': 32, 'attention_head_size': 3, 'learning_rate': 0.0030331694647315007}. Best is trial 12 with value: 0.25055837631225586.
LOCAL_RANK: 0 - CUDA_VISIBLE_DEVICES: [0]
[I 2023-12-16 00:56:40,196] Trial 33 finished with value: 0.593009352684021 and parameters: {'gradient_clip_val': 0.21978966101048625, 'hidden_size': 59, 'dropout': 0.20509419306887652, 'hidden_continuous_size': 47, 'attention_head_size': 3, 'learning_rate': 0.007171179303268376}. Best is trial 12 with value: 0.25055837631225586.
LOCAL_RANK: 0 - CUDA_VISIBLE_DEVICES: [0]
[I 2023-12-16 00:57:32,968] Trial 34 finished with value: 2.056140184402466 and parameters: {'gradient_clip_val': 0.28846219372132276, 'hidden_size': 35, 'dropout': 0.2029379631755097, 'hidden_continuous_size': 27, 'attention_head_size': 3, 'learning_rate': 0.009737566075050958}. Best is trial 12 with value: 0.25055837631225586.
LOCAL_RANK: 0 - CUDA_VISIBLE_DEVICES: [0]
[I 2023-12-16 00:58:25,553] Trial 35 finished with value: 1.401124358177185 and parameters: {'gradient_clip_val': 0.2426491758912941, 'hidden_size': 44, 'dropout': 0.19015112097599834, 'hidden_continuous_size': 33, 'attention_head_size': 2, 'learning_rate': 0.002138386632702959}. Best is trial 12 with value: 0.25055837631225586.
LOCAL_RANK: 0 - CUDA_VISIBLE_DEVICES: [0]
[I 2023-12-16 00:59:20,191] Trial 36 finished with value: 0.2723248302936554 and parameters: {'gradient_clip_val': 0.18170452493113382, 'hidden_size': 63, 'dropout': 0.22458165494374083, 'hidden_continuous_size': 48, 'attention_head_size': 3, 'learning_rate': 0.007505098984104123}. Best is trial 12 with value: 0.25055837631225586.
LOCAL_RANK: 0 - CUDA_VISIBLE_DEVICES: [0]
[I 2023-12-16 01:00:12,854] Trial 37 finished with value: 2.442357301712036 and parameters: {'gradient_clip_val': 0.1614285347948598, 'hidden_size': 29, 'dropout': 0.22435517210243214, 'hidden_continuous_size': 26, 'attention_head_size': 4, 'learning_rate': 0.012168373598659087}. Best is trial 12 with value: 0.25055837631225586.
LOCAL_RANK: 0 - CUDA_VISIBLE_DEVICES: [0]
[I 2023-12-16 01:01:02,049] Trial 38 finished with value: 2.3178606033325195 and parameters: {'gradient_clip_val': 0.1870673661723211, 'hidden_size': 25, 'dropout': 0.1776258329950533, 'hidden_continuous_size': 22, 'attention_head_size': 1, 'learning_rate': 0.005174539685242225}. Best is trial 12 with value: 0.25055837631225586.
LOCAL_RANK: 0 - CUDA_VISIBLE_DEVICES: [0]
[I 2023-12-16 01:01:53,244] Trial 39 finished with value: 2.3027093410491943 and parameters: {'gradient_clip_val': 0.18107847613700628, 'hidden_size': 32, 'dropout': 0.2587046175485623, 'hidden_continuous_size': 28, 'attention_head_size': 2, 'learning_rate': 0.008329244299347645}. Best is trial 12 with value: 0.25055837631225586.
LOCAL_RANK: 0 - CUDA_VISIBLE_DEVICES: [0]
[I 2023-12-16 01:02:42,753] Trial 40 finished with value: 1.0276457071304321 and parameters: {'gradient_clip_val': 0.3134736442853194, 'hidden_size': 18, 'dropout': 0.24525281426876108, 'hidden_continuous_size': 17, 'attention_head_size': 4, 'learning_rate': 0.004949585389197096}. Best is trial 12 with value: 0.25055837631225586.
LOCAL_RANK: 0 - CUDA_VISIBLE_DEVICES: [0]
[I 2023-12-16 01:03:37,331] Trial 41 finished with value: 0.29747316241264343 and parameters: {'gradient_clip_val': 0.22239200741329196, 'hidden_size': 62, 'dropout': 0.21058083562219168, 'hidden_continuous_size': 47, 'attention_head_size': 3, 'learning_rate': 0.007485251078264247}. Best is trial 12 with value: 0.25055837631225586.
LOCAL_RANK: 0 - CUDA_VISIBLE_DEVICES: [0]
[I 2023-12-16 01:04:32,140] Trial 42 finished with value: 0.31313061714172363 and parameters: {'gradient_clip_val': 0.23089545254039026, 'hidden_size': 63, 'dropout': 0.2223076365038305, 'hidden_continuous_size': 50, 'attention_head_size': 3, 'learning_rate': 0.010975467740842534}. Best is trial 12 with value: 0.25055837631225586.
LOCAL_RANK: 0 - CUDA_VISIBLE_DEVICES: [0]
[I 2023-12-16 01:05:27,862] Trial 43 finished with value: 1.610727310180664 and parameters: {'gradient_clip_val': 0.19950826444850445, 'hidden_size': 82, 'dropout': 0.21764024335107215, 'hidden_continuous_size': 48, 'attention_head_size': 3, 'learning_rate': 0.011082220561553047}. Best is trial 12 with value: 0.25055837631225586.
LOCAL_RANK: 0 - CUDA_VISIBLE_DEVICES: [0]
[I 2023-12-16 01:06:22,541] Trial 44 finished with value: 1.055822491645813 and parameters: {'gradient_clip_val': 0.2779858273418475, 'hidden_size': 65, 'dropout': 0.15281842660425654, 'hidden_continuous_size': 50, 'attention_head_size': 2, 'learning_rate': 0.007713182883573771}. Best is trial 12 with value: 0.25055837631225586.
LOCAL_RANK: 0 - CUDA_VISIBLE_DEVICES: [0]
[I 2023-12-16 01:07:19,044] Trial 45 finished with value: 2.0882160663604736 and parameters: {'gradient_clip_val': 0.16902366272132358, 'hidden_size': 79, 'dropout': 0.2700247422667538, 'hidden_continuous_size': 62, 'attention_head_size': 4, 'learning_rate': 0.014780723493676127}. Best is trial 12 with value: 0.25055837631225586.
LOCAL_RANK: 0 - CUDA_VISIBLE_DEVICES: [0]
[I 2023-12-16 01:08:13,842] Trial 46 finished with value: 0.3754694163799286 and parameters: {'gradient_clip_val': 0.23559828487210124, 'hidden_size': 65, 'dropout': 0.19641034911385535, 'hidden_continuous_size': 45, 'attention_head_size': 3, 'learning_rate': 0.010477972574233038}. Best is trial 12 with value: 0.25055837631225586.
LOCAL_RANK: 0 - CUDA_VISIBLE_DEVICES: [0]
[I 2023-12-16 01:09:07,547] Trial 47 finished with value: 1.7377147674560547 and parameters: {'gradient_clip_val': 0.19786946945789166, 'hidden_size': 52, 'dropout': 0.22263389045663837, 'hidden_continuous_size': 41, 'attention_head_size': 2, 'learning_rate': 0.005634069454249617}. Best is trial 12 with value: 0.25055837631225586.
LOCAL_RANK: 0 - CUDA_VISIBLE_DEVICES: [0]
[I 2023-12-16 01:10:05,235] Trial 48 finished with value: 1.3274221420288086 and parameters: {'gradient_clip_val': 0.1472638277887135, 'hidden_size': 87, 'dropout': 0.38524103058290404, 'hidden_continuous_size': 69, 'attention_head_size': 3, 'learning_rate': 0.021078451023620756}. Best is trial 12 with value: 0.25055837631225586.
LOCAL_RANK: 0 - CUDA_VISIBLE_DEVICES: [0]
[I 2023-12-16 01:10:59,099] Trial 49 finished with value: 0.23326562345027924 and parameters: {'gradient_clip_val': 0.17353826314210333, 'hidden_size': 41, 'dropout': 0.20874563903931329, 'hidden_continuous_size': 36, 'attention_head_size': 3, 'learning_rate': 0.008173495329163137}. Best is trial 49 with value: 0.23326562345027924.
[I 2023-12-16 01:10:59,203] A new study created in memory with name: no-name-9f81b5b4-11ab-4873-8394-9da367d4161d
/home/le004/conda/anaconda3/envs/tsff_env/lib/python3.9/site-packages/lightning/fabric/plugins/environments/slurm.py:191: The `srun` command is available on your system but is not used. HINT: If your intention is to run Lightning on SLURM, prepend your python command with `srun` like so: srun python /home/le004/master_thesis/git/TSFusionForecast/code/ ...
LOCAL_RANK: 0 - CUDA_VISIBLE_DEVICES: [0]
[I 2023-12-16 01:11:49,935] Trial 0 finished with value: 0.34292253851890564 and parameters: {'gradient_clip_val': 0.9840285178497198, 'hidden_size': 34, 'dropout': 0.39109175765161, 'hidden_continuous_size': 12, 'attention_head_size': 4, 'learning_rate': 0.034380538012953314}. Best is trial 0 with value: 0.34292253851890564.
LOCAL_RANK: 0 - CUDA_VISIBLE_DEVICES: [0]
[I 2023-12-16 01:12:38,910] Trial 1 finished with value: 0.49010011553764343 and parameters: {'gradient_clip_val': 0.8706142177851329, 'hidden_size': 30, 'dropout': 0.3256863397992318, 'hidden_continuous_size': 6, 'attention_head_size': 3, 'learning_rate': 0.0007243345202239963}. Best is trial 0 with value: 0.34292253851890564.
LOCAL_RANK: 0 - CUDA_VISIBLE_DEVICES: [0]
[I 2023-12-16 01:13:26,489] Trial 2 finished with value: 1.7665772438049316 and parameters: {'gradient_clip_val': 0.14482087838287733, 'hidden_size': 18, 'dropout': 0.19920156078920304, 'hidden_continuous_size': 8, 'attention_head_size': 3, 'learning_rate': 0.006657957833327953}. Best is trial 0 with value: 0.34292253851890564.
LOCAL_RANK: 0 - CUDA_VISIBLE_DEVICES: [0]
[I 2023-12-16 01:14:17,800] Trial 3 finished with value: 2.3128275871276855 and parameters: {'gradient_clip_val': 0.12100818901511287, 'hidden_size': 44, 'dropout': 0.32841473353239425, 'hidden_continuous_size': 8, 'attention_head_size': 2, 'learning_rate': 0.009103566203589824}. Best is trial 0 with value: 0.34292253851890564.
LOCAL_RANK: 0 - CUDA_VISIBLE_DEVICES: [0]
[I 2023-12-16 01:15:03,438] Trial 4 finished with value: 1.9087514877319336 and parameters: {'gradient_clip_val': 0.27707728792372094, 'hidden_size': 6, 'dropout': 0.3240498704206499, 'hidden_continuous_size': 5, 'attention_head_size': 4, 'learning_rate': 0.006009228059380557}. Best is trial 0 with value: 0.34292253851890564.
LOCAL_RANK: 0 - CUDA_VISIBLE_DEVICES: [0]
[I 2023-12-16 01:15:55,378] Trial 5 finished with value: 3.082646131515503 and parameters: {'gradient_clip_val': 0.13777486749196527, 'hidden_size': 73, 'dropout': 0.32403719876791026, 'hidden_continuous_size': 5, 'attention_head_size': 3, 'learning_rate': 0.030379409936819913}. Best is trial 0 with value: 0.34292253851890564.
LOCAL_RANK: 0 - CUDA_VISIBLE_DEVICES: [0]
[I 2023-12-16 01:16:38,773] Trial 6 finished with value: 2.8030707836151123 and parameters: {'gradient_clip_val': 0.12788528031056906, 'hidden_size': 8, 'dropout': 0.34794563759871155, 'hidden_continuous_size': 5, 'attention_head_size': 1, 'learning_rate': 0.0017443959663429988}. Best is trial 0 with value: 0.34292253851890564.
LOCAL_RANK: 0 - CUDA_VISIBLE_DEVICES: [0]
[I 2023-12-16 01:17:24,609] Trial 7 finished with value: 1.7763328552246094 and parameters: {'gradient_clip_val': 0.17591055823776858, 'hidden_size': 13, 'dropout': 0.39137610482392093, 'hidden_continuous_size': 5, 'attention_head_size': 3, 'learning_rate': 0.0065248368677596775}. Best is trial 0 with value: 0.34292253851890564.
LOCAL_RANK: 0 - CUDA_VISIBLE_DEVICES: [0]
[I 2023-12-16 01:18:17,959] Trial 8 finished with value: 0.10814138501882553 and parameters: {'gradient_clip_val': 0.28848653117203366, 'hidden_size': 77, 'dropout': 0.126466479313881, 'hidden_continuous_size': 24, 'attention_head_size': 1, 'learning_rate': 0.06082328490788044}. Best is trial 8 with value: 0.10814138501882553.
LOCAL_RANK: 0 - CUDA_VISIBLE_DEVICES: [0]
[I 2023-12-16 01:18:52,581] Trial 9 finished with value: 2.989604949951172 and parameters: {'gradient_clip_val': 0.2561090485164523, 'hidden_size': 5, 'dropout': 0.1204732441840006, 'hidden_continuous_size': 5, 'attention_head_size': 3, 'learning_rate': 0.013526546236948914}. Best is trial 8 with value: 0.10814138501882553.
LOCAL_RANK: 0 - CUDA_VISIBLE_DEVICES: [0]
[I 2023-12-16 01:19:48,017] Trial 10 finished with value: 0.14538070559501648 and parameters: {'gradient_clip_val': 0.4695602336153893, 'hidden_size': 92, 'dropout': 0.10934507613407382, 'hidden_continuous_size': 39, 'attention_head_size': 1, 'learning_rate': 0.08744747275918123}. Best is trial 8 with value: 0.10814138501882553.
LOCAL_RANK: 0 - CUDA_VISIBLE_DEVICES: [0]
[I 2023-12-16 01:20:42,289] Trial 11 finished with value: 0.21215133368968964 and parameters: {'gradient_clip_val': 0.45590564672308403, 'hidden_size': 96, 'dropout': 0.10402320066612994, 'hidden_continuous_size': 42, 'attention_head_size': 1, 'learning_rate': 0.09209533982182604}. Best is trial 8 with value: 0.10814138501882553.
LOCAL_RANK: 0 - CUDA_VISIBLE_DEVICES: [0]
[I 2023-12-16 01:21:34,858] Trial 12 finished with value: 0.8982243537902832 and parameters: {'gradient_clip_val': 0.4461865688917165, 'hidden_size': 56, 'dropout': 0.1549762244612824, 'hidden_continuous_size': 31, 'attention_head_size': 1, 'learning_rate': 0.07914232488538167}. Best is trial 8 with value: 0.10814138501882553.
LOCAL_RANK: 0 - CUDA_VISIBLE_DEVICES: [0]
[I 2023-12-16 01:22:32,112] Trial 13 finished with value: 0.23692715167999268 and parameters: {'gradient_clip_val': 0.41784641851460863, 'hidden_size': 100, 'dropout': 0.1696919022308596, 'hidden_continuous_size': 75, 'attention_head_size': 2, 'learning_rate': 0.09481357231350362}. Best is trial 8 with value: 0.10814138501882553.
LOCAL_RANK: 0 - CUDA_VISIBLE_DEVICES: [0]
[I 2023-12-16 01:23:24,920] Trial 14 finished with value: 0.08640023320913315 and parameters: {'gradient_clip_val': 0.2237987388345692, 'hidden_size': 60, 'dropout': 0.21286462353344104, 'hidden_continuous_size': 20, 'attention_head_size': 2, 'learning_rate': 0.03979052738850208}. Best is trial 14 with value: 0.08640023320913315.
LOCAL_RANK: 0 - CUDA_VISIBLE_DEVICES: [0]
[I 2023-12-16 01:24:18,169] Trial 15 finished with value: 1.7020387649536133 and parameters: {'gradient_clip_val': 0.2039723432288548, 'hidden_size': 57, 'dropout': 0.23209781328873402, 'hidden_continuous_size': 19, 'attention_head_size': 2, 'learning_rate': 0.0367655246087155}. Best is trial 14 with value: 0.08640023320913315.
LOCAL_RANK: 0 - CUDA_VISIBLE_DEVICES: [0]
[I 2023-12-16 01:25:11,147] Trial 16 finished with value: 2.1024105548858643 and parameters: {'gradient_clip_val': 0.2241983556899479, 'hidden_size': 55, 'dropout': 0.23452654820406973, 'hidden_continuous_size': 19, 'attention_head_size': 2, 'learning_rate': 0.0193587362602975}. Best is trial 14 with value: 0.08640023320913315.
LOCAL_RANK: 0 - CUDA_VISIBLE_DEVICES: [0]
[I 2023-12-16 01:26:00,611] Trial 17 finished with value: 0.4516359567642212 and parameters: {'gradient_clip_val': 0.32702045416009395, 'hidden_size': 31, 'dropout': 0.19447073294317813, 'hidden_continuous_size': 16, 'attention_head_size': 1, 'learning_rate': 0.05082609011160649}. Best is trial 14 with value: 0.08640023320913315.
LOCAL_RANK: 0 - CUDA_VISIBLE_DEVICES: [0]
[I 2023-12-16 01:26:49,152] Trial 18 finished with value: 1.6912765502929688 and parameters: {'gradient_clip_val': 0.1020457900142416, 'hidden_size': 22, 'dropout': 0.2693318830890328, 'hidden_continuous_size': 9, 'attention_head_size': 2, 'learning_rate': 0.018883769923143178}. Best is trial 14 with value: 0.08640023320913315.
LOCAL_RANK: 0 - CUDA_VISIBLE_DEVICES: [0]
[I 2023-12-16 01:27:42,489] Trial 19 finished with value: 1.3552509546279907 and parameters: {'gradient_clip_val': 0.19152523088598133, 'hidden_size': 69, 'dropout': 0.14771782665222566, 'hidden_continuous_size': 25, 'attention_head_size': 1, 'learning_rate': 0.05368473220288782}. Best is trial 14 with value: 0.08640023320913315.
LOCAL_RANK: 0 - CUDA_VISIBLE_DEVICES: [0]
[I 2023-12-16 01:28:34,891] Trial 20 finished with value: 0.8663980960845947 and parameters: {'gradient_clip_val': 0.3381574628040942, 'hidden_size': 41, 'dropout': 0.18886703333345908, 'hidden_continuous_size': 13, 'attention_head_size': 2, 'learning_rate': 0.05134156494389044}. Best is trial 14 with value: 0.08640023320913315.
LOCAL_RANK: 0 - CUDA_VISIBLE_DEVICES: [0]
[I 2023-12-16 01:29:27,817] Trial 21 finished with value: 0.7077703475952148 and parameters: {'gradient_clip_val': 0.5394551890927456, 'hidden_size': 76, 'dropout': 0.10008236215416445, 'hidden_continuous_size': 29, 'attention_head_size': 1, 'learning_rate': 0.09416555734213418}. Best is trial 14 with value: 0.08640023320913315.
LOCAL_RANK: 0 - CUDA_VISIBLE_DEVICES: [0]
[I 2023-12-16 01:30:22,293] Trial 22 finished with value: 0.7007954716682434 and parameters: {'gradient_clip_val': 0.2605008870082355, 'hidden_size': 92, 'dropout': 0.14089824566665027, 'hidden_continuous_size': 41, 'attention_head_size': 1, 'learning_rate': 0.061282782221639936}. Best is trial 14 with value: 0.08640023320913315.
LOCAL_RANK: 0 - CUDA_VISIBLE_DEVICES: [0]
[I 2023-12-16 01:31:15,718] Trial 23 finished with value: 0.23190553486347198 and parameters: {'gradient_clip_val': 0.33289200311279943, 'hidden_size': 73, 'dropout': 0.12734614328192084, 'hidden_continuous_size': 24, 'attention_head_size': 1, 'learning_rate': 0.03314900557914638}. Best is trial 14 with value: 0.08640023320913315.
LOCAL_RANK: 0 - CUDA_VISIBLE_DEVICES: [0]
[I 2023-12-16 01:32:08,701] Trial 24 finished with value: 0.493672639131546 and parameters: {'gradient_clip_val': 0.5562574931307578, 'hidden_size': 49, 'dropout': 0.13012577721696791, 'hidden_continuous_size': 19, 'attention_head_size': 2, 'learning_rate': 0.05890634221674685}. Best is trial 14 with value: 0.08640023320913315.
LOCAL_RANK: 0 - CUDA_VISIBLE_DEVICES: [0]
[I 2023-12-16 01:33:02,714] Trial 25 finished with value: 1.0548123121261597 and parameters: {'gradient_clip_val': 0.16244758122212075, 'hidden_size': 65, 'dropout': 0.16170459374904864, 'hidden_continuous_size': 37, 'attention_head_size': 1, 'learning_rate': 0.025110446751300468}. Best is trial 14 with value: 0.08640023320913315.
LOCAL_RANK: 0 - CUDA_VISIBLE_DEVICES: [0]
[I 2023-12-16 01:33:58,392] Trial 26 finished with value: 0.1212259903550148 and parameters: {'gradient_clip_val': 0.22655019182086247, 'hidden_size': 84, 'dropout': 0.103396354015766, 'hidden_continuous_size': 51, 'attention_head_size': 2, 'learning_rate': 0.04350588647486484}. Best is trial 14 with value: 0.08640023320913315.
LOCAL_RANK: 0 - CUDA_VISIBLE_DEVICES: [0]
[I 2023-12-16 01:34:50,044] Trial 27 finished with value: 0.35181376338005066 and parameters: {'gradient_clip_val': 0.21884979735798166, 'hidden_size': 44, 'dropout': 0.12722318872663754, 'hidden_continuous_size': 15, 'attention_head_size': 2, 'learning_rate': 0.04292830811260257}. Best is trial 14 with value: 0.08640023320913315.
LOCAL_RANK: 0 - CUDA_VISIBLE_DEVICES: [0]
[I 2023-12-16 01:35:45,496] Trial 28 finished with value: 0.2588491439819336 and parameters: {'gradient_clip_val': 0.17368684480344165, 'hidden_size': 79, 'dropout': 0.17280678797744786, 'hidden_continuous_size': 53, 'attention_head_size': 2, 'learning_rate': 0.02212445960149198}. Best is trial 14 with value: 0.08640023320913315.
LOCAL_RANK: 0 - CUDA_VISIBLE_DEVICES: [0]
[I 2023-12-16 01:36:38,439] Trial 29 finished with value: 0.06820690631866455 and parameters: {'gradient_clip_val': 0.23111674379778901, 'hidden_size': 38, 'dropout': 0.14626291822948068, 'hidden_continuous_size': 23, 'attention_head_size': 4, 'learning_rate': 0.03949940336337713}. Best is trial 29 with value: 0.06820690631866455.
LOCAL_RANK: 0 - CUDA_VISIBLE_DEVICES: [0]
