[I 2023-12-26 14:10:48,556] Trial 38 finished with value: 230.8163604736328 and parameters: {'gradient_clip_val': 0.26497730479794823, 'hidden_size': 69, 'dropout': 0.4161620248717876, 'hidden_continuous_size': 51, 'attention_head_size': 1, 'learning_rate': 0.048203929391755856}. Best is trial 14 with value: 124.2484359741211.
[I 2023-12-26 14:10:57,051] Trial 39 finished with value: 204.89013671875 and parameters: {'gradient_clip_val': 0.3031014335471135, 'hidden_size': 97, 'dropout': 0.4538126238978808, 'hidden_continuous_size': 64, 'attention_head_size': 3, 'learning_rate': 0.03245824337338203}. Best is trial 14 with value: 124.2484359741211.
[I 2023-12-26 14:11:00,308] Trial 40 finished with value: 175.7910919189453 and parameters: {'gradient_clip_val': 0.19499054531604204, 'hidden_size': 32, 'dropout': 0.4963310370694833, 'hidden_continuous_size': 15, 'attention_head_size': 4, 'learning_rate': 0.07171813957083242}. Best is trial 14 with value: 124.2484359741211.
[I 2023-12-26 14:11:14,223] Trial 41 finished with value: 135.0734405517578 and parameters: {'gradient_clip_val': 0.2366336806241259, 'hidden_size': 150, 'dropout': 0.44347386666099636, 'hidden_continuous_size': 137, 'attention_head_size': 2, 'learning_rate': 0.09492722899687474}. Best is trial 14 with value: 124.2484359741211.
[I 2023-12-26 14:11:26,147] Trial 42 finished with value: 209.1409912109375 and parameters: {'gradient_clip_val': 0.24452677757218802, 'hidden_size': 136, 'dropout': 0.479581994100451, 'hidden_continuous_size': 113, 'attention_head_size': 2, 'learning_rate': 0.05370775705438285}. Best is trial 14 with value: 124.2484359741211.
[I 2023-12-26 14:11:37,396] Trial 43 finished with value: 159.59214782714844 and parameters: {'gradient_clip_val': 0.23436953106334674, 'hidden_size': 125, 'dropout': 0.43706559685351404, 'hidden_continuous_size': 93, 'attention_head_size': 2, 'learning_rate': 0.07608676240582926}. Best is trial 14 with value: 124.2484359741211.
[I 2023-12-26 14:11:50,896] Trial 44 finished with value: 149.87460327148438 and parameters: {'gradient_clip_val': 0.1513665712231386, 'hidden_size': 149, 'dropout': 0.38190165071762927, 'hidden_continuous_size': 125, 'attention_head_size': 2, 'learning_rate': 0.09559847812934445}. Best is trial 14 with value: 124.2484359741211.
[I 2023-12-26 14:12:00,112] Trial 45 finished with value: 262.3759460449219 and parameters: {'gradient_clip_val': 0.31427354524744605, 'hidden_size': 103, 'dropout': 0.41322618060560107, 'hidden_continuous_size': 83, 'attention_head_size': 2, 'learning_rate': 0.04430530593886413}. Best is trial 14 with value: 124.2484359741211.
[I 2023-12-26 14:12:09,731] Trial 46 finished with value: 144.2704315185547 and parameters: {'gradient_clip_val': 0.26189415311196934, 'hidden_size': 112, 'dropout': 0.45995187645234525, 'hidden_continuous_size': 73, 'attention_head_size': 3, 'learning_rate': 0.05938410841201878}. Best is trial 14 with value: 124.2484359741211.
[I 2023-12-26 14:12:19,339] Trial 47 finished with value: 277.4294738769531 and parameters: {'gradient_clip_val': 0.2601288944539329, 'hidden_size': 108, 'dropout': 0.46087773891324213, 'hidden_continuous_size': 73, 'attention_head_size': 3, 'learning_rate': 0.05930170657504271}. Best is trial 14 with value: 124.2484359741211.
[I 2023-12-26 14:12:26,410] Trial 48 finished with value: 159.83502197265625 and parameters: {'gradient_clip_val': 0.20230060712068915, 'hidden_size': 80, 'dropout': 0.4846616874573904, 'hidden_continuous_size': 67, 'attention_head_size': 3, 'learning_rate': 0.08140448932737893}. Best is trial 14 with value: 124.2484359741211.
[I 2023-12-26 14:12:33,254] Trial 49 finished with value: 180.4204864501953 and parameters: {'gradient_clip_val': 0.22911011549131413, 'hidden_size': 66, 'dropout': 0.4522390740632335, 'hidden_continuous_size': 55, 'attention_head_size': 3, 'learning_rate': 0.09828288308109379}. Best is trial 14 with value: 124.2484359741211.
[I 2023-12-26 14:12:33,419] A new study created in memory with name: no-name-53f4c46a-fc82-4a17-96ee-db724539af66
/home/le004/conda/anaconda3/envs/tsff_env/lib/python3.9/site-packages/lightning/fabric/plugins/environments/slurm.py:191: The `srun` command is available on your system but is not used. HINT: If your intention is to run Lightning on SLURM, prepend your python command with `srun` like so: srun python /home/le004/master_thesis/git/TSFusionForecast/code/ ...
[I 2023-12-26 14:19:18,295] Trial 0 finished with value: 39.08517837524414 and parameters: {'gradient_clip_val': 0.14641832948101188, 'hidden_size': 85, 'dropout': 0.27858067657355284, 'hidden_continuous_size': 9, 'attention_head_size': 2, 'learning_rate': 0.0729056547723788}. Best is trial 0 with value: 39.08517837524414.
[I 2023-12-26 14:19:20,924] Trial 1 finished with value: 92.46099853515625 and parameters: {'gradient_clip_val': 0.4668999316245696, 'hidden_size': 19, 'dropout': 0.11883211661913409, 'hidden_continuous_size': 7, 'attention_head_size': 2, 'learning_rate': 0.05755191854656913}. Best is trial 0 with value: 39.08517837524414.
[I 2023-12-26 14:19:28,431] Trial 2 finished with value: 82.5011978149414 and parameters: {'gradient_clip_val': 0.14311044338297135, 'hidden_size': 101, 'dropout': 0.43296532843429125, 'hidden_continuous_size': 32, 'attention_head_size': 2, 'learning_rate': 0.0011633519003922724}. Best is trial 0 with value: 39.08517837524414.
[I 2023-12-26 14:19:30,773] Trial 3 finished with value: 90.7118148803711 and parameters: {'gradient_clip_val': 0.1938546677246808, 'hidden_size': 23, 'dropout': 0.18222986331599036, 'hidden_continuous_size': 5, 'attention_head_size': 3, 'learning_rate': 0.06312842455782573}. Best is trial 0 with value: 39.08517837524414.
[I 2023-12-26 14:19:34,488] Trial 4 finished with value: 101.37775421142578 and parameters: {'gradient_clip_val': 0.29967600583966647, 'hidden_size': 40, 'dropout': 0.36003950790709816, 'hidden_continuous_size': 18, 'attention_head_size': 2, 'learning_rate': 0.07494312878523367}. Best is trial 0 with value: 39.08517837524414.
[I 2023-12-26 14:19:39,413] Trial 5 finished with value: 84.97066497802734 and parameters: {'gradient_clip_val': 0.17728106743389466, 'hidden_size': 56, 'dropout': 0.28831197825633115, 'hidden_continuous_size': 10, 'attention_head_size': 2, 'learning_rate': 0.020065985442634642}. Best is trial 0 with value: 39.08517837524414.
[I 2023-12-26 14:19:41,524] Trial 6 finished with value: 90.01934051513672 and parameters: {'gradient_clip_val': 0.2759072905528027, 'hidden_size': 5, 'dropout': 0.34838108972869525, 'hidden_continuous_size': 5, 'attention_head_size': 2, 'learning_rate': 0.003733400138292335}. Best is trial 0 with value: 39.08517837524414.
[I 2023-12-26 14:19:44,601] Trial 7 finished with value: 98.36267852783203 and parameters: {'gradient_clip_val': 0.7424181804567003, 'hidden_size': 33, 'dropout': 0.3026347062455702, 'hidden_continuous_size': 7, 'attention_head_size': 3, 'learning_rate': 0.0025811604148282294}. Best is trial 0 with value: 39.08517837524414.
[I 2023-12-26 14:19:46,725] Trial 8 finished with value: 69.1537857055664 and parameters: {'gradient_clip_val': 0.20196538667543654, 'hidden_size': 7, 'dropout': 0.18861577040572042, 'hidden_continuous_size': 7, 'attention_head_size': 3, 'learning_rate': 0.017460069304496357}. Best is trial 0 with value: 39.08517837524414.
[I 2023-12-26 14:19:52,859] Trial 9 finished with value: 100.4320068359375 and parameters: {'gradient_clip_val': 0.8143924721821464, 'hidden_size': 75, 'dropout': 0.3902465570716992, 'hidden_continuous_size': 9, 'attention_head_size': 3, 'learning_rate': 0.012363050404993697}. Best is trial 0 with value: 39.08517837524414.
[I 2023-12-26 14:20:04,281] Trial 10 finished with value: 87.9375 and parameters: {'gradient_clip_val': 0.1061974768412275, 'hidden_size': 138, 'dropout': 0.44470232566504664, 'hidden_continuous_size': 78, 'attention_head_size': 1, 'learning_rate': 0.0005753249037604626}. Best is trial 0 with value: 39.08517837524414.
[I 2023-12-26 14:20:06,662] Trial 11 finished with value: 93.90615844726562 and parameters: {'gradient_clip_val': 0.10274992041293754, 'hidden_size': 11, 'dropout': 0.22637717371792854, 'hidden_continuous_size': 6, 'attention_head_size': 4, 'learning_rate': 0.02408392748485806}. Best is trial 0 with value: 39.08517837524414.
[I 2023-12-26 14:20:08,674] Trial 12 finished with value: 67.10137176513672 and parameters: {'gradient_clip_val': 0.21897890839701417, 'hidden_size': 5, 'dropout': 0.22468445794151204, 'hidden_continuous_size': 5, 'attention_head_size': 4, 'learning_rate': 0.03163509554573254}. Best is trial 0 with value: 39.08517837524414.
[I 2023-12-26 14:20:11,102] Trial 13 finished with value: 68.3221206665039 and parameters: {'gradient_clip_val': 0.2564390812467608, 'hidden_size': 16, 'dropout': 0.4890696612826237, 'hidden_continuous_size': 6, 'attention_head_size': 4, 'learning_rate': 0.09526304339976445}. Best is trial 0 with value: 39.08517837524414.
[I 2023-12-26 14:20:15,132] Trial 14 finished with value: 93.99801635742188 and parameters: {'gradient_clip_val': 0.38282892518852957, 'hidden_size': 46, 'dropout': 0.26451281625875206, 'hidden_continuous_size': 10, 'attention_head_size': 1, 'learning_rate': 0.035954146868280974}. Best is trial 0 with value: 39.08517837524414.
[I 2023-12-26 14:20:17,587] Trial 15 finished with value: 79.64686584472656 and parameters: {'gradient_clip_val': 0.1421747993598452, 'hidden_size': 11, 'dropout': 0.2449766556986247, 'hidden_continuous_size': 5, 'attention_head_size': 4, 'learning_rate': 0.03335201822774318}. Best is trial 0 with value: 39.08517837524414.
[I 2023-12-26 14:20:20,647] Trial 16 finished with value: 110.64568328857422 and parameters: {'gradient_clip_val': 0.22536885534129647, 'hidden_size': 30, 'dropout': 0.31819546383242736, 'hidden_continuous_size': 8, 'attention_head_size': 1, 'learning_rate': 0.009260144754576986}. Best is trial 0 with value: 39.08517837524414.
[I 2023-12-26 14:20:26,160] Trial 17 finished with value: 72.65056610107422 and parameters: {'gradient_clip_val': 0.16395294224995888, 'hidden_size': 75, 'dropout': 0.22230490823862264, 'hidden_continuous_size': 13, 'attention_head_size': 4, 'learning_rate': 0.04088809755485553}. Best is trial 0 with value: 39.08517837524414.
[I 2023-12-26 14:20:28,241] Trial 18 finished with value: 108.91434478759766 and parameters: {'gradient_clip_val': 0.13462200685725312, 'hidden_size': 5, 'dropout': 0.282037949388555, 'hidden_continuous_size': 5, 'attention_head_size': 3, 'learning_rate': 0.090836990066329}. Best is trial 0 with value: 39.08517837524414.
[I 2023-12-26 14:20:31,186] Trial 19 finished with value: 101.85681915283203 and parameters: {'gradient_clip_val': 0.24103038951101133, 'hidden_size': 27, 'dropout': 0.11299080060345276, 'hidden_continuous_size': 6, 'attention_head_size': 1, 'learning_rate': 0.0434301599657406}. Best is trial 0 with value: 39.08517837524414.
[I 2023-12-26 14:20:42,673] Trial 20 finished with value: 101.71236419677734 and parameters: {'gradient_clip_val': 0.20887154911865252, 'hidden_size': 145, 'dropout': 0.17465486040937922, 'hidden_continuous_size': 14, 'attention_head_size': 4, 'learning_rate': 0.006995808397034218}. Best is trial 0 with value: 39.08517837524414.
[I 2023-12-26 14:20:45,140] Trial 21 finished with value: 81.05413818359375 and parameters: {'gradient_clip_val': 0.24655782880373314, 'hidden_size': 16, 'dropout': 0.4969436872062251, 'hidden_continuous_size': 6, 'attention_head_size': 4, 'learning_rate': 0.09351393350094955}. Best is trial 0 with value: 39.08517837524414.
[I 2023-12-26 14:20:47,681] Trial 22 finished with value: 93.64075469970703 and parameters: {'gradient_clip_val': 0.33103276187150055, 'hidden_size': 14, 'dropout': 0.341702779918713, 'hidden_continuous_size': 5, 'attention_head_size': 4, 'learning_rate': 0.05701362978107439}. Best is trial 0 with value: 39.08517837524414.
[I 2023-12-26 14:20:50,310] Trial 23 finished with value: 89.83969116210938 and parameters: {'gradient_clip_val': 0.16779504889495533, 'hidden_size': 20, 'dropout': 0.2617381817116054, 'hidden_continuous_size': 6, 'attention_head_size': 3, 'learning_rate': 0.09551652094439858}. Best is trial 0 with value: 39.08517837524414.
[I 2023-12-26 14:20:52,620] Trial 24 finished with value: 72.23719024658203 and parameters: {'gradient_clip_val': 0.24640644622601615, 'hidden_size': 7, 'dropout': 0.31673970466392043, 'hidden_continuous_size': 5, 'attention_head_size': 4, 'learning_rate': 0.031175932303453932}. Best is trial 0 with value: 39.08517837524414.
[I 2023-12-26 14:20:55,641] Trial 25 finished with value: 87.44110107421875 and parameters: {'gradient_clip_val': 0.35408087146044176, 'hidden_size': 27, 'dropout': 0.37781400850734737, 'hidden_continuous_size': 8, 'attention_head_size': 3, 'learning_rate': 0.052280142948327335}. Best is trial 0 with value: 39.08517837524414.
[I 2023-12-26 14:20:59,564] Trial 26 finished with value: 79.26556396484375 and parameters: {'gradient_clip_val': 0.27865592128661404, 'hidden_size': 38, 'dropout': 0.3135586751918051, 'hidden_continuous_size': 6, 'attention_head_size': 2, 'learning_rate': 0.02737481998215092}. Best is trial 0 with value: 39.08517837524414.
[I 2023-12-26 14:21:04,173] Trial 27 finished with value: 89.31403350830078 and parameters: {'gradient_clip_val': 0.19015717172630978, 'hidden_size': 54, 'dropout': 0.49228922325121305, 'hidden_continuous_size': 11, 'attention_head_size': 4, 'learning_rate': 0.056082919139294}. Best is trial 0 with value: 39.08517837524414.
[I 2023-12-26 14:21:06,593] Trial 28 finished with value: 93.68233489990234 and parameters: {'gradient_clip_val': 0.1543842923785662, 'hidden_size': 12, 'dropout': 0.410537792851544, 'hidden_continuous_size': 5, 'attention_head_size': 3, 'learning_rate': 0.09261203384900682}. Best is trial 0 with value: 39.08517837524414.
[I 2023-12-26 14:21:09,092] Trial 29 finished with value: 100.9688720703125 and parameters: {'gradient_clip_val': 0.4185739795330248, 'hidden_size': 17, 'dropout': 0.45920836501945883, 'hidden_continuous_size': 7, 'attention_head_size': 2, 'learning_rate': 0.05555266541007961}. Best is trial 0 with value: 39.08517837524414.
[I 2023-12-26 14:21:12,070] Trial 30 finished with value: 75.486572265625 and parameters: {'gradient_clip_val': 0.4734142460127726, 'hidden_size': 20, 'dropout': 0.1560488133300817, 'hidden_continuous_size': 8, 'attention_head_size': 4, 'learning_rate': 0.04261527156648657}. Best is trial 0 with value: 39.08517837524414.
[I 2023-12-26 14:21:14,503] Trial 31 finished with value: 90.4734878540039 and parameters: {'gradient_clip_val': 0.21723432334207604, 'hidden_size': 9, 'dropout': 0.2050808982819603, 'hidden_continuous_size': 6, 'attention_head_size': 3, 'learning_rate': 0.019974056942084675}. Best is trial 0 with value: 39.08517837524414.
[I 2023-12-26 14:21:16,905] Trial 32 finished with value: 85.2612075805664 and parameters: {'gradient_clip_val': 0.2002145137470993, 'hidden_size': 7, 'dropout': 0.24625953608327505, 'hidden_continuous_size': 5, 'attention_head_size': 4, 'learning_rate': 0.06751139781806166}. Best is trial 0 with value: 39.08517837524414.
[I 2023-12-26 14:21:19,036] Trial 33 finished with value: 92.31627655029297 and parameters: {'gradient_clip_val': 0.13039168746320032, 'hidden_size': 7, 'dropout': 0.14175904503661169, 'hidden_continuous_size': 6, 'attention_head_size': 3, 'learning_rate': 0.015599857751216506}. Best is trial 0 with value: 39.08517837524414.
[I 2023-12-26 14:21:21,667] Trial 34 finished with value: 72.41299438476562 and parameters: {'gradient_clip_val': 0.18688451894855496, 'hidden_size': 23, 'dropout': 0.1904788956819965, 'hidden_continuous_size': 7, 'attention_head_size': 2, 'learning_rate': 0.026956469321974538}. Best is trial 0 with value: 39.08517837524414.
[I 2023-12-26 14:21:24,026] Trial 35 finished with value: 103.14073944091797 and parameters: {'gradient_clip_val': 0.15805022369217456, 'hidden_size': 9, 'dropout': 0.20739112520241798, 'hidden_continuous_size': 6, 'attention_head_size': 2, 'learning_rate': 0.06568839386833172}. Best is trial 0 with value: 39.08517837524414.
[I 2023-12-26 14:21:26,157] Trial 36 finished with value: 92.87979888916016 and parameters: {'gradient_clip_val': 0.18419086942806112, 'hidden_size': 5, 'dropout': 0.1367410865783542, 'hidden_continuous_size': 5, 'attention_head_size': 3, 'learning_rate': 0.03980686434992518}. Best is trial 0 with value: 39.08517837524414.
[I 2023-12-26 14:21:28,404] Trial 37 finished with value: 85.42945098876953 and parameters: {'gradient_clip_val': 0.292062285487714, 'hidden_size': 6, 'dropout': 0.2784271666879031, 'hidden_continuous_size': 5, 'attention_head_size': 2, 'learning_rate': 0.0701801431816317}. Best is trial 0 with value: 39.08517837524414.
[I 2023-12-26 14:21:30,767] Trial 38 finished with value: 90.78075408935547 and parameters: {'gradient_clip_val': 0.26158986710018234, 'hidden_size': 9, 'dropout': 0.16875919860278998, 'hidden_continuous_size': 7, 'attention_head_size': 4, 'learning_rate': 0.017721736797342246}. Best is trial 0 with value: 39.08517837524414.
[I 2023-12-26 14:21:33,330] Trial 39 finished with value: 99.3590087890625 and parameters: {'gradient_clip_val': 0.22449653169704595, 'hidden_size': 15, 'dropout': 0.19327884578702847, 'hidden_continuous_size': 7, 'attention_head_size': 3, 'learning_rate': 0.02604528662484583}. Best is trial 0 with value: 39.08517837524414.
[I 2023-12-26 14:21:35,426] Trial 40 finished with value: 88.13003540039062 and parameters: {'gradient_clip_val': 0.11920517376123667, 'hidden_size': 6, 'dropout': 0.10143487636290224, 'hidden_continuous_size': 5, 'attention_head_size': 2, 'learning_rate': 0.013700360637825855}. Best is trial 0 with value: 39.08517837524414.
[I 2023-12-26 14:21:37,764] Trial 41 finished with value: 75.8211898803711 and parameters: {'gradient_clip_val': 0.2500717205086338, 'hidden_size': 7, 'dropout': 0.3373227232748999, 'hidden_continuous_size': 5, 'attention_head_size': 4, 'learning_rate': 0.030762752534186102}. Best is trial 0 with value: 39.08517837524414.
[I 2023-12-26 14:21:39,682] Trial 42 finished with value: 80.67888641357422 and parameters: {'gradient_clip_val': 0.2082611623803615, 'hidden_size': 8, 'dropout': 0.2974521915620064, 'hidden_continuous_size': 6, 'attention_head_size': 4, 'learning_rate': 0.020765125841867186}. Best is trial 0 with value: 39.08517837524414.
[I 2023-12-26 14:21:41,837] Trial 43 finished with value: 70.63134765625 and parameters: {'gradient_clip_val': 0.1731284852453793, 'hidden_size': 13, 'dropout': 0.36375721353964896, 'hidden_continuous_size': 9, 'attention_head_size': 4, 'learning_rate': 0.04600568911781326}. Best is trial 0 with value: 39.08517837524414.
[I 2023-12-26 14:21:43,984] Trial 44 finished with value: 83.0321273803711 and parameters: {'gradient_clip_val': 0.15195303133308435, 'hidden_size': 13, 'dropout': 0.40017259945307915, 'hidden_continuous_size': 9, 'attention_head_size': 4, 'learning_rate': 0.07628495630425945}. Best is trial 0 with value: 39.08517837524414.
[I 2023-12-26 14:21:46,056] Trial 45 finished with value: 86.97765350341797 and parameters: {'gradient_clip_val': 0.17035166017169098, 'hidden_size': 11, 'dropout': 0.3612757908642895, 'hidden_continuous_size': 8, 'attention_head_size': 4, 'learning_rate': 0.0480464694157177}. Best is trial 0 with value: 39.08517837524414.
[I 2023-12-26 14:21:48,219] Trial 46 finished with value: 74.69347381591797 and parameters: {'gradient_clip_val': 0.1820385358355545, 'hidden_size': 17, 'dropout': 0.42073843770316915, 'hidden_continuous_size': 9, 'attention_head_size': 4, 'learning_rate': 0.07446024822995709}. Best is trial 0 with value: 39.08517837524414.
[I 2023-12-26 14:21:55,682] Trial 47 finished with value: 90.7996826171875 and parameters: {'gradient_clip_val': 0.1444553197905094, 'hidden_size': 115, 'dropout': 0.37479035685022766, 'hidden_continuous_size': 11, 'attention_head_size': 3, 'learning_rate': 0.039471642619432236}. Best is trial 0 with value: 39.08517837524414.
[I 2023-12-26 14:21:57,978] Trial 48 finished with value: 91.322509765625 and parameters: {'gradient_clip_val': 0.17181333960287815, 'hidden_size': 23, 'dropout': 0.44215333384087, 'hidden_continuous_size': 10, 'attention_head_size': 1, 'learning_rate': 0.03467690067220844}. Best is trial 0 with value: 39.08517837524414.
[I 2023-12-26 14:22:00,148] Trial 49 finished with value: 74.5782241821289 and parameters: {'gradient_clip_val': 0.11925489566921806, 'hidden_size': 14, 'dropout': 0.23314770051160644, 'hidden_continuous_size': 9, 'attention_head_size': 4, 'learning_rate': 0.05629003477861522}. Best is trial 0 with value: 39.08517837524414.
[I 2023-12-26 14:22:00,282] A new study created in memory with name: no-name-e03673b9-6a56-4b1b-8ba0-83b987931803
/home/le004/conda/anaconda3/envs/tsff_env/lib/python3.9/site-packages/lightning/fabric/plugins/environments/slurm.py:191: The `srun` command is available on your system but is not used. HINT: If your intention is to run Lightning on SLURM, prepend your python command with `srun` like so: srun python /home/le004/master_thesis/git/TSFusionForecast/code/ ...
[I 2023-12-26 14:30:41,741] Trial 0 finished with value: 61.739688873291016 and parameters: {'gradient_clip_val': 0.887123791262186, 'hidden_size': 132, 'dropout': 0.4614399515174208, 'hidden_continuous_size': 120, 'attention_head_size': 1, 'learning_rate': 0.003411441089711652}. Best is trial 0 with value: 61.739688873291016.
[I 2023-12-26 14:30:43,710] Trial 1 finished with value: 81.58113098144531 and parameters: {'gradient_clip_val': 0.4191979597858716, 'hidden_size': 11, 'dropout': 0.2145113358028139, 'hidden_continuous_size': 7, 'attention_head_size': 3, 'learning_rate': 0.006497492192474908}. Best is trial 0 with value: 61.739688873291016.
