[I 2023-12-15 16:50:42,395] Trial 11 finished with value: 1553.7138671875 and parameters: {'gradient_clip_val': 0.3010522085921633, 'hidden_size': 98, 'dropout': 0.2707640501342318, 'hidden_continuous_size': 82, 'attention_head_size': 3, 'learning_rate': 0.0214214989997967}. Best is trial 4 with value: 610.878662109375.
LOCAL_RANK: 0 - CUDA_VISIBLE_DEVICES: [0]
[I 2023-12-15 16:51:39,447] Trial 12 finished with value: 7179.54052734375 and parameters: {'gradient_clip_val': 0.2127830027948802, 'hidden_size': 91, 'dropout': 0.20404614128030651, 'hidden_continuous_size': 60, 'attention_head_size': 3, 'learning_rate': 0.07903808003936102}. Best is trial 4 with value: 610.878662109375.
LOCAL_RANK: 0 - CUDA_VISIBLE_DEVICES: [0]
[I 2023-12-15 16:52:33,369] Trial 13 finished with value: 1366.77783203125 and parameters: {'gradient_clip_val': 0.3804125024943814, 'hidden_size': 51, 'dropout': 0.29442622929780826, 'hidden_continuous_size': 34, 'attention_head_size': 3, 'learning_rate': 0.013777311472472062}. Best is trial 4 with value: 610.878662109375.
LOCAL_RANK: 0 - CUDA_VISIBLE_DEVICES: [0]
[I 2023-12-15 16:53:27,193] Trial 14 finished with value: 3258.447265625 and parameters: {'gradient_clip_val': 0.1527813771086671, 'hidden_size': 62, 'dropout': 0.22617729499222572, 'hidden_continuous_size': 44, 'attention_head_size': 1, 'learning_rate': 0.013166751474274778}. Best is trial 4 with value: 610.878662109375.
LOCAL_RANK: 0 - CUDA_VISIBLE_DEVICES: [0]
[I 2023-12-15 16:54:05,338] Trial 15 finished with value: 5016.919921875 and parameters: {'gradient_clip_val': 0.3210982752271003, 'hidden_size': 90, 'dropout': 0.2772913262716248, 'hidden_continuous_size': 90, 'attention_head_size': 3, 'learning_rate': 0.03962009565827397}. Best is trial 4 with value: 610.878662109375.
LOCAL_RANK: 0 - CUDA_VISIBLE_DEVICES: [0]
[I 2023-12-15 16:54:57,534] Trial 16 finished with value: 2324.7734375 and parameters: {'gradient_clip_val': 0.255979381740538, 'hidden_size': 34, 'dropout': 0.17489524911307558, 'hidden_continuous_size': 21, 'attention_head_size': 2, 'learning_rate': 0.01269846309883297}. Best is trial 4 with value: 610.878662109375.
LOCAL_RANK: 0 - CUDA_VISIBLE_DEVICES: [0]
[I 2023-12-15 16:55:51,013] Trial 17 finished with value: 3911.956787109375 and parameters: {'gradient_clip_val': 0.3688123566330631, 'hidden_size': 52, 'dropout': 0.24239559747495057, 'hidden_continuous_size': 32, 'attention_head_size': 3, 'learning_rate': 0.0035262895420205393}. Best is trial 4 with value: 610.878662109375.
LOCAL_RANK: 0 - CUDA_VISIBLE_DEVICES: [0]
[I 2023-12-15 16:56:47,966] Trial 18 finished with value: 2681.123291015625 and parameters: {'gradient_clip_val': 0.1478913287673475, 'hidden_size': 98, 'dropout': 0.2816802891098414, 'hidden_continuous_size': 63, 'attention_head_size': 2, 'learning_rate': 0.09932148754599922}. Best is trial 4 with value: 610.878662109375.
LOCAL_RANK: 0 - CUDA_VISIBLE_DEVICES: [0]
[I 2023-12-15 16:57:43,775] Trial 19 finished with value: 5038.47119140625 and parameters: {'gradient_clip_val': 0.2394081985054094, 'hidden_size': 71, 'dropout': 0.31272513823232584, 'hidden_continuous_size': 48, 'attention_head_size': 4, 'learning_rate': 0.008016424574155488}. Best is trial 4 with value: 610.878662109375.
LOCAL_RANK: 0 - CUDA_VISIBLE_DEVICES: [0]
[I 2023-12-15 16:58:33,816] Trial 20 finished with value: 2073.001708984375 and parameters: {'gradient_clip_val': 0.17349671788835896, 'hidden_size': 29, 'dropout': 0.25747866709726425, 'hidden_continuous_size': 17, 'attention_head_size': 3, 'learning_rate': 0.0016085994209944724}. Best is trial 4 with value: 610.878662109375.
LOCAL_RANK: 0 - CUDA_VISIBLE_DEVICES: [0]
[I 2023-12-15 16:59:27,005] Trial 21 finished with value: 1456.4378662109375 and parameters: {'gradient_clip_val': 0.3640344773157055, 'hidden_size': 52, 'dropout': 0.29336844329316675, 'hidden_continuous_size': 35, 'attention_head_size': 3, 'learning_rate': 0.015849998281557233}. Best is trial 4 with value: 610.878662109375.
LOCAL_RANK: 0 - CUDA_VISIBLE_DEVICES: [0]
[I 2023-12-15 17:00:22,312] Trial 22 finished with value: 1725.0467529296875 and parameters: {'gradient_clip_val': 0.35271991759486354, 'hidden_size': 67, 'dropout': 0.3037486532407412, 'hidden_continuous_size': 40, 'attention_head_size': 3, 'learning_rate': 0.011181186536277248}. Best is trial 4 with value: 610.878662109375.
LOCAL_RANK: 0 - CUDA_VISIBLE_DEVICES: [0]
[I 2023-12-15 17:01:15,544] Trial 23 finished with value: 4286.87060546875 and parameters: {'gradient_clip_val': 0.26550155938731385, 'hidden_size': 42, 'dropout': 0.3432185112202652, 'hidden_continuous_size': 29, 'attention_head_size': 3, 'learning_rate': 0.021328628002845296}. Best is trial 4 with value: 610.878662109375.
LOCAL_RANK: 0 - CUDA_VISIBLE_DEVICES: [0]
[I 2023-12-15 17:02:10,841] Trial 24 finished with value: 660.7938842773438 and parameters: {'gradient_clip_val': 0.4147851860065629, 'hidden_size': 73, 'dropout': 0.28568225870450425, 'hidden_continuous_size': 54, 'attention_head_size': 2, 'learning_rate': 0.0034880058758563802}. Best is trial 4 with value: 610.878662109375.
LOCAL_RANK: 0 - CUDA_VISIBLE_DEVICES: [0]
[I 2023-12-15 17:03:06,295] Trial 25 finished with value: 3755.048095703125 and parameters: {'gradient_clip_val': 0.4298046254313886, 'hidden_size': 81, 'dropout': 0.2711331649891766, 'hidden_continuous_size': 62, 'attention_head_size': 1, 'learning_rate': 0.00440699107185085}. Best is trial 4 with value: 610.878662109375.
LOCAL_RANK: 0 - CUDA_VISIBLE_DEVICES: [0]
[I 2023-12-15 17:04:04,317] Trial 26 finished with value: 2795.920654296875 and parameters: {'gradient_clip_val': 0.30358583431186964, 'hidden_size': 100, 'dropout': 0.22680264832723906, 'hidden_continuous_size': 98, 'attention_head_size': 2, 'learning_rate': 0.003338947756314049}. Best is trial 4 with value: 610.878662109375.
LOCAL_RANK: 0 - CUDA_VISIBLE_DEVICES: [0]
[I 2023-12-15 17:04:58,549] Trial 27 finished with value: 4221.671875 and parameters: {'gradient_clip_val': 0.25412476405387635, 'hidden_size': 61, 'dropout': 0.2613331150704154, 'hidden_continuous_size': 48, 'attention_head_size': 2, 'learning_rate': 0.007376572005336285}. Best is trial 4 with value: 610.878662109375.
LOCAL_RANK: 0 - CUDA_VISIBLE_DEVICES: [0]
[I 2023-12-15 17:05:54,165] Trial 28 finished with value: 1934.0146484375 and parameters: {'gradient_clip_val': 0.4393139685525054, 'hidden_size': 74, 'dropout': 0.28442886970195747, 'hidden_continuous_size': 55, 'attention_head_size': 2, 'learning_rate': 0.0028242681282995372}. Best is trial 4 with value: 610.878662109375.
LOCAL_RANK: 0 - CUDA_VISIBLE_DEVICES: [0]
[I 2023-12-15 17:06:29,293] Trial 29 finished with value: 3094.075439453125 and parameters: {'gradient_clip_val': 0.29319136208702984, 'hidden_size': 5, 'dropout': 0.39266271886426063, 'hidden_continuous_size': 5, 'attention_head_size': 4, 'learning_rate': 0.002543056194569281}. Best is trial 4 with value: 610.878662109375.
LOCAL_RANK: 0 - CUDA_VISIBLE_DEVICES: [0]
[I 2023-12-15 17:07:15,009] Trial 30 finished with value: 872.0559692382812 and parameters: {'gradient_clip_val': 0.22621918467921523, 'hidden_size': 14, 'dropout': 0.3619165439626685, 'hidden_continuous_size': 11, 'attention_head_size': 1, 'learning_rate': 0.004772904852213872}. Best is trial 4 with value: 610.878662109375.
LOCAL_RANK: 0 - CUDA_VISIBLE_DEVICES: [0]
[I 2023-12-15 17:08:00,450] Trial 31 finished with value: 2623.723388671875 and parameters: {'gradient_clip_val': 0.22900191049849591, 'hidden_size': 13, 'dropout': 0.37158352850111953, 'hidden_continuous_size': 9, 'attention_head_size': 1, 'learning_rate': 0.004942917995491018}. Best is trial 4 with value: 610.878662109375.
LOCAL_RANK: 0 - CUDA_VISIBLE_DEVICES: [0]
[I 2023-12-15 17:08:45,489] Trial 32 finished with value: 2037.505859375 and parameters: {'gradient_clip_val': 0.27207231508095, 'hidden_size': 11, 'dropout': 0.32914230945885825, 'hidden_continuous_size': 6, 'attention_head_size': 1, 'learning_rate': 0.0035798913807706953}. Best is trial 4 with value: 610.878662109375.
LOCAL_RANK: 0 - CUDA_VISIBLE_DEVICES: [0]
[I 2023-12-15 17:09:32,975] Trial 33 finished with value: 6071.32470703125 and parameters: {'gradient_clip_val': 0.21098902340265074, 'hidden_size': 24, 'dropout': 0.3992836986165818, 'hidden_continuous_size': 17, 'attention_head_size': 1, 'learning_rate': 0.005617221162773367}. Best is trial 4 with value: 610.878662109375.
LOCAL_RANK: 0 - CUDA_VISIBLE_DEVICES: [0]
[I 2023-12-15 17:10:26,298] Trial 34 finished with value: 6936.2265625 and parameters: {'gradient_clip_val': 0.31985104989607405, 'hidden_size': 64, 'dropout': 0.370124774294042, 'hidden_continuous_size': 39, 'attention_head_size': 2, 'learning_rate': 0.0014246017957424493}. Best is trial 4 with value: 610.878662109375.
LOCAL_RANK: 0 - CUDA_VISIBLE_DEVICES: [0]
[I 2023-12-15 17:11:23,530] Trial 35 finished with value: 1169.5450439453125 and parameters: {'gradient_clip_val': 0.23619094078330313, 'hidden_size': 81, 'dropout': 0.30113819357488214, 'hidden_continuous_size': 72, 'attention_head_size': 3, 'learning_rate': 0.002506910581931785}. Best is trial 4 with value: 610.878662109375.
LOCAL_RANK: 0 - CUDA_VISIBLE_DEVICES: [0]
[I 2023-12-15 17:12:20,117] Trial 36 finished with value: 5004.12109375 and parameters: {'gradient_clip_val': 0.18351229684502962, 'hidden_size': 78, 'dropout': 0.2462579903631442, 'hidden_continuous_size': 68, 'attention_head_size': 2, 'learning_rate': 0.0008368866213370214}. Best is trial 4 with value: 610.878662109375.
LOCAL_RANK: 0 - CUDA_VISIBLE_DEVICES: [0]
[I 2023-12-15 17:13:13,832] Trial 37 finished with value: 8596.4404296875 and parameters: {'gradient_clip_val': 0.2756381500663788, 'hidden_size': 57, 'dropout': 0.3237945541347296, 'hidden_continuous_size': 49, 'attention_head_size': 1, 'learning_rate': 0.0043438096438910105}. Best is trial 4 with value: 610.878662109375.
LOCAL_RANK: 0 - CUDA_VISIBLE_DEVICES: [0]
[I 2023-12-15 17:14:06,928] Trial 38 finished with value: 4882.94677734375 and parameters: {'gradient_clip_val': 0.2260937279249147, 'hidden_size': 44, 'dropout': 0.33700769552163046, 'hidden_continuous_size': 37, 'attention_head_size': 2, 'learning_rate': 0.0020988985818679675}. Best is trial 4 with value: 610.878662109375.
LOCAL_RANK: 0 - CUDA_VISIBLE_DEVICES: [0]
[I 2023-12-15 17:15:02,822] Trial 39 finished with value: 3298.215087890625 and parameters: {'gradient_clip_val': 0.5410166307879558, 'hidden_size': 81, 'dropout': 0.3543585069227902, 'hidden_continuous_size': 53, 'attention_head_size': 3, 'learning_rate': 0.00957922326404996}. Best is trial 4 with value: 610.878662109375.
LOCAL_RANK: 0 - CUDA_VISIBLE_DEVICES: [0]
[I 2023-12-15 17:15:56,440] Trial 40 finished with value: 4349.39013671875 and parameters: {'gradient_clip_val': 0.19094312844318187, 'hidden_size': 38, 'dropout': 0.30389814673228926, 'hidden_continuous_size': 33, 'attention_head_size': 4, 'learning_rate': 0.006233267004444857}. Best is trial 4 with value: 610.878662109375.
LOCAL_RANK: 0 - CUDA_VISIBLE_DEVICES: [0]
[I 2023-12-15 17:16:53,722] Trial 41 finished with value: 573.7097778320312 and parameters: {'gradient_clip_val': 0.2386940547038338, 'hidden_size': 83, 'dropout': 0.3108598373560738, 'hidden_continuous_size': 72, 'attention_head_size': 3, 'learning_rate': 0.0023104052793466107}. Best is trial 41 with value: 573.7097778320312.
LOCAL_RANK: 0 - CUDA_VISIBLE_DEVICES: [0]
[I 2023-12-15 17:17:49,122] Trial 42 finished with value: 1124.623046875 and parameters: {'gradient_clip_val': 0.2568684156455601, 'hidden_size': 67, 'dropout': 0.3122805303208379, 'hidden_continuous_size': 55, 'attention_head_size': 3, 'learning_rate': 0.002125247780668159}. Best is trial 41 with value: 573.7097778320312.
LOCAL_RANK: 0 - CUDA_VISIBLE_DEVICES: [0]
[I 2023-12-15 17:18:47,088] Trial 43 finished with value: 2425.132568359375 and parameters: {'gradient_clip_val': 0.2084776478216198, 'hidden_size': 89, 'dropout': 0.2875839710626245, 'hidden_continuous_size': 77, 'attention_head_size': 3, 'learning_rate': 0.003613707639366652}. Best is trial 41 with value: 573.7097778320312.
LOCAL_RANK: 0 - CUDA_VISIBLE_DEVICES: [0]
[I 2023-12-15 17:19:41,574] Trial 44 finished with value: 3081.377197265625 and parameters: {'gradient_clip_val': 0.3329552337704372, 'hidden_size': 57, 'dropout': 0.26772604803260147, 'hidden_continuous_size': 44, 'attention_head_size': 3, 'learning_rate': 0.005184367700744984}. Best is trial 41 with value: 573.7097778320312.
LOCAL_RANK: 0 - CUDA_VISIBLE_DEVICES: [0]
[I 2023-12-15 17:20:39,303] Trial 45 finished with value: 3777.444580078125 and parameters: {'gradient_clip_val': 0.2970350460718087, 'hidden_size': 83, 'dropout': 0.3211560306135375, 'hidden_continuous_size': 69, 'attention_head_size': 4, 'learning_rate': 0.0028082772075951764}. Best is trial 41 with value: 573.7097778320312.
LOCAL_RANK: 0 - CUDA_VISIBLE_DEVICES: [0]
[I 2023-12-15 17:21:36,919] Trial 46 finished with value: 2387.630859375 and parameters: {'gradient_clip_val': 0.38921218702014715, 'hidden_size': 100, 'dropout': 0.2780787435540017, 'hidden_continuous_size': 82, 'attention_head_size': 3, 'learning_rate': 0.006827904429075673}. Best is trial 41 with value: 573.7097778320312.
LOCAL_RANK: 0 - CUDA_VISIBLE_DEVICES: [0]
[I 2023-12-15 17:22:32,112] Trial 47 finished with value: 4161.56396484375 and parameters: {'gradient_clip_val': 0.29103191331655104, 'hidden_size': 72, 'dropout': 0.26035898909692146, 'hidden_continuous_size': 60, 'attention_head_size': 3, 'learning_rate': 0.00890565101823637}. Best is trial 41 with value: 573.7097778320312.
LOCAL_RANK: 0 - CUDA_VISIBLE_DEVICES: [0]
[I 2023-12-15 17:23:24,504] Trial 48 finished with value: 2949.748046875 and parameters: {'gradient_clip_val': 0.32780350552501214, 'hidden_size': 48, 'dropout': 0.2966553086326093, 'hidden_continuous_size': 42, 'attention_head_size': 2, 'learning_rate': 0.0017544412245348124}. Best is trial 41 with value: 573.7097778320312.
LOCAL_RANK: 0 - CUDA_VISIBLE_DEVICES: [0]
[I 2023-12-15 17:24:19,454] Trial 49 finished with value: 836.3517456054688 and parameters: {'gradient_clip_val': 0.6186925043249597, 'hidden_size': 74, 'dropout': 0.25040655792669186, 'hidden_continuous_size': 60, 'attention_head_size': 1, 'learning_rate': 0.0012902225910106022}. Best is trial 41 with value: 573.7097778320312.
[I 2023-12-15 17:24:19,545] A new study created in memory with name: no-name-0371a8e7-a77a-40f8-9136-68e72e82783f
/home/le004/conda/anaconda3/envs/tsff_env/lib/python3.9/site-packages/lightning/fabric/plugins/environments/slurm.py:191: The `srun` command is available on your system but is not used. HINT: If your intention is to run Lightning on SLURM, prepend your python command with `srun` like so: srun python /home/le004/master_thesis/git/TSFusionForecast/code/ ...
LOCAL_RANK: 0 - CUDA_VISIBLE_DEVICES: [0]
[I 2023-12-15 17:25:13,893] Trial 0 finished with value: 4010.490234375 and parameters: {'gradient_clip_val': 0.42154075466283114, 'hidden_size': 75, 'dropout': 0.147183623927605, 'hidden_continuous_size': 18, 'attention_head_size': 3, 'learning_rate': 0.0057664439505499794}. Best is trial 0 with value: 4010.490234375.
LOCAL_RANK: 0 - CUDA_VISIBLE_DEVICES: [0]
[I 2023-12-15 17:25:49,482] Trial 1 finished with value: 3343.328369140625 and parameters: {'gradient_clip_val': 0.16613602448732126, 'hidden_size': 6, 'dropout': 0.163159554832003, 'hidden_continuous_size': 6, 'attention_head_size': 4, 'learning_rate': 0.00687033921750701}. Best is trial 1 with value: 3343.328369140625.
LOCAL_RANK: 0 - CUDA_VISIBLE_DEVICES: [0]
[I 2023-12-15 17:26:34,917] Trial 2 finished with value: 5245.92236328125 and parameters: {'gradient_clip_val': 0.23862680711346518, 'hidden_size': 15, 'dropout': 0.3432913225427081, 'hidden_continuous_size': 5, 'attention_head_size': 2, 'learning_rate': 0.002283349542915888}. Best is trial 1 with value: 3343.328369140625.
LOCAL_RANK: 0 - CUDA_VISIBLE_DEVICES: [0]
[I 2023-12-15 17:27:22,405] Trial 3 finished with value: 2410.685302734375 and parameters: {'gradient_clip_val': 0.12445461199664745, 'hidden_size': 28, 'dropout': 0.279604940715998, 'hidden_continuous_size': 5, 'attention_head_size': 2, 'learning_rate': 0.010809944326147751}. Best is trial 3 with value: 2410.685302734375.
LOCAL_RANK: 0 - CUDA_VISIBLE_DEVICES: [0]
[I 2023-12-15 17:28:05,968] Trial 4 finished with value: 1826.6129150390625 and parameters: {'gradient_clip_val': 0.9695120431597477, 'hidden_size': 12, 'dropout': 0.2935531983760842, 'hidden_continuous_size': 5, 'attention_head_size': 1, 'learning_rate': 0.03888044212347675}. Best is trial 4 with value: 1826.6129150390625.
LOCAL_RANK: 0 - CUDA_VISIBLE_DEVICES: [0]
[I 2023-12-15 17:28:39,957] Trial 5 finished with value: 2190.251708984375 and parameters: {'gradient_clip_val': 0.4834341411805781, 'hidden_size': 5, 'dropout': 0.13887662607759993, 'hidden_continuous_size': 5, 'attention_head_size': 1, 'learning_rate': 0.0058476880660221185}. Best is trial 4 with value: 1826.6129150390625.
LOCAL_RANK: 0 - CUDA_VISIBLE_DEVICES: [0]
[I 2023-12-15 17:29:33,479] Trial 6 finished with value: 6385.39697265625 and parameters: {'gradient_clip_val': 0.8465942942839303, 'hidden_size': 79, 'dropout': 0.13103584142048352, 'hidden_continuous_size': 8, 'attention_head_size': 2, 'learning_rate': 0.0069604203288003725}. Best is trial 4 with value: 1826.6129150390625.
LOCAL_RANK: 0 - CUDA_VISIBLE_DEVICES: [0]
[I 2023-12-15 17:30:07,409] Trial 7 finished with value: 8533.7333984375 and parameters: {'gradient_clip_val': 0.2870678151790623, 'hidden_size': 5, 'dropout': 0.3345982887736404, 'hidden_continuous_size': 5, 'attention_head_size': 1, 'learning_rate': 0.06886793477831123}. Best is trial 4 with value: 1826.6129150390625.
LOCAL_RANK: 0 - CUDA_VISIBLE_DEVICES: [0]
[I 2023-12-15 17:30:53,122] Trial 8 finished with value: 5001.27490234375 and parameters: {'gradient_clip_val': 0.5733341930931958, 'hidden_size': 9, 'dropout': 0.32472417271532494, 'hidden_continuous_size': 6, 'attention_head_size': 3, 'learning_rate': 0.01743721580581972}. Best is trial 4 with value: 1826.6129150390625.
LOCAL_RANK: 0 - CUDA_VISIBLE_DEVICES: [0]
[I 2023-12-15 17:31:41,519] Trial 9 finished with value: 1473.8955078125 and parameters: {'gradient_clip_val': 0.6345776445671502, 'hidden_size': 21, 'dropout': 0.2139527953376681, 'hidden_continuous_size': 18, 'attention_head_size': 1, 'learning_rate': 0.0029518807791206426}. Best is trial 9 with value: 1473.8955078125.
LOCAL_RANK: 0 - CUDA_VISIBLE_DEVICES: [0]
[I 2023-12-15 17:32:33,399] Trial 10 finished with value: 5291.52197265625 and parameters: {'gradient_clip_val': 0.6808175862327205, 'hidden_size': 28, 'dropout': 0.21829967397736683, 'hidden_continuous_size': 26, 'attention_head_size': 4, 'learning_rate': 0.0005941698698912916}. Best is trial 9 with value: 1473.8955078125.
LOCAL_RANK: 0 - CUDA_VISIBLE_DEVICES: [0]
[I 2023-12-15 17:33:19,150] Trial 11 finished with value: 4637.03076171875 and parameters: {'gradient_clip_val': 0.8491358125327335, 'hidden_size': 15, 'dropout': 0.24028836280673785, 'hidden_continuous_size': 10, 'attention_head_size': 1, 'learning_rate': 0.07542342038576996}. Best is trial 9 with value: 1473.8955078125.
LOCAL_RANK: 0 - CUDA_VISIBLE_DEVICES: [0]
[I 2023-12-15 17:34:05,876] Trial 12 finished with value: 4348.72021484375 and parameters: {'gradient_clip_val': 0.917408858336237, 'hidden_size': 17, 'dropout': 0.39696212940503073, 'hidden_continuous_size': 10, 'attention_head_size': 1, 'learning_rate': 0.02852467332464645}. Best is trial 9 with value: 1473.8955078125.
LOCAL_RANK: 0 - CUDA_VISIBLE_DEVICES: [0]
[I 2023-12-15 17:34:51,191] Trial 13 finished with value: 4230.86279296875 and parameters: {'gradient_clip_val': 0.9920518663470856, 'hidden_size': 10, 'dropout': 0.2041245502496794, 'hidden_continuous_size': 6, 'attention_head_size': 1, 'learning_rate': 0.03289492467499409}. Best is trial 9 with value: 1473.8955078125.
LOCAL_RANK: 0 - CUDA_VISIBLE_DEVICES: [0]
[I 2023-12-15 17:35:40,190] Trial 14 finished with value: 6532.970703125 and parameters: {'gradient_clip_val': 0.6297715770735675, 'hidden_size': 26, 'dropout': 0.2727668581795547, 'hidden_continuous_size': 14, 'attention_head_size': 2, 'learning_rate': 0.0018482522839974886}. Best is trial 9 with value: 1473.8955078125.
LOCAL_RANK: 0 - CUDA_VISIBLE_DEVICES: [0]
[I 2023-12-15 17:36:31,500] Trial 15 finished with value: 5468.35400390625 and parameters: {'gradient_clip_val': 0.4007982715093446, 'hidden_size': 36, 'dropout': 0.19510024169732582, 'hidden_continuous_size': 34, 'attention_head_size': 1, 'learning_rate': 0.03989898690219369}. Best is trial 9 with value: 1473.8955078125.
LOCAL_RANK: 0 - CUDA_VISIBLE_DEVICES: [0]
[I 2023-12-15 17:37:17,580] Trial 16 finished with value: 3505.828369140625 and parameters: {'gradient_clip_val': 0.7161014408011668, 'hidden_size': 10, 'dropout': 0.10416035778195107, 'hidden_continuous_size': 7, 'attention_head_size': 3, 'learning_rate': 0.09639608316422606}. Best is trial 9 with value: 1473.8955078125.
LOCAL_RANK: 0 - CUDA_VISIBLE_DEVICES: [0]
[I 2023-12-15 17:38:10,237] Trial 17 finished with value: 3553.020263671875 and parameters: {'gradient_clip_val': 0.5502772217502767, 'hidden_size': 46, 'dropout': 0.25394350418050765, 'hidden_continuous_size': 16, 'attention_head_size': 2, 'learning_rate': 0.013184939722431717}. Best is trial 9 with value: 1473.8955078125.
LOCAL_RANK: 0 - CUDA_VISIBLE_DEVICES: [0]
[I 2023-12-15 17:38:57,277] Trial 18 finished with value: 2305.366455078125 and parameters: {'gradient_clip_val': 0.7470899934837465, 'hidden_size': 18, 'dropout': 0.17950647241651496, 'hidden_continuous_size': 9, 'attention_head_size': 1, 'learning_rate': 0.019630503925190758}. Best is trial 9 with value: 1473.8955078125.
LOCAL_RANK: 0 - CUDA_VISIBLE_DEVICES: [0]
