[I 2023-12-15 23:08:31,407] Trial 22 finished with value: 88.36051177978516 and parameters: {'gradient_clip_val': 0.30844266938742804, 'hidden_size': 6, 'dropout': 0.2836255089626115, 'hidden_continuous_size': 5, 'attention_head_size': 3, 'learning_rate': 0.003371620875888141}. Best is trial 9 with value: 79.01024627685547.
LOCAL_RANK: 0 - CUDA_VISIBLE_DEVICES: [0]
[I 2023-12-15 23:09:17,253] Trial 23 finished with value: 116.30428314208984 and parameters: {'gradient_clip_val': 0.20552580410847526, 'hidden_size': 7, 'dropout': 0.3354692206582734, 'hidden_continuous_size': 5, 'attention_head_size': 4, 'learning_rate': 0.008048419089759519}. Best is trial 9 with value: 79.01024627685547.
LOCAL_RANK: 0 - CUDA_VISIBLE_DEVICES: [0]
[I 2023-12-15 23:10:02,851] Trial 24 finished with value: 81.52157592773438 and parameters: {'gradient_clip_val': 0.15891411716845313, 'hidden_size': 10, 'dropout': 0.24680218269209356, 'hidden_continuous_size': 8, 'attention_head_size': 3, 'learning_rate': 0.017441332467072856}. Best is trial 9 with value: 79.01024627685547.
LOCAL_RANK: 0 - CUDA_VISIBLE_DEVICES: [0]
[I 2023-12-15 23:10:50,094] Trial 25 finished with value: 144.0704803466797 and parameters: {'gradient_clip_val': 0.15250381686038564, 'hidden_size': 19, 'dropout': 0.2376948688249548, 'hidden_continuous_size': 8, 'attention_head_size': 2, 'learning_rate': 0.020748954344444556}. Best is trial 9 with value: 79.01024627685547.
LOCAL_RANK: 0 - CUDA_VISIBLE_DEVICES: [0]
[I 2023-12-15 23:11:34,788] Trial 26 finished with value: 111.45569610595703 and parameters: {'gradient_clip_val': 0.14081821054917676, 'hidden_size': 12, 'dropout': 0.23968690499230982, 'hidden_continuous_size': 8, 'attention_head_size': 3, 'learning_rate': 0.02807411259534735}. Best is trial 9 with value: 79.01024627685547.
LOCAL_RANK: 0 - CUDA_VISIBLE_DEVICES: [0]
[I 2023-12-15 23:12:20,457] Trial 27 finished with value: 146.20526123046875 and parameters: {'gradient_clip_val': 0.1772097743827179, 'hidden_size': 10, 'dropout': 0.26302129853149153, 'hidden_continuous_size': 6, 'attention_head_size': 4, 'learning_rate': 0.05690114280046119}. Best is trial 9 with value: 79.01024627685547.
LOCAL_RANK: 0 - CUDA_VISIBLE_DEVICES: [0]
[I 2023-12-15 23:13:06,638] Trial 28 finished with value: 94.400390625 and parameters: {'gradient_clip_val': 0.21259604104839616, 'hidden_size': 15, 'dropout': 0.17549093483887762, 'hidden_continuous_size': 9, 'attention_head_size': 2, 'learning_rate': 0.015608855217893423}. Best is trial 9 with value: 79.01024627685547.
LOCAL_RANK: 0 - CUDA_VISIBLE_DEVICES: [0]
[I 2023-12-15 23:13:50,853] Trial 29 finished with value: 109.99507904052734 and parameters: {'gradient_clip_val': 0.2578877745879545, 'hidden_size': 8, 'dropout': 0.2266392448154848, 'hidden_continuous_size': 7, 'attention_head_size': 3, 'learning_rate': 0.009081460701016135}. Best is trial 9 with value: 79.01024627685547.
LOCAL_RANK: 0 - CUDA_VISIBLE_DEVICES: [0]
[I 2023-12-15 23:14:35,673] Trial 30 finished with value: 274.5555725097656 and parameters: {'gradient_clip_val': 0.15681598237604188, 'hidden_size': 6, 'dropout': 0.27792666243028163, 'hidden_continuous_size': 5, 'attention_head_size': 2, 'learning_rate': 0.012686448811064382}. Best is trial 9 with value: 79.01024627685547.
LOCAL_RANK: 0 - CUDA_VISIBLE_DEVICES: [0]
[I 2023-12-15 23:15:21,325] Trial 31 finished with value: 163.1781463623047 and parameters: {'gradient_clip_val': 0.22139053773629175, 'hidden_size': 10, 'dropout': 0.2977134918210075, 'hidden_continuous_size': 8, 'attention_head_size': 3, 'learning_rate': 0.005613361705189353}. Best is trial 9 with value: 79.01024627685547.
LOCAL_RANK: 0 - CUDA_VISIBLE_DEVICES: [0]
[I 2023-12-15 23:16:06,833] Trial 32 finished with value: 142.16726684570312 and parameters: {'gradient_clip_val': 0.28729667945149884, 'hidden_size': 9, 'dropout': 0.30736304164913786, 'hidden_continuous_size': 7, 'attention_head_size': 3, 'learning_rate': 0.0038230004396278814}. Best is trial 9 with value: 79.01024627685547.
LOCAL_RANK: 0 - CUDA_VISIBLE_DEVICES: [0]
[I 2023-12-15 23:16:51,458] Trial 33 finished with value: 146.3833770751953 and parameters: {'gradient_clip_val': 0.2358520813476922, 'hidden_size': 12, 'dropout': 0.20493617577305273, 'hidden_continuous_size': 8, 'attention_head_size': 3, 'learning_rate': 0.015144805006262856}. Best is trial 9 with value: 79.01024627685547.
LOCAL_RANK: 0 - CUDA_VISIBLE_DEVICES: [0]
[I 2023-12-15 23:17:40,636] Trial 34 finished with value: 108.46190643310547 and parameters: {'gradient_clip_val': 0.3379658047918541, 'hidden_size': 25, 'dropout': 0.2695177055873652, 'hidden_continuous_size': 11, 'attention_head_size': 3, 'learning_rate': 0.007570001810889463}. Best is trial 9 with value: 79.01024627685547.
LOCAL_RANK: 0 - CUDA_VISIBLE_DEVICES: [0]
[I 2023-12-15 23:18:25,533] Trial 35 finished with value: 103.92391204833984 and parameters: {'gradient_clip_val': 0.13068727876255307, 'hidden_size': 8, 'dropout': 0.24414396947303077, 'hidden_continuous_size': 7, 'attention_head_size': 4, 'learning_rate': 0.0020660537971286205}. Best is trial 9 with value: 79.01024627685547.
LOCAL_RANK: 0 - CUDA_VISIBLE_DEVICES: [0]
[I 2023-12-15 23:19:14,076] Trial 36 finished with value: 133.38397216796875 and parameters: {'gradient_clip_val': 0.18470843390206473, 'hidden_size': 32, 'dropout': 0.35496266448954267, 'hidden_continuous_size': 13, 'attention_head_size': 3, 'learning_rate': 0.012118589769894262}. Best is trial 9 with value: 79.01024627685547.
LOCAL_RANK: 0 - CUDA_VISIBLE_DEVICES: [0]
[I 2023-12-15 23:20:01,532] Trial 37 finished with value: 163.0680389404297 and parameters: {'gradient_clip_val': 0.2665296464919236, 'hidden_size': 22, 'dropout': 0.2930783909644449, 'hidden_continuous_size': 6, 'attention_head_size': 1, 'learning_rate': 0.03557819661448323}. Best is trial 9 with value: 79.01024627685547.
LOCAL_RANK: 0 - CUDA_VISIBLE_DEVICES: [0]
[I 2023-12-15 23:20:36,141] Trial 38 finished with value: 187.45208740234375 and parameters: {'gradient_clip_val': 0.10044241857811764, 'hidden_size': 5, 'dropout': 0.19573497918345278, 'hidden_continuous_size': 5, 'attention_head_size': 3, 'learning_rate': 0.0046359332747731114}. Best is trial 9 with value: 79.01024627685547.
LOCAL_RANK: 0 - CUDA_VISIBLE_DEVICES: [0]
[I 2023-12-15 23:21:21,923] Trial 39 finished with value: 116.02190399169922 and parameters: {'gradient_clip_val': 0.124986513108688, 'hidden_size': 14, 'dropout': 0.25130360339875357, 'hidden_continuous_size': 9, 'attention_head_size': 2, 'learning_rate': 0.07022429165684137}. Best is trial 9 with value: 79.01024627685547.
LOCAL_RANK: 0 - CUDA_VISIBLE_DEVICES: [0]
[I 2023-12-15 23:22:09,642] Trial 40 finished with value: 103.32559204101562 and parameters: {'gradient_clip_val': 0.2031781796357721, 'hidden_size': 18, 'dropout': 0.205068281156858, 'hidden_continuous_size': 8, 'attention_head_size': 4, 'learning_rate': 0.00803956478621531}. Best is trial 9 with value: 79.01024627685547.
LOCAL_RANK: 0 - CUDA_VISIBLE_DEVICES: [0]
[I 2023-12-15 23:22:53,455] Trial 41 finished with value: 106.67430877685547 and parameters: {'gradient_clip_val': 0.505407141249505, 'hidden_size': 12, 'dropout': 0.28566937729275715, 'hidden_continuous_size': 6, 'attention_head_size': 2, 'learning_rate': 0.0101148248151303}. Best is trial 9 with value: 79.01024627685547.
LOCAL_RANK: 0 - CUDA_VISIBLE_DEVICES: [0]
[I 2023-12-15 23:23:38,384] Trial 42 finished with value: 117.44359588623047 and parameters: {'gradient_clip_val': 0.3622947057656739, 'hidden_size': 14, 'dropout': 0.3144876926686346, 'hidden_continuous_size': 6, 'attention_head_size': 2, 'learning_rate': 0.010609217282522287}. Best is trial 9 with value: 79.01024627685547.
LOCAL_RANK: 0 - CUDA_VISIBLE_DEVICES: [0]
[I 2023-12-15 23:24:23,075] Trial 43 finished with value: 86.54888153076172 and parameters: {'gradient_clip_val': 0.8773745201183422, 'hidden_size': 9, 'dropout': 0.2641613290805579, 'hidden_continuous_size': 6, 'attention_head_size': 1, 'learning_rate': 0.0057607253524764}. Best is trial 9 with value: 79.01024627685547.
LOCAL_RANK: 0 - CUDA_VISIBLE_DEVICES: [0]
[I 2023-12-15 23:25:09,621] Trial 44 finished with value: 91.68025970458984 and parameters: {'gradient_clip_val': 0.24463918329935316, 'hidden_size': 17, 'dropout': 0.29500335047439663, 'hidden_continuous_size': 8, 'attention_head_size': 2, 'learning_rate': 0.006766334493521906}. Best is trial 9 with value: 79.01024627685547.
LOCAL_RANK: 0 - CUDA_VISIBLE_DEVICES: [0]
[I 2023-12-15 23:25:54,979] Trial 45 finished with value: 138.2555389404297 and parameters: {'gradient_clip_val': 0.278909528785278, 'hidden_size': 13, 'dropout': 0.23088746480220623, 'hidden_continuous_size': 7, 'attention_head_size': 2, 'learning_rate': 0.09112738788454698}. Best is trial 9 with value: 79.01024627685547.
LOCAL_RANK: 0 - CUDA_VISIBLE_DEVICES: [0]
[I 2023-12-15 23:26:39,719] Trial 46 finished with value: 95.95037841796875 and parameters: {'gradient_clip_val': 0.4538618344332149, 'hidden_size': 11, 'dropout': 0.2562001887383429, 'hidden_continuous_size': 6, 'attention_head_size': 1, 'learning_rate': 0.021764020966982288}. Best is trial 9 with value: 79.01024627685547.
LOCAL_RANK: 0 - CUDA_VISIBLE_DEVICES: [0]
[I 2023-12-15 23:27:25,267] Trial 47 finished with value: 135.52439880371094 and parameters: {'gradient_clip_val': 0.342358788863371, 'hidden_size': 16, 'dropout': 0.276572104514935, 'hidden_continuous_size': 10, 'attention_head_size': 3, 'learning_rate': 0.01127127416557003}. Best is trial 9 with value: 79.01024627685547.
LOCAL_RANK: 0 - CUDA_VISIBLE_DEVICES: [0]
[I 2023-12-15 23:28:17,314] Trial 48 finished with value: 125.64413452148438 and parameters: {'gradient_clip_val': 0.5555818337159038, 'hidden_size': 41, 'dropout': 0.2565413894629249, 'hidden_continuous_size': 17, 'attention_head_size': 2, 'learning_rate': 0.026035899818848567}. Best is trial 9 with value: 79.01024627685547.
LOCAL_RANK: 0 - CUDA_VISIBLE_DEVICES: [0]
[I 2023-12-15 23:29:10,076] Trial 49 finished with value: 292.0633239746094 and parameters: {'gradient_clip_val': 0.37839802585695087, 'hidden_size': 50, 'dropout': 0.3036589391213442, 'hidden_continuous_size': 11, 'attention_head_size': 3, 'learning_rate': 0.013880424745392026}. Best is trial 9 with value: 79.01024627685547.
[I 2023-12-15 23:29:10,169] A new study created in memory with name: no-name-813a67bd-f3ed-4080-b76b-cd7a9745cca9
/home/le004/conda/anaconda3/envs/tsff_env/lib/python3.9/site-packages/lightning/fabric/plugins/environments/slurm.py:191: The `srun` command is available on your system but is not used. HINT: If your intention is to run Lightning on SLURM, prepend your python command with `srun` like so: srun python /home/le004/master_thesis/git/TSFusionForecast/code/ ...
LOCAL_RANK: 0 - CUDA_VISIBLE_DEVICES: [0]
[I 2023-12-15 23:29:57,371] Trial 0 finished with value: 6.134380340576172 and parameters: {'gradient_clip_val': 0.22378764645093052, 'hidden_size': 18, 'dropout': 0.3614387494269309, 'hidden_continuous_size': 10, 'attention_head_size': 1, 'learning_rate': 0.002543924032592149}. Best is trial 0 with value: 6.134380340576172.
LOCAL_RANK: 0 - CUDA_VISIBLE_DEVICES: [0]
[I 2023-12-15 23:30:43,781] Trial 1 finished with value: 24.441186904907227 and parameters: {'gradient_clip_val': 0.40918261052432936, 'hidden_size': 14, 'dropout': 0.17672840390675398, 'hidden_continuous_size': 12, 'attention_head_size': 3, 'learning_rate': 0.0387198274362605}. Best is trial 0 with value: 6.134380340576172.
LOCAL_RANK: 0 - CUDA_VISIBLE_DEVICES: [0]
[I 2023-12-15 23:31:19,522] Trial 2 finished with value: 29.36664581298828 and parameters: {'gradient_clip_val': 0.14478369784333853, 'hidden_size': 34, 'dropout': 0.1827792944689876, 'hidden_continuous_size': 34, 'attention_head_size': 4, 'learning_rate': 0.010151116093143784}. Best is trial 0 with value: 6.134380340576172.
LOCAL_RANK: 0 - CUDA_VISIBLE_DEVICES: [0]
[I 2023-12-15 23:31:53,570] Trial 3 finished with value: 19.095163345336914 and parameters: {'gradient_clip_val': 0.1430641831753698, 'hidden_size': 5, 'dropout': 0.15090766551005577, 'hidden_continuous_size': 5, 'attention_head_size': 2, 'learning_rate': 0.0010294033008081112}. Best is trial 0 with value: 6.134380340576172.
LOCAL_RANK: 0 - CUDA_VISIBLE_DEVICES: [0]
[I 2023-12-15 23:32:48,430] Trial 4 finished with value: 11.532520294189453 and parameters: {'gradient_clip_val': 0.1473269073564051, 'hidden_size': 69, 'dropout': 0.31218419368887784, 'hidden_continuous_size': 40, 'attention_head_size': 3, 'learning_rate': 0.008242774092993104}. Best is trial 0 with value: 6.134380340576172.
LOCAL_RANK: 0 - CUDA_VISIBLE_DEVICES: [0]
[I 2023-12-15 23:33:39,885] Trial 5 finished with value: 14.817126274108887 and parameters: {'gradient_clip_val': 0.14217230917812018, 'hidden_size': 37, 'dropout': 0.18167547898882971, 'hidden_continuous_size': 13, 'attention_head_size': 3, 'learning_rate': 0.015499836935572015}. Best is trial 0 with value: 6.134380340576172.
LOCAL_RANK: 0 - CUDA_VISIBLE_DEVICES: [0]
[I 2023-12-15 23:34:25,486] Trial 6 finished with value: 18.452070236206055 and parameters: {'gradient_clip_val': 0.7410141886687456, 'hidden_size': 6, 'dropout': 0.169584549527331, 'hidden_continuous_size': 5, 'attention_head_size': 4, 'learning_rate': 0.0012045106567717013}. Best is trial 0 with value: 6.134380340576172.
LOCAL_RANK: 0 - CUDA_VISIBLE_DEVICES: [0]
[I 2023-12-15 23:35:11,468] Trial 7 finished with value: 19.362653732299805 and parameters: {'gradient_clip_val': 0.11441862908821951, 'hidden_size': 10, 'dropout': 0.24470735657114276, 'hidden_continuous_size': 5, 'attention_head_size': 4, 'learning_rate': 0.02935905697084614}. Best is trial 0 with value: 6.134380340576172.
LOCAL_RANK: 0 - CUDA_VISIBLE_DEVICES: [0]
[I 2023-12-15 23:35:59,465] Trial 8 finished with value: 17.83404541015625 and parameters: {'gradient_clip_val': 0.533161332786109, 'hidden_size': 18, 'dropout': 0.11075211754295716, 'hidden_continuous_size': 12, 'attention_head_size': 2, 'learning_rate': 0.0014143639898406004}. Best is trial 0 with value: 6.134380340576172.
LOCAL_RANK: 0 - CUDA_VISIBLE_DEVICES: [0]
[I 2023-12-15 23:36:54,283] Trial 9 finished with value: 16.223155975341797 and parameters: {'gradient_clip_val': 0.6055908517976074, 'hidden_size': 90, 'dropout': 0.3355534752984314, 'hidden_continuous_size': 23, 'attention_head_size': 3, 'learning_rate': 0.021027722370240906}. Best is trial 0 with value: 6.134380340576172.
LOCAL_RANK: 0 - CUDA_VISIBLE_DEVICES: [0]
[I 2023-12-15 23:37:41,884] Trial 10 finished with value: 9.648594856262207 and parameters: {'gradient_clip_val': 0.26029252525593144, 'hidden_size': 28, 'dropout': 0.3843315341758868, 'hidden_continuous_size': 7, 'attention_head_size': 1, 'learning_rate': 0.08670709497733307}. Best is trial 0 with value: 6.134380340576172.
LOCAL_RANK: 0 - CUDA_VISIBLE_DEVICES: [0]
[I 2023-12-15 23:38:28,922] Trial 11 finished with value: 15.791152954101562 and parameters: {'gradient_clip_val': 0.25366977133606816, 'hidden_size': 24, 'dropout': 0.3964291424114151, 'hidden_continuous_size': 8, 'attention_head_size': 1, 'learning_rate': 0.08999199954627693}. Best is trial 0 with value: 6.134380340576172.
LOCAL_RANK: 0 - CUDA_VISIBLE_DEVICES: [0]
[I 2023-12-15 23:39:16,422] Trial 12 finished with value: 6.593320846557617 and parameters: {'gradient_clip_val': 0.25081362990399836, 'hidden_size': 28, 'dropout': 0.39702714663283645, 'hidden_continuous_size': 8, 'attention_head_size': 1, 'learning_rate': 0.0034779430735276634}. Best is trial 0 with value: 6.134380340576172.
LOCAL_RANK: 0 - CUDA_VISIBLE_DEVICES: [0]
[I 2023-12-15 23:40:08,472] Trial 13 finished with value: 24.624671936035156 and parameters: {'gradient_clip_val': 0.22945139901041134, 'hidden_size': 47, 'dropout': 0.352506695978975, 'hidden_continuous_size': 9, 'attention_head_size': 1, 'learning_rate': 0.003288469769811784}. Best is trial 0 with value: 6.134380340576172.
LOCAL_RANK: 0 - CUDA_VISIBLE_DEVICES: [0]
[I 2023-12-15 23:40:53,960] Trial 14 finished with value: 8.84610652923584 and parameters: {'gradient_clip_val': 0.3533250092674771, 'hidden_size': 15, 'dropout': 0.30166692522102234, 'hidden_continuous_size': 7, 'attention_head_size': 2, 'learning_rate': 0.003215727912634764}. Best is trial 0 with value: 6.134380340576172.
LOCAL_RANK: 0 - CUDA_VISIBLE_DEVICES: [0]
[I 2023-12-15 23:41:42,244] Trial 15 finished with value: 10.87213134765625 and parameters: {'gradient_clip_val': 0.2094760447568534, 'hidden_size': 23, 'dropout': 0.3950882445400006, 'hidden_continuous_size': 10, 'attention_head_size': 1, 'learning_rate': 0.0005379556271956843}. Best is trial 0 with value: 6.134380340576172.
LOCAL_RANK: 0 - CUDA_VISIBLE_DEVICES: [0]
[I 2023-12-15 23:42:34,017] Trial 16 finished with value: 7.536481857299805 and parameters: {'gradient_clip_val': 0.3148361743384042, 'hidden_size': 52, 'dropout': 0.3601960197727914, 'hidden_continuous_size': 17, 'attention_head_size': 2, 'learning_rate': 0.004479654236397035}. Best is trial 0 with value: 6.134380340576172.
LOCAL_RANK: 0 - CUDA_VISIBLE_DEVICES: [0]
[I 2023-12-15 23:43:19,142] Trial 17 finished with value: 15.148280143737793 and parameters: {'gradient_clip_val': 0.18484516159485923, 'hidden_size': 11, 'dropout': 0.2800840607859845, 'hidden_continuous_size': 6, 'attention_head_size': 1, 'learning_rate': 0.004721601308153359}. Best is trial 0 with value: 6.134380340576172.
LOCAL_RANK: 0 - CUDA_VISIBLE_DEVICES: [0]
[I 2023-12-15 23:44:05,963] Trial 18 finished with value: 14.877066612243652 and parameters: {'gradient_clip_val': 0.9658164278839881, 'hidden_size': 18, 'dropout': 0.36131484507575623, 'hidden_continuous_size': 9, 'attention_head_size': 1, 'learning_rate': 0.002077736987907798}. Best is trial 0 with value: 6.134380340576172.
LOCAL_RANK: 0 - CUDA_VISIBLE_DEVICES: [0]
[I 2023-12-15 23:44:55,088] Trial 19 finished with value: 15.55125904083252 and parameters: {'gradient_clip_val': 0.2986454776457106, 'hidden_size': 31, 'dropout': 0.33039927740212693, 'hidden_continuous_size': 10, 'attention_head_size': 2, 'learning_rate': 0.006775965818469852}. Best is trial 0 with value: 6.134380340576172.
LOCAL_RANK: 0 - CUDA_VISIBLE_DEVICES: [0]
[I 2023-12-15 23:45:43,032] Trial 20 finished with value: 29.40458869934082 and parameters: {'gradient_clip_val': 0.399313979874306, 'hidden_size': 22, 'dropout': 0.37782873297998354, 'hidden_continuous_size': 7, 'attention_head_size': 1, 'learning_rate': 0.0022264207945036207}. Best is trial 0 with value: 6.134380340576172.
LOCAL_RANK: 0 - CUDA_VISIBLE_DEVICES: [0]
[I 2023-12-15 23:46:35,145] Trial 21 finished with value: 17.69125747680664 and parameters: {'gradient_clip_val': 0.30341732373492625, 'hidden_size': 45, 'dropout': 0.3599798330387251, 'hidden_continuous_size': 18, 'attention_head_size': 2, 'learning_rate': 0.0042192915601093825}. Best is trial 0 with value: 6.134380340576172.
LOCAL_RANK: 0 - CUDA_VISIBLE_DEVICES: [0]
[I 2023-12-15 23:47:27,236] Trial 22 finished with value: 13.225906372070312 and parameters: {'gradient_clip_val': 0.1968469325431163, 'hidden_size': 47, 'dropout': 0.3972649772093949, 'hidden_continuous_size': 13, 'attention_head_size': 2, 'learning_rate': 0.005659791733882126}. Best is trial 0 with value: 6.134380340576172.
LOCAL_RANK: 0 - CUDA_VISIBLE_DEVICES: [0]
[I 2023-12-15 23:48:20,052] Trial 23 finished with value: 25.29197883605957 and parameters: {'gradient_clip_val': 0.2590542804904467, 'hidden_size': 57, 'dropout': 0.36514134765096357, 'hidden_continuous_size': 17, 'attention_head_size': 1, 'learning_rate': 0.0028939634465537604}. Best is trial 0 with value: 6.134380340576172.
LOCAL_RANK: 0 - CUDA_VISIBLE_DEVICES: [0]
[I 2023-12-15 23:49:08,936] Trial 24 finished with value: 17.66630744934082 and parameters: {'gradient_clip_val': 0.3483071027736807, 'hidden_size': 30, 'dropout': 0.33858309782997975, 'hidden_continuous_size': 11, 'attention_head_size': 2, 'learning_rate': 0.005226586910015293}. Best is trial 0 with value: 6.134380340576172.
LOCAL_RANK: 0 - CUDA_VISIBLE_DEVICES: [0]
[I 2023-12-15 23:50:00,198] Trial 25 finished with value: 15.225723266601562 and parameters: {'gradient_clip_val': 0.1765750344440721, 'hidden_size': 38, 'dropout': 0.37058217795031084, 'hidden_continuous_size': 15, 'attention_head_size': 1, 'learning_rate': 0.00197241795044015}. Best is trial 0 with value: 6.134380340576172.
LOCAL_RANK: 0 - CUDA_VISIBLE_DEVICES: [0]
[I 2023-12-15 23:50:53,516] Trial 26 finished with value: 11.880938529968262 and parameters: {'gradient_clip_val': 0.23546517751894463, 'hidden_size': 63, 'dropout': 0.34529606498512566, 'hidden_continuous_size': 21, 'attention_head_size': 2, 'learning_rate': 0.007404350046760818}. Best is trial 0 with value: 6.134380340576172.
LOCAL_RANK: 0 - CUDA_VISIBLE_DEVICES: [0]
[I 2023-12-15 23:51:49,870] Trial 27 finished with value: 14.644959449768066 and parameters: {'gradient_clip_val': 0.30337188367485396, 'hidden_size': 98, 'dropout': 0.31724174015418044, 'hidden_continuous_size': 61, 'attention_head_size': 1, 'learning_rate': 0.01127663896719413}. Best is trial 0 with value: 6.134380340576172.
LOCAL_RANK: 0 - CUDA_VISIBLE_DEVICES: [0]
[I 2023-12-15 23:52:38,270] Trial 28 finished with value: 11.293435096740723 and parameters: {'gradient_clip_val': 0.2003319796581508, 'hidden_size': 26, 'dropout': 0.37635274357943405, 'hidden_continuous_size': 8, 'attention_head_size': 1, 'learning_rate': 0.004033390420470489}. Best is trial 0 with value: 6.134380340576172.
LOCAL_RANK: 0 - CUDA_VISIBLE_DEVICES: [0]
[I 2023-12-15 23:53:26,940] Trial 29 finished with value: 8.538285255432129 and parameters: {'gradient_clip_val': 0.2838102038929787, 'hidden_size': 19, 'dropout': 0.397980962445476, 'hidden_continuous_size': 11, 'attention_head_size': 3, 'learning_rate': 0.005743019380426576}. Best is trial 0 with value: 6.134380340576172.
LOCAL_RANK: 0 - CUDA_VISIBLE_DEVICES: [0]
