[I 2023-12-15 15:19:25,216] Trial 46 finished with value: 229.8005828857422 and parameters: {'gradient_clip_val': 0.14907879358354365, 'hidden_size': 26, 'dropout': 0.1873441325102771, 'hidden_continuous_size': 10, 'attention_head_size': 2, 'learning_rate': 0.0008950354510394731}. Best is trial 34 with value: 64.20449829101562.
LOCAL_RANK: 0 - CUDA_VISIBLE_DEVICES: [0]
[I 2023-12-15 15:20:09,598] Trial 47 finished with value: 222.20904541015625 and parameters: {'gradient_clip_val': 0.11484653510706244, 'hidden_size': 16, 'dropout': 0.15219717434075425, 'hidden_continuous_size': 8, 'attention_head_size': 1, 'learning_rate': 0.002368346992894078}. Best is trial 34 with value: 64.20449829101562.
LOCAL_RANK: 0 - CUDA_VISIBLE_DEVICES: [0]
[I 2023-12-15 15:20:55,160] Trial 48 finished with value: 319.308837890625 and parameters: {'gradient_clip_val': 0.1389490173306654, 'hidden_size': 6, 'dropout': 0.21671574892457862, 'hidden_continuous_size': 5, 'attention_head_size': 3, 'learning_rate': 0.0015571381648061126}. Best is trial 34 with value: 64.20449829101562.
LOCAL_RANK: 0 - CUDA_VISIBLE_DEVICES: [0]
[I 2023-12-15 15:21:39,518] Trial 49 finished with value: 159.33416748046875 and parameters: {'gradient_clip_val': 0.22317150218305998, 'hidden_size': 12, 'dropout': 0.17836871163157184, 'hidden_continuous_size': 7, 'attention_head_size': 2, 'learning_rate': 0.002140644792770275}. Best is trial 34 with value: 64.20449829101562.
[I 2023-12-15 15:21:39,619] A new study created in memory with name: no-name-21476704-ab7c-4124-b2f7-645c0f8886c3
/home/le004/conda/anaconda3/envs/tsff_env/lib/python3.9/site-packages/lightning/fabric/plugins/environments/slurm.py:191: The `srun` command is available on your system but is not used. HINT: If your intention is to run Lightning on SLURM, prepend your python command with `srun` like so: srun python /home/le004/master_thesis/git/TSFusionForecast/code/ ...
LOCAL_RANK: 0 - CUDA_VISIBLE_DEVICES: [0]
[I 2023-12-15 15:22:29,014] Trial 0 finished with value: 1359.427734375 and parameters: {'gradient_clip_val': 0.5225537467833004, 'hidden_size': 27, 'dropout': 0.2995951605575264, 'hidden_continuous_size': 9, 'attention_head_size': 3, 'learning_rate': 0.0014859882016616812}. Best is trial 0 with value: 1359.427734375.
LOCAL_RANK: 0 - CUDA_VISIBLE_DEVICES: [0]
[I 2023-12-15 15:23:18,207] Trial 1 finished with value: 716.163818359375 and parameters: {'gradient_clip_val': 0.4137449363723245, 'hidden_size': 22, 'dropout': 0.26205677034917607, 'hidden_continuous_size': 12, 'attention_head_size': 3, 'learning_rate': 0.0340772225806042}. Best is trial 1 with value: 716.163818359375.
LOCAL_RANK: 0 - CUDA_VISIBLE_DEVICES: [0]
[I 2023-12-15 15:24:09,778] Trial 2 finished with value: 1210.7261962890625 and parameters: {'gradient_clip_val': 0.8278693952345567, 'hidden_size': 58, 'dropout': 0.16583021456363528, 'hidden_continuous_size': 5, 'attention_head_size': 3, 'learning_rate': 0.07563785327017625}. Best is trial 1 with value: 716.163818359375.
LOCAL_RANK: 0 - CUDA_VISIBLE_DEVICES: [0]
[I 2023-12-15 15:25:00,379] Trial 3 finished with value: 503.7806091308594 and parameters: {'gradient_clip_val': 0.257298765376918, 'hidden_size': 28, 'dropout': 0.30844793534419573, 'hidden_continuous_size': 26, 'attention_head_size': 1, 'learning_rate': 0.03742191392226233}. Best is trial 3 with value: 503.7806091308594.
LOCAL_RANK: 0 - CUDA_VISIBLE_DEVICES: [0]
[I 2023-12-15 15:25:52,388] Trial 4 finished with value: 772.56787109375 and parameters: {'gradient_clip_val': 0.40481773828043666, 'hidden_size': 65, 'dropout': 0.36580135347811715, 'hidden_continuous_size': 7, 'attention_head_size': 2, 'learning_rate': 0.08207307933786154}. Best is trial 3 with value: 503.7806091308594.
LOCAL_RANK: 0 - CUDA_VISIBLE_DEVICES: [0]
[I 2023-12-15 15:26:38,122] Trial 5 finished with value: 842.8029174804688 and parameters: {'gradient_clip_val': 0.682551312854447, 'hidden_size': 9, 'dropout': 0.31518554308975555, 'hidden_continuous_size': 6, 'attention_head_size': 3, 'learning_rate': 0.05461923018808078}. Best is trial 3 with value: 503.7806091308594.
LOCAL_RANK: 0 - CUDA_VISIBLE_DEVICES: [0]
[I 2023-12-15 15:27:32,236] Trial 6 finished with value: 640.576904296875 and parameters: {'gradient_clip_val': 0.3578365001338223, 'hidden_size': 66, 'dropout': 0.29494933605836515, 'hidden_continuous_size': 16, 'attention_head_size': 4, 'learning_rate': 0.0006643143793107166}. Best is trial 3 with value: 503.7806091308594.
LOCAL_RANK: 0 - CUDA_VISIBLE_DEVICES: [0]
[I 2023-12-15 15:28:16,481] Trial 7 finished with value: 1841.83544921875 and parameters: {'gradient_clip_val': 0.30645161486446293, 'hidden_size': 12, 'dropout': 0.18913167363866612, 'hidden_continuous_size': 10, 'attention_head_size': 1, 'learning_rate': 0.003106113791215876}. Best is trial 3 with value: 503.7806091308594.
LOCAL_RANK: 0 - CUDA_VISIBLE_DEVICES: [0]
[I 2023-12-15 15:29:00,871] Trial 8 finished with value: 656.806884765625 and parameters: {'gradient_clip_val': 0.1726899484430303, 'hidden_size': 8, 'dropout': 0.2453059234876246, 'hidden_continuous_size': 7, 'attention_head_size': 2, 'learning_rate': 0.003006163890393369}. Best is trial 3 with value: 503.7806091308594.
LOCAL_RANK: 0 - CUDA_VISIBLE_DEVICES: [0]
[I 2023-12-15 15:29:51,983] Trial 9 finished with value: 1551.1695556640625 and parameters: {'gradient_clip_val': 0.15372254882621397, 'hidden_size': 30, 'dropout': 0.2978498282656967, 'hidden_continuous_size': 21, 'attention_head_size': 2, 'learning_rate': 0.0617953229207185}. Best is trial 3 with value: 503.7806091308594.
LOCAL_RANK: 0 - CUDA_VISIBLE_DEVICES: [0]
[I 2023-12-15 15:30:36,595] Trial 10 finished with value: 2256.47119140625 and parameters: {'gradient_clip_val': 0.10935110681476322, 'hidden_size': 6, 'dropout': 0.38447782375578304, 'hidden_continuous_size': 5, 'attention_head_size': 1, 'learning_rate': 0.015421311301433082}. Best is trial 3 with value: 503.7806091308594.
LOCAL_RANK: 0 - CUDA_VISIBLE_DEVICES: [0]
[I 2023-12-15 15:31:33,424] Trial 11 finished with value: 654.8469848632812 and parameters: {'gradient_clip_val': 0.2669990677558795, 'hidden_size': 94, 'dropout': 0.13035084731669352, 'hidden_continuous_size': 41, 'attention_head_size': 4, 'learning_rate': 0.0005616922911339441}. Best is trial 3 with value: 503.7806091308594.
LOCAL_RANK: 0 - CUDA_VISIBLE_DEVICES: [0]
[I 2023-12-15 15:32:27,007] Trial 12 finished with value: 1241.95947265625 and parameters: {'gradient_clip_val': 0.24349524983019105, 'hidden_size': 42, 'dropout': 0.3403218868832519, 'hidden_continuous_size': 19, 'attention_head_size': 4, 'learning_rate': 0.009565577881252485}. Best is trial 3 with value: 503.7806091308594.
LOCAL_RANK: 0 - CUDA_VISIBLE_DEVICES: [0]
[I 2023-12-15 15:33:01,444] Trial 13 finished with value: 899.3681640625 and parameters: {'gradient_clip_val': 0.22525195262559405, 'hidden_size': 17, 'dropout': 0.2541934018965955, 'hidden_continuous_size': 17, 'attention_head_size': 1, 'learning_rate': 0.02161234370678856}. Best is trial 3 with value: 503.7806091308594.
LOCAL_RANK: 0 - CUDA_VISIBLE_DEVICES: [0]
[I 2023-12-15 15:33:55,011] Trial 14 finished with value: 931.0526733398438 and parameters: {'gradient_clip_val': 0.3970332067061203, 'hidden_size': 41, 'dropout': 0.3445994828682787, 'hidden_continuous_size': 27, 'attention_head_size': 4, 'learning_rate': 0.007517971098861943}. Best is trial 3 with value: 503.7806091308594.
LOCAL_RANK: 0 - CUDA_VISIBLE_DEVICES: [0]
[I 2023-12-15 15:34:52,682] Trial 15 finished with value: 1562.8370361328125 and parameters: {'gradient_clip_val': 0.31600076120081905, 'hidden_size': 98, 'dropout': 0.22773339545282972, 'hidden_continuous_size': 70, 'attention_head_size': 2, 'learning_rate': 0.0006271510300896918}. Best is trial 3 with value: 503.7806091308594.
LOCAL_RANK: 0 - CUDA_VISIBLE_DEVICES: [0]
[I 2023-12-15 15:35:40,572] Trial 16 finished with value: 432.1108703613281 and parameters: {'gradient_clip_val': 0.20197476837997164, 'hidden_size': 17, 'dropout': 0.39452567085399054, 'hidden_continuous_size': 11, 'attention_head_size': 4, 'learning_rate': 0.0267833002478856}. Best is trial 16 with value: 432.1108703613281.
LOCAL_RANK: 0 - CUDA_VISIBLE_DEVICES: [0]
[I 2023-12-15 15:36:27,774] Trial 17 finished with value: 904.9892578125 and parameters: {'gradient_clip_val': 0.1937150157114637, 'hidden_size': 18, 'dropout': 0.3874208665454302, 'hidden_continuous_size': 9, 'attention_head_size': 1, 'learning_rate': 0.03258449394284218}. Best is trial 16 with value: 432.1108703613281.
LOCAL_RANK: 0 - CUDA_VISIBLE_DEVICES: [0]
[I 2023-12-15 15:37:13,764] Trial 18 finished with value: 354.4771423339844 and parameters: {'gradient_clip_val': 0.1427373321316525, 'hidden_size': 13, 'dropout': 0.39616928845014, 'hidden_continuous_size': 6, 'attention_head_size': 3, 'learning_rate': 0.016432658632327832}. Best is trial 18 with value: 354.4771423339844.
LOCAL_RANK: 0 - CUDA_VISIBLE_DEVICES: [0]
[I 2023-12-15 15:38:00,271] Trial 19 finished with value: 791.5949096679688 and parameters: {'gradient_clip_val': 0.1308828102307525, 'hidden_size': 14, 'dropout': 0.38606595226513385, 'hidden_continuous_size': 6, 'attention_head_size': 4, 'learning_rate': 0.014109307475152214}. Best is trial 18 with value: 354.4771423339844.
LOCAL_RANK: 0 - CUDA_VISIBLE_DEVICES: [0]
[I 2023-12-15 15:38:34,890] Trial 20 finished with value: 865.7825317382812 and parameters: {'gradient_clip_val': 0.10059097609764073, 'hidden_size': 5, 'dropout': 0.39859399308219867, 'hidden_continuous_size': 5, 'attention_head_size': 3, 'learning_rate': 0.021292264490549166}. Best is trial 18 with value: 354.4771423339844.
LOCAL_RANK: 0 - CUDA_VISIBLE_DEVICES: [0]
[I 2023-12-15 15:39:20,639] Trial 21 finished with value: 589.0151977539062 and parameters: {'gradient_clip_val': 0.1857426881643251, 'hidden_size': 11, 'dropout': 0.3535828595833033, 'hidden_continuous_size': 6, 'attention_head_size': 3, 'learning_rate': 0.03667262154179106}. Best is trial 18 with value: 354.4771423339844.
LOCAL_RANK: 0 - CUDA_VISIBLE_DEVICES: [0]
[I 2023-12-15 15:40:07,421] Trial 22 finished with value: 790.7793579101562 and parameters: {'gradient_clip_val': 0.14244622733297177, 'hidden_size': 17, 'dropout': 0.3632719555135184, 'hidden_continuous_size': 8, 'attention_head_size': 2, 'learning_rate': 0.04727770034744794}. Best is trial 18 with value: 354.4771423339844.
LOCAL_RANK: 0 - CUDA_VISIBLE_DEVICES: [0]
[I 2023-12-15 15:40:57,215] Trial 23 finished with value: 1842.0850830078125 and parameters: {'gradient_clip_val': 0.22459578968741983, 'hidden_size': 23, 'dropout': 0.3267365165378877, 'hidden_continuous_size': 12, 'attention_head_size': 4, 'learning_rate': 0.025566192260684344}. Best is trial 18 with value: 354.4771423339844.
LOCAL_RANK: 0 - CUDA_VISIBLE_DEVICES: [0]
[I 2023-12-15 15:41:43,380] Trial 24 finished with value: 1219.5859375 and parameters: {'gradient_clip_val': 0.20019928175030305, 'hidden_size': 14, 'dropout': 0.3670546667917096, 'hidden_continuous_size': 7, 'attention_head_size': 3, 'learning_rate': 0.0924462093188327}. Best is trial 18 with value: 354.4771423339844.
LOCAL_RANK: 0 - CUDA_VISIBLE_DEVICES: [0]
[I 2023-12-15 15:42:30,985] Trial 25 finished with value: 982.2424926757812 and parameters: {'gradient_clip_val': 0.1250363482603093, 'hidden_size': 20, 'dropout': 0.3978765964830182, 'hidden_continuous_size': 11, 'attention_head_size': 2, 'learning_rate': 0.015609711089833254}. Best is trial 18 with value: 354.4771423339844.
LOCAL_RANK: 0 - CUDA_VISIBLE_DEVICES: [0]
[I 2023-12-15 15:43:20,746] Trial 26 finished with value: 844.9005737304688 and parameters: {'gradient_clip_val': 0.1635445622438119, 'hidden_size': 30, 'dropout': 0.3263768261407284, 'hidden_continuous_size': 14, 'attention_head_size': 4, 'learning_rate': 0.03909652816934002}. Best is trial 18 with value: 354.4771423339844.
LOCAL_RANK: 0 - CUDA_VISIBLE_DEVICES: [0]
[I 2023-12-15 15:44:06,104] Trial 27 finished with value: 659.6110229492188 and parameters: {'gradient_clip_val': 0.26739649435102486, 'hidden_size': 14, 'dropout': 0.37227936402875494, 'hidden_continuous_size': 8, 'attention_head_size': 1, 'learning_rate': 0.012600902657993055}. Best is trial 18 with value: 354.4771423339844.
LOCAL_RANK: 0 - CUDA_VISIBLE_DEVICES: [0]
[I 2023-12-15 15:44:51,958] Trial 28 finished with value: 801.351318359375 and parameters: {'gradient_clip_val': 0.1572310875627451, 'hidden_size': 10, 'dropout': 0.3484262075071375, 'hidden_continuous_size': 6, 'attention_head_size': 3, 'learning_rate': 0.02634171637295111}. Best is trial 18 with value: 354.4771423339844.
LOCAL_RANK: 0 - CUDA_VISIBLE_DEVICES: [0]
[I 2023-12-15 15:45:41,836] Trial 29 finished with value: 1017.7443237304688 and parameters: {'gradient_clip_val': 0.20424176829288215, 'hidden_size': 26, 'dropout': 0.39931181148628414, 'hidden_continuous_size': 10, 'attention_head_size': 3, 'learning_rate': 0.05161794338085046}. Best is trial 18 with value: 354.4771423339844.
LOCAL_RANK: 0 - CUDA_VISIBLE_DEVICES: [0]
[I 2023-12-15 15:46:27,953] Trial 30 finished with value: 1970.3004150390625 and parameters: {'gradient_clip_val': 0.12926580400721607, 'hidden_size': 7, 'dropout': 0.29170530438660863, 'hidden_continuous_size': 5, 'attention_head_size': 4, 'learning_rate': 0.020065102863960634}. Best is trial 18 with value: 354.4771423339844.
LOCAL_RANK: 0 - CUDA_VISIBLE_DEVICES: [0]
[I 2023-12-15 15:47:13,911] Trial 31 finished with value: 1752.9056396484375 and parameters: {'gradient_clip_val': 0.17696267530496385, 'hidden_size': 11, 'dropout': 0.3556690723712714, 'hidden_continuous_size': 6, 'attention_head_size': 3, 'learning_rate': 0.03606099191874829}. Best is trial 18 with value: 354.4771423339844.
LOCAL_RANK: 0 - CUDA_VISIBLE_DEVICES: [0]
[I 2023-12-15 15:47:58,581] Trial 32 finished with value: 461.991943359375 and parameters: {'gradient_clip_val': 0.1828890995604015, 'hidden_size': 12, 'dropout': 0.37088170650134894, 'hidden_continuous_size': 6, 'attention_head_size': 3, 'learning_rate': 0.03100093475704181}. Best is trial 18 with value: 354.4771423339844.
LOCAL_RANK: 0 - CUDA_VISIBLE_DEVICES: [0]
[I 2023-12-15 15:48:47,706] Trial 33 finished with value: 1037.8397216796875 and parameters: {'gradient_clip_val': 0.2549544174241108, 'hidden_size': 21, 'dropout': 0.3731897672567831, 'hidden_continuous_size': 9, 'attention_head_size': 3, 'learning_rate': 0.03021867448474123}. Best is trial 18 with value: 354.4771423339844.
LOCAL_RANK: 0 - CUDA_VISIBLE_DEVICES: [0]
[I 2023-12-15 15:49:33,262] Trial 34 finished with value: 584.3701782226562 and parameters: {'gradient_clip_val': 0.2126774918904661, 'hidden_size': 13, 'dropout': 0.374453624576316, 'hidden_continuous_size': 7, 'attention_head_size': 2, 'learning_rate': 0.06707138502596165}. Best is trial 18 with value: 354.4771423339844.
LOCAL_RANK: 0 - CUDA_VISIBLE_DEVICES: [0]
[I 2023-12-15 15:50:19,042] Trial 35 finished with value: 687.9067993164062 and parameters: {'gradient_clip_val': 0.1757697580336653, 'hidden_size': 9, 'dropout': 0.3289053585586441, 'hidden_continuous_size': 6, 'attention_head_size': 3, 'learning_rate': 0.042174941828386873}. Best is trial 18 with value: 354.4771423339844.
LOCAL_RANK: 0 - CUDA_VISIBLE_DEVICES: [0]
[I 2023-12-15 15:51:04,700] Trial 36 finished with value: 370.75048828125 and parameters: {'gradient_clip_val': 0.14501319301395568, 'hidden_size': 16, 'dropout': 0.3178284361066751, 'hidden_continuous_size': 8, 'attention_head_size': 3, 'learning_rate': 0.0180659202491051}. Best is trial 18 with value: 354.4771423339844.
LOCAL_RANK: 0 - CUDA_VISIBLE_DEVICES: [0]
[I 2023-12-15 15:51:50,139] Trial 37 finished with value: 1391.25390625 and parameters: {'gradient_clip_val': 0.11649513609617851, 'hidden_size': 16, 'dropout': 0.35438769039346485, 'hidden_continuous_size': 8, 'attention_head_size': 3, 'learning_rate': 0.011124429041747676}. Best is trial 18 with value: 354.4771423339844.
LOCAL_RANK: 0 - CUDA_VISIBLE_DEVICES: [0]
[I 2023-12-15 15:52:35,111] Trial 38 finished with value: 1958.1104736328125 and parameters: {'gradient_clip_val': 0.1472045870895234, 'hidden_size': 12, 'dropout': 0.3371230613306839, 'hidden_continuous_size': 7, 'attention_head_size': 3, 'learning_rate': 0.0172652784446142}. Best is trial 18 with value: 354.4771423339844.
LOCAL_RANK: 0 - CUDA_VISIBLE_DEVICES: [0]
[I 2023-12-15 15:53:22,024] Trial 39 finished with value: 846.1777954101562 and parameters: {'gradient_clip_val': 0.14255353470141172, 'hidden_size': 15, 'dropout': 0.3807616205798951, 'hidden_continuous_size': 9, 'attention_head_size': 4, 'learning_rate': 0.023157586664845044}. Best is trial 18 with value: 354.4771423339844.
LOCAL_RANK: 0 - CUDA_VISIBLE_DEVICES: [0]
[I 2023-12-15 15:54:10,226] Trial 40 finished with value: 1182.1441650390625 and parameters: {'gradient_clip_val': 0.1352437311858141, 'hidden_size': 19, 'dropout': 0.30611935974222, 'hidden_continuous_size': 8, 'attention_head_size': 3, 'learning_rate': 0.009308309782076812}. Best is trial 18 with value: 354.4771423339844.
LOCAL_RANK: 0 - CUDA_VISIBLE_DEVICES: [0]
[I 2023-12-15 15:54:54,627] Trial 41 finished with value: 1122.0272216796875 and parameters: {'gradient_clip_val': 0.16934905410828138, 'hidden_size': 12, 'dropout': 0.28017818690932916, 'hidden_continuous_size': 7, 'attention_head_size': 2, 'learning_rate': 0.030781042350589337}. Best is trial 18 with value: 354.4771423339844.
LOCAL_RANK: 0 - CUDA_VISIBLE_DEVICES: [0]
[I 2023-12-15 15:55:40,070] Trial 42 finished with value: 1127.7607421875 and parameters: {'gradient_clip_val': 0.1913352943424625, 'hidden_size': 16, 'dropout': 0.31689248700681694, 'hidden_continuous_size': 10, 'attention_head_size': 3, 'learning_rate': 0.06050437625210058}. Best is trial 18 with value: 354.4771423339844.
LOCAL_RANK: 0 - CUDA_VISIBLE_DEVICES: [0]
[I 2023-12-15 15:56:27,920] Trial 43 finished with value: 865.83740234375 and parameters: {'gradient_clip_val': 0.15682499587805343, 'hidden_size': 24, 'dropout': 0.36113423129409583, 'hidden_continuous_size': 13, 'attention_head_size': 2, 'learning_rate': 0.01958359761702465}. Best is trial 18 with value: 354.4771423339844.
LOCAL_RANK: 0 - CUDA_VISIBLE_DEVICES: [0]
[I 2023-12-15 15:57:15,825] Trial 44 finished with value: 655.2611694335938 and parameters: {'gradient_clip_val': 0.29617837544751047, 'hidden_size': 21, 'dropout': 0.3089061713116275, 'hidden_continuous_size': 5, 'attention_head_size': 3, 'learning_rate': 0.08025684154351581}. Best is trial 18 with value: 354.4771423339844.
LOCAL_RANK: 0 - CUDA_VISIBLE_DEVICES: [0]
[I 2023-12-15 15:58:02,095] Trial 45 finished with value: 679.7335815429688 and parameters: {'gradient_clip_val': 0.2316758449102789, 'hidden_size': 9, 'dropout': 0.38347450596082466, 'hidden_continuous_size': 6, 'attention_head_size': 4, 'learning_rate': 0.0162785996518144}. Best is trial 18 with value: 354.4771423339844.
LOCAL_RANK: 0 - CUDA_VISIBLE_DEVICES: [0]
[I 2023-12-15 15:58:49,913] Trial 46 finished with value: 1320.728515625 and parameters: {'gradient_clip_val': 0.2134816231404225, 'hidden_size': 18, 'dropout': 0.33249413950182005, 'hidden_continuous_size': 10, 'attention_head_size': 2, 'learning_rate': 0.026743030526855754}. Best is trial 18 with value: 354.4771423339844.
LOCAL_RANK: 0 - CUDA_VISIBLE_DEVICES: [0]
[I 2023-12-15 15:59:35,625] Trial 47 finished with value: 1898.5731201171875 and parameters: {'gradient_clip_val': 0.11465894270197824, 'hidden_size': 15, 'dropout': 0.34560274691617665, 'hidden_continuous_size': 9, 'attention_head_size': 1, 'learning_rate': 0.0445483824576278}. Best is trial 18 with value: 354.4771423339844.
LOCAL_RANK: 0 - CUDA_VISIBLE_DEVICES: [0]
[I 2023-12-15 16:00:25,355] Trial 48 finished with value: 1059.654296875 and parameters: {'gradient_clip_val': 0.18387386069894027, 'hidden_size': 26, 'dropout': 0.27609692995196156, 'hidden_continuous_size': 11, 'attention_head_size': 3, 'learning_rate': 0.030048386884507384}. Best is trial 18 with value: 354.4771423339844.
LOCAL_RANK: 0 - CUDA_VISIBLE_DEVICES: [0]
[I 2023-12-15 16:01:13,533] Trial 49 finished with value: 544.7412719726562 and parameters: {'gradient_clip_val': 0.2442106496649505, 'hidden_size': 19, 'dropout': 0.3149552007597916, 'hidden_continuous_size': 8, 'attention_head_size': 4, 'learning_rate': 0.005635612707377243}. Best is trial 18 with value: 354.4771423339844.
[I 2023-12-15 16:01:13,634] A new study created in memory with name: no-name-7b6ed9e8-40a6-4227-beed-e950b59564c2
/home/le004/conda/anaconda3/envs/tsff_env/lib/python3.9/site-packages/lightning/fabric/plugins/environments/slurm.py:191: The `srun` command is available on your system but is not used. HINT: If your intention is to run Lightning on SLURM, prepend your python command with `srun` like so: srun python /home/le004/master_thesis/git/TSFusionForecast/code/ ...
LOCAL_RANK: 0 - CUDA_VISIBLE_DEVICES: [0]
[I 2023-12-15 16:02:02,103] Trial 0 finished with value: 5235.595703125 and parameters: {'gradient_clip_val': 0.36420291750664535, 'hidden_size': 22, 'dropout': 0.31885149667338264, 'hidden_continuous_size': 16, 'attention_head_size': 1, 'learning_rate': 0.0010257170074201834}. Best is trial 0 with value: 5235.595703125.
LOCAL_RANK: 0 - CUDA_VISIBLE_DEVICES: [0]
[I 2023-12-15 16:02:47,794] Trial 1 finished with value: 7203.494140625 and parameters: {'gradient_clip_val': 0.7554620661541153, 'hidden_size': 6, 'dropout': 0.12094562313868648, 'hidden_continuous_size': 5, 'attention_head_size': 3, 'learning_rate': 0.0010302472316813323}. Best is trial 0 with value: 5235.595703125.
LOCAL_RANK: 0 - CUDA_VISIBLE_DEVICES: [0]
[I 2023-12-15 16:03:41,784] Trial 2 finished with value: 4641.32763671875 and parameters: {'gradient_clip_val': 0.7831362771628041, 'hidden_size': 67, 'dropout': 0.3466077086564061, 'hidden_continuous_size': 18, 'attention_head_size': 3, 'learning_rate': 0.01918943547292466}. Best is trial 2 with value: 4641.32763671875.
LOCAL_RANK: 0 - CUDA_VISIBLE_DEVICES: [0]
