[I 2023-12-15 11:30:58,465] Trial 7 finished with value: 150.21754455566406 and parameters: {'gradient_clip_val': 0.8786036203808212, 'hidden_size': 20, 'dropout': 0.21982099823139703, 'hidden_continuous_size': 16, 'attention_head_size': 1, 'learning_rate': 0.06360664159756625}. Best is trial 3 with value: 78.22958374023438.
LOCAL_RANK: 0 - CUDA_VISIBLE_DEVICES: [0]
[I 2023-12-15 11:31:46,922] Trial 8 finished with value: 160.90541076660156 and parameters: {'gradient_clip_val': 0.13721898160727516, 'hidden_size': 25, 'dropout': 0.36109444387067746, 'hidden_continuous_size': 6, 'attention_head_size': 3, 'learning_rate': 0.001499655436404285}. Best is trial 3 with value: 78.22958374023438.
LOCAL_RANK: 0 - CUDA_VISIBLE_DEVICES: [0]
[I 2023-12-15 11:32:38,718] Trial 9 finished with value: 170.7617950439453 and parameters: {'gradient_clip_val': 0.4454649568515741, 'hidden_size': 61, 'dropout': 0.3219545003659454, 'hidden_continuous_size': 5, 'attention_head_size': 3, 'learning_rate': 0.012180850219752504}. Best is trial 3 with value: 78.22958374023438.
LOCAL_RANK: 0 - CUDA_VISIBLE_DEVICES: [0]
[I 2023-12-15 11:33:13,137] Trial 10 finished with value: 151.0408477783203 and parameters: {'gradient_clip_val': 0.35988936409864924, 'hidden_size': 5, 'dropout': 0.1025469228439686, 'hidden_continuous_size': 5, 'attention_head_size': 4, 'learning_rate': 0.0007985770574844453}. Best is trial 3 with value: 78.22958374023438.
LOCAL_RANK: 0 - CUDA_VISIBLE_DEVICES: [0]
[I 2023-12-15 11:33:58,521] Trial 11 finished with value: 422.382568359375 and parameters: {'gradient_clip_val': 0.2580552788191067, 'hidden_size': 6, 'dropout': 0.1654659401187355, 'hidden_continuous_size': 5, 'attention_head_size': 4, 'learning_rate': 0.01884727987624805}. Best is trial 3 with value: 78.22958374023438.
LOCAL_RANK: 0 - CUDA_VISIBLE_DEVICES: [0]
[I 2023-12-15 11:34:43,385] Trial 12 finished with value: 256.8951721191406 and parameters: {'gradient_clip_val': 0.4692740227561552, 'hidden_size': 9, 'dropout': 0.15272821350099008, 'hidden_continuous_size': 5, 'attention_head_size': 2, 'learning_rate': 0.04632939020765187}. Best is trial 3 with value: 78.22958374023438.
LOCAL_RANK: 0 - CUDA_VISIBLE_DEVICES: [0]
[I 2023-12-15 11:35:17,490] Trial 13 finished with value: 184.38197326660156 and parameters: {'gradient_clip_val': 0.20141713442945997, 'hidden_size': 5, 'dropout': 0.16612706504368063, 'hidden_continuous_size': 5, 'attention_head_size': 4, 'learning_rate': 0.01682100111554213}. Best is trial 3 with value: 78.22958374023438.
LOCAL_RANK: 0 - CUDA_VISIBLE_DEVICES: [0]
[I 2023-12-15 11:36:02,028] Trial 14 finished with value: 141.5162353515625 and parameters: {'gradient_clip_val': 0.3280483269267074, 'hidden_size': 12, 'dropout': 0.20028269945514568, 'hidden_continuous_size': 6, 'attention_head_size': 3, 'learning_rate': 0.047487871314848586}. Best is trial 3 with value: 78.22958374023438.
LOCAL_RANK: 0 - CUDA_VISIBLE_DEVICES: [0]
[I 2023-12-15 11:36:46,885] Trial 15 finished with value: 179.7799530029297 and parameters: {'gradient_clip_val': 0.5933781858753971, 'hidden_size': 7, 'dropout': 0.14757087876947625, 'hidden_continuous_size': 5, 'attention_head_size': 2, 'learning_rate': 0.09908294095195666}. Best is trial 3 with value: 78.22958374023438.
LOCAL_RANK: 0 - CUDA_VISIBLE_DEVICES: [0]
[I 2023-12-15 11:37:31,304] Trial 16 finished with value: 55.34184646606445 and parameters: {'gradient_clip_val': 0.25864433020333716, 'hidden_size': 8, 'dropout': 0.2882784184505376, 'hidden_continuous_size': 6, 'attention_head_size': 4, 'learning_rate': 0.008323626431593815}. Best is trial 16 with value: 55.34184646606445.
LOCAL_RANK: 0 - CUDA_VISIBLE_DEVICES: [0]
[I 2023-12-15 11:38:17,062] Trial 17 finished with value: 83.41905975341797 and parameters: {'gradient_clip_val': 0.31206766718993034, 'hidden_size': 6, 'dropout': 0.2939294872139231, 'hidden_continuous_size': 5, 'attention_head_size': 4, 'learning_rate': 0.004582853255766738}. Best is trial 16 with value: 55.34184646606445.
LOCAL_RANK: 0 - CUDA_VISIBLE_DEVICES: [0]
[I 2023-12-15 11:39:03,080] Trial 18 finished with value: 193.4208526611328 and parameters: {'gradient_clip_val': 0.4002496081852609, 'hidden_size': 15, 'dropout': 0.39698900063076137, 'hidden_continuous_size': 6, 'attention_head_size': 4, 'learning_rate': 0.0023237328553905993}. Best is trial 16 with value: 55.34184646606445.
LOCAL_RANK: 0 - CUDA_VISIBLE_DEVICES: [0]
[I 2023-12-15 11:39:48,297] Trial 19 finished with value: 174.14381408691406 and parameters: {'gradient_clip_val': 0.10071689538463081, 'hidden_size': 7, 'dropout': 0.2847492432866812, 'hidden_continuous_size': 5, 'attention_head_size': 4, 'learning_rate': 0.008331953721214739}. Best is trial 16 with value: 55.34184646606445.
LOCAL_RANK: 0 - CUDA_VISIBLE_DEVICES: [0]
[I 2023-12-15 11:40:22,300] Trial 20 finished with value: 265.202392578125 and parameters: {'gradient_clip_val': 0.2788333567632203, 'hidden_size': 5, 'dropout': 0.23299390624326943, 'hidden_continuous_size': 5, 'attention_head_size': 3, 'learning_rate': 0.02441202338780823}. Best is trial 16 with value: 55.34184646606445.
LOCAL_RANK: 0 - CUDA_VISIBLE_DEVICES: [0]
[I 2023-12-15 11:41:07,680] Trial 21 finished with value: 166.82969665527344 and parameters: {'gradient_clip_val': 0.33531647419749055, 'hidden_size': 7, 'dropout': 0.2776418988602673, 'hidden_continuous_size': 5, 'attention_head_size': 4, 'learning_rate': 0.00465228698789708}. Best is trial 16 with value: 55.34184646606445.
LOCAL_RANK: 0 - CUDA_VISIBLE_DEVICES: [0]
[I 2023-12-15 11:41:53,649] Trial 22 finished with value: 255.6012420654297 and parameters: {'gradient_clip_val': 0.3032402200323138, 'hidden_size': 9, 'dropout': 0.30483820114248605, 'hidden_continuous_size': 6, 'attention_head_size': 4, 'learning_rate': 0.004785417948341855}. Best is trial 16 with value: 55.34184646606445.
LOCAL_RANK: 0 - CUDA_VISIBLE_DEVICES: [0]
[I 2023-12-15 11:42:39,123] Trial 23 finished with value: 114.66654205322266 and parameters: {'gradient_clip_val': 0.2470109351807809, 'hidden_size': 6, 'dropout': 0.3159565215667925, 'hidden_continuous_size': 5, 'attention_head_size': 4, 'learning_rate': 0.002758340733943435}. Best is trial 16 with value: 55.34184646606445.
LOCAL_RANK: 0 - CUDA_VISIBLE_DEVICES: [0]
[I 2023-12-15 11:43:23,485] Trial 24 finished with value: 277.9525146484375 and parameters: {'gradient_clip_val': 0.3821349813123023, 'hidden_size': 12, 'dropout': 0.2889753632860894, 'hidden_continuous_size': 6, 'attention_head_size': 3, 'learning_rate': 0.011083331702086573}. Best is trial 16 with value: 55.34184646606445.
LOCAL_RANK: 0 - CUDA_VISIBLE_DEVICES: [0]
[I 2023-12-15 11:44:07,879] Trial 25 finished with value: 132.9788360595703 and parameters: {'gradient_clip_val': 0.17237104145934903, 'hidden_size': 8, 'dropout': 0.25683424908472363, 'hidden_continuous_size': 5, 'attention_head_size': 4, 'learning_rate': 0.0072689626139319525}. Best is trial 16 with value: 55.34184646606445.
LOCAL_RANK: 0 - CUDA_VISIBLE_DEVICES: [0]
[I 2023-12-15 11:44:42,348] Trial 26 finished with value: 77.42570495605469 and parameters: {'gradient_clip_val': 0.3140805033930513, 'hidden_size': 5, 'dropout': 0.32595522926543474, 'hidden_continuous_size': 5, 'attention_head_size': 4, 'learning_rate': 0.020933196740912503}. Best is trial 16 with value: 55.34184646606445.
LOCAL_RANK: 0 - CUDA_VISIBLE_DEVICES: [0]
[I 2023-12-15 11:45:16,324] Trial 27 finished with value: 77.85503387451172 and parameters: {'gradient_clip_val': 0.5051305802686341, 'hidden_size': 5, 'dropout': 0.3334075143230091, 'hidden_continuous_size': 5, 'attention_head_size': 3, 'learning_rate': 0.0355272799000777}. Best is trial 16 with value: 55.34184646606445.
LOCAL_RANK: 0 - CUDA_VISIBLE_DEVICES: [0]
[I 2023-12-15 11:45:50,381] Trial 28 finished with value: 265.27398681640625 and parameters: {'gradient_clip_val': 0.5928531348847599, 'hidden_size': 5, 'dropout': 0.32842195017227455, 'hidden_continuous_size': 5, 'attention_head_size': 3, 'learning_rate': 0.019552204648152046}. Best is trial 16 with value: 55.34184646606445.
LOCAL_RANK: 0 - CUDA_VISIBLE_DEVICES: [0]
[I 2023-12-15 11:46:35,946] Trial 29 finished with value: 100.0906982421875 and parameters: {'gradient_clip_val': 0.28951188338696365, 'hidden_size': 11, 'dropout': 0.3432388217556831, 'hidden_continuous_size': 6, 'attention_head_size': 3, 'learning_rate': 0.00974728558820788}. Best is trial 16 with value: 55.34184646606445.
LOCAL_RANK: 0 - CUDA_VISIBLE_DEVICES: [0]
[I 2023-12-15 11:47:09,949] Trial 30 finished with value: 120.41373443603516 and parameters: {'gradient_clip_val': 0.5011000452548515, 'hidden_size': 5, 'dropout': 0.33226741369273716, 'hidden_continuous_size': 5, 'attention_head_size': 3, 'learning_rate': 0.03503589441243258}. Best is trial 16 with value: 55.34184646606445.
LOCAL_RANK: 0 - CUDA_VISIBLE_DEVICES: [0]
[I 2023-12-15 11:47:56,015] Trial 31 finished with value: 174.84364318847656 and parameters: {'gradient_clip_val': 0.3735767239864627, 'hidden_size': 6, 'dropout': 0.30858411431456234, 'hidden_continuous_size': 5, 'attention_head_size': 4, 'learning_rate': 0.03788696799870812}. Best is trial 16 with value: 55.34184646606445.
LOCAL_RANK: 0 - CUDA_VISIBLE_DEVICES: [0]
[I 2023-12-15 11:48:40,470] Trial 32 finished with value: 79.41924285888672 and parameters: {'gradient_clip_val': 0.312062310486492, 'hidden_size': 8, 'dropout': 0.3399007342098936, 'hidden_continuous_size': 5, 'attention_head_size': 4, 'learning_rate': 0.02430889399094798}. Best is trial 16 with value: 55.34184646606445.
LOCAL_RANK: 0 - CUDA_VISIBLE_DEVICES: [0]
[I 2023-12-15 11:49:26,069] Trial 33 finished with value: 187.8137969970703 and parameters: {'gradient_clip_val': 0.40264268957812815, 'hidden_size': 6, 'dropout': 0.3663382706714443, 'hidden_continuous_size': 5, 'attention_head_size': 4, 'learning_rate': 0.058453676250502073}. Best is trial 16 with value: 55.34184646606445.
LOCAL_RANK: 0 - CUDA_VISIBLE_DEVICES: [0]
[I 2023-12-15 11:50:11,996] Trial 34 finished with value: 209.5485382080078 and parameters: {'gradient_clip_val': 0.25460539402277244, 'hidden_size': 10, 'dropout': 0.38156789496033233, 'hidden_continuous_size': 6, 'attention_head_size': 4, 'learning_rate': 0.015009086217331505}. Best is trial 16 with value: 55.34184646606445.
LOCAL_RANK: 0 - CUDA_VISIBLE_DEVICES: [0]
[I 2023-12-15 11:50:57,121] Trial 35 finished with value: 228.1637420654297 and parameters: {'gradient_clip_val': 0.3435241745419959, 'hidden_size': 7, 'dropout': 0.2724215813758689, 'hidden_continuous_size': 5, 'attention_head_size': 3, 'learning_rate': 0.02690952573659966}. Best is trial 16 with value: 55.34184646606445.
LOCAL_RANK: 0 - CUDA_VISIBLE_DEVICES: [0]
[I 2023-12-15 11:51:31,603] Trial 36 finished with value: 258.1923522949219 and parameters: {'gradient_clip_val': 0.21902731620312527, 'hidden_size': 5, 'dropout': 0.3564165514756712, 'hidden_continuous_size': 5, 'attention_head_size': 4, 'learning_rate': 0.02027419543622234}. Best is trial 16 with value: 55.34184646606445.
LOCAL_RANK: 0 - CUDA_VISIBLE_DEVICES: [0]
[I 2023-12-15 11:52:16,939] Trial 37 finished with value: 250.2557830810547 and parameters: {'gradient_clip_val': 0.2876829318782406, 'hidden_size': 13, 'dropout': 0.2981995719081265, 'hidden_continuous_size': 7, 'attention_head_size': 1, 'learning_rate': 0.07082201286323492}. Best is trial 16 with value: 55.34184646606445.
LOCAL_RANK: 0 - CUDA_VISIBLE_DEVICES: [0]
[I 2023-12-15 11:53:02,462] Trial 38 finished with value: 410.0350036621094 and parameters: {'gradient_clip_val': 0.2413390535530896, 'hidden_size': 9, 'dropout': 0.26751318375529803, 'hidden_continuous_size': 6, 'attention_head_size': 3, 'learning_rate': 0.031740169389263766}. Best is trial 16 with value: 55.34184646606445.
LOCAL_RANK: 0 - CUDA_VISIBLE_DEVICES: [0]
[I 2023-12-15 11:53:47,881] Trial 39 finished with value: 217.4021453857422 and parameters: {'gradient_clip_val': 0.20200969160676616, 'hidden_size': 15, 'dropout': 0.2471442456606188, 'hidden_continuous_size': 7, 'attention_head_size': 2, 'learning_rate': 0.01383471192404438}. Best is trial 16 with value: 55.34184646606445.
LOCAL_RANK: 0 - CUDA_VISIBLE_DEVICES: [0]
[I 2023-12-15 11:54:36,344] Trial 40 finished with value: 328.2740783691406 and parameters: {'gradient_clip_val': 0.4515519927064256, 'hidden_size': 21, 'dropout': 0.3152120837882934, 'hidden_continuous_size': 7, 'attention_head_size': 3, 'learning_rate': 0.07481638790308472}. Best is trial 16 with value: 55.34184646606445.
LOCAL_RANK: 0 - CUDA_VISIBLE_DEVICES: [0]
[I 2023-12-15 11:55:20,935] Trial 41 finished with value: 85.12201690673828 and parameters: {'gradient_clip_val': 0.3075263507687069, 'hidden_size': 8, 'dropout': 0.3445929777329354, 'hidden_continuous_size': 5, 'attention_head_size': 4, 'learning_rate': 0.02534820960410016}. Best is trial 16 with value: 55.34184646606445.
LOCAL_RANK: 0 - CUDA_VISIBLE_DEVICES: [0]
[I 2023-12-15 11:56:05,844] Trial 42 finished with value: 178.4394989013672 and parameters: {'gradient_clip_val': 0.27652485641431124, 'hidden_size': 8, 'dropout': 0.3318850782493326, 'hidden_continuous_size': 7, 'attention_head_size': 4, 'learning_rate': 0.04005141850830009}. Best is trial 16 with value: 55.34184646606445.
LOCAL_RANK: 0 - CUDA_VISIBLE_DEVICES: [0]
[I 2023-12-15 11:56:51,738] Trial 43 finished with value: 111.32473754882812 and parameters: {'gradient_clip_val': 0.3468108846859542, 'hidden_size': 10, 'dropout': 0.3470237825633228, 'hidden_continuous_size': 6, 'attention_head_size': 4, 'learning_rate': 0.029634222933021}. Best is trial 16 with value: 55.34184646606445.
LOCAL_RANK: 0 - CUDA_VISIBLE_DEVICES: [0]
[I 2023-12-15 11:57:37,459] Trial 44 finished with value: 269.4931945800781 and parameters: {'gradient_clip_val': 0.23043972566935197, 'hidden_size': 6, 'dropout': 0.2989875384129801, 'hidden_continuous_size': 5, 'attention_head_size': 4, 'learning_rate': 0.04853806158060199}. Best is trial 16 with value: 55.34184646606445.
LOCAL_RANK: 0 - CUDA_VISIBLE_DEVICES: [0]
[I 2023-12-15 11:58:25,746] Trial 45 finished with value: 133.38560485839844 and parameters: {'gradient_clip_val': 0.4181765746357843, 'hidden_size': 18, 'dropout': 0.3213063617358758, 'hidden_continuous_size': 11, 'attention_head_size': 4, 'learning_rate': 0.021465034310687393}. Best is trial 16 with value: 55.34184646606445.
LOCAL_RANK: 0 - CUDA_VISIBLE_DEVICES: [0]
[I 2023-12-15 11:59:11,676] Trial 46 finished with value: 189.1248016357422 and parameters: {'gradient_clip_val': 0.35364017847447865, 'hidden_size': 7, 'dropout': 0.2839527977071161, 'hidden_continuous_size': 5, 'attention_head_size': 4, 'learning_rate': 0.032809279159865076}. Best is trial 16 with value: 55.34184646606445.
LOCAL_RANK: 0 - CUDA_VISIBLE_DEVICES: [0]
[I 2023-12-15 11:59:46,232] Trial 47 finished with value: 115.21004486083984 and parameters: {'gradient_clip_val': 0.2740877832436372, 'hidden_size': 5, 'dropout': 0.3735382382026916, 'hidden_continuous_size': 5, 'attention_head_size': 4, 'learning_rate': 0.01387658624742765}. Best is trial 16 with value: 55.34184646606445.
LOCAL_RANK: 0 - CUDA_VISIBLE_DEVICES: [0]
[I 2023-12-15 12:00:35,046] Trial 48 finished with value: 143.38870239257812 and parameters: {'gradient_clip_val': 0.3163156417842791, 'hidden_size': 29, 'dropout': 0.3543613978085387, 'hidden_continuous_size': 9, 'attention_head_size': 2, 'learning_rate': 0.023731423432497907}. Best is trial 16 with value: 55.34184646606445.
LOCAL_RANK: 0 - CUDA_VISIBLE_DEVICES: [0]
[I 2023-12-15 12:01:19,413] Trial 49 finished with value: 111.12417602539062 and parameters: {'gradient_clip_val': 0.5178767637925159, 'hidden_size': 9, 'dropout': 0.3068412702482402, 'hidden_continuous_size': 5, 'attention_head_size': 1, 'learning_rate': 0.01638982666498764}. Best is trial 16 with value: 55.34184646606445.
[I 2023-12-15 12:01:19,506] A new study created in memory with name: no-name-28304f4d-6c80-4b76-ad1c-5fa312bcc6a9
/home/le004/conda/anaconda3/envs/tsff_env/lib/python3.9/site-packages/lightning/fabric/plugins/environments/slurm.py:191: The `srun` command is available on your system but is not used. HINT: If your intention is to run Lightning on SLURM, prepend your python command with `srun` like so: srun python /home/le004/master_thesis/git/TSFusionForecast/code/ ...
LOCAL_RANK: 0 - CUDA_VISIBLE_DEVICES: [0]
[I 2023-12-15 12:02:11,855] Trial 0 finished with value: 209.3998260498047 and parameters: {'gradient_clip_val': 0.17788410286084705, 'hidden_size': 48, 'dropout': 0.2188800441964841, 'hidden_continuous_size': 16, 'attention_head_size': 3, 'learning_rate': 0.0019262312727910795}. Best is trial 0 with value: 209.3998260498047.
LOCAL_RANK: 0 - CUDA_VISIBLE_DEVICES: [0]
[I 2023-12-15 12:02:45,711] Trial 1 finished with value: 153.18104553222656 and parameters: {'gradient_clip_val': 0.11061883452880604, 'hidden_size': 14, 'dropout': 0.14557450412463946, 'hidden_continuous_size': 14, 'attention_head_size': 2, 'learning_rate': 0.0016208892924520506}. Best is trial 1 with value: 153.18104553222656.
LOCAL_RANK: 0 - CUDA_VISIBLE_DEVICES: [0]
[I 2023-12-15 12:03:18,736] Trial 2 finished with value: 186.39781188964844 and parameters: {'gradient_clip_val': 0.15550929867677213, 'hidden_size': 5, 'dropout': 0.10743889311322638, 'hidden_continuous_size': 5, 'attention_head_size': 1, 'learning_rate': 0.03637783741587523}. Best is trial 1 with value: 153.18104553222656.
LOCAL_RANK: 0 - CUDA_VISIBLE_DEVICES: [0]
[I 2023-12-15 12:04:09,135] Trial 3 finished with value: 211.28211975097656 and parameters: {'gradient_clip_val': 0.291994527534857, 'hidden_size': 34, 'dropout': 0.2106716636156512, 'hidden_continuous_size': 15, 'attention_head_size': 2, 'learning_rate': 0.019678735284812482}. Best is trial 1 with value: 153.18104553222656.
LOCAL_RANK: 0 - CUDA_VISIBLE_DEVICES: [0]
[I 2023-12-15 12:04:52,920] Trial 4 finished with value: 192.10707092285156 and parameters: {'gradient_clip_val': 0.36992497594085866, 'hidden_size': 8, 'dropout': 0.3270670169258384, 'hidden_continuous_size': 6, 'attention_head_size': 2, 'learning_rate': 0.015938759368413352}. Best is trial 1 with value: 153.18104553222656.
LOCAL_RANK: 0 - CUDA_VISIBLE_DEVICES: [0]
[I 2023-12-15 12:05:37,713] Trial 5 finished with value: 147.1565704345703 and parameters: {'gradient_clip_val': 0.36672952449089224, 'hidden_size': 6, 'dropout': 0.3596135462030934, 'hidden_continuous_size': 5, 'attention_head_size': 2, 'learning_rate': 0.0031804383026034825}. Best is trial 5 with value: 147.1565704345703.
LOCAL_RANK: 0 - CUDA_VISIBLE_DEVICES: [0]
[I 2023-12-15 12:06:25,847] Trial 6 finished with value: 208.49574279785156 and parameters: {'gradient_clip_val': 0.8200354801753914, 'hidden_size': 24, 'dropout': 0.15182652225594637, 'hidden_continuous_size': 18, 'attention_head_size': 3, 'learning_rate': 0.0038114822017867216}. Best is trial 5 with value: 147.1565704345703.
LOCAL_RANK: 0 - CUDA_VISIBLE_DEVICES: [0]
[I 2023-12-15 12:07:18,283] Trial 7 finished with value: 249.5148162841797 and parameters: {'gradient_clip_val': 0.9445866026440101, 'hidden_size': 92, 'dropout': 0.3021528064523465, 'hidden_continuous_size': 11, 'attention_head_size': 1, 'learning_rate': 0.032441466920968665}. Best is trial 5 with value: 147.1565704345703.
LOCAL_RANK: 0 - CUDA_VISIBLE_DEVICES: [0]
[I 2023-12-15 12:08:12,154] Trial 8 finished with value: 191.29901123046875 and parameters: {'gradient_clip_val': 0.21952978090120523, 'hidden_size': 73, 'dropout': 0.3960240925252011, 'hidden_continuous_size': 13, 'attention_head_size': 3, 'learning_rate': 0.008236934358398758}. Best is trial 5 with value: 147.1565704345703.
LOCAL_RANK: 0 - CUDA_VISIBLE_DEVICES: [0]
[I 2023-12-15 12:09:07,814] Trial 9 finished with value: 243.9257049560547 and parameters: {'gradient_clip_val': 0.11411141002203667, 'hidden_size': 87, 'dropout': 0.3546489444048171, 'hidden_continuous_size': 52, 'attention_head_size': 2, 'learning_rate': 0.028811459877274976}. Best is trial 5 with value: 147.1565704345703.
LOCAL_RANK: 0 - CUDA_VISIBLE_DEVICES: [0]
[I 2023-12-15 12:09:53,749] Trial 10 finished with value: 198.920654296875 and parameters: {'gradient_clip_val': 0.5294590608277127, 'hidden_size': 13, 'dropout': 0.28556773443420236, 'hidden_continuous_size': 5, 'attention_head_size': 4, 'learning_rate': 0.0006708440483357757}. Best is trial 5 with value: 147.1565704345703.
LOCAL_RANK: 0 - CUDA_VISIBLE_DEVICES: [0]
[I 2023-12-15 12:10:39,371] Trial 11 finished with value: 225.18792724609375 and parameters: {'gradient_clip_val': 0.10142580639471459, 'hidden_size': 13, 'dropout': 0.25150484534761275, 'hidden_continuous_size': 7, 'attention_head_size': 2, 'learning_rate': 0.001704983820236545}. Best is trial 5 with value: 147.1565704345703.
LOCAL_RANK: 0 - CUDA_VISIBLE_DEVICES: [0]
[I 2023-12-15 12:11:12,707] Trial 12 finished with value: 113.55331420898438 and parameters: {'gradient_clip_val': 0.29871371276675074, 'hidden_size': 5, 'dropout': 0.1722511095883363, 'hidden_continuous_size': 5, 'attention_head_size': 1, 'learning_rate': 0.08290897136627408}. Best is trial 12 with value: 113.55331420898438.
LOCAL_RANK: 0 - CUDA_VISIBLE_DEVICES: [0]
[I 2023-12-15 12:11:46,120] Trial 13 finished with value: 182.3302459716797 and parameters: {'gradient_clip_val': 0.39740277479053715, 'hidden_size': 5, 'dropout': 0.3782975147855661, 'hidden_continuous_size': 5, 'attention_head_size': 1, 'learning_rate': 0.09647195040747805}. Best is trial 12 with value: 113.55331420898438.
LOCAL_RANK: 0 - CUDA_VISIBLE_DEVICES: [0]
[I 2023-12-15 12:12:30,338] Trial 14 finished with value: 290.7353210449219 and parameters: {'gradient_clip_val': 0.28280587516242783, 'hidden_size': 7, 'dropout': 0.34434753489052455, 'hidden_continuous_size': 5, 'attention_head_size': 1, 'learning_rate': 0.09984193254503168}. Best is trial 12 with value: 113.55331420898438.
LOCAL_RANK: 0 - CUDA_VISIBLE_DEVICES: [0]
