[I 2023-12-16 00:13:07,445] Trial 18 finished with value: 1.8729791641235352 and parameters: {'gradient_clip_val': 0.16040106358236686, 'hidden_size': 7, 'dropout': 0.2236193978236477, 'hidden_continuous_size': 5, 'attention_head_size': 2, 'learning_rate': 0.0030358828167907476}. Best is trial 3 with value: 0.4847637414932251.
LOCAL_RANK: 0 - CUDA_VISIBLE_DEVICES: [0]
[I 2023-12-16 00:13:44,218] Trial 19 finished with value: 2.9948651790618896 and parameters: {'gradient_clip_val': 0.43620081725693144, 'hidden_size': 5, 'dropout': 0.2525991564993542, 'hidden_continuous_size': 5, 'attention_head_size': 3, 'learning_rate': 0.007333726118261411}. Best is trial 3 with value: 0.4847637414932251.
LOCAL_RANK: 0 - CUDA_VISIBLE_DEVICES: [0]
[I 2023-12-16 00:14:31,468] Trial 20 finished with value: 1.5603023767471313 and parameters: {'gradient_clip_val': 0.2804542539681115, 'hidden_size': 13, 'dropout': 0.17528726987446047, 'hidden_continuous_size': 6, 'attention_head_size': 4, 'learning_rate': 0.0009225215835445479}. Best is trial 3 with value: 0.4847637414932251.
LOCAL_RANK: 0 - CUDA_VISIBLE_DEVICES: [0]
[I 2023-12-16 00:15:17,334] Trial 21 finished with value: 0.50453120470047 and parameters: {'gradient_clip_val': 0.7452596801252696, 'hidden_size': 7, 'dropout': 0.12195112139054948, 'hidden_continuous_size': 5, 'attention_head_size': 2, 'learning_rate': 0.05335527581082312}. Best is trial 3 with value: 0.4847637414932251.
LOCAL_RANK: 0 - CUDA_VISIBLE_DEVICES: [0]
[I 2023-12-16 00:16:03,709] Trial 22 finished with value: 0.4105120599269867 and parameters: {'gradient_clip_val': 0.7240876556450659, 'hidden_size': 9, 'dropout': 0.1347452051965278, 'hidden_continuous_size': 6, 'attention_head_size': 2, 'learning_rate': 0.05091614679569018}. Best is trial 22 with value: 0.4105120599269867.
LOCAL_RANK: 0 - CUDA_VISIBLE_DEVICES: [0]
[I 2023-12-16 00:16:49,614] Trial 23 finished with value: 1.6472879648208618 and parameters: {'gradient_clip_val': 0.7000260986162244, 'hidden_size': 9, 'dropout': 0.1377091283782723, 'hidden_continuous_size': 6, 'attention_head_size': 1, 'learning_rate': 0.025513662290344713}. Best is trial 22 with value: 0.4105120599269867.
LOCAL_RANK: 0 - CUDA_VISIBLE_DEVICES: [0]
[I 2023-12-16 00:17:35,687] Trial 24 finished with value: 2.928426504135132 and parameters: {'gradient_clip_val': 0.6690033194588326, 'hidden_size': 6, 'dropout': 0.10063575432199068, 'hidden_continuous_size': 5, 'attention_head_size': 2, 'learning_rate': 0.03906035800109281}. Best is trial 22 with value: 0.4105120599269867.
LOCAL_RANK: 0 - CUDA_VISIBLE_DEVICES: [0]
[I 2023-12-16 00:18:22,420] Trial 25 finished with value: 0.34837400913238525 and parameters: {'gradient_clip_val': 0.9225168720975981, 'hidden_size': 9, 'dropout': 0.16790913358471382, 'hidden_continuous_size': 6, 'attention_head_size': 3, 'learning_rate': 0.08374249256492705}. Best is trial 25 with value: 0.34837400913238525.
LOCAL_RANK: 0 - CUDA_VISIBLE_DEVICES: [0]
[I 2023-12-16 00:19:09,420] Trial 26 finished with value: 0.9823537468910217 and parameters: {'gradient_clip_val': 0.5279510401824209, 'hidden_size': 14, 'dropout': 0.17790809717379674, 'hidden_continuous_size': 7, 'attention_head_size': 3, 'learning_rate': 0.0921966668630451}. Best is trial 25 with value: 0.34837400913238525.
LOCAL_RANK: 0 - CUDA_VISIBLE_DEVICES: [0]
[I 2023-12-16 00:19:56,673] Trial 27 finished with value: 1.6076847314834595 and parameters: {'gradient_clip_val': 0.9965229478534, 'hidden_size': 10, 'dropout': 0.2286843364903537, 'hidden_continuous_size': 6, 'attention_head_size': 3, 'learning_rate': 0.07144780915648338}. Best is trial 25 with value: 0.34837400913238525.
LOCAL_RANK: 0 - CUDA_VISIBLE_DEVICES: [0]
[I 2023-12-16 00:20:43,499] Trial 28 finished with value: 2.044992208480835 and parameters: {'gradient_clip_val': 0.8015061842660424, 'hidden_size': 11, 'dropout': 0.16640467115174817, 'hidden_continuous_size': 6, 'attention_head_size': 3, 'learning_rate': 0.05331715975092092}. Best is trial 25 with value: 0.34837400913238525.
LOCAL_RANK: 0 - CUDA_VISIBLE_DEVICES: [0]
[I 2023-12-16 00:21:34,104] Trial 29 finished with value: 1.2054778337478638 and parameters: {'gradient_clip_val': 0.7240333086087629, 'hidden_size': 22, 'dropout': 0.12877122527700666, 'hidden_continuous_size': 9, 'attention_head_size': 4, 'learning_rate': 0.060495769154244664}. Best is trial 25 with value: 0.34837400913238525.
LOCAL_RANK: 0 - CUDA_VISIBLE_DEVICES: [0]
[I 2023-12-16 00:22:21,375] Trial 30 finished with value: 2.8134610652923584 and parameters: {'gradient_clip_val': 0.8718961693353744, 'hidden_size': 14, 'dropout': 0.19902502444811607, 'hidden_continuous_size': 7, 'attention_head_size': 4, 'learning_rate': 0.09198524048505642}. Best is trial 25 with value: 0.34837400913238525.
LOCAL_RANK: 0 - CUDA_VISIBLE_DEVICES: [0]
[I 2023-12-16 00:23:06,858] Trial 31 finished with value: 0.5391359329223633 and parameters: {'gradient_clip_val': 0.87317029526224, 'hidden_size': 8, 'dropout': 0.15079009872653376, 'hidden_continuous_size': 6, 'attention_head_size': 2, 'learning_rate': 0.028990272865861106}. Best is trial 25 with value: 0.34837400913238525.
LOCAL_RANK: 0 - CUDA_VISIBLE_DEVICES: [0]
[I 2023-12-16 00:23:53,201] Trial 32 finished with value: 2.4143121242523193 and parameters: {'gradient_clip_val': 0.9513681777448488, 'hidden_size': 9, 'dropout': 0.13327377027464526, 'hidden_continuous_size': 6, 'attention_head_size': 2, 'learning_rate': 0.044151649363085334}. Best is trial 25 with value: 0.34837400913238525.
LOCAL_RANK: 0 - CUDA_VISIBLE_DEVICES: [0]
[I 2023-12-16 00:24:39,767] Trial 33 finished with value: 0.06532260030508041 and parameters: {'gradient_clip_val': 0.658886347593826, 'hidden_size': 6, 'dropout': 0.11672394151495796, 'hidden_continuous_size': 5, 'attention_head_size': 3, 'learning_rate': 0.033254214705955215}. Best is trial 33 with value: 0.06532260030508041.
LOCAL_RANK: 0 - CUDA_VISIBLE_DEVICES: [0]
[I 2023-12-16 00:25:29,001] Trial 34 finished with value: 1.4369817972183228 and parameters: {'gradient_clip_val': 0.6533539383479204, 'hidden_size': 19, 'dropout': 0.1140134572269447, 'hidden_continuous_size': 8, 'attention_head_size': 3, 'learning_rate': 0.037924140767054776}. Best is trial 33 with value: 0.06532260030508041.
LOCAL_RANK: 0 - CUDA_VISIBLE_DEVICES: [0]
[I 2023-12-16 00:26:15,253] Trial 35 finished with value: 2.6333796977996826 and parameters: {'gradient_clip_val': 0.7593028513189124, 'hidden_size': 6, 'dropout': 0.11329986183060234, 'hidden_continuous_size': 5, 'attention_head_size': 3, 'learning_rate': 0.06922283649958967}. Best is trial 33 with value: 0.06532260030508041.
LOCAL_RANK: 0 - CUDA_VISIBLE_DEVICES: [0]
[I 2023-12-16 00:27:01,066] Trial 36 finished with value: 1.0569392442703247 and parameters: {'gradient_clip_val': 0.10138015054014411, 'hidden_size': 12, 'dropout': 0.16302757784185729, 'hidden_continuous_size': 7, 'attention_head_size': 3, 'learning_rate': 0.023773832101748726}. Best is trial 33 with value: 0.06532260030508041.
LOCAL_RANK: 0 - CUDA_VISIBLE_DEVICES: [0]
[I 2023-12-16 00:27:48,298] Trial 37 finished with value: 0.3804732859134674 and parameters: {'gradient_clip_val': 0.5250732940444608, 'hidden_size': 16, 'dropout': 0.13586577075738265, 'hidden_continuous_size': 7, 'attention_head_size': 4, 'learning_rate': 0.06860720044995178}. Best is trial 33 with value: 0.06532260030508041.
LOCAL_RANK: 0 - CUDA_VISIBLE_DEVICES: [0]
[I 2023-12-16 00:28:34,981] Trial 38 finished with value: 0.41937246918678284 and parameters: {'gradient_clip_val': 0.5316017761171594, 'hidden_size': 16, 'dropout': 0.13989470922471742, 'hidden_continuous_size': 8, 'attention_head_size': 4, 'learning_rate': 0.07442444900033186}. Best is trial 33 with value: 0.06532260030508041.
LOCAL_RANK: 0 - CUDA_VISIBLE_DEVICES: [0]
[I 2023-12-16 00:29:26,189] Trial 39 finished with value: 0.7981882691383362 and parameters: {'gradient_clip_val': 0.7859586062372685, 'hidden_size': 25, 'dropout': 0.11530955932595177, 'hidden_continuous_size': 13, 'attention_head_size': 4, 'learning_rate': 0.047947621329331384}. Best is trial 33 with value: 0.06532260030508041.
LOCAL_RANK: 0 - CUDA_VISIBLE_DEVICES: [0]
[I 2023-12-16 00:30:13,595] Trial 40 finished with value: 0.7918477654457092 and parameters: {'gradient_clip_val': 0.6421327830174325, 'hidden_size': 11, 'dropout': 0.10017809787700835, 'hidden_continuous_size': 6, 'attention_head_size': 4, 'learning_rate': 0.03162909942733271}. Best is trial 33 with value: 0.06532260030508041.
LOCAL_RANK: 0 - CUDA_VISIBLE_DEVICES: [0]
[I 2023-12-16 00:30:59,988] Trial 41 finished with value: 1.470812201499939 and parameters: {'gradient_clip_val': 0.5612620350939095, 'hidden_size': 16, 'dropout': 0.1403552566390321, 'hidden_continuous_size': 8, 'attention_head_size': 4, 'learning_rate': 0.06929485891080371}. Best is trial 33 with value: 0.06532260030508041.
LOCAL_RANK: 0 - CUDA_VISIBLE_DEVICES: [0]
[I 2023-12-16 00:31:46,814] Trial 42 finished with value: 1.9646323919296265 and parameters: {'gradient_clip_val': 0.4871334587102112, 'hidden_size': 16, 'dropout': 0.13383522411663518, 'hidden_continuous_size': 7, 'attention_head_size': 4, 'learning_rate': 0.09948077852590988}. Best is trial 33 with value: 0.06532260030508041.
LOCAL_RANK: 0 - CUDA_VISIBLE_DEVICES: [0]
[I 2023-12-16 00:32:37,698] Trial 43 finished with value: 1.1543010473251343 and parameters: {'gradient_clip_val': 0.60898755936017, 'hidden_size': 27, 'dropout': 0.15228961562694726, 'hidden_continuous_size': 9, 'attention_head_size': 4, 'learning_rate': 0.07027176853453482}. Best is trial 33 with value: 0.06532260030508041.
LOCAL_RANK: 0 - CUDA_VISIBLE_DEVICES: [0]
[I 2023-12-16 00:33:25,386] Trial 44 finished with value: 0.9090384840965271 and parameters: {'gradient_clip_val': 0.40884317427885997, 'hidden_size': 13, 'dropout': 0.1230940805754074, 'hidden_continuous_size': 7, 'attention_head_size': 4, 'learning_rate': 0.04395136232431862}. Best is trial 33 with value: 0.06532260030508041.
LOCAL_RANK: 0 - CUDA_VISIBLE_DEVICES: [0]
[I 2023-12-16 00:34:14,705] Trial 45 finished with value: 0.528359591960907 and parameters: {'gradient_clip_val': 0.5201612301969398, 'hidden_size': 18, 'dropout': 0.13724453007906084, 'hidden_continuous_size': 10, 'attention_head_size': 3, 'learning_rate': 0.055419715479527454}. Best is trial 33 with value: 0.06532260030508041.
LOCAL_RANK: 0 - CUDA_VISIBLE_DEVICES: [0]
[I 2023-12-16 00:35:02,150] Trial 46 finished with value: 1.6093201637268066 and parameters: {'gradient_clip_val': 0.5786763088423175, 'hidden_size': 10, 'dropout': 0.18095736952785738, 'hidden_continuous_size': 7, 'attention_head_size': 4, 'learning_rate': 0.07927643420577184}. Best is trial 33 with value: 0.06532260030508041.
LOCAL_RANK: 0 - CUDA_VISIBLE_DEVICES: [0]
[I 2023-12-16 00:35:47,711] Trial 47 finished with value: 3.030531644821167 and parameters: {'gradient_clip_val': 0.6790229215500238, 'hidden_size': 8, 'dropout': 0.16024087760382452, 'hidden_continuous_size': 6, 'attention_head_size': 3, 'learning_rate': 0.03662592558569596}. Best is trial 33 with value: 0.06532260030508041.
LOCAL_RANK: 0 - CUDA_VISIBLE_DEVICES: [0]
[I 2023-12-16 00:36:34,293] Trial 48 finished with value: 2.3213093280792236 and parameters: {'gradient_clip_val': 0.8088413084055214, 'hidden_size': 15, 'dropout': 0.14265986938989056, 'hidden_continuous_size': 8, 'attention_head_size': 1, 'learning_rate': 0.02139927591508137}. Best is trial 33 with value: 0.06532260030508041.
LOCAL_RANK: 0 - CUDA_VISIBLE_DEVICES: [0]
[I 2023-12-16 00:37:20,690] Trial 49 finished with value: 2.3609888553619385 and parameters: {'gradient_clip_val': 0.5140300291990058, 'hidden_size': 12, 'dropout': 0.12299627651776196, 'hidden_continuous_size': 7, 'attention_head_size': 4, 'learning_rate': 0.05798712898498163}. Best is trial 33 with value: 0.06532260030508041.
[I 2023-12-16 00:37:20,784] A new study created in memory with name: no-name-8f509eb5-f648-48f3-a774-a4f7b9aaed1e
/home/le004/conda/anaconda3/envs/tsff_env/lib/python3.9/site-packages/lightning/fabric/plugins/environments/slurm.py:191: The `srun` command is available on your system but is not used. HINT: If your intention is to run Lightning on SLURM, prepend your python command with `srun` like so: srun python /home/le004/master_thesis/git/TSFusionForecast/code/ ...
LOCAL_RANK: 0 - CUDA_VISIBLE_DEVICES: [0]
[I 2023-12-16 00:38:10,627] Trial 0 finished with value: 0.2700490653514862 and parameters: {'gradient_clip_val': 0.5390383318678574, 'hidden_size': 26, 'dropout': 0.3518222316241527, 'hidden_continuous_size': 6, 'attention_head_size': 3, 'learning_rate': 0.0016197845303678403}. Best is trial 0 with value: 0.2700490653514862.
LOCAL_RANK: 0 - CUDA_VISIBLE_DEVICES: [0]
[I 2023-12-16 00:38:47,709] Trial 1 finished with value: 0.5012527108192444 and parameters: {'gradient_clip_val': 0.629498282119333, 'hidden_size': 15, 'dropout': 0.2548450948983426, 'hidden_continuous_size': 15, 'attention_head_size': 1, 'learning_rate': 0.021352083728478993}. Best is trial 0 with value: 0.2700490653514862.
LOCAL_RANK: 0 - CUDA_VISIBLE_DEVICES: [0]
[I 2023-12-16 00:39:38,359] Trial 2 finished with value: 0.2705502510070801 and parameters: {'gradient_clip_val': 0.10011482322612611, 'hidden_size': 26, 'dropout': 0.19603461084037793, 'hidden_continuous_size': 8, 'attention_head_size': 4, 'learning_rate': 0.001472695888788805}. Best is trial 0 with value: 0.2700490653514862.
LOCAL_RANK: 0 - CUDA_VISIBLE_DEVICES: [0]
[I 2023-12-16 00:40:24,731] Trial 3 finished with value: 0.6532708406448364 and parameters: {'gradient_clip_val': 0.4414293970958458, 'hidden_size': 11, 'dropout': 0.3065355861264597, 'hidden_continuous_size': 10, 'attention_head_size': 1, 'learning_rate': 0.016055549711493894}. Best is trial 0 with value: 0.2700490653514862.
LOCAL_RANK: 0 - CUDA_VISIBLE_DEVICES: [0]
[I 2023-12-16 00:41:11,242] Trial 4 finished with value: 0.28868216276168823 and parameters: {'gradient_clip_val': 0.11650517600625553, 'hidden_size': 11, 'dropout': 0.2550424342784824, 'hidden_continuous_size': 5, 'attention_head_size': 3, 'learning_rate': 0.0026402613791805694}. Best is trial 0 with value: 0.2700490653514862.
LOCAL_RANK: 0 - CUDA_VISIBLE_DEVICES: [0]
[I 2023-12-16 00:41:57,822] Trial 5 finished with value: 0.22707240283489227 and parameters: {'gradient_clip_val': 0.8865762718987349, 'hidden_size': 10, 'dropout': 0.16715618522119344, 'hidden_continuous_size': 5, 'attention_head_size': 2, 'learning_rate': 0.039080080920498396}. Best is trial 5 with value: 0.22707240283489227.
LOCAL_RANK: 0 - CUDA_VISIBLE_DEVICES: [0]
[I 2023-12-16 00:42:47,054] Trial 6 finished with value: 0.09938585013151169 and parameters: {'gradient_clip_val': 0.5629638581283766, 'hidden_size': 22, 'dropout': 0.17791656491998686, 'hidden_continuous_size': 5, 'attention_head_size': 3, 'learning_rate': 0.09432587643203486}. Best is trial 6 with value: 0.09938585013151169.
LOCAL_RANK: 0 - CUDA_VISIBLE_DEVICES: [0]
[I 2023-12-16 00:43:32,825] Trial 7 finished with value: 0.4831956624984741 and parameters: {'gradient_clip_val': 0.4628974947497316, 'hidden_size': 16, 'dropout': 0.2547966450847954, 'hidden_continuous_size': 5, 'attention_head_size': 2, 'learning_rate': 0.006955515303400699}. Best is trial 6 with value: 0.09938585013151169.
LOCAL_RANK: 0 - CUDA_VISIBLE_DEVICES: [0]
[I 2023-12-16 00:44:08,919] Trial 8 finished with value: 0.1408492624759674 and parameters: {'gradient_clip_val': 0.3109248626368266, 'hidden_size': 5, 'dropout': 0.24540200666427173, 'hidden_continuous_size': 5, 'attention_head_size': 1, 'learning_rate': 0.012856347067962834}. Best is trial 6 with value: 0.09938585013151169.
LOCAL_RANK: 0 - CUDA_VISIBLE_DEVICES: [0]
[I 2023-12-16 00:45:03,323] Trial 9 finished with value: 0.3338819444179535 and parameters: {'gradient_clip_val': 0.22264735216707335, 'hidden_size': 39, 'dropout': 0.14849228330580286, 'hidden_continuous_size': 36, 'attention_head_size': 3, 'learning_rate': 0.011502743442047037}. Best is trial 6 with value: 0.09938585013151169.
LOCAL_RANK: 0 - CUDA_VISIBLE_DEVICES: [0]
[I 2023-12-16 00:46:02,004] Trial 10 finished with value: 0.15682253241539001 and parameters: {'gradient_clip_val': 0.8974972517375716, 'hidden_size': 82, 'dropout': 0.11382587584802178, 'hidden_continuous_size': 75, 'attention_head_size': 4, 'learning_rate': 0.0973862843148787}. Best is trial 6 with value: 0.09938585013151169.
LOCAL_RANK: 0 - CUDA_VISIBLE_DEVICES: [0]
[I 2023-12-16 00:46:38,732] Trial 11 finished with value: 3.573566436767578 and parameters: {'gradient_clip_val': 0.2655634521357543, 'hidden_size': 5, 'dropout': 0.2059329088006858, 'hidden_continuous_size': 5, 'attention_head_size': 2, 'learning_rate': 0.0005192495782926988}. Best is trial 6 with value: 0.09938585013151169.
LOCAL_RANK: 0 - CUDA_VISIBLE_DEVICES: [0]
[I 2023-12-16 00:47:15,074] Trial 12 finished with value: 0.1294011026620865 and parameters: {'gradient_clip_val': 0.32750312395038567, 'hidden_size': 5, 'dropout': 0.20724200954282454, 'hidden_continuous_size': 5, 'attention_head_size': 1, 'learning_rate': 0.09936693324826813}. Best is trial 6 with value: 0.09938585013151169.
LOCAL_RANK: 0 - CUDA_VISIBLE_DEVICES: [0]
[I 2023-12-16 00:48:01,827] Trial 13 finished with value: 0.0648302510380745 and parameters: {'gradient_clip_val': 0.386605506572719, 'hidden_size': 7, 'dropout': 0.10219164549341339, 'hidden_continuous_size': 5, 'attention_head_size': 3, 'learning_rate': 0.09860019482515593}. Best is trial 13 with value: 0.0648302510380745.
LOCAL_RANK: 0 - CUDA_VISIBLE_DEVICES: [0]
[I 2023-12-16 00:48:47,148] Trial 14 finished with value: 0.14901202917099 and parameters: {'gradient_clip_val': 0.6548768804786337, 'hidden_size': 8, 'dropout': 0.10046750064168611, 'hidden_continuous_size': 5, 'attention_head_size': 3, 'learning_rate': 0.04543064128615894}. Best is trial 13 with value: 0.0648302510380745.
LOCAL_RANK: 0 - CUDA_VISIBLE_DEVICES: [0]
[I 2023-12-16 00:49:40,100] Trial 15 finished with value: 0.10100718587636948 and parameters: {'gradient_clip_val': 0.3877967827886975, 'hidden_size': 42, 'dropout': 0.13583266972219876, 'hidden_continuous_size': 8, 'attention_head_size': 4, 'learning_rate': 0.04349214974852829}. Best is trial 13 with value: 0.0648302510380745.
LOCAL_RANK: 0 - CUDA_VISIBLE_DEVICES: [0]
[I 2023-12-16 00:50:28,031] Trial 16 finished with value: 0.09618141502141953 and parameters: {'gradient_clip_val': 0.60887211958681, 'hidden_size': 18, 'dropout': 0.1262169491150316, 'hidden_continuous_size': 6, 'attention_head_size': 3, 'learning_rate': 0.09190687796207045}. Best is trial 13 with value: 0.0648302510380745.
LOCAL_RANK: 0 - CUDA_VISIBLE_DEVICES: [0]
[I 2023-12-16 00:51:14,289] Trial 17 finished with value: 0.11895009130239487 and parameters: {'gradient_clip_val': 0.7353216278213947, 'hidden_size': 7, 'dropout': 0.10201305439376546, 'hidden_continuous_size': 6, 'attention_head_size': 2, 'learning_rate': 0.05383368322712717}. Best is trial 13 with value: 0.0648302510380745.
LOCAL_RANK: 0 - CUDA_VISIBLE_DEVICES: [0]
[I 2023-12-16 00:52:01,698] Trial 18 finished with value: 0.17132258415222168 and parameters: {'gradient_clip_val': 0.9383696403511816, 'hidden_size': 15, 'dropout': 0.13829388180768426, 'hidden_continuous_size': 6, 'attention_head_size': 4, 'learning_rate': 0.027115195071004704}. Best is trial 13 with value: 0.0648302510380745.
LOCAL_RANK: 0 - CUDA_VISIBLE_DEVICES: [0]
[I 2023-12-16 00:52:48,092] Trial 19 finished with value: 0.12667258083820343 and parameters: {'gradient_clip_val': 0.4855319817431336, 'hidden_size': 7, 'dropout': 0.12375326597263334, 'hidden_continuous_size': 5, 'attention_head_size': 3, 'learning_rate': 0.061380262578645074}. Best is trial 13 with value: 0.0648302510380745.
LOCAL_RANK: 0 - CUDA_VISIBLE_DEVICES: [0]
[I 2023-12-16 00:53:33,254] Trial 20 finished with value: 0.09030875563621521 and parameters: {'gradient_clip_val': 0.3911930130417693, 'hidden_size': 8, 'dropout': 0.15523057922421357, 'hidden_continuous_size': 6, 'attention_head_size': 2, 'learning_rate': 0.02852986858330937}. Best is trial 13 with value: 0.0648302510380745.
LOCAL_RANK: 0 - CUDA_VISIBLE_DEVICES: [0]
[I 2023-12-16 00:54:18,187] Trial 21 finished with value: 0.33457207679748535 and parameters: {'gradient_clip_val': 0.4077783094055278, 'hidden_size': 8, 'dropout': 0.154041744083012, 'hidden_continuous_size': 6, 'attention_head_size': 2, 'learning_rate': 0.030691758958707113}. Best is trial 13 with value: 0.0648302510380745.
LOCAL_RANK: 0 - CUDA_VISIBLE_DEVICES: [0]
[I 2023-12-16 00:55:04,815] Trial 22 finished with value: 0.06856495887041092 and parameters: {'gradient_clip_val': 0.716740213647506, 'hidden_size': 6, 'dropout': 0.1302595265598081, 'hidden_continuous_size': 5, 'attention_head_size': 3, 'learning_rate': 0.0617466096397331}. Best is trial 13 with value: 0.0648302510380745.
LOCAL_RANK: 0 - CUDA_VISIBLE_DEVICES: [0]
[I 2023-12-16 00:55:50,715] Trial 23 finished with value: 0.09951698780059814 and parameters: {'gradient_clip_val': 0.7366744107234865, 'hidden_size': 6, 'dropout': 0.15803358809881288, 'hidden_continuous_size': 5, 'attention_head_size': 2, 'learning_rate': 0.061265856023532135}. Best is trial 13 with value: 0.0648302510380745.
LOCAL_RANK: 0 - CUDA_VISIBLE_DEVICES: [0]
[I 2023-12-16 00:56:37,735] Trial 24 finished with value: 0.0607372522354126 and parameters: {'gradient_clip_val': 0.3425611211584876, 'hidden_size': 9, 'dropout': 0.122822705224333, 'hidden_continuous_size': 5, 'attention_head_size': 3, 'learning_rate': 0.03191494725767596}. Best is trial 24 with value: 0.0607372522354126.
LOCAL_RANK: 0 - CUDA_VISIBLE_DEVICES: [0]
[I 2023-12-16 00:57:24,150] Trial 25 finished with value: 0.14336837828159332 and parameters: {'gradient_clip_val': 0.2186629962359175, 'hidden_size': 6, 'dropout': 0.11499409277530781, 'hidden_continuous_size': 5, 'attention_head_size': 3, 'learning_rate': 0.06149615459050357}. Best is trial 24 with value: 0.0607372522354126.
LOCAL_RANK: 0 - CUDA_VISIBLE_DEVICES: [0]
