[I 2023-12-15 15:24:56,983] Trial 43 finished with value: 0.45659804344177246 and parameters: {'gradient_clip_val': 0.10416601762381733, 'hidden_size': 29, 'dropout': 0.13678703925846505, 'hidden_continuous_size': 12, 'attention_head_size': 3, 'learning_rate': 0.01774504258361369}. Best is trial 0 with value: 0.16320975124835968.
LOCAL_RANK: 0 - CUDA_VISIBLE_DEVICES: [0]
[I 2023-12-15 15:25:47,187] Trial 44 finished with value: 2.197049856185913 and parameters: {'gradient_clip_val': 0.1769316822379003, 'hidden_size': 25, 'dropout': 0.11496611393534509, 'hidden_continuous_size': 13, 'attention_head_size': 2, 'learning_rate': 0.024517089604501437}. Best is trial 0 with value: 0.16320975124835968.
LOCAL_RANK: 0 - CUDA_VISIBLE_DEVICES: [0]
[I 2023-12-15 15:26:36,979] Trial 45 finished with value: 0.7329261898994446 and parameters: {'gradient_clip_val': 0.13162609850014215, 'hidden_size': 19, 'dropout': 0.20130806772025048, 'hidden_continuous_size': 11, 'attention_head_size': 3, 'learning_rate': 0.008755064747769688}. Best is trial 0 with value: 0.16320975124835968.
LOCAL_RANK: 0 - CUDA_VISIBLE_DEVICES: [0]
[I 2023-12-15 15:27:32,150] Trial 46 finished with value: 0.6926476359367371 and parameters: {'gradient_clip_val': 0.11712352636675818, 'hidden_size': 59, 'dropout': 0.16560861220511242, 'hidden_continuous_size': 16, 'attention_head_size': 4, 'learning_rate': 0.0009909285375376171}. Best is trial 0 with value: 0.16320975124835968.
LOCAL_RANK: 0 - CUDA_VISIBLE_DEVICES: [0]
[I 2023-12-15 15:28:20,843] Trial 47 finished with value: 0.35522475838661194 and parameters: {'gradient_clip_val': 0.14956348623160268, 'hidden_size': 24, 'dropout': 0.1864811579580853, 'hidden_continuous_size': 13, 'attention_head_size': 2, 'learning_rate': 0.018205133481559544}. Best is trial 0 with value: 0.16320975124835968.
LOCAL_RANK: 0 - CUDA_VISIBLE_DEVICES: [0]
[I 2023-12-15 15:29:09,141] Trial 48 finished with value: 0.3022182881832123 and parameters: {'gradient_clip_val': 0.10160755930806811, 'hidden_size': 14, 'dropout': 0.3300768148917866, 'hidden_continuous_size': 11, 'attention_head_size': 4, 'learning_rate': 0.013238906045368398}. Best is trial 0 with value: 0.16320975124835968.
LOCAL_RANK: 0 - CUDA_VISIBLE_DEVICES: [0]
[I 2023-12-15 15:30:02,294] Trial 49 finished with value: 0.14932745695114136 and parameters: {'gradient_clip_val': 0.16286042560461714, 'hidden_size': 38, 'dropout': 0.23224531123721595, 'hidden_continuous_size': 14, 'attention_head_size': 3, 'learning_rate': 0.031477266950405175}. Best is trial 49 with value: 0.14932745695114136.
[I 2023-12-15 15:30:02,388] A new study created in memory with name: no-name-6b243d0a-cd57-46f5-a265-c65732c2259d
/home/le004/conda/anaconda3/envs/tsff_env/lib/python3.9/site-packages/lightning/fabric/plugins/environments/slurm.py:191: The `srun` command is available on your system but is not used. HINT: If your intention is to run Lightning on SLURM, prepend your python command with `srun` like so: srun python /home/le004/master_thesis/git/TSFusionForecast/code/ ...
LOCAL_RANK: 0 - CUDA_VISIBLE_DEVICES: [0]
[I 2023-12-15 15:30:57,424] Trial 0 finished with value: 2.7430922985076904 and parameters: {'gradient_clip_val': 0.13584323517611807, 'hidden_size': 67, 'dropout': 0.29581079308269354, 'hidden_continuous_size': 12, 'attention_head_size': 4, 'learning_rate': 0.0006037877491327883}. Best is trial 0 with value: 2.7430922985076904.
LOCAL_RANK: 0 - CUDA_VISIBLE_DEVICES: [0]
[I 2023-12-15 15:31:51,907] Trial 1 finished with value: 4.228731632232666 and parameters: {'gradient_clip_val': 0.11701899236667032, 'hidden_size': 58, 'dropout': 0.10947951590951106, 'hidden_continuous_size': 36, 'attention_head_size': 1, 'learning_rate': 0.0013777638694359596}. Best is trial 0 with value: 2.7430922985076904.
LOCAL_RANK: 0 - CUDA_VISIBLE_DEVICES: [0]
[I 2023-12-15 15:32:47,814] Trial 2 finished with value: 3.332289457321167 and parameters: {'gradient_clip_val': 0.11539356865723116, 'hidden_size': 81, 'dropout': 0.12879654968650103, 'hidden_continuous_size': 22, 'attention_head_size': 4, 'learning_rate': 0.010619256406963352}. Best is trial 0 with value: 2.7430922985076904.
LOCAL_RANK: 0 - CUDA_VISIBLE_DEVICES: [0]
[I 2023-12-15 15:33:41,132] Trial 3 finished with value: 1.4404751062393188 and parameters: {'gradient_clip_val': 0.10899621378310023, 'hidden_size': 43, 'dropout': 0.36670428816268374, 'hidden_continuous_size': 16, 'attention_head_size': 2, 'learning_rate': 0.002268181460943388}. Best is trial 3 with value: 1.4404751062393188.
LOCAL_RANK: 0 - CUDA_VISIBLE_DEVICES: [0]
[I 2023-12-15 15:34:19,814] Trial 4 finished with value: 3.3820877075195312 and parameters: {'gradient_clip_val': 0.25147908233540245, 'hidden_size': 6, 'dropout': 0.2652185434185991, 'hidden_continuous_size': 6, 'attention_head_size': 4, 'learning_rate': 0.010171284413797227}. Best is trial 3 with value: 1.4404751062393188.
LOCAL_RANK: 0 - CUDA_VISIBLE_DEVICES: [0]
[I 2023-12-15 15:35:05,803] Trial 5 finished with value: 2.6046152114868164 and parameters: {'gradient_clip_val': 0.5229805549112764, 'hidden_size': 9, 'dropout': 0.16640952704458836, 'hidden_continuous_size': 8, 'attention_head_size': 1, 'learning_rate': 0.005489536323064157}. Best is trial 3 with value: 1.4404751062393188.
LOCAL_RANK: 0 - CUDA_VISIBLE_DEVICES: [0]
[I 2023-12-15 15:35:41,104] Trial 6 finished with value: 2.1143739223480225 and parameters: {'gradient_clip_val': 0.1736256646168345, 'hidden_size': 13, 'dropout': 0.18297808212228667, 'hidden_continuous_size': 13, 'attention_head_size': 1, 'learning_rate': 0.0018829146119222087}. Best is trial 3 with value: 1.4404751062393188.
LOCAL_RANK: 0 - CUDA_VISIBLE_DEVICES: [0]
[I 2023-12-15 15:36:17,066] Trial 7 finished with value: 2.1404306888580322 and parameters: {'gradient_clip_val': 0.5830182361316604, 'hidden_size': 9, 'dropout': 0.2306655520457006, 'hidden_continuous_size': 9, 'attention_head_size': 1, 'learning_rate': 0.0032392629170865488}. Best is trial 3 with value: 1.4404751062393188.
LOCAL_RANK: 0 - CUDA_VISIBLE_DEVICES: [0]
[I 2023-12-15 15:37:03,605] Trial 8 finished with value: 3.983886480331421 and parameters: {'gradient_clip_val': 0.7726397772252043, 'hidden_size': 9, 'dropout': 0.34187183897516127, 'hidden_continuous_size': 7, 'attention_head_size': 2, 'learning_rate': 0.0009778546046369228}. Best is trial 3 with value: 1.4404751062393188.
LOCAL_RANK: 0 - CUDA_VISIBLE_DEVICES: [0]
[I 2023-12-15 15:37:54,332] Trial 9 finished with value: 0.2263963371515274 and parameters: {'gradient_clip_val': 0.14059159361031687, 'hidden_size': 31, 'dropout': 0.18128916069403628, 'hidden_continuous_size': 11, 'attention_head_size': 4, 'learning_rate': 0.013790728921008234}. Best is trial 9 with value: 0.2263963371515274.
LOCAL_RANK: 0 - CUDA_VISIBLE_DEVICES: [0]
[I 2023-12-15 15:38:43,379] Trial 10 finished with value: 1.3172804117202759 and parameters: {'gradient_clip_val': 0.2663046887218087, 'hidden_size': 28, 'dropout': 0.21615464970888493, 'hidden_continuous_size': 5, 'attention_head_size': 3, 'learning_rate': 0.038294883207903446}. Best is trial 9 with value: 0.2263963371515274.
LOCAL_RANK: 0 - CUDA_VISIBLE_DEVICES: [0]
[I 2023-12-15 15:39:33,227] Trial 11 finished with value: 4.519495964050293 and parameters: {'gradient_clip_val': 0.2411251838163663, 'hidden_size': 30, 'dropout': 0.2127089053979712, 'hidden_continuous_size': 5, 'attention_head_size': 3, 'learning_rate': 0.045820025493225364}. Best is trial 9 with value: 0.2263963371515274.
LOCAL_RANK: 0 - CUDA_VISIBLE_DEVICES: [0]
[I 2023-12-15 15:40:22,502] Trial 12 finished with value: 3.4102489948272705 and parameters: {'gradient_clip_val': 0.3323373368459795, 'hidden_size': 21, 'dropout': 0.17904160497016017, 'hidden_continuous_size': 5, 'attention_head_size': 3, 'learning_rate': 0.03621985441814325}. Best is trial 9 with value: 0.2263963371515274.
LOCAL_RANK: 0 - CUDA_VISIBLE_DEVICES: [0]
[I 2023-12-15 15:41:13,072] Trial 13 finished with value: 1.181954026222229 and parameters: {'gradient_clip_val': 0.17800142706567862, 'hidden_size': 27, 'dropout': 0.2609739947488822, 'hidden_continuous_size': 9, 'attention_head_size': 3, 'learning_rate': 0.0928811345285421}. Best is trial 9 with value: 0.2263963371515274.
LOCAL_RANK: 0 - CUDA_VISIBLE_DEVICES: [0]
[I 2023-12-15 15:42:02,720] Trial 14 finished with value: 1.9811996221542358 and parameters: {'gradient_clip_val': 0.161913611185668, 'hidden_size': 19, 'dropout': 0.2733675905955168, 'hidden_continuous_size': 9, 'attention_head_size': 4, 'learning_rate': 0.08680972449805853}. Best is trial 9 with value: 0.2263963371515274.
LOCAL_RANK: 0 - CUDA_VISIBLE_DEVICES: [0]
[I 2023-12-15 15:42:55,953] Trial 15 finished with value: 1.6521626710891724 and parameters: {'gradient_clip_val': 0.17909321675549955, 'hidden_size': 42, 'dropout': 0.30959715045463854, 'hidden_continuous_size': 11, 'attention_head_size': 3, 'learning_rate': 0.01817183457507776}. Best is trial 9 with value: 0.2263963371515274.
LOCAL_RANK: 0 - CUDA_VISIBLE_DEVICES: [0]
[I 2023-12-15 15:43:45,969] Trial 16 finished with value: 2.8404312133789062 and parameters: {'gradient_clip_val': 0.10213334188906806, 'hidden_size': 29, 'dropout': 0.24644371091372994, 'hidden_continuous_size': 7, 'attention_head_size': 2, 'learning_rate': 0.099213958078016}. Best is trial 9 with value: 0.2263963371515274.
LOCAL_RANK: 0 - CUDA_VISIBLE_DEVICES: [0]
[I 2023-12-15 15:44:40,686] Trial 17 finished with value: 1.77413809299469 and parameters: {'gradient_clip_val': 0.19349106508527178, 'hidden_size': 50, 'dropout': 0.14237009476438128, 'hidden_continuous_size': 18, 'attention_head_size': 4, 'learning_rate': 0.019673391461245214}. Best is trial 9 with value: 0.2263963371515274.
LOCAL_RANK: 0 - CUDA_VISIBLE_DEVICES: [0]
[I 2023-12-15 15:45:37,803] Trial 18 finished with value: 0.14560775458812714 and parameters: {'gradient_clip_val': 0.1436328144261605, 'hidden_size': 84, 'dropout': 0.19344637959720817, 'hidden_continuous_size': 61, 'attention_head_size': 3, 'learning_rate': 0.005126668178604497}. Best is trial 18 with value: 0.14560775458812714.
LOCAL_RANK: 0 - CUDA_VISIBLE_DEVICES: [0]
[I 2023-12-15 15:46:36,305] Trial 19 finished with value: 0.09586582332849503 and parameters: {'gradient_clip_val': 0.13723162260404126, 'hidden_size': 80, 'dropout': 0.20281836512074236, 'hidden_continuous_size': 69, 'attention_head_size': 4, 'learning_rate': 0.004978166621214617}. Best is trial 19 with value: 0.09586582332849503.
LOCAL_RANK: 0 - CUDA_VISIBLE_DEVICES: [0]
[I 2023-12-15 15:47:34,167] Trial 20 finished with value: 1.236397624015808 and parameters: {'gradient_clip_val': 0.13181485705210186, 'hidden_size': 75, 'dropout': 0.2078485811723542, 'hidden_continuous_size': 72, 'attention_head_size': 3, 'learning_rate': 0.005426387935270174}. Best is trial 19 with value: 0.09586582332849503.
LOCAL_RANK: 0 - CUDA_VISIBLE_DEVICES: [0]
[I 2023-12-15 15:48:33,674] Trial 21 finished with value: 0.411855548620224 and parameters: {'gradient_clip_val': 0.13819974724819634, 'hidden_size': 100, 'dropout': 0.1620921202418583, 'hidden_continuous_size': 93, 'attention_head_size': 4, 'learning_rate': 0.0037982090194121697}. Best is trial 19 with value: 0.09586582332849503.
LOCAL_RANK: 0 - CUDA_VISIBLE_DEVICES: [0]
[I 2023-12-15 15:49:31,032] Trial 22 finished with value: 2.180845022201538 and parameters: {'gradient_clip_val': 0.14356006821891157, 'hidden_size': 100, 'dropout': 0.19278313229949376, 'hidden_continuous_size': 54, 'attention_head_size': 4, 'learning_rate': 0.008167194953550004}. Best is trial 19 with value: 0.09586582332849503.
LOCAL_RANK: 0 - CUDA_VISIBLE_DEVICES: [0]
[I 2023-12-15 15:50:25,626] Trial 23 finished with value: 0.31391727924346924 and parameters: {'gradient_clip_val': 0.10082532996564228, 'hidden_size': 56, 'dropout': 0.15000464524517915, 'hidden_continuous_size': 33, 'attention_head_size': 4, 'learning_rate': 0.003965678046743716}. Best is trial 19 with value: 0.09586582332849503.
LOCAL_RANK: 0 - CUDA_VISIBLE_DEVICES: [0]
[I 2023-12-15 15:51:21,898] Trial 24 finished with value: 0.5353317856788635 and parameters: {'gradient_clip_val': 0.21552268741918784, 'hidden_size': 74, 'dropout': 0.1909469130181533, 'hidden_continuous_size': 47, 'attention_head_size': 3, 'learning_rate': 0.00654971383154288}. Best is trial 19 with value: 0.09586582332849503.
LOCAL_RANK: 0 - CUDA_VISIBLE_DEVICES: [0]
[I 2023-12-15 15:52:16,161] Trial 25 finished with value: 1.8701893091201782 and parameters: {'gradient_clip_val': 0.14975907369702388, 'hidden_size': 41, 'dropout': 0.23399960953881158, 'hidden_continuous_size': 24, 'attention_head_size': 4, 'learning_rate': 0.013150385674091073}. Best is trial 19 with value: 0.09586582332849503.
LOCAL_RANK: 0 - CUDA_VISIBLE_DEVICES: [0]
[I 2023-12-15 15:53:10,277] Trial 26 finished with value: 1.702805519104004 and parameters: {'gradient_clip_val': 0.12736529451484294, 'hidden_size': 52, 'dropout': 0.20481568008768858, 'hidden_continuous_size': 32, 'attention_head_size': 2, 'learning_rate': 0.008348872949718903}. Best is trial 19 with value: 0.09586582332849503.
LOCAL_RANK: 0 - CUDA_VISIBLE_DEVICES: [0]
[I 2023-12-15 15:54:07,257] Trial 27 finished with value: 1.3748689889907837 and parameters: {'gradient_clip_val': 0.20716508628412514, 'hidden_size': 82, 'dropout': 0.1624025405991587, 'hidden_continuous_size': 55, 'attention_head_size': 3, 'learning_rate': 0.0048704704752531545}. Best is trial 19 with value: 0.09586582332849503.
LOCAL_RANK: 0 - CUDA_VISIBLE_DEVICES: [0]
[I 2023-12-15 15:54:59,587] Trial 28 finished with value: 3.2690086364746094 and parameters: {'gradient_clip_val': 0.16312624468268436, 'hidden_size': 35, 'dropout': 0.1259736707599739, 'hidden_continuous_size': 14, 'attention_head_size': 4, 'learning_rate': 0.003464727813907656}. Best is trial 19 with value: 0.09586582332849503.
LOCAL_RANK: 0 - CUDA_VISIBLE_DEVICES: [0]
[I 2023-12-15 15:55:55,745] Trial 29 finished with value: 2.2332961559295654 and parameters: {'gradient_clip_val': 0.1267166695669461, 'hidden_size': 67, 'dropout': 0.22630666254527146, 'hidden_continuous_size': 43, 'attention_head_size': 4, 'learning_rate': 0.0005687402802072071}. Best is trial 19 with value: 0.09586582332849503.
LOCAL_RANK: 0 - CUDA_VISIBLE_DEVICES: [0]
[I 2023-12-15 15:56:51,035] Trial 30 finished with value: 2.1066787242889404 and parameters: {'gradient_clip_val': 0.1469134877773311, 'hidden_size': 61, 'dropout': 0.19616257759035088, 'hidden_continuous_size': 28, 'attention_head_size': 4, 'learning_rate': 0.0027240250123472727}. Best is trial 19 with value: 0.09586582332849503.
LOCAL_RANK: 0 - CUDA_VISIBLE_DEVICES: [0]
[I 2023-12-15 15:57:46,764] Trial 31 finished with value: 3.084465742111206 and parameters: {'gradient_clip_val': 0.1041669376709848, 'hidden_size': 60, 'dropout': 0.14142221653121187, 'hidden_continuous_size': 42, 'attention_head_size': 4, 'learning_rate': 0.004449153365379344}. Best is trial 19 with value: 0.09586582332849503.
LOCAL_RANK: 0 - CUDA_VISIBLE_DEVICES: [0]
[I 2023-12-15 15:58:41,426] Trial 32 finished with value: 0.6937991976737976 and parameters: {'gradient_clip_val': 0.11914091307808305, 'hidden_size': 52, 'dropout': 0.10039446260579551, 'hidden_continuous_size': 35, 'attention_head_size': 4, 'learning_rate': 0.006028153457395227}. Best is trial 19 with value: 0.09586582332849503.
LOCAL_RANK: 0 - CUDA_VISIBLE_DEVICES: [0]
[I 2023-12-15 15:59:38,965] Trial 33 finished with value: 1.53081476688385 and parameters: {'gradient_clip_val': 0.11420357564588364, 'hidden_size': 82, 'dropout': 0.16800503143468964, 'hidden_continuous_size': 62, 'attention_head_size': 4, 'learning_rate': 0.0015806050146952315}. Best is trial 19 with value: 0.09586582332849503.
LOCAL_RANK: 0 - CUDA_VISIBLE_DEVICES: [0]
[I 2023-12-15 16:00:34,721] Trial 34 finished with value: 2.2035679817199707 and parameters: {'gradient_clip_val': 0.11554749916229745, 'hidden_size': 59, 'dropout': 0.1553967737465314, 'hidden_continuous_size': 40, 'attention_head_size': 4, 'learning_rate': 0.0025584030315810415}. Best is trial 19 with value: 0.09586582332849503.
LOCAL_RANK: 0 - CUDA_VISIBLE_DEVICES: [0]
[I 2023-12-15 16:01:30,603] Trial 35 finished with value: 2.7276723384857178 and parameters: {'gradient_clip_val': 0.10279664219751682, 'hidden_size': 69, 'dropout': 0.11956521987143498, 'hidden_continuous_size': 34, 'attention_head_size': 3, 'learning_rate': 0.0038954946551171847}. Best is trial 19 with value: 0.09586582332849503.
LOCAL_RANK: 0 - CUDA_VISIBLE_DEVICES: [0]
[I 2023-12-15 16:02:24,405] Trial 36 finished with value: 0.22137153148651123 and parameters: {'gradient_clip_val': 0.1313584024396531, 'hidden_size': 48, 'dropout': 0.14295904471242757, 'hidden_continuous_size': 30, 'attention_head_size': 4, 'learning_rate': 0.00793085788472381}. Best is trial 19 with value: 0.09586582332849503.
LOCAL_RANK: 0 - CUDA_VISIBLE_DEVICES: [0]
[I 2023-12-15 16:03:18,951] Trial 37 finished with value: 2.282351493835449 and parameters: {'gradient_clip_val': 0.15462691477189988, 'hidden_size': 41, 'dropout': 0.1737674179176768, 'hidden_continuous_size': 29, 'attention_head_size': 4, 'learning_rate': 0.007574586207162399}. Best is trial 19 with value: 0.09586582332849503.
LOCAL_RANK: 0 - CUDA_VISIBLE_DEVICES: [0]
[I 2023-12-15 16:04:12,827] Trial 38 finished with value: 1.404457688331604 and parameters: {'gradient_clip_val': 0.1300384730352385, 'hidden_size': 46, 'dropout': 0.13917290715257455, 'hidden_continuous_size': 20, 'attention_head_size': 3, 'learning_rate': 0.011592921772526773}. Best is trial 19 with value: 0.09586582332849503.
LOCAL_RANK: 0 - CUDA_VISIBLE_DEVICES: [0]
[I 2023-12-15 16:05:08,224] Trial 39 finished with value: 0.9092715382575989 and parameters: {'gradient_clip_val': 0.13992466138205367, 'hidden_size': 86, 'dropout': 0.18370349349685097, 'hidden_continuous_size': 24, 'attention_head_size': 2, 'learning_rate': 0.00899821502441352}. Best is trial 19 with value: 0.09586582332849503.
LOCAL_RANK: 0 - CUDA_VISIBLE_DEVICES: [0]
[I 2023-12-15 16:06:02,090] Trial 40 finished with value: 2.7555580139160156 and parameters: {'gradient_clip_val': 0.1658980424961555, 'hidden_size': 64, 'dropout': 0.11676831580653874, 'hidden_continuous_size': 16, 'attention_head_size': 4, 'learning_rate': 0.006798641283474966}. Best is trial 19 with value: 0.09586582332849503.
LOCAL_RANK: 0 - CUDA_VISIBLE_DEVICES: [0]
[I 2023-12-15 16:06:56,672] Trial 41 finished with value: 0.295465350151062 and parameters: {'gradient_clip_val': 0.11891599836883396, 'hidden_size': 52, 'dropout': 0.15255814702817874, 'hidden_continuous_size': 39, 'attention_head_size': 4, 'learning_rate': 0.005147515809722745}. Best is trial 19 with value: 0.09586582332849503.
LOCAL_RANK: 0 - CUDA_VISIBLE_DEVICES: [0]
[I 2023-12-15 16:07:50,697] Trial 42 finished with value: 2.2203598022460938 and parameters: {'gradient_clip_val': 0.11843444266194438, 'hidden_size': 35, 'dropout': 0.13335740543188435, 'hidden_continuous_size': 27, 'attention_head_size': 4, 'learning_rate': 0.0048210764751140615}. Best is trial 19 with value: 0.09586582332849503.
LOCAL_RANK: 0 - CUDA_VISIBLE_DEVICES: [0]
[I 2023-12-15 16:08:46,057] Trial 43 finished with value: 0.407604455947876 and parameters: {'gradient_clip_val': 0.12145240852338655, 'hidden_size': 47, 'dropout': 0.175546745987702, 'hidden_continuous_size': 37, 'attention_head_size': 4, 'learning_rate': 0.0021066960044159927}. Best is trial 19 with value: 0.09586582332849503.
LOCAL_RANK: 0 - CUDA_VISIBLE_DEVICES: [0]
[I 2023-12-15 16:09:42,639] Trial 44 finished with value: 1.094312071800232 and parameters: {'gradient_clip_val': 0.1487384690281685, 'hidden_size': 69, 'dropout': 0.15839714418245368, 'hidden_continuous_size': 45, 'attention_head_size': 4, 'learning_rate': 0.0029301584554190527}. Best is trial 19 with value: 0.09586582332849503.
LOCAL_RANK: 0 - CUDA_VISIBLE_DEVICES: [0]
[I 2023-12-15 16:10:37,602] Trial 45 finished with value: 1.5697680711746216 and parameters: {'gradient_clip_val': 0.1836680252272303, 'hidden_size': 55, 'dropout': 0.19817428327004466, 'hidden_continuous_size': 37, 'attention_head_size': 3, 'learning_rate': 0.010662050724103268}. Best is trial 19 with value: 0.09586582332849503.
LOCAL_RANK: 0 - CUDA_VISIBLE_DEVICES: [0]
[I 2023-12-15 16:11:35,500] Trial 46 finished with value: 1.5980911254882812 and parameters: {'gradient_clip_val': 0.1345214014187418, 'hidden_size': 90, 'dropout': 0.1840507764428496, 'hidden_continuous_size': 73, 'attention_head_size': 1, 'learning_rate': 0.006757734306209643}. Best is trial 19 with value: 0.09586582332849503.
LOCAL_RANK: 0 - CUDA_VISIBLE_DEVICES: [0]
[I 2023-12-15 16:12:29,399] Trial 47 finished with value: 0.7149083614349365 and parameters: {'gradient_clip_val': 0.10976219498453285, 'hidden_size': 76, 'dropout': 0.21111765431894608, 'hidden_continuous_size': 11, 'attention_head_size': 3, 'learning_rate': 0.004935615427914928}. Best is trial 19 with value: 0.09586582332849503.
LOCAL_RANK: 0 - CUDA_VISIBLE_DEVICES: [0]
[I 2023-12-15 16:13:25,472] Trial 48 finished with value: 1.2159982919692993 and parameters: {'gradient_clip_val': 0.15948899796918722, 'hidden_size': 63, 'dropout': 0.15260131756998382, 'hidden_continuous_size': 45, 'attention_head_size': 4, 'learning_rate': 0.013397362922580975}. Best is trial 19 with value: 0.09586582332849503.
LOCAL_RANK: 0 - CUDA_VISIBLE_DEVICES: [0]
