[I 2023-12-26 14:35:12,637] Trial 49 finished with value: 61.61481857299805 and parameters: {'gradient_clip_val': 0.14475031933409258, 'hidden_size': 142, 'dropout': 0.1950497868567083, 'hidden_continuous_size': 29, 'attention_head_size': 3, 'learning_rate': 0.04277473275873506}. Best is trial 0 with value: 18.11928367614746.
[I 2023-12-26 14:35:12,775] A new study created in memory with name: no-name-b4a07c93-afd7-4da0-aa42-7fdb3d2b7a3b
/home/le004/conda/anaconda3/envs/tsff_env/lib/python3.9/site-packages/lightning/fabric/plugins/environments/slurm.py:191: The `srun` command is available on your system but is not used. HINT: If your intention is to run Lightning on SLURM, prepend your python command with `srun` like so: srun python /home/le004/master_thesis/git/TSFusionForecast/code/ ...
[I 2023-12-26 14:43:50,503] Trial 0 finished with value: 6.85714864730835 and parameters: {'gradient_clip_val': 0.48740639060917934, 'hidden_size': 61, 'dropout': 0.2542196860113993, 'hidden_continuous_size': 11, 'attention_head_size': 4, 'learning_rate': 0.000516288282399538}. Best is trial 0 with value: 6.85714864730835.
[I 2023-12-26 14:44:00,832] Trial 1 finished with value: 23.79781150817871 and parameters: {'gradient_clip_val': 0.10560366582234322, 'hidden_size': 125, 'dropout': 0.44828292474723674, 'hidden_continuous_size': 94, 'attention_head_size': 4, 'learning_rate': 0.008566721419321514}. Best is trial 0 with value: 6.85714864730835.
[I 2023-12-26 14:44:10,506] Trial 2 finished with value: 28.24528694152832 and parameters: {'gradient_clip_val': 0.642779040819413, 'hidden_size': 124, 'dropout': 0.39800144286294026, 'hidden_continuous_size': 5, 'attention_head_size': 1, 'learning_rate': 0.09470681371435898}. Best is trial 0 with value: 6.85714864730835.
[I 2023-12-26 14:44:13,343] Trial 3 finished with value: 25.442197799682617 and parameters: {'gradient_clip_val': 0.19653861203222292, 'hidden_size': 28, 'dropout': 0.20478059950521224, 'hidden_continuous_size': 6, 'attention_head_size': 1, 'learning_rate': 0.0006251644577593739}. Best is trial 0 with value: 6.85714864730835.
[I 2023-12-26 14:44:18,227] Trial 4 finished with value: 28.615646362304688 and parameters: {'gradient_clip_val': 0.37818036962938795, 'hidden_size': 57, 'dropout': 0.4855897695444834, 'hidden_continuous_size': 55, 'attention_head_size': 4, 'learning_rate': 0.0007001166160072128}. Best is trial 0 with value: 6.85714864730835.
[I 2023-12-26 14:44:21,598] Trial 5 finished with value: 27.980859756469727 and parameters: {'gradient_clip_val': 0.2704930423360896, 'hidden_size': 39, 'dropout': 0.3605719678861059, 'hidden_continuous_size': 19, 'attention_head_size': 1, 'learning_rate': 0.0026417961367088765}. Best is trial 0 with value: 6.85714864730835.
[I 2023-12-26 14:44:30,972] Trial 6 finished with value: 23.671571731567383 and parameters: {'gradient_clip_val': 0.9081866694414169, 'hidden_size': 111, 'dropout': 0.2937763079895962, 'hidden_continuous_size': 14, 'attention_head_size': 4, 'learning_rate': 0.002456884936383066}. Best is trial 0 with value: 6.85714864730835.
[I 2023-12-26 14:44:32,902] Trial 7 finished with value: 24.75861358642578 and parameters: {'gradient_clip_val': 0.6609336486753906, 'hidden_size': 8, 'dropout': 0.2011478881001616, 'hidden_continuous_size': 8, 'attention_head_size': 2, 'learning_rate': 0.0007551187978098897}. Best is trial 0 with value: 6.85714864730835.
[I 2023-12-26 14:44:40,057] Trial 8 finished with value: 26.071823120117188 and parameters: {'gradient_clip_val': 0.2864251786760661, 'hidden_size': 87, 'dropout': 0.2505332093969327, 'hidden_continuous_size': 5, 'attention_head_size': 3, 'learning_rate': 0.0005255242754052834}. Best is trial 0 with value: 6.85714864730835.
[I 2023-12-26 14:44:42,504] Trial 9 finished with value: 29.867319107055664 and parameters: {'gradient_clip_val': 0.5348266068287191, 'hidden_size': 10, 'dropout': 0.19711338878021256, 'hidden_continuous_size': 9, 'attention_head_size': 1, 'learning_rate': 0.008342909684152746}. Best is trial 0 with value: 6.85714864730835.
[I 2023-12-26 14:44:44,898] Trial 10 finished with value: 28.891632080078125 and parameters: {'gradient_clip_val': 0.9533584565319662, 'hidden_size': 16, 'dropout': 0.12841681477716876, 'hidden_continuous_size': 9, 'attention_head_size': 3, 'learning_rate': 0.00229979844192096}. Best is trial 0 with value: 6.85714864730835.
[I 2023-12-26 14:44:49,554] Trial 11 finished with value: 27.80840301513672 and parameters: {'gradient_clip_val': 0.8873072720824761, 'hidden_size': 56, 'dropout': 0.31003767424087114, 'hidden_continuous_size': 15, 'attention_head_size': 4, 'learning_rate': 0.0022444824638039136}. Best is trial 0 with value: 6.85714864730835.
[I 2023-12-26 14:44:55,590] Trial 12 finished with value: 25.050949096679688 and parameters: {'gradient_clip_val': 0.5035357675714491, 'hidden_size': 75, 'dropout': 0.3027426086304974, 'hidden_continuous_size': 15, 'attention_head_size': 3, 'learning_rate': 0.001494403357905171}. Best is trial 0 with value: 6.85714864730835.
[I 2023-12-26 14:45:06,048] Trial 13 finished with value: 26.983808517456055 and parameters: {'gradient_clip_val': 0.9971280809585964, 'hidden_size': 132, 'dropout': 0.2762946632397129, 'hidden_continuous_size': 26, 'attention_head_size': 4, 'learning_rate': 0.004193897138124176}. Best is trial 0 with value: 6.85714864730835.
[I 2023-12-26 14:45:09,540] Trial 14 finished with value: 25.10648536682129 and parameters: {'gradient_clip_val': 0.41359608764764155, 'hidden_size': 35, 'dropout': 0.35637492493813755, 'hidden_continuous_size': 11, 'attention_head_size': 2, 'learning_rate': 0.0011165536806115605}. Best is trial 0 with value: 6.85714864730835.
[I 2023-12-26 14:45:15,409] Trial 15 finished with value: 26.666505813598633 and parameters: {'gradient_clip_val': 0.749250097037025, 'hidden_size': 78, 'dropout': 0.25216901610478626, 'hidden_continuous_size': 23, 'attention_head_size': 3, 'learning_rate': 0.001298790976743059}. Best is trial 0 with value: 6.85714864730835.
[I 2023-12-26 14:45:17,511] Trial 16 finished with value: 35.080936431884766 and parameters: {'gradient_clip_val': 0.5669295669331785, 'hidden_size': 5, 'dropout': 0.11087060960708206, 'hidden_continuous_size': 5, 'attention_head_size': 4, 'learning_rate': 0.004671450558329687}. Best is trial 0 with value: 6.85714864730835.
[I 2023-12-26 14:45:21,477] Trial 17 finished with value: 24.14501953125 and parameters: {'gradient_clip_val': 0.757206259884077, 'hidden_size': 49, 'dropout': 0.33086040664261146, 'hidden_continuous_size': 12, 'attention_head_size': 4, 'learning_rate': 0.0011998348304379524}. Best is trial 0 with value: 6.85714864730835.
[I 2023-12-26 14:45:24,004] Trial 18 finished with value: 29.170944213867188 and parameters: {'gradient_clip_val': 0.48447389310286776, 'hidden_size': 20, 'dropout': 0.39316879634337426, 'hidden_continuous_size': 8, 'attention_head_size': 3, 'learning_rate': 0.0005052915328206127}. Best is trial 0 with value: 6.85714864730835.
[I 2023-12-26 14:45:31,420] Trial 19 finished with value: 32.96470260620117 and parameters: {'gradient_clip_val': 0.7785689316844515, 'hidden_size': 83, 'dropout': 0.269779396177469, 'hidden_continuous_size': 31, 'attention_head_size': 2, 'learning_rate': 0.015784930907697593}. Best is trial 0 with value: 6.85714864730835.
[I 2023-12-26 14:45:39,184] Trial 20 finished with value: 24.82373809814453 and parameters: {'gradient_clip_val': 0.6072031426644123, 'hidden_size': 102, 'dropout': 0.22760500041450388, 'hidden_continuous_size': 18, 'attention_head_size': 4, 'learning_rate': 0.0009378680633988149}. Best is trial 0 with value: 6.85714864730835.
[I 2023-12-26 14:45:51,491] Trial 21 finished with value: 25.92144203186035 and parameters: {'gradient_clip_val': 0.10233774417384797, 'hidden_size': 132, 'dropout': 0.478263936526158, 'hidden_continuous_size': 131, 'attention_head_size': 4, 'learning_rate': 0.008679225604686784}. Best is trial 0 with value: 6.85714864730835.
[I 2023-12-26 14:45:59,846] Trial 22 finished with value: 24.545915603637695 and parameters: {'gradient_clip_val': 0.20192774250045656, 'hidden_size': 104, 'dropout': 0.4062194449434139, 'hidden_continuous_size': 36, 'attention_head_size': 4, 'learning_rate': 0.01368425391651978}. Best is trial 0 with value: 6.85714864730835.
[I 2023-12-26 14:46:12,214] Trial 23 finished with value: 25.568513870239258 and parameters: {'gradient_clip_val': 0.10107611177542829, 'hidden_size': 144, 'dropout': 0.4572584337466223, 'hidden_continuous_size': 125, 'attention_head_size': 3, 'learning_rate': 0.004081890768587671}. Best is trial 0 with value: 6.85714864730835.
[I 2023-12-26 14:46:24,998] Trial 24 finished with value: 30.14116668701172 and parameters: {'gradient_clip_val': 0.4071129802044346, 'hidden_size': 150, 'dropout': 0.33368909740696373, 'hidden_continuous_size': 85, 'attention_head_size': 4, 'learning_rate': 0.0018272686289264588}. Best is trial 0 with value: 6.85714864730835.
[I 2023-12-26 14:46:29,396] Trial 25 finished with value: 23.634231567382812 and parameters: {'gradient_clip_val': 0.33399245166220254, 'hidden_size': 65, 'dropout': 0.4485566489056545, 'hidden_continuous_size': 13, 'attention_head_size': 4, 'learning_rate': 0.0010039399491439498}. Best is trial 0 with value: 6.85714864730835.
[I 2023-12-26 14:46:34,961] Trial 26 finished with value: 32.24048614501953 and parameters: {'gradient_clip_val': 0.4467396869696514, 'hidden_size': 66, 'dropout': 0.27791679468482494, 'hidden_continuous_size': 13, 'attention_head_size': 3, 'learning_rate': 0.0009163596866958387}. Best is trial 0 with value: 6.85714864730835.
[I 2023-12-26 14:46:38,735] Trial 27 finished with value: 39.98126220703125 and parameters: {'gradient_clip_val': 0.3378708536248777, 'hidden_size': 44, 'dropout': 0.4306684293706819, 'hidden_continuous_size': 11, 'attention_head_size': 4, 'learning_rate': 0.0008135743691188884}. Best is trial 0 with value: 6.85714864730835.
[I 2023-12-26 14:46:44,387] Trial 28 finished with value: 26.26923942565918 and parameters: {'gradient_clip_val': 0.5220085689457612, 'hidden_size': 71, 'dropout': 0.3685475925002116, 'hidden_continuous_size': 15, 'attention_head_size': 3, 'learning_rate': 0.0015214907770830053}. Best is trial 0 with value: 6.85714864730835.
[I 2023-12-26 14:46:49,094] Trial 29 finished with value: 22.781187057495117 and parameters: {'gradient_clip_val': 0.3558058569785463, 'hidden_size': 61, 'dropout': 0.4333113842429971, 'hidden_continuous_size': 19, 'attention_head_size': 4, 'learning_rate': 0.00100397016121032}. Best is trial 0 with value: 6.85714864730835.
[I 2023-12-26 14:46:53,154] Trial 30 finished with value: 25.481863021850586 and parameters: {'gradient_clip_val': 0.3302998404032512, 'hidden_size': 49, 'dropout': 0.44960955245993717, 'hidden_continuous_size': 18, 'attention_head_size': 4, 'learning_rate': 0.0005104836077432316}. Best is trial 0 with value: 6.85714864730835.
[I 2023-12-26 14:46:57,408] Trial 31 finished with value: 31.681608200073242 and parameters: {'gradient_clip_val': 0.4349073952592839, 'hidden_size': 60, 'dropout': 0.43356939551314083, 'hidden_continuous_size': 14, 'attention_head_size': 4, 'learning_rate': 0.000945809926735977}. Best is trial 0 with value: 6.85714864730835.
[I 2023-12-26 14:47:05,260] Trial 32 finished with value: 19.66046142578125 and parameters: {'gradient_clip_val': 0.6310367899929392, 'hidden_size': 95, 'dropout': 0.4871002059663208, 'hidden_continuous_size': 20, 'attention_head_size': 4, 'learning_rate': 0.0007528417045170237}. Best is trial 0 with value: 6.85714864730835.
[I 2023-12-26 14:47:12,778] Trial 33 finished with value: 26.0706844329834 and parameters: {'gradient_clip_val': 0.3528428129128446, 'hidden_size': 91, 'dropout': 0.4962807824015204, 'hidden_continuous_size': 19, 'attention_head_size': 4, 'learning_rate': 0.0006962541695269781}. Best is trial 0 with value: 6.85714864730835.
[I 2023-12-26 14:47:16,040] Trial 34 finished with value: 26.01289939880371 and parameters: {'gradient_clip_val': 0.6269891166588748, 'hidden_size': 33, 'dropout': 0.472068111428681, 'hidden_continuous_size': 17, 'attention_head_size': 4, 'learning_rate': 0.0006821163856898398}. Best is trial 0 with value: 6.85714864730835.
[I 2023-12-26 14:47:21,402] Trial 35 finished with value: 28.497314453125 and parameters: {'gradient_clip_val': 0.3922883388163513, 'hidden_size': 64, 'dropout': 0.4920476688461951, 'hidden_continuous_size': 24, 'attention_head_size': 4, 'learning_rate': 0.001184997531947583}. Best is trial 0 with value: 6.85714864730835.
[I 2023-12-26 14:47:24,557] Trial 36 finished with value: 32.10495376586914 and parameters: {'gradient_clip_val': 0.2842105954698778, 'hidden_size': 43, 'dropout': 0.4612683136711396, 'hidden_continuous_size': 21, 'attention_head_size': 4, 'learning_rate': 0.000596049907228989}. Best is trial 0 with value: 6.85714864730835.
[I 2023-12-26 14:47:32,622] Trial 37 finished with value: 28.94841766357422 and parameters: {'gradient_clip_val': 0.4613077889520745, 'hidden_size': 108, 'dropout': 0.4204402119754707, 'hidden_continuous_size': 29, 'attention_head_size': 3, 'learning_rate': 0.0007740381590192903}. Best is trial 0 with value: 6.85714864730835.
[I 2023-12-26 14:47:37,886] Trial 38 finished with value: 25.250944137573242 and parameters: {'gradient_clip_val': 0.2473312215089602, 'hidden_size': 57, 'dropout': 0.4423474993842925, 'hidden_continuous_size': 16, 'attention_head_size': 4, 'learning_rate': 0.0016602921060632607}. Best is trial 0 with value: 6.85714864730835.
[I 2023-12-26 14:47:45,207] Trial 39 finished with value: 31.675994873046875 and parameters: {'gradient_clip_val': 0.36853810617933586, 'hidden_size': 91, 'dropout': 0.4989642180186162, 'hidden_continuous_size': 21, 'attention_head_size': 4, 'learning_rate': 0.001014632380929842}. Best is trial 0 with value: 6.85714864730835.
[I 2023-12-26 14:47:50,770] Trial 40 finished with value: 31.201698303222656 and parameters: {'gradient_clip_val': 0.3180591029676735, 'hidden_size': 72, 'dropout': 0.4713708395551716, 'hidden_continuous_size': 12, 'attention_head_size': 2, 'learning_rate': 0.0006943689128433498}. Best is trial 0 with value: 6.85714864730835.
[I 2023-12-26 14:47:59,124] Trial 41 finished with value: 33.80834197998047 and parameters: {'gradient_clip_val': 0.6879187230840939, 'hidden_size': 112, 'dropout': 0.4094943812358493, 'hidden_continuous_size': 10, 'attention_head_size': 4, 'learning_rate': 0.0005043058651023388}. Best is trial 0 with value: 6.85714864730835.
[I 2023-12-26 14:48:05,632] Trial 42 finished with value: 28.705093383789062 and parameters: {'gradient_clip_val': 0.5521758895074125, 'hidden_size': 90, 'dropout': 0.450606646094752, 'hidden_continuous_size': 13, 'attention_head_size': 4, 'learning_rate': 0.001835601305045828}. Best is trial 0 with value: 6.85714864730835.
[I 2023-12-26 14:48:12,628] Trial 43 finished with value: 28.878480911254883 and parameters: {'gradient_clip_val': 0.8483121001877465, 'hidden_size': 120, 'dropout': 0.3767995198078277, 'hidden_continuous_size': 8, 'attention_head_size': 4, 'learning_rate': 0.0012978697750650314}. Best is trial 0 with value: 6.85714864730835.
[I 2023-12-26 14:48:15,671] Trial 44 finished with value: 28.125783920288086 and parameters: {'gradient_clip_val': 0.6768638766150902, 'hidden_size': 51, 'dropout': 0.43901273088926807, 'hidden_continuous_size': 16, 'attention_head_size': 1, 'learning_rate': 0.0008570672516355335}. Best is trial 0 with value: 6.85714864730835.
[I 2023-12-26 14:48:20,065] Trial 45 finished with value: 29.249887466430664 and parameters: {'gradient_clip_val': 0.49027486211523685, 'hidden_size': 74, 'dropout': 0.3871485827065846, 'hidden_continuous_size': 13, 'attention_head_size': 3, 'learning_rate': 0.0006153322273742102}. Best is trial 0 with value: 6.85714864730835.
[I 2023-12-26 14:48:23,686] Trial 46 finished with value: 27.317543029785156 and parameters: {'gradient_clip_val': 0.9265519165946688, 'hidden_size': 60, 'dropout': 0.42222766850236404, 'hidden_continuous_size': 14, 'attention_head_size': 4, 'learning_rate': 0.002749808549217674}. Best is trial 0 with value: 6.85714864730835.
[I 2023-12-26 14:48:30,666] Trial 47 finished with value: 31.762990951538086 and parameters: {'gradient_clip_val': 0.608756095504279, 'hidden_size': 120, 'dropout': 0.4810288699461051, 'hidden_continuous_size': 7, 'attention_head_size': 4, 'learning_rate': 0.0010775106347516424}. Best is trial 0 with value: 6.85714864730835.
[I 2023-12-26 14:48:35,483] Trial 48 finished with value: 22.64954376220703 and parameters: {'gradient_clip_val': 0.3966774040395664, 'hidden_size': 82, 'dropout': 0.34895354786338767, 'hidden_continuous_size': 10, 'attention_head_size': 3, 'learning_rate': 0.0014315277766146976}. Best is trial 0 with value: 6.85714864730835.
[I 2023-12-26 14:48:40,213] Trial 49 finished with value: 24.34615135192871 and parameters: {'gradient_clip_val': 0.39227661748262466, 'hidden_size': 82, 'dropout': 0.3997495068179458, 'hidden_continuous_size': 9, 'attention_head_size': 3, 'learning_rate': 0.000783210298098513}. Best is trial 0 with value: 6.85714864730835.
[I 2023-12-26 14:48:40,338] A new study created in memory with name: no-name-f1cce550-e904-4b34-942b-d75b74a95533
/home/le004/conda/anaconda3/envs/tsff_env/lib/python3.9/site-packages/lightning/fabric/plugins/environments/slurm.py:191: The `srun` command is available on your system but is not used. HINT: If your intention is to run Lightning on SLURM, prepend your python command with `srun` like so: srun python /home/le004/master_thesis/git/TSFusionForecast/code/ ...
[I 2023-12-26 14:53:06,369] Trial 0 finished with value: 3.6148338317871094 and parameters: {'gradient_clip_val': 0.642774799828726, 'hidden_size': 20, 'dropout': 0.45033889401938465, 'hidden_continuous_size': 8, 'attention_head_size': 2, 'learning_rate': 0.004601836726630882}. Best is trial 0 with value: 3.6148338317871094.
[I 2023-12-26 14:53:10,957] Trial 1 finished with value: 17.39556312561035 and parameters: {'gradient_clip_val': 0.24930962157309733, 'hidden_size': 77, 'dropout': 0.38862995199540484, 'hidden_continuous_size': 24, 'attention_head_size': 3, 'learning_rate': 0.07726511916632917}. Best is trial 0 with value: 3.6148338317871094.
[I 2023-12-26 14:53:14,765] Trial 2 finished with value: 23.41436195373535 and parameters: {'gradient_clip_val': 0.23320771327908968, 'hidden_size': 58, 'dropout': 0.19146499317212393, 'hidden_continuous_size': 51, 'attention_head_size': 2, 'learning_rate': 0.027532317561244135}. Best is trial 0 with value: 3.6148338317871094.
[I 2023-12-26 14:53:17,590] Trial 3 finished with value: 18.86390495300293 and parameters: {'gradient_clip_val': 0.1011750206811681, 'hidden_size': 44, 'dropout': 0.3315746673748614, 'hidden_continuous_size': 20, 'attention_head_size': 2, 'learning_rate': 0.030119608576996325}. Best is trial 0 with value: 3.6148338317871094.
[I 2023-12-26 14:53:19,729] Trial 4 finished with value: 18.312326431274414 and parameters: {'gradient_clip_val': 0.8803623822036828, 'hidden_size': 20, 'dropout': 0.20548324968003093, 'hidden_continuous_size': 18, 'attention_head_size': 1, 'learning_rate': 0.0009664968784006847}. Best is trial 0 with value: 3.6148338317871094.
[I 2023-12-26 14:53:23,055] Trial 5 finished with value: 23.199434280395508 and parameters: {'gradient_clip_val': 0.10422575953632353, 'hidden_size': 54, 'dropout': 0.2734175356386531, 'hidden_continuous_size': 11, 'attention_head_size': 3, 'learning_rate': 0.00707823926596701}. Best is trial 0 with value: 3.6148338317871094.
[I 2023-12-26 14:53:25,587] Trial 6 finished with value: 20.93592071533203 and parameters: {'gradient_clip_val': 0.469889752229848, 'hidden_size': 27, 'dropout': 0.4161469762952965, 'hidden_continuous_size': 24, 'attention_head_size': 2, 'learning_rate': 0.014552483652317068}. Best is trial 0 with value: 3.6148338317871094.
[I 2023-12-26 14:53:27,465] Trial 7 finished with value: 17.45779800415039 and parameters: {'gradient_clip_val': 0.2517621893165701, 'hidden_size': 10, 'dropout': 0.4341231107871766, 'hidden_continuous_size': 10, 'attention_head_size': 1, 'learning_rate': 0.045066127462855474}. Best is trial 0 with value: 3.6148338317871094.
[I 2023-12-26 14:53:30,250] Trial 8 finished with value: 17.8655948638916 and parameters: {'gradient_clip_val': 0.5532664011867772, 'hidden_size': 36, 'dropout': 0.38816826021177064, 'hidden_continuous_size': 5, 'attention_head_size': 4, 'learning_rate': 0.007107379164272419}. Best is trial 0 with value: 3.6148338317871094.
[I 2023-12-26 14:53:35,086] Trial 9 finished with value: 17.533782958984375 and parameters: {'gradient_clip_val': 0.4234998746435401, 'hidden_size': 69, 'dropout': 0.42098934141955613, 'hidden_continuous_size': 45, 'attention_head_size': 1, 'learning_rate': 0.05017597909281891}. Best is trial 0 with value: 3.6148338317871094.
[I 2023-12-26 14:53:45,181] Trial 10 finished with value: 19.05265998840332 and parameters: {'gradient_clip_val': 0.9231003684078619, 'hidden_size': 131, 'dropout': 0.4929650437639067, 'hidden_continuous_size': 107, 'attention_head_size': 4, 'learning_rate': 0.0018710860336616044}. Best is trial 0 with value: 3.6148338317871094.
[I 2023-12-26 14:53:46,975] Trial 11 finished with value: 22.758026123046875 and parameters: {'gradient_clip_val': 0.3323163259710983, 'hidden_size': 5, 'dropout': 0.488948741638491, 'hidden_continuous_size': 5, 'attention_head_size': 3, 'learning_rate': 0.08413744491706805}. Best is trial 0 with value: 3.6148338317871094.
[I 2023-12-26 14:53:49,174] Trial 12 finished with value: 17.197254180908203 and parameters: {'gradient_clip_val': 0.18479808243797172, 'hidden_size': 18, 'dropout': 0.34547208176532596, 'hidden_continuous_size': 7, 'attention_head_size': 3, 'learning_rate': 0.002881786756553756}. Best is trial 0 with value: 3.6148338317871094.
