[I 2023-12-15 15:28:47,252] Trial 45 finished with value: 60.864593505859375 and parameters: {'gradient_clip_val': 0.620545567430399, 'hidden_size': 18, 'dropout': 0.25414792832446975, 'hidden_continuous_size': 10, 'attention_head_size': 4, 'learning_rate': 0.0044632514891597835}. Best is trial 34 with value: 50.19023513793945.
LOCAL_RANK: 0 - CUDA_VISIBLE_DEVICES: [0]
[I 2023-12-15 15:29:32,887] Trial 46 finished with value: 57.907840728759766 and parameters: {'gradient_clip_val': 0.8921535005733943, 'hidden_size': 15, 'dropout': 0.20751067133313447, 'hidden_continuous_size': 9, 'attention_head_size': 2, 'learning_rate': 0.0013833532707316818}. Best is trial 34 with value: 50.19023513793945.
LOCAL_RANK: 0 - CUDA_VISIBLE_DEVICES: [0]
[I 2023-12-15 15:30:18,295] Trial 47 finished with value: 87.87948608398438 and parameters: {'gradient_clip_val': 0.7018065850028847, 'hidden_size': 10, 'dropout': 0.2837545085739285, 'hidden_continuous_size': 7, 'attention_head_size': 2, 'learning_rate': 0.0030327699148706994}. Best is trial 34 with value: 50.19023513793945.
LOCAL_RANK: 0 - CUDA_VISIBLE_DEVICES: [0]
[I 2023-12-15 15:31:07,310] Trial 48 finished with value: 117.08792114257812 and parameters: {'gradient_clip_val': 0.7728559570149933, 'hidden_size': 23, 'dropout': 0.23575700214910233, 'hidden_continuous_size': 11, 'attention_head_size': 3, 'learning_rate': 0.002100302438737605}. Best is trial 34 with value: 50.19023513793945.
LOCAL_RANK: 0 - CUDA_VISIBLE_DEVICES: [0]
[I 2023-12-15 15:31:52,204] Trial 49 finished with value: 122.41727447509766 and parameters: {'gradient_clip_val': 0.9091705052976062, 'hidden_size': 7, 'dropout': 0.21892016060073466, 'hidden_continuous_size': 5, 'attention_head_size': 2, 'learning_rate': 0.005533204710918833}. Best is trial 34 with value: 50.19023513793945.
[I 2023-12-15 15:31:52,299] A new study created in memory with name: no-name-6e8369fd-59cf-44e5-90a7-b7243ba43c11
/home/le004/conda/anaconda3/envs/tsff_env/lib/python3.9/site-packages/lightning/fabric/plugins/environments/slurm.py:191: The `srun` command is available on your system but is not used. HINT: If your intention is to run Lightning on SLURM, prepend your python command with `srun` like so: srun python /home/le004/master_thesis/git/TSFusionForecast/code/ ...
LOCAL_RANK: 0 - CUDA_VISIBLE_DEVICES: [0]
[I 2023-12-15 15:32:45,497] Trial 0 finished with value: 5.931082248687744 and parameters: {'gradient_clip_val': 0.99633718291831, 'hidden_size': 49, 'dropout': 0.32196663189896824, 'hidden_continuous_size': 22, 'attention_head_size': 4, 'learning_rate': 0.009587237750911307}. Best is trial 0 with value: 5.931082248687744.
LOCAL_RANK: 0 - CUDA_VISIBLE_DEVICES: [0]
[I 2023-12-15 15:33:42,211] Trial 1 finished with value: 6.574970722198486 and parameters: {'gradient_clip_val': 0.2420908723912708, 'hidden_size': 99, 'dropout': 0.1708782704107342, 'hidden_continuous_size': 66, 'attention_head_size': 1, 'learning_rate': 0.010286217001854916}. Best is trial 0 with value: 5.931082248687744.
LOCAL_RANK: 0 - CUDA_VISIBLE_DEVICES: [0]
[I 2023-12-15 15:34:30,743] Trial 2 finished with value: 4.543546199798584 and parameters: {'gradient_clip_val': 0.5365006992011248, 'hidden_size': 27, 'dropout': 0.2820274570788389, 'hidden_continuous_size': 10, 'attention_head_size': 1, 'learning_rate': 0.006718002076452235}. Best is trial 2 with value: 4.543546199798584.
LOCAL_RANK: 0 - CUDA_VISIBLE_DEVICES: [0]
[I 2023-12-15 15:35:16,015] Trial 3 finished with value: 7.420444011688232 and parameters: {'gradient_clip_val': 0.7174269891484696, 'hidden_size': 16, 'dropout': 0.1828380956357463, 'hidden_continuous_size': 12, 'attention_head_size': 2, 'learning_rate': 0.061648901439589156}. Best is trial 2 with value: 4.543546199798584.
LOCAL_RANK: 0 - CUDA_VISIBLE_DEVICES: [0]
[I 2023-12-15 15:36:07,837] Trial 4 finished with value: 4.222676753997803 and parameters: {'gradient_clip_val': 0.12296878771495418, 'hidden_size': 48, 'dropout': 0.37330126420468857, 'hidden_continuous_size': 30, 'attention_head_size': 2, 'learning_rate': 0.004928825721335328}. Best is trial 4 with value: 4.222676753997803.
LOCAL_RANK: 0 - CUDA_VISIBLE_DEVICES: [0]
[I 2023-12-15 15:36:53,032] Trial 5 finished with value: 4.7365193367004395 and parameters: {'gradient_clip_val': 0.7905097561484932, 'hidden_size': 10, 'dropout': 0.10951443844760511, 'hidden_continuous_size': 6, 'attention_head_size': 2, 'learning_rate': 0.00835112299107534}. Best is trial 4 with value: 4.222676753997803.
LOCAL_RANK: 0 - CUDA_VISIBLE_DEVICES: [0]
[I 2023-12-15 15:37:44,806] Trial 6 finished with value: 4.811265468597412 and parameters: {'gradient_clip_val': 0.30562501631882966, 'hidden_size': 63, 'dropout': 0.22339579926368625, 'hidden_continuous_size': 5, 'attention_head_size': 3, 'learning_rate': 0.09162882555263645}. Best is trial 4 with value: 4.222676753997803.
LOCAL_RANK: 0 - CUDA_VISIBLE_DEVICES: [0]
[I 2023-12-15 15:38:33,335] Trial 7 finished with value: 6.823403835296631 and parameters: {'gradient_clip_val': 0.27603840506974453, 'hidden_size': 29, 'dropout': 0.2799386693948803, 'hidden_continuous_size': 14, 'attention_head_size': 1, 'learning_rate': 0.09767019892261737}. Best is trial 4 with value: 4.222676753997803.
LOCAL_RANK: 0 - CUDA_VISIBLE_DEVICES: [0]
[I 2023-12-15 15:39:22,124] Trial 8 finished with value: 3.613847017288208 and parameters: {'gradient_clip_val': 0.891364033865231, 'hidden_size': 22, 'dropout': 0.258529693715675, 'hidden_continuous_size': 18, 'attention_head_size': 2, 'learning_rate': 0.005066063584283842}. Best is trial 8 with value: 3.613847017288208.
LOCAL_RANK: 0 - CUDA_VISIBLE_DEVICES: [0]
[I 2023-12-15 15:40:14,059] Trial 9 finished with value: 4.969797134399414 and parameters: {'gradient_clip_val': 0.9220146014675865, 'hidden_size': 53, 'dropout': 0.20066101038843104, 'hidden_continuous_size': 11, 'attention_head_size': 1, 'learning_rate': 0.00858589049826782}. Best is trial 8 with value: 3.613847017288208.
LOCAL_RANK: 0 - CUDA_VISIBLE_DEVICES: [0]
[I 2023-12-15 15:40:48,256] Trial 10 finished with value: 7.5150909423828125 and parameters: {'gradient_clip_val': 0.4801990464108822, 'hidden_size': 5, 'dropout': 0.35603368534584345, 'hidden_continuous_size': 5, 'attention_head_size': 3, 'learning_rate': 0.0005105894749602981}. Best is trial 8 with value: 3.613847017288208.
LOCAL_RANK: 0 - CUDA_VISIBLE_DEVICES: [0]
[I 2023-12-15 15:41:36,891] Trial 11 finished with value: 3.5694096088409424 and parameters: {'gradient_clip_val': 0.11786522147256273, 'hidden_size': 21, 'dropout': 0.37920292323551896, 'hidden_continuous_size': 20, 'attention_head_size': 2, 'learning_rate': 0.001453771418063755}. Best is trial 11 with value: 3.5694096088409424.
LOCAL_RANK: 0 - CUDA_VISIBLE_DEVICES: [0]
[I 2023-12-15 15:42:24,705] Trial 12 finished with value: 3.5923995971679688 and parameters: {'gradient_clip_val': 0.11334759362935327, 'hidden_size': 19, 'dropout': 0.39938379722494716, 'hidden_continuous_size': 7, 'attention_head_size': 3, 'learning_rate': 0.0016715056329995946}. Best is trial 11 with value: 3.5694096088409424.
LOCAL_RANK: 0 - CUDA_VISIBLE_DEVICES: [0]
[I 2023-12-15 15:43:10,842] Trial 13 finished with value: 4.526042461395264 and parameters: {'gradient_clip_val': 0.10974367102102593, 'hidden_size': 14, 'dropout': 0.394075265239, 'hidden_continuous_size': 7, 'attention_head_size': 4, 'learning_rate': 0.0012113932516760585}. Best is trial 11 with value: 3.5694096088409424.
LOCAL_RANK: 0 - CUDA_VISIBLE_DEVICES: [0]
[I 2023-12-15 15:43:56,785] Trial 14 finished with value: 3.926154851913452 and parameters: {'gradient_clip_val': 0.1591288099000195, 'hidden_size': 11, 'dropout': 0.3369506611145383, 'hidden_continuous_size': 6, 'attention_head_size': 3, 'learning_rate': 0.0017684003335820722}. Best is trial 11 with value: 3.5694096088409424.
LOCAL_RANK: 0 - CUDA_VISIBLE_DEVICES: [0]
[I 2023-12-15 15:44:45,975] Trial 15 finished with value: 3.3817718029022217 and parameters: {'gradient_clip_val': 0.1668343802011487, 'hidden_size': 31, 'dropout': 0.3909089759117509, 'hidden_continuous_size': 8, 'attention_head_size': 3, 'learning_rate': 0.00200335712443973}. Best is trial 15 with value: 3.3817718029022217.
LOCAL_RANK: 0 - CUDA_VISIBLE_DEVICES: [0]
[I 2023-12-15 15:45:34,814] Trial 16 finished with value: 3.611102342605591 and parameters: {'gradient_clip_val': 0.15461829431421592, 'hidden_size': 32, 'dropout': 0.3246851696951677, 'hidden_continuous_size': 9, 'attention_head_size': 4, 'learning_rate': 0.0006341165938588288}. Best is trial 15 with value: 3.3817718029022217.
LOCAL_RANK: 0 - CUDA_VISIBLE_DEVICES: [0]
[I 2023-12-15 15:46:24,391] Trial 17 finished with value: 3.491839647293091 and parameters: {'gradient_clip_val': 0.19603232666877302, 'hidden_size': 34, 'dropout': 0.3635225655741163, 'hidden_continuous_size': 9, 'attention_head_size': 3, 'learning_rate': 0.002593428329914666}. Best is trial 15 with value: 3.3817718029022217.
LOCAL_RANK: 0 - CUDA_VISIBLE_DEVICES: [0]
[I 2023-12-15 15:47:13,127] Trial 18 finished with value: 5.104390621185303 and parameters: {'gradient_clip_val': 0.21331769056099956, 'hidden_size': 36, 'dropout': 0.350177705720304, 'hidden_continuous_size': 8, 'attention_head_size': 3, 'learning_rate': 0.00286749784424529}. Best is trial 15 with value: 3.3817718029022217.
LOCAL_RANK: 0 - CUDA_VISIBLE_DEVICES: [0]
[I 2023-12-15 15:48:03,986] Trial 19 finished with value: 4.1879425048828125 and parameters: {'gradient_clip_val': 0.20080211752194232, 'hidden_size': 39, 'dropout': 0.3028183694145992, 'hidden_continuous_size': 9, 'attention_head_size': 4, 'learning_rate': 0.0030728055132030014}. Best is trial 15 with value: 3.3817718029022217.
LOCAL_RANK: 0 - CUDA_VISIBLE_DEVICES: [0]
[I 2023-12-15 15:48:57,066] Trial 20 finished with value: 4.279561996459961 and parameters: {'gradient_clip_val': 0.17509558232196026, 'hidden_size': 72, 'dropout': 0.3592994886469152, 'hidden_continuous_size': 14, 'attention_head_size': 3, 'learning_rate': 0.000982527530812381}. Best is trial 15 with value: 3.3817718029022217.
LOCAL_RANK: 0 - CUDA_VISIBLE_DEVICES: [0]
[I 2023-12-15 15:49:45,342] Trial 21 finished with value: 4.031146049499512 and parameters: {'gradient_clip_val': 0.13913334812492323, 'hidden_size': 23, 'dropout': 0.37934797710972545, 'hidden_continuous_size': 8, 'attention_head_size': 2, 'learning_rate': 0.0026019364621251502}. Best is trial 15 with value: 3.3817718029022217.
LOCAL_RANK: 0 - CUDA_VISIBLE_DEVICES: [0]
[I 2023-12-15 15:50:34,496] Trial 22 finished with value: 3.5723283290863037 and parameters: {'gradient_clip_val': 0.1361406969867795, 'hidden_size': 27, 'dropout': 0.37794159015019996, 'hidden_continuous_size': 10, 'attention_head_size': 3, 'learning_rate': 0.0010348909780841101}. Best is trial 15 with value: 3.3817718029022217.
LOCAL_RANK: 0 - CUDA_VISIBLE_DEVICES: [0]
[I 2023-12-15 15:51:24,700] Trial 23 finished with value: 3.6541242599487305 and parameters: {'gradient_clip_val': 0.10253213413461443, 'hidden_size': 35, 'dropout': 0.399928172969434, 'hidden_continuous_size': 13, 'attention_head_size': 2, 'learning_rate': 0.0019232635662302321}. Best is trial 15 with value: 3.3817718029022217.
LOCAL_RANK: 0 - CUDA_VISIBLE_DEVICES: [0]
[I 2023-12-15 15:52:11,598] Trial 24 finished with value: 3.402118682861328 and parameters: {'gradient_clip_val': 0.1794673282003187, 'hidden_size': 20, 'dropout': 0.3447261420246056, 'hidden_continuous_size': 8, 'attention_head_size': 3, 'learning_rate': 0.0008433728845521172}. Best is trial 15 with value: 3.3817718029022217.
LOCAL_RANK: 0 - CUDA_VISIBLE_DEVICES: [0]
[I 2023-12-15 15:53:02,068] Trial 25 finished with value: 3.353091239929199 and parameters: {'gradient_clip_val': 0.19806103785450083, 'hidden_size': 41, 'dropout': 0.3375775614657992, 'hidden_continuous_size': 7, 'attention_head_size': 3, 'learning_rate': 0.0008098572269885521}. Best is trial 25 with value: 3.353091239929199.
LOCAL_RANK: 0 - CUDA_VISIBLE_DEVICES: [0]
[I 2023-12-15 15:53:52,528] Trial 26 finished with value: 3.5366897583007812 and parameters: {'gradient_clip_val': 0.24083136580940528, 'hidden_size': 44, 'dropout': 0.3363925563616481, 'hidden_continuous_size': 6, 'attention_head_size': 4, 'learning_rate': 0.0007480920301310323}. Best is trial 25 with value: 3.353091239929199.
LOCAL_RANK: 0 - CUDA_VISIBLE_DEVICES: [0]
[I 2023-12-15 15:54:42,704] Trial 27 finished with value: 4.191918849945068 and parameters: {'gradient_clip_val': 0.18029523121289995, 'hidden_size': 41, 'dropout': 0.3110244358235892, 'hidden_continuous_size': 7, 'attention_head_size': 3, 'learning_rate': 0.0008315679523285354}. Best is trial 25 with value: 3.353091239929199.
LOCAL_RANK: 0 - CUDA_VISIBLE_DEVICES: [0]
[I 2023-12-15 15:55:31,698] Trial 28 finished with value: 3.486750602722168 and parameters: {'gradient_clip_val': 0.16452320210014507, 'hidden_size': 27, 'dropout': 0.34715617966186074, 'hidden_continuous_size': 8, 'attention_head_size': 3, 'learning_rate': 0.000725363415084613}. Best is trial 25 with value: 3.353091239929199.
LOCAL_RANK: 0 - CUDA_VISIBLE_DEVICES: [0]
[I 2023-12-15 15:56:23,208] Trial 29 finished with value: 6.482697010040283 and parameters: {'gradient_clip_val': 0.22237599851943368, 'hidden_size': 54, 'dropout': 0.3186742865321067, 'hidden_continuous_size': 5, 'attention_head_size': 4, 'learning_rate': 0.0005142931901916695}. Best is trial 25 with value: 3.353091239929199.
LOCAL_RANK: 0 - CUDA_VISIBLE_DEVICES: [0]
[I 2023-12-15 15:57:13,465] Trial 30 finished with value: 4.254887104034424 and parameters: {'gradient_clip_val': 0.34462043538767606, 'hidden_size': 41, 'dropout': 0.32632302512669564, 'hidden_continuous_size': 6, 'attention_head_size': 4, 'learning_rate': 0.0010672229327910177}. Best is trial 25 with value: 3.353091239929199.
LOCAL_RANK: 0 - CUDA_VISIBLE_DEVICES: [0]
[I 2023-12-15 15:58:02,265] Trial 31 finished with value: 3.3175125122070312 and parameters: {'gradient_clip_val': 0.16438911253211955, 'hidden_size': 27, 'dropout': 0.35322461820790485, 'hidden_continuous_size': 8, 'attention_head_size': 3, 'learning_rate': 0.0008187179394191199}. Best is trial 31 with value: 3.3175125122070312.
LOCAL_RANK: 0 - CUDA_VISIBLE_DEVICES: [0]
[I 2023-12-15 15:58:51,162] Trial 32 finished with value: 3.3210561275482178 and parameters: {'gradient_clip_val': 0.14688992157968245, 'hidden_size': 25, 'dropout': 0.3434858379213691, 'hidden_continuous_size': 7, 'attention_head_size': 3, 'learning_rate': 0.0012407721015814158}. Best is trial 31 with value: 3.3175125122070312.
LOCAL_RANK: 0 - CUDA_VISIBLE_DEVICES: [0]
[I 2023-12-15 15:59:40,064] Trial 33 finished with value: 3.903654098510742 and parameters: {'gradient_clip_val': 0.141199073495184, 'hidden_size': 26, 'dropout': 0.29724653687590674, 'hidden_continuous_size': 7, 'attention_head_size': 3, 'learning_rate': 0.0012719816154403308}. Best is trial 31 with value: 3.3175125122070312.
LOCAL_RANK: 0 - CUDA_VISIBLE_DEVICES: [0]
[I 2023-12-15 16:00:29,543] Trial 34 finished with value: 4.307627201080322 and parameters: {'gradient_clip_val': 0.14955938969607807, 'hidden_size': 31, 'dropout': 0.3643423294707777, 'hidden_continuous_size': 10, 'attention_head_size': 3, 'learning_rate': 0.0012707906114151862}. Best is trial 31 with value: 3.3175125122070312.
LOCAL_RANK: 0 - CUDA_VISIBLE_DEVICES: [0]
[I 2023-12-15 16:01:21,908] Trial 35 finished with value: 3.3730201721191406 and parameters: {'gradient_clip_val': 0.12822068486466187, 'hidden_size': 46, 'dropout': 0.3374468561618361, 'hidden_continuous_size': 12, 'attention_head_size': 3, 'learning_rate': 0.000623757561025219}. Best is trial 31 with value: 3.3175125122070312.
LOCAL_RANK: 0 - CUDA_VISIBLE_DEVICES: [0]
[I 2023-12-15 16:02:15,177] Trial 36 finished with value: 4.352607250213623 and parameters: {'gradient_clip_val': 0.12610302019885786, 'hidden_size': 73, 'dropout': 0.28878228023606717, 'hidden_continuous_size': 15, 'attention_head_size': 2, 'learning_rate': 0.0005580615261805764}. Best is trial 31 with value: 3.3175125122070312.
LOCAL_RANK: 0 - CUDA_VISIBLE_DEVICES: [0]
[I 2023-12-15 16:03:07,350] Trial 37 finished with value: 4.0024638175964355 and parameters: {'gradient_clip_val': 0.10047258020451004, 'hidden_size': 48, 'dropout': 0.31655822213644563, 'hidden_continuous_size': 12, 'attention_head_size': 4, 'learning_rate': 0.0007834027517738038}. Best is trial 31 with value: 3.3175125122070312.
LOCAL_RANK: 0 - CUDA_VISIBLE_DEVICES: [0]
[I 2023-12-15 16:04:01,174] Trial 38 finished with value: 4.1384596824646 and parameters: {'gradient_clip_val': 0.13346857167443446, 'hidden_size': 91, 'dropout': 0.27607256933105884, 'hidden_continuous_size': 11, 'attention_head_size': 3, 'learning_rate': 0.0007000603320742324}. Best is trial 31 with value: 3.3175125122070312.
LOCAL_RANK: 0 - CUDA_VISIBLE_DEVICES: [0]
[I 2023-12-15 16:04:54,380] Trial 39 finished with value: 4.092445373535156 and parameters: {'gradient_clip_val': 0.12840279924888937, 'hidden_size': 58, 'dropout': 0.33659267724852376, 'hidden_continuous_size': 25, 'attention_head_size': 2, 'learning_rate': 0.000956144755242422}. Best is trial 31 with value: 3.3175125122070312.
LOCAL_RANK: 0 - CUDA_VISIBLE_DEVICES: [0]
[I 2023-12-15 16:05:47,298] Trial 40 finished with value: 4.02978515625 and parameters: {'gradient_clip_val': 0.14878954597513808, 'hidden_size': 47, 'dropout': 0.32715200772010405, 'hidden_continuous_size': 16, 'attention_head_size': 3, 'learning_rate': 0.0005981282291288893}. Best is trial 31 with value: 3.3175125122070312.
LOCAL_RANK: 0 - CUDA_VISIBLE_DEVICES: [0]
[I 2023-12-15 16:06:36,816] Trial 41 finished with value: 3.8577263355255127 and parameters: {'gradient_clip_val': 0.16855779978210877, 'hidden_size': 31, 'dropout': 0.3706851747031453, 'hidden_continuous_size': 10, 'attention_head_size': 3, 'learning_rate': 0.0014082422979378399}. Best is trial 31 with value: 3.3175125122070312.
LOCAL_RANK: 0 - CUDA_VISIBLE_DEVICES: [0]
[I 2023-12-15 16:07:24,525] Trial 42 finished with value: 3.55395245552063 and parameters: {'gradient_clip_val': 0.19254591127273207, 'hidden_size': 24, 'dropout': 0.349565539308077, 'hidden_continuous_size': 9, 'attention_head_size': 3, 'learning_rate': 0.002055044957714483}. Best is trial 31 with value: 3.3175125122070312.
LOCAL_RANK: 0 - CUDA_VISIBLE_DEVICES: [0]
[I 2023-12-15 16:08:15,733] Trial 43 finished with value: 3.3369123935699463 and parameters: {'gradient_clip_val': 0.12062776498151287, 'hidden_size': 38, 'dropout': 0.3875079327719632, 'hidden_continuous_size': 12, 'attention_head_size': 3, 'learning_rate': 0.0009727797819822254}. Best is trial 31 with value: 3.3175125122070312.
LOCAL_RANK: 0 - CUDA_VISIBLE_DEVICES: [0]
[I 2023-12-15 16:09:06,767] Trial 44 finished with value: 4.3692946434021 and parameters: {'gradient_clip_val': 0.12502406635651694, 'hidden_size': 38, 'dropout': 0.382154350176686, 'hidden_continuous_size': 12, 'attention_head_size': 3, 'learning_rate': 0.000993780286497492}. Best is trial 31 with value: 3.3175125122070312.
LOCAL_RANK: 0 - CUDA_VISIBLE_DEVICES: [0]
[I 2023-12-15 16:09:59,605] Trial 45 finished with value: 4.011894702911377 and parameters: {'gradient_clip_val': 0.11534009268446277, 'hidden_size': 45, 'dropout': 0.3663829904742236, 'hidden_continuous_size': 17, 'attention_head_size': 3, 'learning_rate': 0.0006345179579200233}. Best is trial 31 with value: 3.3175125122070312.
LOCAL_RANK: 0 - CUDA_VISIBLE_DEVICES: [0]
[I 2023-12-15 16:10:51,536] Trial 46 finished with value: 3.647895097732544 and parameters: {'gradient_clip_val': 0.15037622122119967, 'hidden_size': 52, 'dropout': 0.35677490106260434, 'hidden_continuous_size': 13, 'attention_head_size': 2, 'learning_rate': 0.0005073701605159865}. Best is trial 31 with value: 3.3175125122070312.
LOCAL_RANK: 0 - CUDA_VISIBLE_DEVICES: [0]
[I 2023-12-15 16:11:40,879] Trial 47 finished with value: 3.434840202331543 and parameters: {'gradient_clip_val': 0.11861109211604753, 'hidden_size': 36, 'dropout': 0.3860995446705275, 'hidden_continuous_size': 11, 'attention_head_size': 3, 'learning_rate': 0.0014097136964824483}. Best is trial 31 with value: 3.3175125122070312.
LOCAL_RANK: 0 - CUDA_VISIBLE_DEVICES: [0]
[I 2023-12-15 16:12:28,079] Trial 48 finished with value: 3.712679862976074 and parameters: {'gradient_clip_val': 0.13500538867776754, 'hidden_size': 19, 'dropout': 0.30652677467303663, 'hidden_continuous_size': 7, 'attention_head_size': 2, 'learning_rate': 0.0008443723683609488}. Best is trial 31 with value: 3.3175125122070312.
LOCAL_RANK: 0 - CUDA_VISIBLE_DEVICES: [0]
[I 2023-12-15 16:13:16,071] Trial 49 finished with value: 3.399681329727173 and parameters: {'gradient_clip_val': 0.1135306660454129, 'hidden_size': 28, 'dropout': 0.3371308181770477, 'hidden_continuous_size': 12, 'attention_head_size': 3, 'learning_rate': 0.0011183299070905645}. Best is trial 31 with value: 3.3175125122070312.
[I 2023-12-15 16:13:16,163] A new study created in memory with name: no-name-bf33c328-aa7b-4be9-9b51-2bb20fed42c4
/home/le004/conda/anaconda3/envs/tsff_env/lib/python3.9/site-packages/lightning/fabric/plugins/environments/slurm.py:191: The `srun` command is available on your system but is not used. HINT: If your intention is to run Lightning on SLURM, prepend your python command with `srun` like so: srun python /home/le004/master_thesis/git/TSFusionForecast/code/ ...
LOCAL_RANK: 0 - CUDA_VISIBLE_DEVICES: [0]
[I 2023-12-15 16:14:01,667] Trial 0 finished with value: 14.541847229003906 and parameters: {'gradient_clip_val': 0.6298571711223675, 'hidden_size': 7, 'dropout': 0.3949484207494447, 'hidden_continuous_size': 6, 'attention_head_size': 3, 'learning_rate': 0.005106908682202403}. Best is trial 0 with value: 14.541847229003906.
LOCAL_RANK: 0 - CUDA_VISIBLE_DEVICES: [0]
