[I 2023-12-15 21:34:15,569] Trial 0 finished with value: 37.788787841796875 and parameters: {'gradient_clip_val': 0.6636701445185946, 'hidden_size': 35, 'dropout': 0.39260607785722734, 'hidden_continuous_size': 17, 'attention_head_size': 4, 'learning_rate': 0.002644259150987618}. Best is trial 0 with value: 37.788787841796875.
LOCAL_RANK: 0 - CUDA_VISIBLE_DEVICES: [0]
[I 2023-12-15 21:34:58,767] Trial 1 finished with value: 35.10525131225586 and parameters: {'gradient_clip_val': 0.1479729216257351, 'hidden_size': 8, 'dropout': 0.20609747086839628, 'hidden_continuous_size': 6, 'attention_head_size': 1, 'learning_rate': 0.09330562326697651}. Best is trial 1 with value: 35.10525131225586.
LOCAL_RANK: 0 - CUDA_VISIBLE_DEVICES: [0]
[I 2023-12-15 21:35:48,278] Trial 2 finished with value: 44.98646926879883 and parameters: {'gradient_clip_val': 0.15025524724134637, 'hidden_size': 39, 'dropout': 0.38297207019017265, 'hidden_continuous_size': 9, 'attention_head_size': 1, 'learning_rate': 0.017508295014681263}. Best is trial 1 with value: 35.10525131225586.
LOCAL_RANK: 0 - CUDA_VISIBLE_DEVICES: [0]
[I 2023-12-15 21:36:40,623] Trial 3 finished with value: 43.034210205078125 and parameters: {'gradient_clip_val': 0.6690284992548048, 'hidden_size': 55, 'dropout': 0.3356632294140954, 'hidden_continuous_size': 9, 'attention_head_size': 4, 'learning_rate': 0.013158742851754078}. Best is trial 1 with value: 35.10525131225586.
LOCAL_RANK: 0 - CUDA_VISIBLE_DEVICES: [0]
[I 2023-12-15 21:37:35,400] Trial 4 finished with value: 63.457942962646484 and parameters: {'gradient_clip_val': 0.40877652850365126, 'hidden_size': 91, 'dropout': 0.2633341230077746, 'hidden_continuous_size': 12, 'attention_head_size': 4, 'learning_rate': 0.07787666110931575}. Best is trial 1 with value: 35.10525131225586.
LOCAL_RANK: 0 - CUDA_VISIBLE_DEVICES: [0]
[I 2023-12-15 21:38:09,745] Trial 5 finished with value: 30.9249267578125 and parameters: {'gradient_clip_val': 0.2357298221877027, 'hidden_size': 5, 'dropout': 0.39486170047135827, 'hidden_continuous_size': 5, 'attention_head_size': 3, 'learning_rate': 0.005048522243380894}. Best is trial 5 with value: 30.9249267578125.
LOCAL_RANK: 0 - CUDA_VISIBLE_DEVICES: [0]
[I 2023-12-15 21:38:59,355] Trial 6 finished with value: 37.88108444213867 and parameters: {'gradient_clip_val': 0.925648925090622, 'hidden_size': 31, 'dropout': 0.3559214521484976, 'hidden_continuous_size': 14, 'attention_head_size': 4, 'learning_rate': 0.007434911196937898}. Best is trial 5 with value: 30.9249267578125.
LOCAL_RANK: 0 - CUDA_VISIBLE_DEVICES: [0]
[I 2023-12-15 21:39:46,743] Trial 7 finished with value: 43.203189849853516 and parameters: {'gradient_clip_val': 0.7640379757603379, 'hidden_size': 27, 'dropout': 0.23407983605022925, 'hidden_continuous_size': 5, 'attention_head_size': 1, 'learning_rate': 0.005378906804255096}. Best is trial 5 with value: 30.9249267578125.
LOCAL_RANK: 0 - CUDA_VISIBLE_DEVICES: [0]
[I 2023-12-15 21:40:31,587] Trial 8 finished with value: 83.35680389404297 and parameters: {'gradient_clip_val': 0.22451760111914695, 'hidden_size': 7, 'dropout': 0.3402828965592267, 'hidden_continuous_size': 5, 'attention_head_size': 3, 'learning_rate': 0.007805525207638759}. Best is trial 5 with value: 30.9249267578125.
LOCAL_RANK: 0 - CUDA_VISIBLE_DEVICES: [0]
[I 2023-12-15 21:41:19,961] Trial 9 finished with value: 61.9673957824707 and parameters: {'gradient_clip_val': 0.4144745841027593, 'hidden_size': 31, 'dropout': 0.3163816088687273, 'hidden_continuous_size': 6, 'attention_head_size': 3, 'learning_rate': 0.006398393187296596}. Best is trial 5 with value: 30.9249267578125.
LOCAL_RANK: 0 - CUDA_VISIBLE_DEVICES: [0]
[I 2023-12-15 21:41:53,285] Trial 10 finished with value: 47.04570388793945 and parameters: {'gradient_clip_val': 0.10469002149462227, 'hidden_size': 5, 'dropout': 0.13812601165754582, 'hidden_continuous_size': 5, 'attention_head_size': 2, 'learning_rate': 0.0005377085896154158}. Best is trial 5 with value: 30.9249267578125.
LOCAL_RANK: 0 - CUDA_VISIBLE_DEVICES: [0]
[I 2023-12-15 21:42:37,908] Trial 11 finished with value: 48.72896194458008 and parameters: {'gradient_clip_val': 0.22251745644498847, 'hidden_size': 10, 'dropout': 0.20661574574605684, 'hidden_continuous_size': 6, 'attention_head_size': 2, 'learning_rate': 0.09654008444235684}. Best is trial 5 with value: 30.9249267578125.
LOCAL_RANK: 0 - CUDA_VISIBLE_DEVICES: [0]
[I 2023-12-15 21:43:23,262] Trial 12 finished with value: 31.057390213012695 and parameters: {'gradient_clip_val': 0.18135663805139654, 'hidden_size': 14, 'dropout': 0.2891703241614862, 'hidden_continuous_size': 7, 'attention_head_size': 2, 'learning_rate': 0.03594277047758839}. Best is trial 5 with value: 30.9249267578125.
LOCAL_RANK: 0 - CUDA_VISIBLE_DEVICES: [0]
[I 2023-12-15 21:44:08,364] Trial 13 finished with value: 36.132266998291016 and parameters: {'gradient_clip_val': 0.27992613736413785, 'hidden_size': 14, 'dropout': 0.2944611392379918, 'hidden_continuous_size': 7, 'attention_head_size': 2, 'learning_rate': 0.031643606297063157}. Best is trial 5 with value: 30.9249267578125.
LOCAL_RANK: 0 - CUDA_VISIBLE_DEVICES: [0]
[I 2023-12-15 21:44:53,677] Trial 14 finished with value: 48.2748908996582 and parameters: {'gradient_clip_val': 0.18887247609466803, 'hidden_size': 13, 'dropout': 0.39275112033679666, 'hidden_continuous_size': 7, 'attention_head_size': 3, 'learning_rate': 0.032094806631217984}. Best is trial 5 with value: 30.9249267578125.
LOCAL_RANK: 0 - CUDA_VISIBLE_DEVICES: [0]
[I 2023-12-15 21:45:26,722] Trial 15 finished with value: 54.954708099365234 and parameters: {'gradient_clip_val': 0.3113088353904921, 'hidden_size': 5, 'dropout': 0.29391865598565403, 'hidden_continuous_size': 5, 'attention_head_size': 2, 'learning_rate': 0.0019444439836682845}. Best is trial 5 with value: 30.9249267578125.
LOCAL_RANK: 0 - CUDA_VISIBLE_DEVICES: [0]
[I 2023-12-15 21:46:11,513] Trial 16 finished with value: 54.235198974609375 and parameters: {'gradient_clip_val': 0.10281908597169848, 'hidden_size': 16, 'dropout': 0.35629811381896437, 'hidden_continuous_size': 8, 'attention_head_size': 3, 'learning_rate': 0.03135950980090691}. Best is trial 5 with value: 30.9249267578125.
LOCAL_RANK: 0 - CUDA_VISIBLE_DEVICES: [0]
[I 2023-12-15 21:46:59,753] Trial 17 finished with value: 32.92512130737305 and parameters: {'gradient_clip_val': 0.16449226490939242, 'hidden_size': 21, 'dropout': 0.3035519036858815, 'hidden_continuous_size': 11, 'attention_head_size': 2, 'learning_rate': 0.0033757334658283404}. Best is trial 5 with value: 30.9249267578125.
LOCAL_RANK: 0 - CUDA_VISIBLE_DEVICES: [0]
[I 2023-12-15 21:47:44,966] Trial 18 finished with value: 41.996971130371094 and parameters: {'gradient_clip_val': 0.25137183714336714, 'hidden_size': 9, 'dropout': 0.361984564587261, 'hidden_continuous_size': 6, 'attention_head_size': 3, 'learning_rate': 0.0015692006737189376}. Best is trial 5 with value: 30.9249267578125.
LOCAL_RANK: 0 - CUDA_VISIBLE_DEVICES: [0]
[I 2023-12-15 21:48:17,803] Trial 19 finished with value: 30.141510009765625 and parameters: {'gradient_clip_val': 0.3645762050355551, 'hidden_size': 5, 'dropout': 0.2665344855716399, 'hidden_continuous_size': 5, 'attention_head_size': 2, 'learning_rate': 0.013593047317641849}. Best is trial 19 with value: 30.141510009765625.
LOCAL_RANK: 0 - CUDA_VISIBLE_DEVICES: [0]
[I 2023-12-15 21:48:51,450] Trial 20 finished with value: 50.163822174072266 and parameters: {'gradient_clip_val': 0.38201102406907045, 'hidden_size': 5, 'dropout': 0.2648631408442928, 'hidden_continuous_size': 5, 'attention_head_size': 3, 'learning_rate': 0.013842358675579045}. Best is trial 19 with value: 30.141510009765625.
LOCAL_RANK: 0 - CUDA_VISIBLE_DEVICES: [0]
[I 2023-12-15 21:49:36,255] Trial 21 finished with value: 49.244388580322266 and parameters: {'gradient_clip_val': 0.29200907033599516, 'hidden_size': 7, 'dropout': 0.32424214892006853, 'hidden_continuous_size': 5, 'attention_head_size': 2, 'learning_rate': 0.01976130419043412}. Best is trial 19 with value: 30.141510009765625.
LOCAL_RANK: 0 - CUDA_VISIBLE_DEVICES: [0]
[I 2023-12-15 21:50:20,884] Trial 22 finished with value: 35.68912887573242 and parameters: {'gradient_clip_val': 0.18987995619505554, 'hidden_size': 6, 'dropout': 0.2807988427648124, 'hidden_continuous_size': 5, 'attention_head_size': 2, 'learning_rate': 0.04782305330759718}. Best is trial 19 with value: 30.141510009765625.
LOCAL_RANK: 0 - CUDA_VISIBLE_DEVICES: [0]
[I 2023-12-15 21:51:04,983] Trial 23 finished with value: 33.74278259277344 and parameters: {'gradient_clip_val': 0.35282665647511685, 'hidden_size': 9, 'dropout': 0.241235602304463, 'hidden_continuous_size': 6, 'attention_head_size': 1, 'learning_rate': 0.012463267907114125}. Best is trial 19 with value: 30.141510009765625.
LOCAL_RANK: 0 - CUDA_VISIBLE_DEVICES: [0]
[I 2023-12-15 21:51:50,023] Trial 24 finished with value: 46.60365676879883 and parameters: {'gradient_clip_val': 0.46128272244353036, 'hidden_size': 11, 'dropout': 0.3129303586189106, 'hidden_continuous_size': 7, 'attention_head_size': 2, 'learning_rate': 0.02280039869539733}. Best is trial 19 with value: 30.141510009765625.
LOCAL_RANK: 0 - CUDA_VISIBLE_DEVICES: [0]
[I 2023-12-15 21:52:34,810] Trial 25 finished with value: 61.02070236206055 and parameters: {'gradient_clip_val': 0.32107593540355955, 'hidden_size': 6, 'dropout': 0.37158288907266457, 'hidden_continuous_size': 5, 'attention_head_size': 3, 'learning_rate': 0.009990461941156176}. Best is trial 19 with value: 30.141510009765625.
LOCAL_RANK: 0 - CUDA_VISIBLE_DEVICES: [0]
[I 2023-12-15 21:53:19,091] Trial 26 finished with value: 74.83639526367188 and parameters: {'gradient_clip_val': 0.4909819775770217, 'hidden_size': 7, 'dropout': 0.3410178023456142, 'hidden_continuous_size': 5, 'attention_head_size': 2, 'learning_rate': 0.0047097733376122745}. Best is trial 19 with value: 30.141510009765625.
LOCAL_RANK: 0 - CUDA_VISIBLE_DEVICES: [0]
[I 2023-12-15 21:54:03,574] Trial 27 finished with value: 63.50143051147461 and parameters: {'gradient_clip_val': 0.25595127693684294, 'hidden_size': 11, 'dropout': 0.278013766279222, 'hidden_continuous_size': 6, 'attention_head_size': 1, 'learning_rate': 0.05397228825907}. Best is trial 19 with value: 30.141510009765625.
LOCAL_RANK: 0 - CUDA_VISIBLE_DEVICES: [0]
[I 2023-12-15 21:54:37,688] Trial 28 finished with value: 34.41842269897461 and parameters: {'gradient_clip_val': 0.3421237097540469, 'hidden_size': 5, 'dropout': 0.39378781970489624, 'hidden_continuous_size': 5, 'attention_head_size': 3, 'learning_rate': 0.009632067540176528}. Best is trial 19 with value: 30.141510009765625.
LOCAL_RANK: 0 - CUDA_VISIBLE_DEVICES: [0]
[I 2023-12-15 21:55:24,420] Trial 29 finished with value: 42.04231643676758 and parameters: {'gradient_clip_val': 0.5100778320105195, 'hidden_size': 17, 'dropout': 0.39896333680288815, 'hidden_continuous_size': 8, 'attention_head_size': 4, 'learning_rate': 0.0039853819667095254}. Best is trial 19 with value: 30.141510009765625.
LOCAL_RANK: 0 - CUDA_VISIBLE_DEVICES: [0]
[I 2023-12-15 21:56:08,554] Trial 30 finished with value: 49.50111389160156 and parameters: {'gradient_clip_val': 0.2699146873495172, 'hidden_size': 12, 'dropout': 0.32360245434524737, 'hidden_continuous_size': 7, 'attention_head_size': 2, 'learning_rate': 0.01878146757662584}. Best is trial 19 with value: 30.141510009765625.
LOCAL_RANK: 0 - CUDA_VISIBLE_DEVICES: [0]
[I 2023-12-15 21:56:56,287] Trial 31 finished with value: 101.427734375 and parameters: {'gradient_clip_val': 0.17686390274691452, 'hidden_size': 19, 'dropout': 0.3017753054202235, 'hidden_continuous_size': 11, 'attention_head_size': 2, 'learning_rate': 0.0028348204602361158}. Best is trial 19 with value: 30.141510009765625.
LOCAL_RANK: 0 - CUDA_VISIBLE_DEVICES: [0]
[I 2023-12-15 21:57:43,322] Trial 32 finished with value: 95.2850112915039 and parameters: {'gradient_clip_val': 0.14732056601732285, 'hidden_size': 20, 'dropout': 0.2985243099249028, 'hidden_continuous_size': 19, 'attention_head_size': 2, 'learning_rate': 0.003024177286009906}. Best is trial 19 with value: 30.141510009765625.
LOCAL_RANK: 0 - CUDA_VISIBLE_DEVICES: [0]
[I 2023-12-15 21:58:31,247] Trial 33 finished with value: 31.59696388244629 and parameters: {'gradient_clip_val': 0.22069743093829128, 'hidden_size': 22, 'dropout': 0.3768779689986319, 'hidden_continuous_size': 10, 'attention_head_size': 1, 'learning_rate': 0.00426444965492287}. Best is trial 19 with value: 30.141510009765625.
LOCAL_RANK: 0 - CUDA_VISIBLE_DEVICES: [0]
[I 2023-12-15 21:59:20,187] Trial 34 finished with value: 85.57376861572266 and parameters: {'gradient_clip_val': 0.22290197887384883, 'hidden_size': 25, 'dropout': 0.3759845668349624, 'hidden_continuous_size': 22, 'attention_head_size': 1, 'learning_rate': 0.0049241561802332015}. Best is trial 19 with value: 30.141510009765625.
LOCAL_RANK: 0 - CUDA_VISIBLE_DEVICES: [0]
[I 2023-12-15 22:00:03,231] Trial 35 finished with value: 37.34137725830078 and parameters: {'gradient_clip_val': 0.20719081383552085, 'hidden_size': 8, 'dropout': 0.3765689944938722, 'hidden_continuous_size': 6, 'attention_head_size': 1, 'learning_rate': 0.009228302551482468}. Best is trial 19 with value: 30.141510009765625.
LOCAL_RANK: 0 - CUDA_VISIBLE_DEVICES: [0]
[I 2023-12-15 22:00:48,120] Trial 36 finished with value: 49.263980865478516 and parameters: {'gradient_clip_val': 0.2607820247279038, 'hidden_size': 13, 'dropout': 0.3475999116708999, 'hidden_continuous_size': 9, 'attention_head_size': 1, 'learning_rate': 0.006197840409728159}. Best is trial 19 with value: 30.141510009765625.
LOCAL_RANK: 0 - CUDA_VISIBLE_DEVICES: [0]
[I 2023-12-15 22:01:33,693] Trial 37 finished with value: 34.96279525756836 and parameters: {'gradient_clip_val': 0.2984980315822582, 'hidden_size': 15, 'dropout': 0.36300286463767323, 'hidden_continuous_size': 10, 'attention_head_size': 1, 'learning_rate': 0.013159708992336188}. Best is trial 19 with value: 30.141510009765625.
LOCAL_RANK: 0 - CUDA_VISIBLE_DEVICES: [0]
[I 2023-12-15 22:02:20,994] Trial 38 finished with value: 28.722097396850586 and parameters: {'gradient_clip_val': 0.2340052117676036, 'hidden_size': 17, 'dropout': 0.3289729862314486, 'hidden_continuous_size': 10, 'attention_head_size': 4, 'learning_rate': 0.0040621571897740865}. Best is trial 38 with value: 28.722097396850586.
LOCAL_RANK: 0 - CUDA_VISIBLE_DEVICES: [0]
[I 2023-12-15 22:03:06,719] Trial 39 finished with value: 63.793212890625 and parameters: {'gradient_clip_val': 0.25000127485000784, 'hidden_size': 10, 'dropout': 0.33407101389461563, 'hidden_continuous_size': 8, 'attention_head_size': 4, 'learning_rate': 0.007817753473226507}. Best is trial 38 with value: 28.722097396850586.
LOCAL_RANK: 0 - CUDA_VISIBLE_DEVICES: [0]
[I 2023-12-15 22:03:58,934] Trial 40 finished with value: 48.72243118286133 and parameters: {'gradient_clip_val': 0.1385053481659904, 'hidden_size': 39, 'dropout': 0.2601850781718971, 'hidden_continuous_size': 14, 'attention_head_size': 4, 'learning_rate': 0.005968781136480467}. Best is trial 38 with value: 28.722097396850586.
LOCAL_RANK: 0 - CUDA_VISIBLE_DEVICES: [0]
[I 2023-12-15 22:04:46,794] Trial 41 finished with value: 63.0504150390625 and parameters: {'gradient_clip_val': 0.20268402471219563, 'hidden_size': 18, 'dropout': 0.3834413544530083, 'hidden_continuous_size': 10, 'attention_head_size': 4, 'learning_rate': 0.0037016790988669683}. Best is trial 38 with value: 28.722097396850586.
LOCAL_RANK: 0 - CUDA_VISIBLE_DEVICES: [0]
[I 2023-12-15 22:05:36,261] Trial 42 finished with value: 35.51212692260742 and parameters: {'gradient_clip_val': 0.22547702855057353, 'hidden_size': 22, 'dropout': 0.3508334254139552, 'hidden_continuous_size': 13, 'attention_head_size': 4, 'learning_rate': 0.004525422023962881}. Best is trial 38 with value: 28.722097396850586.
LOCAL_RANK: 0 - CUDA_VISIBLE_DEVICES: [0]
[I 2023-12-15 22:06:23,645] Trial 43 finished with value: 34.813907623291016 and parameters: {'gradient_clip_val': 0.16702767670250043, 'hidden_size': 24, 'dropout': 0.3292773070026924, 'hidden_continuous_size': 9, 'attention_head_size': 3, 'learning_rate': 0.007157592923838219}. Best is trial 38 with value: 28.722097396850586.
LOCAL_RANK: 0 - CUDA_VISIBLE_DEVICES: [0]
[I 2023-12-15 22:07:09,780] Trial 44 finished with value: 30.422332763671875 and parameters: {'gradient_clip_val': 0.22988991151116706, 'hidden_size': 15, 'dropout': 0.3637391273219237, 'hidden_continuous_size': 10, 'attention_head_size': 3, 'learning_rate': 0.0023943253879215903}. Best is trial 38 with value: 28.722097396850586.
LOCAL_RANK: 0 - CUDA_VISIBLE_DEVICES: [0]
[I 2023-12-15 22:07:55,155] Trial 45 finished with value: 71.2856674194336 and parameters: {'gradient_clip_val': 0.23707530231892718, 'hidden_size': 16, 'dropout': 0.3436517860041925, 'hidden_continuous_size': 11, 'attention_head_size': 3, 'learning_rate': 0.0022348821758241683}. Best is trial 38 with value: 28.722097396850586.
LOCAL_RANK: 0 - CUDA_VISIBLE_DEVICES: [0]
[I 2023-12-15 22:08:41,037] Trial 46 finished with value: 38.485347747802734 and parameters: {'gradient_clip_val': 0.2847188878608168, 'hidden_size': 14, 'dropout': 0.31353574514175486, 'hidden_continuous_size': 9, 'attention_head_size': 3, 'learning_rate': 0.0024640343378279006}. Best is trial 38 with value: 28.722097396850586.
LOCAL_RANK: 0 - CUDA_VISIBLE_DEVICES: [0]
[I 2023-12-15 22:09:25,213] Trial 47 finished with value: 35.7845344543457 and parameters: {'gradient_clip_val': 0.19948146161510394, 'hidden_size': 12, 'dropout': 0.35964832338448915, 'hidden_continuous_size': 8, 'attention_head_size': 3, 'learning_rate': 0.0017423281640346518}. Best is trial 38 with value: 28.722097396850586.
LOCAL_RANK: 0 - CUDA_VISIBLE_DEVICES: [0]
[I 2023-12-15 22:10:13,440] Trial 48 finished with value: 48.0174674987793 and parameters: {'gradient_clip_val': 0.32206820688745563, 'hidden_size': 18, 'dropout': 0.2836936434825621, 'hidden_continuous_size': 12, 'attention_head_size': 4, 'learning_rate': 0.005514642226311688}. Best is trial 38 with value: 28.722097396850586.
LOCAL_RANK: 0 - CUDA_VISIBLE_DEVICES: [0]
[I 2023-12-15 22:10:58,185] Trial 49 finished with value: 69.75324249267578 and parameters: {'gradient_clip_val': 0.2344563466495733, 'hidden_size': 6, 'dropout': 0.38771510484328375, 'hidden_continuous_size': 5, 'attention_head_size': 3, 'learning_rate': 0.0033610574501671217}. Best is trial 38 with value: 28.722097396850586.
[I 2023-12-15 22:10:58,278] A new study created in memory with name: no-name-7550ebb8-a026-4494-8571-54af9c0900c5
/home/le004/conda/anaconda3/envs/tsff_env/lib/python3.9/site-packages/lightning/fabric/plugins/environments/slurm.py:191: The `srun` command is available on your system but is not used. HINT: If your intention is to run Lightning on SLURM, prepend your python command with `srun` like so: srun python /home/le004/master_thesis/git/TSFusionForecast/code/ ...
LOCAL_RANK: 0 - CUDA_VISIBLE_DEVICES: [0]
[I 2023-12-15 22:11:42,325] Trial 0 finished with value: 26.729799270629883 and parameters: {'gradient_clip_val': 0.8497460716139893, 'hidden_size': 8, 'dropout': 0.16804695613175247, 'hidden_continuous_size': 7, 'attention_head_size': 3, 'learning_rate': 0.055625805498130065}. Best is trial 0 with value: 26.729799270629883.
LOCAL_RANK: 0 - CUDA_VISIBLE_DEVICES: [0]
[I 2023-12-15 22:12:28,452] Trial 1 finished with value: 33.712764739990234 and parameters: {'gradient_clip_val': 0.31194756426993747, 'hidden_size': 15, 'dropout': 0.13756030136285094, 'hidden_continuous_size': 9, 'attention_head_size': 3, 'learning_rate': 0.0005748308900915271}. Best is trial 0 with value: 26.729799270629883.
LOCAL_RANK: 0 - CUDA_VISIBLE_DEVICES: [0]
[I 2023-12-15 22:13:02,687] Trial 2 finished with value: 37.95930099487305 and parameters: {'gradient_clip_val': 0.6735423183397917, 'hidden_size': 6, 'dropout': 0.33621042354801955, 'hidden_continuous_size': 6, 'attention_head_size': 4, 'learning_rate': 0.0065597917796354184}. Best is trial 0 with value: 26.729799270629883.
LOCAL_RANK: 0 - CUDA_VISIBLE_DEVICES: [0]
[I 2023-12-15 22:13:36,518] Trial 3 finished with value: 39.403709411621094 and parameters: {'gradient_clip_val': 0.11693935631768301, 'hidden_size': 5, 'dropout': 0.1353621407599334, 'hidden_continuous_size': 5, 'attention_head_size': 3, 'learning_rate': 0.04256889843728522}. Best is trial 0 with value: 26.729799270629883.
LOCAL_RANK: 0 - CUDA_VISIBLE_DEVICES: [0]
[I 2023-12-15 22:14:21,861] Trial 4 finished with value: 56.346466064453125 and parameters: {'gradient_clip_val': 0.3893633475671682, 'hidden_size': 7, 'dropout': 0.1707350318903868, 'hidden_continuous_size': 5, 'attention_head_size': 4, 'learning_rate': 0.00059429073846678}. Best is trial 0 with value: 26.729799270629883.
LOCAL_RANK: 0 - CUDA_VISIBLE_DEVICES: [0]
[I 2023-12-15 22:15:11,882] Trial 5 finished with value: 41.87820053100586 and parameters: {'gradient_clip_val': 0.10852668048019401, 'hidden_size': 36, 'dropout': 0.3606572186499837, 'hidden_continuous_size': 19, 'attention_head_size': 1, 'learning_rate': 0.012684679708808945}. Best is trial 0 with value: 26.729799270629883.
LOCAL_RANK: 0 - CUDA_VISIBLE_DEVICES: [0]
[I 2023-12-15 22:15:58,097] Trial 6 finished with value: 35.24209213256836 and parameters: {'gradient_clip_val': 0.4905058673229619, 'hidden_size': 11, 'dropout': 0.12384563438311938, 'hidden_continuous_size': 10, 'attention_head_size': 4, 'learning_rate': 0.0018075712389326627}. Best is trial 0 with value: 26.729799270629883.
LOCAL_RANK: 0 - CUDA_VISIBLE_DEVICES: [0]
[I 2023-12-15 22:16:42,275] Trial 7 finished with value: 21.5419979095459 and parameters: {'gradient_clip_val': 0.20672984681614517, 'hidden_size': 8, 'dropout': 0.36035305163861786, 'hidden_continuous_size': 7, 'attention_head_size': 3, 'learning_rate': 0.004837024232777119}. Best is trial 7 with value: 21.5419979095459.
LOCAL_RANK: 0 - CUDA_VISIBLE_DEVICES: [0]
