[I 2023-12-26 18:49:22,740] Trial 36 finished with value: 2.1704723834991455 and parameters: {'gradient_clip_val': 0.459425264058039, 'hidden_size': 115, 'dropout': 0.4361238022793195, 'hidden_continuous_size': 29, 'attention_head_size': 3, 'learning_rate': 0.009865692078588137}. Best is trial 0 with value: 0.536704957485199.
[I 2023-12-26 18:49:25,974] Trial 37 finished with value: 1.9924468994140625 and parameters: {'gradient_clip_val': 0.181257911445725, 'hidden_size': 51, 'dropout': 0.3786986892188249, 'hidden_continuous_size': 13, 'attention_head_size': 2, 'learning_rate': 0.07238942246965133}. Best is trial 0 with value: 0.536704957485199.
[I 2023-12-26 18:49:30,235] Trial 38 finished with value: 3.293281316757202 and parameters: {'gradient_clip_val': 0.11700653375557189, 'hidden_size': 73, 'dropout': 0.48786607276858607, 'hidden_continuous_size': 17, 'attention_head_size': 4, 'learning_rate': 0.005875088422143667}. Best is trial 0 with value: 0.536704957485199.
[I 2023-12-26 18:49:36,142] Trial 39 finished with value: 1.996627926826477 and parameters: {'gradient_clip_val': 0.28696109446997564, 'hidden_size': 99, 'dropout': 0.41382953814108847, 'hidden_continuous_size': 25, 'attention_head_size': 2, 'learning_rate': 0.03016351224044753}. Best is trial 0 with value: 0.536704957485199.
[I 2023-12-26 18:49:39,526] Trial 40 finished with value: 1.9662221670150757 and parameters: {'gradient_clip_val': 0.22634626875285652, 'hidden_size': 58, 'dropout': 0.48164522115362696, 'hidden_continuous_size': 16, 'attention_head_size': 3, 'learning_rate': 0.018700394389846695}. Best is trial 0 with value: 0.536704957485199.
[I 2023-12-26 18:49:42,476] Trial 41 finished with value: 2.348281145095825 and parameters: {'gradient_clip_val': 0.10322181901491521, 'hidden_size': 49, 'dropout': 0.2156348402583322, 'hidden_continuous_size': 9, 'attention_head_size': 1, 'learning_rate': 0.07366487987139268}. Best is trial 0 with value: 0.536704957485199.
[I 2023-12-26 18:49:45,344] Trial 42 finished with value: 2.870593309402466 and parameters: {'gradient_clip_val': 0.1001764958192478, 'hidden_size': 43, 'dropout': 0.1972717020137249, 'hidden_continuous_size': 14, 'attention_head_size': 1, 'learning_rate': 0.09753171054057702}. Best is trial 0 with value: 0.536704957485199.
[I 2023-12-26 18:49:49,261] Trial 43 finished with value: 2.2697060108184814 and parameters: {'gradient_clip_val': 0.12246932521236353, 'hidden_size': 72, 'dropout': 0.27578889464590284, 'hidden_continuous_size': 8, 'attention_head_size': 1, 'learning_rate': 0.050973794019603814}. Best is trial 0 with value: 0.536704957485199.
[I 2023-12-26 18:49:52,409] Trial 44 finished with value: 1.7907902002334595 and parameters: {'gradient_clip_val': 0.14573254103670044, 'hidden_size': 57, 'dropout': 0.3243697604775994, 'hidden_continuous_size': 7, 'attention_head_size': 1, 'learning_rate': 0.08037466345342836}. Best is trial 0 with value: 0.536704957485199.
[I 2023-12-26 18:49:55,254] Trial 45 finished with value: 2.0631697177886963 and parameters: {'gradient_clip_val': 0.11194710758496013, 'hidden_size': 41, 'dropout': 0.4471787410415418, 'hidden_continuous_size': 11, 'attention_head_size': 1, 'learning_rate': 0.09901214428790206}. Best is trial 0 with value: 0.536704957485199.
[I 2023-12-26 18:49:57,784] Trial 46 finished with value: 2.824723482131958 and parameters: {'gradient_clip_val': 0.13206074866492074, 'hidden_size': 34, 'dropout': 0.33938788172350837, 'hidden_continuous_size': 13, 'attention_head_size': 2, 'learning_rate': 0.05513135825250384}. Best is trial 0 with value: 0.536704957485199.
[I 2023-12-26 18:50:00,807] Trial 47 finished with value: 2.0485482215881348 and parameters: {'gradient_clip_val': 0.15520046770058052, 'hidden_size': 52, 'dropout': 0.3817821080712895, 'hidden_continuous_size': 5, 'attention_head_size': 1, 'learning_rate': 0.07674689972991881}. Best is trial 0 with value: 0.536704957485199.
[I 2023-12-26 18:50:06,307] Trial 48 finished with value: 2.269200086593628 and parameters: {'gradient_clip_val': 0.10932664246082889, 'hidden_size': 84, 'dropout': 0.4812572265049402, 'hidden_continuous_size': 6, 'attention_head_size': 2, 'learning_rate': 0.04315711439604167}. Best is trial 0 with value: 0.536704957485199.
[I 2023-12-26 18:50:09,478] Trial 49 finished with value: 2.3202898502349854 and parameters: {'gradient_clip_val': 0.11451116468237416, 'hidden_size': 45, 'dropout': 0.29302716157366443, 'hidden_continuous_size': 9, 'attention_head_size': 3, 'learning_rate': 0.03636004038246893}. Best is trial 0 with value: 0.536704957485199.
[I 2023-12-26 18:50:09,603] A new study created in memory with name: no-name-8ea8edd2-a923-4be6-acad-22828a8a34ce
/home/le004/conda/anaconda3/envs/tsff_env/lib/python3.9/site-packages/lightning/fabric/plugins/environments/slurm.py:191: The `srun` command is available on your system but is not used. HINT: If your intention is to run Lightning on SLURM, prepend your python command with `srun` like so: srun python /home/le004/master_thesis/git/TSFusionForecast/code/ ...
[I 2023-12-26 18:55:45,436] Trial 0 finished with value: 0.03437155485153198 and parameters: {'gradient_clip_val': 0.1155327085180296, 'hidden_size': 32, 'dropout': 0.23432276530808172, 'hidden_continuous_size': 7, 'attention_head_size': 1, 'learning_rate': 0.0012603169654231427}. Best is trial 0 with value: 0.03437155485153198.
[I 2023-12-26 18:57:53,830] Trial 1 finished with value: 0.06327079981565475 and parameters: {'gradient_clip_val': 0.5345191288716068, 'hidden_size': 35, 'dropout': 0.15660158178802763, 'hidden_continuous_size': 19, 'attention_head_size': 2, 'learning_rate': 0.006981530106835048}. Best is trial 0 with value: 0.03437155485153198.
[I 2023-12-26 18:57:55,986] Trial 2 finished with value: 4.17753267288208 and parameters: {'gradient_clip_val': 0.5610345205560263, 'hidden_size': 6, 'dropout': 0.28487429666900504, 'hidden_continuous_size': 5, 'attention_head_size': 4, 'learning_rate': 0.008693896920056014}. Best is trial 0 with value: 0.03437155485153198.
[I 2023-12-26 18:58:05,865] Trial 3 finished with value: 4.004173278808594 and parameters: {'gradient_clip_val': 0.1372960014418268, 'hidden_size': 127, 'dropout': 0.1093547012803937, 'hidden_continuous_size': 5, 'attention_head_size': 3, 'learning_rate': 0.0171121399940814}. Best is trial 0 with value: 0.03437155485153198.
[I 2023-12-26 18:58:08,481] Trial 4 finished with value: 2.9516518115997314 and parameters: {'gradient_clip_val': 0.9766633585266623, 'hidden_size': 22, 'dropout': 0.3828349112353978, 'hidden_continuous_size': 6, 'attention_head_size': 2, 'learning_rate': 0.002813194300364275}. Best is trial 0 with value: 0.03437155485153198.
[I 2023-12-26 18:58:16,124] Trial 5 finished with value: 2.974334478378296 and parameters: {'gradient_clip_val': 0.1455464837655161, 'hidden_size': 95, 'dropout': 0.19178234546464928, 'hidden_continuous_size': 31, 'attention_head_size': 2, 'learning_rate': 0.001306906348793627}. Best is trial 0 with value: 0.03437155485153198.
[I 2023-12-26 18:58:19,647] Trial 6 finished with value: 3.682913064956665 and parameters: {'gradient_clip_val': 0.10244381543812278, 'hidden_size': 38, 'dropout': 0.279204291284574, 'hidden_continuous_size': 36, 'attention_head_size': 1, 'learning_rate': 0.0820152507923142}. Best is trial 0 with value: 0.03437155485153198.
[I 2023-12-26 18:58:30,893] Trial 7 finished with value: 2.5501205921173096 and parameters: {'gradient_clip_val': 0.10654793909194092, 'hidden_size': 141, 'dropout': 0.2971154970400859, 'hidden_continuous_size': 62, 'attention_head_size': 2, 'learning_rate': 0.01759376245856926}. Best is trial 0 with value: 0.03437155485153198.
[I 2023-12-26 18:58:33,342] Trial 8 finished with value: 4.237209796905518 and parameters: {'gradient_clip_val': 0.7556273388377658, 'hidden_size': 15, 'dropout': 0.45681428252310075, 'hidden_continuous_size': 8, 'attention_head_size': 2, 'learning_rate': 0.07126900446192488}. Best is trial 0 with value: 0.03437155485153198.
[I 2023-12-26 18:58:35,649] Trial 9 finished with value: 2.443739891052246 and parameters: {'gradient_clip_val': 0.10400126912090475, 'hidden_size': 11, 'dropout': 0.32489628289904904, 'hidden_continuous_size': 7, 'attention_head_size': 2, 'learning_rate': 0.0014510847391324064}. Best is trial 0 with value: 0.03437155485153198.
[I 2023-12-26 18:58:40,636] Trial 10 finished with value: 3.4066247940063477 and parameters: {'gradient_clip_val': 0.22033591455767337, 'hidden_size': 64, 'dropout': 0.22182153116640377, 'hidden_continuous_size': 11, 'attention_head_size': 1, 'learning_rate': 0.0005418149772127163}. Best is trial 0 with value: 0.03437155485153198.
[I 2023-12-26 18:58:44,051] Trial 11 finished with value: 3.269526481628418 and parameters: {'gradient_clip_val': 0.3970005360009762, 'hidden_size': 38, 'dropout': 0.14235256439166155, 'hidden_continuous_size': 13, 'attention_head_size': 1, 'learning_rate': 0.0037010162380133886}. Best is trial 0 with value: 0.03437155485153198.
[I 2023-12-26 18:58:47,632] Trial 12 finished with value: 4.70753812789917 and parameters: {'gradient_clip_val': 0.2707041150591277, 'hidden_size': 42, 'dropout': 0.17673580944942768, 'hidden_continuous_size': 17, 'attention_head_size': 3, 'learning_rate': 0.0005153022714201481}. Best is trial 0 with value: 0.03437155485153198.
[I 2023-12-26 18:58:50,328] Trial 13 finished with value: 4.2994384765625 and parameters: {'gradient_clip_val': 0.40159642146880786, 'hidden_size': 23, 'dropout': 0.2175867578730643, 'hidden_continuous_size': 8, 'attention_head_size': 1, 'learning_rate': 0.005080281341441359}. Best is trial 0 with value: 0.03437155485153198.
[I 2023-12-26 18:58:54,781] Trial 14 finished with value: 3.7776706218719482 and parameters: {'gradient_clip_val': 0.19371715912756257, 'hidden_size': 56, 'dropout': 0.11063441683067493, 'hidden_continuous_size': 18, 'attention_head_size': 3, 'learning_rate': 0.001799231163491912}. Best is trial 0 with value: 0.03437155485153198.
[I 2023-12-26 18:58:57,963] Trial 15 finished with value: 2.6946027278900146 and parameters: {'gradient_clip_val': 0.2838614761106672, 'hidden_size': 27, 'dropout': 0.17206106979725805, 'hidden_continuous_size': 10, 'attention_head_size': 1, 'learning_rate': 0.008109867831820428}. Best is trial 0 with value: 0.03437155485153198.
[I 2023-12-26 18:59:03,587] Trial 16 finished with value: 3.9671452045440674 and parameters: {'gradient_clip_val': 0.4824426224682318, 'hidden_size': 67, 'dropout': 0.2393409100145156, 'hidden_continuous_size': 15, 'attention_head_size': 4, 'learning_rate': 0.0009735906452255832}. Best is trial 0 with value: 0.03437155485153198.
[I 2023-12-26 18:59:06,565] Trial 17 finished with value: 3.764615774154663 and parameters: {'gradient_clip_val': 0.36040450656309875, 'hidden_size': 30, 'dropout': 0.15524061970609682, 'hidden_continuous_size': 9, 'attention_head_size': 1, 'learning_rate': 0.002466343515949265}. Best is trial 0 with value: 0.03437155485153198.
[I 2023-12-26 18:59:08,846] Trial 18 finished with value: 2.6518924236297607 and parameters: {'gradient_clip_val': 0.6425850419741784, 'hidden_size': 16, 'dropout': 0.2430638134922867, 'hidden_continuous_size': 6, 'attention_head_size': 2, 'learning_rate': 0.004888135239538428}. Best is trial 0 with value: 0.03437155485153198.
[I 2023-12-26 18:59:13,395] Trial 19 finished with value: 3.8160574436187744 and parameters: {'gradient_clip_val': 0.32600147544105185, 'hidden_size': 56, 'dropout': 0.13666219780257588, 'hidden_continuous_size': 12, 'attention_head_size': 3, 'learning_rate': 0.000904605129384515}. Best is trial 0 with value: 0.03437155485153198.
[I 2023-12-26 18:59:19,632] Trial 20 finished with value: 3.8414669036865234 and parameters: {'gradient_clip_val': 0.47390505993599424, 'hidden_size': 81, 'dropout': 0.20476287851204306, 'hidden_continuous_size': 24, 'attention_head_size': 1, 'learning_rate': 0.0021917782298148734}. Best is trial 0 with value: 0.03437155485153198.
[I 2023-12-26 18:59:21,960] Trial 21 finished with value: 4.3210225105285645 and parameters: {'gradient_clip_val': 0.1345221263177879, 'hidden_size': 10, 'dropout': 0.3402288389934108, 'hidden_continuous_size': 6, 'attention_head_size': 2, 'learning_rate': 0.0016857458591230318}. Best is trial 0 with value: 0.03437155485153198.
[I 2023-12-26 18:59:24,193] Trial 22 finished with value: 4.469550609588623 and parameters: {'gradient_clip_val': 0.10206358134113414, 'hidden_size': 16, 'dropout': 0.26101781022040893, 'hidden_continuous_size': 7, 'attention_head_size': 2, 'learning_rate': 0.0008081548130112017}. Best is trial 0 with value: 0.03437155485153198.
[I 2023-12-26 18:59:26,213] Trial 23 finished with value: 3.3121325969696045 and parameters: {'gradient_clip_val': 0.18391905192642385, 'hidden_size': 5, 'dropout': 0.32833929376979165, 'hidden_continuous_size': 5, 'attention_head_size': 2, 'learning_rate': 0.001176050921251769}. Best is trial 0 with value: 0.03437155485153198.
[I 2023-12-26 18:59:28,601] Trial 24 finished with value: 3.882075071334839 and parameters: {'gradient_clip_val': 0.12506426654141972, 'hidden_size': 12, 'dropout': 0.24921729391305364, 'hidden_continuous_size': 7, 'attention_head_size': 3, 'learning_rate': 0.0014329486213580894}. Best is trial 0 with value: 0.03437155485153198.
[I 2023-12-26 18:59:30,753] Trial 25 finished with value: 4.7641167640686035 and parameters: {'gradient_clip_val': 0.23758818746182048, 'hidden_size': 8, 'dropout': 0.19695501654285086, 'hidden_continuous_size': 5, 'attention_head_size': 2, 'learning_rate': 0.0023665088464273586}. Best is trial 0 with value: 0.03437155485153198.
[I 2023-12-26 18:59:33,316] Trial 26 finished with value: 3.510423421859741 and parameters: {'gradient_clip_val': 0.1647811003428957, 'hidden_size': 20, 'dropout': 0.3170282252733334, 'hidden_continuous_size': 9, 'attention_head_size': 1, 'learning_rate': 0.0007815951917152562}. Best is trial 0 with value: 0.03437155485153198.
[I 2023-12-26 18:59:36,500] Trial 27 finished with value: 4.48303747177124 and parameters: {'gradient_clip_val': 0.16193327681070557, 'hidden_size': 32, 'dropout': 0.26905669208159105, 'hidden_continuous_size': 10, 'attention_head_size': 2, 'learning_rate': 0.0031126983430627003}. Best is trial 0 with value: 0.03437155485153198.
[I 2023-12-26 18:59:40,478] Trial 28 finished with value: 3.597608804702759 and parameters: {'gradient_clip_val': 0.11969046486492886, 'hidden_size': 45, 'dropout': 0.2205726173587211, 'hidden_continuous_size': 13, 'attention_head_size': 3, 'learning_rate': 0.0015681090261210977}. Best is trial 0 with value: 0.03437155485153198.
[I 2023-12-26 18:59:42,745] Trial 29 finished with value: 3.6500158309936523 and parameters: {'gradient_clip_val': 0.11911377235568399, 'hidden_size': 7, 'dropout': 0.3601982293507918, 'hidden_continuous_size': 5, 'attention_head_size': 4, 'learning_rate': 0.005665631307021291}. Best is trial 0 with value: 0.03437155485153198.
[I 2023-12-26 18:59:45,552] Trial 30 finished with value: 3.720416784286499 and parameters: {'gradient_clip_val': 0.15070173377972226, 'hidden_size': 27, 'dropout': 0.2887569869034267, 'hidden_continuous_size': 7, 'attention_head_size': 1, 'learning_rate': 0.0033751200350869023}. Best is trial 0 with value: 0.03437155485153198.
[I 2023-12-26 18:59:54,819] Trial 31 finished with value: 2.6047651767730713 and parameters: {'gradient_clip_val': 0.10231057250251441, 'hidden_size': 113, 'dropout': 0.3007168794953515, 'hidden_continuous_size': 65, 'attention_head_size': 2, 'learning_rate': 0.010742082008375493}. Best is trial 0 with value: 0.03437155485153198.
[I 2023-12-26 19:00:04,682] Trial 32 finished with value: 3.3298122882843018 and parameters: {'gradient_clip_val': 0.11760309283748281, 'hidden_size': 121, 'dropout': 0.30070566568891527, 'hidden_continuous_size': 76, 'attention_head_size': 2, 'learning_rate': 0.013641654299636121}. Best is trial 0 with value: 0.03437155485153198.
[I 2023-12-26 19:00:15,382] Trial 33 finished with value: 2.129953622817993 and parameters: {'gradient_clip_val': 0.13662938535693486, 'hidden_size': 140, 'dropout': 0.28875391428989094, 'hidden_continuous_size': 43, 'attention_head_size': 2, 'learning_rate': 0.021317392825628233}. Best is trial 0 with value: 0.03437155485153198.
[I 2023-12-26 19:00:23,183] Trial 34 finished with value: 3.743086576461792 and parameters: {'gradient_clip_val': 0.13594283619425965, 'hidden_size': 101, 'dropout': 0.2750553869803033, 'hidden_continuous_size': 24, 'attention_head_size': 3, 'learning_rate': 0.020382361671746202}. Best is trial 0 with value: 0.03437155485153198.
[I 2023-12-26 19:00:34,625] Trial 35 finished with value: 2.394408941268921 and parameters: {'gradient_clip_val': 0.14518041726146041, 'hidden_size': 149, 'dropout': 0.38032195872888275, 'hidden_continuous_size': 42, 'attention_head_size': 2, 'learning_rate': 0.024856760174891256}. Best is trial 0 with value: 0.03437155485153198.
[I 2023-12-26 19:00:45,820] Trial 36 finished with value: 2.523519277572632 and parameters: {'gradient_clip_val': 0.15360052726207926, 'hidden_size': 145, 'dropout': 0.3952664944730795, 'hidden_continuous_size': 46, 'attention_head_size': 2, 'learning_rate': 0.029307707726097615}. Best is trial 0 with value: 0.03437155485153198.
[I 2023-12-26 19:00:53,369] Trial 37 finished with value: 4.523205280303955 and parameters: {'gradient_clip_val': 0.18074625062716865, 'hidden_size': 89, 'dropout': 0.4105301432106584, 'hidden_continuous_size': 38, 'attention_head_size': 2, 'learning_rate': 0.03049583124946792}. Best is trial 0 with value: 0.03437155485153198.
[I 2023-12-26 19:01:05,236] Trial 38 finished with value: 3.5604660511016846 and parameters: {'gradient_clip_val': 0.21035977122906113, 'hidden_size': 143, 'dropout': 0.35932203276955405, 'hidden_continuous_size': 108, 'attention_head_size': 1, 'learning_rate': 0.009577714837987413}. Best is trial 0 with value: 0.03437155485153198.
[I 2023-12-26 19:01:14,372] Trial 39 finished with value: 2.6808621883392334 and parameters: {'gradient_clip_val': 0.14295482479639016, 'hidden_size': 111, 'dropout': 0.18243505980998814, 'hidden_continuous_size': 26, 'attention_head_size': 2, 'learning_rate': 0.0066654016442469115}. Best is trial 0 with value: 0.03437155485153198.
[I 2023-12-26 19:01:20,418] Trial 40 finished with value: 4.035267353057861 and parameters: {'gradient_clip_val': 0.17055658947277863, 'hidden_size': 77, 'dropout': 0.25771048667608176, 'hidden_continuous_size': 20, 'attention_head_size': 3, 'learning_rate': 0.0495039614085247}. Best is trial 0 with value: 0.03437155485153198.
[I 2023-12-26 19:01:29,471] Trial 41 finished with value: 2.80226731300354 and parameters: {'gradient_clip_val': 0.11138011547589409, 'hidden_size': 117, 'dropout': 0.323539238133908, 'hidden_continuous_size': 32, 'attention_head_size': 2, 'learning_rate': 0.011850339717306894}. Best is trial 0 with value: 0.03437155485153198.
[I 2023-12-26 19:01:37,608] Trial 42 finished with value: 4.193465232849121 and parameters: {'gradient_clip_val': 0.13109515767104904, 'hidden_size': 101, 'dropout': 0.2829689619910276, 'hidden_continuous_size': 44, 'attention_head_size': 2, 'learning_rate': 0.00421312583396867}. Best is trial 0 with value: 0.03437155485153198.
[I 2023-12-26 19:01:40,913] Trial 43 finished with value: 3.043870210647583 and parameters: {'gradient_clip_val': 0.11099328670521409, 'hidden_size': 35, 'dropout': 0.2371948744531584, 'hidden_continuous_size': 14, 'attention_head_size': 2, 'learning_rate': 0.014647475941345241}. Best is trial 0 with value: 0.03437155485153198.
[I 2023-12-26 19:01:44,861] Trial 44 finished with value: 3.688415288925171 and parameters: {'gradient_clip_val': 0.12856302225229413, 'hidden_size': 46, 'dropout': 0.3027619412353325, 'hidden_continuous_size': 19, 'attention_head_size': 1, 'learning_rate': 0.007516945630978035}. Best is trial 0 with value: 0.03437155485153198.
[I 2023-12-26 19:01:47,455] Trial 45 finished with value: 3.834076166152954 and parameters: {'gradient_clip_val': 0.14022009755071033, 'hidden_size': 21, 'dropout': 0.10218944593468127, 'hidden_continuous_size': 11, 'attention_head_size': 2, 'learning_rate': 0.019526357593681175}. Best is trial 0 with value: 0.03437155485153198.
[I 2023-12-26 19:01:57,811] Trial 46 finished with value: 3.5908470153808594 and parameters: {'gradient_clip_val': 0.11004486679976358, 'hidden_size': 138, 'dropout': 0.20999097292666594, 'hidden_continuous_size': 15, 'attention_head_size': 1, 'learning_rate': 0.009100496446150115}. Best is trial 0 with value: 0.03437155485153198.
[I 2023-12-26 19:02:00,415] Trial 47 finished with value: 4.071816444396973 and parameters: {'gradient_clip_val': 0.15025200950301362, 'hidden_size': 24, 'dropout': 0.22601714444875154, 'hidden_continuous_size': 16, 'attention_head_size': 2, 'learning_rate': 0.0020054381867670493}. Best is trial 0 with value: 0.03437155485153198.
[I 2023-12-26 19:02:04,723] Trial 48 finished with value: 3.268754243850708 and parameters: {'gradient_clip_val': 0.1011600895378646, 'hidden_size': 51, 'dropout': 0.26523152788886445, 'hidden_continuous_size': 28, 'attention_head_size': 3, 'learning_rate': 0.0030175264277594494}. Best is trial 0 with value: 0.03437155485153198.
