[I 2023-12-26 13:38:04,879] Trial 15 finished with value: 3.2712783813476562 and parameters: {'gradient_clip_val': 0.5058941068464569, 'hidden_size': 149, 'dropout': 0.2834588177473051, 'hidden_continuous_size': 89, 'attention_head_size': 2, 'learning_rate': 0.021950492708564653}. Best is trial 0 with value: 0.07697436213493347.
[I 2023-12-26 13:38:08,666] Trial 16 finished with value: 3.0160396099090576 and parameters: {'gradient_clip_val': 0.44727853746235774, 'hidden_size': 61, 'dropout': 0.32981570236785196, 'hidden_continuous_size': 40, 'attention_head_size': 2, 'learning_rate': 0.008004754046453386}. Best is trial 0 with value: 0.07697436213493347.
[I 2023-12-26 13:38:15,304] Trial 17 finished with value: 2.968427896499634 and parameters: {'gradient_clip_val': 0.24095782295342044, 'hidden_size': 101, 'dropout': 0.24932120810672645, 'hidden_continuous_size': 71, 'attention_head_size': 3, 'learning_rate': 0.002182077754624989}. Best is trial 0 with value: 0.07697436213493347.
[I 2023-12-26 13:38:24,930] Trial 18 finished with value: 2.6874582767486572 and parameters: {'gradient_clip_val': 0.2427801655110368, 'hidden_size': 145, 'dropout': 0.3041339163735059, 'hidden_continuous_size': 100, 'attention_head_size': 2, 'learning_rate': 0.006018560126800655}. Best is trial 0 with value: 0.07697436213493347.
[I 2023-12-26 13:38:28,488] Trial 19 finished with value: 3.237657308578491 and parameters: {'gradient_clip_val': 0.1535878724775942, 'hidden_size': 58, 'dropout': 0.40943824900052955, 'hidden_continuous_size': 42, 'attention_head_size': 3, 'learning_rate': 0.0005605610985614779}. Best is trial 0 with value: 0.07697436213493347.
[I 2023-12-26 13:38:34,576] Trial 20 finished with value: 3.3673171997070312 and parameters: {'gradient_clip_val': 0.12735490531451898, 'hidden_size': 93, 'dropout': 0.2462189897151328, 'hidden_continuous_size': 63, 'attention_head_size': 2, 'learning_rate': 0.005534463970133001}. Best is trial 0 with value: 0.07697436213493347.
[I 2023-12-26 13:38:37,501] Trial 21 finished with value: 3.3064606189727783 and parameters: {'gradient_clip_val': 0.3519846900417657, 'hidden_size': 43, 'dropout': 0.4505559948923114, 'hidden_continuous_size': 20, 'attention_head_size': 3, 'learning_rate': 0.002484682803105485}. Best is trial 0 with value: 0.07697436213493347.
[I 2023-12-26 13:38:40,009] Trial 22 finished with value: 3.512603998184204 and parameters: {'gradient_clip_val': 0.4096506237101903, 'hidden_size': 33, 'dropout': 0.3397851963585006, 'hidden_continuous_size': 17, 'attention_head_size': 3, 'learning_rate': 0.002933059888320796}. Best is trial 0 with value: 0.07697436213493347.
[I 2023-12-26 13:38:42,186] Trial 23 finished with value: 2.933281898498535 and parameters: {'gradient_clip_val': 0.3108353761469486, 'hidden_size': 24, 'dropout': 0.4511424509943601, 'hidden_continuous_size': 12, 'attention_head_size': 3, 'learning_rate': 0.004351640234577981}. Best is trial 0 with value: 0.07697436213493347.
[I 2023-12-26 13:38:49,822] Trial 24 finished with value: 2.961599588394165 and parameters: {'gradient_clip_val': 0.5345548661844655, 'hidden_size': 115, 'dropout': 0.3188786039860183, 'hidden_continuous_size': 88, 'attention_head_size': 2, 'learning_rate': 0.004260330621672857}. Best is trial 0 with value: 0.07697436213493347.
[I 2023-12-26 13:38:54,429] Trial 25 finished with value: 2.9512441158294678 and parameters: {'gradient_clip_val': 0.27517982000964636, 'hidden_size': 73, 'dropout': 0.37035163420253986, 'hidden_continuous_size': 45, 'attention_head_size': 3, 'learning_rate': 0.007411896639651761}. Best is trial 0 with value: 0.07697436213493347.
[I 2023-12-26 13:39:01,224] Trial 26 finished with value: 3.9443721771240234 and parameters: {'gradient_clip_val': 0.2212067303910909, 'hidden_size': 99, 'dropout': 0.41037824243274046, 'hidden_continuous_size': 74, 'attention_head_size': 2, 'learning_rate': 0.0019141019449370816}. Best is trial 0 with value: 0.07697436213493347.
[I 2023-12-26 13:39:04,627] Trial 27 finished with value: 2.975081443786621 and parameters: {'gradient_clip_val': 0.34126270174778084, 'hidden_size': 51, 'dropout': 0.3467106528351308, 'hidden_continuous_size': 35, 'attention_head_size': 3, 'learning_rate': 0.003658760534868437}. Best is trial 0 with value: 0.07697436213493347.
[I 2023-12-26 13:39:09,371] Trial 28 finished with value: 2.496433734893799 and parameters: {'gradient_clip_val': 0.2791239291039242, 'hidden_size': 74, 'dropout': 0.3048441406272689, 'hidden_continuous_size': 50, 'attention_head_size': 4, 'learning_rate': 0.011306759205068113}. Best is trial 0 with value: 0.07697436213493347.
[I 2023-12-26 13:39:14,300] Trial 29 finished with value: 3.0966756343841553 and parameters: {'gradient_clip_val': 0.3062929513361128, 'hidden_size': 78, 'dropout': 0.3850776775830531, 'hidden_continuous_size': 53, 'attention_head_size': 2, 'learning_rate': 0.001558266312445178}. Best is trial 0 with value: 0.07697436213493347.
[I 2023-12-26 13:39:21,452] Trial 30 finished with value: 2.780848741531372 and parameters: {'gradient_clip_val': 0.2386676528205473, 'hidden_size': 112, 'dropout': 0.33931962444886005, 'hidden_continuous_size': 76, 'attention_head_size': 3, 'learning_rate': 0.0072123377552321365}. Best is trial 0 with value: 0.07697436213493347.
[I 2023-12-26 13:39:26,361] Trial 31 finished with value: 2.1820456981658936 and parameters: {'gradient_clip_val': 0.28218442201172095, 'hidden_size': 77, 'dropout': 0.30440055943483174, 'hidden_continuous_size': 49, 'attention_head_size': 4, 'learning_rate': 0.010501814595475651}. Best is trial 0 with value: 0.07697436213493347.
[I 2023-12-26 13:39:32,215] Trial 32 finished with value: 3.4080092906951904 and parameters: {'gradient_clip_val': 0.20729017066485397, 'hidden_size': 90, 'dropout': 0.2675864112782536, 'hidden_continuous_size': 65, 'attention_head_size': 4, 'learning_rate': 0.014801717675871408}. Best is trial 0 with value: 0.07697436213493347.
[I 2023-12-26 13:39:39,378] Trial 33 finished with value: 3.3968632221221924 and parameters: {'gradient_clip_val': 0.17898012252742088, 'hidden_size': 116, 'dropout': 0.31043249768247905, 'hidden_continuous_size': 33, 'attention_head_size': 4, 'learning_rate': 0.005316265128030624}. Best is trial 0 with value: 0.07697436213493347.
[I 2023-12-26 13:39:43,473] Trial 34 finished with value: 4.069015026092529 and parameters: {'gradient_clip_val': 0.39619718587029257, 'hidden_size': 63, 'dropout': 0.2920239262704022, 'hidden_continuous_size': 49, 'attention_head_size': 4, 'learning_rate': 0.009206107585603607}. Best is trial 0 with value: 0.07697436213493347.
[I 2023-12-26 13:39:48,742] Trial 35 finished with value: 2.2268078327178955 and parameters: {'gradient_clip_val': 0.29471487974463867, 'hidden_size': 81, 'dropout': 0.3467118072626806, 'hidden_continuous_size': 58, 'attention_head_size': 4, 'learning_rate': 0.020549087594302455}. Best is trial 0 with value: 0.07697436213493347.
[I 2023-12-26 13:39:59,437] Trial 36 finished with value: 3.0087711811065674 and parameters: {'gradient_clip_val': 0.19537956677477772, 'hidden_size': 148, 'dropout': 0.35473813637917756, 'hidden_continuous_size': 141, 'attention_head_size': 4, 'learning_rate': 0.02792396976429408}. Best is trial 0 with value: 0.07697436213493347.
[I 2023-12-26 13:40:05,264] Trial 37 finished with value: 3.771064043045044 and parameters: {'gradient_clip_val': 0.28645841623094614, 'hidden_size': 86, 'dropout': 0.3285453619007771, 'hidden_continuous_size': 58, 'attention_head_size': 4, 'learning_rate': 0.01710840357719658}. Best is trial 0 with value: 0.07697436213493347.
[I 2023-12-26 13:40:09,976] Trial 38 finished with value: 3.708904981613159 and parameters: {'gradient_clip_val': 0.16618226978255807, 'hidden_size': 70, 'dropout': 0.35939513271653256, 'hidden_continuous_size': 55, 'attention_head_size': 4, 'learning_rate': 0.01115047781649784}. Best is trial 0 with value: 0.07697436213493347.
[I 2023-12-26 13:40:17,660] Trial 39 finished with value: 2.7360756397247314 and parameters: {'gradient_clip_val': 0.19246035969757883, 'hidden_size': 113, 'dropout': 0.2212945961735034, 'hidden_continuous_size': 85, 'attention_head_size': 1, 'learning_rate': 0.02947032788748385}. Best is trial 0 with value: 0.07697436213493347.
[I 2023-12-26 13:40:23,364] Trial 40 finished with value: 3.3015401363372803 and parameters: {'gradient_clip_val': 0.1513839087561413, 'hidden_size': 87, 'dropout': 0.3859011156666556, 'hidden_continuous_size': 64, 'attention_head_size': 4, 'learning_rate': 0.011475530138482152}. Best is trial 0 with value: 0.07697436213493347.
[I 2023-12-26 13:40:26,722] Trial 41 finished with value: 2.9342877864837646 and parameters: {'gradient_clip_val': 0.3152745178270772, 'hidden_size': 52, 'dropout': 0.31902652580888047, 'hidden_continuous_size': 45, 'attention_head_size': 3, 'learning_rate': 0.005779158309192708}. Best is trial 0 with value: 0.07697436213493347.
[I 2023-12-26 13:40:31,488] Trial 42 finished with value: 3.243368148803711 and parameters: {'gradient_clip_val': 0.2174015852961565, 'hidden_size': 74, 'dropout': 0.29476344616184047, 'hidden_continuous_size': 57, 'attention_head_size': 4, 'learning_rate': 0.007175626597957455}. Best is trial 0 with value: 0.07697436213493347.
[I 2023-12-26 13:40:37,573] Trial 43 finished with value: 3.4996414184570312 and parameters: {'gradient_clip_val': 0.2613036362176009, 'hidden_size': 98, 'dropout': 0.3632598641413969, 'hidden_continuous_size': 28, 'attention_head_size': 3, 'learning_rate': 0.003996346593530257}. Best is trial 0 with value: 0.07697436213493347.
[I 2023-12-26 13:40:45,207] Trial 44 finished with value: 2.01019287109375 and parameters: {'gradient_clip_val': 0.3306456883241773, 'hidden_size': 121, 'dropout': 0.27348395843530465, 'hidden_continuous_size': 38, 'attention_head_size': 4, 'learning_rate': 0.008756497415224844}. Best is trial 0 with value: 0.07697436213493347.
[I 2023-12-26 13:40:53,676] Trial 45 finished with value: 2.712773084640503 and parameters: {'gradient_clip_val': 0.3260111839465356, 'hidden_size': 123, 'dropout': 0.26938514604713465, 'hidden_continuous_size': 104, 'attention_head_size': 4, 'learning_rate': 0.009376493248457582}. Best is trial 0 with value: 0.07697436213493347.
[I 2023-12-26 13:41:01,949] Trial 46 finished with value: 2.8519394397735596 and parameters: {'gradient_clip_val': 0.37334995753287803, 'hidden_size': 131, 'dropout': 0.326267309299334, 'hidden_continuous_size': 37, 'attention_head_size': 4, 'learning_rate': 0.01730160283072726}. Best is trial 0 with value: 0.07697436213493347.
[I 2023-12-26 13:41:08,696] Trial 47 finished with value: 3.3383681774139404 and parameters: {'gradient_clip_val': 0.2874134676324375, 'hidden_size': 102, 'dropout': 0.2968446081602944, 'hidden_continuous_size': 74, 'attention_head_size': 4, 'learning_rate': 0.013186304368765195}. Best is trial 0 with value: 0.07697436213493347.
[I 2023-12-26 13:41:18,963] Trial 48 finished with value: 2.976266622543335 and parameters: {'gradient_clip_val': 0.2574139465651603, 'hidden_size': 131, 'dropout': 0.2670521792956134, 'hidden_continuous_size': 40, 'attention_head_size': 1, 'learning_rate': 0.008827927807686176}. Best is trial 0 with value: 0.07697436213493347.
[I 2023-12-26 13:41:25,378] Trial 49 finished with value: 3.1700754165649414 and parameters: {'gradient_clip_val': 0.21312903197373861, 'hidden_size': 80, 'dropout': 0.3100052213273418, 'hidden_continuous_size': 60, 'attention_head_size': 4, 'learning_rate': 0.006309420672994406}. Best is trial 0 with value: 0.07697436213493347.
[I 2023-12-26 13:41:25,504] A new study created in memory with name: no-name-041f9d1a-0dc1-4117-8e12-24242d7da7c5
/home/le004/conda/anaconda3/envs/tsff_env/lib/python3.9/site-packages/lightning/fabric/plugins/environments/slurm.py:191: The `srun` command is available on your system but is not used. HINT: If your intention is to run Lightning on SLURM, prepend your python command with `srun` like so: srun python /home/le004/master_thesis/git/TSFusionForecast/code/ ...
[I 2023-12-26 14:04:20,306] Trial 0 finished with value: 0.04674464464187622 and parameters: {'gradient_clip_val': 0.11297607273079391, 'hidden_size': 145, 'dropout': 0.19351756435386958, 'hidden_continuous_size': 59, 'attention_head_size': 1, 'learning_rate': 0.001312462737758546}. Best is trial 0 with value: 0.04674464464187622.
[I 2023-12-26 14:04:22,673] Trial 1 finished with value: 4.147666931152344 and parameters: {'gradient_clip_val': 0.23151569511463765, 'hidden_size': 11, 'dropout': 0.1482834708526024, 'hidden_continuous_size': 5, 'attention_head_size': 1, 'learning_rate': 0.00958727844464118}. Best is trial 0 with value: 0.04674464464187622.
[I 2023-12-26 14:04:26,933] Trial 2 finished with value: 3.548130750656128 and parameters: {'gradient_clip_val': 0.5935403635187542, 'hidden_size': 50, 'dropout': 0.22561789303217236, 'hidden_continuous_size': 11, 'attention_head_size': 3, 'learning_rate': 0.023373865656695355}. Best is trial 0 with value: 0.04674464464187622.
[I 2023-12-26 14:04:32,703] Trial 3 finished with value: 4.180291175842285 and parameters: {'gradient_clip_val': 0.4174918990017739, 'hidden_size': 62, 'dropout': 0.3864334993563012, 'hidden_continuous_size': 51, 'attention_head_size': 3, 'learning_rate': 0.05402294342560806}. Best is trial 0 with value: 0.04674464464187622.
[I 2023-12-26 14:04:42,440] Trial 4 finished with value: 3.8562686443328857 and parameters: {'gradient_clip_val': 0.16344661272638167, 'hidden_size': 121, 'dropout': 0.3990657157282731, 'hidden_continuous_size': 35, 'attention_head_size': 4, 'learning_rate': 0.0035124281691259183}. Best is trial 0 with value: 0.04674464464187622.
[I 2023-12-26 14:04:46,277] Trial 5 finished with value: 3.908193588256836 and parameters: {'gradient_clip_val': 0.33494795088666257, 'hidden_size': 48, 'dropout': 0.499917335607561, 'hidden_continuous_size': 8, 'attention_head_size': 4, 'learning_rate': 0.06800169718833315}. Best is trial 0 with value: 0.04674464464187622.
[I 2023-12-26 14:04:53,223] Trial 6 finished with value: 2.8105223178863525 and parameters: {'gradient_clip_val': 0.5247871324052379, 'hidden_size': 82, 'dropout': 0.3964856543271339, 'hidden_continuous_size': 43, 'attention_head_size': 2, 'learning_rate': 0.015840724704029006}. Best is trial 0 with value: 0.04674464464187622.
[I 2023-12-26 14:04:56,154] Trial 7 finished with value: 3.6292145252227783 and parameters: {'gradient_clip_val': 0.23213442614901306, 'hidden_size': 25, 'dropout': 0.28769292939616786, 'hidden_continuous_size': 14, 'attention_head_size': 2, 'learning_rate': 0.0023725903473793817}. Best is trial 0 with value: 0.04674464464187622.
[I 2023-12-26 14:04:58,528] Trial 8 finished with value: 3.408489942550659 and parameters: {'gradient_clip_val': 0.3431538208270094, 'hidden_size': 10, 'dropout': 0.1644991220570418, 'hidden_continuous_size': 9, 'attention_head_size': 2, 'learning_rate': 0.004608933333051925}. Best is trial 0 with value: 0.04674464464187622.
[I 2023-12-26 14:05:03,921] Trial 9 finished with value: 3.7894551753997803 and parameters: {'gradient_clip_val': 0.18995861822379223, 'hidden_size': 57, 'dropout': 0.46407468641960037, 'hidden_continuous_size': 21, 'attention_head_size': 3, 'learning_rate': 0.00331024799249144}. Best is trial 0 with value: 0.04674464464187622.
[I 2023-12-26 14:05:13,870] Trial 10 finished with value: 2.3809356689453125 and parameters: {'gradient_clip_val': 0.10064099400504278, 'hidden_size': 109, 'dropout': 0.10106991347105088, 'hidden_continuous_size': 105, 'attention_head_size': 1, 'learning_rate': 0.0006105012963289629}. Best is trial 0 with value: 0.04674464464187622.
[I 2023-12-26 14:05:26,793] Trial 11 finished with value: 3.3351709842681885 and parameters: {'gradient_clip_val': 0.1299698913561109, 'hidden_size': 147, 'dropout': 0.10343727767844382, 'hidden_continuous_size': 119, 'attention_head_size': 1, 'learning_rate': 0.0005176751774356768}. Best is trial 0 with value: 0.04674464464187622.
[I 2023-12-26 14:05:37,500] Trial 12 finished with value: 3.3015296459198 and parameters: {'gradient_clip_val': 0.10263622915659061, 'hidden_size': 121, 'dropout': 0.11105566462478692, 'hidden_continuous_size': 106, 'attention_head_size': 1, 'learning_rate': 0.0005642755957033983}. Best is trial 0 with value: 0.04674464464187622.
[I 2023-12-26 14:05:49,768] Trial 13 finished with value: 2.278432607650757 and parameters: {'gradient_clip_val': 0.11239635736414207, 'hidden_size': 149, 'dropout': 0.2021364637352814, 'hidden_continuous_size': 69, 'attention_head_size': 1, 'learning_rate': 0.0012970561009139946}. Best is trial 0 with value: 0.04674464464187622.
[I 2023-12-26 14:05:52,757] Trial 14 finished with value: 4.32388162612915 and parameters: {'gradient_clip_val': 0.8393015953365603, 'hidden_size': 29, 'dropout': 0.21932398430583186, 'hidden_continuous_size': 6, 'attention_head_size': 1, 'learning_rate': 0.0012151448691575168}. Best is trial 0 with value: 0.04674464464187622.
[I 2023-12-26 14:06:04,331] Trial 15 finished with value: 3.8755178451538086 and parameters: {'gradient_clip_val': 0.1413703448773942, 'hidden_size': 145, 'dropout': 0.22316657868492584, 'hidden_continuous_size': 56, 'attention_head_size': 2, 'learning_rate': 0.001833460553954808}. Best is trial 0 with value: 0.04674464464187622.
[I 2023-12-26 14:06:11,126] Trial 16 finished with value: 3.6495769023895264 and parameters: {'gradient_clip_val': 0.1322881692456912, 'hidden_size': 83, 'dropout': 0.2825209375075787, 'hidden_continuous_size': 28, 'attention_head_size': 1, 'learning_rate': 0.0011109307053836272}. Best is trial 0 with value: 0.04674464464187622.
[I 2023-12-26 14:06:12,949] Trial 17 finished with value: 3.6316680908203125 and parameters: {'gradient_clip_val': 0.2032671668778663, 'hidden_size': 5, 'dropout': 0.17993545172101733, 'hidden_continuous_size': 5, 'attention_head_size': 2, 'learning_rate': 0.001309369887796487}. Best is trial 0 with value: 0.04674464464187622.
[I 2023-12-26 14:06:18,861] Trial 18 finished with value: 3.625246047973633 and parameters: {'gradient_clip_val': 0.27554493278879605, 'hidden_size': 84, 'dropout': 0.2608398015012021, 'hidden_continuous_size': 60, 'attention_head_size': 1, 'learning_rate': 0.006298726875733271}. Best is trial 0 with value: 0.04674464464187622.
[I 2023-12-26 14:06:25,547] Trial 19 finished with value: 3.2434351444244385 and parameters: {'gradient_clip_val': 0.15456886658092314, 'hidden_size': 91, 'dropout': 0.3324992511511482, 'hidden_continuous_size': 71, 'attention_head_size': 2, 'learning_rate': 0.0017592212342612836}. Best is trial 0 with value: 0.04674464464187622.
[I 2023-12-26 14:06:35,524] Trial 20 finished with value: 3.0200917720794678 and parameters: {'gradient_clip_val': 0.11674151762227993, 'hidden_size': 142, 'dropout': 0.18040188221116066, 'hidden_continuous_size': 77, 'attention_head_size': 1, 'learning_rate': 0.0010026067842956107}. Best is trial 0 with value: 0.04674464464187622.
[I 2023-12-26 14:06:47,006] Trial 21 finished with value: 2.2009670734405518 and parameters: {'gradient_clip_val': 0.10136696157526384, 'hidden_size': 148, 'dropout': 0.1318448028156951, 'hidden_continuous_size': 135, 'attention_head_size': 1, 'learning_rate': 0.0007018105205504182}. Best is trial 0 with value: 0.04674464464187622.
[I 2023-12-26 14:06:58,112] Trial 22 finished with value: 2.9349029064178467 and parameters: {'gradient_clip_val': 0.11593150247678981, 'hidden_size': 148, 'dropout': 0.1438015305022782, 'hidden_continuous_size': 133, 'attention_head_size': 1, 'learning_rate': 0.0007977575833584497}. Best is trial 0 with value: 0.04674464464187622.
[I 2023-12-26 14:07:05,669] Trial 23 finished with value: 3.891098976135254 and parameters: {'gradient_clip_val': 0.10017322842716252, 'hidden_size': 104, 'dropout': 0.18949179258243198, 'hidden_continuous_size': 76, 'attention_head_size': 1, 'learning_rate': 0.0007729511682910519}. Best is trial 0 with value: 0.04674464464187622.
[I 2023-12-26 14:07:10,624] Trial 24 finished with value: 2.898944854736328 and parameters: {'gradient_clip_val': 0.16793252045831847, 'hidden_size': 73, 'dropout': 0.14971608879241866, 'hidden_continuous_size': 41, 'attention_head_size': 2, 'learning_rate': 0.0019436652586420832}. Best is trial 0 with value: 0.04674464464187622.
[I 2023-12-26 14:07:18,494] Trial 25 finished with value: 3.2885143756866455 and parameters: {'gradient_clip_val': 0.12830221457061902, 'hidden_size': 112, 'dropout': 0.20736644801573417, 'hidden_continuous_size': 84, 'attention_head_size': 1, 'learning_rate': 0.0008503837054535829}. Best is trial 0 with value: 0.04674464464187622.
[I 2023-12-26 14:07:25,841] Trial 26 finished with value: 3.550930976867676 and parameters: {'gradient_clip_val': 0.1569143377585691, 'hidden_size': 105, 'dropout': 0.2439572819754682, 'hidden_continuous_size': 62, 'attention_head_size': 2, 'learning_rate': 0.0013578569170430508}. Best is trial 0 with value: 0.04674464464187622.
[I 2023-12-26 14:07:30,293] Trial 27 finished with value: 3.701042890548706 and parameters: {'gradient_clip_val': 0.1162257527157724, 'hidden_size': 65, 'dropout': 0.12905881777814227, 'hidden_continuous_size': 47, 'attention_head_size': 1, 'learning_rate': 0.0024608984296378006}. Best is trial 0 with value: 0.04674464464187622.
[I 2023-12-26 14:07:36,747] Trial 28 finished with value: 3.781446695327759 and parameters: {'gradient_clip_val': 0.1817729052693888, 'hidden_size': 92, 'dropout': 0.18985763619048468, 'hidden_continuous_size': 58, 'attention_head_size': 1, 'learning_rate': 0.0007461606804921204}. Best is trial 0 with value: 0.04674464464187622.
[I 2023-12-26 14:07:39,771] Trial 29 finished with value: 2.532644510269165 and parameters: {'gradient_clip_val': 0.14381656139877297, 'hidden_size': 40, 'dropout': 0.1384410859547216, 'hidden_continuous_size': 31, 'attention_head_size': 3, 'learning_rate': 0.0005349652835049257}. Best is trial 0 with value: 0.04674464464187622.
