[I 2023-12-27 11:38:49,043] Trial 34 finished with value: 5.192844867706299 and parameters: {'gradient_clip_val': 0.6035765768759705, 'hidden_size': 11, 'dropout': 0.4813187366818652, 'hidden_continuous_size': 6, 'attention_head_size': 2, 'learning_rate': 0.007303626856296578}. Best is trial 0 with value: 0.6770092844963074.
[I 2023-12-27 11:38:49,429] Trial 35 finished with value: 4.703757286071777 and parameters: {'gradient_clip_val': 0.7005744261409541, 'hidden_size': 14, 'dropout': 0.42988025084895154, 'hidden_continuous_size': 5, 'attention_head_size': 2, 'learning_rate': 0.018117910794697815}. Best is trial 0 with value: 0.6770092844963074.
[I 2023-12-27 11:38:49,796] Trial 36 finished with value: 3.608017921447754 and parameters: {'gradient_clip_val': 0.5603481467859285, 'hidden_size': 8, 'dropout': 0.4707863925360532, 'hidden_continuous_size': 5, 'attention_head_size': 1, 'learning_rate': 0.06830709782163069}. Best is trial 0 with value: 0.6770092844963074.
[I 2023-12-27 11:38:50,169] Trial 37 finished with value: 4.124514102935791 and parameters: {'gradient_clip_val': 0.827949730321512, 'hidden_size': 6, 'dropout': 0.2538355722884736, 'hidden_continuous_size': 5, 'attention_head_size': 4, 'learning_rate': 0.004710304209532441}. Best is trial 0 with value: 0.6770092844963074.
[I 2023-12-27 11:38:50,761] Trial 38 finished with value: 4.451956748962402 and parameters: {'gradient_clip_val': 0.674353027288046, 'hidden_size': 12, 'dropout': 0.40760413690452046, 'hidden_continuous_size': 6, 'attention_head_size': 2, 'learning_rate': 0.009289572671508121}. Best is trial 0 with value: 0.6770092844963074.
[I 2023-12-27 11:38:51,134] Trial 39 finished with value: 4.85919189453125 and parameters: {'gradient_clip_val': 0.6126165973417304, 'hidden_size': 7, 'dropout': 0.44011475567349495, 'hidden_continuous_size': 6, 'attention_head_size': 1, 'learning_rate': 0.006178520386002045}. Best is trial 0 with value: 0.6770092844963074.
[I 2023-12-27 11:38:51,545] Trial 40 finished with value: 4.814219951629639 and parameters: {'gradient_clip_val': 0.993738549713559, 'hidden_size': 31, 'dropout': 0.3574228547973559, 'hidden_continuous_size': 12, 'attention_head_size': 3, 'learning_rate': 0.004058897010645407}. Best is trial 0 with value: 0.6770092844963074.
[I 2023-12-27 11:38:51,969] Trial 41 finished with value: 4.3754048347473145 and parameters: {'gradient_clip_val': 0.26664300536140867, 'hidden_size': 46, 'dropout': 0.4114788113312906, 'hidden_continuous_size': 15, 'attention_head_size': 3, 'learning_rate': 0.0011894599982349076}. Best is trial 0 with value: 0.6770092844963074.
[I 2023-12-27 11:38:52,383] Trial 42 finished with value: 4.650506496429443 and parameters: {'gradient_clip_val': 0.20766661675453488, 'hidden_size': 37, 'dropout': 0.46931389909760496, 'hidden_continuous_size': 10, 'attention_head_size': 4, 'learning_rate': 0.00283974018295924}. Best is trial 0 with value: 0.6770092844963074.
[I 2023-12-27 11:38:52,802] Trial 43 finished with value: 4.599822044372559 and parameters: {'gradient_clip_val': 0.3154162786325615, 'hidden_size': 50, 'dropout': 0.38962231275432657, 'hidden_continuous_size': 9, 'attention_head_size': 4, 'learning_rate': 0.001497453870319964}. Best is trial 0 with value: 0.6770092844963074.
[I 2023-12-27 11:38:53,176] Trial 44 finished with value: 3.806422233581543 and parameters: {'gradient_clip_val': 0.2679183153194153, 'hidden_size': 25, 'dropout': 0.4163607954161412, 'hidden_continuous_size': 9, 'attention_head_size': 2, 'learning_rate': 0.0005595352903105216}. Best is trial 0 with value: 0.6770092844963074.
[I 2023-12-27 11:38:53,573] Trial 45 finished with value: 3.880464792251587 and parameters: {'gradient_clip_val': 0.15235170434346137, 'hidden_size': 35, 'dropout': 0.3757429538582017, 'hidden_continuous_size': 13, 'attention_head_size': 3, 'learning_rate': 0.002561197406521946}. Best is trial 0 with value: 0.6770092844963074.
[I 2023-12-27 11:38:53,963] Trial 46 finished with value: 4.4530029296875 and parameters: {'gradient_clip_val': 0.10905740680449297, 'hidden_size': 28, 'dropout': 0.4567325566074768, 'hidden_continuous_size': 11, 'attention_head_size': 3, 'learning_rate': 0.0031868072193342546}. Best is trial 0 with value: 0.6770092844963074.
[I 2023-12-27 11:38:54,382] Trial 47 finished with value: 4.678826808929443 and parameters: {'gradient_clip_val': 0.42885766832665945, 'hidden_size': 57, 'dropout': 0.43003027923337056, 'hidden_continuous_size': 22, 'attention_head_size': 4, 'learning_rate': 0.0019152039130267847}. Best is trial 0 with value: 0.6770092844963074.
[I 2023-12-27 11:38:54,741] Trial 48 finished with value: 4.613450050354004 and parameters: {'gradient_clip_val': 0.20323964565488742, 'hidden_size': 16, 'dropout': 0.3486856922643308, 'hidden_continuous_size': 8, 'attention_head_size': 2, 'learning_rate': 0.005910671667354669}. Best is trial 0 with value: 0.6770092844963074.
[I 2023-12-27 11:38:55,113] Trial 49 finished with value: 3.017064332962036 and parameters: {'gradient_clip_val': 0.36235205975272156, 'hidden_size': 12, 'dropout': 0.3881182703726487, 'hidden_continuous_size': 7, 'attention_head_size': 3, 'learning_rate': 0.004572086697401957}. Best is trial 0 with value: 0.6770092844963074.
[I 2023-12-27 11:38:55,229] A new study created in memory with name: no-name-9ed48a6f-dc32-4cb9-85f3-2a2abd548454
/home/le004/conda/anaconda3/envs/tsff_env/lib/python3.9/site-packages/lightning/fabric/plugins/environments/slurm.py:191: The `srun` command is available on your system but is not used. HINT: If your intention is to run Lightning on SLURM, prepend your python command with `srun` like so: srun python /home/le004/master_thesis/git/TSFusionForecast/code/ ...
[I 2023-12-27 11:39:24,065] Trial 0 finished with value: 2.226747512817383 and parameters: {'gradient_clip_val': 0.2658875475383036, 'hidden_size': 6, 'dropout': 0.29621565357861723, 'hidden_continuous_size': 5, 'attention_head_size': 1, 'learning_rate': 0.0015322413880688142}. Best is trial 0 with value: 2.226747512817383.
[I 2023-12-27 11:39:55,417] Trial 1 finished with value: 0.18412208557128906 and parameters: {'gradient_clip_val': 0.1013910763772989, 'hidden_size': 20, 'dropout': 0.27421840011539184, 'hidden_continuous_size': 14, 'attention_head_size': 3, 'learning_rate': 0.087428218284908}. Best is trial 1 with value: 0.18412208557128906.
[I 2023-12-27 11:39:55,771] Trial 2 finished with value: 2.181971311569214 and parameters: {'gradient_clip_val': 0.6850010164422181, 'hidden_size': 10, 'dropout': 0.3575697095147985, 'hidden_continuous_size': 6, 'attention_head_size': 2, 'learning_rate': 0.09811421834074126}. Best is trial 1 with value: 0.18412208557128906.
[I 2023-12-27 11:39:56,065] Trial 3 finished with value: 3.3923299312591553 and parameters: {'gradient_clip_val': 0.9659012227833803, 'hidden_size': 5, 'dropout': 0.11371237428756964, 'hidden_continuous_size': 5, 'attention_head_size': 1, 'learning_rate': 0.030532814292444806}. Best is trial 1 with value: 0.18412208557128906.
[I 2023-12-27 11:39:56,415] Trial 4 finished with value: 2.439488172531128 and parameters: {'gradient_clip_val': 0.4660480422265562, 'hidden_size': 11, 'dropout': 0.4463842030903332, 'hidden_continuous_size': 10, 'attention_head_size': 3, 'learning_rate': 0.0007106077716360364}. Best is trial 1 with value: 0.18412208557128906.
[I 2023-12-27 11:39:56,830] Trial 5 finished with value: 2.719762086868286 and parameters: {'gradient_clip_val': 0.14204227927745958, 'hidden_size': 75, 'dropout': 0.40009921699362794, 'hidden_continuous_size': 10, 'attention_head_size': 4, 'learning_rate': 0.0046249961404280174}. Best is trial 1 with value: 0.18412208557128906.
[I 2023-12-27 11:39:57,178] Trial 6 finished with value: 4.684074878692627 and parameters: {'gradient_clip_val': 0.7593710242104397, 'hidden_size': 11, 'dropout': 0.17506553729602664, 'hidden_continuous_size': 7, 'attention_head_size': 4, 'learning_rate': 0.0467046696743741}. Best is trial 1 with value: 0.18412208557128906.
[I 2023-12-27 11:39:57,498] Trial 7 finished with value: 3.8396759033203125 and parameters: {'gradient_clip_val': 0.23775488122524946, 'hidden_size': 5, 'dropout': 0.40150955623062023, 'hidden_continuous_size': 5, 'attention_head_size': 2, 'learning_rate': 0.036661740839586926}. Best is trial 1 with value: 0.18412208557128906.
[I 2023-12-27 11:39:57,815] Trial 8 finished with value: 2.6220169067382812 and parameters: {'gradient_clip_val': 0.9920481796623235, 'hidden_size': 6, 'dropout': 0.3583040768873772, 'hidden_continuous_size': 6, 'attention_head_size': 1, 'learning_rate': 0.09093679944451134}. Best is trial 1 with value: 0.18412208557128906.
[I 2023-12-27 11:39:58,226] Trial 9 finished with value: 3.7286741733551025 and parameters: {'gradient_clip_val': 0.6776700196786234, 'hidden_size': 65, 'dropout': 0.12298682007743458, 'hidden_continuous_size': 12, 'attention_head_size': 1, 'learning_rate': 0.029775891997175157}. Best is trial 1 with value: 0.18412208557128906.
[I 2023-12-27 11:39:58,802] Trial 10 finished with value: 3.621765375137329 and parameters: {'gradient_clip_val': 0.10091771643069061, 'hidden_size': 25, 'dropout': 0.2523236418385954, 'hidden_continuous_size': 22, 'attention_head_size': 3, 'learning_rate': 0.00986914956564274}. Best is trial 1 with value: 0.18412208557128906.
[I 2023-12-27 11:39:59,190] Trial 11 finished with value: 3.956089735031128 and parameters: {'gradient_clip_val': 0.40376374005088855, 'hidden_size': 24, 'dropout': 0.49520894733351867, 'hidden_continuous_size': 15, 'attention_head_size': 2, 'learning_rate': 0.09200286686398651}. Best is trial 1 with value: 0.18412208557128906.
[I 2023-12-27 11:39:59,571] Trial 12 finished with value: 2.8813512325286865 and parameters: {'gradient_clip_val': 0.19058893289453543, 'hidden_size': 15, 'dropout': 0.309785493507329, 'hidden_continuous_size': 7, 'attention_head_size': 3, 'learning_rate': 0.09234036152954901}. Best is trial 1 with value: 0.18412208557128906.
[I 2023-12-27 11:40:00,004] Trial 13 finished with value: 3.413757562637329 and parameters: {'gradient_clip_val': 0.3604916408274441, 'hidden_size': 47, 'dropout': 0.2304969055934739, 'hidden_continuous_size': 39, 'attention_head_size': 2, 'learning_rate': 0.01411214001188429}. Best is trial 1 with value: 0.18412208557128906.
[I 2023-12-27 11:40:00,601] Trial 14 finished with value: 3.464952230453491 and parameters: {'gradient_clip_val': 0.49755689878052, 'hidden_size': 134, 'dropout': 0.3401617962227444, 'hidden_continuous_size': 101, 'attention_head_size': 3, 'learning_rate': 0.018314708649002063}. Best is trial 1 with value: 0.18412208557128906.
[I 2023-12-27 11:40:00,986] Trial 15 finished with value: 3.3940582275390625 and parameters: {'gradient_clip_val': 0.30848568676010557, 'hidden_size': 16, 'dropout': 0.2669735656296044, 'hidden_continuous_size': 6, 'attention_head_size': 2, 'learning_rate': 0.055439288556746666}. Best is trial 1 with value: 0.18412208557128906.
[I 2023-12-27 11:40:01,378] Trial 16 finished with value: 3.0388519763946533 and parameters: {'gradient_clip_val': 0.18244100446332215, 'hidden_size': 36, 'dropout': 0.20502675610322885, 'hidden_continuous_size': 8, 'attention_head_size': 4, 'learning_rate': 0.005491087748942305}. Best is trial 1 with value: 0.18412208557128906.
[I 2023-12-27 11:40:01,744] Trial 17 finished with value: 3.9087812900543213 and parameters: {'gradient_clip_val': 0.1026648506933462, 'hidden_size': 9, 'dropout': 0.29565196860199483, 'hidden_continuous_size': 5, 'attention_head_size': 3, 'learning_rate': 0.022329900838393132}. Best is trial 1 with value: 0.18412208557128906.
[I 2023-12-27 11:40:02,119] Trial 18 finished with value: 3.5275113582611084 and parameters: {'gradient_clip_val': 0.6276168602792995, 'hidden_size': 19, 'dropout': 0.34383553698528474, 'hidden_continuous_size': 6, 'attention_head_size': 2, 'learning_rate': 0.054430389980170794}. Best is trial 1 with value: 0.18412208557128906.
[I 2023-12-27 11:40:02,484] Trial 19 finished with value: 3.747236967086792 and parameters: {'gradient_clip_val': 0.3136615690406984, 'hidden_size': 9, 'dropout': 0.2549021449067774, 'hidden_continuous_size': 5, 'attention_head_size': 3, 'learning_rate': 0.011871835785139308}. Best is trial 1 with value: 0.18412208557128906.
[I 2023-12-27 11:40:02,863] Trial 20 finished with value: 2.5133578777313232 and parameters: {'gradient_clip_val': 0.12858363367781248, 'hidden_size': 33, 'dropout': 0.1935660906585543, 'hidden_continuous_size': 9, 'attention_head_size': 2, 'learning_rate': 0.051243351700868814}. Best is trial 1 with value: 0.18412208557128906.
[I 2023-12-27 11:40:03,219] Trial 21 finished with value: 3.324899911880493 and parameters: {'gradient_clip_val': 0.2553036227319404, 'hidden_size': 7, 'dropout': 0.3007133190534678, 'hidden_continuous_size': 5, 'attention_head_size': 1, 'learning_rate': 0.002374365599910929}. Best is trial 1 with value: 0.18412208557128906.
[I 2023-12-27 11:40:03,586] Trial 22 finished with value: 3.5201075077056885 and parameters: {'gradient_clip_val': 0.5562905793199423, 'hidden_size': 7, 'dropout': 0.2994018429383563, 'hidden_continuous_size': 5, 'attention_head_size': 1, 'learning_rate': 0.002647149045010054}. Best is trial 1 with value: 0.18412208557128906.
[I 2023-12-27 11:40:03,955] Trial 23 finished with value: 3.588282585144043 and parameters: {'gradient_clip_val': 0.484316082811226, 'hidden_size': 13, 'dropout': 0.3724172933162087, 'hidden_continuous_size': 6, 'attention_head_size': 1, 'learning_rate': 0.023292452122141837}. Best is trial 1 with value: 0.18412208557128906.
[I 2023-12-27 11:40:04,554] Trial 24 finished with value: 3.0638492107391357 and parameters: {'gradient_clip_val': 0.3852881914047213, 'hidden_size': 20, 'dropout': 0.32847304723461035, 'hidden_continuous_size': 7, 'attention_head_size': 2, 'learning_rate': 0.09858376863065799}. Best is trial 1 with value: 0.18412208557128906.
[I 2023-12-27 11:40:04,923] Trial 25 finished with value: 2.9387943744659424 and parameters: {'gradient_clip_val': 0.25174332163234436, 'hidden_size': 9, 'dropout': 0.27873733968947806, 'hidden_continuous_size': 6, 'attention_head_size': 3, 'learning_rate': 0.0008612216985350791}. Best is trial 1 with value: 0.18412208557128906.
[I 2023-12-27 11:40:05,306] Trial 26 finished with value: 2.65354323387146 and parameters: {'gradient_clip_val': 0.1819782788005062, 'hidden_size': 14, 'dropout': 0.3167520252487925, 'hidden_continuous_size': 5, 'attention_head_size': 2, 'learning_rate': 0.00859809634773986}. Best is trial 1 with value: 0.18412208557128906.
[I 2023-12-27 11:40:05,668] Trial 27 finished with value: 2.7523605823516846 and parameters: {'gradient_clip_val': 0.13571794977293283, 'hidden_size': 7, 'dropout': 0.27477367783407275, 'hidden_continuous_size': 5, 'attention_head_size': 1, 'learning_rate': 0.01898844275430641}. Best is trial 1 with value: 0.18412208557128906.
[I 2023-12-27 11:40:06,043] Trial 28 finished with value: 3.7244298458099365 and parameters: {'gradient_clip_val': 0.2885174213613047, 'hidden_size': 19, 'dropout': 0.23398636445334378, 'hidden_continuous_size': 7, 'attention_head_size': 4, 'learning_rate': 0.07053766856923878}. Best is trial 1 with value: 0.18412208557128906.
[I 2023-12-27 11:40:06,377] Trial 29 finished with value: 3.994572401046753 and parameters: {'gradient_clip_val': 0.8214118596516189, 'hidden_size': 5, 'dropout': 0.3810885744941501, 'hidden_continuous_size': 5, 'attention_head_size': 1, 'learning_rate': 0.03223533871661814}. Best is trial 1 with value: 0.18412208557128906.
[I 2023-12-27 11:40:06,759] Trial 30 finished with value: 3.3421757221221924 and parameters: {'gradient_clip_val': 0.8304212401924292, 'hidden_size': 11, 'dropout': 0.332336903048572, 'hidden_continuous_size': 6, 'attention_head_size': 2, 'learning_rate': 0.03383998968786832}. Best is trial 1 with value: 0.18412208557128906.
[I 2023-12-27 11:40:07,138] Trial 31 finished with value: 3.0435597896575928 and parameters: {'gradient_clip_val': 0.40653082685690134, 'hidden_size': 11, 'dropout': 0.4312593300310069, 'hidden_continuous_size': 6, 'attention_head_size': 3, 'learning_rate': 0.00056335857927557}. Best is trial 1 with value: 0.18412208557128906.
[I 2023-12-27 11:40:07,493] Trial 32 finished with value: 2.0437557697296143 and parameters: {'gradient_clip_val': 0.35645528234820417, 'hidden_size': 6, 'dropout': 0.43830081446486413, 'hidden_continuous_size': 5, 'attention_head_size': 3, 'learning_rate': 0.0009164607786882581}. Best is trial 1 with value: 0.18412208557128906.
[I 2023-12-27 11:40:07,841] Trial 33 finished with value: 3.737285852432251 and parameters: {'gradient_clip_val': 0.5419507340228158, 'hidden_size': 5, 'dropout': 0.4370356717176047, 'hidden_continuous_size': 5, 'attention_head_size': 3, 'learning_rate': 0.0010780368993674218}. Best is trial 1 with value: 0.18412208557128906.
[I 2023-12-27 11:40:08,201] Trial 34 finished with value: 2.472353458404541 and parameters: {'gradient_clip_val': 0.43347694716136914, 'hidden_size': 6, 'dropout': 0.35345078310601424, 'hidden_continuous_size': 5, 'attention_head_size': 4, 'learning_rate': 0.0012652997098926057}. Best is trial 1 with value: 0.18412208557128906.
[I 2023-12-27 11:40:08,565] Trial 35 finished with value: 3.206352472305298 and parameters: {'gradient_clip_val': 0.3529591510643108, 'hidden_size': 8, 'dropout': 0.40609001984490856, 'hidden_continuous_size': 5, 'attention_head_size': 3, 'learning_rate': 0.0014416899553616803}. Best is trial 1 with value: 0.18412208557128906.
[I 2023-12-27 11:40:08,930] Trial 36 finished with value: 3.229865312576294 and parameters: {'gradient_clip_val': 0.45609750965030244, 'hidden_size': 6, 'dropout': 0.37978117618656115, 'hidden_continuous_size': 5, 'attention_head_size': 3, 'learning_rate': 0.0005006309739845429}. Best is trial 1 with value: 0.18412208557128906.
[I 2023-12-27 11:40:09,511] Trial 37 finished with value: 3.9560320377349854 and parameters: {'gradient_clip_val': 0.20585031857721406, 'hidden_size': 10, 'dropout': 0.4617951946752909, 'hidden_continuous_size': 6, 'attention_head_size': 4, 'learning_rate': 0.06673895768055117}. Best is trial 1 with value: 0.18412208557128906.
[I 2023-12-27 11:40:09,891] Trial 38 finished with value: 2.9072625637054443 and parameters: {'gradient_clip_val': 0.3583647543542639, 'hidden_size': 12, 'dropout': 0.3608308638781774, 'hidden_continuous_size': 6, 'attention_head_size': 3, 'learning_rate': 0.04083662104172844}. Best is trial 1 with value: 0.18412208557128906.
[I 2023-12-27 11:40:10,249] Trial 39 finished with value: 2.860301971435547 and parameters: {'gradient_clip_val': 0.159946289637534, 'hidden_size': 8, 'dropout': 0.41134703325437993, 'hidden_continuous_size': 5, 'attention_head_size': 2, 'learning_rate': 0.006414246894052246}. Best is trial 1 with value: 0.18412208557128906.
[I 2023-12-27 11:40:10,579] Trial 40 finished with value: 3.556145429611206 and parameters: {'gradient_clip_val': 0.6678315006906919, 'hidden_size': 5, 'dropout': 0.3260058458183417, 'hidden_continuous_size': 5, 'attention_head_size': 1, 'learning_rate': 0.003831120085419811}. Best is trial 1 with value: 0.18412208557128906.
[I 2023-12-27 11:40:10,938] Trial 41 finished with value: 2.777270555496216 and parameters: {'gradient_clip_val': 0.2284997758085562, 'hidden_size': 12, 'dropout': 0.49459086083480536, 'hidden_continuous_size': 8, 'attention_head_size': 3, 'learning_rate': 0.0006993441185675582}. Best is trial 1 with value: 0.18412208557128906.
[I 2023-12-27 11:40:11,309] Trial 42 finished with value: 2.400646448135376 and parameters: {'gradient_clip_val': 0.581314048824969, 'hidden_size': 15, 'dropout': 0.4569265324541899, 'hidden_continuous_size': 10, 'attention_head_size': 3, 'learning_rate': 0.0008423026937539378}. Best is trial 1 with value: 0.18412208557128906.
[I 2023-12-27 11:40:11,663] Trial 43 finished with value: 3.42010498046875 and parameters: {'gradient_clip_val': 0.5784029574959623, 'hidden_size': 16, 'dropout': 0.47264412728386856, 'hidden_continuous_size': 10, 'attention_head_size': 3, 'learning_rate': 0.0016035978085549333}. Best is trial 1 with value: 0.18412208557128906.
[I 2023-12-27 11:40:12,049] Trial 44 finished with value: 2.6534886360168457 and parameters: {'gradient_clip_val': 0.5094003229747577, 'hidden_size': 10, 'dropout': 0.42222077448485124, 'hidden_continuous_size': 8, 'attention_head_size': 3, 'learning_rate': 0.0009028713439647154}. Best is trial 1 with value: 0.18412208557128906.
[I 2023-12-27 11:40:12,440] Trial 45 finished with value: 2.1733462810516357 and parameters: {'gradient_clip_val': 0.7392548290238801, 'hidden_size': 13, 'dropout': 0.44354899030548345, 'hidden_continuous_size': 9, 'attention_head_size': 3, 'learning_rate': 0.0007297451485234001}. Best is trial 1 with value: 0.18412208557128906.
[I 2023-12-27 11:40:12,800] Trial 46 finished with value: 3.367285966873169 and parameters: {'gradient_clip_val': 0.9284514631952675, 'hidden_size': 6, 'dropout': 0.423152506396599, 'hidden_continuous_size': 5, 'attention_head_size': 2, 'learning_rate': 0.000616769053078384}. Best is trial 1 with value: 0.18412208557128906.
[I 2023-12-27 11:40:13,187] Trial 47 finished with value: 2.9183895587921143 and parameters: {'gradient_clip_val': 0.6583557142431449, 'hidden_size': 13, 'dropout': 0.39380861089748814, 'hidden_continuous_size': 7, 'attention_head_size': 4, 'learning_rate': 0.000672872190811089}. Best is trial 1 with value: 0.18412208557128906.
[I 2023-12-27 11:40:13,565] Trial 48 finished with value: 3.3345229625701904 and parameters: {'gradient_clip_val': 0.6924461474205773, 'hidden_size': 17, 'dropout': 0.44242327492092204, 'hidden_continuous_size': 11, 'attention_head_size': 3, 'learning_rate': 0.07479551530651704}. Best is trial 1 with value: 0.18412208557128906.
