[I 2023-12-15 16:14:53,701] Trial 48 finished with value: 0.22672908008098602 and parameters: {'gradient_clip_val': 0.23337573806379097, 'hidden_size': 40, 'dropout': 0.3823308888574605, 'hidden_continuous_size': 15, 'attention_head_size': 1, 'learning_rate': 0.0042505506373951745}. Best is trial 19 with value: 0.04548364505171776.
LOCAL_RANK: 0 - CUDA_VISIBLE_DEVICES: [0]
[I 2023-12-15 16:15:43,945] Trial 49 finished with value: 0.12510257959365845 and parameters: {'gradient_clip_val': 0.20151563760049754, 'hidden_size': 36, 'dropout': 0.3602193715025007, 'hidden_continuous_size': 14, 'attention_head_size': 3, 'learning_rate': 0.009949242369611179}. Best is trial 19 with value: 0.04548364505171776.
[I 2023-12-15 16:15:44,038] A new study created in memory with name: no-name-aca0c805-baeb-4413-a4f7-0f534bd82352
/home/le004/conda/anaconda3/envs/tsff_env/lib/python3.9/site-packages/lightning/fabric/plugins/environments/slurm.py:191: The `srun` command is available on your system but is not used. HINT: If your intention is to run Lightning on SLURM, prepend your python command with `srun` like so: srun python /home/le004/master_thesis/git/TSFusionForecast/code/ ...
LOCAL_RANK: 0 - CUDA_VISIBLE_DEVICES: [0]
[I 2023-12-15 16:16:29,446] Trial 0 finished with value: 0.4778447151184082 and parameters: {'gradient_clip_val': 0.9703272088473172, 'hidden_size': 14, 'dropout': 0.21511667907695814, 'hidden_continuous_size': 5, 'attention_head_size': 3, 'learning_rate': 0.004579704894060517}. Best is trial 0 with value: 0.4778447151184082.
LOCAL_RANK: 0 - CUDA_VISIBLE_DEVICES: [0]
[I 2023-12-15 16:17:13,898] Trial 1 finished with value: 1.0161648988723755 and parameters: {'gradient_clip_val': 0.2547048670697262, 'hidden_size': 16, 'dropout': 0.2399293181333824, 'hidden_continuous_size': 7, 'attention_head_size': 2, 'learning_rate': 0.0005932713032353308}. Best is trial 0 with value: 0.4778447151184082.
LOCAL_RANK: 0 - CUDA_VISIBLE_DEVICES: [0]
[I 2023-12-15 16:18:08,972] Trial 2 finished with value: 0.08111999183893204 and parameters: {'gradient_clip_val': 0.28026768793311824, 'hidden_size': 74, 'dropout': 0.16984653444004433, 'hidden_continuous_size': 38, 'attention_head_size': 3, 'learning_rate': 0.024649146966554906}. Best is trial 2 with value: 0.08111999183893204.
LOCAL_RANK: 0 - CUDA_VISIBLE_DEVICES: [0]
[I 2023-12-15 16:19:03,868] Trial 3 finished with value: 0.1877332329750061 and parameters: {'gradient_clip_val': 0.611269224609166, 'hidden_size': 66, 'dropout': 0.36374146071704927, 'hidden_continuous_size': 48, 'attention_head_size': 3, 'learning_rate': 0.08025398229524698}. Best is trial 2 with value: 0.08111999183893204.
LOCAL_RANK: 0 - CUDA_VISIBLE_DEVICES: [0]
[I 2023-12-15 16:19:52,322] Trial 4 finished with value: 0.8881592750549316 and parameters: {'gradient_clip_val': 0.3014255137779629, 'hidden_size': 24, 'dropout': 0.2274815625746547, 'hidden_continuous_size': 19, 'attention_head_size': 4, 'learning_rate': 0.015971691342807105}. Best is trial 2 with value: 0.08111999183893204.
LOCAL_RANK: 0 - CUDA_VISIBLE_DEVICES: [0]
[I 2023-12-15 16:20:38,111] Trial 5 finished with value: 0.6384192705154419 and parameters: {'gradient_clip_val': 0.1846725713893048, 'hidden_size': 11, 'dropout': 0.3329818624332298, 'hidden_continuous_size': 7, 'attention_head_size': 3, 'learning_rate': 0.008631007883094875}. Best is trial 2 with value: 0.08111999183893204.
LOCAL_RANK: 0 - CUDA_VISIBLE_DEVICES: [0]
[I 2023-12-15 16:21:32,183] Trial 6 finished with value: 0.08803337067365646 and parameters: {'gradient_clip_val': 0.11259317854796186, 'hidden_size': 50, 'dropout': 0.3427792631662904, 'hidden_continuous_size': 46, 'attention_head_size': 3, 'learning_rate': 0.08715721710429192}. Best is trial 2 with value: 0.08111999183893204.
LOCAL_RANK: 0 - CUDA_VISIBLE_DEVICES: [0]
[I 2023-12-15 16:22:23,065] Trial 7 finished with value: 0.22594474256038666 and parameters: {'gradient_clip_val': 0.3484902771640961, 'hidden_size': 53, 'dropout': 0.3725580480775149, 'hidden_continuous_size': 6, 'attention_head_size': 2, 'learning_rate': 0.09657939524382265}. Best is trial 2 with value: 0.08111999183893204.
LOCAL_RANK: 0 - CUDA_VISIBLE_DEVICES: [0]
[I 2023-12-15 16:23:15,271] Trial 8 finished with value: 0.1583235263824463 and parameters: {'gradient_clip_val': 0.46171473371280436, 'hidden_size': 76, 'dropout': 0.14021743036875833, 'hidden_continuous_size': 16, 'attention_head_size': 1, 'learning_rate': 0.0011509535465585971}. Best is trial 2 with value: 0.08111999183893204.
LOCAL_RANK: 0 - CUDA_VISIBLE_DEVICES: [0]
[I 2023-12-15 16:24:00,685] Trial 9 finished with value: 0.12022384256124496 and parameters: {'gradient_clip_val': 0.5520051177275463, 'hidden_size': 7, 'dropout': 0.3242211380494192, 'hidden_continuous_size': 6, 'attention_head_size': 3, 'learning_rate': 0.006665301868966962}. Best is trial 2 with value: 0.08111999183893204.
LOCAL_RANK: 0 - CUDA_VISIBLE_DEVICES: [0]
[I 2023-12-15 16:24:53,369] Trial 10 finished with value: 0.23328079283237457 and parameters: {'gradient_clip_val': 0.1780867238791156, 'hidden_size': 31, 'dropout': 0.10975513127212908, 'hidden_continuous_size': 25, 'attention_head_size': 4, 'learning_rate': 0.028900439274443045}. Best is trial 2 with value: 0.08111999183893204.
LOCAL_RANK: 0 - CUDA_VISIBLE_DEVICES: [0]
[I 2023-12-15 16:25:50,506] Trial 11 finished with value: 0.10439658164978027 and parameters: {'gradient_clip_val': 0.10473776548840613, 'hidden_size': 96, 'dropout': 0.2908691272058407, 'hidden_continuous_size': 95, 'attention_head_size': 2, 'learning_rate': 0.03827452241935197}. Best is trial 2 with value: 0.08111999183893204.
LOCAL_RANK: 0 - CUDA_VISIBLE_DEVICES: [0]
[I 2023-12-15 16:26:43,170] Trial 12 finished with value: 0.052913177758455276 and parameters: {'gradient_clip_val': 0.1035569250673608, 'hidden_size': 44, 'dropout': 0.17504959021914526, 'hidden_continuous_size': 27, 'attention_head_size': 4, 'learning_rate': 0.04365636358416041}. Best is trial 12 with value: 0.052913177758455276.
LOCAL_RANK: 0 - CUDA_VISIBLE_DEVICES: [0]
[I 2023-12-15 16:27:35,205] Trial 13 finished with value: 0.1026795282959938 and parameters: {'gradient_clip_val': 0.16488411436003553, 'hidden_size': 39, 'dropout': 0.17186365858123742, 'hidden_continuous_size': 11, 'attention_head_size': 4, 'learning_rate': 0.029607768320716783}. Best is trial 12 with value: 0.052913177758455276.
LOCAL_RANK: 0 - CUDA_VISIBLE_DEVICES: [0]
[I 2023-12-15 16:28:30,234] Trial 14 finished with value: 0.08940451592206955 and parameters: {'gradient_clip_val': 0.1437380759112101, 'hidden_size': 100, 'dropout': 0.17633272536277814, 'hidden_continuous_size': 31, 'attention_head_size': 4, 'learning_rate': 0.0166342092680515}. Best is trial 12 with value: 0.052913177758455276.
LOCAL_RANK: 0 - CUDA_VISIBLE_DEVICES: [0]
[I 2023-12-15 16:29:22,760] Trial 15 finished with value: 0.39897456765174866 and parameters: {'gradient_clip_val': 0.238825373945089, 'hidden_size': 38, 'dropout': 0.18570428830120073, 'hidden_continuous_size': 14, 'attention_head_size': 4, 'learning_rate': 0.05085354224330245}. Best is trial 12 with value: 0.052913177758455276.
LOCAL_RANK: 0 - CUDA_VISIBLE_DEVICES: [0]
[I 2023-12-15 16:30:15,605] Trial 16 finished with value: 0.2714367210865021 and parameters: {'gradient_clip_val': 0.13556369113910988, 'hidden_size': 55, 'dropout': 0.12040959923823416, 'hidden_continuous_size': 25, 'attention_head_size': 1, 'learning_rate': 0.018836508473402996}. Best is trial 12 with value: 0.052913177758455276.
LOCAL_RANK: 0 - CUDA_VISIBLE_DEVICES: [0]
[I 2023-12-15 16:31:05,195] Trial 17 finished with value: 0.7566173672676086 and parameters: {'gradient_clip_val': 0.2087856932309537, 'hidden_size': 25, 'dropout': 0.27026597973203453, 'hidden_continuous_size': 10, 'attention_head_size': 4, 'learning_rate': 0.05127172293197638}. Best is trial 12 with value: 0.052913177758455276.
LOCAL_RANK: 0 - CUDA_VISIBLE_DEVICES: [0]
[I 2023-12-15 16:31:56,188] Trial 18 finished with value: 0.40853261947631836 and parameters: {'gradient_clip_val': 0.12833774261431813, 'hidden_size': 38, 'dropout': 0.1527331055987213, 'hidden_continuous_size': 11, 'attention_head_size': 3, 'learning_rate': 0.05246402399928764}. Best is trial 12 with value: 0.052913177758455276.
LOCAL_RANK: 0 - CUDA_VISIBLE_DEVICES: [0]
[I 2023-12-15 16:32:50,986] Trial 19 finished with value: 0.07419513165950775 and parameters: {'gradient_clip_val': 0.1531459649800369, 'hidden_size': 74, 'dropout': 0.19924239847529707, 'hidden_continuous_size': 42, 'attention_head_size': 2, 'learning_rate': 0.02621472226810215}. Best is trial 12 with value: 0.052913177758455276.
LOCAL_RANK: 0 - CUDA_VISIBLE_DEVICES: [0]
[I 2023-12-15 16:33:42,469] Trial 20 finished with value: 0.051073867827653885 and parameters: {'gradient_clip_val': 0.10101877014374551, 'hidden_size': 48, 'dropout': 0.20724946150467372, 'hidden_continuous_size': 23, 'attention_head_size': 2, 'learning_rate': 0.011706580367941293}. Best is trial 20 with value: 0.051073867827653885.
LOCAL_RANK: 0 - CUDA_VISIBLE_DEVICES: [0]
[I 2023-12-15 16:34:35,617] Trial 21 finished with value: 0.1807342916727066 and parameters: {'gradient_clip_val': 0.10502613105470686, 'hidden_size': 51, 'dropout': 0.20294576777326515, 'hidden_continuous_size': 21, 'attention_head_size': 2, 'learning_rate': 0.011119930090589128}. Best is trial 20 with value: 0.051073867827653885.
LOCAL_RANK: 0 - CUDA_VISIBLE_DEVICES: [0]
[I 2023-12-15 16:35:24,557] Trial 22 finished with value: 0.2823135554790497 and parameters: {'gradient_clip_val': 0.10192067735797748, 'hidden_size': 31, 'dropout': 0.20186738774985147, 'hidden_continuous_size': 15, 'attention_head_size': 1, 'learning_rate': 0.014206630329629441}. Best is trial 20 with value: 0.051073867827653885.
LOCAL_RANK: 0 - CUDA_VISIBLE_DEVICES: [0]
[I 2023-12-15 16:36:18,043] Trial 23 finished with value: 0.6673099398612976 and parameters: {'gradient_clip_val': 0.1444680772963085, 'hidden_size': 74, 'dropout': 0.24855962993708963, 'hidden_continuous_size': 26, 'attention_head_size': 2, 'learning_rate': 0.023398576395008}. Best is trial 20 with value: 0.051073867827653885.
LOCAL_RANK: 0 - CUDA_VISIBLE_DEVICES: [0]
[I 2023-12-15 16:37:10,184] Trial 24 finished with value: 0.1561557948589325 and parameters: {'gradient_clip_val': 0.1225025860686383, 'hidden_size': 44, 'dropout': 0.22202179959505133, 'hidden_continuous_size': 20, 'attention_head_size': 2, 'learning_rate': 0.03748639479530634}. Best is trial 20 with value: 0.051073867827653885.
LOCAL_RANK: 0 - CUDA_VISIBLE_DEVICES: [0]
[I 2023-12-15 16:38:03,686] Trial 25 finished with value: 1.018777847290039 and parameters: {'gradient_clip_val': 0.15165121796732595, 'hidden_size': 59, 'dropout': 0.1953706749121445, 'hidden_continuous_size': 33, 'attention_head_size': 1, 'learning_rate': 0.004947333564571427}. Best is trial 20 with value: 0.051073867827653885.
LOCAL_RANK: 0 - CUDA_VISIBLE_DEVICES: [0]
[I 2023-12-15 16:38:53,643] Trial 26 finished with value: 0.27000346779823303 and parameters: {'gradient_clip_val': 0.12227488029655577, 'hidden_size': 31, 'dropout': 0.1458320184943189, 'hidden_continuous_size': 17, 'attention_head_size': 2, 'learning_rate': 0.01129173419739587}. Best is trial 20 with value: 0.051073867827653885.
LOCAL_RANK: 0 - CUDA_VISIBLE_DEVICES: [0]
[I 2023-12-15 16:39:49,049] Trial 27 finished with value: 0.12378046661615372 and parameters: {'gradient_clip_val': 0.12393277628301108, 'hidden_size': 83, 'dropout': 0.26434041435088035, 'hidden_continuous_size': 41, 'attention_head_size': 2, 'learning_rate': 0.020172487126646366}. Best is trial 20 with value: 0.051073867827653885.
LOCAL_RANK: 0 - CUDA_VISIBLE_DEVICES: [0]
[I 2023-12-15 16:40:42,207] Trial 28 finished with value: 0.19733397662639618 and parameters: {'gradient_clip_val': 0.16589743288364409, 'hidden_size': 62, 'dropout': 0.21495274966729983, 'hidden_continuous_size': 32, 'attention_head_size': 1, 'learning_rate': 0.03742399872640469}. Best is trial 20 with value: 0.051073867827653885.
LOCAL_RANK: 0 - CUDA_VISIBLE_DEVICES: [0]
[I 2023-12-15 16:41:34,854] Trial 29 finished with value: 1.111101508140564 and parameters: {'gradient_clip_val': 0.10122162180252676, 'hidden_size': 45, 'dropout': 0.22059068449216257, 'hidden_continuous_size': 22, 'attention_head_size': 3, 'learning_rate': 0.003790973246808318}. Best is trial 20 with value: 0.051073867827653885.
LOCAL_RANK: 0 - CUDA_VISIBLE_DEVICES: [0]
[I 2023-12-15 16:42:27,668] Trial 30 finished with value: 0.2758594751358032 and parameters: {'gradient_clip_val': 0.19597937332171594, 'hidden_size': 64, 'dropout': 0.18765991009794508, 'hidden_continuous_size': 27, 'attention_head_size': 2, 'learning_rate': 0.012494257380085463}. Best is trial 20 with value: 0.051073867827653885.
LOCAL_RANK: 0 - CUDA_VISIBLE_DEVICES: [0]
[I 2023-12-15 16:43:23,220] Trial 31 finished with value: 0.10355231910943985 and parameters: {'gradient_clip_val': 0.1450803614539316, 'hidden_size': 82, 'dropout': 0.16375138535780356, 'hidden_continuous_size': 38, 'attention_head_size': 3, 'learning_rate': 0.024096963017466503}. Best is trial 20 with value: 0.051073867827653885.
LOCAL_RANK: 0 - CUDA_VISIBLE_DEVICES: [0]
[I 2023-12-15 16:44:16,558] Trial 32 finished with value: 0.2547070384025574 and parameters: {'gradient_clip_val': 0.12076609373019934, 'hidden_size': 68, 'dropout': 0.16973172364477174, 'hidden_continuous_size': 36, 'attention_head_size': 2, 'learning_rate': 0.021876404071757075}. Best is trial 20 with value: 0.051073867827653885.
LOCAL_RANK: 0 - CUDA_VISIBLE_DEVICES: [0]
[I 2023-12-15 16:45:13,138] Trial 33 finished with value: 0.07884487509727478 and parameters: {'gradient_clip_val': 0.21207229737590028, 'hidden_size': 89, 'dropout': 0.1335611786507834, 'hidden_continuous_size': 51, 'attention_head_size': 3, 'learning_rate': 0.06471951924573223}. Best is trial 20 with value: 0.051073867827653885.
LOCAL_RANK: 0 - CUDA_VISIBLE_DEVICES: [0]
[I 2023-12-15 16:46:08,835] Trial 34 finished with value: 0.0947117805480957 and parameters: {'gradient_clip_val': 0.20945319410915625, 'hidden_size': 88, 'dropout': 0.1321135390628608, 'hidden_continuous_size': 58, 'attention_head_size': 3, 'learning_rate': 0.059375233326040465}. Best is trial 20 with value: 0.051073867827653885.
LOCAL_RANK: 0 - CUDA_VISIBLE_DEVICES: [0]
[I 2023-12-15 16:47:04,279] Trial 35 finished with value: 0.25413140654563904 and parameters: {'gradient_clip_val': 0.16612611362774052, 'hidden_size': 66, 'dropout': 0.12522788309987898, 'hidden_continuous_size': 47, 'attention_head_size': 4, 'learning_rate': 0.061771951269029284}. Best is trial 20 with value: 0.051073867827653885.
LOCAL_RANK: 0 - CUDA_VISIBLE_DEVICES: [0]
[I 2023-12-15 16:48:01,595] Trial 36 finished with value: 0.07233858108520508 and parameters: {'gradient_clip_val': 0.11506555195406368, 'hidden_size': 99, 'dropout': 0.15475922659985775, 'hidden_continuous_size': 60, 'attention_head_size': 3, 'learning_rate': 0.07359721632549794}. Best is trial 20 with value: 0.051073867827653885.
LOCAL_RANK: 0 - CUDA_VISIBLE_DEVICES: [0]
[I 2023-12-15 16:48:58,134] Trial 37 finished with value: 0.14495186507701874 and parameters: {'gradient_clip_val': 0.11278007366910904, 'hidden_size': 100, 'dropout': 0.15834275605103568, 'hidden_continuous_size': 64, 'attention_head_size': 3, 'learning_rate': 0.07539051988852664}. Best is trial 20 with value: 0.051073867827653885.
LOCAL_RANK: 0 - CUDA_VISIBLE_DEVICES: [0]
[I 2023-12-15 16:49:52,142] Trial 38 finished with value: 0.07515177875757217 and parameters: {'gradient_clip_val': 0.13692403772020395, 'hidden_size': 73, 'dropout': 0.2332544971116519, 'hidden_continuous_size': 29, 'attention_head_size': 2, 'learning_rate': 0.09362647430075394}. Best is trial 20 with value: 0.051073867827653885.
LOCAL_RANK: 0 - CUDA_VISIBLE_DEVICES: [0]
[I 2023-12-15 16:50:45,283] Trial 39 finished with value: 0.11620763689279556 and parameters: {'gradient_clip_val': 0.11482139638134105, 'hidden_size': 55, 'dropout': 0.2078886497588172, 'hidden_continuous_size': 23, 'attention_head_size': 2, 'learning_rate': 0.03850012826186146}. Best is trial 20 with value: 0.051073867827653885.
LOCAL_RANK: 0 - CUDA_VISIBLE_DEVICES: [0]
[I 2023-12-15 16:51:39,663] Trial 40 finished with value: 0.09962411969900131 and parameters: {'gradient_clip_val': 0.10030896144434139, 'hidden_size': 76, 'dropout': 0.18352261871509173, 'hidden_continuous_size': 30, 'attention_head_size': 4, 'learning_rate': 0.075266149239092}. Best is trial 20 with value: 0.051073867827653885.
LOCAL_RANK: 0 - CUDA_VISIBLE_DEVICES: [0]
[I 2023-12-15 16:52:33,371] Trial 41 finished with value: 0.07948753982782364 and parameters: {'gradient_clip_val': 0.13362218471323542, 'hidden_size': 72, 'dropout': 0.2261254559018409, 'hidden_continuous_size': 40, 'attention_head_size': 2, 'learning_rate': 0.0992601555954116}. Best is trial 20 with value: 0.051073867827653885.
LOCAL_RANK: 0 - CUDA_VISIBLE_DEVICES: [0]
[I 2023-12-15 16:53:27,078] Trial 42 finished with value: 0.08312802761793137 and parameters: {'gradient_clip_val': 0.11382914477485447, 'hidden_size': 61, 'dropout': 0.23938006055989192, 'hidden_continuous_size': 28, 'attention_head_size': 2, 'learning_rate': 0.09728238522131018}. Best is trial 20 with value: 0.051073867827653885.
LOCAL_RANK: 0 - CUDA_VISIBLE_DEVICES: [0]
[I 2023-12-15 16:54:22,020] Trial 43 finished with value: 0.09385345131158829 and parameters: {'gradient_clip_val': 0.13881213427721464, 'hidden_size': 87, 'dropout': 0.19506950086898134, 'hidden_continuous_size': 32, 'attention_head_size': 2, 'learning_rate': 0.0730504224338675}. Best is trial 20 with value: 0.051073867827653885.
LOCAL_RANK: 0 - CUDA_VISIBLE_DEVICES: [0]
[I 2023-12-15 16:55:13,795] Trial 44 finished with value: 0.07103342562913895 and parameters: {'gradient_clip_val': 0.15423692968765687, 'hidden_size': 48, 'dropout': 0.1542260474985647, 'hidden_continuous_size': 23, 'attention_head_size': 2, 'learning_rate': 0.04446215532259482}. Best is trial 20 with value: 0.051073867827653885.
LOCAL_RANK: 0 - CUDA_VISIBLE_DEVICES: [0]
[I 2023-12-15 16:56:07,131] Trial 45 finished with value: 0.46335530281066895 and parameters: {'gradient_clip_val': 0.1594479950899962, 'hidden_size': 49, 'dropout': 0.14959661253969084, 'hidden_continuous_size': 23, 'attention_head_size': 3, 'learning_rate': 0.030205606279529264}. Best is trial 20 with value: 0.051073867827653885.
LOCAL_RANK: 0 - CUDA_VISIBLE_DEVICES: [0]
[I 2023-12-15 16:56:54,911] Trial 46 finished with value: 0.20347552001476288 and parameters: {'gradient_clip_val': 0.17924367281694326, 'hidden_size': 17, 'dropout': 0.16234467396894284, 'hidden_continuous_size': 13, 'attention_head_size': 2, 'learning_rate': 0.04217846069016257}. Best is trial 20 with value: 0.051073867827653885.
LOCAL_RANK: 0 - CUDA_VISIBLE_DEVICES: [0]
[I 2023-12-15 16:57:47,322] Trial 47 finished with value: 0.05668565258383751 and parameters: {'gradient_clip_val': 0.11188522512781815, 'hidden_size': 46, 'dropout': 0.17744701808276933, 'hidden_continuous_size': 19, 'attention_head_size': 1, 'learning_rate': 0.02990950301176143}. Best is trial 20 with value: 0.051073867827653885.
LOCAL_RANK: 0 - CUDA_VISIBLE_DEVICES: [0]
[I 2023-12-15 16:58:38,601] Trial 48 finished with value: 0.12029965966939926 and parameters: {'gradient_clip_val': 0.1133196534124127, 'hidden_size': 44, 'dropout': 0.17751168609087475, 'hidden_continuous_size': 18, 'attention_head_size': 1, 'learning_rate': 0.04563306857077171}. Best is trial 20 with value: 0.051073867827653885.
LOCAL_RANK: 0 - CUDA_VISIBLE_DEVICES: [0]
[I 2023-12-15 16:59:31,543] Trial 49 finished with value: 0.12518291175365448 and parameters: {'gradient_clip_val': 0.11028796290184326, 'hidden_size': 55, 'dropout': 0.10738276293523033, 'hidden_continuous_size': 21, 'attention_head_size': 1, 'learning_rate': 0.02874600070914659}. Best is trial 20 with value: 0.051073867827653885.
[I 2023-12-15 16:59:31,636] A new study created in memory with name: no-name-9f3a82b8-d004-4d76-90a6-5e4cc2a43739
/home/le004/conda/anaconda3/envs/tsff_env/lib/python3.9/site-packages/lightning/fabric/plugins/environments/slurm.py:191: The `srun` command is available on your system but is not used. HINT: If your intention is to run Lightning on SLURM, prepend your python command with `srun` like so: srun python /home/le004/master_thesis/git/TSFusionForecast/code/ ...
LOCAL_RANK: 0 - CUDA_VISIBLE_DEVICES: [0]
[I 2023-12-15 17:00:23,503] Trial 0 finished with value: 0.15274342894554138 and parameters: {'gradient_clip_val': 0.5432006662909727, 'hidden_size': 33, 'dropout': 0.17147481615022153, 'hidden_continuous_size': 21, 'attention_head_size': 2, 'learning_rate': 0.0011733701691216082}. Best is trial 0 with value: 0.15274342894554138.
LOCAL_RANK: 0 - CUDA_VISIBLE_DEVICES: [0]
[I 2023-12-15 17:01:12,524] Trial 1 finished with value: 0.07112196087837219 and parameters: {'gradient_clip_val': 0.6513043787327513, 'hidden_size': 18, 'dropout': 0.29484081699490605, 'hidden_continuous_size': 14, 'attention_head_size': 4, 'learning_rate': 0.021524896889963768}. Best is trial 1 with value: 0.07112196087837219.
LOCAL_RANK: 0 - CUDA_VISIBLE_DEVICES: [0]
[I 2023-12-15 17:01:46,347] Trial 2 finished with value: 0.23044776916503906 and parameters: {'gradient_clip_val': 0.5616895675381951, 'hidden_size': 5, 'dropout': 0.22554344998570114, 'hidden_continuous_size': 5, 'attention_head_size': 2, 'learning_rate': 0.005698688951227061}. Best is trial 1 with value: 0.07112196087837219.
LOCAL_RANK: 0 - CUDA_VISIBLE_DEVICES: [0]
[I 2023-12-15 17:02:39,532] Trial 3 finished with value: 0.08348140865564346 and parameters: {'gradient_clip_val': 0.4407531584428939, 'hidden_size': 34, 'dropout': 0.27240742949064406, 'hidden_continuous_size': 29, 'attention_head_size': 4, 'learning_rate': 0.008051516358868907}. Best is trial 1 with value: 0.07112196087837219.
LOCAL_RANK: 0 - CUDA_VISIBLE_DEVICES: [0]
