[I 2023-12-26 12:19:12,393] Trial 38 finished with value: 1681.7518310546875 and parameters: {'gradient_clip_val': 0.45722799267877734, 'hidden_size': 83, 'dropout': 0.2896746370870212, 'hidden_continuous_size': 15, 'attention_head_size': 4, 'learning_rate': 0.02366820271194172}. Best is trial 0 with value: 789.225830078125.
[I 2023-12-26 12:19:20,834] Trial 39 finished with value: 1551.0589599609375 and parameters: {'gradient_clip_val': 0.28545705328272264, 'hidden_size': 106, 'dropout': 0.32574852643603447, 'hidden_continuous_size': 17, 'attention_head_size': 1, 'learning_rate': 0.03314364041891006}. Best is trial 0 with value: 789.225830078125.
[I 2023-12-26 12:19:26,074] Trial 40 finished with value: 2225.549560546875 and parameters: {'gradient_clip_val': 0.23622675652381012, 'hidden_size': 64, 'dropout': 0.4354181581083065, 'hidden_continuous_size': 12, 'attention_head_size': 4, 'learning_rate': 0.055414677816849216}. Best is trial 0 with value: 789.225830078125.
[I 2023-12-26 12:19:37,804] Trial 41 finished with value: 1905.8511962890625 and parameters: {'gradient_clip_val': 0.19796133221468556, 'hidden_size': 150, 'dropout': 0.3805179419379512, 'hidden_continuous_size': 9, 'attention_head_size': 4, 'learning_rate': 0.06550023090443922}. Best is trial 0 with value: 789.225830078125.
[I 2023-12-26 12:19:47,738] Trial 42 finished with value: 1448.2169189453125 and parameters: {'gradient_clip_val': 0.25350854586904004, 'hidden_size': 126, 'dropout': 0.2955594680958228, 'hidden_continuous_size': 23, 'attention_head_size': 4, 'learning_rate': 0.045533330621662226}. Best is trial 0 with value: 789.225830078125.
[I 2023-12-26 12:19:57,702] Trial 43 finished with value: 1448.0443115234375 and parameters: {'gradient_clip_val': 0.23804497874721703, 'hidden_size': 119, 'dropout': 0.36467878983776836, 'hidden_continuous_size': 10, 'attention_head_size': 4, 'learning_rate': 0.08429505665795568}. Best is trial 0 with value: 789.225830078125.
[I 2023-12-26 12:20:06,310] Trial 44 finished with value: 1262.2637939453125 and parameters: {'gradient_clip_val': 0.2974484804886357, 'hidden_size': 103, 'dropout': 0.3341895258639306, 'hidden_continuous_size': 15, 'attention_head_size': 4, 'learning_rate': 0.05811812121450408}. Best is trial 0 with value: 789.225830078125.
[I 2023-12-26 12:20:14,424] Trial 45 finished with value: 1348.1953125 and parameters: {'gradient_clip_val': 0.2982719245201235, 'hidden_size': 98, 'dropout': 0.33698637058010916, 'hidden_continuous_size': 15, 'attention_head_size': 3, 'learning_rate': 0.012554711658037572}. Best is trial 0 with value: 789.225830078125.
[I 2023-12-26 12:20:21,907] Trial 46 finished with value: 1888.82421875 and parameters: {'gradient_clip_val': 0.28418417048133626, 'hidden_size': 90, 'dropout': 0.3401315558015345, 'hidden_continuous_size': 17, 'attention_head_size': 2, 'learning_rate': 0.029630908432972936}. Best is trial 0 with value: 789.225830078125.
[I 2023-12-26 12:20:30,504] Trial 47 finished with value: 1634.51953125 and parameters: {'gradient_clip_val': 0.29453425237830155, 'hidden_size': 108, 'dropout': 0.31233502029292826, 'hidden_continuous_size': 14, 'attention_head_size': 3, 'learning_rate': 0.014167898716299195}. Best is trial 0 with value: 789.225830078125.
[I 2023-12-26 12:20:40,930] Trial 48 finished with value: 1217.9864501953125 and parameters: {'gradient_clip_val': 0.32918441234010565, 'hidden_size': 133, 'dropout': 0.3330839161823282, 'hidden_continuous_size': 28, 'attention_head_size': 2, 'learning_rate': 0.05265702325040765}. Best is trial 0 with value: 789.225830078125.
[I 2023-12-26 12:20:51,677] Trial 49 finished with value: 1742.4495849609375 and parameters: {'gradient_clip_val': 0.3441594726482329, 'hidden_size': 132, 'dropout': 0.28362396384149446, 'hidden_continuous_size': 28, 'attention_head_size': 2, 'learning_rate': 0.05591927619818822}. Best is trial 0 with value: 789.225830078125.
[I 2023-12-26 12:20:51,812] A new study created in memory with name: no-name-6793ed72-7705-41f2-8b64-c0d8fcd7f455
/home/le004/conda/anaconda3/envs/tsff_env/lib/python3.9/site-packages/lightning/fabric/plugins/environments/slurm.py:191: The `srun` command is available on your system but is not used. HINT: If your intention is to run Lightning on SLURM, prepend your python command with `srun` like so: srun python /home/le004/master_thesis/git/TSFusionForecast/code/ ...
[I 2023-12-26 12:28:13,046] Trial 0 finished with value: 2151.587646484375 and parameters: {'gradient_clip_val': 0.1161395393015278, 'hidden_size': 108, 'dropout': 0.37944890021742694, 'hidden_continuous_size': 70, 'attention_head_size': 4, 'learning_rate': 0.0406517143648427}. Best is trial 0 with value: 2151.587646484375.
[I 2023-12-26 12:28:15,470] Trial 1 finished with value: 6619.39990234375 and parameters: {'gradient_clip_val': 0.4129714274216805, 'hidden_size': 25, 'dropout': 0.14654346564151244, 'hidden_continuous_size': 13, 'attention_head_size': 3, 'learning_rate': 0.009816041324863056}. Best is trial 0 with value: 2151.587646484375.
[I 2023-12-26 12:28:17,520] Trial 2 finished with value: 7709.51953125 and parameters: {'gradient_clip_val': 0.22312324620656065, 'hidden_size': 17, 'dropout': 0.20086400397159873, 'hidden_continuous_size': 17, 'attention_head_size': 3, 'learning_rate': 0.0010329508073000356}. Best is trial 0 with value: 2151.587646484375.
[I 2023-12-26 12:28:19,466] Trial 3 finished with value: 6862.11962890625 and parameters: {'gradient_clip_val': 0.309723609701309, 'hidden_size': 10, 'dropout': 0.4856363751055568, 'hidden_continuous_size': 10, 'attention_head_size': 3, 'learning_rate': 0.0005840281476660992}. Best is trial 0 with value: 2151.587646484375.
[I 2023-12-26 12:28:22,117] Trial 4 finished with value: 6274.20458984375 and parameters: {'gradient_clip_val': 0.15833731726719671, 'hidden_size': 26, 'dropout': 0.3444744099735515, 'hidden_continuous_size': 7, 'attention_head_size': 4, 'learning_rate': 0.016633176131704553}. Best is trial 0 with value: 2151.587646484375.
[I 2023-12-26 12:28:25,196] Trial 5 finished with value: 6175.99365234375 and parameters: {'gradient_clip_val': 0.38795856832097525, 'hidden_size': 45, 'dropout': 0.29656198433681413, 'hidden_continuous_size': 5, 'attention_head_size': 3, 'learning_rate': 0.000651226981351722}. Best is trial 0 with value: 2151.587646484375.
[I 2023-12-26 12:28:27,833] Trial 6 finished with value: 8104.17724609375 and parameters: {'gradient_clip_val': 0.16038879126651878, 'hidden_size': 34, 'dropout': 0.1259473458516397, 'hidden_continuous_size': 8, 'attention_head_size': 4, 'learning_rate': 0.001044361939947739}. Best is trial 0 with value: 2151.587646484375.
[I 2023-12-26 12:28:34,747] Trial 7 finished with value: 6523.33740234375 and parameters: {'gradient_clip_val': 0.32680443049507785, 'hidden_size': 95, 'dropout': 0.4797475197931692, 'hidden_continuous_size': 76, 'attention_head_size': 4, 'learning_rate': 0.001409691965959245}. Best is trial 0 with value: 2151.587646484375.
[I 2023-12-26 12:28:36,961] Trial 8 finished with value: 7400.94970703125 and parameters: {'gradient_clip_val': 0.8176145668116434, 'hidden_size': 15, 'dropout': 0.3325841129709761, 'hidden_continuous_size': 7, 'attention_head_size': 4, 'learning_rate': 0.0011031535934423796}. Best is trial 0 with value: 2151.587646484375.
[I 2023-12-26 12:28:40,781] Trial 9 finished with value: 8777.4970703125 and parameters: {'gradient_clip_val': 0.1999042721454984, 'hidden_size': 53, 'dropout': 0.2033586116941716, 'hidden_continuous_size': 51, 'attention_head_size': 3, 'learning_rate': 0.03352728948557118}. Best is trial 0 with value: 2151.587646484375.
[I 2023-12-26 12:28:51,047] Trial 10 finished with value: 4632.89208984375 and parameters: {'gradient_clip_val': 0.13562467263426642, 'hidden_size': 141, 'dropout': 0.40309209824918835, 'hidden_continuous_size': 110, 'attention_head_size': 1, 'learning_rate': 0.06949346751596794}. Best is trial 0 with value: 2151.587646484375.
[I 2023-12-26 12:29:01,341] Trial 11 finished with value: 5966.94140625 and parameters: {'gradient_clip_val': 0.10571473091385417, 'hidden_size': 137, 'dropout': 0.40096147448524244, 'hidden_continuous_size': 129, 'attention_head_size': 1, 'learning_rate': 0.08929798351164643}. Best is trial 0 with value: 2151.587646484375.
[I 2023-12-26 12:29:11,169] Trial 12 finished with value: 6733.091796875 and parameters: {'gradient_clip_val': 0.1044285415555654, 'hidden_size': 150, 'dropout': 0.40232514305668493, 'hidden_continuous_size': 42, 'attention_head_size': 1, 'learning_rate': 0.09918800685108395}. Best is trial 0 with value: 2151.587646484375.
[I 2023-12-26 12:29:16,094] Trial 13 finished with value: 6298.123046875 and parameters: {'gradient_clip_val': 0.12600366834040383, 'hidden_size': 75, 'dropout': 0.42358456564149644, 'hidden_continuous_size': 29, 'attention_head_size': 2, 'learning_rate': 0.04698313640779633}. Best is trial 0 with value: 2151.587646484375.
[I 2023-12-26 12:29:21,090] Trial 14 finished with value: 5738.4453125 and parameters: {'gradient_clip_val': 0.13229631474293513, 'hidden_size': 76, 'dropout': 0.2852808472635776, 'hidden_continuous_size': 25, 'attention_head_size': 2, 'learning_rate': 0.029267794677341686}. Best is trial 0 with value: 2151.587646484375.
[I 2023-12-26 12:29:32,390] Trial 15 finished with value: 5621.19384765625 and parameters: {'gradient_clip_val': 0.102152716466986, 'hidden_size': 149, 'dropout': 0.35366357413020655, 'hidden_continuous_size': 143, 'attention_head_size': 2, 'learning_rate': 0.053492730165046326}. Best is trial 0 with value: 2151.587646484375.
[I 2023-12-26 12:29:34,379] Trial 16 finished with value: 7287.76025390625 and parameters: {'gradient_clip_val': 0.19200801254464353, 'hidden_size': 5, 'dropout': 0.43920571959190613, 'hidden_continuous_size': 5, 'attention_head_size': 1, 'learning_rate': 0.017531391521787867}. Best is trial 0 with value: 2151.587646484375.
[I 2023-12-26 12:29:41,269] Trial 17 finished with value: 8889.0498046875 and parameters: {'gradient_clip_val': 0.14389060377077692, 'hidden_size': 98, 'dropout': 0.38433547876297997, 'hidden_continuous_size': 74, 'attention_head_size': 2, 'learning_rate': 0.006569969030669279}. Best is trial 0 with value: 2151.587646484375.
[I 2023-12-26 12:29:45,232] Trial 18 finished with value: 7132.64892578125 and parameters: {'gradient_clip_val': 0.22941326698631914, 'hidden_size': 64, 'dropout': 0.4388642473733075, 'hidden_continuous_size': 22, 'attention_head_size': 1, 'learning_rate': 0.06553962936147875}. Best is trial 0 with value: 2151.587646484375.
[I 2023-12-26 12:29:51,378] Trial 19 finished with value: 7631.91796875 and parameters: {'gradient_clip_val': 0.1306083880848975, 'hidden_size': 92, 'dropout': 0.4981006830259469, 'hidden_continuous_size': 36, 'attention_head_size': 2, 'learning_rate': 0.03117277284713816}. Best is trial 0 with value: 2151.587646484375.
[I 2023-12-26 12:29:54,690] Trial 20 finished with value: 7194.70654296875 and parameters: {'gradient_clip_val': 0.1737717977727655, 'hidden_size': 47, 'dropout': 0.37334560330285876, 'hidden_continuous_size': 17, 'attention_head_size': 4, 'learning_rate': 0.06560578399329828}. Best is trial 0 with value: 2151.587646484375.
[I 2023-12-26 12:30:06,111] Trial 21 finished with value: 5333.98486328125 and parameters: {'gradient_clip_val': 0.10363849596352746, 'hidden_size': 150, 'dropout': 0.3458658560682827, 'hidden_continuous_size': 147, 'attention_head_size': 2, 'learning_rate': 0.053199123415481574}. Best is trial 0 with value: 2151.587646484375.
[I 2023-12-26 12:30:13,866] Trial 22 finished with value: 4934.74658203125 and parameters: {'gradient_clip_val': 0.1201456440445729, 'hidden_size': 107, 'dropout': 0.32015436878960113, 'hidden_continuous_size': 89, 'attention_head_size': 1, 'learning_rate': 0.09632550074734118}. Best is trial 0 with value: 2151.587646484375.
[I 2023-12-26 12:30:21,169] Trial 23 finished with value: 5184.244140625 and parameters: {'gradient_clip_val': 0.12086478195264241, 'hidden_size': 104, 'dropout': 0.31541321186698407, 'hidden_continuous_size': 78, 'attention_head_size': 1, 'learning_rate': 0.09273665101856138}. Best is trial 0 with value: 2151.587646484375.
[I 2023-12-26 12:30:29,360] Trial 24 finished with value: 6226.44482421875 and parameters: {'gradient_clip_val': 0.1489064210224258, 'hidden_size': 116, 'dropout': 0.2711503381977486, 'hidden_continuous_size': 89, 'attention_head_size': 1, 'learning_rate': 0.04117204875364865}. Best is trial 0 with value: 2151.587646484375.
[I 2023-12-26 12:30:34,315] Trial 25 finished with value: 7214.45556640625 and parameters: {'gradient_clip_val': 0.14255083087210613, 'hidden_size': 73, 'dropout': 0.3798060771051552, 'hidden_continuous_size': 51, 'attention_head_size': 1, 'learning_rate': 0.06997615750031985}. Best is trial 0 with value: 2151.587646484375.
[I 2023-12-26 12:30:42,166] Trial 26 finished with value: 6804.82568359375 and parameters: {'gradient_clip_val': 0.12178756752098026, 'hidden_size': 115, 'dropout': 0.4156009851012541, 'hidden_continuous_size': 59, 'attention_head_size': 1, 'learning_rate': 0.09595708342980495}. Best is trial 0 with value: 2151.587646484375.
[I 2023-12-26 12:30:46,205] Trial 27 finished with value: 6677.61279296875 and parameters: {'gradient_clip_val': 0.17023975716804635, 'hidden_size': 61, 'dropout': 0.31871852237375214, 'hidden_continuous_size': 37, 'attention_head_size': 2, 'learning_rate': 0.024305600430029165}. Best is trial 0 with value: 2151.587646484375.
[I 2023-12-26 12:30:52,240] Trial 28 finished with value: 8419.0068359375 and parameters: {'gradient_clip_val': 0.11789529812052038, 'hidden_size': 84, 'dropout': 0.4593400871986184, 'hidden_continuous_size': 58, 'attention_head_size': 1, 'learning_rate': 0.0418226569489978}. Best is trial 0 with value: 2151.587646484375.
[I 2023-12-26 12:31:00,997] Trial 29 finished with value: 5813.58203125 and parameters: {'gradient_clip_val': 0.23308882371923484, 'hidden_size': 120, 'dropout': 0.3698838794213437, 'hidden_continuous_size': 101, 'attention_head_size': 3, 'learning_rate': 0.06786688059764737}. Best is trial 0 with value: 2151.587646484375.
[I 2023-12-26 12:31:03,831] Trial 30 finished with value: 8596.43359375 and parameters: {'gradient_clip_val': 0.14171028960786583, 'hidden_size': 37, 'dropout': 0.2673246127811979, 'hidden_continuous_size': 28, 'attention_head_size': 2, 'learning_rate': 0.021584185777551036}. Best is trial 0 with value: 2151.587646484375.
[I 2023-12-26 12:31:11,513] Trial 31 finished with value: 4824.55908203125 and parameters: {'gradient_clip_val': 0.11773426381269611, 'hidden_size': 108, 'dropout': 0.31713362934274986, 'hidden_continuous_size': 75, 'attention_head_size': 1, 'learning_rate': 0.09618397221229943}. Best is trial 0 with value: 2151.587646484375.
[I 2023-12-26 12:31:19,803] Trial 32 finished with value: 4940.037109375 and parameters: {'gradient_clip_val': 0.12061529116617269, 'hidden_size': 114, 'dropout': 0.3168963995219937, 'hidden_continuous_size': 97, 'attention_head_size': 1, 'learning_rate': 0.05126928376033129}. Best is trial 0 with value: 2151.587646484375.
[I 2023-12-26 12:31:25,827] Trial 33 finished with value: 8885.7607421875 and parameters: {'gradient_clip_val': 0.10082144257186414, 'hidden_size': 86, 'dropout': 0.3960091094387307, 'hidden_continuous_size': 65, 'attention_head_size': 1, 'learning_rate': 0.07603781229541114}. Best is trial 0 with value: 2151.587646484375.
[I 2023-12-26 12:31:30,163] Trial 34 finished with value: 7506.43994140625 and parameters: {'gradient_clip_val': 0.1785456391383399, 'hidden_size': 62, 'dropout': 0.36043099145512536, 'hidden_continuous_size': 47, 'attention_head_size': 1, 'learning_rate': 0.03634053570592824}. Best is trial 0 with value: 2151.587646484375.
[I 2023-12-26 12:31:39,122] Trial 35 finished with value: 5548.8203125 and parameters: {'gradient_clip_val': 0.15384223160558577, 'hidden_size': 123, 'dropout': 0.3448921659046291, 'hidden_continuous_size': 106, 'attention_head_size': 3, 'learning_rate': 0.06307899116511019}. Best is trial 0 with value: 2151.587646484375.
[I 2023-12-26 12:31:46,052] Trial 36 finished with value: 5615.10791015625 and parameters: {'gradient_clip_val': 0.11550586082232676, 'hidden_size': 98, 'dropout': 0.2436286701028908, 'hidden_continuous_size': 67, 'attention_head_size': 1, 'learning_rate': 0.04507091094187756}. Best is trial 0 with value: 2151.587646484375.
[I 2023-12-26 12:31:55,161] Trial 37 finished with value: 5497.94580078125 and parameters: {'gradient_clip_val': 0.1365455915658117, 'hidden_size': 126, 'dropout': 0.3295085695655171, 'hidden_continuous_size': 86, 'attention_head_size': 4, 'learning_rate': 0.09730883545814169}. Best is trial 0 with value: 2151.587646484375.
[I 2023-12-26 12:32:01,293] Trial 38 finished with value: 6487.61474609375 and parameters: {'gradient_clip_val': 0.15375280647620207, 'hidden_size': 85, 'dropout': 0.3033506627146477, 'hidden_continuous_size': 62, 'attention_head_size': 3, 'learning_rate': 0.013159255626596035}. Best is trial 0 with value: 2151.587646484375.
[I 2023-12-26 12:32:08,555] Trial 39 finished with value: 5347.58056640625 and parameters: {'gradient_clip_val': 0.2110708755620818, 'hidden_size': 102, 'dropout': 0.36097983795701744, 'hidden_continuous_size': 71, 'attention_head_size': 2, 'learning_rate': 0.0704212409760778}. Best is trial 0 with value: 2151.587646484375.
[I 2023-12-26 12:32:12,690] Trial 40 finished with value: 8283.1767578125 and parameters: {'gradient_clip_val': 0.25105833979894937, 'hidden_size': 55, 'dropout': 0.38550868620704426, 'hidden_continuous_size': 44, 'attention_head_size': 3, 'learning_rate': 0.03466774016670028}. Best is trial 0 with value: 2151.587646484375.
[I 2023-12-26 12:32:21,855] Trial 41 finished with value: 6801.80126953125 and parameters: {'gradient_clip_val': 0.11483027085534636, 'hidden_size': 119, 'dropout': 0.33283181420533714, 'hidden_continuous_size': 98, 'attention_head_size': 1, 'learning_rate': 0.054214393679735066}. Best is trial 0 with value: 2151.587646484375.
[I 2023-12-26 12:32:31,421] Trial 42 finished with value: 6079.08203125 and parameters: {'gradient_clip_val': 0.11285845430717169, 'hidden_size': 133, 'dropout': 0.30268794356039347, 'hidden_continuous_size': 104, 'attention_head_size': 1, 'learning_rate': 0.0547195872708105}. Best is trial 0 with value: 2151.587646484375.
[I 2023-12-26 12:32:36,657] Trial 43 finished with value: 5899.693359375 and parameters: {'gradient_clip_val': 0.13066984847330979, 'hidden_size': 72, 'dropout': 0.3219757975728325, 'hidden_continuous_size': 55, 'attention_head_size': 1, 'learning_rate': 0.08113743688916696}. Best is trial 0 with value: 2151.587646484375.
[I 2023-12-26 12:32:45,148] Trial 44 finished with value: 4726.74072265625 and parameters: {'gradient_clip_val': 0.12723229862281743, 'hidden_size': 107, 'dropout': 0.34251682972066233, 'hidden_continuous_size': 80, 'attention_head_size': 1, 'learning_rate': 0.09997224068521593}. Best is trial 0 with value: 2151.587646484375.
[I 2023-12-26 12:32:51,632] Trial 45 finished with value: 5230.58544921875 and parameters: {'gradient_clip_val': 0.1640714097014401, 'hidden_size': 86, 'dropout': 0.3604115592020926, 'hidden_continuous_size': 68, 'attention_head_size': 1, 'learning_rate': 0.09831458242188361}. Best is trial 0 with value: 2151.587646484375.
[I 2023-12-26 12:33:02,554] Trial 46 finished with value: 4723.421875 and parameters: {'gradient_clip_val': 0.1857703636311325, 'hidden_size': 135, 'dropout': 0.34267612218799487, 'hidden_continuous_size': 82, 'attention_head_size': 4, 'learning_rate': 0.07674714533229571}. Best is trial 0 with value: 2151.587646484375.
[I 2023-12-26 12:33:14,041] Trial 47 finished with value: 5816.81640625 and parameters: {'gradient_clip_val': 0.18941270693733733, 'hidden_size': 138, 'dropout': 0.3417737281371631, 'hidden_continuous_size': 113, 'attention_head_size': 4, 'learning_rate': 0.07121575202713841}. Best is trial 0 with value: 2151.587646484375.
[I 2023-12-26 12:33:24,905] Trial 48 finished with value: 6111.34423828125 and parameters: {'gradient_clip_val': 0.16227116129565017, 'hidden_size': 149, 'dropout': 0.4096868028404922, 'hidden_continuous_size': 122, 'attention_head_size': 4, 'learning_rate': 0.04172153986261104}. Best is trial 0 with value: 2151.587646484375.
[I 2023-12-26 12:33:31,848] Trial 49 finished with value: 5305.35986328125 and parameters: {'gradient_clip_val': 0.13212429556623645, 'hidden_size': 95, 'dropout': 0.3923895635080539, 'hidden_continuous_size': 76, 'attention_head_size': 4, 'learning_rate': 0.0790540065556115}. Best is trial 0 with value: 2151.587646484375.
[I 2023-12-26 12:33:31,972] A new study created in memory with name: no-name-de902b77-4393-431f-92c7-29f600c2995b
/home/le004/conda/anaconda3/envs/tsff_env/lib/python3.9/site-packages/lightning/fabric/plugins/environments/slurm.py:191: The `srun` command is available on your system but is not used. HINT: If your intention is to run Lightning on SLURM, prepend your python command with `srun` like so: srun python /home/le004/master_thesis/git/TSFusionForecast/code/ ...
[I 2023-12-26 12:39:52,320] Trial 0 finished with value: 892.9063110351562 and parameters: {'gradient_clip_val': 0.2512948221604126, 'hidden_size': 58, 'dropout': 0.47316112072084926, 'hidden_continuous_size': 28, 'attention_head_size': 4, 'learning_rate': 0.02104375341300465}. Best is trial 0 with value: 892.9063110351562.
[I 2023-12-26 12:39:57,441] Trial 1 finished with value: 6415.2265625 and parameters: {'gradient_clip_val': 0.7691882472866038, 'hidden_size': 53, 'dropout': 0.11374789749899868, 'hidden_continuous_size': 26, 'attention_head_size': 3, 'learning_rate': 0.040201373420097664}. Best is trial 0 with value: 892.9063110351562.
