[I 2023-12-15 18:31:25,578] Trial 25 finished with value: 35.78757095336914 and parameters: {'gradient_clip_val': 0.10514965301259128, 'hidden_size': 6, 'dropout': 0.1528881399639378, 'hidden_continuous_size': 5, 'attention_head_size': 1, 'learning_rate': 0.004417702255461579}. Best is trial 1 with value: 8.267364501953125.
LOCAL_RANK: 0 - CUDA_VISIBLE_DEVICES: [0]
[I 2023-12-15 18:32:10,389] Trial 26 finished with value: 72.08819580078125 and parameters: {'gradient_clip_val': 0.2410587771979076, 'hidden_size': 6, 'dropout': 0.1010657046180918, 'hidden_continuous_size': 5, 'attention_head_size': 2, 'learning_rate': 0.010614022613836887}. Best is trial 1 with value: 8.267364501953125.
LOCAL_RANK: 0 - CUDA_VISIBLE_DEVICES: [0]
[I 2023-12-15 18:32:54,918] Trial 27 finished with value: 45.450408935546875 and parameters: {'gradient_clip_val': 0.33252584334467733, 'hidden_size': 10, 'dropout': 0.12232701986329979, 'hidden_continuous_size': 6, 'attention_head_size': 1, 'learning_rate': 0.01672634201468322}. Best is trial 1 with value: 8.267364501953125.
LOCAL_RANK: 0 - CUDA_VISIBLE_DEVICES: [0]
[I 2023-12-15 18:33:38,310] Trial 28 finished with value: 55.8460693359375 and parameters: {'gradient_clip_val': 0.17969840707407725, 'hidden_size': 8, 'dropout': 0.18454730756401294, 'hidden_continuous_size': 6, 'attention_head_size': 1, 'learning_rate': 0.00844864047956139}. Best is trial 1 with value: 8.267364501953125.
LOCAL_RANK: 0 - CUDA_VISIBLE_DEVICES: [0]
[I 2023-12-15 18:34:23,368] Trial 29 finished with value: 21.693328857421875 and parameters: {'gradient_clip_val': 0.2540975508333557, 'hidden_size': 12, 'dropout': 0.19936254083530283, 'hidden_continuous_size': 7, 'attention_head_size': 4, 'learning_rate': 0.05432841625654721}. Best is trial 1 with value: 8.267364501953125.
LOCAL_RANK: 0 - CUDA_VISIBLE_DEVICES: [0]
[I 2023-12-15 18:35:09,311] Trial 30 finished with value: 28.930435180664062 and parameters: {'gradient_clip_val': 0.4617516583628216, 'hidden_size': 14, 'dropout': 0.151056714426525, 'hidden_continuous_size': 7, 'attention_head_size': 3, 'learning_rate': 0.026016512352159342}. Best is trial 1 with value: 8.267364501953125.
LOCAL_RANK: 0 - CUDA_VISIBLE_DEVICES: [0]
[I 2023-12-15 18:35:54,133] Trial 31 finished with value: 23.45607566833496 and parameters: {'gradient_clip_val': 0.679331593036947, 'hidden_size': 7, 'dropout': 0.12536597789586829, 'hidden_continuous_size': 5, 'attention_head_size': 2, 'learning_rate': 0.006008879781993443}. Best is trial 1 with value: 8.267364501953125.
LOCAL_RANK: 0 - CUDA_VISIBLE_DEVICES: [0]
[I 2023-12-15 18:36:39,215] Trial 32 finished with value: 12.519518852233887 and parameters: {'gradient_clip_val': 0.9296746444560119, 'hidden_size': 6, 'dropout': 0.15627344186406453, 'hidden_continuous_size': 5, 'attention_head_size': 2, 'learning_rate': 0.011645499519356306}. Best is trial 1 with value: 8.267364501953125.
LOCAL_RANK: 0 - CUDA_VISIBLE_DEVICES: [0]
[I 2023-12-15 18:37:13,168] Trial 33 finished with value: 19.108949661254883 and parameters: {'gradient_clip_val': 0.814071344038895, 'hidden_size': 5, 'dropout': 0.1568989178063337, 'hidden_continuous_size': 5, 'attention_head_size': 2, 'learning_rate': 0.014747273408389999}. Best is trial 1 with value: 8.267364501953125.
LOCAL_RANK: 0 - CUDA_VISIBLE_DEVICES: [0]
[I 2023-12-15 18:37:57,328] Trial 34 finished with value: 48.92816162109375 and parameters: {'gradient_clip_val': 0.6794992876526157, 'hidden_size': 6, 'dropout': 0.12716100249731233, 'hidden_continuous_size': 5, 'attention_head_size': 1, 'learning_rate': 0.010209727688429556}. Best is trial 1 with value: 8.267364501953125.
LOCAL_RANK: 0 - CUDA_VISIBLE_DEVICES: [0]
[I 2023-12-15 18:38:42,675] Trial 35 finished with value: 25.802337646484375 and parameters: {'gradient_clip_val': 0.9486481125297413, 'hidden_size': 11, 'dropout': 0.14674234890356005, 'hidden_continuous_size': 6, 'attention_head_size': 2, 'learning_rate': 0.019427246437206735}. Best is trial 1 with value: 8.267364501953125.
LOCAL_RANK: 0 - CUDA_VISIBLE_DEVICES: [0]
[I 2023-12-15 18:39:28,083] Trial 36 finished with value: 58.276641845703125 and parameters: {'gradient_clip_val': 0.9740470279740551, 'hidden_size': 9, 'dropout': 0.19316958402239556, 'hidden_continuous_size': 6, 'attention_head_size': 3, 'learning_rate': 0.014481795599017154}. Best is trial 1 with value: 8.267364501953125.
LOCAL_RANK: 0 - CUDA_VISIBLE_DEVICES: [0]
[I 2023-12-15 18:40:11,360] Trial 37 finished with value: 45.42606735229492 and parameters: {'gradient_clip_val': 0.7331431994059516, 'hidden_size': 8, 'dropout': 0.15837765806427798, 'hidden_continuous_size': 6, 'attention_head_size': 1, 'learning_rate': 0.010087806181434462}. Best is trial 1 with value: 8.267364501953125.
LOCAL_RANK: 0 - CUDA_VISIBLE_DEVICES: [0]
[I 2023-12-15 18:40:58,374] Trial 38 finished with value: 15.425501823425293 and parameters: {'gradient_clip_val': 0.5682028708209432, 'hidden_size': 20, 'dropout': 0.1645425594750186, 'hidden_continuous_size': 10, 'attention_head_size': 2, 'learning_rate': 0.00694535231851004}. Best is trial 1 with value: 8.267364501953125.
LOCAL_RANK: 0 - CUDA_VISIBLE_DEVICES: [0]
[I 2023-12-15 18:41:46,093] Trial 39 finished with value: 35.42887496948242 and parameters: {'gradient_clip_val': 0.5882665479432181, 'hidden_size': 24, 'dropout': 0.11806611368799047, 'hidden_continuous_size': 10, 'attention_head_size': 3, 'learning_rate': 0.004888562602372054}. Best is trial 1 with value: 8.267364501953125.
LOCAL_RANK: 0 - CUDA_VISIBLE_DEVICES: [0]
[I 2023-12-15 18:42:32,817] Trial 40 finished with value: 27.538238525390625 and parameters: {'gradient_clip_val': 0.6239544969947584, 'hidden_size': 20, 'dropout': 0.13639190912937071, 'hidden_continuous_size': 10, 'attention_head_size': 2, 'learning_rate': 0.00716837936928375}. Best is trial 1 with value: 8.267364501953125.
LOCAL_RANK: 0 - CUDA_VISIBLE_DEVICES: [0]
[I 2023-12-15 18:43:18,856] Trial 41 finished with value: 24.264684677124023 and parameters: {'gradient_clip_val': 0.4919340681877847, 'hidden_size': 15, 'dropout': 0.16546619567650084, 'hidden_continuous_size': 9, 'attention_head_size': 2, 'learning_rate': 0.012483495026004111}. Best is trial 1 with value: 8.267364501953125.
LOCAL_RANK: 0 - CUDA_VISIBLE_DEVICES: [0]
[I 2023-12-15 18:44:06,698] Trial 42 finished with value: 15.970672607421875 and parameters: {'gradient_clip_val': 0.7889310943690534, 'hidden_size': 19, 'dropout': 0.18543707983059857, 'hidden_continuous_size': 11, 'attention_head_size': 1, 'learning_rate': 0.007838479177839685}. Best is trial 1 with value: 8.267364501953125.
LOCAL_RANK: 0 - CUDA_VISIBLE_DEVICES: [0]
[I 2023-12-15 18:44:52,276] Trial 43 finished with value: 66.0431900024414 and parameters: {'gradient_clip_val': 0.3302991776498196, 'hidden_size': 15, 'dropout': 0.11589692305426522, 'hidden_continuous_size': 8, 'attention_head_size': 2, 'learning_rate': 0.01978245946644393}. Best is trial 1 with value: 8.267364501953125.
LOCAL_RANK: 0 - CUDA_VISIBLE_DEVICES: [0]
[I 2023-12-15 18:45:41,024] Trial 44 finished with value: 9.868979454040527 and parameters: {'gradient_clip_val': 0.2985191623315954, 'hidden_size': 25, 'dropout': 0.1424990418574392, 'hidden_continuous_size': 13, 'attention_head_size': 1, 'learning_rate': 0.009529458315905244}. Best is trial 1 with value: 8.267364501953125.
LOCAL_RANK: 0 - CUDA_VISIBLE_DEVICES: [0]
[I 2023-12-15 18:46:29,910] Trial 45 finished with value: 38.63569259643555 and parameters: {'gradient_clip_val': 0.4382204401905081, 'hidden_size': 27, 'dropout': 0.14290330716913377, 'hidden_continuous_size': 13, 'attention_head_size': 2, 'learning_rate': 0.004311325771546299}. Best is trial 1 with value: 8.267364501953125.
LOCAL_RANK: 0 - CUDA_VISIBLE_DEVICES: [0]
[I 2023-12-15 18:47:19,513] Trial 46 finished with value: 29.23750877380371 and parameters: {'gradient_clip_val': 0.3734010822224676, 'hidden_size': 33, 'dropout': 0.11142148353625071, 'hidden_continuous_size': 15, 'attention_head_size': 1, 'learning_rate': 0.006648803277524373}. Best is trial 1 with value: 8.267364501953125.
LOCAL_RANK: 0 - CUDA_VISIBLE_DEVICES: [0]
[I 2023-12-15 18:48:06,963] Trial 47 finished with value: 39.043113708496094 and parameters: {'gradient_clip_val': 0.30502414641310077, 'hidden_size': 17, 'dropout': 0.13340749445055602, 'hidden_continuous_size': 10, 'attention_head_size': 3, 'learning_rate': 0.0032990868078818262}. Best is trial 1 with value: 8.267364501953125.
LOCAL_RANK: 0 - CUDA_VISIBLE_DEVICES: [0]
[I 2023-12-15 18:48:55,438] Trial 48 finished with value: 25.433034896850586 and parameters: {'gradient_clip_val': 0.5023379972163152, 'hidden_size': 21, 'dropout': 0.10211752045378628, 'hidden_continuous_size': 11, 'attention_head_size': 2, 'learning_rate': 0.005657016163090125}. Best is trial 1 with value: 8.267364501953125.
LOCAL_RANK: 0 - CUDA_VISIBLE_DEVICES: [0]
[I 2023-12-15 18:49:45,412] Trial 49 finished with value: 15.643996238708496 and parameters: {'gradient_clip_val': 0.40099624861054606, 'hidden_size': 31, 'dropout': 0.16535134550504202, 'hidden_continuous_size': 15, 'attention_head_size': 4, 'learning_rate': 0.009774189613532483}. Best is trial 1 with value: 8.267364501953125.
[I 2023-12-15 18:49:45,507] A new study created in memory with name: no-name-209b943d-0962-4cb2-bb8e-a1c41e6effc3
/home/le004/conda/anaconda3/envs/tsff_env/lib/python3.9/site-packages/lightning/fabric/plugins/environments/slurm.py:191: The `srun` command is available on your system but is not used. HINT: If your intention is to run Lightning on SLURM, prepend your python command with `srun` like so: srun python /home/le004/master_thesis/git/TSFusionForecast/code/ ...
LOCAL_RANK: 0 - CUDA_VISIBLE_DEVICES: [0]
[I 2023-12-15 18:50:35,661] Trial 0 finished with value: 107.39362335205078 and parameters: {'gradient_clip_val': 0.1439626233346656, 'hidden_size': 38, 'dropout': 0.25910812803156313, 'hidden_continuous_size': 8, 'attention_head_size': 4, 'learning_rate': 0.0007076204664874747}. Best is trial 0 with value: 107.39362335205078.
LOCAL_RANK: 0 - CUDA_VISIBLE_DEVICES: [0]
[I 2023-12-15 18:51:27,465] Trial 1 finished with value: 93.4942626953125 and parameters: {'gradient_clip_val': 0.21938494712730153, 'hidden_size': 68, 'dropout': 0.1087919970073769, 'hidden_continuous_size': 8, 'attention_head_size': 2, 'learning_rate': 0.012336880433569026}. Best is trial 1 with value: 93.4942626953125.
LOCAL_RANK: 0 - CUDA_VISIBLE_DEVICES: [0]
[I 2023-12-15 18:52:20,115] Trial 2 finished with value: 64.75847625732422 and parameters: {'gradient_clip_val': 0.16198112041511595, 'hidden_size': 69, 'dropout': 0.3664871357649052, 'hidden_continuous_size': 11, 'attention_head_size': 2, 'learning_rate': 0.001956358725039174}. Best is trial 2 with value: 64.75847625732422.
LOCAL_RANK: 0 - CUDA_VISIBLE_DEVICES: [0]
[I 2023-12-15 18:53:14,594] Trial 3 finished with value: 73.76338195800781 and parameters: {'gradient_clip_val': 0.10625180470579308, 'hidden_size': 67, 'dropout': 0.33013306908862605, 'hidden_continuous_size': 43, 'attention_head_size': 2, 'learning_rate': 0.0015030069014946204}. Best is trial 2 with value: 64.75847625732422.
LOCAL_RANK: 0 - CUDA_VISIBLE_DEVICES: [0]
[I 2023-12-15 18:54:11,243] Trial 4 finished with value: 183.91270446777344 and parameters: {'gradient_clip_val': 0.17009258867050983, 'hidden_size': 94, 'dropout': 0.16642446044124692, 'hidden_continuous_size': 72, 'attention_head_size': 1, 'learning_rate': 0.0012237658402488025}. Best is trial 2 with value: 64.75847625732422.
LOCAL_RANK: 0 - CUDA_VISIBLE_DEVICES: [0]
[I 2023-12-15 18:54:56,088] Trial 5 finished with value: 74.23412322998047 and parameters: {'gradient_clip_val': 0.281546600632688, 'hidden_size': 7, 'dropout': 0.1339639836538476, 'hidden_continuous_size': 6, 'attention_head_size': 2, 'learning_rate': 0.034914192620819746}. Best is trial 2 with value: 64.75847625732422.
LOCAL_RANK: 0 - CUDA_VISIBLE_DEVICES: [0]
[I 2023-12-15 18:55:40,595] Trial 6 finished with value: 71.95907592773438 and parameters: {'gradient_clip_val': 0.1641230252032291, 'hidden_size': 6, 'dropout': 0.28288795191207905, 'hidden_continuous_size': 5, 'attention_head_size': 1, 'learning_rate': 0.0033198827504551096}. Best is trial 2 with value: 64.75847625732422.
LOCAL_RANK: 0 - CUDA_VISIBLE_DEVICES: [0]
[I 2023-12-15 18:56:27,530] Trial 7 finished with value: 44.88368606567383 and parameters: {'gradient_clip_val': 0.12575181255789586, 'hidden_size': 24, 'dropout': 0.29179125905038095, 'hidden_continuous_size': 8, 'attention_head_size': 1, 'learning_rate': 0.0032555124352652075}. Best is trial 7 with value: 44.88368606567383.
LOCAL_RANK: 0 - CUDA_VISIBLE_DEVICES: [0]
[I 2023-12-15 18:57:12,945] Trial 8 finished with value: 95.2386474609375 and parameters: {'gradient_clip_val': 0.27990642113508624, 'hidden_size': 13, 'dropout': 0.2508094605609258, 'hidden_continuous_size': 11, 'attention_head_size': 1, 'learning_rate': 0.0018562273219460495}. Best is trial 7 with value: 44.88368606567383.
LOCAL_RANK: 0 - CUDA_VISIBLE_DEVICES: [0]
[I 2023-12-15 18:58:08,816] Trial 9 finished with value: 160.40586853027344 and parameters: {'gradient_clip_val': 0.14134555914870486, 'hidden_size': 75, 'dropout': 0.2850888452784096, 'hidden_continuous_size': 48, 'attention_head_size': 4, 'learning_rate': 0.045752025172509266}. Best is trial 7 with value: 44.88368606567383.
LOCAL_RANK: 0 - CUDA_VISIBLE_DEVICES: [0]
[I 2023-12-15 18:58:57,491] Trial 10 finished with value: 43.9918327331543 and parameters: {'gradient_clip_val': 0.6069093754986777, 'hidden_size': 23, 'dropout': 0.3841571029766635, 'hidden_continuous_size': 8, 'attention_head_size': 3, 'learning_rate': 0.005525998450433516}. Best is trial 10 with value: 43.9918327331543.
LOCAL_RANK: 0 - CUDA_VISIBLE_DEVICES: [0]
[I 2023-12-15 18:59:46,244] Trial 11 finished with value: 162.98641967773438 and parameters: {'gradient_clip_val': 0.6155338549854088, 'hidden_size': 22, 'dropout': 0.38515183951638865, 'hidden_continuous_size': 8, 'attention_head_size': 3, 'learning_rate': 0.007680379898965969}. Best is trial 10 with value: 43.9918327331543.
LOCAL_RANK: 0 - CUDA_VISIBLE_DEVICES: [0]
[I 2023-12-15 19:00:34,946] Trial 12 finished with value: 48.15583419799805 and parameters: {'gradient_clip_val': 0.504953570986786, 'hidden_size': 23, 'dropout': 0.39961369163778065, 'hidden_continuous_size': 9, 'attention_head_size': 3, 'learning_rate': 0.004702532282474099}. Best is trial 10 with value: 43.9918327331543.
LOCAL_RANK: 0 - CUDA_VISIBLE_DEVICES: [0]
[I 2023-12-15 19:01:25,446] Trial 13 finished with value: 87.90531158447266 and parameters: {'gradient_clip_val': 0.9928605878414144, 'hidden_size': 34, 'dropout': 0.33833944991340276, 'hidden_continuous_size': 14, 'attention_head_size': 3, 'learning_rate': 0.012552725701504473}. Best is trial 10 with value: 43.9918327331543.
LOCAL_RANK: 0 - CUDA_VISIBLE_DEVICES: [0]
[I 2023-12-15 19:02:10,182] Trial 14 finished with value: 108.8274154663086 and parameters: {'gradient_clip_val': 0.42582893798835625, 'hidden_size': 12, 'dropout': 0.20589884123674032, 'hidden_continuous_size': 7, 'attention_head_size': 3, 'learning_rate': 0.0005313829562752671}. Best is trial 10 with value: 43.9918327331543.
LOCAL_RANK: 0 - CUDA_VISIBLE_DEVICES: [0]
[I 2023-12-15 19:02:56,399] Trial 15 finished with value: 103.16433715820312 and parameters: {'gradient_clip_val': 0.4056466002083082, 'hidden_size': 14, 'dropout': 0.32953495619889195, 'hidden_continuous_size': 7, 'attention_head_size': 4, 'learning_rate': 0.003620508419695329}. Best is trial 10 with value: 43.9918327331543.
LOCAL_RANK: 0 - CUDA_VISIBLE_DEVICES: [0]
[I 2023-12-15 19:03:46,533] Trial 16 finished with value: 108.6964340209961 and parameters: {'gradient_clip_val': 0.6829100771889562, 'hidden_size': 35, 'dropout': 0.35515527007174363, 'hidden_continuous_size': 14, 'attention_head_size': 1, 'learning_rate': 0.0068259229955707585}. Best is trial 10 with value: 43.9918327331543.
LOCAL_RANK: 0 - CUDA_VISIBLE_DEVICES: [0]
[I 2023-12-15 19:04:34,788] Trial 17 finished with value: 75.71617889404297 and parameters: {'gradient_clip_val': 0.3497069764560576, 'hidden_size': 27, 'dropout': 0.30339724733664847, 'hidden_continuous_size': 5, 'attention_head_size': 2, 'learning_rate': 0.08740143101507022}. Best is trial 10 with value: 43.9918327331543.
LOCAL_RANK: 0 - CUDA_VISIBLE_DEVICES: [0]
[I 2023-12-15 19:05:20,857] Trial 18 finished with value: 108.5416030883789 and parameters: {'gradient_clip_val': 0.22558491799784072, 'hidden_size': 17, 'dropout': 0.21545032300178713, 'hidden_continuous_size': 6, 'attention_head_size': 3, 'learning_rate': 0.0028604845457219407}. Best is trial 10 with value: 43.9918327331543.
LOCAL_RANK: 0 - CUDA_VISIBLE_DEVICES: [0]
[I 2023-12-15 19:06:05,629] Trial 19 finished with value: 119.33544921875 and parameters: {'gradient_clip_val': 0.10062080482957708, 'hidden_size': 8, 'dropout': 0.31251793204857004, 'hidden_continuous_size': 5, 'attention_head_size': 4, 'learning_rate': 0.0010600791605857732}. Best is trial 10 with value: 43.9918327331543.
LOCAL_RANK: 0 - CUDA_VISIBLE_DEVICES: [0]
[I 2023-12-15 19:06:57,663] Trial 20 finished with value: 39.62275695800781 and parameters: {'gradient_clip_val': 0.33160617523123914, 'hidden_size': 46, 'dropout': 0.3640762073574956, 'hidden_continuous_size': 19, 'attention_head_size': 1, 'learning_rate': 0.002360141284876906}. Best is trial 20 with value: 39.62275695800781.
LOCAL_RANK: 0 - CUDA_VISIBLE_DEVICES: [0]
[I 2023-12-15 19:07:49,877] Trial 21 finished with value: 56.204341888427734 and parameters: {'gradient_clip_val': 0.322502627663344, 'hidden_size': 47, 'dropout': 0.36941211291469217, 'hidden_continuous_size': 19, 'attention_head_size': 1, 'learning_rate': 0.0024325434941950505}. Best is trial 20 with value: 39.62275695800781.
LOCAL_RANK: 0 - CUDA_VISIBLE_DEVICES: [0]
[I 2023-12-15 19:08:37,470] Trial 22 finished with value: 234.5039825439453 and parameters: {'gradient_clip_val': 0.2453348266477525, 'hidden_size': 28, 'dropout': 0.39639597970495627, 'hidden_continuous_size': 10, 'attention_head_size': 1, 'learning_rate': 0.004490161161825226}. Best is trial 20 with value: 39.62275695800781.
LOCAL_RANK: 0 - CUDA_VISIBLE_DEVICES: [0]
[I 2023-12-15 19:09:24,409] Trial 23 finished with value: 38.36784744262695 and parameters: {'gradient_clip_val': 0.36456489414552595, 'hidden_size': 20, 'dropout': 0.35268807250505024, 'hidden_continuous_size': 9, 'attention_head_size': 2, 'learning_rate': 0.0024619181879853938}. Best is trial 23 with value: 38.36784744262695.
LOCAL_RANK: 0 - CUDA_VISIBLE_DEVICES: [0]
[I 2023-12-15 19:10:11,587] Trial 24 finished with value: 74.16414642333984 and parameters: {'gradient_clip_val': 0.37520883084087475, 'hidden_size': 18, 'dropout': 0.3631984075264655, 'hidden_continuous_size': 9, 'attention_head_size': 2, 'learning_rate': 0.0009652139951243212}. Best is trial 23 with value: 38.36784744262695.
LOCAL_RANK: 0 - CUDA_VISIBLE_DEVICES: [0]
[I 2023-12-15 19:11:04,298] Trial 25 finished with value: 88.1272964477539 and parameters: {'gradient_clip_val': 0.4538956581318477, 'hidden_size': 46, 'dropout': 0.34950407847928333, 'hidden_continuous_size': 18, 'attention_head_size': 3, 'learning_rate': 0.0016533877239764464}. Best is trial 23 with value: 38.36784744262695.
LOCAL_RANK: 0 - CUDA_VISIBLE_DEVICES: [0]
[I 2023-12-15 19:11:49,513] Trial 26 finished with value: 78.67395782470703 and parameters: {'gradient_clip_val': 0.52434513669212, 'hidden_size': 10, 'dropout': 0.37735965591238574, 'hidden_continuous_size': 6, 'attention_head_size': 2, 'learning_rate': 0.002438224713263347}. Best is trial 23 with value: 38.36784744262695.
LOCAL_RANK: 0 - CUDA_VISIBLE_DEVICES: [0]
[I 2023-12-15 19:12:36,849] Trial 27 finished with value: 56.64213943481445 and parameters: {'gradient_clip_val': 0.35083921340640817, 'hidden_size': 17, 'dropout': 0.32560954048800084, 'hidden_continuous_size': 10, 'attention_head_size': 3, 'learning_rate': 0.004940667988132841}. Best is trial 23 with value: 38.36784744262695.
LOCAL_RANK: 0 - CUDA_VISIBLE_DEVICES: [0]
[I 2023-12-15 19:13:24,484] Trial 28 finished with value: 74.86135864257812 and parameters: {'gradient_clip_val': 0.31144215998510144, 'hidden_size': 19, 'dropout': 0.3819411110048426, 'hidden_continuous_size': 9, 'attention_head_size': 2, 'learning_rate': 0.0008198059511714792}. Best is trial 23 with value: 38.36784744262695.
LOCAL_RANK: 0 - CUDA_VISIBLE_DEVICES: [0]
[I 2023-12-15 19:14:17,347] Trial 29 finished with value: 80.83697509765625 and parameters: {'gradient_clip_val': 0.47397568394266076, 'hidden_size': 42, 'dropout': 0.3473034085991072, 'hidden_continuous_size': 12, 'attention_head_size': 4, 'learning_rate': 0.0005446645419432569}. Best is trial 23 with value: 38.36784744262695.
LOCAL_RANK: 0 - CUDA_VISIBLE_DEVICES: [0]
[I 2023-12-15 19:15:05,149] Trial 30 finished with value: 54.275882720947266 and parameters: {'gradient_clip_val': 0.3966224546350893, 'hidden_size': 28, 'dropout': 0.39975869689158405, 'hidden_continuous_size': 13, 'attention_head_size': 2, 'learning_rate': 0.0013186576291298949}. Best is trial 23 with value: 38.36784744262695.
LOCAL_RANK: 0 - CUDA_VISIBLE_DEVICES: [0]
[I 2023-12-15 19:15:52,009] Trial 31 finished with value: 53.18132019042969 and parameters: {'gradient_clip_val': 0.274147637682372, 'hidden_size': 24, 'dropout': 0.3529147352339086, 'hidden_continuous_size': 8, 'attention_head_size': 1, 'learning_rate': 0.0022743363685917145}. Best is trial 23 with value: 38.36784744262695.
LOCAL_RANK: 0 - CUDA_VISIBLE_DEVICES: [0]
[I 2023-12-15 19:16:39,533] Trial 32 finished with value: 62.197418212890625 and parameters: {'gradient_clip_val': 0.20141028465748712, 'hidden_size': 32, 'dropout': 0.3079182293211763, 'hidden_continuous_size': 7, 'attention_head_size': 1, 'learning_rate': 0.0037548867238456}. Best is trial 23 with value: 38.36784744262695.
LOCAL_RANK: 0 - CUDA_VISIBLE_DEVICES: [0]
