[I 2023-12-15 13:02:53,262] Trial 20 finished with value: 0.4032607078552246 and parameters: {'gradient_clip_val': 0.29407933029103556, 'hidden_size': 65, 'dropout': 0.13785172262262424, 'hidden_continuous_size': 24, 'attention_head_size': 2, 'learning_rate': 0.005812548620789113}. Best is trial 18 with value: 0.12018241733312607.
LOCAL_RANK: 0 - CUDA_VISIBLE_DEVICES: [0]
[I 2023-12-15 13:03:46,950] Trial 21 finished with value: 0.11929621547460556 and parameters: {'gradient_clip_val': 0.18408317361109028, 'hidden_size': 66, 'dropout': 0.26989952917661303, 'hidden_continuous_size': 34, 'attention_head_size': 2, 'learning_rate': 0.09854880607684657}. Best is trial 21 with value: 0.11929621547460556.
LOCAL_RANK: 0 - CUDA_VISIBLE_DEVICES: [0]
[I 2023-12-15 13:04:39,775] Trial 22 finished with value: 1.7883682250976562 and parameters: {'gradient_clip_val': 0.18330577293683845, 'hidden_size': 65, 'dropout': 0.2555910412506072, 'hidden_continuous_size': 24, 'attention_head_size': 2, 'learning_rate': 0.0989375156638341}. Best is trial 21 with value: 0.11929621547460556.
LOCAL_RANK: 0 - CUDA_VISIBLE_DEVICES: [0]
[I 2023-12-15 13:05:32,344] Trial 23 finished with value: 2.7716712951660156 and parameters: {'gradient_clip_val': 0.20963202885603066, 'hidden_size': 51, 'dropout': 0.2038798128934068, 'hidden_continuous_size': 19, 'attention_head_size': 2, 'learning_rate': 0.03894736601108226}. Best is trial 21 with value: 0.11929621547460556.
LOCAL_RANK: 0 - CUDA_VISIBLE_DEVICES: [0]
[I 2023-12-15 13:06:25,333] Trial 24 finished with value: 0.5133455395698547 and parameters: {'gradient_clip_val': 0.15269957956109706, 'hidden_size': 70, 'dropout': 0.29296843593017, 'hidden_continuous_size': 31, 'attention_head_size': 1, 'learning_rate': 0.09994699210409594}. Best is trial 21 with value: 0.11929621547460556.
LOCAL_RANK: 0 - CUDA_VISIBLE_DEVICES: [0]
[I 2023-12-15 13:07:17,216] Trial 25 finished with value: 2.543888807296753 and parameters: {'gradient_clip_val': 0.20914542210048684, 'hidden_size': 45, 'dropout': 0.24763421737575614, 'hidden_continuous_size': 22, 'attention_head_size': 2, 'learning_rate': 0.04596500691399248}. Best is trial 21 with value: 0.11929621547460556.
LOCAL_RANK: 0 - CUDA_VISIBLE_DEVICES: [0]
[I 2023-12-15 13:08:06,677] Trial 26 finished with value: 0.9105181694030762 and parameters: {'gradient_clip_val': 0.28253805490200246, 'hidden_size': 34, 'dropout': 0.22532635503743353, 'hidden_continuous_size': 14, 'attention_head_size': 2, 'learning_rate': 0.02324869684455477}. Best is trial 21 with value: 0.11929621547460556.
LOCAL_RANK: 0 - CUDA_VISIBLE_DEVICES: [0]
[I 2023-12-15 13:08:59,611] Trial 27 finished with value: 0.7860665321350098 and parameters: {'gradient_clip_val': 0.21472674835749428, 'hidden_size': 69, 'dropout': 0.29292021332366286, 'hidden_continuous_size': 29, 'attention_head_size': 1, 'learning_rate': 0.05632097339603617}. Best is trial 21 with value: 0.11929621547460556.
LOCAL_RANK: 0 - CUDA_VISIBLE_DEVICES: [0]
[I 2023-12-15 13:09:54,381] Trial 28 finished with value: 1.4352850914001465 and parameters: {'gradient_clip_val': 0.14801516721786356, 'hidden_size': 96, 'dropout': 0.25480334910352537, 'hidden_continuous_size': 56, 'attention_head_size': 2, 'learning_rate': 0.043519045991546615}. Best is trial 21 with value: 0.11929621547460556.
LOCAL_RANK: 0 - CUDA_VISIBLE_DEVICES: [0]
[I 2023-12-15 13:10:45,726] Trial 29 finished with value: 1.0612120628356934 and parameters: {'gradient_clip_val': 0.19071680261058885, 'hidden_size': 48, 'dropout': 0.23210545495050688, 'hidden_continuous_size': 27, 'attention_head_size': 2, 'learning_rate': 0.06469586695943606}. Best is trial 21 with value: 0.11929621547460556.
LOCAL_RANK: 0 - CUDA_VISIBLE_DEVICES: [0]
[I 2023-12-15 13:11:40,335] Trial 30 finished with value: 0.17614610493183136 and parameters: {'gradient_clip_val': 0.27366129993140603, 'hidden_size': 73, 'dropout': 0.20937945754966764, 'hidden_continuous_size': 36, 'attention_head_size': 3, 'learning_rate': 0.042172406313511074}. Best is trial 21 with value: 0.11929621547460556.
LOCAL_RANK: 0 - CUDA_VISIBLE_DEVICES: [0]
[I 2023-12-15 13:12:35,872] Trial 31 finished with value: 0.1956705003976822 and parameters: {'gradient_clip_val': 0.12430769551152944, 'hidden_size': 96, 'dropout': 0.2669737425039655, 'hidden_continuous_size': 47, 'attention_head_size': 3, 'learning_rate': 0.07866611227628716}. Best is trial 21 with value: 0.11929621547460556.
LOCAL_RANK: 0 - CUDA_VISIBLE_DEVICES: [0]
[I 2023-12-15 13:13:28,787] Trial 32 finished with value: 0.6155143976211548 and parameters: {'gradient_clip_val': 0.1684133059686369, 'hidden_size': 60, 'dropout': 0.3006471537856512, 'hidden_continuous_size': 38, 'attention_head_size': 3, 'learning_rate': 0.09996348932030182}. Best is trial 21 with value: 0.11929621547460556.
LOCAL_RANK: 0 - CUDA_VISIBLE_DEVICES: [0]
[I 2023-12-15 13:14:22,052] Trial 33 finished with value: 1.0150266885757446 and parameters: {'gradient_clip_val': 0.14362280262568508, 'hidden_size': 80, 'dropout': 0.26735884487064154, 'hidden_continuous_size': 32, 'attention_head_size': 3, 'learning_rate': 0.07356296018717987}. Best is trial 21 with value: 0.11929621547460556.
LOCAL_RANK: 0 - CUDA_VISIBLE_DEVICES: [0]
[I 2023-12-15 13:15:13,558] Trial 34 finished with value: 1.2282477617263794 and parameters: {'gradient_clip_val': 0.11766926251198347, 'hidden_size': 52, 'dropout': 0.23200931325142196, 'hidden_continuous_size': 26, 'attention_head_size': 2, 'learning_rate': 0.047288885175958494}. Best is trial 21 with value: 0.11929621547460556.
LOCAL_RANK: 0 - CUDA_VISIBLE_DEVICES: [0]
[I 2023-12-15 13:16:08,070] Trial 35 finished with value: 0.9183115363121033 and parameters: {'gradient_clip_val': 0.17430224853278997, 'hidden_size': 79, 'dropout': 0.18425369908480294, 'hidden_continuous_size': 35, 'attention_head_size': 2, 'learning_rate': 0.06729002567122233}. Best is trial 21 with value: 0.11929621547460556.
LOCAL_RANK: 0 - CUDA_VISIBLE_DEVICES: [0]
[I 2023-12-15 13:17:04,018] Trial 36 finished with value: 2.185220718383789 and parameters: {'gradient_clip_val': 0.14824545643297232, 'hidden_size': 100, 'dropout': 0.3154627965399348, 'hidden_continuous_size': 58, 'attention_head_size': 2, 'learning_rate': 0.05291765559561885}. Best is trial 21 with value: 0.11929621547460556.
LOCAL_RANK: 0 - CUDA_VISIBLE_DEVICES: [0]
[I 2023-12-15 13:17:55,806] Trial 37 finished with value: 4.065040111541748 and parameters: {'gradient_clip_val': 0.11703401835422651, 'hidden_size': 37, 'dropout': 0.15914041779824245, 'hidden_continuous_size': 27, 'attention_head_size': 2, 'learning_rate': 0.07194649327589465}. Best is trial 21 with value: 0.11929621547460556.
LOCAL_RANK: 0 - CUDA_VISIBLE_DEVICES: [0]
[I 2023-12-15 13:18:46,889] Trial 38 finished with value: 1.7829679250717163 and parameters: {'gradient_clip_val': 0.16023570081638874, 'hidden_size': 29, 'dropout': 0.21440394863830547, 'hidden_continuous_size': 22, 'attention_head_size': 3, 'learning_rate': 0.021211696096689044}. Best is trial 21 with value: 0.11929621547460556.
LOCAL_RANK: 0 - CUDA_VISIBLE_DEVICES: [0]
[I 2023-12-15 13:19:38,004] Trial 39 finished with value: 2.6120965480804443 and parameters: {'gradient_clip_val': 0.1332558987130065, 'hidden_size': 44, 'dropout': 0.18880454940141272, 'hidden_continuous_size': 26, 'attention_head_size': 1, 'learning_rate': 0.03337308868259157}. Best is trial 21 with value: 0.11929621547460556.
LOCAL_RANK: 0 - CUDA_VISIBLE_DEVICES: [0]
[I 2023-12-15 13:20:31,717] Trial 40 finished with value: 0.7672343850135803 and parameters: {'gradient_clip_val': 0.2411582388354338, 'hidden_size': 81, 'dropout': 0.23983478499273223, 'hidden_continuous_size': 18, 'attention_head_size': 2, 'learning_rate': 0.052721996287549366}. Best is trial 21 with value: 0.11929621547460556.
LOCAL_RANK: 0 - CUDA_VISIBLE_DEVICES: [0]
[I 2023-12-15 13:21:26,346] Trial 41 finished with value: 1.562914252281189 and parameters: {'gradient_clip_val': 0.2700094353911025, 'hidden_size': 70, 'dropout': 0.21104119182797443, 'hidden_continuous_size': 35, 'attention_head_size': 3, 'learning_rate': 0.08245046092391695}. Best is trial 21 with value: 0.11929621547460556.
LOCAL_RANK: 0 - CUDA_VISIBLE_DEVICES: [0]
[I 2023-12-15 13:22:19,032] Trial 42 finished with value: 0.8082430958747864 and parameters: {'gradient_clip_val': 0.32189757357179116, 'hidden_size': 60, 'dropout': 0.21679730843813005, 'hidden_continuous_size': 36, 'attention_head_size': 3, 'learning_rate': 0.04055453508604502}. Best is trial 21 with value: 0.11929621547460556.
LOCAL_RANK: 0 - CUDA_VISIBLE_DEVICES: [0]
[I 2023-12-15 13:23:14,156] Trial 43 finished with value: 0.19267313182353973 and parameters: {'gradient_clip_val': 0.22874639767975993, 'hidden_size': 73, 'dropout': 0.20138602322885985, 'hidden_continuous_size': 42, 'attention_head_size': 4, 'learning_rate': 0.07329510142094947}. Best is trial 21 with value: 0.11929621547460556.
LOCAL_RANK: 0 - CUDA_VISIBLE_DEVICES: [0]
[I 2023-12-15 13:24:08,177] Trial 44 finished with value: 2.1996381282806396 and parameters: {'gradient_clip_val': 0.3657129962390014, 'hidden_size': 82, 'dropout': 0.23820793396708725, 'hidden_continuous_size': 16, 'attention_head_size': 3, 'learning_rate': 0.05868278695094662}. Best is trial 21 with value: 0.11929621547460556.
LOCAL_RANK: 0 - CUDA_VISIBLE_DEVICES: [0]
[I 2023-12-15 13:25:01,598] Trial 45 finished with value: 0.15656395256519318 and parameters: {'gradient_clip_val': 0.20058817971625315, 'hidden_size': 57, 'dropout': 0.17047334661152252, 'hidden_continuous_size': 32, 'attention_head_size': 3, 'learning_rate': 0.08251983896954834}. Best is trial 21 with value: 0.11929621547460556.
LOCAL_RANK: 0 - CUDA_VISIBLE_DEVICES: [0]
[I 2023-12-15 13:25:53,816] Trial 46 finished with value: 1.1909103393554688 and parameters: {'gradient_clip_val': 0.18371355009611376, 'hidden_size': 47, 'dropout': 0.17302653859565847, 'hidden_continuous_size': 32, 'attention_head_size': 2, 'learning_rate': 0.0805210031642439}. Best is trial 21 with value: 0.11929621547460556.
LOCAL_RANK: 0 - CUDA_VISIBLE_DEVICES: [0]
[I 2023-12-15 13:26:47,112] Trial 47 finished with value: 2.666208505630493 and parameters: {'gradient_clip_val': 0.1655416960097368, 'hidden_size': 55, 'dropout': 0.11615413107137203, 'hidden_continuous_size': 29, 'attention_head_size': 4, 'learning_rate': 0.061224053263564726}. Best is trial 21 with value: 0.11929621547460556.
LOCAL_RANK: 0 - CUDA_VISIBLE_DEVICES: [0]
[I 2023-12-15 13:27:39,258] Trial 48 finished with value: 1.8470395803451538 and parameters: {'gradient_clip_val': 0.10932531102630554, 'hidden_size': 39, 'dropout': 0.1622946076991722, 'hidden_continuous_size': 21, 'attention_head_size': 3, 'learning_rate': 0.0884334771896126}. Best is trial 21 with value: 0.11929621547460556.
LOCAL_RANK: 0 - CUDA_VISIBLE_DEVICES: [0]
[I 2023-12-15 13:28:26,907] Trial 49 finished with value: 2.284844398498535 and parameters: {'gradient_clip_val': 0.20023216861830406, 'hidden_size': 24, 'dropout': 0.12335994366313516, 'hidden_continuous_size': 20, 'attention_head_size': 3, 'learning_rate': 0.09922004606691102}. Best is trial 21 with value: 0.11929621547460556.
[I 2023-12-15 13:28:27,011] A new study created in memory with name: no-name-09d5f955-171d-411c-8092-b38dba58c664
/home/le004/conda/anaconda3/envs/tsff_env/lib/python3.9/site-packages/lightning/fabric/plugins/environments/slurm.py:191: The `srun` command is available on your system but is not used. HINT: If your intention is to run Lightning on SLURM, prepend your python command with `srun` like so: srun python /home/le004/master_thesis/git/TSFusionForecast/code/ ...
LOCAL_RANK: 0 - CUDA_VISIBLE_DEVICES: [0]
[I 2023-12-15 13:29:14,885] Trial 0 finished with value: 2.8845643997192383 and parameters: {'gradient_clip_val': 0.22440032277922245, 'hidden_size': 22, 'dropout': 0.1185487004183991, 'hidden_continuous_size': 12, 'attention_head_size': 1, 'learning_rate': 0.0006502712639208819}. Best is trial 0 with value: 2.8845643997192383.
LOCAL_RANK: 0 - CUDA_VISIBLE_DEVICES: [0]
[I 2023-12-15 13:30:02,082] Trial 1 finished with value: 0.17639672756195068 and parameters: {'gradient_clip_val': 0.2503629030445711, 'hidden_size': 18, 'dropout': 0.3834005138327301, 'hidden_continuous_size': 14, 'attention_head_size': 1, 'learning_rate': 0.09413168980633796}. Best is trial 1 with value: 0.17639672756195068.
LOCAL_RANK: 0 - CUDA_VISIBLE_DEVICES: [0]
[I 2023-12-15 13:30:35,980] Trial 2 finished with value: 1.9698505401611328 and parameters: {'gradient_clip_val': 0.20737206997132995, 'hidden_size': 5, 'dropout': 0.13804006285229078, 'hidden_continuous_size': 5, 'attention_head_size': 3, 'learning_rate': 0.010140231930926315}. Best is trial 1 with value: 0.17639672756195068.
LOCAL_RANK: 0 - CUDA_VISIBLE_DEVICES: [0]
[I 2023-12-15 13:31:09,047] Trial 3 finished with value: 3.1757652759552 and parameters: {'gradient_clip_val': 0.5934636562328287, 'hidden_size': 8, 'dropout': 0.17670012160723594, 'hidden_continuous_size': 8, 'attention_head_size': 2, 'learning_rate': 0.0022071249662648424}. Best is trial 1 with value: 0.17639672756195068.
LOCAL_RANK: 0 - CUDA_VISIBLE_DEVICES: [0]
[I 2023-12-15 13:32:01,546] Trial 4 finished with value: 0.41089439392089844 and parameters: {'gradient_clip_val': 0.4741126311659698, 'hidden_size': 55, 'dropout': 0.3897304274179725, 'hidden_continuous_size': 15, 'attention_head_size': 2, 'learning_rate': 0.053790292389717984}. Best is trial 1 with value: 0.17639672756195068.
LOCAL_RANK: 0 - CUDA_VISIBLE_DEVICES: [0]
[I 2023-12-15 13:32:46,826] Trial 5 finished with value: 0.8665916323661804 and parameters: {'gradient_clip_val': 0.18400748205910744, 'hidden_size': 16, 'dropout': 0.25494727796898775, 'hidden_continuous_size': 11, 'attention_head_size': 3, 'learning_rate': 0.003415332868716509}. Best is trial 1 with value: 0.17639672756195068.
LOCAL_RANK: 0 - CUDA_VISIBLE_DEVICES: [0]
[I 2023-12-15 13:33:35,412] Trial 6 finished with value: 4.091017246246338 and parameters: {'gradient_clip_val': 0.5766283100495445, 'hidden_size': 21, 'dropout': 0.11596579145836143, 'hidden_continuous_size': 14, 'attention_head_size': 3, 'learning_rate': 0.006932397727420085}. Best is trial 1 with value: 0.17639672756195068.
LOCAL_RANK: 0 - CUDA_VISIBLE_DEVICES: [0]
[I 2023-12-15 13:34:23,707] Trial 7 finished with value: 3.9732983112335205 and parameters: {'gradient_clip_val': 0.45454035307262797, 'hidden_size': 34, 'dropout': 0.3771907635818794, 'hidden_continuous_size': 8, 'attention_head_size': 1, 'learning_rate': 0.010735386119020448}. Best is trial 1 with value: 0.17639672756195068.
LOCAL_RANK: 0 - CUDA_VISIBLE_DEVICES: [0]
[I 2023-12-15 13:35:07,647] Trial 8 finished with value: 5.014100551605225 and parameters: {'gradient_clip_val': 0.293354353092606, 'hidden_size': 7, 'dropout': 0.2869464481631284, 'hidden_continuous_size': 5, 'attention_head_size': 1, 'learning_rate': 0.011435869823406362}. Best is trial 1 with value: 0.17639672756195068.
LOCAL_RANK: 0 - CUDA_VISIBLE_DEVICES: [0]
[I 2023-12-15 13:36:03,125] Trial 9 finished with value: 0.7982609868049622 and parameters: {'gradient_clip_val': 0.132161708201132, 'hidden_size': 88, 'dropout': 0.29577977926054244, 'hidden_continuous_size': 81, 'attention_head_size': 1, 'learning_rate': 0.0009313641838794225}. Best is trial 1 with value: 0.17639672756195068.
LOCAL_RANK: 0 - CUDA_VISIBLE_DEVICES: [0]
[I 2023-12-15 13:36:48,467] Trial 10 finished with value: 1.3338578939437866 and parameters: {'gradient_clip_val': 0.9526572169245735, 'hidden_size': 11, 'dropout': 0.3411999791171224, 'hidden_continuous_size': 6, 'attention_head_size': 4, 'learning_rate': 0.08842461337833606}. Best is trial 1 with value: 0.17639672756195068.
LOCAL_RANK: 0 - CUDA_VISIBLE_DEVICES: [0]
[I 2023-12-15 13:37:40,341] Trial 11 finished with value: 0.07804500311613083 and parameters: {'gradient_clip_val': 0.3671530202731188, 'hidden_size': 41, 'dropout': 0.3952405638966841, 'hidden_continuous_size': 18, 'attention_head_size': 2, 'learning_rate': 0.07748852609840674}. Best is trial 11 with value: 0.07804500311613083.
LOCAL_RANK: 0 - CUDA_VISIBLE_DEVICES: [0]
[I 2023-12-15 13:38:30,845] Trial 12 finished with value: 1.7930222749710083 and parameters: {'gradient_clip_val': 0.325591270299175, 'hidden_size': 36, 'dropout': 0.3997799118213924, 'hidden_continuous_size': 21, 'attention_head_size': 2, 'learning_rate': 0.047089494937846796}. Best is trial 11 with value: 0.07804500311613083.
LOCAL_RANK: 0 - CUDA_VISIBLE_DEVICES: [0]
[I 2023-12-15 13:39:22,405] Trial 13 finished with value: 1.986325740814209 and parameters: {'gradient_clip_val': 0.10884409916363177, 'hidden_size': 35, 'dropout': 0.34168270987865823, 'hidden_continuous_size': 20, 'attention_head_size': 2, 'learning_rate': 0.03085034067976931}. Best is trial 11 with value: 0.07804500311613083.
LOCAL_RANK: 0 - CUDA_VISIBLE_DEVICES: [0]
[I 2023-12-15 13:40:07,446] Trial 14 finished with value: 1.1706095933914185 and parameters: {'gradient_clip_val': 0.28583392353108306, 'hidden_size': 14, 'dropout': 0.3505540966200982, 'hidden_continuous_size': 9, 'attention_head_size': 1, 'learning_rate': 0.09008404832557541}. Best is trial 11 with value: 0.07804500311613083.
LOCAL_RANK: 0 - CUDA_VISIBLE_DEVICES: [0]
[I 2023-12-15 13:40:55,048] Trial 15 finished with value: 0.49478960037231445 and parameters: {'gradient_clip_val': 0.15793115822955445, 'hidden_size': 24, 'dropout': 0.36146116820021235, 'hidden_continuous_size': 17, 'attention_head_size': 2, 'learning_rate': 0.024093655125183307}. Best is trial 11 with value: 0.07804500311613083.
LOCAL_RANK: 0 - CUDA_VISIBLE_DEVICES: [0]
[I 2023-12-15 13:41:47,615] Trial 16 finished with value: 0.08474210649728775 and parameters: {'gradient_clip_val': 0.24369268111965156, 'hidden_size': 52, 'dropout': 0.31177785055499757, 'hidden_continuous_size': 25, 'attention_head_size': 4, 'learning_rate': 0.09050962155418801}. Best is trial 11 with value: 0.07804500311613083.
LOCAL_RANK: 0 - CUDA_VISIBLE_DEVICES: [0]
[I 2023-12-15 13:42:41,308] Trial 17 finished with value: 1.6403831243515015 and parameters: {'gradient_clip_val': 0.33687346502440163, 'hidden_size': 61, 'dropout': 0.31055065952050986, 'hidden_continuous_size': 27, 'attention_head_size': 4, 'learning_rate': 0.023441694903522714}. Best is trial 11 with value: 0.07804500311613083.
LOCAL_RANK: 0 - CUDA_VISIBLE_DEVICES: [0]
[I 2023-12-15 13:43:37,639] Trial 18 finished with value: 0.15751826763153076 and parameters: {'gradient_clip_val': 0.14562960372913064, 'hidden_size': 98, 'dropout': 0.3201893444919743, 'hidden_continuous_size': 37, 'attention_head_size': 4, 'learning_rate': 0.04359668979280512}. Best is trial 11 with value: 0.07804500311613083.
LOCAL_RANK: 0 - CUDA_VISIBLE_DEVICES: [0]
[I 2023-12-15 13:44:30,703] Trial 19 finished with value: 0.10873699933290482 and parameters: {'gradient_clip_val': 0.1910374862329469, 'hidden_size': 51, 'dropout': 0.26756505151850474, 'hidden_continuous_size': 27, 'attention_head_size': 3, 'learning_rate': 0.02268483418448453}. Best is trial 11 with value: 0.07804500311613083.
LOCAL_RANK: 0 - CUDA_VISIBLE_DEVICES: [0]
[I 2023-12-15 13:45:25,549] Trial 20 finished with value: 0.0769062414765358 and parameters: {'gradient_clip_val': 0.24734138086298169, 'hidden_size': 74, 'dropout': 0.2276975441862964, 'hidden_continuous_size': 38, 'attention_head_size': 4, 'learning_rate': 0.057905394655655563}. Best is trial 20 with value: 0.0769062414765358.
LOCAL_RANK: 0 - CUDA_VISIBLE_DEVICES: [0]
[I 2023-12-15 13:46:20,281] Trial 21 finished with value: 0.14539436995983124 and parameters: {'gradient_clip_val': 0.24969424813477442, 'hidden_size': 71, 'dropout': 0.2274258378437819, 'hidden_continuous_size': 38, 'attention_head_size': 4, 'learning_rate': 0.05759238054028363}. Best is trial 20 with value: 0.0769062414765358.
LOCAL_RANK: 0 - CUDA_VISIBLE_DEVICES: [0]
[I 2023-12-15 13:47:14,514] Trial 22 finished with value: 0.29817819595336914 and parameters: {'gradient_clip_val': 0.37848392872829073, 'hidden_size': 73, 'dropout': 0.21536029921311764, 'hidden_continuous_size': 25, 'attention_head_size': 4, 'learning_rate': 0.06975218895010289}. Best is trial 20 with value: 0.0769062414765358.
LOCAL_RANK: 0 - CUDA_VISIBLE_DEVICES: [0]
[I 2023-12-15 13:48:06,885] Trial 23 finished with value: 0.686492919921875 and parameters: {'gradient_clip_val': 0.2508334378357262, 'hidden_size': 46, 'dropout': 0.32287772321353614, 'hidden_continuous_size': 19, 'attention_head_size': 3, 'learning_rate': 0.037573085446166284}. Best is trial 20 with value: 0.0769062414765358.
LOCAL_RANK: 0 - CUDA_VISIBLE_DEVICES: [0]
[I 2023-12-15 13:49:00,048] Trial 24 finished with value: 1.9345506429672241 and parameters: {'gradient_clip_val': 0.1927877248037283, 'hidden_size': 45, 'dropout': 0.27340950557043514, 'hidden_continuous_size': 33, 'attention_head_size': 4, 'learning_rate': 0.06632260438884247}. Best is trial 20 with value: 0.0769062414765358.
LOCAL_RANK: 0 - CUDA_VISIBLE_DEVICES: [0]
[I 2023-12-15 13:49:54,417] Trial 25 finished with value: 2.108081340789795 and parameters: {'gradient_clip_val': 0.370397547531418, 'hidden_size': 73, 'dropout': 0.23879816257751532, 'hidden_continuous_size': 48, 'attention_head_size': 3, 'learning_rate': 0.09993973156848568}. Best is trial 20 with value: 0.0769062414765358.
LOCAL_RANK: 0 - CUDA_VISIBLE_DEVICES: [0]
[I 2023-12-15 13:50:51,211] Trial 26 finished with value: 1.698266625404358 and parameters: {'gradient_clip_val': 0.2824802926107994, 'hidden_size': 98, 'dropout': 0.2980948541909515, 'hidden_continuous_size': 54, 'attention_head_size': 4, 'learning_rate': 0.03519073585152116}. Best is trial 20 with value: 0.0769062414765358.
LOCAL_RANK: 0 - CUDA_VISIBLE_DEVICES: [0]
