[I 2023-12-27 10:56:48,073] Trial 43 finished with value: 2.035729169845581 and parameters: {'gradient_clip_val': 0.34684072586382303, 'hidden_size': 38, 'dropout': 0.35872380694086314, 'hidden_continuous_size': 14, 'attention_head_size': 3, 'learning_rate': 0.0071529009501551276}. Best is trial 0 with value: 0.10696592181921005.
[I 2023-12-27 10:56:48,443] Trial 44 finished with value: 3.077702760696411 and parameters: {'gradient_clip_val': 0.30943905589811666, 'hidden_size': 17, 'dropout': 0.3421235758557598, 'hidden_continuous_size': 10, 'attention_head_size': 2, 'learning_rate': 0.0027520079947085407}. Best is trial 0 with value: 0.10696592181921005.
[I 2023-12-27 10:56:48,822] Trial 45 finished with value: 2.49114727973938 and parameters: {'gradient_clip_val': 0.5129016592862256, 'hidden_size': 23, 'dropout': 0.3018162711796095, 'hidden_continuous_size': 11, 'attention_head_size': 3, 'learning_rate': 0.0016302131366949446}. Best is trial 0 with value: 0.10696592181921005.
[I 2023-12-27 10:56:49,254] Trial 46 finished with value: 2.474796772003174 and parameters: {'gradient_clip_val': 0.14746366540582073, 'hidden_size': 70, 'dropout': 0.4043546794187733, 'hidden_continuous_size': 7, 'attention_head_size': 4, 'learning_rate': 0.0011769539299411017}. Best is trial 0 with value: 0.10696592181921005.
[I 2023-12-27 10:56:49,668] Trial 47 finished with value: 2.9386088848114014 and parameters: {'gradient_clip_val': 0.4267393941494821, 'hidden_size': 50, 'dropout': 0.25783474126852335, 'hidden_continuous_size': 6, 'attention_head_size': 1, 'learning_rate': 0.0033000462477694053}. Best is trial 0 with value: 0.10696592181921005.
[I 2023-12-27 10:56:50,082] Trial 48 finished with value: 2.2708561420440674 and parameters: {'gradient_clip_val': 0.353600726129383, 'hidden_size': 57, 'dropout': 0.36018484630432707, 'hidden_continuous_size': 16, 'attention_head_size': 3, 'learning_rate': 0.004185463603836469}. Best is trial 0 with value: 0.10696592181921005.
[I 2023-12-27 10:56:50,532] Trial 49 finished with value: 3.5538978576660156 and parameters: {'gradient_clip_val': 0.49367349901250995, 'hidden_size': 89, 'dropout': 0.32630674533830967, 'hidden_continuous_size': 5, 'attention_head_size': 2, 'learning_rate': 0.09120958256752378}. Best is trial 0 with value: 0.10696592181921005.
[I 2023-12-27 10:56:50,645] A new study created in memory with name: no-name-baaa4443-5b45-46ef-a053-aece5eb8bbc6
/home/le004/conda/anaconda3/envs/tsff_env/lib/python3.9/site-packages/lightning/fabric/plugins/environments/slurm.py:191: The `srun` command is available on your system but is not used. HINT: If your intention is to run Lightning on SLURM, prepend your python command with `srun` like so: srun python /home/le004/master_thesis/git/TSFusionForecast/code/ ...
[I 2023-12-27 10:57:58,939] Trial 0 finished with value: 0.09534144401550293 and parameters: {'gradient_clip_val': 0.5982969880204406, 'hidden_size': 150, 'dropout': 0.15361666080478284, 'hidden_continuous_size': 68, 'attention_head_size': 3, 'learning_rate': 0.019642155173457656}. Best is trial 0 with value: 0.09534144401550293.
[I 2023-12-27 10:58:05,916] Trial 1 finished with value: 2.84834361076355 and parameters: {'gradient_clip_val': 0.7795308547277525, 'hidden_size': 5, 'dropout': 0.2640963032763657, 'hidden_continuous_size': 5, 'attention_head_size': 4, 'learning_rate': 0.0037190027590913873}. Best is trial 0 with value: 0.09534144401550293.
[I 2023-12-27 10:58:06,390] Trial 2 finished with value: 2.831092119216919 and parameters: {'gradient_clip_val': 0.12004413041890813, 'hidden_size': 107, 'dropout': 0.10789656970916411, 'hidden_continuous_size': 19, 'attention_head_size': 2, 'learning_rate': 0.0019557329785644317}. Best is trial 0 with value: 0.09534144401550293.
[I 2023-12-27 10:58:06,749] Trial 3 finished with value: 2.831799268722534 and parameters: {'gradient_clip_val': 0.2649858835380831, 'hidden_size': 6, 'dropout': 0.4577425476501047, 'hidden_continuous_size': 5, 'attention_head_size': 1, 'learning_rate': 0.056025420174136385}. Best is trial 0 with value: 0.09534144401550293.
[I 2023-12-27 10:58:07,112] Trial 4 finished with value: 3.072596311569214 and parameters: {'gradient_clip_val': 0.9282796793937131, 'hidden_size': 27, 'dropout': 0.11065094167706496, 'hidden_continuous_size': 27, 'attention_head_size': 4, 'learning_rate': 0.0063781452470552625}. Best is trial 0 with value: 0.09534144401550293.
[I 2023-12-27 10:58:07,482] Trial 5 finished with value: 2.72709584236145 and parameters: {'gradient_clip_val': 0.10671512876033688, 'hidden_size': 13, 'dropout': 0.22039676608404757, 'hidden_continuous_size': 9, 'attention_head_size': 4, 'learning_rate': 0.001737347354631832}. Best is trial 0 with value: 0.09534144401550293.
[I 2023-12-27 10:58:07,819] Trial 6 finished with value: 3.2006404399871826 and parameters: {'gradient_clip_val': 0.3730405559075961, 'hidden_size': 8, 'dropout': 0.1604068338454949, 'hidden_continuous_size': 5, 'attention_head_size': 2, 'learning_rate': 0.0005119188630757851}. Best is trial 0 with value: 0.09534144401550293.
[I 2023-12-27 10:58:08,194] Trial 7 finished with value: 3.2664966583251953 and parameters: {'gradient_clip_val': 0.5166621021061016, 'hidden_size': 19, 'dropout': 0.47217726488911616, 'hidden_continuous_size': 18, 'attention_head_size': 3, 'learning_rate': 0.07963253638919554}. Best is trial 0 with value: 0.09534144401550293.
[I 2023-12-27 10:58:08,520] Trial 8 finished with value: 3.0345003604888916 and parameters: {'gradient_clip_val': 0.1068227029038269, 'hidden_size': 5, 'dropout': 0.14006413118223865, 'hidden_continuous_size': 5, 'attention_head_size': 4, 'learning_rate': 0.013233910834709615}. Best is trial 0 with value: 0.09534144401550293.
[I 2023-12-27 10:58:08,891] Trial 9 finished with value: 2.8333661556243896 and parameters: {'gradient_clip_val': 0.21698899237434918, 'hidden_size': 20, 'dropout': 0.3947141566741009, 'hidden_continuous_size': 15, 'attention_head_size': 4, 'learning_rate': 0.02615770694784145}. Best is trial 0 with value: 0.09534144401550293.
[I 2023-12-27 10:58:09,528] Trial 10 finished with value: 3.1884994506835938 and parameters: {'gradient_clip_val': 0.6071089948869183, 'hidden_size': 143, 'dropout': 0.3358313557052647, 'hidden_continuous_size': 72, 'attention_head_size': 3, 'learning_rate': 0.014192901570975885}. Best is trial 0 with value: 0.09534144401550293.
[I 2023-12-27 10:58:10,193] Trial 11 finished with value: 2.626875400543213 and parameters: {'gradient_clip_val': 0.1717068041807501, 'hidden_size': 62, 'dropout': 0.22114492462843294, 'hidden_continuous_size': 56, 'attention_head_size': 3, 'learning_rate': 0.0020265385040686627}. Best is trial 0 with value: 0.09534144401550293.
[I 2023-12-27 10:58:10,689] Trial 12 finished with value: 3.6995112895965576 and parameters: {'gradient_clip_val': 0.1931657057887598, 'hidden_size': 78, 'dropout': 0.19759277992964483, 'hidden_continuous_size': 72, 'attention_head_size': 3, 'learning_rate': 0.024717104697329538}. Best is trial 0 with value: 0.09534144401550293.
[I 2023-12-27 10:58:11,149] Trial 13 finished with value: 2.5982258319854736 and parameters: {'gradient_clip_val': 0.3818205693911057, 'hidden_size': 61, 'dropout': 0.23803981683850187, 'hidden_continuous_size': 41, 'attention_head_size': 2, 'learning_rate': 0.00564607714357888}. Best is trial 0 with value: 0.09534144401550293.
[I 2023-12-27 10:58:11,576] Trial 14 finished with value: 1.7854617834091187 and parameters: {'gradient_clip_val': 0.40203889731736353, 'hidden_size': 50, 'dropout': 0.28902512581442663, 'hidden_continuous_size': 37, 'attention_head_size': 1, 'learning_rate': 0.009329676794653003}. Best is trial 0 with value: 0.09534144401550293.
[I 2023-12-27 10:58:11,978] Trial 15 finished with value: 2.438946008682251 and parameters: {'gradient_clip_val': 0.49591768256503455, 'hidden_size': 38, 'dropout': 0.30201466724960413, 'hidden_continuous_size': 31, 'attention_head_size': 1, 'learning_rate': 0.01378983153540339}. Best is trial 0 with value: 0.09534144401550293.
[I 2023-12-27 10:58:12,391] Trial 16 finished with value: 3.3781893253326416 and parameters: {'gradient_clip_val': 0.6646257263851024, 'hidden_size': 44, 'dropout': 0.16913111821038582, 'hidden_continuous_size': 29, 'attention_head_size': 1, 'learning_rate': 0.03852457261980892}. Best is trial 0 with value: 0.09534144401550293.
[I 2023-12-27 10:58:13,073] Trial 17 finished with value: 2.4876370429992676 and parameters: {'gradient_clip_val': 0.41386756121483115, 'hidden_size': 135, 'dropout': 0.32376439048181554, 'hidden_continuous_size': 131, 'attention_head_size': 2, 'learning_rate': 0.010039737238229868}. Best is trial 0 with value: 0.09534144401550293.
[I 2023-12-27 10:58:13,552] Trial 18 finished with value: 2.525644063949585 and parameters: {'gradient_clip_val': 0.302507657106369, 'hidden_size': 92, 'dropout': 0.26752149906870276, 'hidden_continuous_size': 43, 'attention_head_size': 1, 'learning_rate': 0.027692998083258532}. Best is trial 0 with value: 0.09534144401550293.
[I 2023-12-27 10:58:14,051] Trial 19 finished with value: 3.5542571544647217 and parameters: {'gradient_clip_val': 0.9567668384581621, 'hidden_size': 102, 'dropout': 0.18704210095448104, 'hidden_continuous_size': 41, 'attention_head_size': 2, 'learning_rate': 0.06509915560942595}. Best is trial 0 with value: 0.09534144401550293.
[I 2023-12-27 10:58:14,475] Trial 20 finished with value: 3.03141188621521 and parameters: {'gradient_clip_val': 0.4884006747325081, 'hidden_size': 64, 'dropout': 0.36199936267755867, 'hidden_continuous_size': 25, 'attention_head_size': 3, 'learning_rate': 0.042976517425446836}. Best is trial 0 with value: 0.09534144401550293.
[I 2023-12-27 10:58:14,906] Trial 21 finished with value: 2.538137197494507 and parameters: {'gradient_clip_val': 0.5034403479115375, 'hidden_size': 42, 'dropout': 0.27973645682649934, 'hidden_continuous_size': 22, 'attention_head_size': 1, 'learning_rate': 0.01627884753705758}. Best is trial 0 with value: 0.09534144401550293.
[I 2023-12-27 10:58:15,304] Trial 22 finished with value: 2.2480661869049072 and parameters: {'gradient_clip_val': 0.6408897467834702, 'hidden_size': 39, 'dropout': 0.30143663457184533, 'hidden_continuous_size': 12, 'attention_head_size': 1, 'learning_rate': 0.009982804980500882}. Best is trial 0 with value: 0.09534144401550293.
[I 2023-12-27 10:58:15,683] Trial 23 finished with value: 2.5131266117095947 and parameters: {'gradient_clip_val': 0.7189046040617044, 'hidden_size': 33, 'dropout': 0.24328581797476845, 'hidden_continuous_size': 12, 'attention_head_size': 1, 'learning_rate': 0.00888812336194526}. Best is trial 0 with value: 0.09534144401550293.
[I 2023-12-27 10:58:16,299] Trial 24 finished with value: 2.7982990741729736 and parameters: {'gradient_clip_val': 0.5791577157134845, 'hidden_size': 48, 'dropout': 0.29772366299550784, 'hidden_continuous_size': 11, 'attention_head_size': 2, 'learning_rate': 0.018451133516839007}. Best is trial 0 with value: 0.09534144401550293.
[I 2023-12-27 10:58:16,939] Trial 25 finished with value: 2.7650554180145264 and parameters: {'gradient_clip_val': 0.7865947068730574, 'hidden_size': 148, 'dropout': 0.20338287911420125, 'hidden_continuous_size': 103, 'attention_head_size': 1, 'learning_rate': 0.00966550527363087}. Best is trial 0 with value: 0.09534144401550293.
[I 2023-12-27 10:58:17,352] Trial 26 finished with value: 2.857313871383667 and parameters: {'gradient_clip_val': 0.4240538294774598, 'hidden_size': 52, 'dropout': 0.25038716477843903, 'hidden_continuous_size': 32, 'attention_head_size': 2, 'learning_rate': 0.09286546049176259}. Best is trial 0 with value: 0.09534144401550293.
[I 2023-12-27 10:58:17,825] Trial 27 finished with value: 2.755704164505005 and parameters: {'gradient_clip_val': 0.6008217880452257, 'hidden_size': 77, 'dropout': 0.14880671052237712, 'hidden_continuous_size': 41, 'attention_head_size': 3, 'learning_rate': 0.01938119405865337}. Best is trial 0 with value: 0.09534144401550293.
[I 2023-12-27 10:58:18,216] Trial 28 finished with value: 2.952240228652954 and parameters: {'gradient_clip_val': 0.34165666976392917, 'hidden_size': 33, 'dropout': 0.28916530208410585, 'hidden_continuous_size': 16, 'attention_head_size': 1, 'learning_rate': 0.005627928270255293}. Best is trial 0 with value: 0.09534144401550293.
[I 2023-12-27 10:58:18,762] Trial 29 finished with value: 3.0449907779693604 and parameters: {'gradient_clip_val': 0.7740482849167105, 'hidden_size': 117, 'dropout': 0.2649025511112743, 'hidden_continuous_size': 55, 'attention_head_size': 2, 'learning_rate': 0.004374691014007145}. Best is trial 0 with value: 0.09534144401550293.
[I 2023-12-27 10:58:19,206] Trial 30 finished with value: 3.2074363231658936 and parameters: {'gradient_clip_val': 0.42218471564442167, 'hidden_size': 80, 'dropout': 0.2291672961380351, 'hidden_continuous_size': 24, 'attention_head_size': 1, 'learning_rate': 0.007900873395851856}. Best is trial 0 with value: 0.09534144401550293.
[I 2023-12-27 10:58:19,603] Trial 31 finished with value: 2.9833991527557373 and parameters: {'gradient_clip_val': 0.4860936039028456, 'hidden_size': 39, 'dropout': 0.31227141002892367, 'hidden_continuous_size': 21, 'attention_head_size': 1, 'learning_rate': 0.013724388162984703}. Best is trial 0 with value: 0.09534144401550293.
[I 2023-12-27 10:58:20,035] Trial 32 finished with value: 2.3240978717803955 and parameters: {'gradient_clip_val': 0.6649486924038687, 'hidden_size': 58, 'dropout': 0.29714428395211934, 'hidden_continuous_size': 32, 'attention_head_size': 1, 'learning_rate': 0.01112546921883589}. Best is trial 0 with value: 0.09534144401550293.
[I 2023-12-27 10:58:20,467] Trial 33 finished with value: 2.072622776031494 and parameters: {'gradient_clip_val': 0.6816486653056493, 'hidden_size': 55, 'dropout': 0.345170872013863, 'hidden_continuous_size': 32, 'attention_head_size': 1, 'learning_rate': 0.009840294325542514}. Best is trial 0 with value: 0.09534144401550293.
[I 2023-12-27 10:58:20,941] Trial 34 finished with value: 3.3133132457733154 and parameters: {'gradient_clip_val': 0.8346934868095914, 'hidden_size': 86, 'dropout': 0.3613420303096613, 'hidden_continuous_size': 36, 'attention_head_size': 1, 'learning_rate': 0.007580748021629879}. Best is trial 0 with value: 0.09534144401550293.
[I 2023-12-27 10:58:21,358] Trial 35 finished with value: 2.8813865184783936 and parameters: {'gradient_clip_val': 0.6847494244385166, 'hidden_size': 50, 'dropout': 0.2559763953241011, 'hidden_continuous_size': 22, 'attention_head_size': 2, 'learning_rate': 0.02116030367813199}. Best is trial 0 with value: 0.09534144401550293.
[I 2023-12-27 10:58:21,871] Trial 36 finished with value: 3.2916643619537354 and parameters: {'gradient_clip_val': 0.9228113929755147, 'hidden_size': 113, 'dropout': 0.4128493774537993, 'hidden_continuous_size': 27, 'attention_head_size': 1, 'learning_rate': 0.011294721158459172}. Best is trial 0 with value: 0.09534144401550293.
[I 2023-12-27 10:58:22,261] Trial 37 finished with value: 2.0910069942474365 and parameters: {'gradient_clip_val': 0.5651818241469606, 'hidden_size': 27, 'dropout': 0.3440186345326328, 'hidden_continuous_size': 20, 'attention_head_size': 2, 'learning_rate': 0.006638364347513176}. Best is trial 0 with value: 0.09534144401550293.
[I 2023-12-27 10:58:22,884] Trial 38 finished with value: 2.7758700847625732 and parameters: {'gradient_clip_val': 0.5588349761518543, 'hidden_size': 26, 'dropout': 0.33978790709451706, 'hidden_continuous_size': 19, 'attention_head_size': 3, 'learning_rate': 0.00386172719746231}. Best is trial 0 with value: 0.09534144401550293.
[I 2023-12-27 10:58:23,332] Trial 39 finished with value: 2.6240487098693848 and parameters: {'gradient_clip_val': 0.5422083931833308, 'hidden_size': 68, 'dropout': 0.10268634196040757, 'hidden_continuous_size': 26, 'attention_head_size': 2, 'learning_rate': 0.0067122045302572065}. Best is trial 0 with value: 0.09534144401550293.
[I 2023-12-27 10:58:23,842] Trial 40 finished with value: 3.017385721206665 and parameters: {'gradient_clip_val': 0.4478997963986736, 'hidden_size': 95, 'dropout': 0.4351281594990627, 'hidden_continuous_size': 35, 'attention_head_size': 4, 'learning_rate': 0.0030015560441419586}. Best is trial 0 with value: 0.09534144401550293.
[I 2023-12-27 10:58:24,276] Trial 41 finished with value: 2.5827841758728027 and parameters: {'gradient_clip_val': 0.6259092747445084, 'hidden_size': 50, 'dropout': 0.12278158795027205, 'hidden_continuous_size': 28, 'attention_head_size': 1, 'learning_rate': 0.008311697650598538}. Best is trial 0 with value: 0.09534144401550293.
[I 2023-12-27 10:58:24,671] Trial 42 finished with value: 3.1894969940185547 and parameters: {'gradient_clip_val': 0.5502032943728012, 'hidden_size': 26, 'dropout': 0.35940548330375416, 'hidden_continuous_size': 19, 'attention_head_size': 3, 'learning_rate': 0.0058120417288871394}. Best is trial 0 with value: 0.09534144401550293.
[I 2023-12-27 10:58:25,063] Trial 43 finished with value: 2.6508522033691406 and parameters: {'gradient_clip_val': 0.7395707860679406, 'hidden_size': 34, 'dropout': 0.3256381331303627, 'hidden_continuous_size': 24, 'attention_head_size': 1, 'learning_rate': 0.011073961110567713}. Best is trial 0 with value: 0.09534144401550293.
[I 2023-12-27 10:58:25,444] Trial 44 finished with value: 2.378950357437134 and parameters: {'gradient_clip_val': 0.6264682474830485, 'hidden_size': 20, 'dropout': 0.27701609298510965, 'hidden_continuous_size': 15, 'attention_head_size': 2, 'learning_rate': 0.015205248607265564}. Best is trial 0 with value: 0.09534144401550293.
[I 2023-12-27 10:58:25,883] Trial 45 finished with value: 2.743938446044922 and parameters: {'gradient_clip_val': 0.46094572655915367, 'hidden_size': 67, 'dropout': 0.3881068695823317, 'hidden_continuous_size': 16, 'attention_head_size': 3, 'learning_rate': 0.007177938026035795}. Best is trial 0 with value: 0.09534144401550293.
[I 2023-12-27 10:58:26,300] Trial 46 finished with value: 2.6517975330352783 and parameters: {'gradient_clip_val': 0.8481760448791207, 'hidden_size': 55, 'dropout': 0.3103335100795879, 'hidden_continuous_size': 18, 'attention_head_size': 2, 'learning_rate': 0.004843677358352962}. Best is trial 0 with value: 0.09534144401550293.
[I 2023-12-27 10:58:26,709] Trial 47 finished with value: 2.7117364406585693 and parameters: {'gradient_clip_val': 0.7006180473171787, 'hidden_size': 44, 'dropout': 0.33886936196594514, 'hidden_continuous_size': 13, 'attention_head_size': 1, 'learning_rate': 0.012028757262842565}. Best is trial 0 with value: 0.09534144401550293.
[I 2023-12-27 10:58:27,116] Trial 48 finished with value: 3.315035581588745 and parameters: {'gradient_clip_val': 0.5466431182280704, 'hidden_size': 29, 'dropout': 0.2200734077506409, 'hidden_continuous_size': 21, 'attention_head_size': 3, 'learning_rate': 0.016752693822514847}. Best is trial 0 with value: 0.09534144401550293.
[I 2023-12-27 10:58:27,630] Trial 49 finished with value: 2.2267158031463623 and parameters: {'gradient_clip_val': 0.3742666051758793, 'hidden_size': 122, 'dropout': 0.2888346009841025, 'hidden_continuous_size': 10, 'attention_head_size': 4, 'learning_rate': 0.009175331407093194}. Best is trial 0 with value: 0.09534144401550293.
[I 2023-12-27 10:58:27,745] A new study created in memory with name: no-name-81ce2ae2-0a3b-49ed-b3ea-5b4d397c5c02
/home/le004/conda/anaconda3/envs/tsff_env/lib/python3.9/site-packages/lightning/fabric/plugins/environments/slurm.py:191: The `srun` command is available on your system but is not used. HINT: If your intention is to run Lightning on SLURM, prepend your python command with `srun` like so: srun python /home/le004/master_thesis/git/TSFusionForecast/code/ ...
[I 2023-12-27 10:58:59,752] Trial 0 finished with value: 1.0331523418426514 and parameters: {'gradient_clip_val': 0.6724296998246959, 'hidden_size': 18, 'dropout': 0.32714931114607204, 'hidden_continuous_size': 6, 'attention_head_size': 4, 'learning_rate': 0.0015592758839058833}. Best is trial 0 with value: 1.0331523418426514.
[I 2023-12-27 10:59:32,842] Trial 1 finished with value: 0.1433563381433487 and parameters: {'gradient_clip_val': 0.8253220624457142, 'hidden_size': 28, 'dropout': 0.33879608031536723, 'hidden_continuous_size': 14, 'attention_head_size': 3, 'learning_rate': 0.025565115544459584}. Best is trial 1 with value: 0.1433563381433487.
[I 2023-12-27 10:59:33,206] Trial 2 finished with value: 3.420147657394409 and parameters: {'gradient_clip_val': 0.25181785301613735, 'hidden_size': 31, 'dropout': 0.2301442916246416, 'hidden_continuous_size': 5, 'attention_head_size': 1, 'learning_rate': 0.00909043033366291}. Best is trial 1 with value: 0.1433563381433487.
[I 2023-12-27 10:59:33,558] Trial 3 finished with value: 3.581319570541382 and parameters: {'gradient_clip_val': 0.1172202283893672, 'hidden_size': 25, 'dropout': 0.37447604124881617, 'hidden_continuous_size': 20, 'attention_head_size': 1, 'learning_rate': 0.0007949763388492625}. Best is trial 1 with value: 0.1433563381433487.
[I 2023-12-27 10:59:33,904] Trial 4 finished with value: 2.4130403995513916 and parameters: {'gradient_clip_val': 0.7255519021708875, 'hidden_size': 14, 'dropout': 0.39820501378134254, 'hidden_continuous_size': 7, 'attention_head_size': 1, 'learning_rate': 0.0006596340509195269}. Best is trial 1 with value: 0.1433563381433487.
[I 2023-12-27 10:59:34,322] Trial 5 finished with value: 3.447718381881714 and parameters: {'gradient_clip_val': 0.25536645480635534, 'hidden_size': 74, 'dropout': 0.27253552564947003, 'hidden_continuous_size': 5, 'attention_head_size': 1, 'learning_rate': 0.04564574463417028}. Best is trial 1 with value: 0.1433563381433487.
