[I 2023-12-27 11:25:59,107] Trial 22 finished with value: 69.90886688232422 and parameters: {'gradient_clip_val': 0.2952055825967497, 'hidden_size': 36, 'dropout': 0.48106271605792544, 'hidden_continuous_size': 11, 'attention_head_size': 3, 'learning_rate': 0.003400184444333587}. Best is trial 1 with value: 7.0146260261535645.
LOCAL_RANK: 0 - CUDA_VISIBLE_DEVICES: [0]
[I 2023-12-27 11:25:59,534] Trial 23 finished with value: 67.47205352783203 and parameters: {'gradient_clip_val': 0.5096390350557738, 'hidden_size': 5, 'dropout': 0.4468800380488408, 'hidden_continuous_size': 5, 'attention_head_size': 3, 'learning_rate': 0.012936944689007546}. Best is trial 1 with value: 7.0146260261535645.
LOCAL_RANK: 0 - CUDA_VISIBLE_DEVICES: [0]
[I 2023-12-27 11:26:00,051] Trial 24 finished with value: 59.7260856628418 and parameters: {'gradient_clip_val': 0.3208865040674554, 'hidden_size': 104, 'dropout': 0.4973218448656127, 'hidden_continuous_size': 33, 'attention_head_size': 2, 'learning_rate': 0.005807162114270991}. Best is trial 1 with value: 7.0146260261535645.
LOCAL_RANK: 0 - CUDA_VISIBLE_DEVICES: [0]
[I 2023-12-27 11:26:00,525] Trial 25 finished with value: 76.55176544189453 and parameters: {'gradient_clip_val': 0.2299469622136904, 'hidden_size': 56, 'dropout': 0.3819449609004435, 'hidden_continuous_size': 19, 'attention_head_size': 3, 'learning_rate': 0.002704335021037197}. Best is trial 1 with value: 7.0146260261535645.
LOCAL_RANK: 0 - CUDA_VISIBLE_DEVICES: [0]
[I 2023-12-27 11:26:01,021] Trial 26 finished with value: 51.71870803833008 and parameters: {'gradient_clip_val': 0.18599407264327197, 'hidden_size': 35, 'dropout': 0.4508981828609568, 'hidden_continuous_size': 11, 'attention_head_size': 4, 'learning_rate': 0.0008360250249229569}. Best is trial 1 with value: 7.0146260261535645.
LOCAL_RANK: 0 - CUDA_VISIBLE_DEVICES: [0]
[I 2023-12-27 11:26:01,481] Trial 27 finished with value: 47.25492858886719 and parameters: {'gradient_clip_val': 0.11972317506321245, 'hidden_size': 18, 'dropout': 0.4659918455748119, 'hidden_continuous_size': 6, 'attention_head_size': 3, 'learning_rate': 0.0015847067374326871}. Best is trial 1 with value: 7.0146260261535645.
LOCAL_RANK: 0 - CUDA_VISIBLE_DEVICES: [0]
[I 2023-12-27 11:26:01,989] Trial 28 finished with value: 66.54287719726562 and parameters: {'gradient_clip_val': 0.13688169119357776, 'hidden_size': 58, 'dropout': 0.4196246326939241, 'hidden_continuous_size': 22, 'attention_head_size': 2, 'learning_rate': 0.0018294829520749789}. Best is trial 1 with value: 7.0146260261535645.
LOCAL_RANK: 0 - CUDA_VISIBLE_DEVICES: [0]
[I 2023-12-27 11:26:02,518] Trial 29 finished with value: 69.99977111816406 and parameters: {'gradient_clip_val': 0.33757512210921353, 'hidden_size': 47, 'dropout': 0.3930433824491242, 'hidden_continuous_size': 16, 'attention_head_size': 1, 'learning_rate': 0.004284352274599477}. Best is trial 1 with value: 7.0146260261535645.
LOCAL_RANK: 0 - CUDA_VISIBLE_DEVICES: [0]
[I 2023-12-27 11:26:03,049] Trial 30 finished with value: 71.36111450195312 and parameters: {'gradient_clip_val': 0.172735918849323, 'hidden_size': 83, 'dropout': 0.33992787971746213, 'hidden_continuous_size': 31, 'attention_head_size': 4, 'learning_rate': 0.002420684763055629}. Best is trial 1 with value: 7.0146260261535645.
LOCAL_RANK: 0 - CUDA_VISIBLE_DEVICES: [0]
[I 2023-12-27 11:26:03,545] Trial 31 finished with value: 63.76529312133789 and parameters: {'gradient_clip_val': 0.12041364574740501, 'hidden_size': 17, 'dropout': 0.46779740023710986, 'hidden_continuous_size': 6, 'attention_head_size': 3, 'learning_rate': 0.0013749028823231344}. Best is trial 1 with value: 7.0146260261535645.
LOCAL_RANK: 0 - CUDA_VISIBLE_DEVICES: [0]
[I 2023-12-27 11:26:04,031] Trial 32 finished with value: 67.7837905883789 and parameters: {'gradient_clip_val': 0.11800428081830724, 'hidden_size': 7, 'dropout': 0.4373535775532079, 'hidden_continuous_size': 6, 'attention_head_size': 3, 'learning_rate': 0.0007609445979456744}. Best is trial 1 with value: 7.0146260261535645.
LOCAL_RANK: 0 - CUDA_VISIBLE_DEVICES: [0]
[I 2023-12-27 11:26:04,792] Trial 33 finished with value: 54.5029296875 and parameters: {'gradient_clip_val': 0.15580881621179923, 'hidden_size': 16, 'dropout': 0.4628285431496693, 'hidden_continuous_size': 7, 'attention_head_size': 3, 'learning_rate': 0.0016398362443082795}. Best is trial 1 with value: 7.0146260261535645.
LOCAL_RANK: 0 - CUDA_VISIBLE_DEVICES: [0]
[I 2023-12-27 11:26:05,285] Trial 34 finished with value: 57.14023971557617 and parameters: {'gradient_clip_val': 0.11346410952068249, 'hidden_size': 12, 'dropout': 0.47955241054932246, 'hidden_continuous_size': 8, 'attention_head_size': 3, 'learning_rate': 0.002912302300581141}. Best is trial 1 with value: 7.0146260261535645.
LOCAL_RANK: 0 - CUDA_VISIBLE_DEVICES: [0]
[I 2023-12-27 11:26:05,743] Trial 35 finished with value: 62.40964889526367 and parameters: {'gradient_clip_val': 0.4051114002026033, 'hidden_size': 6, 'dropout': 0.3631057106319476, 'hidden_continuous_size': 5, 'attention_head_size': 4, 'learning_rate': 0.006625200628035933}. Best is trial 1 with value: 7.0146260261535645.
LOCAL_RANK: 0 - CUDA_VISIBLE_DEVICES: [0]
[I 2023-12-27 11:26:06,230] Trial 36 finished with value: 77.8098373413086 and parameters: {'gradient_clip_val': 0.20107158295972077, 'hidden_size': 8, 'dropout': 0.4375188430194845, 'hidden_continuous_size': 6, 'attention_head_size': 2, 'learning_rate': 0.0019926172125806518}. Best is trial 1 with value: 7.0146260261535645.
LOCAL_RANK: 0 - CUDA_VISIBLE_DEVICES: [0]
[I 2023-12-27 11:26:06,644] Trial 37 finished with value: 72.27289581298828 and parameters: {'gradient_clip_val': 0.1054570025469047, 'hidden_size': 5, 'dropout': 0.3905158404637387, 'hidden_continuous_size': 5, 'attention_head_size': 3, 'learning_rate': 0.01927775624053597}. Best is trial 1 with value: 7.0146260261535645.
LOCAL_RANK: 0 - CUDA_VISIBLE_DEVICES: [0]
[I 2023-12-27 11:26:07,151] Trial 38 finished with value: 71.78060150146484 and parameters: {'gradient_clip_val': 0.36397767359257077, 'hidden_size': 20, 'dropout': 0.3739784475340214, 'hidden_continuous_size': 12, 'attention_head_size': 4, 'learning_rate': 0.001184615774863541}. Best is trial 1 with value: 7.0146260261535645.
LOCAL_RANK: 0 - CUDA_VISIBLE_DEVICES: [0]
[I 2023-12-27 11:26:07,634] Trial 39 finished with value: 61.35734558105469 and parameters: {'gradient_clip_val': 0.13039228066869726, 'hidden_size': 11, 'dropout': 0.42926930192894375, 'hidden_continuous_size': 9, 'attention_head_size': 1, 'learning_rate': 0.0037217312862911646}. Best is trial 1 with value: 7.0146260261535645.
LOCAL_RANK: 0 - CUDA_VISIBLE_DEVICES: [0]
[I 2023-12-27 11:26:08,121] Trial 40 finished with value: 66.58797454833984 and parameters: {'gradient_clip_val': 0.15553644016821205, 'hidden_size': 13, 'dropout': 0.49988402368294726, 'hidden_continuous_size': 7, 'attention_head_size': 2, 'learning_rate': 0.0022032726372749325}. Best is trial 1 with value: 7.0146260261535645.
LOCAL_RANK: 0 - CUDA_VISIBLE_DEVICES: [0]
[I 2023-12-27 11:26:08,621] Trial 41 finished with value: 73.65599822998047 and parameters: {'gradient_clip_val': 0.2009631289492849, 'hidden_size': 41, 'dropout': 0.2842787265370021, 'hidden_continuous_size': 14, 'attention_head_size': 3, 'learning_rate': 0.004035081045853487}. Best is trial 1 with value: 7.0146260261535645.
LOCAL_RANK: 0 - CUDA_VISIBLE_DEVICES: [0]
[I 2023-12-27 11:26:09,126] Trial 42 finished with value: 65.9375 and parameters: {'gradient_clip_val': 0.10074149112308997, 'hidden_size': 32, 'dropout': 0.45730061925175214, 'hidden_continuous_size': 15, 'attention_head_size': 3, 'learning_rate': 0.002982204036002703}. Best is trial 1 with value: 7.0146260261535645.
LOCAL_RANK: 0 - CUDA_VISIBLE_DEVICES: [0]
[I 2023-12-27 11:26:09,638] Trial 43 finished with value: 50.02034378051758 and parameters: {'gradient_clip_val': 0.24829504132823962, 'hidden_size': 50, 'dropout': 0.26489128864971623, 'hidden_continuous_size': 24, 'attention_head_size': 3, 'learning_rate': 0.0014304540955893063}. Best is trial 1 with value: 7.0146260261535645.
LOCAL_RANK: 0 - CUDA_VISIBLE_DEVICES: [0]
[I 2023-12-27 11:26:10,141] Trial 44 finished with value: 53.9945068359375 and parameters: {'gradient_clip_val': 0.1676715382993689, 'hidden_size': 43, 'dropout': 0.2194257253879361, 'hidden_continuous_size': 18, 'attention_head_size': 3, 'learning_rate': 0.00443954939961719}. Best is trial 1 with value: 7.0146260261535645.
LOCAL_RANK: 0 - CUDA_VISIBLE_DEVICES: [0]
[I 2023-12-27 11:26:10,636] Trial 45 finished with value: 57.718536376953125 and parameters: {'gradient_clip_val': 0.12338637274396645, 'hidden_size': 29, 'dropout': 0.29182081323214726, 'hidden_continuous_size': 13, 'attention_head_size': 3, 'learning_rate': 0.0032892009799168915}. Best is trial 1 with value: 7.0146260261535645.
LOCAL_RANK: 0 - CUDA_VISIBLE_DEVICES: [0]
[I 2023-12-27 11:26:11,424] Trial 46 finished with value: 63.897613525390625 and parameters: {'gradient_clip_val': 0.11241597445479574, 'hidden_size': 9, 'dropout': 0.3091049706843375, 'hidden_continuous_size': 8, 'attention_head_size': 4, 'learning_rate': 0.0020677849658508906}. Best is trial 1 with value: 7.0146260261535645.
LOCAL_RANK: 0 - CUDA_VISIBLE_DEVICES: [0]
[I 2023-12-27 11:26:11,921] Trial 47 finished with value: 85.64473724365234 and parameters: {'gradient_clip_val': 0.2644060619104981, 'hidden_size': 39, 'dropout': 0.348604855101982, 'hidden_continuous_size': 20, 'attention_head_size': 3, 'learning_rate': 0.0025822108927568855}. Best is trial 1 with value: 7.0146260261535645.
LOCAL_RANK: 0 - CUDA_VISIBLE_DEVICES: [0]
[I 2023-12-27 11:26:12,414] Trial 48 finished with value: 75.72044372558594 and parameters: {'gradient_clip_val': 0.1522504864696694, 'hidden_size': 22, 'dropout': 0.27722868383674276, 'hidden_continuous_size': 16, 'attention_head_size': 2, 'learning_rate': 0.0010155224641569453}. Best is trial 1 with value: 7.0146260261535645.
LOCAL_RANK: 0 - CUDA_VISIBLE_DEVICES: [0]
[I 2023-12-27 11:26:12,891] Trial 49 finished with value: 66.23102569580078 and parameters: {'gradient_clip_val': 0.223174072341241, 'hidden_size': 29, 'dropout': 0.4012904292350121, 'hidden_continuous_size': 22, 'attention_head_size': 4, 'learning_rate': 0.0016917875831967567}. Best is trial 1 with value: 7.0146260261535645.
[I 2023-12-27 11:26:13,022] A new study created in memory with name: no-name-8e949d64-f16a-4612-990c-3ac2930cb1ec
/home/le004/conda/anaconda3/envs/tsff_env/lib/python3.9/site-packages/lightning/fabric/plugins/environments/slurm.py:191: The `srun` command is available on your system but is not used. HINT: If your intention is to run Lightning on SLURM, prepend your python command with `srun` like so: srun python /home/le004/master_thesis/git/TSFusionForecast/code/ ...
LOCAL_RANK: 0 - CUDA_VISIBLE_DEVICES: [0]
[I 2023-12-27 11:26:38,404] Trial 0 finished with value: 10.555022239685059 and parameters: {'gradient_clip_val': 0.22275476820030352, 'hidden_size': 33, 'dropout': 0.396630755551282, 'hidden_continuous_size': 5, 'attention_head_size': 4, 'learning_rate': 0.009014144578854992}. Best is trial 0 with value: 10.555022239685059.
LOCAL_RANK: 0 - CUDA_VISIBLE_DEVICES: [0]
[I 2023-12-27 11:26:38,826] Trial 1 finished with value: 33.864898681640625 and parameters: {'gradient_clip_val': 0.15436087232403733, 'hidden_size': 50, 'dropout': 0.19827021836979897, 'hidden_continuous_size': 13, 'attention_head_size': 3, 'learning_rate': 0.005625484852181457}. Best is trial 0 with value: 10.555022239685059.
LOCAL_RANK: 0 - CUDA_VISIBLE_DEVICES: [0]
[I 2023-12-27 11:26:39,282] Trial 2 finished with value: 26.985733032226562 and parameters: {'gradient_clip_val': 0.3842617802507692, 'hidden_size': 49, 'dropout': 0.40375566649078687, 'hidden_continuous_size': 10, 'attention_head_size': 1, 'learning_rate': 0.0026441886432137535}. Best is trial 0 with value: 10.555022239685059.
LOCAL_RANK: 0 - CUDA_VISIBLE_DEVICES: [0]
[I 2023-12-27 11:26:39,741] Trial 3 finished with value: 38.69172286987305 and parameters: {'gradient_clip_val': 0.326512644255294, 'hidden_size': 87, 'dropout': 0.3745814083762272, 'hidden_continuous_size': 18, 'attention_head_size': 1, 'learning_rate': 0.008952638250020661}. Best is trial 0 with value: 10.555022239685059.
LOCAL_RANK: 0 - CUDA_VISIBLE_DEVICES: [0]
[I 2023-12-27 11:26:40,154] Trial 4 finished with value: 28.58945655822754 and parameters: {'gradient_clip_val': 0.11945877367479624, 'hidden_size': 8, 'dropout': 0.2867248995318261, 'hidden_continuous_size': 5, 'attention_head_size': 2, 'learning_rate': 0.029217768395342965}. Best is trial 0 with value: 10.555022239685059.
LOCAL_RANK: 0 - CUDA_VISIBLE_DEVICES: [0]
[I 2023-12-27 11:26:40,622] Trial 5 finished with value: 37.30146408081055 and parameters: {'gradient_clip_val': 0.20774135157746426, 'hidden_size': 83, 'dropout': 0.1994693916279493, 'hidden_continuous_size': 72, 'attention_head_size': 3, 'learning_rate': 0.004441912743133284}. Best is trial 0 with value: 10.555022239685059.
LOCAL_RANK: 0 - CUDA_VISIBLE_DEVICES: [0]
[I 2023-12-27 11:26:41,053] Trial 6 finished with value: 36.8071174621582 and parameters: {'gradient_clip_val': 0.9237152277490803, 'hidden_size': 8, 'dropout': 0.332362812092835, 'hidden_continuous_size': 5, 'attention_head_size': 4, 'learning_rate': 0.011828226645594079}. Best is trial 0 with value: 10.555022239685059.
LOCAL_RANK: 0 - CUDA_VISIBLE_DEVICES: [0]
[I 2023-12-27 11:26:41,506] Trial 7 finished with value: 41.98088836669922 and parameters: {'gradient_clip_val': 0.11500774445483956, 'hidden_size': 19, 'dropout': 0.38043100275141706, 'hidden_continuous_size': 8, 'attention_head_size': 2, 'learning_rate': 0.008215093747056472}. Best is trial 0 with value: 10.555022239685059.
LOCAL_RANK: 0 - CUDA_VISIBLE_DEVICES: [0]
[I 2023-12-27 11:26:42,193] Trial 8 finished with value: 30.05790138244629 and parameters: {'gradient_clip_val': 0.4071668584073415, 'hidden_size': 7, 'dropout': 0.460824573363357, 'hidden_continuous_size': 5, 'attention_head_size': 3, 'learning_rate': 0.02625419950969067}. Best is trial 0 with value: 10.555022239685059.
LOCAL_RANK: 0 - CUDA_VISIBLE_DEVICES: [0]
[I 2023-12-27 11:26:42,608] Trial 9 finished with value: 48.40736770629883 and parameters: {'gradient_clip_val': 0.9712606708674236, 'hidden_size': 8, 'dropout': 0.1840189323585147, 'hidden_continuous_size': 7, 'attention_head_size': 4, 'learning_rate': 0.0007514305483787622}. Best is trial 0 with value: 10.555022239685059.
LOCAL_RANK: 0 - CUDA_VISIBLE_DEVICES: [0]
[I 2023-12-27 11:26:43,139] Trial 10 finished with value: 35.80616760253906 and parameters: {'gradient_clip_val': 0.21627358846216813, 'hidden_size': 135, 'dropout': 0.4927372404727759, 'hidden_continuous_size': 40, 'attention_head_size': 4, 'learning_rate': 0.08857769611824265}. Best is trial 0 with value: 10.555022239685059.
LOCAL_RANK: 0 - CUDA_VISIBLE_DEVICES: [0]
[I 2023-12-27 11:26:43,611] Trial 11 finished with value: 30.26104164123535 and parameters: {'gradient_clip_val': 0.4600159929925322, 'hidden_size': 24, 'dropout': 0.4468657540546438, 'hidden_continuous_size': 8, 'attention_head_size': 1, 'learning_rate': 0.0017009509092758188}. Best is trial 0 with value: 10.555022239685059.
LOCAL_RANK: 0 - CUDA_VISIBLE_DEVICES: [0]
[I 2023-12-27 11:26:44,068] Trial 12 finished with value: 38.010501861572266 and parameters: {'gradient_clip_val': 0.2535971277892536, 'hidden_size': 41, 'dropout': 0.41132634792884376, 'hidden_continuous_size': 11, 'attention_head_size': 2, 'learning_rate': 0.0022468124711396194}. Best is trial 0 with value: 10.555022239685059.
LOCAL_RANK: 0 - CUDA_VISIBLE_DEVICES: [0]
[I 2023-12-27 11:26:44,502] Trial 13 finished with value: 31.12709617614746 and parameters: {'gradient_clip_val': 0.5279908314641731, 'hidden_size': 33, 'dropout': 0.3205217406401747, 'hidden_continuous_size': 7, 'attention_head_size': 1, 'learning_rate': 0.0005397377781111834}. Best is trial 0 with value: 10.555022239685059.
LOCAL_RANK: 0 - CUDA_VISIBLE_DEVICES: [0]
[I 2023-12-27 11:26:44,950] Trial 14 finished with value: 29.00553321838379 and parameters: {'gradient_clip_val': 0.31535584346842466, 'hidden_size': 16, 'dropout': 0.42046999460345547, 'hidden_continuous_size': 6, 'attention_head_size': 2, 'learning_rate': 0.002451228759262616}. Best is trial 0 with value: 10.555022239685059.
LOCAL_RANK: 0 - CUDA_VISIBLE_DEVICES: [0]
[I 2023-12-27 11:26:45,445] Trial 15 finished with value: 29.481101989746094 and parameters: {'gradient_clip_val': 0.1941814746894616, 'hidden_size': 53, 'dropout': 0.1091639622301625, 'hidden_continuous_size': 11, 'attention_head_size': 3, 'learning_rate': 0.003663627531259915}. Best is trial 0 with value: 10.555022239685059.
LOCAL_RANK: 0 - CUDA_VISIBLE_DEVICES: [0]
[I 2023-12-27 11:26:45,932] Trial 16 finished with value: 35.655208587646484 and parameters: {'gradient_clip_val': 0.16052642859455515, 'hidden_size': 28, 'dropout': 0.48334310356712684, 'hidden_continuous_size': 6, 'attention_head_size': 1, 'learning_rate': 0.0013010904558397867}. Best is trial 0 with value: 10.555022239685059.
LOCAL_RANK: 0 - CUDA_VISIBLE_DEVICES: [0]
[I 2023-12-27 11:26:46,387] Trial 17 finished with value: 42.67738723754883 and parameters: {'gradient_clip_val': 0.2677223844624153, 'hidden_size': 18, 'dropout': 0.38185166268747556, 'hidden_continuous_size': 6, 'attention_head_size': 4, 'learning_rate': 0.003919853227315762}. Best is trial 0 with value: 10.555022239685059.
LOCAL_RANK: 0 - CUDA_VISIBLE_DEVICES: [0]
[I 2023-12-27 11:26:46,881] Trial 18 finished with value: 36.83842086791992 and parameters: {'gradient_clip_val': 0.34790086416013477, 'hidden_size': 63, 'dropout': 0.43536132726615745, 'hidden_continuous_size': 18, 'attention_head_size': 2, 'learning_rate': 0.0010595031348335257}. Best is trial 0 with value: 10.555022239685059.
LOCAL_RANK: 0 - CUDA_VISIBLE_DEVICES: [0]
[I 2023-12-27 11:26:47,377] Trial 19 finished with value: 38.71297836303711 and parameters: {'gradient_clip_val': 0.5598244413546869, 'hidden_size': 40, 'dropout': 0.3595880847850859, 'hidden_continuous_size': 8, 'attention_head_size': 3, 'learning_rate': 0.0025722195992289977}. Best is trial 0 with value: 10.555022239685059.
LOCAL_RANK: 0 - CUDA_VISIBLE_DEVICES: [0]
[I 2023-12-27 11:26:47,849] Trial 20 finished with value: 36.11629867553711 and parameters: {'gradient_clip_val': 0.10034824100403832, 'hidden_size': 13, 'dropout': 0.278810971816885, 'hidden_continuous_size': 5, 'attention_head_size': 4, 'learning_rate': 0.013223656043446469}. Best is trial 0 with value: 10.555022239685059.
LOCAL_RANK: 0 - CUDA_VISIBLE_DEVICES: [0]
[I 2023-12-27 11:26:48,510] Trial 21 finished with value: 47.95066452026367 and parameters: {'gradient_clip_val': 0.1322591118861501, 'hidden_size': 5, 'dropout': 0.27139774263836847, 'hidden_continuous_size': 5, 'attention_head_size': 2, 'learning_rate': 0.02367185900441879}. Best is trial 0 with value: 10.555022239685059.
LOCAL_RANK: 0 - CUDA_VISIBLE_DEVICES: [0]
[I 2023-12-27 11:26:48,960] Trial 22 finished with value: 34.660011291503906 and parameters: {'gradient_clip_val': 0.13841202530424324, 'hidden_size': 24, 'dropout': 0.34108180599300947, 'hidden_continuous_size': 5, 'attention_head_size': 1, 'learning_rate': 0.01998921454356339}. Best is trial 0 with value: 10.555022239685059.
LOCAL_RANK: 0 - CUDA_VISIBLE_DEVICES: [0]
[I 2023-12-27 11:26:49,434] Trial 23 finished with value: 42.612945556640625 and parameters: {'gradient_clip_val': 0.1860848619405444, 'hidden_size': 13, 'dropout': 0.4036638766189561, 'hidden_continuous_size': 5, 'attention_head_size': 2, 'learning_rate': 0.04254878208640161}. Best is trial 0 with value: 10.555022239685059.
LOCAL_RANK: 0 - CUDA_VISIBLE_DEVICES: [0]
[I 2023-12-27 11:26:49,881] Trial 24 finished with value: 52.5979118347168 and parameters: {'gradient_clip_val': 0.10397240579556555, 'hidden_size': 33, 'dropout': 0.30050998302226206, 'hidden_continuous_size': 9, 'attention_head_size': 1, 'learning_rate': 0.006430890625936125}. Best is trial 0 with value: 10.555022239685059.
LOCAL_RANK: 0 - CUDA_VISIBLE_DEVICES: [0]
[I 2023-12-27 11:26:50,368] Trial 25 finished with value: 33.798641204833984 and parameters: {'gradient_clip_val': 0.1241896858686523, 'hidden_size': 25, 'dropout': 0.4024237879779504, 'hidden_continuous_size': 6, 'attention_head_size': 2, 'learning_rate': 0.011309890976218465}. Best is trial 0 with value: 10.555022239685059.
LOCAL_RANK: 0 - CUDA_VISIBLE_DEVICES: [0]
[I 2023-12-27 11:26:50,877] Trial 26 finished with value: 38.26734924316406 and parameters: {'gradient_clip_val': 0.1540969559372086, 'hidden_size': 38, 'dropout': 0.44885336041664686, 'hidden_continuous_size': 10, 'attention_head_size': 3, 'learning_rate': 0.006090937972339538}. Best is trial 0 with value: 10.555022239685059.
LOCAL_RANK: 0 - CUDA_VISIBLE_DEVICES: [0]
[I 2023-12-27 11:26:51,319] Trial 27 finished with value: 41.3393669128418 and parameters: {'gradient_clip_val': 0.2308665819743312, 'hidden_size': 13, 'dropout': 0.3532644025658984, 'hidden_continuous_size': 6, 'attention_head_size': 1, 'learning_rate': 0.04470208139288005}. Best is trial 0 with value: 10.555022239685059.
LOCAL_RANK: 0 - CUDA_VISIBLE_DEVICES: [0]
[I 2023-12-27 11:26:51,802] Trial 28 finished with value: 34.611331939697266 and parameters: {'gradient_clip_val': 0.17424365149016516, 'hidden_size': 10, 'dropout': 0.3119679261032388, 'hidden_continuous_size': 5, 'attention_head_size': 2, 'learning_rate': 0.014771256688135294}. Best is trial 0 with value: 10.555022239685059.
LOCAL_RANK: 0 - CUDA_VISIBLE_DEVICES: [0]
[I 2023-12-27 11:26:52,323] Trial 29 finished with value: 36.520870208740234 and parameters: {'gradient_clip_val': 0.14710103523817825, 'hidden_size': 52, 'dropout': 0.4703859893011746, 'hidden_continuous_size': 14, 'attention_head_size': 3, 'learning_rate': 0.004764902725149009}. Best is trial 0 with value: 10.555022239685059.
LOCAL_RANK: 0 - CUDA_VISIBLE_DEVICES: [0]
