[I 2023-12-16 05:15:55,447] Trial 37 finished with value: 164.7169647216797 and parameters: {'gradient_clip_val': 0.1794811881456051, 'hidden_size': 29, 'dropout': 0.3873737957804601, 'hidden_continuous_size': 10, 'attention_head_size': 2, 'learning_rate': 0.0005148096289988474}. Best is trial 31 with value: 151.61961364746094.
LOCAL_RANK: 0 - CUDA_VISIBLE_DEVICES: [0]
[I 2023-12-16 05:16:47,816] Trial 38 finished with value: 218.12562561035156 and parameters: {'gradient_clip_val': 0.10032426575864369, 'hidden_size': 48, 'dropout': 0.379970679828771, 'hidden_continuous_size': 38, 'attention_head_size': 2, 'learning_rate': 0.0011502028219211433}. Best is trial 31 with value: 151.61961364746094.
LOCAL_RANK: 0 - CUDA_VISIBLE_DEVICES: [0]
[I 2023-12-16 05:17:36,084] Trial 39 finished with value: 159.00352478027344 and parameters: {'gradient_clip_val': 0.13894326282943775, 'hidden_size': 32, 'dropout': 0.3584940983165817, 'hidden_continuous_size': 9, 'attention_head_size': 1, 'learning_rate': 0.0007498865125630805}. Best is trial 31 with value: 151.61961364746094.
LOCAL_RANK: 0 - CUDA_VISIBLE_DEVICES: [0]
[I 2023-12-16 05:18:25,101] Trial 40 finished with value: 249.11094665527344 and parameters: {'gradient_clip_val': 0.1331230083142152, 'hidden_size': 33, 'dropout': 0.36114519134539136, 'hidden_continuous_size': 9, 'attention_head_size': 1, 'learning_rate': 0.000743951388119572}. Best is trial 31 with value: 151.61961364746094.
LOCAL_RANK: 0 - CUDA_VISIBLE_DEVICES: [0]
[I 2023-12-16 05:19:15,974] Trial 41 finished with value: 199.46470642089844 and parameters: {'gradient_clip_val': 0.11594918047627126, 'hidden_size': 44, 'dropout': 0.33931069719219187, 'hidden_continuous_size': 10, 'attention_head_size': 1, 'learning_rate': 0.0007448762226250944}. Best is trial 31 with value: 151.61961364746094.
LOCAL_RANK: 0 - CUDA_VISIBLE_DEVICES: [0]
[I 2023-12-16 05:20:04,876] Trial 42 finished with value: 191.234375 and parameters: {'gradient_clip_val': 0.1639700212825102, 'hidden_size': 26, 'dropout': 0.3862254724187098, 'hidden_continuous_size': 9, 'attention_head_size': 2, 'learning_rate': 0.0006594553371716713}. Best is trial 31 with value: 151.61961364746094.
LOCAL_RANK: 0 - CUDA_VISIBLE_DEVICES: [0]
[I 2023-12-16 05:20:53,481] Trial 43 finished with value: 176.6031951904297 and parameters: {'gradient_clip_val': 0.12554972339489542, 'hidden_size': 31, 'dropout': 0.37139690108292933, 'hidden_continuous_size': 8, 'attention_head_size': 1, 'learning_rate': 0.0005176264164606395}. Best is trial 31 with value: 151.61961364746094.
LOCAL_RANK: 0 - CUDA_VISIBLE_DEVICES: [0]
[I 2023-12-16 05:21:46,667] Trial 44 finished with value: 232.6020965576172 and parameters: {'gradient_clip_val': 0.14635282770698485, 'hidden_size': 58, 'dropout': 0.3367460145387919, 'hidden_continuous_size': 13, 'attention_head_size': 2, 'learning_rate': 0.0009100312233685587}. Best is trial 31 with value: 151.61961364746094.
LOCAL_RANK: 0 - CUDA_VISIBLE_DEVICES: [0]
[I 2023-12-16 05:22:37,020] Trial 45 finished with value: 193.45240783691406 and parameters: {'gradient_clip_val': 0.20871934470763726, 'hidden_size': 40, 'dropout': 0.317118307008533, 'hidden_continuous_size': 11, 'attention_head_size': 2, 'learning_rate': 0.0006592957051610148}. Best is trial 31 with value: 151.61961364746094.
LOCAL_RANK: 0 - CUDA_VISIBLE_DEVICES: [0]
[I 2023-12-16 05:23:26,683] Trial 46 finished with value: 170.29287719726562 and parameters: {'gradient_clip_val': 0.1381225356649622, 'hidden_size': 31, 'dropout': 0.34782270137594007, 'hidden_continuous_size': 10, 'attention_head_size': 3, 'learning_rate': 0.0010937124587072399}. Best is trial 31 with value: 151.61961364746094.
LOCAL_RANK: 0 - CUDA_VISIBLE_DEVICES: [0]
[I 2023-12-16 05:24:13,972] Trial 47 finished with value: 224.9608154296875 and parameters: {'gradient_clip_val': 0.1600890630494326, 'hidden_size': 24, 'dropout': 0.39428870176476394, 'hidden_continuous_size': 9, 'attention_head_size': 1, 'learning_rate': 0.0008193350809809449}. Best is trial 31 with value: 151.61961364746094.
LOCAL_RANK: 0 - CUDA_VISIBLE_DEVICES: [0]
[I 2023-12-16 05:25:00,705] Trial 48 finished with value: 169.4594268798828 and parameters: {'gradient_clip_val': 0.11035611842527063, 'hidden_size': 20, 'dropout': 0.36996981221265707, 'hidden_continuous_size': 8, 'attention_head_size': 2, 'learning_rate': 0.0014109289656134337}. Best is trial 31 with value: 151.61961364746094.
LOCAL_RANK: 0 - CUDA_VISIBLE_DEVICES: [0]
[I 2023-12-16 05:25:51,369] Trial 49 finished with value: 215.2738800048828 and parameters: {'gradient_clip_val': 0.19449089034433023, 'hidden_size': 38, 'dropout': 0.3800637202584939, 'hidden_continuous_size': 12, 'attention_head_size': 1, 'learning_rate': 0.0019903710477789604}. Best is trial 31 with value: 151.61961364746094.
[I 2023-12-16 05:25:51,460] A new study created in memory with name: no-name-e4f2dda2-9ffe-43a7-80f3-b62018a13534
/home/le004/conda/anaconda3/envs/tsff_env/lib/python3.9/site-packages/lightning/fabric/plugins/environments/slurm.py:191: The `srun` command is available on your system but is not used. HINT: If your intention is to run Lightning on SLURM, prepend your python command with `srun` like so: srun python /home/le004/master_thesis/git/TSFusionForecast/code/ ...
LOCAL_RANK: 0 - CUDA_VISIBLE_DEVICES: [0]
[I 2023-12-16 05:26:36,844] Trial 0 finished with value: 14.714667320251465 and parameters: {'gradient_clip_val': 0.6280832779206608, 'hidden_size': 16, 'dropout': 0.3904318489401166, 'hidden_continuous_size': 13, 'attention_head_size': 1, 'learning_rate': 0.02137520693610969}. Best is trial 0 with value: 14.714667320251465.
LOCAL_RANK: 0 - CUDA_VISIBLE_DEVICES: [0]
[I 2023-12-16 05:27:23,123] Trial 1 finished with value: 30.112062454223633 and parameters: {'gradient_clip_val': 0.4364750926691229, 'hidden_size': 18, 'dropout': 0.22901192052822425, 'hidden_continuous_size': 5, 'attention_head_size': 2, 'learning_rate': 0.0006471397808533617}. Best is trial 0 with value: 14.714667320251465.
LOCAL_RANK: 0 - CUDA_VISIBLE_DEVICES: [0]
[I 2023-12-16 05:28:08,811] Trial 2 finished with value: 38.00168991088867 and parameters: {'gradient_clip_val': 0.6361185093378185, 'hidden_size': 9, 'dropout': 0.21498289540714347, 'hidden_continuous_size': 5, 'attention_head_size': 3, 'learning_rate': 0.000762590173240854}. Best is trial 0 with value: 14.714667320251465.
LOCAL_RANK: 0 - CUDA_VISIBLE_DEVICES: [0]
[I 2023-12-16 05:28:42,712] Trial 3 finished with value: 14.33052921295166 and parameters: {'gradient_clip_val': 0.886412513868488, 'hidden_size': 5, 'dropout': 0.1780636373291235, 'hidden_continuous_size': 5, 'attention_head_size': 1, 'learning_rate': 0.0048748639702722914}. Best is trial 3 with value: 14.33052921295166.
LOCAL_RANK: 0 - CUDA_VISIBLE_DEVICES: [0]
[I 2023-12-16 05:29:35,074] Trial 4 finished with value: 21.66416358947754 and parameters: {'gradient_clip_val': 0.1401336637732551, 'hidden_size': 67, 'dropout': 0.36762728009675716, 'hidden_continuous_size': 6, 'attention_head_size': 4, 'learning_rate': 0.015343060862622162}. Best is trial 3 with value: 14.33052921295166.
LOCAL_RANK: 0 - CUDA_VISIBLE_DEVICES: [0]
[I 2023-12-16 05:30:09,828] Trial 5 finished with value: 29.54433250427246 and parameters: {'gradient_clip_val': 0.1429494757422295, 'hidden_size': 6, 'dropout': 0.12405875710501679, 'hidden_continuous_size': 6, 'attention_head_size': 3, 'learning_rate': 0.018175378394428197}. Best is trial 3 with value: 14.33052921295166.
LOCAL_RANK: 0 - CUDA_VISIBLE_DEVICES: [0]
[I 2023-12-16 05:31:01,971] Trial 6 finished with value: 21.301097869873047 and parameters: {'gradient_clip_val': 0.5318324695066265, 'hidden_size': 68, 'dropout': 0.3844203095411325, 'hidden_continuous_size': 7, 'attention_head_size': 4, 'learning_rate': 0.0035349859890898903}. Best is trial 3 with value: 14.33052921295166.
LOCAL_RANK: 0 - CUDA_VISIBLE_DEVICES: [0]
[I 2023-12-16 05:31:47,139] Trial 7 finished with value: 20.989709854125977 and parameters: {'gradient_clip_val': 0.3764944521330286, 'hidden_size': 10, 'dropout': 0.37777133628743953, 'hidden_continuous_size': 9, 'attention_head_size': 1, 'learning_rate': 0.038759576458023345}. Best is trial 3 with value: 14.33052921295166.
LOCAL_RANK: 0 - CUDA_VISIBLE_DEVICES: [0]
[I 2023-12-16 05:32:34,519] Trial 8 finished with value: 18.065134048461914 and parameters: {'gradient_clip_val': 0.19208209353548666, 'hidden_size': 15, 'dropout': 0.10965487760728787, 'hidden_continuous_size': 12, 'attention_head_size': 4, 'learning_rate': 0.06566501434849631}. Best is trial 3 with value: 14.33052921295166.
LOCAL_RANK: 0 - CUDA_VISIBLE_DEVICES: [0]
[I 2023-12-16 05:33:23,875] Trial 9 finished with value: 15.26806926727295 and parameters: {'gradient_clip_val': 0.14235924958328766, 'hidden_size': 21, 'dropout': 0.34516258656302, 'hidden_continuous_size': 16, 'attention_head_size': 3, 'learning_rate': 0.010884950440413974}. Best is trial 3 with value: 14.33052921295166.
LOCAL_RANK: 0 - CUDA_VISIBLE_DEVICES: [0]
[I 2023-12-16 05:33:58,269] Trial 10 finished with value: 15.600132942199707 and parameters: {'gradient_clip_val': 0.8521448723598325, 'hidden_size': 5, 'dropout': 0.17719238636664492, 'hidden_continuous_size': 5, 'attention_head_size': 2, 'learning_rate': 0.004564491211569432}. Best is trial 3 with value: 14.33052921295166.
LOCAL_RANK: 0 - CUDA_VISIBLE_DEVICES: [0]
[I 2023-12-16 05:34:50,340] Trial 11 finished with value: 18.34786033630371 and parameters: {'gradient_clip_val': 0.9884051192393982, 'hidden_size': 35, 'dropout': 0.29361118244879647, 'hidden_continuous_size': 25, 'attention_head_size': 1, 'learning_rate': 0.005247464521472575}. Best is trial 3 with value: 14.33052921295166.
LOCAL_RANK: 0 - CUDA_VISIBLE_DEVICES: [0]
[I 2023-12-16 05:35:24,140] Trial 12 finished with value: 12.450879096984863 and parameters: {'gradient_clip_val': 0.6877426425642365, 'hidden_size': 5, 'dropout': 0.28268585905656163, 'hidden_continuous_size': 5, 'attention_head_size': 1, 'learning_rate': 0.038807349577869875}. Best is trial 12 with value: 12.450879096984863.
LOCAL_RANK: 0 - CUDA_VISIBLE_DEVICES: [0]
[I 2023-12-16 05:35:58,357] Trial 13 finished with value: 25.67292022705078 and parameters: {'gradient_clip_val': 0.8348148318774428, 'hidden_size': 5, 'dropout': 0.2716873343849366, 'hidden_continuous_size': 5, 'attention_head_size': 2, 'learning_rate': 0.07910717453621326}. Best is trial 12 with value: 12.450879096984863.
LOCAL_RANK: 0 - CUDA_VISIBLE_DEVICES: [0]
[I 2023-12-16 05:36:43,079] Trial 14 finished with value: 13.20168399810791 and parameters: {'gradient_clip_val': 0.28725504891454867, 'hidden_size': 7, 'dropout': 0.30700030038226567, 'hidden_continuous_size': 5, 'attention_head_size': 1, 'learning_rate': 0.03157309896551859}. Best is trial 12 with value: 12.450879096984863.
LOCAL_RANK: 0 - CUDA_VISIBLE_DEVICES: [0]
[I 2023-12-16 05:37:27,040] Trial 15 finished with value: 16.765872955322266 and parameters: {'gradient_clip_val': 0.276654560140564, 'hidden_size': 8, 'dropout': 0.3110652412854053, 'hidden_continuous_size': 5, 'attention_head_size': 2, 'learning_rate': 0.034235806916494776}. Best is trial 12 with value: 12.450879096984863.
LOCAL_RANK: 0 - CUDA_VISIBLE_DEVICES: [0]
[I 2023-12-16 05:38:10,432] Trial 16 finished with value: 20.848901748657227 and parameters: {'gradient_clip_val': 0.2952205025429583, 'hidden_size': 8, 'dropout': 0.3196037747045891, 'hidden_continuous_size': 5, 'attention_head_size': 1, 'learning_rate': 0.08402485358838882}. Best is trial 12 with value: 12.450879096984863.
LOCAL_RANK: 0 - CUDA_VISIBLE_DEVICES: [0]
[I 2023-12-16 05:38:54,168] Trial 17 finished with value: 41.45012283325195 and parameters: {'gradient_clip_val': 0.2429375267358176, 'hidden_size': 12, 'dropout': 0.2751358614066527, 'hidden_continuous_size': 6, 'attention_head_size': 1, 'learning_rate': 0.03577992502300934}. Best is trial 12 with value: 12.450879096984863.
LOCAL_RANK: 0 - CUDA_VISIBLE_DEVICES: [0]
[I 2023-12-16 05:39:39,125] Trial 18 finished with value: 16.303009033203125 and parameters: {'gradient_clip_val': 0.3579377043273972, 'hidden_size': 7, 'dropout': 0.3434026092697492, 'hidden_continuous_size': 5, 'attention_head_size': 2, 'learning_rate': 0.09862267563067781}. Best is trial 12 with value: 12.450879096984863.
LOCAL_RANK: 0 - CUDA_VISIBLE_DEVICES: [0]
[I 2023-12-16 05:40:24,106] Trial 19 finished with value: 17.521574020385742 and parameters: {'gradient_clip_val': 0.10357678017114623, 'hidden_size': 11, 'dropout': 0.2527023068416269, 'hidden_continuous_size': 6, 'attention_head_size': 1, 'learning_rate': 0.01005457223934548}. Best is trial 12 with value: 12.450879096984863.
LOCAL_RANK: 0 - CUDA_VISIBLE_DEVICES: [0]
[I 2023-12-16 05:41:08,831] Trial 20 finished with value: 16.164705276489258 and parameters: {'gradient_clip_val': 0.45488967870237235, 'hidden_size': 7, 'dropout': 0.2991343552696437, 'hidden_continuous_size': 5, 'attention_head_size': 2, 'learning_rate': 0.04881534137938377}. Best is trial 12 with value: 12.450879096984863.
LOCAL_RANK: 0 - CUDA_VISIBLE_DEVICES: [0]
[I 2023-12-16 05:41:42,895] Trial 21 finished with value: 13.640851020812988 and parameters: {'gradient_clip_val': 0.7306209855073503, 'hidden_size': 5, 'dropout': 0.2007485470954702, 'hidden_continuous_size': 5, 'attention_head_size': 1, 'learning_rate': 0.024551163167692385}. Best is trial 12 with value: 12.450879096984863.
LOCAL_RANK: 0 - CUDA_VISIBLE_DEVICES: [0]
[I 2023-12-16 05:42:27,510] Trial 22 finished with value: 12.87691593170166 and parameters: {'gradient_clip_val': 0.6731719413664677, 'hidden_size': 6, 'dropout': 0.2503876526651644, 'hidden_continuous_size': 5, 'attention_head_size': 1, 'learning_rate': 0.022765429161772845}. Best is trial 12 with value: 12.450879096984863.
LOCAL_RANK: 0 - CUDA_VISIBLE_DEVICES: [0]
[I 2023-12-16 05:43:12,001] Trial 23 finished with value: 11.716181755065918 and parameters: {'gradient_clip_val': 0.5539856029494616, 'hidden_size': 6, 'dropout': 0.2642913046904584, 'hidden_continuous_size': 5, 'attention_head_size': 1, 'learning_rate': 0.02649784366800422}. Best is trial 23 with value: 11.716181755065918.
LOCAL_RANK: 0 - CUDA_VISIBLE_DEVICES: [0]
[I 2023-12-16 05:43:56,364] Trial 24 finished with value: 13.370750427246094 and parameters: {'gradient_clip_val': 0.5741043918002334, 'hidden_size': 6, 'dropout': 0.2568345857122212, 'hidden_continuous_size': 5, 'attention_head_size': 1, 'learning_rate': 0.05183134867747467}. Best is trial 23 with value: 11.716181755065918.
LOCAL_RANK: 0 - CUDA_VISIBLE_DEVICES: [0]
[I 2023-12-16 05:44:41,797] Trial 25 finished with value: 19.65779685974121 and parameters: {'gradient_clip_val': 0.6742662019619139, 'hidden_size': 11, 'dropout': 0.23729360101995972, 'hidden_continuous_size': 6, 'attention_head_size': 2, 'learning_rate': 0.05310685152921477}. Best is trial 23 with value: 11.716181755065918.
LOCAL_RANK: 0 - CUDA_VISIBLE_DEVICES: [0]
[I 2023-12-16 05:45:26,785] Trial 26 finished with value: 12.792106628417969 and parameters: {'gradient_clip_val': 0.4947430334350823, 'hidden_size': 9, 'dropout': 0.27635498917951457, 'hidden_continuous_size': 6, 'attention_head_size': 1, 'learning_rate': 0.027854245364425243}. Best is trial 23 with value: 11.716181755065918.
LOCAL_RANK: 0 - CUDA_VISIBLE_DEVICES: [0]
[I 2023-12-16 05:46:11,900] Trial 27 finished with value: 13.103354454040527 and parameters: {'gradient_clip_val': 0.5055480332419545, 'hidden_size': 9, 'dropout': 0.2733307728894026, 'hidden_continuous_size': 6, 'attention_head_size': 2, 'learning_rate': 0.0159218012439392}. Best is trial 23 with value: 11.716181755065918.
LOCAL_RANK: 0 - CUDA_VISIBLE_DEVICES: [0]
[I 2023-12-16 05:46:57,119] Trial 28 finished with value: 15.188499450683594 and parameters: {'gradient_clip_val': 0.48187538012271586, 'hidden_size': 14, 'dropout': 0.32417172683172524, 'hidden_continuous_size': 7, 'attention_head_size': 1, 'learning_rate': 0.028549893657705258}. Best is trial 23 with value: 11.716181755065918.
LOCAL_RANK: 0 - CUDA_VISIBLE_DEVICES: [0]
[I 2023-12-16 05:47:42,265] Trial 29 finished with value: 17.57984733581543 and parameters: {'gradient_clip_val': 0.5836763710381133, 'hidden_size': 13, 'dropout': 0.28998713873084764, 'hidden_continuous_size': 7, 'attention_head_size': 1, 'learning_rate': 0.05893707649943631}. Best is trial 23 with value: 11.716181755065918.
LOCAL_RANK: 0 - CUDA_VISIBLE_DEVICES: [0]
[I 2023-12-16 05:48:27,624] Trial 30 finished with value: 12.686782836914062 and parameters: {'gradient_clip_val': 0.7644758290011496, 'hidden_size': 9, 'dropout': 0.28238100916900577, 'hidden_continuous_size': 6, 'attention_head_size': 3, 'learning_rate': 0.023240601202893917}. Best is trial 23 with value: 11.716181755065918.
LOCAL_RANK: 0 - CUDA_VISIBLE_DEVICES: [0]
[I 2023-12-16 05:49:12,558] Trial 31 finished with value: 14.239750862121582 and parameters: {'gradient_clip_val': 0.7248542957196553, 'hidden_size': 9, 'dropout': 0.27860720465986766, 'hidden_continuous_size': 6, 'attention_head_size': 1, 'learning_rate': 0.024935476115839957}. Best is trial 23 with value: 11.716181755065918.
LOCAL_RANK: 0 - CUDA_VISIBLE_DEVICES: [0]
[I 2023-12-16 05:49:57,613] Trial 32 finished with value: 21.207387924194336 and parameters: {'gradient_clip_val': 0.5815177308638081, 'hidden_size': 16, 'dropout': 0.26214141724754464, 'hidden_continuous_size': 7, 'attention_head_size': 3, 'learning_rate': 0.04488537357832285}. Best is trial 23 with value: 11.716181755065918.
LOCAL_RANK: 0 - CUDA_VISIBLE_DEVICES: [0]
[I 2023-12-16 05:50:43,672] Trial 33 finished with value: 13.294743537902832 and parameters: {'gradient_clip_val': 0.3960193946609463, 'hidden_size': 10, 'dropout': 0.2312894960036524, 'hidden_continuous_size': 6, 'attention_head_size': 3, 'learning_rate': 0.020226799807452664}. Best is trial 23 with value: 11.716181755065918.
LOCAL_RANK: 0 - CUDA_VISIBLE_DEVICES: [0]
[I 2023-12-16 05:51:29,064] Trial 34 finished with value: 20.85105323791504 and parameters: {'gradient_clip_val': 0.4376305629199236, 'hidden_size': 6, 'dropout': 0.28887914097814155, 'hidden_continuous_size': 5, 'attention_head_size': 3, 'learning_rate': 0.03626601490659755}. Best is trial 23 with value: 11.716181755065918.
LOCAL_RANK: 0 - CUDA_VISIBLE_DEVICES: [0]
[I 2023-12-16 05:52:13,301] Trial 35 finished with value: 16.65743064880371 and parameters: {'gradient_clip_val': 0.7660009707692534, 'hidden_size': 12, 'dropout': 0.24207169933543596, 'hidden_continuous_size': 6, 'attention_head_size': 2, 'learning_rate': 0.011227989386397855}. Best is trial 23 with value: 11.716181755065918.
LOCAL_RANK: 0 - CUDA_VISIBLE_DEVICES: [0]
[I 2023-12-16 05:53:01,952] Trial 36 finished with value: 36.894718170166016 and parameters: {'gradient_clip_val': 0.6266441323172053, 'hidden_size': 19, 'dropout': 0.22020989563703106, 'hidden_continuous_size': 8, 'attention_head_size': 4, 'learning_rate': 0.01567511889757277}. Best is trial 23 with value: 11.716181755065918.
LOCAL_RANK: 0 - CUDA_VISIBLE_DEVICES: [0]
[I 2023-12-16 05:53:46,303] Trial 37 finished with value: 14.676094055175781 and parameters: {'gradient_clip_val': 0.5305306817904525, 'hidden_size': 8, 'dropout': 0.26554854594286403, 'hidden_continuous_size': 5, 'attention_head_size': 3, 'learning_rate': 0.027006879839330793}. Best is trial 23 with value: 11.716181755065918.
LOCAL_RANK: 0 - CUDA_VISIBLE_DEVICES: [0]
[I 2023-12-16 05:54:21,116] Trial 38 finished with value: 18.700111389160156 and parameters: {'gradient_clip_val': 0.6419768170309961, 'hidden_size': 5, 'dropout': 0.28557572955161936, 'hidden_continuous_size': 5, 'attention_head_size': 3, 'learning_rate': 0.020767403807216273}. Best is trial 23 with value: 11.716181755065918.
LOCAL_RANK: 0 - CUDA_VISIBLE_DEVICES: [0]
[I 2023-12-16 05:55:08,067] Trial 39 finished with value: 21.111082077026367 and parameters: {'gradient_clip_val': 0.9480563976617379, 'hidden_size': 24, 'dropout': 0.32809946632850884, 'hidden_continuous_size': 8, 'attention_head_size': 1, 'learning_rate': 0.04515224901011916}. Best is trial 23 with value: 11.716181755065918.
LOCAL_RANK: 0 - CUDA_VISIBLE_DEVICES: [0]
[I 2023-12-16 05:55:54,106] Trial 40 finished with value: 21.066560745239258 and parameters: {'gradient_clip_val': 0.7761807710744673, 'hidden_size': 6, 'dropout': 0.30495898656531195, 'hidden_continuous_size': 5, 'attention_head_size': 4, 'learning_rate': 0.06932417388272054}. Best is trial 23 with value: 11.716181755065918.
LOCAL_RANK: 0 - CUDA_VISIBLE_DEVICES: [0]
[I 2023-12-16 05:56:38,640] Trial 41 finished with value: 11.772717475891113 and parameters: {'gradient_clip_val': 0.6956424071128535, 'hidden_size': 6, 'dropout': 0.24922678264737214, 'hidden_continuous_size': 5, 'attention_head_size': 1, 'learning_rate': 0.02175487807016286}. Best is trial 23 with value: 11.716181755065918.
LOCAL_RANK: 0 - CUDA_VISIBLE_DEVICES: [0]
[I 2023-12-16 05:57:23,414] Trial 42 finished with value: 15.394671440124512 and parameters: {'gradient_clip_val': 0.9004793521355825, 'hidden_size': 7, 'dropout': 0.2481118143552451, 'hidden_continuous_size': 5, 'attention_head_size': 1, 'learning_rate': 0.013257821101248127}. Best is trial 23 with value: 11.716181755065918.
LOCAL_RANK: 0 - CUDA_VISIBLE_DEVICES: [0]
[I 2023-12-16 05:57:57,256] Trial 43 finished with value: 11.594207763671875 and parameters: {'gradient_clip_val': 0.8099710170906369, 'hidden_size': 5, 'dropout': 0.2614193135218399, 'hidden_continuous_size': 5, 'attention_head_size': 1, 'learning_rate': 0.019425708351502678}. Best is trial 43 with value: 11.594207763671875.
LOCAL_RANK: 0 - CUDA_VISIBLE_DEVICES: [0]
[I 2023-12-16 05:58:31,164] Trial 44 finished with value: 12.2937650680542 and parameters: {'gradient_clip_val': 0.7777245986889455, 'hidden_size': 5, 'dropout': 0.26215696349364587, 'hidden_continuous_size': 5, 'attention_head_size': 1, 'learning_rate': 0.01889069377120523}. Best is trial 43 with value: 11.594207763671875.
LOCAL_RANK: 0 - CUDA_VISIBLE_DEVICES: [0]
