[I 2023-12-16 08:05:10,964] Trial 5 finished with value: 99.75823211669922 and parameters: {'gradient_clip_val': 0.1890664632188942, 'hidden_size': 71, 'dropout': 0.10930993412540503, 'hidden_continuous_size': 26, 'attention_head_size': 4, 'learning_rate': 0.040243953152640385}. Best is trial 1 with value: 35.11546325683594.
LOCAL_RANK: 0 - CUDA_VISIBLE_DEVICES: [0]
[I 2023-12-16 08:05:58,166] Trial 6 finished with value: 53.267818450927734 and parameters: {'gradient_clip_val': 0.6948589238095381, 'hidden_size': 19, 'dropout': 0.24151689535703721, 'hidden_continuous_size': 11, 'attention_head_size': 1, 'learning_rate': 0.09836874506232517}. Best is trial 1 with value: 35.11546325683594.
LOCAL_RANK: 0 - CUDA_VISIBLE_DEVICES: [0]
[I 2023-12-16 08:06:42,749] Trial 7 finished with value: 48.53013229370117 and parameters: {'gradient_clip_val': 0.3891093402683215, 'hidden_size': 16, 'dropout': 0.1979278637469214, 'hidden_continuous_size': 12, 'attention_head_size': 1, 'learning_rate': 0.0767331533545096}. Best is trial 1 with value: 35.11546325683594.
LOCAL_RANK: 0 - CUDA_VISIBLE_DEVICES: [0]
[I 2023-12-16 08:07:28,143] Trial 8 finished with value: 21.575193405151367 and parameters: {'gradient_clip_val': 0.3502526747799699, 'hidden_size': 14, 'dropout': 0.14017479928974882, 'hidden_continuous_size': 10, 'attention_head_size': 1, 'learning_rate': 0.006187109163209258}. Best is trial 8 with value: 21.575193405151367.
LOCAL_RANK: 0 - CUDA_VISIBLE_DEVICES: [0]
[I 2023-12-16 08:08:18,810] Trial 9 finished with value: 75.39102935791016 and parameters: {'gradient_clip_val': 0.1929489501273523, 'hidden_size': 32, 'dropout': 0.1562621873036626, 'hidden_continuous_size': 20, 'attention_head_size': 4, 'learning_rate': 0.0030142637527291387}. Best is trial 8 with value: 21.575193405151367.
LOCAL_RANK: 0 - CUDA_VISIBLE_DEVICES: [0]
[I 2023-12-16 08:09:03,758] Trial 10 finished with value: 39.84798812866211 and parameters: {'gradient_clip_val': 0.10289052272765836, 'hidden_size': 10, 'dropout': 0.39325327385727016, 'hidden_continuous_size': 6, 'attention_head_size': 2, 'learning_rate': 0.00952618243128933}. Best is trial 8 with value: 21.575193405151367.
LOCAL_RANK: 0 - CUDA_VISIBLE_DEVICES: [0]
[I 2023-12-16 08:09:56,866] Trial 11 finished with value: 71.6534652709961 and parameters: {'gradient_clip_val': 0.2524181235185244, 'hidden_size': 39, 'dropout': 0.10230780018377258, 'hidden_continuous_size': 36, 'attention_head_size': 3, 'learning_rate': 0.01995345978877112}. Best is trial 8 with value: 21.575193405151367.
LOCAL_RANK: 0 - CUDA_VISIBLE_DEVICES: [0]
[I 2023-12-16 08:10:53,449] Trial 12 finished with value: 78.83353424072266 and parameters: {'gradient_clip_val': 0.10012356756592615, 'hidden_size': 90, 'dropout': 0.15602354062275375, 'hidden_continuous_size': 84, 'attention_head_size': 2, 'learning_rate': 0.007850578585264662}. Best is trial 8 with value: 21.575193405151367.
LOCAL_RANK: 0 - CUDA_VISIBLE_DEVICES: [0]
[I 2023-12-16 08:11:39,151] Trial 13 finished with value: 45.61310958862305 and parameters: {'gradient_clip_val': 0.5226647071208421, 'hidden_size': 13, 'dropout': 0.17580214675993594, 'hidden_continuous_size': 7, 'attention_head_size': 3, 'learning_rate': 0.023488469014007196}. Best is trial 8 with value: 21.575193405151367.
LOCAL_RANK: 0 - CUDA_VISIBLE_DEVICES: [0]
[I 2023-12-16 08:12:25,776] Trial 14 finished with value: 73.16606140136719 and parameters: {'gradient_clip_val': 0.29815684235005313, 'hidden_size': 24, 'dropout': 0.21985827562893911, 'hidden_continuous_size': 8, 'attention_head_size': 1, 'learning_rate': 0.0026292026243367123}. Best is trial 8 with value: 21.575193405151367.
LOCAL_RANK: 0 - CUDA_VISIBLE_DEVICES: [0]
[I 2023-12-16 08:13:10,309] Trial 15 finished with value: 87.91423797607422 and parameters: {'gradient_clip_val': 0.14403870550415196, 'hidden_size': 10, 'dropout': 0.14451827870239792, 'hidden_continuous_size': 5, 'attention_head_size': 2, 'learning_rate': 0.010275746585929503}. Best is trial 8 with value: 21.575193405151367.
LOCAL_RANK: 0 - CUDA_VISIBLE_DEVICES: [0]
[I 2023-12-16 08:14:03,036] Trial 16 finished with value: 36.85484313964844 and parameters: {'gradient_clip_val': 0.24843014479017891, 'hidden_size': 50, 'dropout': 0.13514626680623135, 'hidden_continuous_size': 15, 'attention_head_size': 3, 'learning_rate': 0.03349423428358385}. Best is trial 8 with value: 21.575193405151367.
LOCAL_RANK: 0 - CUDA_VISIBLE_DEVICES: [0]
[I 2023-12-16 08:14:57,263] Trial 17 finished with value: 28.236684799194336 and parameters: {'gradient_clip_val': 0.5157903361980883, 'hidden_size': 96, 'dropout': 0.17624162758212036, 'hidden_continuous_size': 54, 'attention_head_size': 1, 'learning_rate': 0.013807334605666927}. Best is trial 8 with value: 21.575193405151367.
LOCAL_RANK: 0 - CUDA_VISIBLE_DEVICES: [0]
[I 2023-12-16 08:15:45,213] Trial 18 finished with value: 46.90659713745117 and parameters: {'gradient_clip_val': 0.498310808252298, 'hidden_size': 27, 'dropout': 0.2073245687851643, 'hidden_continuous_size': 8, 'attention_head_size': 1, 'learning_rate': 0.00551560199592342}. Best is trial 8 with value: 21.575193405151367.
LOCAL_RANK: 0 - CUDA_VISIBLE_DEVICES: [0]
[I 2023-12-16 08:16:37,044] Trial 19 finished with value: 108.10953521728516 and parameters: {'gradient_clip_val': 0.5395596985401543, 'hidden_size': 49, 'dropout': 0.13152770892286758, 'hidden_continuous_size': 16, 'attention_head_size': 1, 'learning_rate': 0.013478910304834012}. Best is trial 8 with value: 21.575193405151367.
LOCAL_RANK: 0 - CUDA_VISIBLE_DEVICES: [0]
[I 2023-12-16 08:17:24,946] Trial 20 finished with value: 63.224334716796875 and parameters: {'gradient_clip_val': 0.8829050034846929, 'hidden_size': 22, 'dropout': 0.18790066252073379, 'hidden_continuous_size': 9, 'attention_head_size': 1, 'learning_rate': 0.013843554637466874}. Best is trial 8 with value: 21.575193405151367.
LOCAL_RANK: 0 - CUDA_VISIBLE_DEVICES: [0]
[I 2023-12-16 08:18:19,512] Trial 21 finished with value: 72.90750885009766 and parameters: {'gradient_clip_val': 0.3586361543871336, 'hidden_size': 96, 'dropout': 0.16649539193153684, 'hidden_continuous_size': 54, 'attention_head_size': 2, 'learning_rate': 0.028509583421116036}. Best is trial 8 with value: 21.575193405151367.
LOCAL_RANK: 0 - CUDA_VISIBLE_DEVICES: [0]
[I 2023-12-16 08:18:56,781] Trial 22 finished with value: 39.2354850769043 and parameters: {'gradient_clip_val': 0.4307733426845815, 'hidden_size': 99, 'dropout': 0.16819996669516799, 'hidden_continuous_size': 99, 'attention_head_size': 1, 'learning_rate': 0.049372728499787286}. Best is trial 8 with value: 21.575193405151367.
LOCAL_RANK: 0 - CUDA_VISIBLE_DEVICES: [0]
[I 2023-12-16 08:19:50,891] Trial 23 finished with value: 63.35546875 and parameters: {'gradient_clip_val': 0.3188265905977725, 'hidden_size': 66, 'dropout': 0.22582265628490966, 'hidden_continuous_size': 40, 'attention_head_size': 2, 'learning_rate': 0.02370208591475711}. Best is trial 8 with value: 21.575193405151367.
LOCAL_RANK: 0 - CUDA_VISIBLE_DEVICES: [0]
[I 2023-12-16 08:20:43,411] Trial 24 finished with value: 61.346561431884766 and parameters: {'gradient_clip_val': 0.6159235825024172, 'hidden_size': 47, 'dropout': 0.12248786942441178, 'hidden_continuous_size': 12, 'attention_head_size': 3, 'learning_rate': 0.011955015215677605}. Best is trial 8 with value: 21.575193405151367.
LOCAL_RANK: 0 - CUDA_VISIBLE_DEVICES: [0]
[I 2023-12-16 08:21:38,065] Trial 25 finished with value: 32.93155288696289 and parameters: {'gradient_clip_val': 0.43587107240130735, 'hidden_size': 78, 'dropout': 0.15053238259938645, 'hidden_continuous_size': 60, 'attention_head_size': 1, 'learning_rate': 0.00619163742181325}. Best is trial 8 with value: 21.575193405151367.
LOCAL_RANK: 0 - CUDA_VISIBLE_DEVICES: [0]
[I 2023-12-16 08:22:29,908] Trial 26 finished with value: 40.49565505981445 and parameters: {'gradient_clip_val': 0.4473481230738785, 'hidden_size': 64, 'dropout': 0.10421959464665305, 'hidden_continuous_size': 26, 'attention_head_size': 1, 'learning_rate': 0.005964947623943998}. Best is trial 8 with value: 21.575193405151367.
LOCAL_RANK: 0 - CUDA_VISIBLE_DEVICES: [0]
[I 2023-12-16 08:23:17,176] Trial 27 finished with value: 51.66670608520508 and parameters: {'gradient_clip_val': 0.5600321314888133, 'hidden_size': 28, 'dropout': 0.14863180777786178, 'hidden_continuous_size': 14, 'attention_head_size': 1, 'learning_rate': 0.008231721049315863}. Best is trial 8 with value: 21.575193405151367.
LOCAL_RANK: 0 - CUDA_VISIBLE_DEVICES: [0]
[I 2023-12-16 08:24:12,070] Trial 28 finished with value: 33.45805358886719 and parameters: {'gradient_clip_val': 0.9623687517874723, 'hidden_size': 81, 'dropout': 0.14094090848393964, 'hidden_continuous_size': 58, 'attention_head_size': 1, 'learning_rate': 0.0048903234557229665}. Best is trial 8 with value: 21.575193405151367.
LOCAL_RANK: 0 - CUDA_VISIBLE_DEVICES: [0]
[I 2023-12-16 08:24:45,534] Trial 29 finished with value: 87.4453353881836 and parameters: {'gradient_clip_val': 0.43956042307290083, 'hidden_size': 5, 'dropout': 0.19014067330946724, 'hidden_continuous_size': 5, 'attention_head_size': 2, 'learning_rate': 0.003928356778968722}. Best is trial 8 with value: 21.575193405151367.
LOCAL_RANK: 0 - CUDA_VISIBLE_DEVICES: [0]
[I 2023-12-16 08:25:38,054] Trial 30 finished with value: 38.45395278930664 and parameters: {'gradient_clip_val': 0.6124640572734765, 'hidden_size': 53, 'dropout': 0.18548219478570166, 'hidden_continuous_size': 20, 'attention_head_size': 1, 'learning_rate': 0.006394909420856065}. Best is trial 8 with value: 21.575193405151367.
LOCAL_RANK: 0 - CUDA_VISIBLE_DEVICES: [0]
[I 2023-12-16 08:26:32,677] Trial 31 finished with value: 50.1966552734375 and parameters: {'gradient_clip_val': 0.8801085726223543, 'hidden_size': 78, 'dropout': 0.13948707016994835, 'hidden_continuous_size': 57, 'attention_head_size': 1, 'learning_rate': 0.004371687137453089}. Best is trial 8 with value: 21.575193405151367.
LOCAL_RANK: 0 - CUDA_VISIBLE_DEVICES: [0]
[I 2023-12-16 08:27:26,896] Trial 32 finished with value: 144.89552307128906 and parameters: {'gradient_clip_val': 0.8934114552006088, 'hidden_size': 78, 'dropout': 0.12322654361969891, 'hidden_continuous_size': 45, 'attention_head_size': 1, 'learning_rate': 0.002264599314232626}. Best is trial 8 with value: 21.575193405151367.
LOCAL_RANK: 0 - CUDA_VISIBLE_DEVICES: [0]
[I 2023-12-16 08:28:22,434] Trial 33 finished with value: 166.93919372558594 and parameters: {'gradient_clip_val': 0.9857285698570257, 'hidden_size': 82, 'dropout': 0.16110644574153388, 'hidden_continuous_size': 60, 'attention_head_size': 1, 'learning_rate': 0.007461454519022444}. Best is trial 8 with value: 21.575193405151367.
LOCAL_RANK: 0 - CUDA_VISIBLE_DEVICES: [0]
[I 2023-12-16 08:29:19,314] Trial 34 finished with value: 119.5048599243164 and parameters: {'gradient_clip_val': 0.6201142652254549, 'hidden_size': 99, 'dropout': 0.17376836664364254, 'hidden_continuous_size': 69, 'attention_head_size': 1, 'learning_rate': 0.004555089076132856}. Best is trial 8 with value: 21.575193405151367.
LOCAL_RANK: 0 - CUDA_VISIBLE_DEVICES: [0]
[I 2023-12-16 08:30:12,791] Trial 35 finished with value: 62.27638626098633 and parameters: {'gradient_clip_val': 0.6829726637725934, 'hidden_size': 57, 'dropout': 0.12155177136856024, 'hidden_continuous_size': 42, 'attention_head_size': 2, 'learning_rate': 0.015507706994024975}. Best is trial 8 with value: 21.575193405151367.
LOCAL_RANK: 0 - CUDA_VISIBLE_DEVICES: [0]
[I 2023-12-16 08:31:03,243] Trial 36 finished with value: 67.44131469726562 and parameters: {'gradient_clip_val': 0.38722222286205127, 'hidden_size': 40, 'dropout': 0.1433276179469622, 'hidden_continuous_size': 31, 'attention_head_size': 1, 'learning_rate': 0.0020297233862141017}. Best is trial 8 with value: 21.575193405151367.
LOCAL_RANK: 0 - CUDA_VISIBLE_DEVICES: [0]
[I 2023-12-16 08:31:57,808] Trial 37 finished with value: 71.71903228759766 and parameters: {'gradient_clip_val': 0.4735867599723193, 'hidden_size': 70, 'dropout': 0.11843260122166827, 'hidden_continuous_size': 51, 'attention_head_size': 2, 'learning_rate': 0.010206330932383772}. Best is trial 8 with value: 21.575193405151367.
LOCAL_RANK: 0 - CUDA_VISIBLE_DEVICES: [0]
[I 2023-12-16 08:32:53,756] Trial 38 finished with value: 37.19710159301758 and parameters: {'gradient_clip_val': 0.7951599490188719, 'hidden_size': 82, 'dropout': 0.1018335951151989, 'hidden_continuous_size': 65, 'attention_head_size': 1, 'learning_rate': 0.0014689118758680379}. Best is trial 8 with value: 21.575193405151367.
LOCAL_RANK: 0 - CUDA_VISIBLE_DEVICES: [0]
[I 2023-12-16 08:33:46,638] Trial 39 finished with value: 91.94792938232422 and parameters: {'gradient_clip_val': 0.7218693144543117, 'hidden_size': 68, 'dropout': 0.1530531426411878, 'hidden_continuous_size': 48, 'attention_head_size': 1, 'learning_rate': 0.0036096032750732275}. Best is trial 8 with value: 21.575193405151367.
LOCAL_RANK: 0 - CUDA_VISIBLE_DEVICES: [0]
[I 2023-12-16 08:34:40,084] Trial 40 finished with value: 24.811010360717773 and parameters: {'gradient_clip_val': 0.489974483332405, 'hidden_size': 60, 'dropout': 0.20257867100950006, 'hidden_continuous_size': 45, 'attention_head_size': 2, 'learning_rate': 0.005435974707541753}. Best is trial 8 with value: 21.575193405151367.
LOCAL_RANK: 0 - CUDA_VISIBLE_DEVICES: [0]
[I 2023-12-16 08:35:33,713] Trial 41 finished with value: 28.451868057250977 and parameters: {'gradient_clip_val': 0.4828030045533224, 'hidden_size': 58, 'dropout': 0.1998924846501101, 'hidden_continuous_size': 45, 'attention_head_size': 2, 'learning_rate': 0.0054147482075783075}. Best is trial 8 with value: 21.575193405151367.
LOCAL_RANK: 0 - CUDA_VISIBLE_DEVICES: [0]
[I 2023-12-16 08:36:27,321] Trial 42 finished with value: 106.61275482177734 and parameters: {'gradient_clip_val': 0.49315746264898946, 'hidden_size': 62, 'dropout': 0.20393798473962269, 'hidden_continuous_size': 47, 'attention_head_size': 2, 'learning_rate': 0.005757533539674964}. Best is trial 8 with value: 21.575193405151367.
LOCAL_RANK: 0 - CUDA_VISIBLE_DEVICES: [0]
[I 2023-12-16 08:37:20,187] Trial 43 finished with value: 45.03286361694336 and parameters: {'gradient_clip_val': 0.4382414331722365, 'hidden_size': 43, 'dropout': 0.18290381838867315, 'hidden_continuous_size': 36, 'attention_head_size': 2, 'learning_rate': 0.006647940155910266}. Best is trial 8 with value: 21.575193405151367.
LOCAL_RANK: 0 - CUDA_VISIBLE_DEVICES: [0]
[I 2023-12-16 08:38:13,462] Trial 44 finished with value: 76.18207550048828 and parameters: {'gradient_clip_val': 0.4046872965190807, 'hidden_size': 53, 'dropout': 0.25030585317092774, 'hidden_continuous_size': 41, 'attention_head_size': 2, 'learning_rate': 0.003377471797716258}. Best is trial 8 with value: 21.575193405151367.
LOCAL_RANK: 0 - CUDA_VISIBLE_DEVICES: [0]
[I 2023-12-16 08:39:04,721] Trial 45 finished with value: 23.771638870239258 and parameters: {'gradient_clip_val': 0.5527685405053474, 'hidden_size': 36, 'dropout': 0.16732517680353037, 'hidden_continuous_size': 31, 'attention_head_size': 3, 'learning_rate': 0.009144276622252517}. Best is trial 8 with value: 21.575193405151367.
LOCAL_RANK: 0 - CUDA_VISIBLE_DEVICES: [0]
[I 2023-12-16 08:39:57,192] Trial 46 finished with value: 33.42535400390625 and parameters: {'gradient_clip_val': 0.5524323455831361, 'hidden_size': 38, 'dropout': 0.1980336442151909, 'hidden_continuous_size': 31, 'attention_head_size': 3, 'learning_rate': 0.008407098253214812}. Best is trial 8 with value: 21.575193405151367.
LOCAL_RANK: 0 - CUDA_VISIBLE_DEVICES: [0]
[I 2023-12-16 08:40:49,755] Trial 47 finished with value: 33.1630744934082 and parameters: {'gradient_clip_val': 0.3575125795434612, 'hidden_size': 44, 'dropout': 0.17233329810153888, 'hidden_continuous_size': 36, 'attention_head_size': 4, 'learning_rate': 0.017734247100427553}. Best is trial 8 with value: 21.575193405151367.
LOCAL_RANK: 0 - CUDA_VISIBLE_DEVICES: [0]
[I 2023-12-16 08:41:41,990] Trial 48 finished with value: 33.799163818359375 and parameters: {'gradient_clip_val': 0.4850583017099397, 'hidden_size': 33, 'dropout': 0.16036745516368317, 'hidden_continuous_size': 27, 'attention_head_size': 3, 'learning_rate': 0.01155410617805565}. Best is trial 8 with value: 21.575193405151367.
LOCAL_RANK: 0 - CUDA_VISIBLE_DEVICES: [0]
[I 2023-12-16 08:42:29,333] Trial 49 finished with value: 26.195077896118164 and parameters: {'gradient_clip_val': 0.579982192787667, 'hidden_size': 18, 'dropout': 0.21328474149139456, 'hidden_continuous_size': 10, 'attention_head_size': 3, 'learning_rate': 0.009250945713814967}. Best is trial 8 with value: 21.575193405151367.
[I 2023-12-16 08:42:29,426] A new study created in memory with name: no-name-f1f8d5bd-1802-424f-8bc1-cfcd5cb2ab9f
/home/le004/conda/anaconda3/envs/tsff_env/lib/python3.9/site-packages/lightning/fabric/plugins/environments/slurm.py:191: The `srun` command is available on your system but is not used. HINT: If your intention is to run Lightning on SLURM, prepend your python command with `srun` like so: srun python /home/le004/master_thesis/git/TSFusionForecast/code/ ...
LOCAL_RANK: 0 - CUDA_VISIBLE_DEVICES: [0]
[I 2023-12-16 08:43:21,433] Trial 0 finished with value: 42.164554595947266 and parameters: {'gradient_clip_val': 0.11493449033941455, 'hidden_size': 56, 'dropout': 0.31701741329021127, 'hidden_continuous_size': 12, 'attention_head_size': 3, 'learning_rate': 0.09848582761253852}. Best is trial 0 with value: 42.164554595947266.
LOCAL_RANK: 0 - CUDA_VISIBLE_DEVICES: [0]
[I 2023-12-16 08:44:13,294] Trial 1 finished with value: 26.188817977905273 and parameters: {'gradient_clip_val': 0.4905463745336147, 'hidden_size': 47, 'dropout': 0.24439067205756132, 'hidden_continuous_size': 13, 'attention_head_size': 2, 'learning_rate': 0.0005673197421811148}. Best is trial 1 with value: 26.188817977905273.
LOCAL_RANK: 0 - CUDA_VISIBLE_DEVICES: [0]
[I 2023-12-16 08:45:05,428] Trial 2 finished with value: 40.305397033691406 and parameters: {'gradient_clip_val': 0.4798209702600188, 'hidden_size': 41, 'dropout': 0.22665770276776492, 'hidden_continuous_size': 15, 'attention_head_size': 4, 'learning_rate': 0.05305621988249691}. Best is trial 1 with value: 26.188817977905273.
LOCAL_RANK: 0 - CUDA_VISIBLE_DEVICES: [0]
[I 2023-12-16 08:45:54,310] Trial 3 finished with value: 60.05558776855469 and parameters: {'gradient_clip_val': 0.3805323075340095, 'hidden_size': 32, 'dropout': 0.2935313559686121, 'hidden_continuous_size': 14, 'attention_head_size': 4, 'learning_rate': 0.0038940506538730517}. Best is trial 1 with value: 26.188817977905273.
LOCAL_RANK: 0 - CUDA_VISIBLE_DEVICES: [0]
[I 2023-12-16 08:46:47,136] Trial 4 finished with value: 31.43328857421875 and parameters: {'gradient_clip_val': 0.8622970705703994, 'hidden_size': 71, 'dropout': 0.3370471680592143, 'hidden_continuous_size': 17, 'attention_head_size': 2, 'learning_rate': 0.021352742873496446}. Best is trial 1 with value: 26.188817977905273.
LOCAL_RANK: 0 - CUDA_VISIBLE_DEVICES: [0]
[I 2023-12-16 08:47:38,728] Trial 5 finished with value: 30.538061141967773 and parameters: {'gradient_clip_val': 0.11366431817992856, 'hidden_size': 78, 'dropout': 0.385720244640124, 'hidden_continuous_size': 5, 'attention_head_size': 3, 'learning_rate': 0.004801419267617059}. Best is trial 1 with value: 26.188817977905273.
LOCAL_RANK: 0 - CUDA_VISIBLE_DEVICES: [0]
[I 2023-12-16 08:48:12,621] Trial 6 finished with value: 32.43706130981445 and parameters: {'gradient_clip_val': 0.4732779700336045, 'hidden_size': 5, 'dropout': 0.1017421462242568, 'hidden_continuous_size': 5, 'attention_head_size': 3, 'learning_rate': 0.0018117793172051481}. Best is trial 1 with value: 26.188817977905273.
LOCAL_RANK: 0 - CUDA_VISIBLE_DEVICES: [0]
[I 2023-12-16 08:48:45,822] Trial 7 finished with value: 45.153411865234375 and parameters: {'gradient_clip_val': 0.11634932682786821, 'hidden_size': 8, 'dropout': 0.33376570750357726, 'hidden_continuous_size': 8, 'attention_head_size': 2, 'learning_rate': 0.047174244680944194}. Best is trial 1 with value: 26.188817977905273.
LOCAL_RANK: 0 - CUDA_VISIBLE_DEVICES: [0]
[I 2023-12-16 08:49:33,141] Trial 8 finished with value: 57.75628662109375 and parameters: {'gradient_clip_val': 0.21984776163319916, 'hidden_size': 23, 'dropout': 0.19300151302113533, 'hidden_continuous_size': 5, 'attention_head_size': 1, 'learning_rate': 0.08784543840218233}. Best is trial 1 with value: 26.188817977905273.
LOCAL_RANK: 0 - CUDA_VISIBLE_DEVICES: [0]
[I 2023-12-16 08:50:20,329] Trial 9 finished with value: 39.05257797241211 and parameters: {'gradient_clip_val': 0.26269868503583466, 'hidden_size': 24, 'dropout': 0.23614806268462996, 'hidden_continuous_size': 14, 'attention_head_size': 1, 'learning_rate': 0.08443900085104265}. Best is trial 1 with value: 26.188817977905273.
LOCAL_RANK: 0 - CUDA_VISIBLE_DEVICES: [0]
[I 2023-12-16 08:51:05,712] Trial 10 finished with value: 13.314898490905762 and parameters: {'gradient_clip_val': 0.9215692442330257, 'hidden_size': 13, 'dropout': 0.18239893239711152, 'hidden_continuous_size': 10, 'attention_head_size': 2, 'learning_rate': 0.0005063421457182879}. Best is trial 10 with value: 13.314898490905762.
LOCAL_RANK: 0 - CUDA_VISIBLE_DEVICES: [0]
[I 2023-12-16 08:51:52,807] Trial 11 finished with value: 26.518587112426758 and parameters: {'gradient_clip_val': 0.9949702366826244, 'hidden_size': 18, 'dropout': 0.17227453217635597, 'hidden_continuous_size': 10, 'attention_head_size': 2, 'learning_rate': 0.000506933863742053}. Best is trial 10 with value: 13.314898490905762.
LOCAL_RANK: 0 - CUDA_VISIBLE_DEVICES: [0]
[I 2023-12-16 08:52:38,403] Trial 12 finished with value: 29.39919090270996 and parameters: {'gradient_clip_val': 0.699350354039088, 'hidden_size': 14, 'dropout': 0.27359574367610984, 'hidden_continuous_size': 10, 'attention_head_size': 2, 'learning_rate': 0.0005066195440524272}. Best is trial 10 with value: 13.314898490905762.
LOCAL_RANK: 0 - CUDA_VISIBLE_DEVICES: [0]
