[rank: 0] Seed set to 42
[I 2023-12-15 10:45:09,153] A new study created in memory with name: no-name-9fe9b0e2-7dbf-46cf-acc1-ec6b9a67e5a8
/home/le004/conda/anaconda3/envs/tsff_env/lib/python3.9/site-packages/lightning/fabric/plugins/environments/slurm.py:191: The `srun` command is available on your system but is not used. HINT: If your intention is to run Lightning on SLURM, prepend your python command with `srun` like so: srun python /home/le004/master_thesis/git/TSFusionForecast/code/ ...
LOCAL_RANK: 0 - CUDA_VISIBLE_DEVICES: [0]
[I 2023-12-15 10:45:55,172] Trial 0 finished with value: 1254.5250244140625 and parameters: {'gradient_clip_val': 0.19705173399179, 'hidden_size': 15, 'dropout': 0.3181764054155357, 'hidden_continuous_size': 5, 'attention_head_size': 2, 'learning_rate': 0.08708523576428742}. Best is trial 0 with value: 1254.5250244140625.
LOCAL_RANK: 0 - CUDA_VISIBLE_DEVICES: [0]
[I 2023-12-15 10:46:44,159] Trial 1 finished with value: 498.4571533203125 and parameters: {'gradient_clip_val': 0.6765047098560828, 'hidden_size': 23, 'dropout': 0.3179185968752907, 'hidden_continuous_size': 19, 'attention_head_size': 3, 'learning_rate': 0.0012653741830104181}. Best is trial 1 with value: 498.4571533203125.
LOCAL_RANK: 0 - CUDA_VISIBLE_DEVICES: [0]
[I 2023-12-15 10:47:32,082] Trial 2 finished with value: 445.687744140625 and parameters: {'gradient_clip_val': 0.3656034390159152, 'hidden_size': 37, 'dropout': 0.3858924600340098, 'hidden_continuous_size': 5, 'attention_head_size': 1, 'learning_rate': 0.071843771121874}. Best is trial 2 with value: 445.687744140625.
LOCAL_RANK: 0 - CUDA_VISIBLE_DEVICES: [0]
[I 2023-12-15 10:48:17,658] Trial 3 finished with value: 1708.0748291015625 and parameters: {'gradient_clip_val': 0.11191092814952107, 'hidden_size': 16, 'dropout': 0.2072824636572108, 'hidden_continuous_size': 10, 'attention_head_size': 4, 'learning_rate': 0.023673102233667045}. Best is trial 2 with value: 445.687744140625.
LOCAL_RANK: 0 - CUDA_VISIBLE_DEVICES: [0]
[I 2023-12-15 10:49:04,523] Trial 4 finished with value: 586.7740478515625 and parameters: {'gradient_clip_val': 0.19779067802153402, 'hidden_size': 19, 'dropout': 0.12020883032338578, 'hidden_continuous_size': 8, 'attention_head_size': 1, 'learning_rate': 0.008774173644509086}. Best is trial 2 with value: 445.687744140625.
LOCAL_RANK: 0 - CUDA_VISIBLE_DEVICES: [0]
[I 2023-12-15 10:49:52,167] Trial 5 finished with value: 1213.51611328125 and parameters: {'gradient_clip_val': 0.10678235957261512, 'hidden_size': 17, 'dropout': 0.3643612357041346, 'hidden_continuous_size': 11, 'attention_head_size': 4, 'learning_rate': 0.052072344571147594}. Best is trial 2 with value: 445.687744140625.
LOCAL_RANK: 0 - CUDA_VISIBLE_DEVICES: [0]
[I 2023-12-15 10:50:37,088] Trial 6 finished with value: 659.3876342773438 and parameters: {'gradient_clip_val': 0.11183567291814327, 'hidden_size': 9, 'dropout': 0.1667212588322986, 'hidden_continuous_size': 8, 'attention_head_size': 1, 'learning_rate': 0.00564878608799282}. Best is trial 2 with value: 445.687744140625.
LOCAL_RANK: 0 - CUDA_VISIBLE_DEVICES: [0]
[I 2023-12-15 10:51:29,773] Trial 7 finished with value: 1467.4259033203125 and parameters: {'gradient_clip_val': 0.11176393050436705, 'hidden_size': 41, 'dropout': 0.14611154358751577, 'hidden_continuous_size': 39, 'attention_head_size': 1, 'learning_rate': 0.023379892290571566}. Best is trial 2 with value: 445.687744140625.
LOCAL_RANK: 0 - CUDA_VISIBLE_DEVICES: [0]
[I 2023-12-15 10:52:19,612] Trial 8 finished with value: 1318.5958251953125 and parameters: {'gradient_clip_val': 0.6458268976577783, 'hidden_size': 40, 'dropout': 0.28547421754411384, 'hidden_continuous_size': 9, 'attention_head_size': 2, 'learning_rate': 0.0252415444478309}. Best is trial 2 with value: 445.687744140625.
LOCAL_RANK: 0 - CUDA_VISIBLE_DEVICES: [0]
[I 2023-12-15 10:53:13,273] Trial 9 finished with value: 891.72119140625 and parameters: {'gradient_clip_val': 0.9273091573709664, 'hidden_size': 57, 'dropout': 0.17281317162121862, 'hidden_continuous_size': 39, 'attention_head_size': 2, 'learning_rate': 0.07684031838176096}. Best is trial 2 with value: 445.687744140625.
LOCAL_RANK: 0 - CUDA_VISIBLE_DEVICES: [0]
[I 2023-12-15 10:53:51,981] Trial 10 finished with value: 393.0567932128906 and parameters: {'gradient_clip_val': 0.3927825061946485, 'hidden_size': 99, 'dropout': 0.39853082365335896, 'hidden_continuous_size': 99, 'attention_head_size': 3, 'learning_rate': 0.0005959147386818822}. Best is trial 10 with value: 393.0567932128906.
LOCAL_RANK: 0 - CUDA_VISIBLE_DEVICES: [0]
[I 2023-12-15 10:54:48,981] Trial 11 finished with value: 378.6188659667969 and parameters: {'gradient_clip_val': 0.3674216509680152, 'hidden_size': 100, 'dropout': 0.39349078673155513, 'hidden_continuous_size': 59, 'attention_head_size': 3, 'learning_rate': 0.0005279040522400306}. Best is trial 11 with value: 378.6188659667969.
LOCAL_RANK: 0 - CUDA_VISIBLE_DEVICES: [0]
[I 2023-12-15 10:55:47,328] Trial 12 finished with value: 383.8069763183594 and parameters: {'gradient_clip_val': 0.35966474132642823, 'hidden_size': 95, 'dropout': 0.3973198546864057, 'hidden_continuous_size': 88, 'attention_head_size': 3, 'learning_rate': 0.0007232565723023322}. Best is trial 11 with value: 378.6188659667969.
LOCAL_RANK: 0 - CUDA_VISIBLE_DEVICES: [0]
[I 2023-12-15 10:56:45,607] Trial 13 finished with value: 773.2568359375 and parameters: {'gradient_clip_val': 0.44543863767676334, 'hidden_size': 97, 'dropout': 0.3524740949419873, 'hidden_continuous_size': 96, 'attention_head_size': 3, 'learning_rate': 0.000605859166658382}. Best is trial 11 with value: 378.6188659667969.
LOCAL_RANK: 0 - CUDA_VISIBLE_DEVICES: [0]
[I 2023-12-15 10:57:40,887] Trial 14 finished with value: 517.50634765625 and parameters: {'gradient_clip_val': 0.2593356520710427, 'hidden_size': 73, 'dropout': 0.3973710683498934, 'hidden_continuous_size': 51, 'attention_head_size': 3, 'learning_rate': 0.0013270524064422824}. Best is trial 11 with value: 378.6188659667969.
LOCAL_RANK: 0 - CUDA_VISIBLE_DEVICES: [0]
[I 2023-12-15 10:58:36,024] Trial 15 finished with value: 1354.0775146484375 and parameters: {'gradient_clip_val': 0.301022753524049, 'hidden_size': 59, 'dropout': 0.25818720960293984, 'hidden_continuous_size': 51, 'attention_head_size': 4, 'learning_rate': 0.001491291947362817}. Best is trial 11 with value: 378.6188659667969.
LOCAL_RANK: 0 - CUDA_VISIBLE_DEVICES: [0]
[I 2023-12-15 10:59:33,502] Trial 16 finished with value: 655.14697265625 and parameters: {'gradient_clip_val': 0.48584805424751754, 'hidden_size': 95, 'dropout': 0.3450361716137369, 'hidden_continuous_size': 76, 'attention_head_size': 3, 'learning_rate': 0.0005841542575527689}. Best is trial 11 with value: 378.6188659667969.
LOCAL_RANK: 0 - CUDA_VISIBLE_DEVICES: [0]
[I 2023-12-15 11:00:07,397] Trial 17 finished with value: 1186.8834228515625 and parameters: {'gradient_clip_val': 0.30731114731306636, 'hidden_size': 5, 'dropout': 0.3263107018124843, 'hidden_continuous_size': 5, 'attention_head_size': 2, 'learning_rate': 0.0023130623604720527}. Best is trial 11 with value: 378.6188659667969.
LOCAL_RANK: 0 - CUDA_VISIBLE_DEVICES: [0]
[I 2023-12-15 11:01:01,427] Trial 18 finished with value: 828.7734375 and parameters: {'gradient_clip_val': 0.5074406273853458, 'hidden_size': 67, 'dropout': 0.3721853644122217, 'hidden_continuous_size': 29, 'attention_head_size': 4, 'learning_rate': 0.0027895858927622814}. Best is trial 11 with value: 378.6188659667969.
LOCAL_RANK: 0 - CUDA_VISIBLE_DEVICES: [0]
[I 2023-12-15 11:01:54,191] Trial 19 finished with value: 759.3263549804688 and parameters: {'gradient_clip_val': 0.2568424559430036, 'hidden_size': 46, 'dropout': 0.2985161278270904, 'hidden_continuous_size': 18, 'attention_head_size': 3, 'learning_rate': 0.0008754359557950431}. Best is trial 11 with value: 378.6188659667969.
LOCAL_RANK: 0 - CUDA_VISIBLE_DEVICES: [0]
[I 2023-12-15 11:02:43,241] Trial 20 finished with value: 526.4414672851562 and parameters: {'gradient_clip_val': 0.41119641032463466, 'hidden_size': 27, 'dropout': 0.3584742992604059, 'hidden_continuous_size': 14, 'attention_head_size': 2, 'learning_rate': 0.0005054217691643896}. Best is trial 11 with value: 378.6188659667969.
LOCAL_RANK: 0 - CUDA_VISIBLE_DEVICES: [0]
[I 2023-12-15 11:03:40,788] Trial 21 finished with value: 592.8658447265625 and parameters: {'gradient_clip_val': 0.36491571808040985, 'hidden_size': 100, 'dropout': 0.39231640130773987, 'hidden_continuous_size': 96, 'attention_head_size': 3, 'learning_rate': 0.0008600072185101908}. Best is trial 11 with value: 378.6188659667969.
LOCAL_RANK: 0 - CUDA_VISIBLE_DEVICES: [0]
[I 2023-12-15 11:04:36,683] Trial 22 finished with value: 599.55322265625 and parameters: {'gradient_clip_val': 0.39277742284786876, 'hidden_size': 76, 'dropout': 0.396390948515654, 'hidden_continuous_size': 63, 'attention_head_size': 3, 'learning_rate': 0.0005093957593776074}. Best is trial 11 with value: 378.6188659667969.
LOCAL_RANK: 0 - CUDA_VISIBLE_DEVICES: [0]
[I 2023-12-15 11:05:32,121] Trial 23 finished with value: 512.2802734375 and parameters: {'gradient_clip_val': 0.5857795323515734, 'hidden_size': 74, 'dropout': 0.3771734465451001, 'hidden_continuous_size': 59, 'attention_head_size': 3, 'learning_rate': 0.0008855858412642576}. Best is trial 11 with value: 378.6188659667969.
LOCAL_RANK: 0 - CUDA_VISIBLE_DEVICES: [0]
[I 2023-12-15 11:06:26,404] Trial 24 finished with value: 1056.4404296875 and parameters: {'gradient_clip_val': 0.5128997842697479, 'hidden_size': 53, 'dropout': 0.3402253447700542, 'hidden_continuous_size': 38, 'attention_head_size': 4, 'learning_rate': 0.0019635490065279967}. Best is trial 11 with value: 378.6188659667969.
LOCAL_RANK: 0 - CUDA_VISIBLE_DEVICES: [0]
[I 2023-12-15 11:07:23,780] Trial 25 finished with value: 639.372802734375 and parameters: {'gradient_clip_val': 0.3489003848993496, 'hidden_size': 85, 'dropout': 0.3700697006253053, 'hidden_continuous_size': 70, 'attention_head_size': 3, 'learning_rate': 0.0009018646608141094}. Best is trial 11 with value: 378.6188659667969.
LOCAL_RANK: 0 - CUDA_VISIBLE_DEVICES: [0]
[I 2023-12-15 11:08:18,303] Trial 26 finished with value: 1359.142822265625 and parameters: {'gradient_clip_val': 0.4233889974050793, 'hidden_size': 65, 'dropout': 0.3997182875113529, 'hidden_continuous_size': 49, 'attention_head_size': 2, 'learning_rate': 0.00307230542126379}. Best is trial 11 with value: 378.6188659667969.
LOCAL_RANK: 0 - CUDA_VISIBLE_DEVICES: [0]
[I 2023-12-15 11:09:14,661] Trial 27 finished with value: 459.7271423339844 and parameters: {'gradient_clip_val': 0.3140457167151965, 'hidden_size': 80, 'dropout': 0.3371086002780842, 'hidden_continuous_size': 70, 'attention_head_size': 3, 'learning_rate': 0.0008068177170820741}. Best is trial 11 with value: 378.6188659667969.
LOCAL_RANK: 0 - CUDA_VISIBLE_DEVICES: [0]
[I 2023-12-15 11:10:13,226] Trial 28 finished with value: 562.3546752929688 and parameters: {'gradient_clip_val': 0.4502481520140496, 'hidden_size': 99, 'dropout': 0.3725600095077207, 'hidden_continuous_size': 84, 'attention_head_size': 4, 'learning_rate': 0.0012943146989558107}. Best is trial 11 with value: 378.6188659667969.
LOCAL_RANK: 0 - CUDA_VISIBLE_DEVICES: [0]
[I 2023-12-15 11:11:04,998] Trial 29 finished with value: 442.7177429199219 and parameters: {'gradient_clip_val': 0.25178495426986314, 'hidden_size': 32, 'dropout': 0.3150856471872917, 'hidden_continuous_size': 28, 'attention_head_size': 3, 'learning_rate': 0.0006239065620496947}. Best is trial 11 with value: 378.6188659667969.
LOCAL_RANK: 0 - CUDA_VISIBLE_DEVICES: [0]
[I 2023-12-15 11:11:58,761] Trial 30 finished with value: 1215.184814453125 and parameters: {'gradient_clip_val': 0.20893655016041254, 'hidden_size': 51, 'dropout': 0.3503694728389841, 'hidden_continuous_size': 43, 'attention_head_size': 2, 'learning_rate': 0.0018491744392215462}. Best is trial 11 with value: 378.6188659667969.
LOCAL_RANK: 0 - CUDA_VISIBLE_DEVICES: [0]
[I 2023-12-15 11:12:51,537] Trial 31 finished with value: 445.8100280761719 and parameters: {'gradient_clip_val': 0.28447863194057, 'hidden_size': 34, 'dropout': 0.3182692840108236, 'hidden_continuous_size': 29, 'attention_head_size': 3, 'learning_rate': 0.0006764174386434826}. Best is trial 11 with value: 378.6188659667969.
LOCAL_RANK: 0 - CUDA_VISIBLE_DEVICES: [0]
[I 2023-12-15 11:13:46,543] Trial 32 finished with value: 528.1734008789062 and parameters: {'gradient_clip_val': 0.3490270747427678, 'hidden_size': 61, 'dropout': 0.3787954217460843, 'hidden_continuous_size': 52, 'attention_head_size': 3, 'learning_rate': 0.0005034657507000246}. Best is trial 11 with value: 378.6188659667969.
LOCAL_RANK: 0 - CUDA_VISIBLE_DEVICES: [0]
[I 2023-12-15 11:14:43,471] Trial 33 finished with value: 705.987060546875 and parameters: {'gradient_clip_val': 0.23835582093374835, 'hidden_size': 78, 'dropout': 0.3590046657554749, 'hidden_continuous_size': 67, 'attention_head_size': 3, 'learning_rate': 0.0009213387274359145}. Best is trial 11 with value: 378.6188659667969.
LOCAL_RANK: 0 - CUDA_VISIBLE_DEVICES: [0]
[I 2023-12-15 11:15:36,931] Trial 34 finished with value: 572.8873901367188 and parameters: {'gradient_clip_val': 0.16778598021110414, 'hidden_size': 45, 'dropout': 0.3839275518655843, 'hidden_continuous_size': 34, 'attention_head_size': 3, 'learning_rate': 0.0010234053471481375}. Best is trial 11 with value: 378.6188659667969.
LOCAL_RANK: 0 - CUDA_VISIBLE_DEVICES: [0]
[I 2023-12-15 11:16:29,430] Trial 35 finished with value: 431.8648986816406 and parameters: {'gradient_clip_val': 0.35982183214067487, 'hidden_size': 30, 'dropout': 0.3053661616344759, 'hidden_continuous_size': 26, 'attention_head_size': 4, 'learning_rate': 0.0007084261981296991}. Best is trial 11 with value: 378.6188659667969.
LOCAL_RANK: 0 - CUDA_VISIBLE_DEVICES: [0]
[I 2023-12-15 11:17:19,335] Trial 36 finished with value: 757.513916015625 and parameters: {'gradient_clip_val': 0.36796561452156706, 'hidden_size': 22, 'dropout': 0.38253260401929023, 'hidden_continuous_size': 20, 'attention_head_size': 4, 'learning_rate': 0.0011864052126720395}. Best is trial 11 with value: 378.6188659667969.
LOCAL_RANK: 0 - CUDA_VISIBLE_DEVICES: [0]
[I 2023-12-15 11:18:16,776] Trial 37 finished with value: 657.27783203125 and parameters: {'gradient_clip_val': 0.33125983287476085, 'hidden_size': 83, 'dropout': 0.33328163914816955, 'hidden_continuous_size': 65, 'attention_head_size': 4, 'learning_rate': 0.0007139096949332598}. Best is trial 11 with value: 378.6188659667969.
LOCAL_RANK: 0 - CUDA_VISIBLE_DEVICES: [0]
[I 2023-12-15 11:19:11,548] Trial 38 finished with value: 562.1874389648438 and parameters: {'gradient_clip_val': 0.36330691959305667, 'hidden_size': 64, 'dropout': 0.39950991941442227, 'hidden_continuous_size': 55, 'attention_head_size': 4, 'learning_rate': 0.0015823446485247156}. Best is trial 11 with value: 378.6188659667969.
LOCAL_RANK: 0 - CUDA_VISIBLE_DEVICES: [0]
[I 2023-12-15 11:20:06,016] Trial 39 finished with value: 580.30126953125 and parameters: {'gradient_clip_val': 0.4127589226520302, 'hidden_size': 50, 'dropout': 0.3585914614638549, 'hidden_continuous_size': 44, 'attention_head_size': 4, 'learning_rate': 0.001127091151481173}. Best is trial 11 with value: 378.6188659667969.
LOCAL_RANK: 0 - CUDA_VISIBLE_DEVICES: [0]
[I 2023-12-15 11:20:58,899] Trial 40 finished with value: 616.5819702148438 and parameters: {'gradient_clip_val': 0.5756405887745495, 'hidden_size': 37, 'dropout': 0.23985511793779724, 'hidden_continuous_size': 34, 'attention_head_size': 2, 'learning_rate': 0.0007608875621886932}. Best is trial 11 with value: 378.6188659667969.
LOCAL_RANK: 0 - CUDA_VISIBLE_DEVICES: [0]
[I 2023-12-15 11:21:50,570] Trial 41 finished with value: 582.5509643554688 and parameters: {'gradient_clip_val': 0.28001775587156313, 'hidden_size': 29, 'dropout': 0.31471748229185764, 'hidden_continuous_size': 23, 'attention_head_size': 3, 'learning_rate': 0.0006304302550212636}. Best is trial 11 with value: 378.6188659667969.
LOCAL_RANK: 0 - CUDA_VISIBLE_DEVICES: [0]
[I 2023-12-15 11:22:41,279] Trial 42 finished with value: 621.7405395507812 and parameters: {'gradient_clip_val': 0.3224971785372244, 'hidden_size': 26, 'dropout': 0.29934834886272044, 'hidden_continuous_size': 23, 'attention_head_size': 3, 'learning_rate': 0.0007202388839326546}. Best is trial 11 with value: 378.6188659667969.
LOCAL_RANK: 0 - CUDA_VISIBLE_DEVICES: [0]
[I 2023-12-15 11:23:27,888] Trial 43 finished with value: 590.115966796875 and parameters: {'gradient_clip_val': 0.2348875277438354, 'hidden_size': 14, 'dropout': 0.3647453929918562, 'hidden_continuous_size': 11, 'attention_head_size': 3, 'learning_rate': 0.0011090436860294126}. Best is trial 11 with value: 378.6188659667969.
LOCAL_RANK: 0 - CUDA_VISIBLE_DEVICES: [0]
[I 2023-12-15 11:24:24,664] Trial 44 finished with value: 770.1056518554688 and parameters: {'gradient_clip_val': 0.3837105221662195, 'hidden_size': 87, 'dropout': 0.3826228625037468, 'hidden_continuous_size': 76, 'attention_head_size': 1, 'learning_rate': 0.0006216254518148506}. Best is trial 11 with value: 378.6188659667969.
LOCAL_RANK: 0 - CUDA_VISIBLE_DEVICES: [0]
[I 2023-12-15 11:25:17,837] Trial 45 finished with value: 460.1409606933594 and parameters: {'gradient_clip_val': 0.32639037729759857, 'hidden_size': 33, 'dropout': 0.346915086063582, 'hidden_continuous_size': 29, 'attention_head_size': 4, 'learning_rate': 0.00051691249935211}. Best is trial 11 with value: 378.6188659667969.
LOCAL_RANK: 0 - CUDA_VISIBLE_DEVICES: [0]
[I 2023-12-15 11:26:11,436] Trial 46 finished with value: 714.451904296875 and parameters: {'gradient_clip_val': 0.4648665451320468, 'hidden_size': 43, 'dropout': 0.2740591510695402, 'hidden_continuous_size': 38, 'attention_head_size': 3, 'learning_rate': 0.0015342007449462166}. Best is trial 11 with value: 378.6188659667969.
LOCAL_RANK: 0 - CUDA_VISIBLE_DEVICES: [0]
[I 2023-12-15 11:27:06,119] Trial 47 finished with value: 424.044921875 and parameters: {'gradient_clip_val': 0.2851971014003031, 'hidden_size': 57, 'dropout': 0.32806188063279557, 'hidden_continuous_size': 47, 'attention_head_size': 3, 'learning_rate': 0.0006725307448685877}. Best is trial 11 with value: 378.6188659667969.
LOCAL_RANK: 0 - CUDA_VISIBLE_DEVICES: [0]
[I 2023-12-15 11:28:01,213] Trial 48 finished with value: 652.1432495117188 and parameters: {'gradient_clip_val': 0.28338997058526205, 'hidden_size': 70, 'dropout': 0.3885601026671057, 'hidden_continuous_size': 58, 'attention_head_size': 2, 'learning_rate': 0.0010526224595058388}. Best is trial 11 with value: 378.6188659667969.
LOCAL_RANK: 0 - CUDA_VISIBLE_DEVICES: [0]
[I 2023-12-15 11:28:58,978] Trial 49 finished with value: 967.3984375 and parameters: {'gradient_clip_val': 0.3994836264269624, 'hidden_size': 90, 'dropout': 0.3649110712383739, 'hidden_continuous_size': 78, 'attention_head_size': 3, 'learning_rate': 0.0006976629938092516}. Best is trial 11 with value: 378.6188659667969.
[I 2023-12-15 11:28:59,073] A new study created in memory with name: no-name-8fa10008-01d5-4d0a-b701-06ac47ad1703
/home/le004/conda/anaconda3/envs/tsff_env/lib/python3.9/site-packages/lightning/fabric/plugins/environments/slurm.py:191: The `srun` command is available on your system but is not used. HINT: If your intention is to run Lightning on SLURM, prepend your python command with `srun` like so: srun python /home/le004/master_thesis/git/TSFusionForecast/code/ ...
LOCAL_RANK: 0 - CUDA_VISIBLE_DEVICES: [0]
[I 2023-12-15 11:29:45,922] Trial 0 finished with value: 0.17633777856826782 and parameters: {'gradient_clip_val': 0.3741230830507136, 'hidden_size': 14, 'dropout': 0.14730764722840994, 'hidden_continuous_size': 9, 'attention_head_size': 4, 'learning_rate': 0.002308083412059081}. Best is trial 0 with value: 0.17633777856826782.
LOCAL_RANK: 0 - CUDA_VISIBLE_DEVICES: [0]
[I 2023-12-15 11:30:41,967] Trial 1 finished with value: 0.08608642220497131 and parameters: {'gradient_clip_val': 0.8037130757253989, 'hidden_size': 73, 'dropout': 0.1103958462721372, 'hidden_continuous_size': 60, 'attention_head_size': 4, 'learning_rate': 0.0028147378538883}. Best is trial 1 with value: 0.08608642220497131.
LOCAL_RANK: 0 - CUDA_VISIBLE_DEVICES: [0]
[I 2023-12-15 11:31:33,804] Trial 2 finished with value: 0.34384894371032715 and parameters: {'gradient_clip_val': 0.25253437215325475, 'hidden_size': 31, 'dropout': 0.15807755278280392, 'hidden_continuous_size': 23, 'attention_head_size': 2, 'learning_rate': 0.000628788912953311}. Best is trial 1 with value: 0.08608642220497131.
LOCAL_RANK: 0 - CUDA_VISIBLE_DEVICES: [0]
[I 2023-12-15 11:32:23,827] Trial 3 finished with value: 0.23292283713817596 and parameters: {'gradient_clip_val': 0.4829981522775882, 'hidden_size': 27, 'dropout': 0.3741446679597903, 'hidden_continuous_size': 20, 'attention_head_size': 3, 'learning_rate': 0.0008288139081951335}. Best is trial 1 with value: 0.08608642220497131.
LOCAL_RANK: 0 - CUDA_VISIBLE_DEVICES: [0]
[I 2023-12-15 11:33:15,657] Trial 4 finished with value: 0.28066137433052063 and parameters: {'gradient_clip_val': 0.10859977645258459, 'hidden_size': 53, 'dropout': 0.3319892079939296, 'hidden_continuous_size': 9, 'attention_head_size': 1, 'learning_rate': 0.005950948772202521}. Best is trial 1 with value: 0.08608642220497131.
LOCAL_RANK: 0 - CUDA_VISIBLE_DEVICES: [0]
[I 2023-12-15 11:34:08,141] Trial 5 finished with value: 0.0928412452340126 and parameters: {'gradient_clip_val': 0.8172381837681996, 'hidden_size': 47, 'dropout': 0.3020142499120284, 'hidden_continuous_size': 10, 'attention_head_size': 1, 'learning_rate': 0.0911034516820813}. Best is trial 1 with value: 0.08608642220497131.
LOCAL_RANK: 0 - CUDA_VISIBLE_DEVICES: [0]
