[I 2023-12-26 11:39:56,533] Trial 13 finished with value: 6.145385265350342 and parameters: {'gradient_clip_val': 0.6138495324552039, 'hidden_size': 85, 'dropout': 0.3644932996771735, 'hidden_continuous_size': 36, 'attention_head_size': 2, 'learning_rate': 0.0072540278515626465}. Best is trial 0 with value: 0.11050963401794434.
[I 2023-12-26 11:39:59,299] Trial 14 finished with value: 5.217298984527588 and parameters: {'gradient_clip_val': 0.3170176191075357, 'hidden_size': 18, 'dropout': 0.23346224318203732, 'hidden_continuous_size': 7, 'attention_head_size': 3, 'learning_rate': 0.04382848850875926}. Best is trial 0 with value: 0.11050963401794434.
[I 2023-12-26 11:40:03,282] Trial 15 finished with value: 4.058228015899658 and parameters: {'gradient_clip_val': 0.7079352127412066, 'hidden_size': 43, 'dropout': 0.1616879998198767, 'hidden_continuous_size': 19, 'attention_head_size': 3, 'learning_rate': 0.007626528256337514}. Best is trial 0 with value: 0.11050963401794434.
[I 2023-12-26 11:40:10,155] Trial 16 finished with value: 4.597290992736816 and parameters: {'gradient_clip_val': 0.5924592748997776, 'hidden_size': 87, 'dropout': 0.10807946630094158, 'hidden_continuous_size': 18, 'attention_head_size': 2, 'learning_rate': 0.04610774430021861}. Best is trial 0 with value: 0.11050963401794434.
[I 2023-12-26 11:40:21,858] Trial 17 finished with value: 3.087561845779419 and parameters: {'gradient_clip_val': 0.15311515211765236, 'hidden_size': 147, 'dropout': 0.3286568297072226, 'hidden_continuous_size': 42, 'attention_head_size': 3, 'learning_rate': 0.09479113641629905}. Best is trial 0 with value: 0.11050963401794434.
[I 2023-12-26 11:40:26,208] Trial 18 finished with value: 4.199739933013916 and parameters: {'gradient_clip_val': 0.32391425544947, 'hidden_size': 55, 'dropout': 0.233003660379963, 'hidden_continuous_size': 10, 'attention_head_size': 2, 'learning_rate': 0.003988516460779295}. Best is trial 0 with value: 0.11050963401794434.
[I 2023-12-26 11:40:29,506] Trial 19 finished with value: 4.833059787750244 and parameters: {'gradient_clip_val': 0.7029047918272676, 'hidden_size': 35, 'dropout': 0.1935140663927939, 'hidden_continuous_size': 15, 'attention_head_size': 4, 'learning_rate': 0.012169852953021395}. Best is trial 0 with value: 0.11050963401794434.
[I 2023-12-26 11:40:32,007] Trial 20 finished with value: 4.2949604988098145 and parameters: {'gradient_clip_val': 0.5075844966037766, 'hidden_size': 24, 'dropout': 0.1440903073497424, 'hidden_continuous_size': 8, 'attention_head_size': 3, 'learning_rate': 0.0339850420362865}. Best is trial 0 with value: 0.11050963401794434.
[I 2023-12-26 11:40:36,506] Trial 21 finished with value: 4.564784049987793 and parameters: {'gradient_clip_val': 0.226599234299547, 'hidden_size': 57, 'dropout': 0.15169305240319758, 'hidden_continuous_size': 23, 'attention_head_size': 4, 'learning_rate': 0.054178366238567505}. Best is trial 0 with value: 0.11050963401794434.
[I 2023-12-26 11:40:40,797] Trial 22 finished with value: 4.3374786376953125 and parameters: {'gradient_clip_val': 0.265720870403148, 'hidden_size': 44, 'dropout': 0.13770097726897013, 'hidden_continuous_size': 21, 'attention_head_size': 4, 'learning_rate': 0.06976002234784678}. Best is trial 0 with value: 0.11050963401794434.
[I 2023-12-26 11:40:46,655] Trial 23 finished with value: 3.298518419265747 and parameters: {'gradient_clip_val': 0.18116993742343668, 'hidden_size': 70, 'dropout': 0.18733496251786663, 'hidden_continuous_size': 30, 'attention_head_size': 3, 'learning_rate': 0.06546418493159233}. Best is trial 0 with value: 0.11050963401794434.
[I 2023-12-26 11:40:54,665] Trial 24 finished with value: 4.247420787811279 and parameters: {'gradient_clip_val': 0.35907665333233973, 'hidden_size': 101, 'dropout': 0.13863032999866295, 'hidden_continuous_size': 30, 'attention_head_size': 4, 'learning_rate': 0.032207901258686444}. Best is trial 0 with value: 0.11050963401794434.
[I 2023-12-26 11:40:58,697] Trial 25 finished with value: 2.6913764476776123 and parameters: {'gradient_clip_val': 0.29770924647570784, 'hidden_size': 52, 'dropout': 0.1010972189239568, 'hidden_continuous_size': 20, 'attention_head_size': 3, 'learning_rate': 0.02967174488609367}. Best is trial 0 with value: 0.11050963401794434.
[I 2023-12-26 11:41:05,255] Trial 26 finished with value: 3.5743207931518555 and parameters: {'gradient_clip_val': 0.27903687525809917, 'hidden_size': 69, 'dropout': 0.10636463146736548, 'hidden_continuous_size': 20, 'attention_head_size': 3, 'learning_rate': 0.028561262274405023}. Best is trial 0 with value: 0.11050963401794434.
[I 2023-12-26 11:41:13,498] Trial 27 finished with value: 3.9223320484161377 and parameters: {'gradient_clip_val': 0.35495739358050266, 'hidden_size': 109, 'dropout': 0.17563143362853842, 'hidden_continuous_size': 14, 'attention_head_size': 2, 'learning_rate': 0.04914837617403067}. Best is trial 0 with value: 0.11050963401794434.
[I 2023-12-26 11:41:20,471] Trial 28 finished with value: 3.482452392578125 and parameters: {'gradient_clip_val': 0.46823974900149046, 'hidden_size': 79, 'dropout': 0.12673867136638114, 'hidden_continuous_size': 20, 'attention_head_size': 3, 'learning_rate': 0.02967523692790547}. Best is trial 0 with value: 0.11050963401794434.
[I 2023-12-26 11:41:29,208] Trial 29 finished with value: 4.648280143737793 and parameters: {'gradient_clip_val': 0.40766553048556237, 'hidden_size': 109, 'dropout': 0.2568033988052377, 'hidden_continuous_size': 27, 'attention_head_size': 3, 'learning_rate': 0.015479831642956049}. Best is trial 0 with value: 0.11050963401794434.
[I 2023-12-26 11:41:34,205] Trial 30 finished with value: 3.914637327194214 and parameters: {'gradient_clip_val': 0.4394051875555591, 'hidden_size': 59, 'dropout': 0.21459181038346625, 'hidden_continuous_size': 15, 'attention_head_size': 3, 'learning_rate': 0.018635127505555314}. Best is trial 0 with value: 0.11050963401794434.
[I 2023-12-26 11:41:38,673] Trial 31 finished with value: 3.2515246868133545 and parameters: {'gradient_clip_val': 0.29887352735513284, 'hidden_size': 52, 'dropout': 0.14576292583988915, 'hidden_continuous_size': 24, 'attention_head_size': 4, 'learning_rate': 0.07486189176580084}. Best is trial 0 with value: 0.11050963401794434.
[I 2023-12-26 11:41:42,527] Trial 32 finished with value: 4.6884355545043945 and parameters: {'gradient_clip_val': 0.23587947714245516, 'hidden_size': 48, 'dropout': 0.15610200645467578, 'hidden_continuous_size': 18, 'attention_head_size': 3, 'learning_rate': 0.058149288029767564}. Best is trial 0 with value: 0.11050963401794434.
[I 2023-12-26 11:41:49,902] Trial 33 finished with value: 4.283117771148682 and parameters: {'gradient_clip_val': 0.20107547328346356, 'hidden_size': 85, 'dropout': 0.12452337947423017, 'hidden_continuous_size': 27, 'attention_head_size': 1, 'learning_rate': 0.036130452824350213}. Best is trial 0 with value: 0.11050963401794434.
[I 2023-12-26 11:41:55,006] Trial 34 finished with value: 4.223299503326416 and parameters: {'gradient_clip_val': 0.36597704783995355, 'hidden_size': 61, 'dropout': 0.17098072492512034, 'hidden_continuous_size': 16, 'attention_head_size': 2, 'learning_rate': 0.09962027731392295}. Best is trial 0 with value: 0.11050963401794434.
[I 2023-12-26 11:41:58,410] Trial 35 finished with value: 5.311218738555908 and parameters: {'gradient_clip_val': 0.2840489311339263, 'hidden_size': 37, 'dropout': 0.12199831429235476, 'hidden_continuous_size': 17, 'attention_head_size': 4, 'learning_rate': 0.025349996800418925}. Best is trial 0 with value: 0.11050963401794434.
[I 2023-12-26 11:42:02,186] Trial 36 finished with value: 3.334853410720825 and parameters: {'gradient_clip_val': 0.24492908484481946, 'hidden_size': 42, 'dropout': 0.2094447755119046, 'hidden_continuous_size': 22, 'attention_head_size': 3, 'learning_rate': 0.06394753743620743}. Best is trial 0 with value: 0.11050963401794434.
[I 2023-12-26 11:42:06,463] Trial 37 finished with value: 4.048397064208984 and parameters: {'gradient_clip_val': 0.40637540810293776, 'hidden_size': 50, 'dropout': 0.18430263925002505, 'hidden_continuous_size': 13, 'attention_head_size': 1, 'learning_rate': 0.04144607235690698}. Best is trial 0 with value: 0.11050963401794434.
[I 2023-12-26 11:42:10,084] Trial 38 finished with value: 4.527693271636963 and parameters: {'gradient_clip_val': 0.19475208452010997, 'hidden_size': 29, 'dropout': 0.1268108968069541, 'hidden_continuous_size': 12, 'attention_head_size': 4, 'learning_rate': 0.011868870977642526}. Best is trial 0 with value: 0.11050963401794434.
[I 2023-12-26 11:42:19,347] Trial 39 finished with value: 3.785978317260742 and parameters: {'gradient_clip_val': 0.3181343333523967, 'hidden_size': 110, 'dropout': 0.10026463466987126, 'hidden_continuous_size': 42, 'attention_head_size': 2, 'learning_rate': 0.02455806432800517}. Best is trial 0 with value: 0.11050963401794434.
[I 2023-12-26 11:42:25,545] Trial 40 finished with value: 3.704313278198242 and parameters: {'gradient_clip_val': 0.9587934688125346, 'hidden_size': 78, 'dropout': 0.16277411340850845, 'hidden_continuous_size': 25, 'attention_head_size': 3, 'learning_rate': 0.07778613516695708}. Best is trial 0 with value: 0.11050963401794434.
[I 2023-12-26 11:42:35,090] Trial 41 finished with value: 2.5892820358276367 and parameters: {'gradient_clip_val': 0.15680849145567816, 'hidden_size': 150, 'dropout': 0.32552939502895223, 'hidden_continuous_size': 41, 'attention_head_size': 3, 'learning_rate': 0.09590118512197081}. Best is trial 0 with value: 0.11050963401794434.
[I 2023-12-26 11:42:43,141] Trial 42 finished with value: 3.461806058883667 and parameters: {'gradient_clip_val': 0.17147719508705206, 'hidden_size': 129, 'dropout': 0.26977122556014305, 'hidden_continuous_size': 32, 'attention_head_size': 3, 'learning_rate': 0.05573609976227565}. Best is trial 0 with value: 0.11050963401794434.
[I 2023-12-26 11:42:49,346] Trial 43 finished with value: 3.6399409770965576 and parameters: {'gradient_clip_val': 0.22290145690730315, 'hidden_size': 95, 'dropout': 0.291975268397877, 'hidden_continuous_size': 36, 'attention_head_size': 3, 'learning_rate': 0.08725875942105925}. Best is trial 0 with value: 0.11050963401794434.
[I 2023-12-26 11:42:53,468] Trial 44 finished with value: 2.860578775405884 and parameters: {'gradient_clip_val': 0.16182317978382696, 'hidden_size': 68, 'dropout': 0.20248309425703914, 'hidden_continuous_size': 22, 'attention_head_size': 3, 'learning_rate': 0.041668433040720855}. Best is trial 0 with value: 0.11050963401794434.
[I 2023-12-26 11:42:57,835] Trial 45 finished with value: 3.100074052810669 and parameters: {'gradient_clip_val': 0.16835188385297184, 'hidden_size': 69, 'dropout': 0.2190023429495624, 'hidden_continuous_size': 26, 'attention_head_size': 3, 'learning_rate': 0.0391613494055013}. Best is trial 0 with value: 0.11050963401794434.
[I 2023-12-26 11:43:05,865] Trial 46 finished with value: 4.002679347991943 and parameters: {'gradient_clip_val': 0.1555648227771044, 'hidden_size': 127, 'dropout': 0.19560602145217273, 'hidden_continuous_size': 22, 'attention_head_size': 3, 'learning_rate': 0.019491972589500865}. Best is trial 0 with value: 0.11050963401794434.
[I 2023-12-26 11:43:15,444] Trial 47 finished with value: 2.8255770206451416 and parameters: {'gradient_clip_val': 0.14501784814457844, 'hidden_size': 148, 'dropout': 0.24340911151143874, 'hidden_continuous_size': 57, 'attention_head_size': 3, 'learning_rate': 0.047136769266700046}. Best is trial 0 with value: 0.11050963401794434.
[I 2023-12-26 11:43:24,514] Trial 48 finished with value: 3.394066572189331 and parameters: {'gradient_clip_val': 0.1287226995937324, 'hidden_size': 140, 'dropout': 0.24395764954041468, 'hidden_continuous_size': 55, 'attention_head_size': 3, 'learning_rate': 0.05175902820500078}. Best is trial 0 with value: 0.11050963401794434.
[I 2023-12-26 11:43:32,882] Trial 49 finished with value: 4.317887783050537 and parameters: {'gradient_clip_val': 0.13417162358674417, 'hidden_size': 122, 'dropout': 0.27340335149290435, 'hidden_continuous_size': 67, 'attention_head_size': 3, 'learning_rate': 0.02814363137544717}. Best is trial 0 with value: 0.11050963401794434.
[I 2023-12-26 11:43:33,005] A new study created in memory with name: no-name-c9b2f101-1061-48af-be0b-2df3de947f84
/home/le004/conda/anaconda3/envs/tsff_env/lib/python3.9/site-packages/lightning/fabric/plugins/environments/slurm.py:191: The `srun` command is available on your system but is not used. HINT: If your intention is to run Lightning on SLURM, prepend your python command with `srun` like so: srun python /home/le004/master_thesis/git/TSFusionForecast/code/ ...
[I 2023-12-26 11:48:28,192] Trial 0 finished with value: 0.06302960962057114 and parameters: {'gradient_clip_val': 0.20591262913798147, 'hidden_size': 17, 'dropout': 0.39653961926595005, 'hidden_continuous_size': 13, 'attention_head_size': 4, 'learning_rate': 0.0010310059103405044}. Best is trial 0 with value: 0.06302960962057114.
[I 2023-12-26 11:49:47,630] Trial 1 finished with value: 1.3407186269760132 and parameters: {'gradient_clip_val': 0.3313821539482448, 'hidden_size': 14, 'dropout': 0.4201175168140081, 'hidden_continuous_size': 5, 'attention_head_size': 1, 'learning_rate': 0.0007848421781660908}. Best is trial 0 with value: 0.06302960962057114.
[I 2023-12-26 11:49:54,954] Trial 2 finished with value: 3.631866216659546 and parameters: {'gradient_clip_val': 0.45074058311388326, 'hidden_size': 106, 'dropout': 0.13314704617410827, 'hidden_continuous_size': 20, 'attention_head_size': 4, 'learning_rate': 0.007901951302393937}. Best is trial 0 with value: 0.06302960962057114.
[I 2023-12-26 11:49:57,067] Trial 3 finished with value: 3.500624895095825 and parameters: {'gradient_clip_val': 0.9070899581775627, 'hidden_size': 17, 'dropout': 0.15452577026559303, 'hidden_continuous_size': 14, 'attention_head_size': 4, 'learning_rate': 0.0005835794558718162}. Best is trial 0 with value: 0.06302960962057114.
[I 2023-12-26 11:49:59,333] Trial 4 finished with value: 4.761935234069824 and parameters: {'gradient_clip_val': 0.7403795915788407, 'hidden_size': 13, 'dropout': 0.26328633684612357, 'hidden_continuous_size': 8, 'attention_head_size': 2, 'learning_rate': 0.04781425380619829}. Best is trial 0 with value: 0.06302960962057114.
[I 2023-12-26 11:50:08,806] Trial 5 finished with value: 4.31937837600708 and parameters: {'gradient_clip_val': 0.2914397902162441, 'hidden_size': 124, 'dropout': 0.22841905717363453, 'hidden_continuous_size': 26, 'attention_head_size': 1, 'learning_rate': 0.0005647425213389069}. Best is trial 0 with value: 0.06302960962057114.
[I 2023-12-26 11:50:13,115] Trial 6 finished with value: 4.981821060180664 and parameters: {'gradient_clip_val': 0.17744547381047576, 'hidden_size': 57, 'dropout': 0.31341848614465906, 'hidden_continuous_size': 21, 'attention_head_size': 2, 'learning_rate': 0.026041749606429153}. Best is trial 0 with value: 0.06302960962057114.
[I 2023-12-26 11:50:15,612] Trial 7 finished with value: 4.573638439178467 and parameters: {'gradient_clip_val': 0.23532428896652924, 'hidden_size': 14, 'dropout': 0.3472498440408825, 'hidden_continuous_size': 11, 'attention_head_size': 3, 'learning_rate': 0.0028602237894404425}. Best is trial 0 with value: 0.06302960962057114.
[I 2023-12-26 11:50:19,253] Trial 8 finished with value: 6.146572113037109 and parameters: {'gradient_clip_val': 0.9357228486339665, 'hidden_size': 46, 'dropout': 0.12177199935913757, 'hidden_continuous_size': 37, 'attention_head_size': 1, 'learning_rate': 0.005723048788504719}. Best is trial 0 with value: 0.06302960962057114.
[I 2023-12-26 11:50:23,581] Trial 9 finished with value: 4.729668617248535 and parameters: {'gradient_clip_val': 0.9706851203876267, 'hidden_size': 68, 'dropout': 0.24853907139475417, 'hidden_continuous_size': 12, 'attention_head_size': 3, 'learning_rate': 0.0017975848889874144}. Best is trial 0 with value: 0.06302960962057114.
[I 2023-12-26 11:50:25,287] Trial 10 finished with value: 3.7971131801605225 and parameters: {'gradient_clip_val': 0.10052749913368943, 'hidden_size': 5, 'dropout': 0.4991759441567376, 'hidden_continuous_size': 5, 'attention_head_size': 4, 'learning_rate': 0.09308748388269437}. Best is trial 0 with value: 0.06302960962057114.
[I 2023-12-26 11:50:27,640] Trial 11 finished with value: 5.313257217407227 and parameters: {'gradient_clip_val': 0.41397609564720006, 'hidden_size': 28, 'dropout': 0.41228114546872513, 'hidden_continuous_size': 5, 'attention_head_size': 2, 'learning_rate': 0.0010421212560784664}. Best is trial 0 with value: 0.06302960962057114.
[I 2023-12-26 11:50:29,504] Trial 12 finished with value: 3.0254695415496826 and parameters: {'gradient_clip_val': 0.18601189823249747, 'hidden_size': 8, 'dropout': 0.4096442292196317, 'hidden_continuous_size': 5, 'attention_head_size': 3, 'learning_rate': 0.0013748935174318078}. Best is trial 0 with value: 0.06302960962057114.
[I 2023-12-26 11:50:31,707] Trial 13 finished with value: 3.2005860805511475 and parameters: {'gradient_clip_val': 0.3874480235601629, 'hidden_size': 25, 'dropout': 0.394066097812725, 'hidden_continuous_size': 8, 'attention_head_size': 1, 'learning_rate': 0.0005033454410805968}. Best is trial 0 with value: 0.06302960962057114.
[I 2023-12-26 11:50:33,587] Trial 14 finished with value: 3.680316925048828 and parameters: {'gradient_clip_val': 0.2756156695344402, 'hidden_size': 7, 'dropout': 0.4758409082445201, 'hidden_continuous_size': 5, 'attention_head_size': 3, 'learning_rate': 0.0028925264826016113}. Best is trial 0 with value: 0.06302960962057114.
[I 2023-12-26 11:50:35,545] Trial 15 finished with value: 3.9209306240081787 and parameters: {'gradient_clip_val': 0.561237837208168, 'hidden_size': 10, 'dropout': 0.45654366467348856, 'hidden_continuous_size': 6, 'attention_head_size': 2, 'learning_rate': 0.0010869003848289777}. Best is trial 0 with value: 0.06302960962057114.
[I 2023-12-26 11:50:38,040] Trial 16 finished with value: 4.588721752166748 and parameters: {'gradient_clip_val': 0.34058679752524385, 'hidden_size': 21, 'dropout': 0.3592076329149648, 'hidden_continuous_size': 7, 'attention_head_size': 1, 'learning_rate': 0.0023441467045577616}. Best is trial 0 with value: 0.06302960962057114.
[I 2023-12-26 11:50:41,165] Trial 17 finished with value: 3.2105419635772705 and parameters: {'gradient_clip_val': 0.21489718894529253, 'hidden_size': 37, 'dropout': 0.4424699635498037, 'hidden_continuous_size': 10, 'attention_head_size': 4, 'learning_rate': 0.0009153731109656461}. Best is trial 0 with value: 0.06302960962057114.
[I 2023-12-26 11:50:43,205] Trial 18 finished with value: 4.081263065338135 and parameters: {'gradient_clip_val': 0.1550173349598324, 'hidden_size': 19, 'dropout': 0.3714861805079461, 'hidden_continuous_size': 6, 'attention_head_size': 3, 'learning_rate': 0.004848917364430137}. Best is trial 0 with value: 0.06302960962057114.
[I 2023-12-26 11:50:45,163] Trial 19 finished with value: 4.041623115539551 and parameters: {'gradient_clip_val': 0.5234336985303442, 'hidden_size': 12, 'dropout': 0.4336409569281181, 'hidden_continuous_size': 6, 'attention_head_size': 2, 'learning_rate': 0.0008287928273172962}. Best is trial 0 with value: 0.06302960962057114.
[I 2023-12-26 11:50:47,477] Trial 20 finished with value: 4.590183734893799 and parameters: {'gradient_clip_val': 0.3244295266971722, 'hidden_size': 32, 'dropout': 0.32050672397793767, 'hidden_continuous_size': 14, 'attention_head_size': 4, 'learning_rate': 0.0015114080427978476}. Best is trial 0 with value: 0.06302960962057114.
[I 2023-12-26 11:50:49,467] Trial 21 finished with value: 6.3443121910095215 and parameters: {'gradient_clip_val': 0.22488751746449054, 'hidden_size': 9, 'dropout': 0.40648068616311467, 'hidden_continuous_size': 5, 'attention_head_size': 3, 'learning_rate': 0.0014511506368807324}. Best is trial 0 with value: 0.06302960962057114.
[I 2023-12-26 11:50:51,335] Trial 22 finished with value: 4.585301876068115 and parameters: {'gradient_clip_val': 0.17183720080208967, 'hidden_size': 8, 'dropout': 0.39375051093527763, 'hidden_continuous_size': 5, 'attention_head_size': 3, 'learning_rate': 0.00087701836668717}. Best is trial 0 with value: 0.06302960962057114.
[I 2023-12-26 11:50:53,407] Trial 23 finished with value: 3.5794832706451416 and parameters: {'gradient_clip_val': 0.25272882894384757, 'hidden_size': 17, 'dropout': 0.42117633401023075, 'hidden_continuous_size': 7, 'attention_head_size': 4, 'learning_rate': 0.0014984055451965643}. Best is trial 0 with value: 0.06302960962057114.
[I 2023-12-26 11:50:55,283] Trial 24 finished with value: 3.751086473464966 and parameters: {'gradient_clip_val': 0.14005750075238915, 'hidden_size': 6, 'dropout': 0.4618115491128597, 'hidden_continuous_size': 5, 'attention_head_size': 3, 'learning_rate': 0.0005043653981320368}. Best is trial 0 with value: 0.06302960962057114.
[I 2023-12-26 11:50:57,283] Trial 25 finished with value: 4.593369960784912 and parameters: {'gradient_clip_val': 0.20139075163742318, 'hidden_size': 10, 'dropout': 0.37655310880498727, 'hidden_continuous_size': 6, 'attention_head_size': 2, 'learning_rate': 0.0023491334799969747}. Best is trial 0 with value: 0.06302960962057114.
[I 2023-12-26 11:50:59,063] Trial 26 finished with value: 4.5907745361328125 and parameters: {'gradient_clip_val': 0.2874562688067435, 'hidden_size': 5, 'dropout': 0.347213145292879, 'hidden_continuous_size': 5, 'attention_head_size': 4, 'learning_rate': 0.003975851617769664}. Best is trial 0 with value: 0.06302960962057114.
[I 2023-12-26 11:51:00,919] Trial 27 finished with value: 2.7573864459991455 and parameters: {'gradient_clip_val': 0.19400397538104716, 'hidden_size': 7, 'dropout': 0.4280819699936808, 'hidden_continuous_size': 5, 'attention_head_size': 1, 'learning_rate': 0.0007908183745625866}. Best is trial 0 with value: 0.06302960962057114.
