[I 2023-12-16 15:27:15,426] Trial 37 finished with value: 535.4707641601562 and parameters: {'gradient_clip_val': 0.11461818477060699, 'hidden_size': 99, 'dropout': 0.18356714813463315, 'hidden_continuous_size': 27, 'attention_head_size': 4, 'learning_rate': 0.004900649326604501}. Best is trial 0 with value: 381.2832336425781.
LOCAL_RANK: 0 - CUDA_VISIBLE_DEVICES: [0]
[I 2023-12-16 15:28:04,515] Trial 38 finished with value: 3900.918701171875 and parameters: {'gradient_clip_val': 0.17428583774835227, 'hidden_size': 26, 'dropout': 0.24173342357988922, 'hidden_continuous_size': 13, 'attention_head_size': 4, 'learning_rate': 0.0017594251805292125}. Best is trial 0 with value: 381.2832336425781.
LOCAL_RANK: 0 - CUDA_VISIBLE_DEVICES: [0]
[I 2023-12-16 15:28:56,986] Trial 39 finished with value: 4336.61279296875 and parameters: {'gradient_clip_val': 0.14624154417891277, 'hidden_size': 50, 'dropout': 0.19810064864783516, 'hidden_continuous_size': 19, 'attention_head_size': 4, 'learning_rate': 0.0011370808894743962}. Best is trial 0 with value: 381.2832336425781.
LOCAL_RANK: 0 - CUDA_VISIBLE_DEVICES: [0]
[I 2023-12-16 15:29:50,176] Trial 40 finished with value: 1156.548828125 and parameters: {'gradient_clip_val': 0.11233106827444886, 'hidden_size': 70, 'dropout': 0.16554304239112883, 'hidden_continuous_size': 36, 'attention_head_size': 1, 'learning_rate': 0.010248835062917678}. Best is trial 0 with value: 381.2832336425781.
LOCAL_RANK: 0 - CUDA_VISIBLE_DEVICES: [0]
[I 2023-12-16 15:30:40,266] Trial 41 finished with value: 439.1153259277344 and parameters: {'gradient_clip_val': 0.13417057296140178, 'hidden_size': 40, 'dropout': 0.10430370759636877, 'hidden_continuous_size': 11, 'attention_head_size': 3, 'learning_rate': 0.0012593658922221457}. Best is trial 0 with value: 381.2832336425781.
LOCAL_RANK: 0 - CUDA_VISIBLE_DEVICES: [0]
[I 2023-12-16 15:31:33,815] Trial 42 finished with value: 446.5140686035156 and parameters: {'gradient_clip_val': 0.12511692655053938, 'hidden_size': 85, 'dropout': 0.10782638765521885, 'hidden_continuous_size': 17, 'attention_head_size': 3, 'learning_rate': 0.0013574256660189349}. Best is trial 0 with value: 381.2832336425781.
LOCAL_RANK: 0 - CUDA_VISIBLE_DEVICES: [0]
[I 2023-12-16 15:32:25,508] Trial 43 finished with value: 475.5032043457031 and parameters: {'gradient_clip_val': 0.1668846612096491, 'hidden_size': 63, 'dropout': 0.1719249606970516, 'hidden_continuous_size': 7, 'attention_head_size': 3, 'learning_rate': 0.002880006970458626}. Best is trial 0 with value: 381.2832336425781.
LOCAL_RANK: 0 - CUDA_VISIBLE_DEVICES: [0]
[I 2023-12-16 15:33:17,448] Trial 44 finished with value: 768.176025390625 and parameters: {'gradient_clip_val': 0.10729435874459449, 'hidden_size': 51, 'dropout': 0.11407240158282025, 'hidden_continuous_size': 14, 'attention_head_size': 2, 'learning_rate': 0.0007736040341114601}. Best is trial 0 with value: 381.2832336425781.
LOCAL_RANK: 0 - CUDA_VISIBLE_DEVICES: [0]
[I 2023-12-16 15:34:06,650] Trial 45 finished with value: 817.1382446289062 and parameters: {'gradient_clip_val': 0.1420519594165242, 'hidden_size': 25, 'dropout': 0.1319963872746597, 'hidden_continuous_size': 12, 'attention_head_size': 4, 'learning_rate': 0.001615491306883938}. Best is trial 0 with value: 381.2832336425781.
LOCAL_RANK: 0 - CUDA_VISIBLE_DEVICES: [0]
[I 2023-12-16 15:34:58,064] Trial 46 finished with value: 1898.9906005859375 and parameters: {'gradient_clip_val': 0.27792933679661275, 'hidden_size': 38, 'dropout': 0.10061145126013199, 'hidden_continuous_size': 14, 'attention_head_size': 3, 'learning_rate': 0.0005024941297958396}. Best is trial 0 with value: 381.2832336425781.
LOCAL_RANK: 0 - CUDA_VISIBLE_DEVICES: [0]
[I 2023-12-16 15:35:52,537] Trial 47 finished with value: 562.2049560546875 and parameters: {'gradient_clip_val': 0.10048575177677496, 'hidden_size': 86, 'dropout': 0.26389655842309373, 'hidden_continuous_size': 21, 'attention_head_size': 3, 'learning_rate': 0.004161168487740278}. Best is trial 0 with value: 381.2832336425781.
LOCAL_RANK: 0 - CUDA_VISIBLE_DEVICES: [0]
[I 2023-12-16 15:36:45,071] Trial 48 finished with value: 390.0813903808594 and parameters: {'gradient_clip_val': 0.15403445182997508, 'hidden_size': 69, 'dropout': 0.15950027143034176, 'hidden_continuous_size': 8, 'attention_head_size': 2, 'learning_rate': 0.0011525948980511131}. Best is trial 0 with value: 381.2832336425781.
LOCAL_RANK: 0 - CUDA_VISIBLE_DEVICES: [0]
[I 2023-12-16 15:37:36,225] Trial 49 finished with value: 953.6972045898438 and parameters: {'gradient_clip_val': 0.18485988614643656, 'hidden_size': 65, 'dropout': 0.22653251160510368, 'hidden_continuous_size': 5, 'attention_head_size': 2, 'learning_rate': 0.006112040403003447}. Best is trial 0 with value: 381.2832336425781.
[I 2023-12-16 15:37:36,329] A new study created in memory with name: no-name-ea4cc1c6-098a-4537-ab79-2f9712115749
/home/le004/conda/anaconda3/envs/tsff_env/lib/python3.9/site-packages/lightning/fabric/plugins/environments/slurm.py:191: The `srun` command is available on your system but is not used. HINT: If your intention is to run Lightning on SLURM, prepend your python command with `srun` like so: srun python /home/le004/master_thesis/git/TSFusionForecast/code/ ...
LOCAL_RANK: 0 - CUDA_VISIBLE_DEVICES: [0]
[I 2023-12-16 15:38:31,106] Trial 0 finished with value: 139.40359497070312 and parameters: {'gradient_clip_val': 0.9919621907200743, 'hidden_size': 73, 'dropout': 0.3987816612011288, 'hidden_continuous_size': 53, 'attention_head_size': 3, 'learning_rate': 0.07820745074252501}. Best is trial 0 with value: 139.40359497070312.
LOCAL_RANK: 0 - CUDA_VISIBLE_DEVICES: [0]
[I 2023-12-16 15:39:04,833] Trial 1 finished with value: 161.9253387451172 and parameters: {'gradient_clip_val': 0.5552531042504044, 'hidden_size': 5, 'dropout': 0.1359752017898452, 'hidden_continuous_size': 5, 'attention_head_size': 3, 'learning_rate': 0.0006183771538280766}. Best is trial 0 with value: 139.40359497070312.
LOCAL_RANK: 0 - CUDA_VISIBLE_DEVICES: [0]
[I 2023-12-16 15:39:49,037] Trial 2 finished with value: 123.3331527709961 and parameters: {'gradient_clip_val': 0.689294944526222, 'hidden_size': 7, 'dropout': 0.11319664457867545, 'hidden_continuous_size': 5, 'attention_head_size': 1, 'learning_rate': 0.09558682371714186}. Best is trial 2 with value: 123.3331527709961.
LOCAL_RANK: 0 - CUDA_VISIBLE_DEVICES: [0]
[I 2023-12-16 15:40:24,057] Trial 3 finished with value: 71.28497314453125 and parameters: {'gradient_clip_val': 0.1789948054474063, 'hidden_size': 26, 'dropout': 0.39337098669463666, 'hidden_continuous_size': 26, 'attention_head_size': 4, 'learning_rate': 0.08326308137442721}. Best is trial 3 with value: 71.28497314453125.
LOCAL_RANK: 0 - CUDA_VISIBLE_DEVICES: [0]
[I 2023-12-16 15:41:17,039] Trial 4 finished with value: 304.61358642578125 and parameters: {'gradient_clip_val': 0.13275753558687084, 'hidden_size': 51, 'dropout': 0.2946465458127475, 'hidden_continuous_size': 24, 'attention_head_size': 4, 'learning_rate': 0.0031969933293409867}. Best is trial 3 with value: 71.28497314453125.
LOCAL_RANK: 0 - CUDA_VISIBLE_DEVICES: [0]
[I 2023-12-16 15:42:04,791] Trial 5 finished with value: 159.1591033935547 and parameters: {'gradient_clip_val': 0.2853550316010285, 'hidden_size': 17, 'dropout': 0.39308496758903, 'hidden_continuous_size': 11, 'attention_head_size': 4, 'learning_rate': 0.032168274419365754}. Best is trial 3 with value: 71.28497314453125.
LOCAL_RANK: 0 - CUDA_VISIBLE_DEVICES: [0]
[I 2023-12-16 15:42:50,592] Trial 6 finished with value: 139.9481201171875 and parameters: {'gradient_clip_val': 0.18127720445625214, 'hidden_size': 13, 'dropout': 0.20026305682890266, 'hidden_continuous_size': 10, 'attention_head_size': 3, 'learning_rate': 0.003561745117378335}. Best is trial 3 with value: 71.28497314453125.
LOCAL_RANK: 0 - CUDA_VISIBLE_DEVICES: [0]
[I 2023-12-16 15:43:43,977] Trial 7 finished with value: 151.54734802246094 and parameters: {'gradient_clip_val': 0.20667224525554348, 'hidden_size': 50, 'dropout': 0.39570745137702457, 'hidden_continuous_size': 48, 'attention_head_size': 1, 'learning_rate': 0.0008955304247199325}. Best is trial 3 with value: 71.28497314453125.
LOCAL_RANK: 0 - CUDA_VISIBLE_DEVICES: [0]
[I 2023-12-16 15:44:37,170] Trial 8 finished with value: 335.81658935546875 and parameters: {'gradient_clip_val': 0.10434582318126746, 'hidden_size': 60, 'dropout': 0.13228408378042958, 'hidden_continuous_size': 15, 'attention_head_size': 4, 'learning_rate': 0.07080705439514381}. Best is trial 3 with value: 71.28497314453125.
LOCAL_RANK: 0 - CUDA_VISIBLE_DEVICES: [0]
[I 2023-12-16 15:45:24,018] Trial 9 finished with value: 137.62783813476562 and parameters: {'gradient_clip_val': 0.16681737115612766, 'hidden_size': 17, 'dropout': 0.32068450767975304, 'hidden_continuous_size': 13, 'attention_head_size': 2, 'learning_rate': 0.0007362869288599218}. Best is trial 3 with value: 71.28497314453125.
LOCAL_RANK: 0 - CUDA_VISIBLE_DEVICES: [0]
[I 2023-12-16 15:46:15,089] Trial 10 finished with value: 116.29473876953125 and parameters: {'gradient_clip_val': 0.30846887672844286, 'hidden_size': 31, 'dropout': 0.2408834969825563, 'hidden_continuous_size': 23, 'attention_head_size': 2, 'learning_rate': 0.024169357605020383}. Best is trial 3 with value: 71.28497314453125.
LOCAL_RANK: 0 - CUDA_VISIBLE_DEVICES: [0]
[I 2023-12-16 15:47:05,887] Trial 11 finished with value: 216.63160705566406 and parameters: {'gradient_clip_val': 0.3006790368003553, 'hidden_size': 30, 'dropout': 0.2469662363318315, 'hidden_continuous_size': 22, 'attention_head_size': 2, 'learning_rate': 0.021738678960101766}. Best is trial 3 with value: 71.28497314453125.
LOCAL_RANK: 0 - CUDA_VISIBLE_DEVICES: [0]
[I 2023-12-16 15:47:56,794] Trial 12 finished with value: 105.82727813720703 and parameters: {'gradient_clip_val': 0.38730542023149456, 'hidden_size': 30, 'dropout': 0.3323129407839632, 'hidden_continuous_size': 24, 'attention_head_size': 2, 'learning_rate': 0.028370761188453022}. Best is trial 3 with value: 71.28497314453125.
LOCAL_RANK: 0 - CUDA_VISIBLE_DEVICES: [0]
[I 2023-12-16 15:48:54,394] Trial 13 finished with value: 223.09532165527344 and parameters: {'gradient_clip_val': 0.39675001851048275, 'hidden_size': 99, 'dropout': 0.3388588737636266, 'hidden_continuous_size': 95, 'attention_head_size': 2, 'learning_rate': 0.015558386856043615}. Best is trial 3 with value: 71.28497314453125.
LOCAL_RANK: 0 - CUDA_VISIBLE_DEVICES: [0]
[I 2023-12-16 15:49:43,147] Trial 14 finished with value: 278.0307922363281 and parameters: {'gradient_clip_val': 0.23558155565970185, 'hidden_size': 27, 'dropout': 0.3531251255865904, 'hidden_continuous_size': 8, 'attention_head_size': 3, 'learning_rate': 0.0366032133657541}. Best is trial 3 with value: 71.28497314453125.
LOCAL_RANK: 0 - CUDA_VISIBLE_DEVICES: [0]
[I 2023-12-16 15:50:32,915] Trial 15 finished with value: 80.49929809570312 and parameters: {'gradient_clip_val': 0.43485371983821675, 'hidden_size': 36, 'dropout': 0.2974292216621679, 'hidden_continuous_size': 16, 'attention_head_size': 1, 'learning_rate': 0.010955955299609422}. Best is trial 3 with value: 71.28497314453125.
LOCAL_RANK: 0 - CUDA_VISIBLE_DEVICES: [0]
[I 2023-12-16 15:51:24,264] Trial 16 finished with value: 157.1760711669922 and parameters: {'gradient_clip_val': 0.15732192148924734, 'hidden_size': 38, 'dropout': 0.299444497633075, 'hidden_continuous_size': 17, 'attention_head_size': 1, 'learning_rate': 0.010186882795910355}. Best is trial 3 with value: 71.28497314453125.
LOCAL_RANK: 0 - CUDA_VISIBLE_DEVICES: [0]
[I 2023-12-16 15:52:11,125] Trial 17 finished with value: 61.56669998168945 and parameters: {'gradient_clip_val': 0.22998715167258685, 'hidden_size': 19, 'dropout': 0.3576548442377128, 'hidden_continuous_size': 6, 'attention_head_size': 4, 'learning_rate': 0.010906443225782244}. Best is trial 17 with value: 61.56669998168945.
LOCAL_RANK: 0 - CUDA_VISIBLE_DEVICES: [0]
[I 2023-12-16 15:52:55,609] Trial 18 finished with value: 109.07647705078125 and parameters: {'gradient_clip_val': 0.22975848242510655, 'hidden_size': 12, 'dropout': 0.37108227048559717, 'hidden_continuous_size': 6, 'attention_head_size': 4, 'learning_rate': 0.04825685217927152}. Best is trial 17 with value: 61.56669998168945.
LOCAL_RANK: 0 - CUDA_VISIBLE_DEVICES: [0]
[I 2023-12-16 15:53:43,547] Trial 19 finished with value: 86.5080337524414 and parameters: {'gradient_clip_val': 0.1348170081833352, 'hidden_size': 21, 'dropout': 0.35208923291156297, 'hidden_continuous_size': 7, 'attention_head_size': 4, 'learning_rate': 0.05382371095148766}. Best is trial 17 with value: 61.56669998168945.
LOCAL_RANK: 0 - CUDA_VISIBLE_DEVICES: [0]
[I 2023-12-16 15:54:32,401] Trial 20 finished with value: 117.96184539794922 and parameters: {'gradient_clip_val': 0.24796600303826402, 'hidden_size': 23, 'dropout': 0.37234374668660974, 'hidden_continuous_size': 8, 'attention_head_size': 4, 'learning_rate': 0.0053670760125806675}. Best is trial 17 with value: 61.56669998168945.
LOCAL_RANK: 0 - CUDA_VISIBLE_DEVICES: [0]
[I 2023-12-16 15:55:22,373] Trial 21 finished with value: 110.4083251953125 and parameters: {'gradient_clip_val': 0.39461039614675564, 'hidden_size': 38, 'dropout': 0.30498171905806015, 'hidden_continuous_size': 10, 'attention_head_size': 3, 'learning_rate': 0.011553712943451033}. Best is trial 17 with value: 61.56669998168945.
LOCAL_RANK: 0 - CUDA_VISIBLE_DEVICES: [0]
[I 2023-12-16 15:56:11,150] Trial 22 finished with value: 142.1181182861328 and parameters: {'gradient_clip_val': 0.21607034039496853, 'hidden_size': 42, 'dropout': 0.3643629437893521, 'hidden_continuous_size': 6, 'attention_head_size': 1, 'learning_rate': 0.01406536946768252}. Best is trial 17 with value: 61.56669998168945.
LOCAL_RANK: 0 - CUDA_VISIBLE_DEVICES: [0]
[I 2023-12-16 15:56:59,104] Trial 23 finished with value: 92.52938079833984 and parameters: {'gradient_clip_val': 0.19901626735155478, 'hidden_size': 23, 'dropout': 0.2847347274364, 'hidden_continuous_size': 5, 'attention_head_size': 4, 'learning_rate': 0.007626665860140793}. Best is trial 17 with value: 61.56669998168945.
LOCAL_RANK: 0 - CUDA_VISIBLE_DEVICES: [0]
[I 2023-12-16 15:57:50,126] Trial 24 finished with value: 182.11546325683594 and parameters: {'gradient_clip_val': 0.2569232218676689, 'hidden_size': 37, 'dropout': 0.3291735859635785, 'hidden_continuous_size': 12, 'attention_head_size': 3, 'learning_rate': 0.01854368912580102}. Best is trial 17 with value: 61.56669998168945.
LOCAL_RANK: 0 - CUDA_VISIBLE_DEVICES: [0]
[I 2023-12-16 15:58:38,831] Trial 25 finished with value: 107.45010375976562 and parameters: {'gradient_clip_val': 0.35895041508281694, 'hidden_size': 21, 'dropout': 0.3768468978751308, 'hidden_continuous_size': 8, 'attention_head_size': 4, 'learning_rate': 0.055015938990645954}. Best is trial 17 with value: 61.56669998168945.
LOCAL_RANK: 0 - CUDA_VISIBLE_DEVICES: [0]
[I 2023-12-16 15:59:23,774] Trial 26 finished with value: 132.0050811767578 and parameters: {'gradient_clip_val': 0.4706298354817315, 'hidden_size': 13, 'dropout': 0.35618016113394635, 'hidden_continuous_size': 6, 'attention_head_size': 3, 'learning_rate': 0.0383274065821098}. Best is trial 17 with value: 61.56669998168945.
LOCAL_RANK: 0 - CUDA_VISIBLE_DEVICES: [0]
[I 2023-12-16 16:00:11,654] Trial 27 finished with value: 185.3394317626953 and parameters: {'gradient_clip_val': 0.28471051086064536, 'hidden_size': 26, 'dropout': 0.2681850993404371, 'hidden_continuous_size': 9, 'attention_head_size': 1, 'learning_rate': 0.020651336886990876}. Best is trial 17 with value: 61.56669998168945.
LOCAL_RANK: 0 - CUDA_VISIBLE_DEVICES: [0]
[I 2023-12-16 16:00:58,248] Trial 28 finished with value: 415.2217712402344 and parameters: {'gradient_clip_val': 0.19507792008456065, 'hidden_size': 17, 'dropout': 0.3185938999208771, 'hidden_continuous_size': 7, 'attention_head_size': 4, 'learning_rate': 0.007837714662013742}. Best is trial 17 with value: 61.56669998168945.
LOCAL_RANK: 0 - CUDA_VISIBLE_DEVICES: [0]
[I 2023-12-16 16:01:51,612] Trial 29 finished with value: 220.0946807861328 and parameters: {'gradient_clip_val': 0.3392099292480911, 'hidden_size': 74, 'dropout': 0.3788891267192408, 'hidden_continuous_size': 19, 'attention_head_size': 3, 'learning_rate': 0.07297858688390661}. Best is trial 17 with value: 61.56669998168945.
LOCAL_RANK: 0 - CUDA_VISIBLE_DEVICES: [0]
[I 2023-12-16 16:02:43,869] Trial 30 finished with value: 165.33851623535156 and parameters: {'gradient_clip_val': 0.7278872788346082, 'hidden_size': 49, 'dropout': 0.3448328213257703, 'hidden_continuous_size': 14, 'attention_head_size': 2, 'learning_rate': 0.09940733277473696}. Best is trial 17 with value: 61.56669998168945.
LOCAL_RANK: 0 - CUDA_VISIBLE_DEVICES: [0]
[I 2023-12-16 16:03:31,623] Trial 31 finished with value: 277.8817138671875 and parameters: {'gradient_clip_val': 0.14415417405126235, 'hidden_size': 19, 'dropout': 0.393117584431674, 'hidden_continuous_size': 6, 'attention_head_size': 4, 'learning_rate': 0.05382414114080628}. Best is trial 17 with value: 61.56669998168945.
LOCAL_RANK: 0 - CUDA_VISIBLE_DEVICES: [0]
[I 2023-12-16 16:04:19,965] Trial 32 finished with value: 248.85179138183594 and parameters: {'gradient_clip_val': 0.13082170191112288, 'hidden_size': 32, 'dropout': 0.34943688259950734, 'hidden_continuous_size': 7, 'attention_head_size': 4, 'learning_rate': 0.043286110760756114}. Best is trial 17 with value: 61.56669998168945.
LOCAL_RANK: 0 - CUDA_VISIBLE_DEVICES: [0]
[I 2023-12-16 16:05:08,286] Trial 33 finished with value: 161.4473876953125 and parameters: {'gradient_clip_val': 0.17690666115028417, 'hidden_size': 25, 'dropout': 0.3995680839236585, 'hidden_continuous_size': 5, 'attention_head_size': 4, 'learning_rate': 0.06463594308851446}. Best is trial 17 with value: 61.56669998168945.
LOCAL_RANK: 0 - CUDA_VISIBLE_DEVICES: [0]
[I 2023-12-16 16:05:55,355] Trial 34 finished with value: 140.87643432617188 and parameters: {'gradient_clip_val': 0.11397131204175732, 'hidden_size': 20, 'dropout': 0.3573641416345176, 'hidden_continuous_size': 9, 'attention_head_size': 4, 'learning_rate': 0.030082679515146767}. Best is trial 17 with value: 61.56669998168945.
LOCAL_RANK: 0 - CUDA_VISIBLE_DEVICES: [0]
[I 2023-12-16 16:06:40,379] Trial 35 finished with value: 62.37742614746094 and parameters: {'gradient_clip_val': 0.13537206652224423, 'hidden_size': 10, 'dropout': 0.3141447686347468, 'hidden_continuous_size': 5, 'attention_head_size': 3, 'learning_rate': 0.08201840890901954}. Best is trial 17 with value: 61.56669998168945.
LOCAL_RANK: 0 - CUDA_VISIBLE_DEVICES: [0]
[I 2023-12-16 16:07:25,719] Trial 36 finished with value: 381.999755859375 and parameters: {'gradient_clip_val': 0.15699289505629951, 'hidden_size': 9, 'dropout': 0.31838634871589644, 'hidden_continuous_size': 5, 'attention_head_size': 3, 'learning_rate': 0.06728154439982238}. Best is trial 17 with value: 61.56669998168945.
LOCAL_RANK: 0 - CUDA_VISIBLE_DEVICES: [0]
[I 2023-12-16 16:08:10,687] Trial 37 finished with value: 377.406982421875 and parameters: {'gradient_clip_val': 0.18685716045023304, 'hidden_size': 6, 'dropout': 0.3365590279254608, 'hidden_continuous_size': 5, 'attention_head_size': 3, 'learning_rate': 0.09075470080154113}. Best is trial 17 with value: 61.56669998168945.
LOCAL_RANK: 0 - CUDA_VISIBLE_DEVICES: [0]
[I 2023-12-16 16:08:44,784] Trial 38 finished with value: 162.5605010986328 and parameters: {'gradient_clip_val': 0.2703248467119278, 'hidden_size': 5, 'dropout': 0.28354865363919063, 'hidden_continuous_size': 5, 'attention_head_size': 3, 'learning_rate': 0.02824984330768609}. Best is trial 17 with value: 61.56669998168945.
LOCAL_RANK: 0 - CUDA_VISIBLE_DEVICES: [0]
[I 2023-12-16 16:09:29,280] Trial 39 finished with value: 74.79814910888672 and parameters: {'gradient_clip_val': 0.2205908854846157, 'hidden_size': 9, 'dropout': 0.31296627826976825, 'hidden_continuous_size': 6, 'attention_head_size': 1, 'learning_rate': 0.041337376249792605}. Best is trial 17 with value: 61.56669998168945.
LOCAL_RANK: 0 - CUDA_VISIBLE_DEVICES: [0]
[I 2023-12-16 16:10:14,166] Trial 40 finished with value: 82.27368927001953 and parameters: {'gradient_clip_val': 0.2220607872259241, 'hidden_size': 9, 'dropout': 0.3155603269976611, 'hidden_continuous_size': 6, 'attention_head_size': 3, 'learning_rate': 0.0964558535011279}. Best is trial 17 with value: 61.56669998168945.
LOCAL_RANK: 0 - CUDA_VISIBLE_DEVICES: [0]
[I 2023-12-16 16:10:59,091] Trial 41 finished with value: 109.05367279052734 and parameters: {'gradient_clip_val': 0.16646935993735487, 'hidden_size': 14, 'dropout': 0.30774595728582854, 'hidden_continuous_size': 7, 'attention_head_size': 1, 'learning_rate': 0.03729774996923804}. Best is trial 17 with value: 61.56669998168945.
LOCAL_RANK: 0 - CUDA_VISIBLE_DEVICES: [0]
[I 2023-12-16 16:11:43,177] Trial 42 finished with value: 246.94886779785156 and parameters: {'gradient_clip_val': 0.20318114187239042, 'hidden_size': 9, 'dropout': 0.38163534866167376, 'hidden_continuous_size': 6, 'attention_head_size': 1, 'learning_rate': 0.0693590558062284}. Best is trial 17 with value: 61.56669998168945.
LOCAL_RANK: 0 - CUDA_VISIBLE_DEVICES: [0]
[I 2023-12-16 16:12:27,317] Trial 43 finished with value: 89.6944351196289 and parameters: {'gradient_clip_val': 0.18876744433192783, 'hidden_size': 11, 'dropout': 0.3288356653524316, 'hidden_continuous_size': 6, 'attention_head_size': 1, 'learning_rate': 0.04382835350499755}. Best is trial 17 with value: 61.56669998168945.
LOCAL_RANK: 0 - CUDA_VISIBLE_DEVICES: [0]
[I 2023-12-16 16:13:10,719] Trial 44 finished with value: 282.6818542480469 and parameters: {'gradient_clip_val': 0.244986891141452, 'hidden_size': 8, 'dropout': 0.2974614665684267, 'hidden_continuous_size': 5, 'attention_head_size': 2, 'learning_rate': 0.0824610928724171}. Best is trial 17 with value: 61.56669998168945.
LOCAL_RANK: 0 - CUDA_VISIBLE_DEVICES: [0]
