[I 2023-12-15 21:54:40,398] Trial 48 finished with value: 0.06123180687427521 and parameters: {'gradient_clip_val': 0.32373543553676337, 'hidden_size': 16, 'dropout': 0.3098129528369534, 'hidden_continuous_size': 10, 'attention_head_size': 1, 'learning_rate': 0.04338018876723216}. Best is trial 39 with value: 0.03472847864031792.
LOCAL_RANK: 0 - CUDA_VISIBLE_DEVICES: [0]
[I 2023-12-15 21:55:28,021] Trial 49 finished with value: 0.08033400774002075 and parameters: {'gradient_clip_val': 0.4599017751136346, 'hidden_size': 13, 'dropout': 0.3524244891856803, 'hidden_continuous_size': 9, 'attention_head_size': 3, 'learning_rate': 0.06051136663252638}. Best is trial 39 with value: 0.03472847864031792.
[I 2023-12-15 21:55:28,123] A new study created in memory with name: no-name-08b572eb-a80b-4759-90a9-e9affae3b9eb
/home/le004/conda/anaconda3/envs/tsff_env/lib/python3.9/site-packages/lightning/fabric/plugins/environments/slurm.py:191: The `srun` command is available on your system but is not used. HINT: If your intention is to run Lightning on SLURM, prepend your python command with `srun` like so: srun python /home/le004/master_thesis/git/TSFusionForecast/code/ ...
LOCAL_RANK: 0 - CUDA_VISIBLE_DEVICES: [0]
[I 2023-12-15 21:56:14,108] Trial 0 finished with value: 3.1165173053741455 and parameters: {'gradient_clip_val': 0.6659157678247033, 'hidden_size': 6, 'dropout': 0.15205535560115377, 'hidden_continuous_size': 5, 'attention_head_size': 2, 'learning_rate': 0.000640423335492681}. Best is trial 0 with value: 3.1165173053741455.
LOCAL_RANK: 0 - CUDA_VISIBLE_DEVICES: [0]
[I 2023-12-15 21:57:07,806] Trial 1 finished with value: 0.7758646011352539 and parameters: {'gradient_clip_val': 0.20311759534832824, 'hidden_size': 65, 'dropout': 0.3516789768525461, 'hidden_continuous_size': 8, 'attention_head_size': 2, 'learning_rate': 0.00305242128930379}. Best is trial 1 with value: 0.7758646011352539.
LOCAL_RANK: 0 - CUDA_VISIBLE_DEVICES: [0]
[I 2023-12-15 21:57:54,094] Trial 2 finished with value: 1.688432216644287 and parameters: {'gradient_clip_val': 0.7480391547681879, 'hidden_size': 9, 'dropout': 0.39930742709408984, 'hidden_continuous_size': 6, 'attention_head_size': 1, 'learning_rate': 0.0028502507267584467}. Best is trial 1 with value: 0.7758646011352539.
LOCAL_RANK: 0 - CUDA_VISIBLE_DEVICES: [0]
[I 2023-12-15 21:58:44,388] Trial 3 finished with value: 0.25336921215057373 and parameters: {'gradient_clip_val': 0.1443629549023419, 'hidden_size': 23, 'dropout': 0.2743763337069287, 'hidden_continuous_size': 11, 'attention_head_size': 3, 'learning_rate': 0.060160063844831586}. Best is trial 3 with value: 0.25336921215057373.
LOCAL_RANK: 0 - CUDA_VISIBLE_DEVICES: [0]
[I 2023-12-15 21:59:32,694] Trial 4 finished with value: 0.17164528369903564 and parameters: {'gradient_clip_val': 0.29456866630073375, 'hidden_size': 24, 'dropout': 0.3952433518749213, 'hidden_continuous_size': 9, 'attention_head_size': 1, 'learning_rate': 0.07460971466042061}. Best is trial 4 with value: 0.17164528369903564.
LOCAL_RANK: 0 - CUDA_VISIBLE_DEVICES: [0]
[I 2023-12-15 22:00:21,276] Trial 5 finished with value: 0.18073053658008575 and parameters: {'gradient_clip_val': 0.10330681373445876, 'hidden_size': 17, 'dropout': 0.17905192025931832, 'hidden_continuous_size': 10, 'attention_head_size': 3, 'learning_rate': 0.011501261010108997}. Best is trial 4 with value: 0.17164528369903564.
LOCAL_RANK: 0 - CUDA_VISIBLE_DEVICES: [0]
[I 2023-12-15 22:01:10,771] Trial 6 finished with value: 0.41000792384147644 and parameters: {'gradient_clip_val': 0.8387737841912019, 'hidden_size': 21, 'dropout': 0.14641398200740371, 'hidden_continuous_size': 15, 'attention_head_size': 1, 'learning_rate': 0.00299573104350602}. Best is trial 4 with value: 0.17164528369903564.
LOCAL_RANK: 0 - CUDA_VISIBLE_DEVICES: [0]
[I 2023-12-15 22:02:00,805] Trial 7 finished with value: 0.853792667388916 and parameters: {'gradient_clip_val': 0.13828031653407424, 'hidden_size': 28, 'dropout': 0.36864334705208013, 'hidden_continuous_size': 8, 'attention_head_size': 4, 'learning_rate': 0.000969526377492944}. Best is trial 4 with value: 0.17164528369903564.
LOCAL_RANK: 0 - CUDA_VISIBLE_DEVICES: [0]
[I 2023-12-15 22:02:47,243] Trial 8 finished with value: 0.36444973945617676 and parameters: {'gradient_clip_val': 0.3349514203453524, 'hidden_size': 13, 'dropout': 0.26843432649050025, 'hidden_continuous_size': 6, 'attention_head_size': 2, 'learning_rate': 0.004745057294249806}. Best is trial 4 with value: 0.17164528369903564.
LOCAL_RANK: 0 - CUDA_VISIBLE_DEVICES: [0]
[I 2023-12-15 22:03:35,593] Trial 9 finished with value: 0.17523951828479767 and parameters: {'gradient_clip_val': 0.23307560842002237, 'hidden_size': 18, 'dropout': 0.17967107932468773, 'hidden_continuous_size': 5, 'attention_head_size': 4, 'learning_rate': 0.052474924385206616}. Best is trial 4 with value: 0.17164528369903564.
LOCAL_RANK: 0 - CUDA_VISIBLE_DEVICES: [0]
[I 2023-12-15 22:04:28,882] Trial 10 finished with value: 0.17088817059993744 and parameters: {'gradient_clip_val': 0.4096804793372066, 'hidden_size': 47, 'dropout': 0.3037654995245724, 'hidden_continuous_size': 25, 'attention_head_size': 1, 'learning_rate': 0.08520095854240763}. Best is trial 10 with value: 0.17088817059993744.
LOCAL_RANK: 0 - CUDA_VISIBLE_DEVICES: [0]
[I 2023-12-15 22:05:21,859] Trial 11 finished with value: 0.32847416400909424 and parameters: {'gradient_clip_val': 0.41392873413833814, 'hidden_size': 44, 'dropout': 0.323816468916163, 'hidden_continuous_size': 28, 'attention_head_size': 1, 'learning_rate': 0.08376698925523343}. Best is trial 10 with value: 0.17088817059993744.
LOCAL_RANK: 0 - CUDA_VISIBLE_DEVICES: [0]
[I 2023-12-15 22:06:15,012] Trial 12 finished with value: 0.24918459355831146 and parameters: {'gradient_clip_val': 0.4606452590575127, 'hidden_size': 42, 'dropout': 0.31016219773561754, 'hidden_continuous_size': 20, 'attention_head_size': 1, 'learning_rate': 0.028227096458170266}. Best is trial 10 with value: 0.17088817059993744.
LOCAL_RANK: 0 - CUDA_VISIBLE_DEVICES: [0]
[I 2023-12-15 22:07:11,963] Trial 13 finished with value: 0.2617928087711334 and parameters: {'gradient_clip_val': 0.2752661951492295, 'hidden_size': 100, 'dropout': 0.3930892135908547, 'hidden_continuous_size': 50, 'attention_head_size': 1, 'learning_rate': 0.09728887495059331}. Best is trial 10 with value: 0.17088817059993744.
LOCAL_RANK: 0 - CUDA_VISIBLE_DEVICES: [0]
[I 2023-12-15 22:08:03,240] Trial 14 finished with value: 1.311435580253601 and parameters: {'gradient_clip_val': 0.4966054128165755, 'hidden_size': 34, 'dropout': 0.2323626260252688, 'hidden_continuous_size': 14, 'attention_head_size': 2, 'learning_rate': 0.027948379655514038}. Best is trial 10 with value: 0.17088817059993744.
LOCAL_RANK: 0 - CUDA_VISIBLE_DEVICES: [0]
[I 2023-12-15 22:08:56,462] Trial 15 finished with value: 0.17830395698547363 and parameters: {'gradient_clip_val': 0.3453240690422819, 'hidden_size': 52, 'dropout': 0.3279174761521942, 'hidden_continuous_size': 22, 'attention_head_size': 1, 'learning_rate': 0.031503327134467435}. Best is trial 10 with value: 0.17088817059993744.
LOCAL_RANK: 0 - CUDA_VISIBLE_DEVICES: [0]
[I 2023-12-15 22:09:46,314] Trial 16 finished with value: 0.36954963207244873 and parameters: {'gradient_clip_val': 0.588267439704972, 'hidden_size': 28, 'dropout': 0.3681824675247602, 'hidden_continuous_size': 9, 'attention_head_size': 3, 'learning_rate': 0.01560940692495562}. Best is trial 10 with value: 0.17088817059993744.
LOCAL_RANK: 0 - CUDA_VISIBLE_DEVICES: [0]
[I 2023-12-15 22:10:41,373] Trial 17 finished with value: 0.5348842740058899 and parameters: {'gradient_clip_val': 0.9893650817980201, 'hidden_size': 63, 'dropout': 0.2953107755366314, 'hidden_continuous_size': 35, 'attention_head_size': 2, 'learning_rate': 0.04971331612788119}. Best is trial 10 with value: 0.17088817059993744.
LOCAL_RANK: 0 - CUDA_VISIBLE_DEVICES: [0]
[I 2023-12-15 22:11:31,178] Trial 18 finished with value: 0.13593097031116486 and parameters: {'gradient_clip_val': 0.39728740425283765, 'hidden_size': 30, 'dropout': 0.2374456749436673, 'hidden_continuous_size': 13, 'attention_head_size': 1, 'learning_rate': 0.091430175235024}. Best is trial 18 with value: 0.13593097031116486.
LOCAL_RANK: 0 - CUDA_VISIBLE_DEVICES: [0]
[I 2023-12-15 22:12:23,668] Trial 19 finished with value: 0.4983569085597992 and parameters: {'gradient_clip_val': 0.548127101485286, 'hidden_size': 34, 'dropout': 0.2348256109172162, 'hidden_continuous_size': 17, 'attention_head_size': 2, 'learning_rate': 0.014876661965922942}. Best is trial 18 with value: 0.13593097031116486.
LOCAL_RANK: 0 - CUDA_VISIBLE_DEVICES: [0]
[I 2023-12-15 22:13:21,715] Trial 20 finished with value: 0.19770197570323944 and parameters: {'gradient_clip_val': 0.3917845789142284, 'hidden_size': 97, 'dropout': 0.11051858548493354, 'hidden_continuous_size': 71, 'attention_head_size': 1, 'learning_rate': 0.0970327640824229}. Best is trial 18 with value: 0.13593097031116486.
LOCAL_RANK: 0 - CUDA_VISIBLE_DEVICES: [0]
[I 2023-12-15 22:14:11,144] Trial 21 finished with value: 0.15505661070346832 and parameters: {'gradient_clip_val': 0.32271417452252726, 'hidden_size': 27, 'dropout': 0.34091435731706, 'hidden_continuous_size': 13, 'attention_head_size': 1, 'learning_rate': 0.04969521084919471}. Best is trial 18 with value: 0.13593097031116486.
LOCAL_RANK: 0 - CUDA_VISIBLE_DEVICES: [0]
[I 2023-12-15 22:15:01,519] Trial 22 finished with value: 0.1714949756860733 and parameters: {'gradient_clip_val': 0.4134648093975523, 'hidden_size': 34, 'dropout': 0.296365842082785, 'hidden_continuous_size': 12, 'attention_head_size': 1, 'learning_rate': 0.045761651862131804}. Best is trial 18 with value: 0.13593097031116486.
LOCAL_RANK: 0 - CUDA_VISIBLE_DEVICES: [0]
[I 2023-12-15 22:15:48,337] Trial 23 finished with value: 0.3570898473262787 and parameters: {'gradient_clip_val': 0.4967297147738299, 'hidden_size': 14, 'dropout': 0.25969324900474144, 'hidden_continuous_size': 10, 'attention_head_size': 1, 'learning_rate': 0.035283213965857374}. Best is trial 18 with value: 0.13593097031116486.
LOCAL_RANK: 0 - CUDA_VISIBLE_DEVICES: [0]
[I 2023-12-15 22:16:41,514] Trial 24 finished with value: 0.1724839210510254 and parameters: {'gradient_clip_val': 0.3618009220852971, 'hidden_size': 42, 'dropout': 0.33777836948152323, 'hidden_continuous_size': 13, 'attention_head_size': 2, 'learning_rate': 0.06189389773779166}. Best is trial 18 with value: 0.13593097031116486.
LOCAL_RANK: 0 - CUDA_VISIBLE_DEVICES: [0]
[I 2023-12-15 22:17:31,415] Trial 25 finished with value: 0.28204604983329773 and parameters: {'gradient_clip_val': 0.28964622721764305, 'hidden_size': 29, 'dropout': 0.28963860430799493, 'hidden_continuous_size': 16, 'attention_head_size': 1, 'learning_rate': 0.09483149664403069}. Best is trial 18 with value: 0.13593097031116486.
LOCAL_RANK: 0 - CUDA_VISIBLE_DEVICES: [0]
[I 2023-12-15 22:18:24,346] Trial 26 finished with value: 0.1524316668510437 and parameters: {'gradient_clip_val': 0.43145841299951626, 'hidden_size': 56, 'dropout': 0.23555841882567766, 'hidden_continuous_size': 18, 'attention_head_size': 2, 'learning_rate': 0.021964242630110188}. Best is trial 18 with value: 0.13593097031116486.
LOCAL_RANK: 0 - CUDA_VISIBLE_DEVICES: [0]
[I 2023-12-15 22:19:18,245] Trial 27 finished with value: 0.4992378056049347 and parameters: {'gradient_clip_val': 0.5662033498885175, 'hidden_size': 64, 'dropout': 0.23943195701482475, 'hidden_continuous_size': 19, 'attention_head_size': 3, 'learning_rate': 0.02421509674542315}. Best is trial 18 with value: 0.13593097031116486.
LOCAL_RANK: 0 - CUDA_VISIBLE_DEVICES: [0]
[I 2023-12-15 22:20:06,758] Trial 28 finished with value: 0.2520188093185425 and parameters: {'gradient_clip_val': 0.33014309077165543, 'hidden_size': 20, 'dropout': 0.2181524927779252, 'hidden_continuous_size': 13, 'attention_head_size': 2, 'learning_rate': 0.04195528725078848}. Best is trial 18 with value: 0.13593097031116486.
LOCAL_RANK: 0 - CUDA_VISIBLE_DEVICES: [0]
[I 2023-12-15 22:20:52,725] Trial 29 finished with value: 1.1114236116409302 and parameters: {'gradient_clip_val': 0.6882605434753531, 'hidden_size': 7, 'dropout': 0.2579580424794176, 'hidden_continuous_size': 6, 'attention_head_size': 2, 'learning_rate': 0.02082011542206738}. Best is trial 18 with value: 0.13593097031116486.
LOCAL_RANK: 0 - CUDA_VISIBLE_DEVICES: [0]
[I 2023-12-15 22:21:43,942] Trial 30 finished with value: 0.21267683804035187 and parameters: {'gradient_clip_val': 0.636123608915404, 'hidden_size': 36, 'dropout': 0.21342986142446052, 'hidden_continuous_size': 15, 'attention_head_size': 2, 'learning_rate': 0.04698091680876101}. Best is trial 18 with value: 0.13593097031116486.
LOCAL_RANK: 0 - CUDA_VISIBLE_DEVICES: [0]
[I 2023-12-15 22:22:37,478] Trial 31 finished with value: 0.14214563369750977 and parameters: {'gradient_clip_val': 0.4525770543982791, 'hidden_size': 53, 'dropout': 0.27602186176460886, 'hidden_continuous_size': 23, 'attention_head_size': 1, 'learning_rate': 0.0708089794726953}. Best is trial 18 with value: 0.13593097031116486.
LOCAL_RANK: 0 - CUDA_VISIBLE_DEVICES: [0]
[I 2023-12-15 22:23:31,363] Trial 32 finished with value: 0.24707095324993134 and parameters: {'gradient_clip_val': 0.4596739850012129, 'hidden_size': 59, 'dropout': 0.2764735619246221, 'hidden_continuous_size': 17, 'attention_head_size': 1, 'learning_rate': 0.03727096764058885}. Best is trial 18 with value: 0.13593097031116486.
LOCAL_RANK: 0 - CUDA_VISIBLE_DEVICES: [0]
[I 2023-12-15 22:24:24,725] Trial 33 finished with value: 0.14937524497509003 and parameters: {'gradient_clip_val': 0.25255434636045054, 'hidden_size': 54, 'dropout': 0.24466407023333478, 'hidden_continuous_size': 18, 'attention_head_size': 1, 'learning_rate': 0.07196557123424824}. Best is trial 18 with value: 0.13593097031116486.
LOCAL_RANK: 0 - CUDA_VISIBLE_DEVICES: [0]
[I 2023-12-15 22:25:19,916] Trial 34 finished with value: 0.24163329601287842 and parameters: {'gradient_clip_val': 0.24695188517118755, 'hidden_size': 79, 'dropout': 0.24515143891396934, 'hidden_continuous_size': 30, 'attention_head_size': 2, 'learning_rate': 0.07124432176703452}. Best is trial 18 with value: 0.13593097031116486.
LOCAL_RANK: 0 - CUDA_VISIBLE_DEVICES: [0]
[I 2023-12-15 22:26:13,111] Trial 35 finished with value: 1.15157949924469 and parameters: {'gradient_clip_val': 0.36659270326661625, 'hidden_size': 53, 'dropout': 0.2534757927319526, 'hidden_continuous_size': 19, 'attention_head_size': 1, 'learning_rate': 0.0688373719356689}. Best is trial 18 with value: 0.13593097031116486.
LOCAL_RANK: 0 - CUDA_VISIBLE_DEVICES: [0]
[I 2023-12-15 22:27:07,907] Trial 36 finished with value: 0.9292441010475159 and parameters: {'gradient_clip_val': 0.27095751515488814, 'hidden_size': 76, 'dropout': 0.2754003311117777, 'hidden_continuous_size': 23, 'attention_head_size': 3, 'learning_rate': 0.06438051912889785}. Best is trial 18 with value: 0.13593097031116486.
LOCAL_RANK: 0 - CUDA_VISIBLE_DEVICES: [0]
[I 2023-12-15 22:28:01,299] Trial 37 finished with value: 0.321850061416626 and parameters: {'gradient_clip_val': 0.2050044524343312, 'hidden_size': 55, 'dropout': 0.2193052993471564, 'hidden_continuous_size': 18, 'attention_head_size': 1, 'learning_rate': 0.03372138597658734}. Best is trial 18 with value: 0.13593097031116486.
LOCAL_RANK: 0 - CUDA_VISIBLE_DEVICES: [0]
[I 2023-12-15 22:28:56,110] Trial 38 finished with value: 0.9605615735054016 and parameters: {'gradient_clip_val': 0.29592981453349076, 'hidden_size': 74, 'dropout': 0.19843415256727776, 'hidden_continuous_size': 21, 'attention_head_size': 2, 'learning_rate': 0.06158027331165547}. Best is trial 18 with value: 0.13593097031116486.
LOCAL_RANK: 0 - CUDA_VISIBLE_DEVICES: [0]
[I 2023-12-15 22:29:48,789] Trial 39 finished with value: 0.20787326991558075 and parameters: {'gradient_clip_val': 0.44911247801182697, 'hidden_size': 48, 'dropout': 0.24737015340975632, 'hidden_continuous_size': 16, 'attention_head_size': 1, 'learning_rate': 0.010325037504174005}. Best is trial 18 with value: 0.13593097031116486.
LOCAL_RANK: 0 - CUDA_VISIBLE_DEVICES: [0]
[I 2023-12-15 22:30:42,440] Trial 40 finished with value: 0.6306710839271545 and parameters: {'gradient_clip_val': 0.37234908306479586, 'hidden_size': 39, 'dropout': 0.268980593869434, 'hidden_continuous_size': 15, 'attention_head_size': 4, 'learning_rate': 0.02205487669625267}. Best is trial 18 with value: 0.13593097031116486.
LOCAL_RANK: 0 - CUDA_VISIBLE_DEVICES: [0]
[I 2023-12-15 22:31:32,313] Trial 41 finished with value: 0.20009277760982513 and parameters: {'gradient_clip_val': 0.3303569321280756, 'hidden_size': 27, 'dropout': 0.23478758886473886, 'hidden_continuous_size': 12, 'attention_head_size': 1, 'learning_rate': 0.0551632408375276}. Best is trial 18 with value: 0.13593097031116486.
LOCAL_RANK: 0 - CUDA_VISIBLE_DEVICES: [0]
[I 2023-12-15 22:32:24,535] Trial 42 finished with value: 1.5023869276046753 and parameters: {'gradient_clip_val': 0.321322063344599, 'hidden_size': 48, 'dropout': 0.28821148673719155, 'hidden_continuous_size': 14, 'attention_head_size': 1, 'learning_rate': 0.044054452070634215}. Best is trial 18 with value: 0.13593097031116486.
LOCAL_RANK: 0 - CUDA_VISIBLE_DEVICES: [0]
[I 2023-12-15 22:33:15,313] Trial 43 finished with value: 0.5059444308280945 and parameters: {'gradient_clip_val': 0.30384619153202846, 'hidden_size': 40, 'dropout': 0.2803809721582108, 'hidden_continuous_size': 11, 'attention_head_size': 1, 'learning_rate': 0.07788546503186437}. Best is trial 18 with value: 0.13593097031116486.
LOCAL_RANK: 0 - CUDA_VISIBLE_DEVICES: [0]
[I 2023-12-15 22:34:08,183] Trial 44 finished with value: 0.2141656130552292 and parameters: {'gradient_clip_val': 0.25319693984111, 'hidden_size': 56, 'dropout': 0.3089953879708488, 'hidden_continuous_size': 19, 'attention_head_size': 1, 'learning_rate': 0.05486167227534364}. Best is trial 18 with value: 0.13593097031116486.
LOCAL_RANK: 0 - CUDA_VISIBLE_DEVICES: [0]
[I 2023-12-15 22:34:56,933] Trial 45 finished with value: 0.1838333159685135 and parameters: {'gradient_clip_val': 0.22140422160989162, 'hidden_size': 24, 'dropout': 0.2547024529852333, 'hidden_continuous_size': 17, 'attention_head_size': 1, 'learning_rate': 0.07506221059595873}. Best is trial 18 with value: 0.13593097031116486.
LOCAL_RANK: 0 - CUDA_VISIBLE_DEVICES: [0]
[I 2023-12-15 22:35:49,856] Trial 46 finished with value: 0.15715327858924866 and parameters: {'gradient_clip_val': 0.397559336402227, 'hidden_size': 46, 'dropout': 0.2655251663133856, 'hidden_continuous_size': 22, 'attention_head_size': 1, 'learning_rate': 0.03870747034763836}. Best is trial 18 with value: 0.13593097031116486.
LOCAL_RANK: 0 - CUDA_VISIBLE_DEVICES: [0]
[I 2023-12-15 22:36:42,241] Trial 47 finished with value: 0.2710338830947876 and parameters: {'gradient_clip_val': 0.18283442819450393, 'hidden_size': 37, 'dropout': 0.19979151377761373, 'hidden_continuous_size': 14, 'attention_head_size': 2, 'learning_rate': 0.09535488338571065}. Best is trial 18 with value: 0.13593097031116486.
LOCAL_RANK: 0 - CUDA_VISIBLE_DEVICES: [0]
[I 2023-12-15 22:37:32,313] Trial 48 finished with value: 0.14333851635456085 and parameters: {'gradient_clip_val': 0.3501690230536735, 'hidden_size': 30, 'dropout': 0.3461919547800789, 'hidden_continuous_size': 13, 'attention_head_size': 1, 'learning_rate': 0.056607243752139984}. Best is trial 18 with value: 0.13593097031116486.
LOCAL_RANK: 0 - CUDA_VISIBLE_DEVICES: [0]
[I 2023-12-15 22:38:22,781] Trial 49 finished with value: 0.2279340773820877 and parameters: {'gradient_clip_val': 0.4360942935160527, 'hidden_size': 31, 'dropout': 0.31633955735953245, 'hidden_continuous_size': 11, 'attention_head_size': 3, 'learning_rate': 0.07003462184569621}. Best is trial 18 with value: 0.13593097031116486.
[I 2023-12-15 22:38:22,875] A new study created in memory with name: no-name-11192966-85ee-4d0b-b801-0f30f7d990f6
/home/le004/conda/anaconda3/envs/tsff_env/lib/python3.9/site-packages/lightning/fabric/plugins/environments/slurm.py:191: The `srun` command is available on your system but is not used. HINT: If your intention is to run Lightning on SLURM, prepend your python command with `srun` like so: srun python /home/le004/master_thesis/git/TSFusionForecast/code/ ...
LOCAL_RANK: 0 - CUDA_VISIBLE_DEVICES: [0]
[I 2023-12-15 22:39:13,124] Trial 0 finished with value: 0.03844080865383148 and parameters: {'gradient_clip_val': 0.6222837644468241, 'hidden_size': 30, 'dropout': 0.12951671040525461, 'hidden_continuous_size': 14, 'attention_head_size': 2, 'learning_rate': 0.09902147390523601}. Best is trial 0 with value: 0.03844080865383148.
LOCAL_RANK: 0 - CUDA_VISIBLE_DEVICES: [0]
[I 2023-12-15 22:39:48,876] Trial 1 finished with value: 0.03930927440524101 and parameters: {'gradient_clip_val': 0.4674103222391423, 'hidden_size': 6, 'dropout': 0.1484181193742123, 'hidden_continuous_size': 6, 'attention_head_size': 2, 'learning_rate': 0.08744786520944793}. Best is trial 0 with value: 0.03844080865383148.
LOCAL_RANK: 0 - CUDA_VISIBLE_DEVICES: [0]
[I 2023-12-15 22:40:23,913] Trial 2 finished with value: 0.055776502937078476 and parameters: {'gradient_clip_val': 0.9673383602391101, 'hidden_size': 6, 'dropout': 0.12089385963672236, 'hidden_continuous_size': 6, 'attention_head_size': 1, 'learning_rate': 0.019120566348420867}. Best is trial 0 with value: 0.03844080865383148.
LOCAL_RANK: 0 - CUDA_VISIBLE_DEVICES: [0]
[I 2023-12-15 22:40:59,343] Trial 3 finished with value: 0.028999919071793556 and parameters: {'gradient_clip_val': 0.3026851765538887, 'hidden_size': 7, 'dropout': 0.2685847532378355, 'hidden_continuous_size': 7, 'attention_head_size': 1, 'learning_rate': 0.014837509500637386}. Best is trial 3 with value: 0.028999919071793556.
LOCAL_RANK: 0 - CUDA_VISIBLE_DEVICES: [0]
