[I 2023-12-15 16:51:54,917] Trial 10 finished with value: 13.669242858886719 and parameters: {'gradient_clip_val': 0.32135467193260275, 'hidden_size': 72, 'dropout': 0.28320564734870746, 'hidden_continuous_size': 72, 'attention_head_size': 4, 'learning_rate': 0.0007425480326497856}. Best is trial 2 with value: 5.206522464752197.
LOCAL_RANK: 0 - CUDA_VISIBLE_DEVICES: [0]
[I 2023-12-15 16:52:41,269] Trial 11 finished with value: 12.269732475280762 and parameters: {'gradient_clip_val': 0.9467582100761582, 'hidden_size': 16, 'dropout': 0.28313565917064676, 'hidden_continuous_size': 10, 'attention_head_size': 3, 'learning_rate': 0.09055401541972366}. Best is trial 2 with value: 5.206522464752197.
LOCAL_RANK: 0 - CUDA_VISIBLE_DEVICES: [0]
[I 2023-12-15 16:53:35,456] Trial 12 finished with value: 15.71076488494873 and parameters: {'gradient_clip_val': 0.4160881130491534, 'hidden_size': 91, 'dropout': 0.1580253787349607, 'hidden_continuous_size': 15, 'attention_head_size': 2, 'learning_rate': 0.0019298862845365831}. Best is trial 2 with value: 5.206522464752197.
LOCAL_RANK: 0 - CUDA_VISIBLE_DEVICES: [0]
[I 2023-12-15 16:54:23,678] Trial 13 finished with value: 18.519777297973633 and parameters: {'gradient_clip_val': 0.47733162611798946, 'hidden_size': 17, 'dropout': 0.2731644859742655, 'hidden_continuous_size': 10, 'attention_head_size': 3, 'learning_rate': 0.0005363299701641203}. Best is trial 2 with value: 5.206522464752197.
LOCAL_RANK: 0 - CUDA_VISIBLE_DEVICES: [0]
[I 2023-12-15 16:55:00,350] Trial 14 finished with value: 10.460127830505371 and parameters: {'gradient_clip_val': 0.313163491253351, 'hidden_size': 5, 'dropout': 0.1024324552595586, 'hidden_continuous_size': 5, 'attention_head_size': 2, 'learning_rate': 0.0150115586117999}. Best is trial 2 with value: 5.206522464752197.
LOCAL_RANK: 0 - CUDA_VISIBLE_DEVICES: [0]
[I 2023-12-15 16:55:49,214] Trial 15 finished with value: 15.733177185058594 and parameters: {'gradient_clip_val': 0.9613804706651712, 'hidden_size': 19, 'dropout': 0.30813022370042886, 'hidden_continuous_size': 9, 'attention_head_size': 3, 'learning_rate': 0.09649012059073396}. Best is trial 2 with value: 5.206522464752197.
LOCAL_RANK: 0 - CUDA_VISIBLE_DEVICES: [0]
[I 2023-12-15 16:56:35,134] Trial 16 finished with value: 41.65633010864258 and parameters: {'gradient_clip_val': 0.49841695822701415, 'hidden_size': 13, 'dropout': 0.24661618622040582, 'hidden_continuous_size': 6, 'attention_head_size': 2, 'learning_rate': 0.005418244067813843}. Best is trial 2 with value: 5.206522464752197.
LOCAL_RANK: 0 - CUDA_VISIBLE_DEVICES: [0]
[I 2023-12-15 16:57:31,549] Trial 17 finished with value: 11.451319694519043 and parameters: {'gradient_clip_val': 0.3494568035616694, 'hidden_size': 100, 'dropout': 0.3398919505006708, 'hidden_continuous_size': 45, 'attention_head_size': 4, 'learning_rate': 0.0011874935265776387}. Best is trial 2 with value: 5.206522464752197.
LOCAL_RANK: 0 - CUDA_VISIBLE_DEVICES: [0]
[I 2023-12-15 16:58:20,602] Trial 18 finished with value: 19.479215621948242 and parameters: {'gradient_clip_val': 0.2534267243532507, 'hidden_size': 24, 'dropout': 0.18297981008705527, 'hidden_continuous_size': 12, 'attention_head_size': 3, 'learning_rate': 0.0030541756069329745}. Best is trial 2 with value: 5.206522464752197.
LOCAL_RANK: 0 - CUDA_VISIBLE_DEVICES: [0]
[I 2023-12-15 16:59:06,329] Trial 19 finished with value: 12.097208976745605 and parameters: {'gradient_clip_val': 0.5210058241140282, 'hidden_size': 13, 'dropout': 0.2733662637986993, 'hidden_continuous_size': 6, 'attention_head_size': 2, 'learning_rate': 0.0015479624076858718}. Best is trial 2 with value: 5.206522464752197.
LOCAL_RANK: 0 - CUDA_VISIBLE_DEVICES: [0]
[I 2023-12-15 16:59:57,746] Trial 20 finished with value: 40.92162322998047 and parameters: {'gradient_clip_val': 0.17489061332699268, 'hidden_size': 34, 'dropout': 0.2447639800020642, 'hidden_continuous_size': 15, 'attention_head_size': 3, 'learning_rate': 0.006066744736933675}. Best is trial 2 with value: 5.206522464752197.
LOCAL_RANK: 0 - CUDA_VISIBLE_DEVICES: [0]
[I 2023-12-15 17:00:34,262] Trial 21 finished with value: 13.967330932617188 and parameters: {'gradient_clip_val': 0.28217071595557797, 'hidden_size': 5, 'dropout': 0.10882858362859005, 'hidden_continuous_size': 5, 'attention_head_size': 2, 'learning_rate': 0.011550574721617928}. Best is trial 2 with value: 5.206522464752197.
LOCAL_RANK: 0 - CUDA_VISIBLE_DEVICES: [0]
[I 2023-12-15 17:01:19,900] Trial 22 finished with value: 21.15178108215332 and parameters: {'gradient_clip_val': 0.4003067518465051, 'hidden_size': 6, 'dropout': 0.1125373325644359, 'hidden_continuous_size': 5, 'attention_head_size': 2, 'learning_rate': 0.02533226248080897}. Best is trial 2 with value: 5.206522464752197.
LOCAL_RANK: 0 - CUDA_VISIBLE_DEVICES: [0]
[I 2023-12-15 17:01:56,269] Trial 23 finished with value: 15.00411319732666 and parameters: {'gradient_clip_val': 0.32501184385594917, 'hidden_size': 5, 'dropout': 0.17937510096549497, 'hidden_continuous_size': 5, 'attention_head_size': 2, 'learning_rate': 0.014696540449791282}. Best is trial 2 with value: 5.206522464752197.
LOCAL_RANK: 0 - CUDA_VISIBLE_DEVICES: [0]
[I 2023-12-15 17:02:42,035] Trial 24 finished with value: 13.15615177154541 and parameters: {'gradient_clip_val': 0.273937895341954, 'hidden_size': 9, 'dropout': 0.13583261789677623, 'hidden_continuous_size': 6, 'attention_head_size': 2, 'learning_rate': 0.003326906045273912}. Best is trial 2 with value: 5.206522464752197.
LOCAL_RANK: 0 - CUDA_VISIBLE_DEVICES: [0]
[I 2023-12-15 17:03:28,220] Trial 25 finished with value: 17.635133743286133 and parameters: {'gradient_clip_val': 0.3966263983886843, 'hidden_size': 10, 'dropout': 0.1732662568873889, 'hidden_continuous_size': 6, 'attention_head_size': 3, 'learning_rate': 0.007777644047478219}. Best is trial 2 with value: 5.206522464752197.
LOCAL_RANK: 0 - CUDA_VISIBLE_DEVICES: [0]
[I 2023-12-15 17:04:13,473] Trial 26 finished with value: 17.238733291625977 and parameters: {'gradient_clip_val': 0.21196879928419415, 'hidden_size': 6, 'dropout': 0.1006238611378314, 'hidden_continuous_size': 5, 'attention_head_size': 2, 'learning_rate': 0.04430989021102903}. Best is trial 2 with value: 5.206522464752197.
LOCAL_RANK: 0 - CUDA_VISIBLE_DEVICES: [0]
[I 2023-12-15 17:05:02,598] Trial 27 finished with value: 21.961084365844727 and parameters: {'gradient_clip_val': 0.7445475930965182, 'hidden_size': 22, 'dropout': 0.20048432416934905, 'hidden_continuous_size': 8, 'attention_head_size': 3, 'learning_rate': 0.01882232982971483}. Best is trial 2 with value: 5.206522464752197.
LOCAL_RANK: 0 - CUDA_VISIBLE_DEVICES: [0]
[I 2023-12-15 17:05:49,157] Trial 28 finished with value: 39.43548583984375 and parameters: {'gradient_clip_val': 0.5812515188529159, 'hidden_size': 7, 'dropout': 0.23061339607097853, 'hidden_continuous_size': 5, 'attention_head_size': 4, 'learning_rate': 0.01068926104910584}. Best is trial 2 with value: 5.206522464752197.
LOCAL_RANK: 0 - CUDA_VISIBLE_DEVICES: [0]
[I 2023-12-15 17:06:35,156] Trial 29 finished with value: 12.489086151123047 and parameters: {'gradient_clip_val': 0.7042108918866261, 'hidden_size': 11, 'dropout': 0.19804806702270566, 'hidden_continuous_size': 7, 'attention_head_size': 1, 'learning_rate': 0.004457047546383239}. Best is trial 2 with value: 5.206522464752197.
LOCAL_RANK: 0 - CUDA_VISIBLE_DEVICES: [0]
[I 2023-12-15 17:07:21,358] Trial 30 finished with value: 26.208648681640625 and parameters: {'gradient_clip_val': 0.3582686820021164, 'hidden_size': 15, 'dropout': 0.2608725264223006, 'hidden_continuous_size': 7, 'attention_head_size': 2, 'learning_rate': 0.020509615711127444}. Best is trial 2 with value: 5.206522464752197.
LOCAL_RANK: 0 - CUDA_VISIBLE_DEVICES: [0]
[I 2023-12-15 17:08:18,587] Trial 31 finished with value: 26.003870010375977 and parameters: {'gradient_clip_val': 0.44806944035906593, 'hidden_size': 98, 'dropout': 0.3066843641338366, 'hidden_continuous_size': 40, 'attention_head_size': 4, 'learning_rate': 0.0011810773021336662}. Best is trial 2 with value: 5.206522464752197.
LOCAL_RANK: 0 - CUDA_VISIBLE_DEVICES: [0]
[I 2023-12-15 17:09:12,776] Trial 32 finished with value: 27.869138717651367 and parameters: {'gradient_clip_val': 0.3112033735258562, 'hidden_size': 55, 'dropout': 0.35298156628980604, 'hidden_continuous_size': 19, 'attention_head_size': 4, 'learning_rate': 0.0013182404944465428}. Best is trial 2 with value: 5.206522464752197.
LOCAL_RANK: 0 - CUDA_VISIBLE_DEVICES: [0]
[I 2023-12-15 17:10:07,365] Trial 33 finished with value: 10.105998039245605 and parameters: {'gradient_clip_val': 0.5640491507995693, 'hidden_size': 72, 'dropout': 0.22409872333163364, 'hidden_continuous_size': 24, 'attention_head_size': 4, 'learning_rate': 0.0008695293870510617}. Best is trial 2 with value: 5.206522464752197.
LOCAL_RANK: 0 - CUDA_VISIBLE_DEVICES: [0]
[I 2023-12-15 17:11:01,136] Trial 34 finished with value: 6.425823211669922 and parameters: {'gradient_clip_val': 0.6177591902322375, 'hidden_size': 47, 'dropout': 0.22755592298788554, 'hidden_continuous_size': 23, 'attention_head_size': 4, 'learning_rate': 0.0007902525314636947}. Best is trial 2 with value: 5.206522464752197.
LOCAL_RANK: 0 - CUDA_VISIBLE_DEVICES: [0]
[I 2023-12-15 17:11:55,324] Trial 35 finished with value: 30.08681297302246 and parameters: {'gradient_clip_val': 0.6206628851229431, 'hidden_size': 50, 'dropout': 0.2085920968000238, 'hidden_continuous_size': 24, 'attention_head_size': 4, 'learning_rate': 0.0007762252957317057}. Best is trial 2 with value: 5.206522464752197.
LOCAL_RANK: 0 - CUDA_VISIBLE_DEVICES: [0]
[I 2023-12-15 17:12:49,309] Trial 36 finished with value: 8.960619926452637 and parameters: {'gradient_clip_val': 0.8298523749400062, 'hidden_size': 64, 'dropout': 0.22314057005483565, 'hidden_continuous_size': 24, 'attention_head_size': 4, 'learning_rate': 0.0009666191345421742}. Best is trial 2 with value: 5.206522464752197.
LOCAL_RANK: 0 - CUDA_VISIBLE_DEVICES: [0]
[I 2023-12-15 17:13:43,001] Trial 37 finished with value: 11.2852783203125 and parameters: {'gradient_clip_val': 0.856089936561323, 'hidden_size': 41, 'dropout': 0.22696541823367528, 'hidden_continuous_size': 18, 'attention_head_size': 4, 'learning_rate': 0.000600876168195524}. Best is trial 2 with value: 5.206522464752197.
LOCAL_RANK: 0 - CUDA_VISIBLE_DEVICES: [0]
[I 2023-12-15 17:14:33,443] Trial 38 finished with value: 19.456567764282227 and parameters: {'gradient_clip_val': 0.7960088948341516, 'hidden_size': 30, 'dropout': 0.2551412807373481, 'hidden_continuous_size': 12, 'attention_head_size': 4, 'learning_rate': 0.0010053081640324366}. Best is trial 2 with value: 5.206522464752197.
LOCAL_RANK: 0 - CUDA_VISIBLE_DEVICES: [0]
[I 2023-12-15 17:15:27,529] Trial 39 finished with value: 9.268181800842285 and parameters: {'gradient_clip_val': 0.825678437617308, 'hidden_size': 47, 'dropout': 0.21728650725857063, 'hidden_continuous_size': 28, 'attention_head_size': 4, 'learning_rate': 0.0006353486078709619}. Best is trial 2 with value: 5.206522464752197.
LOCAL_RANK: 0 - CUDA_VISIBLE_DEVICES: [0]
[I 2023-12-15 17:16:18,725] Trial 40 finished with value: 14.594271659851074 and parameters: {'gradient_clip_val': 0.6658144148035795, 'hidden_size': 36, 'dropout': 0.2376150510038383, 'hidden_continuous_size': 15, 'attention_head_size': 3, 'learning_rate': 0.0018586955189371307}. Best is trial 2 with value: 5.206522464752197.
LOCAL_RANK: 0 - CUDA_VISIBLE_DEVICES: [0]
[I 2023-12-15 17:17:12,711] Trial 41 finished with value: 22.392051696777344 and parameters: {'gradient_clip_val': 0.8493824444415672, 'hidden_size': 43, 'dropout': 0.21696377920566146, 'hidden_continuous_size': 30, 'attention_head_size': 4, 'learning_rate': 0.0005156543301520231}. Best is trial 2 with value: 5.206522464752197.
LOCAL_RANK: 0 - CUDA_VISIBLE_DEVICES: [0]
[I 2023-12-15 17:18:06,747] Trial 42 finished with value: 20.194002151489258 and parameters: {'gradient_clip_val': 0.89765958974703, 'hidden_size': 64, 'dropout': 0.20763281550185883, 'hidden_continuous_size': 23, 'attention_head_size': 4, 'learning_rate': 0.0006756165230439268}. Best is trial 2 with value: 5.206522464752197.
LOCAL_RANK: 0 - CUDA_VISIBLE_DEVICES: [0]
[I 2023-12-15 17:19:00,757] Trial 43 finished with value: 24.36824607849121 and parameters: {'gradient_clip_val': 0.7520221190991548, 'hidden_size': 47, 'dropout': 0.22233512854631032, 'hidden_continuous_size': 27, 'attention_head_size': 4, 'learning_rate': 0.000985281248240887}. Best is trial 2 with value: 5.206522464752197.
LOCAL_RANK: 0 - CUDA_VISIBLE_DEVICES: [0]
[I 2023-12-15 17:19:55,493] Trial 44 finished with value: 14.139491081237793 and parameters: {'gradient_clip_val': 0.9686835762012587, 'hidden_size': 59, 'dropout': 0.23776247328190286, 'hidden_continuous_size': 31, 'attention_head_size': 4, 'learning_rate': 0.0005008895554255794}. Best is trial 2 with value: 5.206522464752197.
LOCAL_RANK: 0 - CUDA_VISIBLE_DEVICES: [0]
[I 2023-12-15 17:20:48,052] Trial 45 finished with value: 15.5028657913208 and parameters: {'gradient_clip_val': 0.6807889210538252, 'hidden_size': 46, 'dropout': 0.19621146434610998, 'hidden_continuous_size': 20, 'attention_head_size': 1, 'learning_rate': 0.0006528460608198765}. Best is trial 2 with value: 5.206522464752197.
LOCAL_RANK: 0 - CUDA_VISIBLE_DEVICES: [0]
[I 2023-12-15 17:21:44,593] Trial 46 finished with value: 39.56865310668945 and parameters: {'gradient_clip_val': 0.9966702516621934, 'hidden_size': 79, 'dropout': 0.25910349117746545, 'hidden_continuous_size': 54, 'attention_head_size': 3, 'learning_rate': 0.0009627197629828932}. Best is trial 2 with value: 5.206522464752197.
LOCAL_RANK: 0 - CUDA_VISIBLE_DEVICES: [0]
[I 2023-12-15 17:22:39,430] Trial 47 finished with value: 18.477783203125 and parameters: {'gradient_clip_val': 0.8184776860240942, 'hidden_size': 53, 'dropout': 0.21680405810766806, 'hidden_continuous_size': 28, 'attention_head_size': 4, 'learning_rate': 0.0007506278782393306}. Best is trial 2 with value: 5.206522464752197.
LOCAL_RANK: 0 - CUDA_VISIBLE_DEVICES: [0]
[I 2023-12-15 17:23:32,806] Trial 48 finished with value: 33.79828643798828 and parameters: {'gradient_clip_val': 0.8854225098815155, 'hidden_size': 38, 'dropout': 0.23515279515632365, 'hidden_continuous_size': 21, 'attention_head_size': 4, 'learning_rate': 0.0016301906395469396}. Best is trial 2 with value: 5.206522464752197.
LOCAL_RANK: 0 - CUDA_VISIBLE_DEVICES: [0]
[I 2023-12-15 17:24:27,414] Trial 49 finished with value: 21.92150115966797 and parameters: {'gradient_clip_val': 0.7954936479823963, 'hidden_size': 64, 'dropout': 0.2477910476066459, 'hidden_continuous_size': 34, 'attention_head_size': 3, 'learning_rate': 0.0021465844689021463}. Best is trial 2 with value: 5.206522464752197.
[I 2023-12-15 17:24:27,507] A new study created in memory with name: no-name-e899e4ca-f6c7-4a9d-a79e-03775f207b21
/home/le004/conda/anaconda3/envs/tsff_env/lib/python3.9/site-packages/lightning/fabric/plugins/environments/slurm.py:191: The `srun` command is available on your system but is not used. HINT: If your intention is to run Lightning on SLURM, prepend your python command with `srun` like so: srun python /home/le004/master_thesis/git/TSFusionForecast/code/ ...
LOCAL_RANK: 0 - CUDA_VISIBLE_DEVICES: [0]
[I 2023-12-15 17:25:13,777] Trial 0 finished with value: 7.980226993560791 and parameters: {'gradient_clip_val': 0.16549618861959176, 'hidden_size': 15, 'dropout': 0.3157033077720821, 'hidden_continuous_size': 8, 'attention_head_size': 2, 'learning_rate': 0.00090125914924943}. Best is trial 0 with value: 7.980226993560791.
LOCAL_RANK: 0 - CUDA_VISIBLE_DEVICES: [0]
[I 2023-12-15 17:26:00,466] Trial 1 finished with value: 18.883359909057617 and parameters: {'gradient_clip_val': 0.9029970543967641, 'hidden_size': 10, 'dropout': 0.18431562038720245, 'hidden_continuous_size': 5, 'attention_head_size': 4, 'learning_rate': 0.014812893963484895}. Best is trial 0 with value: 7.980226993560791.
LOCAL_RANK: 0 - CUDA_VISIBLE_DEVICES: [0]
[I 2023-12-15 17:26:46,466] Trial 2 finished with value: 6.4168877601623535 and parameters: {'gradient_clip_val': 0.12703859781423432, 'hidden_size': 14, 'dropout': 0.10706924308868147, 'hidden_continuous_size': 5, 'attention_head_size': 2, 'learning_rate': 0.0022222700281519683}. Best is trial 2 with value: 6.4168877601623535.
LOCAL_RANK: 0 - CUDA_VISIBLE_DEVICES: [0]
[I 2023-12-15 17:27:37,476] Trial 3 finished with value: 19.573686599731445 and parameters: {'gradient_clip_val': 0.14236024380998727, 'hidden_size': 35, 'dropout': 0.19749341624434275, 'hidden_continuous_size': 10, 'attention_head_size': 4, 'learning_rate': 0.0032348720459051956}. Best is trial 2 with value: 6.4168877601623535.
LOCAL_RANK: 0 - CUDA_VISIBLE_DEVICES: [0]
[I 2023-12-15 17:28:24,324] Trial 4 finished with value: 13.39114761352539 and parameters: {'gradient_clip_val': 0.24694780555270568, 'hidden_size': 14, 'dropout': 0.3236337411976226, 'hidden_continuous_size': 13, 'attention_head_size': 2, 'learning_rate': 0.004453889084482271}. Best is trial 2 with value: 6.4168877601623535.
LOCAL_RANK: 0 - CUDA_VISIBLE_DEVICES: [0]
[I 2023-12-15 17:29:13,917] Trial 5 finished with value: 8.519744873046875 and parameters: {'gradient_clip_val': 0.16916320594352868, 'hidden_size': 29, 'dropout': 0.3938699782250197, 'hidden_continuous_size': 5, 'attention_head_size': 4, 'learning_rate': 0.0010130925973321013}. Best is trial 2 with value: 6.4168877601623535.
LOCAL_RANK: 0 - CUDA_VISIBLE_DEVICES: [0]
[I 2023-12-15 17:30:10,660] Trial 6 finished with value: 22.024023056030273 and parameters: {'gradient_clip_val': 0.4151807803728784, 'hidden_size': 95, 'dropout': 0.2145203472451776, 'hidden_continuous_size': 44, 'attention_head_size': 2, 'learning_rate': 0.0007840994551215372}. Best is trial 2 with value: 6.4168877601623535.
LOCAL_RANK: 0 - CUDA_VISIBLE_DEVICES: [0]
[I 2023-12-15 17:30:48,429] Trial 7 finished with value: 19.24182891845703 and parameters: {'gradient_clip_val': 0.44407245004089413, 'hidden_size': 51, 'dropout': 0.13046531405074047, 'hidden_continuous_size': 51, 'attention_head_size': 1, 'learning_rate': 0.0007062024421338476}. Best is trial 2 with value: 6.4168877601623535.
LOCAL_RANK: 0 - CUDA_VISIBLE_DEVICES: [0]
[I 2023-12-15 17:31:33,991] Trial 8 finished with value: 16.3794002532959 and parameters: {'gradient_clip_val': 0.1021725702562445, 'hidden_size': 11, 'dropout': 0.32209980502801117, 'hidden_continuous_size': 5, 'attention_head_size': 1, 'learning_rate': 0.012657334805727652}. Best is trial 2 with value: 6.4168877601623535.
LOCAL_RANK: 0 - CUDA_VISIBLE_DEVICES: [0]
[I 2023-12-15 17:32:21,575] Trial 9 finished with value: 27.304590225219727 and parameters: {'gradient_clip_val': 0.2741895851996383, 'hidden_size': 20, 'dropout': 0.1930214852603866, 'hidden_continuous_size': 5, 'attention_head_size': 4, 'learning_rate': 0.014770916480455538}. Best is trial 2 with value: 6.4168877601623535.
LOCAL_RANK: 0 - CUDA_VISIBLE_DEVICES: [0]
[I 2023-12-15 17:32:59,118] Trial 10 finished with value: 24.340932846069336 and parameters: {'gradient_clip_val': 0.10353190080499762, 'hidden_size': 5, 'dropout': 0.11224760563094542, 'hidden_continuous_size': 5, 'attention_head_size': 3, 'learning_rate': 0.0651631083691983}. Best is trial 2 with value: 6.4168877601623535.
LOCAL_RANK: 0 - CUDA_VISIBLE_DEVICES: [0]
[I 2023-12-15 17:33:45,630] Trial 11 finished with value: 14.949870109558105 and parameters: {'gradient_clip_val': 0.18403596509985462, 'hidden_size': 15, 'dropout': 0.26014311119542993, 'hidden_continuous_size': 7, 'attention_head_size': 2, 'learning_rate': 0.0015725337425892929}. Best is trial 2 with value: 6.4168877601623535.
LOCAL_RANK: 0 - CUDA_VISIBLE_DEVICES: [0]
[I 2023-12-15 17:34:31,275] Trial 12 finished with value: 16.311677932739258 and parameters: {'gradient_clip_val': 0.14584344084482, 'hidden_size': 8, 'dropout': 0.1170858523204959, 'hidden_continuous_size': 6, 'attention_head_size': 3, 'learning_rate': 0.0019638359572900057}. Best is trial 2 with value: 6.4168877601623535.
LOCAL_RANK: 0 - CUDA_VISIBLE_DEVICES: [0]
[I 2023-12-15 17:35:19,397] Trial 13 finished with value: 16.162832260131836 and parameters: {'gradient_clip_val': 0.19850520144095618, 'hidden_size': 19, 'dropout': 0.25738780255842625, 'hidden_continuous_size': 7, 'attention_head_size': 2, 'learning_rate': 0.0005199471569740229}. Best is trial 2 with value: 6.4168877601623535.
LOCAL_RANK: 0 - CUDA_VISIBLE_DEVICES: [0]
[I 2023-12-15 17:36:03,608] Trial 14 finished with value: 20.794687271118164 and parameters: {'gradient_clip_val': 0.12523828604587897, 'hidden_size': 8, 'dropout': 0.14679596101588913, 'hidden_continuous_size': 6, 'attention_head_size': 1, 'learning_rate': 0.0017331100331885736}. Best is trial 2 with value: 6.4168877601623535.
LOCAL_RANK: 0 - CUDA_VISIBLE_DEVICES: [0]
[I 2023-12-15 17:36:53,328] Trial 15 finished with value: 14.207728385925293 and parameters: {'gradient_clip_val': 0.209879507107369, 'hidden_size': 22, 'dropout': 0.1584676321834893, 'hidden_continuous_size': 9, 'attention_head_size': 3, 'learning_rate': 0.0033864594843770845}. Best is trial 2 with value: 6.4168877601623535.
LOCAL_RANK: 0 - CUDA_VISIBLE_DEVICES: [0]
[I 2023-12-15 17:37:30,003] Trial 16 finished with value: 19.222990036010742 and parameters: {'gradient_clip_val': 0.12771743836892982, 'hidden_size': 5, 'dropout': 0.11089578627912511, 'hidden_continuous_size': 5, 'attention_head_size': 2, 'learning_rate': 0.001117220993322132}. Best is trial 2 with value: 6.4168877601623535.
LOCAL_RANK: 0 - CUDA_VISIBLE_DEVICES: [0]
[I 2023-12-15 17:38:16,643] Trial 17 finished with value: 22.842905044555664 and parameters: {'gradient_clip_val': 0.1638360059911267, 'hidden_size': 13, 'dropout': 0.23725978152884938, 'hidden_continuous_size': 6, 'attention_head_size': 3, 'learning_rate': 0.0005281435461688048}. Best is trial 2 with value: 6.4168877601623535.
LOCAL_RANK: 0 - CUDA_VISIBLE_DEVICES: [0]
