[I 2023-12-15 13:57:05,633] Trial 29 finished with value: 331.8918151855469 and parameters: {'gradient_clip_val': 0.15298887438780298, 'hidden_size': 11, 'dropout': 0.25855419061813517, 'hidden_continuous_size': 5, 'attention_head_size': 4, 'learning_rate': 0.0021591651122569314}. Best is trial 27 with value: 321.505615234375.
LOCAL_RANK: 0 - CUDA_VISIBLE_DEVICES: [0]
[I 2023-12-15 13:57:50,883] Trial 30 finished with value: 343.9730224609375 and parameters: {'gradient_clip_val': 0.10022153290773618, 'hidden_size': 6, 'dropout': 0.27687988062168106, 'hidden_continuous_size': 5, 'attention_head_size': 4, 'learning_rate': 0.004376668955711683}. Best is trial 27 with value: 321.505615234375.
LOCAL_RANK: 0 - CUDA_VISIBLE_DEVICES: [0]
[I 2023-12-15 13:58:35,907] Trial 31 finished with value: 356.944091796875 and parameters: {'gradient_clip_val': 0.12058997130757768, 'hidden_size': 9, 'dropout': 0.10056874489358095, 'hidden_continuous_size': 5, 'attention_head_size': 3, 'learning_rate': 0.001702380899543024}. Best is trial 27 with value: 321.505615234375.
LOCAL_RANK: 0 - CUDA_VISIBLE_DEVICES: [0]
[I 2023-12-15 13:59:21,356] Trial 32 finished with value: 354.7255859375 and parameters: {'gradient_clip_val': 0.1391721937847134, 'hidden_size': 13, 'dropout': 0.14020081680761726, 'hidden_continuous_size': 6, 'attention_head_size': 4, 'learning_rate': 0.0018865797166078948}. Best is trial 27 with value: 321.505615234375.
LOCAL_RANK: 0 - CUDA_VISIBLE_DEVICES: [0]
[I 2023-12-15 14:00:09,732] Trial 33 finished with value: 385.4908142089844 and parameters: {'gradient_clip_val': 0.18157903998616334, 'hidden_size': 27, 'dropout': 0.13108536032284498, 'hidden_continuous_size': 8, 'attention_head_size': 2, 'learning_rate': 0.0031246644046657498}. Best is trial 27 with value: 321.505615234375.
LOCAL_RANK: 0 - CUDA_VISIBLE_DEVICES: [0]
[I 2023-12-15 14:00:55,152] Trial 34 finished with value: 466.2377014160156 and parameters: {'gradient_clip_val': 0.1166727644043183, 'hidden_size': 10, 'dropout': 0.15558609458009837, 'hidden_continuous_size': 5, 'attention_head_size': 3, 'learning_rate': 0.005460596757527552}. Best is trial 27 with value: 321.505615234375.
LOCAL_RANK: 0 - CUDA_VISIBLE_DEVICES: [0]
[I 2023-12-15 14:01:40,258] Trial 35 finished with value: 313.9105529785156 and parameters: {'gradient_clip_val': 0.14102673712949548, 'hidden_size': 6, 'dropout': 0.17242286634806075, 'hidden_continuous_size': 5, 'attention_head_size': 4, 'learning_rate': 0.002489803068798653}. Best is trial 35 with value: 313.9105529785156.
LOCAL_RANK: 0 - CUDA_VISIBLE_DEVICES: [0]
[I 2023-12-15 14:02:25,557] Trial 36 finished with value: 329.1016845703125 and parameters: {'gradient_clip_val': 0.14156415112491394, 'hidden_size': 6, 'dropout': 0.18245979065740417, 'hidden_continuous_size': 5, 'attention_head_size': 4, 'learning_rate': 0.0028100628966233852}. Best is trial 35 with value: 313.9105529785156.
LOCAL_RANK: 0 - CUDA_VISIBLE_DEVICES: [0]
[I 2023-12-15 14:03:10,892] Trial 37 finished with value: 394.3078918457031 and parameters: {'gradient_clip_val': 0.11710949771873912, 'hidden_size': 7, 'dropout': 0.2977326805573584, 'hidden_continuous_size': 5, 'attention_head_size': 4, 'learning_rate': 0.0022689763018913147}. Best is trial 35 with value: 313.9105529785156.
LOCAL_RANK: 0 - CUDA_VISIBLE_DEVICES: [0]
[I 2023-12-15 14:03:45,492] Trial 38 finished with value: 377.1457214355469 and parameters: {'gradient_clip_val': 0.1078142791187433, 'hidden_size': 5, 'dropout': 0.17224506285649313, 'hidden_continuous_size': 5, 'attention_head_size': 4, 'learning_rate': 0.0039353834845579855}. Best is trial 35 with value: 313.9105529785156.
LOCAL_RANK: 0 - CUDA_VISIBLE_DEVICES: [0]
[I 2023-12-15 14:04:29,911] Trial 39 finished with value: 393.6802673339844 and parameters: {'gradient_clip_val': 0.12795355366316918, 'hidden_size': 8, 'dropout': 0.15269861357092307, 'hidden_continuous_size': 5, 'attention_head_size': 4, 'learning_rate': 0.008440525743692565}. Best is trial 35 with value: 313.9105529785156.
LOCAL_RANK: 0 - CUDA_VISIBLE_DEVICES: [0]
[I 2023-12-15 14:05:14,470] Trial 40 finished with value: 392.1997985839844 and parameters: {'gradient_clip_val': 0.17064058966229464, 'hidden_size': 6, 'dropout': 0.17011562353265697, 'hidden_continuous_size': 5, 'attention_head_size': 3, 'learning_rate': 0.005815278245937523}. Best is trial 35 with value: 313.9105529785156.
LOCAL_RANK: 0 - CUDA_VISIBLE_DEVICES: [0]
[I 2023-12-15 14:06:02,962] Trial 41 finished with value: 394.8821716308594 and parameters: {'gradient_clip_val': 0.14203887922254532, 'hidden_size': 21, 'dropout': 0.12039096323892054, 'hidden_continuous_size': 7, 'attention_head_size': 4, 'learning_rate': 0.0016947561825699264}. Best is trial 35 with value: 313.9105529785156.
LOCAL_RANK: 0 - CUDA_VISIBLE_DEVICES: [0]
[I 2023-12-15 14:06:47,550] Trial 42 finished with value: 334.26580810546875 and parameters: {'gradient_clip_val': 0.10089872604922935, 'hidden_size': 14, 'dropout': 0.14610046774080196, 'hidden_continuous_size': 6, 'attention_head_size': 1, 'learning_rate': 0.0023627757768183485}. Best is trial 35 with value: 313.9105529785156.
LOCAL_RANK: 0 - CUDA_VISIBLE_DEVICES: [0]
[I 2023-12-15 14:07:32,975] Trial 43 finished with value: 372.8191833496094 and parameters: {'gradient_clip_val': 0.1172469409529876, 'hidden_size': 15, 'dropout': 0.12793313288689934, 'hidden_continuous_size': 6, 'attention_head_size': 3, 'learning_rate': 0.0037165307786184306}. Best is trial 35 with value: 313.9105529785156.
LOCAL_RANK: 0 - CUDA_VISIBLE_DEVICES: [0]
[I 2023-12-15 14:08:22,155] Trial 44 finished with value: 455.2079162597656 and parameters: {'gradient_clip_val': 0.15326918796008632, 'hidden_size': 29, 'dropout': 0.14159528477250244, 'hidden_continuous_size': 7, 'attention_head_size': 4, 'learning_rate': 0.0025218052306474063}. Best is trial 35 with value: 313.9105529785156.
LOCAL_RANK: 0 - CUDA_VISIBLE_DEVICES: [0]
[I 2023-12-15 14:09:05,823] Trial 45 finished with value: 413.0689697265625 and parameters: {'gradient_clip_val': 0.5967609488809845, 'hidden_size': 8, 'dropout': 0.11517796458929956, 'hidden_continuous_size': 5, 'attention_head_size': 3, 'learning_rate': 0.0011152450017442093}. Best is trial 35 with value: 313.9105529785156.
LOCAL_RANK: 0 - CUDA_VISIBLE_DEVICES: [0]
[I 2023-12-15 14:09:53,075] Trial 46 finished with value: 427.3079528808594 and parameters: {'gradient_clip_val': 0.19318775195012905, 'hidden_size': 18, 'dropout': 0.12634650665848898, 'hidden_continuous_size': 7, 'attention_head_size': 4, 'learning_rate': 0.002799148916938476}. Best is trial 35 with value: 313.9105529785156.
LOCAL_RANK: 0 - CUDA_VISIBLE_DEVICES: [0]
[I 2023-12-15 14:10:42,669] Trial 47 finished with value: 419.1444396972656 and parameters: {'gradient_clip_val': 0.11308395683088437, 'hidden_size': 38, 'dropout': 0.19032646253799287, 'hidden_continuous_size': 9, 'attention_head_size': 2, 'learning_rate': 0.0018092478569847463}. Best is trial 35 with value: 313.9105529785156.
LOCAL_RANK: 0 - CUDA_VISIBLE_DEVICES: [0]
[I 2023-12-15 14:11:27,634] Trial 48 finished with value: 432.588623046875 and parameters: {'gradient_clip_val': 0.1684533519924414, 'hidden_size': 11, 'dropout': 0.20732975184932645, 'hidden_continuous_size': 6, 'attention_head_size': 2, 'learning_rate': 0.004877350162740356}. Best is trial 35 with value: 313.9105529785156.
LOCAL_RANK: 0 - CUDA_VISIBLE_DEVICES: [0]
[I 2023-12-15 14:12:12,210] Trial 49 finished with value: 340.6031188964844 and parameters: {'gradient_clip_val': 0.126181082907709, 'hidden_size': 9, 'dropout': 0.16726861797843962, 'hidden_continuous_size': 6, 'attention_head_size': 1, 'learning_rate': 0.0038861276146193065}. Best is trial 35 with value: 313.9105529785156.
[I 2023-12-15 14:12:12,303] A new study created in memory with name: no-name-5641bafd-c485-4ccf-886c-033994fb3872
/home/le004/conda/anaconda3/envs/tsff_env/lib/python3.9/site-packages/lightning/fabric/plugins/environments/slurm.py:191: The `srun` command is available on your system but is not used. HINT: If your intention is to run Lightning on SLURM, prepend your python command with `srun` like so: srun python /home/le004/master_thesis/git/TSFusionForecast/code/ ...
LOCAL_RANK: 0 - CUDA_VISIBLE_DEVICES: [0]
[I 2023-12-15 14:13:00,670] Trial 0 finished with value: 2426.426513671875 and parameters: {'gradient_clip_val': 0.2479519754892235, 'hidden_size': 22, 'dropout': 0.10914086502178877, 'hidden_continuous_size': 7, 'attention_head_size': 4, 'learning_rate': 0.0020943229974040058}. Best is trial 0 with value: 2426.426513671875.
LOCAL_RANK: 0 - CUDA_VISIBLE_DEVICES: [0]
[I 2023-12-15 14:13:49,979] Trial 1 finished with value: 5018.0244140625 and parameters: {'gradient_clip_val': 0.7993982992133153, 'hidden_size': 26, 'dropout': 0.22382643053870255, 'hidden_continuous_size': 12, 'attention_head_size': 3, 'learning_rate': 0.0432181684685611}. Best is trial 0 with value: 2426.426513671875.
LOCAL_RANK: 0 - CUDA_VISIBLE_DEVICES: [0]
[I 2023-12-15 14:14:41,197] Trial 2 finished with value: 3954.6201171875 and parameters: {'gradient_clip_val': 0.14051223115997813, 'hidden_size': 67, 'dropout': 0.13648967817143878, 'hidden_continuous_size': 5, 'attention_head_size': 3, 'learning_rate': 0.005862940718816676}. Best is trial 0 with value: 2426.426513671875.
LOCAL_RANK: 0 - CUDA_VISIBLE_DEVICES: [0]
[I 2023-12-15 14:15:15,302] Trial 3 finished with value: 3620.428466796875 and parameters: {'gradient_clip_val': 0.11601993146879158, 'hidden_size': 6, 'dropout': 0.1445714793453889, 'hidden_continuous_size': 6, 'attention_head_size': 3, 'learning_rate': 0.009809696212850301}. Best is trial 0 with value: 2426.426513671875.
LOCAL_RANK: 0 - CUDA_VISIBLE_DEVICES: [0]
[I 2023-12-15 14:16:06,739] Trial 4 finished with value: 4962.0361328125 and parameters: {'gradient_clip_val': 0.29526440433765283, 'hidden_size': 34, 'dropout': 0.3428267364605223, 'hidden_continuous_size': 18, 'attention_head_size': 3, 'learning_rate': 0.049543133479275636}. Best is trial 0 with value: 2426.426513671875.
LOCAL_RANK: 0 - CUDA_VISIBLE_DEVICES: [0]
[I 2023-12-15 14:16:40,663] Trial 5 finished with value: 8875.1552734375 and parameters: {'gradient_clip_val': 0.22612147592294995, 'hidden_size': 5, 'dropout': 0.11055766962819402, 'hidden_continuous_size': 5, 'attention_head_size': 3, 'learning_rate': 0.0008110163278769701}. Best is trial 0 with value: 2426.426513671875.
LOCAL_RANK: 0 - CUDA_VISIBLE_DEVICES: [0]
[I 2023-12-15 14:17:27,815] Trial 6 finished with value: 3977.552978515625 and parameters: {'gradient_clip_val': 0.25734835381698135, 'hidden_size': 24, 'dropout': 0.26292303641539694, 'hidden_continuous_size': 9, 'attention_head_size': 2, 'learning_rate': 0.002885949823282794}. Best is trial 0 with value: 2426.426513671875.
LOCAL_RANK: 0 - CUDA_VISIBLE_DEVICES: [0]
[I 2023-12-15 14:18:19,580] Trial 7 finished with value: 9148.7587890625 and parameters: {'gradient_clip_val': 0.6448789231726028, 'hidden_size': 42, 'dropout': 0.1503511442894937, 'hidden_continuous_size': 9, 'attention_head_size': 3, 'learning_rate': 0.03174592368063062}. Best is trial 0 with value: 2426.426513671875.
LOCAL_RANK: 0 - CUDA_VISIBLE_DEVICES: [0]
[I 2023-12-15 14:19:06,745] Trial 8 finished with value: 2769.974365234375 and parameters: {'gradient_clip_val': 0.7916107461442797, 'hidden_size': 20, 'dropout': 0.28664091102045125, 'hidden_continuous_size': 9, 'attention_head_size': 3, 'learning_rate': 0.002530164173766048}. Best is trial 0 with value: 2426.426513671875.
LOCAL_RANK: 0 - CUDA_VISIBLE_DEVICES: [0]
[I 2023-12-15 14:19:55,602] Trial 9 finished with value: 3186.3837890625 and parameters: {'gradient_clip_val': 0.33309021437898567, 'hidden_size': 29, 'dropout': 0.35445662834700986, 'hidden_continuous_size': 5, 'attention_head_size': 3, 'learning_rate': 0.0006437216263076193}. Best is trial 0 with value: 2426.426513671875.
LOCAL_RANK: 0 - CUDA_VISIBLE_DEVICES: [0]
[I 2023-12-15 14:20:50,558] Trial 10 finished with value: 7016.72802734375 and parameters: {'gradient_clip_val': 0.519670219933334, 'hidden_size': 100, 'dropout': 0.1968763831186146, 'hidden_continuous_size': 46, 'attention_head_size': 1, 'learning_rate': 0.09287680857037184}. Best is trial 0 with value: 2426.426513671875.
LOCAL_RANK: 0 - CUDA_VISIBLE_DEVICES: [0]
[I 2023-12-15 14:21:36,636] Trial 11 finished with value: 2901.760009765625 and parameters: {'gradient_clip_val': 0.5119131715225278, 'hidden_size': 13, 'dropout': 0.28122235219845393, 'hidden_continuous_size': 7, 'attention_head_size': 4, 'learning_rate': 0.0020820974028403654}. Best is trial 0 with value: 2426.426513671875.
LOCAL_RANK: 0 - CUDA_VISIBLE_DEVICES: [0]
[I 2023-12-15 14:22:22,668] Trial 12 finished with value: 3839.9462890625 and parameters: {'gradient_clip_val': 0.40826550677731344, 'hidden_size': 15, 'dropout': 0.2995737783367476, 'hidden_continuous_size': 7, 'attention_head_size': 4, 'learning_rate': 0.001599937765383161}. Best is trial 0 with value: 2426.426513671875.
LOCAL_RANK: 0 - CUDA_VISIBLE_DEVICES: [0]
[I 2023-12-15 14:23:08,513] Trial 13 finished with value: 3928.515869140625 and parameters: {'gradient_clip_val': 0.9231677791675363, 'hidden_size': 15, 'dropout': 0.18733320229232775, 'hidden_continuous_size': 7, 'attention_head_size': 4, 'learning_rate': 0.004624874524561608}. Best is trial 0 with value: 2426.426513671875.
LOCAL_RANK: 0 - CUDA_VISIBLE_DEVICES: [0]
[I 2023-12-15 14:23:52,372] Trial 14 finished with value: 5675.96435546875 and parameters: {'gradient_clip_val': 0.17340981477259174, 'hidden_size': 12, 'dropout': 0.233801332026097, 'hidden_continuous_size': 6, 'attention_head_size': 2, 'learning_rate': 0.0012974313579414093}. Best is trial 0 with value: 2426.426513671875.
LOCAL_RANK: 0 - CUDA_VISIBLE_DEVICES: [0]
[I 2023-12-15 14:24:40,770] Trial 15 finished with value: 3216.641845703125 and parameters: {'gradient_clip_val': 0.38796395050862564, 'hidden_size': 19, 'dropout': 0.39905043317580935, 'hidden_continuous_size': 10, 'attention_head_size': 4, 'learning_rate': 0.003477898840751629}. Best is trial 0 with value: 2426.426513671875.
LOCAL_RANK: 0 - CUDA_VISIBLE_DEVICES: [0]
[I 2023-12-15 14:25:25,903] Trial 16 finished with value: 3456.687255859375 and parameters: {'gradient_clip_val': 0.9675352720411199, 'hidden_size': 9, 'dropout': 0.1107251942370449, 'hidden_continuous_size': 6, 'attention_head_size': 2, 'learning_rate': 0.009747042091924315}. Best is trial 0 with value: 2426.426513671875.
LOCAL_RANK: 0 - CUDA_VISIBLE_DEVICES: [0]
[I 2023-12-15 14:26:13,504] Trial 17 finished with value: 3433.112060546875 and parameters: {'gradient_clip_val': 0.20752918990099314, 'hidden_size': 19, 'dropout': 0.19069083132118975, 'hidden_continuous_size': 8, 'attention_head_size': 4, 'learning_rate': 0.0013199435241531535}. Best is trial 0 with value: 2426.426513671875.
LOCAL_RANK: 0 - CUDA_VISIBLE_DEVICES: [0]
[I 2023-12-15 14:27:04,871] Trial 18 finished with value: 3094.310302734375 and parameters: {'gradient_clip_val': 0.6856377480306164, 'hidden_size': 45, 'dropout': 0.2454882989527675, 'hidden_continuous_size': 14, 'attention_head_size': 1, 'learning_rate': 0.0005015992456305773}. Best is trial 0 with value: 2426.426513671875.
LOCAL_RANK: 0 - CUDA_VISIBLE_DEVICES: [0]
[I 2023-12-15 14:27:53,549] Trial 19 finished with value: 4021.694091796875 and parameters: {'gradient_clip_val': 0.3033218397475562, 'hidden_size': 21, 'dropout': 0.3032391457706033, 'hidden_continuous_size': 8, 'attention_head_size': 4, 'learning_rate': 0.0025456553045523716}. Best is trial 0 with value: 2426.426513671875.
LOCAL_RANK: 0 - CUDA_VISIBLE_DEVICES: [0]
[I 2023-12-15 14:28:38,189] Trial 20 finished with value: 6243.626953125 and parameters: {'gradient_clip_val': 0.18522027621282183, 'hidden_size': 9, 'dropout': 0.10076829220359206, 'hidden_continuous_size': 6, 'attention_head_size': 2, 'learning_rate': 0.0009515770957472298}. Best is trial 0 with value: 2426.426513671875.
LOCAL_RANK: 0 - CUDA_VISIBLE_DEVICES: [0]
[I 2023-12-15 14:29:24,409] Trial 21 finished with value: 2960.572509765625 and parameters: {'gradient_clip_val': 0.5228028478229213, 'hidden_size': 14, 'dropout': 0.275184600816968, 'hidden_continuous_size': 7, 'attention_head_size': 4, 'learning_rate': 0.001936402597642664}. Best is trial 0 with value: 2426.426513671875.
LOCAL_RANK: 0 - CUDA_VISIBLE_DEVICES: [0]
[I 2023-12-15 14:30:10,190] Trial 22 finished with value: 3513.104248046875 and parameters: {'gradient_clip_val': 0.5179078033632863, 'hidden_size': 11, 'dropout': 0.28049405583253373, 'hidden_continuous_size': 7, 'attention_head_size': 4, 'learning_rate': 0.0021598547348352145}. Best is trial 0 with value: 2426.426513671875.
LOCAL_RANK: 0 - CUDA_VISIBLE_DEVICES: [0]
[I 2023-12-15 14:30:57,541] Trial 23 finished with value: 3853.362548828125 and parameters: {'gradient_clip_val': 0.7169770269444579, 'hidden_size': 18, 'dropout': 0.2188669611999495, 'hidden_continuous_size': 8, 'attention_head_size': 4, 'learning_rate': 0.0038569796140661976}. Best is trial 0 with value: 2426.426513671875.
LOCAL_RANK: 0 - CUDA_VISIBLE_DEVICES: [0]
[I 2023-12-15 14:31:45,630] Trial 24 finished with value: 2959.0517578125 and parameters: {'gradient_clip_val': 0.5997637531462592, 'hidden_size': 24, 'dropout': 0.24905888634263731, 'hidden_continuous_size': 10, 'attention_head_size': 4, 'learning_rate': 0.0012416004127555015}. Best is trial 0 with value: 2426.426513671875.
LOCAL_RANK: 0 - CUDA_VISIBLE_DEVICES: [0]
[I 2023-12-15 14:32:34,647] Trial 25 finished with value: 2099.166259765625 and parameters: {'gradient_clip_val': 0.7684553288880476, 'hidden_size': 31, 'dropout': 0.2893120722407293, 'hidden_continuous_size': 11, 'attention_head_size': 3, 'learning_rate': 0.0021511982172488747}. Best is trial 25 with value: 2099.166259765625.
LOCAL_RANK: 0 - CUDA_VISIBLE_DEVICES: [0]
[I 2023-12-15 14:33:24,353] Trial 26 finished with value: 5276.845703125 and parameters: {'gradient_clip_val': 0.835706417211528, 'hidden_size': 33, 'dropout': 0.16745561812032977, 'hidden_continuous_size': 12, 'attention_head_size': 3, 'learning_rate': 0.0052072560705366516}. Best is trial 25 with value: 2099.166259765625.
LOCAL_RANK: 0 - CUDA_VISIBLE_DEVICES: [0]
[I 2023-12-15 14:34:16,088] Trial 27 finished with value: 3923.441650390625 and parameters: {'gradient_clip_val': 0.8193433329466276, 'hidden_size': 39, 'dropout': 0.21223479157212302, 'hidden_continuous_size': 16, 'attention_head_size': 2, 'learning_rate': 0.0029471215061999735}. Best is trial 25 with value: 2099.166259765625.
LOCAL_RANK: 0 - CUDA_VISIBLE_DEVICES: [0]
[I 2023-12-15 14:35:04,172] Trial 28 finished with value: 2885.472900390625 and parameters: {'gradient_clip_val': 0.39771773198031074, 'hidden_size': 28, 'dropout': 0.24581278880586876, 'hidden_continuous_size': 11, 'attention_head_size': 3, 'learning_rate': 0.0009093449992634516}. Best is trial 25 with value: 2099.166259765625.
LOCAL_RANK: 0 - CUDA_VISIBLE_DEVICES: [0]
[I 2023-12-15 14:35:53,318] Trial 29 finished with value: 2380.119384765625 and parameters: {'gradient_clip_val': 0.9725631348499186, 'hidden_size': 25, 'dropout': 0.22623209548098594, 'hidden_continuous_size': 12, 'attention_head_size': 3, 'learning_rate': 0.0017328270888306635}. Best is trial 25 with value: 2099.166259765625.
LOCAL_RANK: 0 - CUDA_VISIBLE_DEVICES: [0]
[I 2023-12-15 14:36:41,851] Trial 30 finished with value: 2336.302734375 and parameters: {'gradient_clip_val': 0.9939900698854619, 'hidden_size': 25, 'dropout': 0.17893036341288998, 'hidden_continuous_size': 13, 'attention_head_size': 2, 'learning_rate': 0.0017099082485749482}. Best is trial 25 with value: 2099.166259765625.
LOCAL_RANK: 0 - CUDA_VISIBLE_DEVICES: [0]
[I 2023-12-15 14:37:30,620] Trial 31 finished with value: 3469.7900390625 and parameters: {'gradient_clip_val': 0.8108813102687052, 'hidden_size': 26, 'dropout': 0.16858200049987193, 'hidden_continuous_size': 13, 'attention_head_size': 2, 'learning_rate': 0.0016675018873471836}. Best is trial 25 with value: 2099.166259765625.
LOCAL_RANK: 0 - CUDA_VISIBLE_DEVICES: [0]
[I 2023-12-15 14:38:19,441] Trial 32 finished with value: 4092.774658203125 and parameters: {'gradient_clip_val': 0.9974979634756079, 'hidden_size': 33, 'dropout': 0.21205132927639578, 'hidden_continuous_size': 12, 'attention_head_size': 1, 'learning_rate': 0.001258628219759821}. Best is trial 25 with value: 2099.166259765625.
LOCAL_RANK: 0 - CUDA_VISIBLE_DEVICES: [0]
[I 2023-12-15 14:39:11,915] Trial 33 finished with value: 7328.97265625 and parameters: {'gradient_clip_val': 0.995707385708343, 'hidden_size': 53, 'dropout': 0.12890820876331593, 'hidden_continuous_size': 16, 'attention_head_size': 2, 'learning_rate': 0.003642725932414947}. Best is trial 25 with value: 2099.166259765625.
LOCAL_RANK: 0 - CUDA_VISIBLE_DEVICES: [0]
[I 2023-12-15 14:40:00,895] Trial 34 finished with value: 5725.00146484375 and parameters: {'gradient_clip_val': 0.7588871223780906, 'hidden_size': 23, 'dropout': 0.13243402089425374, 'hidden_continuous_size': 11, 'attention_head_size': 3, 'learning_rate': 0.006849439722550121}. Best is trial 25 with value: 2099.166259765625.
LOCAL_RANK: 0 - CUDA_VISIBLE_DEVICES: [0]
[I 2023-12-15 14:40:49,943] Trial 35 finished with value: 3833.4267578125 and parameters: {'gradient_clip_val': 0.8590707924046203, 'hidden_size': 30, 'dropout': 0.2285278203724806, 'hidden_continuous_size': 14, 'attention_head_size': 3, 'learning_rate': 0.0017564502612247399}. Best is trial 25 with value: 2099.166259765625.
LOCAL_RANK: 0 - CUDA_VISIBLE_DEVICES: [0]
[I 2023-12-15 14:41:41,137] Trial 36 finished with value: 2688.837158203125 and parameters: {'gradient_clip_val': 0.8988636414007628, 'hidden_size': 36, 'dropout': 0.15890900536782357, 'hidden_continuous_size': 18, 'attention_head_size': 3, 'learning_rate': 0.0007727835427974363}. Best is trial 25 with value: 2099.166259765625.
LOCAL_RANK: 0 - CUDA_VISIBLE_DEVICES: [0]
