[I 2023-12-16 01:31:26,650] Trial 46 finished with value: 24.158668518066406 and parameters: {'gradient_clip_val': 0.18807976878458496, 'hidden_size': 56, 'dropout': 0.2666290119172079, 'hidden_continuous_size': 13, 'attention_head_size': 3, 'learning_rate': 0.004174303930125177}. Best is trial 3 with value: 8.383110046386719.
LOCAL_RANK: 0 - CUDA_VISIBLE_DEVICES: [0]
[I 2023-12-16 01:32:20,779] Trial 47 finished with value: 19.15230369567871 and parameters: {'gradient_clip_val': 0.14632603424898571, 'hidden_size': 73, 'dropout': 0.21638728604579083, 'hidden_continuous_size': 10, 'attention_head_size': 4, 'learning_rate': 0.005565829782330737}. Best is trial 3 with value: 8.383110046386719.
LOCAL_RANK: 0 - CUDA_VISIBLE_DEVICES: [0]
[I 2023-12-16 01:33:14,534] Trial 48 finished with value: 37.810523986816406 and parameters: {'gradient_clip_val': 0.12591044220521574, 'hidden_size': 100, 'dropout': 0.39993948641876226, 'hidden_continuous_size': 7, 'attention_head_size': 3, 'learning_rate': 0.010916330220298321}. Best is trial 3 with value: 8.383110046386719.
LOCAL_RANK: 0 - CUDA_VISIBLE_DEVICES: [0]
[I 2023-12-16 01:34:04,672] Trial 49 finished with value: 20.272897720336914 and parameters: {'gradient_clip_val': 0.1684237680229304, 'hidden_size': 35, 'dropout': 0.2872618040563797, 'hidden_continuous_size': 11, 'attention_head_size': 4, 'learning_rate': 0.008432281510986307}. Best is trial 3 with value: 8.383110046386719.
[I 2023-12-16 01:34:04,767] A new study created in memory with name: no-name-054162bc-6c00-4068-bea4-623c79e2bbbd
/home/le004/conda/anaconda3/envs/tsff_env/lib/python3.9/site-packages/lightning/fabric/plugins/environments/slurm.py:191: The `srun` command is available on your system but is not used. HINT: If your intention is to run Lightning on SLURM, prepend your python command with `srun` like so: srun python /home/le004/master_thesis/git/TSFusionForecast/code/ ...
LOCAL_RANK: 0 - CUDA_VISIBLE_DEVICES: [0]
[I 2023-12-16 01:34:38,629] Trial 0 finished with value: 7.644918918609619 and parameters: {'gradient_clip_val': 0.10348067986382237, 'hidden_size': 5, 'dropout': 0.29057541422520083, 'hidden_continuous_size': 5, 'attention_head_size': 2, 'learning_rate': 0.09530676386981013}. Best is trial 0 with value: 7.644918918609619.
LOCAL_RANK: 0 - CUDA_VISIBLE_DEVICES: [0]
[I 2023-12-16 01:35:29,751] Trial 1 finished with value: 6.6345906257629395 and parameters: {'gradient_clip_val': 0.25302143704184227, 'hidden_size': 38, 'dropout': 0.26864083104266456, 'hidden_continuous_size': 11, 'attention_head_size': 4, 'learning_rate': 0.005617219267971834}. Best is trial 1 with value: 6.6345906257629395.
LOCAL_RANK: 0 - CUDA_VISIBLE_DEVICES: [0]
[I 2023-12-16 01:36:18,585] Trial 2 finished with value: 14.563084602355957 and parameters: {'gradient_clip_val': 0.1431986055438484, 'hidden_size': 31, 'dropout': 0.21126148122743887, 'hidden_continuous_size': 6, 'attention_head_size': 2, 'learning_rate': 0.000743631895065004}. Best is trial 1 with value: 6.6345906257629395.
LOCAL_RANK: 0 - CUDA_VISIBLE_DEVICES: [0]
[I 2023-12-16 01:37:11,731] Trial 3 finished with value: 5.507974147796631 and parameters: {'gradient_clip_val': 0.15764050395241527, 'hidden_size': 45, 'dropout': 0.2070684715737026, 'hidden_continuous_size': 43, 'attention_head_size': 2, 'learning_rate': 0.0005932727370105522}. Best is trial 3 with value: 5.507974147796631.
LOCAL_RANK: 0 - CUDA_VISIBLE_DEVICES: [0]
[I 2023-12-16 01:37:58,314] Trial 4 finished with value: 9.589424133300781 and parameters: {'gradient_clip_val': 0.5867879356402873, 'hidden_size': 18, 'dropout': 0.23846699688321982, 'hidden_continuous_size': 6, 'attention_head_size': 2, 'learning_rate': 0.023667259702601303}. Best is trial 3 with value: 5.507974147796631.
LOCAL_RANK: 0 - CUDA_VISIBLE_DEVICES: [0]
[I 2023-12-16 01:38:41,979] Trial 5 finished with value: 7.372862339019775 and parameters: {'gradient_clip_val': 0.10101760257091298, 'hidden_size': 12, 'dropout': 0.3365027571131163, 'hidden_continuous_size': 6, 'attention_head_size': 1, 'learning_rate': 0.08984237150155422}. Best is trial 3 with value: 5.507974147796631.
LOCAL_RANK: 0 - CUDA_VISIBLE_DEVICES: [0]
[I 2023-12-16 01:39:16,349] Trial 6 finished with value: 26.674072265625 and parameters: {'gradient_clip_val': 0.1681225103909753, 'hidden_size': 5, 'dropout': 0.12603903737223948, 'hidden_continuous_size': 5, 'attention_head_size': 3, 'learning_rate': 0.03550534974984536}. Best is trial 3 with value: 5.507974147796631.
LOCAL_RANK: 0 - CUDA_VISIBLE_DEVICES: [0]
[I 2023-12-16 01:40:04,971] Trial 7 finished with value: 9.492919921875 and parameters: {'gradient_clip_val': 0.375631253675945, 'hidden_size': 22, 'dropout': 0.35914677870987566, 'hidden_continuous_size': 11, 'attention_head_size': 2, 'learning_rate': 0.07349210739157414}. Best is trial 3 with value: 5.507974147796631.
LOCAL_RANK: 0 - CUDA_VISIBLE_DEVICES: [0]
[I 2023-12-16 01:40:39,342] Trial 8 finished with value: 12.79655933380127 and parameters: {'gradient_clip_val': 0.30485321420268763, 'hidden_size': 12, 'dropout': 0.26406448042596653, 'hidden_continuous_size': 12, 'attention_head_size': 4, 'learning_rate': 0.0009121746938742847}. Best is trial 3 with value: 5.507974147796631.
LOCAL_RANK: 0 - CUDA_VISIBLE_DEVICES: [0]
[I 2023-12-16 01:41:24,826] Trial 9 finished with value: 6.7841410636901855 and parameters: {'gradient_clip_val': 0.7790706215157579, 'hidden_size': 10, 'dropout': 0.24112994761946926, 'hidden_continuous_size': 6, 'attention_head_size': 3, 'learning_rate': 0.09819141675830127}. Best is trial 3 with value: 5.507974147796631.
LOCAL_RANK: 0 - CUDA_VISIBLE_DEVICES: [0]
[I 2023-12-16 01:42:18,749] Trial 10 finished with value: 5.895172595977783 and parameters: {'gradient_clip_val': 0.19002475140595304, 'hidden_size': 68, 'dropout': 0.16762225398600292, 'hidden_continuous_size': 56, 'attention_head_size': 1, 'learning_rate': 0.0005104523960378842}. Best is trial 3 with value: 5.507974147796631.
LOCAL_RANK: 0 - CUDA_VISIBLE_DEVICES: [0]
[I 2023-12-16 01:43:13,497] Trial 11 finished with value: 6.651124477386475 and parameters: {'gradient_clip_val': 0.19771587031258867, 'hidden_size': 76, 'dropout': 0.17105629792489888, 'hidden_continuous_size': 56, 'attention_head_size': 1, 'learning_rate': 0.0005940298901401989}. Best is trial 3 with value: 5.507974147796631.
LOCAL_RANK: 0 - CUDA_VISIBLE_DEVICES: [0]
[I 2023-12-16 01:44:09,334] Trial 12 finished with value: 8.761008262634277 and parameters: {'gradient_clip_val': 0.20872439175809876, 'hidden_size': 95, 'dropout': 0.16995190496985008, 'hidden_continuous_size': 54, 'attention_head_size': 1, 'learning_rate': 0.0015775231639903536}. Best is trial 3 with value: 5.507974147796631.
LOCAL_RANK: 0 - CUDA_VISIBLE_DEVICES: [0]
[I 2023-12-16 01:45:01,617] Trial 13 finished with value: 6.8495659828186035 and parameters: {'gradient_clip_val': 0.1433908381971365, 'hidden_size': 56, 'dropout': 0.10331039471928953, 'hidden_continuous_size': 37, 'attention_head_size': 1, 'learning_rate': 0.0018194939967965916}. Best is trial 3 with value: 5.507974147796631.
LOCAL_RANK: 0 - CUDA_VISIBLE_DEVICES: [0]
[I 2023-12-16 01:45:55,515] Trial 14 finished with value: 8.205955505371094 and parameters: {'gradient_clip_val': 0.3622186477824594, 'hidden_size': 55, 'dropout': 0.18649423244560548, 'hidden_continuous_size': 33, 'attention_head_size': 3, 'learning_rate': 0.0005222871773705876}. Best is trial 3 with value: 5.507974147796631.
LOCAL_RANK: 0 - CUDA_VISIBLE_DEVICES: [0]
[I 2023-12-16 01:46:48,135] Trial 15 finished with value: 9.825383186340332 and parameters: {'gradient_clip_val': 0.24492025910775053, 'hidden_size': 53, 'dropout': 0.14336879827349758, 'hidden_continuous_size': 26, 'attention_head_size': 1, 'learning_rate': 0.002065496186461368}. Best is trial 3 with value: 5.507974147796631.
LOCAL_RANK: 0 - CUDA_VISIBLE_DEVICES: [0]
[I 2023-12-16 01:47:46,171] Trial 16 finished with value: 22.336715698242188 and parameters: {'gradient_clip_val': 0.1404615857186228, 'hidden_size': 99, 'dropout': 0.20394082764707333, 'hidden_continuous_size': 98, 'attention_head_size': 2, 'learning_rate': 0.003386954560087181}. Best is trial 3 with value: 5.507974147796631.
LOCAL_RANK: 0 - CUDA_VISIBLE_DEVICES: [0]
[I 2023-12-16 01:48:37,542] Trial 17 finished with value: 7.453823089599609 and parameters: {'gradient_clip_val': 0.18411814576290397, 'hidden_size': 38, 'dropout': 0.15433556683073685, 'hidden_continuous_size': 17, 'attention_head_size': 1, 'learning_rate': 0.0010749656662846887}. Best is trial 3 with value: 5.507974147796631.
LOCAL_RANK: 0 - CUDA_VISIBLE_DEVICES: [0]
[I 2023-12-16 01:49:31,017] Trial 18 finished with value: 8.6033935546875 and parameters: {'gradient_clip_val': 0.26337181417359795, 'hidden_size': 72, 'dropout': 0.20311665694900916, 'hidden_continuous_size': 24, 'attention_head_size': 2, 'learning_rate': 0.0005481034118924688}. Best is trial 3 with value: 5.507974147796631.
LOCAL_RANK: 0 - CUDA_VISIBLE_DEVICES: [0]
[I 2023-12-16 01:50:23,688] Trial 19 finished with value: 5.74155855178833 and parameters: {'gradient_clip_val': 0.12890935722196034, 'hidden_size': 42, 'dropout': 0.13009574912804933, 'hidden_continuous_size': 19, 'attention_head_size': 3, 'learning_rate': 0.001119784024326634}. Best is trial 3 with value: 5.507974147796631.
LOCAL_RANK: 0 - CUDA_VISIBLE_DEVICES: [0]
[I 2023-12-16 01:51:15,421] Trial 20 finished with value: 9.993903160095215 and parameters: {'gradient_clip_val': 0.11585316648146157, 'hidden_size': 40, 'dropout': 0.10559476109601926, 'hidden_continuous_size': 18, 'attention_head_size': 3, 'learning_rate': 0.0011685291669825985}. Best is trial 3 with value: 5.507974147796631.
LOCAL_RANK: 0 - CUDA_VISIBLE_DEVICES: [0]
[I 2023-12-16 01:52:09,594] Trial 21 finished with value: 5.379427433013916 and parameters: {'gradient_clip_val': 0.13310668919489482, 'hidden_size': 68, 'dropout': 0.14157043316062826, 'hidden_continuous_size': 45, 'attention_head_size': 3, 'learning_rate': 0.0008636582992509896}. Best is trial 21 with value: 5.379427433013916.
LOCAL_RANK: 0 - CUDA_VISIBLE_DEVICES: [0]
[I 2023-12-16 01:53:01,412] Trial 22 finished with value: 6.102714538574219 and parameters: {'gradient_clip_val': 0.12683982023441193, 'hidden_size': 48, 'dropout': 0.14429587443706093, 'hidden_continuous_size': 21, 'attention_head_size': 3, 'learning_rate': 0.0012102663663444346}. Best is trial 21 with value: 5.379427433013916.
LOCAL_RANK: 0 - CUDA_VISIBLE_DEVICES: [0]
[I 2023-12-16 01:53:50,166] Trial 23 finished with value: 6.512620449066162 and parameters: {'gradient_clip_val': 0.12148044958892108, 'hidden_size': 28, 'dropout': 0.12631689614243877, 'hidden_continuous_size': 15, 'attention_head_size': 4, 'learning_rate': 0.0024554664201905255}. Best is trial 21 with value: 5.379427433013916.
LOCAL_RANK: 0 - CUDA_VISIBLE_DEVICES: [0]
[I 2023-12-16 01:54:42,256] Trial 24 finished with value: 7.6643385887146 and parameters: {'gradient_clip_val': 0.16780183346373326, 'hidden_size': 45, 'dropout': 0.1309988190484904, 'hidden_continuous_size': 9, 'attention_head_size': 3, 'learning_rate': 0.0008783933529396006}. Best is trial 21 with value: 5.379427433013916.
LOCAL_RANK: 0 - CUDA_VISIBLE_DEVICES: [0]
[I 2023-12-16 01:55:36,818] Trial 25 finished with value: 6.946819305419922 and parameters: {'gradient_clip_val': 0.15445351574546592, 'hidden_size': 66, 'dropout': 0.1895745918074145, 'hidden_continuous_size': 33, 'attention_head_size': 3, 'learning_rate': 0.0031984717200004473}. Best is trial 21 with value: 5.379427433013916.
LOCAL_RANK: 0 - CUDA_VISIBLE_DEVICES: [0]
[I 2023-12-16 01:56:31,080] Trial 26 finished with value: 8.144586563110352 and parameters: {'gradient_clip_val': 0.12501582230063696, 'hidden_size': 58, 'dropout': 0.2202539141542132, 'hidden_continuous_size': 27, 'attention_head_size': 4, 'learning_rate': 0.001400677965026417}. Best is trial 21 with value: 5.379427433013916.
LOCAL_RANK: 0 - CUDA_VISIBLE_DEVICES: [0]
[I 2023-12-16 01:57:26,693] Trial 27 finished with value: 6.070009708404541 and parameters: {'gradient_clip_val': 0.10019036956761158, 'hidden_size': 83, 'dropout': 0.15728688412751635, 'hidden_continuous_size': 40, 'attention_head_size': 3, 'learning_rate': 0.000799618400057115}. Best is trial 21 with value: 5.379427433013916.
LOCAL_RANK: 0 - CUDA_VISIBLE_DEVICES: [0]
[I 2023-12-16 01:58:16,335] Trial 28 finished with value: 10.893271446228027 and parameters: {'gradient_clip_val': 0.15955054901037488, 'hidden_size': 33, 'dropout': 0.1007253798092782, 'hidden_continuous_size': 14, 'attention_head_size': 2, 'learning_rate': 0.0007601511556558664}. Best is trial 21 with value: 5.379427433013916.
LOCAL_RANK: 0 - CUDA_VISIBLE_DEVICES: [0]
[I 2023-12-16 01:59:09,453] Trial 29 finished with value: 8.49501895904541 and parameters: {'gradient_clip_val': 0.11367525062716552, 'hidden_size': 47, 'dropout': 0.18484142661084785, 'hidden_continuous_size': 21, 'attention_head_size': 3, 'learning_rate': 0.001405080212265378}. Best is trial 21 with value: 5.379427433013916.
LOCAL_RANK: 0 - CUDA_VISIBLE_DEVICES: [0]
[I 2023-12-16 02:00:02,616] Trial 30 finished with value: 5.643466472625732 and parameters: {'gradient_clip_val': 0.12897114024943204, 'hidden_size': 62, 'dropout': 0.13823788163782535, 'hidden_continuous_size': 19, 'attention_head_size': 2, 'learning_rate': 0.0010170817793698165}. Best is trial 21 with value: 5.379427433013916.
LOCAL_RANK: 0 - CUDA_VISIBLE_DEVICES: [0]
[I 2023-12-16 02:00:55,362] Trial 31 finished with value: 14.7349214553833 and parameters: {'gradient_clip_val': 0.13213047753971938, 'hidden_size': 62, 'dropout': 0.13015304850848453, 'hidden_continuous_size': 20, 'attention_head_size': 2, 'learning_rate': 0.001017400442453996}. Best is trial 21 with value: 5.379427433013916.
LOCAL_RANK: 0 - CUDA_VISIBLE_DEVICES: [0]
[I 2023-12-16 02:01:47,043] Trial 32 finished with value: 5.523946762084961 and parameters: {'gradient_clip_val': 0.10857849778557548, 'hidden_size': 44, 'dropout': 0.15144163035822708, 'hidden_continuous_size': 16, 'attention_head_size': 2, 'learning_rate': 0.0017319948759521074}. Best is trial 21 with value: 5.379427433013916.
LOCAL_RANK: 0 - CUDA_VISIBLE_DEVICES: [0]
[I 2023-12-16 02:02:40,845] Trial 33 finished with value: 11.465275764465332 and parameters: {'gradient_clip_val': 0.10912674933233535, 'hidden_size': 82, 'dropout': 0.1538126965184848, 'hidden_continuous_size': 15, 'attention_head_size': 2, 'learning_rate': 0.0007330055359262889}. Best is trial 21 with value: 5.379427433013916.
LOCAL_RANK: 0 - CUDA_VISIBLE_DEVICES: [0]
[I 2023-12-16 02:03:33,428] Trial 34 finished with value: 15.474923133850098 and parameters: {'gradient_clip_val': 0.14608120814600584, 'hidden_size': 50, 'dropout': 0.23009479601769564, 'hidden_continuous_size': 13, 'attention_head_size': 2, 'learning_rate': 0.005337040739374101}. Best is trial 21 with value: 5.379427433013916.
LOCAL_RANK: 0 - CUDA_VISIBLE_DEVICES: [0]
[I 2023-12-16 02:04:24,807] Trial 35 finished with value: 6.387705326080322 and parameters: {'gradient_clip_val': 0.10889607612136905, 'hidden_size': 35, 'dropout': 0.21968660989883684, 'hidden_continuous_size': 17, 'attention_head_size': 2, 'learning_rate': 0.0018646382207626983}. Best is trial 21 with value: 5.379427433013916.
LOCAL_RANK: 0 - CUDA_VISIBLE_DEVICES: [0]
[I 2023-12-16 02:05:17,633] Trial 36 finished with value: 8.629612922668457 and parameters: {'gradient_clip_val': 0.16349230704509032, 'hidden_size': 67, 'dropout': 0.2575490392783063, 'hidden_continuous_size': 10, 'attention_head_size': 2, 'learning_rate': 0.0007140838770140389}. Best is trial 21 with value: 5.379427433013916.
LOCAL_RANK: 0 - CUDA_VISIBLE_DEVICES: [0]
[I 2023-12-16 02:06:07,245] Trial 37 finished with value: 7.295424938201904 and parameters: {'gradient_clip_val': 0.13684655147487512, 'hidden_size': 31, 'dropout': 0.2984169312655923, 'hidden_continuous_size': 16, 'attention_head_size': 2, 'learning_rate': 0.0015441596100565231}. Best is trial 21 with value: 5.379427433013916.
LOCAL_RANK: 0 - CUDA_VISIBLE_DEVICES: [0]
[I 2023-12-16 02:06:59,017] Trial 38 finished with value: 6.180790424346924 and parameters: {'gradient_clip_val': 0.10736621769650417, 'hidden_size': 42, 'dropout': 0.19143424088468566, 'hidden_continuous_size': 13, 'attention_head_size': 2, 'learning_rate': 0.0006572108092452724}. Best is trial 21 with value: 5.379427433013916.
LOCAL_RANK: 0 - CUDA_VISIBLE_DEVICES: [0]
[I 2023-12-16 02:07:53,404] Trial 39 finished with value: 11.440625190734863 and parameters: {'gradient_clip_val': 0.11920419969008116, 'hidden_size': 86, 'dropout': 0.11622333257250184, 'hidden_continuous_size': 24, 'attention_head_size': 2, 'learning_rate': 0.0010095412251700654}. Best is trial 21 with value: 5.379427433013916.
LOCAL_RANK: 0 - CUDA_VISIBLE_DEVICES: [0]
[I 2023-12-16 02:08:42,299] Trial 40 finished with value: 6.236944198608398 and parameters: {'gradient_clip_val': 0.17604659932940214, 'hidden_size': 26, 'dropout': 0.14387501478297005, 'hidden_continuous_size': 10, 'attention_head_size': 2, 'learning_rate': 0.0023801211070321867}. Best is trial 21 with value: 5.379427433013916.
LOCAL_RANK: 0 - CUDA_VISIBLE_DEVICES: [0]
[I 2023-12-16 02:09:35,249] Trial 41 finished with value: 8.569828033447266 and parameters: {'gradient_clip_val': 0.10018226371691814, 'hidden_size': 43, 'dropout': 0.11558869274835254, 'hidden_continuous_size': 20, 'attention_head_size': 3, 'learning_rate': 0.0012135816296762916}. Best is trial 21 with value: 5.379427433013916.
LOCAL_RANK: 0 - CUDA_VISIBLE_DEVICES: [0]
[I 2023-12-16 02:10:29,014] Trial 42 finished with value: 7.2503886222839355 and parameters: {'gradient_clip_val': 0.14000718627716646, 'hidden_size': 59, 'dropout': 0.16125275675713394, 'hidden_continuous_size': 18, 'attention_head_size': 3, 'learning_rate': 0.0009614875216396791}. Best is trial 21 with value: 5.379427433013916.
LOCAL_RANK: 0 - CUDA_VISIBLE_DEVICES: [0]
[I 2023-12-16 02:11:20,745] Trial 43 finished with value: 7.53175163269043 and parameters: {'gradient_clip_val': 0.1231758459213177, 'hidden_size': 37, 'dropout': 0.17510992143934517, 'hidden_continuous_size': 14, 'attention_head_size': 4, 'learning_rate': 0.0006779136170932715}. Best is trial 21 with value: 5.379427433013916.
LOCAL_RANK: 0 - CUDA_VISIBLE_DEVICES: [0]
[I 2023-12-16 02:12:14,663] Trial 44 finished with value: 6.765760898590088 and parameters: {'gradient_clip_val': 0.15179470133288736, 'hidden_size': 73, 'dropout': 0.13871266502765034, 'hidden_continuous_size': 12, 'attention_head_size': 3, 'learning_rate': 0.0005363159267033985}. Best is trial 21 with value: 5.379427433013916.
LOCAL_RANK: 0 - CUDA_VISIBLE_DEVICES: [0]
[I 2023-12-16 02:13:06,350] Trial 45 finished with value: 7.368429660797119 and parameters: {'gradient_clip_val': 0.2072706395724567, 'hidden_size': 52, 'dropout': 0.11493616387623513, 'hidden_continuous_size': 19, 'attention_head_size': 2, 'learning_rate': 0.0008531565840734087}. Best is trial 21 with value: 5.379427433013916.
LOCAL_RANK: 0 - CUDA_VISIBLE_DEVICES: [0]
[I 2023-12-16 02:13:58,944] Trial 46 finished with value: 8.550980567932129 and parameters: {'gradient_clip_val': 0.13245544011952295, 'hidden_size': 43, 'dropout': 0.16773799964171981, 'hidden_continuous_size': 16, 'attention_head_size': 3, 'learning_rate': 0.001403400598079687}. Best is trial 21 with value: 5.379427433013916.
LOCAL_RANK: 0 - CUDA_VISIBLE_DEVICES: [0]
[I 2023-12-16 02:14:51,405] Trial 47 finished with value: 10.196867942810059 and parameters: {'gradient_clip_val': 0.17852223132758752, 'hidden_size': 58, 'dropout': 0.13675125960268736, 'hidden_continuous_size': 8, 'attention_head_size': 2, 'learning_rate': 0.0006390552222518866}. Best is trial 21 with value: 5.379427433013916.
LOCAL_RANK: 0 - CUDA_VISIBLE_DEVICES: [0]
[I 2023-12-16 02:15:44,991] Trial 48 finished with value: 9.644380569458008 and parameters: {'gradient_clip_val': 0.15324679206131842, 'hidden_size': 64, 'dropout': 0.148062941252566, 'hidden_continuous_size': 22, 'attention_head_size': 4, 'learning_rate': 0.012248753387540692}. Best is trial 21 with value: 5.379427433013916.
LOCAL_RANK: 0 - CUDA_VISIBLE_DEVICES: [0]
[I 2023-12-16 02:16:36,483] Trial 49 finished with value: 7.248727321624756 and parameters: {'gradient_clip_val': 0.1121882075440517, 'hidden_size': 34, 'dropout': 0.12266788721849564, 'hidden_continuous_size': 18, 'attention_head_size': 1, 'learning_rate': 0.0017304758575593367}. Best is trial 21 with value: 5.379427433013916.
[I 2023-12-16 02:16:36,577] A new study created in memory with name: no-name-b316c7c2-ec08-4cba-8639-e73b21caffd1
/home/le004/conda/anaconda3/envs/tsff_env/lib/python3.9/site-packages/lightning/fabric/plugins/environments/slurm.py:191: The `srun` command is available on your system but is not used. HINT: If your intention is to run Lightning on SLURM, prepend your python command with `srun` like so: srun python /home/le004/master_thesis/git/TSFusionForecast/code/ ...
LOCAL_RANK: 0 - CUDA_VISIBLE_DEVICES: [0]
[I 2023-12-16 02:17:25,517] Trial 0 finished with value: 5.95102071762085 and parameters: {'gradient_clip_val': 0.9269559226546474, 'hidden_size': 18, 'dropout': 0.2997936217879197, 'hidden_continuous_size': 14, 'attention_head_size': 4, 'learning_rate': 0.0007483040954194442}. Best is trial 0 with value: 5.95102071762085.
LOCAL_RANK: 0 - CUDA_VISIBLE_DEVICES: [0]
[I 2023-12-16 02:18:00,297] Trial 1 finished with value: 7.180606842041016 and parameters: {'gradient_clip_val': 0.10439323166923893, 'hidden_size': 5, 'dropout': 0.3691978699943059, 'hidden_continuous_size': 5, 'attention_head_size': 3, 'learning_rate': 0.002800232798785331}. Best is trial 0 with value: 5.95102071762085.
LOCAL_RANK: 0 - CUDA_VISIBLE_DEVICES: [0]
