[I 2023-12-16 10:08:40,142] Trial 9 finished with value: 0.09338852763175964 and parameters: {'gradient_clip_val': 0.6310904983218834, 'hidden_size': 16, 'dropout': 0.25567403775398023, 'hidden_continuous_size': 6, 'attention_head_size': 2, 'learning_rate': 0.09940092146036715}. Best is trial 8 with value: 0.07075072079896927.
LOCAL_RANK: 0 - CUDA_VISIBLE_DEVICES: [0]
[I 2023-12-16 10:09:33,186] Trial 10 finished with value: 0.05783524736762047 and parameters: {'gradient_clip_val': 0.2938657940016442, 'hidden_size': 40, 'dropout': 0.11786621075240704, 'hidden_continuous_size': 39, 'attention_head_size': 4, 'learning_rate': 0.005534805088234119}. Best is trial 10 with value: 0.05783524736762047.
LOCAL_RANK: 0 - CUDA_VISIBLE_DEVICES: [0]
[I 2023-12-16 10:10:09,875] Trial 11 finished with value: 0.08171546459197998 and parameters: {'gradient_clip_val': 0.31217693276024605, 'hidden_size': 39, 'dropout': 0.10084800093768304, 'hidden_continuous_size': 39, 'attention_head_size': 4, 'learning_rate': 0.006471974984429168}. Best is trial 10 with value: 0.05783524736762047.
LOCAL_RANK: 0 - CUDA_VISIBLE_DEVICES: [0]
[I 2023-12-16 10:11:07,077] Trial 12 finished with value: 0.07442320138216019 and parameters: {'gradient_clip_val': 0.2676824474229685, 'hidden_size': 84, 'dropout': 0.10184104101341618, 'hidden_continuous_size': 72, 'attention_head_size': 4, 'learning_rate': 0.0088795895228402}. Best is trial 10 with value: 0.05783524736762047.
LOCAL_RANK: 0 - CUDA_VISIBLE_DEVICES: [0]
[I 2023-12-16 10:12:00,215] Trial 13 finished with value: 0.09465604275465012 and parameters: {'gradient_clip_val': 0.3818197726320045, 'hidden_size': 39, 'dropout': 0.19441756824517067, 'hidden_continuous_size': 20, 'attention_head_size': 4, 'learning_rate': 0.0037851339978259113}. Best is trial 10 with value: 0.05783524736762047.
LOCAL_RANK: 0 - CUDA_VISIBLE_DEVICES: [0]
[I 2023-12-16 10:12:48,742] Trial 14 finished with value: 0.07310108840465546 and parameters: {'gradient_clip_val': 0.9469580905879376, 'hidden_size': 20, 'dropout': 0.21737785513731228, 'hidden_continuous_size': 11, 'attention_head_size': 4, 'learning_rate': 0.009737285634888395}. Best is trial 10 with value: 0.05783524736762047.
LOCAL_RANK: 0 - CUDA_VISIBLE_DEVICES: [0]
[I 2023-12-16 10:13:42,261] Trial 15 finished with value: 0.15219834446907043 and parameters: {'gradient_clip_val': 0.19936563992920964, 'hidden_size': 49, 'dropout': 0.1562201175353835, 'hidden_continuous_size': 31, 'attention_head_size': 3, 'learning_rate': 0.0024922229937808277}. Best is trial 10 with value: 0.05783524736762047.
LOCAL_RANK: 0 - CUDA_VISIBLE_DEVICES: [0]
[I 2023-12-16 10:14:38,365] Trial 16 finished with value: 0.14637117087841034 and parameters: {'gradient_clip_val': 0.2623306286827448, 'hidden_size': 93, 'dropout': 0.11940063706392277, 'hidden_continuous_size': 62, 'attention_head_size': 1, 'learning_rate': 0.011424072691692051}. Best is trial 10 with value: 0.05783524736762047.
LOCAL_RANK: 0 - CUDA_VISIBLE_DEVICES: [0]
[I 2023-12-16 10:15:35,569] Trial 17 finished with value: 0.08713661879301071 and parameters: {'gradient_clip_val': 0.1535872663403817, 'hidden_size': 100, 'dropout': 0.16558081084998216, 'hidden_continuous_size': 48, 'attention_head_size': 4, 'learning_rate': 0.004830522117683474}. Best is trial 10 with value: 0.05783524736762047.
LOCAL_RANK: 0 - CUDA_VISIBLE_DEVICES: [0]
[I 2023-12-16 10:16:26,501] Trial 18 finished with value: 0.16969354450702667 and parameters: {'gradient_clip_val': 0.32011116690581104, 'hidden_size': 29, 'dropout': 0.12254338093292963, 'hidden_continuous_size': 20, 'attention_head_size': 3, 'learning_rate': 0.03949576603515334}. Best is trial 10 with value: 0.05783524736762047.
LOCAL_RANK: 0 - CUDA_VISIBLE_DEVICES: [0]
[I 2023-12-16 10:17:19,094] Trial 19 finished with value: 0.0536586157977581 and parameters: {'gradient_clip_val': 0.4636516375623474, 'hidden_size': 52, 'dropout': 0.16666886503852849, 'hidden_continuous_size': 29, 'attention_head_size': 2, 'learning_rate': 0.012416826522441962}. Best is trial 19 with value: 0.0536586157977581.
LOCAL_RANK: 0 - CUDA_VISIBLE_DEVICES: [0]
[I 2023-12-16 10:18:04,573] Trial 20 finished with value: 0.10239889472723007 and parameters: {'gradient_clip_val': 0.46585293023001506, 'hidden_size': 16, 'dropout': 0.22348120876440905, 'hidden_continuous_size': 10, 'attention_head_size': 2, 'learning_rate': 0.014340498206877402}. Best is trial 19 with value: 0.0536586157977581.
LOCAL_RANK: 0 - CUDA_VISIBLE_DEVICES: [0]
[I 2023-12-16 10:18:57,148] Trial 21 finished with value: 0.08227105438709259 and parameters: {'gradient_clip_val': 0.4163133513933349, 'hidden_size': 52, 'dropout': 0.16873919083426786, 'hidden_continuous_size': 30, 'attention_head_size': 2, 'learning_rate': 0.006630720070180015}. Best is trial 19 with value: 0.0536586157977581.
LOCAL_RANK: 0 - CUDA_VISIBLE_DEVICES: [0]
[I 2023-12-16 10:19:50,396] Trial 22 finished with value: 0.08419357985258102 and parameters: {'gradient_clip_val': 0.2902651849957978, 'hidden_size': 55, 'dropout': 0.1294472364221912, 'hidden_continuous_size': 29, 'attention_head_size': 1, 'learning_rate': 0.012729115511718854}. Best is trial 19 with value: 0.0536586157977581.
LOCAL_RANK: 0 - CUDA_VISIBLE_DEVICES: [0]
[I 2023-12-16 10:20:43,168] Trial 23 finished with value: 0.059715386480093 and parameters: {'gradient_clip_val': 0.23696939960915356, 'hidden_size': 39, 'dropout': 0.16771334003581756, 'hidden_continuous_size': 25, 'attention_head_size': 2, 'learning_rate': 0.006592404004965855}. Best is trial 19 with value: 0.0536586157977581.
LOCAL_RANK: 0 - CUDA_VISIBLE_DEVICES: [0]
[I 2023-12-16 10:21:32,925] Trial 24 finished with value: 0.06186893582344055 and parameters: {'gradient_clip_val': 0.2438888854760802, 'hidden_size': 31, 'dropout': 0.18017550828552067, 'hidden_continuous_size': 14, 'attention_head_size': 2, 'learning_rate': 0.03218460357055644}. Best is trial 19 with value: 0.0536586157977581.
LOCAL_RANK: 0 - CUDA_VISIBLE_DEVICES: [0]
[I 2023-12-16 10:22:25,028] Trial 25 finished with value: 0.0732150748372078 and parameters: {'gradient_clip_val': 0.5244077123831145, 'hidden_size': 38, 'dropout': 0.13314822408498575, 'hidden_continuous_size': 23, 'attention_head_size': 1, 'learning_rate': 0.005517525215273286}. Best is trial 19 with value: 0.0536586157977581.
LOCAL_RANK: 0 - CUDA_VISIBLE_DEVICES: [0]
[I 2023-12-16 10:23:18,991] Trial 26 finished with value: 0.06944442540407181 and parameters: {'gradient_clip_val': 0.34946520956051386, 'hidden_size': 70, 'dropout': 0.10046501416554794, 'hidden_continuous_size': 15, 'attention_head_size': 2, 'learning_rate': 0.0029910508892411814}. Best is trial 19 with value: 0.0536586157977581.
LOCAL_RANK: 0 - CUDA_VISIBLE_DEVICES: [0]
[I 2023-12-16 10:24:11,848] Trial 27 finished with value: 0.12017017602920532 and parameters: {'gradient_clip_val': 0.2939523342656271, 'hidden_size': 42, 'dropout': 0.1617286737825703, 'hidden_continuous_size': 24, 'attention_head_size': 2, 'learning_rate': 0.00827473279820049}. Best is trial 19 with value: 0.0536586157977581.
LOCAL_RANK: 0 - CUDA_VISIBLE_DEVICES: [0]
[I 2023-12-16 10:25:01,083] Trial 28 finished with value: 0.10018827766180038 and parameters: {'gradient_clip_val': 0.37862834302074705, 'hidden_size': 26, 'dropout': 0.2156740186686091, 'hidden_continuous_size': 19, 'attention_head_size': 1, 'learning_rate': 0.0055991984743779515}. Best is trial 19 with value: 0.0536586157977581.
LOCAL_RANK: 0 - CUDA_VISIBLE_DEVICES: [0]
[I 2023-12-16 10:25:54,141] Trial 29 finished with value: 0.15881742537021637 and parameters: {'gradient_clip_val': 0.6003868343142512, 'hidden_size': 64, 'dropout': 0.14316261980240078, 'hidden_continuous_size': 25, 'attention_head_size': 2, 'learning_rate': 0.015798763285250626}. Best is trial 19 with value: 0.0536586157977581.
LOCAL_RANK: 0 - CUDA_VISIBLE_DEVICES: [0]
[I 2023-12-16 10:26:48,764] Trial 30 finished with value: 0.08408055454492569 and parameters: {'gradient_clip_val': 0.409014305273988, 'hidden_size': 62, 'dropout': 0.17920389501812342, 'hidden_continuous_size': 39, 'attention_head_size': 2, 'learning_rate': 0.02566499748240773}. Best is trial 19 with value: 0.0536586157977581.
LOCAL_RANK: 0 - CUDA_VISIBLE_DEVICES: [0]
[I 2023-12-16 10:27:40,270] Trial 31 finished with value: 0.07197567075490952 and parameters: {'gradient_clip_val': 0.2605314998925821, 'hidden_size': 34, 'dropout': 0.17613910537181324, 'hidden_continuous_size': 16, 'attention_head_size': 2, 'learning_rate': 0.03339148490178792}. Best is trial 19 with value: 0.0536586157977581.
LOCAL_RANK: 0 - CUDA_VISIBLE_DEVICES: [0]
[I 2023-12-16 10:28:32,925] Trial 32 finished with value: 0.08743792772293091 and parameters: {'gradient_clip_val': 0.23634329124091236, 'hidden_size': 43, 'dropout': 0.18875158493697167, 'hidden_continuous_size': 17, 'attention_head_size': 2, 'learning_rate': 0.012614238204102363}. Best is trial 19 with value: 0.0536586157977581.
LOCAL_RANK: 0 - CUDA_VISIBLE_DEVICES: [0]
[I 2023-12-16 10:29:22,867] Trial 33 finished with value: 0.08956116437911987 and parameters: {'gradient_clip_val': 0.22951356957259644, 'hidden_size': 30, 'dropout': 0.14630348690794726, 'hidden_continuous_size': 14, 'attention_head_size': 2, 'learning_rate': 0.027110044619315786}. Best is trial 19 with value: 0.0536586157977581.
LOCAL_RANK: 0 - CUDA_VISIBLE_DEVICES: [0]
[I 2023-12-16 10:30:15,302] Trial 34 finished with value: 0.18946731090545654 and parameters: {'gradient_clip_val': 0.3293329835687002, 'hidden_size': 34, 'dropout': 0.12117404299455974, 'hidden_continuous_size': 18, 'attention_head_size': 3, 'learning_rate': 0.009695911340683913}. Best is trial 19 with value: 0.0536586157977581.
LOCAL_RANK: 0 - CUDA_VISIBLE_DEVICES: [0]
[I 2023-12-16 10:31:08,184] Trial 35 finished with value: 0.10446801781654358 and parameters: {'gradient_clip_val': 0.11443610495082568, 'hidden_size': 47, 'dropout': 0.20374701184858768, 'hidden_continuous_size': 22, 'attention_head_size': 2, 'learning_rate': 0.01583363676593631}. Best is trial 19 with value: 0.0536586157977581.
LOCAL_RANK: 0 - CUDA_VISIBLE_DEVICES: [0]
[I 2023-12-16 10:32:03,274] Trial 36 finished with value: 0.13645720481872559 and parameters: {'gradient_clip_val': 0.17760388205259617, 'hidden_size': 77, 'dropout': 0.1456076764356699, 'hidden_continuous_size': 26, 'attention_head_size': 3, 'learning_rate': 0.05110474795514044}. Best is trial 19 with value: 0.0536586157977581.
LOCAL_RANK: 0 - CUDA_VISIBLE_DEVICES: [0]
[I 2023-12-16 10:32:56,072] Trial 37 finished with value: 0.06916952133178711 and parameters: {'gradient_clip_val': 0.2213196662352487, 'hidden_size': 56, 'dropout': 0.16946484570848305, 'hidden_continuous_size': 32, 'attention_head_size': 1, 'learning_rate': 0.018358482446344745}. Best is trial 19 with value: 0.0536586157977581.
LOCAL_RANK: 0 - CUDA_VISIBLE_DEVICES: [0]
[I 2023-12-16 10:33:48,916] Trial 38 finished with value: 0.0764680728316307 and parameters: {'gradient_clip_val': 0.2663386048317896, 'hidden_size': 34, 'dropout': 0.2368876746948404, 'hidden_continuous_size': 21, 'attention_head_size': 3, 'learning_rate': 0.023219465577390516}. Best is trial 19 with value: 0.0536586157977581.
LOCAL_RANK: 0 - CUDA_VISIBLE_DEVICES: [0]
[I 2023-12-16 10:34:41,944] Trial 39 finished with value: 0.07256004959344864 and parameters: {'gradient_clip_val': 0.1978447007461708, 'hidden_size': 45, 'dropout': 0.18304665605560475, 'hidden_continuous_size': 27, 'attention_head_size': 2, 'learning_rate': 0.011343848342045607}. Best is trial 19 with value: 0.0536586157977581.
LOCAL_RANK: 0 - CUDA_VISIBLE_DEVICES: [0]
[I 2023-12-16 10:35:31,479] Trial 40 finished with value: 0.06175406649708748 and parameters: {'gradient_clip_val': 0.3423498758273905, 'hidden_size': 26, 'dropout': 0.20319444351290677, 'hidden_continuous_size': 21, 'attention_head_size': 1, 'learning_rate': 0.003899780172164686}. Best is trial 19 with value: 0.0536586157977581.
LOCAL_RANK: 0 - CUDA_VISIBLE_DEVICES: [0]
[I 2023-12-16 10:36:20,682] Trial 41 finished with value: 0.09299272298812866 and parameters: {'gradient_clip_val': 0.35539733580848765, 'hidden_size': 26, 'dropout': 0.1994668164438141, 'hidden_continuous_size': 21, 'attention_head_size': 1, 'learning_rate': 0.003923325030180534}. Best is trial 19 with value: 0.0536586157977581.
LOCAL_RANK: 0 - CUDA_VISIBLE_DEVICES: [0]
[I 2023-12-16 10:37:13,066] Trial 42 finished with value: 0.05147172138094902 and parameters: {'gradient_clip_val': 0.3011413827742275, 'hidden_size': 33, 'dropout': 0.15500152733785053, 'hidden_continuous_size': 23, 'attention_head_size': 1, 'learning_rate': 0.007271785903149193}. Best is trial 42 with value: 0.05147172138094902.
LOCAL_RANK: 0 - CUDA_VISIBLE_DEVICES: [0]
[I 2023-12-16 10:38:01,799] Trial 43 finished with value: 0.2989848554134369 and parameters: {'gradient_clip_val': 0.3013242624470257, 'hidden_size': 23, 'dropout': 0.148854911343816, 'hidden_continuous_size': 18, 'attention_head_size': 1, 'learning_rate': 0.006569029232244539}. Best is trial 42 with value: 0.05147172138094902.
LOCAL_RANK: 0 - CUDA_VISIBLE_DEVICES: [0]
[I 2023-12-16 10:38:53,952] Trial 44 finished with value: 0.070532888174057 and parameters: {'gradient_clip_val': 0.3380026161561176, 'hidden_size': 38, 'dropout': 0.13680737078353733, 'hidden_continuous_size': 23, 'attention_head_size': 1, 'learning_rate': 0.007215003943546818}. Best is trial 42 with value: 0.05147172138094902.
LOCAL_RANK: 0 - CUDA_VISIBLE_DEVICES: [0]
[I 2023-12-16 10:39:46,690] Trial 45 finished with value: 0.06157628819346428 and parameters: {'gradient_clip_val': 0.291757091015678, 'hidden_size': 45, 'dropout': 0.1558632526544723, 'hidden_continuous_size': 27, 'attention_head_size': 1, 'learning_rate': 0.004782819034556626}. Best is trial 42 with value: 0.05147172138094902.
LOCAL_RANK: 0 - CUDA_VISIBLE_DEVICES: [0]
[I 2023-12-16 10:40:40,678] Trial 46 finished with value: 0.1024927869439125 and parameters: {'gradient_clip_val': 0.2860189782159733, 'hidden_size': 59, 'dropout': 0.11631639419668192, 'hidden_continuous_size': 34, 'attention_head_size': 1, 'learning_rate': 0.0046798783332428675}. Best is trial 42 with value: 0.05147172138094902.
LOCAL_RANK: 0 - CUDA_VISIBLE_DEVICES: [0]
[I 2023-12-16 10:41:33,637] Trial 47 finished with value: 0.050173383206129074 and parameters: {'gradient_clip_val': 0.2191391331458148, 'hidden_size': 49, 'dropout': 0.16121479426924942, 'hidden_continuous_size': 27, 'attention_head_size': 1, 'learning_rate': 0.007985814511164993}. Best is trial 47 with value: 0.050173383206129074.
LOCAL_RANK: 0 - CUDA_VISIBLE_DEVICES: [0]
[I 2023-12-16 10:42:26,157] Trial 48 finished with value: 0.08204089850187302 and parameters: {'gradient_clip_val': 0.21098341099632448, 'hidden_size': 52, 'dropout': 0.11228677908048015, 'hidden_continuous_size': 33, 'attention_head_size': 1, 'learning_rate': 0.00887064129204343}. Best is trial 47 with value: 0.050173383206129074.
LOCAL_RANK: 0 - CUDA_VISIBLE_DEVICES: [0]
[I 2023-12-16 10:43:22,252] Trial 49 finished with value: 0.06551843881607056 and parameters: {'gradient_clip_val': 0.24664343708161088, 'hidden_size': 71, 'dropout': 0.13295889357345891, 'hidden_continuous_size': 43, 'attention_head_size': 4, 'learning_rate': 0.009385895967000556}. Best is trial 47 with value: 0.050173383206129074.
[I 2023-12-16 10:43:22,344] A new study created in memory with name: no-name-f1194947-b9f8-41dc-93da-6e9962c123b1
/home/le004/conda/anaconda3/envs/tsff_env/lib/python3.9/site-packages/lightning/fabric/plugins/environments/slurm.py:191: The `srun` command is available on your system but is not used. HINT: If your intention is to run Lightning on SLURM, prepend your python command with `srun` like so: srun python /home/le004/master_thesis/git/TSFusionForecast/code/ ...
LOCAL_RANK: 0 - CUDA_VISIBLE_DEVICES: [0]
[I 2023-12-16 10:44:07,608] Trial 0 finished with value: 0.05596930906176567 and parameters: {'gradient_clip_val': 0.8236869839773284, 'hidden_size': 14, 'dropout': 0.32148440721172045, 'hidden_continuous_size': 6, 'attention_head_size': 1, 'learning_rate': 0.013198378102817153}. Best is trial 0 with value: 0.05596930906176567.
LOCAL_RANK: 0 - CUDA_VISIBLE_DEVICES: [0]
[I 2023-12-16 10:45:02,771] Trial 1 finished with value: 0.04727543890476227 and parameters: {'gradient_clip_val': 0.15548123215578588, 'hidden_size': 88, 'dropout': 0.11437898655967522, 'hidden_continuous_size': 32, 'attention_head_size': 4, 'learning_rate': 0.09320226377746299}. Best is trial 1 with value: 0.04727543890476227.
LOCAL_RANK: 0 - CUDA_VISIBLE_DEVICES: [0]
[I 2023-12-16 10:45:58,794] Trial 2 finished with value: 0.17300139367580414 and parameters: {'gradient_clip_val': 0.3971202676446963, 'hidden_size': 79, 'dropout': 0.3319634228600429, 'hidden_continuous_size': 34, 'attention_head_size': 4, 'learning_rate': 0.0008486749433531366}. Best is trial 1 with value: 0.04727543890476227.
LOCAL_RANK: 0 - CUDA_VISIBLE_DEVICES: [0]
[I 2023-12-16 10:46:34,033] Trial 3 finished with value: 0.09860829263925552 and parameters: {'gradient_clip_val': 0.13080450660272763, 'hidden_size': 5, 'dropout': 0.14698244234632635, 'hidden_continuous_size': 5, 'attention_head_size': 4, 'learning_rate': 0.007359180669848421}. Best is trial 1 with value: 0.04727543890476227.
LOCAL_RANK: 0 - CUDA_VISIBLE_DEVICES: [0]
[I 2023-12-16 10:47:28,962] Trial 4 finished with value: 0.06317687779664993 and parameters: {'gradient_clip_val': 0.5580396122809365, 'hidden_size': 58, 'dropout': 0.38043127603911064, 'hidden_continuous_size': 43, 'attention_head_size': 3, 'learning_rate': 0.0007553531157598674}. Best is trial 1 with value: 0.04727543890476227.
LOCAL_RANK: 0 - CUDA_VISIBLE_DEVICES: [0]
[I 2023-12-16 10:48:14,459] Trial 5 finished with value: 0.02415609173476696 and parameters: {'gradient_clip_val': 0.5928957159168281, 'hidden_size': 13, 'dropout': 0.14885474561512646, 'hidden_continuous_size': 8, 'attention_head_size': 1, 'learning_rate': 0.03589309260189555}. Best is trial 5 with value: 0.02415609173476696.
LOCAL_RANK: 0 - CUDA_VISIBLE_DEVICES: [0]
[I 2023-12-16 10:48:49,522] Trial 6 finished with value: 0.16909150779247284 and parameters: {'gradient_clip_val': 0.3356137811844454, 'hidden_size': 6, 'dropout': 0.11638197126211827, 'hidden_continuous_size': 6, 'attention_head_size': 3, 'learning_rate': 0.004006160763993859}. Best is trial 5 with value: 0.02415609173476696.
LOCAL_RANK: 0 - CUDA_VISIBLE_DEVICES: [0]
[I 2023-12-16 10:49:36,272] Trial 7 finished with value: 0.3127378225326538 and parameters: {'gradient_clip_val': 0.19091738258791846, 'hidden_size': 18, 'dropout': 0.12474567224926764, 'hidden_continuous_size': 5, 'attention_head_size': 2, 'learning_rate': 0.0008336838082388592}. Best is trial 5 with value: 0.02415609173476696.
LOCAL_RANK: 0 - CUDA_VISIBLE_DEVICES: [0]
[I 2023-12-16 10:50:26,829] Trial 8 finished with value: 0.06845936924219131 and parameters: {'gradient_clip_val': 0.859205674943242, 'hidden_size': 31, 'dropout': 0.3942525258389018, 'hidden_continuous_size': 14, 'attention_head_size': 4, 'learning_rate': 0.001852447897822146}. Best is trial 5 with value: 0.02415609173476696.
LOCAL_RANK: 0 - CUDA_VISIBLE_DEVICES: [0]
[I 2023-12-16 10:51:13,931] Trial 9 finished with value: 0.3282449245452881 and parameters: {'gradient_clip_val': 0.4844013501860537, 'hidden_size': 21, 'dropout': 0.26524532500676856, 'hidden_continuous_size': 5, 'attention_head_size': 1, 'learning_rate': 0.0007705563500733071}. Best is trial 5 with value: 0.02415609173476696.
LOCAL_RANK: 0 - CUDA_VISIBLE_DEVICES: [0]
[I 2023-12-16 10:52:00,048] Trial 10 finished with value: 0.032612960785627365 and parameters: {'gradient_clip_val': 0.24878533471508876, 'hidden_size': 10, 'dropout': 0.1911998803458822, 'hidden_continuous_size': 8, 'attention_head_size': 2, 'learning_rate': 0.030074844130593217}. Best is trial 5 with value: 0.02415609173476696.
LOCAL_RANK: 0 - CUDA_VISIBLE_DEVICES: [0]
[I 2023-12-16 10:52:44,577] Trial 11 finished with value: 0.030181432142853737 and parameters: {'gradient_clip_val': 0.20971087585348447, 'hidden_size': 12, 'dropout': 0.1848661021722016, 'hidden_continuous_size': 8, 'attention_head_size': 2, 'learning_rate': 0.040911862830404704}. Best is trial 5 with value: 0.02415609173476696.
LOCAL_RANK: 0 - CUDA_VISIBLE_DEVICES: [0]
[I 2023-12-16 10:53:29,879] Trial 12 finished with value: 0.030629083514213562 and parameters: {'gradient_clip_val': 0.24575519306049842, 'hidden_size': 10, 'dropout': 0.18731825231040433, 'hidden_continuous_size': 8, 'attention_head_size': 1, 'learning_rate': 0.04216113885964796}. Best is trial 5 with value: 0.02415609173476696.
LOCAL_RANK: 0 - CUDA_VISIBLE_DEVICES: [0]
[I 2023-12-16 10:54:19,405] Trial 13 finished with value: 0.03949690982699394 and parameters: {'gradient_clip_val': 0.10897308351932666, 'hidden_size': 30, 'dropout': 0.18596054928437097, 'hidden_continuous_size': 11, 'attention_head_size': 2, 'learning_rate': 0.0231249454074082}. Best is trial 5 with value: 0.02415609173476696.
LOCAL_RANK: 0 - CUDA_VISIBLE_DEVICES: [0]
[I 2023-12-16 10:55:04,667] Trial 14 finished with value: 0.04196712374687195 and parameters: {'gradient_clip_val': 0.6293181221417007, 'hidden_size': 9, 'dropout': 0.21515325116097464, 'hidden_continuous_size': 7, 'attention_head_size': 1, 'learning_rate': 0.09532894612021961}. Best is trial 5 with value: 0.02415609173476696.
LOCAL_RANK: 0 - CUDA_VISIBLE_DEVICES: [0]
[I 2023-12-16 10:55:51,308] Trial 15 finished with value: 0.02913028560578823 and parameters: {'gradient_clip_val': 0.3930207785299218, 'hidden_size': 15, 'dropout': 0.15675870046808454, 'hidden_continuous_size': 9, 'attention_head_size': 2, 'learning_rate': 0.04963902272470875}. Best is trial 5 with value: 0.02415609173476696.
LOCAL_RANK: 0 - CUDA_VISIBLE_DEVICES: [0]
