[I 2023-12-26 12:57:08,483] Trial 33 finished with value: 9.185585975646973 and parameters: {'gradient_clip_val': 0.46200910630143865, 'hidden_size': 54, 'dropout': 0.4168023494631591, 'hidden_continuous_size': 19, 'attention_head_size': 3, 'learning_rate': 0.0008814990664505331}. Best is trial 0 with value: 3.2044315338134766.
[I 2023-12-26 12:57:16,683] Trial 34 finished with value: 9.688004493713379 and parameters: {'gradient_clip_val': 0.6726716028885619, 'hidden_size': 124, 'dropout': 0.4993345762495348, 'hidden_continuous_size': 38, 'attention_head_size': 2, 'learning_rate': 0.0012094868992323332}. Best is trial 0 with value: 3.2044315338134766.
[I 2023-12-26 12:57:28,620] Trial 35 finished with value: 11.126235008239746 and parameters: {'gradient_clip_val': 0.8330155197705637, 'hidden_size': 148, 'dropout': 0.42551827004295917, 'hidden_continuous_size': 26, 'attention_head_size': 3, 'learning_rate': 0.0007422265987965949}. Best is trial 0 with value: 3.2044315338134766.
[I 2023-12-26 12:57:34,580] Trial 36 finished with value: 14.322869300842285 and parameters: {'gradient_clip_val': 0.5279993388525634, 'hidden_size': 88, 'dropout': 0.37195630349838854, 'hidden_continuous_size': 22, 'attention_head_size': 3, 'learning_rate': 0.0011283100901361496}. Best is trial 0 with value: 3.2044315338134766.
[I 2023-12-26 12:57:39,676] Trial 37 finished with value: 12.917739868164062 and parameters: {'gradient_clip_val': 0.37444767824257713, 'hidden_size': 64, 'dropout': 0.25340350073897994, 'hidden_continuous_size': 19, 'attention_head_size': 4, 'learning_rate': 0.0026147956420415424}. Best is trial 0 with value: 3.2044315338134766.
[I 2023-12-26 12:57:43,829] Trial 38 finished with value: 12.013675689697266 and parameters: {'gradient_clip_val': 0.7297665217695375, 'hidden_size': 43, 'dropout': 0.4670145966450041, 'hidden_continuous_size': 18, 'attention_head_size': 1, 'learning_rate': 0.0007425832464814458}. Best is trial 0 with value: 3.2044315338134766.
[I 2023-12-26 12:57:50,764] Trial 39 finished with value: 8.293692588806152 and parameters: {'gradient_clip_val': 0.8960094882477831, 'hidden_size': 81, 'dropout': 0.35320758041336664, 'hidden_continuous_size': 23, 'attention_head_size': 3, 'learning_rate': 0.0015224497754646174}. Best is trial 0 with value: 3.2044315338134766.
[I 2023-12-26 12:57:56,431] Trial 40 finished with value: 11.319302558898926 and parameters: {'gradient_clip_val': 0.8879640212431741, 'hidden_size': 59, 'dropout': 0.3607567264069312, 'hidden_continuous_size': 21, 'attention_head_size': 3, 'learning_rate': 0.0009923105157215297}. Best is trial 0 with value: 3.2044315338134766.
[I 2023-12-26 12:58:03,189] Trial 41 finished with value: 10.665260314941406 and parameters: {'gradient_clip_val': 0.9913970914449238, 'hidden_size': 81, 'dropout': 0.4050204808019965, 'hidden_continuous_size': 27, 'attention_head_size': 3, 'learning_rate': 0.0015856200177955721}. Best is trial 0 with value: 3.2044315338134766.
[I 2023-12-26 12:58:11,609] Trial 42 finished with value: 11.275551795959473 and parameters: {'gradient_clip_val': 0.7452935958429989, 'hidden_size': 99, 'dropout': 0.34781872941926556, 'hidden_continuous_size': 33, 'attention_head_size': 4, 'learning_rate': 0.0013128826299194036}. Best is trial 0 with value: 3.2044315338134766.
[I 2023-12-26 12:58:20,150] Trial 43 finished with value: 9.836383819580078 and parameters: {'gradient_clip_val': 0.6431752332107206, 'hidden_size': 118, 'dropout': 0.3892902871556854, 'hidden_continuous_size': 25, 'attention_head_size': 3, 'learning_rate': 0.0005085647953828727}. Best is trial 0 with value: 3.2044315338134766.
[I 2023-12-26 12:58:26,891] Trial 44 finished with value: 13.36866283416748 and parameters: {'gradient_clip_val': 0.8786280066177945, 'hidden_size': 76, 'dropout': 0.4455813174885672, 'hidden_continuous_size': 22, 'attention_head_size': 3, 'learning_rate': 0.002325496756859211}. Best is trial 0 with value: 3.2044315338134766.
[I 2023-12-26 12:58:34,306] Trial 45 finished with value: 16.388689041137695 and parameters: {'gradient_clip_val': 0.5409243771929213, 'hidden_size': 98, 'dropout': 0.36007488291026, 'hidden_continuous_size': 32, 'attention_head_size': 2, 'learning_rate': 0.0006556068014876641}. Best is trial 0 with value: 3.2044315338134766.
[I 2023-12-26 12:58:39,783] Trial 46 finished with value: 8.943169593811035 and parameters: {'gradient_clip_val': 0.7632760533835061, 'hidden_size': 64, 'dropout': 0.4137273886516319, 'hidden_continuous_size': 20, 'attention_head_size': 4, 'learning_rate': 0.003185254810809302}. Best is trial 0 with value: 3.2044315338134766.
[I 2023-12-26 12:58:43,719] Trial 47 finished with value: 7.501201629638672 and parameters: {'gradient_clip_val': 0.8918214124734981, 'hidden_size': 49, 'dropout': 0.27284826763206194, 'hidden_continuous_size': 24, 'attention_head_size': 2, 'learning_rate': 0.0015259206112375775}. Best is trial 0 with value: 3.2044315338134766.
[I 2023-12-26 12:58:47,192] Trial 48 finished with value: 9.718061447143555 and parameters: {'gradient_clip_val': 0.8536192191201702, 'hidden_size': 38, 'dropout': 0.26956915848123647, 'hidden_continuous_size': 23, 'attention_head_size': 2, 'learning_rate': 0.0008311771730223774}. Best is trial 0 with value: 3.2044315338134766.
[I 2023-12-26 12:58:50,907] Trial 49 finished with value: 9.756264686584473 and parameters: {'gradient_clip_val': 0.9985605251870429, 'hidden_size': 31, 'dropout': 0.23404795866890074, 'hidden_continuous_size': 16, 'attention_head_size': 2, 'learning_rate': 0.0006352568337140721}. Best is trial 0 with value: 3.2044315338134766.
[I 2023-12-26 12:58:51,087] A new study created in memory with name: no-name-50046a7b-1ec7-4308-af2d-fabcb2e19423
/home/le004/conda/anaconda3/envs/tsff_env/lib/python3.9/site-packages/lightning/fabric/plugins/environments/slurm.py:191: The `srun` command is available on your system but is not used. HINT: If your intention is to run Lightning on SLURM, prepend your python command with `srun` like so: srun python /home/le004/master_thesis/git/TSFusionForecast/code/ ...
[I 2023-12-26 13:07:21,745] Trial 0 finished with value: 54.31977462768555 and parameters: {'gradient_clip_val': 0.2967602163297109, 'hidden_size': 127, 'dropout': 0.25354787918010535, 'hidden_continuous_size': 6, 'attention_head_size': 1, 'learning_rate': 0.021581871239567566}. Best is trial 0 with value: 54.31977462768555.
[I 2023-12-26 13:07:27,821] Trial 1 finished with value: 147.3918914794922 and parameters: {'gradient_clip_val': 0.22559250379866314, 'hidden_size': 73, 'dropout': 0.4727812302973974, 'hidden_continuous_size': 7, 'attention_head_size': 2, 'learning_rate': 0.0022278743733714496}. Best is trial 0 with value: 54.31977462768555.
[I 2023-12-26 13:07:30,160] Trial 2 finished with value: 104.09606170654297 and parameters: {'gradient_clip_val': 0.7883363987692431, 'hidden_size': 10, 'dropout': 0.39932723536707704, 'hidden_continuous_size': 6, 'attention_head_size': 4, 'learning_rate': 0.0032789989134146408}. Best is trial 0 with value: 54.31977462768555.
[I 2023-12-26 13:07:32,363] Trial 3 finished with value: 160.36009216308594 and parameters: {'gradient_clip_val': 0.10322820977135667, 'hidden_size': 9, 'dropout': 0.4457168075912774, 'hidden_continuous_size': 8, 'attention_head_size': 1, 'learning_rate': 0.003816136060078411}. Best is trial 0 with value: 54.31977462768555.
[I 2023-12-26 13:07:34,738] Trial 4 finished with value: 137.48504638671875 and parameters: {'gradient_clip_val': 0.12311761678640397, 'hidden_size': 8, 'dropout': 0.10085059767664842, 'hidden_continuous_size': 6, 'attention_head_size': 3, 'learning_rate': 0.0030957539391826697}. Best is trial 0 with value: 54.31977462768555.
[I 2023-12-26 13:07:37,876] Trial 5 finished with value: 132.1801300048828 and parameters: {'gradient_clip_val': 0.18569597229443371, 'hidden_size': 33, 'dropout': 0.37746624358735203, 'hidden_continuous_size': 11, 'attention_head_size': 1, 'learning_rate': 0.004407069064618989}. Best is trial 0 with value: 54.31977462768555.
[I 2023-12-26 13:07:40,910] Trial 6 finished with value: 186.35581970214844 and parameters: {'gradient_clip_val': 0.759734416513521, 'hidden_size': 33, 'dropout': 0.12709662189673088, 'hidden_continuous_size': 6, 'attention_head_size': 3, 'learning_rate': 0.09033174220218855}. Best is trial 0 with value: 54.31977462768555.
[I 2023-12-26 13:07:42,957] Trial 7 finished with value: 147.6134490966797 and parameters: {'gradient_clip_val': 0.17898126739471185, 'hidden_size': 7, 'dropout': 0.3127611935230923, 'hidden_continuous_size': 7, 'attention_head_size': 4, 'learning_rate': 0.028956790683570734}. Best is trial 0 with value: 54.31977462768555.
[I 2023-12-26 13:07:46,343] Trial 8 finished with value: 162.85377502441406 and parameters: {'gradient_clip_val': 0.1341129095937094, 'hidden_size': 38, 'dropout': 0.2248627292605354, 'hidden_continuous_size': 5, 'attention_head_size': 4, 'learning_rate': 0.009321302440829137}. Best is trial 0 with value: 54.31977462768555.
[I 2023-12-26 13:07:48,550] Trial 9 finished with value: 105.31092071533203 and parameters: {'gradient_clip_val': 0.1975630826216846, 'hidden_size': 16, 'dropout': 0.41646935207673874, 'hidden_continuous_size': 6, 'attention_head_size': 1, 'learning_rate': 0.0032541770828214177}. Best is trial 0 with value: 54.31977462768555.
[I 2023-12-26 13:07:59,389] Trial 10 finished with value: 220.6156005859375 and parameters: {'gradient_clip_val': 0.38855122449068225, 'hidden_size': 144, 'dropout': 0.24480523634846063, 'hidden_continuous_size': 47, 'attention_head_size': 2, 'learning_rate': 0.0006154954683086652}. Best is trial 0 with value: 54.31977462768555.
[I 2023-12-26 13:08:01,830] Trial 11 finished with value: 182.34413146972656 and parameters: {'gradient_clip_val': 0.9626131520756753, 'hidden_size': 17, 'dropout': 0.36375326882553716, 'hidden_continuous_size': 5, 'attention_head_size': 3, 'learning_rate': 0.013604334303829851}. Best is trial 0 with value: 54.31977462768555.
[I 2023-12-26 13:08:03,808] Trial 12 finished with value: 191.040283203125 and parameters: {'gradient_clip_val': 0.4470000784254773, 'hidden_size': 5, 'dropout': 0.3079599879019862, 'hidden_continuous_size': 5, 'attention_head_size': 2, 'learning_rate': 0.01576883453254}. Best is trial 0 with value: 54.31977462768555.
[I 2023-12-26 13:08:14,657] Trial 13 finished with value: 132.05384826660156 and parameters: {'gradient_clip_val': 0.5484725754506128, 'hidden_size': 145, 'dropout': 0.38844921669653465, 'hidden_continuous_size': 17, 'attention_head_size': 4, 'learning_rate': 0.03733712812274232}. Best is trial 0 with value: 54.31977462768555.
[I 2023-12-26 13:08:20,288] Trial 14 finished with value: 156.50987243652344 and parameters: {'gradient_clip_val': 0.3121094474926511, 'hidden_size': 74, 'dropout': 0.4987807527980164, 'hidden_continuous_size': 10, 'attention_head_size': 2, 'learning_rate': 0.001386610765481699}. Best is trial 0 with value: 54.31977462768555.
[I 2023-12-26 13:08:22,545] Trial 15 finished with value: 190.5068817138672 and parameters: {'gradient_clip_val': 0.5966072750321569, 'hidden_size': 16, 'dropout': 0.3386045395259944, 'hidden_continuous_size': 5, 'attention_head_size': 3, 'learning_rate': 0.00679659276992009}. Best is trial 0 with value: 54.31977462768555.
[I 2023-12-26 13:08:25,179] Trial 16 finished with value: 139.6459503173828 and parameters: {'gradient_clip_val': 0.317535974512197, 'hidden_size': 12, 'dropout': 0.26697487753755356, 'hidden_continuous_size': 6, 'attention_head_size': 1, 'learning_rate': 0.0015998310228586704}. Best is trial 0 with value: 54.31977462768555.
[I 2023-12-26 13:08:27,864] Trial 17 finished with value: 166.24334716796875 and parameters: {'gradient_clip_val': 0.9056950551507628, 'hidden_size': 22, 'dropout': 0.4221045824978989, 'hidden_continuous_size': 8, 'attention_head_size': 4, 'learning_rate': 0.0064709267160276045}. Best is trial 0 with value: 54.31977462768555.
[I 2023-12-26 13:08:29,855] Trial 18 finished with value: 208.111328125 and parameters: {'gradient_clip_val': 0.7271421286622407, 'hidden_size': 5, 'dropout': 0.2101497829851098, 'hidden_continuous_size': 5, 'attention_head_size': 2, 'learning_rate': 0.018514759953264303}. Best is trial 0 with value: 54.31977462768555.
[I 2023-12-26 13:08:34,364] Trial 19 finished with value: 170.425048828125 and parameters: {'gradient_clip_val': 0.27179694460700043, 'hidden_size': 54, 'dropout': 0.2732219240862587, 'hidden_continuous_size': 14, 'attention_head_size': 3, 'learning_rate': 0.010732371091358323}. Best is trial 0 with value: 54.31977462768555.
[I 2023-12-26 13:08:36,648] Trial 20 finished with value: 145.31666564941406 and parameters: {'gradient_clip_val': 0.4453857131489548, 'hidden_size': 12, 'dropout': 0.3437580206342117, 'hidden_continuous_size': 6, 'attention_head_size': 1, 'learning_rate': 0.0066536733077806}. Best is trial 0 with value: 54.31977462768555.
[I 2023-12-26 13:08:39,224] Trial 21 finished with value: 181.03269958496094 and parameters: {'gradient_clip_val': 0.24850214703994244, 'hidden_size': 22, 'dropout': 0.411158553536159, 'hidden_continuous_size': 7, 'attention_head_size': 1, 'learning_rate': 0.004798769761912302}. Best is trial 0 with value: 54.31977462768555.
[I 2023-12-26 13:08:41,634] Trial 22 finished with value: 183.2279052734375 and parameters: {'gradient_clip_val': 0.35801808916797484, 'hidden_size': 15, 'dropout': 0.4466777959356436, 'hidden_continuous_size': 6, 'attention_head_size': 1, 'learning_rate': 0.002926613059850441}. Best is trial 0 with value: 54.31977462768555.
[I 2023-12-26 13:08:44,156] Trial 23 finished with value: 169.59097290039062 and parameters: {'gradient_clip_val': 0.21873943904147022, 'hidden_size': 24, 'dropout': 0.3980291156993641, 'hidden_continuous_size': 8, 'attention_head_size': 1, 'learning_rate': 0.0013550465456038008}. Best is trial 0 with value: 54.31977462768555.
[I 2023-12-26 13:08:46,468] Trial 24 finished with value: 184.9076385498047 and parameters: {'gradient_clip_val': 0.2799870242529597, 'hidden_size': 11, 'dropout': 0.355334847087745, 'hidden_continuous_size': 6, 'attention_head_size': 2, 'learning_rate': 0.008745071602413577}. Best is trial 0 with value: 54.31977462768555.
[I 2023-12-26 13:08:48,845] Trial 25 finished with value: 161.51055908203125 and parameters: {'gradient_clip_val': 0.35129544969812393, 'hidden_size': 17, 'dropout': 0.4312938087084258, 'hidden_continuous_size': 7, 'attention_head_size': 1, 'learning_rate': 0.0021085121277554303}. Best is trial 0 with value: 54.31977462768555.
[I 2023-12-26 13:08:51,072] Trial 26 finished with value: 141.68247985839844 and parameters: {'gradient_clip_val': 0.4418909225245457, 'hidden_size': 7, 'dropout': 0.3889252042629566, 'hidden_continuous_size': 6, 'attention_head_size': 2, 'learning_rate': 0.004535865155327185}. Best is trial 0 with value: 54.31977462768555.
[I 2023-12-26 13:08:59,474] Trial 27 finished with value: 141.919677734375 and parameters: {'gradient_clip_val': 0.17825647025865685, 'hidden_size': 112, 'dropout': 0.46995426487681, 'hidden_continuous_size': 24, 'attention_head_size': 4, 'learning_rate': 0.0008553675557260882}. Best is trial 0 with value: 54.31977462768555.
[I 2023-12-26 13:09:03,450] Trial 28 finished with value: 143.26478576660156 and parameters: {'gradient_clip_val': 0.30216006876215545, 'hidden_size': 44, 'dropout': 0.32334050643366263, 'hidden_continuous_size': 10, 'attention_head_size': 1, 'learning_rate': 0.0030179611443385116}. Best is trial 0 with value: 54.31977462768555.
[I 2023-12-26 13:09:09,580] Trial 29 finished with value: 155.47914123535156 and parameters: {'gradient_clip_val': 0.213976486108157, 'hidden_size': 85, 'dropout': 0.46637667044445547, 'hidden_continuous_size': 12, 'attention_head_size': 2, 'learning_rate': 0.0019703710319016327}. Best is trial 0 with value: 54.31977462768555.
[I 2023-12-26 13:09:12,489] Trial 30 finished with value: 163.36061096191406 and parameters: {'gradient_clip_val': 0.2528319498462785, 'hidden_size': 28, 'dropout': 0.4959729461531108, 'hidden_continuous_size': 9, 'attention_head_size': 3, 'learning_rate': 0.002451067461045356}. Best is trial 0 with value: 54.31977462768555.
[I 2023-12-26 13:09:22,718] Trial 31 finished with value: 116.42611694335938 and parameters: {'gradient_clip_val': 0.6073437133791865, 'hidden_size': 134, 'dropout': 0.3907053135127902, 'hidden_continuous_size': 15, 'attention_head_size': 4, 'learning_rate': 0.03435561685214768}. Best is trial 0 with value: 54.31977462768555.
[I 2023-12-26 13:09:30,722] Trial 32 finished with value: 170.03407287597656 and parameters: {'gradient_clip_val': 0.572701921487768, 'hidden_size': 103, 'dropout': 0.4308204652088212, 'hidden_continuous_size': 14, 'attention_head_size': 4, 'learning_rate': 0.021811239587426066}. Best is trial 0 with value: 54.31977462768555.
[I 2023-12-26 13:09:35,594] Trial 33 finished with value: 213.60520935058594 and parameters: {'gradient_clip_val': 0.8151873689175257, 'hidden_size': 61, 'dropout': 0.40605075818192143, 'hidden_continuous_size': 9, 'attention_head_size': 4, 'learning_rate': 0.05210386115401734}. Best is trial 0 with value: 54.31977462768555.
[I 2023-12-26 13:09:44,319] Trial 34 finished with value: 138.7456512451172 and parameters: {'gradient_clip_val': 0.6720267031708113, 'hidden_size': 107, 'dropout': 0.37688026986302176, 'hidden_continuous_size': 12, 'attention_head_size': 4, 'learning_rate': 0.011626628310013229}. Best is trial 0 with value: 54.31977462768555.
[I 2023-12-26 13:09:51,493] Trial 35 finished with value: 195.61170959472656 and parameters: {'gradient_clip_val': 0.9895766041692944, 'hidden_size': 84, 'dropout': 0.3634452094895664, 'hidden_continuous_size': 20, 'attention_head_size': 3, 'learning_rate': 0.024260484605485265}. Best is trial 0 with value: 54.31977462768555.
[I 2023-12-26 13:09:54,701] Trial 36 finished with value: 167.892333984375 and parameters: {'gradient_clip_val': 0.8350239833247832, 'hidden_size': 57, 'dropout': 0.3324947526485232, 'hidden_continuous_size': 8, 'attention_head_size': 1, 'learning_rate': 0.016966071298308204}. Best is trial 0 with value: 54.31977462768555.
[I 2023-12-26 13:10:05,159] Trial 37 finished with value: 183.14984130859375 and parameters: {'gradient_clip_val': 0.6494225429527685, 'hidden_size': 127, 'dropout': 0.45748654812994916, 'hidden_continuous_size': 25, 'attention_head_size': 4, 'learning_rate': 0.0038603339778233428}. Best is trial 0 with value: 54.31977462768555.
[I 2023-12-26 13:10:12,245] Trial 38 finished with value: 200.1909637451172 and parameters: {'gradient_clip_val': 0.7393140830925541, 'hidden_size': 86, 'dropout': 0.44173838410663363, 'hidden_continuous_size': 11, 'attention_head_size': 3, 'learning_rate': 0.034806766651730645}. Best is trial 0 with value: 54.31977462768555.
[I 2023-12-26 13:10:23,323] Trial 39 finished with value: 129.71908569335938 and parameters: {'gradient_clip_val': 0.5118948978135017, 'hidden_size': 149, 'dropout': 0.41555591095242056, 'hidden_continuous_size': 37, 'attention_head_size': 4, 'learning_rate': 0.07850836138105098}. Best is trial 0 with value: 54.31977462768555.
[I 2023-12-26 13:10:26,884] Trial 40 finished with value: 199.8791961669922 and parameters: {'gradient_clip_val': 0.8731465410778195, 'hidden_size': 45, 'dropout': 0.29703776431173196, 'hidden_continuous_size': 7, 'attention_head_size': 1, 'learning_rate': 0.0477579353919099}. Best is trial 0 with value: 54.31977462768555.
[I 2023-12-26 13:10:36,924] Trial 41 finished with value: 142.29905700683594 and parameters: {'gradient_clip_val': 0.577379796105258, 'hidden_size': 150, 'dropout': 0.3930154986882215, 'hidden_continuous_size': 34, 'attention_head_size': 4, 'learning_rate': 0.09650325860311172}. Best is trial 0 with value: 54.31977462768555.
[I 2023-12-26 13:10:45,365] Trial 42 finished with value: 105.7613525390625 and parameters: {'gradient_clip_val': 0.5002643895596598, 'hidden_size': 112, 'dropout': 0.4322737606064476, 'hidden_continuous_size': 78, 'attention_head_size': 4, 'learning_rate': 0.0631413187236415}. Best is trial 0 with value: 54.31977462768555.
[I 2023-12-26 13:10:54,708] Trial 43 finished with value: 102.0075454711914 and parameters: {'gradient_clip_val': 0.5137685550258105, 'hidden_size': 122, 'dropout': 0.4475622283476711, 'hidden_continuous_size': 112, 'attention_head_size': 4, 'learning_rate': 0.06749819126403603}. Best is trial 0 with value: 54.31977462768555.
[I 2023-12-26 13:11:04,851] Trial 44 finished with value: 116.08316802978516 and parameters: {'gradient_clip_val': 0.5129601928066191, 'hidden_size': 118, 'dropout': 0.44584586973319895, 'hidden_continuous_size': 93, 'attention_head_size': 4, 'learning_rate': 0.06573682241584869}. Best is trial 0 with value: 54.31977462768555.
[I 2023-12-26 13:11:12,807] Trial 45 finished with value: 152.58245849609375 and parameters: {'gradient_clip_val': 0.4841681538159585, 'hidden_size': 95, 'dropout': 0.48175473174116595, 'hidden_continuous_size': 89, 'attention_head_size': 3, 'learning_rate': 0.06681497420898778}. Best is trial 0 with value: 54.31977462768555.
[I 2023-12-26 13:11:19,369] Trial 46 finished with value: 193.8560028076172 and parameters: {'gradient_clip_val': 0.38418692797651155, 'hidden_size': 70, 'dropout': 0.4245729837127634, 'hidden_continuous_size': 67, 'attention_head_size': 4, 'learning_rate': 0.04716635173336485}. Best is trial 0 with value: 54.31977462768555.
[I 2023-12-26 13:11:28,452] Trial 47 finished with value: 92.60580444335938 and parameters: {'gradient_clip_val': 0.40937746120767876, 'hidden_size': 126, 'dropout': 0.45503754061256757, 'hidden_continuous_size': 84, 'attention_head_size': 3, 'learning_rate': 0.029370273870438158}. Best is trial 0 with value: 54.31977462768555.
