[I 2023-12-15 21:09:20,162] Trial 41 finished with value: 1376.1634521484375 and parameters: {'gradient_clip_val': 0.29779340560447415, 'hidden_size': 9, 'dropout': 0.3283860138184828, 'hidden_continuous_size': 6, 'attention_head_size': 1, 'learning_rate': 0.005538171397495721}. Best is trial 20 with value: 472.3736877441406.
LOCAL_RANK: 0 - CUDA_VISIBLE_DEVICES: [0]
[I 2023-12-15 21:10:06,202] Trial 42 finished with value: 1349.1234130859375 and parameters: {'gradient_clip_val': 0.32525859696168447, 'hidden_size': 11, 'dropout': 0.3479121487503077, 'hidden_continuous_size': 6, 'attention_head_size': 2, 'learning_rate': 0.00390026883490028}. Best is trial 20 with value: 472.3736877441406.
LOCAL_RANK: 0 - CUDA_VISIBLE_DEVICES: [0]
[I 2023-12-15 21:10:52,011] Trial 43 finished with value: 925.4521484375 and parameters: {'gradient_clip_val': 0.3830146993699993, 'hidden_size': 8, 'dropout': 0.3321451342488622, 'hidden_continuous_size': 6, 'attention_head_size': 3, 'learning_rate': 0.008938710990822354}. Best is trial 20 with value: 472.3736877441406.
LOCAL_RANK: 0 - CUDA_VISIBLE_DEVICES: [0]
[I 2023-12-15 21:11:38,744] Trial 44 finished with value: 1184.9490966796875 and parameters: {'gradient_clip_val': 0.37555968585113875, 'hidden_size': 7, 'dropout': 0.35406400433066076, 'hidden_continuous_size': 6, 'attention_head_size': 3, 'learning_rate': 0.009513746639697734}. Best is trial 20 with value: 472.3736877441406.
LOCAL_RANK: 0 - CUDA_VISIBLE_DEVICES: [0]
[I 2023-12-15 21:12:24,700] Trial 45 finished with value: 2053.23828125 and parameters: {'gradient_clip_val': 0.47252813261392845, 'hidden_size': 8, 'dropout': 0.3362423825734242, 'hidden_continuous_size': 6, 'attention_head_size': 3, 'learning_rate': 0.015210051805231273}. Best is trial 20 with value: 472.3736877441406.
LOCAL_RANK: 0 - CUDA_VISIBLE_DEVICES: [0]
[I 2023-12-15 21:13:01,512] Trial 46 finished with value: 824.4362182617188 and parameters: {'gradient_clip_val': 0.6328072304801889, 'hidden_size': 6, 'dropout': 0.3764746672000154, 'hidden_continuous_size': 6, 'attention_head_size': 3, 'learning_rate': 0.010276111323602594}. Best is trial 20 with value: 472.3736877441406.
LOCAL_RANK: 0 - CUDA_VISIBLE_DEVICES: [0]
[I 2023-12-15 21:13:37,757] Trial 47 finished with value: 1099.423583984375 and parameters: {'gradient_clip_val': 0.6209556815712112, 'hidden_size': 6, 'dropout': 0.37934927154591436, 'hidden_continuous_size': 6, 'attention_head_size': 3, 'learning_rate': 0.014445171737636334}. Best is trial 20 with value: 472.3736877441406.
LOCAL_RANK: 0 - CUDA_VISIBLE_DEVICES: [0]
[I 2023-12-15 21:14:13,829] Trial 48 finished with value: 1239.478515625 and parameters: {'gradient_clip_val': 0.6900087486118219, 'hidden_size': 6, 'dropout': 0.3631844314836869, 'hidden_continuous_size': 6, 'attention_head_size': 3, 'learning_rate': 0.008058609473557398}. Best is trial 20 with value: 472.3736877441406.
LOCAL_RANK: 0 - CUDA_VISIBLE_DEVICES: [0]
[I 2023-12-15 21:15:00,033] Trial 49 finished with value: 1123.4215087890625 and parameters: {'gradient_clip_val': 0.6142923037737685, 'hidden_size': 12, 'dropout': 0.3828955999280529, 'hidden_continuous_size': 7, 'attention_head_size': 3, 'learning_rate': 0.0069210729401452875}. Best is trial 20 with value: 472.3736877441406.
[I 2023-12-15 21:15:00,127] A new study created in memory with name: no-name-5942f752-fd49-49ec-93a3-7564d54dffcf
/home/le004/conda/anaconda3/envs/tsff_env/lib/python3.9/site-packages/lightning/fabric/plugins/environments/slurm.py:191: The `srun` command is available on your system but is not used. HINT: If your intention is to run Lightning on SLURM, prepend your python command with `srun` like so: srun python /home/le004/master_thesis/git/TSFusionForecast/code/ ...
LOCAL_RANK: 0 - CUDA_VISIBLE_DEVICES: [0]
[I 2023-12-15 21:15:49,585] Trial 0 finished with value: 0.07258664816617966 and parameters: {'gradient_clip_val': 0.7351553193320799, 'hidden_size': 17, 'dropout': 0.1875501333490578, 'hidden_continuous_size': 14, 'attention_head_size': 4, 'learning_rate': 0.08109895637813933}. Best is trial 0 with value: 0.07258664816617966.
LOCAL_RANK: 0 - CUDA_VISIBLE_DEVICES: [0]
[I 2023-12-15 21:16:35,152] Trial 1 finished with value: 0.6260020732879639 and parameters: {'gradient_clip_val': 0.22783208826862317, 'hidden_size': 7, 'dropout': 0.190255362728807, 'hidden_continuous_size': 6, 'attention_head_size': 1, 'learning_rate': 0.002393264105626908}. Best is trial 0 with value: 0.07258664816617966.
LOCAL_RANK: 0 - CUDA_VISIBLE_DEVICES: [0]
[I 2023-12-15 21:17:28,966] Trial 2 finished with value: 0.126433864235878 and parameters: {'gradient_clip_val': 0.7941918770244534, 'hidden_size': 48, 'dropout': 0.39842450332893675, 'hidden_continuous_size': 29, 'attention_head_size': 3, 'learning_rate': 0.0008476063611305365}. Best is trial 0 with value: 0.07258664816617966.
LOCAL_RANK: 0 - CUDA_VISIBLE_DEVICES: [0]
[I 2023-12-15 21:18:14,839] Trial 3 finished with value: 0.08377798646688461 and parameters: {'gradient_clip_val': 0.4876626123077283, 'hidden_size': 13, 'dropout': 0.3425622362273951, 'hidden_continuous_size': 6, 'attention_head_size': 1, 'learning_rate': 0.04640085095839037}. Best is trial 0 with value: 0.07258664816617966.
LOCAL_RANK: 0 - CUDA_VISIBLE_DEVICES: [0]
[I 2023-12-15 21:19:04,781] Trial 4 finished with value: 0.17800839245319366 and parameters: {'gradient_clip_val': 0.15799596928721613, 'hidden_size': 31, 'dropout': 0.3739579903834791, 'hidden_continuous_size': 5, 'attention_head_size': 3, 'learning_rate': 0.0011987661719063164}. Best is trial 0 with value: 0.07258664816617966.
LOCAL_RANK: 0 - CUDA_VISIBLE_DEVICES: [0]
[I 2023-12-15 21:19:50,790] Trial 5 finished with value: 0.06116272136569023 and parameters: {'gradient_clip_val': 0.16499843726741453, 'hidden_size': 6, 'dropout': 0.32535023323181733, 'hidden_continuous_size': 5, 'attention_head_size': 1, 'learning_rate': 0.05736207351135713}. Best is trial 5 with value: 0.06116272136569023.
LOCAL_RANK: 0 - CUDA_VISIBLE_DEVICES: [0]
[I 2023-12-15 21:20:38,026] Trial 6 finished with value: 0.08687742799520493 and parameters: {'gradient_clip_val': 0.1283073799662835, 'hidden_size': 13, 'dropout': 0.3016466420297367, 'hidden_continuous_size': 7, 'attention_head_size': 4, 'learning_rate': 0.07109970844409241}. Best is trial 5 with value: 0.06116272136569023.
LOCAL_RANK: 0 - CUDA_VISIBLE_DEVICES: [0]
[I 2023-12-15 21:21:25,916] Trial 7 finished with value: 0.037300046533346176 and parameters: {'gradient_clip_val': 0.509550302756082, 'hidden_size': 15, 'dropout': 0.3627544616793299, 'hidden_continuous_size': 13, 'attention_head_size': 2, 'learning_rate': 0.023115728754825413}. Best is trial 7 with value: 0.037300046533346176.
LOCAL_RANK: 0 - CUDA_VISIBLE_DEVICES: [0]
[I 2023-12-15 21:22:20,437] Trial 8 finished with value: 0.05973513424396515 and parameters: {'gradient_clip_val': 0.2192404037450118, 'hidden_size': 55, 'dropout': 0.30840586093436706, 'hidden_continuous_size': 24, 'attention_head_size': 3, 'learning_rate': 0.02510025678166873}. Best is trial 7 with value: 0.037300046533346176.
LOCAL_RANK: 0 - CUDA_VISIBLE_DEVICES: [0]
[I 2023-12-15 21:23:07,409] Trial 9 finished with value: 0.07044846564531326 and parameters: {'gradient_clip_val': 0.36504584615706637, 'hidden_size': 7, 'dropout': 0.1398654241333153, 'hidden_continuous_size': 6, 'attention_head_size': 4, 'learning_rate': 0.03448488332960974}. Best is trial 7 with value: 0.037300046533346176.
LOCAL_RANK: 0 - CUDA_VISIBLE_DEVICES: [0]
[I 2023-12-15 21:24:04,764] Trial 10 finished with value: 0.06232732534408569 and parameters: {'gradient_clip_val': 0.5037288613902209, 'hidden_size': 84, 'dropout': 0.2635480929523303, 'hidden_continuous_size': 67, 'attention_head_size': 2, 'learning_rate': 0.008712430569479294}. Best is trial 7 with value: 0.037300046533346176.
LOCAL_RANK: 0 - CUDA_VISIBLE_DEVICES: [0]
[I 2023-12-15 21:24:55,185] Trial 11 finished with value: 0.07663306593894958 and parameters: {'gradient_clip_val': 0.2711439305006419, 'hidden_size': 30, 'dropout': 0.291328887993615, 'hidden_continuous_size': 13, 'attention_head_size': 2, 'learning_rate': 0.014919740163639478}. Best is trial 7 with value: 0.037300046533346176.
LOCAL_RANK: 0 - CUDA_VISIBLE_DEVICES: [0]
[I 2023-12-15 21:25:49,827] Trial 12 finished with value: 0.07069122791290283 and parameters: {'gradient_clip_val': 0.2267377957667358, 'hidden_size': 70, 'dropout': 0.35262823621556905, 'hidden_continuous_size': 22, 'attention_head_size': 2, 'learning_rate': 0.019157796666805865}. Best is trial 7 with value: 0.037300046533346176.
LOCAL_RANK: 0 - CUDA_VISIBLE_DEVICES: [0]
[I 2023-12-15 21:26:43,768] Trial 13 finished with value: 0.06581871956586838 and parameters: {'gradient_clip_val': 0.10032616709105666, 'hidden_size': 46, 'dropout': 0.3949973887176163, 'hidden_continuous_size': 10, 'attention_head_size': 3, 'learning_rate': 0.0053513878947776886}. Best is trial 7 with value: 0.037300046533346176.
LOCAL_RANK: 0 - CUDA_VISIBLE_DEVICES: [0]
[I 2023-12-15 21:27:38,541] Trial 14 finished with value: 0.08938845247030258 and parameters: {'gradient_clip_val': 0.3460365424447658, 'hidden_size': 96, 'dropout': 0.32330706754311045, 'hidden_continuous_size': 31, 'attention_head_size': 2, 'learning_rate': 0.02389180983017739}. Best is trial 7 with value: 0.037300046533346176.
LOCAL_RANK: 0 - CUDA_VISIBLE_DEVICES: [0]
[I 2023-12-15 21:28:29,082] Trial 15 finished with value: 0.05267414078116417 and parameters: {'gradient_clip_val': 0.4651547419291703, 'hidden_size': 22, 'dropout': 0.2661879819271868, 'hidden_continuous_size': 9, 'attention_head_size': 3, 'learning_rate': 0.014028212408768016}. Best is trial 7 with value: 0.037300046533346176.
LOCAL_RANK: 0 - CUDA_VISIBLE_DEVICES: [0]
[I 2023-12-15 21:29:18,691] Trial 16 finished with value: 0.06414540857076645 and parameters: {'gradient_clip_val': 0.9854557926553527, 'hidden_size': 22, 'dropout': 0.26226293990155325, 'hidden_continuous_size': 8, 'attention_head_size': 2, 'learning_rate': 0.010508158941703602}. Best is trial 7 with value: 0.037300046533346176.
LOCAL_RANK: 0 - CUDA_VISIBLE_DEVICES: [0]
[I 2023-12-15 21:30:04,455] Trial 17 finished with value: 0.07654613256454468 and parameters: {'gradient_clip_val': 0.48191543085816757, 'hidden_size': 12, 'dropout': 0.22786265346122922, 'hidden_continuous_size': 8, 'attention_head_size': 3, 'learning_rate': 0.0057502676032011625}. Best is trial 7 with value: 0.037300046533346176.
LOCAL_RANK: 0 - CUDA_VISIBLE_DEVICES: [0]
[I 2023-12-15 21:30:54,308] Trial 18 finished with value: 0.06128667667508125 and parameters: {'gradient_clip_val': 0.6012696855178451, 'hidden_size': 21, 'dropout': 0.35990165119244766, 'hidden_continuous_size': 10, 'attention_head_size': 2, 'learning_rate': 0.03508177411508163}. Best is trial 7 with value: 0.037300046533346176.
LOCAL_RANK: 0 - CUDA_VISIBLE_DEVICES: [0]
[I 2023-12-15 21:31:41,261] Trial 19 finished with value: 0.21279104053974152 and parameters: {'gradient_clip_val': 0.39751969897688827, 'hidden_size': 10, 'dropout': 0.283855243688364, 'hidden_continuous_size': 5, 'attention_head_size': 3, 'learning_rate': 0.003786767341067671}. Best is trial 7 with value: 0.037300046533346176.
LOCAL_RANK: 0 - CUDA_VISIBLE_DEVICES: [0]
[I 2023-12-15 21:32:27,234] Trial 20 finished with value: 0.08035782724618912 and parameters: {'gradient_clip_val': 0.6057188578160093, 'hidden_size': 9, 'dropout': 0.33425276105701807, 'hidden_continuous_size': 5, 'attention_head_size': 1, 'learning_rate': 0.016452495396085027}. Best is trial 7 with value: 0.037300046533346176.
LOCAL_RANK: 0 - CUDA_VISIBLE_DEVICES: [0]
[I 2023-12-15 21:33:16,183] Trial 21 finished with value: 0.052609581500291824 and parameters: {'gradient_clip_val': 0.29905167966739965, 'hidden_size': 18, 'dropout': 0.3080170751069374, 'hidden_continuous_size': 9, 'attention_head_size': 3, 'learning_rate': 0.02471822461590145}. Best is trial 7 with value: 0.037300046533346176.
LOCAL_RANK: 0 - CUDA_VISIBLE_DEVICES: [0]
[I 2023-12-15 21:34:04,780] Trial 22 finished with value: 0.0479402132332325 and parameters: {'gradient_clip_val': 0.4031345801903294, 'hidden_size': 18, 'dropout': 0.27920224348749345, 'hidden_continuous_size': 9, 'attention_head_size': 3, 'learning_rate': 0.012252611052566557}. Best is trial 7 with value: 0.037300046533346176.
LOCAL_RANK: 0 - CUDA_VISIBLE_DEVICES: [0]
[I 2023-12-15 21:34:52,448] Trial 23 finished with value: 0.051628898829221725 and parameters: {'gradient_clip_val': 0.3134672811708905, 'hidden_size': 15, 'dropout': 0.31180450909962987, 'hidden_continuous_size': 7, 'attention_head_size': 4, 'learning_rate': 0.009460551585569604}. Best is trial 7 with value: 0.037300046533346176.
LOCAL_RANK: 0 - CUDA_VISIBLE_DEVICES: [0]
[I 2023-12-15 21:35:28,525] Trial 24 finished with value: 0.1281939148902893 and parameters: {'gradient_clip_val': 0.39837402965939017, 'hidden_size': 5, 'dropout': 0.36560503224615537, 'hidden_continuous_size': 5, 'attention_head_size': 4, 'learning_rate': 0.010381987415053697}. Best is trial 7 with value: 0.037300046533346176.
LOCAL_RANK: 0 - CUDA_VISIBLE_DEVICES: [0]
[I 2023-12-15 21:36:16,315] Trial 25 finished with value: 0.043740931898355484 and parameters: {'gradient_clip_val': 0.304638302181225, 'hidden_size': 13, 'dropout': 0.3327579931899417, 'hidden_continuous_size': 7, 'attention_head_size': 4, 'learning_rate': 0.008072246007371756}. Best is trial 7 with value: 0.037300046533346176.
LOCAL_RANK: 0 - CUDA_VISIBLE_DEVICES: [0]
[I 2023-12-15 21:37:03,773] Trial 26 finished with value: 0.11553929001092911 and parameters: {'gradient_clip_val': 0.41886780764705495, 'hidden_size': 10, 'dropout': 0.37292317077043846, 'hidden_continuous_size': 6, 'attention_head_size': 4, 'learning_rate': 0.0071666990875282905}. Best is trial 7 with value: 0.037300046533346176.
LOCAL_RANK: 0 - CUDA_VISIBLE_DEVICES: [0]
[I 2023-12-15 21:37:50,437] Trial 27 finished with value: 0.1015530452132225 and parameters: {'gradient_clip_val': 0.33956662590787234, 'hidden_size': 15, 'dropout': 0.34338881295362556, 'hidden_continuous_size': 7, 'attention_head_size': 2, 'learning_rate': 0.0036504040173175453}. Best is trial 7 with value: 0.037300046533346176.
LOCAL_RANK: 0 - CUDA_VISIBLE_DEVICES: [0]
[I 2023-12-15 21:38:37,853] Trial 28 finished with value: 0.07312843948602676 and parameters: {'gradient_clip_val': 0.27514201062878807, 'hidden_size': 11, 'dropout': 0.28317353617708574, 'hidden_continuous_size': 7, 'attention_head_size': 4, 'learning_rate': 0.011342853500810993}. Best is trial 7 with value: 0.037300046533346176.
LOCAL_RANK: 0 - CUDA_VISIBLE_DEVICES: [0]
[I 2023-12-15 21:39:28,059] Trial 29 finished with value: 0.04090694710612297 and parameters: {'gradient_clip_val': 0.5769247406829773, 'hidden_size': 19, 'dropout': 0.23823380531914334, 'hidden_continuous_size': 11, 'attention_head_size': 4, 'learning_rate': 0.07538963140146797}. Best is trial 7 with value: 0.037300046533346176.
LOCAL_RANK: 0 - CUDA_VISIBLE_DEVICES: [0]
[I 2023-12-15 21:40:15,342] Trial 30 finished with value: 0.09525644779205322 and parameters: {'gradient_clip_val': 0.6351949030725019, 'hidden_size': 9, 'dropout': 0.23854278626562547, 'hidden_continuous_size': 6, 'attention_head_size': 4, 'learning_rate': 0.09087135025224842}. Best is trial 7 with value: 0.037300046533346176.
LOCAL_RANK: 0 - CUDA_VISIBLE_DEVICES: [0]
[I 2023-12-15 21:41:04,425] Trial 31 finished with value: 0.07873916625976562 and parameters: {'gradient_clip_val': 0.5403250005328232, 'hidden_size': 17, 'dropout': 0.22243419181084612, 'hidden_continuous_size': 10, 'attention_head_size': 4, 'learning_rate': 0.09825569911032891}. Best is trial 7 with value: 0.037300046533346176.
LOCAL_RANK: 0 - CUDA_VISIBLE_DEVICES: [0]
[I 2023-12-15 21:41:52,528] Trial 32 finished with value: 0.05409063771367073 and parameters: {'gradient_clip_val': 0.45126550983293356, 'hidden_size': 15, 'dropout': 0.20416039881125034, 'hidden_continuous_size': 11, 'attention_head_size': 4, 'learning_rate': 0.07029566345830052}. Best is trial 7 with value: 0.037300046533346176.
LOCAL_RANK: 0 - CUDA_VISIBLE_DEVICES: [0]
[I 2023-12-15 21:42:43,399] Trial 33 finished with value: 0.06529342383146286 and parameters: {'gradient_clip_val': 0.7171566041675198, 'hidden_size': 26, 'dropout': 0.24368338684045415, 'hidden_continuous_size': 12, 'attention_head_size': 4, 'learning_rate': 0.036357586080187076}. Best is trial 7 with value: 0.037300046533346176.
LOCAL_RANK: 0 - CUDA_VISIBLE_DEVICES: [0]
[I 2023-12-15 21:43:32,550] Trial 34 finished with value: 0.07364661246538162 and parameters: {'gradient_clip_val': 0.542355603923428, 'hidden_size': 19, 'dropout': 0.29083918589128643, 'hidden_continuous_size': 8, 'attention_head_size': 3, 'learning_rate': 0.04469446503102774}. Best is trial 7 with value: 0.037300046533346176.
LOCAL_RANK: 0 - CUDA_VISIBLE_DEVICES: [0]
[I 2023-12-15 21:44:20,175] Trial 35 finished with value: 0.04576875641942024 and parameters: {'gradient_clip_val': 0.4162792502119447, 'hidden_size': 13, 'dropout': 0.33169503510368953, 'hidden_continuous_size': 9, 'attention_head_size': 4, 'learning_rate': 0.01931220019314914}. Best is trial 7 with value: 0.037300046533346176.
LOCAL_RANK: 0 - CUDA_VISIBLE_DEVICES: [0]
[I 2023-12-15 21:45:07,246] Trial 36 finished with value: 0.06669318675994873 and parameters: {'gradient_clip_val': 0.6772144406325252, 'hidden_size': 13, 'dropout': 0.33890707378753104, 'hidden_continuous_size': 7, 'attention_head_size': 4, 'learning_rate': 0.051967273250723686}. Best is trial 7 with value: 0.037300046533346176.
LOCAL_RANK: 0 - CUDA_VISIBLE_DEVICES: [0]
[I 2023-12-15 21:45:52,101] Trial 37 finished with value: 0.10801759362220764 and parameters: {'gradient_clip_val': 0.7590848560492426, 'hidden_size': 8, 'dropout': 0.3856241394961393, 'hidden_continuous_size': 5, 'attention_head_size': 1, 'learning_rate': 0.018717271028805126}. Best is trial 7 with value: 0.037300046533346176.
LOCAL_RANK: 0 - CUDA_VISIBLE_DEVICES: [0]
[I 2023-12-15 21:46:38,442] Trial 38 finished with value: 0.06959735602140427 and parameters: {'gradient_clip_val': 0.5392468956547838, 'hidden_size': 12, 'dropout': 0.3824487820024408, 'hidden_continuous_size': 8, 'attention_head_size': 4, 'learning_rate': 0.0752814620852864}. Best is trial 7 with value: 0.037300046533346176.
LOCAL_RANK: 0 - CUDA_VISIBLE_DEVICES: [0]
[I 2023-12-15 21:47:26,909] Trial 39 finished with value: 0.03472847864031792 and parameters: {'gradient_clip_val': 0.45867582657440725, 'hidden_size': 15, 'dropout': 0.3522335869776879, 'hidden_continuous_size': 11, 'attention_head_size': 4, 'learning_rate': 0.025481507129076063}. Best is trial 39 with value: 0.03472847864031792.
LOCAL_RANK: 0 - CUDA_VISIBLE_DEVICES: [0]
[I 2023-12-15 21:48:18,096] Trial 40 finished with value: 0.06391774863004684 and parameters: {'gradient_clip_val': 0.8377086510356355, 'hidden_size': 26, 'dropout': 0.3514232593540445, 'hidden_continuous_size': 12, 'attention_head_size': 4, 'learning_rate': 0.0606262017906143}. Best is trial 39 with value: 0.03472847864031792.
LOCAL_RANK: 0 - CUDA_VISIBLE_DEVICES: [0]
[I 2023-12-15 21:49:06,100] Trial 41 finished with value: 0.07445161789655685 and parameters: {'gradient_clip_val': 0.44777138682630785, 'hidden_size': 15, 'dropout': 0.36118249696933513, 'hidden_continuous_size': 11, 'attention_head_size': 4, 'learning_rate': 0.028998679980796107}. Best is trial 39 with value: 0.03472847864031792.
LOCAL_RANK: 0 - CUDA_VISIBLE_DEVICES: [0]
[I 2023-12-15 21:49:54,400] Trial 42 finished with value: 0.057391081005334854 and parameters: {'gradient_clip_val': 0.37082763191162244, 'hidden_size': 14, 'dropout': 0.3366391783542778, 'hidden_continuous_size': 9, 'attention_head_size': 4, 'learning_rate': 0.042954471427611766}. Best is trial 39 with value: 0.03472847864031792.
LOCAL_RANK: 0 - CUDA_VISIBLE_DEVICES: [0]
[I 2023-12-15 21:50:42,261] Trial 43 finished with value: 0.06942031532526016 and parameters: {'gradient_clip_val': 0.5032475248976919, 'hidden_size': 11, 'dropout': 0.3214229256234945, 'hidden_continuous_size': 10, 'attention_head_size': 4, 'learning_rate': 0.018793712014031457}. Best is trial 39 with value: 0.03472847864031792.
LOCAL_RANK: 0 - CUDA_VISIBLE_DEVICES: [0]
[I 2023-12-15 21:51:28,855] Trial 44 finished with value: 0.06625183671712875 and parameters: {'gradient_clip_val': 0.5481635189802626, 'hidden_size': 12, 'dropout': 0.3734515193673651, 'hidden_continuous_size': 11, 'attention_head_size': 4, 'learning_rate': 0.027556216530255275}. Best is trial 39 with value: 0.03472847864031792.
LOCAL_RANK: 0 - CUDA_VISIBLE_DEVICES: [0]
[I 2023-12-15 21:52:17,639] Trial 45 finished with value: 0.08331943303346634 and parameters: {'gradient_clip_val': 0.4215644208682424, 'hidden_size': 17, 'dropout': 0.3485174871845925, 'hidden_continuous_size': 12, 'attention_head_size': 3, 'learning_rate': 0.020518054529847635}. Best is trial 39 with value: 0.03472847864031792.
LOCAL_RANK: 0 - CUDA_VISIBLE_DEVICES: [0]
[I 2023-12-15 21:53:05,961] Trial 46 finished with value: 0.08842694759368896 and parameters: {'gradient_clip_val': 0.35521736379060403, 'hidden_size': 14, 'dropout': 0.39947399979124637, 'hidden_continuous_size': 11, 'attention_head_size': 4, 'learning_rate': 0.014378764514906595}. Best is trial 39 with value: 0.03472847864031792.
LOCAL_RANK: 0 - CUDA_VISIBLE_DEVICES: [0]
[I 2023-12-15 21:53:54,414] Trial 47 finished with value: 0.06828790158033371 and parameters: {'gradient_clip_val': 0.250020380827742, 'hidden_size': 20, 'dropout': 0.3236853638410149, 'hidden_continuous_size': 13, 'attention_head_size': 2, 'learning_rate': 0.03088147786284693}. Best is trial 39 with value: 0.03472847864031792.
LOCAL_RANK: 0 - CUDA_VISIBLE_DEVICES: [0]
