[I 2023-12-26 16:07:54,423] Trial 37 finished with value: 323.5921325683594 and parameters: {'gradient_clip_val': 0.11634185640979688, 'hidden_size': 13, 'dropout': 0.14914293775394735, 'hidden_continuous_size': 7, 'attention_head_size': 3, 'learning_rate': 0.008650849882502275}. Best is trial 0 with value: 138.5689239501953.
[I 2023-12-26 16:07:56,934] Trial 38 finished with value: 292.3858642578125 and parameters: {'gradient_clip_val': 0.21650524954711922, 'hidden_size': 7, 'dropout': 0.12294353691185327, 'hidden_continuous_size': 5, 'attention_head_size': 4, 'learning_rate': 0.006012254108508031}. Best is trial 0 with value: 138.5689239501953.
[I 2023-12-26 16:07:59,543] Trial 39 finished with value: 319.2430725097656 and parameters: {'gradient_clip_val': 0.4114681956052318, 'hidden_size': 11, 'dropout': 0.16217891066696438, 'hidden_continuous_size': 8, 'attention_head_size': 2, 'learning_rate': 0.004174867297002159}. Best is trial 0 with value: 138.5689239501953.
[I 2023-12-26 16:08:02,908] Trial 40 finished with value: 257.04351806640625 and parameters: {'gradient_clip_val': 0.3176129267444682, 'hidden_size': 30, 'dropout': 0.10214273856430679, 'hidden_continuous_size': 15, 'attention_head_size': 1, 'learning_rate': 0.005174302299738556}. Best is trial 0 with value: 138.5689239501953.
[I 2023-12-26 16:08:05,904] Trial 41 finished with value: 196.7213897705078 and parameters: {'gradient_clip_val': 0.1309750106171215, 'hidden_size': 21, 'dropout': 0.21753348950626267, 'hidden_continuous_size': 11, 'attention_head_size': 3, 'learning_rate': 0.0038068218977955178}. Best is trial 0 with value: 138.5689239501953.
[I 2023-12-26 16:08:08,978] Trial 42 finished with value: 298.6600036621094 and parameters: {'gradient_clip_val': 0.13359070104187015, 'hidden_size': 22, 'dropout': 0.18588327927405301, 'hidden_continuous_size': 13, 'attention_head_size': 3, 'learning_rate': 0.0034765676000967946}. Best is trial 0 with value: 138.5689239501953.
[I 2023-12-26 16:08:13,189] Trial 43 finished with value: 359.3259582519531 and parameters: {'gradient_clip_val': 0.11109893637832886, 'hidden_size': 38, 'dropout': 0.25373454482330193, 'hidden_continuous_size': 12, 'attention_head_size': 3, 'learning_rate': 0.009035268387571406}. Best is trial 0 with value: 138.5689239501953.
[I 2023-12-26 16:08:15,763] Trial 44 finished with value: 195.5978546142578 and parameters: {'gradient_clip_val': 0.1575247259746524, 'hidden_size': 16, 'dropout': 0.21428477460798587, 'hidden_continuous_size': 10, 'attention_head_size': 3, 'learning_rate': 0.004835061949770839}. Best is trial 0 with value: 138.5689239501953.
[I 2023-12-26 16:08:18,334] Trial 45 finished with value: 236.32550048828125 and parameters: {'gradient_clip_val': 0.1685061371909305, 'hidden_size': 16, 'dropout': 0.15001072818159183, 'hidden_continuous_size': 10, 'attention_head_size': 3, 'learning_rate': 0.015259331701787488}. Best is trial 0 with value: 138.5689239501953.
[I 2023-12-26 16:08:21,670] Trial 46 finished with value: 217.48094177246094 and parameters: {'gradient_clip_val': 0.14963897889027555, 'hidden_size': 27, 'dropout': 0.19704493281028762, 'hidden_continuous_size': 10, 'attention_head_size': 4, 'learning_rate': 0.0048182553340002455}. Best is trial 0 with value: 138.5689239501953.
[I 2023-12-26 16:08:24,386] Trial 47 finished with value: 244.49623107910156 and parameters: {'gradient_clip_val': 0.10136771352347192, 'hidden_size': 17, 'dropout': 0.31390634767855063, 'hidden_continuous_size': 8, 'attention_head_size': 2, 'learning_rate': 0.007082392776733135}. Best is trial 0 with value: 138.5689239501953.
[I 2023-12-26 16:08:27,080] Trial 48 finished with value: 236.0900115966797 and parameters: {'gradient_clip_val': 0.1933239819793623, 'hidden_size': 14, 'dropout': 0.13609109936694774, 'hidden_continuous_size': 9, 'attention_head_size': 3, 'learning_rate': 0.009772055401330984}. Best is trial 0 with value: 138.5689239501953.
[I 2023-12-26 16:08:29,754] Trial 49 finished with value: 221.84666442871094 and parameters: {'gradient_clip_val': 0.1714699272107654, 'hidden_size': 12, 'dropout': 0.16564228889059832, 'hidden_continuous_size': 7, 'attention_head_size': 4, 'learning_rate': 0.015646372496102828}. Best is trial 0 with value: 138.5689239501953.
[I 2023-12-26 16:08:29,890] A new study created in memory with name: no-name-ac7469dc-87a5-4ffa-929d-c402d4929907
/home/le004/conda/anaconda3/envs/tsff_env/lib/python3.9/site-packages/lightning/fabric/plugins/environments/slurm.py:191: The `srun` command is available on your system but is not used. HINT: If your intention is to run Lightning on SLURM, prepend your python command with `srun` like so: srun python /home/le004/master_thesis/git/TSFusionForecast/code/ ...
[I 2023-12-26 16:17:30,911] Trial 0 finished with value: 825.680908203125 and parameters: {'gradient_clip_val': 0.14546072452981443, 'hidden_size': 64, 'dropout': 0.22881579873824848, 'hidden_continuous_size': 9, 'attention_head_size': 4, 'learning_rate': 0.006239870832699756}. Best is trial 0 with value: 825.680908203125.
[I 2023-12-26 16:17:34,794] Trial 1 finished with value: 6138.67529296875 and parameters: {'gradient_clip_val': 0.557175458996311, 'hidden_size': 42, 'dropout': 0.23661657559861937, 'hidden_continuous_size': 19, 'attention_head_size': 3, 'learning_rate': 0.02513932506298587}. Best is trial 0 with value: 825.680908203125.
[I 2023-12-26 16:17:37,427] Trial 2 finished with value: 5806.26416015625 and parameters: {'gradient_clip_val': 0.30257137188491773, 'hidden_size': 24, 'dropout': 0.2741893720586644, 'hidden_continuous_size': 23, 'attention_head_size': 3, 'learning_rate': 0.006435955329320694}. Best is trial 0 with value: 825.680908203125.
[I 2023-12-26 16:17:39,624] Trial 3 finished with value: 6637.54052734375 and parameters: {'gradient_clip_val': 0.7032020662451807, 'hidden_size': 21, 'dropout': 0.45975502738563867, 'hidden_continuous_size': 6, 'attention_head_size': 1, 'learning_rate': 0.009008348859333555}. Best is trial 0 with value: 825.680908203125.
[I 2023-12-26 16:17:41,841] Trial 4 finished with value: 6726.19189453125 and parameters: {'gradient_clip_val': 0.8525411157805468, 'hidden_size': 10, 'dropout': 0.16515345232641843, 'hidden_continuous_size': 8, 'attention_head_size': 2, 'learning_rate': 0.0018717599394309475}. Best is trial 0 with value: 825.680908203125.
[I 2023-12-26 16:17:44,038] Trial 5 finished with value: 4748.72509765625 and parameters: {'gradient_clip_val': 0.14191235957270346, 'hidden_size': 6, 'dropout': 0.17798134795969522, 'hidden_continuous_size': 6, 'attention_head_size': 3, 'learning_rate': 0.025270583846770833}. Best is trial 0 with value: 825.680908203125.
[I 2023-12-26 16:17:50,028] Trial 6 finished with value: 5835.123046875 and parameters: {'gradient_clip_val': 0.281850833204121, 'hidden_size': 59, 'dropout': 0.22007916716602471, 'hidden_continuous_size': 17, 'attention_head_size': 3, 'learning_rate': 0.0982344268652545}. Best is trial 0 with value: 825.680908203125.
[I 2023-12-26 16:17:53,135] Trial 7 finished with value: 5873.056640625 and parameters: {'gradient_clip_val': 0.34308929941389615, 'hidden_size': 32, 'dropout': 0.29850636013200793, 'hidden_continuous_size': 5, 'attention_head_size': 2, 'learning_rate': 0.016884902859655503}. Best is trial 0 with value: 825.680908203125.
[I 2023-12-26 16:17:56,035] Trial 8 finished with value: 6347.2734375 and parameters: {'gradient_clip_val': 0.6224711927516845, 'hidden_size': 20, 'dropout': 0.18226299187607756, 'hidden_continuous_size': 17, 'attention_head_size': 1, 'learning_rate': 0.011539956440136218}. Best is trial 0 with value: 825.680908203125.
[I 2023-12-26 16:17:59,259] Trial 9 finished with value: 5251.69775390625 and parameters: {'gradient_clip_val': 0.8305122383524969, 'hidden_size': 27, 'dropout': 0.2697616301942035, 'hidden_continuous_size': 22, 'attention_head_size': 1, 'learning_rate': 0.005999939055899496}. Best is trial 0 with value: 825.680908203125.
[I 2023-12-26 16:18:11,181] Trial 10 finished with value: 7238.23291015625 and parameters: {'gradient_clip_val': 0.10929014020945649, 'hidden_size': 140, 'dropout': 0.11534062966575756, 'hidden_continuous_size': 99, 'attention_head_size': 4, 'learning_rate': 0.0008091928043965001}. Best is trial 0 with value: 825.680908203125.
[I 2023-12-26 16:18:13,369] Trial 11 finished with value: 5147.64306640625 and parameters: {'gradient_clip_val': 0.11712616283704248, 'hidden_size': 5, 'dropout': 0.10121976861541016, 'hidden_continuous_size': 5, 'attention_head_size': 4, 'learning_rate': 0.037337457594557005}. Best is trial 0 with value: 825.680908203125.
[I 2023-12-26 16:18:15,566] Trial 12 finished with value: 4827.41455078125 and parameters: {'gradient_clip_val': 0.16741062882730354, 'hidden_size': 5, 'dropout': 0.36343363078327695, 'hidden_continuous_size': 5, 'attention_head_size': 4, 'learning_rate': 0.003050637933899748}. Best is trial 0 with value: 825.680908203125.
[I 2023-12-26 16:18:18,041] Trial 13 finished with value: 5722.21630859375 and parameters: {'gradient_clip_val': 0.16896567062787765, 'hidden_size': 12, 'dropout': 0.181665570073056, 'hidden_continuous_size': 7, 'attention_head_size': 4, 'learning_rate': 0.039732824903999264}. Best is trial 0 with value: 825.680908203125.
[I 2023-12-26 16:18:23,671] Trial 14 finished with value: 5347.45166015625 and parameters: {'gradient_clip_val': 0.16020367637504518, 'hidden_size': 69, 'dropout': 0.3353818864530899, 'hidden_continuous_size': 9, 'attention_head_size': 3, 'learning_rate': 0.004133918277211187}. Best is trial 0 with value: 825.680908203125.
[I 2023-12-26 16:18:25,839] Trial 15 finished with value: 5400.8271484375 and parameters: {'gradient_clip_val': 0.10401212486409207, 'hidden_size': 10, 'dropout': 0.23209029859540223, 'hidden_continuous_size': 6, 'attention_head_size': 2, 'learning_rate': 0.013350884898550708}. Best is trial 0 with value: 825.680908203125.
[I 2023-12-26 16:18:32,830] Trial 16 finished with value: 6076.24072265625 and parameters: {'gradient_clip_val': 0.22555082598452067, 'hidden_size': 87, 'dropout': 0.1486632608770615, 'hidden_continuous_size': 10, 'attention_head_size': 4, 'learning_rate': 0.002333701442384399}. Best is trial 0 with value: 825.680908203125.
[I 2023-12-26 16:18:36,228] Trial 17 finished with value: 5534.77587890625 and parameters: {'gradient_clip_val': 0.1412142926240991, 'hidden_size': 46, 'dropout': 0.19890992903128352, 'hidden_continuous_size': 11, 'attention_head_size': 3, 'learning_rate': 0.021097855002346313}. Best is trial 0 with value: 825.680908203125.
[I 2023-12-26 16:18:44,881] Trial 18 finished with value: 5829.89208984375 and parameters: {'gradient_clip_val': 0.20929041683545208, 'hidden_size': 99, 'dropout': 0.15759821267849305, 'hidden_continuous_size': 12, 'attention_head_size': 4, 'learning_rate': 0.007835940207986893}. Best is trial 0 with value: 825.680908203125.
[I 2023-12-26 16:18:56,804] Trial 19 finished with value: 5502.52587890625 and parameters: {'gradient_clip_val': 0.13222126117530653, 'hidden_size': 149, 'dropout': 0.23179240762084338, 'hidden_continuous_size': 34, 'attention_head_size': 3, 'learning_rate': 0.001354544620569222}. Best is trial 0 with value: 825.680908203125.
[I 2023-12-26 16:18:59,163] Trial 20 finished with value: 4620.89599609375 and parameters: {'gradient_clip_val': 0.1354591771733401, 'hidden_size': 16, 'dropout': 0.13147882202270897, 'hidden_continuous_size': 6, 'attention_head_size': 2, 'learning_rate': 0.004416435086112855}. Best is trial 0 with value: 825.680908203125.
[I 2023-12-26 16:19:01,928] Trial 21 finished with value: 4293.47509765625 and parameters: {'gradient_clip_val': 0.10225177109981967, 'hidden_size': 15, 'dropout': 0.13618484711716555, 'hidden_continuous_size': 6, 'attention_head_size': 2, 'learning_rate': 0.004153922692273195}. Best is trial 0 with value: 825.680908203125.
[I 2023-12-26 16:19:04,646] Trial 22 finished with value: 6768.04296875 and parameters: {'gradient_clip_val': 0.10217597368880067, 'hidden_size': 17, 'dropout': 0.12963777203611387, 'hidden_continuous_size': 7, 'attention_head_size': 2, 'learning_rate': 0.004273111386567593}. Best is trial 0 with value: 825.680908203125.
[I 2023-12-26 16:19:07,243] Trial 23 finished with value: 5565.04541015625 and parameters: {'gradient_clip_val': 0.12106631883976984, 'hidden_size': 15, 'dropout': 0.10148513810107504, 'hidden_continuous_size': 6, 'attention_head_size': 2, 'learning_rate': 0.004082087496329751}. Best is trial 0 with value: 825.680908203125.
[I 2023-12-26 16:19:10,675] Trial 24 finished with value: 5741.19677734375 and parameters: {'gradient_clip_val': 0.10001693050111282, 'hidden_size': 33, 'dropout': 0.13517950491107408, 'hidden_continuous_size': 8, 'attention_head_size': 2, 'learning_rate': 0.005805144608522947}. Best is trial 0 with value: 825.680908203125.
[I 2023-12-26 16:19:12,916] Trial 25 finished with value: 5858.94140625 and parameters: {'gradient_clip_val': 0.13680001945303538, 'hidden_size': 16, 'dropout': 0.1437903922042376, 'hidden_continuous_size': 7, 'attention_head_size': 1, 'learning_rate': 0.002705191248088702}. Best is trial 0 with value: 825.680908203125.
[I 2023-12-26 16:19:15,869] Trial 26 finished with value: 5013.22705078125 and parameters: {'gradient_clip_val': 0.18721345753592772, 'hidden_size': 29, 'dropout': 0.20266631871830487, 'hidden_continuous_size': 5, 'attention_head_size': 2, 'learning_rate': 0.0018699334255668871}. Best is trial 0 with value: 825.680908203125.
[I 2023-12-26 16:19:19,481] Trial 27 finished with value: 5250.16552734375 and parameters: {'gradient_clip_val': 0.12455821020494683, 'hidden_size': 41, 'dropout': 0.13773956203348658, 'hidden_continuous_size': 9, 'attention_head_size': 2, 'learning_rate': 0.01070849278358992}. Best is trial 0 with value: 825.680908203125.
[I 2023-12-26 16:19:22,029] Trial 28 finished with value: 4160.93115234375 and parameters: {'gradient_clip_val': 0.1488915799028883, 'hidden_size': 21, 'dropout': 0.160718639795208, 'hidden_continuous_size': 6, 'attention_head_size': 1, 'learning_rate': 0.004860365730090265}. Best is trial 0 with value: 825.680908203125.
[I 2023-12-26 16:19:26,040] Trial 29 finished with value: 5140.06103515625 and parameters: {'gradient_clip_val': 0.4191478729090886, 'hidden_size': 44, 'dropout': 0.20177470608684483, 'hidden_continuous_size': 8, 'attention_head_size': 1, 'learning_rate': 0.007610721944763532}. Best is trial 0 with value: 825.680908203125.
[I 2023-12-26 16:19:29,058] Trial 30 finished with value: 6191.212890625 and parameters: {'gradient_clip_val': 0.21151593538333124, 'hidden_size': 24, 'dropout': 0.2589073646609578, 'hidden_continuous_size': 5, 'attention_head_size': 1, 'learning_rate': 0.001208595721329411}. Best is trial 0 with value: 825.680908203125.
[I 2023-12-26 16:19:31,421] Trial 31 finished with value: 5998.427734375 and parameters: {'gradient_clip_val': 0.15269095149372933, 'hidden_size': 13, 'dropout': 0.1667130841525461, 'hidden_continuous_size': 6, 'attention_head_size': 2, 'learning_rate': 0.004472445856182545}. Best is trial 0 with value: 825.680908203125.
[I 2023-12-26 16:19:33,912] Trial 32 finished with value: 4997.45166015625 and parameters: {'gradient_clip_val': 0.12016533081666873, 'hidden_size': 20, 'dropout': 0.12074325872220917, 'hidden_continuous_size': 7, 'attention_head_size': 1, 'learning_rate': 0.0032572452915024066}. Best is trial 0 with value: 825.680908203125.
[I 2023-12-26 16:19:36,760] Trial 33 finished with value: 6428.61767578125 and parameters: {'gradient_clip_val': 0.14152779103657553, 'hidden_size': 22, 'dropout': 0.15185375523546146, 'hidden_continuous_size': 6, 'attention_head_size': 2, 'learning_rate': 0.005755756911788404}. Best is trial 0 with value: 825.680908203125.
[I 2023-12-26 16:19:39,389] Trial 34 finished with value: 6819.66259765625 and parameters: {'gradient_clip_val': 0.1824665609009715, 'hidden_size': 19, 'dropout': 0.21033936142521883, 'hidden_continuous_size': 6, 'attention_head_size': 3, 'learning_rate': 0.008282179169641912}. Best is trial 0 with value: 825.680908203125.
[I 2023-12-26 16:19:42,219] Trial 35 finished with value: 6282.70166015625 and parameters: {'gradient_clip_val': 0.11925022896649654, 'hidden_size': 24, 'dropout': 0.17408260534111583, 'hidden_continuous_size': 7, 'attention_head_size': 1, 'learning_rate': 0.0034088353786013654}. Best is trial 0 with value: 825.680908203125.
[I 2023-12-26 16:19:44,742] Trial 36 finished with value: 7482.69384765625 and parameters: {'gradient_clip_val': 0.15428537168358836, 'hidden_size': 9, 'dropout': 0.11745076327151556, 'hidden_continuous_size': 6, 'attention_head_size': 3, 'learning_rate': 0.005726850524440584}. Best is trial 0 with value: 825.680908203125.
[I 2023-12-26 16:19:47,273] Trial 37 finished with value: 6422.88232421875 and parameters: {'gradient_clip_val': 0.1302246349381733, 'hidden_size': 14, 'dropout': 0.18688031145914613, 'hidden_continuous_size': 5, 'attention_head_size': 2, 'learning_rate': 0.0022600685790689083}. Best is trial 0 with value: 825.680908203125.
[I 2023-12-26 16:19:49,891] Trial 38 finished with value: 6205.28173828125 and parameters: {'gradient_clip_val': 0.24172400195303356, 'hidden_size': 17, 'dropout': 0.15860263213126086, 'hidden_continuous_size': 8, 'attention_head_size': 1, 'learning_rate': 0.008800684933454792}. Best is trial 0 with value: 825.680908203125.
[I 2023-12-26 16:19:53,524] Trial 39 finished with value: 5249.13623046875 and parameters: {'gradient_clip_val': 0.11236592599070631, 'hidden_size': 35, 'dropout': 0.24764583638940485, 'hidden_continuous_size': 10, 'attention_head_size': 3, 'learning_rate': 0.005148087074377746}. Best is trial 0 with value: 825.680908203125.
[I 2023-12-26 16:19:56,690] Trial 40 finished with value: 7268.39208984375 and parameters: {'gradient_clip_val': 0.18568452594051457, 'hidden_size': 27, 'dropout': 0.2219785957198599, 'hidden_continuous_size': 5, 'attention_head_size': 2, 'learning_rate': 0.006433876808648436}. Best is trial 0 with value: 825.680908203125.
[I 2023-12-26 16:19:59,482] Trial 41 finished with value: 5809.22021484375 and parameters: {'gradient_clip_val': 0.1430129347187205, 'hidden_size': 7, 'dropout': 0.18258177343630225, 'hidden_continuous_size': 6, 'attention_head_size': 3, 'learning_rate': 0.011178105374373335}. Best is trial 0 with value: 825.680908203125.
[I 2023-12-26 16:20:02,146] Trial 42 finished with value: 5181.9814453125 and parameters: {'gradient_clip_val': 0.14738345979885412, 'hidden_size': 12, 'dropout': 0.1673540864161265, 'hidden_continuous_size': 6, 'attention_head_size': 4, 'learning_rate': 0.013483818248309808}. Best is trial 0 with value: 825.680908203125.
[I 2023-12-26 16:20:05,053] Trial 43 finished with value: 4830.39990234375 and parameters: {'gradient_clip_val': 0.11237765521136535, 'hidden_size': 20, 'dropout': 0.13987373371822975, 'hidden_continuous_size': 7, 'attention_head_size': 3, 'learning_rate': 0.00706649171360052}. Best is trial 0 with value: 825.680908203125.
[I 2023-12-26 16:20:07,483] Trial 44 finished with value: 4759.3740234375 and parameters: {'gradient_clip_val': 0.16833505820769676, 'hidden_size': 8, 'dropout': 0.192279659797583, 'hidden_continuous_size': 6, 'attention_head_size': 2, 'learning_rate': 0.0037653095290435435}. Best is trial 0 with value: 825.680908203125.
[I 2023-12-26 16:20:09,976] Trial 45 finished with value: 7275.77880859375 and parameters: {'gradient_clip_val': 0.129968662864412, 'hidden_size': 11, 'dropout': 0.21591055320386157, 'hidden_continuous_size': 6, 'attention_head_size': 3, 'learning_rate': 0.004721356337929688}. Best is trial 0 with value: 825.680908203125.
[I 2023-12-26 16:20:12,502] Trial 46 finished with value: 5818.8359375 and parameters: {'gradient_clip_val': 0.15745080177914042, 'hidden_size': 6, 'dropout': 0.11763199537825345, 'hidden_continuous_size': 5, 'attention_head_size': 4, 'learning_rate': 0.01716144492690432}. Best is trial 0 with value: 825.680908203125.
[I 2023-12-26 16:20:15,203] Trial 47 finished with value: 4710.62939453125 and parameters: {'gradient_clip_val': 0.10029514921676239, 'hidden_size': 14, 'dropout': 0.17179336353468821, 'hidden_continuous_size': 7, 'attention_head_size': 1, 'learning_rate': 0.002977423389683282}. Best is trial 0 with value: 825.680908203125.
[I 2023-12-26 16:20:17,688] Trial 48 finished with value: 6449.30029296875 and parameters: {'gradient_clip_val': 0.100178961884305, 'hidden_size': 14, 'dropout': 0.1697257988502734, 'hidden_continuous_size': 7, 'attention_head_size': 1, 'learning_rate': 0.002913896583769575}. Best is trial 0 with value: 825.680908203125.
[I 2023-12-26 16:20:20,190] Trial 49 finished with value: 7973.16748046875 and parameters: {'gradient_clip_val': 0.11098726079127222, 'hidden_size': 18, 'dropout': 0.1492767546683403, 'hidden_continuous_size': 8, 'attention_head_size': 1, 'learning_rate': 0.003756406912319601}. Best is trial 0 with value: 825.680908203125.
[I 2023-12-26 16:20:20,367] A new study created in memory with name: no-name-5e6e750e-f6b8-4692-9725-d08886007d85
/home/le004/conda/anaconda3/envs/tsff_env/lib/python3.9/site-packages/lightning/fabric/plugins/environments/slurm.py:191: The `srun` command is available on your system but is not used. HINT: If your intention is to run Lightning on SLURM, prepend your python command with `srun` like so: srun python /home/le004/master_thesis/git/TSFusionForecast/code/ ...
[I 2023-12-26 16:27:20,540] Trial 0 finished with value: 1482.1663818359375 and parameters: {'gradient_clip_val': 0.8482685972952851, 'hidden_size': 84, 'dropout': 0.4910716965509151, 'hidden_continuous_size': 15, 'attention_head_size': 2, 'learning_rate': 0.0005024658895651549}. Best is trial 0 with value: 1482.1663818359375.
