[I 2023-12-26 13:13:37,667] Trial 49 finished with value: 6676.99462890625 and parameters: {'gradient_clip_val': 0.40635499401811265, 'hidden_size': 122, 'dropout': 0.13558141626978742, 'hidden_continuous_size': 19, 'attention_head_size': 1, 'learning_rate': 0.055067338280996365}. Best is trial 0 with value: 3554.372802734375.
[I 2023-12-26 13:13:37,784] A new study created in memory with name: no-name-6f3342c7-75c4-4686-ad9d-67096059d1a3
/home/le004/conda/anaconda3/envs/tsff_env/lib/python3.9/site-packages/lightning/fabric/plugins/environments/slurm.py:191: The `srun` command is available on your system but is not used. HINT: If your intention is to run Lightning on SLURM, prepend your python command with `srun` like so: srun python /home/le004/master_thesis/git/TSFusionForecast/code/ ...
[I 2023-12-26 13:17:43,714] Trial 0 finished with value: 2248.213623046875 and parameters: {'gradient_clip_val': 0.2776373913813195, 'hidden_size': 7, 'dropout': 0.24708349326833662, 'hidden_continuous_size': 5, 'attention_head_size': 1, 'learning_rate': 0.008654792395688185}. Best is trial 0 with value: 2248.213623046875.
[I 2023-12-26 13:17:46,203] Trial 1 finished with value: 5564.21533203125 and parameters: {'gradient_clip_val': 0.20226588964085085, 'hidden_size': 12, 'dropout': 0.4346316343581361, 'hidden_continuous_size': 10, 'attention_head_size': 1, 'learning_rate': 0.057072637434991906}. Best is trial 0 with value: 2248.213623046875.
[I 2023-12-26 13:17:50,365] Trial 2 finished with value: 6737.95166015625 and parameters: {'gradient_clip_val': 0.4139292590268806, 'hidden_size': 43, 'dropout': 0.30038947518222536, 'hidden_continuous_size': 7, 'attention_head_size': 2, 'learning_rate': 0.011660122332008492}. Best is trial 0 with value: 2248.213623046875.
[I 2023-12-26 13:17:52,701] Trial 3 finished with value: 5048.61376953125 and parameters: {'gradient_clip_val': 0.23883227158170287, 'hidden_size': 6, 'dropout': 0.49964626719589333, 'hidden_continuous_size': 5, 'attention_head_size': 3, 'learning_rate': 0.00604992246787487}. Best is trial 0 with value: 2248.213623046875.
[I 2023-12-26 13:17:55,130] Trial 4 finished with value: 6380.35546875 and parameters: {'gradient_clip_val': 0.9353055786383114, 'hidden_size': 11, 'dropout': 0.24629358727983033, 'hidden_continuous_size': 6, 'attention_head_size': 1, 'learning_rate': 0.0005145278516971645}. Best is trial 0 with value: 2248.213623046875.
[I 2023-12-26 13:17:59,438] Trial 5 finished with value: 6338.89111328125 and parameters: {'gradient_clip_val': 0.6624400540342253, 'hidden_size': 44, 'dropout': 0.34683475498041083, 'hidden_continuous_size': 22, 'attention_head_size': 4, 'learning_rate': 0.01304132501893481}. Best is trial 0 with value: 2248.213623046875.
[I 2023-12-26 13:18:01,964] Trial 6 finished with value: 5777.25244140625 and parameters: {'gradient_clip_val': 0.19725444063895195, 'hidden_size': 12, 'dropout': 0.48054689445638066, 'hidden_continuous_size': 6, 'attention_head_size': 2, 'learning_rate': 0.0008630806412645049}. Best is trial 0 with value: 2248.213623046875.
[I 2023-12-26 13:18:04,308] Trial 7 finished with value: 5987.06298828125 and parameters: {'gradient_clip_val': 0.9968605458286267, 'hidden_size': 7, 'dropout': 0.3205669573440143, 'hidden_continuous_size': 6, 'attention_head_size': 2, 'learning_rate': 0.006209168286287429}. Best is trial 0 with value: 2248.213623046875.
[I 2023-12-26 13:18:08,515] Trial 8 finished with value: 6448.06298828125 and parameters: {'gradient_clip_val': 0.5472703018604453, 'hidden_size': 45, 'dropout': 0.2883671564125839, 'hidden_continuous_size': 6, 'attention_head_size': 1, 'learning_rate': 0.002689404548119293}. Best is trial 0 with value: 2248.213623046875.
[I 2023-12-26 13:18:11,317] Trial 9 finished with value: 6711.62255859375 and parameters: {'gradient_clip_val': 0.7517015360538107, 'hidden_size': 9, 'dropout': 0.3786291527805936, 'hidden_continuous_size': 5, 'attention_head_size': 4, 'learning_rate': 0.014011757063354625}. Best is trial 0 with value: 2248.213623046875.
[I 2023-12-26 13:18:20,249] Trial 10 finished with value: 5276.3017578125 and parameters: {'gradient_clip_val': 0.10947827751438462, 'hidden_size': 101, 'dropout': 0.1549879586659838, 'hidden_continuous_size': 56, 'attention_head_size': 3, 'learning_rate': 0.07739353958634379}. Best is trial 0 with value: 2248.213623046875.
[I 2023-12-26 13:18:22,408] Trial 11 finished with value: 6251.74951171875 and parameters: {'gradient_clip_val': 0.29815242200620734, 'hidden_size': 5, 'dropout': 0.49692534893262286, 'hidden_continuous_size': 5, 'attention_head_size': 3, 'learning_rate': 0.004297996913226179}. Best is trial 0 with value: 2248.213623046875.
[I 2023-12-26 13:18:24,756] Trial 12 finished with value: 6633.77099609375 and parameters: {'gradient_clip_val': 0.27641529088096245, 'hidden_size': 6, 'dropout': 0.2062711992774441, 'hidden_continuous_size': 5, 'attention_head_size': 3, 'learning_rate': 0.0021188372384836804}. Best is trial 0 with value: 2248.213623046875.
[I 2023-12-26 13:18:26,954] Trial 13 finished with value: 5687.04150390625 and parameters: {'gradient_clip_val': 0.4176146541861086, 'hidden_size': 5, 'dropout': 0.11422262046492992, 'hidden_continuous_size': 5, 'attention_head_size': 3, 'learning_rate': 0.007892189740622434}. Best is trial 0 with value: 2248.213623046875.
[I 2023-12-26 13:18:29,577] Trial 14 finished with value: 6050.03173828125 and parameters: {'gradient_clip_val': 0.20942949547331793, 'hidden_size': 18, 'dropout': 0.4015977546950619, 'hidden_continuous_size': 8, 'attention_head_size': 2, 'learning_rate': 0.021882875835741895}. Best is trial 0 with value: 2248.213623046875.
[I 2023-12-26 13:18:31,980] Trial 15 finished with value: 6752.48583984375 and parameters: {'gradient_clip_val': 0.14542162993233715, 'hidden_size': 8, 'dropout': 0.23470159880576402, 'hidden_continuous_size': 5, 'attention_head_size': 4, 'learning_rate': 0.026555393359388987}. Best is trial 0 with value: 2248.213623046875.
[I 2023-12-26 13:18:34,564] Trial 16 finished with value: 6348.97412109375 and parameters: {'gradient_clip_val': 0.36577097320144836, 'hidden_size': 18, 'dropout': 0.4331607179289839, 'hidden_continuous_size': 7, 'attention_head_size': 1, 'learning_rate': 0.0042471359245508065}. Best is trial 0 with value: 2248.213623046875.
[I 2023-12-26 13:18:36,712] Trial 17 finished with value: 7014.88037109375 and parameters: {'gradient_clip_val': 0.24647530755773925, 'hidden_size': 5, 'dropout': 0.35515405875988465, 'hidden_continuous_size': 5, 'attention_head_size': 2, 'learning_rate': 0.0018620639744690096}. Best is trial 0 with value: 2248.213623046875.
[I 2023-12-26 13:18:39,082] Trial 18 finished with value: 7351.04296875 and parameters: {'gradient_clip_val': 0.31694814619180545, 'hidden_size': 8, 'dropout': 0.28524746392381684, 'hidden_continuous_size': 5, 'attention_head_size': 3, 'learning_rate': 0.03186427600183976}. Best is trial 0 with value: 2248.213623046875.
[I 2023-12-26 13:18:41,621] Trial 19 finished with value: 6619.35107421875 and parameters: {'gradient_clip_val': 0.16053761474424894, 'hidden_size': 16, 'dropout': 0.46254537297655285, 'hidden_continuous_size': 6, 'attention_head_size': 4, 'learning_rate': 0.00802375532102925}. Best is trial 0 with value: 2248.213623046875.
[I 2023-12-26 13:18:43,996] Trial 20 finished with value: 6680.244140625 and parameters: {'gradient_clip_val': 0.2443802825128295, 'hidden_size': 7, 'dropout': 0.49816782680718386, 'hidden_continuous_size': 5, 'attention_head_size': 1, 'learning_rate': 0.004593889057443208}. Best is trial 0 with value: 2248.213623046875.
[I 2023-12-26 13:18:57,280] Trial 21 finished with value: 4578.04931640625 and parameters: {'gradient_clip_val': 0.10128185483571624, 'hidden_size': 147, 'dropout': 0.1463494424275941, 'hidden_continuous_size': 99, 'attention_head_size': 3, 'learning_rate': 0.07250372108920632}. Best is trial 0 with value: 2248.213623046875.
[I 2023-12-26 13:19:09,385] Trial 22 finished with value: 4482.47314453125 and parameters: {'gradient_clip_val': 0.11452882592402196, 'hidden_size': 137, 'dropout': 0.17726909756474515, 'hidden_continuous_size': 93, 'attention_head_size': 3, 'learning_rate': 0.08985806180551072}. Best is trial 0 with value: 2248.213623046875.
[I 2023-12-26 13:19:23,152] Trial 23 finished with value: 4440.36279296875 and parameters: {'gradient_clip_val': 0.10424472361810207, 'hidden_size': 150, 'dropout': 0.1729259309625706, 'hidden_continuous_size': 134, 'attention_head_size': 3, 'learning_rate': 0.08805170030709861}. Best is trial 0 with value: 2248.213623046875.
[I 2023-12-26 13:19:36,844] Trial 24 finished with value: 5255.11328125 and parameters: {'gradient_clip_val': 0.13433626376592675, 'hidden_size': 150, 'dropout': 0.20004638937569197, 'hidden_continuous_size': 134, 'attention_head_size': 2, 'learning_rate': 0.04633229336841148}. Best is trial 0 with value: 2248.213623046875.
[I 2023-12-26 13:19:44,919] Trial 25 finished with value: 4751.89990234375 and parameters: {'gradient_clip_val': 0.12083208146209438, 'hidden_size': 89, 'dropout': 0.1589366353611271, 'hidden_continuous_size': 56, 'attention_head_size': 3, 'learning_rate': 0.03961412205846977}. Best is trial 0 with value: 2248.213623046875.
[I 2023-12-26 13:19:48,373] Trial 26 finished with value: 6523.40185546875 and parameters: {'gradient_clip_val': 0.100042474702356, 'hidden_size': 30, 'dropout': 0.10646862147764569, 'hidden_continuous_size': 12, 'attention_head_size': 4, 'learning_rate': 0.08628415731660724}. Best is trial 0 with value: 2248.213623046875.
[I 2023-12-26 13:19:56,324] Trial 27 finished with value: 5950.52294921875 and parameters: {'gradient_clip_val': 0.16951687465622864, 'hidden_size': 95, 'dropout': 0.19245671286088367, 'hidden_continuous_size': 16, 'attention_head_size': 2, 'learning_rate': 0.09697184710776885}. Best is trial 0 with value: 2248.213623046875.
[I 2023-12-26 13:20:02,357] Trial 28 finished with value: 5979.31982421875 and parameters: {'gradient_clip_val': 0.1222130113422125, 'hidden_size': 70, 'dropout': 0.24585526196483748, 'hidden_continuous_size': 19, 'attention_head_size': 3, 'learning_rate': 0.05163985036940058}. Best is trial 0 with value: 2248.213623046875.
[I 2023-12-26 13:20:12,418] Trial 29 finished with value: 5481.70458984375 and parameters: {'gradient_clip_val': 0.1745302343596396, 'hidden_size': 126, 'dropout': 0.1761859916430629, 'hidden_continuous_size': 31, 'attention_head_size': 1, 'learning_rate': 0.06030420411922688}. Best is trial 0 with value: 2248.213623046875.
[I 2023-12-26 13:20:18,055] Trial 30 finished with value: 6637.455078125 and parameters: {'gradient_clip_val': 0.13824591437021538, 'hidden_size': 66, 'dropout': 0.21819129678438365, 'hidden_continuous_size': 11, 'attention_head_size': 3, 'learning_rate': 0.043595462681622295}. Best is trial 0 with value: 2248.213623046875.
[I 2023-12-26 13:20:29,387] Trial 31 finished with value: 3745.9833984375 and parameters: {'gradient_clip_val': 0.10483177678364758, 'hidden_size': 128, 'dropout': 0.13924006889905322, 'hidden_continuous_size': 124, 'attention_head_size': 3, 'learning_rate': 0.0688117639215425}. Best is trial 0 with value: 2248.213623046875.
[I 2023-12-26 13:20:40,460] Trial 32 finished with value: 6136.82275390625 and parameters: {'gradient_clip_val': 0.12204444676554783, 'hidden_size': 118, 'dropout': 0.12517128542041756, 'hidden_continuous_size': 94, 'attention_head_size': 3, 'learning_rate': 0.06644619911377136}. Best is trial 0 with value: 2248.213623046875.
[I 2023-12-26 13:20:51,234] Trial 33 finished with value: 6018.44873046875 and parameters: {'gradient_clip_val': 0.11143522596737325, 'hidden_size': 117, 'dropout': 0.17605836190340252, 'hidden_continuous_size': 117, 'attention_head_size': 3, 'learning_rate': 0.02098831249313282}. Best is trial 0 with value: 2248.213623046875.
[I 2023-12-26 13:20:58,208] Trial 34 finished with value: 4828.74853515625 and parameters: {'gradient_clip_val': 0.14962334369215402, 'hidden_size': 76, 'dropout': 0.1389838816042863, 'hidden_continuous_size': 64, 'attention_head_size': 2, 'learning_rate': 0.0588973598443637}. Best is trial 0 with value: 2248.213623046875.
[I 2023-12-26 13:21:03,651] Trial 35 finished with value: 7644.82373046875 and parameters: {'gradient_clip_val': 0.13416107872498298, 'hidden_size': 60, 'dropout': 0.17399671727467453, 'hidden_continuous_size': 10, 'attention_head_size': 4, 'learning_rate': 0.09294389409303574}. Best is trial 0 with value: 2248.213623046875.
[I 2023-12-26 13:21:13,423] Trial 36 finished with value: 4955.81494140625 and parameters: {'gradient_clip_val': 0.1894004385277589, 'hidden_size': 106, 'dropout': 0.10082101563656984, 'hidden_continuous_size': 74, 'attention_head_size': 2, 'learning_rate': 0.033831465172815885}. Best is trial 0 with value: 2248.213623046875.
[I 2023-12-26 13:21:20,874] Trial 37 finished with value: 6527.126953125 and parameters: {'gradient_clip_val': 0.15574602288914374, 'hidden_size': 85, 'dropout': 0.26347640395291155, 'hidden_continuous_size': 40, 'attention_head_size': 3, 'learning_rate': 0.053936754523975235}. Best is trial 0 with value: 2248.213623046875.
[I 2023-12-26 13:21:33,302] Trial 38 finished with value: 4893.8857421875 and parameters: {'gradient_clip_val': 0.10950899027661712, 'hidden_size': 135, 'dropout': 0.12973394770998348, 'hidden_continuous_size': 135, 'attention_head_size': 3, 'learning_rate': 0.09831061528693866}. Best is trial 0 with value: 2248.213623046875.
[I 2023-12-26 13:21:38,342] Trial 39 finished with value: 6340.400390625 and parameters: {'gradient_clip_val': 0.2012206098959033, 'hidden_size': 54, 'dropout': 0.220583920449273, 'hidden_continuous_size': 25, 'attention_head_size': 4, 'learning_rate': 0.03973847684261486}. Best is trial 0 with value: 2248.213623046875.
[I 2023-12-26 13:21:48,051] Trial 40 finished with value: 4744.46435546875 and parameters: {'gradient_clip_val': 0.1257394757102329, 'hidden_size': 110, 'dropout': 0.14832108878980615, 'hidden_continuous_size': 83, 'attention_head_size': 1, 'learning_rate': 0.07274656559833573}. Best is trial 0 with value: 2248.213623046875.
[I 2023-12-26 13:22:00,832] Trial 41 finished with value: 5670.39111328125 and parameters: {'gradient_clip_val': 0.1028456053192899, 'hidden_size': 148, 'dropout': 0.13933563965644327, 'hidden_continuous_size': 98, 'attention_head_size': 3, 'learning_rate': 0.06604490773499719}. Best is trial 0 with value: 2248.213623046875.
[I 2023-12-26 13:22:14,630] Trial 42 finished with value: 4368.81787109375 and parameters: {'gradient_clip_val': 0.1007777874518432, 'hidden_size': 149, 'dropout': 0.16211006076513795, 'hidden_continuous_size': 143, 'attention_head_size': 3, 'learning_rate': 0.07755061608647208}. Best is trial 0 with value: 2248.213623046875.
[I 2023-12-26 13:22:25,640] Trial 43 finished with value: 6919.22265625 and parameters: {'gradient_clip_val': 0.1143751127441858, 'hidden_size': 121, 'dropout': 0.18407826939627553, 'hidden_continuous_size': 109, 'attention_head_size': 3, 'learning_rate': 0.051773621594950234}. Best is trial 0 with value: 2248.213623046875.
[I 2023-12-26 13:22:34,788] Trial 44 finished with value: 5327.64501953125 and parameters: {'gradient_clip_val': 0.13180093175250557, 'hidden_size': 94, 'dropout': 0.16309505458970452, 'hidden_continuous_size': 77, 'attention_head_size': 3, 'learning_rate': 0.0754175474932421}. Best is trial 0 with value: 2248.213623046875.
[I 2023-12-26 13:22:42,378] Trial 45 finished with value: 6033.74853515625 and parameters: {'gradient_clip_val': 0.11427594956672404, 'hidden_size': 81, 'dropout': 0.20033478616113917, 'hidden_continuous_size': 67, 'attention_head_size': 3, 'learning_rate': 0.03229575464123999}. Best is trial 0 with value: 2248.213623046875.
[I 2023-12-26 13:22:52,040] Trial 46 finished with value: 4570.92919921875 and parameters: {'gradient_clip_val': 0.14585233301014197, 'hidden_size': 105, 'dropout': 0.21615262958586773, 'hidden_continuous_size': 84, 'attention_head_size': 3, 'learning_rate': 0.01645151229877818}. Best is trial 0 with value: 2248.213623046875.
[I 2023-12-26 13:23:04,183] Trial 47 finished with value: 4814.82275390625 and parameters: {'gradient_clip_val': 0.10514388341957465, 'hidden_size': 130, 'dropout': 0.12030413276431229, 'hidden_continuous_size': 121, 'attention_head_size': 2, 'learning_rate': 0.09569468825575929}. Best is trial 0 with value: 2248.213623046875.
[I 2023-12-26 13:23:07,760] Trial 48 finished with value: 6354.375 and parameters: {'gradient_clip_val': 0.12115618000997111, 'hidden_size': 33, 'dropout': 0.16214607550247784, 'hidden_continuous_size': 14, 'attention_head_size': 3, 'learning_rate': 0.05923572855324579}. Best is trial 0 with value: 2248.213623046875.
[I 2023-12-26 13:23:17,015] Trial 49 finished with value: 5090.67236328125 and parameters: {'gradient_clip_val': 0.1003902324504531, 'hidden_size': 99, 'dropout': 0.18446881213822353, 'hidden_continuous_size': 86, 'attention_head_size': 4, 'learning_rate': 0.07828289675283145}. Best is trial 0 with value: 2248.213623046875.
[I 2023-12-26 13:23:17,153] A new study created in memory with name: no-name-9e0a388d-53a7-40ba-8d51-94bb7fb8e28e
/home/le004/conda/anaconda3/envs/tsff_env/lib/python3.9/site-packages/lightning/fabric/plugins/environments/slurm.py:191: The `srun` command is available on your system but is not used. HINT: If your intention is to run Lightning on SLURM, prepend your python command with `srun` like so: srun python /home/le004/master_thesis/git/TSFusionForecast/code/ ...
[I 2023-12-26 13:26:12,380] Trial 0 finished with value: 336.4556579589844 and parameters: {'gradient_clip_val': 0.28074862840571313, 'hidden_size': 6, 'dropout': 0.2711047891910437, 'hidden_continuous_size': 6, 'attention_head_size': 2, 'learning_rate': 0.009247474862966551}. Best is trial 0 with value: 336.4556579589844.
[I 2023-12-26 13:26:14,681] Trial 1 finished with value: 1534.5556640625 and parameters: {'gradient_clip_val': 0.29301981428499563, 'hidden_size': 9, 'dropout': 0.3954456033636702, 'hidden_continuous_size': 7, 'attention_head_size': 2, 'learning_rate': 0.004503048392811533}. Best is trial 0 with value: 336.4556579589844.
[I 2023-12-26 13:26:22,819] Trial 2 finished with value: 1233.5523681640625 and parameters: {'gradient_clip_val': 0.45281635716999163, 'hidden_size': 104, 'dropout': 0.3391717549869372, 'hidden_continuous_size': 10, 'attention_head_size': 2, 'learning_rate': 0.0006487038489809229}. Best is trial 0 with value: 336.4556579589844.
[I 2023-12-26 13:26:25,279] Trial 3 finished with value: 1445.8343505859375 and parameters: {'gradient_clip_val': 0.6546804010827506, 'hidden_size': 11, 'dropout': 0.3126623649128991, 'hidden_continuous_size': 11, 'attention_head_size': 3, 'learning_rate': 0.0011196153054576538}. Best is trial 0 with value: 336.4556579589844.
[I 2023-12-26 13:26:34,724] Trial 4 finished with value: 1099.9600830078125 and parameters: {'gradient_clip_val': 0.4342597316994903, 'hidden_size': 107, 'dropout': 0.389602233842142, 'hidden_continuous_size': 77, 'attention_head_size': 2, 'learning_rate': 0.005446297746067912}. Best is trial 0 with value: 336.4556579589844.
[I 2023-12-26 13:26:37,190] Trial 5 finished with value: 1048.7569580078125 and parameters: {'gradient_clip_val': 0.2969478090201354, 'hidden_size': 10, 'dropout': 0.44358526111229046, 'hidden_continuous_size': 8, 'attention_head_size': 4, 'learning_rate': 0.005683625943865039}. Best is trial 0 with value: 336.4556579589844.
[I 2023-12-26 13:26:39,636] Trial 6 finished with value: 1543.8458251953125 and parameters: {'gradient_clip_val': 0.588793578015063, 'hidden_size': 10, 'dropout': 0.4540074647494531, 'hidden_continuous_size': 6, 'attention_head_size': 4, 'learning_rate': 0.0030777765883436116}. Best is trial 0 with value: 336.4556579589844.
[I 2023-12-26 13:26:46,116] Trial 7 finished with value: 1181.1614990234375 and parameters: {'gradient_clip_val': 0.12518195265716667, 'hidden_size': 74, 'dropout': 0.4386227470743562, 'hidden_continuous_size': 27, 'attention_head_size': 4, 'learning_rate': 0.002522158932221084}. Best is trial 0 with value: 336.4556579589844.
[I 2023-12-26 13:26:48,124] Trial 8 finished with value: 1231.2010498046875 and parameters: {'gradient_clip_val': 0.16696419826490203, 'hidden_size': 5, 'dropout': 0.31745432635085585, 'hidden_continuous_size': 5, 'attention_head_size': 1, 'learning_rate': 0.0008245120472341318}. Best is trial 0 with value: 336.4556579589844.
[I 2023-12-26 13:26:55,112] Trial 9 finished with value: 1368.5831298828125 and parameters: {'gradient_clip_val': 0.24270781958621884, 'hidden_size': 91, 'dropout': 0.3808693508539721, 'hidden_continuous_size': 17, 'attention_head_size': 3, 'learning_rate': 0.009750460510851664}. Best is trial 0 with value: 336.4556579589844.
[I 2023-12-26 13:26:58,412] Trial 10 finished with value: 1106.7073974609375 and parameters: {'gradient_clip_val': 0.9626774984336942, 'hidden_size': 29, 'dropout': 0.19845108220773391, 'hidden_continuous_size': 5, 'attention_head_size': 1, 'learning_rate': 0.03596132538094514}. Best is trial 0 with value: 336.4556579589844.
[I 2023-12-26 13:27:00,575] Trial 11 finished with value: 982.7659301757812 and parameters: {'gradient_clip_val': 0.2635073815640191, 'hidden_size': 5, 'dropout': 0.22763967963419557, 'hidden_continuous_size': 5, 'attention_head_size': 3, 'learning_rate': 0.014663826078234379}. Best is trial 0 with value: 336.4556579589844.
[I 2023-12-26 13:27:02,759] Trial 12 finished with value: 1464.2288818359375 and parameters: {'gradient_clip_val': 0.21571240981440457, 'hidden_size': 5, 'dropout': 0.22974165437562938, 'hidden_continuous_size': 5, 'attention_head_size': 3, 'learning_rate': 0.01750064350041708}. Best is trial 0 with value: 336.4556579589844.
