[I 2023-12-27 11:04:15,737] Trial 15 finished with value: 1.5081979036331177 and parameters: {'gradient_clip_val': 0.20277245598633795, 'hidden_size': 32, 'dropout': 0.25394695013048435, 'hidden_continuous_size': 9, 'attention_head_size': 1, 'learning_rate': 0.00429629126661557}. Best is trial 0 with value: 0.03929392620921135.
[I 2023-12-27 11:04:16,094] Trial 16 finished with value: 1.689937710762024 and parameters: {'gradient_clip_val': 0.32411461323730384, 'hidden_size': 16, 'dropout': 0.32486097115753954, 'hidden_continuous_size': 5, 'attention_head_size': 3, 'learning_rate': 0.01159798917806932}. Best is trial 0 with value: 0.03929392620921135.
[I 2023-12-27 11:04:16,455] Trial 17 finished with value: 2.0651369094848633 and parameters: {'gradient_clip_val': 0.10145923701425516, 'hidden_size': 8, 'dropout': 0.24072945024770329, 'hidden_continuous_size': 5, 'attention_head_size': 2, 'learning_rate': 0.036889485021706955}. Best is trial 0 with value: 0.03929392620921135.
[I 2023-12-27 11:04:16,822] Trial 18 finished with value: 1.8310179710388184 and parameters: {'gradient_clip_val': 0.5368478979358264, 'hidden_size': 20, 'dropout': 0.316177282195932, 'hidden_continuous_size': 11, 'attention_head_size': 1, 'learning_rate': 0.0032445463313022552}. Best is trial 0 with value: 0.03929392620921135.
[I 2023-12-27 11:04:17,157] Trial 19 finished with value: 1.8679507970809937 and parameters: {'gradient_clip_val': 0.3525098319752456, 'hidden_size': 5, 'dropout': 0.14490338314359172, 'hidden_continuous_size': 5, 'attention_head_size': 2, 'learning_rate': 0.011068872138618586}. Best is trial 0 with value: 0.03929392620921135.
[I 2023-12-27 11:04:17,524] Trial 20 finished with value: 1.4541964530944824 and parameters: {'gradient_clip_val': 0.23405460162762784, 'hidden_size': 10, 'dropout': 0.22633772506833744, 'hidden_continuous_size': 6, 'attention_head_size': 1, 'learning_rate': 0.06520309833568622}. Best is trial 0 with value: 0.03929392620921135.
[I 2023-12-27 11:04:17,877] Trial 21 finished with value: 1.8077837228775024 and parameters: {'gradient_clip_val': 0.6228708838362359, 'hidden_size': 6, 'dropout': 0.2057846322063553, 'hidden_continuous_size': 5, 'attention_head_size': 1, 'learning_rate': 0.009894162153241482}. Best is trial 0 with value: 0.03929392620921135.
[I 2023-12-27 11:04:18,201] Trial 22 finished with value: 1.7548373937606812 and parameters: {'gradient_clip_val': 0.604632731540483, 'hidden_size': 5, 'dropout': 0.2070518774228666, 'hidden_continuous_size': 5, 'attention_head_size': 1, 'learning_rate': 0.021552421469696735}. Best is trial 0 with value: 0.03929392620921135.
[I 2023-12-27 11:04:18,581] Trial 23 finished with value: 2.183162212371826 and parameters: {'gradient_clip_val': 0.9439434470710268, 'hidden_size': 9, 'dropout': 0.13633205410839289, 'hidden_continuous_size': 6, 'attention_head_size': 1, 'learning_rate': 0.029927846882900823}. Best is trial 0 with value: 0.03929392620921135.
[I 2023-12-27 11:04:18,904] Trial 24 finished with value: 1.469477653503418 and parameters: {'gradient_clip_val': 0.9842094182809473, 'hidden_size': 5, 'dropout': 0.1791417020584973, 'hidden_continuous_size': 5, 'attention_head_size': 2, 'learning_rate': 0.06303700291567962}. Best is trial 0 with value: 0.03929392620921135.
[I 2023-12-27 11:04:19,262] Trial 25 finished with value: 1.4037351608276367 and parameters: {'gradient_clip_val': 0.3688665871132232, 'hidden_size': 7, 'dropout': 0.2188923690914049, 'hidden_continuous_size': 5, 'attention_head_size': 1, 'learning_rate': 0.014123099673998184}. Best is trial 0 with value: 0.03929392620921135.
[I 2023-12-27 11:04:19,847] Trial 26 finished with value: 1.665188193321228 and parameters: {'gradient_clip_val': 0.3622826607563598, 'hidden_size': 11, 'dropout': 0.27543183421155704, 'hidden_continuous_size': 7, 'attention_head_size': 2, 'learning_rate': 0.016169127899428187}. Best is trial 0 with value: 0.03929392620921135.
[I 2023-12-27 11:04:20,200] Trial 27 finished with value: 2.105597972869873 and parameters: {'gradient_clip_val': 0.29497965013831523, 'hidden_size': 7, 'dropout': 0.15082269467228832, 'hidden_continuous_size': 5, 'attention_head_size': 1, 'learning_rate': 0.007303526305578905}. Best is trial 0 with value: 0.03929392620921135.
[I 2023-12-27 11:04:20,576] Trial 28 finished with value: 2.085322141647339 and parameters: {'gradient_clip_val': 0.37676864298528334, 'hidden_size': 14, 'dropout': 0.2275114111122264, 'hidden_continuous_size': 6, 'attention_head_size': 3, 'learning_rate': 0.029325420081274284}. Best is trial 0 with value: 0.03929392620921135.
[I 2023-12-27 11:04:20,942] Trial 29 finished with value: 2.2747995853424072 and parameters: {'gradient_clip_val': 0.43517552604858184, 'hidden_size': 12, 'dropout': 0.1948501664695751, 'hidden_continuous_size': 7, 'attention_head_size': 1, 'learning_rate': 0.014388646897596074}. Best is trial 0 with value: 0.03929392620921135.
[I 2023-12-27 11:04:21,314] Trial 30 finished with value: 2.0873191356658936 and parameters: {'gradient_clip_val': 0.3353099706368466, 'hidden_size': 8, 'dropout': 0.22479937421611035, 'hidden_continuous_size': 5, 'attention_head_size': 1, 'learning_rate': 0.05030857520801873}. Best is trial 0 with value: 0.03929392620921135.
[I 2023-12-27 11:04:21,702] Trial 31 finished with value: 1.8751126527786255 and parameters: {'gradient_clip_val': 0.4929559629586517, 'hidden_size': 6, 'dropout': 0.17127339385595844, 'hidden_continuous_size': 5, 'attention_head_size': 1, 'learning_rate': 0.008601280196595189}. Best is trial 0 with value: 0.03929392620921135.
[I 2023-12-27 11:04:22,094] Trial 32 finished with value: 1.7272497415542603 and parameters: {'gradient_clip_val': 0.8038574848421961, 'hidden_size': 34, 'dropout': 0.1328974092064116, 'hidden_continuous_size': 14, 'attention_head_size': 1, 'learning_rate': 0.012732987000572488}. Best is trial 0 with value: 0.03929392620921135.
[I 2023-12-27 11:04:22,468] Trial 33 finished with value: 2.4156863689422607 and parameters: {'gradient_clip_val': 0.6980379481169575, 'hidden_size': 7, 'dropout': 0.19378600570179239, 'hidden_continuous_size': 5, 'attention_head_size': 2, 'learning_rate': 0.007778342916056528}. Best is trial 0 with value: 0.03929392620921135.
[I 2023-12-27 11:04:22,798] Trial 34 finished with value: 2.0625617504119873 and parameters: {'gradient_clip_val': 0.8704357609261978, 'hidden_size': 5, 'dropout': 0.16320381838699033, 'hidden_continuous_size': 5, 'attention_head_size': 1, 'learning_rate': 0.0240244675972842}. Best is trial 0 with value: 0.03929392620921135.
[I 2023-12-27 11:04:23,173] Trial 35 finished with value: 2.036315679550171 and parameters: {'gradient_clip_val': 0.3970602749560256, 'hidden_size': 10, 'dropout': 0.2849643108848034, 'hidden_continuous_size': 6, 'attention_head_size': 1, 'learning_rate': 0.014357383597459854}. Best is trial 0 with value: 0.03929392620921135.
[I 2023-12-27 11:04:23,606] Trial 36 finished with value: 1.902941346168518 and parameters: {'gradient_clip_val': 0.6559164004171011, 'hidden_size': 49, 'dropout': 0.21012597895526428, 'hidden_continuous_size': 22, 'attention_head_size': 2, 'learning_rate': 0.002034811733428451}. Best is trial 0 with value: 0.03929392620921135.
[I 2023-12-27 11:04:23,970] Trial 37 finished with value: 2.1522600650787354 and parameters: {'gradient_clip_val': 0.5680961285842355, 'hidden_size': 7, 'dropout': 0.26369951585970364, 'hidden_continuous_size': 5, 'attention_head_size': 1, 'learning_rate': 0.005292223726195282}. Best is trial 0 with value: 0.03929392620921135.
[I 2023-12-27 11:04:24,362] Trial 38 finished with value: 1.8894895315170288 and parameters: {'gradient_clip_val': 0.4781582505702187, 'hidden_size': 18, 'dropout': 0.17985255729760236, 'hidden_continuous_size': 8, 'attention_head_size': 4, 'learning_rate': 0.0005205460711604986}. Best is trial 0 with value: 0.03929392620921135.
[I 2023-12-27 11:04:25,001] Trial 39 finished with value: 1.8269189596176147 and parameters: {'gradient_clip_val': 0.7302651503880538, 'hidden_size': 26, 'dropout': 0.2427779016794566, 'hidden_continuous_size': 10, 'attention_head_size': 1, 'learning_rate': 0.01959606019677155}. Best is trial 0 with value: 0.03929392620921135.
[I 2023-12-27 11:04:25,385] Trial 40 finished with value: 1.3470879793167114 and parameters: {'gradient_clip_val': 0.41251968987017484, 'hidden_size': 14, 'dropout': 0.29708443255204275, 'hidden_continuous_size': 7, 'attention_head_size': 2, 'learning_rate': 0.017637956245203874}. Best is trial 0 with value: 0.03929392620921135.
[I 2023-12-27 11:04:25,764] Trial 41 finished with value: 2.2540743350982666 and parameters: {'gradient_clip_val': 0.42753137277205255, 'hidden_size': 13, 'dropout': 0.2924751289550577, 'hidden_continuous_size': 7, 'attention_head_size': 2, 'learning_rate': 0.016438395759800124}. Best is trial 0 with value: 0.03929392620921135.
[I 2023-12-27 11:04:26,133] Trial 42 finished with value: 1.683306336402893 and parameters: {'gradient_clip_val': 0.38981178385064563, 'hidden_size': 9, 'dropout': 0.26693709408820676, 'hidden_continuous_size': 6, 'attention_head_size': 1, 'learning_rate': 0.010763720453232213}. Best is trial 0 with value: 0.03929392620921135.
[I 2023-12-27 11:04:26,520] Trial 43 finished with value: 1.6458460092544556 and parameters: {'gradient_clip_val': 0.5142536244237592, 'hidden_size': 23, 'dropout': 0.3019959209802388, 'hidden_continuous_size': 8, 'attention_head_size': 3, 'learning_rate': 0.02547412296001502}. Best is trial 0 with value: 0.03929392620921135.
[I 2023-12-27 11:04:26,877] Trial 44 finished with value: 1.5834685564041138 and parameters: {'gradient_clip_val': 0.2998249831578333, 'hidden_size': 16, 'dropout': 0.2733821594631939, 'hidden_continuous_size': 7, 'attention_head_size': 1, 'learning_rate': 0.008950679109389612}. Best is trial 0 with value: 0.03929392620921135.
[I 2023-12-27 11:04:27,240] Trial 45 finished with value: 1.5535730123519897 and parameters: {'gradient_clip_val': 0.45819226992667283, 'hidden_size': 6, 'dropout': 0.12636087038134897, 'hidden_continuous_size': 5, 'attention_head_size': 2, 'learning_rate': 0.03766040749322296}. Best is trial 0 with value: 0.03929392620921135.
[I 2023-12-27 11:04:27,611] Trial 46 finished with value: 2.1115779876708984 and parameters: {'gradient_clip_val': 0.5730629913001049, 'hidden_size': 12, 'dropout': 0.15573754054068673, 'hidden_continuous_size': 6, 'attention_head_size': 1, 'learning_rate': 0.006329903900251708}. Best is trial 0 with value: 0.03929392620921135.
[I 2023-12-27 11:04:27,972] Trial 47 finished with value: 1.2954157590866089 and parameters: {'gradient_clip_val': 0.3331426351305041, 'hidden_size': 8, 'dropout': 0.1186231939909881, 'hidden_continuous_size': 6, 'attention_head_size': 2, 'learning_rate': 0.014450453454609137}. Best is trial 0 with value: 0.03929392620921135.
[I 2023-12-27 11:04:28,350] Trial 48 finished with value: 2.0936496257781982 and parameters: {'gradient_clip_val': 0.3492001158270409, 'hidden_size': 14, 'dropout': 0.11898871813682918, 'hidden_continuous_size': 7, 'attention_head_size': 2, 'learning_rate': 0.01815758210467683}. Best is trial 0 with value: 0.03929392620921135.
[I 2023-12-27 11:04:28,728] Trial 49 finished with value: 2.2030928134918213 and parameters: {'gradient_clip_val': 0.3282046463598783, 'hidden_size': 11, 'dropout': 0.10917800245354091, 'hidden_continuous_size': 6, 'attention_head_size': 3, 'learning_rate': 0.014312088243163799}. Best is trial 0 with value: 0.03929392620921135.
[I 2023-12-27 11:04:28,840] A new study created in memory with name: no-name-42e23fc7-53c2-44ec-a376-7a6f87a73495
/home/le004/conda/anaconda3/envs/tsff_env/lib/python3.9/site-packages/lightning/fabric/plugins/environments/slurm.py:191: The `srun` command is available on your system but is not used. HINT: If your intention is to run Lightning on SLURM, prepend your python command with `srun` like so: srun python /home/le004/master_thesis/git/TSFusionForecast/code/ ...
[I 2023-12-27 11:05:04,152] Trial 0 finished with value: 0.05607825145125389 and parameters: {'gradient_clip_val': 0.49581492293116275, 'hidden_size': 40, 'dropout': 0.374440624228085, 'hidden_continuous_size': 12, 'attention_head_size': 3, 'learning_rate': 0.025710188082100974}. Best is trial 0 with value: 0.05607825145125389.
[I 2023-12-27 11:05:22,095] Trial 1 finished with value: 0.3010892868041992 and parameters: {'gradient_clip_val': 0.3465024343447396, 'hidden_size': 129, 'dropout': 0.3927479517589936, 'hidden_continuous_size': 103, 'attention_head_size': 2, 'learning_rate': 0.0028284578240327903}. Best is trial 0 with value: 0.05607825145125389.
[I 2023-12-27 11:05:22,456] Trial 2 finished with value: 3.946686029434204 and parameters: {'gradient_clip_val': 0.5767790334708786, 'hidden_size': 38, 'dropout': 0.1573095651030391, 'hidden_continuous_size': 9, 'attention_head_size': 1, 'learning_rate': 0.0017566455184738119}. Best is trial 0 with value: 0.05607825145125389.
[I 2023-12-27 11:05:22,908] Trial 3 finished with value: 3.271015167236328 and parameters: {'gradient_clip_val': 0.22533111635485062, 'hidden_size': 93, 'dropout': 0.1555698225128199, 'hidden_continuous_size': 9, 'attention_head_size': 4, 'learning_rate': 0.0014094144852820393}. Best is trial 0 with value: 0.05607825145125389.
[I 2023-12-27 11:05:23,344] Trial 4 finished with value: 3.1343612670898438 and parameters: {'gradient_clip_val': 0.4185083079618284, 'hidden_size': 87, 'dropout': 0.20139953481430672, 'hidden_continuous_size': 7, 'attention_head_size': 4, 'learning_rate': 0.0005014524437391292}. Best is trial 0 with value: 0.05607825145125389.
[I 2023-12-27 11:05:23,731] Trial 5 finished with value: 3.9983158111572266 and parameters: {'gradient_clip_val': 0.2781665753376918, 'hidden_size': 57, 'dropout': 0.33832927213035147, 'hidden_continuous_size': 13, 'attention_head_size': 1, 'learning_rate': 0.09103587916884064}. Best is trial 0 with value: 0.05607825145125389.
[I 2023-12-27 11:05:24,076] Trial 6 finished with value: 2.4147789478302 and parameters: {'gradient_clip_val': 0.11378948129875537, 'hidden_size': 20, 'dropout': 0.40990264071286475, 'hidden_continuous_size': 10, 'attention_head_size': 2, 'learning_rate': 0.0005167823000616504}. Best is trial 0 with value: 0.05607825145125389.
[I 2023-12-27 11:05:24,452] Trial 7 finished with value: 3.777562379837036 and parameters: {'gradient_clip_val': 0.5939584851014338, 'hidden_size': 49, 'dropout': 0.344242773601909, 'hidden_continuous_size': 24, 'attention_head_size': 1, 'learning_rate': 0.04587040266128999}. Best is trial 0 with value: 0.05607825145125389.
[I 2023-12-27 11:05:24,761] Trial 8 finished with value: 4.463689804077148 and parameters: {'gradient_clip_val': 0.4707436779478079, 'hidden_size': 5, 'dropout': 0.19711270676613282, 'hidden_continuous_size': 5, 'attention_head_size': 3, 'learning_rate': 0.002201984357523692}. Best is trial 0 with value: 0.05607825145125389.
[I 2023-12-27 11:05:25,301] Trial 9 finished with value: 3.2773759365081787 and parameters: {'gradient_clip_val': 0.5510039957679697, 'hidden_size': 140, 'dropout': 0.3243151774542883, 'hidden_continuous_size': 46, 'attention_head_size': 2, 'learning_rate': 0.0024215342727727193}. Best is trial 0 with value: 0.05607825145125389.
[I 2023-12-27 11:05:25,677] Trial 10 finished with value: 3.4561827182769775 and parameters: {'gradient_clip_val': 0.9544974195818019, 'hidden_size': 19, 'dropout': 0.4702525829773456, 'hidden_continuous_size': 5, 'attention_head_size': 3, 'learning_rate': 0.01781259892565973}. Best is trial 0 with value: 0.05607825145125389.
[I 2023-12-27 11:05:26,329] Trial 11 finished with value: 3.4635965824127197 and parameters: {'gradient_clip_val': 0.3115045866704242, 'hidden_size': 148, 'dropout': 0.41532731682510265, 'hidden_continuous_size': 117, 'attention_head_size': 3, 'learning_rate': 0.008414351606383024}. Best is trial 0 with value: 0.05607825145125389.
[I 2023-12-27 11:05:26,939] Trial 12 finished with value: 4.1453118324279785 and parameters: {'gradient_clip_val': 0.2067231677404377, 'hidden_size': 28, 'dropout': 0.49690917680453967, 'hidden_continuous_size': 14, 'attention_head_size': 2, 'learning_rate': 0.014340346526164099}. Best is trial 0 with value: 0.05607825145125389.
[I 2023-12-27 11:05:27,387] Trial 13 finished with value: 4.061327934265137 and parameters: {'gradient_clip_val': 0.3872587567617544, 'hidden_size': 76, 'dropout': 0.26847527848177344, 'hidden_continuous_size': 23, 'attention_head_size': 3, 'learning_rate': 0.005154057897243101}. Best is trial 0 with value: 0.05607825145125389.
[I 2023-12-27 11:05:27,773] Trial 14 finished with value: 4.156040191650391 and parameters: {'gradient_clip_val': 0.8365572934478545, 'hidden_size': 35, 'dropout': 0.39874172581399464, 'hidden_continuous_size': 16, 'attention_head_size': 2, 'learning_rate': 0.02133440544861281}. Best is trial 0 with value: 0.05607825145125389.
[I 2023-12-27 11:05:28,210] Trial 15 finished with value: 2.329995632171631 and parameters: {'gradient_clip_val': 0.3591284305165063, 'hidden_size': 59, 'dropout': 0.2765503634139822, 'hidden_continuous_size': 22, 'attention_head_size': 4, 'learning_rate': 0.005566256436783236}. Best is trial 0 with value: 0.05607825145125389.
[I 2023-12-27 11:05:28,755] Trial 16 finished with value: 4.587462902069092 and parameters: {'gradient_clip_val': 0.723243357067168, 'hidden_size': 119, 'dropout': 0.39456618848992503, 'hidden_continuous_size': 81, 'attention_head_size': 2, 'learning_rate': 0.03510319411931169}. Best is trial 0 with value: 0.05607825145125389.
[I 2023-12-27 11:05:29,257] Trial 17 finished with value: 3.7150821685791016 and parameters: {'gradient_clip_val': 0.7035609501454418, 'hidden_size': 94, 'dropout': 0.10012736723831231, 'hidden_continuous_size': 35, 'attention_head_size': 3, 'learning_rate': 0.009762839280606993}. Best is trial 0 with value: 0.05607825145125389.
[I 2023-12-27 11:05:29,914] Trial 18 finished with value: 3.27679181098938 and parameters: {'gradient_clip_val': 0.4492513033250185, 'hidden_size': 149, 'dropout': 0.4447106577132542, 'hidden_continuous_size': 132, 'attention_head_size': 2, 'learning_rate': 0.0038553321170459983}. Best is trial 0 with value: 0.05607825145125389.
[I 2023-12-27 11:05:30,365] Trial 19 finished with value: 3.7679359912872314 and parameters: {'gradient_clip_val': 0.26291485013371274, 'hidden_size': 69, 'dropout': 0.37114567332943044, 'hidden_continuous_size': 32, 'attention_head_size': 3, 'learning_rate': 0.010858264618287875}. Best is trial 0 with value: 0.05607825145125389.
[I 2023-12-27 11:05:30,780] Trial 20 finished with value: 4.187313556671143 and parameters: {'gradient_clip_val': 0.3440834307912502, 'hidden_size': 47, 'dropout': 0.4432911113703264, 'hidden_continuous_size': 11, 'attention_head_size': 4, 'learning_rate': 0.03245573289533382}. Best is trial 0 with value: 0.05607825145125389.
[I 2023-12-27 11:05:31,216] Trial 21 finished with value: 3.670203447341919 and parameters: {'gradient_clip_val': 0.36156441125021826, 'hidden_size': 62, 'dropout': 0.28030863044965165, 'hidden_continuous_size': 17, 'attention_head_size': 4, 'learning_rate': 0.005845282163211135}. Best is trial 0 with value: 0.05607825145125389.
[I 2023-12-27 11:05:31,711] Trial 22 finished with value: 5.3960185050964355 and parameters: {'gradient_clip_val': 0.49825956126066223, 'hidden_size': 92, 'dropout': 0.30393841952252854, 'hidden_continuous_size': 52, 'attention_head_size': 4, 'learning_rate': 0.00367033718379396}. Best is trial 0 with value: 0.05607825145125389.
[I 2023-12-27 11:05:32,156] Trial 23 finished with value: 3.35003662109375 and parameters: {'gradient_clip_val': 0.39286826507302774, 'hidden_size': 63, 'dropout': 0.36263397758319044, 'hidden_continuous_size': 19, 'attention_head_size': 4, 'learning_rate': 0.006650350873611745}. Best is trial 0 with value: 0.05607825145125389.
[I 2023-12-27 11:05:32,665] Trial 24 finished with value: 4.115071773529053 and parameters: {'gradient_clip_val': 0.3042438906749287, 'hidden_size': 108, 'dropout': 0.30510247213392133, 'hidden_continuous_size': 24, 'attention_head_size': 3, 'learning_rate': 0.01122144069586282}. Best is trial 0 with value: 0.05607825145125389.
[I 2023-12-27 11:05:33,104] Trial 25 finished with value: 3.46146559715271 and parameters: {'gradient_clip_val': 0.46149812095611387, 'hidden_size': 76, 'dropout': 0.37314001105714556, 'hidden_continuous_size': 12, 'attention_head_size': 2, 'learning_rate': 0.004142397107095531}. Best is trial 0 with value: 0.05607825145125389.
[I 2023-12-27 11:05:33,739] Trial 26 finished with value: 3.3168933391571045 and parameters: {'gradient_clip_val': 0.36434116428460833, 'hidden_size': 42, 'dropout': 0.261838943793046, 'hidden_continuous_size': 14, 'attention_head_size': 3, 'learning_rate': 0.007628258897476785}. Best is trial 0 with value: 0.05607825145125389.
[I 2023-12-27 11:05:34,171] Trial 27 finished with value: 3.7901723384857178 and parameters: {'gradient_clip_val': 0.633013168871234, 'hidden_size': 54, 'dropout': 0.3288333560229475, 'hidden_continuous_size': 19, 'attention_head_size': 4, 'learning_rate': 0.019565755090354565}. Best is trial 0 with value: 0.05607825145125389.
[I 2023-12-27 11:05:34,700] Trial 28 finished with value: 3.078869581222534 and parameters: {'gradient_clip_val': 0.45352240585087233, 'hidden_size': 115, 'dropout': 0.36160033714270606, 'hidden_continuous_size': 29, 'attention_head_size': 1, 'learning_rate': 0.003240493102197909}. Best is trial 0 with value: 0.05607825145125389.
[I 2023-12-27 11:05:35,095] Trial 29 finished with value: 4.680820465087891 and parameters: {'gradient_clip_val': 0.5362990165992721, 'hidden_size': 36, 'dropout': 0.43580828220858525, 'hidden_continuous_size': 11, 'attention_head_size': 1, 'learning_rate': 0.0016320648241293307}. Best is trial 0 with value: 0.05607825145125389.
