[I 2023-12-15 14:42:29,645] Trial 37 finished with value: 4570.52197265625 and parameters: {'gradient_clip_val': 0.6351852403251692, 'hidden_size': 25, 'dropout': 0.17415762009169683, 'hidden_continuous_size': 11, 'attention_head_size': 2, 'learning_rate': 0.004876223000387859}. Best is trial 25 with value: 2099.166259765625.
LOCAL_RANK: 0 - CUDA_VISIBLE_DEVICES: [0]
[I 2023-12-15 14:43:16,697] Trial 38 finished with value: 4700.96044921875 and parameters: {'gradient_clip_val': 0.2559538992812172, 'hidden_size': 17, 'dropout': 0.14448868849658258, 'hidden_continuous_size': 10, 'attention_head_size': 3, 'learning_rate': 0.0026104578687531576}. Best is trial 25 with value: 2099.166259765625.
LOCAL_RANK: 0 - CUDA_VISIBLE_DEVICES: [0]
[I 2023-12-15 14:44:05,141] Trial 39 finished with value: 3348.806396484375 and parameters: {'gradient_clip_val': 0.7550243264101604, 'hidden_size': 23, 'dropout': 0.19907424685591013, 'hidden_continuous_size': 12, 'attention_head_size': 2, 'learning_rate': 0.0010346757730789174}. Best is trial 25 with value: 2099.166259765625.
LOCAL_RANK: 0 - CUDA_VISIBLE_DEVICES: [0]
[I 2023-12-15 14:44:53,985] Trial 40 finished with value: 4542.08349609375 and parameters: {'gradient_clip_val': 0.8945443541594047, 'hidden_size': 29, 'dropout': 0.121686695684257, 'hidden_continuous_size': 13, 'attention_head_size': 3, 'learning_rate': 0.0015368815139900592}. Best is trial 25 with value: 2099.166259765625.
LOCAL_RANK: 0 - CUDA_VISIBLE_DEVICES: [0]
[I 2023-12-15 14:45:44,937] Trial 41 finished with value: 2481.953369140625 and parameters: {'gradient_clip_val': 0.886822142473627, 'hidden_size': 36, 'dropout': 0.1545105952744164, 'hidden_continuous_size': 19, 'attention_head_size': 3, 'learning_rate': 0.0007885273370887738}. Best is trial 25 with value: 2099.166259765625.
LOCAL_RANK: 0 - CUDA_VISIBLE_DEVICES: [0]
[I 2023-12-15 14:46:36,838] Trial 42 finished with value: 3552.947265625 and parameters: {'gradient_clip_val': 0.7094911927083695, 'hidden_size': 44, 'dropout': 0.14267151262882147, 'hidden_continuous_size': 21, 'attention_head_size': 3, 'learning_rate': 0.0006632871549847224}. Best is trial 25 with value: 2099.166259765625.
LOCAL_RANK: 0 - CUDA_VISIBLE_DEVICES: [0]
[I 2023-12-15 14:47:28,565] Trial 43 finished with value: 2760.233154296875 and parameters: {'gradient_clip_val': 0.8736952777360671, 'hidden_size': 33, 'dropout': 0.15491052880204947, 'hidden_continuous_size': 20, 'attention_head_size': 3, 'learning_rate': 0.0010496008349095839}. Best is trial 25 with value: 2099.166259765625.
LOCAL_RANK: 0 - CUDA_VISIBLE_DEVICES: [0]
[I 2023-12-15 14:48:17,222] Trial 44 finished with value: 3023.114990234375 and parameters: {'gradient_clip_val': 0.9810182498730259, 'hidden_size': 22, 'dropout': 0.12365325705775249, 'hidden_continuous_size': 9, 'attention_head_size': 3, 'learning_rate': 0.0018485023933503455}. Best is trial 25 with value: 2099.166259765625.
LOCAL_RANK: 0 - CUDA_VISIBLE_DEVICES: [0]
[I 2023-12-15 14:49:06,342] Trial 45 finished with value: 3817.905517578125 and parameters: {'gradient_clip_val': 0.7866971959665789, 'hidden_size': 26, 'dropout': 0.1408983627610497, 'hidden_continuous_size': 10, 'attention_head_size': 3, 'learning_rate': 0.002286309931453584}. Best is trial 25 with value: 2099.166259765625.
LOCAL_RANK: 0 - CUDA_VISIBLE_DEVICES: [0]
[I 2023-12-15 14:49:58,013] Trial 46 finished with value: 3666.120361328125 and parameters: {'gradient_clip_val': 0.6439252452712605, 'hidden_size': 39, 'dropout': 0.1820539784427016, 'hidden_continuous_size': 15, 'attention_head_size': 2, 'learning_rate': 0.0007934811430960343}. Best is trial 25 with value: 2099.166259765625.
LOCAL_RANK: 0 - CUDA_VISIBLE_DEVICES: [0]
[I 2023-12-15 14:50:50,834] Trial 47 finished with value: 5895.95751953125 and parameters: {'gradient_clip_val': 0.8949342533730954, 'hidden_size': 50, 'dropout': 0.15468903430049416, 'hidden_continuous_size': 21, 'attention_head_size': 3, 'learning_rate': 0.0031460978867743484}. Best is trial 25 with value: 2099.166259765625.
LOCAL_RANK: 0 - CUDA_VISIBLE_DEVICES: [0]
[I 2023-12-15 14:51:39,735] Trial 48 finished with value: 3061.353759765625 and parameters: {'gradient_clip_val': 0.5946925021554083, 'hidden_size': 29, 'dropout': 0.19790059506749866, 'hidden_continuous_size': 13, 'attention_head_size': 2, 'learning_rate': 0.0015178063207314922}. Best is trial 25 with value: 2099.166259765625.
LOCAL_RANK: 0 - CUDA_VISIBLE_DEVICES: [0]
[I 2023-12-15 14:52:27,239] Trial 49 finished with value: 2703.6318359375 and parameters: {'gradient_clip_val': 0.755486430570999, 'hidden_size': 21, 'dropout': 0.17979561054335186, 'hidden_continuous_size': 5, 'attention_head_size': 3, 'learning_rate': 0.002214242779740911}. Best is trial 25 with value: 2099.166259765625.
[I 2023-12-15 14:52:27,334] A new study created in memory with name: no-name-0dc71a08-1c8c-4b7e-abce-5c64d82a4a02
/home/le004/conda/anaconda3/envs/tsff_env/lib/python3.9/site-packages/lightning/fabric/plugins/environments/slurm.py:191: The `srun` command is available on your system but is not used. HINT: If your intention is to run Lightning on SLURM, prepend your python command with `srun` like so: srun python /home/le004/master_thesis/git/TSFusionForecast/code/ ...
LOCAL_RANK: 0 - CUDA_VISIBLE_DEVICES: [0]
[I 2023-12-15 14:53:00,193] Trial 0 finished with value: 73.42363739013672 and parameters: {'gradient_clip_val': 0.49116527004656346, 'hidden_size': 5, 'dropout': 0.3343433889950004, 'hidden_continuous_size': 5, 'attention_head_size': 1, 'learning_rate': 0.003447965634772277}. Best is trial 0 with value: 73.42363739013672.
LOCAL_RANK: 0 - CUDA_VISIBLE_DEVICES: [0]
[I 2023-12-15 14:53:46,698] Trial 1 finished with value: 55.04094314575195 and parameters: {'gradient_clip_val': 0.31572754600415687, 'hidden_size': 15, 'dropout': 0.2608496526344015, 'hidden_continuous_size': 9, 'attention_head_size': 4, 'learning_rate': 0.0018999070385153827}. Best is trial 1 with value: 55.04094314575195.
LOCAL_RANK: 0 - CUDA_VISIBLE_DEVICES: [0]
[I 2023-12-15 14:54:34,369] Trial 2 finished with value: 64.44844818115234 and parameters: {'gradient_clip_val': 0.2039357349514189, 'hidden_size': 18, 'dropout': 0.1135984271492064, 'hidden_continuous_size': 10, 'attention_head_size': 4, 'learning_rate': 0.008588640063041207}. Best is trial 1 with value: 55.04094314575195.
LOCAL_RANK: 0 - CUDA_VISIBLE_DEVICES: [0]
[I 2023-12-15 14:55:19,856] Trial 3 finished with value: 84.65814208984375 and parameters: {'gradient_clip_val': 0.7957863177976531, 'hidden_size': 10, 'dropout': 0.27687241770926163, 'hidden_continuous_size': 9, 'attention_head_size': 2, 'learning_rate': 0.0011866777773914066}. Best is trial 1 with value: 55.04094314575195.
LOCAL_RANK: 0 - CUDA_VISIBLE_DEVICES: [0]
[I 2023-12-15 14:56:08,103] Trial 4 finished with value: 61.632083892822266 and parameters: {'gradient_clip_val': 0.6894364156944159, 'hidden_size': 26, 'dropout': 0.19206284311766042, 'hidden_continuous_size': 9, 'attention_head_size': 1, 'learning_rate': 0.001186481168796652}. Best is trial 1 with value: 55.04094314575195.
LOCAL_RANK: 0 - CUDA_VISIBLE_DEVICES: [0]
[I 2023-12-15 14:56:41,542] Trial 5 finished with value: 163.59129333496094 and parameters: {'gradient_clip_val': 0.22947968771110586, 'hidden_size': 6, 'dropout': 0.17747767401558578, 'hidden_continuous_size': 6, 'attention_head_size': 1, 'learning_rate': 0.0006186236877765688}. Best is trial 1 with value: 55.04094314575195.
LOCAL_RANK: 0 - CUDA_VISIBLE_DEVICES: [0]
[I 2023-12-15 14:57:32,130] Trial 6 finished with value: 63.08857727050781 and parameters: {'gradient_clip_val': 0.9201467804289009, 'hidden_size': 48, 'dropout': 0.35468198789517336, 'hidden_continuous_size': 6, 'attention_head_size': 3, 'learning_rate': 0.004521212707887243}. Best is trial 1 with value: 55.04094314575195.
LOCAL_RANK: 0 - CUDA_VISIBLE_DEVICES: [0]
[I 2023-12-15 14:58:05,502] Trial 7 finished with value: 143.33265686035156 and parameters: {'gradient_clip_val': 0.7914040452060719, 'hidden_size': 5, 'dropout': 0.2996515298836366, 'hidden_continuous_size': 5, 'attention_head_size': 2, 'learning_rate': 0.0008390473531800478}. Best is trial 1 with value: 55.04094314575195.
LOCAL_RANK: 0 - CUDA_VISIBLE_DEVICES: [0]
[I 2023-12-15 14:58:50,029] Trial 8 finished with value: 109.79529571533203 and parameters: {'gradient_clip_val': 0.6684134458757038, 'hidden_size': 12, 'dropout': 0.16085208469486303, 'hidden_continuous_size': 8, 'attention_head_size': 4, 'learning_rate': 0.0005748601176882058}. Best is trial 1 with value: 55.04094314575195.
LOCAL_RANK: 0 - CUDA_VISIBLE_DEVICES: [0]
[I 2023-12-15 14:59:34,311] Trial 9 finished with value: 144.4770965576172 and parameters: {'gradient_clip_val': 0.19717112221857408, 'hidden_size': 9, 'dropout': 0.1515128124562513, 'hidden_continuous_size': 6, 'attention_head_size': 1, 'learning_rate': 0.0006467253873022993}. Best is trial 1 with value: 55.04094314575195.
LOCAL_RANK: 0 - CUDA_VISIBLE_DEVICES: [0]
[I 2023-12-15 15:00:30,532] Trial 10 finished with value: 108.9542236328125 and parameters: {'gradient_clip_val': 0.10198683595676038, 'hidden_size': 98, 'dropout': 0.21900311172490006, 'hidden_continuous_size': 37, 'attention_head_size': 3, 'learning_rate': 0.033561344516041924}. Best is trial 1 with value: 55.04094314575195.
LOCAL_RANK: 0 - CUDA_VISIBLE_DEVICES: [0]
[I 2023-12-15 15:01:19,562] Trial 11 finished with value: 52.30559158325195 and parameters: {'gradient_clip_val': 0.4180721344009811, 'hidden_size': 27, 'dropout': 0.2343187731997894, 'hidden_continuous_size': 13, 'attention_head_size': 3, 'learning_rate': 0.0020500088677467294}. Best is trial 11 with value: 52.30559158325195.
LOCAL_RANK: 0 - CUDA_VISIBLE_DEVICES: [0]
[I 2023-12-15 15:02:08,977] Trial 12 finished with value: 54.12285232543945 and parameters: {'gradient_clip_val': 0.39662891391548194, 'hidden_size': 25, 'dropout': 0.24941687074550303, 'hidden_continuous_size': 14, 'attention_head_size': 4, 'learning_rate': 0.003096781894324972}. Best is trial 11 with value: 52.30559158325195.
LOCAL_RANK: 0 - CUDA_VISIBLE_DEVICES: [0]
[I 2023-12-15 15:02:56,934] Trial 13 finished with value: 69.97212219238281 and parameters: {'gradient_clip_val': 0.4291186624401309, 'hidden_size': 28, 'dropout': 0.23817548693379, 'hidden_continuous_size': 14, 'attention_head_size': 3, 'learning_rate': 0.01023438076097612}. Best is trial 11 with value: 52.30559158325195.
LOCAL_RANK: 0 - CUDA_VISIBLE_DEVICES: [0]
[I 2023-12-15 15:03:48,589] Trial 14 finished with value: 63.204219818115234 and parameters: {'gradient_clip_val': 0.44258876208300424, 'hidden_size': 35, 'dropout': 0.22512180103499332, 'hidden_continuous_size': 15, 'attention_head_size': 4, 'learning_rate': 0.002397972820259917}. Best is trial 11 with value: 52.30559158325195.
LOCAL_RANK: 0 - CUDA_VISIBLE_DEVICES: [0]
[I 2023-12-15 15:04:35,816] Trial 15 finished with value: 46.947872161865234 and parameters: {'gradient_clip_val': 0.33068451799874066, 'hidden_size': 20, 'dropout': 0.3872569756185141, 'hidden_continuous_size': 13, 'attention_head_size': 3, 'learning_rate': 0.005871384461859129}. Best is trial 15 with value: 46.947872161865234.
LOCAL_RANK: 0 - CUDA_VISIBLE_DEVICES: [0]
[I 2023-12-15 15:05:23,128] Trial 16 finished with value: 117.22628021240234 and parameters: {'gradient_clip_val': 0.289754298857462, 'hidden_size': 18, 'dropout': 0.39669268866997187, 'hidden_continuous_size': 11, 'attention_head_size': 2, 'learning_rate': 0.016440724912687065}. Best is trial 15 with value: 46.947872161865234.
LOCAL_RANK: 0 - CUDA_VISIBLE_DEVICES: [0]
[I 2023-12-15 15:06:16,051] Trial 17 finished with value: 112.67549896240234 and parameters: {'gradient_clip_val': 0.5431536805089356, 'hidden_size': 47, 'dropout': 0.30196294971728466, 'hidden_continuous_size': 20, 'attention_head_size': 3, 'learning_rate': 0.08478125666535175}. Best is trial 15 with value: 46.947872161865234.
LOCAL_RANK: 0 - CUDA_VISIBLE_DEVICES: [0]
[I 2023-12-15 15:07:01,463] Trial 18 finished with value: 51.538665771484375 and parameters: {'gradient_clip_val': 0.3561933050150302, 'hidden_size': 14, 'dropout': 0.39159518752960365, 'hidden_continuous_size': 7, 'attention_head_size': 3, 'learning_rate': 0.0053426996583798535}. Best is trial 15 with value: 46.947872161865234.
LOCAL_RANK: 0 - CUDA_VISIBLE_DEVICES: [0]
[I 2023-12-15 15:07:46,445] Trial 19 finished with value: 71.92047882080078 and parameters: {'gradient_clip_val': 0.3202953507902877, 'hidden_size': 14, 'dropout': 0.39997829337836843, 'hidden_continuous_size': 7, 'attention_head_size': 2, 'learning_rate': 0.005106889791873938}. Best is trial 15 with value: 46.947872161865234.
LOCAL_RANK: 0 - CUDA_VISIBLE_DEVICES: [0]
[I 2023-12-15 15:08:30,386] Trial 20 finished with value: 56.69758987426758 and parameters: {'gradient_clip_val': 0.5657112580233242, 'hidden_size': 8, 'dropout': 0.3639686431363668, 'hidden_continuous_size': 5, 'attention_head_size': 3, 'learning_rate': 0.005966671151325362}. Best is trial 15 with value: 46.947872161865234.
LOCAL_RANK: 0 - CUDA_VISIBLE_DEVICES: [0]
[I 2023-12-15 15:09:18,791] Trial 21 finished with value: 58.84072494506836 and parameters: {'gradient_clip_val': 0.3599954010490508, 'hidden_size': 19, 'dropout': 0.32945577174455487, 'hidden_continuous_size': 11, 'attention_head_size': 3, 'learning_rate': 0.0020547563475101604}. Best is trial 15 with value: 46.947872161865234.
LOCAL_RANK: 0 - CUDA_VISIBLE_DEVICES: [0]
[I 2023-12-15 15:10:03,135] Trial 22 finished with value: 58.8687858581543 and parameters: {'gradient_clip_val': 0.2619658768404004, 'hidden_size': 12, 'dropout': 0.3787727540500326, 'hidden_continuous_size': 7, 'attention_head_size': 3, 'learning_rate': 0.003790344365407601}. Best is trial 15 with value: 46.947872161865234.
LOCAL_RANK: 0 - CUDA_VISIBLE_DEVICES: [0]
[I 2023-12-15 15:10:51,854] Trial 23 finished with value: 49.576080322265625 and parameters: {'gradient_clip_val': 0.3868259107741207, 'hidden_size': 22, 'dropout': 0.3483954502415021, 'hidden_continuous_size': 12, 'attention_head_size': 3, 'learning_rate': 0.00712791425674372}. Best is trial 15 with value: 46.947872161865234.
LOCAL_RANK: 0 - CUDA_VISIBLE_DEVICES: [0]
[I 2023-12-15 15:11:37,117] Trial 24 finished with value: 62.284393310546875 and parameters: {'gradient_clip_val': 0.33745621189292463, 'hidden_size': 15, 'dropout': 0.3701684555519926, 'hidden_continuous_size': 8, 'attention_head_size': 2, 'learning_rate': 0.008340768933661124}. Best is trial 15 with value: 46.947872161865234.
LOCAL_RANK: 0 - CUDA_VISIBLE_DEVICES: [0]
[I 2023-12-15 15:12:23,967] Trial 25 finished with value: 88.0948257446289 and parameters: {'gradient_clip_val': 0.3732972422109035, 'hidden_size': 20, 'dropout': 0.34021668700080493, 'hidden_continuous_size': 10, 'attention_head_size': 3, 'learning_rate': 0.016865451746009633}. Best is trial 15 with value: 46.947872161865234.
LOCAL_RANK: 0 - CUDA_VISIBLE_DEVICES: [0]
[I 2023-12-15 15:13:09,180] Trial 26 finished with value: 49.55226516723633 and parameters: {'gradient_clip_val': 0.24812650725684707, 'hidden_size': 11, 'dropout': 0.38133727531255823, 'hidden_continuous_size': 7, 'attention_head_size': 2, 'learning_rate': 0.006039140186078843}. Best is trial 15 with value: 46.947872161865234.
LOCAL_RANK: 0 - CUDA_VISIBLE_DEVICES: [0]
[I 2023-12-15 15:13:53,636] Trial 27 finished with value: 58.38875198364258 and parameters: {'gradient_clip_val': 0.27098420244468785, 'hidden_size': 7, 'dropout': 0.35638294235703405, 'hidden_continuous_size': 5, 'attention_head_size': 2, 'learning_rate': 0.006963306091399437}. Best is trial 15 with value: 46.947872161865234.
LOCAL_RANK: 0 - CUDA_VISIBLE_DEVICES: [0]
[I 2023-12-15 15:14:38,548] Trial 28 finished with value: 53.043548583984375 and parameters: {'gradient_clip_val': 0.2405378636390565, 'hidden_size': 9, 'dropout': 0.3781487905573809, 'hidden_continuous_size': 6, 'attention_head_size': 2, 'learning_rate': 0.012084033747712691}. Best is trial 15 with value: 46.947872161865234.
LOCAL_RANK: 0 - CUDA_VISIBLE_DEVICES: [0]
[I 2023-12-15 15:15:23,358] Trial 29 finished with value: 54.734066009521484 and parameters: {'gradient_clip_val': 0.5156583186156608, 'hidden_size': 10, 'dropout': 0.33141727797537174, 'hidden_continuous_size': 5, 'attention_head_size': 2, 'learning_rate': 0.0035068620849696224}. Best is trial 15 with value: 46.947872161865234.
LOCAL_RANK: 0 - CUDA_VISIBLE_DEVICES: [0]
[I 2023-12-15 15:16:11,224] Trial 30 finished with value: 42.18046951293945 and parameters: {'gradient_clip_val': 0.4694264158634912, 'hidden_size': 22, 'dropout': 0.31526681555950387, 'hidden_continuous_size': 12, 'attention_head_size': 1, 'learning_rate': 0.006778847086607348}. Best is trial 30 with value: 42.18046951293945.
LOCAL_RANK: 0 - CUDA_VISIBLE_DEVICES: [0]
[I 2023-12-15 15:16:59,052] Trial 31 finished with value: 51.9588737487793 and parameters: {'gradient_clip_val': 0.5060763298990567, 'hidden_size': 22, 'dropout': 0.3452565986866729, 'hidden_continuous_size': 12, 'attention_head_size': 1, 'learning_rate': 0.006431314562718084}. Best is trial 30 with value: 42.18046951293945.
LOCAL_RANK: 0 - CUDA_VISIBLE_DEVICES: [0]
[I 2023-12-15 15:17:46,010] Trial 32 finished with value: 51.2688102722168 and parameters: {'gradient_clip_val': 0.46400584674438006, 'hidden_size': 18, 'dropout': 0.3194580783750381, 'hidden_continuous_size': 12, 'attention_head_size': 1, 'learning_rate': 0.004495766738396704}. Best is trial 30 with value: 42.18046951293945.
LOCAL_RANK: 0 - CUDA_VISIBLE_DEVICES: [0]
[I 2023-12-15 15:18:30,651] Trial 33 finished with value: 65.11211395263672 and parameters: {'gradient_clip_val': 0.3179100304988688, 'hidden_size': 16, 'dropout': 0.37538051415256385, 'hidden_continuous_size': 10, 'attention_head_size': 1, 'learning_rate': 0.002784785216824975}. Best is trial 30 with value: 42.18046951293945.
LOCAL_RANK: 0 - CUDA_VISIBLE_DEVICES: [0]
[I 2023-12-15 15:19:16,312] Trial 34 finished with value: 70.78418731689453 and parameters: {'gradient_clip_val': 0.4037228096259628, 'hidden_size': 13, 'dropout': 0.3540164244642655, 'hidden_continuous_size': 7, 'attention_head_size': 4, 'learning_rate': 0.008110398927748636}. Best is trial 30 with value: 42.18046951293945.
LOCAL_RANK: 0 - CUDA_VISIBLE_DEVICES: [0]
[I 2023-12-15 15:20:05,085] Trial 35 finished with value: 55.737857818603516 and parameters: {'gradient_clip_val': 0.30103871360580803, 'hidden_size': 23, 'dropout': 0.3141327469103016, 'hidden_continuous_size': 11, 'attention_head_size': 2, 'learning_rate': 0.0041065088419771235}. Best is trial 30 with value: 42.18046951293945.
LOCAL_RANK: 0 - CUDA_VISIBLE_DEVICES: [0]
[I 2023-12-15 15:20:51,211] Trial 36 finished with value: 63.502288818359375 and parameters: {'gradient_clip_val': 0.6071374372765652, 'hidden_size': 17, 'dropout': 0.34553243720799054, 'hidden_continuous_size': 10, 'attention_head_size': 1, 'learning_rate': 0.010703289782400734}. Best is trial 30 with value: 42.18046951293945.
LOCAL_RANK: 0 - CUDA_VISIBLE_DEVICES: [0]
[I 2023-12-15 15:21:35,457] Trial 37 finished with value: 64.83100128173828 and parameters: {'gradient_clip_val': 0.47716000448931983, 'hidden_size': 12, 'dropout': 0.36833149430816375, 'hidden_continuous_size': 8, 'attention_head_size': 3, 'learning_rate': 0.001439637567761776}. Best is trial 30 with value: 42.18046951293945.
LOCAL_RANK: 0 - CUDA_VISIBLE_DEVICES: [0]
[I 2023-12-15 15:22:23,761] Trial 38 finished with value: 59.063777923583984 and parameters: {'gradient_clip_val': 0.3694010368153578, 'hidden_size': 21, 'dropout': 0.3823732254940722, 'hidden_continuous_size': 9, 'attention_head_size': 2, 'learning_rate': 0.0036420695124688273}. Best is trial 30 with value: 42.18046951293945.
LOCAL_RANK: 0 - CUDA_VISIBLE_DEVICES: [0]
[I 2023-12-15 15:23:12,728] Trial 39 finished with value: 65.76895141601562 and parameters: {'gradient_clip_val': 0.20419828510553747, 'hidden_size': 31, 'dropout': 0.286157794642507, 'hidden_continuous_size': 16, 'attention_head_size': 1, 'learning_rate': 0.005985452102519005}. Best is trial 30 with value: 42.18046951293945.
LOCAL_RANK: 0 - CUDA_VISIBLE_DEVICES: [0]
[I 2023-12-15 15:23:58,776] Trial 40 finished with value: 52.438968658447266 and parameters: {'gradient_clip_val': 0.5953551107145476, 'hidden_size': 16, 'dropout': 0.3591609998660316, 'hidden_continuous_size': 12, 'attention_head_size': 4, 'learning_rate': 0.002625794012410433}. Best is trial 30 with value: 42.18046951293945.
LOCAL_RANK: 0 - CUDA_VISIBLE_DEVICES: [0]
[I 2023-12-15 15:24:45,548] Trial 41 finished with value: 69.1795883178711 and parameters: {'gradient_clip_val': 0.4741421283808378, 'hidden_size': 20, 'dropout': 0.32455042353800917, 'hidden_continuous_size': 13, 'attention_head_size': 1, 'learning_rate': 0.004104024553724271}. Best is trial 30 with value: 42.18046951293945.
LOCAL_RANK: 0 - CUDA_VISIBLE_DEVICES: [0]
[I 2023-12-15 15:25:32,773] Trial 42 finished with value: 68.04950714111328 and parameters: {'gradient_clip_val': 0.4603273534494153, 'hidden_size': 18, 'dropout': 0.3154325292896397, 'hidden_continuous_size': 12, 'attention_head_size': 1, 'learning_rate': 0.004466352434861503}. Best is trial 30 with value: 42.18046951293945.
LOCAL_RANK: 0 - CUDA_VISIBLE_DEVICES: [0]
[I 2023-12-15 15:26:20,617] Trial 43 finished with value: 53.43992233276367 and parameters: {'gradient_clip_val': 0.41006887897849903, 'hidden_size': 23, 'dropout': 0.2690464369194796, 'hidden_continuous_size': 9, 'attention_head_size': 1, 'learning_rate': 0.006676371763666941}. Best is trial 30 with value: 42.18046951293945.
LOCAL_RANK: 0 - CUDA_VISIBLE_DEVICES: [0]
[I 2023-12-15 15:27:05,281] Trial 44 finished with value: 56.50812911987305 and parameters: {'gradient_clip_val': 0.33480485720665604, 'hidden_size': 11, 'dropout': 0.33520184174336914, 'hidden_continuous_size': 6, 'attention_head_size': 1, 'learning_rate': 0.00504505522483019}. Best is trial 30 with value: 42.18046951293945.
LOCAL_RANK: 0 - CUDA_VISIBLE_DEVICES: [0]
