[I 2023-12-16 07:12:40,578] Trial 31 finished with value: 119.31512451171875 and parameters: {'gradient_clip_val': 0.1492218758710499, 'hidden_size': 11, 'dropout': 0.28061934187975834, 'hidden_continuous_size': 8, 'attention_head_size': 4, 'learning_rate': 0.053603478693043626}. Best is trial 29 with value: 56.9784049987793.
LOCAL_RANK: 0 - CUDA_VISIBLE_DEVICES: [0]
[I 2023-12-16 07:13:26,657] Trial 32 finished with value: 159.0080108642578 and parameters: {'gradient_clip_val': 0.1306957138064479, 'hidden_size': 9, 'dropout': 0.2503559860181345, 'hidden_continuous_size': 6, 'attention_head_size': 4, 'learning_rate': 0.044051401236236104}. Best is trial 29 with value: 56.9784049987793.
LOCAL_RANK: 0 - CUDA_VISIBLE_DEVICES: [0]
[I 2023-12-16 07:14:13,558] Trial 33 finished with value: 114.57828521728516 and parameters: {'gradient_clip_val': 0.10097473973848209, 'hidden_size': 15, 'dropout': 0.21908104509776433, 'hidden_continuous_size': 8, 'attention_head_size': 4, 'learning_rate': 0.02842510495798288}. Best is trial 29 with value: 56.9784049987793.
LOCAL_RANK: 0 - CUDA_VISIBLE_DEVICES: [0]
[I 2023-12-16 07:14:50,312] Trial 34 finished with value: 106.55777740478516 and parameters: {'gradient_clip_val': 0.8301062231165238, 'hidden_size': 5, 'dropout': 0.2423999498316084, 'hidden_continuous_size': 5, 'attention_head_size': 4, 'learning_rate': 0.08977342949997169}. Best is trial 29 with value: 56.9784049987793.
LOCAL_RANK: 0 - CUDA_VISIBLE_DEVICES: [0]
[I 2023-12-16 07:15:34,861] Trial 35 finished with value: 86.14093017578125 and parameters: {'gradient_clip_val': 0.6606845003089757, 'hidden_size': 8, 'dropout': 0.27072176503149636, 'hidden_continuous_size': 6, 'attention_head_size': 3, 'learning_rate': 0.05279681629855808}. Best is trial 29 with value: 56.9784049987793.
LOCAL_RANK: 0 - CUDA_VISIBLE_DEVICES: [0]
[I 2023-12-16 07:16:19,451] Trial 36 finished with value: 374.40087890625 and parameters: {'gradient_clip_val': 0.6185827265255949, 'hidden_size': 8, 'dropout': 0.26759183823952226, 'hidden_continuous_size': 6, 'attention_head_size': 3, 'learning_rate': 0.06377637792964116}. Best is trial 29 with value: 56.9784049987793.
LOCAL_RANK: 0 - CUDA_VISIBLE_DEVICES: [0]
[I 2023-12-16 07:17:04,679] Trial 37 finished with value: 104.3566665649414 and parameters: {'gradient_clip_val': 0.8478231795161482, 'hidden_size': 7, 'dropout': 0.29338034754173065, 'hidden_continuous_size': 5, 'attention_head_size': 2, 'learning_rate': 0.05264941831709156}. Best is trial 29 with value: 56.9784049987793.
LOCAL_RANK: 0 - CUDA_VISIBLE_DEVICES: [0]
[I 2023-12-16 07:17:50,912] Trial 38 finished with value: 118.57711029052734 and parameters: {'gradient_clip_val': 0.6415017942815915, 'hidden_size': 13, 'dropout': 0.2578191214591045, 'hidden_continuous_size': 7, 'attention_head_size': 3, 'learning_rate': 0.03227862845432153}. Best is trial 29 with value: 56.9784049987793.
LOCAL_RANK: 0 - CUDA_VISIBLE_DEVICES: [0]
[I 2023-12-16 07:18:36,029] Trial 39 finished with value: 94.50634765625 and parameters: {'gradient_clip_val': 0.5319182395090021, 'hidden_size': 6, 'dropout': 0.27358781465556864, 'hidden_continuous_size': 5, 'attention_head_size': 2, 'learning_rate': 0.0049062353872560424}. Best is trial 29 with value: 56.9784049987793.
LOCAL_RANK: 0 - CUDA_VISIBLE_DEVICES: [0]
[I 2023-12-16 07:19:21,016] Trial 40 finished with value: 97.99251556396484 and parameters: {'gradient_clip_val': 0.6798022435370952, 'hidden_size': 9, 'dropout': 0.3097902727090964, 'hidden_continuous_size': 6, 'attention_head_size': 1, 'learning_rate': 0.020167180214687958}. Best is trial 29 with value: 56.9784049987793.
LOCAL_RANK: 0 - CUDA_VISIBLE_DEVICES: [0]
[I 2023-12-16 07:20:07,053] Trial 41 finished with value: 71.57929229736328 and parameters: {'gradient_clip_val': 0.8273546884791784, 'hidden_size': 12, 'dropout': 0.2215747663235331, 'hidden_continuous_size': 7, 'attention_head_size': 4, 'learning_rate': 0.042890967210004745}. Best is trial 29 with value: 56.9784049987793.
LOCAL_RANK: 0 - CUDA_VISIBLE_DEVICES: [0]
[I 2023-12-16 07:20:53,955] Trial 42 finished with value: 119.61731719970703 and parameters: {'gradient_clip_val': 0.8042623782780502, 'hidden_size': 13, 'dropout': 0.22263120149014967, 'hidden_continuous_size': 9, 'attention_head_size': 4, 'learning_rate': 0.03169794703159391}. Best is trial 29 with value: 56.9784049987793.
LOCAL_RANK: 0 - CUDA_VISIBLE_DEVICES: [0]
[I 2023-12-16 07:21:39,619] Trial 43 finished with value: 276.6161193847656 and parameters: {'gradient_clip_val': 0.890717112057314, 'hidden_size': 16, 'dropout': 0.2085218577929608, 'hidden_continuous_size': 7, 'attention_head_size': 4, 'learning_rate': 0.04166810923087173}. Best is trial 29 with value: 56.9784049987793.
LOCAL_RANK: 0 - CUDA_VISIBLE_DEVICES: [0]
[I 2023-12-16 07:22:24,747] Trial 44 finished with value: 138.20252990722656 and parameters: {'gradient_clip_val': 0.787097664283081, 'hidden_size': 12, 'dropout': 0.23530814002120784, 'hidden_continuous_size': 8, 'attention_head_size': 3, 'learning_rate': 0.06138898260469928}. Best is trial 29 with value: 56.9784049987793.
LOCAL_RANK: 0 - CUDA_VISIBLE_DEVICES: [0]
[I 2023-12-16 07:23:11,223] Trial 45 finished with value: 233.74481201171875 and parameters: {'gradient_clip_val': 0.6888424590262855, 'hidden_size': 10, 'dropout': 0.19395890693165327, 'hidden_continuous_size': 7, 'attention_head_size': 4, 'learning_rate': 0.0423112277160214}. Best is trial 29 with value: 56.9784049987793.
LOCAL_RANK: 0 - CUDA_VISIBLE_DEVICES: [0]
[I 2023-12-16 07:23:55,422] Trial 46 finished with value: 93.1633071899414 and parameters: {'gradient_clip_val': 0.8886329127898593, 'hidden_size': 8, 'dropout': 0.17857539709164205, 'hidden_continuous_size': 6, 'attention_head_size': 1, 'learning_rate': 0.08067150848177958}. Best is trial 29 with value: 56.9784049987793.
LOCAL_RANK: 0 - CUDA_VISIBLE_DEVICES: [0]
[I 2023-12-16 07:24:48,077] Trial 47 finished with value: 117.09537506103516 and parameters: {'gradient_clip_val': 0.9885173636073291, 'hidden_size': 50, 'dropout': 0.2526009214844803, 'hidden_continuous_size': 13, 'attention_head_size': 2, 'learning_rate': 0.07339743329895665}. Best is trial 29 with value: 56.9784049987793.
LOCAL_RANK: 0 - CUDA_VISIBLE_DEVICES: [0]
[I 2023-12-16 07:25:38,650] Trial 48 finished with value: 123.32647705078125 and parameters: {'gradient_clip_val': 0.5823314811990894, 'hidden_size': 34, 'dropout': 0.2668021499977975, 'hidden_continuous_size': 11, 'attention_head_size': 4, 'learning_rate': 0.0510767966495553}. Best is trial 29 with value: 56.9784049987793.
LOCAL_RANK: 0 - CUDA_VISIBLE_DEVICES: [0]
[I 2023-12-16 07:26:26,916] Trial 49 finished with value: 131.53575134277344 and parameters: {'gradient_clip_val': 0.7348013306626937, 'hidden_size': 24, 'dropout': 0.22851685104978917, 'hidden_continuous_size': 9, 'attention_head_size': 3, 'learning_rate': 0.03679412279907149}. Best is trial 29 with value: 56.9784049987793.
[I 2023-12-16 07:26:27,008] A new study created in memory with name: no-name-37b3dfe2-1783-4b80-9864-efcda7ed8c68
/home/le004/conda/anaconda3/envs/tsff_env/lib/python3.9/site-packages/lightning/fabric/plugins/environments/slurm.py:191: The `srun` command is available on your system but is not used. HINT: If your intention is to run Lightning on SLURM, prepend your python command with `srun` like so: srun python /home/le004/master_thesis/git/TSFusionForecast/code/ ...
LOCAL_RANK: 0 - CUDA_VISIBLE_DEVICES: [0]
[I 2023-12-16 07:27:19,469] Trial 0 finished with value: 160.56739807128906 and parameters: {'gradient_clip_val': 0.5255242501014356, 'hidden_size': 68, 'dropout': 0.3976980046841212, 'hidden_continuous_size': 7, 'attention_head_size': 4, 'learning_rate': 0.0024116369150073863}. Best is trial 0 with value: 160.56739807128906.
LOCAL_RANK: 0 - CUDA_VISIBLE_DEVICES: [0]
[I 2023-12-16 07:28:12,727] Trial 1 finished with value: 183.80418395996094 and parameters: {'gradient_clip_val': 0.8020014473980012, 'hidden_size': 69, 'dropout': 0.297095080527356, 'hidden_continuous_size': 8, 'attention_head_size': 3, 'learning_rate': 0.003802163287246384}. Best is trial 0 with value: 160.56739807128906.
LOCAL_RANK: 0 - CUDA_VISIBLE_DEVICES: [0]
[I 2023-12-16 07:28:49,359] Trial 2 finished with value: 627.7675170898438 and parameters: {'gradient_clip_val': 0.13327404508442695, 'hidden_size': 5, 'dropout': 0.16843208478252075, 'hidden_continuous_size': 5, 'attention_head_size': 3, 'learning_rate': 0.05370658341618483}. Best is trial 0 with value: 160.56739807128906.
LOCAL_RANK: 0 - CUDA_VISIBLE_DEVICES: [0]
[I 2023-12-16 07:29:38,240] Trial 3 finished with value: 157.6312713623047 and parameters: {'gradient_clip_val': 0.1364744328811107, 'hidden_size': 31, 'dropout': 0.1881359367767254, 'hidden_continuous_size': 5, 'attention_head_size': 3, 'learning_rate': 0.022171177160684584}. Best is trial 3 with value: 157.6312713623047.
LOCAL_RANK: 0 - CUDA_VISIBLE_DEVICES: [0]
[I 2023-12-16 07:30:32,308] Trial 4 finished with value: 273.3531494140625 and parameters: {'gradient_clip_val': 0.1589525981342689, 'hidden_size': 82, 'dropout': 0.10993647116563676, 'hidden_continuous_size': 26, 'attention_head_size': 1, 'learning_rate': 0.015726927147083597}. Best is trial 3 with value: 157.6312713623047.
LOCAL_RANK: 0 - CUDA_VISIBLE_DEVICES: [0]
[I 2023-12-16 07:31:17,161] Trial 5 finished with value: 294.6365051269531 and parameters: {'gradient_clip_val': 0.3641832148492382, 'hidden_size': 7, 'dropout': 0.30928844121754745, 'hidden_continuous_size': 5, 'attention_head_size': 1, 'learning_rate': 0.00424262168709734}. Best is trial 3 with value: 157.6312713623047.
LOCAL_RANK: 0 - CUDA_VISIBLE_DEVICES: [0]
[I 2023-12-16 07:32:02,721] Trial 6 finished with value: 317.8251037597656 and parameters: {'gradient_clip_val': 0.33566825615472295, 'hidden_size': 9, 'dropout': 0.3286834994601887, 'hidden_continuous_size': 7, 'attention_head_size': 2, 'learning_rate': 0.03542394957304741}. Best is trial 3 with value: 157.6312713623047.
LOCAL_RANK: 0 - CUDA_VISIBLE_DEVICES: [0]
[I 2023-12-16 07:32:38,442] Trial 7 finished with value: 154.34278869628906 and parameters: {'gradient_clip_val': 0.9311269784741493, 'hidden_size': 5, 'dropout': 0.2901232641798963, 'hidden_continuous_size': 5, 'attention_head_size': 2, 'learning_rate': 0.017825670440464958}. Best is trial 7 with value: 154.34278869628906.
LOCAL_RANK: 0 - CUDA_VISIBLE_DEVICES: [0]
[I 2023-12-16 07:33:26,128] Trial 8 finished with value: 227.20233154296875 and parameters: {'gradient_clip_val': 0.7864193338195159, 'hidden_size': 20, 'dropout': 0.2000725269893438, 'hidden_continuous_size': 13, 'attention_head_size': 1, 'learning_rate': 0.003771440723789492}. Best is trial 7 with value: 154.34278869628906.
LOCAL_RANK: 0 - CUDA_VISIBLE_DEVICES: [0]
[I 2023-12-16 07:34:14,190] Trial 9 finished with value: 178.59800720214844 and parameters: {'gradient_clip_val': 0.7064829890268723, 'hidden_size': 19, 'dropout': 0.23250230187112844, 'hidden_continuous_size': 6, 'attention_head_size': 3, 'learning_rate': 0.0011921060017408734}. Best is trial 7 with value: 154.34278869628906.
LOCAL_RANK: 0 - CUDA_VISIBLE_DEVICES: [0]
[I 2023-12-16 07:34:50,244] Trial 10 finished with value: 196.1038360595703 and parameters: {'gradient_clip_val': 0.9343502064904997, 'hidden_size': 5, 'dropout': 0.2744466510644369, 'hidden_continuous_size': 5, 'attention_head_size': 2, 'learning_rate': 0.08981724178966746}. Best is trial 7 with value: 154.34278869628906.
LOCAL_RANK: 0 - CUDA_VISIBLE_DEVICES: [0]
[I 2023-12-16 07:35:40,398] Trial 11 finished with value: 294.6199645996094 and parameters: {'gradient_clip_val': 0.20279424555465214, 'hidden_size': 34, 'dropout': 0.23467027895610065, 'hidden_continuous_size': 9, 'attention_head_size': 4, 'learning_rate': 0.013957552075139464}. Best is trial 7 with value: 154.34278869628906.
LOCAL_RANK: 0 - CUDA_VISIBLE_DEVICES: [0]
[I 2023-12-16 07:36:25,938] Trial 12 finished with value: 672.2803344726562 and parameters: {'gradient_clip_val': 0.1012628731806977, 'hidden_size': 11, 'dropout': 0.16194361125279239, 'hidden_continuous_size': 5, 'attention_head_size': 2, 'learning_rate': 0.015055224284354374}. Best is trial 7 with value: 154.34278869628906.
LOCAL_RANK: 0 - CUDA_VISIBLE_DEVICES: [0]
[I 2023-12-16 07:37:15,557] Trial 13 finished with value: 385.196044921875 and parameters: {'gradient_clip_val': 0.242991467249298, 'hidden_size': 31, 'dropout': 0.21437106571580197, 'hidden_continuous_size': 10, 'attention_head_size': 3, 'learning_rate': 0.028540890872520815}. Best is trial 7 with value: 154.34278869628906.
LOCAL_RANK: 0 - CUDA_VISIBLE_DEVICES: [0]
[I 2023-12-16 07:38:00,424] Trial 14 finished with value: 291.4187927246094 and parameters: {'gradient_clip_val': 0.4708645540589009, 'hidden_size': 12, 'dropout': 0.2616359423950211, 'hidden_continuous_size': 6, 'attention_head_size': 2, 'learning_rate': 0.007830035469057436}. Best is trial 7 with value: 154.34278869628906.
LOCAL_RANK: 0 - CUDA_VISIBLE_DEVICES: [0]
[I 2023-12-16 07:38:47,025] Trial 15 finished with value: 398.1259460449219 and parameters: {'gradient_clip_val': 0.25877301284803345, 'hidden_size': 15, 'dropout': 0.3377127878797091, 'hidden_continuous_size': 6, 'attention_head_size': 4, 'learning_rate': 0.0005792829337719886}. Best is trial 7 with value: 154.34278869628906.
LOCAL_RANK: 0 - CUDA_VISIBLE_DEVICES: [0]
[I 2023-12-16 07:39:36,459] Trial 16 finished with value: 486.73193359375 and parameters: {'gradient_clip_val': 0.5285224941610493, 'hidden_size': 29, 'dropout': 0.2696685916150919, 'hidden_continuous_size': 12, 'attention_head_size': 3, 'learning_rate': 0.027330828240795572}. Best is trial 7 with value: 154.34278869628906.
LOCAL_RANK: 0 - CUDA_VISIBLE_DEVICES: [0]
[I 2023-12-16 07:40:21,313] Trial 17 finished with value: 377.5350646972656 and parameters: {'gradient_clip_val': 0.18492266835036333, 'hidden_size': 7, 'dropout': 0.1915644308427969, 'hidden_continuous_size': 5, 'attention_head_size': 2, 'learning_rate': 0.008339012126074706}. Best is trial 7 with value: 154.34278869628906.
LOCAL_RANK: 0 - CUDA_VISIBLE_DEVICES: [0]
[I 2023-12-16 07:41:14,346] Trial 18 finished with value: 336.7930908203125 and parameters: {'gradient_clip_val': 0.2629893606245052, 'hidden_size': 43, 'dropout': 0.1303406238658174, 'hidden_continuous_size': 17, 'attention_head_size': 3, 'learning_rate': 0.08802542508622171}. Best is trial 7 with value: 154.34278869628906.
LOCAL_RANK: 0 - CUDA_VISIBLE_DEVICES: [0]
[I 2023-12-16 07:42:02,215] Trial 19 finished with value: 245.3196563720703 and parameters: {'gradient_clip_val': 0.40588841947105514, 'hidden_size': 24, 'dropout': 0.24592318517562334, 'hidden_continuous_size': 8, 'attention_head_size': 2, 'learning_rate': 0.02165948390206761}. Best is trial 7 with value: 154.34278869628906.
LOCAL_RANK: 0 - CUDA_VISIBLE_DEVICES: [0]
[I 2023-12-16 07:42:47,584] Trial 20 finished with value: 226.8936004638672 and parameters: {'gradient_clip_val': 0.9818377892923877, 'hidden_size': 15, 'dropout': 0.16249936713613625, 'hidden_continuous_size': 6, 'attention_head_size': 1, 'learning_rate': 0.0460223938527044}. Best is trial 7 with value: 154.34278869628906.
LOCAL_RANK: 0 - CUDA_VISIBLE_DEVICES: [0]
[I 2023-12-16 07:43:39,613] Trial 21 finished with value: 184.35833740234375 and parameters: {'gradient_clip_val': 0.6081259850157796, 'hidden_size': 52, 'dropout': 0.3952031428147516, 'hidden_continuous_size': 7, 'attention_head_size': 4, 'learning_rate': 0.0021746616815354826}. Best is trial 7 with value: 154.34278869628906.
LOCAL_RANK: 0 - CUDA_VISIBLE_DEVICES: [0]
[I 2023-12-16 07:44:32,693] Trial 22 finished with value: 200.7415313720703 and parameters: {'gradient_clip_val': 0.594907699393207, 'hidden_size': 56, 'dropout': 0.3996270012327296, 'hidden_continuous_size': 10, 'attention_head_size': 4, 'learning_rate': 0.009530492588396531}. Best is trial 7 with value: 154.34278869628906.
LOCAL_RANK: 0 - CUDA_VISIBLE_DEVICES: [0]
[I 2023-12-16 07:45:30,364] Trial 23 finished with value: 264.32391357421875 and parameters: {'gradient_clip_val': 0.4962955393520804, 'hidden_size': 81, 'dropout': 0.368343748423166, 'hidden_continuous_size': 67, 'attention_head_size': 4, 'learning_rate': 0.00589798828758303}. Best is trial 7 with value: 154.34278869628906.
LOCAL_RANK: 0 - CUDA_VISIBLE_DEVICES: [0]
[I 2023-12-16 07:46:22,416] Trial 24 finished with value: 295.42608642578125 and parameters: {'gradient_clip_val': 0.41019281003441377, 'hidden_size': 46, 'dropout': 0.3637167495494953, 'hidden_continuous_size': 7, 'attention_head_size': 4, 'learning_rate': 0.011856353260130712}. Best is trial 7 with value: 154.34278869628906.
LOCAL_RANK: 0 - CUDA_VISIBLE_DEVICES: [0]
[I 2023-12-16 07:47:16,697] Trial 25 finished with value: 190.84466552734375 and parameters: {'gradient_clip_val': 0.29824695141385077, 'hidden_size': 91, 'dropout': 0.29976933296852365, 'hidden_continuous_size': 11, 'attention_head_size': 3, 'learning_rate': 0.01968526618277864}. Best is trial 7 with value: 154.34278869628906.
LOCAL_RANK: 0 - CUDA_VISIBLE_DEVICES: [0]
[I 2023-12-16 07:48:06,545] Trial 26 finished with value: 1042.2330322265625 and parameters: {'gradient_clip_val': 0.6834309342054892, 'hidden_size': 41, 'dropout': 0.35315705066579883, 'hidden_continuous_size': 6, 'attention_head_size': 2, 'learning_rate': 0.010709901166202376}. Best is trial 7 with value: 154.34278869628906.
LOCAL_RANK: 0 - CUDA_VISIBLE_DEVICES: [0]
[I 2023-12-16 07:48:55,601] Trial 27 finished with value: 242.9827880859375 and parameters: {'gradient_clip_val': 0.4306519940153012, 'hidden_size': 25, 'dropout': 0.2802494267274357, 'hidden_continuous_size': 5, 'attention_head_size': 3, 'learning_rate': 0.00619397945948187}. Best is trial 7 with value: 154.34278869628906.
LOCAL_RANK: 0 - CUDA_VISIBLE_DEVICES: [0]
[I 2023-12-16 07:49:46,221] Trial 28 finished with value: 331.9219055175781 and parameters: {'gradient_clip_val': 0.35649667597039125, 'hidden_size': 33, 'dropout': 0.320498260160054, 'hidden_continuous_size': 7, 'attention_head_size': 4, 'learning_rate': 0.017356221769819824}. Best is trial 7 with value: 154.34278869628906.
LOCAL_RANK: 0 - CUDA_VISIBLE_DEVICES: [0]
[I 2023-12-16 07:50:38,740] Trial 29 finished with value: 245.4762420654297 and parameters: {'gradient_clip_val': 0.855153214884207, 'hidden_size': 65, 'dropout': 0.2880498978665094, 'hidden_continuous_size': 9, 'attention_head_size': 3, 'learning_rate': 0.002584176606645558}. Best is trial 7 with value: 154.34278869628906.
LOCAL_RANK: 0 - CUDA_VISIBLE_DEVICES: [0]
[I 2023-12-16 07:51:31,979] Trial 30 finished with value: 224.3712921142578 and parameters: {'gradient_clip_val': 0.7586295676430423, 'hidden_size': 57, 'dropout': 0.30247968248257723, 'hidden_continuous_size': 8, 'attention_head_size': 3, 'learning_rate': 0.024228586860999192}. Best is trial 7 with value: 154.34278869628906.
LOCAL_RANK: 0 - CUDA_VISIBLE_DEVICES: [0]
[I 2023-12-16 07:52:19,305] Trial 31 finished with value: 172.1334686279297 and parameters: {'gradient_clip_val': 0.679631285809382, 'hidden_size': 19, 'dropout': 0.23677193414756778, 'hidden_continuous_size': 6, 'attention_head_size': 3, 'learning_rate': 0.00126325875820682}. Best is trial 7 with value: 154.34278869628906.
LOCAL_RANK: 0 - CUDA_VISIBLE_DEVICES: [0]
[I 2023-12-16 07:53:14,429] Trial 32 finished with value: 230.8806915283203 and parameters: {'gradient_clip_val': 0.6203125543854354, 'hidden_size': 97, 'dropout': 0.25265304962393714, 'hidden_continuous_size': 8, 'attention_head_size': 3, 'learning_rate': 0.0013591103439092272}. Best is trial 7 with value: 154.34278869628906.
LOCAL_RANK: 0 - CUDA_VISIBLE_DEVICES: [0]
[I 2023-12-16 07:54:03,522] Trial 33 finished with value: 141.35546875 and parameters: {'gradient_clip_val': 0.9057702400508614, 'hidden_size': 38, 'dropout': 0.2161644684260848, 'hidden_continuous_size': 5, 'attention_head_size': 2, 'learning_rate': 0.04298352714491738}. Best is trial 33 with value: 141.35546875.
LOCAL_RANK: 0 - CUDA_VISIBLE_DEVICES: [0]
[I 2023-12-16 07:54:54,283] Trial 34 finished with value: 228.393310546875 and parameters: {'gradient_clip_val': 0.8597996857597116, 'hidden_size': 72, 'dropout': 0.20909498777209307, 'hidden_continuous_size': 5, 'attention_head_size': 2, 'learning_rate': 0.04081145805559026}. Best is trial 33 with value: 141.35546875.
LOCAL_RANK: 0 - CUDA_VISIBLE_DEVICES: [0]
[I 2023-12-16 07:55:43,497] Trial 35 finished with value: 347.7204284667969 and parameters: {'gradient_clip_val': 0.9548588442720132, 'hidden_size': 41, 'dropout': 0.18263609344739157, 'hidden_continuous_size': 5, 'attention_head_size': 1, 'learning_rate': 0.05424097826189089}. Best is trial 33 with value: 141.35546875.
LOCAL_RANK: 0 - CUDA_VISIBLE_DEVICES: [0]
[I 2023-12-16 07:56:32,580] Trial 36 finished with value: 547.2393188476562 and parameters: {'gradient_clip_val': 0.8182977202333853, 'hidden_size': 35, 'dropout': 0.21851153346536067, 'hidden_continuous_size': 5, 'attention_head_size': 2, 'learning_rate': 0.03112718258995732}. Best is trial 33 with value: 141.35546875.
LOCAL_RANK: 0 - CUDA_VISIBLE_DEVICES: [0]
[I 2023-12-16 07:57:20,717] Trial 37 finished with value: 513.3845825195312 and parameters: {'gradient_clip_val': 0.5468194646552854, 'hidden_size': 26, 'dropout': 0.25964167081221406, 'hidden_continuous_size': 6, 'attention_head_size': 1, 'learning_rate': 0.017359807641489144}. Best is trial 33 with value: 141.35546875.
LOCAL_RANK: 0 - CUDA_VISIBLE_DEVICES: [0]
[I 2023-12-16 07:58:12,146] Trial 38 finished with value: 195.96575927734375 and parameters: {'gradient_clip_val': 0.7326402100247291, 'hidden_size': 68, 'dropout': 0.31474209652962104, 'hidden_continuous_size': 7, 'attention_head_size': 2, 'learning_rate': 0.06325782254447725}. Best is trial 33 with value: 141.35546875.
LOCAL_RANK: 0 - CUDA_VISIBLE_DEVICES: [0]
