[I 2023-12-26 14:54:34,669] Trial 33 finished with value: 3687.604248046875 and parameters: {'gradient_clip_val': 0.21264198995153705, 'hidden_size': 49, 'dropout': 0.27070697422985307, 'hidden_continuous_size': 19, 'attention_head_size': 1, 'learning_rate': 0.004259055797705797}. Best is trial 0 with value: 293.6153564453125.
[I 2023-12-26 14:54:38,111] Trial 34 finished with value: 3811.086669921875 and parameters: {'gradient_clip_val': 0.1254389380576712, 'hidden_size': 31, 'dropout': 0.11935992994007653, 'hidden_continuous_size': 15, 'attention_head_size': 1, 'learning_rate': 0.007875736880003042}. Best is trial 0 with value: 293.6153564453125.
[I 2023-12-26 14:54:44,034] Trial 35 finished with value: 3200.388671875 and parameters: {'gradient_clip_val': 0.10164520016773815, 'hidden_size': 67, 'dropout': 0.11638773792822876, 'hidden_continuous_size': 21, 'attention_head_size': 3, 'learning_rate': 0.003592849316291216}. Best is trial 0 with value: 293.6153564453125.
[I 2023-12-26 14:54:50,225] Trial 36 finished with value: 3197.19921875 and parameters: {'gradient_clip_val': 0.4285074598951442, 'hidden_size': 72, 'dropout': 0.20737862460012782, 'hidden_continuous_size': 23, 'attention_head_size': 2, 'learning_rate': 0.007390151158468402}. Best is trial 0 with value: 293.6153564453125.
[I 2023-12-26 14:54:53,789] Trial 37 finished with value: 3739.378173828125 and parameters: {'gradient_clip_val': 0.8888493039164004, 'hidden_size': 37, 'dropout': 0.10054646262020972, 'hidden_continuous_size': 13, 'attention_head_size': 3, 'learning_rate': 0.013095213440811992}. Best is trial 0 with value: 293.6153564453125.
[I 2023-12-26 14:55:02,077] Trial 38 finished with value: 3208.646728515625 and parameters: {'gradient_clip_val': 0.6491892927843833, 'hidden_size': 101, 'dropout': 0.40514630436839266, 'hidden_continuous_size': 9, 'attention_head_size': 1, 'learning_rate': 0.03813219166343154}. Best is trial 0 with value: 293.6153564453125.
[I 2023-12-26 14:55:05,879] Trial 39 finished with value: 4306.5693359375 and parameters: {'gradient_clip_val': 0.7029640804888029, 'hidden_size': 38, 'dropout': 0.3013551991845672, 'hidden_continuous_size': 7, 'attention_head_size': 3, 'learning_rate': 0.0034694717578828286}. Best is trial 0 with value: 293.6153564453125.
[I 2023-12-26 14:55:09,050] Trial 40 finished with value: 3506.62109375 and parameters: {'gradient_clip_val': 0.5680789505475284, 'hidden_size': 27, 'dropout': 0.2377471156571892, 'hidden_continuous_size': 12, 'attention_head_size': 4, 'learning_rate': 0.02550248992771645}. Best is trial 0 with value: 293.6153564453125.
[I 2023-12-26 14:55:18,715] Trial 41 finished with value: 3987.827392578125 and parameters: {'gradient_clip_val': 0.16662234240551357, 'hidden_size': 118, 'dropout': 0.4619749222026326, 'hidden_continuous_size': 32, 'attention_head_size': 1, 'learning_rate': 0.0009419158570866125}. Best is trial 0 with value: 293.6153564453125.
[I 2023-12-26 14:55:30,562] Trial 42 finished with value: 5092.47412109375 and parameters: {'gradient_clip_val': 0.13738272442172117, 'hidden_size': 133, 'dropout': 0.4105329384283237, 'hidden_continuous_size': 94, 'attention_head_size': 1, 'learning_rate': 0.0016894920146374687}. Best is trial 0 with value: 293.6153564453125.
[I 2023-12-26 14:55:39,072] Trial 43 finished with value: 2950.382568359375 and parameters: {'gradient_clip_val': 0.24185488349041, 'hidden_size': 101, 'dropout': 0.3258856767946172, 'hidden_continuous_size': 37, 'attention_head_size': 1, 'learning_rate': 0.0005048520821975977}. Best is trial 0 with value: 293.6153564453125.
[I 2023-12-26 14:55:46,640] Trial 44 finished with value: 3291.854736328125 and parameters: {'gradient_clip_val': 0.2440758728701103, 'hidden_size': 84, 'dropout': 0.3169163598720901, 'hidden_continuous_size': 28, 'attention_head_size': 1, 'learning_rate': 0.0025117582867347416}. Best is trial 0 with value: 293.6153564453125.
[I 2023-12-26 14:55:52,493] Trial 45 finished with value: 2261.272216796875 and parameters: {'gradient_clip_val': 0.2195955341293391, 'hidden_size': 63, 'dropout': 0.35553154871261394, 'hidden_continuous_size': 17, 'attention_head_size': 1, 'learning_rate': 0.006321124174232113}. Best is trial 0 with value: 293.6153564453125.
[I 2023-12-26 14:55:57,996] Trial 46 finished with value: 3083.328857421875 and parameters: {'gradient_clip_val': 0.3249695421644536, 'hidden_size': 63, 'dropout': 0.3517427311833846, 'hidden_continuous_size': 16, 'attention_head_size': 2, 'learning_rate': 0.009413035296578895}. Best is trial 0 with value: 293.6153564453125.
[I 2023-12-26 14:56:01,966] Trial 47 finished with value: 4148.12548828125 and parameters: {'gradient_clip_val': 0.7572870441316338, 'hidden_size': 42, 'dropout': 0.15868088443019354, 'hidden_continuous_size': 15, 'attention_head_size': 2, 'learning_rate': 0.00552122820097292}. Best is trial 0 with value: 293.6153564453125.
[I 2023-12-26 14:56:05,758] Trial 48 finished with value: 4503.43701171875 and parameters: {'gradient_clip_val': 0.1967485180232093, 'hidden_size': 50, 'dropout': 0.27751403885699744, 'hidden_continuous_size': 10, 'attention_head_size': 1, 'learning_rate': 0.011666122530818994}. Best is trial 0 with value: 293.6153564453125.
[I 2023-12-26 14:56:09,692] Trial 49 finished with value: 4084.108154296875 and parameters: {'gradient_clip_val': 0.8974581070969276, 'hidden_size': 62, 'dropout': 0.1871380125641287, 'hidden_continuous_size': 18, 'attention_head_size': 1, 'learning_rate': 0.007404078443012611}. Best is trial 0 with value: 293.6153564453125.
[I 2023-12-26 14:56:09,817] A new study created in memory with name: no-name-d5ac6aad-16a0-4fc0-b9c4-ac77777a9e9a
/home/le004/conda/anaconda3/envs/tsff_env/lib/python3.9/site-packages/lightning/fabric/plugins/environments/slurm.py:191: The `srun` command is available on your system but is not used. HINT: If your intention is to run Lightning on SLURM, prepend your python command with `srun` like so: srun python /home/le004/master_thesis/git/TSFusionForecast/code/ ...
[I 2023-12-26 15:00:25,357] Trial 0 finished with value: 25343.654296875 and parameters: {'gradient_clip_val': 0.20944201541964005, 'hidden_size': 29, 'dropout': 0.2921506771676422, 'hidden_continuous_size': 12, 'attention_head_size': 2, 'learning_rate': 0.0008025898619636036}. Best is trial 0 with value: 25343.654296875.
[I 2023-12-26 15:00:27,399] Trial 1 finished with value: 96894.53125 and parameters: {'gradient_clip_val': 0.40481572105822494, 'hidden_size': 17, 'dropout': 0.4969251702695566, 'hidden_continuous_size': 5, 'attention_head_size': 2, 'learning_rate': 0.009829706376793243}. Best is trial 0 with value: 25343.654296875.
[I 2023-12-26 15:00:29,841] Trial 2 finished with value: 85780.640625 and parameters: {'gradient_clip_val': 0.8054504847447933, 'hidden_size': 30, 'dropout': 0.14984682406492666, 'hidden_continuous_size': 9, 'attention_head_size': 3, 'learning_rate': 0.007747364014791312}. Best is trial 0 with value: 25343.654296875.
[I 2023-12-26 15:00:32,186] Trial 3 finished with value: 98061.6640625 and parameters: {'gradient_clip_val': 0.410520545313019, 'hidden_size': 28, 'dropout': 0.3137279993200829, 'hidden_continuous_size': 10, 'attention_head_size': 1, 'learning_rate': 0.0069411435055745764}. Best is trial 0 with value: 25343.654296875.
[I 2023-12-26 15:00:34,578] Trial 4 finished with value: 111300.5390625 and parameters: {'gradient_clip_val': 0.519629533166691, 'hidden_size': 25, 'dropout': 0.33737972618388934, 'hidden_continuous_size': 20, 'attention_head_size': 4, 'learning_rate': 0.012050466618800493}. Best is trial 0 with value: 25343.654296875.
[I 2023-12-26 15:00:36,595] Trial 5 finished with value: 93553.6640625 and parameters: {'gradient_clip_val': 0.4639173805882062, 'hidden_size': 14, 'dropout': 0.3261402658076232, 'hidden_continuous_size': 7, 'attention_head_size': 1, 'learning_rate': 0.047019869630702066}. Best is trial 0 with value: 25343.654296875.
[I 2023-12-26 15:00:45,222] Trial 6 finished with value: 109130.9765625 and parameters: {'gradient_clip_val': 0.2194443472650682, 'hidden_size': 146, 'dropout': 0.4174489470727113, 'hidden_continuous_size': 8, 'attention_head_size': 4, 'learning_rate': 0.008689385418775205}. Best is trial 0 with value: 25343.654296875.
[I 2023-12-26 15:00:47,804] Trial 7 finished with value: 115867.5859375 and parameters: {'gradient_clip_val': 0.27795518603517066, 'hidden_size': 37, 'dropout': 0.2071572430814527, 'hidden_continuous_size': 8, 'attention_head_size': 4, 'learning_rate': 0.008009033412702298}. Best is trial 0 with value: 25343.654296875.
[I 2023-12-26 15:00:49,656] Trial 8 finished with value: 97634.0703125 and parameters: {'gradient_clip_val': 0.8615532877508263, 'hidden_size': 9, 'dropout': 0.3591003454962417, 'hidden_continuous_size': 9, 'attention_head_size': 2, 'learning_rate': 0.0021219711624671867}. Best is trial 0 with value: 25343.654296875.
[I 2023-12-26 15:00:51,718] Trial 9 finished with value: 87161.8828125 and parameters: {'gradient_clip_val': 0.14244443133907314, 'hidden_size': 24, 'dropout': 0.496075384421225, 'hidden_continuous_size': 24, 'attention_head_size': 2, 'learning_rate': 0.004141415345086579}. Best is trial 0 with value: 25343.654296875.
[I 2023-12-26 15:00:53,675] Trial 10 finished with value: 68561.8046875 and parameters: {'gradient_clip_val': 0.10121859053568316, 'hidden_size': 5, 'dropout': 0.24091356963368143, 'hidden_continuous_size': 5, 'attention_head_size': 3, 'learning_rate': 0.0005487483167991507}. Best is trial 0 with value: 25343.654296875.
[I 2023-12-26 15:00:55,411] Trial 11 finished with value: 83786.3828125 and parameters: {'gradient_clip_val': 0.10009097394721725, 'hidden_size': 5, 'dropout': 0.23417173792425586, 'hidden_continuous_size': 5, 'attention_head_size': 3, 'learning_rate': 0.0005094794833211891}. Best is trial 0 with value: 25343.654296875.
[I 2023-12-26 15:00:57,147] Trial 12 finished with value: 89904.6015625 and parameters: {'gradient_clip_val': 0.17259060220099942, 'hidden_size': 5, 'dropout': 0.24742454973582936, 'hidden_continuous_size': 5, 'attention_head_size': 3, 'learning_rate': 0.0005605590401925659}. Best is trial 0 with value: 25343.654296875.
[I 2023-12-26 15:01:00,531] Trial 13 finished with value: 89083.34375 and parameters: {'gradient_clip_val': 0.10434739358584473, 'hidden_size': 54, 'dropout': 0.10047595632572376, 'hidden_continuous_size': 37, 'attention_head_size': 2, 'learning_rate': 0.0011088403261643265}. Best is trial 0 with value: 25343.654296875.
[I 2023-12-26 15:01:02,510] Trial 14 finished with value: 117145.84375 and parameters: {'gradient_clip_val': 0.15451742106671673, 'hidden_size': 9, 'dropout': 0.27183836849684206, 'hidden_continuous_size': 6, 'attention_head_size': 3, 'learning_rate': 0.00118487093071303}. Best is trial 0 with value: 25343.654296875.
[I 2023-12-26 15:01:05,665] Trial 15 finished with value: 107979.3515625 and parameters: {'gradient_clip_val': 0.22929058494910684, 'hidden_size': 53, 'dropout': 0.19937858248929655, 'hidden_continuous_size': 14, 'attention_head_size': 1, 'learning_rate': 0.0009679212784820709}. Best is trial 0 with value: 25343.654296875.
[I 2023-12-26 15:01:07,617] Trial 16 finished with value: 110239.2421875 and parameters: {'gradient_clip_val': 0.13373666526356012, 'hidden_size': 9, 'dropout': 0.2773786880403807, 'hidden_continuous_size': 6, 'attention_head_size': 2, 'learning_rate': 0.002192212168601932}. Best is trial 0 with value: 25343.654296875.
[I 2023-12-26 15:01:09,745] Trial 17 finished with value: 84725.8828125 and parameters: {'gradient_clip_val': 0.1947459533551055, 'hidden_size': 15, 'dropout': 0.28812530009095333, 'hidden_continuous_size': 6, 'attention_head_size': 3, 'learning_rate': 0.0008426142345862296}. Best is trial 0 with value: 25343.654296875.
[I 2023-12-26 15:01:11,477] Trial 18 finished with value: 111789.8515625 and parameters: {'gradient_clip_val': 0.29331052765478227, 'hidden_size': 5, 'dropout': 0.17992660215056183, 'hidden_continuous_size': 5, 'attention_head_size': 2, 'learning_rate': 0.000606554229371918}. Best is trial 0 with value: 25343.654296875.
[I 2023-12-26 15:01:13,413] Trial 19 finished with value: 119557.7578125 and parameters: {'gradient_clip_val': 0.12453271605854938, 'hidden_size': 7, 'dropout': 0.24285399454013185, 'hidden_continuous_size': 5, 'attention_head_size': 3, 'learning_rate': 0.0017074343902483968}. Best is trial 0 with value: 25343.654296875.
[I 2023-12-26 15:01:15,468] Trial 20 finished with value: 91631.3984375 and parameters: {'gradient_clip_val': 0.17227002561855237, 'hidden_size': 12, 'dropout': 0.37011458568328076, 'hidden_continuous_size': 7, 'attention_head_size': 4, 'learning_rate': 0.0033783287051949}. Best is trial 0 with value: 25343.654296875.
[I 2023-12-26 15:01:17,220] Trial 21 finished with value: 80211.5078125 and parameters: {'gradient_clip_val': 0.1086934084701595, 'hidden_size': 5, 'dropout': 0.23263592456885013, 'hidden_continuous_size': 5, 'attention_head_size': 3, 'learning_rate': 0.0005122053063472658}. Best is trial 0 with value: 25343.654296875.
[I 2023-12-26 15:01:19,390] Trial 22 finished with value: 86839.546875 and parameters: {'gradient_clip_val': 0.11499275914871587, 'hidden_size': 7, 'dropout': 0.2598952458777011, 'hidden_continuous_size': 5, 'attention_head_size': 3, 'learning_rate': 0.0005137804215419481}. Best is trial 0 with value: 25343.654296875.
[I 2023-12-26 15:01:21,279] Trial 23 finished with value: 92908.5703125 and parameters: {'gradient_clip_val': 0.13185990393744007, 'hidden_size': 7, 'dropout': 0.23253233254087974, 'hidden_continuous_size': 5, 'attention_head_size': 3, 'learning_rate': 0.00087841615136158}. Best is trial 0 with value: 25343.654296875.
[I 2023-12-26 15:01:23,381] Trial 24 finished with value: 94171.0859375 and parameters: {'gradient_clip_val': 0.10351895284237728, 'hidden_size': 19, 'dropout': 0.3048247178630972, 'hidden_continuous_size': 6, 'attention_head_size': 2, 'learning_rate': 0.0014089601955125518}. Best is trial 0 with value: 25343.654296875.
[I 2023-12-26 15:01:25,421] Trial 25 finished with value: 100033.5625 and parameters: {'gradient_clip_val': 0.1547274985524228, 'hidden_size': 12, 'dropout': 0.28362598815116463, 'hidden_continuous_size': 6, 'attention_head_size': 3, 'learning_rate': 0.0007548729228053371}. Best is trial 0 with value: 25343.654296875.
[I 2023-12-26 15:01:27,179] Trial 26 finished with value: 76270.9140625 and parameters: {'gradient_clip_val': 0.12128637905724762, 'hidden_size': 5, 'dropout': 0.2079344895738769, 'hidden_continuous_size': 5, 'attention_head_size': 4, 'learning_rate': 0.0007814114440320801}. Best is trial 0 with value: 25343.654296875.
[I 2023-12-26 15:01:29,404] Trial 27 finished with value: 96310.2578125 and parameters: {'gradient_clip_val': 0.12330042486470724, 'hidden_size': 20, 'dropout': 0.20223259320212478, 'hidden_continuous_size': 12, 'attention_head_size': 4, 'learning_rate': 0.0013689907368846788}. Best is trial 0 with value: 25343.654296875.
[I 2023-12-26 15:01:31,314] Trial 28 finished with value: 112222.2421875 and parameters: {'gradient_clip_val': 0.1709810576544652, 'hidden_size': 6, 'dropout': 0.16148758818815062, 'hidden_continuous_size': 5, 'attention_head_size': 4, 'learning_rate': 0.0008233122638619534}. Best is trial 0 with value: 25343.654296875.
[I 2023-12-26 15:01:33,324] Trial 29 finished with value: 85959.421875 and parameters: {'gradient_clip_val': 0.14582633629904151, 'hidden_size': 11, 'dropout': 0.26540543768539876, 'hidden_continuous_size': 6, 'attention_head_size': 2, 'learning_rate': 0.001730852478802968}. Best is trial 0 with value: 25343.654296875.
[I 2023-12-26 15:01:35,443] Trial 30 finished with value: 98509.0 and parameters: {'gradient_clip_val': 0.12322393621224857, 'hidden_size': 17, 'dropout': 0.29987554757733137, 'hidden_continuous_size': 7, 'attention_head_size': 4, 'learning_rate': 0.0008440755692330264}. Best is trial 0 with value: 25343.654296875.
[I 2023-12-26 15:01:37,186] Trial 31 finished with value: 101915.4453125 and parameters: {'gradient_clip_val': 0.1126713057416535, 'hidden_size': 5, 'dropout': 0.21830094640637973, 'hidden_continuous_size': 5, 'attention_head_size': 3, 'learning_rate': 0.0005407963343383194}. Best is trial 0 with value: 25343.654296875.
[I 2023-12-26 15:01:39,105] Trial 32 finished with value: 98057.7578125 and parameters: {'gradient_clip_val': 0.10043670729961997, 'hidden_size': 7, 'dropout': 0.22640320526077734, 'hidden_continuous_size': 5, 'attention_head_size': 3, 'learning_rate': 0.0007142651983496364}. Best is trial 0 with value: 25343.654296875.
[I 2023-12-26 15:01:40,951] Trial 33 finished with value: 106556.875 and parameters: {'gradient_clip_val': 0.11811174615825985, 'hidden_size': 6, 'dropout': 0.17814275160074697, 'hidden_continuous_size': 5, 'attention_head_size': 1, 'learning_rate': 0.0011850177715364587}. Best is trial 0 with value: 25343.654296875.
[I 2023-12-26 15:01:43,131] Trial 34 finished with value: 95877.0625 and parameters: {'gradient_clip_val': 0.14158426871932647, 'hidden_size': 6, 'dropout': 0.24387775892553168, 'hidden_continuous_size': 5, 'attention_head_size': 4, 'learning_rate': 0.0006720346470111782}. Best is trial 0 with value: 25343.654296875.
[I 2023-12-26 15:01:45,120] Trial 35 finished with value: 81355.890625 and parameters: {'gradient_clip_val': 0.19614372700927543, 'hidden_size': 9, 'dropout': 0.26083393332348426, 'hidden_continuous_size': 6, 'attention_head_size': 2, 'learning_rate': 0.0010589853317964602}. Best is trial 0 with value: 25343.654296875.
[I 2023-12-26 15:01:46,809] Trial 36 finished with value: 100974.5390625 and parameters: {'gradient_clip_val': 0.11424025736719501, 'hidden_size': 5, 'dropout': 0.21464099519780927, 'hidden_continuous_size': 5, 'attention_head_size': 1, 'learning_rate': 0.0006818134990891892}. Best is trial 0 with value: 25343.654296875.
[I 2023-12-26 15:01:48,682] Trial 37 finished with value: 128861.9140625 and parameters: {'gradient_clip_val': 0.13416918691127688, 'hidden_size': 8, 'dropout': 0.3142866603336759, 'hidden_continuous_size': 5, 'attention_head_size': 4, 'learning_rate': 0.0005048358364097589}. Best is trial 0 with value: 25343.654296875.
[I 2023-12-26 15:01:50,591] Trial 38 finished with value: 88952.8515625 and parameters: {'gradient_clip_val': 0.35809645883975455, 'hidden_size': 6, 'dropout': 0.12925193697412263, 'hidden_continuous_size': 5, 'attention_head_size': 3, 'learning_rate': 0.0010132523605165802}. Best is trial 0 with value: 25343.654296875.
[I 2023-12-26 15:01:52,946] Trial 39 finished with value: 103570.75 and parameters: {'gradient_clip_val': 0.2634743010561229, 'hidden_size': 32, 'dropout': 0.19332647114301416, 'hidden_continuous_size': 10, 'attention_head_size': 4, 'learning_rate': 0.0006734635134770054}. Best is trial 0 with value: 25343.654296875.
[I 2023-12-26 15:01:54,958] Trial 40 finished with value: 85599.6015625 and parameters: {'gradient_clip_val': 0.15937634870054454, 'hidden_size': 11, 'dropout': 0.22333573053386252, 'hidden_continuous_size': 7, 'attention_head_size': 2, 'learning_rate': 0.01463629684199158}. Best is trial 0 with value: 25343.654296875.
[I 2023-12-26 15:01:56,809] Trial 41 finished with value: 85578.0546875 and parameters: {'gradient_clip_val': 0.19719918647480184, 'hidden_size': 8, 'dropout': 0.2591497896884383, 'hidden_continuous_size': 6, 'attention_head_size': 2, 'learning_rate': 0.0009993423325654162}. Best is trial 0 with value: 25343.654296875.
[I 2023-12-26 15:01:58,541] Trial 42 finished with value: 66162.3203125 and parameters: {'gradient_clip_val': 0.24622719425056572, 'hidden_size': 5, 'dropout': 0.2562174980713609, 'hidden_continuous_size': 5, 'attention_head_size': 2, 'learning_rate': 0.0006850497175280903}. Best is trial 0 with value: 25343.654296875.
[I 2023-12-26 15:02:00,277] Trial 43 finished with value: 110608.125 and parameters: {'gradient_clip_val': 0.25779696751504, 'hidden_size': 5, 'dropout': 0.2472490348330921, 'hidden_continuous_size': 5, 'attention_head_size': 2, 'learning_rate': 0.0005008669013516148}. Best is trial 0 with value: 25343.654296875.
[I 2023-12-26 15:02:02,153] Trial 44 finished with value: 86361.0546875 and parameters: {'gradient_clip_val': 0.3235329944620006, 'hidden_size': 6, 'dropout': 0.2874752999146017, 'hidden_continuous_size': 5, 'attention_head_size': 1, 'learning_rate': 0.0007222028476212224}. Best is trial 0 with value: 25343.654296875.
[I 2023-12-26 15:02:03,897] Trial 45 finished with value: 81097.8046875 and parameters: {'gradient_clip_val': 0.23967519371863405, 'hidden_size': 5, 'dropout': 0.32725820704165387, 'hidden_continuous_size': 5, 'attention_head_size': 2, 'learning_rate': 0.001371825427934753}. Best is trial 0 with value: 25343.654296875.
[I 2023-12-26 15:02:06,175] Trial 46 finished with value: 95601.4921875 and parameters: {'gradient_clip_val': 0.2160267009064683, 'hidden_size': 23, 'dropout': 0.20661604214239082, 'hidden_continuous_size': 9, 'attention_head_size': 3, 'learning_rate': 0.0006438686148509771}. Best is trial 0 with value: 25343.654296875.
[I 2023-12-26 15:02:08,444] Trial 47 finished with value: 123946.0625 and parameters: {'gradient_clip_val': 0.10952880872905522, 'hidden_size': 10, 'dropout': 0.2329824378168489, 'hidden_continuous_size': 8, 'attention_head_size': 3, 'learning_rate': 0.0009188076544878958}. Best is trial 0 with value: 25343.654296875.
[I 2023-12-26 15:02:10,490] Trial 48 finished with value: 76124.1875 and parameters: {'gradient_clip_val': 0.13269743026659186, 'hidden_size': 13, 'dropout': 0.2762479037670512, 'hidden_continuous_size': 7, 'attention_head_size': 2, 'learning_rate': 0.0006361701828374683}. Best is trial 0 with value: 25343.654296875.
