[I 2023-12-26 14:40:45,702] Trial 34 finished with value: 371.8938903808594 and parameters: {'gradient_clip_val': 0.3634772785012267, 'hidden_size': 30, 'dropout': 0.3753914246061426, 'hidden_continuous_size': 6, 'attention_head_size': 2, 'learning_rate': 0.03227472583085668}. Best is trial 0 with value: 73.7833480834961.
[I 2023-12-26 14:40:47,981] Trial 35 finished with value: 459.523193359375 and parameters: {'gradient_clip_val': 0.27818818912110804, 'hidden_size': 12, 'dropout': 0.42144500620318254, 'hidden_continuous_size': 8, 'attention_head_size': 2, 'learning_rate': 0.009113670938390083}. Best is trial 0 with value: 73.7833480834961.
[I 2023-12-26 14:40:49,953] Trial 36 finished with value: 541.5944213867188 and parameters: {'gradient_clip_val': 0.4367045901178439, 'hidden_size': 16, 'dropout': 0.25731102210617945, 'hidden_continuous_size': 10, 'attention_head_size': 3, 'learning_rate': 0.015709649846937415}. Best is trial 0 with value: 73.7833480834961.
[I 2023-12-26 14:40:51,900] Trial 37 finished with value: 472.1509094238281 and parameters: {'gradient_clip_val': 0.6837966773260593, 'hidden_size': 9, 'dropout': 0.38682691402836167, 'hidden_continuous_size': 5, 'attention_head_size': 1, 'learning_rate': 0.020376680107320817}. Best is trial 0 with value: 73.7833480834961.
[I 2023-12-26 14:40:54,152] Trial 38 finished with value: 477.7760314941406 and parameters: {'gradient_clip_val': 0.19433020910898308, 'hidden_size': 21, 'dropout': 0.3070527554344377, 'hidden_continuous_size': 11, 'attention_head_size': 3, 'learning_rate': 0.006282567656495021}. Best is trial 0 with value: 73.7833480834961.
[I 2023-12-26 14:40:56,147] Trial 39 finished with value: 524.0848999023438 and parameters: {'gradient_clip_val': 0.3549666583058966, 'hidden_size': 16, 'dropout': 0.3433319227811863, 'hidden_continuous_size': 9, 'attention_head_size': 4, 'learning_rate': 0.026966143060573426}. Best is trial 0 with value: 73.7833480834961.
[I 2023-12-26 14:40:58,475] Trial 40 finished with value: 400.939697265625 and parameters: {'gradient_clip_val': 0.5324437144918795, 'hidden_size': 25, 'dropout': 0.2711002762831287, 'hidden_continuous_size': 12, 'attention_head_size': 3, 'learning_rate': 0.04190968931112721}. Best is trial 0 with value: 73.7833480834961.
[I 2023-12-26 14:41:00,484] Trial 41 finished with value: 425.3511962890625 and parameters: {'gradient_clip_val': 0.5173158919457782, 'hidden_size': 9, 'dropout': 0.44125158056407326, 'hidden_continuous_size': 8, 'attention_head_size': 3, 'learning_rate': 0.012622726687361413}. Best is trial 0 with value: 73.7833480834961.
[I 2023-12-26 14:41:02,446] Trial 42 finished with value: 502.843994140625 and parameters: {'gradient_clip_val': 0.4703998239490533, 'hidden_size': 7, 'dropout': 0.416511695810667, 'hidden_continuous_size': 5, 'attention_head_size': 3, 'learning_rate': 0.014572241939823795}. Best is trial 0 with value: 73.7833480834961.
[I 2023-12-26 14:41:04,373] Trial 43 finished with value: 353.1832580566406 and parameters: {'gradient_clip_val': 0.5119430450051069, 'hidden_size': 7, 'dropout': 0.48671543941228324, 'hidden_continuous_size': 6, 'attention_head_size': 2, 'learning_rate': 0.022185943428941746}. Best is trial 0 with value: 73.7833480834961.
[I 2023-12-26 14:41:06,472] Trial 44 finished with value: 532.9335327148438 and parameters: {'gradient_clip_val': 0.5860415737724285, 'hidden_size': 13, 'dropout': 0.3721720030559349, 'hidden_continuous_size': 8, 'attention_head_size': 3, 'learning_rate': 0.055065731379225984}. Best is trial 0 with value: 73.7833480834961.
[I 2023-12-26 14:41:08,680] Trial 45 finished with value: 382.1167907714844 and parameters: {'gradient_clip_val': 0.4548390663269676, 'hidden_size': 19, 'dropout': 0.4291550538236948, 'hidden_continuous_size': 10, 'attention_head_size': 2, 'learning_rate': 0.009411271193653835}. Best is trial 0 with value: 73.7833480834961.
[I 2023-12-26 14:41:11,256] Trial 46 finished with value: 246.42076110839844 and parameters: {'gradient_clip_val': 0.6188061699369242, 'hidden_size': 11, 'dropout': 0.4570459460046757, 'hidden_continuous_size': 8, 'attention_head_size': 2, 'learning_rate': 0.018508217426183412}. Best is trial 0 with value: 73.7833480834961.
[I 2023-12-26 14:41:13,513] Trial 47 finished with value: 476.5334777832031 and parameters: {'gradient_clip_val': 0.7464544136716713, 'hidden_size': 11, 'dropout': 0.45915416378079005, 'hidden_continuous_size': 9, 'attention_head_size': 2, 'learning_rate': 0.038792896593376314}. Best is trial 0 with value: 73.7833480834961.
[I 2023-12-26 14:41:15,675] Trial 48 finished with value: 410.7522888183594 and parameters: {'gradient_clip_val': 0.6603933770925552, 'hidden_size': 15, 'dropout': 0.22694901108941273, 'hidden_continuous_size': 7, 'attention_head_size': 2, 'learning_rate': 0.01923300209400609}. Best is trial 0 with value: 73.7833480834961.
[I 2023-12-26 14:41:17,738] Trial 49 finished with value: 630.390869140625 and parameters: {'gradient_clip_val': 0.8129613293636107, 'hidden_size': 11, 'dropout': 0.39728597196828197, 'hidden_continuous_size': 8, 'attention_head_size': 2, 'learning_rate': 0.08297067262745954}. Best is trial 0 with value: 73.7833480834961.
[I 2023-12-26 14:41:17,865] A new study created in memory with name: no-name-05ae4d49-f1a0-45f3-a108-e158a68d7ae9
/home/le004/conda/anaconda3/envs/tsff_env/lib/python3.9/site-packages/lightning/fabric/plugins/environments/slurm.py:191: The `srun` command is available on your system but is not used. HINT: If your intention is to run Lightning on SLURM, prepend your python command with `srun` like so: srun python /home/le004/master_thesis/git/TSFusionForecast/code/ ...
[I 2023-12-26 14:44:35,703] Trial 0 finished with value: 238.4287109375 and parameters: {'gradient_clip_val': 0.7559503671518264, 'hidden_size': 27, 'dropout': 0.27005689606822686, 'hidden_continuous_size': 5, 'attention_head_size': 3, 'learning_rate': 0.0029939599339135715}. Best is trial 0 with value: 238.4287109375.
[I 2023-12-26 14:44:41,693] Trial 1 finished with value: 866.7728881835938 and parameters: {'gradient_clip_val': 0.4360914366325165, 'hidden_size': 72, 'dropout': 0.12944848819440644, 'hidden_continuous_size': 22, 'attention_head_size': 4, 'learning_rate': 0.004405184128318745}. Best is trial 0 with value: 238.4287109375.
[I 2023-12-26 14:44:52,345] Trial 2 finished with value: 1100.1607666015625 and parameters: {'gradient_clip_val': 0.2510913969015239, 'hidden_size': 135, 'dropout': 0.11461180298156003, 'hidden_continuous_size': 56, 'attention_head_size': 4, 'learning_rate': 0.0008301709066246767}. Best is trial 0 with value: 238.4287109375.
[I 2023-12-26 14:44:55,542] Trial 3 finished with value: 1293.5657958984375 and parameters: {'gradient_clip_val': 0.3103050428418376, 'hidden_size': 35, 'dropout': 0.2019601077591926, 'hidden_continuous_size': 7, 'attention_head_size': 3, 'learning_rate': 0.014246825695617629}. Best is trial 0 with value: 238.4287109375.
[I 2023-12-26 14:45:02,537] Trial 4 finished with value: 889.2308959960938 and parameters: {'gradient_clip_val': 0.34350685332304637, 'hidden_size': 86, 'dropout': 0.35770451362131184, 'hidden_continuous_size': 15, 'attention_head_size': 3, 'learning_rate': 0.004404475463045157}. Best is trial 0 with value: 238.4287109375.
[I 2023-12-26 14:45:12,236] Trial 5 finished with value: 845.4165649414062 and parameters: {'gradient_clip_val': 0.7444899103786312, 'hidden_size': 116, 'dropout': 0.36726453552292204, 'hidden_continuous_size': 70, 'attention_head_size': 4, 'learning_rate': 0.004340471901743765}. Best is trial 0 with value: 238.4287109375.
[I 2023-12-26 14:45:15,281] Trial 6 finished with value: 1231.5113525390625 and parameters: {'gradient_clip_val': 0.7105180024013299, 'hidden_size': 27, 'dropout': 0.36593236990357336, 'hidden_continuous_size': 14, 'attention_head_size': 1, 'learning_rate': 0.004861158794756968}. Best is trial 0 with value: 238.4287109375.
[I 2023-12-26 14:45:26,157] Trial 7 finished with value: 1156.488525390625 and parameters: {'gradient_clip_val': 0.3816517316729173, 'hidden_size': 126, 'dropout': 0.13752243926556598, 'hidden_continuous_size': 103, 'attention_head_size': 3, 'learning_rate': 0.00529358803993044}. Best is trial 0 with value: 238.4287109375.
[I 2023-12-26 14:45:28,136] Trial 8 finished with value: 945.8391723632812 and parameters: {'gradient_clip_val': 0.283199099087321, 'hidden_size': 5, 'dropout': 0.27418119088432025, 'hidden_continuous_size': 5, 'attention_head_size': 1, 'learning_rate': 0.0013277776544188442}. Best is trial 0 with value: 238.4287109375.
[I 2023-12-26 14:45:35,453] Trial 9 finished with value: 946.5477905273438 and parameters: {'gradient_clip_val': 0.18559979607799462, 'hidden_size': 94, 'dropout': 0.3709255555457954, 'hidden_continuous_size': 5, 'attention_head_size': 2, 'learning_rate': 0.017674368402573224}. Best is trial 0 with value: 238.4287109375.
[I 2023-12-26 14:45:37,819] Trial 10 finished with value: 1019.5966186523438 and parameters: {'gradient_clip_val': 0.13851411684576004, 'hidden_size': 12, 'dropout': 0.4618210724166874, 'hidden_continuous_size': 5, 'attention_head_size': 2, 'learning_rate': 0.05797485738354319}. Best is trial 0 with value: 238.4287109375.
[I 2023-12-26 14:45:41,882] Trial 11 finished with value: 1094.3221435546875 and parameters: {'gradient_clip_val': 0.9024277975305185, 'hidden_size': 48, 'dropout': 0.2705474639627463, 'hidden_continuous_size': 9, 'attention_head_size': 4, 'learning_rate': 0.0016513782847450932}. Best is trial 0 with value: 238.4287109375.
[I 2023-12-26 14:45:44,473] Trial 12 finished with value: 1070.1385498046875 and parameters: {'gradient_clip_val': 0.6259099488021664, 'hidden_size': 18, 'dropout': 0.3111789023313423, 'hidden_continuous_size': 7, 'attention_head_size': 4, 'learning_rate': 0.0005270774794081272}. Best is trial 0 with value: 238.4287109375.
[I 2023-12-26 14:45:49,025] Trial 13 finished with value: 1167.8603515625 and parameters: {'gradient_clip_val': 0.9072773389462644, 'hidden_size': 52, 'dropout': 0.45021983379476543, 'hidden_continuous_size': 26, 'attention_head_size': 3, 'learning_rate': 0.0020348405948146745}. Best is trial 0 with value: 238.4287109375.
[I 2023-12-26 14:46:00,350] Trial 14 finished with value: 1272.8353271484375 and parameters: {'gradient_clip_val': 0.5430226967574242, 'hidden_size': 144, 'dropout': 0.2210565949525417, 'hidden_continuous_size': 42, 'attention_head_size': 2, 'learning_rate': 0.0024555619513825645}. Best is trial 0 with value: 238.4287109375.
[I 2023-12-26 14:46:04,449] Trial 15 finished with value: 983.184814453125 and parameters: {'gradient_clip_val': 0.514545668190138, 'hidden_size': 48, 'dropout': 0.4152599905714409, 'hidden_continuous_size': 11, 'attention_head_size': 4, 'learning_rate': 0.009933992624038244}. Best is trial 0 with value: 238.4287109375.
[I 2023-12-26 14:46:07,140] Trial 16 finished with value: 1357.4246826171875 and parameters: {'gradient_clip_val': 0.956376952589688, 'hidden_size': 19, 'dropout': 0.4890537149950881, 'hidden_continuous_size': 6, 'attention_head_size': 3, 'learning_rate': 0.0027943993100389506}. Best is trial 0 with value: 238.4287109375.
[I 2023-12-26 14:46:13,217] Trial 17 finished with value: 995.739013671875 and parameters: {'gradient_clip_val': 0.7278800549628202, 'hidden_size': 75, 'dropout': 0.32666893436783934, 'hidden_continuous_size': 11, 'attention_head_size': 4, 'learning_rate': 0.008276145212796938}. Best is trial 0 with value: 238.4287109375.
[I 2023-12-26 14:46:16,505] Trial 18 finished with value: 1167.5745849609375 and parameters: {'gradient_clip_val': 0.49092634235431093, 'hidden_size': 33, 'dropout': 0.40510910521058047, 'hidden_continuous_size': 9, 'attention_head_size': 3, 'learning_rate': 0.001116552287730637}. Best is trial 0 with value: 238.4287109375.
[I 2023-12-26 14:46:21,709] Trial 19 finished with value: 1260.1280517578125 and parameters: {'gradient_clip_val': 0.6422799496249888, 'hidden_size': 60, 'dropout': 0.28902958787813837, 'hidden_continuous_size': 22, 'attention_head_size': 2, 'learning_rate': 0.0022915173966849022}. Best is trial 0 with value: 238.4287109375.
[I 2023-12-26 14:46:29,644] Trial 20 finished with value: 949.6511840820312 and parameters: {'gradient_clip_val': 0.43426399812782135, 'hidden_size': 98, 'dropout': 0.24630548635807348, 'hidden_continuous_size': 39, 'attention_head_size': 4, 'learning_rate': 0.022031757201616896}. Best is trial 0 with value: 238.4287109375.
[I 2023-12-26 14:46:35,735] Trial 21 finished with value: 1096.009521484375 and parameters: {'gradient_clip_val': 0.44607722908329595, 'hidden_size': 71, 'dropout': 0.17560888333694877, 'hidden_continuous_size': 19, 'attention_head_size': 4, 'learning_rate': 0.003706463460889451}. Best is trial 0 with value: 238.4287109375.
[I 2023-12-26 14:46:44,490] Trial 22 finished with value: 764.2789916992188 and parameters: {'gradient_clip_val': 0.5705487081470599, 'hidden_size': 107, 'dropout': 0.16342164945624285, 'hidden_continuous_size': 25, 'attention_head_size': 4, 'learning_rate': 0.006982195769042167}. Best is trial 0 with value: 238.4287109375.
[I 2023-12-26 14:46:57,668] Trial 23 finished with value: 626.3050537109375 and parameters: {'gradient_clip_val': 0.7813481813119046, 'hidden_size': 150, 'dropout': 0.16299167396284722, 'hidden_continuous_size': 135, 'attention_head_size': 3, 'learning_rate': 0.0071509522360672945}. Best is trial 0 with value: 238.4287109375.
[I 2023-12-26 14:47:07,387] Trial 24 finished with value: 1256.0377197265625 and parameters: {'gradient_clip_val': 0.9939376481603278, 'hidden_size': 113, 'dropout': 0.16962354212170352, 'hidden_continuous_size': 100, 'attention_head_size': 3, 'learning_rate': 0.008058738001141678}. Best is trial 0 with value: 238.4287109375.
[I 2023-12-26 14:47:20,225] Trial 25 finished with value: 1093.529541015625 and parameters: {'gradient_clip_val': 0.5835797885157944, 'hidden_size': 144, 'dropout': 0.10046905678476603, 'hidden_continuous_size': 126, 'attention_head_size': 3, 'learning_rate': 0.006637680372461718}. Best is trial 0 with value: 238.4287109375.
[I 2023-12-26 14:47:31,872] Trial 26 finished with value: 802.8246459960938 and parameters: {'gradient_clip_val': 0.8166575247773253, 'hidden_size': 149, 'dropout': 0.2208677371036647, 'hidden_continuous_size': 31, 'attention_head_size': 2, 'learning_rate': 0.011456109139694465}. Best is trial 0 with value: 238.4287109375.
[I 2023-12-26 14:47:40,418] Trial 27 finished with value: 729.80517578125 and parameters: {'gradient_clip_val': 0.6608783592098402, 'hidden_size': 103, 'dropout': 0.1512422645986924, 'hidden_continuous_size': 33, 'attention_head_size': 3, 'learning_rate': 0.006823185238507245}. Best is trial 0 with value: 238.4287109375.
[I 2023-12-26 14:47:48,039] Trial 28 finished with value: 1264.7176513671875 and parameters: {'gradient_clip_val': 0.8049349498915698, 'hidden_size': 95, 'dropout': 0.14833941925356642, 'hidden_continuous_size': 17, 'attention_head_size': 3, 'learning_rate': 0.0034531738058241894}. Best is trial 0 with value: 238.4287109375.
[I 2023-12-26 14:47:53,933] Trial 29 finished with value: 957.0927734375 and parameters: {'gradient_clip_val': 0.6589221768503447, 'hidden_size': 72, 'dropout': 0.12698176563725333, 'hidden_continuous_size': 33, 'attention_head_size': 2, 'learning_rate': 0.0027519990137803096}. Best is trial 0 with value: 238.4287109375.
[I 2023-12-26 14:47:59,339] Trial 30 finished with value: 814.6149291992188 and parameters: {'gradient_clip_val': 0.8035653117073621, 'hidden_size': 61, 'dropout': 0.18575726804668755, 'hidden_continuous_size': 22, 'attention_head_size': 3, 'learning_rate': 0.00598393168454258}. Best is trial 0 with value: 238.4287109375.
[I 2023-12-26 14:48:07,681] Trial 31 finished with value: 1202.7366943359375 and parameters: {'gradient_clip_val': 0.5628073856616417, 'hidden_size': 103, 'dropout': 0.15426892863445726, 'hidden_continuous_size': 27, 'attention_head_size': 3, 'learning_rate': 0.006774746260688773}. Best is trial 0 with value: 238.4287109375.
[I 2023-12-26 14:48:17,018] Trial 32 finished with value: 1007.5025024414062 and parameters: {'gradient_clip_val': 0.6268483353826662, 'hidden_size': 115, 'dropout': 0.12524941128576986, 'hidden_continuous_size': 55, 'attention_head_size': 3, 'learning_rate': 0.01142611919046967}. Best is trial 0 with value: 238.4287109375.
[I 2023-12-26 14:48:24,112] Trial 33 finished with value: 1165.486083984375 and parameters: {'gradient_clip_val': 0.671421959520615, 'hidden_size': 82, 'dropout': 0.20010210136362713, 'hidden_continuous_size': 25, 'attention_head_size': 3, 'learning_rate': 0.0037526036654502615}. Best is trial 0 with value: 238.4287109375.
[I 2023-12-26 14:48:34,092] Trial 34 finished with value: 911.8374633789062 and parameters: {'gradient_clip_val': 0.4888939683633176, 'hidden_size': 124, 'dropout': 0.15615807690139957, 'hidden_continuous_size': 52, 'attention_head_size': 4, 'learning_rate': 0.005280025424422584}. Best is trial 0 with value: 238.4287109375.
[I 2023-12-26 14:48:46,123] Trial 35 finished with value: 1170.64111328125 and parameters: {'gradient_clip_val': 0.8192969777666878, 'hidden_size': 150, 'dropout': 0.12004206061803335, 'hidden_continuous_size': 72, 'attention_head_size': 4, 'learning_rate': 0.015859801478803774}. Best is trial 0 with value: 238.4287109375.
[I 2023-12-26 14:48:52,761] Trial 36 finished with value: 1063.5308837890625 and parameters: {'gradient_clip_val': 0.7286667229519982, 'hidden_size': 86, 'dropout': 0.18931653695043152, 'hidden_continuous_size': 18, 'attention_head_size': 3, 'learning_rate': 0.008263358774231127}. Best is trial 0 with value: 238.4287109375.
[I 2023-12-26 14:49:01,980] Trial 37 finished with value: 1129.5518798828125 and parameters: {'gradient_clip_val': 0.5812572214423558, 'hidden_size': 115, 'dropout': 0.21824464988110887, 'hidden_continuous_size': 15, 'attention_head_size': 1, 'learning_rate': 0.004780254169432703}. Best is trial 0 with value: 238.4287109375.
[I 2023-12-26 14:49:05,746] Trial 38 finished with value: 1370.369140625 and parameters: {'gradient_clip_val': 0.4098863848205664, 'hidden_size': 41, 'dropout': 0.1640807165886359, 'hidden_continuous_size': 21, 'attention_head_size': 2, 'learning_rate': 0.0033724723997352207}. Best is trial 0 with value: 238.4287109375.
[I 2023-12-26 14:49:11,231] Trial 39 finished with value: 1184.2572021484375 and parameters: {'gradient_clip_val': 0.7340734031468686, 'hidden_size': 62, 'dropout': 0.14724131148391723, 'hidden_continuous_size': 32, 'attention_head_size': 4, 'learning_rate': 0.0045928704170905025}. Best is trial 0 with value: 238.4287109375.
[I 2023-12-26 14:49:18,669] Trial 40 finished with value: 870.38427734375 and parameters: {'gradient_clip_val': 0.3240642548800335, 'hidden_size': 90, 'dropout': 0.10544626379058133, 'hidden_continuous_size': 42, 'attention_head_size': 3, 'learning_rate': 0.0017084579155349116}. Best is trial 0 with value: 238.4287109375.
[I 2023-12-26 14:49:28,698] Trial 41 finished with value: 670.4072875976562 and parameters: {'gradient_clip_val': 0.851071434648505, 'hidden_size': 129, 'dropout': 0.21477309606662512, 'hidden_continuous_size': 29, 'attention_head_size': 2, 'learning_rate': 0.011032143008524878}. Best is trial 0 with value: 238.4287109375.
[I 2023-12-26 14:49:38,802] Trial 42 finished with value: 1121.4622802734375 and parameters: {'gradient_clip_val': 0.8760173847541816, 'hidden_size': 130, 'dropout': 0.24619866370159704, 'hidden_continuous_size': 28, 'attention_head_size': 2, 'learning_rate': 0.006695718527535635}. Best is trial 0 with value: 238.4287109375.
[I 2023-12-26 14:49:47,135] Trial 43 finished with value: 1144.76904296875 and parameters: {'gradient_clip_val': 0.974289105617604, 'hidden_size': 103, 'dropout': 0.17631392022982006, 'hidden_continuous_size': 35, 'attention_head_size': 2, 'learning_rate': 0.010308320278988719}. Best is trial 0 with value: 238.4287109375.
[I 2023-12-26 14:49:56,835] Trial 44 finished with value: 884.0543823242188 and parameters: {'gradient_clip_val': 0.6862139892574307, 'hidden_size': 123, 'dropout': 0.1398969427382718, 'hidden_continuous_size': 23, 'attention_head_size': 1, 'learning_rate': 0.0191077667790721}. Best is trial 0 with value: 238.4287109375.
[I 2023-12-26 14:50:03,246] Trial 45 finished with value: 1065.0006103515625 and parameters: {'gradient_clip_val': 0.8569345351088326, 'hidden_size': 76, 'dropout': 0.20353854476255623, 'hidden_continuous_size': 28, 'attention_head_size': 2, 'learning_rate': 0.014476630087885033}. Best is trial 0 with value: 238.4287109375.
[I 2023-12-26 14:50:13,556] Trial 46 finished with value: 826.402099609375 and parameters: {'gradient_clip_val': 0.794128314867838, 'hidden_size': 130, 'dropout': 0.13954796221799465, 'hidden_continuous_size': 48, 'attention_head_size': 3, 'learning_rate': 0.023560950944200437}. Best is trial 0 with value: 238.4287109375.
[I 2023-12-26 14:50:21,821] Trial 47 finished with value: 850.0784301757812 and parameters: {'gradient_clip_val': 0.7551178229743085, 'hidden_size': 104, 'dropout': 0.16441046322855396, 'hidden_continuous_size': 38, 'attention_head_size': 3, 'learning_rate': 0.005204881241906482}. Best is trial 0 with value: 238.4287109375.
[I 2023-12-26 14:50:28,901] Trial 48 finished with value: 1182.4793701171875 and parameters: {'gradient_clip_val': 0.5977629979356857, 'hidden_size': 88, 'dropout': 0.19619643556298325, 'hidden_continuous_size': 20, 'attention_head_size': 2, 'learning_rate': 0.009051169642276466}. Best is trial 0 with value: 238.4287109375.
