[I 2023-12-15 22:41:52,477] Trial 4 finished with value: 0.1350652426481247 and parameters: {'gradient_clip_val': 0.1121696154062648, 'hidden_size': 44, 'dropout': 0.22245636812115321, 'hidden_continuous_size': 15, 'attention_head_size': 3, 'learning_rate': 0.0006002778184367399}. Best is trial 3 with value: 0.028999919071793556.
LOCAL_RANK: 0 - CUDA_VISIBLE_DEVICES: [0]
[I 2023-12-15 22:42:38,464] Trial 5 finished with value: 0.061639200896024704 and parameters: {'gradient_clip_val': 0.9491510626928465, 'hidden_size': 11, 'dropout': 0.39827521988482506, 'hidden_continuous_size': 5, 'attention_head_size': 1, 'learning_rate': 0.006682877028358782}. Best is trial 3 with value: 0.028999919071793556.
LOCAL_RANK: 0 - CUDA_VISIBLE_DEVICES: [0]
[I 2023-12-15 22:43:28,620] Trial 6 finished with value: 0.038063906133174896 and parameters: {'gradient_clip_val': 0.31669025802685674, 'hidden_size': 37, 'dropout': 0.35035266257599085, 'hidden_continuous_size': 6, 'attention_head_size': 2, 'learning_rate': 0.0061989471305048645}. Best is trial 3 with value: 0.028999919071793556.
LOCAL_RANK: 0 - CUDA_VISIBLE_DEVICES: [0]
[I 2023-12-15 22:44:18,578] Trial 7 finished with value: 0.09950700402259827 and parameters: {'gradient_clip_val': 0.2731184539272588, 'hidden_size': 21, 'dropout': 0.278276736801421, 'hidden_continuous_size': 19, 'attention_head_size': 2, 'learning_rate': 0.0014221768823770788}. Best is trial 3 with value: 0.028999919071793556.
LOCAL_RANK: 0 - CUDA_VISIBLE_DEVICES: [0]
[I 2023-12-15 22:45:15,289] Trial 8 finished with value: 0.0676235780119896 and parameters: {'gradient_clip_val': 0.20396060936979285, 'hidden_size': 71, 'dropout': 0.2599456699825379, 'hidden_continuous_size': 58, 'attention_head_size': 4, 'learning_rate': 0.0023372898473027486}. Best is trial 3 with value: 0.028999919071793556.
LOCAL_RANK: 0 - CUDA_VISIBLE_DEVICES: [0]
[I 2023-12-15 22:46:05,799] Trial 9 finished with value: 0.03640184551477432 and parameters: {'gradient_clip_val': 0.5079662496164529, 'hidden_size': 23, 'dropout': 0.3289185063887904, 'hidden_continuous_size': 20, 'attention_head_size': 3, 'learning_rate': 0.08914100237372964}. Best is trial 3 with value: 0.028999919071793556.
LOCAL_RANK: 0 - CUDA_VISIBLE_DEVICES: [0]
[I 2023-12-15 22:46:52,479] Trial 10 finished with value: 0.0449463315308094 and parameters: {'gradient_clip_val': 0.17277272422328283, 'hidden_size': 11, 'dropout': 0.19782825963626222, 'hidden_continuous_size': 5, 'attention_head_size': 1, 'learning_rate': 0.02639960614639396}. Best is trial 3 with value: 0.028999919071793556.
LOCAL_RANK: 0 - CUDA_VISIBLE_DEVICES: [0]
[I 2023-12-15 22:47:38,844] Trial 11 finished with value: 0.04211976006627083 and parameters: {'gradient_clip_val': 0.43155653935243354, 'hidden_size': 16, 'dropout': 0.30449714706817566, 'hidden_continuous_size': 8, 'attention_head_size': 3, 'learning_rate': 0.02822632203173244}. Best is trial 3 with value: 0.028999919071793556.
LOCAL_RANK: 0 - CUDA_VISIBLE_DEVICES: [0]
[I 2023-12-15 22:48:16,720] Trial 12 finished with value: 0.03952631726861 and parameters: {'gradient_clip_val': 0.38425406722367145, 'hidden_size': 5, 'dropout': 0.31337676037472767, 'hidden_continuous_size': 5, 'attention_head_size': 4, 'learning_rate': 0.045539380495299646}. Best is trial 3 with value: 0.028999919071793556.
LOCAL_RANK: 0 - CUDA_VISIBLE_DEVICES: [0]
[I 2023-12-15 22:49:03,828] Trial 13 finished with value: 0.04158322140574455 and parameters: {'gradient_clip_val': 0.5824862587761083, 'hidden_size': 13, 'dropout': 0.3462453751722911, 'hidden_continuous_size': 8, 'attention_head_size': 3, 'learning_rate': 0.012961638578203866}. Best is trial 3 with value: 0.028999919071793556.
LOCAL_RANK: 0 - CUDA_VISIBLE_DEVICES: [0]
[I 2023-12-15 22:49:49,247] Trial 14 finished with value: 0.06271921843290329 and parameters: {'gradient_clip_val': 0.2700426196615315, 'hidden_size': 8, 'dropout': 0.23657216622062407, 'hidden_continuous_size': 5, 'attention_head_size': 3, 'learning_rate': 0.011966328600864537}. Best is trial 3 with value: 0.028999919071793556.
LOCAL_RANK: 0 - CUDA_VISIBLE_DEVICES: [0]
[I 2023-12-15 22:50:40,052] Trial 15 finished with value: 0.043372079730033875 and parameters: {'gradient_clip_val': 0.5868903834434384, 'hidden_size': 23, 'dropout': 0.2806853057532503, 'hidden_continuous_size': 10, 'attention_head_size': 4, 'learning_rate': 0.04917762486879026}. Best is trial 3 with value: 0.028999919071793556.
LOCAL_RANK: 0 - CUDA_VISIBLE_DEVICES: [0]
[I 2023-12-15 22:51:24,628] Trial 16 finished with value: 0.031454335898160934 and parameters: {'gradient_clip_val': 0.3336302045565074, 'hidden_size': 8, 'dropout': 0.19728780625668085, 'hidden_continuous_size': 5, 'attention_head_size': 1, 'learning_rate': 0.055498232648406406}. Best is trial 3 with value: 0.028999919071793556.
LOCAL_RANK: 0 - CUDA_VISIBLE_DEVICES: [0]
[I 2023-12-15 22:52:09,207] Trial 17 finished with value: 0.04252700135111809 and parameters: {'gradient_clip_val': 0.3197859469208494, 'hidden_size': 8, 'dropout': 0.1980484548960275, 'hidden_continuous_size': 5, 'attention_head_size': 1, 'learning_rate': 0.04337863726726243}. Best is trial 3 with value: 0.028999919071793556.
LOCAL_RANK: 0 - CUDA_VISIBLE_DEVICES: [0]
[I 2023-12-15 22:52:44,975] Trial 18 finished with value: 0.02716612070798874 and parameters: {'gradient_clip_val': 0.21198668289664938, 'hidden_size': 5, 'dropout': 0.20117137382143346, 'hidden_continuous_size': 5, 'attention_head_size': 1, 'learning_rate': 0.014494273615148467}. Best is trial 18 with value: 0.02716612070798874.
LOCAL_RANK: 0 - CUDA_VISIBLE_DEVICES: [0]
[I 2023-12-15 22:53:21,852] Trial 19 finished with value: 0.10597828775644302 and parameters: {'gradient_clip_val': 0.21262486981824344, 'hidden_size': 5, 'dropout': 0.1568817538720638, 'hidden_continuous_size': 5, 'attention_head_size': 1, 'learning_rate': 0.010826354651530605}. Best is trial 18 with value: 0.02716612070798874.
LOCAL_RANK: 0 - CUDA_VISIBLE_DEVICES: [0]
[I 2023-12-15 22:53:57,222] Trial 20 finished with value: 0.4359385073184967 and parameters: {'gradient_clip_val': 0.17040340200304008, 'hidden_size': 5, 'dropout': 0.24586303987418104, 'hidden_continuous_size': 5, 'attention_head_size': 2, 'learning_rate': 0.004565607944117714}. Best is trial 18 with value: 0.02716612070798874.
LOCAL_RANK: 0 - CUDA_VISIBLE_DEVICES: [0]
[I 2023-12-15 22:54:41,897] Trial 21 finished with value: 0.0601186566054821 and parameters: {'gradient_clip_val': 0.36500711008404174, 'hidden_size': 8, 'dropout': 0.20480272165634927, 'hidden_continuous_size': 5, 'attention_head_size': 1, 'learning_rate': 0.018840424237286692}. Best is trial 18 with value: 0.02716612070798874.
LOCAL_RANK: 0 - CUDA_VISIBLE_DEVICES: [0]
[I 2023-12-15 22:55:27,736] Trial 22 finished with value: 0.05199331045150757 and parameters: {'gradient_clip_val': 0.2666347311026905, 'hidden_size': 7, 'dropout': 0.17482043691395177, 'hidden_continuous_size': 5, 'attention_head_size': 1, 'learning_rate': 0.010203371711536855}. Best is trial 18 with value: 0.02716612070798874.
LOCAL_RANK: 0 - CUDA_VISIBLE_DEVICES: [0]
[I 2023-12-15 22:56:13,650] Trial 23 finished with value: 0.082650326192379 and parameters: {'gradient_clip_val': 0.23182265727119772, 'hidden_size': 10, 'dropout': 0.22014220415711747, 'hidden_continuous_size': 6, 'attention_head_size': 1, 'learning_rate': 0.019654565490654186}. Best is trial 18 with value: 0.02716612070798874.
LOCAL_RANK: 0 - CUDA_VISIBLE_DEVICES: [0]
[I 2023-12-15 22:56:59,360] Trial 24 finished with value: 0.032946109771728516 and parameters: {'gradient_clip_val': 0.37320740346879483, 'hidden_size': 7, 'dropout': 0.17052749094388864, 'hidden_continuous_size': 5, 'attention_head_size': 2, 'learning_rate': 0.03345129623230589}. Best is trial 18 with value: 0.02716612070798874.
LOCAL_RANK: 0 - CUDA_VISIBLE_DEVICES: [0]
[I 2023-12-15 22:57:45,364] Trial 25 finished with value: 0.043038640171289444 and parameters: {'gradient_clip_val': 0.3082739406049028, 'hidden_size': 9, 'dropout': 0.10307221285480786, 'hidden_continuous_size': 6, 'attention_head_size': 1, 'learning_rate': 0.05307971366579552}. Best is trial 18 with value: 0.02716612070798874.
LOCAL_RANK: 0 - CUDA_VISIBLE_DEVICES: [0]
[I 2023-12-15 22:58:31,050] Trial 26 finished with value: 0.03823872283101082 and parameters: {'gradient_clip_val': 0.1773602663338902, 'hidden_size': 6, 'dropout': 0.25607178305840705, 'hidden_continuous_size': 5, 'attention_head_size': 1, 'learning_rate': 0.015706231631346365}. Best is trial 18 with value: 0.02716612070798874.
LOCAL_RANK: 0 - CUDA_VISIBLE_DEVICES: [0]
[I 2023-12-15 22:59:18,332] Trial 27 finished with value: 0.03250277042388916 and parameters: {'gradient_clip_val': 0.1408665373720455, 'hidden_size': 13, 'dropout': 0.17879400854703703, 'hidden_continuous_size': 7, 'attention_head_size': 2, 'learning_rate': 0.027570454278666928}. Best is trial 18 with value: 0.02716612070798874.
LOCAL_RANK: 0 - CUDA_VISIBLE_DEVICES: [0]
[I 2023-12-15 22:59:53,430] Trial 28 finished with value: 0.10222076624631882 and parameters: {'gradient_clip_val': 0.2512883549800642, 'hidden_size': 5, 'dropout': 0.22408143753098142, 'hidden_continuous_size': 5, 'attention_head_size': 1, 'learning_rate': 0.007734149069093217}. Best is trial 18 with value: 0.02716612070798874.
LOCAL_RANK: 0 - CUDA_VISIBLE_DEVICES: [0]
[I 2023-12-15 23:00:39,657] Trial 29 finished with value: 0.03097698651254177 and parameters: {'gradient_clip_val': 0.21643121392198675, 'hidden_size': 9, 'dropout': 0.13918854660158136, 'hidden_continuous_size': 6, 'attention_head_size': 2, 'learning_rate': 0.016669625257833658}. Best is trial 18 with value: 0.02716612070798874.
LOCAL_RANK: 0 - CUDA_VISIBLE_DEVICES: [0]
[I 2023-12-15 23:01:26,245] Trial 30 finished with value: 0.044870298355817795 and parameters: {'gradient_clip_val': 0.22034751905807326, 'hidden_size': 14, 'dropout': 0.13362468332663324, 'hidden_continuous_size': 7, 'attention_head_size': 2, 'learning_rate': 0.008628428052494357}. Best is trial 18 with value: 0.02716612070798874.
LOCAL_RANK: 0 - CUDA_VISIBLE_DEVICES: [0]
[I 2023-12-15 23:02:12,411] Trial 31 finished with value: 0.05177288129925728 and parameters: {'gradient_clip_val': 0.29025751971150493, 'hidden_size': 9, 'dropout': 0.1877891551586881, 'hidden_continuous_size': 6, 'attention_head_size': 1, 'learning_rate': 0.015656523706460056}. Best is trial 18 with value: 0.02716612070798874.
LOCAL_RANK: 0 - CUDA_VISIBLE_DEVICES: [0]
[I 2023-12-15 23:02:58,640] Trial 32 finished with value: 0.04140404239296913 and parameters: {'gradient_clip_val': 0.24335215278580374, 'hidden_size': 7, 'dropout': 0.15317207065414812, 'hidden_continuous_size': 5, 'attention_head_size': 2, 'learning_rate': 0.07553189288672581}. Best is trial 18 with value: 0.02716612070798874.
LOCAL_RANK: 0 - CUDA_VISIBLE_DEVICES: [0]
[I 2023-12-15 23:03:44,527] Trial 33 finished with value: 0.03307018056511879 and parameters: {'gradient_clip_val': 0.1915588910517843, 'hidden_size': 6, 'dropout': 0.1440670892106879, 'hidden_continuous_size': 5, 'attention_head_size': 2, 'learning_rate': 0.025480923369394115}. Best is trial 18 with value: 0.02716612070798874.
LOCAL_RANK: 0 - CUDA_VISIBLE_DEVICES: [0]
[I 2023-12-15 23:04:29,895] Trial 34 finished with value: 0.03712853416800499 and parameters: {'gradient_clip_val': 0.23674223694032642, 'hidden_size': 6, 'dropout': 0.12196604151511167, 'hidden_continuous_size': 5, 'attention_head_size': 1, 'learning_rate': 0.01981366946506114}. Best is trial 18 with value: 0.02716612070798874.
LOCAL_RANK: 0 - CUDA_VISIBLE_DEVICES: [0]
[I 2023-12-15 23:05:16,131] Trial 35 finished with value: 0.061961907893419266 and parameters: {'gradient_clip_val': 0.3387433887740756, 'hidden_size': 10, 'dropout': 0.16831621560178428, 'hidden_continuous_size': 6, 'attention_head_size': 1, 'learning_rate': 0.03769751502294721}. Best is trial 18 with value: 0.02716612070798874.
LOCAL_RANK: 0 - CUDA_VISIBLE_DEVICES: [0]
[I 2023-12-15 23:06:02,093] Trial 36 finished with value: 0.035971689969301224 and parameters: {'gradient_clip_val': 0.15116367835369504, 'hidden_size': 7, 'dropout': 0.20963771649887025, 'hidden_continuous_size': 6, 'attention_head_size': 2, 'learning_rate': 0.06719094756582875}. Best is trial 18 with value: 0.02716612070798874.
LOCAL_RANK: 0 - CUDA_VISIBLE_DEVICES: [0]
[I 2023-12-15 23:06:37,620] Trial 37 finished with value: 0.033855412155389786 and parameters: {'gradient_clip_val': 0.28520271668852626, 'hidden_size': 5, 'dropout': 0.18799082079453075, 'hidden_continuous_size': 5, 'attention_head_size': 1, 'learning_rate': 0.03295769388563156}. Best is trial 18 with value: 0.02716612070798874.
LOCAL_RANK: 0 - CUDA_VISIBLE_DEVICES: [0]
[I 2023-12-15 23:07:23,788] Trial 38 finished with value: 0.05360175296664238 and parameters: {'gradient_clip_val': 0.2105554492371512, 'hidden_size': 11, 'dropout': 0.23017508970806197, 'hidden_continuous_size': 6, 'attention_head_size': 1, 'learning_rate': 0.09865146998075566}. Best is trial 18 with value: 0.02716612070798874.
LOCAL_RANK: 0 - CUDA_VISIBLE_DEVICES: [0]
[I 2023-12-15 23:08:09,903] Trial 39 finished with value: 0.08594393730163574 and parameters: {'gradient_clip_val': 0.4263855021676053, 'hidden_size': 6, 'dropout': 0.21483318599832513, 'hidden_continuous_size': 5, 'attention_head_size': 2, 'learning_rate': 0.058161822157792246}. Best is trial 18 with value: 0.02716612070798874.
LOCAL_RANK: 0 - CUDA_VISIBLE_DEVICES: [0]
[I 2023-12-15 23:08:55,236] Trial 40 finished with value: 0.04418012499809265 and parameters: {'gradient_clip_val': 0.32350314730163576, 'hidden_size': 8, 'dropout': 0.13703633064731094, 'hidden_continuous_size': 6, 'attention_head_size': 2, 'learning_rate': 0.021763075919619995}. Best is trial 18 with value: 0.02716612070798874.
LOCAL_RANK: 0 - CUDA_VISIBLE_DEVICES: [0]
[I 2023-12-15 23:09:41,878] Trial 41 finished with value: 0.0415608249604702 and parameters: {'gradient_clip_val': 0.1500106267077141, 'hidden_size': 13, 'dropout': 0.15807408141160112, 'hidden_continuous_size': 7, 'attention_head_size': 2, 'learning_rate': 0.03022403998123186}. Best is trial 18 with value: 0.02716612070798874.
LOCAL_RANK: 0 - CUDA_VISIBLE_DEVICES: [0]
[I 2023-12-15 23:10:27,885] Trial 42 finished with value: 0.05949978157877922 and parameters: {'gradient_clip_val': 0.10635565284904334, 'hidden_size': 16, 'dropout': 0.18410328391098482, 'hidden_continuous_size': 7, 'attention_head_size': 2, 'learning_rate': 0.015596612966297487}. Best is trial 18 with value: 0.02716612070798874.
LOCAL_RANK: 0 - CUDA_VISIBLE_DEVICES: [0]
[I 2023-12-15 23:11:14,152] Trial 43 finished with value: 0.038150604814291 and parameters: {'gradient_clip_val': 0.1373504586569367, 'hidden_size': 11, 'dropout': 0.17909554554089668, 'hidden_continuous_size': 7, 'attention_head_size': 1, 'learning_rate': 0.023726301225596828}. Best is trial 18 with value: 0.02716612070798874.
LOCAL_RANK: 0 - CUDA_VISIBLE_DEVICES: [0]
[I 2023-12-15 23:12:00,473] Trial 44 finished with value: 0.033137813210487366 and parameters: {'gradient_clip_val': 0.20145435344395565, 'hidden_size': 9, 'dropout': 0.20424110355184155, 'hidden_continuous_size': 7, 'attention_head_size': 2, 'learning_rate': 0.04102366309178148}. Best is trial 18 with value: 0.02716612070798874.
LOCAL_RANK: 0 - CUDA_VISIBLE_DEVICES: [0]
[I 2023-12-15 23:12:47,198] Trial 45 finished with value: 0.055551912635564804 and parameters: {'gradient_clip_val': 0.12443072768552348, 'hidden_size': 7, 'dropout': 0.23835459027217035, 'hidden_continuous_size': 6, 'attention_head_size': 3, 'learning_rate': 0.03247328995160137}. Best is trial 18 with value: 0.02716612070798874.
LOCAL_RANK: 0 - CUDA_VISIBLE_DEVICES: [0]
[I 2023-12-15 23:13:31,967] Trial 46 finished with value: 0.029069697484374046 and parameters: {'gradient_clip_val': 0.186211341054314, 'hidden_size': 12, 'dropout': 0.14559801814597498, 'hidden_continuous_size': 8, 'attention_head_size': 1, 'learning_rate': 0.025408847166158863}. Best is trial 18 with value: 0.02716612070798874.
LOCAL_RANK: 0 - CUDA_VISIBLE_DEVICES: [0]
[I 2023-12-15 23:14:08,020] Trial 47 finished with value: 0.06094389781355858 and parameters: {'gradient_clip_val': 0.22908726793176187, 'hidden_size': 6, 'dropout': 0.1105277511692449, 'hidden_continuous_size': 6, 'attention_head_size': 1, 'learning_rate': 0.01377864133878521}. Best is trial 18 with value: 0.02716612070798874.
LOCAL_RANK: 0 - CUDA_VISIBLE_DEVICES: [0]
[I 2023-12-15 23:14:54,137] Trial 48 finished with value: 0.039366450160741806 and parameters: {'gradient_clip_val': 0.26655049436908157, 'hidden_size': 10, 'dropout': 0.13980486776975648, 'hidden_continuous_size': 8, 'attention_head_size': 1, 'learning_rate': 0.017255735948747446}. Best is trial 18 with value: 0.02716612070798874.
LOCAL_RANK: 0 - CUDA_VISIBLE_DEVICES: [0]
[I 2023-12-15 23:15:39,431] Trial 49 finished with value: 0.04444287717342377 and parameters: {'gradient_clip_val': 0.1937160363634814, 'hidden_size': 12, 'dropout': 0.13138644516013878, 'hidden_continuous_size': 8, 'attention_head_size': 1, 'learning_rate': 0.012513684462358855}. Best is trial 18 with value: 0.02716612070798874.
[I 2023-12-15 23:15:39,525] A new study created in memory with name: no-name-38b8e27f-0f32-418e-9d4f-2a1e5f755dbd
/home/le004/conda/anaconda3/envs/tsff_env/lib/python3.9/site-packages/lightning/fabric/plugins/environments/slurm.py:191: The `srun` command is available on your system but is not used. HINT: If your intention is to run Lightning on SLURM, prepend your python command with `srun` like so: srun python /home/le004/master_thesis/git/TSFusionForecast/code/ ...
LOCAL_RANK: 0 - CUDA_VISIBLE_DEVICES: [0]
[I 2023-12-15 23:16:27,001] Trial 0 finished with value: 1.041914463043213 and parameters: {'gradient_clip_val': 0.6539567607961445, 'hidden_size': 17, 'dropout': 0.15368806677801883, 'hidden_continuous_size': 5, 'attention_head_size': 3, 'learning_rate': 0.05767397562482739}. Best is trial 0 with value: 1.041914463043213.
LOCAL_RANK: 0 - CUDA_VISIBLE_DEVICES: [0]
[I 2023-12-15 23:17:02,696] Trial 1 finished with value: 0.5755513310432434 and parameters: {'gradient_clip_val': 0.1406638439542863, 'hidden_size': 9, 'dropout': 0.13970032086203718, 'hidden_continuous_size': 9, 'attention_head_size': 1, 'learning_rate': 0.0087594358197903}. Best is trial 1 with value: 0.5755513310432434.
LOCAL_RANK: 0 - CUDA_VISIBLE_DEVICES: [0]
[I 2023-12-15 23:17:53,329] Trial 2 finished with value: 0.9705119132995605 and parameters: {'gradient_clip_val': 0.4085207004450846, 'hidden_size': 25, 'dropout': 0.12407341706391409, 'hidden_continuous_size': 7, 'attention_head_size': 4, 'learning_rate': 0.09687484919931041}. Best is trial 1 with value: 0.5755513310432434.
LOCAL_RANK: 0 - CUDA_VISIBLE_DEVICES: [0]
[I 2023-12-15 23:18:46,823] Trial 3 finished with value: 0.09208371490240097 and parameters: {'gradient_clip_val': 0.3797391248154423, 'hidden_size': 41, 'dropout': 0.21601331843208518, 'hidden_continuous_size': 25, 'attention_head_size': 2, 'learning_rate': 0.06229310956613895}. Best is trial 3 with value: 0.09208371490240097.
LOCAL_RANK: 0 - CUDA_VISIBLE_DEVICES: [0]
[I 2023-12-15 23:19:33,393] Trial 4 finished with value: 0.18237125873565674 and parameters: {'gradient_clip_val': 0.5174271252205476, 'hidden_size': 13, 'dropout': 0.15166124364624237, 'hidden_continuous_size': 5, 'attention_head_size': 2, 'learning_rate': 0.003118098696149643}. Best is trial 3 with value: 0.09208371490240097.
LOCAL_RANK: 0 - CUDA_VISIBLE_DEVICES: [0]
[I 2023-12-15 23:20:26,610] Trial 5 finished with value: 0.11759952455759048 and parameters: {'gradient_clip_val': 0.29210092793370396, 'hidden_size': 47, 'dropout': 0.28722668149844127, 'hidden_continuous_size': 16, 'attention_head_size': 1, 'learning_rate': 0.0015530500658771916}. Best is trial 3 with value: 0.09208371490240097.
LOCAL_RANK: 0 - CUDA_VISIBLE_DEVICES: [0]
[I 2023-12-15 23:21:17,515] Trial 6 finished with value: 0.5066132545471191 and parameters: {'gradient_clip_val': 0.9039232826216359, 'hidden_size': 39, 'dropout': 0.2411094846267317, 'hidden_continuous_size': 8, 'attention_head_size': 2, 'learning_rate': 0.0013126074294744993}. Best is trial 3 with value: 0.09208371490240097.
LOCAL_RANK: 0 - CUDA_VISIBLE_DEVICES: [0]
[I 2023-12-15 23:21:54,677] Trial 7 finished with value: 1.9184802770614624 and parameters: {'gradient_clip_val': 0.5985405116751791, 'hidden_size': 5, 'dropout': 0.33836202264094956, 'hidden_continuous_size': 5, 'attention_head_size': 3, 'learning_rate': 0.0011020324838112141}. Best is trial 3 with value: 0.09208371490240097.
LOCAL_RANK: 0 - CUDA_VISIBLE_DEVICES: [0]
[I 2023-12-15 23:22:53,530] Trial 8 finished with value: 0.07257192581892014 and parameters: {'gradient_clip_val': 0.1626684839250232, 'hidden_size': 90, 'dropout': 0.10336814357980253, 'hidden_continuous_size': 69, 'attention_head_size': 3, 'learning_rate': 0.004124937597024913}. Best is trial 8 with value: 0.07257192581892014.
LOCAL_RANK: 0 - CUDA_VISIBLE_DEVICES: [0]
[I 2023-12-15 23:23:40,772] Trial 9 finished with value: 0.08962494134902954 and parameters: {'gradient_clip_val': 0.11203094590428189, 'hidden_size': 13, 'dropout': 0.2748908652572463, 'hidden_continuous_size': 10, 'attention_head_size': 3, 'learning_rate': 0.031844635955983754}. Best is trial 8 with value: 0.07257192581892014.
LOCAL_RANK: 0 - CUDA_VISIBLE_DEVICES: [0]
[I 2023-12-15 23:24:40,446] Trial 10 finished with value: 0.13126502931118011 and parameters: {'gradient_clip_val': 0.1969118693874, 'hidden_size': 98, 'dropout': 0.38839491033711904, 'hidden_continuous_size': 78, 'attention_head_size': 4, 'learning_rate': 0.0005222614512567276}. Best is trial 8 with value: 0.07257192581892014.
LOCAL_RANK: 0 - CUDA_VISIBLE_DEVICES: [0]
