[I 2023-12-15 21:41:15,900] Trial 46 finished with value: 0.06366318464279175 and parameters: {'gradient_clip_val': 0.1348373762845089, 'hidden_size': 46, 'dropout': 0.340344543479907, 'hidden_continuous_size': 5, 'attention_head_size': 3, 'learning_rate': 0.011972813057205461}. Best is trial 29 with value: 0.03317490592598915.
LOCAL_RANK: 0 - CUDA_VISIBLE_DEVICES: [0]
[I 2023-12-15 21:42:08,067] Trial 47 finished with value: 0.03248085454106331 and parameters: {'gradient_clip_val': 0.16069578911174245, 'hidden_size': 54, 'dropout': 0.3528879693633683, 'hidden_continuous_size': 7, 'attention_head_size': 3, 'learning_rate': 0.02216340348996051}. Best is trial 47 with value: 0.03248085454106331.
LOCAL_RANK: 0 - CUDA_VISIBLE_DEVICES: [0]
[I 2023-12-15 21:43:01,210] Trial 48 finished with value: 0.05067349970340729 and parameters: {'gradient_clip_val': 0.2615827778664798, 'hidden_size': 54, 'dropout': 0.3543560841858065, 'hidden_continuous_size': 8, 'attention_head_size': 4, 'learning_rate': 0.01439340436865575}. Best is trial 47 with value: 0.03248085454106331.
LOCAL_RANK: 0 - CUDA_VISIBLE_DEVICES: [0]
[I 2023-12-15 21:43:50,477] Trial 49 finished with value: 0.05024547502398491 and parameters: {'gradient_clip_val': 0.8873485072227644, 'hidden_size': 36, 'dropout': 0.38831633577354224, 'hidden_continuous_size': 7, 'attention_head_size': 3, 'learning_rate': 0.019933618770509233}. Best is trial 47 with value: 0.03248085454106331.
[I 2023-12-15 21:43:50,571] A new study created in memory with name: no-name-c66c15e0-fb02-4492-9f53-280ff334158b
/home/le004/conda/anaconda3/envs/tsff_env/lib/python3.9/site-packages/lightning/fabric/plugins/environments/slurm.py:191: The `srun` command is available on your system but is not used. HINT: If your intention is to run Lightning on SLURM, prepend your python command with `srun` like so: srun python /home/le004/master_thesis/git/TSFusionForecast/code/ ...
LOCAL_RANK: 0 - CUDA_VISIBLE_DEVICES: [0]
[I 2023-12-15 21:44:36,256] Trial 0 finished with value: 0.5481432676315308 and parameters: {'gradient_clip_val': 0.5597906032991595, 'hidden_size': 9, 'dropout': 0.30547832540210296, 'hidden_continuous_size': 5, 'attention_head_size': 4, 'learning_rate': 0.004075798298061402}. Best is trial 0 with value: 0.5481432676315308.
LOCAL_RANK: 0 - CUDA_VISIBLE_DEVICES: [0]
[I 2023-12-15 21:45:22,040] Trial 1 finished with value: 2.30766224861145 and parameters: {'gradient_clip_val': 0.11442564696354039, 'hidden_size': 20, 'dropout': 0.23321879691835834, 'hidden_continuous_size': 5, 'attention_head_size': 1, 'learning_rate': 0.0006794413410856629}. Best is trial 0 with value: 0.5481432676315308.
LOCAL_RANK: 0 - CUDA_VISIBLE_DEVICES: [0]
[I 2023-12-15 21:45:55,539] Trial 2 finished with value: 3.359041213989258 and parameters: {'gradient_clip_val': 0.10109821048733739, 'hidden_size': 5, 'dropout': 0.2673111637231837, 'hidden_continuous_size': 5, 'attention_head_size': 1, 'learning_rate': 0.000704865569199047}. Best is trial 0 with value: 0.5481432676315308.
LOCAL_RANK: 0 - CUDA_VISIBLE_DEVICES: [0]
[I 2023-12-15 21:46:49,198] Trial 3 finished with value: 0.3384650647640228 and parameters: {'gradient_clip_val': 0.40850915026745954, 'hidden_size': 66, 'dropout': 0.14527152727237952, 'hidden_continuous_size': 17, 'attention_head_size': 3, 'learning_rate': 0.00200734823596551}. Best is trial 3 with value: 0.3384650647640228.
LOCAL_RANK: 0 - CUDA_VISIBLE_DEVICES: [0]
[I 2023-12-15 21:47:39,651] Trial 4 finished with value: 1.2243095636367798 and parameters: {'gradient_clip_val': 0.20311799960223476, 'hidden_size': 68, 'dropout': 0.38869315436068297, 'hidden_continuous_size': 6, 'attention_head_size': 1, 'learning_rate': 0.003277433237677792}. Best is trial 3 with value: 0.3384650647640228.
LOCAL_RANK: 0 - CUDA_VISIBLE_DEVICES: [0]
[I 2023-12-15 21:48:24,039] Trial 5 finished with value: 0.28685447573661804 and parameters: {'gradient_clip_val': 0.2500522448768745, 'hidden_size': 12, 'dropout': 0.12911477177571212, 'hidden_continuous_size': 9, 'attention_head_size': 2, 'learning_rate': 0.08042670154122525}. Best is trial 5 with value: 0.28685447573661804.
LOCAL_RANK: 0 - CUDA_VISIBLE_DEVICES: [0]
[I 2023-12-15 21:48:57,438] Trial 6 finished with value: 0.809222936630249 and parameters: {'gradient_clip_val': 0.28612579547400036, 'hidden_size': 5, 'dropout': 0.13060828906728744, 'hidden_continuous_size': 5, 'attention_head_size': 2, 'learning_rate': 0.09658037527808416}. Best is trial 5 with value: 0.28685447573661804.
LOCAL_RANK: 0 - CUDA_VISIBLE_DEVICES: [0]
[I 2023-12-15 21:49:31,606] Trial 7 finished with value: 4.0234599113464355 and parameters: {'gradient_clip_val': 0.2935347358843514, 'hidden_size': 5, 'dropout': 0.29978607723793416, 'hidden_continuous_size': 5, 'attention_head_size': 3, 'learning_rate': 0.0005494955070825174}. Best is trial 5 with value: 0.28685447573661804.
LOCAL_RANK: 0 - CUDA_VISIBLE_DEVICES: [0]
[I 2023-12-15 21:50:17,984] Trial 8 finished with value: 0.4372873604297638 and parameters: {'gradient_clip_val': 0.5317551247073801, 'hidden_size': 16, 'dropout': 0.1742266723143671, 'hidden_continuous_size': 12, 'attention_head_size': 4, 'learning_rate': 0.0023299508538102255}. Best is trial 5 with value: 0.28685447573661804.
LOCAL_RANK: 0 - CUDA_VISIBLE_DEVICES: [0]
[I 2023-12-15 21:51:06,215] Trial 9 finished with value: 0.589417576789856 and parameters: {'gradient_clip_val': 0.1336191297442011, 'hidden_size': 21, 'dropout': 0.24242434352345407, 'hidden_continuous_size': 14, 'attention_head_size': 1, 'learning_rate': 0.001784494854043555}. Best is trial 5 with value: 0.28685447573661804.
LOCAL_RANK: 0 - CUDA_VISIBLE_DEVICES: [0]
[I 2023-12-15 21:51:59,134] Trial 10 finished with value: 0.5345234870910645 and parameters: {'gradient_clip_val': 0.21415874338549035, 'hidden_size': 38, 'dropout': 0.12172265745291552, 'hidden_continuous_size': 34, 'attention_head_size': 2, 'learning_rate': 0.03164108283704631}. Best is trial 5 with value: 0.28685447573661804.
LOCAL_RANK: 0 - CUDA_VISIBLE_DEVICES: [0]
[I 2023-12-15 21:52:56,265] Trial 11 finished with value: 1.3893457651138306 and parameters: {'gradient_clip_val': 0.4513723176084974, 'hidden_size': 99, 'dropout': 0.10044160951003567, 'hidden_continuous_size': 54, 'attention_head_size': 3, 'learning_rate': 0.00853878859365489}. Best is trial 5 with value: 0.28685447573661804.
LOCAL_RANK: 0 - CUDA_VISIBLE_DEVICES: [0]
[I 2023-12-15 21:53:47,116] Trial 12 finished with value: 0.500429093837738 and parameters: {'gradient_clip_val': 0.7709116384810869, 'hidden_size': 40, 'dropout': 0.1687391676083852, 'hidden_continuous_size': 12, 'attention_head_size': 3, 'learning_rate': 0.009855427322313745}. Best is trial 5 with value: 0.28685447573661804.
LOCAL_RANK: 0 - CUDA_VISIBLE_DEVICES: [0]
[I 2023-12-15 21:54:32,914] Trial 13 finished with value: 0.3490915298461914 and parameters: {'gradient_clip_val': 0.3956765598150145, 'hidden_size': 13, 'dropout': 0.16680368441828258, 'hidden_continuous_size': 8, 'attention_head_size': 2, 'learning_rate': 0.019335170130574723}. Best is trial 5 with value: 0.28685447573661804.
LOCAL_RANK: 0 - CUDA_VISIBLE_DEVICES: [0]
[I 2023-12-15 21:55:22,604] Trial 14 finished with value: 0.30393514037132263 and parameters: {'gradient_clip_val': 0.35579972835786045, 'hidden_size': 32, 'dropout': 0.1995986423968668, 'hidden_continuous_size': 17, 'attention_head_size': 3, 'learning_rate': 0.08912304594433651}. Best is trial 5 with value: 0.28685447573661804.
LOCAL_RANK: 0 - CUDA_VISIBLE_DEVICES: [0]
[I 2023-12-15 21:56:11,860] Trial 15 finished with value: 0.598409116268158 and parameters: {'gradient_clip_val': 0.9697331567047547, 'hidden_size': 31, 'dropout': 0.20207164632891025, 'hidden_continuous_size': 9, 'attention_head_size': 2, 'learning_rate': 0.08923233173456073}. Best is trial 5 with value: 0.28685447573661804.
LOCAL_RANK: 0 - CUDA_VISIBLE_DEVICES: [0]
[I 2023-12-15 21:56:57,681] Trial 16 finished with value: 0.3741650879383087 and parameters: {'gradient_clip_val': 0.2330205497610626, 'hidden_size': 11, 'dropout': 0.2048351940437741, 'hidden_continuous_size': 6, 'attention_head_size': 4, 'learning_rate': 0.04498277591611375}. Best is trial 5 with value: 0.28685447573661804.
LOCAL_RANK: 0 - CUDA_VISIBLE_DEVICES: [0]
[I 2023-12-15 21:57:46,171] Trial 17 finished with value: 0.24172000586986542 and parameters: {'gradient_clip_val': 0.16595526710996322, 'hidden_size': 28, 'dropout': 0.10087277594353516, 'hidden_continuous_size': 9, 'attention_head_size': 3, 'learning_rate': 0.05135735689801395}. Best is trial 17 with value: 0.24172000586986542.
LOCAL_RANK: 0 - CUDA_VISIBLE_DEVICES: [0]
[I 2023-12-15 21:58:30,266] Trial 18 finished with value: 0.45787230134010315 and parameters: {'gradient_clip_val': 0.15770842024813733, 'hidden_size': 8, 'dropout': 0.10512580094576326, 'hidden_continuous_size': 6, 'attention_head_size': 2, 'learning_rate': 0.04515266264496132}. Best is trial 17 with value: 0.24172000586986542.
LOCAL_RANK: 0 - CUDA_VISIBLE_DEVICES: [0]
[I 2023-12-15 21:59:15,363] Trial 19 finished with value: 1.1101101636886597 and parameters: {'gradient_clip_val': 0.17069271784142676, 'hidden_size': 16, 'dropout': 0.13885152806985707, 'hidden_continuous_size': 8, 'attention_head_size': 3, 'learning_rate': 0.019023753769163782}. Best is trial 17 with value: 0.24172000586986542.
LOCAL_RANK: 0 - CUDA_VISIBLE_DEVICES: [0]
[I 2023-12-15 22:00:04,514] Trial 20 finished with value: 0.29643502831459045 and parameters: {'gradient_clip_val': 0.25863570701969213, 'hidden_size': 27, 'dropout': 0.1062741263496512, 'hidden_continuous_size': 10, 'attention_head_size': 2, 'learning_rate': 0.051068373983571544}. Best is trial 17 with value: 0.24172000586986542.
LOCAL_RANK: 0 - CUDA_VISIBLE_DEVICES: [0]
[I 2023-12-15 22:00:53,577] Trial 21 finished with value: 0.7099885940551758 and parameters: {'gradient_clip_val': 0.2390760616997842, 'hidden_size': 25, 'dropout': 0.10054903404054671, 'hidden_continuous_size': 9, 'attention_head_size': 2, 'learning_rate': 0.049461466793267725}. Best is trial 17 with value: 0.24172000586986542.
LOCAL_RANK: 0 - CUDA_VISIBLE_DEVICES: [0]
[I 2023-12-15 22:01:42,346] Trial 22 finished with value: 0.5164567828178406 and parameters: {'gradient_clip_val': 0.2864500380743624, 'hidden_size': 25, 'dropout': 0.1365819487948009, 'hidden_continuous_size': 10, 'attention_head_size': 2, 'learning_rate': 0.05945068160041266}. Best is trial 17 with value: 0.24172000586986542.
LOCAL_RANK: 0 - CUDA_VISIBLE_DEVICES: [0]
[I 2023-12-15 22:02:28,922] Trial 23 finished with value: 0.3568844795227051 and parameters: {'gradient_clip_val': 0.17798277101347582, 'hidden_size': 17, 'dropout': 0.12241504168778271, 'hidden_continuous_size': 8, 'attention_head_size': 2, 'learning_rate': 0.025260924031722448}. Best is trial 17 with value: 0.24172000586986542.
LOCAL_RANK: 0 - CUDA_VISIBLE_DEVICES: [0]
[I 2023-12-15 22:03:17,894] Trial 24 finished with value: 0.636082112789154 and parameters: {'gradient_clip_val': 0.1454797756315645, 'hidden_size': 25, 'dropout': 0.15892360069553518, 'hidden_continuous_size': 7, 'attention_head_size': 3, 'learning_rate': 0.06771400169766748}. Best is trial 17 with value: 0.24172000586986542.
LOCAL_RANK: 0 - CUDA_VISIBLE_DEVICES: [0]
[I 2023-12-15 22:04:03,632] Trial 25 finished with value: 0.44688382744789124 and parameters: {'gradient_clip_val': 0.19404882585981129, 'hidden_size': 13, 'dropout': 0.11851060571277501, 'hidden_continuous_size': 9, 'attention_head_size': 2, 'learning_rate': 0.033173160336904504}. Best is trial 17 with value: 0.24172000586986542.
LOCAL_RANK: 0 - CUDA_VISIBLE_DEVICES: [0]
[I 2023-12-15 22:04:55,843] Trial 26 finished with value: 0.1892797350883484 and parameters: {'gradient_clip_val': 0.2486991475283951, 'hidden_size': 47, 'dropout': 0.14709306068390396, 'hidden_continuous_size': 11, 'attention_head_size': 1, 'learning_rate': 0.06386016660986148}. Best is trial 26 with value: 0.1892797350883484.
LOCAL_RANK: 0 - CUDA_VISIBLE_DEVICES: [0]
[I 2023-12-15 22:05:48,057] Trial 27 finished with value: 0.36330580711364746 and parameters: {'gradient_clip_val': 0.1992015590172537, 'hidden_size': 46, 'dropout': 0.14933268765669303, 'hidden_continuous_size': 12, 'attention_head_size': 1, 'learning_rate': 0.09736001896064776}. Best is trial 26 with value: 0.1892797350883484.
LOCAL_RANK: 0 - CUDA_VISIBLE_DEVICES: [0]
[I 2023-12-15 22:06:40,292] Trial 28 finished with value: 0.2192205935716629 and parameters: {'gradient_clip_val': 0.2540513757740735, 'hidden_size': 49, 'dropout': 0.18404080903534217, 'hidden_continuous_size': 15, 'attention_head_size': 1, 'learning_rate': 0.06690754486785927}. Best is trial 26 with value: 0.1892797350883484.
LOCAL_RANK: 0 - CUDA_VISIBLE_DEVICES: [0]
[I 2023-12-15 22:07:32,750] Trial 29 finished with value: 0.2734861671924591 and parameters: {'gradient_clip_val': 0.3127818728303754, 'hidden_size': 50, 'dropout': 0.18168063317992988, 'hidden_continuous_size': 21, 'attention_head_size': 1, 'learning_rate': 0.01454087991191196}. Best is trial 26 with value: 0.1892797350883484.
LOCAL_RANK: 0 - CUDA_VISIBLE_DEVICES: [0]
[I 2023-12-15 22:08:23,452] Trial 30 finished with value: 0.261464923620224 and parameters: {'gradient_clip_val': 0.3460101369203264, 'hidden_size': 33, 'dropout': 0.15262493231075783, 'hidden_continuous_size': 14, 'attention_head_size': 4, 'learning_rate': 0.03985775841587545}. Best is trial 26 with value: 0.1892797350883484.
LOCAL_RANK: 0 - CUDA_VISIBLE_DEVICES: [0]
[I 2023-12-15 22:09:14,887] Trial 31 finished with value: 0.19826161861419678 and parameters: {'gradient_clip_val': 0.3410879527741079, 'hidden_size': 35, 'dropout': 0.15744627413711137, 'hidden_continuous_size': 14, 'attention_head_size': 4, 'learning_rate': 0.034517663745597026}. Best is trial 26 with value: 0.1892797350883484.
LOCAL_RANK: 0 - CUDA_VISIBLE_DEVICES: [0]
[I 2023-12-15 22:10:09,006] Trial 32 finished with value: 0.41252633929252625 and parameters: {'gradient_clip_val': 0.2249482354733648, 'hidden_size': 53, 'dropout': 0.1855440485769211, 'hidden_continuous_size': 20, 'attention_head_size': 4, 'learning_rate': 0.0630298949931749}. Best is trial 26 with value: 0.1892797350883484.
LOCAL_RANK: 0 - CUDA_VISIBLE_DEVICES: [0]
[I 2023-12-15 22:10:59,730] Trial 33 finished with value: 0.2512226998806 and parameters: {'gradient_clip_val': 0.2670771537986786, 'hidden_size': 39, 'dropout': 0.15824149217353034, 'hidden_continuous_size': 11, 'attention_head_size': 1, 'learning_rate': 0.03152400530060118}. Best is trial 26 with value: 0.1892797350883484.
LOCAL_RANK: 0 - CUDA_VISIBLE_DEVICES: [0]
[I 2023-12-15 22:11:53,800] Trial 34 finished with value: 0.3281650245189667 and parameters: {'gradient_clip_val': 0.1275331503779167, 'hidden_size': 62, 'dropout': 0.2216166788118933, 'hidden_continuous_size': 15, 'attention_head_size': 4, 'learning_rate': 0.061302297735376765}. Best is trial 26 with value: 0.1892797350883484.
LOCAL_RANK: 0 - CUDA_VISIBLE_DEVICES: [0]
[I 2023-12-15 22:12:45,914] Trial 35 finished with value: 0.3012743890285492 and parameters: {'gradient_clip_val': 0.33889951276652136, 'hidden_size': 42, 'dropout': 0.14679996684838578, 'hidden_continuous_size': 13, 'attention_head_size': 1, 'learning_rate': 0.024573080328773058}. Best is trial 26 with value: 0.1892797350883484.
LOCAL_RANK: 0 - CUDA_VISIBLE_DEVICES: [0]
[I 2023-12-15 22:13:38,188] Trial 36 finished with value: 0.26073792576789856 and parameters: {'gradient_clip_val': 0.18687195042536228, 'hidden_size': 51, 'dropout': 0.21939036890471192, 'hidden_continuous_size': 16, 'attention_head_size': 1, 'learning_rate': 0.0657172315356042}. Best is trial 26 with value: 0.1892797350883484.
LOCAL_RANK: 0 - CUDA_VISIBLE_DEVICES: [0]
[I 2023-12-15 22:14:29,036] Trial 37 finished with value: 1.5220969915390015 and parameters: {'gradient_clip_val': 0.16574522151184165, 'hidden_size': 35, 'dropout': 0.18694932827628905, 'hidden_continuous_size': 11, 'attention_head_size': 4, 'learning_rate': 0.04053776980153276}. Best is trial 26 with value: 0.1892797350883484.
LOCAL_RANK: 0 - CUDA_VISIBLE_DEVICES: [0]
[I 2023-12-15 22:15:17,799] Trial 38 finished with value: 0.48303112387657166 and parameters: {'gradient_clip_val': 0.214876833169187, 'hidden_size': 29, 'dropout': 0.14228782978031412, 'hidden_continuous_size': 13, 'attention_head_size': 1, 'learning_rate': 0.06925349253852157}. Best is trial 26 with value: 0.1892797350883484.
LOCAL_RANK: 0 - CUDA_VISIBLE_DEVICES: [0]
[I 2023-12-15 22:16:10,118] Trial 39 finished with value: 0.2931874692440033 and parameters: {'gradient_clip_val': 0.10915919724787865, 'hidden_size': 44, 'dropout': 0.12683139654762937, 'hidden_continuous_size': 17, 'attention_head_size': 3, 'learning_rate': 0.0784781882110088}. Best is trial 26 with value: 0.1892797350883484.
LOCAL_RANK: 0 - CUDA_VISIBLE_DEVICES: [0]
[I 2023-12-15 22:17:04,352] Trial 40 finished with value: 0.4024052917957306 and parameters: {'gradient_clip_val': 0.28086882008015107, 'hidden_size': 59, 'dropout': 0.16819305205545432, 'hidden_continuous_size': 19, 'attention_head_size': 4, 'learning_rate': 0.050694314591815455}. Best is trial 26 with value: 0.1892797350883484.
LOCAL_RANK: 0 - CUDA_VISIBLE_DEVICES: [0]
[I 2023-12-15 22:17:54,562] Trial 41 finished with value: 1.4184421300888062 and parameters: {'gradient_clip_val': 0.26826385028102223, 'hidden_size': 37, 'dropout': 0.15493632150994813, 'hidden_continuous_size': 11, 'attention_head_size': 1, 'learning_rate': 0.030220194135888726}. Best is trial 26 with value: 0.1892797350883484.
LOCAL_RANK: 0 - CUDA_VISIBLE_DEVICES: [0]
[I 2023-12-15 22:18:43,350] Trial 42 finished with value: 0.37320175766944885 and parameters: {'gradient_clip_val': 0.2514976263656983, 'hidden_size': 36, 'dropout': 0.1667198808642197, 'hidden_continuous_size': 11, 'attention_head_size': 1, 'learning_rate': 0.03826831793627551}. Best is trial 26 with value: 0.1892797350883484.
LOCAL_RANK: 0 - CUDA_VISIBLE_DEVICES: [0]
[I 2023-12-15 22:19:35,242] Trial 43 finished with value: 0.8886138796806335 and parameters: {'gradient_clip_val': 0.302357276291909, 'hidden_size': 42, 'dropout': 0.1332445127368573, 'hidden_continuous_size': 14, 'attention_head_size': 1, 'learning_rate': 0.03246587076471323}. Best is trial 26 with value: 0.1892797350883484.
LOCAL_RANK: 0 - CUDA_VISIBLE_DEVICES: [0]
[I 2023-12-15 22:20:27,938] Trial 44 finished with value: 0.33422932028770447 and parameters: {'gradient_clip_val': 0.2142451020130281, 'hidden_size': 72, 'dropout': 0.12027574109587906, 'hidden_continuous_size': 23, 'attention_head_size': 1, 'learning_rate': 0.07324411382657096}. Best is trial 26 with value: 0.1892797350883484.
LOCAL_RANK: 0 - CUDA_VISIBLE_DEVICES: [0]
[I 2023-12-15 22:21:16,606] Trial 45 finished with value: 0.4263438284397125 and parameters: {'gradient_clip_val': 0.25350415517199226, 'hidden_size': 30, 'dropout': 0.1571625036400682, 'hidden_continuous_size': 10, 'attention_head_size': 1, 'learning_rate': 0.04972074642797002}. Best is trial 26 with value: 0.1892797350883484.
LOCAL_RANK: 0 - CUDA_VISIBLE_DEVICES: [0]
[I 2023-12-15 22:22:04,812] Trial 46 finished with value: 0.29250454902648926 and parameters: {'gradient_clip_val': 0.3809827772063185, 'hidden_size': 21, 'dropout': 0.17754686497074584, 'hidden_continuous_size': 11, 'attention_head_size': 1, 'learning_rate': 0.025923760293917974}. Best is trial 26 with value: 0.1892797350883484.
LOCAL_RANK: 0 - CUDA_VISIBLE_DEVICES: [0]
[I 2023-12-15 22:22:57,260] Trial 47 finished with value: 0.36027202010154724 and parameters: {'gradient_clip_val': 0.3106259210733875, 'hidden_size': 38, 'dropout': 0.2567487293043992, 'hidden_continuous_size': 15, 'attention_head_size': 3, 'learning_rate': 0.013068584576556753}. Best is trial 26 with value: 0.1892797350883484.
LOCAL_RANK: 0 - CUDA_VISIBLE_DEVICES: [0]
[I 2023-12-15 22:23:49,136] Trial 48 finished with value: 0.7973175048828125 and parameters: {'gradient_clip_val': 0.43114669530947486, 'hidden_size': 45, 'dropout': 0.1125193285300028, 'hidden_continuous_size': 13, 'attention_head_size': 1, 'learning_rate': 0.0939899598832272}. Best is trial 26 with value: 0.1892797350883484.
LOCAL_RANK: 0 - CUDA_VISIBLE_DEVICES: [0]
[I 2023-12-15 22:24:39,345] Trial 49 finished with value: 0.5290908217430115 and parameters: {'gradient_clip_val': 0.2286579453678314, 'hidden_size': 33, 'dropout': 0.13796165419996742, 'hidden_continuous_size': 12, 'attention_head_size': 3, 'learning_rate': 0.037930855346478075}. Best is trial 26 with value: 0.1892797350883484.
[I 2023-12-15 22:24:39,438] A new study created in memory with name: no-name-c8b9a49f-0165-424f-8a9c-f815704a6e46
/home/le004/conda/anaconda3/envs/tsff_env/lib/python3.9/site-packages/lightning/fabric/plugins/environments/slurm.py:191: The `srun` command is available on your system but is not used. HINT: If your intention is to run Lightning on SLURM, prepend your python command with `srun` like so: srun python /home/le004/master_thesis/git/TSFusionForecast/code/ ...
LOCAL_RANK: 0 - CUDA_VISIBLE_DEVICES: [0]
[I 2023-12-15 22:25:33,173] Trial 0 finished with value: 0.1078704297542572 and parameters: {'gradient_clip_val': 0.1501705038204298, 'hidden_size': 52, 'dropout': 0.2129134572673185, 'hidden_continuous_size': 35, 'attention_head_size': 4, 'learning_rate': 0.0007745468736736473}. Best is trial 0 with value: 0.1078704297542572.
LOCAL_RANK: 0 - CUDA_VISIBLE_DEVICES: [0]
[I 2023-12-15 22:26:16,802] Trial 1 finished with value: 0.21142756938934326 and parameters: {'gradient_clip_val': 0.47240657192000196, 'hidden_size': 8, 'dropout': 0.3305586301059261, 'hidden_continuous_size': 6, 'attention_head_size': 1, 'learning_rate': 0.07161310873851409}. Best is trial 0 with value: 0.1078704297542572.
LOCAL_RANK: 0 - CUDA_VISIBLE_DEVICES: [0]
