[I 2023-12-26 16:04:25,417] Trial 1 finished with value: 45.96749496459961 and parameters: {'gradient_clip_val': 0.5474595304747703, 'hidden_size': 6, 'dropout': 0.47861708271209047, 'hidden_continuous_size': 5, 'attention_head_size': 4, 'learning_rate': 0.006828495704963251}. Best is trial 0 with value: 5.694782733917236.
[I 2023-12-26 16:04:27,598] Trial 2 finished with value: 45.70432662963867 and parameters: {'gradient_clip_val': 0.3241767415771625, 'hidden_size': 18, 'dropout': 0.4506977665934556, 'hidden_continuous_size': 9, 'attention_head_size': 1, 'learning_rate': 0.005262735650393427}. Best is trial 0 with value: 5.694782733917236.
[I 2023-12-26 16:04:30,297] Trial 3 finished with value: 33.26312255859375 and parameters: {'gradient_clip_val': 0.21470541583853492, 'hidden_size': 44, 'dropout': 0.4380318271400522, 'hidden_continuous_size': 10, 'attention_head_size': 1, 'learning_rate': 0.040763668876683784}. Best is trial 0 with value: 5.694782733917236.
[I 2023-12-26 16:04:31,943] Trial 4 finished with value: 53.11506652832031 and parameters: {'gradient_clip_val': 0.6116327158441867, 'hidden_size': 5, 'dropout': 0.4894719052385409, 'hidden_continuous_size': 5, 'attention_head_size': 1, 'learning_rate': 0.0025671596423454636}. Best is trial 0 with value: 5.694782733917236.
[I 2023-12-26 16:04:40,361] Trial 5 finished with value: 31.97467613220215 and parameters: {'gradient_clip_val': 0.8123352344369074, 'hidden_size': 139, 'dropout': 0.40422194480675966, 'hidden_continuous_size': 38, 'attention_head_size': 4, 'learning_rate': 0.005789572664113093}. Best is trial 0 with value: 5.694782733917236.
[I 2023-12-26 16:04:42,063] Trial 6 finished with value: 45.4736328125 and parameters: {'gradient_clip_val': 0.6583881169066392, 'hidden_size': 6, 'dropout': 0.1768737283627337, 'hidden_continuous_size': 6, 'attention_head_size': 2, 'learning_rate': 0.09372789597093184}. Best is trial 0 with value: 5.694782733917236.
[I 2023-12-26 16:04:43,748] Trial 7 finished with value: 39.35552978515625 and parameters: {'gradient_clip_val': 0.5162634953582768, 'hidden_size': 5, 'dropout': 0.28791401658904625, 'hidden_continuous_size': 5, 'attention_head_size': 2, 'learning_rate': 0.02401868075969194}. Best is trial 0 with value: 5.694782733917236.
[I 2023-12-26 16:04:46,011] Trial 8 finished with value: 48.9793586730957 and parameters: {'gradient_clip_val': 0.5562969606622137, 'hidden_size': 23, 'dropout': 0.45487951993616893, 'hidden_continuous_size': 15, 'attention_head_size': 2, 'learning_rate': 0.0023338057855623413}. Best is trial 0 with value: 5.694782733917236.
[I 2023-12-26 16:04:52,776] Trial 9 finished with value: 44.07966232299805 and parameters: {'gradient_clip_val': 0.12224860698791198, 'hidden_size': 107, 'dropout': 0.1729107521880621, 'hidden_continuous_size': 66, 'attention_head_size': 1, 'learning_rate': 0.005617047464873143}. Best is trial 0 with value: 5.694782733917236.
[I 2023-12-26 16:04:57,484] Trial 10 finished with value: 41.31504821777344 and parameters: {'gradient_clip_val': 0.9440276148499439, 'hidden_size': 70, 'dropout': 0.29739373902669325, 'hidden_continuous_size': 29, 'attention_head_size': 3, 'learning_rate': 0.0007208758957489328}. Best is trial 0 with value: 5.694782733917236.
[I 2023-12-26 16:05:11,438] Trial 11 finished with value: 38.775108337402344 and parameters: {'gradient_clip_val': 0.9308394692998916, 'hidden_size': 150, 'dropout': 0.36022038681072904, 'hidden_continuous_size': 144, 'attention_head_size': 4, 'learning_rate': 0.0006581920164892626}. Best is trial 0 with value: 5.694782733917236.
[I 2023-12-26 16:05:19,032] Trial 12 finished with value: 42.12989044189453 and parameters: {'gradient_clip_val': 0.9971023692214734, 'hidden_size': 89, 'dropout': 0.3514555718623069, 'hidden_continuous_size': 37, 'attention_head_size': 3, 'learning_rate': 0.0015094093500916622}. Best is trial 0 with value: 5.694782733917236.
[I 2023-12-26 16:05:31,243] Trial 13 finished with value: 35.03502655029297 and parameters: {'gradient_clip_val': 0.36592976875311395, 'hidden_size': 147, 'dropout': 0.24257556555384607, 'hidden_continuous_size': 59, 'attention_head_size': 4, 'learning_rate': 0.011819131880794741}. Best is trial 0 with value: 5.694782733917236.
[I 2023-12-26 16:05:36,433] Trial 14 finished with value: 36.18095016479492 and parameters: {'gradient_clip_val': 0.771058504413172, 'hidden_size': 53, 'dropout': 0.37180992723940215, 'hidden_continuous_size': 19, 'attention_head_size': 3, 'learning_rate': 0.0005020439421633668}. Best is trial 0 with value: 5.694782733917236.
[I 2023-12-26 16:05:44,679] Trial 15 finished with value: 46.43442153930664 and parameters: {'gradient_clip_val': 0.4240047915034003, 'hidden_size': 96, 'dropout': 0.10854750256675427, 'hidden_continuous_size': 36, 'attention_head_size': 4, 'learning_rate': 0.0019448363690921205}. Best is trial 0 with value: 5.694782733917236.
[I 2023-12-26 16:05:48,679] Trial 16 finished with value: 37.33404541015625 and parameters: {'gradient_clip_val': 0.7442093033700864, 'hidden_size': 41, 'dropout': 0.41050593288739295, 'hidden_continuous_size': 19, 'attention_head_size': 3, 'learning_rate': 0.0012402176278765832}. Best is trial 0 with value: 5.694782733917236.
[I 2023-12-26 16:05:54,825] Trial 17 finished with value: 39.50626754760742 and parameters: {'gradient_clip_val': 0.44779081354069367, 'hidden_size': 67, 'dropout': 0.39652672144727424, 'hidden_continuous_size': 26, 'attention_head_size': 4, 'learning_rate': 0.0041869063602955866}. Best is trial 0 with value: 5.694782733917236.
[I 2023-12-26 16:06:08,680] Trial 18 finished with value: 33.39316177368164 and parameters: {'gradient_clip_val': 0.7267204736125489, 'hidden_size': 148, 'dropout': 0.35013114340744, 'hidden_continuous_size': 146, 'attention_head_size': 3, 'learning_rate': 0.003597417834934287}. Best is trial 0 with value: 5.694782733917236.
[I 2023-12-26 16:06:17,900] Trial 19 finished with value: 41.6865119934082 and parameters: {'gradient_clip_val': 0.2554579994886519, 'hidden_size': 104, 'dropout': 0.31438137653790804, 'hidden_continuous_size': 73, 'attention_head_size': 4, 'learning_rate': 0.010676986049940511}. Best is trial 0 with value: 5.694782733917236.
[I 2023-12-26 16:06:21,199] Trial 20 finished with value: 34.1070556640625 and parameters: {'gradient_clip_val': 0.7925080708158208, 'hidden_size': 32, 'dropout': 0.4160053991658724, 'hidden_continuous_size': 13, 'attention_head_size': 3, 'learning_rate': 0.003095589019866478}. Best is trial 0 with value: 5.694782733917236.
[I 2023-12-26 16:06:26,150] Trial 21 finished with value: 35.960357666015625 and parameters: {'gradient_clip_val': 0.21103706583855575, 'hidden_size': 54, 'dropout': 0.45342743487457016, 'hidden_continuous_size': 10, 'attention_head_size': 2, 'learning_rate': 0.026270737996888123}. Best is trial 0 with value: 5.694782733917236.
[I 2023-12-26 16:06:32,299] Trial 22 finished with value: 30.702476501464844 and parameters: {'gradient_clip_val': 0.2569370663385862, 'hidden_size': 74, 'dropout': 0.49722867696615586, 'hidden_continuous_size': 8, 'attention_head_size': 2, 'learning_rate': 0.0014255468314625526}. Best is trial 0 with value: 5.694782733917236.
[I 2023-12-26 16:06:39,288] Trial 23 finished with value: 37.99257278442383 and parameters: {'gradient_clip_val': 0.4208927766011771, 'hidden_size': 82, 'dropout': 0.49749788640613274, 'hidden_continuous_size': 8, 'attention_head_size': 2, 'learning_rate': 0.0010795496700748838}. Best is trial 0 with value: 5.694782733917236.
[I 2023-12-26 16:06:49,078] Trial 24 finished with value: 39.057334899902344 and parameters: {'gradient_clip_val': 0.6162274002207893, 'hidden_size': 116, 'dropout': 0.39074882127383304, 'hidden_continuous_size': 47, 'attention_head_size': 2, 'learning_rate': 0.000999236060304152}. Best is trial 0 with value: 5.694782733917236.
[I 2023-12-26 16:06:55,337] Trial 25 finished with value: 44.65843200683594 and parameters: {'gradient_clip_val': 0.4914283579004799, 'hidden_size': 73, 'dropout': 0.4265051550297897, 'hidden_continuous_size': 25, 'attention_head_size': 3, 'learning_rate': 0.0015403596385357879}. Best is trial 0 with value: 5.694782733917236.
[I 2023-12-26 16:07:06,181] Trial 26 finished with value: 44.51969528198242 and parameters: {'gradient_clip_val': 0.2850099674905306, 'hidden_size': 120, 'dropout': 0.4784863992831489, 'hidden_continuous_size': 92, 'attention_head_size': 2, 'learning_rate': 0.0019526055729439478}. Best is trial 0 with value: 5.694782733917236.
[I 2023-12-26 16:07:13,967] Trial 27 finished with value: 41.08363723754883 and parameters: {'gradient_clip_val': 0.843488645675326, 'hidden_size': 86, 'dropout': 0.32601138616333336, 'hidden_continuous_size': 42, 'attention_head_size': 3, 'learning_rate': 0.0032561371679656163}. Best is trial 0 with value: 5.694782733917236.
[I 2023-12-26 16:07:24,486] Trial 28 finished with value: 44.33083724975586 and parameters: {'gradient_clip_val': 0.6582695007173589, 'hidden_size': 123, 'dropout': 0.3912482387539096, 'hidden_continuous_size': 31, 'attention_head_size': 4, 'learning_rate': 0.0007824504072098116}. Best is trial 0 with value: 5.694782733917236.
[I 2023-12-26 16:07:30,157] Trial 29 finished with value: 40.52573013305664 and parameters: {'gradient_clip_val': 0.550204300399212, 'hidden_size': 64, 'dropout': 0.47260530765903047, 'hidden_continuous_size': 24, 'attention_head_size': 4, 'learning_rate': 0.001879438539986314}. Best is trial 0 with value: 5.694782733917236.
[I 2023-12-26 16:07:37,552] Trial 30 finished with value: 39.84511184692383 and parameters: {'gradient_clip_val': 0.378828910854729, 'hidden_size': 86, 'dropout': 0.46402328557776695, 'hidden_continuous_size': 16, 'attention_head_size': 3, 'learning_rate': 0.008309792989028172}. Best is trial 0 with value: 5.694782733917236.
[I 2023-12-26 16:07:41,949] Trial 31 finished with value: 50.456356048583984 and parameters: {'gradient_clip_val': 0.20679398517859765, 'hidden_size': 50, 'dropout': 0.4407861516505615, 'hidden_continuous_size': 11, 'attention_head_size': 1, 'learning_rate': 0.0015084056565035486}. Best is trial 0 with value: 5.694782733917236.
[I 2023-12-26 16:07:50,154] Trial 32 finished with value: 31.692834854125977 and parameters: {'gradient_clip_val': 0.3244685057181797, 'hidden_size': 98, 'dropout': 0.4298811029379227, 'hidden_continuous_size': 12, 'attention_head_size': 1, 'learning_rate': 0.004717700787441497}. Best is trial 0 with value: 5.694782733917236.
[I 2023-12-26 16:07:59,964] Trial 33 finished with value: 41.11972427368164 and parameters: {'gradient_clip_val': 0.2908723680159774, 'hidden_size': 123, 'dropout': 0.4970827059347538, 'hidden_continuous_size': 8, 'attention_head_size': 1, 'learning_rate': 0.004886187733573542}. Best is trial 0 with value: 5.694782733917236.
[I 2023-12-26 16:08:08,317] Trial 34 finished with value: 39.64909744262695 and parameters: {'gradient_clip_val': 0.3393269793141461, 'hidden_size': 98, 'dropout': 0.42786563920240694, 'hidden_continuous_size': 20, 'attention_head_size': 1, 'learning_rate': 0.0027532503043472666}. Best is trial 0 with value: 5.694782733917236.
[I 2023-12-26 16:08:14,898] Trial 35 finished with value: 40.879188537597656 and parameters: {'gradient_clip_val': 0.8611804410784097, 'hidden_size': 75, 'dropout': 0.47101864966413565, 'hidden_continuous_size': 15, 'attention_head_size': 1, 'learning_rate': 0.005698479035639875}. Best is trial 0 with value: 5.694782733917236.
[I 2023-12-26 16:08:20,222] Trial 36 finished with value: 57.71308517456055 and parameters: {'gradient_clip_val': 0.6728659421783186, 'hidden_size': 59, 'dropout': 0.43990704122859114, 'hidden_continuous_size': 12, 'attention_head_size': 2, 'learning_rate': 0.003657007203812292}. Best is trial 0 with value: 5.694782733917236.
[I 2023-12-26 16:08:29,001] Trial 37 finished with value: 50.30120849609375 and parameters: {'gradient_clip_val': 0.6427784754122025, 'hidden_size': 103, 'dropout': 0.448273178928335, 'hidden_continuous_size': 7, 'attention_head_size': 2, 'learning_rate': 0.0025396946591240152}. Best is trial 0 with value: 5.694782733917236.
[I 2023-12-26 16:08:39,835] Trial 38 finished with value: 42.7526969909668 and parameters: {'gradient_clip_val': 0.47582000092410226, 'hidden_size': 126, 'dropout': 0.49016081404002754, 'hidden_continuous_size': 9, 'attention_head_size': 1, 'learning_rate': 0.004711562041554655}. Best is trial 0 with value: 5.694782733917236.
[I 2023-12-26 16:08:46,384] Trial 39 finished with value: 57.72757339477539 and parameters: {'gradient_clip_val': 0.5726388161614426, 'hidden_size': 76, 'dropout': 0.27399856292582736, 'hidden_continuous_size': 6, 'attention_head_size': 1, 'learning_rate': 0.008325793368529998}. Best is trial 0 with value: 5.694782733917236.
[I 2023-12-26 16:08:50,575] Trial 40 finished with value: 44.21559524536133 and parameters: {'gradient_clip_val': 0.5618572140352699, 'hidden_size': 42, 'dropout': 0.4104908088732243, 'hidden_continuous_size': 11, 'attention_head_size': 2, 'learning_rate': 0.006676836707253569}. Best is trial 0 with value: 5.694782733917236.
[I 2023-12-26 16:08:56,071] Trial 41 finished with value: 31.10047721862793 and parameters: {'gradient_clip_val': 0.22293281676580412, 'hidden_size': 63, 'dropout': 0.46426836203137467, 'hidden_continuous_size': 13, 'attention_head_size': 1, 'learning_rate': 0.08264191433537468}. Best is trial 0 with value: 5.694782733917236.
[I 2023-12-26 16:09:04,141] Trial 42 finished with value: 34.958988189697266 and parameters: {'gradient_clip_val': 0.23774489344161898, 'hidden_size': 91, 'dropout': 0.46645659477071194, 'hidden_continuous_size': 22, 'attention_head_size': 1, 'learning_rate': 0.038638408011087096}. Best is trial 0 with value: 5.694782733917236.
[I 2023-12-26 16:09:09,801] Trial 43 finished with value: 31.14515495300293 and parameters: {'gradient_clip_val': 0.3120710038342063, 'hidden_size': 65, 'dropout': 0.4801742070089763, 'hidden_continuous_size': 17, 'attention_head_size': 1, 'learning_rate': 0.08983210876505907}. Best is trial 0 with value: 5.694782733917236.
[I 2023-12-26 16:09:14,959] Trial 44 finished with value: 41.7514762878418 and parameters: {'gradient_clip_val': 0.18130949492973303, 'hidden_size': 60, 'dropout': 0.4801207140760893, 'hidden_continuous_size': 14, 'attention_head_size': 1, 'learning_rate': 0.08785601090691228}. Best is trial 0 with value: 5.694782733917236.
[I 2023-12-26 16:09:20,797] Trial 45 finished with value: 54.40681457519531 and parameters: {'gradient_clip_val': 0.3126714799864507, 'hidden_size': 68, 'dropout': 0.49982820275554707, 'hidden_continuous_size': 17, 'attention_head_size': 1, 'learning_rate': 0.07732861780374647}. Best is trial 0 with value: 5.694782733917236.
[I 2023-12-26 16:09:25,092] Trial 46 finished with value: 36.01899337768555 and parameters: {'gradient_clip_val': 0.1797447122887441, 'hidden_size': 45, 'dropout': 0.45785648383138067, 'hidden_continuous_size': 13, 'attention_head_size': 1, 'learning_rate': 0.07584195030166722}. Best is trial 0 with value: 5.694782733917236.
[I 2023-12-26 16:09:31,820] Trial 47 finished with value: 28.6160945892334 and parameters: {'gradient_clip_val': 0.36668073568659026, 'hidden_size': 80, 'dropout': 0.43522719208003247, 'hidden_continuous_size': 15, 'attention_head_size': 1, 'learning_rate': 0.0592570102332381}. Best is trial 0 with value: 5.694782733917236.
[I 2023-12-26 16:09:38,521] Trial 48 finished with value: 35.57318115234375 and parameters: {'gradient_clip_val': 0.26236799760033175, 'hidden_size': 77, 'dropout': 0.4796799466225437, 'hidden_continuous_size': 17, 'attention_head_size': 1, 'learning_rate': 0.061640557429745536}. Best is trial 0 with value: 5.694782733917236.
[I 2023-12-26 16:09:43,622] Trial 49 finished with value: 42.67710494995117 and parameters: {'gradient_clip_val': 0.3747578392044086, 'hidden_size': 59, 'dropout': 0.4539458092051933, 'hidden_continuous_size': 5, 'attention_head_size': 2, 'learning_rate': 0.05578762906593627}. Best is trial 0 with value: 5.694782733917236.
[I 2023-12-26 16:09:43,761] A new study created in memory with name: no-name-7bacea91-2245-45a9-8549-c7d5a7309f8f
/home/le004/conda/anaconda3/envs/tsff_env/lib/python3.9/site-packages/lightning/fabric/plugins/environments/slurm.py:191: The `srun` command is available on your system but is not used. HINT: If your intention is to run Lightning on SLURM, prepend your python command with `srun` like so: srun python /home/le004/master_thesis/git/TSFusionForecast/code/ ...
[I 2023-12-26 16:13:14,045] Trial 0 finished with value: 3.655667304992676 and parameters: {'gradient_clip_val': 0.1213812381699546, 'hidden_size': 13, 'dropout': 0.13292995409811584, 'hidden_continuous_size': 12, 'attention_head_size': 2, 'learning_rate': 0.0018347165301250256}. Best is trial 0 with value: 3.655667304992676.
[I 2023-12-26 16:13:17,834] Trial 1 finished with value: 17.868284225463867 and parameters: {'gradient_clip_val': 0.28750902491266467, 'hidden_size': 66, 'dropout': 0.28854671215041866, 'hidden_continuous_size': 29, 'attention_head_size': 2, 'learning_rate': 0.0005013780176387892}. Best is trial 0 with value: 3.655667304992676.
[I 2023-12-26 16:13:23,203] Trial 2 finished with value: 19.122652053833008 and parameters: {'gradient_clip_val': 0.24940298904674757, 'hidden_size': 91, 'dropout': 0.1731725898718676, 'hidden_continuous_size': 26, 'attention_head_size': 3, 'learning_rate': 0.0018415237323835922}. Best is trial 0 with value: 3.655667304992676.
[I 2023-12-26 16:13:25,470] Trial 3 finished with value: 12.100883483886719 and parameters: {'gradient_clip_val': 0.7976373680186188, 'hidden_size': 27, 'dropout': 0.35935932047579056, 'hidden_continuous_size': 7, 'attention_head_size': 1, 'learning_rate': 0.002396504403394138}. Best is trial 0 with value: 3.655667304992676.
[I 2023-12-26 16:13:27,418] Trial 4 finished with value: 17.90785026550293 and parameters: {'gradient_clip_val': 0.14542322119282977, 'hidden_size': 10, 'dropout': 0.3669276337962226, 'hidden_continuous_size': 8, 'attention_head_size': 3, 'learning_rate': 0.0034142715284386713}. Best is trial 0 with value: 3.655667304992676.
[I 2023-12-26 16:13:33,995] Trial 5 finished with value: 15.859904289245605 and parameters: {'gradient_clip_val': 0.6831756966582158, 'hidden_size': 108, 'dropout': 0.23290813188297146, 'hidden_continuous_size': 41, 'attention_head_size': 4, 'learning_rate': 0.004533064610280537}. Best is trial 0 with value: 3.655667304992676.
[I 2023-12-26 16:13:36,205] Trial 6 finished with value: 25.956811904907227 and parameters: {'gradient_clip_val': 0.6376354574539562, 'hidden_size': 23, 'dropout': 0.375560612204908, 'hidden_continuous_size': 10, 'attention_head_size': 2, 'learning_rate': 0.0197477465493376}. Best is trial 0 with value: 3.655667304992676.
[I 2023-12-26 16:13:38,150] Trial 7 finished with value: 12.085673332214355 and parameters: {'gradient_clip_val': 0.15203836239626423, 'hidden_size': 13, 'dropout': 0.21707460364916595, 'hidden_continuous_size': 8, 'attention_head_size': 1, 'learning_rate': 0.0021169814124531766}. Best is trial 0 with value: 3.655667304992676.
[I 2023-12-26 16:13:40,274] Trial 8 finished with value: 17.16279411315918 and parameters: {'gradient_clip_val': 0.9462153759236093, 'hidden_size': 20, 'dropout': 0.13306425444678546, 'hidden_continuous_size': 10, 'attention_head_size': 3, 'learning_rate': 0.005974315234063865}. Best is trial 0 with value: 3.655667304992676.
[I 2023-12-26 16:13:43,570] Trial 9 finished with value: 17.142526626586914 and parameters: {'gradient_clip_val': 0.10888921142993144, 'hidden_size': 58, 'dropout': 0.42510925402280053, 'hidden_continuous_size': 18, 'attention_head_size': 2, 'learning_rate': 0.054494783390915354}. Best is trial 0 with value: 3.655667304992676.
[I 2023-12-26 16:13:45,302] Trial 10 finished with value: 25.37868309020996 and parameters: {'gradient_clip_val': 0.43442570118475754, 'hidden_size': 5, 'dropout': 0.10571457724092542, 'hidden_continuous_size': 5, 'attention_head_size': 4, 'learning_rate': 0.01454323887827094}. Best is trial 0 with value: 3.655667304992676.
[I 2023-12-26 16:13:47,230] Trial 11 finished with value: 25.880157470703125 and parameters: {'gradient_clip_val': 0.1724564480281083, 'hidden_size': 10, 'dropout': 0.2029946879821618, 'hidden_continuous_size': 5, 'attention_head_size': 1, 'learning_rate': 0.0011054267926716248}. Best is trial 0 with value: 3.655667304992676.
[I 2023-12-26 16:13:49,393] Trial 12 finished with value: 16.703577041625977 and parameters: {'gradient_clip_val': 0.10052953868462612, 'hidden_size': 12, 'dropout': 0.23594550404604214, 'hidden_continuous_size': 7, 'attention_head_size': 1, 'learning_rate': 0.0010638966308090358}. Best is trial 0 with value: 3.655667304992676.
[I 2023-12-26 16:13:51,055] Trial 13 finished with value: 26.63310432434082 and parameters: {'gradient_clip_val': 0.17403713941276636, 'hidden_size': 5, 'dropout': 0.1568054763648028, 'hidden_continuous_size': 5, 'attention_head_size': 1, 'learning_rate': 0.00202694806320199}. Best is trial 0 with value: 3.655667304992676.
[I 2023-12-26 16:13:53,161] Trial 14 finished with value: 14.567909240722656 and parameters: {'gradient_clip_val': 0.22327066942674267, 'hidden_size': 15, 'dropout': 0.10716615318350019, 'hidden_continuous_size': 10, 'attention_head_size': 2, 'learning_rate': 0.008573093726037243}. Best is trial 0 with value: 3.655667304992676.
[I 2023-12-26 16:13:55,700] Trial 15 finished with value: 24.27678871154785 and parameters: {'gradient_clip_val': 0.13789256710582118, 'hidden_size': 35, 'dropout': 0.19020602201350223, 'hidden_continuous_size': 15, 'attention_head_size': 1, 'learning_rate': 0.0005029105952066947}. Best is trial 0 with value: 3.655667304992676.
