[I 2023-12-15 15:22:06,094] Trial 46 finished with value: 173.85646057128906 and parameters: {'gradient_clip_val': 0.16460194136397113, 'hidden_size': 39, 'dropout': 0.28052351996679453, 'hidden_continuous_size': 12, 'attention_head_size': 3, 'learning_rate': 0.0006391461190092855}. Best is trial 42 with value: 61.58195114135742.
LOCAL_RANK: 0 - CUDA_VISIBLE_DEVICES: [0]
[I 2023-12-15 15:22:59,556] Trial 47 finished with value: 94.4859619140625 and parameters: {'gradient_clip_val': 0.20711349818062907, 'hidden_size': 53, 'dropout': 0.2651218133277901, 'hidden_continuous_size': 19, 'attention_head_size': 3, 'learning_rate': 0.0005022985568114065}. Best is trial 42 with value: 61.58195114135742.
LOCAL_RANK: 0 - CUDA_VISIBLE_DEVICES: [0]
[I 2023-12-15 15:23:53,381] Trial 48 finished with value: 133.32200622558594 and parameters: {'gradient_clip_val': 0.13638021276651902, 'hidden_size': 62, 'dropout': 0.18946979604026865, 'hidden_continuous_size': 8, 'attention_head_size': 4, 'learning_rate': 0.00249884020202417}. Best is trial 42 with value: 61.58195114135742.
LOCAL_RANK: 0 - CUDA_VISIBLE_DEVICES: [0]
[I 2023-12-15 15:24:46,807] Trial 49 finished with value: 100.62374877929688 and parameters: {'gradient_clip_val': 0.12205757773011776, 'hidden_size': 50, 'dropout': 0.29516194171986404, 'hidden_continuous_size': 14, 'attention_head_size': 3, 'learning_rate': 0.0009925522997948572}. Best is trial 42 with value: 61.58195114135742.
[I 2023-12-15 15:24:46,902] A new study created in memory with name: no-name-9e7f6ae1-7abc-4148-8298-766a573174c7
/home/le004/conda/anaconda3/envs/tsff_env/lib/python3.9/site-packages/lightning/fabric/plugins/environments/slurm.py:191: The `srun` command is available on your system but is not used. HINT: If your intention is to run Lightning on SLURM, prepend your python command with `srun` like so: srun python /home/le004/master_thesis/git/TSFusionForecast/code/ ...
LOCAL_RANK: 0 - CUDA_VISIBLE_DEVICES: [0]
[I 2023-12-15 15:25:23,100] Trial 0 finished with value: 24.7204532623291 and parameters: {'gradient_clip_val': 0.46107059942519085, 'hidden_size': 5, 'dropout': 0.2986136963890813, 'hidden_continuous_size': 5, 'attention_head_size': 1, 'learning_rate': 0.013858568220435007}. Best is trial 0 with value: 24.7204532623291.
LOCAL_RANK: 0 - CUDA_VISIBLE_DEVICES: [0]
[I 2023-12-15 15:26:17,380] Trial 1 finished with value: 33.69545364379883 and parameters: {'gradient_clip_val': 0.6260564969801208, 'hidden_size': 62, 'dropout': 0.19784222952314473, 'hidden_continuous_size': 56, 'attention_head_size': 1, 'learning_rate': 0.013083362475285293}. Best is trial 0 with value: 24.7204532623291.
LOCAL_RANK: 0 - CUDA_VISIBLE_DEVICES: [0]
[I 2023-12-15 15:27:05,823] Trial 2 finished with value: 38.42161560058594 and parameters: {'gradient_clip_val': 0.645291055583297, 'hidden_size': 22, 'dropout': 0.10034970455003471, 'hidden_continuous_size': 5, 'attention_head_size': 2, 'learning_rate': 0.01821426243312114}. Best is trial 0 with value: 24.7204532623291.
LOCAL_RANK: 0 - CUDA_VISIBLE_DEVICES: [0]
[I 2023-12-15 15:27:58,928] Trial 3 finished with value: 41.797611236572266 and parameters: {'gradient_clip_val': 0.2626284478021758, 'hidden_size': 86, 'dropout': 0.12144857399185331, 'hidden_continuous_size': 7, 'attention_head_size': 1, 'learning_rate': 0.036243968623954584}. Best is trial 0 with value: 24.7204532623291.
LOCAL_RANK: 0 - CUDA_VISIBLE_DEVICES: [0]
[I 2023-12-15 15:28:44,676] Trial 4 finished with value: 33.01793670654297 and parameters: {'gradient_clip_val': 0.24200853191845717, 'hidden_size': 7, 'dropout': 0.3116739553059482, 'hidden_continuous_size': 6, 'attention_head_size': 2, 'learning_rate': 0.0040053731550976105}. Best is trial 0 with value: 24.7204532623291.
LOCAL_RANK: 0 - CUDA_VISIBLE_DEVICES: [0]
[I 2023-12-15 15:29:36,137] Trial 5 finished with value: 23.043115615844727 and parameters: {'gradient_clip_val': 0.3436932257008292, 'hidden_size': 29, 'dropout': 0.16279813839140928, 'hidden_continuous_size': 25, 'attention_head_size': 1, 'learning_rate': 0.0009288836432079212}. Best is trial 5 with value: 23.043115615844727.
LOCAL_RANK: 0 - CUDA_VISIBLE_DEVICES: [0]
[I 2023-12-15 15:30:29,344] Trial 6 finished with value: 39.66579055786133 and parameters: {'gradient_clip_val': 0.9821628688295583, 'hidden_size': 43, 'dropout': 0.14172225479544254, 'hidden_continuous_size': 15, 'attention_head_size': 3, 'learning_rate': 0.007856644912264506}. Best is trial 5 with value: 23.043115615844727.
LOCAL_RANK: 0 - CUDA_VISIBLE_DEVICES: [0]
[I 2023-12-15 15:31:13,484] Trial 7 finished with value: 24.159746170043945 and parameters: {'gradient_clip_val': 0.9694005021060836, 'hidden_size': 8, 'dropout': 0.24344530919933768, 'hidden_continuous_size': 7, 'attention_head_size': 1, 'learning_rate': 0.003575600984010379}. Best is trial 5 with value: 23.043115615844727.
LOCAL_RANK: 0 - CUDA_VISIBLE_DEVICES: [0]
[I 2023-12-15 15:32:06,808] Trial 8 finished with value: 68.2479248046875 and parameters: {'gradient_clip_val': 0.7116899365718745, 'hidden_size': 62, 'dropout': 0.10729651548635584, 'hidden_continuous_size': 5, 'attention_head_size': 4, 'learning_rate': 0.0005525541380982815}. Best is trial 5 with value: 23.043115615844727.
LOCAL_RANK: 0 - CUDA_VISIBLE_DEVICES: [0]
[I 2023-12-15 15:32:53,401] Trial 9 finished with value: 27.11083221435547 and parameters: {'gradient_clip_val': 0.16115268573950894, 'hidden_size': 14, 'dropout': 0.24356714184841552, 'hidden_continuous_size': 5, 'attention_head_size': 3, 'learning_rate': 0.00272854974063581}. Best is trial 5 with value: 23.043115615844727.
LOCAL_RANK: 0 - CUDA_VISIBLE_DEVICES: [0]
[I 2023-12-15 15:33:43,393] Trial 10 finished with value: 36.33434295654297 and parameters: {'gradient_clip_val': 0.10616601570882761, 'hidden_size': 27, 'dropout': 0.38047993860090545, 'hidden_continuous_size': 20, 'attention_head_size': 2, 'learning_rate': 0.000549675477086983}. Best is trial 5 with value: 23.043115615844727.
LOCAL_RANK: 0 - CUDA_VISIBLE_DEVICES: [0]
[I 2023-12-15 15:34:27,869] Trial 11 finished with value: 39.988162994384766 and parameters: {'gradient_clip_val': 0.3634563339198232, 'hidden_size': 12, 'dropout': 0.19201718941566137, 'hidden_continuous_size': 8, 'attention_head_size': 1, 'learning_rate': 0.0016567429630083902}. Best is trial 5 with value: 23.043115615844727.
LOCAL_RANK: 0 - CUDA_VISIBLE_DEVICES: [0]
[I 2023-12-15 15:35:13,819] Trial 12 finished with value: 59.02685546875 and parameters: {'gradient_clip_val': 0.4122649904070598, 'hidden_size': 11, 'dropout': 0.1874187102403841, 'hidden_continuous_size': 8, 'attention_head_size': 1, 'learning_rate': 0.0014211226824892178}. Best is trial 5 with value: 23.043115615844727.
LOCAL_RANK: 0 - CUDA_VISIBLE_DEVICES: [0]
[I 2023-12-15 15:36:03,105] Trial 13 finished with value: 44.33588790893555 and parameters: {'gradient_clip_val': 0.886781930845952, 'hidden_size': 29, 'dropout': 0.24110212553706425, 'hidden_continuous_size': 11, 'attention_head_size': 2, 'learning_rate': 0.00408883024192697}. Best is trial 5 with value: 23.043115615844727.
LOCAL_RANK: 0 - CUDA_VISIBLE_DEVICES: [0]
[I 2023-12-15 15:36:49,823] Trial 14 finished with value: 31.572357177734375 and parameters: {'gradient_clip_val': 0.5278096572727992, 'hidden_size': 16, 'dropout': 0.16611169636966874, 'hidden_continuous_size': 7, 'attention_head_size': 4, 'learning_rate': 0.0013192744047034576}. Best is trial 5 with value: 23.043115615844727.
LOCAL_RANK: 0 - CUDA_VISIBLE_DEVICES: [0]
[I 2023-12-15 15:37:35,253] Trial 15 finished with value: 36.33168029785156 and parameters: {'gradient_clip_val': 0.31483124082537933, 'hidden_size': 8, 'dropout': 0.2190215037309967, 'hidden_continuous_size': 6, 'attention_head_size': 1, 'learning_rate': 0.0009138411890638312}. Best is trial 5 with value: 23.043115615844727.
LOCAL_RANK: 0 - CUDA_VISIBLE_DEVICES: [0]
[I 2023-12-15 15:38:26,795] Trial 16 finished with value: 60.4716911315918 and parameters: {'gradient_clip_val': 0.5161936140626754, 'hidden_size': 32, 'dropout': 0.1562766703957052, 'hidden_continuous_size': 24, 'attention_head_size': 3, 'learning_rate': 0.07120119232913578}. Best is trial 5 with value: 23.043115615844727.
LOCAL_RANK: 0 - CUDA_VISIBLE_DEVICES: [0]
[I 2023-12-15 15:39:15,205] Trial 17 finished with value: 35.67592239379883 and parameters: {'gradient_clip_val': 0.7897676386612409, 'hidden_size': 18, 'dropout': 0.21845970695191114, 'hidden_continuous_size': 10, 'attention_head_size': 2, 'learning_rate': 0.002576500337730202}. Best is trial 5 with value: 23.043115615844727.
LOCAL_RANK: 0 - CUDA_VISIBLE_DEVICES: [0]
[I 2023-12-15 15:40:03,054] Trial 18 finished with value: 67.43362426757812 and parameters: {'gradient_clip_val': 0.9307687486762, 'hidden_size': 19, 'dropout': 0.27213271468760847, 'hidden_continuous_size': 9, 'attention_head_size': 1, 'learning_rate': 0.005867362823989624}. Best is trial 5 with value: 23.043115615844727.
LOCAL_RANK: 0 - CUDA_VISIBLE_DEVICES: [0]
[I 2023-12-15 15:40:39,293] Trial 19 finished with value: 47.41792678833008 and parameters: {'gradient_clip_val': 0.5934474680591839, 'hidden_size': 5, 'dropout': 0.15239625377851548, 'hidden_continuous_size': 5, 'attention_head_size': 2, 'learning_rate': 0.000876427316320898}. Best is trial 5 with value: 23.043115615844727.
LOCAL_RANK: 0 - CUDA_VISIBLE_DEVICES: [0]
[I 2023-12-15 15:41:25,395] Trial 20 finished with value: 43.835941314697266 and parameters: {'gradient_clip_val': 0.7388716351830587, 'hidden_size': 9, 'dropout': 0.13259437731634002, 'hidden_continuous_size': 6, 'attention_head_size': 1, 'learning_rate': 0.0025928371616158654}. Best is trial 5 with value: 23.043115615844727.
LOCAL_RANK: 0 - CUDA_VISIBLE_DEVICES: [0]
[I 2023-12-15 15:42:10,960] Trial 21 finished with value: 52.0091438293457 and parameters: {'gradient_clip_val': 0.4707391708391742, 'hidden_size': 6, 'dropout': 0.27942467629794454, 'hidden_continuous_size': 5, 'attention_head_size': 1, 'learning_rate': 0.008043378075718869}. Best is trial 5 with value: 23.043115615844727.
LOCAL_RANK: 0 - CUDA_VISIBLE_DEVICES: [0]
[I 2023-12-15 15:42:46,765] Trial 22 finished with value: 27.389528274536133 and parameters: {'gradient_clip_val': 0.41920261179320123, 'hidden_size': 5, 'dropout': 0.30523233553142054, 'hidden_continuous_size': 5, 'attention_head_size': 1, 'learning_rate': 0.013389704414768916}. Best is trial 5 with value: 23.043115615844727.
LOCAL_RANK: 0 - CUDA_VISIBLE_DEVICES: [0]
[I 2023-12-15 15:43:31,907] Trial 23 finished with value: 33.424896240234375 and parameters: {'gradient_clip_val': 0.35961578282246137, 'hidden_size': 7, 'dropout': 0.3345563406869262, 'hidden_continuous_size': 5, 'attention_head_size': 1, 'learning_rate': 0.024302154887003217}. Best is trial 5 with value: 23.043115615844727.
LOCAL_RANK: 0 - CUDA_VISIBLE_DEVICES: [0]
[I 2023-12-15 15:44:17,813] Trial 24 finished with value: 22.032997131347656 and parameters: {'gradient_clip_val': 0.5396126296736597, 'hidden_size': 9, 'dropout': 0.26813954624424624, 'hidden_continuous_size': 6, 'attention_head_size': 2, 'learning_rate': 0.005291875276023807}. Best is trial 24 with value: 22.032997131347656.
LOCAL_RANK: 0 - CUDA_VISIBLE_DEVICES: [0]
[I 2023-12-15 15:45:03,662] Trial 25 finished with value: 41.321533203125 and parameters: {'gradient_clip_val': 0.7691446669439114, 'hidden_size': 10, 'dropout': 0.2524362897688419, 'hidden_continuous_size': 6, 'attention_head_size': 2, 'learning_rate': 0.004892212193953738}. Best is trial 24 with value: 22.032997131347656.
LOCAL_RANK: 0 - CUDA_VISIBLE_DEVICES: [0]
[I 2023-12-15 15:45:50,585] Trial 26 finished with value: 52.45634841918945 and parameters: {'gradient_clip_val': 0.5748689877918259, 'hidden_size': 13, 'dropout': 0.21456142136666204, 'hidden_continuous_size': 7, 'attention_head_size': 3, 'learning_rate': 0.008050152754298304}. Best is trial 24 with value: 22.032997131347656.
LOCAL_RANK: 0 - CUDA_VISIBLE_DEVICES: [0]
[I 2023-12-15 15:46:36,457] Trial 27 finished with value: 68.29135131835938 and parameters: {'gradient_clip_val': 0.9960327582009475, 'hidden_size': 10, 'dropout': 0.17215365691341136, 'hidden_continuous_size': 6, 'attention_head_size': 2, 'learning_rate': 0.0020563347008509185}. Best is trial 24 with value: 22.032997131347656.
LOCAL_RANK: 0 - CUDA_VISIBLE_DEVICES: [0]
[I 2023-12-15 15:47:22,708] Trial 28 finished with value: 22.82297706604004 and parameters: {'gradient_clip_val': 0.6727151350943174, 'hidden_size': 15, 'dropout': 0.23089070063932757, 'hidden_continuous_size': 7, 'attention_head_size': 2, 'learning_rate': 0.003473517024489786}. Best is trial 24 with value: 22.032997131347656.
LOCAL_RANK: 0 - CUDA_VISIBLE_DEVICES: [0]
[I 2023-12-15 15:48:09,819] Trial 29 finished with value: 27.38037872314453 and parameters: {'gradient_clip_val': 0.4942409037726053, 'hidden_size': 15, 'dropout': 0.17233104300023414, 'hidden_continuous_size': 9, 'attention_head_size': 3, 'learning_rate': 0.005447895399734134}. Best is trial 24 with value: 22.032997131347656.
LOCAL_RANK: 0 - CUDA_VISIBLE_DEVICES: [0]
[I 2023-12-15 15:48:58,776] Trial 30 finished with value: 34.10185623168945 and parameters: {'gradient_clip_val': 0.44940916619082144, 'hidden_size': 21, 'dropout': 0.26848569879626993, 'hidden_continuous_size': 11, 'attention_head_size': 2, 'learning_rate': 0.0032927064562120805}. Best is trial 24 with value: 22.032997131347656.
LOCAL_RANK: 0 - CUDA_VISIBLE_DEVICES: [0]
[I 2023-12-15 15:49:44,461] Trial 31 finished with value: 39.0431022644043 and parameters: {'gradient_clip_val': 0.8299514512706032, 'hidden_size': 12, 'dropout': 0.22690934372763516, 'hidden_continuous_size': 7, 'attention_head_size': 2, 'learning_rate': 0.0020036484259664837}. Best is trial 24 with value: 22.032997131347656.
LOCAL_RANK: 0 - CUDA_VISIBLE_DEVICES: [0]
[I 2023-12-15 15:50:30,021] Trial 32 finished with value: 25.3598575592041 and parameters: {'gradient_clip_val': 0.6727640042077025, 'hidden_size': 9, 'dropout': 0.20499189957197822, 'hidden_continuous_size': 6, 'attention_head_size': 1, 'learning_rate': 0.0033975598891692344}. Best is trial 24 with value: 22.032997131347656.
LOCAL_RANK: 0 - CUDA_VISIBLE_DEVICES: [0]
[I 2023-12-15 15:51:15,752] Trial 33 finished with value: 21.5999813079834 and parameters: {'gradient_clip_val': 0.6224024793882598, 'hidden_size': 16, 'dropout': 0.23133203141770667, 'hidden_continuous_size': 8, 'attention_head_size': 2, 'learning_rate': 0.00544207090961694}. Best is trial 33 with value: 21.5999813079834.
LOCAL_RANK: 0 - CUDA_VISIBLE_DEVICES: [0]
[I 2023-12-15 15:52:01,140] Trial 34 finished with value: 50.61641311645508 and parameters: {'gradient_clip_val': 0.604276857731829, 'hidden_size': 16, 'dropout': 0.2044891818712392, 'hidden_continuous_size': 8, 'attention_head_size': 2, 'learning_rate': 0.00899690319794446}. Best is trial 33 with value: 21.5999813079834.
LOCAL_RANK: 0 - CUDA_VISIBLE_DEVICES: [0]
[I 2023-12-15 15:52:49,916] Trial 35 finished with value: 77.1531982421875 and parameters: {'gradient_clip_val': 0.6842978176510187, 'hidden_size': 24, 'dropout': 0.26320149802859133, 'hidden_continuous_size': 23, 'attention_head_size': 2, 'learning_rate': 0.010061235531677057}. Best is trial 33 with value: 21.5999813079834.
LOCAL_RANK: 0 - CUDA_VISIBLE_DEVICES: [0]
[I 2023-12-15 15:53:38,292] Trial 36 finished with value: 29.781646728515625 and parameters: {'gradient_clip_val': 0.5802164585954206, 'hidden_size': 19, 'dropout': 0.23073237618619524, 'hidden_continuous_size': 8, 'attention_head_size': 3, 'learning_rate': 0.006197051509884}. Best is trial 33 with value: 21.5999813079834.
LOCAL_RANK: 0 - CUDA_VISIBLE_DEVICES: [0]
[I 2023-12-15 15:54:24,741] Trial 37 finished with value: 39.804473876953125 and parameters: {'gradient_clip_val': 0.657225350441289, 'hidden_size': 14, 'dropout': 0.18797903353834686, 'hidden_continuous_size': 7, 'attention_head_size': 2, 'learning_rate': 0.004636848315886021}. Best is trial 33 with value: 21.5999813079834.
LOCAL_RANK: 0 - CUDA_VISIBLE_DEVICES: [0]
[I 2023-12-15 15:55:02,839] Trial 38 finished with value: 34.28420639038086 and parameters: {'gradient_clip_val': 0.5394501095708893, 'hidden_size': 37, 'dropout': 0.2857228152805923, 'hidden_continuous_size': 37, 'attention_head_size': 3, 'learning_rate': 0.0066761657152226254}. Best is trial 33 with value: 21.5999813079834.
LOCAL_RANK: 0 - CUDA_VISIBLE_DEVICES: [0]
[I 2023-12-15 15:55:52,285] Trial 39 finished with value: 28.737852096557617 and parameters: {'gradient_clip_val': 0.6474639347819483, 'hidden_size': 22, 'dropout': 0.25618368753596515, 'hidden_continuous_size': 13, 'attention_head_size': 2, 'learning_rate': 0.01804277429055073}. Best is trial 33 with value: 21.5999813079834.
LOCAL_RANK: 0 - CUDA_VISIBLE_DEVICES: [0]
[I 2023-12-15 15:56:42,261] Trial 40 finished with value: 42.18028259277344 and parameters: {'gradient_clip_val': 0.8618020571991254, 'hidden_size': 25, 'dropout': 0.23063391530201977, 'hidden_continuous_size': 12, 'attention_head_size': 4, 'learning_rate': 0.011881548746837996}. Best is trial 33 with value: 21.5999813079834.
LOCAL_RANK: 0 - CUDA_VISIBLE_DEVICES: [0]
[I 2023-12-15 15:57:27,091] Trial 41 finished with value: 37.09414291381836 and parameters: {'gradient_clip_val': 0.7736149474658496, 'hidden_size': 12, 'dropout': 0.24402352732782057, 'hidden_continuous_size': 7, 'attention_head_size': 1, 'learning_rate': 0.0036385393402191195}. Best is trial 33 with value: 21.5999813079834.
LOCAL_RANK: 0 - CUDA_VISIBLE_DEVICES: [0]
[I 2023-12-15 15:58:12,377] Trial 42 finished with value: 32.599422454833984 and parameters: {'gradient_clip_val': 0.7237595777058357, 'hidden_size': 8, 'dropout': 0.25478881039409695, 'hidden_continuous_size': 6, 'attention_head_size': 2, 'learning_rate': 0.004219123003394646}. Best is trial 33 with value: 21.5999813079834.
LOCAL_RANK: 0 - CUDA_VISIBLE_DEVICES: [0]
[I 2023-12-15 15:58:59,467] Trial 43 finished with value: 45.32075119018555 and parameters: {'gradient_clip_val': 0.8773263061934699, 'hidden_size': 17, 'dropout': 0.29446935591011403, 'hidden_continuous_size': 8, 'attention_head_size': 1, 'learning_rate': 0.005270063798632588}. Best is trial 33 with value: 21.5999813079834.
LOCAL_RANK: 0 - CUDA_VISIBLE_DEVICES: [0]
[I 2023-12-15 15:59:45,603] Trial 44 finished with value: 29.792917251586914 and parameters: {'gradient_clip_val': 0.5515283875859097, 'hidden_size': 14, 'dropout': 0.23846432896898903, 'hidden_continuous_size': 9, 'attention_head_size': 1, 'learning_rate': 0.002877700633787223}. Best is trial 33 with value: 21.5999813079834.
LOCAL_RANK: 0 - CUDA_VISIBLE_DEVICES: [0]
[I 2023-12-15 16:00:32,333] Trial 45 finished with value: 30.35652732849121 and parameters: {'gradient_clip_val': 0.6441488522652666, 'hidden_size': 11, 'dropout': 0.20811339175234056, 'hidden_continuous_size': 7, 'attention_head_size': 2, 'learning_rate': 0.006991560351065751}. Best is trial 33 with value: 21.5999813079834.
LOCAL_RANK: 0 - CUDA_VISIBLE_DEVICES: [0]
[I 2023-12-15 16:01:20,503] Trial 46 finished with value: 33.04032897949219 and parameters: {'gradient_clip_val': 0.8243089461426332, 'hidden_size': 21, 'dropout': 0.18592504664807125, 'hidden_continuous_size': 10, 'attention_head_size': 1, 'learning_rate': 0.003799242448379736}. Best is trial 33 with value: 21.5999813079834.
LOCAL_RANK: 0 - CUDA_VISIBLE_DEVICES: [0]
[I 2023-12-15 16:02:13,638] Trial 47 finished with value: 35.73093795776367 and parameters: {'gradient_clip_val': 0.4997894358548199, 'hidden_size': 51, 'dropout': 0.11431307148663163, 'hidden_continuous_size': 13, 'attention_head_size': 2, 'learning_rate': 0.002187509128605524}. Best is trial 33 with value: 21.5999813079834.
LOCAL_RANK: 0 - CUDA_VISIBLE_DEVICES: [0]
[I 2023-12-15 16:03:05,171] Trial 48 finished with value: 45.407806396484375 and parameters: {'gradient_clip_val': 0.9956035102489355, 'hidden_size': 29, 'dropout': 0.24562377386720669, 'hidden_continuous_size': 19, 'attention_head_size': 2, 'learning_rate': 0.002992782551030622}. Best is trial 33 with value: 21.5999813079834.
LOCAL_RANK: 0 - CUDA_VISIBLE_DEVICES: [0]
[I 2023-12-15 16:03:50,996] Trial 49 finished with value: 38.2650032043457 and parameters: {'gradient_clip_val': 0.7142546997381384, 'hidden_size': 16, 'dropout': 0.22044993663887444, 'hidden_continuous_size': 8, 'attention_head_size': 3, 'learning_rate': 0.0015332383666909499}. Best is trial 33 with value: 21.5999813079834.
[I 2023-12-15 16:03:51,091] A new study created in memory with name: no-name-9d53ff09-28bd-4264-9f5f-75ec979c60b3
/home/le004/conda/anaconda3/envs/tsff_env/lib/python3.9/site-packages/lightning/fabric/plugins/environments/slurm.py:191: The `srun` command is available on your system but is not used. HINT: If your intention is to run Lightning on SLURM, prepend your python command with `srun` like so: srun python /home/le004/master_thesis/git/TSFusionForecast/code/ ...
LOCAL_RANK: 0 - CUDA_VISIBLE_DEVICES: [0]
[I 2023-12-15 16:04:39,669] Trial 0 finished with value: 10.74212646484375 and parameters: {'gradient_clip_val': 0.12167392953425626, 'hidden_size': 22, 'dropout': 0.3916195082757552, 'hidden_continuous_size': 5, 'attention_head_size': 2, 'learning_rate': 0.034113394248589335}. Best is trial 0 with value: 10.74212646484375.
LOCAL_RANK: 0 - CUDA_VISIBLE_DEVICES: [0]
[I 2023-12-15 16:05:27,170] Trial 1 finished with value: 7.316478729248047 and parameters: {'gradient_clip_val': 0.2205129053601284, 'hidden_size': 15, 'dropout': 0.12960890310863543, 'hidden_continuous_size': 11, 'attention_head_size': 3, 'learning_rate': 0.0008772271987828304}. Best is trial 1 with value: 7.316478729248047.
LOCAL_RANK: 0 - CUDA_VISIBLE_DEVICES: [0]
