[I 2023-12-16 03:48:04,992] Trial 18 finished with value: 6.2798333168029785 and parameters: {'gradient_clip_val': 0.18263115848327882, 'hidden_size': 16, 'dropout': 0.3944107687470907, 'hidden_continuous_size': 9, 'attention_head_size': 1, 'learning_rate': 0.0058906395760989294}. Best is trial 0 with value: 5.333184242248535.
LOCAL_RANK: 0 - CUDA_VISIBLE_DEVICES: [0]
[I 2023-12-16 03:48:50,084] Trial 19 finished with value: 8.047459602355957 and parameters: {'gradient_clip_val': 0.21895683775918204, 'hidden_size': 7, 'dropout': 0.26305520501759605, 'hidden_continuous_size': 5, 'attention_head_size': 2, 'learning_rate': 0.028184118507327424}. Best is trial 0 with value: 5.333184242248535.
LOCAL_RANK: 0 - CUDA_VISIBLE_DEVICES: [0]
[I 2023-12-16 03:49:38,778] Trial 20 finished with value: 9.916081428527832 and parameters: {'gradient_clip_val': 0.5196627510937091, 'hidden_size': 27, 'dropout': 0.20640660833421035, 'hidden_continuous_size': 16, 'attention_head_size': 1, 'learning_rate': 0.0005019861933371094}. Best is trial 0 with value: 5.333184242248535.
LOCAL_RANK: 0 - CUDA_VISIBLE_DEVICES: [0]
[I 2023-12-16 03:50:23,534] Trial 21 finished with value: 8.771639823913574 and parameters: {'gradient_clip_val': 0.5818160530070668, 'hidden_size': 11, 'dropout': 0.17006003286961277, 'hidden_continuous_size': 6, 'attention_head_size': 1, 'learning_rate': 0.0037095936481548897}. Best is trial 0 with value: 5.333184242248535.
LOCAL_RANK: 0 - CUDA_VISIBLE_DEVICES: [0]
[I 2023-12-16 03:51:08,106] Trial 22 finished with value: 5.28521203994751 and parameters: {'gradient_clip_val': 0.9321944723980049, 'hidden_size': 16, 'dropout': 0.1859728658498525, 'hidden_continuous_size': 9, 'attention_head_size': 1, 'learning_rate': 0.004839582320470726}. Best is trial 22 with value: 5.28521203994751.
LOCAL_RANK: 0 - CUDA_VISIBLE_DEVICES: [0]
[I 2023-12-16 03:51:52,725] Trial 23 finished with value: 13.899027824401855 and parameters: {'gradient_clip_val': 0.9705293222479546, 'hidden_size': 16, 'dropout': 0.27247621545189715, 'hidden_continuous_size': 10, 'attention_head_size': 1, 'learning_rate': 0.008407595931811139}. Best is trial 22 with value: 5.28521203994751.
LOCAL_RANK: 0 - CUDA_VISIBLE_DEVICES: [0]
[I 2023-12-16 03:52:38,118] Trial 24 finished with value: 10.291556358337402 and parameters: {'gradient_clip_val': 0.3320010892082694, 'hidden_size': 9, 'dropout': 0.23418001411160855, 'hidden_continuous_size': 7, 'attention_head_size': 2, 'learning_rate': 0.005530544278466928}. Best is trial 22 with value: 5.28521203994751.
LOCAL_RANK: 0 - CUDA_VISIBLE_DEVICES: [0]
[I 2023-12-16 03:53:26,825] Trial 25 finished with value: 7.875674724578857 and parameters: {'gradient_clip_val': 0.29377995280196767, 'hidden_size': 26, 'dropout': 0.1914267948435761, 'hidden_continuous_size': 11, 'attention_head_size': 1, 'learning_rate': 0.0029078257284586868}. Best is trial 22 with value: 5.28521203994751.
LOCAL_RANK: 0 - CUDA_VISIBLE_DEVICES: [0]
[I 2023-12-16 03:54:11,079] Trial 26 finished with value: 9.07900333404541 and parameters: {'gradient_clip_val': 0.25377248261814284, 'hidden_size': 16, 'dropout': 0.22595328475932963, 'hidden_continuous_size': 8, 'attention_head_size': 2, 'learning_rate': 0.0019404470113604578}. Best is trial 22 with value: 5.28521203994751.
LOCAL_RANK: 0 - CUDA_VISIBLE_DEVICES: [0]
[I 2023-12-16 03:54:55,662] Trial 27 finished with value: 6.002684116363525 and parameters: {'gradient_clip_val': 0.4109591266747295, 'hidden_size': 10, 'dropout': 0.16163334886722172, 'hidden_continuous_size': 6, 'attention_head_size': 1, 'learning_rate': 0.004359082888920428}. Best is trial 22 with value: 5.28521203994751.
LOCAL_RANK: 0 - CUDA_VISIBLE_DEVICES: [0]
[I 2023-12-16 03:55:41,195] Trial 28 finished with value: 6.081150054931641 and parameters: {'gradient_clip_val': 0.33509849979085987, 'hidden_size': 6, 'dropout': 0.2048554103537616, 'hidden_continuous_size': 5, 'attention_head_size': 3, 'learning_rate': 0.007260122582226519}. Best is trial 22 with value: 5.28521203994751.
LOCAL_RANK: 0 - CUDA_VISIBLE_DEVICES: [0]
[I 2023-12-16 03:56:30,893] Trial 29 finished with value: 12.2290620803833 and parameters: {'gradient_clip_val': 0.9914985464797371, 'hidden_size': 36, 'dropout': 0.25922030797411666, 'hidden_continuous_size': 14, 'attention_head_size': 2, 'learning_rate': 0.01316716183087125}. Best is trial 22 with value: 5.28521203994751.
LOCAL_RANK: 0 - CUDA_VISIBLE_DEVICES: [0]
[I 2023-12-16 03:57:15,506] Trial 30 finished with value: 7.984586238861084 and parameters: {'gradient_clip_val': 0.2629300752953734, 'hidden_size': 7, 'dropout': 0.28758557468629076, 'hidden_continuous_size': 6, 'attention_head_size': 1, 'learning_rate': 0.042212871365419444}. Best is trial 22 with value: 5.28521203994751.
LOCAL_RANK: 0 - CUDA_VISIBLE_DEVICES: [0]
[I 2023-12-16 03:58:00,989] Trial 31 finished with value: 5.417837619781494 and parameters: {'gradient_clip_val': 0.8249892734512687, 'hidden_size': 13, 'dropout': 0.22499366018812328, 'hidden_continuous_size': 9, 'attention_head_size': 1, 'learning_rate': 0.004317012537449216}. Best is trial 22 with value: 5.28521203994751.
LOCAL_RANK: 0 - CUDA_VISIBLE_DEVICES: [0]
[I 2023-12-16 03:58:46,220] Trial 32 finished with value: 7.473466873168945 and parameters: {'gradient_clip_val': 0.8435398269264107, 'hidden_size': 11, 'dropout': 0.22062115061287038, 'hidden_continuous_size': 9, 'attention_head_size': 1, 'learning_rate': 0.00658892560522429}. Best is trial 22 with value: 5.28521203994751.
LOCAL_RANK: 0 - CUDA_VISIBLE_DEVICES: [0]
[I 2023-12-16 03:59:31,738] Trial 33 finished with value: 5.738131046295166 and parameters: {'gradient_clip_val': 0.5826611793658414, 'hidden_size': 14, 'dropout': 0.18297910738123516, 'hidden_continuous_size': 10, 'attention_head_size': 1, 'learning_rate': 0.004100299201451664}. Best is trial 22 with value: 5.28521203994751.
LOCAL_RANK: 0 - CUDA_VISIBLE_DEVICES: [0]
[I 2023-12-16 04:00:19,375] Trial 34 finished with value: 5.989780902862549 and parameters: {'gradient_clip_val': 0.7674231328119693, 'hidden_size': 18, 'dropout': 0.14053078719077486, 'hidden_continuous_size': 13, 'attention_head_size': 1, 'learning_rate': 0.003492367966774394}. Best is trial 22 with value: 5.28521203994751.
LOCAL_RANK: 0 - CUDA_VISIBLE_DEVICES: [0]
[I 2023-12-16 04:01:06,761] Trial 35 finished with value: 12.04180908203125 and parameters: {'gradient_clip_val': 0.36563792920600746, 'hidden_size': 24, 'dropout': 0.24006612040499198, 'hidden_continuous_size': 11, 'attention_head_size': 1, 'learning_rate': 0.008409398671698633}. Best is trial 22 with value: 5.28521203994751.
LOCAL_RANK: 0 - CUDA_VISIBLE_DEVICES: [0]
[I 2023-12-16 04:01:51,999] Trial 36 finished with value: 10.124314308166504 and parameters: {'gradient_clip_val': 0.29994957190646665, 'hidden_size': 13, 'dropout': 0.19213351179600174, 'hidden_continuous_size': 8, 'attention_head_size': 2, 'learning_rate': 0.005515197819740184}. Best is trial 22 with value: 5.28521203994751.
LOCAL_RANK: 0 - CUDA_VISIBLE_DEVICES: [0]
[I 2023-12-16 04:02:37,057] Trial 37 finished with value: 5.136399745941162 and parameters: {'gradient_clip_val': 0.8781328039618895, 'hidden_size': 10, 'dropout': 0.2169437673523936, 'hidden_continuous_size': 8, 'attention_head_size': 1, 'learning_rate': 0.0041933509345722965}. Best is trial 37 with value: 5.136399745941162.
LOCAL_RANK: 0 - CUDA_VISIBLE_DEVICES: [0]
[I 2023-12-16 04:03:23,237] Trial 38 finished with value: 6.2742462158203125 and parameters: {'gradient_clip_val': 0.6888126871537658, 'hidden_size': 10, 'dropout': 0.2106980524956848, 'hidden_continuous_size': 8, 'attention_head_size': 4, 'learning_rate': 0.0023122489758079907}. Best is trial 37 with value: 5.136399745941162.
LOCAL_RANK: 0 - CUDA_VISIBLE_DEVICES: [0]
[I 2023-12-16 04:04:06,776] Trial 39 finished with value: 9.221015930175781 and parameters: {'gradient_clip_val': 0.9999517203903128, 'hidden_size': 8, 'dropout': 0.2472044499353842, 'hidden_continuous_size': 7, 'attention_head_size': 1, 'learning_rate': 0.003563901648366857}. Best is trial 37 with value: 5.136399745941162.
LOCAL_RANK: 0 - CUDA_VISIBLE_DEVICES: [0]
[I 2023-12-16 04:04:55,528] Trial 40 finished with value: 7.606465816497803 and parameters: {'gradient_clip_val': 0.2847632638220247, 'hidden_size': 22, 'dropout': 0.35727177812687355, 'hidden_continuous_size': 16, 'attention_head_size': 2, 'learning_rate': 0.0014053935894205697}. Best is trial 37 with value: 5.136399745941162.
LOCAL_RANK: 0 - CUDA_VISIBLE_DEVICES: [0]
[I 2023-12-16 04:05:41,116] Trial 41 finished with value: 6.456719875335693 and parameters: {'gradient_clip_val': 0.8792505867266632, 'hidden_size': 14, 'dropout': 0.22322739503540517, 'hidden_continuous_size': 9, 'attention_head_size': 1, 'learning_rate': 0.004330068290671604}. Best is trial 37 with value: 5.136399745941162.
LOCAL_RANK: 0 - CUDA_VISIBLE_DEVICES: [0]
[I 2023-12-16 04:06:26,196] Trial 42 finished with value: 6.278966903686523 and parameters: {'gradient_clip_val': 0.811726242398344, 'hidden_size': 13, 'dropout': 0.1913575546859326, 'hidden_continuous_size': 9, 'attention_head_size': 1, 'learning_rate': 0.0032007718799386647}. Best is trial 37 with value: 5.136399745941162.
LOCAL_RANK: 0 - CUDA_VISIBLE_DEVICES: [0]
[I 2023-12-16 04:07:13,565] Trial 43 finished with value: 11.76550006866455 and parameters: {'gradient_clip_val': 0.6886613924242824, 'hidden_size': 19, 'dropout': 0.24986091682132336, 'hidden_continuous_size': 10, 'attention_head_size': 1, 'learning_rate': 0.0056492797798767085}. Best is trial 37 with value: 5.136399745941162.
LOCAL_RANK: 0 - CUDA_VISIBLE_DEVICES: [0]
[I 2023-12-16 04:07:58,548] Trial 44 finished with value: 7.301957607269287 and parameters: {'gradient_clip_val': 0.8924604753520323, 'hidden_size': 11, 'dropout': 0.22946106800825347, 'hidden_continuous_size': 8, 'attention_head_size': 1, 'learning_rate': 0.004564161285908904}. Best is trial 37 with value: 5.136399745941162.
LOCAL_RANK: 0 - CUDA_VISIBLE_DEVICES: [0]
[I 2023-12-16 04:08:43,346] Trial 45 finished with value: 13.791991233825684 and parameters: {'gradient_clip_val': 0.7511823208405025, 'hidden_size': 6, 'dropout': 0.20381560254536962, 'hidden_continuous_size': 5, 'attention_head_size': 1, 'learning_rate': 0.002551347497392306}. Best is trial 37 with value: 5.136399745941162.
LOCAL_RANK: 0 - CUDA_VISIBLE_DEVICES: [0]
[I 2023-12-16 04:09:29,193] Trial 46 finished with value: 14.04613208770752 and parameters: {'gradient_clip_val': 0.621803855833208, 'hidden_size': 15, 'dropout': 0.21726809975537795, 'hidden_continuous_size': 12, 'attention_head_size': 1, 'learning_rate': 0.010359668904145589}. Best is trial 37 with value: 5.136399745941162.
LOCAL_RANK: 0 - CUDA_VISIBLE_DEVICES: [0]
[I 2023-12-16 04:10:14,461] Trial 47 finished with value: 7.466145038604736 and parameters: {'gradient_clip_val': 0.8928296162954845, 'hidden_size': 12, 'dropout': 0.2349705958416625, 'hidden_continuous_size': 7, 'attention_head_size': 4, 'learning_rate': 0.007327264846395628}. Best is trial 37 with value: 5.136399745941162.
LOCAL_RANK: 0 - CUDA_VISIBLE_DEVICES: [0]
[I 2023-12-16 04:11:02,292] Trial 48 finished with value: 4.710315227508545 and parameters: {'gradient_clip_val': 0.7622878897067912, 'hidden_size': 19, 'dropout': 0.17382630308112118, 'hidden_continuous_size': 11, 'attention_head_size': 2, 'learning_rate': 0.0032982356548474758}. Best is trial 48 with value: 4.710315227508545.
LOCAL_RANK: 0 - CUDA_VISIBLE_DEVICES: [0]
[I 2023-12-16 04:11:50,368] Trial 49 finished with value: 10.602025032043457 and parameters: {'gradient_clip_val': 0.49448864386542746, 'hidden_size': 18, 'dropout': 0.17280497453173876, 'hidden_continuous_size': 12, 'attention_head_size': 3, 'learning_rate': 0.0019681414925272335}. Best is trial 48 with value: 4.710315227508545.
[I 2023-12-16 04:11:50,463] A new study created in memory with name: no-name-022eeecc-7354-4d98-8cc9-94195f6cd517
/home/le004/conda/anaconda3/envs/tsff_env/lib/python3.9/site-packages/lightning/fabric/plugins/environments/slurm.py:191: The `srun` command is available on your system but is not used. HINT: If your intention is to run Lightning on SLURM, prepend your python command with `srun` like so: srun python /home/le004/master_thesis/git/TSFusionForecast/code/ ...
LOCAL_RANK: 0 - CUDA_VISIBLE_DEVICES: [0]
[I 2023-12-16 04:12:38,395] Trial 0 finished with value: 16.749467849731445 and parameters: {'gradient_clip_val': 0.16432801628619162, 'hidden_size': 24, 'dropout': 0.16379140929829428, 'hidden_continuous_size': 11, 'attention_head_size': 3, 'learning_rate': 0.0014020141411075426}. Best is trial 0 with value: 16.749467849731445.
LOCAL_RANK: 0 - CUDA_VISIBLE_DEVICES: [0]
[I 2023-12-16 04:13:32,497] Trial 1 finished with value: 21.015432357788086 and parameters: {'gradient_clip_val': 0.34230445207186727, 'hidden_size': 92, 'dropout': 0.23792006797347165, 'hidden_continuous_size': 17, 'attention_head_size': 2, 'learning_rate': 0.009672037496960988}. Best is trial 0 with value: 16.749467849731445.
LOCAL_RANK: 0 - CUDA_VISIBLE_DEVICES: [0]
[I 2023-12-16 04:14:25,869] Trial 2 finished with value: 11.572978973388672 and parameters: {'gradient_clip_val': 0.11328273948297186, 'hidden_size': 87, 'dropout': 0.16286240376854855, 'hidden_continuous_size': 10, 'attention_head_size': 1, 'learning_rate': 0.0005980911517091754}. Best is trial 2 with value: 11.572978973388672.
LOCAL_RANK: 0 - CUDA_VISIBLE_DEVICES: [0]
[I 2023-12-16 04:15:09,588] Trial 3 finished with value: 12.75865650177002 and parameters: {'gradient_clip_val': 0.37058489607007944, 'hidden_size': 8, 'dropout': 0.3436078785287062, 'hidden_continuous_size': 7, 'attention_head_size': 1, 'learning_rate': 0.009044215612568447}. Best is trial 2 with value: 11.572978973388672.
LOCAL_RANK: 0 - CUDA_VISIBLE_DEVICES: [0]
[I 2023-12-16 04:15:43,516] Trial 4 finished with value: 13.281216621398926 and parameters: {'gradient_clip_val': 0.676247076664892, 'hidden_size': 7, 'dropout': 0.3921156836230959, 'hidden_continuous_size': 7, 'attention_head_size': 2, 'learning_rate': 0.005893570984502186}. Best is trial 2 with value: 11.572978973388672.
LOCAL_RANK: 0 - CUDA_VISIBLE_DEVICES: [0]
[I 2023-12-16 04:16:17,059] Trial 5 finished with value: 16.646387100219727 and parameters: {'gradient_clip_val': 0.14355058203665913, 'hidden_size': 7, 'dropout': 0.36536201230145016, 'hidden_continuous_size': 7, 'attention_head_size': 1, 'learning_rate': 0.032067338149474156}. Best is trial 2 with value: 11.572978973388672.
LOCAL_RANK: 0 - CUDA_VISIBLE_DEVICES: [0]
[I 2023-12-16 04:17:09,065] Trial 6 finished with value: 17.661346435546875 and parameters: {'gradient_clip_val': 0.7725426097515256, 'hidden_size': 82, 'dropout': 0.284154293811006, 'hidden_continuous_size': 5, 'attention_head_size': 3, 'learning_rate': 0.004697554355245075}. Best is trial 2 with value: 11.572978973388672.
LOCAL_RANK: 0 - CUDA_VISIBLE_DEVICES: [0]
[I 2023-12-16 04:17:58,904] Trial 7 finished with value: 10.761253356933594 and parameters: {'gradient_clip_val': 0.9888326411099477, 'hidden_size': 40, 'dropout': 0.15133376319677228, 'hidden_continuous_size': 12, 'attention_head_size': 1, 'learning_rate': 0.0020016329767773566}. Best is trial 7 with value: 10.761253356933594.
LOCAL_RANK: 0 - CUDA_VISIBLE_DEVICES: [0]
[I 2023-12-16 04:18:43,842] Trial 8 finished with value: 15.514167785644531 and parameters: {'gradient_clip_val': 0.9100741871429332, 'hidden_size': 16, 'dropout': 0.37463237093650104, 'hidden_continuous_size': 12, 'attention_head_size': 1, 'learning_rate': 0.0005733574602050182}. Best is trial 7 with value: 10.761253356933594.
LOCAL_RANK: 0 - CUDA_VISIBLE_DEVICES: [0]
[I 2023-12-16 04:19:28,913] Trial 9 finished with value: 12.60930347442627 and parameters: {'gradient_clip_val': 0.3123149056904123, 'hidden_size': 6, 'dropout': 0.1594993168220627, 'hidden_continuous_size': 5, 'attention_head_size': 2, 'learning_rate': 0.024327896581501102}. Best is trial 7 with value: 10.761253356933594.
LOCAL_RANK: 0 - CUDA_VISIBLE_DEVICES: [0]
[I 2023-12-16 04:20:22,658] Trial 10 finished with value: 23.23963737487793 and parameters: {'gradient_clip_val': 0.9583756530948229, 'hidden_size': 47, 'dropout': 0.10647531538094895, 'hidden_continuous_size': 35, 'attention_head_size': 4, 'learning_rate': 0.06475564530268067}. Best is trial 7 with value: 10.761253356933594.
LOCAL_RANK: 0 - CUDA_VISIBLE_DEVICES: [0]
[I 2023-12-16 04:21:14,798] Trial 11 finished with value: 13.48566722869873 and parameters: {'gradient_clip_val': 0.10587293589436488, 'hidden_size': 50, 'dropout': 0.17970322794778926, 'hidden_continuous_size': 18, 'attention_head_size': 1, 'learning_rate': 0.0005637048415316138}. Best is trial 7 with value: 10.761253356933594.
LOCAL_RANK: 0 - CUDA_VISIBLE_DEVICES: [0]
[I 2023-12-16 04:22:05,737] Trial 12 finished with value: 14.757916450500488 and parameters: {'gradient_clip_val': 0.5053892922173402, 'hidden_size': 48, 'dropout': 0.10411807867191342, 'hidden_continuous_size': 12, 'attention_head_size': 1, 'learning_rate': 0.0016868758697380585}. Best is trial 7 with value: 10.761253356933594.
LOCAL_RANK: 0 - CUDA_VISIBLE_DEVICES: [0]
[I 2023-12-16 04:23:02,477] Trial 13 finished with value: 12.600825309753418 and parameters: {'gradient_clip_val': 0.23082770454827714, 'hidden_size': 96, 'dropout': 0.2032251384252719, 'hidden_continuous_size': 81, 'attention_head_size': 2, 'learning_rate': 0.0014907342098105087}. Best is trial 7 with value: 10.761253356933594.
LOCAL_RANK: 0 - CUDA_VISIBLE_DEVICES: [0]
[I 2023-12-16 04:23:52,272] Trial 14 finished with value: 14.240364074707031 and parameters: {'gradient_clip_val': 0.49323480786234924, 'hidden_size': 31, 'dropout': 0.13847664444508972, 'hidden_continuous_size': 9, 'attention_head_size': 4, 'learning_rate': 0.0028028163496722274}. Best is trial 7 with value: 10.761253356933594.
LOCAL_RANK: 0 - CUDA_VISIBLE_DEVICES: [0]
[I 2023-12-16 04:24:44,199] Trial 15 finished with value: 12.520584106445312 and parameters: {'gradient_clip_val': 0.23492522282171452, 'hidden_size': 64, 'dropout': 0.20752625375558106, 'hidden_continuous_size': 18, 'attention_head_size': 1, 'learning_rate': 0.00085775778853876}. Best is trial 7 with value: 10.761253356933594.
LOCAL_RANK: 0 - CUDA_VISIBLE_DEVICES: [0]
[I 2023-12-16 04:25:34,018] Trial 16 finished with value: 13.202937126159668 and parameters: {'gradient_clip_val': 0.10342776221754771, 'hidden_size': 33, 'dropout': 0.13995151790823004, 'hidden_continuous_size': 9, 'attention_head_size': 3, 'learning_rate': 0.0010074841387706036}. Best is trial 7 with value: 10.761253356933594.
LOCAL_RANK: 0 - CUDA_VISIBLE_DEVICES: [0]
[I 2023-12-16 04:26:27,009] Trial 17 finished with value: 14.316490173339844 and parameters: {'gradient_clip_val': 0.5804329009170446, 'hidden_size': 61, 'dropout': 0.24968982963186725, 'hidden_continuous_size': 15, 'attention_head_size': 2, 'learning_rate': 0.0027631669167878605}. Best is trial 7 with value: 10.761253356933594.
LOCAL_RANK: 0 - CUDA_VISIBLE_DEVICES: [0]
[I 2023-12-16 04:27:20,294] Trial 18 finished with value: 17.553482055664062 and parameters: {'gradient_clip_val': 0.706825167745824, 'hidden_size': 65, 'dropout': 0.19784287179896273, 'hidden_continuous_size': 24, 'attention_head_size': 1, 'learning_rate': 0.0005353101412732611}. Best is trial 7 with value: 10.761253356933594.
LOCAL_RANK: 0 - CUDA_VISIBLE_DEVICES: [0]
[I 2023-12-16 04:28:15,146] Trial 19 finished with value: 14.788223266601562 and parameters: {'gradient_clip_val': 0.42991267861476307, 'hidden_size': 99, 'dropout': 0.1389059842866176, 'hidden_continuous_size': 25, 'attention_head_size': 2, 'learning_rate': 0.0009351912848093216}. Best is trial 7 with value: 10.761253356933594.
LOCAL_RANK: 0 - CUDA_VISIBLE_DEVICES: [0]
[I 2023-12-16 04:29:05,264] Trial 20 finished with value: 13.646369934082031 and parameters: {'gradient_clip_val': 0.27809024964986795, 'hidden_size': 39, 'dropout': 0.28069790188854093, 'hidden_continuous_size': 10, 'attention_head_size': 1, 'learning_rate': 0.0019795128119364613}. Best is trial 7 with value: 10.761253356933594.
LOCAL_RANK: 0 - CUDA_VISIBLE_DEVICES: [0]
[I 2023-12-16 04:29:58,141] Trial 21 finished with value: 13.126853942871094 and parameters: {'gradient_clip_val': 0.211021308553702, 'hidden_size': 66, 'dropout': 0.20968936726897058, 'hidden_continuous_size': 14, 'attention_head_size': 1, 'learning_rate': 0.0009897694096026913}. Best is trial 7 with value: 10.761253356933594.
LOCAL_RANK: 0 - CUDA_VISIBLE_DEVICES: [0]
[I 2023-12-16 04:30:50,248] Trial 22 finished with value: 10.53331184387207 and parameters: {'gradient_clip_val': 0.25905862621111425, 'hidden_size': 72, 'dropout': 0.22211471857364934, 'hidden_continuous_size': 14, 'attention_head_size': 1, 'learning_rate': 0.0008704137243936905}. Best is trial 22 with value: 10.53331184387207.
LOCAL_RANK: 0 - CUDA_VISIBLE_DEVICES: [0]
[I 2023-12-16 04:31:43,303] Trial 23 finished with value: 18.422914505004883 and parameters: {'gradient_clip_val': 0.39972955694178997, 'hidden_size': 74, 'dropout': 0.1777228077593489, 'hidden_continuous_size': 12, 'attention_head_size': 1, 'learning_rate': 0.0007647230230221455}. Best is trial 22 with value: 10.53331184387207.
LOCAL_RANK: 0 - CUDA_VISIBLE_DEVICES: [0]
[I 2023-12-16 04:32:35,399] Trial 24 finished with value: 15.95065689086914 and parameters: {'gradient_clip_val': 0.18327577601474762, 'hidden_size': 54, 'dropout': 0.22094709518580263, 'hidden_continuous_size': 9, 'attention_head_size': 2, 'learning_rate': 0.002484582184282167}. Best is trial 22 with value: 10.53331184387207.
LOCAL_RANK: 0 - CUDA_VISIBLE_DEVICES: [0]
[I 2023-12-16 04:33:28,667] Trial 25 finished with value: 17.753633499145508 and parameters: {'gradient_clip_val': 0.2661565403721214, 'hidden_size': 77, 'dropout': 0.1860730410801128, 'hidden_continuous_size': 14, 'attention_head_size': 1, 'learning_rate': 0.0012425055834093452}. Best is trial 22 with value: 10.53331184387207.
LOCAL_RANK: 0 - CUDA_VISIBLE_DEVICES: [0]
