[I 2023-12-16 00:33:20,305] Trial 32 finished with value: 17.16930389404297 and parameters: {'gradient_clip_val': 0.12637231761473194, 'hidden_size': 22, 'dropout': 0.2656333265488697, 'hidden_continuous_size': 9, 'attention_head_size': 2, 'learning_rate': 0.0010900331342608735}. Best is trial 27 with value: 12.759323120117188.
LOCAL_RANK: 0 - CUDA_VISIBLE_DEVICES: [0]
[I 2023-12-16 00:34:11,403] Trial 33 finished with value: 15.420730590820312 and parameters: {'gradient_clip_val': 0.8315314312546802, 'hidden_size': 56, 'dropout': 0.3246055456263293, 'hidden_continuous_size': 18, 'attention_head_size': 1, 'learning_rate': 0.0005334412456516752}. Best is trial 27 with value: 12.759323120117188.
LOCAL_RANK: 0 - CUDA_VISIBLE_DEVICES: [0]
[I 2023-12-16 00:34:59,797] Trial 34 finished with value: 26.499643325805664 and parameters: {'gradient_clip_val': 0.22657809083191244, 'hidden_size': 36, 'dropout': 0.20825999971407655, 'hidden_continuous_size': 11, 'attention_head_size': 2, 'learning_rate': 0.001478965362285303}. Best is trial 27 with value: 12.759323120117188.
LOCAL_RANK: 0 - CUDA_VISIBLE_DEVICES: [0]
[I 2023-12-16 00:35:49,656] Trial 35 finished with value: 17.150789260864258 and parameters: {'gradient_clip_val': 0.11615571423011944, 'hidden_size': 38, 'dropout': 0.24798002145889575, 'hidden_continuous_size': 9, 'attention_head_size': 3, 'learning_rate': 0.0010211125421663134}. Best is trial 27 with value: 12.759323120117188.
LOCAL_RANK: 0 - CUDA_VISIBLE_DEVICES: [0]
[I 2023-12-16 00:36:41,419] Trial 36 finished with value: 16.806718826293945 and parameters: {'gradient_clip_val': 0.15209415005119511, 'hidden_size': 49, 'dropout': 0.18735072669454303, 'hidden_continuous_size': 12, 'attention_head_size': 1, 'learning_rate': 0.0018282906539399005}. Best is trial 27 with value: 12.759323120117188.
LOCAL_RANK: 0 - CUDA_VISIBLE_DEVICES: [0]
[I 2023-12-16 00:37:27,816] Trial 37 finished with value: 17.715776443481445 and parameters: {'gradient_clip_val': 0.4129253295986028, 'hidden_size': 18, 'dropout': 0.22750374868507414, 'hidden_continuous_size': 8, 'attention_head_size': 2, 'learning_rate': 0.0007504793451483418}. Best is trial 27 with value: 12.759323120117188.
LOCAL_RANK: 0 - CUDA_VISIBLE_DEVICES: [0]
[I 2023-12-16 00:38:12,376] Trial 38 finished with value: 15.388595581054688 and parameters: {'gradient_clip_val': 0.17445411138043224, 'hidden_size': 16, 'dropout': 0.1494482984744681, 'hidden_continuous_size': 7, 'attention_head_size': 3, 'learning_rate': 0.0011181484308217557}. Best is trial 27 with value: 12.759323120117188.
LOCAL_RANK: 0 - CUDA_VISIBLE_DEVICES: [0]
[I 2023-12-16 00:39:03,175] Trial 39 finished with value: 16.170618057250977 and parameters: {'gradient_clip_val': 0.12186167740665867, 'hidden_size': 44, 'dropout': 0.24608317172897148, 'hidden_continuous_size': 10, 'attention_head_size': 1, 'learning_rate': 0.0063039936131303815}. Best is trial 27 with value: 12.759323120117188.
LOCAL_RANK: 0 - CUDA_VISIBLE_DEVICES: [0]
[I 2023-12-16 00:39:52,154] Trial 40 finished with value: 36.592350006103516 and parameters: {'gradient_clip_val': 0.27636831768237113, 'hidden_size': 25, 'dropout': 0.26958802969440093, 'hidden_continuous_size': 9, 'attention_head_size': 4, 'learning_rate': 0.0014892660298082253}. Best is trial 27 with value: 12.759323120117188.
LOCAL_RANK: 0 - CUDA_VISIBLE_DEVICES: [0]
[I 2023-12-16 00:40:37,999] Trial 41 finished with value: 38.58621597290039 and parameters: {'gradient_clip_val': 0.2720569177246982, 'hidden_size': 20, 'dropout': 0.22947062894848472, 'hidden_continuous_size': 8, 'attention_head_size': 1, 'learning_rate': 0.0445009213766453}. Best is trial 27 with value: 12.759323120117188.
LOCAL_RANK: 0 - CUDA_VISIBLE_DEVICES: [0]
[I 2023-12-16 00:41:26,098] Trial 42 finished with value: 16.215295791625977 and parameters: {'gradient_clip_val': 0.2230463232534243, 'hidden_size': 31, 'dropout': 0.21848618905644834, 'hidden_continuous_size': 7, 'attention_head_size': 1, 'learning_rate': 0.03163524155260444}. Best is trial 27 with value: 12.759323120117188.
LOCAL_RANK: 0 - CUDA_VISIBLE_DEVICES: [0]
[I 2023-12-16 00:42:13,324] Trial 43 finished with value: 33.242462158203125 and parameters: {'gradient_clip_val': 0.1765280894050918, 'hidden_size': 21, 'dropout': 0.25746152198245226, 'hidden_continuous_size': 8, 'attention_head_size': 1, 'learning_rate': 0.013022938273768393}. Best is trial 27 with value: 12.759323120117188.
LOCAL_RANK: 0 - CUDA_VISIBLE_DEVICES: [0]
[I 2023-12-16 00:42:57,904] Trial 44 finished with value: 27.307790756225586 and parameters: {'gradient_clip_val': 0.324170818778711, 'hidden_size': 13, 'dropout': 0.21038632205056512, 'hidden_continuous_size': 7, 'attention_head_size': 1, 'learning_rate': 0.003942701674638486}. Best is trial 27 with value: 12.759323120117188.
LOCAL_RANK: 0 - CUDA_VISIBLE_DEVICES: [0]
[I 2023-12-16 00:43:46,036] Trial 45 finished with value: 31.385427474975586 and parameters: {'gradient_clip_val': 0.15108092062513903, 'hidden_size': 27, 'dropout': 0.1938671578405986, 'hidden_continuous_size': 6, 'attention_head_size': 2, 'learning_rate': 0.018809470446343728}. Best is trial 27 with value: 12.759323120117188.
LOCAL_RANK: 0 - CUDA_VISIBLE_DEVICES: [0]
[I 2023-12-16 00:44:30,746] Trial 46 finished with value: 56.286983489990234 and parameters: {'gradient_clip_val': 0.16737274246850847, 'hidden_size': 11, 'dropout': 0.24370242974201636, 'hidden_continuous_size': 5, 'attention_head_size': 2, 'learning_rate': 0.00885485489910604}. Best is trial 27 with value: 12.759323120117188.
LOCAL_RANK: 0 - CUDA_VISIBLE_DEVICES: [0]
[I 2023-12-16 00:45:14,758] Trial 47 finished with value: 29.67002296447754 and parameters: {'gradient_clip_val': 0.2583508521676661, 'hidden_size': 16, 'dropout': 0.22110293721172808, 'hidden_continuous_size': 8, 'attention_head_size': 1, 'learning_rate': 0.010278593632906672}. Best is trial 27 with value: 12.759323120117188.
LOCAL_RANK: 0 - CUDA_VISIBLE_DEVICES: [0]
[I 2023-12-16 00:45:48,507] Trial 48 finished with value: 32.75334548950195 and parameters: {'gradient_clip_val': 0.2306950759978879, 'hidden_size': 5, 'dropout': 0.30212145740934776, 'hidden_continuous_size': 5, 'attention_head_size': 3, 'learning_rate': 0.0024929395235204145}. Best is trial 27 with value: 12.759323120117188.
LOCAL_RANK: 0 - CUDA_VISIBLE_DEVICES: [0]
[I 2023-12-16 00:46:36,920] Trial 49 finished with value: 22.69818687438965 and parameters: {'gradient_clip_val': 0.14499472568629784, 'hidden_size': 34, 'dropout': 0.2766068368091265, 'hidden_continuous_size': 6, 'attention_head_size': 1, 'learning_rate': 0.00544266461096755}. Best is trial 27 with value: 12.759323120117188.
[I 2023-12-16 00:46:37,017] A new study created in memory with name: no-name-74641451-bb7c-4463-9ccd-68ba093058ad
/home/le004/conda/anaconda3/envs/tsff_env/lib/python3.9/site-packages/lightning/fabric/plugins/environments/slurm.py:191: The `srun` command is available on your system but is not used. HINT: If your intention is to run Lightning on SLURM, prepend your python command with `srun` like so: srun python /home/le004/master_thesis/git/TSFusionForecast/code/ ...
LOCAL_RANK: 0 - CUDA_VISIBLE_DEVICES: [0]
[I 2023-12-16 00:47:22,651] Trial 0 finished with value: 1520.6595458984375 and parameters: {'gradient_clip_val': 0.4934370261800127, 'hidden_size': 13, 'dropout': 0.21472464099583066, 'hidden_continuous_size': 6, 'attention_head_size': 4, 'learning_rate': 0.053153167504435696}. Best is trial 0 with value: 1520.6595458984375.
LOCAL_RANK: 0 - CUDA_VISIBLE_DEVICES: [0]
[I 2023-12-16 00:48:06,929] Trial 1 finished with value: 947.5348510742188 and parameters: {'gradient_clip_val': 0.28828150438491856, 'hidden_size': 7, 'dropout': 0.3314724312255227, 'hidden_continuous_size': 6, 'attention_head_size': 1, 'learning_rate': 0.0066096970299260645}. Best is trial 1 with value: 947.5348510742188.
LOCAL_RANK: 0 - CUDA_VISIBLE_DEVICES: [0]
[I 2023-12-16 00:48:52,769] Trial 2 finished with value: 1960.2205810546875 and parameters: {'gradient_clip_val': 0.2707030808163103, 'hidden_size': 10, 'dropout': 0.20506422414545622, 'hidden_continuous_size': 8, 'attention_head_size': 3, 'learning_rate': 0.001139617903601538}. Best is trial 1 with value: 947.5348510742188.
LOCAL_RANK: 0 - CUDA_VISIBLE_DEVICES: [0]
[I 2023-12-16 00:49:38,688] Trial 3 finished with value: 781.7897338867188 and parameters: {'gradient_clip_val': 0.11568799576327372, 'hidden_size': 15, 'dropout': 0.11424016092272062, 'hidden_continuous_size': 8, 'attention_head_size': 4, 'learning_rate': 0.002123328989242225}. Best is trial 3 with value: 781.7897338867188.
LOCAL_RANK: 0 - CUDA_VISIBLE_DEVICES: [0]
[I 2023-12-16 00:50:11,873] Trial 4 finished with value: 1248.22900390625 and parameters: {'gradient_clip_val': 0.6481362306489242, 'hidden_size': 5, 'dropout': 0.16684856223577207, 'hidden_continuous_size': 5, 'attention_head_size': 1, 'learning_rate': 0.004046921387102909}. Best is trial 3 with value: 781.7897338867188.
LOCAL_RANK: 0 - CUDA_VISIBLE_DEVICES: [0]
[I 2023-12-16 00:51:04,059] Trial 5 finished with value: 965.8079223632812 and parameters: {'gradient_clip_val': 0.34683924069520927, 'hidden_size': 91, 'dropout': 0.3629937753747686, 'hidden_continuous_size': 5, 'attention_head_size': 3, 'learning_rate': 0.0013448011611557772}. Best is trial 3 with value: 781.7897338867188.
LOCAL_RANK: 0 - CUDA_VISIBLE_DEVICES: [0]
[I 2023-12-16 00:51:56,270] Trial 6 finished with value: 1050.1512451171875 and parameters: {'gradient_clip_val': 0.4567166013879433, 'hidden_size': 33, 'dropout': 0.35608180879290563, 'hidden_continuous_size': 27, 'attention_head_size': 3, 'learning_rate': 0.009203701331734558}. Best is trial 3 with value: 781.7897338867188.
LOCAL_RANK: 0 - CUDA_VISIBLE_DEVICES: [0]
[I 2023-12-16 00:52:44,366] Trial 7 finished with value: 903.1235961914062 and parameters: {'gradient_clip_val': 0.15065134409420097, 'hidden_size': 23, 'dropout': 0.29234550748229327, 'hidden_continuous_size': 6, 'attention_head_size': 3, 'learning_rate': 0.0014585613093916296}. Best is trial 3 with value: 781.7897338867188.
LOCAL_RANK: 0 - CUDA_VISIBLE_DEVICES: [0]
[I 2023-12-16 00:53:29,542] Trial 8 finished with value: 909.2389526367188 and parameters: {'gradient_clip_val': 0.21475657981842475, 'hidden_size': 9, 'dropout': 0.12750581424331794, 'hidden_continuous_size': 8, 'attention_head_size': 3, 'learning_rate': 0.002467063357954174}. Best is trial 3 with value: 781.7897338867188.
LOCAL_RANK: 0 - CUDA_VISIBLE_DEVICES: [0]
[I 2023-12-16 00:54:22,159] Trial 9 finished with value: 1083.7186279296875 and parameters: {'gradient_clip_val': 0.3600757076742037, 'hidden_size': 52, 'dropout': 0.12935066276606363, 'hidden_continuous_size': 40, 'attention_head_size': 2, 'learning_rate': 0.0470472759344525}. Best is trial 3 with value: 781.7897338867188.
LOCAL_RANK: 0 - CUDA_VISIBLE_DEVICES: [0]
[I 2023-12-16 00:55:08,774] Trial 10 finished with value: 3712.626708984375 and parameters: {'gradient_clip_val': 0.10226274294443173, 'hidden_size': 15, 'dropout': 0.11021058681325163, 'hidden_continuous_size': 10, 'attention_head_size': 4, 'learning_rate': 0.0005157434359253774}. Best is trial 3 with value: 781.7897338867188.
LOCAL_RANK: 0 - CUDA_VISIBLE_DEVICES: [0]
[I 2023-12-16 00:55:57,384] Trial 11 finished with value: 708.7277221679688 and parameters: {'gradient_clip_val': 0.1188626154413465, 'hidden_size': 23, 'dropout': 0.27358264332264165, 'hidden_continuous_size': 8, 'attention_head_size': 4, 'learning_rate': 0.0018711268430269652}. Best is trial 11 with value: 708.7277221679688.
LOCAL_RANK: 0 - CUDA_VISIBLE_DEVICES: [0]
[I 2023-12-16 00:56:44,791] Trial 12 finished with value: 862.1661987304688 and parameters: {'gradient_clip_val': 0.10131619076616434, 'hidden_size': 20, 'dropout': 0.2620349618082922, 'hidden_continuous_size': 10, 'attention_head_size': 4, 'learning_rate': 0.0034550502949195773}. Best is trial 11 with value: 708.7277221679688.
LOCAL_RANK: 0 - CUDA_VISIBLE_DEVICES: [0]
[I 2023-12-16 00:57:34,458] Trial 13 finished with value: 1178.2366943359375 and parameters: {'gradient_clip_val': 0.15942637345797697, 'hidden_size': 26, 'dropout': 0.28172429189100606, 'hidden_continuous_size': 13, 'attention_head_size': 4, 'learning_rate': 0.0006569157926768852}. Best is trial 11 with value: 708.7277221679688.
LOCAL_RANK: 0 - CUDA_VISIBLE_DEVICES: [0]
[I 2023-12-16 00:58:19,769] Trial 14 finished with value: 538.9227294921875 and parameters: {'gradient_clip_val': 0.14806853624491337, 'hidden_size': 15, 'dropout': 0.22392330960953877, 'hidden_continuous_size': 7, 'attention_head_size': 2, 'learning_rate': 0.010015478650739559}. Best is trial 14 with value: 538.9227294921875.
LOCAL_RANK: 0 - CUDA_VISIBLE_DEVICES: [0]
[I 2023-12-16 00:59:09,075] Trial 15 finished with value: 1816.0714111328125 and parameters: {'gradient_clip_val': 0.1790623484977281, 'hidden_size': 36, 'dropout': 0.2485352168273897, 'hidden_continuous_size': 14, 'attention_head_size': 2, 'learning_rate': 0.014311093767531072}. Best is trial 14 with value: 538.9227294921875.
LOCAL_RANK: 0 - CUDA_VISIBLE_DEVICES: [0]
[I 2023-12-16 00:59:55,297] Trial 16 finished with value: 712.6257934570312 and parameters: {'gradient_clip_val': 0.13253846612244952, 'hidden_size': 18, 'dropout': 0.31051932459541426, 'hidden_continuous_size': 7, 'attention_head_size': 2, 'learning_rate': 0.018048382974582052}. Best is trial 14 with value: 538.9227294921875.
LOCAL_RANK: 0 - CUDA_VISIBLE_DEVICES: [0]
[I 2023-12-16 01:00:40,482] Trial 17 finished with value: 1163.0748291015625 and parameters: {'gradient_clip_val': 0.2000010680847629, 'hidden_size': 11, 'dropout': 0.39218188315087943, 'hidden_continuous_size': 7, 'attention_head_size': 2, 'learning_rate': 0.0054083812229203465}. Best is trial 14 with value: 538.9227294921875.
LOCAL_RANK: 0 - CUDA_VISIBLE_DEVICES: [0]
[I 2023-12-16 01:01:24,330] Trial 18 finished with value: 1715.3369140625 and parameters: {'gradient_clip_val': 0.1314508089732867, 'hidden_size': 16, 'dropout': 0.23581943935600955, 'hidden_continuous_size': 7, 'attention_head_size': 1, 'learning_rate': 0.010114124960067347}. Best is trial 14 with value: 538.9227294921875.
LOCAL_RANK: 0 - CUDA_VISIBLE_DEVICES: [0]
[I 2023-12-16 01:02:12,799] Trial 19 finished with value: 841.9638671875 and parameters: {'gradient_clip_val': 0.21558952021564118, 'hidden_size': 27, 'dropout': 0.19598183973621955, 'hidden_continuous_size': 11, 'attention_head_size': 2, 'learning_rate': 0.09833589655959368}. Best is trial 14 with value: 538.9227294921875.
LOCAL_RANK: 0 - CUDA_VISIBLE_DEVICES: [0]
[I 2023-12-16 01:02:56,385] Trial 20 finished with value: 934.8038940429688 and parameters: {'gradient_clip_val': 0.13906424930494038, 'hidden_size': 8, 'dropout': 0.2696045691748091, 'hidden_continuous_size': 5, 'attention_head_size': 1, 'learning_rate': 0.004219228176728176}. Best is trial 14 with value: 538.9227294921875.
LOCAL_RANK: 0 - CUDA_VISIBLE_DEVICES: [0]
[I 2023-12-16 01:03:43,116] Trial 21 finished with value: 941.9850463867188 and parameters: {'gradient_clip_val': 0.12468653112081948, 'hidden_size': 19, 'dropout': 0.31074376706038603, 'hidden_continuous_size': 7, 'attention_head_size': 2, 'learning_rate': 0.01980421270745383}. Best is trial 14 with value: 538.9227294921875.
LOCAL_RANK: 0 - CUDA_VISIBLE_DEVICES: [0]
[I 2023-12-16 01:04:29,891] Trial 22 finished with value: 885.4207153320312 and parameters: {'gradient_clip_val': 0.1595812563984737, 'hidden_size': 18, 'dropout': 0.3085684256742866, 'hidden_continuous_size': 9, 'attention_head_size': 2, 'learning_rate': 0.017665017356430855}. Best is trial 14 with value: 538.9227294921875.
LOCAL_RANK: 0 - CUDA_VISIBLE_DEVICES: [0]
[I 2023-12-16 01:05:15,041] Trial 23 finished with value: 4057.623046875 and parameters: {'gradient_clip_val': 0.12781669276291596, 'hidden_size': 13, 'dropout': 0.2337673820920151, 'hidden_continuous_size': 7, 'attention_head_size': 2, 'learning_rate': 0.00719760876171338}. Best is trial 14 with value: 538.9227294921875.
LOCAL_RANK: 0 - CUDA_VISIBLE_DEVICES: [0]
[I 2023-12-16 01:06:00,933] Trial 24 finished with value: 1608.3685302734375 and parameters: {'gradient_clip_val': 0.17695915237487994, 'hidden_size': 20, 'dropout': 0.2656071218471855, 'hidden_continuous_size': 6, 'attention_head_size': 3, 'learning_rate': 0.026675818505484103}. Best is trial 14 with value: 538.9227294921875.
LOCAL_RANK: 0 - CUDA_VISIBLE_DEVICES: [0]
[I 2023-12-16 01:06:45,655] Trial 25 finished with value: 987.3190307617188 and parameters: {'gradient_clip_val': 0.1107131310935518, 'hidden_size': 13, 'dropout': 0.29007587311832345, 'hidden_continuous_size': 7, 'attention_head_size': 2, 'learning_rate': 0.013479412659287156}. Best is trial 14 with value: 538.9227294921875.
LOCAL_RANK: 0 - CUDA_VISIBLE_DEVICES: [0]
[I 2023-12-16 01:07:33,689] Trial 26 finished with value: 1011.591796875 and parameters: {'gradient_clip_val': 0.13802312686269486, 'hidden_size': 25, 'dropout': 0.24381045042093039, 'hidden_continuous_size': 9, 'attention_head_size': 1, 'learning_rate': 0.00823041359112999}. Best is trial 14 with value: 538.9227294921875.
LOCAL_RANK: 0 - CUDA_VISIBLE_DEVICES: [0]
[I 2023-12-16 01:08:21,545] Trial 27 finished with value: 776.0322265625 and parameters: {'gradient_clip_val': 0.10122504811808698, 'hidden_size': 32, 'dropout': 0.3116162926688242, 'hidden_continuous_size': 12, 'attention_head_size': 3, 'learning_rate': 0.005508623132387227}. Best is trial 14 with value: 538.9227294921875.
LOCAL_RANK: 0 - CUDA_VISIBLE_DEVICES: [0]
[I 2023-12-16 01:09:06,461] Trial 28 finished with value: 2540.248779296875 and parameters: {'gradient_clip_val': 0.994844273251863, 'hidden_size': 11, 'dropout': 0.22427815141909557, 'hidden_continuous_size': 6, 'attention_head_size': 2, 'learning_rate': 0.011500712040933737}. Best is trial 14 with value: 538.9227294921875.
LOCAL_RANK: 0 - CUDA_VISIBLE_DEVICES: [0]
[I 2023-12-16 01:09:53,349] Trial 29 finished with value: 551.3090209960938 and parameters: {'gradient_clip_val': 0.1201681679863352, 'hidden_size': 17, 'dropout': 0.2171105868750291, 'hidden_continuous_size': 8, 'attention_head_size': 4, 'learning_rate': 0.027010923098551153}. Best is trial 14 with value: 538.9227294921875.
LOCAL_RANK: 0 - CUDA_VISIBLE_DEVICES: [0]
[I 2023-12-16 01:10:39,272] Trial 30 finished with value: 746.76708984375 and parameters: {'gradient_clip_val': 0.11762872549692144, 'hidden_size': 14, 'dropout': 0.212928525996317, 'hidden_continuous_size': 8, 'attention_head_size': 4, 'learning_rate': 0.02817350402803321}. Best is trial 14 with value: 538.9227294921875.
LOCAL_RANK: 0 - CUDA_VISIBLE_DEVICES: [0]
[I 2023-12-16 01:11:26,111] Trial 31 finished with value: 1054.1060791015625 and parameters: {'gradient_clip_val': 0.1369106915465099, 'hidden_size': 17, 'dropout': 0.19359204089378623, 'hidden_continuous_size': 8, 'attention_head_size': 4, 'learning_rate': 0.024242352563808727}. Best is trial 14 with value: 538.9227294921875.
LOCAL_RANK: 0 - CUDA_VISIBLE_DEVICES: [0]
[I 2023-12-16 01:12:14,953] Trial 32 finished with value: 657.1367797851562 and parameters: {'gradient_clip_val': 0.1536118251688611, 'hidden_size': 22, 'dropout': 0.22599772414947958, 'hidden_continuous_size': 9, 'attention_head_size': 4, 'learning_rate': 0.0362046738528537}. Best is trial 14 with value: 538.9227294921875.
LOCAL_RANK: 0 - CUDA_VISIBLE_DEVICES: [0]
[I 2023-12-16 01:13:04,227] Trial 33 finished with value: 1415.4453125 and parameters: {'gradient_clip_val': 0.15625910891070713, 'hidden_size': 23, 'dropout': 0.21840555267854472, 'hidden_continuous_size': 9, 'attention_head_size': 4, 'learning_rate': 0.04037347212313683}. Best is trial 14 with value: 538.9227294921875.
LOCAL_RANK: 0 - CUDA_VISIBLE_DEVICES: [0]
[I 2023-12-16 01:13:49,947] Trial 34 finished with value: 1435.5556640625 and parameters: {'gradient_clip_val': 0.1157844153373892, 'hidden_size': 13, 'dropout': 0.18382280256985464, 'hidden_continuous_size': 8, 'attention_head_size': 4, 'learning_rate': 0.03578545869920762}. Best is trial 14 with value: 538.9227294921875.
LOCAL_RANK: 0 - CUDA_VISIBLE_DEVICES: [0]
[I 2023-12-16 01:14:38,623] Trial 35 finished with value: 1068.8785400390625 and parameters: {'gradient_clip_val': 0.18328766741127928, 'hidden_size': 22, 'dropout': 0.25163582156178715, 'hidden_continuous_size': 9, 'attention_head_size': 4, 'learning_rate': 0.06272523103878504}. Best is trial 14 with value: 538.9227294921875.
LOCAL_RANK: 0 - CUDA_VISIBLE_DEVICES: [0]
[I 2023-12-16 01:15:24,717] Trial 36 finished with value: 704.698974609375 and parameters: {'gradient_clip_val': 0.24704685267270216, 'hidden_size': 11, 'dropout': 0.22385663494214653, 'hidden_continuous_size': 8, 'attention_head_size': 4, 'learning_rate': 0.03395476625790799}. Best is trial 14 with value: 538.9227294921875.
LOCAL_RANK: 0 - CUDA_VISIBLE_DEVICES: [0]
[I 2023-12-16 01:16:09,660] Trial 37 finished with value: 594.2340087890625 and parameters: {'gradient_clip_val': 0.24984218325218588, 'hidden_size': 7, 'dropout': 0.21354615436761387, 'hidden_continuous_size': 5, 'attention_head_size': 3, 'learning_rate': 0.031060001608628547}. Best is trial 14 with value: 538.9227294921875.
LOCAL_RANK: 0 - CUDA_VISIBLE_DEVICES: [0]
[I 2023-12-16 01:16:43,641] Trial 38 finished with value: 1417.2637939453125 and parameters: {'gradient_clip_val': 0.24859668584716055, 'hidden_size': 5, 'dropout': 0.17635037073852863, 'hidden_continuous_size': 5, 'attention_head_size': 3, 'learning_rate': 0.05808849894085339}. Best is trial 14 with value: 538.9227294921875.
LOCAL_RANK: 0 - CUDA_VISIBLE_DEVICES: [0]
[I 2023-12-16 01:17:28,302] Trial 39 finished with value: 1251.880859375 and parameters: {'gradient_clip_val': 0.2995955757066062, 'hidden_size': 7, 'dropout': 0.20096755169828942, 'hidden_continuous_size': 5, 'attention_head_size': 3, 'learning_rate': 0.025524614948352464}. Best is trial 14 with value: 538.9227294921875.
LOCAL_RANK: 0 - CUDA_VISIBLE_DEVICES: [0]
