[I 2023-12-15 20:00:19,114] Trial 43 finished with value: 5615.87109375 and parameters: {'gradient_clip_val': 0.7737514330973754, 'hidden_size': 61, 'dropout': 0.3551335912669382, 'hidden_continuous_size': 11, 'attention_head_size': 1, 'learning_rate': 0.001045117645662466}. Best is trial 21 with value: 2662.138671875.
LOCAL_RANK: 0 - CUDA_VISIBLE_DEVICES: [0]
[I 2023-12-15 20:01:10,257] Trial 44 finished with value: 4052.1298828125 and parameters: {'gradient_clip_val': 0.9045893266792382, 'hidden_size': 38, 'dropout': 0.37442030051378766, 'hidden_continuous_size': 12, 'attention_head_size': 2, 'learning_rate': 0.001484953161576597}. Best is trial 21 with value: 2662.138671875.
LOCAL_RANK: 0 - CUDA_VISIBLE_DEVICES: [0]
[I 2023-12-15 20:02:02,498] Trial 45 finished with value: 5579.25048828125 and parameters: {'gradient_clip_val': 0.6720528774456823, 'hidden_size': 79, 'dropout': 0.31613202233850024, 'hidden_continuous_size': 7, 'attention_head_size': 1, 'learning_rate': 0.00072515282748533}. Best is trial 21 with value: 2662.138671875.
LOCAL_RANK: 0 - CUDA_VISIBLE_DEVICES: [0]
[I 2023-12-15 20:02:54,498] Trial 46 finished with value: 5533.89794921875 and parameters: {'gradient_clip_val': 0.8071651106523738, 'hidden_size': 60, 'dropout': 0.3885541691382051, 'hidden_continuous_size': 9, 'attention_head_size': 1, 'learning_rate': 0.001898584518555992}. Best is trial 21 with value: 2662.138671875.
LOCAL_RANK: 0 - CUDA_VISIBLE_DEVICES: [0]
[I 2023-12-15 20:03:49,155] Trial 47 finished with value: 4435.77001953125 and parameters: {'gradient_clip_val': 0.5864755523470787, 'hidden_size': 87, 'dropout': 0.36059163813753164, 'hidden_continuous_size': 30, 'attention_head_size': 1, 'learning_rate': 0.0012378639112452987}. Best is trial 21 with value: 2662.138671875.
LOCAL_RANK: 0 - CUDA_VISIBLE_DEVICES: [0]
[I 2023-12-15 20:04:42,205] Trial 48 finished with value: 4444.96826171875 and parameters: {'gradient_clip_val': 0.7239973326141617, 'hidden_size': 46, 'dropout': 0.3975964512458507, 'hidden_continuous_size': 13, 'attention_head_size': 4, 'learning_rate': 0.0023037018300263454}. Best is trial 21 with value: 2662.138671875.
LOCAL_RANK: 0 - CUDA_VISIBLE_DEVICES: [0]
[I 2023-12-15 20:05:35,399] Trial 49 finished with value: 4908.50634765625 and parameters: {'gradient_clip_val': 0.9159998957931916, 'hidden_size': 51, 'dropout': 0.3422408396232386, 'hidden_continuous_size': 11, 'attention_head_size': 3, 'learning_rate': 0.0015541351442231437}. Best is trial 21 with value: 2662.138671875.
[I 2023-12-15 20:05:35,501] A new study created in memory with name: no-name-a1db5b4c-63fb-422b-96cc-a9fa095be5ba
/home/le004/conda/anaconda3/envs/tsff_env/lib/python3.9/site-packages/lightning/fabric/plugins/environments/slurm.py:191: The `srun` command is available on your system but is not used. HINT: If your intention is to run Lightning on SLURM, prepend your python command with `srun` like so: srun python /home/le004/master_thesis/git/TSFusionForecast/code/ ...
LOCAL_RANK: 0 - CUDA_VISIBLE_DEVICES: [0]
[I 2023-12-15 20:06:23,724] Trial 0 finished with value: 1646.9600830078125 and parameters: {'gradient_clip_val': 0.6862135047199616, 'hidden_size': 18, 'dropout': 0.31130327700184857, 'hidden_continuous_size': 10, 'attention_head_size': 3, 'learning_rate': 0.015164018899919966}. Best is trial 0 with value: 1646.9600830078125.
LOCAL_RANK: 0 - CUDA_VISIBLE_DEVICES: [0]
[I 2023-12-15 20:07:09,665] Trial 1 finished with value: 302.3899230957031 and parameters: {'gradient_clip_val': 0.22717298029355643, 'hidden_size': 11, 'dropout': 0.33634979889712, 'hidden_continuous_size': 7, 'attention_head_size': 2, 'learning_rate': 0.004359800513404509}. Best is trial 1 with value: 302.3899230957031.
LOCAL_RANK: 0 - CUDA_VISIBLE_DEVICES: [0]
[I 2023-12-15 20:07:54,930] Trial 2 finished with value: 810.0620727539062 and parameters: {'gradient_clip_val': 0.4381624520677946, 'hidden_size': 12, 'dropout': 0.1977058480161008, 'hidden_continuous_size': 10, 'attention_head_size': 3, 'learning_rate': 0.005811749343929804}. Best is trial 1 with value: 302.3899230957031.
LOCAL_RANK: 0 - CUDA_VISIBLE_DEVICES: [0]
[I 2023-12-15 20:08:29,692] Trial 3 finished with value: 560.5919189453125 and parameters: {'gradient_clip_val': 0.28033310282249224, 'hidden_size': 5, 'dropout': 0.195380018186953, 'hidden_continuous_size': 5, 'attention_head_size': 3, 'learning_rate': 0.05777786772209843}. Best is trial 1 with value: 302.3899230957031.
LOCAL_RANK: 0 - CUDA_VISIBLE_DEVICES: [0]
[I 2023-12-15 20:09:24,532] Trial 4 finished with value: 809.6472778320312 and parameters: {'gradient_clip_val': 0.7843475568518499, 'hidden_size': 97, 'dropout': 0.3527104107462783, 'hidden_continuous_size': 21, 'attention_head_size': 1, 'learning_rate': 0.0013054173357812053}. Best is trial 1 with value: 302.3899230957031.
LOCAL_RANK: 0 - CUDA_VISIBLE_DEVICES: [0]
[I 2023-12-15 20:10:09,875] Trial 5 finished with value: 944.392578125 and parameters: {'gradient_clip_val': 0.3982917123037361, 'hidden_size': 7, 'dropout': 0.3382268107701286, 'hidden_continuous_size': 6, 'attention_head_size': 2, 'learning_rate': 0.0005688065996114058}. Best is trial 1 with value: 302.3899230957031.
LOCAL_RANK: 0 - CUDA_VISIBLE_DEVICES: [0]
[I 2023-12-15 20:10:54,866] Trial 6 finished with value: 629.9832153320312 and parameters: {'gradient_clip_val': 0.2638880749808458, 'hidden_size': 7, 'dropout': 0.29328865706997376, 'hidden_continuous_size': 6, 'attention_head_size': 2, 'learning_rate': 0.002984972161323037}. Best is trial 1 with value: 302.3899230957031.
LOCAL_RANK: 0 - CUDA_VISIBLE_DEVICES: [0]
[I 2023-12-15 20:11:48,169] Trial 7 finished with value: 725.3223266601562 and parameters: {'gradient_clip_val': 0.8967256598189072, 'hidden_size': 60, 'dropout': 0.242166535933526, 'hidden_continuous_size': 25, 'attention_head_size': 1, 'learning_rate': 0.03984941095116639}. Best is trial 1 with value: 302.3899230957031.
LOCAL_RANK: 0 - CUDA_VISIBLE_DEVICES: [0]
[I 2023-12-15 20:12:42,528] Trial 8 finished with value: 510.023193359375 and parameters: {'gradient_clip_val': 0.5060197961543622, 'hidden_size': 99, 'dropout': 0.13848727643525083, 'hidden_continuous_size': 10, 'attention_head_size': 2, 'learning_rate': 0.01774458598767982}. Best is trial 1 with value: 302.3899230957031.
LOCAL_RANK: 0 - CUDA_VISIBLE_DEVICES: [0]
[I 2023-12-15 20:13:31,681] Trial 9 finished with value: 708.8113403320312 and parameters: {'gradient_clip_val': 0.5477650578324641, 'hidden_size': 29, 'dropout': 0.38688583697047985, 'hidden_continuous_size': 6, 'attention_head_size': 3, 'learning_rate': 0.08124931663268287}. Best is trial 1 with value: 302.3899230957031.
LOCAL_RANK: 0 - CUDA_VISIBLE_DEVICES: [0]
[I 2023-12-15 20:14:18,484] Trial 10 finished with value: 1659.08544921875 and parameters: {'gradient_clip_val': 0.1639929649463383, 'hidden_size': 15, 'dropout': 0.394759459869368, 'hidden_continuous_size': 7, 'attention_head_size': 4, 'learning_rate': 0.0035971161887738854}. Best is trial 1 with value: 302.3899230957031.
LOCAL_RANK: 0 - CUDA_VISIBLE_DEVICES: [0]
[I 2023-12-15 20:15:08,769] Trial 11 finished with value: 1285.3056640625 and parameters: {'gradient_clip_val': 0.10205396336665831, 'hidden_size': 34, 'dropout': 0.10725832439275965, 'hidden_continuous_size': 13, 'attention_head_size': 2, 'learning_rate': 0.013211075815328037}. Best is trial 1 with value: 302.3899230957031.
LOCAL_RANK: 0 - CUDA_VISIBLE_DEVICES: [0]
[I 2023-12-15 20:16:00,995] Trial 12 finished with value: 836.4442749023438 and parameters: {'gradient_clip_val': 0.22698142289781778, 'hidden_size': 44, 'dropout': 0.11509706612044565, 'hidden_continuous_size': 38, 'attention_head_size': 1, 'learning_rate': 0.013431457412397822}. Best is trial 1 with value: 302.3899230957031.
LOCAL_RANK: 0 - CUDA_VISIBLE_DEVICES: [0]
[I 2023-12-15 20:16:55,161] Trial 13 finished with value: 1172.0313720703125 and parameters: {'gradient_clip_val': 0.37153753270514095, 'hidden_size': 91, 'dropout': 0.2735506758547813, 'hidden_continuous_size': 14, 'attention_head_size': 2, 'learning_rate': 0.022700087393423128}. Best is trial 1 with value: 302.3899230957031.
LOCAL_RANK: 0 - CUDA_VISIBLE_DEVICES: [0]
[I 2023-12-15 20:17:43,898] Trial 14 finished with value: 267.8744201660156 and parameters: {'gradient_clip_val': 0.5543952863318068, 'hidden_size': 23, 'dropout': 0.15785342238672034, 'hidden_continuous_size': 8, 'attention_head_size': 2, 'learning_rate': 0.005733518006257949}. Best is trial 14 with value: 267.8744201660156.
LOCAL_RANK: 0 - CUDA_VISIBLE_DEVICES: [0]
[I 2023-12-15 20:18:33,022] Trial 15 finished with value: 1117.7254638671875 and parameters: {'gradient_clip_val': 0.601804075976055, 'hidden_size': 21, 'dropout': 0.24896656861491412, 'hidden_continuous_size': 8, 'attention_head_size': 4, 'learning_rate': 0.0036828327313902323}. Best is trial 14 with value: 267.8744201660156.
LOCAL_RANK: 0 - CUDA_VISIBLE_DEVICES: [0]
[I 2023-12-15 20:19:18,148] Trial 16 finished with value: 580.169677734375 and parameters: {'gradient_clip_val': 0.33753850437431027, 'hidden_size': 13, 'dropout': 0.17306431607263767, 'hidden_continuous_size': 5, 'attention_head_size': 1, 'learning_rate': 0.007971145434191888}. Best is trial 14 with value: 267.8744201660156.
LOCAL_RANK: 0 - CUDA_VISIBLE_DEVICES: [0]
[I 2023-12-15 20:20:06,992] Trial 17 finished with value: 432.5886535644531 and parameters: {'gradient_clip_val': 0.7122194685780654, 'hidden_size': 25, 'dropout': 0.24026785148983212, 'hidden_continuous_size': 8, 'attention_head_size': 2, 'learning_rate': 0.0019274086872713276}. Best is trial 14 with value: 267.8744201660156.
LOCAL_RANK: 0 - CUDA_VISIBLE_DEVICES: [0]
[I 2023-12-15 20:20:52,860] Trial 18 finished with value: 1111.4007568359375 and parameters: {'gradient_clip_val': 0.9147043539979208, 'hidden_size': 10, 'dropout': 0.14998652687582834, 'hidden_continuous_size': 5, 'attention_head_size': 3, 'learning_rate': 0.007509174319152117}. Best is trial 14 with value: 267.8744201660156.
LOCAL_RANK: 0 - CUDA_VISIBLE_DEVICES: [0]
[I 2023-12-15 20:21:39,877] Trial 19 finished with value: 1120.7861328125 and parameters: {'gradient_clip_val': 0.4563472770751168, 'hidden_size': 19, 'dropout': 0.21390231396232806, 'hidden_continuous_size': 7, 'attention_head_size': 1, 'learning_rate': 0.004976976951973076}. Best is trial 14 with value: 267.8744201660156.
LOCAL_RANK: 0 - CUDA_VISIBLE_DEVICES: [0]
[I 2023-12-15 20:22:25,040] Trial 20 finished with value: 461.483642578125 and parameters: {'gradient_clip_val': 0.20387153278823905, 'hidden_size': 10, 'dropout': 0.2779000455072069, 'hidden_continuous_size': 6, 'attention_head_size': 2, 'learning_rate': 0.00200612762832721}. Best is trial 14 with value: 267.8744201660156.
LOCAL_RANK: 0 - CUDA_VISIBLE_DEVICES: [0]
[I 2023-12-15 20:23:13,727] Trial 21 finished with value: 539.144775390625 and parameters: {'gradient_clip_val': 0.695650582383051, 'hidden_size': 23, 'dropout': 0.22934266349156288, 'hidden_continuous_size': 8, 'attention_head_size': 2, 'learning_rate': 0.001592047001571986}. Best is trial 14 with value: 267.8744201660156.
LOCAL_RANK: 0 - CUDA_VISIBLE_DEVICES: [0]
[I 2023-12-15 20:24:03,085] Trial 22 finished with value: 1000.8591918945312 and parameters: {'gradient_clip_val': 0.6369915502474043, 'hidden_size': 27, 'dropout': 0.26224014480742164, 'hidden_continuous_size': 9, 'attention_head_size': 2, 'learning_rate': 0.00242028392245832}. Best is trial 14 with value: 267.8744201660156.
LOCAL_RANK: 0 - CUDA_VISIBLE_DEVICES: [0]
[I 2023-12-15 20:24:50,044] Trial 23 finished with value: 243.11891174316406 and parameters: {'gradient_clip_val': 0.9988959958956585, 'hidden_size': 18, 'dropout': 0.22621781467908242, 'hidden_continuous_size': 7, 'attention_head_size': 2, 'learning_rate': 0.0009386001648473611}. Best is trial 23 with value: 243.11891174316406.
LOCAL_RANK: 0 - CUDA_VISIBLE_DEVICES: [0]
[I 2023-12-15 20:25:36,356] Trial 24 finished with value: 617.1028442382812 and parameters: {'gradient_clip_val': 0.9239845392699753, 'hidden_size': 15, 'dropout': 0.172571488064125, 'hidden_continuous_size': 7, 'attention_head_size': 3, 'learning_rate': 0.0008854218626415923}. Best is trial 23 with value: 243.11891174316406.
LOCAL_RANK: 0 - CUDA_VISIBLE_DEVICES: [0]
[I 2023-12-15 20:26:22,976] Trial 25 finished with value: 485.7005615234375 and parameters: {'gradient_clip_val': 0.5279278840078538, 'hidden_size': 18, 'dropout': 0.21505215814202672, 'hidden_continuous_size': 7, 'attention_head_size': 2, 'learning_rate': 0.001053897416934444}. Best is trial 23 with value: 243.11891174316406.
LOCAL_RANK: 0 - CUDA_VISIBLE_DEVICES: [0]
[I 2023-12-15 20:27:12,511] Trial 26 finished with value: 536.8789672851562 and parameters: {'gradient_clip_val': 0.3492163168372391, 'hidden_size': 35, 'dropout': 0.29792987693738016, 'hidden_continuous_size': 11, 'attention_head_size': 1, 'learning_rate': 0.0005473947778379265}. Best is trial 23 with value: 243.11891174316406.
LOCAL_RANK: 0 - CUDA_VISIBLE_DEVICES: [0]
[I 2023-12-15 20:27:57,464] Trial 27 finished with value: 472.5853576660156 and parameters: {'gradient_clip_val': 0.9865259814835428, 'hidden_size': 16, 'dropout': 0.3280716898326023, 'hidden_continuous_size': 8, 'attention_head_size': 2, 'learning_rate': 0.002585326887350305}. Best is trial 23 with value: 243.11891174316406.
LOCAL_RANK: 0 - CUDA_VISIBLE_DEVICES: [0]
[I 2023-12-15 20:28:46,599] Trial 28 finished with value: 1115.516845703125 and parameters: {'gradient_clip_val': 0.5776322881960697, 'hidden_size': 21, 'dropout': 0.26728400960913384, 'hidden_continuous_size': 9, 'attention_head_size': 3, 'learning_rate': 0.003982408359018483}. Best is trial 23 with value: 243.11891174316406.
LOCAL_RANK: 0 - CUDA_VISIBLE_DEVICES: [0]
[I 2023-12-15 20:29:33,756] Trial 29 finished with value: 395.8689880371094 and parameters: {'gradient_clip_val': 0.7767856408957394, 'hidden_size': 18, 'dropout': 0.316428943017024, 'hidden_continuous_size': 7, 'attention_head_size': 3, 'learning_rate': 0.009870448456249912}. Best is trial 23 with value: 243.11891174316406.
LOCAL_RANK: 0 - CUDA_VISIBLE_DEVICES: [0]
[I 2023-12-15 20:30:17,763] Trial 30 finished with value: 509.7588195800781 and parameters: {'gradient_clip_val': 0.7666018774234971, 'hidden_size': 12, 'dropout': 0.2926025901910041, 'hidden_continuous_size': 6, 'attention_head_size': 1, 'learning_rate': 0.005289505109799396}. Best is trial 23 with value: 243.11891174316406.
LOCAL_RANK: 0 - CUDA_VISIBLE_DEVICES: [0]
[I 2023-12-15 20:31:05,596] Trial 31 finished with value: 487.030029296875 and parameters: {'gradient_clip_val': 0.7861677552056793, 'hidden_size': 19, 'dropout': 0.3189141954794882, 'hidden_continuous_size': 7, 'attention_head_size': 3, 'learning_rate': 0.009647246343588768}. Best is trial 23 with value: 243.11891174316406.
LOCAL_RANK: 0 - CUDA_VISIBLE_DEVICES: [0]
[I 2023-12-15 20:31:53,133] Trial 32 finished with value: 418.32177734375 and parameters: {'gradient_clip_val': 0.8120478118005217, 'hidden_size': 17, 'dropout': 0.31205642935412936, 'hidden_continuous_size': 8, 'attention_head_size': 4, 'learning_rate': 0.005385244262078631}. Best is trial 23 with value: 243.11891174316406.
LOCAL_RANK: 0 - CUDA_VISIBLE_DEVICES: [0]
[I 2023-12-15 20:32:41,201] Trial 33 finished with value: 1316.250732421875 and parameters: {'gradient_clip_val': 0.6545152726430772, 'hidden_size': 24, 'dropout': 0.35138871935482713, 'hidden_continuous_size': 9, 'attention_head_size': 3, 'learning_rate': 0.009493807370469553}. Best is trial 23 with value: 243.11891174316406.
LOCAL_RANK: 0 - CUDA_VISIBLE_DEVICES: [0]
[I 2023-12-15 20:33:26,847] Trial 34 finished with value: 601.560302734375 and parameters: {'gradient_clip_val': 0.9891532983685924, 'hidden_size': 14, 'dropout': 0.19976674604668865, 'hidden_continuous_size': 7, 'attention_head_size': 2, 'learning_rate': 0.006898143635395511}. Best is trial 23 with value: 243.11891174316406.
LOCAL_RANK: 0 - CUDA_VISIBLE_DEVICES: [0]
[I 2023-12-15 20:34:13,031] Trial 35 finished with value: 1322.0875244140625 and parameters: {'gradient_clip_val': 0.6983912967316734, 'hidden_size': 11, 'dropout': 0.3689878550786438, 'hidden_continuous_size': 7, 'attention_head_size': 3, 'learning_rate': 0.0013793597113868847}. Best is trial 23 with value: 243.11891174316406.
LOCAL_RANK: 0 - CUDA_VISIBLE_DEVICES: [0]
[I 2023-12-15 20:34:58,670] Trial 36 finished with value: 593.0809936523438 and parameters: {'gradient_clip_val': 0.4676747114171858, 'hidden_size': 13, 'dropout': 0.3333391342422912, 'hidden_continuous_size': 6, 'attention_head_size': 3, 'learning_rate': 0.0007772756295156378}. Best is trial 23 with value: 243.11891174316406.
LOCAL_RANK: 0 - CUDA_VISIBLE_DEVICES: [0]
[I 2023-12-15 20:35:44,054] Trial 37 finished with value: 462.0114440917969 and parameters: {'gradient_clip_val': 0.4142550768428227, 'hidden_size': 9, 'dropout': 0.3470048048727031, 'hidden_continuous_size': 5, 'attention_head_size': 2, 'learning_rate': 0.003582045061731638}. Best is trial 23 with value: 243.11891174316406.
LOCAL_RANK: 0 - CUDA_VISIBLE_DEVICES: [0]
[I 2023-12-15 20:36:29,205] Trial 38 finished with value: 391.2790832519531 and parameters: {'gradient_clip_val': 0.8412837883187341, 'hidden_size': 16, 'dropout': 0.3062452644129148, 'hidden_continuous_size': 8, 'attention_head_size': 2, 'learning_rate': 0.0024564666746136688}. Best is trial 23 with value: 243.11891174316406.
LOCAL_RANK: 0 - CUDA_VISIBLE_DEVICES: [0]
[I 2023-12-15 20:37:13,217] Trial 39 finished with value: 634.9459838867188 and parameters: {'gradient_clip_val': 0.8638366656637836, 'hidden_size': 8, 'dropout': 0.2864026440089009, 'hidden_continuous_size': 5, 'attention_head_size': 2, 'learning_rate': 0.0011974022411005835}. Best is trial 23 with value: 243.11891174316406.
LOCAL_RANK: 0 - CUDA_VISIBLE_DEVICES: [0]
[I 2023-12-15 20:37:47,730] Trial 40 finished with value: 833.5195922851562 and parameters: {'gradient_clip_val': 0.5677812099828873, 'hidden_size': 5, 'dropout': 0.30264786347680495, 'hidden_continuous_size': 5, 'attention_head_size': 2, 'learning_rate': 0.0028568793956938138}. Best is trial 23 with value: 243.11891174316406.
LOCAL_RANK: 0 - CUDA_VISIBLE_DEVICES: [0]
[I 2023-12-15 20:38:32,724] Trial 41 finished with value: 1018.4939575195312 and parameters: {'gradient_clip_val': 0.8215739347437722, 'hidden_size': 16, 'dropout': 0.31491230033574125, 'hidden_continuous_size': 8, 'attention_head_size': 2, 'learning_rate': 0.004553094469511233}. Best is trial 23 with value: 243.11891174316406.
LOCAL_RANK: 0 - CUDA_VISIBLE_DEVICES: [0]
[I 2023-12-15 20:39:20,740] Trial 42 finished with value: 254.1665496826172 and parameters: {'gradient_clip_val': 0.7433037730658855, 'hidden_size': 19, 'dropout': 0.32526362884457516, 'hidden_continuous_size': 9, 'attention_head_size': 2, 'learning_rate': 0.0017910611174554124}. Best is trial 23 with value: 243.11891174316406.
LOCAL_RANK: 0 - CUDA_VISIBLE_DEVICES: [0]
[I 2023-12-15 20:40:06,898] Trial 43 finished with value: 1011.7621459960938 and parameters: {'gradient_clip_val': 0.8733908343327179, 'hidden_size': 14, 'dropout': 0.33293155882931363, 'hidden_continuous_size': 9, 'attention_head_size': 2, 'learning_rate': 0.0017866240119170347}. Best is trial 23 with value: 243.11891174316406.
LOCAL_RANK: 0 - CUDA_VISIBLE_DEVICES: [0]
[I 2023-12-15 20:40:55,773] Trial 44 finished with value: 718.1184692382812 and parameters: {'gradient_clip_val': 0.6191705303373832, 'hidden_size': 21, 'dropout': 0.37264061966441875, 'hidden_continuous_size': 10, 'attention_head_size': 2, 'learning_rate': 0.0021177657038280776}. Best is trial 23 with value: 243.11891174316406.
LOCAL_RANK: 0 - CUDA_VISIBLE_DEVICES: [0]
[I 2023-12-15 20:41:44,739] Trial 45 finished with value: 451.434814453125 and parameters: {'gradient_clip_val': 0.7228011215439812, 'hidden_size': 30, 'dropout': 0.26074994497387544, 'hidden_continuous_size': 11, 'attention_head_size': 2, 'learning_rate': 0.0014699307229328804}. Best is trial 23 with value: 243.11891174316406.
LOCAL_RANK: 0 - CUDA_VISIBLE_DEVICES: [0]
[I 2023-12-15 20:42:28,707] Trial 46 finished with value: 452.9551696777344 and parameters: {'gradient_clip_val': 0.5068283489360272, 'hidden_size': 12, 'dropout': 0.28577926100686446, 'hidden_continuous_size': 8, 'attention_head_size': 1, 'learning_rate': 0.0032188798517168724}. Best is trial 23 with value: 243.11891174316406.
LOCAL_RANK: 0 - CUDA_VISIBLE_DEVICES: [0]
[I 2023-12-15 20:43:13,893] Trial 47 finished with value: 764.9265747070312 and parameters: {'gradient_clip_val': 0.9895024711651663, 'hidden_size': 16, 'dropout': 0.34002862756214836, 'hidden_continuous_size': 9, 'attention_head_size': 2, 'learning_rate': 0.002749931309131658}. Best is trial 23 with value: 243.11891174316406.
LOCAL_RANK: 0 - CUDA_VISIBLE_DEVICES: [0]
[I 2023-12-15 20:44:02,401] Trial 48 finished with value: 683.1868286132812 and parameters: {'gradient_clip_val': 0.6212876387559971, 'hidden_size': 21, 'dropout': 0.36441981955750485, 'hidden_continuous_size': 11, 'attention_head_size': 2, 'learning_rate': 0.0006895874715541971}. Best is trial 23 with value: 243.11891174316406.
LOCAL_RANK: 0 - CUDA_VISIBLE_DEVICES: [0]
[I 2023-12-15 20:44:51,102] Trial 49 finished with value: 1005.30615234375 and parameters: {'gradient_clip_val': 0.2850756501590384, 'hidden_size': 26, 'dropout': 0.25268782403637585, 'hidden_continuous_size': 10, 'attention_head_size': 1, 'learning_rate': 0.0011663258186225263}. Best is trial 23 with value: 243.11891174316406.
[I 2023-12-15 20:44:51,194] A new study created in memory with name: no-name-cb83bb25-5444-41a4-8500-bee9ed51671c
/home/le004/conda/anaconda3/envs/tsff_env/lib/python3.9/site-packages/lightning/fabric/plugins/environments/slurm.py:191: The `srun` command is available on your system but is not used. HINT: If your intention is to run Lightning on SLURM, prepend your python command with `srun` like so: srun python /home/le004/master_thesis/git/TSFusionForecast/code/ ...
LOCAL_RANK: 0 - CUDA_VISIBLE_DEVICES: [0]
