[I 2023-12-15 23:05:20,399] Trial 21 finished with value: 17.33443260192871 and parameters: {'gradient_clip_val': 0.2936183033341615, 'hidden_size': 5, 'dropout': 0.25703253989988906, 'hidden_continuous_size': 5, 'attention_head_size': 2, 'learning_rate': 0.0041043117622928055}. Best is trial 21 with value: 17.33443260192871.
LOCAL_RANK: 0 - CUDA_VISIBLE_DEVICES: [0]
[I 2023-12-15 23:05:53,982] Trial 22 finished with value: 25.36888313293457 and parameters: {'gradient_clip_val': 0.34508080314012435, 'hidden_size': 5, 'dropout': 0.25145335927184376, 'hidden_continuous_size': 5, 'attention_head_size': 2, 'learning_rate': 0.0033521011077227675}. Best is trial 21 with value: 17.33443260192871.
LOCAL_RANK: 0 - CUDA_VISIBLE_DEVICES: [0]
[I 2023-12-15 23:06:37,944] Trial 23 finished with value: 35.65156555175781 and parameters: {'gradient_clip_val': 0.2798977921122017, 'hidden_size': 7, 'dropout': 0.21084971925818802, 'hidden_continuous_size': 5, 'attention_head_size': 1, 'learning_rate': 0.0016729608420618053}. Best is trial 21 with value: 17.33443260192871.
LOCAL_RANK: 0 - CUDA_VISIBLE_DEVICES: [0]
[I 2023-12-15 23:07:22,761] Trial 24 finished with value: 29.80298614501953 and parameters: {'gradient_clip_val': 0.20581282894157202, 'hidden_size': 10, 'dropout': 0.2716940959580426, 'hidden_continuous_size': 6, 'attention_head_size': 2, 'learning_rate': 0.006209330310642356}. Best is trial 21 with value: 17.33443260192871.
LOCAL_RANK: 0 - CUDA_VISIBLE_DEVICES: [0]
[I 2023-12-15 23:08:07,639] Trial 25 finished with value: 29.600563049316406 and parameters: {'gradient_clip_val': 0.31022358684637596, 'hidden_size': 6, 'dropout': 0.18147241812327705, 'hidden_continuous_size': 5, 'attention_head_size': 3, 'learning_rate': 0.013227577382637115}. Best is trial 21 with value: 17.33443260192871.
LOCAL_RANK: 0 - CUDA_VISIBLE_DEVICES: [0]
[I 2023-12-15 23:08:51,940] Trial 26 finished with value: 67.5697250366211 and parameters: {'gradient_clip_val': 0.38415953641734996, 'hidden_size': 9, 'dropout': 0.22533857528428827, 'hidden_continuous_size': 6, 'attention_head_size': 1, 'learning_rate': 0.007032685059539384}. Best is trial 21 with value: 17.33443260192871.
LOCAL_RANK: 0 - CUDA_VISIBLE_DEVICES: [0]
[I 2023-12-15 23:09:26,373] Trial 27 finished with value: 90.25545501708984 and parameters: {'gradient_clip_val': 0.5935462901434579, 'hidden_size': 5, 'dropout': 0.2773803540168614, 'hidden_continuous_size': 5, 'attention_head_size': 4, 'learning_rate': 0.01851510871477827}. Best is trial 21 with value: 17.33443260192871.
LOCAL_RANK: 0 - CUDA_VISIBLE_DEVICES: [0]
[I 2023-12-15 23:10:10,248] Trial 28 finished with value: 54.83323287963867 and parameters: {'gradient_clip_val': 0.46354082446318123, 'hidden_size': 12, 'dropout': 0.19542270144713556, 'hidden_continuous_size': 7, 'attention_head_size': 2, 'learning_rate': 0.03271572872622528}. Best is trial 21 with value: 17.33443260192871.
LOCAL_RANK: 0 - CUDA_VISIBLE_DEVICES: [0]
[I 2023-12-15 23:10:55,878] Trial 29 finished with value: 45.25693130493164 and parameters: {'gradient_clip_val': 0.1981485222428847, 'hidden_size': 17, 'dropout': 0.24901126811618868, 'hidden_continuous_size': 7, 'attention_head_size': 1, 'learning_rate': 0.008367921030737005}. Best is trial 21 with value: 17.33443260192871.
LOCAL_RANK: 0 - CUDA_VISIBLE_DEVICES: [0]
[I 2023-12-15 23:11:38,959] Trial 30 finished with value: 51.92062759399414 and parameters: {'gradient_clip_val': 0.27589092557692674, 'hidden_size': 8, 'dropout': 0.2263268488729283, 'hidden_continuous_size': 5, 'attention_head_size': 1, 'learning_rate': 0.012739694460495277}. Best is trial 21 with value: 17.33443260192871.
LOCAL_RANK: 0 - CUDA_VISIBLE_DEVICES: [0]
[I 2023-12-15 23:12:23,798] Trial 31 finished with value: 22.443513870239258 and parameters: {'gradient_clip_val': 0.3084946847876057, 'hidden_size': 6, 'dropout': 0.23606038690395326, 'hidden_continuous_size': 5, 'attention_head_size': 2, 'learning_rate': 0.0037180288826982075}. Best is trial 21 with value: 17.33443260192871.
LOCAL_RANK: 0 - CUDA_VISIBLE_DEVICES: [0]
[I 2023-12-15 23:13:08,499] Trial 32 finished with value: 27.48273277282715 and parameters: {'gradient_clip_val': 0.3379947902044163, 'hidden_size': 11, 'dropout': 0.1798017988860669, 'hidden_continuous_size': 6, 'attention_head_size': 2, 'learning_rate': 0.004280832589416969}. Best is trial 21 with value: 17.33443260192871.
LOCAL_RANK: 0 - CUDA_VISIBLE_DEVICES: [0]
[I 2023-12-15 23:13:52,920] Trial 33 finished with value: 86.35003662109375 and parameters: {'gradient_clip_val': 0.25302040177184004, 'hidden_size': 6, 'dropout': 0.16902880920633442, 'hidden_continuous_size': 5, 'attention_head_size': 2, 'learning_rate': 0.008998399411725692}. Best is trial 21 with value: 17.33443260192871.
LOCAL_RANK: 0 - CUDA_VISIBLE_DEVICES: [0]
[I 2023-12-15 23:14:37,570] Trial 34 finished with value: 24.99298095703125 and parameters: {'gradient_clip_val': 0.43987590125830117, 'hidden_size': 6, 'dropout': 0.19951430855233265, 'hidden_continuous_size': 5, 'attention_head_size': 3, 'learning_rate': 0.0019135733583269838}. Best is trial 21 with value: 17.33443260192871.
LOCAL_RANK: 0 - CUDA_VISIBLE_DEVICES: [0]
[I 2023-12-15 23:15:23,297] Trial 35 finished with value: 26.036849975585938 and parameters: {'gradient_clip_val': 0.32081838205192503, 'hidden_size': 13, 'dropout': 0.2341087645845848, 'hidden_continuous_size': 9, 'attention_head_size': 2, 'learning_rate': 0.011824685757582611}. Best is trial 21 with value: 17.33443260192871.
LOCAL_RANK: 0 - CUDA_VISIBLE_DEVICES: [0]
[I 2023-12-15 23:16:07,658] Trial 36 finished with value: 36.27241134643555 and parameters: {'gradient_clip_val': 0.415634378709781, 'hidden_size': 8, 'dropout': 0.2527153471253543, 'hidden_continuous_size': 5, 'attention_head_size': 4, 'learning_rate': 0.004405632076383309}. Best is trial 21 with value: 17.33443260192871.
LOCAL_RANK: 0 - CUDA_VISIBLE_DEVICES: [0]
[I 2023-12-15 23:16:53,410] Trial 37 finished with value: 66.05780792236328 and parameters: {'gradient_clip_val': 0.3830822625030688, 'hidden_size': 15, 'dropout': 0.15527269058924226, 'hidden_continuous_size': 11, 'attention_head_size': 1, 'learning_rate': 0.009210778647645532}. Best is trial 21 with value: 17.33443260192871.
LOCAL_RANK: 0 - CUDA_VISIBLE_DEVICES: [0]
[I 2023-12-15 23:17:36,958] Trial 38 finished with value: 40.312191009521484 and parameters: {'gradient_clip_val': 0.17430123878886414, 'hidden_size': 12, 'dropout': 0.21473684489143738, 'hidden_continuous_size': 6, 'attention_head_size': 2, 'learning_rate': 0.0020415511523263615}. Best is trial 21 with value: 17.33443260192871.
LOCAL_RANK: 0 - CUDA_VISIBLE_DEVICES: [0]
[I 2023-12-15 23:18:21,809] Trial 39 finished with value: 30.472747802734375 and parameters: {'gradient_clip_val': 0.26002802824457927, 'hidden_size': 6, 'dropout': 0.2877451810393387, 'hidden_continuous_size': 5, 'attention_head_size': 3, 'learning_rate': 0.0015497872476848496}. Best is trial 21 with value: 17.33443260192871.
LOCAL_RANK: 0 - CUDA_VISIBLE_DEVICES: [0]
[I 2023-12-15 23:19:08,970] Trial 40 finished with value: 19.58099937438965 and parameters: {'gradient_clip_val': 0.30689082356275604, 'hidden_size': 18, 'dropout': 0.305544915916146, 'hidden_continuous_size': 10, 'attention_head_size': 2, 'learning_rate': 0.0010707214515060593}. Best is trial 21 with value: 17.33443260192871.
LOCAL_RANK: 0 - CUDA_VISIBLE_DEVICES: [0]
[I 2023-12-15 23:19:57,956] Trial 41 finished with value: 21.084257125854492 and parameters: {'gradient_clip_val': 0.30109233417236975, 'hidden_size': 36, 'dropout': 0.31299656334762366, 'hidden_continuous_size': 11, 'attention_head_size': 2, 'learning_rate': 0.000902457726629335}. Best is trial 21 with value: 17.33443260192871.
LOCAL_RANK: 0 - CUDA_VISIBLE_DEVICES: [0]
[I 2023-12-15 23:20:47,050] Trial 42 finished with value: 26.050064086914062 and parameters: {'gradient_clip_val': 0.30824663024077636, 'hidden_size': 34, 'dropout': 0.31545435449238873, 'hidden_continuous_size': 11, 'attention_head_size': 2, 'learning_rate': 0.0009482586254068303}. Best is trial 21 with value: 17.33443260192871.
LOCAL_RANK: 0 - CUDA_VISIBLE_DEVICES: [0]
[I 2023-12-15 23:21:38,989] Trial 43 finished with value: 23.6768856048584 and parameters: {'gradient_clip_val': 0.2939824625506172, 'hidden_size': 38, 'dropout': 0.3658710737900971, 'hidden_continuous_size': 17, 'attention_head_size': 2, 'learning_rate': 0.000553894712490614}. Best is trial 21 with value: 17.33443260192871.
LOCAL_RANK: 0 - CUDA_VISIBLE_DEVICES: [0]
[I 2023-12-15 23:22:31,810] Trial 44 finished with value: 34.347904205322266 and parameters: {'gradient_clip_val': 0.23767573866694294, 'hidden_size': 61, 'dropout': 0.30965815134187774, 'hidden_continuous_size': 13, 'attention_head_size': 2, 'learning_rate': 0.0010275617052049697}. Best is trial 21 with value: 17.33443260192871.
LOCAL_RANK: 0 - CUDA_VISIBLE_DEVICES: [0]
[I 2023-12-15 23:23:20,406] Trial 45 finished with value: 24.748849868774414 and parameters: {'gradient_clip_val': 0.28652575144673537, 'hidden_size': 26, 'dropout': 0.29907959564160874, 'hidden_continuous_size': 12, 'attention_head_size': 2, 'learning_rate': 0.002565431371981566}. Best is trial 21 with value: 17.33443260192871.
LOCAL_RANK: 0 - CUDA_VISIBLE_DEVICES: [0]
[I 2023-12-15 23:24:08,324] Trial 46 finished with value: 23.122695922851562 and parameters: {'gradient_clip_val': 0.32103628025977027, 'hidden_size': 19, 'dropout': 0.33021922634685225, 'hidden_continuous_size': 10, 'attention_head_size': 2, 'learning_rate': 0.0011229767160452428}. Best is trial 21 with value: 17.33443260192871.
LOCAL_RANK: 0 - CUDA_VISIBLE_DEVICES: [0]
[I 2023-12-15 23:24:55,860] Trial 47 finished with value: 41.48521423339844 and parameters: {'gradient_clip_val': 0.35864643589978085, 'hidden_size': 28, 'dropout': 0.2648303851751456, 'hidden_continuous_size': 10, 'attention_head_size': 2, 'learning_rate': 0.000663749207981949}. Best is trial 21 with value: 17.33443260192871.
LOCAL_RANK: 0 - CUDA_VISIBLE_DEVICES: [0]
[I 2023-12-15 23:25:42,137] Trial 48 finished with value: 20.252073287963867 and parameters: {'gradient_clip_val': 0.26596219769745155, 'hidden_size': 20, 'dropout': 0.2833206438939615, 'hidden_continuous_size': 9, 'attention_head_size': 1, 'learning_rate': 0.0013086577109698897}. Best is trial 21 with value: 17.33443260192871.
LOCAL_RANK: 0 - CUDA_VISIBLE_DEVICES: [0]
[I 2023-12-15 23:26:28,392] Trial 49 finished with value: 18.765634536743164 and parameters: {'gradient_clip_val': 0.22382481437475998, 'hidden_size': 17, 'dropout': 0.2869112602485676, 'hidden_continuous_size': 10, 'attention_head_size': 1, 'learning_rate': 0.0007829982426980504}. Best is trial 21 with value: 17.33443260192871.
[I 2023-12-15 23:26:28,485] A new study created in memory with name: no-name-05590a04-b284-4b8d-a507-ed1133618da0
/home/le004/conda/anaconda3/envs/tsff_env/lib/python3.9/site-packages/lightning/fabric/plugins/environments/slurm.py:191: The `srun` command is available on your system but is not used. HINT: If your intention is to run Lightning on SLURM, prepend your python command with `srun` like so: srun python /home/le004/master_thesis/git/TSFusionForecast/code/ ...
LOCAL_RANK: 0 - CUDA_VISIBLE_DEVICES: [0]
[I 2023-12-15 23:27:01,603] Trial 0 finished with value: 421.4483337402344 and parameters: {'gradient_clip_val': 0.8984943665648246, 'hidden_size': 6, 'dropout': 0.15619294186831278, 'hidden_continuous_size': 6, 'attention_head_size': 1, 'learning_rate': 0.0016391947705906092}. Best is trial 0 with value: 421.4483337402344.
LOCAL_RANK: 0 - CUDA_VISIBLE_DEVICES: [0]
[I 2023-12-15 23:27:58,145] Trial 1 finished with value: 355.2215270996094 and parameters: {'gradient_clip_val': 0.320279163114931, 'hidden_size': 73, 'dropout': 0.21189029940730678, 'hidden_continuous_size': 71, 'attention_head_size': 4, 'learning_rate': 0.011011831730739255}. Best is trial 1 with value: 355.2215270996094.
LOCAL_RANK: 0 - CUDA_VISIBLE_DEVICES: [0]
[I 2023-12-15 23:28:45,814] Trial 2 finished with value: 77.02619171142578 and parameters: {'gradient_clip_val': 0.34208711528201885, 'hidden_size': 17, 'dropout': 0.27698158877844964, 'hidden_continuous_size': 13, 'attention_head_size': 3, 'learning_rate': 0.002929776894099318}. Best is trial 2 with value: 77.02619171142578.
LOCAL_RANK: 0 - CUDA_VISIBLE_DEVICES: [0]
[I 2023-12-15 23:29:20,249] Trial 3 finished with value: 420.6607971191406 and parameters: {'gradient_clip_val': 0.16396182953393415, 'hidden_size': 5, 'dropout': 0.2735950681077485, 'hidden_continuous_size': 5, 'attention_head_size': 4, 'learning_rate': 0.0007113667056045082}. Best is trial 2 with value: 77.02619171142578.
LOCAL_RANK: 0 - CUDA_VISIBLE_DEVICES: [0]
[I 2023-12-15 23:30:09,202] Trial 4 finished with value: 174.29649353027344 and parameters: {'gradient_clip_val': 0.28948103056557933, 'hidden_size': 22, 'dropout': 0.12206032739103972, 'hidden_continuous_size': 14, 'attention_head_size': 4, 'learning_rate': 0.061973431685933944}. Best is trial 2 with value: 77.02619171142578.
LOCAL_RANK: 0 - CUDA_VISIBLE_DEVICES: [0]
[I 2023-12-15 23:30:43,637] Trial 5 finished with value: 234.59376525878906 and parameters: {'gradient_clip_val': 0.14040530459535835, 'hidden_size': 5, 'dropout': 0.14686018037783066, 'hidden_continuous_size': 5, 'attention_head_size': 4, 'learning_rate': 0.006191588159951255}. Best is trial 2 with value: 77.02619171142578.
LOCAL_RANK: 0 - CUDA_VISIBLE_DEVICES: [0]
[I 2023-12-15 23:31:31,454] Trial 6 finished with value: 292.62109375 and parameters: {'gradient_clip_val': 0.3053988325119049, 'hidden_size': 18, 'dropout': 0.35520746291151106, 'hidden_continuous_size': 10, 'attention_head_size': 4, 'learning_rate': 0.06680340351108022}. Best is trial 2 with value: 77.02619171142578.
LOCAL_RANK: 0 - CUDA_VISIBLE_DEVICES: [0]
[I 2023-12-15 23:32:19,045] Trial 7 finished with value: 446.3406066894531 and parameters: {'gradient_clip_val': 0.1858391822425538, 'hidden_size': 19, 'dropout': 0.2095613634767423, 'hidden_continuous_size': 7, 'attention_head_size': 4, 'learning_rate': 0.04964776979561799}. Best is trial 2 with value: 77.02619171142578.
LOCAL_RANK: 0 - CUDA_VISIBLE_DEVICES: [0]
[I 2023-12-15 23:33:12,531] Trial 8 finished with value: 358.5335998535156 and parameters: {'gradient_clip_val': 0.145339166532179, 'hidden_size': 38, 'dropout': 0.37430233767909715, 'hidden_continuous_size': 35, 'attention_head_size': 4, 'learning_rate': 0.015576938970222998}. Best is trial 2 with value: 77.02619171142578.
LOCAL_RANK: 0 - CUDA_VISIBLE_DEVICES: [0]
[I 2023-12-15 23:33:57,318] Trial 9 finished with value: 235.3583526611328 and parameters: {'gradient_clip_val': 0.8025738446633456, 'hidden_size': 13, 'dropout': 0.3093587935460972, 'hidden_continuous_size': 5, 'attention_head_size': 2, 'learning_rate': 0.03160214650343187}. Best is trial 2 with value: 77.02619171142578.
LOCAL_RANK: 0 - CUDA_VISIBLE_DEVICES: [0]
[I 2023-12-15 23:34:51,714] Trial 10 finished with value: 428.6199645996094 and parameters: {'gradient_clip_val': 0.4830048610213606, 'hidden_size': 90, 'dropout': 0.3036210159004946, 'hidden_continuous_size': 21, 'attention_head_size': 2, 'learning_rate': 0.0034134745322617803}. Best is trial 2 with value: 77.02619171142578.
LOCAL_RANK: 0 - CUDA_VISIBLE_DEVICES: [0]
[I 2023-12-15 23:35:40,903] Trial 11 finished with value: 251.1077423095703 and parameters: {'gradient_clip_val': 0.27036222714215613, 'hidden_size': 31, 'dropout': 0.10885457276003019, 'hidden_continuous_size': 12, 'attention_head_size': 3, 'learning_rate': 0.019543611237765133}. Best is trial 2 with value: 77.02619171142578.
LOCAL_RANK: 0 - CUDA_VISIBLE_DEVICES: [0]
[I 2023-12-15 23:36:24,969] Trial 12 finished with value: 278.9932556152344 and parameters: {'gradient_clip_val': 0.4573266013658684, 'hidden_size': 12, 'dropout': 0.23243215611127752, 'hidden_continuous_size': 6, 'attention_head_size': 3, 'learning_rate': 0.005299112153746889}. Best is trial 2 with value: 77.02619171142578.
LOCAL_RANK: 0 - CUDA_VISIBLE_DEVICES: [0]
[I 2023-12-15 23:37:14,238] Trial 13 finished with value: 405.281494140625 and parameters: {'gradient_clip_val': 0.22028205840417525, 'hidden_size': 31, 'dropout': 0.2572079352011779, 'hidden_continuous_size': 13, 'attention_head_size': 3, 'learning_rate': 0.09423411415066384}. Best is trial 2 with value: 77.02619171142578.
LOCAL_RANK: 0 - CUDA_VISIBLE_DEVICES: [0]
[I 2023-12-15 23:37:58,250] Trial 14 finished with value: 143.72268676757812 and parameters: {'gradient_clip_val': 0.1019127562078896, 'hidden_size': 12, 'dropout': 0.18550548386416577, 'hidden_continuous_size': 7, 'attention_head_size': 3, 'learning_rate': 0.03656239061397281}. Best is trial 2 with value: 77.02619171142578.
LOCAL_RANK: 0 - CUDA_VISIBLE_DEVICES: [0]
[I 2023-12-15 23:38:43,145] Trial 15 finished with value: 138.2509002685547 and parameters: {'gradient_clip_val': 0.10637176184546829, 'hidden_size': 9, 'dropout': 0.17381049651661162, 'hidden_continuous_size': 5, 'attention_head_size': 2, 'learning_rate': 0.0025618688008932967}. Best is trial 2 with value: 77.02619171142578.
LOCAL_RANK: 0 - CUDA_VISIBLE_DEVICES: [0]
[I 2023-12-15 23:39:26,134] Trial 16 finished with value: 300.8035888671875 and parameters: {'gradient_clip_val': 0.10891271482031925, 'hidden_size': 8, 'dropout': 0.1777730598587302, 'hidden_continuous_size': 5, 'attention_head_size': 1, 'learning_rate': 0.0018286876568711723}. Best is trial 2 with value: 77.02619171142578.
LOCAL_RANK: 0 - CUDA_VISIBLE_DEVICES: [0]
[I 2023-12-15 23:40:09,444] Trial 17 finished with value: 113.60037994384766 and parameters: {'gradient_clip_val': 0.20670053365747637, 'hidden_size': 8, 'dropout': 0.22914370206805396, 'hidden_continuous_size': 5, 'attention_head_size': 2, 'learning_rate': 0.002994625376772522}. Best is trial 2 with value: 77.02619171142578.
LOCAL_RANK: 0 - CUDA_VISIBLE_DEVICES: [0]
[I 2023-12-15 23:40:52,766] Trial 18 finished with value: 239.5167999267578 and parameters: {'gradient_clip_val': 0.20702492525012936, 'hidden_size': 8, 'dropout': 0.2696555067579977, 'hidden_continuous_size': 5, 'attention_head_size': 2, 'learning_rate': 0.0009902087198075161}. Best is trial 2 with value: 77.02619171142578.
LOCAL_RANK: 0 - CUDA_VISIBLE_DEVICES: [0]
[I 2023-12-15 23:41:37,058] Trial 19 finished with value: 351.1897888183594 and parameters: {'gradient_clip_val': 0.3973830623489008, 'hidden_size': 7, 'dropout': 0.22991423359633606, 'hidden_continuous_size': 5, 'attention_head_size': 1, 'learning_rate': 0.0005054410078832323}. Best is trial 2 with value: 77.02619171142578.
LOCAL_RANK: 0 - CUDA_VISIBLE_DEVICES: [0]
[I 2023-12-15 23:42:21,917] Trial 20 finished with value: 129.8820343017578 and parameters: {'gradient_clip_val': 0.2555070923779459, 'hidden_size': 10, 'dropout': 0.2997962223806734, 'hidden_continuous_size': 6, 'attention_head_size': 2, 'learning_rate': 0.004032708609582235}. Best is trial 2 with value: 77.02619171142578.
LOCAL_RANK: 0 - CUDA_VISIBLE_DEVICES: [0]
[I 2023-12-15 23:43:06,661] Trial 21 finished with value: 406.1316833496094 and parameters: {'gradient_clip_val': 0.22171455839923948, 'hidden_size': 11, 'dropout': 0.29924149163784125, 'hidden_continuous_size': 6, 'attention_head_size': 2, 'learning_rate': 0.004046354004476586}. Best is trial 2 with value: 77.02619171142578.
LOCAL_RANK: 0 - CUDA_VISIBLE_DEVICES: [0]
[I 2023-12-15 23:43:52,438] Trial 22 finished with value: 317.60784912109375 and parameters: {'gradient_clip_val': 0.2529732523548607, 'hidden_size': 15, 'dropout': 0.33941749371628155, 'hidden_continuous_size': 7, 'attention_head_size': 3, 'learning_rate': 0.007658269588694748}. Best is trial 2 with value: 77.02619171142578.
LOCAL_RANK: 0 - CUDA_VISIBLE_DEVICES: [0]
[I 2023-12-15 23:44:37,347] Trial 23 finished with value: 86.5657958984375 and parameters: {'gradient_clip_val': 0.3610372081748375, 'hidden_size': 10, 'dropout': 0.276948344857656, 'hidden_continuous_size': 6, 'attention_head_size': 2, 'learning_rate': 0.0027507988972219006}. Best is trial 2 with value: 77.02619171142578.
LOCAL_RANK: 0 - CUDA_VISIBLE_DEVICES: [0]
[I 2023-12-15 23:45:21,924] Trial 24 finished with value: 238.7590789794922 and parameters: {'gradient_clip_val': 0.37412669959896144, 'hidden_size': 7, 'dropout': 0.24966655948028735, 'hidden_continuous_size': 5, 'attention_head_size': 2, 'learning_rate': 0.0024366687142137375}. Best is trial 2 with value: 77.02619171142578.
LOCAL_RANK: 0 - CUDA_VISIBLE_DEVICES: [0]
[I 2023-12-15 23:46:07,148] Trial 25 finished with value: 226.6480712890625 and parameters: {'gradient_clip_val': 0.34061180587319145, 'hidden_size': 9, 'dropout': 0.3991000133110071, 'hidden_continuous_size': 6, 'attention_head_size': 3, 'learning_rate': 0.0013579144952739985}. Best is trial 2 with value: 77.02619171142578.
LOCAL_RANK: 0 - CUDA_VISIBLE_DEVICES: [0]
[I 2023-12-15 23:46:51,153] Trial 26 finished with value: 231.64842224121094 and parameters: {'gradient_clip_val': 0.544259029767824, 'hidden_size': 16, 'dropout': 0.2769171972806595, 'hidden_continuous_size': 8, 'attention_head_size': 1, 'learning_rate': 0.0027034382534888994}. Best is trial 2 with value: 77.02619171142578.
LOCAL_RANK: 0 - CUDA_VISIBLE_DEVICES: [0]
[I 2023-12-15 23:47:35,953] Trial 27 finished with value: 195.67552185058594 and parameters: {'gradient_clip_val': 0.3694455460504536, 'hidden_size': 10, 'dropout': 0.24107322095220854, 'hidden_continuous_size': 6, 'attention_head_size': 2, 'learning_rate': 0.0012566839253362744}. Best is trial 2 with value: 77.02619171142578.
LOCAL_RANK: 0 - CUDA_VISIBLE_DEVICES: [0]
[I 2023-12-15 23:48:21,498] Trial 28 finished with value: 183.8238067626953 and parameters: {'gradient_clip_val': 0.24225926343939808, 'hidden_size': 14, 'dropout': 0.208969792072239, 'hidden_continuous_size': 8, 'attention_head_size': 3, 'learning_rate': 0.0020436663312121215}. Best is trial 2 with value: 77.02619171142578.
LOCAL_RANK: 0 - CUDA_VISIBLE_DEVICES: [0]
