[I 2023-12-16 13:11:50,293] Trial 36 finished with value: 1.8291550874710083 and parameters: {'gradient_clip_val': 0.24954842622012938, 'hidden_size': 53, 'dropout': 0.2484158069970033, 'hidden_continuous_size': 11, 'attention_head_size': 2, 'learning_rate': 0.00533329172664036}. Best is trial 22 with value: 0.8853071331977844.
LOCAL_RANK: 0 - CUDA_VISIBLE_DEVICES: [0]
[I 2023-12-16 13:12:38,618] Trial 37 finished with value: 1.4659959077835083 and parameters: {'gradient_clip_val': 0.2595703882925139, 'hidden_size': 26, 'dropout': 0.18176937205003757, 'hidden_continuous_size': 7, 'attention_head_size': 1, 'learning_rate': 0.002351633777621232}. Best is trial 22 with value: 0.8853071331977844.
LOCAL_RANK: 0 - CUDA_VISIBLE_DEVICES: [0]
[I 2023-12-16 13:13:26,663] Trial 38 finished with value: 0.8787567019462585 and parameters: {'gradient_clip_val': 0.28818143115497213, 'hidden_size': 23, 'dropout': 0.14919214502524558, 'hidden_continuous_size': 6, 'attention_head_size': 2, 'learning_rate': 0.0014810552820157881}. Best is trial 38 with value: 0.8787567019462585.
LOCAL_RANK: 0 - CUDA_VISIBLE_DEVICES: [0]
[I 2023-12-16 13:14:14,970] Trial 39 finished with value: 1.151898980140686 and parameters: {'gradient_clip_val': 0.31519284573857437, 'hidden_size': 23, 'dropout': 0.20085415600932321, 'hidden_continuous_size': 6, 'attention_head_size': 2, 'learning_rate': 0.0035500435204625404}. Best is trial 38 with value: 0.8787567019462585.
LOCAL_RANK: 0 - CUDA_VISIBLE_DEVICES: [0]
[I 2023-12-16 13:15:04,430] Trial 40 finished with value: 1.0259414911270142 and parameters: {'gradient_clip_val': 0.14837172916021268, 'hidden_size': 30, 'dropout': 0.2745859428275318, 'hidden_continuous_size': 14, 'attention_head_size': 2, 'learning_rate': 0.0016221236233887398}. Best is trial 38 with value: 0.8787567019462585.
LOCAL_RANK: 0 - CUDA_VISIBLE_DEVICES: [0]
[I 2023-12-16 13:15:50,359] Trial 41 finished with value: 0.9792985916137695 and parameters: {'gradient_clip_val': 0.2965284641556623, 'hidden_size': 20, 'dropout': 0.1473028166599463, 'hidden_continuous_size': 6, 'attention_head_size': 2, 'learning_rate': 0.0012664816946921147}. Best is trial 38 with value: 0.8787567019462585.
LOCAL_RANK: 0 - CUDA_VISIBLE_DEVICES: [0]
[I 2023-12-16 13:16:37,180] Trial 42 finished with value: 1.2476311922073364 and parameters: {'gradient_clip_val': 0.22828576364927747, 'hidden_size': 18, 'dropout': 0.1749982525947889, 'hidden_continuous_size': 7, 'attention_head_size': 2, 'learning_rate': 0.0008808069188938467}. Best is trial 38 with value: 0.8787567019462585.
LOCAL_RANK: 0 - CUDA_VISIBLE_DEVICES: [0]
[I 2023-12-16 13:17:25,541] Trial 43 finished with value: 0.9368243217468262 and parameters: {'gradient_clip_val': 0.26811379715164785, 'hidden_size': 26, 'dropout': 0.1665865096208477, 'hidden_continuous_size': 5, 'attention_head_size': 2, 'learning_rate': 0.002587875274025451}. Best is trial 38 with value: 0.8787567019462585.
LOCAL_RANK: 0 - CUDA_VISIBLE_DEVICES: [0]
[I 2023-12-16 13:18:13,875] Trial 44 finished with value: 0.9460248947143555 and parameters: {'gradient_clip_val': 0.20727977202874193, 'hidden_size': 22, 'dropout': 0.14983849502761482, 'hidden_continuous_size': 9, 'attention_head_size': 1, 'learning_rate': 0.0005674557560862975}. Best is trial 38 with value: 0.8787567019462585.
LOCAL_RANK: 0 - CUDA_VISIBLE_DEVICES: [0]
[I 2023-12-16 13:19:00,209] Trial 45 finished with value: 2.8034188747406006 and parameters: {'gradient_clip_val': 0.3370339181684376, 'hidden_size': 17, 'dropout': 0.18650610479567703, 'hidden_continuous_size': 7, 'attention_head_size': 2, 'learning_rate': 0.001136056593212631}. Best is trial 38 with value: 0.8787567019462585.
LOCAL_RANK: 0 - CUDA_VISIBLE_DEVICES: [0]
[I 2023-12-16 13:19:51,120] Trial 46 finished with value: 1.0972801446914673 and parameters: {'gradient_clip_val': 0.44034267427283785, 'hidden_size': 37, 'dropout': 0.22071836769722647, 'hidden_continuous_size': 12, 'attention_head_size': 2, 'learning_rate': 0.0007511016072385368}. Best is trial 38 with value: 0.8787567019462585.
LOCAL_RANK: 0 - CUDA_VISIBLE_DEVICES: [0]
[I 2023-12-16 13:20:39,999] Trial 47 finished with value: 1.1882611513137817 and parameters: {'gradient_clip_val': 0.3632049528115094, 'hidden_size': 29, 'dropout': 0.12062302209597969, 'hidden_continuous_size': 6, 'attention_head_size': 3, 'learning_rate': 0.001385887266819012}. Best is trial 38 with value: 0.8787567019462585.
LOCAL_RANK: 0 - CUDA_VISIBLE_DEVICES: [0]
[I 2023-12-16 13:21:27,593] Trial 48 finished with value: 2.9628002643585205 and parameters: {'gradient_clip_val': 0.3847025485542146, 'hidden_size': 20, 'dropout': 0.15722933054073412, 'hidden_continuous_size': 9, 'attention_head_size': 3, 'learning_rate': 0.008538849938235945}. Best is trial 38 with value: 0.8787567019462585.
LOCAL_RANK: 0 - CUDA_VISIBLE_DEVICES: [0]
[I 2023-12-16 13:22:12,916] Trial 49 finished with value: 1.07302725315094 and parameters: {'gradient_clip_val': 0.2823948752460865, 'hidden_size': 13, 'dropout': 0.10281435156161933, 'hidden_continuous_size': 8, 'attention_head_size': 1, 'learning_rate': 0.0006012850292207506}. Best is trial 38 with value: 0.8787567019462585.
[I 2023-12-16 13:22:13,009] A new study created in memory with name: no-name-045f76bd-ba41-4d07-bb4e-2ff52b8acb9e
/home/le004/conda/anaconda3/envs/tsff_env/lib/python3.9/site-packages/lightning/fabric/plugins/environments/slurm.py:191: The `srun` command is available on your system but is not used. HINT: If your intention is to run Lightning on SLURM, prepend your python command with `srun` like so: srun python /home/le004/master_thesis/git/TSFusionForecast/code/ ...
LOCAL_RANK: 0 - CUDA_VISIBLE_DEVICES: [0]
[I 2023-12-16 13:22:58,805] Trial 0 finished with value: 2.568885564804077 and parameters: {'gradient_clip_val': 0.11997792924162771, 'hidden_size': 7, 'dropout': 0.11140659740791403, 'hidden_continuous_size': 5, 'attention_head_size': 4, 'learning_rate': 0.006544729037500563}. Best is trial 0 with value: 2.568885564804077.
LOCAL_RANK: 0 - CUDA_VISIBLE_DEVICES: [0]
[I 2023-12-16 13:23:44,438] Trial 1 finished with value: 4.347226619720459 and parameters: {'gradient_clip_val': 0.12957616521122062, 'hidden_size': 11, 'dropout': 0.18302734124776554, 'hidden_continuous_size': 5, 'attention_head_size': 3, 'learning_rate': 0.012000814403381837}. Best is trial 0 with value: 2.568885564804077.
LOCAL_RANK: 0 - CUDA_VISIBLE_DEVICES: [0]
[I 2023-12-16 13:24:38,143] Trial 2 finished with value: 0.8655679821968079 and parameters: {'gradient_clip_val': 0.22019357962131478, 'hidden_size': 93, 'dropout': 0.17675171543397206, 'hidden_continuous_size': 6, 'attention_head_size': 4, 'learning_rate': 0.053207440788356174}. Best is trial 2 with value: 0.8655679821968079.
LOCAL_RANK: 0 - CUDA_VISIBLE_DEVICES: [0]
[I 2023-12-16 13:25:23,366] Trial 3 finished with value: 2.174907922744751 and parameters: {'gradient_clip_val': 0.14219116355332065, 'hidden_size': 7, 'dropout': 0.18572600886013313, 'hidden_continuous_size': 5, 'attention_head_size': 3, 'learning_rate': 0.002939207284685106}. Best is trial 2 with value: 0.8655679821968079.
LOCAL_RANK: 0 - CUDA_VISIBLE_DEVICES: [0]
[I 2023-12-16 13:26:09,433] Trial 4 finished with value: 2.112199544906616 and parameters: {'gradient_clip_val': 0.9681041905203863, 'hidden_size': 9, 'dropout': 0.39994954733678445, 'hidden_continuous_size': 7, 'attention_head_size': 4, 'learning_rate': 0.0011158057563965182}. Best is trial 2 with value: 0.8655679821968079.
LOCAL_RANK: 0 - CUDA_VISIBLE_DEVICES: [0]
[I 2023-12-16 13:26:55,984] Trial 5 finished with value: 0.49998411536216736 and parameters: {'gradient_clip_val': 0.3285581271121647, 'hidden_size': 20, 'dropout': 0.27411265537099044, 'hidden_continuous_size': 5, 'attention_head_size': 3, 'learning_rate': 0.029927355076481674}. Best is trial 5 with value: 0.49998411536216736.
LOCAL_RANK: 0 - CUDA_VISIBLE_DEVICES: [0]
[I 2023-12-16 13:27:44,891] Trial 6 finished with value: 0.2322651892900467 and parameters: {'gradient_clip_val': 0.12765539468757783, 'hidden_size': 19, 'dropout': 0.1647410698773597, 'hidden_continuous_size': 18, 'attention_head_size': 3, 'learning_rate': 0.01185266544758034}. Best is trial 6 with value: 0.2322651892900467.
LOCAL_RANK: 0 - CUDA_VISIBLE_DEVICES: [0]
[I 2023-12-16 13:28:38,839] Trial 7 finished with value: 1.457796573638916 and parameters: {'gradient_clip_val': 0.5872597790077506, 'hidden_size': 59, 'dropout': 0.308706354985937, 'hidden_continuous_size': 17, 'attention_head_size': 4, 'learning_rate': 0.05699346165886368}. Best is trial 6 with value: 0.2322651892900467.
LOCAL_RANK: 0 - CUDA_VISIBLE_DEVICES: [0]
[I 2023-12-16 13:29:12,802] Trial 8 finished with value: 1.3793967962265015 and parameters: {'gradient_clip_val': 0.1412342015894986, 'hidden_size': 8, 'dropout': 0.1068536397472668, 'hidden_continuous_size': 8, 'attention_head_size': 3, 'learning_rate': 0.0054180727622062195}. Best is trial 6 with value: 0.2322651892900467.
LOCAL_RANK: 0 - CUDA_VISIBLE_DEVICES: [0]
[I 2023-12-16 13:30:08,996] Trial 9 finished with value: 0.47936153411865234 and parameters: {'gradient_clip_val': 0.36075218620307253, 'hidden_size': 74, 'dropout': 0.2966377219475847, 'hidden_continuous_size': 65, 'attention_head_size': 2, 'learning_rate': 0.007782216280384497}. Best is trial 6 with value: 0.2322651892900467.
LOCAL_RANK: 0 - CUDA_VISIBLE_DEVICES: [0]
[I 2023-12-16 13:30:58,211] Trial 10 finished with value: 1.6273117065429688 and parameters: {'gradient_clip_val': 0.10286797134032834, 'hidden_size': 33, 'dropout': 0.23009915435662312, 'hidden_continuous_size': 14, 'attention_head_size': 1, 'learning_rate': 0.0005271709414716993}. Best is trial 6 with value: 0.2322651892900467.
LOCAL_RANK: 0 - CUDA_VISIBLE_DEVICES: [0]
[I 2023-12-16 13:31:32,629] Trial 11 finished with value: 0.2849150598049164 and parameters: {'gradient_clip_val': 0.26319898006530573, 'hidden_size': 29, 'dropout': 0.323034441830222, 'hidden_continuous_size': 29, 'attention_head_size': 1, 'learning_rate': 0.016966478467673733}. Best is trial 6 with value: 0.2322651892900467.
LOCAL_RANK: 0 - CUDA_VISIBLE_DEVICES: [0]
[I 2023-12-16 13:32:20,925] Trial 12 finished with value: 1.1533818244934082 and parameters: {'gradient_clip_val': 0.21633511805412947, 'hidden_size': 21, 'dropout': 0.34400822318547414, 'hidden_continuous_size': 19, 'attention_head_size': 1, 'learning_rate': 0.018850824042595842}. Best is trial 6 with value: 0.2322651892900467.
LOCAL_RANK: 0 - CUDA_VISIBLE_DEVICES: [0]
[I 2023-12-16 13:33:11,846] Trial 13 finished with value: 0.05883267894387245 and parameters: {'gradient_clip_val': 0.2045832703576092, 'hidden_size': 32, 'dropout': 0.24468523684050592, 'hidden_continuous_size': 25, 'attention_head_size': 2, 'learning_rate': 0.09938091218832462}. Best is trial 13 with value: 0.05883267894387245.
LOCAL_RANK: 0 - CUDA_VISIBLE_DEVICES: [0]
[I 2023-12-16 13:33:57,121] Trial 14 finished with value: 0.08394766598939896 and parameters: {'gradient_clip_val': 0.17996336902748772, 'hidden_size': 16, 'dropout': 0.23508189225206166, 'hidden_continuous_size': 10, 'attention_head_size': 2, 'learning_rate': 0.07300405637225928}. Best is trial 13 with value: 0.05883267894387245.
LOCAL_RANK: 0 - CUDA_VISIBLE_DEVICES: [0]
[I 2023-12-16 13:34:31,115] Trial 15 finished with value: 3.8968393802642822 and parameters: {'gradient_clip_val': 0.1801210963456101, 'hidden_size': 5, 'dropout': 0.23760131339798285, 'hidden_continuous_size': 5, 'attention_head_size': 2, 'learning_rate': 0.09721650621115398}. Best is trial 13 with value: 0.05883267894387245.
LOCAL_RANK: 0 - CUDA_VISIBLE_DEVICES: [0]
[I 2023-12-16 13:35:16,647] Trial 16 finished with value: 2.763231039047241 and parameters: {'gradient_clip_val': 0.1785276736325886, 'hidden_size': 14, 'dropout': 0.2489379439251587, 'hidden_continuous_size': 6, 'attention_head_size': 2, 'learning_rate': 0.09786357290547786}. Best is trial 13 with value: 0.05883267894387245.
LOCAL_RANK: 0 - CUDA_VISIBLE_DEVICES: [0]
[I 2023-12-16 13:36:08,471] Trial 17 finished with value: 0.11182726174592972 and parameters: {'gradient_clip_val': 0.27856325355036105, 'hidden_size': 42, 'dropout': 0.21706894572375893, 'hidden_continuous_size': 10, 'attention_head_size': 2, 'learning_rate': 0.036519783317126006}. Best is trial 13 with value: 0.05883267894387245.
LOCAL_RANK: 0 - CUDA_VISIBLE_DEVICES: [0]
[I 2023-12-16 13:36:54,462] Trial 18 finished with value: 1.8003593683242798 and parameters: {'gradient_clip_val': 0.40037194076237875, 'hidden_size': 15, 'dropout': 0.2667727881123533, 'hidden_continuous_size': 8, 'attention_head_size': 2, 'learning_rate': 0.09929245438062609}. Best is trial 13 with value: 0.05883267894387245.
LOCAL_RANK: 0 - CUDA_VISIBLE_DEVICES: [0]
[I 2023-12-16 13:37:43,093] Trial 19 finished with value: 1.3012428283691406 and parameters: {'gradient_clip_val': 0.16545464613477334, 'hidden_size': 29, 'dropout': 0.21177573515823667, 'hidden_continuous_size': 11, 'attention_head_size': 1, 'learning_rate': 0.037262802965616605}. Best is trial 13 with value: 0.05883267894387245.
LOCAL_RANK: 0 - CUDA_VISIBLE_DEVICES: [0]
[I 2023-12-16 13:38:35,868] Trial 20 finished with value: 0.7658758759498596 and parameters: {'gradient_clip_val': 0.22014004102618565, 'hidden_size': 46, 'dropout': 0.2675808770440941, 'hidden_continuous_size': 27, 'attention_head_size': 2, 'learning_rate': 0.0574685733182222}. Best is trial 13 with value: 0.05883267894387245.
LOCAL_RANK: 0 - CUDA_VISIBLE_DEVICES: [0]
[I 2023-12-16 13:39:27,464] Trial 21 finished with value: 2.8570926189422607 and parameters: {'gradient_clip_val': 0.26798876579099185, 'hidden_size': 41, 'dropout': 0.2178209588863097, 'hidden_continuous_size': 10, 'attention_head_size': 2, 'learning_rate': 0.030092154410376527}. Best is trial 13 with value: 0.05883267894387245.
LOCAL_RANK: 0 - CUDA_VISIBLE_DEVICES: [0]
[I 2023-12-16 13:40:16,393] Trial 22 finished with value: 0.3926572799682617 and parameters: {'gradient_clip_val': 0.2636756377051852, 'hidden_size': 26, 'dropout': 0.2146372845839096, 'hidden_continuous_size': 10, 'attention_head_size': 2, 'learning_rate': 0.058992098636395304}. Best is trial 13 with value: 0.05883267894387245.
LOCAL_RANK: 0 - CUDA_VISIBLE_DEVICES: [0]
[I 2023-12-16 13:41:07,233] Trial 23 finished with value: 0.8160985112190247 and parameters: {'gradient_clip_val': 0.18737002626583651, 'hidden_size': 40, 'dropout': 0.25410365529954054, 'hidden_continuous_size': 13, 'attention_head_size': 2, 'learning_rate': 0.037387346303613636}. Best is trial 13 with value: 0.05883267894387245.
LOCAL_RANK: 0 - CUDA_VISIBLE_DEVICES: [0]
[I 2023-12-16 13:41:59,052] Trial 24 finished with value: 0.4999423027038574 and parameters: {'gradient_clip_val': 0.2934212644660974, 'hidden_size': 56, 'dropout': 0.20953508188404651, 'hidden_continuous_size': 12, 'attention_head_size': 1, 'learning_rate': 0.0743621391451482}. Best is trial 13 with value: 0.05883267894387245.
LOCAL_RANK: 0 - CUDA_VISIBLE_DEVICES: [0]
[I 2023-12-16 13:42:48,080] Trial 25 finished with value: 1.2274802923202515 and parameters: {'gradient_clip_val': 0.21052561629077698, 'hidden_size': 25, 'dropout': 0.23864725741214352, 'hidden_continuous_size': 9, 'attention_head_size': 2, 'learning_rate': 0.042280654936313174}. Best is trial 13 with value: 0.05883267894387245.
LOCAL_RANK: 0 - CUDA_VISIBLE_DEVICES: [0]
[I 2023-12-16 13:43:38,041] Trial 26 finished with value: 0.7871620059013367 and parameters: {'gradient_clip_val': 0.16227295721107607, 'hidden_size': 35, 'dropout': 0.282565743517456, 'hidden_continuous_size': 9, 'attention_head_size': 3, 'learning_rate': 0.025133901789454776}. Best is trial 13 with value: 0.05883267894387245.
LOCAL_RANK: 0 - CUDA_VISIBLE_DEVICES: [0]
[I 2023-12-16 13:44:30,845] Trial 27 finished with value: 0.07485537976026535 and parameters: {'gradient_clip_val': 0.4227632274889889, 'hidden_size': 50, 'dropout': 0.2550015404408799, 'hidden_continuous_size': 12, 'attention_head_size': 2, 'learning_rate': 0.06961080564361231}. Best is trial 13 with value: 0.05883267894387245.
LOCAL_RANK: 0 - CUDA_VISIBLE_DEVICES: [0]
[I 2023-12-16 13:45:22,990] Trial 28 finished with value: 0.10544764995574951 and parameters: {'gradient_clip_val': 0.42840751335490507, 'hidden_size': 52, 'dropout': 0.25182843652523446, 'hidden_continuous_size': 12, 'attention_head_size': 1, 'learning_rate': 0.07142970699245635}. Best is trial 13 with value: 0.05883267894387245.
LOCAL_RANK: 0 - CUDA_VISIBLE_DEVICES: [0]
[I 2023-12-16 13:46:16,812] Trial 29 finished with value: 2.5430047512054443 and parameters: {'gradient_clip_val': 0.1019851025674473, 'hidden_size': 71, 'dropout': 0.1391827664109029, 'hidden_continuous_size': 24, 'attention_head_size': 2, 'learning_rate': 0.049498322332863234}. Best is trial 13 with value: 0.05883267894387245.
LOCAL_RANK: 0 - CUDA_VISIBLE_DEVICES: [0]
[I 2023-12-16 13:47:07,749] Trial 30 finished with value: 0.06808188557624817 and parameters: {'gradient_clip_val': 0.4809429350119817, 'hidden_size': 34, 'dropout': 0.2872171393316611, 'hidden_continuous_size': 14, 'attention_head_size': 3, 'learning_rate': 0.06600417426132364}. Best is trial 13 with value: 0.05883267894387245.
LOCAL_RANK: 0 - CUDA_VISIBLE_DEVICES: [0]
[I 2023-12-16 13:47:57,947] Trial 31 finished with value: 0.34516406059265137 and parameters: {'gradient_clip_val': 0.46315700089820766, 'hidden_size': 36, 'dropout': 0.28423110648926453, 'hidden_continuous_size': 14, 'attention_head_size': 3, 'learning_rate': 0.07222832390666238}. Best is trial 13 with value: 0.05883267894387245.
LOCAL_RANK: 0 - CUDA_VISIBLE_DEVICES: [0]
[I 2023-12-16 13:48:48,446] Trial 32 finished with value: 0.11644246429204941 and parameters: {'gradient_clip_val': 0.334434989968899, 'hidden_size': 33, 'dropout': 0.2585508430417192, 'hidden_continuous_size': 15, 'attention_head_size': 3, 'learning_rate': 0.07976620589449032}. Best is trial 13 with value: 0.05883267894387245.
LOCAL_RANK: 0 - CUDA_VISIBLE_DEVICES: [0]
[I 2023-12-16 13:49:34,479] Trial 33 finished with value: 0.25897589325904846 and parameters: {'gradient_clip_val': 0.5007031882290355, 'hidden_size': 16, 'dropout': 0.2355625692668149, 'hidden_continuous_size': 11, 'attention_head_size': 3, 'learning_rate': 0.05176429463874518}. Best is trial 13 with value: 0.05883267894387245.
LOCAL_RANK: 0 - CUDA_VISIBLE_DEVICES: [0]
[I 2023-12-16 13:50:23,445] Trial 34 finished with value: 2.408841133117676 and parameters: {'gradient_clip_val': 0.5699230348103715, 'hidden_size': 23, 'dropout': 0.2874940047813818, 'hidden_continuous_size': 12, 'attention_head_size': 2, 'learning_rate': 0.0464839135399284}. Best is trial 13 with value: 0.05883267894387245.
LOCAL_RANK: 0 - CUDA_VISIBLE_DEVICES: [0]
[I 2023-12-16 13:51:16,871] Trial 35 finished with value: 1.6408190727233887 and parameters: {'gradient_clip_val': 0.36623283954801533, 'hidden_size': 46, 'dropout': 0.1872321831414401, 'hidden_continuous_size': 15, 'attention_head_size': 4, 'learning_rate': 0.07178295022303757}. Best is trial 13 with value: 0.05883267894387245.
LOCAL_RANK: 0 - CUDA_VISIBLE_DEVICES: [0]
[I 2023-12-16 13:52:01,135] Trial 36 finished with value: 0.03981630876660347 and parameters: {'gradient_clip_val': 0.24664175182229178, 'hidden_size': 12, 'dropout': 0.2595360990506335, 'hidden_continuous_size': 7, 'attention_head_size': 2, 'learning_rate': 0.09411882156410298}. Best is trial 36 with value: 0.03981630876660347.
LOCAL_RANK: 0 - CUDA_VISIBLE_DEVICES: [0]
[I 2023-12-16 13:52:46,906] Trial 37 finished with value: 0.1965314745903015 and parameters: {'gradient_clip_val': 0.33095339782200667, 'hidden_size': 13, 'dropout': 0.26619070369848574, 'hidden_continuous_size': 7, 'attention_head_size': 3, 'learning_rate': 0.02929847103122497}. Best is trial 36 with value: 0.03981630876660347.
LOCAL_RANK: 0 - CUDA_VISIBLE_DEVICES: [0]
[I 2023-12-16 13:53:32,670] Trial 38 finished with value: 0.10012396425008774 and parameters: {'gradient_clip_val': 0.23773203431257178, 'hidden_size': 10, 'dropout': 0.3086973371834959, 'hidden_continuous_size': 6, 'attention_head_size': 3, 'learning_rate': 0.09925007530687069}. Best is trial 36 with value: 0.03981630876660347.
LOCAL_RANK: 0 - CUDA_VISIBLE_DEVICES: [0]
[I 2023-12-16 13:54:20,883] Trial 39 finished with value: 0.6996886730194092 and parameters: {'gradient_clip_val': 0.31633140145792865, 'hidden_size': 19, 'dropout': 0.27808978268428236, 'hidden_continuous_size': 8, 'attention_head_size': 4, 'learning_rate': 0.05737602028238178}. Best is trial 36 with value: 0.03981630876660347.
LOCAL_RANK: 0 - CUDA_VISIBLE_DEVICES: [0]
[I 2023-12-16 13:55:06,910] Trial 40 finished with value: 0.709721028804779 and parameters: {'gradient_clip_val': 0.7274422878019836, 'hidden_size': 11, 'dropout': 0.19725807273079907, 'hidden_continuous_size': 7, 'attention_head_size': 3, 'learning_rate': 0.04573987663837489}. Best is trial 36 with value: 0.03981630876660347.
LOCAL_RANK: 0 - CUDA_VISIBLE_DEVICES: [0]
[I 2023-12-16 13:55:54,025] Trial 41 finished with value: 0.44158169627189636 and parameters: {'gradient_clip_val': 0.24132202890003585, 'hidden_size': 17, 'dropout': 0.25021255270177256, 'hidden_continuous_size': 11, 'attention_head_size': 2, 'learning_rate': 0.07111494111361817}. Best is trial 36 with value: 0.03981630876660347.
LOCAL_RANK: 0 - CUDA_VISIBLE_DEVICES: [0]
[I 2023-12-16 13:56:38,218] Trial 42 finished with value: 0.6217465400695801 and parameters: {'gradient_clip_val': 0.20462079365278735, 'hidden_size': 12, 'dropout': 0.22805757283613132, 'hidden_continuous_size': 7, 'attention_head_size': 2, 'learning_rate': 0.08054002228068574}. Best is trial 36 with value: 0.03981630876660347.
LOCAL_RANK: 0 - CUDA_VISIBLE_DEVICES: [0]
