[I 2023-12-26 17:29:30,851] Trial 5 finished with value: 160.62318420410156 and parameters: {'gradient_clip_val': 0.8520265938312513, 'hidden_size': 91, 'dropout': 0.15888669930824484, 'hidden_continuous_size': 11, 'attention_head_size': 4, 'learning_rate': 0.08382816300610095}. Best is trial 0 with value: 37.37308883666992.
[I 2023-12-26 17:29:32,943] Trial 6 finished with value: 118.70349884033203 and parameters: {'gradient_clip_val': 0.3056907297692704, 'hidden_size': 9, 'dropout': 0.12052243756366102, 'hidden_continuous_size': 5, 'attention_head_size': 1, 'learning_rate': 0.0058403539235432535}. Best is trial 0 with value: 37.37308883666992.
[I 2023-12-26 17:29:35,006] Trial 7 finished with value: 147.09060668945312 and parameters: {'gradient_clip_val': 0.25129595726561704, 'hidden_size': 13, 'dropout': 0.16638201121614615, 'hidden_continuous_size': 9, 'attention_head_size': 4, 'learning_rate': 0.002262724094950427}. Best is trial 0 with value: 37.37308883666992.
[I 2023-12-26 17:29:36,972] Trial 8 finished with value: 164.1143035888672 and parameters: {'gradient_clip_val': 0.10222279677827201, 'hidden_size': 12, 'dropout': 0.13787766809706214, 'hidden_continuous_size': 5, 'attention_head_size': 2, 'learning_rate': 0.004033947096323829}. Best is trial 0 with value: 37.37308883666992.
[I 2023-12-26 17:29:38,630] Trial 9 finished with value: 147.8623504638672 and parameters: {'gradient_clip_val': 0.2125295694751505, 'hidden_size': 5, 'dropout': 0.47682311047270864, 'hidden_continuous_size': 5, 'attention_head_size': 1, 'learning_rate': 0.0016766416598541429}. Best is trial 0 with value: 37.37308883666992.
[I 2023-12-26 17:29:40,984] Trial 10 finished with value: 169.392333984375 and parameters: {'gradient_clip_val': 0.4793286927178776, 'hidden_size': 23, 'dropout': 0.3333708001096147, 'hidden_continuous_size': 21, 'attention_head_size': 3, 'learning_rate': 0.0005230304308661994}. Best is trial 0 with value: 37.37308883666992.
[I 2023-12-26 17:29:42,881] Trial 11 finished with value: 141.2147216796875 and parameters: {'gradient_clip_val': 0.3090484712860076, 'hidden_size': 7, 'dropout': 0.25728129023977286, 'hidden_continuous_size': 5, 'attention_head_size': 2, 'learning_rate': 0.0007419508553485083}. Best is trial 0 with value: 37.37308883666992.
[I 2023-12-26 17:29:45,112] Trial 12 finished with value: 137.53895568847656 and parameters: {'gradient_clip_val': 0.20156678096709707, 'hidden_size': 23, 'dropout': 0.1096924814532905, 'hidden_continuous_size': 7, 'attention_head_size': 3, 'learning_rate': 0.005303021048028824}. Best is trial 0 with value: 37.37308883666992.
[I 2023-12-26 17:29:47,099] Trial 13 finished with value: 163.32521057128906 and parameters: {'gradient_clip_val': 0.4290464986172694, 'hidden_size': 10, 'dropout': 0.22819336578094063, 'hidden_continuous_size': 5, 'attention_head_size': 2, 'learning_rate': 0.0010576622832180903}. Best is trial 0 with value: 37.37308883666992.
[I 2023-12-26 17:29:48,823] Trial 14 finished with value: 167.418212890625 and parameters: {'gradient_clip_val': 0.30947596267093147, 'hidden_size': 5, 'dropout': 0.3254325210952936, 'hidden_continuous_size': 5, 'attention_head_size': 3, 'learning_rate': 0.0011090721310365297}. Best is trial 0 with value: 37.37308883666992.
[I 2023-12-26 17:29:59,193] Trial 15 finished with value: 131.42840576171875 and parameters: {'gradient_clip_val': 0.5408280364146507, 'hidden_size': 147, 'dropout': 0.2012592322993372, 'hidden_continuous_size': 139, 'attention_head_size': 1, 'learning_rate': 0.003848379292339055}. Best is trial 0 with value: 37.37308883666992.
[I 2023-12-26 17:30:01,329] Trial 16 finished with value: 112.62870025634766 and parameters: {'gradient_clip_val': 0.17249534618787676, 'hidden_size': 20, 'dropout': 0.2841939386734662, 'hidden_continuous_size': 6, 'attention_head_size': 2, 'learning_rate': 0.0077134532965776334}. Best is trial 0 with value: 37.37308883666992.
[I 2023-12-26 17:30:03,359] Trial 17 finished with value: 133.61245727539062 and parameters: {'gradient_clip_val': 0.18035054032556086, 'hidden_size': 17, 'dropout': 0.29456531966786753, 'hidden_continuous_size': 6, 'attention_head_size': 2, 'learning_rate': 0.0016059015971607233}. Best is trial 0 with value: 37.37308883666992.
[I 2023-12-26 17:30:06,029] Trial 18 finished with value: 153.36863708496094 and parameters: {'gradient_clip_val': 0.15387883237443353, 'hidden_size': 33, 'dropout': 0.36931359904356814, 'hidden_continuous_size': 7, 'attention_head_size': 3, 'learning_rate': 0.009592034957206176}. Best is trial 0 with value: 37.37308883666992.
[I 2023-12-26 17:30:08,086] Trial 19 finished with value: 139.70249938964844 and parameters: {'gradient_clip_val': 0.22808368520712383, 'hidden_size': 17, 'dropout': 0.28772594256829753, 'hidden_continuous_size': 6, 'attention_head_size': 2, 'learning_rate': 0.0026982640816591366}. Best is trial 0 with value: 37.37308883666992.
[I 2023-12-26 17:30:11,163] Trial 20 finished with value: 133.4587860107422 and parameters: {'gradient_clip_val': 0.2617606203261931, 'hidden_size': 42, 'dropout': 0.20581404859185493, 'hidden_continuous_size': 8, 'attention_head_size': 3, 'learning_rate': 0.0005188808045960434}. Best is trial 0 with value: 37.37308883666992.
[I 2023-12-26 17:30:13,060] Trial 21 finished with value: 168.65013122558594 and parameters: {'gradient_clip_val': 0.2714803372707627, 'hidden_size': 9, 'dropout': 0.11765149130814578, 'hidden_continuous_size': 5, 'attention_head_size': 1, 'learning_rate': 0.006737629261303453}. Best is trial 0 with value: 37.37308883666992.
[I 2023-12-26 17:30:15,167] Trial 22 finished with value: 150.8380889892578 and parameters: {'gradient_clip_val': 0.35462037337476277, 'hidden_size': 19, 'dropout': 0.10310569748156412, 'hidden_continuous_size': 6, 'attention_head_size': 1, 'learning_rate': 0.004830275632659675}. Best is trial 0 with value: 37.37308883666992.
[I 2023-12-26 17:30:17,150] Trial 23 finished with value: 111.61588287353516 and parameters: {'gradient_clip_val': 0.17266277271819735, 'hidden_size': 10, 'dropout': 0.17581589274874565, 'hidden_continuous_size': 5, 'attention_head_size': 2, 'learning_rate': 0.008353375164310452}. Best is trial 0 with value: 37.37308883666992.
[I 2023-12-26 17:30:19,243] Trial 24 finished with value: 150.3182830810547 and parameters: {'gradient_clip_val': 0.1611648179862189, 'hidden_size': 15, 'dropout': 0.19644745036556827, 'hidden_continuous_size': 5, 'attention_head_size': 2, 'learning_rate': 0.009049478643878221}. Best is trial 0 with value: 37.37308883666992.
[I 2023-12-26 17:30:21,589] Trial 25 finished with value: 167.22584533691406 and parameters: {'gradient_clip_val': 0.19808958869617385, 'hidden_size': 20, 'dropout': 0.25682456011935473, 'hidden_continuous_size': 6, 'attention_head_size': 2, 'learning_rate': 0.015124671203551203}. Best is trial 0 with value: 37.37308883666992.
[I 2023-12-26 17:30:23,909] Trial 26 finished with value: 122.37252044677734 and parameters: {'gradient_clip_val': 0.13382663702314052, 'hidden_size': 11, 'dropout': 0.1852862538898517, 'hidden_continuous_size': 5, 'attention_head_size': 3, 'learning_rate': 0.026229694037557805}. Best is trial 0 with value: 37.37308883666992.
[I 2023-12-26 17:30:26,417] Trial 27 finished with value: 133.9300994873047 and parameters: {'gradient_clip_val': 0.16893686543319641, 'hidden_size': 27, 'dropout': 0.2269664301457589, 'hidden_continuous_size': 7, 'attention_head_size': 2, 'learning_rate': 0.0037630524643928274}. Best is trial 0 with value: 37.37308883666992.
[I 2023-12-26 17:30:28,734] Trial 28 finished with value: 177.6927032470703 and parameters: {'gradient_clip_val': 0.19429133666210371, 'hidden_size': 14, 'dropout': 0.366340521010893, 'hidden_continuous_size': 6, 'attention_head_size': 3, 'learning_rate': 0.0067229780324779284}. Best is trial 0 with value: 37.37308883666992.
[I 2023-12-26 17:30:31,232] Trial 29 finished with value: 146.56558227539062 and parameters: {'gradient_clip_val': 0.2283920591633037, 'hidden_size': 15, 'dropout': 0.26026576526878464, 'hidden_continuous_size': 5, 'attention_head_size': 2, 'learning_rate': 0.003424517715942112}. Best is trial 0 with value: 37.37308883666992.
[I 2023-12-26 17:30:34,149] Trial 30 finished with value: 110.09967041015625 and parameters: {'gradient_clip_val': 0.1780344189628604, 'hidden_size': 20, 'dropout': 0.23909087771504706, 'hidden_continuous_size': 7, 'attention_head_size': 3, 'learning_rate': 0.012529738088129204}. Best is trial 0 with value: 37.37308883666992.
[I 2023-12-26 17:30:36,878] Trial 31 finished with value: 150.0774383544922 and parameters: {'gradient_clip_val': 0.1756821401431591, 'hidden_size': 20, 'dropout': 0.23402866767658823, 'hidden_continuous_size': 7, 'attention_head_size': 3, 'learning_rate': 0.014270825481609635}. Best is trial 0 with value: 37.37308883666992.
[I 2023-12-26 17:30:39,424] Trial 32 finished with value: 141.8505401611328 and parameters: {'gradient_clip_val': 0.13371548258983834, 'hidden_size': 13, 'dropout': 0.2775458703247464, 'hidden_continuous_size': 6, 'attention_head_size': 3, 'learning_rate': 0.008234850983918796}. Best is trial 0 with value: 37.37308883666992.
[I 2023-12-26 17:30:42,357] Trial 33 finished with value: 169.2308807373047 and parameters: {'gradient_clip_val': 0.14226471603432594, 'hidden_size': 26, 'dropout': 0.2246958190325597, 'hidden_continuous_size': 8, 'attention_head_size': 3, 'learning_rate': 0.012061002914569382}. Best is trial 0 with value: 37.37308883666992.
[I 2023-12-26 17:30:44,448] Trial 34 finished with value: 132.5524444580078 and parameters: {'gradient_clip_val': 0.12067225247457763, 'hidden_size': 17, 'dropout': 0.26508401909309115, 'hidden_continuous_size': 6, 'attention_head_size': 4, 'learning_rate': 0.020914005819641684}. Best is trial 0 with value: 37.37308883666992.
[I 2023-12-26 17:30:47,024] Trial 35 finished with value: 195.8539276123047 and parameters: {'gradient_clip_val': 0.1783533895295514, 'hidden_size': 34, 'dropout': 0.2432979958193688, 'hidden_continuous_size': 8, 'attention_head_size': 2, 'learning_rate': 0.010562072501783887}. Best is trial 0 with value: 37.37308883666992.
[I 2023-12-26 17:30:49,614] Trial 36 finished with value: 166.0038604736328 and parameters: {'gradient_clip_val': 0.22667039771553357, 'hidden_size': 11, 'dropout': 0.16946955740407135, 'hidden_continuous_size': 6, 'attention_head_size': 4, 'learning_rate': 0.0067617722924327465}. Best is trial 0 with value: 37.37308883666992.
[I 2023-12-26 17:30:52,123] Trial 37 finished with value: 135.73191833496094 and parameters: {'gradient_clip_val': 0.15487435348396553, 'hidden_size': 9, 'dropout': 0.21343785601331733, 'hidden_continuous_size': 5, 'attention_head_size': 3, 'learning_rate': 0.027087260721957673}. Best is trial 0 with value: 37.37308883666992.
[I 2023-12-26 17:30:55,991] Trial 38 finished with value: 161.09678649902344 and parameters: {'gradient_clip_val': 0.2438937027464746, 'hidden_size': 44, 'dropout': 0.17252715524309434, 'hidden_continuous_size': 10, 'attention_head_size': 2, 'learning_rate': 0.011743595754200949}. Best is trial 0 with value: 37.37308883666992.
[I 2023-12-26 17:30:58,020] Trial 39 finished with value: 120.1894760131836 and parameters: {'gradient_clip_val': 0.1952387546844865, 'hidden_size': 12, 'dropout': 0.15562670823702993, 'hidden_continuous_size': 7, 'attention_head_size': 4, 'learning_rate': 0.005938132380901029}. Best is trial 0 with value: 37.37308883666992.
[I 2023-12-26 17:30:59,934] Trial 40 finished with value: 169.82781982421875 and parameters: {'gradient_clip_val': 0.2733044287380207, 'hidden_size': 7, 'dropout': 0.14577166548609688, 'hidden_continuous_size': 5, 'attention_head_size': 2, 'learning_rate': 0.0023375741464362063}. Best is trial 0 with value: 37.37308883666992.
[I 2023-12-26 17:31:01,898] Trial 41 finished with value: 145.75877380371094 and parameters: {'gradient_clip_val': 0.3552660397684857, 'hidden_size': 9, 'dropout': 0.13427116960400362, 'hidden_continuous_size': 5, 'attention_head_size': 1, 'learning_rate': 0.005059768398414108}. Best is trial 0 with value: 37.37308883666992.
[I 2023-12-26 17:31:04,170] Trial 42 finished with value: 152.05191040039062 and parameters: {'gradient_clip_val': 0.2094524003318276, 'hidden_size': 13, 'dropout': 0.18031489943655493, 'hidden_continuous_size': 5, 'attention_head_size': 1, 'learning_rate': 0.007910583600516633}. Best is trial 0 with value: 37.37308883666992.
[I 2023-12-26 17:31:05,978] Trial 43 finished with value: 123.39102172851562 and parameters: {'gradient_clip_val': 0.29484722969464544, 'hidden_size': 8, 'dropout': 0.18879897754547714, 'hidden_continuous_size': 5, 'attention_head_size': 1, 'learning_rate': 0.018833259937371817}. Best is trial 0 with value: 37.37308883666992.
[I 2023-12-26 17:31:07,854] Trial 44 finished with value: 140.38751220703125 and parameters: {'gradient_clip_val': 0.2432585161321106, 'hidden_size': 6, 'dropout': 0.12215807400594315, 'hidden_continuous_size': 5, 'attention_head_size': 3, 'learning_rate': 0.0029494660351182408}. Best is trial 0 with value: 37.37308883666992.
[I 2023-12-26 17:31:09,818] Trial 45 finished with value: 173.25364685058594 and parameters: {'gradient_clip_val': 0.10979713952116413, 'hidden_size': 11, 'dropout': 0.13410400888035096, 'hidden_continuous_size': 6, 'attention_head_size': 1, 'learning_rate': 0.004772819631434225}. Best is trial 0 with value: 37.37308883666992.
[I 2023-12-26 17:31:11,725] Trial 46 finished with value: 156.6937713623047 and parameters: {'gradient_clip_val': 0.14342909788255054, 'hidden_size': 16, 'dropout': 0.30681682075546646, 'hidden_continuous_size': 6, 'attention_head_size': 2, 'learning_rate': 0.007779849424748646}. Best is trial 0 with value: 37.37308883666992.
[I 2023-12-26 17:31:13,811] Trial 47 finished with value: 172.42535400390625 and parameters: {'gradient_clip_val': 0.3307016902145731, 'hidden_size': 13, 'dropout': 0.15909844754661534, 'hidden_continuous_size': 7, 'attention_head_size': 3, 'learning_rate': 0.0020517643170077154}. Best is trial 0 with value: 37.37308883666992.
[I 2023-12-26 17:31:15,988] Trial 48 finished with value: 101.81964874267578 and parameters: {'gradient_clip_val': 0.2888398387625897, 'hidden_size': 22, 'dropout': 0.24441931934472683, 'hidden_continuous_size': 6, 'attention_head_size': 2, 'learning_rate': 0.0043188052886765005}. Best is trial 0 with value: 37.37308883666992.
[I 2023-12-26 17:31:18,270] Trial 49 finished with value: 102.40441131591797 and parameters: {'gradient_clip_val': 0.1651303646983668, 'hidden_size': 23, 'dropout': 0.2410689034158545, 'hidden_continuous_size': 8, 'attention_head_size': 2, 'learning_rate': 0.0030953246823364556}. Best is trial 0 with value: 37.37308883666992.
