[I 2023-12-15 20:56:41,843] Trial 40 finished with value: 0.16583488881587982 and parameters: {'gradient_clip_val': 0.13007421208688097, 'hidden_size': 20, 'dropout': 0.14541705849388906, 'hidden_continuous_size': 9, 'attention_head_size': 1, 'learning_rate': 0.0016514388808177422}. Best is trial 13 with value: 0.03940369188785553.
LOCAL_RANK: 0 - CUDA_VISIBLE_DEVICES: [0]
[I 2023-12-15 20:57:32,628] Trial 41 finished with value: 0.04744135960936546 and parameters: {'gradient_clip_val': 0.11653860809781216, 'hidden_size': 31, 'dropout': 0.1174364354601045, 'hidden_continuous_size': 16, 'attention_head_size': 4, 'learning_rate': 0.010703885550521947}. Best is trial 13 with value: 0.03940369188785553.
LOCAL_RANK: 0 - CUDA_VISIBLE_DEVICES: [0]
[I 2023-12-15 20:58:22,084] Trial 42 finished with value: 0.05397554114460945 and parameters: {'gradient_clip_val': 0.17930008117954307, 'hidden_size': 23, 'dropout': 0.11014950446998432, 'hidden_continuous_size': 14, 'attention_head_size': 4, 'learning_rate': 0.013317389409074041}. Best is trial 13 with value: 0.03940369188785553.
LOCAL_RANK: 0 - CUDA_VISIBLE_DEVICES: [0]
[I 2023-12-15 20:59:12,208] Trial 43 finished with value: 0.08350402116775513 and parameters: {'gradient_clip_val': 0.1574600671936148, 'hidden_size': 26, 'dropout': 0.13553274298940654, 'hidden_continuous_size': 18, 'attention_head_size': 4, 'learning_rate': 0.01943820367834777}. Best is trial 13 with value: 0.03940369188785553.
LOCAL_RANK: 0 - CUDA_VISIBLE_DEVICES: [0]
[I 2023-12-15 21:00:03,567] Trial 44 finished with value: 0.05893503129482269 and parameters: {'gradient_clip_val': 0.1132696219094565, 'hidden_size': 32, 'dropout': 0.1063436515181298, 'hidden_continuous_size': 20, 'attention_head_size': 4, 'learning_rate': 0.008192604333231554}. Best is trial 13 with value: 0.03940369188785553.
LOCAL_RANK: 0 - CUDA_VISIBLE_DEVICES: [0]
[I 2023-12-15 21:00:52,410] Trial 45 finished with value: 0.18094651401042938 and parameters: {'gradient_clip_val': 0.13052956868900423, 'hidden_size': 18, 'dropout': 0.11336340499284112, 'hidden_continuous_size': 10, 'attention_head_size': 4, 'learning_rate': 0.009656078938226712}. Best is trial 13 with value: 0.03940369188785553.
LOCAL_RANK: 0 - CUDA_VISIBLE_DEVICES: [0]
[I 2023-12-15 21:01:44,265] Trial 46 finished with value: 0.062242645770311356 and parameters: {'gradient_clip_val': 0.13278875991753297, 'hidden_size': 40, 'dropout': 0.13444685886681948, 'hidden_continuous_size': 23, 'attention_head_size': 3, 'learning_rate': 0.004628232765334722}. Best is trial 13 with value: 0.03940369188785553.
LOCAL_RANK: 0 - CUDA_VISIBLE_DEVICES: [0]
[I 2023-12-15 21:02:38,195] Trial 47 finished with value: 0.0840429738163948 and parameters: {'gradient_clip_val': 0.10674045719177475, 'hidden_size': 53, 'dropout': 0.15343914728027433, 'hidden_continuous_size': 28, 'attention_head_size': 4, 'learning_rate': 0.024393115356833306}. Best is trial 13 with value: 0.03940369188785553.
LOCAL_RANK: 0 - CUDA_VISIBLE_DEVICES: [0]
[I 2023-12-15 21:03:34,126] Trial 48 finished with value: 0.0905720666050911 and parameters: {'gradient_clip_val': 0.1896298452503206, 'hidden_size': 100, 'dropout': 0.11477548835136266, 'hidden_continuous_size': 51, 'attention_head_size': 2, 'learning_rate': 0.005853655898463909}. Best is trial 13 with value: 0.03940369188785553.
LOCAL_RANK: 0 - CUDA_VISIBLE_DEVICES: [0]
[I 2023-12-15 21:04:26,668] Trial 49 finished with value: 0.04032902047038078 and parameters: {'gradient_clip_val': 0.11329308471486012, 'hidden_size': 34, 'dropout': 0.10357111684910632, 'hidden_continuous_size': 22, 'attention_head_size': 3, 'learning_rate': 0.01580546475277422}. Best is trial 13 with value: 0.03940369188785553.
[I 2023-12-15 21:04:26,768] A new study created in memory with name: no-name-92ba5603-0e86-43d5-860b-7f156c365bbb
/home/le004/conda/anaconda3/envs/tsff_env/lib/python3.9/site-packages/lightning/fabric/plugins/environments/slurm.py:191: The `srun` command is available on your system but is not used. HINT: If your intention is to run Lightning on SLURM, prepend your python command with `srun` like so: srun python /home/le004/master_thesis/git/TSFusionForecast/code/ ...
LOCAL_RANK: 0 - CUDA_VISIBLE_DEVICES: [0]
[I 2023-12-15 21:05:16,090] Trial 0 finished with value: 0.055934417992830276 and parameters: {'gradient_clip_val': 0.11828903716933302, 'hidden_size': 19, 'dropout': 0.39186318000037024, 'hidden_continuous_size': 13, 'attention_head_size': 4, 'learning_rate': 0.06044389763040599}. Best is trial 0 with value: 0.055934417992830276.
LOCAL_RANK: 0 - CUDA_VISIBLE_DEVICES: [0]
[I 2023-12-15 21:06:13,165] Trial 1 finished with value: 0.0647236704826355 and parameters: {'gradient_clip_val': 0.8605820726749429, 'hidden_size': 94, 'dropout': 0.13834052816020545, 'hidden_continuous_size': 59, 'attention_head_size': 3, 'learning_rate': 0.0005556459941083447}. Best is trial 0 with value: 0.055934417992830276.
LOCAL_RANK: 0 - CUDA_VISIBLE_DEVICES: [0]
[I 2023-12-15 21:07:08,379] Trial 2 finished with value: 0.03962692990899086 and parameters: {'gradient_clip_val': 0.7148564996753451, 'hidden_size': 97, 'dropout': 0.23994059861021974, 'hidden_continuous_size': 19, 'attention_head_size': 2, 'learning_rate': 0.004237246012050067}. Best is trial 2 with value: 0.03962692990899086.
LOCAL_RANK: 0 - CUDA_VISIBLE_DEVICES: [0]
[I 2023-12-15 21:07:52,866] Trial 3 finished with value: 0.1183343455195427 and parameters: {'gradient_clip_val': 0.2844681548039662, 'hidden_size': 12, 'dropout': 0.15089601429121502, 'hidden_continuous_size': 7, 'attention_head_size': 2, 'learning_rate': 0.001284525060789008}. Best is trial 2 with value: 0.03962692990899086.
LOCAL_RANK: 0 - CUDA_VISIBLE_DEVICES: [0]
[I 2023-12-15 21:08:45,559] Trial 4 finished with value: 0.13926014304161072 and parameters: {'gradient_clip_val': 0.12117431961247421, 'hidden_size': 100, 'dropout': 0.26822293886008186, 'hidden_continuous_size': 5, 'attention_head_size': 2, 'learning_rate': 0.038169586223570535}. Best is trial 2 with value: 0.03962692990899086.
LOCAL_RANK: 0 - CUDA_VISIBLE_DEVICES: [0]
[I 2023-12-15 21:09:38,016] Trial 5 finished with value: 0.026922179386019707 and parameters: {'gradient_clip_val': 0.11453007510776882, 'hidden_size': 45, 'dropout': 0.19520028490115032, 'hidden_continuous_size': 11, 'attention_head_size': 2, 'learning_rate': 0.022816844475340135}. Best is trial 5 with value: 0.026922179386019707.
LOCAL_RANK: 0 - CUDA_VISIBLE_DEVICES: [0]
[I 2023-12-15 21:10:30,740] Trial 6 finished with value: 0.0500761978328228 and parameters: {'gradient_clip_val': 0.4775083708846451, 'hidden_size': 36, 'dropout': 0.35853671075012383, 'hidden_continuous_size': 22, 'attention_head_size': 4, 'learning_rate': 0.0011668731379895416}. Best is trial 5 with value: 0.026922179386019707.
LOCAL_RANK: 0 - CUDA_VISIBLE_DEVICES: [0]
[I 2023-12-15 21:11:19,462] Trial 7 finished with value: 0.03390951082110405 and parameters: {'gradient_clip_val': 0.13390813856327458, 'hidden_size': 35, 'dropout': 0.20042039312568793, 'hidden_continuous_size': 7, 'attention_head_size': 1, 'learning_rate': 0.08254370383227558}. Best is trial 5 with value: 0.026922179386019707.
LOCAL_RANK: 0 - CUDA_VISIBLE_DEVICES: [0]
[I 2023-12-15 21:12:05,001] Trial 8 finished with value: 0.19728322327136993 and parameters: {'gradient_clip_val': 0.38449151168882784, 'hidden_size': 9, 'dropout': 0.15835664632748211, 'hidden_continuous_size': 5, 'attention_head_size': 2, 'learning_rate': 0.0030113686916886976}. Best is trial 5 with value: 0.026922179386019707.
LOCAL_RANK: 0 - CUDA_VISIBLE_DEVICES: [0]
[I 2023-12-15 21:12:49,779] Trial 9 finished with value: 0.36292698979377747 and parameters: {'gradient_clip_val': 0.23298392853884378, 'hidden_size': 7, 'dropout': 0.256298622556187, 'hidden_continuous_size': 5, 'attention_head_size': 1, 'learning_rate': 0.001974304235857746}. Best is trial 5 with value: 0.026922179386019707.
LOCAL_RANK: 0 - CUDA_VISIBLE_DEVICES: [0]
[I 2023-12-15 21:13:26,208] Trial 10 finished with value: 0.09495878219604492 and parameters: {'gradient_clip_val': 0.19342179134252635, 'hidden_size': 5, 'dropout': 0.1183737358257359, 'hidden_continuous_size': 5, 'attention_head_size': 3, 'learning_rate': 0.014269484984564986}. Best is trial 5 with value: 0.026922179386019707.
LOCAL_RANK: 0 - CUDA_VISIBLE_DEVICES: [0]
[I 2023-12-15 21:14:15,606] Trial 11 finished with value: 0.02726796083152294 and parameters: {'gradient_clip_val': 0.10088848806904371, 'hidden_size': 40, 'dropout': 0.19382735317570296, 'hidden_continuous_size': 9, 'attention_head_size': 1, 'learning_rate': 0.09342953712995128}. Best is trial 5 with value: 0.026922179386019707.
LOCAL_RANK: 0 - CUDA_VISIBLE_DEVICES: [0]
[I 2023-12-15 21:15:07,993] Trial 12 finished with value: 0.021191120147705078 and parameters: {'gradient_clip_val': 0.10631496177350429, 'hidden_size': 45, 'dropout': 0.19740054868635923, 'hidden_continuous_size': 11, 'attention_head_size': 1, 'learning_rate': 0.023718860261774843}. Best is trial 12 with value: 0.021191120147705078.
LOCAL_RANK: 0 - CUDA_VISIBLE_DEVICES: [0]
[I 2023-12-15 21:16:00,323] Trial 13 finished with value: 0.019401468336582184 and parameters: {'gradient_clip_val': 0.17721505980818614, 'hidden_size': 51, 'dropout': 0.2010916573677629, 'hidden_continuous_size': 12, 'attention_head_size': 1, 'learning_rate': 0.014015821582879513}. Best is trial 13 with value: 0.019401468336582184.
LOCAL_RANK: 0 - CUDA_VISIBLE_DEVICES: [0]
[I 2023-12-15 21:16:52,067] Trial 14 finished with value: 0.03860845789313316 and parameters: {'gradient_clip_val': 0.17182214053505124, 'hidden_size': 64, 'dropout': 0.10580511959686291, 'hidden_continuous_size': 16, 'attention_head_size': 1, 'learning_rate': 0.008219117314088868}. Best is trial 13 with value: 0.019401468336582184.
LOCAL_RANK: 0 - CUDA_VISIBLE_DEVICES: [0]
[I 2023-12-15 21:17:40,719] Trial 15 finished with value: 0.39790356159210205 and parameters: {'gradient_clip_val': 0.1629928152526733, 'hidden_size': 25, 'dropout': 0.2990271270002789, 'hidden_continuous_size': 10, 'attention_head_size': 1, 'learning_rate': 0.011713139570604632}. Best is trial 13 with value: 0.019401468336582184.
LOCAL_RANK: 0 - CUDA_VISIBLE_DEVICES: [0]
[I 2023-12-15 21:18:33,356] Trial 16 finished with value: 0.017220256850123405 and parameters: {'gradient_clip_val': 0.16417555103460044, 'hidden_size': 60, 'dropout': 0.22050332432727218, 'hidden_continuous_size': 25, 'attention_head_size': 1, 'learning_rate': 0.024258841104899783}. Best is trial 16 with value: 0.017220256850123405.
LOCAL_RANK: 0 - CUDA_VISIBLE_DEVICES: [0]
[I 2023-12-15 21:19:26,985] Trial 17 finished with value: 0.04624555632472038 and parameters: {'gradient_clip_val': 0.22762970019137532, 'hidden_size': 65, 'dropout': 0.301211223638578, 'hidden_continuous_size': 23, 'attention_head_size': 3, 'learning_rate': 0.005350521813988405}. Best is trial 16 with value: 0.017220256850123405.
LOCAL_RANK: 0 - CUDA_VISIBLE_DEVICES: [0]
[I 2023-12-15 21:20:14,686] Trial 18 finished with value: 0.0625687763094902 and parameters: {'gradient_clip_val': 0.1606178852042821, 'hidden_size': 24, 'dropout': 0.2178647557812252, 'hidden_continuous_size': 14, 'attention_head_size': 1, 'learning_rate': 0.035785622796502325}. Best is trial 16 with value: 0.017220256850123405.
LOCAL_RANK: 0 - CUDA_VISIBLE_DEVICES: [0]
[I 2023-12-15 21:21:07,219] Trial 19 finished with value: 0.024421418085694313 and parameters: {'gradient_clip_val': 0.2227400852783459, 'hidden_size': 64, 'dropout': 0.16764881686158906, 'hidden_continuous_size': 29, 'attention_head_size': 2, 'learning_rate': 0.009324993972419331}. Best is trial 16 with value: 0.017220256850123405.
LOCAL_RANK: 0 - CUDA_VISIBLE_DEVICES: [0]
[I 2023-12-15 21:21:53,413] Trial 20 finished with value: 0.019180424511432648 and parameters: {'gradient_clip_val': 0.3038499871763367, 'hidden_size': 17, 'dropout': 0.22000622261269287, 'hidden_continuous_size': 8, 'attention_head_size': 1, 'learning_rate': 0.014636837181843889}. Best is trial 16 with value: 0.017220256850123405.
LOCAL_RANK: 0 - CUDA_VISIBLE_DEVICES: [0]
[I 2023-12-15 21:22:39,159] Trial 21 finished with value: 0.18296658992767334 and parameters: {'gradient_clip_val': 0.2853001123389547, 'hidden_size': 15, 'dropout': 0.2346294522205104, 'hidden_continuous_size': 8, 'attention_head_size': 1, 'learning_rate': 0.0165284125540118}. Best is trial 16 with value: 0.017220256850123405.
LOCAL_RANK: 0 - CUDA_VISIBLE_DEVICES: [0]
[I 2023-12-15 21:23:27,997] Trial 22 finished with value: 0.07637222111225128 and parameters: {'gradient_clip_val': 0.14210144901271743, 'hidden_size': 27, 'dropout': 0.17476020303645123, 'hidden_continuous_size': 9, 'attention_head_size': 1, 'learning_rate': 0.006490419615166335}. Best is trial 16 with value: 0.017220256850123405.
LOCAL_RANK: 0 - CUDA_VISIBLE_DEVICES: [0]
[I 2023-12-15 21:24:14,558] Trial 23 finished with value: 0.07899997383356094 and parameters: {'gradient_clip_val': 0.3461641163234284, 'hidden_size': 19, 'dropout': 0.2264954356761415, 'hidden_continuous_size': 6, 'attention_head_size': 1, 'learning_rate': 0.017267941986849215}. Best is trial 16 with value: 0.017220256850123405.
LOCAL_RANK: 0 - CUDA_VISIBLE_DEVICES: [0]
[I 2023-12-15 21:25:03,833] Trial 24 finished with value: 0.013380383141338825 and parameters: {'gradient_clip_val': 0.1968631664109557, 'hidden_size': 30, 'dropout': 0.21624290813214525, 'hidden_continuous_size': 12, 'attention_head_size': 2, 'learning_rate': 0.009479382884717814}. Best is trial 24 with value: 0.013380383141338825.
LOCAL_RANK: 0 - CUDA_VISIBLE_DEVICES: [0]
[I 2023-12-15 21:25:54,343] Trial 25 finished with value: 0.0777386799454689 and parameters: {'gradient_clip_val': 0.20538606624334982, 'hidden_size': 33, 'dropout': 0.264347235374902, 'hidden_continuous_size': 14, 'attention_head_size': 2, 'learning_rate': 0.008300396529054422}. Best is trial 24 with value: 0.013380383141338825.
LOCAL_RANK: 0 - CUDA_VISIBLE_DEVICES: [0]
[I 2023-12-15 21:26:43,088] Trial 26 finished with value: 0.02175145410001278 and parameters: {'gradient_clip_val': 0.26710980704020376, 'hidden_size': 28, 'dropout': 0.2174233843532938, 'hidden_continuous_size': 8, 'attention_head_size': 3, 'learning_rate': 0.0269151093211785}. Best is trial 24 with value: 0.013380383141338825.
LOCAL_RANK: 0 - CUDA_VISIBLE_DEVICES: [0]
[I 2023-12-15 21:27:29,226] Trial 27 finished with value: 0.033370740711688995 and parameters: {'gradient_clip_val': 0.14361594652928225, 'hidden_size': 20, 'dropout': 0.24653345983499161, 'hidden_continuous_size': 6, 'attention_head_size': 2, 'learning_rate': 0.009834457925847436}. Best is trial 24 with value: 0.013380383141338825.
LOCAL_RANK: 0 - CUDA_VISIBLE_DEVICES: [0]
[I 2023-12-15 21:28:15,572] Trial 28 finished with value: 0.02835945226252079 and parameters: {'gradient_clip_val': 0.1952630069032898, 'hidden_size': 15, 'dropout': 0.2790722913251578, 'hidden_continuous_size': 9, 'attention_head_size': 2, 'learning_rate': 0.005155137228106785}. Best is trial 24 with value: 0.013380383141338825.
LOCAL_RANK: 0 - CUDA_VISIBLE_DEVICES: [0]
[I 2023-12-15 21:29:06,552] Trial 29 finished with value: 0.09133973717689514 and parameters: {'gradient_clip_val': 0.2526705390708137, 'hidden_size': 29, 'dropout': 0.2190746452394011, 'hidden_continuous_size': 12, 'attention_head_size': 4, 'learning_rate': 0.04974548950768036}. Best is trial 24 with value: 0.013380383141338825.
LOCAL_RANK: 0 - CUDA_VISIBLE_DEVICES: [0]
[I 2023-12-15 21:29:56,059] Trial 30 finished with value: 0.024273386225104332 and parameters: {'gradient_clip_val': 0.35192329946985756, 'hidden_size': 22, 'dropout': 0.17956703516549458, 'hidden_continuous_size': 10, 'attention_head_size': 3, 'learning_rate': 0.053081000334874916}. Best is trial 24 with value: 0.013380383141338825.
LOCAL_RANK: 0 - CUDA_VISIBLE_DEVICES: [0]
[I 2023-12-15 21:30:47,934] Trial 31 finished with value: 0.027116233482956886 and parameters: {'gradient_clip_val': 0.18023356237516192, 'hidden_size': 52, 'dropout': 0.2095379290382926, 'hidden_continuous_size': 13, 'attention_head_size': 1, 'learning_rate': 0.01375536274120043}. Best is trial 24 with value: 0.013380383141338825.
LOCAL_RANK: 0 - CUDA_VISIBLE_DEVICES: [0]
[I 2023-12-15 21:31:41,042] Trial 32 finished with value: 0.022448929026722908 and parameters: {'gradient_clip_val': 0.20107769192619854, 'hidden_size': 77, 'dropout': 0.18211549311525183, 'hidden_continuous_size': 16, 'attention_head_size': 1, 'learning_rate': 0.01885792662072375}. Best is trial 24 with value: 0.013380383141338825.
LOCAL_RANK: 0 - CUDA_VISIBLE_DEVICES: [0]
[I 2023-12-15 21:32:34,137] Trial 33 finished with value: 0.06908103078603745 and parameters: {'gradient_clip_val': 0.1570929496702313, 'hidden_size': 51, 'dropout': 0.23713828228363049, 'hidden_continuous_size': 32, 'attention_head_size': 1, 'learning_rate': 0.011492106226747357}. Best is trial 24 with value: 0.013380383141338825.
LOCAL_RANK: 0 - CUDA_VISIBLE_DEVICES: [0]
[I 2023-12-15 21:33:23,712] Trial 34 finished with value: 0.017594775184988976 and parameters: {'gradient_clip_val': 0.12557722353753148, 'hidden_size': 33, 'dropout': 0.14839212640695526, 'hidden_continuous_size': 12, 'attention_head_size': 1, 'learning_rate': 0.029442465007139592}. Best is trial 24 with value: 0.013380383141338825.
LOCAL_RANK: 0 - CUDA_VISIBLE_DEVICES: [0]
[I 2023-12-15 21:34:12,325] Trial 35 finished with value: 0.05334709212183952 and parameters: {'gradient_clip_val': 0.12491562112465165, 'hidden_size': 32, 'dropout': 0.13990553279949533, 'hidden_continuous_size': 15, 'attention_head_size': 2, 'learning_rate': 0.033063034850471164}. Best is trial 24 with value: 0.013380383141338825.
LOCAL_RANK: 0 - CUDA_VISIBLE_DEVICES: [0]
[I 2023-12-15 21:34:57,776] Trial 36 finished with value: 0.021560361608862877 and parameters: {'gradient_clip_val': 0.1262116560313844, 'hidden_size': 16, 'dropout': 0.1572677227054576, 'hidden_continuous_size': 8, 'attention_head_size': 2, 'learning_rate': 0.023195075659378745}. Best is trial 24 with value: 0.013380383141338825.
LOCAL_RANK: 0 - CUDA_VISIBLE_DEVICES: [0]
[I 2023-12-15 21:35:47,208] Trial 37 finished with value: 0.14284394681453705 and parameters: {'gradient_clip_val': 0.11613635489725507, 'hidden_size': 23, 'dropout': 0.14070562803650255, 'hidden_continuous_size': 10, 'attention_head_size': 2, 'learning_rate': 0.043026365714316374}. Best is trial 24 with value: 0.013380383141338825.
LOCAL_RANK: 0 - CUDA_VISIBLE_DEVICES: [0]
[I 2023-12-15 21:36:38,568] Trial 38 finished with value: 0.04189372435212135 and parameters: {'gradient_clip_val': 0.14095112142159122, 'hidden_size': 40, 'dropout': 0.12569799936519252, 'hidden_continuous_size': 17, 'attention_head_size': 1, 'learning_rate': 0.06767050833918502}. Best is trial 24 with value: 0.013380383141338825.
LOCAL_RANK: 0 - CUDA_VISIBLE_DEVICES: [0]
[I 2023-12-15 21:37:26,128] Trial 39 finished with value: 0.015457910485565662 and parameters: {'gradient_clip_val': 0.15021540698941857, 'hidden_size': 17, 'dropout': 0.18581997656433888, 'hidden_continuous_size': 11, 'attention_head_size': 1, 'learning_rate': 0.025819541056247685}. Best is trial 24 with value: 0.013380383141338825.
LOCAL_RANK: 0 - CUDA_VISIBLE_DEVICES: [0]
[I 2023-12-15 21:38:15,702] Trial 40 finished with value: 0.01798391342163086 and parameters: {'gradient_clip_val': 0.1085095294156578, 'hidden_size': 31, 'dropout': 0.1625064103498012, 'hidden_continuous_size': 13, 'attention_head_size': 2, 'learning_rate': 0.027555462707314737}. Best is trial 24 with value: 0.013380383141338825.
LOCAL_RANK: 0 - CUDA_VISIBLE_DEVICES: [0]
[I 2023-12-15 21:39:05,266] Trial 41 finished with value: 0.050290364772081375 and parameters: {'gradient_clip_val': 0.11283406090954246, 'hidden_size': 30, 'dropout': 0.15889480033822256, 'hidden_continuous_size': 13, 'attention_head_size': 2, 'learning_rate': 0.03074708408417286}. Best is trial 24 with value: 0.013380383141338825.
LOCAL_RANK: 0 - CUDA_VISIBLE_DEVICES: [0]
[I 2023-12-15 21:39:54,938] Trial 42 finished with value: 0.17293941974639893 and parameters: {'gradient_clip_val': 0.1286290327309401, 'hidden_size': 36, 'dropout': 0.17680444823241448, 'hidden_continuous_size': 12, 'attention_head_size': 2, 'learning_rate': 0.04225268098123978}. Best is trial 24 with value: 0.013380383141338825.
LOCAL_RANK: 0 - CUDA_VISIBLE_DEVICES: [0]
[I 2023-12-15 21:40:44,587] Trial 43 finished with value: 0.020528297871351242 and parameters: {'gradient_clip_val': 0.10812540187908957, 'hidden_size': 27, 'dropout': 0.14834682172579985, 'hidden_continuous_size': 11, 'attention_head_size': 3, 'learning_rate': 0.020533074439289447}. Best is trial 24 with value: 0.013380383141338825.
LOCAL_RANK: 0 - CUDA_VISIBLE_DEVICES: [0]
[I 2023-12-15 21:41:30,823] Trial 44 finished with value: 0.15363898873329163 and parameters: {'gradient_clip_val': 0.10038198721463697, 'hidden_size': 13, 'dropout': 0.18905284130372665, 'hidden_continuous_size': 11, 'attention_head_size': 2, 'learning_rate': 0.02670440160685551}. Best is trial 24 with value: 0.013380383141338825.
LOCAL_RANK: 0 - CUDA_VISIBLE_DEVICES: [0]
[I 2023-12-15 21:42:17,946] Trial 45 finished with value: 0.017308613285422325 and parameters: {'gradient_clip_val': 0.14788733572801016, 'hidden_size': 20, 'dropout': 0.20369991606343613, 'hidden_continuous_size': 12, 'attention_head_size': 1, 'learning_rate': 0.0665339458650925}. Best is trial 24 with value: 0.013380383141338825.
LOCAL_RANK: 0 - CUDA_VISIBLE_DEVICES: [0]
[I 2023-12-15 21:43:06,416] Trial 46 finished with value: 0.017698800191283226 and parameters: {'gradient_clip_val': 0.14517107342955574, 'hidden_size': 19, 'dropout': 0.20878842054431238, 'hidden_continuous_size': 12, 'attention_head_size': 1, 'learning_rate': 0.0738598699816078}. Best is trial 24 with value: 0.013380383141338825.
LOCAL_RANK: 0 - CUDA_VISIBLE_DEVICES: [0]
