[I 2023-12-26 13:36:03,561] Trial 28 finished with value: 133.67825317382812 and parameters: {'gradient_clip_val': 0.8258539470310057, 'hidden_size': 17, 'dropout': 0.21113878141808615, 'hidden_continuous_size': 5, 'attention_head_size': 2, 'learning_rate': 0.0014267620809243042}. Best is trial 0 with value: 79.51319122314453.
[I 2023-12-26 13:36:06,016] Trial 29 finished with value: 134.50672912597656 and parameters: {'gradient_clip_val': 0.8337730306365381, 'hidden_size': 16, 'dropout': 0.28643382036216675, 'hidden_continuous_size': 5, 'attention_head_size': 2, 'learning_rate': 0.001307605150465881}. Best is trial 0 with value: 79.51319122314453.
[I 2023-12-26 13:36:09,115] Trial 30 finished with value: 186.2151336669922 and parameters: {'gradient_clip_val': 0.8079165792937261, 'hidden_size': 28, 'dropout': 0.2853689848495734, 'hidden_continuous_size': 5, 'attention_head_size': 1, 'learning_rate': 0.0007043341542311572}. Best is trial 0 with value: 79.51319122314453.
[I 2023-12-26 13:36:11,717] Trial 31 finished with value: 167.76051330566406 and parameters: {'gradient_clip_val': 0.8352371762733808, 'hidden_size': 17, 'dropout': 0.3210224359609862, 'hidden_continuous_size': 5, 'attention_head_size': 2, 'learning_rate': 0.0014563670872418347}. Best is trial 0 with value: 79.51319122314453.
[I 2023-12-26 13:36:14,254] Trial 32 finished with value: 174.36962890625 and parameters: {'gradient_clip_val': 0.8892135152176299, 'hidden_size': 14, 'dropout': 0.1784941871545377, 'hidden_continuous_size': 5, 'attention_head_size': 2, 'learning_rate': 0.0010166775842693093}. Best is trial 0 with value: 79.51319122314453.
[I 2023-12-26 13:36:16,606] Trial 33 finished with value: 107.07073974609375 and parameters: {'gradient_clip_val': 0.6626991878230574, 'hidden_size': 7, 'dropout': 0.2874256530049998, 'hidden_continuous_size': 5, 'attention_head_size': 2, 'learning_rate': 0.0016637353204377447}. Best is trial 0 with value: 79.51319122314453.
[I 2023-12-26 13:36:18,937] Trial 34 finished with value: 160.0021209716797 and parameters: {'gradient_clip_val': 0.991262397495444, 'hidden_size': 6, 'dropout': 0.2917225129920408, 'hidden_continuous_size': 5, 'attention_head_size': 2, 'learning_rate': 0.0018780829251315225}. Best is trial 0 with value: 79.51319122314453.
[I 2023-12-26 13:36:21,334] Trial 35 finished with value: 211.4696807861328 and parameters: {'gradient_clip_val': 0.6403369127444348, 'hidden_size': 5, 'dropout': 0.24714032718388446, 'hidden_continuous_size': 5, 'attention_head_size': 1, 'learning_rate': 0.0010779094244401904}. Best is trial 0 with value: 79.51319122314453.
[I 2023-12-26 13:36:23,717] Trial 36 finished with value: 179.8217010498047 and parameters: {'gradient_clip_val': 0.7781061343295057, 'hidden_size': 9, 'dropout': 0.2194946876270217, 'hidden_continuous_size': 5, 'attention_head_size': 2, 'learning_rate': 0.0007080461359253502}. Best is trial 0 with value: 79.51319122314453.
[I 2023-12-26 13:36:26,482] Trial 37 finished with value: 207.85389709472656 and parameters: {'gradient_clip_val': 0.6668264494333482, 'hidden_size': 21, 'dropout': 0.27176442581764604, 'hidden_continuous_size': 6, 'attention_head_size': 1, 'learning_rate': 0.0011609322392362935}. Best is trial 0 with value: 79.51319122314453.
[I 2023-12-26 13:36:28,844] Trial 38 finished with value: 191.97401428222656 and parameters: {'gradient_clip_val': 0.7687970398580501, 'hidden_size': 7, 'dropout': 0.2374645315189645, 'hidden_continuous_size': 5, 'attention_head_size': 2, 'learning_rate': 0.000595810071290853}. Best is trial 0 with value: 79.51319122314453.
[I 2023-12-26 13:36:31,588] Trial 39 finished with value: 164.21185302734375 and parameters: {'gradient_clip_val': 0.511077966719347, 'hidden_size': 22, 'dropout': 0.3084058786767939, 'hidden_continuous_size': 7, 'attention_head_size': 1, 'learning_rate': 0.0017526731552024546}. Best is trial 0 with value: 79.51319122314453.
[I 2023-12-26 13:36:34,240] Trial 40 finished with value: 143.4089813232422 and parameters: {'gradient_clip_val': 0.6059334875256156, 'hidden_size': 17, 'dropout': 0.28299712001717997, 'hidden_continuous_size': 6, 'attention_head_size': 2, 'learning_rate': 0.0024051361362563157}. Best is trial 0 with value: 79.51319122314453.
[I 2023-12-26 13:36:36,678] Trial 41 finished with value: 154.6981658935547 and parameters: {'gradient_clip_val': 0.630584359982296, 'hidden_size': 16, 'dropout': 0.2826110820475515, 'hidden_continuous_size': 6, 'attention_head_size': 2, 'learning_rate': 0.002322311317463641}. Best is trial 0 with value: 79.51319122314453.
[I 2023-12-26 13:36:39,402] Trial 42 finished with value: 167.5589141845703 and parameters: {'gradient_clip_val': 0.722123632849897, 'hidden_size': 19, 'dropout': 0.25766701110717194, 'hidden_continuous_size': 5, 'attention_head_size': 2, 'learning_rate': 0.0015361334280220708}. Best is trial 0 with value: 79.51319122314453.
[I 2023-12-26 13:36:42,109] Trial 43 finished with value: 190.44476318359375 and parameters: {'gradient_clip_val': 0.8606402427129636, 'hidden_size': 17, 'dropout': 0.29845178554707896, 'hidden_continuous_size': 6, 'attention_head_size': 2, 'learning_rate': 0.0011171948988989184}. Best is trial 0 with value: 79.51319122314453.
[I 2023-12-26 13:36:44,891] Trial 44 finished with value: 190.1184539794922 and parameters: {'gradient_clip_val': 0.6141739595427478, 'hidden_size': 24, 'dropout': 0.26496655585308154, 'hidden_continuous_size': 7, 'attention_head_size': 2, 'learning_rate': 0.002178710957034693}. Best is trial 0 with value: 79.51319122314453.
[I 2023-12-26 13:36:48,034] Trial 45 finished with value: 179.796630859375 and parameters: {'gradient_clip_val': 0.7019181679543681, 'hidden_size': 28, 'dropout': 0.35475339260412436, 'hidden_continuous_size': 8, 'attention_head_size': 2, 'learning_rate': 0.003117863796402653}. Best is trial 0 with value: 79.51319122314453.
[I 2023-12-26 13:36:50,590] Trial 46 finished with value: 168.2743682861328 and parameters: {'gradient_clip_val': 0.5295619928437723, 'hidden_size': 13, 'dropout': 0.23163096007789147, 'hidden_continuous_size': 5, 'attention_head_size': 2, 'learning_rate': 0.0013367801990707665}. Best is trial 0 with value: 79.51319122314453.
[I 2023-12-26 13:36:53,418] Trial 47 finished with value: 192.50437927246094 and parameters: {'gradient_clip_val': 0.9108267515947639, 'hidden_size': 11, 'dropout': 0.2550260929093523, 'hidden_continuous_size': 5, 'attention_head_size': 3, 'learning_rate': 0.0008481526761278515}. Best is trial 0 with value: 79.51319122314453.
[I 2023-12-26 13:36:56,122] Trial 48 finished with value: 152.7389678955078 and parameters: {'gradient_clip_val': 0.5678085685232503, 'hidden_size': 19, 'dropout': 0.20066468078667085, 'hidden_continuous_size': 6, 'attention_head_size': 2, 'learning_rate': 0.0026570374379178384}. Best is trial 0 with value: 79.51319122314453.
[I 2023-12-26 13:36:58,503] Trial 49 finished with value: 119.073974609375 and parameters: {'gradient_clip_val': 0.6687463455925164, 'hidden_size': 16, 'dropout': 0.31186825316610134, 'hidden_continuous_size': 6, 'attention_head_size': 1, 'learning_rate': 0.003975670118546647}. Best is trial 0 with value: 79.51319122314453.
[I 2023-12-26 13:36:58,657] A new study created in memory with name: no-name-c7a4f2b2-90be-4d36-9eb7-9f96675cc68f
/home/le004/conda/anaconda3/envs/tsff_env/lib/python3.9/site-packages/lightning/fabric/plugins/environments/slurm.py:191: The `srun` command is available on your system but is not used. HINT: If your intention is to run Lightning on SLURM, prepend your python command with `srun` like so: srun python /home/le004/master_thesis/git/TSFusionForecast/code/ ...
[I 2023-12-26 13:39:05,600] Trial 0 finished with value: 82.30412292480469 and parameters: {'gradient_clip_val': 0.8048755419831878, 'hidden_size': 7, 'dropout': 0.4543058386190554, 'hidden_continuous_size': 6, 'attention_head_size': 1, 'learning_rate': 0.04145317476666284}. Best is trial 0 with value: 82.30412292480469.
[I 2023-12-26 13:39:07,610] Trial 1 finished with value: 94.1229019165039 and parameters: {'gradient_clip_val': 0.6705952389667469, 'hidden_size': 5, 'dropout': 0.21986746881776434, 'hidden_continuous_size': 5, 'attention_head_size': 4, 'learning_rate': 0.018966756521991802}. Best is trial 0 with value: 82.30412292480469.
[I 2023-12-26 13:39:10,069] Trial 2 finished with value: 83.1819839477539 and parameters: {'gradient_clip_val': 0.5172713326503211, 'hidden_size': 18, 'dropout': 0.4110805496723483, 'hidden_continuous_size': 9, 'attention_head_size': 1, 'learning_rate': 0.0007606442665287885}. Best is trial 0 with value: 82.30412292480469.
[I 2023-12-26 13:39:16,538] Trial 3 finished with value: 84.4403305053711 and parameters: {'gradient_clip_val': 0.5999810255598158, 'hidden_size': 87, 'dropout': 0.4128333886842346, 'hidden_continuous_size': 5, 'attention_head_size': 2, 'learning_rate': 0.002292023045061614}. Best is trial 0 with value: 82.30412292480469.
[I 2023-12-26 13:39:19,132] Trial 4 finished with value: 114.7915267944336 and parameters: {'gradient_clip_val': 0.3345210952608937, 'hidden_size': 22, 'dropout': 0.3265283431691054, 'hidden_continuous_size': 11, 'attention_head_size': 2, 'learning_rate': 0.017394548269789124}. Best is trial 0 with value: 82.30412292480469.
[I 2023-12-26 13:39:21,190] Trial 5 finished with value: 87.34646606445312 and parameters: {'gradient_clip_val': 0.30977521515842743, 'hidden_size': 6, 'dropout': 0.3599126701271378, 'hidden_continuous_size': 5, 'attention_head_size': 2, 'learning_rate': 0.0018286144170765104}. Best is trial 0 with value: 82.30412292480469.
[I 2023-12-26 13:39:24,031] Trial 6 finished with value: 95.55645751953125 and parameters: {'gradient_clip_val': 0.6751910658238187, 'hidden_size': 23, 'dropout': 0.1809361653813805, 'hidden_continuous_size': 5, 'attention_head_size': 4, 'learning_rate': 0.0018622157888960945}. Best is trial 0 with value: 82.30412292480469.
[I 2023-12-26 13:39:26,510] Trial 7 finished with value: 102.51570892333984 and parameters: {'gradient_clip_val': 0.28299878561792574, 'hidden_size': 17, 'dropout': 0.16773967159245717, 'hidden_continuous_size': 15, 'attention_head_size': 4, 'learning_rate': 0.004912809627763823}. Best is trial 0 with value: 82.30412292480469.
[I 2023-12-26 13:39:28,392] Trial 8 finished with value: 83.63899230957031 and parameters: {'gradient_clip_val': 0.3303729280347861, 'hidden_size': 5, 'dropout': 0.487024178213756, 'hidden_continuous_size': 5, 'attention_head_size': 4, 'learning_rate': 0.0006621379318805357}. Best is trial 0 with value: 82.30412292480469.
[I 2023-12-26 13:39:30,436] Trial 9 finished with value: 112.5918960571289 and parameters: {'gradient_clip_val': 0.7515229072967172, 'hidden_size': 5, 'dropout': 0.17243450613364808, 'hidden_continuous_size': 5, 'attention_head_size': 3, 'learning_rate': 0.018908665645945354}. Best is trial 0 with value: 82.30412292480469.
[I 2023-12-26 13:39:32,973] Trial 10 finished with value: 89.88813018798828 and parameters: {'gradient_clip_val': 0.10928980199084327, 'hidden_size': 11, 'dropout': 0.25890076513984883, 'hidden_continuous_size': 6, 'attention_head_size': 1, 'learning_rate': 0.06721394598694454}. Best is trial 0 with value: 82.30412292480469.
[I 2023-12-26 13:39:35,493] Trial 11 finished with value: 102.60834503173828 and parameters: {'gradient_clip_val': 0.9278702648797132, 'hidden_size': 11, 'dropout': 0.4926885597240074, 'hidden_continuous_size': 7, 'attention_head_size': 1, 'learning_rate': 0.0005032515106311657}. Best is trial 0 with value: 82.30412292480469.
[I 2023-12-26 13:39:38,617] Trial 12 finished with value: 98.4329833984375 and parameters: {'gradient_clip_val': 0.4916046423078052, 'hidden_size': 42, 'dropout': 0.3949080114003055, 'hidden_continuous_size': 9, 'attention_head_size': 1, 'learning_rate': 0.08717474315213147}. Best is trial 0 with value: 82.30412292480469.
[I 2023-12-26 13:39:42,305] Trial 13 finished with value: 101.92352294921875 and parameters: {'gradient_clip_val': 0.9478649829042679, 'hidden_size': 39, 'dropout': 0.4279087891024855, 'hidden_continuous_size': 21, 'attention_head_size': 1, 'learning_rate': 0.007640725653310694}. Best is trial 0 with value: 82.30412292480469.
[I 2023-12-26 13:39:44,758] Trial 14 finished with value: 86.16956329345703 and parameters: {'gradient_clip_val': 0.4708206911780589, 'hidden_size': 9, 'dropout': 0.32370339346334775, 'hidden_continuous_size': 6, 'attention_head_size': 3, 'learning_rate': 0.0009667982092160067}. Best is trial 0 with value: 82.30412292480469.
[I 2023-12-26 13:39:47,283] Trial 15 finished with value: 92.8873291015625 and parameters: {'gradient_clip_val': 0.5075730830446972, 'hidden_size': 14, 'dropout': 0.10185161210728955, 'hidden_continuous_size': 8, 'attention_head_size': 2, 'learning_rate': 0.039510784186900835}. Best is trial 0 with value: 82.30412292480469.
[I 2023-12-26 13:39:49,775] Trial 16 finished with value: 95.522705078125 and parameters: {'gradient_clip_val': 0.8747146295456106, 'hidden_size': 8, 'dropout': 0.4269361921617882, 'hidden_continuous_size': 6, 'attention_head_size': 1, 'learning_rate': 0.0058194877006046}. Best is trial 0 with value: 82.30412292480469.
[I 2023-12-26 13:39:52,206] Trial 17 finished with value: 122.62906646728516 and parameters: {'gradient_clip_val': 0.7379341843592568, 'hidden_size': 15, 'dropout': 0.45486904714949156, 'hidden_continuous_size': 9, 'attention_head_size': 1, 'learning_rate': 0.043244009091076036}. Best is trial 0 with value: 82.30412292480469.
[I 2023-12-26 13:39:54,533] Trial 18 finished with value: 74.50638580322266 and parameters: {'gradient_clip_val': 0.44961510601713467, 'hidden_size': 8, 'dropout': 0.3834940683412541, 'hidden_continuous_size': 6, 'attention_head_size': 3, 'learning_rate': 0.003097504147661771}. Best is trial 18 with value: 74.50638580322266.
[I 2023-12-26 13:39:56,826] Trial 19 finished with value: 99.86542510986328 and parameters: {'gradient_clip_val': 0.4055850334468239, 'hidden_size': 7, 'dropout': 0.3719468562348517, 'hidden_continuous_size': 6, 'attention_head_size': 3, 'learning_rate': 0.011714620604634123}. Best is trial 18 with value: 74.50638580322266.
[I 2023-12-26 13:39:58,988] Trial 20 finished with value: 94.8218002319336 and parameters: {'gradient_clip_val': 0.2464163138232167, 'hidden_size': 8, 'dropout': 0.3634559142630898, 'hidden_continuous_size': 6, 'attention_head_size': 3, 'learning_rate': 0.004278147126278526}. Best is trial 18 with value: 74.50638580322266.
[I 2023-12-26 13:40:01,338] Trial 21 finished with value: 85.74844360351562 and parameters: {'gradient_clip_val': 0.5752475977300406, 'hidden_size': 10, 'dropout': 0.4544094384220168, 'hidden_continuous_size': 7, 'attention_head_size': 2, 'learning_rate': 0.0011644645155255964}. Best is trial 18 with value: 74.50638580322266.
[I 2023-12-26 13:40:03,422] Trial 22 finished with value: 95.05767822265625 and parameters: {'gradient_clip_val': 0.42116985031368215, 'hidden_size': 7, 'dropout': 0.38655107103332315, 'hidden_continuous_size': 5, 'attention_head_size': 3, 'learning_rate': 0.0029524005286668624}. Best is trial 18 with value: 74.50638580322266.
[I 2023-12-26 13:40:05,729] Trial 23 finished with value: 94.9873046875 and parameters: {'gradient_clip_val': 0.6095651282153629, 'hidden_size': 12, 'dropout': 0.45563331898506854, 'hidden_continuous_size': 7, 'attention_head_size': 2, 'learning_rate': 0.003306225845647322}. Best is trial 18 with value: 74.50638580322266.
[I 2023-12-26 13:40:07,927] Trial 24 finished with value: 95.08883666992188 and parameters: {'gradient_clip_val': 0.7987435583480973, 'hidden_size': 17, 'dropout': 0.4124129843519218, 'hidden_continuous_size': 8, 'attention_head_size': 1, 'learning_rate': 0.0011456626118706514}. Best is trial 18 with value: 74.50638580322266.
[I 2023-12-26 13:40:10,120] Trial 25 finished with value: 106.60311889648438 and parameters: {'gradient_clip_val': 0.9610225557541912, 'hidden_size': 9, 'dropout': 0.3380083527438971, 'hidden_continuous_size': 6, 'attention_head_size': 2, 'learning_rate': 0.008733673308843877}. Best is trial 18 with value: 74.50638580322266.
[I 2023-12-26 13:40:12,365] Trial 26 finished with value: 99.53091430664062 and parameters: {'gradient_clip_val': 0.5403913289665121, 'hidden_size': 6, 'dropout': 0.2801014274593898, 'hidden_continuous_size': 5, 'attention_head_size': 3, 'learning_rate': 0.004034805747381874}. Best is trial 18 with value: 74.50638580322266.
[I 2023-12-26 13:40:14,724] Trial 27 finished with value: 94.32464599609375 and parameters: {'gradient_clip_val': 0.7790333029409653, 'hidden_size': 12, 'dropout': 0.39047114022806817, 'hidden_continuous_size': 8, 'attention_head_size': 1, 'learning_rate': 0.002747407199476135}. Best is trial 18 with value: 74.50638580322266.
[I 2023-12-26 13:40:17,638] Trial 28 finished with value: 99.39706420898438 and parameters: {'gradient_clip_val': 0.6531828995406201, 'hidden_size': 18, 'dropout': 0.43682409179892456, 'hidden_continuous_size': 11, 'attention_head_size': 2, 'learning_rate': 0.0015234441041631667}. Best is trial 18 with value: 74.50638580322266.
[I 2023-12-26 13:40:19,909] Trial 29 finished with value: 112.62593841552734 and parameters: {'gradient_clip_val': 0.677836962940575, 'hidden_size': 5, 'dropout': 0.49734563056561204, 'hidden_continuous_size': 5, 'attention_head_size': 4, 'learning_rate': 0.012349723010119835}. Best is trial 18 with value: 74.50638580322266.
[I 2023-12-26 13:40:22,414] Trial 30 finished with value: 73.7676773071289 and parameters: {'gradient_clip_val': 0.4185838381646409, 'hidden_size': 13, 'dropout': 0.34704885906127836, 'hidden_continuous_size': 7, 'attention_head_size': 1, 'learning_rate': 0.005982893466813784}. Best is trial 30 with value: 73.7676773071289.
[I 2023-12-26 13:40:24,554] Trial 31 finished with value: 59.12239074707031 and parameters: {'gradient_clip_val': 0.4176265136105035, 'hidden_size': 13, 'dropout': 0.3497499001779365, 'hidden_continuous_size': 7, 'attention_head_size': 1, 'learning_rate': 0.006633959267124068}. Best is trial 31 with value: 59.12239074707031.
[I 2023-12-26 13:40:26,720] Trial 32 finished with value: 70.83809661865234 and parameters: {'gradient_clip_val': 0.4098512316612648, 'hidden_size': 9, 'dropout': 0.34819433839385083, 'hidden_continuous_size': 6, 'attention_head_size': 1, 'learning_rate': 0.005875727953606731}. Best is trial 31 with value: 59.12239074707031.
[I 2023-12-26 13:40:29,061] Trial 33 finished with value: 90.17369842529297 and parameters: {'gradient_clip_val': 0.3735843887947065, 'hidden_size': 13, 'dropout': 0.3435034169552848, 'hidden_continuous_size': 7, 'attention_head_size': 1, 'learning_rate': 0.006525515593824253}. Best is trial 31 with value: 59.12239074707031.
[I 2023-12-26 13:40:31,332] Trial 34 finished with value: 106.31839752197266 and parameters: {'gradient_clip_val': 0.45274094869168086, 'hidden_size': 9, 'dropout': 0.30982034777874506, 'hidden_continuous_size': 6, 'attention_head_size': 1, 'learning_rate': 0.005522758132002217}. Best is trial 31 with value: 59.12239074707031.
[I 2023-12-26 13:40:33,931] Trial 35 finished with value: 94.8089599609375 and parameters: {'gradient_clip_val': 0.37852582488710684, 'hidden_size': 14, 'dropout': 0.3495009631669527, 'hidden_continuous_size': 7, 'attention_head_size': 1, 'learning_rate': 0.004290926958186358}. Best is trial 31 with value: 59.12239074707031.
[I 2023-12-26 13:40:36,496] Trial 36 finished with value: 96.1299819946289 and parameters: {'gradient_clip_val': 0.444984761068716, 'hidden_size': 11, 'dropout': 0.30510061782313835, 'hidden_continuous_size': 7, 'attention_head_size': 2, 'learning_rate': 0.008754025168930861}. Best is trial 31 with value: 59.12239074707031.
[I 2023-12-26 13:40:38,787] Trial 37 finished with value: 86.57576751708984 and parameters: {'gradient_clip_val': 0.3552041110010757, 'hidden_size': 6, 'dropout': 0.37149547439400965, 'hidden_continuous_size': 5, 'attention_head_size': 1, 'learning_rate': 0.0023755491193609714}. Best is trial 31 with value: 59.12239074707031.
[I 2023-12-26 13:40:41,652] Trial 38 finished with value: 70.6555404663086 and parameters: {'gradient_clip_val': 0.5245633339559779, 'hidden_size': 21, 'dropout': 0.3281237768935735, 'hidden_continuous_size': 8, 'attention_head_size': 2, 'learning_rate': 0.003311031857762219}. Best is trial 31 with value: 59.12239074707031.
[I 2023-12-26 13:40:44,695] Trial 39 finished with value: 83.2242202758789 and parameters: {'gradient_clip_val': 0.5671959693328947, 'hidden_size': 23, 'dropout': 0.33120407942703595, 'hidden_continuous_size': 10, 'attention_head_size': 2, 'learning_rate': 0.006601747735153634}. Best is trial 31 with value: 59.12239074707031.
[I 2023-12-26 13:40:48,327] Trial 40 finished with value: 100.18254852294922 and parameters: {'gradient_clip_val': 0.2838969844235128, 'hidden_size': 29, 'dropout': 0.2780529005367852, 'hidden_continuous_size': 13, 'attention_head_size': 1, 'learning_rate': 0.0035329475836703445}. Best is trial 31 with value: 59.12239074707031.
[I 2023-12-26 13:40:51,057] Trial 41 finished with value: 103.600341796875 and parameters: {'gradient_clip_val': 0.40225526927983446, 'hidden_size': 15, 'dropout': 0.3458581292639874, 'hidden_continuous_size': 8, 'attention_head_size': 3, 'learning_rate': 0.0049158711537750175}. Best is trial 31 with value: 59.12239074707031.
[I 2023-12-26 13:40:53,875] Trial 42 finished with value: 86.47037506103516 and parameters: {'gradient_clip_val': 0.5036065204574458, 'hidden_size': 21, 'dropout': 0.36198976090983137, 'hidden_continuous_size': 8, 'attention_head_size': 2, 'learning_rate': 0.0022811739359217286}. Best is trial 31 with value: 59.12239074707031.
