[I 2023-12-15 15:24:23,371] Trial 42 finished with value: 159.4759063720703 and parameters: {'gradient_clip_val': 0.8974362451076344, 'hidden_size': 9, 'dropout': 0.11889245150355643, 'hidden_continuous_size': 6, 'attention_head_size': 1, 'learning_rate': 0.008019712059859428}. Best is trial 5 with value: 133.75486755371094.
LOCAL_RANK: 0 - CUDA_VISIBLE_DEVICES: [0]
[I 2023-12-15 15:25:08,747] Trial 43 finished with value: 223.91162109375 and parameters: {'gradient_clip_val': 0.788392987784584, 'hidden_size': 14, 'dropout': 0.16935820450050088, 'hidden_continuous_size': 6, 'attention_head_size': 2, 'learning_rate': 0.00833390200426191}. Best is trial 5 with value: 133.75486755371094.
LOCAL_RANK: 0 - CUDA_VISIBLE_DEVICES: [0]
[I 2023-12-15 15:25:52,727] Trial 44 finished with value: 185.9056396484375 and parameters: {'gradient_clip_val': 0.670330297818442, 'hidden_size': 8, 'dropout': 0.11797159546366971, 'hidden_continuous_size': 6, 'attention_head_size': 2, 'learning_rate': 0.018277247589050506}. Best is trial 5 with value: 133.75486755371094.
LOCAL_RANK: 0 - CUDA_VISIBLE_DEVICES: [0]
[I 2023-12-15 15:26:37,406] Trial 45 finished with value: 268.6160583496094 and parameters: {'gradient_clip_val': 0.8577444374751639, 'hidden_size': 6, 'dropout': 0.14198205744696651, 'hidden_continuous_size': 5, 'attention_head_size': 1, 'learning_rate': 0.006857161002197186}. Best is trial 5 with value: 133.75486755371094.
LOCAL_RANK: 0 - CUDA_VISIBLE_DEVICES: [0]
[I 2023-12-15 15:27:22,260] Trial 46 finished with value: 119.97310638427734 and parameters: {'gradient_clip_val': 0.52584619354102, 'hidden_size': 9, 'dropout': 0.13261337974543086, 'hidden_continuous_size': 6, 'attention_head_size': 2, 'learning_rate': 0.012879912292326653}. Best is trial 46 with value: 119.97310638427734.
LOCAL_RANK: 0 - CUDA_VISIBLE_DEVICES: [0]
[I 2023-12-15 15:28:07,339] Trial 47 finished with value: 264.588623046875 and parameters: {'gradient_clip_val': 0.5060491299284402, 'hidden_size': 7, 'dropout': 0.11434555647080073, 'hidden_continuous_size': 6, 'attention_head_size': 2, 'learning_rate': 0.013740318459369467}. Best is trial 46 with value: 119.97310638427734.
LOCAL_RANK: 0 - CUDA_VISIBLE_DEVICES: [0]
[I 2023-12-15 15:28:53,173] Trial 48 finished with value: 180.4368896484375 and parameters: {'gradient_clip_val': 0.45867509036617804, 'hidden_size': 9, 'dropout': 0.15995661575749145, 'hidden_continuous_size': 6, 'attention_head_size': 3, 'learning_rate': 0.005696662321827533}. Best is trial 46 with value: 119.97310638427734.
LOCAL_RANK: 0 - CUDA_VISIBLE_DEVICES: [0]
[I 2023-12-15 15:29:39,017] Trial 49 finished with value: 196.9803009033203 and parameters: {'gradient_clip_val': 0.3845674483745747, 'hidden_size': 16, 'dropout': 0.1302265813050759, 'hidden_continuous_size': 13, 'attention_head_size': 2, 'learning_rate': 0.004284562059013543}. Best is trial 46 with value: 119.97310638427734.
[I 2023-12-15 15:29:39,115] A new study created in memory with name: no-name-6fc4f4ab-2d47-492a-8e76-372466ae61a2
/home/le004/conda/anaconda3/envs/tsff_env/lib/python3.9/site-packages/lightning/fabric/plugins/environments/slurm.py:191: The `srun` command is available on your system but is not used. HINT: If your intention is to run Lightning on SLURM, prepend your python command with `srun` like so: srun python /home/le004/master_thesis/git/TSFusionForecast/code/ ...
LOCAL_RANK: 0 - CUDA_VISIBLE_DEVICES: [0]
[I 2023-12-15 15:30:25,359] Trial 0 finished with value: 1.8868480920791626 and parameters: {'gradient_clip_val': 0.1423014718055356, 'hidden_size': 14, 'dropout': 0.36288971970476114, 'hidden_continuous_size': 5, 'attention_head_size': 4, 'learning_rate': 0.000957785028779999}. Best is trial 0 with value: 1.8868480920791626.
LOCAL_RANK: 0 - CUDA_VISIBLE_DEVICES: [0]
[I 2023-12-15 15:31:15,273] Trial 1 finished with value: 0.12183519452810287 and parameters: {'gradient_clip_val': 0.46231573873729964, 'hidden_size': 33, 'dropout': 0.3327991608742043, 'hidden_continuous_size': 7, 'attention_head_size': 4, 'learning_rate': 0.003159166930018712}. Best is trial 1 with value: 0.12183519452810287.
LOCAL_RANK: 0 - CUDA_VISIBLE_DEVICES: [0]
[I 2023-12-15 15:32:08,191] Trial 2 finished with value: 0.1023232638835907 and parameters: {'gradient_clip_val': 0.4752898526387196, 'hidden_size': 70, 'dropout': 0.16342472253546028, 'hidden_continuous_size': 13, 'attention_head_size': 1, 'learning_rate': 0.03196466516878915}. Best is trial 2 with value: 0.1023232638835907.
LOCAL_RANK: 0 - CUDA_VISIBLE_DEVICES: [0]
[I 2023-12-15 15:32:43,251] Trial 3 finished with value: 0.13924576342105865 and parameters: {'gradient_clip_val': 0.7252783909441678, 'hidden_size': 5, 'dropout': 0.3747112664707687, 'hidden_continuous_size': 5, 'attention_head_size': 4, 'learning_rate': 0.01398719188818507}. Best is trial 2 with value: 0.1023232638835907.
LOCAL_RANK: 0 - CUDA_VISIBLE_DEVICES: [0]
[I 2023-12-15 15:33:33,565] Trial 4 finished with value: 0.06953340768814087 and parameters: {'gradient_clip_val': 0.15655111142020794, 'hidden_size': 41, 'dropout': 0.2220354101435179, 'hidden_continuous_size': 7, 'attention_head_size': 2, 'learning_rate': 0.00840055617417505}. Best is trial 4 with value: 0.06953340768814087.
LOCAL_RANK: 0 - CUDA_VISIBLE_DEVICES: [0]
[I 2023-12-15 15:34:26,580] Trial 5 finished with value: 0.11217746883630753 and parameters: {'gradient_clip_val': 0.1283129017597202, 'hidden_size': 51, 'dropout': 0.2462389565698599, 'hidden_continuous_size': 10, 'attention_head_size': 2, 'learning_rate': 0.01961789588670586}. Best is trial 4 with value: 0.06953340768814087.
LOCAL_RANK: 0 - CUDA_VISIBLE_DEVICES: [0]
[I 2023-12-15 15:35:12,402] Trial 6 finished with value: 0.12858939170837402 and parameters: {'gradient_clip_val': 0.12182409547041584, 'hidden_size': 9, 'dropout': 0.2952929425442531, 'hidden_continuous_size': 5, 'attention_head_size': 3, 'learning_rate': 0.026250886368436893}. Best is trial 4 with value: 0.06953340768814087.
LOCAL_RANK: 0 - CUDA_VISIBLE_DEVICES: [0]
[I 2023-12-15 15:35:57,495] Trial 7 finished with value: 0.08572032302618027 and parameters: {'gradient_clip_val': 0.49852097745967305, 'hidden_size': 12, 'dropout': 0.2385684185643408, 'hidden_continuous_size': 6, 'attention_head_size': 4, 'learning_rate': 0.029351499037067297}. Best is trial 4 with value: 0.06953340768814087.
LOCAL_RANK: 0 - CUDA_VISIBLE_DEVICES: [0]
[I 2023-12-15 15:36:30,795] Trial 8 finished with value: 2.0404515266418457 and parameters: {'gradient_clip_val': 0.1024420508629723, 'hidden_size': 5, 'dropout': 0.18922697518526893, 'hidden_continuous_size': 5, 'attention_head_size': 1, 'learning_rate': 0.0009001912572892677}. Best is trial 4 with value: 0.06953340768814087.
LOCAL_RANK: 0 - CUDA_VISIBLE_DEVICES: [0]
[I 2023-12-15 15:37:15,642] Trial 9 finished with value: 0.1067991554737091 and parameters: {'gradient_clip_val': 0.10289033129543286, 'hidden_size': 8, 'dropout': 0.14824994750161882, 'hidden_continuous_size': 5, 'attention_head_size': 4, 'learning_rate': 0.017499181710540365}. Best is trial 4 with value: 0.06953340768814087.
LOCAL_RANK: 0 - CUDA_VISIBLE_DEVICES: [0]
[I 2023-12-15 15:38:10,204] Trial 10 finished with value: 0.1603769063949585 and parameters: {'gradient_clip_val': 0.2149363359118806, 'hidden_size': 96, 'dropout': 0.10607875561726543, 'hidden_continuous_size': 35, 'attention_head_size': 2, 'learning_rate': 0.06939231233168572}. Best is trial 4 with value: 0.06953340768814087.
LOCAL_RANK: 0 - CUDA_VISIBLE_DEVICES: [0]
[I 2023-12-15 15:38:59,494] Trial 11 finished with value: 0.0879589319229126 and parameters: {'gradient_clip_val': 0.23717229213676078, 'hidden_size': 25, 'dropout': 0.2362589423870717, 'hidden_continuous_size': 8, 'attention_head_size': 3, 'learning_rate': 0.0062071204234876555}. Best is trial 4 with value: 0.06953340768814087.
LOCAL_RANK: 0 - CUDA_VISIBLE_DEVICES: [0]
[I 2023-12-15 15:39:45,660] Trial 12 finished with value: 0.09439336508512497 and parameters: {'gradient_clip_val': 0.9524314388586028, 'hidden_size': 17, 'dropout': 0.21356078307135395, 'hidden_continuous_size': 7, 'attention_head_size': 2, 'learning_rate': 0.09583160808575251}. Best is trial 4 with value: 0.06953340768814087.
LOCAL_RANK: 0 - CUDA_VISIBLE_DEVICES: [0]
[I 2023-12-15 15:40:35,700] Trial 13 finished with value: 0.13036487996578217 and parameters: {'gradient_clip_val': 0.3464468874005472, 'hidden_size': 33, 'dropout': 0.2797904376080114, 'hidden_continuous_size': 12, 'attention_head_size': 3, 'learning_rate': 0.007014615086499151}. Best is trial 4 with value: 0.06953340768814087.
LOCAL_RANK: 0 - CUDA_VISIBLE_DEVICES: [0]
[I 2023-12-15 15:41:28,186] Trial 14 finished with value: 0.08539822697639465 and parameters: {'gradient_clip_val': 0.1888400994468097, 'hidden_size': 42, 'dropout': 0.27942676802706073, 'hidden_continuous_size': 19, 'attention_head_size': 2, 'learning_rate': 0.04802091400609381}. Best is trial 4 with value: 0.06953340768814087.
LOCAL_RANK: 0 - CUDA_VISIBLE_DEVICES: [0]
[I 2023-12-15 15:42:21,066] Trial 15 finished with value: 0.08904992789030075 and parameters: {'gradient_clip_val': 0.18237850957351714, 'hidden_size': 49, 'dropout': 0.2770310667709636, 'hidden_continuous_size': 19, 'attention_head_size': 2, 'learning_rate': 0.052565746982287886}. Best is trial 4 with value: 0.06953340768814087.
LOCAL_RANK: 0 - CUDA_VISIBLE_DEVICES: [0]
[I 2023-12-15 15:43:09,669] Trial 16 finished with value: 0.1009979248046875 and parameters: {'gradient_clip_val': 0.16657094271418973, 'hidden_size': 26, 'dropout': 0.319386727188582, 'hidden_continuous_size': 16, 'attention_head_size': 1, 'learning_rate': 0.053231657582556324}. Best is trial 4 with value: 0.06953340768814087.
LOCAL_RANK: 0 - CUDA_VISIBLE_DEVICES: [0]
[I 2023-12-15 15:44:02,091] Trial 17 finished with value: 0.07378055900335312 and parameters: {'gradient_clip_val': 0.25319351926277517, 'hidden_size': 42, 'dropout': 0.21133008780786364, 'hidden_continuous_size': 21, 'attention_head_size': 2, 'learning_rate': 0.009904168720273767}. Best is trial 4 with value: 0.06953340768814087.
LOCAL_RANK: 0 - CUDA_VISIBLE_DEVICES: [0]
[I 2023-12-15 15:44:51,074] Trial 18 finished with value: 0.10835406929254532 and parameters: {'gradient_clip_val': 0.2578963021909301, 'hidden_size': 21, 'dropout': 0.21078594723394775, 'hidden_continuous_size': 9, 'attention_head_size': 3, 'learning_rate': 0.010635775475929542}. Best is trial 4 with value: 0.06953340768814087.
LOCAL_RANK: 0 - CUDA_VISIBLE_DEVICES: [0]
[I 2023-12-15 15:45:43,961] Trial 19 finished with value: 0.09906593710184097 and parameters: {'gradient_clip_val': 0.2961911029636413, 'hidden_size': 63, 'dropout': 0.1871263480015201, 'hidden_continuous_size': 26, 'attention_head_size': 1, 'learning_rate': 0.00439970545250621}. Best is trial 4 with value: 0.06953340768814087.
LOCAL_RANK: 0 - CUDA_VISIBLE_DEVICES: [0]
[I 2023-12-15 15:46:34,566] Trial 20 finished with value: 0.1443512886762619 and parameters: {'gradient_clip_val': 0.15591131625183605, 'hidden_size': 40, 'dropout': 0.2581133711507141, 'hidden_continuous_size': 11, 'attention_head_size': 2, 'learning_rate': 0.002780168773348731}. Best is trial 4 with value: 0.06953340768814087.
LOCAL_RANK: 0 - CUDA_VISIBLE_DEVICES: [0]
[I 2023-12-15 15:47:25,550] Trial 21 finished with value: 0.13323915004730225 and parameters: {'gradient_clip_val': 0.21748744564515218, 'hidden_size': 36, 'dropout': 0.25771527933561705, 'hidden_continuous_size': 19, 'attention_head_size': 2, 'learning_rate': 0.010397472107976983}. Best is trial 4 with value: 0.06953340768814087.
LOCAL_RANK: 0 - CUDA_VISIBLE_DEVICES: [0]
[I 2023-12-15 15:48:18,127] Trial 22 finished with value: 0.09335684031248093 and parameters: {'gradient_clip_val': 0.18580222483802794, 'hidden_size': 49, 'dropout': 0.21315418648209616, 'hidden_continuous_size': 15, 'attention_head_size': 2, 'learning_rate': 0.009806919107532897}. Best is trial 4 with value: 0.06953340768814087.
LOCAL_RANK: 0 - CUDA_VISIBLE_DEVICES: [0]
[I 2023-12-15 15:49:06,047] Trial 23 finished with value: 0.12290742248296738 and parameters: {'gradient_clip_val': 0.19635757403292048, 'hidden_size': 28, 'dropout': 0.29328306702574364, 'hidden_continuous_size': 10, 'attention_head_size': 2, 'learning_rate': 0.04102333077585836}. Best is trial 4 with value: 0.06953340768814087.
LOCAL_RANK: 0 - CUDA_VISIBLE_DEVICES: [0]
[I 2023-12-15 15:49:59,336] Trial 24 finished with value: 0.08703992515802383 and parameters: {'gradient_clip_val': 0.15037687934419688, 'hidden_size': 46, 'dropout': 0.39923959082970684, 'hidden_continuous_size': 24, 'attention_head_size': 3, 'learning_rate': 0.019172941948073046}. Best is trial 4 with value: 0.06953340768814087.
LOCAL_RANK: 0 - CUDA_VISIBLE_DEVICES: [0]
[I 2023-12-15 15:50:53,309] Trial 25 finished with value: 0.09926287084817886 and parameters: {'gradient_clip_val': 0.2705339230152364, 'hidden_size': 63, 'dropout': 0.2285867309855232, 'hidden_continuous_size': 50, 'attention_head_size': 1, 'learning_rate': 0.024372697947126796}. Best is trial 4 with value: 0.06953340768814087.
LOCAL_RANK: 0 - CUDA_VISIBLE_DEVICES: [0]
[I 2023-12-15 15:51:45,395] Trial 26 finished with value: 0.10746249556541443 and parameters: {'gradient_clip_val': 0.17407211144622645, 'hidden_size': 42, 'dropout': 0.2579090866159192, 'hidden_continuous_size': 14, 'attention_head_size': 2, 'learning_rate': 0.09440810036839621}. Best is trial 4 with value: 0.06953340768814087.
LOCAL_RANK: 0 - CUDA_VISIBLE_DEVICES: [0]
[I 2023-12-15 15:52:35,330] Trial 27 finished with value: 0.12091489881277084 and parameters: {'gradient_clip_val': 0.2219472507752492, 'hidden_size': 31, 'dropout': 0.19462007039478949, 'hidden_continuous_size': 12, 'attention_head_size': 3, 'learning_rate': 0.013996980560345158}. Best is trial 4 with value: 0.06953340768814087.
LOCAL_RANK: 0 - CUDA_VISIBLE_DEVICES: [0]
[I 2023-12-15 15:53:23,761] Trial 28 finished with value: 0.12744265794754028 and parameters: {'gradient_clip_val': 0.3458354048638824, 'hidden_size': 22, 'dropout': 0.22844314684107656, 'hidden_continuous_size': 8, 'attention_head_size': 2, 'learning_rate': 0.04750997710179575}. Best is trial 4 with value: 0.06953340768814087.
LOCAL_RANK: 0 - CUDA_VISIBLE_DEVICES: [0]
[I 2023-12-15 15:54:15,633] Trial 29 finished with value: 0.09039095789194107 and parameters: {'gradient_clip_val': 0.13565286107067562, 'hidden_size': 38, 'dropout': 0.3122818978344349, 'hidden_continuous_size': 17, 'attention_head_size': 1, 'learning_rate': 0.0017247862793239067}. Best is trial 4 with value: 0.06953340768814087.
LOCAL_RANK: 0 - CUDA_VISIBLE_DEVICES: [0]
[I 2023-12-15 15:55:12,188] Trial 30 finished with value: 0.10911715030670166 and parameters: {'gradient_clip_val': 0.15081004894669128, 'hidden_size': 88, 'dropout': 0.28233239998796306, 'hidden_continuous_size': 84, 'attention_head_size': 2, 'learning_rate': 0.004700502293783824}. Best is trial 4 with value: 0.06953340768814087.
LOCAL_RANK: 0 - CUDA_VISIBLE_DEVICES: [0]
[I 2023-12-15 15:55:59,700] Trial 31 finished with value: 0.22395728528499603 and parameters: {'gradient_clip_val': 0.19825020530638307, 'hidden_size': 19, 'dropout': 0.23915085959976728, 'hidden_continuous_size': 6, 'attention_head_size': 4, 'learning_rate': 0.03518223304261007}. Best is trial 4 with value: 0.06953340768814087.
LOCAL_RANK: 0 - CUDA_VISIBLE_DEVICES: [0]
[I 2023-12-15 15:56:45,624] Trial 32 finished with value: 0.09117015451192856 and parameters: {'gradient_clip_val': 0.28254130717055514, 'hidden_size': 15, 'dropout': 0.2611770996764506, 'hidden_continuous_size': 6, 'attention_head_size': 3, 'learning_rate': 0.02865314247828311}. Best is trial 4 with value: 0.06953340768814087.
LOCAL_RANK: 0 - CUDA_VISIBLE_DEVICES: [0]
[I 2023-12-15 15:57:35,491] Trial 33 finished with value: 0.09138058871030807 and parameters: {'gradient_clip_val': 0.4123153787565983, 'hidden_size': 34, 'dropout': 0.348398086407731, 'hidden_continuous_size': 6, 'attention_head_size': 4, 'learning_rate': 0.0348623682130008}. Best is trial 4 with value: 0.06953340768814087.
LOCAL_RANK: 0 - CUDA_VISIBLE_DEVICES: [0]
[I 2023-12-15 15:58:24,206] Trial 34 finished with value: 0.1092832013964653 and parameters: {'gradient_clip_val': 0.2353179341363653, 'hidden_size': 29, 'dropout': 0.22675351980444433, 'hidden_continuous_size': 7, 'attention_head_size': 2, 'learning_rate': 0.023119811267177166}. Best is trial 4 with value: 0.06953340768814087.
LOCAL_RANK: 0 - CUDA_VISIBLE_DEVICES: [0]
[I 2023-12-15 15:59:17,378] Trial 35 finished with value: 0.1071007251739502 and parameters: {'gradient_clip_val': 0.5245189354877089, 'hidden_size': 58, 'dropout': 0.2531409267420689, 'hidden_continuous_size': 13, 'attention_head_size': 2, 'learning_rate': 0.009452335538110247}. Best is trial 4 with value: 0.06953340768814087.
LOCAL_RANK: 0 - CUDA_VISIBLE_DEVICES: [0]
[I 2023-12-15 16:00:10,977] Trial 36 finished with value: 0.10663924366235733 and parameters: {'gradient_clip_val': 0.3274988314943678, 'hidden_size': 78, 'dropout': 0.27133003623665464, 'hidden_continuous_size': 9, 'attention_head_size': 3, 'learning_rate': 0.015416974696910224}. Best is trial 4 with value: 0.06953340768814087.
LOCAL_RANK: 0 - CUDA_VISIBLE_DEVICES: [0]
[I 2023-12-15 16:01:04,722] Trial 37 finished with value: 0.12506291270256042 and parameters: {'gradient_clip_val': 0.24956151307597996, 'hidden_size': 55, 'dropout': 0.24182314672227512, 'hidden_continuous_size': 11, 'attention_head_size': 4, 'learning_rate': 0.02825866550995044}. Best is trial 4 with value: 0.06953340768814087.
LOCAL_RANK: 0 - CUDA_VISIBLE_DEVICES: [0]
[I 2023-12-15 16:01:54,662] Trial 38 finished with value: 0.08079028129577637 and parameters: {'gradient_clip_val': 0.12342996277948987, 'hidden_size': 43, 'dropout': 0.30948838709331805, 'hidden_continuous_size': 6, 'attention_head_size': 1, 'learning_rate': 0.019038616251402702}. Best is trial 4 with value: 0.06953340768814087.
LOCAL_RANK: 0 - CUDA_VISIBLE_DEVICES: [0]
[I 2023-12-15 16:02:42,242] Trial 39 finished with value: 0.1390364021062851 and parameters: {'gradient_clip_val': 0.12320694377693904, 'hidden_size': 40, 'dropout': 0.31171092536507133, 'hidden_continuous_size': 5, 'attention_head_size': 1, 'learning_rate': 0.019731938571142398}. Best is trial 4 with value: 0.06953340768814087.
LOCAL_RANK: 0 - CUDA_VISIBLE_DEVICES: [0]
[I 2023-12-15 16:03:35,663] Trial 40 finished with value: 0.12001017481088638 and parameters: {'gradient_clip_val': 0.13341643164062214, 'hidden_size': 73, 'dropout': 0.33339802759860365, 'hidden_continuous_size': 14, 'attention_head_size': 1, 'learning_rate': 0.01334656994992828}. Best is trial 4 with value: 0.06953340768814087.
LOCAL_RANK: 0 - CUDA_VISIBLE_DEVICES: [0]
[I 2023-12-15 16:04:24,906] Trial 41 finished with value: 0.6706344485282898 and parameters: {'gradient_clip_val': 0.11329978950462535, 'hidden_size': 44, 'dropout': 0.29143017049439063, 'hidden_continuous_size': 6, 'attention_head_size': 1, 'learning_rate': 0.0005240547551851127}. Best is trial 4 with value: 0.06953340768814087.
LOCAL_RANK: 0 - CUDA_VISIBLE_DEVICES: [0]
[I 2023-12-15 16:05:15,576] Trial 42 finished with value: 0.08592628687620163 and parameters: {'gradient_clip_val': 0.1382597791510467, 'hidden_size': 50, 'dropout': 0.2666194392090533, 'hidden_continuous_size': 5, 'attention_head_size': 2, 'learning_rate': 0.021515651308301006}. Best is trial 4 with value: 0.06953340768814087.
LOCAL_RANK: 0 - CUDA_VISIBLE_DEVICES: [0]
[I 2023-12-15 16:05:59,451] Trial 43 finished with value: 0.09747433662414551 and parameters: {'gradient_clip_val': 0.172732809476068, 'hidden_size': 12, 'dropout': 0.3004577896968957, 'hidden_continuous_size': 7, 'attention_head_size': 1, 'learning_rate': 0.01671407920485195}. Best is trial 4 with value: 0.06953340768814087.
LOCAL_RANK: 0 - CUDA_VISIBLE_DEVICES: [0]
[I 2023-12-15 16:06:47,674] Trial 44 finished with value: 0.13353168964385986 and parameters: {'gradient_clip_val': 0.11659734852432245, 'hidden_size': 32, 'dropout': 0.24473236854401995, 'hidden_continuous_size': 8, 'attention_head_size': 2, 'learning_rate': 0.039338602462177456}. Best is trial 4 with value: 0.06953340768814087.
LOCAL_RANK: 0 - CUDA_VISIBLE_DEVICES: [0]
[I 2023-12-15 16:07:40,316] Trial 45 finished with value: 0.07094373553991318 and parameters: {'gradient_clip_val': 0.16125701999037406, 'hidden_size': 56, 'dropout': 0.16236960978656367, 'hidden_continuous_size': 18, 'attention_head_size': 4, 'learning_rate': 0.007810414558278201}. Best is trial 4 with value: 0.06953340768814087.
LOCAL_RANK: 0 - CUDA_VISIBLE_DEVICES: [0]
[I 2023-12-15 16:08:33,818] Trial 46 finished with value: 0.11260008811950684 and parameters: {'gradient_clip_val': 0.16049368026216013, 'hidden_size': 55, 'dropout': 0.16016099116355345, 'hidden_continuous_size': 18, 'attention_head_size': 3, 'learning_rate': 0.008135383803270627}. Best is trial 4 with value: 0.06953340768814087.
LOCAL_RANK: 0 - CUDA_VISIBLE_DEVICES: [0]
[I 2023-12-15 16:09:27,161] Trial 47 finished with value: 0.07251312583684921 and parameters: {'gradient_clip_val': 0.1406492392371252, 'hidden_size': 66, 'dropout': 0.1318850933343401, 'hidden_continuous_size': 21, 'attention_head_size': 2, 'learning_rate': 0.006740784564916231}. Best is trial 4 with value: 0.06953340768814087.
LOCAL_RANK: 0 - CUDA_VISIBLE_DEVICES: [0]
[I 2023-12-15 16:10:20,880] Trial 48 finished with value: 0.09993240982294083 and parameters: {'gradient_clip_val': 0.10286089423521422, 'hidden_size': 69, 'dropout': 0.13660772912102304, 'hidden_continuous_size': 21, 'attention_head_size': 2, 'learning_rate': 0.005985998887401016}. Best is trial 4 with value: 0.06953340768814087.
LOCAL_RANK: 0 - CUDA_VISIBLE_DEVICES: [0]
