[I 2023-12-26 14:35:14,164] Trial 41 finished with value: 2.560682773590088 and parameters: {'gradient_clip_val': 0.12046823708518424, 'hidden_size': 101, 'dropout': 0.17834560999210924, 'hidden_continuous_size': 62, 'attention_head_size': 3, 'learning_rate': 0.09849356505972925}. Best is trial 0 with value: 0.3919130265712738.
[I 2023-12-26 14:35:22,010] Trial 42 finished with value: 3.9488916397094727 and parameters: {'gradient_clip_val': 0.11473693666364666, 'hidden_size': 91, 'dropout': 0.17794576558197733, 'hidden_continuous_size': 58, 'attention_head_size': 3, 'learning_rate': 0.07938143055197017}. Best is trial 0 with value: 0.3919130265712738.
[I 2023-12-26 14:35:32,731] Trial 43 finished with value: 3.079702377319336 and parameters: {'gradient_clip_val': 0.11523794853325353, 'hidden_size': 128, 'dropout': 0.22292882996121585, 'hidden_continuous_size': 85, 'attention_head_size': 3, 'learning_rate': 0.07571986522446573}. Best is trial 0 with value: 0.3919130265712738.
[I 2023-12-26 14:35:43,657] Trial 44 finished with value: 3.5376317501068115 and parameters: {'gradient_clip_val': 0.11506186644588202, 'hidden_size': 127, 'dropout': 0.23458722159750822, 'hidden_continuous_size': 89, 'attention_head_size': 3, 'learning_rate': 0.04753683701056236}. Best is trial 0 with value: 0.3919130265712738.
[I 2023-12-26 14:35:54,695] Trial 45 finished with value: 3.611011266708374 and parameters: {'gradient_clip_val': 0.10050733489025387, 'hidden_size': 124, 'dropout': 0.2377095428270537, 'hidden_continuous_size': 95, 'attention_head_size': 2, 'learning_rate': 0.032455845816424404}. Best is trial 0 with value: 0.3919130265712738.
[I 2023-12-26 14:36:04,382] Trial 46 finished with value: 4.487412452697754 and parameters: {'gradient_clip_val': 0.11713303182168666, 'hidden_size': 107, 'dropout': 0.26958714930127914, 'hidden_continuous_size': 85, 'attention_head_size': 3, 'learning_rate': 0.08323158476497783}. Best is trial 0 with value: 0.3919130265712738.
[I 2023-12-26 14:36:16,212] Trial 47 finished with value: 5.025089740753174 and parameters: {'gradient_clip_val': 0.11479834413252488, 'hidden_size': 130, 'dropout': 0.22879913883692057, 'hidden_continuous_size': 129, 'attention_head_size': 3, 'learning_rate': 0.04009502769759297}. Best is trial 0 with value: 0.3919130265712738.
[I 2023-12-26 14:36:25,117] Trial 48 finished with value: 4.736972808837891 and parameters: {'gradient_clip_val': 0.14053445529537473, 'hidden_size': 101, 'dropout': 0.25873891114190395, 'hidden_continuous_size': 69, 'attention_head_size': 2, 'learning_rate': 0.04840780575297918}. Best is trial 0 with value: 0.3919130265712738.
[I 2023-12-26 14:36:29,464] Trial 49 finished with value: 4.786748886108398 and parameters: {'gradient_clip_val': 0.18150942548411056, 'hidden_size': 44, 'dropout': 0.21266138219093636, 'hidden_continuous_size': 37, 'attention_head_size': 3, 'learning_rate': 0.024356672492665855}. Best is trial 0 with value: 0.3919130265712738.
[I 2023-12-26 14:36:29,604] A new study created in memory with name: no-name-a58e77cc-090b-40b3-a6f7-e5be50519583
/home/le004/conda/anaconda3/envs/tsff_env/lib/python3.9/site-packages/lightning/fabric/plugins/environments/slurm.py:191: The `srun` command is available on your system but is not used. HINT: If your intention is to run Lightning on SLURM, prepend your python command with `srun` like so: srun python /home/le004/master_thesis/git/TSFusionForecast/code/ ...
[I 2023-12-26 14:51:10,511] Trial 0 finished with value: 0.028573324903845787 and parameters: {'gradient_clip_val': 0.4223708872477681, 'hidden_size': 74, 'dropout': 0.3786036300547829, 'hidden_continuous_size': 36, 'attention_head_size': 3, 'learning_rate': 0.04241694054918611}. Best is trial 0 with value: 0.028573324903845787.
[I 2023-12-26 14:51:12,682] Trial 1 finished with value: 2.209686517715454 and parameters: {'gradient_clip_val': 0.34716552013087665, 'hidden_size': 11, 'dropout': 0.16157721180060733, 'hidden_continuous_size': 8, 'attention_head_size': 4, 'learning_rate': 0.06871781907994788}. Best is trial 0 with value: 0.028573324903845787.
[I 2023-12-26 14:51:15,615] Trial 2 finished with value: 1.4216867685317993 and parameters: {'gradient_clip_val': 0.24493013705780975, 'hidden_size': 36, 'dropout': 0.43177637545332725, 'hidden_continuous_size': 36, 'attention_head_size': 3, 'learning_rate': 0.058271529794077584}. Best is trial 0 with value: 0.028573324903845787.
[I 2023-12-26 14:51:17,540] Trial 3 finished with value: 2.0728728771209717 and parameters: {'gradient_clip_val': 0.24239551050172214, 'hidden_size': 8, 'dropout': 0.3003603552573417, 'hidden_continuous_size': 6, 'attention_head_size': 1, 'learning_rate': 0.010026116883429791}. Best is trial 0 with value: 0.028573324903845787.
[I 2023-12-26 14:51:21,058] Trial 4 finished with value: 1.8040862083435059 and parameters: {'gradient_clip_val': 0.7720352974927848, 'hidden_size': 48, 'dropout': 0.21641350659213693, 'hidden_continuous_size': 19, 'attention_head_size': 3, 'learning_rate': 0.00348300749425419}. Best is trial 0 with value: 0.028573324903845787.
[I 2023-12-26 14:51:23,941] Trial 5 finished with value: 1.8864827156066895 and parameters: {'gradient_clip_val': 0.6231278500378705, 'hidden_size': 32, 'dropout': 0.2437308155692991, 'hidden_continuous_size': 15, 'attention_head_size': 1, 'learning_rate': 0.0006187276274440921}. Best is trial 0 with value: 0.028573324903845787.
[I 2023-12-26 14:51:28,614] Trial 6 finished with value: 1.7749418020248413 and parameters: {'gradient_clip_val': 0.11793237665313319, 'hidden_size': 68, 'dropout': 0.1418844865545543, 'hidden_continuous_size': 5, 'attention_head_size': 1, 'learning_rate': 0.08565950927391563}. Best is trial 0 with value: 0.028573324903845787.
[I 2023-12-26 14:51:31,715] Trial 7 finished with value: 1.902452826499939 and parameters: {'gradient_clip_val': 0.1564303297280862, 'hidden_size': 38, 'dropout': 0.11865026932729915, 'hidden_continuous_size': 17, 'attention_head_size': 3, 'learning_rate': 0.000795139294434708}. Best is trial 0 with value: 0.028573324903845787.
[I 2023-12-26 14:51:33,787] Trial 8 finished with value: 2.361692190170288 and parameters: {'gradient_clip_val': 0.30997884509150064, 'hidden_size': 9, 'dropout': 0.17633309427513036, 'hidden_continuous_size': 5, 'attention_head_size': 3, 'learning_rate': 0.004388627273005276}. Best is trial 0 with value: 0.028573324903845787.
[I 2023-12-26 14:51:36,035] Trial 9 finished with value: 2.2569005489349365 and parameters: {'gradient_clip_val': 0.24738320292323687, 'hidden_size': 18, 'dropout': 0.2928208737938608, 'hidden_continuous_size': 13, 'attention_head_size': 2, 'learning_rate': 0.09848446020042262}. Best is trial 0 with value: 0.028573324903845787.
[I 2023-12-26 14:51:44,913] Trial 10 finished with value: 1.5256476402282715 and parameters: {'gradient_clip_val': 0.4955159160431559, 'hidden_size': 125, 'dropout': 0.4934457810344388, 'hidden_continuous_size': 93, 'attention_head_size': 4, 'learning_rate': 0.027897205236968387}. Best is trial 0 with value: 0.028573324903845787.
[I 2023-12-26 14:51:49,441] Trial 11 finished with value: 1.8030701875686646 and parameters: {'gradient_clip_val': 0.4237810059262739, 'hidden_size': 80, 'dropout': 0.42481560730521145, 'hidden_continuous_size': 35, 'attention_head_size': 2, 'learning_rate': 0.03608882012603669}. Best is trial 0 with value: 0.028573324903845787.
[I 2023-12-26 14:51:51,810] Trial 12 finished with value: 1.8576186895370483 and parameters: {'gradient_clip_val': 0.5266972761867232, 'hidden_size': 22, 'dropout': 0.3866381390862923, 'hidden_continuous_size': 21, 'attention_head_size': 3, 'learning_rate': 0.024706505574236787}. Best is trial 0 with value: 0.028573324903845787.
[I 2023-12-26 14:52:01,408] Trial 13 finished with value: 1.8886018991470337 and parameters: {'gradient_clip_val': 0.22041005595932261, 'hidden_size': 134, 'dropout': 0.3725611153616268, 'hidden_continuous_size': 44, 'attention_head_size': 4, 'learning_rate': 0.013755787026778366}. Best is trial 0 with value: 0.028573324903845787.
[I 2023-12-26 14:52:06,216] Trial 14 finished with value: 1.9962595701217651 and parameters: {'gradient_clip_val': 0.3524450788667616, 'hidden_size': 53, 'dropout': 0.46711009618882743, 'hidden_continuous_size': 29, 'attention_head_size': 2, 'learning_rate': 0.03158320322504427}. Best is trial 0 with value: 0.028573324903845787.
[I 2023-12-26 14:52:08,865] Trial 15 finished with value: 2.038593292236328 and parameters: {'gradient_clip_val': 0.8060683491822507, 'hidden_size': 26, 'dropout': 0.43034086369634816, 'hidden_continuous_size': 9, 'attention_head_size': 3, 'learning_rate': 0.051919022659928135}. Best is trial 0 with value: 0.028573324903845787.
[I 2023-12-26 14:52:15,682] Trial 16 finished with value: 2.1353368759155273 and parameters: {'gradient_clip_val': 0.2116783500254866, 'hidden_size': 92, 'dropout': 0.3416071590191391, 'hidden_continuous_size': 55, 'attention_head_size': 2, 'learning_rate': 0.016917948218135904}. Best is trial 0 with value: 0.028573324903845787.
[I 2023-12-26 14:52:20,774] Trial 17 finished with value: 2.616760015487671 and parameters: {'gradient_clip_val': 0.9780954217551743, 'hidden_size': 46, 'dropout': 0.43864465155614196, 'hidden_continuous_size': 24, 'attention_head_size': 4, 'learning_rate': 0.043101169664771025}. Best is trial 0 with value: 0.028573324903845787.
[I 2023-12-26 14:52:22,928] Trial 18 finished with value: 2.472576379776001 and parameters: {'gradient_clip_val': 0.29815246170948184, 'hidden_size': 5, 'dropout': 0.4003654970450127, 'hidden_continuous_size': 5, 'attention_head_size': 3, 'learning_rate': 0.06460519964325873}. Best is trial 0 with value: 0.028573324903845787.
[I 2023-12-26 14:52:27,636] Trial 19 finished with value: 1.7092982530593872 and parameters: {'gradient_clip_val': 0.1803344369330342, 'hidden_size': 62, 'dropout': 0.34747879116065716, 'hidden_continuous_size': 27, 'attention_head_size': 2, 'learning_rate': 0.019576902299263482}. Best is trial 0 with value: 0.028573324903845787.
[I 2023-12-26 14:52:31,292] Trial 20 finished with value: 1.6864714622497559 and parameters: {'gradient_clip_val': 0.4249758374677707, 'hidden_size': 35, 'dropout': 0.48504289351956953, 'hidden_continuous_size': 16, 'attention_head_size': 4, 'learning_rate': 0.04844375872397989}. Best is trial 0 with value: 0.028573324903845787.
[I 2023-12-26 14:52:42,969] Trial 21 finished with value: 2.003619432449341 and parameters: {'gradient_clip_val': 0.4844614796142719, 'hidden_size': 133, 'dropout': 0.4998132775458186, 'hidden_continuous_size': 103, 'attention_head_size': 4, 'learning_rate': 0.03036724605951001}. Best is trial 0 with value: 0.028573324903845787.
[I 2023-12-26 14:52:51,123] Trial 22 finished with value: 2.218357563018799 and parameters: {'gradient_clip_val': 0.5821667986474909, 'hidden_size': 101, 'dropout': 0.4550096414087694, 'hidden_continuous_size': 60, 'attention_head_size': 4, 'learning_rate': 0.027767962857807922}. Best is trial 0 with value: 0.028573324903845787.
[I 2023-12-26 14:52:59,363] Trial 23 finished with value: 1.330357551574707 and parameters: {'gradient_clip_val': 0.4096719266486158, 'hidden_size': 104, 'dropout': 0.46708602394828785, 'hidden_continuous_size': 102, 'attention_head_size': 3, 'learning_rate': 0.09897805035713407}. Best is trial 0 with value: 0.028573324903845787.
[I 2023-12-26 14:53:05,111] Trial 24 finished with value: 1.933956265449524 and parameters: {'gradient_clip_val': 0.400805630044775, 'hidden_size': 72, 'dropout': 0.412750335542906, 'hidden_continuous_size': 39, 'attention_head_size': 3, 'learning_rate': 0.08518064483163011}. Best is trial 0 with value: 0.028573324903845787.
[I 2023-12-26 14:53:12,251] Trial 25 finished with value: 1.599515438079834 and parameters: {'gradient_clip_val': 0.28588287415070107, 'hidden_size': 93, 'dropout': 0.4334809937904331, 'hidden_continuous_size': 63, 'attention_head_size': 3, 'learning_rate': 0.06145121967469249}. Best is trial 0 with value: 0.028573324903845787.
[I 2023-12-26 14:53:16,634] Trial 26 finished with value: 2.0518276691436768 and parameters: {'gradient_clip_val': 0.35127759446484075, 'hidden_size': 62, 'dropout': 0.4607558700482212, 'hidden_continuous_size': 25, 'attention_head_size': 3, 'learning_rate': 0.04857503219880665}. Best is trial 0 with value: 0.028573324903845787.
[I 2023-12-26 14:53:24,973] Trial 27 finished with value: 1.3416004180908203 and parameters: {'gradient_clip_val': 0.27441924248537897, 'hidden_size': 107, 'dropout': 0.4045383372760248, 'hidden_continuous_size': 81, 'attention_head_size': 2, 'learning_rate': 0.0928340612134411}. Best is trial 0 with value: 0.028573324903845787.
[I 2023-12-26 14:53:33,888] Trial 28 finished with value: 1.3535784482955933 and parameters: {'gradient_clip_val': 0.42401492111722167, 'hidden_size': 108, 'dropout': 0.38475038377180737, 'hidden_continuous_size': 82, 'attention_head_size': 2, 'learning_rate': 0.08471464211266015}. Best is trial 0 with value: 0.028573324903845787.
[I 2023-12-26 14:53:40,482] Trial 29 finished with value: 1.1912587881088257 and parameters: {'gradient_clip_val': 0.3692017402901033, 'hidden_size': 83, 'dropout': 0.40766743838168135, 'hidden_continuous_size': 67, 'attention_head_size': 2, 'learning_rate': 0.0983534840347068}. Best is trial 0 with value: 0.028573324903845787.
[I 2023-12-26 14:53:53,143] Trial 30 finished with value: 1.1015981435775757 and parameters: {'gradient_clip_val': 0.35361955800679845, 'hidden_size': 145, 'dropout': 0.4633480801259278, 'hidden_continuous_size': 139, 'attention_head_size': 2, 'learning_rate': 0.06960179578050851}. Best is trial 0 with value: 0.028573324903845787.
[I 2023-12-26 14:54:02,993] Trial 31 finished with value: 1.4324350357055664 and parameters: {'gradient_clip_val': 0.36642282471651494, 'hidden_size': 134, 'dropout': 0.4660371757739618, 'hidden_continuous_size': 119, 'attention_head_size': 2, 'learning_rate': 0.07107694600949237}. Best is trial 0 with value: 0.028573324903845787.
[I 2023-12-26 14:54:09,635] Trial 32 finished with value: 2.6898250579833984 and parameters: {'gradient_clip_val': 0.32515082970274845, 'hidden_size': 85, 'dropout': 0.44735343637563263, 'hidden_continuous_size': 68, 'attention_head_size': 2, 'learning_rate': 0.06524939258831715}. Best is trial 0 with value: 0.028573324903845787.
[I 2023-12-26 14:54:21,685] Trial 33 finished with value: 1.039300799369812 and parameters: {'gradient_clip_val': 0.3752891263161137, 'hidden_size': 150, 'dropout': 0.47325666136090566, 'hidden_continuous_size': 149, 'attention_head_size': 1, 'learning_rate': 0.04049579379354095}. Best is trial 0 with value: 0.028573324903845787.
[I 2023-12-26 14:54:31,687] Trial 34 finished with value: 1.2185007333755493 and parameters: {'gradient_clip_val': 0.3424774680336737, 'hidden_size': 140, 'dropout': 0.4118465781434178, 'hidden_continuous_size': 129, 'attention_head_size': 1, 'learning_rate': 0.040772211142094096}. Best is trial 0 with value: 0.028573324903845787.
[I 2023-12-26 14:54:42,172] Trial 35 finished with value: 1.4742522239685059 and parameters: {'gradient_clip_val': 0.47387223405618817, 'hidden_size': 144, 'dropout': 0.47871126256801444, 'hidden_continuous_size': 132, 'attention_head_size': 1, 'learning_rate': 0.0406739991555193}. Best is trial 0 with value: 0.028573324903845787.
[I 2023-12-26 14:54:48,300] Trial 36 finished with value: 2.3485045433044434 and parameters: {'gradient_clip_val': 0.3675632296641313, 'hidden_size': 74, 'dropout': 0.44708011531450303, 'hidden_continuous_size': 53, 'attention_head_size': 1, 'learning_rate': 0.057068281155428904}. Best is trial 0 with value: 0.028573324903845787.
[I 2023-12-26 14:54:56,546] Trial 37 finished with value: 1.810996651649475 and parameters: {'gradient_clip_val': 0.26576069017740633, 'hidden_size': 115, 'dropout': 0.3613187282877867, 'hidden_continuous_size': 76, 'attention_head_size': 1, 'learning_rate': 0.02032419515871467}. Best is trial 0 with value: 0.028573324903845787.
[I 2023-12-26 14:55:08,210] Trial 38 finished with value: 2.109879732131958 and parameters: {'gradient_clip_val': 0.3055432603614438, 'hidden_size': 146, 'dropout': 0.4214966221455362, 'hidden_continuous_size': 115, 'attention_head_size': 1, 'learning_rate': 0.011743484694945504}. Best is trial 0 with value: 0.028573324903845787.
[I 2023-12-26 14:55:14,941] Trial 39 finished with value: 2.0861587524414062 and parameters: {'gradient_clip_val': 0.6278651327150295, 'hidden_size': 86, 'dropout': 0.3880524797941616, 'hidden_continuous_size': 70, 'attention_head_size': 2, 'learning_rate': 0.07110048698914412}. Best is trial 0 with value: 0.028573324903845787.
[I 2023-12-26 14:55:22,773] Trial 40 finished with value: 1.9478939771652222 and parameters: {'gradient_clip_val': 0.31870532509661575, 'hidden_size': 116, 'dropout': 0.4829881397705328, 'hidden_continuous_size': 93, 'attention_head_size': 1, 'learning_rate': 0.00913204102338506}. Best is trial 0 with value: 0.028573324903845787.
[I 2023-12-26 14:55:30,275] Trial 41 finished with value: 1.583548903465271 and parameters: {'gradient_clip_val': 0.34011440065531395, 'hidden_size': 116, 'dropout': 0.41403103255948037, 'hidden_continuous_size': 90, 'attention_head_size': 1, 'learning_rate': 0.039090221663100395}. Best is trial 0 with value: 0.028573324903845787.
[I 2023-12-26 14:55:35,870] Trial 42 finished with value: 1.932965636253357 and parameters: {'gradient_clip_val': 0.38095920775544984, 'hidden_size': 90, 'dropout': 0.44392685679619437, 'hidden_continuous_size': 72, 'attention_head_size': 1, 'learning_rate': 0.03855415531266091}. Best is trial 0 with value: 0.028573324903845787.
[I 2023-12-26 14:55:46,147] Trial 43 finished with value: 1.0124543905258179 and parameters: {'gradient_clip_val': 0.4467970229870436, 'hidden_size': 148, 'dropout': 0.40467440897098883, 'hidden_continuous_size': 147, 'attention_head_size': 1, 'learning_rate': 0.053661860559900146}. Best is trial 0 with value: 0.028573324903845787.
[I 2023-12-26 14:55:51,102] Trial 44 finished with value: 2.0130414962768555 and parameters: {'gradient_clip_val': 0.48235759800161243, 'hidden_size': 79, 'dropout': 0.3972931556423687, 'hidden_continuous_size': 62, 'attention_head_size': 2, 'learning_rate': 0.05304310916498027}. Best is trial 0 with value: 0.028573324903845787.
[I 2023-12-26 14:56:01,164] Trial 45 finished with value: 1.296074628829956 and parameters: {'gradient_clip_val': 0.44979925368915324, 'hidden_size': 149, 'dropout': 0.3256210235423823, 'hidden_continuous_size': 127, 'attention_head_size': 1, 'learning_rate': 0.023414125432546798}. Best is trial 0 with value: 0.028573324903845787.
[I 2023-12-26 14:56:08,891] Trial 46 finished with value: 1.0296889543533325 and parameters: {'gradient_clip_val': 0.5349660666238106, 'hidden_size': 120, 'dropout': 0.3728961324034016, 'hidden_continuous_size': 104, 'attention_head_size': 2, 'learning_rate': 0.07126620014431932}. Best is trial 0 with value: 0.028573324903845787.
[I 2023-12-26 14:56:17,175] Trial 47 finished with value: 1.1358875036239624 and parameters: {'gradient_clip_val': 0.5657931494229904, 'hidden_size': 124, 'dropout': 0.3027615771361705, 'hidden_continuous_size': 102, 'attention_head_size': 1, 'learning_rate': 0.03378040308576319}. Best is trial 0 with value: 0.028573324903845787.
[I 2023-12-26 14:56:24,999] Trial 48 finished with value: 1.8316525220870972 and parameters: {'gradient_clip_val': 0.5124294515579734, 'hidden_size': 120, 'dropout': 0.37131853733686093, 'hidden_continuous_size': 105, 'attention_head_size': 2, 'learning_rate': 0.07412887319237986}. Best is trial 0 with value: 0.028573324903845787.
[I 2023-12-26 14:56:31,458] Trial 49 finished with value: 2.3122775554656982 and parameters: {'gradient_clip_val': 0.5519436274099506, 'hidden_size': 99, 'dropout': 0.432348326784514, 'hidden_continuous_size': 83, 'attention_head_size': 3, 'learning_rate': 0.05142161967535532}. Best is trial 0 with value: 0.028573324903845787.
[I 2023-12-26 14:56:31,574] A new study created in memory with name: no-name-597b5c89-e351-4e63-95c0-21a8a8d634b2
/home/le004/conda/anaconda3/envs/tsff_env/lib/python3.9/site-packages/lightning/fabric/plugins/environments/slurm.py:191: The `srun` command is available on your system but is not used. HINT: If your intention is to run Lightning on SLURM, prepend your python command with `srun` like so: srun python /home/le004/master_thesis/git/TSFusionForecast/code/ ...
[I 2023-12-26 15:03:02,770] Trial 0 finished with value: 0.04289204999804497 and parameters: {'gradient_clip_val': 0.2624445489608487, 'hidden_size': 40, 'dropout': 0.3820646493162897, 'hidden_continuous_size': 5, 'attention_head_size': 1, 'learning_rate': 0.06927756251098913}. Best is trial 0 with value: 0.04289204999804497.
[I 2023-12-26 15:03:53,423] Trial 1 finished with value: 0.08692435175180435 and parameters: {'gradient_clip_val': 0.8407838844533153, 'hidden_size': 32, 'dropout': 0.4275695209524999, 'hidden_continuous_size': 5, 'attention_head_size': 1, 'learning_rate': 0.08444067782324878}. Best is trial 0 with value: 0.04289204999804497.
[I 2023-12-26 15:03:56,196] Trial 2 finished with value: 4.1833624839782715 and parameters: {'gradient_clip_val': 0.20612957642682445, 'hidden_size': 42, 'dropout': 0.45144247154551, 'hidden_continuous_size': 21, 'attention_head_size': 2, 'learning_rate': 0.01882473499657021}. Best is trial 0 with value: 0.04289204999804497.
[I 2023-12-26 15:03:58,208] Trial 3 finished with value: 3.7131197452545166 and parameters: {'gradient_clip_val': 0.49391772005132295, 'hidden_size': 12, 'dropout': 0.17308922284514422, 'hidden_continuous_size': 6, 'attention_head_size': 3, 'learning_rate': 0.005989778783469695}. Best is trial 0 with value: 0.04289204999804497.
