[I 2023-12-27 11:10:57,876] Trial 30 finished with value: 27.29488182067871 and parameters: {'gradient_clip_val': 0.14255594998352072, 'hidden_size': 9, 'dropout': 0.4009858470479797, 'hidden_continuous_size': 5, 'attention_head_size': 1, 'learning_rate': 0.047930939235973115}. Best is trial 0 with value: 6.689095973968506.
LOCAL_RANK: 0 - CUDA_VISIBLE_DEVICES: [0]
[I 2023-12-27 11:10:58,337] Trial 31 finished with value: 26.602142333984375 and parameters: {'gradient_clip_val': 0.29832564513666715, 'hidden_size': 19, 'dropout': 0.45667713575219704, 'hidden_continuous_size': 6, 'attention_head_size': 3, 'learning_rate': 0.014737596865494156}. Best is trial 0 with value: 6.689095973968506.
LOCAL_RANK: 0 - CUDA_VISIBLE_DEVICES: [0]
[I 2023-12-27 11:10:58,814] Trial 32 finished with value: 27.288360595703125 and parameters: {'gradient_clip_val': 0.3507139346259639, 'hidden_size': 15, 'dropout': 0.43194593173840085, 'hidden_continuous_size': 6, 'attention_head_size': 3, 'learning_rate': 0.012831197115604168}. Best is trial 0 with value: 6.689095973968506.
LOCAL_RANK: 0 - CUDA_VISIBLE_DEVICES: [0]
[I 2023-12-27 11:10:59,278] Trial 33 finished with value: 28.954225540161133 and parameters: {'gradient_clip_val': 0.20751623887167, 'hidden_size': 26, 'dropout': 0.4991999423044934, 'hidden_continuous_size': 7, 'attention_head_size': 4, 'learning_rate': 0.019370819755933858}. Best is trial 0 with value: 6.689095973968506.
LOCAL_RANK: 0 - CUDA_VISIBLE_DEVICES: [0]
[I 2023-12-27 11:10:59,770] Trial 34 finished with value: 27.95326042175293 and parameters: {'gradient_clip_val': 0.25931982040815665, 'hidden_size': 20, 'dropout': 0.4583084220323132, 'hidden_continuous_size': 8, 'attention_head_size': 3, 'learning_rate': 0.009893298574768068}. Best is trial 0 with value: 6.689095973968506.
LOCAL_RANK: 0 - CUDA_VISIBLE_DEVICES: [0]
[I 2023-12-27 11:11:00,263] Trial 35 finished with value: 24.94453239440918 and parameters: {'gradient_clip_val': 0.3254593020650349, 'hidden_size': 28, 'dropout': 0.42722555442115, 'hidden_continuous_size': 6, 'attention_head_size': 2, 'learning_rate': 0.001470333928680011}. Best is trial 0 with value: 6.689095973968506.
LOCAL_RANK: 0 - CUDA_VISIBLE_DEVICES: [0]
[I 2023-12-27 11:11:00,734] Trial 36 finished with value: 32.904659271240234 and parameters: {'gradient_clip_val': 0.4176844527150511, 'hidden_size': 39, 'dropout': 0.3511321783317668, 'hidden_continuous_size': 10, 'attention_head_size': 3, 'learning_rate': 0.015646070650161645}. Best is trial 0 with value: 6.689095973968506.
LOCAL_RANK: 0 - CUDA_VISIBLE_DEVICES: [0]
[I 2023-12-27 11:11:01,498] Trial 37 finished with value: 26.85697364807129 and parameters: {'gradient_clip_val': 0.23134110303426866, 'hidden_size': 22, 'dropout': 0.46346450936441624, 'hidden_continuous_size': 7, 'attention_head_size': 4, 'learning_rate': 0.027169644799762725}. Best is trial 0 with value: 6.689095973968506.
LOCAL_RANK: 0 - CUDA_VISIBLE_DEVICES: [0]
[I 2023-12-27 11:11:01,969] Trial 38 finished with value: 25.21404457092285 and parameters: {'gradient_clip_val': 0.2943836290033161, 'hidden_size': 17, 'dropout': 0.4838619587250467, 'hidden_continuous_size': 5, 'attention_head_size': 2, 'learning_rate': 0.00859510565849222}. Best is trial 0 with value: 6.689095973968506.
LOCAL_RANK: 0 - CUDA_VISIBLE_DEVICES: [0]
[I 2023-12-27 11:11:02,450] Trial 39 finished with value: 25.7460994720459 and parameters: {'gradient_clip_val': 0.16666017243236997, 'hidden_size': 8, 'dropout': 0.2942836801734627, 'hidden_continuous_size': 5, 'attention_head_size': 3, 'learning_rate': 0.012949327059486409}. Best is trial 0 with value: 6.689095973968506.
LOCAL_RANK: 0 - CUDA_VISIBLE_DEVICES: [0]
[I 2023-12-27 11:11:02,953] Trial 40 finished with value: 28.640771865844727 and parameters: {'gradient_clip_val': 0.35427308029443405, 'hidden_size': 45, 'dropout': 0.3897665017105122, 'hidden_continuous_size': 12, 'attention_head_size': 4, 'learning_rate': 0.03841410358370278}. Best is trial 0 with value: 6.689095973968506.
LOCAL_RANK: 0 - CUDA_VISIBLE_DEVICES: [0]
[I 2023-12-27 11:11:03,407] Trial 41 finished with value: 25.21826171875 and parameters: {'gradient_clip_val': 0.3150968891178843, 'hidden_size': 28, 'dropout': 0.42657457705942575, 'hidden_continuous_size': 6, 'attention_head_size': 2, 'learning_rate': 0.001278014862582333}. Best is trial 0 with value: 6.689095973968506.
LOCAL_RANK: 0 - CUDA_VISIBLE_DEVICES: [0]
[I 2023-12-27 11:11:03,857] Trial 42 finished with value: 33.77558517456055 and parameters: {'gradient_clip_val': 0.33051215586508753, 'hidden_size': 34, 'dropout': 0.4476135849563548, 'hidden_continuous_size': 7, 'attention_head_size': 2, 'learning_rate': 0.005025782406681151}. Best is trial 0 with value: 6.689095973968506.
LOCAL_RANK: 0 - CUDA_VISIBLE_DEVICES: [0]
[I 2023-12-27 11:11:04,351] Trial 43 finished with value: 32.66908645629883 and parameters: {'gradient_clip_val': 0.47373921116947887, 'hidden_size': 27, 'dropout': 0.41855093347805855, 'hidden_continuous_size': 6, 'attention_head_size': 2, 'learning_rate': 0.007312613605209879}. Best is trial 0 with value: 6.689095973968506.
LOCAL_RANK: 0 - CUDA_VISIBLE_DEVICES: [0]
[I 2023-12-27 11:11:04,817] Trial 44 finished with value: 28.022811889648438 and parameters: {'gradient_clip_val': 0.2767289423380399, 'hidden_size': 24, 'dropout': 0.47852941847569386, 'hidden_continuous_size': 6, 'attention_head_size': 2, 'learning_rate': 0.0006532618767195251}. Best is trial 0 with value: 6.689095973968506.
LOCAL_RANK: 0 - CUDA_VISIBLE_DEVICES: [0]
[I 2023-12-27 11:11:05,320] Trial 45 finished with value: 27.269088745117188 and parameters: {'gradient_clip_val': 0.2512616842174814, 'hidden_size': 37, 'dropout': 0.3899901349140115, 'hidden_continuous_size': 5, 'attention_head_size': 3, 'learning_rate': 0.002194901731388621}. Best is trial 0 with value: 6.689095973968506.
LOCAL_RANK: 0 - CUDA_VISIBLE_DEVICES: [0]
[I 2023-12-27 11:11:05,821] Trial 46 finished with value: 26.457611083984375 and parameters: {'gradient_clip_val': 0.1966577620256712, 'hidden_size': 13, 'dropout': 0.33490987418799945, 'hidden_continuous_size': 6, 'attention_head_size': 1, 'learning_rate': 0.005986107076540036}. Best is trial 0 with value: 6.689095973968506.
LOCAL_RANK: 0 - CUDA_VISIBLE_DEVICES: [0]
[I 2023-12-27 11:11:06,312] Trial 47 finished with value: 25.502782821655273 and parameters: {'gradient_clip_val': 0.23201005264038554, 'hidden_size': 18, 'dropout': 0.4348467554059412, 'hidden_continuous_size': 8, 'attention_head_size': 2, 'learning_rate': 0.01984388389037036}. Best is trial 0 with value: 6.689095973968506.
LOCAL_RANK: 0 - CUDA_VISIBLE_DEVICES: [0]
[I 2023-12-27 11:11:06,773] Trial 48 finished with value: 24.83350944519043 and parameters: {'gradient_clip_val': 0.39888424771054437, 'hidden_size': 28, 'dropout': 0.44966657518058367, 'hidden_continuous_size': 9, 'attention_head_size': 3, 'learning_rate': 0.00855065385112223}. Best is trial 0 with value: 6.689095973968506.
LOCAL_RANK: 0 - CUDA_VISIBLE_DEVICES: [0]
[I 2023-12-27 11:11:07,273] Trial 49 finished with value: 35.929534912109375 and parameters: {'gradient_clip_val': 0.38679727585533474, 'hidden_size': 52, 'dropout': 0.4481803185797109, 'hidden_continuous_size': 10, 'attention_head_size': 3, 'learning_rate': 0.008489631611577111}. Best is trial 0 with value: 6.689095973968506.
[I 2023-12-27 11:11:07,404] A new study created in memory with name: no-name-7ce934af-e7ab-4484-876e-5335d98c646f
/home/le004/conda/anaconda3/envs/tsff_env/lib/python3.9/site-packages/lightning/fabric/plugins/environments/slurm.py:191: The `srun` command is available on your system but is not used. HINT: If your intention is to run Lightning on SLURM, prepend your python command with `srun` like so: srun python /home/le004/master_thesis/git/TSFusionForecast/code/ ...
LOCAL_RANK: 0 - CUDA_VISIBLE_DEVICES: [0]
[I 2023-12-27 11:11:37,317] Trial 0 finished with value: 11.218437194824219 and parameters: {'gradient_clip_val': 0.14015931218904762, 'hidden_size': 21, 'dropout': 0.11755923984346955, 'hidden_continuous_size': 8, 'attention_head_size': 1, 'learning_rate': 0.013854555309182701}. Best is trial 0 with value: 11.218437194824219.
LOCAL_RANK: 0 - CUDA_VISIBLE_DEVICES: [0]
[I 2023-12-27 11:11:40,744] Trial 1 finished with value: 72.96353149414062 and parameters: {'gradient_clip_val': 0.4573471822591526, 'hidden_size': 18, 'dropout': 0.2837674803070127, 'hidden_continuous_size': 7, 'attention_head_size': 3, 'learning_rate': 0.0022776212513552748}. Best is trial 0 with value: 11.218437194824219.
LOCAL_RANK: 0 - CUDA_VISIBLE_DEVICES: [0]
[I 2023-12-27 11:11:41,251] Trial 2 finished with value: 74.38603973388672 and parameters: {'gradient_clip_val': 0.23552813880922824, 'hidden_size': 84, 'dropout': 0.4668117119038536, 'hidden_continuous_size': 83, 'attention_head_size': 4, 'learning_rate': 0.0157505374210015}. Best is trial 0 with value: 11.218437194824219.
LOCAL_RANK: 0 - CUDA_VISIBLE_DEVICES: [0]
[I 2023-12-27 11:11:41,739] Trial 3 finished with value: 87.701904296875 and parameters: {'gradient_clip_val': 0.2883980356748732, 'hidden_size': 118, 'dropout': 0.1814547242265021, 'hidden_continuous_size': 49, 'attention_head_size': 4, 'learning_rate': 0.0029361576877526717}. Best is trial 0 with value: 11.218437194824219.
LOCAL_RANK: 0 - CUDA_VISIBLE_DEVICES: [0]
[I 2023-12-27 11:11:42,159] Trial 4 finished with value: 102.02157592773438 and parameters: {'gradient_clip_val': 0.4273482623227588, 'hidden_size': 17, 'dropout': 0.39485164626419433, 'hidden_continuous_size': 9, 'attention_head_size': 4, 'learning_rate': 0.0006979427760114876}. Best is trial 0 with value: 11.218437194824219.
LOCAL_RANK: 0 - CUDA_VISIBLE_DEVICES: [0]
[I 2023-12-27 11:11:42,574] Trial 5 finished with value: 91.7928695678711 and parameters: {'gradient_clip_val': 0.24110644054420605, 'hidden_size': 19, 'dropout': 0.32518007967893814, 'hidden_continuous_size': 16, 'attention_head_size': 3, 'learning_rate': 0.0041724810566959175}. Best is trial 0 with value: 11.218437194824219.
LOCAL_RANK: 0 - CUDA_VISIBLE_DEVICES: [0]
[I 2023-12-27 11:11:43,052] Trial 6 finished with value: 73.45372772216797 and parameters: {'gradient_clip_val': 0.1928527372651652, 'hidden_size': 123, 'dropout': 0.3546860887141998, 'hidden_continuous_size': 16, 'attention_head_size': 3, 'learning_rate': 0.016534818959638698}. Best is trial 0 with value: 11.218437194824219.
LOCAL_RANK: 0 - CUDA_VISIBLE_DEVICES: [0]
[I 2023-12-27 11:11:43,492] Trial 7 finished with value: 112.41007232666016 and parameters: {'gradient_clip_val': 0.7520558538740738, 'hidden_size': 7, 'dropout': 0.26430735197484867, 'hidden_continuous_size': 5, 'attention_head_size': 4, 'learning_rate': 0.0020133662507720606}. Best is trial 0 with value: 11.218437194824219.
LOCAL_RANK: 0 - CUDA_VISIBLE_DEVICES: [0]
[I 2023-12-27 11:11:43,939] Trial 8 finished with value: 81.5246353149414 and parameters: {'gradient_clip_val': 0.11454268680424767, 'hidden_size': 23, 'dropout': 0.364111414913314, 'hidden_continuous_size': 19, 'attention_head_size': 2, 'learning_rate': 0.08740461240342531}. Best is trial 0 with value: 11.218437194824219.
LOCAL_RANK: 0 - CUDA_VISIBLE_DEVICES: [0]
[I 2023-12-27 11:11:44,394] Trial 9 finished with value: 77.79471588134766 and parameters: {'gradient_clip_val': 0.6348662398025213, 'hidden_size': 78, 'dropout': 0.1797003439014013, 'hidden_continuous_size': 9, 'attention_head_size': 1, 'learning_rate': 0.015513176929049495}. Best is trial 0 with value: 11.218437194824219.
LOCAL_RANK: 0 - CUDA_VISIBLE_DEVICES: [0]
[I 2023-12-27 11:11:44,867] Trial 10 finished with value: 95.59708404541016 and parameters: {'gradient_clip_val': 0.111655159388916, 'hidden_size': 47, 'dropout': 0.11790928730787462, 'hidden_continuous_size': 5, 'attention_head_size': 1, 'learning_rate': 0.05587196246599026}. Best is trial 0 with value: 11.218437194824219.
LOCAL_RANK: 0 - CUDA_VISIBLE_DEVICES: [0]
[I 2023-12-27 11:11:45,303] Trial 11 finished with value: 96.88591766357422 and parameters: {'gradient_clip_val': 0.43423935187128493, 'hidden_size': 9, 'dropout': 0.2665239721014896, 'hidden_continuous_size': 6, 'attention_head_size': 2, 'learning_rate': 0.006459891769606787}. Best is trial 0 with value: 11.218437194824219.
LOCAL_RANK: 0 - CUDA_VISIBLE_DEVICES: [0]
[I 2023-12-27 11:11:46,055] Trial 12 finished with value: 92.03253936767578 and parameters: {'gradient_clip_val': 0.1598005585948303, 'hidden_size': 12, 'dropout': 0.10224441276243892, 'hidden_continuous_size': 7, 'attention_head_size': 2, 'learning_rate': 0.0013201102425039705}. Best is trial 0 with value: 11.218437194824219.
LOCAL_RANK: 0 - CUDA_VISIBLE_DEVICES: [0]
[I 2023-12-27 11:11:46,517] Trial 13 finished with value: 88.21317291259766 and parameters: {'gradient_clip_val': 0.3459473959558123, 'hidden_size': 34, 'dropout': 0.21721733380712632, 'hidden_continuous_size': 8, 'attention_head_size': 3, 'learning_rate': 0.0005649244347563617}. Best is trial 0 with value: 11.218437194824219.
LOCAL_RANK: 0 - CUDA_VISIBLE_DEVICES: [0]
[I 2023-12-27 11:11:46,981] Trial 14 finished with value: 87.38055419921875 and parameters: {'gradient_clip_val': 0.8967694896590368, 'hidden_size': 12, 'dropout': 0.28748137230801685, 'hidden_continuous_size': 6, 'attention_head_size': 1, 'learning_rate': 0.00774794931520509}. Best is trial 0 with value: 11.218437194824219.
LOCAL_RANK: 0 - CUDA_VISIBLE_DEVICES: [0]
[I 2023-12-27 11:11:47,442] Trial 15 finished with value: 86.03153228759766 and parameters: {'gradient_clip_val': 0.1599085168161966, 'hidden_size': 6, 'dropout': 0.2176974676048375, 'hidden_continuous_size': 5, 'attention_head_size': 2, 'learning_rate': 0.0015523497370870708}. Best is trial 0 with value: 11.218437194824219.
LOCAL_RANK: 0 - CUDA_VISIBLE_DEVICES: [0]
[I 2023-12-27 11:11:47,907] Trial 16 finished with value: 75.0859603881836 and parameters: {'gradient_clip_val': 0.5326064945135011, 'hidden_size': 34, 'dropout': 0.14468056804454077, 'hidden_continuous_size': 11, 'attention_head_size': 3, 'learning_rate': 0.00404101232500362}. Best is trial 0 with value: 11.218437194824219.
LOCAL_RANK: 0 - CUDA_VISIBLE_DEVICES: [0]
[I 2023-12-27 11:11:48,349] Trial 17 finished with value: 82.56596374511719 and parameters: {'gradient_clip_val': 0.36030555973944156, 'hidden_size': 15, 'dropout': 0.10013664026446321, 'hidden_continuous_size': 7, 'attention_head_size': 1, 'learning_rate': 0.001040660002131348}. Best is trial 0 with value: 11.218437194824219.
LOCAL_RANK: 0 - CUDA_VISIBLE_DEVICES: [0]
[I 2023-12-27 11:11:48,794] Trial 18 finished with value: 79.99305725097656 and parameters: {'gradient_clip_val': 0.5437322652553331, 'hidden_size': 27, 'dropout': 0.2353649905587506, 'hidden_continuous_size': 10, 'attention_head_size': 2, 'learning_rate': 0.0020469849986697033}. Best is trial 0 with value: 11.218437194824219.
LOCAL_RANK: 0 - CUDA_VISIBLE_DEVICES: [0]
[I 2023-12-27 11:11:49,218] Trial 19 finished with value: 82.6417465209961 and parameters: {'gradient_clip_val': 0.29572312273796353, 'hidden_size': 5, 'dropout': 0.1578445959520762, 'hidden_continuous_size': 5, 'attention_head_size': 3, 'learning_rate': 0.0009361328871311962}. Best is trial 0 with value: 11.218437194824219.
LOCAL_RANK: 0 - CUDA_VISIBLE_DEVICES: [0]
[I 2023-12-27 11:11:49,646] Trial 20 finished with value: 100.09215545654297 and parameters: {'gradient_clip_val': 0.10103797002793985, 'hidden_size': 9, 'dropout': 0.3112932925829135, 'hidden_continuous_size': 6, 'attention_head_size': 1, 'learning_rate': 0.00843646484568119}. Best is trial 0 with value: 11.218437194824219.
LOCAL_RANK: 0 - CUDA_VISIBLE_DEVICES: [0]
[I 2023-12-27 11:11:50,104] Trial 21 finished with value: 87.17389678955078 and parameters: {'gradient_clip_val': 0.18830825103207566, 'hidden_size': 47, 'dropout': 0.35013008432136633, 'hidden_continuous_size': 11, 'attention_head_size': 3, 'learning_rate': 0.023322872140264683}. Best is trial 0 with value: 11.218437194824219.
LOCAL_RANK: 0 - CUDA_VISIBLE_DEVICES: [0]
[I 2023-12-27 11:11:50,608] Trial 22 finished with value: 78.63162231445312 and parameters: {'gradient_clip_val': 0.14593676057771504, 'hidden_size': 140, 'dropout': 0.4018045848297989, 'hidden_continuous_size': 16, 'attention_head_size': 3, 'learning_rate': 0.03481412534126891}. Best is trial 0 with value: 11.218437194824219.
LOCAL_RANK: 0 - CUDA_VISIBLE_DEVICES: [0]
[I 2023-12-27 11:11:51,082] Trial 23 finished with value: 78.9351806640625 and parameters: {'gradient_clip_val': 0.19899133330586052, 'hidden_size': 23, 'dropout': 0.28086980357474645, 'hidden_continuous_size': 8, 'attention_head_size': 3, 'learning_rate': 0.012227762687243035}. Best is trial 0 with value: 11.218437194824219.
LOCAL_RANK: 0 - CUDA_VISIBLE_DEVICES: [0]
[I 2023-12-27 11:11:51,574] Trial 24 finished with value: 94.4352798461914 and parameters: {'gradient_clip_val': 0.1335327894295049, 'hidden_size': 16, 'dropout': 0.31984307581473537, 'hidden_continuous_size': 7, 'attention_head_size': 2, 'learning_rate': 0.025633319283479616}. Best is trial 0 with value: 11.218437194824219.
LOCAL_RANK: 0 - CUDA_VISIBLE_DEVICES: [0]
[I 2023-12-27 11:11:52,344] Trial 25 finished with value: 97.25411224365234 and parameters: {'gradient_clip_val': 0.20755769315710373, 'hidden_size': 54, 'dropout': 0.24426968715157477, 'hidden_continuous_size': 13, 'attention_head_size': 3, 'learning_rate': 0.0055580609903694116}. Best is trial 0 with value: 11.218437194824219.
LOCAL_RANK: 0 - CUDA_VISIBLE_DEVICES: [0]
[I 2023-12-27 11:11:52,836] Trial 26 finished with value: 87.3799819946289 and parameters: {'gradient_clip_val': 0.1296546862133402, 'hidden_size': 32, 'dropout': 0.20632316319582056, 'hidden_continuous_size': 13, 'attention_head_size': 4, 'learning_rate': 0.010297979220005032}. Best is trial 0 with value: 11.218437194824219.
LOCAL_RANK: 0 - CUDA_VISIBLE_DEVICES: [0]
[I 2023-12-27 11:11:53,281] Trial 27 finished with value: 89.74349212646484 and parameters: {'gradient_clip_val': 0.17459246961967664, 'hidden_size': 21, 'dropout': 0.14593943608906162, 'hidden_continuous_size': 8, 'attention_head_size': 2, 'learning_rate': 0.012153638254698867}. Best is trial 0 with value: 11.218437194824219.
LOCAL_RANK: 0 - CUDA_VISIBLE_DEVICES: [0]
[I 2023-12-27 11:11:53,757] Trial 28 finished with value: 97.57251739501953 and parameters: {'gradient_clip_val': 0.22362723854937952, 'hidden_size': 29, 'dropout': 0.3017511766928733, 'hidden_continuous_size': 9, 'attention_head_size': 3, 'learning_rate': 0.01888372810571704}. Best is trial 0 with value: 11.218437194824219.
LOCAL_RANK: 0 - CUDA_VISIBLE_DEVICES: [0]
[I 2023-12-27 11:11:54,233] Trial 29 finished with value: 91.5358657836914 and parameters: {'gradient_clip_val': 0.25413485684620524, 'hidden_size': 84, 'dropout': 0.45236547448539366, 'hidden_continuous_size': 28, 'attention_head_size': 4, 'learning_rate': 0.03470423606838787}. Best is trial 0 with value: 11.218437194824219.
LOCAL_RANK: 0 - CUDA_VISIBLE_DEVICES: [0]
[I 2023-12-27 11:11:54,729] Trial 30 finished with value: 78.57662963867188 and parameters: {'gradient_clip_val': 0.1768055047643306, 'hidden_size': 64, 'dropout': 0.4983517868893725, 'hidden_continuous_size': 19, 'attention_head_size': 3, 'learning_rate': 0.01590483376119112}. Best is trial 0 with value: 11.218437194824219.
LOCAL_RANK: 0 - CUDA_VISIBLE_DEVICES: [0]
[I 2023-12-27 11:11:55,247] Trial 31 finished with value: 75.05474090576172 and parameters: {'gradient_clip_val': 0.2634951188845977, 'hidden_size': 106, 'dropout': 0.4170572272779788, 'hidden_continuous_size': 86, 'attention_head_size': 4, 'learning_rate': 0.012055042856210667}. Best is trial 0 with value: 11.218437194824219.
LOCAL_RANK: 0 - CUDA_VISIBLE_DEVICES: [0]
[I 2023-12-27 11:11:55,804] Trial 32 finished with value: 100.55696868896484 and parameters: {'gradient_clip_val': 0.22509819013487115, 'hidden_size': 142, 'dropout': 0.35907688140887906, 'hidden_continuous_size': 130, 'attention_head_size': 4, 'learning_rate': 0.00903796679119835}. Best is trial 0 with value: 11.218437194824219.
LOCAL_RANK: 0 - CUDA_VISIBLE_DEVICES: [0]
[I 2023-12-27 11:11:56,316] Trial 33 finished with value: 97.00213623046875 and parameters: {'gradient_clip_val': 0.28508750379181585, 'hidden_size': 111, 'dropout': 0.3828726834228556, 'hidden_continuous_size': 29, 'attention_head_size': 4, 'learning_rate': 0.0032484923543288856}. Best is trial 0 with value: 11.218437194824219.
LOCAL_RANK: 0 - CUDA_VISIBLE_DEVICES: [0]
[I 2023-12-27 11:11:56,842] Trial 34 finished with value: 100.03851318359375 and parameters: {'gradient_clip_val': 0.23086304297025448, 'hidden_size': 106, 'dropout': 0.339236638409554, 'hidden_continuous_size': 48, 'attention_head_size': 4, 'learning_rate': 0.005708254740114426}. Best is trial 0 with value: 11.218437194824219.
LOCAL_RANK: 0 - CUDA_VISIBLE_DEVICES: [0]
[I 2023-12-27 11:11:57,379] Trial 35 finished with value: 82.17867279052734 and parameters: {'gradient_clip_val': 0.3163573252915454, 'hidden_size': 147, 'dropout': 0.32793978472305263, 'hidden_continuous_size': 38, 'attention_head_size': 4, 'learning_rate': 0.002470291253770723}. Best is trial 0 with value: 11.218437194824219.
LOCAL_RANK: 0 - CUDA_VISIBLE_DEVICES: [0]
[I 2023-12-27 11:11:57,890] Trial 36 finished with value: 84.95523071289062 and parameters: {'gradient_clip_val': 0.19853780856057185, 'hidden_size': 87, 'dropout': 0.42816010892263534, 'hidden_continuous_size': 24, 'attention_head_size': 3, 'learning_rate': 0.00404278178120747}. Best is trial 0 with value: 11.218437194824219.
LOCAL_RANK: 0 - CUDA_VISIBLE_DEVICES: [0]
[I 2023-12-27 11:11:58,340] Trial 37 finished with value: 87.1522216796875 and parameters: {'gradient_clip_val': 0.2651039776012668, 'hidden_size': 19, 'dropout': 0.376081569487326, 'hidden_continuous_size': 11, 'attention_head_size': 2, 'learning_rate': 0.015951313298689446}. Best is trial 0 with value: 11.218437194824219.
LOCAL_RANK: 0 - CUDA_VISIBLE_DEVICES: [0]
