[I 2023-12-15 14:43:03,889] Trial 37 finished with value: 17.88862419128418 and parameters: {'gradient_clip_val': 0.6298608738574932, 'hidden_size': 60, 'dropout': 0.3851033814576695, 'hidden_continuous_size': 16, 'attention_head_size': 4, 'learning_rate': 0.04819849529733212}. Best is trial 2 with value: 5.467037200927734.
LOCAL_RANK: 0 - CUDA_VISIBLE_DEVICES: [0]
[I 2023-12-15 14:43:54,846] Trial 38 finished with value: 12.895733833312988 and parameters: {'gradient_clip_val': 0.29403617527993126, 'hidden_size': 37, 'dropout': 0.36725742629637026, 'hidden_continuous_size': 14, 'attention_head_size': 2, 'learning_rate': 0.013774697983520904}. Best is trial 2 with value: 5.467037200927734.
LOCAL_RANK: 0 - CUDA_VISIBLE_DEVICES: [0]
[I 2023-12-15 14:44:46,321] Trial 39 finished with value: 7.373141765594482 and parameters: {'gradient_clip_val': 0.5444240125070384, 'hidden_size': 48, 'dropout': 0.39725246339224274, 'hidden_continuous_size': 18, 'attention_head_size': 1, 'learning_rate': 0.008449204301847936}. Best is trial 2 with value: 5.467037200927734.
LOCAL_RANK: 0 - CUDA_VISIBLE_DEVICES: [0]
[I 2023-12-15 14:45:36,201] Trial 40 finished with value: 8.075716972351074 and parameters: {'gradient_clip_val': 0.41158937743342344, 'hidden_size': 25, 'dropout': 0.379619665701542, 'hidden_continuous_size': 12, 'attention_head_size': 4, 'learning_rate': 0.006779890539059582}. Best is trial 2 with value: 5.467037200927734.
LOCAL_RANK: 0 - CUDA_VISIBLE_DEVICES: [0]
[I 2023-12-15 14:46:28,734] Trial 41 finished with value: 12.796428680419922 and parameters: {'gradient_clip_val': 0.5077448353008801, 'hidden_size': 46, 'dropout': 0.3624333403117754, 'hidden_continuous_size': 10, 'attention_head_size': 2, 'learning_rate': 0.006463513010148492}. Best is trial 2 with value: 5.467037200927734.
LOCAL_RANK: 0 - CUDA_VISIBLE_DEVICES: [0]
[I 2023-12-15 14:47:20,885] Trial 42 finished with value: 11.092646598815918 and parameters: {'gradient_clip_val': 0.5273810082400061, 'hidden_size': 52, 'dropout': 0.3629474387819933, 'hidden_continuous_size': 11, 'attention_head_size': 2, 'learning_rate': 0.008202379330669267}. Best is trial 2 with value: 5.467037200927734.
LOCAL_RANK: 0 - CUDA_VISIBLE_DEVICES: [0]
[I 2023-12-15 14:48:11,837] Trial 43 finished with value: 14.834464073181152 and parameters: {'gradient_clip_val': 0.452831167361998, 'hidden_size': 38, 'dropout': 0.3283877352739989, 'hidden_continuous_size': 11, 'attention_head_size': 2, 'learning_rate': 0.01397379364654243}. Best is trial 2 with value: 5.467037200927734.
LOCAL_RANK: 0 - CUDA_VISIBLE_DEVICES: [0]
[I 2023-12-15 14:49:00,035] Trial 44 finished with value: 10.094776153564453 and parameters: {'gradient_clip_val': 0.6322569263454365, 'hidden_size': 32, 'dropout': 0.3847953243438785, 'hidden_continuous_size': 13, 'attention_head_size': 2, 'learning_rate': 0.02201649746173543}. Best is trial 2 with value: 5.467037200927734.
LOCAL_RANK: 0 - CUDA_VISIBLE_DEVICES: [0]
[I 2023-12-15 14:49:51,199] Trial 45 finished with value: 12.396395683288574 and parameters: {'gradient_clip_val': 0.5642050082121751, 'hidden_size': 64, 'dropout': 0.34837132216094024, 'hidden_continuous_size': 9, 'attention_head_size': 1, 'learning_rate': 0.004512724461656443}. Best is trial 2 with value: 5.467037200927734.
LOCAL_RANK: 0 - CUDA_VISIBLE_DEVICES: [0]
[I 2023-12-15 14:50:44,467] Trial 46 finished with value: 9.295977592468262 and parameters: {'gradient_clip_val': 0.7750420848330384, 'hidden_size': 53, 'dropout': 0.3076925408351558, 'hidden_continuous_size': 17, 'attention_head_size': 3, 'learning_rate': 0.010521603293132436}. Best is trial 2 with value: 5.467037200927734.
LOCAL_RANK: 0 - CUDA_VISIBLE_DEVICES: [0]
[I 2023-12-15 14:51:36,142] Trial 47 finished with value: 20.514238357543945 and parameters: {'gradient_clip_val': 0.6997716757750284, 'hidden_size': 41, 'dropout': 0.38540393885428703, 'hidden_continuous_size': 11, 'attention_head_size': 2, 'learning_rate': 0.014754189966072362}. Best is trial 2 with value: 5.467037200927734.
LOCAL_RANK: 0 - CUDA_VISIBLE_DEVICES: [0]
[I 2023-12-15 14:52:31,247] Trial 48 finished with value: 10.325450897216797 and parameters: {'gradient_clip_val': 0.4702577647708191, 'hidden_size': 86, 'dropout': 0.3636016653532969, 'hidden_continuous_size': 32, 'attention_head_size': 4, 'learning_rate': 0.006445436161192554}. Best is trial 2 with value: 5.467037200927734.
LOCAL_RANK: 0 - CUDA_VISIBLE_DEVICES: [0]
[I 2023-12-15 14:53:24,243] Trial 49 finished with value: 15.272191047668457 and parameters: {'gradient_clip_val': 0.4086623410876859, 'hidden_size': 66, 'dropout': 0.3434039461500739, 'hidden_continuous_size': 8, 'attention_head_size': 3, 'learning_rate': 0.00402753861098249}. Best is trial 2 with value: 5.467037200927734.
[I 2023-12-15 14:53:24,338] A new study created in memory with name: no-name-a3bacd8b-75d9-4d40-96cf-a6e8918fcfb7
/home/le004/conda/anaconda3/envs/tsff_env/lib/python3.9/site-packages/lightning/fabric/plugins/environments/slurm.py:191: The `srun` command is available on your system but is not used. HINT: If your intention is to run Lightning on SLURM, prepend your python command with `srun` like so: srun python /home/le004/master_thesis/git/TSFusionForecast/code/ ...
LOCAL_RANK: 0 - CUDA_VISIBLE_DEVICES: [0]
[I 2023-12-15 14:54:17,915] Trial 0 finished with value: 71.56082916259766 and parameters: {'gradient_clip_val': 0.9288067923019111, 'hidden_size': 73, 'dropout': 0.208287003391009, 'hidden_continuous_size': 14, 'attention_head_size': 3, 'learning_rate': 0.07177125382910492}. Best is trial 0 with value: 71.56082916259766.
LOCAL_RANK: 0 - CUDA_VISIBLE_DEVICES: [0]
[I 2023-12-15 14:55:05,232] Trial 1 finished with value: 93.5419692993164 and parameters: {'gradient_clip_val': 0.8560839721603652, 'hidden_size': 17, 'dropout': 0.17424907514555765, 'hidden_continuous_size': 10, 'attention_head_size': 3, 'learning_rate': 0.08190017868394649}. Best is trial 0 with value: 71.56082916259766.
LOCAL_RANK: 0 - CUDA_VISIBLE_DEVICES: [0]
[I 2023-12-15 14:55:53,763] Trial 2 finished with value: 151.61131286621094 and parameters: {'gradient_clip_val': 0.38487415733656705, 'hidden_size': 25, 'dropout': 0.21142981606793299, 'hidden_continuous_size': 10, 'attention_head_size': 2, 'learning_rate': 0.07362376428736704}. Best is trial 0 with value: 71.56082916259766.
LOCAL_RANK: 0 - CUDA_VISIBLE_DEVICES: [0]
[I 2023-12-15 14:56:37,841] Trial 3 finished with value: 55.164581298828125 and parameters: {'gradient_clip_val': 0.9729544722993166, 'hidden_size': 16, 'dropout': 0.23011722311776872, 'hidden_continuous_size': 7, 'attention_head_size': 1, 'learning_rate': 0.0016509397721034087}. Best is trial 3 with value: 55.164581298828125.
LOCAL_RANK: 0 - CUDA_VISIBLE_DEVICES: [0]
[I 2023-12-15 14:57:22,778] Trial 4 finished with value: 65.38400268554688 and parameters: {'gradient_clip_val': 0.5149603357125455, 'hidden_size': 16, 'dropout': 0.19505919561237534, 'hidden_continuous_size': 6, 'attention_head_size': 4, 'learning_rate': 0.054615257070737354}. Best is trial 3 with value: 55.164581298828125.
LOCAL_RANK: 0 - CUDA_VISIBLE_DEVICES: [0]
[I 2023-12-15 14:58:16,014] Trial 5 finished with value: 66.81072235107422 and parameters: {'gradient_clip_val': 0.10231594466401309, 'hidden_size': 54, 'dropout': 0.12599140199459818, 'hidden_continuous_size': 12, 'attention_head_size': 4, 'learning_rate': 0.002624450260933371}. Best is trial 3 with value: 55.164581298828125.
LOCAL_RANK: 0 - CUDA_VISIBLE_DEVICES: [0]
[I 2023-12-15 14:58:50,929] Trial 6 finished with value: 79.40804290771484 and parameters: {'gradient_clip_val': 0.9062877559029096, 'hidden_size': 9, 'dropout': 0.3058708456319176, 'hidden_continuous_size': 9, 'attention_head_size': 4, 'learning_rate': 0.02025228884783156}. Best is trial 3 with value: 55.164581298828125.
LOCAL_RANK: 0 - CUDA_VISIBLE_DEVICES: [0]
[I 2023-12-15 14:59:35,238] Trial 7 finished with value: 110.9358139038086 and parameters: {'gradient_clip_val': 0.8604465784463787, 'hidden_size': 6, 'dropout': 0.38131209128901244, 'hidden_continuous_size': 5, 'attention_head_size': 1, 'learning_rate': 0.001429961435842127}. Best is trial 3 with value: 55.164581298828125.
LOCAL_RANK: 0 - CUDA_VISIBLE_DEVICES: [0]
[I 2023-12-15 15:00:20,041] Trial 8 finished with value: 146.4247589111328 and parameters: {'gradient_clip_val': 0.48260021644410805, 'hidden_size': 7, 'dropout': 0.21657379062073473, 'hidden_continuous_size': 5, 'attention_head_size': 2, 'learning_rate': 0.0006103976912461369}. Best is trial 3 with value: 55.164581298828125.
LOCAL_RANK: 0 - CUDA_VISIBLE_DEVICES: [0]
[I 2023-12-15 15:01:04,203] Trial 9 finished with value: 177.1746826171875 and parameters: {'gradient_clip_val': 0.5249601436359282, 'hidden_size': 16, 'dropout': 0.2747557193567462, 'hidden_continuous_size': 6, 'attention_head_size': 2, 'learning_rate': 0.009856551107437073}. Best is trial 3 with value: 55.164581298828125.
LOCAL_RANK: 0 - CUDA_VISIBLE_DEVICES: [0]
[I 2023-12-15 15:01:56,043] Trial 10 finished with value: 110.70965576171875 and parameters: {'gradient_clip_val': 0.23651192134041055, 'hidden_size': 35, 'dropout': 0.11939680861600968, 'hidden_continuous_size': 26, 'attention_head_size': 1, 'learning_rate': 0.003819541810231002}. Best is trial 3 with value: 55.164581298828125.
LOCAL_RANK: 0 - CUDA_VISIBLE_DEVICES: [0]
[I 2023-12-15 15:02:41,931] Trial 11 finished with value: 98.5238037109375 and parameters: {'gradient_clip_val': 0.5907024702335123, 'hidden_size': 11, 'dropout': 0.2655477066006324, 'hidden_continuous_size': 6, 'attention_head_size': 4, 'learning_rate': 0.01776592917428238}. Best is trial 3 with value: 55.164581298828125.
LOCAL_RANK: 0 - CUDA_VISIBLE_DEVICES: [0]
[I 2023-12-15 15:03:27,710] Trial 12 finished with value: 74.33797454833984 and parameters: {'gradient_clip_val': 0.6542591345975554, 'hidden_size': 13, 'dropout': 0.1610135714236134, 'hidden_continuous_size': 7, 'attention_head_size': 3, 'learning_rate': 0.00572401346430005}. Best is trial 3 with value: 55.164581298828125.
LOCAL_RANK: 0 - CUDA_VISIBLE_DEVICES: [0]
[I 2023-12-15 15:04:14,441] Trial 13 finished with value: 91.9338607788086 and parameters: {'gradient_clip_val': 0.32980923018758174, 'hidden_size': 24, 'dropout': 0.2408099697575142, 'hidden_continuous_size': 7, 'attention_head_size': 1, 'learning_rate': 0.001667456718323861}. Best is trial 3 with value: 55.164581298828125.
LOCAL_RANK: 0 - CUDA_VISIBLE_DEVICES: [0]
[I 2023-12-15 15:04:59,924] Trial 14 finished with value: 134.2323760986328 and parameters: {'gradient_clip_val': 0.7175221976313457, 'hidden_size': 10, 'dropout': 0.17321836529037418, 'hidden_continuous_size': 6, 'attention_head_size': 3, 'learning_rate': 0.03071058973236435}. Best is trial 3 with value: 55.164581298828125.
LOCAL_RANK: 0 - CUDA_VISIBLE_DEVICES: [0]
[I 2023-12-15 15:05:33,916] Trial 15 finished with value: 78.27092742919922 and parameters: {'gradient_clip_val': 0.4531740150988422, 'hidden_size': 5, 'dropout': 0.31042886476737563, 'hidden_continuous_size': 5, 'attention_head_size': 2, 'learning_rate': 0.0077628571183509555}. Best is trial 3 with value: 55.164581298828125.
LOCAL_RANK: 0 - CUDA_VISIBLE_DEVICES: [0]
[I 2023-12-15 15:06:20,802] Trial 16 finished with value: 105.18219757080078 and parameters: {'gradient_clip_val': 0.6669928922383224, 'hidden_size': 17, 'dropout': 0.10602775067431594, 'hidden_continuous_size': 7, 'attention_head_size': 4, 'learning_rate': 0.033803789196403845}. Best is trial 3 with value: 55.164581298828125.
LOCAL_RANK: 0 - CUDA_VISIBLE_DEVICES: [0]
[I 2023-12-15 15:07:08,275] Trial 17 finished with value: 70.37057495117188 and parameters: {'gradient_clip_val': 0.9949826248161754, 'hidden_size': 32, 'dropout': 0.2383441936833454, 'hidden_continuous_size': 8, 'attention_head_size': 1, 'learning_rate': 0.0005094031652077318}. Best is trial 3 with value: 55.164581298828125.
LOCAL_RANK: 0 - CUDA_VISIBLE_DEVICES: [0]
[I 2023-12-15 15:07:52,290] Trial 18 finished with value: 102.51446533203125 and parameters: {'gradient_clip_val': 0.6887481203269549, 'hidden_size': 8, 'dropout': 0.14924151627033033, 'hidden_continuous_size': 6, 'attention_head_size': 2, 'learning_rate': 0.011812375171629046}. Best is trial 3 with value: 55.164581298828125.
LOCAL_RANK: 0 - CUDA_VISIBLE_DEVICES: [0]
[I 2023-12-15 15:08:37,792] Trial 19 finished with value: 113.1339340209961 and parameters: {'gradient_clip_val': 0.25874235649009025, 'hidden_size': 14, 'dropout': 0.196320504738357, 'hidden_continuous_size': 5, 'attention_head_size': 3, 'learning_rate': 0.005925863703549546}. Best is trial 3 with value: 55.164581298828125.
LOCAL_RANK: 0 - CUDA_VISIBLE_DEVICES: [0]
[I 2023-12-15 15:09:23,775] Trial 20 finished with value: 56.57765579223633 and parameters: {'gradient_clip_val': 0.5363689028852182, 'hidden_size': 20, 'dropout': 0.19017804952093215, 'hidden_continuous_size': 8, 'attention_head_size': 1, 'learning_rate': 0.003566213772607452}. Best is trial 3 with value: 55.164581298828125.
LOCAL_RANK: 0 - CUDA_VISIBLE_DEVICES: [0]
[I 2023-12-15 15:10:09,897] Trial 21 finished with value: 97.90068817138672 and parameters: {'gradient_clip_val': 0.5281562962316076, 'hidden_size': 20, 'dropout': 0.18855230115734153, 'hidden_continuous_size': 8, 'attention_head_size': 1, 'learning_rate': 0.0035413482607594875}. Best is trial 3 with value: 55.164581298828125.
LOCAL_RANK: 0 - CUDA_VISIBLE_DEVICES: [0]
[I 2023-12-15 15:10:53,649] Trial 22 finished with value: 87.4173583984375 and parameters: {'gradient_clip_val': 0.4270190832418272, 'hidden_size': 12, 'dropout': 0.15842792610321996, 'hidden_continuous_size': 7, 'attention_head_size': 1, 'learning_rate': 0.0017004926144033852}. Best is trial 3 with value: 55.164581298828125.
LOCAL_RANK: 0 - CUDA_VISIBLE_DEVICES: [0]
[I 2023-12-15 15:11:41,180] Trial 23 finished with value: 73.1904525756836 and parameters: {'gradient_clip_val': 0.5699182664017335, 'hidden_size': 21, 'dropout': 0.22697245835692734, 'hidden_continuous_size': 8, 'attention_head_size': 1, 'learning_rate': 0.0009630169664235545}. Best is trial 3 with value: 55.164581298828125.
LOCAL_RANK: 0 - CUDA_VISIBLE_DEVICES: [0]
[I 2023-12-15 15:12:26,533] Trial 24 finished with value: 84.8510513305664 and parameters: {'gradient_clip_val': 0.8014702074250847, 'hidden_size': 13, 'dropout': 0.18840294413979283, 'hidden_continuous_size': 6, 'attention_head_size': 2, 'learning_rate': 0.002525795714296661}. Best is trial 3 with value: 55.164581298828125.
LOCAL_RANK: 0 - CUDA_VISIBLE_DEVICES: [0]
[I 2023-12-15 15:13:15,172] Trial 25 finished with value: 123.33592987060547 and parameters: {'gradient_clip_val': 0.7333807401353873, 'hidden_size': 31, 'dropout': 0.14253069381932115, 'hidden_continuous_size': 12, 'attention_head_size': 1, 'learning_rate': 0.004569289247136941}. Best is trial 3 with value: 55.164581298828125.
LOCAL_RANK: 0 - CUDA_VISIBLE_DEVICES: [0]
[I 2023-12-15 15:14:00,423] Trial 26 finished with value: 61.09420394897461 and parameters: {'gradient_clip_val': 0.5969486126760791, 'hidden_size': 10, 'dropout': 0.1932142300193813, 'hidden_continuous_size': 6, 'attention_head_size': 2, 'learning_rate': 0.0032719467081677228}. Best is trial 3 with value: 55.164581298828125.
LOCAL_RANK: 0 - CUDA_VISIBLE_DEVICES: [0]
[I 2023-12-15 15:14:45,803] Trial 27 finished with value: 55.21946334838867 and parameters: {'gradient_clip_val': 0.9894386880402385, 'hidden_size': 10, 'dropout': 0.22651437088071089, 'hidden_continuous_size': 7, 'attention_head_size': 2, 'learning_rate': 0.0027255016044204837}. Best is trial 3 with value: 55.164581298828125.
LOCAL_RANK: 0 - CUDA_VISIBLE_DEVICES: [0]
[I 2023-12-15 15:15:29,296] Trial 28 finished with value: 80.3897476196289 and parameters: {'gradient_clip_val': 0.9971482626632532, 'hidden_size': 8, 'dropout': 0.25568075525580436, 'hidden_continuous_size': 7, 'attention_head_size': 1, 'learning_rate': 0.002318442291316043}. Best is trial 3 with value: 55.164581298828125.
LOCAL_RANK: 0 - CUDA_VISIBLE_DEVICES: [0]
[I 2023-12-15 15:16:14,726] Trial 29 finished with value: 80.52220916748047 and parameters: {'gradient_clip_val': 0.7632669645243094, 'hidden_size': 11, 'dropout': 0.2239412947860821, 'hidden_continuous_size': 8, 'attention_head_size': 2, 'learning_rate': 0.001015333259082692}. Best is trial 3 with value: 55.164581298828125.
LOCAL_RANK: 0 - CUDA_VISIBLE_DEVICES: [0]
[I 2023-12-15 15:17:07,885] Trial 30 finished with value: 107.49883270263672 and parameters: {'gradient_clip_val': 0.987691687782931, 'hidden_size': 75, 'dropout': 0.21593349245605, 'hidden_continuous_size': 18, 'attention_head_size': 1, 'learning_rate': 0.004358933032782688}. Best is trial 3 with value: 55.164581298828125.
LOCAL_RANK: 0 - CUDA_VISIBLE_DEVICES: [0]
[I 2023-12-15 15:17:53,109] Trial 31 finished with value: 53.731502532958984 and parameters: {'gradient_clip_val': 0.8260409588809662, 'hidden_size': 11, 'dropout': 0.19916837584760086, 'hidden_continuous_size': 7, 'attention_head_size': 2, 'learning_rate': 0.003174130903199157}. Best is trial 31 with value: 53.731502532958984.
LOCAL_RANK: 0 - CUDA_VISIBLE_DEVICES: [0]
[I 2023-12-15 15:18:38,852] Trial 32 finished with value: 110.43328857421875 and parameters: {'gradient_clip_val': 0.8341306427129682, 'hidden_size': 14, 'dropout': 0.17335820632102691, 'hidden_continuous_size': 9, 'attention_head_size': 2, 'learning_rate': 0.002242891569577759}. Best is trial 31 with value: 53.731502532958984.
LOCAL_RANK: 0 - CUDA_VISIBLE_DEVICES: [0]
[I 2023-12-15 15:19:26,441] Trial 33 finished with value: 54.76799392700195 and parameters: {'gradient_clip_val': 0.8133821821720502, 'hidden_size': 19, 'dropout': 0.20388592744774264, 'hidden_continuous_size': 9, 'attention_head_size': 2, 'learning_rate': 0.0028225688235959437}. Best is trial 31 with value: 53.731502532958984.
LOCAL_RANK: 0 - CUDA_VISIBLE_DEVICES: [0]
[I 2023-12-15 15:20:14,056] Trial 34 finished with value: 50.19023513793945 and parameters: {'gradient_clip_val': 0.8354053397186677, 'hidden_size': 17, 'dropout': 0.23462519340564025, 'hidden_continuous_size': 10, 'attention_head_size': 3, 'learning_rate': 0.00188964682167666}. Best is trial 34 with value: 50.19023513793945.
LOCAL_RANK: 0 - CUDA_VISIBLE_DEVICES: [0]
[I 2023-12-15 15:21:00,577] Trial 35 finished with value: 64.55115509033203 and parameters: {'gradient_clip_val': 0.803978377939784, 'hidden_size': 15, 'dropout': 0.2071496246645691, 'hidden_continuous_size': 9, 'attention_head_size': 3, 'learning_rate': 0.0018959553146751839}. Best is trial 34 with value: 50.19023513793945.
LOCAL_RANK: 0 - CUDA_VISIBLE_DEVICES: [0]
[I 2023-12-15 15:21:48,802] Trial 36 finished with value: 57.352508544921875 and parameters: {'gradient_clip_val': 0.8652560385700063, 'hidden_size': 19, 'dropout': 0.24976922887999353, 'hidden_continuous_size': 10, 'attention_head_size': 3, 'learning_rate': 0.0013070521282866692}. Best is trial 34 with value: 50.19023513793945.
LOCAL_RANK: 0 - CUDA_VISIBLE_DEVICES: [0]
[I 2023-12-15 15:22:37,862] Trial 37 finished with value: 122.81499481201172 and parameters: {'gradient_clip_val': 0.8246547979536014, 'hidden_size': 26, 'dropout': 0.23915074235990152, 'hidden_continuous_size': 10, 'attention_head_size': 3, 'learning_rate': 0.0012447496986365237}. Best is trial 34 with value: 50.19023513793945.
LOCAL_RANK: 0 - CUDA_VISIBLE_DEVICES: [0]
[I 2023-12-15 15:23:25,250] Trial 38 finished with value: 90.10631561279297 and parameters: {'gradient_clip_val': 0.8877976456618268, 'hidden_size': 17, 'dropout': 0.20050041534593738, 'hidden_continuous_size': 11, 'attention_head_size': 3, 'learning_rate': 0.001888421403449386}. Best is trial 34 with value: 50.19023513793945.
LOCAL_RANK: 0 - CUDA_VISIBLE_DEVICES: [0]
[I 2023-12-15 15:24:11,812] Trial 39 finished with value: 139.215576171875 and parameters: {'gradient_clip_val': 0.652099253048468, 'hidden_size': 17, 'dropout': 0.21212836946254834, 'hidden_continuous_size': 9, 'attention_head_size': 2, 'learning_rate': 0.0029880808452069814}. Best is trial 34 with value: 50.19023513793945.
LOCAL_RANK: 0 - CUDA_VISIBLE_DEVICES: [0]
[I 2023-12-15 15:24:59,662] Trial 40 finished with value: 72.9972915649414 and parameters: {'gradient_clip_val': 0.7312576014164505, 'hidden_size': 24, 'dropout': 0.1770931787088541, 'hidden_continuous_size': 13, 'attention_head_size': 3, 'learning_rate': 0.0008221824305307678}. Best is trial 34 with value: 50.19023513793945.
LOCAL_RANK: 0 - CUDA_VISIBLE_DEVICES: [0]
[I 2023-12-15 15:25:43,920] Trial 41 finished with value: 77.9468002319336 and parameters: {'gradient_clip_val': 0.9115450856255404, 'hidden_size': 12, 'dropout': 0.22912972836082698, 'hidden_continuous_size': 7, 'attention_head_size': 2, 'learning_rate': 0.00274183660747144}. Best is trial 34 with value: 50.19023513793945.
LOCAL_RANK: 0 - CUDA_VISIBLE_DEVICES: [0]
[I 2023-12-15 15:26:29,095] Trial 42 finished with value: 69.64376831054688 and parameters: {'gradient_clip_val': 0.905951237788661, 'hidden_size': 9, 'dropout': 0.210921943743952, 'hidden_continuous_size': 7, 'attention_head_size': 2, 'learning_rate': 0.00213043580172784}. Best is trial 34 with value: 50.19023513793945.
LOCAL_RANK: 0 - CUDA_VISIBLE_DEVICES: [0]
[I 2023-12-15 15:27:15,011] Trial 43 finished with value: 70.98160552978516 and parameters: {'gradient_clip_val': 0.7774132664426516, 'hidden_size': 15, 'dropout': 0.2260651865349749, 'hidden_continuous_size': 9, 'attention_head_size': 2, 'learning_rate': 0.0015626863041316975}. Best is trial 34 with value: 50.19023513793945.
LOCAL_RANK: 0 - CUDA_VISIBLE_DEVICES: [0]
[I 2023-12-15 15:27:59,348] Trial 44 finished with value: 82.184326171875 and parameters: {'gradient_clip_val': 0.9787209917829119, 'hidden_size': 12, 'dropout': 0.27354605951445465, 'hidden_continuous_size': 8, 'attention_head_size': 2, 'learning_rate': 0.002672771358740887}. Best is trial 34 with value: 50.19023513793945.
LOCAL_RANK: 0 - CUDA_VISIBLE_DEVICES: [0]
