[I 2023-12-16 10:11:50,840] Trial 8 finished with value: 0.7119255661964417 and parameters: {'gradient_clip_val': 0.40450452748075677, 'hidden_size': 29, 'dropout': 0.30146166055447454, 'hidden_continuous_size': 8, 'attention_head_size': 2, 'learning_rate': 0.0028384603244777738}. Best is trial 8 with value: 0.7119255661964417.
LOCAL_RANK: 0 - CUDA_VISIBLE_DEVICES: [0]
[I 2023-12-16 10:12:35,500] Trial 9 finished with value: 0.8373544216156006 and parameters: {'gradient_clip_val': 0.1594169536898244, 'hidden_size': 6, 'dropout': 0.13587163389354076, 'hidden_continuous_size': 5, 'attention_head_size': 1, 'learning_rate': 0.00427626823506747}. Best is trial 8 with value: 0.7119255661964417.
LOCAL_RANK: 0 - CUDA_VISIBLE_DEVICES: [0]
[I 2023-12-16 10:13:29,328] Trial 10 finished with value: 2.5324623584747314 and parameters: {'gradient_clip_val': 0.38945736684989485, 'hidden_size': 80, 'dropout': 0.3781509233398439, 'hidden_continuous_size': 30, 'attention_head_size': 2, 'learning_rate': 0.01787969688559174}. Best is trial 8 with value: 0.7119255661964417.
LOCAL_RANK: 0 - CUDA_VISIBLE_DEVICES: [0]
[I 2023-12-16 10:14:03,210] Trial 11 finished with value: 1.591412901878357 and parameters: {'gradient_clip_val': 0.10383458244882511, 'hidden_size': 5, 'dropout': 0.13088467424691363, 'hidden_continuous_size': 5, 'attention_head_size': 1, 'learning_rate': 0.01769621646469802}. Best is trial 8 with value: 0.7119255661964417.
LOCAL_RANK: 0 - CUDA_VISIBLE_DEVICES: [0]
[I 2023-12-16 10:14:48,264] Trial 12 finished with value: 0.9375699162483215 and parameters: {'gradient_clip_val': 0.3414624821953858, 'hidden_size': 7, 'dropout': 0.11005776670013187, 'hidden_continuous_size': 5, 'attention_head_size': 2, 'learning_rate': 0.001815959139782449}. Best is trial 8 with value: 0.7119255661964417.
LOCAL_RANK: 0 - CUDA_VISIBLE_DEVICES: [0]
[I 2023-12-16 10:15:33,534] Trial 13 finished with value: 1.1262584924697876 and parameters: {'gradient_clip_val': 0.9663281392319166, 'hidden_size': 14, 'dropout': 0.33001268149141916, 'hidden_continuous_size': 6, 'attention_head_size': 1, 'learning_rate': 0.011326396151774203}. Best is trial 8 with value: 0.7119255661964417.
LOCAL_RANK: 0 - CUDA_VISIBLE_DEVICES: [0]
[I 2023-12-16 10:16:18,770] Trial 14 finished with value: 2.064375877380371 and parameters: {'gradient_clip_val': 0.16971489032598822, 'hidden_size': 9, 'dropout': 0.21147118797144382, 'hidden_continuous_size': 6, 'attention_head_size': 2, 'learning_rate': 0.0012136983949309443}. Best is trial 8 with value: 0.7119255661964417.
LOCAL_RANK: 0 - CUDA_VISIBLE_DEVICES: [0]
[I 2023-12-16 10:17:05,714] Trial 15 finished with value: 1.3536558151245117 and parameters: {'gradient_clip_val': 0.3267723920154563, 'hidden_size': 19, 'dropout': 0.20675196410318458, 'hidden_continuous_size': 7, 'attention_head_size': 1, 'learning_rate': 0.0035659176514127545}. Best is trial 8 with value: 0.7119255661964417.
LOCAL_RANK: 0 - CUDA_VISIBLE_DEVICES: [0]
[I 2023-12-16 10:17:39,811] Trial 16 finished with value: 0.9426329135894775 and parameters: {'gradient_clip_val': 0.24374889288760357, 'hidden_size': 5, 'dropout': 0.11390290252843226, 'hidden_continuous_size': 5, 'attention_head_size': 2, 'learning_rate': 0.008829439888859193}. Best is trial 8 with value: 0.7119255661964417.
LOCAL_RANK: 0 - CUDA_VISIBLE_DEVICES: [0]
[I 2023-12-16 10:18:25,275] Trial 17 finished with value: 0.7105587124824524 and parameters: {'gradient_clip_val': 0.4449395173507716, 'hidden_size': 15, 'dropout': 0.33047003273406506, 'hidden_continuous_size': 6, 'attention_head_size': 1, 'learning_rate': 0.0024637828564368887}. Best is trial 17 with value: 0.7105587124824524.
LOCAL_RANK: 0 - CUDA_VISIBLE_DEVICES: [0]
[I 2023-12-16 10:19:10,789] Trial 18 finished with value: 0.9532227516174316 and parameters: {'gradient_clip_val': 0.4632596954846845, 'hidden_size': 15, 'dropout': 0.34771523368280294, 'hidden_continuous_size': 6, 'attention_head_size': 2, 'learning_rate': 0.0009596866058704731}. Best is trial 17 with value: 0.7105587124824524.
LOCAL_RANK: 0 - CUDA_VISIBLE_DEVICES: [0]
[I 2023-12-16 10:19:56,415] Trial 19 finished with value: 2.4603271484375 and parameters: {'gradient_clip_val': 0.4404568272569921, 'hidden_size': 9, 'dropout': 0.3923849625174788, 'hidden_continuous_size': 6, 'attention_head_size': 3, 'learning_rate': 0.002149197794473726}. Best is trial 17 with value: 0.7105587124824524.
LOCAL_RANK: 0 - CUDA_VISIBLE_DEVICES: [0]
[I 2023-12-16 10:20:45,169] Trial 20 finished with value: 0.6910545229911804 and parameters: {'gradient_clip_val': 0.5787751192673851, 'hidden_size': 25, 'dropout': 0.3132992540291321, 'hidden_continuous_size': 9, 'attention_head_size': 1, 'learning_rate': 0.0031995219692349803}. Best is trial 20 with value: 0.6910545229911804.
LOCAL_RANK: 0 - CUDA_VISIBLE_DEVICES: [0]
[I 2023-12-16 10:21:33,457] Trial 21 finished with value: 0.7954978942871094 and parameters: {'gradient_clip_val': 0.5594125732078176, 'hidden_size': 25, 'dropout': 0.3120887977987535, 'hidden_continuous_size': 9, 'attention_head_size': 1, 'learning_rate': 0.0029684609376443402}. Best is trial 20 with value: 0.6910545229911804.
LOCAL_RANK: 0 - CUDA_VISIBLE_DEVICES: [0]
[I 2023-12-16 10:22:20,808] Trial 22 finished with value: 0.9065375924110413 and parameters: {'gradient_clip_val': 0.38971570329449634, 'hidden_size': 19, 'dropout': 0.3077402462254955, 'hidden_continuous_size': 7, 'attention_head_size': 1, 'learning_rate': 0.0024124161183060964}. Best is trial 20 with value: 0.6910545229911804.
LOCAL_RANK: 0 - CUDA_VISIBLE_DEVICES: [0]
[I 2023-12-16 10:23:09,148] Trial 23 finished with value: 1.629828929901123 and parameters: {'gradient_clip_val': 0.5914541534543457, 'hidden_size': 32, 'dropout': 0.34468755553749364, 'hidden_continuous_size': 10, 'attention_head_size': 2, 'learning_rate': 0.0013473174276768822}. Best is trial 20 with value: 0.6910545229911804.
LOCAL_RANK: 0 - CUDA_VISIBLE_DEVICES: [0]
[I 2023-12-16 10:23:57,279] Trial 24 finished with value: 0.967242419719696 and parameters: {'gradient_clip_val': 0.3055664108173666, 'hidden_size': 23, 'dropout': 0.2787569570997206, 'hidden_continuous_size': 8, 'attention_head_size': 1, 'learning_rate': 0.003143159794324628}. Best is trial 20 with value: 0.6910545229911804.
LOCAL_RANK: 0 - CUDA_VISIBLE_DEVICES: [0]
[I 2023-12-16 10:24:43,587] Trial 25 finished with value: 1.0533219575881958 and parameters: {'gradient_clip_val': 0.5193485482775918, 'hidden_size': 17, 'dropout': 0.3633830022849609, 'hidden_continuous_size': 7, 'attention_head_size': 2, 'learning_rate': 0.0009349054974660153}. Best is trial 20 with value: 0.6910545229911804.
LOCAL_RANK: 0 - CUDA_VISIBLE_DEVICES: [0]
[I 2023-12-16 10:25:29,554] Trial 26 finished with value: 1.5876563787460327 and parameters: {'gradient_clip_val': 0.3907421792716949, 'hidden_size': 11, 'dropout': 0.3195182742710745, 'hidden_continuous_size': 8, 'attention_head_size': 1, 'learning_rate': 0.006804273153372442}. Best is trial 20 with value: 0.6910545229911804.
LOCAL_RANK: 0 - CUDA_VISIBLE_DEVICES: [0]
[I 2023-12-16 10:26:17,702] Trial 27 finished with value: 1.002425193786621 and parameters: {'gradient_clip_val': 0.6767762009532801, 'hidden_size': 21, 'dropout': 0.3432852777432711, 'hidden_continuous_size': 10, 'attention_head_size': 1, 'learning_rate': 0.0018460046656970375}. Best is trial 20 with value: 0.6910545229911804.
LOCAL_RANK: 0 - CUDA_VISIBLE_DEVICES: [0]
[I 2023-12-16 10:27:03,990] Trial 28 finished with value: 1.1959351301193237 and parameters: {'gradient_clip_val': 0.5121896700437464, 'hidden_size': 17, 'dropout': 0.2970986038209997, 'hidden_continuous_size': 7, 'attention_head_size': 2, 'learning_rate': 0.002574981230551214}. Best is trial 20 with value: 0.6910545229911804.
LOCAL_RANK: 0 - CUDA_VISIBLE_DEVICES: [0]
[I 2023-12-16 10:27:54,148] Trial 29 finished with value: 1.6445330381393433 and parameters: {'gradient_clip_val': 0.6501914247028509, 'hidden_size': 34, 'dropout': 0.3996285949145361, 'hidden_continuous_size': 11, 'attention_head_size': 3, 'learning_rate': 0.0006490539362708542}. Best is trial 20 with value: 0.6910545229911804.
LOCAL_RANK: 0 - CUDA_VISIBLE_DEVICES: [0]
[I 2023-12-16 10:28:41,780] Trial 30 finished with value: 1.1474800109863281 and parameters: {'gradient_clip_val': 0.777778591841699, 'hidden_size': 28, 'dropout': 0.3254960100707733, 'hidden_continuous_size': 12, 'attention_head_size': 1, 'learning_rate': 0.003562764688782686}. Best is trial 20 with value: 0.6910545229911804.
LOCAL_RANK: 0 - CUDA_VISIBLE_DEVICES: [0]
[I 2023-12-16 10:29:29,268] Trial 31 finished with value: 0.9259894490242004 and parameters: {'gradient_clip_val': 0.5583418173835267, 'hidden_size': 24, 'dropout': 0.30411310818405196, 'hidden_continuous_size': 9, 'attention_head_size': 1, 'learning_rate': 0.003055960026171443}. Best is trial 20 with value: 0.6910545229911804.
LOCAL_RANK: 0 - CUDA_VISIBLE_DEVICES: [0]
[I 2023-12-16 10:30:21,284] Trial 32 finished with value: 1.0346919298171997 and parameters: {'gradient_clip_val': 0.4898864989116419, 'hidden_size': 42, 'dropout': 0.31559123956369667, 'hidden_continuous_size': 12, 'attention_head_size': 1, 'learning_rate': 0.001963012861731528}. Best is trial 20 with value: 0.6910545229911804.
LOCAL_RANK: 0 - CUDA_VISIBLE_DEVICES: [0]
[I 2023-12-16 10:31:10,073] Trial 33 finished with value: 1.8630256652832031 and parameters: {'gradient_clip_val': 0.4322138347799577, 'hidden_size': 26, 'dropout': 0.2758925916780975, 'hidden_continuous_size': 10, 'attention_head_size': 1, 'learning_rate': 0.002833245679162118}. Best is trial 20 with value: 0.6910545229911804.
LOCAL_RANK: 0 - CUDA_VISIBLE_DEVICES: [0]
[I 2023-12-16 10:32:00,318] Trial 34 finished with value: 0.9750372767448425 and parameters: {'gradient_clip_val': 0.6101398136930336, 'hidden_size': 37, 'dropout': 0.3597127566135152, 'hidden_continuous_size': 9, 'attention_head_size': 2, 'learning_rate': 0.001535558548700813}. Best is trial 20 with value: 0.6910545229911804.
LOCAL_RANK: 0 - CUDA_VISIBLE_DEVICES: [0]
[I 2023-12-16 10:32:48,996] Trial 35 finished with value: 1.995714545249939 and parameters: {'gradient_clip_val': 0.563895506661415, 'hidden_size': 23, 'dropout': 0.2937077354551458, 'hidden_continuous_size': 8, 'attention_head_size': 1, 'learning_rate': 0.002367369129519521}. Best is trial 20 with value: 0.6910545229911804.
LOCAL_RANK: 0 - CUDA_VISIBLE_DEVICES: [0]
[I 2023-12-16 10:33:38,436] Trial 36 finished with value: 1.7738560438156128 and parameters: {'gradient_clip_val': 0.3679799902076857, 'hidden_size': 31, 'dropout': 0.26584744955844936, 'hidden_continuous_size': 11, 'attention_head_size': 1, 'learning_rate': 0.0036781427775722415}. Best is trial 20 with value: 0.6910545229911804.
LOCAL_RANK: 0 - CUDA_VISIBLE_DEVICES: [0]
[I 2023-12-16 10:34:25,781] Trial 37 finished with value: 1.2930086851119995 and parameters: {'gradient_clip_val': 0.274212831708415, 'hidden_size': 20, 'dropout': 0.3068816079163892, 'hidden_continuous_size': 9, 'attention_head_size': 2, 'learning_rate': 0.004493367677494628}. Best is trial 20 with value: 0.6910545229911804.
LOCAL_RANK: 0 - CUDA_VISIBLE_DEVICES: [0]
[I 2023-12-16 10:35:17,599] Trial 38 finished with value: 1.0709915161132812 and parameters: {'gradient_clip_val': 0.7329449841153889, 'hidden_size': 48, 'dropout': 0.33266955343796495, 'hidden_continuous_size': 15, 'attention_head_size': 3, 'learning_rate': 0.006125849129018385}. Best is trial 20 with value: 0.6910545229911804.
LOCAL_RANK: 0 - CUDA_VISIBLE_DEVICES: [0]
[I 2023-12-16 10:36:06,488] Trial 39 finished with value: 0.7275492548942566 and parameters: {'gradient_clip_val': 0.42650138437018087, 'hidden_size': 28, 'dropout': 0.2837740445987601, 'hidden_continuous_size': 13, 'attention_head_size': 4, 'learning_rate': 0.001472204889261034}. Best is trial 20 with value: 0.6910545229911804.
LOCAL_RANK: 0 - CUDA_VISIBLE_DEVICES: [0]
[I 2023-12-16 10:36:57,999] Trial 40 finished with value: 0.7906035780906677 and parameters: {'gradient_clip_val': 0.42496943761726436, 'hidden_size': 31, 'dropout': 0.26082362647288965, 'hidden_continuous_size': 18, 'attention_head_size': 4, 'learning_rate': 0.0016019335935526311}. Best is trial 20 with value: 0.6910545229911804.
LOCAL_RANK: 0 - CUDA_VISIBLE_DEVICES: [0]
[I 2023-12-16 10:37:48,023] Trial 41 finished with value: 0.7051878571510315 and parameters: {'gradient_clip_val': 0.4249540630178167, 'hidden_size': 30, 'dropout': 0.26355655061763256, 'hidden_continuous_size': 13, 'attention_head_size': 4, 'learning_rate': 0.0015820018386601361}. Best is trial 20 with value: 0.6910545229911804.
LOCAL_RANK: 0 - CUDA_VISIBLE_DEVICES: [0]
[I 2023-12-16 10:38:39,751] Trial 42 finished with value: 0.8813572525978088 and parameters: {'gradient_clip_val': 0.3393565290090394, 'hidden_size': 37, 'dropout': 0.2879947886158651, 'hidden_continuous_size': 13, 'attention_head_size': 4, 'learning_rate': 0.0011979783490071406}. Best is trial 20 with value: 0.6910545229911804.
LOCAL_RANK: 0 - CUDA_VISIBLE_DEVICES: [0]
[I 2023-12-16 10:39:29,837] Trial 43 finished with value: 0.7705099582672119 and parameters: {'gradient_clip_val': 0.46970617579786306, 'hidden_size': 25, 'dropout': 0.25320665983159807, 'hidden_continuous_size': 13, 'attention_head_size': 4, 'learning_rate': 0.001936210410468826}. Best is trial 20 with value: 0.6910545229911804.
LOCAL_RANK: 0 - CUDA_VISIBLE_DEVICES: [0]
[I 2023-12-16 10:40:20,046] Trial 44 finished with value: 1.208451271057129 and parameters: {'gradient_clip_val': 0.4065441281744434, 'hidden_size': 27, 'dropout': 0.28510538685786885, 'hidden_continuous_size': 14, 'attention_head_size': 4, 'learning_rate': 0.0010038925414657689}. Best is trial 20 with value: 0.6910545229911804.
LOCAL_RANK: 0 - CUDA_VISIBLE_DEVICES: [0]
[I 2023-12-16 10:41:12,527] Trial 45 finished with value: 1.8548368215560913 and parameters: {'gradient_clip_val': 0.3483376729388872, 'hidden_size': 37, 'dropout': 0.27141455284981425, 'hidden_continuous_size': 16, 'attention_head_size': 4, 'learning_rate': 0.0016591761927802519}. Best is trial 20 with value: 0.6910545229911804.
LOCAL_RANK: 0 - CUDA_VISIBLE_DEVICES: [0]
[I 2023-12-16 10:42:01,963] Trial 46 finished with value: 1.1672347784042358 and parameters: {'gradient_clip_val': 0.3699812320620303, 'hidden_size': 29, 'dropout': 0.2391919694723821, 'hidden_continuous_size': 11, 'attention_head_size': 3, 'learning_rate': 0.0023528373107091403}. Best is trial 20 with value: 0.6910545229911804.
LOCAL_RANK: 0 - CUDA_VISIBLE_DEVICES: [0]
[I 2023-12-16 10:42:54,759] Trial 47 finished with value: 2.0587146282196045 and parameters: {'gradient_clip_val': 0.4843571579766493, 'hidden_size': 52, 'dropout': 0.2952841204065233, 'hidden_continuous_size': 18, 'attention_head_size': 3, 'learning_rate': 0.0040404554095957584}. Best is trial 20 with value: 0.6910545229911804.
LOCAL_RANK: 0 - CUDA_VISIBLE_DEVICES: [0]
[I 2023-12-16 10:43:48,132] Trial 48 finished with value: 1.6993240118026733 and parameters: {'gradient_clip_val': 0.42551949056330834, 'hidden_size': 42, 'dropout': 0.3237966780889424, 'hidden_continuous_size': 20, 'attention_head_size': 4, 'learning_rate': 0.005256677884027691}. Best is trial 20 with value: 0.6910545229911804.
LOCAL_RANK: 0 - CUDA_VISIBLE_DEVICES: [0]
[I 2023-12-16 10:44:35,890] Trial 49 finished with value: 1.363882064819336 and parameters: {'gradient_clip_val': 0.31369750242397754, 'hidden_size': 17, 'dropout': 0.28130184242188044, 'hidden_continuous_size': 10, 'attention_head_size': 4, 'learning_rate': 0.0011441434564496947}. Best is trial 20 with value: 0.6910545229911804.
[I 2023-12-16 10:44:35,984] A new study created in memory with name: no-name-a7435298-f8b7-4e7e-9f30-e02986063d24
/home/le004/conda/anaconda3/envs/tsff_env/lib/python3.9/site-packages/lightning/fabric/plugins/environments/slurm.py:191: The `srun` command is available on your system but is not used. HINT: If your intention is to run Lightning on SLURM, prepend your python command with `srun` like so: srun python /home/le004/master_thesis/git/TSFusionForecast/code/ ...
LOCAL_RANK: 0 - CUDA_VISIBLE_DEVICES: [0]
[I 2023-12-16 10:45:20,730] Trial 0 finished with value: 0.9866423606872559 and parameters: {'gradient_clip_val': 0.15753738091892824, 'hidden_size': 8, 'dropout': 0.31689232770114883, 'hidden_continuous_size': 5, 'attention_head_size': 4, 'learning_rate': 0.002389793733530432}. Best is trial 0 with value: 0.9866423606872559.
LOCAL_RANK: 0 - CUDA_VISIBLE_DEVICES: [0]
[I 2023-12-16 10:46:05,820] Trial 1 finished with value: 0.18320083618164062 and parameters: {'gradient_clip_val': 0.11444578843234833, 'hidden_size': 16, 'dropout': 0.2684246563157954, 'hidden_continuous_size': 8, 'attention_head_size': 3, 'learning_rate': 0.04379098143079246}. Best is trial 1 with value: 0.18320083618164062.
LOCAL_RANK: 0 - CUDA_VISIBLE_DEVICES: [0]
[I 2023-12-16 10:46:58,842] Trial 2 finished with value: 0.13715916872024536 and parameters: {'gradient_clip_val': 0.5810961311212952, 'hidden_size': 60, 'dropout': 0.12927468044947488, 'hidden_continuous_size': 13, 'attention_head_size': 3, 'learning_rate': 0.03846887980210386}. Best is trial 2 with value: 0.13715916872024536.
LOCAL_RANK: 0 - CUDA_VISIBLE_DEVICES: [0]
[I 2023-12-16 10:47:52,964] Trial 3 finished with value: 1.3902679681777954 and parameters: {'gradient_clip_val': 0.39036514467644434, 'hidden_size': 51, 'dropout': 0.23664891373168906, 'hidden_continuous_size': 42, 'attention_head_size': 3, 'learning_rate': 0.009717690337645636}. Best is trial 2 with value: 0.13715916872024536.
LOCAL_RANK: 0 - CUDA_VISIBLE_DEVICES: [0]
[I 2023-12-16 10:48:28,024] Trial 4 finished with value: 0.13129569590091705 and parameters: {'gradient_clip_val': 0.38510776328875823, 'hidden_size': 5, 'dropout': 0.3698258701547533, 'hidden_continuous_size': 5, 'attention_head_size': 4, 'learning_rate': 0.03292660814067537}. Best is trial 4 with value: 0.13129569590091705.
LOCAL_RANK: 0 - CUDA_VISIBLE_DEVICES: [0]
[I 2023-12-16 10:49:01,727] Trial 5 finished with value: 0.2608233094215393 and parameters: {'gradient_clip_val': 0.1305944706589689, 'hidden_size': 5, 'dropout': 0.21120614588056857, 'hidden_continuous_size': 5, 'attention_head_size': 1, 'learning_rate': 0.05011116646612999}. Best is trial 4 with value: 0.13129569590091705.
LOCAL_RANK: 0 - CUDA_VISIBLE_DEVICES: [0]
[I 2023-12-16 10:49:47,785] Trial 6 finished with value: 0.8681629300117493 and parameters: {'gradient_clip_val': 0.35059692777740253, 'hidden_size': 9, 'dropout': 0.2956908339371498, 'hidden_continuous_size': 8, 'attention_head_size': 4, 'learning_rate': 0.017584643109706137}. Best is trial 4 with value: 0.13129569590091705.
LOCAL_RANK: 0 - CUDA_VISIBLE_DEVICES: [0]
[I 2023-12-16 10:50:40,944] Trial 7 finished with value: 0.285527765750885 and parameters: {'gradient_clip_val': 0.10644485222118868, 'hidden_size': 38, 'dropout': 0.10690760867844737, 'hidden_continuous_size': 31, 'attention_head_size': 3, 'learning_rate': 0.08553424452953043}. Best is trial 4 with value: 0.13129569590091705.
LOCAL_RANK: 0 - CUDA_VISIBLE_DEVICES: [0]
[I 2023-12-16 10:51:34,626] Trial 8 finished with value: 0.0613383911550045 and parameters: {'gradient_clip_val': 0.3608700719888488, 'hidden_size': 86, 'dropout': 0.352412496387291, 'hidden_continuous_size': 15, 'attention_head_size': 1, 'learning_rate': 0.011601753772107547}. Best is trial 8 with value: 0.0613383911550045.
LOCAL_RANK: 0 - CUDA_VISIBLE_DEVICES: [0]
[I 2023-12-16 10:52:18,432] Trial 9 finished with value: 0.06105966493487358 and parameters: {'gradient_clip_val': 0.17938852786599646, 'hidden_size': 12, 'dropout': 0.27386893337898166, 'hidden_continuous_size': 5, 'attention_head_size': 1, 'learning_rate': 0.02845961691707958}. Best is trial 9 with value: 0.06105966493487358.
LOCAL_RANK: 0 - CUDA_VISIBLE_DEVICES: [0]
[I 2023-12-16 10:53:07,002] Trial 10 finished with value: 1.037556767463684 and parameters: {'gradient_clip_val': 0.23987268054696204, 'hidden_size': 23, 'dropout': 0.18822146319662006, 'hidden_continuous_size': 7, 'attention_head_size': 2, 'learning_rate': 0.0007154910301252066}. Best is trial 9 with value: 0.06105966493487358.
LOCAL_RANK: 0 - CUDA_VISIBLE_DEVICES: [0]
[I 2023-12-16 10:54:01,751] Trial 11 finished with value: 1.8847099542617798 and parameters: {'gradient_clip_val': 0.9541237455040587, 'hidden_size': 94, 'dropout': 0.36814670479748796, 'hidden_continuous_size': 18, 'attention_head_size': 1, 'learning_rate': 0.009209438339548653}. Best is trial 9 with value: 0.06105966493487358.
LOCAL_RANK: 0 - CUDA_VISIBLE_DEVICES: [0]
[I 2023-12-16 10:54:50,303] Trial 12 finished with value: 0.027013637125492096 and parameters: {'gradient_clip_val': 0.20225258600554183, 'hidden_size': 23, 'dropout': 0.3247833778892488, 'hidden_continuous_size': 11, 'attention_head_size': 1, 'learning_rate': 0.01698577693903244}. Best is trial 12 with value: 0.027013637125492096.
LOCAL_RANK: 0 - CUDA_VISIBLE_DEVICES: [0]
[I 2023-12-16 10:55:38,074] Trial 13 finished with value: 0.2670852541923523 and parameters: {'gradient_clip_val': 0.18463785706239713, 'hidden_size': 20, 'dropout': 0.31448165248646176, 'hidden_continuous_size': 10, 'attention_head_size': 2, 'learning_rate': 0.019469099453986605}. Best is trial 12 with value: 0.027013637125492096.
LOCAL_RANK: 0 - CUDA_VISIBLE_DEVICES: [0]
[I 2023-12-16 10:56:23,472] Trial 14 finished with value: 0.25454506278038025 and parameters: {'gradient_clip_val': 0.21542392065022095, 'hidden_size': 15, 'dropout': 0.39138040072748226, 'hidden_continuous_size': 6, 'attention_head_size': 2, 'learning_rate': 0.004932518074036806}. Best is trial 12 with value: 0.027013637125492096.
LOCAL_RANK: 0 - CUDA_VISIBLE_DEVICES: [0]
