[I 2023-12-26 18:06:06,021] Trial 42 finished with value: 1.8725835084915161 and parameters: {'gradient_clip_val': 0.12526937653237644, 'hidden_size': 74, 'dropout': 0.4577735412221188, 'hidden_continuous_size': 14, 'attention_head_size': 4, 'learning_rate': 0.04670500782256581}. Best is trial 0 with value: 1.1607683897018433.
[I 2023-12-26 18:06:14,763] Trial 43 finished with value: 2.572760581970215 and parameters: {'gradient_clip_val': 0.17641273830956594, 'hidden_size': 105, 'dropout': 0.4855213133258089, 'hidden_continuous_size': 9, 'attention_head_size': 4, 'learning_rate': 0.021212985911567648}. Best is trial 0 with value: 1.1607683897018433.
[I 2023-12-26 18:06:19,904] Trial 44 finished with value: 1.688246726989746 and parameters: {'gradient_clip_val': 0.15278411734189454, 'hidden_size': 57, 'dropout': 0.40605227518213266, 'hidden_continuous_size': 13, 'attention_head_size': 3, 'learning_rate': 0.015277093954144215}. Best is trial 0 with value: 1.1607683897018433.
[I 2023-12-26 18:06:29,997] Trial 45 finished with value: 1.8946832418441772 and parameters: {'gradient_clip_val': 0.21333126259730134, 'hidden_size': 125, 'dropout': 0.42705290553466135, 'hidden_continuous_size': 17, 'attention_head_size': 4, 'learning_rate': 0.034821621926528934}. Best is trial 0 with value: 1.1607683897018433.
[I 2023-12-26 18:06:35,520] Trial 46 finished with value: 2.060734987258911 and parameters: {'gradient_clip_val': 0.1019709243605226, 'hidden_size': 65, 'dropout': 0.45770838972961186, 'hidden_continuous_size': 21, 'attention_head_size': 2, 'learning_rate': 0.013611521693123615}. Best is trial 0 with value: 1.1607683897018433.
[I 2023-12-26 18:06:42,044] Trial 47 finished with value: 1.7215924263000488 and parameters: {'gradient_clip_val': 0.25128210460747386, 'hidden_size': 80, 'dropout': 0.48874810166198046, 'hidden_continuous_size': 11, 'attention_head_size': 1, 'learning_rate': 0.03399318172641697}. Best is trial 0 with value: 1.1607683897018433.
[I 2023-12-26 18:06:45,882] Trial 48 finished with value: 1.7796235084533691 and parameters: {'gradient_clip_val': 0.29190284515549764, 'hidden_size': 40, 'dropout': 0.44077581339097177, 'hidden_continuous_size': 14, 'attention_head_size': 3, 'learning_rate': 0.026040736062681445}. Best is trial 0 with value: 1.1607683897018433.
[I 2023-12-26 18:06:50,379] Trial 49 finished with value: 2.058603048324585 and parameters: {'gradient_clip_val': 0.23653273491372095, 'hidden_size': 47, 'dropout': 0.46483271307854157, 'hidden_continuous_size': 18, 'attention_head_size': 3, 'learning_rate': 0.0774431539651428}. Best is trial 0 with value: 1.1607683897018433.
[I 2023-12-26 18:06:50,508] A new study created in memory with name: no-name-6be454c1-bd20-46fa-a7bc-9a562b1095e8
/home/le004/conda/anaconda3/envs/tsff_env/lib/python3.9/site-packages/lightning/fabric/plugins/environments/slurm.py:191: The `srun` command is available on your system but is not used. HINT: If your intention is to run Lightning on SLURM, prepend your python command with `srun` like so: srun python /home/le004/master_thesis/git/TSFusionForecast/code/ ...
[I 2023-12-26 18:10:59,345] Trial 0 finished with value: 0.0514422170817852 and parameters: {'gradient_clip_val': 0.24655870163393698, 'hidden_size': 7, 'dropout': 0.10599049243950863, 'hidden_continuous_size': 6, 'attention_head_size': 3, 'learning_rate': 0.011454199275633752}. Best is trial 0 with value: 0.0514422170817852.
[I 2023-12-26 18:11:06,010] Trial 1 finished with value: 2.399686813354492 and parameters: {'gradient_clip_val': 0.3155802801162901, 'hidden_size': 81, 'dropout': 0.47087715734368696, 'hidden_continuous_size': 7, 'attention_head_size': 2, 'learning_rate': 0.00896998478626938}. Best is trial 0 with value: 0.0514422170817852.
[I 2023-12-26 18:11:15,568] Trial 2 finished with value: 1.7444404363632202 and parameters: {'gradient_clip_val': 0.33695158711768164, 'hidden_size': 117, 'dropout': 0.4002778559377377, 'hidden_continuous_size': 7, 'attention_head_size': 1, 'learning_rate': 0.007200134724990179}. Best is trial 0 with value: 0.0514422170817852.
[I 2023-12-26 18:11:18,251] Trial 3 finished with value: 3.023646116256714 and parameters: {'gradient_clip_val': 0.14185789800264895, 'hidden_size': 19, 'dropout': 0.21552023439503165, 'hidden_continuous_size': 5, 'attention_head_size': 3, 'learning_rate': 0.021117358363896607}. Best is trial 0 with value: 0.0514422170817852.
[I 2023-12-26 18:11:21,528] Trial 4 finished with value: 2.377530813217163 and parameters: {'gradient_clip_val': 0.10388477779195163, 'hidden_size': 24, 'dropout': 0.17980614417434207, 'hidden_continuous_size': 23, 'attention_head_size': 2, 'learning_rate': 0.028764863672738925}. Best is trial 0 with value: 0.0514422170817852.
[I 2023-12-26 18:11:23,909] Trial 5 finished with value: 2.4837963581085205 and parameters: {'gradient_clip_val': 0.46388212989728206, 'hidden_size': 9, 'dropout': 0.3770251737733811, 'hidden_continuous_size': 7, 'attention_head_size': 3, 'learning_rate': 0.0007063584543681236}. Best is trial 0 with value: 0.0514422170817852.
[I 2023-12-26 18:11:34,504] Trial 6 finished with value: 2.6456804275512695 and parameters: {'gradient_clip_val': 0.13125427224302977, 'hidden_size': 125, 'dropout': 0.3324324331947014, 'hidden_continuous_size': 59, 'attention_head_size': 2, 'learning_rate': 0.006320651645235884}. Best is trial 0 with value: 0.0514422170817852.
[I 2023-12-26 18:11:37,000] Trial 7 finished with value: 2.8205459117889404 and parameters: {'gradient_clip_val': 0.6179159650248564, 'hidden_size': 13, 'dropout': 0.2544614215434291, 'hidden_continuous_size': 8, 'attention_head_size': 2, 'learning_rate': 0.01436101670367368}. Best is trial 0 with value: 0.0514422170817852.
[I 2023-12-26 18:11:40,573] Trial 8 finished with value: 1.5638734102249146 and parameters: {'gradient_clip_val': 0.10477197025918564, 'hidden_size': 34, 'dropout': 0.43772436667550607, 'hidden_continuous_size': 21, 'attention_head_size': 4, 'learning_rate': 0.030226280667699817}. Best is trial 0 with value: 0.0514422170817852.
[I 2023-12-26 18:11:44,458] Trial 9 finished with value: 2.7663090229034424 and parameters: {'gradient_clip_val': 0.25777016847001344, 'hidden_size': 48, 'dropout': 0.29971022357100785, 'hidden_continuous_size': 5, 'attention_head_size': 2, 'learning_rate': 0.013597388218402931}. Best is trial 0 with value: 0.0514422170817852.
[I 2023-12-26 18:11:46,615] Trial 10 finished with value: 3.0102319717407227 and parameters: {'gradient_clip_val': 0.9977521970384218, 'hidden_size': 5, 'dropout': 0.10041703064698358, 'hidden_continuous_size': 5, 'attention_head_size': 4, 'learning_rate': 0.05701311885446474}. Best is trial 0 with value: 0.0514422170817852.
[I 2023-12-26 18:11:50,268] Trial 11 finished with value: 2.4495489597320557 and parameters: {'gradient_clip_val': 0.21605926378845383, 'hidden_size': 36, 'dropout': 0.46946784221765425, 'hidden_continuous_size': 14, 'attention_head_size': 4, 'learning_rate': 0.08873555234660079}. Best is trial 0 with value: 0.0514422170817852.
[I 2023-12-26 18:11:52,526] Trial 12 finished with value: 2.58022403717041 and parameters: {'gradient_clip_val': 0.18093131847822722, 'hidden_size': 5, 'dropout': 0.11130356715104701, 'hidden_continuous_size': 5, 'attention_head_size': 4, 'learning_rate': 0.040941817820487864}. Best is trial 0 with value: 0.0514422170817852.
[I 2023-12-26 18:11:55,127] Trial 13 finished with value: 2.2543013095855713 and parameters: {'gradient_clip_val': 0.17072902416072278, 'hidden_size': 14, 'dropout': 0.17118051429647613, 'hidden_continuous_size': 6, 'attention_head_size': 3, 'learning_rate': 0.003594239387714461}. Best is trial 0 with value: 0.0514422170817852.
[I 2023-12-26 18:11:58,748] Trial 14 finished with value: 2.6716091632843018 and parameters: {'gradient_clip_val': 0.10458083573596821, 'hidden_size': 34, 'dropout': 0.2824607060682801, 'hidden_continuous_size': 10, 'attention_head_size': 4, 'learning_rate': 0.03249000369583838}. Best is trial 0 with value: 0.0514422170817852.
[I 2023-12-26 18:12:04,644] Trial 15 finished with value: 2.0148212909698486 and parameters: {'gradient_clip_val': 0.21138571854942423, 'hidden_size': 60, 'dropout': 0.36016767340320677, 'hidden_continuous_size': 21, 'attention_head_size': 3, 'learning_rate': 0.0882468129503999}. Best is trial 0 with value: 0.0514422170817852.
[I 2023-12-26 18:12:07,037] Trial 16 finished with value: 2.5062785148620605 and parameters: {'gradient_clip_val': 0.13808279729232573, 'hidden_size': 8, 'dropout': 0.4285275616535397, 'hidden_continuous_size': 6, 'attention_head_size': 4, 'learning_rate': 0.019358289886739183}. Best is trial 0 with value: 0.0514422170817852.
[I 2023-12-26 18:12:10,025] Trial 17 finished with value: 2.104619264602661 and parameters: {'gradient_clip_val': 0.10016901203962027, 'hidden_size': 24, 'dropout': 0.4898218185997585, 'hidden_continuous_size': 10, 'attention_head_size': 3, 'learning_rate': 0.045628109454442865}. Best is trial 0 with value: 0.0514422170817852.
[I 2023-12-26 18:12:13,502] Trial 18 finished with value: 2.59603214263916 and parameters: {'gradient_clip_val': 0.2711152386053614, 'hidden_size': 34, 'dropout': 0.3476019562149256, 'hidden_continuous_size': 14, 'attention_head_size': 1, 'learning_rate': 0.0033678972772328377}. Best is trial 0 with value: 0.0514422170817852.
[I 2023-12-26 18:12:16,245] Trial 19 finished with value: 2.2659687995910645 and parameters: {'gradient_clip_val': 0.1753781933179404, 'hidden_size': 18, 'dropout': 0.41678711390027007, 'hidden_continuous_size': 6, 'attention_head_size': 4, 'learning_rate': 0.026371023624152945}. Best is trial 0 with value: 0.0514422170817852.
[I 2023-12-26 18:12:18,723] Trial 20 finished with value: 1.7862372398376465 and parameters: {'gradient_clip_val': 0.3859285324844132, 'hidden_size': 9, 'dropout': 0.3215753279752657, 'hidden_continuous_size': 6, 'attention_head_size': 3, 'learning_rate': 0.013174763564036922}. Best is trial 0 with value: 0.0514422170817852.
[I 2023-12-26 18:12:28,970] Trial 21 finished with value: 2.7572107315063477 and parameters: {'gradient_clip_val': 0.3582845114718998, 'hidden_size': 119, 'dropout': 0.397582455978245, 'hidden_continuous_size': 54, 'attention_head_size': 1, 'learning_rate': 0.007255553722494521}. Best is trial 0 with value: 0.0514422170817852.
[I 2023-12-26 18:12:36,063] Trial 22 finished with value: 2.4676358699798584 and parameters: {'gradient_clip_val': 0.25679652665882874, 'hidden_size': 83, 'dropout': 0.38905071689700527, 'hidden_continuous_size': 29, 'attention_head_size': 1, 'learning_rate': 0.004149869396659589}. Best is trial 0 with value: 0.0514422170817852.
[I 2023-12-26 18:12:48,348] Trial 23 finished with value: 2.500166177749634 and parameters: {'gradient_clip_val': 0.3051482975267077, 'hidden_size': 141, 'dropout': 0.4384895661924803, 'hidden_continuous_size': 98, 'attention_head_size': 1, 'learning_rate': 0.00914692414321128}. Best is trial 0 with value: 0.0514422170817852.
[I 2023-12-26 18:12:52,799] Trial 24 finished with value: 3.344609498977661 and parameters: {'gradient_clip_val': 0.42317558676615635, 'hidden_size': 49, 'dropout': 0.3586172449104146, 'hidden_continuous_size': 10, 'attention_head_size': 3, 'learning_rate': 0.017917978310111136}. Best is trial 0 with value: 0.0514422170817852.
[I 2023-12-26 18:12:59,467] Trial 25 finished with value: 2.0564987659454346 and parameters: {'gradient_clip_val': 0.20589932378199574, 'hidden_size': 81, 'dropout': 0.4546615374438071, 'hidden_continuous_size': 16, 'attention_head_size': 2, 'learning_rate': 0.010861972188828836}. Best is trial 0 with value: 0.0514422170817852.
[I 2023-12-26 18:13:02,794] Trial 26 finished with value: 2.0344626903533936 and parameters: {'gradient_clip_val': 0.5205839400004486, 'hidden_size': 29, 'dropout': 0.4109912513260689, 'hidden_continuous_size': 8, 'attention_head_size': 4, 'learning_rate': 0.005661683352516465}. Best is trial 0 with value: 0.0514422170817852.
[I 2023-12-26 18:13:07,536] Trial 27 finished with value: 2.3674967288970947 and parameters: {'gradient_clip_val': 0.3488358376361612, 'hidden_size': 49, 'dropout': 0.4949917774632548, 'hidden_continuous_size': 11, 'attention_head_size': 1, 'learning_rate': 0.020002583649666443}. Best is trial 0 with value: 0.0514422170817852.
[I 2023-12-26 18:13:16,165] Trial 28 finished with value: 1.8823246955871582 and parameters: {'gradient_clip_val': 0.24008649899376094, 'hidden_size': 103, 'dropout': 0.37837931901566235, 'hidden_continuous_size': 12, 'attention_head_size': 3, 'learning_rate': 0.002357793291287366}. Best is trial 0 with value: 0.0514422170817852.
[I 2023-12-26 18:13:21,915] Trial 29 finished with value: 1.918718934059143 and parameters: {'gradient_clip_val': 0.31477731878332044, 'hidden_size': 67, 'dropout': 0.45405910969077073, 'hidden_continuous_size': 8, 'attention_head_size': 2, 'learning_rate': 0.008933946026644103}. Best is trial 0 with value: 0.0514422170817852.
[I 2023-12-26 18:13:29,425] Trial 30 finished with value: 2.1427862644195557 and parameters: {'gradient_clip_val': 0.12326371642786438, 'hidden_size': 87, 'dropout': 0.430962537736439, 'hidden_continuous_size': 18, 'attention_head_size': 4, 'learning_rate': 0.011908051172673793}. Best is trial 0 with value: 0.0514422170817852.
[I 2023-12-26 18:13:40,926] Trial 31 finished with value: 1.9654375314712524 and parameters: {'gradient_clip_val': 0.375289195079822, 'hidden_size': 147, 'dropout': 0.3292381470217841, 'hidden_continuous_size': 7, 'attention_head_size': 3, 'learning_rate': 0.014762941678033105}. Best is trial 0 with value: 0.0514422170817852.
[I 2023-12-26 18:13:43,249] Trial 32 finished with value: 1.8649142980575562 and parameters: {'gradient_clip_val': 0.30089815060115643, 'hidden_size': 6, 'dropout': 0.30740889919932185, 'hidden_continuous_size': 5, 'attention_head_size': 3, 'learning_rate': 0.022944809221227287}. Best is trial 0 with value: 0.0514422170817852.
[I 2023-12-26 18:13:45,724] Trial 33 finished with value: 2.052948236465454 and parameters: {'gradient_clip_val': 0.14949903180291413, 'hidden_size': 9, 'dropout': 0.25263208634487133, 'hidden_continuous_size': 6, 'attention_head_size': 3, 'learning_rate': 0.009824562635566664}. Best is trial 0 with value: 0.0514422170817852.
[I 2023-12-26 18:13:48,480] Trial 34 finished with value: 2.808697462081909 and parameters: {'gradient_clip_val': 0.38918480068312006, 'hidden_size': 20, 'dropout': 0.4046133169260099, 'hidden_continuous_size': 7, 'attention_head_size': 2, 'learning_rate': 0.0319877010166332}. Best is trial 0 with value: 0.0514422170817852.
[I 2023-12-26 18:13:50,986] Trial 35 finished with value: 2.3979713916778564 and parameters: {'gradient_clip_val': 0.29523609892926533, 'hidden_size': 11, 'dropout': 0.37697626499710846, 'hidden_continuous_size': 6, 'attention_head_size': 3, 'learning_rate': 0.01766794064797462}. Best is trial 0 with value: 0.0514422170817852.
[I 2023-12-26 18:13:53,320] Trial 36 finished with value: 2.4770662784576416 and parameters: {'gradient_clip_val': 0.3388899092254659, 'hidden_size': 8, 'dropout': 0.17730349097078002, 'hidden_continuous_size': 5, 'attention_head_size': 2, 'learning_rate': 0.007332260036171904}. Best is trial 0 with value: 0.0514422170817852.
[I 2023-12-26 18:13:55,998] Trial 37 finished with value: 3.557204484939575 and parameters: {'gradient_clip_val': 0.42979145712841693, 'hidden_size': 15, 'dropout': 0.21230842351637852, 'hidden_continuous_size': 7, 'attention_head_size': 3, 'learning_rate': 0.013675171770447303}. Best is trial 0 with value: 0.0514422170817852.
[I 2023-12-26 18:13:58,437] Trial 38 finished with value: 2.8110008239746094 and parameters: {'gradient_clip_val': 0.11787033640530294, 'hidden_size': 11, 'dropout': 0.3419832601649971, 'hidden_continuous_size': 6, 'attention_head_size': 2, 'learning_rate': 0.028522103801113655}. Best is trial 0 with value: 0.0514422170817852.
[I 2023-12-26 18:14:01,123] Trial 39 finished with value: 2.537991523742676 and parameters: {'gradient_clip_val': 0.4794193306136844, 'hidden_size': 6, 'dropout': 0.3171200613283861, 'hidden_continuous_size': 5, 'attention_head_size': 4, 'learning_rate': 0.023647339188943354}. Best is trial 0 with value: 0.0514422170817852.
[I 2023-12-26 18:14:09,805] Trial 40 finished with value: 2.3586807250976562 and parameters: {'gradient_clip_val': 0.14712914814639264, 'hidden_size': 103, 'dropout': 0.28314057390504466, 'hidden_continuous_size': 9, 'attention_head_size': 2, 'learning_rate': 0.013983649851460798}. Best is trial 0 with value: 0.0514422170817852.
[I 2023-12-26 18:14:12,214] Trial 41 finished with value: 2.7184526920318604 and parameters: {'gradient_clip_val': 0.29083326717265323, 'hidden_size': 6, 'dropout': 0.2993494345109353, 'hidden_continuous_size': 5, 'attention_head_size': 3, 'learning_rate': 0.023805942683147938}. Best is trial 0 with value: 0.0514422170817852.
[I 2023-12-26 18:14:14,567] Trial 42 finished with value: 2.0375072956085205 and parameters: {'gradient_clip_val': 0.24142428577574604, 'hidden_size': 7, 'dropout': 0.3174882222289437, 'hidden_continuous_size': 5, 'attention_head_size': 3, 'learning_rate': 0.015991599495610236}. Best is trial 0 with value: 0.0514422170817852.
[I 2023-12-26 18:14:17,090] Trial 43 finished with value: 2.9243640899658203 and parameters: {'gradient_clip_val': 0.3230568502859174, 'hidden_size': 11, 'dropout': 0.3688922822235242, 'hidden_continuous_size': 6, 'attention_head_size': 3, 'learning_rate': 0.011481233766857913}. Best is trial 0 with value: 0.0514422170817852.
[I 2023-12-26 18:14:19,293] Trial 44 finished with value: 3.2301523685455322 and parameters: {'gradient_clip_val': 0.19712350116448119, 'hidden_size': 5, 'dropout': 0.38981363028363086, 'hidden_continuous_size': 5, 'attention_head_size': 3, 'learning_rate': 0.03731570589195717}. Best is trial 0 with value: 0.0514422170817852.
[I 2023-12-26 18:14:21,657] Trial 45 finished with value: 2.407816171646118 and parameters: {'gradient_clip_val': 0.23035894175261906, 'hidden_size': 6, 'dropout': 0.13892495780625788, 'hidden_continuous_size': 5, 'attention_head_size': 3, 'learning_rate': 0.022461851329419948}. Best is trial 0 with value: 0.0514422170817852.
[I 2023-12-26 18:14:24,054] Trial 46 finished with value: 2.3115670680999756 and parameters: {'gradient_clip_val': 0.1629222252166229, 'hidden_size': 7, 'dropout': 0.24135129410157719, 'hidden_continuous_size': 5, 'attention_head_size': 4, 'learning_rate': 0.05452308143452701}. Best is trial 0 with value: 0.0514422170817852.
[I 2023-12-26 18:14:27,946] Trial 47 finished with value: 2.2720487117767334 and parameters: {'gradient_clip_val': 0.29581981878623803, 'hidden_size': 39, 'dropout': 0.2777345252647352, 'hidden_continuous_size': 7, 'attention_head_size': 3, 'learning_rate': 0.018794237692747937}. Best is trial 0 with value: 0.0514422170817852.
[I 2023-12-26 18:14:30,618] Trial 48 finished with value: 3.2025554180145264 and parameters: {'gradient_clip_val': 0.2656173907040761, 'hidden_size': 13, 'dropout': 0.35321666210869973, 'hidden_continuous_size': 7, 'attention_head_size': 4, 'learning_rate': 0.029787351484508458}. Best is trial 0 with value: 0.0514422170817852.
[I 2023-12-26 18:14:33,655] Trial 49 finished with value: 2.67726993560791 and parameters: {'gradient_clip_val': 0.19972227302122336, 'hidden_size': 23, 'dropout': 0.32181861813601426, 'hidden_continuous_size': 9, 'attention_head_size': 3, 'learning_rate': 0.0398770524535649}. Best is trial 0 with value: 0.0514422170817852.
[I 2023-12-26 18:14:33,776] A new study created in memory with name: no-name-845f9dbd-a6b6-495d-bb16-1abf2516ff7a
/home/le004/conda/anaconda3/envs/tsff_env/lib/python3.9/site-packages/lightning/fabric/plugins/environments/slurm.py:191: The `srun` command is available on your system but is not used. HINT: If your intention is to run Lightning on SLURM, prepend your python command with `srun` like so: srun python /home/le004/master_thesis/git/TSFusionForecast/code/ ...
[I 2023-12-26 18:19:23,265] Trial 0 finished with value: 0.0272830780595541 and parameters: {'gradient_clip_val': 0.46255361521671623, 'hidden_size': 7, 'dropout': 0.40819732496158856, 'hidden_continuous_size': 7, 'attention_head_size': 2, 'learning_rate': 0.00697532465448193}. Best is trial 0 with value: 0.0272830780595541.
[I 2023-12-26 18:20:52,504] Trial 1 finished with value: 0.05384557321667671 and parameters: {'gradient_clip_val': 0.10725265467665648, 'hidden_size': 5, 'dropout': 0.38025969133454773, 'hidden_continuous_size': 5, 'attention_head_size': 3, 'learning_rate': 0.018088159667977107}. Best is trial 0 with value: 0.0272830780595541.
[I 2023-12-26 18:20:54,586] Trial 2 finished with value: 2.8830230236053467 and parameters: {'gradient_clip_val': 0.10570068400644043, 'hidden_size': 9, 'dropout': 0.48147975500339857, 'hidden_continuous_size': 8, 'attention_head_size': 1, 'learning_rate': 0.03954775744600803}. Best is trial 0 with value: 0.0272830780595541.
[I 2023-12-26 18:20:59,390] Trial 3 finished with value: 2.5060017108917236 and parameters: {'gradient_clip_val': 0.4287674384439526, 'hidden_size': 61, 'dropout': 0.1858311661022571, 'hidden_continuous_size': 11, 'attention_head_size': 3, 'learning_rate': 0.01100227779721297}. Best is trial 0 with value: 0.0272830780595541.
[I 2023-12-26 18:21:01,365] Trial 4 finished with value: 1.91264808177948 and parameters: {'gradient_clip_val': 0.10941211317326245, 'hidden_size': 8, 'dropout': 0.49242384930976113, 'hidden_continuous_size': 6, 'attention_head_size': 1, 'learning_rate': 0.019030889615827256}. Best is trial 0 with value: 0.0272830780595541.
[I 2023-12-26 18:21:03,793] Trial 5 finished with value: 1.8128628730773926 and parameters: {'gradient_clip_val': 0.35337257462369037, 'hidden_size': 20, 'dropout': 0.4025694056457082, 'hidden_continuous_size': 6, 'attention_head_size': 4, 'learning_rate': 0.0030041387466448787}. Best is trial 0 with value: 0.0272830780595541.
