[I 2023-12-16 09:41:09,301] Trial 29 finished with value: 65.3187484741211 and parameters: {'gradient_clip_val': 0.1775204261216313, 'hidden_size': 6, 'dropout': 0.25808887865708513, 'hidden_continuous_size': 5, 'attention_head_size': 4, 'learning_rate': 0.004420416594056347}. Best is trial 4 with value: 58.5071907043457.
LOCAL_RANK: 0 - CUDA_VISIBLE_DEVICES: [0]
[I 2023-12-16 09:41:54,838] Trial 30 finished with value: 63.33110427856445 and parameters: {'gradient_clip_val': 0.22764711714725355, 'hidden_size': 10, 'dropout': 0.28421417334771687, 'hidden_continuous_size': 6, 'attention_head_size': 4, 'learning_rate': 0.00495386742419442}. Best is trial 4 with value: 58.5071907043457.
LOCAL_RANK: 0 - CUDA_VISIBLE_DEVICES: [0]
[I 2023-12-16 09:42:40,375] Trial 31 finished with value: 69.68743133544922 and parameters: {'gradient_clip_val': 0.22233753563370917, 'hidden_size': 9, 'dropout': 0.28393235729495814, 'hidden_continuous_size': 6, 'attention_head_size': 4, 'learning_rate': 0.004970150264414487}. Best is trial 4 with value: 58.5071907043457.
LOCAL_RANK: 0 - CUDA_VISIBLE_DEVICES: [0]
[I 2023-12-16 09:43:24,968] Trial 32 finished with value: 69.7176742553711 and parameters: {'gradient_clip_val': 0.17747328714868282, 'hidden_size': 12, 'dropout': 0.2538100696621305, 'hidden_continuous_size': 6, 'attention_head_size': 4, 'learning_rate': 0.003222206497177916}. Best is trial 4 with value: 58.5071907043457.
LOCAL_RANK: 0 - CUDA_VISIBLE_DEVICES: [0]
[I 2023-12-16 09:44:10,333] Trial 33 finished with value: 70.89181518554688 and parameters: {'gradient_clip_val': 0.22718812990707135, 'hidden_size': 10, 'dropout': 0.2807415822419242, 'hidden_continuous_size': 6, 'attention_head_size': 4, 'learning_rate': 0.0017587060969095918}. Best is trial 4 with value: 58.5071907043457.
LOCAL_RANK: 0 - CUDA_VISIBLE_DEVICES: [0]
[I 2023-12-16 09:44:56,660] Trial 34 finished with value: 69.3844223022461 and parameters: {'gradient_clip_val': 0.27259572934791215, 'hidden_size': 14, 'dropout': 0.3011519714194584, 'hidden_continuous_size': 7, 'attention_head_size': 4, 'learning_rate': 0.0020715222199550014}. Best is trial 4 with value: 58.5071907043457.
LOCAL_RANK: 0 - CUDA_VISIBLE_DEVICES: [0]
[I 2023-12-16 09:45:44,341] Trial 35 finished with value: 73.94780731201172 and parameters: {'gradient_clip_val': 0.12978231890593933, 'hidden_size': 17, 'dropout': 0.330095759245953, 'hidden_continuous_size': 7, 'attention_head_size': 4, 'learning_rate': 0.0052940617590913975}. Best is trial 4 with value: 58.5071907043457.
LOCAL_RANK: 0 - CUDA_VISIBLE_DEVICES: [0]
[I 2023-12-16 09:46:32,954] Trial 36 finished with value: 75.52530670166016 and parameters: {'gradient_clip_val': 0.32371465841281427, 'hidden_size': 21, 'dropout': 0.2687744291671198, 'hidden_continuous_size': 8, 'attention_head_size': 4, 'learning_rate': 0.008929381944135025}. Best is trial 4 with value: 58.5071907043457.
LOCAL_RANK: 0 - CUDA_VISIBLE_DEVICES: [0]
[I 2023-12-16 09:47:21,388] Trial 37 finished with value: 70.84025573730469 and parameters: {'gradient_clip_val': 0.18718883438900014, 'hidden_size': 28, 'dropout': 0.24967047868936343, 'hidden_continuous_size': 10, 'attention_head_size': 4, 'learning_rate': 0.0013752423353852036}. Best is trial 4 with value: 58.5071907043457.
LOCAL_RANK: 0 - CUDA_VISIBLE_DEVICES: [0]
[I 2023-12-16 09:48:07,221] Trial 38 finished with value: 67.501953125 and parameters: {'gradient_clip_val': 0.16483015634655215, 'hidden_size': 13, 'dropout': 0.24200958434273984, 'hidden_continuous_size': 7, 'attention_head_size': 3, 'learning_rate': 0.003072387965003277}. Best is trial 4 with value: 58.5071907043457.
LOCAL_RANK: 0 - CUDA_VISIBLE_DEVICES: [0]
[I 2023-12-16 09:48:53,187] Trial 39 finished with value: 67.63758087158203 and parameters: {'gradient_clip_val': 0.21652668985440407, 'hidden_size': 10, 'dropout': 0.2293583738861139, 'hidden_continuous_size': 6, 'attention_head_size': 4, 'learning_rate': 0.003979229660254821}. Best is trial 4 with value: 58.5071907043457.
LOCAL_RANK: 0 - CUDA_VISIBLE_DEVICES: [0]
[I 2023-12-16 09:49:38,946] Trial 40 finished with value: 80.63899993896484 and parameters: {'gradient_clip_val': 0.1887002968267324, 'hidden_size': 17, 'dropout': 0.26994895318447676, 'hidden_continuous_size': 7, 'attention_head_size': 1, 'learning_rate': 0.010858468875010354}. Best is trial 4 with value: 58.5071907043457.
LOCAL_RANK: 0 - CUDA_VISIBLE_DEVICES: [0]
[I 2023-12-16 09:50:23,329] Trial 41 finished with value: 68.2105484008789 and parameters: {'gradient_clip_val': 0.1648801998844577, 'hidden_size': 6, 'dropout': 0.23212319545429644, 'hidden_continuous_size': 5, 'attention_head_size': 1, 'learning_rate': 0.005768492136681729}. Best is trial 4 with value: 58.5071907043457.
LOCAL_RANK: 0 - CUDA_VISIBLE_DEVICES: [0]
[I 2023-12-16 09:50:57,219] Trial 42 finished with value: 69.16284942626953 and parameters: {'gradient_clip_val': 0.14971744024174363, 'hidden_size': 5, 'dropout': 0.20404937608741264, 'hidden_continuous_size': 5, 'attention_head_size': 3, 'learning_rate': 0.00580859122262}. Best is trial 4 with value: 58.5071907043457.
LOCAL_RANK: 0 - CUDA_VISIBLE_DEVICES: [0]
[I 2023-12-16 09:51:42,030] Trial 43 finished with value: 70.21490478515625 and parameters: {'gradient_clip_val': 0.2104448565067849, 'hidden_size': 7, 'dropout': 0.21285248553431232, 'hidden_continuous_size': 5, 'attention_head_size': 2, 'learning_rate': 0.008446643924053894}. Best is trial 4 with value: 58.5071907043457.
LOCAL_RANK: 0 - CUDA_VISIBLE_DEVICES: [0]
[I 2023-12-16 09:52:27,367] Trial 44 finished with value: 68.15775299072266 and parameters: {'gradient_clip_val': 0.24359043928991328, 'hidden_size': 6, 'dropout': 0.24423178885115607, 'hidden_continuous_size': 5, 'attention_head_size': 3, 'learning_rate': 0.004079047432877475}. Best is trial 4 with value: 58.5071907043457.
LOCAL_RANK: 0 - CUDA_VISIBLE_DEVICES: [0]
[I 2023-12-16 09:53:11,731] Trial 45 finished with value: 67.08214569091797 and parameters: {'gradient_clip_val': 0.11616982052243639, 'hidden_size': 8, 'dropout': 0.1904716402242268, 'hidden_continuous_size': 6, 'attention_head_size': 4, 'learning_rate': 0.0026711691624802915}. Best is trial 4 with value: 58.5071907043457.
LOCAL_RANK: 0 - CUDA_VISIBLE_DEVICES: [0]
[I 2023-12-16 09:53:45,883] Trial 46 finished with value: 72.44247436523438 and parameters: {'gradient_clip_val': 0.13931377529253886, 'hidden_size': 5, 'dropout': 0.26068232324370755, 'hidden_continuous_size': 5, 'attention_head_size': 3, 'learning_rate': 0.014967775505333231}. Best is trial 4 with value: 58.5071907043457.
LOCAL_RANK: 0 - CUDA_VISIBLE_DEVICES: [0]
[I 2023-12-16 09:54:32,012] Trial 47 finished with value: 71.55059051513672 and parameters: {'gradient_clip_val': 0.15688038895042258, 'hidden_size': 9, 'dropout': 0.2178782891151174, 'hidden_continuous_size': 6, 'attention_head_size': 4, 'learning_rate': 0.006940063651613062}. Best is trial 4 with value: 58.5071907043457.
LOCAL_RANK: 0 - CUDA_VISIBLE_DEVICES: [0]
[I 2023-12-16 09:55:17,000] Trial 48 finished with value: 69.6792984008789 and parameters: {'gradient_clip_val': 0.19709987741193077, 'hidden_size': 11, 'dropout': 0.2468857575237109, 'hidden_continuous_size': 6, 'attention_head_size': 2, 'learning_rate': 0.004586482112523298}. Best is trial 4 with value: 58.5071907043457.
LOCAL_RANK: 0 - CUDA_VISIBLE_DEVICES: [0]
[I 2023-12-16 09:56:07,903] Trial 49 finished with value: 71.12120819091797 and parameters: {'gradient_clip_val': 0.13406926086910095, 'hidden_size': 38, 'dropout': 0.2314838466773434, 'hidden_continuous_size': 9, 'attention_head_size': 4, 'learning_rate': 0.002768865730826971}. Best is trial 4 with value: 58.5071907043457.
[I 2023-12-16 09:56:07,995] A new study created in memory with name: no-name-feb0b4f7-9d24-4bfb-a87e-e2b89e41cbe6
/home/le004/conda/anaconda3/envs/tsff_env/lib/python3.9/site-packages/lightning/fabric/plugins/environments/slurm.py:191: The `srun` command is available on your system but is not used. HINT: If your intention is to run Lightning on SLURM, prepend your python command with `srun` like so: srun python /home/le004/master_thesis/git/TSFusionForecast/code/ ...
LOCAL_RANK: 0 - CUDA_VISIBLE_DEVICES: [0]
[I 2023-12-16 09:57:01,429] Trial 0 finished with value: 117.5680923461914 and parameters: {'gradient_clip_val': 0.35910907198810915, 'hidden_size': 55, 'dropout': 0.19815223145116767, 'hidden_continuous_size': 12, 'attention_head_size': 4, 'learning_rate': 0.011039928610620505}. Best is trial 0 with value: 117.5680923461914.
LOCAL_RANK: 0 - CUDA_VISIBLE_DEVICES: [0]
[I 2023-12-16 09:57:50,721] Trial 1 finished with value: 55.3741340637207 and parameters: {'gradient_clip_val': 0.24209550403637953, 'hidden_size': 27, 'dropout': 0.17305178033617574, 'hidden_continuous_size': 20, 'attention_head_size': 1, 'learning_rate': 0.0007462377430285201}. Best is trial 1 with value: 55.3741340637207.
LOCAL_RANK: 0 - CUDA_VISIBLE_DEVICES: [0]
[I 2023-12-16 09:58:44,069] Trial 2 finished with value: 60.017913818359375 and parameters: {'gradient_clip_val': 0.2961269274560608, 'hidden_size': 54, 'dropout': 0.3985962215706649, 'hidden_continuous_size': 26, 'attention_head_size': 3, 'learning_rate': 0.09830481747667424}. Best is trial 1 with value: 55.3741340637207.
LOCAL_RANK: 0 - CUDA_VISIBLE_DEVICES: [0]
[I 2023-12-16 09:59:31,986] Trial 3 finished with value: 86.5294189453125 and parameters: {'gradient_clip_val': 0.4886037729828533, 'hidden_size': 32, 'dropout': 0.2171529386041895, 'hidden_continuous_size': 9, 'attention_head_size': 3, 'learning_rate': 0.04602579311417036}. Best is trial 1 with value: 55.3741340637207.
LOCAL_RANK: 0 - CUDA_VISIBLE_DEVICES: [0]
[I 2023-12-16 10:00:27,772] Trial 4 finished with value: 78.18436431884766 and parameters: {'gradient_clip_val': 0.1279751630627044, 'hidden_size': 98, 'dropout': 0.1792132059291347, 'hidden_continuous_size': 27, 'attention_head_size': 4, 'learning_rate': 0.006061524626128483}. Best is trial 1 with value: 55.3741340637207.
LOCAL_RANK: 0 - CUDA_VISIBLE_DEVICES: [0]
[I 2023-12-16 10:01:13,262] Trial 5 finished with value: 58.80340576171875 and parameters: {'gradient_clip_val': 0.39921052804124413, 'hidden_size': 6, 'dropout': 0.12119961008024009, 'hidden_continuous_size': 5, 'attention_head_size': 3, 'learning_rate': 0.020083575157425603}. Best is trial 1 with value: 55.3741340637207.
LOCAL_RANK: 0 - CUDA_VISIBLE_DEVICES: [0]
[I 2023-12-16 10:02:05,660] Trial 6 finished with value: 96.3104019165039 and parameters: {'gradient_clip_val': 0.45865972204978817, 'hidden_size': 99, 'dropout': 0.2339103419058184, 'hidden_continuous_size': 5, 'attention_head_size': 1, 'learning_rate': 0.010559837429298584}. Best is trial 1 with value: 55.3741340637207.
LOCAL_RANK: 0 - CUDA_VISIBLE_DEVICES: [0]
[I 2023-12-16 10:02:54,566] Trial 7 finished with value: 78.44596099853516 and parameters: {'gradient_clip_val': 0.16225493498642207, 'hidden_size': 32, 'dropout': 0.15694878272758264, 'hidden_continuous_size': 13, 'attention_head_size': 4, 'learning_rate': 0.025146704343649857}. Best is trial 1 with value: 55.3741340637207.
LOCAL_RANK: 0 - CUDA_VISIBLE_DEVICES: [0]
[I 2023-12-16 10:03:38,665] Trial 8 finished with value: 67.40746307373047 and parameters: {'gradient_clip_val': 0.5444055856665899, 'hidden_size': 8, 'dropout': 0.15395367878902588, 'hidden_continuous_size': 6, 'attention_head_size': 1, 'learning_rate': 0.021301743812341005}. Best is trial 1 with value: 55.3741340637207.
LOCAL_RANK: 0 - CUDA_VISIBLE_DEVICES: [0]
[I 2023-12-16 10:04:24,951] Trial 9 finished with value: 84.22107696533203 and parameters: {'gradient_clip_val': 0.5335780299271893, 'hidden_size': 15, 'dropout': 0.18222944214128567, 'hidden_continuous_size': 6, 'attention_head_size': 3, 'learning_rate': 0.010906465789581838}. Best is trial 1 with value: 55.3741340637207.
LOCAL_RANK: 0 - CUDA_VISIBLE_DEVICES: [0]
[I 2023-12-16 10:05:10,856] Trial 10 finished with value: 72.02320861816406 and parameters: {'gradient_clip_val': 0.2363055330849518, 'hidden_size': 14, 'dropout': 0.10002401177409584, 'hidden_continuous_size': 9, 'attention_head_size': 2, 'learning_rate': 0.0006037153764459511}. Best is trial 1 with value: 55.3741340637207.
LOCAL_RANK: 0 - CUDA_VISIBLE_DEVICES: [0]
[I 2023-12-16 10:05:44,446] Trial 11 finished with value: 115.51923370361328 and parameters: {'gradient_clip_val': 0.7253160350508399, 'hidden_size': 5, 'dropout': 0.10191488814268158, 'hidden_continuous_size': 5, 'attention_head_size': 2, 'learning_rate': 0.0006813352433399397}. Best is trial 1 with value: 55.3741340637207.
LOCAL_RANK: 0 - CUDA_VISIBLE_DEVICES: [0]
[I 2023-12-16 10:06:18,316] Trial 12 finished with value: 67.7579116821289 and parameters: {'gradient_clip_val': 0.20853339497905415, 'hidden_size': 5, 'dropout': 0.27748621116175237, 'hidden_continuous_size': 5, 'attention_head_size': 2, 'learning_rate': 0.002596100670842006}. Best is trial 1 with value: 55.3741340637207.
LOCAL_RANK: 0 - CUDA_VISIBLE_DEVICES: [0]
[I 2023-12-16 10:07:02,852] Trial 13 finished with value: 53.25395584106445 and parameters: {'gradient_clip_val': 0.892576207118671, 'hidden_size': 10, 'dropout': 0.13989134298658257, 'hidden_continuous_size': 6, 'attention_head_size': 1, 'learning_rate': 0.001832884771727117}. Best is trial 13 with value: 53.25395584106445.
LOCAL_RANK: 0 - CUDA_VISIBLE_DEVICES: [0]
[I 2023-12-16 10:07:47,070] Trial 14 finished with value: 75.12760925292969 and parameters: {'gradient_clip_val': 0.959580449489496, 'hidden_size': 10, 'dropout': 0.13333133097178432, 'hidden_continuous_size': 6, 'attention_head_size': 1, 'learning_rate': 0.0013463328220542725}. Best is trial 13 with value: 53.25395584106445.
LOCAL_RANK: 0 - CUDA_VISIBLE_DEVICES: [0]
[I 2023-12-16 10:08:34,919] Trial 15 finished with value: 81.50872802734375 and parameters: {'gradient_clip_val': 0.29207987246596834, 'hidden_size': 18, 'dropout': 0.1434586876845628, 'hidden_continuous_size': 17, 'attention_head_size': 1, 'learning_rate': 0.001862548487079626}. Best is trial 13 with value: 53.25395584106445.
LOCAL_RANK: 0 - CUDA_VISIBLE_DEVICES: [0]
[I 2023-12-16 10:09:20,243] Trial 16 finished with value: 72.09239959716797 and parameters: {'gradient_clip_val': 0.7322281178282114, 'hidden_size': 11, 'dropout': 0.25122498061475995, 'hidden_continuous_size': 7, 'attention_head_size': 2, 'learning_rate': 0.001134903261403324}. Best is trial 13 with value: 53.25395584106445.
LOCAL_RANK: 0 - CUDA_VISIBLE_DEVICES: [0]
[I 2023-12-16 10:10:07,963] Trial 17 finished with value: 55.50032043457031 and parameters: {'gradient_clip_val': 0.10554807685650829, 'hidden_size': 22, 'dropout': 0.18161606673473293, 'hidden_continuous_size': 8, 'attention_head_size': 1, 'learning_rate': 0.0033902545818582422}. Best is trial 13 with value: 53.25395584106445.
LOCAL_RANK: 0 - CUDA_VISIBLE_DEVICES: [0]
[I 2023-12-16 10:10:51,007] Trial 18 finished with value: 108.29659271240234 and parameters: {'gradient_clip_val': 0.2372655310652715, 'hidden_size': 8, 'dropout': 0.13593002540439414, 'hidden_continuous_size': 6, 'attention_head_size': 1, 'learning_rate': 0.0005037645221598862}. Best is trial 13 with value: 53.25395584106445.
LOCAL_RANK: 0 - CUDA_VISIBLE_DEVICES: [0]
[I 2023-12-16 10:11:38,212] Trial 19 finished with value: 78.25646209716797 and parameters: {'gradient_clip_val': 0.9958218226685144, 'hidden_size': 20, 'dropout': 0.20743732798775055, 'hidden_continuous_size': 11, 'attention_head_size': 2, 'learning_rate': 0.0010469657249851595}. Best is trial 13 with value: 53.25395584106445.
LOCAL_RANK: 0 - CUDA_VISIBLE_DEVICES: [0]
[I 2023-12-16 10:12:21,509] Trial 20 finished with value: 79.28055572509766 and parameters: {'gradient_clip_val': 0.3199436426308214, 'hidden_size': 12, 'dropout': 0.16014441190385809, 'hidden_continuous_size': 7, 'attention_head_size': 1, 'learning_rate': 0.003535374761951074}. Best is trial 13 with value: 53.25395584106445.
LOCAL_RANK: 0 - CUDA_VISIBLE_DEVICES: [0]
[I 2023-12-16 10:13:09,709] Trial 21 finished with value: 96.24578857421875 and parameters: {'gradient_clip_val': 0.10495837765862616, 'hidden_size': 26, 'dropout': 0.17785050289764975, 'hidden_continuous_size': 9, 'attention_head_size': 1, 'learning_rate': 0.0032199002847440503}. Best is trial 13 with value: 53.25395584106445.
LOCAL_RANK: 0 - CUDA_VISIBLE_DEVICES: [0]
[I 2023-12-16 10:13:57,111] Trial 22 finished with value: 95.16943359375 and parameters: {'gradient_clip_val': 0.16652294393378575, 'hidden_size': 22, 'dropout': 0.17696127081809823, 'hidden_continuous_size': 8, 'attention_head_size': 1, 'learning_rate': 0.0018022928529223407}. Best is trial 13 with value: 53.25395584106445.
LOCAL_RANK: 0 - CUDA_VISIBLE_DEVICES: [0]
[I 2023-12-16 10:14:41,821] Trial 23 finished with value: 68.80840301513672 and parameters: {'gradient_clip_val': 0.10220034797239581, 'hidden_size': 16, 'dropout': 0.12554822809940946, 'hidden_continuous_size': 8, 'attention_head_size': 2, 'learning_rate': 0.000808054403124072}. Best is trial 13 with value: 53.25395584106445.
LOCAL_RANK: 0 - CUDA_VISIBLE_DEVICES: [0]
[I 2023-12-16 10:15:29,061] Trial 24 finished with value: 80.76956939697266 and parameters: {'gradient_clip_val': 0.14027276502834807, 'hidden_size': 24, 'dropout': 0.19955857682540307, 'hidden_continuous_size': 15, 'attention_head_size': 1, 'learning_rate': 0.0018341953005074824}. Best is trial 13 with value: 53.25395584106445.
LOCAL_RANK: 0 - CUDA_VISIBLE_DEVICES: [0]
[I 2023-12-16 10:16:16,104] Trial 25 finished with value: 87.8009033203125 and parameters: {'gradient_clip_val': 0.1871200447201776, 'hidden_size': 18, 'dropout': 0.15706580979534274, 'hidden_continuous_size': 10, 'attention_head_size': 1, 'learning_rate': 0.0009253293776514775}. Best is trial 13 with value: 53.25395584106445.
LOCAL_RANK: 0 - CUDA_VISIBLE_DEVICES: [0]
[I 2023-12-16 10:17:01,402] Trial 26 finished with value: 64.3089599609375 and parameters: {'gradient_clip_val': 0.2701932634952945, 'hidden_size': 14, 'dropout': 0.11912204394708603, 'hidden_continuous_size': 7, 'attention_head_size': 2, 'learning_rate': 0.004599696575316817}. Best is trial 13 with value: 53.25395584106445.
LOCAL_RANK: 0 - CUDA_VISIBLE_DEVICES: [0]
[I 2023-12-16 10:17:49,915] Trial 27 finished with value: 58.74015808105469 and parameters: {'gradient_clip_val': 0.2090696081039765, 'hidden_size': 29, 'dropout': 0.23201644741307453, 'hidden_continuous_size': 16, 'attention_head_size': 1, 'learning_rate': 0.002593938534927858}. Best is trial 13 with value: 53.25395584106445.
LOCAL_RANK: 0 - CUDA_VISIBLE_DEVICES: [0]
[I 2023-12-16 10:18:37,984] Trial 28 finished with value: 51.45383834838867 and parameters: {'gradient_clip_val': 0.3681825896453435, 'hidden_size': 21, 'dropout': 0.16961316203399823, 'hidden_continuous_size': 10, 'attention_head_size': 2, 'learning_rate': 0.0012507251462869475}. Best is trial 28 with value: 51.45383834838867.
LOCAL_RANK: 0 - CUDA_VISIBLE_DEVICES: [0]
[I 2023-12-16 10:19:29,758] Trial 29 finished with value: 54.478302001953125 and parameters: {'gradient_clip_val': 0.3492670479577157, 'hidden_size': 37, 'dropout': 0.19951902572910302, 'hidden_continuous_size': 19, 'attention_head_size': 2, 'learning_rate': 0.0005117583661435401}. Best is trial 28 with value: 51.45383834838867.
LOCAL_RANK: 0 - CUDA_VISIBLE_DEVICES: [0]
[I 2023-12-16 10:20:19,521] Trial 30 finished with value: 59.18368911743164 and parameters: {'gradient_clip_val': 0.3543376350242489, 'hidden_size': 35, 'dropout': 0.1994465377355792, 'hidden_continuous_size': 12, 'attention_head_size': 2, 'learning_rate': 0.000545611883465754}. Best is trial 28 with value: 51.45383834838867.
LOCAL_RANK: 0 - CUDA_VISIBLE_DEVICES: [0]
[I 2023-12-16 10:21:11,765] Trial 31 finished with value: 72.56110382080078 and parameters: {'gradient_clip_val': 0.35732472161326456, 'hidden_size': 42, 'dropout': 0.16436928489778707, 'hidden_continuous_size': 21, 'attention_head_size': 2, 'learning_rate': 0.000791176645704676}. Best is trial 28 with value: 51.45383834838867.
LOCAL_RANK: 0 - CUDA_VISIBLE_DEVICES: [0]
[I 2023-12-16 10:22:05,029] Trial 32 finished with value: 120.64785766601562 and parameters: {'gradient_clip_val': 0.3846730366491724, 'hidden_size': 41, 'dropout': 0.14120509719127677, 'hidden_continuous_size': 36, 'attention_head_size': 3, 'learning_rate': 0.001340483242991953}. Best is trial 28 with value: 51.45383834838867.
LOCAL_RANK: 0 - CUDA_VISIBLE_DEVICES: [0]
[I 2023-12-16 10:22:56,592] Trial 33 finished with value: 52.49876022338867 and parameters: {'gradient_clip_val': 0.28724608616848313, 'hidden_size': 52, 'dropout': 0.19553888415991383, 'hidden_continuous_size': 19, 'attention_head_size': 2, 'learning_rate': 0.000760231656820736}. Best is trial 28 with value: 51.45383834838867.
LOCAL_RANK: 0 - CUDA_VISIBLE_DEVICES: [0]
[I 2023-12-16 10:23:49,597] Trial 34 finished with value: 54.08760452270508 and parameters: {'gradient_clip_val': 0.2669426132195293, 'hidden_size': 61, 'dropout': 0.19355513121367549, 'hidden_continuous_size': 13, 'attention_head_size': 3, 'learning_rate': 0.0007696393083103235}. Best is trial 28 with value: 51.45383834838867.
LOCAL_RANK: 0 - CUDA_VISIBLE_DEVICES: [0]
[I 2023-12-16 10:24:43,116] Trial 35 finished with value: 55.65408706665039 and parameters: {'gradient_clip_val': 0.273096605425088, 'hidden_size': 66, 'dropout': 0.21700437030638292, 'hidden_continuous_size': 12, 'attention_head_size': 3, 'learning_rate': 0.0009014516852870476}. Best is trial 28 with value: 51.45383834838867.
LOCAL_RANK: 0 - CUDA_VISIBLE_DEVICES: [0]
[I 2023-12-16 10:25:35,483] Trial 36 finished with value: 70.16641235351562 and parameters: {'gradient_clip_val': 0.30963475803119905, 'hidden_size': 56, 'dropout': 0.1868934424107579, 'hidden_continuous_size': 14, 'attention_head_size': 3, 'learning_rate': 0.001256092702549703}. Best is trial 28 with value: 51.45383834838867.
LOCAL_RANK: 0 - CUDA_VISIBLE_DEVICES: [0]
