[I 2023-12-26 14:20:20,476] Trial 37 finished with value: 323.2832946777344 and parameters: {'gradient_clip_val': 0.38067825591619847, 'hidden_size': 90, 'dropout': 0.1535893277518827, 'hidden_continuous_size': 14, 'attention_head_size': 2, 'learning_rate': 0.027790145764024558}. Best is trial 0 with value: 113.56995391845703.
[I 2023-12-26 14:20:25,654] Trial 38 finished with value: 438.0351257324219 and parameters: {'gradient_clip_val': 0.13118493252637337, 'hidden_size': 68, 'dropout': 0.17584258374473283, 'hidden_continuous_size': 20, 'attention_head_size': 4, 'learning_rate': 0.007846631733868945}. Best is trial 0 with value: 113.56995391845703.
[I 2023-12-26 14:20:28,457] Trial 39 finished with value: 279.1913146972656 and parameters: {'gradient_clip_val': 0.11555352815616358, 'hidden_size': 42, 'dropout': 0.22880577304117367, 'hidden_continuous_size': 22, 'attention_head_size': 2, 'learning_rate': 0.004936727122511983}. Best is trial 0 with value: 113.56995391845703.
[I 2023-12-26 14:20:38,124] Trial 40 finished with value: 395.7850646972656 and parameters: {'gradient_clip_val': 0.13202736512832672, 'hidden_size': 122, 'dropout': 0.26122321182237157, 'hidden_continuous_size': 62, 'attention_head_size': 1, 'learning_rate': 0.01087281540904335}. Best is trial 0 with value: 113.56995391845703.
[I 2023-12-26 14:20:47,319] Trial 41 finished with value: 512.5450439453125 and parameters: {'gradient_clip_val': 0.15338389355763352, 'hidden_size': 132, 'dropout': 0.13735965967794422, 'hidden_continuous_size': 43, 'attention_head_size': 1, 'learning_rate': 0.014948851015668495}. Best is trial 0 with value: 113.56995391845703.
[I 2023-12-26 14:20:53,539] Trial 42 finished with value: 339.1897888183594 and parameters: {'gradient_clip_val': 0.1123664974458592, 'hidden_size': 103, 'dropout': 0.12017876459471977, 'hidden_continuous_size': 30, 'attention_head_size': 1, 'learning_rate': 0.01760516558435208}. Best is trial 0 with value: 113.56995391845703.
[I 2023-12-26 14:21:03,476] Trial 43 finished with value: 310.1532287597656 and parameters: {'gradient_clip_val': 0.13793200478233428, 'hidden_size': 150, 'dropout': 0.14900747941729778, 'hidden_continuous_size': 30, 'attention_head_size': 1, 'learning_rate': 0.010773752776697634}. Best is trial 0 with value: 113.56995391845703.
[I 2023-12-26 14:21:09,426] Trial 44 finished with value: 344.1004943847656 and parameters: {'gradient_clip_val': 0.1550892333271496, 'hidden_size': 99, 'dropout': 0.18338541009876125, 'hidden_continuous_size': 25, 'attention_head_size': 1, 'learning_rate': 0.008121091035149733}. Best is trial 0 with value: 113.56995391845703.
[I 2023-12-26 14:21:16,954] Trial 45 finished with value: 332.7646484375 and parameters: {'gradient_clip_val': 0.11548221381636363, 'hidden_size': 126, 'dropout': 0.11863624801223104, 'hidden_continuous_size': 18, 'attention_head_size': 4, 'learning_rate': 0.012085468308908625}. Best is trial 0 with value: 113.56995391845703.
[I 2023-12-26 14:21:21,423] Trial 46 finished with value: 384.013916015625 and parameters: {'gradient_clip_val': 0.1799131583451714, 'hidden_size': 76, 'dropout': 0.15834048106341223, 'hidden_continuous_size': 23, 'attention_head_size': 1, 'learning_rate': 0.023573563328932533}. Best is trial 0 with value: 113.56995391845703.
[I 2023-12-26 14:21:28,318] Trial 47 finished with value: 386.3543395996094 and parameters: {'gradient_clip_val': 0.2234005086670214, 'hidden_size': 113, 'dropout': 0.13784508918529678, 'hidden_continuous_size': 27, 'attention_head_size': 3, 'learning_rate': 0.01858504804843421}. Best is trial 0 with value: 113.56995391845703.
[I 2023-12-26 14:21:34,064] Trial 48 finished with value: 254.19195556640625 and parameters: {'gradient_clip_val': 0.14146699528923223, 'hidden_size': 95, 'dropout': 0.19020510659701811, 'hidden_continuous_size': 36, 'attention_head_size': 2, 'learning_rate': 0.03603848227879712}. Best is trial 0 with value: 113.56995391845703.
[I 2023-12-26 14:21:37,585] Trial 49 finished with value: 415.47119140625 and parameters: {'gradient_clip_val': 0.10902545504276107, 'hidden_size': 61, 'dropout': 0.19030661822719516, 'hidden_continuous_size': 22, 'attention_head_size': 2, 'learning_rate': 0.040279419375249}. Best is trial 0 with value: 113.56995391845703.
[I 2023-12-26 14:21:37,715] A new study created in memory with name: no-name-1157a3a9-8248-40b6-ab93-1a7e0afb5f27
/home/le004/conda/anaconda3/envs/tsff_env/lib/python3.9/site-packages/lightning/fabric/plugins/environments/slurm.py:191: The `srun` command is available on your system but is not used. HINT: If your intention is to run Lightning on SLURM, prepend your python command with `srun` like so: srun python /home/le004/master_thesis/git/TSFusionForecast/code/ ...
[I 2023-12-26 14:28:40,494] Trial 0 finished with value: 134.9927520751953 and parameters: {'gradient_clip_val': 0.5864926171570243, 'hidden_size': 31, 'dropout': 0.27804411263138307, 'hidden_continuous_size': 23, 'attention_head_size': 4, 'learning_rate': 0.0007831012092287682}. Best is trial 0 with value: 134.9927520751953.
[I 2023-12-26 14:28:43,048] Trial 1 finished with value: 793.8580932617188 and parameters: {'gradient_clip_val': 0.640681039357015, 'hidden_size': 13, 'dropout': 0.46566007782950514, 'hidden_continuous_size': 8, 'attention_head_size': 3, 'learning_rate': 0.09111454598482137}. Best is trial 0 with value: 134.9927520751953.
[I 2023-12-26 14:28:46,106] Trial 2 finished with value: 683.4718627929688 and parameters: {'gradient_clip_val': 0.7200311316535123, 'hidden_size': 25, 'dropout': 0.45716139110496834, 'hidden_continuous_size': 24, 'attention_head_size': 3, 'learning_rate': 0.08166491919841995}. Best is trial 0 with value: 134.9927520751953.
[I 2023-12-26 14:28:48,417] Trial 3 finished with value: 469.3149108886719 and parameters: {'gradient_clip_val': 0.32799775218347127, 'hidden_size': 8, 'dropout': 0.4647693324000429, 'hidden_continuous_size': 5, 'attention_head_size': 3, 'learning_rate': 0.00487517452921249}. Best is trial 0 with value: 134.9927520751953.
[I 2023-12-26 14:28:51,215] Trial 4 finished with value: 651.7555541992188 and parameters: {'gradient_clip_val': 0.3352609894353171, 'hidden_size': 21, 'dropout': 0.20688599729149765, 'hidden_continuous_size': 6, 'attention_head_size': 2, 'learning_rate': 0.05758620570153393}. Best is trial 0 with value: 134.9927520751953.
[I 2023-12-26 14:28:53,671] Trial 5 finished with value: 426.7367858886719 and parameters: {'gradient_clip_val': 0.1808657053318788, 'hidden_size': 11, 'dropout': 0.3944285513614104, 'hidden_continuous_size': 7, 'attention_head_size': 3, 'learning_rate': 0.017585935713069118}. Best is trial 0 with value: 134.9927520751953.
[I 2023-12-26 14:28:58,996] Trial 6 finished with value: 596.5068969726562 and parameters: {'gradient_clip_val': 0.8262763601893623, 'hidden_size': 58, 'dropout': 0.4202966054091025, 'hidden_continuous_size': 19, 'attention_head_size': 4, 'learning_rate': 0.0682257114749867}. Best is trial 0 with value: 134.9927520751953.
[I 2023-12-26 14:29:02,855] Trial 7 finished with value: 607.1465454101562 and parameters: {'gradient_clip_val': 0.2290368854726836, 'hidden_size': 42, 'dropout': 0.4475211423683324, 'hidden_continuous_size': 19, 'attention_head_size': 2, 'learning_rate': 0.0022028836023643803}. Best is trial 0 with value: 134.9927520751953.
[I 2023-12-26 14:29:06,589] Trial 8 finished with value: 676.1171264648438 and parameters: {'gradient_clip_val': 0.3286984395004225, 'hidden_size': 31, 'dropout': 0.4079627270090581, 'hidden_continuous_size': 11, 'attention_head_size': 1, 'learning_rate': 0.016632296820311334}. Best is trial 0 with value: 134.9927520751953.
[I 2023-12-26 14:29:10,157] Trial 9 finished with value: 512.4247436523438 and parameters: {'gradient_clip_val': 0.23125511220074518, 'hidden_size': 35, 'dropout': 0.3646878443626691, 'hidden_continuous_size': 11, 'attention_head_size': 4, 'learning_rate': 0.028591261094965126}. Best is trial 0 with value: 134.9927520751953.
[I 2023-12-26 14:29:20,788] Trial 10 finished with value: 436.3411865234375 and parameters: {'gradient_clip_val': 0.5064528796537673, 'hidden_size': 128, 'dropout': 0.26535202639404665, 'hidden_continuous_size': 65, 'attention_head_size': 4, 'learning_rate': 0.0007194661122528932}. Best is trial 0 with value: 134.9927520751953.
[I 2023-12-26 14:29:23,141] Trial 11 finished with value: 523.6926879882812 and parameters: {'gradient_clip_val': 0.10731607865625618, 'hidden_size': 6, 'dropout': 0.3143255032437817, 'hidden_continuous_size': 5, 'attention_head_size': 4, 'learning_rate': 0.00870148167891001}. Best is trial 0 with value: 134.9927520751953.
[I 2023-12-26 14:29:25,663] Trial 12 finished with value: 527.8323364257812 and parameters: {'gradient_clip_val': 0.1424042838628588, 'hidden_size': 12, 'dropout': 0.11220582320221989, 'hidden_continuous_size': 6, 'attention_head_size': 3, 'learning_rate': 0.0005774276636920585}. Best is trial 0 with value: 134.9927520751953.
[I 2023-12-26 14:29:27,726] Trial 13 finished with value: 384.8042907714844 and parameters: {'gradient_clip_val': 0.5193001804828864, 'hidden_size': 5, 'dropout': 0.35574011707653247, 'hidden_continuous_size': 5, 'attention_head_size': 2, 'learning_rate': 0.0021497021908147202}. Best is trial 0 with value: 134.9927520751953.
[I 2023-12-26 14:29:30,106] Trial 14 finished with value: 639.8469848632812 and parameters: {'gradient_clip_val': 0.49227318242035595, 'hidden_size': 7, 'dropout': 0.33082000583817633, 'hidden_continuous_size': 5, 'attention_head_size': 1, 'learning_rate': 0.0014611770086050615}. Best is trial 0 with value: 134.9927520751953.
[I 2023-12-26 14:29:32,178] Trial 15 finished with value: 510.543701171875 and parameters: {'gradient_clip_val': 0.9490933764529872, 'hidden_size': 5, 'dropout': 0.2619995500286623, 'hidden_continuous_size': 5, 'attention_head_size': 2, 'learning_rate': 0.0014363324251821551}. Best is trial 0 with value: 134.9927520751953.
[I 2023-12-26 14:29:34,941] Trial 16 finished with value: 558.6163940429688 and parameters: {'gradient_clip_val': 0.48438073837366025, 'hidden_size': 20, 'dropout': 0.3524140179869045, 'hidden_continuous_size': 9, 'attention_head_size': 2, 'learning_rate': 0.0031335926982292636}. Best is trial 0 with value: 134.9927520751953.
[I 2023-12-26 14:29:37,110] Trial 17 finished with value: 663.8746948242188 and parameters: {'gradient_clip_val': 0.6772654116363792, 'hidden_size': 5, 'dropout': 0.285828649668687, 'hidden_continuous_size': 5, 'attention_head_size': 1, 'learning_rate': 0.0009451976352715288}. Best is trial 0 with value: 134.9927520751953.
[I 2023-12-26 14:29:39,674] Trial 18 finished with value: 528.524169921875 and parameters: {'gradient_clip_val': 0.9712306576552917, 'hidden_size': 15, 'dropout': 0.3691655984178006, 'hidden_continuous_size': 6, 'attention_head_size': 2, 'learning_rate': 0.0005202270272052485}. Best is trial 0 with value: 134.9927520751953.
[I 2023-12-26 14:29:42,027] Trial 19 finished with value: 430.9632263183594 and parameters: {'gradient_clip_val': 0.4404370131819213, 'hidden_size': 9, 'dropout': 0.22308698708123517, 'hidden_continuous_size': 5, 'attention_head_size': 1, 'learning_rate': 0.0012618603182669046}. Best is trial 0 with value: 134.9927520751953.
[I 2023-12-26 14:29:44,882] Trial 20 finished with value: 643.1248779296875 and parameters: {'gradient_clip_val': 0.6132673097130018, 'hidden_size': 9, 'dropout': 0.3240110589062183, 'hidden_continuous_size': 6, 'attention_head_size': 4, 'learning_rate': 0.002424265063060483}. Best is trial 0 with value: 134.9927520751953.
[I 2023-12-26 14:29:47,100] Trial 21 finished with value: 555.8934936523438 and parameters: {'gradient_clip_val': 0.23826890819056953, 'hidden_size': 5, 'dropout': 0.4970947991506304, 'hidden_continuous_size': 5, 'attention_head_size': 3, 'learning_rate': 0.008247578652762582}. Best is trial 0 with value: 134.9927520751953.
[I 2023-12-26 14:29:49,529] Trial 22 finished with value: 491.954833984375 and parameters: {'gradient_clip_val': 0.4036039410392809, 'hidden_size': 11, 'dropout': 0.3963709306328976, 'hidden_continuous_size': 7, 'attention_head_size': 3, 'learning_rate': 0.0009698741663235846}. Best is trial 0 with value: 134.9927520751953.
[I 2023-12-26 14:29:51,981] Trial 23 finished with value: 559.5823364257812 and parameters: {'gradient_clip_val': 0.5672593152806867, 'hidden_size': 16, 'dropout': 0.38904443958491597, 'hidden_continuous_size': 7, 'attention_head_size': 2, 'learning_rate': 0.0048003163972645205}. Best is trial 0 with value: 134.9927520751953.
[I 2023-12-26 14:29:54,414] Trial 24 finished with value: 488.1637878417969 and parameters: {'gradient_clip_val': 0.3935556524308075, 'hidden_size': 7, 'dropout': 0.34304201910318444, 'hidden_continuous_size': 5, 'attention_head_size': 4, 'learning_rate': 0.013217292063755008}. Best is trial 0 with value: 134.9927520751953.
[I 2023-12-26 14:29:56,894] Trial 25 finished with value: 742.756591796875 and parameters: {'gradient_clip_val': 0.8251840686553737, 'hidden_size': 10, 'dropout': 0.29870603291323566, 'hidden_continuous_size': 6, 'attention_head_size': 3, 'learning_rate': 0.002128456593677888}. Best is trial 0 with value: 134.9927520751953.
[I 2023-12-26 14:29:59,190] Trial 26 finished with value: 456.1021423339844 and parameters: {'gradient_clip_val': 0.5444700485344535, 'hidden_size': 7, 'dropout': 0.36656721926135416, 'hidden_continuous_size': 5, 'attention_head_size': 2, 'learning_rate': 0.0008189862388674511}. Best is trial 0 with value: 134.9927520751953.
[I 2023-12-26 14:30:01,828] Trial 27 finished with value: 686.1159057617188 and parameters: {'gradient_clip_val': 0.18088191684308857, 'hidden_size': 15, 'dropout': 0.4232050963301809, 'hidden_continuous_size': 7, 'attention_head_size': 3, 'learning_rate': 0.003926322444051731}. Best is trial 0 with value: 134.9927520751953.
[I 2023-12-26 14:30:04,389] Trial 28 finished with value: 504.8752136230469 and parameters: {'gradient_clip_val': 0.2671530252686608, 'hidden_size': 10, 'dropout': 0.3342567695440195, 'hidden_continuous_size': 6, 'attention_head_size': 4, 'learning_rate': 0.006401343200855474}. Best is trial 0 with value: 134.9927520751953.
[I 2023-12-26 14:30:06,851] Trial 29 finished with value: 523.2759399414062 and parameters: {'gradient_clip_val': 0.3900465803577556, 'hidden_size': 13, 'dropout': 0.428837286160269, 'hidden_continuous_size': 8, 'attention_head_size': 3, 'learning_rate': 0.0012884404883417562}. Best is trial 0 with value: 134.9927520751953.
[I 2023-12-26 14:30:09,174] Trial 30 finished with value: 612.4013061523438 and parameters: {'gradient_clip_val': 0.6104961724231546, 'hidden_size': 6, 'dropout': 0.3910141189350787, 'hidden_continuous_size': 5, 'attention_head_size': 2, 'learning_rate': 0.0018630264462212152}. Best is trial 0 with value: 134.9927520751953.
[I 2023-12-26 14:30:11,587] Trial 31 finished with value: 412.9183349609375 and parameters: {'gradient_clip_val': 0.4415052053130272, 'hidden_size': 9, 'dropout': 0.22758347039754376, 'hidden_continuous_size': 5, 'attention_head_size': 1, 'learning_rate': 0.0010976607264300297}. Best is trial 0 with value: 134.9927520751953.
[I 2023-12-26 14:30:14,134] Trial 32 finished with value: 553.2799072265625 and parameters: {'gradient_clip_val': 0.45387680666118757, 'hidden_size': 8, 'dropout': 0.3031684173869793, 'hidden_continuous_size': 5, 'attention_head_size': 1, 'learning_rate': 0.0006921436954035277}. Best is trial 0 with value: 134.9927520751953.
[I 2023-12-26 14:30:16,553] Trial 33 finished with value: 435.4416198730469 and parameters: {'gradient_clip_val': 0.6658000127573256, 'hidden_size': 12, 'dropout': 0.2403942613133968, 'hidden_continuous_size': 7, 'attention_head_size': 1, 'learning_rate': 0.0005102496186305078}. Best is trial 0 with value: 134.9927520751953.
[I 2023-12-26 14:30:19,348] Trial 34 finished with value: 424.5600280761719 and parameters: {'gradient_clip_val': 0.3682531134110532, 'hidden_size': 21, 'dropout': 0.1924823380632626, 'hidden_continuous_size': 8, 'attention_head_size': 1, 'learning_rate': 0.0010238781836864126}. Best is trial 0 with value: 134.9927520751953.
[I 2023-12-26 14:30:22,206] Trial 35 finished with value: 625.909423828125 and parameters: {'gradient_clip_val': 0.36333131270904784, 'hidden_size': 22, 'dropout': 0.1929324793775379, 'hidden_continuous_size': 9, 'attention_head_size': 1, 'learning_rate': 0.0011670694891111441}. Best is trial 0 with value: 134.9927520751953.
[I 2023-12-26 14:30:24,830] Trial 36 finished with value: 520.3065795898438 and parameters: {'gradient_clip_val': 0.551431089660115, 'hidden_size': 19, 'dropout': 0.18859572550535722, 'hidden_continuous_size': 8, 'attention_head_size': 1, 'learning_rate': 0.0009796567897321351}. Best is trial 0 with value: 134.9927520751953.
[I 2023-12-26 14:30:27,599] Trial 37 finished with value: 612.64501953125 and parameters: {'gradient_clip_val': 0.43738491437373456, 'hidden_size': 24, 'dropout': 0.2785300437932253, 'hidden_continuous_size': 12, 'attention_head_size': 1, 'learning_rate': 0.0007318979648710564}. Best is trial 0 with value: 134.9927520751953.
[I 2023-12-26 14:30:30,982] Trial 38 finished with value: 578.7450561523438 and parameters: {'gradient_clip_val': 0.3139439676705682, 'hidden_size': 30, 'dropout': 0.2405483899703331, 'hidden_continuous_size': 15, 'attention_head_size': 2, 'learning_rate': 0.0015592825529772117}. Best is trial 0 with value: 134.9927520751953.
[I 2023-12-26 14:30:33,481] Trial 39 finished with value: 394.3641357421875 and parameters: {'gradient_clip_val': 0.7413883398148232, 'hidden_size': 17, 'dropout': 0.18970858943487062, 'hidden_continuous_size': 10, 'attention_head_size': 1, 'learning_rate': 0.002533444374202832}. Best is trial 0 with value: 134.9927520751953.
[I 2023-12-26 14:30:36,579] Trial 40 finished with value: 439.3611145019531 and parameters: {'gradient_clip_val': 0.751230286098801, 'hidden_size': 26, 'dropout': 0.1640288066024395, 'hidden_continuous_size': 13, 'attention_head_size': 2, 'learning_rate': 0.0029581327863547153}. Best is trial 0 with value: 134.9927520751953.
[I 2023-12-26 14:30:39,146] Trial 41 finished with value: 583.7632446289062 and parameters: {'gradient_clip_val': 0.6004638306595002, 'hidden_size': 15, 'dropout': 0.16906557430922128, 'hidden_continuous_size': 9, 'attention_head_size': 1, 'learning_rate': 0.001843247280784074}. Best is trial 0 with value: 134.9927520751953.
[I 2023-12-26 14:30:41,728] Trial 42 finished with value: 409.8014831542969 and parameters: {'gradient_clip_val': 0.6944842030101396, 'hidden_size': 17, 'dropout': 0.21580924233055893, 'hidden_continuous_size': 10, 'attention_head_size': 1, 'learning_rate': 0.001164320387961624}. Best is trial 0 with value: 134.9927520751953.
[I 2023-12-26 14:30:43,748] Trial 43 finished with value: 540.5446166992188 and parameters: {'gradient_clip_val': 0.7406294245945423, 'hidden_size': 17, 'dropout': 0.21503013343533323, 'hidden_continuous_size': 10, 'attention_head_size': 1, 'learning_rate': 0.0016745655183899432}. Best is trial 0 with value: 134.9927520751953.
[I 2023-12-26 14:30:45,973] Trial 44 finished with value: 640.71728515625 and parameters: {'gradient_clip_val': 0.6620125186176714, 'hidden_size': 13, 'dropout': 0.2506751582264817, 'hidden_continuous_size': 9, 'attention_head_size': 1, 'learning_rate': 0.0024131738111978166}. Best is trial 0 with value: 134.9927520751953.
[I 2023-12-26 14:30:48,813] Trial 45 finished with value: 453.4527587890625 and parameters: {'gradient_clip_val': 0.5176523236077454, 'hidden_size': 39, 'dropout': 0.22201924578880555, 'hidden_continuous_size': 16, 'attention_head_size': 1, 'learning_rate': 0.0012015220470615643}. Best is trial 0 with value: 134.9927520751953.
[I 2023-12-26 14:30:51,930] Trial 46 finished with value: 647.9518432617188 and parameters: {'gradient_clip_val': 0.7985449718081145, 'hidden_size': 29, 'dropout': 0.27204353768410416, 'hidden_continuous_size': 23, 'attention_head_size': 1, 'learning_rate': 0.0006717135775879164}. Best is trial 0 with value: 134.9927520751953.
[I 2023-12-26 14:30:54,150] Trial 47 finished with value: 387.6462707519531 and parameters: {'gradient_clip_val': 0.6951492253363448, 'hidden_size': 18, 'dropout': 0.2889131027587712, 'hidden_continuous_size': 10, 'attention_head_size': 2, 'learning_rate': 0.0015458365697702187}. Best is trial 0 with value: 134.9927520751953.
[I 2023-12-26 14:30:56,222] Trial 48 finished with value: 539.9014282226562 and parameters: {'gradient_clip_val': 0.7071399309808025, 'hidden_size': 18, 'dropout': 0.3107402447624671, 'hidden_continuous_size': 10, 'attention_head_size': 2, 'learning_rate': 0.0030473938928821933}. Best is trial 0 with value: 134.9927520751953.
[I 2023-12-26 14:30:58,943] Trial 49 finished with value: 484.528076171875 and parameters: {'gradient_clip_val': 0.8849118584726859, 'hidden_size': 48, 'dropout': 0.2875407378825753, 'hidden_continuous_size': 13, 'attention_head_size': 2, 'learning_rate': 0.0014181170477133092}. Best is trial 0 with value: 134.9927520751953.
[I 2023-12-26 14:30:59,072] A new study created in memory with name: no-name-b130920c-ba15-4559-9d02-ce2e708b3240
/home/le004/conda/anaconda3/envs/tsff_env/lib/python3.9/site-packages/lightning/fabric/plugins/environments/slurm.py:191: The `srun` command is available on your system but is not used. HINT: If your intention is to run Lightning on SLURM, prepend your python command with `srun` like so: srun python /home/le004/master_thesis/git/TSFusionForecast/code/ ...
[I 2023-12-26 14:35:54,108] Trial 0 finished with value: 30.610939025878906 and parameters: {'gradient_clip_val': 0.8365111765111126, 'hidden_size': 9, 'dropout': 0.10711319422435928, 'hidden_continuous_size': 5, 'attention_head_size': 1, 'learning_rate': 0.0005012445363540771}. Best is trial 0 with value: 30.610939025878906.
