[I 2023-12-16 13:57:27,128] Trial 43 finished with value: 1.3201218843460083 and parameters: {'gradient_clip_val': 0.14298921764899253, 'hidden_size': 23, 'dropout': 0.24495166625101814, 'hidden_continuous_size': 9, 'attention_head_size': 2, 'learning_rate': 0.06453109548566173}. Best is trial 36 with value: 0.03981630876660347.
LOCAL_RANK: 0 - CUDA_VISIBLE_DEVICES: [0]
[I 2023-12-16 13:58:14,791] Trial 44 finished with value: 1.147356390953064 and parameters: {'gradient_clip_val': 0.29510507622334325, 'hidden_size': 18, 'dropout': 0.26644247687482275, 'hidden_continuous_size': 10, 'attention_head_size': 2, 'learning_rate': 0.050004644069916664}. Best is trial 36 with value: 0.03981630876660347.
LOCAL_RANK: 0 - CUDA_VISIBLE_DEVICES: [0]
[I 2023-12-16 13:59:03,816] Trial 45 finished with value: 0.6252756714820862 and parameters: {'gradient_clip_val': 0.24356107478077796, 'hidden_size': 29, 'dropout': 0.29944448634622234, 'hidden_continuous_size': 13, 'attention_head_size': 2, 'learning_rate': 0.08488691963783312}. Best is trial 36 with value: 0.03981630876660347.
LOCAL_RANK: 0 - CUDA_VISIBLE_DEVICES: [0]
[I 2023-12-16 13:59:52,037] Trial 46 finished with value: 0.5383268594741821 and parameters: {'gradient_clip_val': 0.3897077734206862, 'hidden_size': 21, 'dropout': 0.27533733430732565, 'hidden_continuous_size': 9, 'attention_head_size': 1, 'learning_rate': 0.06415612781927675}. Best is trial 36 with value: 0.03981630876660347.
LOCAL_RANK: 0 - CUDA_VISIBLE_DEVICES: [0]
[I 2023-12-16 14:00:38,035] Trial 47 finished with value: 0.34719839692115784 and parameters: {'gradient_clip_val': 0.197512658462704, 'hidden_size': 14, 'dropout': 0.23061120969528454, 'hidden_continuous_size': 8, 'attention_head_size': 3, 'learning_rate': 0.020472875985779106}. Best is trial 36 with value: 0.03981630876660347.
LOCAL_RANK: 0 - CUDA_VISIBLE_DEVICES: [0]
[I 2023-12-16 14:01:23,190] Trial 48 finished with value: 0.05231345072388649 and parameters: {'gradient_clip_val': 0.1565208653819596, 'hidden_size': 9, 'dropout': 0.3349048247900063, 'hidden_continuous_size': 5, 'attention_head_size': 2, 'learning_rate': 0.09872730495886435}. Best is trial 36 with value: 0.03981630876660347.
LOCAL_RANK: 0 - CUDA_VISIBLE_DEVICES: [0]
[I 2023-12-16 14:02:07,144] Trial 49 finished with value: 1.4897888898849487 and parameters: {'gradient_clip_val': 0.12411612726882319, 'hidden_size': 8, 'dropout': 0.3357279651104618, 'hidden_continuous_size': 5, 'attention_head_size': 2, 'learning_rate': 0.09970520636084375}. Best is trial 36 with value: 0.03981630876660347.
[I 2023-12-16 14:02:07,237] A new study created in memory with name: no-name-6c8beb18-7d25-41fe-9256-8c1f4e2cc6df
/home/le004/conda/anaconda3/envs/tsff_env/lib/python3.9/site-packages/lightning/fabric/plugins/environments/slurm.py:191: The `srun` command is available on your system but is not used. HINT: If your intention is to run Lightning on SLURM, prepend your python command with `srun` like so: srun python /home/le004/master_thesis/git/TSFusionForecast/code/ ...
LOCAL_RANK: 0 - CUDA_VISIBLE_DEVICES: [0]
[I 2023-12-16 14:02:59,965] Trial 0 finished with value: 0.8130526542663574 and parameters: {'gradient_clip_val': 0.2919908239895689, 'hidden_size': 46, 'dropout': 0.3220171685934923, 'hidden_continuous_size': 26, 'attention_head_size': 2, 'learning_rate': 0.0007544004567841388}. Best is trial 0 with value: 0.8130526542663574.
LOCAL_RANK: 0 - CUDA_VISIBLE_DEVICES: [0]
[I 2023-12-16 14:03:45,235] Trial 1 finished with value: 1.1287168264389038 and parameters: {'gradient_clip_val': 0.2753654687339836, 'hidden_size': 11, 'dropout': 0.23680631172646002, 'hidden_continuous_size': 8, 'attention_head_size': 1, 'learning_rate': 0.0016223403553714732}. Best is trial 0 with value: 0.8130526542663574.
LOCAL_RANK: 0 - CUDA_VISIBLE_DEVICES: [0]
[I 2023-12-16 14:04:31,288] Trial 2 finished with value: 0.837990939617157 and parameters: {'gradient_clip_val': 0.45824302340114986, 'hidden_size': 9, 'dropout': 0.17805062072568867, 'hidden_continuous_size': 6, 'attention_head_size': 4, 'learning_rate': 0.07214160567495843}. Best is trial 0 with value: 0.8130526542663574.
LOCAL_RANK: 0 - CUDA_VISIBLE_DEVICES: [0]
[I 2023-12-16 14:05:04,784] Trial 3 finished with value: 1.9729771614074707 and parameters: {'gradient_clip_val': 0.1704564139085364, 'hidden_size': 7, 'dropout': 0.19351867299149034, 'hidden_continuous_size': 7, 'attention_head_size': 1, 'learning_rate': 0.0012815518164070753}. Best is trial 0 with value: 0.8130526542663574.
LOCAL_RANK: 0 - CUDA_VISIBLE_DEVICES: [0]
[I 2023-12-16 14:05:59,579] Trial 4 finished with value: 0.5928598046302795 and parameters: {'gradient_clip_val': 0.303606751449928, 'hidden_size': 97, 'dropout': 0.3604320900160102, 'hidden_continuous_size': 15, 'attention_head_size': 3, 'learning_rate': 0.0032506039613801603}. Best is trial 4 with value: 0.5928598046302795.
LOCAL_RANK: 0 - CUDA_VISIBLE_DEVICES: [0]
[I 2023-12-16 14:06:50,088] Trial 5 finished with value: 2.798919677734375 and parameters: {'gradient_clip_val': 0.47467751262253594, 'hidden_size': 56, 'dropout': 0.31362748857886535, 'hidden_continuous_size': 5, 'attention_head_size': 2, 'learning_rate': 0.0006780339659278813}. Best is trial 4 with value: 0.5928598046302795.
LOCAL_RANK: 0 - CUDA_VISIBLE_DEVICES: [0]
[I 2023-12-16 14:07:37,038] Trial 6 finished with value: 2.505441427230835 and parameters: {'gradient_clip_val': 0.8788802483424251, 'hidden_size': 16, 'dropout': 0.22329806616572026, 'hidden_continuous_size': 15, 'attention_head_size': 4, 'learning_rate': 0.0990276087535715}. Best is trial 4 with value: 0.5928598046302795.
LOCAL_RANK: 0 - CUDA_VISIBLE_DEVICES: [0]
[I 2023-12-16 14:08:22,856] Trial 7 finished with value: 1.755933165550232 and parameters: {'gradient_clip_val': 0.285432641000303, 'hidden_size': 7, 'dropout': 0.3263569582187291, 'hidden_continuous_size': 6, 'attention_head_size': 4, 'learning_rate': 0.063804698602208}. Best is trial 4 with value: 0.5928598046302795.
LOCAL_RANK: 0 - CUDA_VISIBLE_DEVICES: [0]
[I 2023-12-16 14:09:10,244] Trial 8 finished with value: 2.3045785427093506 and parameters: {'gradient_clip_val': 0.2234975748458262, 'hidden_size': 17, 'dropout': 0.33983330059026795, 'hidden_continuous_size': 11, 'attention_head_size': 2, 'learning_rate': 0.0006997239811868255}. Best is trial 4 with value: 0.5928598046302795.
LOCAL_RANK: 0 - CUDA_VISIBLE_DEVICES: [0]
[I 2023-12-16 14:09:55,915] Trial 9 finished with value: 0.7133466601371765 and parameters: {'gradient_clip_val': 0.9281136631630703, 'hidden_size': 14, 'dropout': 0.3389979213651754, 'hidden_continuous_size': 7, 'attention_head_size': 2, 'learning_rate': 0.0017195664322622293}. Best is trial 4 with value: 0.5928598046302795.
LOCAL_RANK: 0 - CUDA_VISIBLE_DEVICES: [0]
[I 2023-12-16 14:10:52,210] Trial 10 finished with value: 0.7327907681465149 and parameters: {'gradient_clip_val': 0.10207561822215541, 'hidden_size': 88, 'dropout': 0.3871143146972895, 'hidden_continuous_size': 51, 'attention_head_size': 3, 'learning_rate': 0.007399477547545558}. Best is trial 4 with value: 0.5928598046302795.
LOCAL_RANK: 0 - CUDA_VISIBLE_DEVICES: [0]
[I 2023-12-16 14:11:41,521] Trial 11 finished with value: 0.21124351024627686 and parameters: {'gradient_clip_val': 0.966408113000882, 'hidden_size': 26, 'dropout': 0.11816614785915075, 'hidden_continuous_size': 9, 'attention_head_size': 3, 'learning_rate': 0.003858659259690798}. Best is trial 11 with value: 0.21124351024627686.
LOCAL_RANK: 0 - CUDA_VISIBLE_DEVICES: [0]
[I 2023-12-16 14:12:31,766] Trial 12 finished with value: 0.7282194495201111 and parameters: {'gradient_clip_val': 0.4967056009263376, 'hidden_size': 34, 'dropout': 0.10032422142982882, 'hidden_continuous_size': 11, 'attention_head_size': 3, 'learning_rate': 0.004266011187383546}. Best is trial 11 with value: 0.21124351024627686.
LOCAL_RANK: 0 - CUDA_VISIBLE_DEVICES: [0]
[I 2023-12-16 14:13:21,214] Trial 13 finished with value: 2.079003095626831 and parameters: {'gradient_clip_val': 0.6910487067219901, 'hidden_size': 29, 'dropout': 0.27295698108973127, 'hidden_continuous_size': 14, 'attention_head_size': 3, 'learning_rate': 0.00441004383705971}. Best is trial 11 with value: 0.21124351024627686.
LOCAL_RANK: 0 - CUDA_VISIBLE_DEVICES: [0]
[I 2023-12-16 14:14:16,569] Trial 14 finished with value: 1.7730317115783691 and parameters: {'gradient_clip_val': 0.6302460106347562, 'hidden_size': 97, 'dropout': 0.39189289583744824, 'hidden_continuous_size': 21, 'attention_head_size': 3, 'learning_rate': 0.009811210661740101}. Best is trial 11 with value: 0.21124351024627686.
LOCAL_RANK: 0 - CUDA_VISIBLE_DEVICES: [0]
[I 2023-12-16 14:15:04,244] Trial 15 finished with value: 0.259815514087677 and parameters: {'gradient_clip_val': 0.35963747561599085, 'hidden_size': 20, 'dropout': 0.1016638099391165, 'hidden_continuous_size': 9, 'attention_head_size': 3, 'learning_rate': 0.01451073694533915}. Best is trial 11 with value: 0.21124351024627686.
LOCAL_RANK: 0 - CUDA_VISIBLE_DEVICES: [0]
[I 2023-12-16 14:15:54,198] Trial 16 finished with value: 1.3362306356430054 and parameters: {'gradient_clip_val': 0.39086761626276517, 'hidden_size': 23, 'dropout': 0.10346139737071867, 'hidden_continuous_size': 9, 'attention_head_size': 4, 'learning_rate': 0.015685321449119716}. Best is trial 11 with value: 0.21124351024627686.
LOCAL_RANK: 0 - CUDA_VISIBLE_DEVICES: [0]
[I 2023-12-16 14:16:43,663] Trial 17 finished with value: 2.223284959793091 and parameters: {'gradient_clip_val': 0.9816209896507454, 'hidden_size': 22, 'dropout': 0.14050410978624314, 'hidden_continuous_size': 9, 'attention_head_size': 3, 'learning_rate': 0.01906131482685073}. Best is trial 11 with value: 0.21124351024627686.
LOCAL_RANK: 0 - CUDA_VISIBLE_DEVICES: [0]
[I 2023-12-16 14:17:32,245] Trial 18 finished with value: 0.12359163910150528 and parameters: {'gradient_clip_val': 0.6614506960017181, 'hidden_size': 30, 'dropout': 0.14412647006815274, 'hidden_continuous_size': 5, 'attention_head_size': 2, 'learning_rate': 0.02847146978103503}. Best is trial 18 with value: 0.12359163910150528.
LOCAL_RANK: 0 - CUDA_VISIBLE_DEVICES: [0]
[I 2023-12-16 14:18:06,023] Trial 19 finished with value: 1.1772195100784302 and parameters: {'gradient_clip_val': 0.6849519205771141, 'hidden_size': 5, 'dropout': 0.1563489289556122, 'hidden_continuous_size': 5, 'attention_head_size': 1, 'learning_rate': 0.03071065468080592}. Best is trial 18 with value: 0.12359163910150528.
LOCAL_RANK: 0 - CUDA_VISIBLE_DEVICES: [0]
[I 2023-12-16 14:18:54,691] Trial 20 finished with value: 0.34735122323036194 and parameters: {'gradient_clip_val': 0.8401146142823757, 'hidden_size': 29, 'dropout': 0.13745367010440096, 'hidden_continuous_size': 5, 'attention_head_size': 2, 'learning_rate': 0.030069201312794776}. Best is trial 18 with value: 0.12359163910150528.
LOCAL_RANK: 0 - CUDA_VISIBLE_DEVICES: [0]
[I 2023-12-16 14:19:41,626] Trial 21 finished with value: 0.4564870595932007 and parameters: {'gradient_clip_val': 0.5685569100852955, 'hidden_size': 20, 'dropout': 0.12149566896136292, 'hidden_continuous_size': 7, 'attention_head_size': 3, 'learning_rate': 0.01220745959268784}. Best is trial 18 with value: 0.12359163910150528.
LOCAL_RANK: 0 - CUDA_VISIBLE_DEVICES: [0]
[I 2023-12-16 14:20:31,249] Trial 22 finished with value: 0.48545393347740173 and parameters: {'gradient_clip_val': 0.7536566787745198, 'hidden_size': 34, 'dropout': 0.16063915320001634, 'hidden_continuous_size': 9, 'attention_head_size': 2, 'learning_rate': 0.006762960486552735}. Best is trial 18 with value: 0.12359163910150528.
LOCAL_RANK: 0 - CUDA_VISIBLE_DEVICES: [0]
[I 2023-12-16 14:21:17,356] Trial 23 finished with value: 0.16250894963741302 and parameters: {'gradient_clip_val': 0.6069092455632739, 'hidden_size': 13, 'dropout': 0.12489615995924151, 'hidden_continuous_size': 6, 'attention_head_size': 3, 'learning_rate': 0.023803962258410662}. Best is trial 18 with value: 0.12359163910150528.
LOCAL_RANK: 0 - CUDA_VISIBLE_DEVICES: [0]
[I 2023-12-16 14:22:02,605] Trial 24 finished with value: 1.4896808862686157 and parameters: {'gradient_clip_val': 0.5676565821775819, 'hidden_size': 13, 'dropout': 0.13122848439953608, 'hidden_continuous_size': 6, 'attention_head_size': 2, 'learning_rate': 0.028711667776415244}. Best is trial 18 with value: 0.12359163910150528.
LOCAL_RANK: 0 - CUDA_VISIBLE_DEVICES: [0]
[I 2023-12-16 14:22:47,164] Trial 25 finished with value: 0.3327275812625885 and parameters: {'gradient_clip_val': 0.7648261069638429, 'hidden_size': 12, 'dropout': 0.18936364789959548, 'hidden_continuous_size': 5, 'attention_head_size': 3, 'learning_rate': 0.04033528683638404}. Best is trial 18 with value: 0.12359163910150528.
LOCAL_RANK: 0 - CUDA_VISIBLE_DEVICES: [0]
[I 2023-12-16 14:23:34,378] Trial 26 finished with value: 0.31399014592170715 and parameters: {'gradient_clip_val': 0.7774572713450205, 'hidden_size': 18, 'dropout': 0.15221876867266887, 'hidden_continuous_size': 6, 'attention_head_size': 4, 'learning_rate': 0.020032833497194383}. Best is trial 18 with value: 0.12359163910150528.
LOCAL_RANK: 0 - CUDA_VISIBLE_DEVICES: [0]
[I 2023-12-16 14:24:22,959] Trial 27 finished with value: 2.68977427482605 and parameters: {'gradient_clip_val': 0.9597898020303581, 'hidden_size': 25, 'dropout': 0.12228878117612216, 'hidden_continuous_size': 5, 'attention_head_size': 2, 'learning_rate': 0.046859011614253196}. Best is trial 18 with value: 0.12359163910150528.
LOCAL_RANK: 0 - CUDA_VISIBLE_DEVICES: [0]
[I 2023-12-16 14:25:08,680] Trial 28 finished with value: 0.12055281549692154 and parameters: {'gradient_clip_val': 0.6130912431515013, 'hidden_size': 17, 'dropout': 0.1733832919400375, 'hidden_continuous_size': 6, 'attention_head_size': 1, 'learning_rate': 0.019219834428734872}. Best is trial 28 with value: 0.12055281549692154.
LOCAL_RANK: 0 - CUDA_VISIBLE_DEVICES: [0]
[I 2023-12-16 14:25:53,752] Trial 29 finished with value: 0.4327108860015869 and parameters: {'gradient_clip_val': 0.5982051201389923, 'hidden_size': 15, 'dropout': 0.16901328484721706, 'hidden_continuous_size': 6, 'attention_head_size': 1, 'learning_rate': 0.021846586655041057}. Best is trial 28 with value: 0.12055281549692154.
LOCAL_RANK: 0 - CUDA_VISIBLE_DEVICES: [0]
[I 2023-12-16 14:26:44,380] Trial 30 finished with value: 2.9358222484588623 and parameters: {'gradient_clip_val': 0.5361782403164671, 'hidden_size': 43, 'dropout': 0.19939985529600257, 'hidden_continuous_size': 7, 'attention_head_size': 1, 'learning_rate': 0.042664383506547186}. Best is trial 28 with value: 0.12055281549692154.
LOCAL_RANK: 0 - CUDA_VISIBLE_DEVICES: [0]
[I 2023-12-16 14:27:30,374] Trial 31 finished with value: 1.363905429840088 and parameters: {'gradient_clip_val': 0.6772734803755736, 'hidden_size': 18, 'dropout': 0.14682020193970832, 'hidden_continuous_size': 5, 'attention_head_size': 1, 'learning_rate': 0.010282515528662408}. Best is trial 28 with value: 0.12055281549692154.
LOCAL_RANK: 0 - CUDA_VISIBLE_DEVICES: [0]
[I 2023-12-16 14:28:17,539] Trial 32 finished with value: 1.0961805582046509 and parameters: {'gradient_clip_val': 0.8108293246231048, 'hidden_size': 24, 'dropout': 0.1247007579784571, 'hidden_continuous_size': 8, 'attention_head_size': 1, 'learning_rate': 0.023918209335311465}. Best is trial 28 with value: 0.12055281549692154.
LOCAL_RANK: 0 - CUDA_VISIBLE_DEVICES: [0]
[I 2023-12-16 14:29:03,246] Trial 33 finished with value: 0.9938675761222839 and parameters: {'gradient_clip_val': 0.644376834736482, 'hidden_size': 10, 'dropout': 0.16821658982551696, 'hidden_continuous_size': 6, 'attention_head_size': 3, 'learning_rate': 0.016337214129131958}. Best is trial 28 with value: 0.12055281549692154.
LOCAL_RANK: 0 - CUDA_VISIBLE_DEVICES: [0]
[I 2023-12-16 14:29:49,104] Trial 34 finished with value: 1.6059166193008423 and parameters: {'gradient_clip_val': 0.8738077245415742, 'hidden_size': 13, 'dropout': 0.1788891219481621, 'hidden_continuous_size': 6, 'attention_head_size': 2, 'learning_rate': 0.013795531881458668}. Best is trial 28 with value: 0.12055281549692154.
LOCAL_RANK: 0 - CUDA_VISIBLE_DEVICES: [0]
[I 2023-12-16 14:30:34,029] Trial 35 finished with value: 1.1366015672683716 and parameters: {'gradient_clip_val': 0.4226351001145701, 'hidden_size': 11, 'dropout': 0.11699369521304846, 'hidden_continuous_size': 5, 'attention_head_size': 1, 'learning_rate': 0.03702778682391086}. Best is trial 28 with value: 0.12055281549692154.
LOCAL_RANK: 0 - CUDA_VISIBLE_DEVICES: [0]
[I 2023-12-16 14:31:18,796] Trial 36 finished with value: 0.8298185467720032 and parameters: {'gradient_clip_val': 0.4981475583504551, 'hidden_size': 16, 'dropout': 0.14240061246654806, 'hidden_continuous_size': 8, 'attention_head_size': 2, 'learning_rate': 0.02365935817037281}. Best is trial 28 with value: 0.12055281549692154.
LOCAL_RANK: 0 - CUDA_VISIBLE_DEVICES: [0]
[I 2023-12-16 14:32:04,515] Trial 37 finished with value: 0.9159981608390808 and parameters: {'gradient_clip_val': 0.45213305927699277, 'hidden_size': 9, 'dropout': 0.21006512962797846, 'hidden_continuous_size': 6, 'attention_head_size': 3, 'learning_rate': 0.0549897571137884}. Best is trial 28 with value: 0.12055281549692154.
LOCAL_RANK: 0 - CUDA_VISIBLE_DEVICES: [0]
[I 2023-12-16 14:32:52,548] Trial 38 finished with value: 0.7236144542694092 and parameters: {'gradient_clip_val': 0.9887453596865056, 'hidden_size': 19, 'dropout': 0.17549507547887855, 'hidden_continuous_size': 7, 'attention_head_size': 4, 'learning_rate': 0.08234674691533318}. Best is trial 28 with value: 0.12055281549692154.
LOCAL_RANK: 0 - CUDA_VISIBLE_DEVICES: [0]
[I 2023-12-16 14:33:38,174] Trial 39 finished with value: 0.2702101171016693 and parameters: {'gradient_clip_val': 0.7461005943056767, 'hidden_size': 15, 'dropout': 0.15299646121037638, 'hidden_continuous_size': 7, 'attention_head_size': 2, 'learning_rate': 0.06137457081149138}. Best is trial 28 with value: 0.12055281549692154.
LOCAL_RANK: 0 - CUDA_VISIBLE_DEVICES: [0]
[I 2023-12-16 14:34:26,124] Trial 40 finished with value: 1.9680849313735962 and parameters: {'gradient_clip_val': 0.5290492205582081, 'hidden_size': 28, 'dropout': 0.1855119192960861, 'hidden_continuous_size': 8, 'attention_head_size': 1, 'learning_rate': 0.031007500596334447}. Best is trial 28 with value: 0.12055281549692154.
LOCAL_RANK: 0 - CUDA_VISIBLE_DEVICES: [0]
[I 2023-12-16 14:35:15,223] Trial 41 finished with value: 1.1516331434249878 and parameters: {'gradient_clip_val': 0.3688105430595644, 'hidden_size': 22, 'dropout': 0.11027322844606605, 'hidden_continuous_size': 9, 'attention_head_size': 3, 'learning_rate': 0.017022832076546538}. Best is trial 28 with value: 0.12055281549692154.
LOCAL_RANK: 0 - CUDA_VISIBLE_DEVICES: [0]
[I 2023-12-16 14:36:03,070] Trial 42 finished with value: 1.495118498802185 and parameters: {'gradient_clip_val': 0.6009820220697571, 'hidden_size': 20, 'dropout': 0.11401085294008176, 'hidden_continuous_size': 10, 'attention_head_size': 3, 'learning_rate': 0.01378431626727589}. Best is trial 28 with value: 0.12055281549692154.
LOCAL_RANK: 0 - CUDA_VISIBLE_DEVICES: [0]
[I 2023-12-16 14:36:50,070] Trial 43 finished with value: 1.0230215787887573 and parameters: {'gradient_clip_val': 0.35055473306558765, 'hidden_size': 17, 'dropout': 0.13397022026964095, 'hidden_continuous_size': 10, 'attention_head_size': 3, 'learning_rate': 0.02128515769246587}. Best is trial 28 with value: 0.12055281549692154.
LOCAL_RANK: 0 - CUDA_VISIBLE_DEVICES: [0]
[I 2023-12-16 14:37:36,170] Trial 44 finished with value: 0.3308976888656616 and parameters: {'gradient_clip_val': 0.4260149172460962, 'hidden_size': 15, 'dropout': 0.10247929645125992, 'hidden_continuous_size': 7, 'attention_head_size': 3, 'learning_rate': 0.00987635608366939}. Best is trial 28 with value: 0.12055281549692154.
LOCAL_RANK: 0 - CUDA_VISIBLE_DEVICES: [0]
[I 2023-12-16 14:38:23,077] Trial 45 finished with value: 0.16526861488819122 and parameters: {'gradient_clip_val': 0.8742501004663613, 'hidden_size': 20, 'dropout': 0.12561726129134626, 'hidden_continuous_size': 8, 'attention_head_size': 3, 'learning_rate': 0.0025960656296305116}. Best is trial 28 with value: 0.12055281549692154.
LOCAL_RANK: 0 - CUDA_VISIBLE_DEVICES: [0]
[I 2023-12-16 14:39:12,584] Trial 46 finished with value: 1.0807958841323853 and parameters: {'gradient_clip_val': 0.8717257970551602, 'hidden_size': 26, 'dropout': 0.12811474709163298, 'hidden_continuous_size': 8, 'attention_head_size': 4, 'learning_rate': 0.00229605364488379}. Best is trial 28 with value: 0.12055281549692154.
LOCAL_RANK: 0 - CUDA_VISIBLE_DEVICES: [0]
[I 2023-12-16 14:40:03,018] Trial 47 finished with value: 0.24030308425426483 and parameters: {'gradient_clip_val': 0.6888563381775571, 'hidden_size': 33, 'dropout': 0.14567521632518265, 'hidden_continuous_size': 12, 'attention_head_size': 3, 'learning_rate': 0.0011788665529645114}. Best is trial 28 with value: 0.12055281549692154.
LOCAL_RANK: 0 - CUDA_VISIBLE_DEVICES: [0]
[I 2023-12-16 14:40:55,789] Trial 48 finished with value: 0.21590690314769745 and parameters: {'gradient_clip_val': 0.8833065228696899, 'hidden_size': 42, 'dropout': 0.16430427726832458, 'hidden_continuous_size': 18, 'attention_head_size': 3, 'learning_rate': 0.0030608243429402497}. Best is trial 28 with value: 0.12055281549692154.
LOCAL_RANK: 0 - CUDA_VISIBLE_DEVICES: [0]
[I 2023-12-16 14:41:44,362] Trial 49 finished with value: 0.48794975876808167 and parameters: {'gradient_clip_val': 0.7331346953159582, 'hidden_size': 22, 'dropout': 0.1145712300928659, 'hidden_continuous_size': 7, 'attention_head_size': 2, 'learning_rate': 0.005237839597045375}. Best is trial 28 with value: 0.12055281549692154.
