[I 2023-12-16 05:50:00,057] Trial 35 finished with value: 108.65860748291016 and parameters: {'gradient_clip_val': 0.3984881169595291, 'hidden_size': 18, 'dropout': 0.17784390567498984, 'hidden_continuous_size': 5, 'attention_head_size': 4, 'learning_rate': 0.0007421259030513894}. Best is trial 27 with value: 30.102279663085938.
LOCAL_RANK: 0 - CUDA_VISIBLE_DEVICES: [0]
[I 2023-12-16 05:50:48,361] Trial 36 finished with value: 106.32373046875 and parameters: {'gradient_clip_val': 0.37677182312724844, 'hidden_size': 21, 'dropout': 0.1521198973294061, 'hidden_continuous_size': 6, 'attention_head_size': 4, 'learning_rate': 0.001106914519989926}. Best is trial 27 with value: 30.102279663085938.
LOCAL_RANK: 0 - CUDA_VISIBLE_DEVICES: [0]
[I 2023-12-16 05:51:32,318] Trial 37 finished with value: 85.15755462646484 and parameters: {'gradient_clip_val': 0.5880039353188661, 'hidden_size': 12, 'dropout': 0.19252496710885753, 'hidden_continuous_size': 5, 'attention_head_size': 3, 'learning_rate': 0.0006314948424398796}. Best is trial 27 with value: 30.102279663085938.
LOCAL_RANK: 0 - CUDA_VISIBLE_DEVICES: [0]
[I 2023-12-16 05:52:19,004] Trial 38 finished with value: 83.79649353027344 and parameters: {'gradient_clip_val': 0.24143515342868374, 'hidden_size': 17, 'dropout': 0.14603995934313999, 'hidden_continuous_size': 7, 'attention_head_size': 4, 'learning_rate': 0.0005319723188717053}. Best is trial 27 with value: 30.102279663085938.
LOCAL_RANK: 0 - CUDA_VISIBLE_DEVICES: [0]
[I 2023-12-16 05:53:04,784] Trial 39 finished with value: 88.76648712158203 and parameters: {'gradient_clip_val': 0.40870965576817697, 'hidden_size': 15, 'dropout': 0.22528002387532148, 'hidden_continuous_size': 7, 'attention_head_size': 3, 'learning_rate': 0.00221186362517108}. Best is trial 27 with value: 30.102279663085938.
LOCAL_RANK: 0 - CUDA_VISIBLE_DEVICES: [0]
[I 2023-12-16 05:53:52,251] Trial 40 finished with value: 102.52385711669922 and parameters: {'gradient_clip_val': 0.33296256864947993, 'hidden_size': 21, 'dropout': 0.18132419395415456, 'hidden_continuous_size': 8, 'attention_head_size': 2, 'learning_rate': 0.0007744351047153095}. Best is trial 27 with value: 30.102279663085938.
LOCAL_RANK: 0 - CUDA_VISIBLE_DEVICES: [0]
[I 2023-12-16 05:54:37,345] Trial 41 finished with value: 61.378902435302734 and parameters: {'gradient_clip_val': 0.4591720071445643, 'hidden_size': 16, 'dropout': 0.19831148813800964, 'hidden_continuous_size': 6, 'attention_head_size': 4, 'learning_rate': 0.0013415038731700924}. Best is trial 27 with value: 30.102279663085938.
LOCAL_RANK: 0 - CUDA_VISIBLE_DEVICES: [0]
[I 2023-12-16 05:55:23,463] Trial 42 finished with value: 77.76551055908203 and parameters: {'gradient_clip_val': 0.48065550853025046, 'hidden_size': 17, 'dropout': 0.16401841020668645, 'hidden_continuous_size': 6, 'attention_head_size': 4, 'learning_rate': 0.0010109912926725062}. Best is trial 27 with value: 30.102279663085938.
LOCAL_RANK: 0 - CUDA_VISIBLE_DEVICES: [0]
[I 2023-12-16 05:56:09,132] Trial 43 finished with value: 84.77007293701172 and parameters: {'gradient_clip_val': 0.5081709919899634, 'hidden_size': 15, 'dropout': 0.15762744885416788, 'hidden_continuous_size': 6, 'attention_head_size': 4, 'learning_rate': 0.0014519366416003722}. Best is trial 27 with value: 30.102279663085938.
LOCAL_RANK: 0 - CUDA_VISIBLE_DEVICES: [0]
[I 2023-12-16 05:56:55,110] Trial 44 finished with value: 59.15664291381836 and parameters: {'gradient_clip_val': 0.6104131383936471, 'hidden_size': 19, 'dropout': 0.18714962665967005, 'hidden_continuous_size': 5, 'attention_head_size': 1, 'learning_rate': 0.0007134789890538719}. Best is trial 27 with value: 30.102279663085938.
LOCAL_RANK: 0 - CUDA_VISIBLE_DEVICES: [0]
[I 2023-12-16 05:57:40,761] Trial 45 finished with value: 55.7199821472168 and parameters: {'gradient_clip_val': 0.4124860728863658, 'hidden_size': 13, 'dropout': 0.14264020152262136, 'hidden_continuous_size': 6, 'attention_head_size': 4, 'learning_rate': 0.0019000487471016313}. Best is trial 27 with value: 30.102279663085938.
LOCAL_RANK: 0 - CUDA_VISIBLE_DEVICES: [0]
[I 2023-12-16 05:58:25,845] Trial 46 finished with value: 97.57080078125 and parameters: {'gradient_clip_val': 0.3599318365921391, 'hidden_size': 16, 'dropout': 0.12202342606215102, 'hidden_continuous_size': 7, 'attention_head_size': 4, 'learning_rate': 0.0027987658541721596}. Best is trial 27 with value: 30.102279663085938.
LOCAL_RANK: 0 - CUDA_VISIBLE_DEVICES: [0]
[I 2023-12-16 05:59:12,851] Trial 47 finished with value: 148.599853515625 and parameters: {'gradient_clip_val': 0.49736806346921164, 'hidden_size': 20, 'dropout': 0.1848994152156557, 'hidden_continuous_size': 8, 'attention_head_size': 4, 'learning_rate': 0.0013482413069107514}. Best is trial 27 with value: 30.102279663085938.
LOCAL_RANK: 0 - CUDA_VISIBLE_DEVICES: [0]
[I 2023-12-16 05:59:58,372] Trial 48 finished with value: 74.34696197509766 and parameters: {'gradient_clip_val': 0.5667331206290668, 'hidden_size': 11, 'dropout': 0.16426494252953544, 'hidden_continuous_size': 6, 'attention_head_size': 4, 'learning_rate': 0.0010334572620200287}. Best is trial 27 with value: 30.102279663085938.
LOCAL_RANK: 0 - CUDA_VISIBLE_DEVICES: [0]
[I 2023-12-16 06:00:44,647] Trial 49 finished with value: 81.44039916992188 and parameters: {'gradient_clip_val': 0.5277302216926877, 'hidden_size': 14, 'dropout': 0.20517368943967515, 'hidden_continuous_size': 7, 'attention_head_size': 4, 'learning_rate': 0.0017005408980006898}. Best is trial 27 with value: 30.102279663085938.
[I 2023-12-16 06:00:44,740] A new study created in memory with name: no-name-bda375c1-8936-4e04-9d7f-0c52e826b756
/home/le004/conda/anaconda3/envs/tsff_env/lib/python3.9/site-packages/lightning/fabric/plugins/environments/slurm.py:191: The `srun` command is available on your system but is not used. HINT: If your intention is to run Lightning on SLURM, prepend your python command with `srun` like so: srun python /home/le004/master_thesis/git/TSFusionForecast/code/ ...
LOCAL_RANK: 0 - CUDA_VISIBLE_DEVICES: [0]
[I 2023-12-16 06:01:32,664] Trial 0 finished with value: 54.4821662902832 and parameters: {'gradient_clip_val': 0.9001744806598099, 'hidden_size': 25, 'dropout': 0.37122549269004723, 'hidden_continuous_size': 10, 'attention_head_size': 1, 'learning_rate': 0.03660268555193744}. Best is trial 0 with value: 54.4821662902832.
LOCAL_RANK: 0 - CUDA_VISIBLE_DEVICES: [0]
[I 2023-12-16 06:02:25,316] Trial 1 finished with value: 56.00498580932617 and parameters: {'gradient_clip_val': 0.23418248780236733, 'hidden_size': 45, 'dropout': 0.15531414034727054, 'hidden_continuous_size': 38, 'attention_head_size': 2, 'learning_rate': 0.09871484657429674}. Best is trial 0 with value: 54.4821662902832.
LOCAL_RANK: 0 - CUDA_VISIBLE_DEVICES: [0]
[I 2023-12-16 06:03:09,662] Trial 2 finished with value: 66.90766906738281 and parameters: {'gradient_clip_val': 0.43604675487653205, 'hidden_size': 7, 'dropout': 0.2189901594883509, 'hidden_continuous_size': 5, 'attention_head_size': 1, 'learning_rate': 0.031137013431225994}. Best is trial 0 with value: 54.4821662902832.
LOCAL_RANK: 0 - CUDA_VISIBLE_DEVICES: [0]
[I 2023-12-16 06:04:01,157] Trial 3 finished with value: 52.800472259521484 and parameters: {'gradient_clip_val': 0.3422706124422074, 'hidden_size': 43, 'dropout': 0.17447968603724512, 'hidden_continuous_size': 11, 'attention_head_size': 2, 'learning_rate': 0.018347678570622347}. Best is trial 3 with value: 52.800472259521484.
LOCAL_RANK: 0 - CUDA_VISIBLE_DEVICES: [0]
[I 2023-12-16 06:04:49,515] Trial 4 finished with value: 38.092586517333984 and parameters: {'gradient_clip_val': 0.1278328315934996, 'hidden_size': 29, 'dropout': 0.3582205333906727, 'hidden_continuous_size': 5, 'attention_head_size': 3, 'learning_rate': 0.016234382710023663}. Best is trial 4 with value: 38.092586517333984.
LOCAL_RANK: 0 - CUDA_VISIBLE_DEVICES: [0]
[I 2023-12-16 06:05:41,120] Trial 5 finished with value: 22.309125900268555 and parameters: {'gradient_clip_val': 0.6034980798027518, 'hidden_size': 31, 'dropout': 0.231812395710767, 'hidden_continuous_size': 30, 'attention_head_size': 2, 'learning_rate': 0.002442524642628091}. Best is trial 5 with value: 22.309125900268555.
LOCAL_RANK: 0 - CUDA_VISIBLE_DEVICES: [0]
[I 2023-12-16 06:06:24,344] Trial 6 finished with value: 22.818090438842773 and parameters: {'gradient_clip_val': 0.8254925898718518, 'hidden_size': 12, 'dropout': 0.12734004690212075, 'hidden_continuous_size': 6, 'attention_head_size': 1, 'learning_rate': 0.028515948245094794}. Best is trial 5 with value: 22.309125900268555.
LOCAL_RANK: 0 - CUDA_VISIBLE_DEVICES: [0]
[I 2023-12-16 06:06:58,168] Trial 7 finished with value: 28.10677146911621 and parameters: {'gradient_clip_val': 0.12641285311950132, 'hidden_size': 5, 'dropout': 0.20344207483407287, 'hidden_continuous_size': 5, 'attention_head_size': 3, 'learning_rate': 0.009723613069686127}. Best is trial 5 with value: 22.309125900268555.
LOCAL_RANK: 0 - CUDA_VISIBLE_DEVICES: [0]
[I 2023-12-16 06:07:43,176] Trial 8 finished with value: 37.21377944946289 and parameters: {'gradient_clip_val': 0.21244926896722163, 'hidden_size': 11, 'dropout': 0.3282498911711552, 'hidden_continuous_size': 5, 'attention_head_size': 2, 'learning_rate': 0.0011468910016971864}. Best is trial 5 with value: 22.309125900268555.
LOCAL_RANK: 0 - CUDA_VISIBLE_DEVICES: [0]
[I 2023-12-16 06:08:31,808] Trial 9 finished with value: 39.822635650634766 and parameters: {'gradient_clip_val': 0.14885501578506466, 'hidden_size': 31, 'dropout': 0.3448626528193389, 'hidden_continuous_size': 12, 'attention_head_size': 2, 'learning_rate': 0.0259291641020036}. Best is trial 5 with value: 22.309125900268555.
LOCAL_RANK: 0 - CUDA_VISIBLE_DEVICES: [0]
[I 2023-12-16 06:09:29,381] Trial 10 finished with value: 31.24653434753418 and parameters: {'gradient_clip_val': 0.5167359798217711, 'hidden_size': 90, 'dropout': 0.27213289658147655, 'hidden_continuous_size': 74, 'attention_head_size': 4, 'learning_rate': 0.0022816970224376013}. Best is trial 5 with value: 22.309125900268555.
LOCAL_RANK: 0 - CUDA_VISIBLE_DEVICES: [0]
[I 2023-12-16 06:10:14,143] Trial 11 finished with value: 33.09765625 and parameters: {'gradient_clip_val': 0.9029166569000411, 'hidden_size': 14, 'dropout': 0.11200995306475477, 'hidden_continuous_size': 7, 'attention_head_size': 1, 'learning_rate': 0.0030967984631129785}. Best is trial 5 with value: 22.309125900268555.
LOCAL_RANK: 0 - CUDA_VISIBLE_DEVICES: [0]
[I 2023-12-16 06:10:58,029] Trial 12 finished with value: 52.310333251953125 and parameters: {'gradient_clip_val': 0.6332396039308954, 'hidden_size': 16, 'dropout': 0.10048440459045824, 'hidden_continuous_size': 7, 'attention_head_size': 1, 'learning_rate': 0.004656249655197318}. Best is trial 5 with value: 22.309125900268555.
LOCAL_RANK: 0 - CUDA_VISIBLE_DEVICES: [0]
[I 2023-12-16 06:11:43,213] Trial 13 finished with value: 45.723201751708984 and parameters: {'gradient_clip_val': 0.6726179385178269, 'hidden_size': 9, 'dropout': 0.27149274168537235, 'hidden_continuous_size': 6, 'attention_head_size': 3, 'learning_rate': 0.000863050930957445}. Best is trial 5 with value: 22.309125900268555.
LOCAL_RANK: 0 - CUDA_VISIBLE_DEVICES: [0]
[I 2023-12-16 06:12:29,308] Trial 14 finished with value: 50.03805923461914 and parameters: {'gradient_clip_val': 0.9622639437892955, 'hidden_size': 18, 'dropout': 0.1465798670930321, 'hidden_continuous_size': 8, 'attention_head_size': 1, 'learning_rate': 0.006624429414486041}. Best is trial 5 with value: 22.309125900268555.
LOCAL_RANK: 0 - CUDA_VISIBLE_DEVICES: [0]
[I 2023-12-16 06:13:14,049] Trial 15 finished with value: 60.78578567504883 and parameters: {'gradient_clip_val': 0.6478735708655952, 'hidden_size': 14, 'dropout': 0.2246386328024465, 'hidden_continuous_size': 6, 'attention_head_size': 2, 'learning_rate': 0.0005049086590080624}. Best is trial 5 with value: 22.309125900268555.
LOCAL_RANK: 0 - CUDA_VISIBLE_DEVICES: [0]
[I 2023-12-16 06:13:59,610] Trial 16 finished with value: 45.83784103393555 and parameters: {'gradient_clip_val': 0.42878481299267623, 'hidden_size': 9, 'dropout': 0.1848111583438632, 'hidden_continuous_size': 6, 'attention_head_size': 4, 'learning_rate': 0.0018917045207228608}. Best is trial 5 with value: 22.309125900268555.
LOCAL_RANK: 0 - CUDA_VISIBLE_DEVICES: [0]
[I 2023-12-16 06:14:45,738] Trial 17 finished with value: 33.68161392211914 and parameters: {'gradient_clip_val': 0.678962630330977, 'hidden_size': 20, 'dropout': 0.2537858939860517, 'hidden_continuous_size': 9, 'attention_head_size': 1, 'learning_rate': 0.004811944354951896}. Best is trial 5 with value: 22.309125900268555.
LOCAL_RANK: 0 - CUDA_VISIBLE_DEVICES: [0]
[I 2023-12-16 06:15:19,215] Trial 18 finished with value: 30.50519371032715 and parameters: {'gradient_clip_val': 0.514471745008043, 'hidden_size': 5, 'dropout': 0.13611588701478872, 'hidden_continuous_size': 5, 'attention_head_size': 2, 'learning_rate': 0.009942387010860011}. Best is trial 5 with value: 22.309125900268555.
LOCAL_RANK: 0 - CUDA_VISIBLE_DEVICES: [0]
[I 2023-12-16 06:16:08,192] Trial 19 finished with value: 34.26533126831055 and parameters: {'gradient_clip_val': 0.7862047390768776, 'hidden_size': 22, 'dropout': 0.39944261453580093, 'hidden_continuous_size': 14, 'attention_head_size': 3, 'learning_rate': 0.05781564142618811}. Best is trial 5 with value: 22.309125900268555.
LOCAL_RANK: 0 - CUDA_VISIBLE_DEVICES: [0]
[I 2023-12-16 06:16:51,763] Trial 20 finished with value: 29.98250389099121 and parameters: {'gradient_clip_val': 0.9952769912801644, 'hidden_size': 12, 'dropout': 0.12855945881548592, 'hidden_continuous_size': 8, 'attention_head_size': 1, 'learning_rate': 0.014278359669582671}. Best is trial 5 with value: 22.309125900268555.
LOCAL_RANK: 0 - CUDA_VISIBLE_DEVICES: [0]
[I 2023-12-16 06:17:25,641] Trial 21 finished with value: 58.00251388549805 and parameters: {'gradient_clip_val': 0.10411763651601202, 'hidden_size': 5, 'dropout': 0.20189355251020538, 'hidden_continuous_size': 5, 'attention_head_size': 3, 'learning_rate': 0.0102285358766074}. Best is trial 5 with value: 22.309125900268555.
LOCAL_RANK: 0 - CUDA_VISIBLE_DEVICES: [0]
[I 2023-12-16 06:18:10,836] Trial 22 finished with value: 28.8985538482666 and parameters: {'gradient_clip_val': 0.2968524676291411, 'hidden_size': 7, 'dropout': 0.17096244355097992, 'hidden_continuous_size': 5, 'attention_head_size': 3, 'learning_rate': 0.008251819955097146}. Best is trial 5 with value: 22.309125900268555.
LOCAL_RANK: 0 - CUDA_VISIBLE_DEVICES: [0]
[I 2023-12-16 06:18:44,898] Trial 23 finished with value: 21.465539932250977 and parameters: {'gradient_clip_val': 0.18281321866643566, 'hidden_size': 5, 'dropout': 0.19665153476672087, 'hidden_continuous_size': 5, 'attention_head_size': 4, 'learning_rate': 0.004370377681929478}. Best is trial 23 with value: 21.465539932250977.
LOCAL_RANK: 0 - CUDA_VISIBLE_DEVICES: [0]
[I 2023-12-16 06:19:30,070] Trial 24 finished with value: 17.614408493041992 and parameters: {'gradient_clip_val': 0.7782842030642726, 'hidden_size': 7, 'dropout': 0.13070756582073173, 'hidden_continuous_size': 6, 'attention_head_size': 4, 'learning_rate': 0.0037596627035269164}. Best is trial 24 with value: 17.614408493041992.
LOCAL_RANK: 0 - CUDA_VISIBLE_DEVICES: [0]
[I 2023-12-16 06:20:15,204] Trial 25 finished with value: 42.44722366333008 and parameters: {'gradient_clip_val': 0.1973304884645579, 'hidden_size': 7, 'dropout': 0.1589371399463688, 'hidden_continuous_size': 5, 'attention_head_size': 4, 'learning_rate': 0.0038161364116521368}. Best is trial 24 with value: 17.614408493041992.
LOCAL_RANK: 0 - CUDA_VISIBLE_DEVICES: [0]
[I 2023-12-16 06:21:00,316] Trial 26 finished with value: 41.82344055175781 and parameters: {'gradient_clip_val': 0.29337164899964047, 'hidden_size': 6, 'dropout': 0.188769597633532, 'hidden_continuous_size': 5, 'attention_head_size': 4, 'learning_rate': 0.002290798301350735}. Best is trial 24 with value: 17.614408493041992.
LOCAL_RANK: 0 - CUDA_VISIBLE_DEVICES: [0]
[I 2023-12-16 06:21:45,905] Trial 27 finished with value: 26.672922134399414 and parameters: {'gradient_clip_val': 0.5425132362893551, 'hidden_size': 9, 'dropout': 0.22419505980340454, 'hidden_continuous_size': 6, 'attention_head_size': 4, 'learning_rate': 0.00597201797114207}. Best is trial 24 with value: 17.614408493041992.
LOCAL_RANK: 0 - CUDA_VISIBLE_DEVICES: [0]
[I 2023-12-16 06:22:30,998] Trial 28 finished with value: 34.32149887084961 and parameters: {'gradient_clip_val': 0.7768376710218623, 'hidden_size': 6, 'dropout': 0.15063951944424248, 'hidden_continuous_size': 5, 'attention_head_size': 4, 'learning_rate': 0.0029629106091580877}. Best is trial 24 with value: 17.614408493041992.
LOCAL_RANK: 0 - CUDA_VISIBLE_DEVICES: [0]
[I 2023-12-16 06:23:20,413] Trial 29 finished with value: 38.860931396484375 and parameters: {'gradient_clip_val': 0.3510826547678773, 'hidden_size': 25, 'dropout': 0.2455115455253704, 'hidden_continuous_size': 14, 'attention_head_size': 4, 'learning_rate': 0.0016062937046364273}. Best is trial 24 with value: 17.614408493041992.
LOCAL_RANK: 0 - CUDA_VISIBLE_DEVICES: [0]
[I 2023-12-16 06:23:54,055] Trial 30 finished with value: 56.47260665893555 and parameters: {'gradient_clip_val': 0.7847738332186556, 'hidden_size': 5, 'dropout': 0.1679909949008555, 'hidden_continuous_size': 5, 'attention_head_size': 3, 'learning_rate': 0.003455365762528653}. Best is trial 24 with value: 17.614408493041992.
LOCAL_RANK: 0 - CUDA_VISIBLE_DEVICES: [0]
[I 2023-12-16 06:24:39,541] Trial 31 finished with value: 37.654598236083984 and parameters: {'gradient_clip_val': 0.8329299183062382, 'hidden_size': 11, 'dropout': 0.12703418243217884, 'hidden_continuous_size': 6, 'attention_head_size': 4, 'learning_rate': 0.005610340136883169}. Best is trial 24 with value: 17.614408493041992.
LOCAL_RANK: 0 - CUDA_VISIBLE_DEVICES: [0]
[I 2023-12-16 06:25:23,217] Trial 32 finished with value: 30.69487953186035 and parameters: {'gradient_clip_val': 0.839145997670364, 'hidden_size': 8, 'dropout': 0.11659243412670678, 'hidden_continuous_size': 6, 'attention_head_size': 2, 'learning_rate': 0.004310066162936098}. Best is trial 24 with value: 17.614408493041992.
LOCAL_RANK: 0 - CUDA_VISIBLE_DEVICES: [0]
[I 2023-12-16 06:26:07,200] Trial 33 finished with value: 33.41319274902344 and parameters: {'gradient_clip_val': 0.9639441315158054, 'hidden_size': 6, 'dropout': 0.1451057814487864, 'hidden_continuous_size': 5, 'attention_head_size': 1, 'learning_rate': 0.007206988233025513}. Best is trial 24 with value: 17.614408493041992.
LOCAL_RANK: 0 - CUDA_VISIBLE_DEVICES: [0]
[I 2023-12-16 06:26:52,235] Trial 34 finished with value: 47.0559196472168 and parameters: {'gradient_clip_val': 0.5818787479483767, 'hidden_size': 10, 'dropout': 0.10157590955243304, 'hidden_continuous_size': 7, 'attention_head_size': 2, 'learning_rate': 0.04712061028691232}. Best is trial 24 with value: 17.614408493041992.
LOCAL_RANK: 0 - CUDA_VISIBLE_DEVICES: [0]
[I 2023-12-16 06:27:35,631] Trial 35 finished with value: 56.19621658325195 and parameters: {'gradient_clip_val': 0.714380520502511, 'hidden_size': 8, 'dropout': 0.15989594556090542, 'hidden_continuous_size': 6, 'attention_head_size': 2, 'learning_rate': 0.002976694205480614}. Best is trial 24 with value: 17.614408493041992.
LOCAL_RANK: 0 - CUDA_VISIBLE_DEVICES: [0]
[I 2023-12-16 06:28:21,067] Trial 36 finished with value: 40.1292724609375 and parameters: {'gradient_clip_val': 0.6131316608600553, 'hidden_size': 13, 'dropout': 0.1373279932247169, 'hidden_continuous_size': 7, 'attention_head_size': 3, 'learning_rate': 0.026540694638855528}. Best is trial 24 with value: 17.614408493041992.
LOCAL_RANK: 0 - CUDA_VISIBLE_DEVICES: [0]
[I 2023-12-16 06:29:06,810] Trial 37 finished with value: 41.58332824707031 and parameters: {'gradient_clip_val': 0.4509294425123761, 'hidden_size': 11, 'dropout': 0.18114933207436104, 'hidden_continuous_size': 8, 'attention_head_size': 4, 'learning_rate': 0.005292841008241673}. Best is trial 24 with value: 17.614408493041992.
LOCAL_RANK: 0 - CUDA_VISIBLE_DEVICES: [0]
[I 2023-12-16 06:29:51,807] Trial 38 finished with value: 42.80170822143555 and parameters: {'gradient_clip_val': 0.853928723948563, 'hidden_size': 16, 'dropout': 0.12275598094607702, 'hidden_continuous_size': 10, 'attention_head_size': 2, 'learning_rate': 0.08594352761404321}. Best is trial 24 with value: 17.614408493041992.
LOCAL_RANK: 0 - CUDA_VISIBLE_DEVICES: [0]
[I 2023-12-16 06:30:42,379] Trial 39 finished with value: 58.36457824707031 and parameters: {'gradient_clip_val': 0.7002229986374982, 'hidden_size': 32, 'dropout': 0.20697758942804373, 'hidden_continuous_size': 20, 'attention_head_size': 3, 'learning_rate': 0.01314832903021976}. Best is trial 24 with value: 17.614408493041992.
LOCAL_RANK: 0 - CUDA_VISIBLE_DEVICES: [0]
[I 2023-12-16 06:31:26,698] Trial 40 finished with value: 54.398685455322266 and parameters: {'gradient_clip_val': 0.24913996088450371, 'hidden_size': 6, 'dropout': 0.1644028170128644, 'hidden_continuous_size': 5, 'attention_head_size': 1, 'learning_rate': 0.019873435007491908}. Best is trial 24 with value: 17.614408493041992.
LOCAL_RANK: 0 - CUDA_VISIBLE_DEVICES: [0]
[I 2023-12-16 06:32:11,278] Trial 41 finished with value: 48.630313873291016 and parameters: {'gradient_clip_val': 0.5533512094794149, 'hidden_size': 8, 'dropout': 0.22621563614429108, 'hidden_continuous_size': 6, 'attention_head_size': 4, 'learning_rate': 0.006386414304506722}. Best is trial 24 with value: 17.614408493041992.
LOCAL_RANK: 0 - CUDA_VISIBLE_DEVICES: [0]
[I 2023-12-16 06:32:56,797] Trial 42 finished with value: 39.248531341552734 and parameters: {'gradient_clip_val': 0.7314089857473374, 'hidden_size': 9, 'dropout': 0.1900264517201754, 'hidden_continuous_size': 6, 'attention_head_size': 4, 'learning_rate': 0.0038165783516063544}. Best is trial 24 with value: 17.614408493041992.
LOCAL_RANK: 0 - CUDA_VISIBLE_DEVICES: [0]
