[I 2023-12-26 16:32:15,845] Trial 25 finished with value: 2.7930257320404053 and parameters: {'gradient_clip_val': 0.3362264916031449, 'hidden_size': 40, 'dropout': 0.20356013928321956, 'hidden_continuous_size': 10, 'attention_head_size': 3, 'learning_rate': 0.0030977266698413875}. Best is trial 0 with value: 0.03766364976763725.
[I 2023-12-26 16:32:18,306] Trial 26 finished with value: 3.296003580093384 and parameters: {'gradient_clip_val': 0.2531291801337122, 'hidden_size': 28, 'dropout': 0.15173702341308043, 'hidden_continuous_size': 13, 'attention_head_size': 2, 'learning_rate': 0.08300891996734429}. Best is trial 0 with value: 0.03766364976763725.
[I 2023-12-26 16:32:23,288] Trial 27 finished with value: 3.8259494304656982 and parameters: {'gradient_clip_val': 0.2749420041890532, 'hidden_size': 78, 'dropout': 0.2129797124748263, 'hidden_continuous_size': 17, 'attention_head_size': 3, 'learning_rate': 0.0016402186240348118}. Best is trial 0 with value: 0.03766364976763725.
[I 2023-12-26 16:32:27,231] Trial 28 finished with value: 5.014029502868652 and parameters: {'gradient_clip_val': 0.42837451859242287, 'hidden_size': 63, 'dropout': 0.27505135010798076, 'hidden_continuous_size': 21, 'attention_head_size': 1, 'learning_rate': 0.006348663394260667}. Best is trial 0 with value: 0.03766364976763725.
[I 2023-12-26 16:32:36,260] Trial 29 finished with value: 3.8168601989746094 and parameters: {'gradient_clip_val': 0.1921547652553483, 'hidden_size': 139, 'dropout': 0.49720975690973446, 'hidden_continuous_size': 53, 'attention_head_size': 1, 'learning_rate': 0.007220449892883511}. Best is trial 0 with value: 0.03766364976763725.
[I 2023-12-26 16:32:42,758] Trial 30 finished with value: 3.4518768787384033 and parameters: {'gradient_clip_val': 0.15867982945929546, 'hidden_size': 101, 'dropout': 0.460095612798201, 'hidden_continuous_size': 33, 'attention_head_size': 3, 'learning_rate': 0.0008834232103282598}. Best is trial 0 with value: 0.03766364976763725.
[I 2023-12-26 16:32:45,766] Trial 31 finished with value: 4.049210071563721 and parameters: {'gradient_clip_val': 0.34582764609496425, 'hidden_size': 39, 'dropout': 0.20553262615550005, 'hidden_continuous_size': 12, 'attention_head_size': 3, 'learning_rate': 0.0029363537149954383}. Best is trial 0 with value: 0.03766364976763725.
[I 2023-12-26 16:32:48,889] Trial 32 finished with value: 3.9076664447784424 and parameters: {'gradient_clip_val': 0.31819362768817216, 'hidden_size': 47, 'dropout': 0.18196500316145547, 'hidden_continuous_size': 11, 'attention_head_size': 3, 'learning_rate': 0.0022823555683559706}. Best is trial 0 with value: 0.03766364976763725.
[I 2023-12-26 16:32:56,354] Trial 33 finished with value: 3.1749346256256104 and parameters: {'gradient_clip_val': 0.21599590909195818, 'hidden_size': 119, 'dropout': 0.2325446102013027, 'hidden_continuous_size': 15, 'attention_head_size': 2, 'learning_rate': 0.001398643877445267}. Best is trial 0 with value: 0.03766364976763725.
[I 2023-12-26 16:33:01,280] Trial 34 finished with value: 4.448693752288818 and parameters: {'gradient_clip_val': 0.142374651876713, 'hidden_size': 79, 'dropout': 0.3948877392883898, 'hidden_continuous_size': 10, 'attention_head_size': 3, 'learning_rate': 0.0009737575052184233}. Best is trial 0 with value: 0.03766364976763725.
[I 2023-12-26 16:33:04,407] Trial 35 finished with value: 3.0667803287506104 and parameters: {'gradient_clip_val': 0.8413649898532093, 'hidden_size': 45, 'dropout': 0.19392479298787915, 'hidden_continuous_size': 15, 'attention_head_size': 4, 'learning_rate': 0.0019174569850256477}. Best is trial 0 with value: 0.03766364976763725.
[I 2023-12-26 16:33:07,073] Trial 36 finished with value: 4.11764669418335 and parameters: {'gradient_clip_val': 0.596190923920479, 'hidden_size': 31, 'dropout': 0.25982205565852373, 'hidden_continuous_size': 19, 'attention_head_size': 3, 'learning_rate': 0.0033582978411266424}. Best is trial 0 with value: 0.03766364976763725.
[I 2023-12-26 16:33:14,461] Trial 37 finished with value: 3.5403473377227783 and parameters: {'gradient_clip_val': 0.524713573487497, 'hidden_size': 115, 'dropout': 0.16153552111409275, 'hidden_continuous_size': 30, 'attention_head_size': 2, 'learning_rate': 0.008664843576237636}. Best is trial 0 with value: 0.03766364976763725.
[I 2023-12-26 16:33:16,795] Trial 38 finished with value: 4.868305683135986 and parameters: {'gradient_clip_val': 0.7024446735072692, 'hidden_size': 22, 'dropout': 0.13542396824673786, 'hidden_continuous_size': 13, 'attention_head_size': 3, 'learning_rate': 0.034842182770029914}. Best is trial 0 with value: 0.03766364976763725.
[I 2023-12-26 16:33:19,275] Trial 39 finished with value: 3.741105318069458 and parameters: {'gradient_clip_val': 0.9507859070536995, 'hidden_size': 32, 'dropout': 0.1890398909031072, 'hidden_continuous_size': 19, 'attention_head_size': 4, 'learning_rate': 0.004466910147892838}. Best is trial 0 with value: 0.03766364976763725.
[I 2023-12-26 16:33:22,243] Trial 40 finished with value: 2.9679343700408936 and parameters: {'gradient_clip_val': 0.25365600723094534, 'hidden_size': 44, 'dropout': 0.20728345134326193, 'hidden_continuous_size': 17, 'attention_head_size': 3, 'learning_rate': 0.0023827833366451777}. Best is trial 0 with value: 0.03766364976763725.
[I 2023-12-26 16:33:30,296] Trial 41 finished with value: 3.7285003662109375 and parameters: {'gradient_clip_val': 0.20732528719211324, 'hidden_size': 126, 'dropout': 0.1581349158413555, 'hidden_continuous_size': 41, 'attention_head_size': 2, 'learning_rate': 0.014306625504860414}. Best is trial 0 with value: 0.03766364976763725.
[I 2023-12-26 16:33:39,085] Trial 42 finished with value: 3.9003398418426514 and parameters: {'gradient_clip_val': 0.19271507545293, 'hidden_size': 144, 'dropout': 0.13450712989894015, 'hidden_continuous_size': 25, 'attention_head_size': 2, 'learning_rate': 0.0457361687214291}. Best is trial 0 with value: 0.03766364976763725.
[I 2023-12-26 16:33:45,296] Trial 43 finished with value: 2.8194925785064697 and parameters: {'gradient_clip_val': 0.23647185100183887, 'hidden_size': 91, 'dropout': 0.10027792018283745, 'hidden_continuous_size': 29, 'attention_head_size': 2, 'learning_rate': 0.01527097393851307}. Best is trial 0 with value: 0.03766364976763725.
[I 2023-12-26 16:33:51,242] Trial 44 finished with value: 3.2667579650878906 and parameters: {'gradient_clip_val': 0.2418449207581055, 'hidden_size': 96, 'dropout': 0.1009272380603003, 'hidden_continuous_size': 32, 'attention_head_size': 2, 'learning_rate': 0.02185269242302936}. Best is trial 0 with value: 0.03766364976763725.
[I 2023-12-26 16:33:56,360] Trial 45 finished with value: 2.157773971557617 and parameters: {'gradient_clip_val': 0.23961793783599086, 'hidden_size': 82, 'dropout': 0.17208598247077406, 'hidden_continuous_size': 25, 'attention_head_size': 1, 'learning_rate': 0.01064086213062855}. Best is trial 0 with value: 0.03766364976763725.
[I 2023-12-26 16:33:59,909] Trial 46 finished with value: 4.365328788757324 and parameters: {'gradient_clip_val': 0.27025385265063945, 'hidden_size': 58, 'dropout': 0.18871493710277631, 'hidden_continuous_size': 24, 'attention_head_size': 1, 'learning_rate': 0.008864810485846584}. Best is trial 0 with value: 0.03766364976763725.
[I 2023-12-26 16:34:04,048] Trial 47 finished with value: 2.737010955810547 and parameters: {'gradient_clip_val': 0.3319248105459638, 'hidden_size': 68, 'dropout': 0.2366139264067672, 'hidden_continuous_size': 20, 'attention_head_size': 1, 'learning_rate': 0.002670676022889565}. Best is trial 0 with value: 0.03766364976763725.
[I 2023-12-26 16:34:08,433] Trial 48 finished with value: 3.1017074584960938 and parameters: {'gradient_clip_val': 0.29695171210660626, 'hidden_size': 70, 'dropout': 0.2429180255366571, 'hidden_continuous_size': 20, 'attention_head_size': 1, 'learning_rate': 0.001360372310993728}. Best is trial 0 with value: 0.03766364976763725.
[I 2023-12-26 16:34:13,667] Trial 49 finished with value: 2.97957706451416 and parameters: {'gradient_clip_val': 0.8167377268259753, 'hidden_size': 83, 'dropout': 0.1697981601091206, 'hidden_continuous_size': 26, 'attention_head_size': 1, 'learning_rate': 0.005666629601790497}. Best is trial 0 with value: 0.03766364976763725.
[I 2023-12-26 16:34:13,787] A new study created in memory with name: no-name-41d7fe45-6713-4649-be74-a21522fd1534
/home/le004/conda/anaconda3/envs/tsff_env/lib/python3.9/site-packages/lightning/fabric/plugins/environments/slurm.py:191: The `srun` command is available on your system but is not used. HINT: If your intention is to run Lightning on SLURM, prepend your python command with `srun` like so: srun python /home/le004/master_thesis/git/TSFusionForecast/code/ ...
[I 2023-12-26 16:37:09,401] Trial 0 finished with value: 0.0925978422164917 and parameters: {'gradient_clip_val': 0.6289291036502492, 'hidden_size': 5, 'dropout': 0.24466753529315502, 'hidden_continuous_size': 5, 'attention_head_size': 3, 'learning_rate': 0.029278069931698954}. Best is trial 0 with value: 0.0925978422164917.
[I 2023-12-26 16:37:17,904] Trial 1 finished with value: 3.200373649597168 and parameters: {'gradient_clip_val': 0.865675249026446, 'hidden_size': 138, 'dropout': 0.3435823231841929, 'hidden_continuous_size': 6, 'attention_head_size': 4, 'learning_rate': 0.007764748275401536}. Best is trial 0 with value: 0.0925978422164917.
[I 2023-12-26 16:37:21,562] Trial 2 finished with value: 2.7193362712860107 and parameters: {'gradient_clip_val': 0.1625435624459568, 'hidden_size': 62, 'dropout': 0.2876012062451586, 'hidden_continuous_size': 5, 'attention_head_size': 1, 'learning_rate': 0.012875167512057374}. Best is trial 0 with value: 0.0925978422164917.
[I 2023-12-26 16:37:23,776] Trial 3 finished with value: 2.5353143215179443 and parameters: {'gradient_clip_val': 0.3662548921530343, 'hidden_size': 15, 'dropout': 0.24882805503059902, 'hidden_continuous_size': 6, 'attention_head_size': 3, 'learning_rate': 0.0008755193374998989}. Best is trial 0 with value: 0.0925978422164917.
[I 2023-12-26 16:37:25,551] Trial 4 finished with value: 2.2382352352142334 and parameters: {'gradient_clip_val': 0.106531639676908, 'hidden_size': 6, 'dropout': 0.30357638555927013, 'hidden_continuous_size': 6, 'attention_head_size': 3, 'learning_rate': 0.007960932358019075}. Best is trial 0 with value: 0.0925978422164917.
[I 2023-12-26 16:37:27,419] Trial 5 finished with value: 3.845609664916992 and parameters: {'gradient_clip_val': 0.14270499397054268, 'hidden_size': 8, 'dropout': 0.19677101410110956, 'hidden_continuous_size': 6, 'attention_head_size': 3, 'learning_rate': 0.0007811874368258696}. Best is trial 0 with value: 0.0925978422164917.
[I 2023-12-26 16:37:29,282] Trial 6 finished with value: 4.135531902313232 and parameters: {'gradient_clip_val': 0.915445202737499, 'hidden_size': 8, 'dropout': 0.46026458379061463, 'hidden_continuous_size': 7, 'attention_head_size': 1, 'learning_rate': 0.07828218885303406}. Best is trial 0 with value: 0.0925978422164917.
[I 2023-12-26 16:37:33,845] Trial 7 finished with value: 3.757753372192383 and parameters: {'gradient_clip_val': 0.5609085917437212, 'hidden_size': 67, 'dropout': 0.3001455509746137, 'hidden_continuous_size': 9, 'attention_head_size': 4, 'learning_rate': 0.08179030050035899}. Best is trial 0 with value: 0.0925978422164917.
[I 2023-12-26 16:37:38,655] Trial 8 finished with value: 3.2797272205352783 and parameters: {'gradient_clip_val': 0.6073911615977874, 'hidden_size': 72, 'dropout': 0.16813408453381434, 'hidden_continuous_size': 28, 'attention_head_size': 3, 'learning_rate': 0.011538385581731586}. Best is trial 0 with value: 0.0925978422164917.
[I 2023-12-26 16:37:42,165] Trial 9 finished with value: 3.266982078552246 and parameters: {'gradient_clip_val': 0.3948344607138214, 'hidden_size': 52, 'dropout': 0.3638871809162372, 'hidden_continuous_size': 45, 'attention_head_size': 3, 'learning_rate': 0.027250634530410194}. Best is trial 0 with value: 0.0925978422164917.
[I 2023-12-26 16:37:43,928] Trial 10 finished with value: 2.966615676879883 and parameters: {'gradient_clip_val': 0.26602272915669073, 'hidden_size': 5, 'dropout': 0.11839374975777925, 'hidden_continuous_size': 5, 'attention_head_size': 2, 'learning_rate': 0.0026675116287247355}. Best is trial 0 with value: 0.0925978422164917.
[I 2023-12-26 16:37:45,689] Trial 11 finished with value: 3.8985507488250732 and parameters: {'gradient_clip_val': 0.10432601330015169, 'hidden_size': 5, 'dropout': 0.22315107898422903, 'hidden_continuous_size': 5, 'attention_head_size': 2, 'learning_rate': 0.02941548288004715}. Best is trial 0 with value: 0.0925978422164917.
[I 2023-12-26 16:37:47,827] Trial 12 finished with value: 3.895380973815918 and parameters: {'gradient_clip_val': 0.22105974959002347, 'hidden_size': 13, 'dropout': 0.25430697698762306, 'hidden_continuous_size': 5, 'attention_head_size': 4, 'learning_rate': 0.003363749986698531}. Best is trial 0 with value: 0.0925978422164917.
[I 2023-12-26 16:37:50,021] Trial 13 finished with value: 3.248516798019409 and parameters: {'gradient_clip_val': 0.1002942236281527, 'hidden_size': 20, 'dropout': 0.35853720839369296, 'hidden_continuous_size': 8, 'attention_head_size': 2, 'learning_rate': 0.026115226336630167}. Best is trial 0 with value: 0.0925978422164917.
[I 2023-12-26 16:37:52,080] Trial 14 finished with value: 2.33028244972229 and parameters: {'gradient_clip_val': 0.2300963888655068, 'hidden_size': 9, 'dropout': 0.16265818093046802, 'hidden_continuous_size': 5, 'attention_head_size': 3, 'learning_rate': 0.005749195171430998}. Best is trial 0 with value: 0.0925978422164917.
[I 2023-12-26 16:37:53,864] Trial 15 finished with value: 2.4042975902557373 and parameters: {'gradient_clip_val': 0.4563958250985465, 'hidden_size': 5, 'dropout': 0.10264643987735256, 'hidden_continuous_size': 5, 'attention_head_size': 2, 'learning_rate': 0.016225389123163146}. Best is trial 0 with value: 0.0925978422164917.
[I 2023-12-26 16:37:56,510] Trial 16 finished with value: 3.6765925884246826 and parameters: {'gradient_clip_val': 0.3093455036505529, 'hidden_size': 29, 'dropout': 0.2987702650373641, 'hidden_continuous_size': 9, 'attention_head_size': 4, 'learning_rate': 0.05050820712701304}. Best is trial 0 with value: 0.0925978422164917.
[I 2023-12-26 16:37:58,494] Trial 17 finished with value: 3.80631160736084 and parameters: {'gradient_clip_val': 0.16942197307580895, 'hidden_size': 7, 'dropout': 0.2247293881693049, 'hidden_continuous_size': 5, 'attention_head_size': 3, 'learning_rate': 0.034593019727570784}. Best is trial 0 with value: 0.0925978422164917.
[I 2023-12-26 16:38:00,558] Trial 18 finished with value: 3.5116329193115234 and parameters: {'gradient_clip_val': 0.6449881961754736, 'hidden_size': 12, 'dropout': 0.4123173350424434, 'hidden_continuous_size': 6, 'attention_head_size': 2, 'learning_rate': 0.020254921647276502}. Best is trial 0 with value: 0.0925978422164917.
[I 2023-12-26 16:38:02,797] Trial 19 finished with value: 3.7476577758789062 and parameters: {'gradient_clip_val': 0.3178444847220202, 'hidden_size': 6, 'dropout': 0.49898973166226274, 'hidden_continuous_size': 5, 'attention_head_size': 4, 'learning_rate': 0.0457988885638242}. Best is trial 0 with value: 0.0925978422164917.
[I 2023-12-26 16:38:04,877] Trial 20 finished with value: 3.3540050983428955 and parameters: {'gradient_clip_val': 0.4766697337133729, 'hidden_size': 10, 'dropout': 0.31805680901521866, 'hidden_continuous_size': 6, 'attention_head_size': 3, 'learning_rate': 0.007810235549660885}. Best is trial 0 with value: 0.0925978422164917.
[I 2023-12-26 16:38:06,935] Trial 21 finished with value: 2.5145609378814697 and parameters: {'gradient_clip_val': 0.23025566530986147, 'hidden_size': 9, 'dropout': 0.16323358158975038, 'hidden_continuous_size': 5, 'attention_head_size': 3, 'learning_rate': 0.00399655965340089}. Best is trial 0 with value: 0.0925978422164917.
[I 2023-12-26 16:38:08,901] Trial 22 finished with value: 3.769927978515625 and parameters: {'gradient_clip_val': 0.1242366192375479, 'hidden_size': 6, 'dropout': 0.2577350189944708, 'hidden_continuous_size': 5, 'attention_head_size': 3, 'learning_rate': 0.004980775665100381}. Best is trial 0 with value: 0.0925978422164917.
[I 2023-12-26 16:38:10,909] Trial 23 finished with value: 3.614668846130371 and parameters: {'gradient_clip_val': 0.19307774918732462, 'hidden_size': 7, 'dropout': 0.1819719565446729, 'hidden_continuous_size': 5, 'attention_head_size': 3, 'learning_rate': 0.011146149349777243}. Best is trial 0 with value: 0.0925978422164917.
[I 2023-12-26 16:38:12,964] Trial 24 finished with value: 2.764202117919922 and parameters: {'gradient_clip_val': 0.12906805968273277, 'hidden_size': 10, 'dropout': 0.14077928257184238, 'hidden_continuous_size': 6, 'attention_head_size': 2, 'learning_rate': 0.00623102012977973}. Best is trial 0 with value: 0.0925978422164917.
[I 2023-12-26 16:38:14,784] Trial 25 finished with value: 3.64168643951416 and parameters: {'gradient_clip_val': 0.1901021543325094, 'hidden_size': 5, 'dropout': 0.19771775845822057, 'hidden_continuous_size': 5, 'attention_head_size': 3, 'learning_rate': 0.015308535934070916}. Best is trial 0 with value: 0.0925978422164917.
[I 2023-12-26 16:38:16,779] Trial 26 finished with value: 3.265493392944336 and parameters: {'gradient_clip_val': 0.2528056773290251, 'hidden_size': 7, 'dropout': 0.13554369895295929, 'hidden_continuous_size': 5, 'attention_head_size': 4, 'learning_rate': 0.0021207065400968275}. Best is trial 0 with value: 0.0925978422164917.
[I 2023-12-26 16:38:18,886] Trial 27 finished with value: 3.3668060302734375 and parameters: {'gradient_clip_val': 0.2917964146957422, 'hidden_size': 11, 'dropout': 0.2211272200513291, 'hidden_continuous_size': 6, 'attention_head_size': 3, 'learning_rate': 0.009287521943905032}. Best is trial 0 with value: 0.0925978422164917.
[I 2023-12-26 16:38:21,093] Trial 28 finished with value: 3.4125521183013916 and parameters: {'gradient_clip_val': 0.3454930947355495, 'hidden_size': 15, 'dropout': 0.26731938011944034, 'hidden_continuous_size': 7, 'attention_head_size': 2, 'learning_rate': 0.0057709758247135295}. Best is trial 0 with value: 0.0925978422164917.
[I 2023-12-26 16:38:23,165] Trial 29 finished with value: 2.8491241931915283 and parameters: {'gradient_clip_val': 0.6907051079289105, 'hidden_size': 9, 'dropout': 0.3247809512863161, 'hidden_continuous_size': 6, 'attention_head_size': 4, 'learning_rate': 0.00901658108973427}. Best is trial 0 with value: 0.0925978422164917.
[I 2023-12-26 16:38:25,135] Trial 30 finished with value: 3.3808400630950928 and parameters: {'gradient_clip_val': 0.7224948502334408, 'hidden_size': 6, 'dropout': 0.15265431395851925, 'hidden_continuous_size': 5, 'attention_head_size': 4, 'learning_rate': 0.017572630199362223}. Best is trial 0 with value: 0.0925978422164917.
[I 2023-12-26 16:38:27,138] Trial 31 finished with value: 3.654179811477661 and parameters: {'gradient_clip_val': 0.4210792089277291, 'hidden_size': 5, 'dropout': 0.10134457243933623, 'hidden_continuous_size': 5, 'attention_head_size': 2, 'learning_rate': 0.016113384900257696}. Best is trial 0 with value: 0.0925978422164917.
[I 2023-12-26 16:38:28,889] Trial 32 finished with value: 2.6543519496917725 and parameters: {'gradient_clip_val': 0.48973318593904763, 'hidden_size': 5, 'dropout': 0.11931678680419834, 'hidden_continuous_size': 5, 'attention_head_size': 2, 'learning_rate': 0.020845329835609657}. Best is trial 0 with value: 0.0925978422164917.
[I 2023-12-26 16:38:30,824] Trial 33 finished with value: 4.438943862915039 and parameters: {'gradient_clip_val': 0.8316545671120747, 'hidden_size': 7, 'dropout': 0.10630841486491342, 'hidden_continuous_size': 5, 'attention_head_size': 1, 'learning_rate': 0.01348592959556627}. Best is trial 0 with value: 0.0925978422164917.
[I 2023-12-26 16:38:32,744] Trial 34 finished with value: 2.32170033454895 and parameters: {'gradient_clip_val': 0.5526525422354978, 'hidden_size': 8, 'dropout': 0.14364320273365003, 'hidden_continuous_size': 5, 'attention_head_size': 3, 'learning_rate': 0.006945111753899608}. Best is trial 0 with value: 0.0925978422164917.
[I 2023-12-26 16:38:34,664] Trial 35 finished with value: 3.6556646823883057 and parameters: {'gradient_clip_val': 0.3754247441386926, 'hidden_size': 8, 'dropout': 0.18946336140793957, 'hidden_continuous_size': 6, 'attention_head_size': 3, 'learning_rate': 0.006672795745775076}. Best is trial 0 with value: 0.0925978422164917.
[I 2023-12-26 16:38:36,708] Trial 36 finished with value: 2.4474148750305176 and parameters: {'gradient_clip_val': 0.5165565353862822, 'hidden_size': 9, 'dropout': 0.27202011324397357, 'hidden_continuous_size': 6, 'attention_head_size': 3, 'learning_rate': 0.004652713820216947}. Best is trial 0 with value: 0.0925978422164917.
[I 2023-12-26 16:38:38,884] Trial 37 finished with value: 3.3523876667022705 and parameters: {'gradient_clip_val': 0.5826904131880671, 'hidden_size': 14, 'dropout': 0.238176744917268, 'hidden_continuous_size': 7, 'attention_head_size': 3, 'learning_rate': 0.00875417572250517}. Best is trial 0 with value: 0.0925978422164917.
[I 2023-12-26 16:38:40,975] Trial 38 finished with value: 3.3743131160736084 and parameters: {'gradient_clip_val': 0.5336029991769634, 'hidden_size': 11, 'dropout': 0.20310751924517317, 'hidden_continuous_size': 6, 'attention_head_size': 3, 'learning_rate': 0.001560469716564771}. Best is trial 0 with value: 0.0925978422164917.
[I 2023-12-26 16:38:42,923] Trial 39 finished with value: 3.087723970413208 and parameters: {'gradient_clip_val': 0.9977946625347681, 'hidden_size': 6, 'dropout': 0.17949364499426523, 'hidden_continuous_size': 5, 'attention_head_size': 3, 'learning_rate': 0.010960233792250225}. Best is trial 0 with value: 0.0925978422164917.
