[I 2023-12-16 14:39:22,798] Trial 47 finished with value: 0.8937263488769531 and parameters: {'gradient_clip_val': 0.26986540903949446, 'hidden_size': 13, 'dropout': 0.3859041323441824, 'hidden_continuous_size': 7, 'attention_head_size': 3, 'learning_rate': 0.025307393719851946}. Best is trial 16 with value: 0.07697612047195435.
LOCAL_RANK: 0 - CUDA_VISIBLE_DEVICES: [0]
[I 2023-12-16 14:40:09,141] Trial 48 finished with value: 1.0428236722946167 and parameters: {'gradient_clip_val': 0.3554931821366196, 'hidden_size': 6, 'dropout': 0.3519694431490454, 'hidden_continuous_size': 5, 'attention_head_size': 2, 'learning_rate': 0.012092321940772076}. Best is trial 16 with value: 0.07697612047195435.
LOCAL_RANK: 0 - CUDA_VISIBLE_DEVICES: [0]
[I 2023-12-16 14:40:55,293] Trial 49 finished with value: 1.336255431175232 and parameters: {'gradient_clip_val': 0.4176178054135136, 'hidden_size': 9, 'dropout': 0.37271590665245113, 'hidden_continuous_size': 6, 'attention_head_size': 1, 'learning_rate': 0.0035454061137771614}. Best is trial 16 with value: 0.07697612047195435.
[I 2023-12-16 14:40:55,388] A new study created in memory with name: no-name-f3ee6067-43b4-4b4f-ada9-46700b6fb353
/home/le004/conda/anaconda3/envs/tsff_env/lib/python3.9/site-packages/lightning/fabric/plugins/environments/slurm.py:191: The `srun` command is available on your system but is not used. HINT: If your intention is to run Lightning on SLURM, prepend your python command with `srun` like so: srun python /home/le004/master_thesis/git/TSFusionForecast/code/ ...
LOCAL_RANK: 0 - CUDA_VISIBLE_DEVICES: [0]
[I 2023-12-16 14:41:47,579] Trial 0 finished with value: 0.5916484594345093 and parameters: {'gradient_clip_val': 0.10426620006370883, 'hidden_size': 50, 'dropout': 0.34805354659927024, 'hidden_continuous_size': 6, 'attention_head_size': 1, 'learning_rate': 0.007252088166488316}. Best is trial 0 with value: 0.5916484594345093.
LOCAL_RANK: 0 - CUDA_VISIBLE_DEVICES: [0]
[I 2023-12-16 14:42:35,172] Trial 1 finished with value: 0.1908208578824997 and parameters: {'gradient_clip_val': 0.12237561870253759, 'hidden_size': 10, 'dropout': 0.15769471123482795, 'hidden_continuous_size': 9, 'attention_head_size': 3, 'learning_rate': 0.055933225116024526}. Best is trial 1 with value: 0.1908208578824997.
LOCAL_RANK: 0 - CUDA_VISIBLE_DEVICES: [0]
[I 2023-12-16 14:43:31,271] Trial 2 finished with value: 0.05661911144852638 and parameters: {'gradient_clip_val': 0.27089746718822766, 'hidden_size': 78, 'dropout': 0.25079522507750435, 'hidden_continuous_size': 54, 'attention_head_size': 1, 'learning_rate': 0.008762848225032973}. Best is trial 2 with value: 0.05661911144852638.
LOCAL_RANK: 0 - CUDA_VISIBLE_DEVICES: [0]
[I 2023-12-16 14:44:08,155] Trial 3 finished with value: 0.16991204023361206 and parameters: {'gradient_clip_val': 0.16728779372541397, 'hidden_size': 5, 'dropout': 0.2556664000913477, 'hidden_continuous_size': 5, 'attention_head_size': 3, 'learning_rate': 0.0675425337031786}. Best is trial 2 with value: 0.05661911144852638.
LOCAL_RANK: 0 - CUDA_VISIBLE_DEVICES: [0]
[I 2023-12-16 14:44:56,377] Trial 4 finished with value: 0.2926900088787079 and parameters: {'gradient_clip_val': 0.4290415919984987, 'hidden_size': 21, 'dropout': 0.2862459691425199, 'hidden_continuous_size': 5, 'attention_head_size': 1, 'learning_rate': 0.0010126813727183526}. Best is trial 2 with value: 0.05661911144852638.
LOCAL_RANK: 0 - CUDA_VISIBLE_DEVICES: [0]
[I 2023-12-16 14:45:33,030] Trial 5 finished with value: 0.10025309771299362 and parameters: {'gradient_clip_val': 0.10548838921200913, 'hidden_size': 13, 'dropout': 0.3144597325114705, 'hidden_continuous_size': 13, 'attention_head_size': 2, 'learning_rate': 0.09050625173867632}. Best is trial 2 with value: 0.05661911144852638.
LOCAL_RANK: 0 - CUDA_VISIBLE_DEVICES: [0]
[I 2023-12-16 14:46:09,540] Trial 6 finished with value: 0.3606649935245514 and parameters: {'gradient_clip_val': 0.30223270688260745, 'hidden_size': 8, 'dropout': 0.10340348218415818, 'hidden_continuous_size': 8, 'attention_head_size': 4, 'learning_rate': 0.002484316284427166}. Best is trial 2 with value: 0.05661911144852638.
LOCAL_RANK: 0 - CUDA_VISIBLE_DEVICES: [0]
[I 2023-12-16 14:46:59,006] Trial 7 finished with value: 0.19049032032489777 and parameters: {'gradient_clip_val': 0.39467433997151197, 'hidden_size': 20, 'dropout': 0.23491142735418113, 'hidden_continuous_size': 12, 'attention_head_size': 4, 'learning_rate': 0.005367146915297393}. Best is trial 2 with value: 0.05661911144852638.
LOCAL_RANK: 0 - CUDA_VISIBLE_DEVICES: [0]
[I 2023-12-16 14:47:34,412] Trial 8 finished with value: 0.5301746129989624 and parameters: {'gradient_clip_val': 0.4074744668544043, 'hidden_size': 19, 'dropout': 0.2849273801584763, 'hidden_continuous_size': 19, 'attention_head_size': 1, 'learning_rate': 0.0006322621596214421}. Best is trial 2 with value: 0.05661911144852638.
LOCAL_RANK: 0 - CUDA_VISIBLE_DEVICES: [0]
[I 2023-12-16 14:48:32,197] Trial 9 finished with value: 0.16277079284191132 and parameters: {'gradient_clip_val': 0.14940718315384516, 'hidden_size': 92, 'dropout': 0.3133813285330461, 'hidden_continuous_size': 59, 'attention_head_size': 3, 'learning_rate': 0.05526387334364219}. Best is trial 2 with value: 0.05661911144852638.
LOCAL_RANK: 0 - CUDA_VISIBLE_DEVICES: [0]
[I 2023-12-16 14:49:10,999] Trial 10 finished with value: 0.11036282777786255 and parameters: {'gradient_clip_val': 0.8465682214782632, 'hidden_size': 41, 'dropout': 0.39148751544331456, 'hidden_continuous_size': 41, 'attention_head_size': 2, 'learning_rate': 0.01828933940342141}. Best is trial 2 with value: 0.05661911144852638.
LOCAL_RANK: 0 - CUDA_VISIBLE_DEVICES: [0]
[I 2023-12-16 14:50:04,369] Trial 11 finished with value: 0.04444688931107521 and parameters: {'gradient_clip_val': 0.20823316696746202, 'hidden_size': 39, 'dropout': 0.22076710542866324, 'hidden_continuous_size': 19, 'attention_head_size': 2, 'learning_rate': 0.023484074472071563}. Best is trial 11 with value: 0.04444688931107521.
LOCAL_RANK: 0 - CUDA_VISIBLE_DEVICES: [0]
[I 2023-12-16 14:50:57,653] Trial 12 finished with value: 0.05447884276509285 and parameters: {'gradient_clip_val': 0.22383283147693445, 'hidden_size': 43, 'dropout': 0.2091431302766044, 'hidden_continuous_size': 24, 'attention_head_size': 2, 'learning_rate': 0.015209446400798299}. Best is trial 11 with value: 0.04444688931107521.
LOCAL_RANK: 0 - CUDA_VISIBLE_DEVICES: [0]
[I 2023-12-16 14:51:50,474] Trial 13 finished with value: 0.1077105775475502 and parameters: {'gradient_clip_val': 0.20695816127148242, 'hidden_size': 39, 'dropout': 0.19637111143814526, 'hidden_continuous_size': 21, 'attention_head_size': 2, 'learning_rate': 0.022205828646682982}. Best is trial 11 with value: 0.04444688931107521.
LOCAL_RANK: 0 - CUDA_VISIBLE_DEVICES: [0]
[I 2023-12-16 14:52:42,138] Trial 14 finished with value: 0.1145823523402214 and parameters: {'gradient_clip_val': 0.21084431117285798, 'hidden_size': 31, 'dropout': 0.19931326217975473, 'hidden_continuous_size': 20, 'attention_head_size': 2, 'learning_rate': 0.021630253787363437}. Best is trial 11 with value: 0.04444688931107521.
LOCAL_RANK: 0 - CUDA_VISIBLE_DEVICES: [0]
[I 2023-12-16 14:53:35,038] Trial 15 finished with value: 0.09327161312103271 and parameters: {'gradient_clip_val': 0.22334012525428748, 'hidden_size': 56, 'dropout': 0.20377979499544996, 'hidden_continuous_size': 30, 'attention_head_size': 2, 'learning_rate': 0.03055583488618567}. Best is trial 11 with value: 0.04444688931107521.
LOCAL_RANK: 0 - CUDA_VISIBLE_DEVICES: [0]
[I 2023-12-16 14:54:25,776] Trial 16 finished with value: 0.13270960748195648 and parameters: {'gradient_clip_val': 0.14465577593032614, 'hidden_size': 30, 'dropout': 0.15744244254431067, 'hidden_continuous_size': 16, 'attention_head_size': 3, 'learning_rate': 0.01199767906120326}. Best is trial 11 with value: 0.04444688931107521.
LOCAL_RANK: 0 - CUDA_VISIBLE_DEVICES: [0]
[I 2023-12-16 14:55:19,799] Trial 17 finished with value: 0.1391630619764328 and parameters: {'gradient_clip_val': 0.17485365602000538, 'hidden_size': 63, 'dropout': 0.22556706216279487, 'hidden_continuous_size': 29, 'attention_head_size': 2, 'learning_rate': 0.03557255804047296}. Best is trial 11 with value: 0.04444688931107521.
LOCAL_RANK: 0 - CUDA_VISIBLE_DEVICES: [0]
[I 2023-12-16 14:56:18,719] Trial 18 finished with value: 0.07122258096933365 and parameters: {'gradient_clip_val': 0.25916288193232473, 'hidden_size': 99, 'dropout': 0.1643042434141227, 'hidden_continuous_size': 78, 'attention_head_size': 3, 'learning_rate': 0.013567059711317915}. Best is trial 11 with value: 0.04444688931107521.
LOCAL_RANK: 0 - CUDA_VISIBLE_DEVICES: [0]
[I 2023-12-16 14:57:06,966] Trial 19 finished with value: 0.12298408150672913 and parameters: {'gradient_clip_val': 0.34507251002485706, 'hidden_size': 28, 'dropout': 0.26324288199478935, 'hidden_continuous_size': 14, 'attention_head_size': 1, 'learning_rate': 0.004824027664850112}. Best is trial 11 with value: 0.04444688931107521.
LOCAL_RANK: 0 - CUDA_VISIBLE_DEVICES: [0]
[I 2023-12-16 14:58:01,391] Trial 20 finished with value: 0.13444364070892334 and parameters: {'gradient_clip_val': 0.1833548208004563, 'hidden_size': 67, 'dropout': 0.2204363688571545, 'hidden_continuous_size': 26, 'attention_head_size': 2, 'learning_rate': 0.033666482490302865}. Best is trial 11 with value: 0.04444688931107521.
LOCAL_RANK: 0 - CUDA_VISIBLE_DEVICES: [0]
[I 2023-12-16 14:58:55,505] Trial 21 finished with value: 0.05707057937979698 and parameters: {'gradient_clip_val': 0.2618983860490369, 'hidden_size': 76, 'dropout': 0.24841256451248414, 'hidden_continuous_size': 40, 'attention_head_size': 1, 'learning_rate': 0.009945666406705632}. Best is trial 11 with value: 0.04444688931107521.
LOCAL_RANK: 0 - CUDA_VISIBLE_DEVICES: [0]
[I 2023-12-16 14:59:48,377] Trial 22 finished with value: 0.10941251367330551 and parameters: {'gradient_clip_val': 0.26020222318551495, 'hidden_size': 50, 'dropout': 0.23326522630668856, 'hidden_continuous_size': 24, 'attention_head_size': 1, 'learning_rate': 0.009177091603914042}. Best is trial 11 with value: 0.04444688931107521.
LOCAL_RANK: 0 - CUDA_VISIBLE_DEVICES: [0]
[I 2023-12-16 15:00:43,476] Trial 23 finished with value: 0.05496631935238838 and parameters: {'gradient_clip_val': 0.31156290198050707, 'hidden_size': 73, 'dropout': 0.26828092892009797, 'hidden_continuous_size': 37, 'attention_head_size': 2, 'learning_rate': 0.014160901177725027}. Best is trial 11 with value: 0.04444688931107521.
LOCAL_RANK: 0 - CUDA_VISIBLE_DEVICES: [0]
[I 2023-12-16 15:01:35,750] Trial 24 finished with value: 0.08497949689626694 and parameters: {'gradient_clip_val': 0.33179940221103577, 'hidden_size': 40, 'dropout': 0.27734564085701474, 'hidden_continuous_size': 17, 'attention_head_size': 2, 'learning_rate': 0.014010351377557646}. Best is trial 11 with value: 0.04444688931107521.
LOCAL_RANK: 0 - CUDA_VISIBLE_DEVICES: [0]
[I 2023-12-16 15:02:29,704] Trial 25 finished with value: 0.07673702389001846 and parameters: {'gradient_clip_val': 0.22257184095373467, 'hidden_size': 55, 'dropout': 0.181456756766197, 'hidden_continuous_size': 23, 'attention_head_size': 2, 'learning_rate': 0.018108197716199696}. Best is trial 11 with value: 0.04444688931107521.
LOCAL_RANK: 0 - CUDA_VISIBLE_DEVICES: [0]
[I 2023-12-16 15:03:24,926] Trial 26 finished with value: 0.07984483987092972 and parameters: {'gradient_clip_val': 0.5090535591839437, 'hidden_size': 77, 'dropout': 0.21470989580510508, 'hidden_continuous_size': 32, 'attention_head_size': 3, 'learning_rate': 0.028643019009310013}. Best is trial 11 with value: 0.04444688931107521.
LOCAL_RANK: 0 - CUDA_VISIBLE_DEVICES: [0]
[I 2023-12-16 15:04:16,893] Trial 27 finished with value: 0.09339708089828491 and parameters: {'gradient_clip_val': 0.13473460197400486, 'hidden_size': 44, 'dropout': 0.2391543868343655, 'hidden_continuous_size': 18, 'attention_head_size': 2, 'learning_rate': 0.045431602942063005}. Best is trial 11 with value: 0.04444688931107521.
LOCAL_RANK: 0 - CUDA_VISIBLE_DEVICES: [0]
[I 2023-12-16 15:05:09,666] Trial 28 finished with value: 0.09322457760572433 and parameters: {'gradient_clip_val': 0.17847649348094077, 'hidden_size': 34, 'dropout': 0.18642420191612638, 'hidden_continuous_size': 22, 'attention_head_size': 2, 'learning_rate': 0.017109110780628312}. Best is trial 11 with value: 0.04444688931107521.
LOCAL_RANK: 0 - CUDA_VISIBLE_DEVICES: [0]
[I 2023-12-16 15:06:03,982] Trial 29 finished with value: 0.1268056184053421 and parameters: {'gradient_clip_val': 0.2286483177257368, 'hidden_size': 49, 'dropout': 0.3048271728972951, 'hidden_continuous_size': 26, 'attention_head_size': 3, 'learning_rate': 0.006850357267220505}. Best is trial 11 with value: 0.04444688931107521.
LOCAL_RANK: 0 - CUDA_VISIBLE_DEVICES: [0]
[I 2023-12-16 15:06:58,078] Trial 30 finished with value: 0.09011274576187134 and parameters: {'gradient_clip_val': 0.304769886778796, 'hidden_size': 57, 'dropout': 0.34000720438934084, 'hidden_continuous_size': 15, 'attention_head_size': 1, 'learning_rate': 0.023756419591364385}. Best is trial 11 with value: 0.04444688931107521.
LOCAL_RANK: 0 - CUDA_VISIBLE_DEVICES: [0]
[I 2023-12-16 15:07:53,198] Trial 31 finished with value: 0.10156518965959549 and parameters: {'gradient_clip_val': 0.28933226584388644, 'hidden_size': 76, 'dropout': 0.25547906027238865, 'hidden_continuous_size': 41, 'attention_head_size': 1, 'learning_rate': 0.009001251843263286}. Best is trial 11 with value: 0.04444688931107521.
LOCAL_RANK: 0 - CUDA_VISIBLE_DEVICES: [0]
[I 2023-12-16 15:08:47,711] Trial 32 finished with value: 0.14604787528514862 and parameters: {'gradient_clip_val': 0.25734039804574416, 'hidden_size': 65, 'dropout': 0.26895903836404966, 'hidden_continuous_size': 36, 'attention_head_size': 1, 'learning_rate': 0.014122054890186048}. Best is trial 11 with value: 0.04444688931107521.
LOCAL_RANK: 0 - CUDA_VISIBLE_DEVICES: [0]
[I 2023-12-16 15:09:44,063] Trial 33 finished with value: 0.05716970935463905 and parameters: {'gradient_clip_val': 0.19375838417246213, 'hidden_size': 88, 'dropout': 0.2445047458233994, 'hidden_continuous_size': 50, 'attention_head_size': 2, 'learning_rate': 0.00607850624564834}. Best is trial 11 with value: 0.04444688931107521.
LOCAL_RANK: 0 - CUDA_VISIBLE_DEVICES: [0]
[I 2023-12-16 15:10:37,040] Trial 34 finished with value: 0.05873121693730354 and parameters: {'gradient_clip_val': 0.16035116711325345, 'hidden_size': 49, 'dropout': 0.2632147675509633, 'hidden_continuous_size': 32, 'attention_head_size': 1, 'learning_rate': 0.008294306772168063}. Best is trial 11 with value: 0.04444688931107521.
LOCAL_RANK: 0 - CUDA_VISIBLE_DEVICES: [0]
[I 2023-12-16 15:11:32,066] Trial 35 finished with value: 0.1540585607290268 and parameters: {'gradient_clip_val': 0.11988745092458471, 'hidden_size': 68, 'dropout': 0.21986507119388748, 'hidden_continuous_size': 49, 'attention_head_size': 3, 'learning_rate': 0.01143039608268275}. Best is trial 11 with value: 0.04444688931107521.
LOCAL_RANK: 0 - CUDA_VISIBLE_DEVICES: [0]
[I 2023-12-16 15:12:21,586] Trial 36 finished with value: 0.28814324736595154 and parameters: {'gradient_clip_val': 0.1934746780842414, 'hidden_size': 25, 'dropout': 0.24248834971078626, 'hidden_continuous_size': 19, 'attention_head_size': 2, 'learning_rate': 0.042658303086673614}. Best is trial 11 with value: 0.04444688931107521.
LOCAL_RANK: 0 - CUDA_VISIBLE_DEVICES: [0]
[I 2023-12-16 15:13:19,856] Trial 37 finished with value: 0.13603347539901733 and parameters: {'gradient_clip_val': 0.23601801117374122, 'hidden_size': 100, 'dropout': 0.28904294038679795, 'hidden_continuous_size': 95, 'attention_head_size': 4, 'learning_rate': 0.004429760280148835}. Best is trial 11 with value: 0.04444688931107521.
LOCAL_RANK: 0 - CUDA_VISIBLE_DEVICES: [0]
[I 2023-12-16 15:14:14,001] Trial 38 finished with value: 0.08093366771936417 and parameters: {'gradient_clip_val': 0.33978423536236096, 'hidden_size': 82, 'dropout': 0.2556226162735215, 'hidden_continuous_size': 12, 'attention_head_size': 1, 'learning_rate': 0.08894910837383577}. Best is trial 11 with value: 0.04444688931107521.
LOCAL_RANK: 0 - CUDA_VISIBLE_DEVICES: [0]
[I 2023-12-16 15:15:06,755] Trial 39 finished with value: 0.23826654255390167 and parameters: {'gradient_clip_val': 0.16324964363054137, 'hidden_size': 37, 'dropout': 0.2992593690091257, 'hidden_continuous_size': 25, 'attention_head_size': 2, 'learning_rate': 0.003429293513942526}. Best is trial 11 with value: 0.04444688931107521.
LOCAL_RANK: 0 - CUDA_VISIBLE_DEVICES: [0]
[I 2023-12-16 15:16:00,703] Trial 40 finished with value: 0.11659377813339233 and parameters: {'gradient_clip_val': 0.27755140409858814, 'hidden_size': 45, 'dropout': 0.2764727723293797, 'hidden_continuous_size': 28, 'attention_head_size': 3, 'learning_rate': 0.007500123508114492}. Best is trial 11 with value: 0.04444688931107521.
LOCAL_RANK: 0 - CUDA_VISIBLE_DEVICES: [0]
[I 2023-12-16 15:16:56,249] Trial 41 finished with value: 0.04688183590769768 and parameters: {'gradient_clip_val': 0.24911697868099425, 'hidden_size': 79, 'dropout': 0.24869636128581055, 'hidden_continuous_size': 37, 'attention_head_size': 1, 'learning_rate': 0.010217398365357412}. Best is trial 11 with value: 0.04444688931107521.
LOCAL_RANK: 0 - CUDA_VISIBLE_DEVICES: [0]
[I 2023-12-16 15:17:51,585] Trial 42 finished with value: 0.1021178588271141 and parameters: {'gradient_clip_val': 0.23570149468864762, 'hidden_size': 82, 'dropout': 0.21261896065058647, 'hidden_continuous_size': 36, 'attention_head_size': 1, 'learning_rate': 0.016234663189897993}. Best is trial 11 with value: 0.04444688931107521.
LOCAL_RANK: 0 - CUDA_VISIBLE_DEVICES: [0]
[I 2023-12-16 15:18:46,052] Trial 43 finished with value: 0.10641321539878845 and parameters: {'gradient_clip_val': 0.19917846882445472, 'hidden_size': 59, 'dropout': 0.2359066897415965, 'hidden_continuous_size': 34, 'attention_head_size': 1, 'learning_rate': 0.010715820925474207}. Best is trial 11 with value: 0.04444688931107521.
LOCAL_RANK: 0 - CUDA_VISIBLE_DEVICES: [0]
[I 2023-12-16 15:19:41,036] Trial 44 finished with value: 0.06875411421060562 and parameters: {'gradient_clip_val': 0.3105559605321966, 'hidden_size': 88, 'dropout': 0.2694267708116779, 'hidden_continuous_size': 45, 'attention_head_size': 1, 'learning_rate': 0.025248231575512817}. Best is trial 11 with value: 0.04444688931107521.
LOCAL_RANK: 0 - CUDA_VISIBLE_DEVICES: [0]
[I 2023-12-16 15:20:35,034] Trial 45 finished with value: 0.06093329191207886 and parameters: {'gradient_clip_val': 0.20449857564108664, 'hidden_size': 69, 'dropout': 0.23034468355037416, 'hidden_continuous_size': 28, 'attention_head_size': 2, 'learning_rate': 0.021123405324390766}. Best is trial 11 with value: 0.04444688931107521.
LOCAL_RANK: 0 - CUDA_VISIBLE_DEVICES: [0]
[I 2023-12-16 15:21:28,458] Trial 46 finished with value: 0.07523056119680405 and parameters: {'gradient_clip_val': 0.3793107917007511, 'hidden_size': 53, 'dropout': 0.25092941204879227, 'hidden_continuous_size': 22, 'attention_head_size': 2, 'learning_rate': 0.012024215041137046}. Best is trial 11 with value: 0.04444688931107521.
LOCAL_RANK: 0 - CUDA_VISIBLE_DEVICES: [0]
[I 2023-12-16 15:22:22,549] Trial 47 finished with value: 0.054023418575525284 and parameters: {'gradient_clip_val': 0.2869370579961934, 'hidden_size': 61, 'dropout': 0.20751657978447283, 'hidden_continuous_size': 37, 'attention_head_size': 1, 'learning_rate': 0.0071101396774245805}. Best is trial 11 with value: 0.04444688931107521.
LOCAL_RANK: 0 - CUDA_VISIBLE_DEVICES: [0]
[I 2023-12-16 15:23:14,931] Trial 48 finished with value: 0.10052242130041122 and parameters: {'gradient_clip_val': 0.2825409343341947, 'hidden_size': 35, 'dropout': 0.2105426298544188, 'hidden_continuous_size': 27, 'attention_head_size': 1, 'learning_rate': 0.006773110050494549}. Best is trial 11 with value: 0.04444688931107521.
LOCAL_RANK: 0 - CUDA_VISIBLE_DEVICES: [0]
[I 2023-12-16 15:24:09,225] Trial 49 finished with value: 0.05235317349433899 and parameters: {'gradient_clip_val': 0.24345184481532145, 'hidden_size': 62, 'dropout': 0.19732194799597275, 'hidden_continuous_size': 37, 'attention_head_size': 2, 'learning_rate': 0.015496529980104874}. Best is trial 11 with value: 0.04444688931107521.
