[I 2023-12-15 13:48:27,681] Trial 30 finished with value: 42.53501510620117 and parameters: {'gradient_clip_val': 0.402488873073681, 'hidden_size': 9, 'dropout': 0.10237068267846577, 'hidden_continuous_size': 6, 'attention_head_size': 3, 'learning_rate': 0.02696182048250996}. Best is trial 2 with value: 11.036735534667969.
LOCAL_RANK: 0 - CUDA_VISIBLE_DEVICES: [0]
[I 2023-12-15 13:49:14,371] Trial 31 finished with value: 12.60102367401123 and parameters: {'gradient_clip_val': 0.49329643494801145, 'hidden_size': 10, 'dropout': 0.1335929958477329, 'hidden_continuous_size': 6, 'attention_head_size': 4, 'learning_rate': 0.027352737572613268}. Best is trial 2 with value: 11.036735534667969.
LOCAL_RANK: 0 - CUDA_VISIBLE_DEVICES: [0]
[I 2023-12-15 13:50:01,177] Trial 32 finished with value: 40.93043899536133 and parameters: {'gradient_clip_val': 0.4865514755340442, 'hidden_size': 11, 'dropout': 0.12506806906030554, 'hidden_continuous_size': 6, 'attention_head_size': 4, 'learning_rate': 0.02556353821804003}. Best is trial 2 with value: 11.036735534667969.
LOCAL_RANK: 0 - CUDA_VISIBLE_DEVICES: [0]
[I 2023-12-15 13:50:47,626] Trial 33 finished with value: 19.570924758911133 and parameters: {'gradient_clip_val': 0.6500579546993025, 'hidden_size': 9, 'dropout': 0.12539180814735734, 'hidden_continuous_size': 6, 'attention_head_size': 4, 'learning_rate': 0.03665563854778752}. Best is trial 2 with value: 11.036735534667969.
LOCAL_RANK: 0 - CUDA_VISIBLE_DEVICES: [0]
[I 2023-12-15 13:51:34,178] Trial 34 finished with value: 43.69358444213867 and parameters: {'gradient_clip_val': 0.48591678681200545, 'hidden_size': 10, 'dropout': 0.11820082127443801, 'hidden_continuous_size': 6, 'attention_head_size': 3, 'learning_rate': 0.020111156225631567}. Best is trial 2 with value: 11.036735534667969.
LOCAL_RANK: 0 - CUDA_VISIBLE_DEVICES: [0]
[I 2023-12-15 13:52:20,819] Trial 35 finished with value: 22.547866821289062 and parameters: {'gradient_clip_val': 0.29477243395282426, 'hidden_size': 7, 'dropout': 0.14792033772937702, 'hidden_continuous_size': 6, 'attention_head_size': 4, 'learning_rate': 0.011708142121871807}. Best is trial 2 with value: 11.036735534667969.
LOCAL_RANK: 0 - CUDA_VISIBLE_DEVICES: [0]
[I 2023-12-15 13:53:06,978] Trial 36 finished with value: 28.006805419921875 and parameters: {'gradient_clip_val': 0.37449934482391994, 'hidden_size': 6, 'dropout': 0.10239289136138324, 'hidden_continuous_size': 5, 'attention_head_size': 3, 'learning_rate': 0.016360552045569018}. Best is trial 2 with value: 11.036735534667969.
LOCAL_RANK: 0 - CUDA_VISIBLE_DEVICES: [0]
[I 2023-12-15 13:53:53,584] Trial 37 finished with value: 12.74782657623291 and parameters: {'gradient_clip_val': 0.3070413787375161, 'hidden_size': 10, 'dropout': 0.1351977301984957, 'hidden_continuous_size': 6, 'attention_head_size': 4, 'learning_rate': 0.020714301279874857}. Best is trial 2 with value: 11.036735534667969.
LOCAL_RANK: 0 - CUDA_VISIBLE_DEVICES: [0]
[I 2023-12-15 13:54:38,759] Trial 38 finished with value: 11.514111518859863 and parameters: {'gradient_clip_val': 0.6080384511314694, 'hidden_size': 8, 'dropout': 0.19052800103011475, 'hidden_continuous_size': 6, 'attention_head_size': 3, 'learning_rate': 0.0400493757516376}. Best is trial 2 with value: 11.036735534667969.
LOCAL_RANK: 0 - CUDA_VISIBLE_DEVICES: [0]
[I 2023-12-15 13:55:23,627] Trial 39 finished with value: 33.827457427978516 and parameters: {'gradient_clip_val': 0.6038562845040634, 'hidden_size': 8, 'dropout': 0.19339887487551688, 'hidden_continuous_size': 6, 'attention_head_size': 3, 'learning_rate': 0.03875699079717956}. Best is trial 2 with value: 11.036735534667969.
LOCAL_RANK: 0 - CUDA_VISIBLE_DEVICES: [0]
[I 2023-12-15 13:56:10,056] Trial 40 finished with value: 32.920127868652344 and parameters: {'gradient_clip_val': 0.720597971096353, 'hidden_size': 14, 'dropout': 0.21567444821844106, 'hidden_continuous_size': 7, 'attention_head_size': 3, 'learning_rate': 0.04151381991197847}. Best is trial 2 with value: 11.036735534667969.
LOCAL_RANK: 0 - CUDA_VISIBLE_DEVICES: [0]
[I 2023-12-15 13:56:56,975] Trial 41 finished with value: 19.522642135620117 and parameters: {'gradient_clip_val': 0.6535223986994705, 'hidden_size': 11, 'dropout': 0.12118356343085585, 'hidden_continuous_size': 7, 'attention_head_size': 4, 'learning_rate': 0.05091405248606628}. Best is trial 2 with value: 11.036735534667969.
LOCAL_RANK: 0 - CUDA_VISIBLE_DEVICES: [0]
[I 2023-12-15 13:57:43,114] Trial 42 finished with value: 21.05130386352539 and parameters: {'gradient_clip_val': 0.4865568207014584, 'hidden_size': 6, 'dropout': 0.1566939320189923, 'hidden_continuous_size': 5, 'attention_head_size': 3, 'learning_rate': 0.028782333221117017}. Best is trial 2 with value: 11.036735534667969.
LOCAL_RANK: 0 - CUDA_VISIBLE_DEVICES: [0]
[I 2023-12-15 13:58:28,835] Trial 43 finished with value: 43.70414352416992 and parameters: {'gradient_clip_val': 0.5788764165716292, 'hidden_size': 12, 'dropout': 0.14349038394234725, 'hidden_continuous_size': 7, 'attention_head_size': 4, 'learning_rate': 0.019654529531181304}. Best is trial 2 with value: 11.036735534667969.
LOCAL_RANK: 0 - CUDA_VISIBLE_DEVICES: [0]
[I 2023-12-15 13:59:13,840] Trial 44 finished with value: 51.604827880859375 and parameters: {'gradient_clip_val': 0.41606037142424457, 'hidden_size': 8, 'dropout': 0.11306012741120089, 'hidden_continuous_size': 6, 'attention_head_size': 3, 'learning_rate': 0.01382072315433731}. Best is trial 2 with value: 11.036735534667969.
LOCAL_RANK: 0 - CUDA_VISIBLE_DEVICES: [0]
[I 2023-12-15 13:59:59,801] Trial 45 finished with value: 43.71249008178711 and parameters: {'gradient_clip_val': 0.44746543534836725, 'hidden_size': 10, 'dropout': 0.13532821829791108, 'hidden_continuous_size': 6, 'attention_head_size': 2, 'learning_rate': 0.02396515575426697}. Best is trial 2 with value: 11.036735534667969.
LOCAL_RANK: 0 - CUDA_VISIBLE_DEVICES: [0]
[I 2023-12-15 14:00:36,943] Trial 46 finished with value: 21.017202377319336 and parameters: {'gradient_clip_val': 0.37578468119697045, 'hidden_size': 5, 'dropout': 0.16885916018805086, 'hidden_continuous_size': 5, 'attention_head_size': 4, 'learning_rate': 0.03331735885829396}. Best is trial 2 with value: 11.036735534667969.
LOCAL_RANK: 0 - CUDA_VISIBLE_DEVICES: [0]
[I 2023-12-15 14:01:25,480] Trial 47 finished with value: 42.088016510009766 and parameters: {'gradient_clip_val': 0.5262378754345332, 'hidden_size': 18, 'dropout': 0.18210592913678444, 'hidden_continuous_size': 8, 'attention_head_size': 4, 'learning_rate': 0.009015768666382498}. Best is trial 2 with value: 11.036735534667969.
LOCAL_RANK: 0 - CUDA_VISIBLE_DEVICES: [0]
[I 2023-12-15 14:02:12,224] Trial 48 finished with value: 25.889127731323242 and parameters: {'gradient_clip_val': 0.8523225926045925, 'hidden_size': 14, 'dropout': 0.11712950266890405, 'hidden_continuous_size': 7, 'attention_head_size': 3, 'learning_rate': 0.012617583010731879}. Best is trial 2 with value: 11.036735534667969.
LOCAL_RANK: 0 - CUDA_VISIBLE_DEVICES: [0]
[I 2023-12-15 14:02:58,325] Trial 49 finished with value: 5.752302646636963 and parameters: {'gradient_clip_val': 0.2574145429511892, 'hidden_size': 13, 'dropout': 0.1560636691650861, 'hidden_continuous_size': 7, 'attention_head_size': 2, 'learning_rate': 0.016210068627431132}. Best is trial 49 with value: 5.752302646636963.
[I 2023-12-15 14:02:58,418] A new study created in memory with name: no-name-4f9f120a-8c9f-4e70-9b6a-06a92a51d40d
/home/le004/conda/anaconda3/envs/tsff_env/lib/python3.9/site-packages/lightning/fabric/plugins/environments/slurm.py:191: The `srun` command is available on your system but is not used. HINT: If your intention is to run Lightning on SLURM, prepend your python command with `srun` like so: srun python /home/le004/master_thesis/git/TSFusionForecast/code/ ...
LOCAL_RANK: 0 - CUDA_VISIBLE_DEVICES: [0]
[I 2023-12-15 14:03:44,829] Trial 0 finished with value: 199.5689697265625 and parameters: {'gradient_clip_val': 0.3090597056829978, 'hidden_size': 20, 'dropout': 0.37858552428469006, 'hidden_continuous_size': 5, 'attention_head_size': 1, 'learning_rate': 0.0013741872163223633}. Best is trial 0 with value: 199.5689697265625.
LOCAL_RANK: 0 - CUDA_VISIBLE_DEVICES: [0]
[I 2023-12-15 14:04:32,506] Trial 1 finished with value: 304.90435791015625 and parameters: {'gradient_clip_val': 0.9539794245615282, 'hidden_size': 24, 'dropout': 0.3917437521541527, 'hidden_continuous_size': 6, 'attention_head_size': 2, 'learning_rate': 0.0066823431030590364}. Best is trial 0 with value: 199.5689697265625.
LOCAL_RANK: 0 - CUDA_VISIBLE_DEVICES: [0]
[I 2023-12-15 14:05:18,587] Trial 2 finished with value: 261.8772277832031 and parameters: {'gradient_clip_val': 0.2112267581038462, 'hidden_size': 16, 'dropout': 0.288058448899359, 'hidden_continuous_size': 14, 'attention_head_size': 2, 'learning_rate': 0.015400010415446915}. Best is trial 0 with value: 199.5689697265625.
LOCAL_RANK: 0 - CUDA_VISIBLE_DEVICES: [0]
[I 2023-12-15 14:06:04,747] Trial 3 finished with value: 437.8443298339844 and parameters: {'gradient_clip_val': 0.22612974690449147, 'hidden_size': 9, 'dropout': 0.2947711589638958, 'hidden_continuous_size': 8, 'attention_head_size': 2, 'learning_rate': 0.001290698332570551}. Best is trial 0 with value: 199.5689697265625.
LOCAL_RANK: 0 - CUDA_VISIBLE_DEVICES: [0]
[I 2023-12-15 14:06:57,562] Trial 4 finished with value: 770.0366821289062 and parameters: {'gradient_clip_val': 0.5790422521558118, 'hidden_size': 36, 'dropout': 0.2630809414976, 'hidden_continuous_size': 28, 'attention_head_size': 4, 'learning_rate': 0.0007797274034645381}. Best is trial 0 with value: 199.5689697265625.
LOCAL_RANK: 0 - CUDA_VISIBLE_DEVICES: [0]
[I 2023-12-15 14:07:43,825] Trial 5 finished with value: 307.4281921386719 and parameters: {'gradient_clip_val': 0.11091533186484559, 'hidden_size': 20, 'dropout': 0.11034450885941363, 'hidden_continuous_size': 7, 'attention_head_size': 1, 'learning_rate': 0.0076700196360080285}. Best is trial 0 with value: 199.5689697265625.
LOCAL_RANK: 0 - CUDA_VISIBLE_DEVICES: [0]
[I 2023-12-15 14:08:37,121] Trial 6 finished with value: 378.44384765625 and parameters: {'gradient_clip_val': 0.4719301606029288, 'hidden_size': 55, 'dropout': 0.3477343389799783, 'hidden_continuous_size': 9, 'attention_head_size': 3, 'learning_rate': 0.00454813900384138}. Best is trial 0 with value: 199.5689697265625.
LOCAL_RANK: 0 - CUDA_VISIBLE_DEVICES: [0]
[I 2023-12-15 14:09:26,485] Trial 7 finished with value: 569.083740234375 and parameters: {'gradient_clip_val': 0.2933602806762582, 'hidden_size': 29, 'dropout': 0.1441582120646254, 'hidden_continuous_size': 10, 'attention_head_size': 1, 'learning_rate': 0.07797199899056136}. Best is trial 0 with value: 199.5689697265625.
LOCAL_RANK: 0 - CUDA_VISIBLE_DEVICES: [0]
[I 2023-12-15 14:10:19,550] Trial 8 finished with value: 468.5802001953125 and parameters: {'gradient_clip_val': 0.8272595061923036, 'hidden_size': 42, 'dropout': 0.12405921713122192, 'hidden_continuous_size': 16, 'attention_head_size': 3, 'learning_rate': 0.0061826830921938}. Best is trial 0 with value: 199.5689697265625.
LOCAL_RANK: 0 - CUDA_VISIBLE_DEVICES: [0]
[I 2023-12-15 14:10:55,508] Trial 9 finished with value: 283.0536804199219 and parameters: {'gradient_clip_val': 0.18136652555391658, 'hidden_size': 5, 'dropout': 0.2752268179268777, 'hidden_continuous_size': 5, 'attention_head_size': 1, 'learning_rate': 0.005118104753867047}. Best is trial 0 with value: 199.5689697265625.
LOCAL_RANK: 0 - CUDA_VISIBLE_DEVICES: [0]
[I 2023-12-15 14:11:53,164] Trial 10 finished with value: 667.9033813476562 and parameters: {'gradient_clip_val': 0.37364641627217976, 'hidden_size': 97, 'dropout': 0.39852490629450077, 'hidden_continuous_size': 64, 'attention_head_size': 4, 'learning_rate': 0.0005295434200690946}. Best is trial 0 with value: 199.5689697265625.
LOCAL_RANK: 0 - CUDA_VISIBLE_DEVICES: [0]
[I 2023-12-15 14:12:39,684] Trial 11 finished with value: 580.390869140625 and parameters: {'gradient_clip_val': 0.22630846862806384, 'hidden_size': 15, 'dropout': 0.33505114088281257, 'hidden_continuous_size': 5, 'attention_head_size': 2, 'learning_rate': 0.02305636023541517}. Best is trial 0 with value: 199.5689697265625.
LOCAL_RANK: 0 - CUDA_VISIBLE_DEVICES: [0]
[I 2023-12-15 14:13:25,746] Trial 12 finished with value: 164.1564483642578 and parameters: {'gradient_clip_val': 0.14798494102872334, 'hidden_size': 14, 'dropout': 0.20542610636380573, 'hidden_continuous_size': 5, 'attention_head_size': 1, 'learning_rate': 0.001975966361796}. Best is trial 12 with value: 164.1564483642578.
LOCAL_RANK: 0 - CUDA_VISIBLE_DEVICES: [0]
[I 2023-12-15 14:14:11,817] Trial 13 finished with value: 126.08003997802734 and parameters: {'gradient_clip_val': 0.13722492506838715, 'hidden_size': 11, 'dropout': 0.2112347472335936, 'hidden_continuous_size': 5, 'attention_head_size': 1, 'learning_rate': 0.0018016627575936223}. Best is trial 13 with value: 126.08003997802734.
LOCAL_RANK: 0 - CUDA_VISIBLE_DEVICES: [0]
[I 2023-12-15 14:14:57,237] Trial 14 finished with value: 527.319091796875 and parameters: {'gradient_clip_val': 0.10026013148213438, 'hidden_size': 10, 'dropout': 0.19878152013528222, 'hidden_continuous_size': 5, 'attention_head_size': 1, 'learning_rate': 0.002337706396968628}. Best is trial 13 with value: 126.08003997802734.
LOCAL_RANK: 0 - CUDA_VISIBLE_DEVICES: [0]
[I 2023-12-15 14:15:42,654] Trial 15 finished with value: 139.69094848632812 and parameters: {'gradient_clip_val': 0.14395313199398332, 'hidden_size': 10, 'dropout': 0.211344388386382, 'hidden_continuous_size': 5, 'attention_head_size': 1, 'learning_rate': 0.001972644572876693}. Best is trial 13 with value: 126.08003997802734.
LOCAL_RANK: 0 - CUDA_VISIBLE_DEVICES: [0]
[I 2023-12-15 14:16:28,874] Trial 16 finished with value: 201.48008728027344 and parameters: {'gradient_clip_val': 0.13456356619422147, 'hidden_size': 7, 'dropout': 0.2237906812414483, 'hidden_continuous_size': 5, 'attention_head_size': 3, 'learning_rate': 0.002104033280852728}. Best is trial 13 with value: 126.08003997802734.
LOCAL_RANK: 0 - CUDA_VISIBLE_DEVICES: [0]
[I 2023-12-15 14:17:15,132] Trial 17 finished with value: 638.2357177734375 and parameters: {'gradient_clip_val': 0.14780263314615455, 'hidden_size': 11, 'dropout': 0.16019634502410676, 'hidden_continuous_size': 6, 'attention_head_size': 2, 'learning_rate': 0.0005294142319884398}. Best is trial 13 with value: 126.08003997802734.
LOCAL_RANK: 0 - CUDA_VISIBLE_DEVICES: [0]
[I 2023-12-15 14:18:00,832] Trial 18 finished with value: 536.1909790039062 and parameters: {'gradient_clip_val': 0.11941213232498417, 'hidden_size': 6, 'dropout': 0.24221811067971685, 'hidden_continuous_size': 5, 'attention_head_size': 1, 'learning_rate': 0.0008995200235643622}. Best is trial 13 with value: 126.08003997802734.
LOCAL_RANK: 0 - CUDA_VISIBLE_DEVICES: [0]
[I 2023-12-15 14:18:45,334] Trial 19 finished with value: 178.82757568359375 and parameters: {'gradient_clip_val': 0.16632100313557374, 'hidden_size': 8, 'dropout': 0.17001022288332607, 'hidden_continuous_size': 5, 'attention_head_size': 2, 'learning_rate': 0.003124290915349898}. Best is trial 13 with value: 126.08003997802734.
LOCAL_RANK: 0 - CUDA_VISIBLE_DEVICES: [0]
[I 2023-12-15 14:19:21,711] Trial 20 finished with value: 693.373779296875 and parameters: {'gradient_clip_val': 0.12267623801634174, 'hidden_size': 5, 'dropout': 0.18927090105784544, 'hidden_continuous_size': 5, 'attention_head_size': 1, 'learning_rate': 0.0028729658763839705}. Best is trial 13 with value: 126.08003997802734.
LOCAL_RANK: 0 - CUDA_VISIBLE_DEVICES: [0]
[I 2023-12-15 14:20:06,359] Trial 21 finished with value: 687.1814575195312 and parameters: {'gradient_clip_val': 0.15196295141260566, 'hidden_size': 12, 'dropout': 0.2216569292998747, 'hidden_continuous_size': 6, 'attention_head_size': 1, 'learning_rate': 0.0012638822083337038}. Best is trial 13 with value: 126.08003997802734.
LOCAL_RANK: 0 - CUDA_VISIBLE_DEVICES: [0]
[I 2023-12-15 14:20:52,001] Trial 22 finished with value: 151.0455780029297 and parameters: {'gradient_clip_val': 0.18596458411605038, 'hidden_size': 13, 'dropout': 0.19745420966887833, 'hidden_continuous_size': 6, 'attention_head_size': 1, 'learning_rate': 0.0018716532628283247}. Best is trial 13 with value: 126.08003997802734.
LOCAL_RANK: 0 - CUDA_VISIBLE_DEVICES: [0]
[I 2023-12-15 14:21:36,195] Trial 23 finished with value: 295.6686096191406 and parameters: {'gradient_clip_val': 0.20303693919244653, 'hidden_size': 8, 'dropout': 0.23936389663769542, 'hidden_continuous_size': 5, 'attention_head_size': 1, 'learning_rate': 0.0016803507243537024}. Best is trial 13 with value: 126.08003997802734.
LOCAL_RANK: 0 - CUDA_VISIBLE_DEVICES: [0]
[I 2023-12-15 14:22:21,001] Trial 24 finished with value: 287.8138732910156 and parameters: {'gradient_clip_val': 0.100464356443359, 'hidden_size': 12, 'dropout': 0.17706231220144458, 'hidden_continuous_size': 6, 'attention_head_size': 2, 'learning_rate': 0.0031849679674296845}. Best is trial 13 with value: 126.08003997802734.
LOCAL_RANK: 0 - CUDA_VISIBLE_DEVICES: [0]
[I 2023-12-15 14:23:06,517] Trial 25 finished with value: 647.6873168945312 and parameters: {'gradient_clip_val': 0.18019617792303852, 'hidden_size': 9, 'dropout': 0.2129038243289242, 'hidden_continuous_size': 6, 'attention_head_size': 1, 'learning_rate': 0.0009376594960580477}. Best is trial 13 with value: 126.08003997802734.
LOCAL_RANK: 0 - CUDA_VISIBLE_DEVICES: [0]
[I 2023-12-15 14:23:51,885] Trial 26 finished with value: 335.0849304199219 and parameters: {'gradient_clip_val': 0.13418102478983515, 'hidden_size': 16, 'dropout': 0.18794962919834982, 'hidden_continuous_size': 7, 'attention_head_size': 2, 'learning_rate': 0.001681381331805847}. Best is trial 13 with value: 126.08003997802734.
LOCAL_RANK: 0 - CUDA_VISIBLE_DEVICES: [0]
[I 2023-12-15 14:24:37,254] Trial 27 finished with value: 232.7283477783203 and parameters: {'gradient_clip_val': 0.26681072341976736, 'hidden_size': 7, 'dropout': 0.15091006181048083, 'hidden_continuous_size': 5, 'attention_head_size': 1, 'learning_rate': 0.0032206126117363927}. Best is trial 13 with value: 126.08003997802734.
LOCAL_RANK: 0 - CUDA_VISIBLE_DEVICES: [0]
[I 2023-12-15 14:25:24,231] Trial 28 finished with value: 392.7676696777344 and parameters: {'gradient_clip_val': 0.1746873097850939, 'hidden_size': 11, 'dropout': 0.24621232546976518, 'hidden_continuous_size': 6, 'attention_head_size': 3, 'learning_rate': 0.0011878423875391127}. Best is trial 13 with value: 126.08003997802734.
LOCAL_RANK: 0 - CUDA_VISIBLE_DEVICES: [0]
[I 2023-12-15 14:26:10,974] Trial 29 finished with value: 319.7127990722656 and parameters: {'gradient_clip_val': 0.12871423690958705, 'hidden_size': 17, 'dropout': 0.17958369667475632, 'hidden_continuous_size': 7, 'attention_head_size': 1, 'learning_rate': 0.0014623448911404169}. Best is trial 13 with value: 126.08003997802734.
LOCAL_RANK: 0 - CUDA_VISIBLE_DEVICES: [0]
[I 2023-12-15 14:26:56,677] Trial 30 finished with value: 475.2610778808594 and parameters: {'gradient_clip_val': 0.2560686770234259, 'hidden_size': 13, 'dropout': 0.21625685127415528, 'hidden_continuous_size': 6, 'attention_head_size': 1, 'learning_rate': 0.0007565746957726085}. Best is trial 13 with value: 126.08003997802734.
LOCAL_RANK: 0 - CUDA_VISIBLE_DEVICES: [0]
[I 2023-12-15 14:27:42,990] Trial 31 finished with value: 174.58009338378906 and parameters: {'gradient_clip_val': 0.15086878910594462, 'hidden_size': 14, 'dropout': 0.202558754668842, 'hidden_continuous_size': 5, 'attention_head_size': 1, 'learning_rate': 0.0020665264250185563}. Best is trial 13 with value: 126.08003997802734.
LOCAL_RANK: 0 - CUDA_VISIBLE_DEVICES: [0]
[I 2023-12-15 14:28:30,612] Trial 32 finished with value: 331.1988830566406 and parameters: {'gradient_clip_val': 0.15404092007311476, 'hidden_size': 19, 'dropout': 0.20295967143158067, 'hidden_continuous_size': 6, 'attention_head_size': 1, 'learning_rate': 0.001831291016219748}. Best is trial 13 with value: 126.08003997802734.
LOCAL_RANK: 0 - CUDA_VISIBLE_DEVICES: [0]
[I 2023-12-15 14:29:19,334] Trial 33 finished with value: 379.9999084472656 and parameters: {'gradient_clip_val': 0.2039357134672444, 'hidden_size': 23, 'dropout': 0.2299590843791977, 'hidden_continuous_size': 7, 'attention_head_size': 2, 'learning_rate': 0.002447407160664292}. Best is trial 13 with value: 126.08003997802734.
LOCAL_RANK: 0 - CUDA_VISIBLE_DEVICES: [0]
[I 2023-12-15 14:30:04,989] Trial 34 finished with value: 201.5145721435547 and parameters: {'gradient_clip_val': 0.13808713260963829, 'hidden_size': 14, 'dropout': 0.20459930781725771, 'hidden_continuous_size': 5, 'attention_head_size': 1, 'learning_rate': 0.0011121117428583723}. Best is trial 13 with value: 126.08003997802734.
LOCAL_RANK: 0 - CUDA_VISIBLE_DEVICES: [0]
[I 2023-12-15 14:30:51,483] Trial 35 finished with value: 539.3130493164062 and parameters: {'gradient_clip_val': 0.11534107524577455, 'hidden_size': 10, 'dropout': 0.25682196858412965, 'hidden_continuous_size': 5, 'attention_head_size': 2, 'learning_rate': 0.0014958098989950915}. Best is trial 13 with value: 126.08003997802734.
LOCAL_RANK: 0 - CUDA_VISIBLE_DEVICES: [0]
[I 2023-12-15 14:31:38,398] Trial 36 finished with value: 482.2837219238281 and parameters: {'gradient_clip_val': 0.1697828968256244, 'hidden_size': 18, 'dropout': 0.2290851818410532, 'hidden_continuous_size': 6, 'attention_head_size': 1, 'learning_rate': 0.004147410192259593}. Best is trial 13 with value: 126.08003997802734.
LOCAL_RANK: 0 - CUDA_VISIBLE_DEVICES: [0]
[I 2023-12-15 14:32:25,087] Trial 37 finished with value: 196.2720489501953 and parameters: {'gradient_clip_val': 0.19547210634996873, 'hidden_size': 14, 'dropout': 0.17007061483995028, 'hidden_continuous_size': 5, 'attention_head_size': 2, 'learning_rate': 0.002175897041565831}. Best is trial 13 with value: 126.08003997802734.
LOCAL_RANK: 0 - CUDA_VISIBLE_DEVICES: [0]
