[I 2023-12-15 14:37:59,448] Trial 34 finished with value: 2.767019271850586 and parameters: {'gradient_clip_val': 0.1494704243960159, 'hidden_size': 14, 'dropout': 0.24979584241501437, 'hidden_continuous_size': 5, 'attention_head_size': 3, 'learning_rate': 0.04811513276550601}. Best is trial 16 with value: 0.22694991528987885.
LOCAL_RANK: 0 - CUDA_VISIBLE_DEVICES: [0]
[I 2023-12-15 14:38:45,637] Trial 35 finished with value: 3.6718101501464844 and parameters: {'gradient_clip_val': 0.13924853002835316, 'hidden_size': 20, 'dropout': 0.2745420044130853, 'hidden_continuous_size': 8, 'attention_head_size': 2, 'learning_rate': 0.01071863105194784}. Best is trial 16 with value: 0.22694991528987885.
LOCAL_RANK: 0 - CUDA_VISIBLE_DEVICES: [0]
[I 2023-12-15 14:39:30,714] Trial 36 finished with value: 0.4765358865261078 and parameters: {'gradient_clip_val': 0.1867241350288269, 'hidden_size': 9, 'dropout': 0.29686110220921613, 'hidden_continuous_size': 5, 'attention_head_size': 3, 'learning_rate': 0.03819411430794548}. Best is trial 16 with value: 0.22694991528987885.
LOCAL_RANK: 0 - CUDA_VISIBLE_DEVICES: [0]
[I 2023-12-15 14:40:15,460] Trial 37 finished with value: 1.7153096199035645 and parameters: {'gradient_clip_val': 0.14417350649043179, 'hidden_size': 7, 'dropout': 0.30442662087964223, 'hidden_continuous_size': 5, 'attention_head_size': 3, 'learning_rate': 0.07558411014809491}. Best is trial 16 with value: 0.22694991528987885.
LOCAL_RANK: 0 - CUDA_VISIBLE_DEVICES: [0]
[I 2023-12-15 14:41:00,560] Trial 38 finished with value: 2.6113741397857666 and parameters: {'gradient_clip_val': 0.2520785091742352, 'hidden_size': 15, 'dropout': 0.229529073456891, 'hidden_continuous_size': 7, 'attention_head_size': 1, 'learning_rate': 0.021613080106275405}. Best is trial 16 with value: 0.22694991528987885.
LOCAL_RANK: 0 - CUDA_VISIBLE_DEVICES: [0]
[I 2023-12-15 14:41:48,792] Trial 39 finished with value: 2.7392661571502686 and parameters: {'gradient_clip_val': 0.12730204418097818, 'hidden_size': 22, 'dropout': 0.3842216454585078, 'hidden_continuous_size': 9, 'attention_head_size': 2, 'learning_rate': 0.005906099887973316}. Best is trial 16 with value: 0.22694991528987885.
LOCAL_RANK: 0 - CUDA_VISIBLE_DEVICES: [0]
[I 2023-12-15 14:42:36,985] Trial 40 finished with value: 2.0971450805664062 and parameters: {'gradient_clip_val': 0.2946966453422241, 'hidden_size': 28, 'dropout': 0.35892069400628523, 'hidden_continuous_size': 14, 'attention_head_size': 4, 'learning_rate': 0.054053078240569825}. Best is trial 16 with value: 0.22694991528987885.
LOCAL_RANK: 0 - CUDA_VISIBLE_DEVICES: [0]
[I 2023-12-15 14:43:22,096] Trial 41 finished with value: 3.3583905696868896 and parameters: {'gradient_clip_val': 0.17328882815718458, 'hidden_size': 10, 'dropout': 0.2945012452182852, 'hidden_continuous_size': 5, 'attention_head_size': 3, 'learning_rate': 0.03948884408927001}. Best is trial 16 with value: 0.22694991528987885.
LOCAL_RANK: 0 - CUDA_VISIBLE_DEVICES: [0]
[I 2023-12-15 14:44:07,091] Trial 42 finished with value: 0.7040638327598572 and parameters: {'gradient_clip_val': 0.19350506564519523, 'hidden_size': 13, 'dropout': 0.2648628015842806, 'hidden_continuous_size': 6, 'attention_head_size': 3, 'learning_rate': 0.03057339340207696}. Best is trial 16 with value: 0.22694991528987885.
LOCAL_RANK: 0 - CUDA_VISIBLE_DEVICES: [0]
[I 2023-12-15 14:44:50,843] Trial 43 finished with value: 2.8610270023345947 and parameters: {'gradient_clip_val': 0.1912579036251056, 'hidden_size': 8, 'dropout': 0.3029213898322132, 'hidden_continuous_size': 5, 'attention_head_size': 3, 'learning_rate': 0.04536309890775263}. Best is trial 16 with value: 0.22694991528987885.
LOCAL_RANK: 0 - CUDA_VISIBLE_DEVICES: [0]
[I 2023-12-15 14:45:37,832] Trial 44 finished with value: 0.9734668135643005 and parameters: {'gradient_clip_val': 0.22953403243118614, 'hidden_size': 19, 'dropout': 0.28571863027286104, 'hidden_continuous_size': 7, 'attention_head_size': 3, 'learning_rate': 0.0816666597433581}. Best is trial 16 with value: 0.22694991528987885.
LOCAL_RANK: 0 - CUDA_VISIBLE_DEVICES: [0]
[I 2023-12-15 14:46:22,226] Trial 45 finished with value: 0.47337260842323303 and parameters: {'gradient_clip_val': 0.20912382329105167, 'hidden_size': 16, 'dropout': 0.3870607293479011, 'hidden_continuous_size': 8, 'attention_head_size': 2, 'learning_rate': 0.05531220273141984}. Best is trial 16 with value: 0.22694991528987885.
LOCAL_RANK: 0 - CUDA_VISIBLE_DEVICES: [0]
[I 2023-12-15 14:47:08,259] Trial 46 finished with value: 2.8472955226898193 and parameters: {'gradient_clip_val': 0.21076358863743816, 'hidden_size': 17, 'dropout': 0.3851847748495488, 'hidden_continuous_size': 8, 'attention_head_size': 2, 'learning_rate': 0.058208751705140574}. Best is trial 16 with value: 0.22694991528987885.
LOCAL_RANK: 0 - CUDA_VISIBLE_DEVICES: [0]
[I 2023-12-15 14:47:52,420] Trial 47 finished with value: 3.0999605655670166 and parameters: {'gradient_clip_val': 0.15318075004994977, 'hidden_size': 16, 'dropout': 0.39890972704862326, 'hidden_continuous_size': 8, 'attention_head_size': 2, 'learning_rate': 0.08439929716271187}. Best is trial 16 with value: 0.22694991528987885.
LOCAL_RANK: 0 - CUDA_VISIBLE_DEVICES: [0]
[I 2023-12-15 14:48:39,942] Trial 48 finished with value: 0.23652653396129608 and parameters: {'gradient_clip_val': 0.1307767707089777, 'hidden_size': 21, 'dropout': 0.3808884859300815, 'hidden_continuous_size': 9, 'attention_head_size': 1, 'learning_rate': 0.08700975091144199}. Best is trial 16 with value: 0.22694991528987885.
LOCAL_RANK: 0 - CUDA_VISIBLE_DEVICES: [0]
[I 2023-12-15 14:49:27,544] Trial 49 finished with value: 0.5938789248466492 and parameters: {'gradient_clip_val': 0.13094491365414157, 'hidden_size': 21, 'dropout': 0.36136073686447245, 'hidden_continuous_size': 9, 'attention_head_size': 1, 'learning_rate': 0.09719827402117406}. Best is trial 16 with value: 0.22694991528987885.
[I 2023-12-15 14:49:27,638] A new study created in memory with name: no-name-ee5903d5-4d16-4e64-b9f9-2ae792e44e52
/home/le004/conda/anaconda3/envs/tsff_env/lib/python3.9/site-packages/lightning/fabric/plugins/environments/slurm.py:191: The `srun` command is available on your system but is not used. HINT: If your intention is to run Lightning on SLURM, prepend your python command with `srun` like so: srun python /home/le004/master_thesis/git/TSFusionForecast/code/ ...
LOCAL_RANK: 0 - CUDA_VISIBLE_DEVICES: [0]
[I 2023-12-15 14:50:22,370] Trial 0 finished with value: 2.7241199016571045 and parameters: {'gradient_clip_val': 0.6207734829363268, 'hidden_size': 90, 'dropout': 0.21295000300137074, 'hidden_continuous_size': 30, 'attention_head_size': 3, 'learning_rate': 0.001323284126245445}. Best is trial 0 with value: 2.7241199016571045.
LOCAL_RANK: 0 - CUDA_VISIBLE_DEVICES: [0]
[I 2023-12-15 14:51:15,237] Trial 1 finished with value: 0.11041125655174255 and parameters: {'gradient_clip_val': 0.10242837495399398, 'hidden_size': 70, 'dropout': 0.28173731348878717, 'hidden_continuous_size': 20, 'attention_head_size': 1, 'learning_rate': 0.052522080733999894}. Best is trial 1 with value: 0.11041125655174255.
LOCAL_RANK: 0 - CUDA_VISIBLE_DEVICES: [0]
[I 2023-12-15 14:51:48,767] Trial 2 finished with value: 0.5580275654792786 and parameters: {'gradient_clip_val': 0.575483914310356, 'hidden_size': 6, 'dropout': 0.3834346054832287, 'hidden_continuous_size': 6, 'attention_head_size': 1, 'learning_rate': 0.01815123890352061}. Best is trial 1 with value: 0.11041125655174255.
LOCAL_RANK: 0 - CUDA_VISIBLE_DEVICES: [0]
[I 2023-12-15 14:52:33,945] Trial 3 finished with value: 2.4106948375701904 and parameters: {'gradient_clip_val': 0.8904875166283431, 'hidden_size': 11, 'dropout': 0.12802602853449002, 'hidden_continuous_size': 7, 'attention_head_size': 3, 'learning_rate': 0.0006085215519508439}. Best is trial 1 with value: 0.11041125655174255.
LOCAL_RANK: 0 - CUDA_VISIBLE_DEVICES: [0]
[I 2023-12-15 14:53:21,619] Trial 4 finished with value: 3.0105140209198 and parameters: {'gradient_clip_val': 0.11740692937239533, 'hidden_size': 19, 'dropout': 0.298360461382579, 'hidden_continuous_size': 8, 'attention_head_size': 4, 'learning_rate': 0.0009989028792949768}. Best is trial 1 with value: 0.11041125655174255.
LOCAL_RANK: 0 - CUDA_VISIBLE_DEVICES: [0]
[I 2023-12-15 14:54:06,897] Trial 5 finished with value: 1.34292733669281 and parameters: {'gradient_clip_val': 0.5184291056655489, 'hidden_size': 11, 'dropout': 0.16371106397704513, 'hidden_continuous_size': 9, 'attention_head_size': 2, 'learning_rate': 0.016780453076313467}. Best is trial 1 with value: 0.11041125655174255.
LOCAL_RANK: 0 - CUDA_VISIBLE_DEVICES: [0]
[I 2023-12-15 14:55:00,167] Trial 6 finished with value: 1.3731595277786255 and parameters: {'gradient_clip_val': 0.4691178801760804, 'hidden_size': 78, 'dropout': 0.12085056833205532, 'hidden_continuous_size': 28, 'attention_head_size': 1, 'learning_rate': 0.026067034469592004}. Best is trial 1 with value: 0.11041125655174255.
LOCAL_RANK: 0 - CUDA_VISIBLE_DEVICES: [0]
[I 2023-12-15 14:55:51,284] Trial 7 finished with value: 0.8136653304100037 and parameters: {'gradient_clip_val': 0.10074000282786652, 'hidden_size': 64, 'dropout': 0.3436568343045757, 'hidden_continuous_size': 9, 'attention_head_size': 2, 'learning_rate': 0.01254981802928465}. Best is trial 1 with value: 0.11041125655174255.
LOCAL_RANK: 0 - CUDA_VISIBLE_DEVICES: [0]
[I 2023-12-15 14:56:39,624] Trial 8 finished with value: 2.0012121200561523 and parameters: {'gradient_clip_val': 0.1652639569643629, 'hidden_size': 19, 'dropout': 0.1813709957630829, 'hidden_continuous_size': 14, 'attention_head_size': 3, 'learning_rate': 0.0005766006343546818}. Best is trial 1 with value: 0.11041125655174255.
LOCAL_RANK: 0 - CUDA_VISIBLE_DEVICES: [0]
[I 2023-12-15 14:57:35,058] Trial 9 finished with value: 0.1649627983570099 and parameters: {'gradient_clip_val': 0.2443043232417647, 'hidden_size': 93, 'dropout': 0.26659582364663453, 'hidden_continuous_size': 37, 'attention_head_size': 3, 'learning_rate': 0.05424726966895482}. Best is trial 1 with value: 0.11041125655174255.
LOCAL_RANK: 0 - CUDA_VISIBLE_DEVICES: [0]
[I 2023-12-15 14:58:26,377] Trial 10 finished with value: 0.11324765533208847 and parameters: {'gradient_clip_val': 0.24030918238143792, 'hidden_size': 39, 'dropout': 0.2494467525683238, 'hidden_continuous_size': 19, 'attention_head_size': 1, 'learning_rate': 0.09183664135903159}. Best is trial 1 with value: 0.11041125655174255.
LOCAL_RANK: 0 - CUDA_VISIBLE_DEVICES: [0]
[I 2023-12-15 14:59:17,609] Trial 11 finished with value: 0.9308190941810608 and parameters: {'gradient_clip_val': 0.2374690808973956, 'hidden_size': 44, 'dropout': 0.24995071505185812, 'hidden_continuous_size': 19, 'attention_head_size': 1, 'learning_rate': 0.09248497422660577}. Best is trial 1 with value: 0.11041125655174255.
LOCAL_RANK: 0 - CUDA_VISIBLE_DEVICES: [0]
[I 2023-12-15 15:00:07,997] Trial 12 finished with value: 0.2947405278682709 and parameters: {'gradient_clip_val': 0.1510736042127389, 'hidden_size': 40, 'dropout': 0.3021872892957711, 'hidden_continuous_size': 19, 'attention_head_size': 1, 'learning_rate': 0.08949653590803908}. Best is trial 1 with value: 0.11041125655174255.
LOCAL_RANK: 0 - CUDA_VISIBLE_DEVICES: [0]
[I 2023-12-15 15:00:59,114] Trial 13 finished with value: 0.11754704266786575 and parameters: {'gradient_clip_val': 0.35688767709310193, 'hidden_size': 38, 'dropout': 0.24332336279136063, 'hidden_continuous_size': 15, 'attention_head_size': 2, 'learning_rate': 0.03779586484909411}. Best is trial 1 with value: 0.11041125655174255.
LOCAL_RANK: 0 - CUDA_VISIBLE_DEVICES: [0]
[I 2023-12-15 15:01:52,659] Trial 14 finished with value: 1.377069115638733 and parameters: {'gradient_clip_val': 0.1716142298735391, 'hidden_size': 57, 'dropout': 0.21063441947230974, 'hidden_continuous_size': 56, 'attention_head_size': 1, 'learning_rate': 0.04876623371967428}. Best is trial 1 with value: 0.11041125655174255.
LOCAL_RANK: 0 - CUDA_VISIBLE_DEVICES: [0]
[I 2023-12-15 15:02:40,679] Trial 15 finished with value: 0.2020702213048935 and parameters: {'gradient_clip_val': 0.24182726850335426, 'hidden_size': 31, 'dropout': 0.30511550118952085, 'hidden_continuous_size': 5, 'attention_head_size': 2, 'learning_rate': 0.00616427552739885}. Best is trial 1 with value: 0.11041125655174255.
LOCAL_RANK: 0 - CUDA_VISIBLE_DEVICES: [0]
[I 2023-12-15 15:03:33,894] Trial 16 finished with value: 0.11818955093622208 and parameters: {'gradient_clip_val': 0.1307542072597529, 'hidden_size': 55, 'dropout': 0.2748322017502306, 'hidden_continuous_size': 12, 'attention_head_size': 4, 'learning_rate': 0.09707103238048292}. Best is trial 1 with value: 0.11041125655174255.
LOCAL_RANK: 0 - CUDA_VISIBLE_DEVICES: [0]
[I 2023-12-15 15:04:22,349] Trial 17 finished with value: 0.34248626232147217 and parameters: {'gradient_clip_val': 0.10101246804802236, 'hidden_size': 30, 'dropout': 0.3431085771858444, 'hidden_continuous_size': 11, 'attention_head_size': 1, 'learning_rate': 0.03785322212135158}. Best is trial 1 with value: 0.11041125655174255.
LOCAL_RANK: 0 - CUDA_VISIBLE_DEVICES: [0]
[I 2023-12-15 15:05:15,417] Trial 18 finished with value: 2.268590211868286 and parameters: {'gradient_clip_val': 0.1904746231283862, 'hidden_size': 67, 'dropout': 0.22456031141117966, 'hidden_continuous_size': 21, 'attention_head_size': 2, 'learning_rate': 0.008021362331106202}. Best is trial 1 with value: 0.11041125655174255.
LOCAL_RANK: 0 - CUDA_VISIBLE_DEVICES: [0]
[I 2023-12-15 15:06:07,287] Trial 19 finished with value: 0.09749561548233032 and parameters: {'gradient_clip_val': 0.3067155158442162, 'hidden_size': 49, 'dropout': 0.18684082190704587, 'hidden_continuous_size': 16, 'attention_head_size': 1, 'learning_rate': 0.05695447121421081}. Best is trial 19 with value: 0.09749561548233032.
LOCAL_RANK: 0 - CUDA_VISIBLE_DEVICES: [0]
[I 2023-12-15 15:07:02,491] Trial 20 finished with value: 0.112067312002182 and parameters: {'gradient_clip_val': 0.34323480881961066, 'hidden_size': 81, 'dropout': 0.17380683969748417, 'hidden_continuous_size': 64, 'attention_head_size': 2, 'learning_rate': 0.025814691213974162}. Best is trial 19 with value: 0.09749561548233032.
LOCAL_RANK: 0 - CUDA_VISIBLE_DEVICES: [0]
[I 2023-12-15 15:07:59,306] Trial 21 finished with value: 1.0458580255508423 and parameters: {'gradient_clip_val': 0.3505897749136752, 'hidden_size': 100, 'dropout': 0.1739262093695309, 'hidden_continuous_size': 88, 'attention_head_size': 2, 'learning_rate': 0.03019325544880569}. Best is trial 19 with value: 0.09749561548233032.
LOCAL_RANK: 0 - CUDA_VISIBLE_DEVICES: [0]
[I 2023-12-15 15:08:51,826] Trial 22 finished with value: 0.15729095041751862 and parameters: {'gradient_clip_val': 0.3008204121951715, 'hidden_size': 69, 'dropout': 0.14729048912919634, 'hidden_continuous_size': 24, 'attention_head_size': 1, 'learning_rate': 0.05362592379304727}. Best is trial 19 with value: 0.09749561548233032.
LOCAL_RANK: 0 - CUDA_VISIBLE_DEVICES: [0]
[I 2023-12-15 15:09:44,218] Trial 23 finished with value: 0.20043063163757324 and parameters: {'gradient_clip_val': 0.39762567504561486, 'hidden_size': 53, 'dropout': 0.10572715950993411, 'hidden_continuous_size': 16, 'attention_head_size': 2, 'learning_rate': 0.025117600253725527}. Best is trial 19 with value: 0.09749561548233032.
LOCAL_RANK: 0 - CUDA_VISIBLE_DEVICES: [0]
[I 2023-12-15 15:10:37,565] Trial 24 finished with value: 0.43713322281837463 and parameters: {'gradient_clip_val': 0.29307041821721247, 'hidden_size': 80, 'dropout': 0.20629943811196533, 'hidden_continuous_size': 35, 'attention_head_size': 1, 'learning_rate': 0.06234674758337616}. Best is trial 19 with value: 0.09749561548233032.
LOCAL_RANK: 0 - CUDA_VISIBLE_DEVICES: [0]
[I 2023-12-15 15:11:32,137] Trial 25 finished with value: 0.3829286992549896 and parameters: {'gradient_clip_val': 0.1968774138414785, 'hidden_size': 74, 'dropout': 0.19608286970728403, 'hidden_continuous_size': 46, 'attention_head_size': 2, 'learning_rate': 0.035761062997880316}. Best is trial 19 with value: 0.09749561548233032.
LOCAL_RANK: 0 - CUDA_VISIBLE_DEVICES: [0]
[I 2023-12-15 15:12:23,931] Trial 26 finished with value: 2.813768148422241 and parameters: {'gradient_clip_val': 0.4304914975141837, 'hidden_size': 52, 'dropout': 0.1557448556303507, 'hidden_continuous_size': 24, 'attention_head_size': 1, 'learning_rate': 0.05965494234541304}. Best is trial 19 with value: 0.09749561548233032.
LOCAL_RANK: 0 - CUDA_VISIBLE_DEVICES: [0]
[I 2023-12-15 15:13:17,178] Trial 27 finished with value: 1.2260023355484009 and parameters: {'gradient_clip_val': 0.3068652367618618, 'hidden_size': 82, 'dropout': 0.18892281230076605, 'hidden_continuous_size': 12, 'attention_head_size': 1, 'learning_rate': 0.021039996755458278}. Best is trial 19 with value: 0.09749561548233032.
LOCAL_RANK: 0 - CUDA_VISIBLE_DEVICES: [0]
[I 2023-12-15 15:14:09,207] Trial 28 finished with value: 0.4558873474597931 and parameters: {'gradient_clip_val': 0.13721347756559785, 'hidden_size': 50, 'dropout': 0.22421039703579881, 'hidden_continuous_size': 15, 'attention_head_size': 2, 'learning_rate': 0.03853208847247119}. Best is trial 19 with value: 0.09749561548233032.
LOCAL_RANK: 0 - CUDA_VISIBLE_DEVICES: [0]
[I 2023-12-15 15:15:04,049] Trial 29 finished with value: 0.13439925014972687 and parameters: {'gradient_clip_val': 0.7771480496271458, 'hidden_size': 98, 'dropout': 0.145561024123342, 'hidden_continuous_size': 30, 'attention_head_size': 3, 'learning_rate': 0.013058813165120548}. Best is trial 19 with value: 0.09749561548233032.
LOCAL_RANK: 0 - CUDA_VISIBLE_DEVICES: [0]
[I 2023-12-15 15:15:56,989] Trial 30 finished with value: 2.078381299972534 and parameters: {'gradient_clip_val': 0.634546171242898, 'hidden_size': 64, 'dropout': 0.1810608467749082, 'hidden_continuous_size': 17, 'attention_head_size': 4, 'learning_rate': 0.005960854275855688}. Best is trial 19 with value: 0.09749561548233032.
LOCAL_RANK: 0 - CUDA_VISIBLE_DEVICES: [0]
[I 2023-12-15 15:16:48,373] Trial 31 finished with value: 0.16992925107479095 and parameters: {'gradient_clip_val': 0.26703866198737225, 'hidden_size': 45, 'dropout': 0.2279484047141816, 'hidden_continuous_size': 23, 'attention_head_size': 1, 'learning_rate': 0.07205041310758173}. Best is trial 19 with value: 0.09749561548233032.
LOCAL_RANK: 0 - CUDA_VISIBLE_DEVICES: [0]
[I 2023-12-15 15:17:40,728] Trial 32 finished with value: 1.239194631576538 and parameters: {'gradient_clip_val': 0.2145770223091042, 'hidden_size': 63, 'dropout': 0.205034939091105, 'hidden_continuous_size': 19, 'attention_head_size': 1, 'learning_rate': 0.0774377503999554}. Best is trial 19 with value: 0.09749561548233032.
LOCAL_RANK: 0 - CUDA_VISIBLE_DEVICES: [0]
[I 2023-12-15 15:18:29,982] Trial 33 finished with value: 0.26553210616111755 and parameters: {'gradient_clip_val': 0.3595640028260499, 'hidden_size': 34, 'dropout': 0.23460836316997796, 'hidden_continuous_size': 14, 'attention_head_size': 1, 'learning_rate': 0.04752995060499401}. Best is trial 19 with value: 0.09749561548233032.
LOCAL_RANK: 0 - CUDA_VISIBLE_DEVICES: [0]
[I 2023-12-15 15:19:21,503] Trial 34 finished with value: 0.11004173755645752 and parameters: {'gradient_clip_val': 0.20787509074858246, 'hidden_size': 47, 'dropout': 0.2673366781390297, 'hidden_continuous_size': 17, 'attention_head_size': 1, 'learning_rate': 0.0692499065931083}. Best is trial 19 with value: 0.09749561548233032.
LOCAL_RANK: 0 - CUDA_VISIBLE_DEVICES: [0]
[I 2023-12-15 15:20:09,662] Trial 35 finished with value: 1.3478695154190063 and parameters: {'gradient_clip_val': 0.20590435771631369, 'hidden_size': 26, 'dropout': 0.27278752901276787, 'hidden_continuous_size': 10, 'attention_head_size': 1, 'learning_rate': 0.06593283703419116}. Best is trial 19 with value: 0.09749561548233032.
LOCAL_RANK: 0 - CUDA_VISIBLE_DEVICES: [0]
[I 2023-12-15 15:21:03,625] Trial 36 finished with value: 0.5076730251312256 and parameters: {'gradient_clip_val': 0.11669847304638713, 'hidden_size': 83, 'dropout': 0.1339960533679262, 'hidden_continuous_size': 25, 'attention_head_size': 2, 'learning_rate': 0.02719921778241258}. Best is trial 19 with value: 0.09749561548233032.
LOCAL_RANK: 0 - CUDA_VISIBLE_DEVICES: [0]
[I 2023-12-15 15:21:54,088] Trial 37 finished with value: 1.1464742422103882 and parameters: {'gradient_clip_val': 0.27166941984735793, 'hidden_size': 44, 'dropout': 0.16403783781720188, 'hidden_continuous_size': 13, 'attention_head_size': 1, 'learning_rate': 0.019830026101749852}. Best is trial 19 with value: 0.09749561548233032.
LOCAL_RANK: 0 - CUDA_VISIBLE_DEVICES: [0]
[I 2023-12-15 15:22:46,217] Trial 38 finished with value: 1.1228604316711426 and parameters: {'gradient_clip_val': 0.1615225753518811, 'hidden_size': 76, 'dropout': 0.1955691072180876, 'hidden_continuous_size': 8, 'attention_head_size': 2, 'learning_rate': 0.04624798465208457}. Best is trial 19 with value: 0.09749561548233032.
LOCAL_RANK: 0 - CUDA_VISIBLE_DEVICES: [0]
[I 2023-12-15 15:23:38,952] Trial 39 finished with value: 0.7838703989982605 and parameters: {'gradient_clip_val': 0.3330175772658188, 'hidden_size': 49, 'dropout': 0.26344250533011165, 'hidden_continuous_size': 17, 'attention_head_size': 3, 'learning_rate': 0.07508006091416279}. Best is trial 19 with value: 0.09749561548233032.
LOCAL_RANK: 0 - CUDA_VISIBLE_DEVICES: [0]
[I 2023-12-15 15:24:30,668] Trial 40 finished with value: 1.324092984199524 and parameters: {'gradient_clip_val': 0.4016905595290316, 'hidden_size': 85, 'dropout': 0.16480791730183839, 'hidden_continuous_size': 7, 'attention_head_size': 1, 'learning_rate': 0.03142495024494701}. Best is trial 19 with value: 0.09749561548233032.
LOCAL_RANK: 0 - CUDA_VISIBLE_DEVICES: [0]
