[I 2023-12-16 00:56:06,540] Trial 25 finished with value: 0.05238655209541321 and parameters: {'gradient_clip_val': 0.3443867849771144, 'hidden_size': 78, 'dropout': 0.3766899022492245, 'hidden_continuous_size': 34, 'attention_head_size': 2, 'learning_rate': 0.011602981575577495}. Best is trial 25 with value: 0.05238655209541321.
LOCAL_RANK: 0 - CUDA_VISIBLE_DEVICES: [0]
[I 2023-12-16 00:57:00,729] Trial 26 finished with value: 1.0061992406845093 and parameters: {'gradient_clip_val': 0.3162387817280457, 'hidden_size': 73, 'dropout': 0.3835531086604886, 'hidden_continuous_size': 29, 'attention_head_size': 2, 'learning_rate': 0.011763299612102361}. Best is trial 25 with value: 0.05238655209541321.
LOCAL_RANK: 0 - CUDA_VISIBLE_DEVICES: [0]
[I 2023-12-16 00:57:56,894] Trial 27 finished with value: 0.11203191429376602 and parameters: {'gradient_clip_val': 0.33481691985340545, 'hidden_size': 81, 'dropout': 0.3651290250667473, 'hidden_continuous_size': 55, 'attention_head_size': 3, 'learning_rate': 0.03004408514801113}. Best is trial 25 with value: 0.05238655209541321.
LOCAL_RANK: 0 - CUDA_VISIBLE_DEVICES: [0]
[I 2023-12-16 00:58:50,210] Trial 28 finished with value: 0.2776806354522705 and parameters: {'gradient_clip_val': 0.3525720439619944, 'hidden_size': 60, 'dropout': 0.3767020828962242, 'hidden_continuous_size': 33, 'attention_head_size': 2, 'learning_rate': 0.020796367046213203}. Best is trial 25 with value: 0.05238655209541321.
LOCAL_RANK: 0 - CUDA_VISIBLE_DEVICES: [0]
[I 2023-12-16 00:59:44,203] Trial 29 finished with value: 0.2337692826986313 and parameters: {'gradient_clip_val': 0.23586174269355686, 'hidden_size': 75, 'dropout': 0.3503702854932598, 'hidden_continuous_size': 17, 'attention_head_size': 2, 'learning_rate': 0.009931999098309989}. Best is trial 25 with value: 0.05238655209541321.
LOCAL_RANK: 0 - CUDA_VISIBLE_DEVICES: [0]
[I 2023-12-16 01:00:34,773] Trial 30 finished with value: 0.599147617816925 and parameters: {'gradient_clip_val': 0.2642674110677493, 'hidden_size': 31, 'dropout': 0.36208269709397517, 'hidden_continuous_size': 15, 'attention_head_size': 3, 'learning_rate': 0.005717814362717812}. Best is trial 25 with value: 0.05238655209541321.
LOCAL_RANK: 0 - CUDA_VISIBLE_DEVICES: [0]
[I 2023-12-16 01:01:27,638] Trial 31 finished with value: 0.660918653011322 and parameters: {'gradient_clip_val': 0.16667385847892788, 'hidden_size': 51, 'dropout': 0.3396387252441896, 'hidden_continuous_size': 21, 'attention_head_size': 2, 'learning_rate': 0.06791748281152064}. Best is trial 25 with value: 0.05238655209541321.
LOCAL_RANK: 0 - CUDA_VISIBLE_DEVICES: [0]
[I 2023-12-16 01:02:20,517] Trial 32 finished with value: 0.16485381126403809 and parameters: {'gradient_clip_val': 0.19210422248830378, 'hidden_size': 68, 'dropout': 0.31950761660330007, 'hidden_continuous_size': 14, 'attention_head_size': 1, 'learning_rate': 0.0367680831641075}. Best is trial 25 with value: 0.05238655209541321.
LOCAL_RANK: 0 - CUDA_VISIBLE_DEVICES: [0]
[I 2023-12-16 01:03:15,543] Trial 33 finished with value: 0.25941798090934753 and parameters: {'gradient_clip_val': 0.9240495039645249, 'hidden_size': 87, 'dropout': 0.34888837413253454, 'hidden_continuous_size': 26, 'attention_head_size': 3, 'learning_rate': 0.018920989258480243}. Best is trial 25 with value: 0.05238655209541321.
LOCAL_RANK: 0 - CUDA_VISIBLE_DEVICES: [0]
[I 2023-12-16 01:04:09,517] Trial 34 finished with value: 0.18939995765686035 and parameters: {'gradient_clip_val': 0.1274121825715043, 'hidden_size': 43, 'dropout': 0.3832251125226668, 'hidden_continuous_size': 19, 'attention_head_size': 4, 'learning_rate': 0.048543430550027605}. Best is trial 25 with value: 0.05238655209541321.
LOCAL_RANK: 0 - CUDA_VISIBLE_DEVICES: [0]
[I 2023-12-16 01:05:06,975] Trial 35 finished with value: 0.12872467935085297 and parameters: {'gradient_clip_val': 0.3927770184285094, 'hidden_size': 100, 'dropout': 0.3315518595192195, 'hidden_continuous_size': 67, 'attention_head_size': 2, 'learning_rate': 0.02949734995641965}. Best is trial 25 with value: 0.05238655209541321.
LOCAL_RANK: 0 - CUDA_VISIBLE_DEVICES: [0]
[I 2023-12-16 01:06:00,097] Trial 36 finished with value: 0.0863184928894043 and parameters: {'gradient_clip_val': 0.17102801249050367, 'hidden_size': 56, 'dropout': 0.30263583925554854, 'hidden_continuous_size': 38, 'attention_head_size': 2, 'learning_rate': 0.06927441440468368}. Best is trial 25 with value: 0.05238655209541321.
LOCAL_RANK: 0 - CUDA_VISIBLE_DEVICES: [0]
[I 2023-12-16 01:06:55,574] Trial 37 finished with value: 0.18609876930713654 and parameters: {'gradient_clip_val': 0.6301772319027561, 'hidden_size': 83, 'dropout': 0.30741112327226733, 'hidden_continuous_size': 41, 'attention_head_size': 2, 'learning_rate': 0.047466166454377505}. Best is trial 25 with value: 0.05238655209541321.
LOCAL_RANK: 0 - CUDA_VISIBLE_DEVICES: [0]
[I 2023-12-16 01:07:50,057] Trial 38 finished with value: 1.1806524991989136 and parameters: {'gradient_clip_val': 0.3883705564710772, 'hidden_size': 58, 'dropout': 0.27253221482666673, 'hidden_continuous_size': 37, 'attention_head_size': 2, 'learning_rate': 0.008653527970881904}. Best is trial 25 with value: 0.05238655209541321.
LOCAL_RANK: 0 - CUDA_VISIBLE_DEVICES: [0]
[I 2023-12-16 01:08:44,415] Trial 39 finished with value: 0.06203595921397209 and parameters: {'gradient_clip_val': 0.28114836046105013, 'hidden_size': 67, 'dropout': 0.3978428526618035, 'hidden_continuous_size': 30, 'attention_head_size': 3, 'learning_rate': 0.01347471310725015}. Best is trial 25 with value: 0.05238655209541321.
LOCAL_RANK: 0 - CUDA_VISIBLE_DEVICES: [0]
[I 2023-12-16 01:09:38,715] Trial 40 finished with value: 0.3227625787258148 and parameters: {'gradient_clip_val': 0.2864209003888977, 'hidden_size': 72, 'dropout': 0.39417021249076545, 'hidden_continuous_size': 47, 'attention_head_size': 3, 'learning_rate': 0.014734654014623897}. Best is trial 25 with value: 0.05238655209541321.
LOCAL_RANK: 0 - CUDA_VISIBLE_DEVICES: [0]
[I 2023-12-16 01:10:34,180] Trial 41 finished with value: 0.3906928598880768 and parameters: {'gradient_clip_val': 0.2518688832822788, 'hidden_size': 87, 'dropout': 0.39830047315419753, 'hidden_continuous_size': 29, 'attention_head_size': 4, 'learning_rate': 0.007320714747095584}. Best is trial 25 with value: 0.05238655209541321.
LOCAL_RANK: 0 - CUDA_VISIBLE_DEVICES: [0]
[I 2023-12-16 01:11:29,131] Trial 42 finished with value: 0.5552458763122559 and parameters: {'gradient_clip_val': 0.18257153984766686, 'hidden_size': 69, 'dropout': 0.37822065780227715, 'hidden_continuous_size': 35, 'attention_head_size': 3, 'learning_rate': 0.011385461639570282}. Best is trial 25 with value: 0.05238655209541321.
LOCAL_RANK: 0 - CUDA_VISIBLE_DEVICES: [0]
[I 2023-12-16 01:12:21,527] Trial 43 finished with value: 0.49959874153137207 and parameters: {'gradient_clip_val': 0.20943633087926242, 'hidden_size': 35, 'dropout': 0.3589968366889164, 'hidden_continuous_size': 28, 'attention_head_size': 2, 'learning_rate': 0.021176118798784983}. Best is trial 25 with value: 0.05238655209541321.
LOCAL_RANK: 0 - CUDA_VISIBLE_DEVICES: [0]
[I 2023-12-16 01:13:15,373] Trial 44 finished with value: 0.15297935903072357 and parameters: {'gradient_clip_val': 0.2741280857245715, 'hidden_size': 55, 'dropout': 0.3749996695060298, 'hidden_continuous_size': 32, 'attention_head_size': 2, 'learning_rate': 0.07106725579994277}. Best is trial 25 with value: 0.05238655209541321.
LOCAL_RANK: 0 - CUDA_VISIBLE_DEVICES: [0]
[I 2023-12-16 01:14:11,250] Trial 45 finished with value: 1.5708805322647095 and parameters: {'gradient_clip_val': 0.3074568589302128, 'hidden_size': 83, 'dropout': 0.24567377779446245, 'hidden_continuous_size': 45, 'attention_head_size': 3, 'learning_rate': 0.005115316079708642}. Best is trial 25 with value: 0.05238655209541321.
LOCAL_RANK: 0 - CUDA_VISIBLE_DEVICES: [0]
[I 2023-12-16 01:15:04,586] Trial 46 finished with value: 0.14248879253864288 and parameters: {'gradient_clip_val': 0.17847952792478933, 'hidden_size': 60, 'dropout': 0.35048582933840533, 'hidden_continuous_size': 40, 'attention_head_size': 2, 'learning_rate': 0.03457372626654191}. Best is trial 25 with value: 0.05238655209541321.
LOCAL_RANK: 0 - CUDA_VISIBLE_DEVICES: [0]
[I 2023-12-16 01:15:59,282] Trial 47 finished with value: 0.40406084060668945 and parameters: {'gradient_clip_val': 0.25284621576199756, 'hidden_size': 72, 'dropout': 0.3890043006769643, 'hidden_continuous_size': 31, 'attention_head_size': 4, 'learning_rate': 0.024741758507740366}. Best is trial 25 with value: 0.05238655209541321.
LOCAL_RANK: 0 - CUDA_VISIBLE_DEVICES: [0]
[I 2023-12-16 01:16:52,469] Trial 48 finished with value: 0.14461122453212738 and parameters: {'gradient_clip_val': 0.22205910923676322, 'hidden_size': 52, 'dropout': 0.3350520836320651, 'hidden_continuous_size': 37, 'attention_head_size': 2, 'learning_rate': 0.07748531838929036}. Best is trial 25 with value: 0.05238655209541321.
LOCAL_RANK: 0 - CUDA_VISIBLE_DEVICES: [0]
[I 2023-12-16 01:17:45,831] Trial 49 finished with value: 0.1280663013458252 and parameters: {'gradient_clip_val': 0.1917620285767936, 'hidden_size': 43, 'dropout': 0.3725314495004359, 'hidden_continuous_size': 27, 'attention_head_size': 3, 'learning_rate': 0.05085332604859026}. Best is trial 25 with value: 0.05238655209541321.
[I 2023-12-16 01:17:45,923] A new study created in memory with name: no-name-ff7be322-3c00-47c7-a037-b3f94cc47895
/home/le004/conda/anaconda3/envs/tsff_env/lib/python3.9/site-packages/lightning/fabric/plugins/environments/slurm.py:191: The `srun` command is available on your system but is not used. HINT: If your intention is to run Lightning on SLURM, prepend your python command with `srun` like so: srun python /home/le004/master_thesis/git/TSFusionForecast/code/ ...
LOCAL_RANK: 0 - CUDA_VISIBLE_DEVICES: [0]
[I 2023-12-16 01:18:34,229] Trial 0 finished with value: 0.11242347955703735 and parameters: {'gradient_clip_val': 0.20103069042395066, 'hidden_size': 25, 'dropout': 0.21205209133312114, 'hidden_continuous_size': 5, 'attention_head_size': 1, 'learning_rate': 0.015053658548589584}. Best is trial 0 with value: 0.11242347955703735.
LOCAL_RANK: 0 - CUDA_VISIBLE_DEVICES: [0]
[I 2023-12-16 01:19:23,168] Trial 1 finished with value: 0.08019118756055832 and parameters: {'gradient_clip_val': 0.2381815821281155, 'hidden_size': 32, 'dropout': 0.26735547519272496, 'hidden_continuous_size': 9, 'attention_head_size': 3, 'learning_rate': 0.0069492164004001}. Best is trial 1 with value: 0.08019118756055832.
LOCAL_RANK: 0 - CUDA_VISIBLE_DEVICES: [0]
[I 2023-12-16 01:20:10,912] Trial 2 finished with value: 0.8413141369819641 and parameters: {'gradient_clip_val': 0.6965166360888043, 'hidden_size': 21, 'dropout': 0.14880634397004244, 'hidden_continuous_size': 8, 'attention_head_size': 1, 'learning_rate': 0.0005727612541400372}. Best is trial 1 with value: 0.08019118756055832.
LOCAL_RANK: 0 - CUDA_VISIBLE_DEVICES: [0]
[I 2023-12-16 01:20:59,165] Trial 3 finished with value: 0.4868323802947998 and parameters: {'gradient_clip_val': 0.489663064690397, 'hidden_size': 24, 'dropout': 0.35008462363355586, 'hidden_continuous_size': 20, 'attention_head_size': 3, 'learning_rate': 0.0015171238613975035}. Best is trial 1 with value: 0.08019118756055832.
LOCAL_RANK: 0 - CUDA_VISIBLE_DEVICES: [0]
[I 2023-12-16 01:21:50,251] Trial 4 finished with value: 2.006608247756958 and parameters: {'gradient_clip_val': 0.8203336656931951, 'hidden_size': 40, 'dropout': 0.25072001034482994, 'hidden_continuous_size': 12, 'attention_head_size': 3, 'learning_rate': 0.0012674659402527124}. Best is trial 1 with value: 0.08019118756055832.
LOCAL_RANK: 0 - CUDA_VISIBLE_DEVICES: [0]
[I 2023-12-16 01:22:33,996] Trial 5 finished with value: 2.06758713722229 and parameters: {'gradient_clip_val': 0.9331341572102758, 'hidden_size': 12, 'dropout': 0.22573722263514873, 'hidden_continuous_size': 5, 'attention_head_size': 1, 'learning_rate': 0.006802259466876945}. Best is trial 1 with value: 0.08019118756055832.
LOCAL_RANK: 0 - CUDA_VISIBLE_DEVICES: [0]
[I 2023-12-16 01:23:20,344] Trial 6 finished with value: 0.577597975730896 and parameters: {'gradient_clip_val': 0.18389539635061863, 'hidden_size': 11, 'dropout': 0.193481689901704, 'hidden_continuous_size': 6, 'attention_head_size': 4, 'learning_rate': 0.0012425335710205521}. Best is trial 1 with value: 0.08019118756055832.
LOCAL_RANK: 0 - CUDA_VISIBLE_DEVICES: [0]
[I 2023-12-16 01:24:04,802] Trial 7 finished with value: 1.6803680658340454 and parameters: {'gradient_clip_val': 0.4094596014660343, 'hidden_size': 8, 'dropout': 0.2197586019133812, 'hidden_continuous_size': 6, 'attention_head_size': 3, 'learning_rate': 0.0012038917918194003}. Best is trial 1 with value: 0.08019118756055832.
LOCAL_RANK: 0 - CUDA_VISIBLE_DEVICES: [0]
[I 2023-12-16 01:24:52,156] Trial 8 finished with value: 0.07071638852357864 and parameters: {'gradient_clip_val': 0.13825746094347274, 'hidden_size': 19, 'dropout': 0.23266457329608678, 'hidden_continuous_size': 6, 'attention_head_size': 3, 'learning_rate': 0.02087539328950558}. Best is trial 8 with value: 0.07071638852357864.
LOCAL_RANK: 0 - CUDA_VISIBLE_DEVICES: [0]
[I 2023-12-16 01:25:44,660] Trial 9 finished with value: 0.15914373099803925 and parameters: {'gradient_clip_val': 0.6764472551212911, 'hidden_size': 48, 'dropout': 0.2921212676767354, 'hidden_continuous_size': 31, 'attention_head_size': 3, 'learning_rate': 0.0008041597131721204}. Best is trial 8 with value: 0.07071638852357864.
LOCAL_RANK: 0 - CUDA_VISIBLE_DEVICES: [0]
[I 2023-12-16 01:26:41,294] Trial 10 finished with value: 0.2572076618671417 and parameters: {'gradient_clip_val': 0.1192962283366112, 'hidden_size': 83, 'dropout': 0.11120678451431976, 'hidden_continuous_size': 67, 'attention_head_size': 2, 'learning_rate': 0.09845387525104247}. Best is trial 8 with value: 0.07071638852357864.
LOCAL_RANK: 0 - CUDA_VISIBLE_DEVICES: [0]
[I 2023-12-16 01:27:27,454] Trial 11 finished with value: 0.17779351770877838 and parameters: {'gradient_clip_val': 0.23736266814266435, 'hidden_size': 6, 'dropout': 0.3074374411005787, 'hidden_continuous_size': 5, 'attention_head_size': 4, 'learning_rate': 0.012310474831955822}. Best is trial 8 with value: 0.07071638852357864.
LOCAL_RANK: 0 - CUDA_VISIBLE_DEVICES: [0]
[I 2023-12-16 01:28:12,215] Trial 12 finished with value: 0.3936063349246979 and parameters: {'gradient_clip_val': 0.10737664722466211, 'hidden_size': 16, 'dropout': 0.2706061277315669, 'hidden_continuous_size': 7, 'attention_head_size': 2, 'learning_rate': 0.004883865242784808}. Best is trial 8 with value: 0.07071638852357864.
LOCAL_RANK: 0 - CUDA_VISIBLE_DEVICES: [0]
[I 2023-12-16 01:29:02,924] Trial 13 finished with value: 0.16824859380722046 and parameters: {'gradient_clip_val': 0.14919546722546997, 'hidden_size': 35, 'dropout': 0.3450576940475184, 'hidden_continuous_size': 10, 'attention_head_size': 4, 'learning_rate': 0.02147326545137968}. Best is trial 8 with value: 0.07071638852357864.
LOCAL_RANK: 0 - CUDA_VISIBLE_DEVICES: [0]
[I 2023-12-16 01:29:39,191] Trial 14 finished with value: 0.2684234082698822 and parameters: {'gradient_clip_val': 0.25199247002738856, 'hidden_size': 5, 'dropout': 0.3056134629905003, 'hidden_continuous_size': 5, 'attention_head_size': 2, 'learning_rate': 0.028094024605261385}. Best is trial 8 with value: 0.07071638852357864.
LOCAL_RANK: 0 - CUDA_VISIBLE_DEVICES: [0]
[I 2023-12-16 01:30:25,403] Trial 15 finished with value: 0.49988746643066406 and parameters: {'gradient_clip_val': 0.14864542313977933, 'hidden_size': 14, 'dropout': 0.37632179284694545, 'hidden_continuous_size': 6, 'attention_head_size': 3, 'learning_rate': 0.0032880458197977244}. Best is trial 8 with value: 0.07071638852357864.
LOCAL_RANK: 0 - CUDA_VISIBLE_DEVICES: [0]
[I 2023-12-16 01:31:18,042] Trial 16 finished with value: 0.3758178651332855 and parameters: {'gradient_clip_val': 0.3218935620747623, 'hidden_size': 60, 'dropout': 0.2604075789535033, 'hidden_continuous_size': 9, 'attention_head_size': 2, 'learning_rate': 0.0026992383957011447}. Best is trial 8 with value: 0.07071638852357864.
LOCAL_RANK: 0 - CUDA_VISIBLE_DEVICES: [0]
[I 2023-12-16 01:32:08,733] Trial 17 finished with value: 0.07000338286161423 and parameters: {'gradient_clip_val': 0.10236076669399018, 'hidden_size': 30, 'dropout': 0.18213535836107336, 'hidden_continuous_size': 8, 'attention_head_size': 4, 'learning_rate': 0.00967009045298655}. Best is trial 17 with value: 0.07000338286161423.
LOCAL_RANK: 0 - CUDA_VISIBLE_DEVICES: [0]
[I 2023-12-16 01:32:56,733] Trial 18 finished with value: 0.12857751548290253 and parameters: {'gradient_clip_val': 0.11109710864312405, 'hidden_size': 19, 'dropout': 0.18521567217637985, 'hidden_continuous_size': 7, 'attention_head_size': 4, 'learning_rate': 0.011599944177298616}. Best is trial 17 with value: 0.07000338286161423.
LOCAL_RANK: 0 - CUDA_VISIBLE_DEVICES: [0]
[I 2023-12-16 01:33:45,589] Trial 19 finished with value: 0.20609967410564423 and parameters: {'gradient_clip_val': 0.14128373915759393, 'hidden_size': 28, 'dropout': 0.16648046588879034, 'hidden_continuous_size': 11, 'attention_head_size': 4, 'learning_rate': 0.039753098603267686}. Best is trial 17 with value: 0.07000338286161423.
LOCAL_RANK: 0 - CUDA_VISIBLE_DEVICES: [0]
[I 2023-12-16 01:34:33,241] Trial 20 finished with value: 0.07443130761384964 and parameters: {'gradient_clip_val': 0.10550392256557398, 'hidden_size': 18, 'dropout': 0.14870748508478132, 'hidden_continuous_size': 7, 'attention_head_size': 4, 'learning_rate': 0.040354599055646485}. Best is trial 17 with value: 0.07000338286161423.
LOCAL_RANK: 0 - CUDA_VISIBLE_DEVICES: [0]
[I 2023-12-16 01:35:20,786] Trial 21 finished with value: 0.10157089680433273 and parameters: {'gradient_clip_val': 0.10086872027174032, 'hidden_size': 18, 'dropout': 0.13970249371112364, 'hidden_continuous_size': 7, 'attention_head_size': 4, 'learning_rate': 0.044059461465754506}. Best is trial 17 with value: 0.07000338286161423.
LOCAL_RANK: 0 - CUDA_VISIBLE_DEVICES: [0]
[I 2023-12-16 01:36:10,265] Trial 22 finished with value: 1.6254252195358276 and parameters: {'gradient_clip_val': 0.12472464069547283, 'hidden_size': 25, 'dropout': 0.17415744173345454, 'hidden_continuous_size': 8, 'attention_head_size': 4, 'learning_rate': 0.01945865138771047}. Best is trial 17 with value: 0.07000338286161423.
LOCAL_RANK: 0 - CUDA_VISIBLE_DEVICES: [0]
[I 2023-12-16 01:36:55,768] Trial 23 finished with value: 0.42435333132743835 and parameters: {'gradient_clip_val': 0.1020538916841963, 'hidden_size': 16, 'dropout': 0.1065635877707775, 'hidden_continuous_size': 6, 'attention_head_size': 4, 'learning_rate': 0.008767823653061705}. Best is trial 17 with value: 0.07000338286161423.
LOCAL_RANK: 0 - CUDA_VISIBLE_DEVICES: [0]
[I 2023-12-16 01:37:44,360] Trial 24 finished with value: 0.08043937385082245 and parameters: {'gradient_clip_val': 0.13561940486150667, 'hidden_size': 21, 'dropout': 0.20206506867240495, 'hidden_continuous_size': 7, 'attention_head_size': 3, 'learning_rate': 0.03240470118377939}. Best is trial 17 with value: 0.07000338286161423.
LOCAL_RANK: 0 - CUDA_VISIBLE_DEVICES: [0]
[I 2023-12-16 01:38:33,679] Trial 25 finished with value: 0.23348307609558105 and parameters: {'gradient_clip_val': 0.17303041646248024, 'hidden_size': 32, 'dropout': 0.234279339259968, 'hidden_continuous_size': 9, 'attention_head_size': 4, 'learning_rate': 0.05827377441424254}. Best is trial 17 with value: 0.07000338286161423.
LOCAL_RANK: 0 - CUDA_VISIBLE_DEVICES: [0]
[I 2023-12-16 01:39:19,774] Trial 26 finished with value: 0.0974542573094368 and parameters: {'gradient_clip_val': 0.1314064857758595, 'hidden_size': 10, 'dropout': 0.1527413896488126, 'hidden_continuous_size': 6, 'attention_head_size': 3, 'learning_rate': 0.02031493558846252}. Best is trial 17 with value: 0.07000338286161423.
LOCAL_RANK: 0 - CUDA_VISIBLE_DEVICES: [0]
[I 2023-12-16 01:40:06,211] Trial 27 finished with value: 0.07330038398504257 and parameters: {'gradient_clip_val': 0.16709089863404403, 'hidden_size': 14, 'dropout': 0.19558145966902177, 'hidden_continuous_size': 7, 'attention_head_size': 4, 'learning_rate': 0.026552420877803386}. Best is trial 17 with value: 0.07000338286161423.
LOCAL_RANK: 0 - CUDA_VISIBLE_DEVICES: [0]
[I 2023-12-16 01:40:52,735] Trial 28 finished with value: 0.557095468044281 and parameters: {'gradient_clip_val': 0.16431894299709165, 'hidden_size': 14, 'dropout': 0.1956562188835617, 'hidden_continuous_size': 6, 'attention_head_size': 4, 'learning_rate': 0.015257993778391892}. Best is trial 17 with value: 0.07000338286161423.
LOCAL_RANK: 0 - CUDA_VISIBLE_DEVICES: [0]
[I 2023-12-16 01:41:41,614] Trial 29 finished with value: 0.3024522066116333 and parameters: {'gradient_clip_val': 0.2010396605180969, 'hidden_size': 26, 'dropout': 0.2172043022345486, 'hidden_continuous_size': 5, 'attention_head_size': 3, 'learning_rate': 0.013922589503930567}. Best is trial 17 with value: 0.07000338286161423.
LOCAL_RANK: 0 - CUDA_VISIBLE_DEVICES: [0]
[I 2023-12-16 01:42:26,012] Trial 30 finished with value: 2.179534912109375 and parameters: {'gradient_clip_val': 0.12284968882971437, 'hidden_size': 8, 'dropout': 0.23619063544299423, 'hidden_continuous_size': 5, 'attention_head_size': 2, 'learning_rate': 0.009514944607314146}. Best is trial 17 with value: 0.07000338286161423.
LOCAL_RANK: 0 - CUDA_VISIBLE_DEVICES: [0]
[I 2023-12-16 01:43:14,891] Trial 31 finished with value: 0.43967708945274353 and parameters: {'gradient_clip_val': 0.10102852452047859, 'hidden_size': 21, 'dropout': 0.1766209774896574, 'hidden_continuous_size': 8, 'attention_head_size': 4, 'learning_rate': 0.02642080547508151}. Best is trial 17 with value: 0.07000338286161423.
LOCAL_RANK: 0 - CUDA_VISIBLE_DEVICES: [0]
