[I 2023-12-16 06:45:41,968] Trial 1 finished with value: 26.63067626953125 and parameters: {'gradient_clip_val': 0.8833404759908497, 'hidden_size': 34, 'dropout': 0.21484225141792407, 'hidden_continuous_size': 8, 'attention_head_size': 1, 'learning_rate': 0.03364402861606509}. Best is trial 1 with value: 26.63067626953125.
LOCAL_RANK: 0 - CUDA_VISIBLE_DEVICES: [0]
[I 2023-12-16 06:46:37,354] Trial 2 finished with value: 20.94134521484375 and parameters: {'gradient_clip_val': 0.27242131563195127, 'hidden_size': 99, 'dropout': 0.1864715462230237, 'hidden_continuous_size': 16, 'attention_head_size': 3, 'learning_rate': 0.06948520855317511}. Best is trial 2 with value: 20.94134521484375.
LOCAL_RANK: 0 - CUDA_VISIBLE_DEVICES: [0]
[I 2023-12-16 06:47:21,704] Trial 3 finished with value: 32.12410354614258 and parameters: {'gradient_clip_val': 0.4696261501751121, 'hidden_size': 12, 'dropout': 0.17133888268643072, 'hidden_continuous_size': 8, 'attention_head_size': 1, 'learning_rate': 0.000550529854592047}. Best is trial 2 with value: 20.94134521484375.
LOCAL_RANK: 0 - CUDA_VISIBLE_DEVICES: [0]
[I 2023-12-16 06:48:14,190] Trial 4 finished with value: 30.3018856048584 and parameters: {'gradient_clip_val': 0.146725186908493, 'hidden_size': 48, 'dropout': 0.2632203487497476, 'hidden_continuous_size': 10, 'attention_head_size': 4, 'learning_rate': 0.019007075699825734}. Best is trial 2 with value: 20.94134521484375.
LOCAL_RANK: 0 - CUDA_VISIBLE_DEVICES: [0]
[I 2023-12-16 06:49:04,451] Trial 5 finished with value: 23.168752670288086 and parameters: {'gradient_clip_val': 0.24612883546053327, 'hidden_size': 34, 'dropout': 0.1666634788779136, 'hidden_continuous_size': 13, 'attention_head_size': 3, 'learning_rate': 0.00364469359776626}. Best is trial 2 with value: 20.94134521484375.
LOCAL_RANK: 0 - CUDA_VISIBLE_DEVICES: [0]
[I 2023-12-16 06:50:00,474] Trial 6 finished with value: 21.109949111938477 and parameters: {'gradient_clip_val': 0.5120700091553992, 'hidden_size': 87, 'dropout': 0.2312724337434423, 'hidden_continuous_size': 40, 'attention_head_size': 3, 'learning_rate': 0.0036009363588106304}. Best is trial 2 with value: 20.94134521484375.
LOCAL_RANK: 0 - CUDA_VISIBLE_DEVICES: [0]
[I 2023-12-16 06:50:54,007] Trial 7 finished with value: 20.2989559173584 and parameters: {'gradient_clip_val': 0.1253609339308462, 'hidden_size': 49, 'dropout': 0.28396714119851996, 'hidden_continuous_size': 16, 'attention_head_size': 4, 'learning_rate': 0.0012497577170650742}. Best is trial 7 with value: 20.2989559173584.
LOCAL_RANK: 0 - CUDA_VISIBLE_DEVICES: [0]
[I 2023-12-16 06:51:39,404] Trial 8 finished with value: 25.342254638671875 and parameters: {'gradient_clip_val': 0.37011274065173755, 'hidden_size': 11, 'dropout': 0.10014121799673623, 'hidden_continuous_size': 6, 'attention_head_size': 2, 'learning_rate': 0.04483496728669179}. Best is trial 7 with value: 20.2989559173584.
LOCAL_RANK: 0 - CUDA_VISIBLE_DEVICES: [0]
[I 2023-12-16 06:52:32,545] Trial 9 finished with value: 26.14484214782715 and parameters: {'gradient_clip_val': 0.2612895868319409, 'hidden_size': 48, 'dropout': 0.2903584317006773, 'hidden_continuous_size': 29, 'attention_head_size': 4, 'learning_rate': 0.04244204248430562}. Best is trial 7 with value: 20.2989559173584.
LOCAL_RANK: 0 - CUDA_VISIBLE_DEVICES: [0]
[I 2023-12-16 06:53:20,842] Trial 10 finished with value: 25.187437057495117 and parameters: {'gradient_clip_val': 0.1004503284961252, 'hidden_size': 20, 'dropout': 0.3610062248479534, 'hidden_continuous_size': 13, 'attention_head_size': 4, 'learning_rate': 0.0006142277502900451}. Best is trial 7 with value: 20.2989559173584.
LOCAL_RANK: 0 - CUDA_VISIBLE_DEVICES: [0]
[I 2023-12-16 06:54:15,285] Trial 11 finished with value: 26.948532104492188 and parameters: {'gradient_clip_val': 0.10006628873856703, 'hidden_size': 96, 'dropout': 0.3184460220890351, 'hidden_continuous_size': 20, 'attention_head_size': 3, 'learning_rate': 0.010094771839398402}. Best is trial 7 with value: 20.2989559173584.
LOCAL_RANK: 0 - CUDA_VISIBLE_DEVICES: [0]
[I 2023-12-16 06:55:11,959] Trial 12 finished with value: 26.942001342773438 and parameters: {'gradient_clip_val': 0.1708611246343828, 'hidden_size': 77, 'dropout': 0.3682633772392059, 'hidden_continuous_size': 73, 'attention_head_size': 2, 'learning_rate': 0.01526988646403696}. Best is trial 7 with value: 20.2989559173584.
LOCAL_RANK: 0 - CUDA_VISIBLE_DEVICES: [0]
[I 2023-12-16 06:56:06,203] Trial 13 finished with value: 27.0460262298584 and parameters: {'gradient_clip_val': 0.2385831641988445, 'hidden_size': 62, 'dropout': 0.2696453009176559, 'hidden_continuous_size': 19, 'attention_head_size': 4, 'learning_rate': 0.08447343223722269}. Best is trial 7 with value: 20.2989559173584.
LOCAL_RANK: 0 - CUDA_VISIBLE_DEVICES: [0]
[I 2023-12-16 06:56:59,986] Trial 14 finished with value: 42.48771286010742 and parameters: {'gradient_clip_val': 0.1393243414113817, 'hidden_size': 92, 'dropout': 0.31287791421499833, 'hidden_continuous_size': 15, 'attention_head_size': 3, 'learning_rate': 0.08574508594559734}. Best is trial 7 with value: 20.2989559173584.
LOCAL_RANK: 0 - CUDA_VISIBLE_DEVICES: [0]
[I 2023-12-16 06:57:52,916] Trial 15 finished with value: 27.34124183654785 and parameters: {'gradient_clip_val': 0.2024130507112651, 'hidden_size': 56, 'dropout': 0.3955592095235964, 'hidden_continuous_size': 22, 'attention_head_size': 2, 'learning_rate': 0.007958717963049011}. Best is trial 7 with value: 20.2989559173584.
LOCAL_RANK: 0 - CUDA_VISIBLE_DEVICES: [0]
[I 2023-12-16 06:58:48,797] Trial 16 finished with value: 14.913330078125 and parameters: {'gradient_clip_val': 0.3011728365772302, 'hidden_size': 98, 'dropout': 0.2437206994623057, 'hidden_continuous_size': 32, 'attention_head_size': 4, 'learning_rate': 0.001154827924852257}. Best is trial 16 with value: 14.913330078125.
LOCAL_RANK: 0 - CUDA_VISIBLE_DEVICES: [0]
[I 2023-12-16 06:59:42,945] Trial 17 finished with value: 29.06353187561035 and parameters: {'gradient_clip_val': 0.3267217483330689, 'hidden_size': 66, 'dropout': 0.248623062154903, 'hidden_continuous_size': 28, 'attention_head_size': 4, 'learning_rate': 0.001130830993917532}. Best is trial 16 with value: 14.913330078125.
LOCAL_RANK: 0 - CUDA_VISIBLE_DEVICES: [0]
[I 2023-12-16 07:00:35,986] Trial 18 finished with value: 20.5013370513916 and parameters: {'gradient_clip_val': 0.1413434362962639, 'hidden_size': 41, 'dropout': 0.30245987916522393, 'hidden_continuous_size': 12, 'attention_head_size': 4, 'learning_rate': 0.0010724230458964666}. Best is trial 16 with value: 14.913330078125.
LOCAL_RANK: 0 - CUDA_VISIBLE_DEVICES: [0]
[I 2023-12-16 07:01:30,055] Trial 19 finished with value: 18.661314010620117 and parameters: {'gradient_clip_val': 0.3931942728100558, 'hidden_size': 64, 'dropout': 0.2741606505275783, 'hidden_continuous_size': 35, 'attention_head_size': 4, 'learning_rate': 0.004221822786485718}. Best is trial 16 with value: 14.913330078125.
LOCAL_RANK: 0 - CUDA_VISIBLE_DEVICES: [0]
[I 2023-12-16 07:02:25,686] Trial 20 finished with value: 29.541940689086914 and parameters: {'gradient_clip_val': 0.42109774075777723, 'hidden_size': 73, 'dropout': 0.24195967345743305, 'hidden_continuous_size': 47, 'attention_head_size': 3, 'learning_rate': 0.004297113717207476}. Best is trial 16 with value: 14.913330078125.
LOCAL_RANK: 0 - CUDA_VISIBLE_DEVICES: [0]
[I 2023-12-16 07:03:19,001] Trial 21 finished with value: 16.378049850463867 and parameters: {'gradient_clip_val': 0.32412656637887316, 'hidden_size': 64, 'dropout': 0.27920350704044933, 'hidden_continuous_size': 27, 'attention_head_size': 4, 'learning_rate': 0.001636287732618641}. Best is trial 16 with value: 14.913330078125.
LOCAL_RANK: 0 - CUDA_VISIBLE_DEVICES: [0]
[I 2023-12-16 07:04:13,856] Trial 22 finished with value: 14.279118537902832 and parameters: {'gradient_clip_val': 0.340843568862046, 'hidden_size': 72, 'dropout': 0.25183038054322177, 'hidden_continuous_size': 31, 'attention_head_size': 4, 'learning_rate': 0.0022683436277082265}. Best is trial 22 with value: 14.279118537902832.
LOCAL_RANK: 0 - CUDA_VISIBLE_DEVICES: [0]
[I 2023-12-16 07:05:08,709] Trial 23 finished with value: 17.491209030151367 and parameters: {'gradient_clip_val': 0.3289861851716149, 'hidden_size': 75, 'dropout': 0.23499125382169486, 'hidden_continuous_size': 27, 'attention_head_size': 4, 'learning_rate': 0.0021678124610363426}. Best is trial 22 with value: 14.279118537902832.
LOCAL_RANK: 0 - CUDA_VISIBLE_DEVICES: [0]
[I 2023-12-16 07:06:03,856] Trial 24 finished with value: 19.56968116760254 and parameters: {'gradient_clip_val': 0.5418402801694555, 'hidden_size': 74, 'dropout': 0.25723956381805424, 'hidden_continuous_size': 25, 'attention_head_size': 4, 'learning_rate': 0.0019242407377293013}. Best is trial 22 with value: 14.279118537902832.
LOCAL_RANK: 0 - CUDA_VISIBLE_DEVICES: [0]
[I 2023-12-16 07:06:57,479] Trial 25 finished with value: 16.1240234375 and parameters: {'gradient_clip_val': 0.2882335304742474, 'hidden_size': 57, 'dropout': 0.31694857725816267, 'hidden_continuous_size': 21, 'attention_head_size': 3, 'learning_rate': 0.0009745482815324962}. Best is trial 22 with value: 14.279118537902832.
LOCAL_RANK: 0 - CUDA_VISIBLE_DEVICES: [0]
[I 2023-12-16 07:07:54,628] Trial 26 finished with value: 17.797765731811523 and parameters: {'gradient_clip_val': 0.2154261707896653, 'hidden_size': 98, 'dropout': 0.29882646876575175, 'hidden_continuous_size': 53, 'attention_head_size': 3, 'learning_rate': 0.0008172743408640696}. Best is trial 22 with value: 14.279118537902832.
LOCAL_RANK: 0 - CUDA_VISIBLE_DEVICES: [0]
[I 2023-12-16 07:08:47,021] Trial 27 finished with value: 19.07461929321289 and parameters: {'gradient_clip_val': 0.29140542713187656, 'hidden_size': 38, 'dropout': 0.33145697309504585, 'hidden_continuous_size': 21, 'attention_head_size': 2, 'learning_rate': 0.0009025281520493228}. Best is trial 22 with value: 14.279118537902832.
LOCAL_RANK: 0 - CUDA_VISIBLE_DEVICES: [0]
[I 2023-12-16 07:09:40,608] Trial 28 finished with value: 19.703710556030273 and parameters: {'gradient_clip_val': 0.2814148525720992, 'hidden_size': 56, 'dropout': 0.327098289222051, 'hidden_continuous_size': 32, 'attention_head_size': 3, 'learning_rate': 0.0005160536187443023}. Best is trial 22 with value: 14.279118537902832.
LOCAL_RANK: 0 - CUDA_VISIBLE_DEVICES: [0]
[I 2023-12-16 07:10:32,604] Trial 29 finished with value: 24.78941535949707 and parameters: {'gradient_clip_val': 0.2097458191699479, 'hidden_size': 30, 'dropout': 0.21280101961375142, 'hidden_continuous_size': 22, 'attention_head_size': 3, 'learning_rate': 0.002367374527332509}. Best is trial 22 with value: 14.279118537902832.
LOCAL_RANK: 0 - CUDA_VISIBLE_DEVICES: [0]
[I 2023-12-16 07:11:27,952] Trial 30 finished with value: 28.67523956298828 and parameters: {'gradient_clip_val': 0.3628909114066427, 'hidden_size': 82, 'dropout': 0.29069223521251364, 'hidden_continuous_size': 36, 'attention_head_size': 2, 'learning_rate': 0.0014382797421992625}. Best is trial 22 with value: 14.279118537902832.
LOCAL_RANK: 0 - CUDA_VISIBLE_DEVICES: [0]
[I 2023-12-16 07:12:22,192] Trial 31 finished with value: 21.333311080932617 and parameters: {'gradient_clip_val': 0.3138701895137247, 'hidden_size': 61, 'dropout': 0.2733716654143555, 'hidden_continuous_size': 24, 'attention_head_size': 4, 'learning_rate': 0.001738292350445986}. Best is trial 22 with value: 14.279118537902832.
LOCAL_RANK: 0 - CUDA_VISIBLE_DEVICES: [0]
[I 2023-12-16 07:13:17,758] Trial 32 finished with value: 20.33863067626953 and parameters: {'gradient_clip_val': 0.3446587496232821, 'hidden_size': 78, 'dropout': 0.25569770958449056, 'hidden_continuous_size': 30, 'attention_head_size': 4, 'learning_rate': 0.0008090345010441302}. Best is trial 22 with value: 14.279118537902832.
LOCAL_RANK: 0 - CUDA_VISIBLE_DEVICES: [0]
[I 2023-12-16 07:14:14,686] Trial 33 finished with value: 16.514097213745117 and parameters: {'gradient_clip_val': 0.28654738330722174, 'hidden_size': 97, 'dropout': 0.22427462363067513, 'hidden_continuous_size': 42, 'attention_head_size': 4, 'learning_rate': 0.0014613414242141312}. Best is trial 22 with value: 14.279118537902832.
LOCAL_RANK: 0 - CUDA_VISIBLE_DEVICES: [0]
[I 2023-12-16 07:15:07,490] Trial 34 finished with value: 17.10283088684082 and parameters: {'gradient_clip_val': 0.4344430103420159, 'hidden_size': 53, 'dropout': 0.2450945972548952, 'hidden_continuous_size': 26, 'attention_head_size': 1, 'learning_rate': 0.002707471133619469}. Best is trial 22 with value: 14.279118537902832.
LOCAL_RANK: 0 - CUDA_VISIBLE_DEVICES: [0]
[I 2023-12-16 07:16:02,051] Trial 35 finished with value: 20.02174186706543 and parameters: {'gradient_clip_val': 0.5919622712108767, 'hidden_size': 67, 'dropout': 0.20159534384669958, 'hidden_continuous_size': 32, 'attention_head_size': 4, 'learning_rate': 0.001489887333585599}. Best is trial 22 with value: 14.279118537902832.
LOCAL_RANK: 0 - CUDA_VISIBLE_DEVICES: [0]
[I 2023-12-16 07:16:55,073] Trial 36 finished with value: 19.88149070739746 and parameters: {'gradient_clip_val': 0.24473226045171917, 'hidden_size': 41, 'dropout': 0.275820332789727, 'hidden_continuous_size': 18, 'attention_head_size': 3, 'learning_rate': 0.0006792930249968892}. Best is trial 22 with value: 14.279118537902832.
LOCAL_RANK: 0 - CUDA_VISIBLE_DEVICES: [0]
[I 2023-12-16 07:17:50,148] Trial 37 finished with value: 17.64507484436035 and parameters: {'gradient_clip_val': 0.3173000913039054, 'hidden_size': 83, 'dropout': 0.26238446761801965, 'hidden_continuous_size': 24, 'attention_head_size': 4, 'learning_rate': 0.0010272768982222955}. Best is trial 22 with value: 14.279118537902832.
LOCAL_RANK: 0 - CUDA_VISIBLE_DEVICES: [0]
[I 2023-12-16 07:18:42,506] Trial 38 finished with value: 19.6287784576416 and parameters: {'gradient_clip_val': 0.39370845764071216, 'hidden_size': 48, 'dropout': 0.29905048768951664, 'hidden_continuous_size': 17, 'attention_head_size': 3, 'learning_rate': 0.002583110305384511}. Best is trial 22 with value: 14.279118537902832.
LOCAL_RANK: 0 - CUDA_VISIBLE_DEVICES: [0]
[I 2023-12-16 07:19:38,628] Trial 39 finished with value: 22.08915138244629 and parameters: {'gradient_clip_val': 0.4745352447222823, 'hidden_size': 85, 'dropout': 0.2239034069895061, 'hidden_continuous_size': 37, 'attention_head_size': 4, 'learning_rate': 0.000712056682023116}. Best is trial 22 with value: 14.279118537902832.
LOCAL_RANK: 0 - CUDA_VISIBLE_DEVICES: [0]
[I 2023-12-16 07:20:32,443] Trial 40 finished with value: 24.37523651123047 and parameters: {'gradient_clip_val': 0.2681648482812583, 'hidden_size': 60, 'dropout': 0.28444646280318736, 'hidden_continuous_size': 32, 'attention_head_size': 3, 'learning_rate': 0.0012167511730968282}. Best is trial 22 with value: 14.279118537902832.
LOCAL_RANK: 0 - CUDA_VISIBLE_DEVICES: [0]
[I 2023-12-16 07:21:28,155] Trial 41 finished with value: 15.841944694519043 and parameters: {'gradient_clip_val': 0.29516761479224035, 'hidden_size': 96, 'dropout': 0.2240702796203086, 'hidden_continuous_size': 43, 'attention_head_size': 4, 'learning_rate': 0.0016137745669155552}. Best is trial 22 with value: 14.279118537902832.
LOCAL_RANK: 0 - CUDA_VISIBLE_DEVICES: [0]
[I 2023-12-16 07:22:25,148] Trial 42 finished with value: 21.36562156677246 and parameters: {'gradient_clip_val': 0.3008228406516633, 'hidden_size': 97, 'dropout': 0.23772648724661824, 'hidden_continuous_size': 51, 'attention_head_size': 4, 'learning_rate': 0.0016794073515642393}. Best is trial 22 with value: 14.279118537902832.
LOCAL_RANK: 0 - CUDA_VISIBLE_DEVICES: [0]
[I 2023-12-16 07:23:20,539] Trial 43 finished with value: 20.753982543945312 and parameters: {'gradient_clip_val': 0.34718852486495194, 'hidden_size': 70, 'dropout': 0.253429864980948, 'hidden_continuous_size': 40, 'attention_head_size': 4, 'learning_rate': 0.0009841543351556223}. Best is trial 22 with value: 14.279118537902832.
LOCAL_RANK: 0 - CUDA_VISIBLE_DEVICES: [0]
[I 2023-12-16 07:24:14,388] Trial 44 finished with value: 22.250280380249023 and parameters: {'gradient_clip_val': 0.2578940965127655, 'hidden_size': 54, 'dropout': 0.1944883785091878, 'hidden_continuous_size': 28, 'attention_head_size': 4, 'learning_rate': 0.0005095905026011959}. Best is trial 22 with value: 14.279118537902832.
LOCAL_RANK: 0 - CUDA_VISIBLE_DEVICES: [0]
[I 2023-12-16 07:25:09,448] Trial 45 finished with value: 20.82234764099121 and parameters: {'gradient_clip_val': 0.37489866989260207, 'hidden_size': 85, 'dropout': 0.21417982521112344, 'hidden_continuous_size': 19, 'attention_head_size': 4, 'learning_rate': 0.0012986244143764784}. Best is trial 22 with value: 14.279118537902832.
LOCAL_RANK: 0 - CUDA_VISIBLE_DEVICES: [0]
[I 2023-12-16 07:26:03,885] Trial 46 finished with value: 22.17264747619629 and parameters: {'gradient_clip_val': 0.23083114755707393, 'hidden_size': 69, 'dropout': 0.2648162208891146, 'hidden_continuous_size': 23, 'attention_head_size': 4, 'learning_rate': 0.003057806904502483}. Best is trial 22 with value: 14.279118537902832.
LOCAL_RANK: 0 - CUDA_VISIBLE_DEVICES: [0]
[I 2023-12-16 07:27:00,473] Trial 47 finished with value: 17.845279693603516 and parameters: {'gradient_clip_val': 0.2820409891359493, 'hidden_size': 100, 'dropout': 0.2274022958193911, 'hidden_continuous_size': 60, 'attention_head_size': 3, 'learning_rate': 0.0019628028329036523}. Best is trial 22 with value: 14.279118537902832.
LOCAL_RANK: 0 - CUDA_VISIBLE_DEVICES: [0]
[I 2023-12-16 07:27:56,611] Trial 48 finished with value: 16.769737243652344 and parameters: {'gradient_clip_val': 0.25426934491931974, 'hidden_size': 86, 'dropout': 0.20733395501948343, 'hidden_continuous_size': 40, 'attention_head_size': 4, 'learning_rate': 0.0017678985268101224}. Best is trial 22 with value: 14.279118537902832.
LOCAL_RANK: 0 - CUDA_VISIBLE_DEVICES: [0]
[I 2023-12-16 07:28:50,490] Trial 49 finished with value: 17.66333770751953 and parameters: {'gradient_clip_val': 0.1932577246338677, 'hidden_size': 71, 'dropout': 0.24635936203225903, 'hidden_continuous_size': 34, 'attention_head_size': 1, 'learning_rate': 0.0006649299689402406}. Best is trial 22 with value: 14.279118537902832.
[I 2023-12-16 07:28:50,584] A new study created in memory with name: no-name-fd257549-8808-40c5-9deb-827a6f3f13dd
/home/le004/conda/anaconda3/envs/tsff_env/lib/python3.9/site-packages/lightning/fabric/plugins/environments/slurm.py:191: The `srun` command is available on your system but is not used. HINT: If your intention is to run Lightning on SLURM, prepend your python command with `srun` like so: srun python /home/le004/master_thesis/git/TSFusionForecast/code/ ...
LOCAL_RANK: 0 - CUDA_VISIBLE_DEVICES: [0]
[I 2023-12-16 07:29:36,453] Trial 0 finished with value: 137.8439178466797 and parameters: {'gradient_clip_val': 0.10552856323595068, 'hidden_size': 13, 'dropout': 0.2251957499198986, 'hidden_continuous_size': 5, 'attention_head_size': 3, 'learning_rate': 0.004077936832720844}. Best is trial 0 with value: 137.8439178466797.
LOCAL_RANK: 0 - CUDA_VISIBLE_DEVICES: [0]
[I 2023-12-16 07:30:10,438] Trial 1 finished with value: 187.7491912841797 and parameters: {'gradient_clip_val': 0.11481332175543414, 'hidden_size': 12, 'dropout': 0.1516254014064259, 'hidden_continuous_size': 12, 'attention_head_size': 2, 'learning_rate': 0.008924732880417889}. Best is trial 0 with value: 137.8439178466797.
LOCAL_RANK: 0 - CUDA_VISIBLE_DEVICES: [0]
[I 2023-12-16 07:30:45,167] Trial 2 finished with value: 118.8429946899414 and parameters: {'gradient_clip_val': 0.3279514301531465, 'hidden_size': 5, 'dropout': 0.2255388478548685, 'hidden_continuous_size': 5, 'attention_head_size': 2, 'learning_rate': 0.009129926283635348}. Best is trial 2 with value: 118.8429946899414.
LOCAL_RANK: 0 - CUDA_VISIBLE_DEVICES: [0]
[I 2023-12-16 07:31:37,994] Trial 3 finished with value: 190.32958984375 and parameters: {'gradient_clip_val': 0.6058830333113215, 'hidden_size': 59, 'dropout': 0.20032042379247417, 'hidden_continuous_size': 10, 'attention_head_size': 2, 'learning_rate': 0.004488848328353952}. Best is trial 2 with value: 118.8429946899414.
LOCAL_RANK: 0 - CUDA_VISIBLE_DEVICES: [0]
[I 2023-12-16 07:32:12,680] Trial 4 finished with value: 130.4056854248047 and parameters: {'gradient_clip_val': 0.2573375675941741, 'hidden_size': 5, 'dropout': 0.199979867848055, 'hidden_continuous_size': 5, 'attention_head_size': 3, 'learning_rate': 0.050543627892981474}. Best is trial 2 with value: 118.8429946899414.
LOCAL_RANK: 0 - CUDA_VISIBLE_DEVICES: [0]
[I 2023-12-16 07:33:08,136] Trial 5 finished with value: 144.17111206054688 and parameters: {'gradient_clip_val': 0.8553152093060424, 'hidden_size': 79, 'dropout': 0.19489661136694747, 'hidden_continuous_size': 33, 'attention_head_size': 4, 'learning_rate': 0.001331118799065656}. Best is trial 2 with value: 118.8429946899414.
LOCAL_RANK: 0 - CUDA_VISIBLE_DEVICES: [0]
[I 2023-12-16 07:34:00,837] Trial 6 finished with value: 178.4318084716797 and parameters: {'gradient_clip_val': 0.7886073927242722, 'hidden_size': 66, 'dropout': 0.39839189912863393, 'hidden_continuous_size': 7, 'attention_head_size': 3, 'learning_rate': 0.0005422836768943104}. Best is trial 2 with value: 118.8429946899414.
LOCAL_RANK: 0 - CUDA_VISIBLE_DEVICES: [0]
[I 2023-12-16 07:34:49,195] Trial 7 finished with value: 99.3110122680664 and parameters: {'gradient_clip_val': 0.12510661479602117, 'hidden_size': 32, 'dropout': 0.18897204224668437, 'hidden_continuous_size': 12, 'attention_head_size': 2, 'learning_rate': 0.0011389044964492982}. Best is trial 7 with value: 99.3110122680664.
LOCAL_RANK: 0 - CUDA_VISIBLE_DEVICES: [0]
[I 2023-12-16 07:35:33,822] Trial 8 finished with value: 172.01551818847656 and parameters: {'gradient_clip_val': 0.34212710310429106, 'hidden_size': 8, 'dropout': 0.3019137025648164, 'hidden_continuous_size': 6, 'attention_head_size': 3, 'learning_rate': 0.049851099340330086}. Best is trial 7 with value: 99.3110122680664.
LOCAL_RANK: 0 - CUDA_VISIBLE_DEVICES: [0]
