[I 2023-12-26 16:59:07,770] Trial 49 finished with value: 1.6995841264724731 and parameters: {'gradient_clip_val': 0.13399091388087297, 'hidden_size': 82, 'dropout': 0.22526552611501122, 'hidden_continuous_size': 38, 'attention_head_size': 4, 'learning_rate': 0.07453547285021621}. Best is trial 0 with value: 0.053717244416475296.
[I 2023-12-26 16:59:07,898] A new study created in memory with name: no-name-d2a74227-7640-4a79-a128-f4584877946f
/home/le004/conda/anaconda3/envs/tsff_env/lib/python3.9/site-packages/lightning/fabric/plugins/environments/slurm.py:191: The `srun` command is available on your system but is not used. HINT: If your intention is to run Lightning on SLURM, prepend your python command with `srun` like so: srun python /home/le004/master_thesis/git/TSFusionForecast/code/ ...
[I 2023-12-26 17:08:49,479] Trial 0 finished with value: 0.060985881835222244 and parameters: {'gradient_clip_val': 0.31684696249431793, 'hidden_size': 62, 'dropout': 0.30266514072748985, 'hidden_continuous_size': 11, 'attention_head_size': 4, 'learning_rate': 0.0045631675710919705}. Best is trial 0 with value: 0.060985881835222244.
[I 2023-12-26 17:08:55,685] Trial 1 finished with value: 2.104051351547241 and parameters: {'gradient_clip_val': 0.14097071434156802, 'hidden_size': 102, 'dropout': 0.45192616172307376, 'hidden_continuous_size': 12, 'attention_head_size': 4, 'learning_rate': 0.022808979333404464}. Best is trial 0 with value: 0.060985881835222244.
[I 2023-12-26 17:09:04,712] Trial 2 finished with value: 3.6802873611450195 and parameters: {'gradient_clip_val': 0.45940700722067096, 'hidden_size': 145, 'dropout': 0.10138817721889004, 'hidden_continuous_size': 5, 'attention_head_size': 1, 'learning_rate': 0.002555038357853188}. Best is trial 0 with value: 0.060985881835222244.
[I 2023-12-26 17:09:07,427] Trial 3 finished with value: 3.8431711196899414 and parameters: {'gradient_clip_val': 0.23608781419788788, 'hidden_size': 40, 'dropout': 0.3874676396625222, 'hidden_continuous_size': 22, 'attention_head_size': 1, 'learning_rate': 0.022520354731953064}. Best is trial 0 with value: 0.060985881835222244.
[I 2023-12-26 17:09:10,985] Trial 4 finished with value: 3.2951886653900146 and parameters: {'gradient_clip_val': 0.1377226252833754, 'hidden_size': 58, 'dropout': 0.44960496696636, 'hidden_continuous_size': 58, 'attention_head_size': 1, 'learning_rate': 0.002761803085333385}. Best is trial 0 with value: 0.060985881835222244.
[I 2023-12-26 17:09:12,919] Trial 5 finished with value: 2.888737440109253 and parameters: {'gradient_clip_val': 0.7617158704923831, 'hidden_size': 7, 'dropout': 0.1513554011657015, 'hidden_continuous_size': 6, 'attention_head_size': 3, 'learning_rate': 0.02454588553642814}. Best is trial 0 with value: 0.060985881835222244.
[I 2023-12-26 17:09:16,006] Trial 6 finished with value: 3.7412221431732178 and parameters: {'gradient_clip_val': 0.1334780194748511, 'hidden_size': 50, 'dropout': 0.320031607007369, 'hidden_continuous_size': 16, 'attention_head_size': 3, 'learning_rate': 0.002343535832868866}. Best is trial 0 with value: 0.060985881835222244.
[I 2023-12-26 17:09:17,956] Trial 7 finished with value: 3.8918893337249756 and parameters: {'gradient_clip_val': 0.22699256061093429, 'hidden_size': 10, 'dropout': 0.2517754126525311, 'hidden_continuous_size': 6, 'attention_head_size': 1, 'learning_rate': 0.010054478613040445}. Best is trial 0 with value: 0.060985881835222244.
[I 2023-12-26 17:09:19,852] Trial 8 finished with value: 2.9669761657714844 and parameters: {'gradient_clip_val': 0.19544349201170422, 'hidden_size': 7, 'dropout': 0.4549553761866063, 'hidden_continuous_size': 5, 'attention_head_size': 2, 'learning_rate': 0.09129265677465884}. Best is trial 0 with value: 0.060985881835222244.
[I 2023-12-26 17:09:22,274] Trial 9 finished with value: 3.471529245376587 and parameters: {'gradient_clip_val': 0.21032321451098543, 'hidden_size': 28, 'dropout': 0.3920547746580293, 'hidden_continuous_size': 7, 'attention_head_size': 4, 'learning_rate': 0.0009050663540551702}. Best is trial 0 with value: 0.060985881835222244.
[I 2023-12-26 17:09:24,475] Trial 10 finished with value: 2.1423604488372803 and parameters: {'gradient_clip_val': 0.39534940720258754, 'hidden_size': 15, 'dropout': 0.24350211370128813, 'hidden_continuous_size': 9, 'attention_head_size': 4, 'learning_rate': 0.0006082515156900373}. Best is trial 0 with value: 0.060985881835222244.
[I 2023-12-26 17:09:31,208] Trial 11 finished with value: 2.69930362701416 and parameters: {'gradient_clip_val': 0.10634885388397812, 'hidden_size': 108, 'dropout': 0.48442496871039564, 'hidden_continuous_size': 14, 'attention_head_size': 4, 'learning_rate': 0.00795461933142654}. Best is trial 0 with value: 0.060985881835222244.
[I 2023-12-26 17:09:36,077] Trial 12 finished with value: 2.5158371925354004 and parameters: {'gradient_clip_val': 0.34128197032413826, 'hidden_size': 82, 'dropout': 0.34307742983794665, 'hidden_continuous_size': 10, 'attention_head_size': 3, 'learning_rate': 0.018455541333498374}. Best is trial 0 with value: 0.060985881835222244.
[I 2023-12-26 17:09:41,106] Trial 13 finished with value: 2.821042776107788 and parameters: {'gradient_clip_val': 0.5157661963820572, 'hidden_size': 81, 'dropout': 0.4899669132609959, 'hidden_continuous_size': 21, 'attention_head_size': 4, 'learning_rate': 0.005036009139126439}. Best is trial 0 with value: 0.060985881835222244.
[I 2023-12-26 17:09:49,890] Trial 14 finished with value: 1.7357181310653687 and parameters: {'gradient_clip_val': 0.28690971365218854, 'hidden_size': 135, 'dropout': 0.3970486211441364, 'hidden_continuous_size': 39, 'attention_head_size': 2, 'learning_rate': 0.061511321521098276}. Best is trial 0 with value: 0.060985881835222244.
[I 2023-12-26 17:09:58,995] Trial 15 finished with value: 1.8696383237838745 and parameters: {'gradient_clip_val': 0.31221664775483876, 'hidden_size': 143, 'dropout': 0.2785792530701869, 'hidden_continuous_size': 41, 'attention_head_size': 2, 'learning_rate': 0.09935382917529152}. Best is trial 0 with value: 0.060985881835222244.
[I 2023-12-26 17:10:02,663] Trial 16 finished with value: 2.7746899127960205 and parameters: {'gradient_clip_val': 0.5459392289262512, 'hidden_size': 64, 'dropout': 0.36754341727390916, 'hidden_continuous_size': 27, 'attention_head_size': 2, 'learning_rate': 0.05040918246483194}. Best is trial 0 with value: 0.060985881835222244.
[I 2023-12-26 17:10:05,640] Trial 17 finished with value: 2.278116464614868 and parameters: {'gradient_clip_val': 0.29014236188358683, 'hidden_size': 45, 'dropout': 0.305439930733348, 'hidden_continuous_size': 9, 'attention_head_size': 3, 'learning_rate': 0.04514268391301746}. Best is trial 0 with value: 0.060985881835222244.
[I 2023-12-26 17:10:08,191] Trial 18 finished with value: 3.101419687271118 and parameters: {'gradient_clip_val': 0.9050477835743967, 'hidden_size': 30, 'dropout': 0.3488627709066, 'hidden_continuous_size': 12, 'attention_head_size': 2, 'learning_rate': 0.005365609991346888}. Best is trial 0 with value: 0.060985881835222244.
[I 2023-12-26 17:10:12,632] Trial 19 finished with value: 3.0015571117401123 and parameters: {'gradient_clip_val': 0.3848807719612084, 'hidden_size': 71, 'dropout': 0.40975974301056495, 'hidden_continuous_size': 35, 'attention_head_size': 3, 'learning_rate': 0.012069804291105175}. Best is trial 0 with value: 0.060985881835222244.
[I 2023-12-26 17:10:14,777] Trial 20 finished with value: 2.967273712158203 and parameters: {'gradient_clip_val': 0.2764226693715154, 'hidden_size': 20, 'dropout': 0.4143071932563643, 'hidden_continuous_size': 8, 'attention_head_size': 2, 'learning_rate': 0.011763132561613949}. Best is trial 0 with value: 0.060985881835222244.
[I 2023-12-26 17:10:24,123] Trial 21 finished with value: 2.236494302749634 and parameters: {'gradient_clip_val': 0.30821008694448926, 'hidden_size': 147, 'dropout': 0.25886837043345046, 'hidden_continuous_size': 49, 'attention_head_size': 2, 'learning_rate': 0.08654636769174576}. Best is trial 0 with value: 0.060985881835222244.
[I 2023-12-26 17:10:31,650] Trial 22 finished with value: 1.865442156791687 and parameters: {'gradient_clip_val': 0.25797155895896196, 'hidden_size': 110, 'dropout': 0.2856778028989224, 'hidden_continuous_size': 92, 'attention_head_size': 2, 'learning_rate': 0.04816453125406752}. Best is trial 0 with value: 0.060985881835222244.
[I 2023-12-26 17:10:38,569] Trial 23 finished with value: 2.731325149536133 and parameters: {'gradient_clip_val': 0.2587821885613948, 'hidden_size': 100, 'dropout': 0.31671754714258066, 'hidden_continuous_size': 87, 'attention_head_size': 2, 'learning_rate': 0.04696713217841539}. Best is trial 0 with value: 0.060985881835222244.
[I 2023-12-26 17:10:45,409] Trial 24 finished with value: 1.8779948949813843 and parameters: {'gradient_clip_val': 0.18690590373498972, 'hidden_size': 98, 'dropout': 0.20349978949438527, 'hidden_continuous_size': 95, 'attention_head_size': 3, 'learning_rate': 0.04432912340613329}. Best is trial 0 with value: 0.060985881835222244.
[I 2023-12-26 17:10:49,345] Trial 25 finished with value: 2.889657735824585 and parameters: {'gradient_clip_val': 0.35160471249308944, 'hidden_size': 63, 'dropout': 0.29739760563139434, 'hidden_continuous_size': 34, 'attention_head_size': 2, 'learning_rate': 0.03249489187632857}. Best is trial 0 with value: 0.060985881835222244.
[I 2023-12-26 17:10:52,250] Trial 26 finished with value: 2.3487792015075684 and parameters: {'gradient_clip_val': 0.26270888687939065, 'hidden_size': 37, 'dropout': 0.33452877656664703, 'hidden_continuous_size': 18, 'attention_head_size': 1, 'learning_rate': 0.06075619728763851}. Best is trial 0 with value: 0.060985881835222244.
[I 2023-12-26 17:10:55,545] Trial 27 finished with value: 3.350674629211426 and parameters: {'gradient_clip_val': 0.17665058623136443, 'hidden_size': 52, 'dropout': 0.3625637395670328, 'hidden_continuous_size': 26, 'attention_head_size': 3, 'learning_rate': 0.015450002347979266}. Best is trial 0 with value: 0.060985881835222244.
[I 2023-12-26 17:11:03,912] Trial 28 finished with value: 1.39511239528656 and parameters: {'gradient_clip_val': 0.2412570501016559, 'hidden_size': 123, 'dropout': 0.2843160663799526, 'hidden_continuous_size': 123, 'attention_head_size': 2, 'learning_rate': 0.028356122247439886}. Best is trial 0 with value: 0.060985881835222244.
[I 2023-12-26 17:11:09,415] Trial 29 finished with value: 2.3138625621795654 and parameters: {'gradient_clip_val': 0.16915460485115247, 'hidden_size': 83, 'dropout': 0.32741328469351416, 'hidden_continuous_size': 65, 'attention_head_size': 4, 'learning_rate': 0.03141839795880152}. Best is trial 0 with value: 0.060985881835222244.
[I 2023-12-26 17:11:17,817] Trial 30 finished with value: 1.9045459032058716 and parameters: {'gradient_clip_val': 0.2204693076236274, 'hidden_size': 120, 'dropout': 0.3711869642970884, 'hidden_continuous_size': 111, 'attention_head_size': 2, 'learning_rate': 0.029168874974208867}. Best is trial 0 with value: 0.060985881835222244.
[I 2023-12-26 17:11:25,665] Trial 31 finished with value: 3.2297022342681885 and parameters: {'gradient_clip_val': 0.25088923028622684, 'hidden_size': 118, 'dropout': 0.28745700826072135, 'hidden_continuous_size': 78, 'attention_head_size': 2, 'learning_rate': 0.017471255310286152}. Best is trial 0 with value: 0.060985881835222244.
[I 2023-12-26 17:11:36,525] Trial 32 finished with value: 1.6857815980911255 and parameters: {'gradient_clip_val': 0.28879593792158526, 'hidden_size': 150, 'dropout': 0.27791117651108416, 'hidden_continuous_size': 146, 'attention_head_size': 2, 'learning_rate': 0.06688112284379318}. Best is trial 0 with value: 0.060985881835222244.
[I 2023-12-26 17:11:46,380] Trial 33 finished with value: 2.6968648433685303 and parameters: {'gradient_clip_val': 0.31759517902023765, 'hidden_size': 145, 'dropout': 0.22629155730686673, 'hidden_continuous_size': 145, 'attention_head_size': 1, 'learning_rate': 0.06671478017052544}. Best is trial 0 with value: 0.060985881835222244.
[I 2023-12-26 17:11:52,783] Trial 34 finished with value: 2.927819013595581 and parameters: {'gradient_clip_val': 0.4167200812237057, 'hidden_size': 86, 'dropout': 0.2758024755618675, 'hidden_continuous_size': 56, 'attention_head_size': 1, 'learning_rate': 0.035029527562372584}. Best is trial 0 with value: 0.060985881835222244.
[I 2023-12-26 17:12:05,383] Trial 35 finished with value: 1.9337342977523804 and parameters: {'gradient_clip_val': 0.22586257580334163, 'hidden_size': 150, 'dropout': 0.3111055270662621, 'hidden_continuous_size': 120, 'attention_head_size': 2, 'learning_rate': 0.06292751631608484}. Best is trial 0 with value: 0.060985881835222244.
[I 2023-12-26 17:12:14,532] Trial 36 finished with value: 2.3441169261932373 and parameters: {'gradient_clip_val': 0.35189905889180884, 'hidden_size': 123, 'dropout': 0.1933380368098671, 'hidden_continuous_size': 77, 'attention_head_size': 3, 'learning_rate': 0.022073842589416186}. Best is trial 0 with value: 0.060985881835222244.
[I 2023-12-26 17:12:20,263] Trial 37 finished with value: 2.5428168773651123 and parameters: {'gradient_clip_val': 0.28825792638627046, 'hidden_size': 69, 'dropout': 0.2691633990984901, 'hidden_continuous_size': 45, 'attention_head_size': 1, 'learning_rate': 0.06723507343169603}. Best is trial 0 with value: 0.060985881835222244.
[I 2023-12-26 17:12:26,620] Trial 38 finished with value: 2.8450887203216553 and parameters: {'gradient_clip_val': 0.44611295177378485, 'hidden_size': 91, 'dropout': 0.30579275240670156, 'hidden_continuous_size': 64, 'attention_head_size': 2, 'learning_rate': 0.025959122803323218}. Best is trial 0 with value: 0.060985881835222244.
[I 2023-12-26 17:12:31,319] Trial 39 finished with value: 2.79913330078125 and parameters: {'gradient_clip_val': 0.23367728046408232, 'hidden_size': 56, 'dropout': 0.23627815897051455, 'hidden_continuous_size': 44, 'attention_head_size': 3, 'learning_rate': 0.03753141125545428}. Best is trial 0 with value: 0.060985881835222244.
[I 2023-12-26 17:12:41,046] Trial 40 finished with value: 1.535759449005127 and parameters: {'gradient_clip_val': 0.20281456895991692, 'hidden_size': 121, 'dropout': 0.33152542788669614, 'hidden_continuous_size': 77, 'attention_head_size': 1, 'learning_rate': 0.07699726626888234}. Best is trial 0 with value: 0.060985881835222244.
[I 2023-12-26 17:12:50,879] Trial 41 finished with value: 2.55037260055542 and parameters: {'gradient_clip_val': 0.16218190057884457, 'hidden_size': 124, 'dropout': 0.3332866706854895, 'hidden_continuous_size': 105, 'attention_head_size': 1, 'learning_rate': 0.08005893976958625}. Best is trial 0 with value: 0.060985881835222244.
[I 2023-12-26 17:12:58,069] Trial 42 finished with value: 1.4689970016479492 and parameters: {'gradient_clip_val': 0.20695619398334666, 'hidden_size': 99, 'dropout': 0.2971555553221956, 'hidden_continuous_size': 75, 'attention_head_size': 1, 'learning_rate': 0.09726959425766245}. Best is trial 0 with value: 0.060985881835222244.
[I 2023-12-26 17:13:06,222] Trial 43 finished with value: 2.1504204273223877 and parameters: {'gradient_clip_val': 0.18947844339312753, 'hidden_size': 102, 'dropout': 0.2656127770920208, 'hidden_continuous_size': 75, 'attention_head_size': 1, 'learning_rate': 0.0960331455430097}. Best is trial 0 with value: 0.060985881835222244.
[I 2023-12-26 17:13:15,256] Trial 44 finished with value: 2.031104326248169 and parameters: {'gradient_clip_val': 0.20555782701795453, 'hidden_size': 108, 'dropout': 0.3169044025177902, 'hidden_continuous_size': 70, 'attention_head_size': 1, 'learning_rate': 0.07404099460848905}. Best is trial 0 with value: 0.060985881835222244.
[I 2023-12-26 17:13:21,347] Trial 45 finished with value: 2.1204264163970947 and parameters: {'gradient_clip_val': 0.21247803495225026, 'hidden_size': 77, 'dropout': 0.2995856894502847, 'hidden_continuous_size': 59, 'attention_head_size': 1, 'learning_rate': 0.07554445483585752}. Best is trial 0 with value: 0.060985881835222244.
[I 2023-12-26 17:13:30,041] Trial 46 finished with value: 1.6139994859695435 and parameters: {'gradient_clip_val': 0.23518390651358126, 'hidden_size': 90, 'dropout': 0.2541284835878402, 'hidden_continuous_size': 68, 'attention_head_size': 1, 'learning_rate': 0.09959100148646194}. Best is trial 0 with value: 0.060985881835222244.
[I 2023-12-26 17:13:38,276] Trial 47 finished with value: 1.8727718591690063 and parameters: {'gradient_clip_val': 0.1520517328249003, 'hidden_size': 92, 'dropout': 0.25724720289436825, 'hidden_continuous_size': 54, 'attention_head_size': 1, 'learning_rate': 0.0940495648440179}. Best is trial 0 with value: 0.060985881835222244.
[I 2023-12-26 17:13:45,066] Trial 48 finished with value: 4.298425197601318 and parameters: {'gradient_clip_val': 0.20198949370975078, 'hidden_size': 75, 'dropout': 0.3444991491838902, 'hidden_continuous_size': 51, 'attention_head_size': 1, 'learning_rate': 0.0547851758764283}. Best is trial 0 with value: 0.060985881835222244.
[I 2023-12-26 17:13:50,517] Trial 49 finished with value: 2.180137872695923 and parameters: {'gradient_clip_val': 0.2328916400179899, 'hidden_size': 58, 'dropout': 0.24364902860071141, 'hidden_continuous_size': 49, 'attention_head_size': 1, 'learning_rate': 0.04030111119614447}. Best is trial 0 with value: 0.060985881835222244.
[I 2023-12-26 17:13:50,665] A new study created in memory with name: no-name-01dadcbd-73bc-430e-acc8-4592b352de11
/home/le004/conda/anaconda3/envs/tsff_env/lib/python3.9/site-packages/lightning/fabric/plugins/environments/slurm.py:191: The `srun` command is available on your system but is not used. HINT: If your intention is to run Lightning on SLURM, prepend your python command with `srun` like so: srun python /home/le004/master_thesis/git/TSFusionForecast/code/ ...
[I 2023-12-26 17:19:13,444] Trial 0 finished with value: 0.07404681295156479 and parameters: {'gradient_clip_val': 0.10869772838569032, 'hidden_size': 18, 'dropout': 0.4936086958988558, 'hidden_continuous_size': 14, 'attention_head_size': 4, 'learning_rate': 0.002510983476992802}. Best is trial 0 with value: 0.07404681295156479.
[I 2023-12-26 17:19:15,453] Trial 1 finished with value: 2.3989455699920654 and parameters: {'gradient_clip_val': 0.3092616328018913, 'hidden_size': 10, 'dropout': 0.3774656900682237, 'hidden_continuous_size': 5, 'attention_head_size': 2, 'learning_rate': 0.0005210278128623241}. Best is trial 0 with value: 0.07404681295156479.
[I 2023-12-26 17:19:17,895] Trial 2 finished with value: 2.348118782043457 and parameters: {'gradient_clip_val': 0.5947056805171642, 'hidden_size': 30, 'dropout': 0.14277250324303825, 'hidden_continuous_size': 6, 'attention_head_size': 1, 'learning_rate': 0.0009633506141296593}. Best is trial 0 with value: 0.07404681295156479.
[I 2023-12-26 17:19:25,196] Trial 3 finished with value: 2.444145441055298 and parameters: {'gradient_clip_val': 0.11684382642169154, 'hidden_size': 116, 'dropout': 0.19277648627808952, 'hidden_continuous_size': 29, 'attention_head_size': 1, 'learning_rate': 0.06340592270186296}. Best is trial 0 with value: 0.07404681295156479.
[I 2023-12-26 17:19:27,646] Trial 4 finished with value: 2.8270912170410156 and parameters: {'gradient_clip_val': 0.21423936461027604, 'hidden_size': 28, 'dropout': 0.3659923530743452, 'hidden_continuous_size': 9, 'attention_head_size': 4, 'learning_rate': 0.05382431208354059}. Best is trial 0 with value: 0.07404681295156479.
[I 2023-12-26 17:19:30,111] Trial 5 finished with value: 2.9186134338378906 and parameters: {'gradient_clip_val': 0.8889598738969628, 'hidden_size': 27, 'dropout': 0.30240273955489105, 'hidden_continuous_size': 19, 'attention_head_size': 2, 'learning_rate': 0.000533964365481087}. Best is trial 0 with value: 0.07404681295156479.
[I 2023-12-26 17:19:32,023] Trial 6 finished with value: 2.6577064990997314 and parameters: {'gradient_clip_val': 0.7083175357293088, 'hidden_size': 7, 'dropout': 0.4104257207350407, 'hidden_continuous_size': 5, 'attention_head_size': 2, 'learning_rate': 0.0035261406285687804}. Best is trial 0 with value: 0.07404681295156479.
[I 2023-12-26 17:19:34,682] Trial 7 finished with value: 2.5456812381744385 and parameters: {'gradient_clip_val': 0.8522391414182033, 'hidden_size': 35, 'dropout': 0.4059270859876737, 'hidden_continuous_size': 10, 'attention_head_size': 2, 'learning_rate': 0.0033524268616933945}. Best is trial 0 with value: 0.07404681295156479.
[I 2023-12-26 17:19:36,671] Trial 8 finished with value: 2.3615798950195312 and parameters: {'gradient_clip_val': 0.15608916775766035, 'hidden_size': 7, 'dropout': 0.45493989623453124, 'hidden_continuous_size': 6, 'attention_head_size': 4, 'learning_rate': 0.009286860858256363}. Best is trial 0 with value: 0.07404681295156479.
[I 2023-12-26 17:19:38,932] Trial 9 finished with value: 2.7618720531463623 and parameters: {'gradient_clip_val': 0.1519121159328383, 'hidden_size': 13, 'dropout': 0.18327810535202876, 'hidden_continuous_size': 6, 'attention_head_size': 2, 'learning_rate': 0.0005479983385634918}. Best is trial 0 with value: 0.07404681295156479.
[I 2023-12-26 17:19:40,933] Trial 10 finished with value: 2.138267755508423 and parameters: {'gradient_clip_val': 0.10368672802032464, 'hidden_size': 16, 'dropout': 0.4961507922718371, 'hidden_continuous_size': 11, 'attention_head_size': 3, 'learning_rate': 0.012070754790806706}. Best is trial 0 with value: 0.07404681295156479.
[I 2023-12-26 17:19:43,138] Trial 11 finished with value: 2.80544376373291 and parameters: {'gradient_clip_val': 0.10272920522485249, 'hidden_size': 15, 'dropout': 0.49058700694391766, 'hidden_continuous_size': 11, 'attention_head_size': 3, 'learning_rate': 0.010363230978159636}. Best is trial 0 with value: 0.07404681295156479.
