[I 2023-12-26 17:19:33,539] Trial 11 finished with value: 16127.1904296875 and parameters: {'gradient_clip_val': 0.12536759816111548, 'hidden_size': 51, 'dropout': 0.20123733137023717, 'hidden_continuous_size': 8, 'attention_head_size': 1, 'learning_rate': 0.0896120529766221}. Best is trial 0 with value: 5354.05517578125.
[I 2023-12-26 17:19:36,181] Trial 12 finished with value: 13859.4013671875 and parameters: {'gradient_clip_val': 0.12068202747949996, 'hidden_size': 18, 'dropout': 0.3472484835950437, 'hidden_continuous_size': 6, 'attention_head_size': 2, 'learning_rate': 0.027962339890233723}. Best is trial 0 with value: 5354.05517578125.
[I 2023-12-26 17:19:41,409] Trial 13 finished with value: 14503.4697265625 and parameters: {'gradient_clip_val': 0.10479885158122178, 'hidden_size': 61, 'dropout': 0.3612884223979467, 'hidden_continuous_size': 9, 'attention_head_size': 1, 'learning_rate': 0.09455759171425965}. Best is trial 0 with value: 5354.05517578125.
[I 2023-12-26 17:19:43,532] Trial 14 finished with value: 10775.609375 and parameters: {'gradient_clip_val': 0.2331142351438809, 'hidden_size': 5, 'dropout': 0.4982625541259772, 'hidden_continuous_size': 5, 'attention_head_size': 2, 'learning_rate': 0.030726534630277833}. Best is trial 0 with value: 5354.05517578125.
[I 2023-12-26 17:19:45,676] Trial 15 finished with value: 18839.845703125 and parameters: {'gradient_clip_val': 0.25950363648070485, 'hidden_size': 5, 'dropout': 0.4658580797014926, 'hidden_continuous_size': 5, 'attention_head_size': 2, 'learning_rate': 0.018787214077593876}. Best is trial 0 with value: 5354.05517578125.
[I 2023-12-26 17:19:47,953] Trial 16 finished with value: 15779.1015625 and parameters: {'gradient_clip_val': 0.5972455384281743, 'hidden_size': 8, 'dropout': 0.4865707811339163, 'hidden_continuous_size': 5, 'attention_head_size': 2, 'learning_rate': 0.010909219548464423}. Best is trial 0 with value: 5354.05517578125.
[I 2023-12-26 17:19:50,559] Trial 17 finished with value: 17950.173828125 and parameters: {'gradient_clip_val': 0.2562420390504513, 'hidden_size': 14, 'dropout': 0.41525599733283025, 'hidden_continuous_size': 6, 'attention_head_size': 3, 'learning_rate': 0.03462994394257544}. Best is trial 0 with value: 5354.05517578125.
[I 2023-12-26 17:19:53,305] Trial 18 finished with value: 15413.5947265625 and parameters: {'gradient_clip_val': 0.9789327455373136, 'hidden_size': 7, 'dropout': 0.388024274489182, 'hidden_continuous_size': 5, 'attention_head_size': 1, 'learning_rate': 0.009085954406498726}. Best is trial 0 with value: 5354.05517578125.
[I 2023-12-26 17:19:55,433] Trial 19 finished with value: 15937.8837890625 and parameters: {'gradient_clip_val': 0.1831191208291522, 'hidden_size': 5, 'dropout': 0.496942839410814, 'hidden_continuous_size': 5, 'attention_head_size': 2, 'learning_rate': 0.02629893183816657}. Best is trial 0 with value: 5354.05517578125.
[I 2023-12-26 17:19:57,889] Trial 20 finished with value: 19519.046875 and parameters: {'gradient_clip_val': 0.3193947101426674, 'hidden_size': 10, 'dropout': 0.447258595421951, 'hidden_continuous_size': 6, 'attention_head_size': 1, 'learning_rate': 0.037947298486337495}. Best is trial 0 with value: 5354.05517578125.
[I 2023-12-26 17:20:00,491] Trial 21 finished with value: 17657.029296875 and parameters: {'gradient_clip_val': 0.17131431905119532, 'hidden_size': 15, 'dropout': 0.34005028442875107, 'hidden_continuous_size': 6, 'attention_head_size': 1, 'learning_rate': 0.06136324023928326}. Best is trial 0 with value: 5354.05517578125.
[I 2023-12-26 17:20:03,460] Trial 22 finished with value: 17535.076171875 and parameters: {'gradient_clip_val': 0.13390221273793257, 'hidden_size': 23, 'dropout': 0.31001594403868993, 'hidden_continuous_size': 7, 'attention_head_size': 1, 'learning_rate': 0.05866822028110694}. Best is trial 0 with value: 5354.05517578125.
[I 2023-12-26 17:20:05,747] Trial 23 finished with value: 17748.107421875 and parameters: {'gradient_clip_val': 0.15014074219744325, 'hidden_size': 7, 'dropout': 0.2382451133628036, 'hidden_continuous_size': 5, 'attention_head_size': 2, 'learning_rate': 0.022158981245405197}. Best is trial 0 with value: 5354.05517578125.
[I 2023-12-26 17:20:08,411] Trial 24 finished with value: 18778.509765625 and parameters: {'gradient_clip_val': 0.21756881737989106, 'hidden_size': 18, 'dropout': 0.4201429663047442, 'hidden_continuous_size': 6, 'attention_head_size': 1, 'learning_rate': 0.04100772260028515}. Best is trial 0 with value: 5354.05517578125.
[I 2023-12-26 17:20:10,918] Trial 25 finished with value: 12638.2470703125 and parameters: {'gradient_clip_val': 0.2101880826337074, 'hidden_size': 10, 'dropout': 0.30208963072004386, 'hidden_continuous_size': 5, 'attention_head_size': 2, 'learning_rate': 0.023651716721610365}. Best is trial 0 with value: 5354.05517578125.
[I 2023-12-26 17:20:13,026] Trial 26 finished with value: 17873.580078125 and parameters: {'gradient_clip_val': 0.10174967919067861, 'hidden_size': 5, 'dropout': 0.36414312283686046, 'hidden_continuous_size': 5, 'attention_head_size': 1, 'learning_rate': 0.012092029501464653}. Best is trial 0 with value: 5354.05517578125.
[I 2023-12-26 17:20:18,696] Trial 27 finished with value: 13725.7763671875 and parameters: {'gradient_clip_val': 0.14549179381686989, 'hidden_size': 68, 'dropout': 0.38181683187000903, 'hidden_continuous_size': 10, 'attention_head_size': 3, 'learning_rate': 0.05293475565742708}. Best is trial 0 with value: 5354.05517578125.
[I 2023-12-26 17:20:22,253] Trial 28 finished with value: 13666.2021484375 and parameters: {'gradient_clip_val': 0.18373458696211925, 'hidden_size': 35, 'dropout': 0.32172849767803885, 'hidden_continuous_size': 7, 'attention_head_size': 2, 'learning_rate': 0.02825261608280624}. Best is trial 0 with value: 5354.05517578125.
[I 2023-12-26 17:20:26,403] Trial 29 finished with value: 12400.0244140625 and parameters: {'gradient_clip_val': 0.29579897583311304, 'hidden_size': 46, 'dropout': 0.38324287977888255, 'hidden_continuous_size': 12, 'attention_head_size': 1, 'learning_rate': 0.0936758848829017}. Best is trial 0 with value: 5354.05517578125.
[I 2023-12-26 17:20:30,610] Trial 30 finished with value: 18683.771484375 and parameters: {'gradient_clip_val': 0.28697562572080526, 'hidden_size': 39, 'dropout': 0.42042316105208405, 'hidden_continuous_size': 12, 'attention_head_size': 3, 'learning_rate': 0.09682992367064513}. Best is trial 0 with value: 5354.05517578125.
[I 2023-12-26 17:20:34,551] Trial 31 finished with value: 15971.62109375 and parameters: {'gradient_clip_val': 0.2962072606275522, 'hidden_size': 48, 'dropout': 0.3898011291942942, 'hidden_continuous_size': 8, 'attention_head_size': 1, 'learning_rate': 0.07866159015810084}. Best is trial 0 with value: 5354.05517578125.
[I 2023-12-26 17:20:41,509] Trial 32 finished with value: 14296.3544921875 and parameters: {'gradient_clip_val': 0.23756608305467036, 'hidden_size': 84, 'dropout': 0.45527080149327154, 'hidden_continuous_size': 13, 'attention_head_size': 1, 'learning_rate': 0.048654091400374196}. Best is trial 0 with value: 5354.05517578125.
[I 2023-12-26 17:20:44,805] Trial 33 finished with value: 17942.93359375 and parameters: {'gradient_clip_val': 0.4799307403338381, 'hidden_size': 29, 'dropout': 0.47336601682824475, 'hidden_continuous_size': 13, 'attention_head_size': 1, 'learning_rate': 0.06871951361556654}. Best is trial 0 with value: 5354.05517578125.
[I 2023-12-26 17:20:52,315] Trial 34 finished with value: 12463.5625 and parameters: {'gradient_clip_val': 0.3394341174488985, 'hidden_size': 90, 'dropout': 0.4424408191751482, 'hidden_continuous_size': 9, 'attention_head_size': 1, 'learning_rate': 0.036327734178079094}. Best is trial 0 with value: 5354.05517578125.
[I 2023-12-26 17:21:00,828] Trial 35 finished with value: 14246.21484375 and parameters: {'gradient_clip_val': 0.30840084290640535, 'hidden_size': 102, 'dropout': 0.4354889891215258, 'hidden_continuous_size': 17, 'attention_head_size': 2, 'learning_rate': 0.04317205883883798}. Best is trial 0 with value: 5354.05517578125.
[I 2023-12-26 17:21:11,706] Trial 36 finished with value: 18342.876953125 and parameters: {'gradient_clip_val': 0.3378488849464188, 'hidden_size': 144, 'dropout': 0.480156677039371, 'hidden_continuous_size': 10, 'attention_head_size': 1, 'learning_rate': 0.03293773686613051}. Best is trial 0 with value: 5354.05517578125.
[I 2023-12-26 17:21:18,180] Trial 37 finished with value: 18906.7578125 and parameters: {'gradient_clip_val': 0.5035462761575049, 'hidden_size': 106, 'dropout': 0.497376726284294, 'hidden_continuous_size': 9, 'attention_head_size': 1, 'learning_rate': 0.018581719490301057}. Best is trial 0 with value: 5354.05517578125.
[I 2023-12-26 17:21:20,085] Trial 38 finished with value: 18458.255859375 and parameters: {'gradient_clip_val': 0.34771577520192426, 'hidden_size': 6, 'dropout': 0.4570787751951517, 'hidden_continuous_size': 5, 'attention_head_size': 2, 'learning_rate': 0.05008935535373672}. Best is trial 0 with value: 5354.05517578125.
[I 2023-12-26 17:21:25,478] Trial 39 finished with value: 19853.03515625 and parameters: {'gradient_clip_val': 0.42150723675020874, 'hidden_size': 76, 'dropout': 0.43679638277833216, 'hidden_continuous_size': 14, 'attention_head_size': 1, 'learning_rate': 0.036254076541258694}. Best is trial 0 with value: 5354.05517578125.
[I 2023-12-26 17:21:31,596] Trial 40 finished with value: 13080.0546875 and parameters: {'gradient_clip_val': 0.2768772199715014, 'hidden_size': 86, 'dropout': 0.4062118319230845, 'hidden_continuous_size': 21, 'attention_head_size': 1, 'learning_rate': 0.06810626433781257}. Best is trial 0 with value: 5354.05517578125.
[I 2023-12-26 17:21:34,566] Trial 41 finished with value: 13753.9150390625 and parameters: {'gradient_clip_val': 0.218439189143651, 'hidden_size': 44, 'dropout': 0.2759821251614759, 'hidden_continuous_size': 8, 'attention_head_size': 1, 'learning_rate': 0.07551784770888838}. Best is trial 0 with value: 5354.05517578125.
[I 2023-12-26 17:21:38,323] Trial 42 finished with value: 17458.712890625 and parameters: {'gradient_clip_val': 0.2404977709495324, 'hidden_size': 62, 'dropout': 0.4678259948206852, 'hidden_continuous_size': 7, 'attention_head_size': 1, 'learning_rate': 0.045488844329120315}. Best is trial 0 with value: 5354.05517578125.
[I 2023-12-26 17:21:41,815] Trial 43 finished with value: 14803.0126953125 and parameters: {'gradient_clip_val': 0.18836998318602471, 'hidden_size': 57, 'dropout': 0.328473571807218, 'hidden_continuous_size': 6, 'attention_head_size': 1, 'learning_rate': 0.06025288325364042}. Best is trial 0 with value: 5354.05517578125.
[I 2023-12-26 17:21:44,745] Trial 44 finished with value: 15712.3388671875 and parameters: {'gradient_clip_val': 0.6572275809836228, 'hidden_size': 41, 'dropout': 0.4011017163519711, 'hidden_continuous_size': 11, 'attention_head_size': 4, 'learning_rate': 0.09343093120547352}. Best is trial 0 with value: 5354.05517578125.
[I 2023-12-26 17:21:48,100] Trial 45 finished with value: 15614.9775390625 and parameters: {'gradient_clip_val': 0.37223656822163415, 'hidden_size': 52, 'dropout': 0.36654300057922684, 'hidden_continuous_size': 15, 'attention_head_size': 2, 'learning_rate': 0.07630549477448341}. Best is trial 0 with value: 5354.05517578125.
[I 2023-12-26 17:21:50,479] Trial 46 finished with value: 15866.9736328125 and parameters: {'gradient_clip_val': 0.41112422540449195, 'hidden_size': 32, 'dropout': 0.2707761229832636, 'hidden_continuous_size': 6, 'attention_head_size': 1, 'learning_rate': 0.029851643301542004}. Best is trial 0 with value: 5354.05517578125.
[I 2023-12-26 17:21:52,934] Trial 47 finished with value: 13467.4091796875 and parameters: {'gradient_clip_val': 0.2686053808533996, 'hidden_size': 26, 'dropout': 0.43556252993678635, 'hidden_continuous_size': 11, 'attention_head_size': 2, 'learning_rate': 0.020868145262483342}. Best is trial 0 with value: 5354.05517578125.
[I 2023-12-26 17:21:54,874] Trial 48 finished with value: 13268.94140625 and parameters: {'gradient_clip_val': 0.3215803396666107, 'hidden_size': 6, 'dropout': 0.24527660524865955, 'hidden_continuous_size': 5, 'attention_head_size': 1, 'learning_rate': 0.015247066509018175}. Best is trial 0 with value: 5354.05517578125.
[I 2023-12-26 17:21:57,967] Trial 49 finished with value: 14274.25 and parameters: {'gradient_clip_val': 0.24221932773350743, 'hidden_size': 46, 'dropout': 0.4818287542172657, 'hidden_continuous_size': 7, 'attention_head_size': 1, 'learning_rate': 0.03254737832598014}. Best is trial 0 with value: 5354.05517578125.
[I 2023-12-26 17:21:58,099] A new study created in memory with name: no-name-a8e987af-cc5b-48ee-ac0f-90952cc43e1a
/home/le004/conda/anaconda3/envs/tsff_env/lib/python3.9/site-packages/lightning/fabric/plugins/environments/slurm.py:191: The `srun` command is available on your system but is not used. HINT: If your intention is to run Lightning on SLURM, prepend your python command with `srun` like so: srun python /home/le004/master_thesis/git/TSFusionForecast/code/ ...
[I 2023-12-26 17:25:55,074] Trial 0 finished with value: 587.3867797851562 and parameters: {'gradient_clip_val': 0.548192896620723, 'hidden_size': 78, 'dropout': 0.3413560142948344, 'hidden_continuous_size': 7, 'attention_head_size': 4, 'learning_rate': 0.08825667429082584}. Best is trial 0 with value: 587.3867797851562.
[I 2023-12-26 17:25:59,882] Trial 1 finished with value: 869.1982421875 and parameters: {'gradient_clip_val': 0.15273705752443797, 'hidden_size': 88, 'dropout': 0.3891182171173003, 'hidden_continuous_size': 8, 'attention_head_size': 4, 'learning_rate': 0.0017656572081678548}. Best is trial 0 with value: 587.3867797851562.
[I 2023-12-26 17:26:07,425] Trial 2 finished with value: 741.474365234375 and parameters: {'gradient_clip_val': 0.1725058102905825, 'hidden_size': 129, 'dropout': 0.42981274314197704, 'hidden_continuous_size': 24, 'attention_head_size': 3, 'learning_rate': 0.003145482335474179}. Best is trial 0 with value: 587.3867797851562.
[I 2023-12-26 17:26:10,502] Trial 3 finished with value: 882.225830078125 and parameters: {'gradient_clip_val': 0.2720255751860131, 'hidden_size': 51, 'dropout': 0.46939132757565183, 'hidden_continuous_size': 34, 'attention_head_size': 2, 'learning_rate': 0.0019111393390195367}. Best is trial 0 with value: 587.3867797851562.
[I 2023-12-26 17:26:14,801] Trial 4 finished with value: 734.0995483398438 and parameters: {'gradient_clip_val': 0.5097311927916047, 'hidden_size': 77, 'dropout': 0.2994396429395364, 'hidden_continuous_size': 17, 'attention_head_size': 3, 'learning_rate': 0.025495322495121805}. Best is trial 0 with value: 587.3867797851562.
[I 2023-12-26 17:26:16,640] Trial 5 finished with value: 1006.1904296875 and parameters: {'gradient_clip_val': 0.8344050416776614, 'hidden_size': 9, 'dropout': 0.3704313823713864, 'hidden_continuous_size': 9, 'attention_head_size': 3, 'learning_rate': 0.0130424008476644}. Best is trial 0 with value: 587.3867797851562.
[I 2023-12-26 17:26:18,435] Trial 6 finished with value: 1098.57177734375 and parameters: {'gradient_clip_val': 0.10941288184484955, 'hidden_size': 8, 'dropout': 0.14136154589943786, 'hidden_continuous_size': 7, 'attention_head_size': 1, 'learning_rate': 0.08175139281914487}. Best is trial 0 with value: 587.3867797851562.
[I 2023-12-26 17:26:20,500] Trial 7 finished with value: 1184.091796875 and parameters: {'gradient_clip_val': 0.23620116021821744, 'hidden_size': 13, 'dropout': 0.2828181933396645, 'hidden_continuous_size': 12, 'attention_head_size': 1, 'learning_rate': 0.037667740737253444}. Best is trial 0 with value: 587.3867797851562.
[I 2023-12-26 17:26:22,680] Trial 8 finished with value: 770.9786987304688 and parameters: {'gradient_clip_val': 0.14816336578215883, 'hidden_size': 18, 'dropout': 0.155122054494942, 'hidden_continuous_size': 15, 'attention_head_size': 4, 'learning_rate': 0.03670451967972541}. Best is trial 0 with value: 587.3867797851562.
[I 2023-12-26 17:26:26,360] Trial 9 finished with value: 999.861328125 and parameters: {'gradient_clip_val': 0.15732443582613698, 'hidden_size': 63, 'dropout': 0.10911792770181879, 'hidden_continuous_size': 24, 'attention_head_size': 4, 'learning_rate': 0.006020340152611538}. Best is trial 0 with value: 587.3867797851562.
[I 2023-12-26 17:26:29,487] Trial 10 finished with value: 819.34033203125 and parameters: {'gradient_clip_val': 0.43380440465046344, 'hidden_size': 32, 'dropout': 0.24937135433093416, 'hidden_continuous_size': 5, 'attention_head_size': 2, 'learning_rate': 0.0007979000676548797}. Best is trial 0 with value: 587.3867797851562.
[I 2023-12-26 17:26:41,465] Trial 11 finished with value: 740.528076171875 and parameters: {'gradient_clip_val': 0.46594772685805846, 'hidden_size': 149, 'dropout': 0.3277749308996568, 'hidden_continuous_size': 102, 'attention_head_size': 3, 'learning_rate': 0.07616963468453691}. Best is trial 0 with value: 587.3867797851562.
[I 2023-12-26 17:26:44,362] Trial 12 finished with value: 964.22802734375 and parameters: {'gradient_clip_val': 0.6412756713140363, 'hidden_size': 33, 'dropout': 0.2440675566286315, 'hidden_continuous_size': 5, 'attention_head_size': 4, 'learning_rate': 0.020060005885438225}. Best is trial 0 with value: 587.3867797851562.
[I 2023-12-26 17:26:49,044] Trial 13 finished with value: 1200.8760986328125 and parameters: {'gradient_clip_val': 0.44176112844825616, 'hidden_size': 64, 'dropout': 0.32412222789379996, 'hidden_continuous_size': 11, 'attention_head_size': 3, 'learning_rate': 0.09419000366663978}. Best is trial 0 with value: 587.3867797851562.
[I 2023-12-26 17:26:50,849] Trial 14 finished with value: 841.2514038085938 and parameters: {'gradient_clip_val': 0.9950576048448361, 'hidden_size': 5, 'dropout': 0.4997893062044096, 'hidden_continuous_size': 5, 'attention_head_size': 2, 'learning_rate': 0.03182218686499371}. Best is trial 0 with value: 587.3867797851562.
[I 2023-12-26 17:26:56,418] Trial 15 finished with value: 1124.2657470703125 and parameters: {'gradient_clip_val': 0.6049820428206427, 'hidden_size': 94, 'dropout': 0.37285926897320265, 'hidden_continuous_size': 15, 'attention_head_size': 4, 'learning_rate': 0.011979653636228847}. Best is trial 0 with value: 587.3867797851562.
[I 2023-12-26 17:26:59,155] Trial 16 finished with value: 954.2769165039062 and parameters: {'gradient_clip_val': 0.3687107959221568, 'hidden_size': 48, 'dropout': 0.20908735015119742, 'hidden_continuous_size': 7, 'attention_head_size': 3, 'learning_rate': 0.052403160821686154}. Best is trial 0 with value: 587.3867797851562.
[I 2023-12-26 17:27:01,810] Trial 17 finished with value: 1146.0543212890625 and parameters: {'gradient_clip_val': 0.6256440490586219, 'hidden_size': 40, 'dropout': 0.32896429177650255, 'hidden_continuous_size': 10, 'attention_head_size': 4, 'learning_rate': 0.023515645699345243}. Best is trial 0 with value: 587.3867797851562.
[I 2023-12-26 17:27:04,037] Trial 18 finished with value: 767.4521484375 and parameters: {'gradient_clip_val': 0.316004739110277, 'hidden_size': 24, 'dropout': 0.2749993848898481, 'hidden_continuous_size': 6, 'attention_head_size': 3, 'learning_rate': 0.042631197821809956}. Best is trial 0 with value: 587.3867797851562.
[I 2023-12-26 17:27:08,867] Trial 19 finished with value: 760.5668334960938 and parameters: {'gradient_clip_val': 0.7675532826714329, 'hidden_size': 85, 'dropout': 0.30553713348114037, 'hidden_continuous_size': 17, 'attention_head_size': 2, 'learning_rate': 0.05948957334264821}. Best is trial 0 with value: 587.3867797851562.
[I 2023-12-26 17:27:15,533] Trial 20 finished with value: 1030.983154296875 and parameters: {'gradient_clip_val': 0.5209370308148724, 'hidden_size': 114, 'dropout': 0.20771863374006933, 'hidden_continuous_size': 9, 'attention_head_size': 4, 'learning_rate': 0.019407179682088684}. Best is trial 0 with value: 587.3867797851562.
[I 2023-12-26 17:27:24,916] Trial 21 finished with value: 874.3157348632812 and parameters: {'gradient_clip_val': 0.45648712068033737, 'hidden_size': 147, 'dropout': 0.3380822435749548, 'hidden_continuous_size': 86, 'attention_head_size': 3, 'learning_rate': 0.08170576828067157}. Best is trial 0 with value: 587.3867797851562.
[I 2023-12-26 17:27:33,511] Trial 22 finished with value: 820.0781860351562 and parameters: {'gradient_clip_val': 0.5249602041248166, 'hidden_size': 131, 'dropout': 0.3472490743733475, 'hidden_continuous_size': 90, 'attention_head_size': 3, 'learning_rate': 0.06269321228910409}. Best is trial 0 with value: 587.3867797851562.
[I 2023-12-26 17:27:38,112] Trial 23 finished with value: 917.7744750976562 and parameters: {'gradient_clip_val': 0.37172082707510623, 'hidden_size': 73, 'dropout': 0.30033345184726223, 'hidden_continuous_size': 44, 'attention_head_size': 3, 'learning_rate': 0.09918259185482582}. Best is trial 0 with value: 587.3867797851562.
[I 2023-12-26 17:27:44,605] Trial 24 finished with value: 736.483642578125 and parameters: {'gradient_clip_val': 0.5359572298162507, 'hidden_size': 103, 'dropout': 0.3890149936291827, 'hidden_continuous_size': 65, 'attention_head_size': 2, 'learning_rate': 0.05354759003216828}. Best is trial 0 with value: 587.3867797851562.
[I 2023-12-26 17:27:51,088] Trial 25 finished with value: 865.9777221679688 and parameters: {'gradient_clip_val': 0.7112472442269431, 'hidden_size': 105, 'dropout': 0.40945878749368697, 'hidden_continuous_size': 49, 'attention_head_size': 2, 'learning_rate': 0.04868866589387278}. Best is trial 0 with value: 587.3867797851562.
[I 2023-12-26 17:27:55,217] Trial 26 finished with value: 653.7499389648438 and parameters: {'gradient_clip_val': 0.5633677996435097, 'hidden_size': 71, 'dropout': 0.42485916391447803, 'hidden_continuous_size': 13, 'attention_head_size': 1, 'learning_rate': 0.029587138225858466}. Best is trial 0 with value: 587.3867797851562.
