[I 2023-12-26 11:52:18,208] Trial 28 finished with value: 3.773831605911255 and parameters: {'gradient_clip_val': 0.6987096287104658, 'hidden_size': 7, 'dropout': 0.4995716777464993, 'hidden_continuous_size': 5, 'attention_head_size': 3, 'learning_rate': 0.0034504841875455734}. Best is trial 0 with value: 0.051752969622612.
[I 2023-12-26 11:52:20,508] Trial 29 finished with value: 4.196948528289795 and parameters: {'gradient_clip_val': 0.45635144706257513, 'hidden_size': 25, 'dropout': 0.406567120039935, 'hidden_continuous_size': 12, 'attention_head_size': 3, 'learning_rate': 0.008648679370944778}. Best is trial 0 with value: 0.051752969622612.
[I 2023-12-26 11:52:23,041] Trial 30 finished with value: 4.288038730621338 and parameters: {'gradient_clip_val': 0.5717551473373867, 'hidden_size': 31, 'dropout': 0.4214137059378834, 'hidden_continuous_size': 14, 'attention_head_size': 2, 'learning_rate': 0.0005262353877175408}. Best is trial 0 with value: 0.051752969622612.
[I 2023-12-26 11:52:30,737] Trial 31 finished with value: 3.18743634223938 and parameters: {'gradient_clip_val': 0.18193320747711983, 'hidden_size': 132, 'dropout': 0.3124476710344165, 'hidden_continuous_size': 24, 'attention_head_size': 4, 'learning_rate': 0.0007388857310894969}. Best is trial 0 with value: 0.051752969622612.
[I 2023-12-26 11:52:36,460] Trial 32 finished with value: 2.8426706790924072 and parameters: {'gradient_clip_val': 0.218603977048546, 'hidden_size': 100, 'dropout': 0.379622757629962, 'hidden_continuous_size': 17, 'attention_head_size': 4, 'learning_rate': 0.0008602253482655443}. Best is trial 0 with value: 0.051752969622612.
[I 2023-12-26 11:52:42,067] Trial 33 finished with value: 3.5853283405303955 and parameters: {'gradient_clip_val': 0.24647105493554786, 'hidden_size': 98, 'dropout': 0.39718127170034456, 'hidden_continuous_size': 16, 'attention_head_size': 4, 'learning_rate': 0.001043450298265895}. Best is trial 0 with value: 0.051752969622612.
[I 2023-12-26 11:52:44,897] Trial 34 finished with value: 4.011085033416748 and parameters: {'gradient_clip_val': 0.32013067634501946, 'hidden_size': 46, 'dropout': 0.44692903297923137, 'hidden_continuous_size': 14, 'attention_head_size': 1, 'learning_rate': 0.0021956613706745533}. Best is trial 0 with value: 0.051752969622612.
[I 2023-12-26 11:52:48,244] Trial 35 finished with value: 2.9179420471191406 and parameters: {'gradient_clip_val': 0.22649794324804065, 'hidden_size': 61, 'dropout': 0.4750083226949633, 'hidden_continuous_size': 16, 'attention_head_size': 2, 'learning_rate': 0.0017754863245896724}. Best is trial 0 with value: 0.051752969622612.
[I 2023-12-26 11:52:50,443] Trial 36 finished with value: 3.083658218383789 and parameters: {'gradient_clip_val': 0.2585203612983537, 'hidden_size': 21, 'dropout': 0.37714729789052526, 'hidden_continuous_size': 11, 'attention_head_size': 3, 'learning_rate': 0.0015188070823020869}. Best is trial 0 with value: 0.051752969622612.
[I 2023-12-26 11:52:54,544] Trial 37 finished with value: 3.853339910507202 and parameters: {'gradient_clip_val': 0.35212113227137315, 'hidden_size': 69, 'dropout': 0.419091621988656, 'hidden_continuous_size': 20, 'attention_head_size': 4, 'learning_rate': 0.0009727043908255711}. Best is trial 0 with value: 0.051752969622612.
[I 2023-12-26 11:52:57,080] Trial 38 finished with value: 4.10278844833374 and parameters: {'gradient_clip_val': 0.7705068748773597, 'hidden_size': 40, 'dropout': 0.40173421871973536, 'hidden_continuous_size': 13, 'attention_head_size': 2, 'learning_rate': 0.0048318033536028865}. Best is trial 0 with value: 0.051752969622612.
[I 2023-12-26 11:52:59,755] Trial 39 finished with value: 2.740194082260132 and parameters: {'gradient_clip_val': 0.9060084297531016, 'hidden_size': 43, 'dropout': 0.4803703560008485, 'hidden_continuous_size': 16, 'attention_head_size': 1, 'learning_rate': 0.003427213354317816}. Best is trial 0 with value: 0.051752969622612.
[I 2023-12-26 11:53:02,107] Trial 40 finished with value: 4.0572428703308105 and parameters: {'gradient_clip_val': 0.8612526544310011, 'hidden_size': 28, 'dropout': 0.48022795796241147, 'hidden_continuous_size': 12, 'attention_head_size': 1, 'learning_rate': 0.0030647828379810234}. Best is trial 0 with value: 0.051752969622612.
[I 2023-12-26 11:53:04,803] Trial 41 finished with value: 5.31065034866333 and parameters: {'gradient_clip_val': 0.9062323753248707, 'hidden_size': 41, 'dropout': 0.4518832851051625, 'hidden_continuous_size': 15, 'attention_head_size': 1, 'learning_rate': 0.00277883117209719}. Best is trial 0 with value: 0.051752969622612.
[I 2023-12-26 11:53:07,695] Trial 42 finished with value: 4.503041744232178 and parameters: {'gradient_clip_val': 0.6751896507473568, 'hidden_size': 50, 'dropout': 0.48223766838973114, 'hidden_continuous_size': 18, 'attention_head_size': 1, 'learning_rate': 0.006043916553973867}. Best is trial 0 with value: 0.051752969622612.
[I 2023-12-26 11:53:11,021] Trial 43 finished with value: 3.9989707469940186 and parameters: {'gradient_clip_val': 0.7450566220190259, 'hidden_size': 59, 'dropout': 0.4447613987279121, 'hidden_continuous_size': 17, 'attention_head_size': 1, 'learning_rate': 0.0016996690313767781}. Best is trial 0 with value: 0.051752969622612.
[I 2023-12-26 11:53:13,819] Trial 44 finished with value: 3.510200262069702 and parameters: {'gradient_clip_val': 0.9105905033811715, 'hidden_size': 44, 'dropout': 0.46529157663462084, 'hidden_continuous_size': 15, 'attention_head_size': 3, 'learning_rate': 0.004711308478487861}. Best is trial 0 with value: 0.051752969622612.
[I 2023-12-26 11:53:15,976] Trial 45 finished with value: 3.7188303470611572 and parameters: {'gradient_clip_val': 0.20237061884531035, 'hidden_size': 24, 'dropout': 0.4299309501552285, 'hidden_continuous_size': 11, 'attention_head_size': 2, 'learning_rate': 0.0022290159209893408}. Best is trial 0 with value: 0.051752969622612.
[I 2023-12-26 11:53:20,128] Trial 46 finished with value: 3.139937400817871 and parameters: {'gradient_clip_val': 0.9878266807543609, 'hidden_size': 74, 'dropout': 0.3881681130739837, 'hidden_continuous_size': 19, 'attention_head_size': 4, 'learning_rate': 0.003196468915183083}. Best is trial 0 with value: 0.051752969622612.
[I 2023-12-26 11:53:23,236] Trial 47 finished with value: 3.385936975479126 and parameters: {'gradient_clip_val': 0.748440270477957, 'hidden_size': 53, 'dropout': 0.4889771435624488, 'hidden_continuous_size': 22, 'attention_head_size': 2, 'learning_rate': 0.003711668295313697}. Best is trial 0 with value: 0.051752969622612.
[I 2023-12-26 11:53:25,753] Trial 48 finished with value: 3.1275196075439453 and parameters: {'gradient_clip_val': 0.8307564292402737, 'hidden_size': 33, 'dropout': 0.4637179450587271, 'hidden_continuous_size': 14, 'attention_head_size': 3, 'learning_rate': 0.0012351488769434908}. Best is trial 0 with value: 0.051752969622612.
[I 2023-12-26 11:53:28,852] Trial 49 finished with value: 2.9507267475128174 and parameters: {'gradient_clip_val': 0.6374262597906871, 'hidden_size': 46, 'dropout': 0.26022224122545456, 'hidden_continuous_size': 17, 'attention_head_size': 2, 'learning_rate': 0.010010543006095045}. Best is trial 0 with value: 0.051752969622612.
[I 2023-12-26 11:53:28,974] A new study created in memory with name: no-name-b648949d-cf8c-4db1-8bc5-a377eb88de82
/home/le004/conda/anaconda3/envs/tsff_env/lib/python3.9/site-packages/lightning/fabric/plugins/environments/slurm.py:191: The `srun` command is available on your system but is not used. HINT: If your intention is to run Lightning on SLURM, prepend your python command with `srun` like so: srun python /home/le004/master_thesis/git/TSFusionForecast/code/ ...
[I 2023-12-26 11:59:01,720] Trial 0 finished with value: 0.04270496591925621 and parameters: {'gradient_clip_val': 0.11075053431441209, 'hidden_size': 18, 'dropout': 0.24943663148489745, 'hidden_continuous_size': 14, 'attention_head_size': 2, 'learning_rate': 0.003179395483905317}. Best is trial 0 with value: 0.04270496591925621.
[I 2023-12-26 11:59:07,016] Trial 1 finished with value: 1.2695475816726685 and parameters: {'gradient_clip_val': 0.6017520913764505, 'hidden_size': 22, 'dropout': 0.3456766131404959, 'hidden_continuous_size': 16, 'attention_head_size': 4, 'learning_rate': 0.008752071790478587}. Best is trial 0 with value: 0.04270496591925621.
[I 2023-12-26 11:59:09,246] Trial 2 finished with value: 2.51358962059021 and parameters: {'gradient_clip_val': 0.1370009950653913, 'hidden_size': 13, 'dropout': 0.19768489405374448, 'hidden_continuous_size': 13, 'attention_head_size': 3, 'learning_rate': 0.011201323295425638}. Best is trial 0 with value: 0.04270496591925621.
[I 2023-12-26 11:59:12,032] Trial 3 finished with value: 2.896191358566284 and parameters: {'gradient_clip_val': 0.62439500288791, 'hidden_size': 24, 'dropout': 0.20571058324747613, 'hidden_continuous_size': 21, 'attention_head_size': 4, 'learning_rate': 0.00975704399177894}. Best is trial 0 with value: 0.04270496591925621.
[I 2023-12-26 11:59:14,876] Trial 4 finished with value: 2.714038848876953 and parameters: {'gradient_clip_val': 0.3240488066401485, 'hidden_size': 32, 'dropout': 0.23923956971064342, 'hidden_continuous_size': 9, 'attention_head_size': 2, 'learning_rate': 0.007694333123562752}. Best is trial 0 with value: 0.04270496591925621.
[I 2023-12-26 11:59:17,047] Trial 5 finished with value: 2.741175651550293 and parameters: {'gradient_clip_val': 0.7003635974763792, 'hidden_size': 6, 'dropout': 0.38537024328677694, 'hidden_continuous_size': 5, 'attention_head_size': 1, 'learning_rate': 0.07796743323684473}. Best is trial 0 with value: 0.04270496591925621.
[I 2023-12-26 11:59:19,190] Trial 6 finished with value: 2.4512414932250977 and parameters: {'gradient_clip_val': 0.2585445851190631, 'hidden_size': 7, 'dropout': 0.10164441048912282, 'hidden_continuous_size': 5, 'attention_head_size': 2, 'learning_rate': 0.009604703543306163}. Best is trial 0 with value: 0.04270496591925621.
[I 2023-12-26 11:59:21,516] Trial 7 finished with value: 2.652200222015381 and parameters: {'gradient_clip_val': 0.1416182630701329, 'hidden_size': 6, 'dropout': 0.3641587444312031, 'hidden_continuous_size': 6, 'attention_head_size': 4, 'learning_rate': 0.015313385385800517}. Best is trial 0 with value: 0.04270496591925621.
[I 2023-12-26 11:59:23,802] Trial 8 finished with value: 2.2845046520233154 and parameters: {'gradient_clip_val': 0.16547128867526717, 'hidden_size': 11, 'dropout': 0.49956714479694786, 'hidden_continuous_size': 8, 'attention_head_size': 2, 'learning_rate': 0.04469274562906181}. Best is trial 0 with value: 0.04270496591925621.
[I 2023-12-26 11:59:26,663] Trial 9 finished with value: 2.4872612953186035 and parameters: {'gradient_clip_val': 0.16110884303351683, 'hidden_size': 26, 'dropout': 0.4754486183253429, 'hidden_continuous_size': 22, 'attention_head_size': 1, 'learning_rate': 0.002449584179451428}. Best is trial 0 with value: 0.04270496591925621.
[I 2023-12-26 11:59:33,396] Trial 10 finished with value: 2.8555526733398438 and parameters: {'gradient_clip_val': 0.10061216345813483, 'hidden_size': 79, 'dropout': 0.2811934436829907, 'hidden_continuous_size': 43, 'attention_head_size': 3, 'learning_rate': 0.000511692699411169}. Best is trial 0 with value: 0.04270496591925621.
[I 2023-12-26 11:59:37,260] Trial 11 finished with value: 2.9216949939727783 and parameters: {'gradient_clip_val': 0.9578846693082967, 'hidden_size': 48, 'dropout': 0.33126626385392444, 'hidden_continuous_size': 14, 'attention_head_size': 3, 'learning_rate': 0.002402755102937454}. Best is trial 0 with value: 0.04270496591925621.
[I 2023-12-26 11:59:39,579] Trial 12 finished with value: 3.09555983543396 and parameters: {'gradient_clip_val': 0.36546548580301624, 'hidden_size': 16, 'dropout': 0.29051117254662073, 'hidden_continuous_size': 11, 'attention_head_size': 4, 'learning_rate': 0.0033802823523269286}. Best is trial 0 with value: 0.04270496591925621.
[I 2023-12-26 11:59:43,486] Trial 13 finished with value: 3.084383726119995 and parameters: {'gradient_clip_val': 0.42089922272040553, 'hidden_size': 48, 'dropout': 0.40631467469939764, 'hidden_continuous_size': 18, 'attention_head_size': 2, 'learning_rate': 0.0272889737278218}. Best is trial 0 with value: 0.04270496591925621.
[I 2023-12-26 11:59:45,950] Trial 14 finished with value: 2.6616249084472656 and parameters: {'gradient_clip_val': 0.22628692894302607, 'hidden_size': 18, 'dropout': 0.29945227058678536, 'hidden_continuous_size': 7, 'attention_head_size': 3, 'learning_rate': 0.004069633188207979}. Best is trial 0 with value: 0.04270496591925621.
[I 2023-12-26 11:59:54,680] Trial 15 finished with value: 2.4380040168762207 and parameters: {'gradient_clip_val': 0.4561475069966376, 'hidden_size': 112, 'dropout': 0.4241335966012148, 'hidden_continuous_size': 41, 'attention_head_size': 1, 'learning_rate': 0.004636755137903426}. Best is trial 0 with value: 0.04270496591925621.
[I 2023-12-26 11:59:57,075] Trial 16 finished with value: 2.3950722217559814 and parameters: {'gradient_clip_val': 0.243792671878496, 'hidden_size': 10, 'dropout': 0.33720138910485503, 'hidden_continuous_size': 6, 'attention_head_size': 4, 'learning_rate': 0.0012137900602391676}. Best is trial 0 with value: 0.04270496591925621.
[I 2023-12-26 11:59:59,620] Trial 17 finished with value: 2.714492082595825 and parameters: {'gradient_clip_val': 0.5144411444312185, 'hidden_size': 19, 'dropout': 0.2533298265925893, 'hidden_continuous_size': 11, 'attention_head_size': 3, 'learning_rate': 0.016139191380099588}. Best is trial 0 with value: 0.04270496591925621.
[I 2023-12-26 12:00:01,881] Trial 18 finished with value: 2.021580696105957 and parameters: {'gradient_clip_val': 0.32129883567536194, 'hidden_size': 9, 'dropout': 0.33841937081170625, 'hidden_continuous_size': 5, 'attention_head_size': 2, 'learning_rate': 0.0056868550309902375}. Best is trial 0 with value: 0.04270496591925621.
[I 2023-12-26 12:00:04,577] Trial 19 finished with value: 2.7108986377716064 and parameters: {'gradient_clip_val': 0.11032170467585532, 'hidden_size': 14, 'dropout': 0.45800344051234854, 'hidden_continuous_size': 9, 'attention_head_size': 1, 'learning_rate': 0.0015489451901376824}. Best is trial 0 with value: 0.04270496591925621.
[I 2023-12-26 12:00:06,654] Trial 20 finished with value: 2.50224232673645 and parameters: {'gradient_clip_val': 0.20291757462611715, 'hidden_size': 5, 'dropout': 0.3744817339101424, 'hidden_continuous_size': 5, 'attention_head_size': 4, 'learning_rate': 0.00633621146938605}. Best is trial 0 with value: 0.04270496591925621.
[I 2023-12-26 12:00:08,879] Trial 21 finished with value: 2.6814279556274414 and parameters: {'gradient_clip_val': 0.2895099527009613, 'hidden_size': 9, 'dropout': 0.31213391842609095, 'hidden_continuous_size': 5, 'attention_head_size': 2, 'learning_rate': 0.0072422778729972865}. Best is trial 0 with value: 0.04270496591925621.
[I 2023-12-26 12:00:11,043] Trial 22 finished with value: 2.9098739624023438 and parameters: {'gradient_clip_val': 0.353449674066879, 'hidden_size': 8, 'dropout': 0.3454591609320499, 'hidden_continuous_size': 5, 'attention_head_size': 2, 'learning_rate': 0.0053057393407253016}. Best is trial 0 with value: 0.04270496591925621.
[I 2023-12-26 12:00:13,356] Trial 23 finished with value: 2.4551916122436523 and parameters: {'gradient_clip_val': 0.1973896743389546, 'hidden_size': 12, 'dropout': 0.34974694391597855, 'hidden_continuous_size': 6, 'attention_head_size': 2, 'learning_rate': 0.0033370673230171755}. Best is trial 0 with value: 0.04270496591925621.
[I 2023-12-26 12:00:15,914] Trial 24 finished with value: 2.797724962234497 and parameters: {'gradient_clip_val': 0.30827806611400155, 'hidden_size': 20, 'dropout': 0.40325285070530925, 'hidden_continuous_size': 7, 'attention_head_size': 3, 'learning_rate': 0.01578354789576908}. Best is trial 0 with value: 0.04270496591925621.
[I 2023-12-26 12:00:18,417] Trial 25 finished with value: 3.0560483932495117 and parameters: {'gradient_clip_val': 0.41289084643375407, 'hidden_size': 15, 'dropout': 0.3271712931186784, 'hidden_continuous_size': 7, 'attention_head_size': 2, 'learning_rate': 0.0064750534243804185}. Best is trial 0 with value: 0.04270496591925621.
[I 2023-12-26 12:00:20,675] Trial 26 finished with value: 2.936612844467163 and parameters: {'gradient_clip_val': 0.27994929094914645, 'hidden_size': 10, 'dropout': 0.2702987449254919, 'hidden_continuous_size': 6, 'attention_head_size': 1, 'learning_rate': 0.005648541695546163}. Best is trial 0 with value: 0.04270496591925621.
[I 2023-12-26 12:00:22,918] Trial 27 finished with value: 2.2395451068878174 and parameters: {'gradient_clip_val': 0.5555302169038496, 'hidden_size': 8, 'dropout': 0.3130913689108378, 'hidden_continuous_size': 5, 'attention_head_size': 3, 'learning_rate': 0.020273694570784023}. Best is trial 0 with value: 0.04270496591925621.
[I 2023-12-26 12:00:25,905] Trial 28 finished with value: 2.5430190563201904 and parameters: {'gradient_clip_val': 0.37889613181214715, 'hidden_size': 32, 'dropout': 0.3779998791109854, 'hidden_continuous_size': 15, 'attention_head_size': 2, 'learning_rate': 0.011596948408149973}. Best is trial 0 with value: 0.04270496591925621.
[I 2023-12-26 12:00:28,323] Trial 29 finished with value: 2.6966397762298584 and parameters: {'gradient_clip_val': 0.21718755955423794, 'hidden_size': 13, 'dropout': 0.24608510737180483, 'hidden_continuous_size': 8, 'attention_head_size': 3, 'learning_rate': 0.009498548951899983}. Best is trial 0 with value: 0.04270496591925621.
[I 2023-12-26 12:00:30,622] Trial 30 finished with value: 2.6436822414398193 and parameters: {'gradient_clip_val': 0.11819318053849326, 'hidden_size': 12, 'dropout': 0.29620617324037224, 'hidden_continuous_size': 6, 'attention_head_size': 2, 'learning_rate': 0.0047654845324004505}. Best is trial 0 with value: 0.04270496591925621.
[I 2023-12-26 12:00:33,122] Trial 31 finished with value: 2.6502866744995117 and parameters: {'gradient_clip_val': 0.49751039127007907, 'hidden_size': 8, 'dropout': 0.3176394672121327, 'hidden_continuous_size': 5, 'attention_head_size': 4, 'learning_rate': 0.018597136242958487}. Best is trial 0 with value: 0.04270496591925621.
[I 2023-12-26 12:00:35,172] Trial 32 finished with value: 2.2321617603302 and parameters: {'gradient_clip_val': 0.56875830476537, 'hidden_size': 5, 'dropout': 0.31281153194251593, 'hidden_continuous_size': 5, 'attention_head_size': 3, 'learning_rate': 0.029705310696957306}. Best is trial 0 with value: 0.04270496591925621.
[I 2023-12-26 12:00:37,179] Trial 33 finished with value: 2.8368685245513916 and parameters: {'gradient_clip_val': 0.6512877775524768, 'hidden_size': 5, 'dropout': 0.225254488102624, 'hidden_continuous_size': 5, 'attention_head_size': 3, 'learning_rate': 0.034403421041281294}. Best is trial 0 with value: 0.04270496591925621.
[I 2023-12-26 12:00:39,925] Trial 34 finished with value: 2.5360400676727295 and parameters: {'gradient_clip_val': 0.7594168022777382, 'hidden_size': 22, 'dropout': 0.26324761190736096, 'hidden_continuous_size': 12, 'attention_head_size': 4, 'learning_rate': 0.011110630525135728}. Best is trial 0 with value: 0.04270496591925621.
[I 2023-12-26 12:00:42,130] Trial 35 finished with value: 3.039785146713257 and parameters: {'gradient_clip_val': 0.6068056215451896, 'hidden_size': 6, 'dropout': 0.22408046175639898, 'hidden_continuous_size': 5, 'attention_head_size': 2, 'learning_rate': 0.06045158908729804}. Best is trial 0 with value: 0.04270496591925621.
[I 2023-12-26 12:00:44,442] Trial 36 finished with value: 3.069972276687622 and parameters: {'gradient_clip_val': 0.312123222797985, 'hidden_size': 16, 'dropout': 0.3571161272373038, 'hidden_continuous_size': 10, 'attention_head_size': 4, 'learning_rate': 0.09318749506562538}. Best is trial 0 with value: 0.04270496591925621.
[I 2023-12-26 12:00:46,656] Trial 37 finished with value: 3.026658296585083 and parameters: {'gradient_clip_val': 0.45235877130383817, 'hidden_size': 6, 'dropout': 0.18975422596801622, 'hidden_continuous_size': 5, 'attention_head_size': 3, 'learning_rate': 0.008026447715846778}. Best is trial 0 with value: 0.04270496591925621.
[I 2023-12-26 12:00:48,845] Trial 38 finished with value: 2.4331014156341553 and parameters: {'gradient_clip_val': 0.26485332933299804, 'hidden_size': 7, 'dropout': 0.27919831438419596, 'hidden_continuous_size': 5, 'attention_head_size': 2, 'learning_rate': 0.026673755811559736}. Best is trial 0 with value: 0.04270496591925621.
[I 2023-12-26 12:00:51,571] Trial 39 finished with value: 2.9022133350372314 and parameters: {'gradient_clip_val': 0.34090090021459646, 'hidden_size': 23, 'dropout': 0.34673859752255626, 'hidden_continuous_size': 13, 'attention_head_size': 1, 'learning_rate': 0.0136150043575853}. Best is trial 0 with value: 0.04270496591925621.
[I 2023-12-26 12:00:53,900] Trial 40 finished with value: 3.1582233905792236 and parameters: {'gradient_clip_val': 0.17381505047798929, 'hidden_size': 11, 'dropout': 0.3688334537326974, 'hidden_continuous_size': 6, 'attention_head_size': 2, 'learning_rate': 0.008728795436961003}. Best is trial 0 with value: 0.04270496591925621.
[I 2023-12-26 12:00:56,222] Trial 41 finished with value: 2.436696767807007 and parameters: {'gradient_clip_val': 0.5370134896342708, 'hidden_size': 9, 'dropout': 0.3078213318290731, 'hidden_continuous_size': 5, 'attention_head_size': 3, 'learning_rate': 0.021593329267299195}. Best is trial 0 with value: 0.04270496591925621.
[I 2023-12-26 12:00:58,450] Trial 42 finished with value: 2.565364122390747 and parameters: {'gradient_clip_val': 0.5669994596551237, 'hidden_size': 7, 'dropout': 0.3243508008198395, 'hidden_continuous_size': 5, 'attention_head_size': 3, 'learning_rate': 0.011853700223992274}. Best is trial 0 with value: 0.04270496591925621.
