[I 2023-12-15 17:43:07,580] Trial 12 finished with value: 0.09083304554224014 and parameters: {'gradient_clip_val': 0.7769341920244788, 'hidden_size': 63, 'dropout': 0.1741859194322735, 'hidden_continuous_size': 15, 'attention_head_size': 2, 'learning_rate': 0.008892261551151404}. Best is trial 6 with value: 0.08745870739221573.
LOCAL_RANK: 0 - CUDA_VISIBLE_DEVICES: [0]
[I 2023-12-15 17:44:00,051] Trial 13 finished with value: 0.06863480061292648 and parameters: {'gradient_clip_val': 0.6569965838957987, 'hidden_size': 54, 'dropout': 0.2493678253022865, 'hidden_continuous_size': 18, 'attention_head_size': 1, 'learning_rate': 0.02369586571876903}. Best is trial 13 with value: 0.06863480061292648.
LOCAL_RANK: 0 - CUDA_VISIBLE_DEVICES: [0]
[I 2023-12-15 17:44:53,538] Trial 14 finished with value: 0.08554551005363464 and parameters: {'gradient_clip_val': 0.5440003660727327, 'hidden_size': 59, 'dropout': 0.26689377116767754, 'hidden_continuous_size': 25, 'attention_head_size': 1, 'learning_rate': 0.03240160799324934}. Best is trial 13 with value: 0.06863480061292648.
LOCAL_RANK: 0 - CUDA_VISIBLE_DEVICES: [0]
[I 2023-12-15 17:45:40,720] Trial 15 finished with value: 0.07451336830854416 and parameters: {'gradient_clip_val': 0.5473784676753933, 'hidden_size': 20, 'dropout': 0.2688817954051091, 'hidden_continuous_size': 13, 'attention_head_size': 1, 'learning_rate': 0.02979084902976659}. Best is trial 13 with value: 0.06863480061292648.
LOCAL_RANK: 0 - CUDA_VISIBLE_DEVICES: [0]
[I 2023-12-15 17:46:28,028] Trial 16 finished with value: 0.07727286964654922 and parameters: {'gradient_clip_val': 0.5876649208783038, 'hidden_size': 20, 'dropout': 0.28466634226230825, 'hidden_continuous_size': 11, 'attention_head_size': 2, 'learning_rate': 0.03830388536000509}. Best is trial 13 with value: 0.06863480061292648.
LOCAL_RANK: 0 - CUDA_VISIBLE_DEVICES: [0]
[I 2023-12-15 17:47:14,974] Trial 17 finished with value: 0.1226714476943016 and parameters: {'gradient_clip_val': 0.9841370929292143, 'hidden_size': 20, 'dropout': 0.2372685520042454, 'hidden_continuous_size': 11, 'attention_head_size': 1, 'learning_rate': 0.042294109732214064}. Best is trial 13 with value: 0.06863480061292648.
LOCAL_RANK: 0 - CUDA_VISIBLE_DEVICES: [0]
[I 2023-12-15 17:48:02,804] Trial 18 finished with value: 0.10717537254095078 and parameters: {'gradient_clip_val': 0.6130453578326025, 'hidden_size': 28, 'dropout': 0.310456340890281, 'hidden_continuous_size': 14, 'attention_head_size': 1, 'learning_rate': 0.01529392921338949}. Best is trial 13 with value: 0.06863480061292648.
LOCAL_RANK: 0 - CUDA_VISIBLE_DEVICES: [0]
[I 2023-12-15 17:48:48,899] Trial 19 finished with value: 0.14600200951099396 and parameters: {'gradient_clip_val': 0.5227078608987069, 'hidden_size': 15, 'dropout': 0.274050714577079, 'hidden_continuous_size': 7, 'attention_head_size': 3, 'learning_rate': 0.053287963494038616}. Best is trial 13 with value: 0.06863480061292648.
LOCAL_RANK: 0 - CUDA_VISIBLE_DEVICES: [0]
[I 2023-12-15 17:49:22,774] Trial 20 finished with value: 0.11052580922842026 and parameters: {'gradient_clip_val': 0.4687573130095095, 'hidden_size': 5, 'dropout': 0.2516358827351653, 'hidden_continuous_size': 5, 'attention_head_size': 2, 'learning_rate': 0.057805608936890164}. Best is trial 13 with value: 0.06863480061292648.
LOCAL_RANK: 0 - CUDA_VISIBLE_DEVICES: [0]
[I 2023-12-15 17:50:10,062] Trial 21 finished with value: 0.11070670932531357 and parameters: {'gradient_clip_val': 0.6393666669535459, 'hidden_size': 20, 'dropout': 0.2811784475674485, 'hidden_continuous_size': 11, 'attention_head_size': 2, 'learning_rate': 0.041604616292775905}. Best is trial 13 with value: 0.06863480061292648.
LOCAL_RANK: 0 - CUDA_VISIBLE_DEVICES: [0]
[I 2023-12-15 17:50:58,582] Trial 22 finished with value: 0.12007799744606018 and parameters: {'gradient_clip_val': 0.6821106197656135, 'hidden_size': 25, 'dropout': 0.3076646388112491, 'hidden_continuous_size': 10, 'attention_head_size': 1, 'learning_rate': 0.030142781009982616}. Best is trial 13 with value: 0.06863480061292648.
LOCAL_RANK: 0 - CUDA_VISIBLE_DEVICES: [0]
[I 2023-12-15 17:51:50,707] Trial 23 finished with value: 0.1582043617963791 and parameters: {'gradient_clip_val': 0.5947101051791197, 'hidden_size': 37, 'dropout': 0.3379924083514053, 'hidden_continuous_size': 18, 'attention_head_size': 2, 'learning_rate': 0.09691177720052195}. Best is trial 13 with value: 0.06863480061292648.
LOCAL_RANK: 0 - CUDA_VISIBLE_DEVICES: [0]
[I 2023-12-15 17:52:37,589] Trial 24 finished with value: 0.10211891680955887 and parameters: {'gradient_clip_val': 0.7712454821022461, 'hidden_size': 17, 'dropout': 0.22907206140094938, 'hidden_continuous_size': 10, 'attention_head_size': 1, 'learning_rate': 0.021134059527004246}. Best is trial 13 with value: 0.06863480061292648.
LOCAL_RANK: 0 - CUDA_VISIBLE_DEVICES: [0]
[I 2023-12-15 17:53:26,504] Trial 25 finished with value: 0.10301432758569717 and parameters: {'gradient_clip_val': 0.48112592494401873, 'hidden_size': 25, 'dropout': 0.28172920008090035, 'hidden_continuous_size': 13, 'attention_head_size': 2, 'learning_rate': 0.038128660151126106}. Best is trial 13 with value: 0.06863480061292648.
LOCAL_RANK: 0 - CUDA_VISIBLE_DEVICES: [0]
[I 2023-12-15 17:54:18,333] Trial 26 finished with value: 0.0831846371293068 and parameters: {'gradient_clip_val': 0.5664751107183295, 'hidden_size': 39, 'dropout': 0.39291707716033214, 'hidden_continuous_size': 17, 'attention_head_size': 1, 'learning_rate': 0.06147733281914496}. Best is trial 13 with value: 0.06863480061292648.
LOCAL_RANK: 0 - CUDA_VISIBLE_DEVICES: [0]
[I 2023-12-15 17:55:07,645] Trial 27 finished with value: 0.07457881420850754 and parameters: {'gradient_clip_val': 0.7019828313328665, 'hidden_size': 23, 'dropout': 0.25479881728952936, 'hidden_continuous_size': 12, 'attention_head_size': 3, 'learning_rate': 0.0263616855708838}. Best is trial 13 with value: 0.06863480061292648.
LOCAL_RANK: 0 - CUDA_VISIBLE_DEVICES: [0]
[I 2023-12-15 17:55:55,771] Trial 28 finished with value: 0.08163779228925705 and parameters: {'gradient_clip_val': 0.9558039088518304, 'hidden_size': 24, 'dropout': 0.2569812337450547, 'hidden_continuous_size': 12, 'attention_head_size': 3, 'learning_rate': 0.012561757664038825}. Best is trial 13 with value: 0.06863480061292648.
LOCAL_RANK: 0 - CUDA_VISIBLE_DEVICES: [0]
[I 2023-12-15 17:56:48,911] Trial 29 finished with value: 0.08247386664152145 and parameters: {'gradient_clip_val': 0.6927236395286236, 'hidden_size': 45, 'dropout': 0.2055042593451819, 'hidden_continuous_size': 21, 'attention_head_size': 3, 'learning_rate': 0.020223255103714657}. Best is trial 13 with value: 0.06863480061292648.
LOCAL_RANK: 0 - CUDA_VISIBLE_DEVICES: [0]
[I 2023-12-15 17:57:39,137] Trial 30 finished with value: 0.08190327137708664 and parameters: {'gradient_clip_val': 0.7478954292025689, 'hidden_size': 33, 'dropout': 0.24945456615629522, 'hidden_continuous_size': 13, 'attention_head_size': 3, 'learning_rate': 0.009478080323008809}. Best is trial 13 with value: 0.06863480061292648.
LOCAL_RANK: 0 - CUDA_VISIBLE_DEVICES: [0]
[I 2023-12-15 17:58:24,468] Trial 31 finished with value: 0.08377008885145187 and parameters: {'gradient_clip_val': 0.6089626306407049, 'hidden_size': 16, 'dropout': 0.28487675882568736, 'hidden_continuous_size': 10, 'attention_head_size': 2, 'learning_rate': 0.03160650345508193}. Best is trial 13 with value: 0.06863480061292648.
LOCAL_RANK: 0 - CUDA_VISIBLE_DEVICES: [0]
[I 2023-12-15 17:59:11,772] Trial 32 finished with value: 0.09162899106740952 and parameters: {'gradient_clip_val': 0.8410017990119755, 'hidden_size': 20, 'dropout': 0.2724121932978755, 'hidden_continuous_size': 9, 'attention_head_size': 2, 'learning_rate': 0.04493138816791534}. Best is trial 13 with value: 0.06863480061292648.
LOCAL_RANK: 0 - CUDA_VISIBLE_DEVICES: [0]
[I 2023-12-15 17:59:57,193] Trial 33 finished with value: 0.09014302492141724 and parameters: {'gradient_clip_val': 0.6842110157900099, 'hidden_size': 13, 'dropout': 0.23428746875983242, 'hidden_continuous_size': 9, 'attention_head_size': 1, 'learning_rate': 0.0263102943855205}. Best is trial 13 with value: 0.06863480061292648.
LOCAL_RANK: 0 - CUDA_VISIBLE_DEVICES: [0]
[I 2023-12-15 18:00:46,890] Trial 34 finished with value: 0.08084851503372192 and parameters: {'gradient_clip_val': 0.827350906995633, 'hidden_size': 29, 'dropout': 0.29619482835726574, 'hidden_continuous_size': 12, 'attention_head_size': 3, 'learning_rate': 0.016150965509769175}. Best is trial 13 with value: 0.06863480061292648.
LOCAL_RANK: 0 - CUDA_VISIBLE_DEVICES: [0]
[I 2023-12-15 18:01:35,727] Trial 35 finished with value: 0.09456151723861694 and parameters: {'gradient_clip_val': 0.5008399916649512, 'hidden_size': 23, 'dropout': 0.32206563984446374, 'hidden_continuous_size': 12, 'attention_head_size': 2, 'learning_rate': 0.031661042699511255}. Best is trial 13 with value: 0.06863480061292648.
LOCAL_RANK: 0 - CUDA_VISIBLE_DEVICES: [0]
[I 2023-12-15 18:02:27,139] Trial 36 finished with value: 0.0858176127076149 and parameters: {'gradient_clip_val': 0.7081202262203041, 'hidden_size': 44, 'dropout': 0.26411813690827746, 'hidden_continuous_size': 18, 'attention_head_size': 1, 'learning_rate': 0.021908859281736158}. Best is trial 13 with value: 0.06863480061292648.
LOCAL_RANK: 0 - CUDA_VISIBLE_DEVICES: [0]
[I 2023-12-15 18:03:15,486] Trial 37 finished with value: 0.09787482023239136 and parameters: {'gradient_clip_val': 0.4261023919386411, 'hidden_size': 18, 'dropout': 0.2878921528367313, 'hidden_continuous_size': 13, 'attention_head_size': 2, 'learning_rate': 0.00553583027987465}. Best is trial 13 with value: 0.06863480061292648.
LOCAL_RANK: 0 - CUDA_VISIBLE_DEVICES: [0]
[I 2023-12-15 18:04:01,849] Trial 38 finished with value: 0.0793059766292572 and parameters: {'gradient_clip_val': 0.5643353147679866, 'hidden_size': 13, 'dropout': 0.20977848186026893, 'hidden_continuous_size': 9, 'attention_head_size': 3, 'learning_rate': 0.06665917838739106}. Best is trial 13 with value: 0.06863480061292648.
LOCAL_RANK: 0 - CUDA_VISIBLE_DEVICES: [0]
[I 2023-12-15 18:04:52,207] Trial 39 finished with value: 0.07274744659662247 and parameters: {'gradient_clip_val': 0.8861658666716415, 'hidden_size': 30, 'dropout': 0.2431955154136488, 'hidden_continuous_size': 16, 'attention_head_size': 4, 'learning_rate': 0.04210994409534602}. Best is trial 13 with value: 0.06863480061292648.
LOCAL_RANK: 0 - CUDA_VISIBLE_DEVICES: [0]
[I 2023-12-15 18:05:42,646] Trial 40 finished with value: 0.06986941397190094 and parameters: {'gradient_clip_val': 0.8577719905928792, 'hidden_size': 30, 'dropout': 0.19113587931480372, 'hidden_continuous_size': 17, 'attention_head_size': 4, 'learning_rate': 0.04998541712982319}. Best is trial 13 with value: 0.06863480061292648.
LOCAL_RANK: 0 - CUDA_VISIBLE_DEVICES: [0]
[I 2023-12-15 18:06:32,752] Trial 41 finished with value: 0.06259039789438248 and parameters: {'gradient_clip_val': 0.9205227728867296, 'hidden_size': 29, 'dropout': 0.24379718874924736, 'hidden_continuous_size': 16, 'attention_head_size': 4, 'learning_rate': 0.05171424242946502}. Best is trial 41 with value: 0.06259039789438248.
LOCAL_RANK: 0 - CUDA_VISIBLE_DEVICES: [0]
[I 2023-12-15 18:07:23,285] Trial 42 finished with value: 0.1367863416671753 and parameters: {'gradient_clip_val': 0.9988328858923113, 'hidden_size': 31, 'dropout': 0.19749771102201003, 'hidden_continuous_size': 16, 'attention_head_size': 4, 'learning_rate': 0.07765662619015976}. Best is trial 41 with value: 0.06259039789438248.
LOCAL_RANK: 0 - CUDA_VISIBLE_DEVICES: [0]
[I 2023-12-15 18:08:16,339] Trial 43 finished with value: 0.15212959051132202 and parameters: {'gradient_clip_val': 0.8682460512353077, 'hidden_size': 37, 'dropout': 0.24034645581828576, 'hidden_continuous_size': 20, 'attention_head_size': 4, 'learning_rate': 0.053149801777890186}. Best is trial 41 with value: 0.06259039789438248.
LOCAL_RANK: 0 - CUDA_VISIBLE_DEVICES: [0]
[I 2023-12-15 18:09:09,177] Trial 44 finished with value: 0.08551482111215591 and parameters: {'gradient_clip_val': 0.8285950896127386, 'hidden_size': 56, 'dropout': 0.22339154039335474, 'hidden_continuous_size': 27, 'attention_head_size': 4, 'learning_rate': 0.07565575091945226}. Best is trial 41 with value: 0.06259039789438248.
LOCAL_RANK: 0 - CUDA_VISIBLE_DEVICES: [0]
[I 2023-12-15 18:09:58,873] Trial 45 finished with value: 0.13755564391613007 and parameters: {'gradient_clip_val': 0.9147294933866783, 'hidden_size': 29, 'dropout': 0.1904307741930109, 'hidden_continuous_size': 15, 'attention_head_size': 4, 'learning_rate': 0.0479409573219829}. Best is trial 41 with value: 0.06259039789438248.
LOCAL_RANK: 0 - CUDA_VISIBLE_DEVICES: [0]
[I 2023-12-15 18:10:52,753] Trial 46 finished with value: 0.12304142862558365 and parameters: {'gradient_clip_val': 0.7680172908645869, 'hidden_size': 50, 'dropout': 0.16074279688366594, 'hidden_continuous_size': 17, 'attention_head_size': 4, 'learning_rate': 0.07814426955445355}. Best is trial 41 with value: 0.06259039789438248.
LOCAL_RANK: 0 - CUDA_VISIBLE_DEVICES: [0]
[I 2023-12-15 18:11:43,779] Trial 47 finished with value: 0.07874774932861328 and parameters: {'gradient_clip_val': 0.8893214776966009, 'hidden_size': 34, 'dropout': 0.14414481655711658, 'hidden_continuous_size': 14, 'attention_head_size': 4, 'learning_rate': 0.03769972787071896}. Best is trial 41 with value: 0.06259039789438248.
LOCAL_RANK: 0 - CUDA_VISIBLE_DEVICES: [0]
[I 2023-12-15 18:12:34,369] Trial 48 finished with value: 0.16332675516605377 and parameters: {'gradient_clip_val': 0.998430368828595, 'hidden_size': 27, 'dropout': 0.22343444344746485, 'hidden_continuous_size': 19, 'attention_head_size': 4, 'learning_rate': 0.09684703356419148}. Best is trial 41 with value: 0.06259039789438248.
LOCAL_RANK: 0 - CUDA_VISIBLE_DEVICES: [0]
[I 2023-12-15 18:13:28,564] Trial 49 finished with value: 0.10372211784124374 and parameters: {'gradient_clip_val': 0.8058860789151102, 'hidden_size': 76, 'dropout': 0.18725272861843473, 'hidden_continuous_size': 23, 'attention_head_size': 4, 'learning_rate': 0.05325165115776397}. Best is trial 41 with value: 0.06259039789438248.
[I 2023-12-15 18:13:28,657] A new study created in memory with name: no-name-88855d71-1d66-494a-b769-316b4430fa75
/home/le004/conda/anaconda3/envs/tsff_env/lib/python3.9/site-packages/lightning/fabric/plugins/environments/slurm.py:191: The `srun` command is available on your system but is not used. HINT: If your intention is to run Lightning on SLURM, prepend your python command with `srun` like so: srun python /home/le004/master_thesis/git/TSFusionForecast/code/ ...
LOCAL_RANK: 0 - CUDA_VISIBLE_DEVICES: [0]
[I 2023-12-15 18:14:21,437] Trial 0 finished with value: 0.05649879574775696 and parameters: {'gradient_clip_val': 0.12869150148437739, 'hidden_size': 78, 'dropout': 0.2032189387764358, 'hidden_continuous_size': 11, 'attention_head_size': 1, 'learning_rate': 0.03267189158604277}. Best is trial 0 with value: 0.05649879574775696.
LOCAL_RANK: 0 - CUDA_VISIBLE_DEVICES: [0]
[I 2023-12-15 18:15:16,789] Trial 1 finished with value: 0.1367345154285431 and parameters: {'gradient_clip_val': 0.17972416278009493, 'hidden_size': 84, 'dropout': 0.3977181189339555, 'hidden_continuous_size': 42, 'attention_head_size': 3, 'learning_rate': 0.0009949017972608314}. Best is trial 0 with value: 0.05649879574775696.
LOCAL_RANK: 0 - CUDA_VISIBLE_DEVICES: [0]
[I 2023-12-15 18:15:50,460] Trial 2 finished with value: 1.8778048753738403 and parameters: {'gradient_clip_val': 0.358852085391695, 'hidden_size': 5, 'dropout': 0.2854292980900847, 'hidden_continuous_size': 5, 'attention_head_size': 2, 'learning_rate': 0.0006240759494955772}. Best is trial 0 with value: 0.05649879574775696.
LOCAL_RANK: 0 - CUDA_VISIBLE_DEVICES: [0]
[I 2023-12-15 18:16:42,161] Trial 3 finished with value: 0.21958164870738983 and parameters: {'gradient_clip_val': 0.23972950548491434, 'hidden_size': 44, 'dropout': 0.3137784071096351, 'hidden_continuous_size': 8, 'attention_head_size': 3, 'learning_rate': 0.001855671180745095}. Best is trial 0 with value: 0.05649879574775696.
LOCAL_RANK: 0 - CUDA_VISIBLE_DEVICES: [0]
[I 2023-12-15 18:17:37,660] Trial 4 finished with value: 0.03927350789308548 and parameters: {'gradient_clip_val': 0.16927705889693168, 'hidden_size': 86, 'dropout': 0.35637751961068287, 'hidden_continuous_size': 35, 'attention_head_size': 2, 'learning_rate': 0.002418632458670026}. Best is trial 4 with value: 0.03927350789308548.
LOCAL_RANK: 0 - CUDA_VISIBLE_DEVICES: [0]
[I 2023-12-15 18:18:11,516] Trial 5 finished with value: 1.264087200164795 and parameters: {'gradient_clip_val': 0.9450567753843483, 'hidden_size': 10, 'dropout': 0.19044435034889778, 'hidden_continuous_size': 10, 'attention_head_size': 1, 'learning_rate': 0.0005001445728306856}. Best is trial 4 with value: 0.03927350789308548.
LOCAL_RANK: 0 - CUDA_VISIBLE_DEVICES: [0]
[I 2023-12-15 18:19:05,075] Trial 6 finished with value: 0.04202701523900032 and parameters: {'gradient_clip_val': 0.4822072889806605, 'hidden_size': 62, 'dropout': 0.18774099928798127, 'hidden_continuous_size': 26, 'attention_head_size': 2, 'learning_rate': 0.002009790178255156}. Best is trial 4 with value: 0.03927350789308548.
LOCAL_RANK: 0 - CUDA_VISIBLE_DEVICES: [0]
[I 2023-12-15 18:19:53,884] Trial 7 finished with value: 0.03462740406394005 and parameters: {'gradient_clip_val': 0.30483602299856605, 'hidden_size': 24, 'dropout': 0.3881212239756042, 'hidden_continuous_size': 22, 'attention_head_size': 4, 'learning_rate': 0.01101366948028213}. Best is trial 7 with value: 0.03462740406394005.
LOCAL_RANK: 0 - CUDA_VISIBLE_DEVICES: [0]
[I 2023-12-15 18:20:40,372] Trial 8 finished with value: 1.4237552881240845 and parameters: {'gradient_clip_val': 0.8503681392401414, 'hidden_size': 11, 'dropout': 0.39840718600424974, 'hidden_continuous_size': 7, 'attention_head_size': 4, 'learning_rate': 0.0006191271922021264}. Best is trial 7 with value: 0.03462740406394005.
LOCAL_RANK: 0 - CUDA_VISIBLE_DEVICES: [0]
[I 2023-12-15 18:21:34,519] Trial 9 finished with value: 0.04842757061123848 and parameters: {'gradient_clip_val': 0.11563042224794706, 'hidden_size': 63, 'dropout': 0.37449948441499625, 'hidden_continuous_size': 54, 'attention_head_size': 1, 'learning_rate': 0.0012264352783006457}. Best is trial 7 with value: 0.03462740406394005.
LOCAL_RANK: 0 - CUDA_VISIBLE_DEVICES: [0]
[I 2023-12-15 18:22:24,959] Trial 10 finished with value: 0.050543174147605896 and parameters: {'gradient_clip_val': 0.32390880538065875, 'hidden_size': 30, 'dropout': 0.10602673399039442, 'hidden_continuous_size': 17, 'attention_head_size': 4, 'learning_rate': 0.01174236085199776}. Best is trial 7 with value: 0.03462740406394005.
LOCAL_RANK: 0 - CUDA_VISIBLE_DEVICES: [0]
[I 2023-12-15 18:23:14,742] Trial 11 finished with value: 0.033983226865530014 and parameters: {'gradient_clip_val': 0.205040594814159, 'hidden_size': 27, 'dropout': 0.3451338714101896, 'hidden_continuous_size': 16, 'attention_head_size': 3, 'learning_rate': 0.005580916857449388}. Best is trial 11 with value: 0.033983226865530014.
LOCAL_RANK: 0 - CUDA_VISIBLE_DEVICES: [0]
[I 2023-12-15 18:24:02,999] Trial 12 finished with value: 0.055128831416368484 and parameters: {'gradient_clip_val': 0.22546834753958933, 'hidden_size': 24, 'dropout': 0.33606249923867104, 'hidden_continuous_size': 16, 'attention_head_size': 4, 'learning_rate': 0.006883822488747065}. Best is trial 11 with value: 0.033983226865530014.
LOCAL_RANK: 0 - CUDA_VISIBLE_DEVICES: [0]
[I 2023-12-15 18:24:55,220] Trial 13 finished with value: 0.07355710864067078 and parameters: {'gradient_clip_val': 0.4298440508778509, 'hidden_size': 34, 'dropout': 0.32164183623190556, 'hidden_continuous_size': 18, 'attention_head_size': 3, 'learning_rate': 0.08871775461827232}. Best is trial 11 with value: 0.033983226865530014.
LOCAL_RANK: 0 - CUDA_VISIBLE_DEVICES: [0]
[I 2023-12-15 18:25:44,368] Trial 14 finished with value: 0.04733499884605408 and parameters: {'gradient_clip_val': 0.10025637417860453, 'hidden_size': 19, 'dropout': 0.3487217411856336, 'hidden_continuous_size': 13, 'attention_head_size': 4, 'learning_rate': 0.00611421267406025}. Best is trial 11 with value: 0.033983226865530014.
LOCAL_RANK: 0 - CUDA_VISIBLE_DEVICES: [0]
[I 2023-12-15 18:26:32,472] Trial 15 finished with value: 0.043442051857709885 and parameters: {'gradient_clip_val': 0.24949943499930605, 'hidden_size': 17, 'dropout': 0.26590678484868857, 'hidden_continuous_size': 12, 'attention_head_size': 3, 'learning_rate': 0.013972722735410174}. Best is trial 11 with value: 0.033983226865530014.
LOCAL_RANK: 0 - CUDA_VISIBLE_DEVICES: [0]
[I 2023-12-15 18:27:25,602] Trial 16 finished with value: 0.03587162867188454 and parameters: {'gradient_clip_val': 0.15969389146709684, 'hidden_size': 37, 'dropout': 0.3611249410666061, 'hidden_continuous_size': 22, 'attention_head_size': 4, 'learning_rate': 0.004098411245809322}. Best is trial 11 with value: 0.033983226865530014.
LOCAL_RANK: 0 - CUDA_VISIBLE_DEVICES: [0]
[I 2023-12-15 18:28:15,057] Trial 17 finished with value: 0.08904833346605301 and parameters: {'gradient_clip_val': 0.28587009817012204, 'hidden_size': 23, 'dropout': 0.3128644894541482, 'hidden_continuous_size': 14, 'attention_head_size': 3, 'learning_rate': 0.01560094477447629}. Best is trial 11 with value: 0.033983226865530014.
LOCAL_RANK: 0 - CUDA_VISIBLE_DEVICES: [0]
[I 2023-12-15 18:29:08,586] Trial 18 finished with value: 0.05755533650517464 and parameters: {'gradient_clip_val': 0.21135312030944, 'hidden_size': 49, 'dropout': 0.37813178103762385, 'hidden_continuous_size': 23, 'attention_head_size': 4, 'learning_rate': 0.003335188062970364}. Best is trial 11 with value: 0.033983226865530014.
LOCAL_RANK: 0 - CUDA_VISIBLE_DEVICES: [0]
