[I 2023-12-26 17:51:03,155] Trial 10 finished with value: 1.8792451620101929 and parameters: {'gradient_clip_val': 0.6261957476245144, 'hidden_size': 138, 'dropout': 0.48479977892033166, 'hidden_continuous_size': 108, 'attention_head_size': 1, 'learning_rate': 0.09356916294558124}. Best is trial 0 with value: 0.09945077449083328.
[I 2023-12-26 17:51:14,952] Trial 11 finished with value: 2.5842103958129883 and parameters: {'gradient_clip_val': 0.6374980722669964, 'hidden_size': 141, 'dropout': 0.4986171702689579, 'hidden_continuous_size': 134, 'attention_head_size': 1, 'learning_rate': 0.09176620445814157}. Best is trial 0 with value: 0.09945077449083328.
[I 2023-12-26 17:51:26,346] Trial 12 finished with value: 3.413928270339966 and parameters: {'gradient_clip_val': 0.7101329540230552, 'hidden_size': 150, 'dropout': 0.4901834056658305, 'hidden_continuous_size': 68, 'attention_head_size': 1, 'learning_rate': 0.09939590815644762}. Best is trial 0 with value: 0.09945077449083328.
[I 2023-12-26 17:51:32,345] Trial 13 finished with value: 3.956300735473633 and parameters: {'gradient_clip_val': 0.935865876503486, 'hidden_size': 84, 'dropout': 0.4075668225533467, 'hidden_continuous_size': 32, 'attention_head_size': 2, 'learning_rate': 0.045410293583409936}. Best is trial 0 with value: 0.09945077449083328.
[I 2023-12-26 17:51:36,700] Trial 14 finished with value: 3.6138315200805664 and parameters: {'gradient_clip_val': 0.4669948125269632, 'hidden_size': 53, 'dropout': 0.3407044583439345, 'hidden_continuous_size': 9, 'attention_head_size': 1, 'learning_rate': 0.03629009253615248}. Best is trial 0 with value: 0.09945077449083328.
[I 2023-12-26 17:51:45,067] Trial 15 finished with value: 3.094928503036499 and parameters: {'gradient_clip_val': 0.500759478371469, 'hidden_size': 113, 'dropout': 0.4595192237549429, 'hidden_continuous_size': 32, 'attention_head_size': 2, 'learning_rate': 0.0201995156071667}. Best is trial 0 with value: 0.09945077449083328.
[I 2023-12-26 17:51:48,744] Trial 16 finished with value: 4.217545032501221 and parameters: {'gradient_clip_val': 0.42487474829300675, 'hidden_size': 47, 'dropout': 0.44898364955667797, 'hidden_continuous_size': 10, 'attention_head_size': 1, 'learning_rate': 0.09884397637595652}. Best is trial 0 with value: 0.09945077449083328.
[I 2023-12-26 17:51:56,719] Trial 17 finished with value: 4.0273919105529785 and parameters: {'gradient_clip_val': 0.9334153685802988, 'hidden_size': 106, 'dropout': 0.3261627861815609, 'hidden_continuous_size': 28, 'attention_head_size': 1, 'learning_rate': 0.05357676389822104}. Best is trial 0 with value: 0.09945077449083328.
[I 2023-12-26 17:52:01,233] Trial 18 finished with value: 3.6807196140289307 and parameters: {'gradient_clip_val': 0.632392568107221, 'hidden_size': 57, 'dropout': 0.3790527780580463, 'hidden_continuous_size': 8, 'attention_head_size': 3, 'learning_rate': 0.02183026899290327}. Best is trial 0 with value: 0.09945077449083328.
[I 2023-12-26 17:52:09,309] Trial 19 finished with value: 2.412397623062134 and parameters: {'gradient_clip_val': 0.4205469994855443, 'hidden_size': 107, 'dropout': 0.45951412304073613, 'hidden_continuous_size': 48, 'attention_head_size': 2, 'learning_rate': 0.07128939460872179}. Best is trial 0 with value: 0.09945077449083328.
[I 2023-12-26 17:52:12,599] Trial 20 finished with value: 3.4748449325561523 and parameters: {'gradient_clip_val': 0.5418675030387552, 'hidden_size': 39, 'dropout': 0.4308805657177425, 'hidden_continuous_size': 11, 'attention_head_size': 1, 'learning_rate': 0.0630341856033097}. Best is trial 0 with value: 0.09945077449083328.
[I 2023-12-26 17:52:20,728] Trial 21 finished with value: 2.9328346252441406 and parameters: {'gradient_clip_val': 0.41767678385795753, 'hidden_size': 106, 'dropout': 0.4623903913105005, 'hidden_continuous_size': 48, 'attention_head_size': 2, 'learning_rate': 0.06119273368354683}. Best is trial 0 with value: 0.09945077449083328.
[I 2023-12-26 17:52:32,053] Trial 22 finished with value: 2.6341545581817627 and parameters: {'gradient_clip_val': 0.4015877480657954, 'hidden_size': 143, 'dropout': 0.4907153784617064, 'hidden_continuous_size': 84, 'attention_head_size': 2, 'learning_rate': 0.036012759691478206}. Best is trial 0 with value: 0.09945077449083328.
[I 2023-12-26 17:52:37,199] Trial 23 finished with value: 2.672075033187866 and parameters: {'gradient_clip_val': 0.7509026547277637, 'hidden_size': 70, 'dropout': 0.4336641571391423, 'hidden_continuous_size': 24, 'attention_head_size': 1, 'learning_rate': 0.0668700577974826}. Best is trial 0 with value: 0.09945077449083328.
[I 2023-12-26 17:52:45,283] Trial 24 finished with value: 4.3381218910217285 and parameters: {'gradient_clip_val': 0.5686503055274682, 'hidden_size': 106, 'dropout': 0.4658605037665652, 'hidden_continuous_size': 43, 'attention_head_size': 2, 'learning_rate': 0.02860229809276067}. Best is trial 0 with value: 0.09945077449083328.
[I 2023-12-26 17:52:52,245] Trial 25 finished with value: 3.8104703426361084 and parameters: {'gradient_clip_val': 0.36527026551947367, 'hidden_size': 91, 'dropout': 0.41791631361404996, 'hidden_continuous_size': 23, 'attention_head_size': 1, 'learning_rate': 0.05920789676510877}. Best is trial 0 with value: 0.09945077449083328.
[I 2023-12-26 17:52:57,564] Trial 26 finished with value: 2.910529375076294 and parameters: {'gradient_clip_val': 0.485647042274017, 'hidden_size': 65, 'dropout': 0.37378080900541644, 'hidden_continuous_size': 15, 'attention_head_size': 3, 'learning_rate': 0.09795153417466987}. Best is trial 0 with value: 0.09945077449083328.
[I 2023-12-26 17:53:07,272] Trial 27 finished with value: 4.4333600997924805 and parameters: {'gradient_clip_val': 0.7869063549834837, 'hidden_size': 123, 'dropout': 0.47384796825486225, 'hidden_continuous_size': 70, 'attention_head_size': 2, 'learning_rate': 0.022819334468742833}. Best is trial 0 with value: 0.09945077449083328.
[I 2023-12-26 17:53:13,953] Trial 28 finished with value: 3.4333133697509766 and parameters: {'gradient_clip_val': 0.5694846531902442, 'hidden_size': 90, 'dropout': 0.437733442414345, 'hidden_continuous_size': 12, 'attention_head_size': 1, 'learning_rate': 0.04176465797395052}. Best is trial 0 with value: 0.09945077449083328.
[I 2023-12-26 17:53:19,737] Trial 29 finished with value: 3.7529823780059814 and parameters: {'gradient_clip_val': 0.6362258273888213, 'hidden_size': 70, 'dropout': 0.49692767824034256, 'hidden_continuous_size': 12, 'attention_head_size': 3, 'learning_rate': 0.07012408830035835}. Best is trial 0 with value: 0.09945077449083328.
[I 2023-12-26 17:53:26,351] Trial 30 finished with value: 3.1884067058563232 and parameters: {'gradient_clip_val': 0.38066022173786984, 'hidden_size': 87, 'dropout': 0.45292431432455577, 'hidden_continuous_size': 15, 'attention_head_size': 2, 'learning_rate': 0.014324659539528094}. Best is trial 0 with value: 0.09945077449083328.
[I 2023-12-26 17:53:28,434] Trial 31 finished with value: 3.1141068935394287 and parameters: {'gradient_clip_val': 0.1108500458691207, 'hidden_size': 16, 'dropout': 0.2832230503656895, 'hidden_continuous_size': 8, 'attention_head_size': 1, 'learning_rate': 0.004989798276897548}. Best is trial 0 with value: 0.09945077449083328.
[I 2023-12-26 17:53:31,634] Trial 32 finished with value: 3.1748530864715576 and parameters: {'gradient_clip_val': 0.12220111490626841, 'hidden_size': 37, 'dropout': 0.3238305723605456, 'hidden_continuous_size': 19, 'attention_head_size': 1, 'learning_rate': 0.0030799216274707006}. Best is trial 0 with value: 0.09945077449083328.
[I 2023-12-26 17:53:40,533] Trial 33 finished with value: 3.7210090160369873 and parameters: {'gradient_clip_val': 0.3404388480883088, 'hidden_size': 122, 'dropout': 0.4075307196913899, 'hidden_continuous_size': 6, 'attention_head_size': 1, 'learning_rate': 0.010412587374451611}. Best is trial 0 with value: 0.09945077449083328.
[I 2023-12-26 17:53:45,179] Trial 34 finished with value: 3.4452497959136963 and parameters: {'gradient_clip_val': 0.24186731818028165, 'hidden_size': 60, 'dropout': 0.47349314345357824, 'hidden_continuous_size': 7, 'attention_head_size': 1, 'learning_rate': 0.008207648655832981}. Best is trial 0 with value: 0.09945077449083328.
[I 2023-12-26 17:53:47,354] Trial 35 finished with value: 4.228724002838135 and parameters: {'gradient_clip_val': 0.3280379686390713, 'hidden_size': 10, 'dropout': 0.25278780090336816, 'hidden_continuous_size': 7, 'attention_head_size': 1, 'learning_rate': 0.0008112918288390672}. Best is trial 0 with value: 0.09945077449083328.
[I 2023-12-26 17:53:53,019] Trial 36 finished with value: 3.776550531387329 and parameters: {'gradient_clip_val': 0.16705995144831953, 'hidden_size': 77, 'dropout': 0.3931133541496031, 'hidden_continuous_size': 5, 'attention_head_size': 2, 'learning_rate': 0.0005742796340739036}. Best is trial 0 with value: 0.09945077449083328.
[I 2023-12-26 17:53:55,671] Trial 37 finished with value: 2.9902849197387695 and parameters: {'gradient_clip_val': 0.12308616330891138, 'hidden_size': 23, 'dropout': 0.2241709992329897, 'hidden_continuous_size': 12, 'attention_head_size': 1, 'learning_rate': 0.0021394920865055894}. Best is trial 0 with value: 0.09945077449083328.
[I 2023-12-26 17:53:57,847] Trial 38 finished with value: 3.9268128871917725 and parameters: {'gradient_clip_val': 0.20485373954811295, 'hidden_size': 5, 'dropout': 0.35793480381518294, 'hidden_continuous_size': 5, 'attention_head_size': 2, 'learning_rate': 0.015041519427498769}. Best is trial 0 with value: 0.09945077449083328.
[I 2023-12-26 17:54:01,697] Trial 39 finished with value: 3.4867217540740967 and parameters: {'gradient_clip_val': 0.4557785408106457, 'hidden_size': 50, 'dropout': 0.2971249467760078, 'hidden_continuous_size': 13, 'attention_head_size': 1, 'learning_rate': 0.03177713536224795}. Best is trial 0 with value: 0.09945077449083328.
[I 2023-12-26 17:54:12,530] Trial 40 finished with value: 3.785062074661255 and parameters: {'gradient_clip_val': 0.14868231818106306, 'hidden_size': 149, 'dropout': 0.41834528459025266, 'hidden_continuous_size': 9, 'attention_head_size': 3, 'learning_rate': 0.04514991189858551}. Best is trial 0 with value: 0.09945077449083328.
[I 2023-12-26 17:54:15,322] Trial 41 finished with value: 3.2552566528320312 and parameters: {'gradient_clip_val': 0.19085259654495484, 'hidden_size': 32, 'dropout': 0.21164777531429596, 'hidden_continuous_size': 17, 'attention_head_size': 2, 'learning_rate': 0.0063090855045232035}. Best is trial 0 with value: 0.09945077449083328.
[I 2023-12-26 17:54:18,022] Trial 42 finished with value: 3.7410240173339844 and parameters: {'gradient_clip_val': 0.10099255852646545, 'hidden_size': 26, 'dropout': 0.13242938933424803, 'hidden_continuous_size': 14, 'attention_head_size': 2, 'learning_rate': 0.00412475426881326}. Best is trial 0 with value: 0.09945077449083328.
[I 2023-12-26 17:54:20,373] Trial 43 finished with value: 4.643581390380859 and parameters: {'gradient_clip_val': 0.3043607904072497, 'hidden_size': 13, 'dropout': 0.17184640214640495, 'hidden_continuous_size': 9, 'attention_head_size': 4, 'learning_rate': 0.0014649453677079499}. Best is trial 0 with value: 0.09945077449083328.
[I 2023-12-26 17:54:22,524] Trial 44 finished with value: 3.142972707748413 and parameters: {'gradient_clip_val': 0.15863972716381947, 'hidden_size': 7, 'dropout': 0.4826337538977811, 'hidden_continuous_size': 6, 'attention_head_size': 2, 'learning_rate': 0.002673637981544916}. Best is trial 0 with value: 0.09945077449083328.
[I 2023-12-26 17:54:28,456] Trial 45 finished with value: 2.6558077335357666 and parameters: {'gradient_clip_val': 0.26757229967874036, 'hidden_size': 79, 'dropout': 0.2684532785825771, 'hidden_continuous_size': 40, 'attention_head_size': 1, 'learning_rate': 0.08111220789529117}. Best is trial 0 with value: 0.09945077449083328.
[I 2023-12-26 17:54:30,960] Trial 46 finished with value: 4.353536128997803 and parameters: {'gradient_clip_val': 0.23252415737899101, 'hidden_size': 21, 'dropout': 0.10865019344462637, 'hidden_continuous_size': 11, 'attention_head_size': 1, 'learning_rate': 0.08199638778020428}. Best is trial 0 with value: 0.09945077449083328.
[I 2023-12-26 17:54:34,589] Trial 47 finished with value: 3.5529887676239014 and parameters: {'gradient_clip_val': 0.14088583916578826, 'hidden_size': 44, 'dropout': 0.4486480408424436, 'hidden_continuous_size': 20, 'attention_head_size': 3, 'learning_rate': 0.049702214041745935}. Best is trial 0 with value: 0.09945077449083328.
[I 2023-12-26 17:54:39,074] Trial 48 finished with value: 2.8012778759002686 and parameters: {'gradient_clip_val': 0.4345479771887847, 'hidden_size': 56, 'dropout': 0.4964617018431595, 'hidden_continuous_size': 30, 'attention_head_size': 2, 'learning_rate': 0.0005097959167161548}. Best is trial 0 with value: 0.09945077449083328.
[I 2023-12-26 17:54:49,854] Trial 49 finished with value: 3.231858491897583 and parameters: {'gradient_clip_val': 0.5142879082504009, 'hidden_size': 127, 'dropout': 0.4699512604209439, 'hidden_continuous_size': 123, 'attention_head_size': 1, 'learning_rate': 0.007461194949684936}. Best is trial 0 with value: 0.09945077449083328.
[I 2023-12-26 17:54:50,006] A new study created in memory with name: no-name-7569e056-c4de-45ce-a1a3-0839ae1ddca8
/home/le004/conda/anaconda3/envs/tsff_env/lib/python3.9/site-packages/lightning/fabric/plugins/environments/slurm.py:191: The `srun` command is available on your system but is not used. HINT: If your intention is to run Lightning on SLURM, prepend your python command with `srun` like so: srun python /home/le004/master_thesis/git/TSFusionForecast/code/ ...
[I 2023-12-26 17:58:43,027] Trial 0 finished with value: 0.20996759831905365 and parameters: {'gradient_clip_val': 0.13416996037837003, 'hidden_size': 16, 'dropout': 0.24077763611303432, 'hidden_continuous_size': 5, 'attention_head_size': 3, 'learning_rate': 0.0025325415098887733}. Best is trial 0 with value: 0.20996759831905365.
[I 2023-12-26 17:58:44,920] Trial 1 finished with value: 4.066667079925537 and parameters: {'gradient_clip_val': 0.10197113710160248, 'hidden_size': 6, 'dropout': 0.45630328667284714, 'hidden_continuous_size': 5, 'attention_head_size': 1, 'learning_rate': 0.0008601140671343864}. Best is trial 0 with value: 0.20996759831905365.
[I 2023-12-26 17:58:47,138] Trial 2 finished with value: 3.2737834453582764 and parameters: {'gradient_clip_val': 0.21431457312874727, 'hidden_size': 18, 'dropout': 0.2350992836114325, 'hidden_continuous_size': 6, 'attention_head_size': 4, 'learning_rate': 0.00863878124319017}. Best is trial 0 with value: 0.20996759831905365.
[I 2023-12-26 17:58:49,426] Trial 3 finished with value: 2.8207523822784424 and parameters: {'gradient_clip_val': 0.21395148677757256, 'hidden_size': 21, 'dropout': 0.26215538216518347, 'hidden_continuous_size': 5, 'attention_head_size': 3, 'learning_rate': 0.013619728343154044}. Best is trial 0 with value: 0.20996759831905365.
[I 2023-12-26 17:58:55,086] Trial 4 finished with value: 2.552738904953003 and parameters: {'gradient_clip_val': 0.1889212522506446, 'hidden_size': 80, 'dropout': 0.34710745993268166, 'hidden_continuous_size': 59, 'attention_head_size': 4, 'learning_rate': 0.0035333486231401614}. Best is trial 0 with value: 0.20996759831905365.
[I 2023-12-26 17:58:58,899] Trial 5 finished with value: 2.1102426052093506 and parameters: {'gradient_clip_val': 0.14146098207273564, 'hidden_size': 49, 'dropout': 0.40404372708889047, 'hidden_continuous_size': 18, 'attention_head_size': 3, 'learning_rate': 0.002102852742454817}. Best is trial 0 with value: 0.20996759831905365.
[I 2023-12-26 17:59:08,498] Trial 6 finished with value: 2.28867506980896 and parameters: {'gradient_clip_val': 0.6462134319631972, 'hidden_size': 123, 'dropout': 0.3056531968164812, 'hidden_continuous_size': 121, 'attention_head_size': 4, 'learning_rate': 0.02439608384118137}. Best is trial 0 with value: 0.20996759831905365.
[I 2023-12-26 17:59:13,882] Trial 7 finished with value: 2.4602837562561035 and parameters: {'gradient_clip_val': 0.16203929574810258, 'hidden_size': 82, 'dropout': 0.47224840354371633, 'hidden_continuous_size': 7, 'attention_head_size': 1, 'learning_rate': 0.0033556323500733387}. Best is trial 0 with value: 0.20996759831905365.
[I 2023-12-26 17:59:19,394] Trial 8 finished with value: 2.8403537273406982 and parameters: {'gradient_clip_val': 0.4804890121995622, 'hidden_size': 78, 'dropout': 0.30973881814892607, 'hidden_continuous_size': 42, 'attention_head_size': 4, 'learning_rate': 0.0010752576317839453}. Best is trial 0 with value: 0.20996759831905365.
[I 2023-12-26 17:59:21,355] Trial 9 finished with value: 2.571112632751465 and parameters: {'gradient_clip_val': 0.3807892346491802, 'hidden_size': 6, 'dropout': 0.41682812122402624, 'hidden_continuous_size': 5, 'attention_head_size': 4, 'learning_rate': 0.010798368384260642}. Best is trial 0 with value: 0.20996759831905365.
[I 2023-12-26 17:59:23,436] Trial 10 finished with value: 2.7030155658721924 and parameters: {'gradient_clip_val': 0.9504651815603101, 'hidden_size': 12, 'dropout': 0.1368166211461464, 'hidden_continuous_size': 6, 'attention_head_size': 2, 'learning_rate': 0.056863452714615355}. Best is trial 0 with value: 0.20996759831905365.
[I 2023-12-26 17:59:26,568] Trial 11 finished with value: 2.883406639099121 and parameters: {'gradient_clip_val': 0.10083823368650487, 'hidden_size': 37, 'dropout': 0.38278355961439675, 'hidden_continuous_size': 11, 'attention_head_size': 3, 'learning_rate': 0.0020282917095513814}. Best is trial 0 with value: 0.20996759831905365.
[I 2023-12-26 17:59:29,425] Trial 12 finished with value: 3.921661376953125 and parameters: {'gradient_clip_val': 0.148874187640407, 'hidden_size': 34, 'dropout': 0.19973698627729652, 'hidden_continuous_size': 11, 'attention_head_size': 2, 'learning_rate': 0.0007111498108741467}. Best is trial 0 with value: 0.20996759831905365.
[I 2023-12-26 17:59:32,978] Trial 13 finished with value: 3.0837974548339844 and parameters: {'gradient_clip_val': 0.2799064145089128, 'hidden_size': 43, 'dropout': 0.49898472636219177, 'hidden_continuous_size': 16, 'attention_head_size': 3, 'learning_rate': 0.0019278717594046087}. Best is trial 0 with value: 0.20996759831905365.
[I 2023-12-26 17:59:35,138] Trial 14 finished with value: 3.7102162837982178 and parameters: {'gradient_clip_val': 0.13923299430537917, 'hidden_size': 14, 'dropout': 0.35748517846726585, 'hidden_continuous_size': 7, 'attention_head_size': 2, 'learning_rate': 0.0005352180805415648}. Best is trial 0 with value: 0.20996759831905365.
[I 2023-12-26 17:59:37,825] Trial 15 finished with value: 3.096017837524414 and parameters: {'gradient_clip_val': 0.2731112494470931, 'hidden_size': 30, 'dropout': 0.41210064633707866, 'hidden_continuous_size': 9, 'attention_head_size': 3, 'learning_rate': 0.00517638553682524}. Best is trial 0 with value: 0.20996759831905365.
[I 2023-12-26 17:59:39,942] Trial 16 finished with value: 3.3463735580444336 and parameters: {'gradient_clip_val': 0.12769821729090788, 'hidden_size': 10, 'dropout': 0.1815255112670533, 'hidden_continuous_size': 5, 'attention_head_size': 3, 'learning_rate': 0.0015978544157506601}. Best is trial 0 with value: 0.20996759831905365.
[I 2023-12-26 17:59:42,264] Trial 17 finished with value: 2.320460319519043 and parameters: {'gradient_clip_val': 0.17631577401099918, 'hidden_size': 22, 'dropout': 0.2687090238648808, 'hidden_continuous_size': 9, 'attention_head_size': 2, 'learning_rate': 0.00410353585888578}. Best is trial 0 with value: 0.20996759831905365.
[I 2023-12-26 17:59:45,679] Trial 18 finished with value: 3.000972032546997 and parameters: {'gradient_clip_val': 0.1265464760014985, 'hidden_size': 49, 'dropout': 0.10507142248656279, 'hidden_continuous_size': 18, 'attention_head_size': 3, 'learning_rate': 0.001335023533327118}. Best is trial 0 with value: 0.20996759831905365.
[I 2023-12-26 17:59:48,133] Trial 19 finished with value: 2.2960712909698486 and parameters: {'gradient_clip_val': 0.23278586987723535, 'hidden_size': 26, 'dropout': 0.32697502137748813, 'hidden_continuous_size': 9, 'attention_head_size': 2, 'learning_rate': 0.0024716135336130454}. Best is trial 0 with value: 0.20996759831905365.
[I 2023-12-26 17:59:51,894] Trial 20 finished with value: 2.394829511642456 and parameters: {'gradient_clip_val': 0.16932336231460104, 'hidden_size': 53, 'dropout': 0.2771091641157369, 'hidden_continuous_size': 19, 'attention_head_size': 3, 'learning_rate': 0.007398765522550736}. Best is trial 0 with value: 0.20996759831905365.
[I 2023-12-26 18:00:02,808] Trial 21 finished with value: 1.94597589969635 and parameters: {'gradient_clip_val': 0.5629963416110836, 'hidden_size': 140, 'dropout': 0.30115922295132097, 'hidden_continuous_size': 127, 'attention_head_size': 4, 'learning_rate': 0.020972952105015895}. Best is trial 0 with value: 0.20996759831905365.
[I 2023-12-26 18:00:12,798] Trial 22 finished with value: 2.4438929557800293 and parameters: {'gradient_clip_val': 0.37055780198904376, 'hidden_size': 148, 'dropout': 0.34450552815116686, 'hidden_continuous_size': 30, 'attention_head_size': 4, 'learning_rate': 0.005350644608573841}. Best is trial 0 with value: 0.20996759831905365.
[I 2023-12-26 18:00:17,078] Trial 23 finished with value: 2.8995368480682373 and parameters: {'gradient_clip_val': 0.11749453408645365, 'hidden_size': 58, 'dropout': 0.23163936395680193, 'hidden_continuous_size': 15, 'attention_head_size': 3, 'learning_rate': 0.002540299938735864}. Best is trial 0 with value: 0.20996759831905365.
[I 2023-12-26 18:00:24,980] Trial 24 finished with value: 2.887319564819336 and parameters: {'gradient_clip_val': 0.1451279131094755, 'hidden_size': 111, 'dropout': 0.2970378332043618, 'hidden_continuous_size': 25, 'attention_head_size': 4, 'learning_rate': 0.0185255518258992}. Best is trial 0 with value: 0.20996759831905365.
