[I 2023-12-26 13:44:10,416] Trial 46 finished with value: 3.7491791248321533 and parameters: {'gradient_clip_val': 0.1177122491515709, 'hidden_size': 69, 'dropout': 0.35234787926146854, 'hidden_continuous_size': 21, 'attention_head_size': 1, 'learning_rate': 0.025373566551129646}. Best is trial 0 with value: 0.04740001633763313.
[I 2023-12-26 13:44:14,980] Trial 47 finished with value: 2.6098296642303467 and parameters: {'gradient_clip_val': 0.1340920225486979, 'hidden_size': 51, 'dropout': 0.15355691391411957, 'hidden_continuous_size': 18, 'attention_head_size': 3, 'learning_rate': 0.007119274222522592}. Best is trial 0 with value: 0.04740001633763313.
[I 2023-12-26 13:44:19,217] Trial 48 finished with value: 3.728268623352051 and parameters: {'gradient_clip_val': 0.16062261217092447, 'hidden_size': 42, 'dropout': 0.3739211985253518, 'hidden_continuous_size': 15, 'attention_head_size': 2, 'learning_rate': 0.005358892676844529}. Best is trial 0 with value: 0.04740001633763313.
[I 2023-12-26 13:44:22,123] Trial 49 finished with value: 3.165830373764038 and parameters: {'gradient_clip_val': 0.10274569603881965, 'hidden_size': 24, 'dropout': 0.4093956231019181, 'hidden_continuous_size': 12, 'attention_head_size': 1, 'learning_rate': 0.011366505695462515}. Best is trial 0 with value: 0.04740001633763313.
[I 2023-12-26 13:44:22,276] A new study created in memory with name: no-name-fd9c62af-29b4-4611-81f9-4cffe9fd2bf9
/home/le004/conda/anaconda3/envs/tsff_env/lib/python3.9/site-packages/lightning/fabric/plugins/environments/slurm.py:191: The `srun` command is available on your system but is not used. HINT: If your intention is to run Lightning on SLURM, prepend your python command with `srun` like so: srun python /home/le004/master_thesis/git/TSFusionForecast/code/ ...
[I 2023-12-26 14:06:11,947] Trial 0 finished with value: 0.03549657016992569 and parameters: {'gradient_clip_val': 0.12231554219178704, 'hidden_size': 101, 'dropout': 0.15629980802562532, 'hidden_continuous_size': 60, 'attention_head_size': 2, 'learning_rate': 0.0008529224815781207}. Best is trial 0 with value: 0.03549657016992569.
[I 2023-12-26 14:08:12,567] Trial 1 finished with value: 0.07637617737054825 and parameters: {'gradient_clip_val': 0.40529742451198186, 'hidden_size': 39, 'dropout': 0.3860444788063139, 'hidden_continuous_size': 8, 'attention_head_size': 3, 'learning_rate': 0.004745277511215023}. Best is trial 0 with value: 0.03549657016992569.
[I 2023-12-26 14:08:14,533] Trial 2 finished with value: 2.57893443107605 and parameters: {'gradient_clip_val': 0.18554230873934402, 'hidden_size': 6, 'dropout': 0.32351114206516984, 'hidden_continuous_size': 6, 'attention_head_size': 1, 'learning_rate': 0.047738215432394905}. Best is trial 0 with value: 0.03549657016992569.
[I 2023-12-26 14:08:17,834] Trial 3 finished with value: 2.763731002807617 and parameters: {'gradient_clip_val': 0.38556706899565957, 'hidden_size': 29, 'dropout': 0.4917126900317481, 'hidden_continuous_size': 12, 'attention_head_size': 3, 'learning_rate': 0.01595002019584022}. Best is trial 0 with value: 0.03549657016992569.
[I 2023-12-26 14:08:20,598] Trial 4 finished with value: 2.6108992099761963 and parameters: {'gradient_clip_val': 0.49734213382073617, 'hidden_size': 22, 'dropout': 0.4958254070852559, 'hidden_continuous_size': 9, 'attention_head_size': 2, 'learning_rate': 0.00780361154639475}. Best is trial 0 with value: 0.03549657016992569.
[I 2023-12-26 14:08:23,022] Trial 5 finished with value: 4.077414512634277 and parameters: {'gradient_clip_val': 0.39556361275402896, 'hidden_size': 13, 'dropout': 0.16663252929086764, 'hidden_continuous_size': 8, 'attention_head_size': 3, 'learning_rate': 0.009290880542931862}. Best is trial 0 with value: 0.03549657016992569.
[I 2023-12-26 14:08:25,385] Trial 6 finished with value: 4.13263463973999 and parameters: {'gradient_clip_val': 0.30949122139195334, 'hidden_size': 9, 'dropout': 0.4644533601184372, 'hidden_continuous_size': 5, 'attention_head_size': 4, 'learning_rate': 0.013258917316059647}. Best is trial 0 with value: 0.03549657016992569.
[I 2023-12-26 14:08:35,546] Trial 7 finished with value: 3.1606223583221436 and parameters: {'gradient_clip_val': 0.1760684195420804, 'hidden_size': 128, 'dropout': 0.3320017108134513, 'hidden_continuous_size': 13, 'attention_head_size': 2, 'learning_rate': 0.002410920861653461}. Best is trial 0 with value: 0.03549657016992569.
[I 2023-12-26 14:08:37,985] Trial 8 finished with value: 3.3829681873321533 and parameters: {'gradient_clip_val': 0.7625026248642366, 'hidden_size': 5, 'dropout': 0.2825684884727123, 'hidden_continuous_size': 5, 'attention_head_size': 4, 'learning_rate': 0.0096074137712025}. Best is trial 0 with value: 0.03549657016992569.
[I 2023-12-26 14:08:40,595] Trial 9 finished with value: 4.3078532218933105 and parameters: {'gradient_clip_val': 0.28478900799414836, 'hidden_size': 20, 'dropout': 0.48201584556440535, 'hidden_continuous_size': 17, 'attention_head_size': 1, 'learning_rate': 0.0005972407518537405}. Best is trial 0 with value: 0.03549657016992569.
[I 2023-12-26 14:08:51,386] Trial 10 finished with value: 3.8152916431427 and parameters: {'gradient_clip_val': 0.10654095212700516, 'hidden_size': 130, 'dropout': 0.11157901384550903, 'hidden_continuous_size': 71, 'attention_head_size': 2, 'learning_rate': 0.0005523946705440103}. Best is trial 0 with value: 0.03549657016992569.
[I 2023-12-26 14:08:55,363] Trial 11 finished with value: 2.3373568058013916 and parameters: {'gradient_clip_val': 0.10207747536314872, 'hidden_size': 52, 'dropout': 0.2171074080235611, 'hidden_continuous_size': 25, 'attention_head_size': 3, 'learning_rate': 0.002247499751083438}. Best is trial 0 with value: 0.03549657016992569.
[I 2023-12-26 14:09:01,105] Trial 12 finished with value: 3.734645128250122 and parameters: {'gradient_clip_val': 0.9333245407551244, 'hidden_size': 63, 'dropout': 0.38406495505011906, 'hidden_continuous_size': 60, 'attention_head_size': 2, 'learning_rate': 0.0023112924293955507}. Best is trial 0 with value: 0.03549657016992569.
[I 2023-12-26 14:09:07,093] Trial 13 finished with value: 2.8819568157196045 and parameters: {'gradient_clip_val': 0.19287203933493874, 'hidden_size': 65, 'dropout': 0.23549960975799583, 'hidden_continuous_size': 31, 'attention_head_size': 3, 'learning_rate': 0.0012712089824052609}. Best is trial 0 with value: 0.03549657016992569.
[I 2023-12-26 14:09:10,368] Trial 14 finished with value: 2.563904285430908 and parameters: {'gradient_clip_val': 0.5568359054903647, 'hidden_size': 37, 'dropout': 0.39059353715130113, 'hidden_continuous_size': 8, 'attention_head_size': 1, 'learning_rate': 0.0043094034293450975}. Best is trial 0 with value: 0.03549657016992569.
[I 2023-12-26 14:09:19,493] Trial 15 finished with value: 3.470487356185913 and parameters: {'gradient_clip_val': 0.24572039906356433, 'hidden_size': 100, 'dropout': 0.11640813239907309, 'hidden_continuous_size': 96, 'attention_head_size': 4, 'learning_rate': 0.0011615522186952756}. Best is trial 0 with value: 0.03549657016992569.
[I 2023-12-26 14:09:27,338] Trial 16 finished with value: 2.9283926486968994 and parameters: {'gradient_clip_val': 0.5688984285221186, 'hidden_size': 91, 'dropout': 0.18565089753936115, 'hidden_continuous_size': 35, 'attention_head_size': 2, 'learning_rate': 0.004305647712931082}. Best is trial 0 with value: 0.03549657016992569.
[I 2023-12-26 14:09:30,958] Trial 17 finished with value: 3.7033348083496094 and parameters: {'gradient_clip_val': 0.1532747439022946, 'hidden_size': 38, 'dropout': 0.27222474847850464, 'hidden_continuous_size': 16, 'attention_head_size': 3, 'learning_rate': 0.030035960471027464}. Best is trial 0 with value: 0.03549657016992569.
[I 2023-12-26 14:09:38,288] Trial 18 finished with value: 3.0954740047454834 and parameters: {'gradient_clip_val': 0.24326875062941924, 'hidden_size': 86, 'dropout': 0.2518801306559424, 'hidden_continuous_size': 21, 'attention_head_size': 2, 'learning_rate': 0.07747003978881577}. Best is trial 0 with value: 0.03549657016992569.
[I 2023-12-26 14:09:42,324] Trial 19 finished with value: 3.6324241161346436 and parameters: {'gradient_clip_val': 0.3723914932822417, 'hidden_size': 45, 'dropout': 0.18093824874817202, 'hidden_continuous_size': 11, 'attention_head_size': 3, 'learning_rate': 0.004870004880703902}. Best is trial 0 with value: 0.03549657016992569.
[I 2023-12-26 14:09:55,602] Trial 20 finished with value: 2.972686529159546 and parameters: {'gradient_clip_val': 0.1325674448571564, 'hidden_size': 146, 'dropout': 0.30240051839530535, 'hidden_continuous_size': 145, 'attention_head_size': 4, 'learning_rate': 0.0009293340449692885}. Best is trial 0 with value: 0.03549657016992569.
[I 2023-12-26 14:10:00,334] Trial 21 finished with value: 3.3418428897857666 and parameters: {'gradient_clip_val': 0.14082927863573433, 'hidden_size': 54, 'dropout': 0.22457737040786385, 'hidden_continuous_size': 24, 'attention_head_size': 3, 'learning_rate': 0.0019675286205010907}. Best is trial 0 with value: 0.03549657016992569.
[I 2023-12-26 14:10:06,509] Trial 22 finished with value: 3.434096574783325 and parameters: {'gradient_clip_val': 0.1189916290435478, 'hidden_size': 73, 'dropout': 0.20654569838045966, 'hidden_continuous_size': 29, 'attention_head_size': 3, 'learning_rate': 0.0027558157106594905}. Best is trial 0 with value: 0.03549657016992569.
[I 2023-12-26 14:10:11,381] Trial 23 finished with value: 2.963456869125366 and parameters: {'gradient_clip_val': 0.10602819216451048, 'hidden_size': 53, 'dropout': 0.1414967348386892, 'hidden_continuous_size': 18, 'attention_head_size': 3, 'learning_rate': 0.001612921773051893}. Best is trial 0 with value: 0.03549657016992569.
[I 2023-12-26 14:10:14,635] Trial 24 finished with value: 2.5790815353393555 and parameters: {'gradient_clip_val': 0.10220998816172237, 'hidden_size': 36, 'dropout': 0.15562543804239287, 'hidden_continuous_size': 14, 'attention_head_size': 2, 'learning_rate': 0.0009169421756518223}. Best is trial 0 with value: 0.03549657016992569.
[I 2023-12-26 14:10:18,676] Trial 25 finished with value: 3.1536753177642822 and parameters: {'gradient_clip_val': 0.1259013752143176, 'hidden_size': 47, 'dropout': 0.19808576313366, 'hidden_continuous_size': 22, 'attention_head_size': 3, 'learning_rate': 0.0032581260076472805}. Best is trial 0 with value: 0.03549657016992569.
[I 2023-12-26 14:10:24,356] Trial 26 finished with value: 3.6046669483184814 and parameters: {'gradient_clip_val': 0.1451273663416148, 'hidden_size': 70, 'dropout': 0.14099388533981141, 'hidden_continuous_size': 38, 'attention_head_size': 4, 'learning_rate': 0.0016471484424831478}. Best is trial 0 with value: 0.03549657016992569.
[I 2023-12-26 14:10:27,461] Trial 27 finished with value: 2.004138708114624 and parameters: {'gradient_clip_val': 0.10099445584984475, 'hidden_size': 28, 'dropout': 0.22366072114383695, 'hidden_continuous_size': 10, 'attention_head_size': 2, 'learning_rate': 0.0055823264166049436}. Best is trial 0 with value: 0.03549657016992569.
[I 2023-12-26 14:10:30,493] Trial 28 finished with value: 4.412300109863281 and parameters: {'gradient_clip_val': 0.16936985280510564, 'hidden_size': 27, 'dropout': 0.2505327375042884, 'hidden_continuous_size': 10, 'attention_head_size': 1, 'learning_rate': 0.005961547767242979}. Best is trial 0 with value: 0.03549657016992569.
[I 2023-12-26 14:10:33,053] Trial 29 finished with value: 3.6479756832122803 and parameters: {'gradient_clip_val': 0.20153369902004, 'hidden_size': 18, 'dropout': 0.20326791686410373, 'hidden_continuous_size': 7, 'attention_head_size': 1, 'learning_rate': 0.0035772529846923836}. Best is trial 0 with value: 0.03549657016992569.
[I 2023-12-26 14:10:36,419] Trial 30 finished with value: 2.8777542114257812 and parameters: {'gradient_clip_val': 0.12542931390174503, 'hidden_size': 31, 'dropout': 0.1719871016115835, 'hidden_continuous_size': 6, 'attention_head_size': 2, 'learning_rate': 0.006276134370541947}. Best is trial 0 with value: 0.03549657016992569.
[I 2023-12-26 14:10:40,334] Trial 31 finished with value: 2.866290807723999 and parameters: {'gradient_clip_val': 0.10466865882764825, 'hidden_size': 44, 'dropout': 0.21840255488286794, 'hidden_continuous_size': 11, 'attention_head_size': 2, 'learning_rate': 0.0026473700406540786}. Best is trial 0 with value: 0.03549657016992569.
[I 2023-12-26 14:10:43,915] Trial 32 finished with value: 3.248096466064453 and parameters: {'gradient_clip_val': 0.11509131925154847, 'hidden_size': 29, 'dropout': 0.2252558857542275, 'hidden_continuous_size': 14, 'attention_head_size': 3, 'learning_rate': 0.003785515781950954}. Best is trial 0 with value: 0.03549657016992569.
[I 2023-12-26 14:10:46,859] Trial 33 finished with value: 2.8387858867645264 and parameters: {'gradient_clip_val': 0.1543225624414504, 'hidden_size': 23, 'dropout': 0.10141502145092873, 'hidden_continuous_size': 9, 'attention_head_size': 2, 'learning_rate': 0.005625732610916667}. Best is trial 0 with value: 0.03549657016992569.
[I 2023-12-26 14:10:51,296] Trial 34 finished with value: 3.631481409072876 and parameters: {'gradient_clip_val': 0.1000226262778096, 'hidden_size': 50, 'dropout': 0.17964319710729826, 'hidden_continuous_size': 12, 'attention_head_size': 3, 'learning_rate': 0.008397159296387078}. Best is trial 0 with value: 0.03549657016992569.
[I 2023-12-26 14:10:54,692] Trial 35 finished with value: 3.67207932472229 and parameters: {'gradient_clip_val': 0.12171984172523621, 'hidden_size': 34, 'dropout': 0.15201464085248995, 'hidden_continuous_size': 9, 'attention_head_size': 2, 'learning_rate': 0.00293596173310523}. Best is trial 0 with value: 0.03549657016992569.
[I 2023-12-26 14:10:57,716] Trial 36 finished with value: 3.121894121170044 and parameters: {'gradient_clip_val': 0.13270058653700256, 'hidden_size': 25, 'dropout': 0.19773918383755767, 'hidden_continuous_size': 10, 'attention_head_size': 3, 'learning_rate': 0.01296919922782414}. Best is trial 0 with value: 0.03549657016992569.
[I 2023-12-26 14:11:00,236] Trial 37 finished with value: 2.9271562099456787 and parameters: {'gradient_clip_val': 0.1704078844334188, 'hidden_size': 17, 'dropout': 0.3267659482511632, 'hidden_continuous_size': 8, 'attention_head_size': 2, 'learning_rate': 0.007277559356722469}. Best is trial 0 with value: 0.03549657016992569.
[I 2023-12-26 14:11:08,988] Trial 38 finished with value: 2.526644468307495 and parameters: {'gradient_clip_val': 0.11803648632813703, 'hidden_size': 112, 'dropout': 0.2463377842690705, 'hidden_continuous_size': 6, 'attention_head_size': 1, 'learning_rate': 0.002262539101982496}. Best is trial 0 with value: 0.03549657016992569.
[I 2023-12-26 14:11:15,619] Trial 39 finished with value: 3.266400098800659 and parameters: {'gradient_clip_val': 0.14400123018457767, 'hidden_size': 80, 'dropout': 0.13114613087253896, 'hidden_continuous_size': 15, 'attention_head_size': 3, 'learning_rate': 0.0006842672788168109}. Best is trial 0 with value: 0.03549657016992569.
[I 2023-12-26 14:11:20,594] Trial 40 finished with value: 3.7161104679107666 and parameters: {'gradient_clip_val': 0.11213184033865085, 'hidden_size': 57, 'dropout': 0.16348431153107967, 'hidden_continuous_size': 13, 'attention_head_size': 2, 'learning_rate': 0.001781191688792312}. Best is trial 0 with value: 0.03549657016992569.
[I 2023-12-26 14:11:28,468] Trial 41 finished with value: 3.222923517227173 and parameters: {'gradient_clip_val': 0.11490384378762301, 'hidden_size': 104, 'dropout': 0.25214975532469397, 'hidden_continuous_size': 6, 'attention_head_size': 1, 'learning_rate': 0.002139581911047843}. Best is trial 0 with value: 0.03549657016992569.
[I 2023-12-26 14:11:37,414] Trial 42 finished with value: 2.2088489532470703 and parameters: {'gradient_clip_val': 0.12210952135317947, 'hidden_size': 111, 'dropout': 0.2735820250206633, 'hidden_continuous_size': 5, 'attention_head_size': 1, 'learning_rate': 0.003299101705525845}. Best is trial 0 with value: 0.03549657016992569.
[I 2023-12-26 14:11:46,975] Trial 43 finished with value: 2.7733023166656494 and parameters: {'gradient_clip_val': 0.13081245022115978, 'hidden_size': 122, 'dropout': 0.2737975558347334, 'hidden_continuous_size': 5, 'attention_head_size': 1, 'learning_rate': 0.004895510122080703}. Best is trial 0 with value: 0.03549657016992569.
[I 2023-12-26 14:11:52,551] Trial 44 finished with value: 2.8753602504730225 and parameters: {'gradient_clip_val': 0.1006139351271506, 'hidden_size': 62, 'dropout': 0.2900021937784303, 'hidden_continuous_size': 7, 'attention_head_size': 1, 'learning_rate': 0.003396327658269182}. Best is trial 0 with value: 0.03549657016992569.
[I 2023-12-26 14:11:59,269] Trial 45 finished with value: 2.9502410888671875 and parameters: {'gradient_clip_val': 0.15595825482126113, 'hidden_size': 82, 'dropout': 0.3500261709268865, 'hidden_continuous_size': 5, 'attention_head_size': 2, 'learning_rate': 0.010113017168073857}. Best is trial 0 with value: 0.03549657016992569.
[I 2023-12-26 14:12:07,029] Trial 46 finished with value: 4.104139804840088 and parameters: {'gradient_clip_val': 0.3728769819110121, 'hidden_size': 99, 'dropout': 0.4439172181326156, 'hidden_continuous_size': 7, 'attention_head_size': 3, 'learning_rate': 0.0013870010686396197}. Best is trial 0 with value: 0.03549657016992569.
[I 2023-12-26 14:12:18,817] Trial 47 finished with value: 3.5695858001708984 and parameters: {'gradient_clip_val': 0.18540614276583184, 'hidden_size': 149, 'dropout': 0.30797729222942577, 'hidden_continuous_size': 39, 'attention_head_size': 4, 'learning_rate': 0.004318024437843729}. Best is trial 0 with value: 0.03549657016992569.
[I 2023-12-26 14:12:22,593] Trial 48 finished with value: 2.765284776687622 and parameters: {'gradient_clip_val': 0.11286210829805128, 'hidden_size': 40, 'dropout': 0.2629815001021085, 'hidden_continuous_size': 18, 'attention_head_size': 2, 'learning_rate': 0.0025432393840114495}. Best is trial 0 with value: 0.03549657016992569.
[I 2023-12-26 14:12:29,084] Trial 49 finished with value: 4.176488399505615 and parameters: {'gradient_clip_val': 0.4216027123203617, 'hidden_size': 76, 'dropout': 0.23435641978094904, 'hidden_continuous_size': 17, 'attention_head_size': 3, 'learning_rate': 0.005371374463791871}. Best is trial 0 with value: 0.03549657016992569.
[I 2023-12-26 14:12:29,221] A new study created in memory with name: no-name-d8f89de8-9343-416e-b112-976ee9516ae9
/home/le004/conda/anaconda3/envs/tsff_env/lib/python3.9/site-packages/lightning/fabric/plugins/environments/slurm.py:191: The `srun` command is available on your system but is not used. HINT: If your intention is to run Lightning on SLURM, prepend your python command with `srun` like so: srun python /home/le004/master_thesis/git/TSFusionForecast/code/ ...
[I 2023-12-26 14:15:26,158] Trial 0 finished with value: 2236.71875 and parameters: {'gradient_clip_val': 0.514408553646361, 'hidden_size': 23, 'dropout': 0.3757044491433943, 'hidden_continuous_size': 12, 'attention_head_size': 3, 'learning_rate': 0.01759948942941571}. Best is trial 0 with value: 2236.71875.
[I 2023-12-26 14:15:28,567] Trial 1 finished with value: 4541.5029296875 and parameters: {'gradient_clip_val': 0.45224758030907247, 'hidden_size': 10, 'dropout': 0.4521232179526956, 'hidden_continuous_size': 7, 'attention_head_size': 4, 'learning_rate': 0.07483172110351725}. Best is trial 0 with value: 2236.71875.
[I 2023-12-26 14:15:31,223] Trial 2 finished with value: 4377.291015625 and parameters: {'gradient_clip_val': 0.4801788328629963, 'hidden_size': 20, 'dropout': 0.22304142476628203, 'hidden_continuous_size': 13, 'attention_head_size': 1, 'learning_rate': 0.08976386241317715}. Best is trial 0 with value: 2236.71875.
[I 2023-12-26 14:15:40,994] Trial 3 finished with value: 3730.935791015625 and parameters: {'gradient_clip_val': 0.8846759993352301, 'hidden_size': 126, 'dropout': 0.3528416469369611, 'hidden_continuous_size': 14, 'attention_head_size': 4, 'learning_rate': 0.003118883170009374}. Best is trial 0 with value: 2236.71875.
[I 2023-12-26 14:15:42,986] Trial 4 finished with value: 4461.81982421875 and parameters: {'gradient_clip_val': 0.576448480927499, 'hidden_size': 5, 'dropout': 0.3050259269487883, 'hidden_continuous_size': 5, 'attention_head_size': 1, 'learning_rate': 0.01555902689427146}. Best is trial 0 with value: 2236.71875.
[I 2023-12-26 14:15:46,788] Trial 5 finished with value: 5197.62451171875 and parameters: {'gradient_clip_val': 0.7348686029555225, 'hidden_size': 38, 'dropout': 0.47970846827945757, 'hidden_continuous_size': 37, 'attention_head_size': 4, 'learning_rate': 0.0007129483941843851}. Best is trial 0 with value: 2236.71875.
[I 2023-12-26 14:15:49,682] Trial 6 finished with value: 4751.36865234375 and parameters: {'gradient_clip_val': 0.3745854744595383, 'hidden_size': 22, 'dropout': 0.4371897560874086, 'hidden_continuous_size': 15, 'attention_head_size': 3, 'learning_rate': 0.018954886816909655}. Best is trial 0 with value: 2236.71875.
[I 2023-12-26 14:15:52,232] Trial 7 finished with value: 4259.58203125 and parameters: {'gradient_clip_val': 0.9972765201934956, 'hidden_size': 18, 'dropout': 0.420959923996975, 'hidden_continuous_size': 5, 'attention_head_size': 4, 'learning_rate': 0.04157163010939428}. Best is trial 0 with value: 2236.71875.
[I 2023-12-26 14:15:58,521] Trial 8 finished with value: 4376.45849609375 and parameters: {'gradient_clip_val': 0.1879105821366115, 'hidden_size': 80, 'dropout': 0.2552414266557288, 'hidden_continuous_size': 10, 'attention_head_size': 3, 'learning_rate': 0.03592659320767173}. Best is trial 0 with value: 2236.71875.
[I 2023-12-26 14:16:00,979] Trial 9 finished with value: 4928.28662109375 and parameters: {'gradient_clip_val': 0.11008006179712057, 'hidden_size': 13, 'dropout': 0.2957029821999235, 'hidden_continuous_size': 5, 'attention_head_size': 4, 'learning_rate': 0.0015499892886971611}. Best is trial 0 with value: 2236.71875.
