[I 2023-12-26 12:04:50,975] Trial 8 finished with value: 450.5225524902344 and parameters: {'gradient_clip_val': 0.41558486399395994, 'hidden_size': 6, 'dropout': 0.42762923230012495, 'hidden_continuous_size': 5, 'attention_head_size': 2, 'learning_rate': 0.006121612212181767}. Best is trial 0 with value: 341.9160461425781.
[I 2023-12-26 12:04:55,576] Trial 9 finished with value: 505.2459411621094 and parameters: {'gradient_clip_val': 0.6164097100641694, 'hidden_size': 70, 'dropout': 0.1830614827366985, 'hidden_continuous_size': 56, 'attention_head_size': 4, 'learning_rate': 0.07294126202356935}. Best is trial 0 with value: 341.9160461425781.
[I 2023-12-26 12:04:57,841] Trial 10 finished with value: 559.83349609375 and parameters: {'gradient_clip_val': 0.10602806535241824, 'hidden_size': 25, 'dropout': 0.28466825596696865, 'hidden_continuous_size': 12, 'attention_head_size': 2, 'learning_rate': 0.0005497442185821472}. Best is trial 0 with value: 341.9160461425781.
[I 2023-12-26 12:04:59,787] Trial 11 finished with value: 488.829345703125 and parameters: {'gradient_clip_val': 0.8499771997472559, 'hidden_size': 11, 'dropout': 0.4939155067004597, 'hidden_continuous_size': 6, 'attention_head_size': 1, 'learning_rate': 0.09239592280186577}. Best is trial 0 with value: 341.9160461425781.
[I 2023-12-26 12:05:01,622] Trial 12 finished with value: 571.0401000976562 and parameters: {'gradient_clip_val': 0.24309126825976052, 'hidden_size': 7, 'dropout': 0.36815929319266116, 'hidden_continuous_size': 5, 'attention_head_size': 1, 'learning_rate': 0.03782276793425689}. Best is trial 0 with value: 341.9160461425781.
[I 2023-12-26 12:05:03,709] Trial 13 finished with value: 363.9524841308594 and parameters: {'gradient_clip_val': 0.4122351451376146, 'hidden_size': 21, 'dropout': 0.2743757035700726, 'hidden_continuous_size': 8, 'attention_head_size': 1, 'learning_rate': 0.034878313499364925}. Best is trial 0 with value: 341.9160461425781.
[I 2023-12-26 12:05:13,957] Trial 14 finished with value: 529.3573608398438 and parameters: {'gradient_clip_val': 0.10117085622087535, 'hidden_size': 144, 'dropout': 0.23429985397388464, 'hidden_continuous_size': 21, 'attention_head_size': 2, 'learning_rate': 0.046625636145308284}. Best is trial 0 with value: 341.9160461425781.
[I 2023-12-26 12:05:15,900] Trial 15 finished with value: 378.906982421875 and parameters: {'gradient_clip_val': 0.13996146728014222, 'hidden_size': 9, 'dropout': 0.36389832733286154, 'hidden_continuous_size': 6, 'attention_head_size': 1, 'learning_rate': 0.021890086406377168}. Best is trial 0 with value: 341.9160461425781.
[I 2023-12-26 12:05:17,948] Trial 16 finished with value: 508.4745178222656 and parameters: {'gradient_clip_val': 0.20136782370035947, 'hidden_size': 17, 'dropout': 0.2348028412703966, 'hidden_continuous_size': 8, 'attention_head_size': 2, 'learning_rate': 0.0978975877833244}. Best is trial 0 with value: 341.9160461425781.
[I 2023-12-26 12:05:19,679] Trial 17 finished with value: 386.9412536621094 and parameters: {'gradient_clip_val': 0.1445844083093449, 'hidden_size': 5, 'dropout': 0.4285017483397296, 'hidden_continuous_size': 5, 'attention_head_size': 1, 'learning_rate': 0.05967263259510091}. Best is trial 0 with value: 341.9160461425781.
[I 2023-12-26 12:05:21,894] Trial 18 finished with value: 529.11669921875 and parameters: {'gradient_clip_val': 0.38015431751503986, 'hidden_size': 8, 'dropout': 0.11154819479070952, 'hidden_continuous_size': 5, 'attention_head_size': 2, 'learning_rate': 0.027789485868695944}. Best is trial 0 with value: 341.9160461425781.
[I 2023-12-26 12:05:24,067] Trial 19 finished with value: 397.1107482910156 and parameters: {'gradient_clip_val': 0.24650949487343832, 'hidden_size': 16, 'dropout': 0.4874196226161199, 'hidden_continuous_size': 7, 'attention_head_size': 3, 'learning_rate': 0.012617417867543949}. Best is trial 0 with value: 341.9160461425781.
[I 2023-12-26 12:05:26,319] Trial 20 finished with value: 531.9990844726562 and parameters: {'gradient_clip_val': 0.5449559900490898, 'hidden_size': 9, 'dropout': 0.3308127894588172, 'hidden_continuous_size': 6, 'attention_head_size': 1, 'learning_rate': 0.047956120003120606}. Best is trial 0 with value: 341.9160461425781.
[I 2023-12-26 12:05:29,305] Trial 21 finished with value: 550.704833984375 and parameters: {'gradient_clip_val': 0.4038519765704969, 'hidden_size': 25, 'dropout': 0.25967352356322787, 'hidden_continuous_size': 9, 'attention_head_size': 1, 'learning_rate': 0.03462307057836957}. Best is trial 0 with value: 341.9160461425781.
[I 2023-12-26 12:05:31,912] Trial 22 finished with value: 349.0892028808594 and parameters: {'gradient_clip_val': 0.32041532595409333, 'hidden_size': 17, 'dropout': 0.27938872700051953, 'hidden_continuous_size': 7, 'attention_head_size': 1, 'learning_rate': 0.05828349461817815}. Best is trial 0 with value: 341.9160461425781.
[I 2023-12-26 12:05:34,938] Trial 23 finished with value: 430.8216552734375 and parameters: {'gradient_clip_val': 0.26569799078496, 'hidden_size': 34, 'dropout': 0.21379853453066602, 'hidden_continuous_size': 10, 'attention_head_size': 2, 'learning_rate': 0.05814442353215206}. Best is trial 0 with value: 341.9160461425781.
[I 2023-12-26 12:05:37,154] Trial 24 finished with value: 541.4415893554688 and parameters: {'gradient_clip_val': 0.3437776171385579, 'hidden_size': 17, 'dropout': 0.25675712075509327, 'hidden_continuous_size': 7, 'attention_head_size': 1, 'learning_rate': 0.09892222494297111}. Best is trial 0 with value: 341.9160461425781.
[I 2023-12-26 12:05:39,514] Trial 25 finished with value: 400.1325378417969 and parameters: {'gradient_clip_val': 0.2226345224343705, 'hidden_size': 7, 'dropout': 0.30619595200883776, 'hidden_continuous_size': 5, 'attention_head_size': 2, 'learning_rate': 0.0581258155429236}. Best is trial 0 with value: 341.9160461425781.
[I 2023-12-26 12:05:41,954] Trial 26 finished with value: 518.0642700195312 and parameters: {'gradient_clip_val': 0.30249557508570873, 'hidden_size': 11, 'dropout': 0.19032723795163214, 'hidden_continuous_size': 6, 'attention_head_size': 1, 'learning_rate': 0.030016501296219206}. Best is trial 0 with value: 341.9160461425781.
[I 2023-12-26 12:05:44,480] Trial 27 finished with value: 560.1901245117188 and parameters: {'gradient_clip_val': 0.1623564219011134, 'hidden_size': 14, 'dropout': 0.28428865447142804, 'hidden_continuous_size': 7, 'attention_head_size': 1, 'learning_rate': 0.04633947910278791}. Best is trial 0 with value: 341.9160461425781.
[I 2023-12-26 12:05:46,824] Trial 28 finished with value: 399.558349609375 and parameters: {'gradient_clip_val': 0.27145808441406105, 'hidden_size': 19, 'dropout': 0.22993499780637755, 'hidden_continuous_size': 10, 'attention_head_size': 2, 'learning_rate': 0.0708497533619714}. Best is trial 0 with value: 341.9160461425781.
[I 2023-12-26 12:05:49,327] Trial 29 finished with value: 557.8117065429688 and parameters: {'gradient_clip_val': 0.3316340019161414, 'hidden_size': 11, 'dropout': 0.17533828578038135, 'hidden_continuous_size': 6, 'attention_head_size': 1, 'learning_rate': 0.024391220095414917}. Best is trial 0 with value: 341.9160461425781.
[I 2023-12-26 12:05:51,836] Trial 30 finished with value: 386.5627746582031 and parameters: {'gradient_clip_val': 0.2279161471560043, 'hidden_size': 13, 'dropout': 0.1528472888470382, 'hidden_continuous_size': 7, 'attention_head_size': 3, 'learning_rate': 0.03874280717521694}. Best is trial 0 with value: 341.9160461425781.
[I 2023-12-26 12:05:54,099] Trial 31 finished with value: 420.4194641113281 and parameters: {'gradient_clip_val': 0.3436260337790127, 'hidden_size': 19, 'dropout': 0.258963665310025, 'hidden_continuous_size': 8, 'attention_head_size': 1, 'learning_rate': 0.03101102022664417}. Best is trial 0 with value: 341.9160461425781.
[I 2023-12-26 12:05:55,807] Trial 32 finished with value: 522.7036743164062 and parameters: {'gradient_clip_val': 0.460997791533632, 'hidden_size': 5, 'dropout': 0.2183164375643084, 'hidden_continuous_size': 5, 'attention_head_size': 1, 'learning_rate': 0.06887348228909207}. Best is trial 0 with value: 341.9160461425781.
[I 2023-12-26 12:05:58,479] Trial 33 finished with value: 439.8271789550781 and parameters: {'gradient_clip_val': 0.2817891862386271, 'hidden_size': 22, 'dropout': 0.15889468547462682, 'hidden_continuous_size': 8, 'attention_head_size': 1, 'learning_rate': 0.01608906849469946}. Best is trial 0 with value: 341.9160461425781.
[I 2023-12-26 12:06:01,449] Trial 34 finished with value: 431.3365173339844 and parameters: {'gradient_clip_val': 0.3311563663842784, 'hidden_size': 32, 'dropout': 0.2789909357365625, 'hidden_continuous_size': 13, 'attention_head_size': 1, 'learning_rate': 0.022939306787796356}. Best is trial 0 with value: 341.9160461425781.
[I 2023-12-26 12:06:03,658] Trial 35 finished with value: 372.9178771972656 and parameters: {'gradient_clip_val': 0.17834117814156733, 'hidden_size': 14, 'dropout': 0.2009492736634554, 'hidden_continuous_size': 9, 'attention_head_size': 4, 'learning_rate': 0.017438928582673152}. Best is trial 0 with value: 341.9160461425781.
[I 2023-12-26 12:06:05,900] Trial 36 finished with value: 571.238525390625 and parameters: {'gradient_clip_val': 0.29234281487136743, 'hidden_size': 22, 'dropout': 0.1330058033087108, 'hidden_continuous_size': 11, 'attention_head_size': 2, 'learning_rate': 0.011775661926184997}. Best is trial 0 with value: 341.9160461425781.
[I 2023-12-26 12:06:08,858] Trial 37 finished with value: 454.3793029785156 and parameters: {'gradient_clip_val': 0.20144924718424845, 'hidden_size': 30, 'dropout': 0.3257720590309434, 'hidden_continuous_size': 15, 'attention_head_size': 3, 'learning_rate': 0.0443639255144045}. Best is trial 0 with value: 341.9160461425781.
[I 2023-12-26 12:06:11,149] Trial 38 finished with value: 510.16455078125 and parameters: {'gradient_clip_val': 0.3705904143540301, 'hidden_size': 9, 'dropout': 0.24801353054509445, 'hidden_continuous_size': 7, 'attention_head_size': 1, 'learning_rate': 0.030553249647764708}. Best is trial 0 with value: 341.9160461425781.
[I 2023-12-26 12:06:14,098] Trial 39 finished with value: 581.2666015625 and parameters: {'gradient_clip_val': 0.45096040863716275, 'hidden_size': 46, 'dropout': 0.2951386506327898, 'hidden_continuous_size': 16, 'attention_head_size': 2, 'learning_rate': 0.01986252465543048}. Best is trial 0 with value: 341.9160461425781.
[I 2023-12-26 12:06:16,166] Trial 40 finished with value: 540.7083129882812 and parameters: {'gradient_clip_val': 0.11581888690235746, 'hidden_size': 15, 'dropout': 0.204433195571157, 'hidden_continuous_size': 9, 'attention_head_size': 1, 'learning_rate': 0.009037431525941822}. Best is trial 0 with value: 341.9160461425781.
[I 2023-12-26 12:06:18,495] Trial 41 finished with value: 443.2676086425781 and parameters: {'gradient_clip_val': 0.12590216819370476, 'hidden_size': 13, 'dropout': 0.2013474533436096, 'hidden_continuous_size': 9, 'attention_head_size': 4, 'learning_rate': 0.01700206373586949}. Best is trial 0 with value: 341.9160461425781.
[I 2023-12-26 12:06:20,612] Trial 42 finished with value: 597.6193237304688 and parameters: {'gradient_clip_val': 0.17315932191962874, 'hidden_size': 12, 'dropout': 0.27105903969625916, 'hidden_continuous_size': 8, 'attention_head_size': 4, 'learning_rate': 0.024412614840193324}. Best is trial 0 with value: 341.9160461425781.
[I 2023-12-26 12:06:22,534] Trial 43 finished with value: 457.8788146972656 and parameters: {'gradient_clip_val': 0.31745241051321227, 'hidden_size': 6, 'dropout': 0.1731158158619662, 'hidden_continuous_size': 5, 'attention_head_size': 4, 'learning_rate': 0.07670368623750863}. Best is trial 0 with value: 341.9160461425781.
[I 2023-12-26 12:06:24,773] Trial 44 finished with value: 308.7747497558594 and parameters: {'gradient_clip_val': 0.17241740446198892, 'hidden_size': 21, 'dropout': 0.2191417138620294, 'hidden_continuous_size': 11, 'attention_head_size': 3, 'learning_rate': 0.016633278993326218}. Best is trial 44 with value: 308.7747497558594.
[I 2023-12-26 12:06:27,656] Trial 45 finished with value: 581.2980346679688 and parameters: {'gradient_clip_val': 0.13731648407478006, 'hidden_size': 26, 'dropout': 0.2406483989246292, 'hidden_continuous_size': 12, 'attention_head_size': 3, 'learning_rate': 0.012624934929316486}. Best is trial 44 with value: 308.7747497558594.
[I 2023-12-26 12:06:30,474] Trial 46 finished with value: 390.8772888183594 and parameters: {'gradient_clip_val': 0.1571197301604434, 'hidden_size': 22, 'dropout': 0.3025943841620501, 'hidden_continuous_size': 11, 'attention_head_size': 3, 'learning_rate': 0.04114212460252077}. Best is trial 44 with value: 308.7747497558594.
[I 2023-12-26 12:06:33,092] Trial 47 finished with value: 474.6123962402344 and parameters: {'gradient_clip_val': 0.12260079632953705, 'hidden_size': 19, 'dropout': 0.2216281053629724, 'hidden_continuous_size': 10, 'attention_head_size': 3, 'learning_rate': 0.07952309120138142}. Best is trial 44 with value: 308.7747497558594.
[I 2023-12-26 12:06:35,215] Trial 48 finished with value: 595.8881225585938 and parameters: {'gradient_clip_val': 0.10394926746786397, 'hidden_size': 10, 'dropout': 0.2688019789204174, 'hidden_continuous_size': 6, 'attention_head_size': 2, 'learning_rate': 0.054503498270413536}. Best is trial 44 with value: 308.7747497558594.
[I 2023-12-26 12:06:37,505] Trial 49 finished with value: 412.9590759277344 and parameters: {'gradient_clip_val': 0.1887824569459804, 'hidden_size': 17, 'dropout': 0.24318609291739823, 'hidden_continuous_size': 8, 'attention_head_size': 2, 'learning_rate': 0.037562952027728684}. Best is trial 44 with value: 308.7747497558594.
[I 2023-12-26 12:06:37,654] A new study created in memory with name: no-name-9c242b72-9302-4a3c-8f27-05ec50e861a5
/home/le004/conda/anaconda3/envs/tsff_env/lib/python3.9/site-packages/lightning/fabric/plugins/environments/slurm.py:191: The `srun` command is available on your system but is not used. HINT: If your intention is to run Lightning on SLURM, prepend your python command with `srun` like so: srun python /home/le004/master_thesis/git/TSFusionForecast/code/ ...
[I 2023-12-26 12:12:55,425] Trial 0 finished with value: 225.15283203125 and parameters: {'gradient_clip_val': 0.1317893699935373, 'hidden_size': 103, 'dropout': 0.35658317272042406, 'hidden_continuous_size': 57, 'attention_head_size': 1, 'learning_rate': 0.008536641554934714}. Best is trial 0 with value: 225.15283203125.
[I 2023-12-26 12:12:57,307] Trial 1 finished with value: 380.9109802246094 and parameters: {'gradient_clip_val': 0.5193636833265989, 'hidden_size': 7, 'dropout': 0.47490672208673324, 'hidden_continuous_size': 6, 'attention_head_size': 3, 'learning_rate': 0.031081165096432745}. Best is trial 0 with value: 225.15283203125.
[I 2023-12-26 12:13:00,136] Trial 2 finished with value: 482.7349548339844 and parameters: {'gradient_clip_val': 0.13602164461979938, 'hidden_size': 26, 'dropout': 0.3503619111659525, 'hidden_continuous_size': 17, 'attention_head_size': 2, 'learning_rate': 0.016155429906121586}. Best is trial 0 with value: 225.15283203125.
[I 2023-12-26 12:13:02,784] Trial 3 finished with value: 454.6281433105469 and parameters: {'gradient_clip_val': 0.5485507077491149, 'hidden_size': 15, 'dropout': 0.2989971033241984, 'hidden_continuous_size': 5, 'attention_head_size': 4, 'learning_rate': 0.0075184131561798154}. Best is trial 0 with value: 225.15283203125.
[I 2023-12-26 12:13:05,513] Trial 4 finished with value: 470.4505920410156 and parameters: {'gradient_clip_val': 0.7848372795003647, 'hidden_size': 20, 'dropout': 0.21418771761725833, 'hidden_continuous_size': 5, 'attention_head_size': 2, 'learning_rate': 0.0006161820585505644}. Best is trial 0 with value: 225.15283203125.
[I 2023-12-26 12:13:14,656] Trial 5 finished with value: 256.5926513671875 and parameters: {'gradient_clip_val': 0.2695038278385384, 'hidden_size': 114, 'dropout': 0.4371989515864414, 'hidden_continuous_size': 29, 'attention_head_size': 2, 'learning_rate': 0.006303665008052444}. Best is trial 0 with value: 225.15283203125.
[I 2023-12-26 12:13:17,156] Trial 6 finished with value: 430.1654968261719 and parameters: {'gradient_clip_val': 0.17368320183500832, 'hidden_size': 21, 'dropout': 0.4631433645489136, 'hidden_continuous_size': 5, 'attention_head_size': 1, 'learning_rate': 0.007538499820135391}. Best is trial 0 with value: 225.15283203125.
[I 2023-12-26 12:13:21,011] Trial 7 finished with value: 320.5552062988281 and parameters: {'gradient_clip_val': 0.9782239328865203, 'hidden_size': 56, 'dropout': 0.1768985878435264, 'hidden_continuous_size': 20, 'attention_head_size': 3, 'learning_rate': 0.005616808925142751}. Best is trial 0 with value: 225.15283203125.
[I 2023-12-26 12:13:33,172] Trial 8 finished with value: 355.527587890625 and parameters: {'gradient_clip_val': 0.848187476695121, 'hidden_size': 147, 'dropout': 0.31280917422107457, 'hidden_continuous_size': 82, 'attention_head_size': 4, 'learning_rate': 0.0957800016267773}. Best is trial 0 with value: 225.15283203125.
[I 2023-12-26 12:13:37,027] Trial 9 finished with value: 302.5827941894531 and parameters: {'gradient_clip_val': 0.2933401222164073, 'hidden_size': 42, 'dropout': 0.3663232084457827, 'hidden_continuous_size': 12, 'attention_head_size': 2, 'learning_rate': 0.006798037708058632}. Best is trial 0 with value: 225.15283203125.
[I 2023-12-26 12:13:44,031] Trial 10 finished with value: 310.4953308105469 and parameters: {'gradient_clip_val': 0.11139317280737708, 'hidden_size': 76, 'dropout': 0.10023940782680757, 'hidden_continuous_size': 67, 'attention_head_size': 1, 'learning_rate': 0.0014489205259222415}. Best is trial 0 with value: 225.15283203125.
[I 2023-12-26 12:13:55,056] Trial 11 finished with value: 257.3676452636719 and parameters: {'gradient_clip_val': 0.19934743785066436, 'hidden_size': 141, 'dropout': 0.4168924175194482, 'hidden_continuous_size': 40, 'attention_head_size': 1, 'learning_rate': 0.002446012418614142}. Best is trial 0 with value: 225.15283203125.
[I 2023-12-26 12:14:02,749] Trial 12 finished with value: 450.8870544433594 and parameters: {'gradient_clip_val': 0.2269964919473796, 'hidden_size': 88, 'dropout': 0.495761015777376, 'hidden_continuous_size': 41, 'attention_head_size': 1, 'learning_rate': 0.0028312462241349107}. Best is trial 0 with value: 225.15283203125.
[I 2023-12-26 12:14:09,745] Trial 13 finished with value: 300.2569885253906 and parameters: {'gradient_clip_val': 0.10162802509668449, 'hidden_size': 91, 'dropout': 0.4172985503946821, 'hidden_continuous_size': 37, 'attention_head_size': 2, 'learning_rate': 0.014026813267504828}. Best is trial 0 with value: 225.15283203125.
[I 2023-12-26 12:14:13,364] Trial 14 finished with value: 345.9317321777344 and parameters: {'gradient_clip_val': 0.303014788701129, 'hidden_size': 41, 'dropout': 0.42585055885943957, 'hidden_continuous_size': 26, 'attention_head_size': 3, 'learning_rate': 0.021525387723408385}. Best is trial 0 with value: 225.15283203125.
[I 2023-12-26 12:14:24,124] Trial 15 finished with value: 412.3772888183594 and parameters: {'gradient_clip_val': 0.15749236054443058, 'hidden_size': 149, 'dropout': 0.3678918069428247, 'hidden_continuous_size': 106, 'attention_head_size': 1, 'learning_rate': 0.003540919404735286}. Best is trial 0 with value: 225.15283203125.
[I 2023-12-26 12:14:28,824] Trial 16 finished with value: 411.7522277832031 and parameters: {'gradient_clip_val': 0.2350134399754019, 'hidden_size': 62, 'dropout': 0.4391348950868614, 'hidden_continuous_size': 29, 'attention_head_size': 2, 'learning_rate': 0.0013667300874653932}. Best is trial 0 with value: 225.15283203125.
[I 2023-12-26 12:14:35,970] Trial 17 finished with value: 340.9042053222656 and parameters: {'gradient_clip_val': 0.13888009397012968, 'hidden_size': 108, 'dropout': 0.4958951502987941, 'hidden_continuous_size': 60, 'attention_head_size': 1, 'learning_rate': 0.011875071131409827}. Best is trial 0 with value: 225.15283203125.
[I 2023-12-26 12:14:38,930] Trial 18 finished with value: 312.92681884765625 and parameters: {'gradient_clip_val': 0.3719333548675539, 'hidden_size': 49, 'dropout': 0.38756437623285783, 'hidden_continuous_size': 24, 'attention_head_size': 2, 'learning_rate': 0.00420739605720965}. Best is trial 0 with value: 225.15283203125.
[I 2023-12-26 12:14:46,665] Trial 19 finished with value: 388.8857116699219 and parameters: {'gradient_clip_val': 0.19262912831988377, 'hidden_size': 107, 'dropout': 0.32151671067220966, 'hidden_continuous_size': 51, 'attention_head_size': 3, 'learning_rate': 0.02782648639638864}. Best is trial 0 with value: 225.15283203125.
[I 2023-12-26 12:14:53,018] Trial 20 finished with value: 354.2462463378906 and parameters: {'gradient_clip_val': 0.12311585284192215, 'hidden_size': 70, 'dropout': 0.3911856081070376, 'hidden_continuous_size': 36, 'attention_head_size': 1, 'learning_rate': 0.011360301090648206}. Best is trial 0 with value: 225.15283203125.
[I 2023-12-26 12:15:03,452] Trial 21 finished with value: 393.3330993652344 and parameters: {'gradient_clip_val': 0.2007199760284565, 'hidden_size': 144, 'dropout': 0.42932903821369967, 'hidden_continuous_size': 134, 'attention_head_size': 1, 'learning_rate': 0.0024396961966175745}. Best is trial 0 with value: 225.15283203125.
[I 2023-12-26 12:15:10,455] Trial 22 finished with value: 483.5726623535156 and parameters: {'gradient_clip_val': 0.15670521478299035, 'hidden_size': 107, 'dropout': 0.44880042311353063, 'hidden_continuous_size': 47, 'attention_head_size': 1, 'learning_rate': 0.004524218235267539}. Best is trial 0 with value: 225.15283203125.
[I 2023-12-26 12:15:14,869] Trial 23 finished with value: 512.5314331054688 and parameters: {'gradient_clip_val': 0.2489431434998487, 'hidden_size': 72, 'dropout': 0.39956504236514506, 'hidden_continuous_size': 36, 'attention_head_size': 2, 'learning_rate': 0.0017630411804029126}. Best is trial 0 with value: 225.15283203125.
