[I 2023-12-26 14:41:29,915] Trial 17 finished with value: 1882.0682373046875 and parameters: {'gradient_clip_val': 0.7457547812417851, 'hidden_size': 37, 'dropout': 0.10422274252467048, 'hidden_continuous_size': 11, 'attention_head_size': 1, 'learning_rate': 0.001029127684320256}. Best is trial 0 with value: 227.243408203125.
[I 2023-12-26 14:41:33,882] Trial 18 finished with value: 1925.67333984375 and parameters: {'gradient_clip_val': 0.7161877913278563, 'hidden_size': 68, 'dropout': 0.31038751390468167, 'hidden_continuous_size': 21, 'attention_head_size': 2, 'learning_rate': 0.0009143812889580259}. Best is trial 0 with value: 227.243408203125.
[I 2023-12-26 14:41:39,249] Trial 19 finished with value: 2096.113525390625 and parameters: {'gradient_clip_val': 0.5653323439283056, 'hidden_size': 89, 'dropout': 0.3296423364681707, 'hidden_continuous_size': 21, 'attention_head_size': 1, 'learning_rate': 0.0024918137287965204}. Best is trial 0 with value: 227.243408203125.
[I 2023-12-26 14:41:42,171] Trial 20 finished with value: 1774.5367431640625 and parameters: {'gradient_clip_val': 0.7761503603013041, 'hidden_size': 39, 'dropout': 0.22927000070307246, 'hidden_continuous_size': 11, 'attention_head_size': 2, 'learning_rate': 0.004932271686647053}. Best is trial 0 with value: 227.243408203125.
[I 2023-12-26 14:41:49,697] Trial 21 finished with value: 2038.4383544921875 and parameters: {'gradient_clip_val': 0.843172933113326, 'hidden_size': 117, 'dropout': 0.28846495920955145, 'hidden_continuous_size': 63, 'attention_head_size': 2, 'learning_rate': 0.000502499919980212}. Best is trial 0 with value: 227.243408203125.
[I 2023-12-26 14:41:56,963] Trial 22 finished with value: 2081.660400390625 and parameters: {'gradient_clip_val': 0.6461733758898811, 'hidden_size': 118, 'dropout': 0.33492831055588934, 'hidden_continuous_size': 33, 'attention_head_size': 3, 'learning_rate': 0.0007194491326361364}. Best is trial 0 with value: 227.243408203125.
[I 2023-12-26 14:42:06,829] Trial 23 finished with value: 2099.460693359375 and parameters: {'gradient_clip_val': 0.9077606508230983, 'hidden_size': 144, 'dropout': 0.3049548758858727, 'hidden_continuous_size': 126, 'attention_head_size': 2, 'learning_rate': 0.001157723006335392}. Best is trial 0 with value: 227.243408203125.
[I 2023-12-26 14:42:11,178] Trial 24 finished with value: 1773.65234375 and parameters: {'gradient_clip_val': 0.8063471323829466, 'hidden_size': 71, 'dropout': 0.25909288550543896, 'hidden_continuous_size': 28, 'attention_head_size': 2, 'learning_rate': 0.0005063170378633345}. Best is trial 0 with value: 227.243408203125.
[I 2023-12-26 14:42:17,776] Trial 25 finished with value: 2112.072509765625 and parameters: {'gradient_clip_val': 0.9802072170410243, 'hidden_size': 101, 'dropout': 0.3890293478161336, 'hidden_continuous_size': 63, 'attention_head_size': 1, 'learning_rate': 0.0021325924689323227}. Best is trial 0 with value: 227.243408203125.
[I 2023-12-26 14:42:24,148] Trial 26 finished with value: 2065.139892578125 and parameters: {'gradient_clip_val': 0.6423751269289258, 'hidden_size': 99, 'dropout': 0.34665102712081525, 'hidden_continuous_size': 45, 'attention_head_size': 3, 'learning_rate': 0.0012710472297778757}. Best is trial 0 with value: 227.243408203125.
[I 2023-12-26 14:42:28,841] Trial 27 finished with value: 1584.5 and parameters: {'gradient_clip_val': 0.8120479141378497, 'hidden_size': 67, 'dropout': 0.30502009764537774, 'hidden_continuous_size': 25, 'attention_head_size': 2, 'learning_rate': 0.0007809698309893532}. Best is trial 0 with value: 227.243408203125.
[I 2023-12-26 14:42:33,889] Trial 28 finished with value: 1659.75830078125 and parameters: {'gradient_clip_val': 0.5266592569118542, 'hidden_size': 55, 'dropout': 0.3089708648690671, 'hidden_continuous_size': 19, 'attention_head_size': 1, 'learning_rate': 0.0008851691694720976}. Best is trial 0 with value: 227.243408203125.
[I 2023-12-26 14:42:38,885] Trial 29 finished with value: 2539.612548828125 and parameters: {'gradient_clip_val': 0.33956246229546594, 'hidden_size': 71, 'dropout': 0.3659936008986947, 'hidden_continuous_size': 26, 'attention_head_size': 2, 'learning_rate': 0.0019245797581125522}. Best is trial 0 with value: 227.243408203125.
[I 2023-12-26 14:42:41,521] Trial 30 finished with value: 1697.3851318359375 and parameters: {'gradient_clip_val': 0.717067377367698, 'hidden_size': 40, 'dropout': 0.3871623700866505, 'hidden_continuous_size': 15, 'attention_head_size': 3, 'learning_rate': 0.0012771086153209243}. Best is trial 0 with value: 227.243408203125.
[I 2023-12-26 14:42:44,839] Trial 31 finished with value: 1583.20947265625 and parameters: {'gradient_clip_val': 0.5348776726048067, 'hidden_size': 56, 'dropout': 0.3144847019790286, 'hidden_continuous_size': 19, 'attention_head_size': 1, 'learning_rate': 0.000778923843921485}. Best is trial 0 with value: 227.243408203125.
[I 2023-12-26 14:42:48,290] Trial 32 finished with value: 1640.8699951171875 and parameters: {'gradient_clip_val': 0.6267922474557828, 'hidden_size': 31, 'dropout': 0.3448865618242435, 'hidden_continuous_size': 9, 'attention_head_size': 1, 'learning_rate': 0.0007038245237430283}. Best is trial 0 with value: 227.243408203125.
[I 2023-12-26 14:42:53,497] Trial 33 finished with value: 1900.8758544921875 and parameters: {'gradient_clip_val': 0.8151857949118347, 'hidden_size': 60, 'dropout': 0.31683714192576, 'hidden_continuous_size': 17, 'attention_head_size': 1, 'learning_rate': 0.0011507838305179954}. Best is trial 0 with value: 227.243408203125.
[I 2023-12-26 14:42:56,078] Trial 34 finished with value: 1923.1693115234375 and parameters: {'gradient_clip_val': 0.4890301402457488, 'hidden_size': 24, 'dropout': 0.29581234502584675, 'hidden_continuous_size': 10, 'attention_head_size': 1, 'learning_rate': 0.0007237392795378249}. Best is trial 0 with value: 227.243408203125.
[I 2023-12-26 14:43:00,806] Trial 35 finished with value: 2475.84228515625 and parameters: {'gradient_clip_val': 0.40406700085821606, 'hidden_size': 75, 'dropout': 0.3468131975043579, 'hidden_continuous_size': 24, 'attention_head_size': 1, 'learning_rate': 0.0031848624510056036}. Best is trial 0 with value: 227.243408203125.
[I 2023-12-26 14:43:05,636] Trial 36 finished with value: 1920.8104248046875 and parameters: {'gradient_clip_val': 0.4786545195266581, 'hidden_size': 82, 'dropout': 0.37595101398600805, 'hidden_continuous_size': 5, 'attention_head_size': 4, 'learning_rate': 0.0021534047983088026}. Best is trial 0 with value: 227.243408203125.
[I 2023-12-26 14:43:08,591] Trial 37 finished with value: 2126.181884765625 and parameters: {'gradient_clip_val': 0.30792112501814556, 'hidden_size': 49, 'dropout': 0.32537197765507386, 'hidden_continuous_size': 13, 'attention_head_size': 2, 'learning_rate': 0.0013399291716745762}. Best is trial 0 with value: 227.243408203125.
[I 2023-12-26 14:43:12,246] Trial 38 finished with value: 1511.76611328125 and parameters: {'gradient_clip_val': 0.5425411362938591, 'hidden_size': 59, 'dropout': 0.4083461438056888, 'hidden_continuous_size': 13, 'attention_head_size': 1, 'learning_rate': 0.0008557801759270569}. Best is trial 0 with value: 227.243408203125.
[I 2023-12-26 14:43:15,606] Trial 39 finished with value: 1951.21533203125 and parameters: {'gradient_clip_val': 0.4503775016418481, 'hidden_size': 58, 'dropout': 0.4270455439328522, 'hidden_continuous_size': 8, 'attention_head_size': 1, 'learning_rate': 0.0009896018894303676}. Best is trial 0 with value: 227.243408203125.
[I 2023-12-26 14:43:18,460] Trial 40 finished with value: 1363.166015625 and parameters: {'gradient_clip_val': 0.5749350864314157, 'hidden_size': 46, 'dropout': 0.40564268968045103, 'hidden_continuous_size': 12, 'attention_head_size': 1, 'learning_rate': 0.0015317577755813423}. Best is trial 0 with value: 227.243408203125.
[I 2023-12-26 14:43:21,341] Trial 41 finished with value: 1957.4859619140625 and parameters: {'gradient_clip_val': 0.5580706723973509, 'hidden_size': 45, 'dropout': 0.40686430879783336, 'hidden_continuous_size': 13, 'attention_head_size': 1, 'learning_rate': 0.0016629493334761772}. Best is trial 0 with value: 227.243408203125.
[I 2023-12-26 14:43:24,927] Trial 42 finished with value: 2215.406005859375 and parameters: {'gradient_clip_val': 0.5129344972438117, 'hidden_size': 62, 'dropout': 0.39977340384105964, 'hidden_continuous_size': 12, 'attention_head_size': 1, 'learning_rate': 0.003978178445779791}. Best is trial 0 with value: 227.243408203125.
[I 2023-12-26 14:43:27,527] Trial 43 finished with value: 1839.8760986328125 and parameters: {'gradient_clip_val': 0.4220545732774871, 'hidden_size': 32, 'dropout': 0.3662981464844472, 'hidden_continuous_size': 15, 'attention_head_size': 1, 'learning_rate': 0.0006555510032067434}. Best is trial 0 with value: 227.243408203125.
[I 2023-12-26 14:43:29,833] Trial 44 finished with value: 2109.943603515625 and parameters: {'gradient_clip_val': 0.6934734449801603, 'hidden_size': 26, 'dropout': 0.42774900336605626, 'hidden_continuous_size': 10, 'attention_head_size': 1, 'learning_rate': 0.0009635235139471629}. Best is trial 0 with value: 227.243408203125.
[I 2023-12-26 14:43:32,764] Trial 45 finished with value: 2175.00341796875 and parameters: {'gradient_clip_val': 0.5942255708122549, 'hidden_size': 47, 'dropout': 0.41216010286457333, 'hidden_continuous_size': 8, 'attention_head_size': 1, 'learning_rate': 0.000616327941444711}. Best is trial 0 with value: 227.243408203125.
[I 2023-12-26 14:43:38,054] Trial 46 finished with value: 1299.999267578125 and parameters: {'gradient_clip_val': 0.5153858478933455, 'hidden_size': 81, 'dropout': 0.45805464207691754, 'hidden_continuous_size': 17, 'attention_head_size': 1, 'learning_rate': 0.0015401604700679321}. Best is trial 0 with value: 227.243408203125.
[I 2023-12-26 14:43:43,097] Trial 47 finished with value: 1850.3062744140625 and parameters: {'gradient_clip_val': 0.6961389757787521, 'hidden_size': 85, 'dropout': 0.45113465115323625, 'hidden_continuous_size': 16, 'attention_head_size': 1, 'learning_rate': 0.0016041353829666473}. Best is trial 0 with value: 227.243408203125.
[I 2023-12-26 14:43:50,195] Trial 48 finished with value: 1963.8446044921875 and parameters: {'gradient_clip_val': 0.59997211947851, 'hidden_size': 116, 'dropout': 0.46053446336054243, 'hidden_continuous_size': 14, 'attention_head_size': 1, 'learning_rate': 0.0024557950004746023}. Best is trial 0 with value: 227.243408203125.
[I 2023-12-26 14:43:56,000] Trial 49 finished with value: 2307.5068359375 and parameters: {'gradient_clip_val': 0.449749179314279, 'hidden_size': 93, 'dropout': 0.434290816975296, 'hidden_continuous_size': 7, 'attention_head_size': 1, 'learning_rate': 0.0013948576720321378}. Best is trial 0 with value: 227.243408203125.
[I 2023-12-26 14:43:56,131] A new study created in memory with name: no-name-1a0404e9-2b22-461b-879d-3d82b92e72cc
/home/le004/conda/anaconda3/envs/tsff_env/lib/python3.9/site-packages/lightning/fabric/plugins/environments/slurm.py:191: The `srun` command is available on your system but is not used. HINT: If your intention is to run Lightning on SLURM, prepend your python command with `srun` like so: srun python /home/le004/master_thesis/git/TSFusionForecast/code/ ...
[I 2023-12-26 14:48:38,967] Trial 0 finished with value: 293.6153564453125 and parameters: {'gradient_clip_val': 0.9335062485306274, 'hidden_size': 5, 'dropout': 0.258583871480909, 'hidden_continuous_size': 5, 'attention_head_size': 3, 'learning_rate': 0.006742530619447822}. Best is trial 0 with value: 293.6153564453125.
[I 2023-12-26 14:52:18,158] Trial 1 finished with value: 819.671630859375 and parameters: {'gradient_clip_val': 0.4667201613681347, 'hidden_size': 31, 'dropout': 0.18068119787597814, 'hidden_continuous_size': 6, 'attention_head_size': 1, 'learning_rate': 0.08145855826012936}. Best is trial 0 with value: 293.6153564453125.
[I 2023-12-26 14:52:25,376] Trial 2 finished with value: 3383.960693359375 and parameters: {'gradient_clip_val': 0.12817462272466862, 'hidden_size': 81, 'dropout': 0.14530329633197786, 'hidden_continuous_size': 65, 'attention_head_size': 1, 'learning_rate': 0.03622394509154715}. Best is trial 0 with value: 293.6153564453125.
[I 2023-12-26 14:52:29,013] Trial 3 finished with value: 4288.05908203125 and parameters: {'gradient_clip_val': 0.9570244057523446, 'hidden_size': 35, 'dropout': 0.10348313853517209, 'hidden_continuous_size': 7, 'attention_head_size': 3, 'learning_rate': 0.0021728113467644737}. Best is trial 0 with value: 293.6153564453125.
[I 2023-12-26 14:52:40,482] Trial 4 finished with value: 3866.962158203125 and parameters: {'gradient_clip_val': 0.10722764722114837, 'hidden_size': 146, 'dropout': 0.2676027004405447, 'hidden_continuous_size': 13, 'attention_head_size': 4, 'learning_rate': 0.0017106992909595488}. Best is trial 0 with value: 293.6153564453125.
[I 2023-12-26 14:52:44,995] Trial 5 finished with value: 4237.43701171875 and parameters: {'gradient_clip_val': 0.5533946573763883, 'hidden_size': 54, 'dropout': 0.2918086422395444, 'hidden_continuous_size': 6, 'attention_head_size': 2, 'learning_rate': 0.0013652438498786969}. Best is trial 0 with value: 293.6153564453125.
[I 2023-12-26 14:52:52,440] Trial 6 finished with value: 3842.5029296875 and parameters: {'gradient_clip_val': 0.6804439826763372, 'hidden_size': 90, 'dropout': 0.13337334551086638, 'hidden_continuous_size': 8, 'attention_head_size': 3, 'learning_rate': 0.04483475339029588}. Best is trial 0 with value: 293.6153564453125.
[I 2023-12-26 14:53:03,585] Trial 7 finished with value: 3475.4140625 and parameters: {'gradient_clip_val': 0.610434628387489, 'hidden_size': 142, 'dropout': 0.37828087406547695, 'hidden_continuous_size': 5, 'attention_head_size': 3, 'learning_rate': 0.0021611642164624176}. Best is trial 0 with value: 293.6153564453125.
[I 2023-12-26 14:53:11,926] Trial 8 finished with value: 4485.12744140625 and parameters: {'gradient_clip_val': 0.42330964423997275, 'hidden_size': 89, 'dropout': 0.44620281630053316, 'hidden_continuous_size': 67, 'attention_head_size': 4, 'learning_rate': 0.0022947875256128913}. Best is trial 0 with value: 293.6153564453125.
[I 2023-12-26 14:53:23,860] Trial 9 finished with value: 2986.399658203125 and parameters: {'gradient_clip_val': 0.14832855876777043, 'hidden_size': 142, 'dropout': 0.48068113976176285, 'hidden_continuous_size': 54, 'attention_head_size': 1, 'learning_rate': 0.0005780158006888518}. Best is trial 0 with value: 293.6153564453125.
[I 2023-12-26 14:53:25,973] Trial 10 finished with value: 3916.341796875 and parameters: {'gradient_clip_val': 0.28094715653982366, 'hidden_size': 5, 'dropout': 0.2255678311907808, 'hidden_continuous_size': 5, 'attention_head_size': 2, 'learning_rate': 0.011645363493140453}. Best is trial 0 with value: 293.6153564453125.
[I 2023-12-26 14:53:28,605] Trial 11 finished with value: 5318.1455078125 and parameters: {'gradient_clip_val': 0.987526363609956, 'hidden_size': 15, 'dropout': 0.22045536839141094, 'hidden_continuous_size': 5, 'attention_head_size': 2, 'learning_rate': 0.09889096839796077}. Best is trial 0 with value: 293.6153564453125.
[I 2023-12-26 14:53:31,138] Trial 12 finished with value: 3683.68359375 and parameters: {'gradient_clip_val': 0.33261624970414416, 'hidden_size': 17, 'dropout': 0.19146582114448085, 'hidden_continuous_size': 6, 'attention_head_size': 1, 'learning_rate': 0.009736917876616465}. Best is trial 0 with value: 293.6153564453125.
[I 2023-12-26 14:53:33,246] Trial 13 finished with value: 4650.05615234375 and parameters: {'gradient_clip_val': 0.7311164760950001, 'hidden_size': 5, 'dropout': 0.3524468547912766, 'hidden_continuous_size': 5, 'attention_head_size': 3, 'learning_rate': 0.0065256751076335755}. Best is trial 0 with value: 293.6153564453125.
[I 2023-12-26 14:53:35,620] Trial 14 finished with value: 2101.392578125 and parameters: {'gradient_clip_val': 0.45747240269342737, 'hidden_size': 9, 'dropout': 0.20344020068413746, 'hidden_continuous_size': 6, 'attention_head_size': 2, 'learning_rate': 0.021765718651407622}. Best is trial 0 with value: 293.6153564453125.
[I 2023-12-26 14:53:38,649] Trial 15 finished with value: 3463.206298828125 and parameters: {'gradient_clip_val': 0.822497680856312, 'hidden_size': 23, 'dropout': 0.2769552004014042, 'hidden_continuous_size': 8, 'attention_head_size': 4, 'learning_rate': 0.005430343852537358}. Best is trial 0 with value: 293.6153564453125.
[I 2023-12-26 14:53:41,027] Trial 16 finished with value: 5162.27587890625 and parameters: {'gradient_clip_val': 0.9985184530405575, 'hidden_size': 9, 'dropout': 0.1679495447932798, 'hidden_continuous_size': 5, 'attention_head_size': 1, 'learning_rate': 0.01712484881834017}. Best is trial 0 with value: 293.6153564453125.
[I 2023-12-26 14:53:44,339] Trial 17 finished with value: 3744.169189453125 and parameters: {'gradient_clip_val': 0.4898754397467884, 'hidden_size': 33, 'dropout': 0.24367352769799455, 'hidden_continuous_size': 10, 'attention_head_size': 2, 'learning_rate': 0.09967625111365046}. Best is trial 0 with value: 293.6153564453125.
[I 2023-12-26 14:53:48,254] Trial 18 finished with value: 4152.92138671875 and parameters: {'gradient_clip_val': 0.6792004661263191, 'hidden_size': 42, 'dropout': 0.32027993704781105, 'hidden_continuous_size': 10, 'attention_head_size': 3, 'learning_rate': 0.004678272737258144}. Best is trial 0 with value: 293.6153564453125.
[I 2023-12-26 14:53:51,318] Trial 19 finished with value: 3329.864501953125 and parameters: {'gradient_clip_val': 0.3672906498262894, 'hidden_size': 23, 'dropout': 0.181886229499742, 'hidden_continuous_size': 7, 'attention_head_size': 4, 'learning_rate': 0.032338413391873454}. Best is trial 0 with value: 293.6153564453125.
[I 2023-12-26 14:53:54,123] Trial 20 finished with value: 3065.579345703125 and parameters: {'gradient_clip_val': 0.26979548316903745, 'hidden_size': 13, 'dropout': 0.2527851164184205, 'hidden_continuous_size': 6, 'attention_head_size': 1, 'learning_rate': 0.012815506989785395}. Best is trial 0 with value: 293.6153564453125.
[I 2023-12-26 14:53:56,494] Trial 21 finished with value: 3711.283447265625 and parameters: {'gradient_clip_val': 0.49188269071213364, 'hidden_size': 7, 'dropout': 0.1988278455862177, 'hidden_continuous_size': 5, 'attention_head_size': 2, 'learning_rate': 0.019345616693272647}. Best is trial 0 with value: 293.6153564453125.
[I 2023-12-26 14:53:58,916] Trial 22 finished with value: 3447.368896484375 and parameters: {'gradient_clip_val': 0.5617151239223305, 'hidden_size': 9, 'dropout': 0.21906896736100626, 'hidden_continuous_size': 6, 'attention_head_size': 2, 'learning_rate': 0.028919564823648044}. Best is trial 0 with value: 293.6153564453125.
[I 2023-12-26 14:54:01,310] Trial 23 finished with value: 4028.852783203125 and parameters: {'gradient_clip_val': 0.43551957582903505, 'hidden_size': 7, 'dropout': 0.17177400433894763, 'hidden_continuous_size': 5, 'attention_head_size': 3, 'learning_rate': 0.055994938084996254}. Best is trial 0 with value: 293.6153564453125.
[I 2023-12-26 14:54:03,713] Trial 24 finished with value: 3533.676025390625 and parameters: {'gradient_clip_val': 0.7900974546924993, 'hidden_size': 11, 'dropout': 0.2159962994265116, 'hidden_continuous_size': 6, 'attention_head_size': 1, 'learning_rate': 0.022414308770722133}. Best is trial 0 with value: 293.6153564453125.
[I 2023-12-26 14:54:06,322] Trial 25 finished with value: 3998.300537109375 and parameters: {'gradient_clip_val': 0.6140519485079674, 'hidden_size': 19, 'dropout': 0.25645790427819554, 'hidden_continuous_size': 7, 'attention_head_size': 2, 'learning_rate': 0.05202119909553839}. Best is trial 0 with value: 293.6153564453125.
[I 2023-12-26 14:54:08,889] Trial 26 finished with value: 3919.333251953125 and parameters: {'gradient_clip_val': 0.38589638386080527, 'hidden_size': 13, 'dropout': 0.30029901805694714, 'hidden_continuous_size': 6, 'attention_head_size': 3, 'learning_rate': 0.009152397439498593}. Best is trial 0 with value: 293.6153564453125.
[I 2023-12-26 14:54:11,006] Trial 27 finished with value: 5118.294921875 and parameters: {'gradient_clip_val': 0.49356144449727996, 'hidden_size': 5, 'dropout': 0.14872512170329413, 'hidden_continuous_size': 5, 'attention_head_size': 2, 'learning_rate': 0.06753283342025784}. Best is trial 0 with value: 293.6153564453125.
[I 2023-12-26 14:54:13,653] Trial 28 finished with value: 3854.423095703125 and parameters: {'gradient_clip_val': 0.824854362312714, 'hidden_size': 19, 'dropout': 0.23637714379843944, 'hidden_continuous_size': 7, 'attention_head_size': 1, 'learning_rate': 0.02276929155667997}. Best is trial 0 with value: 293.6153564453125.
[I 2023-12-26 14:54:16,733] Trial 29 finished with value: 4381.89697265625 and parameters: {'gradient_clip_val': 0.28084264355730987, 'hidden_size': 27, 'dropout': 0.14487908501418525, 'hidden_continuous_size': 8, 'attention_head_size': 1, 'learning_rate': 0.03458500801501153}. Best is trial 0 with value: 293.6153564453125.
[I 2023-12-26 14:54:19,079] Trial 30 finished with value: 3882.1484375 and parameters: {'gradient_clip_val': 0.3362115655909787, 'hidden_size': 7, 'dropout': 0.18373909217786738, 'hidden_continuous_size': 5, 'attention_head_size': 2, 'learning_rate': 0.015344186959230883}. Best is trial 0 with value: 293.6153564453125.
[I 2023-12-26 14:54:24,280] Trial 31 finished with value: 3238.153564453125 and parameters: {'gradient_clip_val': 0.18365251265441898, 'hidden_size': 55, 'dropout': 0.49922699350471794, 'hidden_continuous_size': 45, 'attention_head_size': 1, 'learning_rate': 0.000676582884602642}. Best is trial 0 with value: 293.6153564453125.
[I 2023-12-26 14:54:30,270] Trial 32 finished with value: 2912.542236328125 and parameters: {'gradient_clip_val': 0.15256898908915711, 'hidden_size': 63, 'dropout': 0.41051867375697293, 'hidden_continuous_size': 19, 'attention_head_size': 1, 'learning_rate': 0.004099665820353429}. Best is trial 0 with value: 293.6153564453125.
