[I 2023-12-26 15:04:45,324] Trial 30 finished with value: 677.46484375 and parameters: {'gradient_clip_val': 0.19281765512929697, 'hidden_size': 10, 'dropout': 0.49112697960688384, 'hidden_continuous_size': 6, 'attention_head_size': 4, 'learning_rate': 0.004427476732661401}. Best is trial 0 with value: 138.35350036621094.
[I 2023-12-26 15:04:47,294] Trial 31 finished with value: 514.7950439453125 and parameters: {'gradient_clip_val': 0.22859943151146425, 'hidden_size': 9, 'dropout': 0.4481457781465029, 'hidden_continuous_size': 6, 'attention_head_size': 2, 'learning_rate': 0.0028903984078520032}. Best is trial 0 with value: 138.35350036621094.
[I 2023-12-26 15:04:49,350] Trial 32 finished with value: 596.2825927734375 and parameters: {'gradient_clip_val': 0.23334112753944541, 'hidden_size': 13, 'dropout': 0.4621057312713548, 'hidden_continuous_size': 7, 'attention_head_size': 2, 'learning_rate': 0.002665775392961585}. Best is trial 0 with value: 138.35350036621094.
[I 2023-12-26 15:04:51,440] Trial 33 finished with value: 589.15087890625 and parameters: {'gradient_clip_val': 0.2808757072855758, 'hidden_size': 18, 'dropout': 0.45431921148155746, 'hidden_continuous_size': 8, 'attention_head_size': 2, 'learning_rate': 0.006284669714359006}. Best is trial 0 with value: 138.35350036621094.
[I 2023-12-26 15:04:53,448] Trial 34 finished with value: 893.6622924804688 and parameters: {'gradient_clip_val': 0.264191931817616, 'hidden_size': 10, 'dropout': 0.42199881620687724, 'hidden_continuous_size': 6, 'attention_head_size': 2, 'learning_rate': 0.0017403755383263435}. Best is trial 0 with value: 138.35350036621094.
[I 2023-12-26 15:04:55,304] Trial 35 finished with value: 655.6483764648438 and parameters: {'gradient_clip_val': 0.18259534301149893, 'hidden_size': 6, 'dropout': 0.38883742993967857, 'hidden_continuous_size': 5, 'attention_head_size': 1, 'learning_rate': 0.003062193595293321}. Best is trial 0 with value: 138.35350036621094.
[I 2023-12-26 15:04:57,382] Trial 36 finished with value: 619.7439575195312 and parameters: {'gradient_clip_val': 0.16699785907113354, 'hidden_size': 18, 'dropout': 0.4947954084155581, 'hidden_continuous_size': 8, 'attention_head_size': 2, 'learning_rate': 0.0044118963027691286}. Best is trial 0 with value: 138.35350036621094.
[I 2023-12-26 15:04:59,348] Trial 37 finished with value: 543.3946533203125 and parameters: {'gradient_clip_val': 0.2069487613167202, 'hidden_size': 7, 'dropout': 0.4429532020726197, 'hidden_continuous_size': 5, 'attention_head_size': 4, 'learning_rate': 0.0008038069972154237}. Best is trial 0 with value: 138.35350036621094.
[I 2023-12-26 15:05:01,450] Trial 38 finished with value: 567.5242309570312 and parameters: {'gradient_clip_val': 0.25604405000337854, 'hidden_size': 14, 'dropout': 0.4631807887710705, 'hidden_continuous_size': 7, 'attention_head_size': 3, 'learning_rate': 0.0015814444455251857}. Best is trial 0 with value: 138.35350036621094.
[I 2023-12-26 15:05:03,430] Trial 39 finished with value: 660.426513671875 and parameters: {'gradient_clip_val': 0.3014151217856759, 'hidden_size': 11, 'dropout': 0.3976970270148997, 'hidden_continuous_size': 6, 'attention_head_size': 1, 'learning_rate': 0.0022293223592835176}. Best is trial 0 with value: 138.35350036621094.
[I 2023-12-26 15:05:05,412] Trial 40 finished with value: 481.4151916503906 and parameters: {'gradient_clip_val': 0.1840559205974986, 'hidden_size': 16, 'dropout': 0.12090492407917533, 'hidden_continuous_size': 9, 'attention_head_size': 4, 'learning_rate': 0.0035423100149748013}. Best is trial 0 with value: 138.35350036621094.
[I 2023-12-26 15:05:07,550] Trial 41 finished with value: 664.3968505859375 and parameters: {'gradient_clip_val': 0.18241907934233392, 'hidden_size': 17, 'dropout': 0.12488219074367998, 'hidden_continuous_size': 10, 'attention_head_size': 4, 'learning_rate': 0.002912617402826513}. Best is trial 0 with value: 138.35350036621094.
[I 2023-12-26 15:05:09,843] Trial 42 finished with value: 745.224365234375 and parameters: {'gradient_clip_val': 0.14967069123319185, 'hidden_size': 12, 'dropout': 0.1281181348069698, 'hidden_continuous_size': 9, 'attention_head_size': 4, 'learning_rate': 0.003474377561740297}. Best is trial 0 with value: 138.35350036621094.
[I 2023-12-26 15:05:12,062] Trial 43 finished with value: 645.4881591796875 and parameters: {'gradient_clip_val': 0.22820163258622778, 'hidden_size': 20, 'dropout': 0.15940261477356443, 'hidden_continuous_size': 11, 'attention_head_size': 4, 'learning_rate': 0.0049164305567473325}. Best is trial 0 with value: 138.35350036621094.
[I 2023-12-26 15:05:14,240] Trial 44 finished with value: 605.0697631835938 and parameters: {'gradient_clip_val': 0.13886656906159084, 'hidden_size': 15, 'dropout': 0.10304047718974461, 'hidden_continuous_size': 9, 'attention_head_size': 4, 'learning_rate': 0.06491587464300305}. Best is trial 0 with value: 138.35350036621094.
[I 2023-12-26 15:05:16,343] Trial 45 finished with value: 451.5599060058594 and parameters: {'gradient_clip_val': 0.19194806104955364, 'hidden_size': 14, 'dropout': 0.16994374213951005, 'hidden_continuous_size': 7, 'attention_head_size': 3, 'learning_rate': 0.007710474944780372}. Best is trial 0 with value: 138.35350036621094.
[I 2023-12-26 15:05:18,592] Trial 46 finished with value: 676.739013671875 and parameters: {'gradient_clip_val': 0.1674192724774118, 'hidden_size': 21, 'dropout': 0.1696343205516506, 'hidden_continuous_size': 9, 'attention_head_size': 4, 'learning_rate': 0.023691922762082956}. Best is trial 0 with value: 138.35350036621094.
[I 2023-12-26 15:05:20,693] Trial 47 finished with value: 708.430908203125 and parameters: {'gradient_clip_val': 0.12936324718336983, 'hidden_size': 13, 'dropout': 0.14125979965530827, 'hidden_continuous_size': 7, 'attention_head_size': 3, 'learning_rate': 0.0037441108514796265}. Best is trial 0 with value: 138.35350036621094.
[I 2023-12-26 15:05:23,114] Trial 48 finished with value: 605.1503295898438 and parameters: {'gradient_clip_val': 0.1919444749658736, 'hidden_size': 28, 'dropout': 0.19424881344653697, 'hidden_continuous_size': 8, 'attention_head_size': 4, 'learning_rate': 0.007728368389455234}. Best is trial 0 with value: 138.35350036621094.
[I 2023-12-26 15:05:25,076] Trial 49 finished with value: 588.7825317382812 and parameters: {'gradient_clip_val': 0.2441326676541844, 'hidden_size': 16, 'dropout': 0.17194707547104573, 'hidden_continuous_size': 7, 'attention_head_size': 3, 'learning_rate': 0.0022753492054613605}. Best is trial 0 with value: 138.35350036621094.
[I 2023-12-26 15:05:25,197] A new study created in memory with name: no-name-4782752a-f0fd-4936-afc3-219b679acbfe
/home/le004/conda/anaconda3/envs/tsff_env/lib/python3.9/site-packages/lightning/fabric/plugins/environments/slurm.py:191: The `srun` command is available on your system but is not used. HINT: If your intention is to run Lightning on SLURM, prepend your python command with `srun` like so: srun python /home/le004/master_thesis/git/TSFusionForecast/code/ ...
[I 2023-12-26 15:09:57,356] Trial 0 finished with value: 20.24473762512207 and parameters: {'gradient_clip_val': 0.33229854896136396, 'hidden_size': 6, 'dropout': 0.28897303063063673, 'hidden_continuous_size': 5, 'attention_head_size': 2, 'learning_rate': 0.001349410237897957}. Best is trial 0 with value: 20.24473762512207.
[I 2023-12-26 15:11:19,355] Trial 1 finished with value: 29.79363250732422 and parameters: {'gradient_clip_val': 0.2309237317960067, 'hidden_size': 18, 'dropout': 0.20080816121983586, 'hidden_continuous_size': 18, 'attention_head_size': 4, 'learning_rate': 0.0015154744542008448}. Best is trial 0 with value: 20.24473762512207.
[I 2023-12-26 15:11:21,283] Trial 2 finished with value: 147.0847930908203 and parameters: {'gradient_clip_val': 0.44839889785224385, 'hidden_size': 9, 'dropout': 0.4783460651656549, 'hidden_continuous_size': 9, 'attention_head_size': 3, 'learning_rate': 0.07003384514558943}. Best is trial 0 with value: 20.24473762512207.
[I 2023-12-26 15:11:23,195] Trial 3 finished with value: 177.7290802001953 and parameters: {'gradient_clip_val': 0.7561016175373076, 'hidden_size': 7, 'dropout': 0.4102986336718303, 'hidden_continuous_size': 6, 'attention_head_size': 1, 'learning_rate': 0.09933704169843506}. Best is trial 0 with value: 20.24473762512207.
[I 2023-12-26 15:11:25,040] Trial 4 finished with value: 162.86204528808594 and parameters: {'gradient_clip_val': 0.913617247672185, 'hidden_size': 8, 'dropout': 0.1983435770957505, 'hidden_continuous_size': 5, 'attention_head_size': 1, 'learning_rate': 0.018798668023499058}. Best is trial 0 with value: 20.24473762512207.
[I 2023-12-26 15:11:30,839] Trial 5 finished with value: 99.5585708618164 and parameters: {'gradient_clip_val': 0.21723276867266947, 'hidden_size': 90, 'dropout': 0.30050816198288827, 'hidden_continuous_size': 24, 'attention_head_size': 3, 'learning_rate': 0.07497042298958732}. Best is trial 0 with value: 20.24473762512207.
[I 2023-12-26 15:11:32,976] Trial 6 finished with value: 161.2718963623047 and parameters: {'gradient_clip_val': 0.10458868245997922, 'hidden_size': 17, 'dropout': 0.12223897146675947, 'hidden_continuous_size': 13, 'attention_head_size': 2, 'learning_rate': 0.012458439255299833}. Best is trial 0 with value: 20.24473762512207.
[I 2023-12-26 15:11:43,238] Trial 7 finished with value: 145.0354461669922 and parameters: {'gradient_clip_val': 0.5275434796151209, 'hidden_size': 147, 'dropout': 0.4455656301499489, 'hidden_continuous_size': 63, 'attention_head_size': 4, 'learning_rate': 0.009010137724412738}. Best is trial 0 with value: 20.24473762512207.
[I 2023-12-26 15:11:48,104] Trial 8 finished with value: 128.69004821777344 and parameters: {'gradient_clip_val': 0.10045028300534956, 'hidden_size': 80, 'dropout': 0.4471270128581296, 'hidden_continuous_size': 14, 'attention_head_size': 2, 'learning_rate': 0.002393684811739644}. Best is trial 0 with value: 20.24473762512207.
[I 2023-12-26 15:11:49,851] Trial 9 finished with value: 132.28564453125 and parameters: {'gradient_clip_val': 0.3175800669642595, 'hidden_size': 5, 'dropout': 0.14913700150999484, 'hidden_continuous_size': 5, 'attention_head_size': 2, 'learning_rate': 0.001194537745413257}. Best is trial 0 with value: 20.24473762512207.
[I 2023-12-26 15:11:52,471] Trial 10 finished with value: 188.7558135986328 and parameters: {'gradient_clip_val': 0.4844335073484038, 'hidden_size': 35, 'dropout': 0.32726402883388217, 'hidden_continuous_size': 7, 'attention_head_size': 1, 'learning_rate': 0.0005951326072646469}. Best is trial 0 with value: 20.24473762512207.
[I 2023-12-26 15:11:54,486] Trial 11 finished with value: 123.9719009399414 and parameters: {'gradient_clip_val': 0.23646940765118893, 'hidden_size': 16, 'dropout': 0.22818874127409047, 'hidden_continuous_size': 5, 'attention_head_size': 4, 'learning_rate': 0.0025263346073037146}. Best is trial 0 with value: 20.24473762512207.
[I 2023-12-26 15:11:56,271] Trial 12 finished with value: 168.77879333496094 and parameters: {'gradient_clip_val': 0.1930257146486865, 'hidden_size': 5, 'dropout': 0.2520387608871528, 'hidden_continuous_size': 5, 'attention_head_size': 3, 'learning_rate': 0.0006330945506286883}. Best is trial 0 with value: 20.24473762512207.
[I 2023-12-26 15:11:58,453] Trial 13 finished with value: 203.9841766357422 and parameters: {'gradient_clip_val': 0.3107900592309469, 'hidden_size': 14, 'dropout': 0.34884325477257844, 'hidden_continuous_size': 6, 'attention_head_size': 4, 'learning_rate': 0.0030601938723749168}. Best is trial 0 with value: 20.24473762512207.
[I 2023-12-26 15:12:00,797] Trial 14 finished with value: 137.86070251464844 and parameters: {'gradient_clip_val': 0.14936612851846087, 'hidden_size': 23, 'dropout': 0.26179168506882283, 'hidden_continuous_size': 8, 'attention_head_size': 3, 'learning_rate': 0.0013674609733368766}. Best is trial 0 with value: 20.24473762512207.
[I 2023-12-26 15:12:02,838] Trial 15 finished with value: 134.0509490966797 and parameters: {'gradient_clip_val': 0.32591533039280796, 'hidden_size': 11, 'dropout': 0.1734651135148553, 'hidden_continuous_size': 6, 'attention_head_size': 2, 'learning_rate': 0.004574135226797886}. Best is trial 0 with value: 20.24473762512207.
[I 2023-12-26 15:12:05,286] Trial 16 finished with value: 189.5128631591797 and parameters: {'gradient_clip_val': 0.1694191941732682, 'hidden_size': 26, 'dropout': 0.11420731494882003, 'hidden_continuous_size': 10, 'attention_head_size': 4, 'learning_rate': 0.0011339333957963548}. Best is trial 0 with value: 20.24473762512207.
[I 2023-12-26 15:12:07,365] Trial 17 finished with value: 196.88734436035156 and parameters: {'gradient_clip_val': 0.24412738012077742, 'hidden_size': 11, 'dropout': 0.19991467768487664, 'hidden_continuous_size': 6, 'attention_head_size': 3, 'learning_rate': 0.004907227456393396}. Best is trial 0 with value: 20.24473762512207.
[I 2023-12-26 15:12:09,278] Trial 18 finished with value: 159.31809997558594 and parameters: {'gradient_clip_val': 0.3735742369438106, 'hidden_size': 6, 'dropout': 0.28455491740985284, 'hidden_continuous_size': 5, 'attention_head_size': 2, 'learning_rate': 0.0005716241099986017}. Best is trial 0 with value: 20.24473762512207.
[I 2023-12-26 15:12:11,420] Trial 19 finished with value: 131.9076690673828 and parameters: {'gradient_clip_val': 0.6134060678692873, 'hidden_size': 7, 'dropout': 0.2406725151397624, 'hidden_continuous_size': 5, 'attention_head_size': 1, 'learning_rate': 0.0016676128460942842}. Best is trial 0 with value: 20.24473762512207.
[I 2023-12-26 15:12:14,157] Trial 20 finished with value: 108.88360595703125 and parameters: {'gradient_clip_val': 0.2628717191880849, 'hidden_size': 36, 'dropout': 0.34677438786798637, 'hidden_continuous_size': 11, 'attention_head_size': 4, 'learning_rate': 0.0009380214039959381}. Best is trial 0 with value: 20.24473762512207.
[I 2023-12-26 15:12:17,576] Trial 21 finished with value: 150.18963623046875 and parameters: {'gradient_clip_val': 0.20087318952168798, 'hidden_size': 52, 'dropout': 0.29654437132756495, 'hidden_continuous_size': 20, 'attention_head_size': 3, 'learning_rate': 0.027657541891299247}. Best is trial 0 with value: 20.24473762512207.
[I 2023-12-26 15:12:19,681] Trial 22 finished with value: 151.2225799560547 and parameters: {'gradient_clip_val': 0.402823297706685, 'hidden_size': 18, 'dropout': 0.31580013368101434, 'hidden_continuous_size': 18, 'attention_head_size': 3, 'learning_rate': 0.0055513292940740635}. Best is trial 0 with value: 20.24473762512207.
[I 2023-12-26 15:12:21,755] Trial 23 finished with value: 160.21507263183594 and parameters: {'gradient_clip_val': 0.27824404825134524, 'hidden_size': 11, 'dropout': 0.26896339081802345, 'hidden_continuous_size': 7, 'attention_head_size': 2, 'learning_rate': 0.001823968967216439}. Best is trial 0 with value: 20.24473762512207.
[I 2023-12-26 15:12:25,840] Trial 24 finished with value: 143.90325927734375 and parameters: {'gradient_clip_val': 0.22452436702090187, 'hidden_size': 62, 'dropout': 0.2026565987521875, 'hidden_continuous_size': 21, 'attention_head_size': 4, 'learning_rate': 0.0040649559695515635}. Best is trial 0 with value: 20.24473762512207.
[I 2023-12-26 15:12:28,067] Trial 25 finished with value: 194.25425720214844 and parameters: {'gradient_clip_val': 0.38364361705108374, 'hidden_size': 21, 'dropout': 0.37504928079826366, 'hidden_continuous_size': 21, 'attention_head_size': 3, 'learning_rate': 0.006815255464392746}. Best is trial 0 with value: 20.24473762512207.
[I 2023-12-26 15:12:30,713] Trial 26 finished with value: 147.40135192871094 and parameters: {'gradient_clip_val': 0.27470916357647984, 'hidden_size': 34, 'dropout': 0.2935848415545164, 'hidden_continuous_size': 16, 'attention_head_size': 2, 'learning_rate': 0.002881923616508408}. Best is trial 0 with value: 20.24473762512207.
[I 2023-12-26 15:12:32,898] Trial 27 finished with value: 184.8494415283203 and parameters: {'gradient_clip_val': 0.15414022514281486, 'hidden_size': 14, 'dropout': 0.22911178545533661, 'hidden_continuous_size': 12, 'attention_head_size': 3, 'learning_rate': 0.0019034781366708685}. Best is trial 0 with value: 20.24473762512207.
[I 2023-12-26 15:12:34,716] Trial 28 finished with value: 142.7380828857422 and parameters: {'gradient_clip_val': 0.20896279407591506, 'hidden_size': 5, 'dropout': 0.3148157009762255, 'hidden_continuous_size': 5, 'attention_head_size': 4, 'learning_rate': 0.03506170175538454}. Best is trial 0 with value: 20.24473762512207.
[I 2023-12-26 15:12:36,766] Trial 29 finished with value: 176.72021484375 and parameters: {'gradient_clip_val': 0.42316823415530086, 'hidden_size': 9, 'dropout': 0.27273325232367857, 'hidden_continuous_size': 8, 'attention_head_size': 3, 'learning_rate': 0.05260372616699188}. Best is trial 0 with value: 20.24473762512207.
[I 2023-12-26 15:12:39,415] Trial 30 finished with value: 137.69854736328125 and parameters: {'gradient_clip_val': 0.3504300073084989, 'hidden_size': 29, 'dropout': 0.16123864790573456, 'hidden_continuous_size': 25, 'attention_head_size': 3, 'learning_rate': 0.01132753921186466}. Best is trial 0 with value: 20.24473762512207.
[I 2023-12-26 15:12:42,618] Trial 31 finished with value: 138.1840057373047 and parameters: {'gradient_clip_val': 0.28060431539000397, 'hidden_size': 42, 'dropout': 0.3517640090824118, 'hidden_continuous_size': 11, 'attention_head_size': 4, 'learning_rate': 0.0008858158836090077}. Best is trial 0 with value: 20.24473762512207.
[I 2023-12-26 15:12:44,943] Trial 32 finished with value: 110.14521026611328 and parameters: {'gradient_clip_val': 0.25239518861876076, 'hidden_size': 21, 'dropout': 0.34112607630761643, 'hidden_continuous_size': 9, 'attention_head_size': 4, 'learning_rate': 0.0009849229679226113}. Best is trial 0 with value: 20.24473762512207.
[I 2023-12-26 15:12:50,407] Trial 33 finished with value: 95.56829071044922 and parameters: {'gradient_clip_val': 0.29415015207741, 'hidden_size': 82, 'dropout': 0.38045039766999433, 'hidden_continuous_size': 28, 'attention_head_size': 4, 'learning_rate': 0.0733525305204906}. Best is trial 0 with value: 20.24473762512207.
[I 2023-12-26 15:12:56,541] Trial 34 finished with value: 160.93948364257812 and parameters: {'gradient_clip_val': 0.30759730393418105, 'hidden_size': 91, 'dropout': 0.3904521590465427, 'hidden_continuous_size': 29, 'attention_head_size': 4, 'learning_rate': 0.06155343943497699}. Best is trial 0 with value: 20.24473762512207.
[I 2023-12-26 15:13:05,877] Trial 35 finished with value: 131.09864807128906 and parameters: {'gradient_clip_val': 0.3567440264295791, 'hidden_size': 143, 'dropout': 0.31003225488462427, 'hidden_continuous_size': 34, 'attention_head_size': 1, 'learning_rate': 0.09038988491126296}. Best is trial 0 with value: 20.24473762512207.
[I 2023-12-26 15:13:12,708] Trial 36 finished with value: 128.20213317871094 and parameters: {'gradient_clip_val': 0.465668029992513, 'hidden_size': 104, 'dropout': 0.41866174487325264, 'hidden_continuous_size': 40, 'attention_head_size': 4, 'learning_rate': 0.07576043518023874}. Best is trial 0 with value: 20.24473762512207.
[I 2023-12-26 15:13:17,215] Trial 37 finished with value: 133.74925231933594 and parameters: {'gradient_clip_val': 0.22535110220959226, 'hidden_size': 70, 'dropout': 0.4985175984208337, 'hidden_continuous_size': 15, 'attention_head_size': 2, 'learning_rate': 0.09794624387707522}. Best is trial 0 with value: 20.24473762512207.
[I 2023-12-26 15:13:20,489] Trial 38 finished with value: 147.9730987548828 and parameters: {'gradient_clip_val': 0.2965900033021646, 'hidden_size': 49, 'dropout': 0.3691489633250186, 'hidden_continuous_size': 13, 'attention_head_size': 3, 'learning_rate': 0.015740675221326748}. Best is trial 0 with value: 20.24473762512207.
[I 2023-12-26 15:13:24,060] Trial 39 finished with value: 165.93185424804688 and parameters: {'gradient_clip_val': 0.18093349742967912, 'hidden_size': 53, 'dropout': 0.3275569632116966, 'hidden_continuous_size': 17, 'attention_head_size': 4, 'learning_rate': 0.04743985225245894}. Best is trial 0 with value: 20.24473762512207.
[I 2023-12-26 15:13:31,679] Trial 40 finished with value: 130.40589904785156 and parameters: {'gradient_clip_val': 0.3398779156485825, 'hidden_size': 116, 'dropout': 0.2734313860243231, 'hidden_continuous_size': 45, 'attention_head_size': 2, 'learning_rate': 0.019152180752703626}. Best is trial 0 with value: 20.24473762512207.
[I 2023-12-26 15:13:37,769] Trial 41 finished with value: 150.4978790283203 and parameters: {'gradient_clip_val': 0.25587994942976433, 'hidden_size': 85, 'dropout': 0.3303721339796297, 'hidden_continuous_size': 14, 'attention_head_size': 4, 'learning_rate': 0.0007284674122773389}. Best is trial 0 with value: 20.24473762512207.
[I 2023-12-26 15:13:41,993] Trial 42 finished with value: 216.17236328125 and parameters: {'gradient_clip_val': 0.2626729694663026, 'hidden_size': 73, 'dropout': 0.2925271859875433, 'hidden_continuous_size': 24, 'attention_head_size': 4, 'learning_rate': 0.0009532940901469187}. Best is trial 0 with value: 20.24473762512207.
[I 2023-12-26 15:13:46,544] Trial 43 finished with value: 162.26104736328125 and parameters: {'gradient_clip_val': 0.22073845296907119, 'hidden_size': 61, 'dropout': 0.35940029499511467, 'hidden_continuous_size': 19, 'attention_head_size': 4, 'learning_rate': 0.0014991439973307428}. Best is trial 0 with value: 20.24473762512207.
[I 2023-12-26 15:13:50,718] Trial 44 finished with value: 141.62730407714844 and parameters: {'gradient_clip_val': 0.29102357814743685, 'hidden_size': 45, 'dropout': 0.3981189484157745, 'hidden_continuous_size': 17, 'attention_head_size': 4, 'learning_rate': 0.000788717560724619}. Best is trial 0 with value: 20.24473762512207.
