[I 2023-12-15 20:07:13,482] Trial 32 finished with value: 0.0899895429611206 and parameters: {'gradient_clip_val': 0.40980491819515275, 'hidden_size': 43, 'dropout': 0.3042382919761866, 'hidden_continuous_size': 13, 'attention_head_size': 4, 'learning_rate': 0.005073404875867042}. Best is trial 14 with value: 0.031634002923965454.
LOCAL_RANK: 0 - CUDA_VISIBLE_DEVICES: [0]
[I 2023-12-15 20:08:06,889] Trial 33 finished with value: 0.058167096227407455 and parameters: {'gradient_clip_val': 0.31249464240615993, 'hidden_size': 59, 'dropout': 0.28136810527131473, 'hidden_continuous_size': 10, 'attention_head_size': 4, 'learning_rate': 0.008780850050004056}. Best is trial 14 with value: 0.031634002923965454.
LOCAL_RANK: 0 - CUDA_VISIBLE_DEVICES: [0]
[I 2023-12-15 20:08:59,630] Trial 34 finished with value: 0.03276974335312843 and parameters: {'gradient_clip_val': 0.4931725314038925, 'hidden_size': 52, 'dropout': 0.1002935376483095, 'hidden_continuous_size': 17, 'attention_head_size': 4, 'learning_rate': 0.01452926352634621}. Best is trial 14 with value: 0.031634002923965454.
LOCAL_RANK: 0 - CUDA_VISIBLE_DEVICES: [0]
[I 2023-12-15 20:09:52,339] Trial 35 finished with value: 0.03524179384112358 and parameters: {'gradient_clip_val': 0.5350441993254886, 'hidden_size': 52, 'dropout': 0.24034050726395778, 'hidden_continuous_size': 17, 'attention_head_size': 4, 'learning_rate': 0.016642824439728063}. Best is trial 14 with value: 0.031634002923965454.
LOCAL_RANK: 0 - CUDA_VISIBLE_DEVICES: [0]
[I 2023-12-15 20:10:44,921] Trial 36 finished with value: 0.0576678067445755 and parameters: {'gradient_clip_val': 0.9470705761284537, 'hidden_size': 68, 'dropout': 0.15212748566218356, 'hidden_continuous_size': 19, 'attention_head_size': 2, 'learning_rate': 0.011592791852926991}. Best is trial 14 with value: 0.031634002923965454.
LOCAL_RANK: 0 - CUDA_VISIBLE_DEVICES: [0]
[I 2023-12-15 20:11:38,197] Trial 37 finished with value: 0.05234731361269951 and parameters: {'gradient_clip_val': 0.6881574651708948, 'hidden_size': 53, 'dropout': 0.11706324018580985, 'hidden_continuous_size': 15, 'attention_head_size': 3, 'learning_rate': 0.014457203915737722}. Best is trial 14 with value: 0.031634002923965454.
LOCAL_RANK: 0 - CUDA_VISIBLE_DEVICES: [0]
[I 2023-12-15 20:12:28,898] Trial 38 finished with value: 0.0468827486038208 and parameters: {'gradient_clip_val': 0.4512996562957908, 'hidden_size': 35, 'dropout': 0.17587986878436845, 'hidden_continuous_size': 11, 'attention_head_size': 4, 'learning_rate': 0.010565966325324994}. Best is trial 14 with value: 0.031634002923965454.
LOCAL_RANK: 0 - CUDA_VISIBLE_DEVICES: [0]
[I 2023-12-15 20:13:18,490] Trial 39 finished with value: 0.04773998633027077 and parameters: {'gradient_clip_val': 0.11283642889402495, 'hidden_size': 26, 'dropout': 0.10219189413979878, 'hidden_continuous_size': 14, 'attention_head_size': 3, 'learning_rate': 0.005023393598708474}. Best is trial 14 with value: 0.031634002923965454.
LOCAL_RANK: 0 - CUDA_VISIBLE_DEVICES: [0]
[I 2023-12-15 20:14:09,777] Trial 40 finished with value: 0.03994624316692352 and parameters: {'gradient_clip_val': 0.39289210922525786, 'hidden_size': 33, 'dropout': 0.1424520854806589, 'hidden_continuous_size': 16, 'attention_head_size': 4, 'learning_rate': 0.003357068192075795}. Best is trial 14 with value: 0.031634002923965454.
LOCAL_RANK: 0 - CUDA_VISIBLE_DEVICES: [0]
[I 2023-12-15 20:15:03,306] Trial 41 finished with value: 0.06546199321746826 and parameters: {'gradient_clip_val': 0.5232613330148465, 'hidden_size': 51, 'dropout': 0.2636916770989661, 'hidden_continuous_size': 18, 'attention_head_size': 4, 'learning_rate': 0.01607857118024222}. Best is trial 14 with value: 0.031634002923965454.
LOCAL_RANK: 0 - CUDA_VISIBLE_DEVICES: [0]
[I 2023-12-15 20:15:57,155] Trial 42 finished with value: 0.03912616893649101 and parameters: {'gradient_clip_val': 0.4937885684072585, 'hidden_size': 49, 'dropout': 0.22059652296939716, 'hidden_continuous_size': 17, 'attention_head_size': 4, 'learning_rate': 0.010153291789123872}. Best is trial 14 with value: 0.031634002923965454.
LOCAL_RANK: 0 - CUDA_VISIBLE_DEVICES: [0]
[I 2023-12-15 20:16:51,314] Trial 43 finished with value: 0.08239840716123581 and parameters: {'gradient_clip_val': 0.5648496617099512, 'hidden_size': 61, 'dropout': 0.17286309053259807, 'hidden_continuous_size': 22, 'attention_head_size': 4, 'learning_rate': 0.028591631865840406}. Best is trial 14 with value: 0.031634002923965454.
LOCAL_RANK: 0 - CUDA_VISIBLE_DEVICES: [0]
[I 2023-12-15 20:17:44,637] Trial 44 finished with value: 0.0530337356030941 and parameters: {'gradient_clip_val': 0.35949629469068234, 'hidden_size': 42, 'dropout': 0.2573425632842114, 'hidden_continuous_size': 19, 'attention_head_size': 4, 'learning_rate': 0.018528581694044564}. Best is trial 14 with value: 0.031634002923965454.
LOCAL_RANK: 0 - CUDA_VISIBLE_DEVICES: [0]
[I 2023-12-15 20:18:38,023] Trial 45 finished with value: 0.06208368018269539 and parameters: {'gradient_clip_val': 0.7378902626806136, 'hidden_size': 72, 'dropout': 0.2366486651579641, 'hidden_continuous_size': 24, 'attention_head_size': 2, 'learning_rate': 0.013462015835482299}. Best is trial 14 with value: 0.031634002923965454.
LOCAL_RANK: 0 - CUDA_VISIBLE_DEVICES: [0]
[I 2023-12-15 20:19:31,705] Trial 46 finished with value: 0.08373308181762695 and parameters: {'gradient_clip_val': 0.4990195816426393, 'hidden_size': 57, 'dropout': 0.19921378628283895, 'hidden_continuous_size': 16, 'attention_head_size': 3, 'learning_rate': 0.00799304497879924}. Best is trial 14 with value: 0.031634002923965454.
LOCAL_RANK: 0 - CUDA_VISIBLE_DEVICES: [0]
[I 2023-12-15 20:20:25,530] Trial 47 finished with value: 0.03725214675068855 and parameters: {'gradient_clip_val': 0.45978979405124204, 'hidden_size': 75, 'dropout': 0.23585046711173013, 'hidden_continuous_size': 26, 'attention_head_size': 2, 'learning_rate': 0.004808790801354249}. Best is trial 14 with value: 0.031634002923965454.
LOCAL_RANK: 0 - CUDA_VISIBLE_DEVICES: [0]
[I 2023-12-15 20:21:17,689] Trial 48 finished with value: 0.054148782044649124 and parameters: {'gradient_clip_val': 0.11470854308993035, 'hidden_size': 46, 'dropout': 0.26778186701680845, 'hidden_continuous_size': 18, 'attention_head_size': 1, 'learning_rate': 0.003893910274746167}. Best is trial 14 with value: 0.031634002923965454.
LOCAL_RANK: 0 - CUDA_VISIBLE_DEVICES: [0]
[I 2023-12-15 20:22:10,174] Trial 49 finished with value: 0.06504574418067932 and parameters: {'gradient_clip_val': 0.5996106890222033, 'hidden_size': 36, 'dropout': 0.28026933736740967, 'hidden_continuous_size': 20, 'attention_head_size': 4, 'learning_rate': 0.02408507863521311}. Best is trial 14 with value: 0.031634002923965454.
[I 2023-12-15 20:22:10,268] A new study created in memory with name: no-name-5f1c1a44-f484-4bb7-8f81-2ddf820e6042
/home/le004/conda/anaconda3/envs/tsff_env/lib/python3.9/site-packages/lightning/fabric/plugins/environments/slurm.py:191: The `srun` command is available on your system but is not used. HINT: If your intention is to run Lightning on SLURM, prepend your python command with `srun` like so: srun python /home/le004/master_thesis/git/TSFusionForecast/code/ ...
LOCAL_RANK: 0 - CUDA_VISIBLE_DEVICES: [0]
[I 2023-12-15 20:22:55,372] Trial 0 finished with value: 2.5843913555145264 and parameters: {'gradient_clip_val': 0.19374914617873257, 'hidden_size': 7, 'dropout': 0.249818609381139, 'hidden_continuous_size': 6, 'attention_head_size': 2, 'learning_rate': 0.0005478557054568446}. Best is trial 0 with value: 2.5843913555145264.
LOCAL_RANK: 0 - CUDA_VISIBLE_DEVICES: [0]
[I 2023-12-15 20:23:52,771] Trial 1 finished with value: 2.421987771987915 and parameters: {'gradient_clip_val': 0.48965670578732035, 'hidden_size': 100, 'dropout': 0.29238735136303867, 'hidden_continuous_size': 68, 'attention_head_size': 2, 'learning_rate': 0.0005383185695883023}. Best is trial 1 with value: 2.421987771987915.
LOCAL_RANK: 0 - CUDA_VISIBLE_DEVICES: [0]
[I 2023-12-15 20:24:50,629] Trial 2 finished with value: 3.174483060836792 and parameters: {'gradient_clip_val': 0.8354282809367835, 'hidden_size': 90, 'dropout': 0.19187115485275918, 'hidden_continuous_size': 74, 'attention_head_size': 3, 'learning_rate': 0.001702911692157508}. Best is trial 1 with value: 2.421987771987915.
LOCAL_RANK: 0 - CUDA_VISIBLE_DEVICES: [0]
[I 2023-12-15 20:25:39,345] Trial 3 finished with value: 2.1799774169921875 and parameters: {'gradient_clip_val': 0.18622357035517154, 'hidden_size': 40, 'dropout': 0.20237271504343485, 'hidden_continuous_size': 5, 'attention_head_size': 4, 'learning_rate': 0.0017502307892888938}. Best is trial 3 with value: 2.1799774169921875.
LOCAL_RANK: 0 - CUDA_VISIBLE_DEVICES: [0]
[I 2023-12-15 20:26:25,593] Trial 4 finished with value: 1.6230167150497437 and parameters: {'gradient_clip_val': 0.1407537777988023, 'hidden_size': 11, 'dropout': 0.16023581434607864, 'hidden_continuous_size': 9, 'attention_head_size': 3, 'learning_rate': 0.001780308987030314}. Best is trial 4 with value: 1.6230167150497437.
LOCAL_RANK: 0 - CUDA_VISIBLE_DEVICES: [0]
[I 2023-12-15 20:27:11,148] Trial 5 finished with value: 2.3481547832489014 and parameters: {'gradient_clip_val': 0.17303531129602517, 'hidden_size': 7, 'dropout': 0.30808897322135587, 'hidden_continuous_size': 5, 'attention_head_size': 4, 'learning_rate': 0.000974563196830677}. Best is trial 4 with value: 1.6230167150497437.
LOCAL_RANK: 0 - CUDA_VISIBLE_DEVICES: [0]
[I 2023-12-15 20:28:02,994] Trial 6 finished with value: 3.3568732738494873 and parameters: {'gradient_clip_val': 0.12447953679513687, 'hidden_size': 48, 'dropout': 0.1749381259182247, 'hidden_continuous_size': 7, 'attention_head_size': 4, 'learning_rate': 0.022994149710392178}. Best is trial 4 with value: 1.6230167150497437.
LOCAL_RANK: 0 - CUDA_VISIBLE_DEVICES: [0]
[I 2023-12-15 20:28:48,349] Trial 7 finished with value: 2.300455331802368 and parameters: {'gradient_clip_val': 0.19515418826315203, 'hidden_size': 11, 'dropout': 0.3257619288224507, 'hidden_continuous_size': 10, 'attention_head_size': 1, 'learning_rate': 0.0006297298557478143}. Best is trial 4 with value: 1.6230167150497437.
LOCAL_RANK: 0 - CUDA_VISIBLE_DEVICES: [0]
[I 2023-12-15 20:29:40,422] Trial 8 finished with value: 1.6792131662368774 and parameters: {'gradient_clip_val': 0.8465613266372117, 'hidden_size': 31, 'dropout': 0.25318141177197095, 'hidden_continuous_size': 24, 'attention_head_size': 3, 'learning_rate': 0.0019660021107391155}. Best is trial 4 with value: 1.6230167150497437.
LOCAL_RANK: 0 - CUDA_VISIBLE_DEVICES: [0]
[I 2023-12-15 20:30:32,072] Trial 9 finished with value: 3.9338362216949463 and parameters: {'gradient_clip_val': 0.4071686336371689, 'hidden_size': 49, 'dropout': 0.1413906628522638, 'hidden_continuous_size': 6, 'attention_head_size': 2, 'learning_rate': 0.011985074866276363}. Best is trial 4 with value: 1.6230167150497437.
LOCAL_RANK: 0 - CUDA_VISIBLE_DEVICES: [0]
[I 2023-12-15 20:31:17,698] Trial 10 finished with value: 4.582159519195557 and parameters: {'gradient_clip_val': 0.11380388986121488, 'hidden_size': 15, 'dropout': 0.10126245937340898, 'hidden_continuous_size': 9, 'attention_head_size': 1, 'learning_rate': 0.05396090979617888}. Best is trial 4 with value: 1.6230167150497437.
LOCAL_RANK: 0 - CUDA_VISIBLE_DEVICES: [0]
[I 2023-12-15 20:32:07,033] Trial 11 finished with value: 3.956761121749878 and parameters: {'gradient_clip_val': 0.9858007439122998, 'hidden_size': 23, 'dropout': 0.2528340137676057, 'hidden_continuous_size': 15, 'attention_head_size': 3, 'learning_rate': 0.0033851477353893434}. Best is trial 4 with value: 1.6230167150497437.
LOCAL_RANK: 0 - CUDA_VISIBLE_DEVICES: [0]
[I 2023-12-15 20:32:41,429] Trial 12 finished with value: 1.6499115228652954 and parameters: {'gradient_clip_val': 0.299991663770187, 'hidden_size': 5, 'dropout': 0.37479662190874763, 'hidden_continuous_size': 5, 'attention_head_size': 3, 'learning_rate': 0.004371575761711116}. Best is trial 4 with value: 1.6230167150497437.
LOCAL_RANK: 0 - CUDA_VISIBLE_DEVICES: [0]
[I 2023-12-15 20:33:15,583] Trial 13 finished with value: 1.6489176750183105 and parameters: {'gradient_clip_val': 0.2834737190068553, 'hidden_size': 5, 'dropout': 0.39467066237993964, 'hidden_continuous_size': 5, 'attention_head_size': 3, 'learning_rate': 0.0053192602156718755}. Best is trial 4 with value: 1.6230167150497437.
LOCAL_RANK: 0 - CUDA_VISIBLE_DEVICES: [0]
[I 2023-12-15 20:34:00,939] Trial 14 finished with value: 2.708294630050659 and parameters: {'gradient_clip_val': 0.27603938214615265, 'hidden_size': 11, 'dropout': 0.39799044804392764, 'hidden_continuous_size': 5, 'attention_head_size': 3, 'learning_rate': 0.005723565498291187}. Best is trial 4 with value: 1.6230167150497437.
LOCAL_RANK: 0 - CUDA_VISIBLE_DEVICES: [0]
[I 2023-12-15 20:34:34,674] Trial 15 finished with value: 3.0436747074127197 and parameters: {'gradient_clip_val': 0.10706240253618375, 'hidden_size': 5, 'dropout': 0.3561281382947534, 'hidden_continuous_size': 5, 'attention_head_size': 2, 'learning_rate': 0.009531887625993702}. Best is trial 4 with value: 1.6230167150497437.
LOCAL_RANK: 0 - CUDA_VISIBLE_DEVICES: [0]
[I 2023-12-15 20:35:20,536] Trial 16 finished with value: 1.6518739461898804 and parameters: {'gradient_clip_val': 0.14570177418348448, 'hidden_size': 9, 'dropout': 0.3466262928178717, 'hidden_continuous_size': 6, 'attention_head_size': 4, 'learning_rate': 0.0030966340765551737}. Best is trial 4 with value: 1.6230167150497437.
LOCAL_RANK: 0 - CUDA_VISIBLE_DEVICES: [0]
[I 2023-12-15 20:36:05,408] Trial 17 finished with value: 3.20554256439209 and parameters: {'gradient_clip_val': 0.23394721994271303, 'hidden_size': 16, 'dropout': 0.395415438165721, 'hidden_continuous_size': 7, 'attention_head_size': 3, 'learning_rate': 0.007123786122341087}. Best is trial 4 with value: 1.6230167150497437.
LOCAL_RANK: 0 - CUDA_VISIBLE_DEVICES: [0]
[I 2023-12-15 20:36:39,553] Trial 18 finished with value: 2.3572514057159424 and parameters: {'gradient_clip_val': 0.10061404329672688, 'hidden_size': 5, 'dropout': 0.28200798930295434, 'hidden_continuous_size': 5, 'attention_head_size': 2, 'learning_rate': 0.014230045628564695}. Best is trial 4 with value: 1.6230167150497437.
LOCAL_RANK: 0 - CUDA_VISIBLE_DEVICES: [0]
[I 2023-12-15 20:37:25,136] Trial 19 finished with value: 1.626319408416748 and parameters: {'gradient_clip_val': 0.14884663998002584, 'hidden_size': 7, 'dropout': 0.3321625509640973, 'hidden_continuous_size': 5, 'attention_head_size': 4, 'learning_rate': 0.0028601787209713795}. Best is trial 4 with value: 1.6230167150497437.
LOCAL_RANK: 0 - CUDA_VISIBLE_DEVICES: [0]
[I 2023-12-15 20:38:11,504] Trial 20 finished with value: 1.8901948928833008 and parameters: {'gradient_clip_val': 0.14066409416023157, 'hidden_size': 14, 'dropout': 0.2275556370893182, 'hidden_continuous_size': 7, 'attention_head_size': 4, 'learning_rate': 0.0011508752232427498}. Best is trial 4 with value: 1.6230167150497437.
LOCAL_RANK: 0 - CUDA_VISIBLE_DEVICES: [0]
[I 2023-12-15 20:38:57,028] Trial 21 finished with value: 1.6533359289169312 and parameters: {'gradient_clip_val': 0.14711013578392987, 'hidden_size': 7, 'dropout': 0.3507172320408892, 'hidden_continuous_size': 5, 'attention_head_size': 4, 'learning_rate': 0.00315958903693061}. Best is trial 4 with value: 1.6230167150497437.
LOCAL_RANK: 0 - CUDA_VISIBLE_DEVICES: [0]
[I 2023-12-15 20:39:41,126] Trial 22 finished with value: 1.529042363166809 and parameters: {'gradient_clip_val': 0.23849759281532584, 'hidden_size': 8, 'dropout': 0.32300278644480596, 'hidden_continuous_size': 5, 'attention_head_size': 3, 'learning_rate': 0.005523873124565833}. Best is trial 22 with value: 1.529042363166809.
LOCAL_RANK: 0 - CUDA_VISIBLE_DEVICES: [0]
[I 2023-12-15 20:40:26,581] Trial 23 finished with value: 1.5665324926376343 and parameters: {'gradient_clip_val': 0.21900973680209093, 'hidden_size': 9, 'dropout': 0.31718227128648563, 'hidden_continuous_size': 6, 'attention_head_size': 3, 'learning_rate': 0.0029712761107657877}. Best is trial 22 with value: 1.529042363166809.
LOCAL_RANK: 0 - CUDA_VISIBLE_DEVICES: [0]
[I 2023-12-15 20:41:11,860] Trial 24 finished with value: 1.616052269935608 and parameters: {'gradient_clip_val': 0.23439124415714738, 'hidden_size': 9, 'dropout': 0.3053304354526796, 'hidden_continuous_size': 6, 'attention_head_size': 3, 'learning_rate': 0.002124817468960526}. Best is trial 22 with value: 1.529042363166809.
LOCAL_RANK: 0 - CUDA_VISIBLE_DEVICES: [0]
[I 2023-12-15 20:41:57,043] Trial 25 finished with value: 1.9963802099227905 and parameters: {'gradient_clip_val': 0.227812157927735, 'hidden_size': 9, 'dropout': 0.312931470702287, 'hidden_continuous_size': 6, 'attention_head_size': 3, 'learning_rate': 0.006853545325640359}. Best is trial 22 with value: 1.529042363166809.
LOCAL_RANK: 0 - CUDA_VISIBLE_DEVICES: [0]
[I 2023-12-15 20:42:43,784] Trial 26 finished with value: 2.806640625 and parameters: {'gradient_clip_val': 0.23097681660644398, 'hidden_size': 19, 'dropout': 0.2796248119678043, 'hidden_continuous_size': 6, 'attention_head_size': 2, 'learning_rate': 0.004263685923646806}. Best is trial 22 with value: 1.529042363166809.
LOCAL_RANK: 0 - CUDA_VISIBLE_DEVICES: [0]
[I 2023-12-15 20:43:29,567] Trial 27 finished with value: 1.5858749151229858 and parameters: {'gradient_clip_val': 0.3590515059514603, 'hidden_size': 13, 'dropout': 0.30094858235191446, 'hidden_continuous_size': 6, 'attention_head_size': 3, 'learning_rate': 0.0023394904782403883}. Best is trial 22 with value: 1.529042363166809.
LOCAL_RANK: 0 - CUDA_VISIBLE_DEVICES: [0]
[I 2023-12-15 20:44:15,177] Trial 28 finished with value: 1.7923851013183594 and parameters: {'gradient_clip_val': 0.3571796992572659, 'hidden_size': 14, 'dropout': 0.325404978305816, 'hidden_continuous_size': 6, 'attention_head_size': 3, 'learning_rate': 0.0039612182631929855}. Best is trial 22 with value: 1.529042363166809.
LOCAL_RANK: 0 - CUDA_VISIBLE_DEVICES: [0]
[I 2023-12-15 20:45:01,759] Trial 29 finished with value: 1.95317804813385 and parameters: {'gradient_clip_val': 0.3455503041977939, 'hidden_size': 18, 'dropout': 0.2716607583583497, 'hidden_continuous_size': 7, 'attention_head_size': 2, 'learning_rate': 0.002561553244004517}. Best is trial 22 with value: 1.529042363166809.
LOCAL_RANK: 0 - CUDA_VISIBLE_DEVICES: [0]
[I 2023-12-15 20:45:48,630] Trial 30 finished with value: 1.5417217016220093 and parameters: {'gradient_clip_val': 0.44698268431966925, 'hidden_size': 24, 'dropout': 0.2929084810332767, 'hidden_continuous_size': 8, 'attention_head_size': 1, 'learning_rate': 0.0011033362989603286}. Best is trial 22 with value: 1.529042363166809.
LOCAL_RANK: 0 - CUDA_VISIBLE_DEVICES: [0]
[I 2023-12-15 20:46:33,324] Trial 31 finished with value: 1.8591140508651733 and parameters: {'gradient_clip_val': 0.46050596662856935, 'hidden_size': 13, 'dropout': 0.2947775954403676, 'hidden_continuous_size': 6, 'attention_head_size': 1, 'learning_rate': 0.0010566675009267964}. Best is trial 22 with value: 1.529042363166809.
LOCAL_RANK: 0 - CUDA_VISIBLE_DEVICES: [0]
[I 2023-12-15 20:47:20,196] Trial 32 finished with value: 2.262808322906494 and parameters: {'gradient_clip_val': 0.5218844355665643, 'hidden_size': 24, 'dropout': 0.2968805727077284, 'hidden_continuous_size': 8, 'attention_head_size': 1, 'learning_rate': 0.001226989234651835}. Best is trial 22 with value: 1.529042363166809.
LOCAL_RANK: 0 - CUDA_VISIBLE_DEVICES: [0]
[I 2023-12-15 20:48:07,021] Trial 33 finished with value: 1.5090230703353882 and parameters: {'gradient_clip_val': 0.578888668943431, 'hidden_size': 20, 'dropout': 0.32151519375306004, 'hidden_continuous_size': 8, 'attention_head_size': 2, 'learning_rate': 0.0023758640915781484}. Best is trial 33 with value: 1.5090230703353882.
LOCAL_RANK: 0 - CUDA_VISIBLE_DEVICES: [0]
[I 2023-12-15 20:48:54,891] Trial 34 finished with value: 1.5704431533813477 and parameters: {'gradient_clip_val': 0.5450050221491032, 'hidden_size': 22, 'dropout': 0.33378530511620674, 'hidden_continuous_size': 8, 'attention_head_size': 1, 'learning_rate': 0.0013724755870916244}. Best is trial 33 with value: 1.5090230703353882.
LOCAL_RANK: 0 - CUDA_VISIBLE_DEVICES: [0]
[I 2023-12-15 20:49:41,567] Trial 35 finished with value: 1.57703697681427 and parameters: {'gradient_clip_val': 0.5675127117497817, 'hidden_size': 18, 'dropout': 0.27252723860481837, 'hidden_continuous_size': 8, 'attention_head_size': 2, 'learning_rate': 0.0007452883472670315}. Best is trial 33 with value: 1.5090230703353882.
LOCAL_RANK: 0 - CUDA_VISIBLE_DEVICES: [0]
[I 2023-12-15 20:50:29,076] Trial 36 finished with value: 1.6118687391281128 and parameters: {'gradient_clip_val': 0.6307578873073592, 'hidden_size': 28, 'dropout': 0.3166204040585596, 'hidden_continuous_size': 11, 'attention_head_size': 1, 'learning_rate': 0.0005038291663796001}. Best is trial 33 with value: 1.5090230703353882.
LOCAL_RANK: 0 - CUDA_VISIBLE_DEVICES: [0]
[I 2023-12-15 20:51:13,961] Trial 37 finished with value: 2.5683774948120117 and parameters: {'gradient_clip_val': 0.4375964638227063, 'hidden_size': 6, 'dropout': 0.36614385949935363, 'hidden_continuous_size': 5, 'attention_head_size': 2, 'learning_rate': 0.0017994661804836593}. Best is trial 33 with value: 1.5090230703353882.
LOCAL_RANK: 0 - CUDA_VISIBLE_DEVICES: [0]
[I 2023-12-15 20:52:01,509] Trial 38 finished with value: 1.5024436712265015 and parameters: {'gradient_clip_val': 0.6770784630724378, 'hidden_size': 32, 'dropout': 0.3368600535056595, 'hidden_continuous_size': 12, 'attention_head_size': 1, 'learning_rate': 0.001507441735742417}. Best is trial 38 with value: 1.5024436712265015.
LOCAL_RANK: 0 - CUDA_VISIBLE_DEVICES: [0]
