[I 2023-12-16 06:59:55,072] Trial 49 finished with value: 208.1475067138672 and parameters: {'gradient_clip_val': 0.23446213164408622, 'hidden_size': 21, 'dropout': 0.30743653026170553, 'hidden_continuous_size': 13, 'attention_head_size': 2, 'learning_rate': 0.000735156914534826}. Best is trial 48 with value: 134.8979949951172.
[I 2023-12-16 06:59:55,180] A new study created in memory with name: no-name-b55a5c7a-3c4b-4f84-b973-020372a8a8e1
/home/le004/conda/anaconda3/envs/tsff_env/lib/python3.9/site-packages/lightning/fabric/plugins/environments/slurm.py:191: The `srun` command is available on your system but is not used. HINT: If your intention is to run Lightning on SLURM, prepend your python command with `srun` like so: srun python /home/le004/master_thesis/git/TSFusionForecast/code/ ...
LOCAL_RANK: 0 - CUDA_VISIBLE_DEVICES: [0]
[I 2023-12-16 07:00:31,290] Trial 0 finished with value: 884.9773559570312 and parameters: {'gradient_clip_val': 0.20198741571302395, 'hidden_size': 6, 'dropout': 0.3847197104157958, 'hidden_continuous_size': 6, 'attention_head_size': 1, 'learning_rate': 0.003056522169451668}. Best is trial 0 with value: 884.9773559570312.
LOCAL_RANK: 0 - CUDA_VISIBLE_DEVICES: [0]
[I 2023-12-16 07:01:19,887] Trial 1 finished with value: 1538.3197021484375 and parameters: {'gradient_clip_val': 0.6774797803566517, 'hidden_size': 28, 'dropout': 0.3426772910826611, 'hidden_continuous_size': 10, 'attention_head_size': 2, 'learning_rate': 0.06607880124268663}. Best is trial 0 with value: 884.9773559570312.
LOCAL_RANK: 0 - CUDA_VISIBLE_DEVICES: [0]
[I 2023-12-16 07:02:06,061] Trial 2 finished with value: 848.7180786132812 and parameters: {'gradient_clip_val': 0.5036394955720449, 'hidden_size': 10, 'dropout': 0.11192256089025554, 'hidden_continuous_size': 8, 'attention_head_size': 2, 'learning_rate': 0.001262078754010915}. Best is trial 2 with value: 848.7180786132812.
LOCAL_RANK: 0 - CUDA_VISIBLE_DEVICES: [0]
[I 2023-12-16 07:02:59,809] Trial 3 finished with value: 1335.767578125 and parameters: {'gradient_clip_val': 0.23225714343401996, 'hidden_size': 51, 'dropout': 0.2041539632108148, 'hidden_continuous_size': 8, 'attention_head_size': 4, 'learning_rate': 0.0025225756469986096}. Best is trial 2 with value: 848.7180786132812.
LOCAL_RANK: 0 - CUDA_VISIBLE_DEVICES: [0]
[I 2023-12-16 07:03:45,693] Trial 4 finished with value: 2197.956298828125 and parameters: {'gradient_clip_val': 0.3886182568726443, 'hidden_size': 15, 'dropout': 0.1672894665336413, 'hidden_continuous_size': 7, 'attention_head_size': 1, 'learning_rate': 0.0007452746956114307}. Best is trial 2 with value: 848.7180786132812.
LOCAL_RANK: 0 - CUDA_VISIBLE_DEVICES: [0]
[I 2023-12-16 07:04:29,921] Trial 5 finished with value: 1142.7568359375 and parameters: {'gradient_clip_val': 0.19032714143688648, 'hidden_size': 8, 'dropout': 0.2726169708703051, 'hidden_continuous_size': 6, 'attention_head_size': 1, 'learning_rate': 0.0009669448319700847}. Best is trial 2 with value: 848.7180786132812.
LOCAL_RANK: 0 - CUDA_VISIBLE_DEVICES: [0]
[I 2023-12-16 07:05:25,992] Trial 6 finished with value: 798.7432250976562 and parameters: {'gradient_clip_val': 0.11856777744638589, 'hidden_size': 98, 'dropout': 0.16561075785554935, 'hidden_continuous_size': 43, 'attention_head_size': 1, 'learning_rate': 0.018089147347400185}. Best is trial 6 with value: 798.7432250976562.
LOCAL_RANK: 0 - CUDA_VISIBLE_DEVICES: [0]
[I 2023-12-16 07:06:02,626] Trial 7 finished with value: 2482.3056640625 and parameters: {'gradient_clip_val': 0.7622909918337949, 'hidden_size': 7, 'dropout': 0.25878238315580776, 'hidden_continuous_size': 7, 'attention_head_size': 2, 'learning_rate': 0.04169501585026561}. Best is trial 6 with value: 798.7432250976562.
LOCAL_RANK: 0 - CUDA_VISIBLE_DEVICES: [0]
[I 2023-12-16 07:06:48,724] Trial 8 finished with value: 549.3854370117188 and parameters: {'gradient_clip_val': 0.559042014181422, 'hidden_size': 13, 'dropout': 0.3502844631630806, 'hidden_continuous_size': 5, 'attention_head_size': 3, 'learning_rate': 0.001381536221617553}. Best is trial 8 with value: 549.3854370117188.
LOCAL_RANK: 0 - CUDA_VISIBLE_DEVICES: [0]
[I 2023-12-16 07:07:42,068] Trial 9 finished with value: 1088.1201171875 and parameters: {'gradient_clip_val': 0.5023410367413125, 'hidden_size': 57, 'dropout': 0.15671487358152436, 'hidden_continuous_size': 10, 'attention_head_size': 3, 'learning_rate': 0.08358515861924307}. Best is trial 8 with value: 549.3854370117188.
LOCAL_RANK: 0 - CUDA_VISIBLE_DEVICES: [0]
[I 2023-12-16 07:08:29,722] Trial 10 finished with value: 919.3098754882812 and parameters: {'gradient_clip_val': 0.9533509778505725, 'hidden_size': 17, 'dropout': 0.31581672060034854, 'hidden_continuous_size': 5, 'attention_head_size': 4, 'learning_rate': 0.007274846791884644}. Best is trial 8 with value: 549.3854370117188.
LOCAL_RANK: 0 - CUDA_VISIBLE_DEVICES: [0]
[I 2023-12-16 07:09:22,585] Trial 11 finished with value: 3200.747314453125 and parameters: {'gradient_clip_val': 0.1013654010120629, 'hidden_size': 36, 'dropout': 0.22583379599417377, 'hidden_continuous_size': 33, 'attention_head_size': 3, 'learning_rate': 0.014111333451864301}. Best is trial 8 with value: 549.3854370117188.
LOCAL_RANK: 0 - CUDA_VISIBLE_DEVICES: [0]
[I 2023-12-16 07:10:21,304] Trial 12 finished with value: 728.4771118164062 and parameters: {'gradient_clip_val': 0.12428569062885886, 'hidden_size': 97, 'dropout': 0.38962777016533257, 'hidden_continuous_size': 83, 'attention_head_size': 3, 'learning_rate': 0.0005131564729879362}. Best is trial 8 with value: 549.3854370117188.
LOCAL_RANK: 0 - CUDA_VISIBLE_DEVICES: [0]
[I 2023-12-16 07:11:08,242] Trial 13 finished with value: 2646.830810546875 and parameters: {'gradient_clip_val': 0.34671044905482234, 'hidden_size': 13, 'dropout': 0.39409191083020884, 'hidden_continuous_size': 11, 'attention_head_size': 3, 'learning_rate': 0.0005139090230690494}. Best is trial 8 with value: 549.3854370117188.
LOCAL_RANK: 0 - CUDA_VISIBLE_DEVICES: [0]
[I 2023-12-16 07:11:58,228] Trial 14 finished with value: 1240.5999755859375 and parameters: {'gradient_clip_val': 0.14476972494766385, 'hidden_size': 22, 'dropout': 0.3528731654399195, 'hidden_continuous_size': 15, 'attention_head_size': 3, 'learning_rate': 0.0005226567066736725}. Best is trial 8 with value: 549.3854370117188.
LOCAL_RANK: 0 - CUDA_VISIBLE_DEVICES: [0]
[I 2023-12-16 07:12:39,058] Trial 15 finished with value: 1304.2569580078125 and parameters: {'gradient_clip_val': 0.27814272085762914, 'hidden_size': 99, 'dropout': 0.30616413208547705, 'hidden_continuous_size': 99, 'attention_head_size': 4, 'learning_rate': 0.0018744024272426977}. Best is trial 8 with value: 549.3854370117188.
LOCAL_RANK: 0 - CUDA_VISIBLE_DEVICES: [0]
[I 2023-12-16 07:13:16,618] Trial 16 finished with value: 1708.8427734375 and parameters: {'gradient_clip_val': 0.15307376566269554, 'hidden_size': 5, 'dropout': 0.39203473968312447, 'hidden_continuous_size': 5, 'attention_head_size': 3, 'learning_rate': 0.001439821529388631}. Best is trial 8 with value: 549.3854370117188.
LOCAL_RANK: 0 - CUDA_VISIBLE_DEVICES: [0]
[I 2023-12-16 07:14:02,953] Trial 17 finished with value: 880.4675903320312 and parameters: {'gradient_clip_val': 0.27812573877117963, 'hidden_size': 11, 'dropout': 0.35574277704023166, 'hidden_continuous_size': 5, 'attention_head_size': 2, 'learning_rate': 0.0037535088020899}. Best is trial 8 with value: 549.3854370117188.
LOCAL_RANK: 0 - CUDA_VISIBLE_DEVICES: [0]
[I 2023-12-16 07:14:51,748] Trial 18 finished with value: 1033.9266357421875 and parameters: {'gradient_clip_val': 0.4225722317919187, 'hidden_size': 24, 'dropout': 0.30054895138511817, 'hidden_continuous_size': 12, 'attention_head_size': 4, 'learning_rate': 0.0009709822290623435}. Best is trial 8 with value: 549.3854370117188.
LOCAL_RANK: 0 - CUDA_VISIBLE_DEVICES: [0]
[I 2023-12-16 07:15:39,008] Trial 19 finished with value: 2069.284423828125 and parameters: {'gradient_clip_val': 0.3129517677647015, 'hidden_size': 17, 'dropout': 0.36456518702407226, 'hidden_continuous_size': 6, 'attention_head_size': 3, 'learning_rate': 0.0017221511196349295}. Best is trial 8 with value: 549.3854370117188.
LOCAL_RANK: 0 - CUDA_VISIBLE_DEVICES: [0]
[I 2023-12-16 07:16:31,470] Trial 20 finished with value: 1636.93212890625 and parameters: {'gradient_clip_val': 0.1022471620048804, 'hidden_size': 34, 'dropout': 0.3289277771110296, 'hidden_continuous_size': 17, 'attention_head_size': 2, 'learning_rate': 0.0007821441060221943}. Best is trial 8 with value: 549.3854370117188.
LOCAL_RANK: 0 - CUDA_VISIBLE_DEVICES: [0]
[I 2023-12-16 07:17:27,483] Trial 21 finished with value: 1033.7777099609375 and parameters: {'gradient_clip_val': 0.12428365770152404, 'hidden_size': 100, 'dropout': 0.28172197539528787, 'hidden_continuous_size': 44, 'attention_head_size': 3, 'learning_rate': 0.011482838190870795}. Best is trial 8 with value: 549.3854370117188.
LOCAL_RANK: 0 - CUDA_VISIBLE_DEVICES: [0]
[I 2023-12-16 07:18:21,613] Trial 22 finished with value: 807.1539916992188 and parameters: {'gradient_clip_val': 0.16115604781056272, 'hidden_size': 76, 'dropout': 0.372690688944052, 'hidden_continuous_size': 24, 'attention_head_size': 1, 'learning_rate': 0.022834705345411956}. Best is trial 8 with value: 549.3854370117188.
LOCAL_RANK: 0 - CUDA_VISIBLE_DEVICES: [0]
[I 2023-12-16 07:19:16,287] Trial 23 finished with value: 639.9611206054688 and parameters: {'gradient_clip_val': 0.12742447828163603, 'hidden_size': 55, 'dropout': 0.33632422515434146, 'hidden_continuous_size': 54, 'attention_head_size': 2, 'learning_rate': 0.005008747090340078}. Best is trial 8 with value: 549.3854370117188.
LOCAL_RANK: 0 - CUDA_VISIBLE_DEVICES: [0]
[I 2023-12-16 07:20:12,672] Trial 24 finished with value: 1332.127685546875 and parameters: {'gradient_clip_val': 0.18708626096350436, 'hidden_size': 71, 'dropout': 0.32696136385193103, 'hidden_continuous_size': 68, 'attention_head_size': 2, 'learning_rate': 0.00374766564343493}. Best is trial 8 with value: 549.3854370117188.
LOCAL_RANK: 0 - CUDA_VISIBLE_DEVICES: [0]
[I 2023-12-16 07:21:06,761] Trial 25 finished with value: 988.5636596679688 and parameters: {'gradient_clip_val': 0.13337396344942803, 'hidden_size': 47, 'dropout': 0.36932341246765527, 'hidden_continuous_size': 20, 'attention_head_size': 3, 'learning_rate': 0.005874298983982217}. Best is trial 8 with value: 549.3854370117188.
LOCAL_RANK: 0 - CUDA_VISIBLE_DEVICES: [0]
[I 2023-12-16 07:22:00,157] Trial 26 finished with value: 685.4096069335938 and parameters: {'gradient_clip_val': 0.1636192604870757, 'hidden_size': 68, 'dropout': 0.39632905813951563, 'hidden_continuous_size': 24, 'attention_head_size': 2, 'learning_rate': 0.0021580313018460993}. Best is trial 8 with value: 549.3854370117188.
LOCAL_RANK: 0 - CUDA_VISIBLE_DEVICES: [0]
[I 2023-12-16 07:22:52,766] Trial 27 finished with value: 2340.968017578125 and parameters: {'gradient_clip_val': 0.2214885081164676, 'hidden_size': 41, 'dropout': 0.3363344275321442, 'hidden_continuous_size': 14, 'attention_head_size': 2, 'learning_rate': 0.0022563067701020607}. Best is trial 8 with value: 549.3854370117188.
LOCAL_RANK: 0 - CUDA_VISIBLE_DEVICES: [0]
[I 2023-12-16 07:23:47,122] Trial 28 finished with value: 972.7726440429688 and parameters: {'gradient_clip_val': 0.15711681795348387, 'hidden_size': 62, 'dropout': 0.3984790979927525, 'hidden_continuous_size': 24, 'attention_head_size': 2, 'learning_rate': 0.004661069141629491}. Best is trial 8 with value: 549.3854370117188.
LOCAL_RANK: 0 - CUDA_VISIBLE_DEVICES: [0]
[I 2023-12-16 07:24:40,146] Trial 29 finished with value: 785.6537475585938 and parameters: {'gradient_clip_val': 0.17435905280999509, 'hidden_size': 42, 'dropout': 0.3714483249123772, 'hidden_continuous_size': 16, 'attention_head_size': 2, 'learning_rate': 0.0028365106653790717}. Best is trial 8 with value: 549.3854370117188.
LOCAL_RANK: 0 - CUDA_VISIBLE_DEVICES: [0]
[I 2023-12-16 07:25:29,608] Trial 30 finished with value: 561.01611328125 and parameters: {'gradient_clip_val': 0.21622862108601718, 'hidden_size': 29, 'dropout': 0.3420665621895238, 'hidden_continuous_size': 17, 'attention_head_size': 1, 'learning_rate': 0.00226778965748039}. Best is trial 8 with value: 549.3854370117188.
LOCAL_RANK: 0 - CUDA_VISIBLE_DEVICES: [0]
[I 2023-12-16 07:26:17,976] Trial 31 finished with value: 3475.145751953125 and parameters: {'gradient_clip_val': 0.22650556706073946, 'hidden_size': 32, 'dropout': 0.348927806703319, 'hidden_continuous_size': 14, 'attention_head_size': 1, 'learning_rate': 0.002213555428376303}. Best is trial 8 with value: 549.3854370117188.
LOCAL_RANK: 0 - CUDA_VISIBLE_DEVICES: [0]
[I 2023-12-16 07:27:05,952] Trial 32 finished with value: 751.0087890625 and parameters: {'gradient_clip_val': 0.18765966731791855, 'hidden_size': 28, 'dropout': 0.34207167341446865, 'hidden_continuous_size': 12, 'attention_head_size': 1, 'learning_rate': 0.0031861233285278437}. Best is trial 8 with value: 549.3854370117188.
LOCAL_RANK: 0 - CUDA_VISIBLE_DEVICES: [0]
[I 2023-12-16 07:27:59,069] Trial 33 finished with value: 540.9515991210938 and parameters: {'gradient_clip_val': 0.16695566448788857, 'hidden_size': 51, 'dropout': 0.3738266878303824, 'hidden_continuous_size': 19, 'attention_head_size': 1, 'learning_rate': 0.0014820124405888833}. Best is trial 33 with value: 540.9515991210938.
LOCAL_RANK: 0 - CUDA_VISIBLE_DEVICES: [0]
[I 2023-12-16 07:28:51,584] Trial 34 finished with value: 1500.7720947265625 and parameters: {'gradient_clip_val': 0.21050570811348002, 'hidden_size': 54, 'dropout': 0.3027990406734776, 'hidden_continuous_size': 9, 'attention_head_size': 1, 'learning_rate': 0.0016514216588802233}. Best is trial 33 with value: 540.9515991210938.
LOCAL_RANK: 0 - CUDA_VISIBLE_DEVICES: [0]
[I 2023-12-16 07:29:44,516] Trial 35 finished with value: 1768.42919921875 and parameters: {'gradient_clip_val': 0.25702686354548954, 'hidden_size': 47, 'dropout': 0.3232178552776199, 'hidden_continuous_size': 19, 'attention_head_size': 1, 'learning_rate': 0.0014308447874831274}. Best is trial 33 with value: 540.9515991210938.
LOCAL_RANK: 0 - CUDA_VISIBLE_DEVICES: [0]
[I 2023-12-16 07:30:33,944] Trial 36 finished with value: 633.8460693359375 and parameters: {'gradient_clip_val': 0.24123492059168727, 'hidden_size': 29, 'dropout': 0.34405073026616395, 'hidden_continuous_size': 13, 'attention_head_size': 1, 'learning_rate': 0.002735591060133364}. Best is trial 33 with value: 540.9515991210938.
LOCAL_RANK: 0 - CUDA_VISIBLE_DEVICES: [0]
[I 2023-12-16 07:31:23,081] Trial 37 finished with value: 574.9280395507812 and parameters: {'gradient_clip_val': 0.24844942475158743, 'hidden_size': 27, 'dropout': 0.3707951053219637, 'hidden_continuous_size': 14, 'attention_head_size': 1, 'learning_rate': 0.0012586946494453403}. Best is trial 33 with value: 540.9515991210938.
LOCAL_RANK: 0 - CUDA_VISIBLE_DEVICES: [0]
[I 2023-12-16 07:32:10,490] Trial 38 finished with value: 671.4098510742188 and parameters: {'gradient_clip_val': 0.20332047986771742, 'hidden_size': 20, 'dropout': 0.3747927428009993, 'hidden_continuous_size': 9, 'attention_head_size': 1, 'learning_rate': 0.0011032823786184171}. Best is trial 33 with value: 540.9515991210938.
LOCAL_RANK: 0 - CUDA_VISIBLE_DEVICES: [0]
[I 2023-12-16 07:32:59,686] Trial 39 finished with value: 2034.2884521484375 and parameters: {'gradient_clip_val': 0.5733288389162738, 'hidden_size': 26, 'dropout': 0.35713587305185646, 'hidden_continuous_size': 13, 'attention_head_size': 1, 'learning_rate': 0.001133463658797786}. Best is trial 33 with value: 540.9515991210938.
LOCAL_RANK: 0 - CUDA_VISIBLE_DEVICES: [0]
[I 2023-12-16 07:33:46,217] Trial 40 finished with value: 528.34423828125 and parameters: {'gradient_clip_val': 0.313362190951457, 'hidden_size': 20, 'dropout': 0.37889480463726166, 'hidden_continuous_size': 7, 'attention_head_size': 1, 'learning_rate': 0.0012357733245365013}. Best is trial 40 with value: 528.34423828125.
LOCAL_RANK: 0 - CUDA_VISIBLE_DEVICES: [0]
[I 2023-12-16 07:34:34,058] Trial 41 finished with value: 2623.355224609375 and parameters: {'gradient_clip_val': 0.3056283117584863, 'hidden_size': 19, 'dropout': 0.38203701160251985, 'hidden_continuous_size': 8, 'attention_head_size': 1, 'learning_rate': 0.0012731849512362364}. Best is trial 40 with value: 528.34423828125.
LOCAL_RANK: 0 - CUDA_VISIBLE_DEVICES: [0]
[I 2023-12-16 07:35:22,798] Trial 42 finished with value: 975.4164428710938 and parameters: {'gradient_clip_val': 0.256234672680975, 'hidden_size': 23, 'dropout': 0.38152285625353266, 'hidden_continuous_size': 7, 'attention_head_size': 1, 'learning_rate': 0.0008035948434978326}. Best is trial 40 with value: 528.34423828125.
LOCAL_RANK: 0 - CUDA_VISIBLE_DEVICES: [0]
[I 2023-12-16 07:36:07,594] Trial 43 finished with value: 486.9483947753906 and parameters: {'gradient_clip_val': 0.3653504887294385, 'hidden_size': 16, 'dropout': 0.3597186501434034, 'hidden_continuous_size': 6, 'attention_head_size': 1, 'learning_rate': 0.0017504536680903234}. Best is trial 43 with value: 486.9483947753906.
LOCAL_RANK: 0 - CUDA_VISIBLE_DEVICES: [0]
[I 2023-12-16 07:36:53,554] Trial 44 finished with value: 432.9811706542969 and parameters: {'gradient_clip_val': 0.386996720887943, 'hidden_size': 14, 'dropout': 0.357854928917356, 'hidden_continuous_size': 6, 'attention_head_size': 1, 'learning_rate': 0.0017864271618804252}. Best is trial 44 with value: 432.9811706542969.
LOCAL_RANK: 0 - CUDA_VISIBLE_DEVICES: [0]
[I 2023-12-16 07:37:39,505] Trial 45 finished with value: 1532.2001953125 and parameters: {'gradient_clip_val': 0.41275992286923857, 'hidden_size': 14, 'dropout': 0.3610395867893376, 'hidden_continuous_size': 6, 'attention_head_size': 1, 'learning_rate': 0.0014860049426923573}. Best is trial 44 with value: 432.9811706542969.
LOCAL_RANK: 0 - CUDA_VISIBLE_DEVICES: [0]
[I 2023-12-16 07:38:24,633] Trial 46 finished with value: 1753.5897216796875 and parameters: {'gradient_clip_val': 0.3535518283226749, 'hidden_size': 16, 'dropout': 0.3832896150717051, 'hidden_continuous_size': 7, 'attention_head_size': 1, 'learning_rate': 0.0008750912899108893}. Best is trial 44 with value: 432.9811706542969.
LOCAL_RANK: 0 - CUDA_VISIBLE_DEVICES: [0]
[I 2023-12-16 07:39:09,521] Trial 47 finished with value: 1958.8704833984375 and parameters: {'gradient_clip_val': 0.46171794687278833, 'hidden_size': 12, 'dropout': 0.3565249828541973, 'hidden_continuous_size': 6, 'attention_head_size': 1, 'learning_rate': 0.0010539581589158466}. Best is trial 44 with value: 432.9811706542969.
LOCAL_RANK: 0 - CUDA_VISIBLE_DEVICES: [0]
[I 2023-12-16 07:39:55,465] Trial 48 finished with value: 2243.189697265625 and parameters: {'gradient_clip_val': 0.5637955346933644, 'hidden_size': 9, 'dropout': 0.31472396663607555, 'hidden_continuous_size': 5, 'attention_head_size': 1, 'learning_rate': 0.000649659475098388}. Best is trial 44 with value: 432.9811706542969.
LOCAL_RANK: 0 - CUDA_VISIBLE_DEVICES: [0]
[I 2023-12-16 07:40:41,183] Trial 49 finished with value: 1000.630126953125 and parameters: {'gradient_clip_val': 0.387207373710566, 'hidden_size': 14, 'dropout': 0.3810698887237719, 'hidden_continuous_size': 7, 'attention_head_size': 1, 'learning_rate': 0.0019620720610915836}. Best is trial 44 with value: 432.9811706542969.
[I 2023-12-16 07:40:41,275] A new study created in memory with name: no-name-c6d2766a-a057-4207-8412-d56f2a3d4828
/home/le004/conda/anaconda3/envs/tsff_env/lib/python3.9/site-packages/lightning/fabric/plugins/environments/slurm.py:191: The `srun` command is available on your system but is not used. HINT: If your intention is to run Lightning on SLURM, prepend your python command with `srun` like so: srun python /home/le004/master_thesis/git/TSFusionForecast/code/ ...
LOCAL_RANK: 0 - CUDA_VISIBLE_DEVICES: [0]
[I 2023-12-16 07:41:30,709] Trial 0 finished with value: 636.1687622070312 and parameters: {'gradient_clip_val': 0.17948709032613339, 'hidden_size': 32, 'dropout': 0.15237443607426607, 'hidden_continuous_size': 9, 'attention_head_size': 4, 'learning_rate': 0.0008249568272427058}. Best is trial 0 with value: 636.1687622070312.
LOCAL_RANK: 0 - CUDA_VISIBLE_DEVICES: [0]
[I 2023-12-16 07:42:17,027] Trial 1 finished with value: 704.1465454101562 and parameters: {'gradient_clip_val': 0.45852986425101727, 'hidden_size': 10, 'dropout': 0.12480843671719777, 'hidden_continuous_size': 8, 'attention_head_size': 1, 'learning_rate': 0.055089665597234626}. Best is trial 0 with value: 636.1687622070312.
LOCAL_RANK: 0 - CUDA_VISIBLE_DEVICES: [0]
[I 2023-12-16 07:43:05,218] Trial 2 finished with value: 380.7640380859375 and parameters: {'gradient_clip_val': 0.1849069944047963, 'hidden_size': 23, 'dropout': 0.15622221853785767, 'hidden_continuous_size': 5, 'attention_head_size': 1, 'learning_rate': 0.011851222470179461}. Best is trial 2 with value: 380.7640380859375.
LOCAL_RANK: 0 - CUDA_VISIBLE_DEVICES: [0]
[I 2023-12-16 07:43:58,280] Trial 3 finished with value: 189.8006134033203 and parameters: {'gradient_clip_val': 0.10631279573011522, 'hidden_size': 55, 'dropout': 0.3445915854380071, 'hidden_continuous_size': 8, 'attention_head_size': 2, 'learning_rate': 0.021945444660018236}. Best is trial 3 with value: 189.8006134033203.
LOCAL_RANK: 0 - CUDA_VISIBLE_DEVICES: [0]
[I 2023-12-16 07:44:50,275] Trial 4 finished with value: 535.585205078125 and parameters: {'gradient_clip_val': 0.9123482733378936, 'hidden_size': 45, 'dropout': 0.1748372320122955, 'hidden_continuous_size': 8, 'attention_head_size': 1, 'learning_rate': 0.003425570272674714}. Best is trial 3 with value: 189.8006134033203.
LOCAL_RANK: 0 - CUDA_VISIBLE_DEVICES: [0]
