[I 2023-12-27 11:32:18,030] Trial 11 finished with value: 13.894790649414062 and parameters: {'gradient_clip_val': 0.17590259764567862, 'hidden_size': 26, 'dropout': 0.38855612970587144, 'hidden_continuous_size': 14, 'attention_head_size': 3, 'learning_rate': 0.008519780708550941}. Best is trial 0 with value: 3.0868942737579346.
LOCAL_RANK: 0 - CUDA_VISIBLE_DEVICES: [0]
[I 2023-12-27 11:32:18,539] Trial 12 finished with value: 8.332042694091797 and parameters: {'gradient_clip_val': 0.9000251404966075, 'hidden_size': 51, 'dropout': 0.4949338002158009, 'hidden_continuous_size': 47, 'attention_head_size': 2, 'learning_rate': 0.0005112169272986899}. Best is trial 0 with value: 3.0868942737579346.
LOCAL_RANK: 0 - CUDA_VISIBLE_DEVICES: [0]
[I 2023-12-27 11:32:19,030] Trial 13 finished with value: 13.86266803741455 and parameters: {'gradient_clip_val': 0.18408687738713406, 'hidden_size': 20, 'dropout': 0.38357078567417535, 'hidden_continuous_size': 6, 'attention_head_size': 4, 'learning_rate': 0.02492743619769611}. Best is trial 0 with value: 3.0868942737579346.
LOCAL_RANK: 0 - CUDA_VISIBLE_DEVICES: [0]
[I 2023-12-27 11:32:19,438] Trial 14 finished with value: 13.691899299621582 and parameters: {'gradient_clip_val': 0.544006775838854, 'hidden_size': 5, 'dropout': 0.23942006847088435, 'hidden_continuous_size': 5, 'attention_head_size': 3, 'learning_rate': 0.08892428226219053}. Best is trial 0 with value: 3.0868942737579346.
LOCAL_RANK: 0 - CUDA_VISIBLE_DEVICES: [0]
[I 2023-12-27 11:32:19,900] Trial 15 finished with value: 11.15576171875 and parameters: {'gradient_clip_val': 0.9566736360533558, 'hidden_size': 51, 'dropout': 0.34390910428572585, 'hidden_continuous_size': 8, 'attention_head_size': 2, 'learning_rate': 0.006600896084717304}. Best is trial 0 with value: 3.0868942737579346.
LOCAL_RANK: 0 - CUDA_VISIBLE_DEVICES: [0]
[I 2023-12-27 11:32:20,362] Trial 16 finished with value: 13.057007789611816 and parameters: {'gradient_clip_val': 0.2302572962012001, 'hidden_size': 19, 'dropout': 0.41168727536576966, 'hidden_continuous_size': 6, 'attention_head_size': 4, 'learning_rate': 0.04167150528995451}. Best is trial 0 with value: 3.0868942737579346.
LOCAL_RANK: 0 - CUDA_VISIBLE_DEVICES: [0]
[I 2023-12-27 11:32:21,099] Trial 17 finished with value: 16.232208251953125 and parameters: {'gradient_clip_val': 0.10333523965120188, 'hidden_size': 38, 'dropout': 0.48969489716549786, 'hidden_continuous_size': 10, 'attention_head_size': 3, 'learning_rate': 0.017031914676716924}. Best is trial 0 with value: 3.0868942737579346.
LOCAL_RANK: 0 - CUDA_VISIBLE_DEVICES: [0]
[I 2023-12-27 11:32:21,610] Trial 18 finished with value: 11.840522766113281 and parameters: {'gradient_clip_val': 0.4356709299424771, 'hidden_size': 75, 'dropout': 0.3367039466662989, 'hidden_continuous_size': 14, 'attention_head_size': 4, 'learning_rate': 0.0011607068326204624}. Best is trial 0 with value: 3.0868942737579346.
LOCAL_RANK: 0 - CUDA_VISIBLE_DEVICES: [0]
[I 2023-12-27 11:32:22,101] Trial 19 finished with value: 11.46103286743164 and parameters: {'gradient_clip_val': 0.24390465132382078, 'hidden_size': 28, 'dropout': 0.42146196379197676, 'hidden_continuous_size': 8, 'attention_head_size': 3, 'learning_rate': 0.0067011959771793314}. Best is trial 0 with value: 3.0868942737579346.
LOCAL_RANK: 0 - CUDA_VISIBLE_DEVICES: [0]
[I 2023-12-27 11:32:22,589] Trial 20 finished with value: 9.852865219116211 and parameters: {'gradient_clip_val': 0.4713824122890333, 'hidden_size': 67, 'dropout': 0.41147611053072375, 'hidden_continuous_size': 11, 'attention_head_size': 2, 'learning_rate': 0.04791700526392479}. Best is trial 0 with value: 3.0868942737579346.
LOCAL_RANK: 0 - CUDA_VISIBLE_DEVICES: [0]
[I 2023-12-27 11:32:23,081] Trial 21 finished with value: 10.348672866821289 and parameters: {'gradient_clip_val': 0.9295034918582237, 'hidden_size': 58, 'dropout': 0.4563566954287185, 'hidden_continuous_size': 58, 'attention_head_size': 2, 'learning_rate': 0.0005069702416820964}. Best is trial 0 with value: 3.0868942737579346.
LOCAL_RANK: 0 - CUDA_VISIBLE_DEVICES: [0]
[I 2023-12-27 11:32:23,551] Trial 22 finished with value: 9.132584571838379 and parameters: {'gradient_clip_val': 0.6551774774378228, 'hidden_size': 38, 'dropout': 0.49863505659039437, 'hidden_continuous_size': 17, 'attention_head_size': 2, 'learning_rate': 0.000922253303837102}. Best is trial 0 with value: 3.0868942737579346.
LOCAL_RANK: 0 - CUDA_VISIBLE_DEVICES: [0]
[I 2023-12-27 11:32:24,072] Trial 23 finished with value: 11.192286491394043 and parameters: {'gradient_clip_val': 0.9989051823519949, 'hidden_size': 78, 'dropout': 0.49730514390710706, 'hidden_continuous_size': 36, 'attention_head_size': 2, 'learning_rate': 0.0007813633804259564}. Best is trial 0 with value: 3.0868942737579346.
LOCAL_RANK: 0 - CUDA_VISIBLE_DEVICES: [0]
[I 2023-12-27 11:32:24,537] Trial 24 finished with value: 11.93515396118164 and parameters: {'gradient_clip_val': 0.7268226351570334, 'hidden_size': 51, 'dropout': 0.46752359036159596, 'hidden_continuous_size': 12, 'attention_head_size': 3, 'learning_rate': 0.0014385976962088013}. Best is trial 0 with value: 3.0868942737579346.
LOCAL_RANK: 0 - CUDA_VISIBLE_DEVICES: [0]
[I 2023-12-27 11:32:25,031] Trial 25 finished with value: 9.387600898742676 and parameters: {'gradient_clip_val': 0.7877363122822647, 'hidden_size': 88, 'dropout': 0.4250912639319959, 'hidden_continuous_size': 88, 'attention_head_size': 2, 'learning_rate': 0.0005022640766764857}. Best is trial 0 with value: 3.0868942737579346.
LOCAL_RANK: 0 - CUDA_VISIBLE_DEVICES: [0]
[I 2023-12-27 11:32:25,580] Trial 26 finished with value: 11.159024238586426 and parameters: {'gradient_clip_val': 0.575064224422105, 'hidden_size': 146, 'dropout': 0.47172179603886155, 'hidden_continuous_size': 33, 'attention_head_size': 3, 'learning_rate': 0.0018272511679082643}. Best is trial 0 with value: 3.0868942737579346.
LOCAL_RANK: 0 - CUDA_VISIBLE_DEVICES: [0]
[I 2023-12-27 11:32:26,089] Trial 27 finished with value: 15.359322547912598 and parameters: {'gradient_clip_val': 0.8211224213253756, 'hidden_size': 59, 'dropout': 0.4973891173643974, 'hidden_continuous_size': 8, 'attention_head_size': 4, 'learning_rate': 0.0008466547730457564}. Best is trial 0 with value: 3.0868942737579346.
LOCAL_RANK: 0 - CUDA_VISIBLE_DEVICES: [0]
[I 2023-12-27 11:32:26,625] Trial 28 finished with value: 18.074583053588867 and parameters: {'gradient_clip_val': 0.45622055179791754, 'hidden_size': 113, 'dropout': 0.35799517578917206, 'hidden_continuous_size': 30, 'attention_head_size': 3, 'learning_rate': 0.0006723451277940679}. Best is trial 0 with value: 3.0868942737579346.
LOCAL_RANK: 0 - CUDA_VISIBLE_DEVICES: [0]
[I 2023-12-27 11:32:27,075] Trial 29 finished with value: 16.27052116394043 and parameters: {'gradient_clip_val': 0.40512778318090975, 'hidden_size': 8, 'dropout': 0.4334897691556833, 'hidden_continuous_size': 6, 'attention_head_size': 1, 'learning_rate': 0.00221153675922969}. Best is trial 0 with value: 3.0868942737579346.
LOCAL_RANK: 0 - CUDA_VISIBLE_DEVICES: [0]
[I 2023-12-27 11:32:27,574] Trial 30 finished with value: 9.710204124450684 and parameters: {'gradient_clip_val': 0.4937707546150984, 'hidden_size': 72, 'dropout': 0.4035038308212346, 'hidden_continuous_size': 9, 'attention_head_size': 1, 'learning_rate': 0.003965717471029066}. Best is trial 0 with value: 3.0868942737579346.
LOCAL_RANK: 0 - CUDA_VISIBLE_DEVICES: [0]
[I 2023-12-27 11:32:28,364] Trial 31 finished with value: 12.567517280578613 and parameters: {'gradient_clip_val': 0.6277690932681431, 'hidden_size': 41, 'dropout': 0.4981369245985474, 'hidden_continuous_size': 17, 'attention_head_size': 2, 'learning_rate': 0.000990133723561561}. Best is trial 0 with value: 3.0868942737579346.
LOCAL_RANK: 0 - CUDA_VISIBLE_DEVICES: [0]
[I 2023-12-27 11:32:28,862] Trial 32 finished with value: 10.327991485595703 and parameters: {'gradient_clip_val': 0.6598146372772383, 'hidden_size': 33, 'dropout': 0.4648112837097173, 'hidden_continuous_size': 14, 'attention_head_size': 2, 'learning_rate': 0.000808002779249621}. Best is trial 0 with value: 3.0868942737579346.
LOCAL_RANK: 0 - CUDA_VISIBLE_DEVICES: [0]
[I 2023-12-27 11:32:29,324] Trial 33 finished with value: 11.053135871887207 and parameters: {'gradient_clip_val': 0.8524836760448237, 'hidden_size': 6, 'dropout': 0.46423949303479434, 'hidden_continuous_size': 5, 'attention_head_size': 2, 'learning_rate': 0.001629617896449522}. Best is trial 0 with value: 3.0868942737579346.
LOCAL_RANK: 0 - CUDA_VISIBLE_DEVICES: [0]
[I 2023-12-27 11:32:29,766] Trial 34 finished with value: 12.806408882141113 and parameters: {'gradient_clip_val': 0.6922469148339819, 'hidden_size': 8, 'dropout': 0.434811303875196, 'hidden_continuous_size': 6, 'attention_head_size': 1, 'learning_rate': 0.0034719781503304513}. Best is trial 0 with value: 3.0868942737579346.
LOCAL_RANK: 0 - CUDA_VISIBLE_DEVICES: [0]
[I 2023-12-27 11:32:30,249] Trial 35 finished with value: 12.793194770812988 and parameters: {'gradient_clip_val': 0.5958125883366661, 'hidden_size': 15, 'dropout': 0.4783879284750535, 'hidden_continuous_size': 7, 'attention_head_size': 2, 'learning_rate': 0.0010607519421059522}. Best is trial 0 with value: 3.0868942737579346.
LOCAL_RANK: 0 - CUDA_VISIBLE_DEVICES: [0]
[I 2023-12-27 11:32:30,695] Trial 36 finished with value: 12.954105377197266 and parameters: {'gradient_clip_val': 0.3302662969732547, 'hidden_size': 13, 'dropout': 0.4432473553238469, 'hidden_continuous_size': 7, 'attention_head_size': 1, 'learning_rate': 0.0006814072738244605}. Best is trial 0 with value: 3.0868942737579346.
LOCAL_RANK: 0 - CUDA_VISIBLE_DEVICES: [0]
[I 2023-12-27 11:32:31,215] Trial 37 finished with value: 13.762134552001953 and parameters: {'gradient_clip_val': 0.7353810633950725, 'hidden_size': 11, 'dropout': 0.47927378433122786, 'hidden_continuous_size': 7, 'attention_head_size': 2, 'learning_rate': 0.002471249528166372}. Best is trial 0 with value: 3.0868942737579346.
LOCAL_RANK: 0 - CUDA_VISIBLE_DEVICES: [0]
[I 2023-12-27 11:32:31,723] Trial 38 finished with value: 17.9565372467041 and parameters: {'gradient_clip_val': 0.8531018643717994, 'hidden_size': 47, 'dropout': 0.45080872100753067, 'hidden_continuous_size': 17, 'attention_head_size': 4, 'learning_rate': 0.001178021635570136}. Best is trial 0 with value: 3.0868942737579346.
LOCAL_RANK: 0 - CUDA_VISIBLE_DEVICES: [0]
[I 2023-12-27 11:32:32,220] Trial 39 finished with value: 13.058331489562988 and parameters: {'gradient_clip_val': 0.5334814003532369, 'hidden_size': 35, 'dropout': 0.4780434274496265, 'hidden_continuous_size': 10, 'attention_head_size': 3, 'learning_rate': 0.0019511982140633624}. Best is trial 0 with value: 3.0868942737579346.
LOCAL_RANK: 0 - CUDA_VISIBLE_DEVICES: [0]
[I 2023-12-27 11:32:32,698] Trial 40 finished with value: 13.781428337097168 and parameters: {'gradient_clip_val': 0.6484442797197626, 'hidden_size': 43, 'dropout': 0.3972744343093102, 'hidden_continuous_size': 12, 'attention_head_size': 4, 'learning_rate': 0.0006432974488340948}. Best is trial 0 with value: 3.0868942737579346.
LOCAL_RANK: 0 - CUDA_VISIBLE_DEVICES: [0]
[I 2023-12-27 11:32:33,245] Trial 41 finished with value: 15.350512504577637 and parameters: {'gradient_clip_val': 0.790345414729142, 'hidden_size': 87, 'dropout': 0.42135102619368253, 'hidden_continuous_size': 74, 'attention_head_size': 2, 'learning_rate': 0.0005003739813879381}. Best is trial 0 with value: 3.0868942737579346.
LOCAL_RANK: 0 - CUDA_VISIBLE_DEVICES: [0]
[I 2023-12-27 11:32:33,788] Trial 42 finished with value: 14.241774559020996 and parameters: {'gradient_clip_val': 0.7221371411174471, 'hidden_size': 99, 'dropout': 0.4390477118926534, 'hidden_continuous_size': 92, 'attention_head_size': 2, 'learning_rate': 0.0005216293508231018}. Best is trial 0 with value: 3.0868942737579346.
LOCAL_RANK: 0 - CUDA_VISIBLE_DEVICES: [0]
[I 2023-12-27 11:32:34,333] Trial 43 finished with value: 14.403236389160156 and parameters: {'gradient_clip_val': 0.8838381699973915, 'hidden_size': 121, 'dropout': 0.3715934260648864, 'hidden_continuous_size': 112, 'attention_head_size': 2, 'learning_rate': 0.000902573083663593}. Best is trial 0 with value: 3.0868942737579346.
LOCAL_RANK: 0 - CUDA_VISIBLE_DEVICES: [0]
[I 2023-12-27 11:32:35,122] Trial 44 finished with value: 12.401168823242188 and parameters: {'gradient_clip_val': 0.7998364290519584, 'hidden_size': 85, 'dropout': 0.45699323785188734, 'hidden_continuous_size': 49, 'attention_head_size': 2, 'learning_rate': 0.0006447885147152432}. Best is trial 0 with value: 3.0868942737579346.
LOCAL_RANK: 0 - CUDA_VISIBLE_DEVICES: [0]
[I 2023-12-27 11:32:35,636] Trial 45 finished with value: 11.490402221679688 and parameters: {'gradient_clip_val': 0.5166439170226492, 'hidden_size': 61, 'dropout': 0.49980791700045124, 'hidden_continuous_size': 20, 'attention_head_size': 2, 'learning_rate': 0.0013841519934236848}. Best is trial 0 with value: 3.0868942737579346.
LOCAL_RANK: 0 - CUDA_VISIBLE_DEVICES: [0]
[I 2023-12-27 11:32:36,120] Trial 46 finished with value: 14.886833190917969 and parameters: {'gradient_clip_val': 0.603583058199737, 'hidden_size': 91, 'dropout': 0.43196823274492735, 'hidden_continuous_size': 28, 'attention_head_size': 3, 'learning_rate': 0.002925169692042222}. Best is trial 0 with value: 3.0868942737579346.
LOCAL_RANK: 0 - CUDA_VISIBLE_DEVICES: [0]
[I 2023-12-27 11:32:36,622] Trial 47 finished with value: 14.139704704284668 and parameters: {'gradient_clip_val': 0.944679137301062, 'hidden_size': 124, 'dropout': 0.31276037083088354, 'hidden_continuous_size': 124, 'attention_head_size': 1, 'learning_rate': 0.0007762199147839076}. Best is trial 0 with value: 3.0868942737579346.
LOCAL_RANK: 0 - CUDA_VISIBLE_DEVICES: [0]
[I 2023-12-27 11:32:37,089] Trial 48 finished with value: 12.94737720489502 and parameters: {'gradient_clip_val': 0.6931384858028652, 'hidden_size': 51, 'dropout': 0.3967878755707788, 'hidden_continuous_size': 24, 'attention_head_size': 2, 'learning_rate': 0.005355414784664986}. Best is trial 0 with value: 3.0868942737579346.
LOCAL_RANK: 0 - CUDA_VISIBLE_DEVICES: [0]
[I 2023-12-27 11:32:37,598] Trial 49 finished with value: 10.540732383728027 and parameters: {'gradient_clip_val': 0.1255223143750556, 'hidden_size': 32, 'dropout': 0.4810921258211958, 'hidden_continuous_size': 19, 'attention_head_size': 3, 'learning_rate': 0.0011957926400182435}. Best is trial 0 with value: 3.0868942737579346.
[I 2023-12-27 11:32:37,728] A new study created in memory with name: no-name-7517640c-8bc9-4e37-ba7e-59f0363d90b2
/home/le004/conda/anaconda3/envs/tsff_env/lib/python3.9/site-packages/lightning/fabric/plugins/environments/slurm.py:191: The `srun` command is available on your system but is not used. HINT: If your intention is to run Lightning on SLURM, prepend your python command with `srun` like so: srun python /home/le004/master_thesis/git/TSFusionForecast/code/ ...
LOCAL_RANK: 0 - CUDA_VISIBLE_DEVICES: [0]
[I 2023-12-27 11:32:58,964] Trial 0 finished with value: 29.12397003173828 and parameters: {'gradient_clip_val': 0.691963946416393, 'hidden_size': 97, 'dropout': 0.3129828776993827, 'hidden_continuous_size': 96, 'attention_head_size': 2, 'learning_rate': 0.011343377856325198}. Best is trial 0 with value: 29.12397003173828.
LOCAL_RANK: 0 - CUDA_VISIBLE_DEVICES: [0]
[I 2023-12-27 11:32:59,439] Trial 1 finished with value: 123.11920166015625 and parameters: {'gradient_clip_val': 0.5943858343357985, 'hidden_size': 29, 'dropout': 0.39594883031493133, 'hidden_continuous_size': 7, 'attention_head_size': 2, 'learning_rate': 0.0011657091622866295}. Best is trial 0 with value: 29.12397003173828.
LOCAL_RANK: 0 - CUDA_VISIBLE_DEVICES: [0]
[I 2023-12-27 11:32:59,922] Trial 2 finished with value: 128.7646942138672 and parameters: {'gradient_clip_val': 0.23103122994487146, 'hidden_size': 45, 'dropout': 0.22832335726182246, 'hidden_continuous_size': 32, 'attention_head_size': 3, 'learning_rate': 0.005133026286498426}. Best is trial 0 with value: 29.12397003173828.
LOCAL_RANK: 0 - CUDA_VISIBLE_DEVICES: [0]
[I 2023-12-27 11:33:00,406] Trial 3 finished with value: 119.71927642822266 and parameters: {'gradient_clip_val': 0.14480579056641443, 'hidden_size': 31, 'dropout': 0.2501363643291328, 'hidden_continuous_size': 16, 'attention_head_size': 2, 'learning_rate': 0.0327752505885763}. Best is trial 0 with value: 29.12397003173828.
LOCAL_RANK: 0 - CUDA_VISIBLE_DEVICES: [0]
[I 2023-12-27 11:33:00,858] Trial 4 finished with value: 187.96038818359375 and parameters: {'gradient_clip_val': 0.48917328891863826, 'hidden_size': 17, 'dropout': 0.3690629807371061, 'hidden_continuous_size': 12, 'attention_head_size': 1, 'learning_rate': 0.01673811568559253}. Best is trial 0 with value: 29.12397003173828.
LOCAL_RANK: 0 - CUDA_VISIBLE_DEVICES: [0]
[I 2023-12-27 11:33:01,582] Trial 5 finished with value: 127.60985565185547 and parameters: {'gradient_clip_val': 0.10805543597956183, 'hidden_size': 81, 'dropout': 0.28778191459096714, 'hidden_continuous_size': 53, 'attention_head_size': 1, 'learning_rate': 0.001108364361876615}. Best is trial 0 with value: 29.12397003173828.
LOCAL_RANK: 0 - CUDA_VISIBLE_DEVICES: [0]
[I 2023-12-27 11:33:02,017] Trial 6 finished with value: 137.87696838378906 and parameters: {'gradient_clip_val': 0.4704368490758685, 'hidden_size': 51, 'dropout': 0.1950939575253329, 'hidden_continuous_size': 12, 'attention_head_size': 3, 'learning_rate': 0.000529068989662155}. Best is trial 0 with value: 29.12397003173828.
LOCAL_RANK: 0 - CUDA_VISIBLE_DEVICES: [0]
[I 2023-12-27 11:33:02,463] Trial 7 finished with value: 158.20770263671875 and parameters: {'gradient_clip_val': 0.5485821078798274, 'hidden_size': 58, 'dropout': 0.44455835571941205, 'hidden_continuous_size': 7, 'attention_head_size': 3, 'learning_rate': 0.0015222023843332291}. Best is trial 0 with value: 29.12397003173828.
LOCAL_RANK: 0 - CUDA_VISIBLE_DEVICES: [0]
[I 2023-12-27 11:33:02,963] Trial 8 finished with value: 100.15338134765625 and parameters: {'gradient_clip_val': 0.3425040657667415, 'hidden_size': 71, 'dropout': 0.3851766085724855, 'hidden_continuous_size': 65, 'attention_head_size': 1, 'learning_rate': 0.024641031595923468}. Best is trial 0 with value: 29.12397003173828.
LOCAL_RANK: 0 - CUDA_VISIBLE_DEVICES: [0]
[I 2023-12-27 11:33:03,373] Trial 9 finished with value: 141.3465118408203 and parameters: {'gradient_clip_val': 0.19577008460833942, 'hidden_size': 6, 'dropout': 0.3690607673841094, 'hidden_continuous_size': 6, 'attention_head_size': 3, 'learning_rate': 0.000912404156094381}. Best is trial 0 with value: 29.12397003173828.
LOCAL_RANK: 0 - CUDA_VISIBLE_DEVICES: [0]
[I 2023-12-27 11:33:03,980] Trial 10 finished with value: 177.72596740722656 and parameters: {'gradient_clip_val': 0.8819537850833842, 'hidden_size': 148, 'dropout': 0.13888198405314206, 'hidden_continuous_size': 143, 'attention_head_size': 4, 'learning_rate': 0.06898680871708117}. Best is trial 0 with value: 29.12397003173828.
LOCAL_RANK: 0 - CUDA_VISIBLE_DEVICES: [0]
[I 2023-12-27 11:33:04,538] Trial 11 finished with value: 136.18418884277344 and parameters: {'gradient_clip_val': 0.32365701006666225, 'hidden_size': 150, 'dropout': 0.4844478765173424, 'hidden_continuous_size': 92, 'attention_head_size': 1, 'learning_rate': 0.010329639249086166}. Best is trial 0 with value: 29.12397003173828.
LOCAL_RANK: 0 - CUDA_VISIBLE_DEVICES: [0]
[I 2023-12-27 11:33:05,028] Trial 12 finished with value: 115.75308990478516 and parameters: {'gradient_clip_val': 0.9890536643476101, 'hidden_size': 88, 'dropout': 0.307137109185097, 'hidden_continuous_size': 42, 'attention_head_size': 2, 'learning_rate': 0.028721036747815544}. Best is trial 0 with value: 29.12397003173828.
LOCAL_RANK: 0 - CUDA_VISIBLE_DEVICES: [0]
[I 2023-12-27 11:33:05,542] Trial 13 finished with value: 115.21065521240234 and parameters: {'gradient_clip_val': 0.3317969889357996, 'hidden_size': 92, 'dropout': 0.33491413777873097, 'hidden_continuous_size': 61, 'attention_head_size': 1, 'learning_rate': 0.005137737092622045}. Best is trial 0 with value: 29.12397003173828.
LOCAL_RANK: 0 - CUDA_VISIBLE_DEVICES: [0]
[I 2023-12-27 11:33:06,031] Trial 14 finished with value: 118.80216217041016 and parameters: {'gradient_clip_val': 0.359761899382928, 'hidden_size': 88, 'dropout': 0.4020905715307349, 'hidden_continuous_size': 27, 'attention_head_size': 2, 'learning_rate': 0.010303558469115294}. Best is trial 0 with value: 29.12397003173828.
LOCAL_RANK: 0 - CUDA_VISIBLE_DEVICES: [0]
[I 2023-12-27 11:33:06,530] Trial 15 finished with value: 138.6957550048828 and parameters: {'gradient_clip_val': 0.7358613273127254, 'hidden_size': 19, 'dropout': 0.3203928434126218, 'hidden_continuous_size': 5, 'attention_head_size': 1, 'learning_rate': 0.08778860309237088}. Best is trial 0 with value: 29.12397003173828.
LOCAL_RANK: 0 - CUDA_VISIBLE_DEVICES: [0]
[I 2023-12-27 11:33:07,040] Trial 16 finished with value: 111.81226348876953 and parameters: {'gradient_clip_val': 0.7560155085236582, 'hidden_size': 44, 'dropout': 0.43672390979865455, 'hidden_continuous_size': 21, 'attention_head_size': 2, 'learning_rate': 0.003195627088133075}. Best is trial 0 with value: 29.12397003173828.
LOCAL_RANK: 0 - CUDA_VISIBLE_DEVICES: [0]
[I 2023-12-27 11:33:07,592] Trial 17 finished with value: 140.548095703125 and parameters: {'gradient_clip_val': 0.3881268173998609, 'hidden_size': 131, 'dropout': 0.27745374552218316, 'hidden_continuous_size': 78, 'attention_head_size': 4, 'learning_rate': 0.020452589229913488}. Best is trial 0 with value: 29.12397003173828.
LOCAL_RANK: 0 - CUDA_VISIBLE_DEVICES: [0]
[I 2023-12-27 11:33:08,102] Trial 18 finished with value: 129.11248779296875 and parameters: {'gradient_clip_val': 0.26374287907581623, 'hidden_size': 65, 'dropout': 0.35377479926604005, 'hidden_continuous_size': 38, 'attention_head_size': 1, 'learning_rate': 0.04795049144020412}. Best is trial 0 with value: 29.12397003173828.
LOCAL_RANK: 0 - CUDA_VISIBLE_DEVICES: [0]
