[I 2023-12-26 14:00:25,710] Trial 49 finished with value: 3.0220553874969482 and parameters: {'gradient_clip_val': 0.31528141136889304, 'hidden_size': 40, 'dropout': 0.4229424071176502, 'hidden_continuous_size': 18, 'attention_head_size': 2, 'learning_rate': 0.02734721379323042}. Best is trial 0 with value: 0.11809632927179337.
[I 2023-12-26 14:00:25,832] A new study created in memory with name: no-name-b6e53c89-13bd-4d9b-bd61-c7987f563929
/home/le004/conda/anaconda3/envs/tsff_env/lib/python3.9/site-packages/lightning/fabric/plugins/environments/slurm.py:191: The `srun` command is available on your system but is not used. HINT: If your intention is to run Lightning on SLURM, prepend your python command with `srun` like so: srun python /home/le004/master_thesis/git/TSFusionForecast/code/ ...
[I 2023-12-26 14:04:07,692] Trial 0 finished with value: 6.044706344604492 and parameters: {'gradient_clip_val': 0.9797079226377641, 'hidden_size': 14, 'dropout': 0.13147199382102387, 'hidden_continuous_size': 7, 'attention_head_size': 4, 'learning_rate': 0.0346333824830592}. Best is trial 0 with value: 6.044706344604492.
[I 2023-12-26 14:04:09,787] Trial 1 finished with value: 30.54022979736328 and parameters: {'gradient_clip_val': 0.5019443552849084, 'hidden_size': 6, 'dropout': 0.44518691104418384, 'hidden_continuous_size': 6, 'attention_head_size': 1, 'learning_rate': 0.01864673207774082}. Best is trial 0 with value: 6.044706344604492.
[I 2023-12-26 14:04:12,455] Trial 2 finished with value: 25.612638473510742 and parameters: {'gradient_clip_val': 0.4896159272590531, 'hidden_size': 17, 'dropout': 0.44992670981910965, 'hidden_continuous_size': 7, 'attention_head_size': 3, 'learning_rate': 0.004453835395748153}. Best is trial 0 with value: 6.044706344604492.
[I 2023-12-26 14:04:14,893] Trial 3 finished with value: 17.165454864501953 and parameters: {'gradient_clip_val': 0.7700030616614149, 'hidden_size': 9, 'dropout': 0.314767500487513, 'hidden_continuous_size': 8, 'attention_head_size': 1, 'learning_rate': 0.001240885789106998}. Best is trial 0 with value: 6.044706344604492.
[I 2023-12-26 14:04:20,921] Trial 4 finished with value: 24.437705993652344 and parameters: {'gradient_clip_val': 0.558406861955903, 'hidden_size': 60, 'dropout': 0.32602611846310736, 'hidden_continuous_size': 45, 'attention_head_size': 4, 'learning_rate': 0.003564194053265484}. Best is trial 0 with value: 6.044706344604492.
[I 2023-12-26 14:04:23,549] Trial 5 finished with value: 29.316648483276367 and parameters: {'gradient_clip_val': 0.4192671405329664, 'hidden_size': 13, 'dropout': 0.3209789597288606, 'hidden_continuous_size': 10, 'attention_head_size': 3, 'learning_rate': 0.016240331766246466}. Best is trial 0 with value: 6.044706344604492.
[I 2023-12-26 14:04:26,008] Trial 6 finished with value: 24.785287857055664 and parameters: {'gradient_clip_val': 0.7446374922686959, 'hidden_size': 9, 'dropout': 0.34226073435927584, 'hidden_continuous_size': 5, 'attention_head_size': 4, 'learning_rate': 0.01122051783071288}. Best is trial 0 with value: 6.044706344604492.
[I 2023-12-26 14:04:28,895] Trial 7 finished with value: 26.409547805786133 and parameters: {'gradient_clip_val': 0.37079206232140965, 'hidden_size': 22, 'dropout': 0.45222840086227567, 'hidden_continuous_size': 22, 'attention_head_size': 4, 'learning_rate': 0.005868071875980801}. Best is trial 0 with value: 6.044706344604492.
[I 2023-12-26 14:04:31,435] Trial 8 finished with value: 31.73456382751465 and parameters: {'gradient_clip_val': 0.16133740166114816, 'hidden_size': 16, 'dropout': 0.30837801936365905, 'hidden_continuous_size': 5, 'attention_head_size': 4, 'learning_rate': 0.08213678272629325}. Best is trial 0 with value: 6.044706344604492.
[I 2023-12-26 14:04:39,832] Trial 9 finished with value: 23.78826332092285 and parameters: {'gradient_clip_val': 0.3204668085894891, 'hidden_size': 99, 'dropout': 0.3359434462171953, 'hidden_continuous_size': 5, 'attention_head_size': 3, 'learning_rate': 0.02825696039043787}. Best is trial 0 with value: 6.044706344604492.
[I 2023-12-26 14:04:43,526] Trial 10 finished with value: 42.723419189453125 and parameters: {'gradient_clip_val': 0.988613548401541, 'hidden_size': 37, 'dropout': 0.10301054629668042, 'hidden_continuous_size': 12, 'attention_head_size': 2, 'learning_rate': 0.0889392313712932}. Best is trial 0 with value: 6.044706344604492.
[I 2023-12-26 14:04:45,726] Trial 11 finished with value: 23.649362564086914 and parameters: {'gradient_clip_val': 0.9779754051912729, 'hidden_size': 5, 'dropout': 0.17297274950238462, 'hidden_continuous_size': 5, 'attention_head_size': 1, 'learning_rate': 0.0005317094259796972}. Best is trial 0 with value: 6.044706344604492.
[I 2023-12-26 14:04:48,222] Trial 12 finished with value: 31.182729721069336 and parameters: {'gradient_clip_val': 0.6809398518341954, 'hidden_size': 9, 'dropout': 0.24020216703024996, 'hidden_continuous_size': 7, 'attention_head_size': 2, 'learning_rate': 0.0014260516166842282}. Best is trial 0 with value: 6.044706344604492.
[I 2023-12-26 14:04:51,599] Trial 13 finished with value: 22.144577026367188 and parameters: {'gradient_clip_val': 0.7484675385866209, 'hidden_size': 30, 'dropout': 0.252054881090534, 'hidden_continuous_size': 9, 'attention_head_size': 2, 'learning_rate': 0.002004873587690278}. Best is trial 0 with value: 6.044706344604492.
[I 2023-12-26 14:04:54,162] Trial 14 finished with value: 26.147809982299805 and parameters: {'gradient_clip_val': 0.2328816505997893, 'hidden_size': 11, 'dropout': 0.150576288827171, 'hidden_continuous_size': 6, 'attention_head_size': 1, 'learning_rate': 0.032925964710857555}. Best is trial 0 with value: 6.044706344604492.
[I 2023-12-26 14:04:56,565] Trial 15 finished with value: 25.7114200592041 and parameters: {'gradient_clip_val': 0.9538384797964891, 'hidden_size': 7, 'dropout': 0.24142904661571102, 'hidden_continuous_size': 6, 'attention_head_size': 2, 'learning_rate': 0.007931072327063953}. Best is trial 0 with value: 6.044706344604492.
[I 2023-12-26 14:04:59,172] Trial 16 finished with value: 20.486799240112305 and parameters: {'gradient_clip_val': 0.6028190573559035, 'hidden_size': 5, 'dropout': 0.38692715582504733, 'hidden_continuous_size': 5, 'attention_head_size': 3, 'learning_rate': 0.0005217364366782643}. Best is trial 0 with value: 6.044706344604492.
[I 2023-12-26 14:05:02,064] Trial 17 finished with value: 17.612035751342773 and parameters: {'gradient_clip_val': 0.7682130202867681, 'hidden_size': 22, 'dropout': 0.1974855187425984, 'hidden_continuous_size': 8, 'attention_head_size': 1, 'learning_rate': 0.0023996278680740476}. Best is trial 0 with value: 6.044706344604492.
[I 2023-12-26 14:05:04,349] Trial 18 finished with value: 25.222572326660156 and parameters: {'gradient_clip_val': 0.10501500526372035, 'hidden_size': 8, 'dropout': 0.10013971674581547, 'hidden_continuous_size': 7, 'attention_head_size': 2, 'learning_rate': 0.0010630274511266666}. Best is trial 0 with value: 6.044706344604492.
[I 2023-12-26 14:05:06,932] Trial 19 finished with value: 28.265111923217773 and parameters: {'gradient_clip_val': 0.6110486097763448, 'hidden_size': 12, 'dropout': 0.2717805335178307, 'hidden_continuous_size': 8, 'attention_head_size': 3, 'learning_rate': 0.002976805023760014}. Best is trial 0 with value: 6.044706344604492.
[I 2023-12-26 14:05:09,664] Trial 20 finished with value: 28.4539737701416 and parameters: {'gradient_clip_val': 0.4642447093563774, 'hidden_size': 14, 'dropout': 0.20443339771071514, 'hidden_continuous_size': 6, 'attention_head_size': 4, 'learning_rate': 0.006891064517401303}. Best is trial 0 with value: 6.044706344604492.
[I 2023-12-26 14:05:12,466] Trial 21 finished with value: 27.804048538208008 and parameters: {'gradient_clip_val': 0.7855769648210641, 'hidden_size': 21, 'dropout': 0.15094124628896569, 'hidden_continuous_size': 9, 'attention_head_size': 1, 'learning_rate': 0.0022215797256380575}. Best is trial 0 with value: 6.044706344604492.
[I 2023-12-26 14:05:15,694] Trial 22 finished with value: 19.426786422729492 and parameters: {'gradient_clip_val': 0.7740754400330726, 'hidden_size': 28, 'dropout': 0.1991842506927755, 'hidden_continuous_size': 11, 'attention_head_size': 1, 'learning_rate': 0.0010438769229899139}. Best is trial 0 with value: 6.044706344604492.
[I 2023-12-26 14:05:18,437] Trial 23 finished with value: 27.467866897583008 and parameters: {'gradient_clip_val': 0.8397701734710858, 'hidden_size': 19, 'dropout': 0.2862085743446514, 'hidden_continuous_size': 8, 'attention_head_size': 1, 'learning_rate': 0.003488996490469659}. Best is trial 0 with value: 6.044706344604492.
[I 2023-12-26 14:05:20,941] Trial 24 finished with value: 15.247332572937012 and parameters: {'gradient_clip_val': 0.6407519090959054, 'hidden_size': 11, 'dropout': 0.21538977579044202, 'hidden_continuous_size': 8, 'attention_head_size': 1, 'learning_rate': 0.0021771028440464245}. Best is trial 0 with value: 6.044706344604492.
[I 2023-12-26 14:05:23,517] Trial 25 finished with value: 22.635894775390625 and parameters: {'gradient_clip_val': 0.6418635138340023, 'hidden_size': 10, 'dropout': 0.21790334469324663, 'hidden_continuous_size': 7, 'attention_head_size': 2, 'learning_rate': 0.0049885533294812}. Best is trial 0 with value: 6.044706344604492.
[I 2023-12-26 14:05:25,904] Trial 26 finished with value: 26.93474578857422 and parameters: {'gradient_clip_val': 0.5749297649639583, 'hidden_size': 7, 'dropout': 0.2723837962815003, 'hidden_continuous_size': 6, 'attention_head_size': 1, 'learning_rate': 0.0015753089958230554}. Best is trial 0 with value: 6.044706344604492.
[I 2023-12-26 14:05:28,468] Trial 27 finished with value: 21.6511173248291 and parameters: {'gradient_clip_val': 0.9943167371228286, 'hidden_size': 12, 'dropout': 0.13299496643221495, 'hidden_continuous_size': 7, 'attention_head_size': 2, 'learning_rate': 0.0007870138452538434}. Best is trial 0 with value: 6.044706344604492.
[I 2023-12-26 14:05:31,456] Trial 28 finished with value: 29.906593322753906 and parameters: {'gradient_clip_val': 0.8541150355342109, 'hidden_size': 15, 'dropout': 0.16317779806105728, 'hidden_continuous_size': 8, 'attention_head_size': 1, 'learning_rate': 0.0016146490083424937}. Best is trial 0 with value: 6.044706344604492.
[I 2023-12-26 14:05:33,815] Trial 29 finished with value: 29.643922805786133 and parameters: {'gradient_clip_val': 0.6764046001653833, 'hidden_size': 6, 'dropout': 0.4879664800438288, 'hidden_continuous_size': 5, 'attention_head_size': 1, 'learning_rate': 0.00981261211019726}. Best is trial 0 with value: 6.044706344604492.
[I 2023-12-26 14:05:36,378] Trial 30 finished with value: 32.51426315307617 and parameters: {'gradient_clip_val': 0.5226478719332046, 'hidden_size': 10, 'dropout': 0.1865347034386483, 'hidden_continuous_size': 7, 'attention_head_size': 3, 'learning_rate': 0.0026863257689152807}. Best is trial 0 with value: 6.044706344604492.
[I 2023-12-26 14:05:38,759] Trial 31 finished with value: 30.936147689819336 and parameters: {'gradient_clip_val': 0.8653798655011142, 'hidden_size': 16, 'dropout': 0.20752166115990875, 'hidden_continuous_size': 8, 'attention_head_size': 1, 'learning_rate': 0.002096233745907361}. Best is trial 0 with value: 6.044706344604492.
[I 2023-12-26 14:05:41,717] Trial 32 finished with value: 21.925806045532227 and parameters: {'gradient_clip_val': 0.708740276172133, 'hidden_size': 23, 'dropout': 0.1796162254659706, 'hidden_continuous_size': 9, 'attention_head_size': 1, 'learning_rate': 0.004626555051923322}. Best is trial 0 with value: 6.044706344604492.
[I 2023-12-26 14:05:44,337] Trial 33 finished with value: 21.461755752563477 and parameters: {'gradient_clip_val': 0.5148869417929856, 'hidden_size': 18, 'dropout': 0.2356488522380744, 'hidden_continuous_size': 8, 'attention_head_size': 1, 'learning_rate': 0.0035779131517146884}. Best is trial 0 with value: 6.044706344604492.
[I 2023-12-26 14:05:47,009] Trial 34 finished with value: 39.40729522705078 and parameters: {'gradient_clip_val': 0.8620636758782584, 'hidden_size': 14, 'dropout': 0.1297312598378062, 'hidden_continuous_size': 7, 'attention_head_size': 1, 'learning_rate': 0.004108425377920759}. Best is trial 0 with value: 6.044706344604492.
[I 2023-12-26 14:05:49,578] Trial 35 finished with value: 21.45733642578125 and parameters: {'gradient_clip_val': 0.577878026397732, 'hidden_size': 12, 'dropout': 0.18881251805455546, 'hidden_continuous_size': 8, 'attention_head_size': 2, 'learning_rate': 0.0024716285413962738}. Best is trial 0 with value: 6.044706344604492.
[I 2023-12-26 14:05:52,080] Trial 36 finished with value: 28.678512573242188 and parameters: {'gradient_clip_val': 0.4597107876682065, 'hidden_size': 8, 'dropout': 0.22153966255051924, 'hidden_continuous_size': 7, 'attention_head_size': 4, 'learning_rate': 0.002933899001931537}. Best is trial 0 with value: 6.044706344604492.
[I 2023-12-26 14:05:54,783] Trial 37 finished with value: 26.871261596679688 and parameters: {'gradient_clip_val': 0.6678631018073573, 'hidden_size': 18, 'dropout': 0.29698243605744445, 'hidden_continuous_size': 10, 'attention_head_size': 1, 'learning_rate': 0.0049978957323796}. Best is trial 0 with value: 6.044706344604492.
[I 2023-12-26 14:05:57,523] Trial 38 finished with value: 21.40496826171875 and parameters: {'gradient_clip_val': 0.7469900468928474, 'hidden_size': 14, 'dropout': 0.26427544120829616, 'hidden_continuous_size': 9, 'attention_head_size': 3, 'learning_rate': 0.012339918855282263}. Best is trial 0 with value: 6.044706344604492.
[I 2023-12-26 14:06:00,566] Trial 39 finished with value: 28.9771785736084 and parameters: {'gradient_clip_val': 0.5340052327829616, 'hidden_size': 24, 'dropout': 0.3509884482205316, 'hidden_continuous_size': 12, 'attention_head_size': 4, 'learning_rate': 0.0013058108467461213}. Best is trial 0 with value: 6.044706344604492.
[I 2023-12-26 14:06:04,942] Trial 40 finished with value: 29.289854049682617 and parameters: {'gradient_clip_val': 0.406118168678409, 'hidden_size': 39, 'dropout': 0.21840904366192154, 'hidden_continuous_size': 15, 'attention_head_size': 2, 'learning_rate': 0.0007483633657591624}. Best is trial 0 with value: 6.044706344604492.
[I 2023-12-26 14:06:08,128] Trial 41 finished with value: 33.03255081176758 and parameters: {'gradient_clip_val': 0.7728777666267119, 'hidden_size': 28, 'dropout': 0.1937453722210907, 'hidden_continuous_size': 11, 'attention_head_size': 1, 'learning_rate': 0.0010953853446776642}. Best is trial 0 with value: 6.044706344604492.
[I 2023-12-26 14:06:10,866] Trial 42 finished with value: 24.574798583984375 and parameters: {'gradient_clip_val': 0.8869837606959922, 'hidden_size': 19, 'dropout': 0.17461665092471954, 'hidden_continuous_size': 10, 'attention_head_size': 1, 'learning_rate': 0.0019148245706490851}. Best is trial 0 with value: 6.044706344604492.
[I 2023-12-26 14:06:14,373] Trial 43 finished with value: 32.16053009033203 and parameters: {'gradient_clip_val': 0.8014308668370742, 'hidden_size': 33, 'dropout': 0.20159449160503862, 'hidden_continuous_size': 14, 'attention_head_size': 1, 'learning_rate': 0.0011086807753866686}. Best is trial 0 with value: 6.044706344604492.
[I 2023-12-26 14:06:17,638] Trial 44 finished with value: 26.857223510742188 and parameters: {'gradient_clip_val': 0.712143927458733, 'hidden_size': 27, 'dropout': 0.22951799413990043, 'hidden_continuous_size': 11, 'attention_head_size': 1, 'learning_rate': 0.001557877597571884}. Best is trial 0 with value: 6.044706344604492.
[I 2023-12-26 14:06:20,065] Trial 45 finished with value: 24.677030563354492 and parameters: {'gradient_clip_val': 0.9069422362938915, 'hidden_size': 10, 'dropout': 0.2574143685693238, 'hidden_continuous_size': 8, 'attention_head_size': 1, 'learning_rate': 0.000772549923452646}. Best is trial 0 with value: 6.044706344604492.
[I 2023-12-26 14:06:22,550] Trial 46 finished with value: 26.550935745239258 and parameters: {'gradient_clip_val': 0.6260386922250092, 'hidden_size': 16, 'dropout': 0.16726567715952817, 'hidden_continuous_size': 9, 'attention_head_size': 2, 'learning_rate': 0.06600608259398041}. Best is trial 0 with value: 6.044706344604492.
[I 2023-12-26 14:06:27,187] Trial 47 finished with value: 18.685556411743164 and parameters: {'gradient_clip_val': 0.9281011622103531, 'hidden_size': 45, 'dropout': 0.2525761088902882, 'hidden_continuous_size': 43, 'attention_head_size': 1, 'learning_rate': 0.0019431772862491476}. Best is trial 0 with value: 6.044706344604492.
[I 2023-12-26 14:06:32,161] Trial 48 finished with value: 29.07282257080078 and parameters: {'gradient_clip_val': 0.979594437466492, 'hidden_size': 50, 'dropout': 0.2523935122640341, 'hidden_continuous_size': 46, 'attention_head_size': 2, 'learning_rate': 0.001922803833318702}. Best is trial 0 with value: 6.044706344604492.
[I 2023-12-26 14:06:38,973] Trial 49 finished with value: 17.08820343017578 and parameters: {'gradient_clip_val': 0.9048189681418429, 'hidden_size': 76, 'dropout': 0.31020972853022233, 'hidden_continuous_size': 28, 'attention_head_size': 4, 'learning_rate': 0.006109423612525306}. Best is trial 0 with value: 6.044706344604492.
[I 2023-12-26 14:06:39,170] A new study created in memory with name: no-name-8b82deae-c276-4a3f-bfa8-81054a3012a3
/home/le004/conda/anaconda3/envs/tsff_env/lib/python3.9/site-packages/lightning/fabric/plugins/environments/slurm.py:191: The `srun` command is available on your system but is not used. HINT: If your intention is to run Lightning on SLURM, prepend your python command with `srun` like so: srun python /home/le004/master_thesis/git/TSFusionForecast/code/ ...
[I 2023-12-26 14:11:39,294] Trial 0 finished with value: 179.05706787109375 and parameters: {'gradient_clip_val': 0.11456100608880802, 'hidden_size': 5, 'dropout': 0.4716602003264272, 'hidden_continuous_size': 5, 'attention_head_size': 3, 'learning_rate': 0.0006789787438228294}. Best is trial 0 with value: 179.05706787109375.
[I 2023-12-26 14:29:06,046] Trial 1 finished with value: 120.0937728881836 and parameters: {'gradient_clip_val': 0.16160038279314073, 'hidden_size': 129, 'dropout': 0.40710089600028987, 'hidden_continuous_size': 37, 'attention_head_size': 4, 'learning_rate': 0.0005419934794935258}. Best is trial 1 with value: 120.0937728881836.
[I 2023-12-26 14:29:08,609] Trial 2 finished with value: 1324.2586669921875 and parameters: {'gradient_clip_val': 0.4573439147347491, 'hidden_size': 12, 'dropout': 0.10804368849461482, 'hidden_continuous_size': 11, 'attention_head_size': 4, 'learning_rate': 0.000930140769378402}. Best is trial 1 with value: 120.0937728881836.
[I 2023-12-26 14:29:11,782] Trial 3 finished with value: 788.505126953125 and parameters: {'gradient_clip_val': 0.19949492412073064, 'hidden_size': 25, 'dropout': 0.42286620357089943, 'hidden_continuous_size': 22, 'attention_head_size': 4, 'learning_rate': 0.08541551568893968}. Best is trial 1 with value: 120.0937728881836.
[I 2023-12-26 14:29:22,033] Trial 4 finished with value: 840.6986694335938 and parameters: {'gradient_clip_val': 0.21304777221901228, 'hidden_size': 125, 'dropout': 0.16234683256466634, 'hidden_continuous_size': 54, 'attention_head_size': 3, 'learning_rate': 0.020121425219267096}. Best is trial 1 with value: 120.0937728881836.
[I 2023-12-26 14:29:29,431] Trial 5 finished with value: 876.824951171875 and parameters: {'gradient_clip_val': 0.12470813694520891, 'hidden_size': 88, 'dropout': 0.4821628424198784, 'hidden_continuous_size': 65, 'attention_head_size': 2, 'learning_rate': 0.004493688488164742}. Best is trial 1 with value: 120.0937728881836.
[I 2023-12-26 14:29:31,883] Trial 6 finished with value: 931.9940795898438 and parameters: {'gradient_clip_val': 0.11598852395027962, 'hidden_size': 12, 'dropout': 0.3057716883495669, 'hidden_continuous_size': 8, 'attention_head_size': 1, 'learning_rate': 0.007023191261166662}. Best is trial 1 with value: 120.0937728881836.
[I 2023-12-26 14:29:37,268] Trial 7 finished with value: 987.1064453125 and parameters: {'gradient_clip_val': 0.10565402189362251, 'hidden_size': 63, 'dropout': 0.3656209215147801, 'hidden_continuous_size': 5, 'attention_head_size': 2, 'learning_rate': 0.07005605545939372}. Best is trial 1 with value: 120.0937728881836.
[I 2023-12-26 14:29:39,908] Trial 8 finished with value: 935.8992309570312 and parameters: {'gradient_clip_val': 0.16133946364306248, 'hidden_size': 17, 'dropout': 0.46031895281159085, 'hidden_continuous_size': 8, 'attention_head_size': 3, 'learning_rate': 0.0038567822028448507}. Best is trial 1 with value: 120.0937728881836.
[I 2023-12-26 14:29:44,394] Trial 9 finished with value: 1288.9906005859375 and parameters: {'gradient_clip_val': 0.25379746441843604, 'hidden_size': 47, 'dropout': 0.2652560447277299, 'hidden_continuous_size': 34, 'attention_head_size': 2, 'learning_rate': 0.06713095037515879}. Best is trial 1 with value: 120.0937728881836.
[I 2023-12-26 14:29:57,161] Trial 10 finished with value: 930.5486450195312 and parameters: {'gradient_clip_val': 0.7555291979719387, 'hidden_size': 137, 'dropout': 0.39662714839307395, 'hidden_continuous_size': 127, 'attention_head_size': 4, 'learning_rate': 0.0016157038857788472}. Best is trial 1 with value: 120.0937728881836.
[I 2023-12-26 14:29:59,683] Trial 11 finished with value: 863.9216918945312 and parameters: {'gradient_clip_val': 0.15449935079541552, 'hidden_size': 6, 'dropout': 0.4906677012917838, 'hidden_continuous_size': 5, 'attention_head_size': 3, 'learning_rate': 0.0005004764797989885}. Best is trial 1 with value: 120.0937728881836.
[I 2023-12-26 14:30:03,865] Trial 12 finished with value: 784.6366577148438 and parameters: {'gradient_clip_val': 0.3000007540796763, 'hidden_size': 48, 'dropout': 0.4165570751200772, 'hidden_continuous_size': 15, 'attention_head_size': 4, 'learning_rate': 0.0005668034626155848}. Best is trial 1 with value: 120.0937728881836.
