[I 2023-12-16 08:42:24,942] Trial 46 finished with value: 0.07264057546854019 and parameters: {'gradient_clip_val': 0.3810773545988337, 'hidden_size': 19, 'dropout': 0.12622598476025576, 'hidden_continuous_size': 8, 'attention_head_size': 3, 'learning_rate': 0.010419630749427955}. Best is trial 39 with value: 0.03630293533205986.
LOCAL_RANK: 0 - CUDA_VISIBLE_DEVICES: [0]
[I 2023-12-16 08:43:12,355] Trial 47 finished with value: 0.047110795974731445 and parameters: {'gradient_clip_val': 0.5290402403571794, 'hidden_size': 17, 'dropout': 0.10395063992699241, 'hidden_continuous_size': 10, 'attention_head_size': 3, 'learning_rate': 0.01833428334742705}. Best is trial 39 with value: 0.03630293533205986.
LOCAL_RANK: 0 - CUDA_VISIBLE_DEVICES: [0]
[I 2023-12-16 08:44:00,650] Trial 48 finished with value: 0.10139232873916626 and parameters: {'gradient_clip_val': 0.5867512680648701, 'hidden_size': 20, 'dropout': 0.14094121217901362, 'hidden_continuous_size': 5, 'attention_head_size': 4, 'learning_rate': 0.006779760819391849}. Best is trial 39 with value: 0.03630293533205986.
LOCAL_RANK: 0 - CUDA_VISIBLE_DEVICES: [0]
[I 2023-12-16 08:44:47,108] Trial 49 finished with value: 0.0690278634428978 and parameters: {'gradient_clip_val': 0.6652943397506335, 'hidden_size': 14, 'dropout': 0.18350842245079257, 'hidden_continuous_size': 7, 'attention_head_size': 3, 'learning_rate': 0.01276595022798097}. Best is trial 39 with value: 0.03630293533205986.
[I 2023-12-16 08:44:47,201] A new study created in memory with name: no-name-180ff2a0-2b79-4e7e-b504-84629405bf8a
/home/le004/conda/anaconda3/envs/tsff_env/lib/python3.9/site-packages/lightning/fabric/plugins/environments/slurm.py:191: The `srun` command is available on your system but is not used. HINT: If your intention is to run Lightning on SLURM, prepend your python command with `srun` like so: srun python /home/le004/master_thesis/git/TSFusionForecast/code/ ...
LOCAL_RANK: 0 - CUDA_VISIBLE_DEVICES: [0]
[I 2023-12-16 08:45:36,102] Trial 0 finished with value: 0.2166968584060669 and parameters: {'gradient_clip_val': 0.7722279379594195, 'hidden_size': 27, 'dropout': 0.17634361841949014, 'hidden_continuous_size': 11, 'attention_head_size': 1, 'learning_rate': 0.0007244491667334867}. Best is trial 0 with value: 0.2166968584060669.
LOCAL_RANK: 0 - CUDA_VISIBLE_DEVICES: [0]
[I 2023-12-16 08:46:29,408] Trial 1 finished with value: 0.21218156814575195 and parameters: {'gradient_clip_val': 0.14154869338515227, 'hidden_size': 62, 'dropout': 0.1884718806118974, 'hidden_continuous_size': 11, 'attention_head_size': 1, 'learning_rate': 0.0026368304202229603}. Best is trial 1 with value: 0.21218156814575195.
LOCAL_RANK: 0 - CUDA_VISIBLE_DEVICES: [0]
[I 2023-12-16 08:47:15,824] Trial 2 finished with value: 0.16732704639434814 and parameters: {'gradient_clip_val': 0.8579139034504429, 'hidden_size': 11, 'dropout': 0.20602963718101078, 'hidden_continuous_size': 9, 'attention_head_size': 2, 'learning_rate': 0.03485347378130439}. Best is trial 2 with value: 0.16732704639434814.
LOCAL_RANK: 0 - CUDA_VISIBLE_DEVICES: [0]
[I 2023-12-16 08:48:10,483] Trial 3 finished with value: 0.09738945960998535 and parameters: {'gradient_clip_val': 0.29574171873641497, 'hidden_size': 85, 'dropout': 0.1590792247457021, 'hidden_continuous_size': 8, 'attention_head_size': 4, 'learning_rate': 0.014257071063819024}. Best is trial 3 with value: 0.09738945960998535.
LOCAL_RANK: 0 - CUDA_VISIBLE_DEVICES: [0]
[I 2023-12-16 08:48:59,135] Trial 4 finished with value: 0.06668626517057419 and parameters: {'gradient_clip_val': 0.11101792492605392, 'hidden_size': 24, 'dropout': 0.22247184452172747, 'hidden_continuous_size': 9, 'attention_head_size': 4, 'learning_rate': 0.034680037256795596}. Best is trial 4 with value: 0.06668626517057419.
LOCAL_RANK: 0 - CUDA_VISIBLE_DEVICES: [0]
[I 2023-12-16 08:49:48,348] Trial 5 finished with value: 0.08259163796901703 and parameters: {'gradient_clip_val': 0.11792124391022692, 'hidden_size': 30, 'dropout': 0.331254203755949, 'hidden_continuous_size': 12, 'attention_head_size': 2, 'learning_rate': 0.0032686770856593535}. Best is trial 4 with value: 0.06668626517057419.
LOCAL_RANK: 0 - CUDA_VISIBLE_DEVICES: [0]
[I 2023-12-16 08:50:32,552] Trial 6 finished with value: 0.4323159456253052 and parameters: {'gradient_clip_val': 0.3077599886193803, 'hidden_size': 8, 'dropout': 0.1337746202492456, 'hidden_continuous_size': 5, 'attention_head_size': 2, 'learning_rate': 0.002664049728296529}. Best is trial 4 with value: 0.06668626517057419.
LOCAL_RANK: 0 - CUDA_VISIBLE_DEVICES: [0]
[I 2023-12-16 08:51:17,591] Trial 7 finished with value: 0.18677186965942383 and parameters: {'gradient_clip_val': 0.8660000852893378, 'hidden_size': 8, 'dropout': 0.3781269628921279, 'hidden_continuous_size': 6, 'attention_head_size': 4, 'learning_rate': 0.004167461273865562}. Best is trial 4 with value: 0.06668626517057419.
LOCAL_RANK: 0 - CUDA_VISIBLE_DEVICES: [0]
[I 2023-12-16 08:52:07,695] Trial 8 finished with value: 0.1536800116300583 and parameters: {'gradient_clip_val': 0.38819941208357395, 'hidden_size': 34, 'dropout': 0.12766419001839377, 'hidden_continuous_size': 15, 'attention_head_size': 1, 'learning_rate': 0.03537014012406134}. Best is trial 4 with value: 0.06668626517057419.
LOCAL_RANK: 0 - CUDA_VISIBLE_DEVICES: [0]
[I 2023-12-16 08:52:45,215] Trial 9 finished with value: 0.10467108339071274 and parameters: {'gradient_clip_val': 0.6868902681600239, 'hidden_size': 7, 'dropout': 0.12494082763255165, 'hidden_continuous_size': 7, 'attention_head_size': 3, 'learning_rate': 0.019292922988887646}. Best is trial 4 with value: 0.06668626517057419.
LOCAL_RANK: 0 - CUDA_VISIBLE_DEVICES: [0]
[I 2023-12-16 08:53:30,702] Trial 10 finished with value: 0.06587868183851242 and parameters: {'gradient_clip_val': 0.10258350064045642, 'hidden_size': 16, 'dropout': 0.26745413682509606, 'hidden_continuous_size': 5, 'attention_head_size': 3, 'learning_rate': 0.08596620354507004}. Best is trial 10 with value: 0.06587868183851242.
LOCAL_RANK: 0 - CUDA_VISIBLE_DEVICES: [0]
[I 2023-12-16 08:54:17,987] Trial 11 finished with value: 0.13939018547534943 and parameters: {'gradient_clip_val': 0.10087491612607721, 'hidden_size': 17, 'dropout': 0.2526786251603029, 'hidden_continuous_size': 5, 'attention_head_size': 3, 'learning_rate': 0.09082918153387828}. Best is trial 10 with value: 0.06587868183851242.
LOCAL_RANK: 0 - CUDA_VISIBLE_DEVICES: [0]
[I 2023-12-16 08:55:04,459] Trial 12 finished with value: 0.07574815303087234 and parameters: {'gradient_clip_val': 0.15947552604863086, 'hidden_size': 14, 'dropout': 0.2586672080059481, 'hidden_continuous_size': 6, 'attention_head_size': 4, 'learning_rate': 0.09469529266741648}. Best is trial 10 with value: 0.06587868183851242.
LOCAL_RANK: 0 - CUDA_VISIBLE_DEVICES: [0]
[I 2023-12-16 08:55:53,803] Trial 13 finished with value: 0.1248198077082634 and parameters: {'gradient_clip_val': 0.1747472065292496, 'hidden_size': 22, 'dropout': 0.2790197362636224, 'hidden_continuous_size': 20, 'attention_head_size': 3, 'learning_rate': 0.05706182005461999}. Best is trial 10 with value: 0.06587868183851242.
LOCAL_RANK: 0 - CUDA_VISIBLE_DEVICES: [0]
[I 2023-12-16 08:56:40,974] Trial 14 finished with value: 0.20630840957164764 and parameters: {'gradient_clip_val': 0.10633127534804196, 'hidden_size': 13, 'dropout': 0.2342167870051532, 'hidden_continuous_size': 7, 'attention_head_size': 4, 'learning_rate': 0.04007974803478995}. Best is trial 10 with value: 0.06587868183851242.
LOCAL_RANK: 0 - CUDA_VISIBLE_DEVICES: [0]
[I 2023-12-16 08:57:17,938] Trial 15 finished with value: 0.07521983981132507 and parameters: {'gradient_clip_val': 0.20197158889817343, 'hidden_size': 5, 'dropout': 0.2956230009624335, 'hidden_continuous_size': 5, 'attention_head_size': 3, 'learning_rate': 0.016298095414193803}. Best is trial 10 with value: 0.06587868183851242.
LOCAL_RANK: 0 - CUDA_VISIBLE_DEVICES: [0]
[I 2023-12-16 08:58:11,824] Trial 16 finished with value: 0.07553548365831375 and parameters: {'gradient_clip_val': 0.13505984312206581, 'hidden_size': 44, 'dropout': 0.22853458693793158, 'hidden_continuous_size': 37, 'attention_head_size': 4, 'learning_rate': 0.09262214643824754}. Best is trial 10 with value: 0.06587868183851242.
LOCAL_RANK: 0 - CUDA_VISIBLE_DEVICES: [0]
[I 2023-12-16 08:59:00,483] Trial 17 finished with value: 0.09072887897491455 and parameters: {'gradient_clip_val': 0.10030129810343315, 'hidden_size': 21, 'dropout': 0.311852162811282, 'hidden_continuous_size': 8, 'attention_head_size': 3, 'learning_rate': 0.05302731803807232}. Best is trial 10 with value: 0.06587868183851242.
LOCAL_RANK: 0 - CUDA_VISIBLE_DEVICES: [0]
[I 2023-12-16 08:59:47,873] Trial 18 finished with value: 0.06886029988527298 and parameters: {'gradient_clip_val': 0.2052985241139413, 'hidden_size': 17, 'dropout': 0.21656432676509224, 'hidden_continuous_size': 6, 'attention_head_size': 4, 'learning_rate': 0.024527435629753572}. Best is trial 10 with value: 0.06587868183851242.
LOCAL_RANK: 0 - CUDA_VISIBLE_DEVICES: [0]
[I 2023-12-16 09:00:40,282] Trial 19 finished with value: 0.2471247911453247 and parameters: {'gradient_clip_val': 0.12107870901330872, 'hidden_size': 42, 'dropout': 0.26551848950991785, 'hidden_continuous_size': 9, 'attention_head_size': 3, 'learning_rate': 0.009835173298554534}. Best is trial 10 with value: 0.06587868183851242.
LOCAL_RANK: 0 - CUDA_VISIBLE_DEVICES: [0]
[I 2023-12-16 09:01:27,400] Trial 20 finished with value: 0.05123332515358925 and parameters: {'gradient_clip_val': 0.14128719614256507, 'hidden_size': 24, 'dropout': 0.10312495455039017, 'hidden_continuous_size': 5, 'attention_head_size': 2, 'learning_rate': 0.029662456740368062}. Best is trial 20 with value: 0.05123332515358925.
LOCAL_RANK: 0 - CUDA_VISIBLE_DEVICES: [0]
[I 2023-12-16 09:02:15,682] Trial 21 finished with value: 0.14411872625350952 and parameters: {'gradient_clip_val': 0.13245285405161983, 'hidden_size': 23, 'dropout': 0.10159741663309438, 'hidden_continuous_size': 5, 'attention_head_size': 2, 'learning_rate': 0.027195541491699723}. Best is trial 20 with value: 0.05123332515358925.
LOCAL_RANK: 0 - CUDA_VISIBLE_DEVICES: [0]
[I 2023-12-16 09:03:02,203] Trial 22 finished with value: 0.07294488698244095 and parameters: {'gradient_clip_val': 0.15174175694442674, 'hidden_size': 18, 'dropout': 0.2004622294389636, 'hidden_continuous_size': 6, 'attention_head_size': 2, 'learning_rate': 0.057735985223852704}. Best is trial 20 with value: 0.05123332515358925.
LOCAL_RANK: 0 - CUDA_VISIBLE_DEVICES: [0]
[I 2023-12-16 09:03:50,898] Trial 23 finished with value: 0.08435668796300888 and parameters: {'gradient_clip_val': 0.11730197872509202, 'hidden_size': 30, 'dropout': 0.16294387869055516, 'hidden_continuous_size': 5, 'attention_head_size': 2, 'learning_rate': 0.024011074450458317}. Best is trial 20 with value: 0.05123332515358925.
LOCAL_RANK: 0 - CUDA_VISIBLE_DEVICES: [0]
[I 2023-12-16 09:04:35,783] Trial 24 finished with value: 0.05010286346077919 and parameters: {'gradient_clip_val': 0.10046922210055732, 'hidden_size': 12, 'dropout': 0.22849426039841544, 'hidden_continuous_size': 5, 'attention_head_size': 3, 'learning_rate': 0.047756304211622344}. Best is trial 24 with value: 0.05010286346077919.
LOCAL_RANK: 0 - CUDA_VISIBLE_DEVICES: [0]
[I 2023-12-16 09:05:22,245] Trial 25 finished with value: 0.09805237501859665 and parameters: {'gradient_clip_val': 0.10069277502498976, 'hidden_size': 15, 'dropout': 0.23890272779932178, 'hidden_continuous_size': 5, 'attention_head_size': 3, 'learning_rate': 0.06557714078632697}. Best is trial 24 with value: 0.05010286346077919.
LOCAL_RANK: 0 - CUDA_VISIBLE_DEVICES: [0]
[I 2023-12-16 09:06:08,253] Trial 26 finished with value: 0.07088042050600052 and parameters: {'gradient_clip_val': 0.1401734685297116, 'hidden_size': 11, 'dropout': 0.1840177338714562, 'hidden_continuous_size': 5, 'attention_head_size': 3, 'learning_rate': 0.05052292057997634}. Best is trial 24 with value: 0.05010286346077919.
LOCAL_RANK: 0 - CUDA_VISIBLE_DEVICES: [0]
[I 2023-12-16 09:06:53,667] Trial 27 finished with value: 0.0756426751613617 and parameters: {'gradient_clip_val': 0.17937430346744637, 'hidden_size': 11, 'dropout': 0.10058106225398453, 'hidden_continuous_size': 6, 'attention_head_size': 2, 'learning_rate': 0.01131141384864728}. Best is trial 24 with value: 0.05010286346077919.
LOCAL_RANK: 0 - CUDA_VISIBLE_DEVICES: [0]
[I 2023-12-16 09:07:41,373] Trial 28 finished with value: 0.0969356894493103 and parameters: {'gradient_clip_val': 0.12751310981347172, 'hidden_size': 20, 'dropout': 0.2801466407948982, 'hidden_continuous_size': 7, 'attention_head_size': 3, 'learning_rate': 0.07754760215758408}. Best is trial 24 with value: 0.05010286346077919.
LOCAL_RANK: 0 - CUDA_VISIBLE_DEVICES: [0]
[I 2023-12-16 09:08:29,949] Trial 29 finished with value: 0.09169895201921463 and parameters: {'gradient_clip_val': 0.16066806220494928, 'hidden_size': 26, 'dropout': 0.1895048499063004, 'hidden_continuous_size': 6, 'attention_head_size': 1, 'learning_rate': 0.04155901558360084}. Best is trial 24 with value: 0.05010286346077919.
LOCAL_RANK: 0 - CUDA_VISIBLE_DEVICES: [0]
[I 2023-12-16 09:09:15,277] Trial 30 finished with value: 0.08213112503290176 and parameters: {'gradient_clip_val': 0.12007614296320955, 'hidden_size': 16, 'dropout': 0.17106511638798158, 'hidden_continuous_size': 5, 'attention_head_size': 2, 'learning_rate': 0.07255452296277524}. Best is trial 24 with value: 0.05010286346077919.
LOCAL_RANK: 0 - CUDA_VISIBLE_DEVICES: [0]
[I 2023-12-16 09:10:04,816] Trial 31 finished with value: 0.07550681382417679 and parameters: {'gradient_clip_val': 0.11555604164671025, 'hidden_size': 25, 'dropout': 0.22919997966900202, 'hidden_continuous_size': 7, 'attention_head_size': 4, 'learning_rate': 0.0371689927742469}. Best is trial 24 with value: 0.05010286346077919.
LOCAL_RANK: 0 - CUDA_VISIBLE_DEVICES: [0]
[I 2023-12-16 09:10:52,095] Trial 32 finished with value: 0.05119529366493225 and parameters: {'gradient_clip_val': 0.10021501745022761, 'hidden_size': 19, 'dropout': 0.22061791615138376, 'hidden_continuous_size': 6, 'attention_head_size': 3, 'learning_rate': 0.03099783821879336}. Best is trial 24 with value: 0.05010286346077919.
LOCAL_RANK: 0 - CUDA_VISIBLE_DEVICES: [0]
[I 2023-12-16 09:11:39,047] Trial 33 finished with value: 0.1995640993118286 and parameters: {'gradient_clip_val': 0.13672825413496686, 'hidden_size': 13, 'dropout': 0.20715683521591985, 'hidden_continuous_size': 5, 'attention_head_size': 3, 'learning_rate': 0.0249149813682768}. Best is trial 24 with value: 0.05010286346077919.
LOCAL_RANK: 0 - CUDA_VISIBLE_DEVICES: [0]
[I 2023-12-16 09:12:26,859] Trial 34 finished with value: 0.2075420618057251 and parameters: {'gradient_clip_val': 0.10430801076897772, 'hidden_size': 19, 'dropout': 0.2446740854891091, 'hidden_continuous_size': 6, 'attention_head_size': 3, 'learning_rate': 0.001136797136895995}. Best is trial 24 with value: 0.05010286346077919.
LOCAL_RANK: 0 - CUDA_VISIBLE_DEVICES: [0]
[I 2023-12-16 09:13:12,518] Trial 35 finished with value: 0.298708975315094 and parameters: {'gradient_clip_val': 0.14495363009650183, 'hidden_size': 20, 'dropout': 0.202680121042763, 'hidden_continuous_size': 5, 'attention_head_size': 1, 'learning_rate': 0.048645955688791306}. Best is trial 24 with value: 0.05010286346077919.
LOCAL_RANK: 0 - CUDA_VISIBLE_DEVICES: [0]
[I 2023-12-16 09:13:58,647] Trial 36 finished with value: 0.0536981038749218 and parameters: {'gradient_clip_val': 0.11900980270563463, 'hidden_size': 14, 'dropout': 0.14976741690770495, 'hidden_continuous_size': 5, 'attention_head_size': 3, 'learning_rate': 0.030016541875541515}. Best is trial 24 with value: 0.05010286346077919.
LOCAL_RANK: 0 - CUDA_VISIBLE_DEVICES: [0]
[I 2023-12-16 09:14:44,331] Trial 37 finished with value: 0.04935513064265251 and parameters: {'gradient_clip_val': 0.1261907345287094, 'hidden_size': 11, 'dropout': 0.14668759894175437, 'hidden_continuous_size': 6, 'attention_head_size': 2, 'learning_rate': 0.018731540112620734}. Best is trial 37 with value: 0.04935513064265251.
LOCAL_RANK: 0 - CUDA_VISIBLE_DEVICES: [0]
[I 2023-12-16 09:15:30,019] Trial 38 finished with value: 0.05474718287587166 and parameters: {'gradient_clip_val': 0.12972865873402167, 'hidden_size': 10, 'dropout': 0.14935100917320498, 'hidden_continuous_size': 6, 'attention_head_size': 2, 'learning_rate': 0.01682766433182303}. Best is trial 37 with value: 0.04935513064265251.
LOCAL_RANK: 0 - CUDA_VISIBLE_DEVICES: [0]
[I 2023-12-16 09:16:14,367] Trial 39 finished with value: 0.05470067262649536 and parameters: {'gradient_clip_val': 0.1509943924366119, 'hidden_size': 12, 'dropout': 0.17705016378399036, 'hidden_continuous_size': 6, 'attention_head_size': 2, 'learning_rate': 0.020184343308922333}. Best is trial 37 with value: 0.04935513064265251.
LOCAL_RANK: 0 - CUDA_VISIBLE_DEVICES: [0]
[I 2023-12-16 09:16:59,879] Trial 40 finished with value: 0.0762982964515686 and parameters: {'gradient_clip_val': 0.11352829222879626, 'hidden_size': 10, 'dropout': 0.14548364943196984, 'hidden_continuous_size': 6, 'attention_head_size': 1, 'learning_rate': 0.013499502412316369}. Best is trial 37 with value: 0.04935513064265251.
LOCAL_RANK: 0 - CUDA_VISIBLE_DEVICES: [0]
[I 2023-12-16 09:17:46,073] Trial 41 finished with value: 0.1582714319229126 and parameters: {'gradient_clip_val': 0.11606225907547243, 'hidden_size': 14, 'dropout': 0.11671860151768691, 'hidden_continuous_size': 5, 'attention_head_size': 2, 'learning_rate': 0.030672251655445994}. Best is trial 37 with value: 0.04935513064265251.
LOCAL_RANK: 0 - CUDA_VISIBLE_DEVICES: [0]
[I 2023-12-16 09:18:32,314] Trial 42 finished with value: 0.11556652933359146 and parameters: {'gradient_clip_val': 0.12773707019216407, 'hidden_size': 15, 'dropout': 0.1435458625564091, 'hidden_continuous_size': 5, 'attention_head_size': 2, 'learning_rate': 0.03551828813626779}. Best is trial 37 with value: 0.04935513064265251.
LOCAL_RANK: 0 - CUDA_VISIBLE_DEVICES: [0]
[I 2023-12-16 09:19:18,471] Trial 43 finished with value: 0.11325231939554214 and parameters: {'gradient_clip_val': 0.11391246757516207, 'hidden_size': 9, 'dropout': 0.15985375822119258, 'hidden_continuous_size': 5, 'attention_head_size': 3, 'learning_rate': 0.029747455992628173}. Best is trial 37 with value: 0.04935513064265251.
LOCAL_RANK: 0 - CUDA_VISIBLE_DEVICES: [0]
[I 2023-12-16 09:20:03,191] Trial 44 finished with value: 0.07213491946458817 and parameters: {'gradient_clip_val': 0.1435711823205821, 'hidden_size': 12, 'dropout': 0.13615694271390483, 'hidden_continuous_size': 6, 'attention_head_size': 3, 'learning_rate': 0.021013558269293103}. Best is trial 37 with value: 0.04935513064265251.
LOCAL_RANK: 0 - CUDA_VISIBLE_DEVICES: [0]
[I 2023-12-16 09:20:49,825] Trial 45 finished with value: 0.05284544825553894 and parameters: {'gradient_clip_val': 0.11077286476487813, 'hidden_size': 14, 'dropout': 0.12442177446217528, 'hidden_continuous_size': 7, 'attention_head_size': 2, 'learning_rate': 0.008005464692730585}. Best is trial 37 with value: 0.04935513064265251.
LOCAL_RANK: 0 - CUDA_VISIBLE_DEVICES: [0]
[I 2023-12-16 09:21:37,314] Trial 46 finished with value: 0.09347508102655411 and parameters: {'gradient_clip_val': 0.10634568859364, 'hidden_size': 18, 'dropout': 0.11881460504714032, 'hidden_continuous_size': 7, 'attention_head_size': 2, 'learning_rate': 0.007442991216109089}. Best is trial 37 with value: 0.04935513064265251.
LOCAL_RANK: 0 - CUDA_VISIBLE_DEVICES: [0]
[I 2023-12-16 09:22:25,712] Trial 47 finished with value: 0.17922651767730713 and parameters: {'gradient_clip_val': 0.10005073648527346, 'hidden_size': 28, 'dropout': 0.12756102826639643, 'hidden_continuous_size': 8, 'attention_head_size': 2, 'learning_rate': 0.013354262308741587}. Best is trial 37 with value: 0.04935513064265251.
LOCAL_RANK: 0 - CUDA_VISIBLE_DEVICES: [0]
[I 2023-12-16 09:23:14,085] Trial 48 finished with value: 0.1975976675748825 and parameters: {'gradient_clip_val': 0.13109178897180887, 'hidden_size': 23, 'dropout': 0.10795207367451193, 'hidden_continuous_size': 7, 'attention_head_size': 1, 'learning_rate': 0.008104846879958754}. Best is trial 37 with value: 0.04935513064265251.
LOCAL_RANK: 0 - CUDA_VISIBLE_DEVICES: [0]
[I 2023-12-16 09:23:59,349] Trial 49 finished with value: 0.05387048423290253 and parameters: {'gradient_clip_val': 0.1703612688302336, 'hidden_size': 16, 'dropout': 0.11327902614166596, 'hidden_continuous_size': 7, 'attention_head_size': 2, 'learning_rate': 0.004881007102199299}. Best is trial 37 with value: 0.04935513064265251.
[I 2023-12-16 09:23:59,455] A new study created in memory with name: no-name-ce4d85a9-8657-4dfe-bb13-9134ee6160fa
/home/le004/conda/anaconda3/envs/tsff_env/lib/python3.9/site-packages/lightning/fabric/plugins/environments/slurm.py:191: The `srun` command is available on your system but is not used. HINT: If your intention is to run Lightning on SLURM, prepend your python command with `srun` like so: srun python /home/le004/master_thesis/git/TSFusionForecast/code/ ...
LOCAL_RANK: 0 - CUDA_VISIBLE_DEVICES: [0]
[I 2023-12-16 09:24:54,564] Trial 0 finished with value: 0.18989424407482147 and parameters: {'gradient_clip_val': 0.2785110609268136, 'hidden_size': 98, 'dropout': 0.3818901887091931, 'hidden_continuous_size': 26, 'attention_head_size': 1, 'learning_rate': 0.0009129059888515328}. Best is trial 0 with value: 0.18989424407482147.
LOCAL_RANK: 0 - CUDA_VISIBLE_DEVICES: [0]
[I 2023-12-16 09:25:30,960] Trial 1 finished with value: 0.19510607421398163 and parameters: {'gradient_clip_val': 0.7862550633227136, 'hidden_size': 8, 'dropout': 0.13976495618809828, 'hidden_continuous_size': 8, 'attention_head_size': 4, 'learning_rate': 0.0705308922398972}. Best is trial 0 with value: 0.18989424407482147.
LOCAL_RANK: 0 - CUDA_VISIBLE_DEVICES: [0]
