[I 2023-12-15 17:48:07,890] Trial 11 finished with value: 0.04423345625400543 and parameters: {'gradient_clip_val': 0.8671730963001875, 'hidden_size': 31, 'dropout': 0.20334109978810963, 'hidden_continuous_size': 29, 'attention_head_size': 3, 'learning_rate': 0.008398161813912645}. Best is trial 8 with value: 0.03143206238746643.
LOCAL_RANK: 0 - CUDA_VISIBLE_DEVICES: [0]
[I 2023-12-15 17:48:52,940] Trial 12 finished with value: 0.041043974459171295 and parameters: {'gradient_clip_val': 0.9181549682798731, 'hidden_size': 9, 'dropout': 0.2206463890274417, 'hidden_continuous_size': 6, 'attention_head_size': 1, 'learning_rate': 0.010462636672780778}. Best is trial 8 with value: 0.03143206238746643.
LOCAL_RANK: 0 - CUDA_VISIBLE_DEVICES: [0]
[I 2023-12-15 17:49:40,661] Trial 13 finished with value: 0.04800892993807793 and parameters: {'gradient_clip_val': 0.6005658304912714, 'hidden_size': 19, 'dropout': 0.175524603202379, 'hidden_continuous_size': 7, 'attention_head_size': 3, 'learning_rate': 0.003720924054890719}. Best is trial 8 with value: 0.03143206238746643.
LOCAL_RANK: 0 - CUDA_VISIBLE_DEVICES: [0]
[I 2023-12-15 17:50:30,643] Trial 14 finished with value: 0.034552495926618576 and parameters: {'gradient_clip_val': 0.2251518278238878, 'hidden_size': 40, 'dropout': 0.2630942090494115, 'hidden_continuous_size': 9, 'attention_head_size': 2, 'learning_rate': 0.015661840638978203}. Best is trial 8 with value: 0.03143206238746643.
LOCAL_RANK: 0 - CUDA_VISIBLE_DEVICES: [0]
[I 2023-12-15 17:51:23,107] Trial 15 finished with value: 0.037890058010816574 and parameters: {'gradient_clip_val': 0.24578897075614745, 'hidden_size': 42, 'dropout': 0.2744892122972937, 'hidden_continuous_size': 10, 'attention_head_size': 3, 'learning_rate': 0.022592336679660128}. Best is trial 8 with value: 0.03143206238746643.
LOCAL_RANK: 0 - CUDA_VISIBLE_DEVICES: [0]
[I 2023-12-15 17:52:14,159] Trial 16 finished with value: 0.04605455324053764 and parameters: {'gradient_clip_val': 0.21048917398191777, 'hidden_size': 41, 'dropout': 0.34472024273829166, 'hidden_continuous_size': 10, 'attention_head_size': 1, 'learning_rate': 0.08397132517563777}. Best is trial 8 with value: 0.03143206238746643.
LOCAL_RANK: 0 - CUDA_VISIBLE_DEVICES: [0]
[I 2023-12-15 17:53:02,737] Trial 17 finished with value: 0.033349696546792984 and parameters: {'gradient_clip_val': 0.21127193757059098, 'hidden_size': 23, 'dropout': 0.29255275607827214, 'hidden_continuous_size': 8, 'attention_head_size': 2, 'learning_rate': 0.015454182758015206}. Best is trial 8 with value: 0.03143206238746643.
LOCAL_RANK: 0 - CUDA_VISIBLE_DEVICES: [0]
[I 2023-12-15 17:53:51,488] Trial 18 finished with value: 0.03897169977426529 and parameters: {'gradient_clip_val': 0.17627439283470442, 'hidden_size': 21, 'dropout': 0.2959253471286404, 'hidden_continuous_size': 8, 'attention_head_size': 3, 'learning_rate': 0.034037953328268894}. Best is trial 8 with value: 0.03143206238746643.
LOCAL_RANK: 0 - CUDA_VISIBLE_DEVICES: [0]
[I 2023-12-15 17:54:40,500] Trial 19 finished with value: 0.03281809762120247 and parameters: {'gradient_clip_val': 0.3212175002143158, 'hidden_size': 25, 'dropout': 0.3536624684667527, 'hidden_continuous_size': 12, 'attention_head_size': 2, 'learning_rate': 0.06840907668944893}. Best is trial 8 with value: 0.03143206238746643.
LOCAL_RANK: 0 - CUDA_VISIBLE_DEVICES: [0]
[I 2023-12-15 17:55:26,600] Trial 20 finished with value: 0.03959080949425697 and parameters: {'gradient_clip_val': 0.3781266459365353, 'hidden_size': 11, 'dropout': 0.3620191104407678, 'hidden_continuous_size': 7, 'attention_head_size': 3, 'learning_rate': 0.060712170570204047}. Best is trial 8 with value: 0.03143206238746643.
LOCAL_RANK: 0 - CUDA_VISIBLE_DEVICES: [0]
[I 2023-12-15 17:56:15,423] Trial 21 finished with value: 0.0326714813709259 and parameters: {'gradient_clip_val': 0.2715318034604001, 'hidden_size': 22, 'dropout': 0.3407377396560061, 'hidden_continuous_size': 12, 'attention_head_size': 2, 'learning_rate': 0.025988465800659714}. Best is trial 8 with value: 0.03143206238746643.
LOCAL_RANK: 0 - CUDA_VISIBLE_DEVICES: [0]
[I 2023-12-15 17:57:03,448] Trial 22 finished with value: 0.03761295601725578 and parameters: {'gradient_clip_val': 0.3091772559489432, 'hidden_size': 18, 'dropout': 0.33753893152398073, 'hidden_continuous_size': 12, 'attention_head_size': 2, 'learning_rate': 0.07057883582827955}. Best is trial 8 with value: 0.03143206238746643.
LOCAL_RANK: 0 - CUDA_VISIBLE_DEVICES: [0]
[I 2023-12-15 17:57:52,077] Trial 23 finished with value: 0.040880944579839706 and parameters: {'gradient_clip_val': 0.25579645721715666, 'hidden_size': 26, 'dropout': 0.36089739470429344, 'hidden_continuous_size': 12, 'attention_head_size': 1, 'learning_rate': 0.0965930013886049}. Best is trial 8 with value: 0.03143206238746643.
LOCAL_RANK: 0 - CUDA_VISIBLE_DEVICES: [0]
[I 2023-12-15 17:58:40,770] Trial 24 finished with value: 0.03484993427991867 and parameters: {'gradient_clip_val': 0.32374131961846503, 'hidden_size': 19, 'dropout': 0.32535448444732956, 'hidden_continuous_size': 12, 'attention_head_size': 2, 'learning_rate': 0.028421058438727147}. Best is trial 8 with value: 0.03143206238746643.
LOCAL_RANK: 0 - CUDA_VISIBLE_DEVICES: [0]
[I 2023-12-15 17:59:30,518] Trial 25 finished with value: 0.0425235778093338 and parameters: {'gradient_clip_val': 0.2605283056179016, 'hidden_size': 31, 'dropout': 0.39859791240754605, 'hidden_continuous_size': 14, 'attention_head_size': 3, 'learning_rate': 0.04730136234866004}. Best is trial 8 with value: 0.03143206238746643.
LOCAL_RANK: 0 - CUDA_VISIBLE_DEVICES: [0]
[I 2023-12-15 18:00:16,711] Trial 26 finished with value: 0.041614461690187454 and parameters: {'gradient_clip_val': 0.20256969690263765, 'hidden_size': 14, 'dropout': 0.3638369195885422, 'hidden_continuous_size': 9, 'attention_head_size': 2, 'learning_rate': 0.05924050676383399}. Best is trial 8 with value: 0.03143206238746643.
LOCAL_RANK: 0 - CUDA_VISIBLE_DEVICES: [0]
[I 2023-12-15 18:01:05,237] Trial 27 finished with value: 0.031570371240377426 and parameters: {'gradient_clip_val': 0.3152936934309051, 'hidden_size': 22, 'dropout': 0.3432053231539379, 'hidden_continuous_size': 15, 'attention_head_size': 1, 'learning_rate': 0.030738192560269294}. Best is trial 8 with value: 0.03143206238746643.
LOCAL_RANK: 0 - CUDA_VISIBLE_DEVICES: [0]
[I 2023-12-15 18:01:53,164] Trial 28 finished with value: 0.0418534129858017 and parameters: {'gradient_clip_val': 0.24139432305335443, 'hidden_size': 18, 'dropout': 0.3769648672975616, 'hidden_continuous_size': 15, 'attention_head_size': 1, 'learning_rate': 0.02617087461786201}. Best is trial 8 with value: 0.03143206238746643.
LOCAL_RANK: 0 - CUDA_VISIBLE_DEVICES: [0]
[I 2023-12-15 18:02:36,753] Trial 29 finished with value: 0.03738115727901459 and parameters: {'gradient_clip_val': 0.28215313497823913, 'hidden_size': 12, 'dropout': 0.32228246250712556, 'hidden_continuous_size': 6, 'attention_head_size': 1, 'learning_rate': 0.0374966239148585}. Best is trial 8 with value: 0.03143206238746643.
LOCAL_RANK: 0 - CUDA_VISIBLE_DEVICES: [0]
[I 2023-12-15 18:03:22,996] Trial 30 finished with value: 0.028549304232001305 and parameters: {'gradient_clip_val': 0.19407081646172358, 'hidden_size': 15, 'dropout': 0.34245441562995826, 'hidden_continuous_size': 13, 'attention_head_size': 1, 'learning_rate': 0.04591998529401793}. Best is trial 30 with value: 0.028549304232001305.
LOCAL_RANK: 0 - CUDA_VISIBLE_DEVICES: [0]
[I 2023-12-15 18:04:08,507] Trial 31 finished with value: 0.0323696993291378 and parameters: {'gradient_clip_val': 0.17034846372729648, 'hidden_size': 16, 'dropout': 0.336091135609231, 'hidden_continuous_size': 14, 'attention_head_size': 1, 'learning_rate': 0.04862233640886932}. Best is trial 30 with value: 0.028549304232001305.
LOCAL_RANK: 0 - CUDA_VISIBLE_DEVICES: [0]
[I 2023-12-15 18:04:41,871] Trial 32 finished with value: 0.028527161106467247 and parameters: {'gradient_clip_val': 0.1897295990560188, 'hidden_size': 16, 'dropout': 0.3199492396905053, 'hidden_continuous_size': 16, 'attention_head_size': 1, 'learning_rate': 0.04788217233675109}. Best is trial 32 with value: 0.028527161106467247.
LOCAL_RANK: 0 - CUDA_VISIBLE_DEVICES: [0]
[I 2023-12-15 18:05:16,166] Trial 33 finished with value: 0.0399605818092823 and parameters: {'gradient_clip_val': 0.18971552425034574, 'hidden_size': 14, 'dropout': 0.3104939508006971, 'hidden_continuous_size': 14, 'attention_head_size': 1, 'learning_rate': 0.04146253126248237}. Best is trial 32 with value: 0.028527161106467247.
LOCAL_RANK: 0 - CUDA_VISIBLE_DEVICES: [0]
[I 2023-12-15 18:06:00,275] Trial 34 finished with value: 0.055663298815488815 and parameters: {'gradient_clip_val': 0.14229617917376186, 'hidden_size': 12, 'dropout': 0.37525918427104465, 'hidden_continuous_size': 11, 'attention_head_size': 1, 'learning_rate': 0.03632487464079031}. Best is trial 32 with value: 0.028527161106467247.
LOCAL_RANK: 0 - CUDA_VISIBLE_DEVICES: [0]
[I 2023-12-15 18:06:48,570] Trial 35 finished with value: 0.04081081598997116 and parameters: {'gradient_clip_val': 0.19190400863727963, 'hidden_size': 18, 'dropout': 0.3132260691842589, 'hidden_continuous_size': 17, 'attention_head_size': 1, 'learning_rate': 0.055773561138615826}. Best is trial 32 with value: 0.028527161106467247.
LOCAL_RANK: 0 - CUDA_VISIBLE_DEVICES: [0]
[I 2023-12-15 18:07:33,323] Trial 36 finished with value: 0.04310215637087822 and parameters: {'gradient_clip_val': 0.14987689976223634, 'hidden_size': 10, 'dropout': 0.28694530510813576, 'hidden_continuous_size': 6, 'attention_head_size': 1, 'learning_rate': 0.07124963098286675}. Best is trial 32 with value: 0.028527161106467247.
LOCAL_RANK: 0 - CUDA_VISIBLE_DEVICES: [0]
[I 2023-12-15 18:08:19,114] Trial 37 finished with value: 0.03511347621679306 and parameters: {'gradient_clip_val': 0.13730276777023329, 'hidden_size': 14, 'dropout': 0.3329906602996345, 'hidden_continuous_size': 13, 'attention_head_size': 1, 'learning_rate': 0.03821222723796357}. Best is trial 32 with value: 0.028527161106467247.
LOCAL_RANK: 0 - CUDA_VISIBLE_DEVICES: [0]
[I 2023-12-15 18:08:53,651] Trial 38 finished with value: 0.06421505659818649 and parameters: {'gradient_clip_val': 0.16041370305291966, 'hidden_size': 16, 'dropout': 0.3095564595156785, 'hidden_continuous_size': 16, 'attention_head_size': 4, 'learning_rate': 0.028882583943343153}. Best is trial 32 with value: 0.028527161106467247.
LOCAL_RANK: 0 - CUDA_VISIBLE_DEVICES: [0]
[I 2023-12-15 18:09:37,058] Trial 39 finished with value: 0.0505499541759491 and parameters: {'gradient_clip_val': 0.2351045454298769, 'hidden_size': 12, 'dropout': 0.3483830340762123, 'hidden_continuous_size': 5, 'attention_head_size': 1, 'learning_rate': 0.020046590834214374}. Best is trial 32 with value: 0.028527161106467247.
LOCAL_RANK: 0 - CUDA_VISIBLE_DEVICES: [0]
[I 2023-12-15 18:10:21,245] Trial 40 finished with value: 0.03496276214718819 and parameters: {'gradient_clip_val': 0.1230682297500346, 'hidden_size': 8, 'dropout': 0.38438512669326014, 'hidden_continuous_size': 5, 'attention_head_size': 3, 'learning_rate': 0.09651326978429238}. Best is trial 32 with value: 0.028527161106467247.
LOCAL_RANK: 0 - CUDA_VISIBLE_DEVICES: [0]
[I 2023-12-15 18:10:54,411] Trial 41 finished with value: 0.051060665398836136 and parameters: {'gradient_clip_val': 0.18216465257797265, 'hidden_size': 16, 'dropout': 0.3299246948225849, 'hidden_continuous_size': 16, 'attention_head_size': 1, 'learning_rate': 0.04987966182029111}. Best is trial 32 with value: 0.028527161106467247.
LOCAL_RANK: 0 - CUDA_VISIBLE_DEVICES: [0]
[I 2023-12-15 18:11:39,597] Trial 42 finished with value: 0.03159470483660698 and parameters: {'gradient_clip_val': 0.16285703814213787, 'hidden_size': 16, 'dropout': 0.34757904297741926, 'hidden_continuous_size': 14, 'attention_head_size': 1, 'learning_rate': 0.043639324222333804}. Best is trial 32 with value: 0.028527161106467247.
LOCAL_RANK: 0 - CUDA_VISIBLE_DEVICES: [0]
[I 2023-12-15 18:12:28,045] Trial 43 finished with value: 0.03471961244940758 and parameters: {'gradient_clip_val': 0.16138132173008876, 'hidden_size': 21, 'dropout': 0.3696568779927877, 'hidden_continuous_size': 18, 'attention_head_size': 1, 'learning_rate': 0.03208986761113968}. Best is trial 32 with value: 0.028527161106467247.
LOCAL_RANK: 0 - CUDA_VISIBLE_DEVICES: [0]
[I 2023-12-15 18:13:13,789] Trial 44 finished with value: 0.033579278737306595 and parameters: {'gradient_clip_val': 0.206597780112566, 'hidden_size': 14, 'dropout': 0.34389273031699974, 'hidden_continuous_size': 13, 'attention_head_size': 1, 'learning_rate': 0.043063719452682225}. Best is trial 32 with value: 0.028527161106467247.
LOCAL_RANK: 0 - CUDA_VISIBLE_DEVICES: [0]
[I 2023-12-15 18:13:58,541] Trial 45 finished with value: 0.03866603970527649 and parameters: {'gradient_clip_val': 0.22626671590302386, 'hidden_size': 10, 'dropout': 0.35291812868686073, 'hidden_continuous_size': 6, 'attention_head_size': 1, 'learning_rate': 0.07555039752650547}. Best is trial 32 with value: 0.028527161106467247.
LOCAL_RANK: 0 - CUDA_VISIBLE_DEVICES: [0]
[I 2023-12-15 18:14:47,030] Trial 46 finished with value: 0.0468997023999691 and parameters: {'gradient_clip_val': 0.17860773445640155, 'hidden_size': 28, 'dropout': 0.3879367249096875, 'hidden_continuous_size': 19, 'attention_head_size': 2, 'learning_rate': 0.05962794503236278}. Best is trial 32 with value: 0.028527161106467247.
LOCAL_RANK: 0 - CUDA_VISIBLE_DEVICES: [0]
[I 2023-12-15 18:15:34,099] Trial 47 finished with value: 0.031513407826423645 and parameters: {'gradient_clip_val': 0.12387728351363132, 'hidden_size': 20, 'dropout': 0.31693033134283166, 'hidden_continuous_size': 11, 'attention_head_size': 1, 'learning_rate': 0.023100269564273773}. Best is trial 32 with value: 0.028527161106467247.
LOCAL_RANK: 0 - CUDA_VISIBLE_DEVICES: [0]
[I 2023-12-15 18:16:23,335] Trial 48 finished with value: 0.04334230348467827 and parameters: {'gradient_clip_val': 0.10888927293625056, 'hidden_size': 21, 'dropout': 0.3209104899506826, 'hidden_continuous_size': 11, 'attention_head_size': 4, 'learning_rate': 0.015225260800885543}. Best is trial 32 with value: 0.028527161106467247.
LOCAL_RANK: 0 - CUDA_VISIBLE_DEVICES: [0]
[I 2023-12-15 18:17:11,538] Trial 49 finished with value: 0.03682202845811844 and parameters: {'gradient_clip_val': 0.1246980096289404, 'hidden_size': 19, 'dropout': 0.2978407207576379, 'hidden_continuous_size': 11, 'attention_head_size': 2, 'learning_rate': 0.023143415609566505}. Best is trial 32 with value: 0.028527161106467247.
[I 2023-12-15 18:17:11,633] A new study created in memory with name: no-name-3418e046-b219-4137-8419-941a87a306d5
/home/le004/conda/anaconda3/envs/tsff_env/lib/python3.9/site-packages/lightning/fabric/plugins/environments/slurm.py:191: The `srun` command is available on your system but is not used. HINT: If your intention is to run Lightning on SLURM, prepend your python command with `srun` like so: srun python /home/le004/master_thesis/git/TSFusionForecast/code/ ...
LOCAL_RANK: 0 - CUDA_VISIBLE_DEVICES: [0]
[I 2023-12-15 18:18:06,377] Trial 0 finished with value: 51.97930908203125 and parameters: {'gradient_clip_val': 0.3930402605048301, 'hidden_size': 97, 'dropout': 0.37699145405683177, 'hidden_continuous_size': 32, 'attention_head_size': 1, 'learning_rate': 0.002387709626300732}. Best is trial 0 with value: 51.97930908203125.
LOCAL_RANK: 0 - CUDA_VISIBLE_DEVICES: [0]
[I 2023-12-15 18:19:03,827] Trial 1 finished with value: 46.18153381347656 and parameters: {'gradient_clip_val': 0.3487562405579021, 'hidden_size': 95, 'dropout': 0.1390785354817753, 'hidden_continuous_size': 81, 'attention_head_size': 1, 'learning_rate': 0.002622702251704238}. Best is trial 1 with value: 46.18153381347656.
LOCAL_RANK: 0 - CUDA_VISIBLE_DEVICES: [0]
[I 2023-12-15 18:19:59,962] Trial 2 finished with value: 27.30735206604004 and parameters: {'gradient_clip_val': 0.7778981609594283, 'hidden_size': 93, 'dropout': 0.3615520252516067, 'hidden_continuous_size': 57, 'attention_head_size': 1, 'learning_rate': 0.0350992933716091}. Best is trial 2 with value: 27.30735206604004.
LOCAL_RANK: 0 - CUDA_VISIBLE_DEVICES: [0]
[I 2023-12-15 18:20:45,779] Trial 3 finished with value: 20.48714828491211 and parameters: {'gradient_clip_val': 0.12873900293126128, 'hidden_size': 10, 'dropout': 0.2781553508265824, 'hidden_continuous_size': 6, 'attention_head_size': 3, 'learning_rate': 0.0008537353926666543}. Best is trial 3 with value: 20.48714828491211.
LOCAL_RANK: 0 - CUDA_VISIBLE_DEVICES: [0]
[I 2023-12-15 18:21:31,372] Trial 4 finished with value: 52.61814498901367 and parameters: {'gradient_clip_val': 0.18628866982046915, 'hidden_size': 10, 'dropout': 0.11371708111147572, 'hidden_continuous_size': 5, 'attention_head_size': 3, 'learning_rate': 0.023166316690719137}. Best is trial 3 with value: 20.48714828491211.
LOCAL_RANK: 0 - CUDA_VISIBLE_DEVICES: [0]
[I 2023-12-15 18:22:24,818] Trial 5 finished with value: 27.835914611816406 and parameters: {'gradient_clip_val': 0.21395762371074556, 'hidden_size': 43, 'dropout': 0.12266514555582371, 'hidden_continuous_size': 14, 'attention_head_size': 4, 'learning_rate': 0.0005479359638471803}. Best is trial 3 with value: 20.48714828491211.
LOCAL_RANK: 0 - CUDA_VISIBLE_DEVICES: [0]
[I 2023-12-15 18:23:19,332] Trial 6 finished with value: 22.587066650390625 and parameters: {'gradient_clip_val': 0.18757681831823148, 'hidden_size': 58, 'dropout': 0.12106338161862627, 'hidden_continuous_size': 37, 'attention_head_size': 4, 'learning_rate': 0.0038483603880940217}. Best is trial 3 with value: 20.48714828491211.
LOCAL_RANK: 0 - CUDA_VISIBLE_DEVICES: [0]
[I 2023-12-15 18:24:11,375] Trial 7 finished with value: 35.78655242919922 and parameters: {'gradient_clip_val': 0.7539592199283759, 'hidden_size': 29, 'dropout': 0.3898861289308022, 'hidden_continuous_size': 23, 'attention_head_size': 3, 'learning_rate': 0.018884839684581226}. Best is trial 3 with value: 20.48714828491211.
LOCAL_RANK: 0 - CUDA_VISIBLE_DEVICES: [0]
[I 2023-12-15 18:25:01,780] Trial 8 finished with value: 29.563751220703125 and parameters: {'gradient_clip_val': 0.10568737732467755, 'hidden_size': 56, 'dropout': 0.19451168621230164, 'hidden_continuous_size': 5, 'attention_head_size': 2, 'learning_rate': 0.06211868484861332}. Best is trial 3 with value: 20.48714828491211.
LOCAL_RANK: 0 - CUDA_VISIBLE_DEVICES: [0]
[I 2023-12-15 18:25:55,906] Trial 9 finished with value: 65.20406341552734 and parameters: {'gradient_clip_val': 0.11312616807437285, 'hidden_size': 82, 'dropout': 0.11285712241508923, 'hidden_continuous_size': 22, 'attention_head_size': 2, 'learning_rate': 0.0026472761088888984}. Best is trial 3 with value: 20.48714828491211.
LOCAL_RANK: 0 - CUDA_VISIBLE_DEVICES: [0]
[I 2023-12-15 18:26:30,830] Trial 10 finished with value: 33.77671432495117 and parameters: {'gradient_clip_val': 0.10033160185501952, 'hidden_size': 5, 'dropout': 0.2856338858206513, 'hidden_continuous_size': 5, 'attention_head_size': 3, 'learning_rate': 0.0005129353324064352}. Best is trial 3 with value: 20.48714828491211.
LOCAL_RANK: 0 - CUDA_VISIBLE_DEVICES: [0]
[I 2023-12-15 18:27:18,231] Trial 11 finished with value: 29.93727684020996 and parameters: {'gradient_clip_val': 0.17153435054453123, 'hidden_size': 18, 'dropout': 0.2554213255502271, 'hidden_continuous_size': 7, 'attention_head_size': 4, 'learning_rate': 0.007229718570369333}. Best is trial 3 with value: 20.48714828491211.
LOCAL_RANK: 0 - CUDA_VISIBLE_DEVICES: [0]
[I 2023-12-15 18:28:05,556] Trial 12 finished with value: 18.10498809814453 and parameters: {'gradient_clip_val': 0.15453299443988766, 'hidden_size': 17, 'dropout': 0.19362068095664584, 'hidden_continuous_size': 7, 'attention_head_size': 4, 'learning_rate': 0.0011483359301107643}. Best is trial 12 with value: 18.10498809814453.
LOCAL_RANK: 0 - CUDA_VISIBLE_DEVICES: [0]
[I 2023-12-15 18:28:51,765] Trial 13 finished with value: 14.944290161132812 and parameters: {'gradient_clip_val': 0.14504972314863424, 'hidden_size': 14, 'dropout': 0.20376384412303022, 'hidden_continuous_size': 7, 'attention_head_size': 4, 'learning_rate': 0.0010623135776805497}. Best is trial 13 with value: 14.944290161132812.
LOCAL_RANK: 0 - CUDA_VISIBLE_DEVICES: [0]
[I 2023-12-15 18:29:39,999] Trial 14 finished with value: 14.324646949768066 and parameters: {'gradient_clip_val': 0.2615241590794648, 'hidden_size': 19, 'dropout': 0.2123712123224055, 'hidden_continuous_size': 8, 'attention_head_size': 4, 'learning_rate': 0.0012439519323446118}. Best is trial 14 with value: 14.324646949768066.
LOCAL_RANK: 0 - CUDA_VISIBLE_DEVICES: [0]
[I 2023-12-15 18:30:29,842] Trial 15 finished with value: 25.251855850219727 and parameters: {'gradient_clip_val': 0.27497031505021585, 'hidden_size': 27, 'dropout': 0.21259650988683407, 'hidden_continuous_size': 9, 'attention_head_size': 4, 'learning_rate': 0.0011931369758476974}. Best is trial 14 with value: 14.324646949768066.
LOCAL_RANK: 0 - CUDA_VISIBLE_DEVICES: [0]
[I 2023-12-15 18:31:16,377] Trial 16 finished with value: 19.957674026489258 and parameters: {'gradient_clip_val': 0.24453741667873544, 'hidden_size': 15, 'dropout': 0.16629055360502965, 'hidden_continuous_size': 8, 'attention_head_size': 4, 'learning_rate': 0.00125836753019821}. Best is trial 14 with value: 14.324646949768066.
LOCAL_RANK: 0 - CUDA_VISIBLE_DEVICES: [0]
[I 2023-12-15 18:32:00,603] Trial 17 finished with value: 26.013662338256836 and parameters: {'gradient_clip_val': 0.13979245181390804, 'hidden_size': 12, 'dropout': 0.2115593766105066, 'hidden_continuous_size': 6, 'attention_head_size': 2, 'learning_rate': 0.007135536184854499}. Best is trial 14 with value: 14.324646949768066.
LOCAL_RANK: 0 - CUDA_VISIBLE_DEVICES: [0]
