[rank: 0] Seed set to 42
[I 2023-12-26 11:21:48,176] A new study created in memory with name: no-name-213bf817-12db-4757-8fdd-74f178382cc5
/home/le004/conda/anaconda3/envs/tsff_env/lib/python3.9/site-packages/lightning/fabric/plugins/environments/slurm.py:191: The `srun` command is available on your system but is not used. HINT: If your intention is to run Lightning on SLURM, prepend your python command with `srun` like so: srun python /home/le004/master_thesis/git/TSFusionForecast/code/ ...
[I 2023-12-26 11:25:35,530] Trial 0 finished with value: 430.2591857910156 and parameters: {'gradient_clip_val': 0.5929844468949578, 'hidden_size': 5, 'dropout': 0.148272644146155, 'hidden_continuous_size': 5, 'attention_head_size': 3, 'learning_rate': 0.0006509118505892754}. Best is trial 0 with value: 430.2591857910156.
[I 2023-12-26 11:27:16,402] Trial 1 finished with value: 575.7052612304688 and parameters: {'gradient_clip_val': 0.2951995208159781, 'hidden_size': 9, 'dropout': 0.2958036947093705, 'hidden_continuous_size': 7, 'attention_head_size': 1, 'learning_rate': 0.08445970419422827}. Best is trial 0 with value: 430.2591857910156.
[I 2023-12-26 11:27:20,850] Trial 2 finished with value: 906.3134765625 and parameters: {'gradient_clip_val': 0.8326625466881838, 'hidden_size': 70, 'dropout': 0.3895615257589974, 'hidden_continuous_size': 7, 'attention_head_size': 3, 'learning_rate': 0.0010077646316273216}. Best is trial 0 with value: 430.2591857910156.
[I 2023-12-26 11:27:22,789] Trial 3 finished with value: 1256.7166748046875 and parameters: {'gradient_clip_val': 0.2142454558226894, 'hidden_size': 11, 'dropout': 0.13618932737590447, 'hidden_continuous_size': 7, 'attention_head_size': 1, 'learning_rate': 0.03170695256567478}. Best is trial 0 with value: 430.2591857910156.
[I 2023-12-26 11:27:25,145] Trial 4 finished with value: 1015.931396484375 and parameters: {'gradient_clip_val': 0.1166510634202657, 'hidden_size': 27, 'dropout': 0.4335549906273438, 'hidden_continuous_size': 7, 'attention_head_size': 2, 'learning_rate': 0.011013816306237934}. Best is trial 0 with value: 430.2591857910156.
[I 2023-12-26 11:27:26,798] Trial 5 finished with value: 1107.4619140625 and parameters: {'gradient_clip_val': 0.8691215597359018, 'hidden_size': 5, 'dropout': 0.3218591642695522, 'hidden_continuous_size': 5, 'attention_head_size': 1, 'learning_rate': 0.022432529139289285}. Best is trial 0 with value: 430.2591857910156.
[I 2023-12-26 11:27:29,161] Trial 6 finished with value: 1208.15869140625 and parameters: {'gradient_clip_val': 0.4555257060371414, 'hidden_size': 27, 'dropout': 0.13014100095991266, 'hidden_continuous_size': 11, 'attention_head_size': 2, 'learning_rate': 0.003568939180900485}. Best is trial 0 with value: 430.2591857910156.
[I 2023-12-26 11:27:32,941] Trial 7 finished with value: 1277.109619140625 and parameters: {'gradient_clip_val': 0.7375330236514066, 'hidden_size': 54, 'dropout': 0.46063477120447394, 'hidden_continuous_size': 42, 'attention_head_size': 2, 'learning_rate': 0.008434307780482582}. Best is trial 0 with value: 430.2591857910156.
[I 2023-12-26 11:27:35,055] Trial 8 finished with value: 1306.3572998046875 and parameters: {'gradient_clip_val': 0.21084437591545585, 'hidden_size': 18, 'dropout': 0.11051801971054478, 'hidden_continuous_size': 14, 'attention_head_size': 2, 'learning_rate': 0.019442137593677383}. Best is trial 0 with value: 430.2591857910156.
[I 2023-12-26 11:27:42,248] Trial 9 finished with value: 590.9314575195312 and parameters: {'gradient_clip_val': 0.9858826665983926, 'hidden_size': 104, 'dropout': 0.20394566059504404, 'hidden_continuous_size': 66, 'attention_head_size': 1, 'learning_rate': 0.018399193323650066}. Best is trial 0 with value: 430.2591857910156.
[I 2023-12-26 11:27:44,244] Trial 10 finished with value: 641.6702880859375 and parameters: {'gradient_clip_val': 0.5488353813729375, 'hidden_size': 5, 'dropout': 0.20394562655430193, 'hidden_continuous_size': 5, 'attention_head_size': 4, 'learning_rate': 0.0006207375998456487}. Best is trial 0 with value: 430.2591857910156.
[I 2023-12-26 11:27:46,230] Trial 11 finished with value: 850.6034545898438 and parameters: {'gradient_clip_val': 0.36973058473997766, 'hidden_size': 10, 'dropout': 0.28712214402686587, 'hidden_continuous_size': 5, 'attention_head_size': 3, 'learning_rate': 0.09875023412800378}. Best is trial 0 with value: 430.2591857910156.
[I 2023-12-26 11:27:48,146] Trial 12 finished with value: 967.3191528320312 and parameters: {'gradient_clip_val': 0.3033213684279368, 'hidden_size': 7, 'dropout': 0.2860811462898811, 'hidden_continuous_size': 5, 'attention_head_size': 4, 'learning_rate': 0.0023001333420077158}. Best is trial 0 with value: 430.2591857910156.
[I 2023-12-26 11:27:50,111] Trial 13 finished with value: 759.8888549804688 and parameters: {'gradient_clip_val': 0.5816985630700976, 'hidden_size': 9, 'dropout': 0.22150586635418212, 'hidden_continuous_size': 6, 'attention_head_size': 3, 'learning_rate': 0.003896902284373474}. Best is trial 0 with value: 430.2591857910156.
[I 2023-12-26 11:27:51,850] Trial 14 finished with value: 844.623291015625 and parameters: {'gradient_clip_val': 0.3048558462710357, 'hidden_size': 5, 'dropout': 0.49951110384306696, 'hidden_continuous_size': 5, 'attention_head_size': 3, 'learning_rate': 0.0011860155424874856}. Best is trial 0 with value: 430.2591857910156.
[I 2023-12-26 11:27:53,995] Trial 15 finished with value: 823.392822265625 and parameters: {'gradient_clip_val': 0.6589151086987, 'hidden_size': 15, 'dropout': 0.3568895658755863, 'hidden_continuous_size': 6, 'attention_head_size': 4, 'learning_rate': 0.09881018748426536}. Best is trial 0 with value: 430.2591857910156.
[I 2023-12-26 11:27:55,873] Trial 16 finished with value: 1066.5133056640625 and parameters: {'gradient_clip_val': 0.39122739821849223, 'hidden_size': 7, 'dropout': 0.24126963220292358, 'hidden_continuous_size': 5, 'attention_head_size': 1, 'learning_rate': 0.0006141933215753476}. Best is trial 0 with value: 430.2591857910156.
[I 2023-12-26 11:27:57,978] Trial 17 finished with value: 994.0271606445312 and parameters: {'gradient_clip_val': 0.5018796847701819, 'hidden_size': 15, 'dropout': 0.16723123188399985, 'hidden_continuous_size': 6, 'attention_head_size': 2, 'learning_rate': 0.004962075277978609}. Best is trial 0 with value: 430.2591857910156.
[I 2023-12-26 11:27:59,920] Trial 18 finished with value: 895.558349609375 and parameters: {'gradient_clip_val': 0.6716382747073198, 'hidden_size': 7, 'dropout': 0.2562495013163017, 'hidden_continuous_size': 5, 'attention_head_size': 3, 'learning_rate': 0.001913773321280303}. Best is trial 0 with value: 430.2591857910156.
[I 2023-12-26 11:28:01,997] Trial 19 finished with value: 841.9561157226562 and parameters: {'gradient_clip_val': 0.4480123730049528, 'hidden_size': 12, 'dropout': 0.18626071571964012, 'hidden_continuous_size': 6, 'attention_head_size': 4, 'learning_rate': 0.0066419767404268665}. Best is trial 0 with value: 430.2591857910156.
[I 2023-12-26 11:28:04,088] Trial 20 finished with value: 635.5599365234375 and parameters: {'gradient_clip_val': 0.2478961262243479, 'hidden_size': 20, 'dropout': 0.16077665207840183, 'hidden_continuous_size': 8, 'attention_head_size': 1, 'learning_rate': 0.048677528023619486}. Best is trial 0 with value: 430.2591857910156.
[I 2023-12-26 11:28:11,630] Trial 21 finished with value: 566.7709350585938 and parameters: {'gradient_clip_val': 0.9613591234727081, 'hidden_size': 102, 'dropout': 0.2052131572647162, 'hidden_continuous_size': 92, 'attention_head_size': 1, 'learning_rate': 0.017044113260746944}. Best is trial 0 with value: 430.2591857910156.
[I 2023-12-26 11:28:22,103] Trial 22 finished with value: 823.6205444335938 and parameters: {'gradient_clip_val': 0.9573484235892733, 'hidden_size': 144, 'dropout': 0.10051963737507164, 'hidden_continuous_size': 115, 'attention_head_size': 1, 'learning_rate': 0.01017141943581264}. Best is trial 0 with value: 430.2591857910156.
[I 2023-12-26 11:28:26,180] Trial 23 finished with value: 658.7322387695312 and parameters: {'gradient_clip_val': 0.7213408359374728, 'hidden_size': 62, 'dropout': 0.24257077283741132, 'hidden_continuous_size': 10, 'attention_head_size': 2, 'learning_rate': 0.04006907500380722}. Best is trial 0 with value: 430.2591857910156.
[I 2023-12-26 11:28:28,867] Trial 24 finished with value: 994.07763671875 and parameters: {'gradient_clip_val': 0.6106894415811289, 'hidden_size': 38, 'dropout': 0.17043758407696963, 'hidden_continuous_size': 16, 'attention_head_size': 1, 'learning_rate': 0.011814662220362088}. Best is trial 0 with value: 430.2591857910156.
[I 2023-12-26 11:28:31,843] Trial 25 finished with value: 1236.55859375 and parameters: {'gradient_clip_val': 0.7586005081594679, 'hidden_size': 40, 'dropout': 0.2628103808688468, 'hidden_continuous_size': 17, 'attention_head_size': 2, 'learning_rate': 0.06252726138140963}. Best is trial 0 with value: 430.2591857910156.
[I 2023-12-26 11:28:38,459] Trial 26 finished with value: 1349.00390625 and parameters: {'gradient_clip_val': 0.8420976743924876, 'hidden_size': 100, 'dropout': 0.21512448905647868, 'hidden_continuous_size': 25, 'attention_head_size': 3, 'learning_rate': 0.030110853932017515}. Best is trial 0 with value: 430.2591857910156.
[I 2023-12-26 11:28:40,401] Trial 27 finished with value: 735.3034057617188 and parameters: {'gradient_clip_val': 0.5059904577586182, 'hidden_size': 9, 'dropout': 0.31480883097969004, 'hidden_continuous_size': 6, 'attention_head_size': 1, 'learning_rate': 0.01639246399512712}. Best is trial 0 with value: 430.2591857910156.
[I 2023-12-26 11:28:42,293] Trial 28 finished with value: 699.8665161132812 and parameters: {'gradient_clip_val': 0.6120697889577063, 'hidden_size': 6, 'dropout': 0.14317993713868615, 'hidden_continuous_size': 5, 'attention_head_size': 2, 'learning_rate': 0.005754983489984188}. Best is trial 0 with value: 430.2591857910156.
[I 2023-12-26 11:28:44,116] Trial 29 finished with value: 657.2916870117188 and parameters: {'gradient_clip_val': 0.9367729308331906, 'hidden_size': 8, 'dropout': 0.1859443711682363, 'hidden_continuous_size': 5, 'attention_head_size': 1, 'learning_rate': 0.012993117795427814}. Best is trial 0 with value: 430.2591857910156.
[I 2023-12-26 11:28:46,151] Trial 30 finished with value: 704.4661254882812 and parameters: {'gradient_clip_val': 0.7727578026324139, 'hidden_size': 12, 'dropout': 0.35699941955670467, 'hidden_continuous_size': 8, 'attention_head_size': 3, 'learning_rate': 0.008167794570890646}. Best is trial 0 with value: 430.2591857910156.
[I 2023-12-26 11:28:52,828] Trial 31 finished with value: 1314.5284423828125 and parameters: {'gradient_clip_val': 0.9447795643273816, 'hidden_size': 91, 'dropout': 0.19595196381665428, 'hidden_continuous_size': 78, 'attention_head_size': 1, 'learning_rate': 0.022398829680097532}. Best is trial 0 with value: 430.2591857910156.
[I 2023-12-26 11:28:58,512] Trial 32 finished with value: 715.3424682617188 and parameters: {'gradient_clip_val': 0.9860750059127364, 'hidden_size': 85, 'dropout': 0.2176962483152541, 'hidden_continuous_size': 23, 'attention_head_size': 1, 'learning_rate': 0.01522492944711851}. Best is trial 0 with value: 430.2591857910156.
[I 2023-12-26 11:29:08,446] Trial 33 finished with value: 884.8513793945312 and parameters: {'gradient_clip_val': 0.8099278760178739, 'hidden_size': 142, 'dropout': 0.1521865548351132, 'hidden_continuous_size': 51, 'attention_head_size': 1, 'learning_rate': 0.03478324000556637}. Best is trial 0 with value: 430.2591857910156.
[I 2023-12-26 11:29:17,161] Trial 34 finished with value: 950.015869140625 and parameters: {'gradient_clip_val': 0.835669224208701, 'hidden_size': 117, 'dropout': 0.13577850609038566, 'hidden_continuous_size': 102, 'attention_head_size': 1, 'learning_rate': 0.025671382709008185}. Best is trial 0 with value: 430.2591857910156.
[I 2023-12-26 11:29:21,750] Trial 35 finished with value: 760.5756225585938 and parameters: {'gradient_clip_val': 0.672818441681889, 'hidden_size': 71, 'dropout': 0.17659919171517283, 'hidden_continuous_size': 11, 'attention_head_size': 1, 'learning_rate': 0.01465400502444687}. Best is trial 0 with value: 430.2591857910156.
[I 2023-12-26 11:29:24,833] Trial 36 finished with value: 835.0172729492188 and parameters: {'gradient_clip_val': 0.8536237727155879, 'hidden_size': 48, 'dropout': 0.23560249217091672, 'hidden_continuous_size': 8, 'attention_head_size': 2, 'learning_rate': 0.019914430301742544}. Best is trial 0 with value: 430.2591857910156.
[I 2023-12-26 11:29:29,873] Trial 37 finished with value: 945.579833984375 and parameters: {'gradient_clip_val': 0.9452323998916147, 'hidden_size': 71, 'dropout': 0.2705062786985249, 'hidden_continuous_size': 49, 'attention_head_size': 2, 'learning_rate': 0.01003527905046043}. Best is trial 0 with value: 430.2591857910156.
[I 2023-12-26 11:29:32,285] Trial 38 finished with value: 1018.337158203125 and parameters: {'gradient_clip_val': 0.7422550308631626, 'hidden_size': 32, 'dropout': 0.2048737441930856, 'hidden_continuous_size': 9, 'attention_head_size': 1, 'learning_rate': 0.02714160985559525}. Best is trial 0 with value: 430.2591857910156.
[I 2023-12-26 11:29:34,574] Trial 39 finished with value: 734.2280883789062 and parameters: {'gradient_clip_val': 0.5252181743649997, 'hidden_size': 23, 'dropout': 0.12628270656012358, 'hidden_continuous_size': 7, 'attention_head_size': 2, 'learning_rate': 0.05820056304157171}. Best is trial 0 with value: 430.2591857910156.
[I 2023-12-26 11:29:38,025] Trial 40 finished with value: 693.8954467773438 and parameters: {'gradient_clip_val': 0.6109705307736474, 'hidden_size': 56, 'dropout': 0.12510630650635646, 'hidden_continuous_size': 11, 'attention_head_size': 2, 'learning_rate': 0.019066121969753977}. Best is trial 0 with value: 430.2591857910156.
[I 2023-12-26 11:29:40,151] Trial 41 finished with value: 923.3645629882812 and parameters: {'gradient_clip_val': 0.2578065395571729, 'hidden_size': 20, 'dropout': 0.15860315364417696, 'hidden_continuous_size': 7, 'attention_head_size': 1, 'learning_rate': 0.05131787854891699}. Best is trial 0 with value: 430.2591857910156.
[I 2023-12-26 11:29:42,702] Trial 42 finished with value: 867.28564453125 and parameters: {'gradient_clip_val': 0.20787716586058327, 'hidden_size': 29, 'dropout': 0.15483709209633123, 'hidden_continuous_size': 9, 'attention_head_size': 1, 'learning_rate': 0.0381274252164251}. Best is trial 0 with value: 430.2591857910156.
[I 2023-12-26 11:29:44,566] Trial 43 finished with value: 852.95849609375 and parameters: {'gradient_clip_val': 0.24533239078309774, 'hidden_size': 6, 'dropout': 0.1914196335002047, 'hidden_continuous_size': 5, 'attention_head_size': 1, 'learning_rate': 0.07309423136905407}. Best is trial 0 with value: 430.2591857910156.
[I 2023-12-26 11:29:46,636] Trial 44 finished with value: 601.5350952148438 and parameters: {'gradient_clip_val': 0.17782481665518307, 'hidden_size': 14, 'dropout': 0.170110919042767, 'hidden_continuous_size': 7, 'attention_head_size': 1, 'learning_rate': 0.04305500624405012}. Best is trial 0 with value: 430.2591857910156.
[I 2023-12-26 11:29:48,854] Trial 45 finished with value: 1103.5179443359375 and parameters: {'gradient_clip_val': 0.17041511711609914, 'hidden_size': 11, 'dropout': 0.2284898933106445, 'hidden_continuous_size': 7, 'attention_head_size': 1, 'learning_rate': 0.07754674310189878}. Best is trial 0 with value: 430.2591857910156.
[I 2023-12-26 11:29:51,008] Trial 46 finished with value: 901.3455200195312 and parameters: {'gradient_clip_val': 0.34136635883165584, 'hidden_size': 15, 'dropout': 0.20619676375324056, 'hidden_continuous_size': 7, 'attention_head_size': 3, 'learning_rate': 0.04066633176105745}. Best is trial 0 with value: 430.2591857910156.
[I 2023-12-26 11:29:52,730] Trial 47 finished with value: 837.6065063476562 and parameters: {'gradient_clip_val': 0.43301655428368135, 'hidden_size': 5, 'dropout': 0.11742782033839957, 'hidden_continuous_size': 5, 'attention_head_size': 1, 'learning_rate': 0.0008788038026715821}. Best is trial 0 with value: 430.2591857910156.
[I 2023-12-26 11:30:00,711] Trial 48 finished with value: 934.2984008789062 and parameters: {'gradient_clip_val': 0.11484214914701098, 'hidden_size': 113, 'dropout': 0.17580391860128824, 'hidden_continuous_size': 74, 'attention_head_size': 4, 'learning_rate': 0.026228760230210483}. Best is trial 0 with value: 430.2591857910156.
[I 2023-12-26 11:30:02,725] Trial 49 finished with value: 1022.3232421875 and parameters: {'gradient_clip_val': 0.558448295012551, 'hidden_size': 9, 'dropout': 0.2883098629370925, 'hidden_continuous_size': 6, 'attention_head_size': 3, 'learning_rate': 0.008083311816877258}. Best is trial 0 with value: 430.2591857910156.
[I 2023-12-26 11:30:02,858] A new study created in memory with name: no-name-ada6a332-7529-48cc-81ad-1370d982fef9
/home/le004/conda/anaconda3/envs/tsff_env/lib/python3.9/site-packages/lightning/fabric/plugins/environments/slurm.py:191: The `srun` command is available on your system but is not used. HINT: If your intention is to run Lightning on SLURM, prepend your python command with `srun` like so: srun python /home/le004/master_thesis/git/TSFusionForecast/code/ ...
[I 2023-12-26 11:32:32,081] Trial 0 finished with value: 76.55842590332031 and parameters: {'gradient_clip_val': 0.8843227390024098, 'hidden_size': 9, 'dropout': 0.25657783974478043, 'hidden_continuous_size': 5, 'attention_head_size': 4, 'learning_rate': 0.023984670108585154}. Best is trial 0 with value: 76.55842590332031.
[I 2023-12-26 11:32:34,413] Trial 1 finished with value: 268.1293029785156 and parameters: {'gradient_clip_val': 0.12921161716834087, 'hidden_size': 28, 'dropout': 0.4407473516424949, 'hidden_continuous_size': 7, 'attention_head_size': 3, 'learning_rate': 0.0026133376067900807}. Best is trial 0 with value: 76.55842590332031.
[I 2023-12-26 11:32:36,104] Trial 2 finished with value: 290.41717529296875 and parameters: {'gradient_clip_val': 0.2066540865442203, 'hidden_size': 5, 'dropout': 0.44725055822563753, 'hidden_continuous_size': 5, 'attention_head_size': 3, 'learning_rate': 0.017475821512035798}. Best is trial 0 with value: 76.55842590332031.
[I 2023-12-26 11:32:42,278] Trial 3 finished with value: 244.56622314453125 and parameters: {'gradient_clip_val': 0.679285982730006, 'hidden_size': 104, 'dropout': 0.1418946548280513, 'hidden_continuous_size': 15, 'attention_head_size': 4, 'learning_rate': 0.0005526799425610468}. Best is trial 0 with value: 76.55842590332031.
[I 2023-12-26 11:32:45,039] Trial 4 finished with value: 190.4538116455078 and parameters: {'gradient_clip_val': 0.2510250076477778, 'hidden_size': 52, 'dropout': 0.4668877116053426, 'hidden_continuous_size': 8, 'attention_head_size': 1, 'learning_rate': 0.014189101809636853}. Best is trial 0 with value: 76.55842590332031.
[I 2023-12-26 11:32:47,741] Trial 5 finished with value: 186.72926330566406 and parameters: {'gradient_clip_val': 0.28009537963978565, 'hidden_size': 44, 'dropout': 0.37426454454507696, 'hidden_continuous_size': 7, 'attention_head_size': 2, 'learning_rate': 0.007724917096330903}. Best is trial 0 with value: 76.55842590332031.
[I 2023-12-26 11:32:54,491] Trial 6 finished with value: 189.2659149169922 and parameters: {'gradient_clip_val': 0.195867576833853, 'hidden_size': 112, 'dropout': 0.27518106325126823, 'hidden_continuous_size': 25, 'attention_head_size': 1, 'learning_rate': 0.006316192939688721}. Best is trial 0 with value: 76.55842590332031.
[I 2023-12-26 11:32:59,351] Trial 7 finished with value: 221.9696044921875 and parameters: {'gradient_clip_val': 0.3335696230561046, 'hidden_size': 61, 'dropout': 0.13292188856640164, 'hidden_continuous_size': 21, 'attention_head_size': 2, 'learning_rate': 0.006642069050128308}. Best is trial 0 with value: 76.55842590332031.
[I 2023-12-26 11:33:03,999] Trial 8 finished with value: 132.70506286621094 and parameters: {'gradient_clip_val': 0.14891502761206418, 'hidden_size': 57, 'dropout': 0.48778003367003, 'hidden_continuous_size': 57, 'attention_head_size': 3, 'learning_rate': 0.0024120604871397883}. Best is trial 0 with value: 76.55842590332031.
[I 2023-12-26 11:33:06,152] Trial 9 finished with value: 237.75559997558594 and parameters: {'gradient_clip_val': 0.35518950244571884, 'hidden_size': 7, 'dropout': 0.12834586847236096, 'hidden_continuous_size': 6, 'attention_head_size': 1, 'learning_rate': 0.0007966101667750116}. Best is trial 0 with value: 76.55842590332031.
[I 2023-12-26 11:33:08,742] Trial 10 finished with value: 291.394287109375 and parameters: {'gradient_clip_val': 0.9031182663804863, 'hidden_size': 10, 'dropout': 0.25854706948954953, 'hidden_continuous_size': 5, 'attention_head_size': 4, 'learning_rate': 0.06518436813662686}. Best is trial 0 with value: 76.55842590332031.
[I 2023-12-26 11:33:11,303] Trial 11 finished with value: 218.3195343017578 and parameters: {'gradient_clip_val': 0.1034409550221929, 'hidden_size': 15, 'dropout': 0.34820819514831347, 'hidden_continuous_size': 10, 'attention_head_size': 4, 'learning_rate': 0.001812556940961126}. Best is trial 0 with value: 76.55842590332031.
[I 2023-12-26 11:33:13,814] Trial 12 finished with value: 322.0661926269531 and parameters: {'gradient_clip_val': 0.5602225052745827, 'hidden_size': 20, 'dropout': 0.4941178687073633, 'hidden_continuous_size': 12, 'attention_head_size': 3, 'learning_rate': 0.06050641693666988}. Best is trial 0 with value: 76.55842590332031.
[I 2023-12-26 11:33:16,140] Trial 13 finished with value: 191.2947235107422 and parameters: {'gradient_clip_val': 0.9877365703735987, 'hidden_size': 12, 'dropout': 0.20866034580304998, 'hidden_continuous_size': 6, 'attention_head_size': 4, 'learning_rate': 0.028740507328788856}. Best is trial 0 with value: 76.55842590332031.
