[I 2023-12-15 17:10:23,672] Trial 5 finished with value: 2.9645984172821045 and parameters: {'gradient_clip_val': 0.1733005284264883, 'hidden_size': 58, 'dropout': 0.2873564976634865, 'hidden_continuous_size': 51, 'attention_head_size': 4, 'learning_rate': 0.005540325400891809}. Best is trial 2 with value: 2.111095428466797.
LOCAL_RANK: 0 - CUDA_VISIBLE_DEVICES: [0]
[I 2023-12-15 17:11:10,932] Trial 6 finished with value: 4.695756435394287 and parameters: {'gradient_clip_val': 0.27132778620697445, 'hidden_size': 17, 'dropout': 0.17573850867540608, 'hidden_continuous_size': 14, 'attention_head_size': 1, 'learning_rate': 0.05942871214928451}. Best is trial 2 with value: 2.111095428466797.
LOCAL_RANK: 0 - CUDA_VISIBLE_DEVICES: [0]
[I 2023-12-15 17:11:59,507] Trial 7 finished with value: 1.6542472839355469 and parameters: {'gradient_clip_val': 0.23482287558039308, 'hidden_size': 21, 'dropout': 0.18784389157060305, 'hidden_continuous_size': 8, 'attention_head_size': 3, 'learning_rate': 0.006568665890395197}. Best is trial 7 with value: 1.6542472839355469.
LOCAL_RANK: 0 - CUDA_VISIBLE_DEVICES: [0]
[I 2023-12-15 17:12:47,534] Trial 8 finished with value: 2.414158821105957 and parameters: {'gradient_clip_val': 0.390904988059243, 'hidden_size': 21, 'dropout': 0.131782066678547, 'hidden_continuous_size': 8, 'attention_head_size': 2, 'learning_rate': 0.04663531067088681}. Best is trial 7 with value: 1.6542472839355469.
LOCAL_RANK: 0 - CUDA_VISIBLE_DEVICES: [0]
[I 2023-12-15 17:13:33,169] Trial 9 finished with value: 1.1815258264541626 and parameters: {'gradient_clip_val': 0.15937570574468768, 'hidden_size': 10, 'dropout': 0.17000791291038916, 'hidden_continuous_size': 7, 'attention_head_size': 1, 'learning_rate': 0.09042566399824171}. Best is trial 9 with value: 1.1815258264541626.
LOCAL_RANK: 0 - CUDA_VISIBLE_DEVICES: [0]
[I 2023-12-15 17:14:27,633] Trial 10 finished with value: 2.3885772228240967 and parameters: {'gradient_clip_val': 0.10098006217613933, 'hidden_size': 93, 'dropout': 0.2313741873714541, 'hidden_continuous_size': 23, 'attention_head_size': 1, 'learning_rate': 0.012835077694450567}. Best is trial 9 with value: 1.1815258264541626.
LOCAL_RANK: 0 - CUDA_VISIBLE_DEVICES: [0]
[I 2023-12-15 17:15:12,810] Trial 11 finished with value: 2.241363763809204 and parameters: {'gradient_clip_val': 0.22523087624000915, 'hidden_size': 12, 'dropout': 0.14988289046290484, 'hidden_continuous_size': 7, 'attention_head_size': 3, 'learning_rate': 0.013844655029620522}. Best is trial 9 with value: 1.1815258264541626.
LOCAL_RANK: 0 - CUDA_VISIBLE_DEVICES: [0]
[I 2023-12-15 17:15:57,768] Trial 12 finished with value: 3.177208662033081 and parameters: {'gradient_clip_val': 0.17475793476105997, 'hidden_size': 12, 'dropout': 0.22745060053593247, 'hidden_continuous_size': 8, 'attention_head_size': 3, 'learning_rate': 0.0030245818098070666}. Best is trial 9 with value: 1.1815258264541626.
LOCAL_RANK: 0 - CUDA_VISIBLE_DEVICES: [0]
[I 2023-12-15 17:16:47,543] Trial 13 finished with value: 2.885207176208496 and parameters: {'gradient_clip_val': 0.33311577728052494, 'hidden_size': 27, 'dropout': 0.14072977523495755, 'hidden_continuous_size': 10, 'attention_head_size': 3, 'learning_rate': 0.0215717002722681}. Best is trial 9 with value: 1.1815258264541626.
LOCAL_RANK: 0 - CUDA_VISIBLE_DEVICES: [0]
[I 2023-12-15 17:17:32,057] Trial 14 finished with value: 1.9097089767456055 and parameters: {'gradient_clip_val': 0.13243015772028768, 'hidden_size': 8, 'dropout': 0.10260210963937344, 'hidden_continuous_size': 6, 'attention_head_size': 2, 'learning_rate': 0.006489063947398337}. Best is trial 9 with value: 1.1815258264541626.
LOCAL_RANK: 0 - CUDA_VISIBLE_DEVICES: [0]
[I 2023-12-15 17:18:19,378] Trial 15 finished with value: 2.3291923999786377 and parameters: {'gradient_clip_val': 0.2235932452135274, 'hidden_size': 17, 'dropout': 0.19160192347281582, 'hidden_continuous_size': 9, 'attention_head_size': 3, 'learning_rate': 0.0008875878483106576}. Best is trial 9 with value: 1.1815258264541626.
LOCAL_RANK: 0 - CUDA_VISIBLE_DEVICES: [0]
[I 2023-12-15 17:19:04,514] Trial 16 finished with value: 1.3595863580703735 and parameters: {'gradient_clip_val': 0.1569771671575423, 'hidden_size': 9, 'dropout': 0.2657183370775089, 'hidden_continuous_size': 6, 'attention_head_size': 1, 'learning_rate': 0.02356548948952212}. Best is trial 9 with value: 1.1815258264541626.
LOCAL_RANK: 0 - CUDA_VISIBLE_DEVICES: [0]
[I 2023-12-15 17:19:40,245] Trial 17 finished with value: 0.27903541922569275 and parameters: {'gradient_clip_val': 0.14327247423678136, 'hidden_size': 5, 'dropout': 0.2836840766031335, 'hidden_continuous_size': 5, 'attention_head_size': 1, 'learning_rate': 0.08718406038977025}. Best is trial 17 with value: 0.27903541922569275.
LOCAL_RANK: 0 - CUDA_VISIBLE_DEVICES: [0]
[I 2023-12-15 17:20:15,452] Trial 18 finished with value: 1.7787421941757202 and parameters: {'gradient_clip_val': 0.10215803930947889, 'hidden_size': 5, 'dropout': 0.3231020189672284, 'hidden_continuous_size': 5, 'attention_head_size': 1, 'learning_rate': 0.08119034609977843}. Best is trial 17 with value: 0.27903541922569275.
LOCAL_RANK: 0 - CUDA_VISIBLE_DEVICES: [0]
[I 2023-12-15 17:20:50,858] Trial 19 finished with value: 5.184743404388428 and parameters: {'gradient_clip_val': 0.14704381230895783, 'hidden_size': 5, 'dropout': 0.23200534987973548, 'hidden_continuous_size': 5, 'attention_head_size': 1, 'learning_rate': 0.038241410460517586}. Best is trial 17 with value: 0.27903541922569275.
LOCAL_RANK: 0 - CUDA_VISIBLE_DEVICES: [0]
[I 2023-12-15 17:21:36,441] Trial 20 finished with value: 2.8415470123291016 and parameters: {'gradient_clip_val': 0.12966236204270815, 'hidden_size': 7, 'dropout': 0.25888368768910724, 'hidden_continuous_size': 5, 'attention_head_size': 2, 'learning_rate': 0.089071424678074}. Best is trial 17 with value: 0.27903541922569275.
LOCAL_RANK: 0 - CUDA_VISIBLE_DEVICES: [0]
[I 2023-12-15 17:22:20,253] Trial 21 finished with value: 3.201280355453491 and parameters: {'gradient_clip_val': 0.16806123484532154, 'hidden_size': 8, 'dropout': 0.27419579347318956, 'hidden_continuous_size': 6, 'attention_head_size': 1, 'learning_rate': 0.03050076234037012}. Best is trial 17 with value: 0.27903541922569275.
LOCAL_RANK: 0 - CUDA_VISIBLE_DEVICES: [0]
[I 2023-12-15 17:23:05,151] Trial 22 finished with value: 1.5119680166244507 and parameters: {'gradient_clip_val': 0.19556537032692015, 'hidden_size': 9, 'dropout': 0.3114887396291747, 'hidden_continuous_size': 6, 'attention_head_size': 1, 'learning_rate': 0.06686543423596582}. Best is trial 17 with value: 0.27903541922569275.
LOCAL_RANK: 0 - CUDA_VISIBLE_DEVICES: [0]
[I 2023-12-15 17:23:41,555] Trial 23 finished with value: 2.7911465167999268 and parameters: {'gradient_clip_val': 0.12709459238675327, 'hidden_size': 5, 'dropout': 0.25165289286381165, 'hidden_continuous_size': 5, 'attention_head_size': 1, 'learning_rate': 0.0330821569344791}. Best is trial 17 with value: 0.27903541922569275.
LOCAL_RANK: 0 - CUDA_VISIBLE_DEVICES: [0]
[I 2023-12-15 17:24:27,252] Trial 24 finished with value: 2.902662515640259 and parameters: {'gradient_clip_val': 0.15205491542606406, 'hidden_size': 9, 'dropout': 0.31795495233304716, 'hidden_continuous_size': 6, 'attention_head_size': 2, 'learning_rate': 0.057224111485819504}. Best is trial 17 with value: 0.27903541922569275.
LOCAL_RANK: 0 - CUDA_VISIBLE_DEVICES: [0]
[I 2023-12-15 17:25:12,271] Trial 25 finished with value: 6.55819845199585 and parameters: {'gradient_clip_val': 0.20522839806921264, 'hidden_size': 7, 'dropout': 0.2126786403333508, 'hidden_continuous_size': 5, 'attention_head_size': 1, 'learning_rate': 0.09422544201805791}. Best is trial 17 with value: 0.27903541922569275.
LOCAL_RANK: 0 - CUDA_VISIBLE_DEVICES: [0]
[I 2023-12-15 17:25:58,533] Trial 26 finished with value: 2.9237213134765625 and parameters: {'gradient_clip_val': 0.2771881128156953, 'hidden_size': 11, 'dropout': 0.261215517301097, 'hidden_continuous_size': 6, 'attention_head_size': 1, 'learning_rate': 0.027615006682642895}. Best is trial 17 with value: 0.27903541922569275.
LOCAL_RANK: 0 - CUDA_VISIBLE_DEVICES: [0]
[I 2023-12-15 17:26:44,335] Trial 27 finished with value: 2.8775265216827393 and parameters: {'gradient_clip_val': 0.1210856831597078, 'hidden_size': 6, 'dropout': 0.2420717915759915, 'hidden_continuous_size': 5, 'attention_head_size': 2, 'learning_rate': 0.05260783934122717}. Best is trial 17 with value: 0.27903541922569275.
LOCAL_RANK: 0 - CUDA_VISIBLE_DEVICES: [0]
[I 2023-12-15 17:27:30,582] Trial 28 finished with value: 2.142078161239624 and parameters: {'gradient_clip_val': 0.15490417255188485, 'hidden_size': 14, 'dropout': 0.2190311973195945, 'hidden_continuous_size': 7, 'attention_head_size': 1, 'learning_rate': 0.06369763016884729}. Best is trial 17 with value: 0.27903541922569275.
LOCAL_RANK: 0 - CUDA_VISIBLE_DEVICES: [0]
[I 2023-12-15 17:28:16,946] Trial 29 finished with value: 2.909914255142212 and parameters: {'gradient_clip_val': 0.18015287473265493, 'hidden_size': 9, 'dropout': 0.27657947182804055, 'hidden_continuous_size': 6, 'attention_head_size': 2, 'learning_rate': 0.03661863993795631}. Best is trial 17 with value: 0.27903541922569275.
LOCAL_RANK: 0 - CUDA_VISIBLE_DEVICES: [0]
[I 2023-12-15 17:29:02,066] Trial 30 finished with value: 1.3469167947769165 and parameters: {'gradient_clip_val': 0.1159930212102119, 'hidden_size': 7, 'dropout': 0.29749064365314887, 'hidden_continuous_size': 5, 'attention_head_size': 1, 'learning_rate': 0.022405238050051537}. Best is trial 17 with value: 0.27903541922569275.
LOCAL_RANK: 0 - CUDA_VISIBLE_DEVICES: [0]
[I 2023-12-15 17:29:47,609] Trial 31 finished with value: 6.720579147338867 and parameters: {'gradient_clip_val': 0.11658202460468065, 'hidden_size': 7, 'dropout': 0.2980820918246393, 'hidden_continuous_size': 5, 'attention_head_size': 1, 'learning_rate': 0.019589825638344233}. Best is trial 17 with value: 0.27903541922569275.
LOCAL_RANK: 0 - CUDA_VISIBLE_DEVICES: [0]
[I 2023-12-15 17:30:32,571] Trial 32 finished with value: 3.306666135787964 and parameters: {'gradient_clip_val': 0.14281358749473042, 'hidden_size': 10, 'dropout': 0.2934370432138104, 'hidden_continuous_size': 5, 'attention_head_size': 1, 'learning_rate': 0.04512240994231796}. Best is trial 17 with value: 0.27903541922569275.
LOCAL_RANK: 0 - CUDA_VISIBLE_DEVICES: [0]
[I 2023-12-15 17:31:08,254] Trial 33 finished with value: 5.821069717407227 and parameters: {'gradient_clip_val': 0.11267525414981401, 'hidden_size': 5, 'dropout': 0.339963234209342, 'hidden_continuous_size': 5, 'attention_head_size': 1, 'learning_rate': 0.024776427794365986}. Best is trial 17 with value: 0.27903541922569275.
LOCAL_RANK: 0 - CUDA_VISIBLE_DEVICES: [0]
[I 2023-12-15 17:31:53,320] Trial 34 finished with value: 2.2909069061279297 and parameters: {'gradient_clip_val': 0.14089777022099026, 'hidden_size': 6, 'dropout': 0.20637475725830567, 'hidden_continuous_size': 5, 'attention_head_size': 1, 'learning_rate': 0.013244591925395075}. Best is trial 17 with value: 0.27903541922569275.
LOCAL_RANK: 0 - CUDA_VISIBLE_DEVICES: [0]
[I 2023-12-15 17:32:39,190] Trial 35 finished with value: 1.6774563789367676 and parameters: {'gradient_clip_val': 0.11183644941438795, 'hidden_size': 13, 'dropout': 0.24582360134118725, 'hidden_continuous_size': 6, 'attention_head_size': 2, 'learning_rate': 0.07519613391236671}. Best is trial 17 with value: 0.27903541922569275.
LOCAL_RANK: 0 - CUDA_VISIBLE_DEVICES: [0]
[I 2023-12-15 17:33:24,692] Trial 36 finished with value: 2.3973610401153564 and parameters: {'gradient_clip_val': 0.16432337153658336, 'hidden_size': 10, 'dropout': 0.2710880597600595, 'hidden_continuous_size': 6, 'attention_head_size': 1, 'learning_rate': 0.042119122511171364}. Best is trial 17 with value: 0.27903541922569275.
LOCAL_RANK: 0 - CUDA_VISIBLE_DEVICES: [0]
[I 2023-12-15 17:34:11,647] Trial 37 finished with value: 4.057693958282471 and parameters: {'gradient_clip_val': 0.1910054589987951, 'hidden_size': 6, 'dropout': 0.2843475650186163, 'hidden_continuous_size': 5, 'attention_head_size': 4, 'learning_rate': 0.09633159398241312}. Best is trial 17 with value: 0.27903541922569275.
LOCAL_RANK: 0 - CUDA_VISIBLE_DEVICES: [0]
[I 2023-12-15 17:34:56,047] Trial 38 finished with value: 2.006823778152466 and parameters: {'gradient_clip_val': 0.1366381135042207, 'hidden_size': 8, 'dropout': 0.2002436404627605, 'hidden_continuous_size': 5, 'attention_head_size': 2, 'learning_rate': 0.06589389535609415}. Best is trial 17 with value: 0.27903541922569275.
LOCAL_RANK: 0 - CUDA_VISIBLE_DEVICES: [0]
[I 2023-12-15 17:35:41,904] Trial 39 finished with value: 1.606467843055725 and parameters: {'gradient_clip_val': 0.15854971510212876, 'hidden_size': 15, 'dropout': 0.34335463036950503, 'hidden_continuous_size': 7, 'attention_head_size': 1, 'learning_rate': 0.02823081013646982}. Best is trial 17 with value: 0.27903541922569275.
LOCAL_RANK: 0 - CUDA_VISIBLE_DEVICES: [0]
[I 2023-12-15 17:36:27,536] Trial 40 finished with value: 2.5175793170928955 and parameters: {'gradient_clip_val': 0.101784960631358, 'hidden_size': 11, 'dropout': 0.25959044906553685, 'hidden_continuous_size': 7, 'attention_head_size': 1, 'learning_rate': 0.04867803767725426}. Best is trial 17 with value: 0.27903541922569275.
LOCAL_RANK: 0 - CUDA_VISIBLE_DEVICES: [0]
[I 2023-12-15 17:37:13,266] Trial 41 finished with value: 4.713130474090576 and parameters: {'gradient_clip_val': 0.1866500980961784, 'hidden_size': 9, 'dropout': 0.30599977622926544, 'hidden_continuous_size': 6, 'attention_head_size': 1, 'learning_rate': 0.06942807463276952}. Best is trial 17 with value: 0.27903541922569275.
LOCAL_RANK: 0 - CUDA_VISIBLE_DEVICES: [0]
[I 2023-12-15 17:37:58,803] Trial 42 finished with value: 0.633385181427002 and parameters: {'gradient_clip_val': 0.1986004462653781, 'hidden_size': 10, 'dropout': 0.2862451519432498, 'hidden_continuous_size': 6, 'attention_head_size': 1, 'learning_rate': 0.06876591104112541}. Best is trial 17 with value: 0.27903541922569275.
LOCAL_RANK: 0 - CUDA_VISIBLE_DEVICES: [0]
[I 2023-12-15 17:38:43,154] Trial 43 finished with value: 0.9170870780944824 and parameters: {'gradient_clip_val': 0.15069324185525712, 'hidden_size': 12, 'dropout': 0.2868807757420505, 'hidden_continuous_size': 7, 'attention_head_size': 1, 'learning_rate': 0.0973968335311401}. Best is trial 17 with value: 0.27903541922569275.
LOCAL_RANK: 0 - CUDA_VISIBLE_DEVICES: [0]
[I 2023-12-15 17:39:28,853] Trial 44 finished with value: 0.6948972344398499 and parameters: {'gradient_clip_val': 0.13332374794152063, 'hidden_size': 15, 'dropout': 0.2844603091005336, 'hidden_continuous_size': 7, 'attention_head_size': 1, 'learning_rate': 0.08069516601655244}. Best is trial 17 with value: 0.27903541922569275.
LOCAL_RANK: 0 - CUDA_VISIBLE_DEVICES: [0]
[I 2023-12-15 17:40:13,642] Trial 45 finished with value: 0.7170371413230896 and parameters: {'gradient_clip_val': 0.21399436215552725, 'hidden_size': 16, 'dropout': 0.28607668282433407, 'hidden_continuous_size': 7, 'attention_head_size': 1, 'learning_rate': 0.0997081142624166}. Best is trial 17 with value: 0.27903541922569275.
LOCAL_RANK: 0 - CUDA_VISIBLE_DEVICES: [0]
[I 2023-12-15 17:41:00,596] Trial 46 finished with value: 3.320838212966919 and parameters: {'gradient_clip_val': 0.2128215653450343, 'hidden_size': 18, 'dropout': 0.2817216910217764, 'hidden_continuous_size': 8, 'attention_head_size': 2, 'learning_rate': 0.07818588707485434}. Best is trial 17 with value: 0.27903541922569275.
LOCAL_RANK: 0 - CUDA_VISIBLE_DEVICES: [0]
[I 2023-12-15 17:41:46,073] Trial 47 finished with value: 1.953115463256836 and parameters: {'gradient_clip_val': 0.2391871773477251, 'hidden_size': 15, 'dropout': 0.28429767949245716, 'hidden_continuous_size': 7, 'attention_head_size': 1, 'learning_rate': 0.09949472934793423}. Best is trial 17 with value: 0.27903541922569275.
LOCAL_RANK: 0 - CUDA_VISIBLE_DEVICES: [0]
[I 2023-12-15 17:42:31,092] Trial 48 finished with value: 4.347794532775879 and parameters: {'gradient_clip_val': 0.17372099372347577, 'hidden_size': 13, 'dropout': 0.3033788875543283, 'hidden_continuous_size': 7, 'attention_head_size': 1, 'learning_rate': 0.05570539749078404}. Best is trial 17 with value: 0.27903541922569275.
LOCAL_RANK: 0 - CUDA_VISIBLE_DEVICES: [0]
[I 2023-12-15 17:43:19,295] Trial 49 finished with value: 0.9790641665458679 and parameters: {'gradient_clip_val': 0.20209887901436493, 'hidden_size': 19, 'dropout': 0.28720859946388777, 'hidden_continuous_size': 8, 'attention_head_size': 4, 'learning_rate': 0.0736786841663525}. Best is trial 17 with value: 0.27903541922569275.
[I 2023-12-15 17:43:19,390] A new study created in memory with name: no-name-c966d077-8dfd-4157-8b6f-40c5c0ecc7bd
/home/le004/conda/anaconda3/envs/tsff_env/lib/python3.9/site-packages/lightning/fabric/plugins/environments/slurm.py:191: The `srun` command is available on your system but is not used. HINT: If your intention is to run Lightning on SLURM, prepend your python command with `srun` like so: srun python /home/le004/master_thesis/git/TSFusionForecast/code/ ...
LOCAL_RANK: 0 - CUDA_VISIBLE_DEVICES: [0]
[I 2023-12-15 17:44:05,460] Trial 0 finished with value: 0.034858718514442444 and parameters: {'gradient_clip_val': 0.8397420572966237, 'hidden_size': 13, 'dropout': 0.33999730420178786, 'hidden_continuous_size': 9, 'attention_head_size': 2, 'learning_rate': 0.011678065531141417}. Best is trial 0 with value: 0.034858718514442444.
LOCAL_RANK: 0 - CUDA_VISIBLE_DEVICES: [0]
[I 2023-12-15 17:44:50,760] Trial 1 finished with value: 0.0547313392162323 and parameters: {'gradient_clip_val': 0.9633854090156271, 'hidden_size': 6, 'dropout': 0.11560340041589758, 'hidden_continuous_size': 5, 'attention_head_size': 2, 'learning_rate': 0.012027572546167568}. Best is trial 0 with value: 0.034858718514442444.
LOCAL_RANK: 0 - CUDA_VISIBLE_DEVICES: [0]
[I 2023-12-15 17:45:44,182] Trial 2 finished with value: 0.06673893332481384 and parameters: {'gradient_clip_val': 0.6646533102940453, 'hidden_size': 39, 'dropout': 0.11940372917880857, 'hidden_continuous_size': 33, 'attention_head_size': 4, 'learning_rate': 0.0008962598268483892}. Best is trial 0 with value: 0.034858718514442444.
LOCAL_RANK: 0 - CUDA_VISIBLE_DEVICES: [0]
[I 2023-12-15 17:46:33,402] Trial 3 finished with value: 0.06995140761137009 and parameters: {'gradient_clip_val': 0.18679264802983991, 'hidden_size': 23, 'dropout': 0.3425982228906276, 'hidden_continuous_size': 12, 'attention_head_size': 2, 'learning_rate': 0.020049951217572148}. Best is trial 0 with value: 0.034858718514442444.
LOCAL_RANK: 0 - CUDA_VISIBLE_DEVICES: [0]
[I 2023-12-15 17:47:18,996] Trial 4 finished with value: 0.02399466373026371 and parameters: {'gradient_clip_val': 0.2335836300346807, 'hidden_size': 11, 'dropout': 0.1314776805243248, 'hidden_continuous_size': 8, 'attention_head_size': 1, 'learning_rate': 0.014930771595701976}. Best is trial 4 with value: 0.02399466373026371.
LOCAL_RANK: 0 - CUDA_VISIBLE_DEVICES: [0]
[I 2023-12-15 17:48:11,362] Trial 5 finished with value: 0.13757659494876862 and parameters: {'gradient_clip_val': 0.32307544847562863, 'hidden_size': 58, 'dropout': 0.38951997290915163, 'hidden_continuous_size': 10, 'attention_head_size': 1, 'learning_rate': 0.0034274596054481997}. Best is trial 4 with value: 0.02399466373026371.
LOCAL_RANK: 0 - CUDA_VISIBLE_DEVICES: [0]
[I 2023-12-15 17:48:59,058] Trial 6 finished with value: 0.1459561139345169 and parameters: {'gradient_clip_val': 0.6961910021017618, 'hidden_size': 28, 'dropout': 0.15735429205993084, 'hidden_continuous_size': 7, 'attention_head_size': 1, 'learning_rate': 0.00343443664151525}. Best is trial 4 with value: 0.02399466373026371.
LOCAL_RANK: 0 - CUDA_VISIBLE_DEVICES: [0]
[I 2023-12-15 17:49:35,678] Trial 7 finished with value: 1.3507142066955566 and parameters: {'gradient_clip_val': 0.43953362493270476, 'hidden_size': 5, 'dropout': 0.39856996292623903, 'hidden_continuous_size': 5, 'attention_head_size': 4, 'learning_rate': 0.0006200937858189968}. Best is trial 4 with value: 0.02399466373026371.
LOCAL_RANK: 0 - CUDA_VISIBLE_DEVICES: [0]
[I 2023-12-15 17:50:20,686] Trial 8 finished with value: 0.8473605513572693 and parameters: {'gradient_clip_val': 0.10422527881964665, 'hidden_size': 7, 'dropout': 0.10161074082330843, 'hidden_continuous_size': 6, 'attention_head_size': 1, 'learning_rate': 0.0007249731215500834}. Best is trial 4 with value: 0.02399466373026371.
LOCAL_RANK: 0 - CUDA_VISIBLE_DEVICES: [0]
[I 2023-12-15 17:51:09,169] Trial 9 finished with value: 0.05392312631011009 and parameters: {'gradient_clip_val': 0.14016958615191555, 'hidden_size': 24, 'dropout': 0.396416330627268, 'hidden_continuous_size': 18, 'attention_head_size': 3, 'learning_rate': 0.0028346244104766956}. Best is trial 4 with value: 0.02399466373026371.
LOCAL_RANK: 0 - CUDA_VISIBLE_DEVICES: [0]
[I 2023-12-15 17:52:06,908] Trial 10 finished with value: 0.056145090609788895 and parameters: {'gradient_clip_val': 0.2298693298421417, 'hidden_size': 90, 'dropout': 0.20415005044703624, 'hidden_continuous_size': 82, 'attention_head_size': 3, 'learning_rate': 0.07095972752880955}. Best is trial 4 with value: 0.02399466373026371.
LOCAL_RANK: 0 - CUDA_VISIBLE_DEVICES: [0]
[I 2023-12-15 17:52:51,389] Trial 11 finished with value: 0.07418978959321976 and parameters: {'gradient_clip_val': 0.3591091508516539, 'hidden_size': 12, 'dropout': 0.2767479158785893, 'hidden_continuous_size': 7, 'attention_head_size': 2, 'learning_rate': 0.023390184216605672}. Best is trial 4 with value: 0.02399466373026371.
LOCAL_RANK: 0 - CUDA_VISIBLE_DEVICES: [0]
