[I 2023-12-15 18:29:57,054] Trial 19 finished with value: 0.03598514199256897 and parameters: {'gradient_clip_val': 0.1443466874677094, 'hidden_size': 28, 'dropout': 0.2956283140729501, 'hidden_continuous_size': 15, 'attention_head_size': 3, 'learning_rate': 0.004599689901239272}. Best is trial 11 with value: 0.033983226865530014.
LOCAL_RANK: 0 - CUDA_VISIBLE_DEVICES: [0]
[I 2023-12-15 18:30:42,792] Trial 20 finished with value: 0.04164755716919899 and parameters: {'gradient_clip_val': 0.20789766151288183, 'hidden_size': 16, 'dropout': 0.3396769680340799, 'hidden_continuous_size': 11, 'attention_head_size': 2, 'learning_rate': 0.007566262579753612}. Best is trial 11 with value: 0.033983226865530014.
LOCAL_RANK: 0 - CUDA_VISIBLE_DEVICES: [0]
[I 2023-12-15 18:31:35,684] Trial 21 finished with value: 0.044753849506378174 and parameters: {'gradient_clip_val': 0.17562283011349022, 'hidden_size': 37, 'dropout': 0.37229530736782984, 'hidden_continuous_size': 21, 'attention_head_size': 4, 'learning_rate': 0.003170132801419527}. Best is trial 11 with value: 0.033983226865530014.
LOCAL_RANK: 0 - CUDA_VISIBLE_DEVICES: [0]
[I 2023-12-15 18:32:28,627] Trial 22 finished with value: 0.03384605422616005 and parameters: {'gradient_clip_val': 0.1536683623883226, 'hidden_size': 44, 'dropout': 0.35990087830682077, 'hidden_continuous_size': 27, 'attention_head_size': 4, 'learning_rate': 0.005305900824429518}. Best is trial 22 with value: 0.03384605422616005.
LOCAL_RANK: 0 - CUDA_VISIBLE_DEVICES: [0]
[I 2023-12-15 18:33:22,447] Trial 23 finished with value: 0.038266826421022415 and parameters: {'gradient_clip_val': 0.13878827574503194, 'hidden_size': 49, 'dropout': 0.337784203106224, 'hidden_continuous_size': 27, 'attention_head_size': 4, 'learning_rate': 0.00961977237176972}. Best is trial 22 with value: 0.03384605422616005.
LOCAL_RANK: 0 - CUDA_VISIBLE_DEVICES: [0]
[I 2023-12-15 18:34:12,883] Trial 24 finished with value: 0.1039162203669548 and parameters: {'gradient_clip_val': 0.275089979649139, 'hidden_size': 29, 'dropout': 0.39936787504288945, 'hidden_continuous_size': 19, 'attention_head_size': 3, 'learning_rate': 0.004890939503668302}. Best is trial 22 with value: 0.03384605422616005.
LOCAL_RANK: 0 - CUDA_VISIBLE_DEVICES: [0]
[I 2023-12-15 18:35:02,889] Trial 25 finished with value: 0.034154314547777176 and parameters: {'gradient_clip_val': 0.1933484759884152, 'hidden_size': 23, 'dropout': 0.365874378227743, 'hidden_continuous_size': 16, 'attention_head_size': 4, 'learning_rate': 0.020619706778231838}. Best is trial 22 with value: 0.03384605422616005.
LOCAL_RANK: 0 - CUDA_VISIBLE_DEVICES: [0]
[I 2023-12-15 18:35:55,370] Trial 26 finished with value: 0.036914288997650146 and parameters: {'gradient_clip_val': 0.19001138583761598, 'hidden_size': 38, 'dropout': 0.36187557280606314, 'hidden_continuous_size': 16, 'attention_head_size': 3, 'learning_rate': 0.022135975149857264}. Best is trial 22 with value: 0.03384605422616005.
LOCAL_RANK: 0 - CUDA_VISIBLE_DEVICES: [0]
[I 2023-12-15 18:36:48,680] Trial 27 finished with value: 0.10588965564966202 and parameters: {'gradient_clip_val': 0.13978708049519153, 'hidden_size': 56, 'dropout': 0.3293159408348627, 'hidden_continuous_size': 28, 'attention_head_size': 4, 'learning_rate': 0.019928331524503597}. Best is trial 22 with value: 0.03384605422616005.
LOCAL_RANK: 0 - CUDA_VISIBLE_DEVICES: [0]
[I 2023-12-15 18:37:41,054] Trial 28 finished with value: 0.034585244953632355 and parameters: {'gradient_clip_val': 0.20211412019819566, 'hidden_size': 44, 'dropout': 0.35595406140503205, 'hidden_continuous_size': 18, 'attention_head_size': 4, 'learning_rate': 0.008068074573421347}. Best is trial 22 with value: 0.03384605422616005.
LOCAL_RANK: 0 - CUDA_VISIBLE_DEVICES: [0]
[I 2023-12-15 18:38:29,023] Trial 29 finished with value: 0.032977815717458725 and parameters: {'gradient_clip_val': 0.1557439829806932, 'hidden_size': 20, 'dropout': 0.2974233060199427, 'hidden_continuous_size': 14, 'attention_head_size': 3, 'learning_rate': 0.022488817201823847}. Best is trial 29 with value: 0.032977815717458725.
LOCAL_RANK: 0 - CUDA_VISIBLE_DEVICES: [0]
[I 2023-12-15 18:39:15,187] Trial 30 finished with value: 0.05025305226445198 and parameters: {'gradient_clip_val': 0.11943700148832134, 'hidden_size': 14, 'dropout': 0.2978613761494786, 'hidden_continuous_size': 11, 'attention_head_size': 2, 'learning_rate': 0.03396605460247362}. Best is trial 29 with value: 0.032977815717458725.
LOCAL_RANK: 0 - CUDA_VISIBLE_DEVICES: [0]
[I 2023-12-15 18:40:02,977] Trial 31 finished with value: 0.03547027334570885 and parameters: {'gradient_clip_val': 0.16196079372686695, 'hidden_size': 20, 'dropout': 0.32285019727626885, 'hidden_continuous_size': 14, 'attention_head_size': 3, 'learning_rate': 0.03247917930055291}. Best is trial 29 with value: 0.032977815717458725.
LOCAL_RANK: 0 - CUDA_VISIBLE_DEVICES: [0]
[I 2023-12-15 18:40:52,590] Trial 32 finished with value: 0.03553776815533638 and parameters: {'gradient_clip_val': 0.18581444542277537, 'hidden_size': 27, 'dropout': 0.37627158471424027, 'hidden_continuous_size': 15, 'attention_head_size': 3, 'learning_rate': 0.005884739128010385}. Best is trial 29 with value: 0.032977815717458725.
LOCAL_RANK: 0 - CUDA_VISIBLE_DEVICES: [0]
[I 2023-12-15 18:41:47,908] Trial 33 finished with value: 0.045188453048467636 and parameters: {'gradient_clip_val': 0.14629539470528682, 'hidden_size': 96, 'dropout': 0.3459444733648254, 'hidden_continuous_size': 36, 'attention_head_size': 3, 'learning_rate': 0.009742239242201613}. Best is trial 29 with value: 0.032977815717458725.
LOCAL_RANK: 0 - CUDA_VISIBLE_DEVICES: [0]
[I 2023-12-15 18:42:37,470] Trial 34 finished with value: 0.03781266510486603 and parameters: {'gradient_clip_val': 0.15793464169074706, 'hidden_size': 22, 'dropout': 0.30667746427766773, 'hidden_continuous_size': 13, 'attention_head_size': 3, 'learning_rate': 0.016926930571300906}. Best is trial 29 with value: 0.032977815717458725.
LOCAL_RANK: 0 - CUDA_VISIBLE_DEVICES: [0]
[I 2023-12-15 18:43:27,573] Trial 35 finished with value: 0.05007919296622276 and parameters: {'gradient_clip_val': 0.12978862164341604, 'hidden_size': 31, 'dropout': 0.2781746493887383, 'hidden_continuous_size': 17, 'attention_head_size': 2, 'learning_rate': 0.02370828695310451}. Best is trial 29 with value: 0.032977815717458725.
LOCAL_RANK: 0 - CUDA_VISIBLE_DEVICES: [0]
[I 2023-12-15 18:44:22,038] Trial 36 finished with value: 0.03906849026679993 and parameters: {'gradient_clip_val': 0.18245213920273057, 'hidden_size': 70, 'dropout': 0.3198281770536671, 'hidden_continuous_size': 20, 'attention_head_size': 4, 'learning_rate': 0.005618336689942342}. Best is trial 29 with value: 0.032977815717458725.
LOCAL_RANK: 0 - CUDA_VISIBLE_DEVICES: [0]
[I 2023-12-15 18:45:11,431] Trial 37 finished with value: 0.036058053374290466 and parameters: {'gradient_clip_val': 0.2412135860241784, 'hidden_size': 26, 'dropout': 0.35086912827321004, 'hidden_continuous_size': 10, 'attention_head_size': 3, 'learning_rate': 0.012184908047379291}. Best is trial 29 with value: 0.032977815717458725.
LOCAL_RANK: 0 - CUDA_VISIBLE_DEVICES: [0]
[I 2023-12-15 18:45:59,005] Trial 38 finished with value: 0.051151975989341736 and parameters: {'gradient_clip_val': 0.16775448203848567, 'hidden_size': 20, 'dropout': 0.2928046839083861, 'hidden_continuous_size': 12, 'attention_head_size': 2, 'learning_rate': 0.0027619674379070567}. Best is trial 29 with value: 0.032977815717458725.
LOCAL_RANK: 0 - CUDA_VISIBLE_DEVICES: [0]
[I 2023-12-15 18:46:50,785] Trial 39 finished with value: 0.0321771502494812 and parameters: {'gradient_clip_val': 0.21988063538577607, 'hidden_size': 34, 'dropout': 0.38601431884080795, 'hidden_continuous_size': 20, 'attention_head_size': 1, 'learning_rate': 0.008194990388429529}. Best is trial 39 with value: 0.0321771502494812.
LOCAL_RANK: 0 - CUDA_VISIBLE_DEVICES: [0]
[I 2023-12-15 18:47:42,269] Trial 40 finished with value: 0.04994224011898041 and parameters: {'gradient_clip_val': 0.22508685718111343, 'hidden_size': 34, 'dropout': 0.3927634137040023, 'hidden_continuous_size': 20, 'attention_head_size': 1, 'learning_rate': 0.003661336973635676}. Best is trial 39 with value: 0.0321771502494812.
LOCAL_RANK: 0 - CUDA_VISIBLE_DEVICES: [0]
[I 2023-12-15 18:48:31,026] Trial 41 finished with value: 0.03948257490992546 and parameters: {'gradient_clip_val': 0.18923652461753354, 'hidden_size': 25, 'dropout': 0.3841700224560169, 'hidden_continuous_size': 18, 'attention_head_size': 1, 'learning_rate': 0.0075695677395303616}. Best is trial 39 with value: 0.0321771502494812.
LOCAL_RANK: 0 - CUDA_VISIBLE_DEVICES: [0]
[I 2023-12-15 18:49:22,155] Trial 42 finished with value: 0.05025305226445198 and parameters: {'gradient_clip_val': 0.2497939654128435, 'hidden_size': 40, 'dropout': 0.3694196165919465, 'hidden_continuous_size': 23, 'attention_head_size': 1, 'learning_rate': 0.004540388774865725}. Best is trial 39 with value: 0.0321771502494812.
LOCAL_RANK: 0 - CUDA_VISIBLE_DEVICES: [0]
[I 2023-12-15 18:50:11,261] Trial 43 finished with value: 0.10120367258787155 and parameters: {'gradient_clip_val': 0.21008923535851015, 'hidden_size': 32, 'dropout': 0.3566837053135263, 'hidden_continuous_size': 16, 'attention_head_size': 2, 'learning_rate': 0.002319603020381735}. Best is trial 39 with value: 0.0321771502494812.
LOCAL_RANK: 0 - CUDA_VISIBLE_DEVICES: [0]
[I 2023-12-15 18:51:04,712] Trial 44 finished with value: 0.10720057040452957 and parameters: {'gradient_clip_val': 0.15536267646926497, 'hidden_size': 43, 'dropout': 0.38619643843490115, 'hidden_continuous_size': 25, 'attention_head_size': 4, 'learning_rate': 0.009079231022545335}. Best is trial 39 with value: 0.0321771502494812.
LOCAL_RANK: 0 - CUDA_VISIBLE_DEVICES: [0]
[I 2023-12-15 18:51:53,790] Trial 45 finished with value: 0.07069896906614304 and parameters: {'gradient_clip_val': 0.17413298453870965, 'hidden_size': 23, 'dropout': 0.331098183017289, 'hidden_continuous_size': 17, 'attention_head_size': 2, 'learning_rate': 0.0018089840967251772}. Best is trial 39 with value: 0.0321771502494812.
LOCAL_RANK: 0 - CUDA_VISIBLE_DEVICES: [0]
[I 2023-12-15 18:52:44,987] Trial 46 finished with value: 0.03961341828107834 and parameters: {'gradient_clip_val': 0.12361762330050192, 'hidden_size': 31, 'dropout': 0.34514462764498244, 'hidden_continuous_size': 19, 'attention_head_size': 3, 'learning_rate': 0.012320135755767033}. Best is trial 39 with value: 0.0321771502494812.
LOCAL_RANK: 0 - CUDA_VISIBLE_DEVICES: [0]
[I 2023-12-15 18:53:35,077] Trial 47 finished with value: 0.04750663414597511 and parameters: {'gradient_clip_val': 0.2289076608892184, 'hidden_size': 27, 'dropout': 0.3696914772628142, 'hidden_continuous_size': 15, 'attention_head_size': 4, 'learning_rate': 0.006392003260780225}. Best is trial 39 with value: 0.0321771502494812.
LOCAL_RANK: 0 - CUDA_VISIBLE_DEVICES: [0]
[I 2023-12-15 18:54:22,464] Trial 48 finished with value: 0.03344354405999184 and parameters: {'gradient_clip_val': 0.10885481395675116, 'hidden_size': 17, 'dropout': 0.3998668894772575, 'hidden_continuous_size': 15, 'attention_head_size': 1, 'learning_rate': 0.011223792840669239}. Best is trial 39 with value: 0.0321771502494812.
LOCAL_RANK: 0 - CUDA_VISIBLE_DEVICES: [0]
[I 2023-12-15 18:55:08,174] Trial 49 finished with value: 0.07986203581094742 and parameters: {'gradient_clip_val': 0.10322287228607574, 'hidden_size': 14, 'dropout': 0.39633675701700544, 'hidden_continuous_size': 12, 'attention_head_size': 1, 'learning_rate': 0.010638743266515115}. Best is trial 39 with value: 0.0321771502494812.
[I 2023-12-15 18:55:08,267] A new study created in memory with name: no-name-6a8e66c9-f50b-4e31-b16f-9640b2d7c955
/home/le004/conda/anaconda3/envs/tsff_env/lib/python3.9/site-packages/lightning/fabric/plugins/environments/slurm.py:191: The `srun` command is available on your system but is not used. HINT: If your intention is to run Lightning on SLURM, prepend your python command with `srun` like so: srun python /home/le004/master_thesis/git/TSFusionForecast/code/ ...
LOCAL_RANK: 0 - CUDA_VISIBLE_DEVICES: [0]
[I 2023-12-15 18:55:52,430] Trial 0 finished with value: 0.044994886964559555 and parameters: {'gradient_clip_val': 0.4061661559085121, 'hidden_size': 12, 'dropout': 0.21246219631143362, 'hidden_continuous_size': 6, 'attention_head_size': 2, 'learning_rate': 0.01194078960804591}. Best is trial 0 with value: 0.044994886964559555.
LOCAL_RANK: 0 - CUDA_VISIBLE_DEVICES: [0]
[I 2023-12-15 18:56:42,378] Trial 1 finished with value: 0.06551877409219742 and parameters: {'gradient_clip_val': 0.14115725003573223, 'hidden_size': 26, 'dropout': 0.2987607379732114, 'hidden_continuous_size': 11, 'attention_head_size': 4, 'learning_rate': 0.04953407859651572}. Best is trial 0 with value: 0.044994886964559555.
LOCAL_RANK: 0 - CUDA_VISIBLE_DEVICES: [0]
[I 2023-12-15 18:57:27,397] Trial 2 finished with value: 0.05804276838898659 and parameters: {'gradient_clip_val': 0.6872071428887615, 'hidden_size': 16, 'dropout': 0.3616902290980062, 'hidden_continuous_size': 8, 'attention_head_size': 2, 'learning_rate': 0.013844376121233709}. Best is trial 0 with value: 0.044994886964559555.
LOCAL_RANK: 0 - CUDA_VISIBLE_DEVICES: [0]
[I 2023-12-15 18:58:17,220] Trial 3 finished with value: 0.20248453319072723 and parameters: {'gradient_clip_val': 0.22175510042999122, 'hidden_size': 21, 'dropout': 0.2911712061575182, 'hidden_continuous_size': 16, 'attention_head_size': 4, 'learning_rate': 0.0098236404378526}. Best is trial 0 with value: 0.044994886964559555.
LOCAL_RANK: 0 - CUDA_VISIBLE_DEVICES: [0]
[I 2023-12-15 18:59:02,290] Trial 4 finished with value: 0.08088938146829605 and parameters: {'gradient_clip_val': 0.11772102537556652, 'hidden_size': 7, 'dropout': 0.11309884666702774, 'hidden_continuous_size': 5, 'attention_head_size': 2, 'learning_rate': 0.029589911393807226}. Best is trial 0 with value: 0.044994886964559555.
LOCAL_RANK: 0 - CUDA_VISIBLE_DEVICES: [0]
[I 2023-12-15 18:59:47,458] Trial 5 finished with value: 0.036139506846666336 and parameters: {'gradient_clip_val': 0.2592724728911763, 'hidden_size': 7, 'dropout': 0.23010794451282407, 'hidden_continuous_size': 5, 'attention_head_size': 3, 'learning_rate': 0.0756887427856924}. Best is trial 5 with value: 0.036139506846666336.
LOCAL_RANK: 0 - CUDA_VISIBLE_DEVICES: [0]
[I 2023-12-15 19:00:33,637] Trial 6 finished with value: 1.4428906440734863 and parameters: {'gradient_clip_val': 0.3563601590427262, 'hidden_size': 14, 'dropout': 0.2195096363096568, 'hidden_continuous_size': 9, 'attention_head_size': 2, 'learning_rate': 0.0005034230846043266}. Best is trial 5 with value: 0.036139506846666336.
LOCAL_RANK: 0 - CUDA_VISIBLE_DEVICES: [0]
[I 2023-12-15 19:01:23,745] Trial 7 finished with value: 0.056439101696014404 and parameters: {'gradient_clip_val': 0.27505658966643354, 'hidden_size': 28, 'dropout': 0.2590981157531815, 'hidden_continuous_size': 25, 'attention_head_size': 1, 'learning_rate': 0.003098242491807488}. Best is trial 5 with value: 0.036139506846666336.
LOCAL_RANK: 0 - CUDA_VISIBLE_DEVICES: [0]
[I 2023-12-15 19:02:16,524] Trial 8 finished with value: 0.06622917205095291 and parameters: {'gradient_clip_val': 0.2848930000018575, 'hidden_size': 49, 'dropout': 0.31750106040430853, 'hidden_continuous_size': 22, 'attention_head_size': 2, 'learning_rate': 0.033734382197203504}. Best is trial 5 with value: 0.036139506846666336.
LOCAL_RANK: 0 - CUDA_VISIBLE_DEVICES: [0]
[I 2023-12-15 19:03:10,286] Trial 9 finished with value: 0.0603916198015213 and parameters: {'gradient_clip_val': 0.8630558834155143, 'hidden_size': 45, 'dropout': 0.12304165238387829, 'hidden_continuous_size': 32, 'attention_head_size': 4, 'learning_rate': 0.07006011794574277}. Best is trial 5 with value: 0.036139506846666336.
LOCAL_RANK: 0 - CUDA_VISIBLE_DEVICES: [0]
[I 2023-12-15 19:03:44,555] Trial 10 finished with value: 0.11391656845808029 and parameters: {'gradient_clip_val': 0.17487874667235065, 'hidden_size': 5, 'dropout': 0.3974983568452298, 'hidden_continuous_size': 5, 'attention_head_size': 3, 'learning_rate': 0.09511108794497593}. Best is trial 5 with value: 0.036139506846666336.
LOCAL_RANK: 0 - CUDA_VISIBLE_DEVICES: [0]
[I 2023-12-15 19:04:30,200] Trial 11 finished with value: 0.12387420982122421 and parameters: {'gradient_clip_val': 0.42735033953073737, 'hidden_size': 9, 'dropout': 0.19124088469793582, 'hidden_continuous_size': 5, 'attention_head_size': 3, 'learning_rate': 0.019141439696015436}. Best is trial 5 with value: 0.036139506846666336.
LOCAL_RANK: 0 - CUDA_VISIBLE_DEVICES: [0]
[I 2023-12-15 19:05:14,933] Trial 12 finished with value: 0.06177263334393501 and parameters: {'gradient_clip_val': 0.489780587398265, 'hidden_size': 9, 'dropout': 0.18491316102027086, 'hidden_continuous_size': 6, 'attention_head_size': 1, 'learning_rate': 0.007877498979974326}. Best is trial 5 with value: 0.036139506846666336.
LOCAL_RANK: 0 - CUDA_VISIBLE_DEVICES: [0]
[I 2023-12-15 19:05:59,500] Trial 13 finished with value: 0.06929514557123184 and parameters: {'gradient_clip_val': 0.19572915593906048, 'hidden_size': 12, 'dropout': 0.2369992531223031, 'hidden_continuous_size': 6, 'attention_head_size': 3, 'learning_rate': 0.08618542664473477}. Best is trial 5 with value: 0.036139506846666336.
LOCAL_RANK: 0 - CUDA_VISIBLE_DEVICES: [0]
[I 2023-12-15 19:06:33,993] Trial 14 finished with value: 0.7645227313041687 and parameters: {'gradient_clip_val': 0.5228123926966767, 'hidden_size': 5, 'dropout': 0.17008466525843452, 'hidden_continuous_size': 5, 'attention_head_size': 3, 'learning_rate': 0.004499107823324904}. Best is trial 5 with value: 0.036139506846666336.
LOCAL_RANK: 0 - CUDA_VISIBLE_DEVICES: [0]
[I 2023-12-15 19:07:17,617] Trial 15 finished with value: 0.05537378787994385 and parameters: {'gradient_clip_val': 0.3166245053531268, 'hidden_size': 8, 'dropout': 0.2558811846316587, 'hidden_continuous_size': 5, 'attention_head_size': 1, 'learning_rate': 0.025667464455204195}. Best is trial 5 with value: 0.036139506846666336.
LOCAL_RANK: 0 - CUDA_VISIBLE_DEVICES: [0]
[I 2023-12-15 19:08:03,377] Trial 16 finished with value: 0.07898068428039551 and parameters: {'gradient_clip_val': 0.2456435633894197, 'hidden_size': 11, 'dropout': 0.20661072214847784, 'hidden_continuous_size': 6, 'attention_head_size': 3, 'learning_rate': 0.03475913279647972}. Best is trial 5 with value: 0.036139506846666336.
LOCAL_RANK: 0 - CUDA_VISIBLE_DEVICES: [0]
[I 2023-12-15 19:08:59,147] Trial 17 finished with value: 0.05669480562210083 and parameters: {'gradient_clip_val': 0.35089135500012925, 'hidden_size': 73, 'dropout': 0.1541525310974109, 'hidden_continuous_size': 60, 'attention_head_size': 2, 'learning_rate': 0.017776069055470266}. Best is trial 5 with value: 0.036139506846666336.
LOCAL_RANK: 0 - CUDA_VISIBLE_DEVICES: [0]
[I 2023-12-15 19:09:44,178] Trial 18 finished with value: 0.04907532408833504 and parameters: {'gradient_clip_val': 0.16721335456099998, 'hidden_size': 6, 'dropout': 0.2239115135912379, 'hidden_continuous_size': 5, 'attention_head_size': 2, 'learning_rate': 0.0539592006363342}. Best is trial 5 with value: 0.036139506846666336.
LOCAL_RANK: 0 - CUDA_VISIBLE_DEVICES: [0]
[I 2023-12-15 19:10:29,720] Trial 19 finished with value: 0.04975078999996185 and parameters: {'gradient_clip_val': 0.10277837683366221, 'hidden_size': 7, 'dropout': 0.16703055609536022, 'hidden_continuous_size': 5, 'attention_head_size': 3, 'learning_rate': 0.09702442140395365}. Best is trial 5 with value: 0.036139506846666336.
LOCAL_RANK: 0 - CUDA_VISIBLE_DEVICES: [0]
[I 2023-12-15 19:11:14,171] Trial 20 finished with value: 0.04380970075726509 and parameters: {'gradient_clip_val': 0.22943816342148748, 'hidden_size': 16, 'dropout': 0.2558195074156399, 'hidden_continuous_size': 7, 'attention_head_size': 1, 'learning_rate': 0.012838326591778408}. Best is trial 5 with value: 0.036139506846666336.
LOCAL_RANK: 0 - CUDA_VISIBLE_DEVICES: [0]
[I 2023-12-15 19:11:59,303] Trial 21 finished with value: 0.07469633966684341 and parameters: {'gradient_clip_val': 0.2361517332343242, 'hidden_size': 15, 'dropout': 0.2527026268739891, 'hidden_continuous_size': 6, 'attention_head_size': 1, 'learning_rate': 0.012417404248404335}. Best is trial 5 with value: 0.036139506846666336.
LOCAL_RANK: 0 - CUDA_VISIBLE_DEVICES: [0]
[I 2023-12-15 19:12:44,295] Trial 22 finished with value: 0.10320413112640381 and parameters: {'gradient_clip_val': 0.21235397729710487, 'hidden_size': 10, 'dropout': 0.20922175362347603, 'hidden_continuous_size': 6, 'attention_head_size': 1, 'learning_rate': 0.005935777961268829}. Best is trial 5 with value: 0.036139506846666336.
LOCAL_RANK: 0 - CUDA_VISIBLE_DEVICES: [0]
[I 2023-12-15 19:13:28,538] Trial 23 finished with value: 0.04699906334280968 and parameters: {'gradient_clip_val': 0.2863529703540897, 'hidden_size': 12, 'dropout': 0.2673003627580168, 'hidden_continuous_size': 7, 'attention_head_size': 1, 'learning_rate': 0.041138763245936356}. Best is trial 5 with value: 0.036139506846666336.
LOCAL_RANK: 0 - CUDA_VISIBLE_DEVICES: [0]
[I 2023-12-15 19:14:13,229] Trial 24 finished with value: 0.07477615028619766 and parameters: {'gradient_clip_val': 0.39577749387117456, 'hidden_size': 16, 'dropout': 0.23481318191246187, 'hidden_continuous_size': 7, 'attention_head_size': 2, 'learning_rate': 0.021048557716897762}. Best is trial 5 with value: 0.036139506846666336.
LOCAL_RANK: 0 - CUDA_VISIBLE_DEVICES: [0]
[I 2023-12-15 19:14:58,561] Trial 25 finished with value: 0.07378091663122177 and parameters: {'gradient_clip_val': 0.3246604084436039, 'hidden_size': 7, 'dropout': 0.276568459110994, 'hidden_continuous_size': 5, 'attention_head_size': 3, 'learning_rate': 0.06067229846156349}. Best is trial 5 with value: 0.036139506846666336.
LOCAL_RANK: 0 - CUDA_VISIBLE_DEVICES: [0]
