[I 2023-12-27 11:23:40,210] Trial 39 finished with value: 3.279937744140625 and parameters: {'gradient_clip_val': 0.20495712622216117, 'hidden_size': 57, 'dropout': 0.1186501485400093, 'hidden_continuous_size': 9, 'attention_head_size': 4, 'learning_rate': 0.00747848624351612}. Best is trial 1 with value: 0.20879964530467987.
[I 2023-12-27 11:23:40,574] Trial 40 finished with value: 3.643503189086914 and parameters: {'gradient_clip_val': 0.5226150526778247, 'hidden_size': 7, 'dropout': 0.35185934549354836, 'hidden_continuous_size': 5, 'attention_head_size': 1, 'learning_rate': 0.04812062704515114}. Best is trial 1 with value: 0.20879964530467987.
[I 2023-12-27 11:23:40,970] Trial 41 finished with value: 3.598140001296997 and parameters: {'gradient_clip_val': 0.4331807947227073, 'hidden_size': 34, 'dropout': 0.13000164015178312, 'hidden_continuous_size': 8, 'attention_head_size': 2, 'learning_rate': 0.002501596573608661}. Best is trial 1 with value: 0.20879964530467987.
[I 2023-12-27 11:23:41,370] Trial 42 finished with value: 3.106637954711914 and parameters: {'gradient_clip_val': 0.5830763438683869, 'hidden_size': 40, 'dropout': 0.14611528415060543, 'hidden_continuous_size': 7, 'attention_head_size': 2, 'learning_rate': 0.00345413563682886}. Best is trial 1 with value: 0.20879964530467987.
[I 2023-12-27 11:23:41,779] Trial 43 finished with value: 3.793835401535034 and parameters: {'gradient_clip_val': 0.3985633224566778, 'hidden_size': 26, 'dropout': 0.12155945934423756, 'hidden_continuous_size': 10, 'attention_head_size': 2, 'learning_rate': 0.0056200455159238815}. Best is trial 1 with value: 0.20879964530467987.
[I 2023-12-27 11:23:42,156] Trial 44 finished with value: 4.346716403961182 and parameters: {'gradient_clip_val': 0.45519236148769243, 'hidden_size': 19, 'dropout': 0.20259923968943994, 'hidden_continuous_size': 8, 'attention_head_size': 1, 'learning_rate': 0.00286603742037932}. Best is trial 1 with value: 0.20879964530467987.
[I 2023-12-27 11:23:42,564] Trial 45 finished with value: 3.7532224655151367 and parameters: {'gradient_clip_val': 0.8993602040793, 'hidden_size': 34, 'dropout': 0.1699778567631281, 'hidden_continuous_size': 14, 'attention_head_size': 2, 'learning_rate': 0.0019179380560004763}. Best is trial 1 with value: 0.20879964530467987.
[I 2023-12-27 11:23:43,266] Trial 46 finished with value: 3.30928635597229 and parameters: {'gradient_clip_val': 0.5366357196016392, 'hidden_size': 63, 'dropout': 0.10420965031242849, 'hidden_continuous_size': 17, 'attention_head_size': 3, 'learning_rate': 0.0036957346008589815}. Best is trial 1 with value: 0.20879964530467987.
[I 2023-12-27 11:23:43,688] Trial 47 finished with value: 2.5516254901885986 and parameters: {'gradient_clip_val': 0.6557989543266598, 'hidden_size': 44, 'dropout': 0.21456068084118415, 'hidden_continuous_size': 7, 'attention_head_size': 2, 'learning_rate': 0.005307947236114596}. Best is trial 1 with value: 0.20879964530467987.
[I 2023-12-27 11:23:44,153] Trial 48 finished with value: 3.28122615814209 and parameters: {'gradient_clip_val': 0.7157760630429273, 'hidden_size': 77, 'dropout': 0.2162315285806612, 'hidden_continuous_size': 23, 'attention_head_size': 3, 'learning_rate': 0.005442350683698095}. Best is trial 1 with value: 0.20879964530467987.
[I 2023-12-27 11:23:44,574] Trial 49 finished with value: 3.249462127685547 and parameters: {'gradient_clip_val': 0.6631343736221851, 'hidden_size': 44, 'dropout': 0.17569477769507796, 'hidden_continuous_size': 6, 'attention_head_size': 4, 'learning_rate': 0.029526796225854055}. Best is trial 1 with value: 0.20879964530467987.
[I 2023-12-27 11:23:44,684] A new study created in memory with name: no-name-c82b50f8-bb84-40c3-9316-b7f5cbceed5b
/home/le004/conda/anaconda3/envs/tsff_env/lib/python3.9/site-packages/lightning/fabric/plugins/environments/slurm.py:191: The `srun` command is available on your system but is not used. HINT: If your intention is to run Lightning on SLURM, prepend your python command with `srun` like so: srun python /home/le004/master_thesis/git/TSFusionForecast/code/ ...
[I 2023-12-27 11:24:30,020] Trial 0 finished with value: 0.08025295287370682 and parameters: {'gradient_clip_val': 0.13052802559950263, 'hidden_size': 88, 'dropout': 0.21603985478295337, 'hidden_continuous_size': 29, 'attention_head_size': 1, 'learning_rate': 0.026632287560812727}. Best is trial 0 with value: 0.08025295287370682.
[I 2023-12-27 11:24:33,996] Trial 1 finished with value: 3.230400800704956 and parameters: {'gradient_clip_val': 0.8335500818507784, 'hidden_size': 8, 'dropout': 0.30921520531203583, 'hidden_continuous_size': 5, 'attention_head_size': 1, 'learning_rate': 0.007688523342925491}. Best is trial 0 with value: 0.08025295287370682.
[I 2023-12-27 11:24:34,359] Trial 2 finished with value: 3.9327192306518555 and parameters: {'gradient_clip_val': 0.9937555371040923, 'hidden_size': 6, 'dropout': 0.3358187205526554, 'hidden_continuous_size': 5, 'attention_head_size': 1, 'learning_rate': 0.0020685954269892373}. Best is trial 0 with value: 0.08025295287370682.
[I 2023-12-27 11:24:34,685] Trial 3 finished with value: 3.6475870609283447 and parameters: {'gradient_clip_val': 0.2070980329195244, 'hidden_size': 6, 'dropout': 0.4610381199369744, 'hidden_continuous_size': 6, 'attention_head_size': 1, 'learning_rate': 0.026553055362145802}. Best is trial 0 with value: 0.08025295287370682.
[I 2023-12-27 11:24:35,127] Trial 4 finished with value: 3.328617811203003 and parameters: {'gradient_clip_val': 0.22708798396066707, 'hidden_size': 75, 'dropout': 0.4797141072287646, 'hidden_continuous_size': 27, 'attention_head_size': 1, 'learning_rate': 0.0026117077766397755}. Best is trial 0 with value: 0.08025295287370682.
[I 2023-12-27 11:24:35,530] Trial 5 finished with value: 3.4869019985198975 and parameters: {'gradient_clip_val': 0.5072445192770326, 'hidden_size': 45, 'dropout': 0.19132225020910631, 'hidden_continuous_size': 19, 'attention_head_size': 1, 'learning_rate': 0.012958081390501698}. Best is trial 0 with value: 0.08025295287370682.
[I 2023-12-27 11:24:35,877] Trial 6 finished with value: 2.775718927383423 and parameters: {'gradient_clip_val': 0.1089408064417871, 'hidden_size': 8, 'dropout': 0.2933971223855164, 'hidden_continuous_size': 7, 'attention_head_size': 1, 'learning_rate': 0.08428648750945171}. Best is trial 0 with value: 0.08025295287370682.
[I 2023-12-27 11:24:36,649] Trial 7 finished with value: 4.381370544433594 and parameters: {'gradient_clip_val': 0.9362261744630261, 'hidden_size': 115, 'dropout': 0.20470385639681107, 'hidden_continuous_size': 15, 'attention_head_size': 3, 'learning_rate': 0.040012171613993223}. Best is trial 0 with value: 0.08025295287370682.
[I 2023-12-27 11:24:36,972] Trial 8 finished with value: 3.201589345932007 and parameters: {'gradient_clip_val': 0.21553954334896788, 'hidden_size': 5, 'dropout': 0.3296764307922667, 'hidden_continuous_size': 5, 'attention_head_size': 2, 'learning_rate': 0.09855204140828847}. Best is trial 0 with value: 0.08025295287370682.
[I 2023-12-27 11:24:37,467] Trial 9 finished with value: 3.9836647510528564 and parameters: {'gradient_clip_val': 0.13862291001771573, 'hidden_size': 101, 'dropout': 0.35390438875848573, 'hidden_continuous_size': 16, 'attention_head_size': 4, 'learning_rate': 0.037835795198730676}. Best is trial 0 with value: 0.08025295287370682.
[I 2023-12-27 11:24:37,887] Trial 10 finished with value: 3.3106813430786133 and parameters: {'gradient_clip_val': 0.10649238016198856, 'hidden_size': 28, 'dropout': 0.1400229943463733, 'hidden_continuous_size': 27, 'attention_head_size': 2, 'learning_rate': 0.0008351743668986667}. Best is trial 0 with value: 0.08025295287370682.
[I 2023-12-27 11:24:38,260] Trial 11 finished with value: 3.4674644470214844 and parameters: {'gradient_clip_val': 0.10589453504390624, 'hidden_size': 16, 'dropout': 0.232461335953949, 'hidden_continuous_size': 9, 'attention_head_size': 2, 'learning_rate': 0.09970288485318612}. Best is trial 0 with value: 0.08025295287370682.
[I 2023-12-27 11:24:38,648] Trial 12 finished with value: 4.371467113494873 and parameters: {'gradient_clip_val': 0.15302862220855437, 'hidden_size': 17, 'dropout': 0.10408855360310723, 'hidden_continuous_size': 8, 'attention_head_size': 3, 'learning_rate': 0.018821076576903652}. Best is trial 0 with value: 0.08025295287370682.
[I 2023-12-27 11:24:39,096] Trial 13 finished with value: 3.298874616622925 and parameters: {'gradient_clip_val': 0.10194634024025698, 'hidden_size': 55, 'dropout': 0.2535779815398999, 'hidden_continuous_size': 41, 'attention_head_size': 2, 'learning_rate': 0.0601118073898762}. Best is trial 0 with value: 0.08025295287370682.
[I 2023-12-27 11:24:39,522] Trial 14 finished with value: 2.902977705001831 and parameters: {'gradient_clip_val': 0.32216743385861196, 'hidden_size': 37, 'dropout': 0.25372529334171634, 'hidden_continuous_size': 11, 'attention_head_size': 4, 'learning_rate': 0.015396952359184306}. Best is trial 0 with value: 0.08025295287370682.
[I 2023-12-27 11:24:40,165] Trial 15 finished with value: 4.036434650421143 and parameters: {'gradient_clip_val': 0.1455682114347915, 'hidden_size': 142, 'dropout': 0.17274356553000425, 'hidden_continuous_size': 87, 'attention_head_size': 1, 'learning_rate': 0.048085592054336726}. Best is trial 0 with value: 0.08025295287370682.
[I 2023-12-27 11:24:40,645] Trial 16 finished with value: 3.9602479934692383 and parameters: {'gradient_clip_val': 0.15277387283204272, 'hidden_size': 69, 'dropout': 0.27178255895135695, 'hidden_continuous_size': 8, 'attention_head_size': 3, 'learning_rate': 0.024936464422157828}. Best is trial 0 with value: 0.08025295287370682.
[I 2023-12-27 11:24:41,031] Trial 17 finished with value: 3.2234504222869873 and parameters: {'gradient_clip_val': 0.30255813159584427, 'hidden_size': 11, 'dropout': 0.39662252458765057, 'hidden_continuous_size': 6, 'attention_head_size': 2, 'learning_rate': 0.06164726449133854}. Best is trial 0 with value: 0.08025295287370682.
[I 2023-12-27 11:24:41,414] Trial 18 finished with value: 3.3037290573120117 and parameters: {'gradient_clip_val': 0.13642415745217903, 'hidden_size': 23, 'dropout': 0.28145309223672677, 'hidden_continuous_size': 7, 'attention_head_size': 1, 'learning_rate': 0.00988876386078268}. Best is trial 0 with value: 0.08025295287370682.
[I 2023-12-27 11:24:41,810] Trial 19 finished with value: 2.651097536087036 and parameters: {'gradient_clip_val': 0.10055939996646193, 'hidden_size': 10, 'dropout': 0.22595811663076287, 'hidden_continuous_size': 6, 'attention_head_size': 2, 'learning_rate': 0.024936101775708854}. Best is trial 0 with value: 0.08025295287370682.
[I 2023-12-27 11:24:42,214] Trial 20 finished with value: 3.4376583099365234 and parameters: {'gradient_clip_val': 0.1715613361991915, 'hidden_size': 33, 'dropout': 0.21988058290039425, 'hidden_continuous_size': 10, 'attention_head_size': 2, 'learning_rate': 0.0054229298699125005}. Best is trial 0 with value: 0.08025295287370682.
[I 2023-12-27 11:24:42,888] Trial 21 finished with value: 2.4847378730773926 and parameters: {'gradient_clip_val': 0.10049858264663633, 'hidden_size': 10, 'dropout': 0.16624073030219433, 'hidden_continuous_size': 6, 'attention_head_size': 1, 'learning_rate': 0.021512505359519495}. Best is trial 0 with value: 0.08025295287370682.
[I 2023-12-27 11:24:43,268] Trial 22 finished with value: 3.5234763622283936 and parameters: {'gradient_clip_val': 0.12227084178958231, 'hidden_size': 12, 'dropout': 0.16600549478208151, 'hidden_continuous_size': 5, 'attention_head_size': 2, 'learning_rate': 0.02661792054309052}. Best is trial 0 with value: 0.08025295287370682.
[I 2023-12-27 11:24:43,656] Trial 23 finished with value: 4.561818599700928 and parameters: {'gradient_clip_val': 0.12622163321209207, 'hidden_size': 22, 'dropout': 0.2264274515494787, 'hidden_continuous_size': 6, 'attention_head_size': 1, 'learning_rate': 0.018325904520619517}. Best is trial 0 with value: 0.08025295287370682.
[I 2023-12-27 11:24:44,062] Trial 24 finished with value: 2.8130922317504883 and parameters: {'gradient_clip_val': 0.12379285433609485, 'hidden_size': 15, 'dropout': 0.14503490666614424, 'hidden_continuous_size': 6, 'attention_head_size': 3, 'learning_rate': 0.033327103184195066}. Best is trial 0 with value: 0.08025295287370682.
[I 2023-12-27 11:24:44,441] Trial 25 finished with value: 3.536573648452759 and parameters: {'gradient_clip_val': 0.10181247798690851, 'hidden_size': 10, 'dropout': 0.1935311014149993, 'hidden_continuous_size': 6, 'attention_head_size': 2, 'learning_rate': 0.011913159047246243}. Best is trial 0 with value: 0.08025295287370682.
[I 2023-12-27 11:24:44,836] Trial 26 finished with value: 2.2166366577148438 and parameters: {'gradient_clip_val': 0.1719165704637531, 'hidden_size': 21, 'dropout': 0.24077180780603463, 'hidden_continuous_size': 8, 'attention_head_size': 1, 'learning_rate': 0.02118570961475716}. Best is trial 0 with value: 0.08025295287370682.
[I 2023-12-27 11:24:45,253] Trial 27 finished with value: 3.8609771728515625 and parameters: {'gradient_clip_val': 0.1907353318522806, 'hidden_size': 20, 'dropout': 0.24713324841820877, 'hidden_continuous_size': 7, 'attention_head_size': 1, 'learning_rate': 0.009748534696919275}. Best is trial 0 with value: 0.08025295287370682.
[I 2023-12-27 11:24:45,654] Trial 28 finished with value: 3.8915252685546875 and parameters: {'gradient_clip_val': 0.15536241272097526, 'hidden_size': 27, 'dropout': 0.20264578196144845, 'hidden_continuous_size': 9, 'attention_head_size': 1, 'learning_rate': 0.01555568324013174}. Best is trial 0 with value: 0.08025295287370682.
[I 2023-12-27 11:24:46,078] Trial 29 finished with value: 3.62219500541687 and parameters: {'gradient_clip_val': 0.17227300943374496, 'hidden_size': 43, 'dropout': 0.268170893457054, 'hidden_continuous_size': 11, 'attention_head_size': 1, 'learning_rate': 0.006407555576716016}. Best is trial 0 with value: 0.08025295287370682.
[I 2023-12-27 11:24:46,463] Trial 30 finished with value: 2.439652681350708 and parameters: {'gradient_clip_val': 0.12879562663985963, 'hidden_size': 14, 'dropout': 0.11843088468144825, 'hidden_continuous_size': 7, 'attention_head_size': 1, 'learning_rate': 0.04715397234923662}. Best is trial 0 with value: 0.08025295287370682.
[I 2023-12-27 11:24:46,842] Trial 31 finished with value: 4.1812520027160645 and parameters: {'gradient_clip_val': 0.12649480807608435, 'hidden_size': 14, 'dropout': 0.11373566753273802, 'hidden_continuous_size': 7, 'attention_head_size': 1, 'learning_rate': 0.04674417080645122}. Best is trial 0 with value: 0.08025295287370682.
[I 2023-12-27 11:24:47,232] Trial 32 finished with value: 2.321826934814453 and parameters: {'gradient_clip_val': 0.11596293943323267, 'hidden_size': 19, 'dropout': 0.13718361575519378, 'hidden_continuous_size': 8, 'attention_head_size': 1, 'learning_rate': 0.032037734060670356}. Best is trial 0 with value: 0.08025295287370682.
[I 2023-12-27 11:24:47,615] Trial 33 finished with value: 4.276849269866943 and parameters: {'gradient_clip_val': 0.17563312796153874, 'hidden_size': 19, 'dropout': 0.13111840270374261, 'hidden_continuous_size': 8, 'attention_head_size': 1, 'learning_rate': 0.03248355043715419}. Best is trial 0 with value: 0.08025295287370682.
[I 2023-12-27 11:24:48,293] Trial 34 finished with value: 2.6967742443084717 and parameters: {'gradient_clip_val': 0.1195379544539505, 'hidden_size': 29, 'dropout': 0.11976394044235351, 'hidden_continuous_size': 9, 'attention_head_size': 1, 'learning_rate': 0.03138683215595551}. Best is trial 0 with value: 0.08025295287370682.
[I 2023-12-27 11:24:48,706] Trial 35 finished with value: 4.07136344909668 and parameters: {'gradient_clip_val': 0.13241649833254693, 'hidden_size': 22, 'dropout': 0.10316966773101584, 'hidden_continuous_size': 10, 'attention_head_size': 1, 'learning_rate': 0.060004015180015434}. Best is trial 0 with value: 0.08025295287370682.
[I 2023-12-27 11:24:49,093] Trial 36 finished with value: 3.5603344440460205 and parameters: {'gradient_clip_val': 0.245040491564639, 'hidden_size': 13, 'dropout': 0.14561498457709127, 'hidden_continuous_size': 5, 'attention_head_size': 1, 'learning_rate': 0.020029827682456935}. Best is trial 0 with value: 0.08025295287370682.
[I 2023-12-27 11:24:49,460] Trial 37 finished with value: 3.103743314743042 and parameters: {'gradient_clip_val': 0.18677423734793602, 'hidden_size': 16, 'dropout': 0.1798321752790351, 'hidden_continuous_size': 8, 'attention_head_size': 1, 'learning_rate': 0.07229808891982671}. Best is trial 0 with value: 0.08025295287370682.
[I 2023-12-27 11:24:49,855] Trial 38 finished with value: 4.398895740509033 and parameters: {'gradient_clip_val': 0.11636613546671329, 'hidden_size': 24, 'dropout': 0.1576929743552884, 'hidden_continuous_size': 7, 'attention_head_size': 1, 'learning_rate': 0.04610827062333595}. Best is trial 0 with value: 0.08025295287370682.
[I 2023-12-27 11:24:50,231] Trial 39 finished with value: 3.714851140975952 and parameters: {'gradient_clip_val': 0.15724247482611495, 'hidden_size': 8, 'dropout': 0.18724634013897773, 'hidden_continuous_size': 5, 'attention_head_size': 1, 'learning_rate': 0.03777874107306417}. Best is trial 0 with value: 0.08025295287370682.
[I 2023-12-27 11:24:50,631] Trial 40 finished with value: 3.088296890258789 and parameters: {'gradient_clip_val': 0.11762018070206388, 'hidden_size': 18, 'dropout': 0.1329772301041972, 'hidden_continuous_size': 8, 'attention_head_size': 1, 'learning_rate': 0.02618786098028006}. Best is trial 0 with value: 0.08025295287370682.
[I 2023-12-27 11:24:51,018] Trial 41 finished with value: 3.487776517868042 and parameters: {'gradient_clip_val': 0.14071482565810042, 'hidden_size': 7, 'dropout': 0.1651129891470876, 'hidden_continuous_size': 5, 'attention_head_size': 1, 'learning_rate': 0.023550123552988782}. Best is trial 0 with value: 0.08025295287370682.
[I 2023-12-27 11:24:51,412] Trial 42 finished with value: 3.8963911533355713 and parameters: {'gradient_clip_val': 0.1355001394093516, 'hidden_size': 9, 'dropout': 0.20673244965248172, 'hidden_continuous_size': 6, 'attention_head_size': 1, 'learning_rate': 0.044479399826541956}. Best is trial 0 with value: 0.08025295287370682.
[I 2023-12-27 11:24:51,815] Trial 43 finished with value: 4.588271617889404 and parameters: {'gradient_clip_val': 0.1126256449491685, 'hidden_size': 13, 'dropout': 0.15621039407852372, 'hidden_continuous_size': 7, 'attention_head_size': 1, 'learning_rate': 0.01964167500965692}. Best is trial 0 with value: 0.08025295287370682.
[I 2023-12-27 11:24:52,200] Trial 44 finished with value: 4.453395843505859 and parameters: {'gradient_clip_val': 0.11200718514976274, 'hidden_size': 19, 'dropout': 0.18042990612778864, 'hidden_continuous_size': 8, 'attention_head_size': 1, 'learning_rate': 0.031139223310494617}. Best is trial 0 with value: 0.08025295287370682.
[I 2023-12-27 11:24:52,584] Trial 45 finished with value: 3.465468406677246 and parameters: {'gradient_clip_val': 0.13980800092008597, 'hidden_size': 15, 'dropout': 0.1369050352049776, 'hidden_continuous_size': 7, 'attention_head_size': 2, 'learning_rate': 0.03673171804088179}. Best is trial 0 with value: 0.08025295287370682.
[I 2023-12-27 11:24:52,973] Trial 46 finished with value: 3.842541456222534 and parameters: {'gradient_clip_val': 0.10988927526914345, 'hidden_size': 12, 'dropout': 0.12130166540701438, 'hidden_continuous_size': 6, 'attention_head_size': 4, 'learning_rate': 0.07459907018995046}. Best is trial 0 with value: 0.08025295287370682.
[I 2023-12-27 11:24:53,381] Trial 47 finished with value: 3.828632354736328 and parameters: {'gradient_clip_val': 0.15755902650726603, 'hidden_size': 33, 'dropout': 0.203117556057727, 'hidden_continuous_size': 13, 'attention_head_size': 1, 'learning_rate': 0.014221433245788504}. Best is trial 0 with value: 0.08025295287370682.
[I 2023-12-27 11:24:53,974] Trial 48 finished with value: 3.213359832763672 and parameters: {'gradient_clip_val': 0.10210801400173117, 'hidden_size': 17, 'dropout': 0.10274633863164499, 'hidden_continuous_size': 9, 'attention_head_size': 2, 'learning_rate': 0.05868639218991477}. Best is trial 0 with value: 0.08025295287370682.
[I 2023-12-27 11:24:54,336] Trial 49 finished with value: 3.967331647872925 and parameters: {'gradient_clip_val': 0.12922245059375553, 'hidden_size': 6, 'dropout': 0.15517285943691064, 'hidden_continuous_size': 5, 'attention_head_size': 1, 'learning_rate': 0.01956227104154878}. Best is trial 0 with value: 0.08025295287370682.
[I 2023-12-27 11:24:54,447] A new study created in memory with name: no-name-6fe7da08-aedb-457b-84dc-eaae97edec48
/home/le004/conda/anaconda3/envs/tsff_env/lib/python3.9/site-packages/lightning/fabric/plugins/environments/slurm.py:191: The `srun` command is available on your system but is not used. HINT: If your intention is to run Lightning on SLURM, prepend your python command with `srun` like so: srun python /home/le004/master_thesis/git/TSFusionForecast/code/ ...
[I 2023-12-27 11:25:29,154] Trial 0 finished with value: 0.8776971697807312 and parameters: {'gradient_clip_val': 0.3665854979618682, 'hidden_size': 23, 'dropout': 0.20826245865784065, 'hidden_continuous_size': 15, 'attention_head_size': 4, 'learning_rate': 0.0006288097652209862}. Best is trial 0 with value: 0.8776971697807312.
[I 2023-12-27 11:25:52,873] Trial 1 finished with value: 0.5708478689193726 and parameters: {'gradient_clip_val': 0.8735138302811445, 'hidden_size': 32, 'dropout': 0.3113302942906766, 'hidden_continuous_size': 9, 'attention_head_size': 4, 'learning_rate': 0.023433218509451785}. Best is trial 1 with value: 0.5708478689193726.
