[I 2023-12-26 16:23:01,603] Trial 10 finished with value: 157.9647979736328 and parameters: {'gradient_clip_val': 0.2259103558400405, 'hidden_size': 107, 'dropout': 0.10136002403270752, 'hidden_continuous_size': 101, 'attention_head_size': 1, 'learning_rate': 0.0005404757711159947}. Best is trial 0 with value: 68.7240982055664.
[I 2023-12-26 16:23:03,472] Trial 11 finished with value: 172.73284912109375 and parameters: {'gradient_clip_val': 0.20422899879796028, 'hidden_size': 5, 'dropout': 0.4252453832814846, 'hidden_continuous_size': 5, 'attention_head_size': 2, 'learning_rate': 0.0027967011989047984}. Best is trial 0 with value: 68.7240982055664.
[I 2023-12-26 16:23:05,300] Trial 12 finished with value: 162.64585876464844 and parameters: {'gradient_clip_val': 0.23343838257734215, 'hidden_size': 5, 'dropout': 0.42191647286377787, 'hidden_continuous_size': 5, 'attention_head_size': 1, 'learning_rate': 0.014852479691163033}. Best is trial 0 with value: 68.7240982055664.
[I 2023-12-26 16:23:10,357] Trial 13 finished with value: 142.98699951171875 and parameters: {'gradient_clip_val': 0.15140154650587456, 'hidden_size': 63, 'dropout': 0.2735427581230504, 'hidden_continuous_size': 10, 'attention_head_size': 2, 'learning_rate': 0.0036815237711179953}. Best is trial 0 with value: 68.7240982055664.
[I 2023-12-26 16:23:12,730] Trial 14 finished with value: 137.41476440429688 and parameters: {'gradient_clip_val': 0.30607620288913795, 'hidden_size': 20, 'dropout': 0.4478713319594969, 'hidden_continuous_size': 5, 'attention_head_size': 3, 'learning_rate': 0.009235678114516442}. Best is trial 0 with value: 68.7240982055664.
[I 2023-12-26 16:23:15,031] Trial 15 finished with value: 129.0989990234375 and parameters: {'gradient_clip_val': 0.14468179200777423, 'hidden_size': 19, 'dropout': 0.36785501897110023, 'hidden_continuous_size': 5, 'attention_head_size': 1, 'learning_rate': 0.027232886570648384}. Best is trial 0 with value: 68.7240982055664.
[I 2023-12-26 16:23:19,864] Trial 16 finished with value: 110.57833862304688 and parameters: {'gradient_clip_val': 0.9867878737976246, 'hidden_size': 57, 'dropout': 0.4595850836560211, 'hidden_continuous_size': 10, 'attention_head_size': 2, 'learning_rate': 0.006403672096832685}. Best is trial 0 with value: 68.7240982055664.
[I 2023-12-26 16:23:24,196] Trial 17 finished with value: 147.9076385498047 and parameters: {'gradient_clip_val': 0.7587486520140997, 'hidden_size': 63, 'dropout': 0.3113169240787236, 'hidden_continuous_size': 11, 'attention_head_size': 1, 'learning_rate': 0.022080765082467514}. Best is trial 0 with value: 68.7240982055664.
[I 2023-12-26 16:23:31,259] Trial 18 finished with value: 193.94398498535156 and parameters: {'gradient_clip_val': 0.882492272420804, 'hidden_size': 89, 'dropout': 0.496017447953681, 'hidden_continuous_size': 14, 'attention_head_size': 2, 'learning_rate': 0.08496432935738801}. Best is trial 0 with value: 68.7240982055664.
[I 2023-12-26 16:23:42,637] Trial 19 finished with value: 178.4804229736328 and parameters: {'gradient_clip_val': 0.9595509579762908, 'hidden_size': 149, 'dropout': 0.3917144489244799, 'hidden_continuous_size': 16, 'attention_head_size': 3, 'learning_rate': 0.007570989187207036}. Best is trial 0 with value: 68.7240982055664.
[I 2023-12-26 16:23:45,702] Trial 20 finished with value: 133.4136505126953 and parameters: {'gradient_clip_val': 0.6172292933099951, 'hidden_size': 53, 'dropout': 0.4679991577130118, 'hidden_continuous_size': 9, 'attention_head_size': 1, 'learning_rate': 0.0023344778266879604}. Best is trial 0 with value: 68.7240982055664.
[I 2023-12-26 16:23:48,011] Trial 21 finished with value: 141.42552185058594 and parameters: {'gradient_clip_val': 0.5534115380420043, 'hidden_size': 22, 'dropout': 0.4488522183892125, 'hidden_continuous_size': 6, 'attention_head_size': 2, 'learning_rate': 0.006250986479294603}. Best is trial 0 with value: 68.7240982055664.
[I 2023-12-26 16:23:50,922] Trial 22 finished with value: 140.6905975341797 and parameters: {'gradient_clip_val': 0.2989729357665645, 'hidden_size': 46, 'dropout': 0.4376762560073364, 'hidden_continuous_size': 7, 'attention_head_size': 2, 'learning_rate': 0.004471414604385537}. Best is trial 0 with value: 68.7240982055664.
[I 2023-12-26 16:23:53,311] Trial 23 finished with value: 145.3646697998047 and parameters: {'gradient_clip_val': 0.5613293801848189, 'hidden_size': 32, 'dropout': 0.39665786918856544, 'hidden_continuous_size': 8, 'attention_head_size': 2, 'learning_rate': 0.008053199603440515}. Best is trial 0 with value: 68.7240982055664.
[I 2023-12-26 16:23:55,844] Trial 24 finished with value: 142.11024475097656 and parameters: {'gradient_clip_val': 0.9972760058824875, 'hidden_size': 27, 'dropout': 0.46623400118402775, 'hidden_continuous_size': 5, 'attention_head_size': 3, 'learning_rate': 0.006317812829758616}. Best is trial 0 with value: 68.7240982055664.
[I 2023-12-26 16:24:00,905] Trial 25 finished with value: 143.25425720214844 and parameters: {'gradient_clip_val': 0.2679637571316079, 'hidden_size': 68, 'dropout': 0.41713205933085096, 'hidden_continuous_size': 11, 'attention_head_size': 2, 'learning_rate': 0.002765633206929425}. Best is trial 0 with value: 68.7240982055664.
[I 2023-12-26 16:24:04,101] Trial 26 finished with value: 108.1377182006836 and parameters: {'gradient_clip_val': 0.3638879274172789, 'hidden_size': 41, 'dropout': 0.498277372196997, 'hidden_continuous_size': 6, 'attention_head_size': 1, 'learning_rate': 0.011937375508854459}. Best is trial 0 with value: 68.7240982055664.
[I 2023-12-26 16:24:08,719] Trial 27 finished with value: 156.4660186767578 and parameters: {'gradient_clip_val': 0.3585798322330499, 'hidden_size': 46, 'dropout': 0.498408000303159, 'hidden_continuous_size': 6, 'attention_head_size': 1, 'learning_rate': 0.016747629708155843}. Best is trial 0 with value: 68.7240982055664.
[I 2023-12-26 16:24:12,973] Trial 28 finished with value: 144.90234375 and parameters: {'gradient_clip_val': 0.3745985812385681, 'hidden_size': 38, 'dropout': 0.4664240803817144, 'hidden_continuous_size': 8, 'attention_head_size': 1, 'learning_rate': 0.010257519557534078}. Best is trial 0 with value: 68.7240982055664.
[I 2023-12-26 16:24:18,280] Trial 29 finished with value: 164.28744506835938 and parameters: {'gradient_clip_val': 0.7607790679647491, 'hidden_size': 81, 'dropout': 0.3683342052553737, 'hidden_continuous_size': 13, 'attention_head_size': 1, 'learning_rate': 0.004072346641377816}. Best is trial 0 with value: 68.7240982055664.
[I 2023-12-26 16:24:21,697] Trial 30 finished with value: 146.5832061767578 and parameters: {'gradient_clip_val': 0.833476640628384, 'hidden_size': 52, 'dropout': 0.4753747707135414, 'hidden_continuous_size': 9, 'attention_head_size': 1, 'learning_rate': 0.021692977853057033}. Best is trial 0 with value: 68.7240982055664.
[I 2023-12-26 16:24:24,180] Trial 31 finished with value: 127.63009643554688 and parameters: {'gradient_clip_val': 0.6475382528747754, 'hidden_size': 28, 'dropout': 0.4460515634035068, 'hidden_continuous_size': 6, 'attention_head_size': 2, 'learning_rate': 0.004850233007879839}. Best is trial 0 with value: 68.7240982055664.
[I 2023-12-26 16:24:26,693] Trial 32 finished with value: 157.62469482421875 and parameters: {'gradient_clip_val': 0.5090421553086247, 'hidden_size': 36, 'dropout': 0.4587773412851461, 'hidden_continuous_size': 5, 'attention_head_size': 1, 'learning_rate': 0.008393942128902147}. Best is trial 0 with value: 68.7240982055664.
[I 2023-12-26 16:24:29,014] Trial 33 finished with value: 152.0538787841797 and parameters: {'gradient_clip_val': 0.41347127488231006, 'hidden_size': 25, 'dropout': 0.4189183902684831, 'hidden_continuous_size': 7, 'attention_head_size': 2, 'learning_rate': 0.012300481875491402}. Best is trial 0 with value: 68.7240982055664.
[I 2023-12-26 16:24:31,808] Trial 34 finished with value: 122.35647583007812 and parameters: {'gradient_clip_val': 0.33597001838114177, 'hidden_size': 41, 'dropout': 0.4961669657849218, 'hidden_continuous_size': 6, 'attention_head_size': 3, 'learning_rate': 0.006668655512043856}. Best is trial 0 with value: 68.7240982055664.
[I 2023-12-26 16:24:35,169] Trial 35 finished with value: 144.04928588867188 and parameters: {'gradient_clip_val': 0.34305537302399863, 'hidden_size': 40, 'dropout': 0.4803969895138631, 'hidden_continuous_size': 7, 'attention_head_size': 3, 'learning_rate': 0.010859916642675167}. Best is trial 0 with value: 68.7240982055664.
[I 2023-12-26 16:24:39,381] Trial 36 finished with value: 153.4089813232422 and parameters: {'gradient_clip_val': 0.40318036156774895, 'hidden_size': 53, 'dropout': 0.48791036018675016, 'hidden_continuous_size': 6, 'attention_head_size': 4, 'learning_rate': 0.006893742247789137}. Best is trial 0 with value: 68.7240982055664.
[I 2023-12-26 16:24:42,135] Trial 37 finished with value: 126.82498931884766 and parameters: {'gradient_clip_val': 0.3366489506721871, 'hidden_size': 32, 'dropout': 0.4978053502753595, 'hidden_continuous_size': 7, 'attention_head_size': 3, 'learning_rate': 0.005414757450679108}. Best is trial 0 with value: 68.7240982055664.
[I 2023-12-26 16:24:45,253] Trial 38 finished with value: 152.57464599609375 and parameters: {'gradient_clip_val': 0.4960252790789022, 'hidden_size': 44, 'dropout': 0.4569765507795394, 'hidden_continuous_size': 6, 'attention_head_size': 3, 'learning_rate': 0.009307538494138047}. Best is trial 0 with value: 68.7240982055664.
[I 2023-12-26 16:24:48,087] Trial 39 finished with value: 158.59266662597656 and parameters: {'gradient_clip_val': 0.432402363622312, 'hidden_size': 35, 'dropout': 0.4360323288861677, 'hidden_continuous_size': 8, 'attention_head_size': 4, 'learning_rate': 0.015028044553813116}. Best is trial 0 with value: 68.7240982055664.
[I 2023-12-26 16:24:54,077] Trial 40 finished with value: 152.75950622558594 and parameters: {'gradient_clip_val': 0.6020308336407731, 'hidden_size': 74, 'dropout': 0.4745538427922632, 'hidden_continuous_size': 18, 'attention_head_size': 3, 'learning_rate': 0.0038217577575200257}. Best is trial 0 with value: 68.7240982055664.
[I 2023-12-26 16:24:56,327] Trial 41 finished with value: 158.75839233398438 and parameters: {'gradient_clip_val': 0.28863267182475644, 'hidden_size': 8, 'dropout': 0.4083653028005153, 'hidden_continuous_size': 5, 'attention_head_size': 2, 'learning_rate': 0.0059876170100089995}. Best is trial 0 with value: 68.7240982055664.
[I 2023-12-26 16:24:58,428] Trial 42 finished with value: 166.91358947753906 and parameters: {'gradient_clip_val': 0.3858976344955552, 'hidden_size': 12, 'dropout': 0.43474882210721955, 'hidden_continuous_size': 5, 'attention_head_size': 2, 'learning_rate': 0.012001935335092357}. Best is trial 0 with value: 68.7240982055664.
[I 2023-12-26 16:25:01,998] Trial 43 finished with value: 121.00665283203125 and parameters: {'gradient_clip_val': 0.46261165076083494, 'hidden_size': 58, 'dropout': 0.4796712008351917, 'hidden_continuous_size': 6, 'attention_head_size': 1, 'learning_rate': 0.007652075928247272}. Best is trial 0 with value: 68.7240982055664.
[I 2023-12-26 16:25:05,320] Trial 44 finished with value: 168.31553649902344 and parameters: {'gradient_clip_val': 0.45424406713823967, 'hidden_size': 58, 'dropout': 0.49938060258494316, 'hidden_continuous_size': 6, 'attention_head_size': 1, 'learning_rate': 0.007376612421964124}. Best is trial 0 with value: 68.7240982055664.
[I 2023-12-26 16:25:08,947] Trial 45 finished with value: 142.59385681152344 and parameters: {'gradient_clip_val': 0.3298754125628896, 'hidden_size': 48, 'dropout': 0.4772698314041131, 'hidden_continuous_size': 7, 'attention_head_size': 1, 'learning_rate': 0.004999346050542613}. Best is trial 0 with value: 68.7240982055664.
[I 2023-12-26 16:25:12,876] Trial 46 finished with value: 111.74362182617188 and parameters: {'gradient_clip_val': 0.483173519235717, 'hidden_size': 41, 'dropout': 0.457694002302878, 'hidden_continuous_size': 6, 'attention_head_size': 1, 'learning_rate': 0.009137380416732635}. Best is trial 0 with value: 68.7240982055664.
[I 2023-12-26 16:25:16,303] Trial 47 finished with value: 149.4921875 and parameters: {'gradient_clip_val': 0.48604605263855777, 'hidden_size': 59, 'dropout': 0.45676451847784677, 'hidden_continuous_size': 9, 'attention_head_size': 1, 'learning_rate': 0.010044937345534796}. Best is trial 0 with value: 68.7240982055664.
[I 2023-12-26 16:25:20,223] Trial 48 finished with value: 149.3864288330078 and parameters: {'gradient_clip_val': 0.4217190554987412, 'hidden_size': 69, 'dropout': 0.43255071279661567, 'hidden_continuous_size': 8, 'attention_head_size': 1, 'learning_rate': 0.013345802843574346}. Best is trial 0 with value: 68.7240982055664.
[I 2023-12-26 16:25:25,611] Trial 49 finished with value: 140.39085388183594 and parameters: {'gradient_clip_val': 0.6936410968072904, 'hidden_size': 90, 'dropout': 0.4499222391400804, 'hidden_continuous_size': 21, 'attention_head_size': 1, 'learning_rate': 0.0032626564629558374}. Best is trial 0 with value: 68.7240982055664.
[I 2023-12-26 16:25:25,730] A new study created in memory with name: no-name-66cf612f-0a87-4445-a3f5-ba2e6a77af9b
/home/le004/conda/anaconda3/envs/tsff_env/lib/python3.9/site-packages/lightning/fabric/plugins/environments/slurm.py:191: The `srun` command is available on your system but is not used. HINT: If your intention is to run Lightning on SLURM, prepend your python command with `srun` like so: srun python /home/le004/master_thesis/git/TSFusionForecast/code/ ...
[I 2023-12-26 16:30:20,691] Trial 0 finished with value: 13.712407112121582 and parameters: {'gradient_clip_val': 0.18486089377979217, 'hidden_size': 26, 'dropout': 0.34795665964395367, 'hidden_continuous_size': 24, 'attention_head_size': 3, 'learning_rate': 0.0006553780816025364}. Best is trial 0 with value: 13.712407112121582.
[I 2023-12-26 16:30:22,750] Trial 1 finished with value: 71.2175064086914 and parameters: {'gradient_clip_val': 0.9773693129259188, 'hidden_size': 12, 'dropout': 0.49223228202627933, 'hidden_continuous_size': 8, 'attention_head_size': 4, 'learning_rate': 0.00162967584394435}. Best is trial 0 with value: 13.712407112121582.
[I 2023-12-26 16:30:25,726] Trial 2 finished with value: 60.24208068847656 and parameters: {'gradient_clip_val': 0.7141814671119664, 'hidden_size': 45, 'dropout': 0.20058161377931671, 'hidden_continuous_size': 13, 'attention_head_size': 3, 'learning_rate': 0.07496626826069676}. Best is trial 0 with value: 13.712407112121582.
[I 2023-12-26 16:30:32,074] Trial 3 finished with value: 52.99666976928711 and parameters: {'gradient_clip_val': 0.573910128900831, 'hidden_size': 98, 'dropout': 0.21426557045020667, 'hidden_continuous_size': 67, 'attention_head_size': 3, 'learning_rate': 0.002220272622464598}. Best is trial 0 with value: 13.712407112121582.
[I 2023-12-26 16:30:33,856] Trial 4 finished with value: 57.59383773803711 and parameters: {'gradient_clip_val': 0.39485630362027757, 'hidden_size': 6, 'dropout': 0.114850187212995, 'hidden_continuous_size': 6, 'attention_head_size': 2, 'learning_rate': 0.006725428124296119}. Best is trial 0 with value: 13.712407112121582.
[I 2023-12-26 16:30:36,130] Trial 5 finished with value: 48.95549011230469 and parameters: {'gradient_clip_val': 0.12009645372937068, 'hidden_size': 24, 'dropout': 0.19835182655591638, 'hidden_continuous_size': 19, 'attention_head_size': 3, 'learning_rate': 0.0014179970136711012}. Best is trial 0 with value: 13.712407112121582.
[I 2023-12-26 16:30:43,343] Trial 6 finished with value: 66.3129653930664 and parameters: {'gradient_clip_val': 0.8488894759681629, 'hidden_size': 119, 'dropout': 0.34417206484400553, 'hidden_continuous_size': 11, 'attention_head_size': 3, 'learning_rate': 0.01755917153761622}. Best is trial 0 with value: 13.712407112121582.
[I 2023-12-26 16:30:50,007] Trial 7 finished with value: 44.7447395324707 and parameters: {'gradient_clip_val': 0.3721418045435312, 'hidden_size': 104, 'dropout': 0.3990052933898034, 'hidden_continuous_size': 67, 'attention_head_size': 1, 'learning_rate': 0.002524026118124553}. Best is trial 0 with value: 13.712407112121582.
[I 2023-12-26 16:31:00,686] Trial 8 finished with value: 59.87693786621094 and parameters: {'gradient_clip_val': 0.5213388329749764, 'hidden_size': 145, 'dropout': 0.11216678196534402, 'hidden_continuous_size': 15, 'attention_head_size': 1, 'learning_rate': 0.06097938410099}. Best is trial 0 with value: 13.712407112121582.
[I 2023-12-26 16:31:03,183] Trial 9 finished with value: 69.11119079589844 and parameters: {'gradient_clip_val': 0.3861697316339226, 'hidden_size': 19, 'dropout': 0.49598224080122766, 'hidden_continuous_size': 10, 'attention_head_size': 2, 'learning_rate': 0.007029114166152382}. Best is trial 0 with value: 13.712407112121582.
[I 2023-12-26 16:31:07,318] Trial 10 finished with value: 34.74937057495117 and parameters: {'gradient_clip_val': 0.20168979917413687, 'hidden_size': 49, 'dropout': 0.301817447021077, 'hidden_continuous_size': 23, 'attention_head_size': 4, 'learning_rate': 0.0005497364441611052}. Best is trial 0 with value: 13.712407112121582.
[I 2023-12-26 16:31:11,292] Trial 11 finished with value: 58.79555892944336 and parameters: {'gradient_clip_val': 0.1812633363725439, 'hidden_size': 45, 'dropout': 0.3091542159726741, 'hidden_continuous_size': 22, 'attention_head_size': 4, 'learning_rate': 0.0005274018660007332}. Best is trial 0 with value: 13.712407112121582.
[I 2023-12-26 16:31:15,761] Trial 12 finished with value: 46.02421188354492 and parameters: {'gradient_clip_val': 0.19788394765427048, 'hidden_size': 45, 'dropout': 0.3670910926504251, 'hidden_continuous_size': 28, 'attention_head_size': 4, 'learning_rate': 0.0005374131435163048}. Best is trial 0 with value: 13.712407112121582.
[I 2023-12-26 16:31:19,405] Trial 13 finished with value: 63.248538970947266 and parameters: {'gradient_clip_val': 0.22461773403330534, 'hidden_size': 37, 'dropout': 0.2758968723238764, 'hidden_continuous_size': 27, 'attention_head_size': 4, 'learning_rate': 0.0008037134280874394}. Best is trial 0 with value: 13.712407112121582.
[I 2023-12-26 16:31:25,441] Trial 14 finished with value: 43.16288757324219 and parameters: {'gradient_clip_val': 0.2640271153597902, 'hidden_size': 70, 'dropout': 0.4062576032009484, 'hidden_continuous_size': 36, 'attention_head_size': 2, 'learning_rate': 0.0011607006400540067}. Best is trial 0 with value: 13.712407112121582.
[I 2023-12-26 16:31:28,050] Trial 15 finished with value: 42.9193115234375 and parameters: {'gradient_clip_val': 0.14892558801905129, 'hidden_size': 19, 'dropout': 0.2798454536205083, 'hidden_continuous_size': 8, 'attention_head_size': 4, 'learning_rate': 0.0005344827172502315}. Best is trial 0 with value: 13.712407112121582.
[I 2023-12-26 16:31:31,246] Trial 16 finished with value: 79.74960327148438 and parameters: {'gradient_clip_val': 0.10403376928984404, 'hidden_size': 31, 'dropout': 0.32586848120724066, 'hidden_continuous_size': 16, 'attention_head_size': 3, 'learning_rate': 0.0035441402658907216}. Best is trial 0 with value: 13.712407112121582.
[I 2023-12-26 16:31:36,524] Trial 17 finished with value: 43.25762939453125 and parameters: {'gradient_clip_val': 0.2729686414449159, 'hidden_size': 65, 'dropout': 0.25274200631413835, 'hidden_continuous_size': 35, 'attention_head_size': 4, 'learning_rate': 0.0009892015613498682}. Best is trial 0 with value: 13.712407112121582.
[I 2023-12-26 16:31:41,475] Trial 18 finished with value: 49.0662727355957 and parameters: {'gradient_clip_val': 0.15972438525638707, 'hidden_size': 64, 'dropout': 0.36962967262483626, 'hidden_continuous_size': 21, 'attention_head_size': 3, 'learning_rate': 0.0009343714680874992}. Best is trial 0 with value: 13.712407112121582.
[I 2023-12-26 16:31:43,818] Trial 19 finished with value: 48.119354248046875 and parameters: {'gradient_clip_val': 0.13816041013696811, 'hidden_size': 13, 'dropout': 0.4383654845520969, 'hidden_continuous_size': 5, 'attention_head_size': 2, 'learning_rate': 0.003831707710044699}. Best is trial 0 with value: 13.712407112121582.
[I 2023-12-26 16:31:46,822] Trial 20 finished with value: 52.92704391479492 and parameters: {'gradient_clip_val': 0.20896844279841675, 'hidden_size': 28, 'dropout': 0.32065505126418725, 'hidden_continuous_size': 13, 'attention_head_size': 4, 'learning_rate': 0.0017678295869337584}. Best is trial 0 with value: 13.712407112121582.
[I 2023-12-26 16:31:49,450] Trial 21 finished with value: 48.502838134765625 and parameters: {'gradient_clip_val': 0.15321611960521134, 'hidden_size': 21, 'dropout': 0.28423951817283377, 'hidden_continuous_size': 8, 'attention_head_size': 4, 'learning_rate': 0.0005013975558942985}. Best is trial 0 with value: 13.712407112121582.
[I 2023-12-26 16:31:51,834] Trial 22 finished with value: 64.56646728515625 and parameters: {'gradient_clip_val': 0.13794070776807218, 'hidden_size': 16, 'dropout': 0.2574879910582745, 'hidden_continuous_size': 7, 'attention_head_size': 4, 'learning_rate': 0.000780351631455634}. Best is trial 0 with value: 13.712407112121582.
[I 2023-12-26 16:31:55,113] Trial 23 finished with value: 56.97861099243164 and parameters: {'gradient_clip_val': 0.1739364541662307, 'hidden_size': 29, 'dropout': 0.3025868862256014, 'hidden_continuous_size': 10, 'attention_head_size': 3, 'learning_rate': 0.0008336183029082808}. Best is trial 0 with value: 13.712407112121582.
[I 2023-12-26 16:31:57,608] Trial 24 finished with value: 53.36831283569336 and parameters: {'gradient_clip_val': 0.235554427063444, 'hidden_size': 17, 'dropout': 0.339682048635974, 'hidden_continuous_size': 6, 'attention_head_size': 4, 'learning_rate': 0.0012757917488038105}. Best is trial 0 with value: 13.712407112121582.
