[I 2023-12-26 14:15:38,907] Trial 8 finished with value: 5.036850452423096 and parameters: {'gradient_clip_val': 0.256426737028917, 'hidden_size': 9, 'dropout': 0.4662108244787493, 'hidden_continuous_size': 6, 'attention_head_size': 4, 'learning_rate': 0.01710326462987442}. Best is trial 1 with value: 3.476199150085449.
[I 2023-12-26 14:15:41,013] Trial 9 finished with value: 4.416048049926758 and parameters: {'gradient_clip_val': 0.22381087150677006, 'hidden_size': 20, 'dropout': 0.30699036711147665, 'hidden_continuous_size': 6, 'attention_head_size': 2, 'learning_rate': 0.007012770081958126}. Best is trial 1 with value: 3.476199150085449.
[I 2023-12-26 14:15:50,569] Trial 10 finished with value: 2.754319906234741 and parameters: {'gradient_clip_val': 0.1041345203631092, 'hidden_size': 144, 'dropout': 0.12555840183856, 'hidden_continuous_size': 115, 'attention_head_size': 1, 'learning_rate': 0.08111103288407935}. Best is trial 10 with value: 2.754319906234741.
[I 2023-12-26 14:16:00,785] Trial 11 finished with value: 2.800119161605835 and parameters: {'gradient_clip_val': 0.11542523687944242, 'hidden_size': 150, 'dropout': 0.10740024252313404, 'hidden_continuous_size': 150, 'attention_head_size': 1, 'learning_rate': 0.09357501992264633}. Best is trial 10 with value: 2.754319906234741.
[I 2023-12-26 14:16:10,933] Trial 12 finished with value: 4.046461582183838 and parameters: {'gradient_clip_val': 0.10130754755665052, 'hidden_size': 145, 'dropout': 0.10128389097969996, 'hidden_continuous_size': 140, 'attention_head_size': 1, 'learning_rate': 0.09086118290919006}. Best is trial 10 with value: 2.754319906234741.
[I 2023-12-26 14:16:15,316] Trial 13 finished with value: 4.482600688934326 and parameters: {'gradient_clip_val': 0.13993650190886064, 'hidden_size': 68, 'dropout': 0.10215726113033284, 'hidden_continuous_size': 67, 'attention_head_size': 1, 'learning_rate': 0.04077241879138248}. Best is trial 10 with value: 2.754319906234741.
[I 2023-12-26 14:16:21,502] Trial 14 finished with value: 2.937354326248169 and parameters: {'gradient_clip_val': 0.14795248538840716, 'hidden_size': 91, 'dropout': 0.17805834194619477, 'hidden_continuous_size': 86, 'attention_head_size': 1, 'learning_rate': 0.0951586542112185}. Best is trial 10 with value: 2.754319906234741.
[I 2023-12-26 14:16:23,184] Trial 15 finished with value: 3.2648258209228516 and parameters: {'gradient_clip_val': 0.15832228864639722, 'hidden_size': 5, 'dropout': 0.15236352309669213, 'hidden_continuous_size': 5, 'attention_head_size': 1, 'learning_rate': 0.034910885308220646}. Best is trial 10 with value: 2.754319906234741.
[I 2023-12-26 14:16:33,352] Trial 16 finished with value: 4.004522800445557 and parameters: {'gradient_clip_val': 0.10109101933463535, 'hidden_size': 143, 'dropout': 0.14696468010223673, 'hidden_continuous_size': 135, 'attention_head_size': 1, 'learning_rate': 0.039203726799846426}. Best is trial 10 with value: 2.754319906234741.
[I 2023-12-26 14:16:36,639] Trial 17 finished with value: 4.731799125671387 and parameters: {'gradient_clip_val': 0.17816591167389698, 'hidden_size': 56, 'dropout': 0.21009052583299748, 'hidden_continuous_size': 33, 'attention_head_size': 2, 'learning_rate': 0.007925009870323754}. Best is trial 10 with value: 2.754319906234741.
[I 2023-12-26 14:16:39,698] Trial 18 finished with value: 3.8129303455352783 and parameters: {'gradient_clip_val': 0.12347707678743046, 'hidden_size': 47, 'dropout': 0.1333489912056243, 'hidden_continuous_size': 31, 'attention_head_size': 1, 'learning_rate': 0.09617863497066212}. Best is trial 10 with value: 2.754319906234741.
[I 2023-12-26 14:16:45,937] Trial 19 finished with value: 4.03148889541626 and parameters: {'gradient_clip_val': 0.17916727996804382, 'hidden_size': 101, 'dropout': 0.21121863253283127, 'hidden_continuous_size': 54, 'attention_head_size': 2, 'learning_rate': 0.05296648064104315}. Best is trial 10 with value: 2.754319906234741.
[I 2023-12-26 14:16:52,190] Trial 20 finished with value: 3.4083681106567383 and parameters: {'gradient_clip_val': 0.1345858951103676, 'hidden_size': 97, 'dropout': 0.10630517155482759, 'hidden_continuous_size': 49, 'attention_head_size': 1, 'learning_rate': 0.03197330409373909}. Best is trial 10 with value: 2.754319906234741.
[I 2023-12-26 14:16:58,277] Trial 21 finished with value: 2.452605962753296 and parameters: {'gradient_clip_val': 0.12950629376515838, 'hidden_size': 96, 'dropout': 0.17133845701324033, 'hidden_continuous_size': 80, 'attention_head_size': 1, 'learning_rate': 0.09140451797017148}. Best is trial 21 with value: 2.452605962753296.
[I 2023-12-26 14:17:08,245] Trial 22 finished with value: 3.336839437484741 and parameters: {'gradient_clip_val': 0.11677550390922249, 'hidden_size': 149, 'dropout': 0.1570995821704587, 'hidden_continuous_size': 102, 'attention_head_size': 1, 'learning_rate': 0.06970858482772237}. Best is trial 21 with value: 2.452605962753296.
[I 2023-12-26 14:17:15,391] Trial 23 finished with value: 4.039535045623779 and parameters: {'gradient_clip_val': 0.10580920126713006, 'hidden_size': 108, 'dropout': 0.1786007618500475, 'hidden_continuous_size': 81, 'attention_head_size': 2, 'learning_rate': 0.0587707177983148}. Best is trial 21 with value: 2.452605962753296.
[I 2023-12-26 14:17:19,587] Trial 24 finished with value: 2.9858477115631104 and parameters: {'gradient_clip_val': 0.13591668446507443, 'hidden_size': 67, 'dropout': 0.13012738344037136, 'hidden_continuous_size': 46, 'attention_head_size': 1, 'learning_rate': 0.09628599333683209}. Best is trial 21 with value: 2.452605962753296.
[I 2023-12-26 14:17:24,954] Trial 25 finished with value: 4.0115885734558105 and parameters: {'gradient_clip_val': 0.17095860143837333, 'hidden_size': 83, 'dropout': 0.17393575528551494, 'hidden_continuous_size': 63, 'attention_head_size': 1, 'learning_rate': 0.054427464530149225}. Best is trial 21 with value: 2.452605962753296.
[I 2023-12-26 14:17:33,041] Trial 26 finished with value: 3.435410499572754 and parameters: {'gradient_clip_val': 0.12251038937581454, 'hidden_size': 119, 'dropout': 0.12885630562222714, 'hidden_continuous_size': 91, 'attention_head_size': 2, 'learning_rate': 0.025663071074565235}. Best is trial 21 with value: 2.452605962753296.
[I 2023-12-26 14:17:40,320] Trial 27 finished with value: 2.7322170734405518 and parameters: {'gradient_clip_val': 0.1020906996563515, 'hidden_size': 114, 'dropout': 0.12620977195165237, 'hidden_continuous_size': 67, 'attention_head_size': 1, 'learning_rate': 0.06375897943881854}. Best is trial 21 with value: 2.452605962753296.
[I 2023-12-26 14:17:43,639] Trial 28 finished with value: 3.5773561000823975 and parameters: {'gradient_clip_val': 0.15421876836159074, 'hidden_size': 56, 'dropout': 0.231709696635432, 'hidden_continuous_size': 40, 'attention_head_size': 2, 'learning_rate': 0.050593617532565686}. Best is trial 21 with value: 2.452605962753296.
[I 2023-12-26 14:17:49,154] Trial 29 finished with value: 3.2784595489501953 and parameters: {'gradient_clip_val': 0.10135829411394219, 'hidden_size': 86, 'dropout': 0.18656699085084236, 'hidden_continuous_size': 60, 'attention_head_size': 1, 'learning_rate': 0.025252352456489775}. Best is trial 21 with value: 2.452605962753296.
[I 2023-12-26 14:17:56,876] Trial 30 finished with value: 3.0480968952178955 and parameters: {'gradient_clip_val': 0.19259807290266176, 'hidden_size': 118, 'dropout': 0.15854182264082464, 'hidden_continuous_size': 73, 'attention_head_size': 2, 'learning_rate': 0.06453544650682666}. Best is trial 21 with value: 2.452605962753296.
[I 2023-12-26 14:18:04,222] Trial 31 finished with value: 4.704769611358643 and parameters: {'gradient_clip_val': 0.12422585891117592, 'hidden_size': 109, 'dropout': 0.126475159047951, 'hidden_continuous_size': 96, 'attention_head_size': 1, 'learning_rate': 0.07225633046564724}. Best is trial 21 with value: 2.452605962753296.
[I 2023-12-26 14:18:14,529] Trial 32 finished with value: 4.2031707763671875 and parameters: {'gradient_clip_val': 0.11120694275331124, 'hidden_size': 145, 'dropout': 0.11686901099544719, 'hidden_continuous_size': 119, 'attention_head_size': 1, 'learning_rate': 0.07443637179239704}. Best is trial 21 with value: 2.452605962753296.
[I 2023-12-26 14:18:22,145] Trial 33 finished with value: 3.20939564704895 and parameters: {'gradient_clip_val': 0.1281165072985555, 'hidden_size': 118, 'dropout': 0.14328967633002843, 'hidden_continuous_size': 72, 'attention_head_size': 1, 'learning_rate': 0.04199267314567559}. Best is trial 21 with value: 2.452605962753296.
[I 2023-12-26 14:18:26,692] Trial 34 finished with value: 3.012647867202759 and parameters: {'gradient_clip_val': 0.11487965687448545, 'hidden_size': 73, 'dropout': 0.11338092598778896, 'hidden_continuous_size': 59, 'attention_head_size': 1, 'learning_rate': 0.09950809527376987}. Best is trial 21 with value: 2.452605962753296.
[I 2023-12-26 14:18:32,698] Trial 35 finished with value: 4.180210113525391 and parameters: {'gradient_clip_val': 0.15118774859449785, 'hidden_size': 91, 'dropout': 0.1943590813697276, 'hidden_continuous_size': 74, 'attention_head_size': 2, 'learning_rate': 0.0683290825315711}. Best is trial 21 with value: 2.452605962753296.
[I 2023-12-26 14:18:41,053] Trial 36 finished with value: 3.0786094665527344 and parameters: {'gradient_clip_val': 0.11463909564172858, 'hidden_size': 123, 'dropout': 0.16451315542091807, 'hidden_continuous_size': 105, 'attention_head_size': 1, 'learning_rate': 0.04490557237004672}. Best is trial 21 with value: 2.452605962753296.
[I 2023-12-26 14:18:46,375] Trial 37 finished with value: 3.788770914077759 and parameters: {'gradient_clip_val': 0.1340725501950136, 'hidden_size': 82, 'dropout': 0.14018437128381317, 'hidden_continuous_size': 67, 'attention_head_size': 2, 'learning_rate': 0.029476348748620467}. Best is trial 21 with value: 2.452605962753296.
[I 2023-12-26 14:18:52,939] Trial 38 finished with value: 4.204479694366455 and parameters: {'gradient_clip_val': 0.10161824183812967, 'hidden_size': 100, 'dropout': 0.10106477179139955, 'hidden_continuous_size': 75, 'attention_head_size': 4, 'learning_rate': 0.052650440840823355}. Best is trial 21 with value: 2.452605962753296.
[I 2023-12-26 14:18:55,750] Trial 39 finished with value: 4.873973846435547 and parameters: {'gradient_clip_val': 0.14157607530162178, 'hidden_size': 39, 'dropout': 0.19376598084914592, 'hidden_continuous_size': 36, 'attention_head_size': 1, 'learning_rate': 0.07393697666300524}. Best is trial 21 with value: 2.452605962753296.
[I 2023-12-26 14:19:04,689] Trial 40 finished with value: 3.265597343444824 and parameters: {'gradient_clip_val': 0.1985248082458878, 'hidden_size': 132, 'dropout': 0.234081294003337, 'hidden_continuous_size': 110, 'attention_head_size': 1, 'learning_rate': 0.017864097324758608}. Best is trial 21 with value: 2.452605962753296.
[I 2023-12-26 14:19:10,841] Trial 41 finished with value: 3.204996347427368 and parameters: {'gradient_clip_val': 0.16100468517807182, 'hidden_size': 96, 'dropout': 0.17165153910814934, 'hidden_continuous_size': 82, 'attention_head_size': 1, 'learning_rate': 0.09709672947569432}. Best is trial 21 with value: 2.452605962753296.
[I 2023-12-26 14:19:19,237] Trial 42 finished with value: 3.1249148845672607 and parameters: {'gradient_clip_val': 0.11379731715656627, 'hidden_size': 125, 'dropout': 0.1311492750127755, 'hidden_continuous_size': 90, 'attention_head_size': 1, 'learning_rate': 0.07888014314022081}. Best is trial 21 with value: 2.452605962753296.
[I 2023-12-26 14:19:24,441] Trial 43 finished with value: 3.6406028270721436 and parameters: {'gradient_clip_val': 0.14902050460480729, 'hidden_size': 77, 'dropout': 0.15542515889427772, 'hidden_continuous_size': 62, 'attention_head_size': 1, 'learning_rate': 0.05939478448970755}. Best is trial 21 with value: 2.452605962753296.
[I 2023-12-26 14:19:31,585] Trial 44 finished with value: 2.7903501987457275 and parameters: {'gradient_clip_val': 0.12081184506253304, 'hidden_size': 106, 'dropout': 0.11629034376212605, 'hidden_continuous_size': 89, 'attention_head_size': 1, 'learning_rate': 0.043985378624482326}. Best is trial 21 with value: 2.452605962753296.
[I 2023-12-26 14:19:42,427] Trial 45 finished with value: 2.9717414379119873 and parameters: {'gradient_clip_val': 0.12312387042563275, 'hidden_size': 149, 'dropout': 0.12009718806157244, 'hidden_continuous_size': 145, 'attention_head_size': 1, 'learning_rate': 0.042206137601586785}. Best is trial 21 with value: 2.452605962753296.
[I 2023-12-26 14:19:49,991] Trial 46 finished with value: 3.6150319576263428 and parameters: {'gradient_clip_val': 0.11011873679865815, 'hidden_size': 113, 'dropout': 0.14342655155015735, 'hidden_continuous_size': 88, 'attention_head_size': 3, 'learning_rate': 0.0344204337879066}. Best is trial 21 with value: 2.452605962753296.
[I 2023-12-26 14:19:54,083] Trial 47 finished with value: 4.196343421936035 and parameters: {'gradient_clip_val': 0.13120830913724765, 'hidden_size': 66, 'dropout': 0.11582338755818004, 'hidden_continuous_size': 56, 'attention_head_size': 2, 'learning_rate': 0.07947784655636073}. Best is trial 21 with value: 2.452605962753296.
[I 2023-12-26 14:20:03,236] Trial 48 finished with value: 3.742839813232422 and parameters: {'gradient_clip_val': 0.10051772307692705, 'hidden_size': 131, 'dropout': 0.1014099829554829, 'hidden_continuous_size': 117, 'attention_head_size': 1, 'learning_rate': 0.048671750241446134}. Best is trial 21 with value: 2.452605962753296.
[I 2023-12-26 14:20:10,092] Trial 49 finished with value: 4.388955593109131 and parameters: {'gradient_clip_val': 0.3789270495788872, 'hidden_size': 103, 'dropout': 0.16177051040932772, 'hidden_continuous_size': 79, 'attention_head_size': 1, 'learning_rate': 0.06257614096236394}. Best is trial 21 with value: 2.452605962753296.
[I 2023-12-26 14:20:10,213] A new study created in memory with name: no-name-435709f7-5829-43ce-b878-ea0db33593ea
/home/le004/conda/anaconda3/envs/tsff_env/lib/python3.9/site-packages/lightning/fabric/plugins/environments/slurm.py:191: The `srun` command is available on your system but is not used. HINT: If your intention is to run Lightning on SLURM, prepend your python command with `srun` like so: srun python /home/le004/master_thesis/git/TSFusionForecast/code/ ...
[I 2023-12-26 14:33:50,428] Trial 0 finished with value: 0.0367700457572937 and parameters: {'gradient_clip_val': 0.33933155771698353, 'hidden_size': 99, 'dropout': 0.15611937704023654, 'hidden_continuous_size': 78, 'attention_head_size': 3, 'learning_rate': 0.007762556174867702}. Best is trial 0 with value: 0.0367700457572937.
[I 2023-12-26 14:33:52,183] Trial 1 finished with value: 2.044041395187378 and parameters: {'gradient_clip_val': 0.31241635915988125, 'hidden_size': 6, 'dropout': 0.28510825063026984, 'hidden_continuous_size': 6, 'attention_head_size': 3, 'learning_rate': 0.005182342924777866}. Best is trial 0 with value: 0.0367700457572937.
[I 2023-12-26 14:33:56,194] Trial 2 finished with value: 1.8518370389938354 and parameters: {'gradient_clip_val': 0.5022472995372207, 'hidden_size': 70, 'dropout': 0.22210909556240535, 'hidden_continuous_size': 8, 'attention_head_size': 4, 'learning_rate': 0.0010342519773241206}. Best is trial 0 with value: 0.0367700457572937.
[I 2023-12-26 14:33:58,078] Trial 3 finished with value: 1.443344235420227 and parameters: {'gradient_clip_val': 0.24930167092909725, 'hidden_size': 9, 'dropout': 0.4240195575880493, 'hidden_continuous_size': 5, 'attention_head_size': 1, 'learning_rate': 0.04227652183528908}. Best is trial 0 with value: 0.0367700457572937.
[I 2023-12-26 14:34:06,312] Trial 4 finished with value: 1.8498913049697876 and parameters: {'gradient_clip_val': 0.7811998229180974, 'hidden_size': 142, 'dropout': 0.20516305190750775, 'hidden_continuous_size': 6, 'attention_head_size': 1, 'learning_rate': 0.06407464029081675}. Best is trial 0 with value: 0.0367700457572937.
[I 2023-12-26 14:34:09,540] Trial 5 finished with value: 1.8922604322433472 and parameters: {'gradient_clip_val': 0.9990280288266417, 'hidden_size': 47, 'dropout': 0.13209842471490807, 'hidden_continuous_size': 28, 'attention_head_size': 4, 'learning_rate': 0.03706817546298846}. Best is trial 0 with value: 0.0367700457572937.
[I 2023-12-26 14:34:11,258] Trial 6 finished with value: 1.7876863479614258 and parameters: {'gradient_clip_val': 0.43182226052549544, 'hidden_size': 5, 'dropout': 0.28994262418655614, 'hidden_continuous_size': 5, 'attention_head_size': 2, 'learning_rate': 0.0022364018221557396}. Best is trial 0 with value: 0.0367700457572937.
[I 2023-12-26 14:34:13,361] Trial 7 finished with value: 2.310908555984497 and parameters: {'gradient_clip_val': 0.9554266097788335, 'hidden_size': 18, 'dropout': 0.16474202991987397, 'hidden_continuous_size': 14, 'attention_head_size': 3, 'learning_rate': 0.0009692974430219187}. Best is trial 0 with value: 0.0367700457572937.
[I 2023-12-26 14:34:19,975] Trial 8 finished with value: 1.7810105085372925 and parameters: {'gradient_clip_val': 0.1291920529751854, 'hidden_size': 116, 'dropout': 0.4730460454575799, 'hidden_continuous_size': 8, 'attention_head_size': 3, 'learning_rate': 0.07493568667602278}. Best is trial 0 with value: 0.0367700457572937.
[I 2023-12-26 14:34:24,814] Trial 9 finished with value: 1.8351020812988281 and parameters: {'gradient_clip_val': 0.3722615503765976, 'hidden_size': 85, 'dropout': 0.2111871667951359, 'hidden_continuous_size': 15, 'attention_head_size': 4, 'learning_rate': 0.04970291931997767}. Best is trial 0 with value: 0.0367700457572937.
[I 2023-12-26 14:34:27,473] Trial 10 finished with value: 2.220447301864624 and parameters: {'gradient_clip_val': 0.1732303687842565, 'hidden_size': 37, 'dropout': 0.10247820389533976, 'hidden_continuous_size': 36, 'attention_head_size': 2, 'learning_rate': 0.013288952222827777}. Best is trial 0 with value: 0.0367700457572937.
[I 2023-12-26 14:34:30,203] Trial 11 finished with value: 1.7226756811141968 and parameters: {'gradient_clip_val': 0.2404298944345753, 'hidden_size': 19, 'dropout': 0.3949645591979213, 'hidden_continuous_size': 11, 'attention_head_size': 1, 'learning_rate': 0.015685815047957175}. Best is trial 0 with value: 0.0367700457572937.
[I 2023-12-26 14:34:32,737] Trial 12 finished with value: 1.6488986015319824 and parameters: {'gradient_clip_val': 0.24594447058667776, 'hidden_size': 11, 'dropout': 0.36941868485614615, 'hidden_continuous_size': 5, 'attention_head_size': 2, 'learning_rate': 0.01979957286419434}. Best is trial 0 with value: 0.0367700457572937.
[I 2023-12-26 14:34:36,032] Trial 13 finished with value: 1.7560583353042603 and parameters: {'gradient_clip_val': 0.10118350798601278, 'hidden_size': 29, 'dropout': 0.4935365222046108, 'hidden_continuous_size': 18, 'attention_head_size': 1, 'learning_rate': 0.006243263986254247}. Best is trial 0 with value: 0.0367700457572937.
[I 2023-12-26 14:34:40,206] Trial 14 finished with value: 2.191180467605591 and parameters: {'gradient_clip_val': 0.21218823180232227, 'hidden_size': 59, 'dropout': 0.3326363753770286, 'hidden_continuous_size': 54, 'attention_head_size': 2, 'learning_rate': 0.029891604342711296}. Best is trial 0 with value: 0.0367700457572937.
[I 2023-12-26 14:34:42,323] Trial 15 finished with value: 1.7571922540664673 and parameters: {'gradient_clip_val': 0.310135943927679, 'hidden_size': 10, 'dropout': 0.42691479199020343, 'hidden_continuous_size': 5, 'attention_head_size': 3, 'learning_rate': 0.0923239546169234}. Best is trial 0 with value: 0.0367700457572937.
[I 2023-12-26 14:34:45,147] Trial 16 finished with value: 1.963545322418213 and parameters: {'gradient_clip_val': 0.51663323779807, 'hidden_size': 39, 'dropout': 0.25982804898435474, 'hidden_continuous_size': 20, 'attention_head_size': 1, 'learning_rate': 0.011780270225548181}. Best is trial 0 with value: 0.0367700457572937.
[I 2023-12-26 14:34:51,098] Trial 17 finished with value: 1.589520812034607 and parameters: {'gradient_clip_val': 0.17510611166372372, 'hidden_size': 90, 'dropout': 0.33102919818672377, 'hidden_continuous_size': 90, 'attention_head_size': 2, 'learning_rate': 0.030049183878194365}. Best is trial 0 with value: 0.0367700457572937.
[I 2023-12-26 14:34:54,058] Trial 18 finished with value: 1.5481089353561401 and parameters: {'gradient_clip_val': 0.2899730753838511, 'hidden_size': 52, 'dropout': 0.43844491631625393, 'hidden_continuous_size': 11, 'attention_head_size': 3, 'learning_rate': 0.0038493769409651667}. Best is trial 0 with value: 0.0367700457572937.
[I 2023-12-26 14:34:56,364] Trial 19 finished with value: 1.984174370765686 and parameters: {'gradient_clip_val': 0.3899075218289588, 'hidden_size': 25, 'dropout': 0.3527419894164906, 'hidden_continuous_size': 9, 'attention_head_size': 4, 'learning_rate': 0.008967722190565304}. Best is trial 0 with value: 0.0367700457572937.
[I 2023-12-26 14:35:06,192] Trial 20 finished with value: 1.6246260404586792 and parameters: {'gradient_clip_val': 0.6349022857884583, 'hidden_size': 149, 'dropout': 0.3918510290270427, 'hidden_continuous_size': 106, 'attention_head_size': 1, 'learning_rate': 0.022694219180698864}. Best is trial 0 with value: 0.0367700457572937.
[I 2023-12-26 14:35:09,550] Trial 21 finished with value: 2.2783267498016357 and parameters: {'gradient_clip_val': 0.29961911719575707, 'hidden_size': 60, 'dropout': 0.442844907146659, 'hidden_continuous_size': 12, 'attention_head_size': 3, 'learning_rate': 0.004454280900523135}. Best is trial 0 with value: 0.0367700457572937.
[I 2023-12-26 14:35:15,010] Trial 22 finished with value: 2.1310155391693115 and parameters: {'gradient_clip_val': 0.26465382222901673, 'hidden_size': 92, 'dropout': 0.4526645152833695, 'hidden_continuous_size': 27, 'attention_head_size': 3, 'learning_rate': 0.003048050608754687}. Best is trial 0 with value: 0.0367700457572937.
