[I 2023-12-15 15:25:23,303] Trial 41 finished with value: 1.1091166734695435 and parameters: {'gradient_clip_val': 0.21864392242157707, 'hidden_size': 59, 'dropout': 0.24358338717576677, 'hidden_continuous_size': 28, 'attention_head_size': 1, 'learning_rate': 0.099361910103674}. Best is trial 19 with value: 0.09749561548233032.
LOCAL_RANK: 0 - CUDA_VISIBLE_DEVICES: [0]
[I 2023-12-15 15:26:13,586] Trial 42 finished with value: 0.48917970061302185 and parameters: {'gradient_clip_val': 0.25747204346783636, 'hidden_size': 36, 'dropout': 0.28433166436461266, 'hidden_continuous_size': 21, 'attention_head_size': 1, 'learning_rate': 0.06954326000138135}. Best is trial 19 with value: 0.09749561548233032.
LOCAL_RANK: 0 - CUDA_VISIBLE_DEVICES: [0]
[I 2023-12-15 15:27:05,051] Trial 43 finished with value: 0.0627695843577385 and parameters: {'gradient_clip_val': 0.2834666134574824, 'hidden_size': 46, 'dropout': 0.25860540045415886, 'hidden_continuous_size': 17, 'attention_head_size': 1, 'learning_rate': 0.05360083486336663}. Best is trial 43 with value: 0.0627695843577385.
LOCAL_RANK: 0 - CUDA_VISIBLE_DEVICES: [0]
[I 2023-12-15 15:27:57,586] Trial 44 finished with value: 2.4627387523651123 and parameters: {'gradient_clip_val': 0.2919398323841357, 'hidden_size': 70, 'dropout': 0.2574752713245824, 'hidden_continuous_size': 16, 'attention_head_size': 1, 'learning_rate': 0.04304858270270348}. Best is trial 43 with value: 0.0627695843577385.
LOCAL_RANK: 0 - CUDA_VISIBLE_DEVICES: [0]
[I 2023-12-15 15:28:49,366] Trial 45 finished with value: 0.5484371781349182 and parameters: {'gradient_clip_val': 0.18354724201765774, 'hidden_size': 60, 'dropout': 0.28207798269100776, 'hidden_continuous_size': 13, 'attention_head_size': 1, 'learning_rate': 0.05331938382706821}. Best is trial 43 with value: 0.0627695843577385.
LOCAL_RANK: 0 - CUDA_VISIBLE_DEVICES: [0]
[I 2023-12-15 15:29:41,156] Trial 46 finished with value: 0.09866241365671158 and parameters: {'gradient_clip_val': 0.4950201766229162, 'hidden_size': 46, 'dropout': 0.29215843094748667, 'hidden_continuous_size': 17, 'attention_head_size': 2, 'learning_rate': 0.05840707729833117}. Best is trial 43 with value: 0.0627695843577385.
LOCAL_RANK: 0 - CUDA_VISIBLE_DEVICES: [0]
[I 2023-12-15 15:30:32,813] Trial 47 finished with value: 2.2654387950897217 and parameters: {'gradient_clip_val': 0.4800056943707447, 'hidden_size': 42, 'dropout': 0.311056406557136, 'hidden_continuous_size': 18, 'attention_head_size': 1, 'learning_rate': 0.07951363629280038}. Best is trial 43 with value: 0.0627695843577385.
LOCAL_RANK: 0 - CUDA_VISIBLE_DEVICES: [0]
[I 2023-12-15 15:31:24,680] Trial 48 finished with value: 1.52921724319458 and parameters: {'gradient_clip_val': 0.2258531737644915, 'hidden_size': 47, 'dropout': 0.2904625043917407, 'hidden_continuous_size': 21, 'attention_head_size': 1, 'learning_rate': 0.059061815678637976}. Best is trial 43 with value: 0.0627695843577385.
LOCAL_RANK: 0 - CUDA_VISIBLE_DEVICES: [0]
[I 2023-12-15 15:32:15,869] Trial 49 finished with value: 1.3899043798446655 and parameters: {'gradient_clip_val': 0.17976518071028016, 'hidden_size': 40, 'dropout': 0.25930259569642794, 'hidden_continuous_size': 16, 'attention_head_size': 3, 'learning_rate': 0.04044467685957535}. Best is trial 43 with value: 0.0627695843577385.
[I 2023-12-15 15:32:15,967] A new study created in memory with name: no-name-56f73a7f-6339-419b-9ea5-fece9245de53
/home/le004/conda/anaconda3/envs/tsff_env/lib/python3.9/site-packages/lightning/fabric/plugins/environments/slurm.py:191: The `srun` command is available on your system but is not used. HINT: If your intention is to run Lightning on SLURM, prepend your python command with `srun` like so: srun python /home/le004/master_thesis/git/TSFusionForecast/code/ ...
LOCAL_RANK: 0 - CUDA_VISIBLE_DEVICES: [0]
[I 2023-12-15 15:33:04,248] Trial 0 finished with value: 2.347114324569702 and parameters: {'gradient_clip_val': 0.12096166181845931, 'hidden_size': 21, 'dropout': 0.10961745645745447, 'hidden_continuous_size': 19, 'attention_head_size': 2, 'learning_rate': 0.030453474623032897}. Best is trial 0 with value: 2.347114324569702.
LOCAL_RANK: 0 - CUDA_VISIBLE_DEVICES: [0]
[I 2023-12-15 15:33:49,164] Trial 1 finished with value: 1.7187999486923218 and parameters: {'gradient_clip_val': 0.6865449346184933, 'hidden_size': 10, 'dropout': 0.3543197454558522, 'hidden_continuous_size': 6, 'attention_head_size': 2, 'learning_rate': 0.0009812770425873625}. Best is trial 1 with value: 1.7187999486923218.
LOCAL_RANK: 0 - CUDA_VISIBLE_DEVICES: [0]
[I 2023-12-15 15:34:22,494] Trial 2 finished with value: 3.620715379714966 and parameters: {'gradient_clip_val': 0.9882219020654948, 'hidden_size': 5, 'dropout': 0.11325000085195741, 'hidden_continuous_size': 5, 'attention_head_size': 1, 'learning_rate': 0.0009831788163364853}. Best is trial 1 with value: 1.7187999486923218.
LOCAL_RANK: 0 - CUDA_VISIBLE_DEVICES: [0]
[I 2023-12-15 15:35:08,104] Trial 3 finished with value: 0.7626090049743652 and parameters: {'gradient_clip_val': 0.5391526387984192, 'hidden_size': 14, 'dropout': 0.12413575924113245, 'hidden_continuous_size': 7, 'attention_head_size': 3, 'learning_rate': 0.061015542837389705}. Best is trial 3 with value: 0.7626090049743652.
LOCAL_RANK: 0 - CUDA_VISIBLE_DEVICES: [0]
[I 2023-12-15 15:36:02,722] Trial 4 finished with value: 1.0406574010849 and parameters: {'gradient_clip_val': 0.6475616481198002, 'hidden_size': 91, 'dropout': 0.12642062043904315, 'hidden_continuous_size': 12, 'attention_head_size': 4, 'learning_rate': 0.0014767352781332027}. Best is trial 3 with value: 0.7626090049743652.
LOCAL_RANK: 0 - CUDA_VISIBLE_DEVICES: [0]
[I 2023-12-15 15:36:35,701] Trial 5 finished with value: 1.796312689781189 and parameters: {'gradient_clip_val': 0.2155656015982201, 'hidden_size': 8, 'dropout': 0.2291066995526695, 'hidden_continuous_size': 8, 'attention_head_size': 1, 'learning_rate': 0.01047293209283728}. Best is trial 3 with value: 0.7626090049743652.
LOCAL_RANK: 0 - CUDA_VISIBLE_DEVICES: [0]
[I 2023-12-15 15:37:21,742] Trial 6 finished with value: 1.522133231163025 and parameters: {'gradient_clip_val': 0.5341041690647511, 'hidden_size': 13, 'dropout': 0.1452789812994722, 'hidden_continuous_size': 9, 'attention_head_size': 3, 'learning_rate': 0.0005226729371570568}. Best is trial 3 with value: 0.7626090049743652.
LOCAL_RANK: 0 - CUDA_VISIBLE_DEVICES: [0]
[I 2023-12-15 15:38:18,046] Trial 7 finished with value: 0.17578952014446259 and parameters: {'gradient_clip_val': 0.6393394669577209, 'hidden_size': 89, 'dropout': 0.22535465045680192, 'hidden_continuous_size': 77, 'attention_head_size': 1, 'learning_rate': 0.03552838196798723}. Best is trial 7 with value: 0.17578952014446259.
LOCAL_RANK: 0 - CUDA_VISIBLE_DEVICES: [0]
[I 2023-12-15 15:39:03,779] Trial 8 finished with value: 1.714682936668396 and parameters: {'gradient_clip_val': 0.12916240449931896, 'hidden_size': 13, 'dropout': 0.17657628792569524, 'hidden_continuous_size': 8, 'attention_head_size': 4, 'learning_rate': 0.0005367223310116082}. Best is trial 7 with value: 0.17578952014446259.
LOCAL_RANK: 0 - CUDA_VISIBLE_DEVICES: [0]
[I 2023-12-15 15:39:56,068] Trial 9 finished with value: 0.10991700738668442 and parameters: {'gradient_clip_val': 0.24946890814340258, 'hidden_size': 59, 'dropout': 0.38875656267807646, 'hidden_continuous_size': 8, 'attention_head_size': 2, 'learning_rate': 0.0023366052497891723}. Best is trial 9 with value: 0.10991700738668442.
LOCAL_RANK: 0 - CUDA_VISIBLE_DEVICES: [0]
[I 2023-12-15 15:40:45,093] Trial 10 finished with value: 0.18892799317836761 and parameters: {'gradient_clip_val': 0.3047662460431158, 'hidden_size': 42, 'dropout': 0.39157577899113644, 'hidden_continuous_size': 5, 'attention_head_size': 2, 'learning_rate': 0.002653727769291265}. Best is trial 9 with value: 0.10991700738668442.
LOCAL_RANK: 0 - CUDA_VISIBLE_DEVICES: [0]
[I 2023-12-15 15:41:39,472] Trial 11 finished with value: 0.5597832798957825 and parameters: {'gradient_clip_val': 0.3135519499127021, 'hidden_size': 84, 'dropout': 0.30431481033782526, 'hidden_continuous_size': 62, 'attention_head_size': 1, 'learning_rate': 0.007173619293267675}. Best is trial 9 with value: 0.10991700738668442.
LOCAL_RANK: 0 - CUDA_VISIBLE_DEVICES: [0]
[I 2023-12-15 15:42:31,839] Trial 12 finished with value: 0.6926786303520203 and parameters: {'gradient_clip_val': 0.2122538366277651, 'hidden_size': 52, 'dropout': 0.2726662890285111, 'hidden_continuous_size': 50, 'attention_head_size': 1, 'learning_rate': 0.019589937851221168}. Best is trial 9 with value: 0.10991700738668442.
LOCAL_RANK: 0 - CUDA_VISIBLE_DEVICES: [0]
[I 2023-12-15 15:43:24,009] Trial 13 finished with value: 0.11054384708404541 and parameters: {'gradient_clip_val': 0.42068580319983473, 'hidden_size': 47, 'dropout': 0.225923642408824, 'hidden_continuous_size': 22, 'attention_head_size': 2, 'learning_rate': 0.07609974959326457}. Best is trial 9 with value: 0.10991700738668442.
LOCAL_RANK: 0 - CUDA_VISIBLE_DEVICES: [0]
[I 2023-12-15 15:44:14,740] Trial 14 finished with value: 2.01689076423645 and parameters: {'gradient_clip_val': 0.40254819437760225, 'hidden_size': 36, 'dropout': 0.30443127347768345, 'hidden_continuous_size': 18, 'attention_head_size': 3, 'learning_rate': 0.003779534446293457}. Best is trial 9 with value: 0.10991700738668442.
LOCAL_RANK: 0 - CUDA_VISIBLE_DEVICES: [0]
[I 2023-12-15 15:45:03,371] Trial 15 finished with value: 0.9613884091377258 and parameters: {'gradient_clip_val': 0.21583283335176603, 'hidden_size': 31, 'dropout': 0.3973121631088554, 'hidden_continuous_size': 11, 'attention_head_size': 2, 'learning_rate': 0.012640123407315488}. Best is trial 9 with value: 0.10991700738668442.
LOCAL_RANK: 0 - CUDA_VISIBLE_DEVICES: [0]
[I 2023-12-15 15:45:56,118] Trial 16 finished with value: 1.2271085977554321 and parameters: {'gradient_clip_val': 0.32045857113485576, 'hidden_size': 57, 'dropout': 0.18175241542327847, 'hidden_continuous_size': 23, 'attention_head_size': 2, 'learning_rate': 0.09579419947160299}. Best is trial 9 with value: 0.10991700738668442.
LOCAL_RANK: 0 - CUDA_VISIBLE_DEVICES: [0]
[I 2023-12-15 15:46:49,238] Trial 17 finished with value: 0.0975097119808197 and parameters: {'gradient_clip_val': 0.42104599908772783, 'hidden_size': 61, 'dropout': 0.3268200098238785, 'hidden_continuous_size': 27, 'attention_head_size': 3, 'learning_rate': 0.004254433845770022}. Best is trial 17 with value: 0.0975097119808197.
LOCAL_RANK: 0 - CUDA_VISIBLE_DEVICES: [0]
[I 2023-12-15 15:47:42,810] Trial 18 finished with value: 0.666680097579956 and parameters: {'gradient_clip_val': 0.1639896771107507, 'hidden_size': 68, 'dropout': 0.3535897245257896, 'hidden_continuous_size': 31, 'attention_head_size': 3, 'learning_rate': 0.004104094846909416}. Best is trial 17 with value: 0.0975097119808197.
LOCAL_RANK: 0 - CUDA_VISIBLE_DEVICES: [0]
[I 2023-12-15 15:48:32,122] Trial 19 finished with value: 2.132873296737671 and parameters: {'gradient_clip_val': 0.2540734116694135, 'hidden_size': 29, 'dropout': 0.3563221242313368, 'hidden_continuous_size': 12, 'attention_head_size': 4, 'learning_rate': 0.002501481743268305}. Best is trial 17 with value: 0.0975097119808197.
LOCAL_RANK: 0 - CUDA_VISIBLE_DEVICES: [0]
[I 2023-12-15 15:49:25,492] Trial 20 finished with value: 1.0907673835754395 and parameters: {'gradient_clip_val': 0.16582179151665138, 'hidden_size': 62, 'dropout': 0.3174733153551125, 'hidden_continuous_size': 29, 'attention_head_size': 3, 'learning_rate': 0.005196150667120554}. Best is trial 17 with value: 0.0975097119808197.
LOCAL_RANK: 0 - CUDA_VISIBLE_DEVICES: [0]
[I 2023-12-15 15:50:17,273] Trial 21 finished with value: 0.6320974826812744 and parameters: {'gradient_clip_val': 0.4077353926470719, 'hidden_size': 45, 'dropout': 0.2703511100058331, 'hidden_continuous_size': 15, 'attention_head_size': 2, 'learning_rate': 0.007445639674293665}. Best is trial 17 with value: 0.0975097119808197.
LOCAL_RANK: 0 - CUDA_VISIBLE_DEVICES: [0]
[I 2023-12-15 15:51:09,065] Trial 22 finished with value: 0.6810998916625977 and parameters: {'gradient_clip_val': 0.3857535648042621, 'hidden_size': 64, 'dropout': 0.37029384759335726, 'hidden_continuous_size': 26, 'attention_head_size': 2, 'learning_rate': 0.011072957773380838}. Best is trial 17 with value: 0.0975097119808197.
LOCAL_RANK: 0 - CUDA_VISIBLE_DEVICES: [0]
[I 2023-12-15 15:52:00,882] Trial 23 finished with value: 0.8742978572845459 and parameters: {'gradient_clip_val': 0.45225102994266025, 'hidden_size': 48, 'dropout': 0.33091764989501093, 'hidden_continuous_size': 16, 'attention_head_size': 3, 'learning_rate': 0.002428898400389742}. Best is trial 17 with value: 0.0975097119808197.
LOCAL_RANK: 0 - CUDA_VISIBLE_DEVICES: [0]
[I 2023-12-15 15:52:54,769] Trial 24 finished with value: 1.6419591903686523 and parameters: {'gradient_clip_val': 0.34506699293772203, 'hidden_size': 70, 'dropout': 0.3778821398455639, 'hidden_continuous_size': 33, 'attention_head_size': 2, 'learning_rate': 0.00575676543263543}. Best is trial 17 with value: 0.0975097119808197.
LOCAL_RANK: 0 - CUDA_VISIBLE_DEVICES: [0]
[I 2023-12-15 15:53:44,335] Trial 25 finished with value: 0.14620058238506317 and parameters: {'gradient_clip_val': 0.2614685009182595, 'hidden_size': 36, 'dropout': 0.39739236297681496, 'hidden_continuous_size': 14, 'attention_head_size': 3, 'learning_rate': 0.0035539064395543433}. Best is trial 17 with value: 0.0975097119808197.
LOCAL_RANK: 0 - CUDA_VISIBLE_DEVICES: [0]
[I 2023-12-15 15:54:37,575] Trial 26 finished with value: 0.30411839485168457 and parameters: {'gradient_clip_val': 0.4652888150986567, 'hidden_size': 74, 'dropout': 0.2801718396631054, 'hidden_continuous_size': 22, 'attention_head_size': 2, 'learning_rate': 0.09956582736686827}. Best is trial 17 with value: 0.0975097119808197.
LOCAL_RANK: 0 - CUDA_VISIBLE_DEVICES: [0]
[I 2023-12-15 15:55:33,526] Trial 27 finished with value: 0.27006635069847107 and parameters: {'gradient_clip_val': 0.3499208470287817, 'hidden_size': 98, 'dropout': 0.32755919932421507, 'hidden_continuous_size': 38, 'attention_head_size': 3, 'learning_rate': 0.01793714073246276}. Best is trial 17 with value: 0.0975097119808197.
LOCAL_RANK: 0 - CUDA_VISIBLE_DEVICES: [0]
[I 2023-12-15 15:56:26,612] Trial 28 finished with value: 1.2878772020339966 and parameters: {'gradient_clip_val': 0.26713977183782006, 'hidden_size': 54, 'dropout': 0.3375096898193619, 'hidden_continuous_size': 22, 'attention_head_size': 4, 'learning_rate': 0.007637387586715021}. Best is trial 17 with value: 0.0975097119808197.
LOCAL_RANK: 0 - CUDA_VISIBLE_DEVICES: [0]
[I 2023-12-15 15:57:15,107] Trial 29 finished with value: 0.9500729441642761 and parameters: {'gradient_clip_val': 0.1135123871140265, 'hidden_size': 23, 'dropout': 0.24450616174945458, 'hidden_continuous_size': 17, 'attention_head_size': 2, 'learning_rate': 0.024404097259145528}. Best is trial 17 with value: 0.0975097119808197.
LOCAL_RANK: 0 - CUDA_VISIBLE_DEVICES: [0]
[I 2023-12-15 15:58:07,161] Trial 30 finished with value: 0.09687566012144089 and parameters: {'gradient_clip_val': 0.3568475974531428, 'hidden_size': 41, 'dropout': 0.37402134621977823, 'hidden_continuous_size': 19, 'attention_head_size': 3, 'learning_rate': 0.05226185913986704}. Best is trial 30 with value: 0.09687566012144089.
LOCAL_RANK: 0 - CUDA_VISIBLE_DEVICES: [0]
[I 2023-12-15 15:58:59,346] Trial 31 finished with value: 0.1824498176574707 and parameters: {'gradient_clip_val': 0.37076969141068084, 'hidden_size': 41, 'dropout': 0.376382477064886, 'hidden_continuous_size': 19, 'attention_head_size': 3, 'learning_rate': 0.05108349803208066}. Best is trial 30 with value: 0.09687566012144089.
LOCAL_RANK: 0 - CUDA_VISIBLE_DEVICES: [0]
[I 2023-12-15 15:59:51,739] Trial 32 finished with value: 0.23177224397659302 and parameters: {'gradient_clip_val': 0.45825068097065763, 'hidden_size': 49, 'dropout': 0.36964167454820285, 'hidden_continuous_size': 21, 'attention_head_size': 3, 'learning_rate': 0.03725048610416866}. Best is trial 30 with value: 0.09687566012144089.
LOCAL_RANK: 0 - CUDA_VISIBLE_DEVICES: [0]
[I 2023-12-15 16:00:43,648] Trial 33 finished with value: 1.8491054773330688 and parameters: {'gradient_clip_val': 0.2966120318627602, 'hidden_size': 56, 'dropout': 0.3453300140006461, 'hidden_continuous_size': 26, 'attention_head_size': 2, 'learning_rate': 0.07194277003789715}. Best is trial 30 with value: 0.09687566012144089.
LOCAL_RANK: 0 - CUDA_VISIBLE_DEVICES: [0]
[I 2023-12-15 16:01:37,155] Trial 34 finished with value: 0.31377407908439636 and parameters: {'gradient_clip_val': 0.5476787281381158, 'hidden_size': 74, 'dropout': 0.3540947322753789, 'hidden_continuous_size': 14, 'attention_head_size': 3, 'learning_rate': 0.048070141340156955}. Best is trial 30 with value: 0.09687566012144089.
LOCAL_RANK: 0 - CUDA_VISIBLE_DEVICES: [0]
[I 2023-12-15 16:02:25,955] Trial 35 finished with value: 1.9849367141723633 and parameters: {'gradient_clip_val': 0.33725366492051384, 'hidden_size': 26, 'dropout': 0.3832847249585956, 'hidden_continuous_size': 19, 'attention_head_size': 2, 'learning_rate': 0.02795248340616768}. Best is trial 30 with value: 0.09687566012144089.
LOCAL_RANK: 0 - CUDA_VISIBLE_DEVICES: [0]
[I 2023-12-15 16:03:18,172] Trial 36 finished with value: 1.2903004884719849 and parameters: {'gradient_clip_val': 0.817229489604958, 'hidden_size': 37, 'dropout': 0.35917262692390595, 'hidden_continuous_size': 16, 'attention_head_size': 4, 'learning_rate': 0.06854209065153274}. Best is trial 30 with value: 0.09687566012144089.
LOCAL_RANK: 0 - CUDA_VISIBLE_DEVICES: [0]
[I 2023-12-15 16:04:06,500] Trial 37 finished with value: 0.07577601820230484 and parameters: {'gradient_clip_val': 0.430615705078691, 'hidden_size': 21, 'dropout': 0.3825837971017947, 'hidden_continuous_size': 10, 'attention_head_size': 3, 'learning_rate': 0.042890636835012215}. Best is trial 37 with value: 0.07577601820230484.
LOCAL_RANK: 0 - CUDA_VISIBLE_DEVICES: [0]
[I 2023-12-15 16:04:53,591] Trial 38 finished with value: 0.07420013099908829 and parameters: {'gradient_clip_val': 0.3702319438583644, 'hidden_size': 20, 'dropout': 0.39886472752462065, 'hidden_continuous_size': 10, 'attention_head_size': 3, 'learning_rate': 0.04672972370464538}. Best is trial 38 with value: 0.07420013099908829.
LOCAL_RANK: 0 - CUDA_VISIBLE_DEVICES: [0]
[I 2023-12-15 16:05:40,910] Trial 39 finished with value: 2.2497341632843018 and parameters: {'gradient_clip_val': 0.5325095501240926, 'hidden_size': 18, 'dropout': 0.3989103109035759, 'hidden_continuous_size': 10, 'attention_head_size': 3, 'learning_rate': 0.038900279469483275}. Best is trial 38 with value: 0.07420013099908829.
LOCAL_RANK: 0 - CUDA_VISIBLE_DEVICES: [0]
[I 2023-12-15 16:06:28,661] Trial 40 finished with value: 1.5237574577331543 and parameters: {'gradient_clip_val': 0.37715335253886517, 'hidden_size': 20, 'dropout': 0.36772598923205363, 'hidden_continuous_size': 13, 'attention_head_size': 4, 'learning_rate': 0.050078773607547256}. Best is trial 38 with value: 0.07420013099908829.
LOCAL_RANK: 0 - CUDA_VISIBLE_DEVICES: [0]
[I 2023-12-15 16:07:15,299] Trial 41 finished with value: 1.9573100805282593 and parameters: {'gradient_clip_val': 0.47926734027141576, 'hidden_size': 17, 'dropout': 0.3850121282595967, 'hidden_continuous_size': 9, 'attention_head_size': 3, 'learning_rate': 0.02695634461865478}. Best is trial 38 with value: 0.07420013099908829.
LOCAL_RANK: 0 - CUDA_VISIBLE_DEVICES: [0]
[I 2023-12-15 16:08:03,807] Trial 42 finished with value: 2.736147880554199 and parameters: {'gradient_clip_val': 0.35698034892627645, 'hidden_size': 26, 'dropout': 0.3830956528896123, 'hidden_continuous_size': 7, 'attention_head_size': 3, 'learning_rate': 0.03852431962012297}. Best is trial 38 with value: 0.07420013099908829.
LOCAL_RANK: 0 - CUDA_VISIBLE_DEVICES: [0]
[I 2023-12-15 16:08:52,612] Trial 43 finished with value: 0.767998218536377 and parameters: {'gradient_clip_val': 0.4235283107114833, 'hidden_size': 31, 'dropout': 0.34601277765029237, 'hidden_continuous_size': 11, 'attention_head_size': 3, 'learning_rate': 0.058834516157151066}. Best is trial 38 with value: 0.07420013099908829.
LOCAL_RANK: 0 - CUDA_VISIBLE_DEVICES: [0]
[I 2023-12-15 16:09:38,915] Trial 44 finished with value: 0.8743715286254883 and parameters: {'gradient_clip_val': 0.2997543676538714, 'hidden_size': 15, 'dropout': 0.36520808140625655, 'hidden_continuous_size': 10, 'attention_head_size': 3, 'learning_rate': 0.0017605021898964117}. Best is trial 38 with value: 0.07420013099908829.
LOCAL_RANK: 0 - CUDA_VISIBLE_DEVICES: [0]
[I 2023-12-15 16:10:24,455] Trial 45 finished with value: 0.0954802930355072 and parameters: {'gradient_clip_val': 0.5313347680077621, 'hidden_size': 11, 'dropout': 0.3994618291487767, 'hidden_continuous_size': 8, 'attention_head_size': 3, 'learning_rate': 0.03219999913795348}. Best is trial 38 with value: 0.07420013099908829.
LOCAL_RANK: 0 - CUDA_VISIBLE_DEVICES: [0]
[I 2023-12-15 16:11:10,178] Trial 46 finished with value: 0.09443221241235733 and parameters: {'gradient_clip_val': 0.6481549296684159, 'hidden_size': 9, 'dropout': 0.38281079813614227, 'hidden_continuous_size': 7, 'attention_head_size': 4, 'learning_rate': 0.03407573906425872}. Best is trial 38 with value: 0.07420013099908829.
LOCAL_RANK: 0 - CUDA_VISIBLE_DEVICES: [0]
[I 2023-12-15 16:11:55,611] Trial 47 finished with value: 1.625493049621582 and parameters: {'gradient_clip_val': 0.6179256296142903, 'hidden_size': 11, 'dropout': 0.39768340932957885, 'hidden_continuous_size': 6, 'attention_head_size': 4, 'learning_rate': 0.029764550532159872}. Best is trial 38 with value: 0.07420013099908829.
LOCAL_RANK: 0 - CUDA_VISIBLE_DEVICES: [0]
