[I 2023-12-26 13:13:08,379] Trial 48 finished with value: 667.05517578125 and parameters: {'gradient_clip_val': 0.400566063407453, 'hidden_size': 69, 'dropout': 0.46297490230738797, 'hidden_continuous_size': 11, 'attention_head_size': 1, 'learning_rate': 0.010067308335364414}. Best is trial 0 with value: 139.4481964111328.
[I 2023-12-26 13:13:15,448] Trial 49 finished with value: 744.6244506835938 and parameters: {'gradient_clip_val': 0.3350592092971771, 'hidden_size': 90, 'dropout': 0.4217301010285569, 'hidden_continuous_size': 16, 'attention_head_size': 2, 'learning_rate': 0.05223825181984578}. Best is trial 0 with value: 139.4481964111328.
[I 2023-12-26 13:13:15,639] A new study created in memory with name: no-name-7080fe96-b92f-48d4-bad8-3b7a9e98f2be
/home/le004/conda/anaconda3/envs/tsff_env/lib/python3.9/site-packages/lightning/fabric/plugins/environments/slurm.py:191: The `srun` command is available on your system but is not used. HINT: If your intention is to run Lightning on SLURM, prepend your python command with `srun` like so: srun python /home/le004/master_thesis/git/TSFusionForecast/code/ ...
[I 2023-12-26 13:15:52,239] Trial 0 finished with value: 96.29827117919922 and parameters: {'gradient_clip_val': 0.5649485303493537, 'hidden_size': 18, 'dropout': 0.29095493929512417, 'hidden_continuous_size': 7, 'attention_head_size': 2, 'learning_rate': 0.032895210125543924}. Best is trial 0 with value: 96.29827117919922.
[I 2023-12-26 13:15:54,866] Trial 1 finished with value: 366.6383972167969 and parameters: {'gradient_clip_val': 0.9524466343815688, 'hidden_size': 20, 'dropout': 0.33978983811271324, 'hidden_continuous_size': 6, 'attention_head_size': 2, 'learning_rate': 0.0026632805612042064}. Best is trial 0 with value: 96.29827117919922.
[I 2023-12-26 13:15:58,922] Trial 2 finished with value: 315.1036682128906 and parameters: {'gradient_clip_val': 0.11225840232634395, 'hidden_size': 46, 'dropout': 0.26456012577285704, 'hidden_continuous_size': 16, 'attention_head_size': 4, 'learning_rate': 0.023753386486228763}. Best is trial 0 with value: 96.29827117919922.
[I 2023-12-26 13:16:01,558] Trial 3 finished with value: 287.26910400390625 and parameters: {'gradient_clip_val': 0.48288112640513586, 'hidden_size': 7, 'dropout': 0.23752917857124986, 'hidden_continuous_size': 5, 'attention_head_size': 4, 'learning_rate': 0.016360030134525}. Best is trial 0 with value: 96.29827117919922.
[I 2023-12-26 13:16:03,919] Trial 4 finished with value: 325.3194580078125 and parameters: {'gradient_clip_val': 0.7344858633502581, 'hidden_size': 10, 'dropout': 0.1763286942503371, 'hidden_continuous_size': 9, 'attention_head_size': 3, 'learning_rate': 0.0033877192600379837}. Best is trial 0 with value: 96.29827117919922.
[I 2023-12-26 13:16:07,989] Trial 5 finished with value: 285.9806823730469 and parameters: {'gradient_clip_val': 0.9664597775077179, 'hidden_size': 46, 'dropout': 0.16451340788630048, 'hidden_continuous_size': 9, 'attention_head_size': 4, 'learning_rate': 0.0009936623524072867}. Best is trial 0 with value: 96.29827117919922.
[I 2023-12-26 13:16:17,746] Trial 6 finished with value: 387.169677734375 and parameters: {'gradient_clip_val': 0.16182705291862304, 'hidden_size': 116, 'dropout': 0.22100501100759784, 'hidden_continuous_size': 78, 'attention_head_size': 2, 'learning_rate': 0.0007016942947563916}. Best is trial 0 with value: 96.29827117919922.
[I 2023-12-26 13:16:20,220] Trial 7 finished with value: 312.8977966308594 and parameters: {'gradient_clip_val': 0.3316047631904779, 'hidden_size': 14, 'dropout': 0.2954856161541682, 'hidden_continuous_size': 12, 'attention_head_size': 1, 'learning_rate': 0.04345304718795775}. Best is trial 0 with value: 96.29827117919922.
[I 2023-12-26 13:16:22,496] Trial 8 finished with value: 421.5228576660156 and parameters: {'gradient_clip_val': 0.3697942777496424, 'hidden_size': 9, 'dropout': 0.3223246228820217, 'hidden_continuous_size': 5, 'attention_head_size': 2, 'learning_rate': 0.01633879071905143}. Best is trial 0 with value: 96.29827117919922.
[I 2023-12-26 13:16:25,989] Trial 9 finished with value: 421.9943542480469 and parameters: {'gradient_clip_val': 0.8982499073695378, 'hidden_size': 35, 'dropout': 0.2668129047425438, 'hidden_continuous_size': 6, 'attention_head_size': 4, 'learning_rate': 0.03001913670735278}. Best is trial 0 with value: 96.29827117919922.
[I 2023-12-26 13:16:27,975] Trial 10 finished with value: 325.8478698730469 and parameters: {'gradient_clip_val': 0.5778805701380859, 'hidden_size': 5, 'dropout': 0.4273303001274901, 'hidden_continuous_size': 5, 'attention_head_size': 1, 'learning_rate': 0.09899317880494816}. Best is trial 0 with value: 96.29827117919922.
[I 2023-12-26 13:16:30,848] Trial 11 finished with value: 317.2862243652344 and parameters: {'gradient_clip_val': 0.6090249270950833, 'hidden_size': 25, 'dropout': 0.10800107254232355, 'hidden_continuous_size': 8, 'attention_head_size': 3, 'learning_rate': 0.0005320114662946095}. Best is trial 0 with value: 96.29827117919922.
[I 2023-12-26 13:16:35,364] Trial 12 finished with value: 304.8133850097656 and parameters: {'gradient_clip_val': 0.9762869266908902, 'hidden_size': 53, 'dropout': 0.14945035431672538, 'hidden_continuous_size': 12, 'attention_head_size': 3, 'learning_rate': 0.006754791594905594}. Best is trial 0 with value: 96.29827117919922.
[I 2023-12-26 13:16:37,631] Trial 13 finished with value: 344.7320556640625 and parameters: {'gradient_clip_val': 0.47547440934240803, 'hidden_size': 16, 'dropout': 0.1880008346878943, 'hidden_continuous_size': 7, 'attention_head_size': 2, 'learning_rate': 0.0013270527575866692}. Best is trial 0 with value: 96.29827117919922.
[I 2023-12-26 13:16:43,206] Trial 14 finished with value: 314.3476867675781 and parameters: {'gradient_clip_val': 0.6898536601739231, 'hidden_size': 68, 'dropout': 0.3766452024687888, 'hidden_continuous_size': 10, 'attention_head_size': 3, 'learning_rate': 0.007988663416002163}. Best is trial 0 with value: 96.29827117919922.
[I 2023-12-26 13:16:46,254] Trial 15 finished with value: 357.050537109375 and parameters: {'gradient_clip_val': 0.253662707434304, 'hidden_size': 25, 'dropout': 0.4988159755343827, 'hidden_continuous_size': 8, 'attention_head_size': 1, 'learning_rate': 0.0014517000381243834}. Best is trial 0 with value: 96.29827117919922.
[I 2023-12-26 13:16:49,653] Trial 16 finished with value: 361.8988952636719 and parameters: {'gradient_clip_val': 0.7525531456689021, 'hidden_size': 34, 'dropout': 0.10770797568917378, 'hidden_continuous_size': 7, 'attention_head_size': 4, 'learning_rate': 0.005643893229713054}. Best is trial 0 with value: 96.29827117919922.
[I 2023-12-26 13:16:56,016] Trial 17 finished with value: 240.9736328125 and parameters: {'gradient_clip_val': 0.47955388947585287, 'hidden_size': 80, 'dropout': 0.2122518243636463, 'hidden_continuous_size': 20, 'attention_head_size': 3, 'learning_rate': 0.0010969719650832232}. Best is trial 0 with value: 96.29827117919922.
[I 2023-12-26 13:17:04,618] Trial 18 finished with value: 311.1132507324219 and parameters: {'gradient_clip_val': 0.4589418020109075, 'hidden_size': 108, 'dropout': 0.2248797680684411, 'hidden_continuous_size': 27, 'attention_head_size': 2, 'learning_rate': 0.0028029022262765326}. Best is trial 0 with value: 96.29827117919922.
[I 2023-12-26 13:17:15,029] Trial 19 finished with value: 380.9153747558594 and parameters: {'gradient_clip_val': 0.2631335039981812, 'hidden_size': 133, 'dropout': 0.284335932208975, 'hidden_continuous_size': 22, 'attention_head_size': 3, 'learning_rate': 0.0005071669734071381}. Best is trial 0 with value: 96.29827117919922.
[I 2023-12-26 13:17:21,433] Trial 20 finished with value: 328.81488037109375 and parameters: {'gradient_clip_val': 0.5490209810955928, 'hidden_size': 80, 'dropout': 0.33313127863468606, 'hidden_continuous_size': 25, 'attention_head_size': 2, 'learning_rate': 0.010516736850106928}. Best is trial 0 with value: 96.29827117919922.
[I 2023-12-26 13:17:27,916] Trial 21 finished with value: 398.0740051269531 and parameters: {'gradient_clip_val': 0.7616132458380078, 'hidden_size': 78, 'dropout': 0.19016258801945515, 'hidden_continuous_size': 16, 'attention_head_size': 4, 'learning_rate': 0.0010705103978818963}. Best is trial 0 with value: 96.29827117919922.
[I 2023-12-26 13:17:31,485] Trial 22 finished with value: 359.807373046875 and parameters: {'gradient_clip_val': 0.4169514158069261, 'hidden_size': 40, 'dropout': 0.15255989330601435, 'hidden_continuous_size': 9, 'attention_head_size': 3, 'learning_rate': 0.0016425610102430144}. Best is trial 0 with value: 96.29827117919922.
[I 2023-12-26 13:17:36,205] Trial 23 finished with value: 325.6022644042969 and parameters: {'gradient_clip_val': 0.5842294139916853, 'hidden_size': 55, 'dropout': 0.24510123790740823, 'hidden_continuous_size': 11, 'attention_head_size': 4, 'learning_rate': 0.0009605209048673171}. Best is trial 0 with value: 96.29827117919922.
[I 2023-12-26 13:17:39,374] Trial 24 finished with value: 255.2556610107422 and parameters: {'gradient_clip_val': 0.8335922165172847, 'hidden_size': 30, 'dropout': 0.21508716210544052, 'hidden_continuous_size': 6, 'attention_head_size': 3, 'learning_rate': 0.0018569039568196292}. Best is trial 0 with value: 96.29827117919922.
[I 2023-12-26 13:17:42,546] Trial 25 finished with value: 316.3651123046875 and parameters: {'gradient_clip_val': 0.6587689256114753, 'hidden_size': 32, 'dropout': 0.2129660861568802, 'hidden_continuous_size': 6, 'attention_head_size': 3, 'learning_rate': 0.0019771238280222253}. Best is trial 0 with value: 96.29827117919922.
[I 2023-12-26 13:17:45,546] Trial 26 finished with value: 315.9512634277344 and parameters: {'gradient_clip_val': 0.4055347998727167, 'hidden_size': 27, 'dropout': 0.261195846432065, 'hidden_continuous_size': 6, 'attention_head_size': 3, 'learning_rate': 0.004344367951142973}. Best is trial 0 with value: 96.29827117919922.
[I 2023-12-26 13:17:48,527] Trial 27 finished with value: 285.6836853027344 and parameters: {'gradient_clip_val': 0.5342876520439442, 'hidden_size': 19, 'dropout': 0.20794152072742778, 'hidden_continuous_size': 7, 'attention_head_size': 2, 'learning_rate': 0.002137073272171291}. Best is trial 0 with value: 96.29827117919922.
[I 2023-12-26 13:17:59,809] Trial 28 finished with value: 275.3840637207031 and parameters: {'gradient_clip_val': 0.8185564760280934, 'hidden_size': 148, 'dropout': 0.24363398428559982, 'hidden_continuous_size': 33, 'attention_head_size': 3, 'learning_rate': 0.004254039521960412}. Best is trial 0 with value: 96.29827117919922.
[I 2023-12-26 13:18:02,538] Trial 29 finished with value: 311.50299072265625 and parameters: {'gradient_clip_val': 0.8457544095090035, 'hidden_size': 21, 'dropout': 0.2883146567647033, 'hidden_continuous_size': 5, 'attention_head_size': 2, 'learning_rate': 0.00253902185284715}. Best is trial 0 with value: 96.29827117919922.
[I 2023-12-26 13:18:04,935] Trial 30 finished with value: 291.5065612792969 and parameters: {'gradient_clip_val': 0.645405976327982, 'hidden_size': 14, 'dropout': 0.29978852599952743, 'hidden_continuous_size': 7, 'attention_head_size': 1, 'learning_rate': 0.002015360885398471}. Best is trial 0 with value: 96.29827117919922.
[I 2023-12-26 13:18:16,020] Trial 31 finished with value: 303.0254821777344 and parameters: {'gradient_clip_val': 0.8350082449912263, 'hidden_size': 141, 'dropout': 0.20329521937578676, 'hidden_continuous_size': 35, 'attention_head_size': 3, 'learning_rate': 0.003761682380800383}. Best is trial 0 with value: 96.29827117919922.
[I 2023-12-26 13:18:24,252] Trial 32 finished with value: 343.9163818359375 and parameters: {'gradient_clip_val': 0.7555537143742143, 'hidden_size': 95, 'dropout': 0.2523063812458677, 'hidden_continuous_size': 37, 'attention_head_size': 3, 'learning_rate': 0.0047104648048846495}. Best is trial 0 with value: 96.29827117919922.
[I 2023-12-26 13:18:32,041] Trial 33 finished with value: 302.9057922363281 and parameters: {'gradient_clip_val': 0.8737395614290572, 'hidden_size': 104, 'dropout': 0.23632490170745493, 'hidden_continuous_size': 14, 'attention_head_size': 3, 'learning_rate': 0.003142584028868066}. Best is trial 0 with value: 96.29827117919922.
[I 2023-12-26 13:18:40,545] Trial 34 finished with value: 338.6728820800781 and parameters: {'gradient_clip_val': 0.6651636628496527, 'hidden_size': 130, 'dropout': 0.2692244811031294, 'hidden_continuous_size': 19, 'attention_head_size': 3, 'learning_rate': 0.0031722918453519094}. Best is trial 0 with value: 96.29827117919922.
[I 2023-12-26 13:18:44,223] Trial 35 finished with value: 373.8460693359375 and parameters: {'gradient_clip_val': 0.5072090088439051, 'hidden_size': 64, 'dropout': 0.23914505697244884, 'hidden_continuous_size': 15, 'attention_head_size': 2, 'learning_rate': 0.004897600521498885}. Best is trial 0 with value: 96.29827117919922.
[I 2023-12-26 13:18:49,939] Trial 36 finished with value: 235.91346740722656 and parameters: {'gradient_clip_val': 0.7838851353198257, 'hidden_size': 85, 'dropout': 0.31398156231464003, 'hidden_continuous_size': 18, 'attention_head_size': 3, 'learning_rate': 0.002458087721634469}. Best is trial 0 with value: 96.29827117919922.
[I 2023-12-26 13:18:55,298] Trial 37 finished with value: 284.79669189453125 and parameters: {'gradient_clip_val': 0.6176288640602533, 'hidden_size': 83, 'dropout': 0.3130300650885943, 'hidden_continuous_size': 18, 'attention_head_size': 3, 'learning_rate': 0.0008775956936129816}. Best is trial 0 with value: 96.29827117919922.
[I 2023-12-26 13:18:59,065] Trial 38 finished with value: 307.2663879394531 and parameters: {'gradient_clip_val': 0.9600732142229661, 'hidden_size': 46, 'dropout': 0.3542540742748941, 'hidden_continuous_size': 13, 'attention_head_size': 2, 'learning_rate': 0.0015678730835888223}. Best is trial 0 with value: 96.29827117919922.
[I 2023-12-26 13:19:05,232] Trial 39 finished with value: 294.6694641113281 and parameters: {'gradient_clip_val': 0.7077571532709925, 'hidden_size': 68, 'dropout': 0.2750307614081757, 'hidden_continuous_size': 11, 'attention_head_size': 4, 'learning_rate': 0.0007292626922879075}. Best is trial 0 with value: 96.29827117919922.
[I 2023-12-26 13:19:13,141] Trial 40 finished with value: 319.3332824707031 and parameters: {'gradient_clip_val': 0.526436037478003, 'hidden_size': 93, 'dropout': 0.3062315026314066, 'hidden_continuous_size': 15, 'attention_head_size': 3, 'learning_rate': 0.0013672522148452933}. Best is trial 0 with value: 96.29827117919922.
[I 2023-12-26 13:19:22,252] Trial 41 finished with value: 233.47727966308594 and parameters: {'gradient_clip_val': 0.7782794519113965, 'hidden_size': 112, 'dropout': 0.2280035116563225, 'hidden_continuous_size': 34, 'attention_head_size': 3, 'learning_rate': 0.002507924292328743}. Best is trial 0 with value: 96.29827117919922.
[I 2023-12-26 13:19:31,514] Trial 42 finished with value: 381.9840393066406 and parameters: {'gradient_clip_val': 0.8085693880369469, 'hidden_size': 113, 'dropout': 0.2298111791484557, 'hidden_continuous_size': 20, 'attention_head_size': 3, 'learning_rate': 0.00223895071579932}. Best is trial 0 with value: 96.29827117919922.
[I 2023-12-26 13:19:39,441] Trial 43 finished with value: 377.5300598144531 and parameters: {'gradient_clip_val': 0.9146459724103679, 'hidden_size': 95, 'dropout': 0.25846986909812764, 'hidden_continuous_size': 23, 'attention_head_size': 3, 'learning_rate': 0.0011536908241679051}. Best is trial 0 with value: 96.29827117919922.
[I 2023-12-26 13:19:43,760] Trial 44 finished with value: 243.33587646484375 and parameters: {'gradient_clip_val': 0.6994479790464297, 'hidden_size': 58, 'dropout': 0.17181178858289484, 'hidden_continuous_size': 18, 'attention_head_size': 2, 'learning_rate': 0.0027878896151432497}. Best is trial 0 with value: 96.29827117919922.
[I 2023-12-26 13:19:49,049] Trial 45 finished with value: 342.0356750488281 and parameters: {'gradient_clip_val': 0.6766796899905368, 'hidden_size': 74, 'dropout': 0.17481694171057813, 'hidden_continuous_size': 17, 'attention_head_size': 2, 'learning_rate': 0.002561694911808698}. Best is trial 0 with value: 96.29827117919922.
[I 2023-12-26 13:19:53,550] Trial 46 finished with value: 345.0998229980469 and parameters: {'gradient_clip_val': 0.5872781323900843, 'hidden_size': 61, 'dropout': 0.19518287690673547, 'hidden_continuous_size': 17, 'attention_head_size': 2, 'learning_rate': 0.0035705612298086303}. Best is trial 0 with value: 96.29827117919922.
[I 2023-12-26 13:19:57,939] Trial 47 finished with value: 385.8233947753906 and parameters: {'gradient_clip_val': 0.7224216271496579, 'hidden_size': 53, 'dropout': 0.1614031863515799, 'hidden_continuous_size': 14, 'attention_head_size': 1, 'learning_rate': 0.006344889356972013}. Best is trial 0 with value: 96.29827117919922.
[I 2023-12-26 13:20:06,477] Trial 48 finished with value: 467.4923400878906 and parameters: {'gradient_clip_val': 0.998178923471945, 'hidden_size': 113, 'dropout': 0.2864397994750387, 'hidden_continuous_size': 46, 'attention_head_size': 2, 'learning_rate': 0.00941172264267755}. Best is trial 0 with value: 96.29827117919922.
[I 2023-12-26 13:20:12,265] Trial 49 finished with value: 219.66064453125 and parameters: {'gradient_clip_val': 0.611699594374489, 'hidden_size': 91, 'dropout': 0.14129238825044346, 'hidden_continuous_size': 20, 'attention_head_size': 2, 'learning_rate': 0.0028061675841288785}. Best is trial 0 with value: 96.29827117919922.
[I 2023-12-26 13:20:12,402] A new study created in memory with name: no-name-9e8d52b5-b5ec-47cf-9fb7-57f33dcb5026
/home/le004/conda/anaconda3/envs/tsff_env/lib/python3.9/site-packages/lightning/fabric/plugins/environments/slurm.py:191: The `srun` command is available on your system but is not used. HINT: If your intention is to run Lightning on SLURM, prepend your python command with `srun` like so: srun python /home/le004/master_thesis/git/TSFusionForecast/code/ ...
[I 2023-12-26 13:22:31,569] Trial 0 finished with value: 76.76960754394531 and parameters: {'gradient_clip_val': 0.2941967544752782, 'hidden_size': 7, 'dropout': 0.4613783921176112, 'hidden_continuous_size': 7, 'attention_head_size': 4, 'learning_rate': 0.028294875114345242}. Best is trial 0 with value: 76.76960754394531.
[I 2023-12-26 13:22:36,013] Trial 1 finished with value: 481.6593017578125 and parameters: {'gradient_clip_val': 0.6872579405442889, 'hidden_size': 49, 'dropout': 0.13188346010271534, 'hidden_continuous_size': 20, 'attention_head_size': 1, 'learning_rate': 0.003703579843374032}. Best is trial 0 with value: 76.76960754394531.
[I 2023-12-26 13:22:46,261] Trial 2 finished with value: 540.655517578125 and parameters: {'gradient_clip_val': 0.38746981910708267, 'hidden_size': 129, 'dropout': 0.30498508862066626, 'hidden_continuous_size': 77, 'attention_head_size': 4, 'learning_rate': 0.06399451927768578}. Best is trial 0 with value: 76.76960754394531.
[I 2023-12-26 13:22:48,705] Trial 3 finished with value: 524.2203979492188 and parameters: {'gradient_clip_val': 0.10302182193182306, 'hidden_size': 17, 'dropout': 0.3934329203550394, 'hidden_continuous_size': 11, 'attention_head_size': 2, 'learning_rate': 0.003975132562957851}. Best is trial 0 with value: 76.76960754394531.
[I 2023-12-26 13:22:51,333] Trial 4 finished with value: 404.0541076660156 and parameters: {'gradient_clip_val': 0.13702717483319968, 'hidden_size': 42, 'dropout': 0.17406787417914193, 'hidden_continuous_size': 11, 'attention_head_size': 1, 'learning_rate': 0.0043055621724969375}. Best is trial 0 with value: 76.76960754394531.
[I 2023-12-26 13:22:53,658] Trial 5 finished with value: 460.9378356933594 and parameters: {'gradient_clip_val': 0.22252238875822258, 'hidden_size': 28, 'dropout': 0.32153731397737056, 'hidden_continuous_size': 12, 'attention_head_size': 2, 'learning_rate': 0.003467342798266903}. Best is trial 0 with value: 76.76960754394531.
[I 2023-12-26 13:22:55,625] Trial 6 finished with value: 428.2578125 and parameters: {'gradient_clip_val': 0.12103454388737642, 'hidden_size': 8, 'dropout': 0.2692722683600033, 'hidden_continuous_size': 6, 'attention_head_size': 1, 'learning_rate': 0.019729133682729154}. Best is trial 0 with value: 76.76960754394531.
[I 2023-12-26 13:22:59,044] Trial 7 finished with value: 597.580322265625 and parameters: {'gradient_clip_val': 0.1590396054146723, 'hidden_size': 59, 'dropout': 0.24345496616464507, 'hidden_continuous_size': 30, 'attention_head_size': 1, 'learning_rate': 0.0019797988010399658}. Best is trial 0 with value: 76.76960754394531.
[I 2023-12-26 13:23:00,946] Trial 8 finished with value: 412.301025390625 and parameters: {'gradient_clip_val': 0.15788252101444564, 'hidden_size': 9, 'dropout': 0.3718557611124299, 'hidden_continuous_size': 5, 'attention_head_size': 2, 'learning_rate': 0.001126719180450075}. Best is trial 0 with value: 76.76960754394531.
[I 2023-12-26 13:23:05,573] Trial 9 finished with value: 465.9415283203125 and parameters: {'gradient_clip_val': 0.10137332774607989, 'hidden_size': 84, 'dropout': 0.16156410905717022, 'hidden_continuous_size': 13, 'attention_head_size': 2, 'learning_rate': 0.0029324640097954727}. Best is trial 0 with value: 76.76960754394531.
[I 2023-12-26 13:23:07,334] Trial 10 finished with value: 502.4417419433594 and parameters: {'gradient_clip_val': 0.37291189233560773, 'hidden_size': 5, 'dropout': 0.4914095098003878, 'hidden_continuous_size': 5, 'attention_head_size': 4, 'learning_rate': 0.01414841666061398}. Best is trial 0 with value: 76.76960754394531.
[I 2023-12-26 13:23:09,520] Trial 11 finished with value: 353.73876953125 and parameters: {'gradient_clip_val': 0.2602057085795407, 'hidden_size': 22, 'dropout': 0.4982867143080142, 'hidden_continuous_size': 7, 'attention_head_size': 3, 'learning_rate': 0.010815307657467393}. Best is trial 0 with value: 76.76960754394531.
