[I 2023-12-15 11:31:54,829] Trial 6 finished with value: 0.5155385732650757 and parameters: {'gradient_clip_val': 0.5948878301396288, 'hidden_size': 5, 'dropout': 0.38809916773886666, 'hidden_continuous_size': 5, 'attention_head_size': 4, 'learning_rate': 0.015539957857960827}. Best is trial 6 with value: 0.5155385732650757.
LOCAL_RANK: 0 - CUDA_VISIBLE_DEVICES: [0]
[I 2023-12-15 11:32:46,554] Trial 7 finished with value: 0.42420968413352966 and parameters: {'gradient_clip_val': 0.20246742535882792, 'hidden_size': 49, 'dropout': 0.2562941148017186, 'hidden_continuous_size': 10, 'attention_head_size': 1, 'learning_rate': 0.018212932166533344}. Best is trial 7 with value: 0.42420968413352966.
LOCAL_RANK: 0 - CUDA_VISIBLE_DEVICES: [0]
[I 2023-12-15 11:33:37,403] Trial 8 finished with value: 1.1711217164993286 and parameters: {'gradient_clip_val': 0.6272226201498449, 'hidden_size': 26, 'dropout': 0.28833667461052137, 'hidden_continuous_size': 25, 'attention_head_size': 3, 'learning_rate': 0.022453929965073657}. Best is trial 7 with value: 0.42420968413352966.
LOCAL_RANK: 0 - CUDA_VISIBLE_DEVICES: [0]
[I 2023-12-15 11:34:28,926] Trial 9 finished with value: 0.6248015761375427 and parameters: {'gradient_clip_val': 0.22613122553414652, 'hidden_size': 31, 'dropout': 0.2906375729621671, 'hidden_continuous_size': 22, 'attention_head_size': 4, 'learning_rate': 0.004694554190286727}. Best is trial 7 with value: 0.42420968413352966.
LOCAL_RANK: 0 - CUDA_VISIBLE_DEVICES: [0]
[I 2023-12-15 11:35:22,131] Trial 10 finished with value: 0.7535471320152283 and parameters: {'gradient_clip_val': 0.35720460839561574, 'hidden_size': 90, 'dropout': 0.20882467397741328, 'hidden_continuous_size': 12, 'attention_head_size': 1, 'learning_rate': 0.0005822516994838663}. Best is trial 7 with value: 0.42420968413352966.
LOCAL_RANK: 0 - CUDA_VISIBLE_DEVICES: [0]
[I 2023-12-15 11:35:55,866] Trial 11 finished with value: 1.124189019203186 and parameters: {'gradient_clip_val': 0.10125459676411928, 'hidden_size': 5, 'dropout': 0.38404771238273505, 'hidden_continuous_size': 5, 'attention_head_size': 3, 'learning_rate': 0.025456238295497192}. Best is trial 7 with value: 0.42420968413352966.
LOCAL_RANK: 0 - CUDA_VISIBLE_DEVICES: [0]
[I 2023-12-15 11:36:47,132] Trial 12 finished with value: 0.23448847234249115 and parameters: {'gradient_clip_val': 0.39489048174842517, 'hidden_size': 48, 'dropout': 0.34106248869098194, 'hidden_continuous_size': 8, 'attention_head_size': 3, 'learning_rate': 0.02124707704813343}. Best is trial 12 with value: 0.23448847234249115.
LOCAL_RANK: 0 - CUDA_VISIBLE_DEVICES: [0]
[I 2023-12-15 11:37:39,783] Trial 13 finished with value: 0.8187453150749207 and parameters: {'gradient_clip_val': 0.40274101648233146, 'hidden_size': 50, 'dropout': 0.3320591538081938, 'hidden_continuous_size': 10, 'attention_head_size': 3, 'learning_rate': 0.06046764122575218}. Best is trial 12 with value: 0.23448847234249115.
LOCAL_RANK: 0 - CUDA_VISIBLE_DEVICES: [0]
[I 2023-12-15 11:38:31,333] Trial 14 finished with value: 1.244350552558899 and parameters: {'gradient_clip_val': 0.9151361670886795, 'hidden_size': 50, 'dropout': 0.25289930350939555, 'hidden_continuous_size': 8, 'attention_head_size': 2, 'learning_rate': 0.033810827838038585}. Best is trial 12 with value: 0.23448847234249115.
LOCAL_RANK: 0 - CUDA_VISIBLE_DEVICES: [0]
[I 2023-12-15 11:39:23,064] Trial 15 finished with value: 0.09724303334951401 and parameters: {'gradient_clip_val': 0.31201459640945095, 'hidden_size': 52, 'dropout': 0.3497220936275807, 'hidden_continuous_size': 13, 'attention_head_size': 3, 'learning_rate': 0.042192973182061416}. Best is trial 15 with value: 0.09724303334951401.
LOCAL_RANK: 0 - CUDA_VISIBLE_DEVICES: [0]
[I 2023-12-15 11:40:17,073] Trial 16 finished with value: 0.27423450350761414 and parameters: {'gradient_clip_val': 0.4252403150781732, 'hidden_size': 100, 'dropout': 0.3530133008214818, 'hidden_continuous_size': 19, 'attention_head_size': 3, 'learning_rate': 0.04517312853986638}. Best is trial 15 with value: 0.09724303334951401.
LOCAL_RANK: 0 - CUDA_VISIBLE_DEVICES: [0]
[I 2023-12-15 11:41:10,175] Trial 17 finished with value: 0.6808403134346008 and parameters: {'gradient_clip_val': 0.31304337516175573, 'hidden_size': 66, 'dropout': 0.3438575664563408, 'hidden_continuous_size': 14, 'attention_head_size': 3, 'learning_rate': 0.08037830170917662}. Best is trial 15 with value: 0.09724303334951401.
LOCAL_RANK: 0 - CUDA_VISIBLE_DEVICES: [0]
[I 2023-12-15 11:41:58,933] Trial 18 finished with value: 0.09131786972284317 and parameters: {'gradient_clip_val': 0.4653512836238063, 'hidden_size': 36, 'dropout': 0.30289223918016955, 'hidden_continuous_size': 7, 'attention_head_size': 4, 'learning_rate': 0.040618220306233986}. Best is trial 18 with value: 0.09131786972284317.
LOCAL_RANK: 0 - CUDA_VISIBLE_DEVICES: [0]
[I 2023-12-15 11:42:45,898] Trial 19 finished with value: 0.04235878586769104 and parameters: {'gradient_clip_val': 0.4853180033372791, 'hidden_size': 19, 'dropout': 0.30175468645244924, 'hidden_continuous_size': 6, 'attention_head_size': 4, 'learning_rate': 0.09451690123194555}. Best is trial 19 with value: 0.04235878586769104.
LOCAL_RANK: 0 - CUDA_VISIBLE_DEVICES: [0]
[I 2023-12-15 11:43:31,497] Trial 20 finished with value: 0.7322497367858887 and parameters: {'gradient_clip_val': 0.5006822011491098, 'hidden_size': 15, 'dropout': 0.2958477034181666, 'hidden_continuous_size': 6, 'attention_head_size': 4, 'learning_rate': 0.09333104401007807}. Best is trial 19 with value: 0.04235878586769104.
LOCAL_RANK: 0 - CUDA_VISIBLE_DEVICES: [0]
[I 2023-12-15 11:44:20,817] Trial 21 finished with value: 0.6450225710868835 and parameters: {'gradient_clip_val': 0.4651194651610122, 'hidden_size': 37, 'dropout': 0.3131121945949144, 'hidden_continuous_size': 6, 'attention_head_size': 4, 'learning_rate': 0.046545541922836525}. Best is trial 19 with value: 0.04235878586769104.
LOCAL_RANK: 0 - CUDA_VISIBLE_DEVICES: [0]
[I 2023-12-15 11:45:07,147] Trial 22 finished with value: 0.43574395775794983 and parameters: {'gradient_clip_val': 0.3165196222715158, 'hidden_size': 20, 'dropout': 0.35695920015532523, 'hidden_continuous_size': 6, 'attention_head_size': 4, 'learning_rate': 0.04490557088962929}. Best is trial 19 with value: 0.04235878586769104.
LOCAL_RANK: 0 - CUDA_VISIBLE_DEVICES: [0]
[I 2023-12-15 11:45:56,856] Trial 23 finished with value: 0.20351605117321014 and parameters: {'gradient_clip_val': 0.5038371675214788, 'hidden_size': 34, 'dropout': 0.27900803785400974, 'hidden_continuous_size': 10, 'attention_head_size': 4, 'learning_rate': 0.05759193357363493}. Best is trial 19 with value: 0.04235878586769104.
LOCAL_RANK: 0 - CUDA_VISIBLE_DEVICES: [0]
[I 2023-12-15 11:46:45,631] Trial 24 finished with value: 1.715867042541504 and parameters: {'gradient_clip_val': 0.3314093056220476, 'hidden_size': 26, 'dropout': 0.3155344301682354, 'hidden_continuous_size': 7, 'attention_head_size': 4, 'learning_rate': 0.03291270881744651}. Best is trial 19 with value: 0.04235878586769104.
LOCAL_RANK: 0 - CUDA_VISIBLE_DEVICES: [0]
[I 2023-12-15 11:47:32,253] Trial 25 finished with value: 0.6763328909873962 and parameters: {'gradient_clip_val': 0.4635649641553637, 'hidden_size': 18, 'dropout': 0.3652715304341154, 'hidden_continuous_size': 7, 'attention_head_size': 3, 'learning_rate': 0.09884868646263177}. Best is trial 19 with value: 0.04235878586769104.
LOCAL_RANK: 0 - CUDA_VISIBLE_DEVICES: [0]
[I 2023-12-15 11:48:17,628] Trial 26 finished with value: 0.04111544415354729 and parameters: {'gradient_clip_val': 0.28499700187744054, 'hidden_size': 14, 'dropout': 0.31141483853526064, 'hidden_continuous_size': 6, 'attention_head_size': 4, 'learning_rate': 0.061937095087199245}. Best is trial 26 with value: 0.04111544415354729.
LOCAL_RANK: 0 - CUDA_VISIBLE_DEVICES: [0]
[I 2023-12-15 11:49:03,176] Trial 27 finished with value: 0.037655431777238846 and parameters: {'gradient_clip_val': 0.7158588889651323, 'hidden_size': 14, 'dropout': 0.2683715252213429, 'hidden_continuous_size': 6, 'attention_head_size': 4, 'learning_rate': 0.07222854323501487}. Best is trial 27 with value: 0.037655431777238846.
LOCAL_RANK: 0 - CUDA_VISIBLE_DEVICES: [0]
[I 2023-12-15 11:49:48,376] Trial 28 finished with value: 0.07955947518348694 and parameters: {'gradient_clip_val': 0.9834897210579222, 'hidden_size': 14, 'dropout': 0.27108851106843274, 'hidden_continuous_size': 6, 'attention_head_size': 4, 'learning_rate': 0.06597833394112809}. Best is trial 27 with value: 0.037655431777238846.
LOCAL_RANK: 0 - CUDA_VISIBLE_DEVICES: [0]
[I 2023-12-15 11:50:33,959] Trial 29 finished with value: 0.13146542012691498 and parameters: {'gradient_clip_val': 0.754406115639377, 'hidden_size': 13, 'dropout': 0.26839643918582934, 'hidden_continuous_size': 6, 'attention_head_size': 4, 'learning_rate': 0.06442247101066677}. Best is trial 27 with value: 0.037655431777238846.
LOCAL_RANK: 0 - CUDA_VISIBLE_DEVICES: [0]
[I 2023-12-15 11:51:18,174] Trial 30 finished with value: 1.1242479085922241 and parameters: {'gradient_clip_val': 0.7247684451693078, 'hidden_size': 12, 'dropout': 0.22315277632650415, 'hidden_continuous_size': 6, 'attention_head_size': 4, 'learning_rate': 0.09731529479160313}. Best is trial 27 with value: 0.037655431777238846.
LOCAL_RANK: 0 - CUDA_VISIBLE_DEVICES: [0]
[I 2023-12-15 11:52:02,920] Trial 31 finished with value: 0.18981404602527618 and parameters: {'gradient_clip_val': 0.9978821340962949, 'hidden_size': 16, 'dropout': 0.2695893602783183, 'hidden_continuous_size': 6, 'attention_head_size': 4, 'learning_rate': 0.06597639570350534}. Best is trial 27 with value: 0.037655431777238846.
LOCAL_RANK: 0 - CUDA_VISIBLE_DEVICES: [0]
[I 2023-12-15 11:52:48,039] Trial 32 finished with value: 1.001810908317566 and parameters: {'gradient_clip_val': 0.8361304622091651, 'hidden_size': 14, 'dropout': 0.30539969658112986, 'hidden_continuous_size': 5, 'attention_head_size': 4, 'learning_rate': 0.06502757829446229}. Best is trial 27 with value: 0.037655431777238846.
LOCAL_RANK: 0 - CUDA_VISIBLE_DEVICES: [0]
[I 2023-12-15 11:53:32,128] Trial 33 finished with value: 0.18746793270111084 and parameters: {'gradient_clip_val': 0.7114887057147884, 'hidden_size': 12, 'dropout': 0.24046310597935844, 'hidden_continuous_size': 6, 'attention_head_size': 4, 'learning_rate': 0.03146309423405602}. Best is trial 27 with value: 0.037655431777238846.
LOCAL_RANK: 0 - CUDA_VISIBLE_DEVICES: [0]
[I 2023-12-15 11:54:17,305] Trial 34 finished with value: 2.30985164642334 and parameters: {'gradient_clip_val': 0.8582833399877187, 'hidden_size': 10, 'dropout': 0.27203845868342147, 'hidden_continuous_size': 6, 'attention_head_size': 4, 'learning_rate': 0.07209957477772716}. Best is trial 27 with value: 0.037655431777238846.
LOCAL_RANK: 0 - CUDA_VISIBLE_DEVICES: [0]
[I 2023-12-15 11:55:03,844] Trial 35 finished with value: 0.7931609153747559 and parameters: {'gradient_clip_val': 0.9920770531308156, 'hidden_size': 18, 'dropout': 0.3238740015426113, 'hidden_continuous_size': 5, 'attention_head_size': 4, 'learning_rate': 0.05681935936100363}. Best is trial 27 with value: 0.037655431777238846.
LOCAL_RANK: 0 - CUDA_VISIBLE_DEVICES: [0]
[I 2023-12-15 11:55:47,491] Trial 36 finished with value: 1.8852683305740356 and parameters: {'gradient_clip_val': 0.660030832500358, 'hidden_size': 8, 'dropout': 0.2939448793232061, 'hidden_continuous_size': 6, 'attention_head_size': 3, 'learning_rate': 0.013548109599002609}. Best is trial 27 with value: 0.037655431777238846.
LOCAL_RANK: 0 - CUDA_VISIBLE_DEVICES: [0]
[I 2023-12-15 11:56:32,667] Trial 37 finished with value: 0.29016032814979553 and parameters: {'gradient_clip_val': 0.5646951241390752, 'hidden_size': 11, 'dropout': 0.33196095839588624, 'hidden_continuous_size': 5, 'attention_head_size': 4, 'learning_rate': 0.09299610022591506}. Best is trial 27 with value: 0.037655431777238846.
LOCAL_RANK: 0 - CUDA_VISIBLE_DEVICES: [0]
[I 2023-12-15 11:57:18,475] Trial 38 finished with value: 1.2876819372177124 and parameters: {'gradient_clip_val': 0.8018175034266272, 'hidden_size': 14, 'dropout': 0.24321976777569088, 'hidden_continuous_size': 7, 'attention_head_size': 4, 'learning_rate': 0.027646414570108656}. Best is trial 27 with value: 0.037655431777238846.
LOCAL_RANK: 0 - CUDA_VISIBLE_DEVICES: [0]
[I 2023-12-15 11:58:03,099] Trial 39 finished with value: 1.301707148551941 and parameters: {'gradient_clip_val': 0.6688720164969583, 'hidden_size': 9, 'dropout': 0.3110528786682457, 'hidden_continuous_size': 6, 'attention_head_size': 2, 'learning_rate': 0.051313415470430196}. Best is trial 27 with value: 0.037655431777238846.
LOCAL_RANK: 0 - CUDA_VISIBLE_DEVICES: [0]
[I 2023-12-15 11:58:51,680] Trial 40 finished with value: 0.5828871130943298 and parameters: {'gradient_clip_val': 0.5599906677166254, 'hidden_size': 22, 'dropout': 0.28073488552626114, 'hidden_continuous_size': 8, 'attention_head_size': 4, 'learning_rate': 0.07540185351612196}. Best is trial 27 with value: 0.037655431777238846.
LOCAL_RANK: 0 - CUDA_VISIBLE_DEVICES: [0]
[I 2023-12-15 11:59:38,482] Trial 41 finished with value: 2.0234153270721436 and parameters: {'gradient_clip_val': 0.7654301046276896, 'hidden_size': 18, 'dropout': 0.30443175017587687, 'hidden_continuous_size': 7, 'attention_head_size': 4, 'learning_rate': 0.03803989026549172}. Best is trial 27 with value: 0.037655431777238846.
LOCAL_RANK: 0 - CUDA_VISIBLE_DEVICES: [0]
[I 2023-12-15 12:00:23,395] Trial 42 finished with value: 0.1111677810549736 and parameters: {'gradient_clip_val': 0.5628096912282365, 'hidden_size': 16, 'dropout': 0.26078180772886506, 'hidden_continuous_size': 7, 'attention_head_size': 4, 'learning_rate': 0.040903556726646556}. Best is trial 27 with value: 0.037655431777238846.
LOCAL_RANK: 0 - CUDA_VISIBLE_DEVICES: [0]
[I 2023-12-15 12:01:11,513] Trial 43 finished with value: 0.6387642025947571 and parameters: {'gradient_clip_val': 0.2720762973090598, 'hidden_size': 23, 'dropout': 0.2880220617666887, 'hidden_continuous_size': 5, 'attention_head_size': 4, 'learning_rate': 0.07414441609703712}. Best is trial 27 with value: 0.037655431777238846.
LOCAL_RANK: 0 - CUDA_VISIBLE_DEVICES: [0]
[I 2023-12-15 12:01:57,166] Trial 44 finished with value: 0.12237048894166946 and parameters: {'gradient_clip_val': 0.6076958994052435, 'hidden_size': 11, 'dropout': 0.2769813869773521, 'hidden_continuous_size': 7, 'attention_head_size': 4, 'learning_rate': 0.053397293880173086}. Best is trial 27 with value: 0.037655431777238846.
LOCAL_RANK: 0 - CUDA_VISIBLE_DEVICES: [0]
[I 2023-12-15 12:02:41,883] Trial 45 finished with value: 0.07702875137329102 and parameters: {'gradient_clip_val': 0.8912319178585401, 'hidden_size': 7, 'dropout': 0.3006590704120293, 'hidden_continuous_size': 6, 'attention_head_size': 3, 'learning_rate': 0.027990672197537148}. Best is trial 27 with value: 0.037655431777238846.
LOCAL_RANK: 0 - CUDA_VISIBLE_DEVICES: [0]
[I 2023-12-15 12:03:26,001] Trial 46 finished with value: 0.7059863209724426 and parameters: {'gradient_clip_val': 0.8915192223611872, 'hidden_size': 6, 'dropout': 0.32269012505684513, 'hidden_continuous_size': 5, 'attention_head_size': 1, 'learning_rate': 0.02446313631160393}. Best is trial 27 with value: 0.037655431777238846.
LOCAL_RANK: 0 - CUDA_VISIBLE_DEVICES: [0]
[I 2023-12-15 12:04:10,810] Trial 47 finished with value: 1.7611675262451172 and parameters: {'gradient_clip_val': 0.89552134399035, 'hidden_size': 7, 'dropout': 0.2566377244101114, 'hidden_continuous_size': 6, 'attention_head_size': 3, 'learning_rate': 0.03207083443566485}. Best is trial 27 with value: 0.037655431777238846.
LOCAL_RANK: 0 - CUDA_VISIBLE_DEVICES: [0]
[I 2023-12-15 12:04:54,215] Trial 48 finished with value: 1.5933831930160522 and parameters: {'gradient_clip_val': 0.8065234729847031, 'hidden_size': 8, 'dropout': 0.2933872278680812, 'hidden_continuous_size': 6, 'attention_head_size': 2, 'learning_rate': 0.017334034411148627}. Best is trial 27 with value: 0.037655431777238846.
LOCAL_RANK: 0 - CUDA_VISIBLE_DEVICES: [0]
[I 2023-12-15 12:05:39,503] Trial 49 finished with value: 0.513451099395752 and parameters: {'gradient_clip_val': 0.6817869236389152, 'hidden_size': 10, 'dropout': 0.19365489947697653, 'hidden_continuous_size': 6, 'attention_head_size': 3, 'learning_rate': 0.052788625088895}. Best is trial 27 with value: 0.037655431777238846.
[I 2023-12-15 12:05:39,608] A new study created in memory with name: no-name-d9be7595-19a5-4207-8b54-4b4087ff840c
/home/le004/conda/anaconda3/envs/tsff_env/lib/python3.9/site-packages/lightning/fabric/plugins/environments/slurm.py:191: The `srun` command is available on your system but is not used. HINT: If your intention is to run Lightning on SLURM, prepend your python command with `srun` like so: srun python /home/le004/master_thesis/git/TSFusionForecast/code/ ...
LOCAL_RANK: 0 - CUDA_VISIBLE_DEVICES: [0]
[I 2023-12-15 12:06:27,149] Trial 0 finished with value: 4.756147861480713 and parameters: {'gradient_clip_val': 0.13057084565334515, 'hidden_size': 24, 'dropout': 0.36050114671820577, 'hidden_continuous_size': 17, 'attention_head_size': 3, 'learning_rate': 0.005270630419107914}. Best is trial 0 with value: 4.756147861480713.
LOCAL_RANK: 0 - CUDA_VISIBLE_DEVICES: [0]
[I 2023-12-15 12:07:12,215] Trial 1 finished with value: 6.616313457489014 and parameters: {'gradient_clip_val': 0.2293264048979709, 'hidden_size': 13, 'dropout': 0.14201821517189647, 'hidden_continuous_size': 6, 'attention_head_size': 3, 'learning_rate': 0.09488112914982291}. Best is trial 0 with value: 4.756147861480713.
LOCAL_RANK: 0 - CUDA_VISIBLE_DEVICES: [0]
[I 2023-12-15 12:08:06,389] Trial 2 finished with value: 3.134302854537964 and parameters: {'gradient_clip_val': 0.386201834462735, 'hidden_size': 97, 'dropout': 0.39717376714608155, 'hidden_continuous_size': 17, 'attention_head_size': 3, 'learning_rate': 0.04187408266070128}. Best is trial 2 with value: 3.134302854537964.
LOCAL_RANK: 0 - CUDA_VISIBLE_DEVICES: [0]
[I 2023-12-15 12:08:57,122] Trial 3 finished with value: 0.9020771980285645 and parameters: {'gradient_clip_val': 0.14581399474304166, 'hidden_size': 36, 'dropout': 0.2042033753768564, 'hidden_continuous_size': 22, 'attention_head_size': 3, 'learning_rate': 0.004864716363318845}. Best is trial 3 with value: 0.9020771980285645.
LOCAL_RANK: 0 - CUDA_VISIBLE_DEVICES: [0]
[I 2023-12-15 12:09:48,119] Trial 4 finished with value: 4.782443523406982 and parameters: {'gradient_clip_val': 0.1097164391000936, 'hidden_size': 45, 'dropout': 0.32848812411758604, 'hidden_continuous_size': 7, 'attention_head_size': 3, 'learning_rate': 0.0021070969833823484}. Best is trial 3 with value: 0.9020771980285645.
LOCAL_RANK: 0 - CUDA_VISIBLE_DEVICES: [0]
[I 2023-12-15 12:10:32,369] Trial 5 finished with value: 3.272625684738159 and parameters: {'gradient_clip_val': 0.6677310160405838, 'hidden_size': 6, 'dropout': 0.12563994666388287, 'hidden_continuous_size': 5, 'attention_head_size': 2, 'learning_rate': 0.0008531586508931498}. Best is trial 3 with value: 0.9020771980285645.
LOCAL_RANK: 0 - CUDA_VISIBLE_DEVICES: [0]
[I 2023-12-15 12:11:24,625] Trial 6 finished with value: 2.3332393169403076 and parameters: {'gradient_clip_val': 0.2189224470012533, 'hidden_size': 76, 'dropout': 0.28299521148081713, 'hidden_continuous_size': 13, 'attention_head_size': 2, 'learning_rate': 0.014520902258429294}. Best is trial 3 with value: 0.9020771980285645.
LOCAL_RANK: 0 - CUDA_VISIBLE_DEVICES: [0]
[I 2023-12-15 12:11:58,679] Trial 7 finished with value: 2.835564613342285 and parameters: {'gradient_clip_val': 0.3172286549565702, 'hidden_size': 5, 'dropout': 0.3978692188798171, 'hidden_continuous_size': 5, 'attention_head_size': 4, 'learning_rate': 0.002491106419156472}. Best is trial 3 with value: 0.9020771980285645.
LOCAL_RANK: 0 - CUDA_VISIBLE_DEVICES: [0]
[I 2023-12-15 12:12:52,161] Trial 8 finished with value: 2.044886350631714 and parameters: {'gradient_clip_val': 0.10348576405169095, 'hidden_size': 57, 'dropout': 0.3498324575411974, 'hidden_continuous_size': 36, 'attention_head_size': 3, 'learning_rate': 0.03806005262555965}. Best is trial 3 with value: 0.9020771980285645.
LOCAL_RANK: 0 - CUDA_VISIBLE_DEVICES: [0]
[I 2023-12-15 12:13:36,570] Trial 9 finished with value: 2.8003733158111572 and parameters: {'gradient_clip_val': 0.89427584126021, 'hidden_size': 9, 'dropout': 0.30648647456105726, 'hidden_continuous_size': 5, 'attention_head_size': 1, 'learning_rate': 0.010561534621708533}. Best is trial 3 with value: 0.9020771980285645.
LOCAL_RANK: 0 - CUDA_VISIBLE_DEVICES: [0]
[I 2023-12-15 12:14:28,493] Trial 10 finished with value: 1.3525341749191284 and parameters: {'gradient_clip_val': 0.16743614114357994, 'hidden_size': 29, 'dropout': 0.21445710828577233, 'hidden_continuous_size': 26, 'attention_head_size': 4, 'learning_rate': 0.0006742364016785624}. Best is trial 3 with value: 0.9020771980285645.
LOCAL_RANK: 0 - CUDA_VISIBLE_DEVICES: [0]
[I 2023-12-15 12:15:03,198] Trial 11 finished with value: 3.2797205448150635 and parameters: {'gradient_clip_val': 0.16271451217219127, 'hidden_size': 29, 'dropout': 0.22038006734413082, 'hidden_continuous_size': 29, 'attention_head_size': 4, 'learning_rate': 0.0005247860020917445}. Best is trial 3 with value: 0.9020771980285645.
LOCAL_RANK: 0 - CUDA_VISIBLE_DEVICES: [0]
[I 2023-12-15 12:15:55,431] Trial 12 finished with value: 3.434239625930786 and parameters: {'gradient_clip_val': 0.1750038971238124, 'hidden_size': 35, 'dropout': 0.2172424604291633, 'hidden_continuous_size': 24, 'attention_head_size': 4, 'learning_rate': 0.0018059853324091874}. Best is trial 3 with value: 0.9020771980285645.
LOCAL_RANK: 0 - CUDA_VISIBLE_DEVICES: [0]
