[I 2023-12-26 15:50:42,060] Trial 16 finished with value: 15.885430335998535 and parameters: {'gradient_clip_val': 0.2678782440279924, 'hidden_size': 22, 'dropout': 0.1570971817517463, 'hidden_continuous_size': 8, 'attention_head_size': 1, 'learning_rate': 0.04013806417593659}. Best is trial 0 with value: 10.112971305847168.
[I 2023-12-26 15:50:45,017] Trial 17 finished with value: 24.18683624267578 and parameters: {'gradient_clip_val': 0.16559753782641487, 'hidden_size': 22, 'dropout': 0.2588183967852278, 'hidden_continuous_size': 8, 'attention_head_size': 4, 'learning_rate': 0.09223982107007282}. Best is trial 0 with value: 10.112971305847168.
[I 2023-12-26 15:50:47,979] Trial 18 finished with value: 16.52581214904785 and parameters: {'gradient_clip_val': 0.23787739029328653, 'hidden_size': 25, 'dropout': 0.16792595208806257, 'hidden_continuous_size': 9, 'attention_head_size': 2, 'learning_rate': 0.0463773169939897}. Best is trial 0 with value: 10.112971305847168.
[I 2023-12-26 15:50:50,192] Trial 19 finished with value: 22.966108322143555 and parameters: {'gradient_clip_val': 0.17954311938524462, 'hidden_size': 17, 'dropout': 0.18355682905189535, 'hidden_continuous_size': 7, 'attention_head_size': 3, 'learning_rate': 0.03877211300122582}. Best is trial 0 with value: 10.112971305847168.
[I 2023-12-26 15:50:52,664] Trial 20 finished with value: 19.544076919555664 and parameters: {'gradient_clip_val': 0.2500097630881443, 'hidden_size': 29, 'dropout': 0.13523703833718598, 'hidden_continuous_size': 12, 'attention_head_size': 1, 'learning_rate': 0.033539194927033576}. Best is trial 0 with value: 10.112971305847168.
[I 2023-12-26 15:50:54,860] Trial 21 finished with value: 26.09731101989746 and parameters: {'gradient_clip_val': 0.24048557920218325, 'hidden_size': 22, 'dropout': 0.1671071652473252, 'hidden_continuous_size': 9, 'attention_head_size': 2, 'learning_rate': 0.056960568996214135}. Best is trial 0 with value: 10.112971305847168.
[I 2023-12-26 15:50:57,285] Trial 22 finished with value: 20.336511611938477 and parameters: {'gradient_clip_val': 0.21923311183989688, 'hidden_size': 26, 'dropout': 0.20034335224298436, 'hidden_continuous_size': 9, 'attention_head_size': 2, 'learning_rate': 0.03642859627165158}. Best is trial 0 with value: 10.112971305847168.
[I 2023-12-26 15:50:59,393] Trial 23 finished with value: 20.59027671813965 and parameters: {'gradient_clip_val': 0.29534779958423757, 'hidden_size': 12, 'dropout': 0.10483949321965344, 'hidden_continuous_size': 7, 'attention_head_size': 1, 'learning_rate': 0.06859842711737134}. Best is trial 0 with value: 10.112971305847168.
[I 2023-12-26 15:51:01,387] Trial 24 finished with value: 22.21808433532715 and parameters: {'gradient_clip_val': 0.1786502546819984, 'hidden_size': 16, 'dropout': 0.15787380672386267, 'hidden_continuous_size': 10, 'attention_head_size': 2, 'learning_rate': 0.03221477374188711}. Best is trial 0 with value: 10.112971305847168.
[I 2023-12-26 15:51:05,105] Trial 25 finished with value: 27.77913475036621 and parameters: {'gradient_clip_val': 0.23446282970248022, 'hidden_size': 31, 'dropout': 0.27008736652303905, 'hidden_continuous_size': 14, 'attention_head_size': 3, 'learning_rate': 0.061492026860685355}. Best is trial 0 with value: 10.112971305847168.
[I 2023-12-26 15:51:09,534] Trial 26 finished with value: 28.01753807067871 and parameters: {'gradient_clip_val': 0.3780794293126263, 'hidden_size': 41, 'dropout': 0.21644034828008846, 'hidden_continuous_size': 13, 'attention_head_size': 1, 'learning_rate': 0.04600256232611044}. Best is trial 0 with value: 10.112971305847168.
[I 2023-12-26 15:51:14,196] Trial 27 finished with value: 24.4532527923584 and parameters: {'gradient_clip_val': 0.2942036576017185, 'hidden_size': 53, 'dropout': 0.15785396264739032, 'hidden_continuous_size': 5, 'attention_head_size': 4, 'learning_rate': 0.09272154160968561}. Best is trial 0 with value: 10.112971305847168.
[I 2023-12-26 15:51:17,162] Trial 28 finished with value: 18.41423988342285 and parameters: {'gradient_clip_val': 0.20745079147264997, 'hidden_size': 24, 'dropout': 0.18481582095083338, 'hidden_continuous_size': 11, 'attention_head_size': 2, 'learning_rate': 0.018157466996827257}. Best is trial 0 with value: 10.112971305847168.
[I 2023-12-26 15:51:19,801] Trial 29 finished with value: 27.426382064819336 and parameters: {'gradient_clip_val': 0.2545890234227148, 'hidden_size': 10, 'dropout': 0.21009863518579855, 'hidden_continuous_size': 8, 'attention_head_size': 4, 'learning_rate': 0.028010020070230394}. Best is trial 0 with value: 10.112971305847168.
[I 2023-12-26 15:51:22,458] Trial 30 finished with value: 27.3226261138916 and parameters: {'gradient_clip_val': 0.9073654722465468, 'hidden_size': 17, 'dropout': 0.11475257287718185, 'hidden_continuous_size': 10, 'attention_head_size': 1, 'learning_rate': 0.027823695687989453}. Best is trial 0 with value: 10.112971305847168.
[I 2023-12-26 15:51:28,291] Trial 31 finished with value: 28.376609802246094 and parameters: {'gradient_clip_val': 0.3297334045474287, 'hidden_size': 63, 'dropout': 0.12882903042331822, 'hidden_continuous_size': 6, 'attention_head_size': 1, 'learning_rate': 0.01862152622377796}. Best is trial 0 with value: 10.112971305847168.
[I 2023-12-26 15:51:31,756] Trial 32 finished with value: 23.450742721557617 and parameters: {'gradient_clip_val': 0.31261241475159873, 'hidden_size': 34, 'dropout': 0.14275804540911385, 'hidden_continuous_size': 15, 'attention_head_size': 1, 'learning_rate': 0.04052684688493086}. Best is trial 0 with value: 10.112971305847168.
[I 2023-12-26 15:51:34,867] Trial 33 finished with value: 24.000112533569336 and parameters: {'gradient_clip_val': 0.41096070426663067, 'hidden_size': 27, 'dropout': 0.17248439169872004, 'hidden_continuous_size': 13, 'attention_head_size': 1, 'learning_rate': 0.012163204612897317}. Best is trial 0 with value: 10.112971305847168.
[I 2023-12-26 15:51:37,415] Trial 34 finished with value: 29.106428146362305 and parameters: {'gradient_clip_val': 0.30098988428593004, 'hidden_size': 19, 'dropout': 0.1419818757785628, 'hidden_continuous_size': 9, 'attention_head_size': 1, 'learning_rate': 0.02120587884461489}. Best is trial 0 with value: 10.112971305847168.
[I 2023-12-26 15:51:39,857] Trial 35 finished with value: 19.570392608642578 and parameters: {'gradient_clip_val': 0.42833380397755283, 'hidden_size': 13, 'dropout': 0.12632643383865505, 'hidden_continuous_size': 7, 'attention_head_size': 2, 'learning_rate': 0.0516938253823844}. Best is trial 0 with value: 10.112971305847168.
[I 2023-12-26 15:51:42,525] Trial 36 finished with value: 16.173768997192383 and parameters: {'gradient_clip_val': 0.2724313151682998, 'hidden_size': 21, 'dropout': 0.19178710707717822, 'hidden_continuous_size': 11, 'attention_head_size': 3, 'learning_rate': 0.023729336096607132}. Best is trial 0 with value: 10.112971305847168.
[I 2023-12-26 15:51:45,145] Trial 37 finished with value: 31.609495162963867 and parameters: {'gradient_clip_val': 0.5657926378272194, 'hidden_size': 19, 'dropout': 0.19755155223303056, 'hidden_continuous_size': 11, 'attention_head_size': 3, 'learning_rate': 0.06844114742191165}. Best is trial 0 with value: 10.112971305847168.
[I 2023-12-26 15:51:48,041] Trial 38 finished with value: 25.027481079101562 and parameters: {'gradient_clip_val': 0.25124451589528535, 'hidden_size': 13, 'dropout': 0.16978488145224424, 'hidden_continuous_size': 9, 'attention_head_size': 3, 'learning_rate': 0.026398147713307177}. Best is trial 0 with value: 10.112971305847168.
[I 2023-12-26 15:51:50,973] Trial 39 finished with value: 23.393552780151367 and parameters: {'gradient_clip_val': 0.26082583695235734, 'hidden_size': 25, 'dropout': 0.24122346669552044, 'hidden_continuous_size': 12, 'attention_head_size': 4, 'learning_rate': 0.010896580219383866}. Best is trial 0 with value: 10.112971305847168.
[I 2023-12-26 15:51:53,340] Trial 40 finished with value: 24.91788673400879 and parameters: {'gradient_clip_val': 0.13675130320803888, 'hidden_size': 15, 'dropout': 0.19770117699073375, 'hidden_continuous_size': 10, 'attention_head_size': 3, 'learning_rate': 0.015914574283523886}. Best is trial 0 with value: 10.112971305847168.
[I 2023-12-26 15:51:55,697] Trial 41 finished with value: 34.425750732421875 and parameters: {'gradient_clip_val': 0.28013870899979776, 'hidden_size': 21, 'dropout': 0.1423382929621396, 'hidden_continuous_size': 11, 'attention_head_size': 4, 'learning_rate': 0.023325474252582135}. Best is trial 0 with value: 10.112971305847168.
[I 2023-12-26 15:51:59,337] Trial 42 finished with value: 27.824905395507812 and parameters: {'gradient_clip_val': 0.3217390957010098, 'hidden_size': 36, 'dropout': 0.15772797051071827, 'hidden_continuous_size': 18, 'attention_head_size': 3, 'learning_rate': 0.02085901025753519}. Best is trial 0 with value: 10.112971305847168.
[I 2023-12-26 15:52:02,497] Trial 43 finished with value: 23.19435691833496 and parameters: {'gradient_clip_val': 0.27378570428717836, 'hidden_size': 28, 'dropout': 0.1010095385029331, 'hidden_continuous_size': 13, 'attention_head_size': 2, 'learning_rate': 0.03976723409845438}. Best is trial 0 with value: 10.112971305847168.
[I 2023-12-26 15:52:04,957] Trial 44 finished with value: 34.19014358520508 and parameters: {'gradient_clip_val': 0.34300099889482555, 'hidden_size': 19, 'dropout': 0.18450418217761272, 'hidden_continuous_size': 8, 'attention_head_size': 1, 'learning_rate': 0.03065581387707508}. Best is trial 0 with value: 10.112971305847168.
[I 2023-12-26 15:52:07,305] Trial 45 finished with value: 25.704389572143555 and parameters: {'gradient_clip_val': 0.2298137709157421, 'hidden_size': 9, 'dropout': 0.22084875069240123, 'hidden_continuous_size': 6, 'attention_head_size': 2, 'learning_rate': 0.008544210218221522}. Best is trial 0 with value: 10.112971305847168.
[I 2023-12-26 15:52:09,973] Trial 46 finished with value: 26.286231994628906 and parameters: {'gradient_clip_val': 0.19799303355730152, 'hidden_size': 14, 'dropout': 0.12270799442925773, 'hidden_continuous_size': 5, 'attention_head_size': 4, 'learning_rate': 0.014836238313351473}. Best is trial 0 with value: 10.112971305847168.
[I 2023-12-26 15:52:12,490] Trial 47 finished with value: 31.594940185546875 and parameters: {'gradient_clip_val': 0.22383361019098494, 'hidden_size': 11, 'dropout': 0.17413593532265373, 'hidden_continuous_size': 8, 'attention_head_size': 1, 'learning_rate': 0.047825863214300365}. Best is trial 0 with value: 10.112971305847168.
[I 2023-12-26 15:52:14,827] Trial 48 finished with value: 23.8459529876709 and parameters: {'gradient_clip_val': 0.28939849875739404, 'hidden_size': 7, 'dropout': 0.1485172874134871, 'hidden_continuous_size': 6, 'attention_head_size': 2, 'learning_rate': 0.02225856772556621}. Best is trial 0 with value: 10.112971305847168.
[I 2023-12-26 15:52:18,644] Trial 49 finished with value: 20.396276473999023 and parameters: {'gradient_clip_val': 0.2666570502232816, 'hidden_size': 32, 'dropout': 0.11360950194685027, 'hidden_continuous_size': 19, 'attention_head_size': 3, 'learning_rate': 0.02967639350369926}. Best is trial 0 with value: 10.112971305847168.
[I 2023-12-26 15:52:18,814] A new study created in memory with name: no-name-4d9788e2-a2fa-4c60-88dc-557acff07657
/home/le004/conda/anaconda3/envs/tsff_env/lib/python3.9/site-packages/lightning/fabric/plugins/environments/slurm.py:191: The `srun` command is available on your system but is not used. HINT: If your intention is to run Lightning on SLURM, prepend your python command with `srun` like so: srun python /home/le004/master_thesis/git/TSFusionForecast/code/ ...
[I 2023-12-26 15:55:15,858] Trial 0 finished with value: 15.442757606506348 and parameters: {'gradient_clip_val': 0.11621133718120817, 'hidden_size': 28, 'dropout': 0.23632575008728202, 'hidden_continuous_size': 7, 'attention_head_size': 4, 'learning_rate': 0.007892002471463263}. Best is trial 0 with value: 15.442757606506348.
[I 2023-12-26 15:55:19,232] Trial 1 finished with value: 48.79526901245117 and parameters: {'gradient_clip_val': 0.18082231304804655, 'hidden_size': 32, 'dropout': 0.38745511629724294, 'hidden_continuous_size': 27, 'attention_head_size': 4, 'learning_rate': 0.03466893296658429}. Best is trial 0 with value: 15.442757606506348.
[I 2023-12-26 15:55:21,394] Trial 2 finished with value: 97.88817596435547 and parameters: {'gradient_clip_val': 0.12442644049515533, 'hidden_size': 6, 'dropout': 0.14778904977622653, 'hidden_continuous_size': 6, 'attention_head_size': 2, 'learning_rate': 0.011263930692187351}. Best is trial 0 with value: 15.442757606506348.
[I 2023-12-26 15:55:23,999] Trial 3 finished with value: 122.69039154052734 and parameters: {'gradient_clip_val': 0.7517163319754865, 'hidden_size': 14, 'dropout': 0.47869752022833245, 'hidden_continuous_size': 13, 'attention_head_size': 2, 'learning_rate': 0.06546026122691438}. Best is trial 0 with value: 15.442757606506348.
[I 2023-12-26 15:55:27,426] Trial 4 finished with value: 53.20393753051758 and parameters: {'gradient_clip_val': 0.4342150602640881, 'hidden_size': 29, 'dropout': 0.2397051433797394, 'hidden_continuous_size': 27, 'attention_head_size': 3, 'learning_rate': 0.020557637424605757}. Best is trial 0 with value: 15.442757606506348.
[I 2023-12-26 15:55:29,908] Trial 5 finished with value: 61.16193771362305 and parameters: {'gradient_clip_val': 0.2768894714182956, 'hidden_size': 16, 'dropout': 0.3345822462349089, 'hidden_continuous_size': 14, 'attention_head_size': 3, 'learning_rate': 0.012055024323773663}. Best is trial 0 with value: 15.442757606506348.
[I 2023-12-26 15:55:39,395] Trial 6 finished with value: 48.043399810791016 and parameters: {'gradient_clip_val': 0.4856777585971548, 'hidden_size': 114, 'dropout': 0.36563234481023055, 'hidden_continuous_size': 19, 'attention_head_size': 3, 'learning_rate': 0.0007408820225457832}. Best is trial 0 with value: 15.442757606506348.
[I 2023-12-26 15:55:44,469] Trial 7 finished with value: 50.42447280883789 and parameters: {'gradient_clip_val': 0.2716157125907489, 'hidden_size': 58, 'dropout': 0.3029055339476996, 'hidden_continuous_size': 7, 'attention_head_size': 3, 'learning_rate': 0.08647239880370242}. Best is trial 0 with value: 15.442757606506348.
[I 2023-12-26 15:55:46,546] Trial 8 finished with value: 53.748111724853516 and parameters: {'gradient_clip_val': 0.1411451052339124, 'hidden_size': 5, 'dropout': 0.324547598428721, 'hidden_continuous_size': 5, 'attention_head_size': 3, 'learning_rate': 0.000572083683878017}. Best is trial 0 with value: 15.442757606506348.
[I 2023-12-26 15:55:48,701] Trial 9 finished with value: 61.88191223144531 and parameters: {'gradient_clip_val': 0.7194584267972086, 'hidden_size': 5, 'dropout': 0.3015017359901718, 'hidden_continuous_size': 5, 'attention_head_size': 3, 'learning_rate': 0.0011076014891396046}. Best is trial 0 with value: 15.442757606506348.
[I 2023-12-26 15:56:00,053] Trial 10 finished with value: 54.057621002197266 and parameters: {'gradient_clip_val': 0.1106055094240581, 'hidden_size': 135, 'dropout': 0.1149097391927806, 'hidden_continuous_size': 68, 'attention_head_size': 1, 'learning_rate': 0.004291364416369544}. Best is trial 0 with value: 15.442757606506348.
[I 2023-12-26 15:56:11,591] Trial 11 finished with value: 53.305973052978516 and parameters: {'gradient_clip_val': 0.4283652049351505, 'hidden_size': 146, 'dropout': 0.22412393711748602, 'hidden_continuous_size': 15, 'attention_head_size': 4, 'learning_rate': 0.0035306412926350782}. Best is trial 0 with value: 15.442757606506348.
[I 2023-12-26 15:56:17,024] Trial 12 finished with value: 40.197967529296875 and parameters: {'gradient_clip_val': 0.18992192109203532, 'hidden_size': 66, 'dropout': 0.40608634373611874, 'hidden_continuous_size': 9, 'attention_head_size': 4, 'learning_rate': 0.0019035075918200422}. Best is trial 0 with value: 15.442757606506348.
[I 2023-12-26 15:56:22,145] Trial 13 finished with value: 76.49862670898438 and parameters: {'gradient_clip_val': 0.1852342379094989, 'hidden_size': 57, 'dropout': 0.42849223339811243, 'hidden_continuous_size': 8, 'attention_head_size': 4, 'learning_rate': 0.0020537451407021744}. Best is trial 0 with value: 15.442757606506348.
[I 2023-12-26 15:56:26,751] Trial 14 finished with value: 80.49195861816406 and parameters: {'gradient_clip_val': 0.18720666573823333, 'hidden_size': 52, 'dropout': 0.4940426461863707, 'hidden_continuous_size': 9, 'attention_head_size': 4, 'learning_rate': 0.004569878811886111}. Best is trial 0 with value: 15.442757606506348.
[I 2023-12-26 15:56:33,762] Trial 15 finished with value: 46.78474044799805 and parameters: {'gradient_clip_val': 0.10163595138174615, 'hidden_size': 84, 'dropout': 0.40967709247057615, 'hidden_continuous_size': 9, 'attention_head_size': 4, 'learning_rate': 0.001799416372684536}. Best is trial 0 with value: 15.442757606506348.
[I 2023-12-26 15:56:37,953] Trial 16 finished with value: 45.53042221069336 and parameters: {'gradient_clip_val': 0.14866554128387818, 'hidden_size': 44, 'dropout': 0.25576567213649526, 'hidden_continuous_size': 6, 'attention_head_size': 4, 'learning_rate': 0.007657716423806032}. Best is trial 0 with value: 15.442757606506348.
[I 2023-12-26 15:56:40,792] Trial 17 finished with value: 50.12602615356445 and parameters: {'gradient_clip_val': 0.21977525114153565, 'hidden_size': 22, 'dropout': 0.43579393190513194, 'hidden_continuous_size': 7, 'attention_head_size': 1, 'learning_rate': 0.002085305127885053}. Best is trial 0 with value: 15.442757606506348.
[I 2023-12-26 15:56:47,800] Trial 18 finished with value: 50.61152267456055 and parameters: {'gradient_clip_val': 0.14056044934085074, 'hidden_size': 76, 'dropout': 0.3754692120405949, 'hidden_continuous_size': 10, 'attention_head_size': 2, 'learning_rate': 0.007137912328341508}. Best is trial 0 with value: 15.442757606506348.
[I 2023-12-26 15:56:51,924] Trial 19 finished with value: 39.27815628051758 and parameters: {'gradient_clip_val': 0.10420825274481757, 'hidden_size': 42, 'dropout': 0.1888760432869031, 'hidden_continuous_size': 11, 'attention_head_size': 4, 'learning_rate': 0.001271427145208988}. Best is trial 0 with value: 15.442757606506348.
[I 2023-12-26 15:56:55,717] Trial 20 finished with value: 44.828922271728516 and parameters: {'gradient_clip_val': 0.10540787200265922, 'hidden_size': 39, 'dropout': 0.18141275088722603, 'hidden_continuous_size': 11, 'attention_head_size': 4, 'learning_rate': 0.0008899939253859541}. Best is trial 0 with value: 15.442757606506348.
[I 2023-12-26 15:56:59,398] Trial 21 finished with value: 59.17756652832031 and parameters: {'gradient_clip_val': 0.13129388108714873, 'hidden_size': 39, 'dropout': 0.19992311887894534, 'hidden_continuous_size': 8, 'attention_head_size': 4, 'learning_rate': 0.0012698306779052313}. Best is trial 0 with value: 15.442757606506348.
[I 2023-12-26 15:57:05,660] Trial 22 finished with value: 32.16080856323242 and parameters: {'gradient_clip_val': 0.10247529596125657, 'hidden_size': 74, 'dropout': 0.266900549419263, 'hidden_continuous_size': 11, 'attention_head_size': 4, 'learning_rate': 0.0005673640068173221}. Best is trial 0 with value: 15.442757606506348.
[I 2023-12-26 15:57:12,688] Trial 23 finished with value: 44.04542922973633 and parameters: {'gradient_clip_val': 0.10107416086027225, 'hidden_size': 81, 'dropout': 0.2637796090350601, 'hidden_continuous_size': 12, 'attention_head_size': 4, 'learning_rate': 0.0005567607566114878}. Best is trial 0 with value: 15.442757606506348.
[I 2023-12-26 15:57:21,185] Trial 24 finished with value: 70.20870208740234 and parameters: {'gradient_clip_val': 0.12202419639149337, 'hidden_size': 101, 'dropout': 0.19981838425304888, 'hidden_continuous_size': 17, 'attention_head_size': 3, 'learning_rate': 0.0005129295185635549}. Best is trial 0 with value: 15.442757606506348.
[I 2023-12-26 15:57:24,079] Trial 25 finished with value: 46.63809585571289 and parameters: {'gradient_clip_val': 0.15529669220833256, 'hidden_size': 24, 'dropout': 0.2543177640449308, 'hidden_continuous_size': 11, 'attention_head_size': 4, 'learning_rate': 0.0009277568856780032}. Best is trial 0 with value: 15.442757606506348.
[I 2023-12-26 15:57:28,485] Trial 26 finished with value: 60.18840408325195 and parameters: {'gradient_clip_val': 0.12407367918573939, 'hidden_size': 45, 'dropout': 0.2824264515701883, 'hidden_continuous_size': 11, 'attention_head_size': 3, 'learning_rate': 0.002966623155985765}. Best is trial 0 with value: 15.442757606506348.
[I 2023-12-26 15:57:33,862] Trial 27 finished with value: 73.18238830566406 and parameters: {'gradient_clip_val': 0.10093913577276571, 'hidden_size': 64, 'dropout': 0.22114717184680222, 'hidden_continuous_size': 7, 'attention_head_size': 4, 'learning_rate': 0.0012926967816363957}. Best is trial 0 with value: 15.442757606506348.
[I 2023-12-26 15:57:37,319] Trial 28 finished with value: 58.48732376098633 and parameters: {'gradient_clip_val': 0.15671678302654943, 'hidden_size': 34, 'dropout': 0.18011918146086137, 'hidden_continuous_size': 10, 'attention_head_size': 2, 'learning_rate': 0.0007942371227526231}. Best is trial 0 with value: 15.442757606506348.
[I 2023-12-26 15:57:40,910] Trial 29 finished with value: 81.13285827636719 and parameters: {'gradient_clip_val': 0.12117570438163942, 'hidden_size': 33, 'dropout': 0.27797507735035504, 'hidden_continuous_size': 13, 'attention_head_size': 4, 'learning_rate': 0.0027351618164955043}. Best is trial 0 with value: 15.442757606506348.
[I 2023-12-26 15:57:45,942] Trial 30 finished with value: 33.52552032470703 and parameters: {'gradient_clip_val': 0.16386312029641864, 'hidden_size': 51, 'dropout': 0.14607781184439217, 'hidden_continuous_size': 16, 'attention_head_size': 4, 'learning_rate': 0.004978316432665693}. Best is trial 0 with value: 15.442757606506348.
