[I 2023-12-26 13:36:19,142] Trial 41 finished with value: 42.985260009765625 and parameters: {'gradient_clip_val': 0.14274137923519498, 'hidden_size': 9, 'dropout': 0.1744342395466192, 'hidden_continuous_size': 6, 'attention_head_size': 3, 'learning_rate': 0.005487375587383529}. Best is trial 0 with value: 5.961793899536133.
[I 2023-12-26 13:36:21,117] Trial 42 finished with value: 30.506471633911133 and parameters: {'gradient_clip_val': 0.1830752585878377, 'hidden_size': 11, 'dropout': 0.11244235113129143, 'hidden_continuous_size': 7, 'attention_head_size': 3, 'learning_rate': 0.0035583260000751414}. Best is trial 0 with value: 5.961793899536133.
[I 2023-12-26 13:36:23,384] Trial 43 finished with value: 21.2042293548584 and parameters: {'gradient_clip_val': 0.16028588374806318, 'hidden_size': 13, 'dropout': 0.19298284963544035, 'hidden_continuous_size': 10, 'attention_head_size': 3, 'learning_rate': 0.002783407270028759}. Best is trial 0 with value: 5.961793899536133.
[I 2023-12-26 13:36:25,292] Trial 44 finished with value: 23.044845581054688 and parameters: {'gradient_clip_val': 0.20499338730353994, 'hidden_size': 10, 'dropout': 0.15152238831989864, 'hidden_continuous_size': 6, 'attention_head_size': 1, 'learning_rate': 0.007541208435701903}. Best is trial 0 with value: 5.961793899536133.
[I 2023-12-26 13:36:27,186] Trial 45 finished with value: 22.791589736938477 and parameters: {'gradient_clip_val': 0.1347171099983088, 'hidden_size': 16, 'dropout': 0.12079294098276408, 'hidden_continuous_size': 11, 'attention_head_size': 2, 'learning_rate': 0.004595079466693512}. Best is trial 0 with value: 5.961793899536133.
[I 2023-12-26 13:36:29,327] Trial 46 finished with value: 36.9361572265625 and parameters: {'gradient_clip_val': 0.16863338986756063, 'hidden_size': 19, 'dropout': 0.21406744474996942, 'hidden_continuous_size': 14, 'attention_head_size': 3, 'learning_rate': 0.0017627861359493502}. Best is trial 0 with value: 5.961793899536133.
[I 2023-12-26 13:36:31,114] Trial 47 finished with value: 27.028051376342773 and parameters: {'gradient_clip_val': 0.1160276090626259, 'hidden_size': 6, 'dropout': 0.1497332838912588, 'hidden_continuous_size': 5, 'attention_head_size': 1, 'learning_rate': 0.0007948399488386592}. Best is trial 0 with value: 5.961793899536133.
[I 2023-12-26 13:36:33,196] Trial 48 finished with value: 30.1383056640625 and parameters: {'gradient_clip_val': 0.14693193261439164, 'hidden_size': 15, 'dropout': 0.10022318894775314, 'hidden_continuous_size': 8, 'attention_head_size': 4, 'learning_rate': 0.012971253174725254}. Best is trial 0 with value: 5.961793899536133.
[I 2023-12-26 13:36:35,110] Trial 49 finished with value: 23.818098068237305 and parameters: {'gradient_clip_val': 0.18079892417247215, 'hidden_size': 9, 'dropout': 0.17894530774274783, 'hidden_continuous_size': 6, 'attention_head_size': 3, 'learning_rate': 0.01812159476285149}. Best is trial 0 with value: 5.961793899536133.
[I 2023-12-26 13:36:35,230] A new study created in memory with name: no-name-a43225d8-9a04-4e93-985a-2710e8973479
/home/le004/conda/anaconda3/envs/tsff_env/lib/python3.9/site-packages/lightning/fabric/plugins/environments/slurm.py:191: The `srun` command is available on your system but is not used. HINT: If your intention is to run Lightning on SLURM, prepend your python command with `srun` like so: srun python /home/le004/master_thesis/git/TSFusionForecast/code/ ...
[I 2023-12-26 13:38:30,173] Trial 0 finished with value: 16.26175880432129 and parameters: {'gradient_clip_val': 0.48631914731548537, 'hidden_size': 15, 'dropout': 0.3295498625610229, 'hidden_continuous_size': 6, 'attention_head_size': 1, 'learning_rate': 0.05642335453808456}. Best is trial 0 with value: 16.26175880432129.
[I 2023-12-26 13:38:33,347] Trial 1 finished with value: 37.29738235473633 and parameters: {'gradient_clip_val': 0.44264291614630397, 'hidden_size': 45, 'dropout': 0.43493284095120355, 'hidden_continuous_size': 8, 'attention_head_size': 4, 'learning_rate': 0.003284877212545251}. Best is trial 0 with value: 16.26175880432129.
[I 2023-12-26 13:38:37,031] Trial 2 finished with value: 54.866092681884766 and parameters: {'gradient_clip_val': 0.4387488176718858, 'hidden_size': 59, 'dropout': 0.4945530662499099, 'hidden_continuous_size': 10, 'attention_head_size': 1, 'learning_rate': 0.016528013320793854}. Best is trial 0 with value: 16.26175880432129.
[I 2023-12-26 13:38:46,207] Trial 3 finished with value: 26.740720748901367 and parameters: {'gradient_clip_val': 0.21412264681027793, 'hidden_size': 132, 'dropout': 0.4079295568334229, 'hidden_continuous_size': 78, 'attention_head_size': 3, 'learning_rate': 0.013310415872732623}. Best is trial 0 with value: 16.26175880432129.
[I 2023-12-26 13:38:48,224] Trial 4 finished with value: 47.6002082824707 and parameters: {'gradient_clip_val': 0.11483498955426154, 'hidden_size': 11, 'dropout': 0.16408674565032136, 'hidden_continuous_size': 9, 'attention_head_size': 2, 'learning_rate': 0.02083268168992489}. Best is trial 0 with value: 16.26175880432129.
[I 2023-12-26 13:38:49,964] Trial 5 finished with value: 45.07097244262695 and parameters: {'gradient_clip_val': 0.3017710435751705, 'hidden_size': 5, 'dropout': 0.21755300521385046, 'hidden_continuous_size': 5, 'attention_head_size': 3, 'learning_rate': 0.003317146722967286}. Best is trial 0 with value: 16.26175880432129.
[I 2023-12-26 13:38:55,446] Trial 6 finished with value: 29.224367141723633 and parameters: {'gradient_clip_val': 0.19857360146102476, 'hidden_size': 87, 'dropout': 0.31356511972189327, 'hidden_continuous_size': 5, 'attention_head_size': 4, 'learning_rate': 0.013355813683115319}. Best is trial 0 with value: 16.26175880432129.
[I 2023-12-26 13:38:57,490] Trial 7 finished with value: 57.91685485839844 and parameters: {'gradient_clip_val': 0.24708937740745687, 'hidden_size': 12, 'dropout': 0.17531080462989965, 'hidden_continuous_size': 6, 'attention_head_size': 4, 'learning_rate': 0.04007050985474359}. Best is trial 0 with value: 16.26175880432129.
[I 2023-12-26 13:39:00,114] Trial 8 finished with value: 30.981369018554688 and parameters: {'gradient_clip_val': 0.2178676264592301, 'hidden_size': 35, 'dropout': 0.39680495557152773, 'hidden_continuous_size': 10, 'attention_head_size': 4, 'learning_rate': 0.05121609443703498}. Best is trial 0 with value: 16.26175880432129.
[I 2023-12-26 13:39:02,002] Trial 9 finished with value: 52.43293762207031 and parameters: {'gradient_clip_val': 0.7724259842257667, 'hidden_size': 12, 'dropout': 0.3419172147592249, 'hidden_continuous_size': 12, 'attention_head_size': 2, 'learning_rate': 0.001375220114891116}. Best is trial 0 with value: 16.26175880432129.
[I 2023-12-26 13:39:04,125] Trial 10 finished with value: 103.6336669921875 and parameters: {'gradient_clip_val': 0.9359672763242414, 'hidden_size': 20, 'dropout': 0.2396200771776008, 'hidden_continuous_size': 7, 'attention_head_size': 1, 'learning_rate': 0.08076192897975983}. Best is trial 0 with value: 16.26175880432129.
[I 2023-12-26 13:39:13,894] Trial 11 finished with value: 24.192716598510742 and parameters: {'gradient_clip_val': 0.5335089098909115, 'hidden_size': 138, 'dropout': 0.3651721776118438, 'hidden_continuous_size': 80, 'attention_head_size': 3, 'learning_rate': 0.09381046531966225}. Best is trial 0 with value: 16.26175880432129.
[I 2023-12-26 13:39:20,896] Trial 12 finished with value: 50.529449462890625 and parameters: {'gradient_clip_val': 0.5493951677179824, 'hidden_size': 106, 'dropout': 0.2902268295924926, 'hidden_continuous_size': 32, 'attention_head_size': 2, 'learning_rate': 0.09520039964138605}. Best is trial 0 with value: 16.26175880432129.
[I 2023-12-26 13:39:25,786] Trial 13 finished with value: 53.31153869628906 and parameters: {'gradient_clip_val': 0.6498993916459946, 'hidden_size': 75, 'dropout': 0.3445229341817302, 'hidden_continuous_size': 19, 'attention_head_size': 3, 'learning_rate': 0.03969478203544394}. Best is trial 0 with value: 16.26175880432129.
[I 2023-12-26 13:39:35,319] Trial 14 finished with value: 26.238510131835938 and parameters: {'gradient_clip_val': 0.45893725279446995, 'hidden_size': 132, 'dropout': 0.2694808939345898, 'hidden_continuous_size': 115, 'attention_head_size': 1, 'learning_rate': 0.09913345344531889}. Best is trial 0 with value: 16.26175880432129.
[I 2023-12-26 13:39:37,791] Trial 15 finished with value: 54.318721771240234 and parameters: {'gradient_clip_val': 0.9748668555894753, 'hidden_size': 29, 'dropout': 0.36321544387207205, 'hidden_continuous_size': 6, 'attention_head_size': 2, 'learning_rate': 0.03258664217468304}. Best is trial 0 with value: 16.26175880432129.
[I 2023-12-26 13:39:41,275] Trial 16 finished with value: 35.74771499633789 and parameters: {'gradient_clip_val': 0.6325940269794402, 'hidden_size': 54, 'dropout': 0.11503959612639278, 'hidden_continuous_size': 19, 'attention_head_size': 3, 'learning_rate': 0.057766862514066056}. Best is trial 0 with value: 16.26175880432129.
[I 2023-12-26 13:39:43,385] Trial 17 finished with value: 53.783695220947266 and parameters: {'gradient_clip_val': 0.3640034134017304, 'hidden_size': 20, 'dropout': 0.3116203877204159, 'hidden_continuous_size': 5, 'attention_head_size': 1, 'learning_rate': 0.03158279751338988}. Best is trial 0 with value: 16.26175880432129.
[I 2023-12-26 13:39:48,426] Trial 18 finished with value: 42.04929733276367 and parameters: {'gradient_clip_val': 0.5565384053241652, 'hidden_size': 78, 'dropout': 0.3636761070472564, 'hidden_continuous_size': 32, 'attention_head_size': 2, 'learning_rate': 0.00845907318798371}. Best is trial 0 with value: 16.26175880432129.
[I 2023-12-26 13:39:51,104] Trial 19 finished with value: 67.05817413330078 and parameters: {'gradient_clip_val': 0.789349540932185, 'hidden_size': 38, 'dropout': 0.2712895379918603, 'hidden_continuous_size': 7, 'attention_head_size': 3, 'learning_rate': 0.06223396457521286}. Best is trial 0 with value: 16.26175880432129.
[I 2023-12-26 13:40:00,449] Trial 20 finished with value: 36.68540954589844 and parameters: {'gradient_clip_val': 0.3580662196082912, 'hidden_size': 145, 'dropout': 0.4510350711590213, 'hidden_continuous_size': 50, 'attention_head_size': 1, 'learning_rate': 0.02644010862691739}. Best is trial 0 with value: 16.26175880432129.
[I 2023-12-26 13:40:11,543] Trial 21 finished with value: 23.721349716186523 and parameters: {'gradient_clip_val': 0.4395095935561605, 'hidden_size': 149, 'dropout': 0.2701667860231791, 'hidden_continuous_size': 142, 'attention_head_size': 1, 'learning_rate': 0.09343581692354509}. Best is trial 0 with value: 16.26175880432129.
[I 2023-12-26 13:40:22,579] Trial 22 finished with value: 30.421791076660156 and parameters: {'gradient_clip_val': 0.4951498621240537, 'hidden_size': 150, 'dropout': 0.310728629358085, 'hidden_continuous_size': 129, 'attention_head_size': 1, 'learning_rate': 0.06271945198692797}. Best is trial 0 with value: 16.26175880432129.
[I 2023-12-26 13:40:29,634] Trial 23 finished with value: 51.44377136230469 and parameters: {'gradient_clip_val': 0.3832999922113158, 'hidden_size': 100, 'dropout': 0.25046723323463216, 'hidden_continuous_size': 72, 'attention_head_size': 2, 'learning_rate': 0.09940154875495776}. Best is trial 0 with value: 16.26175880432129.
[I 2023-12-26 13:40:33,956] Trial 24 finished with value: 68.09356689453125 and parameters: {'gradient_clip_val': 0.5689199088505886, 'hidden_size': 68, 'dropout': 0.3831563470585909, 'hidden_continuous_size': 16, 'attention_head_size': 1, 'learning_rate': 0.0454170085639947}. Best is trial 0 with value: 16.26175880432129.
[I 2023-12-26 13:40:41,868] Trial 25 finished with value: 43.13127517700195 and parameters: {'gradient_clip_val': 0.7095737456812685, 'hidden_size': 111, 'dropout': 0.3280482596123479, 'hidden_continuous_size': 79, 'attention_head_size': 2, 'learning_rate': 0.02496840060492288}. Best is trial 0 with value: 16.26175880432129.
[I 2023-12-26 13:40:47,744] Trial 26 finished with value: 43.78279495239258 and parameters: {'gradient_clip_val': 0.5421507223066175, 'hidden_size': 91, 'dropout': 0.28993099688562596, 'hidden_continuous_size': 14, 'attention_head_size': 3, 'learning_rate': 0.06843072257688658}. Best is trial 0 with value: 16.26175880432129.
[I 2023-12-26 13:40:51,765] Trial 27 finished with value: 52.31245040893555 and parameters: {'gradient_clip_val': 0.4194019871196376, 'hidden_size': 62, 'dropout': 0.3581437129230216, 'hidden_continuous_size': 26, 'attention_head_size': 1, 'learning_rate': 0.047049774086523624}. Best is trial 0 with value: 16.26175880432129.
[I 2023-12-26 13:40:59,300] Trial 28 finished with value: 27.159238815307617 and parameters: {'gradient_clip_val': 0.310036119358811, 'hidden_size': 111, 'dropout': 0.33711776687937944, 'hidden_continuous_size': 47, 'attention_head_size': 2, 'learning_rate': 0.07418489735998234}. Best is trial 0 with value: 16.26175880432129.
[I 2023-12-26 13:41:02,648] Trial 29 finished with value: 29.496795654296875 and parameters: {'gradient_clip_val': 0.5053952325451088, 'hidden_size': 47, 'dropout': 0.42780992143575325, 'hidden_continuous_size': 12, 'attention_head_size': 4, 'learning_rate': 0.04221800413835913}. Best is trial 0 with value: 16.26175880432129.
[I 2023-12-26 13:41:05,920] Trial 30 finished with value: 48.894535064697266 and parameters: {'gradient_clip_val': 0.43811372472236165, 'hidden_size': 49, 'dropout': 0.38559704120633065, 'hidden_continuous_size': 8, 'attention_head_size': 1, 'learning_rate': 0.07273904183600838}. Best is trial 0 with value: 16.26175880432129.
[I 2023-12-26 13:41:14,645] Trial 31 finished with value: 27.141027450561523 and parameters: {'gradient_clip_val': 0.48108806987000347, 'hidden_size': 128, 'dropout': 0.272321609690666, 'hidden_continuous_size': 128, 'attention_head_size': 1, 'learning_rate': 0.0910209751573734}. Best is trial 0 with value: 16.26175880432129.
[I 2023-12-26 13:41:23,303] Trial 32 finished with value: 27.876352310180664 and parameters: {'gradient_clip_val': 0.43087519983105016, 'hidden_size': 119, 'dropout': 0.29185999379843425, 'hidden_continuous_size': 101, 'attention_head_size': 1, 'learning_rate': 0.0997476707629364}. Best is trial 0 with value: 16.26175880432129.
[I 2023-12-26 13:41:34,445] Trial 33 finished with value: 35.34233856201172 and parameters: {'gradient_clip_val': 0.620395313303063, 'hidden_size': 147, 'dropout': 0.33147717769143353, 'hidden_continuous_size': 146, 'attention_head_size': 1, 'learning_rate': 0.05747984202966732}. Best is trial 0 with value: 16.26175880432129.
[I 2023-12-26 13:41:40,921] Trial 34 finished with value: 25.506072998046875 and parameters: {'gradient_clip_val': 0.47342930975382513, 'hidden_size': 90, 'dropout': 0.2696993334645623, 'hidden_continuous_size': 57, 'attention_head_size': 1, 'learning_rate': 0.02254244293940002}. Best is trial 0 with value: 16.26175880432129.
[I 2023-12-26 13:41:45,930] Trial 35 finished with value: 55.2462158203125 and parameters: {'gradient_clip_val': 0.39213280386123833, 'hidden_size': 74, 'dropout': 0.22867432095362292, 'hidden_continuous_size': 54, 'attention_head_size': 3, 'learning_rate': 0.01762026741412185}. Best is trial 0 with value: 16.26175880432129.
[I 2023-12-26 13:41:51,984] Trial 36 finished with value: 64.15511322021484 and parameters: {'gradient_clip_val': 0.4831879018806223, 'hidden_size': 87, 'dropout': 0.2063972196201393, 'hidden_continuous_size': 62, 'attention_head_size': 1, 'learning_rate': 0.02112920635892117}. Best is trial 0 with value: 16.26175880432129.
[I 2023-12-26 13:41:56,054] Trial 37 finished with value: 51.43416213989258 and parameters: {'gradient_clip_val': 0.3148336931130932, 'hidden_size': 60, 'dropout': 0.312176798886785, 'hidden_continuous_size': 43, 'attention_head_size': 2, 'learning_rate': 0.03204833760282633}. Best is trial 0 with value: 16.26175880432129.
[I 2023-12-26 13:42:02,764] Trial 38 finished with value: 56.109283447265625 and parameters: {'gradient_clip_val': 0.3704623410222985, 'hidden_size': 97, 'dropout': 0.2501925515680416, 'hidden_continuous_size': 76, 'attention_head_size': 3, 'learning_rate': 0.012141861782792826}. Best is trial 0 with value: 16.26175880432129.
[I 2023-12-26 13:42:08,910] Trial 39 finished with value: 44.40227127075195 and parameters: {'gradient_clip_val': 0.2751026512098557, 'hidden_size': 89, 'dropout': 0.21346318954536184, 'hidden_continuous_size': 63, 'attention_head_size': 2, 'learning_rate': 0.05296415052148059}. Best is trial 0 with value: 16.26175880432129.
[I 2023-12-26 13:42:17,953] Trial 40 finished with value: 32.20896911621094 and parameters: {'gradient_clip_val': 0.4161206732703527, 'hidden_size': 126, 'dropout': 0.41382916471798037, 'hidden_continuous_size': 97, 'attention_head_size': 1, 'learning_rate': 0.07092184962727048}. Best is trial 0 with value: 16.26175880432129.
[I 2023-12-26 13:42:26,956] Trial 41 finished with value: 30.42517852783203 and parameters: {'gradient_clip_val': 0.4745582539428626, 'hidden_size': 127, 'dropout': 0.2687367449542592, 'hidden_continuous_size': 96, 'attention_head_size': 1, 'learning_rate': 0.07810465359651153}. Best is trial 0 with value: 16.26175880432129.
[I 2023-12-26 13:42:34,652] Trial 42 finished with value: 26.432939529418945 and parameters: {'gradient_clip_val': 0.3409849177662405, 'hidden_size': 107, 'dropout': 0.2967348655097092, 'hidden_continuous_size': 85, 'attention_head_size': 1, 'learning_rate': 0.09893751268748671}. Best is trial 0 with value: 16.26175880432129.
[I 2023-12-26 13:42:44,314] Trial 43 finished with value: 34.01729965209961 and parameters: {'gradient_clip_val': 0.442858905491635, 'hidden_size': 134, 'dropout': 0.2676829861731162, 'hidden_continuous_size': 113, 'attention_head_size': 1, 'learning_rate': 0.03886511705891011}. Best is trial 0 with value: 16.26175880432129.
[I 2023-12-26 13:42:52,234] Trial 44 finished with value: 28.382469177246094 and parameters: {'gradient_clip_val': 0.5694384054775895, 'hidden_size': 113, 'dropout': 0.3210550194067255, 'hidden_continuous_size': 86, 'attention_head_size': 1, 'learning_rate': 0.05186100151334188}. Best is trial 0 with value: 16.26175880432129.
[I 2023-12-26 13:42:57,927] Trial 45 finished with value: 42.99709701538086 and parameters: {'gradient_clip_val': 0.3964226550320139, 'hidden_size': 82, 'dropout': 0.34977062101157114, 'hidden_continuous_size': 66, 'attention_head_size': 1, 'learning_rate': 0.08173501831581921}. Best is trial 0 with value: 16.26175880432129.
[I 2023-12-26 13:43:04,857] Trial 46 finished with value: 32.36359786987305 and parameters: {'gradient_clip_val': 0.45202044928455865, 'hidden_size': 96, 'dropout': 0.29290597665198964, 'hidden_continuous_size': 70, 'attention_head_size': 4, 'learning_rate': 0.059776912311651456}. Best is trial 0 with value: 16.26175880432129.
[I 2023-12-26 13:43:15,103] Trial 47 finished with value: 39.84221267700195 and parameters: {'gradient_clip_val': 0.5071812706953602, 'hidden_size': 142, 'dropout': 0.24949971246217656, 'hidden_continuous_size': 110, 'attention_head_size': 2, 'learning_rate': 0.034951421456852955}. Best is trial 0 with value: 16.26175880432129.
[I 2023-12-26 13:43:19,911] Trial 48 finished with value: 24.48163604736328 and parameters: {'gradient_clip_val': 0.3336082461281131, 'hidden_size': 70, 'dropout': 0.32269715625888185, 'hidden_continuous_size': 59, 'attention_head_size': 1, 'learning_rate': 0.047428135905691296}. Best is trial 0 with value: 16.26175880432129.
[I 2023-12-26 13:43:24,878] Trial 49 finished with value: 35.63105773925781 and parameters: {'gradient_clip_val': 0.33586306525202747, 'hidden_size': 71, 'dropout': 0.3738992413604887, 'hidden_continuous_size': 58, 'attention_head_size': 3, 'learning_rate': 0.04749178358098495}. Best is trial 0 with value: 16.26175880432129.
[I 2023-12-26 13:43:25,005] A new study created in memory with name: no-name-7c52de30-fd06-448e-a3c6-9b6a420f3eb2
/home/le004/conda/anaconda3/envs/tsff_env/lib/python3.9/site-packages/lightning/fabric/plugins/environments/slurm.py:191: The `srun` command is available on your system but is not used. HINT: If your intention is to run Lightning on SLURM, prepend your python command with `srun` like so: srun python /home/le004/master_thesis/git/TSFusionForecast/code/ ...
[I 2023-12-26 13:50:54,900] Trial 0 finished with value: 103.94379425048828 and parameters: {'gradient_clip_val': 0.12483091059223131, 'hidden_size': 121, 'dropout': 0.39500496247298844, 'hidden_continuous_size': 44, 'attention_head_size': 2, 'learning_rate': 0.03423032980729441}. Best is trial 0 with value: 103.94379425048828.
[I 2023-12-26 13:50:58,800] Trial 1 finished with value: 192.5560302734375 and parameters: {'gradient_clip_val': 0.23297130550685693, 'hidden_size': 41, 'dropout': 0.23304783219864933, 'hidden_continuous_size': 5, 'attention_head_size': 3, 'learning_rate': 0.006251923264833343}. Best is trial 0 with value: 103.94379425048828.
[I 2023-12-26 13:51:06,264] Trial 2 finished with value: 206.96961975097656 and parameters: {'gradient_clip_val': 0.1136683441233237, 'hidden_size': 94, 'dropout': 0.312085366646856, 'hidden_continuous_size': 10, 'attention_head_size': 2, 'learning_rate': 0.0010158296891966709}. Best is trial 0 with value: 103.94379425048828.
[I 2023-12-26 13:51:14,445] Trial 3 finished with value: 235.6859130859375 and parameters: {'gradient_clip_val': 0.5208108424415866, 'hidden_size': 107, 'dropout': 0.21194351691840776, 'hidden_continuous_size': 13, 'attention_head_size': 1, 'learning_rate': 0.0011163242398594642}. Best is trial 0 with value: 103.94379425048828.
[I 2023-12-26 13:51:16,906] Trial 4 finished with value: 200.4288787841797 and parameters: {'gradient_clip_val': 0.5510500941379366, 'hidden_size': 18, 'dropout': 0.36554102343150496, 'hidden_continuous_size': 10, 'attention_head_size': 2, 'learning_rate': 0.01803174252998646}. Best is trial 0 with value: 103.94379425048828.
