[I 2023-12-26 15:15:42,689] Trial 0 finished with value: 46.45188522338867 and parameters: {'gradient_clip_val': 0.10583953382678031, 'hidden_size': 7, 'dropout': 0.49937325138524935, 'hidden_continuous_size': 7, 'attention_head_size': 2, 'learning_rate': 0.05653239743537918}. Best is trial 0 with value: 46.45188522338867.
[I 2023-12-26 15:15:44,668] Trial 1 finished with value: 548.9241943359375 and parameters: {'gradient_clip_val': 0.5871320684221369, 'hidden_size': 7, 'dropout': 0.33328703469886534, 'hidden_continuous_size': 7, 'attention_head_size': 3, 'learning_rate': 0.012055328492377643}. Best is trial 0 with value: 46.45188522338867.
[I 2023-12-26 15:15:50,699] Trial 2 finished with value: 575.6504516601562 and parameters: {'gradient_clip_val': 0.1150439880897855, 'hidden_size': 78, 'dropout': 0.3156586658870165, 'hidden_continuous_size': 39, 'attention_head_size': 1, 'learning_rate': 0.0017943976880083175}. Best is trial 0 with value: 46.45188522338867.
[I 2023-12-26 15:15:52,661] Trial 3 finished with value: 506.1241760253906 and parameters: {'gradient_clip_val': 0.3369064976046475, 'hidden_size': 8, 'dropout': 0.45748915882680297, 'hidden_continuous_size': 5, 'attention_head_size': 1, 'learning_rate': 0.0012247594443404869}. Best is trial 0 with value: 46.45188522338867.
[I 2023-12-26 15:15:58,048] Trial 4 finished with value: 490.0199890136719 and parameters: {'gradient_clip_val': 0.20115016039108385, 'hidden_size': 72, 'dropout': 0.14911676984900138, 'hidden_continuous_size': 32, 'attention_head_size': 1, 'learning_rate': 0.004649354435215501}. Best is trial 0 with value: 46.45188522338867.
[I 2023-12-26 15:16:00,630] Trial 5 finished with value: 480.2088317871094 and parameters: {'gradient_clip_val': 0.3109491365953865, 'hidden_size': 20, 'dropout': 0.1410134098254747, 'hidden_continuous_size': 5, 'attention_head_size': 2, 'learning_rate': 0.07899404978203786}. Best is trial 0 with value: 46.45188522338867.
[I 2023-12-26 15:16:02,715] Trial 6 finished with value: 362.6507873535156 and parameters: {'gradient_clip_val': 0.26564888900233935, 'hidden_size': 16, 'dropout': 0.32959314100017856, 'hidden_continuous_size': 5, 'attention_head_size': 1, 'learning_rate': 0.0007847436334374771}. Best is trial 0 with value: 46.45188522338867.
[I 2023-12-26 15:16:05,098] Trial 7 finished with value: 490.395263671875 and parameters: {'gradient_clip_val': 0.8702297357302153, 'hidden_size': 20, 'dropout': 0.47195902303319104, 'hidden_continuous_size': 7, 'attention_head_size': 3, 'learning_rate': 0.04957010209448012}. Best is trial 0 with value: 46.45188522338867.
[I 2023-12-26 15:16:16,390] Trial 8 finished with value: 476.555419921875 and parameters: {'gradient_clip_val': 0.18082450678555742, 'hidden_size': 150, 'dropout': 0.318968060514887, 'hidden_continuous_size': 53, 'attention_head_size': 4, 'learning_rate': 0.0005786478915698526}. Best is trial 0 with value: 46.45188522338867.
[I 2023-12-26 15:16:22,214] Trial 9 finished with value: 495.1070556640625 and parameters: {'gradient_clip_val': 0.16761067064415408, 'hidden_size': 73, 'dropout': 0.42309008696540207, 'hidden_continuous_size': 27, 'attention_head_size': 4, 'learning_rate': 0.005300479611177715}. Best is trial 0 with value: 46.45188522338867.
[I 2023-12-26 15:16:24,074] Trial 10 finished with value: 367.1778869628906 and parameters: {'gradient_clip_val': 0.10423559072012631, 'hidden_size': 5, 'dropout': 0.39606736591764685, 'hidden_continuous_size': 5, 'attention_head_size': 2, 'learning_rate': 0.023572448391202705}. Best is trial 0 with value: 46.45188522338867.
[I 2023-12-26 15:16:26,286] Trial 11 finished with value: 405.1771545410156 and parameters: {'gradient_clip_val': 0.10099533126788432, 'hidden_size': 11, 'dropout': 0.4974430025791835, 'hidden_continuous_size': 6, 'attention_head_size': 2, 'learning_rate': 0.027634297816707783}. Best is trial 0 with value: 46.45188522338867.
[I 2023-12-26 15:16:28,450] Trial 12 finished with value: 321.5680847167969 and parameters: {'gradient_clip_val': 0.28044840847935615, 'hidden_size': 12, 'dropout': 0.23825029685078258, 'hidden_continuous_size': 6, 'attention_head_size': 1, 'learning_rate': 0.08971728931953249}. Best is trial 0 with value: 46.45188522338867.
[I 2023-12-26 15:16:30,653] Trial 13 finished with value: 691.27978515625 and parameters: {'gradient_clip_val': 0.40287119109431674, 'hidden_size': 11, 'dropout': 0.22853187040841327, 'hidden_continuous_size': 6, 'attention_head_size': 2, 'learning_rate': 0.09549885570775637}. Best is trial 0 with value: 46.45188522338867.
[I 2023-12-26 15:16:32,616] Trial 14 finished with value: 462.1313781738281 and parameters: {'gradient_clip_val': 0.14310037440659698, 'hidden_size': 5, 'dropout': 0.2470763985256319, 'hidden_continuous_size': 5, 'attention_head_size': 3, 'learning_rate': 0.04400112200453499}. Best is trial 0 with value: 46.45188522338867.
[I 2023-12-26 15:16:35,447] Trial 15 finished with value: 498.4604797363281 and parameters: {'gradient_clip_val': 0.24654535686068021, 'hidden_size': 31, 'dropout': 0.39363399780996966, 'hidden_continuous_size': 10, 'attention_head_size': 1, 'learning_rate': 0.09776423569246721}. Best is trial 0 with value: 46.45188522338867.
[I 2023-12-26 15:16:37,676] Trial 16 finished with value: 538.5174560546875 and parameters: {'gradient_clip_val': 0.1398364282631152, 'hidden_size': 10, 'dropout': 0.2561501552728324, 'hidden_continuous_size': 6, 'attention_head_size': 2, 'learning_rate': 0.014826284014303559}. Best is trial 0 with value: 46.45188522338867.
[I 2023-12-26 15:16:40,021] Trial 17 finished with value: 428.7294921875 and parameters: {'gradient_clip_val': 0.21659251855587927, 'hidden_size': 7, 'dropout': 0.20020170680720406, 'hidden_continuous_size': 6, 'attention_head_size': 1, 'learning_rate': 0.04635638124884468}. Best is trial 0 with value: 46.45188522338867.
[I 2023-12-26 15:16:42,322] Trial 18 finished with value: 318.3241271972656 and parameters: {'gradient_clip_val': 0.15401072160846585, 'hidden_size': 14, 'dropout': 0.3612086050315655, 'hidden_continuous_size': 8, 'attention_head_size': 2, 'learning_rate': 0.06178015144626471}. Best is trial 0 with value: 46.45188522338867.
[I 2023-12-26 15:16:44,226] Trial 19 finished with value: 533.5933227539062 and parameters: {'gradient_clip_val': 0.14619160661387665, 'hidden_size': 5, 'dropout': 0.3707839849500514, 'hidden_continuous_size': 5, 'attention_head_size': 3, 'learning_rate': 0.025090234363503088}. Best is trial 0 with value: 46.45188522338867.
[I 2023-12-26 15:16:47,134] Trial 20 finished with value: 566.1362915039062 and parameters: {'gradient_clip_val': 0.12376422989304613, 'hidden_size': 30, 'dropout': 0.4577621896139606, 'hidden_continuous_size': 10, 'attention_head_size': 2, 'learning_rate': 0.00886538546835589}. Best is trial 0 with value: 46.45188522338867.
[I 2023-12-26 15:16:49,422] Trial 21 finished with value: 458.6404724121094 and parameters: {'gradient_clip_val': 0.17326187893034395, 'hidden_size': 14, 'dropout': 0.28460932968456654, 'hidden_continuous_size': 8, 'attention_head_size': 2, 'learning_rate': 0.05968640344068313}. Best is trial 0 with value: 46.45188522338867.
[I 2023-12-26 15:16:51,701] Trial 22 finished with value: 316.1126708984375 and parameters: {'gradient_clip_val': 0.12866977958317777, 'hidden_size': 14, 'dropout': 0.35572196672158996, 'hidden_continuous_size': 7, 'attention_head_size': 2, 'learning_rate': 0.06631077034060805}. Best is trial 0 with value: 46.45188522338867.
[I 2023-12-26 15:16:53,770] Trial 23 finished with value: 354.7371520996094 and parameters: {'gradient_clip_val': 0.12475617139979006, 'hidden_size': 8, 'dropout': 0.3631565156239872, 'hidden_continuous_size': 7, 'attention_head_size': 2, 'learning_rate': 0.03221470230086915}. Best is trial 0 with value: 46.45188522338867.
[I 2023-12-26 15:16:55,930] Trial 24 finished with value: 512.74609375 and parameters: {'gradient_clip_val': 0.10032796347519862, 'hidden_size': 16, 'dropout': 0.4410627474010027, 'hidden_continuous_size': 8, 'attention_head_size': 3, 'learning_rate': 0.05957648617103738}. Best is trial 0 with value: 46.45188522338867.
[I 2023-12-26 15:16:58,082] Trial 25 finished with value: 493.1241455078125 and parameters: {'gradient_clip_val': 0.14651732998801215, 'hidden_size': 9, 'dropout': 0.4169313151074562, 'hidden_continuous_size': 7, 'attention_head_size': 2, 'learning_rate': 0.03869539514075745}. Best is trial 0 with value: 46.45188522338867.
[I 2023-12-26 15:17:00,700] Trial 26 finished with value: 544.2451782226562 and parameters: {'gradient_clip_val': 0.12023822462276874, 'hidden_size': 23, 'dropout': 0.49789185668355795, 'hidden_continuous_size': 9, 'attention_head_size': 3, 'learning_rate': 0.019034120427128917}. Best is trial 0 with value: 46.45188522338867.
[I 2023-12-26 15:17:02,856] Trial 27 finished with value: 391.6929016113281 and parameters: {'gradient_clip_val': 0.16584044762661054, 'hidden_size': 16, 'dropout': 0.3632062384428206, 'hidden_continuous_size': 8, 'attention_head_size': 2, 'learning_rate': 0.06252245583952018}. Best is trial 0 with value: 46.45188522338867.
[I 2023-12-26 15:17:05,185] Trial 28 finished with value: 497.9365234375 and parameters: {'gradient_clip_val': 0.21401284924549302, 'hidden_size': 13, 'dropout': 0.28483350123186135, 'hidden_continuous_size': 9, 'attention_head_size': 2, 'learning_rate': 0.032849613414949845}. Best is trial 0 with value: 46.45188522338867.
[I 2023-12-26 15:17:07,533] Trial 29 finished with value: 484.5113220214844 and parameters: {'gradient_clip_val': 0.12280890232152673, 'hidden_size': 6, 'dropout': 0.3903577070217495, 'hidden_continuous_size': 5, 'attention_head_size': 3, 'learning_rate': 0.020017132584529324}. Best is trial 0 with value: 46.45188522338867.
[I 2023-12-26 15:17:09,650] Trial 30 finished with value: 439.4627685546875 and parameters: {'gradient_clip_val': 0.14970336729398934, 'hidden_size': 7, 'dropout': 0.34169015312979445, 'hidden_continuous_size': 6, 'attention_head_size': 3, 'learning_rate': 0.069017676336061}. Best is trial 0 with value: 46.45188522338867.
[I 2023-12-26 15:17:11,831] Trial 31 finished with value: 507.9734802246094 and parameters: {'gradient_clip_val': 0.19059580996538034, 'hidden_size': 10, 'dropout': 0.34301497640956424, 'hidden_continuous_size': 7, 'attention_head_size': 1, 'learning_rate': 0.09987322881993786}. Best is trial 0 with value: 46.45188522338867.
[I 2023-12-26 15:17:14,040] Trial 32 finished with value: 448.4747314453125 and parameters: {'gradient_clip_val': 0.11563775613210155, 'hidden_size': 12, 'dropout': 0.30237396820862406, 'hidden_continuous_size': 7, 'attention_head_size': 1, 'learning_rate': 0.07102637218689437}. Best is trial 0 with value: 46.45188522338867.
[I 2023-12-26 15:17:16,163] Trial 33 finished with value: 426.8883972167969 and parameters: {'gradient_clip_val': 0.13241825490134856, 'hidden_size': 9, 'dropout': 0.43067121960224586, 'hidden_continuous_size': 7, 'attention_head_size': 1, 'learning_rate': 0.045624802014669924}. Best is trial 0 with value: 46.45188522338867.
[I 2023-12-26 15:17:18,216] Trial 34 finished with value: 547.5359497070312 and parameters: {'gradient_clip_val': 0.10997536994000058, 'hidden_size': 8, 'dropout': 0.3054704654326521, 'hidden_continuous_size': 6, 'attention_head_size': 2, 'learning_rate': 0.03406256047730923}. Best is trial 0 with value: 46.45188522338867.
[I 2023-12-26 15:17:20,450] Trial 35 finished with value: 313.2262268066406 and parameters: {'gradient_clip_val': 0.16423939194750653, 'hidden_size': 13, 'dropout': 0.40728688592731976, 'hidden_continuous_size': 8, 'attention_head_size': 1, 'learning_rate': 0.0797103421317614}. Best is trial 0 with value: 46.45188522338867.
[I 2023-12-26 15:17:22,793] Trial 36 finished with value: 542.0451049804688 and parameters: {'gradient_clip_val': 0.16018327037576563, 'hidden_size': 18, 'dropout': 0.40871439100944257, 'hidden_continuous_size': 8, 'attention_head_size': 1, 'learning_rate': 0.053698380708666345}. Best is trial 0 with value: 46.45188522338867.
[I 2023-12-26 15:17:25,116] Trial 37 finished with value: 414.0013732910156 and parameters: {'gradient_clip_val': 0.1940580129070124, 'hidden_size': 14, 'dropout': 0.43781867008923997, 'hidden_continuous_size': 9, 'attention_head_size': 2, 'learning_rate': 0.07407784657456765}. Best is trial 0 with value: 46.45188522338867.
[I 2023-12-26 15:17:27,165] Trial 38 finished with value: 370.662109375 and parameters: {'gradient_clip_val': 0.13323822838753338, 'hidden_size': 6, 'dropout': 0.4738688652015596, 'hidden_continuous_size': 5, 'attention_head_size': 2, 'learning_rate': 0.038425083198768854}. Best is trial 0 with value: 46.45188522338867.
[I 2023-12-26 15:17:29,371] Trial 39 finished with value: 314.4409484863281 and parameters: {'gradient_clip_val': 0.11049938930572721, 'hidden_size': 13, 'dropout': 0.37512646054672044, 'hidden_continuous_size': 8, 'attention_head_size': 1, 'learning_rate': 0.07229587957562371}. Best is trial 0 with value: 46.45188522338867.
[I 2023-12-26 15:17:31,966] Trial 40 finished with value: 307.7205505371094 and parameters: {'gradient_clip_val': 0.11332457188551953, 'hidden_size': 23, 'dropout': 0.40882505224159615, 'hidden_continuous_size': 12, 'attention_head_size': 1, 'learning_rate': 0.0771257440014003}. Best is trial 0 with value: 46.45188522338867.
[I 2023-12-26 15:17:34,777] Trial 41 finished with value: 517.2312622070312 and parameters: {'gradient_clip_val': 0.11183108266093492, 'hidden_size': 24, 'dropout': 0.3877638566429471, 'hidden_continuous_size': 12, 'attention_head_size': 1, 'learning_rate': 0.07045124232273679}. Best is trial 0 with value: 46.45188522338867.
[I 2023-12-26 15:17:37,244] Trial 42 finished with value: 490.9808349609375 and parameters: {'gradient_clip_val': 0.11087075154636916, 'hidden_size': 21, 'dropout': 0.41609992836963305, 'hidden_continuous_size': 11, 'attention_head_size': 1, 'learning_rate': 0.0508832138449513}. Best is trial 0 with value: 46.45188522338867.
[I 2023-12-26 15:17:39,588] Trial 43 finished with value: 499.7235107421875 and parameters: {'gradient_clip_val': 0.10087784599411602, 'hidden_size': 18, 'dropout': 0.4527605186376755, 'hidden_continuous_size': 10, 'attention_head_size': 1, 'learning_rate': 0.08811055652158735}. Best is trial 0 with value: 46.45188522338867.
[I 2023-12-26 15:17:42,661] Trial 44 finished with value: 373.7737121582031 and parameters: {'gradient_clip_val': 0.13555042646155116, 'hidden_size': 31, 'dropout': 0.33280906530819643, 'hidden_continuous_size': 14, 'attention_head_size': 1, 'learning_rate': 0.0832552429934291}. Best is trial 0 with value: 46.45188522338867.
[I 2023-12-26 15:17:45,541] Trial 45 finished with value: 352.9211730957031 and parameters: {'gradient_clip_val': 0.11776364620787225, 'hidden_size': 28, 'dropout': 0.40687977633177486, 'hidden_continuous_size': 13, 'attention_head_size': 4, 'learning_rate': 0.043927559467280594}. Best is trial 0 with value: 46.45188522338867.
[I 2023-12-26 15:17:48,749] Trial 46 finished with value: 392.3670349121094 and parameters: {'gradient_clip_val': 0.12905073794814603, 'hidden_size': 35, 'dropout': 0.430616381287945, 'hidden_continuous_size': 15, 'attention_head_size': 1, 'learning_rate': 0.0773550437694914}. Best is trial 0 with value: 46.45188522338867.
[I 2023-12-26 15:17:50,936] Trial 47 finished with value: 533.427490234375 and parameters: {'gradient_clip_val': 0.1095562692079528, 'hidden_size': 11, 'dropout': 0.3741666383342631, 'hidden_continuous_size': 8, 'attention_head_size': 1, 'learning_rate': 0.028934902290694904}. Best is trial 0 with value: 46.45188522338867.
[I 2023-12-26 15:17:53,306] Trial 48 finished with value: 395.97509765625 and parameters: {'gradient_clip_val': 0.17936218283185504, 'hidden_size': 20, 'dropout': 0.4732019670119267, 'hidden_continuous_size': 9, 'attention_head_size': 1, 'learning_rate': 0.05392717698086292}. Best is trial 0 with value: 46.45188522338867.
[I 2023-12-26 15:17:55,479] Trial 49 finished with value: 519.5669555664062 and parameters: {'gradient_clip_val': 0.15871878556058247, 'hidden_size': 12, 'dropout': 0.4011381849483318, 'hidden_continuous_size': 7, 'attention_head_size': 1, 'learning_rate': 0.0973915824260327}. Best is trial 0 with value: 46.45188522338867.
[I 2023-12-26 15:17:55,629] A new study created in memory with name: no-name-c6b57181-3343-4aeb-b9c9-8d619ceee3d4
/home/le004/conda/anaconda3/envs/tsff_env/lib/python3.9/site-packages/lightning/fabric/plugins/environments/slurm.py:191: The `srun` command is available on your system but is not used. HINT: If your intention is to run Lightning on SLURM, prepend your python command with `srun` like so: srun python /home/le004/master_thesis/git/TSFusionForecast/code/ ...
[I 2023-12-26 15:37:29,120] Trial 0 finished with value: 0.060184407979249954 and parameters: {'gradient_clip_val': 0.48762108503794754, 'hidden_size': 131, 'dropout': 0.35169253988581495, 'hidden_continuous_size': 38, 'attention_head_size': 2, 'learning_rate': 0.0005679547787381468}. Best is trial 0 with value: 0.060184407979249954.
[I 2023-12-26 15:37:36,286] Trial 1 finished with value: 3.15832781791687 and parameters: {'gradient_clip_val': 0.2677254054585088, 'hidden_size': 98, 'dropout': 0.30649941898889416, 'hidden_continuous_size': 32, 'attention_head_size': 3, 'learning_rate': 0.00826890948602618}. Best is trial 0 with value: 0.060184407979249954.
[I 2023-12-26 15:37:39,544] Trial 2 finished with value: 3.5454959869384766 and parameters: {'gradient_clip_val': 0.4385779742305408, 'hidden_size': 44, 'dropout': 0.1383084765903508, 'hidden_continuous_size': 7, 'attention_head_size': 2, 'learning_rate': 0.005702989460151627}. Best is trial 0 with value: 0.060184407979249954.
[I 2023-12-26 15:37:42,332] Trial 3 finished with value: 5.751846790313721 and parameters: {'gradient_clip_val': 0.9720231208218818, 'hidden_size': 31, 'dropout': 0.34815209208479125, 'hidden_continuous_size': 13, 'attention_head_size': 2, 'learning_rate': 0.01914366999305608}. Best is trial 0 with value: 0.060184407979249954.
[I 2023-12-26 15:37:44,990] Trial 4 finished with value: 4.476063251495361 and parameters: {'gradient_clip_val': 0.509737634834788, 'hidden_size': 29, 'dropout': 0.3291599732787776, 'hidden_continuous_size': 12, 'attention_head_size': 3, 'learning_rate': 0.012409109659030363}. Best is trial 0 with value: 0.060184407979249954.
[I 2023-12-26 15:37:46,780] Trial 5 finished with value: 4.944214820861816 and parameters: {'gradient_clip_val': 0.2405497952767575, 'hidden_size': 8, 'dropout': 0.40857072561319907, 'hidden_continuous_size': 8, 'attention_head_size': 2, 'learning_rate': 0.005604182776825608}. Best is trial 0 with value: 0.060184407979249954.
[I 2023-12-26 15:37:54,247] Trial 6 finished with value: 3.8119800090789795 and parameters: {'gradient_clip_val': 0.5360069600267554, 'hidden_size': 106, 'dropout': 0.43272554982342504, 'hidden_continuous_size': 5, 'attention_head_size': 3, 'learning_rate': 0.0018548596115613967}. Best is trial 0 with value: 0.060184407979249954.
[I 2023-12-26 15:37:56,433] Trial 7 finished with value: 3.3984949588775635 and parameters: {'gradient_clip_val': 0.8320304952436112, 'hidden_size': 13, 'dropout': 0.23127663527174228, 'hidden_continuous_size': 11, 'attention_head_size': 2, 'learning_rate': 0.014253625889998007}. Best is trial 0 with value: 0.060184407979249954.
[I 2023-12-26 15:37:59,908] Trial 8 finished with value: 4.350921154022217 and parameters: {'gradient_clip_val': 0.70439292341842, 'hidden_size': 45, 'dropout': 0.16453629955021576, 'hidden_continuous_size': 9, 'attention_head_size': 4, 'learning_rate': 0.004993282574556126}. Best is trial 0 with value: 0.060184407979249954.
[I 2023-12-26 15:38:06,910] Trial 9 finished with value: 3.27925968170166 and parameters: {'gradient_clip_val': 0.4467408845208742, 'hidden_size': 92, 'dropout': 0.10094683692355932, 'hidden_continuous_size': 57, 'attention_head_size': 4, 'learning_rate': 0.0017686803221030536}. Best is trial 0 with value: 0.060184407979249954.
[I 2023-12-26 15:38:18,740] Trial 10 finished with value: 3.745492935180664 and parameters: {'gradient_clip_val': 0.13491224424503537, 'hidden_size': 147, 'dropout': 0.47861372531737784, 'hidden_continuous_size': 137, 'attention_head_size': 1, 'learning_rate': 0.0005295581604414527}. Best is trial 0 with value: 0.060184407979249954.
[I 2023-12-26 15:38:24,528] Trial 11 finished with value: 5.298094272613525 and parameters: {'gradient_clip_val': 0.2508334789259402, 'hidden_size': 82, 'dropout': 0.2585797094928533, 'hidden_continuous_size': 26, 'attention_head_size': 1, 'learning_rate': 0.03851054759497166}. Best is trial 0 with value: 0.060184407979249954.
[I 2023-12-26 15:38:34,872] Trial 12 finished with value: 2.8108928203582764 and parameters: {'gradient_clip_val': 0.307708623139966, 'hidden_size': 142, 'dropout': 0.2978754164283347, 'hidden_continuous_size': 30, 'attention_head_size': 3, 'learning_rate': 0.047972293057204955}. Best is trial 0 with value: 0.060184407979249954.
[I 2023-12-26 15:38:44,828] Trial 13 finished with value: 2.879302978515625 and parameters: {'gradient_clip_val': 0.3256697147099153, 'hidden_size': 137, 'dropout': 0.3779078477176856, 'hidden_continuous_size': 43, 'attention_head_size': 3, 'learning_rate': 0.07226037784095588}. Best is trial 0 with value: 0.060184407979249954.
[I 2023-12-26 15:38:49,683] Trial 14 finished with value: 3.3632404804229736 and parameters: {'gradient_clip_val': 0.17765181982585582, 'hidden_size': 63, 'dropout': 0.29428761266442593, 'hidden_continuous_size': 19, 'attention_head_size': 1, 'learning_rate': 0.08363239761426973}. Best is trial 0 with value: 0.060184407979249954.
