[I 2023-12-27 11:08:04,015] Trial 6 finished with value: 29.05219078063965 and parameters: {'gradient_clip_val': 0.15420385198019623, 'hidden_size': 5, 'dropout': 0.17343064096024363, 'hidden_continuous_size': 5, 'attention_head_size': 4, 'learning_rate': 0.01619445885057132}. Best is trial 0 with value: 7.396756649017334.
LOCAL_RANK: 0 - CUDA_VISIBLE_DEVICES: [0]
[I 2023-12-27 11:08:04,438] Trial 7 finished with value: 23.869741439819336 and parameters: {'gradient_clip_val': 0.8281090970014, 'hidden_size': 19, 'dropout': 0.18102951287127797, 'hidden_continuous_size': 14, 'attention_head_size': 1, 'learning_rate': 0.0007821772962583838}. Best is trial 0 with value: 7.396756649017334.
LOCAL_RANK: 0 - CUDA_VISIBLE_DEVICES: [0]
[I 2023-12-27 11:08:04,910] Trial 8 finished with value: 22.989755630493164 and parameters: {'gradient_clip_val': 0.3792648901246688, 'hidden_size': 16, 'dropout': 0.15415232249723354, 'hidden_continuous_size': 15, 'attention_head_size': 4, 'learning_rate': 0.0018799020822460244}. Best is trial 0 with value: 7.396756649017334.
LOCAL_RANK: 0 - CUDA_VISIBLE_DEVICES: [0]
[I 2023-12-27 11:08:05,368] Trial 9 finished with value: 20.592966079711914 and parameters: {'gradient_clip_val': 0.10811185329437578, 'hidden_size': 21, 'dropout': 0.14364720838582612, 'hidden_continuous_size': 7, 'attention_head_size': 1, 'learning_rate': 0.044279395540374966}. Best is trial 0 with value: 7.396756649017334.
LOCAL_RANK: 0 - CUDA_VISIBLE_DEVICES: [0]
[I 2023-12-27 11:08:06,145] Trial 10 finished with value: 31.24774169921875 and parameters: {'gradient_clip_val': 0.29833621220510337, 'hidden_size': 10, 'dropout': 0.25528482205167136, 'hidden_continuous_size': 5, 'attention_head_size': 2, 'learning_rate': 0.09978902178896583}. Best is trial 0 with value: 7.396756649017334.
LOCAL_RANK: 0 - CUDA_VISIBLE_DEVICES: [0]
[I 2023-12-27 11:08:06,627] Trial 11 finished with value: 16.910329818725586 and parameters: {'gradient_clip_val': 0.28510516140894754, 'hidden_size': 40, 'dropout': 0.21393332586213765, 'hidden_continuous_size': 8, 'attention_head_size': 2, 'learning_rate': 0.028814600810471457}. Best is trial 0 with value: 7.396756649017334.
LOCAL_RANK: 0 - CUDA_VISIBLE_DEVICES: [0]
[I 2023-12-27 11:08:07,109] Trial 12 finished with value: 22.0817928314209 and parameters: {'gradient_clip_val': 0.5446612799511035, 'hidden_size': 49, 'dropout': 0.222386156764942, 'hidden_continuous_size': 47, 'attention_head_size': 2, 'learning_rate': 0.023075908651484258}. Best is trial 0 with value: 7.396756649017334.
LOCAL_RANK: 0 - CUDA_VISIBLE_DEVICES: [0]
[I 2023-12-27 11:08:07,591] Trial 13 finished with value: 34.230674743652344 and parameters: {'gradient_clip_val': 0.35182531619283397, 'hidden_size': 35, 'dropout': 0.32145889938741595, 'hidden_continuous_size': 8, 'attention_head_size': 3, 'learning_rate': 0.02109242832331314}. Best is trial 0 with value: 7.396756649017334.
LOCAL_RANK: 0 - CUDA_VISIBLE_DEVICES: [0]
[I 2023-12-27 11:08:08,076] Trial 14 finished with value: 24.887964248657227 and parameters: {'gradient_clip_val': 0.8885536221755869, 'hidden_size': 55, 'dropout': 0.21520740891932677, 'hidden_continuous_size': 9, 'attention_head_size': 3, 'learning_rate': 0.011553927184997656}. Best is trial 0 with value: 7.396756649017334.
LOCAL_RANK: 0 - CUDA_VISIBLE_DEVICES: [0]
[I 2023-12-27 11:08:08,550] Trial 15 finished with value: 20.35719871520996 and parameters: {'gradient_clip_val': 0.26637864435927655, 'hidden_size': 64, 'dropout': 0.28339822129075126, 'hidden_continuous_size': 10, 'attention_head_size': 2, 'learning_rate': 0.037250385407974984}. Best is trial 0 with value: 7.396756649017334.
LOCAL_RANK: 0 - CUDA_VISIBLE_DEVICES: [0]
[I 2023-12-27 11:08:09,005] Trial 16 finished with value: 32.433170318603516 and parameters: {'gradient_clip_val': 0.47470375011216565, 'hidden_size': 29, 'dropout': 0.20984255020478207, 'hidden_continuous_size': 7, 'attention_head_size': 2, 'learning_rate': 0.03350469084808182}. Best is trial 0 with value: 7.396756649017334.
LOCAL_RANK: 0 - CUDA_VISIBLE_DEVICES: [0]
[I 2023-12-27 11:08:09,497] Trial 17 finished with value: 25.09300422668457 and parameters: {'gradient_clip_val': 0.9937903688271196, 'hidden_size': 82, 'dropout': 0.3486075488532292, 'hidden_continuous_size': 20, 'attention_head_size': 3, 'learning_rate': 0.010624649516253627}. Best is trial 0 with value: 7.396756649017334.
LOCAL_RANK: 0 - CUDA_VISIBLE_DEVICES: [0]
[I 2023-12-27 11:08:10,024] Trial 18 finished with value: 51.40980529785156 and parameters: {'gradient_clip_val': 0.6842892630937074, 'hidden_size': 128, 'dropout': 0.11031604403109413, 'hidden_continuous_size': 127, 'attention_head_size': 2, 'learning_rate': 0.09512469456472672}. Best is trial 0 with value: 7.396756649017334.
LOCAL_RANK: 0 - CUDA_VISIBLE_DEVICES: [0]
[I 2023-12-27 11:08:10,489] Trial 19 finished with value: 17.792577743530273 and parameters: {'gradient_clip_val': 0.2603197740479104, 'hidden_size': 14, 'dropout': 0.18269714358320904, 'hidden_continuous_size': 6, 'attention_head_size': 3, 'learning_rate': 0.054463393714157725}. Best is trial 0 with value: 7.396756649017334.
LOCAL_RANK: 0 - CUDA_VISIBLE_DEVICES: [0]
[I 2023-12-27 11:08:10,928] Trial 20 finished with value: 21.15431022644043 and parameters: {'gradient_clip_val': 0.4097499871001345, 'hidden_size': 32, 'dropout': 0.24150864928943266, 'hidden_continuous_size': 5, 'attention_head_size': 1, 'learning_rate': 0.027489740415221283}. Best is trial 0 with value: 7.396756649017334.
LOCAL_RANK: 0 - CUDA_VISIBLE_DEVICES: [0]
[I 2023-12-27 11:08:11,402] Trial 21 finished with value: 23.769113540649414 and parameters: {'gradient_clip_val': 0.26342363716096484, 'hidden_size': 14, 'dropout': 0.185489350295215, 'hidden_continuous_size': 6, 'attention_head_size': 3, 'learning_rate': 0.05421130355282076}. Best is trial 0 with value: 7.396756649017334.
LOCAL_RANK: 0 - CUDA_VISIBLE_DEVICES: [0]
[I 2023-12-27 11:08:12,186] Trial 22 finished with value: 36.87682342529297 and parameters: {'gradient_clip_val': 0.22870708240696866, 'hidden_size': 11, 'dropout': 0.20133617941242293, 'hidden_continuous_size': 6, 'attention_head_size': 2, 'learning_rate': 0.05618427682759403}. Best is trial 0 with value: 7.396756649017334.
LOCAL_RANK: 0 - CUDA_VISIBLE_DEVICES: [0]
[I 2023-12-27 11:08:12,637] Trial 23 finished with value: 28.609521865844727 and parameters: {'gradient_clip_val': 0.32667081187556385, 'hidden_size': 25, 'dropout': 0.1598003662271115, 'hidden_continuous_size': 7, 'attention_head_size': 3, 'learning_rate': 0.033642047124957684}. Best is trial 0 with value: 7.396756649017334.
LOCAL_RANK: 0 - CUDA_VISIBLE_DEVICES: [0]
[I 2023-12-27 11:08:13,095] Trial 24 finished with value: 29.043426513671875 and parameters: {'gradient_clip_val': 0.4000717776803297, 'hidden_size': 37, 'dropout': 0.24009230843040705, 'hidden_continuous_size': 8, 'attention_head_size': 2, 'learning_rate': 0.01747490727131501}. Best is trial 0 with value: 7.396756649017334.
LOCAL_RANK: 0 - CUDA_VISIBLE_DEVICES: [0]
[I 2023-12-27 11:08:13,591] Trial 25 finished with value: 20.284189224243164 and parameters: {'gradient_clip_val': 0.22980646532444068, 'hidden_size': 26, 'dropout': 0.1897085444083365, 'hidden_continuous_size': 5, 'attention_head_size': 3, 'learning_rate': 0.062035092327125584}. Best is trial 0 with value: 7.396756649017334.
LOCAL_RANK: 0 - CUDA_VISIBLE_DEVICES: [0]
[I 2023-12-27 11:08:14,068] Trial 26 finished with value: 25.88181495666504 and parameters: {'gradient_clip_val': 0.318304236487701, 'hidden_size': 15, 'dropout': 0.14328903265189094, 'hidden_continuous_size': 6, 'attention_head_size': 2, 'learning_rate': 0.026672094765253434}. Best is trial 0 with value: 7.396756649017334.
LOCAL_RANK: 0 - CUDA_VISIBLE_DEVICES: [0]
[I 2023-12-27 11:08:14,548] Trial 27 finished with value: 25.2772216796875 and parameters: {'gradient_clip_val': 0.4422811366460596, 'hidden_size': 39, 'dropout': 0.10050581755247777, 'hidden_continuous_size': 9, 'attention_head_size': 3, 'learning_rate': 0.041325126661158694}. Best is trial 0 with value: 7.396756649017334.
LOCAL_RANK: 0 - CUDA_VISIBLE_DEVICES: [0]
[I 2023-12-27 11:08:15,061] Trial 28 finished with value: 26.24745750427246 and parameters: {'gradient_clip_val': 0.6106131282124427, 'hidden_size': 72, 'dropout': 0.2820330729442596, 'hidden_continuous_size': 11, 'attention_head_size': 4, 'learning_rate': 0.07364992183541871}. Best is trial 0 with value: 7.396756649017334.
LOCAL_RANK: 0 - CUDA_VISIBLE_DEVICES: [0]
[I 2023-12-27 11:08:15,540] Trial 29 finished with value: 28.77436065673828 and parameters: {'gradient_clip_val': 0.5523141806313402, 'hidden_size': 44, 'dropout': 0.2175300948924591, 'hidden_continuous_size': 6, 'attention_head_size': 1, 'learning_rate': 0.07125326386786858}. Best is trial 0 with value: 7.396756649017334.
LOCAL_RANK: 0 - CUDA_VISIBLE_DEVICES: [0]
[I 2023-12-27 11:08:16,044] Trial 30 finished with value: 29.495513916015625 and parameters: {'gradient_clip_val': 0.3685047731241308, 'hidden_size': 31, 'dropout': 0.17206054060705664, 'hidden_continuous_size': 7, 'attention_head_size': 2, 'learning_rate': 0.045250891305617616}. Best is trial 0 with value: 7.396756649017334.
LOCAL_RANK: 0 - CUDA_VISIBLE_DEVICES: [0]
[I 2023-12-27 11:08:16,507] Trial 31 finished with value: 27.887636184692383 and parameters: {'gradient_clip_val': 0.21634685916032384, 'hidden_size': 27, 'dropout': 0.19207346860948743, 'hidden_continuous_size': 5, 'attention_head_size': 3, 'learning_rate': 0.06858433290988605}. Best is trial 0 with value: 7.396756649017334.
LOCAL_RANK: 0 - CUDA_VISIBLE_DEVICES: [0]
[I 2023-12-27 11:08:16,957] Trial 32 finished with value: 31.501953125 and parameters: {'gradient_clip_val': 0.2828864278486841, 'hidden_size': 26, 'dropout': 0.13474565595728727, 'hidden_continuous_size': 5, 'attention_head_size': 3, 'learning_rate': 0.052366827664952695}. Best is trial 0 with value: 7.396756649017334.
LOCAL_RANK: 0 - CUDA_VISIBLE_DEVICES: [0]
[I 2023-12-27 11:08:17,416] Trial 33 finished with value: 26.10846519470215 and parameters: {'gradient_clip_val': 0.23882433475536569, 'hidden_size': 39, 'dropout': 0.19303801415557345, 'hidden_continuous_size': 5, 'attention_head_size': 3, 'learning_rate': 0.031098168810439024}. Best is trial 0 with value: 7.396756649017334.
LOCAL_RANK: 0 - CUDA_VISIBLE_DEVICES: [0]
[I 2023-12-27 11:08:17,899] Trial 34 finished with value: 29.00250244140625 and parameters: {'gradient_clip_val': 0.19604848031694116, 'hidden_size': 20, 'dropout': 0.12894945380355327, 'hidden_continuous_size': 6, 'attention_head_size': 4, 'learning_rate': 0.06619050801508125}. Best is trial 0 with value: 7.396756649017334.
LOCAL_RANK: 0 - CUDA_VISIBLE_DEVICES: [0]
[I 2023-12-27 11:08:18,599] Trial 35 finished with value: 16.505752563476562 and parameters: {'gradient_clip_val': 0.3226819968753404, 'hidden_size': 24, 'dropout': 0.16517110109032881, 'hidden_continuous_size': 5, 'attention_head_size': 2, 'learning_rate': 0.09888692982021192}. Best is trial 0 with value: 7.396756649017334.
LOCAL_RANK: 0 - CUDA_VISIBLE_DEVICES: [0]
[I 2023-12-27 11:08:19,092] Trial 36 finished with value: 26.342805862426758 and parameters: {'gradient_clip_val': 0.33820086596489035, 'hidden_size': 54, 'dropout': 0.15941431217991514, 'hidden_continuous_size': 8, 'attention_head_size': 2, 'learning_rate': 0.09975877898620567}. Best is trial 0 with value: 7.396756649017334.
LOCAL_RANK: 0 - CUDA_VISIBLE_DEVICES: [0]
[I 2023-12-27 11:08:19,566] Trial 37 finished with value: 28.45487403869629 and parameters: {'gradient_clip_val': 0.2984385907129757, 'hidden_size': 18, 'dropout': 0.12124977018379601, 'hidden_continuous_size': 5, 'attention_head_size': 1, 'learning_rate': 0.04345324544488373}. Best is trial 0 with value: 7.396756649017334.
LOCAL_RANK: 0 - CUDA_VISIBLE_DEVICES: [0]
[I 2023-12-27 11:08:20,052] Trial 38 finished with value: 33.64638900756836 and parameters: {'gradient_clip_val': 0.17799880743414578, 'hidden_size': 23, 'dropout': 0.23089232565713835, 'hidden_continuous_size': 6, 'attention_head_size': 2, 'learning_rate': 0.01918298959850165}. Best is trial 0 with value: 7.396756649017334.
LOCAL_RANK: 0 - CUDA_VISIBLE_DEVICES: [0]
[I 2023-12-27 11:08:20,511] Trial 39 finished with value: 31.54585075378418 and parameters: {'gradient_clip_val': 0.4683242034061562, 'hidden_size': 32, 'dropout': 0.17100701257640322, 'hidden_continuous_size': 7, 'attention_head_size': 2, 'learning_rate': 0.02644042874235726}. Best is trial 0 with value: 7.396756649017334.
LOCAL_RANK: 0 - CUDA_VISIBLE_DEVICES: [0]
[I 2023-12-27 11:08:20,964] Trial 40 finished with value: 37.08039474487305 and parameters: {'gradient_clip_val': 0.40565643986531263, 'hidden_size': 22, 'dropout': 0.1498793809442664, 'hidden_continuous_size': 5, 'attention_head_size': 1, 'learning_rate': 0.07717404273723893}. Best is trial 0 with value: 7.396756649017334.
LOCAL_RANK: 0 - CUDA_VISIBLE_DEVICES: [0]
[I 2023-12-27 11:08:21,417] Trial 41 finished with value: 26.180801391601562 and parameters: {'gradient_clip_val': 0.24970506655968117, 'hidden_size': 26, 'dropout': 0.19827029941140184, 'hidden_continuous_size': 5, 'attention_head_size': 3, 'learning_rate': 0.05700119525828214}. Best is trial 0 with value: 7.396756649017334.
LOCAL_RANK: 0 - CUDA_VISIBLE_DEVICES: [0]
[I 2023-12-27 11:08:21,913] Trial 42 finished with value: 27.574264526367188 and parameters: {'gradient_clip_val': 0.2119023259695633, 'hidden_size': 44, 'dropout': 0.1656081905162609, 'hidden_continuous_size': 6, 'attention_head_size': 2, 'learning_rate': 0.04333647875149544}. Best is trial 0 with value: 7.396756649017334.
LOCAL_RANK: 0 - CUDA_VISIBLE_DEVICES: [0]
[I 2023-12-27 11:08:22,372] Trial 43 finished with value: 25.505807876586914 and parameters: {'gradient_clip_val': 0.28393941295683073, 'hidden_size': 18, 'dropout': 0.18280525553369156, 'hidden_continuous_size': 5, 'attention_head_size': 3, 'learning_rate': 0.08175957834944644}. Best is trial 0 with value: 7.396756649017334.
LOCAL_RANK: 0 - CUDA_VISIBLE_DEVICES: [0]
[I 2023-12-27 11:08:22,827] Trial 44 finished with value: 27.45899200439453 and parameters: {'gradient_clip_val': 0.25223894850271034, 'hidden_size': 23, 'dropout': 0.20826165011651868, 'hidden_continuous_size': 5, 'attention_head_size': 2, 'learning_rate': 0.056265962078401406}. Best is trial 0 with value: 7.396756649017334.
LOCAL_RANK: 0 - CUDA_VISIBLE_DEVICES: [0]
[I 2023-12-27 11:08:23,310] Trial 45 finished with value: 22.991798400878906 and parameters: {'gradient_clip_val': 0.3499083643986723, 'hidden_size': 13, 'dropout': 0.13728126226435045, 'hidden_continuous_size': 5, 'attention_head_size': 3, 'learning_rate': 0.03424450971311354}. Best is trial 0 with value: 7.396756649017334.
LOCAL_RANK: 0 - CUDA_VISIBLE_DEVICES: [0]
[I 2023-12-27 11:08:23,762] Trial 46 finished with value: 39.603118896484375 and parameters: {'gradient_clip_val': 0.15864490800732367, 'hidden_size': 18, 'dropout': 0.23221371004388072, 'hidden_continuous_size': 6, 'attention_head_size': 2, 'learning_rate': 0.08697276009928816}. Best is trial 0 with value: 7.396756649017334.
LOCAL_RANK: 0 - CUDA_VISIBLE_DEVICES: [0]
[I 2023-12-27 11:08:24,219] Trial 47 finished with value: 37.508541107177734 and parameters: {'gradient_clip_val': 0.29132031377090256, 'hidden_size': 29, 'dropout': 0.25406479520471176, 'hidden_continuous_size': 7, 'attention_head_size': 4, 'learning_rate': 0.06480489895132743}. Best is trial 0 with value: 7.396756649017334.
LOCAL_RANK: 0 - CUDA_VISIBLE_DEVICES: [0]
[I 2023-12-27 11:08:24,935] Trial 48 finished with value: 26.521474838256836 and parameters: {'gradient_clip_val': 0.18535876927693987, 'hidden_size': 8, 'dropout': 0.17857982784849172, 'hidden_continuous_size': 5, 'attention_head_size': 3, 'learning_rate': 0.022247920036120708}. Best is trial 0 with value: 7.396756649017334.
LOCAL_RANK: 0 - CUDA_VISIBLE_DEVICES: [0]
[I 2023-12-27 11:08:25,390] Trial 49 finished with value: 20.769432067871094 and parameters: {'gradient_clip_val': 0.31926343472861174, 'hidden_size': 16, 'dropout': 0.21689815247791244, 'hidden_continuous_size': 6, 'attention_head_size': 2, 'learning_rate': 0.09971328208284361}. Best is trial 0 with value: 7.396756649017334.
[I 2023-12-27 11:08:25,569] A new study created in memory with name: no-name-00bb86cc-43ef-481c-8264-7eb482c14892
/home/le004/conda/anaconda3/envs/tsff_env/lib/python3.9/site-packages/lightning/fabric/plugins/environments/slurm.py:191: The `srun` command is available on your system but is not used. HINT: If your intention is to run Lightning on SLURM, prepend your python command with `srun` like so: srun python /home/le004/master_thesis/git/TSFusionForecast/code/ ...
LOCAL_RANK: 0 - CUDA_VISIBLE_DEVICES: [0]
[I 2023-12-27 11:08:54,328] Trial 0 finished with value: 15.020024299621582 and parameters: {'gradient_clip_val': 0.31071832255101917, 'hidden_size': 21, 'dropout': 0.3352821453487185, 'hidden_continuous_size': 16, 'attention_head_size': 2, 'learning_rate': 0.004536429274891491}. Best is trial 0 with value: 15.020024299621582.
LOCAL_RANK: 0 - CUDA_VISIBLE_DEVICES: [0]
[I 2023-12-27 11:08:54,742] Trial 1 finished with value: 38.53342056274414 and parameters: {'gradient_clip_val': 0.9358710877376569, 'hidden_size': 27, 'dropout': 0.42670630297217416, 'hidden_continuous_size': 5, 'attention_head_size': 1, 'learning_rate': 0.0009467154004447251}. Best is trial 0 with value: 15.020024299621582.
LOCAL_RANK: 0 - CUDA_VISIBLE_DEVICES: [0]
[I 2023-12-27 11:08:55,203] Trial 2 finished with value: 41.97556686401367 and parameters: {'gradient_clip_val': 0.5861748745344664, 'hidden_size': 123, 'dropout': 0.43804567937503314, 'hidden_continuous_size': 22, 'attention_head_size': 1, 'learning_rate': 0.031408401786620285}. Best is trial 0 with value: 15.020024299621582.
LOCAL_RANK: 0 - CUDA_VISIBLE_DEVICES: [0]
[I 2023-12-27 11:08:55,789] Trial 3 finished with value: 62.282657623291016 and parameters: {'gradient_clip_val': 0.6271480861476149, 'hidden_size': 112, 'dropout': 0.380233325344112, 'hidden_continuous_size': 23, 'attention_head_size': 4, 'learning_rate': 0.0036376473380866016}. Best is trial 0 with value: 15.020024299621582.
LOCAL_RANK: 0 - CUDA_VISIBLE_DEVICES: [0]
[I 2023-12-27 11:08:56,237] Trial 4 finished with value: 63.12994384765625 and parameters: {'gradient_clip_val': 0.9205771421113391, 'hidden_size': 25, 'dropout': 0.2266521430874486, 'hidden_continuous_size': 5, 'attention_head_size': 3, 'learning_rate': 0.08175386250752838}. Best is trial 0 with value: 15.020024299621582.
LOCAL_RANK: 0 - CUDA_VISIBLE_DEVICES: [0]
[I 2023-12-27 11:08:56,681] Trial 5 finished with value: 33.77847671508789 and parameters: {'gradient_clip_val': 0.5842318136720701, 'hidden_size': 72, 'dropout': 0.4593270176826997, 'hidden_continuous_size': 48, 'attention_head_size': 2, 'learning_rate': 0.0005750248028200129}. Best is trial 0 with value: 15.020024299621582.
LOCAL_RANK: 0 - CUDA_VISIBLE_DEVICES: [0]
[I 2023-12-27 11:08:57,104] Trial 6 finished with value: 48.5306282043457 and parameters: {'gradient_clip_val': 0.41247588846653366, 'hidden_size': 18, 'dropout': 0.16391677079791256, 'hidden_continuous_size': 16, 'attention_head_size': 3, 'learning_rate': 0.0008594880338034116}. Best is trial 0 with value: 15.020024299621582.
LOCAL_RANK: 0 - CUDA_VISIBLE_DEVICES: [0]
[I 2023-12-27 11:08:57,553] Trial 7 finished with value: 22.601591110229492 and parameters: {'gradient_clip_val': 0.8056460983579672, 'hidden_size': 78, 'dropout': 0.31010066413762283, 'hidden_continuous_size': 8, 'attention_head_size': 1, 'learning_rate': 0.0012032922057210553}. Best is trial 0 with value: 15.020024299621582.
LOCAL_RANK: 0 - CUDA_VISIBLE_DEVICES: [0]
[I 2023-12-27 11:08:58,024] Trial 8 finished with value: 56.10123825073242 and parameters: {'gradient_clip_val': 0.22736682261149874, 'hidden_size': 143, 'dropout': 0.14773338963837454, 'hidden_continuous_size': 11, 'attention_head_size': 1, 'learning_rate': 0.032201358296832336}. Best is trial 0 with value: 15.020024299621582.
LOCAL_RANK: 0 - CUDA_VISIBLE_DEVICES: [0]
[I 2023-12-27 11:08:58,724] Trial 9 finished with value: 47.525421142578125 and parameters: {'gradient_clip_val': 0.19581119100244862, 'hidden_size': 55, 'dropout': 0.13037037056383813, 'hidden_continuous_size': 7, 'attention_head_size': 2, 'learning_rate': 0.0024137993934488363}. Best is trial 0 with value: 15.020024299621582.
LOCAL_RANK: 0 - CUDA_VISIBLE_DEVICES: [0]
[I 2023-12-27 11:08:59,201] Trial 10 finished with value: 39.830322265625 and parameters: {'gradient_clip_val': 0.10548824400970282, 'hidden_size': 6, 'dropout': 0.3221475175212071, 'hidden_continuous_size': 5, 'attention_head_size': 4, 'learning_rate': 0.009811594363717287}. Best is trial 0 with value: 15.020024299621582.
LOCAL_RANK: 0 - CUDA_VISIBLE_DEVICES: [0]
[I 2023-12-27 11:08:59,654] Trial 11 finished with value: 59.82927322387695 and parameters: {'gradient_clip_val': 0.3368285505361551, 'hidden_size': 49, 'dropout': 0.3023107471908351, 'hidden_continuous_size': 9, 'attention_head_size': 2, 'learning_rate': 0.0024655564153898083}. Best is trial 0 with value: 15.020024299621582.
LOCAL_RANK: 0 - CUDA_VISIBLE_DEVICES: [0]
[I 2023-12-27 11:09:00,099] Trial 12 finished with value: 39.30198669433594 and parameters: {'gradient_clip_val': 0.3952474313230144, 'hidden_size': 13, 'dropout': 0.35189305364274504, 'hidden_continuous_size': 6, 'attention_head_size': 1, 'learning_rate': 0.006767424968828362}. Best is trial 0 with value: 15.020024299621582.
LOCAL_RANK: 0 - CUDA_VISIBLE_DEVICES: [0]
[I 2023-12-27 11:09:00,560] Trial 13 finished with value: 44.24429702758789 and parameters: {'gradient_clip_val': 0.2634569735486529, 'hidden_size': 37, 'dropout': 0.2686565190118881, 'hidden_continuous_size': 8, 'attention_head_size': 2, 'learning_rate': 0.001482820945915961}. Best is trial 0 with value: 15.020024299621582.
LOCAL_RANK: 0 - CUDA_VISIBLE_DEVICES: [0]
