[I 2023-12-16 07:45:40,338] Trial 5 finished with value: 378.3883361816406 and parameters: {'gradient_clip_val': 0.27279436906877896, 'hidden_size': 26, 'dropout': 0.10581153525635295, 'hidden_continuous_size': 20, 'attention_head_size': 2, 'learning_rate': 0.04280707695267514}. Best is trial 3 with value: 189.8006134033203.
LOCAL_RANK: 0 - CUDA_VISIBLE_DEVICES: [0]
[I 2023-12-16 07:46:30,659] Trial 6 finished with value: 789.4782104492188 and parameters: {'gradient_clip_val': 0.10942023777872692, 'hidden_size': 37, 'dropout': 0.18894873619606567, 'hidden_continuous_size': 6, 'attention_head_size': 4, 'learning_rate': 0.004206946872045491}. Best is trial 3 with value: 189.8006134033203.
LOCAL_RANK: 0 - CUDA_VISIBLE_DEVICES: [0]
[I 2023-12-16 07:47:22,825] Trial 7 finished with value: 490.9923400878906 and parameters: {'gradient_clip_val': 0.3637757458658861, 'hidden_size': 41, 'dropout': 0.21209282327018428, 'hidden_continuous_size': 15, 'attention_head_size': 1, 'learning_rate': 0.05387344556320897}. Best is trial 3 with value: 189.8006134033203.
LOCAL_RANK: 0 - CUDA_VISIBLE_DEVICES: [0]
[I 2023-12-16 07:48:09,669] Trial 8 finished with value: 208.9293975830078 and parameters: {'gradient_clip_val': 0.4368500145076072, 'hidden_size': 15, 'dropout': 0.17960786566936018, 'hidden_continuous_size': 8, 'attention_head_size': 2, 'learning_rate': 0.027261620762396025}. Best is trial 3 with value: 189.8006134033203.
LOCAL_RANK: 0 - CUDA_VISIBLE_DEVICES: [0]
[I 2023-12-16 07:49:01,655] Trial 9 finished with value: 174.0330810546875 and parameters: {'gradient_clip_val': 0.2017394642659469, 'hidden_size': 73, 'dropout': 0.17285691518222296, 'hidden_continuous_size': 5, 'attention_head_size': 2, 'learning_rate': 0.08054228001333955}. Best is trial 9 with value: 174.0330810546875.
LOCAL_RANK: 0 - CUDA_VISIBLE_DEVICES: [0]
[I 2023-12-16 07:49:57,628] Trial 10 finished with value: 334.44952392578125 and parameters: {'gradient_clip_val': 0.22380516992972097, 'hidden_size': 92, 'dropout': 0.2649659871877222, 'hidden_continuous_size': 43, 'attention_head_size': 3, 'learning_rate': 0.09306215008642078}. Best is trial 9 with value: 174.0330810546875.
LOCAL_RANK: 0 - CUDA_VISIBLE_DEVICES: [0]
[I 2023-12-16 07:50:50,477] Trial 11 finished with value: 535.195556640625 and parameters: {'gradient_clip_val': 0.10189027575626312, 'hidden_size': 96, 'dropout': 0.34624447318585727, 'hidden_continuous_size': 5, 'attention_head_size': 3, 'learning_rate': 0.01643446933069128}. Best is trial 9 with value: 174.0330810546875.
LOCAL_RANK: 0 - CUDA_VISIBLE_DEVICES: [0]
[I 2023-12-16 07:51:44,148] Trial 12 finished with value: 137.64662170410156 and parameters: {'gradient_clip_val': 0.14037985169491177, 'hidden_size': 62, 'dropout': 0.39511694855741786, 'hidden_continuous_size': 13, 'attention_head_size': 2, 'learning_rate': 0.08784368478818806}. Best is trial 12 with value: 137.64662170410156.
LOCAL_RANK: 0 - CUDA_VISIBLE_DEVICES: [0]
[I 2023-12-16 07:52:21,244] Trial 13 finished with value: 886.3706665039062 and parameters: {'gradient_clip_val': 0.1549863718367763, 'hidden_size': 5, 'dropout': 0.3739767779786845, 'hidden_continuous_size': 5, 'attention_head_size': 3, 'learning_rate': 0.09321354436701579}. Best is trial 12 with value: 137.64662170410156.
LOCAL_RANK: 0 - CUDA_VISIBLE_DEVICES: [0]
[I 2023-12-16 07:53:15,335] Trial 14 finished with value: 245.4092254638672 and parameters: {'gradient_clip_val': 0.154173405027014, 'hidden_size': 67, 'dropout': 0.3984585636325235, 'hidden_continuous_size': 14, 'attention_head_size': 2, 'learning_rate': 0.09870054014668267}. Best is trial 12 with value: 137.64662170410156.
LOCAL_RANK: 0 - CUDA_VISIBLE_DEVICES: [0]
[I 2023-12-16 07:54:09,152] Trial 15 finished with value: 580.4737548828125 and parameters: {'gradient_clip_val': 0.22764446612137176, 'hidden_size': 68, 'dropout': 0.3012252602039591, 'hidden_continuous_size': 23, 'attention_head_size': 2, 'learning_rate': 0.03484524896835181}. Best is trial 12 with value: 137.64662170410156.
LOCAL_RANK: 0 - CUDA_VISIBLE_DEVICES: [0]
[I 2023-12-16 07:55:02,923] Trial 16 finished with value: 666.1581420898438 and parameters: {'gradient_clip_val': 0.14070542844860873, 'hidden_size': 57, 'dropout': 0.23490207383562467, 'hidden_continuous_size': 12, 'attention_head_size': 3, 'learning_rate': 0.012638786773889429}. Best is trial 12 with value: 137.64662170410156.
LOCAL_RANK: 0 - CUDA_VISIBLE_DEVICES: [0]
[I 2023-12-16 07:56:00,296] Trial 17 finished with value: 155.31578063964844 and parameters: {'gradient_clip_val': 0.1322359526779567, 'hidden_size': 87, 'dropout': 0.27513672774426795, 'hidden_continuous_size': 74, 'attention_head_size': 2, 'learning_rate': 0.045726135059426555}. Best is trial 12 with value: 137.64662170410156.
LOCAL_RANK: 0 - CUDA_VISIBLE_DEVICES: [0]
[I 2023-12-16 07:56:54,492] Trial 18 finished with value: 570.9788818359375 and parameters: {'gradient_clip_val': 0.13331326827716372, 'hidden_size': 47, 'dropout': 0.285289171052248, 'hidden_continuous_size': 43, 'attention_head_size': 3, 'learning_rate': 0.03755581043281947}. Best is trial 12 with value: 137.64662170410156.
LOCAL_RANK: 0 - CUDA_VISIBLE_DEVICES: [0]
[I 2023-12-16 07:57:52,659] Trial 19 finished with value: 400.8977966308594 and parameters: {'gradient_clip_val': 0.13392960233977078, 'hidden_size': 99, 'dropout': 0.32119104820439265, 'hidden_continuous_size': 90, 'attention_head_size': 1, 'learning_rate': 0.04754621676399454}. Best is trial 12 with value: 137.64662170410156.
LOCAL_RANK: 0 - CUDA_VISIBLE_DEVICES: [0]
[I 2023-12-16 07:58:42,398] Trial 20 finished with value: 340.4497375488281 and parameters: {'gradient_clip_val': 0.27349319689645063, 'hidden_size': 30, 'dropout': 0.2584241665177544, 'hidden_continuous_size': 10, 'attention_head_size': 2, 'learning_rate': 0.02272959621109873}. Best is trial 12 with value: 137.64662170410156.
LOCAL_RANK: 0 - CUDA_VISIBLE_DEVICES: [0]
[I 2023-12-16 07:59:36,301] Trial 21 finished with value: 829.92236328125 and parameters: {'gradient_clip_val': 0.19315038368321039, 'hidden_size': 72, 'dropout': 0.23218631749473045, 'hidden_continuous_size': 25, 'attention_head_size': 2, 'learning_rate': 0.06400911691713046}. Best is trial 12 with value: 137.64662170410156.
LOCAL_RANK: 0 - CUDA_VISIBLE_DEVICES: [0]
[I 2023-12-16 08:00:30,116] Trial 22 finished with value: 367.8521728515625 and parameters: {'gradient_clip_val': 0.13270821023658685, 'hidden_size': 79, 'dropout': 0.2765951383920006, 'hidden_continuous_size': 15, 'attention_head_size': 2, 'learning_rate': 0.06593133728159588}. Best is trial 12 with value: 137.64662170410156.
LOCAL_RANK: 0 - CUDA_VISIBLE_DEVICES: [0]
[I 2023-12-16 08:01:22,059] Trial 23 finished with value: 533.7344360351562 and parameters: {'gradient_clip_val': 0.16665714386111988, 'hidden_size': 57, 'dropout': 0.3032659022161732, 'hidden_continuous_size': 6, 'attention_head_size': 2, 'learning_rate': 0.09765679108750387}. Best is trial 12 with value: 137.64662170410156.
LOCAL_RANK: 0 - CUDA_VISIBLE_DEVICES: [0]
[I 2023-12-16 08:02:16,110] Trial 24 finished with value: 862.426513671875 and parameters: {'gradient_clip_val': 0.12339803856391793, 'hidden_size': 78, 'dropout': 0.21466070520281058, 'hidden_continuous_size': 11, 'attention_head_size': 3, 'learning_rate': 0.03184360424636272}. Best is trial 12 with value: 137.64662170410156.
LOCAL_RANK: 0 - CUDA_VISIBLE_DEVICES: [0]
[I 2023-12-16 08:03:14,627] Trial 25 finished with value: 332.7445983886719 and parameters: {'gradient_clip_val': 0.12034334117372018, 'hidden_size': 100, 'dropout': 0.2547702821855093, 'hidden_continuous_size': 91, 'attention_head_size': 2, 'learning_rate': 0.06384174463690608}. Best is trial 12 with value: 137.64662170410156.
LOCAL_RANK: 0 - CUDA_VISIBLE_DEVICES: [0]
[I 2023-12-16 08:04:07,119] Trial 26 finished with value: 258.28033447265625 and parameters: {'gradient_clip_val': 0.10090564938383266, 'hidden_size': 52, 'dropout': 0.3971416870326312, 'hidden_continuous_size': 12, 'attention_head_size': 1, 'learning_rate': 0.040438791584553324}. Best is trial 12 with value: 137.64662170410156.
LOCAL_RANK: 0 - CUDA_VISIBLE_DEVICES: [0]
[I 2023-12-16 08:04:56,621] Trial 27 finished with value: 189.7458953857422 and parameters: {'gradient_clip_val': 0.15809827472123683, 'hidden_size': 40, 'dropout': 0.3620945809445645, 'hidden_continuous_size': 7, 'attention_head_size': 2, 'learning_rate': 0.06811167565436167}. Best is trial 12 with value: 137.64662170410156.
LOCAL_RANK: 0 - CUDA_VISIBLE_DEVICES: [0]
[I 2023-12-16 08:05:50,774] Trial 28 finished with value: 652.462158203125 and parameters: {'gradient_clip_val': 0.20409753320418894, 'hidden_size': 65, 'dropout': 0.32597325400646676, 'hidden_continuous_size': 18, 'attention_head_size': 3, 'learning_rate': 0.02588490522480288}. Best is trial 12 with value: 137.64662170410156.
LOCAL_RANK: 0 - CUDA_VISIBLE_DEVICES: [0]
[I 2023-12-16 08:06:39,270] Trial 29 finished with value: 355.080078125 and parameters: {'gradient_clip_val': 0.1688104489408182, 'hidden_size': 32, 'dropout': 0.28390214198330793, 'hidden_continuous_size': 10, 'attention_head_size': 1, 'learning_rate': 0.0006652747592590743}. Best is trial 12 with value: 137.64662170410156.
LOCAL_RANK: 0 - CUDA_VISIBLE_DEVICES: [0]
[I 2023-12-16 08:07:31,862] Trial 30 finished with value: 479.1443176269531 and parameters: {'gradient_clip_val': 0.18628488215037195, 'hidden_size': 80, 'dropout': 0.14865039191122884, 'hidden_continuous_size': 6, 'attention_head_size': 4, 'learning_rate': 0.001270243432258914}. Best is trial 12 with value: 137.64662170410156.
LOCAL_RANK: 0 - CUDA_VISIBLE_DEVICES: [0]
[I 2023-12-16 08:08:21,885] Trial 31 finished with value: 672.5703735351562 and parameters: {'gradient_clip_val': 0.15179375480048582, 'hidden_size': 38, 'dropout': 0.3686910783328696, 'hidden_continuous_size': 7, 'attention_head_size': 2, 'learning_rate': 0.06796119828605407}. Best is trial 12 with value: 137.64662170410156.
LOCAL_RANK: 0 - CUDA_VISIBLE_DEVICES: [0]
[I 2023-12-16 08:09:14,806] Trial 32 finished with value: 143.9321746826172 and parameters: {'gradient_clip_val': 0.1600380133096957, 'hidden_size': 46, 'dropout': 0.378060858135977, 'hidden_continuous_size': 10, 'attention_head_size': 2, 'learning_rate': 0.049123538795219114}. Best is trial 12 with value: 137.64662170410156.
LOCAL_RANK: 0 - CUDA_VISIBLE_DEVICES: [0]
[I 2023-12-16 08:10:07,187] Trial 33 finished with value: 953.41357421875 and parameters: {'gradient_clip_val': 0.11978579509608044, 'hidden_size': 60, 'dropout': 0.37835172389328414, 'hidden_continuous_size': 10, 'attention_head_size': 2, 'learning_rate': 0.04858360763299747}. Best is trial 12 with value: 137.64662170410156.
LOCAL_RANK: 0 - CUDA_VISIBLE_DEVICES: [0]
[I 2023-12-16 08:11:00,727] Trial 34 finished with value: 811.71630859375 and parameters: {'gradient_clip_val': 0.1785832987157175, 'hidden_size': 55, 'dropout': 0.34640546504195346, 'hidden_continuous_size': 13, 'attention_head_size': 2, 'learning_rate': 0.03212273198088525}. Best is trial 12 with value: 137.64662170410156.
LOCAL_RANK: 0 - CUDA_VISIBLE_DEVICES: [0]
[I 2023-12-16 08:11:52,759] Trial 35 finished with value: 207.0608367919922 and parameters: {'gradient_clip_val': 0.2155279428626307, 'hidden_size': 47, 'dropout': 0.3884836973798802, 'hidden_continuous_size': 9, 'attention_head_size': 1, 'learning_rate': 0.04651782560998948}. Best is trial 12 with value: 137.64662170410156.
LOCAL_RANK: 0 - CUDA_VISIBLE_DEVICES: [0]
[I 2023-12-16 08:12:46,300] Trial 36 finished with value: 193.212646484375 and parameters: {'gradient_clip_val': 0.14362705479609714, 'hidden_size': 83, 'dropout': 0.3612103986549597, 'hidden_continuous_size': 9, 'attention_head_size': 2, 'learning_rate': 0.01631939091363956}. Best is trial 12 with value: 137.64662170410156.
LOCAL_RANK: 0 - CUDA_VISIBLE_DEVICES: [0]
[I 2023-12-16 08:13:39,945] Trial 37 finished with value: 111.7791976928711 and parameters: {'gradient_clip_val': 0.17445909972389506, 'hidden_size': 66, 'dropout': 0.33128627655348986, 'hidden_continuous_size': 17, 'attention_head_size': 1, 'learning_rate': 0.00940520884504079}. Best is trial 37 with value: 111.7791976928711.
LOCAL_RANK: 0 - CUDA_VISIBLE_DEVICES: [0]
[I 2023-12-16 08:14:32,951] Trial 38 finished with value: 199.6319122314453 and parameters: {'gradient_clip_val': 0.11572349742157476, 'hidden_size': 49, 'dropout': 0.381514657655392, 'hidden_continuous_size': 17, 'attention_head_size': 1, 'learning_rate': 0.007581989749675304}. Best is trial 37 with value: 111.7791976928711.
LOCAL_RANK: 0 - CUDA_VISIBLE_DEVICES: [0]
[I 2023-12-16 08:15:25,431] Trial 39 finished with value: 597.3569946289062 and parameters: {'gradient_clip_val': 0.1801791240211652, 'hidden_size': 64, 'dropout': 0.33702514505084596, 'hidden_continuous_size': 13, 'attention_head_size': 1, 'learning_rate': 0.00883688173630033}. Best is trial 37 with value: 111.7791976928711.
LOCAL_RANK: 0 - CUDA_VISIBLE_DEVICES: [0]
[I 2023-12-16 08:16:17,080] Trial 40 finished with value: 137.24925231933594 and parameters: {'gradient_clip_val': 0.11382453014639264, 'hidden_size': 44, 'dropout': 0.3571318239265199, 'hidden_continuous_size': 16, 'attention_head_size': 1, 'learning_rate': 0.01968989797793973}. Best is trial 37 with value: 111.7791976928711.
LOCAL_RANK: 0 - CUDA_VISIBLE_DEVICES: [0]
[I 2023-12-16 08:17:10,193] Trial 41 finished with value: 494.4371337890625 and parameters: {'gradient_clip_val': 0.11377010129874676, 'hidden_size': 43, 'dropout': 0.35706123866834755, 'hidden_continuous_size': 16, 'attention_head_size': 1, 'learning_rate': 0.023195066431490975}. Best is trial 37 with value: 111.7791976928711.
LOCAL_RANK: 0 - CUDA_VISIBLE_DEVICES: [0]
[I 2023-12-16 08:18:02,972] Trial 42 finished with value: 706.53076171875 and parameters: {'gradient_clip_val': 0.13648050826264227, 'hidden_size': 50, 'dropout': 0.3838948362675524, 'hidden_continuous_size': 15, 'attention_head_size': 1, 'learning_rate': 0.01796717355126936}. Best is trial 37 with value: 111.7791976928711.
LOCAL_RANK: 0 - CUDA_VISIBLE_DEVICES: [0]
[I 2023-12-16 08:18:52,746] Trial 43 finished with value: 208.7060546875 and parameters: {'gradient_clip_val': 0.10944725914485688, 'hidden_size': 36, 'dropout': 0.36038528604602904, 'hidden_continuous_size': 12, 'attention_head_size': 1, 'learning_rate': 0.048169730269725146}. Best is trial 37 with value: 111.7791976928711.
LOCAL_RANK: 0 - CUDA_VISIBLE_DEVICES: [0]
[I 2023-12-16 08:19:42,035] Trial 44 finished with value: 155.19837951660156 and parameters: {'gradient_clip_val': 0.10123744791366765, 'hidden_size': 26, 'dropout': 0.3444698098789339, 'hidden_continuous_size': 11, 'attention_head_size': 1, 'learning_rate': 0.012407944403963488}. Best is trial 37 with value: 111.7791976928711.
LOCAL_RANK: 0 - CUDA_VISIBLE_DEVICES: [0]
[I 2023-12-16 08:20:30,293] Trial 45 finished with value: 1141.9840087890625 and parameters: {'gradient_clip_val': 0.10903076514418436, 'hidden_size': 28, 'dropout': 0.39868140785140227, 'hidden_continuous_size': 11, 'attention_head_size': 1, 'learning_rate': 0.012415715948046229}. Best is trial 37 with value: 111.7791976928711.
LOCAL_RANK: 0 - CUDA_VISIBLE_DEVICES: [0]
[I 2023-12-16 08:21:21,204] Trial 46 finished with value: 337.561767578125 and parameters: {'gradient_clip_val': 0.10243948795096128, 'hidden_size': 35, 'dropout': 0.37234395910542933, 'hidden_continuous_size': 14, 'attention_head_size': 1, 'learning_rate': 0.009713293046140261}. Best is trial 37 with value: 111.7791976928711.
LOCAL_RANK: 0 - CUDA_VISIBLE_DEVICES: [0]
[I 2023-12-16 08:22:10,556] Trial 47 finished with value: 598.9111938476562 and parameters: {'gradient_clip_val': 0.1217234195391899, 'hidden_size': 27, 'dropout': 0.3477921492431391, 'hidden_continuous_size': 11, 'attention_head_size': 1, 'learning_rate': 0.018655521539362542}. Best is trial 37 with value: 111.7791976928711.
LOCAL_RANK: 0 - CUDA_VISIBLE_DEVICES: [0]
[I 2023-12-16 08:22:59,719] Trial 48 finished with value: 304.89141845703125 and parameters: {'gradient_clip_val': 0.15097967003011656, 'hidden_size': 23, 'dropout': 0.33229326433914125, 'hidden_continuous_size': 13, 'attention_head_size': 1, 'learning_rate': 0.005149104193004454}. Best is trial 37 with value: 111.7791976928711.
LOCAL_RANK: 0 - CUDA_VISIBLE_DEVICES: [0]
[I 2023-12-16 08:23:51,514] Trial 49 finished with value: 606.0825805664062 and parameters: {'gradient_clip_val': 0.1008880476050314, 'hidden_size': 44, 'dropout': 0.3545888857123194, 'hidden_continuous_size': 18, 'attention_head_size': 1, 'learning_rate': 0.01426741332022789}. Best is trial 37 with value: 111.7791976928711.
[I 2023-12-16 08:23:51,620] A new study created in memory with name: no-name-716398d8-b9aa-4621-a68c-e785174523c4
/home/le004/conda/anaconda3/envs/tsff_env/lib/python3.9/site-packages/lightning/fabric/plugins/environments/slurm.py:191: The `srun` command is available on your system but is not used. HINT: If your intention is to run Lightning on SLURM, prepend your python command with `srun` like so: srun python /home/le004/master_thesis/git/TSFusionForecast/code/ ...
LOCAL_RANK: 0 - CUDA_VISIBLE_DEVICES: [0]
[I 2023-12-16 08:24:46,139] Trial 0 finished with value: 1864.6448974609375 and parameters: {'gradient_clip_val': 0.28128716360012224, 'hidden_size': 55, 'dropout': 0.35345874550576495, 'hidden_continuous_size': 49, 'attention_head_size': 1, 'learning_rate': 0.0005526542618711077}. Best is trial 0 with value: 1864.6448974609375.
LOCAL_RANK: 0 - CUDA_VISIBLE_DEVICES: [0]
[I 2023-12-16 08:25:34,112] Trial 1 finished with value: 2418.257568359375 and parameters: {'gradient_clip_val': 0.15664839485462972, 'hidden_size': 15, 'dropout': 0.2915655323757412, 'hidden_continuous_size': 13, 'attention_head_size': 4, 'learning_rate': 0.010139480882246409}. Best is trial 0 with value: 1864.6448974609375.
LOCAL_RANK: 0 - CUDA_VISIBLE_DEVICES: [0]
[I 2023-12-16 08:26:20,144] Trial 2 finished with value: 3207.23046875 and parameters: {'gradient_clip_val': 0.12357664855103023, 'hidden_size': 10, 'dropout': 0.10446202315148545, 'hidden_continuous_size': 5, 'attention_head_size': 3, 'learning_rate': 0.0015895369469849285}. Best is trial 0 with value: 1864.6448974609375.
LOCAL_RANK: 0 - CUDA_VISIBLE_DEVICES: [0]
[I 2023-12-16 08:27:13,169] Trial 3 finished with value: 1598.6617431640625 and parameters: {'gradient_clip_val': 0.1870329899764602, 'hidden_size': 43, 'dropout': 0.12024870299660759, 'hidden_continuous_size': 30, 'attention_head_size': 1, 'learning_rate': 0.0013014656147728053}. Best is trial 3 with value: 1598.6617431640625.
LOCAL_RANK: 0 - CUDA_VISIBLE_DEVICES: [0]
[I 2023-12-16 08:28:01,567] Trial 4 finished with value: 1013.7561645507812 and parameters: {'gradient_clip_val': 0.31817083182182854, 'hidden_size': 18, 'dropout': 0.2825981130769061, 'hidden_continuous_size': 11, 'attention_head_size': 1, 'learning_rate': 0.002250550392122364}. Best is trial 4 with value: 1013.7561645507812.
LOCAL_RANK: 0 - CUDA_VISIBLE_DEVICES: [0]
[I 2023-12-16 08:28:51,794] Trial 5 finished with value: 7414.806640625 and parameters: {'gradient_clip_val': 0.27690881069499396, 'hidden_size': 26, 'dropout': 0.18141969985936895, 'hidden_continuous_size': 11, 'attention_head_size': 4, 'learning_rate': 0.008141381556123428}. Best is trial 4 with value: 1013.7561645507812.
LOCAL_RANK: 0 - CUDA_VISIBLE_DEVICES: [0]
[I 2023-12-16 08:29:40,705] Trial 6 finished with value: 2681.073486328125 and parameters: {'gradient_clip_val': 0.12520714215117287, 'hidden_size': 21, 'dropout': 0.31025587870548077, 'hidden_continuous_size': 19, 'attention_head_size': 1, 'learning_rate': 0.002324020700963669}. Best is trial 4 with value: 1013.7561645507812.
LOCAL_RANK: 0 - CUDA_VISIBLE_DEVICES: [0]
[I 2023-12-16 08:30:31,708] Trial 7 finished with value: 1226.638671875 and parameters: {'gradient_clip_val': 0.6408753545371478, 'hidden_size': 40, 'dropout': 0.36630739908326515, 'hidden_continuous_size': 15, 'attention_head_size': 1, 'learning_rate': 0.0012200392496680523}. Best is trial 4 with value: 1013.7561645507812.
LOCAL_RANK: 0 - CUDA_VISIBLE_DEVICES: [0]
[I 2023-12-16 08:31:24,577] Trial 8 finished with value: 1418.5361328125 and parameters: {'gradient_clip_val': 0.4277034619758021, 'hidden_size': 37, 'dropout': 0.35808161679755, 'hidden_continuous_size': 17, 'attention_head_size': 3, 'learning_rate': 0.08869158817991578}. Best is trial 4 with value: 1013.7561645507812.
LOCAL_RANK: 0 - CUDA_VISIBLE_DEVICES: [0]
[I 2023-12-16 08:32:12,416] Trial 9 finished with value: 1948.01171875 and parameters: {'gradient_clip_val': 0.2991312669382916, 'hidden_size': 24, 'dropout': 0.3354567172558255, 'hidden_continuous_size': 7, 'attention_head_size': 2, 'learning_rate': 0.09556353504197294}. Best is trial 4 with value: 1013.7561645507812.
LOCAL_RANK: 0 - CUDA_VISIBLE_DEVICES: [0]
[I 2023-12-16 08:32:49,258] Trial 10 finished with value: 8211.078125 and parameters: {'gradient_clip_val': 0.823116387686105, 'hidden_size': 5, 'dropout': 0.24958893429352197, 'hidden_continuous_size': 5, 'attention_head_size': 2, 'learning_rate': 0.004379657788099239}. Best is trial 4 with value: 1013.7561645507812.
LOCAL_RANK: 0 - CUDA_VISIBLE_DEVICES: [0]
[I 2023-12-16 08:33:48,070] Trial 11 finished with value: 2888.328369140625 and parameters: {'gradient_clip_val': 0.5582886423491145, 'hidden_size': 97, 'dropout': 0.3982374125694661, 'hidden_continuous_size': 90, 'attention_head_size': 2, 'learning_rate': 0.000538965058208539}. Best is trial 4 with value: 1013.7561645507812.
LOCAL_RANK: 0 - CUDA_VISIBLE_DEVICES: [0]
[I 2023-12-16 08:34:33,671] Trial 12 finished with value: 2044.7310791015625 and parameters: {'gradient_clip_val': 0.9567361276402941, 'hidden_size': 11, 'dropout': 0.26683181186142435, 'hidden_continuous_size': 6, 'attention_head_size': 1, 'learning_rate': 0.0032130093518460572}. Best is trial 4 with value: 1013.7561645507812.
LOCAL_RANK: 0 - CUDA_VISIBLE_DEVICES: [0]
