[I 2023-12-26 17:47:28,603] Trial 12 finished with value: 3.536787986755371 and parameters: {'gradient_clip_val': 0.18593461498390368, 'hidden_size': 10, 'dropout': 0.43979997160945855, 'hidden_continuous_size': 6, 'attention_head_size': 1, 'learning_rate': 0.0017325798236958326}. Best is trial 0 with value: 0.09204253554344177.
[I 2023-12-26 17:47:31,299] Trial 13 finished with value: 4.10299825668335 and parameters: {'gradient_clip_val': 0.27764507217144974, 'hidden_size': 20, 'dropout': 0.3347821356502097, 'hidden_continuous_size': 8, 'attention_head_size': 2, 'learning_rate': 0.005414736268148239}. Best is trial 0 with value: 0.09204253554344177.
[I 2023-12-26 17:47:35,205] Trial 14 finished with value: 3.607964515686035 and parameters: {'gradient_clip_val': 0.5175749276151417, 'hidden_size': 36, 'dropout': 0.44471561744962107, 'hidden_continuous_size': 7, 'attention_head_size': 3, 'learning_rate': 0.0005273350174562604}. Best is trial 0 with value: 0.09204253554344177.
[I 2023-12-26 17:47:37,650] Trial 15 finished with value: 2.9934444427490234 and parameters: {'gradient_clip_val': 0.16422419635721727, 'hidden_size': 10, 'dropout': 0.3880985823627876, 'hidden_continuous_size': 5, 'attention_head_size': 1, 'learning_rate': 0.0015643113298624237}. Best is trial 0 with value: 0.09204253554344177.
[I 2023-12-26 17:47:42,025] Trial 16 finished with value: 2.569206714630127 and parameters: {'gradient_clip_val': 0.10074483531872226, 'hidden_size': 47, 'dropout': 0.29052613577711006, 'hidden_continuous_size': 9, 'attention_head_size': 2, 'learning_rate': 0.006740610390550058}. Best is trial 0 with value: 0.09204253554344177.
[I 2023-12-26 17:47:46,799] Trial 17 finished with value: 4.087819576263428 and parameters: {'gradient_clip_val': 0.10449789232010834, 'hidden_size': 55, 'dropout': 0.2739539061367922, 'hidden_continuous_size': 14, 'attention_head_size': 1, 'learning_rate': 0.0088036057519131}. Best is trial 0 with value: 0.09204253554344177.
[I 2023-12-26 17:47:50,942] Trial 18 finished with value: 3.5282695293426514 and parameters: {'gradient_clip_val': 0.13909965011131942, 'hidden_size': 46, 'dropout': 0.26310166739816165, 'hidden_continuous_size': 9, 'attention_head_size': 2, 'learning_rate': 0.09178916170528668}. Best is trial 0 with value: 0.09204253554344177.
[I 2023-12-26 17:47:58,054] Trial 19 finished with value: 3.3174307346343994 and parameters: {'gradient_clip_val': 0.1310058806519159, 'hidden_size': 82, 'dropout': 0.3423062016723952, 'hidden_continuous_size': 14, 'attention_head_size': 3, 'learning_rate': 0.00567404391999202}. Best is trial 0 with value: 0.09204253554344177.
[I 2023-12-26 17:48:01,050] Trial 20 finished with value: 2.4955875873565674 and parameters: {'gradient_clip_val': 0.178886505524771, 'hidden_size': 25, 'dropout': 0.23990431777068857, 'hidden_continuous_size': 9, 'attention_head_size': 1, 'learning_rate': 0.003253263115565105}. Best is trial 0 with value: 0.09204253554344177.
[I 2023-12-26 17:48:03,769] Trial 21 finished with value: 3.168452262878418 and parameters: {'gradient_clip_val': 0.18857676801735265, 'hidden_size': 24, 'dropout': 0.24672404151553082, 'hidden_continuous_size': 9, 'attention_head_size': 1, 'learning_rate': 0.003568158279829962}. Best is trial 0 with value: 0.09204253554344177.
[I 2023-12-26 17:48:07,305] Trial 22 finished with value: 3.433065176010132 and parameters: {'gradient_clip_val': 0.10204804544245004, 'hidden_size': 36, 'dropout': 0.3015543000590526, 'hidden_continuous_size': 9, 'attention_head_size': 1, 'learning_rate': 0.0064918196459934335}. Best is trial 0 with value: 0.09204253554344177.
[I 2023-12-26 17:48:10,163] Trial 23 finished with value: 3.635775566101074 and parameters: {'gradient_clip_val': 0.13441398808981952, 'hidden_size': 23, 'dropout': 0.23260857550875966, 'hidden_continuous_size': 8, 'attention_head_size': 2, 'learning_rate': 0.0023566476327965364}. Best is trial 0 with value: 0.09204253554344177.
[I 2023-12-26 17:48:15,739] Trial 24 finished with value: 4.139629364013672 and parameters: {'gradient_clip_val': 0.1692547231750325, 'hidden_size': 66, 'dropout': 0.3148612854324856, 'hidden_continuous_size': 13, 'attention_head_size': 1, 'learning_rate': 0.004449150181436363}. Best is trial 0 with value: 0.09204253554344177.
[I 2023-12-26 17:48:19,878] Trial 25 finished with value: 3.1149673461914062 and parameters: {'gradient_clip_val': 0.12078935484155634, 'hidden_size': 39, 'dropout': 0.35776775012803474, 'hidden_continuous_size': 12, 'attention_head_size': 2, 'learning_rate': 0.008818396850087649}. Best is trial 0 with value: 0.09204253554344177.
[I 2023-12-26 17:48:22,960] Trial 26 finished with value: 3.888277053833008 and parameters: {'gradient_clip_val': 0.22035665569283908, 'hidden_size': 26, 'dropout': 0.3033812914092159, 'hidden_continuous_size': 10, 'attention_head_size': 1, 'learning_rate': 0.0024063073278902877}. Best is trial 0 with value: 0.09204253554344177.
[I 2023-12-26 17:48:26,067] Trial 27 finished with value: 3.1792685985565186 and parameters: {'gradient_clip_val': 0.15272522535548777, 'hidden_size': 32, 'dropout': 0.27416402265404116, 'hidden_continuous_size': 8, 'attention_head_size': 1, 'learning_rate': 0.00531621681611645}. Best is trial 0 with value: 0.09204253554344177.
[I 2023-12-26 17:48:30,249] Trial 28 finished with value: 3.868170976638794 and parameters: {'gradient_clip_val': 0.11910476901851207, 'hidden_size': 45, 'dropout': 0.3695338084168187, 'hidden_continuous_size': 16, 'attention_head_size': 2, 'learning_rate': 0.007096257283113048}. Best is trial 0 with value: 0.09204253554344177.
[I 2023-12-26 17:48:33,595] Trial 29 finished with value: 4.844548225402832 and parameters: {'gradient_clip_val': 0.14561869547008363, 'hidden_size': 30, 'dropout': 0.37675700216460084, 'hidden_continuous_size': 11, 'attention_head_size': 4, 'learning_rate': 0.001330427157279696}. Best is trial 0 with value: 0.09204253554344177.
[I 2023-12-26 17:48:39,556] Trial 30 finished with value: 3.056626558303833 and parameters: {'gradient_clip_val': 0.18231975825045663, 'hidden_size': 70, 'dropout': 0.3210628960920955, 'hidden_continuous_size': 12, 'attention_head_size': 3, 'learning_rate': 0.0010609018663665535}. Best is trial 0 with value: 0.09204253554344177.
[I 2023-12-26 17:48:42,146] Trial 31 finished with value: 2.5810811519622803 and parameters: {'gradient_clip_val': 0.47216427687915097, 'hidden_size': 17, 'dropout': 0.3974715899485632, 'hidden_continuous_size': 8, 'attention_head_size': 2, 'learning_rate': 0.0007538631359155421}. Best is trial 0 with value: 0.09204253554344177.
[I 2023-12-26 17:48:44,795] Trial 32 finished with value: 2.483067274093628 and parameters: {'gradient_clip_val': 0.1037365955521197, 'hidden_size': 20, 'dropout': 0.3912217202269203, 'hidden_continuous_size': 9, 'attention_head_size': 2, 'learning_rate': 0.001023632405623323}. Best is trial 0 with value: 0.09204253554344177.
[I 2023-12-26 17:48:47,804] Trial 33 finished with value: 4.331689357757568 and parameters: {'gradient_clip_val': 0.10219675623085182, 'hidden_size': 23, 'dropout': 0.4590547109441058, 'hidden_continuous_size': 10, 'attention_head_size': 2, 'learning_rate': 0.002429212829063139}. Best is trial 0 with value: 0.09204253554344177.
[I 2023-12-26 17:48:51,017] Trial 34 finished with value: 3.584270477294922 and parameters: {'gradient_clip_val': 0.1180768696190373, 'hidden_size': 28, 'dropout': 0.46900541415251984, 'hidden_continuous_size': 10, 'attention_head_size': 3, 'learning_rate': 0.0011124659888714723}. Best is trial 0 with value: 0.09204253554344177.
[I 2023-12-26 17:48:53,833] Trial 35 finished with value: 2.9727890491485596 and parameters: {'gradient_clip_val': 0.10046409935373544, 'hidden_size': 21, 'dropout': 0.3579497559242488, 'hidden_continuous_size': 9, 'attention_head_size': 2, 'learning_rate': 0.001880872604640568}. Best is trial 0 with value: 0.09204253554344177.
[I 2023-12-26 17:48:56,211] Trial 36 finished with value: 3.7188494205474854 and parameters: {'gradient_clip_val': 0.11954543802643242, 'hidden_size': 16, 'dropout': 0.4183724231087653, 'hidden_continuous_size': 9, 'attention_head_size': 1, 'learning_rate': 0.010445989205902211}. Best is trial 0 with value: 0.09204253554344177.
[I 2023-12-26 17:48:59,793] Trial 37 finished with value: 3.1550185680389404 and parameters: {'gradient_clip_val': 0.13833596313514163, 'hidden_size': 28, 'dropout': 0.40832568639807837, 'hidden_continuous_size': 7, 'attention_head_size': 2, 'learning_rate': 0.004109152086996939}. Best is trial 0 with value: 0.09204253554344177.
[I 2023-12-26 17:49:02,477] Trial 38 finished with value: 2.563988447189331 and parameters: {'gradient_clip_val': 0.11400907613231777, 'hidden_size': 19, 'dropout': 0.38651101135545535, 'hidden_continuous_size': 8, 'attention_head_size': 2, 'learning_rate': 0.0027286141913391545}. Best is trial 0 with value: 0.09204253554344177.
[I 2023-12-26 17:49:05,235] Trial 39 finished with value: 4.1960673332214355 and parameters: {'gradient_clip_val': 0.2115389700748324, 'hidden_size': 20, 'dropout': 0.3861757359253061, 'hidden_continuous_size': 8, 'attention_head_size': 4, 'learning_rate': 0.0029810839497474454}. Best is trial 0 with value: 0.09204253554344177.
[I 2023-12-26 17:49:07,733] Trial 40 finished with value: 2.5810654163360596 and parameters: {'gradient_clip_val': 0.16045003689555318, 'hidden_size': 14, 'dropout': 0.4105877640484989, 'hidden_continuous_size': 8, 'attention_head_size': 1, 'learning_rate': 0.0013184860815055334}. Best is trial 0 with value: 0.09204253554344177.
[I 2023-12-26 17:49:10,862] Trial 41 finished with value: 4.328070163726807 and parameters: {'gradient_clip_val': 0.11220384770638236, 'hidden_size': 27, 'dropout': 0.4285921077126815, 'hidden_continuous_size': 11, 'attention_head_size': 2, 'learning_rate': 0.004394322425507674}. Best is trial 0 with value: 0.09204253554344177.
[I 2023-12-26 17:49:13,528] Trial 42 finished with value: 2.406471014022827 and parameters: {'gradient_clip_val': 0.1288236062055628, 'hidden_size': 18, 'dropout': 0.3606720624668916, 'hidden_continuous_size': 10, 'attention_head_size': 2, 'learning_rate': 0.0027178488365786255}. Best is trial 0 with value: 0.09204253554344177.
[I 2023-12-26 17:49:16,147] Trial 43 finished with value: 3.516747236251831 and parameters: {'gradient_clip_val': 0.1291425773831318, 'hidden_size': 18, 'dropout': 0.3907388497886505, 'hidden_continuous_size': 10, 'attention_head_size': 2, 'learning_rate': 0.0026877555179989922}. Best is trial 0 with value: 0.09204253554344177.
[I 2023-12-26 17:49:18,659] Trial 44 finished with value: 4.691421031951904 and parameters: {'gradient_clip_val': 0.14682084598366346, 'hidden_size': 16, 'dropout': 0.3613909356415582, 'hidden_continuous_size': 10, 'attention_head_size': 3, 'learning_rate': 0.0021814271913970407}. Best is trial 0 with value: 0.09204253554344177.
[I 2023-12-26 17:49:21,166] Trial 45 finished with value: 2.454361915588379 and parameters: {'gradient_clip_val': 0.12967995679842353, 'hidden_size': 12, 'dropout': 0.42289000416415956, 'hidden_continuous_size': 9, 'attention_head_size': 2, 'learning_rate': 0.0030682212097939703}. Best is trial 0 with value: 0.09204253554344177.
[I 2023-12-26 17:49:23,584] Trial 46 finished with value: 2.824340581893921 and parameters: {'gradient_clip_val': 0.13331523525110184, 'hidden_size': 12, 'dropout': 0.42985707443072324, 'hidden_continuous_size': 9, 'attention_head_size': 1, 'learning_rate': 0.0020904003549560043}. Best is trial 0 with value: 0.09204253554344177.
[I 2023-12-26 17:49:26,095] Trial 47 finished with value: 3.243551015853882 and parameters: {'gradient_clip_val': 0.25162680057204934, 'hidden_size': 13, 'dropout': 0.46546427650548394, 'hidden_continuous_size': 9, 'attention_head_size': 2, 'learning_rate': 0.003240637394679608}. Best is trial 0 with value: 0.09204253554344177.
[I 2023-12-26 17:49:28,455] Trial 48 finished with value: 2.9995479583740234 and parameters: {'gradient_clip_val': 0.16624352031548642, 'hidden_size': 9, 'dropout': 0.4805413905058787, 'hidden_continuous_size': 5, 'attention_head_size': 1, 'learning_rate': 0.0018277842078210657}. Best is trial 0 with value: 0.09204253554344177.
[I 2023-12-26 17:49:31,264] Trial 49 finished with value: 2.3452489376068115 and parameters: {'gradient_clip_val': 0.11205978750317434, 'hidden_size': 16, 'dropout': 0.4114187025311348, 'hidden_continuous_size': 10, 'attention_head_size': 3, 'learning_rate': 0.0014931102206758194}. Best is trial 0 with value: 0.09204253554344177.
[I 2023-12-26 17:49:31,457] A new study created in memory with name: no-name-73f6e104-8e4e-41d6-8f9a-844516d9a386
/home/le004/conda/anaconda3/envs/tsff_env/lib/python3.9/site-packages/lightning/fabric/plugins/environments/slurm.py:191: The `srun` command is available on your system but is not used. HINT: If your intention is to run Lightning on SLURM, prepend your python command with `srun` like so: srun python /home/le004/master_thesis/git/TSFusionForecast/code/ ...
[I 2023-12-26 17:55:28,969] Trial 0 finished with value: 22.17780876159668 and parameters: {'gradient_clip_val': 0.24641053456716197, 'hidden_size': 63, 'dropout': 0.23090165999768303, 'hidden_continuous_size': 57, 'attention_head_size': 1, 'learning_rate': 0.0015974403988209204}. Best is trial 0 with value: 22.17780876159668.
[I 2023-12-26 17:55:31,454] Trial 1 finished with value: 175.4720458984375 and parameters: {'gradient_clip_val': 0.2666039368807201, 'hidden_size': 34, 'dropout': 0.4003701531858992, 'hidden_continuous_size': 5, 'attention_head_size': 2, 'learning_rate': 0.016255336180977627}. Best is trial 0 with value: 22.17780876159668.
[I 2023-12-26 17:55:33,270] Trial 2 finished with value: 131.82518005371094 and parameters: {'gradient_clip_val': 0.5508621673136086, 'hidden_size': 7, 'dropout': 0.14951578251897302, 'hidden_continuous_size': 7, 'attention_head_size': 4, 'learning_rate': 0.07353760910566534}. Best is trial 0 with value: 22.17780876159668.
[I 2023-12-26 17:55:35,939] Trial 3 finished with value: 138.14622497558594 and parameters: {'gradient_clip_val': 0.23250184655507072, 'hidden_size': 36, 'dropout': 0.4159599893543321, 'hidden_continuous_size': 8, 'attention_head_size': 1, 'learning_rate': 0.05677762499394326}. Best is trial 0 with value: 22.17780876159668.
[I 2023-12-26 17:55:37,856] Trial 4 finished with value: 209.08203125 and parameters: {'gradient_clip_val': 0.9185274578624341, 'hidden_size': 16, 'dropout': 0.23057919278337327, 'hidden_continuous_size': 9, 'attention_head_size': 3, 'learning_rate': 0.002423986423507724}. Best is trial 0 with value: 22.17780876159668.
[I 2023-12-26 17:55:39,990] Trial 5 finished with value: 130.6496124267578 and parameters: {'gradient_clip_val': 0.7156438039422297, 'hidden_size': 19, 'dropout': 0.10938049336137481, 'hidden_continuous_size': 6, 'attention_head_size': 3, 'learning_rate': 0.014798892115016421}. Best is trial 0 with value: 22.17780876159668.
[I 2023-12-26 17:55:42,112] Trial 6 finished with value: 208.81365966796875 and parameters: {'gradient_clip_val': 0.9016426177616463, 'hidden_size': 15, 'dropout': 0.2105892731296906, 'hidden_continuous_size': 7, 'attention_head_size': 2, 'learning_rate': 0.07621453617877146}. Best is trial 0 with value: 22.17780876159668.
[I 2023-12-26 17:55:44,602] Trial 7 finished with value: 180.0753631591797 and parameters: {'gradient_clip_val': 0.3619174169878557, 'hidden_size': 30, 'dropout': 0.26056149299075215, 'hidden_continuous_size': 7, 'attention_head_size': 3, 'learning_rate': 0.0020247617251181343}. Best is trial 0 with value: 22.17780876159668.
[I 2023-12-26 17:55:46,709] Trial 8 finished with value: 163.25328063964844 and parameters: {'gradient_clip_val': 0.6761750836587258, 'hidden_size': 14, 'dropout': 0.2240680398559267, 'hidden_continuous_size': 13, 'attention_head_size': 2, 'learning_rate': 0.0702941434212691}. Best is trial 0 with value: 22.17780876159668.
[I 2023-12-26 17:55:48,996] Trial 9 finished with value: 152.91929626464844 and parameters: {'gradient_clip_val': 0.35193353349257217, 'hidden_size': 23, 'dropout': 0.15815870446745142, 'hidden_continuous_size': 9, 'attention_head_size': 3, 'learning_rate': 0.044988532075704885}. Best is trial 0 with value: 22.17780876159668.
[I 2023-12-26 17:55:55,458] Trial 10 finished with value: 142.00672912597656 and parameters: {'gradient_clip_val': 0.12089473960771281, 'hidden_size': 100, 'dropout': 0.3043028572864343, 'hidden_continuous_size': 66, 'attention_head_size': 1, 'learning_rate': 0.0006375561058861155}. Best is trial 0 with value: 22.17780876159668.
[I 2023-12-26 17:55:59,800] Trial 11 finished with value: 124.6915054321289 and parameters: {'gradient_clip_val': 0.5072323281420132, 'hidden_size': 71, 'dropout': 0.1078348688206869, 'hidden_continuous_size': 25, 'attention_head_size': 4, 'learning_rate': 0.008197828449292566}. Best is trial 0 with value: 22.17780876159668.
[I 2023-12-26 17:56:04,055] Trial 12 finished with value: 155.95469665527344 and parameters: {'gradient_clip_val': 0.41750358881359634, 'hidden_size': 70, 'dropout': 0.11252341013663235, 'hidden_continuous_size': 38, 'attention_head_size': 4, 'learning_rate': 0.004873242009675216}. Best is trial 0 with value: 22.17780876159668.
[I 2023-12-26 17:56:14,104] Trial 13 finished with value: 183.54808044433594 and parameters: {'gradient_clip_val': 0.2028351747828883, 'hidden_size': 145, 'dropout': 0.314795996553937, 'hidden_continuous_size': 126, 'attention_head_size': 1, 'learning_rate': 0.0005527376447660544}. Best is trial 0 with value: 22.17780876159668.
[I 2023-12-26 17:56:18,004] Trial 14 finished with value: 174.90557861328125 and parameters: {'gradient_clip_val': 0.4774225122610598, 'hidden_size': 59, 'dropout': 0.1746859818683891, 'hidden_continuous_size': 22, 'attention_head_size': 4, 'learning_rate': 0.005621088267141946}. Best is trial 0 with value: 22.17780876159668.
[I 2023-12-26 17:56:21,522] Trial 15 finished with value: 193.4884796142578 and parameters: {'gradient_clip_val': 0.3160776710595012, 'hidden_size': 58, 'dropout': 0.10023974648399245, 'hidden_continuous_size': 22, 'attention_head_size': 2, 'learning_rate': 0.0019198880298742556}. Best is trial 0 with value: 22.17780876159668.
[I 2023-12-26 17:56:27,170] Trial 16 finished with value: 179.83721923828125 and parameters: {'gradient_clip_val': 0.17855393306055356, 'hidden_size': 89, 'dropout': 0.3523094201153566, 'hidden_continuous_size': 33, 'attention_head_size': 4, 'learning_rate': 0.012242672560889437}. Best is trial 0 with value: 22.17780876159668.
[I 2023-12-26 17:56:30,235] Trial 17 finished with value: 216.837890625 and parameters: {'gradient_clip_val': 0.509150940677003, 'hidden_size': 47, 'dropout': 0.4799482075039819, 'hidden_continuous_size': 15, 'attention_head_size': 1, 'learning_rate': 0.0012602314223512051}. Best is trial 0 with value: 22.17780876159668.
[I 2023-12-26 17:56:38,520] Trial 18 finished with value: 211.534423828125 and parameters: {'gradient_clip_val': 0.2829850656550554, 'hidden_size': 136, 'dropout': 0.26334532134486727, 'hidden_continuous_size': 45, 'attention_head_size': 3, 'learning_rate': 0.004099164354943788}. Best is trial 0 with value: 22.17780876159668.
[I 2023-12-26 17:56:41,518] Trial 19 finished with value: 214.42369079589844 and parameters: {'gradient_clip_val': 0.4183241594873375, 'hidden_size': 46, 'dropout': 0.1798859367152103, 'hidden_continuous_size': 20, 'attention_head_size': 2, 'learning_rate': 0.009120025381368182}. Best is trial 0 with value: 22.17780876159668.
[I 2023-12-26 17:56:46,666] Trial 20 finished with value: 173.07916259765625 and parameters: {'gradient_clip_val': 0.1623338453942985, 'hidden_size': 84, 'dropout': 0.1420218749207388, 'hidden_continuous_size': 28, 'attention_head_size': 4, 'learning_rate': 0.024863097682456817}. Best is trial 0 with value: 22.17780876159668.
[I 2023-12-26 17:56:49,048] Trial 21 finished with value: 160.86570739746094 and parameters: {'gradient_clip_val': 0.7036288908501706, 'hidden_size': 25, 'dropout': 0.10359059236319841, 'hidden_continuous_size': 12, 'attention_head_size': 3, 'learning_rate': 0.007450184993605547}. Best is trial 0 with value: 22.17780876159668.
[I 2023-12-26 17:56:52,121] Trial 22 finished with value: 129.51580810546875 and parameters: {'gradient_clip_val': 0.606431710630084, 'hidden_size': 47, 'dropout': 0.1944752341136698, 'hidden_continuous_size': 15, 'attention_head_size': 3, 'learning_rate': 0.021116151701428564}. Best is trial 0 with value: 22.17780876159668.
[I 2023-12-26 17:56:55,108] Trial 23 finished with value: 141.3309783935547 and parameters: {'gradient_clip_val': 0.5913260279497182, 'hidden_size': 46, 'dropout': 0.1941761454839221, 'hidden_continuous_size': 16, 'attention_head_size': 4, 'learning_rate': 0.023870619166706682}. Best is trial 0 with value: 22.17780876159668.
[I 2023-12-26 17:57:01,814] Trial 24 finished with value: 143.03587341308594 and parameters: {'gradient_clip_val': 0.4450693711752124, 'hidden_size': 106, 'dropout': 0.19307249142154945, 'hidden_continuous_size': 56, 'attention_head_size': 3, 'learning_rate': 0.003357179787879135}. Best is trial 0 with value: 22.17780876159668.
[I 2023-12-26 17:57:06,106] Trial 25 finished with value: 152.8411865234375 and parameters: {'gradient_clip_val': 0.3643582229660515, 'hidden_size': 71, 'dropout': 0.14146013096913077, 'hidden_continuous_size': 26, 'attention_head_size': 2, 'learning_rate': 0.00777912108380904}. Best is trial 0 with value: 22.17780876159668.
[I 2023-12-26 17:57:10,226] Trial 26 finished with value: 154.6097412109375 and parameters: {'gradient_clip_val': 0.6038871858663897, 'hidden_size': 62, 'dropout': 0.2284888030095787, 'hidden_continuous_size': 18, 'attention_head_size': 4, 'learning_rate': 0.010293564475250998}. Best is trial 0 with value: 22.17780876159668.
