[I 2023-12-26 17:25:06,387] Trial 43 finished with value: 3.822746992111206 and parameters: {'gradient_clip_val': 0.9870671142015323, 'hidden_size': 85, 'dropout': 0.31664659457662103, 'hidden_continuous_size': 8, 'attention_head_size': 1, 'learning_rate': 0.05999207539938624}. Best is trial 0 with value: 0.11160250753164291.
[I 2023-12-26 17:25:15,081] Trial 44 finished with value: 3.0630738735198975 and parameters: {'gradient_clip_val': 0.31839942826596773, 'hidden_size': 126, 'dropout': 0.18134442808694357, 'hidden_continuous_size': 12, 'attention_head_size': 2, 'learning_rate': 0.09684985397983242}. Best is trial 0 with value: 0.11160250753164291.
[I 2023-12-26 17:25:23,339] Trial 45 finished with value: 3.8055334091186523 and parameters: {'gradient_clip_val': 0.6851426978101227, 'hidden_size': 99, 'dropout': 0.3382379576143033, 'hidden_continuous_size': 11, 'attention_head_size': 2, 'learning_rate': 0.03467752251644953}. Best is trial 0 with value: 0.11160250753164291.
[I 2023-12-26 17:25:25,717] Trial 46 finished with value: 3.6674320697784424 and parameters: {'gradient_clip_val': 0.8945358918704532, 'hidden_size': 20, 'dropout': 0.30312510510256324, 'hidden_continuous_size': 13, 'attention_head_size': 2, 'learning_rate': 0.02442988143128217}. Best is trial 0 with value: 0.11160250753164291.
[I 2023-12-26 17:25:30,981] Trial 47 finished with value: 3.407076120376587 and parameters: {'gradient_clip_val': 0.7750185056108612, 'hidden_size': 59, 'dropout': 0.4753439969801163, 'hidden_continuous_size': 6, 'attention_head_size': 1, 'learning_rate': 0.04568388988666003}. Best is trial 0 with value: 0.11160250753164291.
[I 2023-12-26 17:25:33,564] Trial 48 finished with value: 3.7381999492645264 and parameters: {'gradient_clip_val': 0.5601789433611055, 'hidden_size': 13, 'dropout': 0.3910442332896975, 'hidden_continuous_size': 9, 'attention_head_size': 3, 'learning_rate': 0.018877170469852957}. Best is trial 0 with value: 0.11160250753164291.
[I 2023-12-26 17:25:37,122] Trial 49 finished with value: 2.854199171066284 and parameters: {'gradient_clip_val': 0.4690703567244715, 'hidden_size': 35, 'dropout': 0.4397301679333885, 'hidden_continuous_size': 17, 'attention_head_size': 4, 'learning_rate': 0.06991038519230897}. Best is trial 0 with value: 0.11160250753164291.
[I 2023-12-26 17:25:37,274] A new study created in memory with name: no-name-fa683827-0b08-4d29-9981-329fcaa8b1ff
/home/le004/conda/anaconda3/envs/tsff_env/lib/python3.9/site-packages/lightning/fabric/plugins/environments/slurm.py:191: The `srun` command is available on your system but is not used. HINT: If your intention is to run Lightning on SLURM, prepend your python command with `srun` like so: srun python /home/le004/master_thesis/git/TSFusionForecast/code/ ...
[I 2023-12-26 17:30:30,217] Trial 0 finished with value: 0.5206626653671265 and parameters: {'gradient_clip_val': 0.9486063247892697, 'hidden_size': 53, 'dropout': 0.4273949722167498, 'hidden_continuous_size': 51, 'attention_head_size': 4, 'learning_rate': 0.012287550553537028}. Best is trial 0 with value: 0.5206626653671265.
[I 2023-12-26 17:30:33,894] Trial 1 finished with value: 3.0661561489105225 and parameters: {'gradient_clip_val': 0.7093081072348099, 'hidden_size': 41, 'dropout': 0.1873066825309327, 'hidden_continuous_size': 9, 'attention_head_size': 1, 'learning_rate': 0.02089358789750658}. Best is trial 0 with value: 0.5206626653671265.
[I 2023-12-26 17:30:41,563] Trial 2 finished with value: 2.8286960124969482 and parameters: {'gradient_clip_val': 0.3502744766186259, 'hidden_size': 92, 'dropout': 0.40019416181337863, 'hidden_continuous_size': 37, 'attention_head_size': 1, 'learning_rate': 0.007029948489212982}. Best is trial 0 with value: 0.5206626653671265.
[I 2023-12-26 17:30:44,126] Trial 3 finished with value: 3.905200958251953 and parameters: {'gradient_clip_val': 0.2918680676189052, 'hidden_size': 7, 'dropout': 0.4710524515706259, 'hidden_continuous_size': 6, 'attention_head_size': 4, 'learning_rate': 0.000575946017874657}. Best is trial 0 with value: 0.5206626653671265.
[I 2023-12-26 17:30:46,171] Trial 4 finished with value: 1.730916976928711 and parameters: {'gradient_clip_val': 0.1693283958410674, 'hidden_size': 6, 'dropout': 0.3498829580316888, 'hidden_continuous_size': 6, 'attention_head_size': 4, 'learning_rate': 0.0006799764439198855}. Best is trial 0 with value: 0.5206626653671265.
[I 2023-12-26 17:30:48,566] Trial 5 finished with value: 3.409097909927368 and parameters: {'gradient_clip_val': 0.32017781927931654, 'hidden_size': 11, 'dropout': 0.47121903347013283, 'hidden_continuous_size': 9, 'attention_head_size': 4, 'learning_rate': 0.009880198482780827}. Best is trial 0 with value: 0.5206626653671265.
[I 2023-12-26 17:30:50,713] Trial 6 finished with value: 3.8211257457733154 and parameters: {'gradient_clip_val': 0.25133998419117404, 'hidden_size': 6, 'dropout': 0.1950412974509114, 'hidden_continuous_size': 5, 'attention_head_size': 2, 'learning_rate': 0.021879045213294143}. Best is trial 0 with value: 0.5206626653671265.
[I 2023-12-26 17:30:53,119] Trial 7 finished with value: 3.554891586303711 and parameters: {'gradient_clip_val': 0.2374729933683025, 'hidden_size': 14, 'dropout': 0.13214902295196196, 'hidden_continuous_size': 6, 'attention_head_size': 1, 'learning_rate': 0.01303512335494526}. Best is trial 0 with value: 0.5206626653671265.
[I 2023-12-26 17:30:55,922] Trial 8 finished with value: 2.9560630321502686 and parameters: {'gradient_clip_val': 0.11989952231609972, 'hidden_size': 25, 'dropout': 0.3886138542491532, 'hidden_continuous_size': 24, 'attention_head_size': 1, 'learning_rate': 0.0025066198667635904}. Best is trial 0 with value: 0.5206626653671265.
[I 2023-12-26 17:30:57,972] Trial 9 finished with value: 3.2709739208221436 and parameters: {'gradient_clip_val': 0.18292539824148488, 'hidden_size': 6, 'dropout': 0.13285503041141467, 'hidden_continuous_size': 6, 'attention_head_size': 2, 'learning_rate': 0.014354979588715958}. Best is trial 0 with value: 0.5206626653671265.
[I 2023-12-26 17:31:10,839] Trial 10 finished with value: 3.4360721111297607 and parameters: {'gradient_clip_val': 0.991765919903913, 'hidden_size': 147, 'dropout': 0.29490771255326115, 'hidden_continuous_size': 125, 'attention_head_size': 3, 'learning_rate': 0.06283567939077363}. Best is trial 0 with value: 0.5206626653671265.
[I 2023-12-26 17:31:14,456] Trial 11 finished with value: 2.739398956298828 and parameters: {'gradient_clip_val': 0.5063424430387818, 'hidden_size': 40, 'dropout': 0.3229046327104993, 'hidden_continuous_size': 14, 'attention_head_size': 4, 'learning_rate': 0.0005059414229783128}. Best is trial 0 with value: 0.5206626653671265.
[I 2023-12-26 17:31:16,750] Trial 12 finished with value: 3.1836397647857666 and parameters: {'gradient_clip_val': 0.46114144970490195, 'hidden_size': 16, 'dropout': 0.3908544328236483, 'hidden_continuous_size': 5, 'attention_head_size': 3, 'learning_rate': 0.00229884766338361}. Best is trial 0 with value: 0.5206626653671265.
[I 2023-12-26 17:31:21,786] Trial 13 finished with value: 3.5542304515838623 and parameters: {'gradient_clip_val': 0.1622571997145994, 'hidden_size': 58, 'dropout': 0.4942000791667648, 'hidden_continuous_size': 19, 'attention_head_size': 3, 'learning_rate': 0.0037335652456048497}. Best is trial 0 with value: 0.5206626653671265.
[I 2023-12-26 17:31:24,478] Trial 14 finished with value: 3.6518142223358154 and parameters: {'gradient_clip_val': 0.9907613001934565, 'hidden_size': 24, 'dropout': 0.3214119612179139, 'hidden_continuous_size': 8, 'attention_head_size': 4, 'learning_rate': 0.0010600270045981381}. Best is trial 0 with value: 0.5206626653671265.
[I 2023-12-26 17:31:26,789] Trial 15 finished with value: 2.9767656326293945 and parameters: {'gradient_clip_val': 0.13292716177416672, 'hidden_size': 5, 'dropout': 0.42551526943989926, 'hidden_continuous_size': 5, 'attention_head_size': 3, 'learning_rate': 0.0012113880585863479}. Best is trial 0 with value: 0.5206626653671265.
[I 2023-12-26 17:31:29,191] Trial 16 finished with value: 2.6623342037200928 and parameters: {'gradient_clip_val': 0.1122002985814237, 'hidden_size': 10, 'dropout': 0.35284998036911763, 'hidden_continuous_size': 6, 'attention_head_size': 4, 'learning_rate': 0.005170168818087179}. Best is trial 0 with value: 0.5206626653671265.
[I 2023-12-26 17:31:31,789] Trial 17 finished with value: 3.235128402709961 and parameters: {'gradient_clip_val': 0.18426581925617228, 'hidden_size': 19, 'dropout': 0.2678392847775861, 'hidden_continuous_size': 7, 'attention_head_size': 4, 'learning_rate': 0.005147551465286669}. Best is trial 0 with value: 0.5206626653671265.
[I 2023-12-26 17:31:34,106] Trial 18 finished with value: 2.7785375118255615 and parameters: {'gradient_clip_val': 0.4155474666768968, 'hidden_size': 9, 'dropout': 0.43413253962325865, 'hidden_continuous_size': 5, 'attention_head_size': 2, 'learning_rate': 0.0015848713330935537}. Best is trial 0 with value: 0.5206626653671265.
[I 2023-12-26 17:31:37,990] Trial 19 finished with value: 2.729400634765625 and parameters: {'gradient_clip_val': 0.6203464532387375, 'hidden_size': 44, 'dropout': 0.3671944755878492, 'hidden_continuous_size': 12, 'attention_head_size': 3, 'learning_rate': 0.003043165837465641}. Best is trial 0 with value: 0.5206626653671265.
[I 2023-12-26 17:31:41,244] Trial 20 finished with value: 2.853379487991333 and parameters: {'gradient_clip_val': 0.10357271872808355, 'hidden_size': 31, 'dropout': 0.3528880304744817, 'hidden_continuous_size': 10, 'attention_head_size': 4, 'learning_rate': 0.0010452289706109892}. Best is trial 0 with value: 0.5206626653671265.
[I 2023-12-26 17:31:43,622] Trial 21 finished with value: 3.3256723880767822 and parameters: {'gradient_clip_val': 0.10188592739677649, 'hidden_size': 9, 'dropout': 0.4299521561485593, 'hidden_continuous_size': 6, 'attention_head_size': 4, 'learning_rate': 0.005475136918225034}. Best is trial 0 with value: 0.5206626653671265.
[I 2023-12-26 17:31:45,682] Trial 22 finished with value: 3.1804189682006836 and parameters: {'gradient_clip_val': 0.1455544631929477, 'hidden_size': 5, 'dropout': 0.3595698617899673, 'hidden_continuous_size': 5, 'attention_head_size': 4, 'learning_rate': 0.004344022796016791}. Best is trial 0 with value: 0.5206626653671265.
[I 2023-12-26 17:31:48,134] Trial 23 finished with value: 2.241624593734741 and parameters: {'gradient_clip_val': 0.19221615914295334, 'hidden_size': 13, 'dropout': 0.3346604277272088, 'hidden_continuous_size': 7, 'attention_head_size': 3, 'learning_rate': 0.008025705017201764}. Best is trial 0 with value: 0.5206626653671265.
[I 2023-12-26 17:31:50,530] Trial 24 finished with value: 4.586902141571045 and parameters: {'gradient_clip_val': 0.20870136156561803, 'hidden_size': 12, 'dropout': 0.2643947187649097, 'hidden_continuous_size': 7, 'attention_head_size': 3, 'learning_rate': 0.00682096310320061}. Best is trial 0 with value: 0.5206626653671265.
[I 2023-12-26 17:31:53,135] Trial 25 finished with value: 2.6299355030059814 and parameters: {'gradient_clip_val': 0.14953779522825483, 'hidden_size': 19, 'dropout': 0.32406816341717015, 'hidden_continuous_size': 7, 'attention_head_size': 3, 'learning_rate': 0.00924928263651274}. Best is trial 0 with value: 0.5206626653671265.
[I 2023-12-26 17:31:55,280] Trial 26 finished with value: 3.4638566970825195 and parameters: {'gradient_clip_val': 0.25118066926739935, 'hidden_size': 8, 'dropout': 0.4019882738694461, 'hidden_continuous_size': 5, 'attention_head_size': 2, 'learning_rate': 0.002092493940457156}. Best is trial 0 with value: 0.5206626653671265.
[I 2023-12-26 17:31:57,982] Trial 27 finished with value: 3.3301010131835938 and parameters: {'gradient_clip_val': 0.2050369665014322, 'hidden_size': 12, 'dropout': 0.4386379343502663, 'hidden_continuous_size': 7, 'attention_head_size': 3, 'learning_rate': 0.003406227600615435}. Best is trial 0 with value: 0.5206626653671265.
[I 2023-12-26 17:32:00,201] Trial 28 finished with value: 3.99898624420166 and parameters: {'gradient_clip_val': 0.16714509614201986, 'hidden_size': 8, 'dropout': 0.37470397724785, 'hidden_continuous_size': 6, 'attention_head_size': 4, 'learning_rate': 0.0007940312125005105}. Best is trial 0 with value: 0.5206626653671265.
[I 2023-12-26 17:32:02,815] Trial 29 finished with value: 3.1885440349578857 and parameters: {'gradient_clip_val': 0.7981098450745986, 'hidden_size': 15, 'dropout': 0.3380896702714435, 'hidden_continuous_size': 8, 'attention_head_size': 4, 'learning_rate': 0.022835641275172416}. Best is trial 0 with value: 0.5206626653671265.
[I 2023-12-26 17:32:05,002] Trial 30 finished with value: 4.091479778289795 and parameters: {'gradient_clip_val': 0.1297103138270175, 'hidden_size': 6, 'dropout': 0.2816642843847441, 'hidden_continuous_size': 5, 'attention_head_size': 3, 'learning_rate': 0.0016362615435980207}. Best is trial 0 with value: 0.5206626653671265.
[I 2023-12-26 17:32:07,618] Trial 31 finished with value: 3.3734772205352783 and parameters: {'gradient_clip_val': 0.14769919455923633, 'hidden_size': 20, 'dropout': 0.3055892510231991, 'hidden_continuous_size': 8, 'attention_head_size': 3, 'learning_rate': 0.008872488522554107}. Best is trial 0 with value: 0.5206626653671265.
[I 2023-12-26 17:32:10,260] Trial 32 finished with value: 2.9628732204437256 and parameters: {'gradient_clip_val': 0.37235593741456874, 'hidden_size': 19, 'dropout': 0.3348006818963194, 'hidden_continuous_size': 7, 'attention_head_size': 3, 'learning_rate': 0.008040575644826579}. Best is trial 0 with value: 0.5206626653671265.
[I 2023-12-26 17:32:12,680] Trial 33 finished with value: 3.254971504211426 and parameters: {'gradient_clip_val': 0.2902220650870749, 'hidden_size': 13, 'dropout': 0.24690309915505526, 'hidden_continuous_size': 7, 'attention_head_size': 2, 'learning_rate': 0.01350133405859295}. Best is trial 0 with value: 0.5206626653671265.
[I 2023-12-26 17:32:15,130] Trial 34 finished with value: 3.8647048473358154 and parameters: {'gradient_clip_val': 0.14046479762638606, 'hidden_size': 11, 'dropout': 0.3001304508717357, 'hidden_continuous_size': 6, 'attention_head_size': 4, 'learning_rate': 0.006300194511267497}. Best is trial 0 with value: 0.5206626653671265.
[I 2023-12-26 17:32:18,177] Trial 35 finished with value: 3.405043840408325 and parameters: {'gradient_clip_val': 0.30114276260143247, 'hidden_size': 32, 'dropout': 0.4097992080689965, 'hidden_continuous_size': 9, 'attention_head_size': 3, 'learning_rate': 0.010319702882894568}. Best is trial 0 with value: 0.5206626653671265.
[I 2023-12-26 17:32:20,588] Trial 36 finished with value: 2.366177558898926 and parameters: {'gradient_clip_val': 0.22302282711675805, 'hidden_size': 16, 'dropout': 0.3734363375518363, 'hidden_continuous_size': 10, 'attention_head_size': 4, 'learning_rate': 0.019322865891536103}. Best is trial 0 with value: 0.5206626653671265.
[I 2023-12-26 17:32:22,960] Trial 37 finished with value: 4.081972122192383 and parameters: {'gradient_clip_val': 0.22216782404000043, 'hidden_size': 16, 'dropout': 0.3786557887185828, 'hidden_continuous_size': 10, 'attention_head_size': 4, 'learning_rate': 0.030313361594060773}. Best is trial 0 with value: 0.5206626653671265.
[I 2023-12-26 17:32:25,394] Trial 38 finished with value: 3.2233822345733643 and parameters: {'gradient_clip_val': 0.25882430390362, 'hidden_size': 10, 'dropout': 0.4013365784127788, 'hidden_continuous_size': 6, 'attention_head_size': 4, 'learning_rate': 0.01728073819705086}. Best is trial 0 with value: 0.5206626653671265.
[I 2023-12-26 17:32:27,950] Trial 39 finished with value: 3.6298792362213135 and parameters: {'gradient_clip_val': 0.19577121999952496, 'hidden_size': 7, 'dropout': 0.45268911949968565, 'hidden_continuous_size': 5, 'attention_head_size': 4, 'learning_rate': 0.011902799315319554}. Best is trial 0 with value: 0.5206626653671265.
[I 2023-12-26 17:32:30,502] Trial 40 finished with value: 2.942098379135132 and parameters: {'gradient_clip_val': 0.17884159193432322, 'hidden_size': 14, 'dropout': 0.37988940115186376, 'hidden_continuous_size': 9, 'attention_head_size': 4, 'learning_rate': 0.0006885799184933613}. Best is trial 0 with value: 0.5206626653671265.
[I 2023-12-26 17:32:33,269] Trial 41 finished with value: 3.839061737060547 and parameters: {'gradient_clip_val': 0.2233800289195326, 'hidden_size': 22, 'dropout': 0.34079211904810036, 'hidden_continuous_size': 12, 'attention_head_size': 2, 'learning_rate': 0.008170848388882454}. Best is trial 0 with value: 0.5206626653671265.
[I 2023-12-26 17:32:35,765] Trial 42 finished with value: 3.843937635421753 and parameters: {'gradient_clip_val': 0.16520033972240228, 'hidden_size': 17, 'dropout': 0.3220092804351188, 'hidden_continuous_size': 8, 'attention_head_size': 3, 'learning_rate': 0.017376123307677894}. Best is trial 0 with value: 0.5206626653671265.
[I 2023-12-26 17:32:38,419] Trial 43 finished with value: 3.6092536449432373 and parameters: {'gradient_clip_val': 0.19625428231926942, 'hidden_size': 22, 'dropout': 0.35701347294277685, 'hidden_continuous_size': 12, 'attention_head_size': 1, 'learning_rate': 0.00910721173314419}. Best is trial 0 with value: 0.5206626653671265.
[I 2023-12-26 17:32:40,950] Trial 44 finished with value: 3.5370380878448486 and parameters: {'gradient_clip_val': 0.27188718327484895, 'hidden_size': 14, 'dropout': 0.38695120577315584, 'hidden_continuous_size': 7, 'attention_head_size': 4, 'learning_rate': 0.01072979465528202}. Best is trial 0 with value: 0.5206626653671265.
[I 2023-12-26 17:32:43,975] Trial 45 finished with value: 3.625018358230591 and parameters: {'gradient_clip_val': 0.23449297225875462, 'hidden_size': 27, 'dropout': 0.4110983624312375, 'hidden_continuous_size': 14, 'attention_head_size': 3, 'learning_rate': 0.0071118519524734775}. Best is trial 0 with value: 0.5206626653671265.
[I 2023-12-26 17:32:46,517] Trial 46 finished with value: 3.3591482639312744 and parameters: {'gradient_clip_val': 0.3120325348241221, 'hidden_size': 17, 'dropout': 0.3126507482632451, 'hidden_continuous_size': 10, 'attention_head_size': 4, 'learning_rate': 0.032428321915533395}. Best is trial 0 with value: 0.5206626653671265.
[I 2023-12-26 17:32:53,731] Trial 47 finished with value: 2.6940650939941406 and parameters: {'gradient_clip_val': 0.15617781022985433, 'hidden_size': 85, 'dropout': 0.3359755407256122, 'hidden_continuous_size': 41, 'attention_head_size': 3, 'learning_rate': 0.01222391831355051}. Best is trial 0 with value: 0.5206626653671265.
[I 2023-12-26 17:32:56,273] Trial 48 finished with value: 2.5890891551971436 and parameters: {'gradient_clip_val': 0.1698490762312217, 'hidden_size': 13, 'dropout': 0.36956461594610973, 'hidden_continuous_size': 7, 'attention_head_size': 4, 'learning_rate': 0.0043114399003367585}. Best is trial 0 with value: 0.5206626653671265.
[I 2023-12-26 17:32:58,658] Trial 49 finished with value: 3.1294453144073486 and parameters: {'gradient_clip_val': 0.1781118271564104, 'hidden_size': 11, 'dropout': 0.38911382567243985, 'hidden_continuous_size': 6, 'attention_head_size': 4, 'learning_rate': 0.004785631563739642}. Best is trial 0 with value: 0.5206626653671265.
[I 2023-12-26 17:32:58,804] A new study created in memory with name: no-name-ceeac6b3-cc6f-4c21-8eef-16f972756243
/home/le004/conda/anaconda3/envs/tsff_env/lib/python3.9/site-packages/lightning/fabric/plugins/environments/slurm.py:191: The `srun` command is available on your system but is not used. HINT: If your intention is to run Lightning on SLURM, prepend your python command with `srun` like so: srun python /home/le004/master_thesis/git/TSFusionForecast/code/ ...
[I 2023-12-26 17:37:27,395] Trial 0 finished with value: 0.033483557403087616 and parameters: {'gradient_clip_val': 0.11641934527761022, 'hidden_size': 5, 'dropout': 0.31704856093255396, 'hidden_continuous_size': 5, 'attention_head_size': 4, 'learning_rate': 0.04918874009587367}. Best is trial 0 with value: 0.033483557403087616.
[I 2023-12-26 17:38:40,695] Trial 1 finished with value: 0.16615824401378632 and parameters: {'gradient_clip_val': 0.5385280378314881, 'hidden_size': 39, 'dropout': 0.13528054233527398, 'hidden_continuous_size': 28, 'attention_head_size': 3, 'learning_rate': 0.0014622687161040386}. Best is trial 0 with value: 0.033483557403087616.
[I 2023-12-26 17:38:47,987] Trial 2 finished with value: 3.7477846145629883 and parameters: {'gradient_clip_val': 0.3355373948983757, 'hidden_size': 127, 'dropout': 0.4330859707994368, 'hidden_continuous_size': 7, 'attention_head_size': 1, 'learning_rate': 0.0005477015658780137}. Best is trial 0 with value: 0.033483557403087616.
[I 2023-12-26 17:38:49,876] Trial 3 finished with value: 3.1983253955841064 and parameters: {'gradient_clip_val': 0.9754628480341693, 'hidden_size': 10, 'dropout': 0.1401851170757663, 'hidden_continuous_size': 6, 'attention_head_size': 2, 'learning_rate': 0.0021766004810415025}. Best is trial 0 with value: 0.033483557403087616.
[I 2023-12-26 17:38:51,790] Trial 4 finished with value: 2.184774875640869 and parameters: {'gradient_clip_val': 0.4589281260310695, 'hidden_size': 14, 'dropout': 0.39350193173645764, 'hidden_continuous_size': 14, 'attention_head_size': 3, 'learning_rate': 0.0035080386137538067}. Best is trial 0 with value: 0.033483557403087616.
[I 2023-12-26 17:38:59,102] Trial 5 finished with value: 2.8069887161254883 and parameters: {'gradient_clip_val': 0.1398374961588686, 'hidden_size': 132, 'dropout': 0.32131164373015286, 'hidden_continuous_size': 6, 'attention_head_size': 1, 'learning_rate': 0.04812668043424383}. Best is trial 0 with value: 0.033483557403087616.
[I 2023-12-26 17:39:00,909] Trial 6 finished with value: 2.9747602939605713 and parameters: {'gradient_clip_val': 0.17853134671752574, 'hidden_size': 13, 'dropout': 0.40115490180034297, 'hidden_continuous_size': 13, 'attention_head_size': 1, 'learning_rate': 0.026310632920642944}. Best is trial 0 with value: 0.033483557403087616.
