[I 2023-12-15 19:17:27,778] Trial 33 finished with value: 59.504608154296875 and parameters: {'gradient_clip_val': 0.24692425447433788, 'hidden_size': 22, 'dropout': 0.37385471913226, 'hidden_continuous_size': 9, 'attention_head_size': 1, 'learning_rate': 0.002789212330880822}. Best is trial 23 with value: 38.36784744262695.
LOCAL_RANK: 0 - CUDA_VISIBLE_DEVICES: [0]
[I 2023-12-15 19:18:19,998] Trial 34 finished with value: 151.68312072753906 and parameters: {'gradient_clip_val': 0.2030600394196608, 'hidden_size': 56, 'dropout': 0.33569891513965305, 'hidden_continuous_size': 17, 'attention_head_size': 2, 'learning_rate': 0.0018263306518521995}. Best is trial 23 with value: 38.36784744262695.
LOCAL_RANK: 0 - CUDA_VISIBLE_DEVICES: [0]
[I 2023-12-15 19:19:06,165] Trial 35 finished with value: 123.34394073486328 and parameters: {'gradient_clip_val': 0.3478549430153541, 'hidden_size': 20, 'dropout': 0.3603021926892319, 'hidden_continuous_size': 8, 'attention_head_size': 1, 'learning_rate': 0.0013608116981577512}. Best is trial 23 with value: 38.36784744262695.
LOCAL_RANK: 0 - CUDA_VISIBLE_DEVICES: [0]
[I 2023-12-15 19:19:56,323] Trial 36 finished with value: 35.95909118652344 and parameters: {'gradient_clip_val': 0.12565096231414122, 'hidden_size': 37, 'dropout': 0.3186263705619099, 'hidden_continuous_size': 11, 'attention_head_size': 2, 'learning_rate': 0.0062758993423141585}. Best is trial 36 with value: 35.95909118652344.
LOCAL_RANK: 0 - CUDA_VISIBLE_DEVICES: [0]
[I 2023-12-15 19:20:47,349] Trial 37 finished with value: 251.11256408691406 and parameters: {'gradient_clip_val': 0.12147180101182384, 'hidden_size': 40, 'dropout': 0.32214171221793003, 'hidden_continuous_size': 21, 'attention_head_size': 2, 'learning_rate': 0.006976417086574541}. Best is trial 36 with value: 35.95909118652344.
LOCAL_RANK: 0 - CUDA_VISIBLE_DEVICES: [0]
[I 2023-12-15 19:21:40,133] Trial 38 finished with value: 72.78913879394531 and parameters: {'gradient_clip_val': 0.17755069140179972, 'hidden_size': 51, 'dropout': 0.3456707116982644, 'hidden_continuous_size': 16, 'attention_head_size': 2, 'learning_rate': 0.010670163311589386}. Best is trial 36 with value: 35.95909118652344.
LOCAL_RANK: 0 - CUDA_VISIBLE_DEVICES: [0]
[I 2023-12-15 19:22:31,370] Trial 39 finished with value: 50.100921630859375 and parameters: {'gradient_clip_val': 0.303063181999753, 'hidden_size': 38, 'dropout': 0.2671755460849184, 'hidden_continuous_size': 11, 'attention_head_size': 3, 'learning_rate': 0.002216042885475543}. Best is trial 36 with value: 35.95909118652344.
LOCAL_RANK: 0 - CUDA_VISIBLE_DEVICES: [0]
[I 2023-12-15 19:23:24,383] Trial 40 finished with value: 95.47222900390625 and parameters: {'gradient_clip_val': 0.1796568722708445, 'hidden_size': 58, 'dropout': 0.3684851785505774, 'hidden_continuous_size': 13, 'attention_head_size': 2, 'learning_rate': 0.0016648750447093878}. Best is trial 36 with value: 35.95909118652344.
LOCAL_RANK: 0 - CUDA_VISIBLE_DEVICES: [0]
[I 2023-12-15 19:24:12,980] Trial 41 finished with value: 123.2115249633789 and parameters: {'gradient_clip_val': 0.11477091267918989, 'hidden_size': 30, 'dropout': 0.2916809581407769, 'hidden_continuous_size': 10, 'attention_head_size': 1, 'learning_rate': 0.0033701161587701397}. Best is trial 36 with value: 35.95909118652344.
LOCAL_RANK: 0 - CUDA_VISIBLE_DEVICES: [0]
[I 2023-12-15 19:25:01,565] Trial 42 finished with value: 56.13706970214844 and parameters: {'gradient_clip_val': 0.1336815554138744, 'hidden_size': 25, 'dropout': 0.3148589668037067, 'hidden_continuous_size': 7, 'attention_head_size': 2, 'learning_rate': 0.0054552972102906}. Best is trial 36 with value: 35.95909118652344.
LOCAL_RANK: 0 - CUDA_VISIBLE_DEVICES: [0]
[I 2023-12-15 19:25:50,606] Trial 43 finished with value: 35.30429458618164 and parameters: {'gradient_clip_val': 0.13817197824320782, 'hidden_size': 33, 'dropout': 0.3347859848195252, 'hidden_continuous_size': 11, 'attention_head_size': 1, 'learning_rate': 0.0030679969012244006}. Best is trial 43 with value: 35.30429458618164.
LOCAL_RANK: 0 - CUDA_VISIBLE_DEVICES: [0]
[I 2023-12-15 19:26:40,152] Trial 44 finished with value: 44.48299789428711 and parameters: {'gradient_clip_val': 0.15006162455302882, 'hidden_size': 35, 'dropout': 0.33266081312525075, 'hidden_continuous_size': 12, 'attention_head_size': 1, 'learning_rate': 0.003984176966422631}. Best is trial 43 with value: 35.30429458618164.
LOCAL_RANK: 0 - CUDA_VISIBLE_DEVICES: [0]
[I 2023-12-15 19:27:28,080] Trial 45 finished with value: 47.09762191772461 and parameters: {'gradient_clip_val': 0.11188931379361641, 'hidden_size': 32, 'dropout': 0.3832180734771209, 'hidden_continuous_size': 11, 'attention_head_size': 2, 'learning_rate': 0.005855628825188418}. Best is trial 43 with value: 35.30429458618164.
LOCAL_RANK: 0 - CUDA_VISIBLE_DEVICES: [0]
[I 2023-12-15 19:28:17,504] Trial 46 finished with value: 106.34320831298828 and parameters: {'gradient_clip_val': 0.150024265783854, 'hidden_size': 27, 'dropout': 0.34020692497171534, 'hidden_continuous_size': 10, 'attention_head_size': 3, 'learning_rate': 0.0020049504110574946}. Best is trial 43 with value: 35.30429458618164.
LOCAL_RANK: 0 - CUDA_VISIBLE_DEVICES: [0]
[I 2023-12-15 19:29:07,882] Trial 47 finished with value: 41.815399169921875 and parameters: {'gradient_clip_val': 0.131446880953237, 'hidden_size': 40, 'dropout': 0.36274173335003473, 'hidden_continuous_size': 22, 'attention_head_size': 1, 'learning_rate': 0.0030134916832269777}. Best is trial 43 with value: 35.30429458618164.
LOCAL_RANK: 0 - CUDA_VISIBLE_DEVICES: [0]
[I 2023-12-15 19:29:59,509] Trial 48 finished with value: 63.23344802856445 and parameters: {'gradient_clip_val': 0.1314846522609015, 'hidden_size': 42, 'dropout': 0.36180785218303957, 'hidden_continuous_size': 15, 'attention_head_size': 1, 'learning_rate': 0.0029734335713258635}. Best is trial 43 with value: 35.30429458618164.
LOCAL_RANK: 0 - CUDA_VISIBLE_DEVICES: [0]
[I 2023-12-15 19:30:52,880] Trial 49 finished with value: 91.16513061523438 and parameters: {'gradient_clip_val': 0.10349621490117124, 'hidden_size': 69, 'dropout': 0.30030987129893183, 'hidden_continuous_size': 23, 'attention_head_size': 1, 'learning_rate': 0.0015075473624174677}. Best is trial 43 with value: 35.30429458618164.
[I 2023-12-15 19:30:52,972] A new study created in memory with name: no-name-e56c5677-2787-4bde-8e52-82a4504527b7
/home/le004/conda/anaconda3/envs/tsff_env/lib/python3.9/site-packages/lightning/fabric/plugins/environments/slurm.py:191: The `srun` command is available on your system but is not used. HINT: If your intention is to run Lightning on SLURM, prepend your python command with `srun` like so: srun python /home/le004/master_thesis/git/TSFusionForecast/code/ ...
LOCAL_RANK: 0 - CUDA_VISIBLE_DEVICES: [0]
[I 2023-12-15 19:31:46,282] Trial 0 finished with value: 497.78466796875 and parameters: {'gradient_clip_val': 0.27611993505937643, 'hidden_size': 61, 'dropout': 0.3285933545199381, 'hidden_continuous_size': 17, 'attention_head_size': 3, 'learning_rate': 0.00139395168027973}. Best is trial 0 with value: 497.78466796875.
LOCAL_RANK: 0 - CUDA_VISIBLE_DEVICES: [0]
[I 2023-12-15 19:32:30,494] Trial 1 finished with value: 346.8139953613281 and parameters: {'gradient_clip_val': 0.5741007217228458, 'hidden_size': 8, 'dropout': 0.22304807213345101, 'hidden_continuous_size': 5, 'attention_head_size': 3, 'learning_rate': 0.01067561397686738}. Best is trial 1 with value: 346.8139953613281.
LOCAL_RANK: 0 - CUDA_VISIBLE_DEVICES: [0]
[I 2023-12-15 19:33:19,133] Trial 2 finished with value: 198.4427032470703 and parameters: {'gradient_clip_val': 0.1027617290110474, 'hidden_size': 21, 'dropout': 0.2631892537550205, 'hidden_continuous_size': 19, 'attention_head_size': 2, 'learning_rate': 0.0008072772583629151}. Best is trial 2 with value: 198.4427032470703.
LOCAL_RANK: 0 - CUDA_VISIBLE_DEVICES: [0]
[I 2023-12-15 19:34:17,481] Trial 3 finished with value: 359.8500671386719 and parameters: {'gradient_clip_val': 0.6546927867581209, 'hidden_size': 98, 'dropout': 0.26094978537301644, 'hidden_continuous_size': 67, 'attention_head_size': 4, 'learning_rate': 0.027229459085494134}. Best is trial 2 with value: 198.4427032470703.
LOCAL_RANK: 0 - CUDA_VISIBLE_DEVICES: [0]
[I 2023-12-15 19:35:03,229] Trial 4 finished with value: 219.2906036376953 and parameters: {'gradient_clip_val': 0.405045482585016, 'hidden_size': 15, 'dropout': 0.1450064758531059, 'hidden_continuous_size': 9, 'attention_head_size': 1, 'learning_rate': 0.0010587378382755032}. Best is trial 2 with value: 198.4427032470703.
LOCAL_RANK: 0 - CUDA_VISIBLE_DEVICES: [0]
[I 2023-12-15 19:35:49,024] Trial 5 finished with value: 242.6657257080078 and parameters: {'gradient_clip_val': 0.8237858697360317, 'hidden_size': 17, 'dropout': 0.3239742571937332, 'hidden_continuous_size': 6, 'attention_head_size': 2, 'learning_rate': 0.0012284071891593908}. Best is trial 2 with value: 198.4427032470703.
LOCAL_RANK: 0 - CUDA_VISIBLE_DEVICES: [0]
[I 2023-12-15 19:36:40,751] Trial 6 finished with value: 346.7275085449219 and parameters: {'gradient_clip_val': 0.12415481639998292, 'hidden_size': 56, 'dropout': 0.25427864633057135, 'hidden_continuous_size': 17, 'attention_head_size': 1, 'learning_rate': 0.0005579619694878254}. Best is trial 2 with value: 198.4427032470703.
LOCAL_RANK: 0 - CUDA_VISIBLE_DEVICES: [0]
[I 2023-12-15 19:37:13,985] Trial 7 finished with value: 226.3866729736328 and parameters: {'gradient_clip_val': 0.19610684056899488, 'hidden_size': 5, 'dropout': 0.11256321324676995, 'hidden_continuous_size': 5, 'attention_head_size': 1, 'learning_rate': 0.004086204351720247}. Best is trial 2 with value: 198.4427032470703.
LOCAL_RANK: 0 - CUDA_VISIBLE_DEVICES: [0]
[I 2023-12-15 19:38:02,921] Trial 8 finished with value: 270.9606018066406 and parameters: {'gradient_clip_val': 0.3643636072584311, 'hidden_size': 30, 'dropout': 0.18440069127808295, 'hidden_continuous_size': 5, 'attention_head_size': 3, 'learning_rate': 0.009455377291782061}. Best is trial 2 with value: 198.4427032470703.
LOCAL_RANK: 0 - CUDA_VISIBLE_DEVICES: [0]
[I 2023-12-15 19:38:54,430] Trial 9 finished with value: 247.00506591796875 and parameters: {'gradient_clip_val': 0.1298060005201155, 'hidden_size': 48, 'dropout': 0.10026793166581499, 'hidden_continuous_size': 31, 'attention_head_size': 2, 'learning_rate': 0.0007109440845922269}. Best is trial 2 with value: 198.4427032470703.
LOCAL_RANK: 0 - CUDA_VISIBLE_DEVICES: [0]
[I 2023-12-15 19:39:42,854] Trial 10 finished with value: 425.1800842285156 and parameters: {'gradient_clip_val': 0.10001178602116488, 'hidden_size': 24, 'dropout': 0.3929670328685556, 'hidden_continuous_size': 9, 'attention_head_size': 4, 'learning_rate': 0.08677467524877724}. Best is trial 2 with value: 198.4427032470703.
LOCAL_RANK: 0 - CUDA_VISIBLE_DEVICES: [0]
[I 2023-12-15 19:40:27,881] Trial 11 finished with value: 319.9580993652344 and parameters: {'gradient_clip_val': 0.38068294601852853, 'hidden_size': 14, 'dropout': 0.15711466323437506, 'hidden_continuous_size': 7, 'attention_head_size': 1, 'learning_rate': 0.0021817900491038966}. Best is trial 2 with value: 198.4427032470703.
LOCAL_RANK: 0 - CUDA_VISIBLE_DEVICES: [0]
[I 2023-12-15 19:41:12,087] Trial 12 finished with value: 407.40869140625 and parameters: {'gradient_clip_val': 0.20754292394755267, 'hidden_size': 12, 'dropout': 0.1968060673460044, 'hidden_continuous_size': 6, 'attention_head_size': 2, 'learning_rate': 0.0005468883011974318}. Best is trial 2 with value: 198.4427032470703.
LOCAL_RANK: 0 - CUDA_VISIBLE_DEVICES: [0]
[I 2023-12-15 19:42:00,237] Trial 13 finished with value: 291.7402648925781 and parameters: {'gradient_clip_val': 0.455258030011108, 'hidden_size': 23, 'dropout': 0.14658968750587187, 'hidden_continuous_size': 9, 'attention_head_size': 1, 'learning_rate': 0.002414527275294314}. Best is trial 2 with value: 198.4427032470703.
LOCAL_RANK: 0 - CUDA_VISIBLE_DEVICES: [0]
[I 2023-12-15 19:42:45,732] Trial 14 finished with value: 366.8492736816406 and parameters: {'gradient_clip_val': 0.28785753437971007, 'hidden_size': 10, 'dropout': 0.22958391647746887, 'hidden_continuous_size': 6, 'attention_head_size': 2, 'learning_rate': 0.001134680223459312}. Best is trial 2 with value: 198.4427032470703.
LOCAL_RANK: 0 - CUDA_VISIBLE_DEVICES: [0]
[I 2023-12-15 19:43:31,984] Trial 15 finished with value: 236.00537109375 and parameters: {'gradient_clip_val': 0.2123619714203734, 'hidden_size': 17, 'dropout': 0.28018891955612474, 'hidden_continuous_size': 10, 'attention_head_size': 1, 'learning_rate': 0.0035247118620304265}. Best is trial 2 with value: 198.4427032470703.
LOCAL_RANK: 0 - CUDA_VISIBLE_DEVICES: [0]
[I 2023-12-15 19:44:20,316] Trial 16 finished with value: 212.4548797607422 and parameters: {'gradient_clip_val': 0.48869748764198506, 'hidden_size': 32, 'dropout': 0.1931561277153775, 'hidden_continuous_size': 14, 'attention_head_size': 2, 'learning_rate': 0.0009623490551760252}. Best is trial 2 with value: 198.4427032470703.
LOCAL_RANK: 0 - CUDA_VISIBLE_DEVICES: [0]
[I 2023-12-15 19:45:08,671] Trial 17 finished with value: 256.6466369628906 and parameters: {'gradient_clip_val': 0.4732433901384466, 'hidden_size': 32, 'dropout': 0.2095121669356048, 'hidden_continuous_size': 14, 'attention_head_size': 2, 'learning_rate': 0.0005025748995120836}. Best is trial 2 with value: 198.4427032470703.
LOCAL_RANK: 0 - CUDA_VISIBLE_DEVICES: [0]
[I 2023-12-15 19:45:58,689] Trial 18 finished with value: 182.96888732910156 and parameters: {'gradient_clip_val': 0.817420653932907, 'hidden_size': 33, 'dropout': 0.18666421313662815, 'hidden_continuous_size': 14, 'attention_head_size': 3, 'learning_rate': 0.0019671158872462263}. Best is trial 18 with value: 182.96888732910156.
LOCAL_RANK: 0 - CUDA_VISIBLE_DEVICES: [0]
[I 2023-12-15 19:46:51,319] Trial 19 finished with value: 252.3617401123047 and parameters: {'gradient_clip_val': 0.9825630787109075, 'hidden_size': 41, 'dropout': 0.2842241343268262, 'hidden_continuous_size': 21, 'attention_head_size': 3, 'learning_rate': 0.0018477346274549773}. Best is trial 18 with value: 182.96888732910156.
LOCAL_RANK: 0 - CUDA_VISIBLE_DEVICES: [0]
[I 2023-12-15 19:47:40,730] Trial 20 finished with value: 505.2139587402344 and parameters: {'gradient_clip_val': 0.6375291882376083, 'hidden_size': 21, 'dropout': 0.23570611469395994, 'hidden_continuous_size': 11, 'attention_head_size': 4, 'learning_rate': 0.0043299654600115}. Best is trial 18 with value: 182.96888732910156.
LOCAL_RANK: 0 - CUDA_VISIBLE_DEVICES: [0]
[I 2023-12-15 19:48:30,614] Trial 21 finished with value: 92.8310546875 and parameters: {'gradient_clip_val': 0.5423554900377979, 'hidden_size': 36, 'dropout': 0.19538419185066408, 'hidden_continuous_size': 14, 'attention_head_size': 3, 'learning_rate': 0.0009428140245204968}. Best is trial 21 with value: 92.8310546875.
LOCAL_RANK: 0 - CUDA_VISIBLE_DEVICES: [0]
[I 2023-12-15 19:49:22,483] Trial 22 finished with value: 175.5819549560547 and parameters: {'gradient_clip_val': 0.7711057829183923, 'hidden_size': 39, 'dropout': 0.16884643801516463, 'hidden_continuous_size': 13, 'attention_head_size': 3, 'learning_rate': 0.0007513593389040286}. Best is trial 21 with value: 92.8310546875.
LOCAL_RANK: 0 - CUDA_VISIBLE_DEVICES: [0]
[I 2023-12-15 19:50:13,730] Trial 23 finished with value: 446.0877380371094 and parameters: {'gradient_clip_val': 0.7853620982528045, 'hidden_size': 38, 'dropout': 0.17726895673671836, 'hidden_continuous_size': 12, 'attention_head_size': 3, 'learning_rate': 0.0016032779602404622}. Best is trial 21 with value: 92.8310546875.
LOCAL_RANK: 0 - CUDA_VISIBLE_DEVICES: [0]
[I 2023-12-15 19:51:07,346] Trial 24 finished with value: 251.7617950439453 and parameters: {'gradient_clip_val': 0.9718164902028674, 'hidden_size': 70, 'dropout': 0.17626774095990985, 'hidden_continuous_size': 13, 'attention_head_size': 3, 'learning_rate': 0.000818327424780148}. Best is trial 21 with value: 92.8310546875.
LOCAL_RANK: 0 - CUDA_VISIBLE_DEVICES: [0]
[I 2023-12-15 19:51:59,531] Trial 25 finished with value: 286.8844909667969 and parameters: {'gradient_clip_val': 0.7613215834146283, 'hidden_size': 44, 'dropout': 0.12762821333156815, 'hidden_continuous_size': 11, 'attention_head_size': 4, 'learning_rate': 0.0022297222652112978}. Best is trial 21 with value: 92.8310546875.
LOCAL_RANK: 0 - CUDA_VISIBLE_DEVICES: [0]
[I 2023-12-15 19:52:48,979] Trial 26 finished with value: 300.0013427734375 and parameters: {'gradient_clip_val': 0.580049383489809, 'hidden_size': 29, 'dropout': 0.16874017393615454, 'hidden_continuous_size': 13, 'attention_head_size': 3, 'learning_rate': 0.0014539496535682015}. Best is trial 21 with value: 92.8310546875.
LOCAL_RANK: 0 - CUDA_VISIBLE_DEVICES: [0]
[I 2023-12-15 19:53:39,429] Trial 27 finished with value: 151.60316467285156 and parameters: {'gradient_clip_val': 0.6981045864279747, 'hidden_size': 36, 'dropout': 0.20117682930382413, 'hidden_continuous_size': 15, 'attention_head_size': 3, 'learning_rate': 0.0008172413649305282}. Best is trial 21 with value: 92.8310546875.
LOCAL_RANK: 0 - CUDA_VISIBLE_DEVICES: [0]
[I 2023-12-15 19:54:32,743] Trial 28 finished with value: 310.2345275878906 and parameters: {'gradient_clip_val': 0.6683388799981657, 'hidden_size': 47, 'dropout': 0.20654028680022177, 'hidden_continuous_size': 16, 'attention_head_size': 4, 'learning_rate': 0.0007305670466872266}. Best is trial 21 with value: 92.8310546875.
LOCAL_RANK: 0 - CUDA_VISIBLE_DEVICES: [0]
[I 2023-12-15 19:55:26,689] Trial 29 finished with value: 211.7859649658203 and parameters: {'gradient_clip_val': 0.5422741811386663, 'hidden_size': 62, 'dropout': 0.13817752605947145, 'hidden_continuous_size': 24, 'attention_head_size': 3, 'learning_rate': 0.0012099782889106211}. Best is trial 21 with value: 92.8310546875.
LOCAL_RANK: 0 - CUDA_VISIBLE_DEVICES: [0]
[I 2023-12-15 19:56:19,092] Trial 30 finished with value: 315.5504150390625 and parameters: {'gradient_clip_val': 0.7218892663675763, 'hidden_size': 38, 'dropout': 0.16631159188751776, 'hidden_continuous_size': 16, 'attention_head_size': 3, 'learning_rate': 0.0006953977602969903}. Best is trial 21 with value: 92.8310546875.
LOCAL_RANK: 0 - CUDA_VISIBLE_DEVICES: [0]
[I 2023-12-15 19:57:08,323] Trial 31 finished with value: 399.9125671386719 and parameters: {'gradient_clip_val': 0.8559669312787753, 'hidden_size': 27, 'dropout': 0.20803098935385717, 'hidden_continuous_size': 14, 'attention_head_size': 3, 'learning_rate': 0.0015192983094091536}. Best is trial 21 with value: 92.8310546875.
LOCAL_RANK: 0 - CUDA_VISIBLE_DEVICES: [0]
[I 2023-12-15 19:57:59,572] Trial 32 finished with value: 375.4395446777344 and parameters: {'gradient_clip_val': 0.5914794444070279, 'hidden_size': 35, 'dropout': 0.18887914763842875, 'hidden_continuous_size': 15, 'attention_head_size': 3, 'learning_rate': 0.0010060454358127374}. Best is trial 21 with value: 92.8310546875.
LOCAL_RANK: 0 - CUDA_VISIBLE_DEVICES: [0]
[I 2023-12-15 19:58:48,898] Trial 33 finished with value: 303.3932800292969 and parameters: {'gradient_clip_val': 0.7127962010059044, 'hidden_size': 26, 'dropout': 0.2269554514012455, 'hidden_continuous_size': 12, 'attention_head_size': 3, 'learning_rate': 0.0008586923352006932}. Best is trial 21 with value: 92.8310546875.
LOCAL_RANK: 0 - CUDA_VISIBLE_DEVICES: [0]
[I 2023-12-15 19:59:40,833] Trial 34 finished with value: 273.8147277832031 and parameters: {'gradient_clip_val': 0.8623817638470656, 'hidden_size': 33, 'dropout': 0.16306521756633313, 'hidden_continuous_size': 18, 'attention_head_size': 3, 'learning_rate': 0.0015594522244273285}. Best is trial 21 with value: 92.8310546875.
LOCAL_RANK: 0 - CUDA_VISIBLE_DEVICES: [0]
[I 2023-12-15 20:00:34,340] Trial 35 finished with value: 361.4290466308594 and parameters: {'gradient_clip_val': 0.6484592650523202, 'hidden_size': 50, 'dropout': 0.214254883350781, 'hidden_continuous_size': 20, 'attention_head_size': 4, 'learning_rate': 0.002915936723543285}. Best is trial 21 with value: 92.8310546875.
LOCAL_RANK: 0 - CUDA_VISIBLE_DEVICES: [0]
[I 2023-12-15 20:01:27,005] Trial 36 finished with value: 237.9244842529297 and parameters: {'gradient_clip_val': 0.5270563479559836, 'hidden_size': 41, 'dropout': 0.1928373322480254, 'hidden_continuous_size': 16, 'attention_head_size': 3, 'learning_rate': 0.0011845281423458886}. Best is trial 21 with value: 92.8310546875.
LOCAL_RANK: 0 - CUDA_VISIBLE_DEVICES: [0]
[I 2023-12-15 20:02:21,793] Trial 37 finished with value: 287.2149353027344 and parameters: {'gradient_clip_val': 0.8969639309773609, 'hidden_size': 73, 'dropout': 0.15402024431885286, 'hidden_continuous_size': 25, 'attention_head_size': 4, 'learning_rate': 0.0006351378312846217}. Best is trial 21 with value: 92.8310546875.
LOCAL_RANK: 0 - CUDA_VISIBLE_DEVICES: [0]
[I 2023-12-15 20:03:15,014] Trial 38 finished with value: 315.5122985839844 and parameters: {'gradient_clip_val': 0.7703220013804185, 'hidden_size': 54, 'dropout': 0.23942154426292378, 'hidden_continuous_size': 17, 'attention_head_size': 3, 'learning_rate': 0.0009144529160353948}. Best is trial 21 with value: 92.8310546875.
LOCAL_RANK: 0 - CUDA_VISIBLE_DEVICES: [0]
[I 2023-12-15 20:04:03,703] Trial 39 finished with value: 220.8092498779297 and parameters: {'gradient_clip_val': 0.6024965684481576, 'hidden_size': 21, 'dropout': 0.1297104986015034, 'hidden_continuous_size': 13, 'attention_head_size': 2, 'learning_rate': 0.0018216867005377633}. Best is trial 21 with value: 92.8310546875.
LOCAL_RANK: 0 - CUDA_VISIBLE_DEVICES: [0]
[I 2023-12-15 20:04:52,952] Trial 40 finished with value: 258.978759765625 and parameters: {'gradient_clip_val': 0.695006861176664, 'hidden_size': 27, 'dropout': 0.17542429509476987, 'hidden_continuous_size': 12, 'attention_head_size': 3, 'learning_rate': 0.0005062438728416655}. Best is trial 21 with value: 92.8310546875.
LOCAL_RANK: 0 - CUDA_VISIBLE_DEVICES: [0]
