[I 2023-12-16 07:16:40,496] Trial 4 finished with value: 577.5496826171875 and parameters: {'gradient_clip_val': 0.12468631421963194, 'hidden_size': 69, 'dropout': 0.28537860885648153, 'hidden_continuous_size': 12, 'attention_head_size': 1, 'learning_rate': 0.04452701376868117}. Best is trial 3 with value: 361.1445007324219.
LOCAL_RANK: 0 - CUDA_VISIBLE_DEVICES: [0]
[I 2023-12-16 07:17:26,528] Trial 5 finished with value: 515.7250366210938 and parameters: {'gradient_clip_val': 0.12537716164552873, 'hidden_size': 10, 'dropout': 0.1333587919374648, 'hidden_continuous_size': 6, 'attention_head_size': 4, 'learning_rate': 0.03224174015539955}. Best is trial 3 with value: 361.1445007324219.
LOCAL_RANK: 0 - CUDA_VISIBLE_DEVICES: [0]
[I 2023-12-16 07:18:11,100] Trial 6 finished with value: 472.4804382324219 and parameters: {'gradient_clip_val': 0.6983046790766543, 'hidden_size': 12, 'dropout': 0.3035870522541432, 'hidden_continuous_size': 7, 'attention_head_size': 3, 'learning_rate': 0.07519648052345516}. Best is trial 3 with value: 361.1445007324219.
LOCAL_RANK: 0 - CUDA_VISIBLE_DEVICES: [0]
[I 2023-12-16 07:18:59,765] Trial 7 finished with value: 429.6563720703125 and parameters: {'gradient_clip_val': 0.752731035135542, 'hidden_size': 25, 'dropout': 0.30815972361864036, 'hidden_continuous_size': 18, 'attention_head_size': 1, 'learning_rate': 0.007475339607391548}. Best is trial 3 with value: 361.1445007324219.
LOCAL_RANK: 0 - CUDA_VISIBLE_DEVICES: [0]
[I 2023-12-16 07:19:54,062] Trial 8 finished with value: 576.4118041992188 and parameters: {'gradient_clip_val': 0.17544555918746693, 'hidden_size': 71, 'dropout': 0.33102897542345255, 'hidden_continuous_size': 22, 'attention_head_size': 4, 'learning_rate': 0.06361450648680866}. Best is trial 3 with value: 361.1445007324219.
LOCAL_RANK: 0 - CUDA_VISIBLE_DEVICES: [0]
[I 2023-12-16 07:20:28,570] Trial 9 finished with value: 407.3805847167969 and parameters: {'gradient_clip_val': 0.11984677083732641, 'hidden_size': 5, 'dropout': 0.28198454108486026, 'hidden_continuous_size': 5, 'attention_head_size': 3, 'learning_rate': 0.06286040782258419}. Best is trial 3 with value: 361.1445007324219.
LOCAL_RANK: 0 - CUDA_VISIBLE_DEVICES: [0]
[I 2023-12-16 07:21:17,769] Trial 10 finished with value: 494.9931640625 and parameters: {'gradient_clip_val': 0.2631872217483556, 'hidden_size': 26, 'dropout': 0.3797940604011403, 'hidden_continuous_size': 13, 'attention_head_size': 2, 'learning_rate': 0.0005329455130680488}. Best is trial 3 with value: 361.1445007324219.
LOCAL_RANK: 0 - CUDA_VISIBLE_DEVICES: [0]
[I 2023-12-16 07:21:51,793] Trial 11 finished with value: 360.8165283203125 and parameters: {'gradient_clip_val': 0.10602676402657092, 'hidden_size': 5, 'dropout': 0.21896114353616042, 'hidden_continuous_size': 5, 'attention_head_size': 3, 'learning_rate': 0.011242349886217603}. Best is trial 11 with value: 360.8165283203125.
LOCAL_RANK: 0 - CUDA_VISIBLE_DEVICES: [0]
[I 2023-12-16 07:22:43,775] Trial 12 finished with value: 305.1242370605469 and parameters: {'gradient_clip_val': 0.21383658323411117, 'hidden_size': 36, 'dropout': 0.21974812713090788, 'hidden_continuous_size': 33, 'attention_head_size': 2, 'learning_rate': 0.009781824917983843}. Best is trial 12 with value: 305.1242370605469.
LOCAL_RANK: 0 - CUDA_VISIBLE_DEVICES: [0]
[I 2023-12-16 07:23:17,345] Trial 13 finished with value: 383.52734375 and parameters: {'gradient_clip_val': 0.1011378930018649, 'hidden_size': 5, 'dropout': 0.21566789094374889, 'hidden_continuous_size': 5, 'attention_head_size': 2, 'learning_rate': 0.013868815209522644}. Best is trial 12 with value: 305.1242370605469.
LOCAL_RANK: 0 - CUDA_VISIBLE_DEVICES: [0]
[I 2023-12-16 07:23:52,938] Trial 14 finished with value: 534.4371948242188 and parameters: {'gradient_clip_val': 0.19116085360000556, 'hidden_size': 42, 'dropout': 0.1974301385900524, 'hidden_continuous_size': 42, 'attention_head_size': 2, 'learning_rate': 0.015104433461097758}. Best is trial 12 with value: 305.1242370605469.
LOCAL_RANK: 0 - CUDA_VISIBLE_DEVICES: [0]
[I 2023-12-16 07:24:50,611] Trial 15 finished with value: 332.7151184082031 and parameters: {'gradient_clip_val': 0.1743222053620129, 'hidden_size': 95, 'dropout': 0.24995388887802805, 'hidden_continuous_size': 73, 'attention_head_size': 2, 'learning_rate': 0.003375822581599293}. Best is trial 12 with value: 305.1242370605469.
LOCAL_RANK: 0 - CUDA_VISIBLE_DEVICES: [0]
[I 2023-12-16 07:25:48,546] Trial 16 finished with value: 460.7859191894531 and parameters: {'gradient_clip_val': 0.19707169216248638, 'hidden_size': 94, 'dropout': 0.25519334760596857, 'hidden_continuous_size': 90, 'attention_head_size': 2, 'learning_rate': 0.003588556437481655}. Best is trial 12 with value: 305.1242370605469.
LOCAL_RANK: 0 - CUDA_VISIBLE_DEVICES: [0]
[I 2023-12-16 07:26:45,005] Trial 17 finished with value: 479.69482421875 and parameters: {'gradient_clip_val': 0.39031655446907304, 'hidden_size': 96, 'dropout': 0.18481256440335173, 'hidden_continuous_size': 59, 'attention_head_size': 2, 'learning_rate': 0.002754796747096935}. Best is trial 12 with value: 305.1242370605469.
LOCAL_RANK: 0 - CUDA_VISIBLE_DEVICES: [0]
[I 2023-12-16 07:27:35,915] Trial 18 finished with value: 423.5963439941406 and parameters: {'gradient_clip_val': 0.15677536486635543, 'hidden_size': 40, 'dropout': 0.10313301785531764, 'hidden_continuous_size': 25, 'attention_head_size': 1, 'learning_rate': 0.004234629676701741}. Best is trial 12 with value: 305.1242370605469.
LOCAL_RANK: 0 - CUDA_VISIBLE_DEVICES: [0]
[I 2023-12-16 07:28:26,889] Trial 19 finished with value: 339.12109375 and parameters: {'gradient_clip_val': 0.21772568277080706, 'hidden_size': 36, 'dropout': 0.25540929704346244, 'hidden_continuous_size': 19, 'attention_head_size': 2, 'learning_rate': 0.0016108425404942517}. Best is trial 12 with value: 305.1242370605469.
LOCAL_RANK: 0 - CUDA_VISIBLE_DEVICES: [0]
[I 2023-12-16 07:29:20,387] Trial 20 finished with value: 402.9305725097656 and parameters: {'gradient_clip_val': 0.1551372343819336, 'hidden_size': 56, 'dropout': 0.242606470863262, 'hidden_continuous_size': 32, 'attention_head_size': 3, 'learning_rate': 0.005034619179010836}. Best is trial 12 with value: 305.1242370605469.
LOCAL_RANK: 0 - CUDA_VISIBLE_DEVICES: [0]
[I 2023-12-16 07:30:10,489] Trial 21 finished with value: 375.5089111328125 and parameters: {'gradient_clip_val': 0.2310880977018403, 'hidden_size': 36, 'dropout': 0.2567580623823901, 'hidden_continuous_size': 16, 'attention_head_size': 2, 'learning_rate': 0.0016764745522756404}. Best is trial 12 with value: 305.1242370605469.
LOCAL_RANK: 0 - CUDA_VISIBLE_DEVICES: [0]
[I 2023-12-16 07:30:58,847] Trial 22 finished with value: 365.189697265625 and parameters: {'gradient_clip_val': 0.23375611118778364, 'hidden_size': 19, 'dropout': 0.18923626966676615, 'hidden_continuous_size': 13, 'attention_head_size': 2, 'learning_rate': 0.0015887548031256883}. Best is trial 12 with value: 305.1242370605469.
LOCAL_RANK: 0 - CUDA_VISIBLE_DEVICES: [0]
[I 2023-12-16 07:31:51,409] Trial 23 finished with value: 422.4964904785156 and parameters: {'gradient_clip_val': 0.328110457352561, 'hidden_size': 45, 'dropout': 0.2518348972988618, 'hidden_continuous_size': 18, 'attention_head_size': 2, 'learning_rate': 0.001342395460517622}. Best is trial 12 with value: 305.1242370605469.
LOCAL_RANK: 0 - CUDA_VISIBLE_DEVICES: [0]
[I 2023-12-16 07:32:43,058] Trial 24 finished with value: 533.26904296875 and parameters: {'gradient_clip_val': 0.20773330961737263, 'hidden_size': 34, 'dropout': 0.23320265652572422, 'hidden_continuous_size': 21, 'attention_head_size': 1, 'learning_rate': 0.0059774249405119915}. Best is trial 12 with value: 305.1242370605469.
LOCAL_RANK: 0 - CUDA_VISIBLE_DEVICES: [0]
[I 2023-12-16 07:33:37,973] Trial 25 finished with value: 316.8610534667969 and parameters: {'gradient_clip_val': 0.1529780905875619, 'hidden_size': 81, 'dropout': 0.2069323125421083, 'hidden_continuous_size': 33, 'attention_head_size': 2, 'learning_rate': 0.0010431900326056231}. Best is trial 12 with value: 305.1242370605469.
LOCAL_RANK: 0 - CUDA_VISIBLE_DEVICES: [0]
[I 2023-12-16 07:34:33,463] Trial 26 finished with value: 350.7825622558594 and parameters: {'gradient_clip_val': 0.15515608020473362, 'hidden_size': 81, 'dropout': 0.16793759130386723, 'hidden_continuous_size': 38, 'attention_head_size': 3, 'learning_rate': 0.0006843670035642976}. Best is trial 12 with value: 305.1242370605469.
LOCAL_RANK: 0 - CUDA_VISIBLE_DEVICES: [0]
[I 2023-12-16 07:35:30,004] Trial 27 finished with value: 381.0861511230469 and parameters: {'gradient_clip_val': 0.14360041845854468, 'hidden_size': 99, 'dropout': 0.1990025868248385, 'hidden_continuous_size': 56, 'attention_head_size': 2, 'learning_rate': 0.0028968158810629007}. Best is trial 12 with value: 305.1242370605469.
LOCAL_RANK: 0 - CUDA_VISIBLE_DEVICES: [0]
[I 2023-12-16 07:36:23,239] Trial 28 finished with value: 389.1988830566406 and parameters: {'gradient_clip_val': 0.1877409163721168, 'hidden_size': 80, 'dropout': 0.21067326031416558, 'hidden_continuous_size': 30, 'attention_head_size': 1, 'learning_rate': 0.0010107466899893474}. Best is trial 12 with value: 305.1242370605469.
LOCAL_RANK: 0 - CUDA_VISIBLE_DEVICES: [0]
[I 2023-12-16 07:37:16,712] Trial 29 finished with value: 431.582275390625 and parameters: {'gradient_clip_val': 0.1753968996133717, 'hidden_size': 58, 'dropout': 0.1670239118226306, 'hidden_continuous_size': 31, 'attention_head_size': 2, 'learning_rate': 0.0034452649972191735}. Best is trial 12 with value: 305.1242370605469.
LOCAL_RANK: 0 - CUDA_VISIBLE_DEVICES: [0]
[I 2023-12-16 07:38:10,043] Trial 30 finished with value: 341.848876953125 and parameters: {'gradient_clip_val': 0.2598631734640977, 'hidden_size': 64, 'dropout': 0.18285687122739255, 'hidden_continuous_size': 25, 'attention_head_size': 3, 'learning_rate': 0.002289708049411559}. Best is trial 12 with value: 305.1242370605469.
LOCAL_RANK: 0 - CUDA_VISIBLE_DEVICES: [0]
[I 2023-12-16 07:39:03,163] Trial 31 finished with value: 461.1479187011719 and parameters: {'gradient_clip_val': 0.22166199404450115, 'hidden_size': 53, 'dropout': 0.23414689034134006, 'hidden_continuous_size': 27, 'attention_head_size': 2, 'learning_rate': 0.0020190986380202065}. Best is trial 12 with value: 305.1242370605469.
LOCAL_RANK: 0 - CUDA_VISIBLE_DEVICES: [0]
[I 2023-12-16 07:39:58,228] Trial 32 finished with value: 357.032470703125 and parameters: {'gradient_clip_val': 0.21038525743314207, 'hidden_size': 79, 'dropout': 0.2665946512703266, 'hidden_continuous_size': 38, 'attention_head_size': 2, 'learning_rate': 0.0010289835355454986}. Best is trial 12 with value: 305.1242370605469.
LOCAL_RANK: 0 - CUDA_VISIBLE_DEVICES: [0]
[I 2023-12-16 07:40:51,036] Trial 33 finished with value: 389.0284729003906 and parameters: {'gradient_clip_val': 0.17208857483111298, 'hidden_size': 47, 'dropout': 0.21453224125964612, 'hidden_continuous_size': 19, 'attention_head_size': 2, 'learning_rate': 0.0022810553654871294}. Best is trial 12 with value: 305.1242370605469.
LOCAL_RANK: 0 - CUDA_VISIBLE_DEVICES: [0]
[I 2023-12-16 07:41:43,962] Trial 34 finished with value: 458.3395690917969 and parameters: {'gradient_clip_val': 0.25128529773516334, 'hidden_size': 59, 'dropout': 0.23096159333475358, 'hidden_continuous_size': 15, 'attention_head_size': 1, 'learning_rate': 0.001055239219214049}. Best is trial 12 with value: 305.1242370605469.
LOCAL_RANK: 0 - CUDA_VISIBLE_DEVICES: [0]
[I 2023-12-16 07:42:35,695] Trial 35 finished with value: 453.0110778808594 and parameters: {'gradient_clip_val': 0.13749160648267203, 'hidden_size': 48, 'dropout': 0.24417466096359794, 'hidden_continuous_size': 22, 'attention_head_size': 2, 'learning_rate': 0.0030385657433918693}. Best is trial 12 with value: 305.1242370605469.
LOCAL_RANK: 0 - CUDA_VISIBLE_DEVICES: [0]
[I 2023-12-16 07:43:29,008] Trial 36 finished with value: 401.9295959472656 and parameters: {'gradient_clip_val': 0.2944790219624151, 'hidden_size': 66, 'dropout': 0.27138421694750775, 'hidden_continuous_size': 27, 'attention_head_size': 1, 'learning_rate': 0.004381767083378616}. Best is trial 12 with value: 305.1242370605469.
LOCAL_RANK: 0 - CUDA_VISIBLE_DEVICES: [0]
[I 2023-12-16 07:44:18,523] Trial 37 finished with value: 387.1849060058594 and parameters: {'gradient_clip_val': 0.2102103906896732, 'hidden_size': 33, 'dropout': 0.15210687322595584, 'hidden_continuous_size': 10, 'attention_head_size': 2, 'learning_rate': 0.0007693860759270752}. Best is trial 12 with value: 305.1242370605469.
LOCAL_RANK: 0 - CUDA_VISIBLE_DEVICES: [0]
[I 2023-12-16 07:45:11,798] Trial 38 finished with value: 366.4493713378906 and parameters: {'gradient_clip_val': 0.1388681436871847, 'hidden_size': 51, 'dropout': 0.20366706726035927, 'hidden_continuous_size': 24, 'attention_head_size': 3, 'learning_rate': 0.001792767613039582}. Best is trial 12 with value: 305.1242370605469.
LOCAL_RANK: 0 - CUDA_VISIBLE_DEVICES: [0]
[I 2023-12-16 07:46:05,857] Trial 39 finished with value: 387.1976013183594 and parameters: {'gradient_clip_val': 0.16630191203055386, 'hidden_size': 72, 'dropout': 0.2333128498152332, 'hidden_continuous_size': 48, 'attention_head_size': 1, 'learning_rate': 0.0013912341576518589}. Best is trial 12 with value: 305.1242370605469.
LOCAL_RANK: 0 - CUDA_VISIBLE_DEVICES: [0]
[I 2023-12-16 07:46:56,616] Trial 40 finished with value: 375.4903869628906 and parameters: {'gradient_clip_val': 0.1902513339348981, 'hidden_size': 30, 'dropout': 0.21711924198402016, 'hidden_continuous_size': 20, 'attention_head_size': 2, 'learning_rate': 0.008423000070545484}. Best is trial 12 with value: 305.1242370605469.
LOCAL_RANK: 0 - CUDA_VISIBLE_DEVICES: [0]
[I 2023-12-16 07:47:50,553] Trial 41 finished with value: 413.7187805175781 and parameters: {'gradient_clip_val': 0.25357878159092245, 'hidden_size': 63, 'dropout': 0.18310895988887815, 'hidden_continuous_size': 24, 'attention_head_size': 3, 'learning_rate': 0.0022926358273853416}. Best is trial 12 with value: 305.1242370605469.
LOCAL_RANK: 0 - CUDA_VISIBLE_DEVICES: [0]
[I 2023-12-16 07:48:45,638] Trial 42 finished with value: 449.9696044921875 and parameters: {'gradient_clip_val': 0.277307573487145, 'hidden_size': 80, 'dropout': 0.18008980607893374, 'hidden_continuous_size': 33, 'attention_head_size': 4, 'learning_rate': 0.002052663828050981}. Best is trial 12 with value: 305.1242370605469.
LOCAL_RANK: 0 - CUDA_VISIBLE_DEVICES: [0]
[I 2023-12-16 07:49:39,313] Trial 43 finished with value: 405.9291076660156 and parameters: {'gradient_clip_val': 0.2352019806078508, 'hidden_size': 65, 'dropout': 0.20176120909026712, 'hidden_continuous_size': 17, 'attention_head_size': 3, 'learning_rate': 0.0024413190068888245}. Best is trial 12 with value: 305.1242370605469.
LOCAL_RANK: 0 - CUDA_VISIBLE_DEVICES: [0]
[I 2023-12-16 07:50:32,449] Trial 44 finished with value: 401.9990539550781 and parameters: {'gradient_clip_val': 0.34687319442017095, 'hidden_size': 42, 'dropout': 0.14517170745033484, 'hidden_continuous_size': 20, 'attention_head_size': 3, 'learning_rate': 0.0013395500805118653}. Best is trial 12 with value: 305.1242370605469.
LOCAL_RANK: 0 - CUDA_VISIBLE_DEVICES: [0]
[I 2023-12-16 07:51:26,136] Trial 45 finished with value: 488.8837890625 and parameters: {'gradient_clip_val': 0.2961526491287924, 'hidden_size': 54, 'dropout': 0.22357076462983627, 'hidden_continuous_size': 30, 'attention_head_size': 3, 'learning_rate': 0.005832174838004092}. Best is trial 12 with value: 305.1242370605469.
LOCAL_RANK: 0 - CUDA_VISIBLE_DEVICES: [0]
[I 2023-12-16 07:52:21,550] Trial 46 finished with value: 449.410888671875 and parameters: {'gradient_clip_val': 0.2562029661763962, 'hidden_size': 90, 'dropout': 0.17371249452363843, 'hidden_continuous_size': 38, 'attention_head_size': 2, 'learning_rate': 0.003658164774577612}. Best is trial 12 with value: 305.1242370605469.
LOCAL_RANK: 0 - CUDA_VISIBLE_DEVICES: [0]
[I 2023-12-16 07:53:15,166] Trial 47 finished with value: 595.5780639648438 and parameters: {'gradient_clip_val': 0.18176829553367768, 'hidden_size': 70, 'dropout': 0.27129035891476383, 'hidden_continuous_size': 22, 'attention_head_size': 2, 'learning_rate': 0.002577851144265397}. Best is trial 12 with value: 305.1242370605469.
LOCAL_RANK: 0 - CUDA_VISIBLE_DEVICES: [0]
[I 2023-12-16 07:54:07,699] Trial 48 finished with value: 451.1639709472656 and parameters: {'gradient_clip_val': 0.20322028480973267, 'hidden_size': 38, 'dropout': 0.15825577462016288, 'hidden_continuous_size': 15, 'attention_head_size': 4, 'learning_rate': 0.025622787677038582}. Best is trial 12 with value: 305.1242370605469.
LOCAL_RANK: 0 - CUDA_VISIBLE_DEVICES: [0]
[I 2023-12-16 07:55:05,799] Trial 49 finished with value: 454.139892578125 and parameters: {'gradient_clip_val': 0.11690160634086183, 'hidden_size': 87, 'dropout': 0.29113585749362114, 'hidden_continuous_size': 75, 'attention_head_size': 3, 'learning_rate': 0.008563606247928715}. Best is trial 12 with value: 305.1242370605469.
[I 2023-12-16 07:55:05,892] A new study created in memory with name: no-name-7b92d13d-65c0-40ba-b8b2-317a67d13f19
/home/le004/conda/anaconda3/envs/tsff_env/lib/python3.9/site-packages/lightning/fabric/plugins/environments/slurm.py:191: The `srun` command is available on your system but is not used. HINT: If your intention is to run Lightning on SLURM, prepend your python command with `srun` like so: srun python /home/le004/master_thesis/git/TSFusionForecast/code/ ...
LOCAL_RANK: 0 - CUDA_VISIBLE_DEVICES: [0]
[I 2023-12-16 07:55:59,055] Trial 0 finished with value: 225.6001739501953 and parameters: {'gradient_clip_val': 0.4780578838652203, 'hidden_size': 57, 'dropout': 0.2239847895665751, 'hidden_continuous_size': 11, 'attention_head_size': 2, 'learning_rate': 0.035324116859197285}. Best is trial 0 with value: 225.6001739501953.
LOCAL_RANK: 0 - CUDA_VISIBLE_DEVICES: [0]
[I 2023-12-16 07:56:46,452] Trial 1 finished with value: 213.0451202392578 and parameters: {'gradient_clip_val': 0.2660281203887206, 'hidden_size': 21, 'dropout': 0.3884856765922601, 'hidden_continuous_size': 6, 'attention_head_size': 1, 'learning_rate': 0.032856882593627144}. Best is trial 1 with value: 213.0451202392578.
LOCAL_RANK: 0 - CUDA_VISIBLE_DEVICES: [0]
[I 2023-12-16 07:57:31,040] Trial 2 finished with value: 218.0964813232422 and parameters: {'gradient_clip_val': 0.3232655401618778, 'hidden_size': 12, 'dropout': 0.20858248143338531, 'hidden_continuous_size': 7, 'attention_head_size': 3, 'learning_rate': 0.07111385498679869}. Best is trial 1 with value: 213.0451202392578.
LOCAL_RANK: 0 - CUDA_VISIBLE_DEVICES: [0]
[I 2023-12-16 07:58:20,427] Trial 3 finished with value: 186.5979766845703 and parameters: {'gradient_clip_val': 0.44967974768513486, 'hidden_size': 35, 'dropout': 0.20728919962634917, 'hidden_continuous_size': 7, 'attention_head_size': 2, 'learning_rate': 0.002750207304687894}. Best is trial 3 with value: 186.5979766845703.
LOCAL_RANK: 0 - CUDA_VISIBLE_DEVICES: [0]
[I 2023-12-16 07:59:13,015] Trial 4 finished with value: 222.60101318359375 and parameters: {'gradient_clip_val': 0.8363303348787682, 'hidden_size': 50, 'dropout': 0.38661290629973655, 'hidden_continuous_size': 15, 'attention_head_size': 1, 'learning_rate': 0.01308326046967211}. Best is trial 3 with value: 186.5979766845703.
LOCAL_RANK: 0 - CUDA_VISIBLE_DEVICES: [0]
[I 2023-12-16 08:00:05,771] Trial 5 finished with value: 198.91990661621094 and parameters: {'gradient_clip_val': 0.21656517645931647, 'hidden_size': 93, 'dropout': 0.1834753580474765, 'hidden_continuous_size': 7, 'attention_head_size': 1, 'learning_rate': 0.02830543496406417}. Best is trial 3 with value: 186.5979766845703.
LOCAL_RANK: 0 - CUDA_VISIBLE_DEVICES: [0]
[I 2023-12-16 08:01:00,469] Trial 6 finished with value: 226.7151641845703 and parameters: {'gradient_clip_val': 0.5514111023288302, 'hidden_size': 95, 'dropout': 0.13053547512256986, 'hidden_continuous_size': 19, 'attention_head_size': 2, 'learning_rate': 0.004829950024339102}. Best is trial 3 with value: 186.5979766845703.
LOCAL_RANK: 0 - CUDA_VISIBLE_DEVICES: [0]
[I 2023-12-16 08:01:48,591] Trial 7 finished with value: 228.23545837402344 and parameters: {'gradient_clip_val': 0.2900213134330677, 'hidden_size': 17, 'dropout': 0.18025504382489838, 'hidden_continuous_size': 13, 'attention_head_size': 3, 'learning_rate': 0.032157159251172136}. Best is trial 3 with value: 186.5979766845703.
LOCAL_RANK: 0 - CUDA_VISIBLE_DEVICES: [0]
[I 2023-12-16 08:02:33,639] Trial 8 finished with value: 67.0997314453125 and parameters: {'gradient_clip_val': 0.1027731085782292, 'hidden_size': 13, 'dropout': 0.22665909237820667, 'hidden_continuous_size': 8, 'attention_head_size': 1, 'learning_rate': 0.001267627312416884}. Best is trial 8 with value: 67.0997314453125.
LOCAL_RANK: 0 - CUDA_VISIBLE_DEVICES: [0]
[I 2023-12-16 08:03:21,390] Trial 9 finished with value: 166.4954071044922 and parameters: {'gradient_clip_val': 0.13152770799334004, 'hidden_size': 19, 'dropout': 0.3936407442179498, 'hidden_continuous_size': 10, 'attention_head_size': 2, 'learning_rate': 0.01023229001743697}. Best is trial 8 with value: 67.0997314453125.
LOCAL_RANK: 0 - CUDA_VISIBLE_DEVICES: [0]
[I 2023-12-16 08:04:07,475] Trial 10 finished with value: 235.9936981201172 and parameters: {'gradient_clip_val': 0.1144327986701092, 'hidden_size': 6, 'dropout': 0.2822041159395038, 'hidden_continuous_size': 5, 'attention_head_size': 4, 'learning_rate': 0.0006921571540547093}. Best is trial 8 with value: 67.0997314453125.
LOCAL_RANK: 0 - CUDA_VISIBLE_DEVICES: [0]
[I 2023-12-16 08:04:52,912] Trial 11 finished with value: 87.30176544189453 and parameters: {'gradient_clip_val': 0.1266391135016775, 'hidden_size': 11, 'dropout': 0.29898326870594216, 'hidden_continuous_size': 9, 'attention_head_size': 1, 'learning_rate': 0.0013518661252948372}. Best is trial 8 with value: 67.0997314453125.
LOCAL_RANK: 0 - CUDA_VISIBLE_DEVICES: [0]
