[I 2023-12-26 13:43:25,875] Trial 44 finished with value: 3179.337646484375 and parameters: {'gradient_clip_val': 0.5364014828149758, 'hidden_size': 59, 'dropout': 0.3738188821667742, 'hidden_continuous_size': 8, 'attention_head_size': 2, 'learning_rate': 0.054773262445224326}. Best is trial 0 with value: 1003.89208984375.
[I 2023-12-26 13:43:31,395] Trial 45 finished with value: 3749.92578125 and parameters: {'gradient_clip_val': 0.9813718514294328, 'hidden_size': 66, 'dropout': 0.41450134578362535, 'hidden_continuous_size': 10, 'attention_head_size': 1, 'learning_rate': 0.030380206312724336}. Best is trial 0 with value: 1003.89208984375.
[I 2023-12-26 13:43:34,988] Trial 46 finished with value: 3072.810302734375 and parameters: {'gradient_clip_val': 0.6731751392827093, 'hidden_size': 42, 'dropout': 0.34917043205954557, 'hidden_continuous_size': 12, 'attention_head_size': 3, 'learning_rate': 0.012826276476482332}. Best is trial 0 with value: 1003.89208984375.
[I 2023-12-26 13:43:45,617] Trial 47 finished with value: 2531.291259765625 and parameters: {'gradient_clip_val': 0.5856694955933909, 'hidden_size': 142, 'dropout': 0.4616952638631498, 'hidden_continuous_size': 19, 'attention_head_size': 1, 'learning_rate': 0.0070883871951317665}. Best is trial 0 with value: 1003.89208984375.
[I 2023-12-26 13:43:53,496] Trial 48 finished with value: 2872.596435546875 and parameters: {'gradient_clip_val': 0.7507843423679214, 'hidden_size': 97, 'dropout': 0.32715830635838883, 'hidden_continuous_size': 15, 'attention_head_size': 2, 'learning_rate': 0.00904149736940546}. Best is trial 0 with value: 1003.89208984375.
[I 2023-12-26 13:43:57,284] Trial 49 finished with value: 3704.366943359375 and parameters: {'gradient_clip_val': 0.82854642591481, 'hidden_size': 49, 'dropout': 0.29428113053448524, 'hidden_continuous_size': 6, 'attention_head_size': 4, 'learning_rate': 0.016488331356167375}. Best is trial 0 with value: 1003.89208984375.
[I 2023-12-26 13:43:57,412] A new study created in memory with name: no-name-ea0337be-351b-4f8b-9683-a7294d374bd1
/home/le004/conda/anaconda3/envs/tsff_env/lib/python3.9/site-packages/lightning/fabric/plugins/environments/slurm.py:191: The `srun` command is available on your system but is not used. HINT: If your intention is to run Lightning on SLURM, prepend your python command with `srun` like so: srun python /home/le004/master_thesis/git/TSFusionForecast/code/ ...
[I 2023-12-26 13:47:33,162] Trial 0 finished with value: 1231.5899658203125 and parameters: {'gradient_clip_val': 0.3212806432479003, 'hidden_size': 27, 'dropout': 0.1785985228557152, 'hidden_continuous_size': 5, 'attention_head_size': 3, 'learning_rate': 0.0033768744688652567}. Best is trial 0 with value: 1231.5899658203125.
[I 2023-12-26 13:47:40,199] Trial 1 finished with value: 6046.58642578125 and parameters: {'gradient_clip_val': 0.9184072257570528, 'hidden_size': 88, 'dropout': 0.3210027382606163, 'hidden_continuous_size': 19, 'attention_head_size': 1, 'learning_rate': 0.04555831398974469}. Best is trial 0 with value: 1231.5899658203125.
[I 2023-12-26 13:47:42,738] Trial 2 finished with value: 5411.05517578125 and parameters: {'gradient_clip_val': 0.5383957318404925, 'hidden_size': 15, 'dropout': 0.4036502454168357, 'hidden_continuous_size': 5, 'attention_head_size': 4, 'learning_rate': 0.0008764527982650429}. Best is trial 0 with value: 1231.5899658203125.
[I 2023-12-26 13:47:45,360] Trial 3 finished with value: 4066.626953125 and parameters: {'gradient_clip_val': 0.20641797265470915, 'hidden_size': 17, 'dropout': 0.31004521115442996, 'hidden_continuous_size': 13, 'attention_head_size': 4, 'learning_rate': 0.08075418063449648}. Best is trial 0 with value: 1231.5899658203125.
[I 2023-12-26 13:47:47,513] Trial 4 finished with value: 6475.287109375 and parameters: {'gradient_clip_val': 0.7184282153248759, 'hidden_size': 8, 'dropout': 0.20383943759444373, 'hidden_continuous_size': 7, 'attention_head_size': 2, 'learning_rate': 0.014593606267648773}. Best is trial 0 with value: 1231.5899658203125.
[I 2023-12-26 13:47:59,229] Trial 5 finished with value: 4224.4921875 and parameters: {'gradient_clip_val': 0.19665495388630577, 'hidden_size': 136, 'dropout': 0.347598211966861, 'hidden_continuous_size': 95, 'attention_head_size': 1, 'learning_rate': 0.021828041402021513}. Best is trial 0 with value: 1231.5899658203125.
[I 2023-12-26 13:48:07,108] Trial 6 finished with value: 6496.12890625 and parameters: {'gradient_clip_val': 0.7957582482060225, 'hidden_size': 92, 'dropout': 0.2929769198395187, 'hidden_continuous_size': 76, 'attention_head_size': 2, 'learning_rate': 0.002909142964155961}. Best is trial 0 with value: 1231.5899658203125.
[I 2023-12-26 13:48:11,003] Trial 7 finished with value: 4732.04150390625 and parameters: {'gradient_clip_val': 0.3386324309430162, 'hidden_size': 40, 'dropout': 0.4930189174058437, 'hidden_continuous_size': 39, 'attention_head_size': 3, 'learning_rate': 0.0007861148806834752}. Best is trial 0 with value: 1231.5899658203125.
[I 2023-12-26 13:48:16,484] Trial 8 finished with value: 4772.73828125 and parameters: {'gradient_clip_val': 0.5428472723837536, 'hidden_size': 63, 'dropout': 0.26371973394274184, 'hidden_continuous_size': 40, 'attention_head_size': 4, 'learning_rate': 0.0017181786868202089}. Best is trial 0 with value: 1231.5899658203125.
[I 2023-12-26 13:48:27,649] Trial 9 finished with value: 3874.1328125 and parameters: {'gradient_clip_val': 0.7334199680692647, 'hidden_size': 139, 'dropout': 0.4610686322024605, 'hidden_continuous_size': 9, 'attention_head_size': 2, 'learning_rate': 0.0011598514301888604}. Best is trial 0 with value: 1231.5899658203125.
[I 2023-12-26 13:48:30,832] Trial 10 finished with value: 4667.76318359375 and parameters: {'gradient_clip_val': 0.10143590298935654, 'hidden_size': 30, 'dropout': 0.12398097069718222, 'hidden_continuous_size': 5, 'attention_head_size': 3, 'learning_rate': 0.005014209316867926}. Best is trial 0 with value: 1231.5899658203125.
[I 2023-12-26 13:48:42,174] Trial 11 finished with value: 5049.31005859375 and parameters: {'gradient_clip_val': 0.4001172699563284, 'hidden_size': 147, 'dropout': 0.4806818433295401, 'hidden_continuous_size': 11, 'attention_head_size': 2, 'learning_rate': 0.002085513314561846}. Best is trial 0 with value: 1231.5899658203125.
[I 2023-12-26 13:48:46,411] Trial 12 finished with value: 7490.0859375 and parameters: {'gradient_clip_val': 0.9828485862815819, 'hidden_size': 47, 'dropout': 0.10619686674161995, 'hidden_continuous_size': 8, 'attention_head_size': 3, 'learning_rate': 0.0005023142778742118}. Best is trial 0 with value: 1231.5899658203125.
[I 2023-12-26 13:48:49,066] Trial 13 finished with value: 5392.34619140625 and parameters: {'gradient_clip_val': 0.5030273727868028, 'hidden_size': 24, 'dropout': 0.21585954348846356, 'hidden_continuous_size': 7, 'attention_head_size': 2, 'learning_rate': 0.005995037627157328}. Best is trial 0 with value: 1231.5899658203125.
[I 2023-12-26 13:48:51,156] Trial 14 finished with value: 5446.81005859375 and parameters: {'gradient_clip_val': 0.259221467177042, 'hidden_size': 5, 'dropout': 0.40574548451231895, 'hidden_continuous_size': 5, 'attention_head_size': 3, 'learning_rate': 0.003112308067504277}. Best is trial 0 with value: 1231.5899658203125.
[I 2023-12-26 13:48:56,604] Trial 15 finished with value: 4827.52783203125 and parameters: {'gradient_clip_val': 0.708142904917468, 'hidden_size': 66, 'dropout': 0.16684510784920598, 'hidden_continuous_size': 9, 'attention_head_size': 1, 'learning_rate': 0.0013802357783438282}. Best is trial 0 with value: 1231.5899658203125.
[I 2023-12-26 13:49:00,332] Trial 16 finished with value: 5654.25390625 and parameters: {'gradient_clip_val': 0.39230716986446845, 'hidden_size': 41, 'dropout': 0.24046768345634778, 'hidden_continuous_size': 6, 'attention_head_size': 3, 'learning_rate': 0.004352631967907738}. Best is trial 0 with value: 1231.5899658203125.
[I 2023-12-26 13:49:03,363] Trial 17 finished with value: 5976.0703125 and parameters: {'gradient_clip_val': 0.6229202539942839, 'hidden_size': 27, 'dropout': 0.15323571942220598, 'hidden_continuous_size': 6, 'attention_head_size': 2, 'learning_rate': 0.008883869117918096}. Best is trial 0 with value: 1231.5899658203125.
[I 2023-12-26 13:49:11,188] Trial 18 finished with value: 6097.43994140625 and parameters: {'gradient_clip_val': 0.48452432173644955, 'hidden_size': 94, 'dropout': 0.1880930798759153, 'hidden_continuous_size': 12, 'attention_head_size': 3, 'learning_rate': 0.0014199489992102006}. Best is trial 0 with value: 1231.5899658203125.
[I 2023-12-26 13:49:13,645] Trial 19 finished with value: 5086.1298828125 and parameters: {'gradient_clip_val': 0.28486870276318016, 'hidden_size': 12, 'dropout': 0.25479718167969667, 'hidden_continuous_size': 5, 'attention_head_size': 2, 'learning_rate': 0.0030319087424340897}. Best is trial 0 with value: 1231.5899658203125.
[I 2023-12-26 13:49:16,235] Trial 20 finished with value: 5032.70068359375 and parameters: {'gradient_clip_val': 0.8482243143746054, 'hidden_size': 20, 'dropout': 0.15045617650605192, 'hidden_continuous_size': 6, 'attention_head_size': 1, 'learning_rate': 0.009281905153236812}. Best is trial 0 with value: 1231.5899658203125.
[I 2023-12-26 13:49:19,035] Trial 21 finished with value: 5670.93603515625 and parameters: {'gradient_clip_val': 0.2051984121863697, 'hidden_size': 18, 'dropout': 0.3526658211982221, 'hidden_continuous_size': 8, 'attention_head_size': 4, 'learning_rate': 0.06914998624901593}. Best is trial 0 with value: 1231.5899658203125.
[I 2023-12-26 13:49:21,496] Trial 22 finished with value: 6339.31787109375 and parameters: {'gradient_clip_val': 0.21872337526604654, 'hidden_size': 11, 'dropout': 0.2846225969578871, 'hidden_continuous_size': 6, 'attention_head_size': 4, 'learning_rate': 0.08163488020241769}. Best is trial 0 with value: 1231.5899658203125.
[I 2023-12-26 13:49:24,912] Trial 23 finished with value: 5495.92041015625 and parameters: {'gradient_clip_val': 0.15705514939137846, 'hidden_size': 35, 'dropout': 0.22988531093901424, 'hidden_continuous_size': 10, 'attention_head_size': 4, 'learning_rate': 0.03266297847504318}. Best is trial 0 with value: 1231.5899658203125.
[I 2023-12-26 13:49:27,683] Trial 24 finished with value: 4984.8408203125 and parameters: {'gradient_clip_val': 0.3580422314758427, 'hidden_size': 24, 'dropout': 0.19014597417858797, 'hidden_continuous_size': 12, 'attention_head_size': 4, 'learning_rate': 0.09275716348492025}. Best is trial 0 with value: 1231.5899658203125.
[I 2023-12-26 13:49:32,215] Trial 25 finished with value: 6138.91162109375 and parameters: {'gradient_clip_val': 0.2972994329602844, 'hidden_size': 53, 'dropout': 0.262050433460672, 'hidden_continuous_size': 15, 'attention_head_size': 3, 'learning_rate': 0.021364722683828687}. Best is trial 0 with value: 1231.5899658203125.
[I 2023-12-26 13:49:35,421] Trial 26 finished with value: 4421.17578125 and parameters: {'gradient_clip_val': 0.421861496436216, 'hidden_size': 33, 'dropout': 0.45364438917692795, 'hidden_continuous_size': 10, 'attention_head_size': 2, 'learning_rate': 0.008629801640921605}. Best is trial 0 with value: 1231.5899658203125.
[I 2023-12-26 13:49:38,041] Trial 27 finished with value: 5121.52294921875 and parameters: {'gradient_clip_val': 0.6547842313099022, 'hidden_size': 18, 'dropout': 0.32586391867437065, 'hidden_continuous_size': 7, 'attention_head_size': 3, 'learning_rate': 0.01280155721572351}. Best is trial 0 with value: 1231.5899658203125.
[I 2023-12-26 13:49:41,293] Trial 28 finished with value: 5183.86376953125 and parameters: {'gradient_clip_val': 0.2583537757890102, 'hidden_size': 30, 'dropout': 0.38724593479326075, 'hidden_continuous_size': 9, 'attention_head_size': 4, 'learning_rate': 0.004493013154267739}. Best is trial 0 with value: 1231.5899658203125.
[I 2023-12-26 13:49:50,129] Trial 29 finished with value: 4436.55810546875 and parameters: {'gradient_clip_val': 0.9257382317871502, 'hidden_size': 112, 'dropout': 0.31390867866014976, 'hidden_continuous_size': 17, 'attention_head_size': 1, 'learning_rate': 0.040520626485970275}. Best is trial 0 with value: 1231.5899658203125.
[I 2023-12-26 13:49:56,086] Trial 30 finished with value: 5839.35107421875 and parameters: {'gradient_clip_val': 0.3352085391714146, 'hidden_size': 70, 'dropout': 0.28996738325210936, 'hidden_continuous_size': 14, 'attention_head_size': 3, 'learning_rate': 0.056064543596925066}. Best is trial 0 with value: 1231.5899658203125.
[I 2023-12-26 13:50:07,788] Trial 31 finished with value: 4911.357421875 and parameters: {'gradient_clip_val': 0.18425928713994852, 'hidden_size': 150, 'dropout': 0.35775528686361313, 'hidden_continuous_size': 22, 'attention_head_size': 1, 'learning_rate': 0.025808441154612248}. Best is trial 0 with value: 1231.5899658203125.
[I 2023-12-26 13:50:16,956] Trial 32 finished with value: 5513.89453125 and parameters: {'gradient_clip_val': 0.162027415251339, 'hidden_size': 105, 'dropout': 0.4332172425758991, 'hidden_continuous_size': 100, 'attention_head_size': 1, 'learning_rate': 0.04608871217129941}. Best is trial 0 with value: 1231.5899658203125.
[I 2023-12-26 13:50:23,986] Trial 33 finished with value: 5088.97119140625 and parameters: {'gradient_clip_val': 0.24186084720254916, 'hidden_size': 82, 'dropout': 0.3325410162003353, 'hidden_continuous_size': 21, 'attention_head_size': 1, 'learning_rate': 0.05864850381733481}. Best is trial 0 with value: 1231.5899658203125.
[I 2023-12-26 13:50:33,873] Trial 34 finished with value: 4432.39208984375 and parameters: {'gradient_clip_val': 0.30729984441297264, 'hidden_size': 123, 'dropout': 0.3744968368408212, 'hidden_continuous_size': 30, 'attention_head_size': 2, 'learning_rate': 0.09754536129398016}. Best is trial 0 with value: 1231.5899658203125.
[I 2023-12-26 13:50:40,840] Trial 35 finished with value: 4430.48583984375 and parameters: {'gradient_clip_val': 0.44490610396947156, 'hidden_size': 85, 'dropout': 0.3042585606271504, 'hidden_continuous_size': 13, 'attention_head_size': 2, 'learning_rate': 0.023010324526948688}. Best is trial 0 with value: 1231.5899658203125.
[I 2023-12-26 13:50:50,581] Trial 36 finished with value: 6219.373046875 and parameters: {'gradient_clip_val': 0.5702175964878743, 'hidden_size': 123, 'dropout': 0.34036663177867194, 'hidden_continuous_size': 17, 'attention_head_size': 1, 'learning_rate': 0.014612610975606106}. Best is trial 0 with value: 1231.5899658203125.
[I 2023-12-26 13:50:55,272] Trial 37 finished with value: 4585.34423828125 and parameters: {'gradient_clip_val': 0.7923771828136218, 'hidden_size': 53, 'dropout': 0.4177792212133901, 'hidden_continuous_size': 14, 'attention_head_size': 4, 'learning_rate': 0.035054834541579025}. Best is trial 0 with value: 1231.5899658203125.
[I 2023-12-26 13:51:02,092] Trial 38 finished with value: 6529.58544921875 and parameters: {'gradient_clip_val': 0.3612556550320282, 'hidden_size': 79, 'dropout': 0.3825139423077039, 'hidden_continuous_size': 53, 'attention_head_size': 2, 'learning_rate': 0.0009006447438857863}. Best is trial 0 with value: 1231.5899658203125.
[I 2023-12-26 13:51:11,241] Trial 39 finished with value: 5628.56640625 and parameters: {'gradient_clip_val': 0.4532675093211716, 'hidden_size': 101, 'dropout': 0.28355934731692106, 'hidden_continuous_size': 63, 'attention_head_size': 4, 'learning_rate': 0.0022077615929159793}. Best is trial 0 with value: 1231.5899658203125.
[I 2023-12-26 13:51:21,621] Trial 40 finished with value: 4368.9375 and parameters: {'gradient_clip_val': 0.514498056709922, 'hidden_size': 132, 'dropout': 0.31003349717364154, 'hidden_continuous_size': 28, 'attention_head_size': 3, 'learning_rate': 0.049919251239146846}. Best is trial 0 with value: 1231.5899658203125.
[I 2023-12-26 13:51:34,678] Trial 41 finished with value: 4283.61474609375 and parameters: {'gradient_clip_val': 0.5793650200428373, 'hidden_size': 143, 'dropout': 0.31354458313288475, 'hidden_continuous_size': 125, 'attention_head_size': 3, 'learning_rate': 0.049754774191602506}. Best is trial 0 with value: 1231.5899658203125.
[I 2023-12-26 13:51:47,819] Trial 42 finished with value: 4827.6142578125 and parameters: {'gradient_clip_val': 0.5909254816300751, 'hidden_size': 147, 'dropout': 0.36164224665493966, 'hidden_continuous_size': 137, 'attention_head_size': 3, 'learning_rate': 0.07100848106570332}. Best is trial 0 with value: 1231.5899658203125.
[I 2023-12-26 13:51:56,929] Trial 43 finished with value: 4666.4091796875 and parameters: {'gradient_clip_val': 0.6514228621408368, 'hidden_size': 110, 'dropout': 0.3320464011971622, 'hidden_continuous_size': 79, 'attention_head_size': 3, 'learning_rate': 0.06203911183313717}. Best is trial 0 with value: 1231.5899658203125.
[I 2023-12-26 13:52:04,019] Trial 44 finished with value: 7930.458984375 and parameters: {'gradient_clip_val': 0.7608723627824048, 'hidden_size': 94, 'dropout': 0.27255439370697426, 'hidden_continuous_size': 8, 'attention_head_size': 3, 'learning_rate': 0.04034708874472289}. Best is trial 0 with value: 1231.5899658203125.
[I 2023-12-26 13:52:14,217] Trial 45 finished with value: 4662.31005859375 and parameters: {'gradient_clip_val': 0.7089650898700972, 'hidden_size': 127, 'dropout': 0.2973300815609763, 'hidden_continuous_size': 107, 'attention_head_size': 2, 'learning_rate': 0.07122773721364513}. Best is trial 0 with value: 1231.5899658203125.
[I 2023-12-26 13:52:19,018] Trial 46 finished with value: 7245.15478515625 and parameters: {'gradient_clip_val': 0.5305933449304334, 'hidden_size': 71, 'dropout': 0.4951379928661577, 'hidden_continuous_size': 43, 'attention_head_size': 2, 'learning_rate': 0.030179194233646536}. Best is trial 0 with value: 1231.5899658203125.
[I 2023-12-26 13:52:22,898] Trial 47 finished with value: 6178.25390625 and parameters: {'gradient_clip_val': 0.8763662088428813, 'hidden_size': 44, 'dropout': 0.246670971958059, 'hidden_continuous_size': 11, 'attention_head_size': 3, 'learning_rate': 0.003782219249376264}. Best is trial 0 with value: 1231.5899658203125.
[I 2023-12-26 13:52:28,511] Trial 48 finished with value: 4746.36767578125 and parameters: {'gradient_clip_val': 0.9598501289807342, 'hidden_size': 92, 'dropout': 0.3162361754302406, 'hidden_continuous_size': 5, 'attention_head_size': 3, 'learning_rate': 0.01897251042639897}. Best is trial 0 with value: 1231.5899658203125.
[I 2023-12-26 13:52:32,376] Trial 49 finished with value: 6383.34130859375 and parameters: {'gradient_clip_val': 0.4768465508049355, 'hidden_size': 58, 'dropout': 0.22263313139482488, 'hidden_continuous_size': 16, 'attention_head_size': 4, 'learning_rate': 0.05149611180955364}. Best is trial 0 with value: 1231.5899658203125.
[I 2023-12-26 13:52:32,568] A new study created in memory with name: no-name-7ad7066d-0b57-43bd-a04a-534b9c95bcad
/home/le004/conda/anaconda3/envs/tsff_env/lib/python3.9/site-packages/lightning/fabric/plugins/environments/slurm.py:191: The `srun` command is available on your system but is not used. HINT: If your intention is to run Lightning on SLURM, prepend your python command with `srun` like so: srun python /home/le004/master_thesis/git/TSFusionForecast/code/ ...
[I 2023-12-26 13:55:29,007] Trial 0 finished with value: 27.69841957092285 and parameters: {'gradient_clip_val': 0.47708606219556887, 'hidden_size': 16, 'dropout': 0.16155824947045244, 'hidden_continuous_size': 13, 'attention_head_size': 1, 'learning_rate': 0.0009315780808219975}. Best is trial 0 with value: 27.69841957092285.
[I 2023-12-26 13:55:32,777] Trial 1 finished with value: 46.1851921081543 and parameters: {'gradient_clip_val': 0.18839549084001686, 'hidden_size': 68, 'dropout': 0.14453536505107847, 'hidden_continuous_size': 10, 'attention_head_size': 3, 'learning_rate': 0.0014540846811744183}. Best is trial 0 with value: 27.69841957092285.
[I 2023-12-26 13:55:35,087] Trial 2 finished with value: 44.117008209228516 and parameters: {'gradient_clip_val': 0.30250480208254604, 'hidden_size': 28, 'dropout': 0.49303127437602856, 'hidden_continuous_size': 9, 'attention_head_size': 2, 'learning_rate': 0.09827472761837766}. Best is trial 0 with value: 27.69841957092285.
[I 2023-12-26 13:55:38,587] Trial 3 finished with value: 45.9632568359375 and parameters: {'gradient_clip_val': 0.19705268665512293, 'hidden_size': 64, 'dropout': 0.214142768575201, 'hidden_continuous_size': 25, 'attention_head_size': 3, 'learning_rate': 0.010590026271206435}. Best is trial 0 with value: 27.69841957092285.
[I 2023-12-26 13:55:41,252] Trial 4 finished with value: 59.7119255065918 and parameters: {'gradient_clip_val': 0.3423002102600588, 'hidden_size': 41, 'dropout': 0.36156376013833935, 'hidden_continuous_size': 10, 'attention_head_size': 3, 'learning_rate': 0.0027755582916629677}. Best is trial 0 with value: 27.69841957092285.
[I 2023-12-26 13:55:43,027] Trial 5 finished with value: 51.12263870239258 and parameters: {'gradient_clip_val': 0.9774243305449649, 'hidden_size': 8, 'dropout': 0.47527673411328797, 'hidden_continuous_size': 5, 'attention_head_size': 1, 'learning_rate': 0.002253455784050664}. Best is trial 0 with value: 27.69841957092285.
[I 2023-12-26 13:55:45,004] Trial 6 finished with value: 65.29366302490234 and parameters: {'gradient_clip_val': 0.6435911211275417, 'hidden_size': 11, 'dropout': 0.13309250050302512, 'hidden_continuous_size': 7, 'attention_head_size': 2, 'learning_rate': 0.0006271547088852596}. Best is trial 0 with value: 27.69841957092285.
[I 2023-12-26 13:55:46,704] Trial 7 finished with value: 57.360595703125 and parameters: {'gradient_clip_val': 0.5929638028214989, 'hidden_size': 6, 'dropout': 0.1437469487038029, 'hidden_continuous_size': 6, 'attention_head_size': 2, 'learning_rate': 0.01282417087136076}. Best is trial 0 with value: 27.69841957092285.
