[I 2023-12-26 12:54:59,579] Trial 21 finished with value: 3.266535758972168 and parameters: {'gradient_clip_val': 0.5589326624130081, 'hidden_size': 20, 'dropout': 0.4981817903327647, 'hidden_continuous_size': 8, 'attention_head_size': 2, 'learning_rate': 0.0010361131393112747}. Best is trial 1 with value: 0.0637907013297081.
[I 2023-12-26 12:55:01,896] Trial 22 finished with value: 3.8091790676116943 and parameters: {'gradient_clip_val': 0.41896772308617736, 'hidden_size': 14, 'dropout': 0.48177420214349354, 'hidden_continuous_size': 7, 'attention_head_size': 2, 'learning_rate': 0.0012287085548987483}. Best is trial 1 with value: 0.0637907013297081.
[I 2023-12-26 12:55:05,850] Trial 23 finished with value: 3.1846120357513428 and parameters: {'gradient_clip_val': 0.8036846140554175, 'hidden_size': 55, 'dropout': 0.46074033558565075, 'hidden_continuous_size': 13, 'attention_head_size': 3, 'learning_rate': 0.0007182308549998251}. Best is trial 1 with value: 0.0637907013297081.
[I 2023-12-26 12:55:08,876] Trial 24 finished with value: 4.0903143882751465 and parameters: {'gradient_clip_val': 0.567584053699924, 'hidden_size': 27, 'dropout': 0.42663390962222303, 'hidden_continuous_size': 10, 'attention_head_size': 1, 'learning_rate': 0.0015375662310498721}. Best is trial 1 with value: 0.0637907013297081.
[I 2023-12-26 12:55:12,914] Trial 25 finished with value: 2.570847511291504 and parameters: {'gradient_clip_val': 0.769772842005338, 'hidden_size': 42, 'dropout': 0.4929711145755566, 'hidden_continuous_size': 11, 'attention_head_size': 2, 'learning_rate': 0.0005529963989474346}. Best is trial 1 with value: 0.0637907013297081.
[I 2023-12-26 12:55:16,777] Trial 26 finished with value: 2.3295986652374268 and parameters: {'gradient_clip_val': 0.9346376766396776, 'hidden_size': 43, 'dropout': 0.41079100180197636, 'hidden_continuous_size': 16, 'attention_head_size': 3, 'learning_rate': 0.0005437265872842386}. Best is trial 1 with value: 0.0637907013297081.
[I 2023-12-26 12:55:22,396] Trial 27 finished with value: 3.2521255016326904 and parameters: {'gradient_clip_val': 0.874586990957881, 'hidden_size': 67, 'dropout': 0.39704593602128746, 'hidden_continuous_size': 17, 'attention_head_size': 3, 'learning_rate': 0.0008634618288792311}. Best is trial 1 with value: 0.0637907013297081.
[I 2023-12-26 12:55:29,647] Trial 28 finished with value: 2.524672746658325 and parameters: {'gradient_clip_val': 0.9332792261961131, 'hidden_size': 101, 'dropout': 0.32090769423586596, 'hidden_continuous_size': 28, 'attention_head_size': 3, 'learning_rate': 0.0005004734819310853}. Best is trial 1 with value: 0.0637907013297081.
[I 2023-12-26 12:55:33,326] Trial 29 finished with value: 2.876986265182495 and parameters: {'gradient_clip_val': 0.7194880336409535, 'hidden_size': 42, 'dropout': 0.3017842936760651, 'hidden_continuous_size': 15, 'attention_head_size': 4, 'learning_rate': 0.0018073548088897793}. Best is trial 1 with value: 0.0637907013297081.
[I 2023-12-26 12:55:39,042] Trial 30 finished with value: 3.8182528018951416 and parameters: {'gradient_clip_val': 0.3712587475738425, 'hidden_size': 65, 'dropout': 0.3574029496798203, 'hidden_continuous_size': 20, 'attention_head_size': 3, 'learning_rate': 0.000773399235567083}. Best is trial 1 with value: 0.0637907013297081.
[I 2023-12-26 12:55:47,070] Trial 31 finished with value: 2.8563153743743896 and parameters: {'gradient_clip_val': 0.9809174173884336, 'hidden_size': 93, 'dropout': 0.3389432990232465, 'hidden_continuous_size': 26, 'attention_head_size': 3, 'learning_rate': 0.0005976655667269146}. Best is trial 1 with value: 0.0637907013297081.
[I 2023-12-26 12:55:55,741] Trial 32 finished with value: 2.8733069896698 and parameters: {'gradient_clip_val': 0.9852844403793829, 'hidden_size': 104, 'dropout': 0.2846724291776946, 'hidden_continuous_size': 37, 'attention_head_size': 3, 'learning_rate': 0.0005371987259285133}. Best is trial 1 with value: 0.0637907013297081.
[I 2023-12-26 12:56:05,841] Trial 33 finished with value: 3.2323009967803955 and parameters: {'gradient_clip_val': 0.7857919527296269, 'hidden_size': 118, 'dropout': 0.3112104680810035, 'hidden_continuous_size': 52, 'attention_head_size': 4, 'learning_rate': 0.0008816393853073848}. Best is trial 1 with value: 0.0637907013297081.
[I 2023-12-26 12:56:17,305] Trial 34 finished with value: 2.726851224899292 and parameters: {'gradient_clip_val': 0.8131703942586654, 'hidden_size': 143, 'dropout': 0.34399725693657646, 'hidden_continuous_size': 28, 'attention_head_size': 3, 'learning_rate': 0.0006989565276813819}. Best is trial 1 with value: 0.0637907013297081.
[I 2023-12-26 12:56:26,221] Trial 35 finished with value: 4.119217395782471 and parameters: {'gradient_clip_val': 0.6061744430106629, 'hidden_size': 104, 'dropout': 0.2803899641437664, 'hidden_continuous_size': 20, 'attention_head_size': 3, 'learning_rate': 0.00126273997790931}. Best is trial 1 with value: 0.0637907013297081.
[I 2023-12-26 12:56:32,939] Trial 36 finished with value: 3.015216112136841 and parameters: {'gradient_clip_val': 0.4871947886137078, 'hidden_size': 77, 'dropout': 0.3215205582711398, 'hidden_continuous_size': 22, 'attention_head_size': 4, 'learning_rate': 0.0005049699739273209}. Best is trial 1 with value: 0.0637907013297081.
[I 2023-12-26 12:56:42,521] Trial 37 finished with value: 3.0755443572998047 and parameters: {'gradient_clip_val': 0.6304883330384432, 'hidden_size': 124, 'dropout': 0.40144264552588305, 'hidden_continuous_size': 14, 'attention_head_size': 2, 'learning_rate': 0.0009682094319716231}. Best is trial 1 with value: 0.0637907013297081.
[I 2023-12-26 12:56:47,738] Trial 38 finished with value: 3.8432705402374268 and parameters: {'gradient_clip_val': 0.7083898650463398, 'hidden_size': 60, 'dropout': 0.41879984433679895, 'hidden_continuous_size': 12, 'attention_head_size': 3, 'learning_rate': 0.0007363910872984294}. Best is trial 1 with value: 0.0637907013297081.
[I 2023-12-26 12:56:51,200] Trial 39 finished with value: 2.9673750400543213 and parameters: {'gradient_clip_val': 0.3906381658708462, 'hidden_size': 34, 'dropout': 0.37802421766066, 'hidden_continuous_size': 15, 'attention_head_size': 3, 'learning_rate': 0.002560290251927353}. Best is trial 1 with value: 0.0637907013297081.
[I 2023-12-26 12:56:58,224] Trial 40 finished with value: 2.90836238861084 and parameters: {'gradient_clip_val': 0.48918643870302386, 'hidden_size': 86, 'dropout': 0.35099757586442004, 'hidden_continuous_size': 24, 'attention_head_size': 4, 'learning_rate': 0.0016684935731034437}. Best is trial 1 with value: 0.0637907013297081.
[I 2023-12-26 12:57:01,812] Trial 41 finished with value: 3.8204457759857178 and parameters: {'gradient_clip_val': 0.725368919916702, 'hidden_size': 39, 'dropout': 0.43232839397539957, 'hidden_continuous_size': 12, 'attention_head_size': 1, 'learning_rate': 0.0006203765694248353}. Best is trial 1 with value: 0.0637907013297081.
[I 2023-12-26 12:57:05,900] Trial 42 finished with value: 2.4608848094940186 and parameters: {'gradient_clip_val': 0.7507316039873211, 'hidden_size': 43, 'dropout': 0.45176500127116853, 'hidden_continuous_size': 11, 'attention_head_size': 2, 'learning_rate': 0.0005389690936371782}. Best is trial 1 with value: 0.0637907013297081.
[I 2023-12-26 12:57:08,749] Trial 43 finished with value: 3.5898988246917725 and parameters: {'gradient_clip_val': 0.893203793201876, 'hidden_size': 31, 'dropout': 0.44811099234327506, 'hidden_continuous_size': 13, 'attention_head_size': 2, 'learning_rate': 0.0005215812481079383}. Best is trial 1 with value: 0.0637907013297081.
[I 2023-12-26 12:57:12,037] Trial 44 finished with value: 3.1047561168670654 and parameters: {'gradient_clip_val': 0.6005439382543845, 'hidden_size': 48, 'dropout': 0.41056389381733077, 'hidden_continuous_size': 17, 'attention_head_size': 1, 'learning_rate': 0.00098669901805515}. Best is trial 1 with value: 0.0637907013297081.
[I 2023-12-26 12:57:17,610] Trial 45 finished with value: 3.377470016479492 and parameters: {'gradient_clip_val': 0.6496012758284052, 'hidden_size': 69, 'dropout': 0.3795481017290762, 'hidden_continuous_size': 10, 'attention_head_size': 3, 'learning_rate': 0.0006516209960666592}. Best is trial 1 with value: 0.0637907013297081.
[I 2023-12-26 12:57:23,399] Trial 46 finished with value: 2.938415765762329 and parameters: {'gradient_clip_val': 0.797435157040912, 'hidden_size': 60, 'dropout': 0.4434530232914332, 'hidden_continuous_size': 18, 'attention_head_size': 2, 'learning_rate': 0.0011376072372523537}. Best is trial 1 with value: 0.0637907013297081.
[I 2023-12-26 12:57:30,034] Trial 47 finished with value: 3.6413633823394775 and parameters: {'gradient_clip_val': 0.8938487865421498, 'hidden_size': 75, 'dropout': 0.41540676382428143, 'hidden_continuous_size': 15, 'attention_head_size': 3, 'learning_rate': 0.0006610525850642922}. Best is trial 1 with value: 0.0637907013297081.
[I 2023-12-26 12:57:38,922] Trial 48 finished with value: 3.973276138305664 and parameters: {'gradient_clip_val': 0.6873671145891368, 'hidden_size': 111, 'dropout': 0.35539477860376645, 'hidden_continuous_size': 55, 'attention_head_size': 1, 'learning_rate': 0.0015037451200904553}. Best is trial 1 with value: 0.0637907013297081.
[I 2023-12-26 12:57:43,359] Trial 49 finished with value: 3.835033655166626 and parameters: {'gradient_clip_val': 0.9866812878204884, 'hidden_size': 47, 'dropout': 0.3813168202444274, 'hidden_continuous_size': 9, 'attention_head_size': 2, 'learning_rate': 0.0005076720445215079}. Best is trial 1 with value: 0.0637907013297081.
[I 2023-12-26 12:57:43,501] A new study created in memory with name: no-name-f827dcb0-c3ad-4ce0-986e-f4544492cd9c
/home/le004/conda/anaconda3/envs/tsff_env/lib/python3.9/site-packages/lightning/fabric/plugins/environments/slurm.py:191: The `srun` command is available on your system but is not used. HINT: If your intention is to run Lightning on SLURM, prepend your python command with `srun` like so: srun python /home/le004/master_thesis/git/TSFusionForecast/code/ ...
[I 2023-12-26 13:00:25,947] Trial 0 finished with value: 985.079345703125 and parameters: {'gradient_clip_val': 0.8967838202860062, 'hidden_size': 20, 'dropout': 0.19275886935644718, 'hidden_continuous_size': 7, 'attention_head_size': 3, 'learning_rate': 0.011953535821436455}. Best is trial 0 with value: 985.079345703125.
[I 2023-12-26 13:00:28,067] Trial 1 finished with value: 6989.16943359375 and parameters: {'gradient_clip_val': 0.10568893514625419, 'hidden_size': 24, 'dropout': 0.41325531273453653, 'hidden_continuous_size': 9, 'attention_head_size': 1, 'learning_rate': 0.0016488128376929239}. Best is trial 0 with value: 985.079345703125.
[I 2023-12-26 13:00:36,073] Trial 2 finished with value: 5952.046875 and parameters: {'gradient_clip_val': 0.8630828957168322, 'hidden_size': 131, 'dropout': 0.1589141172467056, 'hidden_continuous_size': 9, 'attention_head_size': 1, 'learning_rate': 0.0014659805198153667}. Best is trial 0 with value: 985.079345703125.
[I 2023-12-26 13:00:40,158] Trial 3 finished with value: 5986.41650390625 and parameters: {'gradient_clip_val': 0.33103204519795854, 'hidden_size': 73, 'dropout': 0.40679816917238687, 'hidden_continuous_size': 5, 'attention_head_size': 2, 'learning_rate': 0.08218786037290902}. Best is trial 0 with value: 985.079345703125.
[I 2023-12-26 13:00:42,295] Trial 4 finished with value: 5801.1328125 and parameters: {'gradient_clip_val': 0.9840704450852201, 'hidden_size': 21, 'dropout': 0.31236450014437517, 'hidden_continuous_size': 5, 'attention_head_size': 2, 'learning_rate': 0.03669593083208756}. Best is trial 0 with value: 985.079345703125.
[I 2023-12-26 13:00:49,854] Trial 5 finished with value: 4909.89453125 and parameters: {'gradient_clip_val': 0.939467200879359, 'hidden_size': 110, 'dropout': 0.22822192186454654, 'hidden_continuous_size': 103, 'attention_head_size': 3, 'learning_rate': 0.040568034754545824}. Best is trial 0 with value: 985.079345703125.
[I 2023-12-26 13:00:52,302] Trial 6 finished with value: 5920.10693359375 and parameters: {'gradient_clip_val': 0.24512423966519534, 'hidden_size': 34, 'dropout': 0.18433246198282363, 'hidden_continuous_size': 34, 'attention_head_size': 4, 'learning_rate': 0.0006119835708456558}. Best is trial 0 with value: 985.079345703125.
[I 2023-12-26 13:00:54,003] Trial 7 finished with value: 8449.4755859375 and parameters: {'gradient_clip_val': 0.24595996538171713, 'hidden_size': 6, 'dropout': 0.10013531879181366, 'hidden_continuous_size': 6, 'attention_head_size': 1, 'learning_rate': 0.0006006331895614934}. Best is trial 0 with value: 985.079345703125.
[I 2023-12-26 13:00:56,076] Trial 8 finished with value: 6133.00732421875 and parameters: {'gradient_clip_val': 0.1307876962023784, 'hidden_size': 14, 'dropout': 0.3426747011668555, 'hidden_continuous_size': 10, 'attention_head_size': 3, 'learning_rate': 0.0007084978129354097}. Best is trial 0 with value: 985.079345703125.
[I 2023-12-26 13:00:58,594] Trial 9 finished with value: 6522.53125 and parameters: {'gradient_clip_val': 0.12608045122775446, 'hidden_size': 35, 'dropout': 0.25752536814804877, 'hidden_continuous_size': 6, 'attention_head_size': 4, 'learning_rate': 0.01314567723583828}. Best is trial 0 with value: 985.079345703125.
[I 2023-12-26 13:01:00,578] Trial 10 finished with value: 8323.9072265625 and parameters: {'gradient_clip_val': 0.5782085842433997, 'hidden_size': 9, 'dropout': 0.2666950302287745, 'hidden_continuous_size': 5, 'attention_head_size': 3, 'learning_rate': 0.006122395853833643}. Best is trial 0 with value: 985.079345703125.
[I 2023-12-26 13:01:04,043] Trial 11 finished with value: 6717.25244140625 and parameters: {'gradient_clip_val': 0.6385470761236315, 'hidden_size': 57, 'dropout': 0.2136105674114236, 'hidden_continuous_size': 48, 'attention_head_size': 3, 'learning_rate': 0.020203141434784293}. Best is trial 0 with value: 985.079345703125.
[I 2023-12-26 13:01:13,082] Trial 12 finished with value: 5809.6796875 and parameters: {'gradient_clip_val': 0.6812963444605799, 'hidden_size': 129, 'dropout': 0.48993170331107116, 'hidden_continuous_size': 126, 'attention_head_size': 3, 'learning_rate': 0.08092531088432345}. Best is trial 0 with value: 985.079345703125.
[I 2023-12-26 13:01:15,237] Trial 13 finished with value: 6292.95849609375 and parameters: {'gradient_clip_val': 0.9815492288616289, 'hidden_size': 15, 'dropout': 0.21964294347034985, 'hidden_continuous_size': 7, 'attention_head_size': 4, 'learning_rate': 0.006710738389882043}. Best is trial 0 with value: 985.079345703125.
[I 2023-12-26 13:01:18,878] Trial 14 finished with value: 4479.71484375 and parameters: {'gradient_clip_val': 0.4813578458716994, 'hidden_size': 59, 'dropout': 0.13958828269448928, 'hidden_continuous_size': 17, 'attention_head_size': 2, 'learning_rate': 0.034813120404619195}. Best is trial 0 with value: 985.079345703125.
[I 2023-12-26 13:01:21,703] Trial 15 finished with value: 5767.44140625 and parameters: {'gradient_clip_val': 0.46878347804844395, 'hidden_size': 43, 'dropout': 0.13640955532134144, 'hidden_continuous_size': 14, 'attention_head_size': 2, 'learning_rate': 0.013464360074826333}. Best is trial 0 with value: 985.079345703125.
[I 2023-12-26 13:01:25,395] Trial 16 finished with value: 7340.87109375 and parameters: {'gradient_clip_val': 0.4432710522380513, 'hidden_size': 66, 'dropout': 0.11269320035577006, 'hidden_continuous_size': 16, 'attention_head_size': 2, 'learning_rate': 0.004467198025301441}. Best is trial 0 with value: 985.079345703125.
[I 2023-12-26 13:01:28,212] Trial 17 finished with value: 5395.2802734375 and parameters: {'gradient_clip_val': 0.7207096958290145, 'hidden_size': 44, 'dropout': 0.1580418477158444, 'hidden_continuous_size': 14, 'attention_head_size': 2, 'learning_rate': 0.026756392008657627}. Best is trial 0 with value: 985.079345703125.
[I 2023-12-26 13:01:30,626] Trial 18 finished with value: 6724.45751953125 and parameters: {'gradient_clip_val': 0.5092698392774121, 'hidden_size': 29, 'dropout': 0.1792459996183693, 'hidden_continuous_size': 8, 'attention_head_size': 2, 'learning_rate': 0.011368353210538612}. Best is trial 0 with value: 985.079345703125.
[I 2023-12-26 13:01:35,646] Trial 19 finished with value: 6171.61474609375 and parameters: {'gradient_clip_val': 0.7720251980225081, 'hidden_size': 85, 'dropout': 0.13363740422147355, 'hidden_continuous_size': 22, 'attention_head_size': 3, 'learning_rate': 0.05160660979804999}. Best is trial 0 with value: 985.079345703125.
[I 2023-12-26 13:01:38,498] Trial 20 finished with value: 7634.34326171875 and parameters: {'gradient_clip_val': 0.576128542871038, 'hidden_size': 48, 'dropout': 0.19618380545572667, 'hidden_continuous_size': 10, 'attention_head_size': 4, 'learning_rate': 0.02447283660452402}. Best is trial 0 with value: 985.079345703125.
[I 2023-12-26 13:01:43,169] Trial 21 finished with value: 7277.08642578125 and parameters: {'gradient_clip_val': 0.7935985824776184, 'hidden_size': 81, 'dropout': 0.23189351049157692, 'hidden_continuous_size': 24, 'attention_head_size': 3, 'learning_rate': 0.03990762621076715}. Best is trial 0 with value: 985.079345703125.
[I 2023-12-26 13:01:50,333] Trial 22 finished with value: 7695.44970703125 and parameters: {'gradient_clip_val': 0.9719415884428252, 'hidden_size': 114, 'dropout': 0.16971669636651648, 'hidden_continuous_size': 62, 'attention_head_size': 3, 'learning_rate': 0.061545652983798764}. Best is trial 0 with value: 985.079345703125.
[I 2023-12-26 13:01:56,417] Trial 23 finished with value: 6717.54833984375 and parameters: {'gradient_clip_val': 0.7621115655408774, 'hidden_size': 104, 'dropout': 0.24088068220762482, 'hidden_continuous_size': 18, 'attention_head_size': 3, 'learning_rate': 0.04385884981293883}. Best is trial 0 with value: 985.079345703125.
[I 2023-12-26 13:02:02,146] Trial 24 finished with value: 8112.9140625 and parameters: {'gradient_clip_val': 0.5984452334185192, 'hidden_size': 95, 'dropout': 0.20263610002284763, 'hidden_continuous_size': 27, 'attention_head_size': 2, 'learning_rate': 0.09004804483904112}. Best is trial 0 with value: 985.079345703125.
[I 2023-12-26 13:02:10,472] Trial 25 finished with value: 5086.23388671875 and parameters: {'gradient_clip_val': 0.8299096537250493, 'hidden_size': 139, 'dropout': 0.13658976605912546, 'hidden_continuous_size': 12, 'attention_head_size': 3, 'learning_rate': 0.03096444424834279}. Best is trial 0 with value: 985.079345703125.
[I 2023-12-26 13:02:14,072] Trial 26 finished with value: 7293.13427734375 and parameters: {'gradient_clip_val': 0.6740578852741814, 'hidden_size': 57, 'dropout': 0.2783416875179572, 'hidden_continuous_size': 12, 'attention_head_size': 4, 'learning_rate': 0.018708068611295727}. Best is trial 0 with value: 985.079345703125.
[I 2023-12-26 13:02:19,353] Trial 27 finished with value: 6625.814453125 and parameters: {'gradient_clip_val': 0.3925141160832711, 'hidden_size': 89, 'dropout': 0.20868493889364637, 'hidden_continuous_size': 17, 'attention_head_size': 2, 'learning_rate': 0.05745506476542141}. Best is trial 0 with value: 985.079345703125.
[I 2023-12-26 13:02:23,027] Trial 28 finished with value: 5575.56005859375 and parameters: {'gradient_clip_val': 0.5444908154767464, 'hidden_size': 65, 'dropout': 0.23014843902004709, 'hidden_continuous_size': 20, 'attention_head_size': 1, 'learning_rate': 0.03184295121910182}. Best is trial 0 with value: 985.079345703125.
[I 2023-12-26 13:02:33,625] Trial 29 finished with value: 5521.86572265625 and parameters: {'gradient_clip_val': 0.8716582429763193, 'hidden_size': 149, 'dropout': 0.18089362887447133, 'hidden_continuous_size': 147, 'attention_head_size': 1, 'learning_rate': 0.018530660222596952}. Best is trial 0 with value: 985.079345703125.
[I 2023-12-26 13:02:35,832] Trial 30 finished with value: 7610.07763671875 and parameters: {'gradient_clip_val': 0.6603464361287744, 'hidden_size': 24, 'dropout': 0.15417964671288337, 'hidden_continuous_size': 9, 'attention_head_size': 3, 'learning_rate': 0.009642900436545454}. Best is trial 0 with value: 985.079345703125.
[I 2023-12-26 13:02:44,583] Trial 31 finished with value: 7614.48046875 and parameters: {'gradient_clip_val': 0.7642061991408443, 'hidden_size': 149, 'dropout': 0.12530211236162742, 'hidden_continuous_size': 12, 'attention_head_size': 3, 'learning_rate': 0.03131182089191101}. Best is trial 0 with value: 985.079345703125.
[I 2023-12-26 13:02:50,411] Trial 32 finished with value: 5691.24072265625 and parameters: {'gradient_clip_val': 0.8625226692287266, 'hidden_size': 100, 'dropout': 0.14650401624448744, 'hidden_continuous_size': 12, 'attention_head_size': 3, 'learning_rate': 0.024913117907489186}. Best is trial 0 with value: 985.079345703125.
[I 2023-12-26 13:02:57,433] Trial 33 finished with value: 5313.86572265625 and parameters: {'gradient_clip_val': 0.8449407095101693, 'hidden_size': 119, 'dropout': 0.10367501410119298, 'hidden_continuous_size': 8, 'attention_head_size': 3, 'learning_rate': 0.05188648311210901}. Best is trial 0 with value: 985.079345703125.
[I 2023-12-26 13:03:04,635] Trial 34 finished with value: 7896.966796875 and parameters: {'gradient_clip_val': 0.9904565320634919, 'hidden_size': 112, 'dropout': 0.16271119509511422, 'hidden_continuous_size': 28, 'attention_head_size': 2, 'learning_rate': 0.03776125829017028}. Best is trial 0 with value: 985.079345703125.
[I 2023-12-26 13:03:10,347] Trial 35 finished with value: 4886.10009765625 and parameters: {'gradient_clip_val': 0.851121936746534, 'hidden_size': 74, 'dropout': 0.1332889661915996, 'hidden_continuous_size': 19, 'attention_head_size': 4, 'learning_rate': 0.015355920919038247}. Best is trial 0 with value: 985.079345703125.
