[I 2023-12-15 14:38:03,860] Trial 36 finished with value: 0.2637385427951813 and parameters: {'gradient_clip_val': 0.3743690560343592, 'hidden_size': 16, 'dropout': 0.28506814771708266, 'hidden_continuous_size': 7, 'attention_head_size': 2, 'learning_rate': 0.04577729034838878}. Best is trial 1 with value: 0.07534755021333694.
LOCAL_RANK: 0 - CUDA_VISIBLE_DEVICES: [0]
[I 2023-12-15 14:38:53,965] Trial 37 finished with value: 0.6021310687065125 and parameters: {'gradient_clip_val': 0.2754436882902119, 'hidden_size': 22, 'dropout': 0.2954985891879284, 'hidden_continuous_size': 8, 'attention_head_size': 3, 'learning_rate': 0.07126557488460915}. Best is trial 1 with value: 0.07534755021333694.
LOCAL_RANK: 0 - CUDA_VISIBLE_DEVICES: [0]
[I 2023-12-15 14:39:39,930] Trial 38 finished with value: 1.03922700881958 and parameters: {'gradient_clip_val': 0.5487060108773312, 'hidden_size': 16, 'dropout': 0.32126519089231026, 'hidden_continuous_size': 7, 'attention_head_size': 2, 'learning_rate': 0.09776408963656452}. Best is trial 1 with value: 0.07534755021333694.
LOCAL_RANK: 0 - CUDA_VISIBLE_DEVICES: [0]
[I 2023-12-15 14:40:26,737] Trial 39 finished with value: 0.6181082129478455 and parameters: {'gradient_clip_val': 0.7084263694926505, 'hidden_size': 13, 'dropout': 0.2728190283630051, 'hidden_continuous_size': 7, 'attention_head_size': 2, 'learning_rate': 0.02885633487775534}. Best is trial 1 with value: 0.07534755021333694.
LOCAL_RANK: 0 - CUDA_VISIBLE_DEVICES: [0]
[I 2023-12-15 14:41:16,095] Trial 40 finished with value: 1.6543267965316772 and parameters: {'gradient_clip_val': 0.45292892118149686, 'hidden_size': 19, 'dropout': 0.30774751009899476, 'hidden_continuous_size': 8, 'attention_head_size': 4, 'learning_rate': 0.04625419799445828}. Best is trial 1 with value: 0.07534755021333694.
LOCAL_RANK: 0 - CUDA_VISIBLE_DEVICES: [0]
[I 2023-12-15 14:42:07,175] Trial 41 finished with value: 0.46510764956474304 and parameters: {'gradient_clip_val': 0.4797472351456025, 'hidden_size': 38, 'dropout': 0.3383499040971637, 'hidden_continuous_size': 10, 'attention_head_size': 1, 'learning_rate': 0.0749408765443587}. Best is trial 1 with value: 0.07534755021333694.
LOCAL_RANK: 0 - CUDA_VISIBLE_DEVICES: [0]
[I 2023-12-15 14:42:59,990] Trial 42 finished with value: 0.08986727148294449 and parameters: {'gradient_clip_val': 0.4340273737156105, 'hidden_size': 42, 'dropout': 0.33036897299653134, 'hidden_continuous_size': 12, 'attention_head_size': 1, 'learning_rate': 0.06563007576085642}. Best is trial 1 with value: 0.07534755021333694.
LOCAL_RANK: 0 - CUDA_VISIBLE_DEVICES: [0]
[I 2023-12-15 14:43:48,349] Trial 43 finished with value: 2.3384692668914795 and parameters: {'gradient_clip_val': 0.3866858605065234, 'hidden_size': 24, 'dropout': 0.2940980969202681, 'hidden_continuous_size': 14, 'attention_head_size': 1, 'learning_rate': 0.06159855911817055}. Best is trial 1 with value: 0.07534755021333694.
LOCAL_RANK: 0 - CUDA_VISIBLE_DEVICES: [0]
[I 2023-12-15 14:44:40,743] Trial 44 finished with value: 2.4147872924804688 and parameters: {'gradient_clip_val': 0.5745052689372078, 'hidden_size': 41, 'dropout': 0.35901288411365534, 'hidden_continuous_size': 12, 'attention_head_size': 1, 'learning_rate': 0.04266972162610553}. Best is trial 1 with value: 0.07534755021333694.
LOCAL_RANK: 0 - CUDA_VISIBLE_DEVICES: [0]
[I 2023-12-15 14:45:27,275] Trial 45 finished with value: 2.9395649433135986 and parameters: {'gradient_clip_val': 0.42625976199016985, 'hidden_size': 11, 'dropout': 0.3157148266171239, 'hidden_continuous_size': 8, 'attention_head_size': 1, 'learning_rate': 0.07449573729938645}. Best is trial 1 with value: 0.07534755021333694.
LOCAL_RANK: 0 - CUDA_VISIBLE_DEVICES: [0]
[I 2023-12-15 14:46:19,588] Trial 46 finished with value: 0.2587963342666626 and parameters: {'gradient_clip_val': 0.7923713668759659, 'hidden_size': 48, 'dropout': 0.3475823704396833, 'hidden_continuous_size': 17, 'attention_head_size': 1, 'learning_rate': 0.053688023951685614}. Best is trial 1 with value: 0.07534755021333694.
LOCAL_RANK: 0 - CUDA_VISIBLE_DEVICES: [0]
[I 2023-12-15 14:47:15,266] Trial 47 finished with value: 1.2362991571426392 and parameters: {'gradient_clip_val': 0.2972193517226467, 'hidden_size': 95, 'dropout': 0.32669520841204286, 'hidden_continuous_size': 31, 'attention_head_size': 2, 'learning_rate': 0.033853316566826004}. Best is trial 1 with value: 0.07534755021333694.
LOCAL_RANK: 0 - CUDA_VISIBLE_DEVICES: [0]
[I 2023-12-15 14:48:04,613] Trial 48 finished with value: 1.769059181213379 and parameters: {'gradient_clip_val': 0.3364381334088292, 'hidden_size': 19, 'dropout': 0.3685583701578073, 'hidden_continuous_size': 11, 'attention_head_size': 2, 'learning_rate': 0.024364982642514625}. Best is trial 1 with value: 0.07534755021333694.
LOCAL_RANK: 0 - CUDA_VISIBLE_DEVICES: [0]
[I 2023-12-15 14:48:54,763] Trial 49 finished with value: 0.729455292224884 and parameters: {'gradient_clip_val': 0.3820132236800028, 'hidden_size': 25, 'dropout': 0.3228648354054718, 'hidden_continuous_size': 9, 'attention_head_size': 2, 'learning_rate': 0.07799129629699304}. Best is trial 1 with value: 0.07534755021333694.
[I 2023-12-15 14:48:54,859] A new study created in memory with name: no-name-1f6ff080-c9da-4565-acc7-565813fe060a
/home/le004/conda/anaconda3/envs/tsff_env/lib/python3.9/site-packages/lightning/fabric/plugins/environments/slurm.py:191: The `srun` command is available on your system but is not used. HINT: If your intention is to run Lightning on SLURM, prepend your python command with `srun` like so: srun python /home/le004/master_thesis/git/TSFusionForecast/code/ ...
LOCAL_RANK: 0 - CUDA_VISIBLE_DEVICES: [0]
[I 2023-12-15 14:49:43,976] Trial 0 finished with value: 0.16320975124835968 and parameters: {'gradient_clip_val': 0.12930485098615202, 'hidden_size': 28, 'dropout': 0.1567110803755929, 'hidden_continuous_size': 11, 'attention_head_size': 2, 'learning_rate': 0.0020764580079060744}. Best is trial 0 with value: 0.16320975124835968.
LOCAL_RANK: 0 - CUDA_VISIBLE_DEVICES: [0]
[I 2023-12-15 14:50:20,121] Trial 1 finished with value: 1.1139925718307495 and parameters: {'gradient_clip_val': 0.4987619839255441, 'hidden_size': 5, 'dropout': 0.3799371698804591, 'hidden_continuous_size': 5, 'attention_head_size': 2, 'learning_rate': 0.05748626238650918}. Best is trial 0 with value: 0.16320975124835968.
LOCAL_RANK: 0 - CUDA_VISIBLE_DEVICES: [0]
[I 2023-12-15 14:51:06,804] Trial 2 finished with value: 0.20378071069717407 and parameters: {'gradient_clip_val': 0.19455011170343095, 'hidden_size': 16, 'dropout': 0.29809043656186596, 'hidden_continuous_size': 10, 'attention_head_size': 3, 'learning_rate': 0.016171211067375273}. Best is trial 0 with value: 0.16320975124835968.
LOCAL_RANK: 0 - CUDA_VISIBLE_DEVICES: [0]
[I 2023-12-15 14:52:02,536] Trial 3 finished with value: 2.37970232963562 and parameters: {'gradient_clip_val': 0.27575496444374337, 'hidden_size': 82, 'dropout': 0.39904171485569695, 'hidden_continuous_size': 12, 'attention_head_size': 4, 'learning_rate': 0.0006958523392199769}. Best is trial 0 with value: 0.16320975124835968.
LOCAL_RANK: 0 - CUDA_VISIBLE_DEVICES: [0]
[I 2023-12-15 14:52:48,235] Trial 4 finished with value: 3.579669237136841 and parameters: {'gradient_clip_val': 0.47872546053278925, 'hidden_size': 9, 'dropout': 0.10985879331524001, 'hidden_continuous_size': 6, 'attention_head_size': 1, 'learning_rate': 0.005093423224477212}. Best is trial 0 with value: 0.16320975124835968.
LOCAL_RANK: 0 - CUDA_VISIBLE_DEVICES: [0]
[I 2023-12-15 14:53:38,366] Trial 5 finished with value: 0.7126293182373047 and parameters: {'gradient_clip_val': 0.655047593457791, 'hidden_size': 30, 'dropout': 0.19166411429012542, 'hidden_continuous_size': 8, 'attention_head_size': 2, 'learning_rate': 0.07119642754975965}. Best is trial 0 with value: 0.16320975124835968.
LOCAL_RANK: 0 - CUDA_VISIBLE_DEVICES: [0]
[I 2023-12-15 14:54:28,562] Trial 6 finished with value: 1.6810623407363892 and parameters: {'gradient_clip_val': 0.11531257641254801, 'hidden_size': 25, 'dropout': 0.27543046072590815, 'hidden_continuous_size': 6, 'attention_head_size': 4, 'learning_rate': 0.014293346835878473}. Best is trial 0 with value: 0.16320975124835968.
LOCAL_RANK: 0 - CUDA_VISIBLE_DEVICES: [0]
[I 2023-12-15 14:55:18,487] Trial 7 finished with value: 2.170499086380005 and parameters: {'gradient_clip_val': 0.14683633519558126, 'hidden_size': 27, 'dropout': 0.191078877463991, 'hidden_continuous_size': 5, 'attention_head_size': 3, 'learning_rate': 0.03239847841240819}. Best is trial 0 with value: 0.16320975124835968.
LOCAL_RANK: 0 - CUDA_VISIBLE_DEVICES: [0]
[I 2023-12-15 14:56:10,570] Trial 8 finished with value: 1.7641981840133667 and parameters: {'gradient_clip_val': 0.5766406140058891, 'hidden_size': 45, 'dropout': 0.32770837574585343, 'hidden_continuous_size': 6, 'attention_head_size': 3, 'learning_rate': 0.021071562960993055}. Best is trial 0 with value: 0.16320975124835968.
LOCAL_RANK: 0 - CUDA_VISIBLE_DEVICES: [0]
[I 2023-12-15 14:56:57,164] Trial 9 finished with value: 2.0838911533355713 and parameters: {'gradient_clip_val': 0.352830593090776, 'hidden_size': 16, 'dropout': 0.3784929944054658, 'hidden_continuous_size': 9, 'attention_head_size': 2, 'learning_rate': 0.0015873275338995642}. Best is trial 0 with value: 0.16320975124835968.
LOCAL_RANK: 0 - CUDA_VISIBLE_DEVICES: [0]
[I 2023-12-15 14:57:52,334] Trial 10 finished with value: 0.2932874858379364 and parameters: {'gradient_clip_val': 0.11265358019058859, 'hidden_size': 96, 'dropout': 0.1313077452409357, 'hidden_continuous_size': 34, 'attention_head_size': 1, 'learning_rate': 0.003406307257440908}. Best is trial 0 with value: 0.16320975124835968.
LOCAL_RANK: 0 - CUDA_VISIBLE_DEVICES: [0]
[I 2023-12-15 14:58:40,074] Trial 11 finished with value: 1.4889408349990845 and parameters: {'gradient_clip_val': 0.18009732237267723, 'hidden_size': 14, 'dropout': 0.26812423391198514, 'hidden_continuous_size': 11, 'attention_head_size': 3, 'learning_rate': 0.008592428466769839}. Best is trial 0 with value: 0.16320975124835968.
LOCAL_RANK: 0 - CUDA_VISIBLE_DEVICES: [0]
[I 2023-12-15 14:59:27,186] Trial 12 finished with value: 0.6048334240913391 and parameters: {'gradient_clip_val': 0.19136916110433563, 'hidden_size': 13, 'dropout': 0.2138843464945206, 'hidden_continuous_size': 10, 'attention_head_size': 2, 'learning_rate': 0.001864488125974286}. Best is trial 0 with value: 0.16320975124835968.
LOCAL_RANK: 0 - CUDA_VISIBLE_DEVICES: [0]
[I 2023-12-15 15:00:21,040] Trial 13 finished with value: 0.46364840865135193 and parameters: {'gradient_clip_val': 0.8708897566370662, 'hidden_size': 45, 'dropout': 0.30348435028723486, 'hidden_continuous_size': 17, 'attention_head_size': 3, 'learning_rate': 0.008846601664243465}. Best is trial 0 with value: 0.16320975124835968.
LOCAL_RANK: 0 - CUDA_VISIBLE_DEVICES: [0]
[I 2023-12-15 15:01:10,248] Trial 14 finished with value: 0.6612513661384583 and parameters: {'gradient_clip_val': 0.2325228290716937, 'hidden_size': 19, 'dropout': 0.2328944208686332, 'hidden_continuous_size': 13, 'attention_head_size': 1, 'learning_rate': 0.015003840136949557}. Best is trial 0 with value: 0.16320975124835968.
LOCAL_RANK: 0 - CUDA_VISIBLE_DEVICES: [0]
[I 2023-12-15 15:01:57,609] Trial 15 finished with value: 3.6340744495391846 and parameters: {'gradient_clip_val': 0.14128621231668326, 'hidden_size': 9, 'dropout': 0.15063335526469546, 'hidden_continuous_size': 7, 'attention_head_size': 4, 'learning_rate': 0.003476507453833395}. Best is trial 0 with value: 0.16320975124835968.
LOCAL_RANK: 0 - CUDA_VISIBLE_DEVICES: [0]
[I 2023-12-15 15:02:49,575] Trial 16 finished with value: 0.28875061869621277 and parameters: {'gradient_clip_val': 0.1072845631077961, 'hidden_size': 34, 'dropout': 0.16608571260896482, 'hidden_continuous_size': 15, 'attention_head_size': 3, 'learning_rate': 0.03130481295344004}. Best is trial 0 with value: 0.16320975124835968.
LOCAL_RANK: 0 - CUDA_VISIBLE_DEVICES: [0]
[I 2023-12-15 15:03:39,504] Trial 17 finished with value: 4.033602237701416 and parameters: {'gradient_clip_val': 0.20899859617342012, 'hidden_size': 23, 'dropout': 0.10166167604343639, 'hidden_continuous_size': 8, 'attention_head_size': 2, 'learning_rate': 0.0005585205193202397}. Best is trial 0 with value: 0.16320975124835968.
LOCAL_RANK: 0 - CUDA_VISIBLE_DEVICES: [0]
[I 2023-12-15 15:04:28,631] Trial 18 finished with value: 2.614065408706665 and parameters: {'gradient_clip_val': 0.1590557542866682, 'hidden_size': 18, 'dropout': 0.2456188717204845, 'hidden_continuous_size': 10, 'attention_head_size': 3, 'learning_rate': 0.006663520707214239}. Best is trial 0 with value: 0.16320975124835968.
LOCAL_RANK: 0 - CUDA_VISIBLE_DEVICES: [0]
[I 2023-12-15 15:05:21,997] Trial 19 finished with value: 0.7008113861083984 and parameters: {'gradient_clip_val': 0.24979945741522241, 'hidden_size': 42, 'dropout': 0.1735998185984577, 'hidden_continuous_size': 19, 'attention_head_size': 2, 'learning_rate': 0.0015929767356269145}. Best is trial 0 with value: 0.16320975124835968.
LOCAL_RANK: 0 - CUDA_VISIBLE_DEVICES: [0]
[I 2023-12-15 15:06:16,026] Trial 20 finished with value: 0.5766527056694031 and parameters: {'gradient_clip_val': 0.3244610093563908, 'hidden_size': 56, 'dropout': 0.22470167343055195, 'hidden_continuous_size': 19, 'attention_head_size': 4, 'learning_rate': 0.08429200599295564}. Best is trial 0 with value: 0.16320975124835968.
LOCAL_RANK: 0 - CUDA_VISIBLE_DEVICES: [0]
[I 2023-12-15 15:07:07,203] Trial 21 finished with value: 0.8949711918830872 and parameters: {'gradient_clip_val': 0.10395339596868344, 'hidden_size': 33, 'dropout': 0.14990135920988504, 'hidden_continuous_size': 14, 'attention_head_size': 3, 'learning_rate': 0.0365404927971356}. Best is trial 0 with value: 0.16320975124835968.
LOCAL_RANK: 0 - CUDA_VISIBLE_DEVICES: [0]
[I 2023-12-15 15:07:58,670] Trial 22 finished with value: 1.0543147325515747 and parameters: {'gradient_clip_val': 0.13091826408931395, 'hidden_size': 33, 'dropout': 0.17565337537720532, 'hidden_continuous_size': 15, 'attention_head_size': 3, 'learning_rate': 0.027848604007405114}. Best is trial 0 with value: 0.16320975124835968.
LOCAL_RANK: 0 - CUDA_VISIBLE_DEVICES: [0]
[I 2023-12-15 15:08:49,126] Trial 23 finished with value: 0.20761530101299286 and parameters: {'gradient_clip_val': 0.1308140521280169, 'hidden_size': 23, 'dropout': 0.2157532261968549, 'hidden_continuous_size': 12, 'attention_head_size': 3, 'learning_rate': 0.0136811547036783}. Best is trial 0 with value: 0.16320975124835968.
LOCAL_RANK: 0 - CUDA_VISIBLE_DEVICES: [0]
[I 2023-12-15 15:09:38,781] Trial 24 finished with value: 2.8931119441986084 and parameters: {'gradient_clip_val': 0.14639337083343026, 'hidden_size': 21, 'dropout': 0.20975891436539024, 'hidden_continuous_size': 11, 'attention_head_size': 2, 'learning_rate': 0.01434975574856744}. Best is trial 0 with value: 0.16320975124835968.
LOCAL_RANK: 0 - CUDA_VISIBLE_DEVICES: [0]
[I 2023-12-15 15:10:28,897] Trial 25 finished with value: 2.7004802227020264 and parameters: {'gradient_clip_val': 0.18099140784089943, 'hidden_size': 22, 'dropout': 0.2469187068062106, 'hidden_continuous_size': 9, 'attention_head_size': 3, 'learning_rate': 0.011192274211743215}. Best is trial 0 with value: 0.16320975124835968.
LOCAL_RANK: 0 - CUDA_VISIBLE_DEVICES: [0]
[I 2023-12-15 15:11:16,401] Trial 26 finished with value: 0.21721164882183075 and parameters: {'gradient_clip_val': 0.13030136654080002, 'hidden_size': 16, 'dropout': 0.20306230604383, 'hidden_continuous_size': 10, 'attention_head_size': 4, 'learning_rate': 0.019429657496848187}. Best is trial 0 with value: 0.16320975124835968.
LOCAL_RANK: 0 - CUDA_VISIBLE_DEVICES: [0]
[I 2023-12-15 15:12:06,661] Trial 27 finished with value: 0.8371949195861816 and parameters: {'gradient_clip_val': 0.16505843017540603, 'hidden_size': 27, 'dropout': 0.269614704400436, 'hidden_continuous_size': 12, 'attention_head_size': 2, 'learning_rate': 0.005027597516614791}. Best is trial 0 with value: 0.16320975124835968.
LOCAL_RANK: 0 - CUDA_VISIBLE_DEVICES: [0]
[I 2023-12-15 15:12:52,026] Trial 28 finished with value: 1.7217119932174683 and parameters: {'gradient_clip_val': 0.21779809652021592, 'hidden_size': 12, 'dropout': 0.2273795250998139, 'hidden_continuous_size': 9, 'attention_head_size': 1, 'learning_rate': 0.010110621876606945}. Best is trial 0 with value: 0.16320975124835968.
LOCAL_RANK: 0 - CUDA_VISIBLE_DEVICES: [0]
[I 2023-12-15 15:13:39,035] Trial 29 finished with value: 3.1546030044555664 and parameters: {'gradient_clip_val': 0.12480812497722256, 'hidden_size': 11, 'dropout': 0.13237076611471127, 'hidden_continuous_size': 5, 'attention_head_size': 3, 'learning_rate': 0.05901051615995911}. Best is trial 0 with value: 0.16320975124835968.
LOCAL_RANK: 0 - CUDA_VISIBLE_DEVICES: [0]
[I 2023-12-15 15:14:15,550] Trial 30 finished with value: 1.1293655633926392 and parameters: {'gradient_clip_val': 0.15336783065961232, 'hidden_size': 5, 'dropout': 0.19380563890247396, 'hidden_continuous_size': 5, 'attention_head_size': 2, 'learning_rate': 0.04982338650181189}. Best is trial 0 with value: 0.16320975124835968.
LOCAL_RANK: 0 - CUDA_VISIBLE_DEVICES: [0]
[I 2023-12-15 15:15:05,096] Trial 31 finished with value: 1.350887656211853 and parameters: {'gradient_clip_val': 0.1252835476363331, 'hidden_size': 18, 'dropout': 0.203420247819001, 'hidden_continuous_size': 10, 'attention_head_size': 4, 'learning_rate': 0.020290292748436637}. Best is trial 0 with value: 0.16320975124835968.
LOCAL_RANK: 0 - CUDA_VISIBLE_DEVICES: [0]
[I 2023-12-15 15:15:55,942] Trial 32 finished with value: 0.9756407141685486 and parameters: {'gradient_clip_val': 0.10059391713700662, 'hidden_size': 22, 'dropout': 0.21362156501205873, 'hidden_continuous_size': 11, 'attention_head_size': 4, 'learning_rate': 0.02097604765051027}. Best is trial 0 with value: 0.16320975124835968.
LOCAL_RANK: 0 - CUDA_VISIBLE_DEVICES: [0]
[I 2023-12-15 15:16:44,550] Trial 33 finished with value: 0.7144768834114075 and parameters: {'gradient_clip_val': 0.12446914610159952, 'hidden_size': 17, 'dropout': 0.1845464113929824, 'hidden_continuous_size': 10, 'attention_head_size': 4, 'learning_rate': 0.011984631655953823}. Best is trial 0 with value: 0.16320975124835968.
LOCAL_RANK: 0 - CUDA_VISIBLE_DEVICES: [0]
[I 2023-12-15 15:17:32,989] Trial 34 finished with value: 0.9079179763793945 and parameters: {'gradient_clip_val': 0.17052176343551637, 'hidden_size': 15, 'dropout': 0.15584197943646375, 'hidden_continuous_size': 11, 'attention_head_size': 4, 'learning_rate': 0.0167884961541433}. Best is trial 0 with value: 0.16320975124835968.
LOCAL_RANK: 0 - CUDA_VISIBLE_DEVICES: [0]
[I 2023-12-15 15:18:23,551] Trial 35 finished with value: 2.0196094512939453 and parameters: {'gradient_clip_val': 0.1363625443047917, 'hidden_size': 26, 'dropout': 0.19841520744562846, 'hidden_continuous_size': 12, 'attention_head_size': 3, 'learning_rate': 0.006497682966064842}. Best is trial 0 with value: 0.16320975124835968.
LOCAL_RANK: 0 - CUDA_VISIBLE_DEVICES: [0]
[I 2023-12-15 15:19:12,273] Trial 36 finished with value: 2.4119627475738525 and parameters: {'gradient_clip_val': 0.19717485411704155, 'hidden_size': 20, 'dropout': 0.18722688238185914, 'hidden_continuous_size': 8, 'attention_head_size': 4, 'learning_rate': 0.023601442001329697}. Best is trial 0 with value: 0.16320975124835968.
LOCAL_RANK: 0 - CUDA_VISIBLE_DEVICES: [0]
[I 2023-12-15 15:19:59,639] Trial 37 finished with value: 1.133283019065857 and parameters: {'gradient_clip_val': 0.11750367372267848, 'hidden_size': 15, 'dropout': 0.23920255901371568, 'hidden_continuous_size': 9, 'attention_head_size': 3, 'learning_rate': 0.042450987758117634}. Best is trial 0 with value: 0.16320975124835968.
LOCAL_RANK: 0 - CUDA_VISIBLE_DEVICES: [0]
[I 2023-12-15 15:20:48,074] Trial 38 finished with value: 0.9013681411743164 and parameters: {'gradient_clip_val': 0.15401641738780514, 'hidden_size': 28, 'dropout': 0.25763415981528515, 'hidden_continuous_size': 13, 'attention_head_size': 1, 'learning_rate': 0.027454015922922157}. Best is trial 0 with value: 0.16320975124835968.
LOCAL_RANK: 0 - CUDA_VISIBLE_DEVICES: [0]
[I 2023-12-15 15:21:38,269] Trial 39 finished with value: 1.2986594438552856 and parameters: {'gradient_clip_val': 0.26679332626395236, 'hidden_size': 23, 'dropout': 0.28973369839189234, 'hidden_continuous_size': 12, 'attention_head_size': 2, 'learning_rate': 0.01654853616916609}. Best is trial 0 with value: 0.16320975124835968.
LOCAL_RANK: 0 - CUDA_VISIBLE_DEVICES: [0]
[I 2023-12-15 15:22:25,615] Trial 40 finished with value: 4.615499019622803 and parameters: {'gradient_clip_val': 0.13875698080652019, 'hidden_size': 16, 'dropout': 0.2209869443172921, 'hidden_continuous_size': 10, 'attention_head_size': 3, 'learning_rate': 0.012576939310926391}. Best is trial 0 with value: 0.16320975124835968.
LOCAL_RANK: 0 - CUDA_VISIBLE_DEVICES: [0]
[I 2023-12-15 15:23:15,716] Trial 41 finished with value: 2.0763168334960938 and parameters: {'gradient_clip_val': 0.10916590702207069, 'hidden_size': 32, 'dropout': 0.17461535348434357, 'hidden_continuous_size': 15, 'attention_head_size': 3, 'learning_rate': 0.035826277019662525}. Best is trial 0 with value: 0.16320975124835968.
LOCAL_RANK: 0 - CUDA_VISIBLE_DEVICES: [0]
[I 2023-12-15 15:24:06,359] Trial 42 finished with value: 3.130732297897339 and parameters: {'gradient_clip_val': 0.11393957500753124, 'hidden_size': 37, 'dropout': 0.16307936519054717, 'hidden_continuous_size': 7, 'attention_head_size': 3, 'learning_rate': 0.028931599807398865}. Best is trial 0 with value: 0.16320975124835968.
LOCAL_RANK: 0 - CUDA_VISIBLE_DEVICES: [0]
