[I 2023-12-15 20:49:23,196] Trial 44 finished with value: 505.8431091308594 and parameters: {'gradient_clip_val': 0.18182598215372767, 'hidden_size': 14, 'dropout': 0.37062999877202896, 'hidden_continuous_size': 7, 'attention_head_size': 2, 'learning_rate': 0.0036986552216872206}. Best is trial 24 with value: 153.1230010986328.
LOCAL_RANK: 0 - CUDA_VISIBLE_DEVICES: [0]
[I 2023-12-15 20:50:10,004] Trial 45 finished with value: 168.53854370117188 and parameters: {'gradient_clip_val': 0.14189877926021072, 'hidden_size': 18, 'dropout': 0.30108123454753494, 'hidden_continuous_size': 8, 'attention_head_size': 3, 'learning_rate': 0.002121772096432398}. Best is trial 24 with value: 153.1230010986328.
LOCAL_RANK: 0 - CUDA_VISIBLE_DEVICES: [0]
[I 2023-12-15 20:50:56,470] Trial 46 finished with value: 409.1451110839844 and parameters: {'gradient_clip_val': 0.13130503032222782, 'hidden_size': 17, 'dropout': 0.2933605484732945, 'hidden_continuous_size': 8, 'attention_head_size': 3, 'learning_rate': 0.0029178871626886756}. Best is trial 24 with value: 153.1230010986328.
LOCAL_RANK: 0 - CUDA_VISIBLE_DEVICES: [0]
[I 2023-12-15 20:51:43,112] Trial 47 finished with value: 224.4801025390625 and parameters: {'gradient_clip_val': 0.30329150798136395, 'hidden_size': 20, 'dropout': 0.2648282307674999, 'hidden_continuous_size': 8, 'attention_head_size': 3, 'learning_rate': 0.0015333744440971728}. Best is trial 24 with value: 153.1230010986328.
LOCAL_RANK: 0 - CUDA_VISIBLE_DEVICES: [0]
[I 2023-12-15 20:52:30,544] Trial 48 finished with value: 158.53968811035156 and parameters: {'gradient_clip_val': 0.14479808022402324, 'hidden_size': 24, 'dropout': 0.30965835196786823, 'hidden_continuous_size': 9, 'attention_head_size': 3, 'learning_rate': 0.003822185819225676}. Best is trial 24 with value: 153.1230010986328.
LOCAL_RANK: 0 - CUDA_VISIBLE_DEVICES: [0]
[I 2023-12-15 20:53:17,632] Trial 49 finished with value: 232.5588836669922 and parameters: {'gradient_clip_val': 0.11288922180385633, 'hidden_size': 24, 'dropout': 0.2839069596335525, 'hidden_continuous_size': 9, 'attention_head_size': 2, 'learning_rate': 0.0048489350907722495}. Best is trial 24 with value: 153.1230010986328.
[I 2023-12-15 20:53:17,725] A new study created in memory with name: no-name-ff426034-7512-43e9-96b5-07479d8b8b00
/home/le004/conda/anaconda3/envs/tsff_env/lib/python3.9/site-packages/lightning/fabric/plugins/environments/slurm.py:191: The `srun` command is available on your system but is not used. HINT: If your intention is to run Lightning on SLURM, prepend your python command with `srun` like so: srun python /home/le004/master_thesis/git/TSFusionForecast/code/ ...
LOCAL_RANK: 0 - CUDA_VISIBLE_DEVICES: [0]
[I 2023-12-15 20:54:10,981] Trial 0 finished with value: 69.72393035888672 and parameters: {'gradient_clip_val': 0.10706448700214417, 'hidden_size': 84, 'dropout': 0.37445603835430785, 'hidden_continuous_size': 16, 'attention_head_size': 1, 'learning_rate': 0.016024767774273137}. Best is trial 0 with value: 69.72393035888672.
LOCAL_RANK: 0 - CUDA_VISIBLE_DEVICES: [0]
[I 2023-12-15 20:54:56,327] Trial 1 finished with value: 46.35709762573242 and parameters: {'gradient_clip_val': 0.1287076081801474, 'hidden_size': 18, 'dropout': 0.3637505544372315, 'hidden_continuous_size': 6, 'attention_head_size': 1, 'learning_rate': 0.0417918486039317}. Best is trial 1 with value: 46.35709762573242.
LOCAL_RANK: 0 - CUDA_VISIBLE_DEVICES: [0]
[I 2023-12-15 20:55:48,070] Trial 2 finished with value: 38.97666549682617 and parameters: {'gradient_clip_val': 0.6592115330482559, 'hidden_size': 37, 'dropout': 0.3636317922175787, 'hidden_continuous_size': 36, 'attention_head_size': 1, 'learning_rate': 0.07080517763305429}. Best is trial 2 with value: 38.97666549682617.
LOCAL_RANK: 0 - CUDA_VISIBLE_DEVICES: [0]
[I 2023-12-15 20:56:21,761] Trial 3 finished with value: 18.99798011779785 and parameters: {'gradient_clip_val': 0.26388876834450953, 'hidden_size': 16, 'dropout': 0.29889851976163007, 'hidden_continuous_size': 16, 'attention_head_size': 3, 'learning_rate': 0.004177975547333891}. Best is trial 3 with value: 18.99798011779785.
LOCAL_RANK: 0 - CUDA_VISIBLE_DEVICES: [0]
[I 2023-12-15 20:57:10,003] Trial 4 finished with value: 37.68478775024414 and parameters: {'gradient_clip_val': 0.29331940625227454, 'hidden_size': 21, 'dropout': 0.19261713614410794, 'hidden_continuous_size': 7, 'attention_head_size': 4, 'learning_rate': 0.03587035574295666}. Best is trial 3 with value: 18.99798011779785.
LOCAL_RANK: 0 - CUDA_VISIBLE_DEVICES: [0]
[I 2023-12-15 20:57:43,715] Trial 5 finished with value: 35.79084396362305 and parameters: {'gradient_clip_val': 0.6346052547317625, 'hidden_size': 7, 'dropout': 0.36062028232488297, 'hidden_continuous_size': 7, 'attention_head_size': 3, 'learning_rate': 0.012545255360658867}. Best is trial 3 with value: 18.99798011779785.
LOCAL_RANK: 0 - CUDA_VISIBLE_DEVICES: [0]
[I 2023-12-15 20:58:37,933] Trial 6 finished with value: 20.50611114501953 and parameters: {'gradient_clip_val': 0.17369802258879355, 'hidden_size': 89, 'dropout': 0.3175151890734227, 'hidden_continuous_size': 26, 'attention_head_size': 2, 'learning_rate': 0.0005199413899552103}. Best is trial 3 with value: 18.99798011779785.
LOCAL_RANK: 0 - CUDA_VISIBLE_DEVICES: [0]
[I 2023-12-15 20:59:26,076] Trial 7 finished with value: 20.817903518676758 and parameters: {'gradient_clip_val': 0.17499815813166214, 'hidden_size': 22, 'dropout': 0.2038444308601167, 'hidden_continuous_size': 6, 'attention_head_size': 4, 'learning_rate': 0.02973890926912225}. Best is trial 3 with value: 18.99798011779785.
LOCAL_RANK: 0 - CUDA_VISIBLE_DEVICES: [0]
[I 2023-12-15 21:00:11,905] Trial 8 finished with value: 35.74295425415039 and parameters: {'gradient_clip_val': 0.7926237108597283, 'hidden_size': 16, 'dropout': 0.3298639300129453, 'hidden_continuous_size': 14, 'attention_head_size': 3, 'learning_rate': 0.008128256779265484}. Best is trial 3 with value: 18.99798011779785.
LOCAL_RANK: 0 - CUDA_VISIBLE_DEVICES: [0]
[I 2023-12-15 21:00:45,482] Trial 9 finished with value: 29.651185989379883 and parameters: {'gradient_clip_val': 0.10117060068107239, 'hidden_size': 5, 'dropout': 0.14297775082616473, 'hidden_continuous_size': 5, 'attention_head_size': 3, 'learning_rate': 0.0009034395011754362}. Best is trial 3 with value: 18.99798011779785.
LOCAL_RANK: 0 - CUDA_VISIBLE_DEVICES: [0]
[I 2023-12-15 21:01:30,229] Trial 10 finished with value: 22.808319091796875 and parameters: {'gradient_clip_val': 0.3491886515346387, 'hidden_size': 9, 'dropout': 0.2640419234329017, 'hidden_continuous_size': 5, 'attention_head_size': 2, 'learning_rate': 0.0028208250474979135}. Best is trial 3 with value: 18.99798011779785.
LOCAL_RANK: 0 - CUDA_VISIBLE_DEVICES: [0]
[I 2023-12-15 21:02:24,062] Trial 11 finished with value: 24.285802841186523 and parameters: {'gradient_clip_val': 0.20994549458915482, 'hidden_size': 81, 'dropout': 0.30352508072728507, 'hidden_continuous_size': 31, 'attention_head_size': 2, 'learning_rate': 0.0005971257235623437}. Best is trial 3 with value: 18.99798011779785.
LOCAL_RANK: 0 - CUDA_VISIBLE_DEVICES: [0]
[I 2023-12-15 21:03:16,192] Trial 12 finished with value: 45.72268295288086 and parameters: {'gradient_clip_val': 0.23585818567764102, 'hidden_size': 45, 'dropout': 0.2831769529068321, 'hidden_continuous_size': 23, 'attention_head_size': 2, 'learning_rate': 0.003174867438160416}. Best is trial 3 with value: 18.99798011779785.
LOCAL_RANK: 0 - CUDA_VISIBLE_DEVICES: [0]
[I 2023-12-15 21:04:09,439] Trial 13 finished with value: 33.44202423095703 and parameters: {'gradient_clip_val': 0.16062089738956084, 'hidden_size': 46, 'dropout': 0.3129130838458003, 'hidden_continuous_size': 42, 'attention_head_size': 3, 'learning_rate': 0.001328088378566324}. Best is trial 3 with value: 18.99798011779785.
LOCAL_RANK: 0 - CUDA_VISIBLE_DEVICES: [0]
[I 2023-12-15 21:04:53,816] Trial 14 finished with value: 61.16501235961914 and parameters: {'gradient_clip_val': 0.36296030108642846, 'hidden_size': 12, 'dropout': 0.39970197660726825, 'hidden_continuous_size': 9, 'attention_head_size': 2, 'learning_rate': 0.003013639241304087}. Best is trial 3 with value: 18.99798011779785.
LOCAL_RANK: 0 - CUDA_VISIBLE_DEVICES: [0]
[I 2023-12-15 21:05:51,660] Trial 15 finished with value: 61.348018646240234 and parameters: {'gradient_clip_val': 0.2544437009039508, 'hidden_size': 98, 'dropout': 0.2422765794225698, 'hidden_continuous_size': 73, 'attention_head_size': 4, 'learning_rate': 0.0012535007220676826}. Best is trial 3 with value: 18.99798011779785.
LOCAL_RANK: 0 - CUDA_VISIBLE_DEVICES: [0]
[I 2023-12-15 21:06:40,722] Trial 16 finished with value: 28.721771240234375 and parameters: {'gradient_clip_val': 0.17207918931118985, 'hidden_size': 30, 'dropout': 0.32173601239775595, 'hidden_continuous_size': 11, 'attention_head_size': 3, 'learning_rate': 0.0006028066576229994}. Best is trial 3 with value: 18.99798011779785.
LOCAL_RANK: 0 - CUDA_VISIBLE_DEVICES: [0]
[I 2023-12-15 21:07:33,436] Trial 17 finished with value: 54.8662223815918 and parameters: {'gradient_clip_val': 0.4444072829222238, 'hidden_size': 58, 'dropout': 0.27556056364347853, 'hidden_continuous_size': 18, 'attention_head_size': 2, 'learning_rate': 0.0048956626794465505}. Best is trial 3 with value: 18.99798011779785.
LOCAL_RANK: 0 - CUDA_VISIBLE_DEVICES: [0]
[I 2023-12-15 21:08:22,429] Trial 18 finished with value: 43.164119720458984 and parameters: {'gradient_clip_val': 0.20789705880650056, 'hidden_size': 26, 'dropout': 0.3329559221659133, 'hidden_continuous_size': 12, 'attention_head_size': 3, 'learning_rate': 0.0017014546181478548}. Best is trial 3 with value: 18.99798011779785.
LOCAL_RANK: 0 - CUDA_VISIBLE_DEVICES: [0]
[I 2023-12-15 21:09:08,313] Trial 19 finished with value: 28.158546447753906 and parameters: {'gradient_clip_val': 0.1403282380336574, 'hidden_size': 14, 'dropout': 0.24082280427812136, 'hidden_continuous_size': 9, 'attention_head_size': 2, 'learning_rate': 0.0005685530276704008}. Best is trial 3 with value: 18.99798011779785.
LOCAL_RANK: 0 - CUDA_VISIBLE_DEVICES: [0]
[I 2023-12-15 21:09:57,730] Trial 20 finished with value: 46.92155075073242 and parameters: {'gradient_clip_val': 0.28654399791386964, 'hidden_size': 31, 'dropout': 0.29143323553670336, 'hidden_continuous_size': 18, 'attention_head_size': 1, 'learning_rate': 0.0019244216329037933}. Best is trial 3 with value: 18.99798011779785.
LOCAL_RANK: 0 - CUDA_VISIBLE_DEVICES: [0]
[I 2023-12-15 21:10:46,785] Trial 21 finished with value: 33.37076187133789 and parameters: {'gradient_clip_val': 0.18672512382858558, 'hidden_size': 23, 'dropout': 0.2013336292346805, 'hidden_continuous_size': 9, 'attention_head_size': 4, 'learning_rate': 0.0062564643794520425}. Best is trial 3 with value: 18.99798011779785.
LOCAL_RANK: 0 - CUDA_VISIBLE_DEVICES: [0]
[I 2023-12-15 21:11:34,055] Trial 22 finished with value: 26.717254638671875 and parameters: {'gradient_clip_val': 0.15890249007942223, 'hidden_size': 20, 'dropout': 0.24747645797607762, 'hidden_continuous_size': 8, 'attention_head_size': 4, 'learning_rate': 0.018002248173651817}. Best is trial 3 with value: 18.99798011779785.
LOCAL_RANK: 0 - CUDA_VISIBLE_DEVICES: [0]
[I 2023-12-15 21:12:19,553] Trial 23 finished with value: 31.049657821655273 and parameters: {'gradient_clip_val': 0.22355897687090584, 'hidden_size': 11, 'dropout': 0.2933587416152103, 'hidden_continuous_size': 6, 'attention_head_size': 4, 'learning_rate': 0.01150613736356267}. Best is trial 3 with value: 18.99798011779785.
LOCAL_RANK: 0 - CUDA_VISIBLE_DEVICES: [0]
[I 2023-12-15 21:13:13,311] Trial 24 finished with value: 63.94847106933594 and parameters: {'gradient_clip_val': 0.13293533179769743, 'hidden_size': 66, 'dropout': 0.2261505578649902, 'hidden_continuous_size': 22, 'attention_head_size': 4, 'learning_rate': 0.005593136247289051}. Best is trial 3 with value: 18.99798011779785.
LOCAL_RANK: 0 - CUDA_VISIBLE_DEVICES: [0]
[I 2023-12-15 21:14:00,345] Trial 25 finished with value: 34.159637451171875 and parameters: {'gradient_clip_val': 0.17481959884329612, 'hidden_size': 17, 'dropout': 0.2750414981783061, 'hidden_continuous_size': 11, 'attention_head_size': 3, 'learning_rate': 0.0009430256239091812}. Best is trial 3 with value: 18.99798011779785.
LOCAL_RANK: 0 - CUDA_VISIBLE_DEVICES: [0]
[I 2023-12-15 21:14:48,834] Trial 26 finished with value: 64.3612060546875 and parameters: {'gradient_clip_val': 0.25283840993321754, 'hidden_size': 26, 'dropout': 0.1489400457212497, 'hidden_continuous_size': 13, 'attention_head_size': 2, 'learning_rate': 0.02920087844777174}. Best is trial 3 with value: 18.99798011779785.
LOCAL_RANK: 0 - CUDA_VISIBLE_DEVICES: [0]
[I 2023-12-15 21:15:41,088] Trial 27 finished with value: 28.78031349182129 and parameters: {'gradient_clip_val': 0.1795210346662817, 'hidden_size': 42, 'dropout': 0.1094951439920957, 'hidden_continuous_size': 15, 'attention_head_size': 3, 'learning_rate': 0.09067509626037547}. Best is trial 3 with value: 18.99798011779785.
LOCAL_RANK: 0 - CUDA_VISIBLE_DEVICES: [0]
[I 2023-12-15 21:16:34,607] Trial 28 finished with value: 68.33380126953125 and parameters: {'gradient_clip_val': 0.2041940190789681, 'hidden_size': 59, 'dropout': 0.22401973232364136, 'hidden_continuous_size': 24, 'attention_head_size': 4, 'learning_rate': 0.003674100443737068}. Best is trial 3 with value: 18.99798011779785.
LOCAL_RANK: 0 - CUDA_VISIBLE_DEVICES: [0]
[I 2023-12-15 21:17:28,806] Trial 29 finished with value: 53.729976654052734 and parameters: {'gradient_clip_val': 0.11892819125893546, 'hidden_size': 99, 'dropout': 0.2594718192143505, 'hidden_continuous_size': 18, 'attention_head_size': 1, 'learning_rate': 0.016550831612530105}. Best is trial 3 with value: 18.99798011779785.
LOCAL_RANK: 0 - CUDA_VISIBLE_DEVICES: [0]
[I 2023-12-15 21:18:19,849] Trial 30 finished with value: 46.03269577026367 and parameters: {'gradient_clip_val': 0.1471312133021615, 'hidden_size': 35, 'dropout': 0.3057729493093177, 'hidden_continuous_size': 16, 'attention_head_size': 3, 'learning_rate': 0.0072358357113980875}. Best is trial 3 with value: 18.99798011779785.
LOCAL_RANK: 0 - CUDA_VISIBLE_DEVICES: [0]
[I 2023-12-15 21:19:04,735] Trial 31 finished with value: 17.486591339111328 and parameters: {'gradient_clip_val': 0.3367197090399123, 'hidden_size': 10, 'dropout': 0.3318532589857633, 'hidden_continuous_size': 5, 'attention_head_size': 2, 'learning_rate': 0.002200557870427454}. Best is trial 31 with value: 17.486591339111328.
LOCAL_RANK: 0 - CUDA_VISIBLE_DEVICES: [0]
[I 2023-12-15 21:19:49,627] Trial 32 finished with value: 41.0537223815918 and parameters: {'gradient_clip_val': 0.11814131050676019, 'hidden_size': 14, 'dropout': 0.3431892580800355, 'hidden_continuous_size': 5, 'attention_head_size': 2, 'learning_rate': 0.0022123204787972152}. Best is trial 31 with value: 17.486591339111328.
LOCAL_RANK: 0 - CUDA_VISIBLE_DEVICES: [0]
[I 2023-12-15 21:20:35,428] Trial 33 finished with value: 52.60341262817383 and parameters: {'gradient_clip_val': 0.26728911679093564, 'hidden_size': 19, 'dropout': 0.3423254290430417, 'hidden_continuous_size': 6, 'attention_head_size': 1, 'learning_rate': 0.00467351161395989}. Best is trial 31 with value: 17.486591339111328.
LOCAL_RANK: 0 - CUDA_VISIBLE_DEVICES: [0]
[I 2023-12-15 21:21:20,077] Trial 34 finished with value: 30.438980102539062 and parameters: {'gradient_clip_val': 0.30890267085656126, 'hidden_size': 9, 'dropout': 0.311014884392791, 'hidden_continuous_size': 5, 'attention_head_size': 2, 'learning_rate': 0.003891856381468267}. Best is trial 31 with value: 17.486591339111328.
LOCAL_RANK: 0 - CUDA_VISIBLE_DEVICES: [0]
[I 2023-12-15 21:22:07,637] Trial 35 finished with value: 43.090057373046875 and parameters: {'gradient_clip_val': 0.24043677159625015, 'hidden_size': 22, 'dropout': 0.34865249906102286, 'hidden_continuous_size': 7, 'attention_head_size': 1, 'learning_rate': 0.0022028366917811655}. Best is trial 31 with value: 17.486591339111328.
LOCAL_RANK: 0 - CUDA_VISIBLE_DEVICES: [0]
[I 2023-12-15 21:22:53,170] Trial 36 finished with value: 66.3938980102539 and parameters: {'gradient_clip_val': 0.3436878605116078, 'hidden_size': 17, 'dropout': 0.37419321102808545, 'hidden_continuous_size': 6, 'attention_head_size': 2, 'learning_rate': 0.008886801324379306}. Best is trial 31 with value: 17.486591339111328.
LOCAL_RANK: 0 - CUDA_VISIBLE_DEVICES: [0]
[I 2023-12-15 21:23:38,629] Trial 37 finished with value: 46.97263717651367 and parameters: {'gradient_clip_val': 0.19514665790250582, 'hidden_size': 14, 'dropout': 0.32303310403519475, 'hidden_continuous_size': 7, 'attention_head_size': 3, 'learning_rate': 0.04172194181202104}. Best is trial 31 with value: 17.486591339111328.
LOCAL_RANK: 0 - CUDA_VISIBLE_DEVICES: [0]
[I 2023-12-15 21:24:23,357] Trial 38 finished with value: 43.45021438598633 and parameters: {'gradient_clip_val': 0.40825660857753476, 'hidden_size': 7, 'dropout': 0.3602964194989451, 'hidden_continuous_size': 5, 'attention_head_size': 2, 'learning_rate': 0.06270906184572358}. Best is trial 31 with value: 17.486591339111328.
LOCAL_RANK: 0 - CUDA_VISIBLE_DEVICES: [0]
[I 2023-12-15 21:25:15,804] Trial 39 finished with value: 28.35334587097168 and parameters: {'gradient_clip_val': 0.27969758222741004, 'hidden_size': 76, 'dropout': 0.2956413082873216, 'hidden_continuous_size': 11, 'attention_head_size': 3, 'learning_rate': 0.004374309833570422}. Best is trial 31 with value: 17.486591339111328.
LOCAL_RANK: 0 - CUDA_VISIBLE_DEVICES: [0]
[I 2023-12-15 21:26:07,119] Trial 40 finished with value: 56.8725471496582 and parameters: {'gradient_clip_val': 0.22205943613811752, 'hidden_size': 39, 'dropout': 0.3252172663932321, 'hidden_continuous_size': 14, 'attention_head_size': 2, 'learning_rate': 0.0026564695081412733}. Best is trial 31 with value: 17.486591339111328.
LOCAL_RANK: 0 - CUDA_VISIBLE_DEVICES: [0]
[I 2023-12-15 21:26:51,783] Trial 41 finished with value: 64.26592254638672 and parameters: {'gradient_clip_val': 0.3492662324129755, 'hidden_size': 9, 'dropout': 0.2772004500726751, 'hidden_continuous_size': 5, 'attention_head_size': 2, 'learning_rate': 0.0029243512667479266}. Best is trial 31 with value: 17.486591339111328.
LOCAL_RANK: 0 - CUDA_VISIBLE_DEVICES: [0]
[I 2023-12-15 21:27:36,606] Trial 42 finished with value: 27.47035789489746 and parameters: {'gradient_clip_val': 0.4225543266192467, 'hidden_size': 11, 'dropout': 0.2631360326236228, 'hidden_continuous_size': 6, 'attention_head_size': 2, 'learning_rate': 0.0013753456380310506}. Best is trial 31 with value: 17.486591339111328.
LOCAL_RANK: 0 - CUDA_VISIBLE_DEVICES: [0]
[I 2023-12-15 21:28:21,087] Trial 43 finished with value: 26.51487159729004 and parameters: {'gradient_clip_val': 0.2914259433440635, 'hidden_size': 6, 'dropout': 0.30503850743935834, 'hidden_continuous_size': 5, 'attention_head_size': 2, 'learning_rate': 0.002446571065947819}. Best is trial 31 with value: 17.486591339111328.
LOCAL_RANK: 0 - CUDA_VISIBLE_DEVICES: [0]
[I 2023-12-15 21:29:05,394] Trial 44 finished with value: 24.08074378967285 and parameters: {'gradient_clip_val': 0.3141395030766821, 'hidden_size': 9, 'dropout': 0.2866572018112235, 'hidden_continuous_size': 6, 'attention_head_size': 1, 'learning_rate': 0.0017011057953537985}. Best is trial 31 with value: 17.486591339111328.
LOCAL_RANK: 0 - CUDA_VISIBLE_DEVICES: [0]
[I 2023-12-15 21:29:55,649] Trial 45 finished with value: 16.23900032043457 and parameters: {'gradient_clip_val': 0.5228334092898583, 'hidden_size': 48, 'dropout': 0.3165084603402464, 'hidden_continuous_size': 7, 'attention_head_size': 2, 'learning_rate': 0.003549789565242281}. Best is trial 45 with value: 16.23900032043457.
LOCAL_RANK: 0 - CUDA_VISIBLE_DEVICES: [0]
[I 2023-12-15 21:30:47,770] Trial 46 finished with value: 16.72858428955078 and parameters: {'gradient_clip_val': 0.5113348150956406, 'hidden_size': 45, 'dropout': 0.31964039074921446, 'hidden_continuous_size': 10, 'attention_head_size': 3, 'learning_rate': 0.005725101319499043}. Best is trial 45 with value: 16.23900032043457.
LOCAL_RANK: 0 - CUDA_VISIBLE_DEVICES: [0]
[I 2023-12-15 21:31:39,922] Trial 47 finished with value: 20.90729331970215 and parameters: {'gradient_clip_val': 0.5160754893836653, 'hidden_size': 52, 'dropout': 0.3133967074644444, 'hidden_continuous_size': 10, 'attention_head_size': 3, 'learning_rate': 0.0035456200070451025}. Best is trial 45 with value: 16.23900032043457.
LOCAL_RANK: 0 - CUDA_VISIBLE_DEVICES: [0]
[I 2023-12-15 21:32:31,947] Trial 48 finished with value: 42.631919860839844 and parameters: {'gradient_clip_val': 0.5860575234899241, 'hidden_size': 72, 'dropout': 0.33480801809434424, 'hidden_continuous_size': 8, 'attention_head_size': 3, 'learning_rate': 0.005554118438982206}. Best is trial 45 with value: 16.23900032043457.
LOCAL_RANK: 0 - CUDA_VISIBLE_DEVICES: [0]
[I 2023-12-15 21:33:23,679] Trial 49 finished with value: 17.970746994018555 and parameters: {'gradient_clip_val': 0.6872494128852109, 'hidden_size': 48, 'dropout': 0.35118052314378706, 'hidden_continuous_size': 10, 'attention_head_size': 3, 'learning_rate': 0.0007970505914060077}. Best is trial 45 with value: 16.23900032043457.
[I 2023-12-15 21:33:23,776] A new study created in memory with name: no-name-e8d35ae3-22e7-4739-bb13-996d6afe881e
/home/le004/conda/anaconda3/envs/tsff_env/lib/python3.9/site-packages/lightning/fabric/plugins/environments/slurm.py:191: The `srun` command is available on your system but is not used. HINT: If your intention is to run Lightning on SLURM, prepend your python command with `srun` like so: srun python /home/le004/master_thesis/git/TSFusionForecast/code/ ...
LOCAL_RANK: 0 - CUDA_VISIBLE_DEVICES: [0]
