[I 2023-12-26 15:42:38,612] Trial 1 finished with value: 88.88580322265625 and parameters: {'gradient_clip_val': 0.4060140219861478, 'hidden_size': 13, 'dropout': 0.22068645640346404, 'hidden_continuous_size': 6, 'attention_head_size': 1, 'learning_rate': 0.00885826792216858}. Best is trial 0 with value: 26.49352264404297.
[I 2023-12-26 15:42:41,195] Trial 2 finished with value: 77.57907104492188 and parameters: {'gradient_clip_val': 0.2786783759167135, 'hidden_size': 15, 'dropout': 0.25155067551458554, 'hidden_continuous_size': 12, 'attention_head_size': 2, 'learning_rate': 0.0011043308081795879}. Best is trial 0 with value: 26.49352264404297.
[I 2023-12-26 15:42:44,202] Trial 3 finished with value: 129.47561645507812 and parameters: {'gradient_clip_val': 0.2563182908106846, 'hidden_size': 39, 'dropout': 0.3586812052894318, 'hidden_continuous_size': 7, 'attention_head_size': 1, 'learning_rate': 0.0036862714342197176}. Best is trial 0 with value: 26.49352264404297.
[I 2023-12-26 15:42:46,861] Trial 4 finished with value: 116.7758560180664 and parameters: {'gradient_clip_val': 0.536595843022321, 'hidden_size': 20, 'dropout': 0.38369934644857717, 'hidden_continuous_size': 16, 'attention_head_size': 4, 'learning_rate': 0.005929565593029061}. Best is trial 0 with value: 26.49352264404297.
[I 2023-12-26 15:42:49,704] Trial 5 finished with value: 121.83551025390625 and parameters: {'gradient_clip_val': 0.10241665122123272, 'hidden_size': 15, 'dropout': 0.11463075523102506, 'hidden_continuous_size': 10, 'attention_head_size': 4, 'learning_rate': 0.0010964091491272514}. Best is trial 0 with value: 26.49352264404297.
[I 2023-12-26 15:42:52,147] Trial 6 finished with value: 114.10869598388672 and parameters: {'gradient_clip_val': 0.15058833243219646, 'hidden_size': 12, 'dropout': 0.42156233823521305, 'hidden_continuous_size': 12, 'attention_head_size': 2, 'learning_rate': 0.02975982850569424}. Best is trial 0 with value: 26.49352264404297.
[I 2023-12-26 15:42:54,301] Trial 7 finished with value: 89.81082916259766 and parameters: {'gradient_clip_val': 0.11093120090477472, 'hidden_size': 8, 'dropout': 0.3027593808495768, 'hidden_continuous_size': 7, 'attention_head_size': 1, 'learning_rate': 0.0009738501551463766}. Best is trial 0 with value: 26.49352264404297.
[I 2023-12-26 15:42:56,490] Trial 8 finished with value: 117.56542205810547 and parameters: {'gradient_clip_val': 0.19144632766684075, 'hidden_size': 7, 'dropout': 0.47558025817776617, 'hidden_continuous_size': 6, 'attention_head_size': 4, 'learning_rate': 0.0054787485479879236}. Best is trial 0 with value: 26.49352264404297.
[I 2023-12-26 15:42:58,677] Trial 9 finished with value: 123.65292358398438 and parameters: {'gradient_clip_val': 0.19949570617785167, 'hidden_size': 10, 'dropout': 0.2498935611358455, 'hidden_continuous_size': 6, 'attention_head_size': 4, 'learning_rate': 0.0022165694442957814}. Best is trial 0 with value: 26.49352264404297.
[I 2023-12-26 15:43:05,397] Trial 10 finished with value: 101.4834976196289 and parameters: {'gradient_clip_val': 0.9271895781240337, 'hidden_size': 112, 'dropout': 0.4926598544347193, 'hidden_continuous_size': 39, 'attention_head_size': 3, 'learning_rate': 0.0005813345936193934}. Best is trial 0 with value: 26.49352264404297.
[I 2023-12-26 15:43:08,056] Trial 11 finished with value: 166.0830078125 and parameters: {'gradient_clip_val': 0.3433361401405569, 'hidden_size': 40, 'dropout': 0.3082389231182009, 'hidden_continuous_size': 21, 'attention_head_size': 2, 'learning_rate': 0.0005067551225436995}. Best is trial 0 with value: 26.49352264404297.
[I 2023-12-26 15:43:09,833] Trial 12 finished with value: 124.63970184326172 and parameters: {'gradient_clip_val': 0.593662767586339, 'hidden_size': 5, 'dropout': 0.4365787028057288, 'hidden_continuous_size': 5, 'attention_head_size': 3, 'learning_rate': 0.001694042230190744}. Best is trial 0 with value: 26.49352264404297.
[I 2023-12-26 15:43:17,992] Trial 13 finished with value: 87.82762908935547 and parameters: {'gradient_clip_val': 0.7989523594748174, 'hidden_size': 124, 'dropout': 0.35991082538840174, 'hidden_continuous_size': 33, 'attention_head_size': 2, 'learning_rate': 0.0005099346839918507}. Best is trial 0 with value: 26.49352264404297.
[I 2023-12-26 15:43:22,597] Trial 14 finished with value: 98.97693634033203 and parameters: {'gradient_clip_val': 0.4146175714733592, 'hidden_size': 70, 'dropout': 0.26885189960778877, 'hidden_continuous_size': 69, 'attention_head_size': 3, 'learning_rate': 0.0017158350075374255}. Best is trial 0 with value: 26.49352264404297.
[I 2023-12-26 15:43:25,009] Trial 15 finished with value: 110.22093963623047 and parameters: {'gradient_clip_val': 0.2752818508507968, 'hidden_size': 27, 'dropout': 0.18919843387409457, 'hidden_continuous_size': 10, 'attention_head_size': 3, 'learning_rate': 0.0010030960951589632}. Best is trial 0 with value: 26.49352264404297.
[I 2023-12-26 15:43:28,843] Trial 16 finished with value: 132.72308349609375 and parameters: {'gradient_clip_val': 0.9889376270695939, 'hidden_size': 67, 'dropout': 0.4994673631221894, 'hidden_continuous_size': 21, 'attention_head_size': 2, 'learning_rate': 0.002997807680730719}. Best is trial 0 with value: 26.49352264404297.
[I 2023-12-26 15:43:31,000] Trial 17 finished with value: 95.07022857666016 and parameters: {'gradient_clip_val': 0.6227121610400861, 'hidden_size': 20, 'dropout': 0.3262592706059552, 'hidden_continuous_size': 8, 'attention_head_size': 3, 'learning_rate': 0.0010414141330503295}. Best is trial 0 with value: 26.49352264404297.
[I 2023-12-26 15:43:33,675] Trial 18 finished with value: 145.82923889160156 and parameters: {'gradient_clip_val': 0.4547827822156009, 'hidden_size': 38, 'dropout': 0.41223681929179645, 'hidden_continuous_size': 14, 'attention_head_size': 2, 'learning_rate': 0.010197528975207199}. Best is trial 0 with value: 26.49352264404297.
[I 2023-12-26 15:43:42,996] Trial 19 finished with value: 94.65570068359375 and parameters: {'gradient_clip_val': 0.715034238397367, 'hidden_size': 134, 'dropout': 0.348117130020492, 'hidden_continuous_size': 105, 'attention_head_size': 1, 'learning_rate': 0.0018350089426013422}. Best is trial 0 with value: 26.49352264404297.
[I 2023-12-26 15:43:47,640] Trial 20 finished with value: 102.53105926513672 and parameters: {'gradient_clip_val': 0.3445933142902733, 'hidden_size': 80, 'dropout': 0.447874214282879, 'hidden_continuous_size': 18, 'attention_head_size': 4, 'learning_rate': 0.0007672638836338423}. Best is trial 0 with value: 26.49352264404297.
[I 2023-12-26 15:43:57,190] Trial 21 finished with value: 102.35089111328125 and parameters: {'gradient_clip_val': 0.769874941839697, 'hidden_size': 149, 'dropout': 0.3831110147037876, 'hidden_continuous_size': 31, 'attention_head_size': 2, 'learning_rate': 0.0005607319370976618}. Best is trial 0 with value: 26.49352264404297.
[I 2023-12-26 15:44:04,080] Trial 22 finished with value: 170.94873046875 and parameters: {'gradient_clip_val': 0.8292139518294737, 'hidden_size': 111, 'dropout': 0.382443940056446, 'hidden_continuous_size': 29, 'attention_head_size': 2, 'learning_rate': 0.0005323055627075101}. Best is trial 0 with value: 26.49352264404297.
[I 2023-12-26 15:44:08,891] Trial 23 finished with value: 137.35833740234375 and parameters: {'gradient_clip_val': 0.7266530696132133, 'hidden_size': 83, 'dropout': 0.3374266822611731, 'hidden_continuous_size': 24, 'attention_head_size': 2, 'learning_rate': 0.001244759083868252}. Best is trial 0 with value: 26.49352264404297.
[I 2023-12-26 15:44:12,030] Trial 24 finished with value: 83.05541229248047 and parameters: {'gradient_clip_val': 0.4759399002061065, 'hidden_size': 51, 'dropout': 0.45468387988472503, 'hidden_continuous_size': 15, 'attention_head_size': 3, 'learning_rate': 0.0007783037415385689}. Best is trial 0 with value: 26.49352264404297.
[I 2023-12-26 15:44:15,322] Trial 25 finished with value: 111.09322357177734 and parameters: {'gradient_clip_val': 0.5165862863525297, 'hidden_size': 52, 'dropout': 0.45837160664207555, 'hidden_continuous_size': 14, 'attention_head_size': 3, 'learning_rate': 0.0009252245004165871}. Best is trial 0 with value: 26.49352264404297.
[I 2023-12-26 15:44:18,373] Trial 26 finished with value: 151.58543395996094 and parameters: {'gradient_clip_val': 0.6321781362975468, 'hidden_size': 50, 'dropout': 0.45836376196379675, 'hidden_continuous_size': 12, 'attention_head_size': 4, 'learning_rate': 0.001486693332341111}. Best is trial 0 with value: 26.49352264404297.
[I 2023-12-26 15:44:20,854] Trial 27 finished with value: 153.14146423339844 and parameters: {'gradient_clip_val': 0.4479262308996455, 'hidden_size': 29, 'dropout': 0.411055249096966, 'hidden_continuous_size': 10, 'attention_head_size': 3, 'learning_rate': 0.0008197564650877102}. Best is trial 0 with value: 26.49352264404297.
[I 2023-12-26 15:44:27,078] Trial 28 finished with value: 105.84762573242188 and parameters: {'gradient_clip_val': 0.49896678597220356, 'hidden_size': 90, 'dropout': 0.46837101831813727, 'hidden_continuous_size': 17, 'attention_head_size': 3, 'learning_rate': 0.002504638932845603}. Best is trial 0 with value: 26.49352264404297.
[I 2023-12-26 15:44:32,227] Trial 29 finished with value: 192.8607940673828 and parameters: {'gradient_clip_val': 0.35104887812791585, 'hidden_size': 57, 'dropout': 0.2839266888416202, 'hidden_continuous_size': 20, 'attention_head_size': 4, 'learning_rate': 0.0014512425867360627}. Best is trial 0 with value: 26.49352264404297.
[I 2023-12-26 15:44:39,446] Trial 30 finished with value: 134.64259338378906 and parameters: {'gradient_clip_val': 0.291024102990847, 'hidden_size': 89, 'dropout': 0.23394407307527001, 'hidden_continuous_size': 25, 'attention_head_size': 1, 'learning_rate': 0.0007634400424696139}. Best is trial 0 with value: 26.49352264404297.
[I 2023-12-26 15:44:49,261] Trial 31 finished with value: 111.05044555664062 and parameters: {'gradient_clip_val': 0.6554292297446176, 'hidden_size': 120, 'dropout': 0.4333001511398966, 'hidden_continuous_size': 39, 'attention_head_size': 2, 'learning_rate': 0.0007043732657816439}. Best is trial 0 with value: 26.49352264404297.
[I 2023-12-26 15:44:57,722] Trial 32 finished with value: 132.4805908203125 and parameters: {'gradient_clip_val': 0.8574386852301726, 'hidden_size': 106, 'dropout': 0.4062448241159394, 'hidden_continuous_size': 16, 'attention_head_size': 2, 'learning_rate': 0.0005136406096833637}. Best is trial 0 with value: 26.49352264404297.
[I 2023-12-26 15:45:08,470] Trial 33 finished with value: 172.75474548339844 and parameters: {'gradient_clip_val': 0.5637832074534248, 'hidden_size': 133, 'dropout': 0.39465812682306145, 'hidden_continuous_size': 37, 'attention_head_size': 1, 'learning_rate': 0.0007237886818069712}. Best is trial 0 with value: 26.49352264404297.
[I 2023-12-26 15:45:14,543] Trial 34 finished with value: 148.3943634033203 and parameters: {'gradient_clip_val': 0.7486224139309192, 'hidden_size': 67, 'dropout': 0.36439982878234245, 'hidden_continuous_size': 26, 'attention_head_size': 2, 'learning_rate': 0.0012041301044277033}. Best is trial 0 with value: 26.49352264404297.
[I 2023-12-26 15:45:22,438] Trial 35 finished with value: 123.9687271118164 and parameters: {'gradient_clip_val': 0.8830807885707079, 'hidden_size': 98, 'dropout': 0.43605167596353794, 'hidden_continuous_size': 19, 'attention_head_size': 3, 'learning_rate': 0.0007100297348622164}. Best is trial 0 with value: 26.49352264404297.
[I 2023-12-26 15:45:34,488] Trial 36 finished with value: 130.3564453125 and parameters: {'gradient_clip_val': 0.3937880965400737, 'hidden_size': 150, 'dropout': 0.3579456933134219, 'hidden_continuous_size': 52, 'attention_head_size': 2, 'learning_rate': 0.0011963383045253977}. Best is trial 0 with value: 26.49352264404297.
[I 2023-12-26 15:45:37,460] Trial 37 finished with value: 101.5064468383789 and parameters: {'gradient_clip_val': 0.5389989938097438, 'hidden_size': 17, 'dropout': 0.4823294877475777, 'hidden_continuous_size': 11, 'attention_head_size': 4, 'learning_rate': 0.003227835750369598}. Best is trial 0 with value: 26.49352264404297.
[I 2023-12-26 15:45:45,727] Trial 38 finished with value: 100.45462036132812 and parameters: {'gradient_clip_val': 0.24124021242286903, 'hidden_size': 99, 'dropout': 0.32218220572611256, 'hidden_continuous_size': 14, 'attention_head_size': 1, 'learning_rate': 0.0009461853596869623}. Best is trial 0 with value: 26.49352264404297.
[I 2023-12-26 15:45:48,387] Trial 39 finished with value: 94.0463638305664 and parameters: {'gradient_clip_val': 0.9674151039114309, 'hidden_size': 14, 'dropout': 0.37063947880126596, 'hidden_continuous_size': 9, 'attention_head_size': 4, 'learning_rate': 0.0020973668981921355}. Best is trial 0 with value: 26.49352264404297.
[I 2023-12-26 15:45:54,741] Trial 40 finished with value: 148.8531951904297 and parameters: {'gradient_clip_val': 0.8255745959569302, 'hidden_size': 75, 'dropout': 0.4816330883898604, 'hidden_continuous_size': 22, 'attention_head_size': 2, 'learning_rate': 0.000642107163191874}. Best is trial 0 with value: 26.49352264404297.
[I 2023-12-26 15:45:57,206] Trial 41 finished with value: 131.96556091308594 and parameters: {'gradient_clip_val': 0.4760817166375521, 'hidden_size': 12, 'dropout': 0.21957541957002205, 'hidden_continuous_size': 8, 'attention_head_size': 1, 'learning_rate': 0.004496313479634691}. Best is trial 0 with value: 26.49352264404297.
[I 2023-12-26 15:46:00,033] Trial 42 finished with value: 135.4672393798828 and parameters: {'gradient_clip_val': 0.5487673965058792, 'hidden_size': 22, 'dropout': 0.4212507765038429, 'hidden_continuous_size': 13, 'attention_head_size': 1, 'learning_rate': 0.014277089665310057}. Best is trial 0 with value: 26.49352264404297.
[I 2023-12-26 15:46:02,501] Trial 43 finished with value: 153.8882598876953 and parameters: {'gradient_clip_val': 0.39420830438154775, 'hidden_size': 10, 'dropout': 0.3018022013743144, 'hidden_continuous_size': 7, 'attention_head_size': 1, 'learning_rate': 0.00438718725210759}. Best is trial 0 with value: 26.49352264404297.
[I 2023-12-26 15:46:04,991] Trial 44 finished with value: 117.6240005493164 and parameters: {'gradient_clip_val': 0.6904916785860526, 'hidden_size': 16, 'dropout': 0.19082831593833874, 'hidden_continuous_size': 11, 'attention_head_size': 3, 'learning_rate': 0.007365227884909451}. Best is trial 0 with value: 26.49352264404297.
[I 2023-12-26 15:46:14,407] Trial 45 finished with value: 97.40673828125 and parameters: {'gradient_clip_val': 0.6203542417178207, 'hidden_size': 119, 'dropout': 0.2831833004326595, 'hidden_continuous_size': 6, 'attention_head_size': 2, 'learning_rate': 0.0005034114392322011}. Best is trial 0 with value: 26.49352264404297.
[I 2023-12-26 15:46:17,391] Trial 46 finished with value: 141.84591674804688 and parameters: {'gradient_clip_val': 0.3227396896522727, 'hidden_size': 23, 'dropout': 0.25691519548528885, 'hidden_continuous_size': 9, 'attention_head_size': 4, 'learning_rate': 0.0009404545798153218}. Best is trial 0 with value: 26.49352264404297.
[I 2023-12-26 15:46:20,164] Trial 47 finished with value: 118.35562896728516 and parameters: {'gradient_clip_val': 0.43343881148602675, 'hidden_size': 18, 'dropout': 0.49890466396576855, 'hidden_continuous_size': 13, 'attention_head_size': 3, 'learning_rate': 0.0006117828974469431}. Best is trial 0 with value: 26.49352264404297.
[I 2023-12-26 15:46:22,731] Trial 48 finished with value: 98.33243560791016 and parameters: {'gradient_clip_val': 0.5904112762097986, 'hidden_size': 13, 'dropout': 0.45633520198967303, 'hidden_continuous_size': 9, 'attention_head_size': 1, 'learning_rate': 0.0026051804023493573}. Best is trial 0 with value: 26.49352264404297.
[I 2023-12-26 15:46:26,435] Trial 49 finished with value: 132.4918670654297 and parameters: {'gradient_clip_val': 0.9960830270654237, 'hidden_size': 33, 'dropout': 0.39992088822476723, 'hidden_continuous_size': 16, 'attention_head_size': 2, 'learning_rate': 0.001554704398194796}. Best is trial 0 with value: 26.49352264404297.
[I 2023-12-26 15:46:26,596] A new study created in memory with name: no-name-ea359fce-200d-4140-9c46-a3befe54c2ac
/home/le004/conda/anaconda3/envs/tsff_env/lib/python3.9/site-packages/lightning/fabric/plugins/environments/slurm.py:191: The `srun` command is available on your system but is not used. HINT: If your intention is to run Lightning on SLURM, prepend your python command with `srun` like so: srun python /home/le004/master_thesis/git/TSFusionForecast/code/ ...
[I 2023-12-26 15:49:27,575] Trial 0 finished with value: 10.112971305847168 and parameters: {'gradient_clip_val': 0.22629756424241565, 'hidden_size': 13, 'dropout': 0.17158495252876743, 'hidden_continuous_size': 10, 'attention_head_size': 4, 'learning_rate': 0.02452905289000407}. Best is trial 0 with value: 10.112971305847168.
[I 2023-12-26 15:49:29,900] Trial 1 finished with value: 24.5994930267334 and parameters: {'gradient_clip_val': 0.7702098496513221, 'hidden_size': 8, 'dropout': 0.1975067511167283, 'hidden_continuous_size': 6, 'attention_head_size': 4, 'learning_rate': 0.02507424769921576}. Best is trial 0 with value: 10.112971305847168.
[I 2023-12-26 15:49:38,304] Trial 2 finished with value: 21.768943786621094 and parameters: {'gradient_clip_val': 0.12902132429467528, 'hidden_size': 95, 'dropout': 0.3814920813526559, 'hidden_continuous_size': 6, 'attention_head_size': 3, 'learning_rate': 0.056260122024649986}. Best is trial 0 with value: 10.112971305847168.
[I 2023-12-26 15:49:40,902] Trial 3 finished with value: 24.25904083251953 and parameters: {'gradient_clip_val': 0.5030638014598701, 'hidden_size': 15, 'dropout': 0.3606851843011113, 'hidden_continuous_size': 11, 'attention_head_size': 1, 'learning_rate': 0.009361901264704674}. Best is trial 0 with value: 10.112971305847168.
[I 2023-12-26 15:49:43,278] Trial 4 finished with value: 19.54782485961914 and parameters: {'gradient_clip_val': 0.27163014014117776, 'hidden_size': 12, 'dropout': 0.46328407108359126, 'hidden_continuous_size': 12, 'attention_head_size': 3, 'learning_rate': 0.0012103313333120353}. Best is trial 0 with value: 10.112971305847168.
[I 2023-12-26 15:49:50,169] Trial 5 finished with value: 19.389596939086914 and parameters: {'gradient_clip_val': 0.7797768738574057, 'hidden_size': 80, 'dropout': 0.34810822037797295, 'hidden_continuous_size': 58, 'attention_head_size': 2, 'learning_rate': 0.0006831199716487757}. Best is trial 0 with value: 10.112971305847168.
[I 2023-12-26 15:49:53,065] Trial 6 finished with value: 22.403223037719727 and parameters: {'gradient_clip_val': 0.4728156752792897, 'hidden_size': 21, 'dropout': 0.3810389488005699, 'hidden_continuous_size': 17, 'attention_head_size': 2, 'learning_rate': 0.02304875125160279}. Best is trial 0 with value: 10.112971305847168.
[I 2023-12-26 15:49:59,433] Trial 7 finished with value: 17.504648208618164 and parameters: {'gradient_clip_val': 0.3118821244189076, 'hidden_size': 74, 'dropout': 0.1375548296449423, 'hidden_continuous_size': 34, 'attention_head_size': 1, 'learning_rate': 0.019363744158154218}. Best is trial 0 with value: 10.112971305847168.
[I 2023-12-26 15:50:01,608] Trial 8 finished with value: 27.286691665649414 and parameters: {'gradient_clip_val': 0.2679138313266921, 'hidden_size': 8, 'dropout': 0.42061996102782884, 'hidden_continuous_size': 8, 'attention_head_size': 3, 'learning_rate': 0.0041053595542131635}. Best is trial 0 with value: 10.112971305847168.
[I 2023-12-26 15:50:10,327] Trial 9 finished with value: 19.998916625976562 and parameters: {'gradient_clip_val': 0.1493374314478387, 'hidden_size': 103, 'dropout': 0.30186657653601556, 'hidden_continuous_size': 10, 'attention_head_size': 4, 'learning_rate': 0.024591105445667925}. Best is trial 0 with value: 10.112971305847168.
[I 2023-12-26 15:50:12,547] Trial 10 finished with value: 20.61326789855957 and parameters: {'gradient_clip_val': 0.1010473152314435, 'hidden_size': 5, 'dropout': 0.22237850652135768, 'hidden_continuous_size': 5, 'attention_head_size': 4, 'learning_rate': 0.08981241495867327}. Best is trial 0 with value: 10.112971305847168.
[I 2023-12-26 15:50:16,218] Trial 11 finished with value: 18.5242862701416 and parameters: {'gradient_clip_val': 0.20243731081588653, 'hidden_size': 37, 'dropout': 0.10107691101849291, 'hidden_continuous_size': 21, 'attention_head_size': 1, 'learning_rate': 0.008922488197082856}. Best is trial 0 with value: 10.112971305847168.
[I 2023-12-26 15:50:20,257] Trial 12 finished with value: 19.292564392089844 and parameters: {'gradient_clip_val': 0.3718282400993717, 'hidden_size': 44, 'dropout': 0.12112816334102677, 'hidden_continuous_size': 26, 'attention_head_size': 2, 'learning_rate': 0.04600936082223197}. Best is trial 0 with value: 10.112971305847168.
[I 2023-12-26 15:50:32,239] Trial 13 finished with value: 23.534217834472656 and parameters: {'gradient_clip_val': 0.19664859976221824, 'hidden_size': 150, 'dropout': 0.18353079967503932, 'hidden_continuous_size': 47, 'attention_head_size': 1, 'learning_rate': 0.013862325334987758}. Best is trial 0 with value: 10.112971305847168.
[I 2023-12-26 15:50:35,472] Trial 14 finished with value: 26.028844833374023 and parameters: {'gradient_clip_val': 0.346768745776569, 'hidden_size': 32, 'dropout': 0.2375894964469764, 'hidden_continuous_size': 16, 'attention_head_size': 3, 'learning_rate': 0.005497873803335178}. Best is trial 0 with value: 10.112971305847168.
[I 2023-12-26 15:50:39,548] Trial 15 finished with value: 18.99094009399414 and parameters: {'gradient_clip_val': 0.21882835600289186, 'hidden_size': 51, 'dropout': 0.15036820458210426, 'hidden_continuous_size': 31, 'attention_head_size': 2, 'learning_rate': 0.015479889109256276}. Best is trial 0 with value: 10.112971305847168.
