[rank: 0] Seed set to 42
[I 2023-12-15 10:45:09,083] A new study created in memory with name: no-name-6a348b82-8406-45dd-b0b3-a60938743b5b
/home/le004/conda/anaconda3/envs/tsff_env/lib/python3.9/site-packages/lightning/fabric/plugins/environments/slurm.py:191: The `srun` command is available on your system but is not used. HINT: If your intention is to run Lightning on SLURM, prepend your python command with `srun` like so: srun python /home/le004/master_thesis/git/TSFusionForecast/code/ ...
LOCAL_RANK: 0 - CUDA_VISIBLE_DEVICES: [0]
[I 2023-12-15 10:45:57,679] Trial 0 finished with value: 36.95663833618164 and parameters: {'gradient_clip_val': 0.9276218569181399, 'hidden_size': 19, 'dropout': 0.3274186241461712, 'hidden_continuous_size': 8, 'attention_head_size': 3, 'learning_rate': 0.016378096575300743}. Best is trial 0 with value: 36.95663833618164.
LOCAL_RANK: 0 - CUDA_VISIBLE_DEVICES: [0]
[I 2023-12-15 10:46:43,332] Trial 1 finished with value: 29.23090171813965 and parameters: {'gradient_clip_val': 0.8117061866669891, 'hidden_size': 11, 'dropout': 0.13052084418403886, 'hidden_continuous_size': 6, 'attention_head_size': 4, 'learning_rate': 0.09736873074730289}. Best is trial 1 with value: 29.23090171813965.
LOCAL_RANK: 0 - CUDA_VISIBLE_DEVICES: [0]
[I 2023-12-15 10:47:27,907] Trial 2 finished with value: 19.969518661499023 and parameters: {'gradient_clip_val': 0.3055471498942849, 'hidden_size': 13, 'dropout': 0.30575730250290917, 'hidden_continuous_size': 7, 'attention_head_size': 1, 'learning_rate': 0.004800086533569297}. Best is trial 2 with value: 19.969518661499023.
LOCAL_RANK: 0 - CUDA_VISIBLE_DEVICES: [0]
[I 2023-12-15 10:48:20,666] Trial 3 finished with value: 42.66172790527344 and parameters: {'gradient_clip_val': 0.17800624096560247, 'hidden_size': 49, 'dropout': 0.11572116092412174, 'hidden_continuous_size': 8, 'attention_head_size': 4, 'learning_rate': 0.003232047806009316}. Best is trial 2 with value: 19.969518661499023.
LOCAL_RANK: 0 - CUDA_VISIBLE_DEVICES: [0]
[I 2023-12-15 10:49:11,912] Trial 4 finished with value: 97.48687744140625 and parameters: {'gradient_clip_val': 0.9840182479534516, 'hidden_size': 30, 'dropout': 0.19486012895576388, 'hidden_continuous_size': 21, 'attention_head_size': 4, 'learning_rate': 0.026167898658156063}. Best is trial 2 with value: 19.969518661499023.
LOCAL_RANK: 0 - CUDA_VISIBLE_DEVICES: [0]
[I 2023-12-15 10:49:55,575] Trial 5 finished with value: 24.664451599121094 and parameters: {'gradient_clip_val': 0.6478534049654572, 'hidden_size': 12, 'dropout': 0.20256174429137522, 'hidden_continuous_size': 7, 'attention_head_size': 1, 'learning_rate': 0.0982219915291244}. Best is trial 2 with value: 19.969518661499023.
LOCAL_RANK: 0 - CUDA_VISIBLE_DEVICES: [0]
[I 2023-12-15 10:50:39,740] Trial 6 finished with value: 58.13275146484375 and parameters: {'gradient_clip_val': 0.5397957984768702, 'hidden_size': 12, 'dropout': 0.1426748489618591, 'hidden_continuous_size': 11, 'attention_head_size': 1, 'learning_rate': 0.060881168564161}. Best is trial 2 with value: 19.969518661499023.
LOCAL_RANK: 0 - CUDA_VISIBLE_DEVICES: [0]
[I 2023-12-15 10:51:31,818] Trial 7 finished with value: 47.4321174621582 and parameters: {'gradient_clip_val': 0.11093185837271474, 'hidden_size': 39, 'dropout': 0.18821333415221525, 'hidden_continuous_size': 25, 'attention_head_size': 2, 'learning_rate': 0.03554748308873852}. Best is trial 2 with value: 19.969518661499023.
LOCAL_RANK: 0 - CUDA_VISIBLE_DEVICES: [0]
[I 2023-12-15 10:52:30,536] Trial 8 finished with value: 45.37591552734375 and parameters: {'gradient_clip_val': 0.32021779524324157, 'hidden_size': 98, 'dropout': 0.1071562698281324, 'hidden_continuous_size': 95, 'attention_head_size': 4, 'learning_rate': 0.00949079992788649}. Best is trial 2 with value: 19.969518661499023.
LOCAL_RANK: 0 - CUDA_VISIBLE_DEVICES: [0]
[I 2023-12-15 10:53:24,815] Trial 9 finished with value: 41.2315559387207 and parameters: {'gradient_clip_val': 0.877626727145053, 'hidden_size': 54, 'dropout': 0.3509652528969376, 'hidden_continuous_size': 46, 'attention_head_size': 3, 'learning_rate': 0.0014611355662406216}. Best is trial 2 with value: 19.969518661499023.
LOCAL_RANK: 0 - CUDA_VISIBLE_DEVICES: [0]
[I 2023-12-15 10:54:09,853] Trial 10 finished with value: 83.1247329711914 and parameters: {'gradient_clip_val': 0.34799745129620796, 'hidden_size': 6, 'dropout': 0.2905981028283155, 'hidden_continuous_size': 5, 'attention_head_size': 2, 'learning_rate': 0.0008583980003297224}. Best is trial 2 with value: 19.969518661499023.
LOCAL_RANK: 0 - CUDA_VISIBLE_DEVICES: [0]
[I 2023-12-15 10:54:43,574] Trial 11 finished with value: 22.71904754638672 and parameters: {'gradient_clip_val': 0.48149585237928094, 'hidden_size': 5, 'dropout': 0.258849454459183, 'hidden_continuous_size': 5, 'attention_head_size': 1, 'learning_rate': 0.00620561793151137}. Best is trial 2 with value: 19.969518661499023.
LOCAL_RANK: 0 - CUDA_VISIBLE_DEVICES: [0]
[I 2023-12-15 10:55:17,483] Trial 12 finished with value: 22.0296630859375 and parameters: {'gradient_clip_val': 0.4440147028090706, 'hidden_size': 5, 'dropout': 0.26761097837321157, 'hidden_continuous_size': 5, 'attention_head_size': 1, 'learning_rate': 0.005831162282019175}. Best is trial 2 with value: 19.969518661499023.
LOCAL_RANK: 0 - CUDA_VISIBLE_DEVICES: [0]
[I 2023-12-15 10:56:02,393] Trial 13 finished with value: 23.688596725463867 and parameters: {'gradient_clip_val': 0.2508468281926406, 'hidden_size': 7, 'dropout': 0.38064332966891073, 'hidden_continuous_size': 5, 'attention_head_size': 2, 'learning_rate': 0.0036246883747213265}. Best is trial 2 with value: 19.969518661499023.
LOCAL_RANK: 0 - CUDA_VISIBLE_DEVICES: [0]
[I 2023-12-15 10:56:36,251] Trial 14 finished with value: 18.499738693237305 and parameters: {'gradient_clip_val': 0.42668533665751385, 'hidden_size': 5, 'dropout': 0.2952014204674189, 'hidden_continuous_size': 5, 'attention_head_size': 1, 'learning_rate': 0.010008565872635043}. Best is trial 14 with value: 18.499738693237305.
LOCAL_RANK: 0 - CUDA_VISIBLE_DEVICES: [0]
[I 2023-12-15 10:57:20,200] Trial 15 finished with value: 39.72919845581055 and parameters: {'gradient_clip_val': 0.2425354157805291, 'hidden_size': 8, 'dropout': 0.31846162776776843, 'hidden_continuous_size': 5, 'attention_head_size': 2, 'learning_rate': 0.01081900538188722}. Best is trial 14 with value: 18.499738693237305.
LOCAL_RANK: 0 - CUDA_VISIBLE_DEVICES: [0]
[I 2023-12-15 10:58:06,492] Trial 16 finished with value: 22.216888427734375 and parameters: {'gradient_clip_val': 0.4003906245077084, 'hidden_size': 19, 'dropout': 0.29686022997037026, 'hidden_continuous_size': 6, 'attention_head_size': 1, 'learning_rate': 0.0023625582386976912}. Best is trial 14 with value: 18.499738693237305.
LOCAL_RANK: 0 - CUDA_VISIBLE_DEVICES: [0]
[I 2023-12-15 10:58:51,240] Trial 17 finished with value: 58.14384078979492 and parameters: {'gradient_clip_val': 0.6149798667283373, 'hidden_size': 9, 'dropout': 0.3981674698083254, 'hidden_continuous_size': 6, 'attention_head_size': 1, 'learning_rate': 0.000523015585941648}. Best is trial 14 with value: 18.499738693237305.
LOCAL_RANK: 0 - CUDA_VISIBLE_DEVICES: [0]
[I 2023-12-15 10:59:37,004] Trial 18 finished with value: 31.356042861938477 and parameters: {'gradient_clip_val': 0.404269026813733, 'hidden_size': 15, 'dropout': 0.22965515035995812, 'hidden_continuous_size': 6, 'attention_head_size': 3, 'learning_rate': 0.017007357833462772}. Best is trial 14 with value: 18.499738693237305.
LOCAL_RANK: 0 - CUDA_VISIBLE_DEVICES: [0]
[I 2023-12-15 11:00:22,016] Trial 19 finished with value: 28.64183235168457 and parameters: {'gradient_clip_val': 0.26723357256259445, 'hidden_size': 7, 'dropout': 0.3501820273540274, 'hidden_continuous_size': 5, 'attention_head_size': 2, 'learning_rate': 0.0050842215549740276}. Best is trial 14 with value: 18.499738693237305.
LOCAL_RANK: 0 - CUDA_VISIBLE_DEVICES: [0]
[I 2023-12-15 11:00:55,936] Trial 20 finished with value: 17.115610122680664 and parameters: {'gradient_clip_val': 0.3485633606590489, 'hidden_size': 5, 'dropout': 0.27503940295702856, 'hidden_continuous_size': 5, 'attention_head_size': 1, 'learning_rate': 0.008407261076514589}. Best is trial 20 with value: 17.115610122680664.
LOCAL_RANK: 0 - CUDA_VISIBLE_DEVICES: [0]
[I 2023-12-15 11:01:29,733] Trial 21 finished with value: 14.548881530761719 and parameters: {'gradient_clip_val': 0.34590313730500494, 'hidden_size': 5, 'dropout': 0.28638955115837883, 'hidden_continuous_size': 5, 'attention_head_size': 1, 'learning_rate': 0.009030753951786017}. Best is trial 21 with value: 14.548881530761719.
LOCAL_RANK: 0 - CUDA_VISIBLE_DEVICES: [0]
[I 2023-12-15 11:02:03,735] Trial 22 finished with value: 29.36872673034668 and parameters: {'gradient_clip_val': 0.39281580522292325, 'hidden_size': 5, 'dropout': 0.27550022605471086, 'hidden_continuous_size': 5, 'attention_head_size': 1, 'learning_rate': 0.009811056065483822}. Best is trial 21 with value: 14.548881530761719.
LOCAL_RANK: 0 - CUDA_VISIBLE_DEVICES: [0]
[I 2023-12-15 11:02:48,834] Trial 23 finished with value: 36.169124603271484 and parameters: {'gradient_clip_val': 0.5002371609682088, 'hidden_size': 9, 'dropout': 0.2424117262837194, 'hidden_continuous_size': 5, 'attention_head_size': 2, 'learning_rate': 0.01407567585946988}. Best is trial 21 with value: 14.548881530761719.
LOCAL_RANK: 0 - CUDA_VISIBLE_DEVICES: [0]
[I 2023-12-15 11:03:33,192] Trial 24 finished with value: 22.241134643554688 and parameters: {'gradient_clip_val': 0.35340948177577874, 'hidden_size': 6, 'dropout': 0.2806369643110025, 'hidden_continuous_size': 5, 'attention_head_size': 1, 'learning_rate': 0.007662516298521122}. Best is trial 21 with value: 14.548881530761719.
LOCAL_RANK: 0 - CUDA_VISIBLE_DEVICES: [0]
[I 2023-12-15 11:04:06,896] Trial 25 finished with value: 29.513460159301758 and parameters: {'gradient_clip_val': 0.5706501184500125, 'hidden_size': 5, 'dropout': 0.2509566725317338, 'hidden_continuous_size': 5, 'attention_head_size': 1, 'learning_rate': 0.022735846289929605}. Best is trial 21 with value: 14.548881530761719.
LOCAL_RANK: 0 - CUDA_VISIBLE_DEVICES: [0]
[I 2023-12-15 11:04:51,973] Trial 26 finished with value: 33.735286712646484 and parameters: {'gradient_clip_val': 0.4643905748407702, 'hidden_size': 6, 'dropout': 0.304062680762539, 'hidden_continuous_size': 5, 'attention_head_size': 2, 'learning_rate': 0.007961776759635055}. Best is trial 21 with value: 14.548881530761719.
LOCAL_RANK: 0 - CUDA_VISIBLE_DEVICES: [0]
[I 2023-12-15 11:05:36,512] Trial 27 finished with value: 27.031112670898438 and parameters: {'gradient_clip_val': 0.661533534680023, 'hidden_size': 9, 'dropout': 0.28483739074400266, 'hidden_continuous_size': 5, 'attention_head_size': 1, 'learning_rate': 0.014124187944615818}. Best is trial 21 with value: 14.548881530761719.
LOCAL_RANK: 0 - CUDA_VISIBLE_DEVICES: [0]
[I 2023-12-15 11:06:21,277] Trial 28 finished with value: 17.62940216064453 and parameters: {'gradient_clip_val': 0.31155097797373765, 'hidden_size': 6, 'dropout': 0.3309960762249598, 'hidden_continuous_size': 5, 'attention_head_size': 2, 'learning_rate': 0.011296657573116507}. Best is trial 21 with value: 14.548881530761719.
LOCAL_RANK: 0 - CUDA_VISIBLE_DEVICES: [0]
[I 2023-12-15 11:07:06,738] Trial 29 finished with value: 19.15357208251953 and parameters: {'gradient_clip_val': 0.21959778704116467, 'hidden_size': 7, 'dropout': 0.3313051491556768, 'hidden_continuous_size': 5, 'attention_head_size': 3, 'learning_rate': 0.018439595070073804}. Best is trial 21 with value: 14.548881530761719.
LOCAL_RANK: 0 - CUDA_VISIBLE_DEVICES: [0]
[I 2023-12-15 11:07:51,140] Trial 30 finished with value: 17.401750564575195 and parameters: {'gradient_clip_val': 0.3032762006557865, 'hidden_size': 16, 'dropout': 0.33309885920171595, 'hidden_continuous_size': 6, 'attention_head_size': 2, 'learning_rate': 0.012450983220522288}. Best is trial 21 with value: 14.548881530761719.
LOCAL_RANK: 0 - CUDA_VISIBLE_DEVICES: [0]
[I 2023-12-15 11:08:37,145] Trial 31 finished with value: 72.3870620727539 and parameters: {'gradient_clip_val': 0.29815966448840964, 'hidden_size': 17, 'dropout': 0.32748067463670083, 'hidden_continuous_size': 6, 'attention_head_size': 2, 'learning_rate': 0.012763022505120654}. Best is trial 21 with value: 14.548881530761719.
LOCAL_RANK: 0 - CUDA_VISIBLE_DEVICES: [0]
[I 2023-12-15 11:09:22,485] Trial 32 finished with value: 27.946744918823242 and parameters: {'gradient_clip_val': 0.3564080094854191, 'hidden_size': 10, 'dropout': 0.3422275876351133, 'hidden_continuous_size': 6, 'attention_head_size': 2, 'learning_rate': 0.006607152870754404}. Best is trial 21 with value: 14.548881530761719.
LOCAL_RANK: 0 - CUDA_VISIBLE_DEVICES: [0]
[I 2023-12-15 11:10:08,085] Trial 33 finished with value: 25.571578979492188 and parameters: {'gradient_clip_val': 0.2807105454844054, 'hidden_size': 11, 'dropout': 0.31216101511831557, 'hidden_continuous_size': 6, 'attention_head_size': 3, 'learning_rate': 0.01174718675362864}. Best is trial 21 with value: 14.548881530761719.
LOCAL_RANK: 0 - CUDA_VISIBLE_DEVICES: [0]
[I 2023-12-15 11:10:53,724] Trial 34 finished with value: 26.870574951171875 and parameters: {'gradient_clip_val': 0.322136527971778, 'hidden_size': 14, 'dropout': 0.31628093380878297, 'hidden_continuous_size': 7, 'attention_head_size': 2, 'learning_rate': 0.004381273581145673}. Best is trial 21 with value: 14.548881530761719.
LOCAL_RANK: 0 - CUDA_VISIBLE_DEVICES: [0]
[I 2023-12-15 11:11:41,966] Trial 35 finished with value: 87.98368072509766 and parameters: {'gradient_clip_val': 0.21073173713416934, 'hidden_size': 22, 'dropout': 0.3606867782380851, 'hidden_continuous_size': 7, 'attention_head_size': 2, 'learning_rate': 0.0073226324762676875}. Best is trial 21 with value: 14.548881530761719.
LOCAL_RANK: 0 - CUDA_VISIBLE_DEVICES: [0]
[I 2023-12-15 11:12:26,063] Trial 36 finished with value: 47.9805908203125 and parameters: {'gradient_clip_val': 0.298712513486734, 'hidden_size': 8, 'dropout': 0.3072008235026716, 'hidden_continuous_size': 5, 'attention_head_size': 3, 'learning_rate': 0.018932970131069718}. Best is trial 21 with value: 14.548881530761719.
LOCAL_RANK: 0 - CUDA_VISIBLE_DEVICES: [0]
[I 2023-12-15 11:13:10,868] Trial 37 finished with value: 21.309099197387695 and parameters: {'gradient_clip_val': 0.2872851500049413, 'hidden_size': 11, 'dropout': 0.33424639779457305, 'hidden_continuous_size': 6, 'attention_head_size': 1, 'learning_rate': 0.028083086356971976}. Best is trial 21 with value: 14.548881530761719.
LOCAL_RANK: 0 - CUDA_VISIBLE_DEVICES: [0]
[I 2023-12-15 11:13:55,647] Trial 38 finished with value: 15.449463844299316 and parameters: {'gradient_clip_val': 0.33878029007351956, 'hidden_size': 6, 'dropout': 0.3661027944411545, 'hidden_continuous_size': 5, 'attention_head_size': 2, 'learning_rate': 0.015575225643045339}. Best is trial 21 with value: 14.548881530761719.
LOCAL_RANK: 0 - CUDA_VISIBLE_DEVICES: [0]
[I 2023-12-15 11:14:40,377] Trial 39 finished with value: 37.92290115356445 and parameters: {'gradient_clip_val': 0.37677158042838, 'hidden_size': 13, 'dropout': 0.3686740495709631, 'hidden_continuous_size': 6, 'attention_head_size': 1, 'learning_rate': 0.03567185966179495}. Best is trial 21 with value: 14.548881530761719.
LOCAL_RANK: 0 - CUDA_VISIBLE_DEVICES: [0]
[I 2023-12-15 11:15:26,140] Trial 40 finished with value: 29.678451538085938 and parameters: {'gradient_clip_val': 0.3346788194752749, 'hidden_size': 10, 'dropout': 0.3467747190344255, 'hidden_continuous_size': 6, 'attention_head_size': 3, 'learning_rate': 0.016132056870601704}. Best is trial 21 with value: 14.548881530761719.
LOCAL_RANK: 0 - CUDA_VISIBLE_DEVICES: [0]
[I 2023-12-15 11:16:11,002] Trial 41 finished with value: 21.91095542907715 and parameters: {'gradient_clip_val': 0.32143646780854773, 'hidden_size': 6, 'dropout': 0.32615391178910624, 'hidden_continuous_size': 5, 'attention_head_size': 2, 'learning_rate': 0.008150145688561592}. Best is trial 21 with value: 14.548881530761719.
LOCAL_RANK: 0 - CUDA_VISIBLE_DEVICES: [0]
[I 2023-12-15 11:16:55,762] Trial 42 finished with value: 26.525619506835938 and parameters: {'gradient_clip_val': 0.3721270508823487, 'hidden_size': 6, 'dropout': 0.31807953398984773, 'hidden_continuous_size': 5, 'attention_head_size': 2, 'learning_rate': 0.012818801980320808}. Best is trial 21 with value: 14.548881530761719.
LOCAL_RANK: 0 - CUDA_VISIBLE_DEVICES: [0]
[I 2023-12-15 11:17:41,644] Trial 43 finished with value: 23.060043334960938 and parameters: {'gradient_clip_val': 0.2610246601457167, 'hidden_size': 7, 'dropout': 0.3650387040421131, 'hidden_continuous_size': 5, 'attention_head_size': 4, 'learning_rate': 0.009401112192178646}. Best is trial 21 with value: 14.548881530761719.
LOCAL_RANK: 0 - CUDA_VISIBLE_DEVICES: [0]
[I 2023-12-15 11:18:15,722] Trial 44 finished with value: 31.61454963684082 and parameters: {'gradient_clip_val': 0.43685162882075845, 'hidden_size': 5, 'dropout': 0.2717556907949358, 'hidden_continuous_size': 5, 'attention_head_size': 2, 'learning_rate': 0.005660187167006432}. Best is trial 21 with value: 14.548881530761719.
LOCAL_RANK: 0 - CUDA_VISIBLE_DEVICES: [0]
[I 2023-12-15 11:19:04,466] Trial 45 finished with value: 79.4725112915039 and parameters: {'gradient_clip_val': 0.3176993197526507, 'hidden_size': 25, 'dropout': 0.33673523147997475, 'hidden_continuous_size': 10, 'attention_head_size': 2, 'learning_rate': 0.02247270937806272}. Best is trial 21 with value: 14.548881530761719.
LOCAL_RANK: 0 - CUDA_VISIBLE_DEVICES: [0]
[I 2023-12-15 11:19:48,120] Trial 46 finished with value: 38.01167297363281 and parameters: {'gradient_clip_val': 0.3610650395085651, 'hidden_size': 8, 'dropout': 0.30105864579507313, 'hidden_continuous_size': 5, 'attention_head_size': 1, 'learning_rate': 0.010851462465798161}. Best is trial 21 with value: 14.548881530761719.
LOCAL_RANK: 0 - CUDA_VISIBLE_DEVICES: [0]
[I 2023-12-15 11:20:33,121] Trial 47 finished with value: 23.0093936920166 and parameters: {'gradient_clip_val': 0.28425231187694805, 'hidden_size': 6, 'dropout': 0.28421594330917943, 'hidden_continuous_size': 5, 'attention_head_size': 2, 'learning_rate': 0.0039761217786063495}. Best is trial 21 with value: 14.548881530761719.
LOCAL_RANK: 0 - CUDA_VISIBLE_DEVICES: [0]
[I 2023-12-15 11:21:16,780] Trial 48 finished with value: 20.500064849853516 and parameters: {'gradient_clip_val': 0.41226089422728396, 'hidden_size': 12, 'dropout': 0.3777698544067736, 'hidden_continuous_size': 6, 'attention_head_size': 1, 'learning_rate': 0.004849607534829681}. Best is trial 21 with value: 14.548881530761719.
LOCAL_RANK: 0 - CUDA_VISIBLE_DEVICES: [0]
[I 2023-12-15 11:21:51,096] Trial 49 finished with value: 21.78789520263672 and parameters: {'gradient_clip_val': 0.2418409286828093, 'hidden_size': 5, 'dropout': 0.355248645396184, 'hidden_continuous_size': 5, 'attention_head_size': 2, 'learning_rate': 0.008653542123249909}. Best is trial 21 with value: 14.548881530761719.
[I 2023-12-15 11:21:51,190] A new study created in memory with name: no-name-eec90e24-94f3-43ba-94c6-6e1a74350d79
/home/le004/conda/anaconda3/envs/tsff_env/lib/python3.9/site-packages/lightning/fabric/plugins/environments/slurm.py:191: The `srun` command is available on your system but is not used. HINT: If your intention is to run Lightning on SLURM, prepend your python command with `srun` like so: srun python /home/le004/master_thesis/git/TSFusionForecast/code/ ...
LOCAL_RANK: 0 - CUDA_VISIBLE_DEVICES: [0]
[I 2023-12-15 11:22:25,537] Trial 0 finished with value: 269.00909423828125 and parameters: {'gradient_clip_val': 0.5505585727050716, 'hidden_size': 11, 'dropout': 0.29331291648249014, 'hidden_continuous_size': 11, 'attention_head_size': 1, 'learning_rate': 0.002184008661780831}. Best is trial 0 with value: 269.00909423828125.
LOCAL_RANK: 0 - CUDA_VISIBLE_DEVICES: [0]
[I 2023-12-15 11:23:19,367] Trial 1 finished with value: 177.1720733642578 and parameters: {'gradient_clip_val': 0.3854173948781481, 'hidden_size': 96, 'dropout': 0.24818340528206947, 'hidden_continuous_size': 22, 'attention_head_size': 3, 'learning_rate': 0.047043326368393645}. Best is trial 1 with value: 177.1720733642578.
LOCAL_RANK: 0 - CUDA_VISIBLE_DEVICES: [0]
[I 2023-12-15 11:24:06,601] Trial 2 finished with value: 114.74041748046875 and parameters: {'gradient_clip_val': 0.4771129760015237, 'hidden_size': 18, 'dropout': 0.3785826779277176, 'hidden_continuous_size': 7, 'attention_head_size': 3, 'learning_rate': 0.09971078734720962}. Best is trial 2 with value: 114.74041748046875.
LOCAL_RANK: 0 - CUDA_VISIBLE_DEVICES: [0]
[I 2023-12-15 11:24:54,282] Trial 3 finished with value: 117.92520904541016 and parameters: {'gradient_clip_val': 0.4032411197127707, 'hidden_size': 20, 'dropout': 0.3123192882372512, 'hidden_continuous_size': 10, 'attention_head_size': 3, 'learning_rate': 0.004885180901048406}. Best is trial 2 with value: 114.74041748046875.
LOCAL_RANK: 0 - CUDA_VISIBLE_DEVICES: [0]
[I 2023-12-15 11:25:47,917] Trial 4 finished with value: 97.28912353515625 and parameters: {'gradient_clip_val': 0.4316519296366408, 'hidden_size': 81, 'dropout': 0.21893646597009475, 'hidden_continuous_size': 8, 'attention_head_size': 2, 'learning_rate': 0.05809100190975904}. Best is trial 4 with value: 97.28912353515625.
LOCAL_RANK: 0 - CUDA_VISIBLE_DEVICES: [0]
[I 2023-12-15 11:26:22,656] Trial 5 finished with value: 665.532958984375 and parameters: {'gradient_clip_val': 0.1376790078953849, 'hidden_size': 5, 'dropout': 0.3107876341748816, 'hidden_continuous_size': 5, 'attention_head_size': 3, 'learning_rate': 0.001373756132351377}. Best is trial 4 with value: 97.28912353515625.
LOCAL_RANK: 0 - CUDA_VISIBLE_DEVICES: [0]
