[I 2023-12-16 06:13:39,990] Trial 41 finished with value: 1469.34130859375 and parameters: {'gradient_clip_val': 0.7132655710500023, 'hidden_size': 47, 'dropout': 0.24987058109136193, 'hidden_continuous_size': 30, 'attention_head_size': 4, 'learning_rate': 0.06912120305227996}. Best is trial 16 with value: 1031.1082763671875.
LOCAL_RANK: 0 - CUDA_VISIBLE_DEVICES: [0]
[I 2023-12-16 06:14:33,288] Trial 42 finished with value: 5729.03271484375 and parameters: {'gradient_clip_val': 0.7205178034957967, 'hidden_size': 40, 'dropout': 0.2750875779977761, 'hidden_continuous_size': 30, 'attention_head_size': 4, 'learning_rate': 0.07251814793930911}. Best is trial 16 with value: 1031.1082763671875.
LOCAL_RANK: 0 - CUDA_VISIBLE_DEVICES: [0]
[I 2023-12-16 06:15:26,660] Trial 43 finished with value: 3336.141357421875 and parameters: {'gradient_clip_val': 0.8176160889475635, 'hidden_size': 33, 'dropout': 0.2558089353572723, 'hidden_continuous_size': 23, 'attention_head_size': 4, 'learning_rate': 0.09930411039775426}. Best is trial 16 with value: 1031.1082763671875.
LOCAL_RANK: 0 - CUDA_VISIBLE_DEVICES: [0]
[I 2023-12-16 06:16:17,361] Trial 44 finished with value: 1577.0830078125 and parameters: {'gradient_clip_val': 0.6200574712361046, 'hidden_size': 26, 'dropout': 0.23843966624109983, 'hidden_continuous_size': 19, 'attention_head_size': 4, 'learning_rate': 0.05911276625356539}. Best is trial 16 with value: 1031.1082763671875.
LOCAL_RANK: 0 - CUDA_VISIBLE_DEVICES: [0]
[I 2023-12-16 06:17:12,178] Trial 45 finished with value: 1287.5181884765625 and parameters: {'gradient_clip_val': 0.7044390400767576, 'hidden_size': 61, 'dropout': 0.18922233435874128, 'hidden_continuous_size': 35, 'attention_head_size': 4, 'learning_rate': 0.069728066236712}. Best is trial 16 with value: 1031.1082763671875.
LOCAL_RANK: 0 - CUDA_VISIBLE_DEVICES: [0]
[I 2023-12-16 06:18:07,868] Trial 46 finished with value: 2646.407958984375 and parameters: {'gradient_clip_val': 0.8836708219808943, 'hidden_size': 84, 'dropout': 0.19277711275670448, 'hidden_continuous_size': 39, 'attention_head_size': 4, 'learning_rate': 0.036684864099796405}. Best is trial 16 with value: 1031.1082763671875.
LOCAL_RANK: 0 - CUDA_VISIBLE_DEVICES: [0]
[I 2023-12-16 06:19:03,145] Trial 47 finished with value: 1451.6959228515625 and parameters: {'gradient_clip_val': 0.8057266680661904, 'hidden_size': 68, 'dropout': 0.2152063173826258, 'hidden_continuous_size': 39, 'attention_head_size': 4, 'learning_rate': 0.09060148788175976}. Best is trial 16 with value: 1031.1082763671875.
LOCAL_RANK: 0 - CUDA_VISIBLE_DEVICES: [0]
[I 2023-12-16 06:19:57,364] Trial 48 finished with value: 2416.33740234375 and parameters: {'gradient_clip_val': 0.580254675848722, 'hidden_size': 59, 'dropout': 0.17168401635355177, 'hidden_continuous_size': 18, 'attention_head_size': 4, 'learning_rate': 0.045474903446674646}. Best is trial 16 with value: 1031.1082763671875.
LOCAL_RANK: 0 - CUDA_VISIBLE_DEVICES: [0]
[I 2023-12-16 06:20:43,799] Trial 49 finished with value: 1856.9072265625 and parameters: {'gradient_clip_val': 0.6834218825175411, 'hidden_size': 13, 'dropout': 0.15759222077073215, 'hidden_continuous_size': 12, 'attention_head_size': 1, 'learning_rate': 0.09857320015201103}. Best is trial 16 with value: 1031.1082763671875.
[I 2023-12-16 06:20:43,897] A new study created in memory with name: no-name-a4e19b00-ca72-46d0-a513-0ffc218a98f3
/home/le004/conda/anaconda3/envs/tsff_env/lib/python3.9/site-packages/lightning/fabric/plugins/environments/slurm.py:191: The `srun` command is available on your system but is not used. HINT: If your intention is to run Lightning on SLURM, prepend your python command with `srun` like so: srun python /home/le004/master_thesis/git/TSFusionForecast/code/ ...
LOCAL_RANK: 0 - CUDA_VISIBLE_DEVICES: [0]
[I 2023-12-16 06:21:29,428] Trial 0 finished with value: 657.16259765625 and parameters: {'gradient_clip_val': 0.7716901157729582, 'hidden_size': 15, 'dropout': 0.35199016346880185, 'hidden_continuous_size': 5, 'attention_head_size': 1, 'learning_rate': 0.03241770754949701}. Best is trial 0 with value: 657.16259765625.
LOCAL_RANK: 0 - CUDA_VISIBLE_DEVICES: [0]
[I 2023-12-16 06:22:19,384] Trial 1 finished with value: 286.4374694824219 and parameters: {'gradient_clip_val': 0.3695323827513866, 'hidden_size': 43, 'dropout': 0.22787670513171732, 'hidden_continuous_size': 5, 'attention_head_size': 1, 'learning_rate': 0.01940434820475126}. Best is trial 1 with value: 286.4374694824219.
LOCAL_RANK: 0 - CUDA_VISIBLE_DEVICES: [0]
[I 2023-12-16 06:22:55,805] Trial 2 finished with value: 470.3785705566406 and parameters: {'gradient_clip_val': 0.47502400671981526, 'hidden_size': 5, 'dropout': 0.2639691975733248, 'hidden_continuous_size': 5, 'attention_head_size': 2, 'learning_rate': 0.08855738467392713}. Best is trial 1 with value: 286.4374694824219.
LOCAL_RANK: 0 - CUDA_VISIBLE_DEVICES: [0]
[I 2023-12-16 06:23:52,884] Trial 3 finished with value: 1482.1363525390625 and parameters: {'gradient_clip_val': 0.18142375921102205, 'hidden_size': 99, 'dropout': 0.3671839567309567, 'hidden_continuous_size': 33, 'attention_head_size': 4, 'learning_rate': 0.007202209062863467}. Best is trial 1 with value: 286.4374694824219.
LOCAL_RANK: 0 - CUDA_VISIBLE_DEVICES: [0]
[I 2023-12-16 06:24:38,695] Trial 4 finished with value: 271.3103332519531 and parameters: {'gradient_clip_val': 0.3740651629024036, 'hidden_size': 10, 'dropout': 0.26187041729439275, 'hidden_continuous_size': 6, 'attention_head_size': 1, 'learning_rate': 0.008684387611929216}. Best is trial 4 with value: 271.3103332519531.
LOCAL_RANK: 0 - CUDA_VISIBLE_DEVICES: [0]
[I 2023-12-16 06:25:26,912] Trial 5 finished with value: 649.1366577148438 and parameters: {'gradient_clip_val': 0.15211787245482478, 'hidden_size': 20, 'dropout': 0.32518481513443553, 'hidden_continuous_size': 8, 'attention_head_size': 4, 'learning_rate': 0.04115412148423898}. Best is trial 4 with value: 271.3103332519531.
LOCAL_RANK: 0 - CUDA_VISIBLE_DEVICES: [0]
[I 2023-12-16 06:26:20,234] Trial 6 finished with value: 569.6393432617188 and parameters: {'gradient_clip_val': 0.2742882873842422, 'hidden_size': 46, 'dropout': 0.1765851787045349, 'hidden_continuous_size': 12, 'attention_head_size': 2, 'learning_rate': 0.03369304459795313}. Best is trial 4 with value: 271.3103332519531.
LOCAL_RANK: 0 - CUDA_VISIBLE_DEVICES: [0]
[I 2023-12-16 06:27:09,807] Trial 7 finished with value: 260.4839172363281 and parameters: {'gradient_clip_val': 0.13595555156147782, 'hidden_size': 18, 'dropout': 0.299361525921897, 'hidden_continuous_size': 16, 'attention_head_size': 4, 'learning_rate': 0.07066055433193913}. Best is trial 7 with value: 260.4839172363281.
LOCAL_RANK: 0 - CUDA_VISIBLE_DEVICES: [0]
[I 2023-12-16 06:27:56,064] Trial 8 finished with value: 728.7109985351562 and parameters: {'gradient_clip_val': 0.35413584522224545, 'hidden_size': 7, 'dropout': 0.12477909442021176, 'hidden_continuous_size': 6, 'attention_head_size': 3, 'learning_rate': 0.07244828806816397}. Best is trial 7 with value: 260.4839172363281.
LOCAL_RANK: 0 - CUDA_VISIBLE_DEVICES: [0]
[I 2023-12-16 06:28:33,767] Trial 9 finished with value: 687.109375 and parameters: {'gradient_clip_val': 0.20140740247229336, 'hidden_size': 6, 'dropout': 0.26431864168094266, 'hidden_continuous_size': 6, 'attention_head_size': 2, 'learning_rate': 0.0008646016760734252}. Best is trial 7 with value: 260.4839172363281.
LOCAL_RANK: 0 - CUDA_VISIBLE_DEVICES: [0]
[I 2023-12-16 06:29:13,300] Trial 10 finished with value: 219.82191467285156 and parameters: {'gradient_clip_val': 0.10050923510356097, 'hidden_size': 13, 'dropout': 0.3929431327741377, 'hidden_continuous_size': 13, 'attention_head_size': 3, 'learning_rate': 0.0016357897012928642}. Best is trial 10 with value: 219.82191467285156.
LOCAL_RANK: 0 - CUDA_VISIBLE_DEVICES: [0]
[I 2023-12-16 06:29:51,174] Trial 11 finished with value: 169.752685546875 and parameters: {'gradient_clip_val': 0.10148444782918097, 'hidden_size': 12, 'dropout': 0.3982818547829552, 'hidden_continuous_size': 12, 'attention_head_size': 3, 'learning_rate': 0.0016099249454183822}. Best is trial 11 with value: 169.752685546875.
LOCAL_RANK: 0 - CUDA_VISIBLE_DEVICES: [0]
[I 2023-12-16 06:30:28,662] Trial 12 finished with value: 216.7975311279297 and parameters: {'gradient_clip_val': 0.1011416456525821, 'hidden_size': 10, 'dropout': 0.3864145384266872, 'hidden_continuous_size': 10, 'attention_head_size': 3, 'learning_rate': 0.0014847807371952083}. Best is trial 11 with value: 169.752685546875.
LOCAL_RANK: 0 - CUDA_VISIBLE_DEVICES: [0]
[I 2023-12-16 06:31:05,672] Trial 13 finished with value: 189.266357421875 and parameters: {'gradient_clip_val': 0.12221915225296187, 'hidden_size': 9, 'dropout': 0.38924077125141826, 'hidden_continuous_size': 9, 'attention_head_size': 3, 'learning_rate': 0.0023523298844916798}. Best is trial 11 with value: 169.752685546875.
LOCAL_RANK: 0 - CUDA_VISIBLE_DEVICES: [0]
[I 2023-12-16 06:31:52,450] Trial 14 finished with value: 294.8537292480469 and parameters: {'gradient_clip_val': 0.13038898037987326, 'hidden_size': 9, 'dropout': 0.34088494197471847, 'hidden_continuous_size': 7, 'attention_head_size': 3, 'learning_rate': 0.002706083606382826}. Best is trial 11 with value: 169.752685546875.
LOCAL_RANK: 0 - CUDA_VISIBLE_DEVICES: [0]
[I 2023-12-16 06:32:29,631] Trial 15 finished with value: 277.2742004394531 and parameters: {'gradient_clip_val': 0.20822049835136702, 'hidden_size': 5, 'dropout': 0.39970888452251446, 'hidden_continuous_size': 5, 'attention_head_size': 3, 'learning_rate': 0.0037042512820236913}. Best is trial 11 with value: 169.752685546875.
LOCAL_RANK: 0 - CUDA_VISIBLE_DEVICES: [0]
[I 2023-12-16 06:33:14,833] Trial 16 finished with value: 548.1812133789062 and parameters: {'gradient_clip_val': 0.10341833820056504, 'hidden_size': 8, 'dropout': 0.31579974794836885, 'hidden_continuous_size': 7, 'attention_head_size': 2, 'learning_rate': 0.0005382761288759397}. Best is trial 11 with value: 169.752685546875.
LOCAL_RANK: 0 - CUDA_VISIBLE_DEVICES: [0]
[I 2023-12-16 06:34:01,316] Trial 17 finished with value: 224.36415100097656 and parameters: {'gradient_clip_val': 0.15501799050348025, 'hidden_size': 12, 'dropout': 0.3636650866734022, 'hidden_continuous_size': 9, 'attention_head_size': 4, 'learning_rate': 0.004103783757306949}. Best is trial 11 with value: 169.752685546875.
LOCAL_RANK: 0 - CUDA_VISIBLE_DEVICES: [0]
[I 2023-12-16 06:34:47,534] Trial 18 finished with value: 410.3158874511719 and parameters: {'gradient_clip_val': 0.24955213067248438, 'hidden_size': 7, 'dropout': 0.3021038589280297, 'hidden_continuous_size': 5, 'attention_head_size': 3, 'learning_rate': 0.0014438980886403194}. Best is trial 11 with value: 169.752685546875.
LOCAL_RANK: 0 - CUDA_VISIBLE_DEVICES: [0]
[I 2023-12-16 06:35:36,703] Trial 19 finished with value: 138.39720153808594 and parameters: {'gradient_clip_val': 0.13913281170278968, 'hidden_size': 24, 'dropout': 0.36583919141681503, 'hidden_continuous_size': 11, 'attention_head_size': 2, 'learning_rate': 0.002400655869585145}. Best is trial 19 with value: 138.39720153808594.
LOCAL_RANK: 0 - CUDA_VISIBLE_DEVICES: [0]
[I 2023-12-16 06:36:26,633] Trial 20 finished with value: 218.18212890625 and parameters: {'gradient_clip_val': 0.16280724630414753, 'hidden_size': 25, 'dropout': 0.3477262855889506, 'hidden_continuous_size': 14, 'attention_head_size': 2, 'learning_rate': 0.0008093203940156887}. Best is trial 19 with value: 138.39720153808594.
LOCAL_RANK: 0 - CUDA_VISIBLE_DEVICES: [0]
[I 2023-12-16 06:37:14,587] Trial 21 finished with value: 1085.197998046875 and parameters: {'gradient_clip_val': 0.12690491671009432, 'hidden_size': 15, 'dropout': 0.39777760508810195, 'hidden_continuous_size': 10, 'attention_head_size': 3, 'learning_rate': 0.0024543412493191834}. Best is trial 19 with value: 138.39720153808594.
LOCAL_RANK: 0 - CUDA_VISIBLE_DEVICES: [0]
[I 2023-12-16 06:38:04,081] Trial 22 finished with value: 199.34716796875 and parameters: {'gradient_clip_val': 0.12322753710970469, 'hidden_size': 25, 'dropout': 0.37685262404370135, 'hidden_continuous_size': 11, 'attention_head_size': 2, 'learning_rate': 0.004861333670298998}. Best is trial 19 with value: 138.39720153808594.
LOCAL_RANK: 0 - CUDA_VISIBLE_DEVICES: [0]
[I 2023-12-16 06:38:51,313] Trial 23 finished with value: 206.9187774658203 and parameters: {'gradient_clip_val': 0.11558415418581286, 'hidden_size': 11, 'dropout': 0.3678594947105144, 'hidden_continuous_size': 9, 'attention_head_size': 3, 'learning_rate': 0.0024866253235319513}. Best is trial 19 with value: 138.39720153808594.
LOCAL_RANK: 0 - CUDA_VISIBLE_DEVICES: [0]
[I 2023-12-16 06:39:36,319] Trial 24 finished with value: 623.3313598632812 and parameters: {'gradient_clip_val': 0.14567184500088862, 'hidden_size': 8, 'dropout': 0.3443217039339357, 'hidden_continuous_size': 7, 'attention_head_size': 2, 'learning_rate': 0.0017183456135970528}. Best is trial 19 with value: 138.39720153808594.
LOCAL_RANK: 0 - CUDA_VISIBLE_DEVICES: [0]
[I 2023-12-16 06:40:23,352] Trial 25 finished with value: 417.9747314453125 and parameters: {'gradient_clip_val': 0.17696551240887137, 'hidden_size': 16, 'dropout': 0.37523062875100593, 'hidden_continuous_size': 11, 'attention_head_size': 3, 'learning_rate': 0.0009666587582438643}. Best is trial 19 with value: 138.39720153808594.
LOCAL_RANK: 0 - CUDA_VISIBLE_DEVICES: [0]
[I 2023-12-16 06:41:09,809] Trial 26 finished with value: 540.5972900390625 and parameters: {'gradient_clip_val': 0.1172788586673711, 'hidden_size': 12, 'dropout': 0.3996077554505465, 'hidden_continuous_size': 9, 'attention_head_size': 4, 'learning_rate': 0.009801179049669722}. Best is trial 19 with value: 138.39720153808594.
LOCAL_RANK: 0 - CUDA_VISIBLE_DEVICES: [0]
[I 2023-12-16 06:41:59,029] Trial 27 finished with value: 245.8629913330078 and parameters: {'gradient_clip_val': 0.14179608444091196, 'hidden_size': 22, 'dropout': 0.3313429116198137, 'hidden_continuous_size': 15, 'attention_head_size': 2, 'learning_rate': 0.005109486571775768}. Best is trial 19 with value: 138.39720153808594.
LOCAL_RANK: 0 - CUDA_VISIBLE_DEVICES: [0]
[I 2023-12-16 06:42:44,731] Trial 28 finished with value: 678.8903198242188 and parameters: {'gradient_clip_val': 0.11535822958216613, 'hidden_size': 6, 'dropout': 0.36711867549726285, 'hidden_continuous_size': 5, 'attention_head_size': 1, 'learning_rate': 0.0030304677068436685}. Best is trial 19 with value: 138.39720153808594.
LOCAL_RANK: 0 - CUDA_VISIBLE_DEVICES: [0]
[I 2023-12-16 06:43:31,463] Trial 29 finished with value: 683.2157592773438 and parameters: {'gradient_clip_val': 0.206811489947735, 'hidden_size': 14, 'dropout': 0.3537330883149755, 'hidden_continuous_size': 11, 'attention_head_size': 1, 'learning_rate': 0.002230997662455465}. Best is trial 19 with value: 138.39720153808594.
LOCAL_RANK: 0 - CUDA_VISIBLE_DEVICES: [0]
[I 2023-12-16 06:44:19,895] Trial 30 finished with value: 135.32073974609375 and parameters: {'gradient_clip_val': 0.883087989794024, 'hidden_size': 17, 'dropout': 0.3789407100145088, 'hidden_continuous_size': 10, 'attention_head_size': 3, 'learning_rate': 0.0011507696739977622}. Best is trial 30 with value: 135.32073974609375.
LOCAL_RANK: 0 - CUDA_VISIBLE_DEVICES: [0]
[I 2023-12-16 06:45:08,442] Trial 31 finished with value: 437.4530944824219 and parameters: {'gradient_clip_val': 0.73306932719074, 'hidden_size': 17, 'dropout': 0.3801055584225702, 'hidden_continuous_size': 10, 'attention_head_size': 3, 'learning_rate': 0.000997326039407862}. Best is trial 30 with value: 135.32073974609375.
LOCAL_RANK: 0 - CUDA_VISIBLE_DEVICES: [0]
[I 2023-12-16 06:45:55,747] Trial 32 finished with value: 634.0274658203125 and parameters: {'gradient_clip_val': 0.9634893521686027, 'hidden_size': 13, 'dropout': 0.35605984600385265, 'hidden_continuous_size': 10, 'attention_head_size': 3, 'learning_rate': 0.0012232475903816494}. Best is trial 30 with value: 135.32073974609375.
LOCAL_RANK: 0 - CUDA_VISIBLE_DEVICES: [0]
[I 2023-12-16 06:46:42,791] Trial 33 finished with value: 452.8939514160156 and parameters: {'gradient_clip_val': 0.48417937515108955, 'hidden_size': 10, 'dropout': 0.3810711476959645, 'hidden_continuous_size': 9, 'attention_head_size': 3, 'learning_rate': 0.0021121573962785906}. Best is trial 30 with value: 135.32073974609375.
LOCAL_RANK: 0 - CUDA_VISIBLE_DEVICES: [0]
[I 2023-12-16 06:47:31,904] Trial 34 finished with value: 496.9390869140625 and parameters: {'gradient_clip_val': 0.17152979611886474, 'hidden_size': 19, 'dropout': 0.35401650462814405, 'hidden_continuous_size': 12, 'attention_head_size': 2, 'learning_rate': 0.0012304200937941448}. Best is trial 30 with value: 135.32073974609375.
LOCAL_RANK: 0 - CUDA_VISIBLE_DEVICES: [0]
[I 2023-12-16 06:48:23,690] Trial 35 finished with value: 138.50982666015625 and parameters: {'gradient_clip_val': 0.24076527958767502, 'hidden_size': 31, 'dropout': 0.37849508886309224, 'hidden_continuous_size': 17, 'attention_head_size': 4, 'learning_rate': 0.0019882827787775764}. Best is trial 30 with value: 135.32073974609375.
LOCAL_RANK: 0 - CUDA_VISIBLE_DEVICES: [0]
[I 2023-12-16 06:49:16,004] Trial 36 finished with value: 561.1799926757812 and parameters: {'gradient_clip_val': 0.24390307560118987, 'hidden_size': 33, 'dropout': 0.33467501187833526, 'hidden_continuous_size': 17, 'attention_head_size': 4, 'learning_rate': 0.0006068341665627394}. Best is trial 30 with value: 135.32073974609375.
LOCAL_RANK: 0 - CUDA_VISIBLE_DEVICES: [0]
[I 2023-12-16 06:50:07,227] Trial 37 finished with value: 546.7998046875 and parameters: {'gradient_clip_val': 0.31303791133773384, 'hidden_size': 32, 'dropout': 0.32018220288488763, 'hidden_continuous_size': 18, 'attention_head_size': 4, 'learning_rate': 0.0018821414417501884}. Best is trial 30 with value: 135.32073974609375.
LOCAL_RANK: 0 - CUDA_VISIBLE_DEVICES: [0]
[I 2023-12-16 06:50:57,573] Trial 38 finished with value: 917.6495971679688 and parameters: {'gradient_clip_val': 0.4763588468370905, 'hidden_size': 22, 'dropout': 0.3657394066652415, 'hidden_continuous_size': 13, 'attention_head_size': 4, 'learning_rate': 0.0006861955047577577}. Best is trial 30 with value: 135.32073974609375.
LOCAL_RANK: 0 - CUDA_VISIBLE_DEVICES: [0]
[I 2023-12-16 06:51:43,503] Trial 39 finished with value: 296.7621765136719 and parameters: {'gradient_clip_val': 0.14864021738778377, 'hidden_size': 16, 'dropout': 0.3789047310984104, 'hidden_continuous_size': 14, 'attention_head_size': 1, 'learning_rate': 0.0031963824761410816}. Best is trial 30 with value: 135.32073974609375.
LOCAL_RANK: 0 - CUDA_VISIBLE_DEVICES: [0]
[I 2023-12-16 06:52:37,950] Trial 40 finished with value: 330.0025329589844 and parameters: {'gradient_clip_val': 0.4029536660926306, 'hidden_size': 58, 'dropout': 0.3429336580871429, 'hidden_continuous_size': 21, 'attention_head_size': 4, 'learning_rate': 0.0011177541784570693}. Best is trial 30 with value: 135.32073974609375.
LOCAL_RANK: 0 - CUDA_VISIBLE_DEVICES: [0]
[I 2023-12-16 06:53:25,481] Trial 41 finished with value: 287.997802734375 and parameters: {'gradient_clip_val': 0.13853441233401803, 'hidden_size': 15, 'dropout': 0.38908833541202165, 'hidden_continuous_size': 8, 'attention_head_size': 3, 'learning_rate': 0.0018600332275697342}. Best is trial 30 with value: 135.32073974609375.
LOCAL_RANK: 0 - CUDA_VISIBLE_DEVICES: [0]
[I 2023-12-16 06:54:14,681] Trial 42 finished with value: 231.18162536621094 and parameters: {'gradient_clip_val': 0.1957850595429078, 'hidden_size': 19, 'dropout': 0.39919900249724194, 'hidden_continuous_size': 12, 'attention_head_size': 2, 'learning_rate': 0.0014099892970978762}. Best is trial 30 with value: 135.32073974609375.
LOCAL_RANK: 0 - CUDA_VISIBLE_DEVICES: [0]
[I 2023-12-16 06:55:01,840] Trial 43 finished with value: 537.8506469726562 and parameters: {'gradient_clip_val': 0.11304798010994134, 'hidden_size': 14, 'dropout': 0.38360202833550994, 'hidden_continuous_size': 11, 'attention_head_size': 3, 'learning_rate': 0.0008474709380665087}. Best is trial 30 with value: 135.32073974609375.
LOCAL_RANK: 0 - CUDA_VISIBLE_DEVICES: [0]
[I 2023-12-16 06:55:50,199] Trial 44 finished with value: 234.707763671875 and parameters: {'gradient_clip_val': 0.13343552623084354, 'hidden_size': 18, 'dropout': 0.3545769209293559, 'hidden_continuous_size': 8, 'attention_head_size': 4, 'learning_rate': 0.0020035120176481506}. Best is trial 30 with value: 135.32073974609375.
LOCAL_RANK: 0 - CUDA_VISIBLE_DEVICES: [0]
[I 2023-12-16 06:56:37,407] Trial 45 finished with value: 348.2798767089844 and parameters: {'gradient_clip_val': 0.161251816927443, 'hidden_size': 11, 'dropout': 0.37109236050553657, 'hidden_continuous_size': 10, 'attention_head_size': 3, 'learning_rate': 0.0012816487026759294}. Best is trial 30 with value: 135.32073974609375.
LOCAL_RANK: 0 - CUDA_VISIBLE_DEVICES: [0]
[I 2023-12-16 06:57:26,827] Trial 46 finished with value: 166.49281311035156 and parameters: {'gradient_clip_val': 0.18312804770319774, 'hidden_size': 21, 'dropout': 0.38670437628568355, 'hidden_continuous_size': 13, 'attention_head_size': 2, 'learning_rate': 0.00300710183303676}. Best is trial 30 with value: 135.32073974609375.
LOCAL_RANK: 0 - CUDA_VISIBLE_DEVICES: [0]
[I 2023-12-16 06:58:16,702] Trial 47 finished with value: 250.16065979003906 and parameters: {'gradient_clip_val': 0.1838136033599515, 'hidden_size': 29, 'dropout': 0.3284446383211015, 'hidden_continuous_size': 15, 'attention_head_size': 2, 'learning_rate': 0.003182950338525439}. Best is trial 30 with value: 135.32073974609375.
LOCAL_RANK: 0 - CUDA_VISIBLE_DEVICES: [0]
[I 2023-12-16 06:59:05,690] Trial 48 finished with value: 134.8979949951172 and parameters: {'gradient_clip_val': 0.22911815867880497, 'hidden_size': 21, 'dropout': 0.3613329774989509, 'hidden_continuous_size': 12, 'attention_head_size': 2, 'learning_rate': 0.0015198921918997137}. Best is trial 48 with value: 134.8979949951172.
LOCAL_RANK: 0 - CUDA_VISIBLE_DEVICES: [0]
