[I 2023-12-26 16:37:09,387] Trial 49 finished with value: 126.93582153320312 and parameters: {'gradient_clip_val': 0.11461806476992789, 'hidden_size': 31, 'dropout': 0.4182897514707492, 'hidden_continuous_size': 12, 'attention_head_size': 4, 'learning_rate': 0.09893276668869024}. Best is trial 0 with value: 11.812439918518066.
[I 2023-12-26 16:37:09,525] A new study created in memory with name: no-name-4686894e-d908-40fd-b995-3a4792bfdaa2
/home/le004/conda/anaconda3/envs/tsff_env/lib/python3.9/site-packages/lightning/fabric/plugins/environments/slurm.py:191: The `srun` command is available on your system but is not used. HINT: If your intention is to run Lightning on SLURM, prepend your python command with `srun` like so: srun python /home/le004/master_thesis/git/TSFusionForecast/code/ ...
[I 2023-12-26 16:43:37,498] Trial 0 finished with value: 257.7069091796875 and parameters: {'gradient_clip_val': 0.3212409609856153, 'hidden_size': 91, 'dropout': 0.1689508097433695, 'hidden_continuous_size': 7, 'attention_head_size': 1, 'learning_rate': 0.006239572592354518}. Best is trial 0 with value: 257.7069091796875.
[I 2023-12-26 16:43:39,839] Trial 1 finished with value: 762.9531860351562 and parameters: {'gradient_clip_val': 0.11935568825120473, 'hidden_size': 12, 'dropout': 0.14698424266760363, 'hidden_continuous_size': 6, 'attention_head_size': 4, 'learning_rate': 0.09424729214847624}. Best is trial 0 with value: 257.7069091796875.
[I 2023-12-26 16:43:45,518] Trial 2 finished with value: 946.4043579101562 and parameters: {'gradient_clip_val': 0.39161811377771677, 'hidden_size': 74, 'dropout': 0.4078859528637091, 'hidden_continuous_size': 5, 'attention_head_size': 1, 'learning_rate': 0.0438218238064545}. Best is trial 0 with value: 257.7069091796875.
[I 2023-12-26 16:43:56,551] Trial 3 finished with value: 862.1173706054688 and parameters: {'gradient_clip_val': 0.1704958664606355, 'hidden_size': 148, 'dropout': 0.11980461083795198, 'hidden_continuous_size': 23, 'attention_head_size': 4, 'learning_rate': 0.0009735130352339692}. Best is trial 0 with value: 257.7069091796875.
[I 2023-12-26 16:43:58,648] Trial 4 finished with value: 816.724609375 and parameters: {'gradient_clip_val': 0.14809176545120936, 'hidden_size': 5, 'dropout': 0.45079134245439545, 'hidden_continuous_size': 5, 'attention_head_size': 4, 'learning_rate': 0.011387345980524842}. Best is trial 0 with value: 257.7069091796875.
[I 2023-12-26 16:44:05,673] Trial 5 finished with value: 767.3117065429688 and parameters: {'gradient_clip_val': 0.3752060600573685, 'hidden_size': 81, 'dropout': 0.4281463164377207, 'hidden_continuous_size': 10, 'attention_head_size': 3, 'learning_rate': 0.017528542494915585}. Best is trial 0 with value: 257.7069091796875.
[I 2023-12-26 16:44:07,992] Trial 6 finished with value: 738.02685546875 and parameters: {'gradient_clip_val': 0.6113536715750242, 'hidden_size': 13, 'dropout': 0.11973834574666556, 'hidden_continuous_size': 10, 'attention_head_size': 2, 'learning_rate': 0.05113271542948851}. Best is trial 0 with value: 257.7069091796875.
[I 2023-12-26 16:44:13,110] Trial 7 finished with value: 593.3433227539062 and parameters: {'gradient_clip_val': 0.2028068510505811, 'hidden_size': 81, 'dropout': 0.2047321869073808, 'hidden_continuous_size': 23, 'attention_head_size': 3, 'learning_rate': 0.01635003180754237}. Best is trial 0 with value: 257.7069091796875.
[I 2023-12-26 16:44:15,454] Trial 8 finished with value: 863.5863647460938 and parameters: {'gradient_clip_val': 0.16060655672600357, 'hidden_size': 7, 'dropout': 0.4045083230629454, 'hidden_continuous_size': 5, 'attention_head_size': 4, 'learning_rate': 0.0018921575551134593}. Best is trial 0 with value: 257.7069091796875.
[I 2023-12-26 16:44:23,296] Trial 9 finished with value: 783.0983276367188 and parameters: {'gradient_clip_val': 0.9793191651215558, 'hidden_size': 89, 'dropout': 0.2416887606117294, 'hidden_continuous_size': 75, 'attention_head_size': 4, 'learning_rate': 0.0017344319728206524}. Best is trial 0 with value: 257.7069091796875.
[I 2023-12-26 16:44:26,038] Trial 10 finished with value: 896.4880981445312 and parameters: {'gradient_clip_val': 0.2573421098962985, 'hidden_size': 34, 'dropout': 0.3146598424282598, 'hidden_continuous_size': 7, 'attention_head_size': 1, 'learning_rate': 0.005072797569867684}. Best is trial 0 with value: 257.7069091796875.
[I 2023-12-26 16:44:29,395] Trial 11 finished with value: 925.2761840820312 and parameters: {'gradient_clip_val': 0.22603547385137976, 'hidden_size': 45, 'dropout': 0.2047348571247356, 'hidden_continuous_size': 18, 'attention_head_size': 2, 'learning_rate': 0.0061169192726567585}. Best is trial 0 with value: 257.7069091796875.
[I 2023-12-26 16:44:38,228] Trial 12 finished with value: 529.7138061523438 and parameters: {'gradient_clip_val': 0.2904308116898825, 'hidden_size': 137, 'dropout': 0.22189741778412797, 'hidden_continuous_size': 44, 'attention_head_size': 3, 'learning_rate': 0.019348031088171964}. Best is trial 0 with value: 257.7069091796875.
[I 2023-12-26 16:44:47,234] Trial 13 finished with value: 825.94580078125 and parameters: {'gradient_clip_val': 0.268128119852784, 'hidden_size': 142, 'dropout': 0.27880319947602544, 'hidden_continuous_size': 54, 'attention_head_size': 2, 'learning_rate': 0.0005034690302247777}. Best is trial 0 with value: 257.7069091796875.
[I 2023-12-26 16:44:50,394] Trial 14 finished with value: 671.0426635742188 and parameters: {'gradient_clip_val': 0.3182190370573251, 'hidden_size': 49, 'dropout': 0.18113356597446142, 'hidden_continuous_size': 12, 'attention_head_size': 3, 'learning_rate': 0.0038322691827537515}. Best is trial 0 with value: 257.7069091796875.
[I 2023-12-26 16:44:52,717] Trial 15 finished with value: 621.029541015625 and parameters: {'gradient_clip_val': 0.39664980592788596, 'hidden_size': 25, 'dropout': 0.10412551961033352, 'hidden_continuous_size': 7, 'attention_head_size': 1, 'learning_rate': 0.010275797043516144}. Best is trial 0 with value: 257.7069091796875.
[I 2023-12-26 16:45:01,643] Trial 16 finished with value: 759.30126953125 and parameters: {'gradient_clip_val': 0.5187319418954485, 'hidden_size': 144, 'dropout': 0.1696376320119961, 'hidden_continuous_size': 38, 'attention_head_size': 2, 'learning_rate': 0.024281927322957707}. Best is trial 0 with value: 257.7069091796875.
[I 2023-12-26 16:45:09,005] Trial 17 finished with value: 682.2323608398438 and parameters: {'gradient_clip_val': 0.21194222700698076, 'hidden_size': 103, 'dropout': 0.24856551932417076, 'hidden_continuous_size': 36, 'attention_head_size': 3, 'learning_rate': 0.008565873966526508}. Best is trial 0 with value: 257.7069091796875.
[I 2023-12-26 16:45:13,757] Trial 18 finished with value: 964.7647094726562 and parameters: {'gradient_clip_val': 0.2934230850195656, 'hidden_size': 59, 'dropout': 0.3200683903260188, 'hidden_continuous_size': 15, 'attention_head_size': 1, 'learning_rate': 0.0030011480535520143}. Best is trial 0 with value: 257.7069091796875.
[I 2023-12-26 16:45:23,334] Trial 19 finished with value: 890.0927734375 and parameters: {'gradient_clip_val': 0.11428531046629244, 'hidden_size': 116, 'dropout': 0.4992382987832498, 'hidden_continuous_size': 111, 'attention_head_size': 2, 'learning_rate': 0.006647447622269445}. Best is trial 0 with value: 257.7069091796875.
[I 2023-12-26 16:45:27,732] Trial 20 finished with value: 720.5276489257812 and parameters: {'gradient_clip_val': 0.3218798412013294, 'hidden_size': 59, 'dropout': 0.1646934868799813, 'hidden_continuous_size': 9, 'attention_head_size': 3, 'learning_rate': 0.03026311269614926}. Best is trial 0 with value: 257.7069091796875.
[I 2023-12-26 16:45:35,220] Trial 21 finished with value: 781.5255737304688 and parameters: {'gradient_clip_val': 0.211321468900432, 'hidden_size': 108, 'dropout': 0.21643846484813886, 'hidden_continuous_size': 24, 'attention_head_size': 3, 'learning_rate': 0.015549961194301182}. Best is trial 0 with value: 257.7069091796875.
[I 2023-12-26 16:45:41,064] Trial 22 finished with value: 804.1738891601562 and parameters: {'gradient_clip_val': 0.20883725957805735, 'hidden_size': 75, 'dropout': 0.20417237445291234, 'hidden_continuous_size': 26, 'attention_head_size': 3, 'learning_rate': 0.012646896757480552}. Best is trial 0 with value: 257.7069091796875.
[I 2023-12-26 16:45:49,625] Trial 23 finished with value: 915.8003540039062 and parameters: {'gradient_clip_val': 0.17960115997274428, 'hidden_size': 104, 'dropout': 0.1454357487844836, 'hidden_continuous_size': 18, 'attention_head_size': 3, 'learning_rate': 0.018610285599373076}. Best is trial 0 with value: 257.7069091796875.
[I 2023-12-26 16:45:54,913] Trial 24 finished with value: 772.256591796875 and parameters: {'gradient_clip_val': 0.25226592299874084, 'hidden_size': 70, 'dropout': 0.24070669587257748, 'hidden_continuous_size': 14, 'attention_head_size': 2, 'learning_rate': 0.007860725351309715}. Best is trial 0 with value: 257.7069091796875.
[I 2023-12-26 16:46:03,160] Trial 25 finished with value: 587.4783325195312 and parameters: {'gradient_clip_val': 0.14521365048930251, 'hidden_size': 98, 'dropout': 0.17993125447330266, 'hidden_continuous_size': 30, 'attention_head_size': 3, 'learning_rate': 0.025290116231685582}. Best is trial 0 with value: 257.7069091796875.
[I 2023-12-26 16:46:11,956] Trial 26 finished with value: 569.0614624023438 and parameters: {'gradient_clip_val': 0.1068882051140335, 'hidden_size': 114, 'dropout': 0.14287106406203282, 'hidden_continuous_size': 32, 'attention_head_size': 2, 'learning_rate': 0.02703666839459862}. Best is trial 0 with value: 257.7069091796875.
[I 2023-12-26 16:46:21,277] Trial 27 finished with value: 787.7960815429688 and parameters: {'gradient_clip_val': 0.123044848637112, 'hidden_size': 149, 'dropout': 0.1327848982937453, 'hidden_continuous_size': 53, 'attention_head_size': 1, 'learning_rate': 0.009152977225239946}. Best is trial 0 with value: 257.7069091796875.
[I 2023-12-26 16:46:28,821] Trial 28 finished with value: 837.2527465820312 and parameters: {'gradient_clip_val': 0.10384865385590454, 'hidden_size': 118, 'dropout': 0.10769235626230567, 'hidden_continuous_size': 36, 'attention_head_size': 1, 'learning_rate': 0.034268379392147635}. Best is trial 0 with value: 257.7069091796875.
[I 2023-12-26 16:46:34,222] Trial 29 finished with value: 843.1013793945312 and parameters: {'gradient_clip_val': 0.1319615707960908, 'hidden_size': 61, 'dropout': 0.15094059909373472, 'hidden_continuous_size': 20, 'attention_head_size': 2, 'learning_rate': 0.08090611005868263}. Best is trial 0 with value: 257.7069091796875.
[I 2023-12-26 16:46:41,898] Trial 30 finished with value: 737.4987182617188 and parameters: {'gradient_clip_val': 0.10603454797977248, 'hidden_size': 91, 'dropout': 0.15024395589619655, 'hidden_continuous_size': 28, 'attention_head_size': 2, 'learning_rate': 0.0225941085645688}. Best is trial 0 with value: 257.7069091796875.
[I 2023-12-26 16:46:51,518] Trial 31 finished with value: 706.560791015625 and parameters: {'gradient_clip_val': 0.140079154754858, 'hidden_size': 122, 'dropout': 0.17974595455613354, 'hidden_continuous_size': 31, 'attention_head_size': 3, 'learning_rate': 0.029161498697258845}. Best is trial 0 with value: 257.7069091796875.
[I 2023-12-26 16:46:59,892] Trial 32 finished with value: 648.4407958984375 and parameters: {'gradient_clip_val': 0.12463365587681181, 'hidden_size': 98, 'dropout': 0.18477641055530086, 'hidden_continuous_size': 31, 'attention_head_size': 1, 'learning_rate': 0.04346664700712665}. Best is trial 0 with value: 257.7069091796875.
[I 2023-12-26 16:47:09,872] Trial 33 finished with value: 759.3319702148438 and parameters: {'gradient_clip_val': 0.16791777214460785, 'hidden_size': 122, 'dropout': 0.13858401484997937, 'hidden_continuous_size': 42, 'attention_head_size': 4, 'learning_rate': 0.01326323298482293}. Best is trial 0 with value: 257.7069091796875.
[I 2023-12-26 16:47:16,577] Trial 34 finished with value: 707.8342895507812 and parameters: {'gradient_clip_val': 0.14463205526080916, 'hidden_size': 90, 'dropout': 0.1258753207901509, 'hidden_continuous_size': 22, 'attention_head_size': 3, 'learning_rate': 0.06217722953582235}. Best is trial 0 with value: 257.7069091796875.
[I 2023-12-26 16:47:22,708] Trial 35 finished with value: 643.2642211914062 and parameters: {'gradient_clip_val': 0.10096548985441099, 'hidden_size': 71, 'dropout': 0.17631880170989755, 'hidden_continuous_size': 30, 'attention_head_size': 2, 'learning_rate': 0.021656534466824723}. Best is trial 0 with value: 257.7069091796875.
[I 2023-12-26 16:47:33,277] Trial 36 finished with value: 697.6272583007812 and parameters: {'gradient_clip_val': 0.17971015425798673, 'hidden_size': 132, 'dropout': 0.14574915345771428, 'hidden_continuous_size': 51, 'attention_head_size': 3, 'learning_rate': 0.04240445551418499}. Best is trial 0 with value: 257.7069091796875.
[I 2023-12-26 16:47:40,378] Trial 37 finished with value: 775.122314453125 and parameters: {'gradient_clip_val': 0.150119688880569, 'hidden_size': 96, 'dropout': 0.10535471104715295, 'hidden_continuous_size': 26, 'attention_head_size': 4, 'learning_rate': 0.01503494545547936}. Best is trial 0 with value: 257.7069091796875.
[I 2023-12-26 16:47:47,260] Trial 38 finished with value: 955.2882690429688 and parameters: {'gradient_clip_val': 0.1263986097948156, 'hidden_size': 81, 'dropout': 0.16255229437961002, 'hidden_continuous_size': 20, 'attention_head_size': 1, 'learning_rate': 0.011448115623574775}. Best is trial 0 with value: 257.7069091796875.
[I 2023-12-26 16:47:59,045] Trial 39 finished with value: 861.1773071289062 and parameters: {'gradient_clip_val': 0.18489431533656467, 'hidden_size': 146, 'dropout': 0.13019551230708487, 'hidden_continuous_size': 63, 'attention_head_size': 2, 'learning_rate': 0.03445515751839168}. Best is trial 0 with value: 257.7069091796875.
[I 2023-12-26 16:48:08,830] Trial 40 finished with value: 861.3746948242188 and parameters: {'gradient_clip_val': 0.15388913700352091, 'hidden_size': 114, 'dropout': 0.19777902587834498, 'hidden_continuous_size': 45, 'attention_head_size': 3, 'learning_rate': 0.018620904795994236}. Best is trial 0 with value: 257.7069091796875.
[I 2023-12-26 16:48:14,257] Trial 41 finished with value: 683.78076171875 and parameters: {'gradient_clip_val': 0.11152983872211798, 'hidden_size': 82, 'dropout': 0.20562935351142692, 'hidden_continuous_size': 34, 'attention_head_size': 3, 'learning_rate': 0.026294643181797445}. Best is trial 0 with value: 257.7069091796875.
[I 2023-12-26 16:48:19,329] Trial 42 finished with value: 734.24365234375 and parameters: {'gradient_clip_val': 0.13329602834385684, 'hidden_size': 89, 'dropout': 0.2187100529032276, 'hidden_continuous_size': 24, 'attention_head_size': 4, 'learning_rate': 0.01810352389503712}. Best is trial 0 with value: 257.7069091796875.
[I 2023-12-26 16:48:26,468] Trial 43 finished with value: 654.8079223632812 and parameters: {'gradient_clip_val': 0.19227363646275922, 'hidden_size': 124, 'dropout': 0.18791608181403563, 'hidden_continuous_size': 5, 'attention_head_size': 3, 'learning_rate': 0.013768226876734598}. Best is trial 0 with value: 257.7069091796875.
[I 2023-12-26 16:48:30,426] Trial 44 finished with value: 750.4102172851562 and parameters: {'gradient_clip_val': 0.16114513100111227, 'hidden_size': 69, 'dropout': 0.22812363798199287, 'hidden_continuous_size': 27, 'attention_head_size': 3, 'learning_rate': 0.01113209621544976}. Best is trial 0 with value: 257.7069091796875.
[I 2023-12-26 16:48:36,941] Trial 45 finished with value: 630.1695556640625 and parameters: {'gradient_clip_val': 0.24556121927013272, 'hidden_size': 108, 'dropout': 0.1612807096192678, 'hidden_continuous_size': 42, 'attention_head_size': 4, 'learning_rate': 0.02134065199738437}. Best is trial 0 with value: 257.7069091796875.
[I 2023-12-26 16:48:39,849] Trial 46 finished with value: 659.4418334960938 and parameters: {'gradient_clip_val': 0.2775961359904677, 'hidden_size': 50, 'dropout': 0.1957846117462301, 'hidden_continuous_size': 6, 'attention_head_size': 2, 'learning_rate': 0.05518021666396779}. Best is trial 0 with value: 257.7069091796875.
[I 2023-12-26 16:48:44,827] Trial 47 finished with value: 716.469482421875 and parameters: {'gradient_clip_val': 0.23592082060158018, 'hidden_size': 85, 'dropout': 0.25808811370804613, 'hidden_continuous_size': 34, 'attention_head_size': 3, 'learning_rate': 0.009557222976701493}. Best is trial 0 with value: 257.7069091796875.
[I 2023-12-26 16:48:52,814] Trial 48 finished with value: 789.7151489257812 and parameters: {'gradient_clip_val': 0.3538393290297443, 'hidden_size': 135, 'dropout': 0.22930165452208118, 'hidden_continuous_size': 16, 'attention_head_size': 3, 'learning_rate': 0.006336012914253353}. Best is trial 0 with value: 257.7069091796875.
[I 2023-12-26 16:48:55,355] Trial 49 finished with value: 805.1774291992188 and parameters: {'gradient_clip_val': 0.22353995163294293, 'hidden_size': 40, 'dropout': 0.17085980054235092, 'hidden_continuous_size': 12, 'attention_head_size': 2, 'learning_rate': 0.00521227082373409}. Best is trial 0 with value: 257.7069091796875.
[I 2023-12-26 16:48:55,485] A new study created in memory with name: no-name-683f3858-8722-40ac-afdb-e66b85067d06
/home/le004/conda/anaconda3/envs/tsff_env/lib/python3.9/site-packages/lightning/fabric/plugins/environments/slurm.py:191: The `srun` command is available on your system but is not used. HINT: If your intention is to run Lightning on SLURM, prepend your python command with `srun` like so: srun python /home/le004/master_thesis/git/TSFusionForecast/code/ ...
[I 2023-12-26 16:52:19,245] Trial 0 finished with value: 85.43645477294922 and parameters: {'gradient_clip_val': 0.8465910046690017, 'hidden_size': 11, 'dropout': 0.4642525535913048, 'hidden_continuous_size': 10, 'attention_head_size': 2, 'learning_rate': 0.0019376302336674613}. Best is trial 0 with value: 85.43645477294922.
[I 2023-12-26 16:52:21,556] Trial 1 finished with value: 197.49964904785156 and parameters: {'gradient_clip_val': 0.8328473037508152, 'hidden_size': 28, 'dropout': 0.23045623742933433, 'hidden_continuous_size': 7, 'attention_head_size': 1, 'learning_rate': 0.05895610538869523}. Best is trial 0 with value: 85.43645477294922.
[I 2023-12-26 16:52:23,429] Trial 2 finished with value: 146.73321533203125 and parameters: {'gradient_clip_val': 0.6479526623253187, 'hidden_size': 6, 'dropout': 0.25871602424789786, 'hidden_continuous_size': 5, 'attention_head_size': 4, 'learning_rate': 0.05247013554530812}. Best is trial 0 with value: 85.43645477294922.
[I 2023-12-26 16:52:26,326] Trial 3 finished with value: 144.85276794433594 and parameters: {'gradient_clip_val': 0.2631935623042681, 'hidden_size': 50, 'dropout': 0.1853523387336165, 'hidden_continuous_size': 16, 'attention_head_size': 3, 'learning_rate': 0.06985101007019344}. Best is trial 0 with value: 85.43645477294922.
[I 2023-12-26 16:52:33,736] Trial 4 finished with value: 98.99034881591797 and parameters: {'gradient_clip_val': 0.47351181492170213, 'hidden_size': 118, 'dropout': 0.3849820370992928, 'hidden_continuous_size': 77, 'attention_head_size': 2, 'learning_rate': 0.09099380321841302}. Best is trial 0 with value: 85.43645477294922.
[I 2023-12-26 16:52:35,461] Trial 5 finished with value: 107.66827392578125 and parameters: {'gradient_clip_val': 0.6219696188832636, 'hidden_size': 5, 'dropout': 0.20998505212858773, 'hidden_continuous_size': 5, 'attention_head_size': 4, 'learning_rate': 0.0024098659432903115}. Best is trial 0 with value: 85.43645477294922.
[I 2023-12-26 16:52:37,366] Trial 6 finished with value: 142.41920471191406 and parameters: {'gradient_clip_val': 0.7816162732217953, 'hidden_size': 16, 'dropout': 0.20527513331960823, 'hidden_continuous_size': 5, 'attention_head_size': 1, 'learning_rate': 0.0007377095877493276}. Best is trial 0 with value: 85.43645477294922.
[I 2023-12-26 16:52:42,059] Trial 7 finished with value: 149.5111846923828 and parameters: {'gradient_clip_val': 0.15437253545230067, 'hidden_size': 70, 'dropout': 0.1361480979660964, 'hidden_continuous_size': 6, 'attention_head_size': 1, 'learning_rate': 0.004557779256039067}. Best is trial 0 with value: 85.43645477294922.
[I 2023-12-26 16:52:45,132] Trial 8 finished with value: 93.608154296875 and parameters: {'gradient_clip_val': 0.22246364057704224, 'hidden_size': 48, 'dropout': 0.18151488878226935, 'hidden_continuous_size': 19, 'attention_head_size': 1, 'learning_rate': 0.07048821222022823}. Best is trial 0 with value: 85.43645477294922.
[I 2023-12-26 16:52:49,769] Trial 9 finished with value: 120.64290618896484 and parameters: {'gradient_clip_val': 0.5357215843289796, 'hidden_size': 65, 'dropout': 0.23163522976507567, 'hidden_continuous_size': 31, 'attention_head_size': 4, 'learning_rate': 0.007718892127612921}. Best is trial 0 with value: 85.43645477294922.
[I 2023-12-26 16:52:51,843] Trial 10 finished with value: 163.85227966308594 and parameters: {'gradient_clip_val': 0.3747468600137334, 'hidden_size': 12, 'dropout': 0.4820399245774614, 'hidden_continuous_size': 8, 'attention_head_size': 2, 'learning_rate': 0.0005785445221968961}. Best is trial 0 with value: 85.43645477294922.
[I 2023-12-26 16:52:54,392] Trial 11 finished with value: 120.84981536865234 and parameters: {'gradient_clip_val': 0.23207610463203499, 'hidden_size': 24, 'dropout': 0.34768761137569365, 'hidden_continuous_size': 10, 'attention_head_size': 2, 'learning_rate': 0.020668905985114366}. Best is trial 0 with value: 85.43645477294922.
[I 2023-12-26 16:52:56,508] Trial 12 finished with value: 123.96761322021484 and parameters: {'gradient_clip_val': 0.1053670323107718, 'hidden_size': 10, 'dropout': 0.11991875895472563, 'hidden_continuous_size': 6, 'attention_head_size': 3, 'learning_rate': 0.01969421788896166}. Best is trial 0 with value: 85.43645477294922.
