[I 2023-12-16 08:57:55,694] Trial 47 finished with value: 1.4905061721801758 and parameters: {'gradient_clip_val': 0.22004229233576844, 'hidden_size': 15, 'dropout': 0.10018945166042433, 'hidden_continuous_size': 8, 'attention_head_size': 2, 'learning_rate': 0.0758083927708685}. Best is trial 34 with value: 0.07587628811597824.
LOCAL_RANK: 0 - CUDA_VISIBLE_DEVICES: [0]
[I 2023-12-16 08:58:48,410] Trial 48 finished with value: 1.7058191299438477 and parameters: {'gradient_clip_val': 0.23520952633092515, 'hidden_size': 41, 'dropout': 0.12119240743993259, 'hidden_continuous_size': 14, 'attention_head_size': 1, 'learning_rate': 0.03617965258973632}. Best is trial 34 with value: 0.07587628811597824.
LOCAL_RANK: 0 - CUDA_VISIBLE_DEVICES: [0]
[I 2023-12-16 08:59:42,075] Trial 49 finished with value: 1.8149687051773071 and parameters: {'gradient_clip_val': 0.1886784533217209, 'hidden_size': 47, 'dropout': 0.13917607470135362, 'hidden_continuous_size': 19, 'attention_head_size': 2, 'learning_rate': 0.09736759921422937}. Best is trial 34 with value: 0.07587628811597824.
[I 2023-12-16 08:59:42,174] A new study created in memory with name: no-name-9d8b044b-88d5-42ee-ad57-2596f66c91f2
/home/le004/conda/anaconda3/envs/tsff_env/lib/python3.9/site-packages/lightning/fabric/plugins/environments/slurm.py:191: The `srun` command is available on your system but is not used. HINT: If your intention is to run Lightning on SLURM, prepend your python command with `srun` like so: srun python /home/le004/master_thesis/git/TSFusionForecast/code/ ...
LOCAL_RANK: 0 - CUDA_VISIBLE_DEVICES: [0]
[I 2023-12-16 09:00:34,909] Trial 0 finished with value: 1.0669547319412231 and parameters: {'gradient_clip_val': 0.5178617234178371, 'hidden_size': 37, 'dropout': 0.1830536534578382, 'hidden_continuous_size': 23, 'attention_head_size': 1, 'learning_rate': 0.0013026153812604488}. Best is trial 0 with value: 1.0669547319412231.
LOCAL_RANK: 0 - CUDA_VISIBLE_DEVICES: [0]
[I 2023-12-16 09:01:10,170] Trial 1 finished with value: 2.828298330307007 and parameters: {'gradient_clip_val': 0.31810395303734357, 'hidden_size': 5, 'dropout': 0.3716036907827919, 'hidden_continuous_size': 5, 'attention_head_size': 1, 'learning_rate': 0.0019266720101096106}. Best is trial 0 with value: 1.0669547319412231.
LOCAL_RANK: 0 - CUDA_VISIBLE_DEVICES: [0]
[I 2023-12-16 09:02:04,784] Trial 2 finished with value: 2.343848466873169 and parameters: {'gradient_clip_val': 0.7678879463881764, 'hidden_size': 60, 'dropout': 0.1281354818682493, 'hidden_continuous_size': 12, 'attention_head_size': 4, 'learning_rate': 0.000982337573616728}. Best is trial 0 with value: 1.0669547319412231.
LOCAL_RANK: 0 - CUDA_VISIBLE_DEVICES: [0]
[I 2023-12-16 09:02:50,671] Trial 3 finished with value: 0.44975605607032776 and parameters: {'gradient_clip_val': 0.38244872214444303, 'hidden_size': 8, 'dropout': 0.28821242956210236, 'hidden_continuous_size': 7, 'attention_head_size': 3, 'learning_rate': 0.008128564747429132}. Best is trial 3 with value: 0.44975605607032776.
LOCAL_RANK: 0 - CUDA_VISIBLE_DEVICES: [0]
[I 2023-12-16 09:03:41,917] Trial 4 finished with value: 1.1455239057540894 and parameters: {'gradient_clip_val': 0.28078323892754936, 'hidden_size': 25, 'dropout': 0.16192221413836214, 'hidden_continuous_size': 23, 'attention_head_size': 3, 'learning_rate': 0.0007822301780697032}. Best is trial 3 with value: 0.44975605607032776.
LOCAL_RANK: 0 - CUDA_VISIBLE_DEVICES: [0]
[I 2023-12-16 09:04:32,329] Trial 5 finished with value: 0.6452412605285645 and parameters: {'gradient_clip_val': 0.13273472613220702, 'hidden_size': 31, 'dropout': 0.310764738291673, 'hidden_continuous_size': 5, 'attention_head_size': 3, 'learning_rate': 0.005145900287377012}. Best is trial 3 with value: 0.44975605607032776.
LOCAL_RANK: 0 - CUDA_VISIBLE_DEVICES: [0]
[I 2023-12-16 09:05:27,401] Trial 6 finished with value: 0.6945841908454895 and parameters: {'gradient_clip_val': 0.4591783214442478, 'hidden_size': 57, 'dropout': 0.37809782559838623, 'hidden_continuous_size': 37, 'attention_head_size': 3, 'learning_rate': 0.01790726826404821}. Best is trial 3 with value: 0.44975605607032776.
LOCAL_RANK: 0 - CUDA_VISIBLE_DEVICES: [0]
[I 2023-12-16 09:06:15,762] Trial 7 finished with value: 0.9740443229675293 and parameters: {'gradient_clip_val': 0.9073038300874574, 'hidden_size': 15, 'dropout': 0.3437555049476604, 'hidden_continuous_size': 11, 'attention_head_size': 4, 'learning_rate': 0.011859462730726284}. Best is trial 3 with value: 0.44975605607032776.
LOCAL_RANK: 0 - CUDA_VISIBLE_DEVICES: [0]
[I 2023-12-16 09:07:08,875] Trial 8 finished with value: 2.2975285053253174 and parameters: {'gradient_clip_val': 0.10227024058888169, 'hidden_size': 51, 'dropout': 0.20594625822172652, 'hidden_continuous_size': 6, 'attention_head_size': 3, 'learning_rate': 0.03858611768501814}. Best is trial 3 with value: 0.44975605607032776.
LOCAL_RANK: 0 - CUDA_VISIBLE_DEVICES: [0]
[I 2023-12-16 09:07:45,260] Trial 9 finished with value: 1.2034389972686768 and parameters: {'gradient_clip_val': 0.42263832867919393, 'hidden_size': 5, 'dropout': 0.35401307621098355, 'hidden_continuous_size': 5, 'attention_head_size': 2, 'learning_rate': 0.026553444066364194}. Best is trial 3 with value: 0.44975605607032776.
LOCAL_RANK: 0 - CUDA_VISIBLE_DEVICES: [0]
[I 2023-12-16 09:08:31,750] Trial 10 finished with value: 2.368638277053833 and parameters: {'gradient_clip_val': 0.21682314963247015, 'hidden_size': 10, 'dropout': 0.2663608575928372, 'hidden_continuous_size': 6, 'attention_head_size': 2, 'learning_rate': 0.09994088061462093}. Best is trial 3 with value: 0.44975605607032776.
LOCAL_RANK: 0 - CUDA_VISIBLE_DEVICES: [0]
[I 2023-12-16 09:09:21,732] Trial 11 finished with value: 1.8262275457382202 and parameters: {'gradient_clip_val': 0.14990545924684914, 'hidden_size': 25, 'dropout': 0.28630124625015263, 'hidden_continuous_size': 7, 'attention_head_size': 3, 'learning_rate': 0.004898546305174251}. Best is trial 3 with value: 0.44975605607032776.
LOCAL_RANK: 0 - CUDA_VISIBLE_DEVICES: [0]
[I 2023-12-16 09:10:21,415] Trial 12 finished with value: 0.1999465972185135 and parameters: {'gradient_clip_val': 0.20181953266466354, 'hidden_size': 94, 'dropout': 0.30081917786302, 'hidden_continuous_size': 90, 'attention_head_size': 4, 'learning_rate': 0.004415146992509992}. Best is trial 12 with value: 0.1999465972185135.
LOCAL_RANK: 0 - CUDA_VISIBLE_DEVICES: [0]
[I 2023-12-16 09:11:19,235] Trial 13 finished with value: 3.213958740234375 and parameters: {'gradient_clip_val': 0.22302195366488986, 'hidden_size': 94, 'dropout': 0.23846155176028563, 'hidden_continuous_size': 55, 'attention_head_size': 4, 'learning_rate': 0.003292764881609062}. Best is trial 12 with value: 0.1999465972185135.
LOCAL_RANK: 0 - CUDA_VISIBLE_DEVICES: [0]
[I 2023-12-16 09:12:18,992] Trial 14 finished with value: 1.8637102842330933 and parameters: {'gradient_clip_val': 0.19117330356942538, 'hidden_size': 98, 'dropout': 0.300829972606264, 'hidden_continuous_size': 90, 'attention_head_size': 4, 'learning_rate': 0.007373447740583667}. Best is trial 12 with value: 0.1999465972185135.
LOCAL_RANK: 0 - CUDA_VISIBLE_DEVICES: [0]
[I 2023-12-16 09:13:05,406] Trial 15 finished with value: 3.6470725536346436 and parameters: {'gradient_clip_val': 0.3072946969627607, 'hidden_size': 16, 'dropout': 0.2445953011543136, 'hidden_continuous_size': 8, 'attention_head_size': 2, 'learning_rate': 0.008951714105309285}. Best is trial 12 with value: 0.1999465972185135.
LOCAL_RANK: 0 - CUDA_VISIBLE_DEVICES: [0]
[I 2023-12-16 09:13:52,469] Trial 16 finished with value: 1.3459991216659546 and parameters: {'gradient_clip_val': 0.609427576500752, 'hidden_size': 9, 'dropout': 0.32333332849107144, 'hidden_continuous_size': 5, 'attention_head_size': 4, 'learning_rate': 0.0025268334827609914}. Best is trial 12 with value: 0.1999465972185135.
LOCAL_RANK: 0 - CUDA_VISIBLE_DEVICES: [0]
[I 2023-12-16 09:14:39,940] Trial 17 finished with value: 0.77911376953125 and parameters: {'gradient_clip_val': 0.38077144650973355, 'hidden_size': 16, 'dropout': 0.28275568206304813, 'hidden_continuous_size': 9, 'attention_head_size': 4, 'learning_rate': 0.003195504838336796}. Best is trial 12 with value: 0.1999465972185135.
LOCAL_RANK: 0 - CUDA_VISIBLE_DEVICES: [0]
[I 2023-12-16 09:15:33,563] Trial 18 finished with value: 1.2366880178451538 and parameters: {'gradient_clip_val': 0.2566193638171777, 'hidden_size': 43, 'dropout': 0.3386133274307533, 'hidden_continuous_size': 13, 'attention_head_size': 3, 'learning_rate': 0.0005013434846943452}. Best is trial 12 with value: 0.1999465972185135.
LOCAL_RANK: 0 - CUDA_VISIBLE_DEVICES: [0]
[I 2023-12-16 09:16:25,053] Trial 19 finished with value: 0.8373292088508606 and parameters: {'gradient_clip_val': 0.35665967994143144, 'hidden_size': 35, 'dropout': 0.3930973188483683, 'hidden_continuous_size': 14, 'attention_head_size': 2, 'learning_rate': 0.004770024308637034}. Best is trial 12 with value: 0.1999465972185135.
LOCAL_RANK: 0 - CUDA_VISIBLE_DEVICES: [0]
[I 2023-12-16 09:17:20,604] Trial 20 finished with value: 0.6311793327331543 and parameters: {'gradient_clip_val': 0.17831040538013299, 'hidden_size': 70, 'dropout': 0.2594824361324864, 'hidden_continuous_size': 21, 'attention_head_size': 4, 'learning_rate': 0.0103066200687092}. Best is trial 12 with value: 0.1999465972185135.
LOCAL_RANK: 0 - CUDA_VISIBLE_DEVICES: [0]
[I 2023-12-16 09:18:16,053] Trial 21 finished with value: 1.471735954284668 and parameters: {'gradient_clip_val': 0.17637174241987347, 'hidden_size': 73, 'dropout': 0.2552382676635516, 'hidden_continuous_size': 21, 'attention_head_size': 4, 'learning_rate': 0.011871088510683655}. Best is trial 12 with value: 0.1999465972185135.
LOCAL_RANK: 0 - CUDA_VISIBLE_DEVICES: [0]
[I 2023-12-16 09:19:11,733] Trial 22 finished with value: 0.21679086983203888 and parameters: {'gradient_clip_val': 0.24469213363776532, 'hidden_size': 74, 'dropout': 0.31348590709151636, 'hidden_continuous_size': 16, 'attention_head_size': 4, 'learning_rate': 0.006935400803906598}. Best is trial 12 with value: 0.1999465972185135.
LOCAL_RANK: 0 - CUDA_VISIBLE_DEVICES: [0]
[I 2023-12-16 09:20:06,888] Trial 23 finished with value: 0.8789040446281433 and parameters: {'gradient_clip_val': 0.26917894896822736, 'hidden_size': 79, 'dropout': 0.31851504994142527, 'hidden_continuous_size': 16, 'attention_head_size': 3, 'learning_rate': 0.006706405690847862}. Best is trial 12 with value: 0.1999465972185135.
LOCAL_RANK: 0 - CUDA_VISIBLE_DEVICES: [0]
[I 2023-12-16 09:21:02,421] Trial 24 finished with value: 1.2584878206253052 and parameters: {'gradient_clip_val': 0.34721514444234153, 'hidden_size': 100, 'dropout': 0.2925981306193316, 'hidden_continuous_size': 10, 'attention_head_size': 4, 'learning_rate': 0.00414137617807141}. Best is trial 12 with value: 0.1999465972185135.
LOCAL_RANK: 0 - CUDA_VISIBLE_DEVICES: [0]
[I 2023-12-16 09:21:56,323] Trial 25 finished with value: 1.8835762739181519 and parameters: {'gradient_clip_val': 0.24484952219862166, 'hidden_size': 45, 'dropout': 0.3262663287466555, 'hidden_continuous_size': 16, 'attention_head_size': 3, 'learning_rate': 0.001934250175742958}. Best is trial 12 with value: 0.1999465972185135.
LOCAL_RANK: 0 - CUDA_VISIBLE_DEVICES: [0]
[I 2023-12-16 09:22:51,086] Trial 26 finished with value: 0.6154329776763916 and parameters: {'gradient_clip_val': 0.2170316511976459, 'hidden_size': 57, 'dropout': 0.3034597447350973, 'hidden_continuous_size': 9, 'attention_head_size': 4, 'learning_rate': 0.006173045399656486}. Best is trial 12 with value: 0.1999465972185135.
LOCAL_RANK: 0 - CUDA_VISIBLE_DEVICES: [0]
[I 2023-12-16 09:23:48,439] Trial 27 finished with value: 0.2799477279186249 and parameters: {'gradient_clip_val': 0.2864453553478694, 'hidden_size': 77, 'dropout': 0.352932231180816, 'hidden_continuous_size': 40, 'attention_head_size': 4, 'learning_rate': 0.0034596332137835717}. Best is trial 12 with value: 0.1999465972185135.
LOCAL_RANK: 0 - CUDA_VISIBLE_DEVICES: [0]
[I 2023-12-16 09:24:45,213] Trial 28 finished with value: 1.3822845220565796 and parameters: {'gradient_clip_val': 0.29305743176302534, 'hidden_size': 78, 'dropout': 0.3635954664647473, 'hidden_continuous_size': 30, 'attention_head_size': 4, 'learning_rate': 0.002776858381018874}. Best is trial 12 with value: 0.1999465972185135.
LOCAL_RANK: 0 - CUDA_VISIBLE_DEVICES: [0]
[I 2023-12-16 09:25:38,616] Trial 29 finished with value: 1.71596097946167 and parameters: {'gradient_clip_val': 0.4942382025823316, 'hidden_size': 45, 'dropout': 0.34298688146970324, 'hidden_continuous_size': 28, 'attention_head_size': 1, 'learning_rate': 0.0015309725491321486}. Best is trial 12 with value: 0.1999465972185135.
LOCAL_RANK: 0 - CUDA_VISIBLE_DEVICES: [0]
[I 2023-12-16 09:26:35,617] Trial 30 finished with value: 0.9348502159118652 and parameters: {'gradient_clip_val': 0.2456981183766995, 'hidden_size': 65, 'dropout': 0.3956989549776641, 'hidden_continuous_size': 43, 'attention_head_size': 4, 'learning_rate': 0.003774425040594312}. Best is trial 12 with value: 0.1999465972185135.
LOCAL_RANK: 0 - CUDA_VISIBLE_DEVICES: [0]
[I 2023-12-16 09:27:31,780] Trial 31 finished with value: 0.8726833462715149 and parameters: {'gradient_clip_val': 0.32433148945804297, 'hidden_size': 82, 'dropout': 0.3270275533171052, 'hidden_continuous_size': 17, 'attention_head_size': 4, 'learning_rate': 0.007744576397502806}. Best is trial 12 with value: 0.1999465972185135.
LOCAL_RANK: 0 - CUDA_VISIBLE_DEVICES: [0]
[I 2023-12-16 09:28:26,782] Trial 32 finished with value: 1.667192816734314 and parameters: {'gradient_clip_val': 0.4204747691832825, 'hidden_size': 69, 'dropout': 0.27747799149346114, 'hidden_continuous_size': 20, 'attention_head_size': 3, 'learning_rate': 0.0023598572730474257}. Best is trial 12 with value: 0.1999465972185135.
LOCAL_RANK: 0 - CUDA_VISIBLE_DEVICES: [0]
[I 2023-12-16 09:29:21,482] Trial 33 finished with value: 0.7946862578392029 and parameters: {'gradient_clip_val': 0.30745300016632077, 'hidden_size': 52, 'dropout': 0.3025326231943598, 'hidden_continuous_size': 12, 'attention_head_size': 4, 'learning_rate': 0.003947190335161279}. Best is trial 12 with value: 0.1999465972185135.
LOCAL_RANK: 0 - CUDA_VISIBLE_DEVICES: [0]
[I 2023-12-16 09:30:15,762] Trial 34 finished with value: 0.07312233746051788 and parameters: {'gradient_clip_val': 0.3727864560713523, 'hidden_size': 62, 'dropout': 0.36152807784880664, 'hidden_continuous_size': 28, 'attention_head_size': 1, 'learning_rate': 0.00601202425290295}. Best is trial 34 with value: 0.07312233746051788.
LOCAL_RANK: 0 - CUDA_VISIBLE_DEVICES: [0]
[I 2023-12-16 09:31:10,988] Trial 35 finished with value: 0.128745436668396 and parameters: {'gradient_clip_val': 0.2797238145929375, 'hidden_size': 85, 'dropout': 0.3607877293957576, 'hidden_continuous_size': 27, 'attention_head_size': 1, 'learning_rate': 0.0017346816851329058}. Best is trial 34 with value: 0.07312233746051788.
LOCAL_RANK: 0 - CUDA_VISIBLE_DEVICES: [0]
[I 2023-12-16 09:32:06,460] Trial 36 finished with value: 1.1596341133117676 and parameters: {'gradient_clip_val': 0.33307083387583164, 'hidden_size': 91, 'dropout': 0.36882459852580307, 'hidden_continuous_size': 28, 'attention_head_size': 1, 'learning_rate': 0.00217053946918697}. Best is trial 34 with value: 0.07312233746051788.
LOCAL_RANK: 0 - CUDA_VISIBLE_DEVICES: [0]
[I 2023-12-16 09:33:00,971] Trial 37 finished with value: 0.7712717056274414 and parameters: {'gradient_clip_val': 0.562626559820358, 'hidden_size': 62, 'dropout': 0.37658742903211984, 'hidden_continuous_size': 24, 'attention_head_size': 1, 'learning_rate': 0.0014208295450418382}. Best is trial 34 with value: 0.07312233746051788.
LOCAL_RANK: 0 - CUDA_VISIBLE_DEVICES: [0]
[I 2023-12-16 09:33:57,880] Trial 38 finished with value: 1.6957141160964966 and parameters: {'gradient_clip_val': 0.2676738607283534, 'hidden_size': 86, 'dropout': 0.33611355294180395, 'hidden_continuous_size': 61, 'attention_head_size': 1, 'learning_rate': 0.0011295814017872907}. Best is trial 34 with value: 0.07312233746051788.
LOCAL_RANK: 0 - CUDA_VISIBLE_DEVICES: [0]
[I 2023-12-16 09:34:51,908] Trial 39 finished with value: 2.411993980407715 and parameters: {'gradient_clip_val': 0.38013651558479705, 'hidden_size': 61, 'dropout': 0.3107903947987552, 'hidden_continuous_size': 18, 'attention_head_size': 1, 'learning_rate': 0.005784864443415878}. Best is trial 34 with value: 0.07312233746051788.
LOCAL_RANK: 0 - CUDA_VISIBLE_DEVICES: [0]
[I 2023-12-16 09:35:47,631] Trial 40 finished with value: 2.0034162998199463 and parameters: {'gradient_clip_val': 0.22878152451490763, 'hidden_size': 85, 'dropout': 0.3547557439416339, 'hidden_continuous_size': 25, 'attention_head_size': 2, 'learning_rate': 0.0017701942819396725}. Best is trial 34 with value: 0.07312233746051788.
LOCAL_RANK: 0 - CUDA_VISIBLE_DEVICES: [0]
[I 2023-12-16 09:36:42,295] Trial 41 finished with value: 1.9746112823486328 and parameters: {'gradient_clip_val': 0.2810919433377751, 'hidden_size': 71, 'dropout': 0.35559675768357435, 'hidden_continuous_size': 31, 'attention_head_size': 1, 'learning_rate': 0.003109444005779203}. Best is trial 34 with value: 0.07312233746051788.
LOCAL_RANK: 0 - CUDA_VISIBLE_DEVICES: [0]
[I 2023-12-16 09:37:36,400] Trial 42 finished with value: 2.089177131652832 and parameters: {'gradient_clip_val': 0.30102815210708994, 'hidden_size': 53, 'dropout': 0.3791791104606424, 'hidden_continuous_size': 34, 'attention_head_size': 1, 'learning_rate': 0.005027261909376012}. Best is trial 34 with value: 0.07312233746051788.
LOCAL_RANK: 0 - CUDA_VISIBLE_DEVICES: [0]
[I 2023-12-16 09:38:32,683] Trial 43 finished with value: 1.0608768463134766 and parameters: {'gradient_clip_val': 0.1963023843254637, 'hidden_size': 80, 'dropout': 0.35182681395846616, 'hidden_continuous_size': 37, 'attention_head_size': 2, 'learning_rate': 0.002591478710999111}. Best is trial 34 with value: 0.07312233746051788.
LOCAL_RANK: 0 - CUDA_VISIBLE_DEVICES: [0]
[I 2023-12-16 09:39:28,353] Trial 44 finished with value: 1.9803324937820435 and parameters: {'gradient_clip_val': 0.2521041762922435, 'hidden_size': 98, 'dropout': 0.33249026321697334, 'hidden_continuous_size': 25, 'attention_head_size': 1, 'learning_rate': 0.004005884432672185}. Best is trial 34 with value: 0.07312233746051788.
LOCAL_RANK: 0 - CUDA_VISIBLE_DEVICES: [0]
[I 2023-12-16 09:40:24,224] Trial 45 finished with value: 2.6165730953216553 and parameters: {'gradient_clip_val': 0.2824482733715951, 'hidden_size': 65, 'dropout': 0.3152672371250539, 'hidden_continuous_size': 40, 'attention_head_size': 3, 'learning_rate': 0.006049354356277256}. Best is trial 34 with value: 0.07312233746051788.
LOCAL_RANK: 0 - CUDA_VISIBLE_DEVICES: [0]
[I 2023-12-16 09:41:18,796] Trial 46 finished with value: 0.4906008243560791 and parameters: {'gradient_clip_val': 0.3439147931082633, 'hidden_size': 57, 'dropout': 0.3470047875635692, 'hidden_continuous_size': 22, 'attention_head_size': 2, 'learning_rate': 0.0019856487786682796}. Best is trial 34 with value: 0.07312233746051788.
LOCAL_RANK: 0 - CUDA_VISIBLE_DEVICES: [0]
[I 2023-12-16 09:41:58,081] Trial 47 finished with value: 2.146822690963745 and parameters: {'gradient_clip_val': 0.2081774645249477, 'hidden_size': 87, 'dropout': 0.3673401958894763, 'hidden_continuous_size': 87, 'attention_head_size': 1, 'learning_rate': 0.008719244192924329}. Best is trial 34 with value: 0.07312233746051788.
LOCAL_RANK: 0 - CUDA_VISIBLE_DEVICES: [0]
[I 2023-12-16 09:42:53,591] Trial 48 finished with value: 1.770891547203064 and parameters: {'gradient_clip_val': 0.23408569558553827, 'hidden_size': 73, 'dropout': 0.33716942351930557, 'hidden_continuous_size': 19, 'attention_head_size': 4, 'learning_rate': 0.003163767635545099}. Best is trial 34 with value: 0.07312233746051788.
LOCAL_RANK: 0 - CUDA_VISIBLE_DEVICES: [0]
[I 2023-12-16 09:43:52,131] Trial 49 finished with value: 2.0387284755706787 and parameters: {'gradient_clip_val': 0.4403590993968355, 'hidden_size': 100, 'dropout': 0.3867887981412359, 'hidden_continuous_size': 48, 'attention_head_size': 4, 'learning_rate': 0.0011051523510258502}. Best is trial 34 with value: 0.07312233746051788.
[I 2023-12-16 09:43:52,225] A new study created in memory with name: no-name-ae127dc9-0590-4561-8098-73a2fade2e50
/home/le004/conda/anaconda3/envs/tsff_env/lib/python3.9/site-packages/lightning/fabric/plugins/environments/slurm.py:191: The `srun` command is available on your system but is not used. HINT: If your intention is to run Lightning on SLURM, prepend your python command with `srun` like so: srun python /home/le004/master_thesis/git/TSFusionForecast/code/ ...
LOCAL_RANK: 0 - CUDA_VISIBLE_DEVICES: [0]
[I 2023-12-16 09:44:28,758] Trial 0 finished with value: 2.9299800395965576 and parameters: {'gradient_clip_val': 0.3583906152649297, 'hidden_size': 8, 'dropout': 0.31690925598256653, 'hidden_continuous_size': 8, 'attention_head_size': 1, 'learning_rate': 0.0007745552014771829}. Best is trial 0 with value: 2.9299800395965576.
LOCAL_RANK: 0 - CUDA_VISIBLE_DEVICES: [0]
[I 2023-12-16 09:45:04,969] Trial 1 finished with value: 0.5411844849586487 and parameters: {'gradient_clip_val': 0.19658906050636663, 'hidden_size': 5, 'dropout': 0.38902090748008855, 'hidden_continuous_size': 5, 'attention_head_size': 1, 'learning_rate': 0.06637109503109426}. Best is trial 1 with value: 0.5411844849586487.
LOCAL_RANK: 0 - CUDA_VISIBLE_DEVICES: [0]
[I 2023-12-16 09:45:59,199] Trial 2 finished with value: 0.28297004103660583 and parameters: {'gradient_clip_val': 0.8990086565809192, 'hidden_size': 83, 'dropout': 0.28762365546897134, 'hidden_continuous_size': 6, 'attention_head_size': 4, 'learning_rate': 0.055075094465210535}. Best is trial 2 with value: 0.28297004103660583.
LOCAL_RANK: 0 - CUDA_VISIBLE_DEVICES: [0]
