[I 2023-12-16 11:42:24,538] Trial 22 finished with value: 0.6528618931770325 and parameters: {'gradient_clip_val': 0.28974280046080764, 'hidden_size': 7, 'dropout': 0.10165450349127943, 'hidden_continuous_size': 6, 'attention_head_size': 4, 'learning_rate': 0.06897923574342182}. Best is trial 1 with value: 0.028254687786102295.
LOCAL_RANK: 0 - CUDA_VISIBLE_DEVICES: [0]
[I 2023-12-16 11:43:10,297] Trial 23 finished with value: 0.16681019961833954 and parameters: {'gradient_clip_val': 0.18202848651411002, 'hidden_size': 10, 'dropout': 0.1442557064647321, 'hidden_continuous_size': 7, 'attention_head_size': 3, 'learning_rate': 0.09039994790664603}. Best is trial 1 with value: 0.028254687786102295.
LOCAL_RANK: 0 - CUDA_VISIBLE_DEVICES: [0]
[I 2023-12-16 11:43:56,115] Trial 24 finished with value: 0.16131804883480072 and parameters: {'gradient_clip_val': 0.38348057436634214, 'hidden_size': 6, 'dropout': 0.16597039670220648, 'hidden_continuous_size': 5, 'attention_head_size': 4, 'learning_rate': 0.03980295969726001}. Best is trial 1 with value: 0.028254687786102295.
LOCAL_RANK: 0 - CUDA_VISIBLE_DEVICES: [0]
[I 2023-12-16 11:44:41,731] Trial 25 finished with value: 0.762317419052124 and parameters: {'gradient_clip_val': 0.27285293067847766, 'hidden_size': 9, 'dropout': 0.12968446338194767, 'hidden_continuous_size': 6, 'attention_head_size': 3, 'learning_rate': 0.02333120955763665}. Best is trial 1 with value: 0.028254687786102295.
LOCAL_RANK: 0 - CUDA_VISIBLE_DEVICES: [0]
[I 2023-12-16 11:45:26,058] Trial 26 finished with value: 0.17814993858337402 and parameters: {'gradient_clip_val': 0.36090224785019426, 'hidden_size': 12, 'dropout': 0.19144734198555619, 'hidden_continuous_size': 7, 'attention_head_size': 2, 'learning_rate': 0.06124909361639187}. Best is trial 1 with value: 0.028254687786102295.
LOCAL_RANK: 0 - CUDA_VISIBLE_DEVICES: [0]
[I 2023-12-16 11:46:11,720] Trial 27 finished with value: 0.03249405324459076 and parameters: {'gradient_clip_val': 0.560750658759185, 'hidden_size': 6, 'dropout': 0.12267680268272207, 'hidden_continuous_size': 5, 'attention_head_size': 4, 'learning_rate': 0.031215032454321223}. Best is trial 1 with value: 0.028254687786102295.
LOCAL_RANK: 0 - CUDA_VISIBLE_DEVICES: [0]
[I 2023-12-16 11:46:57,197] Trial 28 finished with value: 1.7670449018478394 and parameters: {'gradient_clip_val': 0.7038648915010113, 'hidden_size': 6, 'dropout': 0.14862503652428555, 'hidden_continuous_size': 5, 'attention_head_size': 3, 'learning_rate': 0.030432098286740587}. Best is trial 1 with value: 0.028254687786102295.
LOCAL_RANK: 0 - CUDA_VISIBLE_DEVICES: [0]
[I 2023-12-16 11:47:31,980] Trial 29 finished with value: 2.6309642791748047 and parameters: {'gradient_clip_val': 0.5314022021901693, 'hidden_size': 5, 'dropout': 0.1880209041545836, 'hidden_continuous_size': 5, 'attention_head_size': 4, 'learning_rate': 0.009948455077117438}. Best is trial 1 with value: 0.028254687786102295.
LOCAL_RANK: 0 - CUDA_VISIBLE_DEVICES: [0]
[I 2023-12-16 11:48:17,492] Trial 30 finished with value: 0.5694761276245117 and parameters: {'gradient_clip_val': 0.7348429123866194, 'hidden_size': 14, 'dropout': 0.10240135410956558, 'hidden_continuous_size': 7, 'attention_head_size': 2, 'learning_rate': 0.019535824575666026}. Best is trial 1 with value: 0.028254687786102295.
LOCAL_RANK: 0 - CUDA_VISIBLE_DEVICES: [0]
[I 2023-12-16 11:49:03,151] Trial 31 finished with value: 0.45717477798461914 and parameters: {'gradient_clip_val': 0.5304285687350204, 'hidden_size': 7, 'dropout': 0.1226630604572223, 'hidden_continuous_size': 5, 'attention_head_size': 4, 'learning_rate': 0.04360014257093432}. Best is trial 1 with value: 0.028254687786102295.
LOCAL_RANK: 0 - CUDA_VISIBLE_DEVICES: [0]
[I 2023-12-16 11:49:48,947] Trial 32 finished with value: 0.16493868827819824 and parameters: {'gradient_clip_val': 0.3249464215400814, 'hidden_size': 9, 'dropout': 0.15537826188770565, 'hidden_continuous_size': 6, 'attention_head_size': 4, 'learning_rate': 0.06891111868456079}. Best is trial 1 with value: 0.028254687786102295.
LOCAL_RANK: 0 - CUDA_VISIBLE_DEVICES: [0]
[I 2023-12-16 11:50:34,247] Trial 33 finished with value: 0.4180620610713959 and parameters: {'gradient_clip_val': 0.7789403747653619, 'hidden_size': 6, 'dropout': 0.1291267759874067, 'hidden_continuous_size': 5, 'attention_head_size': 3, 'learning_rate': 0.099579893252596}. Best is trial 1 with value: 0.028254687786102295.
LOCAL_RANK: 0 - CUDA_VISIBLE_DEVICES: [0]
[I 2023-12-16 11:51:18,999] Trial 34 finished with value: 0.5055925250053406 and parameters: {'gradient_clip_val': 0.9988416444365261, 'hidden_size': 8, 'dropout': 0.1294732765990858, 'hidden_continuous_size': 6, 'attention_head_size': 4, 'learning_rate': 0.033063501347507095}. Best is trial 1 with value: 0.028254687786102295.
LOCAL_RANK: 0 - CUDA_VISIBLE_DEVICES: [0]
[I 2023-12-16 11:52:04,925] Trial 35 finished with value: 0.9909114837646484 and parameters: {'gradient_clip_val': 0.6468060886302741, 'hidden_size': 13, 'dropout': 0.16797137441025872, 'hidden_continuous_size': 7, 'attention_head_size': 3, 'learning_rate': 0.05093623685994357}. Best is trial 1 with value: 0.028254687786102295.
LOCAL_RANK: 0 - CUDA_VISIBLE_DEVICES: [0]
[I 2023-12-16 11:52:54,287] Trial 36 finished with value: 0.038993366062641144 and parameters: {'gradient_clip_val': 0.8511700850154172, 'hidden_size': 21, 'dropout': 0.11154661851347616, 'hidden_continuous_size': 10, 'attention_head_size': 4, 'learning_rate': 0.03543817460958039}. Best is trial 1 with value: 0.028254687786102295.
LOCAL_RANK: 0 - CUDA_VISIBLE_DEVICES: [0]
[I 2023-12-16 11:53:42,833] Trial 37 finished with value: 0.42948484420776367 and parameters: {'gradient_clip_val': 0.8645409062936751, 'hidden_size': 24, 'dropout': 0.140652239637128, 'hidden_continuous_size': 10, 'attention_head_size': 4, 'learning_rate': 0.03592590054644028}. Best is trial 1 with value: 0.028254687786102295.
LOCAL_RANK: 0 - CUDA_VISIBLE_DEVICES: [0]
[I 2023-12-16 11:54:31,057] Trial 38 finished with value: 0.044723015278577805 and parameters: {'gradient_clip_val': 0.8480829278965555, 'hidden_size': 20, 'dropout': 0.26908309513226336, 'hidden_continuous_size': 11, 'attention_head_size': 3, 'learning_rate': 0.023049132955572833}. Best is trial 1 with value: 0.028254687786102295.
LOCAL_RANK: 0 - CUDA_VISIBLE_DEVICES: [0]
[I 2023-12-16 11:55:15,745] Trial 39 finished with value: 0.05484355613589287 and parameters: {'gradient_clip_val': 0.8130239537833485, 'hidden_size': 16, 'dropout': 0.11281529017591202, 'hidden_continuous_size': 9, 'attention_head_size': 1, 'learning_rate': 0.04998400041031306}. Best is trial 1 with value: 0.028254687786102295.
LOCAL_RANK: 0 - CUDA_VISIBLE_DEVICES: [0]
[I 2023-12-16 11:56:06,106] Trial 40 finished with value: 0.43115484714508057 and parameters: {'gradient_clip_val': 0.6233562315902158, 'hidden_size': 31, 'dropout': 0.2368164062636295, 'hidden_continuous_size': 15, 'attention_head_size': 4, 'learning_rate': 0.02963808939161576}. Best is trial 1 with value: 0.028254687786102295.
LOCAL_RANK: 0 - CUDA_VISIBLE_DEVICES: [0]
[I 2023-12-16 11:56:54,924] Trial 41 finished with value: 0.4453465938568115 and parameters: {'gradient_clip_val': 0.8661942651317426, 'hidden_size': 21, 'dropout': 0.28438193829159686, 'hidden_continuous_size': 11, 'attention_head_size': 3, 'learning_rate': 0.01928665667253466}. Best is trial 1 with value: 0.028254687786102295.
LOCAL_RANK: 0 - CUDA_VISIBLE_DEVICES: [0]
[I 2023-12-16 11:57:43,534] Trial 42 finished with value: 0.21892134845256805 and parameters: {'gradient_clip_val': 0.8128475972691338, 'hidden_size': 19, 'dropout': 0.2609002497761546, 'hidden_continuous_size': 10, 'attention_head_size': 3, 'learning_rate': 0.02189988327242252}. Best is trial 1 with value: 0.028254687786102295.
LOCAL_RANK: 0 - CUDA_VISIBLE_DEVICES: [0]
[I 2023-12-16 11:58:29,717] Trial 43 finished with value: 0.4444761574268341 and parameters: {'gradient_clip_val': 0.7005122615372739, 'hidden_size': 14, 'dropout': 0.3349022681006879, 'hidden_continuous_size': 8, 'attention_head_size': 4, 'learning_rate': 0.014384612527157234}. Best is trial 1 with value: 0.028254687786102295.
LOCAL_RANK: 0 - CUDA_VISIBLE_DEVICES: [0]
[I 2023-12-16 11:59:17,988] Trial 44 finished with value: 0.21934135258197784 and parameters: {'gradient_clip_val': 0.9060089249411866, 'hidden_size': 17, 'dropout': 0.39236062250984594, 'hidden_continuous_size': 12, 'attention_head_size': 4, 'learning_rate': 0.026706272029655323}. Best is trial 1 with value: 0.028254687786102295.
LOCAL_RANK: 0 - CUDA_VISIBLE_DEVICES: [0]
[I 2023-12-16 12:00:07,786] Trial 45 finished with value: 0.06556772440671921 and parameters: {'gradient_clip_val': 0.9977368067725979, 'hidden_size': 33, 'dropout': 0.2768290419588987, 'hidden_continuous_size': 13, 'attention_head_size': 2, 'learning_rate': 0.036308456563919476}. Best is trial 1 with value: 0.028254687786102295.
LOCAL_RANK: 0 - CUDA_VISIBLE_DEVICES: [0]
[I 2023-12-16 12:00:56,404] Trial 46 finished with value: 0.04908828064799309 and parameters: {'gradient_clip_val': 0.6017367389976322, 'hidden_size': 24, 'dropout': 0.24421575474934853, 'hidden_continuous_size': 9, 'attention_head_size': 3, 'learning_rate': 0.017129423281750735}. Best is trial 1 with value: 0.028254687786102295.
LOCAL_RANK: 0 - CUDA_VISIBLE_DEVICES: [0]
[I 2023-12-16 12:01:43,486] Trial 47 finished with value: 0.6050342917442322 and parameters: {'gradient_clip_val': 0.7919110585842668, 'hidden_size': 19, 'dropout': 0.3106191140218293, 'hidden_continuous_size': 8, 'attention_head_size': 1, 'learning_rate': 0.01188040702937196}. Best is trial 1 with value: 0.028254687786102295.
LOCAL_RANK: 0 - CUDA_VISIBLE_DEVICES: [0]
[I 2023-12-16 12:02:30,512] Trial 48 finished with value: 0.5571578145027161 and parameters: {'gradient_clip_val': 0.6840794414857635, 'hidden_size': 15, 'dropout': 0.11135801959918513, 'hidden_continuous_size': 10, 'attention_head_size': 4, 'learning_rate': 0.02389792429194136}. Best is trial 1 with value: 0.028254687786102295.
LOCAL_RANK: 0 - CUDA_VISIBLE_DEVICES: [0]
[I 2023-12-16 12:03:23,578] Trial 49 finished with value: 0.44602927565574646 and parameters: {'gradient_clip_val': 0.8889937663088869, 'hidden_size': 51, 'dropout': 0.24907725874166173, 'hidden_continuous_size': 17, 'attention_head_size': 2, 'learning_rate': 0.00615857288087703}. Best is trial 1 with value: 0.028254687786102295.
[I 2023-12-16 12:03:23,672] A new study created in memory with name: no-name-951d8c89-b617-4807-8ffb-588621c4720a
/home/le004/conda/anaconda3/envs/tsff_env/lib/python3.9/site-packages/lightning/fabric/plugins/environments/slurm.py:191: The `srun` command is available on your system but is not used. HINT: If your intention is to run Lightning on SLURM, prepend your python command with `srun` like so: srun python /home/le004/master_thesis/git/TSFusionForecast/code/ ...
LOCAL_RANK: 0 - CUDA_VISIBLE_DEVICES: [0]
[I 2023-12-16 12:03:58,067] Trial 0 finished with value: 0.5880095362663269 and parameters: {'gradient_clip_val': 0.7299046149266415, 'hidden_size': 15, 'dropout': 0.17323036344140397, 'hidden_continuous_size': 15, 'attention_head_size': 3, 'learning_rate': 0.0014022492591181652}. Best is trial 0 with value: 0.5880095362663269.
LOCAL_RANK: 0 - CUDA_VISIBLE_DEVICES: [0]
[I 2023-12-16 12:04:43,038] Trial 1 finished with value: 0.17445988953113556 and parameters: {'gradient_clip_val': 0.2423376689351418, 'hidden_size': 6, 'dropout': 0.376394409002772, 'hidden_continuous_size': 5, 'attention_head_size': 2, 'learning_rate': 0.007684236448452278}. Best is trial 1 with value: 0.17445988953113556.
LOCAL_RANK: 0 - CUDA_VISIBLE_DEVICES: [0]
[I 2023-12-16 12:05:18,340] Trial 2 finished with value: 0.185768261551857 and parameters: {'gradient_clip_val': 0.1827419207318917, 'hidden_size': 28, 'dropout': 0.2623406562942202, 'hidden_continuous_size': 28, 'attention_head_size': 4, 'learning_rate': 0.010665536662230721}. Best is trial 1 with value: 0.17445988953113556.
LOCAL_RANK: 0 - CUDA_VISIBLE_DEVICES: [0]
[I 2023-12-16 12:06:04,399] Trial 3 finished with value: 0.6325374245643616 and parameters: {'gradient_clip_val': 0.9137167402866734, 'hidden_size': 9, 'dropout': 0.3909514047294679, 'hidden_continuous_size': 8, 'attention_head_size': 3, 'learning_rate': 0.002058735182352592}. Best is trial 1 with value: 0.17445988953113556.
LOCAL_RANK: 0 - CUDA_VISIBLE_DEVICES: [0]
[I 2023-12-16 12:06:55,882] Trial 4 finished with value: 1.4165563583374023 and parameters: {'gradient_clip_val': 0.5591377816128871, 'hidden_size': 51, 'dropout': 0.2879804102061017, 'hidden_continuous_size': 6, 'attention_head_size': 2, 'learning_rate': 0.003400878166128763}. Best is trial 1 with value: 0.17445988953113556.
LOCAL_RANK: 0 - CUDA_VISIBLE_DEVICES: [0]
[I 2023-12-16 12:07:30,775] Trial 5 finished with value: 1.7651491165161133 and parameters: {'gradient_clip_val': 0.13521380146703016, 'hidden_size': 7, 'dropout': 0.3627965902544913, 'hidden_continuous_size': 7, 'attention_head_size': 4, 'learning_rate': 0.0007915831438084979}. Best is trial 1 with value: 0.17445988953113556.
LOCAL_RANK: 0 - CUDA_VISIBLE_DEVICES: [0]
[I 2023-12-16 12:08:05,573] Trial 6 finished with value: 4.326394557952881 and parameters: {'gradient_clip_val': 0.10075442189946847, 'hidden_size': 5, 'dropout': 0.2923516710320964, 'hidden_continuous_size': 5, 'attention_head_size': 4, 'learning_rate': 0.04939620461206785}. Best is trial 1 with value: 0.17445988953113556.
LOCAL_RANK: 0 - CUDA_VISIBLE_DEVICES: [0]
[I 2023-12-16 12:08:54,711] Trial 7 finished with value: 0.07457517832517624 and parameters: {'gradient_clip_val': 0.22271423980175448, 'hidden_size': 22, 'dropout': 0.21171616045649927, 'hidden_continuous_size': 9, 'attention_head_size': 3, 'learning_rate': 0.06995355699447968}. Best is trial 7 with value: 0.07457517832517624.
LOCAL_RANK: 0 - CUDA_VISIBLE_DEVICES: [0]
[I 2023-12-16 12:09:50,279] Trial 8 finished with value: 0.27377191185951233 and parameters: {'gradient_clip_val': 0.18736703636109356, 'hidden_size': 78, 'dropout': 0.16970727315763692, 'hidden_continuous_size': 39, 'attention_head_size': 3, 'learning_rate': 0.0335769693048759}. Best is trial 7 with value: 0.07457517832517624.
LOCAL_RANK: 0 - CUDA_VISIBLE_DEVICES: [0]
[I 2023-12-16 12:10:40,326] Trial 9 finished with value: 0.4280517101287842 and parameters: {'gradient_clip_val': 0.3945329716117418, 'hidden_size': 42, 'dropout': 0.16888509813847585, 'hidden_continuous_size': 6, 'attention_head_size': 1, 'learning_rate': 0.027758958852281027}. Best is trial 7 with value: 0.07457517832517624.
LOCAL_RANK: 0 - CUDA_VISIBLE_DEVICES: [0]
[I 2023-12-16 12:11:26,710] Trial 10 finished with value: 0.0834803655743599 and parameters: {'gradient_clip_val': 0.35974576522866053, 'hidden_size': 17, 'dropout': 0.11228714067519972, 'hidden_continuous_size': 10, 'attention_head_size': 1, 'learning_rate': 0.08781719970480456}. Best is trial 7 with value: 0.07457517832517624.
LOCAL_RANK: 0 - CUDA_VISIBLE_DEVICES: [0]
[I 2023-12-16 12:12:13,302] Trial 11 finished with value: 0.1389276385307312 and parameters: {'gradient_clip_val': 0.3272289814409848, 'hidden_size': 17, 'dropout': 0.10730297160596688, 'hidden_continuous_size': 10, 'attention_head_size': 1, 'learning_rate': 0.09716997455321465}. Best is trial 7 with value: 0.07457517832517624.
LOCAL_RANK: 0 - CUDA_VISIBLE_DEVICES: [0]
[I 2023-12-16 12:13:01,136] Trial 12 finished with value: 0.07788081467151642 and parameters: {'gradient_clip_val': 0.38233174194202013, 'hidden_size': 24, 'dropout': 0.10662757129790906, 'hidden_continuous_size': 11, 'attention_head_size': 2, 'learning_rate': 0.0742669065298408}. Best is trial 7 with value: 0.07457517832517624.
LOCAL_RANK: 0 - CUDA_VISIBLE_DEVICES: [0]
[I 2023-12-16 12:13:50,163] Trial 13 finished with value: 0.3824584484100342 and parameters: {'gradient_clip_val': 0.4996158771588, 'hidden_size': 29, 'dropout': 0.21566773150128365, 'hidden_continuous_size': 13, 'attention_head_size': 2, 'learning_rate': 0.017744143976890246}. Best is trial 7 with value: 0.07457517832517624.
LOCAL_RANK: 0 - CUDA_VISIBLE_DEVICES: [0]
[I 2023-12-16 12:14:34,889] Trial 14 finished with value: 1.6428250074386597 and parameters: {'gradient_clip_val': 0.2649378587251079, 'hidden_size': 12, 'dropout': 0.10071901099960033, 'hidden_continuous_size': 8, 'attention_head_size': 3, 'learning_rate': 0.04879819013467869}. Best is trial 7 with value: 0.07457517832517624.
LOCAL_RANK: 0 - CUDA_VISIBLE_DEVICES: [0]
[I 2023-12-16 12:15:24,245] Trial 15 finished with value: 2.371213674545288 and parameters: {'gradient_clip_val': 0.25682512296457627, 'hidden_size': 25, 'dropout': 0.219869119363804, 'hidden_continuous_size': 12, 'attention_head_size': 2, 'learning_rate': 0.016634291722360906}. Best is trial 7 with value: 0.07457517832517624.
LOCAL_RANK: 0 - CUDA_VISIBLE_DEVICES: [0]
[I 2023-12-16 12:16:13,111] Trial 16 finished with value: 0.1933756321668625 and parameters: {'gradient_clip_val': 0.4396145955354184, 'hidden_size': 21, 'dropout': 0.14173802616156675, 'hidden_continuous_size': 9, 'attention_head_size': 3, 'learning_rate': 0.0638971941794865}. Best is trial 7 with value: 0.07457517832517624.
LOCAL_RANK: 0 - CUDA_VISIBLE_DEVICES: [0]
[I 2023-12-16 12:17:05,360] Trial 17 finished with value: 0.8946838974952698 and parameters: {'gradient_clip_val': 0.30501311986759816, 'hidden_size': 38, 'dropout': 0.20538854908479498, 'hidden_continuous_size': 16, 'attention_head_size': 2, 'learning_rate': 0.02916908593800398}. Best is trial 7 with value: 0.07457517832517624.
LOCAL_RANK: 0 - CUDA_VISIBLE_DEVICES: [0]
[I 2023-12-16 12:17:49,818] Trial 18 finished with value: 1.2883241176605225 and parameters: {'gradient_clip_val': 0.2011331931977777, 'hidden_size': 12, 'dropout': 0.1419784875901809, 'hidden_continuous_size': 7, 'attention_head_size': 3, 'learning_rate': 0.09924160159492709}. Best is trial 7 with value: 0.07457517832517624.
LOCAL_RANK: 0 - CUDA_VISIBLE_DEVICES: [0]
[I 2023-12-16 12:18:37,295] Trial 19 finished with value: 1.2865312099456787 and parameters: {'gradient_clip_val': 0.5913891855345519, 'hidden_size': 20, 'dropout': 0.24877372934258665, 'hidden_continuous_size': 11, 'attention_head_size': 2, 'learning_rate': 0.004496676749749337}. Best is trial 7 with value: 0.07457517832517624.
LOCAL_RANK: 0 - CUDA_VISIBLE_DEVICES: [0]
[I 2023-12-16 12:19:31,476] Trial 20 finished with value: 0.4671931266784668 and parameters: {'gradient_clip_val': 0.4242339150436507, 'hidden_size': 64, 'dropout': 0.14031304412699774, 'hidden_continuous_size': 22, 'attention_head_size': 4, 'learning_rate': 0.05052884462637675}. Best is trial 7 with value: 0.07457517832517624.
LOCAL_RANK: 0 - CUDA_VISIBLE_DEVICES: [0]
[I 2023-12-16 12:20:20,361] Trial 21 finished with value: 0.4385346472263336 and parameters: {'gradient_clip_val': 0.34711533357098123, 'hidden_size': 31, 'dropout': 0.12058544348868742, 'hidden_continuous_size': 10, 'attention_head_size': 1, 'learning_rate': 0.09155900389972207}. Best is trial 7 with value: 0.07457517832517624.
LOCAL_RANK: 0 - CUDA_VISIBLE_DEVICES: [0]
[I 2023-12-16 12:21:08,473] Trial 22 finished with value: 1.2885831594467163 and parameters: {'gradient_clip_val': 0.3897285311054894, 'hidden_size': 21, 'dropout': 0.12045696051752713, 'hidden_continuous_size': 9, 'attention_head_size': 1, 'learning_rate': 0.06583288269961239}. Best is trial 7 with value: 0.07457517832517624.
LOCAL_RANK: 0 - CUDA_VISIBLE_DEVICES: [0]
[I 2023-12-16 12:21:54,965] Trial 23 finished with value: 0.28739169239997864 and parameters: {'gradient_clip_val': 0.31062924973832257, 'hidden_size': 15, 'dropout': 0.1803548431422678, 'hidden_continuous_size': 9, 'attention_head_size': 1, 'learning_rate': 0.03315135799469627}. Best is trial 7 with value: 0.07457517832517624.
LOCAL_RANK: 0 - CUDA_VISIBLE_DEVICES: [0]
[I 2023-12-16 12:22:42,690] Trial 24 finished with value: 0.32229113578796387 and parameters: {'gradient_clip_val': 0.3496881336218645, 'hidden_size': 24, 'dropout': 0.10055202814026279, 'hidden_continuous_size': 11, 'attention_head_size': 1, 'learning_rate': 0.06578648551602438}. Best is trial 7 with value: 0.07457517832517624.
LOCAL_RANK: 0 - CUDA_VISIBLE_DEVICES: [0]
[I 2023-12-16 12:23:33,319] Trial 25 finished with value: 0.33145150542259216 and parameters: {'gradient_clip_val': 0.2297690939420059, 'hidden_size': 35, 'dropout': 0.1498706280324758, 'hidden_continuous_size': 13, 'attention_head_size': 2, 'learning_rate': 0.019309091010565705}. Best is trial 7 with value: 0.07457517832517624.
LOCAL_RANK: 0 - CUDA_VISIBLE_DEVICES: [0]
[I 2023-12-16 12:24:21,833] Trial 26 finished with value: 1.5383672714233398 and parameters: {'gradient_clip_val': 0.29155994754197667, 'hidden_size': 19, 'dropout': 0.12407896285611225, 'hidden_continuous_size': 10, 'attention_head_size': 3, 'learning_rate': 0.03791813311222674}. Best is trial 7 with value: 0.07457517832517624.
LOCAL_RANK: 0 - CUDA_VISIBLE_DEVICES: [0]
[I 2023-12-16 12:25:19,076] Trial 27 finished with value: 2.512549638748169 and parameters: {'gradient_clip_val': 0.47490134811680923, 'hidden_size': 100, 'dropout': 0.19125186126314553, 'hidden_continuous_size': 92, 'attention_head_size': 2, 'learning_rate': 0.07455333348503579}. Best is trial 7 with value: 0.07457517832517624.
LOCAL_RANK: 0 - CUDA_VISIBLE_DEVICES: [0]
[I 2023-12-16 12:26:07,560] Trial 28 finished with value: 0.18985462188720703 and parameters: {'gradient_clip_val': 0.2172366577001252, 'hidden_size': 25, 'dropout': 0.15097527257254614, 'hidden_continuous_size': 8, 'attention_head_size': 1, 'learning_rate': 0.09964446322785865}. Best is trial 7 with value: 0.07457517832517624.
LOCAL_RANK: 0 - CUDA_VISIBLE_DEVICES: [0]
