[I 2023-12-15 20:01:26,379] Trial 33 finished with value: 0.0522548146545887 and parameters: {'gradient_clip_val': 0.5750510049943081, 'hidden_size': 20, 'dropout': 0.3739254040527082, 'hidden_continuous_size': 8, 'attention_head_size': 2, 'learning_rate': 0.05233231991688434}. Best is trial 29 with value: 0.03998713195323944.
LOCAL_RANK: 0 - CUDA_VISIBLE_DEVICES: [0]
[I 2023-12-15 20:02:15,004] Trial 34 finished with value: 0.034053344279527664 and parameters: {'gradient_clip_val': 0.7276507854159062, 'hidden_size': 22, 'dropout': 0.354075634469351, 'hidden_continuous_size': 9, 'attention_head_size': 2, 'learning_rate': 0.0213833149536185}. Best is trial 34 with value: 0.034053344279527664.
LOCAL_RANK: 0 - CUDA_VISIBLE_DEVICES: [0]
[I 2023-12-15 20:03:01,949] Trial 35 finished with value: 0.04773474857211113 and parameters: {'gradient_clip_val': 0.7478832921428404, 'hidden_size': 17, 'dropout': 0.2925317980324104, 'hidden_continuous_size': 9, 'attention_head_size': 2, 'learning_rate': 0.03651798375005924}. Best is trial 34 with value: 0.034053344279527664.
LOCAL_RANK: 0 - CUDA_VISIBLE_DEVICES: [0]
[I 2023-12-15 20:03:50,113] Trial 36 finished with value: 0.05605769157409668 and parameters: {'gradient_clip_val': 0.44885405726744904, 'hidden_size': 22, 'dropout': 0.35557367086398123, 'hidden_continuous_size': 10, 'attention_head_size': 1, 'learning_rate': 0.06370626248350388}. Best is trial 34 with value: 0.034053344279527664.
LOCAL_RANK: 0 - CUDA_VISIBLE_DEVICES: [0]
[I 2023-12-15 20:04:36,887] Trial 37 finished with value: 0.04593059793114662 and parameters: {'gradient_clip_val': 0.6976642655019122, 'hidden_size': 17, 'dropout': 0.3391959010742594, 'hidden_continuous_size': 10, 'attention_head_size': 2, 'learning_rate': 0.06341490939438248}. Best is trial 34 with value: 0.034053344279527664.
LOCAL_RANK: 0 - CUDA_VISIBLE_DEVICES: [0]
[I 2023-12-15 20:05:25,359] Trial 38 finished with value: 0.03583178296685219 and parameters: {'gradient_clip_val': 0.7931708558330066, 'hidden_size': 23, 'dropout': 0.3096311118896656, 'hidden_continuous_size': 12, 'attention_head_size': 1, 'learning_rate': 0.034644642859091614}. Best is trial 34 with value: 0.034053344279527664.
LOCAL_RANK: 0 - CUDA_VISIBLE_DEVICES: [0]
[I 2023-12-15 20:06:14,097] Trial 39 finished with value: 0.07635317742824554 and parameters: {'gradient_clip_val': 0.8177255857682969, 'hidden_size': 26, 'dropout': 0.3076902877355491, 'hidden_continuous_size': 13, 'attention_head_size': 1, 'learning_rate': 0.09277329893375473}. Best is trial 34 with value: 0.034053344279527664.
LOCAL_RANK: 0 - CUDA_VISIBLE_DEVICES: [0]
[I 2023-12-15 20:07:00,426] Trial 40 finished with value: 0.05285860225558281 and parameters: {'gradient_clip_val': 0.7182954694001881, 'hidden_size': 17, 'dropout': 0.25035934847892566, 'hidden_continuous_size': 9, 'attention_head_size': 1, 'learning_rate': 0.035925992013940054}. Best is trial 34 with value: 0.034053344279527664.
LOCAL_RANK: 0 - CUDA_VISIBLE_DEVICES: [0]
[I 2023-12-15 20:07:49,393] Trial 41 finished with value: 0.048039019107818604 and parameters: {'gradient_clip_val': 0.6514764792049358, 'hidden_size': 21, 'dropout': 0.33287426975645773, 'hidden_continuous_size': 11, 'attention_head_size': 2, 'learning_rate': 0.014100912867283233}. Best is trial 34 with value: 0.034053344279527664.
LOCAL_RANK: 0 - CUDA_VISIBLE_DEVICES: [0]
[I 2023-12-15 20:08:37,767] Trial 42 finished with value: 0.0419590026140213 and parameters: {'gradient_clip_val': 0.8725278773509998, 'hidden_size': 22, 'dropout': 0.3557774541136554, 'hidden_continuous_size': 12, 'attention_head_size': 1, 'learning_rate': 0.02602658734802527}. Best is trial 34 with value: 0.034053344279527664.
LOCAL_RANK: 0 - CUDA_VISIBLE_DEVICES: [0]
[I 2023-12-15 20:09:23,323] Trial 43 finished with value: 0.07134494930505753 and parameters: {'gradient_clip_val': 0.7798289961317503, 'hidden_size': 14, 'dropout': 0.35468852851993243, 'hidden_continuous_size': 9, 'attention_head_size': 1, 'learning_rate': 0.024580804389676646}. Best is trial 34 with value: 0.034053344279527664.
LOCAL_RANK: 0 - CUDA_VISIBLE_DEVICES: [0]
[I 2023-12-15 20:10:12,104] Trial 44 finished with value: 0.04304229095578194 and parameters: {'gradient_clip_val': 0.8709907303097051, 'hidden_size': 27, 'dropout': 0.30696431352982095, 'hidden_continuous_size': 12, 'attention_head_size': 1, 'learning_rate': 0.03728108457020214}. Best is trial 34 with value: 0.034053344279527664.
LOCAL_RANK: 0 - CUDA_VISIBLE_DEVICES: [0]
[I 2023-12-15 20:11:00,821] Trial 45 finished with value: 0.04607604816555977 and parameters: {'gradient_clip_val': 0.8843441974882256, 'hidden_size': 29, 'dropout': 0.2863586087447469, 'hidden_continuous_size': 13, 'attention_head_size': 1, 'learning_rate': 0.015542810067301313}. Best is trial 34 with value: 0.034053344279527664.
LOCAL_RANK: 0 - CUDA_VISIBLE_DEVICES: [0]
[I 2023-12-15 20:11:50,723] Trial 46 finished with value: 0.047055672854185104 and parameters: {'gradient_clip_val': 0.9877098906380654, 'hidden_size': 35, 'dropout': 0.20484564647484887, 'hidden_continuous_size': 13, 'attention_head_size': 1, 'learning_rate': 0.028496323710300062}. Best is trial 34 with value: 0.034053344279527664.
LOCAL_RANK: 0 - CUDA_VISIBLE_DEVICES: [0]
[I 2023-12-15 20:12:38,082] Trial 47 finished with value: 0.045579712837934494 and parameters: {'gradient_clip_val': 0.7293493448283365, 'hidden_size': 24, 'dropout': 0.38545744392705056, 'hidden_continuous_size': 14, 'attention_head_size': 1, 'learning_rate': 0.030299697909984262}. Best is trial 34 with value: 0.034053344279527664.
LOCAL_RANK: 0 - CUDA_VISIBLE_DEVICES: [0]
[I 2023-12-15 20:13:26,171] Trial 48 finished with value: 0.039148960262537 and parameters: {'gradient_clip_val': 0.8946521515262413, 'hidden_size': 19, 'dropout': 0.3582620667532176, 'hidden_continuous_size': 11, 'attention_head_size': 1, 'learning_rate': 0.04147118562452005}. Best is trial 34 with value: 0.034053344279527664.
LOCAL_RANK: 0 - CUDA_VISIBLE_DEVICES: [0]
[I 2023-12-15 20:14:13,865] Trial 49 finished with value: 0.03809184953570366 and parameters: {'gradient_clip_val': 0.9978080173149165, 'hidden_size': 19, 'dropout': 0.12172328576350683, 'hidden_continuous_size': 11, 'attention_head_size': 1, 'learning_rate': 0.04114202900836111}. Best is trial 34 with value: 0.034053344279527664.
[I 2023-12-15 20:14:13,964] A new study created in memory with name: no-name-962cabb9-d82a-4576-af28-57453690723b
/home/le004/conda/anaconda3/envs/tsff_env/lib/python3.9/site-packages/lightning/fabric/plugins/environments/slurm.py:191: The `srun` command is available on your system but is not used. HINT: If your intention is to run Lightning on SLURM, prepend your python command with `srun` like so: srun python /home/le004/master_thesis/git/TSFusionForecast/code/ ...
LOCAL_RANK: 0 - CUDA_VISIBLE_DEVICES: [0]
[I 2023-12-15 20:15:08,802] Trial 0 finished with value: 0.08419409394264221 and parameters: {'gradient_clip_val': 0.11497017915890777, 'hidden_size': 76, 'dropout': 0.3927383228357396, 'hidden_continuous_size': 43, 'attention_head_size': 3, 'learning_rate': 0.040506377567802995}. Best is trial 0 with value: 0.08419409394264221.
LOCAL_RANK: 0 - CUDA_VISIBLE_DEVICES: [0]
[I 2023-12-15 20:15:54,342] Trial 1 finished with value: 0.19501812756061554 and parameters: {'gradient_clip_val': 0.1378337167915486, 'hidden_size': 6, 'dropout': 0.20920828528840285, 'hidden_continuous_size': 5, 'attention_head_size': 3, 'learning_rate': 0.005255710768837835}. Best is trial 0 with value: 0.08419409394264221.
LOCAL_RANK: 0 - CUDA_VISIBLE_DEVICES: [0]
[I 2023-12-15 20:16:47,107] Trial 2 finished with value: 0.12668423354625702 and parameters: {'gradient_clip_val': 0.6212965539453639, 'hidden_size': 42, 'dropout': 0.12970970590140168, 'hidden_continuous_size': 37, 'attention_head_size': 1, 'learning_rate': 0.0006131111569374108}. Best is trial 0 with value: 0.08419409394264221.
LOCAL_RANK: 0 - CUDA_VISIBLE_DEVICES: [0]
[I 2023-12-15 20:17:35,031] Trial 3 finished with value: 0.12755341827869415 and parameters: {'gradient_clip_val': 0.3646402397595968, 'hidden_size': 32, 'dropout': 0.3276184815491302, 'hidden_continuous_size': 7, 'attention_head_size': 2, 'learning_rate': 0.0016189497566525962}. Best is trial 0 with value: 0.08419409394264221.
LOCAL_RANK: 0 - CUDA_VISIBLE_DEVICES: [0]
[I 2023-12-15 20:18:20,231] Trial 4 finished with value: 2.550978660583496 and parameters: {'gradient_clip_val': 0.16582683738716097, 'hidden_size': 9, 'dropout': 0.21528705117325647, 'hidden_continuous_size': 7, 'attention_head_size': 1, 'learning_rate': 0.0005070236817711565}. Best is trial 0 with value: 0.08419409394264221.
LOCAL_RANK: 0 - CUDA_VISIBLE_DEVICES: [0]
[I 2023-12-15 20:19:03,982] Trial 5 finished with value: 0.068091481924057 and parameters: {'gradient_clip_val': 0.20870091679795327, 'hidden_size': 8, 'dropout': 0.30262125056761, 'hidden_continuous_size': 6, 'attention_head_size': 1, 'learning_rate': 0.058725646868439355}. Best is trial 5 with value: 0.068091481924057.
LOCAL_RANK: 0 - CUDA_VISIBLE_DEVICES: [0]
[I 2023-12-15 20:19:49,470] Trial 6 finished with value: 0.046777885407209396 and parameters: {'gradient_clip_val': 0.7941337236285548, 'hidden_size': 13, 'dropout': 0.1383996792294897, 'hidden_continuous_size': 9, 'attention_head_size': 1, 'learning_rate': 0.018722294016279065}. Best is trial 6 with value: 0.046777885407209396.
LOCAL_RANK: 0 - CUDA_VISIBLE_DEVICES: [0]
[I 2023-12-15 20:20:38,503] Trial 7 finished with value: 0.21339081227779388 and parameters: {'gradient_clip_val': 0.19533864598258346, 'hidden_size': 31, 'dropout': 0.3670240972233031, 'hidden_continuous_size': 13, 'attention_head_size': 1, 'learning_rate': 0.0008903248888387977}. Best is trial 6 with value: 0.046777885407209396.
LOCAL_RANK: 0 - CUDA_VISIBLE_DEVICES: [0]
[I 2023-12-15 20:21:12,275] Trial 8 finished with value: 0.07422669231891632 and parameters: {'gradient_clip_val': 0.5347763852016044, 'hidden_size': 14, 'dropout': 0.16965982384749842, 'hidden_continuous_size': 14, 'attention_head_size': 1, 'learning_rate': 0.01575282647732551}. Best is trial 6 with value: 0.046777885407209396.
LOCAL_RANK: 0 - CUDA_VISIBLE_DEVICES: [0]
[I 2023-12-15 20:22:06,444] Trial 9 finished with value: 0.050633471459150314 and parameters: {'gradient_clip_val': 0.18246556343849596, 'hidden_size': 69, 'dropout': 0.1552743171671736, 'hidden_continuous_size': 31, 'attention_head_size': 3, 'learning_rate': 0.00560362891702654}. Best is trial 6 with value: 0.046777885407209396.
LOCAL_RANK: 0 - CUDA_VISIBLE_DEVICES: [0]
[I 2023-12-15 20:22:53,244] Trial 10 finished with value: 0.06207496300339699 and parameters: {'gradient_clip_val': 0.994466292233817, 'hidden_size': 13, 'dropout': 0.10839591857056569, 'hidden_continuous_size': 9, 'attention_head_size': 4, 'learning_rate': 0.09692484422108114}. Best is trial 6 with value: 0.046777885407209396.
LOCAL_RANK: 0 - CUDA_VISIBLE_DEVICES: [0]
[I 2023-12-15 20:23:47,041] Trial 11 finished with value: 0.054476384073495865 and parameters: {'gradient_clip_val': 0.28527077108459026, 'hidden_size': 71, 'dropout': 0.16089510097313997, 'hidden_continuous_size': 25, 'attention_head_size': 2, 'learning_rate': 0.007969215977385967}. Best is trial 6 with value: 0.046777885407209396.
LOCAL_RANK: 0 - CUDA_VISIBLE_DEVICES: [0]
[I 2023-12-15 20:24:45,902] Trial 12 finished with value: 0.08053342252969742 and parameters: {'gradient_clip_val': 0.10217696714365845, 'hidden_size': 98, 'dropout': 0.10420522974561777, 'hidden_continuous_size': 93, 'attention_head_size': 4, 'learning_rate': 0.01817329506528988}. Best is trial 6 with value: 0.046777885407209396.
LOCAL_RANK: 0 - CUDA_VISIBLE_DEVICES: [0]
[I 2023-12-15 20:25:32,590] Trial 13 finished with value: 0.13045601546764374 and parameters: {'gradient_clip_val': 0.2702634425802786, 'hidden_size': 18, 'dropout': 0.24726331281897362, 'hidden_continuous_size': 5, 'attention_head_size': 3, 'learning_rate': 0.0062187154919794195}. Best is trial 6 with value: 0.046777885407209396.
LOCAL_RANK: 0 - CUDA_VISIBLE_DEVICES: [0]
[I 2023-12-15 20:26:21,115] Trial 14 finished with value: 0.07700512558221817 and parameters: {'gradient_clip_val': 0.4005782390377425, 'hidden_size': 22, 'dropout': 0.15615633258508993, 'hidden_continuous_size': 9, 'attention_head_size': 2, 'learning_rate': 0.0037158601149166353}. Best is trial 6 with value: 0.046777885407209396.
LOCAL_RANK: 0 - CUDA_VISIBLE_DEVICES: [0]
[I 2023-12-15 20:27:14,568] Trial 15 finished with value: 0.05701495334506035 and parameters: {'gradient_clip_val': 0.8445477751828211, 'hidden_size': 51, 'dropout': 0.1972857726841829, 'hidden_continuous_size': 21, 'attention_head_size': 3, 'learning_rate': 0.016652873140303365}. Best is trial 6 with value: 0.046777885407209396.
LOCAL_RANK: 0 - CUDA_VISIBLE_DEVICES: [0]
[I 2023-12-15 20:27:48,712] Trial 16 finished with value: 1.4366682767868042 and parameters: {'gradient_clip_val': 0.450501875492109, 'hidden_size': 5, 'dropout': 0.13302235405373883, 'hidden_continuous_size': 5, 'attention_head_size': 2, 'learning_rate': 0.0028051306735422522}. Best is trial 6 with value: 0.046777885407209396.
LOCAL_RANK: 0 - CUDA_VISIBLE_DEVICES: [0]
[I 2023-12-15 20:28:37,310] Trial 17 finished with value: 0.04702937975525856 and parameters: {'gradient_clip_val': 0.6389057462277096, 'hidden_size': 24, 'dropout': 0.18261907989295761, 'hidden_continuous_size': 10, 'attention_head_size': 4, 'learning_rate': 0.00993321228470125}. Best is trial 6 with value: 0.046777885407209396.
LOCAL_RANK: 0 - CUDA_VISIBLE_DEVICES: [0]
[I 2023-12-15 20:29:26,207] Trial 18 finished with value: 0.08428838849067688 and parameters: {'gradient_clip_val': 0.6996742932856372, 'hidden_size': 21, 'dropout': 0.24498692575105863, 'hidden_continuous_size': 8, 'attention_head_size': 4, 'learning_rate': 0.013613271556928737}. Best is trial 6 with value: 0.046777885407209396.
LOCAL_RANK: 0 - CUDA_VISIBLE_DEVICES: [0]
[I 2023-12-15 20:30:11,039] Trial 19 finished with value: 0.06178893521428108 and parameters: {'gradient_clip_val': 0.7183805262569468, 'hidden_size': 12, 'dropout': 0.1955257481728052, 'hidden_continuous_size': 6, 'attention_head_size': 4, 'learning_rate': 0.026691017910806723}. Best is trial 6 with value: 0.046777885407209396.
LOCAL_RANK: 0 - CUDA_VISIBLE_DEVICES: [0]
[I 2023-12-15 20:30:58,242] Trial 20 finished with value: 0.05320272967219353 and parameters: {'gradient_clip_val': 0.5116010636444466, 'hidden_size': 17, 'dropout': 0.27939497060073026, 'hidden_continuous_size': 10, 'attention_head_size': 2, 'learning_rate': 0.009874493079457385}. Best is trial 6 with value: 0.046777885407209396.
LOCAL_RANK: 0 - CUDA_VISIBLE_DEVICES: [0]
[I 2023-12-15 20:31:47,712] Trial 21 finished with value: 0.053804557770490646 and parameters: {'gradient_clip_val': 0.9811661815456523, 'hidden_size': 27, 'dropout': 0.17155262900513357, 'hidden_continuous_size': 12, 'attention_head_size': 3, 'learning_rate': 0.009438183001953268}. Best is trial 6 with value: 0.046777885407209396.
LOCAL_RANK: 0 - CUDA_VISIBLE_DEVICES: [0]
[I 2023-12-15 20:32:40,776] Trial 22 finished with value: 0.0480426661670208 and parameters: {'gradient_clip_val': 0.6349822012546354, 'hidden_size': 45, 'dropout': 0.12846011266983454, 'hidden_continuous_size': 11, 'attention_head_size': 4, 'learning_rate': 0.0044987305319944375}. Best is trial 6 with value: 0.046777885407209396.
LOCAL_RANK: 0 - CUDA_VISIBLE_DEVICES: [0]
[I 2023-12-15 20:33:32,674] Trial 23 finished with value: 0.06387578696012497 and parameters: {'gradient_clip_val': 0.5973017547493807, 'hidden_size': 39, 'dropout': 0.13189787775546022, 'hidden_continuous_size': 11, 'attention_head_size': 4, 'learning_rate': 0.0033581887339270916}. Best is trial 6 with value: 0.046777885407209396.
LOCAL_RANK: 0 - CUDA_VISIBLE_DEVICES: [0]
[I 2023-12-15 20:34:21,267] Trial 24 finished with value: 0.05758771672844887 and parameters: {'gradient_clip_val': 0.7686999288416477, 'hidden_size': 24, 'dropout': 0.10314504853077261, 'hidden_continuous_size': 10, 'attention_head_size': 4, 'learning_rate': 0.025281456405966643}. Best is trial 6 with value: 0.046777885407209396.
LOCAL_RANK: 0 - CUDA_VISIBLE_DEVICES: [0]
[I 2023-12-15 20:35:09,897] Trial 25 finished with value: 0.05826421082019806 and parameters: {'gradient_clip_val': 0.6309819244816229, 'hidden_size': 28, 'dropout': 0.13699066541405602, 'hidden_continuous_size': 8, 'attention_head_size': 4, 'learning_rate': 0.01087922228178511}. Best is trial 6 with value: 0.046777885407209396.
LOCAL_RANK: 0 - CUDA_VISIBLE_DEVICES: [0]
[I 2023-12-15 20:35:57,905] Trial 26 finished with value: 0.050452981144189835 and parameters: {'gradient_clip_val': 0.5023717095966447, 'hidden_size': 17, 'dropout': 0.18188208733741057, 'hidden_continuous_size': 10, 'attention_head_size': 4, 'learning_rate': 0.008163856436960598}. Best is trial 6 with value: 0.046777885407209396.
LOCAL_RANK: 0 - CUDA_VISIBLE_DEVICES: [0]
[I 2023-12-15 20:36:50,112] Trial 27 finished with value: 0.07005895674228668 and parameters: {'gradient_clip_val': 0.7924636120983527, 'hidden_size': 38, 'dropout': 0.22526327566171397, 'hidden_continuous_size': 14, 'attention_head_size': 3, 'learning_rate': 0.0022612502691851675}. Best is trial 6 with value: 0.046777885407209396.
LOCAL_RANK: 0 - CUDA_VISIBLE_DEVICES: [0]
[I 2023-12-15 20:37:42,285] Trial 28 finished with value: 0.04891592636704445 and parameters: {'gradient_clip_val': 0.830005488949357, 'hidden_size': 48, 'dropout': 0.1848687039051653, 'hidden_continuous_size': 12, 'attention_head_size': 4, 'learning_rate': 0.005520770237827083}. Best is trial 6 with value: 0.046777885407209396.
LOCAL_RANK: 0 - CUDA_VISIBLE_DEVICES: [0]
[I 2023-12-15 20:38:34,849] Trial 29 finished with value: 0.057722657918930054 and parameters: {'gradient_clip_val': 0.4382170124947921, 'hidden_size': 60, 'dropout': 0.1592030450803249, 'hidden_continuous_size': 17, 'attention_head_size': 2, 'learning_rate': 0.04095720058524638}. Best is trial 6 with value: 0.046777885407209396.
LOCAL_RANK: 0 - CUDA_VISIBLE_DEVICES: [0]
[I 2023-12-15 20:39:25,041] Trial 30 finished with value: 0.06001603603363037 and parameters: {'gradient_clip_val': 0.659284130644661, 'hidden_size': 33, 'dropout': 0.12083510729052453, 'hidden_continuous_size': 11, 'attention_head_size': 3, 'learning_rate': 0.00442822119975895}. Best is trial 6 with value: 0.046777885407209396.
LOCAL_RANK: 0 - CUDA_VISIBLE_DEVICES: [0]
[I 2023-12-15 20:40:18,873] Trial 31 finished with value: 0.04686879739165306 and parameters: {'gradient_clip_val': 0.8489543014945571, 'hidden_size': 50, 'dropout': 0.18491364290901469, 'hidden_continuous_size': 12, 'attention_head_size': 4, 'learning_rate': 0.00658159618872215}. Best is trial 6 with value: 0.046777885407209396.
LOCAL_RANK: 0 - CUDA_VISIBLE_DEVICES: [0]
[I 2023-12-15 20:41:12,719] Trial 32 finished with value: 0.04496258497238159 and parameters: {'gradient_clip_val': 0.8857312704169498, 'hidden_size': 55, 'dropout': 0.14193863466203288, 'hidden_continuous_size': 16, 'attention_head_size': 4, 'learning_rate': 0.006867409107737762}. Best is trial 32 with value: 0.04496258497238159.
LOCAL_RANK: 0 - CUDA_VISIBLE_DEVICES: [0]
[I 2023-12-15 20:42:06,837] Trial 33 finished with value: 0.06557052582502365 and parameters: {'gradient_clip_val': 0.8737346384258448, 'hidden_size': 58, 'dropout': 0.14783822602800975, 'hidden_continuous_size': 16, 'attention_head_size': 4, 'learning_rate': 0.007082005052686702}. Best is trial 32 with value: 0.04496258497238159.
LOCAL_RANK: 0 - CUDA_VISIBLE_DEVICES: [0]
[I 2023-12-15 20:43:00,764] Trial 34 finished with value: 0.05847505107522011 and parameters: {'gradient_clip_val': 0.8796400392672223, 'hidden_size': 88, 'dropout': 0.201283840364896, 'hidden_continuous_size': 16, 'attention_head_size': 3, 'learning_rate': 0.01206448865715854}. Best is trial 32 with value: 0.04496258497238159.
LOCAL_RANK: 0 - CUDA_VISIBLE_DEVICES: [0]
[I 2023-12-15 20:43:53,074] Trial 35 finished with value: 0.04547132924199104 and parameters: {'gradient_clip_val': 0.7448863884055467, 'hidden_size': 39, 'dropout': 0.218029813770629, 'hidden_continuous_size': 13, 'attention_head_size': 4, 'learning_rate': 0.007788044880329998}. Best is trial 32 with value: 0.04496258497238159.
LOCAL_RANK: 0 - CUDA_VISIBLE_DEVICES: [0]
[I 2023-12-15 20:44:46,707] Trial 36 finished with value: 0.050346147269010544 and parameters: {'gradient_clip_val': 0.7367254528525493, 'hidden_size': 54, 'dropout': 0.22476457526998705, 'hidden_continuous_size': 19, 'attention_head_size': 3, 'learning_rate': 0.0068639781956122085}. Best is trial 32 with value: 0.04496258497238159.
LOCAL_RANK: 0 - CUDA_VISIBLE_DEVICES: [0]
[I 2023-12-15 20:45:38,601] Trial 37 finished with value: 0.14184555411338806 and parameters: {'gradient_clip_val': 0.9573541939128015, 'hidden_size': 41, 'dropout': 0.2157902916894685, 'hidden_continuous_size': 14, 'attention_head_size': 1, 'learning_rate': 0.004307698261548939}. Best is trial 32 with value: 0.04496258497238159.
LOCAL_RANK: 0 - CUDA_VISIBLE_DEVICES: [0]
[I 2023-12-15 20:46:32,766] Trial 38 finished with value: 0.06506972759962082 and parameters: {'gradient_clip_val': 0.5580486463493993, 'hidden_size': 63, 'dropout': 0.1721296297755443, 'hidden_continuous_size': 13, 'attention_head_size': 4, 'learning_rate': 0.01995723161234043}. Best is trial 32 with value: 0.04496258497238159.
LOCAL_RANK: 0 - CUDA_VISIBLE_DEVICES: [0]
[I 2023-12-15 20:47:25,905] Trial 39 finished with value: 0.061559438705444336 and parameters: {'gradient_clip_val': 0.7379923247459449, 'hidden_size': 84, 'dropout': 0.14309356097637516, 'hidden_continuous_size': 22, 'attention_head_size': 1, 'learning_rate': 0.013190269703779005}. Best is trial 32 with value: 0.04496258497238159.
LOCAL_RANK: 0 - CUDA_VISIBLE_DEVICES: [0]
