[I 2023-12-16 01:37:31,514] Trial 30 finished with value: 1.0383630990982056 and parameters: {'gradient_clip_val': 0.2834185317787225, 'hidden_size': 39, 'dropout': 0.1449331787326002, 'hidden_continuous_size': 22, 'attention_head_size': 4, 'learning_rate': 0.02963888725396461}. Best is trial 29 with value: 0.06820690631866455.
LOCAL_RANK: 0 - CUDA_VISIBLE_DEVICES: [0]
[I 2023-12-16 01:38:25,579] Trial 31 finished with value: 0.8569352030754089 and parameters: {'gradient_clip_val': 0.2351985105308852, 'hidden_size': 61, 'dropout': 0.1010932936982962, 'hidden_continuous_size': 26, 'attention_head_size': 4, 'learning_rate': 0.04099939156777183}. Best is trial 29 with value: 0.06820690631866455.
LOCAL_RANK: 0 - CUDA_VISIBLE_DEVICES: [0]
[I 2023-12-16 01:39:18,593] Trial 32 finished with value: 1.0275497436523438 and parameters: {'gradient_clip_val': 0.2008265352248558, 'hidden_size': 35, 'dropout': 0.12149034691920384, 'hidden_continuous_size': 21, 'attention_head_size': 4, 'learning_rate': 0.06546336987807105}. Best is trial 29 with value: 0.06820690631866455.
LOCAL_RANK: 0 - CUDA_VISIBLE_DEVICES: [0]
[I 2023-12-16 01:40:10,930] Trial 33 finished with value: 0.9987213015556335 and parameters: {'gradient_clip_val': 0.2333105870147136, 'hidden_size': 48, 'dropout': 0.14421459366591227, 'hidden_continuous_size': 16, 'attention_head_size': 3, 'learning_rate': 0.047273479209356595}. Best is trial 29 with value: 0.06820690631866455.
LOCAL_RANK: 0 - CUDA_VISIBLE_DEVICES: [0]
[I 2023-12-16 01:41:04,532] Trial 34 finished with value: 0.20451098680496216 and parameters: {'gradient_clip_val': 0.3044152929766759, 'hidden_size': 54, 'dropout': 0.17789912075774586, 'hidden_continuous_size': 31, 'attention_head_size': 3, 'learning_rate': 0.036695424335429654}. Best is trial 29 with value: 0.06820690631866455.
LOCAL_RANK: 0 - CUDA_VISIBLE_DEVICES: [0]
[I 2023-12-16 01:41:58,036] Trial 35 finished with value: 1.3776153326034546 and parameters: {'gradient_clip_val': 0.25095242494352843, 'hidden_size': 82, 'dropout': 0.2041594895657052, 'hidden_continuous_size': 11, 'attention_head_size': 3, 'learning_rate': 0.06567508004739035}. Best is trial 29 with value: 0.06820690631866455.
LOCAL_RANK: 0 - CUDA_VISIBLE_DEVICES: [0]
[I 2023-12-16 01:42:46,454] Trial 36 finished with value: 0.9473996758460999 and parameters: {'gradient_clip_val': 0.19556598824320168, 'hidden_size': 28, 'dropout': 0.1594261971363347, 'hidden_continuous_size': 17, 'attention_head_size': 2, 'learning_rate': 0.015712561585294514}. Best is trial 29 with value: 0.06820690631866455.
LOCAL_RANK: 0 - CUDA_VISIBLE_DEVICES: [0]
[I 2023-12-16 01:43:40,307] Trial 37 finished with value: 0.5823552012443542 and parameters: {'gradient_clip_val': 0.15222841677566776, 'hidden_size': 66, 'dropout': 0.1348690613383423, 'hidden_continuous_size': 14, 'attention_head_size': 3, 'learning_rate': 0.023647622395386855}. Best is trial 29 with value: 0.06820690631866455.
LOCAL_RANK: 0 - CUDA_VISIBLE_DEVICES: [0]
[I 2023-12-16 01:44:32,409] Trial 38 finished with value: 0.5268428921699524 and parameters: {'gradient_clip_val': 0.28397422105459386, 'hidden_size': 48, 'dropout': 0.1136101471204626, 'hidden_continuous_size': 21, 'attention_head_size': 4, 'learning_rate': 0.02879626126260953}. Best is trial 29 with value: 0.06820690631866455.
LOCAL_RANK: 0 - CUDA_VISIBLE_DEVICES: [0]
[I 2023-12-16 01:45:26,953] Trial 39 finished with value: 1.0002330541610718 and parameters: {'gradient_clip_val': 0.17843341004867785, 'hidden_size': 82, 'dropout': 0.11981037631808789, 'hidden_continuous_size': 27, 'attention_head_size': 2, 'learning_rate': 0.013531290083045537}. Best is trial 29 with value: 0.06820690631866455.
LOCAL_RANK: 0 - CUDA_VISIBLE_DEVICES: [0]
[I 2023-12-16 01:46:20,263] Trial 40 finished with value: 0.9040738940238953 and parameters: {'gradient_clip_val': 0.1540830965028349, 'hidden_size': 64, 'dropout': 0.15379025993672044, 'hidden_continuous_size': 33, 'attention_head_size': 3, 'learning_rate': 0.009867091527881268}. Best is trial 29 with value: 0.06820690631866455.
LOCAL_RANK: 0 - CUDA_VISIBLE_DEVICES: [0]
[I 2023-12-16 01:47:15,566] Trial 41 finished with value: 0.1295648217201233 and parameters: {'gradient_clip_val': 0.2259241758213293, 'hidden_size': 88, 'dropout': 0.11159462022319566, 'hidden_continuous_size': 50, 'attention_head_size': 1, 'learning_rate': 0.07466464321927398}. Best is trial 29 with value: 0.06820690631866455.
LOCAL_RANK: 0 - CUDA_VISIBLE_DEVICES: [0]
[I 2023-12-16 01:48:10,935] Trial 42 finished with value: 0.14609543979167938 and parameters: {'gradient_clip_val': 0.22972827834905396, 'hidden_size': 85, 'dropout': 0.11383258408993609, 'hidden_continuous_size': 51, 'attention_head_size': 1, 'learning_rate': 0.07205212528493327}. Best is trial 29 with value: 0.06820690631866455.
LOCAL_RANK: 0 - CUDA_VISIBLE_DEVICES: [0]
[I 2023-12-16 01:49:05,208] Trial 43 finished with value: 0.2721576690673828 and parameters: {'gradient_clip_val': 0.26865489071925075, 'hidden_size': 71, 'dropout': 0.13515202671630833, 'hidden_continuous_size': 35, 'attention_head_size': 1, 'learning_rate': 0.04155259394990778}. Best is trial 29 with value: 0.06820690631866455.
LOCAL_RANK: 0 - CUDA_VISIBLE_DEVICES: [0]
[I 2023-12-16 01:50:02,500] Trial 44 finished with value: 0.46239206194877625 and parameters: {'gradient_clip_val': 0.21208956812635885, 'hidden_size': 96, 'dropout': 0.11301774408348703, 'hidden_continuous_size': 70, 'attention_head_size': 2, 'learning_rate': 0.07779977090343522}. Best is trial 29 with value: 0.06820690631866455.
LOCAL_RANK: 0 - CUDA_VISIBLE_DEVICES: [0]
[I 2023-12-16 01:50:56,784] Trial 45 finished with value: 0.13701455295085907 and parameters: {'gradient_clip_val': 0.184413195996162, 'hidden_size': 84, 'dropout': 0.10058831851893114, 'hidden_continuous_size': 46, 'attention_head_size': 1, 'learning_rate': 0.03183792793651627}. Best is trial 29 with value: 0.06820690631866455.
LOCAL_RANK: 0 - CUDA_VISIBLE_DEVICES: [0]
[I 2023-12-16 01:51:50,091] Trial 46 finished with value: 0.1613614708185196 and parameters: {'gradient_clip_val': 0.25507297103173526, 'hidden_size': 55, 'dropout': 0.13431171665898828, 'hidden_continuous_size': 29, 'attention_head_size': 2, 'learning_rate': 0.09750618859121019}. Best is trial 29 with value: 0.06820690631866455.
LOCAL_RANK: 0 - CUDA_VISIBLE_DEVICES: [0]
[I 2023-12-16 01:52:43,629] Trial 47 finished with value: 0.16277682781219482 and parameters: {'gradient_clip_val': 0.13809659381603145, 'hidden_size': 62, 'dropout': 0.15680913045473271, 'hidden_continuous_size': 37, 'attention_head_size': 1, 'learning_rate': 0.06674552125957244}. Best is trial 29 with value: 0.06820690631866455.
LOCAL_RANK: 0 - CUDA_VISIBLE_DEVICES: [0]
[I 2023-12-16 01:53:37,118] Trial 48 finished with value: 1.6281293630599976 and parameters: {'gradient_clip_val': 0.21488533086901962, 'hidden_size': 71, 'dropout': 0.12201555951330195, 'hidden_continuous_size': 23, 'attention_head_size': 2, 'learning_rate': 0.05147129372584818}. Best is trial 29 with value: 0.06820690631866455.
LOCAL_RANK: 0 - CUDA_VISIBLE_DEVICES: [0]
[I 2023-12-16 01:54:34,225] Trial 49 finished with value: 0.3598063290119171 and parameters: {'gradient_clip_val': 0.16945316549544956, 'hidden_size': 90, 'dropout': 0.1812529876167611, 'hidden_continuous_size': 63, 'attention_head_size': 4, 'learning_rate': 0.07664572517456053}. Best is trial 29 with value: 0.06820690631866455.
[I 2023-12-16 01:54:34,340] A new study created in memory with name: no-name-8ce51d8a-6be1-4e5c-8be3-6af7d4ec0cc9
/home/le004/conda/anaconda3/envs/tsff_env/lib/python3.9/site-packages/lightning/fabric/plugins/environments/slurm.py:191: The `srun` command is available on your system but is not used. HINT: If your intention is to run Lightning on SLURM, prepend your python command with `srun` like so: srun python /home/le004/master_thesis/git/TSFusionForecast/code/ ...
LOCAL_RANK: 0 - CUDA_VISIBLE_DEVICES: [0]
[I 2023-12-16 01:55:26,636] Trial 0 finished with value: 61.65426254272461 and parameters: {'gradient_clip_val': 0.164951401044716, 'hidden_size': 40, 'dropout': 0.15283255813380364, 'hidden_continuous_size': 33, 'attention_head_size': 3, 'learning_rate': 0.003832937806943759}. Best is trial 0 with value: 61.65426254272461.
LOCAL_RANK: 0 - CUDA_VISIBLE_DEVICES: [0]
[I 2023-12-16 01:56:12,891] Trial 1 finished with value: 19.895078659057617 and parameters: {'gradient_clip_val': 0.28849060474639043, 'hidden_size': 13, 'dropout': 0.27534787670841016, 'hidden_continuous_size': 9, 'attention_head_size': 3, 'learning_rate': 0.06319097970351678}. Best is trial 1 with value: 19.895078659057617.
LOCAL_RANK: 0 - CUDA_VISIBLE_DEVICES: [0]
[I 2023-12-16 01:57:01,151] Trial 2 finished with value: 46.3392333984375 and parameters: {'gradient_clip_val': 0.9299108605212946, 'hidden_size': 24, 'dropout': 0.12961016747678772, 'hidden_continuous_size': 17, 'attention_head_size': 3, 'learning_rate': 0.0020983284541603747}. Best is trial 1 with value: 19.895078659057617.
LOCAL_RANK: 0 - CUDA_VISIBLE_DEVICES: [0]
[I 2023-12-16 01:57:55,478] Trial 3 finished with value: 65.8623275756836 and parameters: {'gradient_clip_val': 0.24929320464403207, 'hidden_size': 77, 'dropout': 0.2329745028735824, 'hidden_continuous_size': 18, 'attention_head_size': 3, 'learning_rate': 0.0008395800361593402}. Best is trial 1 with value: 19.895078659057617.
LOCAL_RANK: 0 - CUDA_VISIBLE_DEVICES: [0]
[I 2023-12-16 01:58:48,114] Trial 4 finished with value: 73.63560485839844 and parameters: {'gradient_clip_val': 0.3885077387231891, 'hidden_size': 55, 'dropout': 0.21625302496046503, 'hidden_continuous_size': 9, 'attention_head_size': 3, 'learning_rate': 0.033422723351104994}. Best is trial 1 with value: 19.895078659057617.
LOCAL_RANK: 0 - CUDA_VISIBLE_DEVICES: [0]
[I 2023-12-16 01:59:42,051] Trial 5 finished with value: 50.01539611816406 and parameters: {'gradient_clip_val': 0.7444064036702498, 'hidden_size': 87, 'dropout': 0.3148474028256544, 'hidden_continuous_size': 19, 'attention_head_size': 1, 'learning_rate': 0.00465833192173891}. Best is trial 1 with value: 19.895078659057617.
LOCAL_RANK: 0 - CUDA_VISIBLE_DEVICES: [0]
[I 2023-12-16 02:00:16,798] Trial 6 finished with value: 45.7943229675293 and parameters: {'gradient_clip_val': 0.26796637041827315, 'hidden_size': 5, 'dropout': 0.321120336275099, 'hidden_continuous_size': 5, 'attention_head_size': 3, 'learning_rate': 0.0016465839332924688}. Best is trial 1 with value: 19.895078659057617.
LOCAL_RANK: 0 - CUDA_VISIBLE_DEVICES: [0]
[I 2023-12-16 02:00:50,366] Trial 7 finished with value: 60.74911880493164 and parameters: {'gradient_clip_val': 0.25027478513922746, 'hidden_size': 5, 'dropout': 0.31914068387038996, 'hidden_continuous_size': 5, 'attention_head_size': 2, 'learning_rate': 0.006919093003449787}. Best is trial 1 with value: 19.895078659057617.
LOCAL_RANK: 0 - CUDA_VISIBLE_DEVICES: [0]
[I 2023-12-16 02:01:39,378] Trial 8 finished with value: 61.87470626831055 and parameters: {'gradient_clip_val': 0.24045337448788004, 'hidden_size': 28, 'dropout': 0.29610503570208974, 'hidden_continuous_size': 21, 'attention_head_size': 2, 'learning_rate': 0.000547482350636086}. Best is trial 1 with value: 19.895078659057617.
LOCAL_RANK: 0 - CUDA_VISIBLE_DEVICES: [0]
[I 2023-12-16 02:02:35,184] Trial 9 finished with value: 92.0711669921875 and parameters: {'gradient_clip_val': 0.1338921371442604, 'hidden_size': 94, 'dropout': 0.30292957640415685, 'hidden_continuous_size': 32, 'attention_head_size': 4, 'learning_rate': 0.0034309470681079973}. Best is trial 1 with value: 19.895078659057617.
LOCAL_RANK: 0 - CUDA_VISIBLE_DEVICES: [0]
[I 2023-12-16 02:03:21,517] Trial 10 finished with value: 34.623897552490234 and parameters: {'gradient_clip_val': 0.4560568455046124, 'hidden_size': 13, 'dropout': 0.3822817534947849, 'hidden_continuous_size': 7, 'attention_head_size': 4, 'learning_rate': 0.0951100297146642}. Best is trial 1 with value: 19.895078659057617.
LOCAL_RANK: 0 - CUDA_VISIBLE_DEVICES: [0]
[I 2023-12-16 02:04:06,645] Trial 11 finished with value: 21.170166015625 and parameters: {'gradient_clip_val': 0.46433372893351754, 'hidden_size': 12, 'dropout': 0.3899899426490589, 'hidden_continuous_size': 7, 'attention_head_size': 4, 'learning_rate': 0.09842268832233488}. Best is trial 1 with value: 19.895078659057617.
LOCAL_RANK: 0 - CUDA_VISIBLE_DEVICES: [0]
[I 2023-12-16 02:04:52,596] Trial 12 finished with value: 23.7723388671875 and parameters: {'gradient_clip_val': 0.5350882702577742, 'hidden_size': 13, 'dropout': 0.39759103623304987, 'hidden_continuous_size': 7, 'attention_head_size': 4, 'learning_rate': 0.0957144388710406}. Best is trial 1 with value: 19.895078659057617.
LOCAL_RANK: 0 - CUDA_VISIBLE_DEVICES: [0]
[I 2023-12-16 02:05:37,754] Trial 13 finished with value: 61.028926849365234 and parameters: {'gradient_clip_val': 0.36369161141517947, 'hidden_size': 12, 'dropout': 0.3610863376176586, 'hidden_continuous_size': 8, 'attention_head_size': 4, 'learning_rate': 0.022635788426403885}. Best is trial 1 with value: 19.895078659057617.
LOCAL_RANK: 0 - CUDA_VISIBLE_DEVICES: [0]
[I 2023-12-16 02:06:21,630] Trial 14 finished with value: 117.5494613647461 and parameters: {'gradient_clip_val': 0.5699882193893551, 'hidden_size': 8, 'dropout': 0.2583876778499672, 'hidden_continuous_size': 6, 'attention_head_size': 2, 'learning_rate': 0.03940705198065922}. Best is trial 1 with value: 19.895078659057617.
LOCAL_RANK: 0 - CUDA_VISIBLE_DEVICES: [0]
[I 2023-12-16 02:07:10,229] Trial 15 finished with value: 71.87899780273438 and parameters: {'gradient_clip_val': 0.33416434939170114, 'hidden_size': 19, 'dropout': 0.36780921327636634, 'hidden_continuous_size': 10, 'attention_head_size': 4, 'learning_rate': 0.015562209674013243}. Best is trial 1 with value: 19.895078659057617.
LOCAL_RANK: 0 - CUDA_VISIBLE_DEVICES: [0]
[I 2023-12-16 02:07:55,050] Trial 16 finished with value: 42.16951370239258 and parameters: {'gradient_clip_val': 0.19293749955339173, 'hidden_size': 9, 'dropout': 0.3456001166707717, 'hidden_continuous_size': 6, 'attention_head_size': 1, 'learning_rate': 0.060049786480776406}. Best is trial 1 with value: 19.895078659057617.
LOCAL_RANK: 0 - CUDA_VISIBLE_DEVICES: [0]
[I 2023-12-16 02:08:43,175] Trial 17 finished with value: 74.44078826904297 and parameters: {'gradient_clip_val': 0.47379250537372486, 'hidden_size': 18, 'dropout': 0.26489959315658984, 'hidden_continuous_size': 10, 'attention_head_size': 4, 'learning_rate': 0.012866307232178263}. Best is trial 1 with value: 19.895078659057617.
LOCAL_RANK: 0 - CUDA_VISIBLE_DEVICES: [0]
[I 2023-12-16 02:09:31,595] Trial 18 finished with value: 100.1226806640625 and parameters: {'gradient_clip_val': 0.3063557292519078, 'hidden_size': 32, 'dropout': 0.39528531035859205, 'hidden_continuous_size': 12, 'attention_head_size': 3, 'learning_rate': 0.04270530226197034}. Best is trial 1 with value: 19.895078659057617.
LOCAL_RANK: 0 - CUDA_VISIBLE_DEVICES: [0]
[I 2023-12-16 02:10:18,988] Trial 19 finished with value: 73.63703918457031 and parameters: {'gradient_clip_val': 0.1164128622985119, 'hidden_size': 18, 'dropout': 0.34814150719160475, 'hidden_continuous_size': 8, 'attention_head_size': 4, 'learning_rate': 0.06721751903748165}. Best is trial 1 with value: 19.895078659057617.
LOCAL_RANK: 0 - CUDA_VISIBLE_DEVICES: [0]
[I 2023-12-16 02:11:03,776] Trial 20 finished with value: 75.36531829833984 and parameters: {'gradient_clip_val': 0.40215742442746233, 'hidden_size': 7, 'dropout': 0.19530314295342838, 'hidden_continuous_size': 5, 'attention_head_size': 2, 'learning_rate': 0.02559634253113474}. Best is trial 1 with value: 19.895078659057617.
LOCAL_RANK: 0 - CUDA_VISIBLE_DEVICES: [0]
[I 2023-12-16 02:11:48,923] Trial 21 finished with value: 18.24057960510254 and parameters: {'gradient_clip_val': 0.5521086229844269, 'hidden_size': 12, 'dropout': 0.39395617707393654, 'hidden_continuous_size': 7, 'attention_head_size': 4, 'learning_rate': 0.09859054701392238}. Best is trial 21 with value: 18.24057960510254.
LOCAL_RANK: 0 - CUDA_VISIBLE_DEVICES: [0]
[I 2023-12-16 02:12:34,857] Trial 22 finished with value: 15.458763122558594 and parameters: {'gradient_clip_val': 0.6444054311184794, 'hidden_size': 10, 'dropout': 0.3712073127190635, 'hidden_continuous_size': 6, 'attention_head_size': 4, 'learning_rate': 0.09844963813962572}. Best is trial 22 with value: 15.458763122558594.
LOCAL_RANK: 0 - CUDA_VISIBLE_DEVICES: [0]
[I 2023-12-16 02:13:20,382] Trial 23 finished with value: 25.50870704650879 and parameters: {'gradient_clip_val': 0.6946303567959926, 'hidden_size': 10, 'dropout': 0.3431014157963419, 'hidden_continuous_size': 6, 'attention_head_size': 3, 'learning_rate': 0.05294755701430933}. Best is trial 22 with value: 15.458763122558594.
LOCAL_RANK: 0 - CUDA_VISIBLE_DEVICES: [0]
[I 2023-12-16 02:14:05,404] Trial 24 finished with value: 49.62071228027344 and parameters: {'gradient_clip_val': 0.9152001718159076, 'hidden_size': 16, 'dropout': 0.37020801034234135, 'hidden_continuous_size': 6, 'attention_head_size': 4, 'learning_rate': 0.06115214781786507}. Best is trial 22 with value: 15.458763122558594.
LOCAL_RANK: 0 - CUDA_VISIBLE_DEVICES: [0]
[I 2023-12-16 02:14:50,674] Trial 25 finished with value: 40.42119216918945 and parameters: {'gradient_clip_val': 0.5646515783351213, 'hidden_size': 7, 'dropout': 0.28325729310731773, 'hidden_continuous_size': 5, 'attention_head_size': 3, 'learning_rate': 0.03330652174419155}. Best is trial 22 with value: 15.458763122558594.
LOCAL_RANK: 0 - CUDA_VISIBLE_DEVICES: [0]
[I 2023-12-16 02:15:36,940] Trial 26 finished with value: 44.363826751708984 and parameters: {'gradient_clip_val': 0.6857544810655023, 'hidden_size': 15, 'dropout': 0.3340302768189698, 'hidden_continuous_size': 7, 'attention_head_size': 4, 'learning_rate': 0.06860943888835112}. Best is trial 22 with value: 15.458763122558594.
LOCAL_RANK: 0 - CUDA_VISIBLE_DEVICES: [0]
[I 2023-12-16 02:16:22,933] Trial 27 finished with value: 68.28629302978516 and parameters: {'gradient_clip_val': 0.3121396054084839, 'hidden_size': 10, 'dropout': 0.28048364907876877, 'hidden_continuous_size': 6, 'attention_head_size': 4, 'learning_rate': 0.045531264587548206}. Best is trial 22 with value: 15.458763122558594.
LOCAL_RANK: 0 - CUDA_VISIBLE_DEVICES: [0]
[I 2023-12-16 02:17:11,645] Trial 28 finished with value: 39.28727340698242 and parameters: {'gradient_clip_val': 0.43249608253537786, 'hidden_size': 21, 'dropout': 0.3669746632938302, 'hidden_continuous_size': 9, 'attention_head_size': 3, 'learning_rate': 0.07486257260420234}. Best is trial 22 with value: 15.458763122558594.
LOCAL_RANK: 0 - CUDA_VISIBLE_DEVICES: [0]
[I 2023-12-16 02:17:57,567] Trial 29 finished with value: 37.64910125732422 and parameters: {'gradient_clip_val': 0.6253442646220994, 'hidden_size': 15, 'dropout': 0.32833032623776726, 'hidden_continuous_size': 8, 'attention_head_size': 3, 'learning_rate': 0.02525695974440001}. Best is trial 22 with value: 15.458763122558594.
LOCAL_RANK: 0 - CUDA_VISIBLE_DEVICES: [0]
[I 2023-12-16 02:18:46,394] Trial 30 finished with value: 31.427038192749023 and parameters: {'gradient_clip_val': 0.7743812140872328, 'hidden_size': 23, 'dropout': 0.3510200460790275, 'hidden_continuous_size': 12, 'attention_head_size': 2, 'learning_rate': 0.04946661599757321}. Best is trial 22 with value: 15.458763122558594.
LOCAL_RANK: 0 - CUDA_VISIBLE_DEVICES: [0]
[I 2023-12-16 02:19:32,408] Trial 31 finished with value: 53.86091232299805 and parameters: {'gradient_clip_val': 0.4938375464129267, 'hidden_size': 11, 'dropout': 0.38478041371823807, 'hidden_continuous_size': 7, 'attention_head_size': 4, 'learning_rate': 0.09408947912857586}. Best is trial 22 with value: 15.458763122558594.
LOCAL_RANK: 0 - CUDA_VISIBLE_DEVICES: [0]
[I 2023-12-16 02:20:17,457] Trial 32 finished with value: 60.320369720458984 and parameters: {'gradient_clip_val': 0.42553398161414, 'hidden_size': 12, 'dropout': 0.39874716761790596, 'hidden_continuous_size': 7, 'attention_head_size': 4, 'learning_rate': 0.09955576157855879}. Best is trial 22 with value: 15.458763122558594.
LOCAL_RANK: 0 - CUDA_VISIBLE_DEVICES: [0]
[I 2023-12-16 02:21:03,172] Trial 33 finished with value: 82.36769104003906 and parameters: {'gradient_clip_val': 0.5205467010471942, 'hidden_size': 9, 'dropout': 0.38111975880560567, 'hidden_continuous_size': 6, 'attention_head_size': 4, 'learning_rate': 0.07239803370152574}. Best is trial 22 with value: 15.458763122558594.
LOCAL_RANK: 0 - CUDA_VISIBLE_DEVICES: [0]
[I 2023-12-16 02:21:49,262] Trial 34 finished with value: 15.61526870727539 and parameters: {'gradient_clip_val': 0.5887679854215818, 'hidden_size': 14, 'dropout': 0.3617078119194101, 'hidden_continuous_size': 7, 'attention_head_size': 3, 'learning_rate': 0.05299591648209028}. Best is trial 22 with value: 15.458763122558594.
LOCAL_RANK: 0 - CUDA_VISIBLE_DEVICES: [0]
[I 2023-12-16 02:22:34,484] Trial 35 finished with value: 50.93121337890625 and parameters: {'gradient_clip_val': 0.622515483806448, 'hidden_size': 16, 'dropout': 0.3552985728983748, 'hidden_continuous_size': 8, 'attention_head_size': 3, 'learning_rate': 0.03327270013331753}. Best is trial 22 with value: 15.458763122558594.
LOCAL_RANK: 0 - CUDA_VISIBLE_DEVICES: [0]
[I 2023-12-16 02:23:23,715] Trial 36 finished with value: 54.39145278930664 and parameters: {'gradient_clip_val': 0.8682053353981101, 'hidden_size': 25, 'dropout': 0.33164970708493274, 'hidden_continuous_size': 9, 'attention_head_size': 3, 'learning_rate': 0.048871007502126355}. Best is trial 22 with value: 15.458763122558594.
LOCAL_RANK: 0 - CUDA_VISIBLE_DEVICES: [0]
[I 2023-12-16 02:24:09,536] Trial 37 finished with value: 60.58143615722656 and parameters: {'gradient_clip_val': 0.8509107143467729, 'hidden_size': 14, 'dropout': 0.30827246375558265, 'hidden_continuous_size': 7, 'attention_head_size': 3, 'learning_rate': 0.06761101637256664}. Best is trial 22 with value: 15.458763122558594.
LOCAL_RANK: 0 - CUDA_VISIBLE_DEVICES: [0]
