[I 2023-12-26 17:01:19,136] Trial 28 finished with value: 12381.8076171875 and parameters: {'gradient_clip_val': 0.4066801753375509, 'hidden_size': 6, 'dropout': 0.47053126250310695, 'hidden_continuous_size': 5, 'attention_head_size': 4, 'learning_rate': 0.0053974252384861665}. Best is trial 0 with value: 606.7075805664062.
[I 2023-12-26 17:01:21,698] Trial 29 finished with value: 9018.30859375 and parameters: {'gradient_clip_val': 0.25539700200913074, 'hidden_size': 30, 'dropout': 0.36033481763552255, 'hidden_continuous_size': 13, 'attention_head_size': 4, 'learning_rate': 0.0030373186982717323}. Best is trial 0 with value: 606.7075805664062.
[I 2023-12-26 17:01:23,985] Trial 30 finished with value: 8403.6396484375 and parameters: {'gradient_clip_val': 0.30491813697760356, 'hidden_size': 23, 'dropout': 0.4374795032615178, 'hidden_continuous_size': 8, 'attention_head_size': 4, 'learning_rate': 0.001757082914522758}. Best is trial 0 with value: 606.7075805664062.
[I 2023-12-26 17:01:25,879] Trial 31 finished with value: 10538.3525390625 and parameters: {'gradient_clip_val': 0.22242256363749602, 'hidden_size': 6, 'dropout': 0.41527948327500697, 'hidden_continuous_size': 5, 'attention_head_size': 3, 'learning_rate': 0.005451204011123109}. Best is trial 0 with value: 606.7075805664062.
[I 2023-12-26 17:01:27,628] Trial 32 finished with value: 9043.4619140625 and parameters: {'gradient_clip_val': 0.9826899215627061, 'hidden_size': 5, 'dropout': 0.4481646920831406, 'hidden_continuous_size': 5, 'attention_head_size': 3, 'learning_rate': 0.011580870576960344}. Best is trial 0 with value: 606.7075805664062.
[I 2023-12-26 17:01:29,556] Trial 33 finished with value: 10891.380859375 and parameters: {'gradient_clip_val': 0.19116190160707933, 'hidden_size': 7, 'dropout': 0.3918217226431413, 'hidden_continuous_size': 5, 'attention_head_size': 2, 'learning_rate': 0.009464943881732706}. Best is trial 0 with value: 606.7075805664062.
[I 2023-12-26 17:01:31,852] Trial 34 finished with value: 8727.712890625 and parameters: {'gradient_clip_val': 0.2534944500292239, 'hidden_size': 13, 'dropout': 0.47575809242460315, 'hidden_continuous_size': 6, 'attention_head_size': 3, 'learning_rate': 0.020152217940756476}. Best is trial 0 with value: 606.7075805664062.
[I 2023-12-26 17:01:33,874] Trial 35 finished with value: 8215.138671875 and parameters: {'gradient_clip_val': 0.10010107244226354, 'hidden_size': 9, 'dropout': 0.4482510698083717, 'hidden_continuous_size': 6, 'attention_head_size': 4, 'learning_rate': 0.04249541721806043}. Best is trial 0 with value: 606.7075805664062.
[I 2023-12-26 17:01:35,811] Trial 36 finished with value: 8319.0947265625 and parameters: {'gradient_clip_val': 0.3316297523597113, 'hidden_size': 7, 'dropout': 0.4137192864155275, 'hidden_continuous_size': 5, 'attention_head_size': 3, 'learning_rate': 0.01049956805504418}. Best is trial 0 with value: 606.7075805664062.
[I 2023-12-26 17:01:38,486] Trial 37 finished with value: 8399.3466796875 and parameters: {'gradient_clip_val': 0.2084744118261754, 'hidden_size': 38, 'dropout': 0.48062047168338606, 'hidden_continuous_size': 18, 'attention_head_size': 3, 'learning_rate': 0.006042733728245433}. Best is trial 0 with value: 606.7075805664062.
[I 2023-12-26 17:01:40,526] Trial 38 finished with value: 9223.916015625 and parameters: {'gradient_clip_val': 0.17106571865579762, 'hidden_size': 11, 'dropout': 0.4500285346445841, 'hidden_continuous_size': 7, 'attention_head_size': 4, 'learning_rate': 0.01671081552174465}. Best is trial 0 with value: 606.7075805664062.
[I 2023-12-26 17:01:42,380] Trial 39 finished with value: 8332.927734375 and parameters: {'gradient_clip_val': 0.3988659148629988, 'hidden_size': 6, 'dropout': 0.4248967921787095, 'hidden_continuous_size': 5, 'attention_head_size': 1, 'learning_rate': 0.013275650605555878}. Best is trial 0 with value: 606.7075805664062.
[I 2023-12-26 17:01:44,501] Trial 40 finished with value: 7504.328125 and parameters: {'gradient_clip_val': 0.45305029192934376, 'hidden_size': 15, 'dropout': 0.35049682108575164, 'hidden_continuous_size': 9, 'attention_head_size': 2, 'learning_rate': 0.0032947123413759583}. Best is trial 0 with value: 606.7075805664062.
[I 2023-12-26 17:01:46,594] Trial 41 finished with value: 11774.0966796875 and parameters: {'gradient_clip_val': 0.4697374923253523, 'hidden_size': 15, 'dropout': 0.3815026841539535, 'hidden_continuous_size': 9, 'attention_head_size': 2, 'learning_rate': 0.003220506392631725}. Best is trial 0 with value: 606.7075805664062.
[I 2023-12-26 17:01:48,510] Trial 42 finished with value: 8818.990234375 and parameters: {'gradient_clip_val': 0.5401984654922946, 'hidden_size': 9, 'dropout': 0.3516842250136631, 'hidden_continuous_size': 7, 'attention_head_size': 1, 'learning_rate': 0.004481507278583475}. Best is trial 0 with value: 606.7075805664062.
[I 2023-12-26 17:01:50,894] Trial 43 finished with value: 10723.6845703125 and parameters: {'gradient_clip_val': 0.34331659296728934, 'hidden_size': 28, 'dropout': 0.4021890058829442, 'hidden_continuous_size': 11, 'attention_head_size': 2, 'learning_rate': 0.002234117404877933}. Best is trial 0 with value: 606.7075805664062.
[I 2023-12-26 17:01:52,619] Trial 44 finished with value: 11452.7412109375 and parameters: {'gradient_clip_val': 0.44205608896337395, 'hidden_size': 5, 'dropout': 0.3380124188583811, 'hidden_continuous_size': 5, 'attention_head_size': 2, 'learning_rate': 0.00758206890701336}. Best is trial 0 with value: 606.7075805664062.
[I 2023-12-26 17:01:54,644] Trial 45 finished with value: 10427.6728515625 and parameters: {'gradient_clip_val': 0.36798494084507466, 'hidden_size': 14, 'dropout': 0.2968166097295677, 'hidden_continuous_size': 8, 'attention_head_size': 1, 'learning_rate': 0.004018421091567056}. Best is trial 0 with value: 606.7075805664062.
[I 2023-12-26 17:01:56,883] Trial 46 finished with value: 6808.306640625 and parameters: {'gradient_clip_val': 0.30535859213773753, 'hidden_size': 11, 'dropout': 0.3793428452055847, 'hidden_continuous_size': 8, 'attention_head_size': 3, 'learning_rate': 0.0025650589099808214}. Best is trial 0 with value: 606.7075805664062.
[I 2023-12-26 17:01:58,828] Trial 47 finished with value: 11049.484375 and parameters: {'gradient_clip_val': 0.3064190578345248, 'hidden_size': 16, 'dropout': 0.37511904552715297, 'hidden_continuous_size': 10, 'attention_head_size': 3, 'learning_rate': 0.002521786161513967}. Best is trial 0 with value: 606.7075805664062.
[I 2023-12-26 17:02:00,797] Trial 48 finished with value: 10776.9794921875 and parameters: {'gradient_clip_val': 0.3287083924655183, 'hidden_size': 12, 'dropout': 0.3486902998765692, 'hidden_continuous_size': 8, 'attention_head_size': 2, 'learning_rate': 0.0020168173597908965}. Best is trial 0 with value: 606.7075805664062.
[I 2023-12-26 17:02:09,947] Trial 49 finished with value: 8824.5869140625 and parameters: {'gradient_clip_val': 0.4342443571889539, 'hidden_size': 147, 'dropout': 0.37871390915252934, 'hidden_continuous_size': 32, 'attention_head_size': 1, 'learning_rate': 0.002986332980270568}. Best is trial 0 with value: 606.7075805664062.
[I 2023-12-26 17:02:10,093] A new study created in memory with name: no-name-2566ad59-474f-4b9e-831d-1d804a755fbc
/home/le004/conda/anaconda3/envs/tsff_env/lib/python3.9/site-packages/lightning/fabric/plugins/environments/slurm.py:191: The `srun` command is available on your system but is not used. HINT: If your intention is to run Lightning on SLURM, prepend your python command with `srun` like so: srun python /home/le004/master_thesis/git/TSFusionForecast/code/ ...
[I 2023-12-26 17:21:19,309] Trial 0 finished with value: 0.11160250753164291 and parameters: {'gradient_clip_val': 0.6684078950917002, 'hidden_size': 134, 'dropout': 0.439917919548496, 'hidden_continuous_size': 46, 'attention_head_size': 2, 'learning_rate': 0.006888928111766308}. Best is trial 0 with value: 0.11160250753164291.
[I 2023-12-26 17:21:21,544] Trial 1 finished with value: 2.5008010864257812 and parameters: {'gradient_clip_val': 0.35548147437425526, 'hidden_size': 5, 'dropout': 0.34573223345931414, 'hidden_continuous_size': 5, 'attention_head_size': 4, 'learning_rate': 0.04400389011336186}. Best is trial 0 with value: 0.11160250753164291.
[I 2023-12-26 17:21:25,056] Trial 2 finished with value: 4.177505016326904 and parameters: {'gradient_clip_val': 0.5045597094283857, 'hidden_size': 31, 'dropout': 0.4785254102976251, 'hidden_continuous_size': 6, 'attention_head_size': 4, 'learning_rate': 0.05186301347833297}. Best is trial 0 with value: 0.11160250753164291.
[I 2023-12-26 17:21:32,730] Trial 3 finished with value: 3.1130154132843018 and parameters: {'gradient_clip_val': 0.5689738203105827, 'hidden_size': 87, 'dropout': 0.14895820299639795, 'hidden_continuous_size': 24, 'attention_head_size': 1, 'learning_rate': 0.0032274429795259244}. Best is trial 0 with value: 0.11160250753164291.
[I 2023-12-26 17:21:35,036] Trial 4 finished with value: 3.100592851638794 and parameters: {'gradient_clip_val': 0.3140858294171885, 'hidden_size': 6, 'dropout': 0.42272143132369466, 'hidden_continuous_size': 5, 'attention_head_size': 4, 'learning_rate': 0.009686691127152291}. Best is trial 0 with value: 0.11160250753164291.
[I 2023-12-26 17:21:44,409] Trial 5 finished with value: 3.239722490310669 and parameters: {'gradient_clip_val': 0.6774148930410668, 'hidden_size': 113, 'dropout': 0.4628241200029163, 'hidden_continuous_size': 9, 'attention_head_size': 1, 'learning_rate': 0.006406582617734455}. Best is trial 0 with value: 0.11160250753164291.
[I 2023-12-26 17:21:46,516] Trial 6 finished with value: 4.046926021575928 and parameters: {'gradient_clip_val': 0.6549411758655714, 'hidden_size': 6, 'dropout': 0.39906712999689364, 'hidden_continuous_size': 6, 'attention_head_size': 2, 'learning_rate': 0.09227004875279092}. Best is trial 0 with value: 0.11160250753164291.
[I 2023-12-26 17:21:50,242] Trial 7 finished with value: 2.6287829875946045 and parameters: {'gradient_clip_val': 0.18551571068300038, 'hidden_size': 39, 'dropout': 0.21603653458696545, 'hidden_continuous_size': 13, 'attention_head_size': 1, 'learning_rate': 0.09473147884396901}. Best is trial 0 with value: 0.11160250753164291.
[I 2023-12-26 17:21:59,152] Trial 8 finished with value: 2.73752760887146 and parameters: {'gradient_clip_val': 0.11272650642987224, 'hidden_size': 97, 'dropout': 0.31804462002148437, 'hidden_continuous_size': 79, 'attention_head_size': 2, 'learning_rate': 0.010119618857149085}. Best is trial 0 with value: 0.11160250753164291.
[I 2023-12-26 17:22:03,758] Trial 9 finished with value: 3.5741233825683594 and parameters: {'gradient_clip_val': 0.2335340743108464, 'hidden_size': 52, 'dropout': 0.26772304803374514, 'hidden_continuous_size': 9, 'attention_head_size': 3, 'learning_rate': 0.007369672020295881}. Best is trial 0 with value: 0.11160250753164291.
[I 2023-12-26 17:22:06,707] Trial 10 finished with value: 3.085134267807007 and parameters: {'gradient_clip_val': 0.965378633138292, 'hidden_size': 17, 'dropout': 0.4902367075450717, 'hidden_continuous_size': 17, 'attention_head_size': 3, 'learning_rate': 0.0005910407712057412}. Best is trial 0 with value: 0.11160250753164291.
[I 2023-12-26 17:22:09,396] Trial 11 finished with value: 4.058051109313965 and parameters: {'gradient_clip_val': 0.3740511198335323, 'hidden_size': 17, 'dropout': 0.3633474590713396, 'hidden_continuous_size': 5, 'attention_head_size': 3, 'learning_rate': 0.029638463009635747}. Best is trial 0 with value: 0.11160250753164291.
[I 2023-12-26 17:22:11,946] Trial 12 finished with value: 2.3878989219665527 and parameters: {'gradient_clip_val': 0.9993016582818687, 'hidden_size': 10, 'dropout': 0.3478092882845146, 'hidden_continuous_size': 5, 'attention_head_size': 2, 'learning_rate': 0.024447473352260288}. Best is trial 0 with value: 0.11160250753164291.
[I 2023-12-26 17:22:17,506] Trial 13 finished with value: 4.469254493713379 and parameters: {'gradient_clip_val': 0.9787681318322343, 'hidden_size': 64, 'dropout': 0.403536724961017, 'hidden_continuous_size': 35, 'attention_head_size': 2, 'learning_rate': 0.01840393660708395}. Best is trial 0 with value: 0.11160250753164291.
[I 2023-12-26 17:22:27,968] Trial 14 finished with value: 3.484966516494751 and parameters: {'gradient_clip_val': 0.8145749183324574, 'hidden_size': 128, 'dropout': 0.2886724253377422, 'hidden_continuous_size': 45, 'attention_head_size': 2, 'learning_rate': 0.019873226048502307}. Best is trial 0 with value: 0.11160250753164291.
[I 2023-12-26 17:22:42,365] Trial 15 finished with value: 2.2154409885406494 and parameters: {'gradient_clip_val': 0.9975285066328039, 'hidden_size': 150, 'dropout': 0.36909189488937444, 'hidden_continuous_size': 147, 'attention_head_size': 2, 'learning_rate': 0.003150200280743639}. Best is trial 0 with value: 0.11160250753164291.
[I 2023-12-26 17:22:56,512] Trial 16 finished with value: 3.1596028804779053 and parameters: {'gradient_clip_val': 0.5022276351534198, 'hidden_size': 150, 'dropout': 0.4353073400569105, 'hidden_continuous_size': 139, 'attention_head_size': 3, 'learning_rate': 0.002576070812609576}. Best is trial 0 with value: 0.11160250753164291.
[I 2023-12-26 17:23:03,101] Trial 17 finished with value: 3.0956790447235107 and parameters: {'gradient_clip_val': 0.7071180689031618, 'hidden_size': 73, 'dropout': 0.39263220355779344, 'hidden_continuous_size': 35, 'attention_head_size': 1, 'learning_rate': 0.002500940950957467}. Best is trial 0 with value: 0.11160250753164291.
[I 2023-12-26 17:23:15,105] Trial 18 finished with value: 3.0342681407928467 and parameters: {'gradient_clip_val': 0.798158150218433, 'hidden_size': 140, 'dropout': 0.44925621433606533, 'hidden_continuous_size': 73, 'attention_head_size': 2, 'learning_rate': 0.0013843855229754155}. Best is trial 0 with value: 0.11160250753164291.
[I 2023-12-26 17:23:20,014] Trial 19 finished with value: 3.641594171524048 and parameters: {'gradient_clip_val': 0.5680015730361232, 'hidden_size': 51, 'dropout': 0.48694821959871004, 'hidden_continuous_size': 21, 'attention_head_size': 3, 'learning_rate': 0.005364472344358}. Best is trial 0 with value: 0.11160250753164291.
[I 2023-12-26 17:23:28,201] Trial 20 finished with value: 2.736581802368164 and parameters: {'gradient_clip_val': 0.4306654244922698, 'hidden_size': 90, 'dropout': 0.37215728842497386, 'hidden_continuous_size': 54, 'attention_head_size': 1, 'learning_rate': 0.0041078787971184005}. Best is trial 0 with value: 0.11160250753164291.
[I 2023-12-26 17:23:37,345] Trial 21 finished with value: 2.9235591888427734 and parameters: {'gradient_clip_val': 0.9642098002115733, 'hidden_size': 108, 'dropout': 0.34434473135462496, 'hidden_continuous_size': 27, 'attention_head_size': 2, 'learning_rate': 0.010890901848964846}. Best is trial 0 with value: 0.11160250753164291.
[I 2023-12-26 17:23:42,916] Trial 22 finished with value: 4.246687889099121 and parameters: {'gradient_clip_val': 0.8054477509709245, 'hidden_size': 69, 'dropout': 0.4250501021671784, 'hidden_continuous_size': 16, 'attention_head_size': 2, 'learning_rate': 0.01574441254570534}. Best is trial 0 with value: 0.11160250753164291.
[I 2023-12-26 17:23:54,200] Trial 23 finished with value: 3.2300479412078857 and parameters: {'gradient_clip_val': 0.9834811475334497, 'hidden_size': 147, 'dropout': 0.31719795638034487, 'hidden_continuous_size': 144, 'attention_head_size': 2, 'learning_rate': 0.0055879034349783216}. Best is trial 0 with value: 0.11160250753164291.
[I 2023-12-26 17:23:56,446] Trial 24 finished with value: 3.202935218811035 and parameters: {'gradient_clip_val': 0.7737606685281468, 'hidden_size': 23, 'dropout': 0.38521101736427743, 'hidden_continuous_size': 11, 'attention_head_size': 2, 'learning_rate': 0.012558793742645286}. Best is trial 0 with value: 0.11160250753164291.
[I 2023-12-26 17:23:58,464] Trial 25 finished with value: 4.04965353012085 and parameters: {'gradient_clip_val': 0.631545726350897, 'hidden_size': 10, 'dropout': 0.4555895786754608, 'hidden_continuous_size': 7, 'attention_head_size': 3, 'learning_rate': 0.02219649225343756}. Best is trial 0 with value: 0.11160250753164291.
[I 2023-12-26 17:24:05,263] Trial 26 finished with value: 3.3917009830474854 and parameters: {'gradient_clip_val': 0.8301962240668636, 'hidden_size': 104, 'dropout': 0.35197034591116927, 'hidden_continuous_size': 18, 'attention_head_size': 2, 'learning_rate': 0.007642790608635305}. Best is trial 0 with value: 0.11160250753164291.
[I 2023-12-26 17:24:08,029] Trial 27 finished with value: 3.377883195877075 and parameters: {'gradient_clip_val': 0.6580897512847701, 'hidden_size': 38, 'dropout': 0.4159889912501416, 'hidden_continuous_size': 14, 'attention_head_size': 1, 'learning_rate': 0.014810396852453044}. Best is trial 0 with value: 0.11160250753164291.
[I 2023-12-26 17:24:09,976] Trial 28 finished with value: 2.955350875854492 and parameters: {'gradient_clip_val': 0.8583796517212395, 'hidden_size': 9, 'dropout': 0.3806800540861631, 'hidden_continuous_size': 7, 'attention_head_size': 2, 'learning_rate': 0.003813970890678505}. Best is trial 0 with value: 0.11160250753164291.
[I 2023-12-26 17:24:14,500] Trial 29 finished with value: 2.8281800746917725 and parameters: {'gradient_clip_val': 0.7201800205494462, 'hidden_size': 77, 'dropout': 0.3280240275657931, 'hidden_continuous_size': 22, 'attention_head_size': 3, 'learning_rate': 0.03073959182239676}. Best is trial 0 with value: 0.11160250753164291.
[I 2023-12-26 17:24:21,641] Trial 30 finished with value: 3.838236093521118 and parameters: {'gradient_clip_val': 0.860623305631918, 'hidden_size': 120, 'dropout': 0.34908131162656164, 'hidden_continuous_size': 30, 'attention_head_size': 1, 'learning_rate': 0.0016804607835065957}. Best is trial 0 with value: 0.11160250753164291.
[I 2023-12-26 17:24:23,405] Trial 31 finished with value: 4.151970863342285 and parameters: {'gradient_clip_val': 0.5124492083265584, 'hidden_size': 5, 'dropout': 0.369469462360929, 'hidden_continuous_size': 5, 'attention_head_size': 4, 'learning_rate': 0.04746109042909019}. Best is trial 0 with value: 0.11160250753164291.
[I 2023-12-26 17:24:25,438] Trial 32 finished with value: 3.2189619541168213 and parameters: {'gradient_clip_val': 0.5311025479025225, 'hidden_size': 10, 'dropout': 0.2916124508484112, 'hidden_continuous_size': 6, 'attention_head_size': 4, 'learning_rate': 0.043209047136785854}. Best is trial 0 with value: 0.11160250753164291.
[I 2023-12-26 17:24:27,367] Trial 33 finished with value: 4.731826305389404 and parameters: {'gradient_clip_val': 0.5945039977386236, 'hidden_size': 7, 'dropout': 0.4308724751863222, 'hidden_continuous_size': 5, 'attention_head_size': 4, 'learning_rate': 0.06132991225925572}. Best is trial 0 with value: 0.11160250753164291.
[I 2023-12-26 17:24:29,333] Trial 34 finished with value: 3.0902836322784424 and parameters: {'gradient_clip_val': 0.4485249311521494, 'hidden_size': 5, 'dropout': 0.4621170509670804, 'hidden_continuous_size': 5, 'attention_head_size': 2, 'learning_rate': 0.02843592047723145}. Best is trial 0 with value: 0.11160250753164291.
[I 2023-12-26 17:24:35,225] Trial 35 finished with value: 2.7952003479003906 and parameters: {'gradient_clip_val': 0.7178193389915144, 'hidden_size': 89, 'dropout': 0.397993092430199, 'hidden_continuous_size': 25, 'attention_head_size': 3, 'learning_rate': 0.01378756798054318}. Best is trial 0 with value: 0.11160250753164291.
[I 2023-12-26 17:24:37,881] Trial 36 finished with value: 3.654607057571411 and parameters: {'gradient_clip_val': 0.6277806077356215, 'hidden_size': 13, 'dropout': 0.33393367336371327, 'hidden_continuous_size': 9, 'attention_head_size': 4, 'learning_rate': 0.008330186621433762}. Best is trial 0 with value: 0.11160250753164291.
[I 2023-12-26 17:24:40,259] Trial 37 finished with value: 2.930379629135132 and parameters: {'gradient_clip_val': 0.3602715624889157, 'hidden_size': 7, 'dropout': 0.49785521912322006, 'hidden_continuous_size': 5, 'attention_head_size': 2, 'learning_rate': 0.07636197120969723}. Best is trial 0 with value: 0.11160250753164291.
[I 2023-12-26 17:24:43,409] Trial 38 finished with value: 3.669104814529419 and parameters: {'gradient_clip_val': 0.2656751495876895, 'hidden_size': 27, 'dropout': 0.36203714912551055, 'hidden_continuous_size': 13, 'attention_head_size': 1, 'learning_rate': 0.03861121142243148}. Best is trial 0 with value: 0.11160250753164291.
[I 2023-12-26 17:24:52,756] Trial 39 finished with value: 4.137060165405273 and parameters: {'gradient_clip_val': 0.8994521768659864, 'hidden_size': 116, 'dropout': 0.2533378558021296, 'hidden_continuous_size': 10, 'attention_head_size': 2, 'learning_rate': 0.06121989866001577}. Best is trial 0 with value: 0.11160250753164291.
[I 2023-12-26 17:24:54,908] Trial 40 finished with value: 3.6521241664886475 and parameters: {'gradient_clip_val': 0.7354829706757731, 'hidden_size': 6, 'dropout': 0.406612241547582, 'hidden_continuous_size': 5, 'attention_head_size': 3, 'learning_rate': 0.009225926067295415}. Best is trial 0 with value: 0.11160250753164291.
[I 2023-12-26 17:24:58,326] Trial 41 finished with value: 3.047093152999878 and parameters: {'gradient_clip_val': 0.17644033073519627, 'hidden_size': 37, 'dropout': 0.22643474192279078, 'hidden_continuous_size': 19, 'attention_head_size': 1, 'learning_rate': 0.08421387592663486}. Best is trial 0 with value: 0.11160250753164291.
[I 2023-12-26 17:25:01,451] Trial 42 finished with value: 3.3950698375701904 and parameters: {'gradient_clip_val': 0.19268995859108454, 'hidden_size': 56, 'dropout': 0.12575141826601088, 'hidden_continuous_size': 15, 'attention_head_size': 1, 'learning_rate': 0.08803941598742188}. Best is trial 0 with value: 0.11160250753164291.
