[I 2023-12-16 11:35:22,568] Trial 44 finished with value: 3.6163692474365234 and parameters: {'gradient_clip_val': 0.23411364825684375, 'hidden_size': 24, 'dropout': 0.23169771284762805, 'hidden_continuous_size': 15, 'attention_head_size': 4, 'learning_rate': 0.008685140122187057}. Best is trial 43 with value: 2.179351806640625.
LOCAL_RANK: 0 - CUDA_VISIBLE_DEVICES: [0]
[I 2023-12-16 11:36:08,854] Trial 45 finished with value: 2.876293897628784 and parameters: {'gradient_clip_val': 0.27124270729238514, 'hidden_size': 13, 'dropout': 0.17990726173021968, 'hidden_continuous_size': 7, 'attention_head_size': 4, 'learning_rate': 0.005965694372325104}. Best is trial 43 with value: 2.179351806640625.
LOCAL_RANK: 0 - CUDA_VISIBLE_DEVICES: [0]
[I 2023-12-16 11:36:56,600] Trial 46 finished with value: 3.707733154296875 and parameters: {'gradient_clip_val': 0.3051919429734952, 'hidden_size': 17, 'dropout': 0.2197307625322352, 'hidden_continuous_size': 10, 'attention_head_size': 4, 'learning_rate': 0.014342970660051739}. Best is trial 43 with value: 2.179351806640625.
LOCAL_RANK: 0 - CUDA_VISIBLE_DEVICES: [0]
[I 2023-12-16 11:37:42,935] Trial 47 finished with value: 2.3467419147491455 and parameters: {'gradient_clip_val': 0.17799366879409484, 'hidden_size': 14, 'dropout': 0.26832701493719197, 'hidden_continuous_size': 6, 'attention_head_size': 4, 'learning_rate': 0.00427810973505484}. Best is trial 43 with value: 2.179351806640625.
LOCAL_RANK: 0 - CUDA_VISIBLE_DEVICES: [0]
[I 2023-12-16 11:38:29,188] Trial 48 finished with value: 3.376155138015747 and parameters: {'gradient_clip_val': 0.13261904755290255, 'hidden_size': 14, 'dropout': 0.23237923914994724, 'hidden_continuous_size': 7, 'attention_head_size': 4, 'learning_rate': 0.0022588805167285354}. Best is trial 43 with value: 2.179351806640625.
LOCAL_RANK: 0 - CUDA_VISIBLE_DEVICES: [0]
[I 2023-12-16 11:39:15,644] Trial 49 finished with value: 3.2013790607452393 and parameters: {'gradient_clip_val': 0.17462004736034747, 'hidden_size': 11, 'dropout': 0.27197385657752576, 'hidden_continuous_size': 8, 'attention_head_size': 4, 'learning_rate': 0.004280585333579514}. Best is trial 43 with value: 2.179351806640625.
[I 2023-12-16 11:39:15,739] A new study created in memory with name: no-name-1e659e14-8c83-4c3c-893c-13f62a7847cb
/home/le004/conda/anaconda3/envs/tsff_env/lib/python3.9/site-packages/lightning/fabric/plugins/environments/slurm.py:191: The `srun` command is available on your system but is not used. HINT: If your intention is to run Lightning on SLURM, prepend your python command with `srun` like so: srun python /home/le004/master_thesis/git/TSFusionForecast/code/ ...
LOCAL_RANK: 0 - CUDA_VISIBLE_DEVICES: [0]
[I 2023-12-16 11:40:06,806] Trial 0 finished with value: 28.00811767578125 and parameters: {'gradient_clip_val': 0.5100928647652775, 'hidden_size': 40, 'dropout': 0.2686068707895058, 'hidden_continuous_size': 21, 'attention_head_size': 2, 'learning_rate': 0.012887585886698683}. Best is trial 0 with value: 28.00811767578125.
LOCAL_RANK: 0 - CUDA_VISIBLE_DEVICES: [0]
[I 2023-12-16 11:40:40,923] Trial 1 finished with value: 30.326080322265625 and parameters: {'gradient_clip_val': 0.2264027775942617, 'hidden_size': 6, 'dropout': 0.3433233504086153, 'hidden_continuous_size': 6, 'attention_head_size': 3, 'learning_rate': 0.0016165233284419864}. Best is trial 0 with value: 28.00811767578125.
LOCAL_RANK: 0 - CUDA_VISIBLE_DEVICES: [0]
[I 2023-12-16 11:41:33,782] Trial 2 finished with value: 30.942983627319336 and parameters: {'gradient_clip_val': 0.29843668782783517, 'hidden_size': 61, 'dropout': 0.14744756290107444, 'hidden_continuous_size': 15, 'attention_head_size': 1, 'learning_rate': 0.05168649620596815}. Best is trial 0 with value: 28.00811767578125.
LOCAL_RANK: 0 - CUDA_VISIBLE_DEVICES: [0]
[I 2023-12-16 11:42:18,199] Trial 3 finished with value: 16.055217742919922 and parameters: {'gradient_clip_val': 0.2755969871791315, 'hidden_size': 16, 'dropout': 0.3819350369258231, 'hidden_continuous_size': 7, 'attention_head_size': 1, 'learning_rate': 0.002340656178352191}. Best is trial 3 with value: 16.055217742919922.
LOCAL_RANK: 0 - CUDA_VISIBLE_DEVICES: [0]
[I 2023-12-16 11:43:10,365] Trial 4 finished with value: 35.2661018371582 and parameters: {'gradient_clip_val': 0.152348812536865, 'hidden_size': 72, 'dropout': 0.24183047452727455, 'hidden_continuous_size': 12, 'attention_head_size': 1, 'learning_rate': 0.033613439259580005}. Best is trial 3 with value: 16.055217742919922.
LOCAL_RANK: 0 - CUDA_VISIBLE_DEVICES: [0]
[I 2023-12-16 11:43:59,909] Trial 5 finished with value: 21.7454891204834 and parameters: {'gradient_clip_val': 0.6751719388537932, 'hidden_size': 25, 'dropout': 0.2796247225524587, 'hidden_continuous_size': 19, 'attention_head_size': 3, 'learning_rate': 0.0036231306367607214}. Best is trial 3 with value: 16.055217742919922.
LOCAL_RANK: 0 - CUDA_VISIBLE_DEVICES: [0]
[I 2023-12-16 11:44:51,762] Trial 6 finished with value: 30.23797607421875 and parameters: {'gradient_clip_val': 0.1148841014423189, 'hidden_size': 34, 'dropout': 0.18308750635066162, 'hidden_continuous_size': 28, 'attention_head_size': 1, 'learning_rate': 0.006082404889151475}. Best is trial 3 with value: 16.055217742919922.
LOCAL_RANK: 0 - CUDA_VISIBLE_DEVICES: [0]
[I 2023-12-16 11:45:39,226] Trial 7 finished with value: 30.768814086914062 and parameters: {'gradient_clip_val': 0.17836195100047234, 'hidden_size': 21, 'dropout': 0.39984441274851845, 'hidden_continuous_size': 7, 'attention_head_size': 1, 'learning_rate': 0.03221314735894597}. Best is trial 3 with value: 16.055217742919922.
LOCAL_RANK: 0 - CUDA_VISIBLE_DEVICES: [0]
[I 2023-12-16 11:46:13,152] Trial 8 finished with value: 28.75543785095215 and parameters: {'gradient_clip_val': 0.25912416857594384, 'hidden_size': 6, 'dropout': 0.34228485354519067, 'hidden_continuous_size': 6, 'attention_head_size': 1, 'learning_rate': 0.0006857678660424074}. Best is trial 3 with value: 16.055217742919922.
LOCAL_RANK: 0 - CUDA_VISIBLE_DEVICES: [0]
[I 2023-12-16 11:47:08,981] Trial 9 finished with value: 21.643510818481445 and parameters: {'gradient_clip_val': 0.10550604587146477, 'hidden_size': 98, 'dropout': 0.35322509772103794, 'hidden_continuous_size': 24, 'attention_head_size': 3, 'learning_rate': 0.0020596047006296576}. Best is trial 3 with value: 16.055217742919922.
LOCAL_RANK: 0 - CUDA_VISIBLE_DEVICES: [0]
[I 2023-12-16 11:47:54,909] Trial 10 finished with value: 22.076217651367188 and parameters: {'gradient_clip_val': 0.4168489882292298, 'hidden_size': 14, 'dropout': 0.39682800346000957, 'hidden_continuous_size': 5, 'attention_head_size': 4, 'learning_rate': 0.0008114879198151232}. Best is trial 3 with value: 16.055217742919922.
LOCAL_RANK: 0 - CUDA_VISIBLE_DEVICES: [0]
[I 2023-12-16 11:48:51,161] Trial 11 finished with value: 24.136213302612305 and parameters: {'gradient_clip_val': 0.12788441219396596, 'hidden_size': 93, 'dropout': 0.3358140897589846, 'hidden_continuous_size': 59, 'attention_head_size': 2, 'learning_rate': 0.002040176825087598}. Best is trial 3 with value: 16.055217742919922.
LOCAL_RANK: 0 - CUDA_VISIBLE_DEVICES: [0]
[I 2023-12-16 11:49:37,667] Trial 12 finished with value: 14.882054328918457 and parameters: {'gradient_clip_val': 0.10303894802771808, 'hidden_size': 15, 'dropout': 0.3650483119848119, 'hidden_continuous_size': 8, 'attention_head_size': 4, 'learning_rate': 0.0026520601799365482}. Best is trial 12 with value: 14.882054328918457.
LOCAL_RANK: 0 - CUDA_VISIBLE_DEVICES: [0]
[I 2023-12-16 11:50:22,678] Trial 13 finished with value: 20.42017364501953 and parameters: {'gradient_clip_val': 0.2042540525521718, 'hidden_size': 12, 'dropout': 0.30007223130130334, 'hidden_continuous_size': 7, 'attention_head_size': 4, 'learning_rate': 0.007427539324663423}. Best is trial 12 with value: 14.882054328918457.
LOCAL_RANK: 0 - CUDA_VISIBLE_DEVICES: [0]
[I 2023-12-16 11:51:06,705] Trial 14 finished with value: 18.9530029296875 and parameters: {'gradient_clip_val': 0.9244879395496943, 'hidden_size': 12, 'dropout': 0.38072685952429847, 'hidden_continuous_size': 8, 'attention_head_size': 2, 'learning_rate': 0.0037625670695180594}. Best is trial 12 with value: 14.882054328918457.
LOCAL_RANK: 0 - CUDA_VISIBLE_DEVICES: [0]
[I 2023-12-16 11:51:54,076] Trial 15 finished with value: 20.601743698120117 and parameters: {'gradient_clip_val': 0.15531445021819823, 'hidden_size': 17, 'dropout': 0.3206160495516362, 'hidden_continuous_size': 9, 'attention_head_size': 4, 'learning_rate': 0.0011936738367633378}. Best is trial 12 with value: 14.882054328918457.
LOCAL_RANK: 0 - CUDA_VISIBLE_DEVICES: [0]
[I 2023-12-16 11:52:40,036] Trial 16 finished with value: 23.795867919921875 and parameters: {'gradient_clip_val': 0.35189823017056976, 'hidden_size': 9, 'dropout': 0.36628321658346785, 'hidden_continuous_size': 5, 'attention_head_size': 3, 'learning_rate': 0.0005200763711314208}. Best is trial 12 with value: 14.882054328918457.
LOCAL_RANK: 0 - CUDA_VISIBLE_DEVICES: [0]
[I 2023-12-16 11:53:24,838] Trial 17 finished with value: 23.41945457458496 and parameters: {'gradient_clip_val': 0.10121303106965202, 'hidden_size': 9, 'dropout': 0.3101785243553865, 'hidden_continuous_size': 6, 'attention_head_size': 2, 'learning_rate': 0.0010730599030100364}. Best is trial 12 with value: 14.882054328918457.
LOCAL_RANK: 0 - CUDA_VISIBLE_DEVICES: [0]
[I 2023-12-16 11:54:14,226] Trial 18 finished with value: 14.303048133850098 and parameters: {'gradient_clip_val': 0.24234613040772068, 'hidden_size': 22, 'dropout': 0.3627078146441416, 'hidden_continuous_size': 9, 'attention_head_size': 4, 'learning_rate': 0.0025733578196440957}. Best is trial 18 with value: 14.303048133850098.
LOCAL_RANK: 0 - CUDA_VISIBLE_DEVICES: [0]
[I 2023-12-16 11:55:03,898] Trial 19 finished with value: 31.1909236907959 and parameters: {'gradient_clip_val': 0.14053490684153683, 'hidden_size': 26, 'dropout': 0.23726490824945284, 'hidden_continuous_size': 10, 'attention_head_size': 4, 'learning_rate': 0.011717818792360635}. Best is trial 18 with value: 14.303048133850098.
LOCAL_RANK: 0 - CUDA_VISIBLE_DEVICES: [0]
[I 2023-12-16 11:55:51,461] Trial 20 finished with value: 12.53801441192627 and parameters: {'gradient_clip_val': 0.19803474958646644, 'hidden_size': 20, 'dropout': 0.3670673642941241, 'hidden_continuous_size': 9, 'attention_head_size': 4, 'learning_rate': 0.0036719867156794163}. Best is trial 20 with value: 12.53801441192627.
LOCAL_RANK: 0 - CUDA_VISIBLE_DEVICES: [0]
[I 2023-12-16 11:56:40,933] Trial 21 finished with value: 15.08063793182373 and parameters: {'gradient_clip_val': 0.1943301177828405, 'hidden_size': 21, 'dropout': 0.364391635803494, 'hidden_continuous_size': 9, 'attention_head_size': 4, 'learning_rate': 0.003541252895446728}. Best is trial 20 with value: 12.53801441192627.
LOCAL_RANK: 0 - CUDA_VISIBLE_DEVICES: [0]
[I 2023-12-16 11:57:30,653] Trial 22 finished with value: 13.986381530761719 and parameters: {'gradient_clip_val': 0.23599218813796805, 'hidden_size': 31, 'dropout': 0.3612755676883203, 'hidden_continuous_size': 11, 'attention_head_size': 4, 'learning_rate': 0.001255304520912769}. Best is trial 20 with value: 12.53801441192627.
LOCAL_RANK: 0 - CUDA_VISIBLE_DEVICES: [0]
[I 2023-12-16 11:58:20,792] Trial 23 finished with value: 13.252456665039062 and parameters: {'gradient_clip_val': 0.21758626734956357, 'hidden_size': 33, 'dropout': 0.323797881279548, 'hidden_continuous_size': 11, 'attention_head_size': 4, 'learning_rate': 0.0012610358741844592}. Best is trial 20 with value: 12.53801441192627.
LOCAL_RANK: 0 - CUDA_VISIBLE_DEVICES: [0]
[I 2023-12-16 11:59:12,615] Trial 24 finished with value: 13.003987312316895 and parameters: {'gradient_clip_val': 0.19036591810791784, 'hidden_size': 39, 'dropout': 0.3215712713314849, 'hidden_continuous_size': 12, 'attention_head_size': 3, 'learning_rate': 0.0013003426628419707}. Best is trial 20 with value: 12.53801441192627.
LOCAL_RANK: 0 - CUDA_VISIBLE_DEVICES: [0]
[I 2023-12-16 12:00:04,520] Trial 25 finished with value: 23.769805908203125 and parameters: {'gradient_clip_val': 0.17144887842097123, 'hidden_size': 44, 'dropout': 0.32263446865113865, 'hidden_continuous_size': 13, 'attention_head_size': 3, 'learning_rate': 0.0008985713060326018}. Best is trial 20 with value: 12.53801441192627.
LOCAL_RANK: 0 - CUDA_VISIBLE_DEVICES: [0]
[I 2023-12-16 12:00:57,440] Trial 26 finished with value: 19.276845932006836 and parameters: {'gradient_clip_val': 0.1992285548199613, 'hidden_size': 51, 'dropout': 0.3021809436495688, 'hidden_continuous_size': 13, 'attention_head_size': 3, 'learning_rate': 0.0005593016606117487}. Best is trial 20 with value: 12.53801441192627.
LOCAL_RANK: 0 - CUDA_VISIBLE_DEVICES: [0]
[I 2023-12-16 12:01:47,108] Trial 27 finished with value: 14.32262134552002 and parameters: {'gradient_clip_val': 0.16993735389274126, 'hidden_size': 31, 'dropout': 0.33040365618899104, 'hidden_continuous_size': 11, 'attention_head_size': 3, 'learning_rate': 0.0015877667236297052}. Best is trial 20 with value: 12.53801441192627.
LOCAL_RANK: 0 - CUDA_VISIBLE_DEVICES: [0]
[I 2023-12-16 12:02:39,364] Trial 28 finished with value: 16.597694396972656 and parameters: {'gradient_clip_val': 0.3235546525804563, 'hidden_size': 39, 'dropout': 0.28762001688145367, 'hidden_continuous_size': 14, 'attention_head_size': 4, 'learning_rate': 0.0008301325195996885}. Best is trial 20 with value: 12.53801441192627.
LOCAL_RANK: 0 - CUDA_VISIBLE_DEVICES: [0]
[I 2023-12-16 12:03:31,168] Trial 29 finished with value: 12.477324485778809 and parameters: {'gradient_clip_val': 0.13380296823615087, 'hidden_size': 40, 'dropout': 0.26131574698350213, 'hidden_continuous_size': 16, 'attention_head_size': 3, 'learning_rate': 0.0013159795957853636}. Best is trial 29 with value: 12.477324485778809.
LOCAL_RANK: 0 - CUDA_VISIBLE_DEVICES: [0]
[I 2023-12-16 12:04:23,644] Trial 30 finished with value: 27.56537437438965 and parameters: {'gradient_clip_val': 0.1384091565887246, 'hidden_size': 42, 'dropout': 0.262307739284368, 'hidden_continuous_size': 15, 'attention_head_size': 2, 'learning_rate': 0.005225166818082317}. Best is trial 29 with value: 12.477324485778809.
LOCAL_RANK: 0 - CUDA_VISIBLE_DEVICES: [0]
[I 2023-12-16 12:05:16,804] Trial 31 finished with value: 20.505277633666992 and parameters: {'gradient_clip_val': 0.2094702614472187, 'hidden_size': 51, 'dropout': 0.26156088002756805, 'hidden_continuous_size': 17, 'attention_head_size': 3, 'learning_rate': 0.0014589313044489026}. Best is trial 29 with value: 12.477324485778809.
LOCAL_RANK: 0 - CUDA_VISIBLE_DEVICES: [0]
[I 2023-12-16 12:06:07,127] Trial 32 finished with value: 20.93456268310547 and parameters: {'gradient_clip_val': 0.1284691560302217, 'hidden_size': 35, 'dropout': 0.31636443677985704, 'hidden_continuous_size': 11, 'attention_head_size': 3, 'learning_rate': 0.0016355120240093858}. Best is trial 29 with value: 12.477324485778809.
LOCAL_RANK: 0 - CUDA_VISIBLE_DEVICES: [0]
[I 2023-12-16 12:06:55,587] Trial 33 finished with value: 14.205838203430176 and parameters: {'gradient_clip_val': 0.22801084726050755, 'hidden_size': 28, 'dropout': 0.2895478188296918, 'hidden_continuous_size': 10, 'attention_head_size': 3, 'learning_rate': 0.0010147334834341535}. Best is trial 29 with value: 12.477324485778809.
LOCAL_RANK: 0 - CUDA_VISIBLE_DEVICES: [0]
[I 2023-12-16 12:07:48,897] Trial 34 finished with value: 12.651484489440918 and parameters: {'gradient_clip_val': 0.17983067201467778, 'hidden_size': 41, 'dropout': 0.33981154823100024, 'hidden_continuous_size': 16, 'attention_head_size': 4, 'learning_rate': 0.0016654468184435151}. Best is trial 29 with value: 12.477324485778809.
LOCAL_RANK: 0 - CUDA_VISIBLE_DEVICES: [0]
[I 2023-12-16 12:08:41,762] Trial 35 finished with value: 12.754887580871582 and parameters: {'gradient_clip_val': 0.17616809050914975, 'hidden_size': 56, 'dropout': 0.3478051570086345, 'hidden_continuous_size': 17, 'attention_head_size': 3, 'learning_rate': 0.0017929415382038707}. Best is trial 29 with value: 12.477324485778809.
LOCAL_RANK: 0 - CUDA_VISIBLE_DEVICES: [0]
[I 2023-12-16 12:09:36,208] Trial 36 finished with value: 23.419225692749023 and parameters: {'gradient_clip_val': 0.15596385920721048, 'hidden_size': 65, 'dropout': 0.3434585481090229, 'hidden_continuous_size': 17, 'attention_head_size': 4, 'learning_rate': 0.0019076871090558025}. Best is trial 29 with value: 12.477324485778809.
LOCAL_RANK: 0 - CUDA_VISIBLE_DEVICES: [0]
[I 2023-12-16 12:10:29,474] Trial 37 finished with value: 22.12225914001465 and parameters: {'gradient_clip_val': 0.12067133778932702, 'hidden_size': 53, 'dropout': 0.38203450930367167, 'hidden_continuous_size': 20, 'attention_head_size': 3, 'learning_rate': 0.003040770321786285}. Best is trial 29 with value: 12.477324485778809.
LOCAL_RANK: 0 - CUDA_VISIBLE_DEVICES: [0]
[I 2023-12-16 12:11:23,739] Trial 38 finished with value: 19.510889053344727 and parameters: {'gradient_clip_val': 0.16780000902497716, 'hidden_size': 71, 'dropout': 0.34171920045722437, 'hidden_continuous_size': 23, 'attention_head_size': 4, 'learning_rate': 0.0021692350043580368}. Best is trial 29 with value: 12.477324485778809.
LOCAL_RANK: 0 - CUDA_VISIBLE_DEVICES: [0]
[I 2023-12-16 12:12:17,111] Trial 39 finished with value: 30.279638290405273 and parameters: {'gradient_clip_val': 0.28520457039209773, 'hidden_size': 58, 'dropout': 0.23045330052069748, 'hidden_continuous_size': 15, 'attention_head_size': 2, 'learning_rate': 0.0046694699984166825}. Best is trial 29 with value: 12.477324485778809.
LOCAL_RANK: 0 - CUDA_VISIBLE_DEVICES: [0]
[I 2023-12-16 12:13:09,783] Trial 40 finished with value: 16.21994972229004 and parameters: {'gradient_clip_val': 0.1430244990059404, 'hidden_size': 45, 'dropout': 0.27348421972372366, 'hidden_continuous_size': 17, 'attention_head_size': 3, 'learning_rate': 0.003103650252807668}. Best is trial 29 with value: 12.477324485778809.
LOCAL_RANK: 0 - CUDA_VISIBLE_DEVICES: [0]
[I 2023-12-16 12:14:01,002] Trial 41 finished with value: 13.183871269226074 and parameters: {'gradient_clip_val': 0.18854363506506924, 'hidden_size': 37, 'dropout': 0.34945782064375586, 'hidden_continuous_size': 13, 'attention_head_size': 3, 'learning_rate': 0.0016194800758688103}. Best is trial 29 with value: 12.477324485778809.
LOCAL_RANK: 0 - CUDA_VISIBLE_DEVICES: [0]
[I 2023-12-16 12:14:53,416] Trial 42 finished with value: 19.861974716186523 and parameters: {'gradient_clip_val': 0.18162712262340266, 'hidden_size': 45, 'dropout': 0.3357342978968752, 'hidden_continuous_size': 16, 'attention_head_size': 3, 'learning_rate': 0.0006701352413633046}. Best is trial 29 with value: 12.477324485778809.
LOCAL_RANK: 0 - CUDA_VISIBLE_DEVICES: [0]
[I 2023-12-16 12:15:45,343] Trial 43 finished with value: 24.43731689453125 and parameters: {'gradient_clip_val': 0.2559009039916879, 'hidden_size': 40, 'dropout': 0.29782963333500223, 'hidden_continuous_size': 19, 'attention_head_size': 3, 'learning_rate': 0.0025587457214362205}. Best is trial 29 with value: 12.477324485778809.
LOCAL_RANK: 0 - CUDA_VISIBLE_DEVICES: [0]
[I 2023-12-16 12:16:38,944] Trial 44 finished with value: 23.97760772705078 and parameters: {'gradient_clip_val': 0.15727197369092966, 'hidden_size': 59, 'dropout': 0.3498059925026445, 'hidden_continuous_size': 14, 'attention_head_size': 4, 'learning_rate': 0.002012021064033424}. Best is trial 29 with value: 12.477324485778809.
LOCAL_RANK: 0 - CUDA_VISIBLE_DEVICES: [0]
[I 2023-12-16 12:17:33,203] Trial 45 finished with value: 23.24004364013672 and parameters: {'gradient_clip_val': 0.18641517093570067, 'hidden_size': 78, 'dropout': 0.31270832462475473, 'hidden_continuous_size': 22, 'attention_head_size': 3, 'learning_rate': 0.0014782526618108028}. Best is trial 29 with value: 12.477324485778809.
LOCAL_RANK: 0 - CUDA_VISIBLE_DEVICES: [0]
[I 2023-12-16 12:18:24,303] Trial 46 finished with value: 19.787378311157227 and parameters: {'gradient_clip_val': 0.22069306196769822, 'hidden_size': 36, 'dropout': 0.32682004975694023, 'hidden_continuous_size': 18, 'attention_head_size': 2, 'learning_rate': 0.001116092369303915}. Best is trial 29 with value: 12.477324485778809.
LOCAL_RANK: 0 - CUDA_VISIBLE_DEVICES: [0]
[I 2023-12-16 12:19:13,580] Trial 47 finished with value: 16.82000160217285 and parameters: {'gradient_clip_val': 0.12164629152736212, 'hidden_size': 29, 'dropout': 0.3841198709398316, 'hidden_continuous_size': 12, 'attention_head_size': 3, 'learning_rate': 0.000745983529352435}. Best is trial 29 with value: 12.477324485778809.
LOCAL_RANK: 0 - CUDA_VISIBLE_DEVICES: [0]
[I 2023-12-16 12:20:03,575] Trial 48 finished with value: 14.369154930114746 and parameters: {'gradient_clip_val': 0.2619456707142394, 'hidden_size': 26, 'dropout': 0.33336381049269076, 'hidden_continuous_size': 16, 'attention_head_size': 4, 'learning_rate': 0.002322905047877657}. Best is trial 29 with value: 12.477324485778809.
LOCAL_RANK: 0 - CUDA_VISIBLE_DEVICES: [0]
[I 2023-12-16 12:20:56,070] Trial 49 finished with value: 14.95968246459961 and parameters: {'gradient_clip_val': 0.11133498017790132, 'hidden_size': 48, 'dropout': 0.37250446914545854, 'hidden_continuous_size': 20, 'attention_head_size': 3, 'learning_rate': 0.001021327939891012}. Best is trial 29 with value: 12.477324485778809.
[I 2023-12-16 12:20:56,162] A new study created in memory with name: no-name-d38653f0-a001-44a2-97ae-3d28b8b8fb20
/home/le004/conda/anaconda3/envs/tsff_env/lib/python3.9/site-packages/lightning/fabric/plugins/environments/slurm.py:191: The `srun` command is available on your system but is not used. HINT: If your intention is to run Lightning on SLURM, prepend your python command with `srun` like so: srun python /home/le004/master_thesis/git/TSFusionForecast/code/ ...
LOCAL_RANK: 0 - CUDA_VISIBLE_DEVICES: [0]
