[I 2023-12-16 07:51:21,949] Trial 39 finished with value: 0.08703688532114029 and parameters: {'gradient_clip_val': 0.11255846311146789, 'hidden_size': 50, 'dropout': 0.3851025739839045, 'hidden_continuous_size': 15, 'attention_head_size': 2, 'learning_rate': 0.01963829156927217}. Best is trial 14 with value: 0.04630167409777641.
LOCAL_RANK: 0 - CUDA_VISIBLE_DEVICES: [0]
[I 2023-12-16 07:52:11,263] Trial 40 finished with value: 0.04932771995663643 and parameters: {'gradient_clip_val': 0.17199253929942257, 'hidden_size': 35, 'dropout': 0.3358602600484969, 'hidden_continuous_size': 5, 'attention_head_size': 2, 'learning_rate': 0.04592587952689532}. Best is trial 14 with value: 0.04630167409777641.
LOCAL_RANK: 0 - CUDA_VISIBLE_DEVICES: [0]
[I 2023-12-16 07:52:59,443] Trial 41 finished with value: 0.058053676038980484 and parameters: {'gradient_clip_val': 0.17174062845331697, 'hidden_size': 36, 'dropout': 0.3098790471675714, 'hidden_continuous_size': 5, 'attention_head_size': 2, 'learning_rate': 0.05001222631682559}. Best is trial 14 with value: 0.04630167409777641.
LOCAL_RANK: 0 - CUDA_VISIBLE_DEVICES: [0]
[I 2023-12-16 07:53:48,190] Trial 42 finished with value: 0.06179063394665718 and parameters: {'gradient_clip_val': 0.19533570966417857, 'hidden_size': 30, 'dropout': 0.3634674645814576, 'hidden_continuous_size': 6, 'attention_head_size': 2, 'learning_rate': 0.0508319255825603}. Best is trial 14 with value: 0.04630167409777641.
LOCAL_RANK: 0 - CUDA_VISIBLE_DEVICES: [0]
[I 2023-12-16 07:54:38,168] Trial 43 finished with value: 0.12629590928554535 and parameters: {'gradient_clip_val': 0.17535306933923098, 'hidden_size': 42, 'dropout': 0.3372985553015409, 'hidden_continuous_size': 5, 'attention_head_size': 2, 'learning_rate': 0.06377881070658396}. Best is trial 14 with value: 0.04630167409777641.
LOCAL_RANK: 0 - CUDA_VISIBLE_DEVICES: [0]
[I 2023-12-16 07:55:26,177] Trial 44 finished with value: 0.0743543729186058 and parameters: {'gradient_clip_val': 0.22047383807677529, 'hidden_size': 24, 'dropout': 0.38095336075693464, 'hidden_continuous_size': 11, 'attention_head_size': 2, 'learning_rate': 0.03173008580235685}. Best is trial 14 with value: 0.04630167409777641.
LOCAL_RANK: 0 - CUDA_VISIBLE_DEVICES: [0]
[I 2023-12-16 07:56:16,460] Trial 45 finished with value: 0.09830206632614136 and parameters: {'gradient_clip_val': 0.19777561035195143, 'hidden_size': 56, 'dropout': 0.32639815396070065, 'hidden_continuous_size': 6, 'attention_head_size': 2, 'learning_rate': 0.03770158372486757}. Best is trial 14 with value: 0.04630167409777641.
LOCAL_RANK: 0 - CUDA_VISIBLE_DEVICES: [0]
[I 2023-12-16 07:57:03,974] Trial 46 finished with value: 0.0725841373205185 and parameters: {'gradient_clip_val': 0.2661865553550553, 'hidden_size': 36, 'dropout': 0.35086704617244974, 'hidden_continuous_size': 5, 'attention_head_size': 1, 'learning_rate': 0.06252584159042002}. Best is trial 14 with value: 0.04630167409777641.
LOCAL_RANK: 0 - CUDA_VISIBLE_DEVICES: [0]
[I 2023-12-16 07:57:56,132] Trial 47 finished with value: 0.07339213788509369 and parameters: {'gradient_clip_val': 0.3057685779434394, 'hidden_size': 46, 'dropout': 0.27856032113499934, 'hidden_continuous_size': 7, 'attention_head_size': 3, 'learning_rate': 0.02849646356013134}. Best is trial 14 with value: 0.04630167409777641.
LOCAL_RANK: 0 - CUDA_VISIBLE_DEVICES: [0]
[I 2023-12-16 07:58:44,141] Trial 48 finished with value: 0.08023348450660706 and parameters: {'gradient_clip_val': 0.13238267482766206, 'hidden_size': 19, 'dropout': 0.25733461998468804, 'hidden_continuous_size': 8, 'attention_head_size': 3, 'learning_rate': 0.007892836084190152}. Best is trial 14 with value: 0.04630167409777641.
LOCAL_RANK: 0 - CUDA_VISIBLE_DEVICES: [0]
[I 2023-12-16 07:59:37,627] Trial 49 finished with value: 0.10735875368118286 and parameters: {'gradient_clip_val': 0.15450874086977673, 'hidden_size': 62, 'dropout': 0.30158539493969616, 'hidden_continuous_size': 18, 'attention_head_size': 2, 'learning_rate': 0.025158978464525104}. Best is trial 14 with value: 0.04630167409777641.
[I 2023-12-16 07:59:37,719] A new study created in memory with name: no-name-470f1430-66f5-4346-8820-fffe1dc6569d
/home/le004/conda/anaconda3/envs/tsff_env/lib/python3.9/site-packages/lightning/fabric/plugins/environments/slurm.py:191: The `srun` command is available on your system but is not used. HINT: If your intention is to run Lightning on SLURM, prepend your python command with `srun` like so: srun python /home/le004/master_thesis/git/TSFusionForecast/code/ ...
LOCAL_RANK: 0 - CUDA_VISIBLE_DEVICES: [0]
[I 2023-12-16 08:00:30,116] Trial 0 finished with value: 0.050290223211050034 and parameters: {'gradient_clip_val': 0.16026326935483737, 'hidden_size': 81, 'dropout': 0.3346804156099155, 'hidden_continuous_size': 6, 'attention_head_size': 2, 'learning_rate': 0.017954188834870197}. Best is trial 0 with value: 0.050290223211050034.
LOCAL_RANK: 0 - CUDA_VISIBLE_DEVICES: [0]
[I 2023-12-16 08:01:18,946] Trial 1 finished with value: 0.041101664304733276 and parameters: {'gradient_clip_val': 0.8087732084306886, 'hidden_size': 21, 'dropout': 0.3946531412267891, 'hidden_continuous_size': 17, 'attention_head_size': 2, 'learning_rate': 0.023301407439291433}. Best is trial 1 with value: 0.041101664304733276.
LOCAL_RANK: 0 - CUDA_VISIBLE_DEVICES: [0]
[I 2023-12-16 08:02:07,128] Trial 2 finished with value: 0.049343597143888474 and parameters: {'gradient_clip_val': 0.9935512934611764, 'hidden_size': 32, 'dropout': 0.28422784179604654, 'hidden_continuous_size': 7, 'attention_head_size': 2, 'learning_rate': 0.05821468966057016}. Best is trial 1 with value: 0.041101664304733276.
LOCAL_RANK: 0 - CUDA_VISIBLE_DEVICES: [0]
[I 2023-12-16 08:03:00,770] Trial 3 finished with value: 0.1805454045534134 and parameters: {'gradient_clip_val': 0.22009070973895256, 'hidden_size': 46, 'dropout': 0.38955478087043693, 'hidden_continuous_size': 34, 'attention_head_size': 4, 'learning_rate': 0.007620206848250811}. Best is trial 1 with value: 0.041101664304733276.
LOCAL_RANK: 0 - CUDA_VISIBLE_DEVICES: [0]
[I 2023-12-16 08:03:53,376] Trial 4 finished with value: 0.04936390742659569 and parameters: {'gradient_clip_val': 0.4356396433974397, 'hidden_size': 46, 'dropout': 0.35590907207599176, 'hidden_continuous_size': 10, 'attention_head_size': 2, 'learning_rate': 0.05643569211192681}. Best is trial 1 with value: 0.041101664304733276.
LOCAL_RANK: 0 - CUDA_VISIBLE_DEVICES: [0]
[I 2023-12-16 08:04:42,614] Trial 5 finished with value: 0.15699513256549835 and parameters: {'gradient_clip_val': 0.5030832296161327, 'hidden_size': 22, 'dropout': 0.28554267473748424, 'hidden_continuous_size': 19, 'attention_head_size': 2, 'learning_rate': 0.0015328522242490485}. Best is trial 1 with value: 0.041101664304733276.
LOCAL_RANK: 0 - CUDA_VISIBLE_DEVICES: [0]
[I 2023-12-16 08:05:30,996] Trial 6 finished with value: 0.07071077078580856 and parameters: {'gradient_clip_val': 0.36389864303457387, 'hidden_size': 32, 'dropout': 0.2094192680646501, 'hidden_continuous_size': 11, 'attention_head_size': 3, 'learning_rate': 0.0013341847468761243}. Best is trial 1 with value: 0.041101664304733276.
LOCAL_RANK: 0 - CUDA_VISIBLE_DEVICES: [0]
[I 2023-12-16 08:06:20,498] Trial 7 finished with value: 0.04846516251564026 and parameters: {'gradient_clip_val': 0.1203477539395277, 'hidden_size': 18, 'dropout': 0.2809674683100585, 'hidden_continuous_size': 16, 'attention_head_size': 4, 'learning_rate': 0.004438133968086118}. Best is trial 1 with value: 0.041101664304733276.
LOCAL_RANK: 0 - CUDA_VISIBLE_DEVICES: [0]
[I 2023-12-16 08:07:05,176] Trial 8 finished with value: 0.5673732161521912 and parameters: {'gradient_clip_val': 0.31024567919371154, 'hidden_size': 8, 'dropout': 0.1449188266954005, 'hidden_continuous_size': 5, 'attention_head_size': 4, 'learning_rate': 0.002870625699065597}. Best is trial 1 with value: 0.041101664304733276.
LOCAL_RANK: 0 - CUDA_VISIBLE_DEVICES: [0]
[I 2023-12-16 08:07:56,942] Trial 9 finished with value: 0.23780059814453125 and parameters: {'gradient_clip_val': 0.745798802621356, 'hidden_size': 60, 'dropout': 0.19213200268547528, 'hidden_continuous_size': 5, 'attention_head_size': 4, 'learning_rate': 0.0023614406376611875}. Best is trial 1 with value: 0.041101664304733276.
LOCAL_RANK: 0 - CUDA_VISIBLE_DEVICES: [0]
[I 2023-12-16 08:08:41,698] Trial 10 finished with value: 1.692888855934143 and parameters: {'gradient_clip_val': 0.7043699607683496, 'hidden_size': 6, 'dropout': 0.394545993512406, 'hidden_continuous_size': 5, 'attention_head_size': 1, 'learning_rate': 0.0005934831906899865}. Best is trial 1 with value: 0.041101664304733276.
LOCAL_RANK: 0 - CUDA_VISIBLE_DEVICES: [0]
[I 2023-12-16 08:09:16,421] Trial 11 finished with value: 0.05667342618107796 and parameters: {'gradient_clip_val': 0.11798710731347474, 'hidden_size': 14, 'dropout': 0.3099669662366826, 'hidden_continuous_size': 14, 'attention_head_size': 3, 'learning_rate': 0.012815763492729735}. Best is trial 1 with value: 0.041101664304733276.
LOCAL_RANK: 0 - CUDA_VISIBLE_DEVICES: [0]
[I 2023-12-16 08:10:01,475] Trial 12 finished with value: 0.477203369140625 and parameters: {'gradient_clip_val': 0.11400683555821002, 'hidden_size': 14, 'dropout': 0.24564165778399982, 'hidden_continuous_size': 8, 'attention_head_size': 1, 'learning_rate': 0.00523501382473243}. Best is trial 1 with value: 0.041101664304733276.
LOCAL_RANK: 0 - CUDA_VISIBLE_DEVICES: [0]
[I 2023-12-16 08:10:46,140] Trial 13 finished with value: 0.12311027199029922 and parameters: {'gradient_clip_val': 0.19078616713188565, 'hidden_size': 12, 'dropout': 0.3480351021960104, 'hidden_continuous_size': 6, 'attention_head_size': 3, 'learning_rate': 0.020926632675041287}. Best is trial 1 with value: 0.041101664304733276.
LOCAL_RANK: 0 - CUDA_VISIBLE_DEVICES: [0]
[I 2023-12-16 08:11:35,382] Trial 14 finished with value: 0.0455135814845562 and parameters: {'gradient_clip_val': 0.24688851961691285, 'hidden_size': 22, 'dropout': 0.2660054735604769, 'hidden_continuous_size': 16, 'attention_head_size': 3, 'learning_rate': 0.0370860775695171}. Best is trial 1 with value: 0.041101664304733276.
LOCAL_RANK: 0 - CUDA_VISIBLE_DEVICES: [0]
[I 2023-12-16 08:12:23,415] Trial 15 finished with value: 0.06066712737083435 and parameters: {'gradient_clip_val': 0.26992800377767673, 'hidden_size': 24, 'dropout': 0.1079777199538885, 'hidden_continuous_size': 19, 'attention_head_size': 3, 'learning_rate': 0.03325386289681733}. Best is trial 1 with value: 0.041101664304733276.
LOCAL_RANK: 0 - CUDA_VISIBLE_DEVICES: [0]
[I 2023-12-16 08:12:57,174] Trial 16 finished with value: 0.04442985728383064 and parameters: {'gradient_clip_val': 0.25186205597191463, 'hidden_size': 5, 'dropout': 0.2394023625290576, 'hidden_continuous_size': 5, 'attention_head_size': 1, 'learning_rate': 0.0948581590134615}. Best is trial 1 with value: 0.041101664304733276.
LOCAL_RANK: 0 - CUDA_VISIBLE_DEVICES: [0]
[I 2023-12-16 08:13:30,676] Trial 17 finished with value: 0.04617471992969513 and parameters: {'gradient_clip_val': 0.40025970698684865, 'hidden_size': 5, 'dropout': 0.2339926883560426, 'hidden_continuous_size': 5, 'attention_head_size': 1, 'learning_rate': 0.08408649183291715}. Best is trial 1 with value: 0.041101664304733276.
LOCAL_RANK: 0 - CUDA_VISIBLE_DEVICES: [0]
[I 2023-12-16 08:14:15,640] Trial 18 finished with value: 0.05674295499920845 and parameters: {'gradient_clip_val': 0.3030525490610888, 'hidden_size': 9, 'dropout': 0.30631991400931025, 'hidden_continuous_size': 6, 'attention_head_size': 1, 'learning_rate': 0.09400207947956178}. Best is trial 1 with value: 0.041101664304733276.
LOCAL_RANK: 0 - CUDA_VISIBLE_DEVICES: [0]
[I 2023-12-16 08:14:49,425] Trial 19 finished with value: 0.130975604057312 and parameters: {'gradient_clip_val': 0.4913385475651502, 'hidden_size': 5, 'dropout': 0.22332349381688077, 'hidden_continuous_size': 5, 'attention_head_size': 1, 'learning_rate': 0.010757575718972701}. Best is trial 1 with value: 0.041101664304733276.
LOCAL_RANK: 0 - CUDA_VISIBLE_DEVICES: [0]
[I 2023-12-16 08:15:33,470] Trial 20 finished with value: 0.03988649323582649 and parameters: {'gradient_clip_val': 0.343915023881941, 'hidden_size': 8, 'dropout': 0.18654397556510816, 'hidden_continuous_size': 5, 'attention_head_size': 2, 'learning_rate': 0.02988225128689402}. Best is trial 20 with value: 0.03988649323582649.
LOCAL_RANK: 0 - CUDA_VISIBLE_DEVICES: [0]
[I 2023-12-16 08:16:17,605] Trial 21 finished with value: 0.28771859407424927 and parameters: {'gradient_clip_val': 0.3752896096959754, 'hidden_size': 8, 'dropout': 0.18685710339977435, 'hidden_continuous_size': 5, 'attention_head_size': 2, 'learning_rate': 0.02638094029303277}. Best is trial 20 with value: 0.03988649323582649.
LOCAL_RANK: 0 - CUDA_VISIBLE_DEVICES: [0]
[I 2023-12-16 08:17:03,203] Trial 22 finished with value: 0.04020119458436966 and parameters: {'gradient_clip_val': 0.21392796459838492, 'hidden_size': 6, 'dropout': 0.25360364252336537, 'hidden_continuous_size': 5, 'attention_head_size': 2, 'learning_rate': 0.04152513787024764}. Best is trial 20 with value: 0.03988649323582649.
LOCAL_RANK: 0 - CUDA_VISIBLE_DEVICES: [0]
[I 2023-12-16 08:17:48,679] Trial 23 finished with value: 0.1920211762189865 and parameters: {'gradient_clip_val': 0.18323504368929766, 'hidden_size': 11, 'dropout': 0.17032117435684452, 'hidden_continuous_size': 6, 'attention_head_size': 2, 'learning_rate': 0.042684585321965084}. Best is trial 20 with value: 0.03988649323582649.
LOCAL_RANK: 0 - CUDA_VISIBLE_DEVICES: [0]
[I 2023-12-16 08:18:33,949] Trial 24 finished with value: 0.04798560217022896 and parameters: {'gradient_clip_val': 0.5849979491500682, 'hidden_size': 7, 'dropout': 0.2574156212216073, 'hidden_continuous_size': 5, 'attention_head_size': 2, 'learning_rate': 0.020264722219234525}. Best is trial 20 with value: 0.03988649323582649.
LOCAL_RANK: 0 - CUDA_VISIBLE_DEVICES: [0]
[I 2023-12-16 08:19:19,574] Trial 25 finished with value: 0.04658493399620056 and parameters: {'gradient_clip_val': 0.32159270383958394, 'hidden_size': 9, 'dropout': 0.21501627117800384, 'hidden_continuous_size': 6, 'attention_head_size': 2, 'learning_rate': 0.028156691883984872}. Best is trial 20 with value: 0.03988649323582649.
LOCAL_RANK: 0 - CUDA_VISIBLE_DEVICES: [0]
[I 2023-12-16 08:20:04,605] Trial 26 finished with value: 0.13783912360668182 and parameters: {'gradient_clip_val': 0.9609632708687581, 'hidden_size': 6, 'dropout': 0.37149933216673214, 'hidden_continuous_size': 5, 'attention_head_size': 2, 'learning_rate': 0.014203954048987066}. Best is trial 20 with value: 0.03988649323582649.
LOCAL_RANK: 0 - CUDA_VISIBLE_DEVICES: [0]
[I 2023-12-16 08:20:50,608] Trial 27 finished with value: 0.06254652142524719 and parameters: {'gradient_clip_val': 0.46266028778396495, 'hidden_size': 11, 'dropout': 0.3241589054115399, 'hidden_continuous_size': 7, 'attention_head_size': 3, 'learning_rate': 0.05195739903766357}. Best is trial 20 with value: 0.03988649323582649.
LOCAL_RANK: 0 - CUDA_VISIBLE_DEVICES: [0]
[I 2023-12-16 08:21:37,589] Trial 28 finished with value: 0.03536304458975792 and parameters: {'gradient_clip_val': 0.6052514250649452, 'hidden_size': 17, 'dropout': 0.3676511721685688, 'hidden_continuous_size': 8, 'attention_head_size': 2, 'learning_rate': 0.029287193735467055}. Best is trial 28 with value: 0.03536304458975792.
LOCAL_RANK: 0 - CUDA_VISIBLE_DEVICES: [0]
[I 2023-12-16 08:22:22,677] Trial 29 finished with value: 0.09820453077554703 and parameters: {'gradient_clip_val': 0.14523814255194545, 'hidden_size': 7, 'dropout': 0.3387063639220767, 'hidden_continuous_size': 5, 'attention_head_size': 2, 'learning_rate': 0.016419677941097825}. Best is trial 28 with value: 0.03536304458975792.
LOCAL_RANK: 0 - CUDA_VISIBLE_DEVICES: [0]
[I 2023-12-16 08:23:16,892] Trial 30 finished with value: 0.05531236156821251 and parameters: {'gradient_clip_val': 0.6089615026823996, 'hidden_size': 89, 'dropout': 0.32071654602082605, 'hidden_continuous_size': 8, 'attention_head_size': 2, 'learning_rate': 0.03475707854621297}. Best is trial 28 with value: 0.03536304458975792.
LOCAL_RANK: 0 - CUDA_VISIBLE_DEVICES: [0]
[I 2023-12-16 08:24:02,682] Trial 31 finished with value: 0.0382901094853878 and parameters: {'gradient_clip_val': 0.8175933313032062, 'hidden_size': 13, 'dropout': 0.3628364301399731, 'hidden_continuous_size': 7, 'attention_head_size': 2, 'learning_rate': 0.02154269485927143}. Best is trial 28 with value: 0.03536304458975792.
LOCAL_RANK: 0 - CUDA_VISIBLE_DEVICES: [0]
[I 2023-12-16 08:24:47,404] Trial 32 finished with value: 0.03215333819389343 and parameters: {'gradient_clip_val': 0.6389940196042712, 'hidden_size': 16, 'dropout': 0.3684099770395396, 'hidden_continuous_size': 7, 'attention_head_size': 2, 'learning_rate': 0.01908267297172302}. Best is trial 32 with value: 0.03215333819389343.
LOCAL_RANK: 0 - CUDA_VISIBLE_DEVICES: [0]
[I 2023-12-16 08:25:33,824] Trial 33 finished with value: 0.2827237546443939 and parameters: {'gradient_clip_val': 0.5748390551927011, 'hidden_size': 17, 'dropout': 0.36622460031646714, 'hidden_continuous_size': 7, 'attention_head_size': 2, 'learning_rate': 0.021145360557981573}. Best is trial 32 with value: 0.03215333819389343.
LOCAL_RANK: 0 - CUDA_VISIBLE_DEVICES: [0]
[I 2023-12-16 08:26:20,020] Trial 34 finished with value: 0.07236180454492569 and parameters: {'gradient_clip_val': 0.8693694855725962, 'hidden_size': 17, 'dropout': 0.37562717713907096, 'hidden_continuous_size': 7, 'attention_head_size': 2, 'learning_rate': 0.011795436231877843}. Best is trial 32 with value: 0.03215333819389343.
LOCAL_RANK: 0 - CUDA_VISIBLE_DEVICES: [0]
[I 2023-12-16 08:27:05,911] Trial 35 finished with value: 0.08161533623933792 and parameters: {'gradient_clip_val': 0.7507480494601069, 'hidden_size': 14, 'dropout': 0.3519277457036091, 'hidden_continuous_size': 7, 'attention_head_size': 2, 'learning_rate': 0.01732338042505402}. Best is trial 32 with value: 0.03215333819389343.
LOCAL_RANK: 0 - CUDA_VISIBLE_DEVICES: [0]
[I 2023-12-16 08:27:51,152] Trial 36 finished with value: 0.04437269642949104 and parameters: {'gradient_clip_val': 0.6663490137331795, 'hidden_size': 10, 'dropout': 0.396022024516464, 'hidden_continuous_size': 6, 'attention_head_size': 2, 'learning_rate': 0.02642076986664949}. Best is trial 32 with value: 0.03215333819389343.
LOCAL_RANK: 0 - CUDA_VISIBLE_DEVICES: [0]
[I 2023-12-16 08:28:37,137] Trial 37 finished with value: 0.06179811432957649 and parameters: {'gradient_clip_val': 0.8405974021016678, 'hidden_size': 13, 'dropout': 0.38357023496800746, 'hidden_continuous_size': 8, 'attention_head_size': 3, 'learning_rate': 0.00954488469447492}. Best is trial 32 with value: 0.03215333819389343.
LOCAL_RANK: 0 - CUDA_VISIBLE_DEVICES: [0]
[I 2023-12-16 08:29:26,042] Trial 38 finished with value: 0.04496109113097191 and parameters: {'gradient_clip_val': 0.5543651730761447, 'hidden_size': 25, 'dropout': 0.36589507907862817, 'hidden_continuous_size': 9, 'attention_head_size': 1, 'learning_rate': 0.06695625095889943}. Best is trial 32 with value: 0.03215333819389343.
LOCAL_RANK: 0 - CUDA_VISIBLE_DEVICES: [0]
[I 2023-12-16 08:30:14,228] Trial 39 finished with value: 0.03614310547709465 and parameters: {'gradient_clip_val': 0.5192809857930984, 'hidden_size': 19, 'dropout': 0.3502303403514932, 'hidden_continuous_size': 10, 'attention_head_size': 2, 'learning_rate': 0.01597060520543007}. Best is trial 32 with value: 0.03215333819389343.
LOCAL_RANK: 0 - CUDA_VISIBLE_DEVICES: [0]
[I 2023-12-16 08:31:02,287] Trial 40 finished with value: 0.6248536109924316 and parameters: {'gradient_clip_val': 0.6674572244863767, 'hidden_size': 18, 'dropout': 0.3395472332502446, 'hidden_continuous_size': 9, 'attention_head_size': 3, 'learning_rate': 0.007863233673151088}. Best is trial 32 with value: 0.03215333819389343.
LOCAL_RANK: 0 - CUDA_VISIBLE_DEVICES: [0]
[I 2023-12-16 08:31:51,611] Trial 41 finished with value: 0.03984503820538521 and parameters: {'gradient_clip_val': 0.5270587344969315, 'hidden_size': 27, 'dropout': 0.3571526798497102, 'hidden_continuous_size': 10, 'attention_head_size': 2, 'learning_rate': 0.015770413992329212}. Best is trial 32 with value: 0.03215333819389343.
LOCAL_RANK: 0 - CUDA_VISIBLE_DEVICES: [0]
[I 2023-12-16 08:32:41,187] Trial 42 finished with value: 0.08403676003217697 and parameters: {'gradient_clip_val': 0.5220484435051733, 'hidden_size': 29, 'dropout': 0.3615306173082133, 'hidden_continuous_size': 11, 'attention_head_size': 2, 'learning_rate': 0.015635649094261656}. Best is trial 32 with value: 0.03215333819389343.
LOCAL_RANK: 0 - CUDA_VISIBLE_DEVICES: [0]
[I 2023-12-16 08:33:28,547] Trial 43 finished with value: 0.03783959895372391 and parameters: {'gradient_clip_val': 0.4616906499872899, 'hidden_size': 20, 'dropout': 0.38190937295103217, 'hidden_continuous_size': 10, 'attention_head_size': 2, 'learning_rate': 0.021701268629820473}. Best is trial 32 with value: 0.03215333819389343.
LOCAL_RANK: 0 - CUDA_VISIBLE_DEVICES: [0]
[I 2023-12-16 08:34:15,645] Trial 44 finished with value: 0.04938993230462074 and parameters: {'gradient_clip_val': 0.41300967222207996, 'hidden_size': 20, 'dropout': 0.3809937303158606, 'hidden_continuous_size': 8, 'attention_head_size': 2, 'learning_rate': 0.02300783708664415}. Best is trial 32 with value: 0.03215333819389343.
LOCAL_RANK: 0 - CUDA_VISIBLE_DEVICES: [0]
[I 2023-12-16 08:35:01,193] Trial 45 finished with value: 0.03784550353884697 and parameters: {'gradient_clip_val': 0.47232056396820016, 'hidden_size': 16, 'dropout': 0.3976555339440662, 'hidden_continuous_size': 10, 'attention_head_size': 2, 'learning_rate': 0.012946322696898384}. Best is trial 32 with value: 0.03215333819389343.
LOCAL_RANK: 0 - CUDA_VISIBLE_DEVICES: [0]
