[I 2023-12-26 12:40:25,959] Trial 43 finished with value: 4.04978609085083 and parameters: {'gradient_clip_val': 0.3019646125316604, 'hidden_size': 16, 'dropout': 0.44237564324487294, 'hidden_continuous_size': 7, 'attention_head_size': 3, 'learning_rate': 0.014776041093260847}. Best is trial 0 with value: 0.08554363995790482.
[I 2023-12-26 12:40:28,028] Trial 44 finished with value: 2.5824315547943115 and parameters: {'gradient_clip_val': 0.19291549234744595, 'hidden_size': 10, 'dropout': 0.38887286848361957, 'hidden_continuous_size': 5, 'attention_head_size': 4, 'learning_rate': 0.022101980682278977}. Best is trial 0 with value: 0.08554363995790482.
[I 2023-12-26 12:40:30,122] Trial 45 finished with value: 4.0554070472717285 and parameters: {'gradient_clip_val': 0.19635432504245956, 'hidden_size': 10, 'dropout': 0.38423452826766175, 'hidden_continuous_size': 5, 'attention_head_size': 4, 'learning_rate': 0.0233496504114334}. Best is trial 0 with value: 0.08554363995790482.
[I 2023-12-26 12:40:32,035] Trial 46 finished with value: 3.1535227298736572 and parameters: {'gradient_clip_val': 0.17605505551824935, 'hidden_size': 8, 'dropout': 0.36421154685971463, 'hidden_continuous_size': 5, 'attention_head_size': 4, 'learning_rate': 0.019197795940699768}. Best is trial 0 with value: 0.08554363995790482.
[I 2023-12-26 12:40:34,075] Trial 47 finished with value: 2.530428171157837 and parameters: {'gradient_clip_val': 0.1587835865894196, 'hidden_size': 12, 'dropout': 0.34378585644854076, 'hidden_continuous_size': 6, 'attention_head_size': 4, 'learning_rate': 0.012629621486162422}. Best is trial 0 with value: 0.08554363995790482.
[I 2023-12-26 12:40:36,125] Trial 48 finished with value: 2.7252368927001953 and parameters: {'gradient_clip_val': 0.1558054887140909, 'hidden_size': 12, 'dropout': 0.3404566292878606, 'hidden_continuous_size': 6, 'attention_head_size': 4, 'learning_rate': 0.006901852743280338}. Best is trial 0 with value: 0.08554363995790482.
[I 2023-12-26 12:40:38,351] Trial 49 finished with value: 3.7382450103759766 and parameters: {'gradient_clip_val': 0.14619983765539346, 'hidden_size': 21, 'dropout': 0.3447587026509999, 'hidden_continuous_size': 10, 'attention_head_size': 4, 'learning_rate': 0.012527437277289012}. Best is trial 0 with value: 0.08554363995790482.
[I 2023-12-26 12:40:38,479] A new study created in memory with name: no-name-c5461237-19b1-4bf7-8470-73efc1dafe58
/home/le004/conda/anaconda3/envs/tsff_env/lib/python3.9/site-packages/lightning/fabric/plugins/environments/slurm.py:191: The `srun` command is available on your system but is not used. HINT: If your intention is to run Lightning on SLURM, prepend your python command with `srun` like so: srun python /home/le004/master_thesis/git/TSFusionForecast/code/ ...
[I 2023-12-26 12:45:47,798] Trial 0 finished with value: 0.06009078398346901 and parameters: {'gradient_clip_val': 0.13202514973760934, 'hidden_size': 27, 'dropout': 0.2675263374837311, 'hidden_continuous_size': 23, 'attention_head_size': 2, 'learning_rate': 0.00297728529617514}. Best is trial 0 with value: 0.06009078398346901.
[I 2023-12-26 12:45:49,891] Trial 1 finished with value: 4.003067493438721 and parameters: {'gradient_clip_val': 0.6478785372292369, 'hidden_size': 17, 'dropout': 0.11860036456618334, 'hidden_continuous_size': 5, 'attention_head_size': 3, 'learning_rate': 0.0034059108996669844}. Best is trial 0 with value: 0.06009078398346901.
[I 2023-12-26 12:45:52,282] Trial 2 finished with value: 2.636686086654663 and parameters: {'gradient_clip_val': 0.6448097635834553, 'hidden_size': 15, 'dropout': 0.13999830274299266, 'hidden_continuous_size': 9, 'attention_head_size': 4, 'learning_rate': 0.023831631756153146}. Best is trial 0 with value: 0.06009078398346901.
[I 2023-12-26 12:45:54,479] Trial 3 finished with value: 3.6290788650512695 and parameters: {'gradient_clip_val': 0.273135387804055, 'hidden_size': 21, 'dropout': 0.11176403161376919, 'hidden_continuous_size': 8, 'attention_head_size': 1, 'learning_rate': 0.000511467041840134}. Best is trial 0 with value: 0.06009078398346901.
[I 2023-12-26 12:45:57,239] Trial 4 finished with value: 4.417234420776367 and parameters: {'gradient_clip_val': 0.5641297350561663, 'hidden_size': 31, 'dropout': 0.18208572090456646, 'hidden_continuous_size': 25, 'attention_head_size': 3, 'learning_rate': 0.0030800225855065946}. Best is trial 0 with value: 0.06009078398346901.
[I 2023-12-26 12:46:00,994] Trial 5 finished with value: 4.280209064483643 and parameters: {'gradient_clip_val': 0.3274749849270135, 'hidden_size': 57, 'dropout': 0.3017901246784989, 'hidden_continuous_size': 7, 'attention_head_size': 4, 'learning_rate': 0.0069631041483011365}. Best is trial 0 with value: 0.06009078398346901.
[I 2023-12-26 12:46:02,968] Trial 6 finished with value: 3.979013204574585 and parameters: {'gradient_clip_val': 0.9034701455873139, 'hidden_size': 11, 'dropout': 0.22069602498958224, 'hidden_continuous_size': 11, 'attention_head_size': 3, 'learning_rate': 0.0005296247617335286}. Best is trial 0 with value: 0.06009078398346901.
[I 2023-12-26 12:46:05,692] Trial 7 finished with value: 4.358409404754639 and parameters: {'gradient_clip_val': 0.20015525744935256, 'hidden_size': 31, 'dropout': 0.23768722074024284, 'hidden_continuous_size': 18, 'attention_head_size': 4, 'learning_rate': 0.005078863407151225}. Best is trial 0 with value: 0.06009078398346901.
[I 2023-12-26 12:46:07,535] Trial 8 finished with value: 3.375915765762329 and parameters: {'gradient_clip_val': 0.23937223957692175, 'hidden_size': 6, 'dropout': 0.3416747003299761, 'hidden_continuous_size': 6, 'attention_head_size': 4, 'learning_rate': 0.0009835875148157668}. Best is trial 0 with value: 0.06009078398346901.
[I 2023-12-26 12:46:09,483] Trial 9 finished with value: 2.078516721725464 and parameters: {'gradient_clip_val': 0.20803879278930806, 'hidden_size': 9, 'dropout': 0.37733456880791383, 'hidden_continuous_size': 5, 'attention_head_size': 1, 'learning_rate': 0.0021570031849142217}. Best is trial 0 with value: 0.06009078398346901.
[I 2023-12-26 12:46:19,225] Trial 10 finished with value: 2.018965721130371 and parameters: {'gradient_clip_val': 0.10312845640093514, 'hidden_size': 142, 'dropout': 0.4348795850902498, 'hidden_continuous_size': 62, 'attention_head_size': 2, 'learning_rate': 0.09471328117507391}. Best is trial 0 with value: 0.06009078398346901.
[I 2023-12-26 12:46:28,637] Trial 11 finished with value: 2.731633186340332 and parameters: {'gradient_clip_val': 0.10031232132272978, 'hidden_size': 137, 'dropout': 0.4735556925001771, 'hidden_continuous_size': 70, 'attention_head_size': 2, 'learning_rate': 0.0963171566403702}. Best is trial 0 with value: 0.06009078398346901.
[I 2023-12-26 12:46:35,643] Trial 12 finished with value: 3.3991916179656982 and parameters: {'gradient_clip_val': 0.10111583721208321, 'hidden_size': 101, 'dropout': 0.41309318964083985, 'hidden_continuous_size': 57, 'attention_head_size': 2, 'learning_rate': 0.019916265443439767}. Best is trial 0 with value: 0.06009078398346901.
[I 2023-12-26 12:46:39,619] Trial 13 finished with value: 2.855600357055664 and parameters: {'gradient_clip_val': 0.1331988674466358, 'hidden_size': 58, 'dropout': 0.2823847726403467, 'hidden_continuous_size': 39, 'attention_head_size': 2, 'learning_rate': 0.09517060325349179}. Best is trial 0 with value: 0.06009078398346901.
[I 2023-12-26 12:46:50,763] Trial 14 finished with value: 3.3251793384552 and parameters: {'gradient_clip_val': 0.14786688303200154, 'hidden_size': 147, 'dropout': 0.4806570551658477, 'hidden_continuous_size': 119, 'attention_head_size': 2, 'learning_rate': 0.015509692591161037}. Best is trial 0 with value: 0.06009078398346901.
[I 2023-12-26 12:46:54,394] Trial 15 finished with value: 3.4938137531280518 and parameters: {'gradient_clip_val': 0.14213626765378629, 'hidden_size': 54, 'dropout': 0.40357437365514126, 'hidden_continuous_size': 17, 'attention_head_size': 1, 'learning_rate': 0.04136111379409189}. Best is trial 0 with value: 0.06009078398346901.
[I 2023-12-26 12:46:56,209] Trial 16 finished with value: 4.0351033210754395 and parameters: {'gradient_clip_val': 0.16504191354877676, 'hidden_size': 5, 'dropout': 0.32186145238954833, 'hidden_continuous_size': 5, 'attention_head_size': 2, 'learning_rate': 0.011361101246273332}. Best is trial 0 with value: 0.06009078398346901.
[I 2023-12-26 12:47:01,545] Trial 17 finished with value: 3.6670315265655518 and parameters: {'gradient_clip_val': 0.12096427161062707, 'hidden_size': 81, 'dropout': 0.2660576142405046, 'hidden_continuous_size': 29, 'attention_head_size': 3, 'learning_rate': 0.008853137124965892}. Best is trial 0 with value: 0.06009078398346901.
[I 2023-12-26 12:47:04,303] Trial 18 finished with value: 3.3307981491088867 and parameters: {'gradient_clip_val': 0.1715831424811065, 'hidden_size': 34, 'dropout': 0.3494893445792933, 'hidden_continuous_size': 13, 'attention_head_size': 1, 'learning_rate': 0.03113502401096535}. Best is trial 0 with value: 0.06009078398346901.
[I 2023-12-26 12:47:07,355] Trial 19 finished with value: 3.408618211746216 and parameters: {'gradient_clip_val': 0.1170611394925996, 'hidden_size': 42, 'dropout': 0.4381635092261911, 'hidden_continuous_size': 17, 'attention_head_size': 2, 'learning_rate': 0.048668976399993534}. Best is trial 0 with value: 0.06009078398346901.
[I 2023-12-26 12:47:09,691] Trial 20 finished with value: 4.258484363555908 and parameters: {'gradient_clip_val': 0.17072000458894113, 'hidden_size': 24, 'dropout': 0.36115247767335723, 'hidden_continuous_size': 12, 'attention_head_size': 3, 'learning_rate': 0.011105241952974179}. Best is trial 0 with value: 0.06009078398346901.
[I 2023-12-26 12:47:11,708] Trial 21 finished with value: 3.302598714828491 and parameters: {'gradient_clip_val': 0.19933860240930384, 'hidden_size': 9, 'dropout': 0.38264025304863936, 'hidden_continuous_size': 6, 'attention_head_size': 1, 'learning_rate': 0.0020484965606927413}. Best is trial 0 with value: 0.06009078398346901.
[I 2023-12-26 12:47:13,572] Trial 22 finished with value: 2.923553466796875 and parameters: {'gradient_clip_val': 0.11779383869719305, 'hidden_size': 8, 'dropout': 0.43144578733695693, 'hidden_continuous_size': 5, 'attention_head_size': 1, 'learning_rate': 0.0019051824419390197}. Best is trial 0 with value: 0.06009078398346901.
[I 2023-12-26 12:47:15,688] Trial 23 finished with value: 4.7270050048828125 and parameters: {'gradient_clip_val': 0.13193685876952901, 'hidden_size': 13, 'dropout': 0.3800697461674296, 'hidden_continuous_size': 7, 'attention_head_size': 1, 'learning_rate': 0.007134872566554976}. Best is trial 0 with value: 0.06009078398346901.
[I 2023-12-26 12:47:17,891] Trial 24 finished with value: 3.1323184967041016 and parameters: {'gradient_clip_val': 0.20812516873266793, 'hidden_size': 18, 'dropout': 0.31573553983999875, 'hidden_continuous_size': 10, 'attention_head_size': 2, 'learning_rate': 0.0053163708430842855}. Best is trial 0 with value: 0.06009078398346901.
[I 2023-12-26 12:47:20,345] Trial 25 finished with value: 4.13117790222168 and parameters: {'gradient_clip_val': 0.10097737699187456, 'hidden_size': 26, 'dropout': 0.49895847355744005, 'hidden_continuous_size': 14, 'attention_head_size': 2, 'learning_rate': 0.0013987487872530974}. Best is trial 0 with value: 0.06009078398346901.
[I 2023-12-26 12:47:22,658] Trial 26 finished with value: 2.446349859237671 and parameters: {'gradient_clip_val': 0.1497769540120715, 'hidden_size': 12, 'dropout': 0.4459926743805631, 'hidden_continuous_size': 8, 'attention_head_size': 1, 'learning_rate': 0.0036890445457043687}. Best is trial 0 with value: 0.06009078398346901.
[I 2023-12-26 12:47:24,831] Trial 27 finished with value: 3.7315566539764404 and parameters: {'gradient_clip_val': 0.175646504041868, 'hidden_size': 18, 'dropout': 0.38673132096844665, 'hidden_continuous_size': 10, 'attention_head_size': 2, 'learning_rate': 0.0022832317363406297}. Best is trial 0 with value: 0.06009078398346901.
[I 2023-12-26 12:47:27,844] Trial 28 finished with value: 2.829064130783081 and parameters: {'gradient_clip_val': 0.30311241094211616, 'hidden_size': 42, 'dropout': 0.35993332314073534, 'hidden_continuous_size': 21, 'attention_head_size': 1, 'learning_rate': 0.004621525879432235}. Best is trial 0 with value: 0.06009078398346901.
[I 2023-12-26 12:47:30,045] Trial 29 finished with value: 2.7900590896606445 and parameters: {'gradient_clip_val': 0.12825666167447689, 'hidden_size': 17, 'dropout': 0.33898178042048244, 'hidden_continuous_size': 10, 'attention_head_size': 3, 'learning_rate': 0.00302930483763294}. Best is trial 0 with value: 0.06009078398346901.
[I 2023-12-26 12:47:32,478] Trial 30 finished with value: 3.0051028728485107 and parameters: {'gradient_clip_val': 0.15358901384448206, 'hidden_size': 23, 'dropout': 0.2797667196021191, 'hidden_continuous_size': 14, 'attention_head_size': 2, 'learning_rate': 0.0012330493821780465}. Best is trial 0 with value: 0.06009078398346901.
[I 2023-12-26 12:47:34,535] Trial 31 finished with value: 3.390331268310547 and parameters: {'gradient_clip_val': 0.15027303230989275, 'hidden_size': 12, 'dropout': 0.44967192078875085, 'hidden_continuous_size': 8, 'attention_head_size': 1, 'learning_rate': 0.003791934800007514}. Best is trial 0 with value: 0.06009078398346901.
[I 2023-12-26 12:47:36,678] Trial 32 finished with value: 4.443636894226074 and parameters: {'gradient_clip_val': 0.11972144945346125, 'hidden_size': 14, 'dropout': 0.45158897829378736, 'hidden_continuous_size': 9, 'attention_head_size': 1, 'learning_rate': 0.003669821017261428}. Best is trial 0 with value: 0.06009078398346901.
[I 2023-12-26 12:47:38,709] Trial 33 finished with value: 3.448390245437622 and parameters: {'gradient_clip_val': 0.13981360328010267, 'hidden_size': 9, 'dropout': 0.4149513212674388, 'hidden_continuous_size': 6, 'attention_head_size': 1, 'learning_rate': 0.002653952240906639}. Best is trial 0 with value: 0.06009078398346901.
[I 2023-12-26 12:47:40,950] Trial 34 finished with value: 3.791814088821411 and parameters: {'gradient_clip_val': 0.1869346001078284, 'hidden_size': 20, 'dropout': 0.42399843904124146, 'hidden_continuous_size': 11, 'attention_head_size': 1, 'learning_rate': 0.006296033958698156}. Best is trial 0 with value: 0.06009078398346901.
[I 2023-12-26 12:47:43,119] Trial 35 finished with value: 4.071618556976318 and parameters: {'gradient_clip_val': 0.23531918542329602, 'hidden_size': 15, 'dropout': 0.4547029185104325, 'hidden_continuous_size': 8, 'attention_head_size': 1, 'learning_rate': 0.004209752120117056}. Best is trial 0 with value: 0.06009078398346901.
[I 2023-12-26 12:47:45,220] Trial 36 finished with value: 3.1504857540130615 and parameters: {'gradient_clip_val': 0.15880967534494056, 'hidden_size': 11, 'dropout': 0.40270624606242567, 'hidden_continuous_size': 7, 'attention_head_size': 2, 'learning_rate': 0.0030223192677374545}. Best is trial 0 with value: 0.06009078398346901.
[I 2023-12-26 12:47:47,211] Trial 37 finished with value: 2.6210989952087402 and parameters: {'gradient_clip_val': 0.11483864452357581, 'hidden_size': 7, 'dropout': 0.1566797897748826, 'hidden_continuous_size': 5, 'attention_head_size': 1, 'learning_rate': 0.004206119857377294}. Best is trial 0 with value: 0.06009078398346901.
[I 2023-12-26 12:47:49,536] Trial 38 finished with value: 3.382412910461426 and parameters: {'gradient_clip_val': 0.3625876279236827, 'hidden_size': 10, 'dropout': 0.46786076682431343, 'hidden_continuous_size': 6, 'attention_head_size': 3, 'learning_rate': 0.001728819541182108}. Best is trial 0 with value: 0.06009078398346901.
[I 2023-12-26 12:47:51,481] Trial 39 finished with value: 2.888779401779175 and parameters: {'gradient_clip_val': 0.22303414123227572, 'hidden_size': 7, 'dropout': 0.49821618951688895, 'hidden_continuous_size': 5, 'attention_head_size': 2, 'learning_rate': 0.002603822400472765}. Best is trial 0 with value: 0.06009078398346901.
[I 2023-12-26 12:47:53,700] Trial 40 finished with value: 4.518726348876953 and parameters: {'gradient_clip_val': 0.18054514897090365, 'hidden_size': 14, 'dropout': 0.4333217059362548, 'hidden_continuous_size': 9, 'attention_head_size': 4, 'learning_rate': 0.006090235985555909}. Best is trial 0 with value: 0.06009078398346901.
[I 2023-12-26 12:47:55,647] Trial 41 finished with value: 3.7255735397338867 and parameters: {'gradient_clip_val': 0.11098914007326671, 'hidden_size': 7, 'dropout': 0.1422268878310179, 'hidden_continuous_size': 5, 'attention_head_size': 1, 'learning_rate': 0.004144751730609754}. Best is trial 0 with value: 0.06009078398346901.
[I 2023-12-26 12:47:57,427] Trial 42 finished with value: 2.7605793476104736 and parameters: {'gradient_clip_val': 0.11167231701924583, 'hidden_size': 5, 'dropout': 0.2157185057927369, 'hidden_continuous_size': 5, 'attention_head_size': 1, 'learning_rate': 0.0029645091572519187}. Best is trial 0 with value: 0.06009078398346901.
[I 2023-12-26 12:47:59,482] Trial 43 finished with value: 3.377333402633667 and parameters: {'gradient_clip_val': 0.13436642609031968, 'hidden_size': 11, 'dropout': 0.16697628864656602, 'hidden_continuous_size': 7, 'attention_head_size': 1, 'learning_rate': 0.003926300535101414}. Best is trial 0 with value: 0.06009078398346901.
[I 2023-12-26 12:48:01,405] Trial 44 finished with value: 3.7483017444610596 and parameters: {'gradient_clip_val': 0.10896886553796721, 'hidden_size': 6, 'dropout': 0.11792420824476738, 'hidden_continuous_size': 5, 'attention_head_size': 1, 'learning_rate': 0.005057442827840692}. Best is trial 0 with value: 0.06009078398346901.
[I 2023-12-26 12:48:09,034] Trial 45 finished with value: 2.9905872344970703 and parameters: {'gradient_clip_val': 0.12838657369015608, 'hidden_size': 114, 'dropout': 0.194735668945405, 'hidden_continuous_size': 27, 'attention_head_size': 2, 'learning_rate': 0.0023244117743234385}. Best is trial 0 with value: 0.06009078398346901.
[I 2023-12-26 12:48:14,116] Trial 46 finished with value: 3.1268460750579834 and parameters: {'gradient_clip_val': 0.1542443210086845, 'hidden_size': 76, 'dropout': 0.10299384301456824, 'hidden_continuous_size': 33, 'attention_head_size': 2, 'learning_rate': 0.007385659201163967}. Best is trial 0 with value: 0.06009078398346901.
[I 2023-12-26 12:48:16,664] Trial 47 finished with value: 2.9916832447052 and parameters: {'gradient_clip_val': 0.14223252299891506, 'hidden_size': 29, 'dropout': 0.2354910552228228, 'hidden_continuous_size': 12, 'attention_head_size': 1, 'learning_rate': 0.000875936514141484}. Best is trial 0 with value: 0.06009078398346901.
[I 2023-12-26 12:48:18,650] Trial 48 finished with value: 3.0718603134155273 and parameters: {'gradient_clip_val': 0.10027693409699198, 'hidden_size': 16, 'dropout': 0.1279659830152591, 'hidden_continuous_size': 8, 'attention_head_size': 2, 'learning_rate': 0.07594506566292908}. Best is trial 0 with value: 0.06009078398346901.
[I 2023-12-26 12:48:20,914] Trial 49 finished with value: 4.530925273895264 and parameters: {'gradient_clip_val': 0.12752170315768124, 'hidden_size': 21, 'dropout': 0.2691063650696458, 'hidden_continuous_size': 9, 'attention_head_size': 1, 'learning_rate': 0.0032832387837960554}. Best is trial 0 with value: 0.06009078398346901.
[I 2023-12-26 12:48:21,046] A new study created in memory with name: no-name-ab591340-ae5e-4496-986d-1b55fc194d88
/home/le004/conda/anaconda3/envs/tsff_env/lib/python3.9/site-packages/lightning/fabric/plugins/environments/slurm.py:191: The `srun` command is available on your system but is not used. HINT: If your intention is to run Lightning on SLURM, prepend your python command with `srun` like so: srun python /home/le004/master_thesis/git/TSFusionForecast/code/ ...
[I 2023-12-26 12:55:35,012] Trial 0 finished with value: 0.3265499770641327 and parameters: {'gradient_clip_val': 0.5053173782641759, 'hidden_size': 38, 'dropout': 0.13969272699729376, 'hidden_continuous_size': 7, 'attention_head_size': 3, 'learning_rate': 0.0009284979959426463}. Best is trial 0 with value: 0.3265499770641327.
[I 2023-12-26 13:01:17,957] Trial 1 finished with value: 0.16814953088760376 and parameters: {'gradient_clip_val': 0.1762883316490422, 'hidden_size': 28, 'dropout': 0.27595701035793696, 'hidden_continuous_size': 24, 'attention_head_size': 3, 'learning_rate': 0.001411594340429616}. Best is trial 1 with value: 0.16814953088760376.
[I 2023-12-26 13:01:22,696] Trial 2 finished with value: 3.9422619342803955 and parameters: {'gradient_clip_val': 0.8562673465317558, 'hidden_size': 47, 'dropout': 0.18460386884840935, 'hidden_continuous_size': 22, 'attention_head_size': 4, 'learning_rate': 0.0016604212206002002}. Best is trial 1 with value: 0.16814953088760376.
[I 2023-12-26 13:01:24,963] Trial 3 finished with value: 3.330249547958374 and parameters: {'gradient_clip_val': 0.6545952657583282, 'hidden_size': 10, 'dropout': 0.2256239081505875, 'hidden_continuous_size': 10, 'attention_head_size': 1, 'learning_rate': 0.02080167012471195}. Best is trial 1 with value: 0.16814953088760376.
[I 2023-12-26 13:01:27,166] Trial 4 finished with value: 4.652003765106201 and parameters: {'gradient_clip_val': 0.5335911361682708, 'hidden_size': 6, 'dropout': 0.4459185522867851, 'hidden_continuous_size': 6, 'attention_head_size': 3, 'learning_rate': 0.004236631480056767}. Best is trial 1 with value: 0.16814953088760376.
[I 2023-12-26 13:01:38,848] Trial 5 finished with value: 5.232614040374756 and parameters: {'gradient_clip_val': 0.343201975022002, 'hidden_size': 134, 'dropout': 0.295874825586123, 'hidden_continuous_size': 67, 'attention_head_size': 2, 'learning_rate': 0.0011256918480371022}. Best is trial 1 with value: 0.16814953088760376.
