[I 2023-12-27 10:53:04,539] Trial 6 finished with value: 34.222103118896484 and parameters: {'gradient_clip_val': 0.26791229906798136, 'hidden_size': 85, 'dropout': 0.23524754876678122, 'hidden_continuous_size': 74, 'attention_head_size': 4, 'learning_rate': 0.006537275499055496}. Best is trial 0 with value: 7.9883880615234375.
LOCAL_RANK: 0 - CUDA_VISIBLE_DEVICES: [0]
[I 2023-12-27 10:53:04,920] Trial 7 finished with value: 38.01800537109375 and parameters: {'gradient_clip_val': 0.8920998347371494, 'hidden_size': 10, 'dropout': 0.2810457770090803, 'hidden_continuous_size': 10, 'attention_head_size': 1, 'learning_rate': 0.0013938818141281525}. Best is trial 0 with value: 7.9883880615234375.
LOCAL_RANK: 0 - CUDA_VISIBLE_DEVICES: [0]
[I 2023-12-27 10:53:05,317] Trial 8 finished with value: 31.651758193969727 and parameters: {'gradient_clip_val': 0.17199826732942977, 'hidden_size': 9, 'dropout': 0.34145081760323415, 'hidden_continuous_size': 9, 'attention_head_size': 2, 'learning_rate': 0.0005747610333178645}. Best is trial 0 with value: 7.9883880615234375.
LOCAL_RANK: 0 - CUDA_VISIBLE_DEVICES: [0]
[I 2023-12-27 10:53:05,750] Trial 9 finished with value: 24.403371810913086 and parameters: {'gradient_clip_val': 0.3085746220697766, 'hidden_size': 38, 'dropout': 0.4277335278662737, 'hidden_continuous_size': 10, 'attention_head_size': 1, 'learning_rate': 0.0018375859038013889}. Best is trial 0 with value: 7.9883880615234375.
LOCAL_RANK: 0 - CUDA_VISIBLE_DEVICES: [0]
[I 2023-12-27 10:53:06,216] Trial 10 finished with value: 28.61689567565918 and parameters: {'gradient_clip_val': 0.10240898987918791, 'hidden_size': 18, 'dropout': 0.47206493927292087, 'hidden_continuous_size': 5, 'attention_head_size': 1, 'learning_rate': 0.06051828166237527}. Best is trial 0 with value: 7.9883880615234375.
LOCAL_RANK: 0 - CUDA_VISIBLE_DEVICES: [0]
[I 2023-12-27 10:53:06,689] Trial 11 finished with value: 37.1463508605957 and parameters: {'gradient_clip_val': 0.3553152268691086, 'hidden_size': 23, 'dropout': 0.4809380495794605, 'hidden_continuous_size': 12, 'attention_head_size': 1, 'learning_rate': 0.027403065320528722}. Best is trial 0 with value: 7.9883880615234375.
LOCAL_RANK: 0 - CUDA_VISIBLE_DEVICES: [0]
[I 2023-12-27 10:53:07,143] Trial 12 finished with value: 40.406494140625 and parameters: {'gradient_clip_val': 0.30666327396265153, 'hidden_size': 37, 'dropout': 0.10225387213644019, 'hidden_continuous_size': 9, 'attention_head_size': 1, 'learning_rate': 0.01988764186882922}. Best is trial 0 with value: 7.9883880615234375.
LOCAL_RANK: 0 - CUDA_VISIBLE_DEVICES: [0]
[I 2023-12-27 10:53:07,654] Trial 13 finished with value: 33.498172760009766 and parameters: {'gradient_clip_val': 0.5345429941406304, 'hidden_size': 127, 'dropout': 0.42692306726307294, 'hidden_continuous_size': 22, 'attention_head_size': 1, 'learning_rate': 0.0017808890937734583}. Best is trial 0 with value: 7.9883880615234375.
LOCAL_RANK: 0 - CUDA_VISIBLE_DEVICES: [0]
[I 2023-12-27 10:53:08,072] Trial 14 finished with value: 45.34291076660156 and parameters: {'gradient_clip_val': 0.261615429309748, 'hidden_size': 5, 'dropout': 0.26317519816861024, 'hidden_continuous_size': 5, 'attention_head_size': 4, 'learning_rate': 0.09647290676901606}. Best is trial 0 with value: 7.9883880615234375.
LOCAL_RANK: 0 - CUDA_VISIBLE_DEVICES: [0]
[I 2023-12-27 10:53:08,545] Trial 15 finished with value: 36.089359283447266 and parameters: {'gradient_clip_val': 0.5643084864061402, 'hidden_size': 26, 'dropout': 0.21645095008746457, 'hidden_continuous_size': 12, 'attention_head_size': 1, 'learning_rate': 0.020880191195895}. Best is trial 0 with value: 7.9883880615234375.
LOCAL_RANK: 0 - CUDA_VISIBLE_DEVICES: [0]
[I 2023-12-27 10:53:09,008] Trial 16 finished with value: 39.46921920776367 and parameters: {'gradient_clip_val': 0.3498905107717373, 'hidden_size': 13, 'dropout': 0.3045361142732424, 'hidden_continuous_size': 7, 'attention_head_size': 3, 'learning_rate': 0.003281330489457935}. Best is trial 0 with value: 7.9883880615234375.
LOCAL_RANK: 0 - CUDA_VISIBLE_DEVICES: [0]
[I 2023-12-27 10:53:09,456] Trial 17 finished with value: 42.24394226074219 and parameters: {'gradient_clip_val': 0.22577900493444195, 'hidden_size': 16, 'dropout': 0.41746157752677404, 'hidden_continuous_size': 7, 'attention_head_size': 2, 'learning_rate': 0.014064129007507455}. Best is trial 0 with value: 7.9883880615234375.
LOCAL_RANK: 0 - CUDA_VISIBLE_DEVICES: [0]
[I 2023-12-27 10:53:09,910] Trial 18 finished with value: 48.59711837768555 and parameters: {'gradient_clip_val': 0.3804013023460535, 'hidden_size': 31, 'dropout': 0.3086090834429739, 'hidden_continuous_size': 14, 'attention_head_size': 1, 'learning_rate': 0.043070066049518206}. Best is trial 0 with value: 7.9883880615234375.
LOCAL_RANK: 0 - CUDA_VISIBLE_DEVICES: [0]
[I 2023-12-27 10:53:10,660] Trial 19 finished with value: 31.770370483398438 and parameters: {'gradient_clip_val': 0.46070719479281214, 'hidden_size': 53, 'dropout': 0.499996142477701, 'hidden_continuous_size': 19, 'attention_head_size': 2, 'learning_rate': 0.010287021286389825}. Best is trial 0 with value: 7.9883880615234375.
LOCAL_RANK: 0 - CUDA_VISIBLE_DEVICES: [0]
[I 2023-12-27 10:53:11,110] Trial 20 finished with value: 43.6444091796875 and parameters: {'gradient_clip_val': 0.28706926222133605, 'hidden_size': 23, 'dropout': 0.22615439075517768, 'hidden_continuous_size': 11, 'attention_head_size': 1, 'learning_rate': 0.03362675199706812}. Best is trial 0 with value: 7.9883880615234375.
LOCAL_RANK: 0 - CUDA_VISIBLE_DEVICES: [0]
[I 2023-12-27 10:53:11,568] Trial 21 finished with value: 32.82774353027344 and parameters: {'gradient_clip_val': 0.7469929484165013, 'hidden_size': 32, 'dropout': 0.1636060200300034, 'hidden_continuous_size': 24, 'attention_head_size': 2, 'learning_rate': 0.010350614316931982}. Best is trial 0 with value: 7.9883880615234375.
LOCAL_RANK: 0 - CUDA_VISIBLE_DEVICES: [0]
[I 2023-12-27 10:53:12,045] Trial 22 finished with value: 31.666305541992188 and parameters: {'gradient_clip_val': 0.6139916616237836, 'hidden_size': 48, 'dropout': 0.1776930548195152, 'hidden_continuous_size': 26, 'attention_head_size': 2, 'learning_rate': 0.00484034061386214}. Best is trial 0 with value: 7.9883880615234375.
LOCAL_RANK: 0 - CUDA_VISIBLE_DEVICES: [0]
[I 2023-12-27 10:53:12,516] Trial 23 finished with value: 32.61271667480469 and parameters: {'gradient_clip_val': 0.782367166038187, 'hidden_size': 35, 'dropout': 0.26097086391993424, 'hidden_continuous_size': 15, 'attention_head_size': 1, 'learning_rate': 0.012138550238000069}. Best is trial 0 with value: 7.9883880615234375.
LOCAL_RANK: 0 - CUDA_VISIBLE_DEVICES: [0]
[I 2023-12-27 10:53:12,989] Trial 24 finished with value: 49.031192779541016 and parameters: {'gradient_clip_val': 0.6450006906073036, 'hidden_size': 22, 'dropout': 0.18390606264746961, 'hidden_continuous_size': 13, 'attention_head_size': 3, 'learning_rate': 0.04684793869185881}. Best is trial 0 with value: 7.9883880615234375.
LOCAL_RANK: 0 - CUDA_VISIBLE_DEVICES: [0]
[I 2023-12-27 10:53:13,475] Trial 25 finished with value: 41.72526168823242 and parameters: {'gradient_clip_val': 0.9142204406720282, 'hidden_size': 66, 'dropout': 0.13315418303506182, 'hidden_continuous_size': 32, 'attention_head_size': 2, 'learning_rate': 0.004749246565760574}. Best is trial 0 with value: 7.9883880615234375.
LOCAL_RANK: 0 - CUDA_VISIBLE_DEVICES: [0]
[I 2023-12-27 10:53:13,937] Trial 26 finished with value: 30.482345581054688 and parameters: {'gradient_clip_val': 0.5268655685839476, 'hidden_size': 40, 'dropout': 0.21032035553178519, 'hidden_continuous_size': 10, 'attention_head_size': 1, 'learning_rate': 0.01756425395818338}. Best is trial 0 with value: 7.9883880615234375.
LOCAL_RANK: 0 - CUDA_VISIBLE_DEVICES: [0]
[I 2023-12-27 10:53:14,379] Trial 27 finished with value: 28.96578025817871 and parameters: {'gradient_clip_val': 0.39071977585557455, 'hidden_size': 56, 'dropout': 0.14827974188328874, 'hidden_continuous_size': 16, 'attention_head_size': 1, 'learning_rate': 0.009475290725555615}. Best is trial 0 with value: 7.9883880615234375.
LOCAL_RANK: 0 - CUDA_VISIBLE_DEVICES: [0]
[I 2023-12-27 10:53:14,833] Trial 28 finished with value: 32.0401611328125 and parameters: {'gradient_clip_val': 0.46393998169583395, 'hidden_size': 28, 'dropout': 0.1938323959384154, 'hidden_continuous_size': 13, 'attention_head_size': 2, 'learning_rate': 0.027233459157626566}. Best is trial 0 with value: 7.9883880615234375.
LOCAL_RANK: 0 - CUDA_VISIBLE_DEVICES: [0]
[I 2023-12-27 10:53:15,339] Trial 29 finished with value: 48.4861946105957 and parameters: {'gradient_clip_val': 0.32272268554684974, 'hidden_size': 77, 'dropout': 0.24576934439479378, 'hidden_continuous_size': 29, 'attention_head_size': 3, 'learning_rate': 0.07299102175440249}. Best is trial 0 with value: 7.9883880615234375.
LOCAL_RANK: 0 - CUDA_VISIBLE_DEVICES: [0]
[I 2023-12-27 10:53:15,855] Trial 30 finished with value: 38.72008514404297 and parameters: {'gradient_clip_val': 0.4054237729948176, 'hidden_size': 43, 'dropout': 0.19978023296838388, 'hidden_continuous_size': 17, 'attention_head_size': 1, 'learning_rate': 0.016453320023956535}. Best is trial 0 with value: 7.9883880615234375.
LOCAL_RANK: 0 - CUDA_VISIBLE_DEVICES: [0]
[I 2023-12-27 10:53:16,305] Trial 31 finished with value: 38.39201354980469 and parameters: {'gradient_clip_val': 0.10026773661047887, 'hidden_size': 18, 'dropout': 0.444631491022448, 'hidden_continuous_size': 5, 'attention_head_size': 1, 'learning_rate': 0.06638072290242784}. Best is trial 0 with value: 7.9883880615234375.
LOCAL_RANK: 0 - CUDA_VISIBLE_DEVICES: [0]
[I 2023-12-27 10:53:17,018] Trial 32 finished with value: 47.734161376953125 and parameters: {'gradient_clip_val': 0.114866912536889, 'hidden_size': 14, 'dropout': 0.37880776947032185, 'hidden_continuous_size': 8, 'attention_head_size': 1, 'learning_rate': 0.056687068868156255}. Best is trial 0 with value: 7.9883880615234375.
LOCAL_RANK: 0 - CUDA_VISIBLE_DEVICES: [0]
[I 2023-12-27 10:53:17,486] Trial 33 finished with value: 45.384395599365234 and parameters: {'gradient_clip_val': 0.1459054535210845, 'hidden_size': 20, 'dropout': 0.47330861243218375, 'hidden_continuous_size': 6, 'attention_head_size': 1, 'learning_rate': 0.04088928544113643}. Best is trial 0 with value: 7.9883880615234375.
LOCAL_RANK: 0 - CUDA_VISIBLE_DEVICES: [0]
[I 2023-12-27 10:53:17,935] Trial 34 finished with value: 32.175846099853516 and parameters: {'gradient_clip_val': 0.19465029048566596, 'hidden_size': 26, 'dropout': 0.3940293921625901, 'hidden_continuous_size': 6, 'attention_head_size': 2, 'learning_rate': 0.09302911421321591}. Best is trial 0 with value: 7.9883880615234375.
LOCAL_RANK: 0 - CUDA_VISIBLE_DEVICES: [0]
[I 2023-12-27 10:53:18,407] Trial 35 finished with value: 42.33845520019531 and parameters: {'gradient_clip_val': 0.24105200931903709, 'hidden_size': 19, 'dropout': 0.3241572310398094, 'hidden_continuous_size': 8, 'attention_head_size': 2, 'learning_rate': 0.0008960460145592855}. Best is trial 0 with value: 7.9883880615234375.
LOCAL_RANK: 0 - CUDA_VISIBLE_DEVICES: [0]
[I 2023-12-27 10:53:18,857] Trial 36 finished with value: 38.13566207885742 and parameters: {'gradient_clip_val': 0.19813892699961763, 'hidden_size': 38, 'dropout': 0.3574767124181489, 'hidden_continuous_size': 20, 'attention_head_size': 1, 'learning_rate': 0.0024037799594306287}. Best is trial 0 with value: 7.9883880615234375.
LOCAL_RANK: 0 - CUDA_VISIBLE_DEVICES: [0]
[I 2023-12-27 10:53:19,322] Trial 37 finished with value: 35.432762145996094 and parameters: {'gradient_clip_val': 0.26781231348132906, 'hidden_size': 30, 'dropout': 0.2833784537703736, 'hidden_continuous_size': 5, 'attention_head_size': 4, 'learning_rate': 0.0075230298824621525}. Best is trial 0 with value: 7.9883880615234375.
LOCAL_RANK: 0 - CUDA_VISIBLE_DEVICES: [0]
[I 2023-12-27 10:53:19,782] Trial 38 finished with value: 37.050537109375 and parameters: {'gradient_clip_val': 0.13613865402401484, 'hidden_size': 12, 'dropout': 0.4533323808884878, 'hidden_continuous_size': 10, 'attention_head_size': 2, 'learning_rate': 0.05767113810641913}. Best is trial 0 with value: 7.9883880615234375.
LOCAL_RANK: 0 - CUDA_VISIBLE_DEVICES: [0]
[I 2023-12-27 10:53:20,235] Trial 39 finished with value: 35.60408401489258 and parameters: {'gradient_clip_val': 0.16717523127146658, 'hidden_size': 17, 'dropout': 0.39564532407038794, 'hidden_continuous_size': 11, 'attention_head_size': 1, 'learning_rate': 0.024987232065677403}. Best is trial 0 with value: 7.9883880615234375.
LOCAL_RANK: 0 - CUDA_VISIBLE_DEVICES: [0]
[I 2023-12-27 10:53:20,685] Trial 40 finished with value: 31.866174697875977 and parameters: {'gradient_clip_val': 0.9856802342018861, 'hidden_size': 10, 'dropout': 0.24325291665032028, 'hidden_continuous_size': 8, 'attention_head_size': 1, 'learning_rate': 0.035360569810474196}. Best is trial 0 with value: 7.9883880615234375.
LOCAL_RANK: 0 - CUDA_VISIBLE_DEVICES: [0]
[I 2023-12-27 10:53:21,155] Trial 41 finished with value: 34.28288269042969 and parameters: {'gradient_clip_val': 0.32295817344160893, 'hidden_size': 58, 'dropout': 0.1595201906553002, 'hidden_continuous_size': 15, 'attention_head_size': 1, 'learning_rate': 0.001239644532414748}. Best is trial 0 with value: 7.9883880615234375.
LOCAL_RANK: 0 - CUDA_VISIBLE_DEVICES: [0]
[I 2023-12-27 10:53:21,624] Trial 42 finished with value: 43.71220016479492 and parameters: {'gradient_clip_val': 0.3973656600797998, 'hidden_size': 49, 'dropout': 0.13706509780023074, 'hidden_continuous_size': 16, 'attention_head_size': 1, 'learning_rate': 0.007404838235108317}. Best is trial 0 with value: 7.9883880615234375.
LOCAL_RANK: 0 - CUDA_VISIBLE_DEVICES: [0]
[I 2023-12-27 10:53:22,073] Trial 43 finished with value: 52.603302001953125 and parameters: {'gradient_clip_val': 0.24509138877014958, 'hidden_size': 43, 'dropout': 0.21994936172502055, 'hidden_continuous_size': 18, 'attention_head_size': 1, 'learning_rate': 0.0027221190392759153}. Best is trial 0 with value: 7.9883880615234375.
LOCAL_RANK: 0 - CUDA_VISIBLE_DEVICES: [0]
[I 2023-12-27 10:53:22,534] Trial 44 finished with value: 28.204673767089844 and parameters: {'gradient_clip_val': 0.2929411869615527, 'hidden_size': 34, 'dropout': 0.10419496819062368, 'hidden_continuous_size': 14, 'attention_head_size': 1, 'learning_rate': 0.0005312046634657193}. Best is trial 0 with value: 7.9883880615234375.
LOCAL_RANK: 0 - CUDA_VISIBLE_DEVICES: [0]
[I 2023-12-27 10:53:23,286] Trial 45 finished with value: 40.52470016479492 and parameters: {'gradient_clip_val': 0.290133744206572, 'hidden_size': 24, 'dropout': 0.10144380868495567, 'hidden_continuous_size': 9, 'attention_head_size': 3, 'learning_rate': 0.0006085161859141065}. Best is trial 0 with value: 7.9883880615234375.
LOCAL_RANK: 0 - CUDA_VISIBLE_DEVICES: [0]
[I 2023-12-27 10:53:23,719] Trial 46 finished with value: 32.3846435546875 and parameters: {'gradient_clip_val': 0.21728681064463365, 'hidden_size': 35, 'dropout': 0.12962880688118328, 'hidden_continuous_size': 12, 'attention_head_size': 1, 'learning_rate': 0.0006628369526915089}. Best is trial 0 with value: 7.9883880615234375.
LOCAL_RANK: 0 - CUDA_VISIBLE_DEVICES: [0]
[I 2023-12-27 10:53:24,160] Trial 47 finished with value: 33.53657913208008 and parameters: {'gradient_clip_val': 0.36304998862873555, 'hidden_size': 28, 'dropout': 0.11782215530727924, 'hidden_continuous_size': 14, 'attention_head_size': 1, 'learning_rate': 0.0005005099487209496}. Best is trial 0 with value: 7.9883880615234375.
LOCAL_RANK: 0 - CUDA_VISIBLE_DEVICES: [0]
[I 2023-12-27 10:53:24,598] Trial 48 finished with value: 42.073211669921875 and parameters: {'gradient_clip_val': 0.4502598231704442, 'hidden_size': 20, 'dropout': 0.11302420604166916, 'hidden_continuous_size': 11, 'attention_head_size': 2, 'learning_rate': 0.0008376711703119558}. Best is trial 0 with value: 7.9883880615234375.
LOCAL_RANK: 0 - CUDA_VISIBLE_DEVICES: [0]
[I 2023-12-27 10:53:25,061] Trial 49 finished with value: 30.606689453125 and parameters: {'gradient_clip_val': 0.33891457815109516, 'hidden_size': 33, 'dropout': 0.17027483595133452, 'hidden_continuous_size': 18, 'attention_head_size': 1, 'learning_rate': 0.0018138107942782243}. Best is trial 0 with value: 7.9883880615234375.
[I 2023-12-27 10:53:25,190] A new study created in memory with name: no-name-042645be-3066-4065-a510-8836083eb5fd
/home/le004/conda/anaconda3/envs/tsff_env/lib/python3.9/site-packages/lightning/fabric/plugins/environments/slurm.py:191: The `srun` command is available on your system but is not used. HINT: If your intention is to run Lightning on SLURM, prepend your python command with `srun` like so: srun python /home/le004/master_thesis/git/TSFusionForecast/code/ ...
LOCAL_RANK: 0 - CUDA_VISIBLE_DEVICES: [0]
[I 2023-12-27 10:53:42,877] Trial 0 finished with value: 3311.941650390625 and parameters: {'gradient_clip_val': 0.5761795755399431, 'hidden_size': 47, 'dropout': 0.36102881293322386, 'hidden_continuous_size': 21, 'attention_head_size': 2, 'learning_rate': 0.031191816639605578}. Best is trial 0 with value: 3311.941650390625.
LOCAL_RANK: 0 - CUDA_VISIBLE_DEVICES: [0]
[I 2023-12-27 10:53:43,297] Trial 1 finished with value: 5237.92626953125 and parameters: {'gradient_clip_val': 0.5556450422689984, 'hidden_size': 9, 'dropout': 0.47955112464437544, 'hidden_continuous_size': 5, 'attention_head_size': 2, 'learning_rate': 0.0015972979945183406}. Best is trial 0 with value: 3311.941650390625.
LOCAL_RANK: 0 - CUDA_VISIBLE_DEVICES: [0]
[I 2023-12-27 10:53:43,728] Trial 2 finished with value: 6402.43505859375 and parameters: {'gradient_clip_val': 0.15103267868734116, 'hidden_size': 24, 'dropout': 0.17777973050657248, 'hidden_continuous_size': 12, 'attention_head_size': 3, 'learning_rate': 0.006621526990498183}. Best is trial 0 with value: 3311.941650390625.
LOCAL_RANK: 0 - CUDA_VISIBLE_DEVICES: [0]
[I 2023-12-27 10:53:44,151] Trial 3 finished with value: 6350.92822265625 and parameters: {'gradient_clip_val': 0.2352225604009785, 'hidden_size': 20, 'dropout': 0.3964171287562349, 'hidden_continuous_size': 15, 'attention_head_size': 1, 'learning_rate': 0.008521767700567184}. Best is trial 0 with value: 3311.941650390625.
LOCAL_RANK: 0 - CUDA_VISIBLE_DEVICES: [0]
[I 2023-12-27 10:53:44,601] Trial 4 finished with value: 7454.04638671875 and parameters: {'gradient_clip_val': 0.12897525451373282, 'hidden_size': 15, 'dropout': 0.28562084888814154, 'hidden_continuous_size': 5, 'attention_head_size': 3, 'learning_rate': 0.016883239123844696}. Best is trial 0 with value: 3311.941650390625.
LOCAL_RANK: 0 - CUDA_VISIBLE_DEVICES: [0]
[I 2023-12-27 10:53:45,017] Trial 5 finished with value: 6024.6796875 and parameters: {'gradient_clip_val': 0.3313514670146257, 'hidden_size': 28, 'dropout': 0.38679576636728896, 'hidden_continuous_size': 13, 'attention_head_size': 1, 'learning_rate': 0.0009020932074317383}. Best is trial 0 with value: 3311.941650390625.
LOCAL_RANK: 0 - CUDA_VISIBLE_DEVICES: [0]
[I 2023-12-27 10:53:45,440] Trial 6 finished with value: 5503.45947265625 and parameters: {'gradient_clip_val': 0.31826957004580453, 'hidden_size': 20, 'dropout': 0.4274930633009204, 'hidden_continuous_size': 11, 'attention_head_size': 3, 'learning_rate': 0.06717611797525565}. Best is trial 0 with value: 3311.941650390625.
LOCAL_RANK: 0 - CUDA_VISIBLE_DEVICES: [0]
[I 2023-12-27 10:53:46,202] Trial 7 finished with value: 5621.96240234375 and parameters: {'gradient_clip_val': 0.9299285372437179, 'hidden_size': 110, 'dropout': 0.3745758117866206, 'hidden_continuous_size': 72, 'attention_head_size': 3, 'learning_rate': 0.0010437195828628637}. Best is trial 0 with value: 3311.941650390625.
LOCAL_RANK: 0 - CUDA_VISIBLE_DEVICES: [0]
[I 2023-12-27 10:53:46,657] Trial 8 finished with value: 5635.55322265625 and parameters: {'gradient_clip_val': 0.6485124969172635, 'hidden_size': 21, 'dropout': 0.4437345773425885, 'hidden_continuous_size': 11, 'attention_head_size': 4, 'learning_rate': 0.040055234388626876}. Best is trial 0 with value: 3311.941650390625.
LOCAL_RANK: 0 - CUDA_VISIBLE_DEVICES: [0]
[I 2023-12-27 10:53:47,093] Trial 9 finished with value: 6249.08154296875 and parameters: {'gradient_clip_val': 0.757755878485884, 'hidden_size': 32, 'dropout': 0.30858455623193914, 'hidden_continuous_size': 18, 'attention_head_size': 2, 'learning_rate': 0.015052387209419024}. Best is trial 0 with value: 3311.941650390625.
LOCAL_RANK: 0 - CUDA_VISIBLE_DEVICES: [0]
[I 2023-12-27 10:53:47,522] Trial 10 finished with value: 5927.73583984375 and parameters: {'gradient_clip_val': 0.4613170493639482, 'hidden_size': 5, 'dropout': 0.1006840495428884, 'hidden_continuous_size': 5, 'attention_head_size': 4, 'learning_rate': 0.07176861892371669}. Best is trial 0 with value: 3311.941650390625.
LOCAL_RANK: 0 - CUDA_VISIBLE_DEVICES: [0]
[I 2023-12-27 10:53:48,016] Trial 11 finished with value: 5308.63232421875 and parameters: {'gradient_clip_val': 0.5402029559621524, 'hidden_size': 69, 'dropout': 0.4905133265606556, 'hidden_continuous_size': 23, 'attention_head_size': 2, 'learning_rate': 0.0028586222114152546}. Best is trial 0 with value: 3311.941650390625.
LOCAL_RANK: 0 - CUDA_VISIBLE_DEVICES: [0]
[I 2023-12-27 10:53:48,466] Trial 12 finished with value: 5137.39599609375 and parameters: {'gradient_clip_val': 0.4507673393679461, 'hidden_size': 9, 'dropout': 0.4926121441228064, 'hidden_continuous_size': 6, 'attention_head_size': 2, 'learning_rate': 0.0005087977170775886}. Best is trial 0 with value: 3311.941650390625.
LOCAL_RANK: 0 - CUDA_VISIBLE_DEVICES: [0]
[I 2023-12-27 10:53:48,950] Trial 13 finished with value: 5185.34521484375 and parameters: {'gradient_clip_val': 0.42257472287292747, 'hidden_size': 57, 'dropout': 0.4921348205326995, 'hidden_continuous_size': 8, 'attention_head_size': 1, 'learning_rate': 0.0005388112770886373}. Best is trial 0 with value: 3311.941650390625.
LOCAL_RANK: 0 - CUDA_VISIBLE_DEVICES: [0]
