[I 2023-12-26 17:34:46,944] Trial 11 finished with value: 214.67222595214844 and parameters: {'gradient_clip_val': 0.43982611887205075, 'hidden_size': 46, 'dropout': 0.499747695109904, 'hidden_continuous_size': 20, 'attention_head_size': 2, 'learning_rate': 0.006904266461110774}. Best is trial 0 with value: 152.55946350097656.
[I 2023-12-26 17:34:50,533] Trial 12 finished with value: 217.79273986816406 and parameters: {'gradient_clip_val': 0.908875824985526, 'hidden_size': 62, 'dropout': 0.43376073859026615, 'hidden_continuous_size': 23, 'attention_head_size': 2, 'learning_rate': 0.0072410509180165375}. Best is trial 0 with value: 152.55946350097656.
[I 2023-12-26 17:34:52,890] Trial 13 finished with value: 237.13258361816406 and parameters: {'gradient_clip_val': 0.45907809996910465, 'hidden_size': 29, 'dropout': 0.4349353386427947, 'hidden_continuous_size': 8, 'attention_head_size': 1, 'learning_rate': 0.017345549192404927}. Best is trial 0 with value: 152.55946350097656.
[I 2023-12-26 17:34:56,726] Trial 14 finished with value: 189.4131622314453 and parameters: {'gradient_clip_val': 0.2615256940427131, 'hidden_size': 70, 'dropout': 0.4358928953521051, 'hidden_continuous_size': 5, 'attention_head_size': 2, 'learning_rate': 0.0036131170817904584}. Best is trial 0 with value: 152.55946350097656.
[I 2023-12-26 17:34:58,986] Trial 15 finished with value: 236.46482849121094 and parameters: {'gradient_clip_val': 0.5805287483094542, 'hidden_size': 25, 'dropout': 0.37435181330929845, 'hidden_continuous_size': 8, 'attention_head_size': 3, 'learning_rate': 0.000517201737510008}. Best is trial 0 with value: 152.55946350097656.
[I 2023-12-26 17:35:03,743] Trial 16 finished with value: 214.46800231933594 and parameters: {'gradient_clip_val': 0.2287097601307671, 'hidden_size': 82, 'dropout': 0.4690898287323363, 'hidden_continuous_size': 29, 'attention_head_size': 1, 'learning_rate': 0.020769878447254756}. Best is trial 0 with value: 152.55946350097656.
[I 2023-12-26 17:35:06,544] Trial 17 finished with value: 203.1815185546875 and parameters: {'gradient_clip_val': 0.3726867873704307, 'hidden_size': 43, 'dropout': 0.40553040524298206, 'hidden_continuous_size': 12, 'attention_head_size': 2, 'learning_rate': 0.003776875589832634}. Best is trial 0 with value: 152.55946350097656.
[I 2023-12-26 17:35:11,990] Trial 18 finished with value: 232.9520721435547 and parameters: {'gradient_clip_val': 0.23914588077082136, 'hidden_size': 94, 'dropout': 0.3275241864894013, 'hidden_continuous_size': 15, 'attention_head_size': 3, 'learning_rate': 0.02376384508052355}. Best is trial 0 with value: 152.55946350097656.
[I 2023-12-26 17:35:14,895] Trial 19 finished with value: 217.57896423339844 and parameters: {'gradient_clip_val': 0.3737055425916033, 'hidden_size': 51, 'dropout': 0.24910002314219706, 'hidden_continuous_size': 9, 'attention_head_size': 1, 'learning_rate': 0.002863816248240259}. Best is trial 0 with value: 152.55946350097656.
[I 2023-12-26 17:35:19,967] Trial 20 finished with value: 225.01063537597656 and parameters: {'gradient_clip_val': 0.5385561581453057, 'hidden_size': 90, 'dropout': 0.46898192833714225, 'hidden_continuous_size': 6, 'attention_head_size': 2, 'learning_rate': 0.005066908519447678}. Best is trial 0 with value: 152.55946350097656.
[I 2023-12-26 17:35:23,943] Trial 21 finished with value: 194.1234130859375 and parameters: {'gradient_clip_val': 0.26919430139701767, 'hidden_size': 71, 'dropout': 0.4380920450930335, 'hidden_continuous_size': 5, 'attention_head_size': 2, 'learning_rate': 0.004645582888628519}. Best is trial 0 with value: 152.55946350097656.
[I 2023-12-26 17:35:32,936] Trial 22 finished with value: 233.617431640625 and parameters: {'gradient_clip_val': 0.23827390570518783, 'hidden_size': 150, 'dropout': 0.39268789808602855, 'hidden_continuous_size': 5, 'attention_head_size': 2, 'learning_rate': 0.002610930085786524}. Best is trial 0 with value: 152.55946350097656.
[I 2023-12-26 17:35:36,048] Trial 23 finished with value: 182.4007568359375 and parameters: {'gradient_clip_val': 0.30464373307005294, 'hidden_size': 55, 'dropout': 0.4184672949332586, 'hidden_continuous_size': 7, 'attention_head_size': 2, 'learning_rate': 0.010126870259801687}. Best is trial 0 with value: 152.55946350097656.
[I 2023-12-26 17:35:38,516] Trial 24 finished with value: 218.5609130859375 and parameters: {'gradient_clip_val': 0.34035228903946213, 'hidden_size': 33, 'dropout': 0.47512108975349077, 'hidden_continuous_size': 9, 'attention_head_size': 3, 'learning_rate': 0.010653491019565841}. Best is trial 0 with value: 152.55946350097656.
[I 2023-12-26 17:35:41,583] Trial 25 finished with value: 233.9152374267578 and parameters: {'gradient_clip_val': 0.4093296027475414, 'hidden_size': 53, 'dropout': 0.3994784387811179, 'hidden_continuous_size': 12, 'attention_head_size': 2, 'learning_rate': 0.010607231923439838}. Best is trial 0 with value: 152.55946350097656.
[I 2023-12-26 17:35:47,217] Trial 26 finished with value: 198.5280303955078 and parameters: {'gradient_clip_val': 0.3070322467298249, 'hidden_size': 99, 'dropout': 0.36183385588675177, 'hidden_continuous_size': 7, 'attention_head_size': 1, 'learning_rate': 0.006660519197586116}. Best is trial 0 with value: 152.55946350097656.
[I 2023-12-26 17:35:49,860] Trial 27 finished with value: 211.84271240234375 and parameters: {'gradient_clip_val': 0.19273568279207262, 'hidden_size': 39, 'dropout': 0.45469770748031707, 'hidden_continuous_size': 10, 'attention_head_size': 2, 'learning_rate': 0.013455956131570213}. Best is trial 0 with value: 152.55946350097656.
[I 2023-12-26 17:35:52,895] Trial 28 finished with value: 241.3079376220703 and parameters: {'gradient_clip_val': 0.9999785093691568, 'hidden_size': 51, 'dropout': 0.42642595990274473, 'hidden_continuous_size': 12, 'attention_head_size': 3, 'learning_rate': 0.02802046243722586}. Best is trial 0 with value: 152.55946350097656.
[I 2023-12-26 17:35:55,618] Trial 29 finished with value: 280.74261474609375 and parameters: {'gradient_clip_val': 0.19721888699375675, 'hidden_size': 41, 'dropout': 0.40189961413259634, 'hidden_continuous_size': 17, 'attention_head_size': 3, 'learning_rate': 0.006831643626258395}. Best is trial 0 with value: 152.55946350097656.
[I 2023-12-26 17:35:58,061] Trial 30 finished with value: 232.61399841308594 and parameters: {'gradient_clip_val': 0.4680643578442215, 'hidden_size': 36, 'dropout': 0.4844585158180014, 'hidden_continuous_size': 6, 'attention_head_size': 1, 'learning_rate': 0.03385876973184562}. Best is trial 0 with value: 152.55946350097656.
[I 2023-12-26 17:36:02,065] Trial 31 finished with value: 235.7095184326172 and parameters: {'gradient_clip_val': 0.27624811982256264, 'hidden_size': 71, 'dropout': 0.456168418601485, 'hidden_continuous_size': 7, 'attention_head_size': 2, 'learning_rate': 0.003555096803549092}. Best is trial 0 with value: 152.55946350097656.
[I 2023-12-26 17:36:06,327] Trial 32 finished with value: 215.97955322265625 and parameters: {'gradient_clip_val': 0.34540073651431674, 'hidden_size': 77, 'dropout': 0.4184140364979784, 'hidden_continuous_size': 5, 'attention_head_size': 2, 'learning_rate': 0.0051646453162955816}. Best is trial 0 with value: 152.55946350097656.
[I 2023-12-26 17:36:09,917] Trial 33 finished with value: 248.28257751464844 and parameters: {'gradient_clip_val': 0.27361456146533947, 'hidden_size': 59, 'dropout': 0.4501505093811163, 'hidden_continuous_size': 6, 'attention_head_size': 4, 'learning_rate': 0.00910408049207155}. Best is trial 0 with value: 152.55946350097656.
[I 2023-12-26 17:36:16,529] Trial 34 finished with value: 233.8175048828125 and parameters: {'gradient_clip_val': 0.31501062682675124, 'hidden_size': 109, 'dropout': 0.4198922517964334, 'hidden_continuous_size': 39, 'attention_head_size': 2, 'learning_rate': 0.014898292633235994}. Best is trial 0 with value: 152.55946350097656.
[I 2023-12-26 17:36:21,054] Trial 35 finished with value: 228.88824462890625 and parameters: {'gradient_clip_val': 0.21508051727211108, 'hidden_size': 81, 'dropout': 0.47518072477192985, 'hidden_continuous_size': 15, 'attention_head_size': 2, 'learning_rate': 0.0022098401893708135}. Best is trial 0 with value: 152.55946350097656.
[I 2023-12-26 17:36:23,215] Trial 36 finished with value: 193.00596618652344 and parameters: {'gradient_clip_val': 0.15760683709001944, 'hidden_size': 22, 'dropout': 0.3537168763336481, 'hidden_continuous_size': 8, 'attention_head_size': 2, 'learning_rate': 0.00417615072841119}. Best is trial 0 with value: 152.55946350097656.
[I 2023-12-26 17:36:29,025] Trial 37 finished with value: 236.5121612548828 and parameters: {'gradient_clip_val': 0.25969241058333764, 'hidden_size': 102, 'dropout': 0.44895257423292195, 'hidden_continuous_size': 5, 'attention_head_size': 2, 'learning_rate': 0.005507304221002718}. Best is trial 0 with value: 152.55946350097656.
[I 2023-12-26 17:36:31,513] Trial 38 finished with value: 231.1938934326172 and parameters: {'gradient_clip_val': 0.1767061319099128, 'hidden_size': 31, 'dropout': 0.384553218098709, 'hidden_continuous_size': 7, 'attention_head_size': 3, 'learning_rate': 0.0033902559249345816}. Best is trial 0 with value: 152.55946350097656.
[I 2023-12-26 17:36:35,124] Trial 39 finished with value: 248.88856506347656 and parameters: {'gradient_clip_val': 0.29870506222733867, 'hidden_size': 68, 'dropout': 0.49749923438222854, 'hidden_continuous_size': 6, 'attention_head_size': 1, 'learning_rate': 0.008356867720911675}. Best is trial 0 with value: 152.55946350097656.
[I 2023-12-26 17:36:38,046] Trial 40 finished with value: 283.9972839355469 and parameters: {'gradient_clip_val': 0.21490281260596675, 'hidden_size': 49, 'dropout': 0.4175987004160901, 'hidden_continuous_size': 13, 'attention_head_size': 2, 'learning_rate': 0.002117144022381769}. Best is trial 0 with value: 152.55946350097656.
[I 2023-12-26 17:36:40,156] Trial 41 finished with value: 242.1358184814453 and parameters: {'gradient_clip_val': 0.16485651278217506, 'hidden_size': 20, 'dropout': 0.35804010905946826, 'hidden_continuous_size': 8, 'attention_head_size': 2, 'learning_rate': 0.004145057268988662}. Best is trial 0 with value: 152.55946350097656.
[I 2023-12-26 17:36:42,822] Trial 42 finished with value: 217.56858825683594 and parameters: {'gradient_clip_val': 0.14661026692989804, 'hidden_size': 39, 'dropout': 0.33924468846556466, 'hidden_continuous_size': 10, 'attention_head_size': 2, 'learning_rate': 0.0062604319599605255}. Best is trial 0 with value: 152.55946350097656.
[I 2023-12-26 17:36:45,081] Trial 43 finished with value: 221.6648406982422 and parameters: {'gradient_clip_val': 0.1301698164084047, 'hidden_size': 25, 'dropout': 0.44354869887368736, 'hidden_continuous_size': 9, 'attention_head_size': 2, 'learning_rate': 0.004475911344835985}. Best is trial 0 with value: 152.55946350097656.
[I 2023-12-26 17:36:48,298] Trial 44 finished with value: 224.9310302734375 and parameters: {'gradient_clip_val': 0.2025085940337815, 'hidden_size': 58, 'dropout': 0.37192295229243577, 'hidden_continuous_size': 7, 'attention_head_size': 2, 'learning_rate': 0.008214727091866093}. Best is trial 0 with value: 152.55946350097656.
[I 2023-12-26 17:36:50,646] Trial 45 finished with value: 208.79266357421875 and parameters: {'gradient_clip_val': 0.17828560452747533, 'hidden_size': 15, 'dropout': 0.41543116200070945, 'hidden_continuous_size': 8, 'attention_head_size': 3, 'learning_rate': 0.005982450768672975}. Best is trial 0 with value: 152.55946350097656.
[I 2023-12-26 17:36:53,474] Trial 46 finished with value: 233.4605255126953 and parameters: {'gradient_clip_val': 0.7088618988638633, 'hidden_size': 45, 'dropout': 0.38106797978680146, 'hidden_continuous_size': 11, 'attention_head_size': 2, 'learning_rate': 0.003048100980419572}. Best is trial 0 with value: 152.55946350097656.
[I 2023-12-26 17:36:57,149] Trial 47 finished with value: 225.46929931640625 and parameters: {'gradient_clip_val': 0.23953681242282254, 'hidden_size': 65, 'dropout': 0.4849231917731993, 'hidden_continuous_size': 23, 'attention_head_size': 2, 'learning_rate': 0.004145020267701548}. Best is trial 0 with value: 152.55946350097656.
[I 2023-12-26 17:37:04,141] Trial 48 finished with value: 212.32798767089844 and parameters: {'gradient_clip_val': 0.24965402711498919, 'hidden_size': 120, 'dropout': 0.4344715201760067, 'hidden_continuous_size': 33, 'attention_head_size': 1, 'learning_rate': 0.0016958506563469965}. Best is trial 0 with value: 152.55946350097656.
[I 2023-12-26 17:37:07,121] Trial 49 finished with value: 262.093505859375 and parameters: {'gradient_clip_val': 0.28192437936394454, 'hidden_size': 56, 'dropout': 0.4661391056308192, 'hidden_continuous_size': 6, 'attention_head_size': 2, 'learning_rate': 0.00543755494430423}. Best is trial 0 with value: 152.55946350097656.
