[I 2023-12-15 19:15:46,066] Trial 26 finished with value: 0.048329491168260574 and parameters: {'gradient_clip_val': 0.2630046847880499, 'hidden_size': 19, 'dropout': 0.23832233630958388, 'hidden_continuous_size': 7, 'attention_head_size': 2, 'learning_rate': 0.022072797002792407}. Best is trial 5 with value: 0.036139506846666336.
LOCAL_RANK: 0 - CUDA_VISIBLE_DEVICES: [0]
[I 2023-12-15 19:16:31,117] Trial 27 finished with value: 0.05561375245451927 and parameters: {'gradient_clip_val': 0.2043602449772425, 'hidden_size': 13, 'dropout': 0.2015959835269459, 'hidden_continuous_size': 6, 'attention_head_size': 1, 'learning_rate': 0.01307389132185095}. Best is trial 5 with value: 0.036139506846666336.
LOCAL_RANK: 0 - CUDA_VISIBLE_DEVICES: [0]
[I 2023-12-15 19:17:17,127] Trial 28 finished with value: 0.057205598801374435 and parameters: {'gradient_clip_val': 0.41277774187804, 'hidden_size': 10, 'dropout': 0.2212509483536036, 'hidden_continuous_size': 6, 'attention_head_size': 4, 'learning_rate': 0.04441878850312758}. Best is trial 5 with value: 0.036139506846666336.
LOCAL_RANK: 0 - CUDA_VISIBLE_DEVICES: [0]
[I 2023-12-15 19:18:05,627] Trial 29 finished with value: 0.04717573896050453 and parameters: {'gradient_clip_val': 0.14086531800457863, 'hidden_size': 24, 'dropout': 0.3039035168028992, 'hidden_continuous_size': 9, 'attention_head_size': 4, 'learning_rate': 0.05525362746342559}. Best is trial 5 with value: 0.036139506846666336.
LOCAL_RANK: 0 - CUDA_VISIBLE_DEVICES: [0]
[I 2023-12-15 19:18:53,032] Trial 30 finished with value: 0.03965995833277702 and parameters: {'gradient_clip_val': 0.2532670291841082, 'hidden_size': 19, 'dropout': 0.27672502122995596, 'hidden_continuous_size': 8, 'attention_head_size': 2, 'learning_rate': 0.027638114917116676}. Best is trial 5 with value: 0.036139506846666336.
LOCAL_RANK: 0 - CUDA_VISIBLE_DEVICES: [0]
[I 2023-12-15 19:19:40,016] Trial 31 finished with value: 0.05190417543053627 and parameters: {'gradient_clip_val': 0.23633634066931453, 'hidden_size': 18, 'dropout': 0.277953128154487, 'hidden_continuous_size': 8, 'attention_head_size': 2, 'learning_rate': 0.029520184409485055}. Best is trial 5 with value: 0.036139506846666336.
LOCAL_RANK: 0 - CUDA_VISIBLE_DEVICES: [0]
[I 2023-12-15 19:20:25,859] Trial 32 finished with value: 0.03844417631626129 and parameters: {'gradient_clip_val': 0.3027558909216988, 'hidden_size': 14, 'dropout': 0.2413050934166145, 'hidden_continuous_size': 7, 'attention_head_size': 2, 'learning_rate': 0.015199468536574017}. Best is trial 5 with value: 0.036139506846666336.
LOCAL_RANK: 0 - CUDA_VISIBLE_DEVICES: [0]
[I 2023-12-15 19:21:12,424] Trial 33 finished with value: 0.07042499631643295 and parameters: {'gradient_clip_val': 0.29281434174614285, 'hidden_size': 17, 'dropout': 0.24824957599482333, 'hidden_continuous_size': 8, 'attention_head_size': 2, 'learning_rate': 0.016430300974693356}. Best is trial 5 with value: 0.036139506846666336.
LOCAL_RANK: 0 - CUDA_VISIBLE_DEVICES: [0]
[I 2023-12-15 19:22:01,362] Trial 34 finished with value: 0.05389459803700447 and parameters: {'gradient_clip_val': 0.2429484852263855, 'hidden_size': 22, 'dropout': 0.28577969940560777, 'hidden_continuous_size': 7, 'attention_head_size': 3, 'learning_rate': 0.04343248257875111}. Best is trial 5 with value: 0.036139506846666336.
LOCAL_RANK: 0 - CUDA_VISIBLE_DEVICES: [0]
[I 2023-12-15 19:22:46,869] Trial 35 finished with value: 0.0824546068906784 and parameters: {'gradient_clip_val': 0.19058216273944542, 'hidden_size': 14, 'dropout': 0.32380739772643863, 'hidden_continuous_size': 7, 'attention_head_size': 2, 'learning_rate': 0.027837238133660493}. Best is trial 5 with value: 0.036139506846666336.
LOCAL_RANK: 0 - CUDA_VISIBLE_DEVICES: [0]
[I 2023-12-15 19:23:35,661] Trial 36 finished with value: 0.07215516269207001 and parameters: {'gradient_clip_val': 0.22307885842590816, 'hidden_size': 29, 'dropout': 0.2737691845756379, 'hidden_continuous_size': 10, 'attention_head_size': 1, 'learning_rate': 0.01111688866332588}. Best is trial 5 with value: 0.036139506846666336.
LOCAL_RANK: 0 - CUDA_VISIBLE_DEVICES: [0]
[I 2023-12-15 19:24:24,410] Trial 37 finished with value: 0.05118049308657646 and parameters: {'gradient_clip_val': 0.26041074094468264, 'hidden_size': 21, 'dropout': 0.26307237265794703, 'hidden_continuous_size': 8, 'attention_head_size': 3, 'learning_rate': 0.024695207614007987}. Best is trial 5 with value: 0.036139506846666336.
LOCAL_RANK: 0 - CUDA_VISIBLE_DEVICES: [0]
[I 2023-12-15 19:25:09,825] Trial 38 finished with value: 0.034799974411726 and parameters: {'gradient_clip_val': 0.3174032622427854, 'hidden_size': 14, 'dropout': 0.29082030000103953, 'hidden_continuous_size': 7, 'attention_head_size': 2, 'learning_rate': 0.015511831968395803}. Best is trial 38 with value: 0.034799974411726.
LOCAL_RANK: 0 - CUDA_VISIBLE_DEVICES: [0]
[I 2023-12-15 19:25:55,576] Trial 39 finished with value: 0.05160854384303093 and parameters: {'gradient_clip_val': 0.32442209414346107, 'hidden_size': 13, 'dropout': 0.29415466982185295, 'hidden_continuous_size': 8, 'attention_head_size': 2, 'learning_rate': 0.015928973143360323}. Best is trial 38 with value: 0.034799974411726.
LOCAL_RANK: 0 - CUDA_VISIBLE_DEVICES: [0]
[I 2023-12-15 19:26:44,569] Trial 40 finished with value: 0.06027856841683388 and parameters: {'gradient_clip_val': 0.28971826054726163, 'hidden_size': 26, 'dropout': 0.312792713425651, 'hidden_continuous_size': 11, 'attention_head_size': 2, 'learning_rate': 0.06873139431691422}. Best is trial 38 with value: 0.034799974411726.
LOCAL_RANK: 0 - CUDA_VISIBLE_DEVICES: [0]
[I 2023-12-15 19:27:29,547] Trial 41 finished with value: 0.03422856330871582 and parameters: {'gradient_clip_val': 0.2694276737566341, 'hidden_size': 16, 'dropout': 0.289140364031801, 'hidden_continuous_size': 7, 'attention_head_size': 2, 'learning_rate': 0.009087163981437328}. Best is trial 41 with value: 0.03422856330871582.
LOCAL_RANK: 0 - CUDA_VISIBLE_DEVICES: [0]
[I 2023-12-15 19:28:17,505] Trial 42 finished with value: 0.044078629463911057 and parameters: {'gradient_clip_val': 0.3651551167303487, 'hidden_size': 19, 'dropout': 0.32863090873298995, 'hidden_continuous_size': 9, 'attention_head_size': 2, 'learning_rate': 0.00862411785447351}. Best is trial 41 with value: 0.03422856330871582.
LOCAL_RANK: 0 - CUDA_VISIBLE_DEVICES: [0]
[I 2023-12-15 19:29:03,128] Trial 43 finished with value: 0.07964838296175003 and parameters: {'gradient_clip_val': 0.2647161313351553, 'hidden_size': 14, 'dropout': 0.2978143015899905, 'hidden_continuous_size': 7, 'attention_head_size': 2, 'learning_rate': 0.035994973244813176}. Best is trial 41 with value: 0.03422856330871582.
LOCAL_RANK: 0 - CUDA_VISIBLE_DEVICES: [0]
[I 2023-12-15 19:29:48,644] Trial 44 finished with value: 0.08001085370779037 and parameters: {'gradient_clip_val': 0.2899488315851091, 'hidden_size': 11, 'dropout': 0.28541624221545003, 'hidden_continuous_size': 6, 'attention_head_size': 2, 'learning_rate': 0.009409675870777692}. Best is trial 41 with value: 0.03422856330871582.
LOCAL_RANK: 0 - CUDA_VISIBLE_DEVICES: [0]
[I 2023-12-15 19:30:34,359] Trial 45 finished with value: 0.0358535535633564 and parameters: {'gradient_clip_val': 0.3519557462276542, 'hidden_size': 15, 'dropout': 0.33563749878249094, 'hidden_continuous_size': 8, 'attention_head_size': 2, 'learning_rate': 0.015461968426205942}. Best is trial 41 with value: 0.03422856330871582.
LOCAL_RANK: 0 - CUDA_VISIBLE_DEVICES: [0]
[I 2023-12-15 19:31:19,922] Trial 46 finished with value: 0.06447840481996536 and parameters: {'gradient_clip_val': 0.36230834629133424, 'hidden_size': 15, 'dropout': 0.3513891545623788, 'hidden_continuous_size': 7, 'attention_head_size': 2, 'learning_rate': 0.010443116927476176}. Best is trial 41 with value: 0.03422856330871582.
LOCAL_RANK: 0 - CUDA_VISIBLE_DEVICES: [0]
[I 2023-12-15 19:32:05,966] Trial 47 finished with value: 0.06395936012268066 and parameters: {'gradient_clip_val': 0.3156547682608158, 'hidden_size': 9, 'dropout': 0.3323978619371731, 'hidden_continuous_size': 7, 'attention_head_size': 3, 'learning_rate': 0.007140818191723196}. Best is trial 41 with value: 0.03422856330871582.
LOCAL_RANK: 0 - CUDA_VISIBLE_DEVICES: [0]
[I 2023-12-15 19:32:50,781] Trial 48 finished with value: 0.05847114697098732 and parameters: {'gradient_clip_val': 0.47138797182773995, 'hidden_size': 12, 'dropout': 0.30794875143728906, 'hidden_continuous_size': 8, 'attention_head_size': 3, 'learning_rate': 0.015253672827001694}. Best is trial 41 with value: 0.03422856330871582.
LOCAL_RANK: 0 - CUDA_VISIBLE_DEVICES: [0]
[I 2023-12-15 19:33:34,708] Trial 49 finished with value: 0.13204175233840942 and parameters: {'gradient_clip_val': 0.3389398040189773, 'hidden_size': 8, 'dropout': 0.3417656975959474, 'hidden_continuous_size': 5, 'attention_head_size': 2, 'learning_rate': 0.005915004063272803}. Best is trial 41 with value: 0.03422856330871582.
[I 2023-12-15 19:33:34,802] A new study created in memory with name: no-name-6c8b2437-d31c-4246-b9ab-ac8c3815ff5f
/home/le004/conda/anaconda3/envs/tsff_env/lib/python3.9/site-packages/lightning/fabric/plugins/environments/slurm.py:191: The `srun` command is available on your system but is not used. HINT: If your intention is to run Lightning on SLURM, prepend your python command with `srun` like so: srun python /home/le004/master_thesis/git/TSFusionForecast/code/ ...
LOCAL_RANK: 0 - CUDA_VISIBLE_DEVICES: [0]
[I 2023-12-15 19:34:22,504] Trial 0 finished with value: 0.09047442674636841 and parameters: {'gradient_clip_val': 0.6434907746408817, 'hidden_size': 24, 'dropout': 0.23673832641506742, 'hidden_continuous_size': 9, 'attention_head_size': 2, 'learning_rate': 0.003775176624546992}. Best is trial 0 with value: 0.09047442674636841.
LOCAL_RANK: 0 - CUDA_VISIBLE_DEVICES: [0]
[I 2023-12-15 19:35:07,479] Trial 1 finished with value: 0.050021927803754807 and parameters: {'gradient_clip_val': 0.4646208885838481, 'hidden_size': 11, 'dropout': 0.2240048615156347, 'hidden_continuous_size': 7, 'attention_head_size': 1, 'learning_rate': 0.00796169628730788}. Best is trial 1 with value: 0.050021927803754807.
LOCAL_RANK: 0 - CUDA_VISIBLE_DEVICES: [0]
[I 2023-12-15 19:35:54,709] Trial 2 finished with value: 0.5183330178260803 and parameters: {'gradient_clip_val': 0.48618614523492415, 'hidden_size': 18, 'dropout': 0.26876542046177554, 'hidden_continuous_size': 9, 'attention_head_size': 2, 'learning_rate': 0.0010302615846597219}. Best is trial 1 with value: 0.050021927803754807.
LOCAL_RANK: 0 - CUDA_VISIBLE_DEVICES: [0]
[I 2023-12-15 19:36:42,329] Trial 3 finished with value: 0.05012183263897896 and parameters: {'gradient_clip_val': 0.6366203556343168, 'hidden_size': 19, 'dropout': 0.3001244500295174, 'hidden_continuous_size': 5, 'attention_head_size': 4, 'learning_rate': 0.09020141512523568}. Best is trial 1 with value: 0.050021927803754807.
LOCAL_RANK: 0 - CUDA_VISIBLE_DEVICES: [0]
[I 2023-12-15 19:37:38,713] Trial 4 finished with value: 0.059542346745729446 and parameters: {'gradient_clip_val': 0.7227436778615578, 'hidden_size': 78, 'dropout': 0.20243979390641348, 'hidden_continuous_size': 55, 'attention_head_size': 4, 'learning_rate': 0.0006246356428657919}. Best is trial 1 with value: 0.050021927803754807.
LOCAL_RANK: 0 - CUDA_VISIBLE_DEVICES: [0]
[I 2023-12-15 19:38:23,601] Trial 5 finished with value: 0.052314430475234985 and parameters: {'gradient_clip_val': 0.2542144367189748, 'hidden_size': 8, 'dropout': 0.3540132285883534, 'hidden_continuous_size': 5, 'attention_head_size': 4, 'learning_rate': 0.011102116027880199}. Best is trial 1 with value: 0.050021927803754807.
LOCAL_RANK: 0 - CUDA_VISIBLE_DEVICES: [0]
[I 2023-12-15 19:39:08,395] Trial 6 finished with value: 0.043747927993535995 and parameters: {'gradient_clip_val': 0.9078675755422015, 'hidden_size': 11, 'dropout': 0.3914792627929562, 'hidden_continuous_size': 5, 'attention_head_size': 1, 'learning_rate': 0.0114204085390657}. Best is trial 6 with value: 0.043747927993535995.
LOCAL_RANK: 0 - CUDA_VISIBLE_DEVICES: [0]
[I 2023-12-15 19:39:53,421] Trial 7 finished with value: 0.2413312792778015 and parameters: {'gradient_clip_val': 0.3732375519409226, 'hidden_size': 9, 'dropout': 0.28835116988590165, 'hidden_continuous_size': 5, 'attention_head_size': 2, 'learning_rate': 0.005783867738700299}. Best is trial 6 with value: 0.043747927993535995.
LOCAL_RANK: 0 - CUDA_VISIBLE_DEVICES: [0]
[I 2023-12-15 19:40:40,169] Trial 8 finished with value: 0.05524897575378418 and parameters: {'gradient_clip_val': 0.15234820686485992, 'hidden_size': 14, 'dropout': 0.3213828796977691, 'hidden_continuous_size': 13, 'attention_head_size': 3, 'learning_rate': 0.015674872002254904}. Best is trial 6 with value: 0.043747927993535995.
LOCAL_RANK: 0 - CUDA_VISIBLE_DEVICES: [0]
[I 2023-12-15 19:41:31,512] Trial 9 finished with value: 0.04863043129444122 and parameters: {'gradient_clip_val': 0.17387489116306626, 'hidden_size': 32, 'dropout': 0.13919740406562223, 'hidden_continuous_size': 30, 'attention_head_size': 3, 'learning_rate': 0.0334455628863892}. Best is trial 6 with value: 0.043747927993535995.
LOCAL_RANK: 0 - CUDA_VISIBLE_DEVICES: [0]
[I 2023-12-15 19:42:05,281] Trial 10 finished with value: 1.4166780710220337 and parameters: {'gradient_clip_val': 0.9713437535946156, 'hidden_size': 5, 'dropout': 0.39845485227824645, 'hidden_continuous_size': 5, 'attention_head_size': 1, 'learning_rate': 0.0018192627414877914}. Best is trial 6 with value: 0.043747927993535995.
LOCAL_RANK: 0 - CUDA_VISIBLE_DEVICES: [0]
[I 2023-12-15 19:42:57,058] Trial 11 finished with value: 0.04020543769001961 and parameters: {'gradient_clip_val': 0.23712678123548667, 'hidden_size': 33, 'dropout': 0.10788733227200067, 'hidden_continuous_size': 18, 'attention_head_size': 3, 'learning_rate': 0.027249983153996436}. Best is trial 11 with value: 0.04020543769001961.
LOCAL_RANK: 0 - CUDA_VISIBLE_DEVICES: [0]
[I 2023-12-15 19:43:47,697] Trial 12 finished with value: 0.04628024622797966 and parameters: {'gradient_clip_val': 0.10192959410242142, 'hidden_size': 33, 'dropout': 0.10273960047039096, 'hidden_continuous_size': 15, 'attention_head_size': 3, 'learning_rate': 0.029112298473948875}. Best is trial 11 with value: 0.04020543769001961.
LOCAL_RANK: 0 - CUDA_VISIBLE_DEVICES: [0]
[I 2023-12-15 19:44:39,846] Trial 13 finished with value: 0.04807204380631447 and parameters: {'gradient_clip_val': 0.3197884585221405, 'hidden_size': 45, 'dropout': 0.1798379941962734, 'hidden_continuous_size': 16, 'attention_head_size': 1, 'learning_rate': 0.018035484524601998}. Best is trial 11 with value: 0.04020543769001961.
LOCAL_RANK: 0 - CUDA_VISIBLE_DEVICES: [0]
[I 2023-12-15 19:45:33,431] Trial 14 finished with value: 0.04802645370364189 and parameters: {'gradient_clip_val': 0.2455627286636738, 'hidden_size': 63, 'dropout': 0.16744722578538476, 'hidden_continuous_size': 26, 'attention_head_size': 2, 'learning_rate': 0.0036584422535577863}. Best is trial 11 with value: 0.04020543769001961.
LOCAL_RANK: 0 - CUDA_VISIBLE_DEVICES: [0]
[I 2023-12-15 19:46:31,932] Trial 15 finished with value: 0.07415851205587387 and parameters: {'gradient_clip_val': 0.9343082463954752, 'hidden_size': 97, 'dropout': 0.10005910878676687, 'hidden_continuous_size': 93, 'attention_head_size': 3, 'learning_rate': 0.04467456641108851}. Best is trial 11 with value: 0.04020543769001961.
LOCAL_RANK: 0 - CUDA_VISIBLE_DEVICES: [0]
[I 2023-12-15 19:47:16,963] Trial 16 finished with value: 0.15348662436008453 and parameters: {'gradient_clip_val': 0.3836829529589604, 'hidden_size': 14, 'dropout': 0.2413373479249638, 'hidden_continuous_size': 6, 'attention_head_size': 1, 'learning_rate': 0.017042175741172835}. Best is trial 11 with value: 0.04020543769001961.
LOCAL_RANK: 0 - CUDA_VISIBLE_DEVICES: [0]
[I 2023-12-15 19:48:05,496] Trial 17 finished with value: 0.06669854372739792 and parameters: {'gradient_clip_val': 0.2434163210817541, 'hidden_size': 26, 'dropout': 0.39127185279495946, 'hidden_continuous_size': 7, 'attention_head_size': 2, 'learning_rate': 0.0762979715554452}. Best is trial 11 with value: 0.04020543769001961.
LOCAL_RANK: 0 - CUDA_VISIBLE_DEVICES: [0]
[I 2023-12-15 19:48:57,874] Trial 18 finished with value: 0.04361433908343315 and parameters: {'gradient_clip_val': 0.5162585876349483, 'hidden_size': 43, 'dropout': 0.3430266828797799, 'hidden_continuous_size': 10, 'attention_head_size': 3, 'learning_rate': 0.009875147330851928}. Best is trial 11 with value: 0.04020543769001961.
LOCAL_RANK: 0 - CUDA_VISIBLE_DEVICES: [0]
[I 2023-12-15 19:49:50,852] Trial 19 finished with value: 0.058995965868234634 and parameters: {'gradient_clip_val': 0.48756476601418464, 'hidden_size': 49, 'dropout': 0.2643916800844608, 'hidden_continuous_size': 12, 'attention_head_size': 3, 'learning_rate': 0.04931564651907061}. Best is trial 11 with value: 0.04020543769001961.
LOCAL_RANK: 0 - CUDA_VISIBLE_DEVICES: [0]
[I 2023-12-15 19:50:44,557] Trial 20 finished with value: 0.06187788024544716 and parameters: {'gradient_clip_val': 0.3015488391886519, 'hidden_size': 49, 'dropout': 0.3328734684914209, 'hidden_continuous_size': 18, 'attention_head_size': 4, 'learning_rate': 0.027228162433666363}. Best is trial 11 with value: 0.04020543769001961.
LOCAL_RANK: 0 - CUDA_VISIBLE_DEVICES: [0]
[I 2023-12-15 19:51:34,354] Trial 21 finished with value: 0.049711886793375015 and parameters: {'gradient_clip_val': 0.769905138688054, 'hidden_size': 33, 'dropout': 0.36613214326422583, 'hidden_continuous_size': 9, 'attention_head_size': 3, 'learning_rate': 0.010133637307032437}. Best is trial 11 with value: 0.04020543769001961.
LOCAL_RANK: 0 - CUDA_VISIBLE_DEVICES: [0]
[I 2023-12-15 19:52:25,933] Trial 22 finished with value: 0.06513937562704086 and parameters: {'gradient_clip_val': 0.5700854564620681, 'hidden_size': 39, 'dropout': 0.364857652622469, 'hidden_continuous_size': 11, 'attention_head_size': 3, 'learning_rate': 0.014275383346354864}. Best is trial 11 with value: 0.04020543769001961.
LOCAL_RANK: 0 - CUDA_VISIBLE_DEVICES: [0]
[I 2023-12-15 19:53:14,511] Trial 23 finished with value: 0.05933393910527229 and parameters: {'gradient_clip_val': 0.8201298807445544, 'hidden_size': 25, 'dropout': 0.3219770591467345, 'hidden_continuous_size': 7, 'attention_head_size': 2, 'learning_rate': 0.006352170880219839}. Best is trial 11 with value: 0.04020543769001961.
LOCAL_RANK: 0 - CUDA_VISIBLE_DEVICES: [0]
[I 2023-12-15 19:54:07,571] Trial 24 finished with value: 0.05622228607535362 and parameters: {'gradient_clip_val': 0.8333806330106901, 'hidden_size': 60, 'dropout': 0.3815750770319801, 'hidden_continuous_size': 20, 'attention_head_size': 3, 'learning_rate': 0.020173751590186605}. Best is trial 11 with value: 0.04020543769001961.
LOCAL_RANK: 0 - CUDA_VISIBLE_DEVICES: [0]
[I 2023-12-15 19:54:55,470] Trial 25 finished with value: 0.07542705535888672 and parameters: {'gradient_clip_val': 0.9876378366084217, 'hidden_size': 20, 'dropout': 0.3482335663190356, 'hidden_continuous_size': 8, 'attention_head_size': 4, 'learning_rate': 0.010746201118214649}. Best is trial 11 with value: 0.04020543769001961.
LOCAL_RANK: 0 - CUDA_VISIBLE_DEVICES: [0]
[I 2023-12-15 19:55:44,248] Trial 26 finished with value: 0.042647551745176315 and parameters: {'gradient_clip_val': 0.5787834796860767, 'hidden_size': 30, 'dropout': 0.37160072783099796, 'hidden_continuous_size': 6, 'attention_head_size': 2, 'learning_rate': 0.022524745393724732}. Best is trial 11 with value: 0.04020543769001961.
LOCAL_RANK: 0 - CUDA_VISIBLE_DEVICES: [0]
[I 2023-12-15 19:56:35,372] Trial 27 finished with value: 0.05640097334980965 and parameters: {'gradient_clip_val': 0.5743977604451695, 'hidden_size': 39, 'dropout': 0.30751581043478066, 'hidden_continuous_size': 11, 'attention_head_size': 2, 'learning_rate': 0.02333252331435699}. Best is trial 11 with value: 0.04020543769001961.
LOCAL_RANK: 0 - CUDA_VISIBLE_DEVICES: [0]
[I 2023-12-15 19:57:24,457] Trial 28 finished with value: 0.04577799141407013 and parameters: {'gradient_clip_val': 0.4075901284286933, 'hidden_size': 29, 'dropout': 0.2699914515973886, 'hidden_continuous_size': 6, 'attention_head_size': 3, 'learning_rate': 0.04325897210896591}. Best is trial 11 with value: 0.04020543769001961.
LOCAL_RANK: 0 - CUDA_VISIBLE_DEVICES: [0]
[I 2023-12-15 19:58:13,237] Trial 29 finished with value: 0.03998713195323944 and parameters: {'gradient_clip_val': 0.6824568043388648, 'hidden_size': 22, 'dropout': 0.3387470693043139, 'hidden_continuous_size': 10, 'attention_head_size': 2, 'learning_rate': 0.02337783879126026}. Best is trial 29 with value: 0.03998713195323944.
LOCAL_RANK: 0 - CUDA_VISIBLE_DEVICES: [0]
[I 2023-12-15 19:59:02,007] Trial 30 finished with value: 0.05692267417907715 and parameters: {'gradient_clip_val': 0.674845571814652, 'hidden_size': 26, 'dropout': 0.22696383881222668, 'hidden_continuous_size': 8, 'attention_head_size': 2, 'learning_rate': 0.031084809829924516}. Best is trial 29 with value: 0.03998713195323944.
LOCAL_RANK: 0 - CUDA_VISIBLE_DEVICES: [0]
[I 2023-12-15 19:59:50,899] Trial 31 finished with value: 0.04244215413928032 and parameters: {'gradient_clip_val': 0.5856771977260047, 'hidden_size': 22, 'dropout': 0.3376924901168834, 'hidden_continuous_size': 10, 'attention_head_size': 2, 'learning_rate': 0.019392583586487877}. Best is trial 29 with value: 0.03998713195323944.
LOCAL_RANK: 0 - CUDA_VISIBLE_DEVICES: [0]
[I 2023-12-15 20:00:39,724] Trial 32 finished with value: 0.04526643455028534 and parameters: {'gradient_clip_val': 0.653481206449164, 'hidden_size': 23, 'dropout': 0.32373957262241165, 'hidden_continuous_size': 10, 'attention_head_size': 2, 'learning_rate': 0.02323746476764538}. Best is trial 29 with value: 0.03998713195323944.
LOCAL_RANK: 0 - CUDA_VISIBLE_DEVICES: [0]
