[rank: 0] Seed set to 42
[I 2023-12-15 10:45:09,155] A new study created in memory with name: no-name-7f74be9e-8cec-4d61-b4b0-3a941081d534
/home/le004/conda/anaconda3/envs/tsff_env/lib/python3.9/site-packages/lightning/fabric/plugins/environments/slurm.py:191: The `srun` command is available on your system but is not used. HINT: If your intention is to run Lightning on SLURM, prepend your python command with `srun` like so: srun python /home/le004/master_thesis/git/TSFusionForecast/code/ ...
LOCAL_RANK: 0 - CUDA_VISIBLE_DEVICES: [0]
[I 2023-12-15 10:45:55,100] Trial 0 finished with value: 0.18995626270771027 and parameters: {'gradient_clip_val': 0.13632892951435407, 'hidden_size': 10, 'dropout': 0.33124406233866055, 'hidden_continuous_size': 7, 'attention_head_size': 2, 'learning_rate': 0.029718722337441952}. Best is trial 0 with value: 0.18995626270771027.
LOCAL_RANK: 0 - CUDA_VISIBLE_DEVICES: [0]
[I 2023-12-15 10:46:43,861] Trial 1 finished with value: 0.046644505113363266 and parameters: {'gradient_clip_val': 0.4784137694535347, 'hidden_size': 24, 'dropout': 0.11126907599666515, 'hidden_continuous_size': 18, 'attention_head_size': 4, 'learning_rate': 0.07577679356543086}. Best is trial 1 with value: 0.046644505113363266.
LOCAL_RANK: 0 - CUDA_VISIBLE_DEVICES: [0]
[I 2023-12-15 10:47:32,776] Trial 2 finished with value: 1.1091505289077759 and parameters: {'gradient_clip_val': 0.26246250609642563, 'hidden_size': 26, 'dropout': 0.2550472787918274, 'hidden_continuous_size': 11, 'attention_head_size': 4, 'learning_rate': 0.06769912042375273}. Best is trial 1 with value: 0.046644505113363266.
LOCAL_RANK: 0 - CUDA_VISIBLE_DEVICES: [0]
[I 2023-12-15 10:48:08,574] Trial 3 finished with value: 1.7531362771987915 and parameters: {'gradient_clip_val': 0.25792374576214316, 'hidden_size': 6, 'dropout': 0.31818973400357764, 'hidden_continuous_size': 6, 'attention_head_size': 3, 'learning_rate': 0.00374447412129048}. Best is trial 1 with value: 0.046644505113363266.
LOCAL_RANK: 0 - CUDA_VISIBLE_DEVICES: [0]
[I 2023-12-15 10:48:44,998] Trial 4 finished with value: 2.269054651260376 and parameters: {'gradient_clip_val': 0.13525375622419725, 'hidden_size': 5, 'dropout': 0.3777839909230626, 'hidden_continuous_size': 5, 'attention_head_size': 4, 'learning_rate': 0.0011272068283652722}. Best is trial 1 with value: 0.046644505113363266.
LOCAL_RANK: 0 - CUDA_VISIBLE_DEVICES: [0]
[I 2023-12-15 10:49:35,061] Trial 5 finished with value: 1.1368194818496704 and parameters: {'gradient_clip_val': 0.12474293389615293, 'hidden_size': 42, 'dropout': 0.22728509595681848, 'hidden_continuous_size': 5, 'attention_head_size': 4, 'learning_rate': 0.007044536970959784}. Best is trial 1 with value: 0.046644505113363266.
LOCAL_RANK: 0 - CUDA_VISIBLE_DEVICES: [0]
[I 2023-12-15 10:50:24,370] Trial 6 finished with value: 0.571658194065094 and parameters: {'gradient_clip_val': 0.2218548850557872, 'hidden_size': 27, 'dropout': 0.30424458912016, 'hidden_continuous_size': 9, 'attention_head_size': 3, 'learning_rate': 0.01441699593931354}. Best is trial 1 with value: 0.046644505113363266.
LOCAL_RANK: 0 - CUDA_VISIBLE_DEVICES: [0]
[I 2023-12-15 10:51:15,951] Trial 7 finished with value: 0.08054246753454208 and parameters: {'gradient_clip_val': 0.5856025434281203, 'hidden_size': 30, 'dropout': 0.128088719808528, 'hidden_continuous_size': 27, 'attention_head_size': 1, 'learning_rate': 0.012666019876989886}. Best is trial 1 with value: 0.046644505113363266.
LOCAL_RANK: 0 - CUDA_VISIBLE_DEVICES: [0]
[I 2023-12-15 10:51:52,607] Trial 8 finished with value: 1.9547399282455444 and parameters: {'gradient_clip_val': 0.7653077682210582, 'hidden_size': 11, 'dropout': 0.1720169296636626, 'hidden_continuous_size': 11, 'attention_head_size': 4, 'learning_rate': 0.04585661326937482}. Best is trial 1 with value: 0.046644505113363266.
LOCAL_RANK: 0 - CUDA_VISIBLE_DEVICES: [0]
[I 2023-12-15 10:52:40,734] Trial 9 finished with value: 0.7557889819145203 and parameters: {'gradient_clip_val': 0.15283111815054584, 'hidden_size': 25, 'dropout': 0.3150858297867608, 'hidden_continuous_size': 5, 'attention_head_size': 1, 'learning_rate': 0.08327443584408996}. Best is trial 1 with value: 0.046644505113363266.
LOCAL_RANK: 0 - CUDA_VISIBLE_DEVICES: [0]
[I 2023-12-15 10:53:36,316] Trial 10 finished with value: 0.08355738967657089 and parameters: {'gradient_clip_val': 0.4374278680089471, 'hidden_size': 75, 'dropout': 0.12123752555792587, 'hidden_continuous_size': 62, 'attention_head_size': 2, 'learning_rate': 0.09965353918624566}. Best is trial 1 with value: 0.046644505113363266.
LOCAL_RANK: 0 - CUDA_VISIBLE_DEVICES: [0]
[I 2023-12-15 10:54:28,444] Trial 11 finished with value: 0.11947596073150635 and parameters: {'gradient_clip_val': 0.5244697660410768, 'hidden_size': 45, 'dropout': 0.1041684465554741, 'hidden_continuous_size': 20, 'attention_head_size': 1, 'learning_rate': 0.020759051150307316}. Best is trial 1 with value: 0.046644505113363266.
LOCAL_RANK: 0 - CUDA_VISIBLE_DEVICES: [0]
[I 2023-12-15 10:55:03,964] Trial 12 finished with value: 2.319119453430176 and parameters: {'gradient_clip_val': 0.8524447547440995, 'hidden_size': 16, 'dropout': 0.15380358935904367, 'hidden_continuous_size': 16, 'attention_head_size': 2, 'learning_rate': 0.014376190535392868}. Best is trial 1 with value: 0.046644505113363266.
LOCAL_RANK: 0 - CUDA_VISIBLE_DEVICES: [0]
[I 2023-12-15 10:56:00,147] Trial 13 finished with value: 0.06125769019126892 and parameters: {'gradient_clip_val': 0.44328495526090966, 'hidden_size': 95, 'dropout': 0.15756564817373153, 'hidden_continuous_size': 33, 'attention_head_size': 3, 'learning_rate': 0.03124335242230694}. Best is trial 1 with value: 0.046644505113363266.
LOCAL_RANK: 0 - CUDA_VISIBLE_DEVICES: [0]
[I 2023-12-15 10:56:55,463] Trial 14 finished with value: 0.27638062834739685 and parameters: {'gradient_clip_val': 0.3823552375720222, 'hidden_size': 97, 'dropout': 0.1844357651879009, 'hidden_continuous_size': 32, 'attention_head_size': 3, 'learning_rate': 0.040643027109846026}. Best is trial 1 with value: 0.046644505113363266.
LOCAL_RANK: 0 - CUDA_VISIBLE_DEVICES: [0]
[I 2023-12-15 10:57:49,912] Trial 15 finished with value: 0.08217594772577286 and parameters: {'gradient_clip_val': 0.3562718426888644, 'hidden_size': 62, 'dropout': 0.10712044027937935, 'hidden_continuous_size': 38, 'attention_head_size': 3, 'learning_rate': 0.04164264407342028}. Best is trial 1 with value: 0.046644505113363266.
LOCAL_RANK: 0 - CUDA_VISIBLE_DEVICES: [0]
[I 2023-12-15 10:58:46,222] Trial 16 finished with value: 0.18379120528697968 and parameters: {'gradient_clip_val': 0.6241546817686232, 'hidden_size': 93, 'dropout': 0.15181376765079557, 'hidden_continuous_size': 46, 'attention_head_size': 4, 'learning_rate': 0.0574165192514327}. Best is trial 1 with value: 0.046644505113363266.
LOCAL_RANK: 0 - CUDA_VISIBLE_DEVICES: [0]
[I 2023-12-15 10:59:39,483] Trial 17 finished with value: 0.4611802399158478 and parameters: {'gradient_clip_val': 0.46847578414607527, 'hidden_size': 53, 'dropout': 0.19187334127494415, 'hidden_continuous_size': 23, 'attention_head_size': 3, 'learning_rate': 0.09871871874351747}. Best is trial 1 with value: 0.046644505113363266.
LOCAL_RANK: 0 - CUDA_VISIBLE_DEVICES: [0]
[I 2023-12-15 11:00:32,785] Trial 18 finished with value: 0.1045275330543518 and parameters: {'gradient_clip_val': 0.9181280036252242, 'hidden_size': 68, 'dropout': 0.14088886199391118, 'hidden_continuous_size': 17, 'attention_head_size': 4, 'learning_rate': 0.02825806355780721}. Best is trial 1 with value: 0.046644505113363266.
LOCAL_RANK: 0 - CUDA_VISIBLE_DEVICES: [0]
[I 2023-12-15 11:01:22,977] Trial 19 finished with value: 0.07752076536417007 and parameters: {'gradient_clip_val': 0.3267872793744919, 'hidden_size': 36, 'dropout': 0.20379450980511066, 'hidden_continuous_size': 14, 'attention_head_size': 3, 'learning_rate': 0.055062964193446924}. Best is trial 1 with value: 0.046644505113363266.
LOCAL_RANK: 0 - CUDA_VISIBLE_DEVICES: [0]
[I 2023-12-15 11:02:11,578] Trial 20 finished with value: 0.347287654876709 and parameters: {'gradient_clip_val': 0.6138687433513043, 'hidden_size': 19, 'dropout': 0.10009121482137412, 'hidden_continuous_size': 13, 'attention_head_size': 2, 'learning_rate': 0.02718876051405092}. Best is trial 1 with value: 0.046644505113363266.
LOCAL_RANK: 0 - CUDA_VISIBLE_DEVICES: [0]
[I 2023-12-15 11:03:03,865] Trial 21 finished with value: 0.4136115312576294 and parameters: {'gradient_clip_val': 0.347795267996604, 'hidden_size': 39, 'dropout': 0.189594756275019, 'hidden_continuous_size': 21, 'attention_head_size': 3, 'learning_rate': 0.06117081576357921}. Best is trial 1 with value: 0.046644505113363266.
LOCAL_RANK: 0 - CUDA_VISIBLE_DEVICES: [0]
[I 2023-12-15 11:03:54,800] Trial 22 finished with value: 0.09871760755777359 and parameters: {'gradient_clip_val': 0.4495723201364086, 'hidden_size': 33, 'dropout': 0.21149917578907532, 'hidden_continuous_size': 16, 'attention_head_size': 3, 'learning_rate': 0.05445446414669537}. Best is trial 1 with value: 0.046644505113363266.
LOCAL_RANK: 0 - CUDA_VISIBLE_DEVICES: [0]
[I 2023-12-15 11:04:47,818] Trial 23 finished with value: 2.510859727859497 and parameters: {'gradient_clip_val': 0.2900281443514552, 'hidden_size': 50, 'dropout': 0.15940889728177166, 'hidden_continuous_size': 23, 'attention_head_size': 3, 'learning_rate': 0.03506327956307677}. Best is trial 1 with value: 0.046644505113363266.
LOCAL_RANK: 0 - CUDA_VISIBLE_DEVICES: [0]
[I 2023-12-15 11:05:41,029] Trial 24 finished with value: 0.07837105542421341 and parameters: {'gradient_clip_val': 0.37541526490534155, 'hidden_size': 38, 'dropout': 0.13350215116428507, 'hidden_continuous_size': 19, 'attention_head_size': 4, 'learning_rate': 0.06818885124462626}. Best is trial 1 with value: 0.046644505113363266.
LOCAL_RANK: 0 - CUDA_VISIBLE_DEVICES: [0]
[I 2023-12-15 11:06:34,978] Trial 25 finished with value: 0.4375298023223877 and parameters: {'gradient_clip_val': 0.3100997293686672, 'hidden_size': 73, 'dropout': 0.15873697690352773, 'hidden_continuous_size': 28, 'attention_head_size': 2, 'learning_rate': 0.019608895804556433}. Best is trial 1 with value: 0.046644505113363266.
LOCAL_RANK: 0 - CUDA_VISIBLE_DEVICES: [0]
[I 2023-12-15 11:07:28,438] Trial 26 finished with value: 0.10835784673690796 and parameters: {'gradient_clip_val': 0.6984634762959469, 'hidden_size': 59, 'dropout': 0.12453619806208942, 'hidden_continuous_size': 13, 'attention_head_size': 3, 'learning_rate': 0.04849001402493061}. Best is trial 1 with value: 0.046644505113363266.
LOCAL_RANK: 0 - CUDA_VISIBLE_DEVICES: [0]
[I 2023-12-15 11:08:19,211] Trial 27 finished with value: 0.23999090492725372 and parameters: {'gradient_clip_val': 0.517859190411177, 'hidden_size': 33, 'dropout': 0.20806490006071926, 'hidden_continuous_size': 14, 'attention_head_size': 4, 'learning_rate': 0.09845462013105377}. Best is trial 1 with value: 0.046644505113363266.
LOCAL_RANK: 0 - CUDA_VISIBLE_DEVICES: [0]
[I 2023-12-15 11:09:11,923] Trial 28 finished with value: 0.9706279635429382 and parameters: {'gradient_clip_val': 0.4107237426451104, 'hidden_size': 52, 'dropout': 0.17218676417535012, 'hidden_continuous_size': 18, 'attention_head_size': 3, 'learning_rate': 0.036339899857409846}. Best is trial 1 with value: 0.046644505113363266.
LOCAL_RANK: 0 - CUDA_VISIBLE_DEVICES: [0]
[I 2023-12-15 11:10:00,774] Trial 29 finished with value: 0.6213716864585876 and parameters: {'gradient_clip_val': 0.48952240824573107, 'hidden_size': 22, 'dropout': 0.24276663340323007, 'hidden_continuous_size': 15, 'attention_head_size': 2, 'learning_rate': 0.02813833982847252}. Best is trial 1 with value: 0.046644505113363266.
LOCAL_RANK: 0 - CUDA_VISIBLE_DEVICES: [0]
[I 2023-12-15 11:10:48,881] Trial 30 finished with value: 0.06957397609949112 and parameters: {'gradient_clip_val': 0.33609360044796116, 'hidden_size': 17, 'dropout': 0.14383944784750802, 'hidden_continuous_size': 12, 'attention_head_size': 4, 'learning_rate': 0.06558666146551963}. Best is trial 1 with value: 0.046644505113363266.
LOCAL_RANK: 0 - CUDA_VISIBLE_DEVICES: [0]
[I 2023-12-15 11:11:38,616] Trial 31 finished with value: 0.08081838488578796 and parameters: {'gradient_clip_val': 0.31695253524023204, 'hidden_size': 18, 'dropout': 0.14508798061012645, 'hidden_continuous_size': 12, 'attention_head_size': 4, 'learning_rate': 0.06563437420896244}. Best is trial 1 with value: 0.046644505113363266.
LOCAL_RANK: 0 - CUDA_VISIBLE_DEVICES: [0]
[I 2023-12-15 11:12:25,450] Trial 32 finished with value: 0.057305797934532166 and parameters: {'gradient_clip_val': 0.408630679918046, 'hidden_size': 15, 'dropout': 0.12452726318531947, 'hidden_continuous_size': 10, 'attention_head_size': 4, 'learning_rate': 0.07277382394400272}. Best is trial 1 with value: 0.046644505113363266.
LOCAL_RANK: 0 - CUDA_VISIBLE_DEVICES: [0]
[I 2023-12-15 11:13:12,043] Trial 33 finished with value: 0.11481992155313492 and parameters: {'gradient_clip_val': 0.40669569022311775, 'hidden_size': 13, 'dropout': 0.11619557825629126, 'hidden_continuous_size': 10, 'attention_head_size': 4, 'learning_rate': 0.0778535911069892}. Best is trial 1 with value: 0.046644505113363266.
LOCAL_RANK: 0 - CUDA_VISIBLE_DEVICES: [0]
[I 2023-12-15 11:13:58,397] Trial 34 finished with value: 0.4973355829715729 and parameters: {'gradient_clip_val': 0.5253573610071375, 'hidden_size': 9, 'dropout': 0.134272505239228, 'hidden_continuous_size': 8, 'attention_head_size': 4, 'learning_rate': 0.07355607959881443}. Best is trial 1 with value: 0.046644505113363266.
LOCAL_RANK: 0 - CUDA_VISIBLE_DEVICES: [0]
[I 2023-12-15 11:14:45,180] Trial 35 finished with value: 0.35255178809165955 and parameters: {'gradient_clip_val': 0.25195429105860595, 'hidden_size': 15, 'dropout': 0.11800525060146438, 'hidden_continuous_size': 11, 'attention_head_size': 4, 'learning_rate': 0.04476049105998995}. Best is trial 1 with value: 0.046644505113363266.
LOCAL_RANK: 0 - CUDA_VISIBLE_DEVICES: [0]
[I 2023-12-15 11:15:34,321] Trial 36 finished with value: 0.05361313745379448 and parameters: {'gradient_clip_val': 0.42048353462173055, 'hidden_size': 21, 'dropout': 0.13910352089025232, 'hidden_continuous_size': 9, 'attention_head_size': 4, 'learning_rate': 0.07428907488793253}. Best is trial 1 with value: 0.046644505113363266.
LOCAL_RANK: 0 - CUDA_VISIBLE_DEVICES: [0]
[I 2023-12-15 11:16:23,583] Trial 37 finished with value: 0.20506660640239716 and parameters: {'gradient_clip_val': 0.452223798653201, 'hidden_size': 23, 'dropout': 0.10217072360378597, 'hidden_continuous_size': 8, 'attention_head_size': 4, 'learning_rate': 0.034816195189311866}. Best is trial 1 with value: 0.046644505113363266.
LOCAL_RANK: 0 - CUDA_VISIBLE_DEVICES: [0]
[I 2023-12-15 11:17:13,644] Trial 38 finished with value: 0.29118964076042175 and parameters: {'gradient_clip_val': 0.3985053449662381, 'hidden_size': 26, 'dropout': 0.17028814181032037, 'hidden_continuous_size': 10, 'attention_head_size': 4, 'learning_rate': 0.008565929061774662}. Best is trial 1 with value: 0.046644505113363266.
LOCAL_RANK: 0 - CUDA_VISIBLE_DEVICES: [0]
[I 2023-12-15 11:18:02,624] Trial 39 finished with value: 0.06609909236431122 and parameters: {'gradient_clip_val': 0.5883100397141633, 'hidden_size': 21, 'dropout': 0.1298437788586236, 'hidden_continuous_size': 9, 'attention_head_size': 4, 'learning_rate': 0.07677676238620693}. Best is trial 1 with value: 0.046644505113363266.
LOCAL_RANK: 0 - CUDA_VISIBLE_DEVICES: [0]
[I 2023-12-15 11:18:52,156] Trial 40 finished with value: 1.1254172325134277 and parameters: {'gradient_clip_val': 0.5353250060107715, 'hidden_size': 29, 'dropout': 0.11479086349640173, 'hidden_continuous_size': 7, 'attention_head_size': 4, 'learning_rate': 0.04931718131814222}. Best is trial 1 with value: 0.046644505113363266.
LOCAL_RANK: 0 - CUDA_VISIBLE_DEVICES: [0]
[I 2023-12-15 11:19:41,065] Trial 41 finished with value: 3.4338552951812744 and parameters: {'gradient_clip_val': 0.6666795483896464, 'hidden_size': 21, 'dropout': 0.1299420974645954, 'hidden_continuous_size': 9, 'attention_head_size': 4, 'learning_rate': 0.08235628323439924}. Best is trial 1 with value: 0.046644505113363266.
LOCAL_RANK: 0 - CUDA_VISIBLE_DEVICES: [0]
[I 2023-12-15 11:20:28,956] Trial 42 finished with value: 0.6272463798522949 and parameters: {'gradient_clip_val': 0.468964245895261, 'hidden_size': 20, 'dropout': 0.13536115667846077, 'hidden_continuous_size': 10, 'attention_head_size': 4, 'learning_rate': 0.0789045364404919}. Best is trial 1 with value: 0.046644505113363266.
LOCAL_RANK: 0 - CUDA_VISIBLE_DEVICES: [0]
[I 2023-12-15 11:21:17,342] Trial 43 finished with value: 0.08101140707731247 and parameters: {'gradient_clip_val': 0.5896831785014144, 'hidden_size': 24, 'dropout': 0.1248384140653679, 'hidden_continuous_size': 9, 'attention_head_size': 4, 'learning_rate': 0.05619545858284003}. Best is trial 1 with value: 0.046644505113363266.
LOCAL_RANK: 0 - CUDA_VISIBLE_DEVICES: [0]
[I 2023-12-15 11:22:03,803] Trial 44 finished with value: 0.05813763663172722 and parameters: {'gradient_clip_val': 0.7507850867324036, 'hidden_size': 14, 'dropout': 0.1583729827292698, 'hidden_continuous_size': 7, 'attention_head_size': 4, 'learning_rate': 0.09761608271494791}. Best is trial 1 with value: 0.046644505113363266.
LOCAL_RANK: 0 - CUDA_VISIBLE_DEVICES: [0]
[I 2023-12-15 11:22:50,392] Trial 45 finished with value: 0.16234712302684784 and parameters: {'gradient_clip_val': 0.755727531434669, 'hidden_size': 14, 'dropout': 0.16701435875100637, 'hidden_continuous_size': 7, 'attention_head_size': 4, 'learning_rate': 0.04155964196531771}. Best is trial 1 with value: 0.046644505113363266.
LOCAL_RANK: 0 - CUDA_VISIBLE_DEVICES: [0]
[I 2023-12-15 11:23:35,708] Trial 46 finished with value: 0.42096781730651855 and parameters: {'gradient_clip_val': 0.43126753765634734, 'hidden_size': 12, 'dropout': 0.15127228383689922, 'hidden_continuous_size': 6, 'attention_head_size': 3, 'learning_rate': 0.0916088931614077}. Best is trial 1 with value: 0.046644505113363266.
LOCAL_RANK: 0 - CUDA_VISIBLE_DEVICES: [0]
[I 2023-12-15 11:24:21,934] Trial 47 finished with value: 1.5419602394104004 and parameters: {'gradient_clip_val': 0.9882042704866127, 'hidden_size': 10, 'dropout': 0.11204654711292325, 'hidden_continuous_size': 8, 'attention_head_size': 4, 'learning_rate': 0.023110030192094837}. Best is trial 1 with value: 0.046644505113363266.
LOCAL_RANK: 0 - CUDA_VISIBLE_DEVICES: [0]
[I 2023-12-15 11:25:06,948] Trial 48 finished with value: 0.2031785398721695 and parameters: {'gradient_clip_val': 0.8060504349114733, 'hidden_size': 16, 'dropout': 0.14509418091106488, 'hidden_continuous_size': 12, 'attention_head_size': 1, 'learning_rate': 0.066732616417312}. Best is trial 1 with value: 0.046644505113363266.
LOCAL_RANK: 0 - CUDA_VISIBLE_DEVICES: [0]
[I 2023-12-15 11:25:58,168] Trial 49 finished with value: 0.08718230575323105 and parameters: {'gradient_clip_val': 0.3698558713383652, 'hidden_size': 43, 'dropout': 0.17272410385814804, 'hidden_continuous_size': 6, 'attention_head_size': 4, 'learning_rate': 0.0996726248017019}. Best is trial 1 with value: 0.046644505113363266.
[I 2023-12-15 11:25:58,274] A new study created in memory with name: no-name-ee16df0a-4acc-4e4f-9901-41d2d5dc65f2
/home/le004/conda/anaconda3/envs/tsff_env/lib/python3.9/site-packages/lightning/fabric/plugins/environments/slurm.py:191: The `srun` command is available on your system but is not used. HINT: If your intention is to run Lightning on SLURM, prepend your python command with `srun` like so: srun python /home/le004/master_thesis/git/TSFusionForecast/code/ ...
LOCAL_RANK: 0 - CUDA_VISIBLE_DEVICES: [0]
[I 2023-12-15 11:26:52,568] Trial 0 finished with value: 2.9795081615448 and parameters: {'gradient_clip_val': 0.9325097626329976, 'hidden_size': 65, 'dropout': 0.2569152273168579, 'hidden_continuous_size': 25, 'attention_head_size': 4, 'learning_rate': 0.0007299200912238719}. Best is trial 0 with value: 2.9795081615448.
LOCAL_RANK: 0 - CUDA_VISIBLE_DEVICES: [0]
[I 2023-12-15 11:27:45,748] Trial 1 finished with value: 0.16695521771907806 and parameters: {'gradient_clip_val': 0.2285033858388402, 'hidden_size': 37, 'dropout': 0.1694932516600831, 'hidden_continuous_size': 29, 'attention_head_size': 4, 'learning_rate': 0.0017734395813621081}. Best is trial 1 with value: 0.16695521771907806.
LOCAL_RANK: 0 - CUDA_VISIBLE_DEVICES: [0]
[I 2023-12-15 11:28:21,124] Trial 2 finished with value: 3.313629150390625 and parameters: {'gradient_clip_val': 0.11039128566644095, 'hidden_size': 5, 'dropout': 0.3701815739348856, 'hidden_continuous_size': 5, 'attention_head_size': 1, 'learning_rate': 0.0007553532431874179}. Best is trial 1 with value: 0.16695521771907806.
LOCAL_RANK: 0 - CUDA_VISIBLE_DEVICES: [0]
[I 2023-12-15 11:29:05,705] Trial 3 finished with value: 0.4763852655887604 and parameters: {'gradient_clip_val': 0.32257152582527393, 'hidden_size': 8, 'dropout': 0.1461578710912543, 'hidden_continuous_size': 7, 'attention_head_size': 3, 'learning_rate': 0.005793898865865549}. Best is trial 1 with value: 0.16695521771907806.
LOCAL_RANK: 0 - CUDA_VISIBLE_DEVICES: [0]
[I 2023-12-15 11:29:52,509] Trial 4 finished with value: 0.20653192698955536 and parameters: {'gradient_clip_val': 0.4805815949900302, 'hidden_size': 20, 'dropout': 0.15441988075131569, 'hidden_continuous_size': 5, 'attention_head_size': 4, 'learning_rate': 0.012414434801855584}. Best is trial 1 with value: 0.16695521771907806.
LOCAL_RANK: 0 - CUDA_VISIBLE_DEVICES: [0]
[I 2023-12-15 11:30:37,932] Trial 5 finished with value: 1.5543937683105469 and parameters: {'gradient_clip_val': 0.4562254318068844, 'hidden_size': 15, 'dropout': 0.3735610741200487, 'hidden_continuous_size': 5, 'attention_head_size': 2, 'learning_rate': 0.03751623683425193}. Best is trial 1 with value: 0.16695521771907806.
LOCAL_RANK: 0 - CUDA_VISIBLE_DEVICES: [0]
