[I 2023-12-26 13:30:36,496] Trial 0 finished with value: 0.04574239253997803 and parameters: {'gradient_clip_val': 0.8393775073599409, 'hidden_size': 7, 'dropout': 0.4370712555841879, 'hidden_continuous_size': 5, 'attention_head_size': 4, 'learning_rate': 0.0061904356548466545}. Best is trial 0 with value: 0.04574239253997803.
[I 2023-12-26 13:31:41,140] Trial 1 finished with value: 0.1630447953939438 and parameters: {'gradient_clip_val': 0.38193067181226514, 'hidden_size': 17, 'dropout': 0.3949906686406939, 'hidden_continuous_size': 14, 'attention_head_size': 3, 'learning_rate': 0.006516066314518273}. Best is trial 0 with value: 0.04574239253997803.
[I 2023-12-26 13:31:51,728] Trial 2 finished with value: 3.691073179244995 and parameters: {'gradient_clip_val': 0.45095422824334225, 'hidden_size': 129, 'dropout': 0.27834775891568175, 'hidden_continuous_size': 37, 'attention_head_size': 1, 'learning_rate': 0.010015674056451582}. Best is trial 0 with value: 0.04574239253997803.
[I 2023-12-26 13:31:55,215] Trial 3 finished with value: 3.581886053085327 and parameters: {'gradient_clip_val': 0.11889712203951373, 'hidden_size': 34, 'dropout': 0.44245855316725624, 'hidden_continuous_size': 6, 'attention_head_size': 4, 'learning_rate': 0.021880829604398078}. Best is trial 0 with value: 0.04574239253997803.
[I 2023-12-26 13:32:05,464] Trial 4 finished with value: 2.8627049922943115 and parameters: {'gradient_clip_val': 0.4401409830503853, 'hidden_size': 130, 'dropout': 0.26940824538139463, 'hidden_continuous_size': 16, 'attention_head_size': 1, 'learning_rate': 0.0034863528383019928}. Best is trial 0 with value: 0.04574239253997803.
[I 2023-12-26 13:32:08,340] Trial 5 finished with value: 2.9618279933929443 and parameters: {'gradient_clip_val': 0.340239268731504, 'hidden_size': 24, 'dropout': 0.3265470994136751, 'hidden_continuous_size': 23, 'attention_head_size': 1, 'learning_rate': 0.0935588169264108}. Best is trial 0 with value: 0.04574239253997803.
[I 2023-12-26 13:32:13,991] Trial 6 finished with value: 3.2966978549957275 and parameters: {'gradient_clip_val': 0.1393950278811918, 'hidden_size': 65, 'dropout': 0.4367391921488766, 'hidden_continuous_size': 18, 'attention_head_size': 2, 'learning_rate': 0.0013967392425518383}. Best is trial 0 with value: 0.04574239253997803.
[I 2023-12-26 13:32:16,399] Trial 7 finished with value: 4.359327793121338 and parameters: {'gradient_clip_val': 0.33985092340271417, 'hidden_size': 5, 'dropout': 0.23544308976118483, 'hidden_continuous_size': 5, 'attention_head_size': 3, 'learning_rate': 0.0013694942487544313}. Best is trial 0 with value: 0.04574239253997803.
[I 2023-12-26 13:32:23,948] Trial 8 finished with value: 3.4650332927703857 and parameters: {'gradient_clip_val': 0.4527554494333418, 'hidden_size': 82, 'dropout': 0.27179713342154566, 'hidden_continuous_size': 73, 'attention_head_size': 3, 'learning_rate': 0.0006942093091723915}. Best is trial 0 with value: 0.04574239253997803.
[I 2023-12-26 13:32:26,126] Trial 9 finished with value: 2.8698244094848633 and parameters: {'gradient_clip_val': 0.9813881658231483, 'hidden_size': 7, 'dropout': 0.1689483926109156, 'hidden_continuous_size': 7, 'attention_head_size': 3, 'learning_rate': 0.0007196277288310508}. Best is trial 0 with value: 0.04574239253997803.
[I 2023-12-26 13:32:28,634] Trial 10 finished with value: 3.316065788269043 and parameters: {'gradient_clip_val': 0.9797279188765494, 'hidden_size': 10, 'dropout': 0.4949128078712203, 'hidden_continuous_size': 5, 'attention_head_size': 4, 'learning_rate': 0.02436907259644356}. Best is trial 0 with value: 0.04574239253997803.
[I 2023-12-26 13:32:31,342] Trial 11 finished with value: 2.780778646469116 and parameters: {'gradient_clip_val': 0.6855415176673838, 'hidden_size': 14, 'dropout': 0.3734904793813447, 'hidden_continuous_size': 6, 'attention_head_size': 4, 'learning_rate': 0.004549152984496146}. Best is trial 0 with value: 0.04574239253997803.
[I 2023-12-26 13:32:33,813] Trial 12 finished with value: 4.04325008392334 and parameters: {'gradient_clip_val': 0.20407993329398919, 'hidden_size': 12, 'dropout': 0.38031922470418683, 'hidden_continuous_size': 5, 'attention_head_size': 2, 'learning_rate': 0.00901856782527402}. Best is trial 0 with value: 0.04574239253997803.
[I 2023-12-26 13:32:36,166] Trial 13 finished with value: 3.3305904865264893 and parameters: {'gradient_clip_val': 0.620745801987739, 'hidden_size': 6, 'dropout': 0.38606048477222416, 'hidden_continuous_size': 5, 'attention_head_size': 4, 'learning_rate': 0.004106092097121164}. Best is trial 0 with value: 0.04574239253997803.
[I 2023-12-26 13:32:38,774] Trial 14 finished with value: 3.3460309505462646 and parameters: {'gradient_clip_val': 0.23544072251948658, 'hidden_size': 19, 'dropout': 0.49864343967630315, 'hidden_continuous_size': 8, 'attention_head_size': 3, 'learning_rate': 0.002468903715071372}. Best is trial 0 with value: 0.04574239253997803.
[I 2023-12-26 13:32:41,169] Trial 15 finished with value: 2.5564138889312744 and parameters: {'gradient_clip_val': 0.6845768369274297, 'hidden_size': 9, 'dropout': 0.33888779646666456, 'hidden_continuous_size': 5, 'attention_head_size': 2, 'learning_rate': 0.0075111853760236125}. Best is trial 0 with value: 0.04574239253997803.
[I 2023-12-26 13:32:43,369] Trial 16 finished with value: 5.341873645782471 and parameters: {'gradient_clip_val': 0.23299615098135917, 'hidden_size': 5, 'dropout': 0.43714084990023405, 'hidden_continuous_size': 5, 'attention_head_size': 4, 'learning_rate': 0.013476330041075216}. Best is trial 0 with value: 0.04574239253997803.
[I 2023-12-26 13:32:46,021] Trial 17 finished with value: 4.606269836425781 and parameters: {'gradient_clip_val': 0.6212581503240233, 'hidden_size': 15, 'dropout': 0.4101272825849092, 'hidden_continuous_size': 8, 'attention_head_size': 3, 'learning_rate': 0.0055392408432485005}. Best is trial 0 with value: 0.04574239253997803.
[I 2023-12-26 13:32:48,380] Trial 18 finished with value: 2.9125773906707764 and parameters: {'gradient_clip_val': 0.8221097151685552, 'hidden_size': 8, 'dropout': 0.10483498914621167, 'hidden_continuous_size': 6, 'attention_head_size': 4, 'learning_rate': 0.002511947517879898}. Best is trial 0 with value: 0.04574239253997803.
[I 2023-12-26 13:32:51,985] Trial 19 finished with value: 3.4912586212158203 and parameters: {'gradient_clip_val': 0.5472970613121623, 'hidden_size': 29, 'dropout': 0.3290806369737159, 'hidden_continuous_size': 10, 'attention_head_size': 3, 'learning_rate': 0.013537065424184869}. Best is trial 0 with value: 0.04574239253997803.
[I 2023-12-26 13:32:54,401] Trial 20 finished with value: 3.1715714931488037 and parameters: {'gradient_clip_val': 0.7897439382378715, 'hidden_size': 11, 'dropout': 0.4558785877232463, 'hidden_continuous_size': 6, 'attention_head_size': 2, 'learning_rate': 0.006977022966954984}. Best is trial 0 with value: 0.04574239253997803.
[I 2023-12-26 13:32:56,647] Trial 21 finished with value: 3.071232795715332 and parameters: {'gradient_clip_val': 0.7735092629933404, 'hidden_size': 8, 'dropout': 0.3537742156144723, 'hidden_continuous_size': 5, 'attention_head_size': 2, 'learning_rate': 0.007186351150419295}. Best is trial 0 with value: 0.04574239253997803.
[I 2023-12-26 13:32:59,002] Trial 22 finished with value: 3.1288795471191406 and parameters: {'gradient_clip_val': 0.5183685894543159, 'hidden_size': 9, 'dropout': 0.40146698376342604, 'hidden_continuous_size': 5, 'attention_head_size': 2, 'learning_rate': 0.005739998585744874}. Best is trial 0 with value: 0.04574239253997803.
[I 2023-12-26 13:33:01,440] Trial 23 finished with value: 3.7362539768218994 and parameters: {'gradient_clip_val': 0.6847879301274286, 'hidden_size': 16, 'dropout': 0.3476506985243875, 'hidden_continuous_size': 7, 'attention_head_size': 2, 'learning_rate': 0.012901784034813084}. Best is trial 0 with value: 0.04574239253997803.
[I 2023-12-26 13:33:03,778] Trial 24 finished with value: 3.8417444229125977 and parameters: {'gradient_clip_val': 0.5421307054428834, 'hidden_size': 7, 'dropout': 0.31031394792910866, 'hidden_continuous_size': 5, 'attention_head_size': 3, 'learning_rate': 0.003290524448173546}. Best is trial 0 with value: 0.04574239253997803.
[I 2023-12-26 13:33:06,210] Trial 25 finished with value: 3.6249616146087646 and parameters: {'gradient_clip_val': 0.3970251788814738, 'hidden_size': 11, 'dropout': 0.40747398537391927, 'hidden_continuous_size': 6, 'attention_head_size': 2, 'learning_rate': 0.0077437385921652535}. Best is trial 0 with value: 0.04574239253997803.
[I 2023-12-26 13:33:08,606] Trial 26 finished with value: 4.375659942626953 and parameters: {'gradient_clip_val': 0.8600259507242725, 'hidden_size': 6, 'dropout': 0.3568660683817334, 'hidden_continuous_size': 5, 'attention_head_size': 3, 'learning_rate': 0.02143901452778947}. Best is trial 0 with value: 0.04574239253997803.
[I 2023-12-26 13:33:11,136] Trial 27 finished with value: 2.946092367172241 and parameters: {'gradient_clip_val': 0.6854752525539279, 'hidden_size': 9, 'dropout': 0.46477717021367115, 'hidden_continuous_size': 5, 'attention_head_size': 4, 'learning_rate': 0.005547044204659477}. Best is trial 0 with value: 0.04574239253997803.
[I 2023-12-26 13:33:13,860] Trial 28 finished with value: 3.608264684677124 and parameters: {'gradient_clip_val': 0.9872458161842106, 'hidden_size': 20, 'dropout': 0.4110474638546792, 'hidden_continuous_size': 10, 'attention_head_size': 1, 'learning_rate': 0.0024582134815383213}. Best is trial 0 with value: 0.04574239253997803.
[I 2023-12-26 13:33:16,292] Trial 29 finished with value: 5.221517086029053 and parameters: {'gradient_clip_val': 0.39951450966365226, 'hidden_size': 12, 'dropout': 0.30244456377625734, 'hidden_continuous_size': 6, 'attention_head_size': 1, 'learning_rate': 0.010203644941193144}. Best is trial 0 with value: 0.04574239253997803.
[I 2023-12-26 13:33:18,493] Trial 30 finished with value: 3.4726336002349854 and parameters: {'gradient_clip_val': 0.48943215559870845, 'hidden_size': 5, 'dropout': 0.3759705155799958, 'hidden_continuous_size': 5, 'attention_head_size': 3, 'learning_rate': 0.01038306508426928}. Best is trial 0 with value: 0.04574239253997803.
[I 2023-12-26 13:33:21,520] Trial 31 finished with value: 4.231607913970947 and parameters: {'gradient_clip_val': 0.6595408012182477, 'hidden_size': 14, 'dropout': 0.3682530611047957, 'hidden_continuous_size': 7, 'attention_head_size': 4, 'learning_rate': 0.0046655799432430605}. Best is trial 0 with value: 0.04574239253997803.
[I 2023-12-26 13:33:24,176] Trial 32 finished with value: 3.8701236248016357 and parameters: {'gradient_clip_val': 0.5545051295340644, 'hidden_size': 15, 'dropout': 0.42093385744613276, 'hidden_continuous_size': 6, 'attention_head_size': 4, 'learning_rate': 0.004125119627871869}. Best is trial 0 with value: 0.04574239253997803.
[I 2023-12-26 13:33:26,914] Trial 33 finished with value: 4.697210311889648 and parameters: {'gradient_clip_val': 0.7006706914752253, 'hidden_size': 19, 'dropout': 0.3884029898611691, 'hidden_continuous_size': 11, 'attention_head_size': 4, 'learning_rate': 0.00678841535096619}. Best is trial 0 with value: 0.04574239253997803.
[I 2023-12-26 13:33:29,528] Trial 34 finished with value: 4.220163345336914 and parameters: {'gradient_clip_val': 0.5938775259813679, 'hidden_size': 13, 'dropout': 0.33926782657767723, 'hidden_continuous_size': 6, 'attention_head_size': 4, 'learning_rate': 0.0035529025603103013}. Best is trial 0 with value: 0.04574239253997803.
[I 2023-12-26 13:33:32,013] Trial 35 finished with value: 4.185794353485107 and parameters: {'gradient_clip_val': 0.7381233655352464, 'hidden_size': 10, 'dropout': 0.42792798294166784, 'hidden_continuous_size': 6, 'attention_head_size': 4, 'learning_rate': 0.0047213347721733676}. Best is trial 0 with value: 0.04574239253997803.
[I 2023-12-26 13:33:34,531] Trial 36 finished with value: 3.1718177795410156 and parameters: {'gradient_clip_val': 0.8513408633806875, 'hidden_size': 23, 'dropout': 0.36440413652202414, 'hidden_continuous_size': 12, 'attention_head_size': 2, 'learning_rate': 0.01838520085003983}. Best is trial 0 with value: 0.04574239253997803.
[I 2023-12-26 13:33:37,011] Trial 37 finished with value: 4.521603584289551 and parameters: {'gradient_clip_val': 0.46350585475451306, 'hidden_size': 29, 'dropout': 0.32049423007558625, 'hidden_continuous_size': 14, 'attention_head_size': 1, 'learning_rate': 0.009258928147252004}. Best is trial 0 with value: 0.04574239253997803.
[I 2023-12-26 13:33:39,870] Trial 38 finished with value: 3.4465417861938477 and parameters: {'gradient_clip_val': 0.6026406160497231, 'hidden_size': 36, 'dropout': 0.4520833055659282, 'hidden_continuous_size': 15, 'attention_head_size': 3, 'learning_rate': 0.003117675357236876}. Best is trial 0 with value: 0.04574239253997803.
[I 2023-12-26 13:33:42,178] Trial 39 finished with value: 3.4634037017822266 and parameters: {'gradient_clip_val': 0.4972273283208173, 'hidden_size': 13, 'dropout': 0.285166182560338, 'hidden_continuous_size': 9, 'attention_head_size': 4, 'learning_rate': 0.0018270506326139172}. Best is trial 0 with value: 0.04574239253997803.
[I 2023-12-26 13:33:44,648] Trial 40 finished with value: 3.356733560562134 and parameters: {'gradient_clip_val': 0.38448511589716816, 'hidden_size': 17, 'dropout': 0.3372851343952261, 'hidden_continuous_size': 7, 'attention_head_size': 3, 'learning_rate': 0.006084654697992338}. Best is trial 0 with value: 0.04574239253997803.
[I 2023-12-26 13:33:54,063] Trial 41 finished with value: 3.615185499191284 and parameters: {'gradient_clip_val': 0.44029182798573746, 'hidden_size': 121, 'dropout': 0.2666642016268349, 'hidden_continuous_size': 19, 'attention_head_size': 1, 'learning_rate': 0.004324605881734262}. Best is trial 0 with value: 0.04574239253997803.
[I 2023-12-26 13:33:58,928] Trial 42 finished with value: 3.773601770401001 and parameters: {'gradient_clip_val': 0.3204794960115382, 'hidden_size': 59, 'dropout': 0.3919561636901195, 'hidden_continuous_size': 13, 'attention_head_size': 1, 'learning_rate': 0.0030830794846647375}. Best is trial 0 with value: 0.04574239253997803.
[I 2023-12-26 13:34:09,121] Trial 43 finished with value: 3.4045963287353516 and parameters: {'gradient_clip_val': 0.3474804126158223, 'hidden_size': 141, 'dropout': 0.24684147682872348, 'hidden_continuous_size': 28, 'attention_head_size': 1, 'learning_rate': 0.0016412685243756835}. Best is trial 0 with value: 0.04574239253997803.
[I 2023-12-26 13:34:11,797] Trial 44 finished with value: 4.182109832763672 and parameters: {'gradient_clip_val': 0.8772712600452249, 'hidden_size': 38, 'dropout': 0.3117487038032605, 'hidden_continuous_size': 16, 'attention_head_size': 2, 'learning_rate': 0.004857528476235344}. Best is trial 0 with value: 0.04574239253997803.
[I 2023-12-26 13:34:21,437] Trial 45 finished with value: 3.840585947036743 and parameters: {'gradient_clip_val': 0.28920181651995563, 'hidden_size': 116, 'dropout': 0.3762855246338744, 'hidden_continuous_size': 18, 'attention_head_size': 4, 'learning_rate': 0.008065777428029023}. Best is trial 0 with value: 0.04574239253997803.
[I 2023-12-26 13:34:24,094] Trial 46 finished with value: 4.073635578155518 and parameters: {'gradient_clip_val': 0.7532051213421548, 'hidden_size': 23, 'dropout': 0.28924050105056287, 'hidden_continuous_size': 12, 'attention_head_size': 3, 'learning_rate': 0.0061454338024272805}. Best is trial 0 with value: 0.04574239253997803.
[I 2023-12-26 13:34:27,562] Trial 47 finished with value: 3.7287213802337646 and parameters: {'gradient_clip_val': 0.6293876742137904, 'hidden_size': 46, 'dropout': 0.43707831478382814, 'hidden_continuous_size': 23, 'attention_head_size': 1, 'learning_rate': 0.0010858481412145472}. Best is trial 0 with value: 0.04574239253997803.
[I 2023-12-26 13:34:33,960] Trial 48 finished with value: 4.291202545166016 and parameters: {'gradient_clip_val': 0.89676578187128, 'hidden_size': 93, 'dropout': 0.3359644796485488, 'hidden_continuous_size': 8, 'attention_head_size': 2, 'learning_rate': 0.003725849731827066}. Best is trial 0 with value: 0.04574239253997803.
[I 2023-12-26 13:34:36,497] Trial 49 finished with value: 3.1590826511383057 and parameters: {'gradient_clip_val': 0.5802222440619922, 'hidden_size': 11, 'dropout': 0.3950211472373708, 'hidden_continuous_size': 8, 'attention_head_size': 3, 'learning_rate': 0.007793926757253882}. Best is trial 0 with value: 0.04574239253997803.
[I 2023-12-26 13:34:36,700] A new study created in memory with name: no-name-8c24dfdd-b5b8-4345-9ebd-554cc5ab6931
/home/le004/conda/anaconda3/envs/tsff_env/lib/python3.9/site-packages/lightning/fabric/plugins/environments/slurm.py:191: The `srun` command is available on your system but is not used. HINT: If your intention is to run Lightning on SLURM, prepend your python command with `srun` like so: srun python /home/le004/master_thesis/git/TSFusionForecast/code/ ...
[I 2023-12-26 13:39:28,226] Trial 0 finished with value: 0.03535721078515053 and parameters: {'gradient_clip_val': 0.3835926791525974, 'hidden_size': 7, 'dropout': 0.43057016750377164, 'hidden_continuous_size': 5, 'attention_head_size': 2, 'learning_rate': 0.007811183537516035}. Best is trial 0 with value: 0.03535721078515053.
[I 2023-12-26 13:41:08,997] Trial 1 finished with value: 0.1908610463142395 and parameters: {'gradient_clip_val': 0.2650068906243825, 'hidden_size': 36, 'dropout': 0.16273300380556255, 'hidden_continuous_size': 9, 'attention_head_size': 3, 'learning_rate': 0.009380361260281508}. Best is trial 0 with value: 0.03535721078515053.
[I 2023-12-26 13:41:11,502] Trial 2 finished with value: 2.7598628997802734 and parameters: {'gradient_clip_val': 0.23190930049135147, 'hidden_size': 36, 'dropout': 0.3425460099398703, 'hidden_continuous_size': 10, 'attention_head_size': 3, 'learning_rate': 0.035239552826240396}. Best is trial 0 with value: 0.03535721078515053.
[I 2023-12-26 13:41:18,676] Trial 3 finished with value: 2.1813995838165283 and parameters: {'gradient_clip_val': 0.1801266932835373, 'hidden_size': 116, 'dropout': 0.4808953568956559, 'hidden_continuous_size': 76, 'attention_head_size': 2, 'learning_rate': 0.002219996326064735}. Best is trial 0 with value: 0.03535721078515053.
[I 2023-12-26 13:41:20,582] Trial 4 finished with value: 2.285676956176758 and parameters: {'gradient_clip_val': 0.4800480376307812, 'hidden_size': 9, 'dropout': 0.45346269667741435, 'hidden_continuous_size': 6, 'attention_head_size': 2, 'learning_rate': 0.017505505952494872}. Best is trial 0 with value: 0.03535721078515053.
[I 2023-12-26 13:41:22,433] Trial 5 finished with value: 3.7609472274780273 and parameters: {'gradient_clip_val': 0.388686688174581, 'hidden_size': 6, 'dropout': 0.21499834543600277, 'hidden_continuous_size': 5, 'attention_head_size': 3, 'learning_rate': 0.012476672876288342}. Best is trial 0 with value: 0.03535721078515053.
[I 2023-12-26 13:41:24,251] Trial 6 finished with value: 3.128955841064453 and parameters: {'gradient_clip_val': 0.13914080096334658, 'hidden_size': 6, 'dropout': 0.3403763571580313, 'hidden_continuous_size': 5, 'attention_head_size': 1, 'learning_rate': 0.002080101068864841}. Best is trial 0 with value: 0.03535721078515053.
[I 2023-12-26 13:41:26,340] Trial 7 finished with value: 3.137256383895874 and parameters: {'gradient_clip_val': 0.6015147320174148, 'hidden_size': 15, 'dropout': 0.24983210400819364, 'hidden_continuous_size': 14, 'attention_head_size': 1, 'learning_rate': 0.002276349403980545}. Best is trial 0 with value: 0.03535721078515053.
[I 2023-12-26 13:41:28,557] Trial 8 finished with value: 2.97713565826416 and parameters: {'gradient_clip_val': 0.23088673790175465, 'hidden_size': 19, 'dropout': 0.40859203015437084, 'hidden_continuous_size': 7, 'attention_head_size': 1, 'learning_rate': 0.0049177674607904925}. Best is trial 0 with value: 0.03535721078515053.
[I 2023-12-26 13:41:31,181] Trial 9 finished with value: 2.889793634414673 and parameters: {'gradient_clip_val': 0.5343366562351811, 'hidden_size': 37, 'dropout': 0.2705439647177626, 'hidden_continuous_size': 27, 'attention_head_size': 2, 'learning_rate': 0.09981896446697944}. Best is trial 0 with value: 0.03535721078515053.
[I 2023-12-26 13:41:33,186] Trial 10 finished with value: 2.066842794418335 and parameters: {'gradient_clip_val': 0.7380567791817024, 'hidden_size': 10, 'dropout': 0.10985209553876824, 'hidden_continuous_size': 5, 'attention_head_size': 4, 'learning_rate': 0.0006481346918668778}. Best is trial 0 with value: 0.03535721078515053.
[I 2023-12-26 13:41:35,549] Trial 11 finished with value: 2.5503382682800293 and parameters: {'gradient_clip_val': 0.3081469649986103, 'hidden_size': 27, 'dropout': 0.17510165777571507, 'hidden_continuous_size': 8, 'attention_head_size': 4, 'learning_rate': 0.006215722269486878}. Best is trial 0 with value: 0.03535721078515053.
[I 2023-12-26 13:41:37,279] Trial 12 finished with value: 2.0720226764678955 and parameters: {'gradient_clip_val': 0.1069096568483916, 'hidden_size': 5, 'dropout': 0.40316978232400114, 'hidden_continuous_size': 5, 'attention_head_size': 3, 'learning_rate': 0.01365982470342563}. Best is trial 0 with value: 0.03535721078515053.
[I 2023-12-26 13:41:40,306] Trial 13 finished with value: 2.706024169921875 and parameters: {'gradient_clip_val': 0.9603665603145476, 'hidden_size': 56, 'dropout': 0.10229494711078344, 'hidden_continuous_size': 10, 'attention_head_size': 3, 'learning_rate': 0.005235774168728155}. Best is trial 0 with value: 0.03535721078515053.
[I 2023-12-26 13:41:42,347] Trial 14 finished with value: 2.356731653213501 and parameters: {'gradient_clip_val': 0.33475718678626915, 'hidden_size': 14, 'dropout': 0.29893908761194765, 'hidden_continuous_size': 6, 'attention_head_size': 2, 'learning_rate': 0.02309271721893192}. Best is trial 0 with value: 0.03535721078515053.
