[I 2023-12-26 15:30:39,381] Trial 25 finished with value: 1695.6480712890625 and parameters: {'gradient_clip_val': 0.3243510238503359, 'hidden_size': 7, 'dropout': 0.3220365424343614, 'hidden_continuous_size': 5, 'attention_head_size': 4, 'learning_rate': 0.021423198373084186}. Best is trial 0 with value: 255.1588134765625.
[I 2023-12-26 15:30:41,898] Trial 26 finished with value: 1978.46533203125 and parameters: {'gradient_clip_val': 0.7205537771050425, 'hidden_size': 11, 'dropout': 0.403342737895582, 'hidden_continuous_size': 6, 'attention_head_size': 3, 'learning_rate': 0.010882412625289987}. Best is trial 0 with value: 255.1588134765625.
[I 2023-12-26 15:30:44,659] Trial 27 finished with value: 2009.8408203125 and parameters: {'gradient_clip_val': 0.847818631900553, 'hidden_size': 20, 'dropout': 0.2773355943272881, 'hidden_continuous_size': 7, 'attention_head_size': 4, 'learning_rate': 0.044795167038889784}. Best is trial 0 with value: 255.1588134765625.
[I 2023-12-26 15:30:47,414] Trial 28 finished with value: 1823.11083984375 and parameters: {'gradient_clip_val': 0.5202234695374486, 'hidden_size': 18, 'dropout': 0.10168463750226531, 'hidden_continuous_size': 7, 'attention_head_size': 2, 'learning_rate': 0.02743888625206568}. Best is trial 0 with value: 255.1588134765625.
[I 2023-12-26 15:30:49,772] Trial 29 finished with value: 1819.0247802734375 and parameters: {'gradient_clip_val': 0.3846169907875439, 'hidden_size': 16, 'dropout': 0.4269979794141427, 'hidden_continuous_size': 7, 'attention_head_size': 4, 'learning_rate': 0.006109615852161878}. Best is trial 0 with value: 255.1588134765625.
[I 2023-12-26 15:30:52,251] Trial 30 finished with value: 1793.4227294921875 and parameters: {'gradient_clip_val': 0.4201102532136208, 'hidden_size': 13, 'dropout': 0.4430527355975754, 'hidden_continuous_size': 6, 'attention_head_size': 4, 'learning_rate': 0.09566657199188705}. Best is trial 0 with value: 255.1588134765625.
[I 2023-12-26 15:30:54,750] Trial 31 finished with value: 1951.7745361328125 and parameters: {'gradient_clip_val': 0.9420579310410956, 'hidden_size': 12, 'dropout': 0.3049231192418149, 'hidden_continuous_size': 6, 'attention_head_size': 3, 'learning_rate': 0.048562232657317954}. Best is trial 0 with value: 255.1588134765625.
[I 2023-12-26 15:30:57,344] Trial 32 finished with value: 1812.2852783203125 and parameters: {'gradient_clip_val': 0.9927479565451134, 'hidden_size': 14, 'dropout': 0.35183376199760363, 'hidden_continuous_size': 6, 'attention_head_size': 3, 'learning_rate': 0.054918793632837866}. Best is trial 0 with value: 255.1588134765625.
[I 2023-12-26 15:30:59,573] Trial 33 finished with value: 1919.06396484375 and parameters: {'gradient_clip_val': 0.6873084832682694, 'hidden_size': 9, 'dropout': 0.20817876516582912, 'hidden_continuous_size': 6, 'attention_head_size': 1, 'learning_rate': 0.03354533735890572}. Best is trial 0 with value: 255.1588134765625.
[I 2023-12-26 15:31:02,062] Trial 34 finished with value: 1256.3812255859375 and parameters: {'gradient_clip_val': 0.8777054106712099, 'hidden_size': 18, 'dropout': 0.3673354860633219, 'hidden_continuous_size': 8, 'attention_head_size': 4, 'learning_rate': 0.01883356965548126}. Best is trial 0 with value: 255.1588134765625.
[I 2023-12-26 15:31:04,650] Trial 35 finished with value: 1456.30908203125 and parameters: {'gradient_clip_val': 0.8145196686827909, 'hidden_size': 24, 'dropout': 0.3655415318445297, 'hidden_continuous_size': 8, 'attention_head_size': 4, 'learning_rate': 0.01836868726184958}. Best is trial 0 with value: 255.1588134765625.
[I 2023-12-26 15:31:07,075] Trial 36 finished with value: 2021.9447021484375 and parameters: {'gradient_clip_val': 0.5865588925651963, 'hidden_size': 19, 'dropout': 0.36984985245321583, 'hidden_continuous_size': 12, 'attention_head_size': 4, 'learning_rate': 0.027044914492719743}. Best is trial 0 with value: 255.1588134765625.
[I 2023-12-26 15:31:09,406] Trial 37 finished with value: 1859.7789306640625 and parameters: {'gradient_clip_val': 0.6903390174955883, 'hidden_size': 24, 'dropout': 0.3311665078915449, 'hidden_continuous_size': 9, 'attention_head_size': 4, 'learning_rate': 0.013812817805810701}. Best is trial 0 with value: 255.1588134765625.
[I 2023-12-26 15:31:11,592] Trial 38 finished with value: 1795.9232177734375 and parameters: {'gradient_clip_val': 0.8864604470248815, 'hidden_size': 6, 'dropout': 0.17749380150645766, 'hidden_continuous_size': 5, 'attention_head_size': 4, 'learning_rate': 0.06090087770822564}. Best is trial 0 with value: 255.1588134765625.
[I 2023-12-26 15:31:13,955] Trial 39 finished with value: 1936.7659912109375 and parameters: {'gradient_clip_val': 0.7547054898050363, 'hidden_size': 17, 'dropout': 0.22622945859340815, 'hidden_continuous_size': 7, 'attention_head_size': 3, 'learning_rate': 0.018431236917351653}. Best is trial 0 with value: 255.1588134765625.
[I 2023-12-26 15:31:17,330] Trial 40 finished with value: 2144.75927734375 and parameters: {'gradient_clip_val': 0.8721567838778622, 'hidden_size': 32, 'dropout': 0.279668516871571, 'hidden_continuous_size': 13, 'attention_head_size': 4, 'learning_rate': 0.03468668596175391}. Best is trial 0 with value: 255.1588134765625.
[I 2023-12-26 15:31:19,803] Trial 41 finished with value: 1480.9007568359375 and parameters: {'gradient_clip_val': 0.9701145677425851, 'hidden_size': 14, 'dropout': 0.2976460052777824, 'hidden_continuous_size': 7, 'attention_head_size': 3, 'learning_rate': 0.043830944336298534}. Best is trial 0 with value: 255.1588134765625.
[I 2023-12-26 15:31:22,364] Trial 42 finished with value: 2215.836181640625 and parameters: {'gradient_clip_val': 0.7746276214886371, 'hidden_size': 13, 'dropout': 0.2177367137038521, 'hidden_continuous_size': 6, 'attention_head_size': 2, 'learning_rate': 0.06232715820836657}. Best is trial 0 with value: 255.1588134765625.
[I 2023-12-26 15:31:24,855] Trial 43 finished with value: 1763.9918212890625 and parameters: {'gradient_clip_val': 0.8824437504723576, 'hidden_size': 9, 'dropout': 0.14900868430557282, 'hidden_continuous_size': 6, 'attention_head_size': 4, 'learning_rate': 0.02425175513237918}. Best is trial 0 with value: 255.1588134765625.
[I 2023-12-26 15:31:27,006] Trial 44 finished with value: 1948.5059814453125 and parameters: {'gradient_clip_val': 0.6481250528780474, 'hidden_size': 16, 'dropout': 0.19354640266400946, 'hidden_continuous_size': 9, 'attention_head_size': 3, 'learning_rate': 0.03183380572710421}. Best is trial 0 with value: 255.1588134765625.
[I 2023-12-26 15:31:29,187] Trial 45 finished with value: 1818.5653076171875 and parameters: {'gradient_clip_val': 0.9904053133593957, 'hidden_size': 12, 'dropout': 0.34580707756943563, 'hidden_continuous_size': 5, 'attention_head_size': 4, 'learning_rate': 0.08799478147727822}. Best is trial 0 with value: 255.1588134765625.
[I 2023-12-26 15:31:31,524] Trial 46 finished with value: 1963.3184814453125 and parameters: {'gradient_clip_val': 0.11623887784244841, 'hidden_size': 21, 'dropout': 0.3128012238433268, 'hidden_continuous_size': 8, 'attention_head_size': 1, 'learning_rate': 0.07058205849165873}. Best is trial 0 with value: 255.1588134765625.
[I 2023-12-26 15:31:33,950] Trial 47 finished with value: 1505.2994384765625 and parameters: {'gradient_clip_val': 0.7390119528425525, 'hidden_size': 18, 'dropout': 0.3304291979500966, 'hidden_continuous_size': 10, 'attention_head_size': 3, 'learning_rate': 0.03978178854393913}. Best is trial 0 with value: 255.1588134765625.
[I 2023-12-26 15:31:36,195] Trial 48 finished with value: 1694.3057861328125 and parameters: {'gradient_clip_val': 0.275066706650307, 'hidden_size': 6, 'dropout': 0.3760313227240607, 'hidden_continuous_size': 5, 'attention_head_size': 4, 'learning_rate': 0.02180672189107777}. Best is trial 0 with value: 255.1588134765625.
[I 2023-12-26 15:31:38,594] Trial 49 finished with value: 1424.9091796875 and parameters: {'gradient_clip_val': 0.8030357261310856, 'hidden_size': 15, 'dropout': 0.1291700036479123, 'hidden_continuous_size': 7, 'attention_head_size': 2, 'learning_rate': 0.01531908228272665}. Best is trial 0 with value: 255.1588134765625.
[I 2023-12-26 15:31:38,753] A new study created in memory with name: no-name-eeecd424-8bef-40b8-94b8-aebfaf11c045
/home/le004/conda/anaconda3/envs/tsff_env/lib/python3.9/site-packages/lightning/fabric/plugins/environments/slurm.py:191: The `srun` command is available on your system but is not used. HINT: If your intention is to run Lightning on SLURM, prepend your python command with `srun` like so: srun python /home/le004/master_thesis/git/TSFusionForecast/code/ ...
[I 2023-12-26 15:36:28,183] Trial 0 finished with value: 47.24648666381836 and parameters: {'gradient_clip_val': 0.4608093405391135, 'hidden_size': 52, 'dropout': 0.2177941583691146, 'hidden_continuous_size': 11, 'attention_head_size': 3, 'learning_rate': 0.008345531070242036}. Best is trial 0 with value: 47.24648666381836.
[I 2023-12-26 15:36:29,929] Trial 1 finished with value: 135.55162048339844 and parameters: {'gradient_clip_val': 0.10031874487998607, 'hidden_size': 5, 'dropout': 0.49329586421305927, 'hidden_continuous_size': 5, 'attention_head_size': 4, 'learning_rate': 0.007098674468062674}. Best is trial 0 with value: 47.24648666381836.
[I 2023-12-26 15:36:32,299] Trial 2 finished with value: 143.533203125 and parameters: {'gradient_clip_val': 0.2994339141656481, 'hidden_size': 27, 'dropout': 0.30524174822736994, 'hidden_continuous_size': 10, 'attention_head_size': 3, 'learning_rate': 0.0018091221071898616}. Best is trial 0 with value: 47.24648666381836.
[I 2023-12-26 15:36:34,150] Trial 3 finished with value: 186.1988067626953 and parameters: {'gradient_clip_val': 0.23158739299495915, 'hidden_size': 8, 'dropout': 0.49591489387843557, 'hidden_continuous_size': 5, 'attention_head_size': 3, 'learning_rate': 0.013163974339677463}. Best is trial 0 with value: 47.24648666381836.
[I 2023-12-26 15:36:36,921] Trial 4 finished with value: 202.60243225097656 and parameters: {'gradient_clip_val': 0.7044542526832608, 'hidden_size': 41, 'dropout': 0.4993348294528006, 'hidden_continuous_size': 27, 'attention_head_size': 1, 'learning_rate': 0.0013875727331576651}. Best is trial 0 with value: 47.24648666381836.
[I 2023-12-26 15:36:44,367] Trial 5 finished with value: 134.52801513671875 and parameters: {'gradient_clip_val': 0.10157710088113601, 'hidden_size': 121, 'dropout': 0.4570491310357666, 'hidden_continuous_size': 20, 'attention_head_size': 1, 'learning_rate': 0.024257474773183813}. Best is trial 0 with value: 47.24648666381836.
[I 2023-12-26 15:36:49,271] Trial 6 finished with value: 127.08240509033203 and parameters: {'gradient_clip_val': 0.1204517573721198, 'hidden_size': 84, 'dropout': 0.17223750456140946, 'hidden_continuous_size': 8, 'attention_head_size': 4, 'learning_rate': 0.012143672721464329}. Best is trial 0 with value: 47.24648666381836.
[I 2023-12-26 15:36:51,401] Trial 7 finished with value: 122.98587036132812 and parameters: {'gradient_clip_val': 0.389640936155877, 'hidden_size': 24, 'dropout': 0.4613211763726751, 'hidden_continuous_size': 5, 'attention_head_size': 3, 'learning_rate': 0.05345449460744416}. Best is trial 0 with value: 47.24648666381836.
[I 2023-12-26 15:36:57,860] Trial 8 finished with value: 181.2682342529297 and parameters: {'gradient_clip_val': 0.225244052115277, 'hidden_size': 107, 'dropout': 0.23694110337993202, 'hidden_continuous_size': 11, 'attention_head_size': 4, 'learning_rate': 0.0006167045694090555}. Best is trial 0 with value: 47.24648666381836.
[I 2023-12-26 15:37:06,955] Trial 9 finished with value: 171.6259002685547 and parameters: {'gradient_clip_val': 0.656826117979991, 'hidden_size': 132, 'dropout': 0.36959463532341497, 'hidden_continuous_size': 10, 'attention_head_size': 2, 'learning_rate': 0.07785304127645118}. Best is trial 0 with value: 47.24648666381836.
[I 2023-12-26 15:37:12,235] Trial 10 finished with value: 170.952880859375 and parameters: {'gradient_clip_val': 0.49049969744418903, 'hidden_size': 58, 'dropout': 0.11416366593615396, 'hidden_continuous_size': 57, 'attention_head_size': 2, 'learning_rate': 0.002797330645003975}. Best is trial 0 with value: 47.24648666381836.
[I 2023-12-26 15:37:14,954] Trial 11 finished with value: 163.3902130126953 and parameters: {'gradient_clip_val': 0.9954649920036738, 'hidden_size': 19, 'dropout': 0.3827276349328467, 'hidden_continuous_size': 6, 'attention_head_size': 3, 'learning_rate': 0.09596128216591697}. Best is trial 0 with value: 47.24648666381836.
[I 2023-12-26 15:37:17,670] Trial 12 finished with value: 166.525634765625 and parameters: {'gradient_clip_val': 0.42726134717734054, 'hidden_size': 21, 'dropout': 0.2405199748696304, 'hidden_continuous_size': 7, 'attention_head_size': 3, 'learning_rate': 0.03327357569440713}. Best is trial 0 with value: 47.24648666381836.
[I 2023-12-26 15:37:21,277] Trial 13 finished with value: 138.89817810058594 and parameters: {'gradient_clip_val': 0.39127840310551903, 'hidden_size': 40, 'dropout': 0.3940854871673027, 'hidden_continuous_size': 7, 'attention_head_size': 2, 'learning_rate': 0.005130772463062009}. Best is trial 0 with value: 47.24648666381836.
[I 2023-12-26 15:37:23,905] Trial 14 finished with value: 186.2606964111328 and parameters: {'gradient_clip_val': 0.3104327804449294, 'hidden_size': 15, 'dropout': 0.3138532417967951, 'hidden_continuous_size': 5, 'attention_head_size': 3, 'learning_rate': 0.041855977500802}. Best is trial 0 with value: 47.24648666381836.
[I 2023-12-26 15:37:29,280] Trial 15 finished with value: 94.5304946899414 and parameters: {'gradient_clip_val': 0.5504895682316108, 'hidden_size': 65, 'dropout': 0.24408538034988958, 'hidden_continuous_size': 14, 'attention_head_size': 2, 'learning_rate': 0.018178691992715934}. Best is trial 0 with value: 47.24648666381836.
[I 2023-12-26 15:37:35,787] Trial 16 finished with value: 163.62738037109375 and parameters: {'gradient_clip_val': 0.5084305573191025, 'hidden_size': 74, 'dropout': 0.24108708945603627, 'hidden_continuous_size': 15, 'attention_head_size': 2, 'learning_rate': 0.018907968039388906}. Best is trial 0 with value: 47.24648666381836.
[I 2023-12-26 15:37:41,061] Trial 17 finished with value: 136.12655639648438 and parameters: {'gradient_clip_val': 0.6509385237531238, 'hidden_size': 55, 'dropout': 0.17340796094996763, 'hidden_continuous_size': 14, 'attention_head_size': 1, 'learning_rate': 0.007835330363623143}. Best is trial 0 with value: 47.24648666381836.
[I 2023-12-26 15:37:47,561] Trial 18 finished with value: 174.39190673828125 and parameters: {'gradient_clip_val': 0.9328592431906306, 'hidden_size': 76, 'dropout': 0.2611656063497868, 'hidden_continuous_size': 23, 'attention_head_size': 2, 'learning_rate': 0.020515173165797262}. Best is trial 0 with value: 47.24648666381836.
[I 2023-12-26 15:37:59,564] Trial 19 finished with value: 146.90533447265625 and parameters: {'gradient_clip_val': 0.5296051523578377, 'hidden_size': 148, 'dropout': 0.1679295101692377, 'hidden_continuous_size': 34, 'attention_head_size': 2, 'learning_rate': 0.004195254058078082}. Best is trial 0 with value: 47.24648666381836.
[I 2023-12-26 15:38:03,251] Trial 20 finished with value: 164.5806427001953 and parameters: {'gradient_clip_val': 0.8138366389691222, 'hidden_size': 38, 'dropout': 0.1894883015620986, 'hidden_continuous_size': 12, 'attention_head_size': 1, 'learning_rate': 0.011695730241236706}. Best is trial 0 with value: 47.24648666381836.
[I 2023-12-26 15:38:06,704] Trial 21 finished with value: 176.2093048095703 and parameters: {'gradient_clip_val': 0.38953670970101145, 'hidden_size': 31, 'dropout': 0.2805290224611566, 'hidden_continuous_size': 9, 'attention_head_size': 3, 'learning_rate': 0.05644935308083537}. Best is trial 0 with value: 47.24648666381836.
[I 2023-12-26 15:38:11,358] Trial 22 finished with value: 155.42222595214844 and parameters: {'gradient_clip_val': 0.5794198877946014, 'hidden_size': 53, 'dropout': 0.3373376043948788, 'hidden_continuous_size': 13, 'attention_head_size': 3, 'learning_rate': 0.04043433523682563}. Best is trial 0 with value: 47.24648666381836.
[I 2023-12-26 15:38:14,619] Trial 23 finished with value: 111.12969207763672 and parameters: {'gradient_clip_val': 0.4677498326385028, 'hidden_size': 28, 'dropout': 0.4226539526822475, 'hidden_continuous_size': 6, 'attention_head_size': 4, 'learning_rate': 0.026141899231982083}. Best is trial 0 with value: 47.24648666381836.
[I 2023-12-26 15:38:18,096] Trial 24 finished with value: 156.54905700683594 and parameters: {'gradient_clip_val': 0.5883121074719786, 'hidden_size': 33, 'dropout': 0.2124807188281707, 'hidden_continuous_size': 8, 'attention_head_size': 4, 'learning_rate': 0.025584646300400186}. Best is trial 0 with value: 47.24648666381836.
[I 2023-12-26 15:38:22,676] Trial 25 finished with value: 136.78077697753906 and parameters: {'gradient_clip_val': 0.766947252122368, 'hidden_size': 51, 'dropout': 0.284528519918669, 'hidden_continuous_size': 17, 'attention_head_size': 4, 'learning_rate': 0.01558648251773583}. Best is trial 0 with value: 47.24648666381836.
[I 2023-12-26 15:38:30,604] Trial 26 finished with value: 161.15321350097656 and parameters: {'gradient_clip_val': 0.4754452757906363, 'hidden_size': 93, 'dropout': 0.26801568843209717, 'hidden_continuous_size': 11, 'attention_head_size': 4, 'learning_rate': 0.009098043479113858}. Best is trial 0 with value: 47.24648666381836.
[I 2023-12-26 15:38:36,395] Trial 27 finished with value: 142.95654296875 and parameters: {'gradient_clip_val': 0.5858928639109826, 'hidden_size': 67, 'dropout': 0.34489188933313986, 'hidden_continuous_size': 17, 'attention_head_size': 2, 'learning_rate': 0.0298992656611659}. Best is trial 0 with value: 47.24648666381836.
[I 2023-12-26 15:38:44,432] Trial 28 finished with value: 208.2659149169922 and parameters: {'gradient_clip_val': 0.44742298768828953, 'hidden_size': 98, 'dropout': 0.30604648959411485, 'hidden_continuous_size': 7, 'attention_head_size': 4, 'learning_rate': 0.01719897320142294}. Best is trial 0 with value: 47.24648666381836.
[I 2023-12-26 15:38:48,983] Trial 29 finished with value: 140.45468139648438 and parameters: {'gradient_clip_val': 0.7430902799493782, 'hidden_size': 45, 'dropout': 0.416019243974379, 'hidden_continuous_size': 13, 'attention_head_size': 4, 'learning_rate': 0.006769817763780265}. Best is trial 0 with value: 47.24648666381836.
[I 2023-12-26 15:38:54,712] Trial 30 finished with value: 176.83226013183594 and parameters: {'gradient_clip_val': 0.3463043820739964, 'hidden_size': 66, 'dropout': 0.20877433441045554, 'hidden_continuous_size': 9, 'attention_head_size': 3, 'learning_rate': 0.0099745625633142}. Best is trial 0 with value: 47.24648666381836.
[I 2023-12-26 15:38:57,724] Trial 31 finished with value: 168.2937469482422 and parameters: {'gradient_clip_val': 0.42125609206083203, 'hidden_size': 25, 'dropout': 0.4633137781800097, 'hidden_continuous_size': 5, 'attention_head_size': 3, 'learning_rate': 0.05216206938432456}. Best is trial 0 with value: 47.24648666381836.
[I 2023-12-26 15:39:01,104] Trial 32 finished with value: 170.3154754638672 and parameters: {'gradient_clip_val': 0.35915768535760906, 'hidden_size': 34, 'dropout': 0.42834960965610763, 'hidden_continuous_size': 6, 'attention_head_size': 3, 'learning_rate': 0.024014956204111742}. Best is trial 0 with value: 47.24648666381836.
[I 2023-12-26 15:39:04,215] Trial 33 finished with value: 146.9156951904297 and parameters: {'gradient_clip_val': 0.5069293711005958, 'hidden_size': 27, 'dropout': 0.470586707464049, 'hidden_continuous_size': 6, 'attention_head_size': 2, 'learning_rate': 0.013485310956009874}. Best is trial 0 with value: 47.24648666381836.
[I 2023-12-26 15:39:08,639] Trial 34 finished with value: 175.8838653564453 and parameters: {'gradient_clip_val': 0.29185556362650034, 'hidden_size': 47, 'dropout': 0.4343563446645495, 'hidden_continuous_size': 5, 'attention_head_size': 3, 'learning_rate': 0.03298911509562864}. Best is trial 0 with value: 47.24648666381836.
[I 2023-12-26 15:39:11,313] Trial 35 finished with value: 144.0061492919922 and parameters: {'gradient_clip_val': 0.44147160602619057, 'hidden_size': 14, 'dropout': 0.4835408078544353, 'hidden_continuous_size': 5, 'attention_head_size': 4, 'learning_rate': 0.01999877241335199}. Best is trial 0 with value: 47.24648666381836.
[I 2023-12-26 15:39:15,429] Trial 36 finished with value: 151.3080291748047 and parameters: {'gradient_clip_val': 0.6182881083814911, 'hidden_size': 43, 'dropout': 0.4524991334659658, 'hidden_continuous_size': 10, 'attention_head_size': 3, 'learning_rate': 0.01634028912500255}. Best is trial 0 with value: 47.24648666381836.
[I 2023-12-26 15:39:17,547] Trial 37 finished with value: 138.35134887695312 and parameters: {'gradient_clip_val': 0.5434829312278702, 'hidden_size': 5, 'dropout': 0.48595424226081674, 'hidden_continuous_size': 5, 'attention_head_size': 2, 'learning_rate': 0.06762523879280462}. Best is trial 0 with value: 47.24648666381836.
[I 2023-12-26 15:39:23,101] Trial 38 finished with value: 132.4600372314453 and parameters: {'gradient_clip_val': 0.2745827261881437, 'hidden_size': 63, 'dropout': 0.49884239962965715, 'hidden_continuous_size': 11, 'attention_head_size': 1, 'learning_rate': 0.043005224496006376}. Best is trial 0 with value: 47.24648666381836.
[I 2023-12-26 15:39:30,375] Trial 39 finished with value: 132.7150421142578 and parameters: {'gradient_clip_val': 0.34704735705179685, 'hidden_size': 87, 'dropout': 0.3963351039889129, 'hidden_continuous_size': 8, 'attention_head_size': 4, 'learning_rate': 0.012328236168142806}. Best is trial 0 with value: 47.24648666381836.
