[I 2023-12-26 13:33:25,559] Trial 31 finished with value: 1.6660529375076294 and parameters: {'gradient_clip_val': 0.30073051163802406, 'hidden_size': 121, 'dropout': 0.20986010492957619, 'hidden_continuous_size': 65, 'attention_head_size': 4, 'learning_rate': 0.084822394484536}. Best is trial 0 with value: 0.09987425059080124.
[I 2023-12-26 13:33:35,833] Trial 32 finished with value: 1.6618585586547852 and parameters: {'gradient_clip_val': 0.28809813192443195, 'hidden_size': 119, 'dropout': 0.15813369227499127, 'hidden_continuous_size': 79, 'attention_head_size': 4, 'learning_rate': 0.09983087005844817}. Best is trial 0 with value: 0.09987425059080124.
[I 2023-12-26 13:33:44,592] Trial 33 finished with value: 2.129979372024536 and parameters: {'gradient_clip_val': 0.2247532402654964, 'hidden_size': 101, 'dropout': 0.15627503716108052, 'hidden_continuous_size': 70, 'attention_head_size': 4, 'learning_rate': 0.056599567751646325}. Best is trial 0 with value: 0.09987425059080124.
[I 2023-12-26 13:33:55,520] Trial 34 finished with value: 3.5857038497924805 and parameters: {'gradient_clip_val': 0.2875288522158305, 'hidden_size': 122, 'dropout': 0.12680992766923244, 'hidden_continuous_size': 85, 'attention_head_size': 4, 'learning_rate': 0.030499470467531167}. Best is trial 0 with value: 0.09987425059080124.
[I 2023-12-26 13:34:04,732] Trial 35 finished with value: 3.05106520652771 and parameters: {'gradient_clip_val': 0.24931125402942314, 'hidden_size': 110, 'dropout': 0.15549209193270092, 'hidden_continuous_size': 49, 'attention_head_size': 4, 'learning_rate': 0.015878247071734995}. Best is trial 0 with value: 0.09987425059080124.
[I 2023-12-26 13:34:09,520] Trial 36 finished with value: 2.407052755355835 and parameters: {'gradient_clip_val': 0.19585231764480257, 'hidden_size': 54, 'dropout': 0.10274019566794479, 'hidden_continuous_size': 43, 'attention_head_size': 1, 'learning_rate': 0.036104344091962844}. Best is trial 0 with value: 0.09987425059080124.
[I 2023-12-26 13:34:16,482] Trial 37 finished with value: 2.853544235229492 and parameters: {'gradient_clip_val': 0.21502632860683854, 'hidden_size': 82, 'dropout': 0.20365225423661534, 'hidden_continuous_size': 53, 'attention_head_size': 4, 'learning_rate': 0.05311845604252301}. Best is trial 0 with value: 0.09987425059080124.
[I 2023-12-26 13:34:26,434] Trial 38 finished with value: 2.1951844692230225 and parameters: {'gradient_clip_val': 0.313453624686118, 'hidden_size': 120, 'dropout': 0.17151572420396724, 'hidden_continuous_size': 75, 'attention_head_size': 2, 'learning_rate': 0.06947714665630221}. Best is trial 0 with value: 0.09987425059080124.
[I 2023-12-26 13:34:34,209] Trial 39 finished with value: 3.46151065826416 and parameters: {'gradient_clip_val': 0.2596963513144458, 'hidden_size': 89, 'dropout': 0.12216512094996196, 'hidden_continuous_size': 54, 'attention_head_size': 1, 'learning_rate': 0.04127247893476678}. Best is trial 0 with value: 0.09987425059080124.
[I 2023-12-26 13:34:43,231] Trial 40 finished with value: 3.135244369506836 and parameters: {'gradient_clip_val': 0.4096112193352848, 'hidden_size': 113, 'dropout': 0.1471241184456237, 'hidden_continuous_size': 41, 'attention_head_size': 3, 'learning_rate': 0.006068992150116708}. Best is trial 0 with value: 0.09987425059080124.
[I 2023-12-26 13:34:56,025] Trial 41 finished with value: 1.731911540031433 and parameters: {'gradient_clip_val': 0.28689093101811286, 'hidden_size': 140, 'dropout': 0.1970490382268135, 'hidden_continuous_size': 132, 'attention_head_size': 4, 'learning_rate': 0.09655359852060275}. Best is trial 0 with value: 0.09987425059080124.
[I 2023-12-26 13:35:08,686] Trial 42 finished with value: 2.0910022258758545 and parameters: {'gradient_clip_val': 0.28175983427902623, 'hidden_size': 150, 'dropout': 0.21183466956300817, 'hidden_continuous_size': 96, 'attention_head_size': 4, 'learning_rate': 0.09799477897345484}. Best is trial 0 with value: 0.09987425059080124.
[I 2023-12-26 13:35:19,392] Trial 43 finished with value: 2.0298149585723877 and parameters: {'gradient_clip_val': 0.32878824090064934, 'hidden_size': 125, 'dropout': 0.17552033557289215, 'hidden_continuous_size': 88, 'attention_head_size': 4, 'learning_rate': 0.07329820618795475}. Best is trial 0 with value: 0.09987425059080124.
[I 2023-12-26 13:35:27,323] Trial 44 finished with value: 2.0511581897735596 and parameters: {'gradient_clip_val': 0.23384083562298913, 'hidden_size': 93, 'dropout': 0.23704781814193998, 'hidden_continuous_size': 65, 'attention_head_size': 4, 'learning_rate': 0.0740924684927704}. Best is trial 0 with value: 0.09987425059080124.
[I 2023-12-26 13:35:37,531] Trial 45 finished with value: 2.3777830600738525 and parameters: {'gradient_clip_val': 0.2460620549517271, 'hidden_size': 118, 'dropout': 0.21254892088941643, 'hidden_continuous_size': 77, 'attention_head_size': 4, 'learning_rate': 0.047450468446202834}. Best is trial 0 with value: 0.09987425059080124.
[I 2023-12-26 13:35:44,196] Trial 46 finished with value: 2.6903398036956787 and parameters: {'gradient_clip_val': 0.31637571812450227, 'hidden_size': 72, 'dropout': 0.19595983799870978, 'hidden_continuous_size': 54, 'attention_head_size': 4, 'learning_rate': 0.07733168860333833}. Best is trial 0 with value: 0.09987425059080124.
[I 2023-12-26 13:35:51,429] Trial 47 finished with value: 2.027130365371704 and parameters: {'gradient_clip_val': 0.17402148089808164, 'hidden_size': 86, 'dropout': 0.29185987913309314, 'hidden_continuous_size': 61, 'attention_head_size': 3, 'learning_rate': 0.05622360777559033}. Best is trial 0 with value: 0.09987425059080124.
[I 2023-12-26 13:36:00,805] Trial 48 finished with value: 1.9160445928573608 and parameters: {'gradient_clip_val': 0.3923283497984075, 'hidden_size': 106, 'dropout': 0.16339648888330546, 'hidden_continuous_size': 80, 'attention_head_size': 4, 'learning_rate': 0.07952655152361586}. Best is trial 0 with value: 0.09987425059080124.
[I 2023-12-26 13:36:13,825] Trial 49 finished with value: 3.339592933654785 and parameters: {'gradient_clip_val': 0.35430640188579177, 'hidden_size': 149, 'dropout': 0.23391583292153675, 'hidden_continuous_size': 121, 'attention_head_size': 2, 'learning_rate': 0.00789044791056409}. Best is trial 0 with value: 0.09987425059080124.
[I 2023-12-26 13:36:13,976] A new study created in memory with name: no-name-460cad12-5b67-4df4-a5fb-892a1f978109
/home/le004/conda/anaconda3/envs/tsff_env/lib/python3.9/site-packages/lightning/fabric/plugins/environments/slurm.py:191: The `srun` command is available on your system but is not used. HINT: If your intention is to run Lightning on SLURM, prepend your python command with `srun` like so: srun python /home/le004/master_thesis/git/TSFusionForecast/code/ ...
[I 2023-12-26 13:41:08,573] Trial 0 finished with value: 0.04740001633763313 and parameters: {'gradient_clip_val': 0.48645550423632233, 'hidden_size': 19, 'dropout': 0.37411209011784596, 'hidden_continuous_size': 11, 'attention_head_size': 2, 'learning_rate': 0.017754463660022902}. Best is trial 0 with value: 0.04740001633763313.
[I 2023-12-26 13:41:16,374] Trial 1 finished with value: 2.3211545944213867 and parameters: {'gradient_clip_val': 0.15378788885164124, 'hidden_size': 92, 'dropout': 0.12754865173857946, 'hidden_continuous_size': 34, 'attention_head_size': 3, 'learning_rate': 0.005767956577930294}. Best is trial 0 with value: 0.04740001633763313.
[I 2023-12-26 13:41:23,588] Trial 2 finished with value: 2.8295786380767822 and parameters: {'gradient_clip_val': 0.5507825370132575, 'hidden_size': 93, 'dropout': 0.3156773271308587, 'hidden_continuous_size': 20, 'attention_head_size': 3, 'learning_rate': 0.012735787214474312}. Best is trial 0 with value: 0.04740001633763313.
[I 2023-12-26 13:41:25,516] Trial 3 finished with value: 3.7208569049835205 and parameters: {'gradient_clip_val': 0.7218717882143146, 'hidden_size': 5, 'dropout': 0.12622258512377593, 'hidden_continuous_size': 5, 'attention_head_size': 2, 'learning_rate': 0.033771280927951675}. Best is trial 0 with value: 0.04740001633763313.
[I 2023-12-26 13:41:28,002] Trial 4 finished with value: 3.4684898853302 and parameters: {'gradient_clip_val': 0.3141463296851214, 'hidden_size': 10, 'dropout': 0.19039164904004352, 'hidden_continuous_size': 5, 'attention_head_size': 3, 'learning_rate': 0.09261337424863557}. Best is trial 0 with value: 0.04740001633763313.
[I 2023-12-26 13:41:39,507] Trial 5 finished with value: 2.5461485385894775 and parameters: {'gradient_clip_val': 0.3905467729353458, 'hidden_size': 133, 'dropout': 0.23549318390169582, 'hidden_continuous_size': 80, 'attention_head_size': 4, 'learning_rate': 0.000918860926104119}. Best is trial 0 with value: 0.04740001633763313.
[I 2023-12-26 13:41:42,467] Trial 6 finished with value: 3.1592845916748047 and parameters: {'gradient_clip_val': 0.5557778840319265, 'hidden_size': 23, 'dropout': 0.20459739611245378, 'hidden_continuous_size': 8, 'attention_head_size': 4, 'learning_rate': 0.003635183113008225}. Best is trial 0 with value: 0.04740001633763313.
[I 2023-12-26 13:41:50,950] Trial 7 finished with value: 2.6292569637298584 and parameters: {'gradient_clip_val': 0.10462139284950148, 'hidden_size': 100, 'dropout': 0.15006375712805117, 'hidden_continuous_size': 5, 'attention_head_size': 1, 'learning_rate': 0.005424170181728497}. Best is trial 0 with value: 0.04740001633763313.
[I 2023-12-26 13:41:54,307] Trial 8 finished with value: 2.4736812114715576 and parameters: {'gradient_clip_val': 0.35244973193513013, 'hidden_size': 34, 'dropout': 0.40082054171309844, 'hidden_continuous_size': 6, 'attention_head_size': 1, 'learning_rate': 0.0009511866814591401}. Best is trial 0 with value: 0.04740001633763313.
[I 2023-12-26 13:41:56,627] Trial 9 finished with value: 3.2235107421875 and parameters: {'gradient_clip_val': 0.1750089935176376, 'hidden_size': 6, 'dropout': 0.14460627871671378, 'hidden_continuous_size': 6, 'attention_head_size': 3, 'learning_rate': 0.0006656337310559984}. Best is trial 0 with value: 0.04740001633763313.
[I 2023-12-26 13:41:59,300] Trial 10 finished with value: 3.4356603622436523 and parameters: {'gradient_clip_val': 0.9638266080178621, 'hidden_size': 19, 'dropout': 0.47591559986383214, 'hidden_continuous_size': 9, 'attention_head_size': 2, 'learning_rate': 0.017740672529854878}. Best is trial 0 with value: 0.04740001633763313.
[I 2023-12-26 13:42:04,579] Trial 11 finished with value: 2.9422800540924072 and parameters: {'gradient_clip_val': 0.2151424969940154, 'hidden_size': 58, 'dropout': 0.3002116033400264, 'hidden_continuous_size': 19, 'attention_head_size': 2, 'learning_rate': 0.0037465773169047885}. Best is trial 0 with value: 0.04740001633763313.
[I 2023-12-26 13:42:08,729] Trial 12 finished with value: 2.2961056232452393 and parameters: {'gradient_clip_val': 0.10355359994441506, 'hidden_size': 44, 'dropout': 0.10545753363069098, 'hidden_continuous_size': 14, 'attention_head_size': 2, 'learning_rate': 0.010296312375587072}. Best is trial 0 with value: 0.04740001633763313.
[I 2023-12-26 13:42:12,239] Trial 13 finished with value: 2.5185582637786865 and parameters: {'gradient_clip_val': 0.10656717430231613, 'hidden_size': 36, 'dropout': 0.3682954348090328, 'hidden_continuous_size': 11, 'attention_head_size': 1, 'learning_rate': 0.01582206676672174}. Best is trial 0 with value: 0.04740001633763313.
[I 2023-12-26 13:42:14,728] Trial 14 finished with value: 3.55631947517395 and parameters: {'gradient_clip_val': 0.2584923472741131, 'hidden_size': 16, 'dropout': 0.2546077848666999, 'hidden_continuous_size': 10, 'attention_head_size': 2, 'learning_rate': 0.036082293795314344}. Best is trial 0 with value: 0.04740001633763313.
[I 2023-12-26 13:42:18,763] Trial 15 finished with value: 2.145657539367676 and parameters: {'gradient_clip_val': 0.13546105218746693, 'hidden_size': 42, 'dropout': 0.35683423034394934, 'hidden_continuous_size': 14, 'attention_head_size': 2, 'learning_rate': 0.0021400586823402657}. Best is trial 0 with value: 0.04740001633763313.
[I 2023-12-26 13:42:21,359] Trial 16 finished with value: 2.160966396331787 and parameters: {'gradient_clip_val': 0.4344231317865555, 'hidden_size': 14, 'dropout': 0.36992530082767155, 'hidden_continuous_size': 7, 'attention_head_size': 1, 'learning_rate': 0.0017276673186022485}. Best is trial 0 with value: 0.04740001633763313.
[I 2023-12-26 13:42:24,840] Trial 17 finished with value: 2.211346387863159 and parameters: {'gradient_clip_val': 0.2830864847610447, 'hidden_size': 31, 'dropout': 0.4390784078653828, 'hidden_continuous_size': 13, 'attention_head_size': 2, 'learning_rate': 0.0020297426547323553}. Best is trial 0 with value: 0.04740001633763313.
[I 2023-12-26 13:42:27,690] Trial 18 finished with value: 3.964431047439575 and parameters: {'gradient_clip_val': 0.22663692273699657, 'hidden_size': 24, 'dropout': 0.4985011194894299, 'hidden_continuous_size': 8, 'attention_head_size': 3, 'learning_rate': 0.0019667610447779062}. Best is trial 0 with value: 0.04740001633763313.
[I 2023-12-26 13:42:33,047] Trial 19 finished with value: 3.261420488357544 and parameters: {'gradient_clip_val': 0.1379727016208366, 'hidden_size': 55, 'dropout': 0.34083719727738376, 'hidden_continuous_size': 12, 'attention_head_size': 1, 'learning_rate': 0.008528029248471344}. Best is trial 0 with value: 0.04740001633763313.
[I 2023-12-26 13:42:35,552] Trial 20 finished with value: 3.1417267322540283 and parameters: {'gradient_clip_val': 0.20734663577281878, 'hidden_size': 12, 'dropout': 0.419236473699299, 'hidden_continuous_size': 7, 'attention_head_size': 2, 'learning_rate': 0.0034860733509360343}. Best is trial 0 with value: 0.04740001633763313.
[I 2023-12-26 13:42:38,245] Trial 21 finished with value: 3.00197696685791 and parameters: {'gradient_clip_val': 0.4240838703652943, 'hidden_size': 15, 'dropout': 0.3593235799853867, 'hidden_continuous_size': 7, 'attention_head_size': 1, 'learning_rate': 0.0018900485495344814}. Best is trial 0 with value: 0.04740001633763313.
[I 2023-12-26 13:42:41,257] Trial 22 finished with value: 3.0048186779022217 and parameters: {'gradient_clip_val': 0.45033521748339417, 'hidden_size': 25, 'dropout': 0.3893860102658494, 'hidden_continuous_size': 10, 'attention_head_size': 1, 'learning_rate': 0.0005041189229505725}. Best is trial 0 with value: 0.04740001633763313.
[I 2023-12-26 13:42:43,717] Trial 23 finished with value: 3.5523478984832764 and parameters: {'gradient_clip_val': 0.32740244715188976, 'hidden_size': 9, 'dropout': 0.33499947647368766, 'hidden_continuous_size': 6, 'attention_head_size': 2, 'learning_rate': 0.0013336422315230886}. Best is trial 0 with value: 0.04740001633763313.
[I 2023-12-26 13:42:46,396] Trial 24 finished with value: 3.1042702198028564 and parameters: {'gradient_clip_val': 0.47869015965641104, 'hidden_size': 20, 'dropout': 0.3780935657915262, 'hidden_continuous_size': 9, 'attention_head_size': 1, 'learning_rate': 0.0028167738312123896}. Best is trial 0 with value: 0.04740001633763313.
[I 2023-12-26 13:42:49,077] Trial 25 finished with value: 3.1813764572143555 and parameters: {'gradient_clip_val': 0.36326537641642515, 'hidden_size': 15, 'dropout': 0.2856227374043841, 'hidden_continuous_size': 7, 'attention_head_size': 2, 'learning_rate': 0.0013716488818022144}. Best is trial 0 with value: 0.04740001633763313.
[I 2023-12-26 13:42:52,378] Trial 26 finished with value: 3.5885612964630127 and parameters: {'gradient_clip_val': 0.282059753280187, 'hidden_size': 28, 'dropout': 0.3443430098559262, 'hidden_continuous_size': 14, 'attention_head_size': 1, 'learning_rate': 0.006393303161175071}. Best is trial 0 with value: 0.04740001633763313.
[I 2023-12-26 13:42:54,909] Trial 27 finished with value: 3.3263895511627197 and parameters: {'gradient_clip_val': 0.5805366480451045, 'hidden_size': 12, 'dropout': 0.4223783942778195, 'hidden_continuous_size': 6, 'attention_head_size': 2, 'learning_rate': 0.0048169566760435595}. Best is trial 0 with value: 0.04740001633763313.
[I 2023-12-26 13:42:57,680] Trial 28 finished with value: 2.533374071121216 and parameters: {'gradient_clip_val': 0.3953038982855557, 'hidden_size': 18, 'dropout': 0.31550495289960995, 'hidden_continuous_size': 8, 'attention_head_size': 3, 'learning_rate': 0.0026260516549731637}. Best is trial 0 with value: 0.04740001633763313.
[I 2023-12-26 13:43:01,930] Trial 29 finished with value: 3.1504106521606445 and parameters: {'gradient_clip_val': 0.14792301455658913, 'hidden_size': 43, 'dropout': 0.371846248984125, 'hidden_continuous_size': 16, 'attention_head_size': 4, 'learning_rate': 0.007947760929480375}. Best is trial 0 with value: 0.04740001633763313.
[I 2023-12-26 13:43:04,771] Trial 30 finished with value: 3.0005502700805664 and parameters: {'gradient_clip_val': 0.1721656447265044, 'hidden_size': 22, 'dropout': 0.39811995230018193, 'hidden_continuous_size': 11, 'attention_head_size': 1, 'learning_rate': 0.004871908113436979}. Best is trial 0 with value: 0.04740001633763313.
[I 2023-12-26 13:43:08,618] Trial 31 finished with value: 2.5631651878356934 and parameters: {'gradient_clip_val': 0.30309519893612746, 'hidden_size': 30, 'dropout': 0.4328270440026669, 'hidden_continuous_size': 13, 'attention_head_size': 2, 'learning_rate': 0.0019768263765303743}. Best is trial 0 with value: 0.04740001633763313.
[I 2023-12-26 13:43:11,803] Trial 32 finished with value: 3.384270429611206 and parameters: {'gradient_clip_val': 0.27171324281579534, 'hidden_size': 26, 'dropout': 0.45557341455965195, 'hidden_continuous_size': 12, 'attention_head_size': 3, 'learning_rate': 0.0025571517586942}. Best is trial 0 with value: 0.04740001633763313.
[I 2023-12-26 13:43:15,440] Trial 33 finished with value: 2.842526435852051 and parameters: {'gradient_clip_val': 0.48417481032775456, 'hidden_size': 34, 'dropout': 0.43858913660533505, 'hidden_continuous_size': 16, 'attention_head_size': 2, 'learning_rate': 0.001423147068928229}. Best is trial 0 with value: 0.04740001633763313.
[I 2023-12-26 13:43:20,948] Trial 34 finished with value: 2.690922498703003 and parameters: {'gradient_clip_val': 0.3444908786636467, 'hidden_size': 60, 'dropout': 0.4077360920578316, 'hidden_continuous_size': 19, 'attention_head_size': 2, 'learning_rate': 0.0010333520522077997}. Best is trial 0 with value: 0.04740001633763313.
[I 2023-12-26 13:43:23,670] Trial 35 finished with value: 2.6317763328552246 and parameters: {'gradient_clip_val': 0.24491586677996416, 'hidden_size': 19, 'dropout': 0.3938167828266444, 'hidden_continuous_size': 11, 'attention_head_size': 2, 'learning_rate': 0.0018361937054744116}. Best is trial 0 with value: 0.04740001633763313.
[I 2023-12-26 13:43:27,348] Trial 36 finished with value: 3.4916813373565674 and parameters: {'gradient_clip_val': 0.6184964058525706, 'hidden_size': 31, 'dropout': 0.3617310871797167, 'hidden_continuous_size': 13, 'attention_head_size': 3, 'learning_rate': 0.0007248463981475858}. Best is trial 0 with value: 0.04740001633763313.
[I 2023-12-26 13:43:31,531] Trial 37 finished with value: 3.5646297931671143 and parameters: {'gradient_clip_val': 0.5207417608725845, 'hidden_size': 42, 'dropout': 0.4460593870149496, 'hidden_continuous_size': 23, 'attention_head_size': 2, 'learning_rate': 0.00115535879980907}. Best is trial 0 with value: 0.04740001633763313.
[I 2023-12-26 13:43:38,191] Trial 38 finished with value: 3.2539749145507812 and parameters: {'gradient_clip_val': 0.6573404049532748, 'hidden_size': 74, 'dropout': 0.42190886982040826, 'hidden_continuous_size': 22, 'attention_head_size': 1, 'learning_rate': 0.00386785710668221}. Best is trial 0 with value: 0.04740001633763313.
[I 2023-12-26 13:43:41,398] Trial 39 finished with value: 2.7844419479370117 and parameters: {'gradient_clip_val': 0.393223519839143, 'hidden_size': 27, 'dropout': 0.460770319274781, 'hidden_continuous_size': 10, 'attention_head_size': 3, 'learning_rate': 0.006386321939500255}. Best is trial 0 with value: 0.04740001633763313.
[I 2023-12-26 13:43:45,069] Trial 40 finished with value: 3.112015962600708 and parameters: {'gradient_clip_val': 0.30531803713526884, 'hidden_size': 37, 'dropout': 0.38495698467646566, 'hidden_continuous_size': 15, 'attention_head_size': 4, 'learning_rate': 0.0008300228127265492}. Best is trial 0 with value: 0.04740001633763313.
[I 2023-12-26 13:43:49,337] Trial 41 finished with value: 2.365703821182251 and parameters: {'gradient_clip_val': 0.11750900475128283, 'hidden_size': 44, 'dropout': 0.11680476618760899, 'hidden_continuous_size': 14, 'attention_head_size': 2, 'learning_rate': 0.009526528285063238}. Best is trial 0 with value: 0.04740001633763313.
[I 2023-12-26 13:43:53,524] Trial 42 finished with value: 3.5896174907684326 and parameters: {'gradient_clip_val': 0.12384945566209109, 'hidden_size': 49, 'dropout': 0.10146277497879172, 'hidden_continuous_size': 16, 'attention_head_size': 2, 'learning_rate': 0.015016223452138645}. Best is trial 0 with value: 0.04740001633763313.
[I 2023-12-26 13:43:57,511] Trial 43 finished with value: 2.776514768600464 and parameters: {'gradient_clip_val': 0.10024992076474101, 'hidden_size': 31, 'dropout': 0.18442215501007792, 'hidden_continuous_size': 13, 'attention_head_size': 2, 'learning_rate': 0.009938601254455818}. Best is trial 0 with value: 0.04740001633763313.
[I 2023-12-26 13:44:01,142] Trial 44 finished with value: 3.004265069961548 and parameters: {'gradient_clip_val': 0.12884174362251202, 'hidden_size': 37, 'dropout': 0.3167308253796292, 'hidden_continuous_size': 17, 'attention_head_size': 2, 'learning_rate': 0.012960564088881354}. Best is trial 0 with value: 0.04740001633763313.
[I 2023-12-26 13:44:04,107] Trial 45 finished with value: 3.1852147579193115 and parameters: {'gradient_clip_val': 0.1101466954850064, 'hidden_size': 22, 'dropout': 0.2567514228210415, 'hidden_continuous_size': 12, 'attention_head_size': 2, 'learning_rate': 0.021563065502360812}. Best is trial 0 with value: 0.04740001633763313.
