[I 2023-12-26 18:45:32,600] Trial 20 finished with value: 5.618677139282227 and parameters: {'gradient_clip_val': 0.5774953214177919, 'hidden_size': 18, 'dropout': 0.2765928679931604, 'hidden_continuous_size': 6, 'attention_head_size': 4, 'learning_rate': 0.004540839793258243}. Best is trial 0 with value: 0.05102809891104698.
[I 2023-12-26 18:45:34,249] Trial 21 finished with value: 5.198234558105469 and parameters: {'gradient_clip_val': 0.9815711647415863, 'hidden_size': 5, 'dropout': 0.49649525687989116, 'hidden_continuous_size': 5, 'attention_head_size': 3, 'learning_rate': 0.018644908331905054}. Best is trial 0 with value: 0.05102809891104698.
[I 2023-12-26 18:45:36,021] Trial 22 finished with value: 5.527902603149414 and parameters: {'gradient_clip_val': 0.8833862394548694, 'hidden_size': 8, 'dropout': 0.46668936131513367, 'hidden_continuous_size': 5, 'attention_head_size': 3, 'learning_rate': 0.00908281016402291}. Best is trial 0 with value: 0.05102809891104698.
[I 2023-12-26 18:45:37,844] Trial 23 finished with value: 6.692956924438477 and parameters: {'gradient_clip_val': 0.7505750896620469, 'hidden_size': 7, 'dropout': 0.4262590844309062, 'hidden_continuous_size': 5, 'attention_head_size': 3, 'learning_rate': 0.0018976764014958568}. Best is trial 0 with value: 0.05102809891104698.
[I 2023-12-26 18:45:39,649] Trial 24 finished with value: 6.339722156524658 and parameters: {'gradient_clip_val': 0.9480052375103416, 'hidden_size': 7, 'dropout': 0.47486475895283586, 'hidden_continuous_size': 5, 'attention_head_size': 2, 'learning_rate': 0.014530207985513103}. Best is trial 0 with value: 0.05102809891104698.
[I 2023-12-26 18:45:41,308] Trial 25 finished with value: 4.826481342315674 and parameters: {'gradient_clip_val': 0.6442664121032258, 'hidden_size': 5, 'dropout': 0.42866140267806746, 'hidden_continuous_size': 5, 'attention_head_size': 3, 'learning_rate': 0.02305750429834392}. Best is trial 0 with value: 0.05102809891104698.
[I 2023-12-26 18:45:43,284] Trial 26 finished with value: 5.002084255218506 and parameters: {'gradient_clip_val': 0.7701727478990629, 'hidden_size': 17, 'dropout': 0.47383987404986744, 'hidden_continuous_size': 6, 'attention_head_size': 4, 'learning_rate': 0.007585933652776095}. Best is trial 0 with value: 0.05102809891104698.
[I 2023-12-26 18:45:45,648] Trial 27 finished with value: 4.318755626678467 and parameters: {'gradient_clip_val': 0.5608560768933275, 'hidden_size': 34, 'dropout': 0.4985310071945169, 'hidden_continuous_size': 7, 'attention_head_size': 2, 'learning_rate': 0.00437703282128006}. Best is trial 0 with value: 0.05102809891104698.
[I 2023-12-26 18:45:47,473] Trial 28 finished with value: 4.3974609375 and parameters: {'gradient_clip_val': 0.986861632174085, 'hidden_size': 9, 'dropout': 0.4002430575364225, 'hidden_continuous_size': 6, 'attention_head_size': 1, 'learning_rate': 0.002409055274949715}. Best is trial 0 with value: 0.05102809891104698.
[I 2023-12-26 18:45:49,439] Trial 29 finished with value: 4.618624210357666 and parameters: {'gradient_clip_val': 0.4357311350203443, 'hidden_size': 14, 'dropout': 0.4403088480622955, 'hidden_continuous_size': 6, 'attention_head_size': 3, 'learning_rate': 0.005849221461350731}. Best is trial 0 with value: 0.05102809891104698.
[I 2023-12-26 18:45:51,208] Trial 30 finished with value: 4.278842449188232 and parameters: {'gradient_clip_val': 0.6639860389467828, 'hidden_size': 6, 'dropout': 0.46583119288716407, 'hidden_continuous_size': 5, 'attention_head_size': 2, 'learning_rate': 0.0005183469090210702}. Best is trial 0 with value: 0.05102809891104698.
[I 2023-12-26 18:45:54,152] Trial 31 finished with value: 3.4558067321777344 and parameters: {'gradient_clip_val': 0.8803125540860626, 'hidden_size': 46, 'dropout': 0.42953240754798805, 'hidden_continuous_size': 7, 'attention_head_size': 3, 'learning_rate': 0.0010875466237154582}. Best is trial 0 with value: 0.05102809891104698.
[I 2023-12-26 18:45:56,032] Trial 32 finished with value: 5.123041152954102 and parameters: {'gradient_clip_val': 0.7588362937088334, 'hidden_size': 9, 'dropout': 0.47135111319673595, 'hidden_continuous_size': 6, 'attention_head_size': 3, 'learning_rate': 0.002251807509537926}. Best is trial 0 with value: 0.05102809891104698.
[I 2023-12-26 18:45:59,359] Trial 33 finished with value: 5.561147689819336 and parameters: {'gradient_clip_val': 0.8600770481332067, 'hidden_size': 65, 'dropout': 0.4182321577023877, 'hidden_continuous_size': 8, 'attention_head_size': 3, 'learning_rate': 0.0010675682130084527}. Best is trial 0 with value: 0.05102809891104698.
[I 2023-12-26 18:46:01,848] Trial 34 finished with value: 5.486413955688477 and parameters: {'gradient_clip_val': 0.6415902185588533, 'hidden_size': 37, 'dropout': 0.4451767196265897, 'hidden_continuous_size': 7, 'attention_head_size': 4, 'learning_rate': 0.0036715170870730562}. Best is trial 0 with value: 0.05102809891104698.
[I 2023-12-26 18:46:07,732] Trial 35 finished with value: 6.913222789764404 and parameters: {'gradient_clip_val': 0.5105175865057162, 'hidden_size': 109, 'dropout': 0.47966272619959355, 'hidden_continuous_size': 9, 'attention_head_size': 2, 'learning_rate': 0.030931306849172988}. Best is trial 0 with value: 0.05102809891104698.
[I 2023-12-26 18:46:13,041] Trial 36 finished with value: 3.878528594970703 and parameters: {'gradient_clip_val': 0.8237708108186906, 'hidden_size': 99, 'dropout': 0.4341128690801644, 'hidden_continuous_size': 10, 'attention_head_size': 3, 'learning_rate': 0.005563643572721951}. Best is trial 0 with value: 0.05102809891104698.
[I 2023-12-26 18:46:17,502] Trial 37 finished with value: 4.584068298339844 and parameters: {'gradient_clip_val': 0.7001910822100265, 'hidden_size': 85, 'dropout': 0.3862996430889041, 'hidden_continuous_size': 21, 'attention_head_size': 2, 'learning_rate': 0.00160348094226347}. Best is trial 0 with value: 0.05102809891104698.
[I 2023-12-26 18:46:20,044] Trial 38 finished with value: 4.902841091156006 and parameters: {'gradient_clip_val': 0.8770195619609877, 'hidden_size': 39, 'dropout': 0.41485952060172365, 'hidden_continuous_size': 7, 'attention_head_size': 4, 'learning_rate': 0.002805652814276326}. Best is trial 0 with value: 0.05102809891104698.
[I 2023-12-26 18:46:22,232] Trial 39 finished with value: 5.4810872077941895 and parameters: {'gradient_clip_val': 0.2069264427411304, 'hidden_size': 26, 'dropout': 0.4791414329662068, 'hidden_continuous_size': 8, 'attention_head_size': 3, 'learning_rate': 0.0019293623411142705}. Best is trial 0 with value: 0.05102809891104698.
[I 2023-12-26 18:46:24,410] Trial 40 finished with value: 6.229502201080322 and parameters: {'gradient_clip_val': 0.9951173766292307, 'hidden_size': 26, 'dropout': 0.4590287630721334, 'hidden_continuous_size': 7, 'attention_head_size': 1, 'learning_rate': 0.001021936309124648}. Best is trial 0 with value: 0.05102809891104698.
[I 2023-12-26 18:46:27,028] Trial 41 finished with value: 5.070044994354248 and parameters: {'gradient_clip_val': 0.8394564736409957, 'hidden_size': 43, 'dropout': 0.4149722274136117, 'hidden_continuous_size': 6, 'attention_head_size': 3, 'learning_rate': 0.0010307178905094578}. Best is trial 0 with value: 0.05102809891104698.
[I 2023-12-26 18:46:30,581] Trial 42 finished with value: 5.545351028442383 and parameters: {'gradient_clip_val': 0.9025148821089167, 'hidden_size': 70, 'dropout': 0.4319859133295891, 'hidden_continuous_size': 5, 'attention_head_size': 3, 'learning_rate': 0.0008673678534731659}. Best is trial 0 with value: 0.05102809891104698.
[I 2023-12-26 18:46:33,549] Trial 43 finished with value: 4.592493057250977 and parameters: {'gradient_clip_val': 0.7376625413218961, 'hidden_size': 49, 'dropout': 0.44891767791933973, 'hidden_continuous_size': 6, 'attention_head_size': 3, 'learning_rate': 0.001657273673843576}. Best is trial 0 with value: 0.05102809891104698.
[I 2023-12-26 18:46:35,802] Trial 44 finished with value: 4.755165100097656 and parameters: {'gradient_clip_val': 0.2873175535280536, 'hidden_size': 32, 'dropout': 0.39210490362279177, 'hidden_continuous_size': 7, 'attention_head_size': 3, 'learning_rate': 0.001245554393685142}. Best is trial 0 with value: 0.05102809891104698.
[I 2023-12-26 18:46:41,146] Trial 45 finished with value: 4.585429668426514 and parameters: {'gradient_clip_val': 0.6165241750049706, 'hidden_size': 97, 'dropout': 0.48687408995623355, 'hidden_continuous_size': 40, 'attention_head_size': 2, 'learning_rate': 0.0007911107521767569}. Best is trial 0 with value: 0.05102809891104698.
[I 2023-12-26 18:46:49,389] Trial 46 finished with value: 5.278398036956787 and parameters: {'gradient_clip_val': 0.712150620929804, 'hidden_size': 145, 'dropout': 0.4876132257966106, 'hidden_continuous_size': 11, 'attention_head_size': 3, 'learning_rate': 0.0025144027061664016}. Best is trial 0 with value: 0.05102809891104698.
[I 2023-12-26 18:46:52,954] Trial 47 finished with value: 6.247776031494141 and parameters: {'gradient_clip_val': 0.8097033374320407, 'hidden_size': 69, 'dropout': 0.4549484750938336, 'hidden_continuous_size': 9, 'attention_head_size': 4, 'learning_rate': 0.001408607203029865}. Best is trial 0 with value: 0.05102809891104698.
[I 2023-12-26 18:46:59,330] Trial 48 finished with value: 5.613664150238037 and parameters: {'gradient_clip_val': 0.8693969461307796, 'hidden_size': 116, 'dropout': 0.40873472284990275, 'hidden_continuous_size': 14, 'attention_head_size': 2, 'learning_rate': 0.0020564334884893565}. Best is trial 0 with value: 0.05102809891104698.
[I 2023-12-26 18:47:02,304] Trial 49 finished with value: 5.408111095428467 and parameters: {'gradient_clip_val': 0.33668596549687757, 'hidden_size': 57, 'dropout': 0.4337487775771323, 'hidden_continuous_size': 8, 'attention_head_size': 3, 'learning_rate': 0.000705335521158556}. Best is trial 0 with value: 0.05102809891104698.
[I 2023-12-26 18:47:02,416] A new study created in memory with name: no-name-e215d480-86d3-43fd-8367-10b8d1727eb1
/home/le004/conda/anaconda3/envs/tsff_env/lib/python3.9/site-packages/lightning/fabric/plugins/environments/slurm.py:191: The `srun` command is available on your system but is not used. HINT: If your intention is to run Lightning on SLURM, prepend your python command with `srun` like so: srun python /home/le004/master_thesis/git/TSFusionForecast/code/ ...
[I 2023-12-26 18:50:05,892] Trial 0 finished with value: 0.07195161283016205 and parameters: {'gradient_clip_val': 0.2905843467668995, 'hidden_size': 7, 'dropout': 0.3186274066615068, 'hidden_continuous_size': 6, 'attention_head_size': 4, 'learning_rate': 0.05970364299748961}. Best is trial 0 with value: 0.07195161283016205.
[I 2023-12-26 18:50:07,674] Trial 1 finished with value: 3.4662387371063232 and parameters: {'gradient_clip_val': 0.5135408196385386, 'hidden_size': 7, 'dropout': 0.3362258325194798, 'hidden_continuous_size': 5, 'attention_head_size': 1, 'learning_rate': 0.02830779973214538}. Best is trial 0 with value: 0.07195161283016205.
[I 2023-12-26 18:50:11,023] Trial 2 finished with value: 3.041292190551758 and parameters: {'gradient_clip_val': 0.1826165716718113, 'hidden_size': 59, 'dropout': 0.17599143615215307, 'hidden_continuous_size': 44, 'attention_head_size': 2, 'learning_rate': 0.048205048663564815}. Best is trial 0 with value: 0.07195161283016205.
[I 2023-12-26 18:50:19,148] Trial 3 finished with value: 3.3771915435791016 and parameters: {'gradient_clip_val': 0.11406905996357854, 'hidden_size': 125, 'dropout': 0.45474034803126206, 'hidden_continuous_size': 124, 'attention_head_size': 1, 'learning_rate': 0.011796421825265465}. Best is trial 0 with value: 0.07195161283016205.
[I 2023-12-26 18:50:21,153] Trial 4 finished with value: 4.260951042175293 and parameters: {'gradient_clip_val': 0.14001965052755153, 'hidden_size': 18, 'dropout': 0.28375398288106657, 'hidden_continuous_size': 15, 'attention_head_size': 2, 'learning_rate': 0.015053857234588292}. Best is trial 0 with value: 0.07195161283016205.
[I 2023-12-26 18:50:27,161] Trial 5 finished with value: 2.7627675533294678 and parameters: {'gradient_clip_val': 0.6789347645634695, 'hidden_size': 107, 'dropout': 0.20128252705320382, 'hidden_continuous_size': 31, 'attention_head_size': 1, 'learning_rate': 0.0022976660957593673}. Best is trial 0 with value: 0.07195161283016205.
[I 2023-12-26 18:50:29,209] Trial 6 finished with value: 4.450002193450928 and parameters: {'gradient_clip_val': 0.8334779118710298, 'hidden_size': 16, 'dropout': 0.25825732026943204, 'hidden_continuous_size': 11, 'attention_head_size': 4, 'learning_rate': 0.011045132826986449}. Best is trial 0 with value: 0.07195161283016205.
[I 2023-12-26 18:50:31,693] Trial 7 finished with value: 3.948591470718384 and parameters: {'gradient_clip_val': 0.2869954355565204, 'hidden_size': 38, 'dropout': 0.15860473797454488, 'hidden_continuous_size': 16, 'attention_head_size': 3, 'learning_rate': 0.002883691717778826}. Best is trial 0 with value: 0.07195161283016205.
[I 2023-12-26 18:50:33,297] Trial 8 finished with value: 2.980921983718872 and parameters: {'gradient_clip_val': 0.30802462702318334, 'hidden_size': 5, 'dropout': 0.2671468023106657, 'hidden_continuous_size': 5, 'attention_head_size': 2, 'learning_rate': 0.0033136971047523353}. Best is trial 0 with value: 0.07195161283016205.
[I 2023-12-26 18:50:37,001] Trial 9 finished with value: 3.271993637084961 and parameters: {'gradient_clip_val': 0.19457281532404666, 'hidden_size': 65, 'dropout': 0.26824456611968156, 'hidden_continuous_size': 62, 'attention_head_size': 4, 'learning_rate': 0.07417939294873183}. Best is trial 0 with value: 0.07195161283016205.
[I 2023-12-26 18:50:38,902] Trial 10 finished with value: 3.6617424488067627 and parameters: {'gradient_clip_val': 0.4545470594204981, 'hidden_size': 10, 'dropout': 0.37039683437158766, 'hidden_continuous_size': 5, 'attention_head_size': 3, 'learning_rate': 0.0008892182215228788}. Best is trial 0 with value: 0.07195161283016205.
[I 2023-12-26 18:50:46,494] Trial 11 finished with value: 4.2215352058410645 and parameters: {'gradient_clip_val': 0.6446398208137941, 'hidden_size': 136, 'dropout': 0.10461252564280535, 'hidden_continuous_size': 25, 'attention_head_size': 4, 'learning_rate': 0.08682411643318824}. Best is trial 0 with value: 0.07195161283016205.
[I 2023-12-26 18:50:48,751] Trial 12 finished with value: 3.9236385822296143 and parameters: {'gradient_clip_val': 0.8131394333455069, 'hidden_size': 28, 'dropout': 0.21315159915838972, 'hidden_continuous_size': 7, 'attention_head_size': 3, 'learning_rate': 0.0051122385995105}. Best is trial 0 with value: 0.07195161283016205.
[I 2023-12-26 18:50:50,602] Trial 13 finished with value: 4.853819847106934 and parameters: {'gradient_clip_val': 0.4068882893435953, 'hidden_size': 11, 'dropout': 0.3559942161796374, 'hidden_continuous_size': 6, 'attention_head_size': 1, 'learning_rate': 0.031951461198613244}. Best is trial 0 with value: 0.07195161283016205.
[I 2023-12-26 18:50:52,248] Trial 14 finished with value: 5.348060607910156 and parameters: {'gradient_clip_val': 0.9458569567939527, 'hidden_size': 5, 'dropout': 0.21239761559962803, 'hidden_continuous_size': 5, 'attention_head_size': 3, 'learning_rate': 0.0012578614066427768}. Best is trial 0 with value: 0.07195161283016205.
[I 2023-12-26 18:50:54,252] Trial 15 finished with value: 4.631106853485107 and parameters: {'gradient_clip_val': 0.5750610829705545, 'hidden_size': 20, 'dropout': 0.41069070340602515, 'hidden_continuous_size': 7, 'attention_head_size': 2, 'learning_rate': 0.0005815262571099619}. Best is trial 0 with value: 0.07195161283016205.
[I 2023-12-26 18:50:56,603] Trial 16 finished with value: 2.5687570571899414 and parameters: {'gradient_clip_val': 0.3450860163431125, 'hidden_size': 31, 'dropout': 0.3203059087894468, 'hidden_continuous_size': 9, 'attention_head_size': 1, 'learning_rate': 0.001767303908958247}. Best is trial 0 with value: 0.07195161283016205.
[I 2023-12-26 18:50:59,247] Trial 17 finished with value: 3.555131673812866 and parameters: {'gradient_clip_val': 0.36988261909079767, 'hidden_size': 31, 'dropout': 0.3309261696225405, 'hidden_continuous_size': 9, 'attention_head_size': 4, 'learning_rate': 0.00595768641888528}. Best is trial 0 with value: 0.07195161283016205.
[I 2023-12-26 18:51:01,209] Trial 18 finished with value: 3.7698371410369873 and parameters: {'gradient_clip_val': 0.2556102827928781, 'hidden_size': 14, 'dropout': 0.4026016618495806, 'hidden_continuous_size': 6, 'attention_head_size': 2, 'learning_rate': 0.02183337362759485}. Best is trial 0 with value: 0.07195161283016205.
[I 2023-12-26 18:51:03,286] Trial 19 finished with value: 3.2495973110198975 and parameters: {'gradient_clip_val': 0.3799323614061811, 'hidden_size': 21, 'dropout': 0.3098137792864595, 'hidden_continuous_size': 8, 'attention_head_size': 3, 'learning_rate': 0.008198539111040834}. Best is trial 0 with value: 0.07195161283016205.
[I 2023-12-26 18:51:05,182] Trial 20 finished with value: 4.183150768280029 and parameters: {'gradient_clip_val': 0.24050665957552383, 'hidden_size': 9, 'dropout': 0.306488816376051, 'hidden_continuous_size': 6, 'attention_head_size': 4, 'learning_rate': 0.09766414109738804}. Best is trial 0 with value: 0.07195161283016205.
[I 2023-12-26 18:51:07,820] Trial 21 finished with value: 3.0474910736083984 and parameters: {'gradient_clip_val': 0.34710775476463135, 'hidden_size': 44, 'dropout': 0.2437755184384084, 'hidden_continuous_size': 10, 'attention_head_size': 1, 'learning_rate': 0.0020625126352334573}. Best is trial 0 with value: 0.07195161283016205.
[I 2023-12-26 18:51:12,340] Trial 22 finished with value: 3.665695905685425 and parameters: {'gradient_clip_val': 0.47617941667698405, 'hidden_size': 86, 'dropout': 0.2973610081676943, 'hidden_continuous_size': 12, 'attention_head_size': 1, 'learning_rate': 0.0017086903435781862}. Best is trial 0 with value: 0.07195161283016205.
[I 2023-12-26 18:51:14,468] Trial 23 finished with value: 4.695637226104736 and parameters: {'gradient_clip_val': 0.685772920035739, 'hidden_size': 25, 'dropout': 0.3280057524048721, 'hidden_continuous_size': 8, 'attention_head_size': 1, 'learning_rate': 0.0038295465024339474}. Best is trial 0 with value: 0.07195161283016205.
[I 2023-12-26 18:51:16,956] Trial 24 finished with value: 4.250609874725342 and parameters: {'gradient_clip_val': 0.4433994263100855, 'hidden_size': 39, 'dropout': 0.49917978860219925, 'hidden_continuous_size': 10, 'attention_head_size': 1, 'learning_rate': 0.0022570787798340953}. Best is trial 0 with value: 0.07195161283016205.
[I 2023-12-26 18:51:18,915] Trial 25 finished with value: 3.793733835220337 and parameters: {'gradient_clip_val': 0.5713762929501247, 'hidden_size': 14, 'dropout': 0.3656014011633074, 'hidden_continuous_size': 7, 'attention_head_size': 2, 'learning_rate': 0.004530702828057855}. Best is trial 0 with value: 0.07195161283016205.
[I 2023-12-26 18:51:21,688] Trial 26 finished with value: 3.058666467666626 and parameters: {'gradient_clip_val': 0.3077063413495222, 'hidden_size': 51, 'dropout': 0.2884189400693049, 'hidden_continuous_size': 12, 'attention_head_size': 1, 'learning_rate': 0.0017111162555130829}. Best is trial 0 with value: 0.07195161283016205.
[I 2023-12-26 18:51:26,761] Trial 27 finished with value: 4.444327354431152 and parameters: {'gradient_clip_val': 0.43720915883893974, 'hidden_size': 93, 'dropout': 0.2413996232743732, 'hidden_continuous_size': 22, 'attention_head_size': 2, 'learning_rate': 0.006354115657121508}. Best is trial 0 with value: 0.07195161283016205.
[I 2023-12-26 18:51:28,888] Trial 28 finished with value: 4.041024208068848 and parameters: {'gradient_clip_val': 0.36814501312619735, 'hidden_size': 32, 'dropout': 0.313400953104532, 'hidden_continuous_size': 8, 'attention_head_size': 1, 'learning_rate': 0.0030282534362515465}. Best is trial 0 with value: 0.07195161283016205.
[I 2023-12-26 18:51:30,873] Trial 29 finished with value: 3.3022654056549072 and parameters: {'gradient_clip_val': 0.4965391080410218, 'hidden_size': 7, 'dropout': 0.3420456203174958, 'hidden_continuous_size': 5, 'attention_head_size': 1, 'learning_rate': 0.0010985644866230067}. Best is trial 0 with value: 0.07195161283016205.
[I 2023-12-26 18:51:32,985] Trial 30 finished with value: 3.5446794033050537 and parameters: {'gradient_clip_val': 0.5541354497374349, 'hidden_size': 22, 'dropout': 0.3844223666150274, 'hidden_continuous_size': 9, 'attention_head_size': 3, 'learning_rate': 0.007288074665598288}. Best is trial 0 with value: 0.07195161283016205.
[I 2023-12-26 18:51:34,613] Trial 31 finished with value: 3.7164337635040283 and parameters: {'gradient_clip_val': 0.3285962538126319, 'hidden_size': 5, 'dropout': 0.2655316846803972, 'hidden_continuous_size': 5, 'attention_head_size': 2, 'learning_rate': 0.003465319327508484}. Best is trial 0 with value: 0.07195161283016205.
[I 2023-12-26 18:51:36,413] Trial 32 finished with value: 2.163682460784912 and parameters: {'gradient_clip_val': 0.2650096306821218, 'hidden_size': 7, 'dropout': 0.33667807910952746, 'hidden_continuous_size': 5, 'attention_head_size': 2, 'learning_rate': 0.002762945470697548}. Best is trial 0 with value: 0.07195161283016205.
[I 2023-12-26 18:51:38,200] Trial 33 finished with value: 3.3431293964385986 and parameters: {'gradient_clip_val': 0.22725568470709503, 'hidden_size': 7, 'dropout': 0.33273376732883314, 'hidden_continuous_size': 5, 'attention_head_size': 1, 'learning_rate': 0.05266047714531834}. Best is trial 0 with value: 0.07195161283016205.
[I 2023-12-26 18:51:46,833] Trial 34 finished with value: 3.3446061611175537 and parameters: {'gradient_clip_val': 0.2699080133504386, 'hidden_size': 149, 'dropout': 0.3477113207658685, 'hidden_continuous_size': 42, 'attention_head_size': 2, 'learning_rate': 0.002311305107132149}. Best is trial 0 with value: 0.07195161283016205.
