[I 2023-12-16 12:07:57,658] Trial 49 finished with value: 406.61376953125 and parameters: {'gradient_clip_val': 0.6397023286109048, 'hidden_size': 49, 'dropout': 0.18081017632443389, 'hidden_continuous_size': 35, 'attention_head_size': 4, 'learning_rate': 0.08321341333793046}. Best is trial 49 with value: 406.61376953125.
[I 2023-12-16 12:07:57,755] A new study created in memory with name: no-name-9f751c98-f4ba-47ef-a2ef-2bfe699483fa
/home/le004/conda/anaconda3/envs/tsff_env/lib/python3.9/site-packages/lightning/fabric/plugins/environments/slurm.py:191: The `srun` command is available on your system but is not used. HINT: If your intention is to run Lightning on SLURM, prepend your python command with `srun` like so: srun python /home/le004/master_thesis/git/TSFusionForecast/code/ ...
LOCAL_RANK: 0 - CUDA_VISIBLE_DEVICES: [0]
[I 2023-12-16 12:08:45,309] Trial 0 finished with value: 0.7338865399360657 and parameters: {'gradient_clip_val': 0.2425126973749891, 'hidden_size': 20, 'dropout': 0.1700729918152723, 'hidden_continuous_size': 18, 'attention_head_size': 2, 'learning_rate': 0.005898925274154736}. Best is trial 0 with value: 0.7338865399360657.
LOCAL_RANK: 0 - CUDA_VISIBLE_DEVICES: [0]
[I 2023-12-16 12:09:39,094] Trial 1 finished with value: 3.3153879642486572 and parameters: {'gradient_clip_val': 0.5995903977119219, 'hidden_size': 84, 'dropout': 0.21007813664821873, 'hidden_continuous_size': 11, 'attention_head_size': 4, 'learning_rate': 0.0005149380861124244}. Best is trial 0 with value: 0.7338865399360657.
LOCAL_RANK: 0 - CUDA_VISIBLE_DEVICES: [0]
[I 2023-12-16 12:10:34,290] Trial 2 finished with value: 1.463093638420105 and parameters: {'gradient_clip_val': 0.10488055344506345, 'hidden_size': 78, 'dropout': 0.25974291493765955, 'hidden_continuous_size': 23, 'attention_head_size': 4, 'learning_rate': 0.02090135845668854}. Best is trial 0 with value: 0.7338865399360657.
LOCAL_RANK: 0 - CUDA_VISIBLE_DEVICES: [0]
[I 2023-12-16 12:11:23,455] Trial 3 finished with value: 1.1877907514572144 and parameters: {'gradient_clip_val': 0.37037886908036516, 'hidden_size': 24, 'dropout': 0.2801559805383499, 'hidden_continuous_size': 17, 'attention_head_size': 4, 'learning_rate': 0.0008930660272611489}. Best is trial 0 with value: 0.7338865399360657.
LOCAL_RANK: 0 - CUDA_VISIBLE_DEVICES: [0]
[I 2023-12-16 12:12:14,385] Trial 4 finished with value: 2.467586040496826 and parameters: {'gradient_clip_val': 0.2854930737359758, 'hidden_size': 34, 'dropout': 0.12068495310146293, 'hidden_continuous_size': 9, 'attention_head_size': 4, 'learning_rate': 0.0006587217727274943}. Best is trial 0 with value: 0.7338865399360657.
LOCAL_RANK: 0 - CUDA_VISIBLE_DEVICES: [0]
[I 2023-12-16 12:13:11,794] Trial 5 finished with value: 0.26143574714660645 and parameters: {'gradient_clip_val': 0.11938486179367218, 'hidden_size': 86, 'dropout': 0.18810057203447728, 'hidden_continuous_size': 60, 'attention_head_size': 4, 'learning_rate': 0.007920535247045177}. Best is trial 5 with value: 0.26143574714660645.
LOCAL_RANK: 0 - CUDA_VISIBLE_DEVICES: [0]
[I 2023-12-16 12:13:57,615] Trial 6 finished with value: 0.18277929723262787 and parameters: {'gradient_clip_val': 0.21556283345597266, 'hidden_size': 11, 'dropout': 0.13337770443388047, 'hidden_continuous_size': 7, 'attention_head_size': 3, 'learning_rate': 0.009609828594547662}. Best is trial 6 with value: 0.18277929723262787.
LOCAL_RANK: 0 - CUDA_VISIBLE_DEVICES: [0]
[I 2023-12-16 12:14:51,796] Trial 7 finished with value: 0.21729011833667755 and parameters: {'gradient_clip_val': 0.163268903371162, 'hidden_size': 60, 'dropout': 0.3540582937543676, 'hidden_continuous_size': 21, 'attention_head_size': 3, 'learning_rate': 0.03899858776079162}. Best is trial 6 with value: 0.18277929723262787.
LOCAL_RANK: 0 - CUDA_VISIBLE_DEVICES: [0]
[I 2023-12-16 12:15:44,348] Trial 8 finished with value: 0.0838974192738533 and parameters: {'gradient_clip_val': 0.6127950974662746, 'hidden_size': 64, 'dropout': 0.18854557709240127, 'hidden_continuous_size': 21, 'attention_head_size': 1, 'learning_rate': 0.011508584086292592}. Best is trial 8 with value: 0.0838974192738533.
LOCAL_RANK: 0 - CUDA_VISIBLE_DEVICES: [0]
[I 2023-12-16 12:16:37,829] Trial 9 finished with value: 1.7484935522079468 and parameters: {'gradient_clip_val': 0.644655607469917, 'hidden_size': 73, 'dropout': 0.22436991760042924, 'hidden_continuous_size': 17, 'attention_head_size': 1, 'learning_rate': 0.008039328447694859}. Best is trial 8 with value: 0.0838974192738533.
LOCAL_RANK: 0 - CUDA_VISIBLE_DEVICES: [0]
[I 2023-12-16 12:17:11,509] Trial 10 finished with value: 0.3082921802997589 and parameters: {'gradient_clip_val': 0.938156293962206, 'hidden_size': 5, 'dropout': 0.11078317909402616, 'hidden_continuous_size': 5, 'attention_head_size': 1, 'learning_rate': 0.06876676502478951}. Best is trial 8 with value: 0.0838974192738533.
LOCAL_RANK: 0 - CUDA_VISIBLE_DEVICES: [0]
[I 2023-12-16 12:17:56,800] Trial 11 finished with value: 0.9352419376373291 and parameters: {'gradient_clip_val': 0.20430303954752344, 'hidden_size': 10, 'dropout': 0.14741628787929656, 'hidden_continuous_size': 5, 'attention_head_size': 2, 'learning_rate': 0.018075906526241796}. Best is trial 8 with value: 0.0838974192738533.
LOCAL_RANK: 0 - CUDA_VISIBLE_DEVICES: [0]
[I 2023-12-16 12:18:42,524] Trial 12 finished with value: 0.6031649112701416 and parameters: {'gradient_clip_val': 0.3790111177450433, 'hidden_size': 13, 'dropout': 0.1522603068347619, 'hidden_continuous_size': 6, 'attention_head_size': 3, 'learning_rate': 0.003272809268577439}. Best is trial 8 with value: 0.0838974192738533.
LOCAL_RANK: 0 - CUDA_VISIBLE_DEVICES: [0]
[I 2023-12-16 12:19:33,566] Trial 13 finished with value: 2.184211492538452 and parameters: {'gradient_clip_val': 0.3791332032994558, 'hidden_size': 42, 'dropout': 0.11281102466207743, 'hidden_continuous_size': 8, 'attention_head_size': 2, 'learning_rate': 0.017020189754781936}. Best is trial 8 with value: 0.0838974192738533.
LOCAL_RANK: 0 - CUDA_VISIBLE_DEVICES: [0]
[I 2023-12-16 12:20:26,515] Trial 14 finished with value: 1.1791070699691772 and parameters: {'gradient_clip_val': 0.17601508667546617, 'hidden_size': 43, 'dropout': 0.181677142182129, 'hidden_continuous_size': 12, 'attention_head_size': 3, 'learning_rate': 0.09253659461785194}. Best is trial 8 with value: 0.0838974192738533.
LOCAL_RANK: 0 - CUDA_VISIBLE_DEVICES: [0]
[I 2023-12-16 12:21:11,980] Trial 15 finished with value: 3.1613147258758545 and parameters: {'gradient_clip_val': 0.4939408486574535, 'hidden_size': 14, 'dropout': 0.22220018076781833, 'hidden_continuous_size': 6, 'attention_head_size': 1, 'learning_rate': 0.002814389463528315}. Best is trial 8 with value: 0.0838974192738533.
LOCAL_RANK: 0 - CUDA_VISIBLE_DEVICES: [0]
[I 2023-12-16 12:22:07,964] Trial 16 finished with value: 0.25056877732276917 and parameters: {'gradient_clip_val': 0.2671860692516903, 'hidden_size': 100, 'dropout': 0.14115008977730192, 'hidden_continuous_size': 33, 'attention_head_size': 2, 'learning_rate': 0.03426079060983954}. Best is trial 8 with value: 0.0838974192738533.
LOCAL_RANK: 0 - CUDA_VISIBLE_DEVICES: [0]
[I 2023-12-16 12:23:00,947] Trial 17 finished with value: 0.051880042999982834 and parameters: {'gradient_clip_val': 0.9960555475425736, 'hidden_size': 55, 'dropout': 0.18049682880408505, 'hidden_continuous_size': 13, 'attention_head_size': 3, 'learning_rate': 0.012261898191079364}. Best is trial 17 with value: 0.051880042999982834.
LOCAL_RANK: 0 - CUDA_VISIBLE_DEVICES: [0]
[I 2023-12-16 12:23:53,293] Trial 18 finished with value: 0.6569395661354065 and parameters: {'gradient_clip_val': 0.9880751230441768, 'hidden_size': 56, 'dropout': 0.2820355669670084, 'hidden_continuous_size': 13, 'attention_head_size': 1, 'learning_rate': 0.01219253867949233}. Best is trial 17 with value: 0.051880042999982834.
LOCAL_RANK: 0 - CUDA_VISIBLE_DEVICES: [0]
[I 2023-12-16 12:24:46,985] Trial 19 finished with value: 2.148754119873047 and parameters: {'gradient_clip_val': 0.8137860607775129, 'hidden_size': 54, 'dropout': 0.10009303186960525, 'hidden_continuous_size': 14, 'attention_head_size': 2, 'learning_rate': 0.004236154977947834}. Best is trial 17 with value: 0.051880042999982834.
LOCAL_RANK: 0 - CUDA_VISIBLE_DEVICES: [0]
[I 2023-12-16 12:25:35,906] Trial 20 finished with value: 0.5189529657363892 and parameters: {'gradient_clip_val': 0.7570638652845558, 'hidden_size': 32, 'dropout': 0.19992491906957272, 'hidden_continuous_size': 10, 'attention_head_size': 3, 'learning_rate': 0.0019817009007747316}. Best is trial 17 with value: 0.051880042999982834.
LOCAL_RANK: 0 - CUDA_VISIBLE_DEVICES: [0]
[I 2023-12-16 12:26:29,358] Trial 21 finished with value: 0.8559331893920898 and parameters: {'gradient_clip_val': 0.5177809041426288, 'hidden_size': 65, 'dropout': 0.15016501669486151, 'hidden_continuous_size': 8, 'attention_head_size': 3, 'learning_rate': 0.01090212164110209}. Best is trial 17 with value: 0.051880042999982834.
LOCAL_RANK: 0 - CUDA_VISIBLE_DEVICES: [0]
[I 2023-12-16 12:27:22,539] Trial 22 finished with value: 0.6475244164466858 and parameters: {'gradient_clip_val': 0.7578064808086915, 'hidden_size': 46, 'dropout': 0.17423822770141664, 'hidden_continuous_size': 10, 'attention_head_size': 3, 'learning_rate': 0.006044929866649749}. Best is trial 17 with value: 0.051880042999982834.
LOCAL_RANK: 0 - CUDA_VISIBLE_DEVICES: [0]
[I 2023-12-16 12:28:10,550] Trial 23 finished with value: 0.15696629881858826 and parameters: {'gradient_clip_val': 0.9681918812954045, 'hidden_size': 32, 'dropout': 0.13259228541763557, 'hidden_continuous_size': 7, 'attention_head_size': 3, 'learning_rate': 0.011879039043292917}. Best is trial 17 with value: 0.051880042999982834.
LOCAL_RANK: 0 - CUDA_VISIBLE_DEVICES: [0]
[I 2023-12-16 12:28:59,270] Trial 24 finished with value: 4.222934246063232 and parameters: {'gradient_clip_val': 0.926071191669338, 'hidden_size': 32, 'dropout': 0.16806059524100236, 'hidden_continuous_size': 14, 'attention_head_size': 2, 'learning_rate': 0.01418644029762052}. Best is trial 17 with value: 0.051880042999982834.
LOCAL_RANK: 0 - CUDA_VISIBLE_DEVICES: [0]
[I 2023-12-16 12:29:52,318] Trial 25 finished with value: 3.1811845302581787 and parameters: {'gradient_clip_val': 0.9888897175356351, 'hidden_size': 50, 'dropout': 0.19785229042553476, 'hidden_continuous_size': 11, 'attention_head_size': 3, 'learning_rate': 0.021213747919924954}. Best is trial 17 with value: 0.051880042999982834.
LOCAL_RANK: 0 - CUDA_VISIBLE_DEVICES: [0]
[I 2023-12-16 12:30:45,826] Trial 26 finished with value: 0.5546562671661377 and parameters: {'gradient_clip_val': 0.6743309596619136, 'hidden_size': 68, 'dropout': 0.2348263672613597, 'hidden_continuous_size': 26, 'attention_head_size': 2, 'learning_rate': 0.028277633761607638}. Best is trial 17 with value: 0.051880042999982834.
LOCAL_RANK: 0 - CUDA_VISIBLE_DEVICES: [0]
[I 2023-12-16 12:31:36,276] Trial 27 finished with value: 0.4886709153652191 and parameters: {'gradient_clip_val': 0.8186720344056152, 'hidden_size': 38, 'dropout': 0.1272292868564049, 'hidden_continuous_size': 9, 'attention_head_size': 3, 'learning_rate': 0.011966463610699142}. Best is trial 17 with value: 0.051880042999982834.
LOCAL_RANK: 0 - CUDA_VISIBLE_DEVICES: [0]
[I 2023-12-16 12:32:31,149] Trial 28 finished with value: 0.08104884624481201 and parameters: {'gradient_clip_val': 0.5681768978768431, 'hidden_size': 100, 'dropout': 0.16851024187138974, 'hidden_continuous_size': 30, 'attention_head_size': 1, 'learning_rate': 0.005771894437109348}. Best is trial 17 with value: 0.051880042999982834.
LOCAL_RANK: 0 - CUDA_VISIBLE_DEVICES: [0]
[I 2023-12-16 12:33:26,450] Trial 29 finished with value: 0.4238950312137604 and parameters: {'gradient_clip_val': 0.5286600621434765, 'hidden_size': 100, 'dropout': 0.1689786562256756, 'hidden_continuous_size': 33, 'attention_head_size': 1, 'learning_rate': 0.005636862518091721}. Best is trial 17 with value: 0.051880042999982834.
LOCAL_RANK: 0 - CUDA_VISIBLE_DEVICES: [0]
[I 2023-12-16 12:34:19,459] Trial 30 finished with value: 1.7619365453720093 and parameters: {'gradient_clip_val': 0.4598722970510901, 'hidden_size': 65, 'dropout': 0.1612268478320298, 'hidden_continuous_size': 19, 'attention_head_size': 1, 'learning_rate': 0.005693665125587006}. Best is trial 17 with value: 0.051880042999982834.
LOCAL_RANK: 0 - CUDA_VISIBLE_DEVICES: [0]
[I 2023-12-16 12:35:12,050] Trial 31 finished with value: 0.17100346088409424 and parameters: {'gradient_clip_val': 0.6601564552801767, 'hidden_size': 53, 'dropout': 0.1887059768004613, 'hidden_continuous_size': 15, 'attention_head_size': 1, 'learning_rate': 0.008277619211235357}. Best is trial 17 with value: 0.051880042999982834.
LOCAL_RANK: 0 - CUDA_VISIBLE_DEVICES: [0]
[I 2023-12-16 12:36:06,163] Trial 32 finished with value: 0.08911607414484024 and parameters: {'gradient_clip_val': 0.5747431325790692, 'hidden_size': 80, 'dropout': 0.1299998815370562, 'hidden_continuous_size': 28, 'attention_head_size': 2, 'learning_rate': 0.013827915443143912}. Best is trial 17 with value: 0.051880042999982834.
LOCAL_RANK: 0 - CUDA_VISIBLE_DEVICES: [0]
[I 2023-12-16 12:37:00,529] Trial 33 finished with value: 1.4182573556900024 and parameters: {'gradient_clip_val': 0.6372685286756863, 'hidden_size': 82, 'dropout': 0.20531577226725775, 'hidden_continuous_size': 26, 'attention_head_size': 1, 'learning_rate': 0.01469337017117153}. Best is trial 17 with value: 0.051880042999982834.
LOCAL_RANK: 0 - CUDA_VISIBLE_DEVICES: [0]
[I 2023-12-16 12:37:55,415] Trial 34 finished with value: 0.7727065086364746 and parameters: {'gradient_clip_val': 0.5651187707767243, 'hidden_size': 78, 'dropout': 0.162334725524916, 'hidden_continuous_size': 33, 'attention_head_size': 2, 'learning_rate': 0.023423011327887565}. Best is trial 17 with value: 0.051880042999982834.
LOCAL_RANK: 0 - CUDA_VISIBLE_DEVICES: [0]
[I 2023-12-16 12:38:49,597] Trial 35 finished with value: 0.26839128136634827 and parameters: {'gradient_clip_val': 0.6028841126377061, 'hidden_size': 90, 'dropout': 0.18097273735523667, 'hidden_continuous_size': 24, 'attention_head_size': 1, 'learning_rate': 0.007250339217475095}. Best is trial 17 with value: 0.051880042999982834.
LOCAL_RANK: 0 - CUDA_VISIBLE_DEVICES: [0]
[I 2023-12-16 12:39:43,863] Trial 36 finished with value: 1.3381056785583496 and parameters: {'gradient_clip_val': 0.446480897590474, 'hidden_size': 74, 'dropout': 0.14031268133133518, 'hidden_continuous_size': 19, 'attention_head_size': 2, 'learning_rate': 0.009096889641175483}. Best is trial 17 with value: 0.051880042999982834.
LOCAL_RANK: 0 - CUDA_VISIBLE_DEVICES: [0]
[I 2023-12-16 12:40:39,444] Trial 37 finished with value: 1.2182600498199463 and parameters: {'gradient_clip_val': 0.7288631438474259, 'hidden_size': 92, 'dropout': 0.12322881966620156, 'hidden_continuous_size': 41, 'attention_head_size': 4, 'learning_rate': 0.017170370332543566}. Best is trial 17 with value: 0.051880042999982834.
LOCAL_RANK: 0 - CUDA_VISIBLE_DEVICES: [0]
[I 2023-12-16 12:41:31,503] Trial 38 finished with value: 0.6117289662361145 and parameters: {'gradient_clip_val': 0.5822315525782673, 'hidden_size': 64, 'dropout': 0.15198491754375476, 'hidden_continuous_size': 16, 'attention_head_size': 1, 'learning_rate': 0.004786745273701459}. Best is trial 17 with value: 0.051880042999982834.
LOCAL_RANK: 0 - CUDA_VISIBLE_DEVICES: [0]
[I 2023-12-16 12:42:25,468] Trial 39 finished with value: 0.18080706894397736 and parameters: {'gradient_clip_val': 0.34116481198680215, 'hidden_size': 82, 'dropout': 0.21300572821640287, 'hidden_continuous_size': 20, 'attention_head_size': 1, 'learning_rate': 0.009887878162176197}. Best is trial 17 with value: 0.051880042999982834.
LOCAL_RANK: 0 - CUDA_VISIBLE_DEVICES: [0]
[I 2023-12-16 12:43:18,837] Trial 40 finished with value: 0.1746852546930313 and parameters: {'gradient_clip_val': 0.4277892162187237, 'hidden_size': 58, 'dropout': 0.24189753191390423, 'hidden_continuous_size': 17, 'attention_head_size': 2, 'learning_rate': 0.00685225170010268}. Best is trial 17 with value: 0.051880042999982834.
LOCAL_RANK: 0 - CUDA_VISIBLE_DEVICES: [0]
[I 2023-12-16 12:44:12,968] Trial 41 finished with value: 0.27559155225753784 and parameters: {'gradient_clip_val': 0.8824888522116049, 'hidden_size': 72, 'dropout': 0.13717629980516763, 'hidden_continuous_size': 22, 'attention_head_size': 3, 'learning_rate': 0.012809567850360273}. Best is trial 17 with value: 0.051880042999982834.
LOCAL_RANK: 0 - CUDA_VISIBLE_DEVICES: [0]
[I 2023-12-16 12:45:06,647] Trial 42 finished with value: 0.18963623046875 and parameters: {'gradient_clip_val': 0.871836556453088, 'hidden_size': 49, 'dropout': 0.12825317724522817, 'hidden_continuous_size': 17, 'attention_head_size': 4, 'learning_rate': 0.01158043899331892}. Best is trial 17 with value: 0.051880042999982834.
LOCAL_RANK: 0 - CUDA_VISIBLE_DEVICES: [0]
[I 2023-12-16 12:46:01,335] Trial 43 finished with value: 1.2995131015777588 and parameters: {'gradient_clip_val': 0.7317386293932387, 'hidden_size': 82, 'dropout': 0.11500046926006283, 'hidden_continuous_size': 28, 'attention_head_size': 3, 'learning_rate': 0.009277989652425862}. Best is trial 17 with value: 0.051880042999982834.
LOCAL_RANK: 0 - CUDA_VISIBLE_DEVICES: [0]
[I 2023-12-16 12:46:51,327] Trial 44 finished with value: 0.053134988993406296 and parameters: {'gradient_clip_val': 0.8501409859529144, 'hidden_size': 27, 'dropout': 0.15537722226978906, 'hidden_continuous_size': 12, 'attention_head_size': 3, 'learning_rate': 0.015651928512644683}. Best is trial 17 with value: 0.051880042999982834.
LOCAL_RANK: 0 - CUDA_VISIBLE_DEVICES: [0]
[I 2023-12-16 12:47:39,791] Trial 45 finished with value: 2.0442628860473633 and parameters: {'gradient_clip_val': 0.838520988793362, 'hidden_size': 24, 'dropout': 0.15843315505013517, 'hidden_continuous_size': 12, 'attention_head_size': 4, 'learning_rate': 0.02467566699387881}. Best is trial 17 with value: 0.051880042999982834.
LOCAL_RANK: 0 - CUDA_VISIBLE_DEVICES: [0]
[I 2023-12-16 12:48:32,576] Trial 46 finished with value: 0.9623181223869324 and parameters: {'gradient_clip_val': 0.6964898907746477, 'hidden_size': 58, 'dropout': 0.19631376114184115, 'hidden_continuous_size': 20, 'attention_head_size': 1, 'learning_rate': 0.01919349845453211}. Best is trial 17 with value: 0.051880042999982834.
LOCAL_RANK: 0 - CUDA_VISIBLE_DEVICES: [0]
[I 2023-12-16 12:49:23,361] Trial 47 finished with value: 0.07250217348337173 and parameters: {'gradient_clip_val': 0.6041026198712618, 'hidden_size': 40, 'dropout': 0.1780056332077985, 'hidden_continuous_size': 15, 'attention_head_size': 2, 'learning_rate': 0.016828687290859384}. Best is trial 17 with value: 0.051880042999982834.
LOCAL_RANK: 0 - CUDA_VISIBLE_DEVICES: [0]
[I 2023-12-16 12:50:14,243] Trial 48 finished with value: 1.2089085578918457 and parameters: {'gradient_clip_val': 0.7708275358889248, 'hidden_size': 40, 'dropout': 0.18091290268062898, 'hidden_continuous_size': 15, 'attention_head_size': 3, 'learning_rate': 0.04097964936789186}. Best is trial 17 with value: 0.051880042999982834.
LOCAL_RANK: 0 - CUDA_VISIBLE_DEVICES: [0]
[I 2023-12-16 12:51:01,834] Trial 49 finished with value: 0.905613124370575 and parameters: {'gradient_clip_val': 0.6301892715717127, 'hidden_size': 28, 'dropout': 0.17294822442321056, 'hidden_continuous_size': 12, 'attention_head_size': 1, 'learning_rate': 0.016493321093558288}. Best is trial 17 with value: 0.051880042999982834.
[I 2023-12-16 12:51:01,929] A new study created in memory with name: no-name-9157856d-9a61-4d81-bd4d-d75888c21537
/home/le004/conda/anaconda3/envs/tsff_env/lib/python3.9/site-packages/lightning/fabric/plugins/environments/slurm.py:191: The `srun` command is available on your system but is not used. HINT: If your intention is to run Lightning on SLURM, prepend your python command with `srun` like so: srun python /home/le004/master_thesis/git/TSFusionForecast/code/ ...
LOCAL_RANK: 0 - CUDA_VISIBLE_DEVICES: [0]
[I 2023-12-16 12:51:50,594] Trial 0 finished with value: 1.130822777748108 and parameters: {'gradient_clip_val': 0.8296621039029235, 'hidden_size': 23, 'dropout': 0.12913637831533703, 'hidden_continuous_size': 5, 'attention_head_size': 3, 'learning_rate': 0.009086574039368455}. Best is trial 0 with value: 1.130822777748108.
LOCAL_RANK: 0 - CUDA_VISIBLE_DEVICES: [0]
[I 2023-12-16 12:52:37,990] Trial 1 finished with value: 3.0880143642425537 and parameters: {'gradient_clip_val': 0.3592391220611074, 'hidden_size': 20, 'dropout': 0.3583593731269833, 'hidden_continuous_size': 11, 'attention_head_size': 1, 'learning_rate': 0.0022384785857122334}. Best is trial 0 with value: 1.130822777748108.
LOCAL_RANK: 0 - CUDA_VISIBLE_DEVICES: [0]
[I 2023-12-16 12:53:28,996] Trial 2 finished with value: 1.6791092157363892 and parameters: {'gradient_clip_val': 0.9534769924897346, 'hidden_size': 60, 'dropout': 0.3823613585571858, 'hidden_continuous_size': 6, 'attention_head_size': 3, 'learning_rate': 0.0007932017965336312}. Best is trial 0 with value: 1.130822777748108.
LOCAL_RANK: 0 - CUDA_VISIBLE_DEVICES: [0]
[I 2023-12-16 12:54:25,550] Trial 3 finished with value: 1.129116177558899 and parameters: {'gradient_clip_val': 0.6568147896773435, 'hidden_size': 97, 'dropout': 0.21199145115413204, 'hidden_continuous_size': 38, 'attention_head_size': 4, 'learning_rate': 0.005764992369237482}. Best is trial 3 with value: 1.129116177558899.
LOCAL_RANK: 0 - CUDA_VISIBLE_DEVICES: [0]
[I 2023-12-16 12:55:11,289] Trial 4 finished with value: 1.7011041641235352 and parameters: {'gradient_clip_val': 0.17532393940921276, 'hidden_size': 9, 'dropout': 0.21200143631572257, 'hidden_continuous_size': 6, 'attention_head_size': 3, 'learning_rate': 0.009504987149563108}. Best is trial 3 with value: 1.129116177558899.
LOCAL_RANK: 0 - CUDA_VISIBLE_DEVICES: [0]
