[I 2023-12-15 12:21:35,114] Trial 14 finished with value: 103.32596588134766 and parameters: {'gradient_clip_val': 0.17206535751104843, 'hidden_size': 87, 'dropout': 0.22421622735633812, 'hidden_continuous_size': 20, 'attention_head_size': 3, 'learning_rate': 0.0006737237965066735}. Best is trial 7 with value: 67.78995513916016.
LOCAL_RANK: 0 - CUDA_VISIBLE_DEVICES: [0]
[I 2023-12-15 12:22:27,738] Trial 15 finished with value: 83.0837631225586 and parameters: {'gradient_clip_val': 0.15371869210351286, 'hidden_size': 45, 'dropout': 0.25651426680284856, 'hidden_continuous_size': 14, 'attention_head_size': 3, 'learning_rate': 0.0005475262501152931}. Best is trial 7 with value: 67.78995513916016.
LOCAL_RANK: 0 - CUDA_VISIBLE_DEVICES: [0]
[I 2023-12-15 12:23:21,686] Trial 16 finished with value: 87.86257934570312 and parameters: {'gradient_clip_val': 0.2336137412099787, 'hidden_size': 96, 'dropout': 0.20550929782403166, 'hidden_continuous_size': 31, 'attention_head_size': 3, 'learning_rate': 0.0013206343699453571}. Best is trial 7 with value: 67.78995513916016.
LOCAL_RANK: 0 - CUDA_VISIBLE_DEVICES: [0]
[I 2023-12-15 12:24:15,092] Trial 17 finished with value: 62.97859191894531 and parameters: {'gradient_clip_val': 0.10541351952588145, 'hidden_size': 49, 'dropout': 0.12550913875978523, 'hidden_continuous_size': 18, 'attention_head_size': 4, 'learning_rate': 0.0005254992517863959}. Best is trial 17 with value: 62.97859191894531.
LOCAL_RANK: 0 - CUDA_VISIBLE_DEVICES: [0]
[I 2023-12-15 12:25:08,603] Trial 18 finished with value: 136.85330200195312 and parameters: {'gradient_clip_val': 0.10248162121278905, 'hidden_size': 59, 'dropout': 0.10328163491975276, 'hidden_continuous_size': 19, 'attention_head_size': 4, 'learning_rate': 0.0012080936553784515}. Best is trial 17 with value: 62.97859191894531.
LOCAL_RANK: 0 - CUDA_VISIBLE_DEVICES: [0]
[I 2023-12-15 12:25:58,339] Trial 19 finished with value: 66.8981704711914 and parameters: {'gradient_clip_val': 0.14383097818152513, 'hidden_size': 33, 'dropout': 0.1297274548254291, 'hidden_continuous_size': 11, 'attention_head_size': 4, 'learning_rate': 0.002179560649262952}. Best is trial 17 with value: 62.97859191894531.
LOCAL_RANK: 0 - CUDA_VISIBLE_DEVICES: [0]
[I 2023-12-15 12:26:47,664] Trial 20 finished with value: 105.19769287109375 and parameters: {'gradient_clip_val': 0.11428978862869785, 'hidden_size': 29, 'dropout': 0.1300410937302178, 'hidden_continuous_size': 11, 'attention_head_size': 4, 'learning_rate': 0.0022518025139534104}. Best is trial 17 with value: 62.97859191894531.
LOCAL_RANK: 0 - CUDA_VISIBLE_DEVICES: [0]
[I 2023-12-15 12:27:39,773] Trial 21 finished with value: 108.3109130859375 and parameters: {'gradient_clip_val': 0.1405898520671984, 'hidden_size': 35, 'dropout': 0.1322554205774007, 'hidden_continuous_size': 17, 'attention_head_size': 4, 'learning_rate': 0.0011251790760308964}. Best is trial 17 with value: 62.97859191894531.
LOCAL_RANK: 0 - CUDA_VISIBLE_DEVICES: [0]
[I 2023-12-15 12:28:33,224] Trial 22 finished with value: 91.16266632080078 and parameters: {'gradient_clip_val': 0.1368547754272276, 'hidden_size': 60, 'dropout': 0.17569540165309666, 'hidden_continuous_size': 23, 'attention_head_size': 4, 'learning_rate': 0.0010506799150988124}. Best is trial 17 with value: 62.97859191894531.
LOCAL_RANK: 0 - CUDA_VISIBLE_DEVICES: [0]
[I 2023-12-15 12:29:26,284] Trial 23 finished with value: 135.69346618652344 and parameters: {'gradient_clip_val': 0.1007330904727335, 'hidden_size': 50, 'dropout': 0.1536408323748623, 'hidden_continuous_size': 11, 'attention_head_size': 4, 'learning_rate': 0.00224225071659332}. Best is trial 17 with value: 62.97859191894531.
LOCAL_RANK: 0 - CUDA_VISIBLE_DEVICES: [0]
[I 2023-12-15 12:30:17,206] Trial 24 finished with value: 96.55582427978516 and parameters: {'gradient_clip_val': 0.14684276114373757, 'hidden_size': 34, 'dropout': 0.11904966343879135, 'hidden_continuous_size': 16, 'attention_head_size': 3, 'learning_rate': 0.0008477636887435644}. Best is trial 17 with value: 62.97859191894531.
LOCAL_RANK: 0 - CUDA_VISIBLE_DEVICES: [0]
[I 2023-12-15 12:31:10,516] Trial 25 finished with value: 101.3125 and parameters: {'gradient_clip_val': 0.12263116179238896, 'hidden_size': 74, 'dropout': 0.1509830457856475, 'hidden_continuous_size': 28, 'attention_head_size': 2, 'learning_rate': 0.0014648924363627924}. Best is trial 17 with value: 62.97859191894531.
LOCAL_RANK: 0 - CUDA_VISIBLE_DEVICES: [0]
[I 2023-12-15 12:32:00,109] Trial 26 finished with value: 104.26583099365234 and parameters: {'gradient_clip_val': 0.15930946932575363, 'hidden_size': 25, 'dropout': 0.11837576990902521, 'hidden_continuous_size': 13, 'attention_head_size': 4, 'learning_rate': 0.0007300222932297904}. Best is trial 17 with value: 62.97859191894531.
LOCAL_RANK: 0 - CUDA_VISIBLE_DEVICES: [0]
[I 2023-12-15 12:32:52,706] Trial 27 finished with value: 64.23954010009766 and parameters: {'gradient_clip_val': 0.1985390747109629, 'hidden_size': 38, 'dropout': 0.18980014560830477, 'hidden_continuous_size': 19, 'attention_head_size': 3, 'learning_rate': 0.0005113983581416579}. Best is trial 17 with value: 62.97859191894531.
LOCAL_RANK: 0 - CUDA_VISIBLE_DEVICES: [0]
[I 2023-12-15 12:33:46,060] Trial 28 finished with value: 94.4978256225586 and parameters: {'gradient_clip_val': 0.21117137964371396, 'hidden_size': 50, 'dropout': 0.19146186451810576, 'hidden_continuous_size': 17, 'attention_head_size': 3, 'learning_rate': 0.0005678418912154045}. Best is trial 17 with value: 62.97859191894531.
LOCAL_RANK: 0 - CUDA_VISIBLE_DEVICES: [0]
[I 2023-12-15 12:34:39,161] Trial 29 finished with value: 115.3269271850586 and parameters: {'gradient_clip_val': 0.1884315333684685, 'hidden_size': 54, 'dropout': 0.1655735217620669, 'hidden_continuous_size': 10, 'attention_head_size': 4, 'learning_rate': 0.0008060375453429713}. Best is trial 17 with value: 62.97859191894531.
LOCAL_RANK: 0 - CUDA_VISIBLE_DEVICES: [0]
[I 2023-12-15 12:35:32,347] Trial 30 finished with value: 82.3929672241211 and parameters: {'gradient_clip_val': 0.266482223760903, 'hidden_size': 64, 'dropout': 0.13673498731491818, 'hidden_continuous_size': 12, 'attention_head_size': 3, 'learning_rate': 0.0007732858651207564}. Best is trial 17 with value: 62.97859191894531.
LOCAL_RANK: 0 - CUDA_VISIBLE_DEVICES: [0]
[I 2023-12-15 12:36:23,293] Trial 31 finished with value: 112.2092514038086 and parameters: {'gradient_clip_val': 0.16609282102918302, 'hidden_size': 40, 'dropout': 0.1474464007537084, 'hidden_continuous_size': 16, 'attention_head_size': 2, 'learning_rate': 0.0005435251779634774}. Best is trial 17 with value: 62.97859191894531.
LOCAL_RANK: 0 - CUDA_VISIBLE_DEVICES: [0]
[I 2023-12-15 12:37:14,977] Trial 32 finished with value: 100.22952270507812 and parameters: {'gradient_clip_val': 0.13813120244901603, 'hidden_size': 36, 'dropout': 0.17654656775589675, 'hidden_continuous_size': 20, 'attention_head_size': 4, 'learning_rate': 0.0009526422560982184}. Best is trial 17 with value: 62.97859191894531.
LOCAL_RANK: 0 - CUDA_VISIBLE_DEVICES: [0]
[I 2023-12-15 12:38:02,994] Trial 33 finished with value: 71.90826416015625 and parameters: {'gradient_clip_val': 0.11721163239664417, 'hidden_size': 28, 'dropout': 0.14053588882071416, 'hidden_continuous_size': 15, 'attention_head_size': 3, 'learning_rate': 0.0005269515255475535}. Best is trial 17 with value: 62.97859191894531.
LOCAL_RANK: 0 - CUDA_VISIBLE_DEVICES: [0]
[I 2023-12-15 12:38:54,873] Trial 34 finished with value: 88.2370376586914 and parameters: {'gradient_clip_val': 0.1896834515342047, 'hidden_size': 34, 'dropout': 0.16452590827795519, 'hidden_continuous_size': 18, 'attention_head_size': 4, 'learning_rate': 0.0016571094775608855}. Best is trial 17 with value: 62.97859191894531.
LOCAL_RANK: 0 - CUDA_VISIBLE_DEVICES: [0]
[I 2023-12-15 12:39:47,120] Trial 35 finished with value: 96.11370086669922 and parameters: {'gradient_clip_val': 0.15089405097413722, 'hidden_size': 46, 'dropout': 0.1879471317897873, 'hidden_continuous_size': 22, 'attention_head_size': 2, 'learning_rate': 0.001027584528162364}. Best is trial 17 with value: 62.97859191894531.
LOCAL_RANK: 0 - CUDA_VISIBLE_DEVICES: [0]
[I 2023-12-15 12:40:38,277] Trial 36 finished with value: 115.46731567382812 and parameters: {'gradient_clip_val': 0.1261020644083732, 'hidden_size': 38, 'dropout': 0.11635796035846117, 'hidden_continuous_size': 15, 'attention_head_size': 1, 'learning_rate': 0.000757794439640046}. Best is trial 17 with value: 62.97859191894531.
LOCAL_RANK: 0 - CUDA_VISIBLE_DEVICES: [0]
[I 2023-12-15 12:41:26,838] Trial 37 finished with value: 102.1955337524414 and parameters: {'gradient_clip_val': 0.11578877756070755, 'hidden_size': 29, 'dropout': 0.1627996235062664, 'hidden_continuous_size': 12, 'attention_head_size': 2, 'learning_rate': 0.002963616949926915}. Best is trial 17 with value: 62.97859191894531.
LOCAL_RANK: 0 - CUDA_VISIBLE_DEVICES: [0]
[I 2023-12-15 12:42:15,900] Trial 38 finished with value: 78.93289947509766 and parameters: {'gradient_clip_val': 0.13401561635706005, 'hidden_size': 23, 'dropout': 0.14292889236811934, 'hidden_continuous_size': 10, 'attention_head_size': 4, 'learning_rate': 0.0014075220048101692}. Best is trial 17 with value: 62.97859191894531.
LOCAL_RANK: 0 - CUDA_VISIBLE_DEVICES: [0]
[I 2023-12-15 12:43:03,670] Trial 39 finished with value: 86.8267593383789 and parameters: {'gradient_clip_val': 0.20585820528876111, 'hidden_size': 19, 'dropout': 0.12303726004125086, 'hidden_continuous_size': 9, 'attention_head_size': 3, 'learning_rate': 0.0009389524686685164}. Best is trial 17 with value: 62.97859191894531.
LOCAL_RANK: 0 - CUDA_VISIBLE_DEVICES: [0]
[I 2023-12-15 12:43:55,517] Trial 40 finished with value: 119.5357666015625 and parameters: {'gradient_clip_val': 0.16469713149907722, 'hidden_size': 52, 'dropout': 0.1015289534907195, 'hidden_continuous_size': 25, 'attention_head_size': 2, 'learning_rate': 0.0034502422451986184}. Best is trial 17 with value: 62.97859191894531.
LOCAL_RANK: 0 - CUDA_VISIBLE_DEVICES: [0]
[I 2023-12-15 12:44:44,693] Trial 41 finished with value: 119.17028045654297 and parameters: {'gradient_clip_val': 0.11173017164899796, 'hidden_size': 29, 'dropout': 0.13936319329788294, 'hidden_continuous_size': 13, 'attention_head_size': 3, 'learning_rate': 0.0005610894392363678}. Best is trial 17 with value: 62.97859191894531.
LOCAL_RANK: 0 - CUDA_VISIBLE_DEVICES: [0]
[I 2023-12-15 12:45:36,759] Trial 42 finished with value: 94.0848617553711 and parameters: {'gradient_clip_val': 0.12380730126637694, 'hidden_size': 41, 'dropout': 0.15010126786578987, 'hidden_continuous_size': 15, 'attention_head_size': 3, 'learning_rate': 0.0005084934728157043}. Best is trial 17 with value: 62.97859191894531.
LOCAL_RANK: 0 - CUDA_VISIBLE_DEVICES: [0]
[I 2023-12-15 12:46:26,327] Trial 43 finished with value: 80.05196380615234 and parameters: {'gradient_clip_val': 0.11366528000560294, 'hidden_size': 26, 'dropout': 0.13312930108105872, 'hidden_continuous_size': 18, 'attention_head_size': 3, 'learning_rate': 0.0007765243198964416}. Best is trial 17 with value: 62.97859191894531.
LOCAL_RANK: 0 - CUDA_VISIBLE_DEVICES: [0]
[I 2023-12-15 12:47:17,529] Trial 44 finished with value: 105.57511138916016 and parameters: {'gradient_clip_val': 0.1298944699341226, 'hidden_size': 34, 'dropout': 0.15740617972182577, 'hidden_continuous_size': 21, 'attention_head_size': 1, 'learning_rate': 0.0006569252908086652}. Best is trial 17 with value: 62.97859191894531.
LOCAL_RANK: 0 - CUDA_VISIBLE_DEVICES: [0]
[I 2023-12-15 12:48:10,813] Trial 45 finished with value: 101.4087905883789 and parameters: {'gradient_clip_val': 0.14964361229392215, 'hidden_size': 43, 'dropout': 0.11397984616985536, 'hidden_continuous_size': 19, 'attention_head_size': 4, 'learning_rate': 0.0011027147009807182}. Best is trial 17 with value: 62.97859191894531.
LOCAL_RANK: 0 - CUDA_VISIBLE_DEVICES: [0]
[I 2023-12-15 12:49:00,478] Trial 46 finished with value: 113.55852508544922 and parameters: {'gradient_clip_val': 0.10168522788004995, 'hidden_size': 31, 'dropout': 0.14140496441257663, 'hidden_continuous_size': 16, 'attention_head_size': 3, 'learning_rate': 0.001925490786340582}. Best is trial 17 with value: 62.97859191894531.
LOCAL_RANK: 0 - CUDA_VISIBLE_DEVICES: [0]
[I 2023-12-15 12:49:48,794] Trial 47 finished with value: 115.51373291015625 and parameters: {'gradient_clip_val': 0.11153490051680687, 'hidden_size': 19, 'dropout': 0.17072931657339005, 'hidden_continuous_size': 15, 'attention_head_size': 2, 'learning_rate': 0.0013750052483147478}. Best is trial 17 with value: 62.97859191894531.
LOCAL_RANK: 0 - CUDA_VISIBLE_DEVICES: [0]
[I 2023-12-15 12:50:41,601] Trial 48 finished with value: 83.62034606933594 and parameters: {'gradient_clip_val': 0.16836102445863965, 'hidden_size': 39, 'dropout': 0.19632139317933428, 'hidden_continuous_size': 21, 'attention_head_size': 4, 'learning_rate': 0.0006439959400802243}. Best is trial 17 with value: 62.97859191894531.
LOCAL_RANK: 0 - CUDA_VISIBLE_DEVICES: [0]
[I 2023-12-15 12:51:34,321] Trial 49 finished with value: 92.27201080322266 and parameters: {'gradient_clip_val': 0.1433407774007656, 'hidden_size': 47, 'dropout': 0.1819631803227379, 'hidden_continuous_size': 25, 'attention_head_size': 3, 'learning_rate': 0.00050802888656533}. Best is trial 17 with value: 62.97859191894531.
[I 2023-12-15 12:51:34,414] A new study created in memory with name: no-name-6bdef46f-6b39-496d-870c-b6822fd75ea5
/home/le004/conda/anaconda3/envs/tsff_env/lib/python3.9/site-packages/lightning/fabric/plugins/environments/slurm.py:191: The `srun` command is available on your system but is not used. HINT: If your intention is to run Lightning on SLURM, prepend your python command with `srun` like so: srun python /home/le004/master_thesis/git/TSFusionForecast/code/ ...
LOCAL_RANK: 0 - CUDA_VISIBLE_DEVICES: [0]
[I 2023-12-15 12:52:26,572] Trial 0 finished with value: 131.4523468017578 and parameters: {'gradient_clip_val': 0.452912763436955, 'hidden_size': 43, 'dropout': 0.2146517509795689, 'hidden_continuous_size': 25, 'attention_head_size': 2, 'learning_rate': 0.0021038715795495453}. Best is trial 0 with value: 131.4523468017578.
LOCAL_RANK: 0 - CUDA_VISIBLE_DEVICES: [0]
[I 2023-12-15 12:53:11,717] Trial 1 finished with value: 72.10043334960938 and parameters: {'gradient_clip_val': 0.25318695049749274, 'hidden_size': 16, 'dropout': 0.3232699561876356, 'hidden_continuous_size': 7, 'attention_head_size': 4, 'learning_rate': 0.0014332639238256613}. Best is trial 1 with value: 72.10043334960938.
LOCAL_RANK: 0 - CUDA_VISIBLE_DEVICES: [0]
[I 2023-12-15 12:54:01,386] Trial 2 finished with value: 108.51419830322266 and parameters: {'gradient_clip_val': 0.7694733075071006, 'hidden_size': 34, 'dropout': 0.34459508804292016, 'hidden_continuous_size': 7, 'attention_head_size': 4, 'learning_rate': 0.004769070928127743}. Best is trial 1 with value: 72.10043334960938.
LOCAL_RANK: 0 - CUDA_VISIBLE_DEVICES: [0]
[I 2023-12-15 12:54:45,340] Trial 3 finished with value: 180.4963836669922 and parameters: {'gradient_clip_val': 0.8869240353484689, 'hidden_size': 12, 'dropout': 0.2566047717819845, 'hidden_continuous_size': 5, 'attention_head_size': 3, 'learning_rate': 0.07103023094822805}. Best is trial 1 with value: 72.10043334960938.
LOCAL_RANK: 0 - CUDA_VISIBLE_DEVICES: [0]
[I 2023-12-15 12:55:32,716] Trial 4 finished with value: 117.3795394897461 and parameters: {'gradient_clip_val': 0.20802016766817488, 'hidden_size': 22, 'dropout': 0.33242669899576527, 'hidden_continuous_size': 7, 'attention_head_size': 1, 'learning_rate': 0.051002197134059485}. Best is trial 1 with value: 72.10043334960938.
LOCAL_RANK: 0 - CUDA_VISIBLE_DEVICES: [0]
[I 2023-12-15 12:56:20,514] Trial 5 finished with value: 67.33209228515625 and parameters: {'gradient_clip_val': 0.14085764262393258, 'hidden_size': 19, 'dropout': 0.10608539639450443, 'hidden_continuous_size': 11, 'attention_head_size': 2, 'learning_rate': 0.00252025073716592}. Best is trial 5 with value: 67.33209228515625.
LOCAL_RANK: 0 - CUDA_VISIBLE_DEVICES: [0]
[I 2023-12-15 12:57:07,924] Trial 6 finished with value: 72.75153350830078 and parameters: {'gradient_clip_val': 0.7744465726365932, 'hidden_size': 19, 'dropout': 0.16713409285431538, 'hidden_continuous_size': 8, 'attention_head_size': 3, 'learning_rate': 0.0009074990580638522}. Best is trial 5 with value: 67.33209228515625.
LOCAL_RANK: 0 - CUDA_VISIBLE_DEVICES: [0]
[I 2023-12-15 12:57:41,968] Trial 7 finished with value: 119.09302520751953 and parameters: {'gradient_clip_val': 0.23705843491664305, 'hidden_size': 5, 'dropout': 0.1359216987233926, 'hidden_continuous_size': 5, 'attention_head_size': 3, 'learning_rate': 0.0021320649499485373}. Best is trial 5 with value: 67.33209228515625.
LOCAL_RANK: 0 - CUDA_VISIBLE_DEVICES: [0]
[I 2023-12-15 12:58:33,075] Trial 8 finished with value: 122.21532440185547 and parameters: {'gradient_clip_val': 0.37928692699490413, 'hidden_size': 63, 'dropout': 0.2511730357507838, 'hidden_continuous_size': 5, 'attention_head_size': 2, 'learning_rate': 0.017776075247721478}. Best is trial 5 with value: 67.33209228515625.
LOCAL_RANK: 0 - CUDA_VISIBLE_DEVICES: [0]
[I 2023-12-15 12:59:17,349] Trial 9 finished with value: 97.52599334716797 and parameters: {'gradient_clip_val': 0.18333581463840715, 'hidden_size': 9, 'dropout': 0.3134700451664897, 'hidden_continuous_size': 5, 'attention_head_size': 1, 'learning_rate': 0.010881633576906032}. Best is trial 5 with value: 67.33209228515625.
LOCAL_RANK: 0 - CUDA_VISIBLE_DEVICES: [0]
[I 2023-12-15 13:00:13,657] Trial 10 finished with value: 57.17333984375 and parameters: {'gradient_clip_val': 0.11918601241184335, 'hidden_size': 95, 'dropout': 0.11285110517895089, 'hidden_continuous_size': 58, 'attention_head_size': 2, 'learning_rate': 0.0007431154993767574}. Best is trial 10 with value: 57.17333984375.
LOCAL_RANK: 0 - CUDA_VISIBLE_DEVICES: [0]
[I 2023-12-15 13:01:10,052] Trial 11 finished with value: 81.85269927978516 and parameters: {'gradient_clip_val': 0.10306071163571806, 'hidden_size': 96, 'dropout': 0.10147855829003825, 'hidden_continuous_size': 72, 'attention_head_size': 2, 'learning_rate': 0.000859232431563393}. Best is trial 10 with value: 57.17333984375.
LOCAL_RANK: 0 - CUDA_VISIBLE_DEVICES: [0]
[I 2023-12-15 13:02:07,313] Trial 12 finished with value: 62.2607307434082 and parameters: {'gradient_clip_val': 0.12241515999393122, 'hidden_size': 93, 'dropout': 0.10022356179188802, 'hidden_continuous_size': 76, 'attention_head_size': 2, 'learning_rate': 0.0005631261371301631}. Best is trial 10 with value: 57.17333984375.
LOCAL_RANK: 0 - CUDA_VISIBLE_DEVICES: [0]
[I 2023-12-15 13:03:04,524] Trial 13 finished with value: 66.56499481201172 and parameters: {'gradient_clip_val': 0.11736291859986722, 'hidden_size': 94, 'dropout': 0.1607103435042139, 'hidden_continuous_size': 91, 'attention_head_size': 1, 'learning_rate': 0.0005444585501453639}. Best is trial 10 with value: 57.17333984375.
LOCAL_RANK: 0 - CUDA_VISIBLE_DEVICES: [0]
[I 2023-12-15 13:03:58,806] Trial 14 finished with value: 57.160282135009766 and parameters: {'gradient_clip_val': 0.14953700961786792, 'hidden_size': 59, 'dropout': 0.10062893560546932, 'hidden_continuous_size': 43, 'attention_head_size': 2, 'learning_rate': 0.0005431520388144816}. Best is trial 14 with value: 57.160282135009766.
LOCAL_RANK: 0 - CUDA_VISIBLE_DEVICES: [0]
[I 2023-12-15 13:04:51,941] Trial 15 finished with value: 111.9569091796875 and parameters: {'gradient_clip_val': 0.15825185127432395, 'hidden_size': 56, 'dropout': 0.39783247854643145, 'hidden_continuous_size': 38, 'attention_head_size': 3, 'learning_rate': 0.0005240430067122948}. Best is trial 14 with value: 57.160282135009766.
LOCAL_RANK: 0 - CUDA_VISIBLE_DEVICES: [0]
[I 2023-12-15 13:05:43,698] Trial 16 finished with value: 70.44486236572266 and parameters: {'gradient_clip_val': 0.10165989399983459, 'hidden_size': 33, 'dropout': 0.18824722350978967, 'hidden_continuous_size': 27, 'attention_head_size': 1, 'learning_rate': 0.001173207657596135}. Best is trial 14 with value: 57.160282135009766.
LOCAL_RANK: 0 - CUDA_VISIBLE_DEVICES: [0]
[I 2023-12-15 13:06:38,605] Trial 17 finished with value: 134.81466674804688 and parameters: {'gradient_clip_val': 0.15590785287791256, 'hidden_size': 71, 'dropout': 0.13728734199498088, 'hidden_continuous_size': 50, 'attention_head_size': 2, 'learning_rate': 0.006086892187555936}. Best is trial 14 with value: 57.160282135009766.
LOCAL_RANK: 0 - CUDA_VISIBLE_DEVICES: [0]
[I 2023-12-15 13:07:31,896] Trial 18 finished with value: 183.3792266845703 and parameters: {'gradient_clip_val': 0.141888105111551, 'hidden_size': 50, 'dropout': 0.21549565568314516, 'hidden_continuous_size': 17, 'attention_head_size': 3, 'learning_rate': 0.0029806184488501896}. Best is trial 14 with value: 57.160282135009766.
LOCAL_RANK: 0 - CUDA_VISIBLE_DEVICES: [0]
[I 2023-12-15 13:08:25,551] Trial 19 finished with value: 63.03544998168945 and parameters: {'gradient_clip_val': 0.18479229417878182, 'hidden_size': 63, 'dropout': 0.13494083299228193, 'hidden_continuous_size': 42, 'attention_head_size': 1, 'learning_rate': 0.0012219285641934616}. Best is trial 14 with value: 57.160282135009766.
LOCAL_RANK: 0 - CUDA_VISIBLE_DEVICES: [0]
[I 2023-12-15 13:09:17,733] Trial 20 finished with value: 135.04393005371094 and parameters: {'gradient_clip_val': 0.28246729545013904, 'hidden_size': 41, 'dropout': 0.12691080349589864, 'hidden_continuous_size': 18, 'attention_head_size': 2, 'learning_rate': 0.003980847800639948}. Best is trial 14 with value: 57.160282135009766.
LOCAL_RANK: 0 - CUDA_VISIBLE_DEVICES: [0]
