[I 2023-12-16 03:34:03,214] Trial 12 finished with value: 15.360308647155762 and parameters: {'gradient_clip_val': 0.13347821408871668, 'hidden_size': 11, 'dropout': 0.3403530952710498, 'hidden_continuous_size': 5, 'attention_head_size': 4, 'learning_rate': 0.0014941098642760732}. Best is trial 10 with value: 13.8055419921875.
LOCAL_RANK: 0 - CUDA_VISIBLE_DEVICES: [0]
[I 2023-12-16 03:34:48,975] Trial 13 finished with value: 18.909875869750977 and parameters: {'gradient_clip_val': 0.10003903318620011, 'hidden_size': 13, 'dropout': 0.3996358728123964, 'hidden_continuous_size': 6, 'attention_head_size': 4, 'learning_rate': 0.0005050816065984394}. Best is trial 10 with value: 13.8055419921875.
LOCAL_RANK: 0 - CUDA_VISIBLE_DEVICES: [0]
[I 2023-12-16 03:35:33,523] Trial 14 finished with value: 19.867238998413086 and parameters: {'gradient_clip_val': 0.1409755057898857, 'hidden_size': 14, 'dropout': 0.3401427968187578, 'hidden_continuous_size': 6, 'attention_head_size': 1, 'learning_rate': 0.0015904339152214941}. Best is trial 10 with value: 13.8055419921875.
LOCAL_RANK: 0 - CUDA_VISIBLE_DEVICES: [0]
[I 2023-12-16 03:36:31,107] Trial 15 finished with value: 36.2327766418457 and parameters: {'gradient_clip_val': 0.20948986597424343, 'hidden_size': 95, 'dropout': 0.34253723467668756, 'hidden_continuous_size': 65, 'attention_head_size': 4, 'learning_rate': 0.0011696943704261038}. Best is trial 10 with value: 13.8055419921875.
LOCAL_RANK: 0 - CUDA_VISIBLE_DEVICES: [0]
[I 2023-12-16 03:37:16,660] Trial 16 finished with value: 17.884719848632812 and parameters: {'gradient_clip_val': 0.13136619693713208, 'hidden_size': 9, 'dropout': 0.29798725219741745, 'hidden_continuous_size': 5, 'attention_head_size': 4, 'learning_rate': 0.0023865775250271177}. Best is trial 10 with value: 13.8055419921875.
LOCAL_RANK: 0 - CUDA_VISIBLE_DEVICES: [0]
[I 2023-12-16 03:38:02,378] Trial 17 finished with value: 20.819120407104492 and parameters: {'gradient_clip_val': 0.13042050065673633, 'hidden_size': 17, 'dropout': 0.3606750729491425, 'hidden_continuous_size': 6, 'attention_head_size': 3, 'learning_rate': 0.0007048475089624827}. Best is trial 10 with value: 13.8055419921875.
LOCAL_RANK: 0 - CUDA_VISIBLE_DEVICES: [0]
[I 2023-12-16 03:38:45,500] Trial 18 finished with value: 17.814668655395508 and parameters: {'gradient_clip_val': 0.19955410750044947, 'hidden_size': 8, 'dropout': 0.3986550481799714, 'hidden_continuous_size': 5, 'attention_head_size': 1, 'learning_rate': 0.0009218534229095549}. Best is trial 10 with value: 13.8055419921875.
LOCAL_RANK: 0 - CUDA_VISIBLE_DEVICES: [0]
[I 2023-12-16 03:39:30,888] Trial 19 finished with value: 17.96259307861328 and parameters: {'gradient_clip_val': 0.1228550069656803, 'hidden_size': 10, 'dropout': 0.3123615480687266, 'hidden_continuous_size': 5, 'attention_head_size': 4, 'learning_rate': 0.0028396534940417625}. Best is trial 10 with value: 13.8055419921875.
LOCAL_RANK: 0 - CUDA_VISIBLE_DEVICES: [0]
[I 2023-12-16 03:40:16,776] Trial 20 finished with value: 14.390583038330078 and parameters: {'gradient_clip_val': 0.1701181843062899, 'hidden_size': 17, 'dropout': 0.26541304039847785, 'hidden_continuous_size': 7, 'attention_head_size': 3, 'learning_rate': 0.0013861748184624656}. Best is trial 10 with value: 13.8055419921875.
LOCAL_RANK: 0 - CUDA_VISIBLE_DEVICES: [0]
[I 2023-12-16 03:41:03,354] Trial 21 finished with value: 19.357559204101562 and parameters: {'gradient_clip_val': 0.16813470362824506, 'hidden_size': 18, 'dropout': 0.24629275699405956, 'hidden_continuous_size': 7, 'attention_head_size': 3, 'learning_rate': 0.0013852958331765806}. Best is trial 10 with value: 13.8055419921875.
LOCAL_RANK: 0 - CUDA_VISIBLE_DEVICES: [0]
[I 2023-12-16 03:41:48,870] Trial 22 finished with value: 13.450373649597168 and parameters: {'gradient_clip_val': 0.12233218964144428, 'hidden_size': 13, 'dropout': 0.3651014296268552, 'hidden_continuous_size': 6, 'attention_head_size': 4, 'learning_rate': 0.0008894259364023246}. Best is trial 22 with value: 13.450373649597168.
LOCAL_RANK: 0 - CUDA_VISIBLE_DEVICES: [0]
[I 2023-12-16 03:42:34,289] Trial 23 finished with value: 14.529566764831543 and parameters: {'gradient_clip_val': 0.11974567722283881, 'hidden_size': 15, 'dropout': 0.36371087825852155, 'hidden_continuous_size': 6, 'attention_head_size': 3, 'learning_rate': 0.000853730814462644}. Best is trial 22 with value: 13.450373649597168.
LOCAL_RANK: 0 - CUDA_VISIBLE_DEVICES: [0]
[I 2023-12-16 03:43:22,902] Trial 24 finished with value: 17.45903968811035 and parameters: {'gradient_clip_val': 0.16257347724770774, 'hidden_size': 23, 'dropout': 0.26490808753206163, 'hidden_continuous_size': 7, 'attention_head_size': 4, 'learning_rate': 0.0005142495903130357}. Best is trial 22 with value: 13.450373649597168.
LOCAL_RANK: 0 - CUDA_VISIBLE_DEVICES: [0]
[I 2023-12-16 03:44:08,182] Trial 25 finished with value: 20.32682228088379 and parameters: {'gradient_clip_val': 0.10096801715516815, 'hidden_size': 13, 'dropout': 0.3147527182919575, 'hidden_continuous_size': 6, 'attention_head_size': 3, 'learning_rate': 0.0008220214927162614}. Best is trial 22 with value: 13.450373649597168.
LOCAL_RANK: 0 - CUDA_VISIBLE_DEVICES: [0]
[I 2023-12-16 03:44:55,635] Trial 26 finished with value: 24.7506046295166 and parameters: {'gradient_clip_val': 0.22167761945825482, 'hidden_size': 19, 'dropout': 0.3732254966073484, 'hidden_continuous_size': 7, 'attention_head_size': 4, 'learning_rate': 0.002517317520813463}. Best is trial 22 with value: 13.450373649597168.
LOCAL_RANK: 0 - CUDA_VISIBLE_DEVICES: [0]
[I 2023-12-16 03:45:40,784] Trial 27 finished with value: 21.81801414489746 and parameters: {'gradient_clip_val': 0.15204585871082063, 'hidden_size': 9, 'dropout': 0.3998764897503997, 'hidden_continuous_size': 6, 'attention_head_size': 3, 'learning_rate': 0.0011348015341557673}. Best is trial 22 with value: 13.450373649597168.
LOCAL_RANK: 0 - CUDA_VISIBLE_DEVICES: [0]
[I 2023-12-16 03:46:29,982] Trial 28 finished with value: 20.48381996154785 and parameters: {'gradient_clip_val': 0.1179765015731198, 'hidden_size': 26, 'dropout': 0.24537708870032715, 'hidden_continuous_size': 8, 'attention_head_size': 4, 'learning_rate': 0.0006893303274718133}. Best is trial 22 with value: 13.450373649597168.
LOCAL_RANK: 0 - CUDA_VISIBLE_DEVICES: [0]
[I 2023-12-16 03:47:15,733] Trial 29 finished with value: 15.259245872497559 and parameters: {'gradient_clip_val': 0.17954859085468572, 'hidden_size': 7, 'dropout': 0.3261972973352023, 'hidden_continuous_size': 5, 'attention_head_size': 4, 'learning_rate': 0.0015047705585547807}. Best is trial 22 with value: 13.450373649597168.
LOCAL_RANK: 0 - CUDA_VISIBLE_DEVICES: [0]
[I 2023-12-16 03:48:01,450] Trial 30 finished with value: 22.853288650512695 and parameters: {'gradient_clip_val': 0.14337129759508951, 'hidden_size': 15, 'dropout': 0.3596405728838944, 'hidden_continuous_size': 7, 'attention_head_size': 3, 'learning_rate': 0.0019505503862610456}. Best is trial 22 with value: 13.450373649597168.
LOCAL_RANK: 0 - CUDA_VISIBLE_DEVICES: [0]
[I 2023-12-16 03:48:46,013] Trial 31 finished with value: 15.214266777038574 and parameters: {'gradient_clip_val': 0.11895180086597325, 'hidden_size': 16, 'dropout': 0.3608812084778018, 'hidden_continuous_size': 6, 'attention_head_size': 3, 'learning_rate': 0.0007963085007136908}. Best is trial 22 with value: 13.450373649597168.
LOCAL_RANK: 0 - CUDA_VISIBLE_DEVICES: [0]
[I 2023-12-16 03:49:30,061] Trial 32 finished with value: 18.44812774658203 and parameters: {'gradient_clip_val': 0.11614304090444633, 'hidden_size': 12, 'dropout': 0.3796508175244383, 'hidden_continuous_size': 6, 'attention_head_size': 3, 'learning_rate': 0.0010429419663585571}. Best is trial 22 with value: 13.450373649597168.
LOCAL_RANK: 0 - CUDA_VISIBLE_DEVICES: [0]
[I 2023-12-16 03:50:14,184] Trial 33 finished with value: 24.632919311523438 and parameters: {'gradient_clip_val': 0.11570864509452057, 'hidden_size': 16, 'dropout': 0.35260644708129313, 'hidden_continuous_size': 6, 'attention_head_size': 3, 'learning_rate': 0.0006957533359616077}. Best is trial 22 with value: 13.450373649597168.
LOCAL_RANK: 0 - CUDA_VISIBLE_DEVICES: [0]
[I 2023-12-16 03:51:00,885] Trial 34 finished with value: 19.384557723999023 and parameters: {'gradient_clip_val': 0.14590274095727343, 'hidden_size': 20, 'dropout': 0.32468532174209763, 'hidden_continuous_size': 8, 'attention_head_size': 3, 'learning_rate': 0.0011688796264001506}. Best is trial 22 with value: 13.450373649597168.
LOCAL_RANK: 0 - CUDA_VISIBLE_DEVICES: [0]
[I 2023-12-16 03:51:45,742] Trial 35 finished with value: 22.274011611938477 and parameters: {'gradient_clip_val': 0.17582945048074686, 'hidden_size': 13, 'dropout': 0.37099984049830903, 'hidden_continuous_size': 5, 'attention_head_size': 2, 'learning_rate': 0.001805454915329963}. Best is trial 22 with value: 13.450373649597168.
LOCAL_RANK: 0 - CUDA_VISIBLE_DEVICES: [0]
[I 2023-12-16 03:52:31,512] Trial 36 finished with value: 14.823369026184082 and parameters: {'gradient_clip_val': 0.13632910121474975, 'hidden_size': 11, 'dropout': 0.10504510636523698, 'hidden_continuous_size': 6, 'attention_head_size': 4, 'learning_rate': 0.0006749853367237829}. Best is trial 22 with value: 13.450373649597168.
LOCAL_RANK: 0 - CUDA_VISIBLE_DEVICES: [0]
[I 2023-12-16 03:53:16,377] Trial 37 finished with value: 16.301856994628906 and parameters: {'gradient_clip_val': 0.3907678604832699, 'hidden_size': 6, 'dropout': 0.3545865197710234, 'hidden_continuous_size': 5, 'attention_head_size': 3, 'learning_rate': 0.000903724002271205}. Best is trial 22 with value: 13.450373649597168.
LOCAL_RANK: 0 - CUDA_VISIBLE_DEVICES: [0]
[I 2023-12-16 03:54:01,562] Trial 38 finished with value: 17.4494571685791 and parameters: {'gradient_clip_val': 0.11235675035120112, 'hidden_size': 15, 'dropout': 0.3283515770805628, 'hidden_continuous_size': 7, 'attention_head_size': 2, 'learning_rate': 0.001248873798060998}. Best is trial 22 with value: 13.450373649597168.
LOCAL_RANK: 0 - CUDA_VISIBLE_DEVICES: [0]
[I 2023-12-16 03:54:49,555] Trial 39 finished with value: 19.294475555419922 and parameters: {'gradient_clip_val': 0.15515514074247397, 'hidden_size': 19, 'dropout': 0.3799540960831728, 'hidden_continuous_size': 8, 'attention_head_size': 4, 'learning_rate': 0.00207948979312572}. Best is trial 22 with value: 13.450373649597168.
LOCAL_RANK: 0 - CUDA_VISIBLE_DEVICES: [0]
[I 2023-12-16 03:55:36,288] Trial 40 finished with value: 29.18096351623535 and parameters: {'gradient_clip_val': 0.10988895869697339, 'hidden_size': 24, 'dropout': 0.2791620175523611, 'hidden_continuous_size': 10, 'attention_head_size': 1, 'learning_rate': 0.004264599864353688}. Best is trial 22 with value: 13.450373649597168.
LOCAL_RANK: 0 - CUDA_VISIBLE_DEVICES: [0]
[I 2023-12-16 03:56:21,870] Trial 41 finished with value: 19.09409523010254 and parameters: {'gradient_clip_val': 0.1344840280334527, 'hidden_size': 11, 'dropout': 0.1015104503888478, 'hidden_continuous_size': 6, 'attention_head_size': 4, 'learning_rate': 0.000648635776525393}. Best is trial 22 with value: 13.450373649597168.
LOCAL_RANK: 0 - CUDA_VISIBLE_DEVICES: [0]
[I 2023-12-16 03:57:07,704] Trial 42 finished with value: 13.349567413330078 and parameters: {'gradient_clip_val': 0.12314003897940612, 'hidden_size': 14, 'dropout': 0.152682230906434, 'hidden_continuous_size': 7, 'attention_head_size': 4, 'learning_rate': 0.0006136608769075752}. Best is trial 42 with value: 13.349567413330078.
LOCAL_RANK: 0 - CUDA_VISIBLE_DEVICES: [0]
[I 2023-12-16 03:57:53,490] Trial 43 finished with value: 23.044708251953125 and parameters: {'gradient_clip_val': 0.1262913046422766, 'hidden_size': 14, 'dropout': 0.20143631188901562, 'hidden_continuous_size': 7, 'attention_head_size': 4, 'learning_rate': 0.0005002033885135406}. Best is trial 42 with value: 13.349567413330078.
LOCAL_RANK: 0 - CUDA_VISIBLE_DEVICES: [0]
[I 2023-12-16 03:58:42,584] Trial 44 finished with value: 16.060134887695312 and parameters: {'gradient_clip_val': 0.10029098492392403, 'hidden_size': 21, 'dropout': 0.15496092537854647, 'hidden_continuous_size': 9, 'attention_head_size': 4, 'learning_rate': 0.0009663844914811411}. Best is trial 42 with value: 13.349567413330078.
LOCAL_RANK: 0 - CUDA_VISIBLE_DEVICES: [0]
[I 2023-12-16 03:59:31,370] Trial 45 finished with value: 21.805898666381836 and parameters: {'gradient_clip_val': 0.15373698470953465, 'hidden_size': 29, 'dropout': 0.18735508931417155, 'hidden_continuous_size': 13, 'attention_head_size': 3, 'learning_rate': 0.0008188438814777828}. Best is trial 42 with value: 13.349567413330078.
LOCAL_RANK: 0 - CUDA_VISIBLE_DEVICES: [0]
[I 2023-12-16 04:00:18,658] Trial 46 finished with value: 20.285158157348633 and parameters: {'gradient_clip_val': 0.11343096098994453, 'hidden_size': 18, 'dropout': 0.22695478953469456, 'hidden_continuous_size': 8, 'attention_head_size': 4, 'learning_rate': 0.000606442481244126}. Best is trial 42 with value: 13.349567413330078.
LOCAL_RANK: 0 - CUDA_VISIBLE_DEVICES: [0]
[I 2023-12-16 04:01:02,473] Trial 47 finished with value: 12.181017875671387 and parameters: {'gradient_clip_val': 0.12496782360132641, 'hidden_size': 12, 'dropout': 0.3880134551868791, 'hidden_continuous_size': 7, 'attention_head_size': 2, 'learning_rate': 0.0009934003218346195}. Best is trial 47 with value: 12.181017875671387.
LOCAL_RANK: 0 - CUDA_VISIBLE_DEVICES: [0]
[I 2023-12-16 04:01:46,161] Trial 48 finished with value: 16.592390060424805 and parameters: {'gradient_clip_val': 0.18759969587301376, 'hidden_size': 12, 'dropout': 0.38339855782528864, 'hidden_continuous_size': 7, 'attention_head_size': 2, 'learning_rate': 0.001404237271691607}. Best is trial 47 with value: 12.181017875671387.
LOCAL_RANK: 0 - CUDA_VISIBLE_DEVICES: [0]
[I 2023-12-16 04:02:31,241] Trial 49 finished with value: 26.374311447143555 and parameters: {'gradient_clip_val': 0.10657549412950186, 'hidden_size': 9, 'dropout': 0.3904488621568547, 'hidden_continuous_size': 7, 'attention_head_size': 2, 'learning_rate': 0.003195608241273813}. Best is trial 47 with value: 12.181017875671387.
[I 2023-12-16 04:02:31,336] A new study created in memory with name: no-name-f4fd24cd-e710-4d75-8986-cdc9dd2e8cfc
/home/le004/conda/anaconda3/envs/tsff_env/lib/python3.9/site-packages/lightning/fabric/plugins/environments/slurm.py:191: The `srun` command is available on your system but is not used. HINT: If your intention is to run Lightning on SLURM, prepend your python command with `srun` like so: srun python /home/le004/master_thesis/git/TSFusionForecast/code/ ...
LOCAL_RANK: 0 - CUDA_VISIBLE_DEVICES: [0]
[I 2023-12-16 04:03:05,343] Trial 0 finished with value: 4.986288070678711 and parameters: {'gradient_clip_val': 0.11875525971137, 'hidden_size': 5, 'dropout': 0.1517389437647568, 'hidden_continuous_size': 5, 'attention_head_size': 4, 'learning_rate': 0.0034550014685449863}. Best is trial 0 with value: 4.986288070678711.
LOCAL_RANK: 0 - CUDA_VISIBLE_DEVICES: [0]
[I 2023-12-16 04:04:00,088] Trial 1 finished with value: 3.386495590209961 and parameters: {'gradient_clip_val': 0.8426924535068951, 'hidden_size': 85, 'dropout': 0.39853619007215013, 'hidden_continuous_size': 29, 'attention_head_size': 4, 'learning_rate': 0.0005677090973720526}. Best is trial 1 with value: 3.386495590209961.
LOCAL_RANK: 0 - CUDA_VISIBLE_DEVICES: [0]
[I 2023-12-16 04:04:49,523] Trial 2 finished with value: 5.302401065826416 and parameters: {'gradient_clip_val': 0.3440862322523316, 'hidden_size': 25, 'dropout': 0.14613532594507886, 'hidden_continuous_size': 14, 'attention_head_size': 4, 'learning_rate': 0.008058923100629247}. Best is trial 1 with value: 3.386495590209961.
LOCAL_RANK: 0 - CUDA_VISIBLE_DEVICES: [0]
[I 2023-12-16 04:05:33,209] Trial 3 finished with value: 4.29982328414917 and parameters: {'gradient_clip_val': 0.13494868087225775, 'hidden_size': 8, 'dropout': 0.34454434180451277, 'hidden_continuous_size': 6, 'attention_head_size': 2, 'learning_rate': 0.019631475921168148}. Best is trial 1 with value: 3.386495590209961.
LOCAL_RANK: 0 - CUDA_VISIBLE_DEVICES: [0]
[I 2023-12-16 04:06:18,225] Trial 4 finished with value: 5.3765435218811035 and parameters: {'gradient_clip_val': 0.5299817988940166, 'hidden_size': 9, 'dropout': 0.35495299640515077, 'hidden_continuous_size': 5, 'attention_head_size': 3, 'learning_rate': 0.022089748659590097}. Best is trial 1 with value: 3.386495590209961.
LOCAL_RANK: 0 - CUDA_VISIBLE_DEVICES: [0]
[I 2023-12-16 04:07:09,641] Trial 5 finished with value: 5.208585262298584 and parameters: {'gradient_clip_val': 0.10132021755832564, 'hidden_size': 38, 'dropout': 0.16872669316331093, 'hidden_continuous_size': 17, 'attention_head_size': 2, 'learning_rate': 0.001142196411182015}. Best is trial 1 with value: 3.386495590209961.
LOCAL_RANK: 0 - CUDA_VISIBLE_DEVICES: [0]
[I 2023-12-16 04:07:57,043] Trial 6 finished with value: 4.911449432373047 and parameters: {'gradient_clip_val': 0.5500850241262557, 'hidden_size': 28, 'dropout': 0.32299659653108237, 'hidden_continuous_size': 11, 'attention_head_size': 2, 'learning_rate': 0.02254777798367376}. Best is trial 1 with value: 3.386495590209961.
LOCAL_RANK: 0 - CUDA_VISIBLE_DEVICES: [0]
[I 2023-12-16 04:08:30,774] Trial 7 finished with value: 5.040856838226318 and parameters: {'gradient_clip_val': 0.21774727185821624, 'hidden_size': 15, 'dropout': 0.24038256670102207, 'hidden_continuous_size': 15, 'attention_head_size': 2, 'learning_rate': 0.004435343973314311}. Best is trial 1 with value: 3.386495590209961.
LOCAL_RANK: 0 - CUDA_VISIBLE_DEVICES: [0]
[I 2023-12-16 04:09:17,241] Trial 8 finished with value: 3.698307752609253 and parameters: {'gradient_clip_val': 0.8063855109413332, 'hidden_size': 20, 'dropout': 0.10446242907346272, 'hidden_continuous_size': 7, 'attention_head_size': 3, 'learning_rate': 0.0007139024643568281}. Best is trial 1 with value: 3.386495590209961.
LOCAL_RANK: 0 - CUDA_VISIBLE_DEVICES: [0]
[I 2023-12-16 04:10:02,289] Trial 9 finished with value: 5.618452072143555 and parameters: {'gradient_clip_val': 0.5496593909754753, 'hidden_size': 13, 'dropout': 0.35014183345383487, 'hidden_continuous_size': 8, 'attention_head_size': 2, 'learning_rate': 0.0008200521807147976}. Best is trial 1 with value: 3.386495590209961.
LOCAL_RANK: 0 - CUDA_VISIBLE_DEVICES: [0]
[I 2023-12-16 04:10:57,478] Trial 10 finished with value: 5.05302095413208 and parameters: {'gradient_clip_val': 0.872353303134798, 'hidden_size': 100, 'dropout': 0.38887170395728327, 'hidden_continuous_size': 40, 'attention_head_size': 1, 'learning_rate': 0.002041599846106705}. Best is trial 1 with value: 3.386495590209961.
LOCAL_RANK: 0 - CUDA_VISIBLE_DEVICES: [0]
[I 2023-12-16 04:11:50,477] Trial 11 finished with value: 3.9316976070404053 and parameters: {'gradient_clip_val': 0.9879797368377268, 'hidden_size': 55, 'dropout': 0.10678656642207889, 'hidden_continuous_size': 28, 'attention_head_size': 3, 'learning_rate': 0.000532592634334646}. Best is trial 1 with value: 3.386495590209961.
LOCAL_RANK: 0 - CUDA_VISIBLE_DEVICES: [0]
[I 2023-12-16 04:12:48,473] Trial 12 finished with value: 3.6879284381866455 and parameters: {'gradient_clip_val': 0.7399774519524256, 'hidden_size': 98, 'dropout': 0.26746329294635096, 'hidden_continuous_size': 85, 'attention_head_size': 4, 'learning_rate': 0.0005712365574323086}. Best is trial 1 with value: 3.386495590209961.
LOCAL_RANK: 0 - CUDA_VISIBLE_DEVICES: [0]
[I 2023-12-16 04:13:46,643] Trial 13 finished with value: 7.9022650718688965 and parameters: {'gradient_clip_val': 0.6982996415888248, 'hidden_size': 93, 'dropout': 0.2854465628654119, 'hidden_continuous_size': 87, 'attention_head_size': 4, 'learning_rate': 0.0015881082195434405}. Best is trial 1 with value: 3.386495590209961.
LOCAL_RANK: 0 - CUDA_VISIBLE_DEVICES: [0]
[I 2023-12-16 04:14:41,575] Trial 14 finished with value: 3.309563636779785 and parameters: {'gradient_clip_val': 0.9790198316004516, 'hidden_size': 63, 'dropout': 0.39892809264997553, 'hidden_continuous_size': 61, 'attention_head_size': 4, 'learning_rate': 0.0005000995222909541}. Best is trial 14 with value: 3.309563636779785.
LOCAL_RANK: 0 - CUDA_VISIBLE_DEVICES: [0]
[I 2023-12-16 04:15:35,445] Trial 15 finished with value: 4.121171474456787 and parameters: {'gradient_clip_val': 0.9590380905864133, 'hidden_size': 56, 'dropout': 0.3993390360909145, 'hidden_continuous_size': 41, 'attention_head_size': 4, 'learning_rate': 0.0015986710410996995}. Best is trial 14 with value: 3.309563636779785.
LOCAL_RANK: 0 - CUDA_VISIBLE_DEVICES: [0]
[I 2023-12-16 04:16:28,731] Trial 16 finished with value: 6.120995998382568 and parameters: {'gradient_clip_val': 0.3978869468562735, 'hidden_size': 61, 'dropout': 0.39689773754198976, 'hidden_continuous_size': 26, 'attention_head_size': 3, 'learning_rate': 0.09060371219746702}. Best is trial 14 with value: 3.309563636779785.
LOCAL_RANK: 0 - CUDA_VISIBLE_DEVICES: [0]
[I 2023-12-16 04:17:20,261] Trial 17 finished with value: 3.9782629013061523 and parameters: {'gradient_clip_val': 0.6104173479049083, 'hidden_size': 38, 'dropout': 0.3092037842505629, 'hidden_continuous_size': 20, 'attention_head_size': 1, 'learning_rate': 0.0005153429103307996}. Best is trial 14 with value: 3.309563636779785.
LOCAL_RANK: 0 - CUDA_VISIBLE_DEVICES: [0]
[I 2023-12-16 04:18:15,442] Trial 18 finished with value: 4.283872127532959 and parameters: {'gradient_clip_val': 0.42879120153878664, 'hidden_size': 67, 'dropout': 0.3740198014832335, 'hidden_continuous_size': 54, 'attention_head_size': 4, 'learning_rate': 0.001177620469632602}. Best is trial 14 with value: 3.309563636779785.
LOCAL_RANK: 0 - CUDA_VISIBLE_DEVICES: [0]
