[I 2023-12-16 07:02:34,081] Trial 32 finished with value: 3038.579345703125 and parameters: {'gradient_clip_val': 0.12140268315386513, 'hidden_size': 35, 'dropout': 0.23964999816200777, 'hidden_continuous_size': 33, 'attention_head_size': 4, 'learning_rate': 0.012149657976436367}. Best is trial 6 with value: 2315.251220703125.
LOCAL_RANK: 0 - CUDA_VISIBLE_DEVICES: [0]
[I 2023-12-16 07:03:29,990] Trial 33 finished with value: 4175.41259765625 and parameters: {'gradient_clip_val': 0.18411969102724615, 'hidden_size': 77, 'dropout': 0.19227690264149788, 'hidden_continuous_size': 52, 'attention_head_size': 4, 'learning_rate': 0.015042357074597584}. Best is trial 6 with value: 2315.251220703125.
LOCAL_RANK: 0 - CUDA_VISIBLE_DEVICES: [0]
[I 2023-12-16 07:04:23,847] Trial 34 finished with value: 2941.203125 and parameters: {'gradient_clip_val': 0.11863437731123254, 'hidden_size': 58, 'dropout': 0.2593936593555009, 'hidden_continuous_size': 23, 'attention_head_size': 3, 'learning_rate': 0.006547674523993953}. Best is trial 6 with value: 2315.251220703125.
LOCAL_RANK: 0 - CUDA_VISIBLE_DEVICES: [0]
[I 2023-12-16 07:05:22,566] Trial 35 finished with value: 4460.380859375 and parameters: {'gradient_clip_val': 0.15308990619312332, 'hidden_size': 94, 'dropout': 0.28466067274969975, 'hidden_continuous_size': 85, 'attention_head_size': 4, 'learning_rate': 0.011982014138418321}. Best is trial 6 with value: 2315.251220703125.
LOCAL_RANK: 0 - CUDA_VISIBLE_DEVICES: [0]
[I 2023-12-16 07:06:12,680] Trial 36 finished with value: 2308.629638671875 and parameters: {'gradient_clip_val': 0.21658825304672755, 'hidden_size': 34, 'dropout': 0.21130625988152185, 'hidden_continuous_size': 13, 'attention_head_size': 2, 'learning_rate': 0.021592355721334874}. Best is trial 36 with value: 2308.629638671875.
LOCAL_RANK: 0 - CUDA_VISIBLE_DEVICES: [0]
[I 2023-12-16 07:07:05,204] Trial 37 finished with value: 7037.009765625 and parameters: {'gradient_clip_val': 0.24567319827606998, 'hidden_size': 52, 'dropout': 0.21079671155190915, 'hidden_continuous_size': 20, 'attention_head_size': 2, 'learning_rate': 0.020526744987404873}. Best is trial 36 with value: 2308.629638671875.
LOCAL_RANK: 0 - CUDA_VISIBLE_DEVICES: [0]
[I 2023-12-16 07:07:55,213] Trial 38 finished with value: 4447.55029296875 and parameters: {'gradient_clip_val': 0.22508151583674638, 'hidden_size': 33, 'dropout': 0.2255831875782792, 'hidden_continuous_size': 11, 'attention_head_size': 3, 'learning_rate': 0.010190979152370409}. Best is trial 36 with value: 2308.629638671875.
LOCAL_RANK: 0 - CUDA_VISIBLE_DEVICES: [0]
[I 2023-12-16 07:08:46,576] Trial 39 finished with value: 3035.781005859375 and parameters: {'gradient_clip_val': 0.11931470986601075, 'hidden_size': 44, 'dropout': 0.1952985668317458, 'hidden_continuous_size': 14, 'attention_head_size': 2, 'learning_rate': 0.006360254983369535}. Best is trial 36 with value: 2308.629638671875.
LOCAL_RANK: 0 - CUDA_VISIBLE_DEVICES: [0]
[I 2023-12-16 07:09:40,310] Trial 40 finished with value: 2107.974609375 and parameters: {'gradient_clip_val': 0.7708932067297826, 'hidden_size': 69, 'dropout': 0.15985329640129126, 'hidden_continuous_size': 18, 'attention_head_size': 2, 'learning_rate': 0.06223374460405352}. Best is trial 40 with value: 2107.974609375.
LOCAL_RANK: 0 - CUDA_VISIBLE_DEVICES: [0]
[I 2023-12-16 07:10:33,707] Trial 41 finished with value: 2207.201416015625 and parameters: {'gradient_clip_val': 0.7736794361392884, 'hidden_size': 63, 'dropout': 0.1611318904244361, 'hidden_continuous_size': 20, 'attention_head_size': 2, 'learning_rate': 0.06349692956949812}. Best is trial 40 with value: 2107.974609375.
LOCAL_RANK: 0 - CUDA_VISIBLE_DEVICES: [0]
[I 2023-12-16 07:11:26,753] Trial 42 finished with value: 2589.892333984375 and parameters: {'gradient_clip_val': 0.8878758793895638, 'hidden_size': 72, 'dropout': 0.1656681662041142, 'hidden_continuous_size': 19, 'attention_head_size': 2, 'learning_rate': 0.06415851548520525}. Best is trial 40 with value: 2107.974609375.
LOCAL_RANK: 0 - CUDA_VISIBLE_DEVICES: [0]
[I 2023-12-16 07:12:20,522] Trial 43 finished with value: 4613.44970703125 and parameters: {'gradient_clip_val': 0.69402996221811, 'hidden_size': 65, 'dropout': 0.1571086217291371, 'hidden_continuous_size': 18, 'attention_head_size': 2, 'learning_rate': 0.06031491625267436}. Best is trial 40 with value: 2107.974609375.
LOCAL_RANK: 0 - CUDA_VISIBLE_DEVICES: [0]
[I 2023-12-16 07:13:13,573] Trial 44 finished with value: 2860.311279296875 and parameters: {'gradient_clip_val': 0.8161420544460155, 'hidden_size': 54, 'dropout': 0.12558644221429446, 'hidden_continuous_size': 17, 'attention_head_size': 2, 'learning_rate': 0.07079544454814367}. Best is trial 40 with value: 2107.974609375.
LOCAL_RANK: 0 - CUDA_VISIBLE_DEVICES: [0]
[I 2023-12-16 07:14:07,457] Trial 45 finished with value: 4988.47705078125 and parameters: {'gradient_clip_val': 0.857663432420982, 'hidden_size': 80, 'dropout': 0.1667771252187077, 'hidden_continuous_size': 20, 'attention_head_size': 2, 'learning_rate': 0.0987540498951844}. Best is trial 40 with value: 2107.974609375.
LOCAL_RANK: 0 - CUDA_VISIBLE_DEVICES: [0]
[I 2023-12-16 07:15:01,126] Trial 46 finished with value: 5088.68798828125 and parameters: {'gradient_clip_val': 0.9976156496560458, 'hidden_size': 63, 'dropout': 0.15430673924743496, 'hidden_continuous_size': 22, 'attention_head_size': 2, 'learning_rate': 0.05562799981324383}. Best is trial 40 with value: 2107.974609375.
LOCAL_RANK: 0 - CUDA_VISIBLE_DEVICES: [0]
[I 2023-12-16 07:15:56,234] Trial 47 finished with value: 5105.40869140625 and parameters: {'gradient_clip_val': 0.5880334437344967, 'hidden_size': 99, 'dropout': 0.18286144353479905, 'hidden_continuous_size': 25, 'attention_head_size': 2, 'learning_rate': 0.06896782242217182}. Best is trial 40 with value: 2107.974609375.
LOCAL_RANK: 0 - CUDA_VISIBLE_DEVICES: [0]
[I 2023-12-16 07:16:48,530] Trial 48 finished with value: 4033.565185546875 and parameters: {'gradient_clip_val': 0.7732139079138365, 'hidden_size': 41, 'dropout': 0.1310126850172157, 'hidden_continuous_size': 16, 'attention_head_size': 2, 'learning_rate': 0.05122546539837805}. Best is trial 40 with value: 2107.974609375.
LOCAL_RANK: 0 - CUDA_VISIBLE_DEVICES: [0]
[I 2023-12-16 07:17:41,352] Trial 49 finished with value: 3386.947998046875 and parameters: {'gradient_clip_val': 0.9133825807449706, 'hidden_size': 50, 'dropout': 0.1639000311391398, 'hidden_continuous_size': 19, 'attention_head_size': 2, 'learning_rate': 0.07924636748976935}. Best is trial 40 with value: 2107.974609375.
[I 2023-12-16 07:17:41,444] A new study created in memory with name: no-name-805a6117-b0ce-4666-b99e-db339d187edc
/home/le004/conda/anaconda3/envs/tsff_env/lib/python3.9/site-packages/lightning/fabric/plugins/environments/slurm.py:191: The `srun` command is available on your system but is not used. HINT: If your intention is to run Lightning on SLURM, prepend your python command with `srun` like so: srun python /home/le004/master_thesis/git/TSFusionForecast/code/ ...
LOCAL_RANK: 0 - CUDA_VISIBLE_DEVICES: [0]
[I 2023-12-16 07:18:33,402] Trial 0 finished with value: 0.0795016661286354 and parameters: {'gradient_clip_val': 0.9050056299417162, 'hidden_size': 35, 'dropout': 0.24278672051694328, 'hidden_continuous_size': 16, 'attention_head_size': 3, 'learning_rate': 0.008500214506902568}. Best is trial 0 with value: 0.0795016661286354.
LOCAL_RANK: 0 - CUDA_VISIBLE_DEVICES: [0]
[I 2023-12-16 07:19:17,175] Trial 1 finished with value: 0.12831741571426392 and parameters: {'gradient_clip_val': 0.10450066798621434, 'hidden_size': 8, 'dropout': 0.21039973173129167, 'hidden_continuous_size': 6, 'attention_head_size': 1, 'learning_rate': 0.024843830752828033}. Best is trial 0 with value: 0.0795016661286354.
LOCAL_RANK: 0 - CUDA_VISIBLE_DEVICES: [0]
[I 2023-12-16 07:20:04,549] Trial 2 finished with value: 0.05545956268906593 and parameters: {'gradient_clip_val': 0.15520942855209383, 'hidden_size': 28, 'dropout': 0.3858343786232362, 'hidden_continuous_size': 5, 'attention_head_size': 2, 'learning_rate': 0.0396507546592162}. Best is trial 2 with value: 0.05545956268906593.
LOCAL_RANK: 0 - CUDA_VISIBLE_DEVICES: [0]
[I 2023-12-16 07:20:57,330] Trial 3 finished with value: 0.07279600948095322 and parameters: {'gradient_clip_val': 0.49578885765398023, 'hidden_size': 39, 'dropout': 0.395082208520541, 'hidden_continuous_size': 32, 'attention_head_size': 2, 'learning_rate': 0.0032516110921379147}. Best is trial 2 with value: 0.05545956268906593.
LOCAL_RANK: 0 - CUDA_VISIBLE_DEVICES: [0]
[I 2023-12-16 07:21:46,702] Trial 4 finished with value: 0.12955325841903687 and parameters: {'gradient_clip_val': 0.12067928172769415, 'hidden_size': 33, 'dropout': 0.295615562649139, 'hidden_continuous_size': 8, 'attention_head_size': 2, 'learning_rate': 0.01703639353296765}. Best is trial 2 with value: 0.05545956268906593.
LOCAL_RANK: 0 - CUDA_VISIBLE_DEVICES: [0]
[I 2023-12-16 07:22:30,438] Trial 5 finished with value: 0.12771914899349213 and parameters: {'gradient_clip_val': 0.3737248663408047, 'hidden_size': 8, 'dropout': 0.17899982991880042, 'hidden_continuous_size': 5, 'attention_head_size': 2, 'learning_rate': 0.046236540507757835}. Best is trial 2 with value: 0.05545956268906593.
LOCAL_RANK: 0 - CUDA_VISIBLE_DEVICES: [0]
[I 2023-12-16 07:23:15,452] Trial 6 finished with value: 1.2324851751327515 and parameters: {'gradient_clip_val': 0.11287244473913446, 'hidden_size': 9, 'dropout': 0.3999551414434106, 'hidden_continuous_size': 6, 'attention_head_size': 1, 'learning_rate': 0.0010303645385758486}. Best is trial 2 with value: 0.05545956268906593.
LOCAL_RANK: 0 - CUDA_VISIBLE_DEVICES: [0]
[I 2023-12-16 07:23:49,923] Trial 7 finished with value: 0.08893933892250061 and parameters: {'gradient_clip_val': 0.498076816256926, 'hidden_size': 5, 'dropout': 0.23283287248444906, 'hidden_continuous_size': 5, 'attention_head_size': 4, 'learning_rate': 0.0402736905656861}. Best is trial 2 with value: 0.05545956268906593.
LOCAL_RANK: 0 - CUDA_VISIBLE_DEVICES: [0]
[I 2023-12-16 07:24:37,033] Trial 8 finished with value: 0.3048771619796753 and parameters: {'gradient_clip_val': 0.29074555786394457, 'hidden_size': 15, 'dropout': 0.14490507615050532, 'hidden_continuous_size': 11, 'attention_head_size': 4, 'learning_rate': 0.0014616876086801737}. Best is trial 2 with value: 0.05545956268906593.
LOCAL_RANK: 0 - CUDA_VISIBLE_DEVICES: [0]
[I 2023-12-16 07:25:22,243] Trial 9 finished with value: 1.8314614295959473 and parameters: {'gradient_clip_val': 0.18321526240171768, 'hidden_size': 7, 'dropout': 0.10449743082492392, 'hidden_continuous_size': 5, 'attention_head_size': 2, 'learning_rate': 0.0005123164088583697}. Best is trial 2 with value: 0.05545956268906593.
LOCAL_RANK: 0 - CUDA_VISIBLE_DEVICES: [0]
[I 2023-12-16 07:26:14,597] Trial 10 finished with value: 0.09365174919366837 and parameters: {'gradient_clip_val': 0.18799784515943607, 'hidden_size': 56, 'dropout': 0.3201002334474653, 'hidden_continuous_size': 16, 'attention_head_size': 3, 'learning_rate': 0.08674576238106825}. Best is trial 2 with value: 0.05545956268906593.
LOCAL_RANK: 0 - CUDA_VISIBLE_DEVICES: [0]
[I 2023-12-16 07:27:10,625] Trial 11 finished with value: 0.05833163857460022 and parameters: {'gradient_clip_val': 0.6609477108093724, 'hidden_size': 95, 'dropout': 0.3982028485441191, 'hidden_continuous_size': 38, 'attention_head_size': 2, 'learning_rate': 0.004105192931946712}. Best is trial 2 with value: 0.05545956268906593.
LOCAL_RANK: 0 - CUDA_VISIBLE_DEVICES: [0]
[I 2023-12-16 07:28:07,021] Trial 12 finished with value: 0.24496877193450928 and parameters: {'gradient_clip_val': 0.9223795715547654, 'hidden_size': 100, 'dropout': 0.34387233944769124, 'hidden_continuous_size': 72, 'attention_head_size': 1, 'learning_rate': 0.00705085254626914}. Best is trial 2 with value: 0.05545956268906593.
LOCAL_RANK: 0 - CUDA_VISIBLE_DEVICES: [0]
[I 2023-12-16 07:28:54,556] Trial 13 finished with value: 0.10978291183710098 and parameters: {'gradient_clip_val': 0.661374094164198, 'hidden_size': 19, 'dropout': 0.35036528188225624, 'hidden_continuous_size': 7, 'attention_head_size': 3, 'learning_rate': 0.00939594488910449}. Best is trial 2 with value: 0.05545956268906593.
LOCAL_RANK: 0 - CUDA_VISIBLE_DEVICES: [0]
[I 2023-12-16 07:29:47,764] Trial 14 finished with value: 0.04630167409777641 and parameters: {'gradient_clip_val': 0.23031391724134048, 'hidden_size': 72, 'dropout': 0.28895311111468486, 'hidden_continuous_size': 28, 'attention_head_size': 2, 'learning_rate': 0.004053198712228241}. Best is trial 14 with value: 0.04630167409777641.
LOCAL_RANK: 0 - CUDA_VISIBLE_DEVICES: [0]
[I 2023-12-16 07:30:40,923] Trial 15 finished with value: 0.054728854447603226 and parameters: {'gradient_clip_val': 0.20583025871767147, 'hidden_size': 59, 'dropout': 0.263882875025411, 'hidden_continuous_size': 9, 'attention_head_size': 3, 'learning_rate': 0.01628305923637495}. Best is trial 14 with value: 0.04630167409777641.
LOCAL_RANK: 0 - CUDA_VISIBLE_DEVICES: [0]
[I 2023-12-16 07:31:34,799] Trial 16 finished with value: 0.0644606277346611 and parameters: {'gradient_clip_val': 0.2584796493617055, 'hidden_size': 63, 'dropout': 0.27676418194375735, 'hidden_continuous_size': 12, 'attention_head_size': 3, 'learning_rate': 0.014833398601505647}. Best is trial 14 with value: 0.04630167409777641.
LOCAL_RANK: 0 - CUDA_VISIBLE_DEVICES: [0]
[I 2023-12-16 07:32:28,988] Trial 17 finished with value: 0.07832861691713333 and parameters: {'gradient_clip_val': 0.24861356652121555, 'hidden_size': 57, 'dropout': 0.2696553003980151, 'hidden_continuous_size': 22, 'attention_head_size': 4, 'learning_rate': 0.003712522420461742}. Best is trial 14 with value: 0.04630167409777641.
LOCAL_RANK: 0 - CUDA_VISIBLE_DEVICES: [0]
[I 2023-12-16 07:33:22,436] Trial 18 finished with value: 0.20102564990520477 and parameters: {'gradient_clip_val': 0.216142130523368, 'hidden_size': 71, 'dropout': 0.2991045031566537, 'hidden_continuous_size': 10, 'attention_head_size': 3, 'learning_rate': 0.0021044013917690986}. Best is trial 14 with value: 0.04630167409777641.
LOCAL_RANK: 0 - CUDA_VISIBLE_DEVICES: [0]
[I 2023-12-16 07:34:15,278] Trial 19 finished with value: 0.26302242279052734 and parameters: {'gradient_clip_val': 0.326142821636957, 'hidden_size': 45, 'dropout': 0.26063902295569075, 'hidden_continuous_size': 10, 'attention_head_size': 3, 'learning_rate': 0.004763465683376292}. Best is trial 14 with value: 0.04630167409777641.
LOCAL_RANK: 0 - CUDA_VISIBLE_DEVICES: [0]
[I 2023-12-16 07:35:10,026] Trial 20 finished with value: 0.10272059589624405 and parameters: {'gradient_clip_val': 0.15059226387404726, 'hidden_size': 74, 'dropout': 0.21880855794256668, 'hidden_continuous_size': 24, 'attention_head_size': 4, 'learning_rate': 0.013950459193248334}. Best is trial 14 with value: 0.04630167409777641.
LOCAL_RANK: 0 - CUDA_VISIBLE_DEVICES: [0]
[I 2023-12-16 07:35:57,460] Trial 21 finished with value: 0.0658070370554924 and parameters: {'gradient_clip_val': 0.14884647915594817, 'hidden_size': 24, 'dropout': 0.3525364628633979, 'hidden_continuous_size': 8, 'attention_head_size': 2, 'learning_rate': 0.02620488706881651}. Best is trial 14 with value: 0.04630167409777641.
LOCAL_RANK: 0 - CUDA_VISIBLE_DEVICES: [0]
[I 2023-12-16 07:36:49,202] Trial 22 finished with value: 0.13843216001987457 and parameters: {'gradient_clip_val': 0.21399039282404908, 'hidden_size': 48, 'dropout': 0.31525863659223397, 'hidden_continuous_size': 8, 'attention_head_size': 2, 'learning_rate': 0.07678324451906414}. Best is trial 14 with value: 0.04630167409777641.
LOCAL_RANK: 0 - CUDA_VISIBLE_DEVICES: [0]
[I 2023-12-16 07:37:36,427] Trial 23 finished with value: 0.13897864520549774 and parameters: {'gradient_clip_val': 0.15079897934145234, 'hidden_size': 28, 'dropout': 0.2640864354261622, 'hidden_continuous_size': 6, 'attention_head_size': 1, 'learning_rate': 0.006469769276810709}. Best is trial 14 with value: 0.04630167409777641.
LOCAL_RANK: 0 - CUDA_VISIBLE_DEVICES: [0]
[I 2023-12-16 07:38:28,043] Trial 24 finished with value: 0.0572688989341259 and parameters: {'gradient_clip_val': 0.17868699921899953, 'hidden_size': 44, 'dropout': 0.28926347034406147, 'hidden_continuous_size': 13, 'attention_head_size': 2, 'learning_rate': 0.01094904927593297}. Best is trial 14 with value: 0.04630167409777641.
LOCAL_RANK: 0 - CUDA_VISIBLE_DEVICES: [0]
[I 2023-12-16 07:39:22,276] Trial 25 finished with value: 0.06200871989130974 and parameters: {'gradient_clip_val': 0.23533900669643287, 'hidden_size': 76, 'dropout': 0.24629044504547135, 'hidden_continuous_size': 14, 'attention_head_size': 3, 'learning_rate': 0.02233158682143139}. Best is trial 14 with value: 0.04630167409777641.
LOCAL_RANK: 0 - CUDA_VISIBLE_DEVICES: [0]
[I 2023-12-16 07:40:14,561] Trial 26 finished with value: 0.10389266163110733 and parameters: {'gradient_clip_val': 0.1306218103787905, 'hidden_size': 53, 'dropout': 0.36685957888966464, 'hidden_continuous_size': 9, 'attention_head_size': 2, 'learning_rate': 0.03916787606721993}. Best is trial 14 with value: 0.04630167409777641.
LOCAL_RANK: 0 - CUDA_VISIBLE_DEVICES: [0]
[I 2023-12-16 07:41:03,437] Trial 27 finished with value: 0.0603233277797699 and parameters: {'gradient_clip_val': 0.19100455452830495, 'hidden_size': 33, 'dropout': 0.3113597295395382, 'hidden_continuous_size': 7, 'attention_head_size': 1, 'learning_rate': 0.01148383621962272}. Best is trial 14 with value: 0.04630167409777641.
LOCAL_RANK: 0 - CUDA_VISIBLE_DEVICES: [0]
[I 2023-12-16 07:41:53,885] Trial 28 finished with value: 0.5118902921676636 and parameters: {'gradient_clip_val': 0.27771245281259344, 'hidden_size': 40, 'dropout': 0.3282947077396318, 'hidden_continuous_size': 10, 'attention_head_size': 3, 'learning_rate': 0.02003255355302038}. Best is trial 14 with value: 0.04630167409777641.
LOCAL_RANK: 0 - CUDA_VISIBLE_DEVICES: [0]
[I 2023-12-16 07:42:48,170] Trial 29 finished with value: 0.14964984357357025 and parameters: {'gradient_clip_val': 0.16259935461844235, 'hidden_size': 84, 'dropout': 0.2843766856657508, 'hidden_continuous_size': 17, 'attention_head_size': 3, 'learning_rate': 0.007577558782580232}. Best is trial 14 with value: 0.04630167409777641.
LOCAL_RANK: 0 - CUDA_VISIBLE_DEVICES: [0]
[I 2023-12-16 07:43:41,582] Trial 30 finished with value: 0.08210712671279907 and parameters: {'gradient_clip_val': 0.13400622071446888, 'hidden_size': 62, 'dropout': 0.37436477457885964, 'hidden_continuous_size': 14, 'attention_head_size': 2, 'learning_rate': 0.005518474591207371}. Best is trial 14 with value: 0.04630167409777641.
LOCAL_RANK: 0 - CUDA_VISIBLE_DEVICES: [0]
[I 2023-12-16 07:44:33,730] Trial 31 finished with value: 0.12037571519613266 and parameters: {'gradient_clip_val': 0.16649541876055848, 'hidden_size': 45, 'dropout': 0.28869536989805483, 'hidden_continuous_size': 13, 'attention_head_size': 2, 'learning_rate': 0.010463110596734049}. Best is trial 14 with value: 0.04630167409777641.
LOCAL_RANK: 0 - CUDA_VISIBLE_DEVICES: [0]
[I 2023-12-16 07:45:23,694] Trial 32 finished with value: 0.1631355881690979 and parameters: {'gradient_clip_val': 0.21336617543078057, 'hidden_size': 35, 'dropout': 0.25099037068944624, 'hidden_continuous_size': 11, 'attention_head_size': 2, 'learning_rate': 0.009456934418087676}. Best is trial 14 with value: 0.04630167409777641.
LOCAL_RANK: 0 - CUDA_VISIBLE_DEVICES: [0]
[I 2023-12-16 07:46:16,338] Trial 33 finished with value: 0.07282159477472305 and parameters: {'gradient_clip_val': 0.10339059567507848, 'hidden_size': 50, 'dropout': 0.3315829555242079, 'hidden_continuous_size': 12, 'attention_head_size': 2, 'learning_rate': 0.013705068182962904}. Best is trial 14 with value: 0.04630167409777641.
LOCAL_RANK: 0 - CUDA_VISIBLE_DEVICES: [0]
[I 2023-12-16 07:47:06,122] Trial 34 finished with value: 0.07728173583745956 and parameters: {'gradient_clip_val': 0.1714532353887911, 'hidden_size': 40, 'dropout': 0.2936009010842262, 'hidden_continuous_size': 9, 'attention_head_size': 1, 'learning_rate': 0.028470315248797364}. Best is trial 14 with value: 0.04630167409777641.
LOCAL_RANK: 0 - CUDA_VISIBLE_DEVICES: [0]
[I 2023-12-16 07:47:58,190] Trial 35 finished with value: 0.0860653817653656 and parameters: {'gradient_clip_val': 0.19665410243355966, 'hidden_size': 63, 'dropout': 0.23319846775017605, 'hidden_continuous_size': 7, 'attention_head_size': 2, 'learning_rate': 0.017157214283076636}. Best is trial 14 with value: 0.04630167409777641.
LOCAL_RANK: 0 - CUDA_VISIBLE_DEVICES: [0]
[I 2023-12-16 07:48:45,796] Trial 36 finished with value: 0.46220532059669495 and parameters: {'gradient_clip_val': 0.12203883814852555, 'hidden_size': 28, 'dropout': 0.29971583784922107, 'hidden_continuous_size': 6, 'attention_head_size': 2, 'learning_rate': 0.002978581135046695}. Best is trial 14 with value: 0.04630167409777641.
LOCAL_RANK: 0 - CUDA_VISIBLE_DEVICES: [0]
[I 2023-12-16 07:49:35,851] Trial 37 finished with value: 0.532379150390625 and parameters: {'gradient_clip_val': 0.14298710978620147, 'hidden_size': 41, 'dropout': 0.2747017220440045, 'hidden_continuous_size': 5, 'attention_head_size': 3, 'learning_rate': 0.005634568834159348}. Best is trial 14 with value: 0.04630167409777641.
LOCAL_RANK: 0 - CUDA_VISIBLE_DEVICES: [0]
[I 2023-12-16 07:50:29,259] Trial 38 finished with value: 0.10191851854324341 and parameters: {'gradient_clip_val': 0.2384269826473154, 'hidden_size': 84, 'dropout': 0.19562637062255045, 'hidden_continuous_size': 18, 'attention_head_size': 1, 'learning_rate': 0.033026563816951876}. Best is trial 14 with value: 0.04630167409777641.
LOCAL_RANK: 0 - CUDA_VISIBLE_DEVICES: [0]
