[I 2023-12-27 10:53:53,960] Trial 13 finished with value: 4.06255578994751 and parameters: {'gradient_clip_val': 0.19658978340251007, 'hidden_size': 5, 'dropout': 0.43232506447951935, 'hidden_continuous_size': 5, 'attention_head_size': 2, 'learning_rate': 0.0006395554546277354}. Best is trial 0 with value: 2.0300333499908447.
[I 2023-12-27 10:53:54,344] Trial 14 finished with value: 3.533592939376831 and parameters: {'gradient_clip_val': 0.15045796239934484, 'hidden_size': 26, 'dropout': 0.43201762502445473, 'hidden_continuous_size': 9, 'attention_head_size': 3, 'learning_rate': 0.0012635435474751316}. Best is trial 0 with value: 2.0300333499908447.
[I 2023-12-27 10:53:54,712] Trial 15 finished with value: 3.4213011264801025 and parameters: {'gradient_clip_val': 0.23272701543256955, 'hidden_size': 11, 'dropout': 0.49899019894376984, 'hidden_continuous_size': 6, 'attention_head_size': 2, 'learning_rate': 0.0023875183677564164}. Best is trial 0 with value: 2.0300333499908447.
[I 2023-12-27 10:53:55,078] Trial 16 finished with value: 4.135140895843506 and parameters: {'gradient_clip_val': 0.1393956873352786, 'hidden_size': 8, 'dropout': 0.34826065945620677, 'hidden_continuous_size': 5, 'attention_head_size': 4, 'learning_rate': 0.0009725735058603223}. Best is trial 0 with value: 2.0300333499908447.
[I 2023-12-27 10:53:55,654] Trial 17 finished with value: 3.3623363971710205 and parameters: {'gradient_clip_val': 0.10326263586214195, 'hidden_size': 18, 'dropout': 0.4033325462596905, 'hidden_continuous_size': 6, 'attention_head_size': 3, 'learning_rate': 0.0018788617504771272}. Best is trial 0 with value: 2.0300333499908447.
[I 2023-12-27 10:53:55,985] Trial 18 finished with value: 4.378787517547607 and parameters: {'gradient_clip_val': 0.23458831205778863, 'hidden_size': 5, 'dropout': 0.44889956866107755, 'hidden_continuous_size': 5, 'attention_head_size': 2, 'learning_rate': 0.0005566586405201767}. Best is trial 0 with value: 2.0300333499908447.
[I 2023-12-27 10:53:56,345] Trial 19 finished with value: 3.3201816082000732 and parameters: {'gradient_clip_val': 0.34514513467913793, 'hidden_size': 8, 'dropout': 0.49895142799160075, 'hidden_continuous_size': 5, 'attention_head_size': 1, 'learning_rate': 0.0008284763056288496}. Best is trial 0 with value: 2.0300333499908447.
[I 2023-12-27 10:53:56,702] Trial 20 finished with value: 3.3337926864624023 and parameters: {'gradient_clip_val': 0.14814806424439114, 'hidden_size': 16, 'dropout': 0.3672291396862848, 'hidden_continuous_size': 6, 'attention_head_size': 4, 'learning_rate': 0.002176476771966046}. Best is trial 0 with value: 2.0300333499908447.
[I 2023-12-27 10:53:57,075] Trial 21 finished with value: 3.538120985031128 and parameters: {'gradient_clip_val': 0.17825214899258846, 'hidden_size': 10, 'dropout': 0.3979663848791345, 'hidden_continuous_size': 5, 'attention_head_size': 3, 'learning_rate': 0.0034157781479629175}. Best is trial 0 with value: 2.0300333499908447.
[I 2023-12-27 10:53:57,443] Trial 22 finished with value: 3.387389898300171 and parameters: {'gradient_clip_val': 0.184480620232233, 'hidden_size': 8, 'dropout': 0.4488846997855028, 'hidden_continuous_size': 5, 'attention_head_size': 3, 'learning_rate': 0.0034249323598807137}. Best is trial 0 with value: 2.0300333499908447.
[I 2023-12-27 10:53:57,815] Trial 23 finished with value: 3.2840025424957275 and parameters: {'gradient_clip_val': 0.12958902299875416, 'hidden_size': 12, 'dropout': 0.3929913866640048, 'hidden_continuous_size': 6, 'attention_head_size': 2, 'learning_rate': 0.0011041224116073536}. Best is trial 0 with value: 2.0300333499908447.
[I 2023-12-27 10:53:58,192] Trial 24 finished with value: 3.074774742126465 and parameters: {'gradient_clip_val': 0.20900555750467964, 'hidden_size': 24, 'dropout': 0.4208192877625328, 'hidden_continuous_size': 7, 'attention_head_size': 4, 'learning_rate': 0.0064410619782880665}. Best is trial 0 with value: 2.0300333499908447.
[I 2023-12-27 10:53:58,579] Trial 25 finished with value: 3.654038429260254 and parameters: {'gradient_clip_val': 0.1639473792969327, 'hidden_size': 15, 'dropout': 0.46039053650264483, 'hidden_continuous_size': 6, 'attention_head_size': 3, 'learning_rate': 0.00155653564357949}. Best is trial 0 with value: 2.0300333499908447.
[I 2023-12-27 10:53:58,956] Trial 26 finished with value: 4.47868013381958 and parameters: {'gradient_clip_val': 0.12292660028249987, 'hidden_size': 7, 'dropout': 0.32864484359471713, 'hidden_continuous_size': 5, 'attention_head_size': 2, 'learning_rate': 0.0025564135319930425}. Best is trial 0 with value: 2.0300333499908447.
[I 2023-12-27 10:53:59,328] Trial 27 finished with value: 4.075307369232178 and parameters: {'gradient_clip_val': 0.1004785590561751, 'hidden_size': 10, 'dropout': 0.37732049802110496, 'hidden_continuous_size': 5, 'attention_head_size': 3, 'learning_rate': 0.0005015621736571882}. Best is trial 0 with value: 2.0300333499908447.
[I 2023-12-27 10:53:59,675] Trial 28 finished with value: 2.912954330444336 and parameters: {'gradient_clip_val': 0.14208454858311978, 'hidden_size': 5, 'dropout': 0.2786197642220499, 'hidden_continuous_size': 5, 'attention_head_size': 4, 'learning_rate': 0.0008750609075473376}. Best is trial 0 with value: 2.0300333499908447.
[I 2023-12-27 10:54:00,057] Trial 29 finished with value: 2.981518030166626 and parameters: {'gradient_clip_val': 0.17677205318780143, 'hidden_size': 14, 'dropout': 0.41876433622277, 'hidden_continuous_size': 7, 'attention_head_size': 2, 'learning_rate': 0.004640493993793826}. Best is trial 0 with value: 2.0300333499908447.
[I 2023-12-27 10:54:00,652] Trial 30 finished with value: 3.0474026203155518 and parameters: {'gradient_clip_val': 0.24885968237979136, 'hidden_size': 21, 'dropout': 0.4772864345137121, 'hidden_continuous_size': 11, 'attention_head_size': 3, 'learning_rate': 0.0025377613159341668}. Best is trial 0 with value: 2.0300333499908447.
[I 2023-12-27 10:54:01,063] Trial 31 finished with value: 4.295825004577637 and parameters: {'gradient_clip_val': 0.165360849373732, 'hidden_size': 34, 'dropout': 0.2511800464846626, 'hidden_continuous_size': 18, 'attention_head_size': 3, 'learning_rate': 0.005704059757151803}. Best is trial 0 with value: 2.0300333499908447.
[I 2023-12-27 10:54:01,550] Trial 32 finished with value: 3.78981876373291 and parameters: {'gradient_clip_val': 0.11596173043095967, 'hidden_size': 75, 'dropout': 0.2200384656888461, 'hidden_continuous_size': 74, 'attention_head_size': 3, 'learning_rate': 0.010263458090554376}. Best is trial 0 with value: 2.0300333499908447.
[I 2023-12-27 10:54:02,052] Trial 33 finished with value: 4.167667865753174 and parameters: {'gradient_clip_val': 0.11666260486293656, 'hidden_size': 101, 'dropout': 0.1974292142050984, 'hidden_continuous_size': 12, 'attention_head_size': 3, 'learning_rate': 0.004892489517420311}. Best is trial 0 with value: 2.0300333499908447.
[I 2023-12-27 10:54:02,454] Trial 34 finished with value: 3.199376344680786 and parameters: {'gradient_clip_val': 0.15494882987123534, 'hidden_size': 36, 'dropout': 0.3829822346821541, 'hidden_continuous_size': 15, 'attention_head_size': 2, 'learning_rate': 0.00848862488035654}. Best is trial 0 with value: 2.0300333499908447.
[I 2023-12-27 10:54:02,875] Trial 35 finished with value: 3.5819625854492188 and parameters: {'gradient_clip_val': 0.20845074907044664, 'hidden_size': 31, 'dropout': 0.35257572752110855, 'hidden_continuous_size': 20, 'attention_head_size': 4, 'learning_rate': 0.013407789059778099}. Best is trial 0 with value: 2.0300333499908447.
[I 2023-12-27 10:54:03,271] Trial 36 finished with value: 3.724108934402466 and parameters: {'gradient_clip_val': 0.13529641868879344, 'hidden_size': 48, 'dropout': 0.4008350932241582, 'hidden_continuous_size': 27, 'attention_head_size': 1, 'learning_rate': 0.023742016587384403}. Best is trial 0 with value: 2.0300333499908447.
[I 2023-12-27 10:54:03,719] Trial 37 finished with value: 3.919691801071167 and parameters: {'gradient_clip_val': 0.1686144009748387, 'hidden_size': 59, 'dropout': 0.476752922937869, 'hidden_continuous_size': 31, 'attention_head_size': 4, 'learning_rate': 0.007130565373738101}. Best is trial 0 with value: 2.0300333499908447.
[I 2023-12-27 10:54:04,096] Trial 38 finished with value: 3.296984910964966 and parameters: {'gradient_clip_val': 0.28747091274848885, 'hidden_size': 20, 'dropout': 0.31865227861135503, 'hidden_continuous_size': 9, 'attention_head_size': 1, 'learning_rate': 0.00414741274901648}. Best is trial 0 with value: 2.0300333499908447.
[I 2023-12-27 10:54:04,492] Trial 39 finished with value: 3.667342185974121 and parameters: {'gradient_clip_val': 0.21698524740782224, 'hidden_size': 30, 'dropout': 0.4332685830011602, 'hidden_continuous_size': 8, 'attention_head_size': 4, 'learning_rate': 0.003048605313427779}. Best is trial 0 with value: 2.0300333499908447.
[I 2023-12-27 10:54:04,884] Trial 40 finished with value: 4.3476715087890625 and parameters: {'gradient_clip_val': 0.1861851746818535, 'hidden_size': 40, 'dropout': 0.36597786008800914, 'hidden_continuous_size': 10, 'attention_head_size': 3, 'learning_rate': 0.0014391038161732756}. Best is trial 0 with value: 2.0300333499908447.
[I 2023-12-27 10:54:05,496] Trial 41 finished with value: 2.953364372253418 and parameters: {'gradient_clip_val': 0.1961085990454082, 'hidden_size': 136, 'dropout': 0.47232545771829304, 'hidden_continuous_size': 120, 'attention_head_size': 1, 'learning_rate': 0.0007094143759818495}. Best is trial 0 with value: 2.0300333499908447.
[I 2023-12-27 10:54:05,976] Trial 42 finished with value: 3.1769421100616455 and parameters: {'gradient_clip_val': 0.25166422408566375, 'hidden_size': 102, 'dropout': 0.4447078607114469, 'hidden_continuous_size': 13, 'attention_head_size': 1, 'learning_rate': 0.00073726960284865}. Best is trial 0 with value: 2.0300333499908447.
[I 2023-12-27 10:54:06,625] Trial 43 finished with value: 2.9314815998077393 and parameters: {'gradient_clip_val': 0.22358757806152982, 'hidden_size': 72, 'dropout': 0.4716607649484565, 'hidden_continuous_size': 7, 'attention_head_size': 1, 'learning_rate': 0.0011379669034291078}. Best is trial 0 with value: 2.0300333499908447.
[I 2023-12-27 10:54:07,168] Trial 44 finished with value: 2.554189443588257 and parameters: {'gradient_clip_val': 0.15764813591713786, 'hidden_size': 139, 'dropout': 0.4164369815442234, 'hidden_continuous_size': 8, 'attention_head_size': 2, 'learning_rate': 0.0018845083968907664}. Best is trial 0 with value: 2.0300333499908447.
[I 2023-12-27 10:54:07,724] Trial 45 finished with value: 3.9126739501953125 and parameters: {'gradient_clip_val': 0.15762405210480684, 'hidden_size': 145, 'dropout': 0.42269520837196095, 'hidden_continuous_size': 8, 'attention_head_size': 2, 'learning_rate': 0.0018280773180512505}. Best is trial 0 with value: 2.0300333499908447.
[I 2023-12-27 10:54:08,085] Trial 46 finished with value: 2.96087908744812 and parameters: {'gradient_clip_val': 0.13540045727614347, 'hidden_size': 6, 'dropout': 0.4077437581279284, 'hidden_continuous_size': 5, 'attention_head_size': 2, 'learning_rate': 0.0030101499791317225}. Best is trial 0 with value: 2.0300333499908447.
[I 2023-12-27 10:54:08,616] Trial 47 finished with value: 4.064112186431885 and parameters: {'gradient_clip_val': 0.10875463078055331, 'hidden_size': 121, 'dropout': 0.4513938859110051, 'hidden_continuous_size': 41, 'attention_head_size': 2, 'learning_rate': 0.002009629894699861}. Best is trial 0 with value: 2.0300333499908447.
[I 2023-12-27 10:54:09,000] Trial 48 finished with value: 3.5455920696258545 and parameters: {'gradient_clip_val': 0.1272508089446059, 'hidden_size': 23, 'dropout': 0.38309849718021977, 'hidden_continuous_size': 9, 'attention_head_size': 2, 'learning_rate': 0.0012459587155762041}. Best is trial 0 with value: 2.0300333499908447.
[I 2023-12-27 10:54:09,388] Trial 49 finished with value: 3.386011838912964 and parameters: {'gradient_clip_val': 0.14607824682051168, 'hidden_size': 28, 'dropout': 0.43957913776496543, 'hidden_continuous_size': 6, 'attention_head_size': 2, 'learning_rate': 0.0014694166053590414}. Best is trial 0 with value: 2.0300333499908447.
[I 2023-12-27 10:54:09,502] A new study created in memory with name: no-name-028ac2fd-b057-42dd-a51e-b62bdd8aa665
/home/le004/conda/anaconda3/envs/tsff_env/lib/python3.9/site-packages/lightning/fabric/plugins/environments/slurm.py:191: The `srun` command is available on your system but is not used. HINT: If your intention is to run Lightning on SLURM, prepend your python command with `srun` like so: srun python /home/le004/master_thesis/git/TSFusionForecast/code/ ...
[I 2023-12-27 10:54:42,180] Trial 0 finished with value: 2.40545392036438 and parameters: {'gradient_clip_val': 0.17461511758264697, 'hidden_size': 21, 'dropout': 0.20950522936608926, 'hidden_continuous_size': 5, 'attention_head_size': 4, 'learning_rate': 0.0005731145328594818}. Best is trial 0 with value: 2.40545392036438.
[I 2023-12-27 10:55:13,839] Trial 1 finished with value: 0.11293250322341919 and parameters: {'gradient_clip_val': 0.38825690448506034, 'hidden_size': 13, 'dropout': 0.2636024412382322, 'hidden_continuous_size': 9, 'attention_head_size': 1, 'learning_rate': 0.06401646356498114}. Best is trial 1 with value: 0.11293250322341919.
[I 2023-12-27 10:55:23,088] Trial 2 finished with value: 2.4329183101654053 and parameters: {'gradient_clip_val': 0.7009702205828823, 'hidden_size': 15, 'dropout': 0.1921874334029468, 'hidden_continuous_size': 6, 'attention_head_size': 4, 'learning_rate': 0.0032809955961849687}. Best is trial 1 with value: 0.11293250322341919.
[I 2023-12-27 10:55:23,416] Trial 3 finished with value: 3.736135482788086 and parameters: {'gradient_clip_val': 0.722705299618125, 'hidden_size': 5, 'dropout': 0.3853147961997496, 'hidden_continuous_size': 5, 'attention_head_size': 3, 'learning_rate': 0.02066564176262683}. Best is trial 1 with value: 0.11293250322341919.
[I 2023-12-27 10:55:23,803] Trial 4 finished with value: 2.813560724258423 and parameters: {'gradient_clip_val': 0.28100524827631906, 'hidden_size': 49, 'dropout': 0.4127941786720656, 'hidden_continuous_size': 11, 'attention_head_size': 3, 'learning_rate': 0.0037957550083118578}. Best is trial 1 with value: 0.11293250322341919.
[I 2023-12-27 10:55:24,150] Trial 5 finished with value: 2.982525587081909 and parameters: {'gradient_clip_val': 0.7345229624847913, 'hidden_size': 14, 'dropout': 0.217248398114832, 'hidden_continuous_size': 10, 'attention_head_size': 1, 'learning_rate': 0.041116804702139576}. Best is trial 1 with value: 0.11293250322341919.
[I 2023-12-27 10:55:24,488] Trial 6 finished with value: 3.016369581222534 and parameters: {'gradient_clip_val': 0.6141455528666018, 'hidden_size': 6, 'dropout': 0.2643423883165031, 'hidden_continuous_size': 5, 'attention_head_size': 4, 'learning_rate': 0.004409040655193023}. Best is trial 1 with value: 0.11293250322341919.
[I 2023-12-27 10:55:24,927] Trial 7 finished with value: 5.178467750549316 and parameters: {'gradient_clip_val': 0.533587396603405, 'hidden_size': 77, 'dropout': 0.47328311534179435, 'hidden_continuous_size': 13, 'attention_head_size': 1, 'learning_rate': 0.018985406537733257}. Best is trial 1 with value: 0.11293250322341919.
[I 2023-12-27 10:55:25,274] Trial 8 finished with value: 3.5024452209472656 and parameters: {'gradient_clip_val': 0.2132599598156668, 'hidden_size': 12, 'dropout': 0.4267203793696418, 'hidden_continuous_size': 9, 'attention_head_size': 3, 'learning_rate': 0.0006328470051744515}. Best is trial 1 with value: 0.11293250322341919.
[I 2023-12-27 10:55:25,662] Trial 9 finished with value: 3.3685998916625977 and parameters: {'gradient_clip_val': 0.8040839792143155, 'hidden_size': 49, 'dropout': 0.36790567428626764, 'hidden_continuous_size': 17, 'attention_head_size': 2, 'learning_rate': 0.008185500979898855}. Best is trial 1 with value: 0.11293250322341919.
[I 2023-12-27 10:55:26,190] Trial 10 finished with value: 2.9720888137817383 and parameters: {'gradient_clip_val': 0.1111979784024942, 'hidden_size': 124, 'dropout': 0.1011229820711711, 'hidden_continuous_size': 36, 'attention_head_size': 2, 'learning_rate': 0.06218733218938819}. Best is trial 1 with value: 0.11293250322341919.
[I 2023-12-27 10:55:26,568] Trial 11 finished with value: 3.549849271774292 and parameters: {'gradient_clip_val': 0.38459628356330844, 'hidden_size': 27, 'dropout': 0.3166021967107675, 'hidden_continuous_size': 7, 'attention_head_size': 1, 'learning_rate': 0.09248470636369405}. Best is trial 1 with value: 0.11293250322341919.
[I 2023-12-27 10:55:26,941] Trial 12 finished with value: 2.1658318042755127 and parameters: {'gradient_clip_val': 0.17837942197233445, 'hidden_size': 25, 'dropout': 0.2858403079658099, 'hidden_continuous_size': 7, 'attention_head_size': 2, 'learning_rate': 0.0005587213398424263}. Best is trial 1 with value: 0.11293250322341919.
[I 2023-12-27 10:55:27,306] Trial 13 finished with value: 3.190542221069336 and parameters: {'gradient_clip_val': 0.3959451334071147, 'hidden_size': 9, 'dropout': 0.3104744848392771, 'hidden_continuous_size': 6, 'attention_head_size': 2, 'learning_rate': 0.001294060629468436}. Best is trial 1 with value: 0.11293250322341919.
[I 2023-12-27 10:55:27,882] Trial 14 finished with value: 3.0958335399627686 and parameters: {'gradient_clip_val': 0.26217996572995694, 'hidden_size': 25, 'dropout': 0.2834059961322324, 'hidden_continuous_size': 8, 'attention_head_size': 1, 'learning_rate': 0.0013880818972994995}. Best is trial 1 with value: 0.11293250322341919.
[I 2023-12-27 10:55:28,259] Trial 15 finished with value: 3.540452241897583 and parameters: {'gradient_clip_val': 0.16296083458451052, 'hidden_size': 8, 'dropout': 0.3418385806000581, 'hidden_continuous_size': 6, 'attention_head_size': 2, 'learning_rate': 0.015097770212776687}. Best is trial 1 with value: 0.11293250322341919.
[I 2023-12-27 10:55:28,628] Trial 16 finished with value: 3.0702412128448486 and parameters: {'gradient_clip_val': 0.36641735629290906, 'hidden_size': 19, 'dropout': 0.2672971256574856, 'hidden_continuous_size': 8, 'attention_head_size': 1, 'learning_rate': 0.045382641678584}. Best is trial 1 with value: 0.11293250322341919.
[I 2023-12-27 10:55:29,028] Trial 17 finished with value: 3.0522072315216064 and parameters: {'gradient_clip_val': 0.5018766177239118, 'hidden_size': 31, 'dropout': 0.34324142393347384, 'hidden_continuous_size': 13, 'attention_head_size': 2, 'learning_rate': 0.007088464771486602}. Best is trial 1 with value: 0.11293250322341919.
[I 2023-12-27 10:55:29,398] Trial 18 finished with value: 3.123441457748413 and parameters: {'gradient_clip_val': 0.9109626990423196, 'hidden_size': 11, 'dropout': 0.26060926828077136, 'hidden_continuous_size': 7, 'attention_head_size': 1, 'learning_rate': 0.02784345592762867}. Best is trial 1 with value: 0.11293250322341919.
[I 2023-12-27 10:55:29,769] Trial 19 finished with value: 2.9472169876098633 and parameters: {'gradient_clip_val': 0.3117834402389088, 'hidden_size': 8, 'dropout': 0.1756944444593975, 'hidden_continuous_size': 5, 'attention_head_size': 2, 'learning_rate': 0.09523226607288719}. Best is trial 1 with value: 0.11293250322341919.
[I 2023-12-27 10:55:30,134] Trial 20 finished with value: 2.841097831726074 and parameters: {'gradient_clip_val': 0.23482005636142075, 'hidden_size': 17, 'dropout': 0.23726671893726256, 'hidden_continuous_size': 7, 'attention_head_size': 3, 'learning_rate': 0.010327729792545093}. Best is trial 1 with value: 0.11293250322341919.
[I 2023-12-27 10:55:30,528] Trial 21 finished with value: 3.3933372497558594 and parameters: {'gradient_clip_val': 0.17787964444564544, 'hidden_size': 21, 'dropout': 0.22416013173824134, 'hidden_continuous_size': 5, 'attention_head_size': 4, 'learning_rate': 0.0005397439241678242}. Best is trial 1 with value: 0.11293250322341919.
[I 2023-12-27 10:55:30,924] Trial 22 finished with value: 4.041728496551514 and parameters: {'gradient_clip_val': 0.13940372155339387, 'hidden_size': 33, 'dropout': 0.2975928336186265, 'hidden_continuous_size': 9, 'attention_head_size': 3, 'learning_rate': 0.0008649310344144972}. Best is trial 1 with value: 0.11293250322341919.
[I 2023-12-27 10:55:31,304] Trial 23 finished with value: 4.421294689178467 and parameters: {'gradient_clip_val': 0.2072046369527287, 'hidden_size': 18, 'dropout': 0.1773373041840469, 'hidden_continuous_size': 6, 'attention_head_size': 4, 'learning_rate': 0.0020939312593333476}. Best is trial 1 with value: 0.11293250322341919.
[I 2023-12-27 10:55:31,682] Trial 24 finished with value: 3.0291903018951416 and parameters: {'gradient_clip_val': 0.10763979846855845, 'hidden_size': 22, 'dropout': 0.2478132119550085, 'hidden_continuous_size': 6, 'attention_head_size': 2, 'learning_rate': 0.0009051381207895636}. Best is trial 1 with value: 0.11293250322341919.
[I 2023-12-27 10:55:32,063] Trial 25 finished with value: 3.282773733139038 and parameters: {'gradient_clip_val': 0.14221014115557226, 'hidden_size': 12, 'dropout': 0.2866134676990156, 'hidden_continuous_size': 5, 'attention_head_size': 3, 'learning_rate': 0.0018358615217870559}. Best is trial 1 with value: 0.11293250322341919.
[I 2023-12-27 10:55:32,451] Trial 26 finished with value: 2.795686721801758 and parameters: {'gradient_clip_val': 0.1910829155935462, 'hidden_size': 38, 'dropout': 0.2219563454024335, 'hidden_continuous_size': 11, 'attention_head_size': 1, 'learning_rate': 0.0005926597359479859}. Best is trial 1 with value: 0.11293250322341919.
[I 2023-12-27 10:55:33,066] Trial 27 finished with value: 3.3426029682159424 and parameters: {'gradient_clip_val': 0.2813669000208792, 'hidden_size': 23, 'dropout': 0.3267583977526103, 'hidden_continuous_size': 7, 'attention_head_size': 4, 'learning_rate': 0.0005167330561757665}. Best is trial 1 with value: 0.11293250322341919.
