[I 2023-12-26 16:57:50,761] Trial 16 finished with value: 56.896419525146484 and parameters: {'gradient_clip_val': 0.4595802623178151, 'hidden_size': 35, 'dropout': 0.3949194217926958, 'hidden_continuous_size': 13, 'attention_head_size': 1, 'learning_rate': 0.0015596319408296895}. Best is trial 1 with value: 17.826356887817383.
[I 2023-12-26 16:57:52,880] Trial 17 finished with value: 62.99885940551758 and parameters: {'gradient_clip_val': 0.2510978337878305, 'hidden_size': 19, 'dropout': 0.44446134231256273, 'hidden_continuous_size': 8, 'attention_head_size': 3, 'learning_rate': 0.00063605901816081}. Best is trial 1 with value: 17.826356887817383.
[I 2023-12-26 16:57:54,575] Trial 18 finished with value: 56.542266845703125 and parameters: {'gradient_clip_val': 0.15943363973975969, 'hidden_size': 5, 'dropout': 0.2673238341872451, 'hidden_continuous_size': 5, 'attention_head_size': 2, 'learning_rate': 0.004257086722222237}. Best is trial 1 with value: 17.826356887817383.
[I 2023-12-26 16:57:56,441] Trial 19 finished with value: 57.50068283081055 and parameters: {'gradient_clip_val': 0.2975992955219759, 'hidden_size': 8, 'dropout': 0.3784893969792457, 'hidden_continuous_size': 5, 'attention_head_size': 4, 'learning_rate': 0.0016236823600858537}. Best is trial 1 with value: 17.826356887817383.
[I 2023-12-26 16:58:05,038] Trial 20 finished with value: 49.517425537109375 and parameters: {'gradient_clip_val': 0.10216872500359593, 'hidden_size': 147, 'dropout': 0.4610458022415521, 'hidden_continuous_size': 13, 'attention_head_size': 1, 'learning_rate': 0.005125147366716743}. Best is trial 1 with value: 17.826356887817383.
[I 2023-12-26 16:58:06,990] Trial 21 finished with value: 49.60963821411133 and parameters: {'gradient_clip_val': 0.21354757991727633, 'hidden_size': 10, 'dropout': 0.4940199012573959, 'hidden_continuous_size': 6, 'attention_head_size': 2, 'learning_rate': 0.002354626397252601}. Best is trial 1 with value: 17.826356887817383.
[I 2023-12-26 16:58:09,085] Trial 22 finished with value: 50.403900146484375 and parameters: {'gradient_clip_val': 0.2383301225781197, 'hidden_size': 19, 'dropout': 0.49776888454874624, 'hidden_continuous_size': 7, 'attention_head_size': 2, 'learning_rate': 0.0022343334990759865}. Best is trial 1 with value: 17.826356887817383.
[I 2023-12-26 16:58:10,978] Trial 23 finished with value: 59.96944808959961 and parameters: {'gradient_clip_val': 0.17996928711234939, 'hidden_size': 16, 'dropout': 0.431961634757364, 'hidden_continuous_size': 7, 'attention_head_size': 2, 'learning_rate': 0.0011724794985009596}. Best is trial 1 with value: 17.826356887817383.
[I 2023-12-26 16:58:12,987] Trial 24 finished with value: 49.827911376953125 and parameters: {'gradient_clip_val': 0.22378098497927182, 'hidden_size': 10, 'dropout': 0.45415514398790907, 'hidden_continuous_size': 6, 'attention_head_size': 3, 'learning_rate': 0.000963226891846948}. Best is trial 1 with value: 17.826356887817383.
[I 2023-12-26 16:58:14,694] Trial 25 finished with value: 48.906681060791016 and parameters: {'gradient_clip_val': 0.28888012297883914, 'hidden_size': 5, 'dropout': 0.41718413064987625, 'hidden_continuous_size': 5, 'attention_head_size': 2, 'learning_rate': 0.0022716083496888534}. Best is trial 1 with value: 17.826356887817383.
[I 2023-12-26 16:58:16,900] Trial 26 finished with value: 53.53428268432617 and parameters: {'gradient_clip_val': 0.21051021024649574, 'hidden_size': 13, 'dropout': 0.4713697484602461, 'hidden_continuous_size': 7, 'attention_head_size': 1, 'learning_rate': 0.0005048533586153521}. Best is trial 1 with value: 17.826356887817383.
[I 2023-12-26 16:58:19,045] Trial 27 finished with value: 57.627685546875 and parameters: {'gradient_clip_val': 0.36086491090118183, 'hidden_size': 24, 'dropout': 0.3645692019716792, 'hidden_continuous_size': 9, 'attention_head_size': 3, 'learning_rate': 0.005377910635361295}. Best is trial 1 with value: 17.826356887817383.
[I 2023-12-26 16:58:20,928] Trial 28 finished with value: 45.73434066772461 and parameters: {'gradient_clip_val': 0.259926023594162, 'hidden_size': 7, 'dropout': 0.3971784705741823, 'hidden_continuous_size': 5, 'attention_head_size': 2, 'learning_rate': 0.0034588013231954848}. Best is trial 1 with value: 17.826356887817383.
[I 2023-12-26 16:58:23,383] Trial 29 finished with value: 61.68804931640625 and parameters: {'gradient_clip_val': 0.2881052079212918, 'hidden_size': 34, 'dropout': 0.4174950830904548, 'hidden_continuous_size': 11, 'attention_head_size': 2, 'learning_rate': 0.007410441249785297}. Best is trial 1 with value: 17.826356887817383.
[I 2023-12-26 16:58:25,413] Trial 30 finished with value: 52.39973831176758 and parameters: {'gradient_clip_val': 0.1646771958545094, 'hidden_size': 14, 'dropout': 0.3786430914258808, 'hidden_continuous_size': 8, 'attention_head_size': 2, 'learning_rate': 0.0008508780531248897}. Best is trial 1 with value: 17.826356887817383.
[I 2023-12-26 16:58:28,078] Trial 31 finished with value: 48.624149322509766 and parameters: {'gradient_clip_val': 0.34845366131838346, 'hidden_size': 39, 'dropout': 0.35466285398392405, 'hidden_continuous_size': 19, 'attention_head_size': 2, 'learning_rate': 0.010250942569116583}. Best is trial 1 with value: 17.826356887817383.
[I 2023-12-26 16:58:30,375] Trial 32 finished with value: 52.79253005981445 and parameters: {'gradient_clip_val': 0.21945999986972792, 'hidden_size': 25, 'dropout': 0.4481014010485885, 'hidden_continuous_size': 17, 'attention_head_size': 2, 'learning_rate': 0.009546869852214247}. Best is trial 1 with value: 17.826356887817383.
[I 2023-12-26 16:58:33,169] Trial 33 finished with value: 49.573299407958984 and parameters: {'gradient_clip_val': 0.13934973497841957, 'hidden_size': 42, 'dropout': 0.3253950955608087, 'hidden_continuous_size': 22, 'attention_head_size': 3, 'learning_rate': 0.0013189752012471617}. Best is trial 1 with value: 17.826356887817383.
[I 2023-12-26 16:58:35,543] Trial 34 finished with value: 51.01274108886719 and parameters: {'gradient_clip_val': 0.3202179904190115, 'hidden_size': 29, 'dropout': 0.41107370871774274, 'hidden_continuous_size': 12, 'attention_head_size': 1, 'learning_rate': 0.0019429000802741636}. Best is trial 1 with value: 17.826356887817383.
[I 2023-12-26 16:58:38,484] Trial 35 finished with value: 59.41622543334961 and parameters: {'gradient_clip_val': 0.4301178109272328, 'hidden_size': 49, 'dropout': 0.441743067555142, 'hidden_continuous_size': 25, 'attention_head_size': 4, 'learning_rate': 0.002495685109701799}. Best is trial 1 with value: 17.826356887817383.
[I 2023-12-26 16:58:40,671] Trial 36 finished with value: 45.486785888671875 and parameters: {'gradient_clip_val': 0.268667097878927, 'hidden_size': 22, 'dropout': 0.474472959684343, 'hidden_continuous_size': 11, 'attention_head_size': 2, 'learning_rate': 0.00620474659061451}. Best is trial 1 with value: 17.826356887817383.
[I 2023-12-26 16:58:44,079] Trial 37 finished with value: 38.06273651123047 and parameters: {'gradient_clip_val': 0.3995161432179968, 'hidden_size': 60, 'dropout': 0.37729650395894826, 'hidden_continuous_size': 29, 'attention_head_size': 4, 'learning_rate': 0.004302791275808523}. Best is trial 1 with value: 17.826356887817383.
[I 2023-12-26 16:58:47,937] Trial 38 finished with value: 44.912899017333984 and parameters: {'gradient_clip_val': 0.39600523628856416, 'hidden_size': 65, 'dropout': 0.3241823836005579, 'hidden_continuous_size': 27, 'attention_head_size': 4, 'learning_rate': 0.0037475919578235646}. Best is trial 1 with value: 17.826356887817383.
[I 2023-12-26 16:58:52,395] Trial 39 finished with value: 48.172603607177734 and parameters: {'gradient_clip_val': 0.5670044382479866, 'hidden_size': 78, 'dropout': 0.3731130265304127, 'hidden_continuous_size': 39, 'attention_head_size': 4, 'learning_rate': 0.0017784134796768175}. Best is trial 1 with value: 17.826356887817383.
[I 2023-12-26 16:58:55,446] Trial 40 finished with value: 60.7979736328125 and parameters: {'gradient_clip_val': 0.3174262969733895, 'hidden_size': 56, 'dropout': 0.3939322048902709, 'hidden_continuous_size': 17, 'attention_head_size': 4, 'learning_rate': 0.0013140460862963704}. Best is trial 1 with value: 17.826356887817383.
[I 2023-12-26 16:58:57,953] Trial 41 finished with value: 61.50859451293945 and parameters: {'gradient_clip_val': 0.23302491758270918, 'hidden_size': 31, 'dropout': 0.3483818972977094, 'hidden_continuous_size': 14, 'attention_head_size': 3, 'learning_rate': 0.004502631961758038}. Best is trial 1 with value: 17.826356887817383.
[I 2023-12-26 16:59:00,837] Trial 42 finished with value: 47.624847412109375 and parameters: {'gradient_clip_val': 0.2740993038804966, 'hidden_size': 44, 'dropout': 0.4317126708209727, 'hidden_continuous_size': 29, 'attention_head_size': 4, 'learning_rate': 0.002708922869876919}. Best is trial 1 with value: 17.826356887817383.
[I 2023-12-26 16:59:03,210] Trial 43 finished with value: 49.02139663696289 and parameters: {'gradient_clip_val': 0.5304850050954517, 'hidden_size': 26, 'dropout': 0.4823437094035644, 'hidden_continuous_size': 19, 'attention_head_size': 4, 'learning_rate': 0.003056780228098231}. Best is trial 1 with value: 17.826356887817383.
[I 2023-12-26 16:59:04,948] Trial 44 finished with value: 58.72846984863281 and parameters: {'gradient_clip_val': 0.1889542458899748, 'hidden_size': 6, 'dropout': 0.460804818503637, 'hidden_continuous_size': 6, 'attention_head_size': 2, 'learning_rate': 0.006580006363676521}. Best is trial 1 with value: 17.826356887817383.
[I 2023-12-26 16:59:07,543] Trial 45 finished with value: 51.109195709228516 and parameters: {'gradient_clip_val': 0.4029039043217008, 'hidden_size': 38, 'dropout': 0.4807739910372217, 'hidden_continuous_size': 14, 'attention_head_size': 3, 'learning_rate': 0.0018526734251822353}. Best is trial 1 with value: 17.826356887817383.
[I 2023-12-26 16:59:10,088] Trial 46 finished with value: 43.23245620727539 and parameters: {'gradient_clip_val': 0.32935136013518723, 'hidden_size': 34, 'dropout': 0.3858497447494332, 'hidden_continuous_size': 21, 'attention_head_size': 3, 'learning_rate': 0.012640775142536002}. Best is trial 1 with value: 17.826356887817383.
[I 2023-12-26 16:59:13,095] Trial 47 finished with value: 47.95362854003906 and parameters: {'gradient_clip_val': 0.24242143759508672, 'hidden_size': 52, 'dropout': 0.40807502094398057, 'hidden_continuous_size': 30, 'attention_head_size': 1, 'learning_rate': 0.028335771595199958}. Best is trial 1 with value: 17.826356887817383.
[I 2023-12-26 16:59:15,275] Trial 48 finished with value: 61.15814208984375 and parameters: {'gradient_clip_val': 0.2910486836066337, 'hidden_size': 21, 'dropout': 0.36013104257628925, 'hidden_continuous_size': 16, 'attention_head_size': 2, 'learning_rate': 0.0041136365616083635}. Best is trial 1 with value: 17.826356887817383.
[I 2023-12-26 16:59:17,655] Trial 49 finished with value: 47.87997817993164 and parameters: {'gradient_clip_val': 0.2007904308990383, 'hidden_size': 15, 'dropout': 0.43009301461089144, 'hidden_continuous_size': 10, 'attention_head_size': 4, 'learning_rate': 0.003007023219919783}. Best is trial 1 with value: 17.826356887817383.
[I 2023-12-26 16:59:17,782] A new study created in memory with name: no-name-2a857f03-02ce-42f3-82ff-961caf32f3be
/home/le004/conda/anaconda3/envs/tsff_env/lib/python3.9/site-packages/lightning/fabric/plugins/environments/slurm.py:191: The `srun` command is available on your system but is not used. HINT: If your intention is to run Lightning on SLURM, prepend your python command with `srun` like so: srun python /home/le004/master_thesis/git/TSFusionForecast/code/ ...
[I 2023-12-26 17:02:07,695] Trial 0 finished with value: 81.62310791015625 and parameters: {'gradient_clip_val': 0.457448142156236, 'hidden_size': 12, 'dropout': 0.4258921411890836, 'hidden_continuous_size': 9, 'attention_head_size': 2, 'learning_rate': 0.0034752487846806592}. Best is trial 0 with value: 81.62310791015625.
[I 2023-12-26 17:02:14,208] Trial 1 finished with value: 361.0889892578125 and parameters: {'gradient_clip_val': 0.2549453950829635, 'hidden_size': 78, 'dropout': 0.20110231991077115, 'hidden_continuous_size': 9, 'attention_head_size': 4, 'learning_rate': 0.007311460821188233}. Best is trial 0 with value: 81.62310791015625.
[I 2023-12-26 17:02:16,656] Trial 2 finished with value: 309.4151306152344 and parameters: {'gradient_clip_val': 0.2375420384551007, 'hidden_size': 16, 'dropout': 0.4549980048463753, 'hidden_continuous_size': 6, 'attention_head_size': 3, 'learning_rate': 0.0018106111625656766}. Best is trial 0 with value: 81.62310791015625.
[I 2023-12-26 17:02:19,248] Trial 3 finished with value: 331.6741943359375 and parameters: {'gradient_clip_val': 0.1109611046707571, 'hidden_size': 17, 'dropout': 0.2945173939587409, 'hidden_continuous_size': 10, 'attention_head_size': 3, 'learning_rate': 0.0006938802179125723}. Best is trial 0 with value: 81.62310791015625.
[I 2023-12-26 17:02:31,637] Trial 4 finished with value: 171.3636016845703 and parameters: {'gradient_clip_val': 0.1579517890649793, 'hidden_size': 146, 'dropout': 0.3886386999927721, 'hidden_continuous_size': 41, 'attention_head_size': 4, 'learning_rate': 0.010529932370203785}. Best is trial 0 with value: 81.62310791015625.
[I 2023-12-26 17:02:35,162] Trial 5 finished with value: 162.96987915039062 and parameters: {'gradient_clip_val': 0.522045614229477, 'hidden_size': 34, 'dropout': 0.4229844609536938, 'hidden_continuous_size': 15, 'attention_head_size': 4, 'learning_rate': 0.010452844019791277}. Best is trial 0 with value: 81.62310791015625.
[I 2023-12-26 17:02:39,055] Trial 6 finished with value: 321.246337890625 and parameters: {'gradient_clip_val': 0.12692797875996983, 'hidden_size': 37, 'dropout': 0.27223447878697327, 'hidden_continuous_size': 33, 'attention_head_size': 3, 'learning_rate': 0.0006436626749769495}. Best is trial 0 with value: 81.62310791015625.
[I 2023-12-26 17:02:41,399] Trial 7 finished with value: 281.3338317871094 and parameters: {'gradient_clip_val': 0.7605995829851453, 'hidden_size': 7, 'dropout': 0.38294573020999745, 'hidden_continuous_size': 6, 'attention_head_size': 2, 'learning_rate': 0.0011238884919023888}. Best is trial 0 with value: 81.62310791015625.
[I 2023-12-26 17:02:44,867] Trial 8 finished with value: 411.1296691894531 and parameters: {'gradient_clip_val': 0.2706164564561652, 'hidden_size': 31, 'dropout': 0.2824532862637933, 'hidden_continuous_size': 27, 'attention_head_size': 3, 'learning_rate': 0.00309525325668182}. Best is trial 0 with value: 81.62310791015625.
[I 2023-12-26 17:02:47,456] Trial 9 finished with value: 318.7195129394531 and parameters: {'gradient_clip_val': 0.8812344201295311, 'hidden_size': 13, 'dropout': 0.33525250411452917, 'hidden_continuous_size': 12, 'attention_head_size': 3, 'learning_rate': 0.0007051566006895111}. Best is trial 0 with value: 81.62310791015625.
[I 2023-12-26 17:02:49,547] Trial 10 finished with value: 268.0616149902344 and parameters: {'gradient_clip_val': 0.4592994698004465, 'hidden_size': 5, 'dropout': 0.4957393063066461, 'hidden_continuous_size': 5, 'attention_head_size': 1, 'learning_rate': 0.0939066272981737}. Best is trial 0 with value: 81.62310791015625.
[I 2023-12-26 17:02:53,547] Trial 11 finished with value: 306.7937927246094 and parameters: {'gradient_clip_val': 0.4922651100518217, 'hidden_size': 43, 'dropout': 0.4378838555487523, 'hidden_continuous_size': 17, 'attention_head_size': 1, 'learning_rate': 0.01639320662624781}. Best is trial 0 with value: 81.62310791015625.
[I 2023-12-26 17:02:56,454] Trial 12 finished with value: 190.1468505859375 and parameters: {'gradient_clip_val': 0.4740509910522381, 'hidden_size': 22, 'dropout': 0.10233704666802035, 'hidden_continuous_size': 13, 'attention_head_size': 2, 'learning_rate': 0.003488632509058538}. Best is trial 0 with value: 81.62310791015625.
[I 2023-12-26 17:02:58,881] Trial 13 finished with value: 177.89697265625 and parameters: {'gradient_clip_val': 0.6283622295955184, 'hidden_size': 10, 'dropout': 0.49477124919387944, 'hidden_continuous_size': 7, 'attention_head_size': 2, 'learning_rate': 0.02169934035644217}. Best is trial 0 with value: 81.62310791015625.
[I 2023-12-26 17:03:01,429] Trial 14 finished with value: 344.4645080566406 and parameters: {'gradient_clip_val': 0.36232730476114516, 'hidden_size': 10, 'dropout': 0.40611084194468494, 'hidden_continuous_size': 5, 'attention_head_size': 4, 'learning_rate': 0.004150843642510234}. Best is trial 0 with value: 81.62310791015625.
[I 2023-12-26 17:03:04,397] Trial 15 finished with value: 290.5455017089844 and parameters: {'gradient_clip_val': 0.6494141876500024, 'hidden_size': 25, 'dropout': 0.35107814462447695, 'hidden_continuous_size': 8, 'attention_head_size': 2, 'learning_rate': 0.0018033211654654934}. Best is trial 0 with value: 81.62310791015625.
[I 2023-12-26 17:03:09,341] Trial 16 finished with value: 286.3788757324219 and parameters: {'gradient_clip_val': 0.9782663368021322, 'hidden_size': 50, 'dropout': 0.4392443801362421, 'hidden_continuous_size': 19, 'attention_head_size': 1, 'learning_rate': 0.006789102400890169}. Best is trial 0 with value: 81.62310791015625.
[I 2023-12-26 17:03:12,365] Trial 17 finished with value: 387.3853454589844 and parameters: {'gradient_clip_val': 0.3289127668791522, 'hidden_size': 22, 'dropout': 0.3445461255652943, 'hidden_continuous_size': 11, 'attention_head_size': 4, 'learning_rate': 0.026038419012684732}. Best is trial 0 with value: 81.62310791015625.
[I 2023-12-26 17:03:17,711] Trial 18 finished with value: 241.9532928466797 and parameters: {'gradient_clip_val': 0.5769517309244637, 'hidden_size': 59, 'dropout': 0.4247661157419942, 'hidden_continuous_size': 21, 'attention_head_size': 2, 'learning_rate': 0.005080328099355276}. Best is trial 0 with value: 81.62310791015625.
[I 2023-12-26 17:03:21,081] Trial 19 finished with value: 285.6345520019531 and parameters: {'gradient_clip_val': 0.4340155301591089, 'hidden_size': 30, 'dropout': 0.4630224085175033, 'hidden_continuous_size': 15, 'attention_head_size': 1, 'learning_rate': 0.012558890579538308}. Best is trial 0 with value: 81.62310791015625.
[I 2023-12-26 17:03:23,765] Trial 20 finished with value: 292.7683410644531 and parameters: {'gradient_clip_val': 0.7570013174675448, 'hidden_size': 17, 'dropout': 0.38914872890616425, 'hidden_continuous_size': 9, 'attention_head_size': 4, 'learning_rate': 0.03310584410512519}. Best is trial 0 with value: 81.62310791015625.
[I 2023-12-26 17:03:35,428] Trial 21 finished with value: 340.160888671875 and parameters: {'gradient_clip_val': 0.1827299768884369, 'hidden_size': 138, 'dropout': 0.39552053561030104, 'hidden_continuous_size': 50, 'attention_head_size': 4, 'learning_rate': 0.0104927692842307}. Best is trial 0 with value: 81.62310791015625.
[I 2023-12-26 17:03:47,826] Trial 22 finished with value: 386.7964782714844 and parameters: {'gradient_clip_val': 0.3733150707174951, 'hidden_size': 144, 'dropout': 0.36943504005614164, 'hidden_continuous_size': 69, 'attention_head_size': 4, 'learning_rate': 0.009832150917840551}. Best is trial 0 with value: 81.62310791015625.
[I 2023-12-26 17:03:56,163] Trial 23 finished with value: 306.2845153808594 and parameters: {'gradient_clip_val': 0.16654576039488392, 'hidden_size': 100, 'dropout': 0.41335059683079495, 'hidden_continuous_size': 27, 'attention_head_size': 3, 'learning_rate': 0.0069101184322243655}. Best is trial 0 with value: 81.62310791015625.
[I 2023-12-26 17:04:02,959] Trial 24 finished with value: 416.6299743652344 and parameters: {'gradient_clip_val': 0.3183551584019738, 'hidden_size': 80, 'dropout': 0.4674472673938944, 'hidden_continuous_size': 15, 'attention_head_size': 4, 'learning_rate': 0.0022831841736437974}. Best is trial 0 with value: 81.62310791015625.
[I 2023-12-26 17:04:07,597] Trial 25 finished with value: 277.3539123535156 and parameters: {'gradient_clip_val': 0.38903960592109377, 'hidden_size': 51, 'dropout': 0.41724130369595985, 'hidden_continuous_size': 14, 'attention_head_size': 3, 'learning_rate': 0.004796599776404}. Best is trial 0 with value: 81.62310791015625.
[I 2023-12-26 17:04:11,474] Trial 26 finished with value: 325.1643981933594 and parameters: {'gradient_clip_val': 0.5437720208469662, 'hidden_size': 38, 'dropout': 0.36839849423176635, 'hidden_continuous_size': 11, 'attention_head_size': 2, 'learning_rate': 0.015077481994814306}. Best is trial 0 with value: 81.62310791015625.
[I 2023-12-26 17:04:16,876] Trial 27 finished with value: 199.24871826171875 and parameters: {'gradient_clip_val': 0.4201851893418831, 'hidden_size': 61, 'dropout': 0.320699365876004, 'hidden_continuous_size': 22, 'attention_head_size': 4, 'learning_rate': 0.008722529282500367}. Best is trial 0 with value: 81.62310791015625.
[I 2023-12-26 17:04:27,000] Trial 28 finished with value: 345.2527160644531 and parameters: {'gradient_clip_val': 0.3051409722144143, 'hidden_size': 103, 'dropout': 0.43489686084706186, 'hidden_continuous_size': 96, 'attention_head_size': 3, 'learning_rate': 0.00289490929628729}. Best is trial 0 with value: 81.62310791015625.
[I 2023-12-26 17:04:33,567] Trial 29 finished with value: 282.5259704589844 and parameters: {'gradient_clip_val': 0.25310529639897256, 'hidden_size': 76, 'dropout': 0.39053550311778096, 'hidden_continuous_size': 8, 'attention_head_size': 4, 'learning_rate': 0.006331821520508567}. Best is trial 0 with value: 81.62310791015625.
[I 2023-12-26 17:04:37,130] Trial 30 finished with value: 281.2297058105469 and parameters: {'gradient_clip_val': 0.5018829254473209, 'hidden_size': 34, 'dropout': 0.3183501433108731, 'hidden_continuous_size': 12, 'attention_head_size': 4, 'learning_rate': 0.005370313202226284}. Best is trial 0 with value: 81.62310791015625.
