[I 2023-12-16 07:19:29,825] Trial 33 finished with value: 0.1776285171508789 and parameters: {'gradient_clip_val': 0.1924287968319038, 'hidden_size': 12, 'dropout': 0.27428414782747346, 'hidden_continuous_size': 11, 'attention_head_size': 4, 'learning_rate': 0.011846299564533003}. Best is trial 7 with value: 0.06925345212221146.
LOCAL_RANK: 0 - CUDA_VISIBLE_DEVICES: [0]
[I 2023-12-16 07:20:15,957] Trial 34 finished with value: 0.7065680623054504 and parameters: {'gradient_clip_val': 0.2069038678449075, 'hidden_size': 11, 'dropout': 0.2687757978713992, 'hidden_continuous_size': 8, 'attention_head_size': 1, 'learning_rate': 0.011896424124620088}. Best is trial 7 with value: 0.06925345212221146.
LOCAL_RANK: 0 - CUDA_VISIBLE_DEVICES: [0]
[I 2023-12-16 07:21:02,879] Trial 35 finished with value: 1.2935229539871216 and parameters: {'gradient_clip_val': 0.18913249743551508, 'hidden_size': 9, 'dropout': 0.24074434607239467, 'hidden_continuous_size': 8, 'attention_head_size': 3, 'learning_rate': 0.005164964293393231}. Best is trial 7 with value: 0.06925345212221146.
LOCAL_RANK: 0 - CUDA_VISIBLE_DEVICES: [0]
[I 2023-12-16 07:21:48,537] Trial 36 finished with value: 1.5989655256271362 and parameters: {'gradient_clip_val': 0.22065452962067136, 'hidden_size': 12, 'dropout': 0.2159581709678321, 'hidden_continuous_size': 9, 'attention_head_size': 2, 'learning_rate': 0.009429179330059037}. Best is trial 7 with value: 0.06925345212221146.
LOCAL_RANK: 0 - CUDA_VISIBLE_DEVICES: [0]
[I 2023-12-16 07:22:36,360] Trial 37 finished with value: 1.240124225616455 and parameters: {'gradient_clip_val': 0.2672763226211458, 'hidden_size': 14, 'dropout': 0.2754038289714198, 'hidden_continuous_size': 10, 'attention_head_size': 4, 'learning_rate': 0.007220451095895662}. Best is trial 7 with value: 0.06925345212221146.
LOCAL_RANK: 0 - CUDA_VISIBLE_DEVICES: [0]
[I 2023-12-16 07:23:23,737] Trial 38 finished with value: 0.33378681540489197 and parameters: {'gradient_clip_val': 0.34206224963505094, 'hidden_size': 11, 'dropout': 0.31705806334286446, 'hidden_continuous_size': 9, 'attention_head_size': 3, 'learning_rate': 0.012365531406018796}. Best is trial 7 with value: 0.06925345212221146.
LOCAL_RANK: 0 - CUDA_VISIBLE_DEVICES: [0]
[I 2023-12-16 07:24:09,876] Trial 39 finished with value: 1.2362161874771118 and parameters: {'gradient_clip_val': 0.15446664172458122, 'hidden_size': 9, 'dropout': 0.25089724661401347, 'hidden_continuous_size': 8, 'attention_head_size': 1, 'learning_rate': 0.004895877091590093}. Best is trial 7 with value: 0.06925345212221146.
LOCAL_RANK: 0 - CUDA_VISIBLE_DEVICES: [0]
[I 2023-12-16 07:25:04,273] Trial 40 finished with value: 2.9647350311279297 and parameters: {'gradient_clip_val': 0.2332002244782786, 'hidden_size': 65, 'dropout': 0.1664566864243112, 'hidden_continuous_size': 19, 'attention_head_size': 2, 'learning_rate': 0.00862015216474123}. Best is trial 7 with value: 0.06925345212221146.
LOCAL_RANK: 0 - CUDA_VISIBLE_DEVICES: [0]
[I 2023-12-16 07:25:51,866] Trial 41 finished with value: 2.650161027908325 and parameters: {'gradient_clip_val': 0.27752001075498123, 'hidden_size': 16, 'dropout': 0.32494071306609895, 'hidden_continuous_size': 11, 'attention_head_size': 4, 'learning_rate': 0.01919247785622735}. Best is trial 7 with value: 0.06925345212221146.
LOCAL_RANK: 0 - CUDA_VISIBLE_DEVICES: [0]
[I 2023-12-16 07:26:41,820] Trial 42 finished with value: 1.191014051437378 and parameters: {'gradient_clip_val': 0.2496509085153806, 'hidden_size': 18, 'dropout': 0.2876310773771287, 'hidden_continuous_size': 12, 'attention_head_size': 4, 'learning_rate': 0.0335645640808463}. Best is trial 7 with value: 0.06925345212221146.
LOCAL_RANK: 0 - CUDA_VISIBLE_DEVICES: [0]
[I 2023-12-16 07:27:31,246] Trial 43 finished with value: 4.017813682556152 and parameters: {'gradient_clip_val': 0.20175557629919483, 'hidden_size': 20, 'dropout': 0.26880447382200057, 'hidden_continuous_size': 11, 'attention_head_size': 4, 'learning_rate': 0.012940684055563497}. Best is trial 7 with value: 0.06925345212221146.
LOCAL_RANK: 0 - CUDA_VISIBLE_DEVICES: [0]
[I 2023-12-16 07:28:22,378] Trial 44 finished with value: 1.7710180282592773 and parameters: {'gradient_clip_val': 0.27669198273790807, 'hidden_size': 27, 'dropout': 0.2267236506266344, 'hidden_continuous_size': 18, 'attention_head_size': 4, 'learning_rate': 0.015303114497459691}. Best is trial 7 with value: 0.06925345212221146.
LOCAL_RANK: 0 - CUDA_VISIBLE_DEVICES: [0]
[I 2023-12-16 07:29:10,101] Trial 45 finished with value: 0.26685261726379395 and parameters: {'gradient_clip_val': 0.347545274660474, 'hidden_size': 15, 'dropout': 0.23818983195630378, 'hidden_continuous_size': 11, 'attention_head_size': 3, 'learning_rate': 0.01038194459237029}. Best is trial 7 with value: 0.06925345212221146.
LOCAL_RANK: 0 - CUDA_VISIBLE_DEVICES: [0]
[I 2023-12-16 07:29:57,725] Trial 46 finished with value: 1.7490590810775757 and parameters: {'gradient_clip_val': 0.3492307426379977, 'hidden_size': 14, 'dropout': 0.2383783239732002, 'hidden_continuous_size': 10, 'attention_head_size': 3, 'learning_rate': 0.007077042135923774}. Best is trial 7 with value: 0.06925345212221146.
LOCAL_RANK: 0 - CUDA_VISIBLE_DEVICES: [0]
[I 2023-12-16 07:30:45,647] Trial 47 finished with value: 0.5883855223655701 and parameters: {'gradient_clip_val': 0.41120447820072314, 'hidden_size': 15, 'dropout': 0.21640213685459408, 'hidden_continuous_size': 11, 'attention_head_size': 3, 'learning_rate': 0.008733336337563288}. Best is trial 7 with value: 0.06925345212221146.
LOCAL_RANK: 0 - CUDA_VISIBLE_DEVICES: [0]
[I 2023-12-16 07:31:31,885] Trial 48 finished with value: 2.0870208740234375 and parameters: {'gradient_clip_val': 0.31488259461542184, 'hidden_size': 12, 'dropout': 0.20223765573010272, 'hidden_continuous_size': 10, 'attention_head_size': 3, 'learning_rate': 0.009969241470357179}. Best is trial 7 with value: 0.06925345212221146.
LOCAL_RANK: 0 - CUDA_VISIBLE_DEVICES: [0]
[I 2023-12-16 07:32:19,190] Trial 49 finished with value: 1.1478278636932373 and parameters: {'gradient_clip_val': 0.3634740113890926, 'hidden_size': 16, 'dropout': 0.26089104050815076, 'hidden_continuous_size': 12, 'attention_head_size': 3, 'learning_rate': 0.003670414454403122}. Best is trial 7 with value: 0.06925345212221146.
[I 2023-12-16 07:32:19,285] A new study created in memory with name: no-name-a2dbba2c-b500-4790-90b8-d55308f3c328
/home/le004/conda/anaconda3/envs/tsff_env/lib/python3.9/site-packages/lightning/fabric/plugins/environments/slurm.py:191: The `srun` command is available on your system but is not used. HINT: If your intention is to run Lightning on SLURM, prepend your python command with `srun` like so: srun python /home/le004/master_thesis/git/TSFusionForecast/code/ ...
LOCAL_RANK: 0 - CUDA_VISIBLE_DEVICES: [0]
[I 2023-12-16 07:33:07,874] Trial 0 finished with value: 0.9705867171287537 and parameters: {'gradient_clip_val': 0.6723749149667619, 'hidden_size': 18, 'dropout': 0.11699071500906497, 'hidden_continuous_size': 8, 'attention_head_size': 4, 'learning_rate': 0.002019614493877752}. Best is trial 0 with value: 0.9705867171287537.
LOCAL_RANK: 0 - CUDA_VISIBLE_DEVICES: [0]
[I 2023-12-16 07:33:42,581] Trial 1 finished with value: 1.594037652015686 and parameters: {'gradient_clip_val': 0.7537969240898446, 'hidden_size': 5, 'dropout': 0.12386745359879565, 'hidden_continuous_size': 5, 'attention_head_size': 1, 'learning_rate': 0.0008815583534736595}. Best is trial 0 with value: 0.9705867171287537.
LOCAL_RANK: 0 - CUDA_VISIBLE_DEVICES: [0]
[I 2023-12-16 07:34:35,559] Trial 2 finished with value: 0.402177095413208 and parameters: {'gradient_clip_val': 0.25003896705614775, 'hidden_size': 39, 'dropout': 0.34197608006504077, 'hidden_continuous_size': 15, 'attention_head_size': 2, 'learning_rate': 0.03878346862980081}. Best is trial 2 with value: 0.402177095413208.
LOCAL_RANK: 0 - CUDA_VISIBLE_DEVICES: [0]
[I 2023-12-16 07:35:11,748] Trial 3 finished with value: 2.5123214721679688 and parameters: {'gradient_clip_val': 0.9074941696851453, 'hidden_size': 5, 'dropout': 0.14083081558492744, 'hidden_continuous_size': 5, 'attention_head_size': 3, 'learning_rate': 0.011141843682374242}. Best is trial 2 with value: 0.402177095413208.
LOCAL_RANK: 0 - CUDA_VISIBLE_DEVICES: [0]
[I 2023-12-16 07:35:56,550] Trial 4 finished with value: 0.9206867218017578 and parameters: {'gradient_clip_val': 0.14235601123272257, 'hidden_size': 12, 'dropout': 0.1564485316904486, 'hidden_continuous_size': 6, 'attention_head_size': 1, 'learning_rate': 0.015226983244086107}. Best is trial 2 with value: 0.402177095413208.
LOCAL_RANK: 0 - CUDA_VISIBLE_DEVICES: [0]
[I 2023-12-16 07:36:46,466] Trial 5 finished with value: 1.028503656387329 and parameters: {'gradient_clip_val': 0.18690189944571836, 'hidden_size': 23, 'dropout': 0.3431842644346095, 'hidden_continuous_size': 7, 'attention_head_size': 3, 'learning_rate': 0.001800549123141613}. Best is trial 2 with value: 0.402177095413208.
LOCAL_RANK: 0 - CUDA_VISIBLE_DEVICES: [0]
[I 2023-12-16 07:37:33,703] Trial 6 finished with value: 1.816953182220459 and parameters: {'gradient_clip_val': 0.3538770970815381, 'hidden_size': 9, 'dropout': 0.2969128424993436, 'hidden_continuous_size': 6, 'attention_head_size': 4, 'learning_rate': 0.01168442960631134}. Best is trial 2 with value: 0.402177095413208.
LOCAL_RANK: 0 - CUDA_VISIBLE_DEVICES: [0]
[I 2023-12-16 07:38:24,455] Trial 7 finished with value: 1.6651824712753296 and parameters: {'gradient_clip_val': 0.6993729970725091, 'hidden_size': 23, 'dropout': 0.2096974081679768, 'hidden_continuous_size': 18, 'attention_head_size': 4, 'learning_rate': 0.0017095842035300404}. Best is trial 2 with value: 0.402177095413208.
LOCAL_RANK: 0 - CUDA_VISIBLE_DEVICES: [0]
[I 2023-12-16 07:39:20,482] Trial 8 finished with value: 2.1244795322418213 and parameters: {'gradient_clip_val': 0.2399999250734933, 'hidden_size': 62, 'dropout': 0.22140332834538484, 'hidden_continuous_size': 44, 'attention_head_size': 4, 'learning_rate': 0.06351305763551264}. Best is trial 2 with value: 0.402177095413208.
LOCAL_RANK: 0 - CUDA_VISIBLE_DEVICES: [0]
[I 2023-12-16 07:40:11,749] Trial 9 finished with value: 0.6083507537841797 and parameters: {'gradient_clip_val': 0.11080488494743518, 'hidden_size': 25, 'dropout': 0.1742618677353249, 'hidden_continuous_size': 23, 'attention_head_size': 3, 'learning_rate': 0.0005659334983985319}. Best is trial 2 with value: 0.402177095413208.
LOCAL_RANK: 0 - CUDA_VISIBLE_DEVICES: [0]
[I 2023-12-16 07:41:09,652] Trial 10 finished with value: 0.9709713459014893 and parameters: {'gradient_clip_val': 0.3817060033064312, 'hidden_size': 81, 'dropout': 0.3986058427046553, 'hidden_continuous_size': 75, 'attention_head_size': 2, 'learning_rate': 0.06643051650388752}. Best is trial 2 with value: 0.402177095413208.
LOCAL_RANK: 0 - CUDA_VISIBLE_DEVICES: [0]
[I 2023-12-16 07:42:02,987] Trial 11 finished with value: 1.6424436569213867 and parameters: {'gradient_clip_val': 0.10423132887319435, 'hidden_size': 43, 'dropout': 0.2659502349719509, 'hidden_continuous_size': 16, 'attention_head_size': 2, 'learning_rate': 0.0005520927070675885}. Best is trial 2 with value: 0.402177095413208.
LOCAL_RANK: 0 - CUDA_VISIBLE_DEVICES: [0]
[I 2023-12-16 07:42:55,250] Trial 12 finished with value: 2.3869259357452393 and parameters: {'gradient_clip_val': 0.10213156844482091, 'hidden_size': 39, 'dropout': 0.19277722286353924, 'hidden_continuous_size': 12, 'attention_head_size': 2, 'learning_rate': 0.00475345058980884}. Best is trial 2 with value: 0.402177095413208.
LOCAL_RANK: 0 - CUDA_VISIBLE_DEVICES: [0]
[I 2023-12-16 07:43:49,027] Trial 13 finished with value: 0.6159439086914062 and parameters: {'gradient_clip_val': 0.22989896121828723, 'hidden_size': 38, 'dropout': 0.2749310460418139, 'hidden_continuous_size': 19, 'attention_head_size': 3, 'learning_rate': 0.027523688141848215}. Best is trial 2 with value: 0.402177095413208.
LOCAL_RANK: 0 - CUDA_VISIBLE_DEVICES: [0]
[I 2023-12-16 07:44:39,669] Trial 14 finished with value: 0.9179847240447998 and parameters: {'gradient_clip_val': 0.14262286233980206, 'hidden_size': 33, 'dropout': 0.17746170794771676, 'hidden_continuous_size': 12, 'attention_head_size': 2, 'learning_rate': 0.005552684157632721}. Best is trial 2 with value: 0.402177095413208.
LOCAL_RANK: 0 - CUDA_VISIBLE_DEVICES: [0]
[I 2023-12-16 07:45:35,287] Trial 15 finished with value: 1.0007768869400024 and parameters: {'gradient_clip_val': 0.4344301745832315, 'hidden_size': 96, 'dropout': 0.24206328708852004, 'hidden_continuous_size': 29, 'attention_head_size': 3, 'learning_rate': 0.0285466097247089}. Best is trial 2 with value: 0.402177095413208.
LOCAL_RANK: 0 - CUDA_VISIBLE_DEVICES: [0]
[I 2023-12-16 07:46:29,229] Trial 16 finished with value: 3.4104461669921875 and parameters: {'gradient_clip_val': 0.29302174583071994, 'hidden_size': 61, 'dropout': 0.10223051327276617, 'hidden_continuous_size': 26, 'attention_head_size': 1, 'learning_rate': 0.0036290079570177832}. Best is trial 2 with value: 0.402177095413208.
LOCAL_RANK: 0 - CUDA_VISIBLE_DEVICES: [0]
[I 2023-12-16 07:47:18,649] Trial 17 finished with value: 1.3429250717163086 and parameters: {'gradient_clip_val': 0.17550682871877968, 'hidden_size': 28, 'dropout': 0.17758280624224623, 'hidden_continuous_size': 9, 'attention_head_size': 2, 'learning_rate': 0.09873084032530643}. Best is trial 2 with value: 0.402177095413208.
LOCAL_RANK: 0 - CUDA_VISIBLE_DEVICES: [0]
[I 2023-12-16 07:48:07,587] Trial 18 finished with value: 0.9678493142127991 and parameters: {'gradient_clip_val': 0.486433783370796, 'hidden_size': 17, 'dropout': 0.3123909874644656, 'hidden_continuous_size': 10, 'attention_head_size': 3, 'learning_rate': 0.0006738340614523889}. Best is trial 2 with value: 0.402177095413208.
LOCAL_RANK: 0 - CUDA_VISIBLE_DEVICES: [0]
[I 2023-12-16 07:49:01,363] Trial 19 finished with value: 1.4647493362426758 and parameters: {'gradient_clip_val': 0.28493176748920296, 'hidden_size': 50, 'dropout': 0.23957625668889448, 'hidden_continuous_size': 13, 'attention_head_size': 2, 'learning_rate': 0.00098584940721132}. Best is trial 2 with value: 0.402177095413208.
LOCAL_RANK: 0 - CUDA_VISIBLE_DEVICES: [0]
[I 2023-12-16 07:49:52,089] Trial 20 finished with value: 1.2166913747787476 and parameters: {'gradient_clip_val': 0.12542686372632159, 'hidden_size': 29, 'dropout': 0.3573095150347483, 'hidden_continuous_size': 14, 'attention_head_size': 3, 'learning_rate': 0.0034990933551706624}. Best is trial 2 with value: 0.402177095413208.
LOCAL_RANK: 0 - CUDA_VISIBLE_DEVICES: [0]
[I 2023-12-16 07:50:45,525] Trial 21 finished with value: 0.48903489112854004 and parameters: {'gradient_clip_val': 0.21910638425661424, 'hidden_size': 37, 'dropout': 0.27722828362528423, 'hidden_continuous_size': 18, 'attention_head_size': 3, 'learning_rate': 0.025998230011854907}. Best is trial 2 with value: 0.402177095413208.
LOCAL_RANK: 0 - CUDA_VISIBLE_DEVICES: [0]
[I 2023-12-16 07:51:36,516] Trial 22 finished with value: 1.0301190614700317 and parameters: {'gradient_clip_val': 0.19573666334057574, 'hidden_size': 31, 'dropout': 0.28292951450259235, 'hidden_continuous_size': 15, 'attention_head_size': 3, 'learning_rate': 0.008050364255221973}. Best is trial 2 with value: 0.402177095413208.
LOCAL_RANK: 0 - CUDA_VISIBLE_DEVICES: [0]
[I 2023-12-16 07:52:30,688] Trial 23 finished with value: 1.9932218790054321 and parameters: {'gradient_clip_val': 0.2389143670305928, 'hidden_size': 45, 'dropout': 0.25243868446709855, 'hidden_continuous_size': 21, 'attention_head_size': 3, 'learning_rate': 0.025193824946945026}. Best is trial 2 with value: 0.402177095413208.
LOCAL_RANK: 0 - CUDA_VISIBLE_DEVICES: [0]
[I 2023-12-16 07:53:24,415] Trial 24 finished with value: 0.890397846698761 and parameters: {'gradient_clip_val': 0.16100148267075015, 'hidden_size': 52, 'dropout': 0.31415449622279584, 'hidden_continuous_size': 22, 'attention_head_size': 2, 'learning_rate': 0.018230501306017877}. Best is trial 2 with value: 0.402177095413208.
LOCAL_RANK: 0 - CUDA_VISIBLE_DEVICES: [0]
[I 2023-12-16 07:54:15,225] Trial 25 finished with value: 0.08073285967111588 and parameters: {'gradient_clip_val': 0.2060543632823655, 'hidden_size': 25, 'dropout': 0.21403888070506324, 'hidden_continuous_size': 16, 'attention_head_size': 3, 'learning_rate': 0.0461824742100227}. Best is trial 25 with value: 0.08073285967111588.
LOCAL_RANK: 0 - CUDA_VISIBLE_DEVICES: [0]
[I 2023-12-16 07:55:05,949] Trial 26 finished with value: 1.545607566833496 and parameters: {'gradient_clip_val': 0.20646483356114678, 'hidden_size': 31, 'dropout': 0.26031055323087415, 'hidden_continuous_size': 11, 'attention_head_size': 4, 'learning_rate': 0.039723295841477484}. Best is trial 25 with value: 0.08073285967111588.
LOCAL_RANK: 0 - CUDA_VISIBLE_DEVICES: [0]
[I 2023-12-16 07:55:54,520] Trial 27 finished with value: 0.6366910934448242 and parameters: {'gradient_clip_val': 0.26870202464893095, 'hidden_size': 20, 'dropout': 0.2220161700242475, 'hidden_continuous_size': 13, 'attention_head_size': 2, 'learning_rate': 0.04052187463430717}. Best is trial 25 with value: 0.08073285967111588.
LOCAL_RANK: 0 - CUDA_VISIBLE_DEVICES: [0]
[I 2023-12-16 07:56:48,423] Trial 28 finished with value: 0.2773370146751404 and parameters: {'gradient_clip_val': 0.3058379172364537, 'hidden_size': 63, 'dropout': 0.289471566664732, 'hidden_continuous_size': 15, 'attention_head_size': 1, 'learning_rate': 0.04515009320126914}. Best is trial 25 with value: 0.08073285967111588.
LOCAL_RANK: 0 - CUDA_VISIBLE_DEVICES: [0]
[I 2023-12-16 07:57:41,008] Trial 29 finished with value: 0.6664291024208069 and parameters: {'gradient_clip_val': 0.3442726652009357, 'hidden_size': 68, 'dropout': 0.3398863524853148, 'hidden_continuous_size': 9, 'attention_head_size': 1, 'learning_rate': 0.04593783134924994}. Best is trial 25 with value: 0.08073285967111588.
LOCAL_RANK: 0 - CUDA_VISIBLE_DEVICES: [0]
[I 2023-12-16 07:58:35,317] Trial 30 finished with value: 0.6259139180183411 and parameters: {'gradient_clip_val': 0.29797578354228205, 'hidden_size': 77, 'dropout': 0.29639647628032445, 'hidden_continuous_size': 16, 'attention_head_size': 1, 'learning_rate': 0.09644037627516057}. Best is trial 25 with value: 0.08073285967111588.
LOCAL_RANK: 0 - CUDA_VISIBLE_DEVICES: [0]
[I 2023-12-16 07:59:28,575] Trial 31 finished with value: 2.4940192699432373 and parameters: {'gradient_clip_val': 0.21288396347589486, 'hidden_size': 54, 'dropout': 0.27836356933318246, 'hidden_continuous_size': 18, 'attention_head_size': 1, 'learning_rate': 0.02398309333355402}. Best is trial 25 with value: 0.08073285967111588.
LOCAL_RANK: 0 - CUDA_VISIBLE_DEVICES: [0]
[I 2023-12-16 08:00:20,794] Trial 32 finished with value: 0.4162590205669403 and parameters: {'gradient_clip_val': 0.24950307931704527, 'hidden_size': 37, 'dropout': 0.23545737381830498, 'hidden_continuous_size': 15, 'attention_head_size': 1, 'learning_rate': 0.05604076935575241}. Best is trial 25 with value: 0.08073285967111588.
LOCAL_RANK: 0 - CUDA_VISIBLE_DEVICES: [0]
[I 2023-12-16 08:01:13,778] Trial 33 finished with value: 0.5078100562095642 and parameters: {'gradient_clip_val': 0.256546846823261, 'hidden_size': 45, 'dropout': 0.24100028571666368, 'hidden_continuous_size': 15, 'attention_head_size': 1, 'learning_rate': 0.059484132940848755}. Best is trial 25 with value: 0.08073285967111588.
LOCAL_RANK: 0 - CUDA_VISIBLE_DEVICES: [0]
[I 2023-12-16 08:02:04,194] Trial 34 finished with value: 0.7665160298347473 and parameters: {'gradient_clip_val': 0.31548425610635333, 'hidden_size': 36, 'dropout': 0.2158161611257066, 'hidden_continuous_size': 14, 'attention_head_size': 1, 'learning_rate': 0.039314164612261615}. Best is trial 25 with value: 0.08073285967111588.
LOCAL_RANK: 0 - CUDA_VISIBLE_DEVICES: [0]
[I 2023-12-16 08:02:57,075] Trial 35 finished with value: 2.264904737472534 and parameters: {'gradient_clip_val': 0.26190193940074963, 'hidden_size': 56, 'dropout': 0.14986022837719717, 'hidden_continuous_size': 11, 'attention_head_size': 1, 'learning_rate': 0.01716041685223345}. Best is trial 25 with value: 0.08073285967111588.
LOCAL_RANK: 0 - CUDA_VISIBLE_DEVICES: [0]
[I 2023-12-16 08:03:50,312] Trial 36 finished with value: 0.3676700294017792 and parameters: {'gradient_clip_val': 0.17448955891410212, 'hidden_size': 45, 'dropout': 0.25447575421142754, 'hidden_continuous_size': 16, 'attention_head_size': 1, 'learning_rate': 0.050430669705524435}. Best is trial 25 with value: 0.08073285967111588.
LOCAL_RANK: 0 - CUDA_VISIBLE_DEVICES: [0]
[I 2023-12-16 08:04:43,352] Trial 37 finished with value: 0.11211729049682617 and parameters: {'gradient_clip_val': 0.1667492826775344, 'hidden_size': 46, 'dropout': 0.2592006013650313, 'hidden_continuous_size': 17, 'attention_head_size': 1, 'learning_rate': 0.07505912208865635}. Best is trial 25 with value: 0.08073285967111588.
LOCAL_RANK: 0 - CUDA_VISIBLE_DEVICES: [0]
[I 2023-12-16 08:05:36,717] Trial 38 finished with value: 0.7014288902282715 and parameters: {'gradient_clip_val': 0.1710842475928264, 'hidden_size': 69, 'dropout': 0.25957318981952193, 'hidden_continuous_size': 10, 'attention_head_size': 1, 'learning_rate': 0.08166293059713822}. Best is trial 25 with value: 0.08073285967111588.
LOCAL_RANK: 0 - CUDA_VISIBLE_DEVICES: [0]
[I 2023-12-16 08:06:29,594] Trial 39 finished with value: 0.7906506657600403 and parameters: {'gradient_clip_val': 0.15223494215056085, 'hidden_size': 46, 'dropout': 0.2039685569391921, 'hidden_continuous_size': 16, 'attention_head_size': 1, 'learning_rate': 0.07094555669973897}. Best is trial 25 with value: 0.08073285967111588.
LOCAL_RANK: 0 - CUDA_VISIBLE_DEVICES: [0]
