[I 2023-12-15 13:54:47,438] Trial 29 finished with value: 13.92931842803955 and parameters: {'gradient_clip_val': 0.7740288317404217, 'hidden_size': 18, 'dropout': 0.39960252232006377, 'hidden_continuous_size': 6, 'attention_head_size': 3, 'learning_rate': 0.0007462781454790593}. Best is trial 18 with value: 10.130901336669922.
LOCAL_RANK: 0 - CUDA_VISIBLE_DEVICES: [0]
[I 2023-12-15 13:55:36,126] Trial 30 finished with value: 13.383313179016113 and parameters: {'gradient_clip_val': 0.5212740920636262, 'hidden_size': 22, 'dropout': 0.37325630952326233, 'hidden_continuous_size': 7, 'attention_head_size': 4, 'learning_rate': 0.0023147905708289654}. Best is trial 18 with value: 10.130901336669922.
LOCAL_RANK: 0 - CUDA_VISIBLE_DEVICES: [0]
[I 2023-12-15 13:56:26,518] Trial 31 finished with value: 13.111943244934082 and parameters: {'gradient_clip_val': 0.9624055640902962, 'hidden_size': 39, 'dropout': 0.3179202778294001, 'hidden_continuous_size': 10, 'attention_head_size': 2, 'learning_rate': 0.0007845962646528584}. Best is trial 18 with value: 10.130901336669922.
LOCAL_RANK: 0 - CUDA_VISIBLE_DEVICES: [0]
[I 2023-12-15 13:57:16,739] Trial 32 finished with value: 13.993896484375 and parameters: {'gradient_clip_val': 0.7578683528056227, 'hidden_size': 39, 'dropout': 0.3394951070575074, 'hidden_continuous_size': 10, 'attention_head_size': 2, 'learning_rate': 0.0013952886101946482}. Best is trial 18 with value: 10.130901336669922.
LOCAL_RANK: 0 - CUDA_VISIBLE_DEVICES: [0]
[I 2023-12-15 13:58:04,981] Trial 33 finished with value: 13.84628677368164 and parameters: {'gradient_clip_val': 0.6181643921963326, 'hidden_size': 28, 'dropout': 0.32416925595496004, 'hidden_continuous_size': 8, 'attention_head_size': 3, 'learning_rate': 0.0007405014275618306}. Best is trial 18 with value: 10.130901336669922.
LOCAL_RANK: 0 - CUDA_VISIBLE_DEVICES: [0]
[I 2023-12-15 13:58:53,505] Trial 34 finished with value: 13.91623306274414 and parameters: {'gradient_clip_val': 0.8526977893551366, 'hidden_size': 32, 'dropout': 0.354001498083438, 'hidden_continuous_size': 9, 'attention_head_size': 4, 'learning_rate': 0.0012659980960985967}. Best is trial 18 with value: 10.130901336669922.
LOCAL_RANK: 0 - CUDA_VISIBLE_DEVICES: [0]
[I 2023-12-15 13:59:46,329] Trial 35 finished with value: 18.2529354095459 and parameters: {'gradient_clip_val': 0.6791660408347191, 'hidden_size': 51, 'dropout': 0.3757789575837519, 'hidden_continuous_size': 11, 'attention_head_size': 2, 'learning_rate': 0.0020743185678490195}. Best is trial 18 with value: 10.130901336669922.
LOCAL_RANK: 0 - CUDA_VISIBLE_DEVICES: [0]
[I 2023-12-15 14:00:39,508] Trial 36 finished with value: 13.653656959533691 and parameters: {'gradient_clip_val': 0.5358864058226046, 'hidden_size': 55, 'dropout': 0.2882258658838639, 'hidden_continuous_size': 39, 'attention_head_size': 1, 'learning_rate': 0.0009119560602688765}. Best is trial 18 with value: 10.130901336669922.
LOCAL_RANK: 0 - CUDA_VISIBLE_DEVICES: [0]
[I 2023-12-15 14:01:26,216] Trial 37 finished with value: 13.02453327178955 and parameters: {'gradient_clip_val': 0.45081886315598985, 'hidden_size': 17, 'dropout': 0.32895807231379093, 'hidden_continuous_size': 8, 'attention_head_size': 3, 'learning_rate': 0.0014476523179406465}. Best is trial 18 with value: 10.130901336669922.
LOCAL_RANK: 0 - CUDA_VISIBLE_DEVICES: [0]
[I 2023-12-15 14:02:12,613] Trial 38 finished with value: 16.220556259155273 and parameters: {'gradient_clip_val': 0.5696698321506922, 'hidden_size': 15, 'dropout': 0.34429416090628395, 'hidden_continuous_size': 7, 'attention_head_size': 4, 'learning_rate': 0.0006247010985678211}. Best is trial 18 with value: 10.130901336669922.
LOCAL_RANK: 0 - CUDA_VISIBLE_DEVICES: [0]
[I 2023-12-15 14:02:58,110] Trial 39 finished with value: 14.760581970214844 and parameters: {'gradient_clip_val': 0.8071934112091942, 'hidden_size': 13, 'dropout': 0.3909836845512016, 'hidden_continuous_size': 9, 'attention_head_size': 2, 'learning_rate': 0.000999574787558679}. Best is trial 18 with value: 10.130901336669922.
LOCAL_RANK: 0 - CUDA_VISIBLE_DEVICES: [0]
[I 2023-12-15 14:03:47,021] Trial 40 finished with value: 29.424962997436523 and parameters: {'gradient_clip_val': 0.27861774841363623, 'hidden_size': 25, 'dropout': 0.27618111803333933, 'hidden_continuous_size': 5, 'attention_head_size': 4, 'learning_rate': 0.007741220073934238}. Best is trial 18 with value: 10.130901336669922.
LOCAL_RANK: 0 - CUDA_VISIBLE_DEVICES: [0]
[I 2023-12-15 14:04:33,167] Trial 41 finished with value: 15.481590270996094 and parameters: {'gradient_clip_val': 0.6199017131188134, 'hidden_size': 20, 'dropout': 0.382887844702183, 'hidden_continuous_size': 6, 'attention_head_size': 3, 'learning_rate': 0.0032478977124195457}. Best is trial 18 with value: 10.130901336669922.
LOCAL_RANK: 0 - CUDA_VISIBLE_DEVICES: [0]
[I 2023-12-15 14:05:19,206] Trial 42 finished with value: 14.730921745300293 and parameters: {'gradient_clip_val': 0.6685959597140535, 'hidden_size': 20, 'dropout': 0.3821080356276281, 'hidden_continuous_size': 6, 'attention_head_size': 3, 'learning_rate': 0.0027784951363170212}. Best is trial 18 with value: 10.130901336669922.
LOCAL_RANK: 0 - CUDA_VISIBLE_DEVICES: [0]
[I 2023-12-15 14:06:05,922] Trial 43 finished with value: 13.343592643737793 and parameters: {'gradient_clip_val': 0.8774860078923629, 'hidden_size': 17, 'dropout': 0.3615830278162366, 'hidden_continuous_size': 8, 'attention_head_size': 3, 'learning_rate': 0.0038902753225784703}. Best is trial 18 with value: 10.130901336669922.
LOCAL_RANK: 0 - CUDA_VISIBLE_DEVICES: [0]
[I 2023-12-15 14:06:56,779] Trial 44 finished with value: 17.49188804626465 and parameters: {'gradient_clip_val': 0.7246991624803502, 'hidden_size': 39, 'dropout': 0.3867276821525683, 'hidden_continuous_size': 13, 'attention_head_size': 1, 'learning_rate': 0.0012321307658995477}. Best is trial 18 with value: 10.130901336669922.
LOCAL_RANK: 0 - CUDA_VISIBLE_DEVICES: [0]
[I 2023-12-15 14:07:46,626] Trial 45 finished with value: 15.824131965637207 and parameters: {'gradient_clip_val': 0.5105105285643057, 'hidden_size': 33, 'dropout': 0.36351301084383814, 'hidden_continuous_size': 11, 'attention_head_size': 3, 'learning_rate': 0.002214179157346625}. Best is trial 18 with value: 10.130901336669922.
LOCAL_RANK: 0 - CUDA_VISIBLE_DEVICES: [0]
[I 2023-12-15 14:08:34,705] Trial 46 finished with value: 17.844526290893555 and parameters: {'gradient_clip_val': 0.8707432098297117, 'hidden_size': 25, 'dropout': 0.34736200863070865, 'hidden_continuous_size': 6, 'attention_head_size': 2, 'learning_rate': 0.002567123430467091}. Best is trial 18 with value: 10.130901336669922.
LOCAL_RANK: 0 - CUDA_VISIBLE_DEVICES: [0]
[I 2023-12-15 14:09:19,140] Trial 47 finished with value: 13.602630615234375 and parameters: {'gradient_clip_val': 0.6646126338627356, 'hidden_size': 12, 'dropout': 0.31339771765005364, 'hidden_continuous_size': 6, 'attention_head_size': 3, 'learning_rate': 0.005437054169213576}. Best is trial 18 with value: 10.130901336669922.
LOCAL_RANK: 0 - CUDA_VISIBLE_DEVICES: [0]
[I 2023-12-15 14:10:07,520] Trial 48 finished with value: 20.701217651367188 and parameters: {'gradient_clip_val': 0.9811981215772791, 'hidden_size': 22, 'dropout': 0.3330479911396277, 'hidden_continuous_size': 11, 'attention_head_size': 1, 'learning_rate': 0.010265464463383878}. Best is trial 18 with value: 10.130901336669922.
LOCAL_RANK: 0 - CUDA_VISIBLE_DEVICES: [0]
[I 2023-12-15 14:10:56,142] Trial 49 finished with value: 20.90336799621582 and parameters: {'gradient_clip_val': 0.5788933844607652, 'hidden_size': 29, 'dropout': 0.3683586492160038, 'hidden_continuous_size': 10, 'attention_head_size': 2, 'learning_rate': 0.006073561119782214}. Best is trial 18 with value: 10.130901336669922.
[I 2023-12-15 14:10:56,234] A new study created in memory with name: no-name-1c76cabb-fa9f-4f85-aa60-38a19d6c6905
/home/le004/conda/anaconda3/envs/tsff_env/lib/python3.9/site-packages/lightning/fabric/plugins/environments/slurm.py:191: The `srun` command is available on your system but is not used. HINT: If your intention is to run Lightning on SLURM, prepend your python command with `srun` like so: srun python /home/le004/master_thesis/git/TSFusionForecast/code/ ...
LOCAL_RANK: 0 - CUDA_VISIBLE_DEVICES: [0]
[I 2023-12-15 14:11:52,631] Trial 0 finished with value: 16.347864151000977 and parameters: {'gradient_clip_val': 0.2207308968673114, 'hidden_size': 96, 'dropout': 0.10356048306725354, 'hidden_continuous_size': 59, 'attention_head_size': 3, 'learning_rate': 0.01155035730890439}. Best is trial 0 with value: 16.347864151000977.
LOCAL_RANK: 0 - CUDA_VISIBLE_DEVICES: [0]
[I 2023-12-15 14:12:38,615] Trial 1 finished with value: 11.742301940917969 and parameters: {'gradient_clip_val': 0.7082761383564729, 'hidden_size': 6, 'dropout': 0.3532021552566601, 'hidden_continuous_size': 5, 'attention_head_size': 4, 'learning_rate': 0.08970471983806315}. Best is trial 1 with value: 11.742301940917969.
LOCAL_RANK: 0 - CUDA_VISIBLE_DEVICES: [0]
[I 2023-12-15 14:13:32,027] Trial 2 finished with value: 5.467037200927734 and parameters: {'gradient_clip_val': 0.5145187078374874, 'hidden_size': 50, 'dropout': 0.38777088595639553, 'hidden_continuous_size': 26, 'attention_head_size': 4, 'learning_rate': 0.017760750188260226}. Best is trial 2 with value: 5.467037200927734.
LOCAL_RANK: 0 - CUDA_VISIBLE_DEVICES: [0]
[I 2023-12-15 14:14:26,675] Trial 3 finished with value: 10.22116470336914 and parameters: {'gradient_clip_val': 0.14722443389457468, 'hidden_size': 99, 'dropout': 0.24457238075563717, 'hidden_continuous_size': 9, 'attention_head_size': 4, 'learning_rate': 0.0013645290662029448}. Best is trial 2 with value: 5.467037200927734.
LOCAL_RANK: 0 - CUDA_VISIBLE_DEVICES: [0]
[I 2023-12-15 14:15:15,072] Trial 4 finished with value: 26.451086044311523 and parameters: {'gradient_clip_val': 0.6193010088886259, 'hidden_size': 19, 'dropout': 0.23823257199751144, 'hidden_continuous_size': 16, 'attention_head_size': 2, 'learning_rate': 0.08715323297180616}. Best is trial 2 with value: 5.467037200927734.
LOCAL_RANK: 0 - CUDA_VISIBLE_DEVICES: [0]
[I 2023-12-15 14:15:49,710] Trial 5 finished with value: 11.81938648223877 and parameters: {'gradient_clip_val': 0.10834517416481927, 'hidden_size': 27, 'dropout': 0.19995533966913204, 'hidden_continuous_size': 27, 'attention_head_size': 2, 'learning_rate': 0.0010997945206192342}. Best is trial 2 with value: 5.467037200927734.
LOCAL_RANK: 0 - CUDA_VISIBLE_DEVICES: [0]
[I 2023-12-15 14:16:22,994] Trial 6 finished with value: 11.408904075622559 and parameters: {'gradient_clip_val': 0.3152740073177359, 'hidden_size': 5, 'dropout': 0.3171135030255654, 'hidden_continuous_size': 5, 'attention_head_size': 1, 'learning_rate': 0.0074521991435509685}. Best is trial 2 with value: 5.467037200927734.
LOCAL_RANK: 0 - CUDA_VISIBLE_DEVICES: [0]
[I 2023-12-15 14:17:07,436] Trial 7 finished with value: 10.460171699523926 and parameters: {'gradient_clip_val': 0.10375208643656772, 'hidden_size': 7, 'dropout': 0.392746209804515, 'hidden_continuous_size': 6, 'attention_head_size': 1, 'learning_rate': 0.01434270725378298}. Best is trial 2 with value: 5.467037200927734.
LOCAL_RANK: 0 - CUDA_VISIBLE_DEVICES: [0]
[I 2023-12-15 14:17:54,365] Trial 8 finished with value: 11.063163757324219 and parameters: {'gradient_clip_val': 0.10570499565805869, 'hidden_size': 20, 'dropout': 0.3898059311678925, 'hidden_continuous_size': 19, 'attention_head_size': 1, 'learning_rate': 0.000890578983415115}. Best is trial 2 with value: 5.467037200927734.
LOCAL_RANK: 0 - CUDA_VISIBLE_DEVICES: [0]
[I 2023-12-15 14:18:43,828] Trial 9 finished with value: 14.684974670410156 and parameters: {'gradient_clip_val': 0.8626379288698516, 'hidden_size': 21, 'dropout': 0.14970575811923012, 'hidden_continuous_size': 16, 'attention_head_size': 4, 'learning_rate': 0.0005859444260699494}. Best is trial 2 with value: 5.467037200927734.
LOCAL_RANK: 0 - CUDA_VISIBLE_DEVICES: [0]
[I 2023-12-15 14:19:37,324] Trial 10 finished with value: 11.010265350341797 and parameters: {'gradient_clip_val': 0.5036736102970389, 'hidden_size': 51, 'dropout': 0.31331005522968763, 'hidden_continuous_size': 30, 'attention_head_size': 3, 'learning_rate': 0.029773507173456688}. Best is trial 2 with value: 5.467037200927734.
LOCAL_RANK: 0 - CUDA_VISIBLE_DEVICES: [0]
[I 2023-12-15 14:20:32,091] Trial 11 finished with value: 18.543554306030273 and parameters: {'gradient_clip_val': 0.43241874620775017, 'hidden_size': 92, 'dropout': 0.28090976562084613, 'hidden_continuous_size': 10, 'attention_head_size': 4, 'learning_rate': 0.002556805823702897}. Best is trial 2 with value: 5.467037200927734.
LOCAL_RANK: 0 - CUDA_VISIBLE_DEVICES: [0]
[I 2023-12-15 14:21:25,188] Trial 12 finished with value: 10.36135196685791 and parameters: {'gradient_clip_val': 0.18427470964225995, 'hidden_size': 59, 'dropout': 0.2478917173729701, 'hidden_continuous_size': 11, 'attention_head_size': 3, 'learning_rate': 0.002153813698404948}. Best is trial 2 with value: 5.467037200927734.
LOCAL_RANK: 0 - CUDA_VISIBLE_DEVICES: [0]
[I 2023-12-15 14:22:17,956] Trial 13 finished with value: 10.13608455657959 and parameters: {'gradient_clip_val': 0.40516362344467527, 'hidden_size': 60, 'dropout': 0.20775219617602664, 'hidden_continuous_size': 9, 'attention_head_size': 4, 'learning_rate': 0.0027947745601293182}. Best is trial 2 with value: 5.467037200927734.
LOCAL_RANK: 0 - CUDA_VISIBLE_DEVICES: [0]
[I 2023-12-15 14:23:08,514] Trial 14 finished with value: 13.205552101135254 and parameters: {'gradient_clip_val': 0.3467520079040838, 'hidden_size': 42, 'dropout': 0.18885924869998866, 'hidden_continuous_size': 7, 'attention_head_size': 3, 'learning_rate': 0.003584289888331618}. Best is trial 2 with value: 5.467037200927734.
LOCAL_RANK: 0 - CUDA_VISIBLE_DEVICES: [0]
[I 2023-12-15 14:23:57,687] Trial 15 finished with value: 14.264447212219238 and parameters: {'gradient_clip_val': 0.9692616150276376, 'hidden_size': 36, 'dropout': 0.29811001450015606, 'hidden_continuous_size': 8, 'attention_head_size': 4, 'learning_rate': 0.0036794932558813546}. Best is trial 2 with value: 5.467037200927734.
LOCAL_RANK: 0 - CUDA_VISIBLE_DEVICES: [0]
[I 2023-12-15 14:24:51,587] Trial 16 finished with value: 6.489412307739258 and parameters: {'gradient_clip_val': 0.5101833675723039, 'hidden_size': 62, 'dropout': 0.3455997047497138, 'hidden_continuous_size': 12, 'attention_head_size': 4, 'learning_rate': 0.006169259249123191}. Best is trial 2 with value: 5.467037200927734.
LOCAL_RANK: 0 - CUDA_VISIBLE_DEVICES: [0]
[I 2023-12-15 14:25:41,713] Trial 17 finished with value: 6.287642002105713 and parameters: {'gradient_clip_val': 0.5958170180416541, 'hidden_size': 35, 'dropout': 0.35994565177102483, 'hidden_continuous_size': 12, 'attention_head_size': 2, 'learning_rate': 0.02626919667412011}. Best is trial 2 with value: 5.467037200927734.
LOCAL_RANK: 0 - CUDA_VISIBLE_DEVICES: [0]
[I 2023-12-15 14:26:32,014] Trial 18 finished with value: 6.7224249839782715 and parameters: {'gradient_clip_val': 0.6852882962381835, 'hidden_size': 34, 'dropout': 0.35986874377619177, 'hidden_continuous_size': 14, 'attention_head_size': 2, 'learning_rate': 0.02844065482308209}. Best is trial 2 with value: 5.467037200927734.
LOCAL_RANK: 0 - CUDA_VISIBLE_DEVICES: [0]
[I 2023-12-15 14:27:17,098] Trial 19 finished with value: 11.429878234863281 and parameters: {'gradient_clip_val': 0.2953519314642863, 'hidden_size': 13, 'dropout': 0.395293688159388, 'hidden_continuous_size': 6, 'attention_head_size': 2, 'learning_rate': 0.028629473992177367}. Best is trial 2 with value: 5.467037200927734.
LOCAL_RANK: 0 - CUDA_VISIBLE_DEVICES: [0]
[I 2023-12-15 14:28:06,256] Trial 20 finished with value: 13.505653381347656 and parameters: {'gradient_clip_val': 0.5788354416335315, 'hidden_size': 29, 'dropout': 0.33551772941650543, 'hidden_continuous_size': 12, 'attention_head_size': 3, 'learning_rate': 0.045324477525944734}. Best is trial 2 with value: 5.467037200927734.
LOCAL_RANK: 0 - CUDA_VISIBLE_DEVICES: [0]
[I 2023-12-15 14:28:58,716] Trial 21 finished with value: 6.7075324058532715 and parameters: {'gradient_clip_val': 0.5117241080143364, 'hidden_size': 47, 'dropout': 0.3632879155695275, 'hidden_continuous_size': 11, 'attention_head_size': 2, 'learning_rate': 0.006747341001765466}. Best is trial 2 with value: 5.467037200927734.
LOCAL_RANK: 0 - CUDA_VISIBLE_DEVICES: [0]
[I 2023-12-15 14:29:52,287] Trial 22 finished with value: 11.177990913391113 and parameters: {'gradient_clip_val': 0.731968589065522, 'hidden_size': 67, 'dropout': 0.3385239533630558, 'hidden_continuous_size': 20, 'attention_head_size': 3, 'learning_rate': 0.01634419707153963}. Best is trial 2 with value: 5.467037200927734.
LOCAL_RANK: 0 - CUDA_VISIBLE_DEVICES: [0]
[I 2023-12-15 14:30:46,250] Trial 23 finished with value: 8.292447090148926 and parameters: {'gradient_clip_val': 0.531293416208131, 'hidden_size': 70, 'dropout': 0.37247218083357964, 'hidden_continuous_size': 13, 'attention_head_size': 4, 'learning_rate': 0.007465024988230357}. Best is trial 2 with value: 5.467037200927734.
LOCAL_RANK: 0 - CUDA_VISIBLE_DEVICES: [0]
[I 2023-12-15 14:31:37,774] Trial 24 finished with value: 14.699345588684082 and parameters: {'gradient_clip_val': 0.4358746236148828, 'hidden_size': 41, 'dropout': 0.3729067127690954, 'hidden_continuous_size': 10, 'attention_head_size': 3, 'learning_rate': 0.01833789617034515}. Best is trial 2 with value: 5.467037200927734.
LOCAL_RANK: 0 - CUDA_VISIBLE_DEVICES: [0]
[I 2023-12-15 14:32:30,049] Trial 25 finished with value: 8.060169219970703 and parameters: {'gradient_clip_val': 0.834410967053073, 'hidden_size': 49, 'dropout': 0.3371343156605192, 'hidden_continuous_size': 13, 'attention_head_size': 2, 'learning_rate': 0.01003644323308784}. Best is trial 2 with value: 5.467037200927734.
LOCAL_RANK: 0 - CUDA_VISIBLE_DEVICES: [0]
[I 2023-12-15 14:33:18,924] Trial 26 finished with value: 11.74304485321045 and parameters: {'gradient_clip_val': 0.6129505930232236, 'hidden_size': 32, 'dropout': 0.2761398001727505, 'hidden_continuous_size': 8, 'attention_head_size': 4, 'learning_rate': 0.0048752850376529095}. Best is trial 2 with value: 5.467037200927734.
LOCAL_RANK: 0 - CUDA_VISIBLE_DEVICES: [0]
[I 2023-12-15 14:34:12,317] Trial 27 finished with value: 7.917524814605713 and parameters: {'gradient_clip_val': 0.4845006663593541, 'hidden_size': 74, 'dropout': 0.398294436621233, 'hidden_continuous_size': 23, 'attention_head_size': 1, 'learning_rate': 0.01895604141648985}. Best is trial 2 with value: 5.467037200927734.
LOCAL_RANK: 0 - CUDA_VISIBLE_DEVICES: [0]
[I 2023-12-15 14:35:05,423] Trial 28 finished with value: 11.599822998046875 and parameters: {'gradient_clip_val': 0.5661993788558137, 'hidden_size': 53, 'dropout': 0.3469015775021994, 'hidden_continuous_size': 15, 'attention_head_size': 3, 'learning_rate': 0.009653029952469416}. Best is trial 2 with value: 5.467037200927734.
LOCAL_RANK: 0 - CUDA_VISIBLE_DEVICES: [0]
[I 2023-12-15 14:36:01,090] Trial 29 finished with value: 12.110405921936035 and parameters: {'gradient_clip_val': 0.36869004711076664, 'hidden_size': 78, 'dropout': 0.3769927588795782, 'hidden_continuous_size': 40, 'attention_head_size': 4, 'learning_rate': 0.012063726845437708}. Best is trial 2 with value: 5.467037200927734.
LOCAL_RANK: 0 - CUDA_VISIBLE_DEVICES: [0]
[I 2023-12-15 14:36:53,011] Trial 30 finished with value: 21.0373477935791 and parameters: {'gradient_clip_val': 0.45598866473120164, 'hidden_size': 40, 'dropout': 0.31816346026149095, 'hidden_continuous_size': 16, 'attention_head_size': 3, 'learning_rate': 0.005672927293192345}. Best is trial 2 with value: 5.467037200927734.
LOCAL_RANK: 0 - CUDA_VISIBLE_DEVICES: [0]
[I 2023-12-15 14:37:45,521] Trial 31 finished with value: 6.409952640533447 and parameters: {'gradient_clip_val': 0.5172884809277392, 'hidden_size': 49, 'dropout': 0.36305607620416636, 'hidden_continuous_size': 12, 'attention_head_size': 2, 'learning_rate': 0.00827710613592284}. Best is trial 2 with value: 5.467037200927734.
LOCAL_RANK: 0 - CUDA_VISIBLE_DEVICES: [0]
[I 2023-12-15 14:38:38,402] Trial 32 finished with value: 9.930923461914062 and parameters: {'gradient_clip_val': 0.6653972476851493, 'hidden_size': 58, 'dropout': 0.3553780574139466, 'hidden_continuous_size': 12, 'attention_head_size': 2, 'learning_rate': 0.01094274890657762}. Best is trial 2 with value: 5.467037200927734.
LOCAL_RANK: 0 - CUDA_VISIBLE_DEVICES: [0]
[I 2023-12-15 14:39:30,605] Trial 33 finished with value: 9.290247917175293 and parameters: {'gradient_clip_val': 0.7473614232982347, 'hidden_size': 45, 'dropout': 0.37623662161010213, 'hidden_continuous_size': 18, 'attention_head_size': 2, 'learning_rate': 0.005300989163460756}. Best is trial 2 with value: 5.467037200927734.
LOCAL_RANK: 0 - CUDA_VISIBLE_DEVICES: [0]
[I 2023-12-15 14:40:28,869] Trial 34 finished with value: 9.614392280578613 and parameters: {'gradient_clip_val': 0.5932431613771354, 'hidden_size': 99, 'dropout': 0.3528811210344452, 'hidden_continuous_size': 95, 'attention_head_size': 2, 'learning_rate': 0.008572892311095738}. Best is trial 2 with value: 5.467037200927734.
LOCAL_RANK: 0 - CUDA_VISIBLE_DEVICES: [0]
[I 2023-12-15 14:41:17,945] Trial 35 finished with value: 11.348528861999512 and parameters: {'gradient_clip_val': 0.38496479852496424, 'hidden_size': 27, 'dropout': 0.3262877234333101, 'hidden_continuous_size': 14, 'attention_head_size': 2, 'learning_rate': 0.012092861164919444}. Best is trial 2 with value: 5.467037200927734.
LOCAL_RANK: 0 - CUDA_VISIBLE_DEVICES: [0]
[I 2023-12-15 14:42:10,643] Trial 36 finished with value: 7.493295669555664 and parameters: {'gradient_clip_val': 0.4857584241796226, 'hidden_size': 80, 'dropout': 0.3466315642935535, 'hidden_continuous_size': 22, 'attention_head_size': 1, 'learning_rate': 0.01927058869503906}. Best is trial 2 with value: 5.467037200927734.
LOCAL_RANK: 0 - CUDA_VISIBLE_DEVICES: [0]
