[I 2023-12-26 17:27:58,421] Trial 27 finished with value: 855.0156860351562 and parameters: {'gradient_clip_val': 0.8487902947544457, 'hidden_size': 55, 'dropout': 0.42528971809176863, 'hidden_continuous_size': 12, 'attention_head_size': 1, 'learning_rate': 0.024359746555842096}. Best is trial 0 with value: 587.3867797851562.
[I 2023-12-26 17:28:02,211] Trial 28 finished with value: 1183.2557373046875 and parameters: {'gradient_clip_val': 0.6947017564541432, 'hidden_size': 68, 'dropout': 0.3604392571295529, 'hidden_continuous_size': 13, 'attention_head_size': 1, 'learning_rate': 0.03315773612846152}. Best is trial 0 with value: 587.3867797851562.
[I 2023-12-26 17:28:06,604] Trial 29 finished with value: 1018.7785034179688 and parameters: {'gradient_clip_val': 0.5851567575303201, 'hidden_size': 77, 'dropout': 0.39834095986916135, 'hidden_continuous_size': 8, 'attention_head_size': 1, 'learning_rate': 0.010570933781369888}. Best is trial 0 with value: 587.3867797851562.
[I 2023-12-26 17:28:09,606] Trial 30 finished with value: 784.6312866210938 and parameters: {'gradient_clip_val': 0.39091806680674285, 'hidden_size': 44, 'dropout': 0.44031218133262895, 'hidden_continuous_size': 18, 'attention_head_size': 4, 'learning_rate': 0.027809714550988525}. Best is trial 0 with value: 587.3867797851562.
[I 2023-12-26 17:28:15,338] Trial 31 finished with value: 931.586181640625 and parameters: {'gradient_clip_val': 0.5663284437779256, 'hidden_size': 95, 'dropout': 0.3771607029967296, 'hidden_continuous_size': 21, 'attention_head_size': 2, 'learning_rate': 0.055845944292260266}. Best is trial 0 with value: 587.3867797851562.
[I 2023-12-26 17:28:22,142] Trial 32 finished with value: 794.92138671875 and parameters: {'gradient_clip_val': 0.502982686024695, 'hidden_size': 111, 'dropout': 0.40136292004588614, 'hidden_continuous_size': 28, 'attention_head_size': 2, 'learning_rate': 0.05022057238690892}. Best is trial 0 with value: 587.3867797851562.
[I 2023-12-26 17:28:27,383] Trial 33 finished with value: 868.4164428710938 and parameters: {'gradient_clip_val': 0.5451713159808156, 'hidden_size': 86, 'dropout': 0.39101106077167613, 'hidden_continuous_size': 14, 'attention_head_size': 1, 'learning_rate': 0.06861150748295865}. Best is trial 0 with value: 587.3867797851562.
[I 2023-12-26 17:28:30,697] Trial 34 finished with value: 1073.8812255859375 and parameters: {'gradient_clip_val': 0.6654096184584812, 'hidden_size': 56, 'dropout': 0.4524615345680148, 'hidden_continuous_size': 19, 'attention_head_size': 2, 'learning_rate': 0.04465513747239122}. Best is trial 0 with value: 587.3867797851562.
[I 2023-12-26 17:28:35,674] Trial 35 finished with value: 1161.707763671875 and parameters: {'gradient_clip_val': 0.507278265883153, 'hidden_size': 78, 'dropout': 0.3603720524645398, 'hidden_continuous_size': 10, 'attention_head_size': 1, 'learning_rate': 0.01610288259759373}. Best is trial 0 with value: 587.3867797851562.
[I 2023-12-26 17:28:43,054] Trial 36 finished with value: 853.9371948242188 and parameters: {'gradient_clip_val': 0.32670705608982886, 'hidden_size': 119, 'dropout': 0.41907228271844205, 'hidden_continuous_size': 24, 'attention_head_size': 2, 'learning_rate': 0.028206306151715124}. Best is trial 0 with value: 587.3867797851562.
[I 2023-12-26 17:28:48,609] Trial 37 finished with value: 972.6807250976562 and parameters: {'gradient_clip_val': 0.791210100499202, 'hidden_size': 96, 'dropout': 0.39233344692266525, 'hidden_continuous_size': 16, 'attention_head_size': 3, 'learning_rate': 0.035330307101943445}. Best is trial 0 with value: 587.3867797851562.
[I 2023-12-26 17:28:51,844] Trial 38 finished with value: 942.2393188476562 and parameters: {'gradient_clip_val': 0.5908724608183322, 'hidden_size': 56, 'dropout': 0.3513358502851834, 'hidden_continuous_size': 14, 'attention_head_size': 1, 'learning_rate': 0.0991952009942218}. Best is trial 0 with value: 587.3867797851562.
[I 2023-12-26 17:28:55,785] Trial 39 finished with value: 889.4530639648438 and parameters: {'gradient_clip_val': 0.40342539124550425, 'hidden_size': 66, 'dropout': 0.45013029200357224, 'hidden_continuous_size': 13, 'attention_head_size': 4, 'learning_rate': 0.06657818207558835}. Best is trial 0 with value: 587.3867797851562.
[I 2023-12-26 17:29:03,223] Trial 40 finished with value: 745.128173828125 and parameters: {'gradient_clip_val': 0.4676381784769937, 'hidden_size': 128, 'dropout': 0.3815932269551644, 'hidden_continuous_size': 8, 'attention_head_size': 2, 'learning_rate': 0.043031178114061756}. Best is trial 0 with value: 587.3867797851562.
[I 2023-12-26 17:29:12,414] Trial 41 finished with value: 579.1829223632812 and parameters: {'gradient_clip_val': 0.47051598077636014, 'hidden_size': 133, 'dropout': 0.3192037552886794, 'hidden_continuous_size': 106, 'attention_head_size': 3, 'learning_rate': 0.071566989861585}. Best is trial 41 with value: 579.1829223632812.
[I 2023-12-26 17:29:19,153] Trial 42 finished with value: 813.1487426757812 and parameters: {'gradient_clip_val': 0.5079101581009369, 'hidden_size': 102, 'dropout': 0.31648888530537334, 'hidden_continuous_size': 74, 'attention_head_size': 3, 'learning_rate': 0.06937467319979482}. Best is trial 41 with value: 579.1829223632812.
[I 2023-12-26 17:29:24,098] Trial 43 finished with value: 1058.5626220703125 and parameters: {'gradient_clip_val': 0.43396544817621646, 'hidden_size': 79, 'dropout': 0.343820860640586, 'hidden_continuous_size': 21, 'attention_head_size': 3, 'learning_rate': 0.03530505701410859}. Best is trial 41 with value: 579.1829223632812.
[I 2023-12-26 17:29:34,871] Trial 44 finished with value: 763.94482421875 and parameters: {'gradient_clip_val': 0.5653235237515489, 'hidden_size': 150, 'dropout': 0.3660052068673981, 'hidden_continuous_size': 144, 'attention_head_size': 3, 'learning_rate': 0.07151611484192341}. Best is trial 41 with value: 579.1829223632812.
[I 2023-12-26 17:29:40,421] Trial 45 finished with value: 789.99267578125 and parameters: {'gradient_clip_val': 0.4803885598855189, 'hidden_size': 87, 'dropout': 0.28657623503464025, 'hidden_continuous_size': 31, 'attention_head_size': 4, 'learning_rate': 0.08289281041320462}. Best is trial 41 with value: 579.1829223632812.
[I 2023-12-26 17:29:46,978] Trial 46 finished with value: 990.5673217773438 and parameters: {'gradient_clip_val': 0.6284356698930682, 'hidden_size': 106, 'dropout': 0.31841806514536164, 'hidden_continuous_size': 19, 'attention_head_size': 3, 'learning_rate': 0.039713698050176265}. Best is trial 41 with value: 579.1829223632812.
[I 2023-12-26 17:29:51,038] Trial 47 finished with value: 1057.9295654296875 and parameters: {'gradient_clip_val': 0.7035900074164684, 'hidden_size': 63, 'dropout': 0.33761713231899965, 'hidden_continuous_size': 6, 'attention_head_size': 2, 'learning_rate': 0.056972293633904394}. Best is trial 41 with value: 579.1829223632812.
[I 2023-12-26 17:29:58,803] Trial 48 finished with value: 844.5687866210938 and parameters: {'gradient_clip_val': 0.41943091716883724, 'hidden_size': 127, 'dropout': 0.41627193803014356, 'hidden_continuous_size': 12, 'attention_head_size': 4, 'learning_rate': 0.028397596600298294}. Best is trial 41 with value: 579.1829223632812.
[I 2023-12-26 17:30:01,833] Trial 49 finished with value: 978.89208984375 and parameters: {'gradient_clip_val': 0.463493829914238, 'hidden_size': 50, 'dropout': 0.37613505152599325, 'hidden_continuous_size': 10, 'attention_head_size': 2, 'learning_rate': 0.048211207412590044}. Best is trial 41 with value: 579.1829223632812.
[I 2023-12-26 17:30:01,957] A new study created in memory with name: no-name-ad716db7-5e34-4eec-ad17-2f3be78765c6
/home/le004/conda/anaconda3/envs/tsff_env/lib/python3.9/site-packages/lightning/fabric/plugins/environments/slurm.py:191: The `srun` command is available on your system but is not used. HINT: If your intention is to run Lightning on SLURM, prepend your python command with `srun` like so: srun python /home/le004/master_thesis/git/TSFusionForecast/code/ ...
[I 2023-12-26 17:34:41,136] Trial 0 finished with value: 562.8583374023438 and parameters: {'gradient_clip_val': 0.8238581271610312, 'hidden_size': 19, 'dropout': 0.2745516112231233, 'hidden_continuous_size': 7, 'attention_head_size': 4, 'learning_rate': 0.023299772262130262}. Best is trial 0 with value: 562.8583374023438.
[I 2023-12-26 17:34:43,625] Trial 1 finished with value: 5793.46337890625 and parameters: {'gradient_clip_val': 0.6777764826612894, 'hidden_size': 12, 'dropout': 0.24742237633597797, 'hidden_continuous_size': 10, 'attention_head_size': 2, 'learning_rate': 0.015003814734099391}. Best is trial 0 with value: 562.8583374023438.
[I 2023-12-26 17:34:46,691] Trial 2 finished with value: 5971.73876953125 and parameters: {'gradient_clip_val': 0.3243706749172074, 'hidden_size': 22, 'dropout': 0.26728706660779117, 'hidden_continuous_size': 18, 'attention_head_size': 4, 'learning_rate': 0.000726162390796042}. Best is trial 0 with value: 562.8583374023438.
[I 2023-12-26 17:34:49,118] Trial 3 finished with value: 7580.72119140625 and parameters: {'gradient_clip_val': 0.10461850765198373, 'hidden_size': 17, 'dropout': 0.2516686374587974, 'hidden_continuous_size': 5, 'attention_head_size': 1, 'learning_rate': 0.0017383355400588016}. Best is trial 0 with value: 562.8583374023438.
[I 2023-12-26 17:34:53,703] Trial 4 finished with value: 7055.494140625 and parameters: {'gradient_clip_val': 0.4344744827148773, 'hidden_size': 51, 'dropout': 0.47134328789836377, 'hidden_continuous_size': 34, 'attention_head_size': 3, 'learning_rate': 0.015292183898099361}. Best is trial 0 with value: 562.8583374023438.
[I 2023-12-26 17:34:55,881] Trial 5 finished with value: 8057.78173828125 and parameters: {'gradient_clip_val': 0.13199117967363638, 'hidden_size': 7, 'dropout': 0.4668678963029558, 'hidden_continuous_size': 7, 'attention_head_size': 3, 'learning_rate': 0.0006801355449798445}. Best is trial 0 with value: 562.8583374023438.
[I 2023-12-26 17:35:05,008] Trial 6 finished with value: 5261.78271484375 and parameters: {'gradient_clip_val': 0.15692620313096697, 'hidden_size': 111, 'dropout': 0.10799525195907322, 'hidden_continuous_size': 54, 'attention_head_size': 3, 'learning_rate': 0.01560505541966382}. Best is trial 0 with value: 562.8583374023438.
[I 2023-12-26 17:35:08,392] Trial 7 finished with value: 6744.185546875 and parameters: {'gradient_clip_val': 0.1561453943513486, 'hidden_size': 39, 'dropout': 0.3480160239869605, 'hidden_continuous_size': 31, 'attention_head_size': 1, 'learning_rate': 0.041979621574487355}. Best is trial 0 with value: 562.8583374023438.
[I 2023-12-26 17:35:10,890] Trial 8 finished with value: 7720.814453125 and parameters: {'gradient_clip_val': 0.24542934737518193, 'hidden_size': 19, 'dropout': 0.30906603533556365, 'hidden_continuous_size': 18, 'attention_head_size': 1, 'learning_rate': 0.0019169945106061726}. Best is trial 0 with value: 562.8583374023438.
[I 2023-12-26 17:35:15,444] Trial 9 finished with value: 7196.43994140625 and parameters: {'gradient_clip_val': 0.25780271779799996, 'hidden_size': 68, 'dropout': 0.21381886662853475, 'hidden_continuous_size': 9, 'attention_head_size': 1, 'learning_rate': 0.0008612629723910085}. Best is trial 0 with value: 562.8583374023438.
[I 2023-12-26 17:35:17,517] Trial 10 finished with value: 6977.90771484375 and parameters: {'gradient_clip_val': 0.9690597133590239, 'hidden_size': 7, 'dropout': 0.3734090069139676, 'hidden_continuous_size': 5, 'attention_head_size': 4, 'learning_rate': 0.09709466251987259}. Best is trial 0 with value: 562.8583374023438.
[I 2023-12-26 17:35:27,546] Trial 11 finished with value: 6747.81591796875 and parameters: {'gradient_clip_val': 0.5136632834724332, 'hidden_size': 125, 'dropout': 0.10185347566087444, 'hidden_continuous_size': 103, 'attention_head_size': 4, 'learning_rate': 0.008444591837695057}. Best is trial 0 with value: 562.8583374023438.
[I 2023-12-26 17:35:36,698] Trial 12 finished with value: 6733.84619140625 and parameters: {'gradient_clip_val': 0.9320618140120984, 'hidden_size': 116, 'dropout': 0.1171537716211579, 'hidden_continuous_size': 59, 'attention_head_size': 3, 'learning_rate': 0.028567024124725185}. Best is trial 0 with value: 562.8583374023438.
[I 2023-12-26 17:35:40,078] Trial 13 finished with value: 5899.77880859375 and parameters: {'gradient_clip_val': 0.19949187440988275, 'hidden_size': 35, 'dropout': 0.166402847805442, 'hidden_continuous_size': 7, 'attention_head_size': 2, 'learning_rate': 0.006575239868918865}. Best is trial 0 with value: 562.8583374023438.
[I 2023-12-26 17:35:44,956] Trial 14 finished with value: 4837.9609375 and parameters: {'gradient_clip_val': 0.3713973035399084, 'hidden_size': 68, 'dropout': 0.17542666699237258, 'hidden_continuous_size': 13, 'attention_head_size': 4, 'learning_rate': 0.037864334084839996}. Best is trial 0 with value: 562.8583374023438.
[I 2023-12-26 17:35:50,854] Trial 15 finished with value: 6477.99462890625 and parameters: {'gradient_clip_val': 0.4036924663239615, 'hidden_size': 66, 'dropout': 0.18152502188305977, 'hidden_continuous_size': 12, 'attention_head_size': 4, 'learning_rate': 0.08304138697911491}. Best is trial 0 with value: 562.8583374023438.
[I 2023-12-26 17:35:54,121] Trial 16 finished with value: 6172.669921875 and parameters: {'gradient_clip_val': 0.6584814289879477, 'hidden_size': 31, 'dropout': 0.1694201490667377, 'hidden_continuous_size': 7, 'attention_head_size': 4, 'learning_rate': 0.04818336074033022}. Best is trial 0 with value: 562.8583374023438.
[I 2023-12-26 17:35:56,362] Trial 17 finished with value: 4982.55419921875 and parameters: {'gradient_clip_val': 0.5570387735191582, 'hidden_size': 14, 'dropout': 0.20856618030422147, 'hidden_continuous_size': 6, 'attention_head_size': 4, 'learning_rate': 0.029553695383549537}. Best is trial 0 with value: 562.8583374023438.
[I 2023-12-26 17:35:58,751] Trial 18 finished with value: 5508.09423828125 and parameters: {'gradient_clip_val': 0.34886863818372654, 'hidden_size': 25, 'dropout': 0.28922846370484534, 'hidden_continuous_size': 9, 'attention_head_size': 2, 'learning_rate': 0.0586714891303721}. Best is trial 0 with value: 562.8583374023438.
[I 2023-12-26 17:36:01,077] Trial 19 finished with value: 6144.87158203125 and parameters: {'gradient_clip_val': 0.7685295366222488, 'hidden_size': 11, 'dropout': 0.21593993793416116, 'hidden_continuous_size': 6, 'attention_head_size': 3, 'learning_rate': 0.027409888395458448}. Best is trial 0 with value: 562.8583374023438.
[I 2023-12-26 17:36:03,667] Trial 20 finished with value: 6269.18115234375 and parameters: {'gradient_clip_val': 0.49068727511512195, 'hidden_size': 29, 'dropout': 0.3211452143093399, 'hidden_continuous_size': 12, 'attention_head_size': 4, 'learning_rate': 0.06346551274688142}. Best is trial 0 with value: 562.8583374023438.
[I 2023-12-26 17:36:05,835] Trial 21 finished with value: 5923.74365234375 and parameters: {'gradient_clip_val': 0.5606655449682131, 'hidden_size': 17, 'dropout': 0.22105410089174518, 'hidden_continuous_size': 6, 'attention_head_size': 4, 'learning_rate': 0.033946890806282576}. Best is trial 0 with value: 562.8583374023438.
[I 2023-12-26 17:36:07,659] Trial 22 finished with value: 6828.79443359375 and parameters: {'gradient_clip_val': 0.557213032378453, 'hidden_size': 5, 'dropout': 0.1464722294133025, 'hidden_continuous_size': 5, 'attention_head_size': 4, 'learning_rate': 0.02260712564680312}. Best is trial 0 with value: 562.8583374023438.
[I 2023-12-26 17:36:09,822] Trial 23 finished with value: 7268.47412109375 and parameters: {'gradient_clip_val': 0.4014534214263933, 'hidden_size': 14, 'dropout': 0.20077002849624775, 'hidden_continuous_size': 6, 'attention_head_size': 3, 'learning_rate': 0.044560556432165166}. Best is trial 0 with value: 562.8583374023438.
[I 2023-12-26 17:36:12,141] Trial 24 finished with value: 5801.05859375 and parameters: {'gradient_clip_val': 0.7636494846721844, 'hidden_size': 22, 'dropout': 0.1435352288547364, 'hidden_continuous_size': 8, 'attention_head_size': 4, 'learning_rate': 0.06978149725707725}. Best is trial 0 with value: 562.8583374023438.
[I 2023-12-26 17:36:14,878] Trial 25 finished with value: 6173.05126953125 and parameters: {'gradient_clip_val': 0.624535015693564, 'hidden_size': 37, 'dropout': 0.24426046665754333, 'hidden_continuous_size': 10, 'attention_head_size': 4, 'learning_rate': 0.023469424442412803}. Best is trial 0 with value: 562.8583374023438.
[I 2023-12-26 17:36:17,032] Trial 26 finished with value: 7264.04150390625 and parameters: {'gradient_clip_val': 0.8102567120096563, 'hidden_size': 14, 'dropout': 0.19506168933841034, 'hidden_continuous_size': 6, 'attention_head_size': 3, 'learning_rate': 0.035177688030660924}. Best is trial 0 with value: 562.8583374023438.
[I 2023-12-26 17:36:19,543] Trial 27 finished with value: 7282.62890625 and parameters: {'gradient_clip_val': 0.46497973076372573, 'hidden_size': 28, 'dropout': 0.2843963676545067, 'hidden_continuous_size': 8, 'attention_head_size': 4, 'learning_rate': 0.09822213291911473}. Best is trial 0 with value: 562.8583374023438.
[I 2023-12-26 17:36:22,702] Trial 28 finished with value: 4503.45556640625 and parameters: {'gradient_clip_val': 0.5749147959362334, 'hidden_size': 50, 'dropout': 0.2308130566589502, 'hidden_continuous_size': 13, 'attention_head_size': 3, 'learning_rate': 0.05896838834731894}. Best is trial 0 with value: 562.8583374023438.
[I 2023-12-26 17:36:25,594] Trial 29 finished with value: 7491.14990234375 and parameters: {'gradient_clip_val': 0.6526920616151506, 'hidden_size': 48, 'dropout': 0.2396826878955223, 'hidden_continuous_size': 12, 'attention_head_size': 2, 'learning_rate': 0.06781735128833388}. Best is trial 0 with value: 562.8583374023438.
[I 2023-12-26 17:36:30,588] Trial 30 finished with value: 5380.9638671875 and parameters: {'gradient_clip_val': 0.36653076642814747, 'hidden_size': 81, 'dropout': 0.26518875332590225, 'hidden_continuous_size': 15, 'attention_head_size': 3, 'learning_rate': 0.04323722567179537}. Best is trial 0 with value: 562.8583374023438.
[I 2023-12-26 17:36:33,894] Trial 31 finished with value: 6246.52001953125 and parameters: {'gradient_clip_val': 0.5706465798391093, 'hidden_size': 46, 'dropout': 0.23129946908885957, 'hidden_continuous_size': 11, 'attention_head_size': 4, 'learning_rate': 0.019916690178179843}. Best is trial 0 with value: 562.8583374023438.
[I 2023-12-26 17:36:36,311] Trial 32 finished with value: 5320.666015625 and parameters: {'gradient_clip_val': 0.49055336003336325, 'hidden_size': 25, 'dropout': 0.19944648164434142, 'hidden_continuous_size': 10, 'attention_head_size': 4, 'learning_rate': 0.05481987979918867}. Best is trial 0 with value: 562.8583374023438.
[I 2023-12-26 17:36:41,340] Trial 33 finished with value: 5242.5966796875 and parameters: {'gradient_clip_val': 0.7628190345188066, 'hidden_size': 82, 'dropout': 0.25752802143085074, 'hidden_continuous_size': 14, 'attention_head_size': 3, 'learning_rate': 0.03286308602450854}. Best is trial 0 with value: 562.8583374023438.
[I 2023-12-26 17:36:44,837] Trial 34 finished with value: 6229.58056640625 and parameters: {'gradient_clip_val': 0.4401127716984916, 'hidden_size': 55, 'dropout': 0.2699336939224747, 'hidden_continuous_size': 14, 'attention_head_size': 4, 'learning_rate': 0.010638895383592176}. Best is trial 0 with value: 562.8583374023438.
[I 2023-12-26 17:36:47,138] Trial 35 finished with value: 7108.369140625 and parameters: {'gradient_clip_val': 0.31243606701434684, 'hidden_size': 21, 'dropout': 0.23631581877928118, 'hidden_continuous_size': 5, 'attention_head_size': 3, 'learning_rate': 0.01803191321917176}. Best is trial 0 with value: 562.8583374023438.
[I 2023-12-26 17:36:50,011] Trial 36 finished with value: 4653.12255859375 and parameters: {'gradient_clip_val': 0.6066560149460078, 'hidden_size': 41, 'dropout': 0.1868014966542767, 'hidden_continuous_size': 16, 'attention_head_size': 4, 'learning_rate': 0.013905555126972984}. Best is trial 0 with value: 562.8583374023438.
[I 2023-12-26 17:36:52,877] Trial 37 finished with value: 5023.36181640625 and parameters: {'gradient_clip_val': 0.658444106296226, 'hidden_size': 42, 'dropout': 0.18103026156923743, 'hidden_continuous_size': 17, 'attention_head_size': 3, 'learning_rate': 0.012490337825349331}. Best is trial 0 with value: 562.8583374023438.
[I 2023-12-26 17:36:56,489] Trial 38 finished with value: 6568.357421875 and parameters: {'gradient_clip_val': 0.8673719612413052, 'hidden_size': 58, 'dropout': 0.14976300874043177, 'hidden_continuous_size': 20, 'attention_head_size': 2, 'learning_rate': 0.015575900870636098}. Best is trial 0 with value: 562.8583374023438.
[I 2023-12-26 17:36:59,165] Trial 39 finished with value: 6985.55029296875 and parameters: {'gradient_clip_val': 0.7186309763632306, 'hidden_size': 35, 'dropout': 0.2506461628634016, 'hidden_continuous_size': 11, 'attention_head_size': 4, 'learning_rate': 0.021834434640355747}. Best is trial 0 with value: 562.8583374023438.
[I 2023-12-26 17:37:02,125] Trial 40 finished with value: 6891.04638671875 and parameters: {'gradient_clip_val': 0.9191675288396088, 'hidden_size': 44, 'dropout': 0.192082747741344, 'hidden_continuous_size': 16, 'attention_head_size': 3, 'learning_rate': 0.041662990741653555}. Best is trial 0 with value: 562.8583374023438.
[I 2023-12-26 17:37:05,423] Trial 41 finished with value: 5992.94287109375 and parameters: {'gradient_clip_val': 0.5767587160992372, 'hidden_size': 52, 'dropout': 0.22132814107281143, 'hidden_continuous_size': 19, 'attention_head_size': 4, 'learning_rate': 0.029547191544885665}. Best is trial 0 with value: 562.8583374023438.
[I 2023-12-26 17:37:11,550] Trial 42 finished with value: 6298.703125 and parameters: {'gradient_clip_val': 0.687251216124977, 'hidden_size': 97, 'dropout': 0.20824734411841556, 'hidden_continuous_size': 23, 'attention_head_size': 4, 'learning_rate': 0.017835683121174745}. Best is trial 0 with value: 562.8583374023438.
