[I 2023-12-26 15:51:50,052] Trial 46 finished with value: 3.2946269512176514 and parameters: {'gradient_clip_val': 0.12417178135760604, 'hidden_size': 54, 'dropout': 0.28560075019012443, 'hidden_continuous_size': 18, 'attention_head_size': 2, 'learning_rate': 0.0005014944550740719}. Best is trial 0 with value: 0.09731659293174744.
[I 2023-12-26 15:51:52,753] Trial 47 finished with value: 2.475107431411743 and parameters: {'gradient_clip_val': 0.15549298928541103, 'hidden_size': 34, 'dropout': 0.30896889426841584, 'hidden_continuous_size': 13, 'attention_head_size': 3, 'learning_rate': 0.0006907394892734707}. Best is trial 0 with value: 0.09731659293174744.
[I 2023-12-26 15:51:55,305] Trial 48 finished with value: 3.2560436725616455 and parameters: {'gradient_clip_val': 0.18986447518188143, 'hidden_size': 32, 'dropout': 0.3128013606803411, 'hidden_continuous_size': 11, 'attention_head_size': 4, 'learning_rate': 0.0010014725862382173}. Best is trial 0 with value: 0.09731659293174744.
[I 2023-12-26 15:51:58,283] Trial 49 finished with value: 2.056823968887329 and parameters: {'gradient_clip_val': 0.15555069778635422, 'hidden_size': 39, 'dropout': 0.22518617402220698, 'hidden_continuous_size': 16, 'attention_head_size': 3, 'learning_rate': 0.000679208619333446}. Best is trial 0 with value: 0.09731659293174744.
[I 2023-12-26 15:51:58,405] A new study created in memory with name: no-name-3ea302ae-6aec-4036-9e98-3f7f80f6612e
/home/le004/conda/anaconda3/envs/tsff_env/lib/python3.9/site-packages/lightning/fabric/plugins/environments/slurm.py:191: The `srun` command is available on your system but is not used. HINT: If your intention is to run Lightning on SLURM, prepend your python command with `srun` like so: srun python /home/le004/master_thesis/git/TSFusionForecast/code/ ...
[I 2023-12-26 15:56:39,573] Trial 0 finished with value: 13.730685234069824 and parameters: {'gradient_clip_val': 0.7408978812014829, 'hidden_size': 11, 'dropout': 0.13648977524795183, 'hidden_continuous_size': 6, 'attention_head_size': 3, 'learning_rate': 0.000959576106397123}. Best is trial 0 with value: 13.730685234069824.
[I 2023-12-26 16:09:00,870] Trial 1 finished with value: 21.751548767089844 and parameters: {'gradient_clip_val': 0.7342296936787657, 'hidden_size': 132, 'dropout': 0.23842209992374783, 'hidden_continuous_size': 33, 'attention_head_size': 2, 'learning_rate': 0.0020720370374485986}. Best is trial 0 with value: 13.730685234069824.
[I 2023-12-26 16:09:04,356] Trial 2 finished with value: 101.02920532226562 and parameters: {'gradient_clip_val': 0.13081787742206336, 'hidden_size': 36, 'dropout': 0.38708283683348654, 'hidden_continuous_size': 16, 'attention_head_size': 3, 'learning_rate': 0.00058780292065299}. Best is trial 0 with value: 13.730685234069824.
[I 2023-12-26 16:09:16,052] Trial 3 finished with value: 80.82144165039062 and parameters: {'gradient_clip_val': 0.21641106792910386, 'hidden_size': 149, 'dropout': 0.46365418168834105, 'hidden_continuous_size': 24, 'attention_head_size': 2, 'learning_rate': 0.0006847271100039614}. Best is trial 0 with value: 13.730685234069824.
[I 2023-12-26 16:09:18,920] Trial 4 finished with value: 61.91737747192383 and parameters: {'gradient_clip_val': 0.5747613023085912, 'hidden_size': 22, 'dropout': 0.18068047137366913, 'hidden_continuous_size': 10, 'attention_head_size': 4, 'learning_rate': 0.0014663036294027718}. Best is trial 0 with value: 13.730685234069824.
[I 2023-12-26 16:09:22,120] Trial 5 finished with value: 68.40190887451172 and parameters: {'gradient_clip_val': 0.7289141467067819, 'hidden_size': 27, 'dropout': 0.10235694505916917, 'hidden_continuous_size': 6, 'attention_head_size': 4, 'learning_rate': 0.02312642219742039}. Best is trial 0 with value: 13.730685234069824.
[I 2023-12-26 16:09:26,105] Trial 6 finished with value: 73.37616729736328 and parameters: {'gradient_clip_val': 0.2277931461194625, 'hidden_size': 43, 'dropout': 0.4207702997687647, 'hidden_continuous_size': 5, 'attention_head_size': 4, 'learning_rate': 0.03985895045012135}. Best is trial 0 with value: 13.730685234069824.
[I 2023-12-26 16:09:28,265] Trial 7 finished with value: 66.8845443725586 and parameters: {'gradient_clip_val': 0.13135897942403704, 'hidden_size': 8, 'dropout': 0.37988828141469766, 'hidden_continuous_size': 8, 'attention_head_size': 3, 'learning_rate': 0.05406148135543293}. Best is trial 0 with value: 13.730685234069824.
[I 2023-12-26 16:09:32,209] Trial 8 finished with value: 59.14041519165039 and parameters: {'gradient_clip_val': 0.4173765252162913, 'hidden_size': 37, 'dropout': 0.10112720393474701, 'hidden_continuous_size': 23, 'attention_head_size': 4, 'learning_rate': 0.010874313598703366}. Best is trial 0 with value: 13.730685234069824.
[I 2023-12-26 16:09:41,350] Trial 9 finished with value: 70.84342193603516 and parameters: {'gradient_clip_val': 0.12960757231606523, 'hidden_size': 113, 'dropout': 0.2595939379662653, 'hidden_continuous_size': 10, 'attention_head_size': 3, 'learning_rate': 0.038623993095075394}. Best is trial 0 with value: 13.730685234069824.
[I 2023-12-26 16:09:43,977] Trial 10 finished with value: 53.62065124511719 and parameters: {'gradient_clip_val': 0.8774172785982851, 'hidden_size': 6, 'dropout': 0.32037744465979584, 'hidden_continuous_size': 5, 'attention_head_size': 1, 'learning_rate': 0.004469759457900729}. Best is trial 0 with value: 13.730685234069824.
[I 2023-12-26 16:09:46,482] Trial 11 finished with value: 76.52974700927734 and parameters: {'gradient_clip_val': 0.9237122042761585, 'hidden_size': 13, 'dropout': 0.21617158431167616, 'hidden_continuous_size': 7, 'attention_head_size': 2, 'learning_rate': 0.0022499204354225802}. Best is trial 0 with value: 13.730685234069824.
[I 2023-12-26 16:09:54,061] Trial 12 finished with value: 70.61956787109375 and parameters: {'gradient_clip_val': 0.4920855153749001, 'hidden_size': 85, 'dropout': 0.17841220860610868, 'hidden_continuous_size': 50, 'attention_head_size': 1, 'learning_rate': 0.00189208892090535}. Best is trial 0 with value: 13.730685234069824.
[I 2023-12-26 16:09:56,625] Trial 13 finished with value: 60.639041900634766 and parameters: {'gradient_clip_val': 0.6129787146624063, 'hidden_size': 14, 'dropout': 0.29525431006099756, 'hidden_continuous_size': 6, 'attention_head_size': 2, 'learning_rate': 0.00450571791941694}. Best is trial 0 with value: 13.730685234069824.
[I 2023-12-26 16:10:02,224] Trial 14 finished with value: 72.15484619140625 and parameters: {'gradient_clip_val': 0.9614157858973579, 'hidden_size': 57, 'dropout': 0.1582746527607091, 'hidden_continuous_size': 52, 'attention_head_size': 2, 'learning_rate': 0.0012297977893266842}. Best is trial 0 with value: 13.730685234069824.
[I 2023-12-26 16:10:07,965] Trial 15 finished with value: 73.3156509399414 and parameters: {'gradient_clip_val': 0.38500370913638515, 'hidden_size': 63, 'dropout': 0.24655104822213622, 'hidden_continuous_size': 36, 'attention_head_size': 3, 'learning_rate': 0.0005283261486366897}. Best is trial 0 with value: 13.730685234069824.
[I 2023-12-26 16:10:10,028] Trial 16 finished with value: 52.29710388183594 and parameters: {'gradient_clip_val': 0.6977315018472727, 'hidden_size': 5, 'dropout': 0.14121972215350084, 'hidden_continuous_size': 5, 'attention_head_size': 1, 'learning_rate': 0.0032871335990543415}. Best is trial 0 with value: 13.730685234069824.
[I 2023-12-26 16:10:23,209] Trial 17 finished with value: 60.62825393676758 and parameters: {'gradient_clip_val': 0.561394756419337, 'hidden_size': 149, 'dropout': 0.21097636952062196, 'hidden_continuous_size': 110, 'attention_head_size': 2, 'learning_rate': 0.000959451653518487}. Best is trial 0 with value: 13.730685234069824.
[I 2023-12-26 16:10:30,166] Trial 18 finished with value: 79.60266876220703 and parameters: {'gradient_clip_val': 0.7978706180879622, 'hidden_size': 81, 'dropout': 0.14115648223817878, 'hidden_continuous_size': 14, 'attention_head_size': 3, 'learning_rate': 0.0011895404877920778}. Best is trial 0 with value: 13.730685234069824.
[I 2023-12-26 16:10:32,770] Trial 19 finished with value: 72.18988800048828 and parameters: {'gradient_clip_val': 0.6807841709628751, 'hidden_size': 17, 'dropout': 0.21662094695639883, 'hidden_continuous_size': 6, 'attention_head_size': 2, 'learning_rate': 0.00232241732730431}. Best is trial 0 with value: 13.730685234069824.
[I 2023-12-26 16:10:35,247] Trial 20 finished with value: 66.5364761352539 and parameters: {'gradient_clip_val': 0.49558261298405365, 'hidden_size': 9, 'dropout': 0.28293109282097134, 'hidden_continuous_size': 5, 'attention_head_size': 3, 'learning_rate': 0.008198425139542626}. Best is trial 0 with value: 13.730685234069824.
[I 2023-12-26 16:10:37,422] Trial 21 finished with value: 69.0927963256836 and parameters: {'gradient_clip_val': 0.7251814240584884, 'hidden_size': 5, 'dropout': 0.14220854638516467, 'hidden_continuous_size': 5, 'attention_head_size': 1, 'learning_rate': 0.003454554616660714}. Best is trial 0 with value: 13.730685234069824.
[I 2023-12-26 16:10:39,804] Trial 22 finished with value: 78.07593536376953 and parameters: {'gradient_clip_val': 0.9680111804188171, 'hidden_size': 5, 'dropout': 0.12890732591341164, 'hidden_continuous_size': 5, 'attention_head_size': 1, 'learning_rate': 0.0029411964966414563}. Best is trial 0 with value: 13.730685234069824.
[I 2023-12-26 16:10:42,218] Trial 23 finished with value: 53.15460205078125 and parameters: {'gradient_clip_val': 0.7658017573571826, 'hidden_size': 9, 'dropout': 0.18059280995427032, 'hidden_continuous_size': 5, 'attention_head_size': 1, 'learning_rate': 0.0009335662173455972}. Best is trial 0 with value: 13.730685234069824.
[I 2023-12-26 16:10:44,555] Trial 24 finished with value: 68.8346939086914 and parameters: {'gradient_clip_val': 0.6227725662702434, 'hidden_size': 7, 'dropout': 0.12254812815885924, 'hidden_continuous_size': 5, 'attention_head_size': 1, 'learning_rate': 0.0017250506863095713}. Best is trial 0 with value: 13.730685234069824.
[I 2023-12-26 16:10:47,078] Trial 25 finished with value: 75.12191009521484 and parameters: {'gradient_clip_val': 0.7828871181913097, 'hidden_size': 11, 'dropout': 0.1607631359726425, 'hidden_continuous_size': 6, 'attention_head_size': 2, 'learning_rate': 0.00535576208633063}. Best is trial 0 with value: 13.730685234069824.
[I 2023-12-26 16:10:49,492] Trial 26 finished with value: 59.63966751098633 and parameters: {'gradient_clip_val': 0.9899231514347553, 'hidden_size': 7, 'dropout': 0.2011161441570129, 'hidden_continuous_size': 5, 'attention_head_size': 3, 'learning_rate': 0.002836816545225429}. Best is trial 0 with value: 13.730685234069824.
[I 2023-12-26 16:10:52,262] Trial 27 finished with value: 73.11145782470703 and parameters: {'gradient_clip_val': 0.6615769654367045, 'hidden_size': 20, 'dropout': 0.24764834449166423, 'hidden_continuous_size': 8, 'attention_head_size': 2, 'learning_rate': 0.001676355538913678}. Best is trial 0 with value: 13.730685234069824.
[I 2023-12-26 16:10:54,712] Trial 28 finished with value: 75.2508773803711 and parameters: {'gradient_clip_val': 0.43030682304296086, 'hidden_size': 11, 'dropout': 0.15911568010821364, 'hidden_continuous_size': 6, 'attention_head_size': 1, 'learning_rate': 0.0008582581987711376}. Best is trial 0 with value: 13.730685234069824.
[I 2023-12-26 16:10:56,851] Trial 29 finished with value: 78.44141387939453 and parameters: {'gradient_clip_val': 0.5218005871845681, 'hidden_size': 5, 'dropout': 0.12674758933417696, 'hidden_continuous_size': 5, 'attention_head_size': 3, 'learning_rate': 0.0006719226896594876}. Best is trial 0 with value: 13.730685234069824.
[I 2023-12-26 16:10:59,959] Trial 30 finished with value: 65.32339477539062 and parameters: {'gradient_clip_val': 0.8549011368509946, 'hidden_size': 27, 'dropout': 0.3325547005645678, 'hidden_continuous_size': 7, 'attention_head_size': 2, 'learning_rate': 0.0013296935096235596}. Best is trial 0 with value: 13.730685234069824.
[I 2023-12-26 16:11:02,358] Trial 31 finished with value: 58.764801025390625 and parameters: {'gradient_clip_val': 0.7758308346319934, 'hidden_size': 9, 'dropout': 0.1877925540725114, 'hidden_continuous_size': 5, 'attention_head_size': 1, 'learning_rate': 0.0008753870695862987}. Best is trial 0 with value: 13.730685234069824.
[I 2023-12-26 16:11:04,679] Trial 32 finished with value: 59.500152587890625 and parameters: {'gradient_clip_val': 0.6506928731155174, 'hidden_size': 6, 'dropout': 0.17421072604635265, 'hidden_continuous_size': 5, 'attention_head_size': 1, 'learning_rate': 0.0005176410842689696}. Best is trial 0 with value: 13.730685234069824.
[I 2023-12-26 16:11:07,142] Trial 33 finished with value: 52.180416107177734 and parameters: {'gradient_clip_val': 0.8249186272831512, 'hidden_size': 11, 'dropout': 0.19623607585958777, 'hidden_continuous_size': 6, 'attention_head_size': 1, 'learning_rate': 0.0010170749982332762}. Best is trial 0 with value: 13.730685234069824.
[I 2023-12-26 16:11:09,953] Trial 34 finished with value: 66.86224365234375 and parameters: {'gradient_clip_val': 0.5761173790580107, 'hidden_size': 17, 'dropout': 0.22993366281556402, 'hidden_continuous_size': 7, 'attention_head_size': 1, 'learning_rate': 0.002143580315547221}. Best is trial 0 with value: 13.730685234069824.
[I 2023-12-26 16:11:12,849] Trial 35 finished with value: 55.8526496887207 and parameters: {'gradient_clip_val': 0.8564957059258305, 'hidden_size': 23, 'dropout': 0.19198249625297645, 'hidden_continuous_size': 9, 'attention_head_size': 1, 'learning_rate': 0.0014752013327167532}. Best is trial 0 with value: 13.730685234069824.
[I 2023-12-26 16:11:16,109] Trial 36 finished with value: 81.34465789794922 and parameters: {'gradient_clip_val': 0.7030655468140534, 'hidden_size': 32, 'dropout': 0.2308379982969537, 'hidden_continuous_size': 12, 'attention_head_size': 2, 'learning_rate': 0.0007839451604950581}. Best is trial 0 with value: 13.730685234069824.
[I 2023-12-26 16:11:18,657] Trial 37 finished with value: 86.90816497802734 and parameters: {'gradient_clip_val': 0.5766747926821849, 'hidden_size': 11, 'dropout': 0.11204776756856437, 'hidden_continuous_size': 6, 'attention_head_size': 4, 'learning_rate': 0.0006514910051197143}. Best is trial 0 with value: 13.730685234069824.
[I 2023-12-26 16:11:21,361] Trial 38 finished with value: 62.74213790893555 and parameters: {'gradient_clip_val': 0.2969296440436431, 'hidden_size': 18, 'dropout': 0.14438653506781923, 'hidden_continuous_size': 8, 'attention_head_size': 3, 'learning_rate': 0.0011838297429994456}. Best is trial 0 with value: 13.730685234069824.
[I 2023-12-26 16:11:24,357] Trial 39 finished with value: 60.2176628112793 and parameters: {'gradient_clip_val': 0.7072209247723232, 'hidden_size': 23, 'dropout': 0.10268340282638554, 'hidden_continuous_size': 9, 'attention_head_size': 4, 'learning_rate': 0.001548250253807201}. Best is trial 0 with value: 13.730685234069824.
[I 2023-12-26 16:11:26,960] Trial 40 finished with value: 73.89774322509766 and parameters: {'gradient_clip_val': 0.8165288621693638, 'hidden_size': 14, 'dropout': 0.19963040358298367, 'hidden_continuous_size': 7, 'attention_head_size': 2, 'learning_rate': 0.002605330165672133}. Best is trial 0 with value: 13.730685234069824.
[I 2023-12-26 16:11:29,388] Trial 41 finished with value: 74.5999984741211 and parameters: {'gradient_clip_val': 0.8685285701287019, 'hidden_size': 9, 'dropout': 0.16057757610848358, 'hidden_continuous_size': 6, 'attention_head_size': 1, 'learning_rate': 0.0010326226246424354}. Best is trial 0 with value: 13.730685234069824.
[I 2023-12-26 16:11:31,715] Trial 42 finished with value: 65.56023406982422 and parameters: {'gradient_clip_val': 0.7298849510432179, 'hidden_size': 7, 'dropout': 0.17993353212561342, 'hidden_continuous_size': 5, 'attention_head_size': 1, 'learning_rate': 0.000668067255857031}. Best is trial 0 with value: 13.730685234069824.
[I 2023-12-26 16:11:33,954] Trial 43 finished with value: 59.70038986206055 and parameters: {'gradient_clip_val': 0.772442733514909, 'hidden_size': 8, 'dropout': 0.17498408100089827, 'hidden_continuous_size': 6, 'attention_head_size': 1, 'learning_rate': 0.000941370178747549}. Best is trial 0 with value: 13.730685234069824.
[I 2023-12-26 16:11:36,497] Trial 44 finished with value: 86.9731674194336 and parameters: {'gradient_clip_val': 0.9053562844872417, 'hidden_size': 13, 'dropout': 0.19749457050706767, 'hidden_continuous_size': 7, 'attention_head_size': 1, 'learning_rate': 0.001975899699232616}. Best is trial 0 with value: 13.730685234069824.
[I 2023-12-26 16:11:40,643] Trial 45 finished with value: 59.017513275146484 and parameters: {'gradient_clip_val': 0.642149211268218, 'hidden_size': 44, 'dropout': 0.1356752636649541, 'hidden_continuous_size': 18, 'attention_head_size': 1, 'learning_rate': 0.001349331673383118}. Best is trial 0 with value: 13.730685234069824.
[I 2023-12-26 16:11:43,320] Trial 46 finished with value: 70.47274017333984 and parameters: {'gradient_clip_val': 0.5457438817505903, 'hidden_size': 6, 'dropout': 0.49912649909822293, 'hidden_continuous_size': 5, 'attention_head_size': 2, 'learning_rate': 0.0007800193320078893}. Best is trial 0 with value: 13.730685234069824.
[I 2023-12-26 16:11:45,764] Trial 47 finished with value: 76.2174072265625 and parameters: {'gradient_clip_val': 0.9980847953999715, 'hidden_size': 10, 'dropout': 0.11949319607417225, 'hidden_continuous_size': 6, 'attention_head_size': 1, 'learning_rate': 0.001040224867172587}. Best is trial 0 with value: 13.730685234069824.
[I 2023-12-26 16:11:48,221] Trial 48 finished with value: 74.2403564453125 and parameters: {'gradient_clip_val': 0.6128927673438371, 'hidden_size': 16, 'dropout': 0.1517552787509265, 'hidden_continuous_size': 10, 'attention_head_size': 3, 'learning_rate': 0.0017354932773960897}. Best is trial 0 with value: 13.730685234069824.
[I 2023-12-26 16:11:50,733] Trial 49 finished with value: 80.4107437133789 and parameters: {'gradient_clip_val': 0.8943002884672029, 'hidden_size': 13, 'dropout': 0.1712887264440186, 'hidden_continuous_size': 7, 'attention_head_size': 1, 'learning_rate': 0.0005940112211466538}. Best is trial 0 with value: 13.730685234069824.
[I 2023-12-26 16:11:50,935] A new study created in memory with name: no-name-d1773417-554f-4181-91e7-0139580501f9
/home/le004/conda/anaconda3/envs/tsff_env/lib/python3.9/site-packages/lightning/fabric/plugins/environments/slurm.py:191: The `srun` command is available on your system but is not used. HINT: If your intention is to run Lightning on SLURM, prepend your python command with `srun` like so: srun python /home/le004/master_thesis/git/TSFusionForecast/code/ ...
[I 2023-12-26 16:17:44,890] Trial 0 finished with value: 0.2398778349161148 and parameters: {'gradient_clip_val': 0.9644629184341831, 'hidden_size': 13, 'dropout': 0.3439905755647079, 'hidden_continuous_size': 12, 'attention_head_size': 2, 'learning_rate': 0.0020411164770070597}. Best is trial 0 with value: 0.2398778349161148.
[I 2023-12-26 16:18:50,339] Trial 1 finished with value: 0.30228951573371887 and parameters: {'gradient_clip_val': 0.34241434107481156, 'hidden_size': 19, 'dropout': 0.19948832502593328, 'hidden_continuous_size': 13, 'attention_head_size': 3, 'learning_rate': 0.007420846641709952}. Best is trial 0 with value: 0.2398778349161148.
[I 2023-12-26 16:18:58,155] Trial 2 finished with value: 3.778155565261841 and parameters: {'gradient_clip_val': 0.9600543915119002, 'hidden_size': 104, 'dropout': 0.10425523905176665, 'hidden_continuous_size': 43, 'attention_head_size': 2, 'learning_rate': 0.011401440710005465}. Best is trial 0 with value: 0.2398778349161148.
[I 2023-12-26 16:19:00,212] Trial 3 finished with value: 2.873992919921875 and parameters: {'gradient_clip_val': 0.5220740383689603, 'hidden_size': 12, 'dropout': 0.4040058571308026, 'hidden_continuous_size': 12, 'attention_head_size': 4, 'learning_rate': 0.001338641939103272}. Best is trial 0 with value: 0.2398778349161148.
[I 2023-12-26 16:19:03,018] Trial 4 finished with value: 3.3038384914398193 and parameters: {'gradient_clip_val': 0.3508644802872493, 'hidden_size': 23, 'dropout': 0.47750718012592785, 'hidden_continuous_size': 9, 'attention_head_size': 2, 'learning_rate': 0.005668659154587492}. Best is trial 0 with value: 0.2398778349161148.
[I 2023-12-26 16:19:05,247] Trial 5 finished with value: 2.7403781414031982 and parameters: {'gradient_clip_val': 0.19360390505308753, 'hidden_size': 10, 'dropout': 0.12691615316087534, 'hidden_continuous_size': 8, 'attention_head_size': 3, 'learning_rate': 0.03971126183909766}. Best is trial 0 with value: 0.2398778349161148.
[I 2023-12-26 16:19:10,134] Trial 6 finished with value: 2.8990442752838135 and parameters: {'gradient_clip_val': 0.3757903544831765, 'hidden_size': 51, 'dropout': 0.2219225128203741, 'hidden_continuous_size': 46, 'attention_head_size': 1, 'learning_rate': 0.031428464004530976}. Best is trial 0 with value: 0.2398778349161148.
[I 2023-12-26 16:19:12,214] Trial 7 finished with value: 4.086237907409668 and parameters: {'gradient_clip_val': 0.12407432046230005, 'hidden_size': 5, 'dropout': 0.24700942442461718, 'hidden_continuous_size': 5, 'attention_head_size': 2, 'learning_rate': 0.008528533390766542}. Best is trial 0 with value: 0.2398778349161148.
[I 2023-12-26 16:19:15,261] Trial 8 finished with value: 4.356675624847412 and parameters: {'gradient_clip_val': 0.11063607452806923, 'hidden_size': 27, 'dropout': 0.29115430865472514, 'hidden_continuous_size': 7, 'attention_head_size': 4, 'learning_rate': 0.012584381777577666}. Best is trial 0 with value: 0.2398778349161148.
[I 2023-12-26 16:19:17,557] Trial 9 finished with value: 3.661992073059082 and parameters: {'gradient_clip_val': 0.3914655308509994, 'hidden_size': 8, 'dropout': 0.39658638520334355, 'hidden_continuous_size': 5, 'attention_head_size': 2, 'learning_rate': 0.011580189136882902}. Best is trial 0 with value: 0.2398778349161148.
