[I 2023-12-16 01:19:26,262] Trial 45 finished with value: 130.8985137939453 and parameters: {'gradient_clip_val': 0.3531009773012576, 'hidden_size': 22, 'dropout': 0.24163391422578587, 'hidden_continuous_size': 10, 'attention_head_size': 2, 'learning_rate': 0.0012122210113660594}. Best is trial 34 with value: 122.86297607421875.
LOCAL_RANK: 0 - CUDA_VISIBLE_DEVICES: [0]
[I 2023-12-16 01:20:14,664] Trial 46 finished with value: 150.67051696777344 and parameters: {'gradient_clip_val': 0.5178779919771664, 'hidden_size': 27, 'dropout': 0.2768312829806528, 'hidden_continuous_size': 9, 'attention_head_size': 1, 'learning_rate': 0.0008749992869480543}. Best is trial 34 with value: 122.86297607421875.
LOCAL_RANK: 0 - CUDA_VISIBLE_DEVICES: [0]
[I 2023-12-16 01:21:01,540] Trial 47 finished with value: 122.7434310913086 and parameters: {'gradient_clip_val': 0.805853242709761, 'hidden_size': 17, 'dropout': 0.26229811909135176, 'hidden_continuous_size': 10, 'attention_head_size': 2, 'learning_rate': 0.002306930516374926}. Best is trial 47 with value: 122.7434310913086.
LOCAL_RANK: 0 - CUDA_VISIBLE_DEVICES: [0]
[I 2023-12-16 01:21:48,918] Trial 48 finished with value: 130.9920196533203 and parameters: {'gradient_clip_val': 0.8854184900200186, 'hidden_size': 18, 'dropout': 0.3014296775377233, 'hidden_continuous_size': 10, 'attention_head_size': 2, 'learning_rate': 0.0028023424286033292}. Best is trial 47 with value: 122.7434310913086.
LOCAL_RANK: 0 - CUDA_VISIBLE_DEVICES: [0]
[I 2023-12-16 01:22:33,763] Trial 49 finished with value: 130.93324279785156 and parameters: {'gradient_clip_val': 0.760859618697104, 'hidden_size': 16, 'dropout': 0.24648587913222245, 'hidden_continuous_size': 8, 'attention_head_size': 2, 'learning_rate': 0.0020247569870688823}. Best is trial 47 with value: 122.7434310913086.
[I 2023-12-16 01:22:33,855] A new study created in memory with name: no-name-5d12a89b-b180-44e4-b11e-894c434f61c6
/home/le004/conda/anaconda3/envs/tsff_env/lib/python3.9/site-packages/lightning/fabric/plugins/environments/slurm.py:191: The `srun` command is available on your system but is not used. HINT: If your intention is to run Lightning on SLURM, prepend your python command with `srun` like so: srun python /home/le004/master_thesis/git/TSFusionForecast/code/ ...
LOCAL_RANK: 0 - CUDA_VISIBLE_DEVICES: [0]
[I 2023-12-16 01:23:23,852] Trial 0 finished with value: 60.41727828979492 and parameters: {'gradient_clip_val': 0.12159339925750874, 'hidden_size': 27, 'dropout': 0.20525063703119084, 'hidden_continuous_size': 9, 'attention_head_size': 4, 'learning_rate': 0.004193631305292244}. Best is trial 0 with value: 60.41727828979492.
LOCAL_RANK: 0 - CUDA_VISIBLE_DEVICES: [0]
[I 2023-12-16 01:24:17,575] Trial 1 finished with value: 26.489089965820312 and parameters: {'gradient_clip_val': 0.36606067040813656, 'hidden_size': 99, 'dropout': 0.13172018303709027, 'hidden_continuous_size': 5, 'attention_head_size': 4, 'learning_rate': 0.0066369168086695424}. Best is trial 1 with value: 26.489089965820312.
LOCAL_RANK: 0 - CUDA_VISIBLE_DEVICES: [0]
[I 2023-12-16 01:25:10,615] Trial 2 finished with value: 35.04744338989258 and parameters: {'gradient_clip_val': 0.10085447830200399, 'hidden_size': 96, 'dropout': 0.25037017937306666, 'hidden_continuous_size': 15, 'attention_head_size': 2, 'learning_rate': 0.09438374308672096}. Best is trial 1 with value: 26.489089965820312.
LOCAL_RANK: 0 - CUDA_VISIBLE_DEVICES: [0]
[I 2023-12-16 01:25:56,074] Trial 3 finished with value: 57.5162467956543 and parameters: {'gradient_clip_val': 0.28218423101429313, 'hidden_size': 9, 'dropout': 0.10168602826017199, 'hidden_continuous_size': 7, 'attention_head_size': 2, 'learning_rate': 0.0012506541017128223}. Best is trial 1 with value: 26.489089965820312.
LOCAL_RANK: 0 - CUDA_VISIBLE_DEVICES: [0]
[I 2023-12-16 01:26:41,583] Trial 4 finished with value: 69.25383758544922 and parameters: {'gradient_clip_val': 0.17074623364543276, 'hidden_size': 10, 'dropout': 0.33064178691704726, 'hidden_continuous_size': 9, 'attention_head_size': 2, 'learning_rate': 0.0391749249089403}. Best is trial 1 with value: 26.489089965820312.
LOCAL_RANK: 0 - CUDA_VISIBLE_DEVICES: [0]
[I 2023-12-16 01:27:15,140] Trial 5 finished with value: 41.377891540527344 and parameters: {'gradient_clip_val': 0.6912487597500134, 'hidden_size': 10, 'dropout': 0.2676540904351725, 'hidden_continuous_size': 10, 'attention_head_size': 1, 'learning_rate': 0.005159990914302097}. Best is trial 1 with value: 26.489089965820312.
LOCAL_RANK: 0 - CUDA_VISIBLE_DEVICES: [0]
[I 2023-12-16 01:27:48,848] Trial 6 finished with value: 27.71702003479004 and parameters: {'gradient_clip_val': 0.12662464313123498, 'hidden_size': 5, 'dropout': 0.1720273380027365, 'hidden_continuous_size': 5, 'attention_head_size': 2, 'learning_rate': 0.009704900848714613}. Best is trial 1 with value: 26.489089965820312.
LOCAL_RANK: 0 - CUDA_VISIBLE_DEVICES: [0]
[I 2023-12-16 01:28:37,691] Trial 7 finished with value: 68.28936767578125 and parameters: {'gradient_clip_val': 0.19919177228098497, 'hidden_size': 29, 'dropout': 0.21229749203518217, 'hidden_continuous_size': 10, 'attention_head_size': 2, 'learning_rate': 0.01987830442401957}. Best is trial 1 with value: 26.489089965820312.
LOCAL_RANK: 0 - CUDA_VISIBLE_DEVICES: [0]
[I 2023-12-16 01:29:24,170] Trial 8 finished with value: 47.2751579284668 and parameters: {'gradient_clip_val': 0.8422004946717419, 'hidden_size': 24, 'dropout': 0.2673375217370117, 'hidden_continuous_size': 5, 'attention_head_size': 1, 'learning_rate': 0.005885312090056274}. Best is trial 1 with value: 26.489089965820312.
LOCAL_RANK: 0 - CUDA_VISIBLE_DEVICES: [0]
[I 2023-12-16 01:30:19,372] Trial 9 finished with value: 40.52062225341797 and parameters: {'gradient_clip_val': 0.2601822937449867, 'hidden_size': 70, 'dropout': 0.2598439211801339, 'hidden_continuous_size': 47, 'attention_head_size': 3, 'learning_rate': 0.015332797344110798}. Best is trial 1 with value: 26.489089965820312.
LOCAL_RANK: 0 - CUDA_VISIBLE_DEVICES: [0]
[I 2023-12-16 01:31:13,002] Trial 10 finished with value: 34.25880432128906 and parameters: {'gradient_clip_val': 0.4643911029831758, 'hidden_size': 51, 'dropout': 0.100324389446441, 'hidden_continuous_size': 22, 'attention_head_size': 4, 'learning_rate': 0.0005775075302599932}. Best is trial 1 with value: 26.489089965820312.
LOCAL_RANK: 0 - CUDA_VISIBLE_DEVICES: [0]
[I 2023-12-16 01:31:47,343] Trial 11 finished with value: 60.436580657958984 and parameters: {'gradient_clip_val': 0.421139299896536, 'hidden_size': 5, 'dropout': 0.16228039377877, 'hidden_continuous_size': 5, 'attention_head_size': 3, 'learning_rate': 0.0024847043240526427}. Best is trial 1 with value: 26.489089965820312.
LOCAL_RANK: 0 - CUDA_VISIBLE_DEVICES: [0]
[I 2023-12-16 01:32:36,667] Trial 12 finished with value: 66.3321304321289 and parameters: {'gradient_clip_val': 0.15749864923111176, 'hidden_size': 44, 'dropout': 0.15993222435413457, 'hidden_continuous_size': 5, 'attention_head_size': 3, 'learning_rate': 0.010991090460932492}. Best is trial 1 with value: 26.489089965820312.
LOCAL_RANK: 0 - CUDA_VISIBLE_DEVICES: [0]
[I 2023-12-16 01:33:21,776] Trial 13 finished with value: 42.251522064208984 and parameters: {'gradient_clip_val': 0.3694168003919765, 'hidden_size': 16, 'dropout': 0.3897959581816405, 'hidden_continuous_size': 6, 'attention_head_size': 4, 'learning_rate': 0.009867614940752948}. Best is trial 1 with value: 26.489089965820312.
LOCAL_RANK: 0 - CUDA_VISIBLE_DEVICES: [0]
[I 2023-12-16 01:33:55,906] Trial 14 finished with value: 63.8806266784668 and parameters: {'gradient_clip_val': 0.23098627410279318, 'hidden_size': 5, 'dropout': 0.15045264375384015, 'hidden_continuous_size': 5, 'attention_head_size': 3, 'learning_rate': 0.002610874581928632}. Best is trial 1 with value: 26.489089965820312.
LOCAL_RANK: 0 - CUDA_VISIBLE_DEVICES: [0]
[I 2023-12-16 01:34:50,106] Trial 15 finished with value: 75.35979461669922 and parameters: {'gradient_clip_val': 0.29683697972365813, 'hidden_size': 100, 'dropout': 0.1349706224437986, 'hidden_continuous_size': 16, 'attention_head_size': 1, 'learning_rate': 0.025452882204543312}. Best is trial 1 with value: 26.489089965820312.
LOCAL_RANK: 0 - CUDA_VISIBLE_DEVICES: [0]
[I 2023-12-16 01:35:40,021] Trial 16 finished with value: 69.5821762084961 and parameters: {'gradient_clip_val': 0.15663624942591212, 'hidden_size': 37, 'dropout': 0.20246036224395797, 'hidden_continuous_size': 7, 'attention_head_size': 4, 'learning_rate': 0.007827475225766784}. Best is trial 1 with value: 26.489089965820312.
LOCAL_RANK: 0 - CUDA_VISIBLE_DEVICES: [0]
[I 2023-12-16 01:36:26,735] Trial 17 finished with value: 26.482004165649414 and parameters: {'gradient_clip_val': 0.22190204908253922, 'hidden_size': 18, 'dropout': 0.1324950586004186, 'hidden_continuous_size': 6, 'attention_head_size': 3, 'learning_rate': 0.010838759709601485}. Best is trial 17 with value: 26.482004165649414.
LOCAL_RANK: 0 - CUDA_VISIBLE_DEVICES: [0]
[I 2023-12-16 01:37:14,058] Trial 18 finished with value: 91.02848052978516 and parameters: {'gradient_clip_val': 0.34850013614925823, 'hidden_size': 19, 'dropout': 0.12183181381084487, 'hidden_continuous_size': 6, 'attention_head_size': 4, 'learning_rate': 0.03448864772805493}. Best is trial 17 with value: 26.482004165649414.
LOCAL_RANK: 0 - CUDA_VISIBLE_DEVICES: [0]
[I 2023-12-16 01:38:07,987] Trial 19 finished with value: 61.179866790771484 and parameters: {'gradient_clip_val': 0.5175404381304617, 'hidden_size': 63, 'dropout': 0.12460830762781677, 'hidden_continuous_size': 12, 'attention_head_size': 3, 'learning_rate': 0.003775309727764264}. Best is trial 17 with value: 26.482004165649414.
LOCAL_RANK: 0 - CUDA_VISIBLE_DEVICES: [0]
[I 2023-12-16 01:38:57,566] Trial 20 finished with value: 83.67438507080078 and parameters: {'gradient_clip_val': 0.2463922565802832, 'hidden_size': 37, 'dropout': 0.18518072203910851, 'hidden_continuous_size': 7, 'attention_head_size': 4, 'learning_rate': 0.014922678275021516}. Best is trial 17 with value: 26.482004165649414.
LOCAL_RANK: 0 - CUDA_VISIBLE_DEVICES: [0]
[I 2023-12-16 01:39:43,527] Trial 21 finished with value: 23.093114852905273 and parameters: {'gradient_clip_val': 0.20267782631077083, 'hidden_size': 20, 'dropout': 0.17417030771329697, 'hidden_continuous_size': 6, 'attention_head_size': 2, 'learning_rate': 0.008180685277939878}. Best is trial 21 with value: 23.093114852905273.
LOCAL_RANK: 0 - CUDA_VISIBLE_DEVICES: [0]
[I 2023-12-16 01:40:29,717] Trial 22 finished with value: 14.448063850402832 and parameters: {'gradient_clip_val': 0.20067231359444712, 'hidden_size': 17, 'dropout': 0.13992155288766542, 'hidden_continuous_size': 6, 'attention_head_size': 3, 'learning_rate': 0.006287315009694093}. Best is trial 22 with value: 14.448063850402832.
LOCAL_RANK: 0 - CUDA_VISIBLE_DEVICES: [0]
[I 2023-12-16 01:41:14,500] Trial 23 finished with value: 75.64595794677734 and parameters: {'gradient_clip_val': 0.2062615001616061, 'hidden_size': 16, 'dropout': 0.14757185408480808, 'hidden_continuous_size': 6, 'attention_head_size': 3, 'learning_rate': 0.012551039500929659}. Best is trial 22 with value: 14.448063850402832.
LOCAL_RANK: 0 - CUDA_VISIBLE_DEVICES: [0]
[I 2023-12-16 01:42:00,683] Trial 24 finished with value: 33.59379959106445 and parameters: {'gradient_clip_val': 0.20051515388559202, 'hidden_size': 20, 'dropout': 0.18064583016440017, 'hidden_continuous_size': 6, 'attention_head_size': 3, 'learning_rate': 0.007430676421553824}. Best is trial 22 with value: 14.448063850402832.
LOCAL_RANK: 0 - CUDA_VISIBLE_DEVICES: [0]
[I 2023-12-16 01:42:45,837] Trial 25 finished with value: 55.281734466552734 and parameters: {'gradient_clip_val': 0.30625500182734344, 'hidden_size': 14, 'dropout': 0.22749673633502812, 'hidden_continuous_size': 6, 'attention_head_size': 2, 'learning_rate': 0.0033561223966122058}. Best is trial 22 with value: 14.448063850402832.
LOCAL_RANK: 0 - CUDA_VISIBLE_DEVICES: [0]
[I 2023-12-16 01:43:35,071] Trial 26 finished with value: 62.4776611328125 and parameters: {'gradient_clip_val': 0.24532619498894656, 'hidden_size': 23, 'dropout': 0.1831739020643414, 'hidden_continuous_size': 8, 'attention_head_size': 3, 'learning_rate': 0.005471468927606378}. Best is trial 22 with value: 14.448063850402832.
LOCAL_RANK: 0 - CUDA_VISIBLE_DEVICES: [0]
[I 2023-12-16 01:44:23,819] Trial 27 finished with value: 69.14798736572266 and parameters: {'gradient_clip_val': 0.1762521827784263, 'hidden_size': 30, 'dropout': 0.14921622994422665, 'hidden_continuous_size': 7, 'attention_head_size': 2, 'learning_rate': 0.018365096429597355}. Best is trial 22 with value: 14.448063850402832.
LOCAL_RANK: 0 - CUDA_VISIBLE_DEVICES: [0]
[I 2023-12-16 01:45:09,605] Trial 28 finished with value: 67.79755401611328 and parameters: {'gradient_clip_val': 0.22073972728911076, 'hidden_size': 13, 'dropout': 0.12021670405576929, 'hidden_continuous_size': 6, 'attention_head_size': 3, 'learning_rate': 0.009289366754151197}. Best is trial 22 with value: 14.448063850402832.
LOCAL_RANK: 0 - CUDA_VISIBLE_DEVICES: [0]
[I 2023-12-16 01:45:58,148] Trial 29 finished with value: 21.954561233520508 and parameters: {'gradient_clip_val': 0.1401790764078387, 'hidden_size': 25, 'dropout': 0.19780383629288079, 'hidden_continuous_size': 8, 'attention_head_size': 2, 'learning_rate': 0.004801348519475443}. Best is trial 22 with value: 14.448063850402832.
LOCAL_RANK: 0 - CUDA_VISIBLE_DEVICES: [0]
[I 2023-12-16 01:46:46,458] Trial 30 finished with value: 44.76180648803711 and parameters: {'gradient_clip_val': 0.13701739440474428, 'hidden_size': 26, 'dropout': 0.20196993217523068, 'hidden_continuous_size': 8, 'attention_head_size': 1, 'learning_rate': 0.004627821037471656}. Best is trial 22 with value: 14.448063850402832.
LOCAL_RANK: 0 - CUDA_VISIBLE_DEVICES: [0]
[I 2023-12-16 01:47:32,912] Trial 31 finished with value: 37.914302825927734 and parameters: {'gradient_clip_val': 0.14428723584212713, 'hidden_size': 20, 'dropout': 0.16860586708273753, 'hidden_continuous_size': 8, 'attention_head_size': 2, 'learning_rate': 0.0042029160835619665}. Best is trial 22 with value: 14.448063850402832.
LOCAL_RANK: 0 - CUDA_VISIBLE_DEVICES: [0]
[I 2023-12-16 01:48:21,628] Trial 32 finished with value: 80.66278839111328 and parameters: {'gradient_clip_val': 0.18291312098808066, 'hidden_size': 26, 'dropout': 0.14206684048117507, 'hidden_continuous_size': 7, 'attention_head_size': 2, 'learning_rate': 0.006424639376090084}. Best is trial 22 with value: 14.448063850402832.
LOCAL_RANK: 0 - CUDA_VISIBLE_DEVICES: [0]
[I 2023-12-16 01:49:08,018] Trial 33 finished with value: 72.27076721191406 and parameters: {'gradient_clip_val': 0.10663820406770663, 'hidden_size': 18, 'dropout': 0.16098103617393314, 'hidden_continuous_size': 6, 'attention_head_size': 2, 'learning_rate': 0.007273189104710064}. Best is trial 22 with value: 14.448063850402832.
LOCAL_RANK: 0 - CUDA_VISIBLE_DEVICES: [0]
[I 2023-12-16 01:49:57,092] Trial 34 finished with value: 94.05437469482422 and parameters: {'gradient_clip_val': 0.11814946383877188, 'hidden_size': 30, 'dropout': 0.11535524699294951, 'hidden_continuous_size': 8, 'attention_head_size': 3, 'learning_rate': 0.01214007582679772}. Best is trial 22 with value: 14.448063850402832.
LOCAL_RANK: 0 - CUDA_VISIBLE_DEVICES: [0]
[I 2023-12-16 01:50:45,416] Trial 35 finished with value: 16.232229232788086 and parameters: {'gradient_clip_val': 0.18534479136335427, 'hidden_size': 22, 'dropout': 0.1340625192058864, 'hidden_continuous_size': 7, 'attention_head_size': 2, 'learning_rate': 0.002632877740533247}. Best is trial 22 with value: 14.448063850402832.
LOCAL_RANK: 0 - CUDA_VISIBLE_DEVICES: [0]
[I 2023-12-16 01:51:32,993] Trial 36 finished with value: 52.624481201171875 and parameters: {'gradient_clip_val': 0.15260929805019985, 'hidden_size': 24, 'dropout': 0.19379723043020008, 'hidden_continuous_size': 9, 'attention_head_size': 2, 'learning_rate': 0.0019878681496377113}. Best is trial 22 with value: 14.448063850402832.
LOCAL_RANK: 0 - CUDA_VISIBLE_DEVICES: [0]
[I 2023-12-16 01:52:18,562] Trial 37 finished with value: 15.58035659790039 and parameters: {'gradient_clip_val': 0.1691725438653001, 'hidden_size': 13, 'dropout': 0.2221247042827558, 'hidden_continuous_size': 7, 'attention_head_size': 2, 'learning_rate': 0.003074157389559583}. Best is trial 22 with value: 14.448063850402832.
LOCAL_RANK: 0 - CUDA_VISIBLE_DEVICES: [0]
[I 2023-12-16 01:53:02,467] Trial 38 finished with value: 33.18513870239258 and parameters: {'gradient_clip_val': 0.1303772245503289, 'hidden_size': 12, 'dropout': 0.21442930483342254, 'hidden_continuous_size': 7, 'attention_head_size': 1, 'learning_rate': 0.0016849986149722578}. Best is trial 22 with value: 14.448063850402832.
LOCAL_RANK: 0 - CUDA_VISIBLE_DEVICES: [0]
[I 2023-12-16 01:53:47,865] Trial 39 finished with value: 40.2833251953125 and parameters: {'gradient_clip_val': 0.16185792109446995, 'hidden_size': 9, 'dropout': 0.23782997095743486, 'hidden_continuous_size': 7, 'attention_head_size': 2, 'learning_rate': 0.00323379945003785}. Best is trial 22 with value: 14.448063850402832.
LOCAL_RANK: 0 - CUDA_VISIBLE_DEVICES: [0]
[I 2023-12-16 01:54:33,290] Trial 40 finished with value: 22.028871536254883 and parameters: {'gradient_clip_val': 0.17700908192428197, 'hidden_size': 11, 'dropout': 0.2275332301012964, 'hidden_continuous_size': 7, 'attention_head_size': 2, 'learning_rate': 0.0048951990137219535}. Best is trial 22 with value: 14.448063850402832.
LOCAL_RANK: 0 - CUDA_VISIBLE_DEVICES: [0]
[I 2023-12-16 01:55:18,523] Trial 41 finished with value: 32.94167709350586 and parameters: {'gradient_clip_val': 0.17988108898330535, 'hidden_size': 11, 'dropout': 0.2232925451778072, 'hidden_continuous_size': 7, 'attention_head_size': 2, 'learning_rate': 0.004707360412428107}. Best is trial 22 with value: 14.448063850402832.
LOCAL_RANK: 0 - CUDA_VISIBLE_DEVICES: [0]
[I 2023-12-16 01:56:03,993] Trial 42 finished with value: 18.296890258789062 and parameters: {'gradient_clip_val': 0.13815219618454383, 'hidden_size': 15, 'dropout': 0.2508084973163632, 'hidden_continuous_size': 8, 'attention_head_size': 2, 'learning_rate': 0.00553773640240855}. Best is trial 22 with value: 14.448063850402832.
LOCAL_RANK: 0 - CUDA_VISIBLE_DEVICES: [0]
[I 2023-12-16 01:56:49,397] Trial 43 finished with value: 24.9320011138916 and parameters: {'gradient_clip_val': 0.1399792747762536, 'hidden_size': 15, 'dropout': 0.2509459341163589, 'hidden_continuous_size': 8, 'attention_head_size': 2, 'learning_rate': 0.003081571673097741}. Best is trial 22 with value: 14.448063850402832.
LOCAL_RANK: 0 - CUDA_VISIBLE_DEVICES: [0]
[I 2023-12-16 01:57:34,701] Trial 44 finished with value: 32.227378845214844 and parameters: {'gradient_clip_val': 0.12020387981167767, 'hidden_size': 14, 'dropout': 0.28007792432286727, 'hidden_continuous_size': 9, 'attention_head_size': 1, 'learning_rate': 0.006048933552849087}. Best is trial 22 with value: 14.448063850402832.
LOCAL_RANK: 0 - CUDA_VISIBLE_DEVICES: [0]
[I 2023-12-16 01:58:21,204] Trial 45 finished with value: 25.341644287109375 and parameters: {'gradient_clip_val': 0.10079449357583907, 'hidden_size': 17, 'dropout': 0.19657469737291994, 'hidden_continuous_size': 8, 'attention_head_size': 2, 'learning_rate': 0.0019112084187336324}. Best is trial 22 with value: 14.448063850402832.
LOCAL_RANK: 0 - CUDA_VISIBLE_DEVICES: [0]
[I 2023-12-16 01:59:09,456] Trial 46 finished with value: 45.059757232666016 and parameters: {'gradient_clip_val': 0.15065887384202603, 'hidden_size': 21, 'dropout': 0.10601150516534442, 'hidden_continuous_size': 9, 'attention_head_size': 2, 'learning_rate': 0.004130586469845053}. Best is trial 22 with value: 14.448063850402832.
LOCAL_RANK: 0 - CUDA_VISIBLE_DEVICES: [0]
[I 2023-12-16 01:59:54,773] Trial 47 finished with value: 27.042831420898438 and parameters: {'gradient_clip_val': 0.12980789157115866, 'hidden_size': 16, 'dropout': 0.2114131181624509, 'hidden_continuous_size': 10, 'attention_head_size': 2, 'learning_rate': 0.002753113752389738}. Best is trial 22 with value: 14.448063850402832.
LOCAL_RANK: 0 - CUDA_VISIBLE_DEVICES: [0]
[I 2023-12-16 02:00:42,639] Trial 48 finished with value: 40.645362854003906 and parameters: {'gradient_clip_val': 0.11396363076830007, 'hidden_size': 23, 'dropout': 0.24115546212241476, 'hidden_continuous_size': 5, 'attention_head_size': 1, 'learning_rate': 0.003740226994402804}. Best is trial 22 with value: 14.448063850402832.
LOCAL_RANK: 0 - CUDA_VISIBLE_DEVICES: [0]
[I 2023-12-16 02:01:27,997] Trial 49 finished with value: 25.720937728881836 and parameters: {'gradient_clip_val': 0.16933065506950315, 'hidden_size': 13, 'dropout': 0.13618334169456073, 'hidden_continuous_size': 8, 'attention_head_size': 2, 'learning_rate': 0.002323871512511858}. Best is trial 22 with value: 14.448063850402832.
[I 2023-12-16 02:01:28,108] A new study created in memory with name: no-name-91ff0668-3503-4230-a293-1d111da5da0c
/home/le004/conda/anaconda3/envs/tsff_env/lib/python3.9/site-packages/lightning/fabric/plugins/environments/slurm.py:191: The `srun` command is available on your system but is not used. HINT: If your intention is to run Lightning on SLURM, prepend your python command with `srun` like so: srun python /home/le004/master_thesis/git/TSFusionForecast/code/ ...
LOCAL_RANK: 0 - CUDA_VISIBLE_DEVICES: [0]
[I 2023-12-16 02:02:18,128] Trial 0 finished with value: 32.52189254760742 and parameters: {'gradient_clip_val': 0.6094374193004345, 'hidden_size': 25, 'dropout': 0.32669296970970946, 'hidden_continuous_size': 16, 'attention_head_size': 4, 'learning_rate': 0.032732405473035}. Best is trial 0 with value: 32.52189254760742.
LOCAL_RANK: 0 - CUDA_VISIBLE_DEVICES: [0]
