[I 2023-12-26 11:59:35,851] Trial 43 finished with value: 278.8009338378906 and parameters: {'gradient_clip_val': 0.25737105771511565, 'hidden_size': 81, 'dropout': 0.11764141172653293, 'hidden_continuous_size': 55, 'attention_head_size': 3, 'learning_rate': 0.07872011548049623}. Best is trial 34 with value: 114.24301147460938.
[I 2023-12-26 11:59:39,352] Trial 44 finished with value: 227.1433563232422 and parameters: {'gradient_clip_val': 0.17856130139833498, 'hidden_size': 30, 'dropout': 0.14225077443331186, 'hidden_continuous_size': 23, 'attention_head_size': 3, 'learning_rate': 0.05709663173554484}. Best is trial 34 with value: 114.24301147460938.
[I 2023-12-26 11:59:43,215] Trial 45 finished with value: 263.6244201660156 and parameters: {'gradient_clip_val': 0.11413715212308874, 'hidden_size': 41, 'dropout': 0.11409008900318857, 'hidden_continuous_size': 33, 'attention_head_size': 4, 'learning_rate': 0.08177979411636069}. Best is trial 34 with value: 114.24301147460938.
[I 2023-12-26 11:59:46,535] Trial 46 finished with value: 170.4031982421875 and parameters: {'gradient_clip_val': 0.16188355422472794, 'hidden_size': 36, 'dropout': 0.17196475000040035, 'hidden_continuous_size': 29, 'attention_head_size': 2, 'learning_rate': 0.04943346483606264}. Best is trial 34 with value: 114.24301147460938.
[I 2023-12-26 11:59:50,238] Trial 47 finished with value: 142.4327850341797 and parameters: {'gradient_clip_val': 0.14186325927287652, 'hidden_size': 49, 'dropout': 0.19442680499466292, 'hidden_continuous_size': 37, 'attention_head_size': 1, 'learning_rate': 0.0606988561393261}. Best is trial 34 with value: 114.24301147460938.
[I 2023-12-26 11:59:58,594] Trial 48 finished with value: 226.1101531982422 and parameters: {'gradient_clip_val': 0.14617797937699645, 'hidden_size': 99, 'dropout': 0.1777769303293661, 'hidden_continuous_size': 39, 'attention_head_size': 1, 'learning_rate': 0.03288611566023598}. Best is trial 34 with value: 114.24301147460938.
[I 2023-12-26 12:00:03,069] Trial 49 finished with value: 239.53819274902344 and parameters: {'gradient_clip_val': 0.18317401950763232, 'hidden_size': 51, 'dropout': 0.19123722683884467, 'hidden_continuous_size': 36, 'attention_head_size': 1, 'learning_rate': 0.042364000382421683}. Best is trial 34 with value: 114.24301147460938.
[I 2023-12-26 12:00:03,210] A new study created in memory with name: no-name-dfbe73cf-58a4-4deb-b7ce-9004f894741e
/home/le004/conda/anaconda3/envs/tsff_env/lib/python3.9/site-packages/lightning/fabric/plugins/environments/slurm.py:191: The `srun` command is available on your system but is not used. HINT: If your intention is to run Lightning on SLURM, prepend your python command with `srun` like so: srun python /home/le004/master_thesis/git/TSFusionForecast/code/ ...
[I 2023-12-26 12:04:54,567] Trial 0 finished with value: 352.2918395996094 and parameters: {'gradient_clip_val': 0.15883772489947368, 'hidden_size': 37, 'dropout': 0.2511036875328777, 'hidden_continuous_size': 9, 'attention_head_size': 1, 'learning_rate': 0.001088922015919037}. Best is trial 0 with value: 352.2918395996094.
[I 2023-12-26 12:04:56,648] Trial 1 finished with value: 563.5894165039062 and parameters: {'gradient_clip_val': 0.11664391779859772, 'hidden_size': 13, 'dropout': 0.49008083954158843, 'hidden_continuous_size': 7, 'attention_head_size': 1, 'learning_rate': 0.0467293836712768}. Best is trial 0 with value: 352.2918395996094.
[I 2023-12-26 12:04:58,983] Trial 2 finished with value: 639.3922729492188 and parameters: {'gradient_clip_val': 0.1924546123031264, 'hidden_size': 25, 'dropout': 0.35272881668641387, 'hidden_continuous_size': 14, 'attention_head_size': 4, 'learning_rate': 0.007232354467228276}. Best is trial 0 with value: 352.2918395996094.
[I 2023-12-26 12:05:00,742] Trial 3 finished with value: 568.9900512695312 and parameters: {'gradient_clip_val': 0.11451707650353184, 'hidden_size': 7, 'dropout': 0.15539595716606108, 'hidden_continuous_size': 7, 'attention_head_size': 4, 'learning_rate': 0.008536650328500093}. Best is trial 0 with value: 352.2918395996094.
[I 2023-12-26 12:05:02,501] Trial 4 finished with value: 552.5501098632812 and parameters: {'gradient_clip_val': 0.9491897813561074, 'hidden_size': 8, 'dropout': 0.3777014723867256, 'hidden_continuous_size': 5, 'attention_head_size': 1, 'learning_rate': 0.029604572923389447}. Best is trial 0 with value: 352.2918395996094.
[I 2023-12-26 12:05:04,439] Trial 5 finished with value: 525.7318725585938 and parameters: {'gradient_clip_val': 0.18573297801757846, 'hidden_size': 7, 'dropout': 0.22895845212103852, 'hidden_continuous_size': 5, 'attention_head_size': 2, 'learning_rate': 0.01317772667792282}. Best is trial 0 with value: 352.2918395996094.
[I 2023-12-26 12:05:12,744] Trial 6 finished with value: 497.2980041503906 and parameters: {'gradient_clip_val': 0.2868224130494954, 'hidden_size': 98, 'dropout': 0.2656359429479589, 'hidden_continuous_size': 9, 'attention_head_size': 1, 'learning_rate': 0.002949616901571557}. Best is trial 0 with value: 352.2918395996094.
[I 2023-12-26 12:05:15,307] Trial 7 finished with value: 626.7217407226562 and parameters: {'gradient_clip_val': 0.19423034392357907, 'hidden_size': 32, 'dropout': 0.4061005363162161, 'hidden_continuous_size': 5, 'attention_head_size': 3, 'learning_rate': 0.03956442808235882}. Best is trial 0 with value: 352.2918395996094.
[I 2023-12-26 12:05:17,465] Trial 8 finished with value: 567.8682250976562 and parameters: {'gradient_clip_val': 0.10040890747144068, 'hidden_size': 20, 'dropout': 0.3801513712720469, 'hidden_continuous_size': 17, 'attention_head_size': 3, 'learning_rate': 0.0021903172598583846}. Best is trial 0 with value: 352.2918395996094.
[I 2023-12-26 12:05:19,982] Trial 9 finished with value: 533.4449462890625 and parameters: {'gradient_clip_val': 0.12218082933173437, 'hidden_size': 35, 'dropout': 0.20419960373362234, 'hidden_continuous_size': 26, 'attention_head_size': 3, 'learning_rate': 0.0006937247977222677}. Best is trial 0 with value: 352.2918395996094.
[I 2023-12-26 12:05:24,146] Trial 10 finished with value: 548.7040405273438 and parameters: {'gradient_clip_val': 0.4439469853777981, 'hidden_size': 69, 'dropout': 0.10159093746265754, 'hidden_continuous_size': 59, 'attention_head_size': 2, 'learning_rate': 0.0005182556346323151}. Best is trial 0 with value: 352.2918395996094.
[I 2023-12-26 12:05:32,905] Trial 11 finished with value: 600.28662109375 and parameters: {'gradient_clip_val': 0.2974419550714182, 'hidden_size': 147, 'dropout': 0.2737387364394338, 'hidden_continuous_size': 12, 'attention_head_size': 1, 'learning_rate': 0.002022659144627904}. Best is trial 0 with value: 352.2918395996094.
[I 2023-12-26 12:05:36,387] Trial 12 finished with value: 499.587158203125 and parameters: {'gradient_clip_val': 0.28449398950645804, 'hidden_size': 58, 'dropout': 0.2910868316631773, 'hidden_continuous_size': 10, 'attention_head_size': 2, 'learning_rate': 0.002297891709726279}. Best is trial 0 with value: 352.2918395996094.
[I 2023-12-26 12:05:44,118] Trial 13 finished with value: 606.4338989257812 and parameters: {'gradient_clip_val': 0.4412476094313236, 'hidden_size': 132, 'dropout': 0.24116651550938722, 'hidden_continuous_size': 21, 'attention_head_size': 1, 'learning_rate': 0.0012919066664215165}. Best is trial 0 with value: 352.2918395996094.
[I 2023-12-26 12:05:47,513] Trial 14 finished with value: 576.8668212890625 and parameters: {'gradient_clip_val': 0.1582173288437582, 'hidden_size': 61, 'dropout': 0.3144690591493274, 'hidden_continuous_size': 9, 'attention_head_size': 1, 'learning_rate': 0.004078770768851753}. Best is trial 0 with value: 352.2918395996094.
[I 2023-12-26 12:05:52,797] Trial 15 finished with value: 555.370849609375 and parameters: {'gradient_clip_val': 0.24949373523022395, 'hidden_size': 92, 'dropout': 0.19134725968967492, 'hidden_continuous_size': 9, 'attention_head_size': 2, 'learning_rate': 0.001027421833660613}. Best is trial 0 with value: 352.2918395996094.
[I 2023-12-26 12:05:55,486] Trial 16 finished with value: 544.2120971679688 and parameters: {'gradient_clip_val': 0.1495512121206665, 'hidden_size': 44, 'dropout': 0.2550465523096318, 'hidden_continuous_size': 7, 'attention_head_size': 1, 'learning_rate': 0.0036153300512774323}. Best is trial 0 with value: 352.2918395996094.
[I 2023-12-26 12:06:01,168] Trial 17 finished with value: 391.8702087402344 and parameters: {'gradient_clip_val': 0.23658319840943579, 'hidden_size': 92, 'dropout': 0.31603417791214755, 'hidden_continuous_size': 14, 'attention_head_size': 2, 'learning_rate': 0.0011057759756025862}. Best is trial 0 with value: 352.2918395996094.
[I 2023-12-26 12:06:04,280] Trial 18 finished with value: 601.3109741210938 and parameters: {'gradient_clip_val': 0.22018394332591748, 'hidden_size': 45, 'dropout': 0.3202153157739399, 'hidden_continuous_size': 13, 'attention_head_size': 2, 'learning_rate': 0.0011016284401182284}. Best is trial 0 with value: 352.2918395996094.
[I 2023-12-26 12:06:06,427] Trial 19 finished with value: 442.6169738769531 and parameters: {'gradient_clip_val': 0.1524194350405739, 'hidden_size': 19, 'dropout': 0.3247461095066525, 'hidden_continuous_size': 11, 'attention_head_size': 2, 'learning_rate': 0.0005445570410122771}. Best is trial 0 with value: 352.2918395996094.
[I 2023-12-26 12:06:11,558] Trial 20 finished with value: 528.0881958007812 and parameters: {'gradient_clip_val': 0.3810578251389999, 'hidden_size': 85, 'dropout': 0.290247885748829, 'hidden_continuous_size': 28, 'attention_head_size': 3, 'learning_rate': 0.0013300247090545442}. Best is trial 0 with value: 352.2918395996094.
[I 2023-12-26 12:06:13,730] Trial 21 finished with value: 477.35546875 and parameters: {'gradient_clip_val': 0.14868972544859183, 'hidden_size': 18, 'dropout': 0.34222934715984776, 'hidden_continuous_size': 11, 'attention_head_size': 2, 'learning_rate': 0.0005920745731983296}. Best is trial 0 with value: 352.2918395996094.
[I 2023-12-26 12:06:15,782] Trial 22 finished with value: 612.5596313476562 and parameters: {'gradient_clip_val': 0.15617861584429585, 'hidden_size': 14, 'dropout': 0.30942185049270865, 'hidden_continuous_size': 8, 'attention_head_size': 2, 'learning_rate': 0.0008645363567018742}. Best is trial 0 with value: 352.2918395996094.
[I 2023-12-26 12:06:18,128] Trial 23 finished with value: 543.5602416992188 and parameters: {'gradient_clip_val': 0.21994421174251144, 'hidden_size': 27, 'dropout': 0.25936064823953786, 'hidden_continuous_size': 11, 'attention_head_size': 2, 'learning_rate': 0.0005117453298586934}. Best is trial 0 with value: 352.2918395996094.
[I 2023-12-26 12:06:21,012] Trial 24 finished with value: 687.273193359375 and parameters: {'gradient_clip_val': 0.13588187782130193, 'hidden_size': 46, 'dropout': 0.3339151791467603, 'hidden_continuous_size': 16, 'attention_head_size': 3, 'learning_rate': 0.0007733389200221747}. Best is trial 0 with value: 352.2918395996094.
[I 2023-12-26 12:06:22,705] Trial 25 finished with value: 491.0150146484375 and parameters: {'gradient_clip_val': 0.18734137634820222, 'hidden_size': 5, 'dropout': 0.28538349414870307, 'hidden_continuous_size': 5, 'attention_head_size': 2, 'learning_rate': 0.0016503050772407068}. Best is trial 0 with value: 352.2918395996094.
[I 2023-12-26 12:06:25,235] Trial 26 finished with value: 460.904541015625 and parameters: {'gradient_clip_val': 0.16179637611847603, 'hidden_size': 35, 'dropout': 0.22021757018819144, 'hidden_continuous_size': 11, 'attention_head_size': 1, 'learning_rate': 0.0008722220005221951}. Best is trial 0 with value: 352.2918395996094.
[I 2023-12-26 12:06:32,461] Trial 27 finished with value: 537.1696166992188 and parameters: {'gradient_clip_val': 0.10079170256904553, 'hidden_size': 120, 'dropout': 0.302292855135721, 'hidden_continuous_size': 18, 'attention_head_size': 2, 'learning_rate': 0.001495958570475537}. Best is trial 0 with value: 352.2918395996094.
[I 2023-12-26 12:06:35,558] Trial 28 finished with value: 578.8347778320312 and parameters: {'gradient_clip_val': 0.13381281220066718, 'hidden_size': 54, 'dropout': 0.2398625939275436, 'hidden_continuous_size': 14, 'attention_head_size': 3, 'learning_rate': 0.0009908352347847188}. Best is trial 0 with value: 352.2918395996094.
[I 2023-12-26 12:06:41,348] Trial 29 finished with value: 363.638427734375 and parameters: {'gradient_clip_val': 0.11856135678981722, 'hidden_size': 78, 'dropout': 0.46748395967932177, 'hidden_continuous_size': 8, 'attention_head_size': 1, 'learning_rate': 0.0005063270362534332}. Best is trial 0 with value: 352.2918395996094.
[I 2023-12-26 12:06:47,620] Trial 30 finished with value: 565.868896484375 and parameters: {'gradient_clip_val': 0.12010815630957915, 'hidden_size': 78, 'dropout': 0.46712496430672423, 'hidden_continuous_size': 7, 'attention_head_size': 1, 'learning_rate': 0.0016249371572216256}. Best is trial 0 with value: 352.2918395996094.
[I 2023-12-26 12:06:55,923] Trial 31 finished with value: 603.7362670898438 and parameters: {'gradient_clip_val': 0.13280575324774294, 'hidden_size': 108, 'dropout': 0.48707705954491765, 'hidden_continuous_size': 6, 'attention_head_size': 1, 'learning_rate': 0.0006136564348782617}. Best is trial 0 with value: 352.2918395996094.
[I 2023-12-26 12:07:02,069] Trial 32 finished with value: 574.1718139648438 and parameters: {'gradient_clip_val': 0.16970069501310286, 'hidden_size': 74, 'dropout': 0.43564590018989835, 'hidden_continuous_size': 8, 'attention_head_size': 1, 'learning_rate': 0.0007924696293759982}. Best is trial 0 with value: 352.2918395996094.
[I 2023-12-26 12:07:11,455] Trial 33 finished with value: 487.265380859375 and parameters: {'gradient_clip_val': 0.12008348936882875, 'hidden_size': 118, 'dropout': 0.3707448245308152, 'hidden_continuous_size': 13, 'attention_head_size': 4, 'learning_rate': 0.0005044570720833599}. Best is trial 0 with value: 352.2918395996094.
[I 2023-12-26 12:07:19,309] Trial 34 finished with value: 589.9667358398438 and parameters: {'gradient_clip_val': 0.1100155475866143, 'hidden_size': 97, 'dropout': 0.4106835121165663, 'hidden_continuous_size': 6, 'attention_head_size': 1, 'learning_rate': 0.0007243906217111076}. Best is trial 0 with value: 352.2918395996094.
[I 2023-12-26 12:07:24,902] Trial 35 finished with value: 452.277099609375 and parameters: {'gradient_clip_val': 0.18064485259590013, 'hidden_size': 69, 'dropout': 0.35154694489571414, 'hidden_continuous_size': 10, 'attention_head_size': 2, 'learning_rate': 0.00111793868326347}. Best is trial 0 with value: 352.2918395996094.
[I 2023-12-26 12:07:27,683] Trial 36 finished with value: 729.9384765625 and parameters: {'gradient_clip_val': 0.14388360461912564, 'hidden_size': 23, 'dropout': 0.4983970358939162, 'hidden_continuous_size': 8, 'attention_head_size': 1, 'learning_rate': 0.0006487138044224912}. Best is trial 0 with value: 352.2918395996094.
[I 2023-12-26 12:07:30,107] Trial 37 finished with value: 495.1422119140625 and parameters: {'gradient_clip_val': 0.2177091696810591, 'hidden_size': 11, 'dropout': 0.3283650368948681, 'hidden_continuous_size': 8, 'attention_head_size': 4, 'learning_rate': 0.0010162245352289627}. Best is trial 0 with value: 352.2918395996094.
[I 2023-12-26 12:07:33,252] Trial 38 finished with value: 501.9385986328125 and parameters: {'gradient_clip_val': 0.17452296355770802, 'hidden_size': 29, 'dropout': 0.44664060477523304, 'hidden_continuous_size': 10, 'attention_head_size': 1, 'learning_rate': 0.0013047428464018059}. Best is trial 0 with value: 352.2918395996094.
[I 2023-12-26 12:07:36,796] Trial 39 finished with value: 462.5927734375 and parameters: {'gradient_clip_val': 0.12728745396707855, 'hidden_size': 37, 'dropout': 0.3709632308302366, 'hidden_continuous_size': 12, 'attention_head_size': 2, 'learning_rate': 0.005317894410364502}. Best is trial 0 with value: 352.2918395996094.
[I 2023-12-26 12:07:39,454] Trial 40 finished with value: 612.9583129882812 and parameters: {'gradient_clip_val': 0.2015328838088551, 'hidden_size': 24, 'dropout': 0.3495962640443257, 'hidden_continuous_size': 9, 'attention_head_size': 1, 'learning_rate': 0.0026412245024936467}. Best is trial 0 with value: 352.2918395996094.
[I 2023-12-26 12:07:45,439] Trial 41 finished with value: 540.1722412109375 and parameters: {'gradient_clip_val': 0.17514862061078226, 'hidden_size': 69, 'dropout': 0.3531394882032739, 'hidden_continuous_size': 14, 'attention_head_size': 2, 'learning_rate': 0.0019414118748651212}. Best is trial 0 with value: 352.2918395996094.
[I 2023-12-26 12:07:52,746] Trial 42 finished with value: 522.3224487304688 and parameters: {'gradient_clip_val': 0.1936624287039788, 'hidden_size': 91, 'dropout': 0.38960899012842937, 'hidden_continuous_size': 6, 'attention_head_size': 2, 'learning_rate': 0.0007073026016059558}. Best is trial 0 with value: 352.2918395996094.
[I 2023-12-26 12:07:58,127] Trial 43 finished with value: 641.0260620117188 and parameters: {'gradient_clip_val': 0.138759086542739, 'hidden_size': 66, 'dropout': 0.2732306606940314, 'hidden_continuous_size': 15, 'attention_head_size': 2, 'learning_rate': 0.0011174554509209944}. Best is trial 0 with value: 352.2918395996094.
[I 2023-12-26 12:08:02,736] Trial 44 finished with value: 572.146728515625 and parameters: {'gradient_clip_val': 0.11382111908071255, 'hidden_size': 54, 'dropout': 0.32056127781981586, 'hidden_continuous_size': 10, 'attention_head_size': 3, 'learning_rate': 0.0005082851747468192}. Best is trial 0 with value: 352.2918395996094.
[I 2023-12-26 12:08:09,152] Trial 45 finished with value: 522.3873291015625 and parameters: {'gradient_clip_val': 0.17068299677064996, 'hidden_size': 80, 'dropout': 0.30140207704627325, 'hidden_continuous_size': 12, 'attention_head_size': 2, 'learning_rate': 0.0018077149379435266}. Best is trial 0 with value: 352.2918395996094.
[I 2023-12-26 12:08:20,722] Trial 46 finished with value: 518.4794311523438 and parameters: {'gradient_clip_val': 0.24313619623035387, 'hidden_size': 149, 'dropout': 0.35131948553123926, 'hidden_continuous_size': 22, 'attention_head_size': 2, 'learning_rate': 0.0008075084199604842}. Best is trial 0 with value: 352.2918395996094.
[I 2023-12-26 12:08:28,548] Trial 47 finished with value: 700.6240234375 and parameters: {'gradient_clip_val': 0.15207548823488154, 'hidden_size': 99, 'dropout': 0.424298695764762, 'hidden_continuous_size': 17, 'attention_head_size': 3, 'learning_rate': 0.002387006398481359}. Best is trial 0 with value: 352.2918395996094.
[I 2023-12-26 12:08:33,404] Trial 48 finished with value: 543.673583984375 and parameters: {'gradient_clip_val': 0.18294448937431396, 'hidden_size': 59, 'dropout': 0.3915923372681409, 'hidden_continuous_size': 10, 'attention_head_size': 1, 'learning_rate': 0.0012669763683869268}. Best is trial 0 with value: 352.2918395996094.
[I 2023-12-26 12:08:40,104] Trial 49 finished with value: 611.8547973632812 and parameters: {'gradient_clip_val': 0.1615244587608822, 'hidden_size': 81, 'dropout': 0.2742506636391649, 'hidden_continuous_size': 16, 'attention_head_size': 2, 'learning_rate': 0.003043590024580536}. Best is trial 0 with value: 352.2918395996094.
[I 2023-12-26 12:08:40,258] A new study created in memory with name: no-name-d88afbe1-497f-41df-bca5-6565593bbb2c
/home/le004/conda/anaconda3/envs/tsff_env/lib/python3.9/site-packages/lightning/fabric/plugins/environments/slurm.py:191: The `srun` command is available on your system but is not used. HINT: If your intention is to run Lightning on SLURM, prepend your python command with `srun` like so: srun python /home/le004/master_thesis/git/TSFusionForecast/code/ ...
[I 2023-12-26 12:11:20,625] Trial 0 finished with value: 4330.11865234375 and parameters: {'gradient_clip_val': 0.13788890055032116, 'hidden_size': 5, 'dropout': 0.35200054366133526, 'hidden_continuous_size': 5, 'attention_head_size': 3, 'learning_rate': 0.07080037310510423}. Best is trial 0 with value: 4330.11865234375.
[I 2023-12-26 12:11:22,970] Trial 1 finished with value: 20737.720703125 and parameters: {'gradient_clip_val': 0.6138142876011595, 'hidden_size': 9, 'dropout': 0.2572062586260482, 'hidden_continuous_size': 5, 'attention_head_size': 2, 'learning_rate': 0.0032606327367952037}. Best is trial 0 with value: 4330.11865234375.
[I 2023-12-26 12:11:28,706] Trial 2 finished with value: 19141.248046875 and parameters: {'gradient_clip_val': 0.7214764777284529, 'hidden_size': 66, 'dropout': 0.34791275224660445, 'hidden_continuous_size': 60, 'attention_head_size': 2, 'learning_rate': 0.010305187494992719}. Best is trial 0 with value: 4330.11865234375.
[I 2023-12-26 12:11:35,051] Trial 3 finished with value: 15276.109375 and parameters: {'gradient_clip_val': 0.25733414626139123, 'hidden_size': 74, 'dropout': 0.23043639551128392, 'hidden_continuous_size': 11, 'attention_head_size': 4, 'learning_rate': 0.0037473728461998182}. Best is trial 0 with value: 4330.11865234375.
[I 2023-12-26 12:11:37,640] Trial 4 finished with value: 16922.119140625 and parameters: {'gradient_clip_val': 0.7601986244450565, 'hidden_size': 19, 'dropout': 0.37040181918967907, 'hidden_continuous_size': 13, 'attention_head_size': 3, 'learning_rate': 0.04359027147173791}. Best is trial 0 with value: 4330.11865234375.
[I 2023-12-26 12:11:40,135] Trial 5 finished with value: 22752.1796875 and parameters: {'gradient_clip_val': 0.27622155209334165, 'hidden_size': 17, 'dropout': 0.24075364785915135, 'hidden_continuous_size': 7, 'attention_head_size': 3, 'learning_rate': 0.014445374154415576}. Best is trial 0 with value: 4330.11865234375.
[I 2023-12-26 12:11:43,132] Trial 6 finished with value: 12504.4453125 and parameters: {'gradient_clip_val': 0.35742954396929455, 'hidden_size': 21, 'dropout': 0.32939303883298743, 'hidden_continuous_size': 5, 'attention_head_size': 4, 'learning_rate': 0.0005175250275088341}. Best is trial 0 with value: 4330.11865234375.
