[I 2023-12-26 18:23:16,644] Trial 35 finished with value: 2.723142623901367 and parameters: {'gradient_clip_val': 0.6707057465692594, 'hidden_size': 84, 'dropout': 0.16783076920183596, 'hidden_continuous_size': 56, 'attention_head_size': 4, 'learning_rate': 0.059256710267152096}. Best is trial 0 with value: 0.07815633714199066.
[I 2023-12-26 18:23:27,044] Trial 36 finished with value: 2.0811736583709717 and parameters: {'gradient_clip_val': 0.8766709142895242, 'hidden_size': 123, 'dropout': 0.18811466951423114, 'hidden_continuous_size': 88, 'attention_head_size': 3, 'learning_rate': 0.0686051985515724}. Best is trial 0 with value: 0.07815633714199066.
[I 2023-12-26 18:23:33,992] Trial 37 finished with value: 2.4621422290802 and parameters: {'gradient_clip_val': 0.5687448200991896, 'hidden_size': 75, 'dropout': 0.1353172395688824, 'hidden_continuous_size': 53, 'attention_head_size': 4, 'learning_rate': 0.04013324224431724}. Best is trial 0 with value: 0.07815633714199066.
[I 2023-12-26 18:23:38,727] Trial 38 finished with value: 2.4692041873931885 and parameters: {'gradient_clip_val': 0.6935906447340653, 'hidden_size': 52, 'dropout': 0.1818148811544637, 'hidden_continuous_size': 33, 'attention_head_size': 3, 'learning_rate': 0.07523014512693131}. Best is trial 0 with value: 0.07815633714199066.
[I 2023-12-26 18:23:45,110] Trial 39 finished with value: 2.0156049728393555 and parameters: {'gradient_clip_val': 0.16362428334803839, 'hidden_size': 70, 'dropout': 0.12694599667731213, 'hidden_continuous_size': 46, 'attention_head_size': 4, 'learning_rate': 0.05070981027274934}. Best is trial 0 with value: 0.07815633714199066.
[I 2023-12-26 18:23:58,452] Trial 40 finished with value: 2.270151138305664 and parameters: {'gradient_clip_val': 0.7941729117536156, 'hidden_size': 150, 'dropout': 0.17420676459143258, 'hidden_continuous_size': 139, 'attention_head_size': 3, 'learning_rate': 0.01870821286204815}. Best is trial 0 with value: 0.07815633714199066.
[I 2023-12-26 18:24:06,157] Trial 41 finished with value: 1.9438446760177612 and parameters: {'gradient_clip_val': 0.9922786247211463, 'hidden_size': 89, 'dropout': 0.2115001541727679, 'hidden_continuous_size': 64, 'attention_head_size': 4, 'learning_rate': 0.02559659605861456}. Best is trial 0 with value: 0.07815633714199066.
[I 2023-12-26 18:24:15,191] Trial 42 finished with value: 2.2288472652435303 and parameters: {'gradient_clip_val': 0.7803993599416549, 'hidden_size': 104, 'dropout': 0.23895830099815993, 'hidden_continuous_size': 79, 'attention_head_size': 4, 'learning_rate': 0.05238304211845872}. Best is trial 0 with value: 0.07815633714199066.
[I 2023-12-26 18:24:23,787] Trial 43 finished with value: 2.356801748275757 and parameters: {'gradient_clip_val': 0.8995923493700405, 'hidden_size': 94, 'dropout': 0.27416194611405953, 'hidden_continuous_size': 61, 'attention_head_size': 4, 'learning_rate': 0.08037998473715363}. Best is trial 0 with value: 0.07815633714199066.
[I 2023-12-26 18:24:30,277] Trial 44 finished with value: 2.5632457733154297 and parameters: {'gradient_clip_val': 0.6614199897206654, 'hidden_size': 68, 'dropout': 0.22049470933732135, 'hidden_continuous_size': 51, 'attention_head_size': 4, 'learning_rate': 0.03528357519872972}. Best is trial 0 with value: 0.07815633714199066.
[I 2023-12-26 18:24:40,828] Trial 45 finished with value: 2.770103693008423 and parameters: {'gradient_clip_val': 0.6015429736114551, 'hidden_size': 122, 'dropout': 0.19027793220619793, 'hidden_continuous_size': 83, 'attention_head_size': 4, 'learning_rate': 0.0248182698519238}. Best is trial 0 with value: 0.07815633714199066.
[I 2023-12-26 18:24:47,878] Trial 46 finished with value: 2.576380491256714 and parameters: {'gradient_clip_val': 0.7542193757670442, 'hidden_size': 84, 'dropout': 0.16291862951932423, 'hidden_continuous_size': 63, 'attention_head_size': 3, 'learning_rate': 0.03689768377577143}. Best is trial 0 with value: 0.07815633714199066.
[I 2023-12-26 18:24:51,835] Trial 47 finished with value: 2.5336527824401855 and parameters: {'gradient_clip_val': 0.9320355041075791, 'hidden_size': 43, 'dropout': 0.244303465899176, 'hidden_continuous_size': 37, 'attention_head_size': 1, 'learning_rate': 0.01555127805683793}. Best is trial 0 with value: 0.07815633714199066.
[I 2023-12-26 18:24:56,693] Trial 48 finished with value: 2.846235513687134 and parameters: {'gradient_clip_val': 0.5269331690593752, 'hidden_size': 55, 'dropout': 0.23111209587792622, 'hidden_continuous_size': 45, 'attention_head_size': 4, 'learning_rate': 0.07127006569623355}. Best is trial 0 with value: 0.07815633714199066.
[I 2023-12-26 18:25:00,143] Trial 49 finished with value: 3.303631067276001 and parameters: {'gradient_clip_val': 0.825921904410335, 'hidden_size': 34, 'dropout': 0.20294145547001774, 'hidden_continuous_size': 30, 'attention_head_size': 2, 'learning_rate': 0.0981084430404637}. Best is trial 0 with value: 0.07815633714199066.
[I 2023-12-26 18:25:00,276] A new study created in memory with name: no-name-26e8eba1-2c12-418f-beb1-d9cd253e76e6
/home/le004/conda/anaconda3/envs/tsff_env/lib/python3.9/site-packages/lightning/fabric/plugins/environments/slurm.py:191: The `srun` command is available on your system but is not used. HINT: If your intention is to run Lightning on SLURM, prepend your python command with `srun` like so: srun python /home/le004/master_thesis/git/TSFusionForecast/code/ ...
[I 2023-12-26 18:28:38,931] Trial 0 finished with value: 0.0416049025952816 and parameters: {'gradient_clip_val': 0.5137911202865596, 'hidden_size': 10, 'dropout': 0.15740188285406853, 'hidden_continuous_size': 7, 'attention_head_size': 4, 'learning_rate': 0.017358739832311978}. Best is trial 0 with value: 0.0416049025952816.
[I 2023-12-26 18:28:41,150] Trial 1 finished with value: 2.8855297565460205 and parameters: {'gradient_clip_val': 0.8600419434909824, 'hidden_size': 7, 'dropout': 0.15766284276711398, 'hidden_continuous_size': 5, 'attention_head_size': 2, 'learning_rate': 0.01670949591873067}. Best is trial 0 with value: 0.0416049025952816.
[I 2023-12-26 18:28:49,671] Trial 2 finished with value: 1.5376750230789185 and parameters: {'gradient_clip_val': 0.31953118314469686, 'hidden_size': 97, 'dropout': 0.40232013005041345, 'hidden_continuous_size': 88, 'attention_head_size': 3, 'learning_rate': 0.02130594245096124}. Best is trial 0 with value: 0.0416049025952816.
[I 2023-12-26 18:28:53,598] Trial 3 finished with value: 3.2783892154693604 and parameters: {'gradient_clip_val': 0.6860922921686415, 'hidden_size': 48, 'dropout': 0.40643169778544574, 'hidden_continuous_size': 40, 'attention_head_size': 3, 'learning_rate': 0.002101600146904437}. Best is trial 0 with value: 0.0416049025952816.
[I 2023-12-26 18:28:56,987] Trial 4 finished with value: 2.560325860977173 and parameters: {'gradient_clip_val': 0.4441411310683639, 'hidden_size': 36, 'dropout': 0.3959033507095212, 'hidden_continuous_size': 28, 'attention_head_size': 1, 'learning_rate': 0.01868372300078395}. Best is trial 0 with value: 0.0416049025952816.
[I 2023-12-26 18:29:02,248] Trial 5 finished with value: 2.2818284034729004 and parameters: {'gradient_clip_val': 0.1348194477966868, 'hidden_size': 63, 'dropout': 0.25547871722377935, 'hidden_continuous_size': 23, 'attention_head_size': 3, 'learning_rate': 0.0005247379796588038}. Best is trial 0 with value: 0.0416049025952816.
[I 2023-12-26 18:29:04,586] Trial 6 finished with value: 2.2587921619415283 and parameters: {'gradient_clip_val': 0.6049110014082552, 'hidden_size': 16, 'dropout': 0.4572924738193187, 'hidden_continuous_size': 6, 'attention_head_size': 3, 'learning_rate': 0.0014455006739192637}. Best is trial 0 with value: 0.0416049025952816.
[I 2023-12-26 18:29:07,042] Trial 7 finished with value: 2.410560369491577 and parameters: {'gradient_clip_val': 0.7646845677741302, 'hidden_size': 15, 'dropout': 0.47235912943320646, 'hidden_continuous_size': 11, 'attention_head_size': 1, 'learning_rate': 0.0291708607768647}. Best is trial 0 with value: 0.0416049025952816.
[I 2023-12-26 18:29:19,000] Trial 8 finished with value: 3.6704063415527344 and parameters: {'gradient_clip_val': 0.3287382905162474, 'hidden_size': 142, 'dropout': 0.22864992495302766, 'hidden_continuous_size': 64, 'attention_head_size': 2, 'learning_rate': 0.0014538799163078637}. Best is trial 0 with value: 0.0416049025952816.
[I 2023-12-26 18:29:21,137] Trial 9 finished with value: 2.4531352519989014 and parameters: {'gradient_clip_val': 0.24489003052302039, 'hidden_size': 8, 'dropout': 0.3953079843127677, 'hidden_continuous_size': 7, 'attention_head_size': 1, 'learning_rate': 0.002082630958612215}. Best is trial 0 with value: 0.0416049025952816.
[I 2023-12-26 18:29:23,141] Trial 10 finished with value: 3.752626657485962 and parameters: {'gradient_clip_val': 0.9975889130981983, 'hidden_size': 5, 'dropout': 0.1352514530507793, 'hidden_continuous_size': 5, 'attention_head_size': 4, 'learning_rate': 0.051348838899737896}. Best is trial 0 with value: 0.0416049025952816.
[I 2023-12-26 18:29:35,917] Trial 11 finished with value: 1.2641509771347046 and parameters: {'gradient_clip_val': 0.4375378862332005, 'hidden_size': 146, 'dropout': 0.3198811978529033, 'hidden_continuous_size': 119, 'attention_head_size': 4, 'learning_rate': 0.096240555207902}. Best is trial 0 with value: 0.0416049025952816.
[I 2023-12-26 18:29:38,840] Trial 12 finished with value: 2.3341431617736816 and parameters: {'gradient_clip_val': 0.48955121457734296, 'hidden_size': 26, 'dropout': 0.3008092626331602, 'hidden_continuous_size': 9, 'attention_head_size': 4, 'learning_rate': 0.08103754097944975}. Best is trial 0 with value: 0.0416049025952816.
[I 2023-12-26 18:29:51,491] Trial 13 finished with value: 1.7478437423706055 and parameters: {'gradient_clip_val': 0.45384581475829033, 'hidden_size': 148, 'dropout': 0.10243239627130071, 'hidden_continuous_size': 116, 'attention_head_size': 4, 'learning_rate': 0.073280377418104}. Best is trial 0 with value: 0.0416049025952816.
[I 2023-12-26 18:29:57,744] Trial 14 finished with value: 2.1506757736206055 and parameters: {'gradient_clip_val': 0.5923580731520629, 'hidden_size': 75, 'dropout': 0.3174817259521624, 'hidden_continuous_size': 12, 'attention_head_size': 4, 'learning_rate': 0.008222971220933496}. Best is trial 0 with value: 0.0416049025952816.
[I 2023-12-26 18:30:00,379] Trial 15 finished with value: 2.749924898147583 and parameters: {'gradient_clip_val': 0.2314700634061171, 'hidden_size': 20, 'dropout': 0.19984313122601938, 'hidden_continuous_size': 8, 'attention_head_size': 4, 'learning_rate': 0.0419406669552621}. Best is trial 0 with value: 0.0416049025952816.
[I 2023-12-26 18:30:03,781] Trial 16 finished with value: 2.3071296215057373 and parameters: {'gradient_clip_val': 0.38641802694893745, 'hidden_size': 36, 'dropout': 0.26278898896170066, 'hidden_continuous_size': 14, 'attention_head_size': 4, 'learning_rate': 0.08422673906353274}. Best is trial 0 with value: 0.0416049025952816.
[I 2023-12-26 18:30:06,131] Trial 17 finished with value: 2.928424835205078 and parameters: {'gradient_clip_val': 0.5846675807185853, 'hidden_size': 11, 'dropout': 0.32936872975361575, 'hidden_continuous_size': 6, 'attention_head_size': 2, 'learning_rate': 0.011098074974911262}. Best is trial 0 with value: 0.0416049025952816.
[I 2023-12-26 18:30:09,093] Trial 18 finished with value: 1.9847358465194702 and parameters: {'gradient_clip_val': 0.4970743893852604, 'hidden_size': 26, 'dropout': 0.1911541890973898, 'hidden_continuous_size': 13, 'attention_head_size': 3, 'learning_rate': 0.036993143639107745}. Best is trial 0 with value: 0.0416049025952816.
[I 2023-12-26 18:30:11,816] Trial 19 finished with value: 2.5248472690582275 and parameters: {'gradient_clip_val': 0.3834011012115222, 'hidden_size': 12, 'dropout': 0.2674503823271845, 'hidden_continuous_size': 7, 'attention_head_size': 4, 'learning_rate': 0.005219248191402638}. Best is trial 0 with value: 0.0416049025952816.
[I 2023-12-26 18:30:19,242] Trial 20 finished with value: 3.2264938354492188 and parameters: {'gradient_clip_val': 0.2545061034640364, 'hidden_size': 96, 'dropout': 0.33229028451894904, 'hidden_continuous_size': 17, 'attention_head_size': 3, 'learning_rate': 0.05299288085578426}. Best is trial 0 with value: 0.0416049025952816.
[I 2023-12-26 18:30:28,831] Trial 21 finished with value: 2.3307485580444336 and parameters: {'gradient_clip_val': 0.28920557326524277, 'hidden_size': 107, 'dropout': 0.35639683995507243, 'hidden_continuous_size': 99, 'attention_head_size': 3, 'learning_rate': 0.024007675978842142}. Best is trial 0 with value: 0.0416049025952816.
[I 2023-12-26 18:30:35,559] Trial 22 finished with value: 1.6997004747390747 and parameters: {'gradient_clip_val': 0.3421058859456904, 'hidden_size': 98, 'dropout': 0.358710943392494, 'hidden_continuous_size': 71, 'attention_head_size': 4, 'learning_rate': 0.02890803300297962}. Best is trial 0 with value: 0.0416049025952816.
[I 2023-12-26 18:30:39,452] Trial 23 finished with value: 2.214498281478882 and parameters: {'gradient_clip_val': 0.1931330766691539, 'hidden_size': 62, 'dropout': 0.28518498865391856, 'hidden_continuous_size': 40, 'attention_head_size': 3, 'learning_rate': 0.09584211671947464}. Best is trial 0 with value: 0.0416049025952816.
[I 2023-12-26 18:30:48,926] Trial 24 finished with value: 2.145081043243408 and parameters: {'gradient_clip_val': 0.36223017099000265, 'hidden_size': 133, 'dropout': 0.22219955418073317, 'hidden_continuous_size': 120, 'attention_head_size': 4, 'learning_rate': 0.01447947400133713}. Best is trial 0 with value: 0.0416049025952816.
[I 2023-12-26 18:30:53,803] Trial 25 finished with value: 2.6013870239257812 and parameters: {'gradient_clip_val': 0.29247298472947203, 'hidden_size': 79, 'dropout': 0.294412348867495, 'hidden_continuous_size': 19, 'attention_head_size': 2, 'learning_rate': 0.02014154735758838}. Best is trial 0 with value: 0.0416049025952816.
[I 2023-12-26 18:31:01,518] Trial 26 finished with value: 2.58717942237854 and parameters: {'gradient_clip_val': 0.41448127114573685, 'hidden_size': 115, 'dropout': 0.43624190930312173, 'hidden_continuous_size': 77, 'attention_head_size': 3, 'learning_rate': 0.056617852388949265}. Best is trial 0 with value: 0.0416049025952816.
[I 2023-12-26 18:31:06,954] Trial 27 finished with value: 2.988626480102539 and parameters: {'gradient_clip_val': 0.5534025365467283, 'hidden_size': 83, 'dropout': 0.49498383029255627, 'hidden_continuous_size': 53, 'attention_head_size': 4, 'learning_rate': 0.03490029593250851}. Best is trial 0 with value: 0.0416049025952816.
[I 2023-12-26 18:31:15,148] Trial 28 finished with value: 2.3715343475341797 and parameters: {'gradient_clip_val': 0.49790581265004225, 'hidden_size': 119, 'dropout': 0.3611473370768056, 'hidden_continuous_size': 90, 'attention_head_size': 4, 'learning_rate': 0.01263653409173933}. Best is trial 0 with value: 0.0416049025952816.
[I 2023-12-26 18:31:18,090] Trial 29 finished with value: 2.9175262451171875 and parameters: {'gradient_clip_val': 0.6997966976295694, 'hidden_size': 45, 'dropout': 0.16017422123919303, 'hidden_continuous_size': 11, 'attention_head_size': 2, 'learning_rate': 0.021539078259966777}. Best is trial 0 with value: 0.0416049025952816.
[I 2023-12-26 18:31:28,792] Trial 30 finished with value: 1.9375362396240234 and parameters: {'gradient_clip_val': 0.41620784619625095, 'hidden_size': 149, 'dropout': 0.23582567330401977, 'hidden_continuous_size': 138, 'attention_head_size': 3, 'learning_rate': 0.016178011552305964}. Best is trial 0 with value: 0.0416049025952816.
[I 2023-12-26 18:31:35,766] Trial 31 finished with value: 2.986095666885376 and parameters: {'gradient_clip_val': 0.34110534106149665, 'hidden_size': 98, 'dropout': 0.35906976774701044, 'hidden_continuous_size': 71, 'attention_head_size': 4, 'learning_rate': 0.028415872452897548}. Best is trial 0 with value: 0.0416049025952816.
[I 2023-12-26 18:31:42,223] Trial 32 finished with value: 2.380391836166382 and parameters: {'gradient_clip_val': 0.35606639785733485, 'hidden_size': 98, 'dropout': 0.4160240371017917, 'hidden_continuous_size': 58, 'attention_head_size': 4, 'learning_rate': 0.02732894542175771}. Best is trial 0 with value: 0.0416049025952816.
[I 2023-12-26 18:31:46,317] Trial 33 finished with value: 2.0633630752563477 and parameters: {'gradient_clip_val': 0.3012402166535203, 'hidden_size': 61, 'dropout': 0.3866261322473609, 'hidden_continuous_size': 49, 'attention_head_size': 4, 'learning_rate': 0.04141048174052033}. Best is trial 0 with value: 0.0416049025952816.
[I 2023-12-26 18:31:54,322] Trial 34 finished with value: 1.8557757139205933 and parameters: {'gradient_clip_val': 0.42758356030137123, 'hidden_size': 120, 'dropout': 0.3759345327097375, 'hidden_continuous_size': 85, 'attention_head_size': 3, 'learning_rate': 0.06030641890716396}. Best is trial 0 with value: 0.0416049025952816.
[I 2023-12-26 18:31:57,617] Trial 35 finished with value: 1.883710265159607 and parameters: {'gradient_clip_val': 0.5208478955653529, 'hidden_size': 49, 'dropout': 0.42150975457871165, 'hidden_continuous_size': 42, 'attention_head_size': 4, 'learning_rate': 0.018359241087510202}. Best is trial 0 with value: 0.0416049025952816.
[I 2023-12-26 18:32:03,332] Trial 36 finished with value: 2.3960492610931396 and parameters: {'gradient_clip_val': 0.4365729747964661, 'hidden_size': 85, 'dropout': 0.34195958345460936, 'hidden_continuous_size': 66, 'attention_head_size': 3, 'learning_rate': 0.032109815333771115}. Best is trial 0 with value: 0.0416049025952816.
[I 2023-12-26 18:32:11,423] Trial 37 finished with value: 3.1304588317871094 and parameters: {'gradient_clip_val': 0.6457576022019493, 'hidden_size': 125, 'dropout': 0.3113185542126561, 'hidden_continuous_size': 33, 'attention_head_size': 4, 'learning_rate': 0.022842691748966595}. Best is trial 0 with value: 0.0416049025952816.
[I 2023-12-26 18:32:17,931] Trial 38 finished with value: 2.874288558959961 and parameters: {'gradient_clip_val': 0.7531878339995394, 'hidden_size': 71, 'dropout': 0.3813674503700337, 'hidden_continuous_size': 59, 'attention_head_size': 1, 'learning_rate': 0.009280623849661522}. Best is trial 0 with value: 0.0416049025952816.
[I 2023-12-26 18:32:25,554] Trial 39 finished with value: 2.858806610107422 and parameters: {'gradient_clip_val': 0.3217704976555371, 'hidden_size': 91, 'dropout': 0.3987913517202325, 'hidden_continuous_size': 69, 'attention_head_size': 3, 'learning_rate': 0.006247336518288877}. Best is trial 0 with value: 0.0416049025952816.
[I 2023-12-26 18:32:34,625] Trial 40 finished with value: 2.373046398162842 and parameters: {'gradient_clip_val': 0.5437487232917875, 'hidden_size': 110, 'dropout': 0.4374190693647251, 'hidden_continuous_size': 80, 'attention_head_size': 4, 'learning_rate': 0.014212505048840878}. Best is trial 0 with value: 0.0416049025952816.
[I 2023-12-26 18:32:46,521] Trial 41 finished with value: 1.4756568670272827 and parameters: {'gradient_clip_val': 0.4643652824488818, 'hidden_size': 139, 'dropout': 0.11560140447596728, 'hidden_continuous_size': 114, 'attention_head_size': 4, 'learning_rate': 0.07387741451872153}. Best is trial 0 with value: 0.0416049025952816.
[I 2023-12-26 18:32:57,618] Trial 42 finished with value: 1.8519225120544434 and parameters: {'gradient_clip_val': 0.4690259399847124, 'hidden_size': 147, 'dropout': 0.11103236130974704, 'hidden_continuous_size': 101, 'attention_head_size': 4, 'learning_rate': 0.07368658117406159}. Best is trial 0 with value: 0.0416049025952816.
[I 2023-12-26 18:33:07,692] Trial 43 finished with value: 2.210089921951294 and parameters: {'gradient_clip_val': 0.3899617655440991, 'hidden_size': 111, 'dropout': 0.13375447226052445, 'hidden_continuous_size': 83, 'attention_head_size': 4, 'learning_rate': 0.04444077086501976}. Best is trial 0 with value: 0.0416049025952816.
[I 2023-12-26 18:33:18,533] Trial 44 finished with value: 1.819471836090088 and parameters: {'gradient_clip_val': 0.4663817935179717, 'hidden_size': 127, 'dropout': 0.16011054412069997, 'hidden_continuous_size': 100, 'attention_head_size': 4, 'learning_rate': 0.0951355467213877}. Best is trial 0 with value: 0.0416049025952816.
[I 2023-12-26 18:33:25,176] Trial 45 finished with value: 2.2553114891052246 and parameters: {'gradient_clip_val': 0.632461562038221, 'hidden_size': 74, 'dropout': 0.2818816878259732, 'hidden_continuous_size': 60, 'attention_head_size': 4, 'learning_rate': 0.05913706635145996}. Best is trial 0 with value: 0.0416049025952816.
[I 2023-12-26 18:33:32,049] Trial 46 finished with value: 1.9679847955703735 and parameters: {'gradient_clip_val': 0.35073901107313193, 'hidden_size': 95, 'dropout': 0.3410723219725326, 'hidden_continuous_size': 73, 'attention_head_size': 4, 'learning_rate': 0.06797848761970722}. Best is trial 0 with value: 0.0416049025952816.
[I 2023-12-26 18:33:44,464] Trial 47 finished with value: 1.6197770833969116 and parameters: {'gradient_clip_val': 0.5195119977819352, 'hidden_size': 150, 'dropout': 0.31468131659474446, 'hidden_continuous_size': 132, 'attention_head_size': 3, 'learning_rate': 0.0457440530055816}. Best is trial 0 with value: 0.0416049025952816.
[I 2023-12-26 18:33:56,268] Trial 48 finished with value: 2.26812481880188 and parameters: {'gradient_clip_val': 0.5683461756254334, 'hidden_size': 149, 'dropout': 0.31047968379442187, 'hidden_continuous_size': 136, 'attention_head_size': 3, 'learning_rate': 0.04474513734343679}. Best is trial 0 with value: 0.0416049025952816.
