[I 2023-12-16 08:53:30,185] Trial 13 finished with value: 60.321964263916016 and parameters: {'gradient_clip_val': 0.6405848167284275, 'hidden_size': 42, 'dropout': 0.17231139806082407, 'hidden_continuous_size': 29, 'attention_head_size': 1, 'learning_rate': 0.0011620133775915886}. Best is trial 10 with value: 13.314898490905762.
LOCAL_RANK: 0 - CUDA_VISIBLE_DEVICES: [0]
[I 2023-12-16 08:54:27,290] Trial 14 finished with value: 77.34577178955078 and parameters: {'gradient_clip_val': 0.7050922017476845, 'hidden_size': 97, 'dropout': 0.25021332152784714, 'hidden_continuous_size': 69, 'attention_head_size': 2, 'learning_rate': 0.0010853190720767117}. Best is trial 10 with value: 13.314898490905762.
LOCAL_RANK: 0 - CUDA_VISIBLE_DEVICES: [0]
[I 2023-12-16 08:55:12,444] Trial 15 finished with value: 42.14925003051758 and parameters: {'gradient_clip_val': 0.9462300888874574, 'hidden_size': 13, 'dropout': 0.20901519563487939, 'hidden_continuous_size': 6, 'attention_head_size': 3, 'learning_rate': 0.002277838971938585}. Best is trial 10 with value: 13.314898490905762.
LOCAL_RANK: 0 - CUDA_VISIBLE_DEVICES: [0]
[I 2023-12-16 08:56:00,298] Trial 16 finished with value: 19.582195281982422 and parameters: {'gradient_clip_val': 0.5713746310655373, 'hidden_size': 30, 'dropout': 0.14197429401659112, 'hidden_continuous_size': 7, 'attention_head_size': 1, 'learning_rate': 0.010702789273791648}. Best is trial 10 with value: 13.314898490905762.
LOCAL_RANK: 0 - CUDA_VISIBLE_DEVICES: [0]
[I 2023-12-16 08:56:48,266] Trial 17 finished with value: 69.16287231445312 and parameters: {'gradient_clip_val': 0.6614395805050085, 'hidden_size': 29, 'dropout': 0.13278339218725413, 'hidden_continuous_size': 8, 'attention_head_size': 1, 'learning_rate': 0.012827107370323687}. Best is trial 10 with value: 13.314898490905762.
LOCAL_RANK: 0 - CUDA_VISIBLE_DEVICES: [0]
[I 2023-12-16 08:57:33,028] Trial 18 finished with value: 67.88860321044922 and parameters: {'gradient_clip_val': 0.8082208545457245, 'hidden_size': 15, 'dropout': 0.1466518247133713, 'hidden_continuous_size': 7, 'attention_head_size': 1, 'learning_rate': 0.00875451981060145}. Best is trial 10 with value: 13.314898490905762.
LOCAL_RANK: 0 - CUDA_VISIBLE_DEVICES: [0]
[I 2023-12-16 08:58:17,579] Trial 19 finished with value: 88.67404174804688 and parameters: {'gradient_clip_val': 0.5609371050274772, 'hidden_size': 11, 'dropout': 0.10307150472698728, 'hidden_continuous_size': 6, 'attention_head_size': 1, 'learning_rate': 0.004526489152567993}. Best is trial 10 with value: 13.314898490905762.
LOCAL_RANK: 0 - CUDA_VISIBLE_DEVICES: [0]
[I 2023-12-16 08:59:03,964] Trial 20 finished with value: 36.052486419677734 and parameters: {'gradient_clip_val': 0.810344793713198, 'hidden_size': 19, 'dropout': 0.19080150800828177, 'hidden_continuous_size': 7, 'attention_head_size': 1, 'learning_rate': 0.010471754855695506}. Best is trial 10 with value: 13.314898490905762.
LOCAL_RANK: 0 - CUDA_VISIBLE_DEVICES: [0]
[I 2023-12-16 08:59:54,043] Trial 21 finished with value: 30.227048873901367 and parameters: {'gradient_clip_val': 0.5158530933952009, 'hidden_size': 39, 'dropout': 0.14784530528818263, 'hidden_continuous_size': 10, 'attention_head_size': 2, 'learning_rate': 0.0008648881859958668}. Best is trial 10 with value: 13.314898490905762.
LOCAL_RANK: 0 - CUDA_VISIBLE_DEVICES: [0]
[I 2023-12-16 09:00:45,942] Trial 22 finished with value: 51.704254150390625 and parameters: {'gradient_clip_val': 0.40993437683508943, 'hidden_size': 52, 'dropout': 0.2114881276740192, 'hidden_continuous_size': 20, 'attention_head_size': 2, 'learning_rate': 0.002133793231136664}. Best is trial 10 with value: 13.314898490905762.
LOCAL_RANK: 0 - CUDA_VISIBLE_DEVICES: [0]
[I 2023-12-16 09:01:34,479] Trial 23 finished with value: 14.507349967956543 and parameters: {'gradient_clip_val': 0.5821190039662703, 'hidden_size': 30, 'dropout': 0.25016012400085635, 'hidden_continuous_size': 9, 'attention_head_size': 2, 'learning_rate': 0.0007274046253093004}. Best is trial 10 with value: 13.314898490905762.
LOCAL_RANK: 0 - CUDA_VISIBLE_DEVICES: [0]
[I 2023-12-16 09:02:23,196] Trial 24 finished with value: 40.4608039855957 and parameters: {'gradient_clip_val': 0.5951101015178758, 'hidden_size': 30, 'dropout': 0.26677547073443697, 'hidden_continuous_size': 9, 'attention_head_size': 3, 'learning_rate': 0.000788456938898616}. Best is trial 10 with value: 13.314898490905762.
LOCAL_RANK: 0 - CUDA_VISIBLE_DEVICES: [0]
[I 2023-12-16 09:03:11,329] Trial 25 finished with value: 15.323593139648438 and parameters: {'gradient_clip_val': 0.7664063365718811, 'hidden_size': 23, 'dropout': 0.21730675423086274, 'hidden_continuous_size': 8, 'attention_head_size': 2, 'learning_rate': 0.001461479553819157}. Best is trial 10 with value: 13.314898490905762.
LOCAL_RANK: 0 - CUDA_VISIBLE_DEVICES: [0]
[I 2023-12-16 09:03:57,863] Trial 26 finished with value: 19.333681106567383 and parameters: {'gradient_clip_val': 0.7732554589007362, 'hidden_size': 20, 'dropout': 0.22588272998299963, 'hidden_continuous_size': 9, 'attention_head_size': 2, 'learning_rate': 0.0012776761456596303}. Best is trial 10 with value: 13.314898490905762.
LOCAL_RANK: 0 - CUDA_VISIBLE_DEVICES: [0]
[I 2023-12-16 09:04:45,579] Trial 27 finished with value: 32.10101318359375 and parameters: {'gradient_clip_val': 0.9602237058900587, 'hidden_size': 24, 'dropout': 0.25550384836965917, 'hidden_continuous_size': 11, 'attention_head_size': 3, 'learning_rate': 0.0007219735278177319}. Best is trial 10 with value: 13.314898490905762.
LOCAL_RANK: 0 - CUDA_VISIBLE_DEVICES: [0]
[I 2023-12-16 09:05:30,753] Trial 28 finished with value: 32.175724029541016 and parameters: {'gradient_clip_val': 0.795802760010968, 'hidden_size': 10, 'dropout': 0.20779624698807353, 'hidden_continuous_size': 8, 'attention_head_size': 2, 'learning_rate': 0.0014590303141237837}. Best is trial 10 with value: 13.314898490905762.
LOCAL_RANK: 0 - CUDA_VISIBLE_DEVICES: [0]
[I 2023-12-16 09:06:17,495] Trial 29 finished with value: 17.88209342956543 and parameters: {'gradient_clip_val': 0.6817613592650901, 'hidden_size': 18, 'dropout': 0.2796422845308845, 'hidden_continuous_size': 9, 'attention_head_size': 2, 'learning_rate': 0.000854394861452682}. Best is trial 10 with value: 13.314898490905762.
LOCAL_RANK: 0 - CUDA_VISIBLE_DEVICES: [0]
[I 2023-12-16 09:07:10,361] Trial 30 finished with value: 47.427616119384766 and parameters: {'gradient_clip_val': 0.8724404811797732, 'hidden_size': 59, 'dropout': 0.2285173008317995, 'hidden_continuous_size': 11, 'attention_head_size': 3, 'learning_rate': 0.0006896616387137567}. Best is trial 10 with value: 13.314898490905762.
LOCAL_RANK: 0 - CUDA_VISIBLE_DEVICES: [0]
[I 2023-12-16 09:07:56,755] Trial 31 finished with value: 58.901485443115234 and parameters: {'gradient_clip_val': 0.7097524594054777, 'hidden_size': 17, 'dropout': 0.2879915289070988, 'hidden_continuous_size': 9, 'attention_head_size': 2, 'learning_rate': 0.0010218478882723628}. Best is trial 10 with value: 13.314898490905762.
LOCAL_RANK: 0 - CUDA_VISIBLE_DEVICES: [0]
[I 2023-12-16 09:08:44,978] Trial 32 finished with value: 28.964258193969727 and parameters: {'gradient_clip_val': 0.6451468394160753, 'hidden_size': 22, 'dropout': 0.24843995037155606, 'hidden_continuous_size': 9, 'attention_head_size': 2, 'learning_rate': 0.0007117988839309579}. Best is trial 10 with value: 13.314898490905762.
LOCAL_RANK: 0 - CUDA_VISIBLE_DEVICES: [0]
[I 2023-12-16 09:09:30,960] Trial 33 finished with value: 47.19171142578125 and parameters: {'gradient_clip_val': 0.7399521039451468, 'hidden_size': 17, 'dropout': 0.26895837925619226, 'hidden_continuous_size': 8, 'attention_head_size': 2, 'learning_rate': 0.0006101173300549099}. Best is trial 10 with value: 13.314898490905762.
LOCAL_RANK: 0 - CUDA_VISIBLE_DEVICES: [0]
[I 2023-12-16 09:10:20,343] Trial 34 finished with value: 52.09672927856445 and parameters: {'gradient_clip_val': 0.9665617331668451, 'hidden_size': 36, 'dropout': 0.3056189356571134, 'hidden_continuous_size': 11, 'attention_head_size': 4, 'learning_rate': 0.0009563682856223298}. Best is trial 10 with value: 13.314898490905762.
LOCAL_RANK: 0 - CUDA_VISIBLE_DEVICES: [0]
[I 2023-12-16 09:11:08,323] Trial 35 finished with value: 57.8812141418457 and parameters: {'gradient_clip_val': 0.5791571991516095, 'hidden_size': 22, 'dropout': 0.2424792396269068, 'hidden_continuous_size': 9, 'attention_head_size': 2, 'learning_rate': 0.0015941818507364811}. Best is trial 10 with value: 13.314898490905762.
LOCAL_RANK: 0 - CUDA_VISIBLE_DEVICES: [0]
[I 2023-12-16 09:11:57,122] Trial 36 finished with value: 52.6545524597168 and parameters: {'gradient_clip_val': 0.8482246701783187, 'hidden_size': 34, 'dropout': 0.22420110570038063, 'hidden_continuous_size': 6, 'attention_head_size': 2, 'learning_rate': 0.0008884664789207538}. Best is trial 10 with value: 13.314898490905762.
LOCAL_RANK: 0 - CUDA_VISIBLE_DEVICES: [0]
[I 2023-12-16 09:12:46,097] Trial 37 finished with value: 18.084606170654297 and parameters: {'gradient_clip_val': 0.48077474923611796, 'hidden_size': 26, 'dropout': 0.28607352153835247, 'hidden_continuous_size': 12, 'attention_head_size': 3, 'learning_rate': 0.002400385760778722}. Best is trial 10 with value: 13.314898490905762.
LOCAL_RANK: 0 - CUDA_VISIBLE_DEVICES: [0]
[I 2023-12-16 09:13:33,415] Trial 38 finished with value: 39.41617965698242 and parameters: {'gradient_clip_val': 0.8802882589173027, 'hidden_size': 28, 'dropout': 0.2564053056956085, 'hidden_continuous_size': 12, 'attention_head_size': 2, 'learning_rate': 0.0005223403572892923}. Best is trial 10 with value: 13.314898490905762.
LOCAL_RANK: 0 - CUDA_VISIBLE_DEVICES: [0]
[I 2023-12-16 09:14:20,480] Trial 39 finished with value: 66.77256774902344 and parameters: {'gradient_clip_val': 0.6388073964100012, 'hidden_size': 20, 'dropout': 0.31261618191084456, 'hidden_continuous_size': 8, 'attention_head_size': 4, 'learning_rate': 0.0013318715411275903}. Best is trial 10 with value: 13.314898490905762.
LOCAL_RANK: 0 - CUDA_VISIBLE_DEVICES: [0]
[I 2023-12-16 09:15:12,197] Trial 40 finished with value: 25.490140914916992 and parameters: {'gradient_clip_val': 0.5197192227372724, 'hidden_size': 45, 'dropout': 0.33240734546648076, 'hidden_continuous_size': 14, 'attention_head_size': 2, 'learning_rate': 0.0006714940244962227}. Best is trial 10 with value: 13.314898490905762.
LOCAL_RANK: 0 - CUDA_VISIBLE_DEVICES: [0]
[I 2023-12-16 09:16:00,172] Trial 41 finished with value: 81.98516845703125 and parameters: {'gradient_clip_val': 0.4392976170455966, 'hidden_size': 28, 'dropout': 0.28552807043334, 'hidden_continuous_size': 10, 'attention_head_size': 3, 'learning_rate': 0.0025616032323979134}. Best is trial 10 with value: 13.314898490905762.
LOCAL_RANK: 0 - CUDA_VISIBLE_DEVICES: [0]
[I 2023-12-16 09:16:48,906] Trial 42 finished with value: 74.65557098388672 and parameters: {'gradient_clip_val': 0.45510735009238606, 'hidden_size': 26, 'dropout': 0.3015960906421401, 'hidden_continuous_size': 12, 'attention_head_size': 3, 'learning_rate': 0.003217963421724413}. Best is trial 10 with value: 13.314898490905762.
LOCAL_RANK: 0 - CUDA_VISIBLE_DEVICES: [0]
[I 2023-12-16 09:17:37,968] Trial 43 finished with value: 15.978716850280762 and parameters: {'gradient_clip_val': 0.37259766302088626, 'hidden_size': 25, 'dropout': 0.2792526672615018, 'hidden_continuous_size': 12, 'attention_head_size': 3, 'learning_rate': 0.0016198104697402783}. Best is trial 10 with value: 13.314898490905762.
LOCAL_RANK: 0 - CUDA_VISIBLE_DEVICES: [0]
[I 2023-12-16 09:18:23,061] Trial 44 finished with value: 17.926773071289062 and parameters: {'gradient_clip_val': 0.3967423124211426, 'hidden_size': 16, 'dropout': 0.27025903905297965, 'hidden_continuous_size': 10, 'attention_head_size': 2, 'learning_rate': 0.0014938035420345474}. Best is trial 10 with value: 13.314898490905762.
LOCAL_RANK: 0 - CUDA_VISIBLE_DEVICES: [0]
[I 2023-12-16 09:19:12,593] Trial 45 finished with value: 55.98039627075195 and parameters: {'gradient_clip_val': 0.3462729414724578, 'hidden_size': 34, 'dropout': 0.23876594625649722, 'hidden_continuous_size': 13, 'attention_head_size': 2, 'learning_rate': 0.0011204583235184657}. Best is trial 10 with value: 13.314898490905762.
LOCAL_RANK: 0 - CUDA_VISIBLE_DEVICES: [0]
[I 2023-12-16 09:20:01,155] Trial 46 finished with value: 43.0060920715332 and parameters: {'gradient_clip_val': 0.7275507358351123, 'hidden_size': 21, 'dropout': 0.2976159311481415, 'hidden_continuous_size': 11, 'attention_head_size': 3, 'learning_rate': 0.001661626741688473}. Best is trial 10 with value: 13.314898490905762.
LOCAL_RANK: 0 - CUDA_VISIBLE_DEVICES: [0]
[I 2023-12-16 09:20:49,178] Trial 47 finished with value: 13.082778930664062 and parameters: {'gradient_clip_val': 0.5325260983661286, 'hidden_size': 24, 'dropout': 0.3198039726477062, 'hidden_continuous_size': 9, 'attention_head_size': 4, 'learning_rate': 0.0008615461511613605}. Best is trial 47 with value: 13.082778930664062.
LOCAL_RANK: 0 - CUDA_VISIBLE_DEVICES: [0]
[I 2023-12-16 09:21:41,476] Trial 48 finished with value: 8.414989471435547 and parameters: {'gradient_clip_val': 0.3439896707342847, 'hidden_size': 38, 'dropout': 0.35078910770478816, 'hidden_continuous_size': 16, 'attention_head_size': 4, 'learning_rate': 0.0006138672952397856}. Best is trial 48 with value: 8.414989471435547.
LOCAL_RANK: 0 - CUDA_VISIBLE_DEVICES: [0]
[I 2023-12-16 09:22:33,924] Trial 49 finished with value: 21.65179443359375 and parameters: {'gradient_clip_val': 0.30236012943076496, 'hidden_size': 37, 'dropout': 0.3669141743416369, 'hidden_continuous_size': 17, 'attention_head_size': 4, 'learning_rate': 0.0005836028719963343}. Best is trial 48 with value: 8.414989471435547.
[I 2023-12-16 09:22:34,028] A new study created in memory with name: no-name-2ec02447-5e51-43dc-8fb3-99e622060a3c
/home/le004/conda/anaconda3/envs/tsff_env/lib/python3.9/site-packages/lightning/fabric/plugins/environments/slurm.py:191: The `srun` command is available on your system but is not used. HINT: If your intention is to run Lightning on SLURM, prepend your python command with `srun` like so: srun python /home/le004/master_thesis/git/TSFusionForecast/code/ ...
LOCAL_RANK: 0 - CUDA_VISIBLE_DEVICES: [0]
[I 2023-12-16 09:23:27,147] Trial 0 finished with value: 10.513594627380371 and parameters: {'gradient_clip_val': 0.5510399949372153, 'hidden_size': 42, 'dropout': 0.17864877452642086, 'hidden_continuous_size': 25, 'attention_head_size': 4, 'learning_rate': 0.038672099987505745}. Best is trial 0 with value: 10.513594627380371.
LOCAL_RANK: 0 - CUDA_VISIBLE_DEVICES: [0]
[I 2023-12-16 09:24:01,564] Trial 1 finished with value: 9.93148422241211 and parameters: {'gradient_clip_val': 0.12397925681028568, 'hidden_size': 9, 'dropout': 0.3111313722085941, 'hidden_continuous_size': 9, 'attention_head_size': 2, 'learning_rate': 0.024779576542494512}. Best is trial 1 with value: 9.93148422241211.
LOCAL_RANK: 0 - CUDA_VISIBLE_DEVICES: [0]
[I 2023-12-16 09:24:55,067] Trial 2 finished with value: 37.71550369262695 and parameters: {'gradient_clip_val': 0.15265470842316203, 'hidden_size': 72, 'dropout': 0.15750463707792245, 'hidden_continuous_size': 17, 'attention_head_size': 3, 'learning_rate': 0.014734660435146436}. Best is trial 1 with value: 9.93148422241211.
LOCAL_RANK: 0 - CUDA_VISIBLE_DEVICES: [0]
[I 2023-12-16 09:25:43,897] Trial 3 finished with value: 13.36487102508545 and parameters: {'gradient_clip_val': 0.15519462588819596, 'hidden_size': 34, 'dropout': 0.398297091107084, 'hidden_continuous_size': 5, 'attention_head_size': 2, 'learning_rate': 0.0015303884850121608}. Best is trial 1 with value: 9.93148422241211.
LOCAL_RANK: 0 - CUDA_VISIBLE_DEVICES: [0]
[I 2023-12-16 09:26:39,040] Trial 4 finished with value: 11.44692611694336 and parameters: {'gradient_clip_val': 0.24985705596375105, 'hidden_size': 74, 'dropout': 0.1461998050491398, 'hidden_continuous_size': 39, 'attention_head_size': 4, 'learning_rate': 0.0005338324730578328}. Best is trial 1 with value: 9.93148422241211.
LOCAL_RANK: 0 - CUDA_VISIBLE_DEVICES: [0]
[I 2023-12-16 09:27:32,535] Trial 5 finished with value: 18.445161819458008 and parameters: {'gradient_clip_val': 0.8462453852367523, 'hidden_size': 80, 'dropout': 0.2876429053463241, 'hidden_continuous_size': 18, 'attention_head_size': 2, 'learning_rate': 0.08216743282007799}. Best is trial 1 with value: 9.93148422241211.
LOCAL_RANK: 0 - CUDA_VISIBLE_DEVICES: [0]
[I 2023-12-16 09:28:21,439] Trial 6 finished with value: 8.296303749084473 and parameters: {'gradient_clip_val': 0.4006115172053411, 'hidden_size': 27, 'dropout': 0.14041161998577695, 'hidden_continuous_size': 11, 'attention_head_size': 2, 'learning_rate': 0.0005086613680166744}. Best is trial 6 with value: 8.296303749084473.
LOCAL_RANK: 0 - CUDA_VISIBLE_DEVICES: [0]
[I 2023-12-16 09:29:15,864] Trial 7 finished with value: 13.676356315612793 and parameters: {'gradient_clip_val': 0.5548023694605739, 'hidden_size': 90, 'dropout': 0.3007459826916954, 'hidden_continuous_size': 24, 'attention_head_size': 2, 'learning_rate': 0.014117842502114638}. Best is trial 6 with value: 8.296303749084473.
LOCAL_RANK: 0 - CUDA_VISIBLE_DEVICES: [0]
[I 2023-12-16 09:30:04,150] Trial 8 finished with value: 8.014100074768066 and parameters: {'gradient_clip_val': 0.24100096762231493, 'hidden_size': 34, 'dropout': 0.3799549353790236, 'hidden_continuous_size': 8, 'attention_head_size': 1, 'learning_rate': 0.09891442000971337}. Best is trial 8 with value: 8.014100074768066.
LOCAL_RANK: 0 - CUDA_VISIBLE_DEVICES: [0]
[I 2023-12-16 09:30:49,516] Trial 9 finished with value: 9.424992561340332 and parameters: {'gradient_clip_val': 0.42371515178526276, 'hidden_size': 9, 'dropout': 0.25310366004470086, 'hidden_continuous_size': 6, 'attention_head_size': 4, 'learning_rate': 0.001186477837557526}. Best is trial 8 with value: 8.014100074768066.
LOCAL_RANK: 0 - CUDA_VISIBLE_DEVICES: [0]
[I 2023-12-16 09:31:33,287] Trial 10 finished with value: 16.886152267456055 and parameters: {'gradient_clip_val': 0.25158111134073047, 'hidden_size': 16, 'dropout': 0.38737632896248386, 'hidden_continuous_size': 7, 'attention_head_size': 1, 'learning_rate': 0.09319493740398885}. Best is trial 8 with value: 8.014100074768066.
LOCAL_RANK: 0 - CUDA_VISIBLE_DEVICES: [0]
[I 2023-12-16 09:32:21,357] Trial 11 finished with value: 9.708298683166504 and parameters: {'gradient_clip_val': 0.30523317597679284, 'hidden_size': 22, 'dropout': 0.10843288310631842, 'hidden_continuous_size': 9, 'attention_head_size': 1, 'learning_rate': 0.005256505750701775}. Best is trial 8 with value: 8.014100074768066.
LOCAL_RANK: 0 - CUDA_VISIBLE_DEVICES: [0]
[I 2023-12-16 09:32:54,115] Trial 12 finished with value: 12.2591552734375 and parameters: {'gradient_clip_val': 0.21947772084451428, 'hidden_size': 5, 'dropout': 0.20432433047235826, 'hidden_continuous_size': 5, 'attention_head_size': 1, 'learning_rate': 0.004822258771699278}. Best is trial 8 with value: 8.014100074768066.
LOCAL_RANK: 0 - CUDA_VISIBLE_DEVICES: [0]
[I 2023-12-16 09:33:44,441] Trial 13 finished with value: 10.968668937683105 and parameters: {'gradient_clip_val': 0.40359273772623666, 'hidden_size': 37, 'dropout': 0.10133352860267625, 'hidden_continuous_size': 11, 'attention_head_size': 3, 'learning_rate': 0.003488284337769421}. Best is trial 8 with value: 8.014100074768066.
LOCAL_RANK: 0 - CUDA_VISIBLE_DEVICES: [0]
[I 2023-12-16 09:34:32,286] Trial 14 finished with value: 27.95508575439453 and parameters: {'gradient_clip_val': 0.10172313034252115, 'hidden_size': 21, 'dropout': 0.20749931330671945, 'hidden_continuous_size': 8, 'attention_head_size': 1, 'learning_rate': 0.009784960061606085}. Best is trial 8 with value: 8.014100074768066.
LOCAL_RANK: 0 - CUDA_VISIBLE_DEVICES: [0]
[I 2023-12-16 09:35:24,833] Trial 15 finished with value: 10.425154685974121 and parameters: {'gradient_clip_val': 0.1902880532551702, 'hidden_size': 51, 'dropout': 0.33796824953998517, 'hidden_continuous_size': 12, 'attention_head_size': 3, 'learning_rate': 0.04084343388185536}. Best is trial 8 with value: 8.014100074768066.
LOCAL_RANK: 0 - CUDA_VISIBLE_DEVICES: [0]
[I 2023-12-16 09:36:11,878] Trial 16 finished with value: 7.982031345367432 and parameters: {'gradient_clip_val': 0.31460633786449127, 'hidden_size': 28, 'dropout': 0.24389615403301934, 'hidden_continuous_size': 7, 'attention_head_size': 1, 'learning_rate': 0.002733842342654591}. Best is trial 16 with value: 7.982031345367432.
LOCAL_RANK: 0 - CUDA_VISIBLE_DEVICES: [0]
[I 2023-12-16 09:37:02,425] Trial 17 finished with value: 11.291770935058594 and parameters: {'gradient_clip_val': 0.3196711363618281, 'hidden_size': 58, 'dropout': 0.25457364750685996, 'hidden_continuous_size': 6, 'attention_head_size': 1, 'learning_rate': 0.002582780852403761}. Best is trial 16 with value: 7.982031345367432.
LOCAL_RANK: 0 - CUDA_VISIBLE_DEVICES: [0]
[I 2023-12-16 09:37:53,318] Trial 18 finished with value: 10.718436241149902 and parameters: {'gradient_clip_val': 0.19383364750504503, 'hidden_size': 47, 'dropout': 0.35172923664834027, 'hidden_continuous_size': 7, 'attention_head_size': 1, 'learning_rate': 0.008662391224542576}. Best is trial 16 with value: 7.982031345367432.
LOCAL_RANK: 0 - CUDA_VISIBLE_DEVICES: [0]
[I 2023-12-16 09:38:42,035] Trial 19 finished with value: 6.882829189300537 and parameters: {'gradient_clip_val': 0.3037681971629375, 'hidden_size': 35, 'dropout': 0.27376285119353133, 'hidden_continuous_size': 9, 'attention_head_size': 1, 'learning_rate': 0.005571985537884865}. Best is trial 19 with value: 6.882829189300537.
LOCAL_RANK: 0 - CUDA_VISIBLE_DEVICES: [0]
[I 2023-12-16 09:39:34,635] Trial 20 finished with value: 17.665721893310547 and parameters: {'gradient_clip_val': 0.29341433037422854, 'hidden_size': 58, 'dropout': 0.2281731332422205, 'hidden_continuous_size': 13, 'attention_head_size': 2, 'learning_rate': 0.002589023991665499}. Best is trial 19 with value: 6.882829189300537.
LOCAL_RANK: 0 - CUDA_VISIBLE_DEVICES: [0]
