[I 2023-12-26 18:51:50,068] Trial 35 finished with value: 1.8872218132019043 and parameters: {'gradient_clip_val': 0.19578465228022304, 'hidden_size': 63, 'dropout': 0.30198420515030644, 'hidden_continuous_size': 6, 'attention_head_size': 1, 'learning_rate': 0.0044911420640068}. Best is trial 0 with value: 0.07195161283016205.
[I 2023-12-26 18:51:53,066] Trial 36 finished with value: 2.689149856567383 and parameters: {'gradient_clip_val': 0.19969375640649292, 'hidden_size': 57, 'dropout': 0.3104057298709727, 'hidden_continuous_size': 6, 'attention_head_size': 2, 'learning_rate': 0.009982702818391396}. Best is trial 0 with value: 0.07195161283016205.
[I 2023-12-26 18:51:54,775] Trial 37 finished with value: 3.7407262325286865 and parameters: {'gradient_clip_val': 0.14564258473817088, 'hidden_size': 8, 'dropout': 0.28577703930793064, 'hidden_continuous_size': 6, 'attention_head_size': 1, 'learning_rate': 0.014551897668480168}. Best is trial 0 with value: 0.07195161283016205.
[I 2023-12-26 18:51:56,552] Trial 38 finished with value: 4.344330310821533 and parameters: {'gradient_clip_val': 0.28717100299158244, 'hidden_size': 6, 'dropout': 0.3836752141480647, 'hidden_continuous_size': 5, 'attention_head_size': 1, 'learning_rate': 0.008578653119998031}. Best is trial 0 with value: 0.07195161283016205.
[I 2023-12-26 18:51:58,465] Trial 39 finished with value: 3.212517023086548 and parameters: {'gradient_clip_val': 0.22721735021313386, 'hidden_size': 12, 'dropout': 0.3258897401016909, 'hidden_continuous_size': 6, 'attention_head_size': 2, 'learning_rate': 0.004459369754703174}. Best is trial 0 with value: 0.07195161283016205.
[I 2023-12-26 18:52:00,326] Trial 40 finished with value: 3.8675801753997803 and parameters: {'gradient_clip_val': 0.31887096777818313, 'hidden_size': 16, 'dropout': 0.29760695342885346, 'hidden_continuous_size': 7, 'attention_head_size': 3, 'learning_rate': 0.005318014674756722}. Best is trial 0 with value: 0.07195161283016205.
[I 2023-12-26 18:52:03,567] Trial 41 finished with value: 3.1043174266815186 and parameters: {'gradient_clip_val': 0.201599326068259, 'hidden_size': 64, 'dropout': 0.31518807293533674, 'hidden_continuous_size': 6, 'attention_head_size': 2, 'learning_rate': 0.011316271149726104}. Best is trial 0 with value: 0.07195161283016205.
[I 2023-12-26 18:52:06,416] Trial 42 finished with value: 4.117893695831299 and parameters: {'gradient_clip_val': 0.15964953244373728, 'hidden_size': 56, 'dropout': 0.3508272086396457, 'hidden_continuous_size': 7, 'attention_head_size': 2, 'learning_rate': 0.02202229589239574}. Best is trial 0 with value: 0.07195161283016205.
[I 2023-12-26 18:52:10,001] Trial 43 finished with value: 3.7283432483673096 and parameters: {'gradient_clip_val': 0.17660145752078735, 'hidden_size': 72, 'dropout': 0.27547076358017664, 'hidden_continuous_size': 13, 'attention_head_size': 2, 'learning_rate': 0.009141818226654422}. Best is trial 0 with value: 0.07195161283016205.
[I 2023-12-26 18:52:12,569] Trial 44 finished with value: 2.8919105529785156 and parameters: {'gradient_clip_val': 0.20599314122043283, 'hidden_size': 48, 'dropout': 0.2890919351933095, 'hidden_continuous_size': 6, 'attention_head_size': 2, 'learning_rate': 0.04255302853366057}. Best is trial 0 with value: 0.07195161283016205.
[I 2023-12-26 18:52:15,108] Trial 45 finished with value: 3.067063331604004 and parameters: {'gradient_clip_val': 0.25372630702105536, 'hidden_size': 39, 'dropout': 0.33703652878437423, 'hidden_continuous_size': 7, 'attention_head_size': 3, 'learning_rate': 0.00405533636635728}. Best is trial 0 with value: 0.07195161283016205.
[I 2023-12-26 18:52:19,064] Trial 46 finished with value: 3.6240692138671875 and parameters: {'gradient_clip_val': 0.2797409737960239, 'hidden_size': 75, 'dropout': 0.31410022798732246, 'hidden_continuous_size': 17, 'attention_head_size': 4, 'learning_rate': 0.0031035075956653987}. Best is trial 0 with value: 0.07195161283016205.
[I 2023-12-26 18:52:21,888] Trial 47 finished with value: 2.665175676345825 and parameters: {'gradient_clip_val': 0.11796250738602364, 'hidden_size': 56, 'dropout': 0.3580614132902792, 'hidden_continuous_size': 8, 'attention_head_size': 2, 'learning_rate': 0.06690752256878063}. Best is trial 0 with value: 0.07195161283016205.
[I 2023-12-26 18:52:27,950] Trial 48 finished with value: 2.329822301864624 and parameters: {'gradient_clip_val': 0.1018754268805158, 'hidden_size': 110, 'dropout': 0.3639283519109011, 'hidden_continuous_size': 10, 'attention_head_size': 3, 'learning_rate': 0.0704523127622516}. Best is trial 0 with value: 0.07195161283016205.
[I 2023-12-26 18:52:33,266] Trial 49 finished with value: 2.091168165206909 and parameters: {'gradient_clip_val': 0.11665405625182224, 'hidden_size': 98, 'dropout': 0.3624801467749445, 'hidden_continuous_size': 14, 'attention_head_size': 4, 'learning_rate': 0.07983726168243996}. Best is trial 0 with value: 0.07195161283016205.
[I 2023-12-26 18:52:33,384] A new study created in memory with name: no-name-abb2e559-c983-457f-a5f0-7ff2a770b7ff
/home/le004/conda/anaconda3/envs/tsff_env/lib/python3.9/site-packages/lightning/fabric/plugins/environments/slurm.py:191: The `srun` command is available on your system but is not used. HINT: If your intention is to run Lightning on SLURM, prepend your python command with `srun` like so: srun python /home/le004/master_thesis/git/TSFusionForecast/code/ ...
[I 2023-12-26 18:56:40,472] Trial 0 finished with value: 0.04007663577795029 and parameters: {'gradient_clip_val': 0.8893862300883812, 'hidden_size': 8, 'dropout': 0.1518108218050911, 'hidden_continuous_size': 5, 'attention_head_size': 4, 'learning_rate': 0.0073757448256986415}. Best is trial 0 with value: 0.04007663577795029.
[I 2023-12-26 18:59:31,825] Trial 1 finished with value: 0.07808694988489151 and parameters: {'gradient_clip_val': 0.38335543422813845, 'hidden_size': 128, 'dropout': 0.4497741671505133, 'hidden_continuous_size': 46, 'attention_head_size': 4, 'learning_rate': 0.010238463234153599}. Best is trial 0 with value: 0.04007663577795029.
[I 2023-12-26 18:59:34,278] Trial 2 finished with value: 3.3272335529327393 and parameters: {'gradient_clip_val': 0.44840467911294046, 'hidden_size': 35, 'dropout': 0.24044299909214475, 'hidden_continuous_size': 8, 'attention_head_size': 4, 'learning_rate': 0.021320304676123468}. Best is trial 0 with value: 0.04007663577795029.
[I 2023-12-26 18:59:35,895] Trial 3 finished with value: 4.321906566619873 and parameters: {'gradient_clip_val': 0.38135079813495354, 'hidden_size': 5, 'dropout': 0.41385212544393446, 'hidden_continuous_size': 5, 'attention_head_size': 2, 'learning_rate': 0.003100832123194735}. Best is trial 0 with value: 0.04007663577795029.
[I 2023-12-26 18:59:42,698] Trial 4 finished with value: 4.772460460662842 and parameters: {'gradient_clip_val': 0.8495571224149416, 'hidden_size': 121, 'dropout': 0.3190871274464435, 'hidden_continuous_size': 12, 'attention_head_size': 1, 'learning_rate': 0.009392844292187922}. Best is trial 0 with value: 0.04007663577795029.
[I 2023-12-26 18:59:44,347] Trial 5 finished with value: 3.198455810546875 and parameters: {'gradient_clip_val': 0.23791348457337988, 'hidden_size': 5, 'dropout': 0.44155840051492246, 'hidden_continuous_size': 5, 'attention_head_size': 4, 'learning_rate': 0.002177729797054764}. Best is trial 0 with value: 0.04007663577795029.
[I 2023-12-26 18:59:46,429] Trial 6 finished with value: 5.451137542724609 and parameters: {'gradient_clip_val': 0.7551694150793354, 'hidden_size': 22, 'dropout': 0.15961820847569472, 'hidden_continuous_size': 10, 'attention_head_size': 2, 'learning_rate': 0.016260537741365624}. Best is trial 0 with value: 0.04007663577795029.
[I 2023-12-26 18:59:53,681] Trial 7 finished with value: 3.9050800800323486 and parameters: {'gradient_clip_val': 0.3817585122757069, 'hidden_size': 118, 'dropout': 0.41346507244227704, 'hidden_continuous_size': 118, 'attention_head_size': 4, 'learning_rate': 0.011425976893834105}. Best is trial 0 with value: 0.04007663577795029.
[I 2023-12-26 18:59:55,649] Trial 8 finished with value: 3.8120062351226807 and parameters: {'gradient_clip_val': 0.7103234252102283, 'hidden_size': 15, 'dropout': 0.22476211782274663, 'hidden_continuous_size': 10, 'attention_head_size': 1, 'learning_rate': 0.006165062898110197}. Best is trial 0 with value: 0.04007663577795029.
[I 2023-12-26 18:59:58,196] Trial 9 finished with value: 4.998565196990967 and parameters: {'gradient_clip_val': 0.4322037078025802, 'hidden_size': 43, 'dropout': 0.2284161500815466, 'hidden_continuous_size': 5, 'attention_head_size': 1, 'learning_rate': 0.02692219286767423}. Best is trial 0 with value: 0.04007663577795029.
[I 2023-12-26 19:00:00,102] Trial 10 finished with value: 3.5893495082855225 and parameters: {'gradient_clip_val': 0.12944586200794633, 'hidden_size': 10, 'dropout': 0.10776783858103142, 'hidden_continuous_size': 5, 'attention_head_size': 3, 'learning_rate': 0.0777755465930545}. Best is trial 0 with value: 0.04007663577795029.
[I 2023-12-26 19:00:03,322] Trial 11 finished with value: 4.436821460723877 and parameters: {'gradient_clip_val': 0.9117841770474656, 'hidden_size': 60, 'dropout': 0.3482172157686706, 'hidden_continuous_size': 26, 'attention_head_size': 3, 'learning_rate': 0.0005524752742171911}. Best is trial 0 with value: 0.04007663577795029.
[I 2023-12-26 19:00:07,079] Trial 12 finished with value: 4.83718729019165 and parameters: {'gradient_clip_val': 0.5702035911075954, 'hidden_size': 69, 'dropout': 0.35386621300822835, 'hidden_continuous_size': 24, 'attention_head_size': 3, 'learning_rate': 0.0045461862537097535}. Best is trial 0 with value: 0.04007663577795029.
[I 2023-12-26 19:00:09,202] Trial 13 finished with value: 4.25744104385376 and parameters: {'gradient_clip_val': 0.24243028499948568, 'hidden_size': 21, 'dropout': 0.27909082172129046, 'hidden_continuous_size': 7, 'attention_head_size': 4, 'learning_rate': 0.03993535527318915}. Best is trial 0 with value: 0.04007663577795029.
[I 2023-12-26 19:00:17,374] Trial 14 finished with value: 4.687293529510498 and parameters: {'gradient_clip_val': 0.9901897975022212, 'hidden_size': 139, 'dropout': 0.4907120409359798, 'hidden_continuous_size': 49, 'attention_head_size': 3, 'learning_rate': 0.008172493701464176}. Best is trial 0 with value: 0.04007663577795029.
[I 2023-12-26 19:00:19,269] Trial 15 finished with value: 3.7764060497283936 and parameters: {'gradient_clip_val': 0.585736833757959, 'hidden_size': 9, 'dropout': 0.49877022172558905, 'hidden_continuous_size': 6, 'attention_head_size': 4, 'learning_rate': 0.0018844682505399105}. Best is trial 0 with value: 0.04007663577795029.
[I 2023-12-26 19:00:21,682] Trial 16 finished with value: 4.867587089538574 and parameters: {'gradient_clip_val': 0.5845461052517504, 'hidden_size': 31, 'dropout': 0.15453974395321843, 'hidden_continuous_size': 7, 'attention_head_size': 4, 'learning_rate': 0.004488326885603896}. Best is trial 0 with value: 0.04007663577795029.
[I 2023-12-26 19:00:25,338] Trial 17 finished with value: 3.1335718631744385 and parameters: {'gradient_clip_val': 0.2821355620759042, 'hidden_size': 73, 'dropout': 0.2865319234547847, 'hidden_continuous_size': 15, 'attention_head_size': 2, 'learning_rate': 0.012813380753636592}. Best is trial 0 with value: 0.04007663577795029.
[I 2023-12-26 19:00:28,015] Trial 18 finished with value: 3.413759231567383 and parameters: {'gradient_clip_val': 0.17772563798907717, 'hidden_size': 44, 'dropout': 0.3945132794470572, 'hidden_continuous_size': 14, 'attention_head_size': 3, 'learning_rate': 0.03564950178276462}. Best is trial 0 with value: 0.04007663577795029.
[I 2023-12-26 19:00:30,051] Trial 19 finished with value: 5.216211795806885 and parameters: {'gradient_clip_val': 0.34067604819172687, 'hidden_size': 15, 'dropout': 0.36045644925535386, 'hidden_continuous_size': 6, 'attention_head_size': 4, 'learning_rate': 0.01695137389674167}. Best is trial 0 with value: 0.04007663577795029.
[I 2023-12-26 19:00:35,243] Trial 20 finished with value: 3.355973243713379 and parameters: {'gradient_clip_val': 0.48572869378344535, 'hidden_size': 93, 'dropout': 0.46633562366447956, 'hidden_continuous_size': 35, 'attention_head_size': 3, 'learning_rate': 0.0069110902458391675}. Best is trial 0 with value: 0.04007663577795029.
[I 2023-12-26 19:00:39,789] Trial 21 finished with value: 3.894446611404419 and parameters: {'gradient_clip_val': 0.2959235467120174, 'hidden_size': 86, 'dropout': 0.28869780030836695, 'hidden_continuous_size': 17, 'attention_head_size': 2, 'learning_rate': 0.012473422014108258}. Best is trial 0 with value: 0.04007663577795029.
[I 2023-12-26 19:00:47,761] Trial 22 finished with value: 3.31499981880188 and parameters: {'gradient_clip_val': 0.2881759767545267, 'hidden_size': 141, 'dropout': 0.3121864976098543, 'hidden_continuous_size': 17, 'attention_head_size': 2, 'learning_rate': 0.013299269901238574}. Best is trial 0 with value: 0.04007663577795029.
[I 2023-12-26 19:00:50,905] Trial 23 finished with value: 4.1192545890808105 and parameters: {'gradient_clip_val': 0.7042988447569682, 'hidden_size': 59, 'dropout': 0.2627593217375932, 'hidden_continuous_size': 9, 'attention_head_size': 2, 'learning_rate': 0.02296665920462652}. Best is trial 0 with value: 0.04007663577795029.
[I 2023-12-26 19:00:56,075] Trial 24 finished with value: 3.0918996334075928 and parameters: {'gradient_clip_val': 0.21069407652097927, 'hidden_size': 92, 'dropout': 0.19625079038331075, 'hidden_continuous_size': 12, 'attention_head_size': 3, 'learning_rate': 0.009958300275070185}. Best is trial 0 with value: 0.04007663577795029.
[I 2023-12-26 19:01:01,228] Trial 25 finished with value: 4.034492015838623 and parameters: {'gradient_clip_val': 0.178417289326726, 'hidden_size': 97, 'dropout': 0.19876936072799944, 'hidden_continuous_size': 12, 'attention_head_size': 4, 'learning_rate': 0.007263870526593751}. Best is trial 0 with value: 0.04007663577795029.
[I 2023-12-26 19:01:10,089] Trial 26 finished with value: 4.63785982131958 and parameters: {'gradient_clip_val': 0.10239962624281078, 'hidden_size': 150, 'dropout': 0.1005447394191684, 'hidden_continuous_size': 53, 'attention_head_size': 3, 'learning_rate': 0.00532109043871772}. Best is trial 0 with value: 0.04007663577795029.
[I 2023-12-26 19:01:12,857] Trial 27 finished with value: 5.6670708656311035 and parameters: {'gradient_clip_val': 0.9857557515367361, 'hidden_size': 47, 'dropout': 0.18068623451724664, 'hidden_continuous_size': 8, 'attention_head_size': 4, 'learning_rate': 0.008530457877859852}. Best is trial 0 with value: 0.04007663577795029.
[I 2023-12-26 19:01:18,291] Trial 28 finished with value: 4.098761081695557 and parameters: {'gradient_clip_val': 0.34958696249275506, 'hidden_size': 99, 'dropout': 0.12890006336969956, 'hidden_continuous_size': 21, 'attention_head_size': 3, 'learning_rate': 0.0034359737337329734}. Best is trial 0 with value: 0.04007663577795029.
[I 2023-12-26 19:01:20,757] Trial 29 finished with value: 5.202218532562256 and parameters: {'gradient_clip_val': 0.47411696830078476, 'hidden_size': 36, 'dropout': 0.24216661464003575, 'hidden_continuous_size': 11, 'attention_head_size': 4, 'learning_rate': 0.021119189653994827}. Best is trial 0 with value: 0.04007663577795029.
[I 2023-12-26 19:01:23,661] Trial 30 finished with value: 6.367332458496094 and parameters: {'gradient_clip_val': 0.8221403486970636, 'hidden_size': 53, 'dropout': 0.2007031843362864, 'hidden_continuous_size': 8, 'attention_head_size': 4, 'learning_rate': 0.009806838992728183}. Best is trial 0 with value: 0.04007663577795029.
[I 2023-12-26 19:01:27,090] Trial 31 finished with value: 3.726346969604492 and parameters: {'gradient_clip_val': 0.2615246500308965, 'hidden_size': 68, 'dropout': 0.2464895728731512, 'hidden_continuous_size': 15, 'attention_head_size': 2, 'learning_rate': 0.012006602216233541}. Best is trial 0 with value: 0.04007663577795029.
[I 2023-12-26 19:01:31,517] Trial 32 finished with value: 3.282165765762329 and parameters: {'gradient_clip_val': 0.22131006757732116, 'hidden_size': 85, 'dropout': 0.2639656301854048, 'hidden_continuous_size': 13, 'attention_head_size': 2, 'learning_rate': 0.015653433231885065}. Best is trial 0 with value: 0.04007663577795029.
[I 2023-12-26 19:01:37,710] Trial 33 finished with value: 3.0834100246429443 and parameters: {'gradient_clip_val': 0.3042756907899822, 'hidden_size': 114, 'dropout': 0.21010880385148076, 'hidden_continuous_size': 9, 'attention_head_size': 1, 'learning_rate': 0.009466870806875602}. Best is trial 0 with value: 0.04007663577795029.
[I 2023-12-26 19:01:44,047] Trial 34 finished with value: 2.977543592453003 and parameters: {'gradient_clip_val': 0.3965971864744197, 'hidden_size': 115, 'dropout': 0.21109532915211618, 'hidden_continuous_size': 10, 'attention_head_size': 1, 'learning_rate': 0.008995460005860673}. Best is trial 0 with value: 0.04007663577795029.
[I 2023-12-26 19:01:50,801] Trial 35 finished with value: 4.918023109436035 and parameters: {'gradient_clip_val': 0.4219003531056181, 'hidden_size': 122, 'dropout': 0.15793490065744709, 'hidden_continuous_size': 9, 'attention_head_size': 1, 'learning_rate': 0.005991209873206169}. Best is trial 0 with value: 0.04007663577795029.
[I 2023-12-26 19:01:57,448] Trial 36 finished with value: 5.571025848388672 and parameters: {'gradient_clip_val': 0.32940912787871224, 'hidden_size': 117, 'dropout': 0.21773272355319098, 'hidden_continuous_size': 6, 'attention_head_size': 1, 'learning_rate': 0.009106746066608067}. Best is trial 0 with value: 0.04007663577795029.
[I 2023-12-26 19:02:03,644] Trial 37 finished with value: 4.846146583557129 and parameters: {'gradient_clip_val': 0.401710553606928, 'hidden_size': 114, 'dropout': 0.1676587790686081, 'hidden_continuous_size': 9, 'attention_head_size': 1, 'learning_rate': 0.003634338325279783}. Best is trial 0 with value: 0.04007663577795029.
[I 2023-12-26 19:02:07,769] Trial 38 finished with value: 3.532975435256958 and parameters: {'gradient_clip_val': 0.35654750065201346, 'hidden_size': 79, 'dropout': 0.13157800292018954, 'hidden_continuous_size': 10, 'attention_head_size': 1, 'learning_rate': 0.006318879930139794}. Best is trial 0 with value: 0.04007663577795029.
[I 2023-12-26 19:02:09,373] Trial 39 finished with value: 3.7097206115722656 and parameters: {'gradient_clip_val': 0.3945549119771973, 'hidden_size': 5, 'dropout': 0.21188048444969432, 'hidden_continuous_size': 5, 'attention_head_size': 1, 'learning_rate': 0.016621312944940517}. Best is trial 0 with value: 0.04007663577795029.
[I 2023-12-26 19:02:15,732] Trial 40 finished with value: 4.305116176605225 and parameters: {'gradient_clip_val': 0.3092417518534102, 'hidden_size': 120, 'dropout': 0.18045165441850858, 'hidden_continuous_size': 7, 'attention_head_size': 1, 'learning_rate': 0.002690219903896209}. Best is trial 0 with value: 0.04007663577795029.
[I 2023-12-26 19:02:21,164] Trial 41 finished with value: 4.502692699432373 and parameters: {'gradient_clip_val': 0.49922087681467275, 'hidden_size': 100, 'dropout': 0.19211127297826655, 'hidden_continuous_size': 11, 'attention_head_size': 4, 'learning_rate': 0.010192027646588688}. Best is trial 0 with value: 0.04007663577795029.
[I 2023-12-26 19:02:29,310] Trial 42 finished with value: 4.467167377471924 and parameters: {'gradient_clip_val': 0.3715217770625378, 'hidden_size': 147, 'dropout': 0.23618167914027896, 'hidden_continuous_size': 12, 'attention_head_size': 1, 'learning_rate': 0.007617395026375652}. Best is trial 0 with value: 0.04007663577795029.
[I 2023-12-26 19:02:35,041] Trial 43 finished with value: 3.5048391819000244 and parameters: {'gradient_clip_val': 0.43334780119398575, 'hidden_size': 105, 'dropout': 0.2212655149913484, 'hidden_continuous_size': 9, 'attention_head_size': 3, 'learning_rate': 0.010031683542369807}. Best is trial 0 with value: 0.04007663577795029.
[I 2023-12-26 19:02:39,114] Trial 44 finished with value: 4.003468036651611 and parameters: {'gradient_clip_val': 0.32473426354710067, 'hidden_size': 78, 'dropout': 0.20715755789810136, 'hidden_continuous_size': 11, 'attention_head_size': 4, 'learning_rate': 0.005301520253351869}. Best is trial 0 with value: 0.04007663577795029.
[I 2023-12-26 19:02:42,196] Trial 45 finished with value: 4.025554656982422 and parameters: {'gradient_clip_val': 0.6598587123065751, 'hidden_size': 64, 'dropout': 0.180794529299153, 'hidden_continuous_size': 13, 'attention_head_size': 2, 'learning_rate': 0.0076722789281297955}. Best is trial 0 with value: 0.04007663577795029.
[I 2023-12-26 19:02:49,248] Trial 46 finished with value: 4.7285237312316895 and parameters: {'gradient_clip_val': 0.37618082415588433, 'hidden_size': 126, 'dropout': 0.14248501164233132, 'hidden_continuous_size': 5, 'attention_head_size': 4, 'learning_rate': 0.010534049521878785}. Best is trial 0 with value: 0.04007663577795029.
[I 2023-12-26 19:02:53,677] Trial 47 finished with value: 4.017111301422119 and parameters: {'gradient_clip_val': 0.8661937834925405, 'hidden_size': 85, 'dropout': 0.17027575489202942, 'hidden_continuous_size': 7, 'attention_head_size': 3, 'learning_rate': 0.004363086940280413}. Best is trial 0 with value: 0.04007663577795029.
[I 2023-12-26 19:02:59,770] Trial 48 finished with value: 4.229355812072754 and parameters: {'gradient_clip_val': 0.5171046535757052, 'hidden_size': 107, 'dropout': 0.43924083588525287, 'hidden_continuous_size': 6, 'attention_head_size': 1, 'learning_rate': 0.015902097770688076}. Best is trial 0 with value: 0.04007663577795029.
