[I 2023-12-16 06:42:36,562] Trial 49 finished with value: 216.5802459716797 and parameters: {'gradient_clip_val': 0.12179281204748385, 'hidden_size': 6, 'dropout': 0.19341668851051783, 'hidden_continuous_size': 5, 'attention_head_size': 3, 'learning_rate': 0.08094884293068712}. Best is trial 11 with value: 164.47084045410156.
[I 2023-12-16 06:42:36,657] A new study created in memory with name: no-name-bcffc045-3632-407b-bd45-ea2308780322
/home/le004/conda/anaconda3/envs/tsff_env/lib/python3.9/site-packages/lightning/fabric/plugins/environments/slurm.py:191: The `srun` command is available on your system but is not used. HINT: If your intention is to run Lightning on SLURM, prepend your python command with `srun` like so: srun python /home/le004/master_thesis/git/TSFusionForecast/code/ ...
LOCAL_RANK: 0 - CUDA_VISIBLE_DEVICES: [0]
[I 2023-12-16 06:43:24,303] Trial 0 finished with value: 540.040283203125 and parameters: {'gradient_clip_val': 0.27302795210680186, 'hidden_size': 24, 'dropout': 0.14516644695518613, 'hidden_continuous_size': 12, 'attention_head_size': 3, 'learning_rate': 0.004163817678798326}. Best is trial 0 with value: 540.040283203125.
LOCAL_RANK: 0 - CUDA_VISIBLE_DEVICES: [0]
[I 2023-12-16 06:44:18,147] Trial 1 finished with value: 557.9768676757812 and parameters: {'gradient_clip_val': 0.20307375414296394, 'hidden_size': 74, 'dropout': 0.3761323248374465, 'hidden_continuous_size': 16, 'attention_head_size': 3, 'learning_rate': 0.00886322282081678}. Best is trial 0 with value: 540.040283203125.
LOCAL_RANK: 0 - CUDA_VISIBLE_DEVICES: [0]
[I 2023-12-16 06:45:04,237] Trial 2 finished with value: 752.8872680664062 and parameters: {'gradient_clip_val': 0.34807271108154875, 'hidden_size': 17, 'dropout': 0.27556719296186316, 'hidden_continuous_size': 6, 'attention_head_size': 3, 'learning_rate': 0.0850611528881348}. Best is trial 0 with value: 540.040283203125.
LOCAL_RANK: 0 - CUDA_VISIBLE_DEVICES: [0]
[I 2023-12-16 06:45:55,963] Trial 3 finished with value: 557.8650512695312 and parameters: {'gradient_clip_val': 0.19480196622245088, 'hidden_size': 48, 'dropout': 0.11620118007327822, 'hidden_continuous_size': 10, 'attention_head_size': 2, 'learning_rate': 0.08491883126974736}. Best is trial 0 with value: 540.040283203125.
LOCAL_RANK: 0 - CUDA_VISIBLE_DEVICES: [0]
[I 2023-12-16 06:46:43,206] Trial 4 finished with value: 213.2875518798828 and parameters: {'gradient_clip_val': 0.22061063918279192, 'hidden_size': 24, 'dropout': 0.20340544821031656, 'hidden_continuous_size': 12, 'attention_head_size': 2, 'learning_rate': 0.0006904653191726524}. Best is trial 4 with value: 213.2875518798828.
LOCAL_RANK: 0 - CUDA_VISIBLE_DEVICES: [0]
[I 2023-12-16 06:47:31,249] Trial 5 finished with value: 354.3525390625 and parameters: {'gradient_clip_val': 0.9170525446114222, 'hidden_size': 28, 'dropout': 0.3030558774897071, 'hidden_continuous_size': 8, 'attention_head_size': 3, 'learning_rate': 0.020228302134787914}. Best is trial 4 with value: 213.2875518798828.
LOCAL_RANK: 0 - CUDA_VISIBLE_DEVICES: [0]
[I 2023-12-16 06:48:28,473] Trial 6 finished with value: 414.8701171875 and parameters: {'gradient_clip_val': 0.7034198152733931, 'hidden_size': 78, 'dropout': 0.2352178395156265, 'hidden_continuous_size': 67, 'attention_head_size': 4, 'learning_rate': 0.08879101368494065}. Best is trial 4 with value: 213.2875518798828.
LOCAL_RANK: 0 - CUDA_VISIBLE_DEVICES: [0]
[I 2023-12-16 06:49:21,040] Trial 7 finished with value: 498.4766540527344 and parameters: {'gradient_clip_val': 0.12831248339551135, 'hidden_size': 42, 'dropout': 0.20686356558452668, 'hidden_continuous_size': 17, 'attention_head_size': 3, 'learning_rate': 0.001356075434733511}. Best is trial 4 with value: 213.2875518798828.
LOCAL_RANK: 0 - CUDA_VISIBLE_DEVICES: [0]
[I 2023-12-16 06:50:15,640] Trial 8 finished with value: 490.4922790527344 and parameters: {'gradient_clip_val': 0.34892615608343236, 'hidden_size': 70, 'dropout': 0.2537398894485069, 'hidden_continuous_size': 37, 'attention_head_size': 3, 'learning_rate': 0.014611311823889485}. Best is trial 4 with value: 213.2875518798828.
LOCAL_RANK: 0 - CUDA_VISIBLE_DEVICES: [0]
[I 2023-12-16 06:51:04,573] Trial 9 finished with value: 485.4850158691406 and parameters: {'gradient_clip_val': 0.8598288557608379, 'hidden_size': 30, 'dropout': 0.283122271965525, 'hidden_continuous_size': 12, 'attention_head_size': 2, 'learning_rate': 0.007047294742263729}. Best is trial 4 with value: 213.2875518798828.
LOCAL_RANK: 0 - CUDA_VISIBLE_DEVICES: [0]
[I 2023-12-16 06:51:48,903] Trial 10 finished with value: 620.6893920898438 and parameters: {'gradient_clip_val': 0.11868286025551184, 'hidden_size': 9, 'dropout': 0.17011014555578235, 'hidden_continuous_size': 5, 'attention_head_size': 1, 'learning_rate': 0.0005440195069137767}. Best is trial 4 with value: 213.2875518798828.
LOCAL_RANK: 0 - CUDA_VISIBLE_DEVICES: [0]
[I 2023-12-16 06:52:34,443] Trial 11 finished with value: 684.0963745117188 and parameters: {'gradient_clip_val': 0.6151670038380319, 'hidden_size': 17, 'dropout': 0.3211178579914895, 'hidden_continuous_size': 7, 'attention_head_size': 1, 'learning_rate': 0.02214772430741556}. Best is trial 4 with value: 213.2875518798828.
LOCAL_RANK: 0 - CUDA_VISIBLE_DEVICES: [0]
[I 2023-12-16 06:53:19,926] Trial 12 finished with value: 331.0715637207031 and parameters: {'gradient_clip_val': 0.9947387408758963, 'hidden_size': 9, 'dropout': 0.18467514685724856, 'hidden_continuous_size': 5, 'attention_head_size': 4, 'learning_rate': 0.002360773023841009}. Best is trial 4 with value: 213.2875518798828.
LOCAL_RANK: 0 - CUDA_VISIBLE_DEVICES: [0]
[I 2023-12-16 06:53:54,401] Trial 13 finished with value: 393.8785095214844 and parameters: {'gradient_clip_val': 0.5756162647966213, 'hidden_size': 5, 'dropout': 0.19344666101655264, 'hidden_continuous_size': 5, 'attention_head_size': 4, 'learning_rate': 0.0015995682326853233}. Best is trial 4 with value: 213.2875518798828.
LOCAL_RANK: 0 - CUDA_VISIBLE_DEVICES: [0]
[I 2023-12-16 06:54:39,508] Trial 14 finished with value: 367.3678894042969 and parameters: {'gradient_clip_val': 0.4699016347902157, 'hidden_size': 13, 'dropout': 0.10116148946265736, 'hidden_continuous_size': 5, 'attention_head_size': 2, 'learning_rate': 0.0005140652191219508}. Best is trial 4 with value: 213.2875518798828.
LOCAL_RANK: 0 - CUDA_VISIBLE_DEVICES: [0]
[I 2023-12-16 06:55:25,233] Trial 15 finished with value: 307.1309509277344 and parameters: {'gradient_clip_val': 0.46719719479666255, 'hidden_size': 10, 'dropout': 0.22328659491639088, 'hidden_continuous_size': 6, 'attention_head_size': 4, 'learning_rate': 0.0015506860757008283}. Best is trial 4 with value: 213.2875518798828.
LOCAL_RANK: 0 - CUDA_VISIBLE_DEVICES: [0]
[I 2023-12-16 06:56:09,144] Trial 16 finished with value: 253.5851593017578 and parameters: {'gradient_clip_val': 0.4629839254233227, 'hidden_size': 12, 'dropout': 0.2360121452295163, 'hidden_continuous_size': 6, 'attention_head_size': 2, 'learning_rate': 0.000968381324364286}. Best is trial 4 with value: 213.2875518798828.
LOCAL_RANK: 0 - CUDA_VISIBLE_DEVICES: [0]
[I 2023-12-16 06:56:55,965] Trial 17 finished with value: 268.7549133300781 and parameters: {'gradient_clip_val': 0.2751645550983054, 'hidden_size': 19, 'dropout': 0.2423391222437549, 'hidden_continuous_size': 8, 'attention_head_size': 1, 'learning_rate': 0.0008465455186239984}. Best is trial 4 with value: 213.2875518798828.
LOCAL_RANK: 0 - CUDA_VISIBLE_DEVICES: [0]
[I 2023-12-16 06:57:40,675] Trial 18 finished with value: 407.1523132324219 and parameters: {'gradient_clip_val': 0.4232943694944931, 'hidden_size': 13, 'dropout': 0.16114417732410347, 'hidden_continuous_size': 6, 'attention_head_size': 2, 'learning_rate': 0.0007915066073012466}. Best is trial 4 with value: 213.2875518798828.
LOCAL_RANK: 0 - CUDA_VISIBLE_DEVICES: [0]
[I 2023-12-16 06:58:29,479] Trial 19 finished with value: 441.7491149902344 and parameters: {'gradient_clip_val': 0.21564066966202305, 'hidden_size': 30, 'dropout': 0.2109671996690313, 'hidden_continuous_size': 10, 'attention_head_size': 2, 'learning_rate': 0.0028973954405327167}. Best is trial 4 with value: 213.2875518798828.
LOCAL_RANK: 0 - CUDA_VISIBLE_DEVICES: [0]
[I 2023-12-16 06:59:13,605] Trial 20 finished with value: 504.0758361816406 and parameters: {'gradient_clip_val': 0.16124497503700919, 'hidden_size': 6, 'dropout': 0.15118418821566804, 'hidden_continuous_size': 5, 'attention_head_size': 1, 'learning_rate': 0.0009797049556570813}. Best is trial 4 with value: 213.2875518798828.
LOCAL_RANK: 0 - CUDA_VISIBLE_DEVICES: [0]
[I 2023-12-16 06:59:59,657] Trial 21 finished with value: 264.0148620605469 and parameters: {'gradient_clip_val': 0.27701052279874894, 'hidden_size': 20, 'dropout': 0.2354034987039012, 'hidden_continuous_size': 8, 'attention_head_size': 1, 'learning_rate': 0.000848719000147207}. Best is trial 4 with value: 213.2875518798828.
LOCAL_RANK: 0 - CUDA_VISIBLE_DEVICES: [0]
[I 2023-12-16 07:00:47,341] Trial 22 finished with value: 336.7214660644531 and parameters: {'gradient_clip_val': 0.2547033865893011, 'hidden_size': 22, 'dropout': 0.2233725873335296, 'hidden_continuous_size': 8, 'attention_head_size': 1, 'learning_rate': 0.0009337579895373158}. Best is trial 4 with value: 213.2875518798828.
LOCAL_RANK: 0 - CUDA_VISIBLE_DEVICES: [0]
[I 2023-12-16 07:01:32,645] Trial 23 finished with value: 349.756591796875 and parameters: {'gradient_clip_val': 0.32852989567078167, 'hidden_size': 15, 'dropout': 0.257305418641594, 'hidden_continuous_size': 7, 'attention_head_size': 2, 'learning_rate': 0.0005010239259011047}. Best is trial 4 with value: 213.2875518798828.
LOCAL_RANK: 0 - CUDA_VISIBLE_DEVICES: [0]
[I 2023-12-16 07:02:20,675] Trial 24 finished with value: 552.7938842773438 and parameters: {'gradient_clip_val': 0.4082099674566968, 'hidden_size': 21, 'dropout': 0.18288775807282937, 'hidden_continuous_size': 9, 'attention_head_size': 1, 'learning_rate': 0.0013730563964152525}. Best is trial 4 with value: 213.2875518798828.
LOCAL_RANK: 0 - CUDA_VISIBLE_DEVICES: [0]
[I 2023-12-16 07:03:04,309] Trial 25 finished with value: 446.7042236328125 and parameters: {'gradient_clip_val': 0.24204799016469597, 'hidden_size': 12, 'dropout': 0.2046790402942702, 'hidden_continuous_size': 6, 'attention_head_size': 2, 'learning_rate': 0.0022241779580188074}. Best is trial 4 with value: 213.2875518798828.
LOCAL_RANK: 0 - CUDA_VISIBLE_DEVICES: [0]
[I 2023-12-16 07:03:51,071] Trial 26 finished with value: 263.2445983886719 and parameters: {'gradient_clip_val': 0.3043207653472445, 'hidden_size': 24, 'dropout': 0.2305643942976573, 'hidden_continuous_size': 7, 'attention_head_size': 2, 'learning_rate': 0.0007147008380288753}. Best is trial 4 with value: 213.2875518798828.
LOCAL_RANK: 0 - CUDA_VISIBLE_DEVICES: [0]
[I 2023-12-16 07:04:40,225] Trial 27 finished with value: 206.34800720214844 and parameters: {'gradient_clip_val': 0.10237867425721406, 'hidden_size': 36, 'dropout': 0.21395014491840367, 'hidden_continuous_size': 10, 'attention_head_size': 2, 'learning_rate': 0.000678059869191704}. Best is trial 27 with value: 206.34800720214844.
LOCAL_RANK: 0 - CUDA_VISIBLE_DEVICES: [0]
[I 2023-12-16 07:05:31,143] Trial 28 finished with value: 513.69873046875 and parameters: {'gradient_clip_val': 0.11202166127609607, 'hidden_size': 37, 'dropout': 0.18942634116947318, 'hidden_continuous_size': 14, 'attention_head_size': 2, 'learning_rate': 0.0011339898833730754}. Best is trial 27 with value: 206.34800720214844.
LOCAL_RANK: 0 - CUDA_VISIBLE_DEVICES: [0]
[I 2023-12-16 07:06:23,547] Trial 29 finished with value: 499.4581604003906 and parameters: {'gradient_clip_val': 0.10522682153411715, 'hidden_size': 54, 'dropout': 0.1707222063835175, 'hidden_continuous_size': 12, 'attention_head_size': 2, 'learning_rate': 0.0020015398567175507}. Best is trial 27 with value: 206.34800720214844.
LOCAL_RANK: 0 - CUDA_VISIBLE_DEVICES: [0]
[I 2023-12-16 07:07:18,217] Trial 30 finished with value: 499.9662170410156 and parameters: {'gradient_clip_val': 0.13286677838399574, 'hidden_size': 98, 'dropout': 0.14162184647225295, 'hidden_continuous_size': 22, 'attention_head_size': 2, 'learning_rate': 0.0031957504829447743}. Best is trial 27 with value: 206.34800720214844.
LOCAL_RANK: 0 - CUDA_VISIBLE_DEVICES: [0]
[I 2023-12-16 07:08:06,961] Trial 31 finished with value: 380.184814453125 and parameters: {'gradient_clip_val': 0.1869559884270779, 'hidden_size': 25, 'dropout': 0.2138224770034191, 'hidden_continuous_size': 9, 'attention_head_size': 2, 'learning_rate': 0.0006919919991778047}. Best is trial 27 with value: 206.34800720214844.
LOCAL_RANK: 0 - CUDA_VISIBLE_DEVICES: [0]
[I 2023-12-16 07:08:56,100] Trial 32 finished with value: 363.4583435058594 and parameters: {'gradient_clip_val': 0.15173157133929055, 'hidden_size': 34, 'dropout': 0.2567986187120395, 'hidden_continuous_size': 11, 'attention_head_size': 2, 'learning_rate': 0.0006866968720002953}. Best is trial 27 with value: 206.34800720214844.
LOCAL_RANK: 0 - CUDA_VISIBLE_DEVICES: [0]
[I 2023-12-16 07:09:44,402] Trial 33 finished with value: 405.3408203125 and parameters: {'gradient_clip_val': 0.29784196142303804, 'hidden_size': 25, 'dropout': 0.23213226595412292, 'hidden_continuous_size': 7, 'attention_head_size': 3, 'learning_rate': 0.0012009194533853852}. Best is trial 27 with value: 206.34800720214844.
LOCAL_RANK: 0 - CUDA_VISIBLE_DEVICES: [0]
[I 2023-12-16 07:10:32,766] Trial 34 finished with value: 275.1815490722656 and parameters: {'gradient_clip_val': 0.10346411141698152, 'hidden_size': 25, 'dropout': 0.2010442210950041, 'hidden_continuous_size': 9, 'attention_head_size': 2, 'learning_rate': 0.0006946757678667372}. Best is trial 27 with value: 206.34800720214844.
LOCAL_RANK: 0 - CUDA_VISIBLE_DEVICES: [0]
[I 2023-12-16 07:11:21,855] Trial 35 finished with value: 463.5930480957031 and parameters: {'gradient_clip_val': 0.22175942799365472, 'hidden_size': 36, 'dropout': 0.26674588499181434, 'hidden_continuous_size': 10, 'attention_head_size': 3, 'learning_rate': 0.001126696653365229}. Best is trial 27 with value: 206.34800720214844.
LOCAL_RANK: 0 - CUDA_VISIBLE_DEVICES: [0]
[I 2023-12-16 07:12:06,325] Trial 36 finished with value: 521.1675415039062 and parameters: {'gradient_clip_val': 0.18263450314605617, 'hidden_size': 16, 'dropout': 0.22609678432018082, 'hidden_continuous_size': 7, 'attention_head_size': 2, 'learning_rate': 0.0016784263951677115}. Best is trial 27 with value: 206.34800720214844.
LOCAL_RANK: 0 - CUDA_VISIBLE_DEVICES: [0]
[I 2023-12-16 07:12:58,690] Trial 37 finished with value: 350.873779296875 and parameters: {'gradient_clip_val': 0.2256242812787104, 'hidden_size': 46, 'dropout': 0.24276786870495662, 'hidden_continuous_size': 13, 'attention_head_size': 3, 'learning_rate': 0.0006325743364480607}. Best is trial 27 with value: 206.34800720214844.
LOCAL_RANK: 0 - CUDA_VISIBLE_DEVICES: [0]
[I 2023-12-16 07:13:46,459] Trial 38 finished with value: 247.5342559814453 and parameters: {'gradient_clip_val': 0.36164845916047417, 'hidden_size': 19, 'dropout': 0.2787224543097796, 'hidden_continuous_size': 11, 'attention_head_size': 2, 'learning_rate': 0.001025755586583222}. Best is trial 27 with value: 206.34800720214844.
LOCAL_RANK: 0 - CUDA_VISIBLE_DEVICES: [0]
[I 2023-12-16 07:14:34,332] Trial 39 finished with value: 374.3283996582031 and parameters: {'gradient_clip_val': 0.3747239043543052, 'hidden_size': 18, 'dropout': 0.28177632715785667, 'hidden_continuous_size': 11, 'attention_head_size': 3, 'learning_rate': 0.0011267758683067754}. Best is trial 27 with value: 206.34800720214844.
LOCAL_RANK: 0 - CUDA_VISIBLE_DEVICES: [0]
[I 2023-12-16 07:15:23,108] Trial 40 finished with value: 294.9624328613281 and parameters: {'gradient_clip_val': 0.34109577648306666, 'hidden_size': 30, 'dropout': 0.31022476563668644, 'hidden_continuous_size': 14, 'attention_head_size': 2, 'learning_rate': 0.000507207405442261}. Best is trial 27 with value: 206.34800720214844.
LOCAL_RANK: 0 - CUDA_VISIBLE_DEVICES: [0]
[I 2023-12-16 07:16:11,441] Trial 41 finished with value: 267.3258361816406 and parameters: {'gradient_clip_val': 0.3151951323814868, 'hidden_size': 21, 'dropout': 0.2675089811703135, 'hidden_continuous_size': 11, 'attention_head_size': 2, 'learning_rate': 0.0008522775844277817}. Best is trial 27 with value: 206.34800720214844.
LOCAL_RANK: 0 - CUDA_VISIBLE_DEVICES: [0]
[I 2023-12-16 07:17:00,199] Trial 42 finished with value: 415.3401184082031 and parameters: {'gradient_clip_val': 0.3072925193218385, 'hidden_size': 27, 'dropout': 0.2473117690843953, 'hidden_continuous_size': 10, 'attention_head_size': 2, 'learning_rate': 0.0006370560197967876}. Best is trial 27 with value: 206.34800720214844.
LOCAL_RANK: 0 - CUDA_VISIBLE_DEVICES: [0]
[I 2023-12-16 07:17:48,504] Trial 43 finished with value: 247.233154296875 and parameters: {'gradient_clip_val': 0.24974822540566358, 'hidden_size': 23, 'dropout': 0.2121840511096137, 'hidden_continuous_size': 9, 'attention_head_size': 2, 'learning_rate': 0.0010045624546991983}. Best is trial 27 with value: 206.34800720214844.
LOCAL_RANK: 0 - CUDA_VISIBLE_DEVICES: [0]
[I 2023-12-16 07:18:33,390] Trial 44 finished with value: 528.95947265625 and parameters: {'gradient_clip_val': 0.2520387802621989, 'hidden_size': 16, 'dropout': 0.20963100719043348, 'hidden_continuous_size': 10, 'attention_head_size': 2, 'learning_rate': 0.0013384305883423987}. Best is trial 27 with value: 206.34800720214844.
LOCAL_RANK: 0 - CUDA_VISIBLE_DEVICES: [0]
[I 2023-12-16 07:19:21,911] Trial 45 finished with value: 455.5427551269531 and parameters: {'gradient_clip_val': 0.21149709519084467, 'hidden_size': 22, 'dropout': 0.289989714062962, 'hidden_continuous_size': 11, 'attention_head_size': 2, 'learning_rate': 0.0018097209838573763}. Best is trial 27 with value: 206.34800720214844.
LOCAL_RANK: 0 - CUDA_VISIBLE_DEVICES: [0]
[I 2023-12-16 07:20:09,837] Trial 46 finished with value: 534.7213134765625 and parameters: {'gradient_clip_val': 0.13105319755460954, 'hidden_size': 19, 'dropout': 0.19796834849368883, 'hidden_continuous_size': 9, 'attention_head_size': 3, 'learning_rate': 0.0010464456092578126}. Best is trial 27 with value: 206.34800720214844.
LOCAL_RANK: 0 - CUDA_VISIBLE_DEVICES: [0]
[I 2023-12-16 07:20:58,908] Trial 47 finished with value: 286.25048828125 and parameters: {'gradient_clip_val': 0.17331991189195695, 'hidden_size': 33, 'dropout': 0.33085846188421614, 'hidden_continuous_size': 13, 'attention_head_size': 1, 'learning_rate': 0.001366258352778087}. Best is trial 27 with value: 206.34800720214844.
LOCAL_RANK: 0 - CUDA_VISIBLE_DEVICES: [0]
[I 2023-12-16 07:21:46,588] Trial 48 finished with value: 325.1386413574219 and parameters: {'gradient_clip_val': 0.20175873905686229, 'hidden_size': 28, 'dropout': 0.21597576632303558, 'hidden_continuous_size': 12, 'attention_head_size': 2, 'learning_rate': 0.0009732382352385128}. Best is trial 27 with value: 206.34800720214844.
LOCAL_RANK: 0 - CUDA_VISIBLE_DEVICES: [0]
[I 2023-12-16 07:22:38,359] Trial 49 finished with value: 432.0845031738281 and parameters: {'gradient_clip_val': 0.1526230820723815, 'hidden_size': 42, 'dropout': 0.24907131844418262, 'hidden_continuous_size': 15, 'attention_head_size': 2, 'learning_rate': 0.0017810339038946226}. Best is trial 27 with value: 206.34800720214844.
[I 2023-12-16 07:22:38,453] A new study created in memory with name: no-name-1b305536-b5c4-4171-86c5-383d472617ea
/home/le004/conda/anaconda3/envs/tsff_env/lib/python3.9/site-packages/lightning/fabric/plugins/environments/slurm.py:191: The `srun` command is available on your system but is not used. HINT: If your intention is to run Lightning on SLURM, prepend your python command with `srun` like so: srun python /home/le004/master_thesis/git/TSFusionForecast/code/ ...
LOCAL_RANK: 0 - CUDA_VISIBLE_DEVICES: [0]
[I 2023-12-16 07:23:26,961] Trial 0 finished with value: 645.5222778320312 and parameters: {'gradient_clip_val': 0.2366038451163454, 'hidden_size': 18, 'dropout': 0.20994712617062203, 'hidden_continuous_size': 12, 'attention_head_size': 4, 'learning_rate': 0.014177508915627643}. Best is trial 0 with value: 645.5222778320312.
LOCAL_RANK: 0 - CUDA_VISIBLE_DEVICES: [0]
[I 2023-12-16 07:24:15,385] Trial 1 finished with value: 480.8132019042969 and parameters: {'gradient_clip_val': 0.647610806002372, 'hidden_size': 26, 'dropout': 0.34656985626605574, 'hidden_continuous_size': 10, 'attention_head_size': 1, 'learning_rate': 0.0005981169666994817}. Best is trial 1 with value: 480.8132019042969.
LOCAL_RANK: 0 - CUDA_VISIBLE_DEVICES: [0]
[I 2023-12-16 07:25:00,795] Trial 2 finished with value: 445.685302734375 and parameters: {'gradient_clip_val': 0.8479666776451482, 'hidden_size': 13, 'dropout': 0.3493195346928679, 'hidden_continuous_size': 5, 'attention_head_size': 4, 'learning_rate': 0.003401573362332021}. Best is trial 2 with value: 445.685302734375.
LOCAL_RANK: 0 - CUDA_VISIBLE_DEVICES: [0]
[I 2023-12-16 07:25:50,839] Trial 3 finished with value: 653.763671875 and parameters: {'gradient_clip_val': 0.1528067828554952, 'hidden_size': 25, 'dropout': 0.3615084516180769, 'hidden_continuous_size': 23, 'attention_head_size': 3, 'learning_rate': 0.0008519755968972218}. Best is trial 2 with value: 445.685302734375.
LOCAL_RANK: 0 - CUDA_VISIBLE_DEVICES: [0]
[I 2023-12-16 07:26:37,449] Trial 4 finished with value: 850.3926391601562 and parameters: {'gradient_clip_val': 0.6700987585098538, 'hidden_size': 17, 'dropout': 0.29878930367751994, 'hidden_continuous_size': 7, 'attention_head_size': 4, 'learning_rate': 0.06518400763296571}. Best is trial 2 with value: 445.685302734375.
LOCAL_RANK: 0 - CUDA_VISIBLE_DEVICES: [0]
