[I 2023-12-16 14:06:44,926] Trial 44 finished with value: 0.09465742856264114 and parameters: {'gradient_clip_val': 0.17432386730564, 'hidden_size': 22, 'dropout': 0.3016627649507065, 'hidden_continuous_size': 11, 'attention_head_size': 1, 'learning_rate': 0.07362281604673881}. Best is trial 18 with value: 0.053891655057668686.
LOCAL_RANK: 0 - CUDA_VISIBLE_DEVICES: [0]
[I 2023-12-16 14:07:36,490] Trial 45 finished with value: 0.08445039391517639 and parameters: {'gradient_clip_val': 0.13518881332010038, 'hidden_size': 49, 'dropout': 0.3280448147736579, 'hidden_continuous_size': 6, 'attention_head_size': 2, 'learning_rate': 0.030029740378581384}. Best is trial 18 with value: 0.053891655057668686.
LOCAL_RANK: 0 - CUDA_VISIBLE_DEVICES: [0]
[I 2023-12-16 14:08:22,097] Trial 46 finished with value: 0.0680505707859993 and parameters: {'gradient_clip_val': 0.26075876898741013, 'hidden_size': 16, 'dropout': 0.3089687260003045, 'hidden_continuous_size': 10, 'attention_head_size': 3, 'learning_rate': 0.05215877707452084}. Best is trial 18 with value: 0.053891655057668686.
LOCAL_RANK: 0 - CUDA_VISIBLE_DEVICES: [0]
[I 2023-12-16 14:09:13,331] Trial 47 finished with value: 0.09640807658433914 and parameters: {'gradient_clip_val': 0.2286737432316498, 'hidden_size': 40, 'dropout': 0.2682561046557251, 'hidden_continuous_size': 14, 'attention_head_size': 2, 'learning_rate': 0.09453618044475133}. Best is trial 18 with value: 0.053891655057668686.
LOCAL_RANK: 0 - CUDA_VISIBLE_DEVICES: [0]
[I 2023-12-16 14:10:06,943] Trial 48 finished with value: 0.20470303297042847 and parameters: {'gradient_clip_val': 0.16899228933214563, 'hidden_size': 70, 'dropout': 0.2480383611164793, 'hidden_continuous_size': 18, 'attention_head_size': 2, 'learning_rate': 0.030710304753413308}. Best is trial 18 with value: 0.053891655057668686.
LOCAL_RANK: 0 - CUDA_VISIBLE_DEVICES: [0]
[I 2023-12-16 14:10:57,027] Trial 49 finished with value: 0.08890831470489502 and parameters: {'gradient_clip_val': 0.20491271175288409, 'hidden_size': 30, 'dropout': 0.2908224696944526, 'hidden_continuous_size': 12, 'attention_head_size': 4, 'learning_rate': 0.04169470658323921}. Best is trial 18 with value: 0.053891655057668686.
[I 2023-12-16 14:10:57,118] A new study created in memory with name: no-name-f52a532d-de73-41b9-a757-48780c2e91b2
/home/le004/conda/anaconda3/envs/tsff_env/lib/python3.9/site-packages/lightning/fabric/plugins/environments/slurm.py:191: The `srun` command is available on your system but is not used. HINT: If your intention is to run Lightning on SLURM, prepend your python command with `srun` like so: srun python /home/le004/master_thesis/git/TSFusionForecast/code/ ...
LOCAL_RANK: 0 - CUDA_VISIBLE_DEVICES: [0]
[I 2023-12-16 14:11:42,254] Trial 0 finished with value: 8839.2041015625 and parameters: {'gradient_clip_val': 0.2885554300127282, 'hidden_size': 8, 'dropout': 0.30805662213705043, 'hidden_continuous_size': 7, 'attention_head_size': 4, 'learning_rate': 0.0009189967925148576}. Best is trial 0 with value: 8839.2041015625.
LOCAL_RANK: 0 - CUDA_VISIBLE_DEVICES: [0]
[I 2023-12-16 14:12:16,482] Trial 1 finished with value: 1856.0185546875 and parameters: {'gradient_clip_val': 0.10719068088621474, 'hidden_size': 6, 'dropout': 0.21241855735890525, 'hidden_continuous_size': 6, 'attention_head_size': 2, 'learning_rate': 0.011479895423766588}. Best is trial 1 with value: 1856.0185546875.
LOCAL_RANK: 0 - CUDA_VISIBLE_DEVICES: [0]
[I 2023-12-16 14:13:10,046] Trial 2 finished with value: 2817.617431640625 and parameters: {'gradient_clip_val': 0.9297686946134205, 'hidden_size': 42, 'dropout': 0.10103409851614326, 'hidden_continuous_size': 20, 'attention_head_size': 4, 'learning_rate': 0.0005555998978492117}. Best is trial 1 with value: 1856.0185546875.
LOCAL_RANK: 0 - CUDA_VISIBLE_DEVICES: [0]
[I 2023-12-16 14:14:01,285] Trial 3 finished with value: 5212.80712890625 and parameters: {'gradient_clip_val': 0.14995027137883996, 'hidden_size': 64, 'dropout': 0.34219360905576646, 'hidden_continuous_size': 7, 'attention_head_size': 2, 'learning_rate': 0.04345440767865127}. Best is trial 1 with value: 1856.0185546875.
LOCAL_RANK: 0 - CUDA_VISIBLE_DEVICES: [0]
[I 2023-12-16 14:14:48,583] Trial 4 finished with value: 4248.794921875 and parameters: {'gradient_clip_val': 0.45835643244020813, 'hidden_size': 20, 'dropout': 0.2125702128189736, 'hidden_continuous_size': 16, 'attention_head_size': 1, 'learning_rate': 0.014109808219413008}. Best is trial 1 with value: 1856.0185546875.
LOCAL_RANK: 0 - CUDA_VISIBLE_DEVICES: [0]
[I 2023-12-16 14:15:43,007] Trial 5 finished with value: 7236.54931640625 and parameters: {'gradient_clip_val': 0.15430146713544035, 'hidden_size': 56, 'dropout': 0.19748275283758232, 'hidden_continuous_size': 52, 'attention_head_size': 3, 'learning_rate': 0.012746228195909572}. Best is trial 1 with value: 1856.0185546875.
LOCAL_RANK: 0 - CUDA_VISIBLE_DEVICES: [0]
[I 2023-12-16 14:16:27,531] Trial 6 finished with value: 2036.1409912109375 and parameters: {'gradient_clip_val': 0.22067996856070238, 'hidden_size': 12, 'dropout': 0.22195426988082584, 'hidden_continuous_size': 6, 'attention_head_size': 3, 'learning_rate': 0.007149192281441126}. Best is trial 1 with value: 1856.0185546875.
LOCAL_RANK: 0 - CUDA_VISIBLE_DEVICES: [0]
[I 2023-12-16 14:17:16,520] Trial 7 finished with value: 3757.102294921875 and parameters: {'gradient_clip_val': 0.12601747118532708, 'hidden_size': 28, 'dropout': 0.20130727150940358, 'hidden_continuous_size': 17, 'attention_head_size': 3, 'learning_rate': 0.02563986316334101}. Best is trial 1 with value: 1856.0185546875.
LOCAL_RANK: 0 - CUDA_VISIBLE_DEVICES: [0]
[I 2023-12-16 14:18:02,076] Trial 8 finished with value: 6032.15234375 and parameters: {'gradient_clip_val': 0.46748460933574676, 'hidden_size': 9, 'dropout': 0.1486260999705359, 'hidden_continuous_size': 7, 'attention_head_size': 2, 'learning_rate': 0.0009250208248619093}. Best is trial 1 with value: 1856.0185546875.
LOCAL_RANK: 0 - CUDA_VISIBLE_DEVICES: [0]
[I 2023-12-16 14:18:50,924] Trial 9 finished with value: 2838.541259765625 and parameters: {'gradient_clip_val': 0.13381616433959068, 'hidden_size': 28, 'dropout': 0.15961795554749655, 'hidden_continuous_size': 18, 'attention_head_size': 3, 'learning_rate': 0.004238750087528907}. Best is trial 1 with value: 1856.0185546875.
LOCAL_RANK: 0 - CUDA_VISIBLE_DEVICES: [0]
[I 2023-12-16 14:19:24,944] Trial 10 finished with value: 5979.798828125 and parameters: {'gradient_clip_val': 0.21385315100766827, 'hidden_size': 5, 'dropout': 0.29161892791659405, 'hidden_continuous_size': 5, 'attention_head_size': 1, 'learning_rate': 0.09977787918574589}. Best is trial 1 with value: 1856.0185546875.
LOCAL_RANK: 0 - CUDA_VISIBLE_DEVICES: [0]
[I 2023-12-16 14:20:09,210] Trial 11 finished with value: 1571.8336181640625 and parameters: {'gradient_clip_val': 0.10930082088866461, 'hidden_size': 12, 'dropout': 0.2560454412975877, 'hidden_continuous_size': 5, 'attention_head_size': 2, 'learning_rate': 0.004604612086146891}. Best is trial 11 with value: 1571.8336181640625.
LOCAL_RANK: 0 - CUDA_VISIBLE_DEVICES: [0]
[I 2023-12-16 14:20:43,141] Trial 12 finished with value: 5285.81591796875 and parameters: {'gradient_clip_val': 0.10046843996355799, 'hidden_size': 5, 'dropout': 0.26917329423155406, 'hidden_continuous_size': 5, 'attention_head_size': 2, 'learning_rate': 0.0025343675577471276}. Best is trial 11 with value: 1571.8336181640625.
LOCAL_RANK: 0 - CUDA_VISIBLE_DEVICES: [0]
[I 2023-12-16 14:21:28,152] Trial 13 finished with value: 2961.96875 and parameters: {'gradient_clip_val': 0.10844582506307641, 'hidden_size': 15, 'dropout': 0.2521087164262342, 'hidden_continuous_size': 5, 'attention_head_size': 1, 'learning_rate': 0.003075023535337055}. Best is trial 11 with value: 1571.8336181640625.
LOCAL_RANK: 0 - CUDA_VISIBLE_DEVICES: [0]
[I 2023-12-16 14:22:12,275] Trial 14 finished with value: 2143.740966796875 and parameters: {'gradient_clip_val': 0.10147309936119035, 'hidden_size': 8, 'dropout': 0.39674657874243, 'hidden_continuous_size': 5, 'attention_head_size': 2, 'learning_rate': 0.00957234463811244}. Best is trial 11 with value: 1571.8336181640625.
LOCAL_RANK: 0 - CUDA_VISIBLE_DEVICES: [0]
[I 2023-12-16 14:22:57,575] Trial 15 finished with value: 1864.3753662109375 and parameters: {'gradient_clip_val': 0.169077493835623, 'hidden_size': 13, 'dropout': 0.24328090335586852, 'hidden_continuous_size': 6, 'attention_head_size': 2, 'learning_rate': 0.0055780577086662645}. Best is trial 11 with value: 1571.8336181640625.
LOCAL_RANK: 0 - CUDA_VISIBLE_DEVICES: [0]
[I 2023-12-16 14:23:42,061] Trial 16 finished with value: 5702.29443359375 and parameters: {'gradient_clip_val': 0.18872855173797812, 'hidden_size': 6, 'dropout': 0.27495713167451447, 'hidden_continuous_size': 5, 'attention_head_size': 1, 'learning_rate': 0.0019962471604229484}. Best is trial 11 with value: 1571.8336181640625.
LOCAL_RANK: 0 - CUDA_VISIBLE_DEVICES: [0]
[I 2023-12-16 14:24:35,971] Trial 17 finished with value: 5709.53466796875 and parameters: {'gradient_clip_val': 0.13895082639640563, 'hidden_size': 86, 'dropout': 0.31483387925142875, 'hidden_continuous_size': 10, 'attention_head_size': 2, 'learning_rate': 0.005133865062744349}. Best is trial 11 with value: 1571.8336181640625.
LOCAL_RANK: 0 - CUDA_VISIBLE_DEVICES: [0]
[I 2023-12-16 14:25:21,720] Trial 18 finished with value: 3432.280517578125 and parameters: {'gradient_clip_val': 0.12285555972357175, 'hidden_size': 10, 'dropout': 0.2506404071231303, 'hidden_continuous_size': 6, 'attention_head_size': 3, 'learning_rate': 0.018217969428987405}. Best is trial 11 with value: 1571.8336181640625.
LOCAL_RANK: 0 - CUDA_VISIBLE_DEVICES: [0]
[I 2023-12-16 14:26:06,432] Trial 19 finished with value: 1849.1422119140625 and parameters: {'gradient_clip_val': 0.1871708986925012, 'hidden_size': 7, 'dropout': 0.17150875009679978, 'hidden_continuous_size': 5, 'attention_head_size': 1, 'learning_rate': 0.009445583070687803}. Best is trial 11 with value: 1571.8336181640625.
LOCAL_RANK: 0 - CUDA_VISIBLE_DEVICES: [0]
[I 2023-12-16 14:26:52,146] Trial 20 finished with value: 2084.167236328125 and parameters: {'gradient_clip_val': 0.1843653582178759, 'hidden_size': 17, 'dropout': 0.17030724594945434, 'hidden_continuous_size': 5, 'attention_head_size': 1, 'learning_rate': 0.006826371526758157}. Best is trial 11 with value: 1571.8336181640625.
LOCAL_RANK: 0 - CUDA_VISIBLE_DEVICES: [0]
[I 2023-12-16 14:27:36,597] Trial 21 finished with value: 2692.282958984375 and parameters: {'gradient_clip_val': 0.12205899022310705, 'hidden_size': 7, 'dropout': 0.23173360296244366, 'hidden_continuous_size': 5, 'attention_head_size': 1, 'learning_rate': 0.009501443185299819}. Best is trial 11 with value: 1571.8336181640625.
LOCAL_RANK: 0 - CUDA_VISIBLE_DEVICES: [0]
[I 2023-12-16 14:28:21,650] Trial 22 finished with value: 3497.895751953125 and parameters: {'gradient_clip_val': 0.15080548993642645, 'hidden_size': 6, 'dropout': 0.1872606284146485, 'hidden_continuous_size': 5, 'attention_head_size': 2, 'learning_rate': 0.02244947586769693}. Best is trial 11 with value: 1571.8336181640625.
LOCAL_RANK: 0 - CUDA_VISIBLE_DEVICES: [0]
[I 2023-12-16 14:29:07,350] Trial 23 finished with value: 2536.591064453125 and parameters: {'gradient_clip_val': 0.10013053066177013, 'hidden_size': 11, 'dropout': 0.22074174434898497, 'hidden_continuous_size': 6, 'attention_head_size': 2, 'learning_rate': 0.0036322016934479543}. Best is trial 11 with value: 1571.8336181640625.
LOCAL_RANK: 0 - CUDA_VISIBLE_DEVICES: [0]
[I 2023-12-16 14:29:52,405] Trial 24 finished with value: 1959.9283447265625 and parameters: {'gradient_clip_val': 0.12586661922591824, 'hidden_size': 10, 'dropout': 0.1744416032481575, 'hidden_continuous_size': 6, 'attention_head_size': 1, 'learning_rate': 0.008062807092324199}. Best is trial 11 with value: 1571.8336181640625.
LOCAL_RANK: 0 - CUDA_VISIBLE_DEVICES: [0]
[I 2023-12-16 14:30:37,492] Trial 25 finished with value: 2826.188720703125 and parameters: {'gradient_clip_val': 0.18874590149735038, 'hidden_size': 6, 'dropout': 0.1347186934000077, 'hidden_continuous_size': 5, 'attention_head_size': 2, 'learning_rate': 0.012126295856740838}. Best is trial 11 with value: 1571.8336181640625.
LOCAL_RANK: 0 - CUDA_VISIBLE_DEVICES: [0]
[I 2023-12-16 14:31:21,063] Trial 26 finished with value: 1815.04296875 and parameters: {'gradient_clip_val': 0.11711540176985644, 'hidden_size': 8, 'dropout': 0.1863649390855186, 'hidden_continuous_size': 5, 'attention_head_size': 1, 'learning_rate': 0.005639889031124752}. Best is trial 11 with value: 1571.8336181640625.
LOCAL_RANK: 0 - CUDA_VISIBLE_DEVICES: [0]
[I 2023-12-16 14:32:06,443] Trial 27 finished with value: 1634.25048828125 and parameters: {'gradient_clip_val': 0.16002407966402246, 'hidden_size': 14, 'dropout': 0.18526404717202036, 'hidden_continuous_size': 5, 'attention_head_size': 1, 'learning_rate': 0.004760486909521715}. Best is trial 11 with value: 1571.8336181640625.
LOCAL_RANK: 0 - CUDA_VISIBLE_DEVICES: [0]
[I 2023-12-16 14:32:51,350] Trial 28 finished with value: 2908.286376953125 and parameters: {'gradient_clip_val': 0.1554148823621755, 'hidden_size': 14, 'dropout': 0.1902705523187419, 'hidden_continuous_size': 6, 'attention_head_size': 1, 'learning_rate': 0.0022426071679597015}. Best is trial 11 with value: 1571.8336181640625.
LOCAL_RANK: 0 - CUDA_VISIBLE_DEVICES: [0]
[I 2023-12-16 14:33:38,364] Trial 29 finished with value: 2376.939697265625 and parameters: {'gradient_clip_val': 0.22147408875568125, 'hidden_size': 17, 'dropout': 0.13595264944590896, 'hidden_continuous_size': 7, 'attention_head_size': 4, 'learning_rate': 0.0017270544345057842}. Best is trial 11 with value: 1571.8336181640625.
LOCAL_RANK: 0 - CUDA_VISIBLE_DEVICES: [0]
[I 2023-12-16 14:34:23,447] Trial 30 finished with value: 3285.404296875 and parameters: {'gradient_clip_val': 0.1168036770604019, 'hidden_size': 9, 'dropout': 0.23471015294261285, 'hidden_continuous_size': 5, 'attention_head_size': 1, 'learning_rate': 0.004414223912507229}. Best is trial 11 with value: 1571.8336181640625.
LOCAL_RANK: 0 - CUDA_VISIBLE_DEVICES: [0]
[I 2023-12-16 14:35:06,830] Trial 31 finished with value: 2859.270751953125 and parameters: {'gradient_clip_val': 0.257147284964307, 'hidden_size': 8, 'dropout': 0.18798647725191237, 'hidden_continuous_size': 5, 'attention_head_size': 1, 'learning_rate': 0.0065536101553943515}. Best is trial 11 with value: 1571.8336181640625.
LOCAL_RANK: 0 - CUDA_VISIBLE_DEVICES: [0]
[I 2023-12-16 14:35:50,569] Trial 32 finished with value: 2637.80517578125 and parameters: {'gradient_clip_val': 0.13821086879697306, 'hidden_size': 12, 'dropout': 0.207937356394636, 'hidden_continuous_size': 5, 'attention_head_size': 1, 'learning_rate': 0.0035203289408244584}. Best is trial 11 with value: 1571.8336181640625.
LOCAL_RANK: 0 - CUDA_VISIBLE_DEVICES: [0]
[I 2023-12-16 14:36:35,463] Trial 33 finished with value: 3196.844970703125 and parameters: {'gradient_clip_val': 0.17036435994137092, 'hidden_size': 7, 'dropout': 0.1740697397683426, 'hidden_continuous_size': 5, 'attention_head_size': 1, 'learning_rate': 0.005084485652705882}. Best is trial 11 with value: 1571.8336181640625.
LOCAL_RANK: 0 - CUDA_VISIBLE_DEVICES: [0]
[I 2023-12-16 14:37:20,551] Trial 34 finished with value: 4274.93603515625 and parameters: {'gradient_clip_val': 0.11493851781271625, 'hidden_size': 11, 'dropout': 0.11338473100903665, 'hidden_continuous_size': 6, 'attention_head_size': 1, 'learning_rate': 0.008422435848669158}. Best is trial 11 with value: 1571.8336181640625.
LOCAL_RANK: 0 - CUDA_VISIBLE_DEVICES: [0]
[I 2023-12-16 14:38:05,437] Trial 35 finished with value: 3136.708984375 and parameters: {'gradient_clip_val': 0.1403362267257443, 'hidden_size': 9, 'dropout': 0.15187385460248598, 'hidden_continuous_size': 5, 'attention_head_size': 1, 'learning_rate': 0.00293541152935465}. Best is trial 11 with value: 1571.8336181640625.
LOCAL_RANK: 0 - CUDA_VISIBLE_DEVICES: [0]
[I 2023-12-16 14:38:49,185] Trial 36 finished with value: 1784.5682373046875 and parameters: {'gradient_clip_val': 0.15914271358960647, 'hidden_size': 12, 'dropout': 0.21217833020586382, 'hidden_continuous_size': 6, 'attention_head_size': 1, 'learning_rate': 0.005305497209734145}. Best is trial 11 with value: 1571.8336181640625.
LOCAL_RANK: 0 - CUDA_VISIBLE_DEVICES: [0]
[I 2023-12-16 14:39:35,159] Trial 37 finished with value: 1954.2181396484375 and parameters: {'gradient_clip_val': 0.11356661656486366, 'hidden_size': 15, 'dropout': 0.20928590833247182, 'hidden_continuous_size': 7, 'attention_head_size': 2, 'learning_rate': 0.005254675112290197}. Best is trial 11 with value: 1571.8336181640625.
LOCAL_RANK: 0 - CUDA_VISIBLE_DEVICES: [0]
[I 2023-12-16 14:40:23,135] Trial 38 finished with value: 2403.190185546875 and parameters: {'gradient_clip_val': 0.14878758878999715, 'hidden_size': 22, 'dropout': 0.2238356483206012, 'hidden_continuous_size': 8, 'attention_head_size': 1, 'learning_rate': 0.003914002861366547}. Best is trial 11 with value: 1571.8336181640625.
LOCAL_RANK: 0 - CUDA_VISIBLE_DEVICES: [0]
[I 2023-12-16 14:41:09,048] Trial 39 finished with value: 3421.79296875 and parameters: {'gradient_clip_val': 0.11290472434822259, 'hidden_size': 11, 'dropout': 0.19704113853140845, 'hidden_continuous_size': 6, 'attention_head_size': 4, 'learning_rate': 0.0013616650650581223}. Best is trial 11 with value: 1571.8336181640625.
LOCAL_RANK: 0 - CUDA_VISIBLE_DEVICES: [0]
[I 2023-12-16 14:41:54,459] Trial 40 finished with value: 2515.478759765625 and parameters: {'gradient_clip_val': 0.13157515039785156, 'hidden_size': 13, 'dropout': 0.21065550865564753, 'hidden_continuous_size': 6, 'attention_head_size': 2, 'learning_rate': 0.002997257768738427}. Best is trial 11 with value: 1571.8336181640625.
LOCAL_RANK: 0 - CUDA_VISIBLE_DEVICES: [0]
[I 2023-12-16 14:42:39,148] Trial 41 finished with value: 1926.5565185546875 and parameters: {'gradient_clip_val': 0.16384310702399718, 'hidden_size': 7, 'dropout': 0.178728622408697, 'hidden_continuous_size': 5, 'attention_head_size': 1, 'learning_rate': 0.006985652221653175}. Best is trial 11 with value: 1571.8336181640625.
LOCAL_RANK: 0 - CUDA_VISIBLE_DEVICES: [0]
[I 2023-12-16 14:43:24,019] Trial 42 finished with value: 3655.618408203125 and parameters: {'gradient_clip_val': 0.14489029201147072, 'hidden_size': 10, 'dropout': 0.15999240130160355, 'hidden_continuous_size': 5, 'attention_head_size': 1, 'learning_rate': 0.01069357133433689}. Best is trial 11 with value: 1571.8336181640625.
LOCAL_RANK: 0 - CUDA_VISIBLE_DEVICES: [0]
[I 2023-12-16 14:44:07,908] Trial 43 finished with value: 2005.0404052734375 and parameters: {'gradient_clip_val': 0.1703220601919561, 'hidden_size': 8, 'dropout': 0.20023712440547697, 'hidden_continuous_size': 5, 'attention_head_size': 1, 'learning_rate': 0.006153502495881534}. Best is trial 11 with value: 1571.8336181640625.
LOCAL_RANK: 0 - CUDA_VISIBLE_DEVICES: [0]
[I 2023-12-16 14:44:51,576] Trial 44 finished with value: 3412.157470703125 and parameters: {'gradient_clip_val': 0.28294244685026765, 'hidden_size': 12, 'dropout': 0.23328350687823707, 'hidden_continuous_size': 6, 'attention_head_size': 1, 'learning_rate': 0.013719631893148813}. Best is trial 11 with value: 1571.8336181640625.
LOCAL_RANK: 0 - CUDA_VISIBLE_DEVICES: [0]
[I 2023-12-16 14:45:38,658] Trial 45 finished with value: 3402.259521484375 and parameters: {'gradient_clip_val': 0.13065603772914108, 'hidden_size': 19, 'dropout': 0.2176125125185368, 'hidden_continuous_size': 7, 'attention_head_size': 1, 'learning_rate': 0.0044060821703609705}. Best is trial 11 with value: 1571.8336181640625.
LOCAL_RANK: 0 - CUDA_VISIBLE_DEVICES: [0]
[I 2023-12-16 14:46:25,483] Trial 46 finished with value: 2403.278564453125 and parameters: {'gradient_clip_val': 0.10807997825601302, 'hidden_size': 14, 'dropout': 0.18616978864266978, 'hidden_continuous_size': 10, 'attention_head_size': 3, 'learning_rate': 0.008680900784099135}. Best is trial 11 with value: 1571.8336181640625.
LOCAL_RANK: 0 - CUDA_VISIBLE_DEVICES: [0]
[I 2023-12-16 14:47:10,356] Trial 47 finished with value: 1720.8385009765625 and parameters: {'gradient_clip_val': 0.1992155192548306, 'hidden_size': 9, 'dropout': 0.19747220189261377, 'hidden_continuous_size': 5, 'attention_head_size': 1, 'learning_rate': 0.0057403819683702955}. Best is trial 11 with value: 1571.8336181640625.
LOCAL_RANK: 0 - CUDA_VISIBLE_DEVICES: [0]
[I 2023-12-16 14:47:55,146] Trial 48 finished with value: 2297.369873046875 and parameters: {'gradient_clip_val': 0.2094073395741637, 'hidden_size': 16, 'dropout': 0.20076423921372008, 'hidden_continuous_size': 7, 'attention_head_size': 2, 'learning_rate': 0.0026631024488893867}. Best is trial 11 with value: 1571.8336181640625.
LOCAL_RANK: 0 - CUDA_VISIBLE_DEVICES: [0]
[I 2023-12-16 14:48:40,586] Trial 49 finished with value: 2866.670654296875 and parameters: {'gradient_clip_val': 0.15599041084586698, 'hidden_size': 13, 'dropout': 0.26249051610452917, 'hidden_continuous_size': 6, 'attention_head_size': 2, 'learning_rate': 0.0036090564056515794}. Best is trial 11 with value: 1571.8336181640625.
