[I 2023-12-26 16:13:52,200] Trial 41 finished with value: 360.3041076660156 and parameters: {'gradient_clip_val': 0.2752456116355363, 'hidden_size': 21, 'dropout': 0.18192446194764775, 'hidden_continuous_size': 9, 'attention_head_size': 3, 'learning_rate': 0.016815097139072074}. Best is trial 0 with value: 115.57083892822266.
[I 2023-12-26 16:13:55,202] Trial 42 finished with value: 398.794921875 and parameters: {'gradient_clip_val': 0.33448735881493397, 'hidden_size': 49, 'dropout': 0.24113168597645912, 'hidden_continuous_size': 12, 'attention_head_size': 3, 'learning_rate': 0.015254664066909725}. Best is trial 0 with value: 115.57083892822266.
[I 2023-12-26 16:13:57,318] Trial 43 finished with value: 354.5621643066406 and parameters: {'gradient_clip_val': 0.25730502798730753, 'hidden_size': 17, 'dropout': 0.1574365416443287, 'hidden_continuous_size': 10, 'attention_head_size': 3, 'learning_rate': 0.011076908608239037}. Best is trial 0 with value: 115.57083892822266.
[I 2023-12-26 16:13:59,281] Trial 44 finished with value: 366.192138671875 and parameters: {'gradient_clip_val': 0.49425834874473096, 'hidden_size': 16, 'dropout': 0.15545943411743143, 'hidden_continuous_size': 10, 'attention_head_size': 3, 'learning_rate': 0.021475336146518486}. Best is trial 0 with value: 115.57083892822266.
[I 2023-12-26 16:14:01,191] Trial 45 finished with value: 338.6620788574219 and parameters: {'gradient_clip_val': 0.20732002327853782, 'hidden_size': 8, 'dropout': 0.16698051623163823, 'hidden_continuous_size': 6, 'attention_head_size': 4, 'learning_rate': 0.007047047193179675}. Best is trial 0 with value: 115.57083892822266.
[I 2023-12-26 16:14:03,104] Trial 46 finished with value: 382.6925354003906 and parameters: {'gradient_clip_val': 0.21050376090348125, 'hidden_size': 8, 'dropout': 0.12446459627616853, 'hidden_continuous_size': 6, 'attention_head_size': 4, 'learning_rate': 0.0068974389134904696}. Best is trial 0 with value: 115.57083892822266.
[I 2023-12-26 16:14:05,131] Trial 47 finished with value: 446.1935119628906 and parameters: {'gradient_clip_val': 0.17298091214054379, 'hidden_size': 9, 'dropout': 0.17797191653567265, 'hidden_continuous_size': 6, 'attention_head_size': 4, 'learning_rate': 0.005285148993859275}. Best is trial 0 with value: 115.57083892822266.
[I 2023-12-26 16:14:07,213] Trial 48 finished with value: 478.480712890625 and parameters: {'gradient_clip_val': 0.3015617533443053, 'hidden_size': 12, 'dropout': 0.20346529523469914, 'hidden_continuous_size': 6, 'attention_head_size': 4, 'learning_rate': 0.008894550896733175}. Best is trial 0 with value: 115.57083892822266.
[I 2023-12-26 16:14:09,408] Trial 49 finished with value: 464.6798095703125 and parameters: {'gradient_clip_val': 0.16646198506786972, 'hidden_size': 6, 'dropout': 0.18103704956611413, 'hidden_continuous_size': 5, 'attention_head_size': 4, 'learning_rate': 0.0045148864580066535}. Best is trial 0 with value: 115.57083892822266.
[I 2023-12-26 16:14:09,530] A new study created in memory with name: no-name-2fa11219-e9ba-4499-9363-205f91bacaff
/home/le004/conda/anaconda3/envs/tsff_env/lib/python3.9/site-packages/lightning/fabric/plugins/environments/slurm.py:191: The `srun` command is available on your system but is not used. HINT: If your intention is to run Lightning on SLURM, prepend your python command with `srun` like so: srun python /home/le004/master_thesis/git/TSFusionForecast/code/ ...
[I 2023-12-26 16:17:01,570] Trial 0 finished with value: 0.17430460453033447 and parameters: {'gradient_clip_val': 0.2528236920817081, 'hidden_size': 18, 'dropout': 0.30032361460955614, 'hidden_continuous_size': 16, 'attention_head_size': 1, 'learning_rate': 0.07460350942872045}. Best is trial 0 with value: 0.17430460453033447.
[I 2023-12-26 16:17:04,444] Trial 1 finished with value: 4.131669044494629 and parameters: {'gradient_clip_val': 0.23518761771104624, 'hidden_size': 33, 'dropout': 0.4628723617140239, 'hidden_continuous_size': 23, 'attention_head_size': 4, 'learning_rate': 0.0026389175652680734}. Best is trial 0 with value: 0.17430460453033447.
[I 2023-12-26 16:17:08,132] Trial 2 finished with value: 2.5630290508270264 and parameters: {'gradient_clip_val': 0.38892217068223434, 'hidden_size': 49, 'dropout': 0.3242806559573471, 'hidden_continuous_size': 12, 'attention_head_size': 4, 'learning_rate': 0.0011883840538388156}. Best is trial 0 with value: 0.17430460453033447.
[I 2023-12-26 16:17:10,105] Trial 3 finished with value: 3.5704002380371094 and parameters: {'gradient_clip_val': 0.21440599612896155, 'hidden_size': 9, 'dropout': 0.454180421011672, 'hidden_continuous_size': 6, 'attention_head_size': 1, 'learning_rate': 0.020692690179152328}. Best is trial 0 with value: 0.17430460453033447.
[I 2023-12-26 16:17:12,688] Trial 4 finished with value: 2.5545170307159424 and parameters: {'gradient_clip_val': 0.3247846882166681, 'hidden_size': 24, 'dropout': 0.2778708585156322, 'hidden_continuous_size': 12, 'attention_head_size': 4, 'learning_rate': 0.001579804662331536}. Best is trial 0 with value: 0.17430460453033447.
[I 2023-12-26 16:17:14,742] Trial 5 finished with value: 3.7284939289093018 and parameters: {'gradient_clip_val': 0.8109879230314977, 'hidden_size': 9, 'dropout': 0.425768000875401, 'hidden_continuous_size': 5, 'attention_head_size': 4, 'learning_rate': 0.06217422394845455}. Best is trial 0 with value: 0.17430460453033447.
[I 2023-12-26 16:17:24,561] Trial 6 finished with value: 2.661616086959839 and parameters: {'gradient_clip_val': 0.4863923183280253, 'hidden_size': 150, 'dropout': 0.255855761561596, 'hidden_continuous_size': 7, 'attention_head_size': 3, 'learning_rate': 0.08864748683037957}. Best is trial 0 with value: 0.17430460453033447.
[I 2023-12-26 16:17:26,274] Trial 7 finished with value: 4.255957126617432 and parameters: {'gradient_clip_val': 0.4516327942188768, 'hidden_size': 5, 'dropout': 0.23513062229377907, 'hidden_continuous_size': 5, 'attention_head_size': 1, 'learning_rate': 0.06817822780513463}. Best is trial 0 with value: 0.17430460453033447.
[I 2023-12-26 16:17:29,769] Trial 8 finished with value: 2.9205150604248047 and parameters: {'gradient_clip_val': 0.44754683555802954, 'hidden_size': 45, 'dropout': 0.26813317468227205, 'hidden_continuous_size': 23, 'attention_head_size': 4, 'learning_rate': 0.0009102345072116518}. Best is trial 0 with value: 0.17430460453033447.
[I 2023-12-26 16:17:31,577] Trial 9 finished with value: 4.578543186187744 and parameters: {'gradient_clip_val': 0.1340142623836592, 'hidden_size': 6, 'dropout': 0.41948336798018615, 'hidden_continuous_size': 6, 'attention_head_size': 3, 'learning_rate': 0.07047556604169775}. Best is trial 0 with value: 0.17430460453033447.
[I 2023-12-26 16:17:33,766] Trial 10 finished with value: 3.0356433391571045 and parameters: {'gradient_clip_val': 0.10070127976094002, 'hidden_size': 17, 'dropout': 0.11879120437697133, 'hidden_continuous_size': 14, 'attention_head_size': 2, 'learning_rate': 0.011024158402464167}. Best is trial 0 with value: 0.17430460453033447.
[I 2023-12-26 16:17:36,032] Trial 11 finished with value: 3.7093007564544678 and parameters: {'gradient_clip_val': 0.2781259684966639, 'hidden_size': 19, 'dropout': 0.3571831829860284, 'hidden_continuous_size': 13, 'attention_head_size': 2, 'learning_rate': 0.005007994524844604}. Best is trial 0 with value: 0.17430460453033447.
[I 2023-12-26 16:17:38,406] Trial 12 finished with value: 3.143688201904297 and parameters: {'gradient_clip_val': 0.20615109998118325, 'hidden_size': 22, 'dropout': 0.19124907301398883, 'hidden_continuous_size': 16, 'attention_head_size': 2, 'learning_rate': 0.0005053183769528027}. Best is trial 0 with value: 0.17430460453033447.
[I 2023-12-26 16:17:40,594] Trial 13 finished with value: 3.9451544284820557 and parameters: {'gradient_clip_val': 0.3158159999595395, 'hidden_size': 14, 'dropout': 0.3364959024751337, 'hidden_continuous_size': 9, 'attention_head_size': 3, 'learning_rate': 0.02168148097492019}. Best is trial 0 with value: 0.17430460453033447.
[I 2023-12-26 16:17:43,179] Trial 14 finished with value: 3.7837727069854736 and parameters: {'gradient_clip_val': 0.1860109998522441, 'hidden_size': 30, 'dropout': 0.3638300508815408, 'hidden_continuous_size': 9, 'attention_head_size': 1, 'learning_rate': 0.003091731760536013}. Best is trial 0 with value: 0.17430460453033447.
[I 2023-12-26 16:17:45,252] Trial 15 finished with value: 3.103299140930176 and parameters: {'gradient_clip_val': 0.29919812423764497, 'hidden_size': 11, 'dropout': 0.2778103610518749, 'hidden_continuous_size': 9, 'attention_head_size': 2, 'learning_rate': 0.008179825118036367}. Best is trial 0 with value: 0.17430460453033447.
[I 2023-12-26 16:17:47,993] Trial 16 finished with value: 3.2117719650268555 and parameters: {'gradient_clip_val': 0.17165172837247947, 'hidden_size': 23, 'dropout': 0.21679989423506366, 'hidden_continuous_size': 17, 'attention_head_size': 3, 'learning_rate': 0.03121730351975744}. Best is trial 0 with value: 0.17430460453033447.
[I 2023-12-26 16:17:50,048] Trial 17 finished with value: 3.3175418376922607 and parameters: {'gradient_clip_val': 0.5941751952238763, 'hidden_size': 12, 'dropout': 0.3025259393558412, 'hidden_continuous_size': 10, 'attention_head_size': 1, 'learning_rate': 0.012209576434258055}. Best is trial 0 with value: 0.17430460453033447.
[I 2023-12-26 16:17:52,318] Trial 18 finished with value: 2.4878275394439697 and parameters: {'gradient_clip_val': 0.35556472441217457, 'hidden_size': 15, 'dropout': 0.3094761374041902, 'hidden_continuous_size': 11, 'attention_head_size': 3, 'learning_rate': 0.004917637662111276}. Best is trial 0 with value: 0.17430460453033447.
[I 2023-12-26 16:17:54,235] Trial 19 finished with value: 4.001723289489746 and parameters: {'gradient_clip_val': 0.9815199250816731, 'hidden_size': 8, 'dropout': 0.39338500354275435, 'hidden_continuous_size': 7, 'attention_head_size': 2, 'learning_rate': 0.005341947964182142}. Best is trial 0 with value: 0.17430460453033447.
[I 2023-12-26 16:17:56,449] Trial 20 finished with value: 3.079965591430664 and parameters: {'gradient_clip_val': 0.2545926557527337, 'hidden_size': 17, 'dropout': 0.48906426489028865, 'hidden_continuous_size': 11, 'attention_head_size': 3, 'learning_rate': 0.03402581725067946}. Best is trial 0 with value: 0.17430460453033447.
[I 2023-12-26 16:17:58,678] Trial 21 finished with value: 2.4360880851745605 and parameters: {'gradient_clip_val': 0.3575670234270498, 'hidden_size': 14, 'dropout': 0.31042289497588255, 'hidden_continuous_size': 11, 'attention_head_size': 4, 'learning_rate': 0.002569130463408781}. Best is trial 0 with value: 0.17430460453033447.
[I 2023-12-26 16:18:00,914] Trial 22 finished with value: 2.441419839859009 and parameters: {'gradient_clip_val': 0.3358631909917037, 'hidden_size': 15, 'dropout': 0.3118296440495415, 'hidden_continuous_size': 10, 'attention_head_size': 3, 'learning_rate': 0.003496627847862605}. Best is trial 0 with value: 0.17430460453033447.
[I 2023-12-26 16:18:03,097] Trial 23 finished with value: 3.520991563796997 and parameters: {'gradient_clip_val': 0.2532380230600783, 'hidden_size': 13, 'dropout': 0.3542220774932482, 'hidden_continuous_size': 8, 'attention_head_size': 4, 'learning_rate': 0.0026270416410128002}. Best is trial 0 with value: 0.17430460453033447.
[I 2023-12-26 16:18:05,104] Trial 24 finished with value: 2.6394033432006836 and parameters: {'gradient_clip_val': 0.36659870463722577, 'hidden_size': 7, 'dropout': 0.3255104613542937, 'hidden_continuous_size': 6, 'attention_head_size': 3, 'learning_rate': 0.003398886692577131}. Best is trial 0 with value: 0.17430460453033447.
[I 2023-12-26 16:18:07,174] Trial 25 finished with value: 3.2753078937530518 and parameters: {'gradient_clip_val': 0.2831229139620306, 'hidden_size': 11, 'dropout': 0.3035226407949908, 'hidden_continuous_size': 8, 'attention_head_size': 2, 'learning_rate': 0.008006854064230972}. Best is trial 0 with value: 0.17430460453033447.
[I 2023-12-26 16:18:09,418] Trial 26 finished with value: 2.8281571865081787 and parameters: {'gradient_clip_val': 0.3879495425460598, 'hidden_size': 17, 'dropout': 0.3726430002342862, 'hidden_continuous_size': 11, 'attention_head_size': 4, 'learning_rate': 0.0017888549833677604}. Best is trial 0 with value: 0.17430460453033447.
[I 2023-12-26 16:18:11,460] Trial 27 finished with value: 3.1370441913604736 and parameters: {'gradient_clip_val': 0.561196231914436, 'hidden_size': 10, 'dropout': 0.33876676913326154, 'hidden_continuous_size': 8, 'attention_head_size': 1, 'learning_rate': 0.003990563717862047}. Best is trial 0 with value: 0.17430460453033447.
[I 2023-12-26 16:18:13,668] Trial 28 finished with value: 2.8301451206207275 and parameters: {'gradient_clip_val': 0.32411719316145915, 'hidden_size': 7, 'dropout': 0.28916375909400727, 'hidden_continuous_size': 5, 'attention_head_size': 3, 'learning_rate': 0.00673580087791199}. Best is trial 0 with value: 0.17430460453033447.
[I 2023-12-26 16:18:16,510] Trial 29 finished with value: 3.8174331188201904 and parameters: {'gradient_clip_val': 0.24790561213291165, 'hidden_size': 31, 'dropout': 0.38636014242500927, 'hidden_continuous_size': 15, 'attention_head_size': 4, 'learning_rate': 0.002405595896399396}. Best is trial 0 with value: 0.17430460453033447.
[I 2023-12-26 16:18:18,807] Trial 30 finished with value: 2.5763044357299805 and parameters: {'gradient_clip_val': 0.2188477140240672, 'hidden_size': 20, 'dropout': 0.2502229405193035, 'hidden_continuous_size': 10, 'attention_head_size': 4, 'learning_rate': 0.002487136950481761}. Best is trial 0 with value: 0.17430460453033447.
[I 2023-12-26 16:18:21,055] Trial 31 finished with value: 3.4684677124023438 and parameters: {'gradient_clip_val': 0.35654681394462345, 'hidden_size': 15, 'dropout': 0.30139879703472605, 'hidden_continuous_size': 10, 'attention_head_size': 3, 'learning_rate': 0.0043284522494384725}. Best is trial 0 with value: 0.17430460453033447.
[I 2023-12-26 16:18:23,177] Trial 32 finished with value: 3.9267234802246094 and parameters: {'gradient_clip_val': 0.3902174874714341, 'hidden_size': 12, 'dropout': 0.31287177229476476, 'hidden_continuous_size': 9, 'attention_head_size': 3, 'learning_rate': 0.005792177951455421}. Best is trial 0 with value: 0.17430460453033447.
[I 2023-12-26 16:18:25,435] Trial 33 finished with value: 4.044911861419678 and parameters: {'gradient_clip_val': 0.28006148917602897, 'hidden_size': 15, 'dropout': 0.32954719303886787, 'hidden_continuous_size': 11, 'attention_head_size': 3, 'learning_rate': 0.004337728926673118}. Best is trial 0 with value: 0.17430460453033447.
[I 2023-12-26 16:18:27,767] Trial 34 finished with value: 3.3113174438476562 and parameters: {'gradient_clip_val': 0.34824710364375505, 'hidden_size': 24, 'dropout': 0.2834184355764017, 'hidden_continuous_size': 13, 'attention_head_size': 2, 'learning_rate': 0.003525211436215826}. Best is trial 0 with value: 0.17430460453033447.
[I 2023-12-26 16:18:29,849] Trial 35 finished with value: 2.101015329360962 and parameters: {'gradient_clip_val': 0.4053445753632007, 'hidden_size': 9, 'dropout': 0.3123676838653037, 'hidden_continuous_size': 7, 'attention_head_size': 4, 'learning_rate': 0.002025505405445993}. Best is trial 0 with value: 0.17430460453033447.
[I 2023-12-26 16:18:31,950] Trial 36 finished with value: 3.646615743637085 and parameters: {'gradient_clip_val': 0.4136040913990477, 'hidden_size': 9, 'dropout': 0.34536246507679974, 'hidden_continuous_size': 7, 'attention_head_size': 4, 'learning_rate': 0.0018201078763554486}. Best is trial 0 with value: 0.17430460453033447.
[I 2023-12-26 16:18:34,053] Trial 37 finished with value: 3.084904909133911 and parameters: {'gradient_clip_val': 0.3062768500044397, 'hidden_size': 10, 'dropout': 0.3275086123574615, 'hidden_continuous_size': 8, 'attention_head_size': 4, 'learning_rate': 0.0011019275778256547}. Best is trial 0 with value: 0.17430460453033447.
[I 2023-12-26 16:18:36,674] Trial 38 finished with value: 4.615067958831787 and parameters: {'gradient_clip_val': 0.49400755010264813, 'hidden_size': 26, 'dropout': 0.269694457218118, 'hidden_continuous_size': 17, 'attention_head_size': 4, 'learning_rate': 0.09420735409812758}. Best is trial 0 with value: 0.17430460453033447.
[I 2023-12-26 16:18:38,869] Trial 39 finished with value: 3.071422815322876 and parameters: {'gradient_clip_val': 0.43272728872132404, 'hidden_size': 8, 'dropout': 0.28988944553804946, 'hidden_continuous_size': 7, 'attention_head_size': 4, 'learning_rate': 0.001423837002480515}. Best is trial 0 with value: 0.17430460453033447.
[I 2023-12-26 16:18:40,706] Trial 40 finished with value: 3.7472479343414307 and parameters: {'gradient_clip_val': 0.3389726412460702, 'hidden_size': 5, 'dropout': 0.2530371930508774, 'hidden_continuous_size': 5, 'attention_head_size': 4, 'learning_rate': 0.001947583518700709}. Best is trial 0 with value: 0.17430460453033447.
[I 2023-12-26 16:18:42,939] Trial 41 finished with value: 3.0553131103515625 and parameters: {'gradient_clip_val': 0.3685407247236226, 'hidden_size': 14, 'dropout': 0.31497433182151197, 'hidden_continuous_size': 12, 'attention_head_size': 3, 'learning_rate': 0.0032963144503156115}. Best is trial 0 with value: 0.17430460453033447.
[I 2023-12-26 16:18:45,232] Trial 42 finished with value: 2.901918411254883 and parameters: {'gradient_clip_val': 0.4097096046322087, 'hidden_size': 19, 'dropout': 0.31482107122988423, 'hidden_continuous_size': 12, 'attention_head_size': 3, 'learning_rate': 0.002136523920380564}. Best is trial 0 with value: 0.17430460453033447.
[I 2023-12-26 16:18:47,423] Trial 43 finished with value: 3.3226864337921143 and parameters: {'gradient_clip_val': 0.47773327783228126, 'hidden_size': 13, 'dropout': 0.3450681165661533, 'hidden_continuous_size': 10, 'attention_head_size': 4, 'learning_rate': 0.00269098334693701}. Best is trial 0 with value: 0.17430460453033447.
[I 2023-12-26 16:18:49,438] Trial 44 finished with value: 2.5172741413116455 and parameters: {'gradient_clip_val': 0.3446661307282891, 'hidden_size': 16, 'dropout': 0.26994674238278876, 'hidden_continuous_size': 11, 'attention_head_size': 1, 'learning_rate': 0.0013204186286188688}. Best is trial 0 with value: 0.17430460453033447.
[I 2023-12-26 16:18:51,725] Trial 45 finished with value: 3.3420827388763428 and parameters: {'gradient_clip_val': 0.3153694756041117, 'hidden_size': 20, 'dropout': 0.30227967932343075, 'hidden_continuous_size': 13, 'attention_head_size': 2, 'learning_rate': 0.0048328391469258805}. Best is trial 0 with value: 0.17430460453033447.
[I 2023-12-26 16:18:54,879] Trial 46 finished with value: 3.3808374404907227 and parameters: {'gradient_clip_val': 0.2723380978953736, 'hidden_size': 38, 'dropout': 0.3240126983724204, 'hidden_continuous_size': 19, 'attention_head_size': 4, 'learning_rate': 0.010028225098478213}. Best is trial 0 with value: 0.17430460453033447.
[I 2023-12-26 16:18:57,013] Trial 47 finished with value: 3.451253890991211 and parameters: {'gradient_clip_val': 0.22565009955947402, 'hidden_size': 11, 'dropout': 0.3666707098993949, 'hidden_continuous_size': 9, 'attention_head_size': 3, 'learning_rate': 0.05397371786730084}. Best is trial 0 with value: 0.17430460453033447.
[I 2023-12-26 16:18:59,212] Trial 48 finished with value: 2.7329485416412354 and parameters: {'gradient_clip_val': 0.29468138151872914, 'hidden_size': 13, 'dropout': 0.2889978554414376, 'hidden_continuous_size': 11, 'attention_head_size': 3, 'learning_rate': 0.015694381020712325}. Best is trial 0 with value: 0.17430460453033447.
[I 2023-12-26 16:19:01,652] Trial 49 finished with value: 3.0550038814544678 and parameters: {'gradient_clip_val': 0.4429556016593076, 'hidden_size': 23, 'dropout': 0.2596662791895245, 'hidden_continuous_size': 13, 'attention_head_size': 2, 'learning_rate': 0.00655740404085453}. Best is trial 0 with value: 0.17430460453033447.
[I 2023-12-26 16:19:01,780] A new study created in memory with name: no-name-8512c818-3570-4c24-ae46-d18c5d01489e
/home/le004/conda/anaconda3/envs/tsff_env/lib/python3.9/site-packages/lightning/fabric/plugins/environments/slurm.py:191: The `srun` command is available on your system but is not used. HINT: If your intention is to run Lightning on SLURM, prepend your python command with `srun` like so: srun python /home/le004/master_thesis/git/TSFusionForecast/code/ ...
[I 2023-12-26 16:21:43,747] Trial 0 finished with value: 0.5856228470802307 and parameters: {'gradient_clip_val': 0.32541137253189345, 'hidden_size': 5, 'dropout': 0.21430814606774884, 'hidden_continuous_size': 5, 'attention_head_size': 3, 'learning_rate': 0.01617381124412449}. Best is trial 0 with value: 0.5856228470802307.
[I 2023-12-26 16:21:46,538] Trial 1 finished with value: 3.2938015460968018 and parameters: {'gradient_clip_val': 0.1624032289672818, 'hidden_size': 36, 'dropout': 0.16210397312022545, 'hidden_continuous_size': 6, 'attention_head_size': 1, 'learning_rate': 0.0011451036198273676}. Best is trial 0 with value: 0.5856228470802307.
[I 2023-12-26 16:21:52,355] Trial 2 finished with value: 3.124868392944336 and parameters: {'gradient_clip_val': 0.3356395255279204, 'hidden_size': 79, 'dropout': 0.26651487590213574, 'hidden_continuous_size': 29, 'attention_head_size': 3, 'learning_rate': 0.003094060133723677}. Best is trial 0 with value: 0.5856228470802307.
[I 2023-12-26 16:21:54,107] Trial 3 finished with value: 2.7294044494628906 and parameters: {'gradient_clip_val': 0.22237526906054833, 'hidden_size': 5, 'dropout': 0.16287518446403926, 'hidden_continuous_size': 5, 'attention_head_size': 1, 'learning_rate': 0.002164137672199792}. Best is trial 0 with value: 0.5856228470802307.
