[I 2023-12-16 13:23:32,437] Trial 9 finished with value: 26923.662109375 and parameters: {'gradient_clip_val': 0.2109937391399301, 'hidden_size': 26, 'dropout': 0.12351253705345408, 'hidden_continuous_size': 21, 'attention_head_size': 1, 'learning_rate': 0.023744386405676315}. Best is trial 3 with value: 14592.65625.
LOCAL_RANK: 0 - CUDA_VISIBLE_DEVICES: [0]
[I 2023-12-16 13:24:27,327] Trial 10 finished with value: 22214.880859375 and parameters: {'gradient_clip_val': 0.9817875488257534, 'hidden_size': 51, 'dropout': 0.37657659984038694, 'hidden_continuous_size': 47, 'attention_head_size': 3, 'learning_rate': 0.0792919000342771}. Best is trial 3 with value: 14592.65625.
LOCAL_RANK: 0 - CUDA_VISIBLE_DEVICES: [0]
[I 2023-12-16 13:25:14,230] Trial 11 finished with value: 12096.2080078125 and parameters: {'gradient_clip_val': 0.36931327778050743, 'hidden_size': 14, 'dropout': 0.34284144380144416, 'hidden_continuous_size': 7, 'attention_head_size': 2, 'learning_rate': 0.0022606523035892763}. Best is trial 11 with value: 12096.2080078125.
LOCAL_RANK: 0 - CUDA_VISIBLE_DEVICES: [0]
[I 2023-12-16 13:25:59,046] Trial 12 finished with value: 11846.3544921875 and parameters: {'gradient_clip_val': 0.3952876420160497, 'hidden_size': 12, 'dropout': 0.34235105884912514, 'hidden_continuous_size': 6, 'attention_head_size': 2, 'learning_rate': 0.0029742986494497125}. Best is trial 12 with value: 11846.3544921875.
LOCAL_RANK: 0 - CUDA_VISIBLE_DEVICES: [0]
[I 2023-12-16 13:26:44,967] Trial 13 finished with value: 23535.322265625 and parameters: {'gradient_clip_val': 0.36195720301376555, 'hidden_size': 9, 'dropout': 0.38066402650891507, 'hidden_continuous_size': 6, 'attention_head_size': 2, 'learning_rate': 0.0023823172752617423}. Best is trial 12 with value: 11846.3544921875.
LOCAL_RANK: 0 - CUDA_VISIBLE_DEVICES: [0]
[I 2023-12-16 13:27:29,699] Trial 14 finished with value: 37762.33984375 and parameters: {'gradient_clip_val': 0.38910831904843524, 'hidden_size': 12, 'dropout': 0.3407242849454283, 'hidden_continuous_size': 6, 'attention_head_size': 2, 'learning_rate': 0.0006064501316377513}. Best is trial 12 with value: 11846.3544921875.
LOCAL_RANK: 0 - CUDA_VISIBLE_DEVICES: [0]
[I 2023-12-16 13:28:18,450] Trial 15 finished with value: 23367.046875 and parameters: {'gradient_clip_val': 0.3114837287562203, 'hidden_size': 32, 'dropout': 0.39943610561698667, 'hidden_continuous_size': 7, 'attention_head_size': 2, 'learning_rate': 0.0027247447426533428}. Best is trial 12 with value: 11846.3544921875.
LOCAL_RANK: 0 - CUDA_VISIBLE_DEVICES: [0]
[I 2023-12-16 13:29:04,363] Trial 16 finished with value: 14286.5927734375 and parameters: {'gradient_clip_val': 0.4599373488044663, 'hidden_size': 7, 'dropout': 0.33813450032886266, 'hidden_continuous_size': 5, 'attention_head_size': 2, 'learning_rate': 0.003029468217678217}. Best is trial 12 with value: 11846.3544921875.
LOCAL_RANK: 0 - CUDA_VISIBLE_DEVICES: [0]
[I 2023-12-16 13:30:01,136] Trial 17 finished with value: 12513.3330078125 and parameters: {'gradient_clip_val': 0.31236993512695926, 'hidden_size': 100, 'dropout': 0.3397246806947557, 'hidden_continuous_size': 40, 'attention_head_size': 3, 'learning_rate': 0.0005324652013424087}. Best is trial 12 with value: 11846.3544921875.
LOCAL_RANK: 0 - CUDA_VISIBLE_DEVICES: [0]
[I 2023-12-16 13:30:47,180] Trial 18 finished with value: 16060.7041015625 and parameters: {'gradient_clip_val': 0.6610277680637682, 'hidden_size': 14, 'dropout': 0.31919860779012305, 'hidden_continuous_size': 6, 'attention_head_size': 1, 'learning_rate': 0.004456389895841694}. Best is trial 12 with value: 11846.3544921875.
LOCAL_RANK: 0 - CUDA_VISIBLE_DEVICES: [0]
[I 2023-12-16 13:31:33,346] Trial 19 finished with value: 25503.8984375 and parameters: {'gradient_clip_val': 0.42742980301156147, 'hidden_size': 14, 'dropout': 0.3610069002488337, 'hidden_continuous_size': 7, 'attention_head_size': 2, 'learning_rate': 0.0016873059484077179}. Best is trial 12 with value: 11846.3544921875.
LOCAL_RANK: 0 - CUDA_VISIBLE_DEVICES: [0]
[I 2023-12-16 13:32:10,582] Trial 20 finished with value: 18480.240234375 and parameters: {'gradient_clip_val': 0.4892711955812348, 'hidden_size': 5, 'dropout': 0.36322701592934525, 'hidden_continuous_size': 5, 'attention_head_size': 3, 'learning_rate': 0.003593861754419695}. Best is trial 12 with value: 11846.3544921875.
LOCAL_RANK: 0 - CUDA_VISIBLE_DEVICES: [0]
[I 2023-12-16 13:33:06,753] Trial 21 finished with value: 22939.818359375 and parameters: {'gradient_clip_val': 0.3213750857488553, 'hidden_size': 96, 'dropout': 0.3295063318246592, 'hidden_continuous_size': 46, 'attention_head_size': 3, 'learning_rate': 0.000644350544794921}. Best is trial 12 with value: 11846.3544921875.
LOCAL_RANK: 0 - CUDA_VISIBLE_DEVICES: [0]
[I 2023-12-16 13:33:56,404] Trial 22 finished with value: 38852.57421875 and parameters: {'gradient_clip_val': 0.34684441790006576, 'hidden_size': 30, 'dropout': 0.3429149100454202, 'hidden_continuous_size': 11, 'attention_head_size': 2, 'learning_rate': 0.0005075412749114896}. Best is trial 12 with value: 11846.3544921875.
LOCAL_RANK: 0 - CUDA_VISIBLE_DEVICES: [0]
[I 2023-12-16 13:34:50,938] Trial 23 finished with value: 10469.4423828125 and parameters: {'gradient_clip_val': 0.2868138660725306, 'hidden_size': 42, 'dropout': 0.32527663040774846, 'hidden_continuous_size': 33, 'attention_head_size': 3, 'learning_rate': 0.0011449416510626372}. Best is trial 23 with value: 10469.4423828125.
LOCAL_RANK: 0 - CUDA_VISIBLE_DEVICES: [0]
[I 2023-12-16 13:35:41,236] Trial 24 finished with value: 24899.265625 and parameters: {'gradient_clip_val': 0.2921700544422265, 'hidden_size': 36, 'dropout': 0.31633312960569904, 'hidden_continuous_size': 11, 'attention_head_size': 2, 'learning_rate': 0.002021171487844299}. Best is trial 23 with value: 10469.4423828125.
LOCAL_RANK: 0 - CUDA_VISIBLE_DEVICES: [0]
[I 2023-12-16 13:36:34,969] Trial 25 finished with value: 14018.3046875 and parameters: {'gradient_clip_val': 0.4274421259036441, 'hidden_size': 41, 'dropout': 0.38798025477360953, 'hidden_continuous_size': 26, 'attention_head_size': 3, 'learning_rate': 0.0010917196269634346}. Best is trial 23 with value: 10469.4423828125.
LOCAL_RANK: 0 - CUDA_VISIBLE_DEVICES: [0]
[I 2023-12-16 13:37:22,075] Trial 26 finished with value: 23268.546875 and parameters: {'gradient_clip_val': 0.406618720239225, 'hidden_size': 17, 'dropout': 0.3609215243252849, 'hidden_continuous_size': 8, 'attention_head_size': 2, 'learning_rate': 0.0019315918493189755}. Best is trial 23 with value: 10469.4423828125.
LOCAL_RANK: 0 - CUDA_VISIBLE_DEVICES: [0]
[I 2023-12-16 13:38:09,595] Trial 27 finished with value: 13506.66796875 and parameters: {'gradient_clip_val': 0.27146005661436523, 'hidden_size': 24, 'dropout': 0.3132066930625323, 'hidden_continuous_size': 10, 'attention_head_size': 1, 'learning_rate': 0.003959738469229659}. Best is trial 23 with value: 10469.4423828125.
LOCAL_RANK: 0 - CUDA_VISIBLE_DEVICES: [0]
[I 2023-12-16 13:38:58,830] Trial 28 finished with value: 18966.599609375 and parameters: {'gradient_clip_val': 0.34783198918259206, 'hidden_size': 22, 'dropout': 0.3573907324892756, 'hidden_continuous_size': 7, 'attention_head_size': 3, 'learning_rate': 0.0010423558975050642}. Best is trial 23 with value: 10469.4423828125.
LOCAL_RANK: 0 - CUDA_VISIBLE_DEVICES: [0]
[I 2023-12-16 13:39:44,477] Trial 29 finished with value: 30908.595703125 and parameters: {'gradient_clip_val': 0.5982784342762125, 'hidden_size': 16, 'dropout': 0.26067571086700075, 'hidden_continuous_size': 8, 'attention_head_size': 2, 'learning_rate': 0.009463180691048196}. Best is trial 23 with value: 10469.4423828125.
LOCAL_RANK: 0 - CUDA_VISIBLE_DEVICES: [0]
[I 2023-12-16 13:40:31,148] Trial 30 finished with value: 11295.0498046875 and parameters: {'gradient_clip_val': 0.4943897285179138, 'hidden_size': 11, 'dropout': 0.3996919549767191, 'hidden_continuous_size': 6, 'attention_head_size': 3, 'learning_rate': 0.0024124574443527154}. Best is trial 23 with value: 10469.4423828125.
LOCAL_RANK: 0 - CUDA_VISIBLE_DEVICES: [0]
[I 2023-12-16 13:41:17,623] Trial 31 finished with value: 21804.25 and parameters: {'gradient_clip_val': 0.5178867850171784, 'hidden_size': 11, 'dropout': 0.39908719240527657, 'hidden_continuous_size': 6, 'attention_head_size': 3, 'learning_rate': 0.002388141214851948}. Best is trial 23 with value: 10469.4423828125.
LOCAL_RANK: 0 - CUDA_VISIBLE_DEVICES: [0]
[I 2023-12-16 13:42:04,243] Trial 32 finished with value: 34760.75 and parameters: {'gradient_clip_val': 0.47074662011219115, 'hidden_size': 9, 'dropout': 0.3763513654882963, 'hidden_continuous_size': 6, 'attention_head_size': 3, 'learning_rate': 0.0015188087195599483}. Best is trial 23 with value: 10469.4423828125.
LOCAL_RANK: 0 - CUDA_VISIBLE_DEVICES: [0]
[I 2023-12-16 13:42:50,450] Trial 33 finished with value: 40462.87890625 and parameters: {'gradient_clip_val': 0.5732053117740763, 'hidden_size': 12, 'dropout': 0.3079038915487359, 'hidden_continuous_size': 7, 'attention_head_size': 4, 'learning_rate': 0.000884077973515613}. Best is trial 23 with value: 10469.4423828125.
LOCAL_RANK: 0 - CUDA_VISIBLE_DEVICES: [0]
[I 2023-12-16 13:43:38,302] Trial 34 finished with value: 13360.0 and parameters: {'gradient_clip_val': 0.3792917192777499, 'hidden_size': 15, 'dropout': 0.2712809331005985, 'hidden_continuous_size': 9, 'attention_head_size': 3, 'learning_rate': 0.0026482512729250826}. Best is trial 23 with value: 10469.4423828125.
LOCAL_RANK: 0 - CUDA_VISIBLE_DEVICES: [0]
[I 2023-12-16 13:44:26,430] Trial 35 finished with value: 24377.310546875 and parameters: {'gradient_clip_val': 0.4014688449769451, 'hidden_size': 20, 'dropout': 0.29368173078386, 'hidden_continuous_size': 8, 'attention_head_size': 3, 'learning_rate': 0.004588438403586163}. Best is trial 23 with value: 10469.4423828125.
LOCAL_RANK: 0 - CUDA_VISIBLE_DEVICES: [0]
[I 2023-12-16 13:45:12,760] Trial 36 finished with value: 24043.6328125 and parameters: {'gradient_clip_val': 0.5279034508673521, 'hidden_size': 10, 'dropout': 0.3549520686130519, 'hidden_continuous_size': 6, 'attention_head_size': 2, 'learning_rate': 0.001860594256994666}. Best is trial 23 with value: 10469.4423828125.
LOCAL_RANK: 0 - CUDA_VISIBLE_DEVICES: [0]
[I 2023-12-16 13:45:59,921] Trial 37 finished with value: 52068.23828125 and parameters: {'gradient_clip_val': 0.6835946833816194, 'hidden_size': 13, 'dropout': 0.3233682827096682, 'hidden_continuous_size': 7, 'attention_head_size': 4, 'learning_rate': 0.0008666362446172713}. Best is trial 23 with value: 10469.4423828125.
LOCAL_RANK: 0 - CUDA_VISIBLE_DEVICES: [0]
[I 2023-12-16 13:46:48,789] Trial 38 finished with value: 13545.8662109375 and parameters: {'gradient_clip_val': 0.24580529366694537, 'hidden_size': 18, 'dropout': 0.3041439038353344, 'hidden_continuous_size': 10, 'attention_head_size': 3, 'learning_rate': 0.006388597763602884}. Best is trial 23 with value: 10469.4423828125.
LOCAL_RANK: 0 - CUDA_VISIBLE_DEVICES: [0]
[I 2023-12-16 13:47:34,027] Trial 39 finished with value: 22122.115234375 and parameters: {'gradient_clip_val': 0.3610760441523025, 'hidden_size': 16, 'dropout': 0.2809564181820031, 'hidden_continuous_size': 8, 'attention_head_size': 1, 'learning_rate': 0.0012292598032623144}. Best is trial 23 with value: 10469.4423828125.
LOCAL_RANK: 0 - CUDA_VISIBLE_DEVICES: [0]
[I 2023-12-16 13:48:24,749] Trial 40 finished with value: 34544.8984375 and parameters: {'gradient_clip_val': 0.4535142660160346, 'hidden_size': 21, 'dropout': 0.37476330108007944, 'hidden_continuous_size': 13, 'attention_head_size': 4, 'learning_rate': 0.00341840936997964}. Best is trial 23 with value: 10469.4423828125.
LOCAL_RANK: 0 - CUDA_VISIBLE_DEVICES: [0]
[I 2023-12-16 13:49:18,519] Trial 41 finished with value: 16216.03125 and parameters: {'gradient_clip_val': 0.29661139455191304, 'hidden_size': 56, 'dropout': 0.3402601608188617, 'hidden_continuous_size': 35, 'attention_head_size': 3, 'learning_rate': 0.0007891005365026796}. Best is trial 23 with value: 10469.4423828125.
LOCAL_RANK: 0 - CUDA_VISIBLE_DEVICES: [0]
[I 2023-12-16 13:50:16,617] Trial 42 finished with value: 34054.7109375 and parameters: {'gradient_clip_val': 0.32014511962463654, 'hidden_size': 100, 'dropout': 0.3309895855540151, 'hidden_continuous_size': 96, 'attention_head_size': 3, 'learning_rate': 0.0013288631673112616}. Best is trial 23 with value: 10469.4423828125.
LOCAL_RANK: 0 - CUDA_VISIBLE_DEVICES: [0]
[I 2023-12-16 13:51:11,306] Trial 43 finished with value: 17777.876953125 and parameters: {'gradient_clip_val': 0.24222665121822376, 'hidden_size': 82, 'dropout': 0.3476329423166322, 'hidden_continuous_size': 15, 'attention_head_size': 3, 'learning_rate': 0.0011409315289370035}. Best is trial 23 with value: 10469.4423828125.
LOCAL_RANK: 0 - CUDA_VISIBLE_DEVICES: [0]
[I 2023-12-16 13:52:04,947] Trial 44 finished with value: 25394.2421875 and parameters: {'gradient_clip_val': 0.27371409744275127, 'hidden_size': 62, 'dropout': 0.29592974268618993, 'hidden_continuous_size': 17, 'attention_head_size': 2, 'learning_rate': 0.0015440426423384188}. Best is trial 23 with value: 10469.4423828125.
LOCAL_RANK: 0 - CUDA_VISIBLE_DEVICES: [0]
[I 2023-12-16 13:52:55,995] Trial 45 finished with value: 15173.9560546875 and parameters: {'gradient_clip_val': 0.3475143048625146, 'hidden_size': 43, 'dropout': 0.32673052899943617, 'hidden_continuous_size': 5, 'attention_head_size': 4, 'learning_rate': 0.0007858134280560598}. Best is trial 23 with value: 10469.4423828125.
LOCAL_RANK: 0 - CUDA_VISIBLE_DEVICES: [0]
[I 2023-12-16 13:53:50,444] Trial 46 finished with value: 13910.8447265625 and parameters: {'gradient_clip_val': 0.19494966081682583, 'hidden_size': 81, 'dropout': 0.3874094005393573, 'hidden_continuous_size': 21, 'attention_head_size': 2, 'learning_rate': 0.0024280120970372725}. Best is trial 23 with value: 10469.4423828125.
LOCAL_RANK: 0 - CUDA_VISIBLE_DEVICES: [0]
[I 2023-12-16 13:54:39,989] Trial 47 finished with value: 12003.5263671875 and parameters: {'gradient_clip_val': 0.40332930766222863, 'hidden_size': 28, 'dropout': 0.37036123301377133, 'hidden_continuous_size': 9, 'attention_head_size': 3, 'learning_rate': 0.00485952059616237}. Best is trial 23 with value: 10469.4423828125.
LOCAL_RANK: 0 - CUDA_VISIBLE_DEVICES: [0]
[I 2023-12-16 13:55:28,550] Trial 48 finished with value: 25529.708984375 and parameters: {'gradient_clip_val': 0.39030718863654706, 'hidden_size': 28, 'dropout': 0.37094287107708557, 'hidden_continuous_size': 12, 'attention_head_size': 2, 'learning_rate': 0.00513667139959032}. Best is trial 23 with value: 10469.4423828125.
LOCAL_RANK: 0 - CUDA_VISIBLE_DEVICES: [0]
[I 2023-12-16 13:56:18,356] Trial 49 finished with value: 40830.375 and parameters: {'gradient_clip_val': 0.42905693403437134, 'hidden_size': 25, 'dropout': 0.3519831094393953, 'hidden_continuous_size': 9, 'attention_head_size': 3, 'learning_rate': 0.003119614049391977}. Best is trial 23 with value: 10469.4423828125.
[I 2023-12-16 13:56:18,450] A new study created in memory with name: no-name-baf432da-0ed4-4673-8cdf-115b9d7f405e
/home/le004/conda/anaconda3/envs/tsff_env/lib/python3.9/site-packages/lightning/fabric/plugins/environments/slurm.py:191: The `srun` command is available on your system but is not used. HINT: If your intention is to run Lightning on SLURM, prepend your python command with `srun` like so: srun python /home/le004/master_thesis/git/TSFusionForecast/code/ ...
LOCAL_RANK: 0 - CUDA_VISIBLE_DEVICES: [0]
[I 2023-12-16 13:57:12,592] Trial 0 finished with value: 93.7663345336914 and parameters: {'gradient_clip_val': 0.8133550345612041, 'hidden_size': 88, 'dropout': 0.281506983515013, 'hidden_continuous_size': 24, 'attention_head_size': 3, 'learning_rate': 0.03573962525164004}. Best is trial 0 with value: 93.7663345336914.
LOCAL_RANK: 0 - CUDA_VISIBLE_DEVICES: [0]
[I 2023-12-16 13:58:02,705] Trial 1 finished with value: 78.79378509521484 and parameters: {'gradient_clip_val': 0.17336763621398396, 'hidden_size': 32, 'dropout': 0.10735637783571249, 'hidden_continuous_size': 9, 'attention_head_size': 4, 'learning_rate': 0.03128979493364463}. Best is trial 1 with value: 78.79378509521484.
LOCAL_RANK: 0 - CUDA_VISIBLE_DEVICES: [0]
[I 2023-12-16 13:58:52,269] Trial 2 finished with value: 81.16614532470703 and parameters: {'gradient_clip_val': 0.3994000036630551, 'hidden_size': 21, 'dropout': 0.22775738749946653, 'hidden_continuous_size': 10, 'attention_head_size': 2, 'learning_rate': 0.021004975611147024}. Best is trial 1 with value: 78.79378509521484.
LOCAL_RANK: 0 - CUDA_VISIBLE_DEVICES: [0]
[I 2023-12-16 13:59:28,239] Trial 3 finished with value: 62.833465576171875 and parameters: {'gradient_clip_val': 0.5280359876903944, 'hidden_size': 5, 'dropout': 0.3730713422614229, 'hidden_continuous_size': 5, 'attention_head_size': 1, 'learning_rate': 0.09370321939554396}. Best is trial 3 with value: 62.833465576171875.
LOCAL_RANK: 0 - CUDA_VISIBLE_DEVICES: [0]
[I 2023-12-16 14:00:14,524] Trial 4 finished with value: 63.77876663208008 and parameters: {'gradient_clip_val': 0.2135058579010725, 'hidden_size': 6, 'dropout': 0.34602506278988027, 'hidden_continuous_size': 5, 'attention_head_size': 3, 'learning_rate': 0.012286766884159868}. Best is trial 3 with value: 62.833465576171875.
LOCAL_RANK: 0 - CUDA_VISIBLE_DEVICES: [0]
[I 2023-12-16 14:01:03,212] Trial 5 finished with value: 88.50188446044922 and parameters: {'gradient_clip_val': 0.350387463600081, 'hidden_size': 40, 'dropout': 0.273124734626022, 'hidden_continuous_size': 5, 'attention_head_size': 2, 'learning_rate': 0.0010017544295367717}. Best is trial 3 with value: 62.833465576171875.
LOCAL_RANK: 0 - CUDA_VISIBLE_DEVICES: [0]
[I 2023-12-16 14:01:55,909] Trial 6 finished with value: 105.6969223022461 and parameters: {'gradient_clip_val': 0.19644020236571114, 'hidden_size': 53, 'dropout': 0.19322056924061248, 'hidden_continuous_size': 9, 'attention_head_size': 1, 'learning_rate': 0.04716125215732238}. Best is trial 3 with value: 62.833465576171875.
LOCAL_RANK: 0 - CUDA_VISIBLE_DEVICES: [0]
[I 2023-12-16 14:02:47,864] Trial 7 finished with value: 88.12970733642578 and parameters: {'gradient_clip_val': 0.1730742569741748, 'hidden_size': 63, 'dropout': 0.2419184206255124, 'hidden_continuous_size': 5, 'attention_head_size': 1, 'learning_rate': 0.07164301773488985}. Best is trial 3 with value: 62.833465576171875.
LOCAL_RANK: 0 - CUDA_VISIBLE_DEVICES: [0]
[I 2023-12-16 14:03:37,548] Trial 8 finished with value: 204.0762481689453 and parameters: {'gradient_clip_val': 0.13281189598265455, 'hidden_size': 27, 'dropout': 0.38459155157608804, 'hidden_continuous_size': 9, 'attention_head_size': 1, 'learning_rate': 0.014145473008019403}. Best is trial 3 with value: 62.833465576171875.
LOCAL_RANK: 0 - CUDA_VISIBLE_DEVICES: [0]
[I 2023-12-16 14:04:30,112] Trial 9 finished with value: 70.22093963623047 and parameters: {'gradient_clip_val': 0.5424438962504292, 'hidden_size': 30, 'dropout': 0.13132997570404112, 'hidden_continuous_size': 29, 'attention_head_size': 2, 'learning_rate': 0.004857524206415512}. Best is trial 3 with value: 62.833465576171875.
LOCAL_RANK: 0 - CUDA_VISIBLE_DEVICES: [0]
[I 2023-12-16 14:05:07,567] Trial 10 finished with value: 76.46866607666016 and parameters: {'gradient_clip_val': 0.9550514764356476, 'hidden_size': 5, 'dropout': 0.3338508951289953, 'hidden_continuous_size': 5, 'attention_head_size': 4, 'learning_rate': 0.09875287325494592}. Best is trial 3 with value: 62.833465576171875.
LOCAL_RANK: 0 - CUDA_VISIBLE_DEVICES: [0]
[I 2023-12-16 14:05:44,594] Trial 11 finished with value: 86.87603759765625 and parameters: {'gradient_clip_val': 0.2761249712072451, 'hidden_size': 5, 'dropout': 0.3939818578111, 'hidden_continuous_size': 5, 'attention_head_size': 3, 'learning_rate': 0.006498897786860328}. Best is trial 3 with value: 62.833465576171875.
LOCAL_RANK: 0 - CUDA_VISIBLE_DEVICES: [0]
[I 2023-12-16 14:06:29,518] Trial 12 finished with value: 55.890682220458984 and parameters: {'gradient_clip_val': 0.10721528820689626, 'hidden_size': 8, 'dropout': 0.3345288691314585, 'hidden_continuous_size': 5, 'attention_head_size': 3, 'learning_rate': 0.09768645789382353}. Best is trial 12 with value: 55.890682220458984.
LOCAL_RANK: 0 - CUDA_VISIBLE_DEVICES: [0]
[I 2023-12-16 14:07:16,078] Trial 13 finished with value: 152.48974609375 and parameters: {'gradient_clip_val': 0.10191234883633106, 'hidden_size': 10, 'dropout': 0.3195292709804405, 'hidden_continuous_size': 6, 'attention_head_size': 3, 'learning_rate': 0.09086862105738137}. Best is trial 12 with value: 55.890682220458984.
LOCAL_RANK: 0 - CUDA_VISIBLE_DEVICES: [0]
[I 2023-12-16 14:08:01,902] Trial 14 finished with value: 78.20340728759766 and parameters: {'gradient_clip_val': 0.5524530041637802, 'hidden_size': 10, 'dropout': 0.3614927641188032, 'hidden_continuous_size': 6, 'attention_head_size': 2, 'learning_rate': 0.05228424576328833}. Best is trial 12 with value: 55.890682220458984.
LOCAL_RANK: 0 - CUDA_VISIBLE_DEVICES: [0]
[I 2023-12-16 14:08:49,999] Trial 15 finished with value: 77.21136474609375 and parameters: {'gradient_clip_val': 0.10139398535873505, 'hidden_size': 9, 'dropout': 0.3104853808139684, 'hidden_continuous_size': 5, 'attention_head_size': 4, 'learning_rate': 0.09955837565651789}. Best is trial 12 with value: 55.890682220458984.
LOCAL_RANK: 0 - CUDA_VISIBLE_DEVICES: [0]
[I 2023-12-16 14:09:35,966] Trial 16 finished with value: 82.85900115966797 and parameters: {'gradient_clip_val': 0.2654529144804276, 'hidden_size': 14, 'dropout': 0.3995601838604236, 'hidden_continuous_size': 6, 'attention_head_size': 1, 'learning_rate': 0.03407214652859154}. Best is trial 12 with value: 55.890682220458984.
LOCAL_RANK: 0 - CUDA_VISIBLE_DEVICES: [0]
