[I 2023-12-26 15:04:11,264] Trial 37 finished with value: 4.152035236358643 and parameters: {'gradient_clip_val': 0.7217069042942221, 'hidden_size': 93, 'dropout': 0.28918024990339175, 'hidden_continuous_size': 31, 'attention_head_size': 3, 'learning_rate': 0.0038157549285717006}. Best is trial 0 with value: 0.058798033744096756.
[I 2023-12-26 15:04:15,912] Trial 38 finished with value: 2.9532415866851807 and parameters: {'gradient_clip_val': 0.8749133060171053, 'hidden_size': 53, 'dropout': 0.1993053554634459, 'hidden_continuous_size': 22, 'attention_head_size': 4, 'learning_rate': 0.004784766083678593}. Best is trial 0 with value: 0.058798033744096756.
[I 2023-12-26 15:04:20,366] Trial 39 finished with value: 2.488558530807495 and parameters: {'gradient_clip_val': 0.5408622630858317, 'hidden_size': 72, 'dropout': 0.18659464056432795, 'hidden_continuous_size': 15, 'attention_head_size': 3, 'learning_rate': 0.0033843839910095395}. Best is trial 0 with value: 0.058798033744096756.
[I 2023-12-26 15:04:23,099] Trial 40 finished with value: 2.32907772064209 and parameters: {'gradient_clip_val': 0.765586539329699, 'hidden_size': 25, 'dropout': 0.25685992871529556, 'hidden_continuous_size': 21, 'attention_head_size': 4, 'learning_rate': 0.0023190897066106}. Best is trial 0 with value: 0.058798033744096756.
[I 2023-12-26 15:04:25,763] Trial 41 finished with value: 2.1638290882110596 and parameters: {'gradient_clip_val': 0.7702104254946431, 'hidden_size': 27, 'dropout': 0.25589335839957894, 'hidden_continuous_size': 22, 'attention_head_size': 4, 'learning_rate': 0.002519615458898275}. Best is trial 0 with value: 0.058798033744096756.
[I 2023-12-26 15:04:28,430] Trial 42 finished with value: 1.9363718032836914 and parameters: {'gradient_clip_val': 0.9999930171230937, 'hidden_size': 26, 'dropout': 0.2583920085905342, 'hidden_continuous_size': 18, 'attention_head_size': 4, 'learning_rate': 0.0022062433864176645}. Best is trial 0 with value: 0.058798033744096756.
[I 2023-12-26 15:04:30,850] Trial 43 finished with value: 2.782533884048462 and parameters: {'gradient_clip_val': 0.9978982590134322, 'hidden_size': 32, 'dropout': 0.27702131818719783, 'hidden_continuous_size': 17, 'attention_head_size': 4, 'learning_rate': 0.001943335549763039}. Best is trial 0 with value: 0.058798033744096756.
[I 2023-12-26 15:04:33,152] Trial 44 finished with value: 3.1426565647125244 and parameters: {'gradient_clip_val': 0.8521018222193008, 'hidden_size': 22, 'dropout': 0.32000473996761464, 'hidden_continuous_size': 17, 'attention_head_size': 4, 'learning_rate': 0.0015986911852737874}. Best is trial 0 with value: 0.058798033744096756.
[I 2023-12-26 15:04:35,620] Trial 45 finished with value: 2.4284870624542236 and parameters: {'gradient_clip_val': 0.9132285204193986, 'hidden_size': 28, 'dropout': 0.29532057527553623, 'hidden_continuous_size': 13, 'attention_head_size': 4, 'learning_rate': 0.0024935323862453718}. Best is trial 0 with value: 0.058798033744096756.
[I 2023-12-26 15:04:38,304] Trial 46 finished with value: 3.7096784114837646 and parameters: {'gradient_clip_val': 0.7847819593665509, 'hidden_size': 38, 'dropout': 0.25843257416617815, 'hidden_continuous_size': 12, 'attention_head_size': 4, 'learning_rate': 0.0033909643551270252}. Best is trial 0 with value: 0.058798033744096756.
[I 2023-12-26 15:04:40,991] Trial 47 finished with value: 3.4878017902374268 and parameters: {'gradient_clip_val': 0.9452803610368722, 'hidden_size': 35, 'dropout': 0.21981279121919156, 'hidden_continuous_size': 27, 'attention_head_size': 4, 'learning_rate': 0.0018858867087335046}. Best is trial 0 with value: 0.058798033744096756.
[I 2023-12-26 15:04:43,205] Trial 48 finished with value: 2.9108104705810547 and parameters: {'gradient_clip_val': 0.9986563684067121, 'hidden_size': 15, 'dropout': 0.3093145173988595, 'hidden_continuous_size': 11, 'attention_head_size': 4, 'learning_rate': 0.0012161639376137075}. Best is trial 0 with value: 0.058798033744096756.
[I 2023-12-26 15:04:45,939] Trial 49 finished with value: 3.08221697807312 and parameters: {'gradient_clip_val': 0.7120866145099071, 'hidden_size': 37, 'dropout': 0.26388480993571584, 'hidden_continuous_size': 23, 'attention_head_size': 4, 'learning_rate': 0.005556150718349479}. Best is trial 0 with value: 0.058798033744096756.
[I 2023-12-26 15:04:46,060] A new study created in memory with name: no-name-9cc69d0c-0680-4ec5-b88c-ebf2dca03b60
/home/le004/conda/anaconda3/envs/tsff_env/lib/python3.9/site-packages/lightning/fabric/plugins/environments/slurm.py:191: The `srun` command is available on your system but is not used. HINT: If your intention is to run Lightning on SLURM, prepend your python command with `srun` like so: srun python /home/le004/master_thesis/git/TSFusionForecast/code/ ...
[I 2023-12-26 15:08:52,829] Trial 0 finished with value: 0.034857816994190216 and parameters: {'gradient_clip_val': 0.7618636539343127, 'hidden_size': 6, 'dropout': 0.191114334832567, 'hidden_continuous_size': 6, 'attention_head_size': 3, 'learning_rate': 0.003739147065778793}. Best is trial 0 with value: 0.034857816994190216.
[I 2023-12-26 15:10:24,821] Trial 1 finished with value: 0.43920406699180603 and parameters: {'gradient_clip_val': 0.18145642998354447, 'hidden_size': 18, 'dropout': 0.279822273914399, 'hidden_continuous_size': 14, 'attention_head_size': 1, 'learning_rate': 0.0008002153680867776}. Best is trial 0 with value: 0.034857816994190216.
[I 2023-12-26 15:10:26,646] Trial 2 finished with value: 3.8449904918670654 and parameters: {'gradient_clip_val': 0.11017867339394932, 'hidden_size': 8, 'dropout': 0.12325422221685339, 'hidden_continuous_size': 7, 'attention_head_size': 2, 'learning_rate': 0.0005167092988687534}. Best is trial 0 with value: 0.034857816994190216.
[I 2023-12-26 15:10:34,613] Trial 3 finished with value: 2.8819282054901123 and parameters: {'gradient_clip_val': 0.468467262381526, 'hidden_size': 123, 'dropout': 0.1732731222490574, 'hidden_continuous_size': 93, 'attention_head_size': 3, 'learning_rate': 0.0020446835362717256}. Best is trial 0 with value: 0.034857816994190216.
[I 2023-12-26 15:10:42,078] Trial 4 finished with value: 2.9819164276123047 and parameters: {'gradient_clip_val': 0.16071806572558323, 'hidden_size': 125, 'dropout': 0.43827065666374854, 'hidden_continuous_size': 38, 'attention_head_size': 4, 'learning_rate': 0.002038641669006441}. Best is trial 0 with value: 0.034857816994190216.
[I 2023-12-26 15:10:43,840] Trial 5 finished with value: 2.854656934738159 and parameters: {'gradient_clip_val': 0.5809040023727794, 'hidden_size': 6, 'dropout': 0.2567292250921912, 'hidden_continuous_size': 6, 'attention_head_size': 4, 'learning_rate': 0.00143571630106749}. Best is trial 0 with value: 0.034857816994190216.
[I 2023-12-26 15:10:52,219] Trial 6 finished with value: 3.7319107055664062 and parameters: {'gradient_clip_val': 0.15383051459286107, 'hidden_size': 142, 'dropout': 0.25139268357477573, 'hidden_continuous_size': 7, 'attention_head_size': 4, 'learning_rate': 0.0014231823134919208}. Best is trial 0 with value: 0.034857816994190216.
[I 2023-12-26 15:10:57,374] Trial 7 finished with value: 3.326798439025879 and parameters: {'gradient_clip_val': 0.2339169963023396, 'hidden_size': 91, 'dropout': 0.2557180002114855, 'hidden_continuous_size': 6, 'attention_head_size': 4, 'learning_rate': 0.0020412901838237855}. Best is trial 0 with value: 0.034857816994190216.
[I 2023-12-26 15:11:02,235] Trial 8 finished with value: 2.302236557006836 and parameters: {'gradient_clip_val': 0.23217420858193205, 'hidden_size': 85, 'dropout': 0.11466088295597086, 'hidden_continuous_size': 33, 'attention_head_size': 4, 'learning_rate': 0.011799983790809723}. Best is trial 0 with value: 0.034857816994190216.
[I 2023-12-26 15:11:04,413] Trial 9 finished with value: 3.4588043689727783 and parameters: {'gradient_clip_val': 0.27988425866977507, 'hidden_size': 24, 'dropout': 0.4996567436706052, 'hidden_continuous_size': 16, 'attention_head_size': 4, 'learning_rate': 0.0020077089968190656}. Best is trial 0 with value: 0.034857816994190216.
[I 2023-12-26 15:11:06,129] Trial 10 finished with value: 3.8722896575927734 and parameters: {'gradient_clip_val': 0.9281183386781828, 'hidden_size': 5, 'dropout': 0.3540397658146111, 'hidden_continuous_size': 5, 'attention_head_size': 2, 'learning_rate': 0.044983979460975404}. Best is trial 0 with value: 0.034857816994190216.
[I 2023-12-26 15:11:08,185] Trial 11 finished with value: 1.812416434288025 and parameters: {'gradient_clip_val': 0.9855404260539208, 'hidden_size': 15, 'dropout': 0.1998111968100736, 'hidden_continuous_size': 5, 'attention_head_size': 1, 'learning_rate': 0.007099640802984484}. Best is trial 0 with value: 0.034857816994190216.
[I 2023-12-26 15:11:10,122] Trial 12 finished with value: 2.9283008575439453 and parameters: {'gradient_clip_val': 0.44277661821447356, 'hidden_size': 12, 'dropout': 0.3260479595064726, 'hidden_continuous_size': 5, 'attention_head_size': 1, 'learning_rate': 0.0005359562704597908}. Best is trial 0 with value: 0.034857816994190216.
[I 2023-12-26 15:11:12,682] Trial 13 finished with value: 4.023471355438232 and parameters: {'gradient_clip_val': 0.3454838375324345, 'hidden_size': 37, 'dropout': 0.1964753293815913, 'hidden_continuous_size': 10, 'attention_head_size': 3, 'learning_rate': 0.00534310679539366}. Best is trial 0 with value: 0.034857816994190216.
[I 2023-12-26 15:11:14,647] Trial 14 finished with value: 2.67288875579834 and parameters: {'gradient_clip_val': 0.6699012063127268, 'hidden_size': 9, 'dropout': 0.3075324985007422, 'hidden_continuous_size': 6, 'attention_head_size': 2, 'learning_rate': 0.08895582897507295}. Best is trial 0 with value: 0.034857816994190216.
[I 2023-12-26 15:11:16,380] Trial 15 finished with value: 3.158496141433716 and parameters: {'gradient_clip_val': 0.3306107751680934, 'hidden_size': 5, 'dropout': 0.36850951147489935, 'hidden_continuous_size': 5, 'attention_head_size': 3, 'learning_rate': 0.000867856164446512}. Best is trial 0 with value: 0.034857816994190216.
[I 2023-12-26 15:11:18,385] Trial 16 finished with value: 2.805161714553833 and parameters: {'gradient_clip_val': 0.7217638326529675, 'hidden_size': 17, 'dropout': 0.27739654541622644, 'hidden_continuous_size': 9, 'attention_head_size': 1, 'learning_rate': 0.00462055003920315}. Best is trial 0 with value: 0.034857816994190216.
[I 2023-12-26 15:11:20,310] Trial 17 finished with value: 2.999037742614746 and parameters: {'gradient_clip_val': 0.455284330424284, 'hidden_size': 9, 'dropout': 0.16785156617455643, 'hidden_continuous_size': 5, 'attention_head_size': 2, 'learning_rate': 0.0008615601125771991}. Best is trial 0 with value: 0.034857816994190216.
[I 2023-12-26 15:11:22,890] Trial 18 finished with value: 3.4415791034698486 and parameters: {'gradient_clip_val': 0.7700614740653151, 'hidden_size': 28, 'dropout': 0.22181895759714831, 'hidden_continuous_size': 9, 'attention_head_size': 3, 'learning_rate': 0.01378440622218373}. Best is trial 0 with value: 0.034857816994190216.
[I 2023-12-26 15:11:24,826] Trial 19 finished with value: 2.410142183303833 and parameters: {'gradient_clip_val': 0.5856477337150212, 'hidden_size': 12, 'dropout': 0.1471083683436045, 'hidden_continuous_size': 6, 'attention_head_size': 1, 'learning_rate': 0.0032419283878727763}. Best is trial 0 with value: 0.034857816994190216.
[I 2023-12-26 15:11:26,696] Trial 20 finished with value: 3.5403213500976562 and parameters: {'gradient_clip_val': 0.18929797124308265, 'hidden_size': 6, 'dropout': 0.2136899896258553, 'hidden_continuous_size': 5, 'attention_head_size': 2, 'learning_rate': 0.0036429314417927806}. Best is trial 0 with value: 0.034857816994190216.
[I 2023-12-26 15:11:28,558] Trial 21 finished with value: 4.100245952606201 and parameters: {'gradient_clip_val': 0.9884198168896973, 'hidden_size': 16, 'dropout': 0.21778255856842504, 'hidden_continuous_size': 7, 'attention_head_size': 1, 'learning_rate': 0.010008946136261852}. Best is trial 0 with value: 0.034857816994190216.
[I 2023-12-26 15:11:30,569] Trial 22 finished with value: 2.0372235774993896 and parameters: {'gradient_clip_val': 0.9825040449972837, 'hidden_size': 18, 'dropout': 0.17635057626659428, 'hidden_continuous_size': 5, 'attention_head_size': 1, 'learning_rate': 0.007529302476870591}. Best is trial 0 with value: 0.034857816994190216.
[I 2023-12-26 15:11:32,569] Trial 23 finished with value: 3.926877975463867 and parameters: {'gradient_clip_val': 0.8328924810416904, 'hidden_size': 13, 'dropout': 0.10340433926586261, 'hidden_continuous_size': 6, 'attention_head_size': 1, 'learning_rate': 0.017056771234801642}. Best is trial 0 with value: 0.034857816994190216.
[I 2023-12-26 15:11:34,482] Trial 24 finished with value: 3.387033700942993 and parameters: {'gradient_clip_val': 0.8109205342979867, 'hidden_size': 7, 'dropout': 0.14813826841350636, 'hidden_continuous_size': 5, 'attention_head_size': 3, 'learning_rate': 0.0071104135885365904}. Best is trial 0 with value: 0.034857816994190216.
[I 2023-12-26 15:11:36,459] Trial 25 finished with value: 2.813845634460449 and parameters: {'gradient_clip_val': 0.6535222134029163, 'hidden_size': 10, 'dropout': 0.2329283710537093, 'hidden_continuous_size': 6, 'attention_head_size': 2, 'learning_rate': 0.003597304798056321}. Best is trial 0 with value: 0.034857816994190216.
[I 2023-12-26 15:11:38,307] Trial 26 finished with value: 3.15325927734375 and parameters: {'gradient_clip_val': 0.8325479394234218, 'hidden_size': 7, 'dropout': 0.2847817901350036, 'hidden_continuous_size': 5, 'attention_head_size': 1, 'learning_rate': 0.024848715483690546}. Best is trial 0 with value: 0.034857816994190216.
[I 2023-12-26 15:11:40,420] Trial 27 finished with value: 3.8633623123168945 and parameters: {'gradient_clip_val': 0.5484687337736236, 'hidden_size': 24, 'dropout': 0.19448200129282772, 'hidden_continuous_size': 8, 'attention_head_size': 2, 'learning_rate': 0.00727955954553698}. Best is trial 0 with value: 0.034857816994190216.
[I 2023-12-26 15:11:42,443] Trial 28 finished with value: 3.3866469860076904 and parameters: {'gradient_clip_val': 0.4025309248263423, 'hidden_size': 10, 'dropout': 0.24037211760500027, 'hidden_continuous_size': 6, 'attention_head_size': 3, 'learning_rate': 0.005257389914774843}. Best is trial 0 with value: 0.034857816994190216.
[I 2023-12-26 15:11:44,381] Trial 29 finished with value: 2.3769125938415527 and parameters: {'gradient_clip_val': 0.688494201500358, 'hidden_size': 7, 'dropout': 0.14381890550005136, 'hidden_continuous_size': 5, 'attention_head_size': 2, 'learning_rate': 0.0028865820129156654}. Best is trial 0 with value: 0.034857816994190216.
[I 2023-12-26 15:11:46,622] Trial 30 finished with value: 3.637925148010254 and parameters: {'gradient_clip_val': 0.5121365861195057, 'hidden_size': 14, 'dropout': 0.19171368113218634, 'hidden_continuous_size': 7, 'attention_head_size': 1, 'learning_rate': 0.00948985967732641}. Best is trial 0 with value: 0.034857816994190216.
[I 2023-12-26 15:11:48,690] Trial 31 finished with value: 2.50290584564209 and parameters: {'gradient_clip_val': 0.9500236799008234, 'hidden_size': 19, 'dropout': 0.1710666758060301, 'hidden_continuous_size': 5, 'attention_head_size': 1, 'learning_rate': 0.007314865528662212}. Best is trial 0 with value: 0.034857816994190216.
[I 2023-12-26 15:11:50,689] Trial 32 finished with value: 4.178956031799316 and parameters: {'gradient_clip_val': 0.9183916425268487, 'hidden_size': 17, 'dropout': 0.12399316463884424, 'hidden_continuous_size': 5, 'attention_head_size': 1, 'learning_rate': 0.0049471711540852595}. Best is trial 0 with value: 0.034857816994190216.
[I 2023-12-26 15:11:52,637] Trial 33 finished with value: 4.101467609405518 and parameters: {'gradient_clip_val': 0.1128370083530508, 'hidden_size': 11, 'dropout': 0.19735775030484504, 'hidden_continuous_size': 6, 'attention_head_size': 1, 'learning_rate': 0.008728771581239936}. Best is trial 0 with value: 0.034857816994190216.
[I 2023-12-26 15:11:54,661] Trial 34 finished with value: 3.281877279281616 and parameters: {'gradient_clip_val': 0.9837393271676782, 'hidden_size': 14, 'dropout': 0.17476425651630575, 'hidden_continuous_size': 7, 'attention_head_size': 1, 'learning_rate': 0.0026868215176702615}. Best is trial 0 with value: 0.034857816994190216.
[I 2023-12-26 15:11:56,522] Trial 35 finished with value: 2.3852174282073975 and parameters: {'gradient_clip_val': 0.7982637066006388, 'hidden_size': 8, 'dropout': 0.23519572348789625, 'hidden_continuous_size': 5, 'attention_head_size': 3, 'learning_rate': 0.006122532453520545}. Best is trial 0 with value: 0.034857816994190216.
[I 2023-12-26 15:11:58,649] Trial 36 finished with value: 3.6419246196746826 and parameters: {'gradient_clip_val': 0.5874485734402584, 'hidden_size': 20, 'dropout': 0.26313825625263826, 'hidden_continuous_size': 11, 'attention_head_size': 2, 'learning_rate': 0.004236083150817169}. Best is trial 0 with value: 0.034857816994190216.
[I 2023-12-26 15:12:00,930] Trial 37 finished with value: 2.9538238048553467 and parameters: {'gradient_clip_val': 0.6474660271716532, 'hidden_size': 32, 'dropout': 0.21156309076879756, 'hidden_continuous_size': 13, 'attention_head_size': 1, 'learning_rate': 0.0015125919543711771}. Best is trial 0 with value: 0.034857816994190216.
[I 2023-12-26 15:12:03,451] Trial 38 finished with value: 2.8577091693878174 and parameters: {'gradient_clip_val': 0.7244754670807111, 'hidden_size': 40, 'dropout': 0.24809604100415308, 'hidden_continuous_size': 16, 'attention_head_size': 1, 'learning_rate': 0.002671274297017231}. Best is trial 0 with value: 0.034857816994190216.
[I 2023-12-26 15:12:05,562] Trial 39 finished with value: 2.9689576625823975 and parameters: {'gradient_clip_val': 0.8741211567447345, 'hidden_size': 20, 'dropout': 0.13035657202992817, 'hidden_continuous_size': 8, 'attention_head_size': 3, 'learning_rate': 0.01384535880357897}. Best is trial 0 with value: 0.034857816994190216.
[I 2023-12-26 15:12:07,605] Trial 40 finished with value: 3.1300652027130127 and parameters: {'gradient_clip_val': 0.8629266044556803, 'hidden_size': 14, 'dropout': 0.2674563071093549, 'hidden_continuous_size': 6, 'attention_head_size': 2, 'learning_rate': 0.001969870343238012}. Best is trial 0 with value: 0.034857816994190216.
[I 2023-12-26 15:12:10,836] Trial 41 finished with value: 3.064392328262329 and parameters: {'gradient_clip_val': 0.24330400742397756, 'hidden_size': 51, 'dropout': 0.10755604445466618, 'hidden_continuous_size': 24, 'attention_head_size': 4, 'learning_rate': 0.011697455004988557}. Best is trial 0 with value: 0.034857816994190216.
[I 2023-12-26 15:12:15,308] Trial 42 finished with value: 3.706953763961792 and parameters: {'gradient_clip_val': 0.9926090423583707, 'hidden_size': 78, 'dropout': 0.16054722757841594, 'hidden_continuous_size': 27, 'attention_head_size': 4, 'learning_rate': 0.007186253721039466}. Best is trial 0 with value: 0.034857816994190216.
[I 2023-12-26 15:12:17,531] Trial 43 finished with value: 3.257582902908325 and parameters: {'gradient_clip_val': 0.20902683602390199, 'hidden_size': 24, 'dropout': 0.12920800853042616, 'hidden_continuous_size': 12, 'attention_head_size': 4, 'learning_rate': 0.018475954720266568}. Best is trial 0 with value: 0.034857816994190216.
[I 2023-12-26 15:12:24,242] Trial 44 finished with value: 2.8525755405426025 and parameters: {'gradient_clip_val': 0.3779292097035525, 'hidden_size': 111, 'dropout': 0.1871758552651821, 'hidden_continuous_size': 34, 'attention_head_size': 4, 'learning_rate': 0.006081890950971211}. Best is trial 0 with value: 0.034857816994190216.
[I 2023-12-26 15:12:26,577] Trial 45 finished with value: 3.504962205886841 and parameters: {'gradient_clip_val': 0.15936298225249462, 'hidden_size': 23, 'dropout': 0.15536513071083713, 'hidden_continuous_size': 14, 'attention_head_size': 4, 'learning_rate': 0.004050695377798974}. Best is trial 0 with value: 0.034857816994190216.
[I 2023-12-26 15:12:35,732] Trial 46 finished with value: 3.773188352584839 and parameters: {'gradient_clip_val': 0.2745008979493922, 'hidden_size': 149, 'dropout': 0.10318464730072435, 'hidden_continuous_size': 63, 'attention_head_size': 3, 'learning_rate': 0.009183458279309194}. Best is trial 0 with value: 0.034857816994190216.
[I 2023-12-26 15:12:37,582] Trial 47 finished with value: 3.298980712890625 and parameters: {'gradient_clip_val': 0.736530865000047, 'hidden_size': 16, 'dropout': 0.1786815745211447, 'hidden_continuous_size': 10, 'attention_head_size': 1, 'learning_rate': 0.0008109023250314945}. Best is trial 0 with value: 0.034857816994190216.
[I 2023-12-26 15:12:39,281] Trial 48 finished with value: 2.8869121074676514 and parameters: {'gradient_clip_val': 0.28010190786026223, 'hidden_size': 5, 'dropout': 0.14155555531195047, 'hidden_continuous_size': 5, 'attention_head_size': 2, 'learning_rate': 0.005636526571555093}. Best is trial 0 with value: 0.034857816994190216.
[I 2023-12-26 15:12:41,757] Trial 49 finished with value: 3.0546438694000244 and parameters: {'gradient_clip_val': 0.910162819431236, 'hidden_size': 30, 'dropout': 0.16834276148488167, 'hidden_continuous_size': 16, 'attention_head_size': 4, 'learning_rate': 0.0005126294443840538}. Best is trial 0 with value: 0.034857816994190216.
[I 2023-12-26 15:12:41,876] A new study created in memory with name: no-name-f55a3e40-a92f-4317-904b-2cf29baa8898
/home/le004/conda/anaconda3/envs/tsff_env/lib/python3.9/site-packages/lightning/fabric/plugins/environments/slurm.py:191: The `srun` command is available on your system but is not used. HINT: If your intention is to run Lightning on SLURM, prepend your python command with `srun` like so: srun python /home/le004/master_thesis/git/TSFusionForecast/code/ ...
