[I 2023-12-15 22:15:13,729] Trial 13 finished with value: 375.9041442871094 and parameters: {'gradient_clip_val': 0.46983226854802734, 'hidden_size': 17, 'dropout': 0.11244168485528287, 'hidden_continuous_size': 10, 'attention_head_size': 3, 'learning_rate': 0.002274045774414907}. Best is trial 8 with value: 160.93865966796875.
LOCAL_RANK: 0 - CUDA_VISIBLE_DEVICES: [0]
[I 2023-12-15 22:16:02,559] Trial 14 finished with value: 172.15904235839844 and parameters: {'gradient_clip_val': 0.3082230042786664, 'hidden_size': 18, 'dropout': 0.1909514836041502, 'hidden_continuous_size': 11, 'attention_head_size': 3, 'learning_rate': 0.000529087440815911}. Best is trial 8 with value: 160.93865966796875.
LOCAL_RANK: 0 - CUDA_VISIBLE_DEVICES: [0]
[I 2023-12-15 22:16:50,822] Trial 15 finished with value: 243.9314422607422 and parameters: {'gradient_clip_val': 0.2769258657906506, 'hidden_size': 18, 'dropout': 0.2101521979229605, 'hidden_continuous_size': 10, 'attention_head_size': 3, 'learning_rate': 0.0005559542239320523}. Best is trial 8 with value: 160.93865966796875.
LOCAL_RANK: 0 - CUDA_VISIBLE_DEVICES: [0]
[I 2023-12-15 22:17:44,834] Trial 16 finished with value: 257.5536804199219 and parameters: {'gradient_clip_val': 0.27675379396321953, 'hidden_size': 53, 'dropout': 0.21023420837152815, 'hidden_continuous_size': 44, 'attention_head_size': 2, 'learning_rate': 0.0005146323345433972}. Best is trial 8 with value: 160.93865966796875.
LOCAL_RANK: 0 - CUDA_VISIBLE_DEVICES: [0]
[I 2023-12-15 22:18:35,469] Trial 17 finished with value: 276.0674133300781 and parameters: {'gradient_clip_val': 0.5681309351818775, 'hidden_size': 31, 'dropout': 0.17562387754718747, 'hidden_continuous_size': 11, 'attention_head_size': 4, 'learning_rate': 0.0012005138541440652}. Best is trial 8 with value: 160.93865966796875.
LOCAL_RANK: 0 - CUDA_VISIBLE_DEVICES: [0]
[I 2023-12-15 22:19:21,840] Trial 18 finished with value: 202.2373504638672 and parameters: {'gradient_clip_val': 0.30889635297703694, 'hidden_size': 16, 'dropout': 0.21752234663384634, 'hidden_continuous_size': 9, 'attention_head_size': 3, 'learning_rate': 0.0010836333420375292}. Best is trial 8 with value: 160.93865966796875.
LOCAL_RANK: 0 - CUDA_VISIBLE_DEVICES: [0]
[I 2023-12-15 22:20:11,945] Trial 19 finished with value: 121.91866302490234 and parameters: {'gradient_clip_val': 0.9440083528360502, 'hidden_size': 31, 'dropout': 0.14016783822192103, 'hidden_continuous_size': 14, 'attention_head_size': 2, 'learning_rate': 0.003516843017674873}. Best is trial 19 with value: 121.91866302490234.
LOCAL_RANK: 0 - CUDA_VISIBLE_DEVICES: [0]
[I 2023-12-15 22:21:05,454] Trial 20 finished with value: 427.2543029785156 and parameters: {'gradient_clip_val': 0.9979904958917178, 'hidden_size': 54, 'dropout': 0.14785803076761275, 'hidden_continuous_size': 19, 'attention_head_size': 2, 'learning_rate': 0.0051733660735764405}. Best is trial 19 with value: 121.91866302490234.
LOCAL_RANK: 0 - CUDA_VISIBLE_DEVICES: [0]
[I 2023-12-15 22:21:56,132] Trial 21 finished with value: 246.69024658203125 and parameters: {'gradient_clip_val': 0.7659372918457065, 'hidden_size': 33, 'dropout': 0.1825470339993239, 'hidden_continuous_size': 13, 'attention_head_size': 3, 'learning_rate': 0.003131072936113624}. Best is trial 19 with value: 121.91866302490234.
LOCAL_RANK: 0 - CUDA_VISIBLE_DEVICES: [0]
[I 2023-12-15 22:22:46,046] Trial 22 finished with value: 152.4401092529297 and parameters: {'gradient_clip_val': 0.5804986990540296, 'hidden_size': 27, 'dropout': 0.13510486005318806, 'hidden_continuous_size': 11, 'attention_head_size': 2, 'learning_rate': 0.0008179723147009406}. Best is trial 19 with value: 121.91866302490234.
LOCAL_RANK: 0 - CUDA_VISIBLE_DEVICES: [0]
[I 2023-12-15 22:23:34,624] Trial 23 finished with value: 341.5901794433594 and parameters: {'gradient_clip_val': 0.6198921877399532, 'hidden_size': 28, 'dropout': 0.13972087710257444, 'hidden_continuous_size': 14, 'attention_head_size': 2, 'learning_rate': 0.0014206367285158911}. Best is trial 19 with value: 121.91866302490234.
LOCAL_RANK: 0 - CUDA_VISIBLE_DEVICES: [0]
[I 2023-12-15 22:24:27,551] Trial 24 finished with value: 275.55767822265625 and parameters: {'gradient_clip_val': 0.8261123593880342, 'hidden_size': 43, 'dropout': 0.1328792897484203, 'hidden_continuous_size': 16, 'attention_head_size': 2, 'learning_rate': 0.0008257733212286925}. Best is trial 19 with value: 121.91866302490234.
LOCAL_RANK: 0 - CUDA_VISIBLE_DEVICES: [0]
[I 2023-12-15 22:25:17,378] Trial 25 finished with value: 216.63014221191406 and parameters: {'gradient_clip_val': 0.9930247023466622, 'hidden_size': 33, 'dropout': 0.1317653038174854, 'hidden_continuous_size': 12, 'attention_head_size': 1, 'learning_rate': 0.0030348641293446014}. Best is trial 19 with value: 121.91866302490234.
LOCAL_RANK: 0 - CUDA_VISIBLE_DEVICES: [0]
[I 2023-12-15 22:26:11,125] Trial 26 finished with value: 386.0775451660156 and parameters: {'gradient_clip_val': 0.547273947978085, 'hidden_size': 65, 'dropout': 0.15629285741743226, 'hidden_continuous_size': 22, 'attention_head_size': 2, 'learning_rate': 0.00904250934923052}. Best is trial 19 with value: 121.91866302490234.
LOCAL_RANK: 0 - CUDA_VISIBLE_DEVICES: [0]
[I 2023-12-15 22:27:03,875] Trial 27 finished with value: 329.7408447265625 and parameters: {'gradient_clip_val': 0.7279837745569757, 'hidden_size': 41, 'dropout': 0.1332922188802123, 'hidden_continuous_size': 15, 'attention_head_size': 2, 'learning_rate': 0.001620807175095166}. Best is trial 19 with value: 121.91866302490234.
LOCAL_RANK: 0 - CUDA_VISIBLE_DEVICES: [0]
[I 2023-12-15 22:27:53,043] Trial 28 finished with value: 378.4854431152344 and parameters: {'gradient_clip_val': 0.8958408374352701, 'hidden_size': 29, 'dropout': 0.18282744372345888, 'hidden_continuous_size': 12, 'attention_head_size': 1, 'learning_rate': 0.0008849772575356698}. Best is trial 19 with value: 121.91866302490234.
LOCAL_RANK: 0 - CUDA_VISIBLE_DEVICES: [0]
[I 2023-12-15 22:28:42,767] Trial 29 finished with value: 224.49830627441406 and parameters: {'gradient_clip_val': 0.7666462238923508, 'hidden_size': 22, 'dropout': 0.10012612520185579, 'hidden_continuous_size': 9, 'attention_head_size': 4, 'learning_rate': 0.003315659028451485}. Best is trial 19 with value: 121.91866302490234.
LOCAL_RANK: 0 - CUDA_VISIBLE_DEVICES: [0]
[I 2023-12-15 22:29:19,364] Trial 30 finished with value: 314.9862365722656 and parameters: {'gradient_clip_val': 0.8325441669804045, 'hidden_size': 5, 'dropout': 0.1617098882942392, 'hidden_continuous_size': 5, 'attention_head_size': 2, 'learning_rate': 0.0007552484030875068}. Best is trial 19 with value: 121.91866302490234.
LOCAL_RANK: 0 - CUDA_VISIBLE_DEVICES: [0]
[I 2023-12-15 22:30:07,805] Trial 31 finished with value: 289.19097900390625 and parameters: {'gradient_clip_val': 0.6428509890993853, 'hidden_size': 20, 'dropout': 0.19199291440970237, 'hidden_continuous_size': 11, 'attention_head_size': 3, 'learning_rate': 0.0005121569599470458}. Best is trial 19 with value: 121.91866302490234.
LOCAL_RANK: 0 - CUDA_VISIBLE_DEVICES: [0]
[I 2023-12-15 22:30:58,428] Trial 32 finished with value: 154.69480895996094 and parameters: {'gradient_clip_val': 0.5185346632564415, 'hidden_size': 36, 'dropout': 0.15207099747991426, 'hidden_continuous_size': 14, 'attention_head_size': 3, 'learning_rate': 0.0007204633393010332}. Best is trial 19 with value: 121.91866302490234.
LOCAL_RANK: 0 - CUDA_VISIBLE_DEVICES: [0]
[I 2023-12-15 22:31:50,819] Trial 33 finished with value: 295.3582458496094 and parameters: {'gradient_clip_val': 0.5311462743132225, 'hidden_size': 38, 'dropout': 0.12321981647131716, 'hidden_continuous_size': 14, 'attention_head_size': 3, 'learning_rate': 0.0012389570016374334}. Best is trial 19 with value: 121.91866302490234.
LOCAL_RANK: 0 - CUDA_VISIBLE_DEVICES: [0]
[I 2023-12-15 22:32:39,662] Trial 34 finished with value: 189.0045928955078 and parameters: {'gradient_clip_val': 0.7179929132697377, 'hidden_size': 28, 'dropout': 0.15272464456061277, 'hidden_continuous_size': 13, 'attention_head_size': 4, 'learning_rate': 0.00100963434754737}. Best is trial 19 with value: 121.91866302490234.
LOCAL_RANK: 0 - CUDA_VISIBLE_DEVICES: [0]
[I 2023-12-15 22:33:31,300] Trial 35 finished with value: 396.8031005859375 and parameters: {'gradient_clip_val': 0.6258299741055565, 'hidden_size': 42, 'dropout': 0.12188301290802897, 'hidden_continuous_size': 8, 'attention_head_size': 2, 'learning_rate': 0.0007296147271085266}. Best is trial 19 with value: 121.91866302490234.
LOCAL_RANK: 0 - CUDA_VISIBLE_DEVICES: [0]
[I 2023-12-15 22:34:22,553] Trial 36 finished with value: 385.2705383300781 and parameters: {'gradient_clip_val': 0.8664424955787395, 'hidden_size': 33, 'dropout': 0.14987382801978325, 'hidden_continuous_size': 16, 'attention_head_size': 3, 'learning_rate': 0.0007013406451271906}. Best is trial 19 with value: 121.91866302490234.
LOCAL_RANK: 0 - CUDA_VISIBLE_DEVICES: [0]
[I 2023-12-15 22:35:11,207] Trial 37 finished with value: 147.442138671875 and parameters: {'gradient_clip_val': 0.7653929471532425, 'hidden_size': 25, 'dropout': 0.16675234379175635, 'hidden_continuous_size': 10, 'attention_head_size': 1, 'learning_rate': 0.001565463311134503}. Best is trial 19 with value: 121.91866302490234.
LOCAL_RANK: 0 - CUDA_VISIBLE_DEVICES: [0]
[I 2023-12-15 22:35:59,508] Trial 38 finished with value: 154.23545837402344 and parameters: {'gradient_clip_val': 0.6896848813228984, 'hidden_size': 25, 'dropout': 0.1178692524454971, 'hidden_continuous_size': 8, 'attention_head_size': 1, 'learning_rate': 0.0011245277509558764}. Best is trial 19 with value: 121.91866302490234.
LOCAL_RANK: 0 - CUDA_VISIBLE_DEVICES: [0]
[I 2023-12-15 22:36:48,361] Trial 39 finished with value: 348.8636169433594 and parameters: {'gradient_clip_val': 0.7717042636386268, 'hidden_size': 25, 'dropout': 0.12208673773282876, 'hidden_continuous_size': 7, 'attention_head_size': 1, 'learning_rate': 0.0016600697505532221}. Best is trial 19 with value: 121.91866302490234.
LOCAL_RANK: 0 - CUDA_VISIBLE_DEVICES: [0]
[I 2023-12-15 22:37:34,405] Trial 40 finished with value: 269.1781005859375 and parameters: {'gradient_clip_val': 0.6704659998064119, 'hidden_size': 15, 'dropout': 0.13882184252356683, 'hidden_continuous_size': 8, 'attention_head_size': 1, 'learning_rate': 0.0012982466529303906}. Best is trial 19 with value: 121.91866302490234.
LOCAL_RANK: 0 - CUDA_VISIBLE_DEVICES: [0]
[I 2023-12-15 22:38:23,255] Trial 41 finished with value: 293.9383850097656 and parameters: {'gradient_clip_val': 0.5877170405483948, 'hidden_size': 22, 'dropout': 0.1616147590852397, 'hidden_continuous_size': 10, 'attention_head_size': 1, 'learning_rate': 0.0011060452712181184}. Best is trial 19 with value: 121.91866302490234.
LOCAL_RANK: 0 - CUDA_VISIBLE_DEVICES: [0]
[I 2023-12-15 22:39:12,420] Trial 42 finished with value: 322.9136657714844 and parameters: {'gradient_clip_val': 0.6966687733654597, 'hidden_size': 26, 'dropout': 0.11760611682799856, 'hidden_continuous_size': 10, 'attention_head_size': 1, 'learning_rate': 0.0008937736402652415}. Best is trial 19 with value: 121.91866302490234.
LOCAL_RANK: 0 - CUDA_VISIBLE_DEVICES: [0]
[I 2023-12-15 22:40:01,448] Trial 43 finished with value: 199.4188690185547 and parameters: {'gradient_clip_val': 0.5107360763902229, 'hidden_size': 29, 'dropout': 0.14571346454833214, 'hidden_continuous_size': 7, 'attention_head_size': 1, 'learning_rate': 0.0019219375194890153}. Best is trial 19 with value: 121.91866302490234.
LOCAL_RANK: 0 - CUDA_VISIBLE_DEVICES: [0]
[I 2023-12-15 22:40:50,516] Trial 44 finished with value: 194.9822540283203 and parameters: {'gradient_clip_val': 0.8860489614219563, 'hidden_size': 36, 'dropout': 0.10109570386698422, 'hidden_continuous_size': 8, 'attention_head_size': 1, 'learning_rate': 0.0013904877422016204}. Best is trial 19 with value: 121.91866302490234.
LOCAL_RANK: 0 - CUDA_VISIBLE_DEVICES: [0]
[I 2023-12-15 22:41:38,162] Trial 45 finished with value: 301.9144287109375 and parameters: {'gradient_clip_val': 0.6138304129803551, 'hidden_size': 24, 'dropout': 0.1651425582822454, 'hidden_continuous_size': 9, 'attention_head_size': 1, 'learning_rate': 0.0006983301371948535}. Best is trial 19 with value: 121.91866302490234.
LOCAL_RANK: 0 - CUDA_VISIBLE_DEVICES: [0]
[I 2023-12-15 22:42:26,398] Trial 46 finished with value: 286.99554443359375 and parameters: {'gradient_clip_val': 0.5028288181045293, 'hidden_size': 20, 'dropout': 0.11428477219720576, 'hidden_continuous_size': 11, 'attention_head_size': 2, 'learning_rate': 0.0009973368259058612}. Best is trial 19 with value: 121.91866302490234.
LOCAL_RANK: 0 - CUDA_VISIBLE_DEVICES: [0]
[I 2023-12-15 22:43:12,552] Trial 47 finished with value: 297.6188659667969 and parameters: {'gradient_clip_val': 0.7916074375947864, 'hidden_size': 14, 'dropout': 0.14198892185340037, 'hidden_continuous_size': 6, 'attention_head_size': 2, 'learning_rate': 0.0022745966540787844}. Best is trial 19 with value: 121.91866302490234.
LOCAL_RANK: 0 - CUDA_VISIBLE_DEVICES: [0]
[I 2023-12-15 22:44:05,524] Trial 48 finished with value: 411.62109375 and parameters: {'gradient_clip_val': 0.6665678981405487, 'hidden_size': 47, 'dropout': 0.1278928810584572, 'hidden_continuous_size': 17, 'attention_head_size': 1, 'learning_rate': 0.0018092809624991836}. Best is trial 19 with value: 121.91866302490234.
LOCAL_RANK: 0 - CUDA_VISIBLE_DEVICES: [0]
[I 2023-12-15 22:44:53,700] Trial 49 finished with value: 211.0902862548828 and parameters: {'gradient_clip_val': 0.3819295622868411, 'hidden_size': 24, 'dropout': 0.17304137206992157, 'hidden_continuous_size': 12, 'attention_head_size': 2, 'learning_rate': 0.0006859169682173895}. Best is trial 19 with value: 121.91866302490234.
[I 2023-12-15 22:44:53,793] A new study created in memory with name: no-name-748a18eb-bc57-44c3-accb-5802a2d62f49
/home/le004/conda/anaconda3/envs/tsff_env/lib/python3.9/site-packages/lightning/fabric/plugins/environments/slurm.py:191: The `srun` command is available on your system but is not used. HINT: If your intention is to run Lightning on SLURM, prepend your python command with `srun` like so: srun python /home/le004/master_thesis/git/TSFusionForecast/code/ ...
LOCAL_RANK: 0 - CUDA_VISIBLE_DEVICES: [0]
[I 2023-12-15 22:45:43,533] Trial 0 finished with value: 29.852371215820312 and parameters: {'gradient_clip_val': 0.261022368706994, 'hidden_size': 25, 'dropout': 0.3712162376826511, 'hidden_continuous_size': 22, 'attention_head_size': 1, 'learning_rate': 0.0015304431930695428}. Best is trial 0 with value: 29.852371215820312.
LOCAL_RANK: 0 - CUDA_VISIBLE_DEVICES: [0]
[I 2023-12-15 22:46:34,565] Trial 1 finished with value: 19.802152633666992 and parameters: {'gradient_clip_val': 0.1512023807238375, 'hidden_size': 36, 'dropout': 0.17122952950650888, 'hidden_continuous_size': 32, 'attention_head_size': 1, 'learning_rate': 0.06687063483693342}. Best is trial 1 with value: 19.802152633666992.
LOCAL_RANK: 0 - CUDA_VISIBLE_DEVICES: [0]
[I 2023-12-15 22:47:20,943] Trial 2 finished with value: 34.8001594543457 and parameters: {'gradient_clip_val': 0.22183463266080583, 'hidden_size': 6, 'dropout': 0.26538770683683943, 'hidden_continuous_size': 5, 'attention_head_size': 3, 'learning_rate': 0.0019987267292012898}. Best is trial 1 with value: 19.802152633666992.
LOCAL_RANK: 0 - CUDA_VISIBLE_DEVICES: [0]
[I 2023-12-15 22:47:58,163] Trial 3 finished with value: 44.368778228759766 and parameters: {'gradient_clip_val': 0.8787768184688748, 'hidden_size': 12, 'dropout': 0.25274600617594223, 'hidden_continuous_size': 12, 'attention_head_size': 4, 'learning_rate': 0.09788355429574148}. Best is trial 1 with value: 19.802152633666992.
LOCAL_RANK: 0 - CUDA_VISIBLE_DEVICES: [0]
[I 2023-12-15 22:48:47,910] Trial 4 finished with value: 25.80173683166504 and parameters: {'gradient_clip_val': 0.4667010637033175, 'hidden_size': 26, 'dropout': 0.32028550986180454, 'hidden_continuous_size': 8, 'attention_head_size': 3, 'learning_rate': 0.0007638116768323722}. Best is trial 1 with value: 19.802152633666992.
LOCAL_RANK: 0 - CUDA_VISIBLE_DEVICES: [0]
[I 2023-12-15 22:49:24,268] Trial 5 finished with value: 30.516876220703125 and parameters: {'gradient_clip_val': 0.7310094083425742, 'hidden_size': 8, 'dropout': 0.3915349102804123, 'hidden_continuous_size': 8, 'attention_head_size': 2, 'learning_rate': 0.0006831444207470759}. Best is trial 1 with value: 19.802152633666992.
LOCAL_RANK: 0 - CUDA_VISIBLE_DEVICES: [0]
[I 2023-12-15 22:50:00,781] Trial 6 finished with value: 17.069711685180664 and parameters: {'gradient_clip_val': 0.5072095975185388, 'hidden_size': 8, 'dropout': 0.2958476015895475, 'hidden_continuous_size': 8, 'attention_head_size': 3, 'learning_rate': 0.002186879752988601}. Best is trial 6 with value: 17.069711685180664.
LOCAL_RANK: 0 - CUDA_VISIBLE_DEVICES: [0]
[I 2023-12-15 22:50:38,299] Trial 7 finished with value: 23.88409996032715 and parameters: {'gradient_clip_val': 0.9109387486443292, 'hidden_size': 14, 'dropout': 0.2504376636734132, 'hidden_continuous_size': 14, 'attention_head_size': 4, 'learning_rate': 0.0005285642608906807}. Best is trial 6 with value: 17.069711685180664.
LOCAL_RANK: 0 - CUDA_VISIBLE_DEVICES: [0]
[I 2023-12-15 22:51:23,341] Trial 8 finished with value: 32.20573425292969 and parameters: {'gradient_clip_val': 0.31768716842411054, 'hidden_size': 8, 'dropout': 0.2316010543559318, 'hidden_continuous_size': 6, 'attention_head_size': 4, 'learning_rate': 0.0008260373993901178}. Best is trial 6 with value: 17.069711685180664.
LOCAL_RANK: 0 - CUDA_VISIBLE_DEVICES: [0]
[I 2023-12-15 22:52:16,278] Trial 9 finished with value: 29.636384963989258 and parameters: {'gradient_clip_val': 0.7003514256562158, 'hidden_size': 49, 'dropout': 0.20363147070904639, 'hidden_continuous_size': 9, 'attention_head_size': 2, 'learning_rate': 0.001001691328527267}. Best is trial 6 with value: 17.069711685180664.
LOCAL_RANK: 0 - CUDA_VISIBLE_DEVICES: [0]
[I 2023-12-15 22:53:13,857] Trial 10 finished with value: 65.7900619506836 and parameters: {'gradient_clip_val': 0.44907846397242207, 'hidden_size': 86, 'dropout': 0.1027321196233475, 'hidden_continuous_size': 68, 'attention_head_size': 3, 'learning_rate': 0.004947062582380509}. Best is trial 6 with value: 17.069711685180664.
LOCAL_RANK: 0 - CUDA_VISIBLE_DEVICES: [0]
[I 2023-12-15 22:54:06,681] Trial 11 finished with value: 77.31145477294922 and parameters: {'gradient_clip_val': 0.1371752914012975, 'hidden_size': 39, 'dropout': 0.16743616586688273, 'hidden_continuous_size': 27, 'attention_head_size': 1, 'learning_rate': 0.04727240851264606}. Best is trial 6 with value: 17.069711685180664.
LOCAL_RANK: 0 - CUDA_VISIBLE_DEVICES: [0]
[I 2023-12-15 22:54:43,232] Trial 12 finished with value: 73.68781280517578 and parameters: {'gradient_clip_val': 0.11529958200727314, 'hidden_size': 5, 'dropout': 0.3081751852007518, 'hidden_continuous_size': 5, 'attention_head_size': 2, 'learning_rate': 0.01760791117756873}. Best is trial 6 with value: 17.069711685180664.
LOCAL_RANK: 0 - CUDA_VISIBLE_DEVICES: [0]
[I 2023-12-15 22:55:27,949] Trial 13 finished with value: 29.595094680786133 and parameters: {'gradient_clip_val': 0.17338069321023733, 'hidden_size': 16, 'dropout': 0.1615100360301519, 'hidden_continuous_size': 6, 'attention_head_size': 1, 'learning_rate': 0.006222212510242345}. Best is trial 6 with value: 17.069711685180664.
LOCAL_RANK: 0 - CUDA_VISIBLE_DEVICES: [0]
[I 2023-12-15 22:56:15,640] Trial 14 finished with value: 61.550045013427734 and parameters: {'gradient_clip_val': 0.10848960024932366, 'hidden_size': 19, 'dropout': 0.3065644008946567, 'hidden_continuous_size': 7, 'attention_head_size': 2, 'learning_rate': 0.017665732066485158}. Best is trial 6 with value: 17.069711685180664.
LOCAL_RANK: 0 - CUDA_VISIBLE_DEVICES: [0]
[I 2023-12-15 22:57:02,448] Trial 15 finished with value: 60.926239013671875 and parameters: {'gradient_clip_val': 0.16298753284959316, 'hidden_size': 10, 'dropout': 0.2064519306120758, 'hidden_continuous_size': 5, 'attention_head_size': 3, 'learning_rate': 0.003409348361714777}. Best is trial 6 with value: 17.069711685180664.
LOCAL_RANK: 0 - CUDA_VISIBLE_DEVICES: [0]
[I 2023-12-15 22:57:38,127] Trial 16 finished with value: 69.1280746459961 and parameters: {'gradient_clip_val': 0.3701942178009984, 'hidden_size': 5, 'dropout': 0.10911775832919927, 'hidden_continuous_size': 5, 'attention_head_size': 1, 'learning_rate': 0.017075162244903075}. Best is trial 6 with value: 17.069711685180664.
LOCAL_RANK: 0 - CUDA_VISIBLE_DEVICES: [0]
[I 2023-12-15 22:58:28,136] Trial 17 finished with value: 54.064029693603516 and parameters: {'gradient_clip_val': 0.21065575842782253, 'hidden_size': 33, 'dropout': 0.28197491849533307, 'hidden_continuous_size': 11, 'attention_head_size': 2, 'learning_rate': 0.009993914403073782}. Best is trial 6 with value: 17.069711685180664.
LOCAL_RANK: 0 - CUDA_VISIBLE_DEVICES: [0]
[I 2023-12-15 22:59:16,185] Trial 18 finished with value: 43.8939094543457 and parameters: {'gradient_clip_val': 0.26749984870712706, 'hidden_size': 19, 'dropout': 0.3486418864736058, 'hidden_continuous_size': 7, 'attention_head_size': 3, 'learning_rate': 0.002765302910741681}. Best is trial 6 with value: 17.069711685180664.
LOCAL_RANK: 0 - CUDA_VISIBLE_DEVICES: [0]
[I 2023-12-15 23:00:03,354] Trial 19 finished with value: 11.628055572509766 and parameters: {'gradient_clip_val': 0.10039269100323847, 'hidden_size': 11, 'dropout': 0.2892190820240731, 'hidden_continuous_size': 6, 'attention_head_size': 4, 'learning_rate': 0.09848365872150101}. Best is trial 19 with value: 11.628055572509766.
LOCAL_RANK: 0 - CUDA_VISIBLE_DEVICES: [0]
