[I 2023-12-16 06:33:17,829] Trial 26 finished with value: 3.9651412963867188 and parameters: {'gradient_clip_val': 0.6975424303977313, 'hidden_size': 14, 'dropout': 0.2475014867385906, 'hidden_continuous_size': 8, 'attention_head_size': 1, 'learning_rate': 0.004424999508024598}. Best is trial 24 with value: 1.3891154527664185.
LOCAL_RANK: 0 - CUDA_VISIBLE_DEVICES: [0]
[I 2023-12-16 06:34:08,732] Trial 27 finished with value: 2.8549892902374268 and parameters: {'gradient_clip_val': 0.9228176882578175, 'hidden_size': 26, 'dropout': 0.2176159328956148, 'hidden_continuous_size': 10, 'attention_head_size': 4, 'learning_rate': 0.0018810072047322599}. Best is trial 24 with value: 1.3891154527664185.
LOCAL_RANK: 0 - CUDA_VISIBLE_DEVICES: [0]
[I 2023-12-16 06:34:56,326] Trial 28 finished with value: 1.9630998373031616 and parameters: {'gradient_clip_val': 0.7569233683989123, 'hidden_size': 17, 'dropout': 0.20001015297097766, 'hidden_continuous_size': 8, 'attention_head_size': 2, 'learning_rate': 0.003294332389524485}. Best is trial 24 with value: 1.3891154527664185.
LOCAL_RANK: 0 - CUDA_VISIBLE_DEVICES: [0]
[I 2023-12-16 06:35:42,838] Trial 29 finished with value: 1.8535223007202148 and parameters: {'gradient_clip_val': 0.9795474645239259, 'hidden_size': 15, 'dropout': 0.23449045012933237, 'hidden_continuous_size': 7, 'attention_head_size': 1, 'learning_rate': 0.006517684823102056}. Best is trial 24 with value: 1.3891154527664185.
LOCAL_RANK: 0 - CUDA_VISIBLE_DEVICES: [0]
[I 2023-12-16 06:36:31,917] Trial 30 finished with value: 1.9248803853988647 and parameters: {'gradient_clip_val': 0.661440692374708, 'hidden_size': 23, 'dropout': 0.18398317337816578, 'hidden_continuous_size': 6, 'attention_head_size': 1, 'learning_rate': 0.004906195235023506}. Best is trial 24 with value: 1.3891154527664185.
LOCAL_RANK: 0 - CUDA_VISIBLE_DEVICES: [0]
[I 2023-12-16 06:37:22,063] Trial 31 finished with value: 2.4576966762542725 and parameters: {'gradient_clip_val': 0.8633123457173978, 'hidden_size': 27, 'dropout': 0.21570673429770976, 'hidden_continuous_size': 11, 'attention_head_size': 2, 'learning_rate': 0.009810419782914108}. Best is trial 24 with value: 1.3891154527664185.
LOCAL_RANK: 0 - CUDA_VISIBLE_DEVICES: [0]
[I 2023-12-16 06:38:09,033] Trial 32 finished with value: 2.660072088241577 and parameters: {'gradient_clip_val': 0.1620802051649189, 'hidden_size': 13, 'dropout': 0.25093830186560556, 'hidden_continuous_size': 9, 'attention_head_size': 2, 'learning_rate': 0.006363478791787395}. Best is trial 24 with value: 1.3891154527664185.
LOCAL_RANK: 0 - CUDA_VISIBLE_DEVICES: [0]
[I 2023-12-16 06:38:55,787] Trial 33 finished with value: 1.7069668769836426 and parameters: {'gradient_clip_val': 0.7506180218113147, 'hidden_size': 11, 'dropout': 0.18762814249502469, 'hidden_continuous_size': 6, 'attention_head_size': 2, 'learning_rate': 0.008903496637920465}. Best is trial 24 with value: 1.3891154527664185.
LOCAL_RANK: 0 - CUDA_VISIBLE_DEVICES: [0]
[I 2023-12-16 06:39:43,810] Trial 34 finished with value: 2.2481534481048584 and parameters: {'gradient_clip_val': 0.6016086798590162, 'hidden_size': 20, 'dropout': 0.14555370828715652, 'hidden_continuous_size': 8, 'attention_head_size': 3, 'learning_rate': 0.0027881659419397766}. Best is trial 24 with value: 1.3891154527664185.
LOCAL_RANK: 0 - CUDA_VISIBLE_DEVICES: [0]
[I 2023-12-16 06:40:32,932] Trial 35 finished with value: 1.2302664518356323 and parameters: {'gradient_clip_val': 0.1167404039091735, 'hidden_size': 23, 'dropout': 0.1339601673773263, 'hidden_continuous_size': 11, 'attention_head_size': 1, 'learning_rate': 0.0018331171438106858}. Best is trial 35 with value: 1.2302664518356323.
LOCAL_RANK: 0 - CUDA_VISIBLE_DEVICES: [0]
[I 2023-12-16 06:41:22,283] Trial 36 finished with value: 2.1282880306243896 and parameters: {'gradient_clip_val': 0.11898643377595924, 'hidden_size': 22, 'dropout': 0.13092381324763938, 'hidden_continuous_size': 10, 'attention_head_size': 1, 'learning_rate': 0.00180542366021216}. Best is trial 35 with value: 1.2302664518356323.
LOCAL_RANK: 0 - CUDA_VISIBLE_DEVICES: [0]
[I 2023-12-16 06:42:09,819] Trial 37 finished with value: 1.630468487739563 and parameters: {'gradient_clip_val': 0.3995206144757161, 'hidden_size': 17, 'dropout': 0.10216159695056866, 'hidden_continuous_size': 9, 'attention_head_size': 1, 'learning_rate': 0.00126355766769016}. Best is trial 35 with value: 1.2302664518356323.
LOCAL_RANK: 0 - CUDA_VISIBLE_DEVICES: [0]
[I 2023-12-16 06:42:59,743] Trial 38 finished with value: 1.9670692682266235 and parameters: {'gradient_clip_val': 0.8391274751832676, 'hidden_size': 30, 'dropout': 0.1698852175677577, 'hidden_continuous_size': 12, 'attention_head_size': 1, 'learning_rate': 0.002195854937571322}. Best is trial 35 with value: 1.2302664518356323.
LOCAL_RANK: 0 - CUDA_VISIBLE_DEVICES: [0]
[I 2023-12-16 06:43:48,956] Trial 39 finished with value: 1.2661348581314087 and parameters: {'gradient_clip_val': 0.16944978909873942, 'hidden_size': 21, 'dropout': 0.12878800142782446, 'hidden_continuous_size': 11, 'attention_head_size': 1, 'learning_rate': 0.003535204795869456}. Best is trial 35 with value: 1.2302664518356323.
LOCAL_RANK: 0 - CUDA_VISIBLE_DEVICES: [0]
[I 2023-12-16 06:44:37,904] Trial 40 finished with value: 1.5794285535812378 and parameters: {'gradient_clip_val': 0.17949880409139585, 'hidden_size': 17, 'dropout': 0.1257348479968348, 'hidden_continuous_size': 10, 'attention_head_size': 4, 'learning_rate': 0.003653924218742739}. Best is trial 35 with value: 1.2302664518356323.
LOCAL_RANK: 0 - CUDA_VISIBLE_DEVICES: [0]
[I 2023-12-16 06:45:27,150] Trial 41 finished with value: 1.3884540796279907 and parameters: {'gradient_clip_val': 0.1152714409380565, 'hidden_size': 23, 'dropout': 0.1431535470355355, 'hidden_continuous_size': 11, 'attention_head_size': 1, 'learning_rate': 0.0031699508462577214}. Best is trial 35 with value: 1.2302664518356323.
LOCAL_RANK: 0 - CUDA_VISIBLE_DEVICES: [0]
[I 2023-12-16 06:46:16,468] Trial 42 finished with value: 2.5161995887756348 and parameters: {'gradient_clip_val': 0.11315713742507268, 'hidden_size': 22, 'dropout': 0.12243237222206395, 'hidden_continuous_size': 11, 'attention_head_size': 1, 'learning_rate': 0.003225777682654919}. Best is trial 35 with value: 1.2302664518356323.
LOCAL_RANK: 0 - CUDA_VISIBLE_DEVICES: [0]
[I 2023-12-16 06:47:05,925] Trial 43 finished with value: 1.4522637128829956 and parameters: {'gradient_clip_val': 0.12460598782130551, 'hidden_size': 23, 'dropout': 0.1481137543002231, 'hidden_continuous_size': 12, 'attention_head_size': 1, 'learning_rate': 0.005084639898030025}. Best is trial 35 with value: 1.2302664518356323.
LOCAL_RANK: 0 - CUDA_VISIBLE_DEVICES: [0]
[I 2023-12-16 06:47:53,581] Trial 44 finished with value: 1.2458893060684204 and parameters: {'gradient_clip_val': 0.10302531271086532, 'hidden_size': 17, 'dropout': 0.15651988256792243, 'hidden_continuous_size': 10, 'attention_head_size': 1, 'learning_rate': 0.00294202371351403}. Best is trial 35 with value: 1.2302664518356323.
LOCAL_RANK: 0 - CUDA_VISIBLE_DEVICES: [0]
[I 2023-12-16 06:48:39,179] Trial 45 finished with value: 2.7529726028442383 and parameters: {'gradient_clip_val': 0.10206854904789445, 'hidden_size': 12, 'dropout': 0.1541570914318163, 'hidden_continuous_size': 10, 'attention_head_size': 1, 'learning_rate': 0.0030100691988651745}. Best is trial 35 with value: 1.2302664518356323.
LOCAL_RANK: 0 - CUDA_VISIBLE_DEVICES: [0]
[I 2023-12-16 06:49:26,323] Trial 46 finished with value: 2.1765263080596924 and parameters: {'gradient_clip_val': 0.11289027426150947, 'hidden_size': 15, 'dropout': 0.13872181288968444, 'hidden_continuous_size': 11, 'attention_head_size': 1, 'learning_rate': 0.005420941796831987}. Best is trial 35 with value: 1.2302664518356323.
LOCAL_RANK: 0 - CUDA_VISIBLE_DEVICES: [0]
[I 2023-12-16 06:50:14,881] Trial 47 finished with value: 1.8776048421859741 and parameters: {'gradient_clip_val': 0.15296656038979048, 'hidden_size': 18, 'dropout': 0.11649175663876207, 'hidden_continuous_size': 11, 'attention_head_size': 1, 'learning_rate': 0.0038924615748951604}. Best is trial 35 with value: 1.2302664518356323.
LOCAL_RANK: 0 - CUDA_VISIBLE_DEVICES: [0]
[I 2023-12-16 06:51:00,973] Trial 48 finished with value: 1.7292747497558594 and parameters: {'gradient_clip_val': 0.1347359299466947, 'hidden_size': 9, 'dropout': 0.10060514799556897, 'hidden_continuous_size': 6, 'attention_head_size': 1, 'learning_rate': 0.0026776242450237213}. Best is trial 35 with value: 1.2302664518356323.
LOCAL_RANK: 0 - CUDA_VISIBLE_DEVICES: [0]
[I 2023-12-16 06:51:50,297] Trial 49 finished with value: 1.5414375066757202 and parameters: {'gradient_clip_val': 0.11187612110519932, 'hidden_size': 21, 'dropout': 0.13891854368507786, 'hidden_continuous_size': 12, 'attention_head_size': 1, 'learning_rate': 0.001785745941160725}. Best is trial 35 with value: 1.2302664518356323.
[I 2023-12-16 06:51:50,393] A new study created in memory with name: no-name-c6aa7815-bed9-4b2d-8bf1-c3a3c1187761
/home/le004/conda/anaconda3/envs/tsff_env/lib/python3.9/site-packages/lightning/fabric/plugins/environments/slurm.py:191: The `srun` command is available on your system but is not used. HINT: If your intention is to run Lightning on SLURM, prepend your python command with `srun` like so: srun python /home/le004/master_thesis/git/TSFusionForecast/code/ ...
LOCAL_RANK: 0 - CUDA_VISIBLE_DEVICES: [0]
[I 2023-12-16 06:52:47,084] Trial 0 finished with value: 2.4644675254821777 and parameters: {'gradient_clip_val': 0.25233723255891016, 'hidden_size': 98, 'dropout': 0.2846434986953758, 'hidden_continuous_size': 23, 'attention_head_size': 4, 'learning_rate': 0.02415884549576711}. Best is trial 0 with value: 2.4644675254821777.
LOCAL_RANK: 0 - CUDA_VISIBLE_DEVICES: [0]
[I 2023-12-16 06:53:34,507] Trial 1 finished with value: 0.16929344832897186 and parameters: {'gradient_clip_val': 0.4826687167834528, 'hidden_size': 15, 'dropout': 0.22554032828389045, 'hidden_continuous_size': 11, 'attention_head_size': 3, 'learning_rate': 0.0037022319990947343}. Best is trial 1 with value: 0.16929344832897186.
LOCAL_RANK: 0 - CUDA_VISIBLE_DEVICES: [0]
[I 2023-12-16 06:54:20,716] Trial 2 finished with value: 1.7512931823730469 and parameters: {'gradient_clip_val': 0.18834343992222624, 'hidden_size': 10, 'dropout': 0.225532861933388, 'hidden_continuous_size': 8, 'attention_head_size': 1, 'learning_rate': 0.005359512170417559}. Best is trial 1 with value: 0.16929344832897186.
LOCAL_RANK: 0 - CUDA_VISIBLE_DEVICES: [0]
[I 2023-12-16 06:55:06,811] Trial 3 finished with value: 2.2529451847076416 and parameters: {'gradient_clip_val': 0.22813232441023026, 'hidden_size': 10, 'dropout': 0.1493710006016221, 'hidden_continuous_size': 8, 'attention_head_size': 1, 'learning_rate': 0.0005988441843267178}. Best is trial 1 with value: 0.16929344832897186.
LOCAL_RANK: 0 - CUDA_VISIBLE_DEVICES: [0]
[I 2023-12-16 06:56:02,762] Trial 4 finished with value: 1.7736350297927856 and parameters: {'gradient_clip_val': 0.2786045778535778, 'hidden_size': 79, 'dropout': 0.3734650149017854, 'hidden_continuous_size': 38, 'attention_head_size': 2, 'learning_rate': 0.00810123175851577}. Best is trial 1 with value: 0.16929344832897186.
LOCAL_RANK: 0 - CUDA_VISIBLE_DEVICES: [0]
[I 2023-12-16 06:56:55,721] Trial 5 finished with value: 1.3887715339660645 and parameters: {'gradient_clip_val': 0.36967727683357937, 'hidden_size': 44, 'dropout': 0.11448605328454546, 'hidden_continuous_size': 10, 'attention_head_size': 3, 'learning_rate': 0.004479909484271084}. Best is trial 1 with value: 0.16929344832897186.
LOCAL_RANK: 0 - CUDA_VISIBLE_DEVICES: [0]
[I 2023-12-16 06:57:44,049] Trial 6 finished with value: 2.8378283977508545 and parameters: {'gradient_clip_val': 0.7731718346266907, 'hidden_size': 20, 'dropout': 0.38325634845365864, 'hidden_continuous_size': 9, 'attention_head_size': 1, 'learning_rate': 0.015173102519405412}. Best is trial 1 with value: 0.16929344832897186.
LOCAL_RANK: 0 - CUDA_VISIBLE_DEVICES: [0]
[I 2023-12-16 06:58:32,386] Trial 7 finished with value: 0.06925345212221146 and parameters: {'gradient_clip_val': 0.2210058928546493, 'hidden_size': 17, 'dropout': 0.14720924418016523, 'hidden_continuous_size': 9, 'attention_head_size': 3, 'learning_rate': 0.007931768736705272}. Best is trial 7 with value: 0.06925345212221146.
LOCAL_RANK: 0 - CUDA_VISIBLE_DEVICES: [0]
[I 2023-12-16 06:59:18,881] Trial 8 finished with value: 0.5550186038017273 and parameters: {'gradient_clip_val': 0.9055476508588328, 'hidden_size': 7, 'dropout': 0.17844590141891964, 'hidden_continuous_size': 6, 'attention_head_size': 3, 'learning_rate': 0.09549442981957815}. Best is trial 7 with value: 0.06925345212221146.
LOCAL_RANK: 0 - CUDA_VISIBLE_DEVICES: [0]
[I 2023-12-16 07:00:08,360] Trial 9 finished with value: 1.675742506980896 and parameters: {'gradient_clip_val': 0.5759754325891936, 'hidden_size': 35, 'dropout': 0.36917265362893836, 'hidden_continuous_size': 6, 'attention_head_size': 1, 'learning_rate': 0.049059320469694585}. Best is trial 7 with value: 0.06925345212221146.
LOCAL_RANK: 0 - CUDA_VISIBLE_DEVICES: [0]
[I 2023-12-16 07:00:55,451] Trial 10 finished with value: 1.623197078704834 and parameters: {'gradient_clip_val': 0.11275804940426074, 'hidden_size': 6, 'dropout': 0.11452844529417289, 'hidden_continuous_size': 5, 'attention_head_size': 4, 'learning_rate': 0.001735241776652356}. Best is trial 7 with value: 0.06925345212221146.
LOCAL_RANK: 0 - CUDA_VISIBLE_DEVICES: [0]
[I 2023-12-16 07:01:42,439] Trial 11 finished with value: 2.4768388271331787 and parameters: {'gradient_clip_val': 0.4655405908538444, 'hidden_size': 16, 'dropout': 0.2052273133023, 'hidden_continuous_size': 11, 'attention_head_size': 3, 'learning_rate': 0.0031368331122025067}. Best is trial 7 with value: 0.06925345212221146.
LOCAL_RANK: 0 - CUDA_VISIBLE_DEVICES: [0]
[I 2023-12-16 07:02:30,012] Trial 12 finished with value: 0.7850456237792969 and parameters: {'gradient_clip_val': 0.39113429964950075, 'hidden_size': 14, 'dropout': 0.2577106013964905, 'hidden_continuous_size': 10, 'attention_head_size': 2, 'learning_rate': 0.011091031852628788}. Best is trial 7 with value: 0.06925345212221146.
LOCAL_RANK: 0 - CUDA_VISIBLE_DEVICES: [0]
[I 2023-12-16 07:03:20,788] Trial 13 finished with value: 3.0410537719726562 and parameters: {'gradient_clip_val': 0.5749064619802596, 'hidden_size': 27, 'dropout': 0.16935063742692114, 'hidden_continuous_size': 14, 'attention_head_size': 3, 'learning_rate': 0.002083711490176}. Best is trial 7 with value: 0.06925345212221146.
LOCAL_RANK: 0 - CUDA_VISIBLE_DEVICES: [0]
[I 2023-12-16 07:04:11,669] Trial 14 finished with value: 1.1869646310806274 and parameters: {'gradient_clip_val': 0.17354396131601485, 'hidden_size': 25, 'dropout': 0.10070397679616254, 'hidden_continuous_size': 13, 'attention_head_size': 4, 'learning_rate': 0.008154916471430289}. Best is trial 7 with value: 0.06925345212221146.
LOCAL_RANK: 0 - CUDA_VISIBLE_DEVICES: [0]
[I 2023-12-16 07:04:47,964] Trial 15 finished with value: 1.5574588775634766 and parameters: {'gradient_clip_val': 0.33823059816958695, 'hidden_size': 5, 'dropout': 0.21061275472836194, 'hidden_continuous_size': 5, 'attention_head_size': 2, 'learning_rate': 0.019846871012616306}. Best is trial 7 with value: 0.06925345212221146.
LOCAL_RANK: 0 - CUDA_VISIBLE_DEVICES: [0]
[I 2023-12-16 07:05:34,983] Trial 16 finished with value: 0.7642517685890198 and parameters: {'gradient_clip_val': 0.30350541948649373, 'hidden_size': 13, 'dropout': 0.15135548957313832, 'hidden_continuous_size': 7, 'attention_head_size': 3, 'learning_rate': 0.004283979787131089}. Best is trial 7 with value: 0.06925345212221146.
LOCAL_RANK: 0 - CUDA_VISIBLE_DEVICES: [0]
[I 2023-12-16 07:06:22,939] Trial 17 finished with value: 0.7294535040855408 and parameters: {'gradient_clip_val': 0.4848262505541203, 'hidden_size': 18, 'dropout': 0.2603606852806107, 'hidden_continuous_size': 8, 'attention_head_size': 2, 'learning_rate': 0.0013488559871798337}. Best is trial 7 with value: 0.06925345212221146.
LOCAL_RANK: 0 - CUDA_VISIBLE_DEVICES: [0]
[I 2023-12-16 07:07:10,566] Trial 18 finished with value: 0.946584939956665 and parameters: {'gradient_clip_val': 0.14025453628656528, 'hidden_size': 10, 'dropout': 0.29632774151114116, 'hidden_continuous_size': 7, 'attention_head_size': 4, 'learning_rate': 0.007579697548273768}. Best is trial 7 with value: 0.06925345212221146.
LOCAL_RANK: 0 - CUDA_VISIBLE_DEVICES: [0]
[I 2023-12-16 07:08:00,712] Trial 19 finished with value: 0.978293240070343 and parameters: {'gradient_clip_val': 0.22232301228538018, 'hidden_size': 22, 'dropout': 0.18956815713598013, 'hidden_continuous_size': 12, 'attention_head_size': 3, 'learning_rate': 0.0028744875994850976}. Best is trial 7 with value: 0.06925345212221146.
LOCAL_RANK: 0 - CUDA_VISIBLE_DEVICES: [0]
[I 2023-12-16 07:08:50,489] Trial 20 finished with value: 0.1714734584093094 and parameters: {'gradient_clip_val': 0.30639662799156403, 'hidden_size': 32, 'dropout': 0.23522570921114305, 'hidden_continuous_size': 15, 'attention_head_size': 2, 'learning_rate': 0.012477760294547132}. Best is trial 7 with value: 0.06925345212221146.
LOCAL_RANK: 0 - CUDA_VISIBLE_DEVICES: [0]
[I 2023-12-16 07:09:41,069] Trial 21 finished with value: 0.7081875801086426 and parameters: {'gradient_clip_val': 0.29361039676227335, 'hidden_size': 30, 'dropout': 0.23426743570409025, 'hidden_continuous_size': 16, 'attention_head_size': 2, 'learning_rate': 0.013233029651197254}. Best is trial 7 with value: 0.06925345212221146.
LOCAL_RANK: 0 - CUDA_VISIBLE_DEVICES: [0]
[I 2023-12-16 07:10:34,018] Trial 22 finished with value: 0.49603354930877686 and parameters: {'gradient_clip_val': 0.377261348168449, 'hidden_size': 44, 'dropout': 0.20211191265864004, 'hidden_continuous_size': 16, 'attention_head_size': 3, 'learning_rate': 0.006059965042307948}. Best is trial 7 with value: 0.06925345212221146.
LOCAL_RANK: 0 - CUDA_VISIBLE_DEVICES: [0]
[I 2023-12-16 07:11:22,489] Trial 23 finished with value: 1.2063595056533813 and parameters: {'gradient_clip_val': 0.24748571713173897, 'hidden_size': 20, 'dropout': 0.238314692911897, 'hidden_continuous_size': 10, 'attention_head_size': 2, 'learning_rate': 0.02789502404991868}. Best is trial 7 with value: 0.06925345212221146.
LOCAL_RANK: 0 - CUDA_VISIBLE_DEVICES: [0]
[I 2023-12-16 07:12:10,271] Trial 24 finished with value: 2.0079116821289062 and parameters: {'gradient_clip_val': 0.20494392645640785, 'hidden_size': 14, 'dropout': 0.15244409396876352, 'hidden_continuous_size': 9, 'attention_head_size': 3, 'learning_rate': 0.010472107661109408}. Best is trial 7 with value: 0.06925345212221146.
LOCAL_RANK: 0 - CUDA_VISIBLE_DEVICES: [0]
[I 2023-12-16 07:13:00,007] Trial 25 finished with value: 2.5985958576202393 and parameters: {'gradient_clip_val': 0.17267428643414434, 'hidden_size': 23, 'dropout': 0.2193062359704161, 'hidden_continuous_size': 12, 'attention_head_size': 2, 'learning_rate': 0.015338026678350925}. Best is trial 7 with value: 0.06925345212221146.
LOCAL_RANK: 0 - CUDA_VISIBLE_DEVICES: [0]
[I 2023-12-16 07:13:48,759] Trial 26 finished with value: 4.850747585296631 and parameters: {'gradient_clip_val': 0.3132052108070258, 'hidden_size': 17, 'dropout': 0.18785834812720048, 'hidden_continuous_size': 11, 'attention_head_size': 3, 'learning_rate': 0.006411107676949775}. Best is trial 7 with value: 0.06925345212221146.
LOCAL_RANK: 0 - CUDA_VISIBLE_DEVICES: [0]
[I 2023-12-16 07:14:40,930] Trial 27 finished with value: 0.3331224024295807 and parameters: {'gradient_clip_val': 0.2825495252285345, 'hidden_size': 36, 'dropout': 0.2518392071904649, 'hidden_continuous_size': 15, 'attention_head_size': 4, 'learning_rate': 0.0038643839601749616}. Best is trial 7 with value: 0.06925345212221146.
LOCAL_RANK: 0 - CUDA_VISIBLE_DEVICES: [0]
[I 2023-12-16 07:15:27,052] Trial 28 finished with value: 3.698603630065918 and parameters: {'gradient_clip_val': 0.4268402516629197, 'hidden_size': 12, 'dropout': 0.2803929832998878, 'hidden_continuous_size': 9, 'attention_head_size': 2, 'learning_rate': 0.009047352883313285}. Best is trial 7 with value: 0.06925345212221146.
LOCAL_RANK: 0 - CUDA_VISIBLE_DEVICES: [0]
[I 2023-12-16 07:16:17,012] Trial 29 finished with value: 0.2816442549228668 and parameters: {'gradient_clip_val': 0.2618617194661331, 'hidden_size': 18, 'dropout': 0.2926227645991108, 'hidden_continuous_size': 13, 'attention_head_size': 4, 'learning_rate': 0.01889087488238297}. Best is trial 7 with value: 0.06925345212221146.
LOCAL_RANK: 0 - CUDA_VISIBLE_DEVICES: [0]
[I 2023-12-16 07:17:02,960] Trial 30 finished with value: 0.7279548645019531 and parameters: {'gradient_clip_val': 0.3278435333928173, 'hidden_size': 8, 'dropout': 0.1376938515370138, 'hidden_continuous_size': 7, 'attention_head_size': 3, 'learning_rate': 0.006045562249337033}. Best is trial 7 with value: 0.06925345212221146.
LOCAL_RANK: 0 - CUDA_VISIBLE_DEVICES: [0]
[I 2023-12-16 07:17:52,300] Trial 31 finished with value: 2.043325424194336 and parameters: {'gradient_clip_val': 0.25274690084121354, 'hidden_size': 17, 'dropout': 0.30342509901267506, 'hidden_continuous_size': 13, 'attention_head_size': 4, 'learning_rate': 0.024691776769138463}. Best is trial 7 with value: 0.06925345212221146.
LOCAL_RANK: 0 - CUDA_VISIBLE_DEVICES: [0]
[I 2023-12-16 07:18:43,089] Trial 32 finished with value: 2.1368978023529053 and parameters: {'gradient_clip_val': 0.2453861175630272, 'hidden_size': 22, 'dropout': 0.2276483016507952, 'hidden_continuous_size': 14, 'attention_head_size': 4, 'learning_rate': 0.017832611198514686}. Best is trial 7 with value: 0.06925345212221146.
LOCAL_RANK: 0 - CUDA_VISIBLE_DEVICES: [0]
