[I 2023-12-26 12:50:22,515] Trial 18 finished with value: 823.1156616210938 and parameters: {'gradient_clip_val': 0.11451811340537248, 'hidden_size': 5, 'dropout': 0.23417576908861057, 'hidden_continuous_size': 5, 'attention_head_size': 3, 'learning_rate': 0.043112851424420943}. Best is trial 0 with value: 259.5301208496094.
[I 2023-12-26 12:50:25,176] Trial 19 finished with value: 987.7167358398438 and parameters: {'gradient_clip_val': 0.10125412082438884, 'hidden_size': 9, 'dropout': 0.2940239625725423, 'hidden_continuous_size': 5, 'attention_head_size': 1, 'learning_rate': 0.011783263594098849}. Best is trial 0 with value: 259.5301208496094.
[I 2023-12-26 12:50:28,032] Trial 20 finished with value: 820.3158569335938 and parameters: {'gradient_clip_val': 0.23566286870997868, 'hidden_size': 23, 'dropout': 0.16347980590769914, 'hidden_continuous_size': 12, 'attention_head_size': 2, 'learning_rate': 0.004375630278764613}. Best is trial 0 with value: 259.5301208496094.
[I 2023-12-26 12:50:32,391] Trial 21 finished with value: 797.7438354492188 and parameters: {'gradient_clip_val': 0.36091878732402555, 'hidden_size': 46, 'dropout': 0.134546853579593, 'hidden_continuous_size': 14, 'attention_head_size': 4, 'learning_rate': 0.007344311448958134}. Best is trial 0 with value: 259.5301208496094.
[I 2023-12-26 12:50:37,333] Trial 22 finished with value: 867.8463745117188 and parameters: {'gradient_clip_val': 0.41796317062817206, 'hidden_size': 54, 'dropout': 0.13855499437731278, 'hidden_continuous_size': 28, 'attention_head_size': 4, 'learning_rate': 0.0017721902547428471}. Best is trial 0 with value: 259.5301208496094.
[I 2023-12-26 12:50:44,181] Trial 23 finished with value: 1092.6544189453125 and parameters: {'gradient_clip_val': 0.29425380639562815, 'hidden_size': 74, 'dropout': 0.10453044507453307, 'hidden_continuous_size': 27, 'attention_head_size': 4, 'learning_rate': 0.00503921217709073}. Best is trial 0 with value: 259.5301208496094.
[I 2023-12-26 12:50:47,407] Trial 24 finished with value: 790.02099609375 and parameters: {'gradient_clip_val': 0.26482915498556425, 'hidden_size': 29, 'dropout': 0.15608984850383437, 'hidden_continuous_size': 8, 'attention_head_size': 3, 'learning_rate': 0.01642005111446816}. Best is trial 0 with value: 259.5301208496094.
[I 2023-12-26 12:50:49,968] Trial 25 finished with value: 1144.572265625 and parameters: {'gradient_clip_val': 0.15405762834846826, 'hidden_size': 18, 'dropout': 0.19073443275368568, 'hidden_continuous_size': 7, 'attention_head_size': 2, 'learning_rate': 0.007407435564211846}. Best is trial 0 with value: 259.5301208496094.
[I 2023-12-26 12:50:52,934] Trial 26 finished with value: 883.2986450195312 and parameters: {'gradient_clip_val': 0.42736336768996785, 'hidden_size': 23, 'dropout': 0.2047339545544597, 'hidden_continuous_size': 10, 'attention_head_size': 3, 'learning_rate': 0.003346097179721648}. Best is trial 0 with value: 259.5301208496094.
[I 2023-12-26 12:50:55,208] Trial 27 finished with value: 940.66015625 and parameters: {'gradient_clip_val': 0.22538862924782066, 'hidden_size': 16, 'dropout': 0.15332507372203757, 'hidden_continuous_size': 7, 'attention_head_size': 2, 'learning_rate': 0.0013599790969397378}. Best is trial 0 with value: 259.5301208496094.
[I 2023-12-26 12:50:58,741] Trial 28 finished with value: 919.80859375 and parameters: {'gradient_clip_val': 0.3350070052977362, 'hidden_size': 35, 'dropout': 0.21997844116394333, 'hidden_continuous_size': 11, 'attention_head_size': 4, 'learning_rate': 0.004250414897635274}. Best is trial 0 with value: 259.5301208496094.
[I 2023-12-26 12:51:01,332] Trial 29 finished with value: 971.5980834960938 and parameters: {'gradient_clip_val': 0.27664827463326697, 'hidden_size': 13, 'dropout': 0.2659929092630757, 'hidden_continuous_size': 6, 'attention_head_size': 4, 'learning_rate': 0.018634758414685426}. Best is trial 0 with value: 259.5301208496094.
[I 2023-12-26 12:51:04,069] Trial 30 finished with value: 1038.6583251953125 and parameters: {'gradient_clip_val': 0.49992005572504034, 'hidden_size': 21, 'dropout': 0.3780770903268641, 'hidden_continuous_size': 8, 'attention_head_size': 2, 'learning_rate': 0.0005421215566368034}. Best is trial 0 with value: 259.5301208496094.
[I 2023-12-26 12:51:10,299] Trial 31 finished with value: 675.1626586914062 and parameters: {'gradient_clip_val': 0.3574568957164008, 'hidden_size': 74, 'dropout': 0.2246724735538881, 'hidden_continuous_size': 15, 'attention_head_size': 1, 'learning_rate': 0.00660130979275408}. Best is trial 0 with value: 259.5301208496094.
[I 2023-12-26 12:51:17,836] Trial 32 finished with value: 898.2882690429688 and parameters: {'gradient_clip_val': 0.36819931663771865, 'hidden_size': 95, 'dropout': 0.17345781480251646, 'hidden_continuous_size': 14, 'attention_head_size': 1, 'learning_rate': 0.008993955962145327}. Best is trial 0 with value: 259.5301208496094.
[I 2023-12-26 12:51:22,873] Trial 33 finished with value: 900.961181640625 and parameters: {'gradient_clip_val': 0.2670544825611812, 'hidden_size': 59, 'dropout': 0.2178254100052594, 'hidden_continuous_size': 22, 'attention_head_size': 1, 'learning_rate': 0.00567138921111205}. Best is trial 0 with value: 259.5301208496094.
[I 2023-12-26 12:51:29,866] Trial 34 finished with value: 862.4773559570312 and parameters: {'gradient_clip_val': 0.32372922469056725, 'hidden_size': 86, 'dropout': 0.1425681403988846, 'hidden_continuous_size': 15, 'attention_head_size': 1, 'learning_rate': 0.010146122068996519}. Best is trial 0 with value: 259.5301208496094.
[I 2023-12-26 12:51:34,438] Trial 35 finished with value: 734.7376098632812 and parameters: {'gradient_clip_val': 0.49981244189231977, 'hidden_size': 46, 'dropout': 0.2519100837136986, 'hidden_continuous_size': 10, 'attention_head_size': 2, 'learning_rate': 0.005836342341152094}. Best is trial 0 with value: 259.5301208496094.
[I 2023-12-26 12:51:40,140] Trial 36 finished with value: 1096.2591552734375 and parameters: {'gradient_clip_val': 0.38895949178755057, 'hidden_size': 68, 'dropout': 0.17355430847422582, 'hidden_continuous_size': 12, 'attention_head_size': 1, 'learning_rate': 0.0022122060139590986}. Best is trial 0 with value: 259.5301208496094.
[I 2023-12-26 12:51:48,945] Trial 37 finished with value: 968.0635375976562 and parameters: {'gradient_clip_val': 0.31510232050407794, 'hidden_size': 105, 'dropout': 0.20925133471259438, 'hidden_continuous_size': 46, 'attention_head_size': 2, 'learning_rate': 0.007934966302177809}. Best is trial 0 with value: 259.5301208496094.
[I 2023-12-26 12:51:59,623] Trial 38 finished with value: 1164.8338623046875 and parameters: {'gradient_clip_val': 0.46025431456933996, 'hidden_size': 134, 'dropout': 0.26827628299496, 'hidden_continuous_size': 20, 'attention_head_size': 3, 'learning_rate': 0.003986968871224347}. Best is trial 0 with value: 259.5301208496094.
[I 2023-12-26 12:52:06,847] Trial 39 finished with value: 907.353271484375 and parameters: {'gradient_clip_val': 0.5733463933229102, 'hidden_size': 86, 'dropout': 0.1232246569463954, 'hidden_continuous_size': 16, 'attention_head_size': 1, 'learning_rate': 0.009665169543487754}. Best is trial 0 with value: 259.5301208496094.
[I 2023-12-26 12:52:10,101] Trial 40 finished with value: 865.4832153320312 and parameters: {'gradient_clip_val': 0.7319299374333375, 'hidden_size': 29, 'dropout': 0.23156884275176548, 'hidden_continuous_size': 11, 'attention_head_size': 3, 'learning_rate': 0.006517636957651921}. Best is trial 0 with value: 259.5301208496094.
[I 2023-12-26 12:52:14,301] Trial 41 finished with value: 856.6198120117188 and parameters: {'gradient_clip_val': 0.4862954765082132, 'hidden_size': 46, 'dropout': 0.24751424333465097, 'hidden_continuous_size': 9, 'attention_head_size': 2, 'learning_rate': 0.0061990856217280866}. Best is trial 0 with value: 259.5301208496094.
[I 2023-12-26 12:52:19,537] Trial 42 finished with value: 1110.392578125 and parameters: {'gradient_clip_val': 0.5265391914170189, 'hidden_size': 63, 'dropout': 0.30310614379620254, 'hidden_continuous_size': 13, 'attention_head_size': 2, 'learning_rate': 0.012755738369103334}. Best is trial 0 with value: 259.5301208496094.
[I 2023-12-26 12:52:24,078] Trial 43 finished with value: 905.8130493164062 and parameters: {'gradient_clip_val': 0.38318094569491934, 'hidden_size': 52, 'dropout': 0.1881126607226471, 'hidden_continuous_size': 10, 'attention_head_size': 2, 'learning_rate': 0.005397893879108336}. Best is trial 0 with value: 259.5301208496094.
[I 2023-12-26 12:52:27,702] Trial 44 finished with value: 1169.8487548828125 and parameters: {'gradient_clip_val': 0.47217021726742603, 'hidden_size': 40, 'dropout': 0.15418910750002787, 'hidden_continuous_size': 13, 'attention_head_size': 2, 'learning_rate': 0.003384882574364736}. Best is trial 0 with value: 259.5301208496094.
[I 2023-12-26 12:52:34,401] Trial 45 finished with value: 831.4481811523438 and parameters: {'gradient_clip_val': 0.5727583159453052, 'hidden_size': 75, 'dropout': 0.1988284587862507, 'hidden_continuous_size': 17, 'attention_head_size': 2, 'learning_rate': 0.002412866221977592}. Best is trial 0 with value: 259.5301208496094.
[I 2023-12-26 12:52:40,184] Trial 46 finished with value: 789.024169921875 and parameters: {'gradient_clip_val': 0.3460536509263098, 'hidden_size': 59, 'dropout': 0.12158228700915763, 'hidden_continuous_size': 15, 'attention_head_size': 3, 'learning_rate': 0.028712592038911727}. Best is trial 0 with value: 259.5301208496094.
[I 2023-12-26 12:52:43,032] Trial 47 finished with value: 927.5531616210938 and parameters: {'gradient_clip_val': 0.3954542278550427, 'hidden_size': 40, 'dropout': 0.2830154366963811, 'hidden_continuous_size': 11, 'attention_head_size': 2, 'learning_rate': 0.001038910083400176}. Best is trial 0 with value: 259.5301208496094.
[I 2023-12-26 12:52:49,747] Trial 48 finished with value: 868.1500854492188 and parameters: {'gradient_clip_val': 0.4407059198763681, 'hidden_size': 114, 'dropout': 0.25012485082513325, 'hidden_continuous_size': 19, 'attention_head_size': 1, 'learning_rate': 0.01596307796636494}. Best is trial 0 with value: 259.5301208496094.
[I 2023-12-26 12:52:52,165] Trial 49 finished with value: 747.9495239257812 and parameters: {'gradient_clip_val': 0.6526179646859103, 'hidden_size': 33, 'dropout': 0.18142082081130864, 'hidden_continuous_size': 9, 'attention_head_size': 2, 'learning_rate': 0.011248787208446454}. Best is trial 0 with value: 259.5301208496094.
[I 2023-12-26 12:52:52,291] A new study created in memory with name: no-name-eed130ec-d743-4d02-b4fd-be7b8f17a672
/home/le004/conda/anaconda3/envs/tsff_env/lib/python3.9/site-packages/lightning/fabric/plugins/environments/slurm.py:191: The `srun` command is available on your system but is not used. HINT: If your intention is to run Lightning on SLURM, prepend your python command with `srun` like so: srun python /home/le004/master_thesis/git/TSFusionForecast/code/ ...
[I 2023-12-26 13:01:45,327] Trial 0 finished with value: 198.5500030517578 and parameters: {'gradient_clip_val': 0.27335885810173477, 'hidden_size': 144, 'dropout': 0.38051610123174995, 'hidden_continuous_size': 83, 'attention_head_size': 3, 'learning_rate': 0.0008998815717765487}. Best is trial 0 with value: 198.5500030517578.
[I 2023-12-26 13:01:47,318] Trial 1 finished with value: 226.8319854736328 and parameters: {'gradient_clip_val': 0.3316688097220308, 'hidden_size': 20, 'dropout': 0.3809977679590376, 'hidden_continuous_size': 20, 'attention_head_size': 1, 'learning_rate': 0.046154007259833166}. Best is trial 0 with value: 198.5500030517578.
[I 2023-12-26 13:01:49,314] Trial 2 finished with value: 189.7810516357422 and parameters: {'gradient_clip_val': 0.16759211692570442, 'hidden_size': 17, 'dropout': 0.4717253571661316, 'hidden_continuous_size': 10, 'attention_head_size': 1, 'learning_rate': 0.004807665663505901}. Best is trial 2 with value: 189.7810516357422.
[I 2023-12-26 13:01:52,122] Trial 3 finished with value: 160.4424285888672 and parameters: {'gradient_clip_val': 0.2771418381507907, 'hidden_size': 39, 'dropout': 0.3033129615244634, 'hidden_continuous_size': 13, 'attention_head_size': 2, 'learning_rate': 0.012016064200743014}. Best is trial 3 with value: 160.4424285888672.
[I 2023-12-26 13:01:53,951] Trial 4 finished with value: 172.4560089111328 and parameters: {'gradient_clip_val': 0.27312572447602307, 'hidden_size': 8, 'dropout': 0.2605303470969549, 'hidden_continuous_size': 6, 'attention_head_size': 4, 'learning_rate': 0.000733813582053292}. Best is trial 3 with value: 160.4424285888672.
[I 2023-12-26 13:01:57,457] Trial 5 finished with value: 207.20574951171875 and parameters: {'gradient_clip_val': 0.41869453357740877, 'hidden_size': 63, 'dropout': 0.3479362368488484, 'hidden_continuous_size': 16, 'attention_head_size': 2, 'learning_rate': 0.0007326517374380855}. Best is trial 3 with value: 160.4424285888672.
[I 2023-12-26 13:01:59,460] Trial 6 finished with value: 210.3369140625 and parameters: {'gradient_clip_val': 0.5722948769350321, 'hidden_size': 13, 'dropout': 0.10021379382346543, 'hidden_continuous_size': 6, 'attention_head_size': 3, 'learning_rate': 0.08180914600968285}. Best is trial 3 with value: 160.4424285888672.
[I 2023-12-26 13:02:02,941] Trial 7 finished with value: 160.3730926513672 and parameters: {'gradient_clip_val': 0.25873400616092407, 'hidden_size': 61, 'dropout': 0.21617724133173324, 'hidden_continuous_size': 23, 'attention_head_size': 3, 'learning_rate': 0.00310794953792707}. Best is trial 7 with value: 160.3730926513672.
[I 2023-12-26 13:02:04,589] Trial 8 finished with value: 107.9795150756836 and parameters: {'gradient_clip_val': 0.15862634862663658, 'hidden_size': 5, 'dropout': 0.45909391086827045, 'hidden_continuous_size': 5, 'attention_head_size': 1, 'learning_rate': 0.0005506952583557892}. Best is trial 8 with value: 107.9795150756836.
[I 2023-12-26 13:02:06,601] Trial 9 finished with value: 204.738525390625 and parameters: {'gradient_clip_val': 0.5868189730183693, 'hidden_size': 13, 'dropout': 0.17940938221656874, 'hidden_continuous_size': 5, 'attention_head_size': 4, 'learning_rate': 0.002288770946166757}. Best is trial 8 with value: 107.9795150756836.
[I 2023-12-26 13:02:08,263] Trial 10 finished with value: 220.4088134765625 and parameters: {'gradient_clip_val': 0.10990379971313458, 'hidden_size': 5, 'dropout': 0.4973330642438639, 'hidden_continuous_size': 5, 'attention_head_size': 1, 'learning_rate': 0.011932464829149031}. Best is trial 8 with value: 107.9795150756836.
[I 2023-12-26 13:02:09,969] Trial 11 finished with value: 149.12307739257812 and parameters: {'gradient_clip_val': 0.1757475703513732, 'hidden_size': 5, 'dropout': 0.22372170810969066, 'hidden_continuous_size': 5, 'attention_head_size': 3, 'learning_rate': 0.0020573865722635187}. Best is trial 8 with value: 107.9795150756836.
[I 2023-12-26 13:02:11,659] Trial 12 finished with value: 232.19622802734375 and parameters: {'gradient_clip_val': 0.16325634513737491, 'hidden_size': 5, 'dropout': 0.43992349480948184, 'hidden_continuous_size': 5, 'attention_head_size': 2, 'learning_rate': 0.0016086152408132193}. Best is trial 8 with value: 107.9795150756836.
[I 2023-12-26 13:02:13,528] Trial 13 finished with value: 216.5301055908203 and parameters: {'gradient_clip_val': 0.17115685797772479, 'hidden_size': 7, 'dropout': 0.42268649298567784, 'hidden_continuous_size': 5, 'attention_head_size': 3, 'learning_rate': 0.0005295710254562287}. Best is trial 8 with value: 107.9795150756836.
[I 2023-12-26 13:02:15,454] Trial 14 finished with value: 219.43150329589844 and parameters: {'gradient_clip_val': 0.1004918182652555, 'hidden_size': 9, 'dropout': 0.29217212072409887, 'hidden_continuous_size': 5, 'attention_head_size': 2, 'learning_rate': 0.0013377234333093672}. Best is trial 8 with value: 107.9795150756836.
[I 2023-12-26 13:02:17,412] Trial 15 finished with value: 161.15541076660156 and parameters: {'gradient_clip_val': 0.8809770205227704, 'hidden_size': 5, 'dropout': 0.495815329661739, 'hidden_continuous_size': 5, 'attention_head_size': 4, 'learning_rate': 0.0013511936475381204}. Best is trial 8 with value: 107.9795150756836.
[I 2023-12-26 13:02:19,313] Trial 16 finished with value: 223.7509765625 and parameters: {'gradient_clip_val': 0.19715679173162076, 'hidden_size': 9, 'dropout': 0.3489081095654997, 'hidden_continuous_size': 6, 'attention_head_size': 1, 'learning_rate': 0.0005117995261198535}. Best is trial 8 with value: 107.9795150756836.
[I 2023-12-26 13:02:21,189] Trial 17 finished with value: 186.39088439941406 and parameters: {'gradient_clip_val': 0.1263112793530076, 'hidden_size': 7, 'dropout': 0.4342289434935199, 'hidden_continuous_size': 5, 'attention_head_size': 2, 'learning_rate': 0.0028793974354567216}. Best is trial 8 with value: 107.9795150756836.
[I 2023-12-26 13:02:23,166] Trial 18 finished with value: 162.0884246826172 and parameters: {'gradient_clip_val': 0.13352264992613866, 'hidden_size': 12, 'dropout': 0.22634160846512558, 'hidden_continuous_size': 6, 'attention_head_size': 3, 'learning_rate': 0.0009962142232734588}. Best is trial 8 with value: 107.9795150756836.
[I 2023-12-26 13:02:24,920] Trial 19 finished with value: 282.34912109375 and parameters: {'gradient_clip_val': 0.21619782840817356, 'hidden_size': 5, 'dropout': 0.1688789133498931, 'hidden_continuous_size': 5, 'attention_head_size': 4, 'learning_rate': 0.0018239096256860857}. Best is trial 8 with value: 107.9795150756836.
[I 2023-12-26 13:02:27,178] Trial 20 finished with value: 195.19960021972656 and parameters: {'gradient_clip_val': 0.14055651215086734, 'hidden_size': 26, 'dropout': 0.30401352815537597, 'hidden_continuous_size': 8, 'attention_head_size': 1, 'learning_rate': 0.0049587611842696645}. Best is trial 8 with value: 107.9795150756836.
[I 2023-12-26 13:02:29,776] Trial 21 finished with value: 156.75567626953125 and parameters: {'gradient_clip_val': 0.2161614277079386, 'hidden_size': 39, 'dropout': 0.23047404988768788, 'hidden_continuous_size': 8, 'attention_head_size': 3, 'learning_rate': 0.0029769378890265805}. Best is trial 8 with value: 107.9795150756836.
[I 2023-12-26 13:02:32,270] Trial 22 finished with value: 281.2048034667969 and parameters: {'gradient_clip_val': 0.1922698048563281, 'hidden_size': 29, 'dropout': 0.2577226619031922, 'hidden_continuous_size': 7, 'attention_head_size': 3, 'learning_rate': 0.0024238176346372885}. Best is trial 8 with value: 107.9795150756836.
[I 2023-12-26 13:02:34,277] Trial 23 finished with value: 167.48648071289062 and parameters: {'gradient_clip_val': 0.22128946229160698, 'hidden_size': 7, 'dropout': 0.202965503337866, 'hidden_continuous_size': 5, 'attention_head_size': 3, 'learning_rate': 0.0011236259034401218}. Best is trial 8 with value: 107.9795150756836.
[I 2023-12-26 13:02:36,349] Trial 24 finished with value: 219.11180114746094 and parameters: {'gradient_clip_val': 0.14943144492621147, 'hidden_size': 12, 'dropout': 0.2545731115647491, 'hidden_continuous_size': 7, 'attention_head_size': 2, 'learning_rate': 0.0016907524640599543}. Best is trial 8 with value: 107.9795150756836.
[I 2023-12-26 13:02:38,301] Trial 25 finished with value: 268.54046630859375 and parameters: {'gradient_clip_val': 0.18610694227388982, 'hidden_size': 6, 'dropout': 0.15550798210086472, 'hidden_continuous_size': 5, 'attention_head_size': 3, 'learning_rate': 0.003817796538360118}. Best is trial 8 with value: 107.9795150756836.
[I 2023-12-26 13:02:40,403] Trial 26 finished with value: 188.19371032714844 and parameters: {'gradient_clip_val': 0.11776020133493914, 'hidden_size': 10, 'dropout': 0.2855364029966536, 'hidden_continuous_size': 6, 'attention_head_size': 4, 'learning_rate': 0.006898259602744982}. Best is trial 8 with value: 107.9795150756836.
[I 2023-12-26 13:02:42,489] Trial 27 finished with value: 193.89195251464844 and parameters: {'gradient_clip_val': 0.15196751116658547, 'hidden_size': 6, 'dropout': 0.2370085706284138, 'hidden_continuous_size': 5, 'attention_head_size': 2, 'learning_rate': 0.00201981075617787}. Best is trial 8 with value: 107.9795150756836.
[I 2023-12-26 13:02:44,464] Trial 28 finished with value: 163.0959930419922 and parameters: {'gradient_clip_val': 0.22516458838523662, 'hidden_size': 9, 'dropout': 0.19779119056845693, 'hidden_continuous_size': 6, 'attention_head_size': 3, 'learning_rate': 0.0008139055933736177}. Best is trial 8 with value: 107.9795150756836.
[I 2023-12-26 13:02:53,702] Trial 29 finished with value: 206.4072265625 and parameters: {'gradient_clip_val': 0.1287387758617419, 'hidden_size': 147, 'dropout': 0.33146756032040525, 'hidden_continuous_size': 10, 'attention_head_size': 3, 'learning_rate': 0.000866902570259986}. Best is trial 8 with value: 107.9795150756836.
[I 2023-12-26 13:03:01,464] Trial 30 finished with value: 153.447998046875 and parameters: {'gradient_clip_val': 0.17345876087268244, 'hidden_size': 91, 'dropout': 0.3990185923059144, 'hidden_continuous_size': 8, 'attention_head_size': 3, 'learning_rate': 0.0011996329947088645}. Best is trial 8 with value: 107.9795150756836.
[I 2023-12-26 13:03:07,612] Trial 31 finished with value: 160.9750518798828 and parameters: {'gradient_clip_val': 0.17053171988229196, 'hidden_size': 98, 'dropout': 0.39704906120528327, 'hidden_continuous_size': 9, 'attention_head_size': 3, 'learning_rate': 0.0010623177391274816}. Best is trial 8 with value: 107.9795150756836.
[I 2023-12-26 13:03:14,786] Trial 32 finished with value: 177.1932373046875 and parameters: {'gradient_clip_val': 0.14513614961033677, 'hidden_size': 119, 'dropout': 0.3887103561131022, 'hidden_continuous_size': 33, 'attention_head_size': 3, 'learning_rate': 0.0013990589369694002}. Best is trial 8 with value: 107.9795150756836.
