[I 2023-12-26 12:05:30,956] Trial 8 finished with value: 505.132080078125 and parameters: {'gradient_clip_val': 0.879991628154838, 'hidden_size': 33, 'dropout': 0.233078883441323, 'hidden_continuous_size': 10, 'attention_head_size': 1, 'learning_rate': 0.0010205289216048067}. Best is trial 0 with value: 133.3192596435547.
[I 2023-12-26 12:05:33,140] Trial 9 finished with value: 336.0010986328125 and parameters: {'gradient_clip_val': 0.5178465551897485, 'hidden_size': 22, 'dropout': 0.2742896158193996, 'hidden_continuous_size': 10, 'attention_head_size': 1, 'learning_rate': 0.01526579598251405}. Best is trial 0 with value: 133.3192596435547.
[I 2023-12-26 12:05:35,107] Trial 10 finished with value: 353.1708679199219 and parameters: {'gradient_clip_val': 0.2617690805226258, 'hidden_size': 7, 'dropout': 0.11263665212315341, 'hidden_continuous_size': 5, 'attention_head_size': 2, 'learning_rate': 0.09586052163018441}. Best is trial 0 with value: 133.3192596435547.
[I 2023-12-26 12:05:37,095] Trial 11 finished with value: 411.8471984863281 and parameters: {'gradient_clip_val': 0.2852598940164168, 'hidden_size': 11, 'dropout': 0.10226417131471058, 'hidden_continuous_size': 6, 'attention_head_size': 1, 'learning_rate': 0.0050479752324413115}. Best is trial 0 with value: 133.3192596435547.
[I 2023-12-26 12:05:39,063] Trial 12 finished with value: 385.7454833984375 and parameters: {'gradient_clip_val': 0.10243706893503902, 'hidden_size': 5, 'dropout': 0.16292438451634533, 'hidden_continuous_size': 5, 'attention_head_size': 1, 'learning_rate': 0.01026733993079774}. Best is trial 0 with value: 133.3192596435547.
[I 2023-12-26 12:05:41,071] Trial 13 finished with value: 391.6553649902344 and parameters: {'gradient_clip_val': 0.19754335590001346, 'hidden_size': 12, 'dropout': 0.1720559511170831, 'hidden_continuous_size': 7, 'attention_head_size': 1, 'learning_rate': 0.003544729043744179}. Best is trial 0 with value: 133.3192596435547.
[I 2023-12-26 12:05:43,125] Trial 14 finished with value: 399.05078125 and parameters: {'gradient_clip_val': 0.37375280458325844, 'hidden_size': 13, 'dropout': 0.10632213273167943, 'hidden_continuous_size': 7, 'attention_head_size': 2, 'learning_rate': 0.0025915195980815197}. Best is trial 0 with value: 133.3192596435547.
[I 2023-12-26 12:05:46,290] Trial 15 finished with value: 439.7628479003906 and parameters: {'gradient_clip_val': 0.21630180627948492, 'hidden_size': 49, 'dropout': 0.15878924506430991, 'hidden_continuous_size': 25, 'attention_head_size': 1, 'learning_rate': 0.010340824197623203}. Best is trial 0 with value: 133.3192596435547.
[I 2023-12-26 12:05:48,294] Trial 16 finished with value: 271.1338806152344 and parameters: {'gradient_clip_val': 0.13648544803993548, 'hidden_size': 9, 'dropout': 0.14122439854924085, 'hidden_continuous_size': 6, 'attention_head_size': 4, 'learning_rate': 0.0064121521522659585}. Best is trial 0 with value: 133.3192596435547.
[I 2023-12-26 12:05:50,195] Trial 17 finished with value: 308.2248229980469 and parameters: {'gradient_clip_val': 0.3273670546758715, 'hidden_size': 8, 'dropout': 0.21251335690503784, 'hidden_continuous_size': 6, 'attention_head_size': 4, 'learning_rate': 0.006272596246591487}. Best is trial 0 with value: 133.3192596435547.
[I 2023-12-26 12:05:51,983] Trial 18 finished with value: 396.6568908691406 and parameters: {'gradient_clip_val': 0.14788549693606914, 'hidden_size': 5, 'dropout': 0.2019658458181346, 'hidden_continuous_size': 5, 'attention_head_size': 4, 'learning_rate': 0.020442722350041378}. Best is trial 0 with value: 133.3192596435547.
[I 2023-12-26 12:05:54,344] Trial 19 finished with value: 438.1322326660156 and parameters: {'gradient_clip_val': 0.2382186869840452, 'hidden_size': 14, 'dropout': 0.14513907733122144, 'hidden_continuous_size': 6, 'attention_head_size': 3, 'learning_rate': 0.049945891798814146}. Best is trial 0 with value: 133.3192596435547.
[I 2023-12-26 12:05:56,866] Trial 20 finished with value: 668.569580078125 and parameters: {'gradient_clip_val': 0.3240976400558958, 'hidden_size': 9, 'dropout': 0.2505487880785182, 'hidden_continuous_size': 6, 'attention_head_size': 4, 'learning_rate': 0.010203386090970018}. Best is trial 0 with value: 133.3192596435547.
[I 2023-12-26 12:05:59,239] Trial 21 finished with value: 303.0027160644531 and parameters: {'gradient_clip_val': 0.3304960410723796, 'hidden_size': 8, 'dropout': 0.20376111270054936, 'hidden_continuous_size': 6, 'attention_head_size': 4, 'learning_rate': 0.006963585023461479}. Best is trial 0 with value: 133.3192596435547.
[I 2023-12-26 12:06:01,686] Trial 22 finished with value: 397.8641357421875 and parameters: {'gradient_clip_val': 0.2814757364993474, 'hidden_size': 8, 'dropout': 0.19666711600300602, 'hidden_continuous_size': 6, 'attention_head_size': 4, 'learning_rate': 0.007324745106516472}. Best is trial 0 with value: 133.3192596435547.
[I 2023-12-26 12:06:04,313] Trial 23 finished with value: 575.0497436523438 and parameters: {'gradient_clip_val': 0.3955463402329482, 'hidden_size': 15, 'dropout': 0.1512281808436728, 'hidden_continuous_size': 7, 'attention_head_size': 3, 'learning_rate': 0.016962523179102483}. Best is trial 0 with value: 133.3192596435547.
[I 2023-12-26 12:06:07,224] Trial 24 finished with value: 247.84954833984375 and parameters: {'gradient_clip_val': 0.19045678772983946, 'hidden_size': 10, 'dropout': 0.19813283243511368, 'hidden_continuous_size': 6, 'attention_head_size': 4, 'learning_rate': 0.007702071737181392}. Best is trial 0 with value: 133.3192596435547.
[I 2023-12-26 12:06:09,716] Trial 25 finished with value: 335.33673095703125 and parameters: {'gradient_clip_val': 0.13832816982485818, 'hidden_size': 10, 'dropout': 0.13673368637321093, 'hidden_continuous_size': 6, 'attention_head_size': 4, 'learning_rate': 0.002471700316825649}. Best is trial 0 with value: 133.3192596435547.
[I 2023-12-26 12:06:12,249] Trial 26 finished with value: 389.6622009277344 and parameters: {'gradient_clip_val': 0.1863882345268344, 'hidden_size': 16, 'dropout': 0.18277433657389422, 'hidden_continuous_size': 8, 'attention_head_size': 3, 'learning_rate': 0.0438557325290321}. Best is trial 0 with value: 133.3192596435547.
[I 2023-12-26 12:06:14,618] Trial 27 finished with value: 405.64990234375 and parameters: {'gradient_clip_val': 0.22894058538701095, 'hidden_size': 6, 'dropout': 0.1407082305695875, 'hidden_continuous_size': 5, 'attention_head_size': 2, 'learning_rate': 0.0221651790685956}. Best is trial 0 with value: 133.3192596435547.
[I 2023-12-26 12:06:17,216] Trial 28 finished with value: 387.44384765625 and parameters: {'gradient_clip_val': 0.16826051754818985, 'hidden_size': 11, 'dropout': 0.13183822471247475, 'hidden_continuous_size': 7, 'attention_head_size': 4, 'learning_rate': 0.015476957624656751}. Best is trial 0 with value: 133.3192596435547.
[I 2023-12-26 12:06:19,503] Trial 29 finished with value: 451.4712829589844 and parameters: {'gradient_clip_val': 0.12824335739407935, 'hidden_size': 6, 'dropout': 0.16924089436522996, 'hidden_continuous_size': 5, 'attention_head_size': 4, 'learning_rate': 0.004770655262466474}. Best is trial 0 with value: 133.3192596435547.
[I 2023-12-26 12:06:22,006] Trial 30 finished with value: 278.02886962890625 and parameters: {'gradient_clip_val': 0.19941840487478105, 'hidden_size': 10, 'dropout': 0.1801462577714447, 'hidden_continuous_size': 6, 'attention_head_size': 3, 'learning_rate': 0.06260909705664154}. Best is trial 0 with value: 133.3192596435547.
[I 2023-12-26 12:06:24,524] Trial 31 finished with value: 408.552734375 and parameters: {'gradient_clip_val': 0.1977403823680719, 'hidden_size': 10, 'dropout': 0.17853636285395524, 'hidden_continuous_size': 6, 'attention_head_size': 3, 'learning_rate': 0.0580139125929951}. Best is trial 0 with value: 133.3192596435547.
[I 2023-12-26 12:06:27,082] Trial 32 finished with value: 404.0736389160156 and parameters: {'gradient_clip_val': 0.12562180209098162, 'hidden_size': 13, 'dropout': 0.18779606561476228, 'hidden_continuous_size': 7, 'attention_head_size': 3, 'learning_rate': 0.031710954214746484}. Best is trial 0 with value: 133.3192596435547.
[I 2023-12-26 12:06:29,839] Trial 33 finished with value: 362.6612854003906 and parameters: {'gradient_clip_val': 0.1616059875231411, 'hidden_size': 15, 'dropout': 0.13654674177066017, 'hidden_continuous_size': 8, 'attention_head_size': 4, 'learning_rate': 0.060869722460142994}. Best is trial 0 with value: 133.3192596435547.
[I 2023-12-26 12:06:32,354] Trial 34 finished with value: 304.9211120605469 and parameters: {'gradient_clip_val': 0.124663955720859, 'hidden_size': 10, 'dropout': 0.22074898187972844, 'hidden_continuous_size': 6, 'attention_head_size': 3, 'learning_rate': 0.02704851819328608}. Best is trial 0 with value: 133.3192596435547.
[I 2023-12-26 12:06:35,103] Trial 35 finished with value: 423.9621887207031 and parameters: {'gradient_clip_val': 0.1825772164871037, 'hidden_size': 18, 'dropout': 0.24710057454570297, 'hidden_continuous_size': 8, 'attention_head_size': 4, 'learning_rate': 0.04173849960793807}. Best is trial 0 with value: 133.3192596435547.
[I 2023-12-26 12:06:37,512] Trial 36 finished with value: 487.8103942871094 and parameters: {'gradient_clip_val': 0.21835794062395109, 'hidden_size': 7, 'dropout': 0.18891302314893318, 'hidden_continuous_size': 6, 'attention_head_size': 2, 'learning_rate': 0.035538124392829}. Best is trial 0 with value: 133.3192596435547.
[I 2023-12-26 12:06:39,929] Trial 37 finished with value: 383.7289123535156 and parameters: {'gradient_clip_val': 0.14808205681050918, 'hidden_size': 12, 'dropout': 0.21472023760491435, 'hidden_continuous_size': 7, 'attention_head_size': 3, 'learning_rate': 0.07119623324786958}. Best is trial 0 with value: 133.3192596435547.
[I 2023-12-26 12:06:42,480] Trial 38 finished with value: 389.5286865234375 and parameters: {'gradient_clip_val': 0.12045913550929166, 'hidden_size': 26, 'dropout': 0.12805036025703914, 'hidden_continuous_size': 9, 'attention_head_size': 2, 'learning_rate': 0.07128909365767605}. Best is trial 0 with value: 133.3192596435547.
[I 2023-12-26 12:06:44,889] Trial 39 finished with value: 359.047607421875 and parameters: {'gradient_clip_val': 0.4534717358387734, 'hidden_size': 18, 'dropout': 0.15568726785919224, 'hidden_continuous_size': 5, 'attention_head_size': 4, 'learning_rate': 0.02711225047175248}. Best is trial 0 with value: 133.3192596435547.
[I 2023-12-26 12:06:47,540] Trial 40 finished with value: 325.087890625 and parameters: {'gradient_clip_val': 0.26108829728848487, 'hidden_size': 17, 'dropout': 0.2806022027761282, 'hidden_continuous_size': 8, 'attention_head_size': 3, 'learning_rate': 0.08105707935400194}. Best is trial 0 with value: 133.3192596435547.
[I 2023-12-26 12:06:50,059] Trial 41 finished with value: 267.4006042480469 and parameters: {'gradient_clip_val': 0.5439560650225634, 'hidden_size': 9, 'dropout': 0.19408731786316857, 'hidden_continuous_size': 6, 'attention_head_size': 4, 'learning_rate': 0.006661917211866246}. Best is trial 0 with value: 133.3192596435547.
[I 2023-12-26 12:06:52,412] Trial 42 finished with value: 550.479736328125 and parameters: {'gradient_clip_val': 0.6083017006006881, 'hidden_size': 9, 'dropout': 0.23011172574017003, 'hidden_continuous_size': 6, 'attention_head_size': 4, 'learning_rate': 0.012355707463236072}. Best is trial 0 with value: 133.3192596435547.
[I 2023-12-26 12:06:55,180] Trial 43 finished with value: 561.9503784179688 and parameters: {'gradient_clip_val': 0.5599685772743277, 'hidden_size': 14, 'dropout': 0.17169378104309913, 'hidden_continuous_size': 7, 'attention_head_size': 4, 'learning_rate': 0.09566089318527178}. Best is trial 0 with value: 133.3192596435547.
[I 2023-12-26 12:06:57,704] Trial 44 finished with value: 242.20294189453125 and parameters: {'gradient_clip_val': 0.7148002760499363, 'hidden_size': 11, 'dropout': 0.19499667155894462, 'hidden_continuous_size': 6, 'attention_head_size': 4, 'learning_rate': 0.007458717155108779}. Best is trial 0 with value: 133.3192596435547.
[I 2023-12-26 12:07:00,327] Trial 45 finished with value: 428.7828369140625 and parameters: {'gradient_clip_val': 0.7644791613605779, 'hidden_size': 12, 'dropout': 0.11784591219061812, 'hidden_continuous_size': 7, 'attention_head_size': 4, 'learning_rate': 0.008003945604898975}. Best is trial 0 with value: 133.3192596435547.
[I 2023-12-26 12:07:03,076] Trial 46 finished with value: 351.9032287597656 and parameters: {'gradient_clip_val': 0.6683572767564887, 'hidden_size': 20, 'dropout': 0.19990763692523336, 'hidden_continuous_size': 11, 'attention_head_size': 4, 'learning_rate': 0.0053401578519496045}. Best is trial 0 with value: 133.3192596435547.
[I 2023-12-26 12:07:05,452] Trial 47 finished with value: 408.1910400390625 and parameters: {'gradient_clip_val': 0.9885419272222269, 'hidden_size': 7, 'dropout': 0.15791424942179472, 'hidden_continuous_size': 6, 'attention_head_size': 4, 'learning_rate': 0.0035347123183555864}. Best is trial 0 with value: 133.3192596435547.
[I 2023-12-26 12:07:07,891] Trial 48 finished with value: 303.4190979003906 and parameters: {'gradient_clip_val': 0.4628683362071117, 'hidden_size': 12, 'dropout': 0.24180617115235248, 'hidden_continuous_size': 5, 'attention_head_size': 4, 'learning_rate': 0.012076596593285683}. Best is trial 0 with value: 133.3192596435547.
[I 2023-12-26 12:07:10,179] Trial 49 finished with value: 433.4277648925781 and parameters: {'gradient_clip_val': 0.5118648821553775, 'hidden_size': 6, 'dropout': 0.10381707403986992, 'hidden_continuous_size': 5, 'attention_head_size': 4, 'learning_rate': 0.008024931907249564}. Best is trial 0 with value: 133.3192596435547.
[I 2023-12-26 12:07:10,367] A new study created in memory with name: no-name-b7d6a3a7-ccd4-40aa-a285-4f06058a2673
/home/le004/conda/anaconda3/envs/tsff_env/lib/python3.9/site-packages/lightning/fabric/plugins/environments/slurm.py:191: The `srun` command is available on your system but is not used. HINT: If your intention is to run Lightning on SLURM, prepend your python command with `srun` like so: srun python /home/le004/master_thesis/git/TSFusionForecast/code/ ...
[I 2023-12-26 12:11:05,643] Trial 0 finished with value: 114.67471313476562 and parameters: {'gradient_clip_val': 0.70182296172916, 'hidden_size': 40, 'dropout': 0.40448097111293146, 'hidden_continuous_size': 30, 'attention_head_size': 2, 'learning_rate': 0.0009439970457117735}. Best is trial 0 with value: 114.67471313476562.
[I 2023-12-26 12:11:11,826] Trial 1 finished with value: 505.1728515625 and parameters: {'gradient_clip_val': 0.8428426028017761, 'hidden_size': 107, 'dropout': 0.4594734793161094, 'hidden_continuous_size': 8, 'attention_head_size': 4, 'learning_rate': 0.008099408505247041}. Best is trial 0 with value: 114.67471313476562.
[I 2023-12-26 12:11:14,124] Trial 2 finished with value: 480.678466796875 and parameters: {'gradient_clip_val': 0.18899316667130453, 'hidden_size': 26, 'dropout': 0.18495626158191075, 'hidden_continuous_size': 16, 'attention_head_size': 3, 'learning_rate': 0.0016011710604052687}. Best is trial 0 with value: 114.67471313476562.
[I 2023-12-26 12:11:17,119] Trial 3 finished with value: 535.994384765625 and parameters: {'gradient_clip_val': 0.42840718882350265, 'hidden_size': 43, 'dropout': 0.44958101193067923, 'hidden_continuous_size': 15, 'attention_head_size': 4, 'learning_rate': 0.02471535817009282}. Best is trial 0 with value: 114.67471313476562.
[I 2023-12-26 12:11:21,524] Trial 4 finished with value: 463.9225158691406 and parameters: {'gradient_clip_val': 0.38962503907353035, 'hidden_size': 81, 'dropout': 0.18927236899821653, 'hidden_continuous_size': 7, 'attention_head_size': 1, 'learning_rate': 0.06236882651317283}. Best is trial 0 with value: 114.67471313476562.
[I 2023-12-26 12:11:30,240] Trial 5 finished with value: 472.839111328125 and parameters: {'gradient_clip_val': 0.46562157820047134, 'hidden_size': 150, 'dropout': 0.10502877395332821, 'hidden_continuous_size': 32, 'attention_head_size': 2, 'learning_rate': 0.00914350766103357}. Best is trial 0 with value: 114.67471313476562.
[I 2023-12-26 12:11:32,130] Trial 6 finished with value: 657.1554565429688 and parameters: {'gradient_clip_val': 0.5133794176328783, 'hidden_size': 16, 'dropout': 0.28560451111363816, 'hidden_continuous_size': 12, 'attention_head_size': 2, 'learning_rate': 0.04657589115939504}. Best is trial 0 with value: 114.67471313476562.
[I 2023-12-26 12:11:34,376] Trial 7 finished with value: 381.3567810058594 and parameters: {'gradient_clip_val': 0.4631920985355726, 'hidden_size': 23, 'dropout': 0.14480468503172275, 'hidden_continuous_size': 7, 'attention_head_size': 4, 'learning_rate': 0.0007021508451721572}. Best is trial 0 with value: 114.67471313476562.
[I 2023-12-26 12:11:36,396] Trial 8 finished with value: 532.3944702148438 and parameters: {'gradient_clip_val': 0.22374229245578292, 'hidden_size': 14, 'dropout': 0.34241078429367033, 'hidden_continuous_size': 7, 'attention_head_size': 2, 'learning_rate': 0.022215987861981736}. Best is trial 0 with value: 114.67471313476562.
[I 2023-12-26 12:11:38,332] Trial 9 finished with value: 570.7801513671875 and parameters: {'gradient_clip_val': 0.4972491660123339, 'hidden_size': 9, 'dropout': 0.4047299159054485, 'hidden_continuous_size': 6, 'attention_head_size': 3, 'learning_rate': 0.001101235958951215}. Best is trial 0 with value: 114.67471313476562.
[I 2023-12-26 12:11:40,056] Trial 10 finished with value: 461.4359130859375 and parameters: {'gradient_clip_val': 0.8607617395490467, 'hidden_size': 5, 'dropout': 0.36125874203570074, 'hidden_continuous_size': 5, 'attention_head_size': 1, 'learning_rate': 0.002370898570522661}. Best is trial 0 with value: 114.67471313476562.
[I 2023-12-26 12:11:42,916] Trial 11 finished with value: 589.53857421875 and parameters: {'gradient_clip_val': 0.11750372878235645, 'hidden_size': 41, 'dropout': 0.49723452053610373, 'hidden_continuous_size': 40, 'attention_head_size': 3, 'learning_rate': 0.0005574041339554499}. Best is trial 0 with value: 114.67471313476562.
[I 2023-12-26 12:11:45,577] Trial 12 finished with value: 576.570068359375 and parameters: {'gradient_clip_val': 0.7184856498543962, 'hidden_size': 36, 'dropout': 0.27789608117494735, 'hidden_continuous_size': 22, 'attention_head_size': 4, 'learning_rate': 0.0005731098178332853}. Best is trial 0 with value: 114.67471313476562.
[I 2023-12-26 12:11:49,526] Trial 13 finished with value: 381.5471496582031 and parameters: {'gradient_clip_val': 0.6190076862015292, 'hidden_size': 63, 'dropout': 0.38397613935571867, 'hidden_continuous_size': 54, 'attention_head_size': 2, 'learning_rate': 0.0031578200975332866}. Best is trial 0 with value: 114.67471313476562.
[I 2023-12-26 12:11:52,024] Trial 14 finished with value: 523.4009399414062 and parameters: {'gradient_clip_val': 0.9944203740712569, 'hidden_size': 23, 'dropout': 0.3186895196814317, 'hidden_continuous_size': 9, 'attention_head_size': 3, 'learning_rate': 0.0010691059099740086}. Best is trial 0 with value: 114.67471313476562.
[I 2023-12-26 12:11:54,952] Trial 15 finished with value: 511.4305114746094 and parameters: {'gradient_clip_val': 0.6473370055419867, 'hidden_size': 49, 'dropout': 0.25190801836717797, 'hidden_continuous_size': 22, 'attention_head_size': 1, 'learning_rate': 0.0036621487807582615}. Best is trial 0 with value: 114.67471313476562.
[I 2023-12-26 12:11:57,249] Trial 16 finished with value: 478.2288818359375 and parameters: {'gradient_clip_val': 0.29946749451070476, 'hidden_size': 23, 'dropout': 0.41176091423543143, 'hidden_continuous_size': 10, 'attention_head_size': 4, 'learning_rate': 0.0005690518499687445}. Best is trial 0 with value: 114.67471313476562.
[I 2023-12-26 12:12:00,532] Trial 17 finished with value: 417.569580078125 and parameters: {'gradient_clip_val': 0.6120195412323945, 'hidden_size': 64, 'dropout': 0.33289431572937367, 'hidden_continuous_size': 5, 'attention_head_size': 3, 'learning_rate': 0.0012565928731121455}. Best is trial 0 with value: 114.67471313476562.
[I 2023-12-26 12:12:02,825] Trial 18 finished with value: 454.7928466796875 and parameters: {'gradient_clip_val': 0.35578535112216575, 'hidden_size': 32, 'dropout': 0.20485057486034122, 'hidden_continuous_size': 11, 'attention_head_size': 2, 'learning_rate': 0.004346780418469039}. Best is trial 0 with value: 114.67471313476562.
[I 2023-12-26 12:12:04,835] Trial 19 finished with value: 603.8346557617188 and parameters: {'gradient_clip_val': 0.28555530294995674, 'hidden_size': 17, 'dropout': 0.11471835371709613, 'hidden_continuous_size': 6, 'attention_head_size': 1, 'learning_rate': 0.002044421769547341}. Best is trial 0 with value: 114.67471313476562.
[I 2023-12-26 12:12:07,341] Trial 20 finished with value: 447.1098327636719 and parameters: {'gradient_clip_val': 0.5075725708282293, 'hidden_size': 34, 'dropout': 0.24214394659592442, 'hidden_continuous_size': 9, 'attention_head_size': 4, 'learning_rate': 0.0009062726085689783}. Best is trial 0 with value: 114.67471313476562.
[I 2023-12-26 12:12:11,234] Trial 21 finished with value: 497.3321228027344 and parameters: {'gradient_clip_val': 0.6438294666398785, 'hidden_size': 61, 'dropout': 0.37535481018584294, 'hidden_continuous_size': 53, 'attention_head_size': 2, 'learning_rate': 0.0026144397363203607}. Best is trial 0 with value: 114.67471313476562.
[I 2023-12-26 12:12:15,805] Trial 22 finished with value: 407.6927185058594 and parameters: {'gradient_clip_val': 0.5601563243128932, 'hidden_size': 53, 'dropout': 0.3839068671930561, 'hidden_continuous_size': 51, 'attention_head_size': 2, 'learning_rate': 0.0007467851416211539}. Best is trial 0 with value: 114.67471313476562.
