[I 2023-12-27 11:13:21,820] Trial 46 finished with value: 55.2575798034668 and parameters: {'gradient_clip_val': 0.25040168426635756, 'hidden_size': 54, 'dropout': 0.3313242095439167, 'hidden_continuous_size': 45, 'attention_head_size': 2, 'learning_rate': 0.00301823022313726}. Best is trial 1 with value: 8.008526802062988.
LOCAL_RANK: 0 - CUDA_VISIBLE_DEVICES: [0]
[I 2023-12-27 11:13:22,336] Trial 47 finished with value: 75.20341491699219 and parameters: {'gradient_clip_val': 0.24684145742479466, 'hidden_size': 59, 'dropout': 0.3408075881992182, 'hidden_continuous_size': 50, 'attention_head_size': 3, 'learning_rate': 0.003153402797667347}. Best is trial 1 with value: 8.008526802062988.
LOCAL_RANK: 0 - CUDA_VISIBLE_DEVICES: [0]
[I 2023-12-27 11:13:22,824] Trial 48 finished with value: 63.24847412109375 and parameters: {'gradient_clip_val': 0.20624583554412304, 'hidden_size': 45, 'dropout': 0.3203551066133688, 'hidden_continuous_size': 39, 'attention_head_size': 1, 'learning_rate': 0.004917185955765856}. Best is trial 1 with value: 8.008526802062988.
LOCAL_RANK: 0 - CUDA_VISIBLE_DEVICES: [0]
[I 2023-12-27 11:13:23,603] Trial 49 finished with value: 64.9397964477539 and parameters: {'gradient_clip_val': 0.14567277841402587, 'hidden_size': 38, 'dropout': 0.37735010365783206, 'hidden_continuous_size': 30, 'attention_head_size': 2, 'learning_rate': 0.008119297060372318}. Best is trial 1 with value: 8.008526802062988.
[I 2023-12-27 11:13:23,731] A new study created in memory with name: no-name-26c9c71f-9314-48a3-9b2d-4bd877a8be33
/home/le004/conda/anaconda3/envs/tsff_env/lib/python3.9/site-packages/lightning/fabric/plugins/environments/slurm.py:191: The `srun` command is available on your system but is not used. HINT: If your intention is to run Lightning on SLURM, prepend your python command with `srun` like so: srun python /home/le004/master_thesis/git/TSFusionForecast/code/ ...
LOCAL_RANK: 0 - CUDA_VISIBLE_DEVICES: [0]
[I 2023-12-27 11:13:37,600] Trial 0 finished with value: 8.001293182373047 and parameters: {'gradient_clip_val': 0.9567252291751939, 'hidden_size': 70, 'dropout': 0.40352888985859825, 'hidden_continuous_size': 27, 'attention_head_size': 2, 'learning_rate': 0.04049972941297494}. Best is trial 0 with value: 8.001293182373047.
LOCAL_RANK: 0 - CUDA_VISIBLE_DEVICES: [0]
[I 2023-12-27 11:13:38,065] Trial 1 finished with value: 29.22983741760254 and parameters: {'gradient_clip_val': 0.17506285402184396, 'hidden_size': 7, 'dropout': 0.13208603638671407, 'hidden_continuous_size': 5, 'attention_head_size': 3, 'learning_rate': 0.09050950381513011}. Best is trial 0 with value: 8.001293182373047.
LOCAL_RANK: 0 - CUDA_VISIBLE_DEVICES: [0]
[I 2023-12-27 11:13:38,535] Trial 2 finished with value: 24.518417358398438 and parameters: {'gradient_clip_val': 0.17811659650859912, 'hidden_size': 53, 'dropout': 0.3461828581252811, 'hidden_continuous_size': 10, 'attention_head_size': 1, 'learning_rate': 0.0006316269295865136}. Best is trial 0 with value: 8.001293182373047.
LOCAL_RANK: 0 - CUDA_VISIBLE_DEVICES: [0]
[I 2023-12-27 11:13:39,017] Trial 3 finished with value: 35.98025894165039 and parameters: {'gradient_clip_val': 0.9052806616740279, 'hidden_size': 23, 'dropout': 0.1769440690369781, 'hidden_continuous_size': 9, 'attention_head_size': 3, 'learning_rate': 0.05296582182310344}. Best is trial 0 with value: 8.001293182373047.
LOCAL_RANK: 0 - CUDA_VISIBLE_DEVICES: [0]
[I 2023-12-27 11:13:39,479] Trial 4 finished with value: 22.95079231262207 and parameters: {'gradient_clip_val': 0.17138588748829203, 'hidden_size': 59, 'dropout': 0.44043034472516096, 'hidden_continuous_size': 47, 'attention_head_size': 2, 'learning_rate': 0.009009844414809093}. Best is trial 0 with value: 8.001293182373047.
LOCAL_RANK: 0 - CUDA_VISIBLE_DEVICES: [0]
[I 2023-12-27 11:13:39,909] Trial 5 finished with value: 26.911890029907227 and parameters: {'gradient_clip_val': 0.2380029363904326, 'hidden_size': 5, 'dropout': 0.28846377886212077, 'hidden_continuous_size': 5, 'attention_head_size': 4, 'learning_rate': 0.0015864695150707695}. Best is trial 0 with value: 8.001293182373047.
LOCAL_RANK: 0 - CUDA_VISIBLE_DEVICES: [0]
[I 2023-12-27 11:13:40,397] Trial 6 finished with value: 29.33240509033203 and parameters: {'gradient_clip_val': 0.32833250370145994, 'hidden_size': 52, 'dropout': 0.3553293489802578, 'hidden_continuous_size': 9, 'attention_head_size': 3, 'learning_rate': 0.07803874241425003}. Best is trial 0 with value: 8.001293182373047.
LOCAL_RANK: 0 - CUDA_VISIBLE_DEVICES: [0]
[I 2023-12-27 11:13:40,845] Trial 7 finished with value: 27.410680770874023 and parameters: {'gradient_clip_val': 0.708352440303646, 'hidden_size': 16, 'dropout': 0.4507266422637116, 'hidden_continuous_size': 8, 'attention_head_size': 1, 'learning_rate': 0.0672211653445154}. Best is trial 0 with value: 8.001293182373047.
LOCAL_RANK: 0 - CUDA_VISIBLE_DEVICES: [0]
[I 2023-12-27 11:13:41,301] Trial 8 finished with value: 28.94746208190918 and parameters: {'gradient_clip_val': 0.8666223713141608, 'hidden_size': 8, 'dropout': 0.3439586823108318, 'hidden_continuous_size': 5, 'attention_head_size': 2, 'learning_rate': 0.015579511389183943}. Best is trial 0 with value: 8.001293182373047.
LOCAL_RANK: 0 - CUDA_VISIBLE_DEVICES: [0]
[I 2023-12-27 11:13:41,767] Trial 9 finished with value: 27.700891494750977 and parameters: {'gradient_clip_val': 0.46907829639570386, 'hidden_size': 98, 'dropout': 0.48936272809319314, 'hidden_continuous_size': 57, 'attention_head_size': 4, 'learning_rate': 0.014071740386261517}. Best is trial 0 with value: 8.001293182373047.
LOCAL_RANK: 0 - CUDA_VISIBLE_DEVICES: [0]
[I 2023-12-27 11:13:42,564] Trial 10 finished with value: 22.027015686035156 and parameters: {'gradient_clip_val': 0.10839248454481973, 'hidden_size': 119, 'dropout': 0.25170896473654547, 'hidden_continuous_size': 116, 'attention_head_size': 2, 'learning_rate': 0.022526082058385077}. Best is trial 0 with value: 8.001293182373047.
LOCAL_RANK: 0 - CUDA_VISIBLE_DEVICES: [0]
[I 2023-12-27 11:13:43,096] Trial 11 finished with value: 31.118446350097656 and parameters: {'gradient_clip_val': 0.10626205487478203, 'hidden_size': 150, 'dropout': 0.23587705760069233, 'hidden_continuous_size': 122, 'attention_head_size': 2, 'learning_rate': 0.026744610978192803}. Best is trial 0 with value: 8.001293182373047.
LOCAL_RANK: 0 - CUDA_VISIBLE_DEVICES: [0]
[I 2023-12-27 11:13:43,608] Trial 12 finished with value: 26.213804244995117 and parameters: {'gradient_clip_val': 0.5563067649681542, 'hidden_size': 147, 'dropout': 0.2625565008660495, 'hidden_continuous_size': 22, 'attention_head_size': 2, 'learning_rate': 0.02724462090290569}. Best is trial 0 with value: 8.001293182373047.
LOCAL_RANK: 0 - CUDA_VISIBLE_DEVICES: [0]
[I 2023-12-27 11:13:44,110] Trial 13 finished with value: 29.962392807006836 and parameters: {'gradient_clip_val': 0.37965578677233486, 'hidden_size': 89, 'dropout': 0.21721267546105733, 'hidden_continuous_size': 17, 'attention_head_size': 1, 'learning_rate': 0.00420167904009719}. Best is trial 0 with value: 8.001293182373047.
LOCAL_RANK: 0 - CUDA_VISIBLE_DEVICES: [0]
[I 2023-12-27 11:13:44,604] Trial 14 finished with value: 33.906944274902344 and parameters: {'gradient_clip_val': 0.5929656356699661, 'hidden_size': 44, 'dropout': 0.38753951084051813, 'hidden_continuous_size': 19, 'attention_head_size': 2, 'learning_rate': 0.03378636089666824}. Best is trial 0 with value: 8.001293182373047.
LOCAL_RANK: 0 - CUDA_VISIBLE_DEVICES: [0]
[I 2023-12-27 11:13:45,109] Trial 15 finished with value: 30.941850662231445 and parameters: {'gradient_clip_val': 0.4135320647266725, 'hidden_size': 88, 'dropout': 0.30297041965873167, 'hidden_continuous_size': 35, 'attention_head_size': 3, 'learning_rate': 0.005398415233272386}. Best is trial 0 with value: 8.001293182373047.
LOCAL_RANK: 0 - CUDA_VISIBLE_DEVICES: [0]
[I 2023-12-27 11:13:45,591] Trial 16 finished with value: 25.72831916809082 and parameters: {'gradient_clip_val': 0.9897594357583539, 'hidden_size': 29, 'dropout': 0.10565443806311323, 'hidden_continuous_size': 14, 'attention_head_size': 1, 'learning_rate': 0.029229123043120368}. Best is trial 0 with value: 8.001293182373047.
LOCAL_RANK: 0 - CUDA_VISIBLE_DEVICES: [0]
[I 2023-12-27 11:13:46,098] Trial 17 finished with value: 22.35548973083496 and parameters: {'gradient_clip_val': 0.2769041659705317, 'hidden_size': 74, 'dropout': 0.4023189928180007, 'hidden_continuous_size': 29, 'attention_head_size': 2, 'learning_rate': 0.012695583892437726}. Best is trial 0 with value: 8.001293182373047.
LOCAL_RANK: 0 - CUDA_VISIBLE_DEVICES: [0]
[I 2023-12-27 11:13:46,614] Trial 18 finished with value: 26.513093948364258 and parameters: {'gradient_clip_val': 0.10772313116112295, 'hidden_size': 119, 'dropout': 0.30964269523148397, 'hidden_continuous_size': 112, 'attention_head_size': 3, 'learning_rate': 0.046857819489138024}. Best is trial 0 with value: 8.001293182373047.
LOCAL_RANK: 0 - CUDA_VISIBLE_DEVICES: [0]
[I 2023-12-27 11:13:47,106] Trial 19 finished with value: 35.51443099975586 and parameters: {'gradient_clip_val': 0.7401115402725731, 'hidden_size': 73, 'dropout': 0.2306688212700954, 'hidden_continuous_size': 28, 'attention_head_size': 1, 'learning_rate': 0.01930821191725182}. Best is trial 0 with value: 8.001293182373047.
LOCAL_RANK: 0 - CUDA_VISIBLE_DEVICES: [0]
[I 2023-12-27 11:13:47,624] Trial 20 finished with value: 27.315553665161133 and parameters: {'gradient_clip_val': 0.5076549179448093, 'hidden_size': 114, 'dropout': 0.1832289812343177, 'hidden_continuous_size': 75, 'attention_head_size': 2, 'learning_rate': 0.038861226610703646}. Best is trial 0 with value: 8.001293182373047.
LOCAL_RANK: 0 - CUDA_VISIBLE_DEVICES: [0]
[I 2023-12-27 11:13:48,128] Trial 21 finished with value: 27.220041275024414 and parameters: {'gradient_clip_val': 0.28662951842945567, 'hidden_size': 71, 'dropout': 0.4015573690835314, 'hidden_continuous_size': 29, 'attention_head_size': 2, 'learning_rate': 0.012461059425568815}. Best is trial 0 with value: 8.001293182373047.
LOCAL_RANK: 0 - CUDA_VISIBLE_DEVICES: [0]
[I 2023-12-27 11:13:48,628] Trial 22 finished with value: 23.333311080932617 and parameters: {'gradient_clip_val': 0.2510421668646522, 'hidden_size': 39, 'dropout': 0.41402222936348937, 'hidden_continuous_size': 23, 'attention_head_size': 2, 'learning_rate': 0.0076108077759141305}. Best is trial 0 with value: 8.001293182373047.
LOCAL_RANK: 0 - CUDA_VISIBLE_DEVICES: [0]
[I 2023-12-27 11:13:49,104] Trial 23 finished with value: 29.56376838684082 and parameters: {'gradient_clip_val': 0.3729816380644061, 'hidden_size': 70, 'dropout': 0.49424126947309666, 'hidden_continuous_size': 36, 'attention_head_size': 2, 'learning_rate': 0.020604544605044357}. Best is trial 0 with value: 8.001293182373047.
LOCAL_RANK: 0 - CUDA_VISIBLE_DEVICES: [0]
[I 2023-12-27 11:13:49,892] Trial 24 finished with value: 31.9954891204834 and parameters: {'gradient_clip_val': 0.6558981649957533, 'hidden_size': 112, 'dropout': 0.3630991893358227, 'hidden_continuous_size': 49, 'attention_head_size': 3, 'learning_rate': 0.050067696465954874}. Best is trial 0 with value: 8.001293182373047.
LOCAL_RANK: 0 - CUDA_VISIBLE_DEVICES: [0]
[I 2023-12-27 11:13:50,405] Trial 25 finished with value: 30.982437133789062 and parameters: {'gradient_clip_val': 0.4879380340479155, 'hidden_size': 78, 'dropout': 0.31911890957618266, 'hidden_continuous_size': 37, 'attention_head_size': 2, 'learning_rate': 0.009915053518183444}. Best is trial 0 with value: 8.001293182373047.
LOCAL_RANK: 0 - CUDA_VISIBLE_DEVICES: [0]
[I 2023-12-27 11:13:50,922] Trial 26 finished with value: 30.09523582458496 and parameters: {'gradient_clip_val': 0.1340702580453084, 'hidden_size': 100, 'dropout': 0.38145965130744497, 'hidden_continuous_size': 72, 'attention_head_size': 1, 'learning_rate': 0.02139642996353923}. Best is trial 0 with value: 8.001293182373047.
LOCAL_RANK: 0 - CUDA_VISIBLE_DEVICES: [0]
[I 2023-12-27 11:13:51,386] Trial 27 finished with value: 34.7299919128418 and parameters: {'gradient_clip_val': 0.3104957350580655, 'hidden_size': 59, 'dropout': 0.4254784078795866, 'hidden_continuous_size': 27, 'attention_head_size': 2, 'learning_rate': 0.03510874398365926}. Best is trial 0 with value: 8.001293182373047.
LOCAL_RANK: 0 - CUDA_VISIBLE_DEVICES: [0]
[I 2023-12-27 11:13:51,861] Trial 28 finished with value: 20.920841217041016 and parameters: {'gradient_clip_val': 0.2218800583917072, 'hidden_size': 39, 'dropout': 0.27747994602763815, 'hidden_continuous_size': 16, 'attention_head_size': 3, 'learning_rate': 0.09461028331534242}. Best is trial 0 with value: 8.001293182373047.
LOCAL_RANK: 0 - CUDA_VISIBLE_DEVICES: [0]
[I 2023-12-27 11:13:52,328] Trial 29 finished with value: 30.194814682006836 and parameters: {'gradient_clip_val': 0.21516615499983013, 'hidden_size': 38, 'dropout': 0.2776853909730669, 'hidden_continuous_size': 16, 'attention_head_size': 4, 'learning_rate': 0.09632423102436413}. Best is trial 0 with value: 8.001293182373047.
LOCAL_RANK: 0 - CUDA_VISIBLE_DEVICES: [0]
[I 2023-12-27 11:13:52,823] Trial 30 finished with value: 31.881759643554688 and parameters: {'gradient_clip_val': 0.13917976294471238, 'hidden_size': 31, 'dropout': 0.2612924325500583, 'hidden_continuous_size': 13, 'attention_head_size': 3, 'learning_rate': 0.09700956851196557}. Best is trial 0 with value: 8.001293182373047.
LOCAL_RANK: 0 - CUDA_VISIBLE_DEVICES: [0]
[I 2023-12-27 11:13:53,333] Trial 31 finished with value: 24.5311279296875 and parameters: {'gradient_clip_val': 0.2722698447539595, 'hidden_size': 63, 'dropout': 0.3255411137536994, 'hidden_continuous_size': 21, 'attention_head_size': 3, 'learning_rate': 0.05135893682920025}. Best is trial 0 with value: 8.001293182373047.
LOCAL_RANK: 0 - CUDA_VISIBLE_DEVICES: [0]
[I 2023-12-27 11:13:53,831] Trial 32 finished with value: 28.35866355895996 and parameters: {'gradient_clip_val': 0.20947682130064282, 'hidden_size': 51, 'dropout': 0.3307156734392514, 'hidden_continuous_size': 18, 'attention_head_size': 2, 'learning_rate': 0.06709528742806593}. Best is trial 0 with value: 8.001293182373047.
LOCAL_RANK: 0 - CUDA_VISIBLE_DEVICES: [0]
[I 2023-12-27 11:13:54,336] Trial 33 finished with value: 34.036983489990234 and parameters: {'gradient_clip_val': 0.3403898059894885, 'hidden_size': 85, 'dropout': 0.3714619853738985, 'hidden_continuous_size': 25, 'attention_head_size': 3, 'learning_rate': 0.06225515731614372}. Best is trial 0 with value: 8.001293182373047.
LOCAL_RANK: 0 - CUDA_VISIBLE_DEVICES: [0]
[I 2023-12-27 11:13:54,825] Trial 34 finished with value: 21.298843383789062 and parameters: {'gradient_clip_val': 0.18899058382501865, 'hidden_size': 46, 'dropout': 0.34225283818076696, 'hidden_continuous_size': 19, 'attention_head_size': 3, 'learning_rate': 0.041647965268489025}. Best is trial 0 with value: 8.001293182373047.
LOCAL_RANK: 0 - CUDA_VISIBLE_DEVICES: [0]
[I 2023-12-27 11:13:55,299] Trial 35 finished with value: 24.019968032836914 and parameters: {'gradient_clip_val': 0.17912321298495557, 'hidden_size': 45, 'dropout': 0.2941733440415568, 'hidden_continuous_size': 12, 'attention_head_size': 4, 'learning_rate': 0.04363981895380675}. Best is trial 0 with value: 8.001293182373047.
LOCAL_RANK: 0 - CUDA_VISIBLE_DEVICES: [0]
[I 2023-12-27 11:13:55,806] Trial 36 finished with value: 32.250858306884766 and parameters: {'gradient_clip_val': 0.1969923892752134, 'hidden_size': 57, 'dropout': 0.3468406887599943, 'hidden_continuous_size': 20, 'attention_head_size': 3, 'learning_rate': 0.07747605923045962}. Best is trial 0 with value: 8.001293182373047.
LOCAL_RANK: 0 - CUDA_VISIBLE_DEVICES: [0]
[I 2023-12-27 11:13:56,550] Trial 37 finished with value: 25.16239356994629 and parameters: {'gradient_clip_val': 0.155609667106785, 'hidden_size': 23, 'dropout': 0.27298380546185774, 'hidden_continuous_size': 11, 'attention_head_size': 3, 'learning_rate': 0.05788991864866769}. Best is trial 0 with value: 8.001293182373047.
LOCAL_RANK: 0 - CUDA_VISIBLE_DEVICES: [0]
[I 2023-12-27 11:13:57,037] Trial 38 finished with value: 26.961111068725586 and parameters: {'gradient_clip_val': 0.23739050806161668, 'hidden_size': 49, 'dropout': 0.33605537052355705, 'hidden_continuous_size': 15, 'attention_head_size': 4, 'learning_rate': 0.03814873706979161}. Best is trial 0 with value: 8.001293182373047.
LOCAL_RANK: 0 - CUDA_VISIBLE_DEVICES: [0]
[I 2023-12-27 11:13:57,532] Trial 39 finished with value: 24.38641929626465 and parameters: {'gradient_clip_val': 0.1835369294282556, 'hidden_size': 36, 'dropout': 0.29879122535809477, 'hidden_continuous_size': 16, 'attention_head_size': 3, 'learning_rate': 0.06562635981514083}. Best is trial 0 with value: 8.001293182373047.
LOCAL_RANK: 0 - CUDA_VISIBLE_DEVICES: [0]
[I 2023-12-27 11:13:58,001] Trial 40 finished with value: 27.617919921875 and parameters: {'gradient_clip_val': 0.15673294364039164, 'hidden_size': 59, 'dropout': 0.3485309642532046, 'hidden_continuous_size': 14, 'attention_head_size': 3, 'learning_rate': 0.08381182400239998}. Best is trial 0 with value: 8.001293182373047.
LOCAL_RANK: 0 - CUDA_VISIBLE_DEVICES: [0]
[I 2023-12-27 11:13:58,506] Trial 41 finished with value: 30.30182456970215 and parameters: {'gradient_clip_val': 0.22783383043080827, 'hidden_size': 69, 'dropout': 0.3940980759177142, 'hidden_continuous_size': 24, 'attention_head_size': 2, 'learning_rate': 0.02462794494283294}. Best is trial 0 with value: 8.001293182373047.
LOCAL_RANK: 0 - CUDA_VISIBLE_DEVICES: [0]
[I 2023-12-27 11:13:59,007] Trial 42 finished with value: 30.21270751953125 and parameters: {'gradient_clip_val': 0.2913253904115008, 'hidden_size': 82, 'dropout': 0.4513053176908871, 'hidden_continuous_size': 31, 'attention_head_size': 2, 'learning_rate': 0.0160431283090829}. Best is trial 0 with value: 8.001293182373047.
LOCAL_RANK: 0 - CUDA_VISIBLE_DEVICES: [0]
[I 2023-12-27 11:13:59,502] Trial 43 finished with value: 24.6097412109375 and parameters: {'gradient_clip_val': 0.24856221571522488, 'hidden_size': 54, 'dropout': 0.3823363084391533, 'hidden_continuous_size': 23, 'attention_head_size': 2, 'learning_rate': 0.028664390870678482}. Best is trial 0 with value: 8.001293182373047.
LOCAL_RANK: 0 - CUDA_VISIBLE_DEVICES: [0]
[I 2023-12-27 11:13:59,956] Trial 44 finished with value: 24.797128677368164 and parameters: {'gradient_clip_val': 0.2057873002818688, 'hidden_size': 45, 'dropout': 0.3750079667595909, 'hidden_continuous_size': 19, 'attention_head_size': 3, 'learning_rate': 0.044382391472465546}. Best is trial 0 with value: 8.001293182373047.
LOCAL_RANK: 0 - CUDA_VISIBLE_DEVICES: [0]
[I 2023-12-27 11:14:00,443] Trial 45 finished with value: 21.378097534179688 and parameters: {'gradient_clip_val': 0.26008531884217745, 'hidden_size': 64, 'dropout': 0.36392311262286176, 'hidden_continuous_size': 18, 'attention_head_size': 2, 'learning_rate': 0.0305524014414233}. Best is trial 0 with value: 8.001293182373047.
LOCAL_RANK: 0 - CUDA_VISIBLE_DEVICES: [0]
[I 2023-12-27 11:14:00,964] Trial 46 finished with value: 25.435564041137695 and parameters: {'gradient_clip_val': 0.10027110283872713, 'hidden_size': 135, 'dropout': 0.3587394445089542, 'hidden_continuous_size': 9, 'attention_head_size': 2, 'learning_rate': 0.03529569463808288}. Best is trial 0 with value: 8.001293182373047.
LOCAL_RANK: 0 - CUDA_VISIBLE_DEVICES: [0]
[I 2023-12-27 11:14:01,464] Trial 47 finished with value: 26.9860897064209 and parameters: {'gradient_clip_val': 0.1908175098246339, 'hidden_size': 93, 'dropout': 0.3097068897727021, 'hidden_continuous_size': 17, 'attention_head_size': 1, 'learning_rate': 0.07520220046544321}. Best is trial 0 with value: 8.001293182373047.
LOCAL_RANK: 0 - CUDA_VISIBLE_DEVICES: [0]
[I 2023-12-27 11:14:01,962] Trial 48 finished with value: 27.24462890625 and parameters: {'gradient_clip_val': 0.4316215268488024, 'hidden_size': 62, 'dropout': 0.25029449883709026, 'hidden_continuous_size': 20, 'attention_head_size': 3, 'learning_rate': 0.05779526930559491}. Best is trial 0 with value: 8.001293182373047.
LOCAL_RANK: 0 - CUDA_VISIBLE_DEVICES: [0]
[I 2023-12-27 11:14:02,470] Trial 49 finished with value: 34.67140579223633 and parameters: {'gradient_clip_val': 0.22689888011140885, 'hidden_size': 130, 'dropout': 0.3268137776758787, 'hidden_continuous_size': 10, 'attention_head_size': 2, 'learning_rate': 0.031930074883574404}. Best is trial 0 with value: 8.001293182373047.
[I 2023-12-27 11:14:02,596] A new study created in memory with name: no-name-5d32b07c-c708-469f-a524-93dbd0b931cb
/home/le004/conda/anaconda3/envs/tsff_env/lib/python3.9/site-packages/lightning/fabric/plugins/environments/slurm.py:191: The `srun` command is available on your system but is not used. HINT: If your intention is to run Lightning on SLURM, prepend your python command with `srun` like so: srun python /home/le004/master_thesis/git/TSFusionForecast/code/ ...
LOCAL_RANK: 0 - CUDA_VISIBLE_DEVICES: [0]
[I 2023-12-27 11:14:25,278] Trial 0 finished with value: 8.797518730163574 and parameters: {'gradient_clip_val': 0.7551622023450262, 'hidden_size': 14, 'dropout': 0.3307262595547382, 'hidden_continuous_size': 10, 'attention_head_size': 3, 'learning_rate': 0.08633208650350283}. Best is trial 0 with value: 8.797518730163574.
LOCAL_RANK: 0 - CUDA_VISIBLE_DEVICES: [0]
[I 2023-12-27 11:14:25,702] Trial 1 finished with value: 21.7917423248291 and parameters: {'gradient_clip_val': 0.8419917585375405, 'hidden_size': 46, 'dropout': 0.15057277127530766, 'hidden_continuous_size': 11, 'attention_head_size': 1, 'learning_rate': 0.002671491450806373}. Best is trial 0 with value: 8.797518730163574.
LOCAL_RANK: 0 - CUDA_VISIBLE_DEVICES: [0]
[I 2023-12-27 11:14:26,169] Trial 2 finished with value: 16.288904190063477 and parameters: {'gradient_clip_val': 0.23231183657364726, 'hidden_size': 37, 'dropout': 0.2558469549499631, 'hidden_continuous_size': 22, 'attention_head_size': 2, 'learning_rate': 0.0023664006791517954}. Best is trial 0 with value: 8.797518730163574.
LOCAL_RANK: 0 - CUDA_VISIBLE_DEVICES: [0]
