[I 2023-12-26 18:21:06,021] Trial 6 finished with value: 2.1459367275238037 and parameters: {'gradient_clip_val': 0.6378215349796917, 'hidden_size': 14, 'dropout': 0.3391451517139782, 'hidden_continuous_size': 6, 'attention_head_size': 1, 'learning_rate': 0.08836047979906012}. Best is trial 0 with value: 0.0272830780595541.
[I 2023-12-26 18:21:09,174] Trial 7 finished with value: 1.6547831296920776 and parameters: {'gradient_clip_val': 0.19304041553618934, 'hidden_size': 37, 'dropout': 0.18076379506750834, 'hidden_continuous_size': 12, 'attention_head_size': 4, 'learning_rate': 0.025139289079260253}. Best is trial 0 with value: 0.0272830780595541.
[I 2023-12-26 18:21:12,412] Trial 8 finished with value: 2.4862020015716553 and parameters: {'gradient_clip_val': 0.14779225029403778, 'hidden_size': 40, 'dropout': 0.3928162559405589, 'hidden_continuous_size': 18, 'attention_head_size': 4, 'learning_rate': 0.007795344785789073}. Best is trial 0 with value: 0.0272830780595541.
[I 2023-12-26 18:21:14,910] Trial 9 finished with value: 1.7658973932266235 and parameters: {'gradient_clip_val': 0.14219407138975276, 'hidden_size': 14, 'dropout': 0.3511302138211765, 'hidden_continuous_size': 7, 'attention_head_size': 2, 'learning_rate': 0.011016438026843902}. Best is trial 0 with value: 0.0272830780595541.
[I 2023-12-26 18:21:22,881] Trial 10 finished with value: 1.9740585088729858 and parameters: {'gradient_clip_val': 0.9665601976770932, 'hidden_size': 105, 'dropout': 0.26476530380701097, 'hidden_continuous_size': 42, 'attention_head_size': 2, 'learning_rate': 0.0007228187015350436}. Best is trial 0 with value: 0.0272830780595541.
[I 2023-12-26 18:21:24,762] Trial 11 finished with value: 2.7137863636016846 and parameters: {'gradient_clip_val': 0.258612741068087, 'hidden_size': 5, 'dropout': 0.42683541076162795, 'hidden_continuous_size': 5, 'attention_head_size': 3, 'learning_rate': 0.0045170435900436685}. Best is trial 0 with value: 0.0272830780595541.
[I 2023-12-26 18:21:26,636] Trial 12 finished with value: 2.052196979522705 and parameters: {'gradient_clip_val': 0.2550781276145907, 'hidden_size': 5, 'dropout': 0.28634512255785144, 'hidden_continuous_size': 5, 'attention_head_size': 2, 'learning_rate': 0.0029698545803880094}. Best is trial 0 with value: 0.0272830780595541.
[I 2023-12-26 18:21:28,541] Trial 13 finished with value: 2.4893736839294434 and parameters: {'gradient_clip_val': 0.43536115056339086, 'hidden_size': 5, 'dropout': 0.4487800694186651, 'hidden_continuous_size': 5, 'attention_head_size': 3, 'learning_rate': 0.046485290468078734}. Best is trial 0 with value: 0.0272830780595541.
[I 2023-12-26 18:21:30,776] Trial 14 finished with value: 2.534445285797119 and parameters: {'gradient_clip_val': 0.20230929679678814, 'hidden_size': 11, 'dropout': 0.361977045690581, 'hidden_continuous_size': 5, 'attention_head_size': 3, 'learning_rate': 0.017364685852443194}. Best is trial 0 with value: 0.0272830780595541.
[I 2023-12-26 18:21:32,856] Trial 15 finished with value: 1.8667149543762207 and parameters: {'gradient_clip_val': 0.5529528867571093, 'hidden_size': 7, 'dropout': 0.4428560136839145, 'hidden_continuous_size': 5, 'attention_head_size': 2, 'learning_rate': 0.00558625699232268}. Best is trial 0 with value: 0.0272830780595541.
[I 2023-12-26 18:21:35,227] Trial 16 finished with value: 2.248401403427124 and parameters: {'gradient_clip_val': 0.3360634450896537, 'hidden_size': 19, 'dropout': 0.3186279242061665, 'hidden_continuous_size': 7, 'attention_head_size': 3, 'learning_rate': 0.0015120785784568536}. Best is trial 0 with value: 0.0272830780595541.
[I 2023-12-26 18:21:37,300] Trial 17 finished with value: 1.9348300695419312 and parameters: {'gradient_clip_val': 0.23999573862842585, 'hidden_size': 7, 'dropout': 0.3777447785572708, 'hidden_continuous_size': 5, 'attention_head_size': 2, 'learning_rate': 0.009675851244864005}. Best is trial 0 with value: 0.0272830780595541.
[I 2023-12-26 18:21:39,524] Trial 18 finished with value: 2.329458713531494 and parameters: {'gradient_clip_val': 0.10081987984688337, 'hidden_size': 11, 'dropout': 0.25997274124547465, 'hidden_continuous_size': 6, 'attention_head_size': 3, 'learning_rate': 0.013532871453794336}. Best is trial 0 with value: 0.0272830780595541.
[I 2023-12-26 18:21:41,586] Trial 19 finished with value: 2.273026704788208 and parameters: {'gradient_clip_val': 0.15922120489059702, 'hidden_size': 6, 'dropout': 0.40334934085340185, 'hidden_continuous_size': 5, 'attention_head_size': 2, 'learning_rate': 0.00582816237233119}. Best is trial 0 with value: 0.0272830780595541.
[I 2023-12-26 18:21:43,766] Trial 20 finished with value: 1.495660424232483 and parameters: {'gradient_clip_val': 0.30227618494426184, 'hidden_size': 9, 'dropout': 0.32054651746838836, 'hidden_continuous_size': 6, 'attention_head_size': 4, 'learning_rate': 0.02838934628883406}. Best is trial 0 with value: 0.0272830780595541.
[I 2023-12-26 18:21:46,115] Trial 21 finished with value: 2.520965814590454 and parameters: {'gradient_clip_val': 0.2960859686624329, 'hidden_size': 8, 'dropout': 0.3078243445068973, 'hidden_continuous_size': 5, 'attention_head_size': 4, 'learning_rate': 0.026809742679662144}. Best is trial 0 with value: 0.0272830780595541.
[I 2023-12-26 18:21:48,054] Trial 22 finished with value: 1.7078872919082642 and parameters: {'gradient_clip_val': 0.1978628997784633, 'hidden_size': 5, 'dropout': 0.35596147501512826, 'hidden_continuous_size': 5, 'attention_head_size': 4, 'learning_rate': 0.01894265204875605}. Best is trial 0 with value: 0.0272830780595541.
[I 2023-12-26 18:21:50,292] Trial 23 finished with value: 2.6748573780059814 and parameters: {'gradient_clip_val': 0.13075282227491422, 'hidden_size': 9, 'dropout': 0.4191620138297152, 'hidden_continuous_size': 6, 'attention_head_size': 4, 'learning_rate': 0.03929251876839859}. Best is trial 0 with value: 0.0272830780595541.
[I 2023-12-26 18:21:52,398] Trial 24 finished with value: 2.464148759841919 and parameters: {'gradient_clip_val': 0.16580009224597, 'hidden_size': 6, 'dropout': 0.10221514677891783, 'hidden_continuous_size': 5, 'attention_head_size': 3, 'learning_rate': 0.007909689398998812}. Best is trial 0 with value: 0.0272830780595541.
[I 2023-12-26 18:21:54,672] Trial 25 finished with value: 2.4305028915405273 and parameters: {'gradient_clip_val': 0.13151643830582527, 'hidden_size': 13, 'dropout': 0.37816557613910595, 'hidden_continuous_size': 7, 'attention_head_size': 2, 'learning_rate': 0.014082518887330054}. Best is trial 0 with value: 0.0272830780595541.
[I 2023-12-26 18:21:56,931] Trial 26 finished with value: 3.01418137550354 and parameters: {'gradient_clip_val': 0.4115381226802512, 'hidden_size': 10, 'dropout': 0.32884824265785056, 'hidden_continuous_size': 6, 'attention_head_size': 3, 'learning_rate': 0.02686135273375264}. Best is trial 0 with value: 0.0272830780595541.
[I 2023-12-26 18:21:59,060] Trial 27 finished with value: 2.795311212539673 and parameters: {'gradient_clip_val': 0.2282589168299677, 'hidden_size': 7, 'dropout': 0.37012307321573623, 'hidden_continuous_size': 5, 'attention_head_size': 4, 'learning_rate': 0.06955693156076996}. Best is trial 0 with value: 0.0272830780595541.
[I 2023-12-26 18:22:01,368] Trial 28 finished with value: 2.2475924491882324 and parameters: {'gradient_clip_val': 0.2729351821753098, 'hidden_size': 18, 'dropout': 0.4598592428426247, 'hidden_continuous_size': 8, 'attention_head_size': 1, 'learning_rate': 0.013400146042276288}. Best is trial 0 with value: 0.0272830780595541.
[I 2023-12-26 18:22:03,482] Trial 29 finished with value: 2.452002763748169 and parameters: {'gradient_clip_val': 0.1192868766749437, 'hidden_size': 9, 'dropout': 0.4543302662453829, 'hidden_continuous_size': 6, 'attention_head_size': 1, 'learning_rate': 0.050098829815456145}. Best is trial 0 with value: 0.0272830780595541.
[I 2023-12-26 18:22:05,551] Trial 30 finished with value: 2.42573618888855 and parameters: {'gradient_clip_val': 0.10162405403375384, 'hidden_size': 6, 'dropout': 0.47815505935735797, 'hidden_continuous_size': 5, 'attention_head_size': 3, 'learning_rate': 0.03162970352709934}. Best is trial 0 with value: 0.0272830780595541.
[I 2023-12-26 18:22:08,321] Trial 31 finished with value: 2.5121939182281494 and parameters: {'gradient_clip_val': 0.17123152809244996, 'hidden_size': 26, 'dropout': 0.29435160992176096, 'hidden_continuous_size': 10, 'attention_head_size': 4, 'learning_rate': 0.0230424050829616}. Best is trial 0 with value: 0.0272830780595541.
[I 2023-12-26 18:22:11,684] Trial 32 finished with value: 2.210597276687622 and parameters: {'gradient_clip_val': 0.20678337755171658, 'hidden_size': 33, 'dropout': 0.2101158639257915, 'hidden_continuous_size': 9, 'attention_head_size': 4, 'learning_rate': 0.03902566169742681}. Best is trial 0 with value: 0.0272830780595541.
[I 2023-12-26 18:22:16,732] Trial 33 finished with value: 2.4451935291290283 and parameters: {'gradient_clip_val': 0.11862302771183159, 'hidden_size': 63, 'dropout': 0.33603682905401927, 'hidden_continuous_size': 11, 'attention_head_size': 4, 'learning_rate': 0.02019784135601995}. Best is trial 0 with value: 0.0272830780595541.
[I 2023-12-26 18:22:18,963] Trial 34 finished with value: 2.3265371322631836 and parameters: {'gradient_clip_val': 0.18077732584477196, 'hidden_size': 10, 'dropout': 0.4111508926327079, 'hidden_continuous_size': 8, 'attention_head_size': 4, 'learning_rate': 0.031490041723797074}. Best is trial 0 with value: 0.0272830780595541.
[I 2023-12-26 18:22:21,038] Trial 35 finished with value: 2.6630985736846924 and parameters: {'gradient_clip_val': 0.29525035065094235, 'hidden_size': 8, 'dropout': 0.3890393377447929, 'hidden_continuous_size': 6, 'attention_head_size': 3, 'learning_rate': 0.01610893828225086}. Best is trial 0 with value: 0.0272830780595541.
[I 2023-12-26 18:22:23,634] Trial 36 finished with value: 2.5235354900360107 and parameters: {'gradient_clip_val': 0.21974279175644734, 'hidden_size': 24, 'dropout': 0.4999583151244054, 'hidden_continuous_size': 13, 'attention_head_size': 4, 'learning_rate': 0.022612668882854934}. Best is trial 0 with value: 0.0272830780595541.
[I 2023-12-26 18:22:25,943] Trial 37 finished with value: 2.2948622703552246 and parameters: {'gradient_clip_val': 0.15105445568059564, 'hidden_size': 13, 'dropout': 0.34706844182869384, 'hidden_continuous_size': 7, 'attention_head_size': 4, 'learning_rate': 0.09309254380569451}. Best is trial 0 with value: 0.0272830780595541.
[I 2023-12-26 18:22:28,094] Trial 38 finished with value: 2.9566805362701416 and parameters: {'gradient_clip_val': 0.18477750384700614, 'hidden_size': 16, 'dropout': 0.39729152309450966, 'hidden_continuous_size': 7, 'attention_head_size': 2, 'learning_rate': 0.010153774795063604}. Best is trial 0 with value: 0.0272830780595541.
[I 2023-12-26 18:22:31,155] Trial 39 finished with value: 2.5624024868011475 and parameters: {'gradient_clip_val': 0.35131727001218843, 'hidden_size': 33, 'dropout': 0.324073772673742, 'hidden_continuous_size': 14, 'attention_head_size': 3, 'learning_rate': 0.05649611470816738}. Best is trial 0 with value: 0.0272830780595541.
[I 2023-12-26 18:22:33,686] Trial 40 finished with value: 2.0772359371185303 and parameters: {'gradient_clip_val': 0.13764126738187704, 'hidden_size': 23, 'dropout': 0.4287305452750348, 'hidden_continuous_size': 8, 'attention_head_size': 1, 'learning_rate': 0.011701309373447957}. Best is trial 0 with value: 0.0272830780595541.
[I 2023-12-26 18:22:35,609] Trial 41 finished with value: 2.5049479007720947 and parameters: {'gradient_clip_val': 0.1957876131990016, 'hidden_size': 5, 'dropout': 0.36289976971991655, 'hidden_continuous_size': 5, 'attention_head_size': 4, 'learning_rate': 0.01841440578038695}. Best is trial 0 with value: 0.0272830780595541.
[I 2023-12-26 18:22:37,518] Trial 42 finished with value: 1.744232177734375 and parameters: {'gradient_clip_val': 0.220070539260901, 'hidden_size': 5, 'dropout': 0.3401284463869659, 'hidden_continuous_size': 5, 'attention_head_size': 4, 'learning_rate': 0.017300755309871043}. Best is trial 0 with value: 0.0272830780595541.
[I 2023-12-26 18:22:39,609] Trial 43 finished with value: 2.422938585281372 and parameters: {'gradient_clip_val': 0.2590067144724514, 'hidden_size': 6, 'dropout': 0.38695688520378146, 'hidden_continuous_size': 5, 'attention_head_size': 4, 'learning_rate': 0.03324970691100827}. Best is trial 0 with value: 0.0272830780595541.
[I 2023-12-26 18:22:41,802] Trial 44 finished with value: 2.094536304473877 and parameters: {'gradient_clip_val': 0.1534155790925313, 'hidden_size': 5, 'dropout': 0.36021376219546836, 'hidden_continuous_size': 5, 'attention_head_size': 4, 'learning_rate': 0.0227910071656784}. Best is trial 0 with value: 0.0272830780595541.
[I 2023-12-26 18:22:43,909] Trial 45 finished with value: 2.4096338748931885 and parameters: {'gradient_clip_val': 0.18742800989521138, 'hidden_size': 6, 'dropout': 0.3488823751580374, 'hidden_continuous_size': 5, 'attention_head_size': 4, 'learning_rate': 0.00904722744610633}. Best is trial 0 with value: 0.0272830780595541.
[I 2023-12-26 18:22:46,011] Trial 46 finished with value: 2.103750467300415 and parameters: {'gradient_clip_val': 0.2395115108042229, 'hidden_size': 7, 'dropout': 0.31090264539102824, 'hidden_continuous_size': 6, 'attention_head_size': 2, 'learning_rate': 0.01182436902393004}. Best is trial 0 with value: 0.0272830780595541.
[I 2023-12-26 18:22:48,096] Trial 47 finished with value: 2.9662322998046875 and parameters: {'gradient_clip_val': 0.11147407394173371, 'hidden_size': 8, 'dropout': 0.2779480773792207, 'hidden_continuous_size': 6, 'attention_head_size': 3, 'learning_rate': 0.016087443770625213}. Best is trial 0 with value: 0.0272830780595541.
[I 2023-12-26 18:22:49,958] Trial 48 finished with value: 2.322810411453247 and parameters: {'gradient_clip_val': 0.299891844848076, 'hidden_size': 5, 'dropout': 0.40274584104975, 'hidden_continuous_size': 5, 'attention_head_size': 2, 'learning_rate': 0.02644526870379504}. Best is trial 0 with value: 0.0272830780595541.
[I 2023-12-26 18:22:52,224] Trial 49 finished with value: 2.4030215740203857 and parameters: {'gradient_clip_val': 0.3858547798328071, 'hidden_size': 11, 'dropout': 0.36138284020747724, 'hidden_continuous_size': 7, 'attention_head_size': 3, 'learning_rate': 0.007387856633888754}. Best is trial 0 with value: 0.0272830780595541.
[I 2023-12-26 18:22:52,350] A new study created in memory with name: no-name-1f7b9556-af44-4bdc-a892-09df2cecf1db
/home/le004/conda/anaconda3/envs/tsff_env/lib/python3.9/site-packages/lightning/fabric/plugins/environments/slurm.py:191: The `srun` command is available on your system but is not used. HINT: If your intention is to run Lightning on SLURM, prepend your python command with `srun` like so: srun python /home/le004/master_thesis/git/TSFusionForecast/code/ ...
[I 2023-12-26 18:35:02,810] Trial 0 finished with value: 0.47894391417503357 and parameters: {'gradient_clip_val': 0.26256642598247165, 'hidden_size': 132, 'dropout': 0.4441188123414864, 'hidden_continuous_size': 54, 'attention_head_size': 1, 'learning_rate': 0.0008029636357579134}. Best is trial 0 with value: 0.47894391417503357.
[I 2023-12-26 18:35:06,196] Trial 1 finished with value: 2.869460344314575 and parameters: {'gradient_clip_val': 0.2714073160878286, 'hidden_size': 54, 'dropout': 0.14818194225202813, 'hidden_continuous_size': 51, 'attention_head_size': 2, 'learning_rate': 0.0008391454813198799}. Best is trial 0 with value: 0.47894391417503357.
[I 2023-12-26 18:35:08,209] Trial 2 finished with value: 3.281468391418457 and parameters: {'gradient_clip_val': 0.11123866314841033, 'hidden_size': 11, 'dropout': 0.28926149160662273, 'hidden_continuous_size': 5, 'attention_head_size': 4, 'learning_rate': 0.0005954560470428071}. Best is trial 0 with value: 0.47894391417503357.
[I 2023-12-26 18:35:16,289] Trial 3 finished with value: 2.656512975692749 and parameters: {'gradient_clip_val': 0.22527524051331382, 'hidden_size': 121, 'dropout': 0.3223910281413898, 'hidden_continuous_size': 108, 'attention_head_size': 1, 'learning_rate': 0.06257216793072634}. Best is trial 0 with value: 0.47894391417503357.
[I 2023-12-26 18:35:19,532] Trial 4 finished with value: 3.871635675430298 and parameters: {'gradient_clip_val': 0.2891432401956135, 'hidden_size': 55, 'dropout': 0.26612548357792054, 'hidden_continuous_size': 17, 'attention_head_size': 3, 'learning_rate': 0.09628720878233339}. Best is trial 0 with value: 0.47894391417503357.
[I 2023-12-26 18:35:21,439] Trial 5 finished with value: 2.5906982421875 and parameters: {'gradient_clip_val': 0.12855663896785652, 'hidden_size': 7, 'dropout': 0.32235867312815114, 'hidden_continuous_size': 6, 'attention_head_size': 4, 'learning_rate': 0.0016064504695720051}. Best is trial 0 with value: 0.47894391417503357.
[I 2023-12-26 18:35:23,199] Trial 6 finished with value: 2.188162088394165 and parameters: {'gradient_clip_val': 0.12466057811990833, 'hidden_size': 7, 'dropout': 0.3326341596803184, 'hidden_continuous_size': 7, 'attention_head_size': 2, 'learning_rate': 0.0012624752906523122}. Best is trial 0 with value: 0.47894391417503357.
[I 2023-12-26 18:35:26,154] Trial 7 finished with value: 3.2556629180908203 and parameters: {'gradient_clip_val': 0.4892738219420351, 'hidden_size': 51, 'dropout': 0.18730675966897228, 'hidden_continuous_size': 14, 'attention_head_size': 1, 'learning_rate': 0.0005232958020151239}. Best is trial 0 with value: 0.47894391417503357.
[I 2023-12-26 18:35:33,485] Trial 8 finished with value: 1.9536305665969849 and parameters: {'gradient_clip_val': 0.1637577038704291, 'hidden_size': 125, 'dropout': 0.22786622257527261, 'hidden_continuous_size': 6, 'attention_head_size': 2, 'learning_rate': 0.009786497734335464}. Best is trial 0 with value: 0.47894391417503357.
[I 2023-12-26 18:35:36,854] Trial 9 finished with value: 2.2330434322357178 and parameters: {'gradient_clip_val': 0.40824594509754786, 'hidden_size': 59, 'dropout': 0.33976733773533885, 'hidden_continuous_size': 8, 'attention_head_size': 3, 'learning_rate': 0.012842331407655838}. Best is trial 0 with value: 0.47894391417503357.
[I 2023-12-26 18:35:39,109] Trial 10 finished with value: 3.7229013442993164 and parameters: {'gradient_clip_val': 0.738914494942912, 'hidden_size': 17, 'dropout': 0.46632777739394565, 'hidden_continuous_size': 10, 'attention_head_size': 1, 'learning_rate': 0.00282614468758034}. Best is trial 0 with value: 0.47894391417503357.
[I 2023-12-26 18:35:47,085] Trial 11 finished with value: 4.022097110748291 and parameters: {'gradient_clip_val': 0.19292908318678603, 'hidden_size': 136, 'dropout': 0.4456807240636273, 'hidden_continuous_size': 34, 'attention_head_size': 2, 'learning_rate': 0.006621884149814525}. Best is trial 0 with value: 0.47894391417503357.
[I 2023-12-26 18:35:55,659] Trial 12 finished with value: 3.1809017658233643 and parameters: {'gradient_clip_val': 0.18000326629223662, 'hidden_size': 146, 'dropout': 0.40153742665187153, 'hidden_continuous_size': 25, 'attention_head_size': 1, 'learning_rate': 0.004514700679744715}. Best is trial 0 with value: 0.47894391417503357.
[I 2023-12-26 18:36:00,973] Trial 13 finished with value: 3.1911771297454834 and parameters: {'gradient_clip_val': 0.1771234368277519, 'hidden_size': 92, 'dropout': 0.4985231543175102, 'hidden_continuous_size': 14, 'attention_head_size': 2, 'learning_rate': 0.01765225292162732}. Best is trial 0 with value: 0.47894391417503357.
[I 2023-12-26 18:36:03,429] Trial 14 finished with value: 3.0200014114379883 and parameters: {'gradient_clip_val': 0.3204400944552827, 'hidden_size': 29, 'dropout': 0.23552530430255214, 'hidden_continuous_size': 5, 'attention_head_size': 3, 'learning_rate': 0.0024896698084769684}. Best is trial 0 with value: 0.47894391417503357.
[I 2023-12-26 18:36:08,200] Trial 15 finished with value: 2.7775821685791016 and parameters: {'gradient_clip_val': 0.15822481270782154, 'hidden_size': 84, 'dropout': 0.39349654590165367, 'hidden_continuous_size': 10, 'attention_head_size': 1, 'learning_rate': 0.01060013387165478}. Best is trial 0 with value: 0.47894391417503357.
[I 2023-12-26 18:36:10,621] Trial 16 finished with value: 3.8386611938476562 and parameters: {'gradient_clip_val': 0.22853143313575985, 'hidden_size': 33, 'dropout': 0.23491263653900965, 'hidden_continuous_size': 8, 'attention_head_size': 2, 'learning_rate': 0.004195554684337988}. Best is trial 0 with value: 0.47894391417503357.
[I 2023-12-26 18:36:16,058] Trial 17 finished with value: 3.441240072250366 and parameters: {'gradient_clip_val': 0.1493980887972786, 'hidden_size': 93, 'dropout': 0.11648300518829505, 'hidden_continuous_size': 24, 'attention_head_size': 1, 'learning_rate': 0.0013212823442221996}. Best is trial 0 with value: 0.47894391417503357.
[I 2023-12-26 18:36:24,784] Trial 18 finished with value: 3.4379541873931885 and parameters: {'gradient_clip_val': 0.10864981448323482, 'hidden_size': 141, 'dropout': 0.38041050806903487, 'hidden_continuous_size': 57, 'attention_head_size': 2, 'learning_rate': 0.02416273507059698}. Best is trial 0 with value: 0.47894391417503357.
[I 2023-12-26 18:36:27,389] Trial 19 finished with value: 3.2780392169952393 and parameters: {'gradient_clip_val': 0.2266891666170358, 'hidden_size': 37, 'dropout': 0.20337780574009023, 'hidden_continuous_size': 10, 'attention_head_size': 3, 'learning_rate': 0.006025504608879007}. Best is trial 0 with value: 0.47894391417503357.
[I 2023-12-26 18:36:29,534] Trial 20 finished with value: 2.3145432472229004 and parameters: {'gradient_clip_val': 0.14323376580347544, 'hidden_size': 22, 'dropout': 0.2713941605642901, 'hidden_continuous_size': 6, 'attention_head_size': 1, 'learning_rate': 0.002532160049413257}. Best is trial 0 with value: 0.47894391417503357.
