[I 2023-12-16 01:24:12,172] Trial 44 finished with value: 8.894389152526855 and parameters: {'gradient_clip_val': 0.24373159800990646, 'hidden_size': 19, 'dropout': 0.2968634717482637, 'hidden_continuous_size': 8, 'attention_head_size': 3, 'learning_rate': 0.0005616058735064476}. Best is trial 32 with value: 7.26885986328125.
LOCAL_RANK: 0 - CUDA_VISIBLE_DEVICES: [0]
[I 2023-12-16 01:24:59,823] Trial 45 finished with value: 9.320378303527832 and parameters: {'gradient_clip_val': 0.18332976023495018, 'hidden_size': 15, 'dropout': 0.3183730868340506, 'hidden_continuous_size': 8, 'attention_head_size': 4, 'learning_rate': 0.001359446744682121}. Best is trial 32 with value: 7.26885986328125.
LOCAL_RANK: 0 - CUDA_VISIBLE_DEVICES: [0]
[I 2023-12-16 01:25:49,496] Trial 46 finished with value: 8.342984199523926 and parameters: {'gradient_clip_val': 0.2879388667810277, 'hidden_size': 25, 'dropout': 0.351124286205191, 'hidden_continuous_size': 9, 'attention_head_size': 3, 'learning_rate': 0.0011071038516132325}. Best is trial 32 with value: 7.26885986328125.
LOCAL_RANK: 0 - CUDA_VISIBLE_DEVICES: [0]
[I 2023-12-16 01:26:38,126] Trial 47 finished with value: 11.055035591125488 and parameters: {'gradient_clip_val': 0.20506211379804543, 'hidden_size': 19, 'dropout': 0.28947043194348887, 'hidden_continuous_size': 9, 'attention_head_size': 3, 'learning_rate': 0.0005180922303560054}. Best is trial 32 with value: 7.26885986328125.
LOCAL_RANK: 0 - CUDA_VISIBLE_DEVICES: [0]
[I 2023-12-16 01:27:25,872] Trial 48 finished with value: 10.762301445007324 and parameters: {'gradient_clip_val': 0.15585250245765586, 'hidden_size': 17, 'dropout': 0.3630792986243334, 'hidden_continuous_size': 8, 'attention_head_size': 2, 'learning_rate': 0.0007671066220672108}. Best is trial 32 with value: 7.26885986328125.
LOCAL_RANK: 0 - CUDA_VISIBLE_DEVICES: [0]
[I 2023-12-16 01:28:15,696] Trial 49 finished with value: 16.222471237182617 and parameters: {'gradient_clip_val': 0.24048589890556726, 'hidden_size': 29, 'dropout': 0.3029519259166823, 'hidden_continuous_size': 14, 'attention_head_size': 3, 'learning_rate': 0.0014845680217503276}. Best is trial 32 with value: 7.26885986328125.
[I 2023-12-16 01:28:15,791] A new study created in memory with name: no-name-73b00aa4-e228-442e-ad62-30f273175086
/home/le004/conda/anaconda3/envs/tsff_env/lib/python3.9/site-packages/lightning/fabric/plugins/environments/slurm.py:191: The `srun` command is available on your system but is not used. HINT: If your intention is to run Lightning on SLURM, prepend your python command with `srun` like so: srun python /home/le004/master_thesis/git/TSFusionForecast/code/ ...
LOCAL_RANK: 0 - CUDA_VISIBLE_DEVICES: [0]
[I 2023-12-16 01:29:05,268] Trial 0 finished with value: 27.3961124420166 and parameters: {'gradient_clip_val': 0.10807345409169426, 'hidden_size': 19, 'dropout': 0.2937334184554199, 'hidden_continuous_size': 14, 'attention_head_size': 3, 'learning_rate': 0.08128670640097924}. Best is trial 0 with value: 27.3961124420166.
LOCAL_RANK: 0 - CUDA_VISIBLE_DEVICES: [0]
[I 2023-12-16 01:29:43,242] Trial 1 finished with value: 40.71954345703125 and parameters: {'gradient_clip_val': 0.3879622244600339, 'hidden_size': 5, 'dropout': 0.10061131966462489, 'hidden_continuous_size': 5, 'attention_head_size': 4, 'learning_rate': 0.0010787755673296417}. Best is trial 0 with value: 27.3961124420166.
LOCAL_RANK: 0 - CUDA_VISIBLE_DEVICES: [0]
[I 2023-12-16 01:30:37,080] Trial 2 finished with value: 50.5714111328125 and parameters: {'gradient_clip_val': 0.7350019995599097, 'hidden_size': 50, 'dropout': 0.2851778195870712, 'hidden_continuous_size': 15, 'attention_head_size': 4, 'learning_rate': 0.039914251069049556}. Best is trial 0 with value: 27.3961124420166.
LOCAL_RANK: 0 - CUDA_VISIBLE_DEVICES: [0]
[I 2023-12-16 01:31:22,461] Trial 3 finished with value: 38.71637725830078 and parameters: {'gradient_clip_val': 0.2263902575312535, 'hidden_size': 8, 'dropout': 0.34209720477760425, 'hidden_continuous_size': 5, 'attention_head_size': 3, 'learning_rate': 0.0006080137392911781}. Best is trial 0 with value: 27.3961124420166.
LOCAL_RANK: 0 - CUDA_VISIBLE_DEVICES: [0]
[I 2023-12-16 01:32:09,264] Trial 4 finished with value: 40.409603118896484 and parameters: {'gradient_clip_val': 0.14807933153926167, 'hidden_size': 7, 'dropout': 0.29643861431342466, 'hidden_continuous_size': 5, 'attention_head_size': 4, 'learning_rate': 0.0009482056318929861}. Best is trial 0 with value: 27.3961124420166.
LOCAL_RANK: 0 - CUDA_VISIBLE_DEVICES: [0]
[I 2023-12-16 01:32:56,320] Trial 5 finished with value: 28.31675148010254 and parameters: {'gradient_clip_val': 0.19239874652471045, 'hidden_size': 19, 'dropout': 0.2505721710966876, 'hidden_continuous_size': 5, 'attention_head_size': 1, 'learning_rate': 0.0006432372923612168}. Best is trial 0 with value: 27.3961124420166.
LOCAL_RANK: 0 - CUDA_VISIBLE_DEVICES: [0]
[I 2023-12-16 01:33:51,275] Trial 6 finished with value: 34.98333740234375 and parameters: {'gradient_clip_val': 0.540250560120068, 'hidden_size': 74, 'dropout': 0.191195213666765, 'hidden_continuous_size': 47, 'attention_head_size': 1, 'learning_rate': 0.03600601441700069}. Best is trial 0 with value: 27.3961124420166.
LOCAL_RANK: 0 - CUDA_VISIBLE_DEVICES: [0]
[I 2023-12-16 01:34:39,167] Trial 7 finished with value: 57.42018508911133 and parameters: {'gradient_clip_val': 0.23098541946814788, 'hidden_size': 17, 'dropout': 0.1743799254679102, 'hidden_continuous_size': 12, 'attention_head_size': 2, 'learning_rate': 0.0005684865225729556}. Best is trial 0 with value: 27.3961124420166.
LOCAL_RANK: 0 - CUDA_VISIBLE_DEVICES: [0]
[I 2023-12-16 01:35:17,275] Trial 8 finished with value: 33.37385177612305 and parameters: {'gradient_clip_val': 0.7987934941394184, 'hidden_size': 32, 'dropout': 0.15251513111310538, 'hidden_continuous_size': 32, 'attention_head_size': 4, 'learning_rate': 0.06918192585217843}. Best is trial 0 with value: 27.3961124420166.
LOCAL_RANK: 0 - CUDA_VISIBLE_DEVICES: [0]
[I 2023-12-16 01:36:02,735] Trial 9 finished with value: 32.88143539428711 and parameters: {'gradient_clip_val': 0.8886469513627615, 'hidden_size': 8, 'dropout': 0.25104719781824997, 'hidden_continuous_size': 6, 'attention_head_size': 3, 'learning_rate': 0.0019199960301345131}. Best is trial 0 with value: 27.3961124420166.
LOCAL_RANK: 0 - CUDA_VISIBLE_DEVICES: [0]
[I 2023-12-16 01:37:00,742] Trial 10 finished with value: 28.550338745117188 and parameters: {'gradient_clip_val': 0.10021442828623793, 'hidden_size': 89, 'dropout': 0.39616744961311395, 'hidden_continuous_size': 88, 'attention_head_size': 2, 'learning_rate': 0.011816213447489803}. Best is trial 0 with value: 27.3961124420166.
LOCAL_RANK: 0 - CUDA_VISIBLE_DEVICES: [0]
[I 2023-12-16 01:37:47,693] Trial 11 finished with value: 37.28145980834961 and parameters: {'gradient_clip_val': 0.11187180278577752, 'hidden_size': 18, 'dropout': 0.2360219680890361, 'hidden_continuous_size': 7, 'attention_head_size': 1, 'learning_rate': 0.003431107793781202}. Best is trial 0 with value: 27.3961124420166.
LOCAL_RANK: 0 - CUDA_VISIBLE_DEVICES: [0]
[I 2023-12-16 01:38:36,999] Trial 12 finished with value: 38.82548904418945 and parameters: {'gradient_clip_val': 0.16058582536834246, 'hidden_size': 25, 'dropout': 0.3015042870536098, 'hidden_continuous_size': 8, 'attention_head_size': 2, 'learning_rate': 0.008550637849778622}. Best is trial 0 with value: 27.3961124420166.
LOCAL_RANK: 0 - CUDA_VISIBLE_DEVICES: [0]
[I 2023-12-16 01:39:23,704] Trial 13 finished with value: 38.029571533203125 and parameters: {'gradient_clip_val': 0.16605642492302597, 'hidden_size': 15, 'dropout': 0.23611998400311054, 'hidden_continuous_size': 7, 'attention_head_size': 3, 'learning_rate': 0.003909100979189568}. Best is trial 0 with value: 27.3961124420166.
LOCAL_RANK: 0 - CUDA_VISIBLE_DEVICES: [0]
[I 2023-12-16 01:40:09,936] Trial 14 finished with value: 57.927947998046875 and parameters: {'gradient_clip_val': 0.26166250114016515, 'hidden_size': 13, 'dropout': 0.3427363512809889, 'hidden_continuous_size': 6, 'attention_head_size': 1, 'learning_rate': 0.09841753329760723}. Best is trial 0 with value: 27.3961124420166.
LOCAL_RANK: 0 - CUDA_VISIBLE_DEVICES: [0]
[I 2023-12-16 01:40:59,494] Trial 15 finished with value: 66.55512237548828 and parameters: {'gradient_clip_val': 0.1302703237327284, 'hidden_size': 30, 'dropout': 0.2179263359000767, 'hidden_continuous_size': 9, 'attention_head_size': 2, 'learning_rate': 0.013575444730591687}. Best is trial 0 with value: 27.3961124420166.
LOCAL_RANK: 0 - CUDA_VISIBLE_DEVICES: [0]
[I 2023-12-16 01:41:50,763] Trial 16 finished with value: 42.58977508544922 and parameters: {'gradient_clip_val': 0.1755522470494899, 'hidden_size': 37, 'dropout': 0.2638917480911231, 'hidden_continuous_size': 11, 'attention_head_size': 3, 'learning_rate': 0.0043969683136313165}. Best is trial 0 with value: 27.3961124420166.
LOCAL_RANK: 0 - CUDA_VISIBLE_DEVICES: [0]
[I 2023-12-16 01:42:39,747] Trial 17 finished with value: 48.77427291870117 and parameters: {'gradient_clip_val': 0.12124402751734178, 'hidden_size': 23, 'dropout': 0.208162380787835, 'hidden_continuous_size': 9, 'attention_head_size': 1, 'learning_rate': 0.019432099646395362}. Best is trial 0 with value: 27.3961124420166.
LOCAL_RANK: 0 - CUDA_VISIBLE_DEVICES: [0]
[I 2023-12-16 01:43:25,291] Trial 18 finished with value: 27.55647850036621 and parameters: {'gradient_clip_val': 0.10271126000585573, 'hidden_size': 12, 'dropout': 0.26599921004348814, 'hidden_continuous_size': 6, 'attention_head_size': 2, 'learning_rate': 0.006506679384333684}. Best is trial 0 with value: 27.3961124420166.
LOCAL_RANK: 0 - CUDA_VISIBLE_DEVICES: [0]
[I 2023-12-16 01:44:10,843] Trial 19 finished with value: 36.80060958862305 and parameters: {'gradient_clip_val': 0.1304360910421992, 'hidden_size': 12, 'dropout': 0.3257045678210958, 'hidden_continuous_size': 6, 'attention_head_size': 3, 'learning_rate': 0.023253060236898663}. Best is trial 0 with value: 27.3961124420166.
LOCAL_RANK: 0 - CUDA_VISIBLE_DEVICES: [0]
[I 2023-12-16 01:44:56,893] Trial 20 finished with value: 79.86847686767578 and parameters: {'gradient_clip_val': 0.10221171679529184, 'hidden_size': 11, 'dropout': 0.27742216620636495, 'hidden_continuous_size': 6, 'attention_head_size': 2, 'learning_rate': 0.006602650463809496}. Best is trial 0 with value: 27.3961124420166.
LOCAL_RANK: 0 - CUDA_VISIBLE_DEVICES: [0]
[I 2023-12-16 01:45:42,961] Trial 21 finished with value: 21.4715633392334 and parameters: {'gradient_clip_val': 0.1924498503390628, 'hidden_size': 20, 'dropout': 0.25754006605250646, 'hidden_continuous_size': 5, 'attention_head_size': 1, 'learning_rate': 0.0022471324661942488}. Best is trial 21 with value: 21.4715633392334.
LOCAL_RANK: 0 - CUDA_VISIBLE_DEVICES: [0]
[I 2023-12-16 01:46:31,211] Trial 22 finished with value: 34.78789520263672 and parameters: {'gradient_clip_val': 0.1307729710682975, 'hidden_size': 21, 'dropout': 0.2730658569290921, 'hidden_continuous_size': 5, 'attention_head_size': 2, 'learning_rate': 0.002086991695364222}. Best is trial 21 with value: 21.4715633392334.
LOCAL_RANK: 0 - CUDA_VISIBLE_DEVICES: [0]
[I 2023-12-16 01:47:17,668] Trial 23 finished with value: 40.57718276977539 and parameters: {'gradient_clip_val': 0.14324010385002095, 'hidden_size': 15, 'dropout': 0.30962907199522, 'hidden_continuous_size': 6, 'attention_head_size': 3, 'learning_rate': 0.006782609595135857}. Best is trial 21 with value: 21.4715633392334.
LOCAL_RANK: 0 - CUDA_VISIBLE_DEVICES: [0]
[I 2023-12-16 01:48:02,711] Trial 24 finished with value: 67.78128051757812 and parameters: {'gradient_clip_val': 0.10009006553639965, 'hidden_size': 10, 'dropout': 0.2674715942964336, 'hidden_continuous_size': 5, 'attention_head_size': 1, 'learning_rate': 0.011270814724004007}. Best is trial 21 with value: 21.4715633392334.
LOCAL_RANK: 0 - CUDA_VISIBLE_DEVICES: [0]
[I 2023-12-16 01:48:48,936] Trial 25 finished with value: 42.548397064208984 and parameters: {'gradient_clip_val': 0.18586490089641058, 'hidden_size': 14, 'dropout': 0.2252657394374702, 'hidden_continuous_size': 7, 'attention_head_size': 2, 'learning_rate': 0.004938621322779332}. Best is trial 21 with value: 21.4715633392334.
LOCAL_RANK: 0 - CUDA_VISIBLE_DEVICES: [0]
[I 2023-12-16 01:49:37,288] Trial 26 finished with value: 66.60721588134766 and parameters: {'gradient_clip_val': 0.11845190914827035, 'hidden_size': 24, 'dropout': 0.25118675607454205, 'hidden_continuous_size': 8, 'attention_head_size': 3, 'learning_rate': 0.0023905208579345495}. Best is trial 21 with value: 21.4715633392334.
LOCAL_RANK: 0 - CUDA_VISIBLE_DEVICES: [0]
[I 2023-12-16 01:50:24,524] Trial 27 finished with value: 47.77779769897461 and parameters: {'gradient_clip_val': 0.14699537935470733, 'hidden_size': 18, 'dropout': 0.29076884493976396, 'hidden_continuous_size': 6, 'attention_head_size': 2, 'learning_rate': 0.0088520041052428}. Best is trial 21 with value: 21.4715633392334.
LOCAL_RANK: 0 - CUDA_VISIBLE_DEVICES: [0]
[I 2023-12-16 01:51:10,328] Trial 28 finished with value: 22.97662353515625 and parameters: {'gradient_clip_val': 0.3021235367333332, 'hidden_size': 10, 'dropout': 0.3228611002800695, 'hidden_continuous_size': 5, 'attention_head_size': 1, 'learning_rate': 0.015891306679377465}. Best is trial 21 with value: 21.4715633392334.
LOCAL_RANK: 0 - CUDA_VISIBLE_DEVICES: [0]
[I 2023-12-16 01:51:46,418] Trial 29 finished with value: 18.27245330810547 and parameters: {'gradient_clip_val': 0.3433276930978846, 'hidden_size': 5, 'dropout': 0.32430064039004797, 'hidden_continuous_size': 5, 'attention_head_size': 1, 'learning_rate': 0.0473928814921223}. Best is trial 29 with value: 18.27245330810547.
LOCAL_RANK: 0 - CUDA_VISIBLE_DEVICES: [0]
[I 2023-12-16 01:52:22,568] Trial 30 finished with value: 78.0518798828125 and parameters: {'gradient_clip_val': 0.3276381371365629, 'hidden_size': 5, 'dropout': 0.3565841525115532, 'hidden_continuous_size': 5, 'attention_head_size': 1, 'learning_rate': 0.05892406698084329}. Best is trial 29 with value: 18.27245330810547.
LOCAL_RANK: 0 - CUDA_VISIBLE_DEVICES: [0]
[I 2023-12-16 01:52:58,430] Trial 31 finished with value: 44.439083099365234 and parameters: {'gradient_clip_val': 0.36020827390753624, 'hidden_size': 5, 'dropout': 0.31700482070790703, 'hidden_continuous_size': 5, 'attention_head_size': 1, 'learning_rate': 0.03284074989772003}. Best is trial 29 with value: 18.27245330810547.
LOCAL_RANK: 0 - CUDA_VISIBLE_DEVICES: [0]
[I 2023-12-16 01:53:43,978] Trial 32 finished with value: 26.662445068359375 and parameters: {'gradient_clip_val': 0.41328920150014187, 'hidden_size': 6, 'dropout': 0.2893961809000804, 'hidden_continuous_size': 5, 'attention_head_size': 1, 'learning_rate': 0.04891807172687764}. Best is trial 29 with value: 18.27245330810547.
LOCAL_RANK: 0 - CUDA_VISIBLE_DEVICES: [0]
[I 2023-12-16 01:54:29,535] Trial 33 finished with value: 46.48402786254883 and parameters: {'gradient_clip_val': 0.40619594939310816, 'hidden_size': 6, 'dropout': 0.31718074689881454, 'hidden_continuous_size': 5, 'attention_head_size': 1, 'learning_rate': 0.05120764538123652}. Best is trial 29 with value: 18.27245330810547.
LOCAL_RANK: 0 - CUDA_VISIBLE_DEVICES: [0]
[I 2023-12-16 01:55:15,454] Trial 34 finished with value: 32.86792755126953 and parameters: {'gradient_clip_val': 0.2884975984804976, 'hidden_size': 9, 'dropout': 0.2937888428428247, 'hidden_continuous_size': 5, 'attention_head_size': 1, 'learning_rate': 0.07947734217045828}. Best is trial 29 with value: 18.27245330810547.
LOCAL_RANK: 0 - CUDA_VISIBLE_DEVICES: [0]
[I 2023-12-16 01:56:01,261] Trial 35 finished with value: 38.74612808227539 and parameters: {'gradient_clip_val': 0.4407891909097817, 'hidden_size': 6, 'dropout': 0.28603432692603303, 'hidden_continuous_size': 5, 'attention_head_size': 1, 'learning_rate': 0.05132582631486494}. Best is trial 29 with value: 18.27245330810547.
LOCAL_RANK: 0 - CUDA_VISIBLE_DEVICES: [0]
[I 2023-12-16 01:56:46,668] Trial 36 finished with value: 35.80099105834961 and parameters: {'gradient_clip_val': 0.29498016130786125, 'hidden_size': 7, 'dropout': 0.33176931475905275, 'hidden_continuous_size': 5, 'attention_head_size': 1, 'learning_rate': 0.0281718714151974}. Best is trial 29 with value: 18.27245330810547.
LOCAL_RANK: 0 - CUDA_VISIBLE_DEVICES: [0]
[I 2023-12-16 01:57:32,091] Trial 37 finished with value: 45.85906982421875 and parameters: {'gradient_clip_val': 0.48481300329582483, 'hidden_size': 9, 'dropout': 0.3024848301101484, 'hidden_continuous_size': 5, 'attention_head_size': 1, 'learning_rate': 0.042864191538394464}. Best is trial 29 with value: 18.27245330810547.
LOCAL_RANK: 0 - CUDA_VISIBLE_DEVICES: [0]
[I 2023-12-16 01:58:17,134] Trial 38 finished with value: 33.179054260253906 and parameters: {'gradient_clip_val': 0.35260086253870376, 'hidden_size': 6, 'dropout': 0.3563151904689585, 'hidden_continuous_size': 5, 'attention_head_size': 1, 'learning_rate': 0.020130137482330474}. Best is trial 29 with value: 18.27245330810547.
LOCAL_RANK: 0 - CUDA_VISIBLE_DEVICES: [0]
[I 2023-12-16 01:59:02,657] Trial 39 finished with value: 83.84822845458984 and parameters: {'gradient_clip_val': 0.23181702296219883, 'hidden_size': 7, 'dropout': 0.2838114909777748, 'hidden_continuous_size': 5, 'attention_head_size': 1, 'learning_rate': 0.039563991724219864}. Best is trial 29 with value: 18.27245330810547.
LOCAL_RANK: 0 - CUDA_VISIBLE_DEVICES: [0]
[I 2023-12-16 01:59:47,113] Trial 40 finished with value: 55.71537399291992 and parameters: {'gradient_clip_val': 0.2644725148888525, 'hidden_size': 8, 'dropout': 0.3054942781407488, 'hidden_continuous_size': 5, 'attention_head_size': 1, 'learning_rate': 0.06635766814622004}. Best is trial 29 with value: 18.27245330810547.
LOCAL_RANK: 0 - CUDA_VISIBLE_DEVICES: [0]
[I 2023-12-16 02:00:34,153] Trial 41 finished with value: 62.112972259521484 and parameters: {'gradient_clip_val': 0.21171165966867314, 'hidden_size': 10, 'dropout': 0.3310465308530687, 'hidden_continuous_size': 6, 'attention_head_size': 4, 'learning_rate': 0.08991933916631763}. Best is trial 29 with value: 18.27245330810547.
LOCAL_RANK: 0 - CUDA_VISIBLE_DEVICES: [0]
[I 2023-12-16 02:01:12,122] Trial 42 finished with value: 29.433317184448242 and parameters: {'gradient_clip_val': 0.20880899013705573, 'hidden_size': 5, 'dropout': 0.2867995810885056, 'hidden_continuous_size': 5, 'attention_head_size': 4, 'learning_rate': 0.07473593073302769}. Best is trial 29 with value: 18.27245330810547.
LOCAL_RANK: 0 - CUDA_VISIBLE_DEVICES: [0]
[I 2023-12-16 02:01:57,910] Trial 43 finished with value: 62.24644088745117 and parameters: {'gradient_clip_val': 0.5903789896602606, 'hidden_size': 16, 'dropout': 0.31453620152170725, 'hidden_continuous_size': 10, 'attention_head_size': 1, 'learning_rate': 0.045601375843587796}. Best is trial 29 with value: 18.27245330810547.
LOCAL_RANK: 0 - CUDA_VISIBLE_DEVICES: [0]
[I 2023-12-16 02:02:45,739] Trial 44 finished with value: 48.652400970458984 and parameters: {'gradient_clip_val': 0.327231628911232, 'hidden_size': 20, 'dropout': 0.25907816579019505, 'hidden_continuous_size': 14, 'attention_head_size': 1, 'learning_rate': 0.031992091312086565}. Best is trial 29 with value: 18.27245330810547.
LOCAL_RANK: 0 - CUDA_VISIBLE_DEVICES: [0]
[I 2023-12-16 02:03:33,745] Trial 45 finished with value: 31.98866081237793 and parameters: {'gradient_clip_val': 0.3681143386105294, 'hidden_size': 18, 'dropout': 0.27893017662077735, 'hidden_continuous_size': 7, 'attention_head_size': 3, 'learning_rate': 0.06309565730545588}. Best is trial 29 with value: 18.27245330810547.
LOCAL_RANK: 0 - CUDA_VISIBLE_DEVICES: [0]
[I 2023-12-16 02:04:19,496] Trial 46 finished with value: 57.739261627197266 and parameters: {'gradient_clip_val': 0.39082321490131205, 'hidden_size': 8, 'dropout': 0.2399603679767395, 'hidden_continuous_size': 5, 'attention_head_size': 2, 'learning_rate': 0.09370824621376808}. Best is trial 29 with value: 18.27245330810547.
LOCAL_RANK: 0 - CUDA_VISIBLE_DEVICES: [0]
[I 2023-12-16 02:05:05,394] Trial 47 finished with value: 70.76982879638672 and parameters: {'gradient_clip_val': 0.18432141363846088, 'hidden_size': 13, 'dropout': 0.29616142197019274, 'hidden_continuous_size': 7, 'attention_head_size': 1, 'learning_rate': 0.04056334427603101}. Best is trial 29 with value: 18.27245330810547.
LOCAL_RANK: 0 - CUDA_VISIBLE_DEVICES: [0]
[I 2023-12-16 02:05:50,870] Trial 48 finished with value: 26.860246658325195 and parameters: {'gradient_clip_val': 0.16164247835836235, 'hidden_size': 16, 'dropout': 0.34741211229263214, 'hidden_continuous_size': 8, 'attention_head_size': 2, 'learning_rate': 0.05432604992060936}. Best is trial 29 with value: 18.27245330810547.
LOCAL_RANK: 0 - CUDA_VISIBLE_DEVICES: [0]
[I 2023-12-16 02:06:37,270] Trial 49 finished with value: 38.92487716674805 and parameters: {'gradient_clip_val': 0.2425604551662636, 'hidden_size': 15, 'dropout': 0.34903229860965584, 'hidden_continuous_size': 6, 'attention_head_size': 2, 'learning_rate': 0.026816633918987812}. Best is trial 29 with value: 18.27245330810547.
[I 2023-12-16 02:06:37,375] A new study created in memory with name: no-name-4a6d56e2-cf99-4be8-b271-5d8d1a8a71bb
/home/le004/conda/anaconda3/envs/tsff_env/lib/python3.9/site-packages/lightning/fabric/plugins/environments/slurm.py:191: The `srun` command is available on your system but is not used. HINT: If your intention is to run Lightning on SLURM, prepend your python command with `srun` like so: srun python /home/le004/master_thesis/git/TSFusionForecast/code/ ...
LOCAL_RANK: 0 - CUDA_VISIBLE_DEVICES: [0]
[I 2023-12-16 02:07:13,817] Trial 0 finished with value: 276.70947265625 and parameters: {'gradient_clip_val': 0.1261494444754825, 'hidden_size': 5, 'dropout': 0.14757566324386887, 'hidden_continuous_size': 5, 'attention_head_size': 1, 'learning_rate': 0.0011125546583952957}. Best is trial 0 with value: 276.70947265625.
LOCAL_RANK: 0 - CUDA_VISIBLE_DEVICES: [0]
