[I 2023-12-26 16:39:44,814] Trial 40 finished with value: 28.80371856689453 and parameters: {'gradient_clip_val': 0.29720385229267265, 'hidden_size': 25, 'dropout': 0.4308178741779785, 'hidden_continuous_size': 18, 'attention_head_size': 2, 'learning_rate': 0.0005243249777152747}. Best is trial 0 with value: 17.40240478515625.
[I 2023-12-26 16:39:49,302] Trial 41 finished with value: 28.65545082092285 and parameters: {'gradient_clip_val': 0.1132190543648665, 'hidden_size': 72, 'dropout': 0.4545426453357933, 'hidden_continuous_size': 38, 'attention_head_size': 1, 'learning_rate': 0.0014827566097169757}. Best is trial 0 with value: 17.40240478515625.
[I 2023-12-26 16:39:53,145] Trial 42 finished with value: 35.27017593383789 and parameters: {'gradient_clip_val': 0.14126151283171923, 'hidden_size': 59, 'dropout': 0.47420018785665236, 'hidden_continuous_size': 28, 'attention_head_size': 1, 'learning_rate': 0.0008114326797188548}. Best is trial 0 with value: 17.40240478515625.
[I 2023-12-26 16:39:58,314] Trial 43 finished with value: 34.78836441040039 and parameters: {'gradient_clip_val': 0.11027098594523124, 'hidden_size': 84, 'dropout': 0.4463343365616174, 'hidden_continuous_size': 5, 'attention_head_size': 1, 'learning_rate': 0.0012239539177532812}. Best is trial 0 with value: 17.40240478515625.
[I 2023-12-26 16:40:07,350] Trial 44 finished with value: 29.47899627685547 and parameters: {'gradient_clip_val': 0.20230058685547234, 'hidden_size': 123, 'dropout': 0.4224268531441535, 'hidden_continuous_size': 122, 'attention_head_size': 1, 'learning_rate': 0.0018393455312660004}. Best is trial 0 with value: 17.40240478515625.
[I 2023-12-26 16:40:11,417] Trial 45 finished with value: 27.304479598999023 and parameters: {'gradient_clip_val': 0.24590470519207125, 'hidden_size': 66, 'dropout': 0.38400935644554457, 'hidden_continuous_size': 32, 'attention_head_size': 1, 'learning_rate': 0.003072222492552491}. Best is trial 0 with value: 17.40240478515625.
[I 2023-12-26 16:40:16,716] Trial 46 finished with value: 31.588773727416992 and parameters: {'gradient_clip_val': 0.1598652297563526, 'hidden_size': 84, 'dropout': 0.45710100449177926, 'hidden_continuous_size': 35, 'attention_head_size': 2, 'learning_rate': 0.0009584171363426108}. Best is trial 0 with value: 17.40240478515625.
[I 2023-12-26 16:40:23,618] Trial 47 finished with value: 29.11211585998535 and parameters: {'gradient_clip_val': 0.14199955473038353, 'hidden_size': 106, 'dropout': 0.39395742613018525, 'hidden_continuous_size': 19, 'attention_head_size': 3, 'learning_rate': 0.004775170002649051}. Best is trial 0 with value: 17.40240478515625.
[I 2023-12-26 16:40:27,086] Trial 48 finished with value: 32.56119155883789 and parameters: {'gradient_clip_val': 0.1785027977931436, 'hidden_size': 53, 'dropout': 0.42387965922780646, 'hidden_continuous_size': 26, 'attention_head_size': 1, 'learning_rate': 0.0017110429444695881}. Best is trial 0 with value: 17.40240478515625.
[I 2023-12-26 16:40:31,991] Trial 49 finished with value: 28.958160400390625 and parameters: {'gradient_clip_val': 0.18977522818570336, 'hidden_size': 72, 'dropout': 0.47856407629769915, 'hidden_continuous_size': 38, 'attention_head_size': 2, 'learning_rate': 0.002367290251019618}. Best is trial 0 with value: 17.40240478515625.
[I 2023-12-26 16:40:32,127] A new study created in memory with name: no-name-07da3dc5-bab6-40b4-bf90-dffaeb6675e6
/home/le004/conda/anaconda3/envs/tsff_env/lib/python3.9/site-packages/lightning/fabric/plugins/environments/slurm.py:191: The `srun` command is available on your system but is not used. HINT: If your intention is to run Lightning on SLURM, prepend your python command with `srun` like so: srun python /home/le004/master_thesis/git/TSFusionForecast/code/ ...
[I 2023-12-26 16:43:59,886] Trial 0 finished with value: 3.5183117389678955 and parameters: {'gradient_clip_val': 0.2562137963845824, 'hidden_size': 17, 'dropout': 0.3586024390418434, 'hidden_continuous_size': 9, 'attention_head_size': 3, 'learning_rate': 0.0021453525322783335}. Best is trial 0 with value: 3.5183117389678955.
[I 2023-12-26 16:44:08,335] Trial 1 finished with value: 21.24500846862793 and parameters: {'gradient_clip_val': 0.5961541048643317, 'hidden_size': 130, 'dropout': 0.29080847693136264, 'hidden_continuous_size': 41, 'attention_head_size': 2, 'learning_rate': 0.0007935454142908462}. Best is trial 0 with value: 3.5183117389678955.
[I 2023-12-26 16:44:10,514] Trial 2 finished with value: 21.286170959472656 and parameters: {'gradient_clip_val': 0.4922013730607422, 'hidden_size': 20, 'dropout': 0.10399515106314734, 'hidden_continuous_size': 10, 'attention_head_size': 1, 'learning_rate': 0.09889335304503347}. Best is trial 0 with value: 3.5183117389678955.
[I 2023-12-26 16:44:13,430] Trial 3 finished with value: 21.419401168823242 and parameters: {'gradient_clip_val': 0.1269563815338263, 'hidden_size': 27, 'dropout': 0.25408401171851613, 'hidden_continuous_size': 17, 'attention_head_size': 1, 'learning_rate': 0.0034701073738911165}. Best is trial 0 with value: 3.5183117389678955.
[I 2023-12-26 16:44:15,750] Trial 4 finished with value: 16.434967041015625 and parameters: {'gradient_clip_val': 0.1296173513613302, 'hidden_size': 6, 'dropout': 0.268494252185269, 'hidden_continuous_size': 5, 'attention_head_size': 4, 'learning_rate': 0.00767495297548927}. Best is trial 0 with value: 3.5183117389678955.
[I 2023-12-26 16:44:18,307] Trial 5 finished with value: 19.696590423583984 and parameters: {'gradient_clip_val': 0.3678322997440412, 'hidden_size': 19, 'dropout': 0.3161078003539243, 'hidden_continuous_size': 10, 'attention_head_size': 4, 'learning_rate': 0.012704995040289557}. Best is trial 0 with value: 3.5183117389678955.
[I 2023-12-26 16:44:23,005] Trial 6 finished with value: 20.590465545654297 and parameters: {'gradient_clip_val': 0.2423637226517736, 'hidden_size': 66, 'dropout': 0.4227057975942269, 'hidden_continuous_size': 26, 'attention_head_size': 4, 'learning_rate': 0.027939649822401578}. Best is trial 0 with value: 3.5183117389678955.
[I 2023-12-26 16:44:28,004] Trial 7 finished with value: 21.535245895385742 and parameters: {'gradient_clip_val': 0.21778119979255575, 'hidden_size': 66, 'dropout': 0.17823307211837733, 'hidden_continuous_size': 9, 'attention_head_size': 4, 'learning_rate': 0.0006392696195794417}. Best is trial 0 with value: 3.5183117389678955.
[I 2023-12-26 16:44:30,394] Trial 8 finished with value: 16.410287857055664 and parameters: {'gradient_clip_val': 0.35388316249465895, 'hidden_size': 17, 'dropout': 0.11563622340048828, 'hidden_continuous_size': 10, 'attention_head_size': 4, 'learning_rate': 0.0067114093120281635}. Best is trial 0 with value: 3.5183117389678955.
[I 2023-12-26 16:44:33,542] Trial 9 finished with value: 16.171113967895508 and parameters: {'gradient_clip_val': 0.34569178135423057, 'hidden_size': 48, 'dropout': 0.4404335149666484, 'hidden_continuous_size': 38, 'attention_head_size': 1, 'learning_rate': 0.0017507023831667323}. Best is trial 0 with value: 3.5183117389678955.
[I 2023-12-26 16:44:35,540] Trial 10 finished with value: 25.679283142089844 and parameters: {'gradient_clip_val': 0.8396359758084859, 'hidden_size': 6, 'dropout': 0.48088931263167967, 'hidden_continuous_size': 5, 'attention_head_size': 3, 'learning_rate': 0.0022111721330702987}. Best is trial 0 with value: 3.5183117389678955.
[I 2023-12-26 16:44:38,302] Trial 11 finished with value: 21.395246505737305 and parameters: {'gradient_clip_val': 0.2410650111735965, 'hidden_size': 35, 'dropout': 0.38848326402676775, 'hidden_continuous_size': 18, 'attention_head_size': 2, 'learning_rate': 0.0017174753875041982}. Best is trial 0 with value: 3.5183117389678955.
[I 2023-12-26 16:44:40,520] Trial 12 finished with value: 18.335237503051758 and parameters: {'gradient_clip_val': 0.18653541635024956, 'hidden_size': 12, 'dropout': 0.3978851341833341, 'hidden_continuous_size': 6, 'attention_head_size': 3, 'learning_rate': 0.0014038741334641352}. Best is trial 0 with value: 3.5183117389678955.
[I 2023-12-26 16:44:44,534] Trial 13 finished with value: 23.350847244262695 and parameters: {'gradient_clip_val': 0.3049455059383412, 'hidden_size': 39, 'dropout': 0.4927032679550883, 'hidden_continuous_size': 37, 'attention_head_size': 2, 'learning_rate': 0.0005243261247541462}. Best is trial 0 with value: 3.5183117389678955.
[I 2023-12-26 16:44:47,170] Trial 14 finished with value: 17.823270797729492 and parameters: {'gradient_clip_val': 0.1633298641801948, 'hidden_size': 12, 'dropout': 0.3546496154955574, 'hidden_continuous_size': 7, 'attention_head_size': 3, 'learning_rate': 0.0033509609624200244}. Best is trial 0 with value: 3.5183117389678955.
[I 2023-12-26 16:44:52,168] Trial 15 finished with value: 13.658011436462402 and parameters: {'gradient_clip_val': 0.1022837587330689, 'hidden_size': 47, 'dropout': 0.43662222668865586, 'hidden_continuous_size': 25, 'attention_head_size': 1, 'learning_rate': 0.0013272969682199317}. Best is trial 0 with value: 3.5183117389678955.
[I 2023-12-26 16:44:55,732] Trial 16 finished with value: 11.418410301208496 and parameters: {'gradient_clip_val': 0.10724141889246074, 'hidden_size': 29, 'dropout': 0.3774406885607866, 'hidden_continuous_size': 13, 'attention_head_size': 2, 'learning_rate': 0.001173234288309728}. Best is trial 0 with value: 3.5183117389678955.
[I 2023-12-26 16:44:58,326] Trial 17 finished with value: 22.615774154663086 and parameters: {'gradient_clip_val': 0.15540156285519036, 'hidden_size': 10, 'dropout': 0.3418347807505722, 'hidden_continuous_size': 7, 'attention_head_size': 2, 'learning_rate': 0.000867814566516054}. Best is trial 0 with value: 3.5183117389678955.
[I 2023-12-26 16:45:01,425] Trial 18 finished with value: 20.49480438232422 and parameters: {'gradient_clip_val': 0.10597253161586649, 'hidden_size': 26, 'dropout': 0.366776411357071, 'hidden_continuous_size': 13, 'attention_head_size': 3, 'learning_rate': 0.0009178732651773365}. Best is trial 0 with value: 3.5183117389678955.
[I 2023-12-26 16:45:03,669] Trial 19 finished with value: 15.443862915039062 and parameters: {'gradient_clip_val': 0.1801788623475551, 'hidden_size': 8, 'dropout': 0.3163623670726978, 'hidden_continuous_size': 6, 'attention_head_size': 2, 'learning_rate': 0.0032372795756091957}. Best is trial 0 with value: 3.5183117389678955.
[I 2023-12-26 16:45:06,162] Trial 20 finished with value: 14.286969184875488 and parameters: {'gradient_clip_val': 0.12949137485101977, 'hidden_size': 16, 'dropout': 0.38788111520965096, 'hidden_continuous_size': 8, 'attention_head_size': 3, 'learning_rate': 0.0005103035589961521}. Best is trial 0 with value: 3.5183117389678955.
[I 2023-12-26 16:45:09,322] Trial 21 finished with value: 23.171632766723633 and parameters: {'gradient_clip_val': 0.10281775107681643, 'hidden_size': 28, 'dropout': 0.45751457970249243, 'hidden_continuous_size': 12, 'attention_head_size': 1, 'learning_rate': 0.0013431041537087438}. Best is trial 0 with value: 3.5183117389678955.
[I 2023-12-26 16:45:13,374] Trial 22 finished with value: 14.119635581970215 and parameters: {'gradient_clip_val': 0.10730460609102443, 'hidden_size': 46, 'dropout': 0.4188093054778774, 'hidden_continuous_size': 16, 'attention_head_size': 1, 'learning_rate': 0.0010609041789221077}. Best is trial 0 with value: 3.5183117389678955.
[I 2023-12-26 16:45:16,278] Trial 23 finished with value: 16.55947494506836 and parameters: {'gradient_clip_val': 0.1466221528457732, 'hidden_size': 22, 'dropout': 0.45115049707761556, 'hidden_continuous_size': 11, 'attention_head_size': 2, 'learning_rate': 0.002323965233358263}. Best is trial 0 with value: 3.5183117389678955.
[I 2023-12-26 16:45:19,944] Trial 24 finished with value: 14.666259765625 and parameters: {'gradient_clip_val': 0.10069080779998497, 'hidden_size': 33, 'dropout': 0.4041310304928373, 'hidden_continuous_size': 14, 'attention_head_size': 3, 'learning_rate': 0.0011989677345084656}. Best is trial 0 with value: 3.5183117389678955.
[I 2023-12-26 16:45:22,836] Trial 25 finished with value: 14.41489315032959 and parameters: {'gradient_clip_val': 0.19781383582361645, 'hidden_size': 23, 'dropout': 0.36494200486449, 'hidden_continuous_size': 12, 'attention_head_size': 1, 'learning_rate': 0.0007825731264584139}. Best is trial 0 with value: 3.5183117389678955.
[I 2023-12-26 16:45:25,771] Trial 26 finished with value: 18.71392822265625 and parameters: {'gradient_clip_val': 0.14644443016655914, 'hidden_size': 14, 'dropout': 0.4355738501027576, 'hidden_continuous_size': 9, 'attention_head_size': 2, 'learning_rate': 0.0022016062190548633}. Best is trial 0 with value: 3.5183117389678955.
[I 2023-12-26 16:45:28,187] Trial 27 finished with value: 12.951072692871094 and parameters: {'gradient_clip_val': 0.12351745097162971, 'hidden_size': 15, 'dropout': 0.4681946266215023, 'hidden_continuous_size': 8, 'attention_head_size': 3, 'learning_rate': 0.0011388932187692004}. Best is trial 0 with value: 3.5183117389678955.
[I 2023-12-26 16:45:30,441] Trial 28 finished with value: 21.217426300048828 and parameters: {'gradient_clip_val': 0.12463841752200987, 'hidden_size': 9, 'dropout': 0.4791276181163898, 'hidden_continuous_size': 7, 'attention_head_size': 3, 'learning_rate': 0.0007474143777250446}. Best is trial 0 with value: 3.5183117389678955.
[I 2023-12-26 16:45:33,092] Trial 29 finished with value: 16.308988571166992 and parameters: {'gradient_clip_val': 0.16498849210773786, 'hidden_size': 14, 'dropout': 0.46623129938744357, 'hidden_continuous_size': 8, 'attention_head_size': 3, 'learning_rate': 0.0008764275982957657}. Best is trial 0 with value: 3.5183117389678955.
[I 2023-12-26 16:45:43,879] Trial 30 finished with value: 17.236364364624023 and parameters: {'gradient_clip_val': 0.2092479936152968, 'hidden_size': 125, 'dropout': 0.49833928222331925, 'hidden_continuous_size': 59, 'attention_head_size': 3, 'learning_rate': 0.0011113533636399704}. Best is trial 0 with value: 3.5183117389678955.
[I 2023-12-26 16:45:46,746] Trial 31 finished with value: 20.26519203186035 and parameters: {'gradient_clip_val': 0.11393120542314064, 'hidden_size': 21, 'dropout': 0.424295114673901, 'hidden_continuous_size': 9, 'attention_head_size': 2, 'learning_rate': 0.0014356397131414938}. Best is trial 0 with value: 3.5183117389678955.
[I 2023-12-26 16:45:49,408] Trial 32 finished with value: 22.362585067749023 and parameters: {'gradient_clip_val': 0.11984490227705348, 'hidden_size': 17, 'dropout': 0.45462394520626986, 'hidden_continuous_size': 8, 'attention_head_size': 3, 'learning_rate': 0.0006502491013857077}. Best is trial 0 with value: 3.5183117389678955.
[I 2023-12-26 16:45:52,677] Trial 33 finished with value: 24.047487258911133 and parameters: {'gradient_clip_val': 0.14115666109674246, 'hidden_size': 27, 'dropout': 0.4050634765247408, 'hidden_continuous_size': 11, 'attention_head_size': 1, 'learning_rate': 0.001769942557676827}. Best is trial 0 with value: 3.5183117389678955.
[I 2023-12-26 16:45:55,505] Trial 34 finished with value: 11.934100151062012 and parameters: {'gradient_clip_val': 0.12177779204178527, 'hidden_size': 21, 'dropout': 0.3735831375116544, 'hidden_continuous_size': 11, 'attention_head_size': 2, 'learning_rate': 0.0011107131520986082}. Best is trial 0 with value: 3.5183117389678955.
[I 2023-12-26 16:45:58,145] Trial 35 finished with value: 16.542236328125 and parameters: {'gradient_clip_val': 0.12754861431068942, 'hidden_size': 19, 'dropout': 0.338649075987251, 'hidden_continuous_size': 10, 'attention_head_size': 2, 'learning_rate': 0.0026938757736715046}. Best is trial 0 with value: 3.5183117389678955.
[I 2023-12-26 16:46:00,794] Trial 36 finished with value: 16.25206756591797 and parameters: {'gradient_clip_val': 0.1738031576733084, 'hidden_size': 20, 'dropout': 0.2796063389817969, 'hidden_continuous_size': 11, 'attention_head_size': 2, 'learning_rate': 0.004937548507714282}. Best is trial 0 with value: 3.5183117389678955.
[I 2023-12-26 16:46:03,725] Trial 37 finished with value: 23.99220085144043 and parameters: {'gradient_clip_val': 0.14032341393874306, 'hidden_size': 24, 'dropout': 0.2977490844863412, 'hidden_continuous_size': 9, 'attention_head_size': 2, 'learning_rate': 0.0010772001550989503}. Best is trial 0 with value: 3.5183117389678955.
[I 2023-12-26 16:46:06,681] Trial 38 finished with value: 12.93613052368164 and parameters: {'gradient_clip_val': 0.11539257027495575, 'hidden_size': 15, 'dropout': 0.37656659727065284, 'hidden_continuous_size': 10, 'attention_head_size': 4, 'learning_rate': 0.001743652486462356}. Best is trial 0 with value: 3.5183117389678955.
[I 2023-12-26 16:46:09,655] Trial 39 finished with value: 17.597780227661133 and parameters: {'gradient_clip_val': 0.11454914860489962, 'hidden_size': 19, 'dropout': 0.37584299587044645, 'hidden_continuous_size': 10, 'attention_head_size': 4, 'learning_rate': 0.004268035678518534}. Best is trial 0 with value: 3.5183117389678955.
[I 2023-12-26 16:46:13,342] Trial 40 finished with value: 17.432388305664062 and parameters: {'gradient_clip_val': 0.45229297924949896, 'hidden_size': 31, 'dropout': 0.328207455522921, 'hidden_continuous_size': 14, 'attention_head_size': 4, 'learning_rate': 0.0018393743759842962}. Best is trial 0 with value: 3.5183117389678955.
[I 2023-12-26 16:46:16,166] Trial 41 finished with value: 20.105783462524414 and parameters: {'gradient_clip_val': 0.13625391242322443, 'hidden_size': 15, 'dropout': 0.35934967068680734, 'hidden_continuous_size': 9, 'attention_head_size': 4, 'learning_rate': 0.002837594051248686}. Best is trial 0 with value: 3.5183117389678955.
[I 2023-12-26 16:46:18,764] Trial 42 finished with value: 13.908577919006348 and parameters: {'gradient_clip_val': 0.11696419150527519, 'hidden_size': 17, 'dropout': 0.37996953348206325, 'hidden_continuous_size': 10, 'attention_head_size': 4, 'learning_rate': 0.0016900460459914177}. Best is trial 0 with value: 3.5183117389678955.
[I 2023-12-26 16:46:21,412] Trial 43 finished with value: 18.667675018310547 and parameters: {'gradient_clip_val': 0.1565218002300135, 'hidden_size': 12, 'dropout': 0.316612364993693, 'hidden_continuous_size': 8, 'attention_head_size': 3, 'learning_rate': 0.0021655461574081928}. Best is trial 0 with value: 3.5183117389678955.
[I 2023-12-26 16:46:24,512] Trial 44 finished with value: 21.275373458862305 and parameters: {'gradient_clip_val': 0.12167089944800631, 'hidden_size': 23, 'dropout': 0.4101895434913978, 'hidden_continuous_size': 11, 'attention_head_size': 2, 'learning_rate': 0.000658270511166727}. Best is trial 0 with value: 3.5183117389678955.
[I 2023-12-26 16:46:27,066] Trial 45 finished with value: 12.893906593322754 and parameters: {'gradient_clip_val': 0.27073137437591854, 'hidden_size': 13, 'dropout': 0.39116377648444856, 'hidden_continuous_size': 9, 'attention_head_size': 4, 'learning_rate': 0.000953680890260353}. Best is trial 0 with value: 3.5183117389678955.
[I 2023-12-26 16:46:29,751] Trial 46 finished with value: 19.929065704345703 and parameters: {'gradient_clip_val': 0.2708748135197406, 'hidden_size': 13, 'dropout': 0.3489245641994767, 'hidden_continuous_size': 9, 'attention_head_size': 4, 'learning_rate': 0.0009221209865244928}. Best is trial 0 with value: 3.5183117389678955.
[I 2023-12-26 16:46:32,284] Trial 47 finished with value: 23.063819885253906 and parameters: {'gradient_clip_val': 0.23651214070666948, 'hidden_size': 10, 'dropout': 0.3841130945187724, 'hidden_continuous_size': 5, 'attention_head_size': 4, 'learning_rate': 0.0005981371582629653}. Best is trial 0 with value: 3.5183117389678955.
[I 2023-12-26 16:46:35,007] Trial 48 finished with value: 14.136422157287598 and parameters: {'gradient_clip_val': 0.2670442399090313, 'hidden_size': 17, 'dropout': 0.3953233442675014, 'hidden_continuous_size': 10, 'attention_head_size': 4, 'learning_rate': 0.001377634611348699}. Best is trial 0 with value: 3.5183117389678955.
[I 2023-12-26 16:46:37,771] Trial 49 finished with value: 20.764970779418945 and parameters: {'gradient_clip_val': 0.1867751804362063, 'hidden_size': 19, 'dropout': 0.3680761555883769, 'hidden_continuous_size': 12, 'attention_head_size': 4, 'learning_rate': 0.0017127242280074338}. Best is trial 0 with value: 3.5183117389678955.
[I 2023-12-26 16:46:37,929] A new study created in memory with name: no-name-e0c59a04-920d-4cd8-bdc5-4f4965267723
/home/le004/conda/anaconda3/envs/tsff_env/lib/python3.9/site-packages/lightning/fabric/plugins/environments/slurm.py:191: The `srun` command is available on your system but is not used. HINT: If your intention is to run Lightning on SLURM, prepend your python command with `srun` like so: srun python /home/le004/master_thesis/git/TSFusionForecast/code/ ...
[I 2023-12-26 16:49:31,739] Trial 0 finished with value: 20.546287536621094 and parameters: {'gradient_clip_val': 0.25440630386720353, 'hidden_size': 21, 'dropout': 0.15176848477293642, 'hidden_continuous_size': 9, 'attention_head_size': 2, 'learning_rate': 0.0030203539413268194}. Best is trial 0 with value: 20.546287536621094.
[I 2023-12-26 16:49:33,613] Trial 1 finished with value: 66.84010314941406 and parameters: {'gradient_clip_val': 0.1957619162888459, 'hidden_size': 8, 'dropout': 0.3223623858173, 'hidden_continuous_size': 6, 'attention_head_size': 2, 'learning_rate': 0.0033812244627367664}. Best is trial 0 with value: 20.546287536621094.
[I 2023-12-26 16:49:36,966] Trial 2 finished with value: 59.86013412475586 and parameters: {'gradient_clip_val': 0.5737560456114627, 'hidden_size': 64, 'dropout': 0.14493035752447025, 'hidden_continuous_size': 5, 'attention_head_size': 1, 'learning_rate': 0.001640625238187336}. Best is trial 0 with value: 20.546287536621094.
