[I 2023-12-16 02:22:22,114] Trial 40 finished with value: 1.762568473815918 and parameters: {'gradient_clip_val': 0.5477417953263888, 'hidden_size': 20, 'dropout': 0.29413608143570735, 'hidden_continuous_size': 11, 'attention_head_size': 2, 'learning_rate': 0.002211084331208164}. Best is trial 29 with value: 0.11469722539186478.
LOCAL_RANK: 0 - CUDA_VISIBLE_DEVICES: [0]
[I 2023-12-16 02:23:18,207] Trial 41 finished with value: 2.6930363178253174 and parameters: {'gradient_clip_val': 0.32387510018012905, 'hidden_size': 81, 'dropout': 0.338687357634959, 'hidden_continuous_size': 58, 'attention_head_size': 3, 'learning_rate': 0.002365786272324208}. Best is trial 29 with value: 0.11469722539186478.
LOCAL_RANK: 0 - CUDA_VISIBLE_DEVICES: [0]
[I 2023-12-16 02:24:13,522] Trial 42 finished with value: 1.249585509300232 and parameters: {'gradient_clip_val': 0.27958234330430964, 'hidden_size': 67, 'dropout': 0.32880908528049185, 'hidden_continuous_size': 50, 'attention_head_size': 3, 'learning_rate': 0.0015401029955390026}. Best is trial 29 with value: 0.11469722539186478.
LOCAL_RANK: 0 - CUDA_VISIBLE_DEVICES: [0]
[I 2023-12-16 02:25:07,900] Trial 43 finished with value: 4.01797342300415 and parameters: {'gradient_clip_val': 0.32533162997510107, 'hidden_size': 55, 'dropout': 0.3117266634352326, 'hidden_continuous_size': 47, 'attention_head_size': 3, 'learning_rate': 0.0031372518139594556}. Best is trial 29 with value: 0.11469722539186478.
LOCAL_RANK: 0 - CUDA_VISIBLE_DEVICES: [0]
[I 2023-12-16 02:26:03,971] Trial 44 finished with value: 2.2745673656463623 and parameters: {'gradient_clip_val': 0.6496700973263327, 'hidden_size': 81, 'dropout': 0.3660100703873821, 'hidden_continuous_size': 59, 'attention_head_size': 2, 'learning_rate': 0.0010673388404195468}. Best is trial 29 with value: 0.11469722539186478.
LOCAL_RANK: 0 - CUDA_VISIBLE_DEVICES: [0]
[I 2023-12-16 02:27:01,302] Trial 45 finished with value: 0.37393271923065186 and parameters: {'gradient_clip_val': 0.8825165505755143, 'hidden_size': 85, 'dropout': 0.32874710571705074, 'hidden_continuous_size': 66, 'attention_head_size': 3, 'learning_rate': 0.0026129491850515165}. Best is trial 29 with value: 0.11469722539186478.
LOCAL_RANK: 0 - CUDA_VISIBLE_DEVICES: [0]
[I 2023-12-16 02:27:56,701] Trial 46 finished with value: 2.8155088424682617 and parameters: {'gradient_clip_val': 0.8917257800146408, 'hidden_size': 67, 'dropout': 0.2729975374471726, 'hidden_continuous_size': 54, 'attention_head_size': 3, 'learning_rate': 0.0006962015109941559}. Best is trial 29 with value: 0.11469722539186478.
LOCAL_RANK: 0 - CUDA_VISIBLE_DEVICES: [0]
[I 2023-12-16 02:28:50,351] Trial 47 finished with value: 2.738476514816284 and parameters: {'gradient_clip_val': 0.7715268339276239, 'hidden_size': 48, 'dropout': 0.3461043171451476, 'hidden_continuous_size': 40, 'attention_head_size': 4, 'learning_rate': 0.002521858439048679}. Best is trial 29 with value: 0.11469722539186478.
LOCAL_RANK: 0 - CUDA_VISIBLE_DEVICES: [0]
[I 2023-12-16 02:29:48,026] Trial 48 finished with value: 0.9354191422462463 and parameters: {'gradient_clip_val': 0.8695700365090747, 'hidden_size': 99, 'dropout': 0.3148471852108552, 'hidden_continuous_size': 68, 'attention_head_size': 2, 'learning_rate': 0.0015082385601149907}. Best is trial 29 with value: 0.11469722539186478.
LOCAL_RANK: 0 - CUDA_VISIBLE_DEVICES: [0]
[I 2023-12-16 02:30:41,844] Trial 49 finished with value: 2.037581205368042 and parameters: {'gradient_clip_val': 0.7042926852278963, 'hidden_size': 56, 'dropout': 0.30350700755354565, 'hidden_continuous_size': 46, 'attention_head_size': 3, 'learning_rate': 0.0012187970688240532}. Best is trial 29 with value: 0.11469722539186478.
[I 2023-12-16 02:30:41,953] A new study created in memory with name: no-name-7d78815b-9c28-4e4b-8ab7-4118ac6c7b3f
/home/le004/conda/anaconda3/envs/tsff_env/lib/python3.9/site-packages/lightning/fabric/plugins/environments/slurm.py:191: The `srun` command is available on your system but is not used. HINT: If your intention is to run Lightning on SLURM, prepend your python command with `srun` like so: srun python /home/le004/master_thesis/git/TSFusionForecast/code/ ...
LOCAL_RANK: 0 - CUDA_VISIBLE_DEVICES: [0]
[I 2023-12-16 02:31:27,258] Trial 0 finished with value: 1.8358551263809204 and parameters: {'gradient_clip_val': 0.7897241614236913, 'hidden_size': 11, 'dropout': 0.20402871463424738, 'hidden_continuous_size': 10, 'attention_head_size': 1, 'learning_rate': 0.059009914733987125}. Best is trial 0 with value: 1.8358551263809204.
LOCAL_RANK: 0 - CUDA_VISIBLE_DEVICES: [0]
[I 2023-12-16 02:32:13,409] Trial 1 finished with value: 1.112700343132019 and parameters: {'gradient_clip_val': 0.12127023052394686, 'hidden_size': 10, 'dropout': 0.31572929059513755, 'hidden_continuous_size': 6, 'attention_head_size': 4, 'learning_rate': 0.06874572710812137}. Best is trial 1 with value: 1.112700343132019.
LOCAL_RANK: 0 - CUDA_VISIBLE_DEVICES: [0]
[I 2023-12-16 02:33:05,803] Trial 2 finished with value: 2.8935070037841797 and parameters: {'gradient_clip_val': 0.6154338470159383, 'hidden_size': 99, 'dropout': 0.34411822255734204, 'hidden_continuous_size': 5, 'attention_head_size': 1, 'learning_rate': 0.00410495332182769}. Best is trial 1 with value: 1.112700343132019.
LOCAL_RANK: 0 - CUDA_VISIBLE_DEVICES: [0]
[I 2023-12-16 02:33:50,310] Trial 3 finished with value: 0.739729106426239 and parameters: {'gradient_clip_val': 0.1745680091379378, 'hidden_size': 8, 'dropout': 0.35002399857981925, 'hidden_continuous_size': 7, 'attention_head_size': 3, 'learning_rate': 0.040608078111077875}. Best is trial 3 with value: 0.739729106426239.
LOCAL_RANK: 0 - CUDA_VISIBLE_DEVICES: [0]
[I 2023-12-16 02:34:38,244] Trial 4 finished with value: 0.75844806432724 and parameters: {'gradient_clip_val': 0.18324008006326203, 'hidden_size': 28, 'dropout': 0.2681747101870511, 'hidden_continuous_size': 16, 'attention_head_size': 1, 'learning_rate': 0.008067791013559669}. Best is trial 3 with value: 0.739729106426239.
LOCAL_RANK: 0 - CUDA_VISIBLE_DEVICES: [0]
[I 2023-12-16 02:35:32,403] Trial 5 finished with value: 0.22096018493175507 and parameters: {'gradient_clip_val': 0.13060107961123463, 'hidden_size': 61, 'dropout': 0.14525603489706318, 'hidden_continuous_size': 52, 'attention_head_size': 1, 'learning_rate': 0.01316562568847701}. Best is trial 5 with value: 0.22096018493175507.
LOCAL_RANK: 0 - CUDA_VISIBLE_DEVICES: [0]
[I 2023-12-16 02:36:26,580] Trial 6 finished with value: 0.1436348408460617 and parameters: {'gradient_clip_val': 0.3952130576690979, 'hidden_size': 79, 'dropout': 0.2317391840680538, 'hidden_continuous_size': 20, 'attention_head_size': 2, 'learning_rate': 0.01696629674007445}. Best is trial 6 with value: 0.1436348408460617.
LOCAL_RANK: 0 - CUDA_VISIBLE_DEVICES: [0]
[I 2023-12-16 02:37:18,651] Trial 7 finished with value: 1.2239741086959839 and parameters: {'gradient_clip_val': 0.22380611435975667, 'hidden_size': 60, 'dropout': 0.365002162160862, 'hidden_continuous_size': 8, 'attention_head_size': 2, 'learning_rate': 0.003186830682398378}. Best is trial 6 with value: 0.1436348408460617.
LOCAL_RANK: 0 - CUDA_VISIBLE_DEVICES: [0]
[I 2023-12-16 02:38:03,265] Trial 8 finished with value: 0.8112311363220215 and parameters: {'gradient_clip_val': 0.6913159871885753, 'hidden_size': 12, 'dropout': 0.31012079856206015, 'hidden_continuous_size': 6, 'attention_head_size': 3, 'learning_rate': 0.08258439507033347}. Best is trial 6 with value: 0.1436348408460617.
LOCAL_RANK: 0 - CUDA_VISIBLE_DEVICES: [0]
[I 2023-12-16 02:38:57,532] Trial 9 finished with value: 3.32206654548645 and parameters: {'gradient_clip_val': 0.8382418103947055, 'hidden_size': 45, 'dropout': 0.37388357741313527, 'hidden_continuous_size': 41, 'attention_head_size': 4, 'learning_rate': 0.012092021236906288}. Best is trial 6 with value: 0.1436348408460617.
LOCAL_RANK: 0 - CUDA_VISIBLE_DEVICES: [0]
[I 2023-12-16 02:39:31,830] Trial 10 finished with value: 2.333735942840576 and parameters: {'gradient_clip_val': 0.4038271794874765, 'hidden_size': 5, 'dropout': 0.10615546140734036, 'hidden_continuous_size': 5, 'attention_head_size': 2, 'learning_rate': 0.0012007475989106431}. Best is trial 6 with value: 0.1436348408460617.
LOCAL_RANK: 0 - CUDA_VISIBLE_DEVICES: [0]
[I 2023-12-16 02:40:29,329] Trial 11 finished with value: 2.685211181640625 and parameters: {'gradient_clip_val': 0.10108630355046702, 'hidden_size': 87, 'dropout': 0.1856544508078751, 'hidden_continuous_size': 78, 'attention_head_size': 2, 'learning_rate': 0.016456476287519676}. Best is trial 6 with value: 0.1436348408460617.
LOCAL_RANK: 0 - CUDA_VISIBLE_DEVICES: [0]
[I 2023-12-16 02:41:21,479] Trial 12 finished with value: 0.5204686522483826 and parameters: {'gradient_clip_val': 0.3366650735700677, 'hidden_size': 45, 'dropout': 0.14926219139866087, 'hidden_continuous_size': 20, 'attention_head_size': 1, 'learning_rate': 0.023160170109844926}. Best is trial 6 with value: 0.1436348408460617.
LOCAL_RANK: 0 - CUDA_VISIBLE_DEVICES: [0]
[I 2023-12-16 02:42:10,618] Trial 13 finished with value: 2.4268131256103516 and parameters: {'gradient_clip_val': 0.48312613224539536, 'hidden_size': 27, 'dropout': 0.23232782103865995, 'hidden_continuous_size': 13, 'attention_head_size': 2, 'learning_rate': 0.02560189571423423}. Best is trial 6 with value: 0.1436348408460617.
LOCAL_RANK: 0 - CUDA_VISIBLE_DEVICES: [0]
[I 2023-12-16 02:43:04,520] Trial 14 finished with value: 1.3993977308273315 and parameters: {'gradient_clip_val': 0.2741053679366896, 'hidden_size': 63, 'dropout': 0.1486274166075835, 'hidden_continuous_size': 25, 'attention_head_size': 3, 'learning_rate': 0.00839191890081727}. Best is trial 6 with value: 0.1436348408460617.
LOCAL_RANK: 0 - CUDA_VISIBLE_DEVICES: [0]
[I 2023-12-16 02:43:58,767] Trial 15 finished with value: 1.7524105310440063 and parameters: {'gradient_clip_val': 0.31339149617580175, 'hidden_size': 96, 'dropout': 0.2548081999876608, 'hidden_continuous_size': 34, 'attention_head_size': 1, 'learning_rate': 0.028771935713273192}. Best is trial 6 with value: 0.1436348408460617.
LOCAL_RANK: 0 - CUDA_VISIBLE_DEVICES: [0]
[I 2023-12-16 02:44:50,973] Trial 16 finished with value: 1.4228529930114746 and parameters: {'gradient_clip_val': 0.4923997272279596, 'hidden_size': 41, 'dropout': 0.20011643706497362, 'hidden_continuous_size': 12, 'attention_head_size': 2, 'learning_rate': 0.017503594214848373}. Best is trial 6 with value: 0.1436348408460617.
LOCAL_RANK: 0 - CUDA_VISIBLE_DEVICES: [0]
[I 2023-12-16 02:45:38,015] Trial 17 finished with value: 0.7206794619560242 and parameters: {'gradient_clip_val': 0.9913402945398324, 'hidden_size': 18, 'dropout': 0.27255225833720764, 'hidden_continuous_size': 9, 'attention_head_size': 1, 'learning_rate': 0.004922274426955236}. Best is trial 6 with value: 0.1436348408460617.
LOCAL_RANK: 0 - CUDA_VISIBLE_DEVICES: [0]
[I 2023-12-16 02:46:33,234] Trial 18 finished with value: 2.6591575145721436 and parameters: {'gradient_clip_val': 0.14702296872241388, 'hidden_size': 69, 'dropout': 0.22164060328821217, 'hidden_continuous_size': 52, 'attention_head_size': 2, 'learning_rate': 0.012042329416850437}. Best is trial 6 with value: 0.1436348408460617.
LOCAL_RANK: 0 - CUDA_VISIBLE_DEVICES: [0]
[I 2023-12-16 02:47:27,528] Trial 19 finished with value: 2.187141180038452 and parameters: {'gradient_clip_val': 0.23884035374130147, 'hidden_size': 69, 'dropout': 0.178150658661256, 'hidden_continuous_size': 25, 'attention_head_size': 3, 'learning_rate': 0.03974882433582086}. Best is trial 6 with value: 0.1436348408460617.
LOCAL_RANK: 0 - CUDA_VISIBLE_DEVICES: [0]
[I 2023-12-16 02:48:16,298] Trial 20 finished with value: 1.1451469659805298 and parameters: {'gradient_clip_val': 0.20643307322513427, 'hidden_size': 32, 'dropout': 0.1161814068494485, 'hidden_continuous_size': 16, 'attention_head_size': 1, 'learning_rate': 0.000522687218287596}. Best is trial 6 with value: 0.1436348408460617.
LOCAL_RANK: 0 - CUDA_VISIBLE_DEVICES: [0]
[I 2023-12-16 02:49:08,590] Trial 21 finished with value: 0.8707268834114075 and parameters: {'gradient_clip_val': 0.3320856622055211, 'hidden_size': 46, 'dropout': 0.13954678370687282, 'hidden_continuous_size': 20, 'attention_head_size': 1, 'learning_rate': 0.026151462765001087}. Best is trial 6 with value: 0.1436348408460617.
LOCAL_RANK: 0 - CUDA_VISIBLE_DEVICES: [0]
[I 2023-12-16 02:50:01,413] Trial 22 finished with value: 3.419745683670044 and parameters: {'gradient_clip_val': 0.3401003534488144, 'hidden_size': 54, 'dropout': 0.1416720606381554, 'hidden_continuous_size': 20, 'attention_head_size': 1, 'learning_rate': 0.018969947697056486}. Best is trial 6 with value: 0.1436348408460617.
LOCAL_RANK: 0 - CUDA_VISIBLE_DEVICES: [0]
[I 2023-12-16 02:50:52,958] Trial 23 finished with value: 1.3213783502578735 and parameters: {'gradient_clip_val': 0.2667307880895079, 'hidden_size': 37, 'dropout': 0.1710581813830955, 'hidden_continuous_size': 15, 'attention_head_size': 2, 'learning_rate': 0.011376059195291667}. Best is trial 6 with value: 0.1436348408460617.
LOCAL_RANK: 0 - CUDA_VISIBLE_DEVICES: [0]
[I 2023-12-16 02:51:46,807] Trial 24 finished with value: 0.5190366506576538 and parameters: {'gradient_clip_val': 0.3990909110708334, 'hidden_size': 77, 'dropout': 0.15869078852393598, 'hidden_continuous_size': 27, 'attention_head_size': 1, 'learning_rate': 0.04190916253402015}. Best is trial 6 with value: 0.1436348408460617.
LOCAL_RANK: 0 - CUDA_VISIBLE_DEVICES: [0]
[I 2023-12-16 02:52:41,037] Trial 25 finished with value: 0.7643960118293762 and parameters: {'gradient_clip_val': 0.47720268529095394, 'hidden_size': 78, 'dropout': 0.16969584313260588, 'hidden_continuous_size': 31, 'attention_head_size': 2, 'learning_rate': 0.04334104647803331}. Best is trial 6 with value: 0.1436348408460617.
LOCAL_RANK: 0 - CUDA_VISIBLE_DEVICES: [0]
[I 2023-12-16 02:53:33,698] Trial 26 finished with value: 1.119332194328308 and parameters: {'gradient_clip_val': 0.38194756444004746, 'hidden_size': 56, 'dropout': 0.1021490485781629, 'hidden_continuous_size': 25, 'attention_head_size': 1, 'learning_rate': 0.09221113195808316}. Best is trial 6 with value: 0.1436348408460617.
LOCAL_RANK: 0 - CUDA_VISIBLE_DEVICES: [0]
[I 2023-12-16 02:54:28,974] Trial 27 finished with value: 0.22771470248699188 and parameters: {'gradient_clip_val': 0.1598193577238672, 'hidden_size': 82, 'dropout': 0.22469316899402214, 'hidden_continuous_size': 53, 'attention_head_size': 1, 'learning_rate': 0.04536564102717664}. Best is trial 6 with value: 0.1436348408460617.
LOCAL_RANK: 0 - CUDA_VISIBLE_DEVICES: [0]
[I 2023-12-16 02:55:24,801] Trial 28 finished with value: 1.3042534589767456 and parameters: {'gradient_clip_val': 0.15639297097170318, 'hidden_size': 83, 'dropout': 0.23189649033809698, 'hidden_continuous_size': 54, 'attention_head_size': 2, 'learning_rate': 0.0584815368780972}. Best is trial 6 with value: 0.1436348408460617.
LOCAL_RANK: 0 - CUDA_VISIBLE_DEVICES: [0]
[I 2023-12-16 02:56:18,416] Trial 29 finished with value: 0.07812216132879257 and parameters: {'gradient_clip_val': 0.1394373980008408, 'hidden_size': 55, 'dropout': 0.206450481401098, 'hidden_continuous_size': 38, 'attention_head_size': 1, 'learning_rate': 0.05894992408550591}. Best is trial 29 with value: 0.07812216132879257.
LOCAL_RANK: 0 - CUDA_VISIBLE_DEVICES: [0]
[I 2023-12-16 02:57:12,413] Trial 30 finished with value: 1.1179232597351074 and parameters: {'gradient_clip_val': 0.13244335021197684, 'hidden_size': 55, 'dropout': 0.2046161936814173, 'hidden_continuous_size': 36, 'attention_head_size': 3, 'learning_rate': 0.0987603911443554}. Best is trial 29 with value: 0.07812216132879257.
LOCAL_RANK: 0 - CUDA_VISIBLE_DEVICES: [0]
[I 2023-12-16 02:58:07,590] Trial 31 finished with value: 1.0620607137680054 and parameters: {'gradient_clip_val': 0.10348738114655101, 'hidden_size': 100, 'dropout': 0.21853155857007553, 'hidden_continuous_size': 46, 'attention_head_size': 1, 'learning_rate': 0.05261724424932621}. Best is trial 29 with value: 0.07812216132879257.
LOCAL_RANK: 0 - CUDA_VISIBLE_DEVICES: [0]
[I 2023-12-16 02:59:03,362] Trial 32 finished with value: 1.1897863149642944 and parameters: {'gradient_clip_val': 0.12002483517438692, 'hidden_size': 81, 'dropout': 0.1953873470217847, 'hidden_continuous_size': 63, 'attention_head_size': 1, 'learning_rate': 0.06581837755090822}. Best is trial 29 with value: 0.07812216132879257.
LOCAL_RANK: 0 - CUDA_VISIBLE_DEVICES: [0]
[I 2023-12-16 02:59:57,801] Trial 33 finished with value: 2.573010206222534 and parameters: {'gradient_clip_val': 0.13799837574205787, 'hidden_size': 67, 'dropout': 0.2495194045734138, 'hidden_continuous_size': 41, 'attention_head_size': 1, 'learning_rate': 0.03022796140168425}. Best is trial 29 with value: 0.07812216132879257.
LOCAL_RANK: 0 - CUDA_VISIBLE_DEVICES: [0]
[I 2023-12-16 03:00:50,973] Trial 34 finished with value: 2.9375076293945312 and parameters: {'gradient_clip_val': 0.17073794435449569, 'hidden_size': 53, 'dropout': 0.2082822314543672, 'hidden_continuous_size': 36, 'attention_head_size': 1, 'learning_rate': 0.06793200095309605}. Best is trial 29 with value: 0.07812216132879257.
LOCAL_RANK: 0 - CUDA_VISIBLE_DEVICES: [0]
[I 2023-12-16 03:01:47,415] Trial 35 finished with value: 0.7398076057434082 and parameters: {'gradient_clip_val': 0.11920004253227763, 'hidden_size': 75, 'dropout': 0.18881389076031, 'hidden_continuous_size': 53, 'attention_head_size': 4, 'learning_rate': 0.033647501633732806}. Best is trial 29 with value: 0.07812216132879257.
LOCAL_RANK: 0 - CUDA_VISIBLE_DEVICES: [0]
[I 2023-12-16 03:02:44,647] Trial 36 finished with value: 2.4182374477386475 and parameters: {'gradient_clip_val': 0.1847625057911369, 'hidden_size': 94, 'dropout': 0.21864492870777466, 'hidden_continuous_size': 82, 'attention_head_size': 1, 'learning_rate': 0.055640017220533265}. Best is trial 29 with value: 0.07812216132879257.
LOCAL_RANK: 0 - CUDA_VISIBLE_DEVICES: [0]
[I 2023-12-16 03:03:38,760] Trial 37 finished with value: 1.5957751274108887 and parameters: {'gradient_clip_val': 0.16378288592818913, 'hidden_size': 64, 'dropout': 0.2826793684054653, 'hidden_continuous_size': 44, 'attention_head_size': 2, 'learning_rate': 0.021496301144236476}. Best is trial 29 with value: 0.07812216132879257.
LOCAL_RANK: 0 - CUDA_VISIBLE_DEVICES: [0]
[I 2023-12-16 03:04:32,108] Trial 38 finished with value: 0.8595991730690002 and parameters: {'gradient_clip_val': 0.19611827555837866, 'hidden_size': 51, 'dropout': 0.24505373407121944, 'hidden_continuous_size': 33, 'attention_head_size': 1, 'learning_rate': 0.01535523706902864}. Best is trial 29 with value: 0.07812216132879257.
LOCAL_RANK: 0 - CUDA_VISIBLE_DEVICES: [0]
[I 2023-12-16 03:05:24,313] Trial 39 finished with value: 2.113284111022949 and parameters: {'gradient_clip_val': 0.1473842248229823, 'hidden_size': 39, 'dropout': 0.1844201943612388, 'hidden_continuous_size': 31, 'attention_head_size': 1, 'learning_rate': 0.0332252295328877}. Best is trial 29 with value: 0.07812216132879257.
LOCAL_RANK: 0 - CUDA_VISIBLE_DEVICES: [0]
[I 2023-12-16 03:06:18,424] Trial 40 finished with value: 1.3232320547103882 and parameters: {'gradient_clip_val': 0.17562387392254772, 'hidden_size': 62, 'dropout': 0.2895926087902358, 'hidden_continuous_size': 39, 'attention_head_size': 2, 'learning_rate': 0.08105291453229842}. Best is trial 29 with value: 0.07812216132879257.
LOCAL_RANK: 0 - CUDA_VISIBLE_DEVICES: [0]
[I 2023-12-16 03:07:13,895] Trial 41 finished with value: 0.5754000544548035 and parameters: {'gradient_clip_val': 0.12948694587854068, 'hidden_size': 82, 'dropout': 0.1677984753828523, 'hidden_continuous_size': 63, 'attention_head_size': 1, 'learning_rate': 0.046074023369788664}. Best is trial 29 with value: 0.07812216132879257.
LOCAL_RANK: 0 - CUDA_VISIBLE_DEVICES: [0]
[I 2023-12-16 03:08:07,722] Trial 42 finished with value: 1.0376896858215332 and parameters: {'gradient_clip_val': 0.1108880693306724, 'hidden_size': 74, 'dropout': 0.3932743647342929, 'hidden_continuous_size': 29, 'attention_head_size': 1, 'learning_rate': 0.039688436763582316}. Best is trial 29 with value: 0.07812216132879257.
LOCAL_RANK: 0 - CUDA_VISIBLE_DEVICES: [0]
[I 2023-12-16 03:09:04,420] Trial 43 finished with value: 1.282689094543457 and parameters: {'gradient_clip_val': 0.15608810113805577, 'hidden_size': 100, 'dropout': 0.20434670818758832, 'hidden_continuous_size': 69, 'attention_head_size': 1, 'learning_rate': 0.04846299329665183}. Best is trial 29 with value: 0.07812216132879257.
LOCAL_RANK: 0 - CUDA_VISIBLE_DEVICES: [0]
[I 2023-12-16 03:09:59,052] Trial 44 finished with value: 1.0023525953292847 and parameters: {'gradient_clip_val': 0.11658856085322816, 'hidden_size': 84, 'dropout': 0.1594698269375506, 'hidden_continuous_size': 47, 'attention_head_size': 1, 'learning_rate': 0.02358079573540077}. Best is trial 29 with value: 0.07812216132879257.
LOCAL_RANK: 0 - CUDA_VISIBLE_DEVICES: [0]
[I 2023-12-16 03:10:52,700] Trial 45 finished with value: 1.1247347593307495 and parameters: {'gradient_clip_val': 0.13389547921356093, 'hidden_size': 60, 'dropout': 0.12535232287835427, 'hidden_continuous_size': 39, 'attention_head_size': 2, 'learning_rate': 0.06859272138541063}. Best is trial 29 with value: 0.07812216132879257.
LOCAL_RANK: 0 - CUDA_VISIBLE_DEVICES: [0]
[I 2023-12-16 03:11:44,966] Trial 46 finished with value: 0.663898766040802 and parameters: {'gradient_clip_val': 0.21513049708855878, 'hidden_size': 48, 'dropout': 0.1624255911091791, 'hidden_continuous_size': 38, 'attention_head_size': 1, 'learning_rate': 0.01392410892618383}. Best is trial 29 with value: 0.07812216132879257.
LOCAL_RANK: 0 - CUDA_VISIBLE_DEVICES: [0]
