[I 2023-12-26 12:06:27,036] Trial 29 finished with value: 2.469940662384033 and parameters: {'gradient_clip_val': 0.45802305089658274, 'hidden_size': 145, 'dropout': 0.13238564196631772, 'hidden_continuous_size': 48, 'attention_head_size': 4, 'learning_rate': 0.01115234475803437}. Best is trial 1 with value: 0.06367051601409912.
[I 2023-12-26 12:06:34,702] Trial 30 finished with value: 2.857769727706909 and parameters: {'gradient_clip_val': 0.43257955524618674, 'hidden_size': 87, 'dropout': 0.18161783932419062, 'hidden_continuous_size': 21, 'attention_head_size': 3, 'learning_rate': 0.009279066492662984}. Best is trial 1 with value: 0.06367051601409912.
[I 2023-12-26 12:06:45,061] Trial 31 finished with value: 1.9294968843460083 and parameters: {'gradient_clip_val': 0.4891311173679201, 'hidden_size': 114, 'dropout': 0.10039356568307659, 'hidden_continuous_size': 106, 'attention_head_size': 1, 'learning_rate': 0.0755352148375348}. Best is trial 1 with value: 0.06367051601409912.
[I 2023-12-26 12:06:58,976] Trial 32 finished with value: 2.0395920276641846 and parameters: {'gradient_clip_val': 0.49928390646383786, 'hidden_size': 147, 'dropout': 0.13027350540403043, 'hidden_continuous_size': 139, 'attention_head_size': 1, 'learning_rate': 0.08160871045855735}. Best is trial 1 with value: 0.06367051601409912.
[I 2023-12-26 12:07:08,087] Trial 33 finished with value: 2.752019166946411 and parameters: {'gradient_clip_val': 0.40281834437472946, 'hidden_size': 95, 'dropout': 0.15666832186340376, 'hidden_continuous_size': 78, 'attention_head_size': 1, 'learning_rate': 0.035256773905779665}. Best is trial 1 with value: 0.06367051601409912.
[I 2023-12-26 12:07:15,055] Trial 34 finished with value: 2.424720525741577 and parameters: {'gradient_clip_val': 0.35868755426908283, 'hidden_size': 73, 'dropout': 0.11915741894520958, 'hidden_continuous_size': 54, 'attention_head_size': 2, 'learning_rate': 0.09381381020104484}. Best is trial 1 with value: 0.06367051601409912.
[I 2023-12-26 12:07:25,818] Trial 35 finished with value: 2.3839476108551025 and parameters: {'gradient_clip_val': 0.5871752318383794, 'hidden_size': 118, 'dropout': 0.1584127491448691, 'hidden_continuous_size': 89, 'attention_head_size': 1, 'learning_rate': 0.055734565041523305}. Best is trial 1 with value: 0.06367051601409912.
[I 2023-12-26 12:07:29,866] Trial 36 finished with value: 3.5166091918945312 and parameters: {'gradient_clip_val': 0.51229827062432, 'hidden_size': 35, 'dropout': 0.18565825396098998, 'hidden_continuous_size': 24, 'attention_head_size': 2, 'learning_rate': 0.016142865256710954}. Best is trial 1 with value: 0.06367051601409912.
[I 2023-12-26 12:07:34,809] Trial 37 finished with value: 2.458834409713745 and parameters: {'gradient_clip_val': 0.4164609905637127, 'hidden_size': 51, 'dropout': 0.12260428396554338, 'hidden_continuous_size': 29, 'attention_head_size': 1, 'learning_rate': 0.030630722737063132}. Best is trial 1 with value: 0.06367051601409912.
[I 2023-12-26 12:07:45,890] Trial 38 finished with value: 1.3998737335205078 and parameters: {'gradient_clip_val': 0.3223320610198232, 'hidden_size': 122, 'dropout': 0.1449265764479992, 'hidden_continuous_size': 85, 'attention_head_size': 1, 'learning_rate': 0.06553006879518014}. Best is trial 1 with value: 0.06367051601409912.
[I 2023-12-26 12:07:49,430] Trial 39 finished with value: 2.909066915512085 and parameters: {'gradient_clip_val': 0.30325280527647686, 'hidden_size': 29, 'dropout': 0.17571848700664316, 'hidden_continuous_size': 19, 'attention_head_size': 2, 'learning_rate': 0.005709864215278275}. Best is trial 1 with value: 0.06367051601409912.
[I 2023-12-26 12:07:57,577] Trial 40 finished with value: 1.989223599433899 and parameters: {'gradient_clip_val': 0.2423647307528584, 'hidden_size': 89, 'dropout': 0.20933435982885418, 'hidden_continuous_size': 63, 'attention_head_size': 2, 'learning_rate': 0.020013716882775735}. Best is trial 1 with value: 0.06367051601409912.
[I 2023-12-26 12:08:09,110] Trial 41 finished with value: 2.1844937801361084 and parameters: {'gradient_clip_val': 0.3318530075704853, 'hidden_size': 127, 'dropout': 0.14542944528780843, 'hidden_continuous_size': 91, 'attention_head_size': 1, 'learning_rate': 0.06649130055414426}. Best is trial 1 with value: 0.06367051601409912.
[I 2023-12-26 12:08:19,600] Trial 42 finished with value: 2.363532304763794 and parameters: {'gradient_clip_val': 0.3728924603512261, 'hidden_size': 119, 'dropout': 0.10650407067005224, 'hidden_continuous_size': 88, 'attention_head_size': 1, 'learning_rate': 0.05294569548528173}. Best is trial 1 with value: 0.06367051601409912.
[I 2023-12-26 12:08:33,065] Trial 43 finished with value: 2.328779458999634 and parameters: {'gradient_clip_val': 0.2996319370569683, 'hidden_size': 149, 'dropout': 0.13698299739447917, 'hidden_continuous_size': 105, 'attention_head_size': 1, 'learning_rate': 0.09907869914295511}. Best is trial 1 with value: 0.06367051601409912.
[I 2023-12-26 12:08:42,530] Trial 44 finished with value: 2.10141921043396 and parameters: {'gradient_clip_val': 0.4463938715826064, 'hidden_size': 106, 'dropout': 0.11606811636119985, 'hidden_continuous_size': 63, 'attention_head_size': 1, 'learning_rate': 0.07067220757581076}. Best is trial 1 with value: 0.06367051601409912.
[I 2023-12-26 12:08:48,831] Trial 45 finished with value: 3.3568592071533203 and parameters: {'gradient_clip_val': 0.3424512934305708, 'hidden_size': 66, 'dropout': 0.15806281732544783, 'hidden_continuous_size': 54, 'attention_head_size': 3, 'learning_rate': 0.044499293606735074}. Best is trial 1 with value: 0.06367051601409912.
[I 2023-12-26 12:08:56,438] Trial 46 finished with value: 2.5026633739471436 and parameters: {'gradient_clip_val': 0.16416093805441656, 'hidden_size': 82, 'dropout': 0.13709126317689985, 'hidden_continuous_size': 61, 'attention_head_size': 1, 'learning_rate': 0.03158213652246176}. Best is trial 1 with value: 0.06367051601409912.
[I 2023-12-26 12:09:06,501] Trial 47 finished with value: 2.316014289855957 and parameters: {'gradient_clip_val': 0.12447804475389462, 'hidden_size': 118, 'dropout': 0.18971663147914153, 'hidden_continuous_size': 44, 'attention_head_size': 1, 'learning_rate': 0.06635557641862658}. Best is trial 1 with value: 0.06367051601409912.
[I 2023-12-26 12:09:15,805] Trial 48 finished with value: 3.42616868019104 and parameters: {'gradient_clip_val': 0.38493343937647684, 'hidden_size': 93, 'dropout': 0.10226486063171651, 'hidden_continuous_size': 73, 'attention_head_size': 4, 'learning_rate': 0.020743994332297604}. Best is trial 1 with value: 0.06367051601409912.
[I 2023-12-26 12:09:17,927] Trial 49 finished with value: 2.9843082427978516 and parameters: {'gradient_clip_val': 0.18378349976341024, 'hidden_size': 6, 'dropout': 0.17810043943257958, 'hidden_continuous_size': 6, 'attention_head_size': 2, 'learning_rate': 0.09980187301287533}. Best is trial 1 with value: 0.06367051601409912.
[I 2023-12-26 12:09:18,134] A new study created in memory with name: no-name-e81dac83-5392-42ba-94b4-aaacd961a8bb
/home/le004/conda/anaconda3/envs/tsff_env/lib/python3.9/site-packages/lightning/fabric/plugins/environments/slurm.py:191: The `srun` command is available on your system but is not used. HINT: If your intention is to run Lightning on SLURM, prepend your python command with `srun` like so: srun python /home/le004/master_thesis/git/TSFusionForecast/code/ ...
[I 2023-12-26 12:14:30,270] Trial 0 finished with value: 0.10480445623397827 and parameters: {'gradient_clip_val': 0.41093753656237964, 'hidden_size': 8, 'dropout': 0.36529504465994567, 'hidden_continuous_size': 6, 'attention_head_size': 1, 'learning_rate': 0.0017310152835386145}. Best is trial 0 with value: 0.10480445623397827.
[I 2023-12-26 12:22:16,720] Trial 1 finished with value: 0.11289823055267334 and parameters: {'gradient_clip_val': 0.24288313986048043, 'hidden_size': 64, 'dropout': 0.35931732356466795, 'hidden_continuous_size': 5, 'attention_head_size': 2, 'learning_rate': 0.07570704228441477}. Best is trial 0 with value: 0.10480445623397827.
[I 2023-12-26 12:22:19,768] Trial 2 finished with value: 3.379007577896118 and parameters: {'gradient_clip_val': 0.17280111142528315, 'hidden_size': 30, 'dropout': 0.17852590475861124, 'hidden_continuous_size': 17, 'attention_head_size': 1, 'learning_rate': 0.06425358309303578}. Best is trial 0 with value: 0.10480445623397827.
[I 2023-12-26 12:22:23,315] Trial 3 finished with value: 2.6506826877593994 and parameters: {'gradient_clip_val': 0.3300302591732289, 'hidden_size': 39, 'dropout': 0.2170077062363201, 'hidden_continuous_size': 9, 'attention_head_size': 1, 'learning_rate': 0.057434978597976694}. Best is trial 0 with value: 0.10480445623397827.
[I 2023-12-26 12:22:26,043] Trial 4 finished with value: 3.147942304611206 and parameters: {'gradient_clip_val': 0.28444356146630034, 'hidden_size': 24, 'dropout': 0.13872907570046752, 'hidden_continuous_size': 14, 'attention_head_size': 1, 'learning_rate': 0.005473139197764038}. Best is trial 0 with value: 0.10480445623397827.
[I 2023-12-26 12:22:28,059] Trial 5 finished with value: 4.178505897521973 and parameters: {'gradient_clip_val': 0.315219486223128, 'hidden_size': 5, 'dropout': 0.11142376315318928, 'hidden_continuous_size': 5, 'attention_head_size': 1, 'learning_rate': 0.060171561517015006}. Best is trial 0 with value: 0.10480445623397827.
[I 2023-12-26 12:22:33,027] Trial 6 finished with value: 2.784252166748047 and parameters: {'gradient_clip_val': 0.1954398227064276, 'hidden_size': 63, 'dropout': 0.2499275763628119, 'hidden_continuous_size': 30, 'attention_head_size': 1, 'learning_rate': 0.0005320822432696246}. Best is trial 0 with value: 0.10480445623397827.
[I 2023-12-26 12:22:35,070] Trial 7 finished with value: 3.274226188659668 and parameters: {'gradient_clip_val': 0.1531933218672434, 'hidden_size': 6, 'dropout': 0.35889099166593696, 'hidden_continuous_size': 5, 'attention_head_size': 2, 'learning_rate': 0.0008348286118074097}. Best is trial 0 with value: 0.10480445623397827.
[I 2023-12-26 12:22:43,492] Trial 8 finished with value: 2.5500786304473877 and parameters: {'gradient_clip_val': 0.9203242988511234, 'hidden_size': 92, 'dropout': 0.299557459206125, 'hidden_continuous_size': 75, 'attention_head_size': 1, 'learning_rate': 0.002565586629132351}. Best is trial 0 with value: 0.10480445623397827.
[I 2023-12-26 12:22:48,011] Trial 9 finished with value: 2.9704859256744385 and parameters: {'gradient_clip_val': 0.8331591598190031, 'hidden_size': 53, 'dropout': 0.35891637031082957, 'hidden_continuous_size': 9, 'attention_head_size': 3, 'learning_rate': 0.0005115008323294557}. Best is trial 0 with value: 0.10480445623397827.
[I 2023-12-26 12:22:50,774] Trial 10 finished with value: 3.2154858112335205 and parameters: {'gradient_clip_val': 0.10173980434789871, 'hidden_size': 11, 'dropout': 0.4853314818415294, 'hidden_continuous_size': 6, 'attention_head_size': 4, 'learning_rate': 0.0024595091275659577}. Best is trial 0 with value: 0.10480445623397827.
[I 2023-12-26 12:23:00,643] Trial 11 finished with value: 4.07288932800293 and parameters: {'gradient_clip_val': 0.5034342406153413, 'hidden_size': 129, 'dropout': 0.4045010541248383, 'hidden_continuous_size': 9, 'attention_head_size': 2, 'learning_rate': 0.01381103348191091}. Best is trial 0 with value: 0.10480445623397827.
[I 2023-12-26 12:23:02,906] Trial 12 finished with value: 3.2847697734832764 and parameters: {'gradient_clip_val': 0.48342829300950724, 'hidden_size': 16, 'dropout': 0.3018331045101916, 'hidden_continuous_size': 6, 'attention_head_size': 2, 'learning_rate': 0.0201588629651223}. Best is trial 0 with value: 0.10480445623397827.
[I 2023-12-26 12:23:05,326] Trial 13 finished with value: 4.497929096221924 and parameters: {'gradient_clip_val': 0.46360190803250223, 'hidden_size': 10, 'dropout': 0.4233058903207557, 'hidden_continuous_size': 5, 'attention_head_size': 3, 'learning_rate': 0.011448300820733382}. Best is trial 0 with value: 0.10480445623397827.
[I 2023-12-26 12:23:08,025] Trial 14 finished with value: 3.403900146484375 and parameters: {'gradient_clip_val': 0.25711965782978824, 'hidden_size': 24, 'dropout': 0.3072593524256196, 'hidden_continuous_size': 7, 'attention_head_size': 2, 'learning_rate': 0.03066507749328544}. Best is trial 0 with value: 0.10480445623397827.
[I 2023-12-26 12:23:13,557] Trial 15 finished with value: 4.617278575897217 and parameters: {'gradient_clip_val': 0.3937813408644697, 'hidden_size': 67, 'dropout': 0.47911233106772927, 'hidden_continuous_size': 12, 'attention_head_size': 3, 'learning_rate': 0.03226296086335706}. Best is trial 0 with value: 0.10480445623397827.
[I 2023-12-26 12:23:17,440] Trial 16 finished with value: 3.6195926666259766 and parameters: {'gradient_clip_val': 0.6901683095642855, 'hidden_size': 43, 'dropout': 0.4049277542978994, 'hidden_continuous_size': 7, 'attention_head_size': 4, 'learning_rate': 0.08337675331571065}. Best is trial 0 with value: 0.10480445623397827.
[I 2023-12-26 12:23:26,927] Trial 17 finished with value: 3.124413251876831 and parameters: {'gradient_clip_val': 0.23082538017730705, 'hidden_size': 121, 'dropout': 0.340463378321091, 'hidden_continuous_size': 26, 'attention_head_size': 2, 'learning_rate': 0.005815431172539946}. Best is trial 0 with value: 0.10480445623397827.
[I 2023-12-26 12:23:33,862] Trial 18 finished with value: 3.2323758602142334 and parameters: {'gradient_clip_val': 0.6310481286760359, 'hidden_size': 83, 'dropout': 0.2534493780647678, 'hidden_continuous_size': 11, 'attention_head_size': 2, 'learning_rate': 0.002524978312933024}. Best is trial 0 with value: 0.10480445623397827.
[I 2023-12-26 12:23:36,208] Trial 19 finished with value: 4.220184803009033 and parameters: {'gradient_clip_val': 0.3665363619327654, 'hidden_size': 16, 'dropout': 0.4149124734262064, 'hidden_continuous_size': 5, 'attention_head_size': 3, 'learning_rate': 0.08829123918965748}. Best is trial 0 with value: 0.10480445623397827.
[I 2023-12-26 12:23:38,531] Trial 20 finished with value: 3.1948015689849854 and parameters: {'gradient_clip_val': 0.25772386479201237, 'hidden_size': 6, 'dropout': 0.3668832962767399, 'hidden_continuous_size': 5, 'attention_head_size': 1, 'learning_rate': 0.00848674100850597}. Best is trial 0 with value: 0.10480445623397827.
[I 2023-12-26 12:23:44,920] Trial 21 finished with value: 3.05194354057312 and parameters: {'gradient_clip_val': 0.9664755805771154, 'hidden_size': 90, 'dropout': 0.3122091934152827, 'hidden_continuous_size': 69, 'attention_head_size': 1, 'learning_rate': 0.0027849104010211757}. Best is trial 0 with value: 0.10480445623397827.
[I 2023-12-26 12:23:53,102] Trial 22 finished with value: 3.7955617904663086 and parameters: {'gradient_clip_val': 0.6175081426467272, 'hidden_size': 102, 'dropout': 0.27137859133720266, 'hidden_continuous_size': 49, 'attention_head_size': 1, 'learning_rate': 0.001726226591948196}. Best is trial 0 with value: 0.10480445623397827.
[I 2023-12-26 12:23:59,034] Trial 23 finished with value: 3.6377954483032227 and parameters: {'gradient_clip_val': 0.9491553392786557, 'hidden_size': 71, 'dropout': 0.3290767992159898, 'hidden_continuous_size': 21, 'attention_head_size': 2, 'learning_rate': 0.004163405655623717}. Best is trial 0 with value: 0.10480445623397827.
[I 2023-12-26 12:24:08,060] Trial 24 finished with value: 4.64717435836792 and parameters: {'gradient_clip_val': 0.4228838610032229, 'hidden_size': 102, 'dropout': 0.283116219602902, 'hidden_continuous_size': 94, 'attention_head_size': 1, 'learning_rate': 0.0012429153038025973}. Best is trial 0 with value: 0.10480445623397827.
[I 2023-12-26 12:24:19,212] Trial 25 finished with value: 3.4352686405181885 and parameters: {'gradient_clip_val': 0.7639820309191733, 'hidden_size': 145, 'dropout': 0.33166534701453354, 'hidden_continuous_size': 138, 'attention_head_size': 2, 'learning_rate': 0.004447462294772377}. Best is trial 0 with value: 0.10480445623397827.
[I 2023-12-26 12:24:24,071] Trial 26 finished with value: 3.193509340286255 and parameters: {'gradient_clip_val': 0.5855455846796422, 'hidden_size': 59, 'dropout': 0.37285062623883714, 'hidden_continuous_size': 18, 'attention_head_size': 1, 'learning_rate': 0.007941770806567864}. Best is trial 0 with value: 0.10480445623397827.
[I 2023-12-26 12:24:27,517] Trial 27 finished with value: 4.238152027130127 and parameters: {'gradient_clip_val': 0.5346878013014951, 'hidden_size': 48, 'dropout': 0.28820711179449987, 'hidden_continuous_size': 7, 'attention_head_size': 1, 'learning_rate': 0.0011640363423870478}. Best is trial 0 with value: 0.10480445623397827.
[I 2023-12-26 12:24:30,736] Trial 28 finished with value: 3.320814847946167 and parameters: {'gradient_clip_val': 0.7779877691945062, 'hidden_size': 35, 'dropout': 0.386182581723551, 'hidden_continuous_size': 10, 'attention_head_size': 2, 'learning_rate': 0.0036141484695018573}. Best is trial 0 with value: 0.10480445623397827.
[I 2023-12-26 12:24:36,984] Trial 29 finished with value: 3.969102144241333 and parameters: {'gradient_clip_val': 0.3625079724307052, 'hidden_size': 78, 'dropout': 0.45189378491520216, 'hidden_continuous_size': 15, 'attention_head_size': 1, 'learning_rate': 0.001939743595738111}. Best is trial 0 with value: 0.10480445623397827.
[I 2023-12-26 12:24:39,987] Trial 30 finished with value: 3.5569469928741455 and parameters: {'gradient_clip_val': 0.4257247847459264, 'hidden_size': 51, 'dropout': 0.33890073261540854, 'hidden_continuous_size': 8, 'attention_head_size': 3, 'learning_rate': 0.0030602542441587823}. Best is trial 0 with value: 0.10480445623397827.
[I 2023-12-26 12:24:42,395] Trial 31 finished with value: 2.944193124771118 and parameters: {'gradient_clip_val': 0.319961814774576, 'hidden_size': 33, 'dropout': 0.19775146440557928, 'hidden_continuous_size': 11, 'attention_head_size': 1, 'learning_rate': 0.05039221216187219}. Best is trial 0 with value: 0.10480445623397827.
[I 2023-12-26 12:24:45,024] Trial 32 finished with value: 3.0397236347198486 and parameters: {'gradient_clip_val': 0.30684747101948456, 'hidden_size': 39, 'dropout': 0.205403040593806, 'hidden_continuous_size': 13, 'attention_head_size': 1, 'learning_rate': 0.048977414146714984}. Best is trial 0 with value: 0.10480445623397827.
[I 2023-12-26 12:24:47,538] Trial 33 finished with value: 3.1062443256378174 and parameters: {'gradient_clip_val': 0.3415146232698841, 'hidden_size': 27, 'dropout': 0.23748835177486446, 'hidden_continuous_size': 6, 'attention_head_size': 1, 'learning_rate': 0.09908203945614236}. Best is trial 0 with value: 0.10480445623397827.
[I 2023-12-26 12:24:49,963] Trial 34 finished with value: 3.3272838592529297 and parameters: {'gradient_clip_val': 0.5455498751197485, 'hidden_size': 30, 'dropout': 0.22531002041913337, 'hidden_continuous_size': 14, 'attention_head_size': 1, 'learning_rate': 0.06690446143207088}. Best is trial 0 with value: 0.10480445623397827.
[I 2023-12-26 12:24:52,638] Trial 35 finished with value: 2.8168957233428955 and parameters: {'gradient_clip_val': 0.28454295194705714, 'hidden_size': 44, 'dropout': 0.1576173802903125, 'hidden_continuous_size': 8, 'attention_head_size': 1, 'learning_rate': 0.0051545273787819154}. Best is trial 0 with value: 0.10480445623397827.
[I 2023-12-26 12:24:55,956] Trial 36 finished with value: 4.351419925689697 and parameters: {'gradient_clip_val': 0.41363034532214416, 'hidden_size': 60, 'dropout': 0.2739377815925333, 'hidden_continuous_size': 17, 'attention_head_size': 1, 'learning_rate': 0.038976868941972}. Best is trial 0 with value: 0.10480445623397827.
[I 2023-12-26 12:24:58,511] Trial 37 finished with value: 3.4539430141448975 and parameters: {'gradient_clip_val': 0.2099175129970665, 'hidden_size': 38, 'dropout': 0.12001917392411009, 'hidden_continuous_size': 6, 'attention_head_size': 2, 'learning_rate': 0.07125621032766336}. Best is trial 0 with value: 0.10480445623397827.
[I 2023-12-26 12:25:01,592] Trial 38 finished with value: 2.4716532230377197 and parameters: {'gradient_clip_val': 0.16679620451842336, 'hidden_size': 55, 'dropout': 0.16277455097391577, 'hidden_continuous_size': 9, 'attention_head_size': 1, 'learning_rate': 0.06637872696918369}. Best is trial 0 with value: 0.10480445623397827.
[I 2023-12-26 12:25:05,258] Trial 39 finished with value: 2.5786659717559814 and parameters: {'gradient_clip_val': 0.15854916241278696, 'hidden_size': 66, 'dropout': 0.1755248891589131, 'hidden_continuous_size': 32, 'attention_head_size': 1, 'learning_rate': 0.06880157862312748}. Best is trial 0 with value: 0.10480445623397827.
[I 2023-12-26 12:25:08,395] Trial 40 finished with value: 4.280311107635498 and parameters: {'gradient_clip_val': 0.18094788172146314, 'hidden_size': 55, 'dropout': 0.13014733241495796, 'hidden_continuous_size': 10, 'attention_head_size': 2, 'learning_rate': 0.01742515655931867}. Best is trial 0 with value: 0.10480445623397827.
[I 2023-12-26 12:25:12,358] Trial 41 finished with value: 2.7564995288848877 and parameters: {'gradient_clip_val': 0.1522349883252999, 'hidden_size': 72, 'dropout': 0.17245521283285037, 'hidden_continuous_size': 35, 'attention_head_size': 1, 'learning_rate': 0.05997378342170477}. Best is trial 0 with value: 0.10480445623397827.
[I 2023-12-26 12:25:16,081] Trial 42 finished with value: 2.883103609085083 and parameters: {'gradient_clip_val': 0.16008071750588515, 'hidden_size': 66, 'dropout': 0.103404177558446, 'hidden_continuous_size': 33, 'attention_head_size': 1, 'learning_rate': 0.07500018155999094}. Best is trial 0 with value: 0.10480445623397827.
[I 2023-12-26 12:25:21,368] Trial 43 finished with value: 3.0980403423309326 and parameters: {'gradient_clip_val': 0.13669634435179268, 'hidden_size': 89, 'dropout': 0.15762054280925095, 'hidden_continuous_size': 42, 'attention_head_size': 1, 'learning_rate': 0.09685571153645767}. Best is trial 0 with value: 0.10480445623397827.
