[I 2023-12-26 14:27:56,681] Trial 2 finished with value: 4759.01416015625 and parameters: {'gradient_clip_val': 0.5301672355256383, 'hidden_size': 109, 'dropout': 0.3296382469235739, 'hidden_continuous_size': 23, 'attention_head_size': 2, 'learning_rate': 0.08684011169259197}. Best is trial 0 with value: 1351.0235595703125.
[I 2023-12-26 14:28:02,359] Trial 3 finished with value: 4921.17529296875 and parameters: {'gradient_clip_val': 0.46086598831485387, 'hidden_size': 70, 'dropout': 0.4607901080615213, 'hidden_continuous_size': 34, 'attention_head_size': 1, 'learning_rate': 0.0044666320631013634}. Best is trial 0 with value: 1351.0235595703125.
[I 2023-12-26 14:28:05,118] Trial 4 finished with value: 5787.8203125 and parameters: {'gradient_clip_val': 0.3046872123877971, 'hidden_size': 24, 'dropout': 0.47626335178268553, 'hidden_continuous_size': 20, 'attention_head_size': 4, 'learning_rate': 0.06907042915939679}. Best is trial 0 with value: 1351.0235595703125.
[I 2023-12-26 14:28:07,575] Trial 5 finished with value: 6583.18701171875 and parameters: {'gradient_clip_val': 0.19275927866367523, 'hidden_size': 10, 'dropout': 0.33012758739998205, 'hidden_continuous_size': 5, 'attention_head_size': 3, 'learning_rate': 0.005574177761090205}. Best is trial 0 with value: 1351.0235595703125.
[I 2023-12-26 14:28:16,478] Trial 6 finished with value: 4018.3232421875 and parameters: {'gradient_clip_val': 0.3580811062842752, 'hidden_size': 105, 'dropout': 0.47975934140040477, 'hidden_continuous_size': 21, 'attention_head_size': 4, 'learning_rate': 0.0006387233889303432}. Best is trial 0 with value: 1351.0235595703125.
[I 2023-12-26 14:28:19,667] Trial 7 finished with value: 3918.987060546875 and parameters: {'gradient_clip_val': 0.12120431976281197, 'hidden_size': 27, 'dropout': 0.2296045479222434, 'hidden_continuous_size': 11, 'attention_head_size': 2, 'learning_rate': 0.004039715648394371}. Best is trial 0 with value: 1351.0235595703125.
[I 2023-12-26 14:28:22,513] Trial 8 finished with value: 5072.53271484375 and parameters: {'gradient_clip_val': 0.3724885583693683, 'hidden_size': 25, 'dropout': 0.2671194594254361, 'hidden_continuous_size': 24, 'attention_head_size': 3, 'learning_rate': 0.09060579374385355}. Best is trial 0 with value: 1351.0235595703125.
[I 2023-12-26 14:28:24,900] Trial 9 finished with value: 6306.02099609375 and parameters: {'gradient_clip_val': 0.9668648880201893, 'hidden_size': 19, 'dropout': 0.47573927559679297, 'hidden_continuous_size': 6, 'attention_head_size': 1, 'learning_rate': 0.04876574810494474}. Best is trial 0 with value: 1351.0235595703125.
[I 2023-12-26 14:28:26,692] Trial 10 finished with value: 5689.443359375 and parameters: {'gradient_clip_val': 0.9955519143897954, 'hidden_size': 5, 'dropout': 0.14732730146163087, 'hidden_continuous_size': 5, 'attention_head_size': 3, 'learning_rate': 0.01968520121666952}. Best is trial 0 with value: 1351.0235595703125.
[I 2023-12-26 14:28:30,014] Trial 11 finished with value: 6241.23828125 and parameters: {'gradient_clip_val': 0.1050109523004912, 'hidden_size': 47, 'dropout': 0.21828425851658662, 'hidden_continuous_size': 10, 'attention_head_size': 2, 'learning_rate': 0.013488972404123807}. Best is trial 0 with value: 1351.0235595703125.
[I 2023-12-26 14:28:32,694] Trial 12 finished with value: 6399.353515625 and parameters: {'gradient_clip_val': 0.18168115448856462, 'hidden_size': 38, 'dropout': 0.18862651172657288, 'hidden_continuous_size': 8, 'attention_head_size': 2, 'learning_rate': 0.0025338716766575547}. Best is trial 0 with value: 1351.0235595703125.
[I 2023-12-26 14:28:34,499] Trial 13 finished with value: 6137.65869140625 and parameters: {'gradient_clip_val': 0.6556643558867451, 'hidden_size': 5, 'dropout': 0.26047182676452574, 'hidden_continuous_size': 5, 'attention_head_size': 3, 'learning_rate': 0.01923811001677038}. Best is trial 0 with value: 1351.0235595703125.
[I 2023-12-26 14:28:36,620] Trial 14 finished with value: 5556.41650390625 and parameters: {'gradient_clip_val': 0.22742757400470523, 'hidden_size': 14, 'dropout': 0.10258635645778663, 'hidden_continuous_size': 6, 'attention_head_size': 1, 'learning_rate': 0.0021046236054192134}. Best is trial 0 with value: 1351.0235595703125.
[I 2023-12-26 14:28:38,683] Trial 15 finished with value: 5450.78857421875 and parameters: {'gradient_clip_val': 0.14621516567457288, 'hidden_size': 9, 'dropout': 0.21904749769684642, 'hidden_continuous_size': 6, 'attention_head_size': 4, 'learning_rate': 0.011844108509210152}. Best is trial 0 with value: 1351.0235595703125.
[I 2023-12-26 14:28:41,570] Trial 16 finished with value: 4679.88427734375 and parameters: {'gradient_clip_val': 0.27715893150448095, 'hidden_size': 41, 'dropout': 0.29811111244687083, 'hidden_continuous_size': 13, 'attention_head_size': 3, 'learning_rate': 0.009429506327559265}. Best is trial 0 with value: 1351.0235595703125.
[I 2023-12-26 14:28:43,541] Trial 17 finished with value: 7964.75048828125 and parameters: {'gradient_clip_val': 0.2452667810763553, 'hidden_size': 7, 'dropout': 0.3669429990702138, 'hidden_continuous_size': 5, 'attention_head_size': 2, 'learning_rate': 0.030425236520041234}. Best is trial 0 with value: 1351.0235595703125.
[I 2023-12-26 14:28:45,546] Trial 18 finished with value: 3949.5029296875 and parameters: {'gradient_clip_val': 0.14801583431449364, 'hidden_size': 16, 'dropout': 0.1725559995431568, 'hidden_continuous_size': 7, 'attention_head_size': 3, 'learning_rate': 0.03350090010008998}. Best is trial 0 with value: 1351.0235595703125.
[I 2023-12-26 14:28:47,738] Trial 19 finished with value: 5839.81396484375 and parameters: {'gradient_clip_val': 0.7483213818247075, 'hidden_size': 20, 'dropout': 0.23928634072332103, 'hidden_continuous_size': 8, 'attention_head_size': 2, 'learning_rate': 0.006815672594741316}. Best is trial 0 with value: 1351.0235595703125.
[I 2023-12-26 14:28:50,426] Trial 20 finished with value: 6863.76416015625 and parameters: {'gradient_clip_val': 0.4320982413893719, 'hidden_size': 31, 'dropout': 0.2802153111487753, 'hidden_continuous_size': 13, 'attention_head_size': 4, 'learning_rate': 0.03160311558620392}. Best is trial 0 with value: 1351.0235595703125.
[I 2023-12-26 14:28:52,421] Trial 21 finished with value: 6347.43212890625 and parameters: {'gradient_clip_val': 0.13751830830797387, 'hidden_size': 16, 'dropout': 0.19572707288622956, 'hidden_continuous_size': 7, 'attention_head_size': 3, 'learning_rate': 0.037619906269947705}. Best is trial 0 with value: 1351.0235595703125.
[I 2023-12-26 14:28:54,626] Trial 22 finished with value: 6561.84033203125 and parameters: {'gradient_clip_val': 0.16351787223310363, 'hidden_size': 7, 'dropout': 0.16772157751690167, 'hidden_continuous_size': 5, 'attention_head_size': 3, 'learning_rate': 0.026274363955854387}. Best is trial 0 with value: 1351.0235595703125.
[I 2023-12-26 14:28:56,760] Trial 23 finished with value: 5870.263671875 and parameters: {'gradient_clip_val': 0.12926900387685447, 'hidden_size': 17, 'dropout': 0.24382845214208707, 'hidden_continuous_size': 7, 'attention_head_size': 3, 'learning_rate': 0.04281752095769322}. Best is trial 0 with value: 1351.0235595703125.
[I 2023-12-26 14:28:58,922] Trial 24 finished with value: 5071.1015625 and parameters: {'gradient_clip_val': 0.21092291067341093, 'hidden_size': 15, 'dropout': 0.14200997995119596, 'hidden_continuous_size': 6, 'attention_head_size': 2, 'learning_rate': 0.012561162393995084}. Best is trial 0 with value: 1351.0235595703125.
[I 2023-12-26 14:29:01,014] Trial 25 finished with value: 6285.76708984375 and parameters: {'gradient_clip_val': 0.12112593021160535, 'hidden_size': 12, 'dropout': 0.2031746731132277, 'hidden_continuous_size': 7, 'attention_head_size': 3, 'learning_rate': 0.017658662756654224}. Best is trial 0 with value: 1351.0235595703125.
[I 2023-12-26 14:29:03,587] Trial 26 finished with value: 6377.13037109375 and parameters: {'gradient_clip_val': 0.15612741837929162, 'hidden_size': 29, 'dropout': 0.23520706373632788, 'hidden_continuous_size': 10, 'attention_head_size': 4, 'learning_rate': 0.02396624370847475}. Best is trial 0 with value: 1351.0235595703125.
[I 2023-12-26 14:29:05,486] Trial 27 finished with value: 5944.56689453125 and parameters: {'gradient_clip_val': 0.10262983216165898, 'hidden_size': 8, 'dropout': 0.17987327829832572, 'hidden_continuous_size': 5, 'attention_head_size': 2, 'learning_rate': 0.05549647616569368}. Best is trial 0 with value: 1351.0235595703125.
[I 2023-12-26 14:29:07,392] Trial 28 finished with value: 6757.34228515625 and parameters: {'gradient_clip_val': 0.16863488651369626, 'hidden_size': 6, 'dropout': 0.15949157558528804, 'hidden_continuous_size': 5, 'attention_head_size': 1, 'learning_rate': 0.008928644053052742}. Best is trial 0 with value: 1351.0235595703125.
[I 2023-12-26 14:29:09,478] Trial 29 finished with value: 6305.41259765625 and parameters: {'gradient_clip_val': 0.12214122720461344, 'hidden_size': 11, 'dropout': 0.11864557904776607, 'hidden_continuous_size': 6, 'attention_head_size': 3, 'learning_rate': 0.04945762326406828}. Best is trial 0 with value: 1351.0235595703125.
[I 2023-12-26 14:29:11,606] Trial 30 finished with value: 4732.63671875 and parameters: {'gradient_clip_val': 0.25615972436519346, 'hidden_size': 13, 'dropout': 0.2089068432621493, 'hidden_continuous_size': 9, 'attention_head_size': 2, 'learning_rate': 0.04098784937552993}. Best is trial 0 with value: 1351.0235595703125.
[I 2023-12-26 14:29:20,553] Trial 31 finished with value: 6430.86328125 and parameters: {'gradient_clip_val': 0.35773300899351484, 'hidden_size': 143, 'dropout': 0.4246693259576829, 'hidden_continuous_size': 13, 'attention_head_size': 4, 'learning_rate': 0.0010000490129117863}. Best is trial 0 with value: 1351.0235595703125.
[I 2023-12-26 14:29:24,290] Trial 32 finished with value: 5305.24169921875 and parameters: {'gradient_clip_val': 0.2111076568577353, 'hidden_size': 60, 'dropout': 0.2955539814271515, 'hidden_continuous_size': 16, 'attention_head_size': 4, 'learning_rate': 0.0005553039236135173}. Best is trial 0 with value: 1351.0235595703125.
[I 2023-12-26 14:29:30,045] Trial 33 finished with value: 5535.03369140625 and parameters: {'gradient_clip_val': 0.48431650582352986, 'hidden_size': 85, 'dropout': 0.3225939006080075, 'hidden_continuous_size': 58, 'attention_head_size': 4, 'learning_rate': 0.004441575562702073}. Best is trial 0 with value: 1351.0235595703125.
[I 2023-12-26 14:29:33,686] Trial 34 finished with value: 5005.32958984375 and parameters: {'gradient_clip_val': 0.30525069646893455, 'hidden_size': 56, 'dropout': 0.3881147594031368, 'hidden_continuous_size': 11, 'attention_head_size': 4, 'learning_rate': 0.07270915921232299}. Best is trial 0 with value: 1351.0235595703125.
[I 2023-12-26 14:29:39,038] Trial 35 finished with value: 5023.07568359375 and parameters: {'gradient_clip_val': 0.14440555763078036, 'hidden_size': 85, 'dropout': 0.4442576558498502, 'hidden_continuous_size': 17, 'attention_head_size': 3, 'learning_rate': 0.0030462451099932514}. Best is trial 0 with value: 1351.0235595703125.
[I 2023-12-26 14:29:41,247] Trial 36 finished with value: 3821.414794921875 and parameters: {'gradient_clip_val': 0.5609068729392448, 'hidden_size': 20, 'dropout': 0.2585484982446087, 'hidden_continuous_size': 9, 'attention_head_size': 2, 'learning_rate': 0.001229630620533046}. Best is trial 0 with value: 1351.0235595703125.
[I 2023-12-26 14:29:43,483] Trial 37 finished with value: 4456.93798828125 and parameters: {'gradient_clip_val': 0.593725060243302, 'hidden_size': 21, 'dropout': 0.2685195268973515, 'hidden_continuous_size': 9, 'attention_head_size': 2, 'learning_rate': 0.0015110766494878353}. Best is trial 0 with value: 1351.0235595703125.
[I 2023-12-26 14:29:45,507] Trial 38 finished with value: 5018.72607421875 and parameters: {'gradient_clip_val': 0.11318024405359753, 'hidden_size': 10, 'dropout': 0.22874985674679812, 'hidden_continuous_size': 7, 'attention_head_size': 1, 'learning_rate': 0.004165164792701665}. Best is trial 0 with value: 1351.0235595703125.
[I 2023-12-26 14:29:47,851] Trial 39 finished with value: 6955.88427734375 and parameters: {'gradient_clip_val': 0.5430549851468784, 'hidden_size': 23, 'dropout': 0.24884375794227037, 'hidden_continuous_size': 11, 'attention_head_size': 2, 'learning_rate': 0.006655597257998094}. Best is trial 0 with value: 1351.0235595703125.
[I 2023-12-26 14:29:49,983] Trial 40 finished with value: 5626.76513671875 and parameters: {'gradient_clip_val': 0.41769783501522756, 'hidden_size': 17, 'dropout': 0.18828758253878777, 'hidden_continuous_size': 8, 'attention_head_size': 3, 'learning_rate': 0.06931860611736332}. Best is trial 0 with value: 1351.0235595703125.
[I 2023-12-26 14:29:52,441] Trial 41 finished with value: 4743.24267578125 and parameters: {'gradient_clip_val': 0.34673538798289794, 'hidden_size': 28, 'dropout': 0.2830100173654421, 'hidden_continuous_size': 9, 'attention_head_size': 2, 'learning_rate': 0.0005062298828020748}. Best is trial 0 with value: 1351.0235595703125.
[I 2023-12-26 14:29:54,878] Trial 42 finished with value: 5951.65380859375 and parameters: {'gradient_clip_val': 0.39340403984871913, 'hidden_size': 26, 'dropout': 0.31879956028462014, 'hidden_continuous_size': 12, 'attention_head_size': 3, 'learning_rate': 0.0010198487245514668}. Best is trial 0 with value: 1351.0235595703125.
[I 2023-12-26 14:29:57,660] Trial 43 finished with value: 7813.10400390625 and parameters: {'gradient_clip_val': 0.48067638787636935, 'hidden_size': 37, 'dropout': 0.4833691630184527, 'hidden_continuous_size': 23, 'attention_head_size': 2, 'learning_rate': 0.09208153296456102}. Best is trial 0 with value: 1351.0235595703125.
[I 2023-12-26 14:29:59,771] Trial 44 finished with value: 6022.80078125 and parameters: {'gradient_clip_val': 0.18930772750175512, 'hidden_size': 14, 'dropout': 0.2594643828152064, 'hidden_continuous_size': 9, 'attention_head_size': 1, 'learning_rate': 0.015625785047440523}. Best is trial 0 with value: 1351.0235595703125.
[I 2023-12-26 14:30:02,174] Trial 45 finished with value: 5689.80078125 and parameters: {'gradient_clip_val': 0.7006930037082831, 'hidden_size': 23, 'dropout': 0.2127408401574456, 'hidden_continuous_size': 11, 'attention_head_size': 3, 'learning_rate': 0.0033447907480096055}. Best is trial 0 with value: 1351.0235595703125.
[I 2023-12-26 14:30:04,603] Trial 46 finished with value: 5128.10107421875 and parameters: {'gradient_clip_val': 0.33606418457772397, 'hidden_size': 19, 'dropout': 0.2637792860105224, 'hidden_continuous_size': 8, 'attention_head_size': 2, 'learning_rate': 0.005592074752734541}. Best is trial 0 with value: 1351.0235595703125.
[I 2023-12-26 14:30:06,672] Trial 47 finished with value: 4542.52001953125 and parameters: {'gradient_clip_val': 0.2873992382493618, 'hidden_size': 11, 'dropout': 0.30950340007262384, 'hidden_continuous_size': 6, 'attention_head_size': 3, 'learning_rate': 0.001798714591812338}. Best is trial 0 with value: 1351.0235595703125.
[I 2023-12-26 14:30:09,762] Trial 48 finished with value: 6431.24169921875 and parameters: {'gradient_clip_val': 0.7849117883476403, 'hidden_size': 46, 'dropout': 0.3354940347413514, 'hidden_continuous_size': 15, 'attention_head_size': 4, 'learning_rate': 0.009313806497329429}. Best is trial 0 with value: 1351.0235595703125.
[I 2023-12-26 14:30:12,459] Trial 49 finished with value: 5756.14453125 and parameters: {'gradient_clip_val': 0.5487722555819076, 'hidden_size': 35, 'dropout': 0.2194211439401681, 'hidden_continuous_size': 18, 'attention_head_size': 2, 'learning_rate': 0.023336995966238474}. Best is trial 0 with value: 1351.0235595703125.
[I 2023-12-26 14:30:12,577] A new study created in memory with name: no-name-4bbf1866-10c4-416e-bd55-f6e04bd0f389
/home/le004/conda/anaconda3/envs/tsff_env/lib/python3.9/site-packages/lightning/fabric/plugins/environments/slurm.py:191: The `srun` command is available on your system but is not used. HINT: If your intention is to run Lightning on SLURM, prepend your python command with `srun` like so: srun python /home/le004/master_thesis/git/TSFusionForecast/code/ ...
[I 2023-12-26 14:34:58,043] Trial 0 finished with value: 932.5436401367188 and parameters: {'gradient_clip_val': 0.1665952200942594, 'hidden_size': 14, 'dropout': 0.15674932837225103, 'hidden_continuous_size': 7, 'attention_head_size': 1, 'learning_rate': 0.000840306352566339}. Best is trial 0 with value: 932.5436401367188.
[I 2023-12-26 14:35:06,397] Trial 1 finished with value: 6188.52783203125 and parameters: {'gradient_clip_val': 0.19519228997514151, 'hidden_size': 129, 'dropout': 0.3230346231756858, 'hidden_continuous_size': 16, 'attention_head_size': 4, 'learning_rate': 0.014793535684863562}. Best is trial 0 with value: 932.5436401367188.
[I 2023-12-26 14:35:08,544] Trial 2 finished with value: 5283.33642578125 and parameters: {'gradient_clip_val': 0.6938587298919048, 'hidden_size': 15, 'dropout': 0.3204229027822503, 'hidden_continuous_size': 6, 'attention_head_size': 1, 'learning_rate': 0.012870201208316978}. Best is trial 0 with value: 932.5436401367188.
[I 2023-12-26 14:35:14,184] Trial 3 finished with value: 7844.37744140625 and parameters: {'gradient_clip_val': 0.19488100560689942, 'hidden_size': 85, 'dropout': 0.4477502992404009, 'hidden_continuous_size': 24, 'attention_head_size': 4, 'learning_rate': 0.02635921160723735}. Best is trial 0 with value: 932.5436401367188.
[I 2023-12-26 14:35:18,651] Trial 4 finished with value: 7053.39599609375 and parameters: {'gradient_clip_val': 0.5991987737058033, 'hidden_size': 67, 'dropout': 0.13738563791246938, 'hidden_continuous_size': 23, 'attention_head_size': 3, 'learning_rate': 0.012654946035892413}. Best is trial 0 with value: 932.5436401367188.
[I 2023-12-26 14:35:20,514] Trial 5 finished with value: 5096.78369140625 and parameters: {'gradient_clip_val': 0.32342209766300134, 'hidden_size': 8, 'dropout': 0.2992358572284826, 'hidden_continuous_size': 6, 'attention_head_size': 1, 'learning_rate': 0.008484090523476345}. Best is trial 0 with value: 932.5436401367188.
[I 2023-12-26 14:35:22,650] Trial 6 finished with value: 4360.4619140625 and parameters: {'gradient_clip_val': 0.5218007538329898, 'hidden_size': 12, 'dropout': 0.41462896316059805, 'hidden_continuous_size': 11, 'attention_head_size': 3, 'learning_rate': 0.0038031561014078294}. Best is trial 0 with value: 932.5436401367188.
[I 2023-12-26 14:35:24,843] Trial 7 finished with value: 9086.9638671875 and parameters: {'gradient_clip_val': 0.170012418245191, 'hidden_size': 20, 'dropout': 0.18203882548241582, 'hidden_continuous_size': 5, 'attention_head_size': 2, 'learning_rate': 0.003717850078700522}. Best is trial 0 with value: 932.5436401367188.
[I 2023-12-26 14:35:31,199] Trial 8 finished with value: 5227.02490234375 and parameters: {'gradient_clip_val': 0.5539915883691753, 'hidden_size': 88, 'dropout': 0.11426985248936994, 'hidden_continuous_size': 70, 'attention_head_size': 2, 'learning_rate': 0.001966353381886804}. Best is trial 0 with value: 932.5436401367188.
[I 2023-12-26 14:35:32,985] Trial 9 finished with value: 5970.08447265625 and parameters: {'gradient_clip_val': 0.15289255549369893, 'hidden_size': 7, 'dropout': 0.24888091575316393, 'hidden_continuous_size': 7, 'attention_head_size': 1, 'learning_rate': 0.008086102963335765}. Best is trial 0 with value: 932.5436401367188.
[I 2023-12-26 14:35:35,423] Trial 10 finished with value: 5451.625 and parameters: {'gradient_clip_val': 0.11172348726180348, 'hidden_size': 32, 'dropout': 0.19861405744763033, 'hidden_continuous_size': 8, 'attention_head_size': 2, 'learning_rate': 0.0007065618742019787}. Best is trial 0 with value: 932.5436401367188.
[I 2023-12-26 14:35:37,232] Trial 11 finished with value: 3708.044189453125 and parameters: {'gradient_clip_val': 0.9928081574730288, 'hidden_size': 5, 'dropout': 0.43285355050070184, 'hidden_continuous_size': 5, 'attention_head_size': 3, 'learning_rate': 0.0005240074574990653}. Best is trial 0 with value: 932.5436401367188.
[I 2023-12-26 14:35:39,046] Trial 12 finished with value: 6054.36328125 and parameters: {'gradient_clip_val': 0.9949852032365942, 'hidden_size': 5, 'dropout': 0.49076004568945614, 'hidden_continuous_size': 5, 'attention_head_size': 3, 'learning_rate': 0.0005531978752997004}. Best is trial 0 with value: 932.5436401367188.
[I 2023-12-26 14:35:40,863] Trial 13 finished with value: 4791.1171875 and parameters: {'gradient_clip_val': 0.3194884684599969, 'hidden_size': 5, 'dropout': 0.3918397436722295, 'hidden_continuous_size': 5, 'attention_head_size': 3, 'learning_rate': 0.0012751614843170705}. Best is trial 0 with value: 932.5436401367188.
[I 2023-12-26 14:35:42,939] Trial 14 finished with value: 7004.333984375 and parameters: {'gradient_clip_val': 0.2763891390274081, 'hidden_size': 10, 'dropout': 0.23982797286130833, 'hidden_continuous_size': 5, 'attention_head_size': 2, 'learning_rate': 0.08646891243680517}. Best is trial 0 with value: 932.5436401367188.
[I 2023-12-26 14:35:45,494] Trial 15 finished with value: 7076.49755859375 and parameters: {'gradient_clip_val': 0.928467896285725, 'hidden_size': 27, 'dropout': 0.10271285521910586, 'hidden_continuous_size': 8, 'attention_head_size': 4, 'learning_rate': 0.0009477812242765632}. Best is trial 0 with value: 932.5436401367188.
[I 2023-12-26 14:35:47,669] Trial 16 finished with value: 5307.11376953125 and parameters: {'gradient_clip_val': 0.4497199020420944, 'hidden_size': 15, 'dropout': 0.36569051938198444, 'hidden_continuous_size': 6, 'attention_head_size': 1, 'learning_rate': 0.0005421044075734451}. Best is trial 0 with value: 932.5436401367188.
[I 2023-12-26 14:35:49,589] Trial 17 finished with value: 6865.58544921875 and parameters: {'gradient_clip_val': 0.7301840703214971, 'hidden_size': 8, 'dropout': 0.49676756883302303, 'hidden_continuous_size': 5, 'attention_head_size': 2, 'learning_rate': 0.0014565916651641754}. Best is trial 0 with value: 932.5436401367188.
