[I 2023-12-26 15:08:43,437] Trial 38 finished with value: 3.0906898975372314 and parameters: {'gradient_clip_val': 0.11612322180509248, 'hidden_size': 15, 'dropout': 0.4576234666466238, 'hidden_continuous_size': 9, 'attention_head_size': 1, 'learning_rate': 0.027367518318982077}. Best is trial 0 with value: 0.03820769861340523.
[I 2023-12-26 15:08:45,301] Trial 39 finished with value: 2.633967161178589 and parameters: {'gradient_clip_val': 0.14597911659805976, 'hidden_size': 6, 'dropout': 0.3254951886555938, 'hidden_continuous_size': 5, 'attention_head_size': 3, 'learning_rate': 0.059919094123640194}. Best is trial 0 with value: 0.03820769861340523.
[I 2023-12-26 15:08:48,393] Trial 40 finished with value: 2.9995272159576416 and parameters: {'gradient_clip_val': 0.1573887268531442, 'hidden_size': 52, 'dropout': 0.3573636365740884, 'hidden_continuous_size': 20, 'attention_head_size': 2, 'learning_rate': 0.018741176096573206}. Best is trial 0 with value: 0.03820769861340523.
[I 2023-12-26 15:08:50,404] Trial 41 finished with value: 2.43304181098938 and parameters: {'gradient_clip_val': 0.10388777890726862, 'hidden_size': 14, 'dropout': 0.46210415924345033, 'hidden_continuous_size': 9, 'attention_head_size': 1, 'learning_rate': 0.03902663713098218}. Best is trial 0 with value: 0.03820769861340523.
[I 2023-12-26 15:08:52,519] Trial 42 finished with value: 4.005408763885498 and parameters: {'gradient_clip_val': 0.11236551403819268, 'hidden_size': 24, 'dropout': 0.4712812494047216, 'hidden_continuous_size': 10, 'attention_head_size': 1, 'learning_rate': 0.04192427997937149}. Best is trial 0 with value: 0.03820769861340523.
[I 2023-12-26 15:08:54,874] Trial 43 finished with value: 3.241635322570801 and parameters: {'gradient_clip_val': 0.13082968161122138, 'hidden_size': 29, 'dropout': 0.41169179543247997, 'hidden_continuous_size': 7, 'attention_head_size': 1, 'learning_rate': 0.06665574918821793}. Best is trial 0 with value: 0.03820769861340523.
[I 2023-12-26 15:08:56,810] Trial 44 finished with value: 5.070821762084961 and parameters: {'gradient_clip_val': 0.10075538904611006, 'hidden_size': 11, 'dropout': 0.43176424850899753, 'hidden_continuous_size': 8, 'attention_head_size': 1, 'learning_rate': 0.0018255164188848852}. Best is trial 0 with value: 0.03820769861340523.
[I 2023-12-26 15:08:58,920] Trial 45 finished with value: 3.190352439880371 and parameters: {'gradient_clip_val': 0.16850830674894757, 'hidden_size': 19, 'dropout': 0.4785316752507529, 'hidden_continuous_size': 10, 'attention_head_size': 2, 'learning_rate': 0.0011697614653190334}. Best is trial 0 with value: 0.03820769861340523.
[I 2023-12-26 15:09:01,061] Trial 46 finished with value: 4.0147528648376465 and parameters: {'gradient_clip_val': 0.11275389548935859, 'hidden_size': 16, 'dropout': 0.49792705096809287, 'hidden_continuous_size': 8, 'attention_head_size': 4, 'learning_rate': 0.035937959152051176}. Best is trial 0 with value: 0.03820769861340523.
[I 2023-12-26 15:09:03,005] Trial 47 finished with value: 2.23481822013855 and parameters: {'gradient_clip_val': 0.13755080801440575, 'hidden_size': 12, 'dropout': 0.4044556207685303, 'hidden_continuous_size': 7, 'attention_head_size': 1, 'learning_rate': 0.027343351674771192}. Best is trial 0 with value: 0.03820769861340523.
[I 2023-12-26 15:09:04,934] Trial 48 finished with value: 3.415357828140259 and parameters: {'gradient_clip_val': 0.13497701044732163, 'hidden_size': 9, 'dropout': 0.3860277601488378, 'hidden_continuous_size': 7, 'attention_head_size': 2, 'learning_rate': 0.0007704189316075172}. Best is trial 0 with value: 0.03820769861340523.
[I 2023-12-26 15:09:06,890] Trial 49 finished with value: 4.194006443023682 and parameters: {'gradient_clip_val': 0.17458121266431553, 'hidden_size': 12, 'dropout': 0.41034603786659174, 'hidden_continuous_size': 6, 'attention_head_size': 1, 'learning_rate': 0.027480111647835415}. Best is trial 0 with value: 0.03820769861340523.
[I 2023-12-26 15:09:07,011] A new study created in memory with name: no-name-01e260ba-1db8-4df3-bee3-0e78c0df9d09
/home/le004/conda/anaconda3/envs/tsff_env/lib/python3.9/site-packages/lightning/fabric/plugins/environments/slurm.py:191: The `srun` command is available on your system but is not used. HINT: If your intention is to run Lightning on SLURM, prepend your python command with `srun` like so: srun python /home/le004/master_thesis/git/TSFusionForecast/code/ ...
[I 2023-12-26 15:11:09,299] Trial 0 finished with value: 99.6607666015625 and parameters: {'gradient_clip_val': 0.37800662413661346, 'hidden_size': 6, 'dropout': 0.2744707840211465, 'hidden_continuous_size': 5, 'attention_head_size': 2, 'learning_rate': 0.0340835198654601}. Best is trial 0 with value: 99.6607666015625.
[I 2023-12-26 15:11:11,071] Trial 1 finished with value: 251.75486755371094 and parameters: {'gradient_clip_val': 0.8192042513477876, 'hidden_size': 7, 'dropout': 0.1699273219176584, 'hidden_continuous_size': 7, 'attention_head_size': 3, 'learning_rate': 0.0561547157640654}. Best is trial 0 with value: 99.6607666015625.
[I 2023-12-26 15:11:13,597] Trial 2 finished with value: 214.10780334472656 and parameters: {'gradient_clip_val': 0.15670377213589717, 'hidden_size': 40, 'dropout': 0.16414978575239186, 'hidden_continuous_size': 10, 'attention_head_size': 2, 'learning_rate': 0.0007397879235237941}. Best is trial 0 with value: 99.6607666015625.
[I 2023-12-26 15:11:15,332] Trial 3 finished with value: 184.30760192871094 and parameters: {'gradient_clip_val': 0.45993077498706086, 'hidden_size': 6, 'dropout': 0.14987389278889618, 'hidden_continuous_size': 6, 'attention_head_size': 4, 'learning_rate': 0.0041470949416117925}. Best is trial 0 with value: 99.6607666015625.
[I 2023-12-26 15:11:17,159] Trial 4 finished with value: 194.64654541015625 and parameters: {'gradient_clip_val': 0.5174046155553521, 'hidden_size': 6, 'dropout': 0.43011753758596183, 'hidden_continuous_size': 5, 'attention_head_size': 2, 'learning_rate': 0.0019275946723860877}. Best is trial 0 with value: 99.6607666015625.
[I 2023-12-26 15:11:18,982] Trial 5 finished with value: 206.79396057128906 and parameters: {'gradient_clip_val': 0.18615964253022252, 'hidden_size': 8, 'dropout': 0.32667992098415144, 'hidden_continuous_size': 5, 'attention_head_size': 4, 'learning_rate': 0.003188406880432674}. Best is trial 0 with value: 99.6607666015625.
[I 2023-12-26 15:11:21,193] Trial 6 finished with value: 174.75148010253906 and parameters: {'gradient_clip_val': 0.6384528288933453, 'hidden_size': 26, 'dropout': 0.12867890332014148, 'hidden_continuous_size': 6, 'attention_head_size': 1, 'learning_rate': 0.007966776057101251}. Best is trial 0 with value: 99.6607666015625.
[I 2023-12-26 15:11:23,694] Trial 7 finished with value: 214.7491455078125 and parameters: {'gradient_clip_val': 0.38464883041686976, 'hidden_size': 33, 'dropout': 0.41254044751138497, 'hidden_continuous_size': 29, 'attention_head_size': 1, 'learning_rate': 0.0006574824765251979}. Best is trial 0 with value: 99.6607666015625.
[I 2023-12-26 15:11:25,402] Trial 8 finished with value: 267.8235168457031 and parameters: {'gradient_clip_val': 0.25456894980603617, 'hidden_size': 7, 'dropout': 0.41545727909942376, 'hidden_continuous_size': 7, 'attention_head_size': 1, 'learning_rate': 0.0007441501079112975}. Best is trial 0 with value: 99.6607666015625.
[I 2023-12-26 15:11:27,779] Trial 9 finished with value: 180.9313507080078 and parameters: {'gradient_clip_val': 0.41962943366686006, 'hidden_size': 30, 'dropout': 0.12349338580363844, 'hidden_continuous_size': 7, 'attention_head_size': 1, 'learning_rate': 0.000713101436834099}. Best is trial 0 with value: 99.6607666015625.
[I 2023-12-26 15:11:33,210] Trial 10 finished with value: 171.2684783935547 and parameters: {'gradient_clip_val': 0.27491346579068293, 'hidden_size': 85, 'dropout': 0.24744200400750754, 'hidden_continuous_size': 74, 'attention_head_size': 3, 'learning_rate': 0.0751768021074801}. Best is trial 0 with value: 99.6607666015625.
[I 2023-12-26 15:11:42,284] Trial 11 finished with value: 158.34230041503906 and parameters: {'gradient_clip_val': 0.2687290155478274, 'hidden_size': 129, 'dropout': 0.27095268343016143, 'hidden_continuous_size': 86, 'attention_head_size': 3, 'learning_rate': 0.09252200352967135}. Best is trial 0 with value: 99.6607666015625.
[I 2023-12-26 15:11:53,158] Trial 12 finished with value: 140.19700622558594 and parameters: {'gradient_clip_val': 0.1202744227352484, 'hidden_size': 129, 'dropout': 0.2849089074836835, 'hidden_continuous_size': 96, 'attention_head_size': 3, 'learning_rate': 0.036486967173829654}. Best is trial 0 with value: 99.6607666015625.
[I 2023-12-26 15:11:55,616] Trial 13 finished with value: 168.18882751464844 and parameters: {'gradient_clip_val': 0.10493609313634798, 'hidden_size': 12, 'dropout': 0.3247882725036938, 'hidden_continuous_size': 11, 'attention_head_size': 2, 'learning_rate': 0.02408988837518929}. Best is trial 0 with value: 99.6607666015625.
[I 2023-12-26 15:11:58,115] Trial 14 finished with value: 216.01869201660156 and parameters: {'gradient_clip_val': 0.10169390065455815, 'hidden_size': 13, 'dropout': 0.22639285690902994, 'hidden_continuous_size': 12, 'attention_head_size': 3, 'learning_rate': 0.02432881664182618}. Best is trial 0 with value: 99.6607666015625.
[I 2023-12-26 15:12:02,703] Trial 15 finished with value: 247.4577178955078 and parameters: {'gradient_clip_val': 0.32531039235588943, 'hidden_size': 60, 'dropout': 0.34261206031451996, 'hidden_continuous_size': 19, 'attention_head_size': 2, 'learning_rate': 0.02864198510179403}. Best is trial 0 with value: 99.6607666015625.
[I 2023-12-26 15:12:04,946] Trial 16 finished with value: 187.0672149658203 and parameters: {'gradient_clip_val': 0.2103194625453739, 'hidden_size': 18, 'dropout': 0.21520599891741318, 'hidden_continuous_size': 9, 'attention_head_size': 4, 'learning_rate': 0.011562258395058755}. Best is trial 0 with value: 99.6607666015625.
[I 2023-12-26 15:12:15,950] Trial 17 finished with value: 174.87322998046875 and parameters: {'gradient_clip_val': 0.14719462955455107, 'hidden_size': 141, 'dropout': 0.28594259707723924, 'hidden_continuous_size': 129, 'attention_head_size': 3, 'learning_rate': 0.040812245864414017}. Best is trial 0 with value: 99.6607666015625.
[I 2023-12-26 15:12:19,611] Trial 18 finished with value: 335.00634765625 and parameters: {'gradient_clip_val': 0.34478436371904225, 'hidden_size': 61, 'dropout': 0.3706836050065644, 'hidden_continuous_size': 19, 'attention_head_size': 2, 'learning_rate': 0.014978745344975555}. Best is trial 0 with value: 99.6607666015625.
[I 2023-12-26 15:12:21,722] Trial 19 finished with value: 179.4092559814453 and parameters: {'gradient_clip_val': 0.5608213419055347, 'hidden_size': 20, 'dropout': 0.47371349746752306, 'hidden_continuous_size': 5, 'attention_head_size': 3, 'learning_rate': 0.04209859395651322}. Best is trial 0 with value: 99.6607666015625.
[I 2023-12-26 15:12:23,420] Trial 20 finished with value: 241.96934509277344 and parameters: {'gradient_clip_val': 0.382636243753614, 'hidden_size': 5, 'dropout': 0.29614201498648657, 'hidden_continuous_size': 5, 'attention_head_size': 2, 'learning_rate': 0.09122508904254267}. Best is trial 0 with value: 99.6607666015625.
[I 2023-12-26 15:12:31,794] Trial 21 finished with value: 188.7998504638672 and parameters: {'gradient_clip_val': 0.2893388059040662, 'hidden_size': 129, 'dropout': 0.2771627662043828, 'hidden_continuous_size': 57, 'attention_head_size': 3, 'learning_rate': 0.09853612328217225}. Best is trial 0 with value: 99.6607666015625.
[I 2023-12-26 15:12:38,121] Trial 22 finished with value: 189.6845245361328 and parameters: {'gradient_clip_val': 0.24537478139510233, 'hidden_size': 103, 'dropout': 0.24847925269767088, 'hidden_continuous_size': 36, 'attention_head_size': 3, 'learning_rate': 0.055854579348631216}. Best is trial 0 with value: 99.6607666015625.
[I 2023-12-26 15:12:45,068] Trial 23 finished with value: 211.42958068847656 and parameters: {'gradient_clip_val': 0.3284498488350227, 'hidden_size': 96, 'dropout': 0.26667384806155636, 'hidden_continuous_size': 14, 'attention_head_size': 4, 'learning_rate': 0.060054509855928334}. Best is trial 0 with value: 99.6607666015625.
[I 2023-12-26 15:12:49,928] Trial 24 finished with value: 203.18524169921875 and parameters: {'gradient_clip_val': 0.20882155400116245, 'hidden_size': 52, 'dropout': 0.20652912001984497, 'hidden_continuous_size': 19, 'attention_head_size': 3, 'learning_rate': 0.03865497365257319}. Best is trial 0 with value: 99.6607666015625.
[I 2023-12-26 15:12:55,365] Trial 25 finished with value: 147.39915466308594 and parameters: {'gradient_clip_val': 0.12901275752109317, 'hidden_size': 79, 'dropout': 0.2529149791915031, 'hidden_continuous_size': 25, 'attention_head_size': 2, 'learning_rate': 0.09854940788915828}. Best is trial 0 with value: 99.6607666015625.
[I 2023-12-26 15:13:01,150] Trial 26 finished with value: 184.146240234375 and parameters: {'gradient_clip_val': 0.12399687432903231, 'hidden_size': 80, 'dropout': 0.30068093982911703, 'hidden_continuous_size': 28, 'attention_head_size': 2, 'learning_rate': 0.016684716310628435}. Best is trial 0 with value: 99.6607666015625.
[I 2023-12-26 15:13:07,241] Trial 27 finished with value: 169.3748321533203 and parameters: {'gradient_clip_val': 0.12184913445210788, 'hidden_size': 69, 'dropout': 0.2076814848267408, 'hidden_continuous_size': 15, 'attention_head_size': 2, 'learning_rate': 0.02757605435921019}. Best is trial 0 with value: 99.6607666015625.
[I 2023-12-26 15:13:11,228] Trial 28 finished with value: 165.57456970214844 and parameters: {'gradient_clip_val': 0.1563705904298429, 'hidden_size': 47, 'dropout': 0.18956790917454347, 'hidden_continuous_size': 9, 'attention_head_size': 2, 'learning_rate': 0.06308880023427428}. Best is trial 0 with value: 99.6607666015625.
[I 2023-12-26 15:13:18,459] Trial 29 finished with value: 260.7830505371094 and parameters: {'gradient_clip_val': 0.8435958081312199, 'hidden_size': 112, 'dropout': 0.2473243757336683, 'hidden_continuous_size': 40, 'attention_head_size': 1, 'learning_rate': 0.0498298168774922}. Best is trial 0 with value: 99.6607666015625.
[I 2023-12-26 15:13:23,531] Trial 30 finished with value: 229.298095703125 and parameters: {'gradient_clip_val': 0.18241605372902148, 'hidden_size': 85, 'dropout': 0.182309246855352, 'hidden_continuous_size': 24, 'attention_head_size': 2, 'learning_rate': 0.07376465844414536}. Best is trial 0 with value: 99.6607666015625.
[I 2023-12-26 15:13:32,946] Trial 31 finished with value: 191.9244842529297 and parameters: {'gradient_clip_val': 0.13177194460054317, 'hidden_size': 139, 'dropout': 0.2351205159742586, 'hidden_continuous_size': 113, 'attention_head_size': 3, 'learning_rate': 0.09693508537606467}. Best is trial 0 with value: 99.6607666015625.
[I 2023-12-26 15:13:40,547] Trial 32 finished with value: 144.10348510742188 and parameters: {'gradient_clip_val': 0.17360791741210138, 'hidden_size': 115, 'dropout': 0.2666137552593685, 'hidden_continuous_size': 83, 'attention_head_size': 3, 'learning_rate': 0.06745741049572823}. Best is trial 0 with value: 99.6607666015625.
[I 2023-12-26 15:13:48,257] Trial 33 finished with value: 175.83892822265625 and parameters: {'gradient_clip_val': 0.13991644879845758, 'hidden_size': 105, 'dropout': 0.3030639323201877, 'hidden_continuous_size': 50, 'attention_head_size': 3, 'learning_rate': 0.04793570740871712}. Best is trial 0 with value: 99.6607666015625.
[I 2023-12-26 15:13:51,995] Trial 34 finished with value: 231.32489013671875 and parameters: {'gradient_clip_val': 0.119008731038153, 'hidden_size': 41, 'dropout': 0.2704907717229147, 'hidden_continuous_size': 23, 'attention_head_size': 2, 'learning_rate': 0.033815068140903765}. Best is trial 0 with value: 99.6607666015625.
[I 2023-12-26 15:13:57,437] Trial 35 finished with value: 140.71963500976562 and parameters: {'gradient_clip_val': 0.16990873229622644, 'hidden_size': 75, 'dropout': 0.23414268503489133, 'hidden_continuous_size': 44, 'attention_head_size': 4, 'learning_rate': 0.06298873058033491}. Best is trial 0 with value: 99.6607666015625.
[I 2023-12-26 15:14:06,721] Trial 36 finished with value: 200.56361389160156 and parameters: {'gradient_clip_val': 0.16554387851217306, 'hidden_size': 117, 'dropout': 0.16549384989097507, 'hidden_continuous_size': 70, 'attention_head_size': 4, 'learning_rate': 0.05811665849629169}. Best is trial 0 with value: 99.6607666015625.
[I 2023-12-26 15:14:12,443] Trial 37 finished with value: 251.8973846435547 and parameters: {'gradient_clip_val': 0.1689761582351889, 'hidden_size': 66, 'dropout': 0.2211742796836827, 'hidden_continuous_size': 42, 'attention_head_size': 4, 'learning_rate': 0.03324163571282476}. Best is trial 0 with value: 99.6607666015625.
[I 2023-12-26 15:14:25,225] Trial 38 finished with value: 237.39599609375 and parameters: {'gradient_clip_val': 0.22480729420666976, 'hidden_size': 149, 'dropout': 0.1500359041364832, 'hidden_continuous_size': 99, 'attention_head_size': 4, 'learning_rate': 0.019006169367742794}. Best is trial 0 with value: 99.6607666015625.
[I 2023-12-26 15:14:33,724] Trial 39 finished with value: 202.50221252441406 and parameters: {'gradient_clip_val': 0.188451060717209, 'hidden_size': 96, 'dropout': 0.1916246243080416, 'hidden_continuous_size': 63, 'attention_head_size': 4, 'learning_rate': 0.043993267391584656}. Best is trial 0 with value: 99.6607666015625.
[I 2023-12-26 15:14:38,133] Trial 40 finished with value: 240.97926330566406 and parameters: {'gradient_clip_val': 0.169382166987536, 'hidden_size': 51, 'dropout': 0.3167182743309887, 'hidden_continuous_size': 41, 'attention_head_size': 4, 'learning_rate': 0.06961785003504696}. Best is trial 0 with value: 99.6607666015625.
[I 2023-12-26 15:14:45,197] Trial 41 finished with value: 190.8662109375 and parameters: {'gradient_clip_val': 0.1523034077982663, 'hidden_size': 81, 'dropout': 0.2561261360851699, 'hidden_continuous_size': 52, 'attention_head_size': 2, 'learning_rate': 0.07057618409758173}. Best is trial 0 with value: 99.6607666015625.
[I 2023-12-26 15:14:51,569] Trial 42 finished with value: 203.58238220214844 and parameters: {'gradient_clip_val': 0.11158278264203578, 'hidden_size': 74, 'dropout': 0.23635248191907923, 'hidden_continuous_size': 50, 'attention_head_size': 3, 'learning_rate': 0.05015823462425559}. Best is trial 0 with value: 99.6607666015625.
[I 2023-12-26 15:14:59,993] Trial 43 finished with value: 182.1956024169922 and parameters: {'gradient_clip_val': 0.1387628385382627, 'hidden_size': 92, 'dropout': 0.28582840817628125, 'hidden_continuous_size': 73, 'attention_head_size': 2, 'learning_rate': 0.03388339170293404}. Best is trial 0 with value: 99.6607666015625.
[I 2023-12-26 15:15:09,564] Trial 44 finished with value: 138.2607879638672 and parameters: {'gradient_clip_val': 0.13030055138900934, 'hidden_size': 117, 'dropout': 0.25562419905099715, 'hidden_continuous_size': 80, 'attention_head_size': 1, 'learning_rate': 0.08300239528779206}. Best is trial 0 with value: 99.6607666015625.
[I 2023-12-26 15:15:17,713] Trial 45 finished with value: 199.43727111816406 and parameters: {'gradient_clip_val': 0.10078662596507057, 'hidden_size': 116, 'dropout': 0.26542383514620344, 'hidden_continuous_size': 86, 'attention_head_size': 1, 'learning_rate': 0.07353710491678862}. Best is trial 0 with value: 99.6607666015625.
[I 2023-12-26 15:15:25,843] Trial 46 finished with value: 145.7358856201172 and parameters: {'gradient_clip_val': 0.11261727677281703, 'hidden_size': 124, 'dropout': 0.2836040528577054, 'hidden_continuous_size': 84, 'attention_head_size': 1, 'learning_rate': 0.02221015036394445}. Best is trial 0 with value: 99.6607666015625.
[I 2023-12-26 15:15:32,379] Trial 47 finished with value: 209.18804931640625 and parameters: {'gradient_clip_val': 0.1455020908711141, 'hidden_size': 103, 'dropout': 0.23705172996750487, 'hidden_continuous_size': 66, 'attention_head_size': 1, 'learning_rate': 0.0324223307664826}. Best is trial 0 with value: 99.6607666015625.
[I 2023-12-26 15:15:42,442] Trial 48 finished with value: 119.3060073852539 and parameters: {'gradient_clip_val': 0.13492070916346893, 'hidden_size': 145, 'dropout': 0.3138842653252127, 'hidden_continuous_size': 140, 'attention_head_size': 3, 'learning_rate': 0.05265826956809941}. Best is trial 0 with value: 99.6607666015625.
[I 2023-12-26 15:15:52,173] Trial 49 finished with value: 138.01954650878906 and parameters: {'gradient_clip_val': 0.13908118891163826, 'hidden_size': 140, 'dropout': 0.3498602349773434, 'hidden_continuous_size': 135, 'attention_head_size': 1, 'learning_rate': 0.0496976976543109}. Best is trial 0 with value: 99.6607666015625.
[I 2023-12-26 15:15:52,292] A new study created in memory with name: no-name-b0c5e50c-bb4f-4b3c-b59c-4b75af3b1dd1
/home/le004/conda/anaconda3/envs/tsff_env/lib/python3.9/site-packages/lightning/fabric/plugins/environments/slurm.py:191: The `srun` command is available on your system but is not used. HINT: If your intention is to run Lightning on SLURM, prepend your python command with `srun` like so: srun python /home/le004/master_thesis/git/TSFusionForecast/code/ ...
[I 2023-12-26 15:18:14,949] Trial 0 finished with value: 8110.21044921875 and parameters: {'gradient_clip_val': 0.13606712079130193, 'hidden_size': 23, 'dropout': 0.48149245200315005, 'hidden_continuous_size': 11, 'attention_head_size': 1, 'learning_rate': 0.010346677386937385}. Best is trial 0 with value: 8110.21044921875.
[I 2023-12-26 15:18:18,742] Trial 1 finished with value: 27700.6484375 and parameters: {'gradient_clip_val': 0.1697249682850385, 'hidden_size': 65, 'dropout': 0.13213617978392023, 'hidden_continuous_size': 39, 'attention_head_size': 3, 'learning_rate': 0.016063251948636736}. Best is trial 0 with value: 8110.21044921875.
