[I 2023-12-15 21:22:39,925] Trial 5 finished with value: 34.43583679199219 and parameters: {'gradient_clip_val': 0.1142328052329614, 'hidden_size': 49, 'dropout': 0.3079306203665068, 'hidden_continuous_size': 40, 'attention_head_size': 2, 'learning_rate': 0.0009957349780526496}. Best is trial 5 with value: 34.43583679199219.
LOCAL_RANK: 0 - CUDA_VISIBLE_DEVICES: [0]
[I 2023-12-15 21:23:33,976] Trial 6 finished with value: 53.16012191772461 and parameters: {'gradient_clip_val': 0.13045927336961016, 'hidden_size': 73, 'dropout': 0.20681332757068893, 'hidden_continuous_size': 15, 'attention_head_size': 4, 'learning_rate': 0.014713221162749392}. Best is trial 5 with value: 34.43583679199219.
LOCAL_RANK: 0 - CUDA_VISIBLE_DEVICES: [0]
[I 2023-12-15 21:24:26,414] Trial 7 finished with value: 32.47300338745117 and parameters: {'gradient_clip_val': 0.45025378076826067, 'hidden_size': 52, 'dropout': 0.2939903469610119, 'hidden_continuous_size': 24, 'attention_head_size': 1, 'learning_rate': 0.0005957837706108055}. Best is trial 7 with value: 32.47300338745117.
LOCAL_RANK: 0 - CUDA_VISIBLE_DEVICES: [0]
[I 2023-12-15 21:25:13,508] Trial 8 finished with value: 37.17237854003906 and parameters: {'gradient_clip_val': 0.2641153719546759, 'hidden_size': 21, 'dropout': 0.15498258102070817, 'hidden_continuous_size': 5, 'attention_head_size': 1, 'learning_rate': 0.0012247092952627915}. Best is trial 7 with value: 32.47300338745117.
LOCAL_RANK: 0 - CUDA_VISIBLE_DEVICES: [0]
[I 2023-12-15 21:26:01,191] Trial 9 finished with value: 61.40631103515625 and parameters: {'gradient_clip_val': 0.44163394089435026, 'hidden_size': 18, 'dropout': 0.10118898990659606, 'hidden_continuous_size': 14, 'attention_head_size': 1, 'learning_rate': 0.0007634562636148646}. Best is trial 7 with value: 32.47300338745117.
LOCAL_RANK: 0 - CUDA_VISIBLE_DEVICES: [0]
[I 2023-12-15 21:26:35,002] Trial 10 finished with value: 31.274765014648438 and parameters: {'gradient_clip_val': 0.9420300059667065, 'hidden_size': 5, 'dropout': 0.26827642212901487, 'hidden_continuous_size': 5, 'attention_head_size': 2, 'learning_rate': 0.09626011458092962}. Best is trial 10 with value: 31.274765014648438.
LOCAL_RANK: 0 - CUDA_VISIBLE_DEVICES: [0]
[I 2023-12-15 21:27:08,737] Trial 11 finished with value: 61.83121871948242 and parameters: {'gradient_clip_val': 0.9327163418885693, 'hidden_size': 5, 'dropout': 0.27705971462442897, 'hidden_continuous_size': 5, 'attention_head_size': 2, 'learning_rate': 0.09797818506593793}. Best is trial 10 with value: 31.274765014648438.
LOCAL_RANK: 0 - CUDA_VISIBLE_DEVICES: [0]
[I 2023-12-15 21:27:42,114] Trial 12 finished with value: 54.83063888549805 and parameters: {'gradient_clip_val': 0.9252997378246862, 'hidden_size': 5, 'dropout': 0.23511047084998996, 'hidden_continuous_size': 5, 'attention_head_size': 1, 'learning_rate': 0.003896906159187595}. Best is trial 10 with value: 31.274765014648438.
LOCAL_RANK: 0 - CUDA_VISIBLE_DEVICES: [0]
[I 2023-12-15 21:28:32,738] Trial 13 finished with value: 58.91884994506836 and parameters: {'gradient_clip_val': 0.6836752748960604, 'hidden_size': 39, 'dropout': 0.3310935887031926, 'hidden_continuous_size': 10, 'attention_head_size': 2, 'learning_rate': 0.07978458520653835}. Best is trial 10 with value: 31.274765014648438.
LOCAL_RANK: 0 - CUDA_VISIBLE_DEVICES: [0]
[I 2023-12-15 21:29:29,987] Trial 14 finished with value: 35.53425598144531 and parameters: {'gradient_clip_val': 0.657092857467922, 'hidden_size': 91, 'dropout': 0.26462911900938524, 'hidden_continuous_size': 90, 'attention_head_size': 1, 'learning_rate': 0.008313071038672595}. Best is trial 10 with value: 31.274765014648438.
LOCAL_RANK: 0 - CUDA_VISIBLE_DEVICES: [0]
[I 2023-12-15 21:30:19,781] Trial 15 finished with value: 48.62556838989258 and parameters: {'gradient_clip_val': 0.6397991407746736, 'hidden_size': 39, 'dropout': 0.19759053697056206, 'hidden_continuous_size': 8, 'attention_head_size': 2, 'learning_rate': 0.03616984793213569}. Best is trial 10 with value: 31.274765014648438.
LOCAL_RANK: 0 - CUDA_VISIBLE_DEVICES: [0]
[I 2023-12-15 21:31:15,105] Trial 16 finished with value: 52.767791748046875 and parameters: {'gradient_clip_val': 0.9880705902663726, 'hidden_size': 100, 'dropout': 0.30542335741219845, 'hidden_continuous_size': 25, 'attention_head_size': 4, 'learning_rate': 0.0025313318977811237}. Best is trial 10 with value: 31.274765014648438.
LOCAL_RANK: 0 - CUDA_VISIBLE_DEVICES: [0]
[I 2023-12-15 21:31:58,691] Trial 17 finished with value: 76.10250854492188 and parameters: {'gradient_clip_val': 0.5305884314737535, 'hidden_size': 8, 'dropout': 0.24391863334637848, 'hidden_continuous_size': 5, 'attention_head_size': 1, 'learning_rate': 0.0005047392265582408}. Best is trial 10 with value: 31.274765014648438.
LOCAL_RANK: 0 - CUDA_VISIBLE_DEVICES: [0]
[I 2023-12-15 21:32:44,230] Trial 18 finished with value: 31.94631004333496 and parameters: {'gradient_clip_val': 0.3481550756309783, 'hidden_size': 15, 'dropout': 0.1716751115099397, 'hidden_continuous_size': 6, 'attention_head_size': 2, 'learning_rate': 0.007211676087878751}. Best is trial 10 with value: 31.274765014648438.
LOCAL_RANK: 0 - CUDA_VISIBLE_DEVICES: [0]
[I 2023-12-15 21:33:29,506] Trial 19 finished with value: 62.67085647583008 and parameters: {'gradient_clip_val': 0.3055754814505736, 'hidden_size': 7, 'dropout': 0.17798774949401394, 'hidden_continuous_size': 5, 'attention_head_size': 3, 'learning_rate': 0.04682536023248722}. Best is trial 10 with value: 31.274765014648438.
LOCAL_RANK: 0 - CUDA_VISIBLE_DEVICES: [0]
[I 2023-12-15 21:34:14,943] Trial 20 finished with value: 47.39872360229492 and parameters: {'gradient_clip_val': 0.19942624282103497, 'hidden_size': 15, 'dropout': 0.1589810810513987, 'hidden_continuous_size': 6, 'attention_head_size': 2, 'learning_rate': 0.013410840349868938}. Best is trial 10 with value: 31.274765014648438.
LOCAL_RANK: 0 - CUDA_VISIBLE_DEVICES: [0]
[I 2023-12-15 21:35:00,217] Trial 21 finished with value: 36.495487213134766 and parameters: {'gradient_clip_val': 0.38968676459150847, 'hidden_size': 14, 'dropout': 0.23392438449262168, 'hidden_continuous_size': 6, 'attention_head_size': 2, 'learning_rate': 0.007516338326282713}. Best is trial 10 with value: 31.274765014648438.
LOCAL_RANK: 0 - CUDA_VISIBLE_DEVICES: [0]
[I 2023-12-15 21:35:45,433] Trial 22 finished with value: 31.191421508789062 and parameters: {'gradient_clip_val': 0.36955776195387624, 'hidden_size': 11, 'dropout': 0.2531032471572461, 'hidden_continuous_size': 6, 'attention_head_size': 2, 'learning_rate': 0.004304438118835967}. Best is trial 22 with value: 31.191421508789062.
LOCAL_RANK: 0 - CUDA_VISIBLE_DEVICES: [0]
[I 2023-12-15 21:36:30,710] Trial 23 finished with value: 40.47043991088867 and parameters: {'gradient_clip_val': 0.22983923431622316, 'hidden_size': 10, 'dropout': 0.25203748804570786, 'hidden_continuous_size': 6, 'attention_head_size': 2, 'learning_rate': 0.005427194900538767}. Best is trial 22 with value: 31.191421508789062.
LOCAL_RANK: 0 - CUDA_VISIBLE_DEVICES: [0]
[I 2023-12-15 21:37:15,819] Trial 24 finished with value: 68.1279067993164 and parameters: {'gradient_clip_val': 0.34593409151709714, 'hidden_size': 7, 'dropout': 0.19525135967434076, 'hidden_continuous_size': 5, 'attention_head_size': 3, 'learning_rate': 0.026791355176384306}. Best is trial 22 with value: 31.191421508789062.
LOCAL_RANK: 0 - CUDA_VISIBLE_DEVICES: [0]
[I 2023-12-15 21:38:00,535] Trial 25 finished with value: 42.53608703613281 and parameters: {'gradient_clip_val': 0.27437515730131906, 'hidden_size': 6, 'dropout': 0.21477395193816157, 'hidden_continuous_size': 5, 'attention_head_size': 2, 'learning_rate': 0.05748401904881303}. Best is trial 22 with value: 31.191421508789062.
LOCAL_RANK: 0 - CUDA_VISIBLE_DEVICES: [0]
[I 2023-12-15 21:38:46,058] Trial 26 finished with value: 40.968326568603516 and parameters: {'gradient_clip_val': 0.3758445178082872, 'hidden_size': 9, 'dropout': 0.2518177185285293, 'hidden_continuous_size': 6, 'attention_head_size': 3, 'learning_rate': 0.015662631792189335}. Best is trial 22 with value: 31.191421508789062.
LOCAL_RANK: 0 - CUDA_VISIBLE_DEVICES: [0]
[I 2023-12-15 21:39:31,204] Trial 27 finished with value: 39.433475494384766 and parameters: {'gradient_clip_val': 0.5499638377479014, 'hidden_size': 11, 'dropout': 0.17955220441450626, 'hidden_continuous_size': 6, 'attention_head_size': 2, 'learning_rate': 0.010551721784127808}. Best is trial 22 with value: 31.191421508789062.
LOCAL_RANK: 0 - CUDA_VISIBLE_DEVICES: [0]
[I 2023-12-15 21:40:16,469] Trial 28 finished with value: 37.41522216796875 and parameters: {'gradient_clip_val': 0.7903711395610991, 'hidden_size': 13, 'dropout': 0.22079325914452164, 'hidden_continuous_size': 6, 'attention_head_size': 2, 'learning_rate': 0.024033690491434816}. Best is trial 22 with value: 31.191421508789062.
LOCAL_RANK: 0 - CUDA_VISIBLE_DEVICES: [0]
[I 2023-12-15 21:41:01,828] Trial 29 finished with value: 37.16053771972656 and parameters: {'gradient_clip_val': 0.18211120114205775, 'hidden_size': 11, 'dropout': 0.2703038114839355, 'hidden_continuous_size': 6, 'attention_head_size': 3, 'learning_rate': 0.0024081255376427256}. Best is trial 22 with value: 31.191421508789062.
LOCAL_RANK: 0 - CUDA_VISIBLE_DEVICES: [0]
[I 2023-12-15 21:41:46,214] Trial 30 finished with value: 49.518524169921875 and parameters: {'gradient_clip_val': 0.8037695127456091, 'hidden_size': 8, 'dropout': 0.23696837984578173, 'hidden_continuous_size': 5, 'attention_head_size': 4, 'learning_rate': 0.0047904987724254776}. Best is trial 22 with value: 31.191421508789062.
LOCAL_RANK: 0 - CUDA_VISIBLE_DEVICES: [0]
[I 2023-12-15 21:42:31,934] Trial 31 finished with value: 35.784324645996094 and parameters: {'gradient_clip_val': 0.4217475694730875, 'hidden_size': 17, 'dropout': 0.28851251156925306, 'hidden_continuous_size': 7, 'attention_head_size': 1, 'learning_rate': 0.0015575342208849143}. Best is trial 22 with value: 31.191421508789062.
LOCAL_RANK: 0 - CUDA_VISIBLE_DEVICES: [0]
[I 2023-12-15 21:43:16,019] Trial 32 finished with value: 44.22238540649414 and parameters: {'gradient_clip_val': 0.4920484855535627, 'hidden_size': 12, 'dropout': 0.26139545513278806, 'hidden_continuous_size': 7, 'attention_head_size': 1, 'learning_rate': 0.00181138559021094}. Best is trial 22 with value: 31.191421508789062.
LOCAL_RANK: 0 - CUDA_VISIBLE_DEVICES: [0]
[I 2023-12-15 21:44:00,591] Trial 33 finished with value: 36.35335159301758 and parameters: {'gradient_clip_val': 0.3537881388897148, 'hidden_size': 16, 'dropout': 0.2837105355057816, 'hidden_continuous_size': 7, 'attention_head_size': 2, 'learning_rate': 0.002908651742091886}. Best is trial 22 with value: 31.191421508789062.
LOCAL_RANK: 0 - CUDA_VISIBLE_DEVICES: [0]
[I 2023-12-15 21:44:45,652] Trial 34 finished with value: 30.719289779663086 and parameters: {'gradient_clip_val': 0.41683626575066596, 'hidden_size': 13, 'dropout': 0.227029446335349, 'hidden_continuous_size': 7, 'attention_head_size': 1, 'learning_rate': 0.005229864073650336}. Best is trial 34 with value: 30.719289779663086.
LOCAL_RANK: 0 - CUDA_VISIBLE_DEVICES: [0]
[I 2023-12-15 21:45:31,630] Trial 35 finished with value: 31.58803367614746 and parameters: {'gradient_clip_val': 0.3107358654829858, 'hidden_size': 13, 'dropout': 0.21924118093948744, 'hidden_continuous_size': 7, 'attention_head_size': 3, 'learning_rate': 0.005744602821052031}. Best is trial 34 with value: 30.719289779663086.
LOCAL_RANK: 0 - CUDA_VISIBLE_DEVICES: [0]
[I 2023-12-15 21:46:16,244] Trial 36 finished with value: 37.69954299926758 and parameters: {'gradient_clip_val': 0.3091128696257335, 'hidden_size': 12, 'dropout': 0.2252030710244492, 'hidden_continuous_size': 7, 'attention_head_size': 3, 'learning_rate': 0.004692857839998671}. Best is trial 34 with value: 30.719289779663086.
LOCAL_RANK: 0 - CUDA_VISIBLE_DEVICES: [0]
[I 2023-12-15 21:47:01,698] Trial 37 finished with value: 40.14665222167969 and parameters: {'gradient_clip_val': 0.39630609361695607, 'hidden_size': 9, 'dropout': 0.2129731885167009, 'hidden_continuous_size': 5, 'attention_head_size': 3, 'learning_rate': 0.010132987266251054}. Best is trial 34 with value: 30.719289779663086.
LOCAL_RANK: 0 - CUDA_VISIBLE_DEVICES: [0]
[I 2023-12-15 21:47:49,174] Trial 38 finished with value: 50.01179885864258 and parameters: {'gradient_clip_val': 0.49657521842286045, 'hidden_size': 20, 'dropout': 0.27012758586559893, 'hidden_continuous_size': 8, 'attention_head_size': 4, 'learning_rate': 0.005981411807662522}. Best is trial 34 with value: 30.719289779663086.
LOCAL_RANK: 0 - CUDA_VISIBLE_DEVICES: [0]
[I 2023-12-15 21:48:34,769] Trial 39 finished with value: 47.025997161865234 and parameters: {'gradient_clip_val': 0.2454977490531, 'hidden_size': 6, 'dropout': 0.24846814665364234, 'hidden_continuous_size': 5, 'attention_head_size': 3, 'learning_rate': 0.0037710689495934016}. Best is trial 34 with value: 30.719289779663086.
LOCAL_RANK: 0 - CUDA_VISIBLE_DEVICES: [0]
[I 2023-12-15 21:49:23,770] Trial 40 finished with value: 55.79524612426758 and parameters: {'gradient_clip_val': 0.2850265994466446, 'hidden_size': 25, 'dropout': 0.22817401436804136, 'hidden_continuous_size': 9, 'attention_head_size': 3, 'learning_rate': 0.02009557319775735}. Best is trial 34 with value: 30.719289779663086.
LOCAL_RANK: 0 - CUDA_VISIBLE_DEVICES: [0]
[I 2023-12-15 21:50:09,478] Trial 41 finished with value: 55.06565475463867 and parameters: {'gradient_clip_val': 0.3328076776612641, 'hidden_size': 15, 'dropout': 0.20513219286520823, 'hidden_continuous_size': 7, 'attention_head_size': 2, 'learning_rate': 0.005936088980462122}. Best is trial 34 with value: 30.719289779663086.
LOCAL_RANK: 0 - CUDA_VISIBLE_DEVICES: [0]
[I 2023-12-15 21:50:54,819] Trial 42 finished with value: 37.92863082885742 and parameters: {'gradient_clip_val': 0.4109749333128537, 'hidden_size': 13, 'dropout': 0.2519737809299341, 'hidden_continuous_size': 6, 'attention_head_size': 2, 'learning_rate': 0.0068128485334611605}. Best is trial 34 with value: 30.719289779663086.
LOCAL_RANK: 0 - CUDA_VISIBLE_DEVICES: [0]
[I 2023-12-15 21:51:41,828] Trial 43 finished with value: 29.214111328125 and parameters: {'gradient_clip_val': 0.35460805110440263, 'hidden_size': 19, 'dropout': 0.2240118451318231, 'hidden_continuous_size': 8, 'attention_head_size': 1, 'learning_rate': 0.008566880662356571}. Best is trial 43 with value: 29.214111328125.
LOCAL_RANK: 0 - CUDA_VISIBLE_DEVICES: [0]
[I 2023-12-15 21:52:29,627] Trial 44 finished with value: 41.60210037231445 and parameters: {'gradient_clip_val': 0.4408175888536241, 'hidden_size': 21, 'dropout': 0.22578378777124383, 'hidden_continuous_size': 8, 'attention_head_size': 1, 'learning_rate': 0.0035252109342208023}. Best is trial 43 with value: 29.214111328125.
LOCAL_RANK: 0 - CUDA_VISIBLE_DEVICES: [0]
[I 2023-12-15 21:53:16,057] Trial 45 finished with value: 50.99448776245117 and parameters: {'gradient_clip_val': 0.3029755624810829, 'hidden_size': 18, 'dropout': 0.2422424447852918, 'hidden_continuous_size': 7, 'attention_head_size': 1, 'learning_rate': 0.009248362735007466}. Best is trial 43 with value: 29.214111328125.
LOCAL_RANK: 0 - CUDA_VISIBLE_DEVICES: [0]
[I 2023-12-15 21:54:04,329] Trial 46 finished with value: 54.37767028808594 and parameters: {'gradient_clip_val': 0.37799486529201415, 'hidden_size': 23, 'dropout': 0.2776632250022409, 'hidden_continuous_size': 9, 'attention_head_size': 1, 'learning_rate': 0.01263595989292226}. Best is trial 43 with value: 29.214111328125.
LOCAL_RANK: 0 - CUDA_VISIBLE_DEVICES: [0]
[I 2023-12-15 21:54:51,078] Trial 47 finished with value: 33.674049377441406 and parameters: {'gradient_clip_val': 0.24640349229254258, 'hidden_size': 19, 'dropout': 0.26167363891985934, 'hidden_continuous_size': 8, 'attention_head_size': 1, 'learning_rate': 0.004537827077658456}. Best is trial 43 with value: 29.214111328125.
LOCAL_RANK: 0 - CUDA_VISIBLE_DEVICES: [0]
[I 2023-12-15 21:55:39,734] Trial 48 finished with value: 48.39461135864258 and parameters: {'gradient_clip_val': 0.5945551143705659, 'hidden_size': 27, 'dropout': 0.1986054965914143, 'hidden_continuous_size': 10, 'attention_head_size': 1, 'learning_rate': 0.008487599103179906}. Best is trial 43 with value: 29.214111328125.
LOCAL_RANK: 0 - CUDA_VISIBLE_DEVICES: [0]
[I 2023-12-15 21:56:25,005] Trial 49 finished with value: 54.96944046020508 and parameters: {'gradient_clip_val': 0.4380013980999069, 'hidden_size': 11, 'dropout': 0.29881225748554113, 'hidden_continuous_size': 7, 'attention_head_size': 1, 'learning_rate': 0.01707964987605476}. Best is trial 43 with value: 29.214111328125.
[I 2023-12-15 21:56:25,097] A new study created in memory with name: no-name-96f567e3-03d4-4f7d-977c-0778dd7b9629
/home/le004/conda/anaconda3/envs/tsff_env/lib/python3.9/site-packages/lightning/fabric/plugins/environments/slurm.py:191: The `srun` command is available on your system but is not used. HINT: If your intention is to run Lightning on SLURM, prepend your python command with `srun` like so: srun python /home/le004/master_thesis/git/TSFusionForecast/code/ ...
LOCAL_RANK: 0 - CUDA_VISIBLE_DEVICES: [0]
[I 2023-12-15 21:57:17,590] Trial 0 finished with value: 260.5288391113281 and parameters: {'gradient_clip_val': 0.5263061331363568, 'hidden_size': 44, 'dropout': 0.24541292218661898, 'hidden_continuous_size': 31, 'attention_head_size': 4, 'learning_rate': 0.00399947352609267}. Best is trial 0 with value: 260.5288391113281.
LOCAL_RANK: 0 - CUDA_VISIBLE_DEVICES: [0]
[I 2023-12-15 21:58:11,339] Trial 1 finished with value: 429.91748046875 and parameters: {'gradient_clip_val': 0.2961310081060641, 'hidden_size': 79, 'dropout': 0.13672802570845424, 'hidden_continuous_size': 10, 'attention_head_size': 3, 'learning_rate': 0.045794521494588764}. Best is trial 0 with value: 260.5288391113281.
LOCAL_RANK: 0 - CUDA_VISIBLE_DEVICES: [0]
[I 2023-12-15 21:58:58,036] Trial 2 finished with value: 405.8621520996094 and parameters: {'gradient_clip_val': 0.25413793448980426, 'hidden_size': 13, 'dropout': 0.27384082021676404, 'hidden_continuous_size': 12, 'attention_head_size': 4, 'learning_rate': 0.08981858220920451}. Best is trial 0 with value: 260.5288391113281.
LOCAL_RANK: 0 - CUDA_VISIBLE_DEVICES: [0]
[I 2023-12-15 21:59:43,323] Trial 3 finished with value: 513.5529174804688 and parameters: {'gradient_clip_val': 0.6756261698203984, 'hidden_size': 15, 'dropout': 0.25142852949707073, 'hidden_continuous_size': 8, 'attention_head_size': 1, 'learning_rate': 0.018448628013668516}. Best is trial 0 with value: 260.5288391113281.
LOCAL_RANK: 0 - CUDA_VISIBLE_DEVICES: [0]
[I 2023-12-15 22:00:31,746] Trial 4 finished with value: 374.999755859375 and parameters: {'gradient_clip_val': 0.6952963315453655, 'hidden_size': 25, 'dropout': 0.14914678587594749, 'hidden_continuous_size': 6, 'attention_head_size': 2, 'learning_rate': 0.03855068260018037}. Best is trial 0 with value: 260.5288391113281.
LOCAL_RANK: 0 - CUDA_VISIBLE_DEVICES: [0]
[I 2023-12-15 22:01:06,113] Trial 5 finished with value: 396.0609436035156 and parameters: {'gradient_clip_val': 0.5990199801087149, 'hidden_size': 8, 'dropout': 0.29400071421864893, 'hidden_continuous_size': 8, 'attention_head_size': 4, 'learning_rate': 0.02212466225908062}. Best is trial 0 with value: 260.5288391113281.
LOCAL_RANK: 0 - CUDA_VISIBLE_DEVICES: [0]
[I 2023-12-15 22:01:58,985] Trial 6 finished with value: 276.6092834472656 and parameters: {'gradient_clip_val': 0.48248549560927484, 'hidden_size': 46, 'dropout': 0.1441000657176975, 'hidden_continuous_size': 12, 'attention_head_size': 4, 'learning_rate': 0.0071571557419869685}. Best is trial 0 with value: 260.5288391113281.
LOCAL_RANK: 0 - CUDA_VISIBLE_DEVICES: [0]
[I 2023-12-15 22:02:44,932] Trial 7 finished with value: 344.0827331542969 and parameters: {'gradient_clip_val': 0.35656142307905836, 'hidden_size': 15, 'dropout': 0.12375268317147672, 'hidden_continuous_size': 9, 'attention_head_size': 2, 'learning_rate': 0.012433852768392525}. Best is trial 0 with value: 260.5288391113281.
LOCAL_RANK: 0 - CUDA_VISIBLE_DEVICES: [0]
[I 2023-12-15 22:03:36,886] Trial 8 finished with value: 340.739013671875 and parameters: {'gradient_clip_val': 0.8049226333273408, 'hidden_size': 67, 'dropout': 0.2459319068933153, 'hidden_continuous_size': 6, 'attention_head_size': 3, 'learning_rate': 0.07488773728945321}. Best is trial 0 with value: 260.5288391113281.
LOCAL_RANK: 0 - CUDA_VISIBLE_DEVICES: [0]
[I 2023-12-15 22:04:22,375] Trial 9 finished with value: 335.2351379394531 and parameters: {'gradient_clip_val': 0.43313718199917656, 'hidden_size': 11, 'dropout': 0.16987926200679065, 'hidden_continuous_size': 5, 'attention_head_size': 3, 'learning_rate': 0.014273346788003648}. Best is trial 0 with value: 260.5288391113281.
LOCAL_RANK: 0 - CUDA_VISIBLE_DEVICES: [0]
[I 2023-12-15 22:04:57,052] Trial 10 finished with value: 200.45928955078125 and parameters: {'gradient_clip_val': 0.15389271626850654, 'hidden_size': 33, 'dropout': 0.3973018852808151, 'hidden_continuous_size': 33, 'attention_head_size': 1, 'learning_rate': 0.0021708037458333246}. Best is trial 10 with value: 200.45928955078125.
LOCAL_RANK: 0 - CUDA_VISIBLE_DEVICES: [0]
[I 2023-12-15 22:05:31,096] Trial 11 finished with value: 211.2450408935547 and parameters: {'gradient_clip_val': 0.14675015212319573, 'hidden_size': 32, 'dropout': 0.39149855294720887, 'hidden_continuous_size': 32, 'attention_head_size': 1, 'learning_rate': 0.001969430686928702}. Best is trial 10 with value: 200.45928955078125.
LOCAL_RANK: 0 - CUDA_VISIBLE_DEVICES: [0]
[I 2023-12-15 22:06:05,246] Trial 12 finished with value: 407.5426940917969 and parameters: {'gradient_clip_val': 0.12084933957010008, 'hidden_size': 29, 'dropout': 0.39005260342662873, 'hidden_continuous_size': 29, 'attention_head_size': 1, 'learning_rate': 0.0009687881825095917}. Best is trial 10 with value: 200.45928955078125.
LOCAL_RANK: 0 - CUDA_VISIBLE_DEVICES: [0]
