[I 2023-12-16 10:15:06,081] Trial 9 finished with value: 0.10726197808980942 and parameters: {'gradient_clip_val': 0.694330063621667, 'hidden_size': 38, 'dropout': 0.38618914299285645, 'hidden_continuous_size': 32, 'attention_head_size': 1, 'learning_rate': 0.02122198561231476}. Best is trial 5 with value: 0.040882598608732224.
LOCAL_RANK: 0 - CUDA_VISIBLE_DEVICES: [0]
[I 2023-12-16 10:16:03,267] Trial 10 finished with value: 0.10206758230924606 and parameters: {'gradient_clip_val': 0.10234189965236665, 'hidden_size': 97, 'dropout': 0.2657170707689267, 'hidden_continuous_size': 67, 'attention_head_size': 1, 'learning_rate': 0.07766953227326182}. Best is trial 5 with value: 0.040882598608732224.
LOCAL_RANK: 0 - CUDA_VISIBLE_DEVICES: [0]
[I 2023-12-16 10:16:49,928] Trial 11 finished with value: 0.04605138674378395 and parameters: {'gradient_clip_val': 0.9588319643194032, 'hidden_size': 6, 'dropout': 0.3048488651097283, 'hidden_continuous_size': 5, 'attention_head_size': 2, 'learning_rate': 0.09571412314286064}. Best is trial 5 with value: 0.040882598608732224.
LOCAL_RANK: 0 - CUDA_VISIBLE_DEVICES: [0]
[I 2023-12-16 10:17:35,838] Trial 12 finished with value: 0.0899345874786377 and parameters: {'gradient_clip_val': 0.9727373215270834, 'hidden_size': 14, 'dropout': 0.3937301964074455, 'hidden_continuous_size': 6, 'attention_head_size': 2, 'learning_rate': 0.09312604796579166}. Best is trial 5 with value: 0.040882598608732224.
LOCAL_RANK: 0 - CUDA_VISIBLE_DEVICES: [0]
[I 2023-12-16 10:18:21,057] Trial 13 finished with value: 0.18148036301136017 and parameters: {'gradient_clip_val': 0.18881264130050787, 'hidden_size': 7, 'dropout': 0.26267527664544144, 'hidden_continuous_size': 5, 'attention_head_size': 1, 'learning_rate': 0.03949831764462029}. Best is trial 5 with value: 0.040882598608732224.
LOCAL_RANK: 0 - CUDA_VISIBLE_DEVICES: [0]
[I 2023-12-16 10:19:06,908] Trial 14 finished with value: 0.09974478930234909 and parameters: {'gradient_clip_val': 0.40740235317690543, 'hidden_size': 9, 'dropout': 0.30217895191963245, 'hidden_continuous_size': 6, 'attention_head_size': 2, 'learning_rate': 0.01663499496735383}. Best is trial 5 with value: 0.040882598608732224.
LOCAL_RANK: 0 - CUDA_VISIBLE_DEVICES: [0]
[I 2023-12-16 10:19:52,966] Trial 15 finished with value: 0.12079695612192154 and parameters: {'gradient_clip_val': 0.21543971616922153, 'hidden_size': 17, 'dropout': 0.22343731179014129, 'hidden_continuous_size': 7, 'attention_head_size': 1, 'learning_rate': 0.05181072033611428}. Best is trial 5 with value: 0.040882598608732224.
LOCAL_RANK: 0 - CUDA_VISIBLE_DEVICES: [0]
[I 2023-12-16 10:20:28,835] Trial 16 finished with value: 0.07114005833864212 and parameters: {'gradient_clip_val': 0.436840383548835, 'hidden_size': 5, 'dropout': 0.3984382059133172, 'hidden_continuous_size': 5, 'attention_head_size': 2, 'learning_rate': 0.02785409040285762}. Best is trial 5 with value: 0.040882598608732224.
LOCAL_RANK: 0 - CUDA_VISIBLE_DEVICES: [0]
[I 2023-12-16 10:21:13,894] Trial 17 finished with value: 0.053830262273550034 and parameters: {'gradient_clip_val': 0.6833396567942184, 'hidden_size': 9, 'dropout': 0.3447392200598208, 'hidden_continuous_size': 6, 'attention_head_size': 1, 'learning_rate': 0.06192351172445067}. Best is trial 5 with value: 0.040882598608732224.
LOCAL_RANK: 0 - CUDA_VISIBLE_DEVICES: [0]
[I 2023-12-16 10:22:01,347] Trial 18 finished with value: 0.04624135419726372 and parameters: {'gradient_clip_val': 0.25362614785136983, 'hidden_size': 18, 'dropout': 0.29471932918126365, 'hidden_continuous_size': 7, 'attention_head_size': 2, 'learning_rate': 0.010585392548215663}. Best is trial 5 with value: 0.040882598608732224.
LOCAL_RANK: 0 - CUDA_VISIBLE_DEVICES: [0]
[I 2023-12-16 10:22:48,069] Trial 19 finished with value: 0.11679526418447495 and parameters: {'gradient_clip_val': 0.1819275754529033, 'hidden_size': 11, 'dropout': 0.22702003699117296, 'hidden_continuous_size': 6, 'attention_head_size': 3, 'learning_rate': 0.0496141819821718}. Best is trial 5 with value: 0.040882598608732224.
LOCAL_RANK: 0 - CUDA_VISIBLE_DEVICES: [0]
[I 2023-12-16 10:23:33,722] Trial 20 finished with value: 0.13580207526683807 and parameters: {'gradient_clip_val': 0.30472206617583536, 'hidden_size': 7, 'dropout': 0.26988549758326064, 'hidden_continuous_size': 5, 'attention_head_size': 1, 'learning_rate': 0.027116071130768173}. Best is trial 5 with value: 0.040882598608732224.
LOCAL_RANK: 0 - CUDA_VISIBLE_DEVICES: [0]
[I 2023-12-16 10:24:19,642] Trial 21 finished with value: 0.061222005635499954 and parameters: {'gradient_clip_val': 0.9747911358428674, 'hidden_size': 6, 'dropout': 0.3157489304976138, 'hidden_continuous_size': 5, 'attention_head_size': 2, 'learning_rate': 0.09618173037140404}. Best is trial 5 with value: 0.040882598608732224.
LOCAL_RANK: 0 - CUDA_VISIBLE_DEVICES: [0]
[I 2023-12-16 10:25:05,684] Trial 22 finished with value: 0.08193710446357727 and parameters: {'gradient_clip_val': 0.8116498760148869, 'hidden_size': 7, 'dropout': 0.36196301895907373, 'hidden_continuous_size': 5, 'attention_head_size': 2, 'learning_rate': 0.08954119882784035}. Best is trial 5 with value: 0.040882598608732224.
LOCAL_RANK: 0 - CUDA_VISIBLE_DEVICES: [0]
[I 2023-12-16 10:25:41,690] Trial 23 finished with value: 0.08448052406311035 and parameters: {'gradient_clip_val': 0.7642367407168161, 'hidden_size': 5, 'dropout': 0.31274513946062915, 'hidden_continuous_size': 5, 'attention_head_size': 2, 'learning_rate': 0.052193019794649284}. Best is trial 5 with value: 0.040882598608732224.
LOCAL_RANK: 0 - CUDA_VISIBLE_DEVICES: [0]
[I 2023-12-16 10:26:27,043] Trial 24 finished with value: 0.1007617712020874 and parameters: {'gradient_clip_val': 0.5912106476424339, 'hidden_size': 12, 'dropout': 0.2878114630770355, 'hidden_continuous_size': 6, 'attention_head_size': 3, 'learning_rate': 0.065522226052972}. Best is trial 5 with value: 0.040882598608732224.
LOCAL_RANK: 0 - CUDA_VISIBLE_DEVICES: [0]
[I 2023-12-16 10:27:12,592] Trial 25 finished with value: 0.04999145492911339 and parameters: {'gradient_clip_val': 0.883409663563299, 'hidden_size': 8, 'dropout': 0.3287724786415752, 'hidden_continuous_size': 5, 'attention_head_size': 2, 'learning_rate': 0.0359677662317909}. Best is trial 5 with value: 0.040882598608732224.
LOCAL_RANK: 0 - CUDA_VISIBLE_DEVICES: [0]
[I 2023-12-16 10:27:57,421] Trial 26 finished with value: 0.06802762299776077 and parameters: {'gradient_clip_val': 0.6487708770843719, 'hidden_size': 6, 'dropout': 0.3697234445156245, 'hidden_continuous_size': 5, 'attention_head_size': 1, 'learning_rate': 0.09522346928494824}. Best is trial 5 with value: 0.040882598608732224.
LOCAL_RANK: 0 - CUDA_VISIBLE_DEVICES: [0]
[I 2023-12-16 10:28:43,459] Trial 27 finished with value: 0.06389550119638443 and parameters: {'gradient_clip_val': 0.8073772046467625, 'hidden_size': 9, 'dropout': 0.32434310184864695, 'hidden_continuous_size': 6, 'attention_head_size': 2, 'learning_rate': 0.06426708870091072}. Best is trial 5 with value: 0.040882598608732224.
LOCAL_RANK: 0 - CUDA_VISIBLE_DEVICES: [0]
[I 2023-12-16 10:29:29,093] Trial 28 finished with value: 0.04362888261675835 and parameters: {'gradient_clip_val': 0.9912410001389476, 'hidden_size': 12, 'dropout': 0.3688258092507545, 'hidden_continuous_size': 6, 'attention_head_size': 3, 'learning_rate': 0.044728727727118424}. Best is trial 5 with value: 0.040882598608732224.
LOCAL_RANK: 0 - CUDA_VISIBLE_DEVICES: [0]
[I 2023-12-16 10:30:16,745] Trial 29 finished with value: 0.12210160493850708 and parameters: {'gradient_clip_val': 0.3882485286166641, 'hidden_size': 20, 'dropout': 0.3722465938624205, 'hidden_continuous_size': 7, 'attention_head_size': 4, 'learning_rate': 0.02601780272511174}. Best is trial 5 with value: 0.040882598608732224.
LOCAL_RANK: 0 - CUDA_VISIBLE_DEVICES: [0]
[I 2023-12-16 10:31:03,757] Trial 30 finished with value: 0.05652466416358948 and parameters: {'gradient_clip_val': 0.51497795249887, 'hidden_size': 11, 'dropout': 0.3764863745998664, 'hidden_continuous_size': 6, 'attention_head_size': 4, 'learning_rate': 0.039634106660597926}. Best is trial 5 with value: 0.040882598608732224.
LOCAL_RANK: 0 - CUDA_VISIBLE_DEVICES: [0]
[I 2023-12-16 10:31:50,555] Trial 31 finished with value: 0.10779460519552231 and parameters: {'gradient_clip_val': 0.948812818584272, 'hidden_size': 13, 'dropout': 0.34747850149242615, 'hidden_continuous_size': 7, 'attention_head_size': 3, 'learning_rate': 0.06741031649645123}. Best is trial 5 with value: 0.040882598608732224.
LOCAL_RANK: 0 - CUDA_VISIBLE_DEVICES: [0]
[I 2023-12-16 10:32:37,058] Trial 32 finished with value: 0.10938330739736557 and parameters: {'gradient_clip_val': 0.773930255868994, 'hidden_size': 10, 'dropout': 0.36327266988949525, 'hidden_continuous_size': 6, 'attention_head_size': 3, 'learning_rate': 0.0685089165945777}. Best is trial 5 with value: 0.040882598608732224.
LOCAL_RANK: 0 - CUDA_VISIBLE_DEVICES: [0]
[I 2023-12-16 10:33:24,837] Trial 33 finished with value: 0.07965119928121567 and parameters: {'gradient_clip_val': 0.9987124388797141, 'hidden_size': 17, 'dropout': 0.39827339911875237, 'hidden_continuous_size': 7, 'attention_head_size': 3, 'learning_rate': 0.0439491473891309}. Best is trial 5 with value: 0.040882598608732224.
LOCAL_RANK: 0 - CUDA_VISIBLE_DEVICES: [0]
[I 2023-12-16 10:34:10,836] Trial 34 finished with value: 0.09426701068878174 and parameters: {'gradient_clip_val': 0.8248123719421889, 'hidden_size': 13, 'dropout': 0.3315695944940214, 'hidden_continuous_size': 5, 'attention_head_size': 2, 'learning_rate': 0.005806909121799208}. Best is trial 5 with value: 0.040882598608732224.
LOCAL_RANK: 0 - CUDA_VISIBLE_DEVICES: [0]
[I 2023-12-16 10:34:47,576] Trial 35 finished with value: 0.09617408365011215 and parameters: {'gradient_clip_val': 0.5923879586582005, 'hidden_size': 5, 'dropout': 0.36005958265550125, 'hidden_continuous_size': 5, 'attention_head_size': 3, 'learning_rate': 0.052895698324812314}. Best is trial 5 with value: 0.040882598608732224.
LOCAL_RANK: 0 - CUDA_VISIBLE_DEVICES: [0]
[I 2023-12-16 10:35:32,688] Trial 36 finished with value: 0.10794335603713989 and parameters: {'gradient_clip_val': 0.8644061447599798, 'hidden_size': 8, 'dropout': 0.28425405643475293, 'hidden_continuous_size': 5, 'attention_head_size': 4, 'learning_rate': 0.07330156324067587}. Best is trial 5 with value: 0.040882598608732224.
LOCAL_RANK: 0 - CUDA_VISIBLE_DEVICES: [0]
[I 2023-12-16 10:36:19,551] Trial 37 finished with value: 0.044927194714546204 and parameters: {'gradient_clip_val': 0.7558585915512384, 'hidden_size': 15, 'dropout': 0.34001440001189037, 'hidden_continuous_size': 8, 'attention_head_size': 3, 'learning_rate': 0.03858920290174547}. Best is trial 5 with value: 0.040882598608732224.
LOCAL_RANK: 0 - CUDA_VISIBLE_DEVICES: [0]
[I 2023-12-16 10:37:09,926] Trial 38 finished with value: 0.07216932624578476 and parameters: {'gradient_clip_val': 0.7259507564098442, 'hidden_size': 23, 'dropout': 0.3447888404932788, 'hidden_continuous_size': 8, 'attention_head_size': 3, 'learning_rate': 0.032089798714700545}. Best is trial 5 with value: 0.040882598608732224.
LOCAL_RANK: 0 - CUDA_VISIBLE_DEVICES: [0]
[I 2023-12-16 10:37:56,548] Trial 39 finished with value: 0.20022344589233398 and parameters: {'gradient_clip_val': 0.4849947942285633, 'hidden_size': 15, 'dropout': 0.3856484575274314, 'hidden_continuous_size': 8, 'attention_head_size': 3, 'learning_rate': 0.01848882158875368}. Best is trial 5 with value: 0.040882598608732224.
LOCAL_RANK: 0 - CUDA_VISIBLE_DEVICES: [0]
[I 2023-12-16 10:38:43,482] Trial 40 finished with value: 0.048821236938238144 and parameters: {'gradient_clip_val': 0.5942343391828458, 'hidden_size': 15, 'dropout': 0.37935398746865884, 'hidden_continuous_size': 9, 'attention_head_size': 4, 'learning_rate': 0.03926899601693127}. Best is trial 5 with value: 0.040882598608732224.
LOCAL_RANK: 0 - CUDA_VISIBLE_DEVICES: [0]
[I 2023-12-16 10:39:29,930] Trial 41 finished with value: 0.07466190308332443 and parameters: {'gradient_clip_val': 0.8920455125673054, 'hidden_size': 11, 'dropout': 0.3133579359677015, 'hidden_continuous_size': 6, 'attention_head_size': 3, 'learning_rate': 0.09574114598584518}. Best is trial 5 with value: 0.040882598608732224.
LOCAL_RANK: 0 - CUDA_VISIBLE_DEVICES: [0]
[I 2023-12-16 10:40:16,111] Trial 42 finished with value: 0.042574238032102585 and parameters: {'gradient_clip_val': 0.7026675369171859, 'hidden_size': 13, 'dropout': 0.35058065221064655, 'hidden_continuous_size': 8, 'attention_head_size': 2, 'learning_rate': 0.0508626794342187}. Best is trial 5 with value: 0.040882598608732224.
LOCAL_RANK: 0 - CUDA_VISIBLE_DEVICES: [0]
[I 2023-12-16 10:41:03,004] Trial 43 finished with value: 0.04570667818188667 and parameters: {'gradient_clip_val': 0.7406399113699241, 'hidden_size': 15, 'dropout': 0.34947028516290707, 'hidden_continuous_size': 9, 'attention_head_size': 3, 'learning_rate': 0.025101204795870368}. Best is trial 5 with value: 0.040882598608732224.
LOCAL_RANK: 0 - CUDA_VISIBLE_DEVICES: [0]
[I 2023-12-16 10:41:47,552] Trial 44 finished with value: 0.04771558567881584 and parameters: {'gradient_clip_val': 0.6492405874221728, 'hidden_size': 12, 'dropout': 0.3351160467500163, 'hidden_continuous_size': 8, 'attention_head_size': 2, 'learning_rate': 0.03395327211015433}. Best is trial 5 with value: 0.040882598608732224.
LOCAL_RANK: 0 - CUDA_VISIBLE_DEVICES: [0]
[I 2023-12-16 10:42:36,399] Trial 45 finished with value: 0.07788052409887314 and parameters: {'gradient_clip_val': 0.6847608252365608, 'hidden_size': 22, 'dropout': 0.38092319735965474, 'hidden_continuous_size': 11, 'attention_head_size': 1, 'learning_rate': 0.05095676371574598}. Best is trial 5 with value: 0.040882598608732224.
LOCAL_RANK: 0 - CUDA_VISIBLE_DEVICES: [0]
[I 2023-12-16 10:43:26,525] Trial 46 finished with value: 0.05479457974433899 and parameters: {'gradient_clip_val': 0.8695129913500349, 'hidden_size': 26, 'dropout': 0.35450626705734667, 'hidden_continuous_size': 10, 'attention_head_size': 3, 'learning_rate': 0.04175621391040048}. Best is trial 5 with value: 0.040882598608732224.
LOCAL_RANK: 0 - CUDA_VISIBLE_DEVICES: [0]
[I 2023-12-16 10:44:14,280] Trial 47 finished with value: 0.06380890309810638 and parameters: {'gradient_clip_val': 0.34580023278763633, 'hidden_size': 18, 'dropout': 0.3883544585272774, 'hidden_continuous_size': 8, 'attention_head_size': 2, 'learning_rate': 0.07705889169952942}. Best is trial 5 with value: 0.040882598608732224.
LOCAL_RANK: 0 - CUDA_VISIBLE_DEVICES: [0]
[I 2023-12-16 10:45:00,489] Trial 48 finished with value: 0.04080049321055412 and parameters: {'gradient_clip_val': 0.5587803789011863, 'hidden_size': 13, 'dropout': 0.3380744745674069, 'hidden_continuous_size': 7, 'attention_head_size': 1, 'learning_rate': 0.020212832163866032}. Best is trial 48 with value: 0.04080049321055412.
LOCAL_RANK: 0 - CUDA_VISIBLE_DEVICES: [0]
[I 2023-12-16 10:45:45,850] Trial 49 finished with value: 0.05833984538912773 and parameters: {'gradient_clip_val': 0.587164310450151, 'hidden_size': 10, 'dropout': 0.3670884503703988, 'hidden_continuous_size': 7, 'attention_head_size': 1, 'learning_rate': 0.019387785812998378}. Best is trial 48 with value: 0.04080049321055412.
[I 2023-12-16 10:45:45,947] A new study created in memory with name: no-name-2402935a-7f6e-4b3f-9b85-0df9b255b9c7
/home/le004/conda/anaconda3/envs/tsff_env/lib/python3.9/site-packages/lightning/fabric/plugins/environments/slurm.py:191: The `srun` command is available on your system but is not used. HINT: If your intention is to run Lightning on SLURM, prepend your python command with `srun` like so: srun python /home/le004/master_thesis/git/TSFusionForecast/code/ ...
LOCAL_RANK: 0 - CUDA_VISIBLE_DEVICES: [0]
[I 2023-12-16 10:46:39,244] Trial 0 finished with value: 0.05330267921090126 and parameters: {'gradient_clip_val': 0.10378953149295629, 'hidden_size': 64, 'dropout': 0.1288144136603498, 'hidden_continuous_size': 60, 'attention_head_size': 2, 'learning_rate': 0.000994795205728241}. Best is trial 0 with value: 0.05330267921090126.
LOCAL_RANK: 0 - CUDA_VISIBLE_DEVICES: [0]
[I 2023-12-16 10:47:25,717] Trial 1 finished with value: 1.2806659936904907 and parameters: {'gradient_clip_val': 0.10663164817922904, 'hidden_size': 10, 'dropout': 0.3851938523553138, 'hidden_continuous_size': 9, 'attention_head_size': 4, 'learning_rate': 0.0011115893502234814}. Best is trial 0 with value: 0.05330267921090126.
LOCAL_RANK: 0 - CUDA_VISIBLE_DEVICES: [0]
[I 2023-12-16 10:48:11,777] Trial 2 finished with value: 0.3095930516719818 and parameters: {'gradient_clip_val': 0.2196600004249504, 'hidden_size': 10, 'dropout': 0.34908973435069884, 'hidden_continuous_size': 7, 'attention_head_size': 3, 'learning_rate': 0.008776182034139048}. Best is trial 0 with value: 0.05330267921090126.
LOCAL_RANK: 0 - CUDA_VISIBLE_DEVICES: [0]
[I 2023-12-16 10:48:48,483] Trial 3 finished with value: 1.5781422853469849 and parameters: {'gradient_clip_val': 0.23818420262702203, 'hidden_size': 5, 'dropout': 0.35331461761853156, 'hidden_continuous_size': 5, 'attention_head_size': 3, 'learning_rate': 0.0011715635741201818}. Best is trial 0 with value: 0.05330267921090126.
LOCAL_RANK: 0 - CUDA_VISIBLE_DEVICES: [0]
[I 2023-12-16 10:49:39,796] Trial 4 finished with value: 0.4717996120452881 and parameters: {'gradient_clip_val': 0.7864132478378955, 'hidden_size': 47, 'dropout': 0.21064976698519375, 'hidden_continuous_size': 6, 'attention_head_size': 2, 'learning_rate': 0.007153633794048141}. Best is trial 0 with value: 0.05330267921090126.
LOCAL_RANK: 0 - CUDA_VISIBLE_DEVICES: [0]
[I 2023-12-16 10:50:32,765] Trial 5 finished with value: 0.2164241522550583 and parameters: {'gradient_clip_val': 0.33982430314277556, 'hidden_size': 79, 'dropout': 0.22989123917697396, 'hidden_continuous_size': 6, 'attention_head_size': 2, 'learning_rate': 0.0008940911657748794}. Best is trial 0 with value: 0.05330267921090126.
LOCAL_RANK: 0 - CUDA_VISIBLE_DEVICES: [0]
[I 2023-12-16 10:51:09,416] Trial 6 finished with value: 0.523083508014679 and parameters: {'gradient_clip_val': 0.6096650977621508, 'hidden_size': 10, 'dropout': 0.3747905417283073, 'hidden_continuous_size': 10, 'attention_head_size': 4, 'learning_rate': 0.0015290420448471496}. Best is trial 0 with value: 0.05330267921090126.
LOCAL_RANK: 0 - CUDA_VISIBLE_DEVICES: [0]
[I 2023-12-16 10:51:54,053] Trial 7 finished with value: 0.07486719638109207 and parameters: {'gradient_clip_val': 0.7589283925976829, 'hidden_size': 12, 'dropout': 0.15814924254636412, 'hidden_continuous_size': 6, 'attention_head_size': 3, 'learning_rate': 0.008312331065432377}. Best is trial 0 with value: 0.05330267921090126.
LOCAL_RANK: 0 - CUDA_VISIBLE_DEVICES: [0]
[I 2023-12-16 10:52:31,004] Trial 8 finished with value: 0.408941388130188 and parameters: {'gradient_clip_val': 0.22957011589440895, 'hidden_size': 18, 'dropout': 0.3340473034672111, 'hidden_continuous_size': 18, 'attention_head_size': 3, 'learning_rate': 0.0011136095574079685}. Best is trial 0 with value: 0.05330267921090126.
LOCAL_RANK: 0 - CUDA_VISIBLE_DEVICES: [0]
[I 2023-12-16 10:53:23,937] Trial 9 finished with value: 0.09834733605384827 and parameters: {'gradient_clip_val': 0.5075437031262453, 'hidden_size': 68, 'dropout': 0.303484306074072, 'hidden_continuous_size': 36, 'attention_head_size': 1, 'learning_rate': 0.0007858152975950462}. Best is trial 0 with value: 0.05330267921090126.
LOCAL_RANK: 0 - CUDA_VISIBLE_DEVICES: [0]
[I 2023-12-16 10:54:01,610] Trial 10 finished with value: 0.0910080075263977 and parameters: {'gradient_clip_val': 0.10499163850001608, 'hidden_size': 38, 'dropout': 0.10069100127455405, 'hidden_continuous_size': 38, 'attention_head_size': 1, 'learning_rate': 0.05252763269818635}. Best is trial 0 with value: 0.05330267921090126.
LOCAL_RANK: 0 - CUDA_VISIBLE_DEVICES: [0]
[I 2023-12-16 10:54:50,167] Trial 11 finished with value: 0.07350233942270279 and parameters: {'gradient_clip_val': 0.7825893212306443, 'hidden_size': 28, 'dropout': 0.1436274926384203, 'hidden_continuous_size': 14, 'attention_head_size': 2, 'learning_rate': 0.0034418465054842137}. Best is trial 0 with value: 0.05330267921090126.
LOCAL_RANK: 0 - CUDA_VISIBLE_DEVICES: [0]
[I 2023-12-16 10:55:39,963] Trial 12 finished with value: 0.07071366161108017 and parameters: {'gradient_clip_val': 0.8625376955254369, 'hidden_size': 32, 'dropout': 0.10084962829860289, 'hidden_continuous_size': 17, 'attention_head_size': 2, 'learning_rate': 0.003266544002208773}. Best is trial 0 with value: 0.05330267921090126.
LOCAL_RANK: 0 - CUDA_VISIBLE_DEVICES: [0]
[I 2023-12-16 10:56:37,455] Trial 13 finished with value: 0.087368905544281 and parameters: {'gradient_clip_val': 0.44910570897094726, 'hidden_size': 98, 'dropout': 0.10842999314972146, 'hidden_continuous_size': 79, 'attention_head_size': 1, 'learning_rate': 0.003053022045030582}. Best is trial 0 with value: 0.05330267921090126.
LOCAL_RANK: 0 - CUDA_VISIBLE_DEVICES: [0]
[I 2023-12-16 10:57:30,085] Trial 14 finished with value: 0.090493343770504 and parameters: {'gradient_clip_val': 0.15232600335944713, 'hidden_size': 52, 'dropout': 0.17541701809707694, 'hidden_continuous_size': 22, 'attention_head_size': 2, 'learning_rate': 0.0006339546925992815}. Best is trial 0 with value: 0.05330267921090126.
LOCAL_RANK: 0 - CUDA_VISIBLE_DEVICES: [0]
[I 2023-12-16 10:58:19,840] Trial 15 finished with value: 0.0650760605931282 and parameters: {'gradient_clip_val': 0.3661000114323733, 'hidden_size': 34, 'dropout': 0.19241936207483884, 'hidden_continuous_size': 11, 'attention_head_size': 2, 'learning_rate': 0.0023040442208677446}. Best is trial 0 with value: 0.05330267921090126.
LOCAL_RANK: 0 - CUDA_VISIBLE_DEVICES: [0]
