[I 2023-12-27 11:00:31,212] Trial 21 finished with value: 3.9962069988250732 and parameters: {'gradient_clip_val': 0.10844990182330831, 'hidden_size': 7, 'dropout': 0.33760247380775354, 'hidden_continuous_size': 5, 'attention_head_size': 1, 'learning_rate': 0.08371189066456701}. Best is trial 0 with value: 0.17181678116321564.
[I 2023-12-27 11:00:31,569] Trial 22 finished with value: 4.139842987060547 and parameters: {'gradient_clip_val': 0.12551088071762712, 'hidden_size': 7, 'dropout': 0.28298086502526126, 'hidden_continuous_size': 5, 'attention_head_size': 1, 'learning_rate': 0.09951014781837351}. Best is trial 0 with value: 0.17181678116321564.
[I 2023-12-27 11:00:32,140] Trial 23 finished with value: 2.656761884689331 and parameters: {'gradient_clip_val': 0.17053277152307833, 'hidden_size': 9, 'dropout': 0.31045783405418187, 'hidden_continuous_size': 5, 'attention_head_size': 1, 'learning_rate': 0.05358386002727585}. Best is trial 0 with value: 0.17181678116321564.
[I 2023-12-27 11:00:32,509] Trial 24 finished with value: 2.64289927482605 and parameters: {'gradient_clip_val': 0.11203781147506521, 'hidden_size': 11, 'dropout': 0.34973245844261835, 'hidden_continuous_size': 6, 'attention_head_size': 2, 'learning_rate': 0.029398762077251492}. Best is trial 0 with value: 0.17181678116321564.
[I 2023-12-27 11:00:32,868] Trial 25 finished with value: 3.0818235874176025 and parameters: {'gradient_clip_val': 0.1279882419523429, 'hidden_size': 6, 'dropout': 0.2724282519274259, 'hidden_continuous_size': 5, 'attention_head_size': 1, 'learning_rate': 0.06049515659614621}. Best is trial 0 with value: 0.17181678116321564.
[I 2023-12-27 11:00:33,248] Trial 26 finished with value: 3.6412127017974854 and parameters: {'gradient_clip_val': 0.1557866820034084, 'hidden_size': 10, 'dropout': 0.3189400102827421, 'hidden_continuous_size': 6, 'attention_head_size': 2, 'learning_rate': 0.042175487274226243}. Best is trial 0 with value: 0.17181678116321564.
[I 2023-12-27 11:00:33,602] Trial 27 finished with value: 3.565340042114258 and parameters: {'gradient_clip_val': 0.18425115842146958, 'hidden_size': 7, 'dropout': 0.3791096643034168, 'hidden_continuous_size': 5, 'attention_head_size': 1, 'learning_rate': 0.09645442946618868}. Best is trial 0 with value: 0.17181678116321564.
[I 2023-12-27 11:00:33,971] Trial 28 finished with value: 3.3962371349334717 and parameters: {'gradient_clip_val': 0.12504011978314095, 'hidden_size': 15, 'dropout': 0.23196731132044696, 'hidden_continuous_size': 7, 'attention_head_size': 3, 'learning_rate': 0.02593500416276454}. Best is trial 0 with value: 0.17181678116321564.
[I 2023-12-27 11:00:34,324] Trial 29 finished with value: 2.9971330165863037 and parameters: {'gradient_clip_val': 0.27762149470967656, 'hidden_size': 11, 'dropout': 0.15789711297649617, 'hidden_continuous_size': 6, 'attention_head_size': 1, 'learning_rate': 0.012890742895899948}. Best is trial 0 with value: 0.17181678116321564.
[I 2023-12-27 11:00:34,708] Trial 30 finished with value: 3.8010056018829346 and parameters: {'gradient_clip_val': 0.10023820723196934, 'hidden_size': 17, 'dropout': 0.34601260314991833, 'hidden_continuous_size': 9, 'attention_head_size': 3, 'learning_rate': 0.06619033424244132}. Best is trial 0 with value: 0.17181678116321564.
[I 2023-12-27 11:00:35,081] Trial 31 finished with value: 3.8872406482696533 and parameters: {'gradient_clip_val': 0.26040151540940903, 'hidden_size': 10, 'dropout': 0.33423300207249607, 'hidden_continuous_size': 6, 'attention_head_size': 1, 'learning_rate': 0.005052312852306377}. Best is trial 0 with value: 0.17181678116321564.
[I 2023-12-27 11:00:35,449] Trial 32 finished with value: 2.751634359359741 and parameters: {'gradient_clip_val': 0.19403555011658363, 'hidden_size': 12, 'dropout': 0.2920455267382084, 'hidden_continuous_size': 6, 'attention_head_size': 1, 'learning_rate': 0.004604632148150993}. Best is trial 0 with value: 0.17181678116321564.
[I 2023-12-27 11:00:35,804] Trial 33 finished with value: 2.7264397144317627 and parameters: {'gradient_clip_val': 0.15882177582764492, 'hidden_size': 8, 'dropout': 0.3953797283476852, 'hidden_continuous_size': 5, 'attention_head_size': 1, 'learning_rate': 0.006158207512435544}. Best is trial 0 with value: 0.17181678116321564.
[I 2023-12-27 11:00:36,175] Trial 34 finished with value: 3.9858381748199463 and parameters: {'gradient_clip_val': 0.973699025486146, 'hidden_size': 13, 'dropout': 0.4175944987713063, 'hidden_continuous_size': 7, 'attention_head_size': 1, 'learning_rate': 0.003353746625303308}. Best is trial 0 with value: 0.17181678116321564.
[I 2023-12-27 11:00:36,560] Trial 35 finished with value: 3.820300340652466 and parameters: {'gradient_clip_val': 0.364509841780894, 'hidden_size': 15, 'dropout': 0.36899600957445866, 'hidden_continuous_size': 8, 'attention_head_size': 2, 'learning_rate': 0.008628313210313997}. Best is trial 0 with value: 0.17181678116321564.
[I 2023-12-27 11:00:37,185] Trial 36 finished with value: 3.2670841217041016 and parameters: {'gradient_clip_val': 0.2521086696022843, 'hidden_size': 20, 'dropout': 0.2679211483908893, 'hidden_continuous_size': 10, 'attention_head_size': 4, 'learning_rate': 0.010920256866053388}. Best is trial 0 with value: 0.17181678116321564.
[I 2023-12-27 11:00:37,548] Trial 37 finished with value: 3.357714891433716 and parameters: {'gradient_clip_val': 0.1847273909319596, 'hidden_size': 11, 'dropout': 0.33205181035762893, 'hidden_continuous_size': 6, 'attention_head_size': 1, 'learning_rate': 0.017495089649575555}. Best is trial 0 with value: 0.17181678116321564.
[I 2023-12-27 11:00:37,912] Trial 38 finished with value: 3.88252329826355 and parameters: {'gradient_clip_val': 0.2183703788821865, 'hidden_size': 6, 'dropout': 0.4163595789184806, 'hidden_continuous_size': 5, 'attention_head_size': 2, 'learning_rate': 0.006107649096996293}. Best is trial 0 with value: 0.17181678116321564.
[I 2023-12-27 11:00:38,283] Trial 39 finished with value: 3.5088722705841064 and parameters: {'gradient_clip_val': 0.14381165505660518, 'hidden_size': 9, 'dropout': 0.31413691759284895, 'hidden_continuous_size': 6, 'attention_head_size': 1, 'learning_rate': 0.07196092360312276}. Best is trial 0 with value: 0.17181678116321564.
[I 2023-12-27 11:00:38,649] Trial 40 finished with value: 3.3072001934051514 and parameters: {'gradient_clip_val': 0.7884772588398279, 'hidden_size': 17, 'dropout': 0.24062631458892636, 'hidden_continuous_size': 10, 'attention_head_size': 1, 'learning_rate': 0.049727472565982846}. Best is trial 0 with value: 0.17181678116321564.
[I 2023-12-27 11:00:39,016] Trial 41 finished with value: 3.817728042602539 and parameters: {'gradient_clip_val': 0.11530948461434276, 'hidden_size': 12, 'dropout': 0.34967784726822143, 'hidden_continuous_size': 7, 'attention_head_size': 2, 'learning_rate': 0.03661343458054332}. Best is trial 0 with value: 0.17181678116321564.
[I 2023-12-27 11:00:39,397] Trial 42 finished with value: 4.02945613861084 and parameters: {'gradient_clip_val': 0.13429174703655347, 'hidden_size': 11, 'dropout': 0.35424302258056783, 'hidden_continuous_size': 6, 'attention_head_size': 2, 'learning_rate': 0.02953740893923295}. Best is trial 0 with value: 0.17181678116321564.
[I 2023-12-27 11:00:39,779] Trial 43 finished with value: 3.7636520862579346 and parameters: {'gradient_clip_val': 0.11717941427080247, 'hidden_size': 14, 'dropout': 0.29129129311014595, 'hidden_continuous_size': 7, 'attention_head_size': 1, 'learning_rate': 0.00795369264233571}. Best is trial 0 with value: 0.17181678116321564.
[I 2023-12-27 11:00:40,152] Trial 44 finished with value: 4.305467128753662 and parameters: {'gradient_clip_val': 0.10061324461783586, 'hidden_size': 10, 'dropout': 0.36773563466696274, 'hidden_continuous_size': 6, 'attention_head_size': 2, 'learning_rate': 0.027065159992537495}. Best is trial 0 with value: 0.17181678116321564.
[I 2023-12-27 11:00:40,525] Trial 45 finished with value: 3.797006368637085 and parameters: {'gradient_clip_val': 0.11163009621206578, 'hidden_size': 22, 'dropout': 0.3283307809352508, 'hidden_continuous_size': 12, 'attention_head_size': 1, 'learning_rate': 0.017653797077902725}. Best is trial 0 with value: 0.17181678116321564.
[I 2023-12-27 11:00:40,900] Trial 46 finished with value: 4.149916172027588 and parameters: {'gradient_clip_val': 0.14136965486441663, 'hidden_size': 17, 'dropout': 0.3008130624799285, 'hidden_continuous_size': 8, 'attention_head_size': 1, 'learning_rate': 0.03188559217757712}. Best is trial 0 with value: 0.17181678116321564.
[I 2023-12-27 11:00:41,300] Trial 47 finished with value: 2.9918642044067383 and parameters: {'gradient_clip_val': 0.16843346383874885, 'hidden_size': 30, 'dropout': 0.45053151889879506, 'hidden_continuous_size': 15, 'attention_head_size': 2, 'learning_rate': 0.042095474731430264}. Best is trial 0 with value: 0.17181678116321564.
[I 2023-12-27 11:00:41,673] Trial 48 finished with value: 2.8898048400878906 and parameters: {'gradient_clip_val': 0.11963167947690563, 'hidden_size': 8, 'dropout': 0.3490788930478537, 'hidden_continuous_size': 6, 'attention_head_size': 3, 'learning_rate': 0.07403684521216845}. Best is trial 0 with value: 0.17181678116321564.
[I 2023-12-27 11:00:42,274] Trial 49 finished with value: 3.7440149784088135 and parameters: {'gradient_clip_val': 0.2307289869729207, 'hidden_size': 12, 'dropout': 0.3793070047959869, 'hidden_continuous_size': 7, 'attention_head_size': 1, 'learning_rate': 0.056695582582321324}. Best is trial 0 with value: 0.17181678116321564.
[I 2023-12-27 11:00:42,387] A new study created in memory with name: no-name-0cd5322d-b823-4c35-929b-3f765764390d
/home/le004/conda/anaconda3/envs/tsff_env/lib/python3.9/site-packages/lightning/fabric/plugins/environments/slurm.py:191: The `srun` command is available on your system but is not used. HINT: If your intention is to run Lightning on SLURM, prepend your python command with `srun` like so: srun python /home/le004/master_thesis/git/TSFusionForecast/code/ ...
[I 2023-12-27 11:01:00,904] Trial 0 finished with value: 1794.92919921875 and parameters: {'gradient_clip_val': 0.2678437123193752, 'hidden_size': 43, 'dropout': 0.2977497953266365, 'hidden_continuous_size': 5, 'attention_head_size': 3, 'learning_rate': 0.03084984155804969}. Best is trial 0 with value: 1794.92919921875.
[I 2023-12-27 11:01:01,407] Trial 1 finished with value: 5316.53125 and parameters: {'gradient_clip_val': 0.37345890674737764, 'hidden_size': 126, 'dropout': 0.41231363059421855, 'hidden_continuous_size': 14, 'attention_head_size': 2, 'learning_rate': 0.01976818023408061}. Best is trial 0 with value: 1794.92919921875.
[I 2023-12-27 11:01:01,719] Trial 2 finished with value: 6312.13134765625 and parameters: {'gradient_clip_val': 0.7617212741210765, 'hidden_size': 5, 'dropout': 0.3930217229560308, 'hidden_continuous_size': 5, 'attention_head_size': 2, 'learning_rate': 0.010104678832378176}. Best is trial 0 with value: 1794.92919921875.
[I 2023-12-27 11:01:02,148] Trial 3 finished with value: 7955.32275390625 and parameters: {'gradient_clip_val': 0.3277295950537733, 'hidden_size': 79, 'dropout': 0.3159111655364369, 'hidden_continuous_size': 8, 'attention_head_size': 2, 'learning_rate': 0.017925588146580056}. Best is trial 0 with value: 1794.92919921875.
[I 2023-12-27 11:01:02,506] Trial 4 finished with value: 7306.87353515625 and parameters: {'gradient_clip_val': 0.5512735155752048, 'hidden_size': 15, 'dropout': 0.21328924538094537, 'hidden_continuous_size': 6, 'attention_head_size': 1, 'learning_rate': 0.0007595566329898036}. Best is trial 0 with value: 1794.92919921875.
[I 2023-12-27 11:01:02,848] Trial 5 finished with value: 7753.9921875 and parameters: {'gradient_clip_val': 0.18609531375312247, 'hidden_size': 16, 'dropout': 0.13313928275407771, 'hidden_continuous_size': 9, 'attention_head_size': 2, 'learning_rate': 0.058962271338196634}. Best is trial 0 with value: 1794.92919921875.
[I 2023-12-27 11:01:03,260] Trial 6 finished with value: 6422.79443359375 and parameters: {'gradient_clip_val': 0.2623298296126175, 'hidden_size': 65, 'dropout': 0.14647262432234634, 'hidden_continuous_size': 12, 'attention_head_size': 4, 'learning_rate': 0.007784536738475999}. Best is trial 0 with value: 1794.92919921875.
[I 2023-12-27 11:01:03,627] Trial 7 finished with value: 4997.7509765625 and parameters: {'gradient_clip_val': 0.6836250549200323, 'hidden_size': 27, 'dropout': 0.4902710906527289, 'hidden_continuous_size': 21, 'attention_head_size': 1, 'learning_rate': 0.000890404089487076}. Best is trial 0 with value: 1794.92919921875.
[I 2023-12-27 11:01:04,053] Trial 8 finished with value: 7245.15869140625 and parameters: {'gradient_clip_val': 0.6396920317974737, 'hidden_size': 67, 'dropout': 0.11128767909373348, 'hidden_continuous_size': 48, 'attention_head_size': 2, 'learning_rate': 0.0015583179497432947}. Best is trial 0 with value: 1794.92919921875.
[I 2023-12-27 11:01:04,412] Trial 9 finished with value: 5892.35009765625 and parameters: {'gradient_clip_val': 0.2552953812133494, 'hidden_size': 21, 'dropout': 0.47070299794354986, 'hidden_continuous_size': 19, 'attention_head_size': 1, 'learning_rate': 0.00654822694390722}. Best is trial 0 with value: 1794.92919921875.
[I 2023-12-27 11:01:04,822] Trial 10 finished with value: 6670.7265625 and parameters: {'gradient_clip_val': 0.10385623569569688, 'hidden_size': 41, 'dropout': 0.2712779562786055, 'hidden_continuous_size': 5, 'attention_head_size': 4, 'learning_rate': 0.0735827040899416}. Best is trial 0 with value: 1794.92919921875.
[I 2023-12-27 11:01:05,476] Trial 11 finished with value: 6479.326171875 and parameters: {'gradient_clip_val': 0.9996473953624615, 'hidden_size': 38, 'dropout': 0.4703679332014324, 'hidden_continuous_size': 17, 'attention_head_size': 3, 'learning_rate': 0.0020018124185083794}. Best is trial 0 with value: 1794.92919921875.
[I 2023-12-27 11:01:05,870] Trial 12 finished with value: 5789.05517578125 and parameters: {'gradient_clip_val': 0.47763996286353977, 'hidden_size': 29, 'dropout': 0.33719490644434025, 'hidden_continuous_size': 7, 'attention_head_size': 3, 'learning_rate': 0.0005595898177669201}. Best is trial 0 with value: 1794.92919921875.
[I 2023-12-27 11:01:06,261] Trial 13 finished with value: 4917.53564453125 and parameters: {'gradient_clip_val': 0.4661907770743383, 'hidden_size': 29, 'dropout': 0.2602088630181064, 'hidden_continuous_size': 10, 'attention_head_size': 3, 'learning_rate': 0.003410168367512353}. Best is trial 0 with value: 1794.92919921875.
[I 2023-12-27 11:01:06,644] Trial 14 finished with value: 5088.318359375 and parameters: {'gradient_clip_val': 0.4360296162207479, 'hidden_size': 11, 'dropout': 0.24664641813468666, 'hidden_continuous_size': 5, 'attention_head_size': 3, 'learning_rate': 0.003309002360775124}. Best is trial 0 with value: 1794.92919921875.
[I 2023-12-27 11:01:07,071] Trial 15 finished with value: 6810.10009765625 and parameters: {'gradient_clip_val': 0.43598789909853575, 'hidden_size': 41, 'dropout': 0.21416533300915952, 'hidden_continuous_size': 9, 'attention_head_size': 4, 'learning_rate': 0.035204370548561965}. Best is trial 0 with value: 1794.92919921875.
[I 2023-12-27 11:01:07,759] Trial 16 finished with value: 6902.466796875 and parameters: {'gradient_clip_val': 0.2568747042547283, 'hidden_size': 137, 'dropout': 0.2964815438644995, 'hidden_continuous_size': 130, 'attention_head_size': 3, 'learning_rate': 0.0041318291530928405}. Best is trial 0 with value: 1794.92919921875.
[I 2023-12-27 11:01:08,191] Trial 17 finished with value: 6513.55615234375 and parameters: {'gradient_clip_val': 0.1829454348001234, 'hidden_size': 50, 'dropout': 0.34543733198609783, 'hidden_continuous_size': 7, 'attention_head_size': 3, 'learning_rate': 0.015041159752146899}. Best is trial 0 with value: 1794.92919921875.
[I 2023-12-27 11:01:08,606] Trial 18 finished with value: 4639.32373046875 and parameters: {'gradient_clip_val': 0.34071259927648884, 'hidden_size': 28, 'dropout': 0.2535700216692352, 'hidden_continuous_size': 6, 'attention_head_size': 4, 'learning_rate': 0.09605909836120749}. Best is trial 0 with value: 1794.92919921875.
[I 2023-12-27 11:01:09,092] Trial 19 finished with value: 7286.20556640625 and parameters: {'gradient_clip_val': 0.3407045173340501, 'hidden_size': 84, 'dropout': 0.18591035980119075, 'hidden_continuous_size': 5, 'attention_head_size': 4, 'learning_rate': 0.09253440608162725}. Best is trial 0 with value: 1794.92919921875.
[I 2023-12-27 11:01:09,510] Trial 20 finished with value: 6322.90087890625 and parameters: {'gradient_clip_val': 0.19143903756381445, 'hidden_size': 48, 'dropout': 0.2894955424118356, 'hidden_continuous_size': 6, 'attention_head_size': 4, 'learning_rate': 0.04139131553904977}. Best is trial 0 with value: 1794.92919921875.
[I 2023-12-27 11:01:09,926] Trial 21 finished with value: 5855.92822265625 and parameters: {'gradient_clip_val': 0.4028287556522617, 'hidden_size': 31, 'dropout': 0.2536816979371336, 'hidden_continuous_size': 6, 'attention_head_size': 3, 'learning_rate': 0.033250670397763527}. Best is trial 0 with value: 1794.92919921875.
[I 2023-12-27 11:01:10,330] Trial 22 finished with value: 6190.63037109375 and parameters: {'gradient_clip_val': 0.5482615468015086, 'hidden_size': 21, 'dropout': 0.24164903906544627, 'hidden_continuous_size': 6, 'attention_head_size': 4, 'learning_rate': 0.053737184548184665}. Best is trial 0 with value: 1794.92919921875.
[I 2023-12-27 11:01:10,733] Trial 23 finished with value: 7407.62158203125 and parameters: {'gradient_clip_val': 0.30830282256467817, 'hidden_size': 33, 'dropout': 0.29631651545982685, 'hidden_continuous_size': 8, 'attention_head_size': 3, 'learning_rate': 0.09488928994941474}. Best is trial 0 with value: 1794.92919921875.
[I 2023-12-27 11:01:11,378] Trial 24 finished with value: 7254.04833984375 and parameters: {'gradient_clip_val': 0.5031115111738552, 'hidden_size': 22, 'dropout': 0.18303938206717874, 'hidden_continuous_size': 5, 'attention_head_size': 3, 'learning_rate': 0.028391238536924015}. Best is trial 0 with value: 1794.92919921875.
[I 2023-12-27 11:01:11,794] Trial 25 finished with value: 5848.46240234375 and parameters: {'gradient_clip_val': 0.3857772334369685, 'hidden_size': 33, 'dropout': 0.2667391375818154, 'hidden_continuous_size': 10, 'attention_head_size': 4, 'learning_rate': 0.06258863837244241}. Best is trial 0 with value: 1794.92919921875.
[I 2023-12-27 11:01:12,230] Trial 26 finished with value: 6589.99267578125 and parameters: {'gradient_clip_val': 0.3200528599014073, 'hidden_size': 56, 'dropout': 0.3297336240419025, 'hidden_continuous_size': 11, 'attention_head_size': 3, 'learning_rate': 0.024567514137984883}. Best is trial 0 with value: 1794.92919921875.
[I 2023-12-27 11:01:12,665] Trial 27 finished with value: 6580.091796875 and parameters: {'gradient_clip_val': 0.45672729475017265, 'hidden_size': 43, 'dropout': 0.2287535431951721, 'hidden_continuous_size': 7, 'attention_head_size': 4, 'learning_rate': 0.042414964780185374}. Best is trial 0 with value: 1794.92919921875.
[I 2023-12-27 11:01:13,077] Trial 28 finished with value: 5580.94580078125 and parameters: {'gradient_clip_val': 0.39504206189136826, 'hidden_size': 23, 'dropout': 0.2782124992720958, 'hidden_continuous_size': 6, 'attention_head_size': 3, 'learning_rate': 0.011202646198809205}. Best is trial 0 with value: 1794.92919921875.
[I 2023-12-27 11:01:13,611] Trial 29 finished with value: 6947.71728515625 and parameters: {'gradient_clip_val': 0.3488916006850626, 'hidden_size': 110, 'dropout': 0.3633632059797436, 'hidden_continuous_size': 15, 'attention_head_size': 2, 'learning_rate': 0.024430248301903896}. Best is trial 0 with value: 1794.92919921875.
[I 2023-12-27 11:01:14,049] Trial 30 finished with value: 7012.03515625 and parameters: {'gradient_clip_val': 0.2885090504129195, 'hidden_size': 50, 'dropout': 0.3127107935965777, 'hidden_continuous_size': 11, 'attention_head_size': 4, 'learning_rate': 0.018466089512687453}. Best is trial 0 with value: 1794.92919921875.
[I 2023-12-27 11:01:14,461] Trial 31 finished with value: 7868.51171875 and parameters: {'gradient_clip_val': 0.6030632399448917, 'hidden_size': 28, 'dropout': 0.44221266222560096, 'hidden_continuous_size': 12, 'attention_head_size': 1, 'learning_rate': 0.0010627866952713026}. Best is trial 0 with value: 1794.92919921875.
[I 2023-12-27 11:01:14,858] Trial 32 finished with value: 6052.140625 and parameters: {'gradient_clip_val': 0.7273658049514127, 'hidden_size': 26, 'dropout': 0.3814933714643272, 'hidden_continuous_size': 5, 'attention_head_size': 1, 'learning_rate': 0.002904474324031696}. Best is trial 0 with value: 1794.92919921875.
[I 2023-12-27 11:01:15,270] Trial 33 finished with value: 5460.84423828125 and parameters: {'gradient_clip_val': 0.7864699334543703, 'hidden_size': 34, 'dropout': 0.40460363026104545, 'hidden_continuous_size': 14, 'attention_head_size': 2, 'learning_rate': 0.0013540420232615832}. Best is trial 0 with value: 1794.92919921875.
[I 2023-12-27 11:01:15,643] Trial 34 finished with value: 7622.04833984375 and parameters: {'gradient_clip_val': 0.4972054674563455, 'hidden_size': 16, 'dropout': 0.3585187927148593, 'hidden_continuous_size': 7, 'attention_head_size': 2, 'learning_rate': 0.005322746177039674}. Best is trial 0 with value: 1794.92919921875.
[I 2023-12-27 11:01:16,051] Trial 35 finished with value: 7455.38916015625 and parameters: {'gradient_clip_val': 0.3707874053725149, 'hidden_size': 36, 'dropout': 0.4212261864213528, 'hidden_continuous_size': 8, 'attention_head_size': 1, 'learning_rate': 0.01110852972104326}. Best is trial 0 with value: 1794.92919921875.
[I 2023-12-27 11:01:16,428] Trial 36 finished with value: 6996.34716796875 and parameters: {'gradient_clip_val': 0.6266336666333746, 'hidden_size': 18, 'dropout': 0.4979605922087853, 'hidden_continuous_size': 5, 'attention_head_size': 2, 'learning_rate': 0.000819861226965675}. Best is trial 0 with value: 1794.92919921875.
