[I 2023-12-16 10:41:38,377] Trial 41 finished with value: 518.6808471679688 and parameters: {'gradient_clip_val': 0.8461466775322396, 'hidden_size': 21, 'dropout': 0.2428471546291893, 'hidden_continuous_size': 16, 'attention_head_size': 3, 'learning_rate': 0.002509128163294276}. Best is trial 27 with value: 376.1030578613281.
LOCAL_RANK: 0 - CUDA_VISIBLE_DEVICES: [0]
[I 2023-12-16 10:42:28,304] Trial 42 finished with value: 906.6317749023438 and parameters: {'gradient_clip_val': 0.8694033327585986, 'hidden_size': 29, 'dropout': 0.23267428009598368, 'hidden_continuous_size': 17, 'attention_head_size': 3, 'learning_rate': 0.0016649447447851641}. Best is trial 27 with value: 376.1030578613281.
LOCAL_RANK: 0 - CUDA_VISIBLE_DEVICES: [0]
[I 2023-12-16 10:43:17,732] Trial 43 finished with value: 1145.3348388671875 and parameters: {'gradient_clip_val': 0.583512865681362, 'hidden_size': 22, 'dropout': 0.26753371030183914, 'hidden_continuous_size': 14, 'attention_head_size': 3, 'learning_rate': 0.0037900516174439514}. Best is trial 27 with value: 376.1030578613281.
LOCAL_RANK: 0 - CUDA_VISIBLE_DEVICES: [0]
[I 2023-12-16 10:44:10,047] Trial 44 finished with value: 358.37158203125 and parameters: {'gradient_clip_val': 0.6691139825865136, 'hidden_size': 36, 'dropout': 0.25180276541891095, 'hidden_continuous_size': 20, 'attention_head_size': 3, 'learning_rate': 0.0027255040562982205}. Best is trial 44 with value: 358.37158203125.
LOCAL_RANK: 0 - CUDA_VISIBLE_DEVICES: [0]
[I 2023-12-16 10:45:01,444] Trial 45 finished with value: 375.646240234375 and parameters: {'gradient_clip_val': 0.6865645066277986, 'hidden_size': 36, 'dropout': 0.28891199121045646, 'hidden_continuous_size': 20, 'attention_head_size': 2, 'learning_rate': 0.002664579822063143}. Best is trial 44 with value: 358.37158203125.
LOCAL_RANK: 0 - CUDA_VISIBLE_DEVICES: [0]
[I 2023-12-16 10:45:53,660] Trial 46 finished with value: 1442.9212646484375 and parameters: {'gradient_clip_val': 0.6694021790344904, 'hidden_size': 37, 'dropout': 0.28889374486977465, 'hidden_continuous_size': 20, 'attention_head_size': 2, 'learning_rate': 0.0035244616718180166}. Best is trial 44 with value: 358.37158203125.
LOCAL_RANK: 0 - CUDA_VISIBLE_DEVICES: [0]
[I 2023-12-16 10:46:45,481] Trial 47 finished with value: 1453.2467041015625 and parameters: {'gradient_clip_val': 0.9503335234573959, 'hidden_size': 33, 'dropout': 0.2535424133650106, 'hidden_continuous_size': 20, 'attention_head_size': 2, 'learning_rate': 0.0030497415314051125}. Best is trial 44 with value: 358.37158203125.
LOCAL_RANK: 0 - CUDA_VISIBLE_DEVICES: [0]
[I 2023-12-16 10:47:38,214] Trial 48 finished with value: 1734.6959228515625 and parameters: {'gradient_clip_val': 0.7338030167708808, 'hidden_size': 55, 'dropout': 0.2648779684456109, 'hidden_continuous_size': 24, 'attention_head_size': 1, 'learning_rate': 0.005093452342473625}. Best is trial 44 with value: 358.37158203125.
LOCAL_RANK: 0 - CUDA_VISIBLE_DEVICES: [0]
[I 2023-12-16 10:48:30,966] Trial 49 finished with value: 577.2488403320312 and parameters: {'gradient_clip_val': 0.8236278201956101, 'hidden_size': 42, 'dropout': 0.293134891824334, 'hidden_continuous_size': 19, 'attention_head_size': 2, 'learning_rate': 0.004392511581492208}. Best is trial 44 with value: 358.37158203125.
[I 2023-12-16 10:48:31,057] A new study created in memory with name: no-name-457d0a99-3c5c-4c75-8070-f7fc53859254
/home/le004/conda/anaconda3/envs/tsff_env/lib/python3.9/site-packages/lightning/fabric/plugins/environments/slurm.py:191: The `srun` command is available on your system but is not used. HINT: If your intention is to run Lightning on SLURM, prepend your python command with `srun` like so: srun python /home/le004/master_thesis/git/TSFusionForecast/code/ ...
LOCAL_RANK: 0 - CUDA_VISIBLE_DEVICES: [0]
[I 2023-12-16 10:49:17,044] Trial 0 finished with value: 137.08116149902344 and parameters: {'gradient_clip_val': 0.6004748627847982, 'hidden_size': 9, 'dropout': 0.2964508281498872, 'hidden_continuous_size': 5, 'attention_head_size': 4, 'learning_rate': 0.001844453465869131}. Best is trial 0 with value: 137.08116149902344.
LOCAL_RANK: 0 - CUDA_VISIBLE_DEVICES: [0]
[I 2023-12-16 10:50:05,534] Trial 1 finished with value: 102.85443115234375 and parameters: {'gradient_clip_val': 0.2770800211970775, 'hidden_size': 18, 'dropout': 0.22740270851425703, 'hidden_continuous_size': 9, 'attention_head_size': 4, 'learning_rate': 0.0018744832933893626}. Best is trial 1 with value: 102.85443115234375.
LOCAL_RANK: 0 - CUDA_VISIBLE_DEVICES: [0]
[I 2023-12-16 10:51:00,431] Trial 2 finished with value: 170.87652587890625 and parameters: {'gradient_clip_val': 0.7473602172957655, 'hidden_size': 95, 'dropout': 0.14236964215112707, 'hidden_continuous_size': 17, 'attention_head_size': 3, 'learning_rate': 0.009767574235610407}. Best is trial 1 with value: 102.85443115234375.
LOCAL_RANK: 0 - CUDA_VISIBLE_DEVICES: [0]
[I 2023-12-16 10:51:53,471] Trial 3 finished with value: 152.5620574951172 and parameters: {'gradient_clip_val': 0.11821084934293458, 'hidden_size': 76, 'dropout': 0.2602999698918391, 'hidden_continuous_size': 10, 'attention_head_size': 3, 'learning_rate': 0.028542862160773317}. Best is trial 1 with value: 102.85443115234375.
LOCAL_RANK: 0 - CUDA_VISIBLE_DEVICES: [0]
[I 2023-12-16 10:52:39,243] Trial 4 finished with value: 69.54133605957031 and parameters: {'gradient_clip_val': 0.7415130501174843, 'hidden_size': 6, 'dropout': 0.2251305644677795, 'hidden_continuous_size': 5, 'attention_head_size': 4, 'learning_rate': 0.017150949002964776}. Best is trial 4 with value: 69.54133605957031.
LOCAL_RANK: 0 - CUDA_VISIBLE_DEVICES: [0]
[I 2023-12-16 10:53:30,441] Trial 5 finished with value: 131.52137756347656 and parameters: {'gradient_clip_val': 0.39218720629863557, 'hidden_size': 29, 'dropout': 0.18523971926552096, 'hidden_continuous_size': 21, 'attention_head_size': 3, 'learning_rate': 0.08689904976624707}. Best is trial 4 with value: 69.54133605957031.
LOCAL_RANK: 0 - CUDA_VISIBLE_DEVICES: [0]
[I 2023-12-16 10:54:23,517] Trial 6 finished with value: 164.97052001953125 and parameters: {'gradient_clip_val': 0.47462599586626547, 'hidden_size': 41, 'dropout': 0.34837375212996274, 'hidden_continuous_size': 15, 'attention_head_size': 4, 'learning_rate': 0.049170905620603084}. Best is trial 4 with value: 69.54133605957031.
LOCAL_RANK: 0 - CUDA_VISIBLE_DEVICES: [0]
[I 2023-12-16 10:55:13,019] Trial 7 finished with value: 150.01402282714844 and parameters: {'gradient_clip_val': 0.47652450473392693, 'hidden_size': 27, 'dropout': 0.10782768260499838, 'hidden_continuous_size': 12, 'attention_head_size': 3, 'learning_rate': 0.01338065247011365}. Best is trial 4 with value: 69.54133605957031.
LOCAL_RANK: 0 - CUDA_VISIBLE_DEVICES: [0]
[I 2023-12-16 10:56:03,009] Trial 8 finished with value: 88.79804229736328 and parameters: {'gradient_clip_val': 0.7313694775936588, 'hidden_size': 23, 'dropout': 0.17663821228407633, 'hidden_continuous_size': 22, 'attention_head_size': 3, 'learning_rate': 0.0027458949652683323}. Best is trial 4 with value: 69.54133605957031.
LOCAL_RANK: 0 - CUDA_VISIBLE_DEVICES: [0]
[I 2023-12-16 10:56:38,459] Trial 9 finished with value: 234.85252380371094 and parameters: {'gradient_clip_val': 0.5471297766453416, 'hidden_size': 5, 'dropout': 0.11372382291215104, 'hidden_continuous_size': 5, 'attention_head_size': 4, 'learning_rate': 0.03131704932859201}. Best is trial 4 with value: 69.54133605957031.
LOCAL_RANK: 0 - CUDA_VISIBLE_DEVICES: [0]
[I 2023-12-16 10:57:13,195] Trial 10 finished with value: 273.66131591796875 and parameters: {'gradient_clip_val': 0.99616458036665, 'hidden_size': 5, 'dropout': 0.3713326926784036, 'hidden_continuous_size': 5, 'attention_head_size': 1, 'learning_rate': 0.0008205510894001179}. Best is trial 4 with value: 69.54133605957031.
LOCAL_RANK: 0 - CUDA_VISIBLE_DEVICES: [0]
[I 2023-12-16 10:57:57,906] Trial 11 finished with value: 157.3358154296875 and parameters: {'gradient_clip_val': 0.9732290499988504, 'hidden_size': 12, 'dropout': 0.18651262444385808, 'hidden_continuous_size': 7, 'attention_head_size': 2, 'learning_rate': 0.0048092713015292585}. Best is trial 4 with value: 69.54133605957031.
LOCAL_RANK: 0 - CUDA_VISIBLE_DEVICES: [0]
[I 2023-12-16 10:58:43,630] Trial 12 finished with value: 140.6823272705078 and parameters: {'gradient_clip_val': 0.7654307740155025, 'hidden_size': 14, 'dropout': 0.2002600914535337, 'hidden_continuous_size': 7, 'attention_head_size': 2, 'learning_rate': 0.004648875774174805}. Best is trial 4 with value: 69.54133605957031.
LOCAL_RANK: 0 - CUDA_VISIBLE_DEVICES: [0]
[I 2023-12-16 10:59:27,722] Trial 13 finished with value: 171.73193359375 and parameters: {'gradient_clip_val': 0.31496358507955086, 'hidden_size': 8, 'dropout': 0.26568420235698154, 'hidden_continuous_size': 6, 'attention_head_size': 2, 'learning_rate': 0.01634927870942717}. Best is trial 4 with value: 69.54133605957031.
LOCAL_RANK: 0 - CUDA_VISIBLE_DEVICES: [0]
[I 2023-12-16 11:00:17,072] Trial 14 finished with value: 138.74456787109375 and parameters: {'gradient_clip_val': 0.6872542163462759, 'hidden_size': 19, 'dropout': 0.15542675229421737, 'hidden_continuous_size': 12, 'attention_head_size': 4, 'learning_rate': 0.006547621767209913}. Best is trial 4 with value: 69.54133605957031.
LOCAL_RANK: 0 - CUDA_VISIBLE_DEVICES: [0]
[I 2023-12-16 11:01:01,495] Trial 15 finished with value: 110.47503662109375 and parameters: {'gradient_clip_val': 0.7824551872127905, 'hidden_size': 8, 'dropout': 0.22256814168437272, 'hidden_continuous_size': 6, 'attention_head_size': 3, 'learning_rate': 0.003453234952253266}. Best is trial 4 with value: 69.54133605957031.
LOCAL_RANK: 0 - CUDA_VISIBLE_DEVICES: [0]
[I 2023-12-16 11:01:54,205] Trial 16 finished with value: 106.9062728881836 and parameters: {'gradient_clip_val': 0.4207196575475535, 'hidden_size': 38, 'dropout': 0.16594815925476664, 'hidden_continuous_size': 34, 'attention_head_size': 1, 'learning_rate': 0.0005105176270615203}. Best is trial 4 with value: 69.54133605957031.
LOCAL_RANK: 0 - CUDA_VISIBLE_DEVICES: [0]
[I 2023-12-16 11:02:40,788] Trial 17 finished with value: 173.0423583984375 and parameters: {'gradient_clip_val': 0.5910768123592598, 'hidden_size': 13, 'dropout': 0.224904845720697, 'hidden_continuous_size': 6, 'attention_head_size': 4, 'learning_rate': 0.008979435140222215}. Best is trial 4 with value: 69.54133605957031.
LOCAL_RANK: 0 - CUDA_VISIBLE_DEVICES: [0]
[I 2023-12-16 11:03:29,757] Trial 18 finished with value: 159.3723602294922 and parameters: {'gradient_clip_val': 0.2712752957490827, 'hidden_size': 22, 'dropout': 0.2955369067064339, 'hidden_continuous_size': 8, 'attention_head_size': 3, 'learning_rate': 0.015612037363609079}. Best is trial 4 with value: 69.54133605957031.
LOCAL_RANK: 0 - CUDA_VISIBLE_DEVICES: [0]
[I 2023-12-16 11:04:15,016] Trial 19 finished with value: 224.07398986816406 and parameters: {'gradient_clip_val': 0.9478297068656251, 'hidden_size': 6, 'dropout': 0.1511233692645075, 'hidden_continuous_size': 5, 'attention_head_size': 2, 'learning_rate': 0.0025354781901715836}. Best is trial 4 with value: 69.54133605957031.
LOCAL_RANK: 0 - CUDA_VISIBLE_DEVICES: [0]
[I 2023-12-16 11:05:01,221] Trial 20 finished with value: 157.0020294189453 and parameters: {'gradient_clip_val': 0.37436694022447975, 'hidden_size': 10, 'dropout': 0.20360981582236318, 'hidden_continuous_size': 6, 'attention_head_size': 4, 'learning_rate': 0.006649491195066537}. Best is trial 4 with value: 69.54133605957031.
LOCAL_RANK: 0 - CUDA_VISIBLE_DEVICES: [0]
[I 2023-12-16 11:05:49,514] Trial 21 finished with value: 113.231201171875 and parameters: {'gradient_clip_val': 0.2445023189863532, 'hidden_size': 18, 'dropout': 0.23263047252790475, 'hidden_continuous_size': 9, 'attention_head_size': 4, 'learning_rate': 0.0018510621514431908}. Best is trial 4 with value: 69.54133605957031.
LOCAL_RANK: 0 - CUDA_VISIBLE_DEVICES: [0]
[I 2023-12-16 11:06:36,272] Trial 22 finished with value: 185.1918487548828 and parameters: {'gradient_clip_val': 0.26535429122735515, 'hidden_size': 15, 'dropout': 0.2431781599186678, 'hidden_continuous_size': 8, 'attention_head_size': 4, 'learning_rate': 0.0012108487056591913}. Best is trial 4 with value: 69.54133605957031.
LOCAL_RANK: 0 - CUDA_VISIBLE_DEVICES: [0]
[I 2023-12-16 11:07:22,019] Trial 23 finished with value: 90.56758880615234 and parameters: {'gradient_clip_val': 0.2028788002303924, 'hidden_size': 7, 'dropout': 0.20836438979310093, 'hidden_continuous_size': 5, 'attention_head_size': 3, 'learning_rate': 0.0030160417082561444}. Best is trial 4 with value: 69.54133605957031.
LOCAL_RANK: 0 - CUDA_VISIBLE_DEVICES: [0]
[I 2023-12-16 11:08:07,363] Trial 24 finished with value: 167.91249084472656 and parameters: {'gradient_clip_val': 0.15594775596218327, 'hidden_size': 6, 'dropout': 0.17165818907286254, 'hidden_continuous_size': 5, 'attention_head_size': 3, 'learning_rate': 0.0031494035047844346}. Best is trial 4 with value: 69.54133605957031.
LOCAL_RANK: 0 - CUDA_VISIBLE_DEVICES: [0]
[I 2023-12-16 11:08:52,781] Trial 25 finished with value: 326.6101379394531 and parameters: {'gradient_clip_val': 0.18292381889721715, 'hidden_size': 7, 'dropout': 0.20693933668591247, 'hidden_continuous_size': 5, 'attention_head_size': 3, 'learning_rate': 0.004350283749449433}. Best is trial 4 with value: 69.54133605957031.
LOCAL_RANK: 0 - CUDA_VISIBLE_DEVICES: [0]
[I 2023-12-16 11:09:38,231] Trial 26 finished with value: 213.22987365722656 and parameters: {'gradient_clip_val': 0.6481684278185325, 'hidden_size': 10, 'dropout': 0.13695772616275798, 'hidden_continuous_size': 6, 'attention_head_size': 2, 'learning_rate': 0.002533236121070495}. Best is trial 4 with value: 69.54133605957031.
LOCAL_RANK: 0 - CUDA_VISIBLE_DEVICES: [0]
[I 2023-12-16 11:10:24,147] Trial 27 finished with value: 176.03656005859375 and parameters: {'gradient_clip_val': 0.834049613669257, 'hidden_size': 11, 'dropout': 0.176492994669491, 'hidden_continuous_size': 7, 'attention_head_size': 3, 'learning_rate': 0.006661550143595522}. Best is trial 4 with value: 69.54133605957031.
LOCAL_RANK: 0 - CUDA_VISIBLE_DEVICES: [0]
[I 2023-12-16 11:11:09,624] Trial 28 finished with value: 139.0440673828125 and parameters: {'gradient_clip_val': 0.5743645553223434, 'hidden_size': 7, 'dropout': 0.19876131107227452, 'hidden_continuous_size': 5, 'attention_head_size': 3, 'learning_rate': 0.010454804805716499}. Best is trial 4 with value: 69.54133605957031.
LOCAL_RANK: 0 - CUDA_VISIBLE_DEVICES: [0]
[I 2023-12-16 11:11:55,051] Trial 29 finished with value: 370.5037841796875 and parameters: {'gradient_clip_val': 0.647276575476043, 'hidden_size': 10, 'dropout': 0.2553832481821216, 'hidden_continuous_size': 6, 'attention_head_size': 2, 'learning_rate': 0.00152389938003271}. Best is trial 4 with value: 69.54133605957031.
LOCAL_RANK: 0 - CUDA_VISIBLE_DEVICES: [0]
[I 2023-12-16 11:12:30,337] Trial 30 finished with value: 293.004638671875 and parameters: {'gradient_clip_val': 0.5137309045291565, 'hidden_size': 5, 'dropout': 0.2852604101240935, 'hidden_continuous_size': 5, 'attention_head_size': 4, 'learning_rate': 0.0010652363607397204}. Best is trial 4 with value: 69.54133605957031.
LOCAL_RANK: 0 - CUDA_VISIBLE_DEVICES: [0]
[I 2023-12-16 11:13:16,424] Trial 31 finished with value: 81.34567260742188 and parameters: {'gradient_clip_val': 0.21575119366292203, 'hidden_size': 16, 'dropout': 0.21758011218286746, 'hidden_continuous_size': 9, 'attention_head_size': 4, 'learning_rate': 0.0020498451707514254}. Best is trial 4 with value: 69.54133605957031.
LOCAL_RANK: 0 - CUDA_VISIBLE_DEVICES: [0]
[I 2023-12-16 11:14:01,098] Trial 32 finished with value: 119.24388885498047 and parameters: {'gradient_clip_val': 0.1853343906312755, 'hidden_size': 8, 'dropout': 0.21546492113223545, 'hidden_continuous_size': 5, 'attention_head_size': 4, 'learning_rate': 0.002332823633041959}. Best is trial 4 with value: 69.54133605957031.
LOCAL_RANK: 0 - CUDA_VISIBLE_DEVICES: [0]
[I 2023-12-16 11:14:47,704] Trial 33 finished with value: 240.3000030517578 and parameters: {'gradient_clip_val': 0.22301038708329418, 'hidden_size': 15, 'dropout': 0.23936477927975502, 'hidden_continuous_size': 7, 'attention_head_size': 4, 'learning_rate': 0.0017456434330477015}. Best is trial 4 with value: 69.54133605957031.
LOCAL_RANK: 0 - CUDA_VISIBLE_DEVICES: [0]
[I 2023-12-16 11:15:33,504] Trial 34 finished with value: 180.8070068359375 and parameters: {'gradient_clip_val': 0.21166886012063157, 'hidden_size': 9, 'dropout': 0.21628979083196892, 'hidden_continuous_size': 6, 'attention_head_size': 3, 'learning_rate': 0.003163853248686878}. Best is trial 4 with value: 69.54133605957031.
LOCAL_RANK: 0 - CUDA_VISIBLE_DEVICES: [0]
[I 2023-12-16 11:16:19,166] Trial 35 finished with value: 109.98807525634766 and parameters: {'gradient_clip_val': 0.3188114037224774, 'hidden_size': 12, 'dropout': 0.18968522803057572, 'hidden_continuous_size': 8, 'attention_head_size': 4, 'learning_rate': 0.002164335849130203}. Best is trial 4 with value: 69.54133605957031.
LOCAL_RANK: 0 - CUDA_VISIBLE_DEVICES: [0]
[I 2023-12-16 11:17:06,545] Trial 36 finished with value: 119.96179962158203 and parameters: {'gradient_clip_val': 0.8589280527195894, 'hidden_size': 17, 'dropout': 0.24444024274661605, 'hidden_continuous_size': 10, 'attention_head_size': 3, 'learning_rate': 0.001406513757394362}. Best is trial 4 with value: 69.54133605957031.
LOCAL_RANK: 0 - CUDA_VISIBLE_DEVICES: [0]
[I 2023-12-16 11:17:55,358] Trial 37 finished with value: 188.4730987548828 and parameters: {'gradient_clip_val': 0.1449769205492438, 'hidden_size': 24, 'dropout': 0.18410012862829783, 'hidden_continuous_size': 12, 'attention_head_size': 4, 'learning_rate': 0.00402779289496961}. Best is trial 4 with value: 69.54133605957031.
LOCAL_RANK: 0 - CUDA_VISIBLE_DEVICES: [0]
[I 2023-12-16 11:18:44,611] Trial 38 finished with value: 159.16661071777344 and parameters: {'gradient_clip_val': 0.10535755082930297, 'hidden_size': 21, 'dropout': 0.22714593738466862, 'hidden_continuous_size': 11, 'attention_head_size': 3, 'learning_rate': 0.00564272476180769}. Best is trial 4 with value: 69.54133605957031.
LOCAL_RANK: 0 - CUDA_VISIBLE_DEVICES: [0]
[I 2023-12-16 11:19:34,682] Trial 39 finished with value: 137.0208282470703 and parameters: {'gradient_clip_val': 0.45653197958953484, 'hidden_size': 27, 'dropout': 0.2686208934520752, 'hidden_continuous_size': 15, 'attention_head_size': 4, 'learning_rate': 0.003134526734196628}. Best is trial 4 with value: 69.54133605957031.
LOCAL_RANK: 0 - CUDA_VISIBLE_DEVICES: [0]
[I 2023-12-16 11:20:25,621] Trial 40 finished with value: 142.8614044189453 and parameters: {'gradient_clip_val': 0.6926464116750451, 'hidden_size': 32, 'dropout': 0.20695782003618485, 'hidden_continuous_size': 20, 'attention_head_size': 3, 'learning_rate': 0.0229042819594794}. Best is trial 4 with value: 69.54133605957031.
LOCAL_RANK: 0 - CUDA_VISIBLE_DEVICES: [0]
[I 2023-12-16 11:21:12,605] Trial 41 finished with value: 126.81763458251953 and parameters: {'gradient_clip_val': 0.30974631676508907, 'hidden_size': 15, 'dropout': 0.25188663363579256, 'hidden_continuous_size': 9, 'attention_head_size': 4, 'learning_rate': 0.0018938888390984691}. Best is trial 4 with value: 69.54133605957031.
LOCAL_RANK: 0 - CUDA_VISIBLE_DEVICES: [0]
[I 2023-12-16 11:22:01,322] Trial 42 finished with value: 103.14588165283203 and parameters: {'gradient_clip_val': 0.5260283128854469, 'hidden_size': 18, 'dropout': 0.19756853333573657, 'hidden_continuous_size': 10, 'attention_head_size': 4, 'learning_rate': 0.0010091005382622084}. Best is trial 4 with value: 69.54133605957031.
LOCAL_RANK: 0 - CUDA_VISIBLE_DEVICES: [0]
[I 2023-12-16 11:22:50,145] Trial 43 finished with value: 62.216732025146484 and parameters: {'gradient_clip_val': 0.7452785135958493, 'hidden_size': 24, 'dropout': 0.23228676763989242, 'hidden_continuous_size': 9, 'attention_head_size': 4, 'learning_rate': 0.0014341184674248294}. Best is trial 43 with value: 62.216732025146484.
LOCAL_RANK: 0 - CUDA_VISIBLE_DEVICES: [0]
[I 2023-12-16 11:23:39,909] Trial 44 finished with value: 75.59642791748047 and parameters: {'gradient_clip_val': 0.8460434941362637, 'hidden_size': 23, 'dropout': 0.23282421791381785, 'hidden_continuous_size': 11, 'attention_head_size': 4, 'learning_rate': 0.0024574433488467324}. Best is trial 43 with value: 62.216732025146484.
LOCAL_RANK: 0 - CUDA_VISIBLE_DEVICES: [0]
[I 2023-12-16 11:24:28,894] Trial 45 finished with value: 102.33699798583984 and parameters: {'gradient_clip_val': 0.8813468856320669, 'hidden_size': 32, 'dropout': 0.2333803606699971, 'hidden_continuous_size': 13, 'attention_head_size': 4, 'learning_rate': 0.0014872157625186548}. Best is trial 43 with value: 62.216732025146484.
LOCAL_RANK: 0 - CUDA_VISIBLE_DEVICES: [0]
[I 2023-12-16 11:25:18,578] Trial 46 finished with value: 83.73926544189453 and parameters: {'gradient_clip_val': 0.7418198861565972, 'hidden_size': 23, 'dropout': 0.2745998356901273, 'hidden_continuous_size': 9, 'attention_head_size': 4, 'learning_rate': 0.0007391687155212672}. Best is trial 43 with value: 62.216732025146484.
LOCAL_RANK: 0 - CUDA_VISIBLE_DEVICES: [0]
[I 2023-12-16 11:26:07,025] Trial 47 finished with value: 147.7771759033203 and parameters: {'gradient_clip_val': 0.7675176952792216, 'hidden_size': 24, 'dropout': 0.27170741619816013, 'hidden_continuous_size': 11, 'attention_head_size': 4, 'learning_rate': 0.0007564041173338162}. Best is trial 43 with value: 62.216732025146484.
LOCAL_RANK: 0 - CUDA_VISIBLE_DEVICES: [0]
[I 2023-12-16 11:27:00,574] Trial 48 finished with value: 123.3011245727539 and parameters: {'gradient_clip_val': 0.6158056389351756, 'hidden_size': 50, 'dropout': 0.2545494646940369, 'hidden_continuous_size': 13, 'attention_head_size': 4, 'learning_rate': 0.0006237840832260474}. Best is trial 43 with value: 62.216732025146484.
LOCAL_RANK: 0 - CUDA_VISIBLE_DEVICES: [0]
