[I 2023-12-26 14:48:16,172] Trial 38 finished with value: 5.584217548370361 and parameters: {'gradient_clip_val': 0.20043343713269185, 'hidden_size': 9, 'dropout': 0.4382240849005518, 'hidden_continuous_size': 6, 'attention_head_size': 3, 'learning_rate': 0.0015287331977920833}. Best is trial 1 with value: 0.28603222966194153.
[I 2023-12-26 14:48:20,014] Trial 39 finished with value: 5.08721399307251 and parameters: {'gradient_clip_val': 0.2281270850009555, 'hidden_size': 56, 'dropout': 0.47291395414625953, 'hidden_continuous_size': 19, 'attention_head_size': 4, 'learning_rate': 0.004248696704238393}. Best is trial 1 with value: 0.28603222966194153.
[I 2023-12-26 14:48:23,598] Trial 40 finished with value: 6.003311634063721 and parameters: {'gradient_clip_val': 0.3219263791368994, 'hidden_size': 31, 'dropout': 0.4991635468828556, 'hidden_continuous_size': 13, 'attention_head_size': 4, 'learning_rate': 0.0024030724870024896}. Best is trial 1 with value: 0.28603222966194153.
[I 2023-12-26 14:48:26,242] Trial 41 finished with value: 4.793804168701172 and parameters: {'gradient_clip_val': 0.42040056537043263, 'hidden_size': 14, 'dropout': 0.45999055330271277, 'hidden_continuous_size': 10, 'attention_head_size': 2, 'learning_rate': 0.007847774663580746}. Best is trial 1 with value: 0.28603222966194153.
[I 2023-12-26 14:48:28,599] Trial 42 finished with value: 5.624713897705078 and parameters: {'gradient_clip_val': 0.38153714680983825, 'hidden_size': 16, 'dropout': 0.45018738376028733, 'hidden_continuous_size': 10, 'attention_head_size': 1, 'learning_rate': 0.01013544626945074}. Best is trial 1 with value: 0.28603222966194153.
[I 2023-12-26 14:48:31,529] Trial 43 finished with value: 4.501815319061279 and parameters: {'gradient_clip_val': 0.49377243796843434, 'hidden_size': 23, 'dropout': 0.47668537906547803, 'hidden_continuous_size': 11, 'attention_head_size': 2, 'learning_rate': 0.016863827493095524}. Best is trial 1 with value: 0.28603222966194153.
[I 2023-12-26 14:48:33,998] Trial 44 finished with value: 4.580318450927734 and parameters: {'gradient_clip_val': 0.32341195734352246, 'hidden_size': 17, 'dropout': 0.4279058162438115, 'hidden_continuous_size': 8, 'attention_head_size': 1, 'learning_rate': 0.022759623513008132}. Best is trial 1 with value: 0.28603222966194153.
[I 2023-12-26 14:48:37,249] Trial 45 finished with value: 5.961925983428955 and parameters: {'gradient_clip_val': 0.2732862099151633, 'hidden_size': 27, 'dropout': 0.45418949800860425, 'hidden_continuous_size': 12, 'attention_head_size': 3, 'learning_rate': 0.09354317991674546}. Best is trial 1 with value: 0.28603222966194153.
[I 2023-12-26 14:48:39,809] Trial 46 finished with value: 4.619250774383545 and parameters: {'gradient_clip_val': 0.11844453724204973, 'hidden_size': 19, 'dropout': 0.4825166575927769, 'hidden_continuous_size': 9, 'attention_head_size': 2, 'learning_rate': 0.006549262896703109}. Best is trial 1 with value: 0.28603222966194153.
[I 2023-12-26 14:48:43,606] Trial 47 finished with value: 4.9643635749816895 and parameters: {'gradient_clip_val': 0.36167093178748383, 'hidden_size': 39, 'dropout': 0.42801121812813403, 'hidden_continuous_size': 14, 'attention_head_size': 3, 'learning_rate': 0.010282429499040492}. Best is trial 1 with value: 0.28603222966194153.
[I 2023-12-26 14:48:46,327] Trial 48 finished with value: 4.926330089569092 and parameters: {'gradient_clip_val': 0.1444435591520102, 'hidden_size': 22, 'dropout': 0.3766708560281754, 'hidden_continuous_size': 11, 'attention_head_size': 4, 'learning_rate': 0.0006614993785196245}. Best is trial 1 with value: 0.28603222966194153.
[I 2023-12-26 14:48:51,388] Trial 49 finished with value: 5.03493070602417 and parameters: {'gradient_clip_val': 0.6209139767966195, 'hidden_size': 61, 'dropout': 0.40729964161813254, 'hidden_continuous_size': 19, 'attention_head_size': 2, 'learning_rate': 0.0044032468250604145}. Best is trial 1 with value: 0.28603222966194153.
[I 2023-12-26 14:48:51,530] A new study created in memory with name: no-name-5e93a288-f333-4972-ace3-4d35278cb818
/home/le004/conda/anaconda3/envs/tsff_env/lib/python3.9/site-packages/lightning/fabric/plugins/environments/slurm.py:191: The `srun` command is available on your system but is not used. HINT: If your intention is to run Lightning on SLURM, prepend your python command with `srun` like so: srun python /home/le004/master_thesis/git/TSFusionForecast/code/ ...
[I 2023-12-26 14:54:01,353] Trial 0 finished with value: 0.7430894374847412 and parameters: {'gradient_clip_val': 0.4994718362172197, 'hidden_size': 6, 'dropout': 0.13917085400090112, 'hidden_continuous_size': 5, 'attention_head_size': 1, 'learning_rate': 0.000554877633105382}. Best is trial 0 with value: 0.7430894374847412.
[I 2023-12-26 14:59:45,864] Trial 1 finished with value: 0.047193508595228195 and parameters: {'gradient_clip_val': 0.32335688789629896, 'hidden_size': 13, 'dropout': 0.2001223234914741, 'hidden_continuous_size': 13, 'attention_head_size': 4, 'learning_rate': 0.0066251650161979645}. Best is trial 1 with value: 0.047193508595228195.
[I 2023-12-26 15:01:42,456] Trial 2 finished with value: 0.06873855739831924 and parameters: {'gradient_clip_val': 0.14116333600009526, 'hidden_size': 56, 'dropout': 0.39707083048231906, 'hidden_continuous_size': 34, 'attention_head_size': 4, 'learning_rate': 0.08601343852247408}. Best is trial 1 with value: 0.047193508595228195.
[I 2023-12-26 15:01:45,800] Trial 3 finished with value: 3.266342878341675 and parameters: {'gradient_clip_val': 0.36886916470437126, 'hidden_size': 37, 'dropout': 0.16603374623723477, 'hidden_continuous_size': 5, 'attention_head_size': 4, 'learning_rate': 0.027281580695050416}. Best is trial 1 with value: 0.047193508595228195.
[I 2023-12-26 15:01:48,791] Trial 4 finished with value: 3.7738864421844482 and parameters: {'gradient_clip_val': 0.1659796310590084, 'hidden_size': 27, 'dropout': 0.4154687731359874, 'hidden_continuous_size': 19, 'attention_head_size': 1, 'learning_rate': 0.07411344059944751}. Best is trial 1 with value: 0.047193508595228195.
[I 2023-12-26 15:01:50,953] Trial 5 finished with value: 3.4380102157592773 and parameters: {'gradient_clip_val': 0.23326044874218047, 'hidden_size': 12, 'dropout': 0.4971319748231827, 'hidden_continuous_size': 7, 'attention_head_size': 1, 'learning_rate': 0.0011387640810563114}. Best is trial 1 with value: 0.047193508595228195.
[I 2023-12-26 15:01:52,831] Trial 6 finished with value: 2.9725730419158936 and parameters: {'gradient_clip_val': 0.10440627292384567, 'hidden_size': 5, 'dropout': 0.32422359041651405, 'hidden_continuous_size': 5, 'attention_head_size': 4, 'learning_rate': 0.0019126970403892396}. Best is trial 1 with value: 0.047193508595228195.
[I 2023-12-26 15:01:59,783] Trial 7 finished with value: 3.478182792663574 and parameters: {'gradient_clip_val': 0.6026159551468511, 'hidden_size': 83, 'dropout': 0.10437423474187546, 'hidden_continuous_size': 31, 'attention_head_size': 3, 'learning_rate': 0.07720820838197985}. Best is trial 1 with value: 0.047193508595228195.
[I 2023-12-26 15:02:01,963] Trial 8 finished with value: 3.190596342086792 and parameters: {'gradient_clip_val': 0.28025241762282366, 'hidden_size': 5, 'dropout': 0.15711426327535222, 'hidden_continuous_size': 5, 'attention_head_size': 1, 'learning_rate': 0.07824325331283709}. Best is trial 1 with value: 0.047193508595228195.
[I 2023-12-26 15:02:04,545] Trial 9 finished with value: 4.613791465759277 and parameters: {'gradient_clip_val': 0.301765071585998, 'hidden_size': 20, 'dropout': 0.4370596850423507, 'hidden_continuous_size': 7, 'attention_head_size': 3, 'learning_rate': 0.0006662221498512652}. Best is trial 1 with value: 0.047193508595228195.
[I 2023-12-26 15:02:16,405] Trial 10 finished with value: 3.7145843505859375 and parameters: {'gradient_clip_val': 0.9534245709861289, 'hidden_size': 133, 'dropout': 0.23462972127350756, 'hidden_continuous_size': 119, 'attention_head_size': 2, 'learning_rate': 0.005430376317330712}. Best is trial 1 with value: 0.047193508595228195.
[I 2023-12-26 15:02:20,321] Trial 11 finished with value: 2.921839952468872 and parameters: {'gradient_clip_val': 0.17008935142779055, 'hidden_size': 48, 'dropout': 0.3183699952886598, 'hidden_continuous_size': 15, 'attention_head_size': 4, 'learning_rate': 0.014685928457223493}. Best is trial 1 with value: 0.047193508595228195.
[I 2023-12-26 15:02:22,926] Trial 12 finished with value: 2.5639913082122803 and parameters: {'gradient_clip_val': 0.10218248596049513, 'hidden_size': 13, 'dropout': 0.2473778594758641, 'hidden_continuous_size': 9, 'attention_head_size': 3, 'learning_rate': 0.005129449834783079}. Best is trial 1 with value: 0.047193508595228195.
[I 2023-12-26 15:02:28,270] Trial 13 finished with value: 2.4775426387786865 and parameters: {'gradient_clip_val': 0.20115599110689053, 'hidden_size': 61, 'dropout': 0.37254489063539004, 'hidden_continuous_size': 31, 'attention_head_size': 4, 'learning_rate': 0.015812321861875582}. Best is trial 1 with value: 0.047193508595228195.
[I 2023-12-26 15:02:31,952] Trial 14 finished with value: 3.449782609939575 and parameters: {'gradient_clip_val': 0.14582494520487502, 'hidden_size': 31, 'dropout': 0.24953132934910027, 'hidden_continuous_size': 12, 'attention_head_size': 2, 'learning_rate': 0.003415871056812031}. Best is trial 1 with value: 0.047193508595228195.
[I 2023-12-26 15:02:34,549] Trial 15 finished with value: 3.286092519760132 and parameters: {'gradient_clip_val': 0.23717810458762603, 'hidden_size': 20, 'dropout': 0.3598715463892295, 'hidden_continuous_size': 10, 'attention_head_size': 3, 'learning_rate': 0.011437853034914307}. Best is trial 1 with value: 0.047193508595228195.
[I 2023-12-26 15:02:40,766] Trial 16 finished with value: 3.514699935913086 and parameters: {'gradient_clip_val': 0.36311848226919774, 'hidden_size': 73, 'dropout': 0.20688803430424071, 'hidden_continuous_size': 22, 'attention_head_size': 4, 'learning_rate': 0.035068044389585815}. Best is trial 1 with value: 0.047193508595228195.
[I 2023-12-26 15:02:44,704] Trial 17 finished with value: 3.051548719406128 and parameters: {'gradient_clip_val': 0.1315364663839987, 'hidden_size': 48, 'dropout': 0.29081608179945917, 'hidden_continuous_size': 13, 'attention_head_size': 4, 'learning_rate': 0.00878005917189891}. Best is trial 1 with value: 0.047193508595228195.
[I 2023-12-26 15:02:53,053] Trial 18 finished with value: 3.70937442779541 and parameters: {'gradient_clip_val': 0.19364607553381413, 'hidden_size': 119, 'dropout': 0.28638183519644544, 'hidden_continuous_size': 41, 'attention_head_size': 2, 'learning_rate': 0.030896387329376905}. Best is trial 1 with value: 0.047193508595228195.
[I 2023-12-26 15:02:55,131] Trial 19 finished with value: 3.5235373973846436 and parameters: {'gradient_clip_val': 0.1289881207783712, 'hidden_size': 10, 'dropout': 0.18340558038381183, 'hidden_continuous_size': 6, 'attention_head_size': 3, 'learning_rate': 0.002486345067886908}. Best is trial 1 with value: 0.047193508595228195.
[I 2023-12-26 15:02:57,484] Trial 20 finished with value: 3.1239936351776123 and parameters: {'gradient_clip_val': 0.24810321809663555, 'hidden_size': 20, 'dropout': 0.21341447539840755, 'hidden_continuous_size': 8, 'attention_head_size': 4, 'learning_rate': 0.006539617003057319}. Best is trial 1 with value: 0.047193508595228195.
[I 2023-12-26 15:02:59,594] Trial 21 finished with value: 1.8987458944320679 and parameters: {'gradient_clip_val': 0.4405529004921149, 'hidden_size': 7, 'dropout': 0.11500833540312398, 'hidden_continuous_size': 5, 'attention_head_size': 2, 'learning_rate': 0.0005154149615167114}. Best is trial 1 with value: 0.047193508595228195.
[I 2023-12-26 15:03:01,730] Trial 22 finished with value: 3.052119493484497 and parameters: {'gradient_clip_val': 0.48613526700686327, 'hidden_size': 8, 'dropout': 0.14210190934521988, 'hidden_continuous_size': 6, 'attention_head_size': 1, 'learning_rate': 0.0012932802732429944}. Best is trial 1 with value: 0.047193508595228195.
[I 2023-12-26 15:03:04,216] Trial 23 finished with value: 4.790229320526123 and parameters: {'gradient_clip_val': 0.3317796669394417, 'hidden_size': 16, 'dropout': 0.1435574301706037, 'hidden_continuous_size': 6, 'attention_head_size': 3, 'learning_rate': 0.003373968961352166}. Best is trial 1 with value: 0.047193508595228195.
[I 2023-12-26 15:03:06,609] Trial 24 finished with value: 3.0958940982818604 and parameters: {'gradient_clip_val': 0.2826913099773164, 'hidden_size': 7, 'dropout': 0.20760125526615947, 'hidden_continuous_size': 5, 'attention_head_size': 2, 'learning_rate': 0.008886194828529145}. Best is trial 1 with value: 0.047193508595228195.
[I 2023-12-26 15:03:09,508] Trial 25 finished with value: 3.135901689529419 and parameters: {'gradient_clip_val': 0.5609626748322974, 'hidden_size': 15, 'dropout': 0.12659811300848486, 'hidden_continuous_size': 7, 'attention_head_size': 4, 'learning_rate': 0.0009155947405580903}. Best is trial 1 with value: 0.047193508595228195.
[I 2023-12-26 15:03:12,009] Trial 26 finished with value: 4.437643051147461 and parameters: {'gradient_clip_val': 0.4022853368454683, 'hidden_size': 10, 'dropout': 0.177709917184693, 'hidden_continuous_size': 6, 'attention_head_size': 3, 'learning_rate': 0.0016354198295963076}. Best is trial 1 with value: 0.047193508595228195.
[I 2023-12-26 15:03:14,153] Trial 27 finished with value: 3.3283450603485107 and parameters: {'gradient_clip_val': 0.3359553215665846, 'hidden_size': 5, 'dropout': 0.10594115138520148, 'hidden_continuous_size': 5, 'attention_head_size': 1, 'learning_rate': 0.0038395308872752327}. Best is trial 1 with value: 0.047193508595228195.
[I 2023-12-26 15:03:16,860] Trial 28 finished with value: 3.6661322116851807 and parameters: {'gradient_clip_val': 0.4666222879622546, 'hidden_size': 25, 'dropout': 0.1781198023070758, 'hidden_continuous_size': 9, 'attention_head_size': 4, 'learning_rate': 0.0009160158104111686}. Best is trial 1 with value: 0.047193508595228195.
[I 2023-12-26 15:03:19,881] Trial 29 finished with value: 4.122527599334717 and parameters: {'gradient_clip_val': 0.38126235298044114, 'hidden_size': 34, 'dropout': 0.15650159821304538, 'hidden_continuous_size': 11, 'attention_head_size': 4, 'learning_rate': 0.023838922828380845}. Best is trial 1 with value: 0.047193508595228195.
[I 2023-12-26 15:03:24,083] Trial 30 finished with value: 3.6123054027557373 and parameters: {'gradient_clip_val': 0.20720389628943905, 'hidden_size': 44, 'dropout': 0.2664579664647585, 'hidden_continuous_size': 16, 'attention_head_size': 2, 'learning_rate': 0.05051442832869503}. Best is trial 1 with value: 0.047193508595228195.
[I 2023-12-26 15:03:26,437] Trial 31 finished with value: 4.20432186126709 and parameters: {'gradient_clip_val': 0.4343533899380095, 'hidden_size': 7, 'dropout': 0.12710673375276618, 'hidden_continuous_size': 5, 'attention_head_size': 2, 'learning_rate': 0.0005126880725110286}. Best is trial 1 with value: 0.047193508595228195.
[I 2023-12-26 15:03:28,661] Trial 32 finished with value: 3.41668701171875 and parameters: {'gradient_clip_val': 0.3584073376044131, 'hidden_size': 6, 'dropout': 0.10269787440702177, 'hidden_continuous_size': 5, 'attention_head_size': 1, 'learning_rate': 0.0006109530942165484}. Best is trial 1 with value: 0.047193508595228195.
[I 2023-12-26 15:03:31,042] Trial 33 finished with value: 3.3291380405426025 and parameters: {'gradient_clip_val': 0.29784365649269123, 'hidden_size': 10, 'dropout': 0.16613729635322408, 'hidden_continuous_size': 6, 'attention_head_size': 1, 'learning_rate': 0.09785046685223558}. Best is trial 1 with value: 0.047193508595228195.
[I 2023-12-26 15:03:33,221] Trial 34 finished with value: 3.567498207092285 and parameters: {'gradient_clip_val': 0.5171300978393425, 'hidden_size': 8, 'dropout': 0.1892520577833765, 'hidden_continuous_size': 5, 'attention_head_size': 2, 'learning_rate': 0.0021494185743883756}. Best is trial 1 with value: 0.047193508595228195.
[I 2023-12-26 15:03:35,493] Trial 35 finished with value: 4.582969665527344 and parameters: {'gradient_clip_val': 0.4159901152026802, 'hidden_size': 12, 'dropout': 0.1270723620250386, 'hidden_continuous_size': 8, 'attention_head_size': 1, 'learning_rate': 0.0012679876037709878}. Best is trial 1 with value: 0.047193508595228195.
[I 2023-12-26 15:03:37,647] Trial 36 finished with value: 3.4355621337890625 and parameters: {'gradient_clip_val': 0.26893121310713103, 'hidden_size': 6, 'dropout': 0.16069114423115588, 'hidden_continuous_size': 5, 'attention_head_size': 3, 'learning_rate': 0.0007773516122886952}. Best is trial 1 with value: 0.047193508595228195.
[I 2023-12-26 15:03:40,530] Trial 37 finished with value: 4.074331283569336 and parameters: {'gradient_clip_val': 0.6057323163367564, 'hidden_size': 9, 'dropout': 0.43769340721884165, 'hidden_continuous_size': 6, 'attention_head_size': 2, 'learning_rate': 0.0005112734432972724}. Best is trial 1 with value: 0.047193508595228195.
[I 2023-12-26 15:03:42,730] Trial 38 finished with value: 3.3465576171875 and parameters: {'gradient_clip_val': 0.3039078904587734, 'hidden_size': 6, 'dropout': 0.21998804296716812, 'hidden_continuous_size': 5, 'attention_head_size': 1, 'learning_rate': 0.0016193519605274549}. Best is trial 1 with value: 0.047193508595228195.
[I 2023-12-26 15:03:44,937] Trial 39 finished with value: 3.7964236736297607 and parameters: {'gradient_clip_val': 0.6890932926634203, 'hidden_size': 5, 'dropout': 0.1970565248556142, 'hidden_continuous_size': 5, 'attention_head_size': 3, 'learning_rate': 0.0010617037478240553}. Best is trial 1 with value: 0.047193508595228195.
[I 2023-12-26 15:03:47,431] Trial 40 finished with value: 3.287867784500122 and parameters: {'gradient_clip_val': 0.3321627204820754, 'hidden_size': 11, 'dropout': 0.1464013349644575, 'hidden_continuous_size': 7, 'attention_head_size': 4, 'learning_rate': 0.0007563199377139951}. Best is trial 1 with value: 0.047193508595228195.
[I 2023-12-26 15:03:53,687] Trial 41 finished with value: 3.772998809814453 and parameters: {'gradient_clip_val': 0.18483186038618762, 'hidden_size': 71, 'dropout': 0.37465209958779194, 'hidden_continuous_size': 24, 'attention_head_size': 4, 'learning_rate': 0.017000971016189415}. Best is trial 1 with value: 0.047193508595228195.
[I 2023-12-26 15:03:59,052] Trial 42 finished with value: 3.0571129322052 and parameters: {'gradient_clip_val': 0.20749524132059377, 'hidden_size': 62, 'dropout': 0.34149282813478093, 'hidden_continuous_size': 34, 'attention_head_size': 4, 'learning_rate': 0.04771047341612217}. Best is trial 1 with value: 0.047193508595228195.
[I 2023-12-26 15:04:02,984] Trial 43 finished with value: 4.227051258087158 and parameters: {'gradient_clip_val': 0.16018661895308436, 'hidden_size': 41, 'dropout': 0.37271476400014, 'hidden_continuous_size': 16, 'attention_head_size': 4, 'learning_rate': 0.02245287586698721}. Best is trial 1 with value: 0.047193508595228195.
[I 2023-12-26 15:04:11,192] Trial 44 finished with value: 3.2253034114837646 and parameters: {'gradient_clip_val': 0.25064130028602016, 'hidden_size': 95, 'dropout': 0.41124703032243093, 'hidden_continuous_size': 26, 'attention_head_size': 4, 'learning_rate': 0.013161134516657036}. Best is trial 1 with value: 0.047193508595228195.
[I 2023-12-26 15:04:15,938] Trial 45 finished with value: 3.3562428951263428 and parameters: {'gradient_clip_val': 0.11223264088148723, 'hidden_size': 58, 'dropout': 0.30481332124844474, 'hidden_continuous_size': 19, 'attention_head_size': 3, 'learning_rate': 0.060667987511821585}. Best is trial 1 with value: 0.047193508595228195.
[I 2023-12-26 15:04:19,241] Trial 46 finished with value: 2.5792489051818848 and parameters: {'gradient_clip_val': 0.16748145487947072, 'hidden_size': 37, 'dropout': 0.11967604820490318, 'hidden_continuous_size': 11, 'attention_head_size': 4, 'learning_rate': 0.031677798969264516}. Best is trial 1 with value: 0.047193508595228195.
[I 2023-12-26 15:04:21,525] Trial 47 finished with value: 3.84314227104187 and parameters: {'gradient_clip_val': 0.2175588446893205, 'hidden_size': 14, 'dropout': 0.24223311488926086, 'hidden_continuous_size': 9, 'attention_head_size': 4, 'learning_rate': 0.01701493605818502}. Best is trial 1 with value: 0.047193508595228195.
[I 2023-12-26 15:04:24,072] Trial 48 finished with value: 3.4332988262176514 and parameters: {'gradient_clip_val': 0.22518591290609433, 'hidden_size': 30, 'dropout': 0.2693634162886772, 'hidden_continuous_size': 13, 'attention_head_size': 2, 'learning_rate': 0.010959654782149587}. Best is trial 1 with value: 0.047193508595228195.
[I 2023-12-26 15:04:27,884] Trial 49 finished with value: 2.804368019104004 and parameters: {'gradient_clip_val': 0.15277763516527193, 'hidden_size': 55, 'dropout': 0.3368197123707131, 'hidden_continuous_size': 35, 'attention_head_size': 3, 'learning_rate': 0.03852468763847313}. Best is trial 1 with value: 0.047193508595228195.
[I 2023-12-26 15:04:28,009] A new study created in memory with name: no-name-a4d47353-dd9f-4559-87a0-ec89545919ab
/home/le004/conda/anaconda3/envs/tsff_env/lib/python3.9/site-packages/lightning/fabric/plugins/environments/slurm.py:191: The `srun` command is available on your system but is not used. HINT: If your intention is to run Lightning on SLURM, prepend your python command with `srun` like so: srun python /home/le004/master_thesis/git/TSFusionForecast/code/ ...
[I 2023-12-26 15:07:23,152] Trial 0 finished with value: 0.04986770823597908 and parameters: {'gradient_clip_val': 0.45011140903895935, 'hidden_size': 14, 'dropout': 0.21490578979857472, 'hidden_continuous_size': 8, 'attention_head_size': 1, 'learning_rate': 0.08121226001251541}. Best is trial 0 with value: 0.04986770823597908.
