[I 2023-12-16 03:37:20,642] Trial 15 finished with value: 72.08708953857422 and parameters: {'gradient_clip_val': 0.1489612611379684, 'hidden_size': 5, 'dropout': 0.14150907865418655, 'hidden_continuous_size': 5, 'attention_head_size': 2, 'learning_rate': 0.00575320634597315}. Best is trial 4 with value: 66.2639389038086.
LOCAL_RANK: 0 - CUDA_VISIBLE_DEVICES: [0]
[I 2023-12-16 03:38:06,296] Trial 16 finished with value: 99.8100814819336 and parameters: {'gradient_clip_val': 0.19278079342801926, 'hidden_size': 15, 'dropout': 0.1613916478360075, 'hidden_continuous_size': 8, 'attention_head_size': 2, 'learning_rate': 0.005435096949014102}. Best is trial 4 with value: 66.2639389038086.
LOCAL_RANK: 0 - CUDA_VISIBLE_DEVICES: [0]
[I 2023-12-16 03:38:50,421] Trial 17 finished with value: 103.1214370727539 and parameters: {'gradient_clip_val': 0.14055527151925823, 'hidden_size': 8, 'dropout': 0.22891110325734554, 'hidden_continuous_size': 6, 'attention_head_size': 2, 'learning_rate': 0.002515235674973459}. Best is trial 4 with value: 66.2639389038086.
LOCAL_RANK: 0 - CUDA_VISIBLE_DEVICES: [0]
[I 2023-12-16 03:39:34,815] Trial 18 finished with value: 65.98275756835938 and parameters: {'gradient_clip_val': 0.19561244140899903, 'hidden_size': 7, 'dropout': 0.1466895483324605, 'hidden_continuous_size': 5, 'attention_head_size': 1, 'learning_rate': 0.007602906879985215}. Best is trial 18 with value: 65.98275756835938.
LOCAL_RANK: 0 - CUDA_VISIBLE_DEVICES: [0]
[I 2023-12-16 03:40:20,035] Trial 19 finished with value: 73.28374481201172 and parameters: {'gradient_clip_val': 0.2160695957453391, 'hidden_size': 15, 'dropout': 0.22345624856792567, 'hidden_continuous_size': 8, 'attention_head_size': 1, 'learning_rate': 0.008030725514080276}. Best is trial 18 with value: 65.98275756835938.
LOCAL_RANK: 0 - CUDA_VISIBLE_DEVICES: [0]
[I 2023-12-16 03:41:03,268] Trial 20 finished with value: 45.614864349365234 and parameters: {'gradient_clip_val': 0.20285756045265033, 'hidden_size': 8, 'dropout': 0.16885828258214752, 'hidden_continuous_size': 6, 'attention_head_size': 1, 'learning_rate': 0.0942936488452949}. Best is trial 20 with value: 45.614864349365234.
LOCAL_RANK: 0 - CUDA_VISIBLE_DEVICES: [0]
[I 2023-12-16 03:41:46,682] Trial 21 finished with value: 241.5102081298828 and parameters: {'gradient_clip_val': 0.18846156012681461, 'hidden_size': 8, 'dropout': 0.17176529670042037, 'hidden_continuous_size': 6, 'attention_head_size': 1, 'learning_rate': 0.0728553722092844}. Best is trial 20 with value: 45.614864349365234.
LOCAL_RANK: 0 - CUDA_VISIBLE_DEVICES: [0]
[I 2023-12-16 03:42:31,214] Trial 22 finished with value: 177.89588928222656 and parameters: {'gradient_clip_val': 0.218508073159181, 'hidden_size': 7, 'dropout': 0.14815426383263747, 'hidden_continuous_size': 5, 'attention_head_size': 1, 'learning_rate': 0.09073468683921421}. Best is trial 20 with value: 45.614864349365234.
LOCAL_RANK: 0 - CUDA_VISIBLE_DEVICES: [0]
[I 2023-12-16 03:43:16,349] Trial 23 finished with value: 82.10139465332031 and parameters: {'gradient_clip_val': 0.12521847742449738, 'hidden_size': 10, 'dropout': 0.18417013738694807, 'hidden_continuous_size': 7, 'attention_head_size': 1, 'learning_rate': 0.030950180767341712}. Best is trial 20 with value: 45.614864349365234.
LOCAL_RANK: 0 - CUDA_VISIBLE_DEVICES: [0]
[I 2023-12-16 03:44:00,899] Trial 24 finished with value: 66.93414306640625 and parameters: {'gradient_clip_val': 0.1807243020332477, 'hidden_size': 6, 'dropout': 0.1400238722541797, 'hidden_continuous_size': 5, 'attention_head_size': 1, 'learning_rate': 0.017892787471615566}. Best is trial 20 with value: 45.614864349365234.
LOCAL_RANK: 0 - CUDA_VISIBLE_DEVICES: [0]
[I 2023-12-16 03:44:45,965] Trial 25 finished with value: 230.4108428955078 and parameters: {'gradient_clip_val': 0.11978918404882775, 'hidden_size': 9, 'dropout': 0.23982960670030698, 'hidden_continuous_size': 6, 'attention_head_size': 2, 'learning_rate': 0.029481313817015947}. Best is trial 20 with value: 45.614864349365234.
LOCAL_RANK: 0 - CUDA_VISIBLE_DEVICES: [0]
[I 2023-12-16 03:45:30,880] Trial 26 finished with value: 159.6867218017578 and parameters: {'gradient_clip_val': 0.13725872981027298, 'hidden_size': 13, 'dropout': 0.19824169895339805, 'hidden_continuous_size': 7, 'attention_head_size': 1, 'learning_rate': 0.014835952116022465}. Best is trial 20 with value: 45.614864349365234.
LOCAL_RANK: 0 - CUDA_VISIBLE_DEVICES: [0]
[I 2023-12-16 03:46:15,839] Trial 27 finished with value: 81.7022705078125 and parameters: {'gradient_clip_val': 0.16828720300985542, 'hidden_size': 7, 'dropout': 0.172133915419901, 'hidden_continuous_size': 5, 'attention_head_size': 2, 'learning_rate': 0.0072011694702721445}. Best is trial 20 with value: 45.614864349365234.
LOCAL_RANK: 0 - CUDA_VISIBLE_DEVICES: [0]
[I 2023-12-16 03:47:00,396] Trial 28 finished with value: 199.84107971191406 and parameters: {'gradient_clip_val': 0.2510226916359524, 'hidden_size': 10, 'dropout': 0.21376269655192062, 'hidden_continuous_size': 6, 'attention_head_size': 1, 'learning_rate': 0.052268578160718226}. Best is trial 20 with value: 45.614864349365234.
LOCAL_RANK: 0 - CUDA_VISIBLE_DEVICES: [0]
[I 2023-12-16 03:47:45,719] Trial 29 finished with value: 165.01942443847656 and parameters: {'gradient_clip_val': 0.23680594319962514, 'hidden_size': 9, 'dropout': 0.2513724201025295, 'hidden_continuous_size': 7, 'attention_head_size': 3, 'learning_rate': 0.001225437320833977}. Best is trial 20 with value: 45.614864349365234.
LOCAL_RANK: 0 - CUDA_VISIBLE_DEVICES: [0]
[I 2023-12-16 03:48:31,281] Trial 30 finished with value: 158.64918518066406 and parameters: {'gradient_clip_val': 0.1282380134005667, 'hidden_size': 13, 'dropout': 0.23598997484778528, 'hidden_continuous_size': 9, 'attention_head_size': 2, 'learning_rate': 0.09454657256369432}. Best is trial 20 with value: 45.614864349365234.
LOCAL_RANK: 0 - CUDA_VISIBLE_DEVICES: [0]
[I 2023-12-16 03:49:15,940] Trial 31 finished with value: 138.90480041503906 and parameters: {'gradient_clip_val': 0.17893829969843214, 'hidden_size': 6, 'dropout': 0.13416267511709062, 'hidden_continuous_size': 5, 'attention_head_size': 1, 'learning_rate': 0.015218580642220758}. Best is trial 20 with value: 45.614864349365234.
LOCAL_RANK: 0 - CUDA_VISIBLE_DEVICES: [0]
[I 2023-12-16 03:50:00,156] Trial 32 finished with value: 50.83418273925781 and parameters: {'gradient_clip_val': 0.1910671983540536, 'hidden_size': 6, 'dropout': 0.14702535700287436, 'hidden_continuous_size': 5, 'attention_head_size': 1, 'learning_rate': 0.02216233223801635}. Best is trial 20 with value: 45.614864349365234.
LOCAL_RANK: 0 - CUDA_VISIBLE_DEVICES: [0]
[I 2023-12-16 03:50:43,580] Trial 33 finished with value: 80.70181274414062 and parameters: {'gradient_clip_val': 0.2058844404548478, 'hidden_size': 8, 'dropout': 0.16132495751689727, 'hidden_continuous_size': 6, 'attention_head_size': 1, 'learning_rate': 0.025344262124281855}. Best is trial 20 with value: 45.614864349365234.
LOCAL_RANK: 0 - CUDA_VISIBLE_DEVICES: [0]
[I 2023-12-16 03:51:28,037] Trial 34 finished with value: 156.48321533203125 and parameters: {'gradient_clip_val': 0.1623137645604401, 'hidden_size': 6, 'dropout': 0.18956091432552236, 'hidden_continuous_size': 5, 'attention_head_size': 1, 'learning_rate': 0.04411313335274773}. Best is trial 20 with value: 45.614864349365234.
LOCAL_RANK: 0 - CUDA_VISIBLE_DEVICES: [0]
[I 2023-12-16 03:52:12,591] Trial 35 finished with value: 66.0079345703125 and parameters: {'gradient_clip_val': 0.24497597676578323, 'hidden_size': 7, 'dropout': 0.15869438397328062, 'hidden_continuous_size': 5, 'attention_head_size': 1, 'learning_rate': 0.01163787215211076}. Best is trial 20 with value: 45.614864349365234.
LOCAL_RANK: 0 - CUDA_VISIBLE_DEVICES: [0]
[I 2023-12-16 03:52:56,818] Trial 36 finished with value: 266.5191345214844 and parameters: {'gradient_clip_val': 0.2641686938700975, 'hidden_size': 7, 'dropout': 0.1283789310719824, 'hidden_continuous_size': 5, 'attention_head_size': 1, 'learning_rate': 0.03864728840969388}. Best is trial 20 with value: 45.614864349365234.
LOCAL_RANK: 0 - CUDA_VISIBLE_DEVICES: [0]
[I 2023-12-16 03:53:30,147] Trial 37 finished with value: 63.28081130981445 and parameters: {'gradient_clip_val': 0.3243892790140855, 'hidden_size': 5, 'dropout': 0.15255815793075736, 'hidden_continuous_size': 5, 'attention_head_size': 1, 'learning_rate': 0.06000417237998959}. Best is trial 20 with value: 45.614864349365234.
LOCAL_RANK: 0 - CUDA_VISIBLE_DEVICES: [0]
[I 2023-12-16 03:54:03,565] Trial 38 finished with value: 139.4745635986328 and parameters: {'gradient_clip_val': 0.3455781267357986, 'hidden_size': 5, 'dropout': 0.12451212714840118, 'hidden_continuous_size': 5, 'attention_head_size': 1, 'learning_rate': 0.06373783493753851}. Best is trial 20 with value: 45.614864349365234.
LOCAL_RANK: 0 - CUDA_VISIBLE_DEVICES: [0]
[I 2023-12-16 03:54:47,759] Trial 39 finished with value: 161.54405212402344 and parameters: {'gradient_clip_val': 0.34403996276726523, 'hidden_size': 6, 'dropout': 0.1484752988892887, 'hidden_continuous_size': 5, 'attention_head_size': 1, 'learning_rate': 0.056810149606154374}. Best is trial 20 with value: 45.614864349365234.
LOCAL_RANK: 0 - CUDA_VISIBLE_DEVICES: [0]
[I 2023-12-16 03:55:34,396] Trial 40 finished with value: 111.3016128540039 and parameters: {'gradient_clip_val': 0.4380923373336655, 'hidden_size': 24, 'dropout': 0.10216931594721228, 'hidden_continuous_size': 7, 'attention_head_size': 1, 'learning_rate': 0.076976723542623}. Best is trial 20 with value: 45.614864349365234.
LOCAL_RANK: 0 - CUDA_VISIBLE_DEVICES: [0]
[I 2023-12-16 03:56:18,610] Trial 41 finished with value: 230.3549041748047 and parameters: {'gradient_clip_val': 0.2302164147291193, 'hidden_size': 6, 'dropout': 0.16036467709237295, 'hidden_continuous_size': 5, 'attention_head_size': 1, 'learning_rate': 0.04344592652193598}. Best is trial 20 with value: 45.614864349365234.
LOCAL_RANK: 0 - CUDA_VISIBLE_DEVICES: [0]
[I 2023-12-16 03:57:02,981] Trial 42 finished with value: 182.239013671875 and parameters: {'gradient_clip_val': 0.27321782034615827, 'hidden_size': 7, 'dropout': 0.1504327168707489, 'hidden_continuous_size': 5, 'attention_head_size': 1, 'learning_rate': 0.012836710699724824}. Best is trial 20 with value: 45.614864349365234.
LOCAL_RANK: 0 - CUDA_VISIBLE_DEVICES: [0]
[I 2023-12-16 03:57:36,849] Trial 43 finished with value: 308.3735656738281 and parameters: {'gradient_clip_val': 0.24130953040091976, 'hidden_size': 5, 'dropout': 0.17430965066227655, 'hidden_continuous_size': 5, 'attention_head_size': 1, 'learning_rate': 0.09991724329661243}. Best is trial 20 with value: 45.614864349365234.
LOCAL_RANK: 0 - CUDA_VISIBLE_DEVICES: [0]
[I 2023-12-16 03:58:21,442] Trial 44 finished with value: 151.12498474121094 and parameters: {'gradient_clip_val': 0.2970213110885178, 'hidden_size': 9, 'dropout': 0.12106624471414762, 'hidden_continuous_size': 6, 'attention_head_size': 1, 'learning_rate': 0.05840235660217963}. Best is trial 20 with value: 45.614864349365234.
LOCAL_RANK: 0 - CUDA_VISIBLE_DEVICES: [0]
[I 2023-12-16 03:59:05,139] Trial 45 finished with value: 185.8243865966797 and parameters: {'gradient_clip_val': 0.21439925347609914, 'hidden_size': 8, 'dropout': 0.135327277619183, 'hidden_continuous_size': 5, 'attention_head_size': 2, 'learning_rate': 0.010114430326601934}. Best is trial 20 with value: 45.614864349365234.
LOCAL_RANK: 0 - CUDA_VISIBLE_DEVICES: [0]
[I 2023-12-16 03:59:38,425] Trial 46 finished with value: 280.065185546875 and parameters: {'gradient_clip_val': 0.1951934751463726, 'hidden_size': 5, 'dropout': 0.1947182742868751, 'hidden_continuous_size': 5, 'attention_head_size': 1, 'learning_rate': 0.0341210757633338}. Best is trial 20 with value: 45.614864349365234.
LOCAL_RANK: 0 - CUDA_VISIBLE_DEVICES: [0]
[I 2023-12-16 04:00:22,700] Trial 47 finished with value: 191.93177795410156 and parameters: {'gradient_clip_val': 0.28406342930042133, 'hidden_size': 6, 'dropout': 0.2095647732446726, 'hidden_continuous_size': 5, 'attention_head_size': 1, 'learning_rate': 0.022879126043192966}. Best is trial 20 with value: 45.614864349365234.
LOCAL_RANK: 0 - CUDA_VISIBLE_DEVICES: [0]
[I 2023-12-16 04:01:07,296] Trial 48 finished with value: 51.49350357055664 and parameters: {'gradient_clip_val': 0.2582023234334898, 'hidden_size': 7, 'dropout': 0.11303562306543294, 'hidden_continuous_size': 5, 'attention_head_size': 1, 'learning_rate': 0.02542937461831008}. Best is trial 20 with value: 45.614864349365234.
LOCAL_RANK: 0 - CUDA_VISIBLE_DEVICES: [0]
[I 2023-12-16 04:01:51,259] Trial 49 finished with value: 138.7040252685547 and parameters: {'gradient_clip_val': 0.20441582538208644, 'hidden_size': 12, 'dropout': 0.11122156769618113, 'hidden_continuous_size': 6, 'attention_head_size': 2, 'learning_rate': 0.049103470847763266}. Best is trial 20 with value: 45.614864349365234.
[I 2023-12-16 04:01:51,349] A new study created in memory with name: no-name-95313c76-ebb0-4a77-9f30-1987bd841df5
/home/le004/conda/anaconda3/envs/tsff_env/lib/python3.9/site-packages/lightning/fabric/plugins/environments/slurm.py:191: The `srun` command is available on your system but is not used. HINT: If your intention is to run Lightning on SLURM, prepend your python command with `srun` like so: srun python /home/le004/master_thesis/git/TSFusionForecast/code/ ...
LOCAL_RANK: 0 - CUDA_VISIBLE_DEVICES: [0]
[I 2023-12-16 04:02:40,596] Trial 0 finished with value: 35.8153076171875 and parameters: {'gradient_clip_val': 0.8268074104283938, 'hidden_size': 22, 'dropout': 0.13989027349678157, 'hidden_continuous_size': 9, 'attention_head_size': 4, 'learning_rate': 0.000670884359540662}. Best is trial 0 with value: 35.8153076171875.
LOCAL_RANK: 0 - CUDA_VISIBLE_DEVICES: [0]
[I 2023-12-16 04:03:33,638] Trial 1 finished with value: 79.40792083740234 and parameters: {'gradient_clip_val': 0.13200759262023676, 'hidden_size': 71, 'dropout': 0.3273307201556849, 'hidden_continuous_size': 10, 'attention_head_size': 2, 'learning_rate': 0.041106905019474275}. Best is trial 0 with value: 35.8153076171875.
LOCAL_RANK: 0 - CUDA_VISIBLE_DEVICES: [0]
[I 2023-12-16 04:04:07,506] Trial 2 finished with value: 34.76774597167969 and parameters: {'gradient_clip_val': 0.7258812462270746, 'hidden_size': 5, 'dropout': 0.17827360750022087, 'hidden_continuous_size': 5, 'attention_head_size': 2, 'learning_rate': 0.007842975753587951}. Best is trial 2 with value: 34.76774597167969.
LOCAL_RANK: 0 - CUDA_VISIBLE_DEVICES: [0]
[I 2023-12-16 04:05:00,238] Trial 3 finished with value: 45.75938034057617 and parameters: {'gradient_clip_val': 0.994122226540238, 'hidden_size': 38, 'dropout': 0.3090126260825371, 'hidden_continuous_size': 28, 'attention_head_size': 3, 'learning_rate': 0.002264122323918127}. Best is trial 2 with value: 34.76774597167969.
LOCAL_RANK: 0 - CUDA_VISIBLE_DEVICES: [0]
[I 2023-12-16 04:05:54,754] Trial 4 finished with value: 68.9115982055664 and parameters: {'gradient_clip_val': 0.1470921744946595, 'hidden_size': 90, 'dropout': 0.11932723163725627, 'hidden_continuous_size': 10, 'attention_head_size': 3, 'learning_rate': 0.008809008997854575}. Best is trial 2 with value: 34.76774597167969.
LOCAL_RANK: 0 - CUDA_VISIBLE_DEVICES: [0]
[I 2023-12-16 04:06:48,762] Trial 5 finished with value: 65.18195343017578 and parameters: {'gradient_clip_val': 0.6146469852369371, 'hidden_size': 71, 'dropout': 0.17920300654615892, 'hidden_continuous_size': 18, 'attention_head_size': 4, 'learning_rate': 0.002768004057566703}. Best is trial 2 with value: 34.76774597167969.
LOCAL_RANK: 0 - CUDA_VISIBLE_DEVICES: [0]
[I 2023-12-16 04:07:33,502] Trial 6 finished with value: 53.36798095703125 and parameters: {'gradient_clip_val': 0.28692016652183244, 'hidden_size': 11, 'dropout': 0.30242473726537156, 'hidden_continuous_size': 5, 'attention_head_size': 1, 'learning_rate': 0.02695451015952442}. Best is trial 2 with value: 34.76774597167969.
LOCAL_RANK: 0 - CUDA_VISIBLE_DEVICES: [0]
[I 2023-12-16 04:08:23,573] Trial 7 finished with value: 83.98835754394531 and parameters: {'gradient_clip_val': 0.9066444259488444, 'hidden_size': 37, 'dropout': 0.11407116321718509, 'hidden_continuous_size': 9, 'attention_head_size': 3, 'learning_rate': 0.0427538704768319}. Best is trial 2 with value: 34.76774597167969.
LOCAL_RANK: 0 - CUDA_VISIBLE_DEVICES: [0]
[I 2023-12-16 04:09:13,875] Trial 8 finished with value: 53.6595344543457 and parameters: {'gradient_clip_val': 0.1553545062898335, 'hidden_size': 38, 'dropout': 0.15421532264424778, 'hidden_continuous_size': 10, 'attention_head_size': 2, 'learning_rate': 0.004566597507856924}. Best is trial 2 with value: 34.76774597167969.
LOCAL_RANK: 0 - CUDA_VISIBLE_DEVICES: [0]
[I 2023-12-16 04:10:12,397] Trial 9 finished with value: 83.46270751953125 and parameters: {'gradient_clip_val': 0.22385540680077293, 'hidden_size': 95, 'dropout': 0.20091681965862074, 'hidden_continuous_size': 94, 'attention_head_size': 3, 'learning_rate': 0.016609701854869104}. Best is trial 2 with value: 34.76774597167969.
LOCAL_RANK: 0 - CUDA_VISIBLE_DEVICES: [0]
[I 2023-12-16 04:10:56,746] Trial 10 finished with value: 56.07088088989258 and parameters: {'gradient_clip_val': 0.5002679531149126, 'hidden_size': 6, 'dropout': 0.23714557382149234, 'hidden_continuous_size': 5, 'attention_head_size': 1, 'learning_rate': 0.07813010533717653}. Best is trial 2 with value: 34.76774597167969.
LOCAL_RANK: 0 - CUDA_VISIBLE_DEVICES: [0]
[I 2023-12-16 04:11:42,684] Trial 11 finished with value: 74.50445556640625 and parameters: {'gradient_clip_val': 0.5261319880140438, 'hidden_size': 13, 'dropout': 0.3835621306288651, 'hidden_continuous_size': 6, 'attention_head_size': 4, 'learning_rate': 0.0006377443610106763}. Best is trial 2 with value: 34.76774597167969.
LOCAL_RANK: 0 - CUDA_VISIBLE_DEVICES: [0]
[I 2023-12-16 04:12:16,132] Trial 12 finished with value: 161.76380920410156 and parameters: {'gradient_clip_val': 0.7496854416653692, 'hidden_size': 5, 'dropout': 0.15011860726473578, 'hidden_continuous_size': 5, 'attention_head_size': 2, 'learning_rate': 0.0005648412638660215}. Best is trial 2 with value: 34.76774597167969.
LOCAL_RANK: 0 - CUDA_VISIBLE_DEVICES: [0]
[I 2023-12-16 04:13:03,602] Trial 13 finished with value: 42.6905517578125 and parameters: {'gradient_clip_val': 0.42316849046624283, 'hidden_size': 17, 'dropout': 0.2092423584652698, 'hidden_continuous_size': 7, 'attention_head_size': 4, 'learning_rate': 0.001371599404670802}. Best is trial 2 with value: 34.76774597167969.
LOCAL_RANK: 0 - CUDA_VISIBLE_DEVICES: [0]
[I 2023-12-16 04:13:47,512] Trial 14 finished with value: 30.75374412536621 and parameters: {'gradient_clip_val': 0.7385321069807134, 'hidden_size': 8, 'dropout': 0.16128615424913498, 'hidden_continuous_size': 5, 'attention_head_size': 2, 'learning_rate': 0.008393246376977227}. Best is trial 14 with value: 30.75374412536621.
LOCAL_RANK: 0 - CUDA_VISIBLE_DEVICES: [0]
[I 2023-12-16 04:14:32,462] Trial 15 finished with value: 29.03009033203125 and parameters: {'gradient_clip_val': 0.6541690968096551, 'hidden_size': 7, 'dropout': 0.18108350207003363, 'hidden_continuous_size': 5, 'attention_head_size': 2, 'learning_rate': 0.008041261803115589}. Best is trial 15 with value: 29.03009033203125.
LOCAL_RANK: 0 - CUDA_VISIBLE_DEVICES: [0]
[I 2023-12-16 04:15:15,540] Trial 16 finished with value: 42.47101593017578 and parameters: {'gradient_clip_val': 0.3817919436992809, 'hidden_size': 8, 'dropout': 0.22957443059188617, 'hidden_continuous_size': 5, 'attention_head_size': 1, 'learning_rate': 0.008224044888515457}. Best is trial 15 with value: 29.03009033203125.
LOCAL_RANK: 0 - CUDA_VISIBLE_DEVICES: [0]
[I 2023-12-16 04:15:59,145] Trial 17 finished with value: 42.606964111328125 and parameters: {'gradient_clip_val': 0.5840861220368229, 'hidden_size': 8, 'dropout': 0.26016948249653005, 'hidden_continuous_size': 5, 'attention_head_size': 2, 'learning_rate': 0.014031194489030776}. Best is trial 15 with value: 29.03009033203125.
LOCAL_RANK: 0 - CUDA_VISIBLE_DEVICES: [0]
[I 2023-12-16 04:16:42,533] Trial 18 finished with value: 54.87266540527344 and parameters: {'gradient_clip_val': 0.6713946417086601, 'hidden_size': 8, 'dropout': 0.10363615074995322, 'hidden_continuous_size': 5, 'attention_head_size': 1, 'learning_rate': 0.01420569643169949}. Best is trial 15 with value: 29.03009033203125.
LOCAL_RANK: 0 - CUDA_VISIBLE_DEVICES: [0]
[I 2023-12-16 04:17:27,323] Trial 19 finished with value: 39.779937744140625 and parameters: {'gradient_clip_val': 0.9669623541827075, 'hidden_size': 7, 'dropout': 0.17854215998018952, 'hidden_continuous_size': 5, 'attention_head_size': 2, 'learning_rate': 0.004516044924369002}. Best is trial 15 with value: 29.03009033203125.
LOCAL_RANK: 0 - CUDA_VISIBLE_DEVICES: [0]
[I 2023-12-16 04:18:12,884] Trial 20 finished with value: 29.371238708496094 and parameters: {'gradient_clip_val': 0.4962647360642847, 'hidden_size': 11, 'dropout': 0.14205620792461263, 'hidden_continuous_size': 6, 'attention_head_size': 3, 'learning_rate': 0.005675550879788721}. Best is trial 15 with value: 29.03009033203125.
LOCAL_RANK: 0 - CUDA_VISIBLE_DEVICES: [0]
[I 2023-12-16 04:18:58,474] Trial 21 finished with value: 40.38370132446289 and parameters: {'gradient_clip_val': 0.4579632917270169, 'hidden_size': 11, 'dropout': 0.144117571684613, 'hidden_continuous_size': 6, 'attention_head_size': 3, 'learning_rate': 0.005501478579593482}. Best is trial 15 with value: 29.03009033203125.
LOCAL_RANK: 0 - CUDA_VISIBLE_DEVICES: [0]
[I 2023-12-16 04:19:43,642] Trial 22 finished with value: 47.116943359375 and parameters: {'gradient_clip_val': 0.623495281044435, 'hidden_size': 10, 'dropout': 0.13039614337827135, 'hidden_continuous_size': 6, 'attention_head_size': 2, 'learning_rate': 0.011368271571740316}. Best is trial 15 with value: 29.03009033203125.
LOCAL_RANK: 0 - CUDA_VISIBLE_DEVICES: [0]
