[I 2023-12-26 16:49:43,990] Trial 3 finished with value: 3.332474708557129 and parameters: {'gradient_clip_val': 0.5499506956882207, 'hidden_size': 31, 'dropout': 0.4499128064501673, 'hidden_continuous_size': 13, 'attention_head_size': 3, 'learning_rate': 0.0213413342381538}. Best is trial 0 with value: 0.07769656181335449.
[I 2023-12-26 16:49:47,096] Trial 4 finished with value: 2.7646141052246094 and parameters: {'gradient_clip_val': 0.41326722431413987, 'hidden_size': 42, 'dropout': 0.4962901859636676, 'hidden_continuous_size': 6, 'attention_head_size': 4, 'learning_rate': 0.0005036934989501912}. Best is trial 0 with value: 0.07769656181335449.
[I 2023-12-26 16:49:48,817] Trial 5 finished with value: 2.626286745071411 and parameters: {'gradient_clip_val': 0.9551136533282113, 'hidden_size': 5, 'dropout': 0.4447260168194834, 'hidden_continuous_size': 5, 'attention_head_size': 3, 'learning_rate': 0.02942757417371939}. Best is trial 0 with value: 0.07769656181335449.
[I 2023-12-26 16:49:54,412] Trial 6 finished with value: 2.940797805786133 and parameters: {'gradient_clip_val': 0.16052096016741513, 'hidden_size': 78, 'dropout': 0.33334120473728507, 'hidden_continuous_size': 66, 'attention_head_size': 3, 'learning_rate': 0.03588201322694998}. Best is trial 0 with value: 0.07769656181335449.
[I 2023-12-26 16:50:05,416] Trial 7 finished with value: 1.4891473054885864 and parameters: {'gradient_clip_val': 0.44713416928964933, 'hidden_size': 140, 'dropout': 0.4688217400008906, 'hidden_continuous_size': 92, 'attention_head_size': 4, 'learning_rate': 0.06744372940076651}. Best is trial 0 with value: 0.07769656181335449.
[I 2023-12-26 16:50:07,598] Trial 8 finished with value: 3.021569013595581 and parameters: {'gradient_clip_val': 0.19733476078345835, 'hidden_size': 21, 'dropout': 0.42570023624317777, 'hidden_continuous_size': 13, 'attention_head_size': 1, 'learning_rate': 0.00451918522346093}. Best is trial 0 with value: 0.07769656181335449.
[I 2023-12-26 16:50:09,427] Trial 9 finished with value: 2.907665967941284 and parameters: {'gradient_clip_val': 0.8355896216124322, 'hidden_size': 8, 'dropout': 0.11736947824300709, 'hidden_continuous_size': 7, 'attention_head_size': 3, 'learning_rate': 0.01599685313030219}. Best is trial 0 with value: 0.07769656181335449.
[I 2023-12-26 16:50:11,483] Trial 10 finished with value: 3.2683537006378174 and parameters: {'gradient_clip_val': 0.10797486149977696, 'hidden_size': 13, 'dropout': 0.26502462154306405, 'hidden_continuous_size': 5, 'attention_head_size': 2, 'learning_rate': 0.0844626360581254}. Best is trial 0 with value: 0.07769656181335449.
[I 2023-12-26 16:50:19,706] Trial 11 finished with value: 2.18588924407959 and parameters: {'gradient_clip_val': 0.29053219286257637, 'hidden_size': 127, 'dropout': 0.4897276585351873, 'hidden_continuous_size': 38, 'attention_head_size': 4, 'learning_rate': 0.09388243203544085}. Best is trial 0 with value: 0.07769656181335449.
[I 2023-12-26 16:50:23,453] Trial 12 finished with value: 2.8377816677093506 and parameters: {'gradient_clip_val': 0.2923079936614538, 'hidden_size': 56, 'dropout': 0.4923804239874693, 'hidden_continuous_size': 24, 'attention_head_size': 4, 'learning_rate': 0.055218702855127005}. Best is trial 0 with value: 0.07769656181335449.
[I 2023-12-26 16:50:27,229] Trial 13 finished with value: 2.535987615585327 and parameters: {'gradient_clip_val': 0.4432623212735364, 'hidden_size': 61, 'dropout': 0.3705437884679922, 'hidden_continuous_size': 8, 'attention_head_size': 2, 'learning_rate': 0.012392759986108308}. Best is trial 0 with value: 0.07769656181335449.
[I 2023-12-26 16:50:37,605] Trial 14 finished with value: 1.4387010335922241 and parameters: {'gradient_clip_val': 0.23339436909784536, 'hidden_size': 143, 'dropout': 0.3919737832603239, 'hidden_continuous_size': 136, 'attention_head_size': 4, 'learning_rate': 0.047851462690737825}. Best is trial 0 with value: 0.07769656181335449.
[I 2023-12-26 16:50:40,062] Trial 15 finished with value: 3.075291633605957 and parameters: {'gradient_clip_val': 0.23250320543430072, 'hidden_size': 33, 'dropout': 0.385442653000114, 'hidden_continuous_size': 10, 'attention_head_size': 2, 'learning_rate': 0.04097178866376254}. Best is trial 0 with value: 0.07769656181335449.
[I 2023-12-26 16:50:44,563] Trial 16 finished with value: 2.14098858833313 and parameters: {'gradient_clip_val': 0.2360513700883402, 'hidden_size': 80, 'dropout': 0.4006508761895685, 'hidden_continuous_size': 21, 'attention_head_size': 4, 'learning_rate': 0.04307339643152962}. Best is trial 0 with value: 0.07769656181335449.
[I 2023-12-26 16:50:47,442] Trial 17 finished with value: 2.738142251968384 and parameters: {'gradient_clip_val': 0.10731172909051641, 'hidden_size': 45, 'dropout': 0.27735655081868077, 'hidden_continuous_size': 9, 'attention_head_size': 3, 'learning_rate': 0.0881130687090123}. Best is trial 0 with value: 0.07769656181335449.
[I 2023-12-26 16:50:49,862] Trial 18 finished with value: 2.5308072566986084 and parameters: {'gradient_clip_val': 0.14920628051191231, 'hidden_size': 29, 'dropout': 0.4517131330782013, 'hidden_continuous_size': 7, 'attention_head_size': 4, 'learning_rate': 0.00984470616629657}. Best is trial 0 with value: 0.07769656181335449.
[I 2023-12-26 16:50:55,373] Trial 19 finished with value: 2.331153154373169 and parameters: {'gradient_clip_val': 0.3374849216786835, 'hidden_size': 90, 'dropout': 0.40568103808893513, 'hidden_continuous_size': 36, 'attention_head_size': 3, 'learning_rate': 0.0241850493097958}. Best is trial 0 with value: 0.07769656181335449.
[I 2023-12-26 16:51:07,085] Trial 20 finished with value: 1.9939173460006714 and parameters: {'gradient_clip_val': 0.21010941274070957, 'hidden_size': 148, 'dropout': 0.3611009755247662, 'hidden_continuous_size': 145, 'attention_head_size': 2, 'learning_rate': 0.05272454375312188}. Best is trial 0 with value: 0.07769656181335449.
[I 2023-12-26 16:51:16,562] Trial 21 finished with value: 1.7469488382339478 and parameters: {'gradient_clip_val': 0.3282216609932422, 'hidden_size': 106, 'dropout': 0.46168738982864765, 'hidden_continuous_size': 67, 'attention_head_size': 4, 'learning_rate': 0.05830478968360515}. Best is trial 0 with value: 0.07769656181335449.
[I 2023-12-26 16:51:29,464] Trial 22 finished with value: 1.8587435483932495 and parameters: {'gradient_clip_val': 0.25845262598536106, 'hidden_size': 147, 'dropout': 0.4707153039167409, 'hidden_continuous_size': 134, 'attention_head_size': 4, 'learning_rate': 0.09094568240266544}. Best is trial 0 with value: 0.07769656181335449.
[I 2023-12-26 16:51:34,607] Trial 23 finished with value: 2.3521368503570557 and parameters: {'gradient_clip_val': 0.38334183844193337, 'hidden_size': 70, 'dropout': 0.49803404840682847, 'hidden_continuous_size': 11, 'attention_head_size': 4, 'learning_rate': 0.026540167925056358}. Best is trial 0 with value: 0.07769656181335449.
[I 2023-12-26 16:51:43,716] Trial 24 finished with value: 1.9119426012039185 and parameters: {'gradient_clip_val': 0.5016792897106269, 'hidden_size': 109, 'dropout': 0.42698915261357034, 'hidden_continuous_size': 61, 'attention_head_size': 3, 'learning_rate': 0.06182447169096071}. Best is trial 0 with value: 0.07769656181335449.
[I 2023-12-26 16:51:49,899] Trial 25 finished with value: 3.0150768756866455 and parameters: {'gradient_clip_val': 0.1848525679261193, 'hidden_size': 93, 'dropout': 0.46542555436177924, 'hidden_continuous_size': 28, 'attention_head_size': 4, 'learning_rate': 0.042957753932580486}. Best is trial 0 with value: 0.07769656181335449.
[I 2023-12-26 16:51:54,342] Trial 26 finished with value: 2.49554443359375 and parameters: {'gradient_clip_val': 0.2736880634137466, 'hidden_size': 57, 'dropout': 0.4235895149072544, 'hidden_continuous_size': 21, 'attention_head_size': 3, 'learning_rate': 0.019929767192181983}. Best is trial 0 with value: 0.07769656181335449.
[I 2023-12-26 16:52:07,057] Trial 27 finished with value: 2.085314989089966 and parameters: {'gradient_clip_val': 0.33257035213451197, 'hidden_size': 149, 'dropout': 0.47023364684928115, 'hidden_continuous_size': 116, 'attention_head_size': 4, 'learning_rate': 0.03409820017609929}. Best is trial 0 with value: 0.07769656181335449.
[I 2023-12-26 16:52:14,879] Trial 28 finished with value: 2.4987103939056396 and parameters: {'gradient_clip_val': 0.24249565314567775, 'hidden_size': 93, 'dropout': 0.40366292793269487, 'hidden_continuous_size': 17, 'attention_head_size': 4, 'learning_rate': 0.06756138533903289}. Best is trial 0 with value: 0.07769656181335449.
[I 2023-12-26 16:52:21,621] Trial 29 finished with value: 2.072796583175659 and parameters: {'gradient_clip_val': 0.16679579113784537, 'hidden_size': 71, 'dropout': 0.34636467021141476, 'hidden_continuous_size': 53, 'attention_head_size': 3, 'learning_rate': 0.06401639121485667}. Best is trial 0 with value: 0.07769656181335449.
[I 2023-12-26 16:52:30,975] Trial 30 finished with value: 2.062535047531128 and parameters: {'gradient_clip_val': 0.13430953711703325, 'hidden_size': 109, 'dropout': 0.4362238811456823, 'hidden_continuous_size': 84, 'attention_head_size': 2, 'learning_rate': 0.03064561052818831}. Best is trial 0 with value: 0.07769656181335449.
[I 2023-12-26 16:52:39,441] Trial 31 finished with value: 1.61190664768219 and parameters: {'gradient_clip_val': 0.3415622619543695, 'hidden_size': 115, 'dropout': 0.47088363018127327, 'hidden_continuous_size': 89, 'attention_head_size': 4, 'learning_rate': 0.09610274386237981}. Best is trial 0 with value: 0.07769656181335449.
[I 2023-12-26 16:52:50,266] Trial 32 finished with value: 1.825140118598938 and parameters: {'gradient_clip_val': 0.20820201145239917, 'hidden_size': 122, 'dropout': 0.4759254644813157, 'hidden_continuous_size': 92, 'attention_head_size': 4, 'learning_rate': 0.0878067089944743}. Best is trial 0 with value: 0.07769656181335449.
[I 2023-12-26 16:52:59,016] Trial 33 finished with value: 2.1842756271362305 and parameters: {'gradient_clip_val': 0.3752094381641632, 'hidden_size': 106, 'dropout': 0.44808514297230206, 'hidden_continuous_size': 86, 'attention_head_size': 4, 'learning_rate': 0.0968807972090288}. Best is trial 0 with value: 0.07769656181335449.
[I 2023-12-26 16:53:01,931] Trial 34 finished with value: 2.127478837966919 and parameters: {'gradient_clip_val': 0.28515127870499174, 'hidden_size': 44, 'dropout': 0.49820719410774544, 'hidden_continuous_size': 12, 'attention_head_size': 4, 'learning_rate': 0.049172790673626246}. Best is trial 0 with value: 0.07769656181335449.
[I 2023-12-26 16:53:11,168] Trial 35 finished with value: 3.622732400894165 and parameters: {'gradient_clip_val': 0.47397468213517296, 'hidden_size': 127, 'dropout': 0.446322675781747, 'hidden_continuous_size': 107, 'attention_head_size': 1, 'learning_rate': 0.0020257539502446112}. Best is trial 0 with value: 0.07769656181335449.
[I 2023-12-26 16:53:13,553] Trial 36 finished with value: 2.9418370723724365 and parameters: {'gradient_clip_val': 0.37503400832635847, 'hidden_size': 23, 'dropout': 0.4755683143139985, 'hidden_continuous_size': 14, 'attention_head_size': 3, 'learning_rate': 0.06986644194937755}. Best is trial 0 with value: 0.07769656181335449.
[I 2023-12-26 16:53:15,705] Trial 37 finished with value: 2.7730233669281006 and parameters: {'gradient_clip_val': 0.22217371496249264, 'hidden_size': 17, 'dropout': 0.4391718161367388, 'hidden_continuous_size': 10, 'attention_head_size': 4, 'learning_rate': 0.038350664431790256}. Best is trial 0 with value: 0.07769656181335449.
[I 2023-12-26 16:53:21,258] Trial 38 finished with value: 2.2502191066741943 and parameters: {'gradient_clip_val': 0.5991092643281197, 'hidden_size': 84, 'dropout': 0.4078437907452914, 'hidden_continuous_size': 72, 'attention_head_size': 3, 'learning_rate': 0.07089013552824862}. Best is trial 0 with value: 0.07769656181335449.
[I 2023-12-26 16:53:23,923] Trial 39 finished with value: 3.2414932250976562 and parameters: {'gradient_clip_val': 0.17740094717011556, 'hidden_size': 37, 'dropout': 0.457776774564992, 'hidden_continuous_size': 16, 'attention_head_size': 3, 'learning_rate': 0.018160779942237124}. Best is trial 0 with value: 0.07769656181335449.
[I 2023-12-26 16:53:27,282] Trial 40 finished with value: 2.0593459606170654 and parameters: {'gradient_clip_val': 0.19525615758121892, 'hidden_size': 52, 'dropout': 0.48134926865173233, 'hidden_continuous_size': 45, 'attention_head_size': 4, 'learning_rate': 0.028598893156787913}. Best is trial 0 with value: 0.07769656181335449.
[I 2023-12-26 16:53:34,329] Trial 41 finished with value: 2.275752067565918 and parameters: {'gradient_clip_val': 0.3182840976250832, 'hidden_size': 105, 'dropout': 0.45627082124773094, 'hidden_continuous_size': 76, 'attention_head_size': 4, 'learning_rate': 0.052722092441607256}. Best is trial 0 with value: 0.07769656181335449.
[I 2023-12-26 16:53:42,960] Trial 42 finished with value: 2.5701632499694824 and parameters: {'gradient_clip_val': 0.2574354941560298, 'hidden_size': 128, 'dropout': 0.4976208708336993, 'hidden_continuous_size': 101, 'attention_head_size': 4, 'learning_rate': 0.07098415558061613}. Best is trial 0 with value: 0.07769656181335449.
[I 2023-12-26 16:53:47,541] Trial 43 finished with value: 2.329963207244873 and parameters: {'gradient_clip_val': 0.31742098918075473, 'hidden_size': 70, 'dropout': 0.4281669903843933, 'hidden_continuous_size': 58, 'attention_head_size': 4, 'learning_rate': 0.05017010583648655}. Best is trial 0 with value: 0.07769656181335449.
[I 2023-12-26 16:53:54,002] Trial 44 finished with value: 2.731870412826538 and parameters: {'gradient_clip_val': 0.4051945452233222, 'hidden_size': 95, 'dropout': 0.47467697924572677, 'hidden_continuous_size': 73, 'attention_head_size': 4, 'learning_rate': 0.0340317957930509}. Best is trial 0 with value: 0.07769656181335449.
[I 2023-12-26 16:54:02,550] Trial 45 finished with value: 2.3489561080932617 and parameters: {'gradient_clip_val': 0.3532060915886568, 'hidden_size': 126, 'dropout': 0.4529606098714644, 'hidden_continuous_size': 86, 'attention_head_size': 4, 'learning_rate': 0.07912427238806165}. Best is trial 0 with value: 0.07769656181335449.
[I 2023-12-26 16:54:07,954] Trial 46 finished with value: 2.3365252017974854 and parameters: {'gradient_clip_val': 0.29289656728166, 'hidden_size': 78, 'dropout': 0.4822250775741308, 'hidden_continuous_size': 62, 'attention_head_size': 3, 'learning_rate': 0.09784188237484985}. Best is trial 0 with value: 0.07769656181335449.
[I 2023-12-26 16:54:12,167] Trial 47 finished with value: 2.7016048431396484 and parameters: {'gradient_clip_val': 0.22152620913012672, 'hidden_size': 63, 'dropout': 0.38466749763418134, 'hidden_continuous_size': 53, 'attention_head_size': 4, 'learning_rate': 0.059136807814277235}. Best is trial 0 with value: 0.07769656181335449.
[I 2023-12-26 16:54:19,208] Trial 48 finished with value: 1.908149242401123 and parameters: {'gradient_clip_val': 0.4504956063357249, 'hidden_size': 103, 'dropout': 0.4169626324812423, 'hidden_continuous_size': 78, 'attention_head_size': 4, 'learning_rate': 0.04286554763369865}. Best is trial 0 with value: 0.07769656181335449.
[I 2023-12-26 16:54:24,621] Trial 49 finished with value: 1.8093552589416504 and parameters: {'gradient_clip_val': 0.24904438930058698, 'hidden_size': 84, 'dropout': 0.4410682318288666, 'hidden_continuous_size': 68, 'attention_head_size': 2, 'learning_rate': 0.09987000851005112}. Best is trial 0 with value: 0.07769656181335449.
[I 2023-12-26 16:54:24,745] A new study created in memory with name: no-name-f2ea7ff4-fed7-4b83-bdbc-7cf0530e800a
/home/le004/conda/anaconda3/envs/tsff_env/lib/python3.9/site-packages/lightning/fabric/plugins/environments/slurm.py:191: The `srun` command is available on your system but is not used. HINT: If your intention is to run Lightning on SLURM, prepend your python command with `srun` like so: srun python /home/le004/master_thesis/git/TSFusionForecast/code/ ...
[I 2023-12-26 17:00:37,319] Trial 0 finished with value: 0.11250811070203781 and parameters: {'gradient_clip_val': 0.8620190013045538, 'hidden_size': 45, 'dropout': 0.1048332787267782, 'hidden_continuous_size': 6, 'attention_head_size': 4, 'learning_rate': 0.06842630585055405}. Best is trial 0 with value: 0.11250811070203781.
[I 2023-12-26 17:00:43,635] Trial 1 finished with value: 2.806544542312622 and parameters: {'gradient_clip_val': 0.5814865906103281, 'hidden_size': 106, 'dropout': 0.12976886102545176, 'hidden_continuous_size': 33, 'attention_head_size': 4, 'learning_rate': 0.03769816573809007}. Best is trial 0 with value: 0.11250811070203781.
[I 2023-12-26 17:00:51,059] Trial 2 finished with value: 2.9316320419311523 and parameters: {'gradient_clip_val': 0.5553608831377341, 'hidden_size': 123, 'dropout': 0.39524206450228205, 'hidden_continuous_size': 41, 'attention_head_size': 2, 'learning_rate': 0.06125068878179417}. Best is trial 0 with value: 0.11250811070203781.
[I 2023-12-26 17:00:53,042] Trial 3 finished with value: 3.0487213134765625 and parameters: {'gradient_clip_val': 0.11304563987102047, 'hidden_size': 12, 'dropout': 0.17662635933340406, 'hidden_continuous_size': 10, 'attention_head_size': 1, 'learning_rate': 0.003841531688383404}. Best is trial 0 with value: 0.11250811070203781.
[I 2023-12-26 17:00:55,312] Trial 4 finished with value: 3.950922966003418 and parameters: {'gradient_clip_val': 0.7107846597611502, 'hidden_size': 32, 'dropout': 0.48460944542492546, 'hidden_continuous_size': 16, 'attention_head_size': 2, 'learning_rate': 0.004411918452778731}. Best is trial 0 with value: 0.11250811070203781.
[I 2023-12-26 17:00:57,050] Trial 5 finished with value: 2.9825098514556885 and parameters: {'gradient_clip_val': 0.7180603306347518, 'hidden_size': 8, 'dropout': 0.27842075292896845, 'hidden_continuous_size': 8, 'attention_head_size': 4, 'learning_rate': 0.0008906662347964954}. Best is trial 0 with value: 0.11250811070203781.
[I 2023-12-26 17:00:58,715] Trial 6 finished with value: 4.114138126373291 and parameters: {'gradient_clip_val': 0.9055970014915432, 'hidden_size': 5, 'dropout': 0.47553532945252486, 'hidden_continuous_size': 5, 'attention_head_size': 1, 'learning_rate': 0.003966387679901371}. Best is trial 0 with value: 0.11250811070203781.
[I 2023-12-26 17:01:01,753] Trial 7 finished with value: 2.9358415603637695 and parameters: {'gradient_clip_val': 0.12678037842192422, 'hidden_size': 54, 'dropout': 0.30514217712992886, 'hidden_continuous_size': 5, 'attention_head_size': 2, 'learning_rate': 0.005466506871669772}. Best is trial 0 with value: 0.11250811070203781.
[I 2023-12-26 17:01:03,492] Trial 8 finished with value: 2.791325807571411 and parameters: {'gradient_clip_val': 0.45630239428781655, 'hidden_size': 5, 'dropout': 0.3257577360645774, 'hidden_continuous_size': 5, 'attention_head_size': 4, 'learning_rate': 0.07315209819994334}. Best is trial 0 with value: 0.11250811070203781.
[I 2023-12-26 17:01:05,676] Trial 9 finished with value: 2.862032890319824 and parameters: {'gradient_clip_val': 0.1980936328803348, 'hidden_size': 12, 'dropout': 0.39228851247458274, 'hidden_continuous_size': 5, 'attention_head_size': 3, 'learning_rate': 0.056237513967992196}. Best is trial 0 with value: 0.11250811070203781.
[I 2023-12-26 17:01:07,955] Trial 10 finished with value: 3.171757698059082 and parameters: {'gradient_clip_val': 0.3460525661819905, 'hidden_size': 32, 'dropout': 0.11618012838004815, 'hidden_continuous_size': 8, 'attention_head_size': 3, 'learning_rate': 0.02070544529140725}. Best is trial 0 with value: 0.11250811070203781.
[I 2023-12-26 17:01:09,890] Trial 11 finished with value: 3.342679738998413 and parameters: {'gradient_clip_val': 0.40623106531256226, 'hidden_size': 16, 'dropout': 0.20195494762480293, 'hidden_continuous_size': 6, 'attention_head_size': 4, 'learning_rate': 0.09173030401943712}. Best is trial 0 with value: 0.11250811070203781.
[I 2023-12-26 17:01:11,627] Trial 12 finished with value: 2.5427262783050537 and parameters: {'gradient_clip_val': 0.9712522911242103, 'hidden_size': 5, 'dropout': 0.24503552076116006, 'hidden_continuous_size': 5, 'attention_head_size': 3, 'learning_rate': 0.02075762721725625}. Best is trial 0 with value: 0.11250811070203781.
[I 2023-12-26 17:01:13,841] Trial 13 finished with value: 3.3276870250701904 and parameters: {'gradient_clip_val': 0.8884870285682669, 'hidden_size': 22, 'dropout': 0.21311184982068504, 'hidden_continuous_size': 7, 'attention_head_size': 3, 'learning_rate': 0.018081842836950624}. Best is trial 0 with value: 0.11250811070203781.
[I 2023-12-26 17:01:16,971] Trial 14 finished with value: 2.7859723567962646 and parameters: {'gradient_clip_val': 0.9834379258120853, 'hidden_size': 54, 'dropout': 0.11855885306493211, 'hidden_continuous_size': 13, 'attention_head_size': 3, 'learning_rate': 0.02077679423531992}. Best is trial 0 with value: 0.11250811070203781.
[I 2023-12-26 17:01:18,844] Trial 15 finished with value: 3.6471338272094727 and parameters: {'gradient_clip_val': 0.6556292751976981, 'hidden_size': 8, 'dropout': 0.2426932367841083, 'hidden_continuous_size': 5, 'attention_head_size': 4, 'learning_rate': 0.011421216112842062}. Best is trial 0 with value: 0.11250811070203781.
[I 2023-12-26 17:01:21,042] Trial 16 finished with value: 3.700591802597046 and parameters: {'gradient_clip_val': 0.2659332537268, 'hidden_size': 22, 'dropout': 0.17822794002646647, 'hidden_continuous_size': 6, 'attention_head_size': 3, 'learning_rate': 0.03601714311153308}. Best is trial 0 with value: 0.11250811070203781.
[I 2023-12-26 17:01:24,109] Trial 17 finished with value: 4.4542765617370605 and parameters: {'gradient_clip_val': 0.9957553266122396, 'hidden_size': 53, 'dropout': 0.10023284484195805, 'hidden_continuous_size': 10, 'attention_head_size': 4, 'learning_rate': 0.09580290175164333}. Best is trial 0 with value: 0.11250811070203781.
