[I 2023-12-26 15:58:04,875] Trial 22 finished with value: 84.60977935791016 and parameters: {'gradient_clip_val': 0.24582893882693557, 'hidden_size': 78, 'dropout': 0.16248876646129987, 'hidden_continuous_size': 31, 'attention_head_size': 2, 'learning_rate': 0.06527871557856481}. Best is trial 0 with value: 17.021211624145508.
[I 2023-12-26 15:58:14,783] Trial 23 finished with value: 67.14189910888672 and parameters: {'gradient_clip_val': 0.18125124550672303, 'hidden_size': 115, 'dropout': 0.219996410583226, 'hidden_continuous_size': 83, 'attention_head_size': 3, 'learning_rate': 0.09673996120711102}. Best is trial 0 with value: 17.021211624145508.
[I 2023-12-26 15:58:24,814] Trial 24 finished with value: 105.51531219482422 and parameters: {'gradient_clip_val': 0.25804625655474356, 'hidden_size': 122, 'dropout': 0.2018928904804633, 'hidden_continuous_size': 57, 'attention_head_size': 1, 'learning_rate': 0.05338437675906568}. Best is trial 0 with value: 17.021211624145508.
[I 2023-12-26 15:58:31,488] Trial 25 finished with value: 101.77523040771484 and parameters: {'gradient_clip_val': 0.3602518392383389, 'hidden_size': 80, 'dropout': 0.1346400747842749, 'hidden_continuous_size': 53, 'attention_head_size': 2, 'learning_rate': 0.02764851271141632}. Best is trial 0 with value: 17.021211624145508.
[I 2023-12-26 15:58:43,356] Trial 26 finished with value: 63.959930419921875 and parameters: {'gradient_clip_val': 0.18549934209238916, 'hidden_size': 142, 'dropout': 0.1877577032993688, 'hidden_continuous_size': 91, 'attention_head_size': 3, 'learning_rate': 0.04356599404539148}. Best is trial 0 with value: 17.021211624145508.
[I 2023-12-26 15:58:56,358] Trial 27 finished with value: 113.95257568359375 and parameters: {'gradient_clip_val': 0.17882200055330888, 'hidden_size': 149, 'dropout': 0.2451517921643692, 'hidden_continuous_size': 93, 'attention_head_size': 3, 'learning_rate': 0.04191483925003425}. Best is trial 0 with value: 17.021211624145508.
[I 2023-12-26 15:59:05,587] Trial 28 finished with value: 112.75155639648438 and parameters: {'gradient_clip_val': 0.25930615029504656, 'hidden_size': 113, 'dropout': 0.20562982696324075, 'hidden_continuous_size': 83, 'attention_head_size': 3, 'learning_rate': 0.02264106430759008}. Best is trial 0 with value: 17.021211624145508.
[I 2023-12-26 15:59:18,977] Trial 29 finished with value: 73.85480499267578 and parameters: {'gradient_clip_val': 0.3559022823885891, 'hidden_size': 148, 'dropout': 0.1410758349717118, 'hidden_continuous_size': 129, 'attention_head_size': 4, 'learning_rate': 0.0490379084849992}. Best is trial 0 with value: 17.021211624145508.
[I 2023-12-26 15:59:27,526] Trial 30 finished with value: 97.3809814453125 and parameters: {'gradient_clip_val': 0.23649087303532007, 'hidden_size': 98, 'dropout': 0.2737518416104337, 'hidden_continuous_size': 71, 'attention_head_size': 3, 'learning_rate': 0.06678711199424203}. Best is trial 0 with value: 17.021211624145508.
[I 2023-12-26 15:59:38,046] Trial 31 finished with value: 98.09444427490234 and parameters: {'gradient_clip_val': 0.22161368988252217, 'hidden_size': 117, 'dropout': 0.165806661490484, 'hidden_continuous_size': 88, 'attention_head_size': 2, 'learning_rate': 0.032385907997780246}. Best is trial 0 with value: 17.021211624145508.
[I 2023-12-26 15:59:49,808] Trial 32 finished with value: 70.32598876953125 and parameters: {'gradient_clip_val': 0.19774741133185622, 'hidden_size': 127, 'dropout': 0.19070709748231704, 'hidden_continuous_size': 97, 'attention_head_size': 3, 'learning_rate': 0.06718329743288512}. Best is trial 0 with value: 17.021211624145508.
[I 2023-12-26 15:59:55,185] Trial 33 finished with value: 122.670654296875 and parameters: {'gradient_clip_val': 0.17779427045056617, 'hidden_size': 66, 'dropout': 0.2184227374610884, 'hidden_continuous_size': 52, 'attention_head_size': 2, 'learning_rate': 0.07951863342626023}. Best is trial 0 with value: 17.021211624145508.
[I 2023-12-26 16:00:01,455] Trial 34 finished with value: 99.31795501708984 and parameters: {'gradient_clip_val': 0.13810434497299212, 'hidden_size': 87, 'dropout': 0.15666375084455422, 'hidden_continuous_size': 61, 'attention_head_size': 1, 'learning_rate': 0.04551412975538406}. Best is trial 0 with value: 17.021211624145508.
[I 2023-12-26 16:00:11,254] Trial 35 finished with value: 78.59979248046875 and parameters: {'gradient_clip_val': 0.27329835302452243, 'hidden_size': 129, 'dropout': 0.1250232506465482, 'hidden_continuous_size': 107, 'attention_head_size': 3, 'learning_rate': 0.07771879342982518}. Best is trial 0 with value: 17.021211624145508.
[I 2023-12-26 16:00:16,149] Trial 36 finished with value: 100.55013275146484 and parameters: {'gradient_clip_val': 0.15525191119205684, 'hidden_size': 72, 'dropout': 0.19314423228420047, 'hidden_continuous_size': 50, 'attention_head_size': 4, 'learning_rate': 0.014529738094815168}. Best is trial 0 with value: 17.021211624145508.
[I 2023-12-26 16:00:19,928] Trial 37 finished with value: 100.60721588134766 and parameters: {'gradient_clip_val': 0.20808684403832486, 'hidden_size': 54, 'dropout': 0.17615793953924824, 'hidden_continuous_size': 47, 'attention_head_size': 2, 'learning_rate': 0.052743909121550324}. Best is trial 0 with value: 17.021211624145508.
[I 2023-12-26 16:00:26,950] Trial 38 finished with value: 95.8460922241211 and parameters: {'gradient_clip_val': 0.30386856389390204, 'hidden_size': 98, 'dropout': 0.14723121453322585, 'hidden_continuous_size': 75, 'attention_head_size': 2, 'learning_rate': 0.027873935134832613}. Best is trial 0 with value: 17.021211624145508.
[I 2023-12-26 16:00:30,422] Trial 39 finished with value: 92.99144744873047 and parameters: {'gradient_clip_val': 0.23880766230532358, 'hidden_size': 46, 'dropout': 0.23202176002029606, 'hidden_continuous_size': 40, 'attention_head_size': 3, 'learning_rate': 0.08417359222197074}. Best is trial 0 with value: 17.021211624145508.
[I 2023-12-26 16:00:33,365] Trial 40 finished with value: 80.73741149902344 and parameters: {'gradient_clip_val': 0.12794582141499225, 'hidden_size': 35, 'dropout': 0.19049756311395888, 'hidden_continuous_size': 33, 'attention_head_size': 1, 'learning_rate': 0.05147578559749089}. Best is trial 0 with value: 17.021211624145508.
[I 2023-12-26 16:00:41,861] Trial 41 finished with value: 58.658447265625 and parameters: {'gradient_clip_val': 0.1694421166582458, 'hidden_size': 117, 'dropout': 0.21854471316561472, 'hidden_continuous_size': 85, 'attention_head_size': 3, 'learning_rate': 0.09974062531897902}. Best is trial 0 with value: 17.021211624145508.
[I 2023-12-26 16:00:51,326] Trial 42 finished with value: 63.92840576171875 and parameters: {'gradient_clip_val': 0.1702255886129008, 'hidden_size': 132, 'dropout': 0.21487420144806246, 'hidden_continuous_size': 86, 'attention_head_size': 3, 'learning_rate': 0.07549288746943951}. Best is trial 0 with value: 17.021211624145508.
[I 2023-12-26 16:01:01,067] Trial 43 finished with value: 93.8512191772461 and parameters: {'gradient_clip_val': 0.15847546469229626, 'hidden_size': 132, 'dropout': 0.21627616741470054, 'hidden_continuous_size': 111, 'attention_head_size': 3, 'learning_rate': 0.06654105495612994}. Best is trial 0 with value: 17.021211624145508.
[I 2023-12-26 16:01:11,932] Trial 44 finished with value: 86.6307373046875 and parameters: {'gradient_clip_val': 0.1714830788026461, 'hidden_size': 146, 'dropout': 0.24237590850697108, 'hidden_continuous_size': 127, 'attention_head_size': 3, 'learning_rate': 0.041830575779358004}. Best is trial 0 with value: 17.021211624145508.
[I 2023-12-26 16:01:19,781] Trial 45 finished with value: 86.0754165649414 and parameters: {'gradient_clip_val': 0.14249527552579178, 'hidden_size': 108, 'dropout': 0.22161192505465627, 'hidden_continuous_size': 88, 'attention_head_size': 3, 'learning_rate': 0.0730108418263493}. Best is trial 0 with value: 17.021211624145508.
[I 2023-12-26 16:01:26,115] Trial 46 finished with value: 62.8361930847168 and parameters: {'gradient_clip_val': 0.18388822974286112, 'hidden_size': 87, 'dropout': 0.2619870204980973, 'hidden_continuous_size': 66, 'attention_head_size': 4, 'learning_rate': 0.09884960519139253}. Best is trial 0 with value: 17.021211624145508.
[I 2023-12-26 16:01:32,939] Trial 47 finished with value: 61.60198974609375 and parameters: {'gradient_clip_val': 0.1598967540400468, 'hidden_size': 92, 'dropout': 0.29721242378995844, 'hidden_continuous_size': 64, 'attention_head_size': 4, 'learning_rate': 0.09471275363622801}. Best is trial 0 with value: 17.021211624145508.
[I 2023-12-26 16:01:39,361] Trial 48 finished with value: 111.46221923828125 and parameters: {'gradient_clip_val': 0.1275358561019647, 'hidden_size': 86, 'dropout': 0.30535917920075617, 'hidden_continuous_size': 67, 'attention_head_size': 4, 'learning_rate': 0.09512585048233844}. Best is trial 0 with value: 17.021211624145508.
[I 2023-12-26 16:01:43,575] Trial 49 finished with value: 115.6578140258789 and parameters: {'gradient_clip_val': 0.1538284553118287, 'hidden_size': 58, 'dropout': 0.336282013220309, 'hidden_continuous_size': 53, 'attention_head_size': 4, 'learning_rate': 0.05854593726569636}. Best is trial 0 with value: 17.021211624145508.
[I 2023-12-26 16:01:43,701] A new study created in memory with name: no-name-39d7e033-e55b-439b-84cb-bc1cbf34218f
/home/le004/conda/anaconda3/envs/tsff_env/lib/python3.9/site-packages/lightning/fabric/plugins/environments/slurm.py:191: The `srun` command is available on your system but is not used. HINT: If your intention is to run Lightning on SLURM, prepend your python command with `srun` like so: srun python /home/le004/master_thesis/git/TSFusionForecast/code/ ...
[I 2023-12-26 16:05:54,759] Trial 0 finished with value: 138.5689239501953 and parameters: {'gradient_clip_val': 0.22819272977697713, 'hidden_size': 12, 'dropout': 0.12046983354826626, 'hidden_continuous_size': 8, 'attention_head_size': 3, 'learning_rate': 0.002980210096764585}. Best is trial 0 with value: 138.5689239501953.
[I 2023-12-26 16:05:59,181] Trial 1 finished with value: 215.4561767578125 and parameters: {'gradient_clip_val': 0.7153505235292873, 'hidden_size': 44, 'dropout': 0.4505913248905491, 'hidden_continuous_size': 23, 'attention_head_size': 3, 'learning_rate': 0.04371855340808404}. Best is trial 0 with value: 138.5689239501953.
[I 2023-12-26 16:06:03,892] Trial 2 finished with value: 270.0885925292969 and parameters: {'gradient_clip_val': 0.8648930825829911, 'hidden_size': 50, 'dropout': 0.10059919143175491, 'hidden_continuous_size': 16, 'attention_head_size': 3, 'learning_rate': 0.0041999538061366385}. Best is trial 0 with value: 138.5689239501953.
[I 2023-12-26 16:06:13,461] Trial 3 finished with value: 261.3011474609375 and parameters: {'gradient_clip_val': 0.22185058349600742, 'hidden_size': 116, 'dropout': 0.4465996925381377, 'hidden_continuous_size': 5, 'attention_head_size': 2, 'learning_rate': 0.0015031723154718829}. Best is trial 0 with value: 138.5689239501953.
[I 2023-12-26 16:06:18,962] Trial 4 finished with value: 234.05230712890625 and parameters: {'gradient_clip_val': 0.17043684535356227, 'hidden_size': 62, 'dropout': 0.2796187070071332, 'hidden_continuous_size': 32, 'attention_head_size': 2, 'learning_rate': 0.023113638809003644}. Best is trial 0 with value: 138.5689239501953.
[I 2023-12-26 16:06:22,318] Trial 5 finished with value: 213.06251525878906 and parameters: {'gradient_clip_val': 0.10921739981104453, 'hidden_size': 32, 'dropout': 0.2198607133253345, 'hidden_continuous_size': 5, 'attention_head_size': 4, 'learning_rate': 0.0005575662941817031}. Best is trial 0 with value: 138.5689239501953.
[I 2023-12-26 16:06:31,079] Trial 6 finished with value: 270.7057189941406 and parameters: {'gradient_clip_val': 0.18390730177674805, 'hidden_size': 106, 'dropout': 0.3299711968780702, 'hidden_continuous_size': 5, 'attention_head_size': 2, 'learning_rate': 0.0006487730449997184}. Best is trial 0 with value: 138.5689239501953.
[I 2023-12-26 16:06:33,548] Trial 7 finished with value: 233.36656188964844 and parameters: {'gradient_clip_val': 0.3336672472833805, 'hidden_size': 7, 'dropout': 0.45151349003929353, 'hidden_continuous_size': 5, 'attention_head_size': 3, 'learning_rate': 0.00150820688746719}. Best is trial 0 with value: 138.5689239501953.
[I 2023-12-26 16:06:37,824] Trial 8 finished with value: 304.6466064453125 and parameters: {'gradient_clip_val': 0.6602971539201808, 'hidden_size': 39, 'dropout': 0.24108236209148678, 'hidden_continuous_size': 11, 'attention_head_size': 2, 'learning_rate': 0.0053779520402152635}. Best is trial 0 with value: 138.5689239501953.
[I 2023-12-26 16:06:41,239] Trial 9 finished with value: 253.5419921875 and parameters: {'gradient_clip_val': 0.10315830113170567, 'hidden_size': 29, 'dropout': 0.2747501724094779, 'hidden_continuous_size': 22, 'attention_head_size': 1, 'learning_rate': 0.07175863054457252}. Best is trial 0 with value: 138.5689239501953.
[I 2023-12-26 16:06:43,868] Trial 10 finished with value: 245.2831268310547 and parameters: {'gradient_clip_val': 0.3816711965961908, 'hidden_size': 12, 'dropout': 0.10480503138543712, 'hidden_continuous_size': 7, 'attention_head_size': 4, 'learning_rate': 0.013329597410629388}. Best is trial 0 with value: 138.5689239501953.
[I 2023-12-26 16:06:46,639] Trial 11 finished with value: 235.0724639892578 and parameters: {'gradient_clip_val': 0.10244430801646263, 'hidden_size': 17, 'dropout': 0.1925909219519218, 'hidden_continuous_size': 7, 'attention_head_size': 4, 'learning_rate': 0.00059882682221885}. Best is trial 0 with value: 138.5689239501953.
[I 2023-12-26 16:06:49,542] Trial 12 finished with value: 170.38070678710938 and parameters: {'gradient_clip_val': 0.14190452598811695, 'hidden_size': 19, 'dropout': 0.17149496584891719, 'hidden_continuous_size': 8, 'attention_head_size': 4, 'learning_rate': 0.0026074177255916786}. Best is trial 0 with value: 138.5689239501953.
[I 2023-12-26 16:06:52,149] Trial 13 finished with value: 320.3323974609375 and parameters: {'gradient_clip_val': 0.23433034038573305, 'hidden_size': 16, 'dropout': 0.16275276385466617, 'hidden_continuous_size': 8, 'attention_head_size': 4, 'learning_rate': 0.0028054260102612655}. Best is trial 0 with value: 138.5689239501953.
[I 2023-12-26 16:06:54,388] Trial 14 finished with value: 164.0719451904297 and parameters: {'gradient_clip_val': 0.15140799956842987, 'hidden_size': 5, 'dropout': 0.1479161002382861, 'hidden_continuous_size': 5, 'attention_head_size': 3, 'learning_rate': 0.008867634117616397}. Best is trial 0 with value: 138.5689239501953.
[I 2023-12-26 16:06:56,548] Trial 15 finished with value: 266.409912109375 and parameters: {'gradient_clip_val': 0.2442805897841921, 'hidden_size': 5, 'dropout': 0.14054850383408046, 'hidden_continuous_size': 5, 'attention_head_size': 3, 'learning_rate': 0.0067922560638869435}. Best is trial 0 with value: 138.5689239501953.
[I 2023-12-26 16:06:58,999] Trial 16 finished with value: 346.2787170410156 and parameters: {'gradient_clip_val': 0.1475427507212341, 'hidden_size': 9, 'dropout': 0.1433475104755294, 'hidden_continuous_size': 6, 'attention_head_size': 1, 'learning_rate': 0.011335356648711032}. Best is trial 0 with value: 138.5689239501953.
[I 2023-12-26 16:07:01,322] Trial 17 finished with value: 287.3030090332031 and parameters: {'gradient_clip_val': 0.2850174045417566, 'hidden_size': 5, 'dropout': 0.2070363033677175, 'hidden_continuous_size': 5, 'attention_head_size': 3, 'learning_rate': 0.011752220959078503}. Best is trial 0 with value: 138.5689239501953.
[I 2023-12-26 16:07:03,715] Trial 18 finished with value: 178.0933837890625 and parameters: {'gradient_clip_val': 0.4126200597374699, 'hidden_size': 8, 'dropout': 0.10251413076676694, 'hidden_continuous_size': 6, 'attention_head_size': 3, 'learning_rate': 0.024150714256707114}. Best is trial 0 with value: 138.5689239501953.
[I 2023-12-26 16:07:06,682] Trial 19 finished with value: 216.10450744628906 and parameters: {'gradient_clip_val': 0.1859658018353385, 'hidden_size': 12, 'dropout': 0.15169843956225657, 'hidden_continuous_size': 6, 'attention_head_size': 2, 'learning_rate': 0.007285608682433934}. Best is trial 0 with value: 138.5689239501953.
[I 2023-12-26 16:07:09,057] Trial 20 finished with value: 259.0421447753906 and parameters: {'gradient_clip_val': 0.13869242256718473, 'hidden_size': 6, 'dropout': 0.2318640887190019, 'hidden_continuous_size': 5, 'attention_head_size': 3, 'learning_rate': 0.0036657757686683733}. Best is trial 0 with value: 138.5689239501953.
[I 2023-12-26 16:07:11,913] Trial 21 finished with value: 231.42626953125 and parameters: {'gradient_clip_val': 0.14080025365145601, 'hidden_size': 19, 'dropout': 0.1774968176429983, 'hidden_continuous_size': 9, 'attention_head_size': 4, 'learning_rate': 0.0030431692810032507}. Best is trial 0 with value: 138.5689239501953.
[I 2023-12-26 16:07:14,997] Trial 22 finished with value: 268.9502258300781 and parameters: {'gradient_clip_val': 0.12759863224442627, 'hidden_size': 22, 'dropout': 0.18004078318065678, 'hidden_continuous_size': 10, 'attention_head_size': 4, 'learning_rate': 0.002033730984052739}. Best is trial 0 with value: 138.5689239501953.
[I 2023-12-26 16:07:17,588] Trial 23 finished with value: 235.7769775390625 and parameters: {'gradient_clip_val': 0.17134799030677747, 'hidden_size': 10, 'dropout': 0.13357365685527153, 'hidden_continuous_size': 7, 'attention_head_size': 3, 'learning_rate': 0.005343490233981047}. Best is trial 0 with value: 138.5689239501953.
[I 2023-12-26 16:07:20,324] Trial 24 finished with value: 380.2622985839844 and parameters: {'gradient_clip_val': 0.1215303823122669, 'hidden_size': 14, 'dropout': 0.18443153595874304, 'hidden_continuous_size': 8, 'attention_head_size': 4, 'learning_rate': 0.0023884875514845016}. Best is trial 0 with value: 138.5689239501953.
[I 2023-12-26 16:07:22,903] Trial 25 finished with value: 308.36077880859375 and parameters: {'gradient_clip_val': 0.1573107587026706, 'hidden_size': 10, 'dropout': 0.13253827647016794, 'hidden_continuous_size': 6, 'attention_head_size': 3, 'learning_rate': 0.0010937947649942996}. Best is trial 0 with value: 138.5689239501953.
[I 2023-12-26 16:07:25,356] Trial 26 finished with value: 429.2830810546875 and parameters: {'gradient_clip_val': 0.20230611203667773, 'hidden_size': 7, 'dropout': 0.1602978266548999, 'hidden_continuous_size': 5, 'attention_head_size': 4, 'learning_rate': 0.0029106359785308674}. Best is trial 0 with value: 138.5689239501953.
[I 2023-12-26 16:07:28,230] Trial 27 finished with value: 199.18821716308594 and parameters: {'gradient_clip_val': 0.12319959031614293, 'hidden_size': 19, 'dropout': 0.2153661737435028, 'hidden_continuous_size': 11, 'attention_head_size': 3, 'learning_rate': 0.0040830097436743915}. Best is trial 0 with value: 138.5689239501953.
[I 2023-12-26 16:07:31,210] Trial 28 finished with value: 266.9194030761719 and parameters: {'gradient_clip_val': 0.15347015208543893, 'hidden_size': 24, 'dropout': 0.12980452856053065, 'hidden_continuous_size': 9, 'attention_head_size': 2, 'learning_rate': 0.0017977801131815775}. Best is trial 0 with value: 138.5689239501953.
[I 2023-12-26 16:07:33,899] Trial 29 finished with value: 276.61480712890625 and parameters: {'gradient_clip_val': 0.2147998343270376, 'hidden_size': 13, 'dropout': 0.1732976622552208, 'hidden_continuous_size': 7, 'attention_head_size': 3, 'learning_rate': 0.0009823922995471385}. Best is trial 0 with value: 138.5689239501953.
[I 2023-12-26 16:07:36,370] Trial 30 finished with value: 253.2685089111328 and parameters: {'gradient_clip_val': 0.18880679728458585, 'hidden_size': 6, 'dropout': 0.2009650858309039, 'hidden_continuous_size': 5, 'attention_head_size': 4, 'learning_rate': 0.002244920765870924}. Best is trial 0 with value: 138.5689239501953.
[I 2023-12-26 16:07:39,178] Trial 31 finished with value: 382.0309753417969 and parameters: {'gradient_clip_val': 0.49922745963875925, 'hidden_size': 8, 'dropout': 0.10052629967311756, 'hidden_continuous_size': 6, 'attention_head_size': 3, 'learning_rate': 0.03279609536701871}. Best is trial 0 with value: 138.5689239501953.
[I 2023-12-26 16:07:41,804] Trial 32 finished with value: 258.6728210449219 and parameters: {'gradient_clip_val': 0.2790466801155395, 'hidden_size': 9, 'dropout': 0.10673651961417362, 'hidden_continuous_size': 6, 'attention_head_size': 3, 'learning_rate': 0.02001622579299713}. Best is trial 0 with value: 138.5689239501953.
[I 2023-12-26 16:07:44,412] Trial 33 finished with value: 325.4403381347656 and parameters: {'gradient_clip_val': 0.3607768921091558, 'hidden_size': 11, 'dropout': 0.12436080214725669, 'hidden_continuous_size': 8, 'attention_head_size': 3, 'learning_rate': 0.053758806956865794}. Best is trial 0 with value: 138.5689239501953.
[I 2023-12-26 16:07:47,152] Trial 34 finished with value: 280.2608337402344 and parameters: {'gradient_clip_val': 0.25050026845979934, 'hidden_size': 15, 'dropout': 0.15858648750175303, 'hidden_continuous_size': 9, 'attention_head_size': 2, 'learning_rate': 0.0982697328713661}. Best is trial 0 with value: 138.5689239501953.
[I 2023-12-26 16:07:49,607] Trial 35 finished with value: 262.5260314941406 and parameters: {'gradient_clip_val': 0.20430024285293202, 'hidden_size': 8, 'dropout': 0.11778663447314643, 'hidden_continuous_size': 6, 'attention_head_size': 3, 'learning_rate': 0.02783708282081745}. Best is trial 0 with value: 138.5689239501953.
[I 2023-12-26 16:07:51,739] Trial 36 finished with value: 244.54441833496094 and parameters: {'gradient_clip_val': 0.1674879049758409, 'hidden_size': 5, 'dropout': 0.11256384233575313, 'hidden_continuous_size': 5, 'attention_head_size': 2, 'learning_rate': 0.02002996668361977}. Best is trial 0 with value: 138.5689239501953.
