[I 2023-12-16 05:06:29,966] Trial 31 finished with value: 27.033126831054688 and parameters: {'gradient_clip_val': 0.4133227547835407, 'hidden_size': 97, 'dropout': 0.21147203591421132, 'hidden_continuous_size': 76, 'attention_head_size': 3, 'learning_rate': 0.0005119096003188627}. Best is trial 24 with value: 25.58243751525879.
LOCAL_RANK: 0 - CUDA_VISIBLE_DEVICES: [0]
[I 2023-12-16 05:07:26,033] Trial 32 finished with value: 26.96198272705078 and parameters: {'gradient_clip_val': 0.43073946853828415, 'hidden_size': 75, 'dropout': 0.23443777746466127, 'hidden_continuous_size': 59, 'attention_head_size': 3, 'learning_rate': 0.0006972282937346229}. Best is trial 24 with value: 25.58243751525879.
LOCAL_RANK: 0 - CUDA_VISIBLE_DEVICES: [0]
[I 2023-12-16 05:08:21,697] Trial 33 finished with value: 31.46953010559082 and parameters: {'gradient_clip_val': 0.5854726143121988, 'hidden_size': 77, 'dropout': 0.2424616239297405, 'hidden_continuous_size': 64, 'attention_head_size': 3, 'learning_rate': 0.0010884214224050769}. Best is trial 24 with value: 25.58243751525879.
LOCAL_RANK: 0 - CUDA_VISIBLE_DEVICES: [0]
[I 2023-12-16 05:09:20,324] Trial 34 finished with value: 27.414648056030273 and parameters: {'gradient_clip_val': 0.36753567522825215, 'hidden_size': 100, 'dropout': 0.21250156590007305, 'hidden_continuous_size': 99, 'attention_head_size': 3, 'learning_rate': 0.0007804437073027418}. Best is trial 24 with value: 25.58243751525879.
LOCAL_RANK: 0 - CUDA_VISIBLE_DEVICES: [0]
[I 2023-12-16 05:10:14,860] Trial 35 finished with value: 25.028182983398438 and parameters: {'gradient_clip_val': 0.5045276286046041, 'hidden_size': 69, 'dropout': 0.17905545601568873, 'hidden_continuous_size': 45, 'attention_head_size': 1, 'learning_rate': 0.0005546572167291975}. Best is trial 35 with value: 25.028182983398438.
LOCAL_RANK: 0 - CUDA_VISIBLE_DEVICES: [0]
[I 2023-12-16 05:11:08,308] Trial 36 finished with value: 26.266637802124023 and parameters: {'gradient_clip_val': 0.5109585081994248, 'hidden_size': 51, 'dropout': 0.17796412741377132, 'hidden_continuous_size': 42, 'attention_head_size': 1, 'learning_rate': 0.0010693827398082457}. Best is trial 35 with value: 25.028182983398438.
LOCAL_RANK: 0 - CUDA_VISIBLE_DEVICES: [0]
[I 2023-12-16 05:12:02,818] Trial 37 finished with value: 28.4846248626709 and parameters: {'gradient_clip_val': 0.6193930152361845, 'hidden_size': 66, 'dropout': 0.1991388926060866, 'hidden_continuous_size': 54, 'attention_head_size': 1, 'learning_rate': 0.0016991306706948769}. Best is trial 35 with value: 25.028182983398438.
LOCAL_RANK: 0 - CUDA_VISIBLE_DEVICES: [0]
[I 2023-12-16 05:12:58,387] Trial 38 finished with value: 26.80511474609375 and parameters: {'gradient_clip_val': 0.5346655495334559, 'hidden_size': 84, 'dropout': 0.18440745850041107, 'hidden_continuous_size': 72, 'attention_head_size': 1, 'learning_rate': 0.0008665483166109475}. Best is trial 35 with value: 25.028182983398438.
LOCAL_RANK: 0 - CUDA_VISIBLE_DEVICES: [0]
[I 2023-12-16 05:13:52,350] Trial 39 finished with value: 25.74369239807129 and parameters: {'gradient_clip_val': 0.6609335911749602, 'hidden_size': 55, 'dropout': 0.1645934344886083, 'hidden_continuous_size': 45, 'attention_head_size': 2, 'learning_rate': 0.0006406578193456675}. Best is trial 35 with value: 25.028182983398438.
LOCAL_RANK: 0 - CUDA_VISIBLE_DEVICES: [0]
[I 2023-12-16 05:14:45,594] Trial 40 finished with value: 26.444183349609375 and parameters: {'gradient_clip_val': 0.4624891964640587, 'hidden_size': 51, 'dropout': 0.1599298276983527, 'hidden_continuous_size': 40, 'attention_head_size': 1, 'learning_rate': 0.0006511441313520269}. Best is trial 35 with value: 25.028182983398438.
LOCAL_RANK: 0 - CUDA_VISIBLE_DEVICES: [0]
[I 2023-12-16 05:15:40,489] Trial 41 finished with value: 25.92695426940918 and parameters: {'gradient_clip_val': 0.635516740665165, 'hidden_size': 67, 'dropout': 0.18144029230373568, 'hidden_continuous_size': 58, 'attention_head_size': 2, 'learning_rate': 0.0006808216726557296}. Best is trial 35 with value: 25.028182983398438.
LOCAL_RANK: 0 - CUDA_VISIBLE_DEVICES: [0]
[I 2023-12-16 05:16:35,160] Trial 42 finished with value: 24.6853084564209 and parameters: {'gradient_clip_val': 0.6687445698239775, 'hidden_size': 65, 'dropout': 0.1757426193227462, 'hidden_continuous_size': 46, 'attention_head_size': 2, 'learning_rate': 0.0009399062016581176}. Best is trial 42 with value: 24.6853084564209.
LOCAL_RANK: 0 - CUDA_VISIBLE_DEVICES: [0]
[I 2023-12-16 05:17:29,159] Trial 43 finished with value: 26.37529754638672 and parameters: {'gradient_clip_val': 0.6618748185399541, 'hidden_size': 55, 'dropout': 0.141921716512796, 'hidden_continuous_size': 44, 'attention_head_size': 2, 'learning_rate': 0.0009595869380985781}. Best is trial 42 with value: 24.6853084564209.
LOCAL_RANK: 0 - CUDA_VISIBLE_DEVICES: [0]
[I 2023-12-16 05:18:23,556] Trial 44 finished with value: 26.096765518188477 and parameters: {'gradient_clip_val': 0.5481675048768181, 'hidden_size': 84, 'dropout': 0.16213548535375574, 'hidden_continuous_size': 36, 'attention_head_size': 2, 'learning_rate': 0.0008506002753777679}. Best is trial 42 with value: 24.6853084564209.
LOCAL_RANK: 0 - CUDA_VISIBLE_DEVICES: [0]
[I 2023-12-16 05:19:16,104] Trial 45 finished with value: 26.37449073791504 and parameters: {'gradient_clip_val': 0.6951791476257926, 'hidden_size': 46, 'dropout': 0.1315022207744037, 'hidden_continuous_size': 37, 'attention_head_size': 1, 'learning_rate': 0.0006507869487411311}. Best is trial 42 with value: 24.6853084564209.
LOCAL_RANK: 0 - CUDA_VISIBLE_DEVICES: [0]
[I 2023-12-16 05:20:09,923] Trial 46 finished with value: 26.63152313232422 and parameters: {'gradient_clip_val': 0.5592898583121063, 'hidden_size': 60, 'dropout': 0.17016745250868037, 'hidden_continuous_size': 47, 'attention_head_size': 2, 'learning_rate': 0.001255168747857641}. Best is trial 42 with value: 24.6853084564209.
LOCAL_RANK: 0 - CUDA_VISIBLE_DEVICES: [0]
[I 2023-12-16 05:21:04,628] Trial 47 finished with value: 25.40592384338379 and parameters: {'gradient_clip_val': 0.5900039792064316, 'hidden_size': 72, 'dropout': 0.19134338936789547, 'hidden_continuous_size': 51, 'attention_head_size': 2, 'learning_rate': 0.0006463506085509801}. Best is trial 42 with value: 24.6853084564209.
LOCAL_RANK: 0 - CUDA_VISIBLE_DEVICES: [0]
[I 2023-12-16 05:21:56,451] Trial 48 finished with value: 26.179880142211914 and parameters: {'gradient_clip_val': 0.7872392951115195, 'hidden_size': 40, 'dropout': 0.19063132910560085, 'hidden_continuous_size': 33, 'attention_head_size': 2, 'learning_rate': 0.0014728839251280056}. Best is trial 42 with value: 24.6853084564209.
LOCAL_RANK: 0 - CUDA_VISIBLE_DEVICES: [0]
[I 2023-12-16 05:22:51,478] Trial 49 finished with value: 26.436471939086914 and parameters: {'gradient_clip_val': 0.6901895503399441, 'hidden_size': 71, 'dropout': 0.11855426356867893, 'hidden_continuous_size': 52, 'attention_head_size': 2, 'learning_rate': 0.0009348749748666543}. Best is trial 42 with value: 24.6853084564209.
[I 2023-12-16 05:22:51,569] A new study created in memory with name: no-name-704f762b-21ee-4afc-9967-b7de321864ab
/home/le004/conda/anaconda3/envs/tsff_env/lib/python3.9/site-packages/lightning/fabric/plugins/environments/slurm.py:191: The `srun` command is available on your system but is not used. HINT: If your intention is to run Lightning on SLURM, prepend your python command with `srun` like so: srun python /home/le004/master_thesis/git/TSFusionForecast/code/ ...
LOCAL_RANK: 0 - CUDA_VISIBLE_DEVICES: [0]
[I 2023-12-16 05:23:48,729] Trial 0 finished with value: 248.50718688964844 and parameters: {'gradient_clip_val': 0.7822158181300897, 'hidden_size': 97, 'dropout': 0.12612452905852473, 'hidden_continuous_size': 55, 'attention_head_size': 4, 'learning_rate': 0.06081073310467503}. Best is trial 0 with value: 248.50718688964844.
LOCAL_RANK: 0 - CUDA_VISIBLE_DEVICES: [0]
[I 2023-12-16 05:24:34,632] Trial 1 finished with value: 238.6907501220703 and parameters: {'gradient_clip_val': 0.6792430533015319, 'hidden_size': 14, 'dropout': 0.2912522970326621, 'hidden_continuous_size': 8, 'attention_head_size': 3, 'learning_rate': 0.008012079017507629}. Best is trial 1 with value: 238.6907501220703.
LOCAL_RANK: 0 - CUDA_VISIBLE_DEVICES: [0]
[I 2023-12-16 05:25:21,011] Trial 2 finished with value: 236.4013671875 and parameters: {'gradient_clip_val': 0.5321055711810958, 'hidden_size': 11, 'dropout': 0.2576090868450125, 'hidden_continuous_size': 8, 'attention_head_size': 4, 'learning_rate': 0.010802168689897404}. Best is trial 2 with value: 236.4013671875.
LOCAL_RANK: 0 - CUDA_VISIBLE_DEVICES: [0]
[I 2023-12-16 05:26:16,665] Trial 3 finished with value: 351.8686218261719 and parameters: {'gradient_clip_val': 0.13523094123085852, 'hidden_size': 77, 'dropout': 0.3149976268364293, 'hidden_continuous_size': 43, 'attention_head_size': 4, 'learning_rate': 0.05204331075099061}. Best is trial 2 with value: 236.4013671875.
LOCAL_RANK: 0 - CUDA_VISIBLE_DEVICES: [0]
[I 2023-12-16 05:26:50,411] Trial 4 finished with value: 728.48291015625 and parameters: {'gradient_clip_val': 0.12176618765770086, 'hidden_size': 5, 'dropout': 0.1401779097478924, 'hidden_continuous_size': 5, 'attention_head_size': 2, 'learning_rate': 0.002770780487875418}. Best is trial 2 with value: 236.4013671875.
LOCAL_RANK: 0 - CUDA_VISIBLE_DEVICES: [0]
[I 2023-12-16 05:27:39,385] Trial 5 finished with value: 396.3467712402344 and parameters: {'gradient_clip_val': 0.10203220091303622, 'hidden_size': 25, 'dropout': 0.10401236832774588, 'hidden_continuous_size': 8, 'attention_head_size': 3, 'learning_rate': 0.000615948425307548}. Best is trial 2 with value: 236.4013671875.
LOCAL_RANK: 0 - CUDA_VISIBLE_DEVICES: [0]
[I 2023-12-16 05:28:24,679] Trial 6 finished with value: 238.2185821533203 and parameters: {'gradient_clip_val': 0.5453741186752438, 'hidden_size': 9, 'dropout': 0.12838202628426412, 'hidden_continuous_size': 6, 'attention_head_size': 2, 'learning_rate': 0.08884420333241026}. Best is trial 2 with value: 236.4013671875.
LOCAL_RANK: 0 - CUDA_VISIBLE_DEVICES: [0]
[I 2023-12-16 05:28:59,151] Trial 7 finished with value: 219.6902618408203 and parameters: {'gradient_clip_val': 0.6320825027992504, 'hidden_size': 9, 'dropout': 0.3624078752888966, 'hidden_continuous_size': 9, 'attention_head_size': 4, 'learning_rate': 0.017160568661172115}. Best is trial 7 with value: 219.6902618408203.
LOCAL_RANK: 0 - CUDA_VISIBLE_DEVICES: [0]
[I 2023-12-16 05:29:43,805] Trial 8 finished with value: 268.4205017089844 and parameters: {'gradient_clip_val': 0.18169301566890145, 'hidden_size': 11, 'dropout': 0.3356682825371842, 'hidden_continuous_size': 6, 'attention_head_size': 1, 'learning_rate': 0.003001471918443077}. Best is trial 7 with value: 219.6902618408203.
LOCAL_RANK: 0 - CUDA_VISIBLE_DEVICES: [0]
[I 2023-12-16 05:30:32,969] Trial 9 finished with value: 293.9810791015625 and parameters: {'gradient_clip_val': 0.22071180063697, 'hidden_size': 30, 'dropout': 0.2027112456796298, 'hidden_continuous_size': 8, 'attention_head_size': 3, 'learning_rate': 0.016950869217680176}. Best is trial 7 with value: 219.6902618408203.
LOCAL_RANK: 0 - CUDA_VISIBLE_DEVICES: [0]
[I 2023-12-16 05:31:06,656] Trial 10 finished with value: 269.8103332519531 and parameters: {'gradient_clip_val': 0.36943503550833234, 'hidden_size': 5, 'dropout': 0.3960998815725818, 'hidden_continuous_size': 5, 'attention_head_size': 1, 'learning_rate': 0.026793964083578634}. Best is trial 7 with value: 219.6902618408203.
LOCAL_RANK: 0 - CUDA_VISIBLE_DEVICES: [0]
[I 2023-12-16 05:31:51,468] Trial 11 finished with value: 292.7283935546875 and parameters: {'gradient_clip_val': 0.46371161654109827, 'hidden_size': 8, 'dropout': 0.23975819395677256, 'hidden_continuous_size': 7, 'attention_head_size': 4, 'learning_rate': 0.014026483356187634}. Best is trial 7 with value: 219.6902618408203.
LOCAL_RANK: 0 - CUDA_VISIBLE_DEVICES: [0]
[I 2023-12-16 05:32:37,288] Trial 12 finished with value: 266.2502136230469 and parameters: {'gradient_clip_val': 0.9898257388358569, 'hidden_size': 16, 'dropout': 0.38668197370977486, 'hidden_continuous_size': 10, 'attention_head_size': 4, 'learning_rate': 0.026614588028531175}. Best is trial 7 with value: 219.6902618408203.
LOCAL_RANK: 0 - CUDA_VISIBLE_DEVICES: [0]
[I 2023-12-16 05:33:21,915] Trial 13 finished with value: 198.6536102294922 and parameters: {'gradient_clip_val': 0.3769770478072075, 'hidden_size': 8, 'dropout': 0.26716523880285303, 'hidden_continuous_size': 7, 'attention_head_size': 4, 'learning_rate': 0.0063196712042713045}. Best is trial 13 with value: 198.6536102294922.
LOCAL_RANK: 0 - CUDA_VISIBLE_DEVICES: [0]
[I 2023-12-16 05:34:07,482] Trial 14 finished with value: 316.8741760253906 and parameters: {'gradient_clip_val': 0.35324103162098813, 'hidden_size': 7, 'dropout': 0.3510081621018165, 'hidden_continuous_size': 5, 'attention_head_size': 3, 'learning_rate': 0.00468541762900083}. Best is trial 13 with value: 198.6536102294922.
LOCAL_RANK: 0 - CUDA_VISIBLE_DEVICES: [0]
[I 2023-12-16 05:34:53,033] Trial 15 finished with value: 178.740966796875 and parameters: {'gradient_clip_val': 0.27721806974384083, 'hidden_size': 7, 'dropout': 0.2913669659675077, 'hidden_continuous_size': 6, 'attention_head_size': 4, 'learning_rate': 0.006113597703258203}. Best is trial 15 with value: 178.740966796875.
LOCAL_RANK: 0 - CUDA_VISIBLE_DEVICES: [0]
[I 2023-12-16 05:35:37,885] Trial 16 finished with value: 322.5329895019531 and parameters: {'gradient_clip_val': 0.25332561119971286, 'hidden_size': 6, 'dropout': 0.2720748370714029, 'hidden_continuous_size': 5, 'attention_head_size': 2, 'learning_rate': 0.005214118867928535}. Best is trial 15 with value: 178.740966796875.
LOCAL_RANK: 0 - CUDA_VISIBLE_DEVICES: [0]
[I 2023-12-16 05:36:12,121] Trial 17 finished with value: 658.5612182617188 and parameters: {'gradient_clip_val': 0.28540132932332457, 'hidden_size': 5, 'dropout': 0.3064884278258684, 'hidden_continuous_size': 5, 'attention_head_size': 3, 'learning_rate': 0.0018890028544255972}. Best is trial 15 with value: 178.740966796875.
LOCAL_RANK: 0 - CUDA_VISIBLE_DEVICES: [0]
[I 2023-12-16 05:36:57,669] Trial 18 finished with value: 257.9303283691406 and parameters: {'gradient_clip_val': 0.4019262972139034, 'hidden_size': 7, 'dropout': 0.2291755934042859, 'hidden_continuous_size': 6, 'attention_head_size': 4, 'learning_rate': 0.007446236097984946}. Best is trial 15 with value: 178.740966796875.
LOCAL_RANK: 0 - CUDA_VISIBLE_DEVICES: [0]
[I 2023-12-16 05:37:45,164] Trial 19 finished with value: 239.09559631347656 and parameters: {'gradient_clip_val': 0.29338770116968405, 'hidden_size': 19, 'dropout': 0.28215089747794414, 'hidden_continuous_size': 7, 'attention_head_size': 3, 'learning_rate': 0.0012929558280490288}. Best is trial 15 with value: 178.740966796875.
LOCAL_RANK: 0 - CUDA_VISIBLE_DEVICES: [0]
[I 2023-12-16 05:38:29,974] Trial 20 finished with value: 228.1501007080078 and parameters: {'gradient_clip_val': 0.42080121101123513, 'hidden_size': 12, 'dropout': 0.3199548819015081, 'hidden_continuous_size': 6, 'attention_head_size': 4, 'learning_rate': 0.00516503152733805}. Best is trial 15 with value: 178.740966796875.
LOCAL_RANK: 0 - CUDA_VISIBLE_DEVICES: [0]
[I 2023-12-16 05:39:14,814] Trial 21 finished with value: 190.0328369140625 and parameters: {'gradient_clip_val': 0.30138679083117165, 'hidden_size': 8, 'dropout': 0.36261017652275734, 'hidden_continuous_size': 7, 'attention_head_size': 4, 'learning_rate': 0.010775694091195272}. Best is trial 15 with value: 178.740966796875.
LOCAL_RANK: 0 - CUDA_VISIBLE_DEVICES: [0]
[I 2023-12-16 05:40:00,700] Trial 22 finished with value: 213.4860076904297 and parameters: {'gradient_clip_val': 0.323573473204429, 'hidden_size': 7, 'dropout': 0.34680906869161376, 'hidden_continuous_size': 6, 'attention_head_size': 4, 'learning_rate': 0.009554388495952285}. Best is trial 15 with value: 178.740966796875.
LOCAL_RANK: 0 - CUDA_VISIBLE_DEVICES: [0]
[I 2023-12-16 05:40:46,412] Trial 23 finished with value: 172.96820068359375 and parameters: {'gradient_clip_val': 0.2157611580284501, 'hidden_size': 9, 'dropout': 0.2967848593620018, 'hidden_continuous_size': 7, 'attention_head_size': 4, 'learning_rate': 0.006284756955756973}. Best is trial 23 with value: 172.96820068359375.
LOCAL_RANK: 0 - CUDA_VISIBLE_DEVICES: [0]
[I 2023-12-16 05:41:32,202] Trial 24 finished with value: 253.70068359375 and parameters: {'gradient_clip_val': 0.2085424429446573, 'hidden_size': 10, 'dropout': 0.37232572929578933, 'hidden_continuous_size': 7, 'attention_head_size': 3, 'learning_rate': 0.0040326252731388516}. Best is trial 23 with value: 172.96820068359375.
LOCAL_RANK: 0 - CUDA_VISIBLE_DEVICES: [0]
[I 2023-12-16 05:42:17,850] Trial 25 finished with value: 200.8818817138672 and parameters: {'gradient_clip_val': 0.2546260580318326, 'hidden_size': 6, 'dropout': 0.32897607391128597, 'hidden_continuous_size': 5, 'attention_head_size': 4, 'learning_rate': 0.011493330279751635}. Best is trial 23 with value: 172.96820068359375.
LOCAL_RANK: 0 - CUDA_VISIBLE_DEVICES: [0]
[I 2023-12-16 05:43:04,107] Trial 26 finished with value: 301.1086120605469 and parameters: {'gradient_clip_val': 0.1807621786353795, 'hidden_size': 14, 'dropout': 0.30010218262186283, 'hidden_continuous_size': 7, 'attention_head_size': 3, 'learning_rate': 0.008088590309478862}. Best is trial 23 with value: 172.96820068359375.
LOCAL_RANK: 0 - CUDA_VISIBLE_DEVICES: [0]
[I 2023-12-16 05:43:49,544] Trial 27 finished with value: 316.5751037597656 and parameters: {'gradient_clip_val': 0.30640516428495845, 'hidden_size': 6, 'dropout': 0.3643707028093607, 'hidden_continuous_size': 5, 'attention_head_size': 4, 'learning_rate': 0.0032273351476504093}. Best is trial 23 with value: 172.96820068359375.
LOCAL_RANK: 0 - CUDA_VISIBLE_DEVICES: [0]
[I 2023-12-16 05:44:34,425] Trial 28 finished with value: 244.39610290527344 and parameters: {'gradient_clip_val': 0.24950910969355722, 'hidden_size': 9, 'dropout': 0.33205882906579887, 'hidden_continuous_size': 6, 'attention_head_size': 2, 'learning_rate': 0.005556067604367756}. Best is trial 23 with value: 172.96820068359375.
LOCAL_RANK: 0 - CUDA_VISIBLE_DEVICES: [0]
[I 2023-12-16 05:45:19,507] Trial 29 finished with value: 230.5192413330078 and parameters: {'gradient_clip_val': 0.3337123654929106, 'hidden_size': 12, 'dropout': 0.2949422981289975, 'hidden_continuous_size': 7, 'attention_head_size': 4, 'learning_rate': 0.007203587517856551}. Best is trial 23 with value: 172.96820068359375.
LOCAL_RANK: 0 - CUDA_VISIBLE_DEVICES: [0]
[I 2023-12-16 05:45:53,937] Trial 30 finished with value: 284.5718078613281 and parameters: {'gradient_clip_val': 0.16777482095276006, 'hidden_size': 5, 'dropout': 0.3108809762706877, 'hidden_continuous_size': 5, 'attention_head_size': 4, 'learning_rate': 0.011944401747259541}. Best is trial 23 with value: 172.96820068359375.
LOCAL_RANK: 0 - CUDA_VISIBLE_DEVICES: [0]
[I 2023-12-16 05:46:38,699] Trial 31 finished with value: 255.7958526611328 and parameters: {'gradient_clip_val': 0.3844699924160851, 'hidden_size': 8, 'dropout': 0.26919064607541643, 'hidden_continuous_size': 7, 'attention_head_size': 4, 'learning_rate': 0.007246851444965541}. Best is trial 23 with value: 172.96820068359375.
LOCAL_RANK: 0 - CUDA_VISIBLE_DEVICES: [0]
[I 2023-12-16 05:47:23,399] Trial 32 finished with value: 222.01210021972656 and parameters: {'gradient_clip_val': 0.27472891386810966, 'hidden_size': 8, 'dropout': 0.2857911815365914, 'hidden_continuous_size': 7, 'attention_head_size': 4, 'learning_rate': 0.006588064554117272}. Best is trial 23 with value: 172.96820068359375.
LOCAL_RANK: 0 - CUDA_VISIBLE_DEVICES: [0]
[I 2023-12-16 05:48:09,298] Trial 33 finished with value: 235.31236267089844 and parameters: {'gradient_clip_val': 0.2249087475484722, 'hidden_size': 10, 'dropout': 0.2611670449163281, 'hidden_continuous_size': 6, 'attention_head_size': 4, 'learning_rate': 0.0038115034560080876}. Best is trial 23 with value: 172.96820068359375.
LOCAL_RANK: 0 - CUDA_VISIBLE_DEVICES: [0]
[I 2023-12-16 05:48:54,141] Trial 34 finished with value: 255.9316864013672 and parameters: {'gradient_clip_val': 0.3405880688415059, 'hidden_size': 12, 'dropout': 0.29153633452289995, 'hidden_continuous_size': 8, 'attention_head_size': 4, 'learning_rate': 0.00982897604142352}. Best is trial 23 with value: 172.96820068359375.
LOCAL_RANK: 0 - CUDA_VISIBLE_DEVICES: [0]
[I 2023-12-16 05:49:28,810] Trial 35 finished with value: 245.9637451171875 and parameters: {'gradient_clip_val': 0.4449776635397271, 'hidden_size': 6, 'dropout': 0.31413972554244457, 'hidden_continuous_size': 6, 'attention_head_size': 4, 'learning_rate': 0.005826591032723242}. Best is trial 23 with value: 172.96820068359375.
LOCAL_RANK: 0 - CUDA_VISIBLE_DEVICES: [0]
[I 2023-12-16 05:50:14,352] Trial 36 finished with value: 225.3432159423828 and parameters: {'gradient_clip_val': 0.3030697325964064, 'hidden_size': 16, 'dropout': 0.24491844119431605, 'hidden_continuous_size': 9, 'attention_head_size': 3, 'learning_rate': 0.0022852108918640494}. Best is trial 23 with value: 172.96820068359375.
LOCAL_RANK: 0 - CUDA_VISIBLE_DEVICES: [0]
[I 2023-12-16 05:51:00,254] Trial 37 finished with value: 206.6051025390625 and parameters: {'gradient_clip_val': 0.506920284555682, 'hidden_size': 10, 'dropout': 0.34901122713310456, 'hidden_continuous_size': 7, 'attention_head_size': 4, 'learning_rate': 0.004121488422881108}. Best is trial 23 with value: 172.96820068359375.
LOCAL_RANK: 0 - CUDA_VISIBLE_DEVICES: [0]
[I 2023-12-16 05:51:45,763] Trial 38 finished with value: 191.1436767578125 and parameters: {'gradient_clip_val': 0.3601015394250775, 'hidden_size': 7, 'dropout': 0.25683459219419436, 'hidden_continuous_size': 6, 'attention_head_size': 3, 'learning_rate': 0.008784192494826062}. Best is trial 23 with value: 172.96820068359375.
LOCAL_RANK: 0 - CUDA_VISIBLE_DEVICES: [0]
