[I 2023-12-16 04:40:02,380] Trial 10 finished with value: 1.929987907409668 and parameters: {'gradient_clip_val': 0.10876179414391027, 'hidden_size': 35, 'dropout': 0.11876312470250883, 'hidden_continuous_size': 10, 'attention_head_size': 4, 'learning_rate': 0.059751149914271176}. Best is trial 6 with value: 0.1789667159318924.
LOCAL_RANK: 0 - CUDA_VISIBLE_DEVICES: [0]
[I 2023-12-16 04:40:54,763] Trial 11 finished with value: 0.10803071409463882 and parameters: {'gradient_clip_val': 0.1466339398015671, 'hidden_size': 44, 'dropout': 0.2344857493558806, 'hidden_continuous_size': 34, 'attention_head_size': 2, 'learning_rate': 0.0034003701000148564}. Best is trial 11 with value: 0.10803071409463882.
LOCAL_RANK: 0 - CUDA_VISIBLE_DEVICES: [0]
[I 2023-12-16 04:41:46,450] Trial 12 finished with value: 2.9520797729492188 and parameters: {'gradient_clip_val': 0.1063457432880415, 'hidden_size': 41, 'dropout': 0.20470069217586953, 'hidden_continuous_size': 11, 'attention_head_size': 2, 'learning_rate': 0.005963301928437548}. Best is trial 11 with value: 0.10803071409463882.
LOCAL_RANK: 0 - CUDA_VISIBLE_DEVICES: [0]
[I 2023-12-16 04:42:31,043] Trial 13 finished with value: 0.707862377166748 and parameters: {'gradient_clip_val': 0.14194319289273435, 'hidden_size': 16, 'dropout': 0.25319047218217433, 'hidden_continuous_size': 7, 'attention_head_size': 2, 'learning_rate': 0.08730131762496726}. Best is trial 11 with value: 0.10803071409463882.
LOCAL_RANK: 0 - CUDA_VISIBLE_DEVICES: [0]
[I 2023-12-16 04:43:22,909] Trial 14 finished with value: 0.2404720038175583 and parameters: {'gradient_clip_val': 0.15958211443257211, 'hidden_size': 48, 'dropout': 0.17656446486227817, 'hidden_continuous_size': 27, 'attention_head_size': 2, 'learning_rate': 0.0067129193692288015}. Best is trial 11 with value: 0.10803071409463882.
LOCAL_RANK: 0 - CUDA_VISIBLE_DEVICES: [0]
[I 2023-12-16 04:44:12,598] Trial 15 finished with value: 1.9173521995544434 and parameters: {'gradient_clip_val': 0.14386821666587327, 'hidden_size': 27, 'dropout': 0.2683675794780247, 'hidden_continuous_size': 13, 'attention_head_size': 3, 'learning_rate': 0.01763981779148461}. Best is trial 11 with value: 0.10803071409463882.
LOCAL_RANK: 0 - CUDA_VISIBLE_DEVICES: [0]
[I 2023-12-16 04:45:10,127] Trial 16 finished with value: 1.0244439840316772 and parameters: {'gradient_clip_val': 0.4115840806321003, 'hidden_size': 95, 'dropout': 0.21196751125805494, 'hidden_continuous_size': 74, 'attention_head_size': 2, 'learning_rate': 0.002967773806673212}. Best is trial 11 with value: 0.10803071409463882.
LOCAL_RANK: 0 - CUDA_VISIBLE_DEVICES: [0]
[I 2023-12-16 04:45:55,217] Trial 17 finished with value: 1.006032943725586 and parameters: {'gradient_clip_val': 0.21550032069385172, 'hidden_size': 12, 'dropout': 0.1419883187346117, 'hidden_continuous_size': 6, 'attention_head_size': 4, 'learning_rate': 0.013686729708918757}. Best is trial 11 with value: 0.10803071409463882.
LOCAL_RANK: 0 - CUDA_VISIBLE_DEVICES: [0]
[I 2023-12-16 04:46:48,235] Trial 18 finished with value: 1.1733546257019043 and parameters: {'gradient_clip_val': 0.10832094642934949, 'hidden_size': 59, 'dropout': 0.1881702859884193, 'hidden_continuous_size': 10, 'attention_head_size': 3, 'learning_rate': 0.004033102420457208}. Best is trial 11 with value: 0.10803071409463882.
LOCAL_RANK: 0 - CUDA_VISIBLE_DEVICES: [0]
[I 2023-12-16 04:47:36,596] Trial 19 finished with value: 2.0301730632781982 and parameters: {'gradient_clip_val': 0.17408686085045566, 'hidden_size': 36, 'dropout': 0.10456797444878597, 'hidden_continuous_size': 8, 'attention_head_size': 2, 'learning_rate': 0.03155620291553508}. Best is trial 11 with value: 0.10803071409463882.
LOCAL_RANK: 0 - CUDA_VISIBLE_DEVICES: [0]
[I 2023-12-16 04:48:24,991] Trial 20 finished with value: 2.272820472717285 and parameters: {'gradient_clip_val': 0.1318875871385708, 'hidden_size': 28, 'dropout': 0.22807743436892772, 'hidden_continuous_size': 13, 'attention_head_size': 3, 'learning_rate': 0.011221460348702703}. Best is trial 11 with value: 0.10803071409463882.
LOCAL_RANK: 0 - CUDA_VISIBLE_DEVICES: [0]
[I 2023-12-16 04:49:17,996] Trial 21 finished with value: 0.9561738967895508 and parameters: {'gradient_clip_val': 0.2218743487983863, 'hidden_size': 53, 'dropout': 0.24921256690029364, 'hidden_continuous_size': 31, 'attention_head_size': 1, 'learning_rate': 0.00165340481036144}. Best is trial 11 with value: 0.10803071409463882.
LOCAL_RANK: 0 - CUDA_VISIBLE_DEVICES: [0]
[I 2023-12-16 04:50:10,741] Trial 22 finished with value: 0.11353657394647598 and parameters: {'gradient_clip_val': 0.1824313446703019, 'hidden_size': 47, 'dropout': 0.23464801234803812, 'hidden_continuous_size': 25, 'attention_head_size': 2, 'learning_rate': 0.0010387036592330273}. Best is trial 11 with value: 0.10803071409463882.
LOCAL_RANK: 0 - CUDA_VISIBLE_DEVICES: [0]
[I 2023-12-16 04:51:02,422] Trial 23 finished with value: 5.837871551513672 and parameters: {'gradient_clip_val': 0.13464619788574758, 'hidden_size': 40, 'dropout': 0.21223198670356475, 'hidden_continuous_size': 16, 'attention_head_size': 2, 'learning_rate': 0.0011408021011083183}. Best is trial 11 with value: 0.10803071409463882.
LOCAL_RANK: 0 - CUDA_VISIBLE_DEVICES: [0]
[I 2023-12-16 04:51:56,049] Trial 24 finished with value: 1.589234709739685 and parameters: {'gradient_clip_val': 0.1786827824124862, 'hidden_size': 63, 'dropout': 0.2839337909189228, 'hidden_continuous_size': 23, 'attention_head_size': 2, 'learning_rate': 0.0010890866948321401}. Best is trial 11 with value: 0.10803071409463882.
LOCAL_RANK: 0 - CUDA_VISIBLE_DEVICES: [0]
[I 2023-12-16 04:52:43,609] Trial 25 finished with value: 0.5325601100921631 and parameters: {'gradient_clip_val': 0.12378097416134824, 'hidden_size': 24, 'dropout': 0.23294154669150877, 'hidden_continuous_size': 9, 'attention_head_size': 2, 'learning_rate': 0.004506095596765245}. Best is trial 11 with value: 0.10803071409463882.
LOCAL_RANK: 0 - CUDA_VISIBLE_DEVICES: [0]
[I 2023-12-16 04:53:33,919] Trial 26 finished with value: 2.670513153076172 and parameters: {'gradient_clip_val': 0.16078730727568466, 'hidden_size': 33, 'dropout': 0.16995712021182677, 'hidden_continuous_size': 12, 'attention_head_size': 3, 'learning_rate': 0.003154121235007023}. Best is trial 11 with value: 0.10803071409463882.
LOCAL_RANK: 0 - CUDA_VISIBLE_DEVICES: [0]
[I 2023-12-16 04:54:29,472] Trial 27 finished with value: 1.5590676069259644 and parameters: {'gradient_clip_val': 0.12150008124499899, 'hidden_size': 100, 'dropout': 0.20724311785283045, 'hidden_continuous_size': 43, 'attention_head_size': 2, 'learning_rate': 0.002390787325523952}. Best is trial 11 with value: 0.10803071409463882.
LOCAL_RANK: 0 - CUDA_VISIBLE_DEVICES: [0]
[I 2023-12-16 04:55:22,518] Trial 28 finished with value: 3.8890535831451416 and parameters: {'gradient_clip_val': 0.2488064579118975, 'hidden_size': 45, 'dropout': 0.25583214933559684, 'hidden_continuous_size': 16, 'attention_head_size': 3, 'learning_rate': 0.008961247623649386}. Best is trial 11 with value: 0.10803071409463882.
LOCAL_RANK: 0 - CUDA_VISIBLE_DEVICES: [0]
[I 2023-12-16 04:56:17,268] Trial 29 finished with value: 1.5335742235183716 and parameters: {'gradient_clip_val': 0.19664041014163672, 'hidden_size': 70, 'dropout': 0.27745024723625006, 'hidden_continuous_size': 24, 'attention_head_size': 4, 'learning_rate': 0.0049512611831146885}. Best is trial 11 with value: 0.10803071409463882.
LOCAL_RANK: 0 - CUDA_VISIBLE_DEVICES: [0]
[I 2023-12-16 04:57:09,635] Trial 30 finished with value: 0.8517417907714844 and parameters: {'gradient_clip_val': 0.10048531420944525, 'hidden_size': 56, 'dropout': 0.19683427216153676, 'hidden_continuous_size': 19, 'attention_head_size': 2, 'learning_rate': 0.024630695265805247}. Best is trial 11 with value: 0.10803071409463882.
LOCAL_RANK: 0 - CUDA_VISIBLE_DEVICES: [0]
[I 2023-12-16 04:58:02,515] Trial 31 finished with value: 3.472166061401367 and parameters: {'gradient_clip_val': 0.19385667068895424, 'hidden_size': 49, 'dropout': 0.24046814317336454, 'hidden_continuous_size': 31, 'attention_head_size': 1, 'learning_rate': 0.0016543852731334499}. Best is trial 11 with value: 0.10803071409463882.
LOCAL_RANK: 0 - CUDA_VISIBLE_DEVICES: [0]
[I 2023-12-16 04:58:54,416] Trial 32 finished with value: 3.193575859069824 and parameters: {'gradient_clip_val': 0.15720330503442567, 'hidden_size': 43, 'dropout': 0.2254892161637317, 'hidden_continuous_size': 14, 'attention_head_size': 1, 'learning_rate': 0.0008936143774530616}. Best is trial 11 with value: 0.10803071409463882.
LOCAL_RANK: 0 - CUDA_VISIBLE_DEVICES: [0]
[I 2023-12-16 04:59:43,714] Trial 33 finished with value: 2.9814345836639404 and parameters: {'gradient_clip_val': 0.24278163891435373, 'hidden_size': 33, 'dropout': 0.2681340951148283, 'hidden_continuous_size': 11, 'attention_head_size': 1, 'learning_rate': 0.001655997697307991}. Best is trial 11 with value: 0.10803071409463882.
LOCAL_RANK: 0 - CUDA_VISIBLE_DEVICES: [0]
[I 2023-12-16 05:00:38,505] Trial 34 finished with value: 2.6075327396392822 and parameters: {'gradient_clip_val': 0.29624478555982137, 'hidden_size': 79, 'dropout': 0.18865214269609318, 'hidden_continuous_size': 39, 'attention_head_size': 1, 'learning_rate': 0.0005805037156955532}. Best is trial 11 with value: 0.10803071409463882.
LOCAL_RANK: 0 - CUDA_VISIBLE_DEVICES: [0]
[I 2023-12-16 05:01:32,367] Trial 35 finished with value: 1.5132015943527222 and parameters: {'gradient_clip_val': 0.20950922122997165, 'hidden_size': 56, 'dropout': 0.24206713434609559, 'hidden_continuous_size': 34, 'attention_head_size': 3, 'learning_rate': 0.008404694415814337}. Best is trial 11 with value: 0.10803071409463882.
LOCAL_RANK: 0 - CUDA_VISIBLE_DEVICES: [0]
[I 2023-12-16 05:02:25,565] Trial 36 finished with value: 1.2085314989089966 and parameters: {'gradient_clip_val': 0.16873469787134146, 'hidden_size': 66, 'dropout': 0.2925828847592998, 'hidden_continuous_size': 26, 'attention_head_size': 1, 'learning_rate': 0.0012328575221907353}. Best is trial 11 with value: 0.10803071409463882.
LOCAL_RANK: 0 - CUDA_VISIBLE_DEVICES: [0]
[I 2023-12-16 05:03:18,354] Trial 37 finished with value: 2.0809366703033447 and parameters: {'gradient_clip_val': 0.18262996826373726, 'hidden_size': 47, 'dropout': 0.21545285539812886, 'hidden_continuous_size': 22, 'attention_head_size': 2, 'learning_rate': 0.0008376289919014454}. Best is trial 11 with value: 0.10803071409463882.
LOCAL_RANK: 0 - CUDA_VISIBLE_DEVICES: [0]
[I 2023-12-16 05:04:14,154] Trial 38 finished with value: 2.965092897415161 and parameters: {'gradient_clip_val': 0.26909474254121457, 'hidden_size': 79, 'dropout': 0.2555650646430155, 'hidden_continuous_size': 51, 'attention_head_size': 3, 'learning_rate': 0.0037541546092192775}. Best is trial 11 with value: 0.10803071409463882.
LOCAL_RANK: 0 - CUDA_VISIBLE_DEVICES: [0]
[I 2023-12-16 05:05:06,084] Trial 39 finished with value: 1.8327487707138062 and parameters: {'gradient_clip_val': 0.1502635910537993, 'hidden_size': 38, 'dropout': 0.23174066252849215, 'hidden_continuous_size': 18, 'attention_head_size': 1, 'learning_rate': 0.0005089935080161827}. Best is trial 11 with value: 0.10803071409463882.
LOCAL_RANK: 0 - CUDA_VISIBLE_DEVICES: [0]
[I 2023-12-16 05:05:56,712] Trial 40 finished with value: 0.6352827548980713 and parameters: {'gradient_clip_val': 0.3315472883938564, 'hidden_size': 32, 'dropout': 0.1626651417110279, 'hidden_continuous_size': 20, 'attention_head_size': 2, 'learning_rate': 0.0022393189751435697}. Best is trial 11 with value: 0.10803071409463882.
LOCAL_RANK: 0 - CUDA_VISIBLE_DEVICES: [0]
[I 2023-12-16 05:06:49,404] Trial 41 finished with value: 0.44352102279663086 and parameters: {'gradient_clip_val': 0.15718501432404539, 'hidden_size': 47, 'dropout': 0.18743234248344154, 'hidden_continuous_size': 27, 'attention_head_size': 2, 'learning_rate': 0.005885928900554698}. Best is trial 11 with value: 0.10803071409463882.
LOCAL_RANK: 0 - CUDA_VISIBLE_DEVICES: [0]
[I 2023-12-16 05:07:41,602] Trial 42 finished with value: 2.914149522781372 and parameters: {'gradient_clip_val': 0.1209941585198494, 'hidden_size': 52, 'dropout': 0.171231752422634, 'hidden_continuous_size': 27, 'attention_head_size': 2, 'learning_rate': 0.006322933683684088}. Best is trial 11 with value: 0.10803071409463882.
LOCAL_RANK: 0 - CUDA_VISIBLE_DEVICES: [0]
[I 2023-12-16 05:08:34,545] Trial 43 finished with value: 0.5390768051147461 and parameters: {'gradient_clip_val': 0.1449999474457789, 'hidden_size': 41, 'dropout': 0.19854091643072228, 'hidden_continuous_size': 22, 'attention_head_size': 3, 'learning_rate': 0.0070406647940951875}. Best is trial 11 with value: 0.10803071409463882.
LOCAL_RANK: 0 - CUDA_VISIBLE_DEVICES: [0]
[I 2023-12-16 05:09:28,211] Trial 44 finished with value: 2.763660192489624 and parameters: {'gradient_clip_val': 0.18480755369485835, 'hidden_size': 67, 'dropout': 0.2198723684001525, 'hidden_continuous_size': 29, 'attention_head_size': 2, 'learning_rate': 0.01047990200874391}. Best is trial 11 with value: 0.10803071409463882.
LOCAL_RANK: 0 - CUDA_VISIBLE_DEVICES: [0]
[I 2023-12-16 05:10:17,056] Trial 45 finished with value: 4.602674961090088 and parameters: {'gradient_clip_val': 0.16094624939644805, 'hidden_size': 23, 'dropout': 0.24192663111760504, 'hidden_continuous_size': 9, 'attention_head_size': 2, 'learning_rate': 0.013726681222819255}. Best is trial 11 with value: 0.10803071409463882.
LOCAL_RANK: 0 - CUDA_VISIBLE_DEVICES: [0]
[I 2023-12-16 05:11:08,435] Trial 46 finished with value: 1.2404766082763672 and parameters: {'gradient_clip_val': 0.13553133965699754, 'hidden_size': 30, 'dropout': 0.20167429112608204, 'hidden_continuous_size': 21, 'attention_head_size': 3, 'learning_rate': 0.005229707968814589}. Best is trial 11 with value: 0.10803071409463882.
LOCAL_RANK: 0 - CUDA_VISIBLE_DEVICES: [0]
[I 2023-12-16 05:12:00,281] Trial 47 finished with value: 2.0251963138580322 and parameters: {'gradient_clip_val': 0.2113688785284154, 'hidden_size': 37, 'dropout': 0.21780234441734622, 'hidden_continuous_size': 25, 'attention_head_size': 1, 'learning_rate': 0.007022486432984507}. Best is trial 11 with value: 0.10803071409463882.
LOCAL_RANK: 0 - CUDA_VISIBLE_DEVICES: [0]
[I 2023-12-16 05:12:54,220] Trial 48 finished with value: 0.8074658513069153 and parameters: {'gradient_clip_val': 0.11551700361726923, 'hidden_size': 58, 'dropout': 0.17904643982450022, 'hidden_continuous_size': 18, 'attention_head_size': 4, 'learning_rate': 0.0035241000198152285}. Best is trial 11 with value: 0.10803071409463882.
LOCAL_RANK: 0 - CUDA_VISIBLE_DEVICES: [0]
[I 2023-12-16 05:13:46,964] Trial 49 finished with value: 1.8220258951187134 and parameters: {'gradient_clip_val': 0.16983290565600048, 'hidden_size': 45, 'dropout': 0.1582866435251902, 'hidden_continuous_size': 24, 'attention_head_size': 2, 'learning_rate': 0.002809504002269641}. Best is trial 11 with value: 0.10803071409463882.
[I 2023-12-16 05:13:47,057] A new study created in memory with name: no-name-ebb62455-65ac-4c69-80b6-bfdb0198cf18
/home/le004/conda/anaconda3/envs/tsff_env/lib/python3.9/site-packages/lightning/fabric/plugins/environments/slurm.py:191: The `srun` command is available on your system but is not used. HINT: If your intention is to run Lightning on SLURM, prepend your python command with `srun` like so: srun python /home/le004/master_thesis/git/TSFusionForecast/code/ ...
LOCAL_RANK: 0 - CUDA_VISIBLE_DEVICES: [0]
[I 2023-12-16 05:14:37,325] Trial 0 finished with value: 0.30650725960731506 and parameters: {'gradient_clip_val': 0.3292948566888642, 'hidden_size': 30, 'dropout': 0.15496112159108116, 'hidden_continuous_size': 18, 'attention_head_size': 3, 'learning_rate': 0.002771118417243043}. Best is trial 0 with value: 0.30650725960731506.
LOCAL_RANK: 0 - CUDA_VISIBLE_DEVICES: [0]
[I 2023-12-16 05:15:29,746] Trial 1 finished with value: 1.0843878984451294 and parameters: {'gradient_clip_val': 0.39182960494148655, 'hidden_size': 48, 'dropout': 0.1564473347222582, 'hidden_continuous_size': 10, 'attention_head_size': 3, 'learning_rate': 0.005433269510844918}. Best is trial 0 with value: 0.30650725960731506.
LOCAL_RANK: 0 - CUDA_VISIBLE_DEVICES: [0]
[I 2023-12-16 05:16:15,370] Trial 2 finished with value: 1.302709698677063 and parameters: {'gradient_clip_val': 0.37176450419269, 'hidden_size': 9, 'dropout': 0.3469280860795869, 'hidden_continuous_size': 6, 'attention_head_size': 3, 'learning_rate': 0.0066567950155345616}. Best is trial 0 with value: 0.30650725960731506.
LOCAL_RANK: 0 - CUDA_VISIBLE_DEVICES: [0]
[I 2023-12-16 05:16:59,989] Trial 3 finished with value: 0.22840619087219238 and parameters: {'gradient_clip_val': 0.2625424890379293, 'hidden_size': 7, 'dropout': 0.15565526000963936, 'hidden_continuous_size': 6, 'attention_head_size': 1, 'learning_rate': 0.022462070129361033}. Best is trial 3 with value: 0.22840619087219238.
LOCAL_RANK: 0 - CUDA_VISIBLE_DEVICES: [0]
[I 2023-12-16 05:17:47,140] Trial 4 finished with value: 0.18693190813064575 and parameters: {'gradient_clip_val': 0.1742680387239507, 'hidden_size': 14, 'dropout': 0.208992221406598, 'hidden_continuous_size': 12, 'attention_head_size': 4, 'learning_rate': 0.016560116925228734}. Best is trial 4 with value: 0.18693190813064575.
LOCAL_RANK: 0 - CUDA_VISIBLE_DEVICES: [0]
[I 2023-12-16 05:18:40,403] Trial 5 finished with value: 0.2848697602748871 and parameters: {'gradient_clip_val': 0.7080725339177661, 'hidden_size': 54, 'dropout': 0.3239827540878599, 'hidden_continuous_size': 10, 'attention_head_size': 3, 'learning_rate': 0.02885296641758162}. Best is trial 4 with value: 0.18693190813064575.
LOCAL_RANK: 0 - CUDA_VISIBLE_DEVICES: [0]
[I 2023-12-16 05:19:34,074] Trial 6 finished with value: 0.17184162139892578 and parameters: {'gradient_clip_val': 0.973783413829287, 'hidden_size': 45, 'dropout': 0.3194478951776063, 'hidden_continuous_size': 23, 'attention_head_size': 4, 'learning_rate': 0.024789911313520187}. Best is trial 6 with value: 0.17184162139892578.
LOCAL_RANK: 0 - CUDA_VISIBLE_DEVICES: [0]
[I 2023-12-16 05:20:08,499] Trial 7 finished with value: 0.2975122034549713 and parameters: {'gradient_clip_val': 0.1874096304723962, 'hidden_size': 29, 'dropout': 0.3100679414626474, 'hidden_continuous_size': 29, 'attention_head_size': 1, 'learning_rate': 0.0032791043200811336}. Best is trial 6 with value: 0.17184162139892578.
LOCAL_RANK: 0 - CUDA_VISIBLE_DEVICES: [0]
[I 2023-12-16 05:20:57,615] Trial 8 finished with value: 0.20250435173511505 and parameters: {'gradient_clip_val': 0.3685480745434527, 'hidden_size': 31, 'dropout': 0.3656744823449003, 'hidden_continuous_size': 5, 'attention_head_size': 3, 'learning_rate': 0.004077467785032066}. Best is trial 6 with value: 0.17184162139892578.
LOCAL_RANK: 0 - CUDA_VISIBLE_DEVICES: [0]
[I 2023-12-16 05:21:43,870] Trial 9 finished with value: 0.23122543096542358 and parameters: {'gradient_clip_val': 0.3828939362859392, 'hidden_size': 15, 'dropout': 0.2527242290475541, 'hidden_continuous_size': 14, 'attention_head_size': 1, 'learning_rate': 0.013206620691270687}. Best is trial 6 with value: 0.17184162139892578.
LOCAL_RANK: 0 - CUDA_VISIBLE_DEVICES: [0]
[I 2023-12-16 05:22:42,388] Trial 10 finished with value: 0.3652494251728058 and parameters: {'gradient_clip_val': 0.8932326762500002, 'hidden_size': 99, 'dropout': 0.3951281655385194, 'hidden_continuous_size': 69, 'attention_head_size': 4, 'learning_rate': 0.09115921468680326}. Best is trial 6 with value: 0.17184162139892578.
LOCAL_RANK: 0 - CUDA_VISIBLE_DEVICES: [0]
[I 2023-12-16 05:23:28,834] Trial 11 finished with value: 1.2751775979995728 and parameters: {'gradient_clip_val': 0.11701370980413967, 'hidden_size': 13, 'dropout': 0.22213997532296598, 'hidden_continuous_size': 7, 'attention_head_size': 4, 'learning_rate': 0.0005522436077154156}. Best is trial 6 with value: 0.17184162139892578.
LOCAL_RANK: 0 - CUDA_VISIBLE_DEVICES: [0]
[I 2023-12-16 05:24:03,901] Trial 12 finished with value: 0.31534644961357117 and parameters: {'gradient_clip_val': 0.6491049979920444, 'hidden_size': 5, 'dropout': 0.26983711869125926, 'hidden_continuous_size': 5, 'attention_head_size': 4, 'learning_rate': 0.051877976580794065}. Best is trial 6 with value: 0.17184162139892578.
LOCAL_RANK: 0 - CUDA_VISIBLE_DEVICES: [0]
[I 2023-12-16 05:24:51,094] Trial 13 finished with value: 0.15877528488636017 and parameters: {'gradient_clip_val': 0.16209261757443474, 'hidden_size': 18, 'dropout': 0.22184452762246198, 'hidden_continuous_size': 8, 'attention_head_size': 2, 'learning_rate': 0.01458619975403204}. Best is trial 13 with value: 0.15877528488636017.
LOCAL_RANK: 0 - CUDA_VISIBLE_DEVICES: [0]
[I 2023-12-16 05:25:38,015] Trial 14 finished with value: 0.3440045416355133 and parameters: {'gradient_clip_val': 0.9476163994130509, 'hidden_size': 20, 'dropout': 0.29071172414412305, 'hidden_continuous_size': 8, 'attention_head_size': 2, 'learning_rate': 0.03921940083595784}. Best is trial 13 with value: 0.15877528488636017.
LOCAL_RANK: 0 - CUDA_VISIBLE_DEVICES: [0]
[I 2023-12-16 05:26:24,400] Trial 15 finished with value: 0.33734193444252014 and parameters: {'gradient_clip_val': 0.1003932823652186, 'hidden_size': 20, 'dropout': 0.220111441440768, 'hidden_continuous_size': 8, 'attention_head_size': 2, 'learning_rate': 0.011636653333365488}. Best is trial 13 with value: 0.15877528488636017.
LOCAL_RANK: 0 - CUDA_VISIBLE_DEVICES: [0]
[I 2023-12-16 05:27:17,070] Trial 16 finished with value: 0.42662349343299866 and parameters: {'gradient_clip_val': 0.5562910764970774, 'hidden_size': 46, 'dropout': 0.29194183138870916, 'hidden_continuous_size': 18, 'attention_head_size': 2, 'learning_rate': 0.0604274460538153}. Best is trial 13 with value: 0.15877528488636017.
LOCAL_RANK: 0 - CUDA_VISIBLE_DEVICES: [0]
