[I 2023-12-26 13:23:11,442] Trial 12 finished with value: 376.5721435546875 and parameters: {'gradient_clip_val': 0.26230611189577635, 'hidden_size': 16, 'dropout': 0.4986146362904714, 'hidden_continuous_size': 7, 'attention_head_size': 3, 'learning_rate': 0.014497173421732642}. Best is trial 0 with value: 76.76960754394531.
[I 2023-12-26 13:23:13,563] Trial 13 finished with value: 424.5924987792969 and parameters: {'gradient_clip_val': 0.4823071310710632, 'hidden_size': 19, 'dropout': 0.43317831271580537, 'hidden_continuous_size': 7, 'attention_head_size': 3, 'learning_rate': 0.0005354119458504229}. Best is trial 0 with value: 76.76960754394531.
[I 2023-12-26 13:23:15,566] Trial 14 finished with value: 532.3494262695312 and parameters: {'gradient_clip_val': 0.251774109808197, 'hidden_size': 10, 'dropout': 0.45106010485067166, 'hidden_continuous_size': 6, 'attention_head_size': 4, 'learning_rate': 0.040730879328936695}. Best is trial 0 with value: 76.76960754394531.
[I 2023-12-26 13:23:17,321] Trial 15 finished with value: 473.9277648925781 and parameters: {'gradient_clip_val': 0.21828930841940095, 'hidden_size': 5, 'dropout': 0.44018025686835094, 'hidden_continuous_size': 5, 'attention_head_size': 3, 'learning_rate': 0.008111987538544791}. Best is trial 0 with value: 76.76960754394531.
[I 2023-12-26 13:23:19,605] Trial 16 finished with value: 616.5844116210938 and parameters: {'gradient_clip_val': 0.9526069670642496, 'hidden_size': 25, 'dropout': 0.49955011885431017, 'hidden_continuous_size': 8, 'attention_head_size': 4, 'learning_rate': 0.028635968585798848}. Best is trial 0 with value: 76.76960754394531.
[I 2023-12-26 13:23:21,604] Trial 17 finished with value: 494.8108215332031 and parameters: {'gradient_clip_val': 0.31287953239866007, 'hidden_size': 12, 'dropout': 0.38260138327861926, 'hidden_continuous_size': 6, 'attention_head_size': 3, 'learning_rate': 0.07870875240675225}. Best is trial 0 with value: 76.76960754394531.
[I 2023-12-26 13:23:23,730] Trial 18 finished with value: 554.864501953125 and parameters: {'gradient_clip_val': 0.18502694288983937, 'hidden_size': 7, 'dropout': 0.45517615071058615, 'hidden_continuous_size': 5, 'attention_head_size': 4, 'learning_rate': 0.009773321672776813}. Best is trial 0 with value: 76.76960754394531.
[I 2023-12-26 13:23:25,715] Trial 19 finished with value: 646.3787231445312 and parameters: {'gradient_clip_val': 0.3191926138832139, 'hidden_size': 12, 'dropout': 0.40774892247569533, 'hidden_continuous_size': 6, 'attention_head_size': 3, 'learning_rate': 0.03654210300636161}. Best is trial 0 with value: 76.76960754394531.
[I 2023-12-26 13:23:28,143] Trial 20 finished with value: 356.9320373535156 and parameters: {'gradient_clip_val': 0.506522175733276, 'hidden_size': 29, 'dropout': 0.3483008892446754, 'hidden_continuous_size': 9, 'attention_head_size': 4, 'learning_rate': 0.007091717131460807}. Best is trial 0 with value: 76.76960754394531.
[I 2023-12-26 13:23:30,501] Trial 21 finished with value: 562.9512329101562 and parameters: {'gradient_clip_val': 0.45471101275591214, 'hidden_size': 28, 'dropout': 0.3478689858209217, 'hidden_continuous_size': 9, 'attention_head_size': 4, 'learning_rate': 0.006529110410934854}. Best is trial 0 with value: 76.76960754394531.
[I 2023-12-26 13:23:33,136] Trial 22 finished with value: 350.9425964355469 and parameters: {'gradient_clip_val': 0.5385940368467403, 'hidden_size': 38, 'dropout': 0.4167768009115729, 'hidden_continuous_size': 9, 'attention_head_size': 4, 'learning_rate': 0.01799628712207953}. Best is trial 0 with value: 76.76960754394531.
[I 2023-12-26 13:23:35,617] Trial 23 finished with value: 439.0100402832031 and parameters: {'gradient_clip_val': 0.29154130293791264, 'hidden_size': 36, 'dropout': 0.4673185723042791, 'hidden_continuous_size': 8, 'attention_head_size': 3, 'learning_rate': 0.022279083592846072}. Best is trial 0 with value: 76.76960754394531.
[I 2023-12-26 13:23:37,752] Trial 24 finished with value: 505.544921875 and parameters: {'gradient_clip_val': 0.36069859883702443, 'hidden_size': 20, 'dropout': 0.42125729587384586, 'hidden_continuous_size': 7, 'attention_head_size': 4, 'learning_rate': 0.01293735266327798}. Best is trial 0 with value: 76.76960754394531.
[I 2023-12-26 13:23:41,031] Trial 25 finished with value: 550.14306640625 and parameters: {'gradient_clip_val': 0.21461055656858452, 'hidden_size': 60, 'dropout': 0.4701148115791899, 'hidden_continuous_size': 9, 'attention_head_size': 3, 'learning_rate': 0.04673041943778118}. Best is trial 0 with value: 76.76960754394531.
[I 2023-12-26 13:23:43,107] Trial 26 finished with value: 553.344970703125 and parameters: {'gradient_clip_val': 0.6167048963711341, 'hidden_size': 14, 'dropout': 0.4182798586804085, 'hidden_continuous_size': 7, 'attention_head_size': 4, 'learning_rate': 0.019678072832436194}. Best is trial 0 with value: 76.76960754394531.
[I 2023-12-26 13:23:45,297] Trial 27 finished with value: 590.2002563476562 and parameters: {'gradient_clip_val': 0.2694053590491486, 'hidden_size': 22, 'dropout': 0.47332039881022675, 'hidden_continuous_size': 8, 'attention_head_size': 3, 'learning_rate': 0.029924013469180888}. Best is trial 0 with value: 76.76960754394531.
[I 2023-12-26 13:23:47,856] Trial 28 finished with value: 480.8755798339844 and parameters: {'gradient_clip_val': 0.3527452787794808, 'hidden_size': 35, 'dropout': 0.4370289911572204, 'hidden_continuous_size': 10, 'attention_head_size': 4, 'learning_rate': 0.0110088520128852}. Best is trial 0 with value: 76.76960754394531.
[I 2023-12-26 13:23:50,004] Trial 29 finished with value: 621.4602661132812 and parameters: {'gradient_clip_val': 0.4191907850524254, 'hidden_size': 7, 'dropout': 0.4053331782001854, 'hidden_continuous_size': 6, 'attention_head_size': 4, 'learning_rate': 0.09195944006318799}. Best is trial 0 with value: 76.76960754394531.
[I 2023-12-26 13:23:52,191] Trial 30 finished with value: 462.398681640625 and parameters: {'gradient_clip_val': 0.5567038006723998, 'hidden_size': 22, 'dropout': 0.47422054721698387, 'hidden_continuous_size': 8, 'attention_head_size': 3, 'learning_rate': 0.059152264886103464}. Best is trial 0 with value: 76.76960754394531.
[I 2023-12-26 13:23:54,645] Trial 31 finished with value: 526.0179443359375 and parameters: {'gradient_clip_val': 0.5381820690524076, 'hidden_size': 33, 'dropout': 0.3657451414179184, 'hidden_continuous_size': 9, 'attention_head_size': 4, 'learning_rate': 0.005570529707649161}. Best is trial 0 with value: 76.76960754394531.
[I 2023-12-26 13:23:57,626] Trial 32 finished with value: 477.1786193847656 and parameters: {'gradient_clip_val': 0.7434145358805216, 'hidden_size': 47, 'dropout': 0.3990394977077848, 'hidden_continuous_size': 14, 'attention_head_size': 4, 'learning_rate': 0.007694675319947506}. Best is trial 0 with value: 76.76960754394531.
[I 2023-12-26 13:24:00,002] Trial 33 finished with value: 503.2197265625 and parameters: {'gradient_clip_val': 0.45116698698249086, 'hidden_size': 27, 'dropout': 0.34879946056261074, 'hidden_continuous_size': 9, 'attention_head_size': 4, 'learning_rate': 0.010016700017285335}. Best is trial 0 with value: 76.76960754394531.
[I 2023-12-26 13:24:02,140] Trial 34 finished with value: 559.7765502929688 and parameters: {'gradient_clip_val': 0.4012673886134892, 'hidden_size': 15, 'dropout': 0.44410398646339333, 'hidden_continuous_size': 7, 'attention_head_size': 4, 'learning_rate': 0.01644824201113058}. Best is trial 0 with value: 76.76960754394531.
[I 2023-12-26 13:24:04,205] Trial 35 finished with value: 529.6649780273438 and parameters: {'gradient_clip_val': 0.3295891197867565, 'hidden_size': 18, 'dropout': 0.3892326982007185, 'hidden_continuous_size': 10, 'attention_head_size': 2, 'learning_rate': 0.005782670376024658}. Best is trial 0 with value: 76.76960754394531.
[I 2023-12-26 13:24:06,799] Trial 36 finished with value: 531.2100219726562 and parameters: {'gradient_clip_val': 0.40046078105749683, 'hidden_size': 40, 'dropout': 0.42286973109204923, 'hidden_continuous_size': 11, 'attention_head_size': 4, 'learning_rate': 0.023769748782885618}. Best is trial 0 with value: 76.76960754394531.
[I 2023-12-26 13:24:09,285] Trial 37 finished with value: 415.4476623535156 and parameters: {'gradient_clip_val': 0.7032945864714496, 'hidden_size': 33, 'dropout': 0.32752993014364207, 'hidden_continuous_size': 15, 'attention_head_size': 3, 'learning_rate': 0.011852546332128962}. Best is trial 0 with value: 76.76960754394531.
[I 2023-12-26 13:24:12,243] Trial 38 finished with value: 636.455322265625 and parameters: {'gradient_clip_val': 0.5039237172286494, 'hidden_size': 49, 'dropout': 0.48096948037094106, 'hidden_continuous_size': 17, 'attention_head_size': 4, 'learning_rate': 0.0156040762328084}. Best is trial 0 with value: 76.76960754394531.
[I 2023-12-26 13:24:14,448] Trial 39 finished with value: 506.4206237792969 and parameters: {'gradient_clip_val': 0.2889537362696083, 'hidden_size': 22, 'dropout': 0.45845954984803444, 'hidden_continuous_size': 11, 'attention_head_size': 2, 'learning_rate': 0.008744825738879046}. Best is trial 0 with value: 76.76960754394531.
[I 2023-12-26 13:24:17,889] Trial 40 finished with value: 450.7377624511719 and parameters: {'gradient_clip_val': 0.6122899135770328, 'hidden_size': 62, 'dropout': 0.27627067454603804, 'hidden_continuous_size': 12, 'attention_head_size': 4, 'learning_rate': 0.0046493451579995675}. Best is trial 0 with value: 76.76960754394531.
[I 2023-12-26 13:24:20,050] Trial 41 finished with value: 453.575927734375 and parameters: {'gradient_clip_val': 0.251749149364912, 'hidden_size': 16, 'dropout': 0.4838194205809626, 'hidden_continuous_size': 7, 'attention_head_size': 3, 'learning_rate': 0.018577441176506705}. Best is trial 0 with value: 76.76960754394531.
[I 2023-12-26 13:24:22,463] Trial 42 finished with value: 552.2744140625 and parameters: {'gradient_clip_val': 0.3536777738256719, 'hidden_size': 30, 'dropout': 0.48450897415047633, 'hidden_continuous_size': 8, 'attention_head_size': 3, 'learning_rate': 0.01412461230764628}. Best is trial 0 with value: 76.76960754394531.
[I 2023-12-26 13:24:24,717] Trial 43 finished with value: 462.5113830566406 and parameters: {'gradient_clip_val': 0.24471638998621267, 'hidden_size': 25, 'dropout': 0.4513708627319005, 'hidden_continuous_size': 7, 'attention_head_size': 2, 'learning_rate': 0.0263241347781445}. Best is trial 0 with value: 76.76960754394531.
[I 2023-12-26 13:24:26,794] Trial 44 finished with value: 444.0093688964844 and parameters: {'gradient_clip_val': 0.28737219854116536, 'hidden_size': 17, 'dropout': 0.4868041608135019, 'hidden_continuous_size': 10, 'attention_head_size': 3, 'learning_rate': 0.016493510062858992}. Best is trial 0 with value: 76.76960754394531.
[I 2023-12-26 13:24:28,773] Trial 45 finished with value: 537.6910400390625 and parameters: {'gradient_clip_val': 0.43613064341446134, 'hidden_size': 13, 'dropout': 0.42725500764559476, 'hidden_continuous_size': 7, 'attention_head_size': 1, 'learning_rate': 0.0070545194479850176}. Best is trial 0 with value: 76.76960754394531.
[I 2023-12-26 13:24:30,768] Trial 46 finished with value: 574.310546875 and parameters: {'gradient_clip_val': 0.23698177813300056, 'hidden_size': 10, 'dropout': 0.4603204861150567, 'hidden_continuous_size': 8, 'attention_head_size': 3, 'learning_rate': 0.012422285891224771}. Best is trial 0 with value: 76.76960754394531.
[I 2023-12-26 13:24:32,913] Trial 47 finished with value: 714.288818359375 and parameters: {'gradient_clip_val': 0.39273627953153895, 'hidden_size': 19, 'dropout': 0.4975234813014236, 'hidden_continuous_size': 6, 'attention_head_size': 4, 'learning_rate': 0.01951090106248969}. Best is trial 0 with value: 76.76960754394531.
[I 2023-12-26 13:24:35,090] Trial 48 finished with value: 456.7586975097656 and parameters: {'gradient_clip_val': 0.20506003511403767, 'hidden_size': 15, 'dropout': 0.49931260381123904, 'hidden_continuous_size': 9, 'attention_head_size': 3, 'learning_rate': 0.008936535272630887}. Best is trial 0 with value: 76.76960754394531.
[I 2023-12-26 13:24:37,364] Trial 49 finished with value: 513.6947021484375 and parameters: {'gradient_clip_val': 0.18442162039386126, 'hidden_size': 25, 'dropout': 0.44520981782204305, 'hidden_continuous_size': 10, 'attention_head_size': 2, 'learning_rate': 0.03304870224977223}. Best is trial 0 with value: 76.76960754394531.
[I 2023-12-26 13:24:37,495] A new study created in memory with name: no-name-0ed360be-5940-4ae9-9a06-7210715fc95f
/home/le004/conda/anaconda3/envs/tsff_env/lib/python3.9/site-packages/lightning/fabric/plugins/environments/slurm.py:191: The `srun` command is available on your system but is not used. HINT: If your intention is to run Lightning on SLURM, prepend your python command with `srun` like so: srun python /home/le004/master_thesis/git/TSFusionForecast/code/ ...
[I 2023-12-26 13:29:05,196] Trial 0 finished with value: 719.15869140625 and parameters: {'gradient_clip_val': 0.18390295922516042, 'hidden_size': 11, 'dropout': 0.27938209115709994, 'hidden_continuous_size': 10, 'attention_head_size': 2, 'learning_rate': 0.0008047707970657108}. Best is trial 0 with value: 719.15869140625.
[I 2023-12-26 13:29:07,709] Trial 1 finished with value: 2642.200927734375 and parameters: {'gradient_clip_val': 0.9656960779164925, 'hidden_size': 35, 'dropout': 0.1575968037908329, 'hidden_continuous_size': 15, 'attention_head_size': 1, 'learning_rate': 0.0008683145894536723}. Best is trial 0 with value: 719.15869140625.
[I 2023-12-26 13:29:10,291] Trial 2 finished with value: 2885.30859375 and parameters: {'gradient_clip_val': 0.11155371666801872, 'hidden_size': 33, 'dropout': 0.23204116546621983, 'hidden_continuous_size': 6, 'attention_head_size': 4, 'learning_rate': 0.01903768560217163}. Best is trial 0 with value: 719.15869140625.
[I 2023-12-26 13:29:12,274] Trial 3 finished with value: 3204.3525390625 and parameters: {'gradient_clip_val': 0.14744231800096702, 'hidden_size': 12, 'dropout': 0.14557666524677396, 'hidden_continuous_size': 9, 'attention_head_size': 3, 'learning_rate': 0.007837623519538038}. Best is trial 0 with value: 719.15869140625.
[I 2023-12-26 13:29:14,134] Trial 4 finished with value: 2789.379150390625 and parameters: {'gradient_clip_val': 0.1059964349104647, 'hidden_size': 9, 'dropout': 0.2810166544630937, 'hidden_continuous_size': 5, 'attention_head_size': 1, 'learning_rate': 0.042072156220038626}. Best is trial 0 with value: 719.15869140625.
[I 2023-12-26 13:29:16,275] Trial 5 finished with value: 3105.134765625 and parameters: {'gradient_clip_val': 0.9521193010179378, 'hidden_size': 21, 'dropout': 0.370885275697334, 'hidden_continuous_size': 9, 'attention_head_size': 3, 'learning_rate': 0.006460587106691431}. Best is trial 0 with value: 719.15869140625.
[I 2023-12-26 13:29:19,278] Trial 6 finished with value: 2706.762451171875 and parameters: {'gradient_clip_val': 0.28567873583729597, 'hidden_size': 56, 'dropout': 0.32843059885642245, 'hidden_continuous_size': 7, 'attention_head_size': 4, 'learning_rate': 0.007714972421770615}. Best is trial 0 with value: 719.15869140625.
[I 2023-12-26 13:29:21,115] Trial 7 finished with value: 2813.020751953125 and parameters: {'gradient_clip_val': 0.2829173996999456, 'hidden_size': 7, 'dropout': 0.399351792573969, 'hidden_continuous_size': 6, 'attention_head_size': 1, 'learning_rate': 0.002020430853238691}. Best is trial 0 with value: 719.15869140625.
[I 2023-12-26 13:29:24,288] Trial 8 finished with value: 3722.41015625 and parameters: {'gradient_clip_val': 0.36929406110976637, 'hidden_size': 54, 'dropout': 0.11674393243259695, 'hidden_continuous_size': 20, 'attention_head_size': 4, 'learning_rate': 0.027556041789893265}. Best is trial 0 with value: 719.15869140625.
[I 2023-12-26 13:29:31,113] Trial 9 finished with value: 2835.098388671875 and parameters: {'gradient_clip_val': 0.6131759812086417, 'hidden_size': 109, 'dropout': 0.24073251850376584, 'hidden_continuous_size': 78, 'attention_head_size': 1, 'learning_rate': 0.057937694731527954}. Best is trial 0 with value: 719.15869140625.
[I 2023-12-26 13:29:32,983] Trial 10 finished with value: 2663.70947265625 and parameters: {'gradient_clip_val': 0.18469744723612921, 'hidden_size': 6, 'dropout': 0.4955442837826854, 'hidden_continuous_size': 5, 'attention_head_size': 2, 'learning_rate': 0.0006156133652462006}. Best is trial 0 with value: 719.15869140625.
[I 2023-12-26 13:29:34,888] Trial 11 finished with value: 3284.1240234375 and parameters: {'gradient_clip_val': 0.9170937300311103, 'hidden_size': 16, 'dropout': 0.18297904697748535, 'hidden_continuous_size': 12, 'attention_head_size': 2, 'learning_rate': 0.0005942138894198292}. Best is trial 0 with value: 719.15869140625.
[I 2023-12-26 13:29:36,599] Trial 12 finished with value: 2137.333740234375 and parameters: {'gradient_clip_val': 0.49676925220823315, 'hidden_size': 5, 'dropout': 0.18704729131600234, 'hidden_continuous_size': 5, 'attention_head_size': 2, 'learning_rate': 0.001379662647361662}. Best is trial 0 with value: 719.15869140625.
[I 2023-12-26 13:29:38,283] Trial 13 finished with value: 2949.994873046875 and parameters: {'gradient_clip_val': 0.4481969270518813, 'hidden_size': 5, 'dropout': 0.2066363524986306, 'hidden_continuous_size': 5, 'attention_head_size': 2, 'learning_rate': 0.00168077317858706}. Best is trial 0 with value: 719.15869140625.
[I 2023-12-26 13:29:40,458] Trial 14 finished with value: 2874.640380859375 and parameters: {'gradient_clip_val': 0.20943010167029485, 'hidden_size': 10, 'dropout': 0.27913113060919265, 'hidden_continuous_size': 5, 'attention_head_size': 3, 'learning_rate': 0.001650671365694822}. Best is trial 0 with value: 719.15869140625.
[I 2023-12-26 13:29:42,149] Trial 15 finished with value: 2556.552490234375 and parameters: {'gradient_clip_val': 0.49805670751128556, 'hidden_size': 5, 'dropout': 0.19753784488426096, 'hidden_continuous_size': 5, 'attention_head_size': 2, 'learning_rate': 0.0011394088013038535}. Best is trial 0 with value: 719.15869140625.
[I 2023-12-26 13:29:44,171] Trial 16 finished with value: 2135.438232421875 and parameters: {'gradient_clip_val': 0.23445839036195465, 'hidden_size': 14, 'dropout': 0.10639958701267026, 'hidden_continuous_size': 6, 'attention_head_size': 2, 'learning_rate': 0.0031838425658532116}. Best is trial 0 with value: 719.15869140625.
[I 2023-12-26 13:29:46,252] Trial 17 finished with value: 2342.6845703125 and parameters: {'gradient_clip_val': 0.22590600116870818, 'hidden_size': 15, 'dropout': 0.10595930441883003, 'hidden_continuous_size': 7, 'attention_head_size': 3, 'learning_rate': 0.0034338452677468013}. Best is trial 0 with value: 719.15869140625.
[I 2023-12-26 13:29:48,051] Trial 18 finished with value: 3160.828857421875 and parameters: {'gradient_clip_val': 0.16757141928184588, 'hidden_size': 8, 'dropout': 0.10298830949545253, 'hidden_continuous_size': 6, 'attention_head_size': 2, 'learning_rate': 0.0005192967329893848}. Best is trial 0 with value: 719.15869140625.
[I 2023-12-26 13:29:50,089] Trial 19 finished with value: 3303.4365234375 and parameters: {'gradient_clip_val': 0.2419154744035823, 'hidden_size': 13, 'dropout': 0.1463138228673958, 'hidden_continuous_size': 7, 'attention_head_size': 3, 'learning_rate': 0.004705463489659855}. Best is trial 0 with value: 719.15869140625.
[I 2023-12-26 13:29:52,133] Trial 20 finished with value: 3216.757080078125 and parameters: {'gradient_clip_val': 0.14162260531165943, 'hidden_size': 20, 'dropout': 0.24494725034282622, 'hidden_continuous_size': 8, 'attention_head_size': 1, 'learning_rate': 0.002719506502460153}. Best is trial 0 with value: 719.15869140625.
[I 2023-12-26 13:29:53,931] Trial 21 finished with value: 3007.406982421875 and parameters: {'gradient_clip_val': 0.3285133303766211, 'hidden_size': 8, 'dropout': 0.16661855105015147, 'hidden_continuous_size': 5, 'attention_head_size': 2, 'learning_rate': 0.0010046723098961958}. Best is trial 0 with value: 719.15869140625.
[I 2023-12-26 13:29:55,888] Trial 22 finished with value: 3452.0703125 and parameters: {'gradient_clip_val': 0.25736940555116583, 'hidden_size': 11, 'dropout': 0.20353509898618263, 'hidden_continuous_size': 6, 'attention_head_size': 2, 'learning_rate': 0.00120290578756019}. Best is trial 0 with value: 719.15869140625.
[I 2023-12-26 13:29:57,737] Trial 23 finished with value: 3981.604736328125 and parameters: {'gradient_clip_val': 0.22370040425888402, 'hidden_size': 6, 'dropout': 0.14895255870112703, 'hidden_continuous_size': 5, 'attention_head_size': 2, 'learning_rate': 0.0023591983630947386}. Best is trial 0 with value: 719.15869140625.
[I 2023-12-26 13:29:59,692] Trial 24 finished with value: 2122.278076171875 and parameters: {'gradient_clip_val': 0.34256506937225817, 'hidden_size': 10, 'dropout': 0.12914018962188198, 'hidden_continuous_size': 6, 'attention_head_size': 2, 'learning_rate': 0.0014555432792253224}. Best is trial 0 with value: 719.15869140625.
[I 2023-12-26 13:30:01,581] Trial 25 finished with value: 3118.648193359375 and parameters: {'gradient_clip_val': 0.34074544935563206, 'hidden_size': 16, 'dropout': 0.1376929675576836, 'hidden_continuous_size': 8, 'attention_head_size': 3, 'learning_rate': 0.0008421670006506562}. Best is trial 0 with value: 719.15869140625.
[I 2023-12-26 13:30:03,803] Trial 26 finished with value: 2693.113525390625 and parameters: {'gradient_clip_val': 0.18750383999091577, 'hidden_size': 13, 'dropout': 0.10030958231173337, 'hidden_continuous_size': 6, 'attention_head_size': 2, 'learning_rate': 0.0027210956341706324}. Best is trial 0 with value: 719.15869140625.
[I 2023-12-26 13:30:05,727] Trial 27 finished with value: 3018.416748046875 and parameters: {'gradient_clip_val': 0.2784251023163671, 'hidden_size': 10, 'dropout': 0.16964730002870076, 'hidden_continuous_size': 6, 'attention_head_size': 1, 'learning_rate': 0.0015935891693456058}. Best is trial 0 with value: 719.15869140625.
