[I 2023-12-26 14:41:06,620] Trial 0 finished with value: 32.8758430480957 and parameters: {'gradient_clip_val': 0.190386341902403, 'hidden_size': 8, 'dropout': 0.21810459353818354, 'hidden_continuous_size': 5, 'attention_head_size': 4, 'learning_rate': 0.03421632979733655}. Best is trial 0 with value: 32.8758430480957.
[I 2023-12-26 14:41:08,778] Trial 1 finished with value: 62.383819580078125 and parameters: {'gradient_clip_val': 0.18593672976318232, 'hidden_size': 20, 'dropout': 0.45297275346644683, 'hidden_continuous_size': 6, 'attention_head_size': 4, 'learning_rate': 0.0024038905010805023}. Best is trial 0 with value: 32.8758430480957.
[I 2023-12-26 14:41:13,081] Trial 2 finished with value: 56.93092727661133 and parameters: {'gradient_clip_val': 0.10353082524635292, 'hidden_size': 74, 'dropout': 0.34820902856922353, 'hidden_continuous_size': 20, 'attention_head_size': 2, 'learning_rate': 0.0005391794960889263}. Best is trial 0 with value: 32.8758430480957.
[I 2023-12-26 14:41:14,930] Trial 3 finished with value: 67.76351928710938 and parameters: {'gradient_clip_val': 0.4334576499837353, 'hidden_size': 8, 'dropout': 0.15126064178386237, 'hidden_continuous_size': 5, 'attention_head_size': 3, 'learning_rate': 0.03472995072193315}. Best is trial 0 with value: 32.8758430480957.
[I 2023-12-26 14:41:17,474] Trial 4 finished with value: 47.96351623535156 and parameters: {'gradient_clip_val': 0.5576243346943474, 'hidden_size': 35, 'dropout': 0.4964569749609198, 'hidden_continuous_size': 17, 'attention_head_size': 2, 'learning_rate': 0.0009862678621523156}. Best is trial 0 with value: 32.8758430480957.
[I 2023-12-26 14:41:20,301] Trial 5 finished with value: 68.89434051513672 and parameters: {'gradient_clip_val': 0.5146246046885445, 'hidden_size': 42, 'dropout': 0.3318923590396611, 'hidden_continuous_size': 10, 'attention_head_size': 3, 'learning_rate': 0.0022854749414947537}. Best is trial 0 with value: 32.8758430480957.
[I 2023-12-26 14:41:25,434] Trial 6 finished with value: 56.65031814575195 and parameters: {'gradient_clip_val': 0.2764343024811261, 'hidden_size': 77, 'dropout': 0.2531207353388305, 'hidden_continuous_size': 14, 'attention_head_size': 4, 'learning_rate': 0.01411839822359305}. Best is trial 0 with value: 32.8758430480957.
[I 2023-12-26 14:41:28,054] Trial 7 finished with value: 56.9633903503418 and parameters: {'gradient_clip_val': 0.13143158534106958, 'hidden_size': 30, 'dropout': 0.2324736486442761, 'hidden_continuous_size': 15, 'attention_head_size': 4, 'learning_rate': 0.005582345156018125}. Best is trial 0 with value: 32.8758430480957.
[I 2023-12-26 14:41:29,965] Trial 8 finished with value: 73.01600646972656 and parameters: {'gradient_clip_val': 0.20261976182922545, 'hidden_size': 8, 'dropout': 0.3890164297386264, 'hidden_continuous_size': 5, 'attention_head_size': 4, 'learning_rate': 0.004046573296480728}. Best is trial 0 with value: 32.8758430480957.
[I 2023-12-26 14:41:31,883] Trial 9 finished with value: 69.81651306152344 and parameters: {'gradient_clip_val': 0.13047843945175397, 'hidden_size': 6, 'dropout': 0.4952440584968685, 'hidden_continuous_size': 5, 'attention_head_size': 3, 'learning_rate': 0.03751158567997694}. Best is trial 0 with value: 32.8758430480957.
[I 2023-12-26 14:41:33,982] Trial 10 finished with value: 59.42312240600586 and parameters: {'gradient_clip_val': 0.8808907980760171, 'hidden_size': 14, 'dropout': 0.1257199778576801, 'hidden_continuous_size': 7, 'attention_head_size': 1, 'learning_rate': 0.06943708679544665}. Best is trial 0 with value: 32.8758430480957.
[I 2023-12-26 14:41:36,070] Trial 11 finished with value: 58.35455322265625 and parameters: {'gradient_clip_val': 0.3749726830076234, 'hidden_size': 13, 'dropout': 0.4151165191400896, 'hidden_continuous_size': 8, 'attention_head_size': 2, 'learning_rate': 0.011219526526563738}. Best is trial 0 with value: 32.8758430480957.
[I 2023-12-26 14:41:39,116] Trial 12 finished with value: 65.53268432617188 and parameters: {'gradient_clip_val': 0.5748577962745325, 'hidden_size': 43, 'dropout': 0.27914430224623166, 'hidden_continuous_size': 35, 'attention_head_size': 1, 'learning_rate': 0.000799417916604152}. Best is trial 0 with value: 32.8758430480957.
[I 2023-12-26 14:41:40,882] Trial 13 finished with value: 71.63619232177734 and parameters: {'gradient_clip_val': 0.240714407225581, 'hidden_size': 5, 'dropout': 0.1940294052387062, 'hidden_continuous_size': 5, 'attention_head_size': 2, 'learning_rate': 0.09837003758221015}. Best is trial 0 with value: 32.8758430480957.
[I 2023-12-26 14:41:49,696] Trial 14 finished with value: 45.2686653137207 and parameters: {'gradient_clip_val': 0.31314732782399834, 'hidden_size': 135, 'dropout': 0.29313385570944384, 'hidden_continuous_size': 52, 'attention_head_size': 2, 'learning_rate': 0.0010992433675127901}. Best is trial 0 with value: 32.8758430480957.
[I 2023-12-26 14:41:56,102] Trial 15 finished with value: 61.46500015258789 and parameters: {'gradient_clip_val': 0.32126358612809097, 'hidden_size': 92, 'dropout': 0.3006414966691184, 'hidden_continuous_size': 90, 'attention_head_size': 3, 'learning_rate': 0.015664542936754434}. Best is trial 0 with value: 32.8758430480957.
[I 2023-12-26 14:42:04,691] Trial 16 finished with value: 49.69157028198242 and parameters: {'gradient_clip_val': 0.21822589216391441, 'hidden_size': 137, 'dropout': 0.2095678556491647, 'hidden_continuous_size': 33, 'attention_head_size': 1, 'learning_rate': 0.008240143379380067}. Best is trial 0 with value: 32.8758430480957.
[I 2023-12-26 14:42:06,949] Trial 17 finished with value: 51.14036560058594 and parameters: {'gradient_clip_val': 0.2997611173863443, 'hidden_size': 21, 'dropout': 0.1718949488466188, 'hidden_continuous_size': 6, 'attention_head_size': 3, 'learning_rate': 0.0016051483763048632}. Best is trial 0 with value: 32.8758430480957.
[I 2023-12-26 14:42:16,687] Trial 18 finished with value: 52.35237121582031 and parameters: {'gradient_clip_val': 0.17451406384084847, 'hidden_size': 145, 'dropout': 0.10631573822464856, 'hidden_continuous_size': 55, 'attention_head_size': 2, 'learning_rate': 0.0045116093597157075}. Best is trial 0 with value: 32.8758430480957.
[I 2023-12-26 14:42:20,381] Trial 19 finished with value: 58.21687698364258 and parameters: {'gradient_clip_val': 0.25109304522581627, 'hidden_size': 59, 'dropout': 0.26893126481913854, 'hidden_continuous_size': 10, 'attention_head_size': 1, 'learning_rate': 0.021130800929200923}. Best is trial 0 with value: 32.8758430480957.
[I 2023-12-26 14:42:23,799] Trial 20 finished with value: 58.406097412109375 and parameters: {'gradient_clip_val': 0.37157053838222226, 'hidden_size': 53, 'dropout': 0.22379930875429904, 'hidden_continuous_size': 12, 'attention_head_size': 4, 'learning_rate': 0.007456155501147412}. Best is trial 0 with value: 32.8758430480957.
[I 2023-12-26 14:42:26,306] Trial 21 finished with value: 51.63846206665039 and parameters: {'gradient_clip_val': 0.6574515638208336, 'hidden_size': 30, 'dropout': 0.32064474982896146, 'hidden_continuous_size': 8, 'attention_head_size': 2, 'learning_rate': 0.0011050248494191648}. Best is trial 0 with value: 32.8758430480957.
[I 2023-12-26 14:42:33,122] Trial 22 finished with value: 52.446475982666016 and parameters: {'gradient_clip_val': 0.4420447866156698, 'hidden_size': 109, 'dropout': 0.36551249508812444, 'hidden_continuous_size': 20, 'attention_head_size': 2, 'learning_rate': 0.00050145151796057}. Best is trial 0 with value: 32.8758430480957.
[I 2023-12-26 14:42:40,051] Trial 23 finished with value: 69.45744323730469 and parameters: {'gradient_clip_val': 0.3224259905295653, 'hidden_size': 109, 'dropout': 0.28913451055890144, 'hidden_continuous_size': 28, 'attention_head_size': 2, 'learning_rate': 0.0010879440252175555}. Best is trial 0 with value: 32.8758430480957.
[I 2023-12-26 14:42:43,128] Trial 24 finished with value: 55.47911071777344 and parameters: {'gradient_clip_val': 0.7022210787263367, 'hidden_size': 45, 'dropout': 0.2477941583738223, 'hidden_continuous_size': 18, 'attention_head_size': 3, 'learning_rate': 0.0029737658264291367}. Best is trial 0 with value: 32.8758430480957.
[I 2023-12-26 14:42:45,709] Trial 25 finished with value: 79.3529281616211 and parameters: {'gradient_clip_val': 0.2594052438281093, 'hidden_size': 34, 'dropout': 0.31054155727869776, 'hidden_continuous_size': 10, 'attention_head_size': 2, 'learning_rate': 0.0015686849466985948}. Best is trial 0 with value: 32.8758430480957.
[I 2023-12-26 14:42:48,007] Trial 26 finished with value: 63.4313850402832 and parameters: {'gradient_clip_val': 0.934632691123935, 'hidden_size': 23, 'dropout': 0.36650795092581023, 'hidden_continuous_size': 9, 'attention_head_size': 1, 'learning_rate': 0.0030341535421770636}. Best is trial 0 with value: 32.8758430480957.
[I 2023-12-26 14:42:50,158] Trial 27 finished with value: 65.3138198852539 and parameters: {'gradient_clip_val': 0.36304114414471894, 'hidden_size': 14, 'dropout': 0.2628705261752591, 'hidden_continuous_size': 7, 'attention_head_size': 3, 'learning_rate': 0.0007548359279086038}. Best is trial 0 with value: 32.8758430480957.
[I 2023-12-26 14:42:53,816] Trial 28 finished with value: 69.48644256591797 and parameters: {'gradient_clip_val': 0.4570259806282949, 'hidden_size': 59, 'dropout': 0.4997079064213094, 'hidden_continuous_size': 13, 'attention_head_size': 2, 'learning_rate': 0.001736776008851884}. Best is trial 0 with value: 32.8758430480957.
[I 2023-12-26 14:42:56,263] Trial 29 finished with value: 62.75474548339844 and parameters: {'gradient_clip_val': 0.18685468239148464, 'hidden_size': 19, 'dropout': 0.412224089283847, 'hidden_continuous_size': 6, 'attention_head_size': 4, 'learning_rate': 0.0021953453422028893}. Best is trial 0 with value: 32.8758430480957.
[I 2023-12-26 14:42:58,901] Trial 30 finished with value: 62.64262008666992 and parameters: {'gradient_clip_val': 0.28839395626225517, 'hidden_size': 35, 'dropout': 0.30314988887993366, 'hidden_continuous_size': 11, 'attention_head_size': 2, 'learning_rate': 0.003614912299391279}. Best is trial 0 with value: 32.8758430480957.
[I 2023-12-26 14:43:08,193] Trial 31 finished with value: 52.113037109375 and parameters: {'gradient_clip_val': 0.1943897679536963, 'hidden_size': 145, 'dropout': 0.20292949594475893, 'hidden_continuous_size': 43, 'attention_head_size': 1, 'learning_rate': 0.007485607929119481}. Best is trial 0 with value: 32.8758430480957.
[I 2023-12-26 14:43:12,603] Trial 32 finished with value: 58.45246887207031 and parameters: {'gradient_clip_val': 0.22006821253166367, 'hidden_size': 71, 'dropout': 0.21957742387685072, 'hidden_continuous_size': 25, 'attention_head_size': 1, 'learning_rate': 0.005471243134487089}. Best is trial 0 with value: 32.8758430480957.
[I 2023-12-26 14:43:19,975] Trial 33 finished with value: 59.81536865234375 and parameters: {'gradient_clip_val': 0.23567068973503005, 'hidden_size': 115, 'dropout': 0.45682525103995636, 'hidden_continuous_size': 30, 'attention_head_size': 1, 'learning_rate': 0.0006404148265401255}. Best is trial 0 with value: 32.8758430480957.
[I 2023-12-26 14:43:25,212] Trial 34 finished with value: 50.58169174194336 and parameters: {'gradient_clip_val': 0.16465904753900887, 'hidden_size': 82, 'dropout': 0.33299182162971996, 'hidden_continuous_size': 23, 'attention_head_size': 2, 'learning_rate': 0.0010446977810013036}. Best is trial 0 with value: 32.8758430480957.
[I 2023-12-26 14:43:29,649] Trial 35 finished with value: 62.01393127441406 and parameters: {'gradient_clip_val': 0.21672448754205328, 'hidden_size': 71, 'dropout': 0.17210270104913225, 'hidden_continuous_size': 17, 'attention_head_size': 1, 'learning_rate': 0.0026567121256242257}. Best is trial 0 with value: 32.8758430480957.
[I 2023-12-26 14:43:35,339] Trial 36 finished with value: 65.28582000732422 and parameters: {'gradient_clip_val': 0.2684300121368225, 'hidden_size': 91, 'dropout': 0.2490655870803138, 'hidden_continuous_size': 16, 'attention_head_size': 2, 'learning_rate': 0.008761484005899187}. Best is trial 0 with value: 32.8758430480957.
[I 2023-12-26 14:43:43,827] Trial 37 finished with value: 51.66999816894531 and parameters: {'gradient_clip_val': 0.16110318392518172, 'hidden_size': 130, 'dropout': 0.2792650218181613, 'hidden_continuous_size': 53, 'attention_head_size': 3, 'learning_rate': 0.005814372362950813}. Best is trial 0 with value: 32.8758430480957.
[I 2023-12-26 14:43:49,694] Trial 38 finished with value: 62.49492263793945 and parameters: {'gradient_clip_val': 0.20437215161741273, 'hidden_size': 92, 'dropout': 0.3401067919405679, 'hidden_continuous_size': 14, 'attention_head_size': 4, 'learning_rate': 0.029534165375580162}. Best is trial 0 with value: 32.8758430480957.
[I 2023-12-26 14:43:57,178] Trial 39 finished with value: 61.32268142700195 and parameters: {'gradient_clip_val': 0.4871712501919244, 'hidden_size': 120, 'dropout': 0.24180612308274235, 'hidden_continuous_size': 22, 'attention_head_size': 3, 'learning_rate': 0.010954153825194077}. Best is trial 0 with value: 32.8758430480957.
[I 2023-12-26 14:43:59,151] Trial 40 finished with value: 73.41273498535156 and parameters: {'gradient_clip_val': 0.14916437113087438, 'hidden_size': 9, 'dropout': 0.21080930583021534, 'hidden_continuous_size': 7, 'attention_head_size': 1, 'learning_rate': 0.0039820987932628156}. Best is trial 0 with value: 32.8758430480957.
[I 2023-12-26 14:44:08,171] Trial 41 finished with value: 48.1591796875 and parameters: {'gradient_clip_val': 0.1746388299102261, 'hidden_size': 139, 'dropout': 0.3310516172815239, 'hidden_continuous_size': 22, 'attention_head_size': 2, 'learning_rate': 0.0010682002105379341}. Best is trial 0 with value: 32.8758430480957.
[I 2023-12-26 14:44:17,257] Trial 42 finished with value: 73.36930084228516 and parameters: {'gradient_clip_val': 0.22368259729862255, 'hidden_size': 145, 'dropout': 0.23231409502332612, 'hidden_continuous_size': 20, 'attention_head_size': 2, 'learning_rate': 0.0019408440059031206}. Best is trial 0 with value: 32.8758430480957.
[I 2023-12-26 14:44:23,718] Trial 43 finished with value: 69.4803695678711 and parameters: {'gradient_clip_val': 0.18505937916751466, 'hidden_size': 103, 'dropout': 0.3562309208153282, 'hidden_continuous_size': 15, 'attention_head_size': 2, 'learning_rate': 0.001207305032873006}. Best is trial 0 with value: 32.8758430480957.
[I 2023-12-26 14:44:31,685] Trial 44 finished with value: 60.803958892822266 and parameters: {'gradient_clip_val': 0.13699250030902957, 'hidden_size': 128, 'dropout': 0.28779350909838497, 'hidden_continuous_size': 36, 'attention_head_size': 2, 'learning_rate': 0.0007715526666984264}. Best is trial 0 with value: 32.8758430480957.
[I 2023-12-26 14:44:36,474] Trial 45 finished with value: 47.74335861206055 and parameters: {'gradient_clip_val': 0.12153963618891164, 'hidden_size': 76, 'dropout': 0.32247032091390776, 'hidden_continuous_size': 18, 'attention_head_size': 2, 'learning_rate': 0.00144925114129064}. Best is trial 0 with value: 32.8758430480957.
[I 2023-12-26 14:44:42,596] Trial 46 finished with value: 60.61002731323242 and parameters: {'gradient_clip_val': 0.1059231071757813, 'hidden_size': 76, 'dropout': 0.32949340974130426, 'hidden_continuous_size': 17, 'attention_head_size': 2, 'learning_rate': 0.0013710947058293628}. Best is trial 0 with value: 32.8758430480957.
[I 2023-12-26 14:44:50,647] Trial 47 finished with value: 73.36202239990234 and parameters: {'gradient_clip_val': 0.11521296123512476, 'hidden_size': 93, 'dropout': 0.3184071067650139, 'hidden_continuous_size': 14, 'attention_head_size': 2, 'learning_rate': 0.002160662503790581}. Best is trial 0 with value: 32.8758430480957.
[I 2023-12-26 14:44:53,127] Trial 48 finished with value: 55.08967208862305 and parameters: {'gradient_clip_val': 0.12615324214514703, 'hidden_size': 18, 'dropout': 0.3788839147191569, 'hidden_continuous_size': 12, 'attention_head_size': 3, 'learning_rate': 0.0009091134055517344}. Best is trial 0 with value: 32.8758430480957.
[I 2023-12-26 14:45:02,132] Trial 49 finished with value: 68.98065948486328 and parameters: {'gradient_clip_val': 0.1402500892422697, 'hidden_size': 121, 'dropout': 0.33995309799439904, 'hidden_continuous_size': 19, 'attention_head_size': 2, 'learning_rate': 0.0006099767793072872}. Best is trial 0 with value: 32.8758430480957.
[I 2023-12-26 14:45:02,313] A new study created in memory with name: no-name-54fc5b19-ff42-4858-8731-350ff8646350
/home/le004/conda/anaconda3/envs/tsff_env/lib/python3.9/site-packages/lightning/fabric/plugins/environments/slurm.py:191: The `srun` command is available on your system but is not used. HINT: If your intention is to run Lightning on SLURM, prepend your python command with `srun` like so: srun python /home/le004/master_thesis/git/TSFusionForecast/code/ ...
[I 2023-12-26 14:56:13,772] Trial 0 finished with value: 180.3636474609375 and parameters: {'gradient_clip_val': 0.3240246123705274, 'hidden_size': 82, 'dropout': 0.46659314190697754, 'hidden_continuous_size': 56, 'attention_head_size': 4, 'learning_rate': 0.001424344806925477}. Best is trial 0 with value: 180.3636474609375.
[I 2023-12-26 14:56:16,305] Trial 1 finished with value: 583.4945678710938 and parameters: {'gradient_clip_val': 0.20114504608804729, 'hidden_size': 12, 'dropout': 0.193750215130581, 'hidden_continuous_size': 9, 'attention_head_size': 4, 'learning_rate': 0.006435757103882321}. Best is trial 0 with value: 180.3636474609375.
[I 2023-12-26 14:56:18,850] Trial 2 finished with value: 692.0626831054688 and parameters: {'gradient_clip_val': 0.36143031318562996, 'hidden_size': 17, 'dropout': 0.36209845742758917, 'hidden_continuous_size': 9, 'attention_head_size': 1, 'learning_rate': 0.0024082618662704548}. Best is trial 0 with value: 180.3636474609375.
[I 2023-12-26 14:56:22,679] Trial 3 finished with value: 413.5804748535156 and parameters: {'gradient_clip_val': 0.85588932274002, 'hidden_size': 42, 'dropout': 0.17940009445011285, 'hidden_continuous_size': 14, 'attention_head_size': 1, 'learning_rate': 0.0018166176257661322}. Best is trial 0 with value: 180.3636474609375.
[I 2023-12-26 14:56:24,997] Trial 4 finished with value: 731.7785034179688 and parameters: {'gradient_clip_val': 0.9131587021967811, 'hidden_size': 6, 'dropout': 0.16796699622670666, 'hidden_continuous_size': 5, 'attention_head_size': 4, 'learning_rate': 0.04387303367219357}. Best is trial 0 with value: 180.3636474609375.
[I 2023-12-26 14:56:28,355] Trial 5 finished with value: 854.9450073242188 and parameters: {'gradient_clip_val': 0.39354083404305995, 'hidden_size': 29, 'dropout': 0.3930502908363315, 'hidden_continuous_size': 17, 'attention_head_size': 4, 'learning_rate': 0.05221652322238342}. Best is trial 0 with value: 180.3636474609375.
[I 2023-12-26 14:56:31,024] Trial 6 finished with value: 806.063720703125 and parameters: {'gradient_clip_val': 0.8971893203328217, 'hidden_size': 10, 'dropout': 0.4162409381650968, 'hidden_continuous_size': 6, 'attention_head_size': 1, 'learning_rate': 0.002368756436640817}. Best is trial 0 with value: 180.3636474609375.
[I 2023-12-26 14:56:33,949] Trial 7 finished with value: 651.3088989257812 and parameters: {'gradient_clip_val': 0.24349831706344033, 'hidden_size': 23, 'dropout': 0.20581734296343301, 'hidden_continuous_size': 9, 'attention_head_size': 4, 'learning_rate': 0.008198235857242615}. Best is trial 0 with value: 180.3636474609375.
[I 2023-12-26 14:56:36,603] Trial 8 finished with value: 663.7855834960938 and parameters: {'gradient_clip_val': 0.41157344568861254, 'hidden_size': 18, 'dropout': 0.18844686067627048, 'hidden_continuous_size': 9, 'attention_head_size': 4, 'learning_rate': 0.0027288965213830363}. Best is trial 0 with value: 180.3636474609375.
[I 2023-12-26 14:56:40,831] Trial 9 finished with value: 721.322265625 and parameters: {'gradient_clip_val': 0.5023430106621558, 'hidden_size': 46, 'dropout': 0.20835530711837094, 'hidden_continuous_size': 9, 'attention_head_size': 3, 'learning_rate': 0.001038412841429926}. Best is trial 0 with value: 180.3636474609375.
[I 2023-12-26 14:56:52,457] Trial 10 finished with value: 591.3145751953125 and parameters: {'gradient_clip_val': 0.1143099851640522, 'hidden_size': 140, 'dropout': 0.4994275873806704, 'hidden_continuous_size': 70, 'attention_head_size': 2, 'learning_rate': 0.0005474295424207568}. Best is trial 0 with value: 180.3636474609375.
[I 2023-12-26 14:56:58,495] Trial 11 finished with value: 638.5222778320312 and parameters: {'gradient_clip_val': 0.6329366242161772, 'hidden_size': 67, 'dropout': 0.10847396942659576, 'hidden_continuous_size': 53, 'attention_head_size': 2, 'learning_rate': 0.0005810484664496919}. Best is trial 0 with value: 180.3636474609375.
[I 2023-12-26 14:57:04,568] Trial 12 finished with value: 604.574951171875 and parameters: {'gradient_clip_val': 0.6428036144261767, 'hidden_size': 72, 'dropout': 0.3074219675370613, 'hidden_continuous_size': 32, 'attention_head_size': 3, 'learning_rate': 0.0012126391349032333}. Best is trial 0 with value: 180.3636474609375.
[I 2023-12-26 14:57:08,280] Trial 13 finished with value: 661.7271728515625 and parameters: {'gradient_clip_val': 0.27239743140544365, 'hidden_size': 39, 'dropout': 0.2858376201216576, 'hidden_continuous_size': 21, 'attention_head_size': 2, 'learning_rate': 0.0062642541442124115}. Best is trial 0 with value: 180.3636474609375.
[I 2023-12-26 14:57:21,342] Trial 14 finished with value: 710.8112182617188 and parameters: {'gradient_clip_val': 0.5978722665025865, 'hidden_size': 143, 'dropout': 0.48684840041446587, 'hidden_continuous_size': 131, 'attention_head_size': 3, 'learning_rate': 0.001067846503213262}. Best is trial 0 with value: 180.3636474609375.
