[I 2023-12-27 11:16:47,756] Trial 31 finished with value: 3.5016536712646484 and parameters: {'gradient_clip_val': 0.5582365949912975, 'hidden_size': 13, 'dropout': 0.49837393297298194, 'hidden_continuous_size': 9, 'attention_head_size': 2, 'learning_rate': 0.03191168493681363}. Best is trial 0 with value: 0.17275498807430267.
[I 2023-12-27 11:16:48,157] Trial 32 finished with value: 3.65058970451355 and parameters: {'gradient_clip_val': 0.4188086088055152, 'hidden_size': 17, 'dropout': 0.46206986062428823, 'hidden_continuous_size': 11, 'attention_head_size': 2, 'learning_rate': 0.045910494357135345}. Best is trial 0 with value: 0.17275498807430267.
[I 2023-12-27 11:16:48,534] Trial 33 finished with value: 3.1556084156036377 and parameters: {'gradient_clip_val': 0.43305230237595066, 'hidden_size': 12, 'dropout': 0.44614955721251554, 'hidden_continuous_size': 9, 'attention_head_size': 1, 'learning_rate': 0.07186939962402282}. Best is trial 0 with value: 0.17275498807430267.
[I 2023-12-27 11:16:48,931] Trial 34 finished with value: 4.037373065948486 and parameters: {'gradient_clip_val': 0.9006762220676762, 'hidden_size': 10, 'dropout': 0.43049578298642494, 'hidden_continuous_size': 8, 'attention_head_size': 2, 'learning_rate': 0.03306448132406227}. Best is trial 0 with value: 0.17275498807430267.
[I 2023-12-27 11:16:49,313] Trial 35 finished with value: 4.012270450592041 and parameters: {'gradient_clip_val': 0.7056389376573693, 'hidden_size': 17, 'dropout': 0.40103157147754653, 'hidden_continuous_size': 11, 'attention_head_size': 3, 'learning_rate': 0.04917367793538217}. Best is trial 0 with value: 0.17275498807430267.
[I 2023-12-27 11:16:49,701] Trial 36 finished with value: 3.17708420753479 and parameters: {'gradient_clip_val': 0.589402512512271, 'hidden_size': 23, 'dropout': 0.47757059596061135, 'hidden_continuous_size': 13, 'attention_head_size': 2, 'learning_rate': 0.017198058764414468}. Best is trial 0 with value: 0.17275498807430267.
[I 2023-12-27 11:16:50,079] Trial 37 finished with value: 2.872960090637207 and parameters: {'gradient_clip_val': 0.36087243238910766, 'hidden_size': 13, 'dropout': 0.38650508170324493, 'hidden_continuous_size': 10, 'attention_head_size': 3, 'learning_rate': 0.013068074738884636}. Best is trial 0 with value: 0.17275498807430267.
[I 2023-12-27 11:16:50,684] Trial 38 finished with value: 3.6100552082061768 and parameters: {'gradient_clip_val': 0.4385392859311111, 'hidden_size': 32, 'dropout': 0.41407633307529257, 'hidden_continuous_size': 16, 'attention_head_size': 1, 'learning_rate': 0.02334986830567082}. Best is trial 0 with value: 0.17275498807430267.
[I 2023-12-27 11:16:51,249] Trial 39 finished with value: 3.5175015926361084 and parameters: {'gradient_clip_val': 0.538140653065645, 'hidden_size': 145, 'dropout': 0.4707411587598695, 'hidden_continuous_size': 26, 'attention_head_size': 3, 'learning_rate': 0.010829059677017226}. Best is trial 0 with value: 0.17275498807430267.
[I 2023-12-27 11:16:51,674] Trial 40 finished with value: 4.2095112800598145 and parameters: {'gradient_clip_val': 0.46284790682892973, 'hidden_size': 18, 'dropout': 0.45039243177035176, 'hidden_continuous_size': 9, 'attention_head_size': 4, 'learning_rate': 0.03913291743555257}. Best is trial 0 with value: 0.17275498807430267.
[I 2023-12-27 11:16:52,063] Trial 41 finished with value: 2.865044593811035 and parameters: {'gradient_clip_val': 0.17166811604583207, 'hidden_size': 22, 'dropout': 0.19018227434667004, 'hidden_continuous_size': 6, 'attention_head_size': 3, 'learning_rate': 0.0009437858337473633}. Best is trial 0 with value: 0.17275498807430267.
[I 2023-12-27 11:16:52,448] Trial 42 finished with value: 3.419448137283325 and parameters: {'gradient_clip_val': 0.11302750524341468, 'hidden_size': 15, 'dropout': 0.12979250090989877, 'hidden_continuous_size': 7, 'attention_head_size': 4, 'learning_rate': 0.0015234585209942214}. Best is trial 0 with value: 0.17275498807430267.
[I 2023-12-27 11:16:52,826] Trial 43 finished with value: 4.238068103790283 and parameters: {'gradient_clip_val': 0.10448478829515334, 'hidden_size': 19, 'dropout': 0.18431266708681038, 'hidden_continuous_size': 8, 'attention_head_size': 2, 'learning_rate': 0.08610998431269294}. Best is trial 0 with value: 0.17275498807430267.
[I 2023-12-27 11:16:53,201] Trial 44 finished with value: 3.1222336292266846 and parameters: {'gradient_clip_val': 0.25565569983239306, 'hidden_size': 11, 'dropout': 0.21697296471184033, 'hidden_continuous_size': 9, 'attention_head_size': 3, 'learning_rate': 0.008988839584581482}. Best is trial 0 with value: 0.17275498807430267.
[I 2023-12-27 11:16:53,593] Trial 45 finished with value: 3.077180862426758 and parameters: {'gradient_clip_val': 0.39428144845578683, 'hidden_size': 14, 'dropout': 0.26958233381172264, 'hidden_continuous_size': 7, 'attention_head_size': 2, 'learning_rate': 0.0007418142344177899}. Best is trial 0 with value: 0.17275498807430267.
[I 2023-12-27 11:16:53,984] Trial 46 finished with value: 3.328484296798706 and parameters: {'gradient_clip_val': 0.2124974958660007, 'hidden_size': 25, 'dropout': 0.3983050070981557, 'hidden_continuous_size': 6, 'attention_head_size': 4, 'learning_rate': 0.02783461465221166}. Best is trial 0 with value: 0.17275498807430267.
[I 2023-12-27 11:16:54,363] Trial 47 finished with value: 4.812281131744385 and parameters: {'gradient_clip_val': 0.13103886606951934, 'hidden_size': 16, 'dropout': 0.44104726935092, 'hidden_continuous_size': 10, 'attention_head_size': 2, 'learning_rate': 0.07711940846021821}. Best is trial 0 with value: 0.17275498807430267.
[I 2023-12-27 11:16:54,760] Trial 48 finished with value: 3.6285400390625 and parameters: {'gradient_clip_val': 0.6294330687871063, 'hidden_size': 21, 'dropout': 0.4810871148684759, 'hidden_continuous_size': 11, 'attention_head_size': 4, 'learning_rate': 0.056850384216728014}. Best is trial 0 with value: 0.17275498807430267.
[I 2023-12-27 11:16:55,166] Trial 49 finished with value: 3.4188690185546875 and parameters: {'gradient_clip_val': 0.5694898142583704, 'hidden_size': 30, 'dropout': 0.14884249709490655, 'hidden_continuous_size': 13, 'attention_head_size': 2, 'learning_rate': 0.001402676926432628}. Best is trial 0 with value: 0.17275498807430267.
[I 2023-12-27 11:16:55,275] A new study created in memory with name: no-name-0f9bcc60-e20b-4fed-8db1-afdc2a6892f6
/home/le004/conda/anaconda3/envs/tsff_env/lib/python3.9/site-packages/lightning/fabric/plugins/environments/slurm.py:191: The `srun` command is available on your system but is not used. HINT: If your intention is to run Lightning on SLURM, prepend your python command with `srun` like so: srun python /home/le004/master_thesis/git/TSFusionForecast/code/ ...
[I 2023-12-27 11:17:36,153] Trial 0 finished with value: 0.43786153197288513 and parameters: {'gradient_clip_val': 0.9927886891500993, 'hidden_size': 72, 'dropout': 0.3853443130791959, 'hidden_continuous_size': 7, 'attention_head_size': 4, 'learning_rate': 0.0006164118959231494}. Best is trial 0 with value: 0.43786153197288513.
[I 2023-12-27 11:18:08,066] Trial 1 finished with value: 0.15041892230510712 and parameters: {'gradient_clip_val': 0.18457084097798107, 'hidden_size': 90, 'dropout': 0.3143412407471793, 'hidden_continuous_size': 75, 'attention_head_size': 1, 'learning_rate': 0.05098919558718483}. Best is trial 1 with value: 0.15041892230510712.
[I 2023-12-27 11:18:08,417] Trial 2 finished with value: 2.821751832962036 and parameters: {'gradient_clip_val': 0.14189323777086954, 'hidden_size': 10, 'dropout': 0.19832268408479725, 'hidden_continuous_size': 8, 'attention_head_size': 3, 'learning_rate': 0.0009205023393586456}. Best is trial 1 with value: 0.15041892230510712.
[I 2023-12-27 11:18:08,823] Trial 3 finished with value: 3.264913320541382 and parameters: {'gradient_clip_val': 0.41641459452514085, 'hidden_size': 64, 'dropout': 0.46125996782493484, 'hidden_continuous_size': 14, 'attention_head_size': 3, 'learning_rate': 0.019053615065635826}. Best is trial 1 with value: 0.15041892230510712.
[I 2023-12-27 11:18:09,195] Trial 4 finished with value: 2.6363115310668945 and parameters: {'gradient_clip_val': 0.8621416486037832, 'hidden_size': 40, 'dropout': 0.40307311127327894, 'hidden_continuous_size': 16, 'attention_head_size': 3, 'learning_rate': 0.06870298701377453}. Best is trial 1 with value: 0.15041892230510712.
[I 2023-12-27 11:18:09,569] Trial 5 finished with value: 2.637448787689209 and parameters: {'gradient_clip_val': 0.8123295795355399, 'hidden_size': 42, 'dropout': 0.22508687399722552, 'hidden_continuous_size': 16, 'attention_head_size': 1, 'learning_rate': 0.052933891026815276}. Best is trial 1 with value: 0.15041892230510712.
[I 2023-12-27 11:18:10,077] Trial 6 finished with value: 3.0101988315582275 and parameters: {'gradient_clip_val': 0.3248395823953416, 'hidden_size': 125, 'dropout': 0.38877665408331674, 'hidden_continuous_size': 32, 'attention_head_size': 2, 'learning_rate': 0.002964932138421837}. Best is trial 1 with value: 0.15041892230510712.
[I 2023-12-27 11:18:10,405] Trial 7 finished with value: 3.5111007690429688 and parameters: {'gradient_clip_val': 0.42874357982775824, 'hidden_size': 14, 'dropout': 0.24653465051855272, 'hidden_continuous_size': 14, 'attention_head_size': 3, 'learning_rate': 0.0007446217870296679}. Best is trial 1 with value: 0.15041892230510712.
[I 2023-12-27 11:18:10,919] Trial 8 finished with value: 2.807255983352661 and parameters: {'gradient_clip_val': 0.2543738600816226, 'hidden_size': 131, 'dropout': 0.16536663149817427, 'hidden_continuous_size': 6, 'attention_head_size': 3, 'learning_rate': 0.03759297223890333}. Best is trial 1 with value: 0.15041892230510712.
[I 2023-12-27 11:18:11,293] Trial 9 finished with value: 3.693195343017578 and parameters: {'gradient_clip_val': 0.7664960316612546, 'hidden_size': 44, 'dropout': 0.4936434061425692, 'hidden_continuous_size': 6, 'attention_head_size': 1, 'learning_rate': 0.004213380745803219}. Best is trial 1 with value: 0.15041892230510712.
[I 2023-12-27 11:18:11,831] Trial 10 finished with value: 3.496471405029297 and parameters: {'gradient_clip_val': 0.1485390342872791, 'hidden_size': 5, 'dropout': 0.2906917651873301, 'hidden_continuous_size': 5, 'attention_head_size': 1, 'learning_rate': 0.015265117313074308}. Best is trial 1 with value: 0.15041892230510712.
[I 2023-12-27 11:18:12,324] Trial 11 finished with value: 1.9905343055725098 and parameters: {'gradient_clip_val': 0.2253806595577245, 'hidden_size': 75, 'dropout': 0.33743836982213854, 'hidden_continuous_size': 51, 'attention_head_size': 4, 'learning_rate': 0.007968511756592831}. Best is trial 1 with value: 0.15041892230510712.
[I 2023-12-27 11:18:12,844] Trial 12 finished with value: 2.813969612121582 and parameters: {'gradient_clip_val': 0.5641353800886161, 'hidden_size': 85, 'dropout': 0.10258258530878106, 'hidden_continuous_size': 72, 'attention_head_size': 4, 'learning_rate': 0.0005222886100087281}. Best is trial 1 with value: 0.15041892230510712.
[I 2023-12-27 11:18:13,502] Trial 13 finished with value: 2.7659709453582764 and parameters: {'gradient_clip_val': 0.18935418640446253, 'hidden_size': 140, 'dropout': 0.3205456998447542, 'hidden_continuous_size': 121, 'attention_head_size': 2, 'learning_rate': 0.0016848638242097167}. Best is trial 1 with value: 0.15041892230510712.
[I 2023-12-27 11:18:13,899] Trial 14 finished with value: 2.709359884262085 and parameters: {'gradient_clip_val': 0.10032579755799909, 'hidden_size': 26, 'dropout': 0.366746984040139, 'hidden_continuous_size': 9, 'attention_head_size': 2, 'learning_rate': 0.001533174369919556}. Best is trial 1 with value: 0.15041892230510712.
[I 2023-12-27 11:18:14,376] Trial 15 finished with value: 3.483837366104126 and parameters: {'gradient_clip_val': 0.597730527039481, 'hidden_size': 80, 'dropout': 0.4255466819098048, 'hidden_continuous_size': 25, 'attention_head_size': 4, 'learning_rate': 0.09183010864697869}. Best is trial 1 with value: 0.15041892230510712.
[I 2023-12-27 11:18:14,826] Trial 16 finished with value: 2.6363959312438965 and parameters: {'gradient_clip_val': 0.9219942539103534, 'hidden_size': 59, 'dropout': 0.30636097522415817, 'hidden_continuous_size': 9, 'attention_head_size': 2, 'learning_rate': 0.007097558727114646}. Best is trial 1 with value: 0.15041892230510712.
[I 2023-12-27 11:18:15,328] Trial 17 finished with value: 3.0041306018829346 and parameters: {'gradient_clip_val': 0.9927709487800674, 'hidden_size': 92, 'dropout': 0.35726983281642005, 'hidden_continuous_size': 37, 'attention_head_size': 1, 'learning_rate': 0.027884389424826635}. Best is trial 1 with value: 0.15041892230510712.
[I 2023-12-27 11:18:15,737] Trial 18 finished with value: 2.7269093990325928 and parameters: {'gradient_clip_val': 0.3146534009294309, 'hidden_size': 27, 'dropout': 0.28138727435271976, 'hidden_continuous_size': 11, 'attention_head_size': 4, 'learning_rate': 0.011704835401152367}. Best is trial 1 with value: 0.15041892230510712.
[I 2023-12-27 11:18:16,376] Trial 19 finished with value: 2.89422345161438 and parameters: {'gradient_clip_val': 0.608169044106999, 'hidden_size': 148, 'dropout': 0.43749719401946097, 'hidden_continuous_size': 92, 'attention_head_size': 2, 'learning_rate': 0.026930085709986812}. Best is trial 1 with value: 0.15041892230510712.
[I 2023-12-27 11:18:16,872] Trial 20 finished with value: 2.5161116123199463 and parameters: {'gradient_clip_val': 0.4046311974569535, 'hidden_size': 97, 'dropout': 0.37591345496260553, 'hidden_continuous_size': 23, 'attention_head_size': 1, 'learning_rate': 0.0042028424556952255}. Best is trial 1 with value: 0.15041892230510712.
[I 2023-12-27 11:18:17,353] Trial 21 finished with value: 2.3458762168884277 and parameters: {'gradient_clip_val': 0.21015610324172238, 'hidden_size': 61, 'dropout': 0.34349750964611053, 'hidden_continuous_size': 44, 'attention_head_size': 4, 'learning_rate': 0.0095030282721602}. Best is trial 1 with value: 0.15041892230510712.
[I 2023-12-27 11:18:17,886] Trial 22 finished with value: 2.689896821975708 and parameters: {'gradient_clip_val': 0.24054361572079727, 'hidden_size': 100, 'dropout': 0.3342645107253425, 'hidden_continuous_size': 57, 'attention_head_size': 4, 'learning_rate': 0.007412896691482698}. Best is trial 1 with value: 0.15041892230510712.
[I 2023-12-27 11:18:18,361] Trial 23 finished with value: 2.298135995864868 and parameters: {'gradient_clip_val': 0.18095751957895165, 'hidden_size': 68, 'dropout': 0.3369314599558443, 'hidden_continuous_size': 46, 'attention_head_size': 4, 'learning_rate': 0.016291324856631765}. Best is trial 1 with value: 0.15041892230510712.
[I 2023-12-27 11:18:19,166] Trial 24 finished with value: 3.008868932723999 and parameters: {'gradient_clip_val': 0.27142015532080827, 'hidden_size': 109, 'dropout': 0.40060964299942414, 'hidden_continuous_size': 61, 'attention_head_size': 4, 'learning_rate': 0.005168803160476697}. Best is trial 1 with value: 0.15041892230510712.
[I 2023-12-27 11:18:19,662] Trial 25 finished with value: 2.2818763256073 and parameters: {'gradient_clip_val': 0.31359658882311875, 'hidden_size': 79, 'dropout': 0.2797180096656173, 'hidden_continuous_size': 29, 'attention_head_size': 3, 'learning_rate': 0.0024988445085238043}. Best is trial 1 with value: 0.15041892230510712.
[I 2023-12-27 11:18:20,094] Trial 26 finished with value: 1.9590378999710083 and parameters: {'gradient_clip_val': 0.21008796286021236, 'hidden_size': 50, 'dropout': 0.3526986413706663, 'hidden_continuous_size': 21, 'attention_head_size': 4, 'learning_rate': 0.01019007703950087}. Best is trial 1 with value: 0.15041892230510712.
[I 2023-12-27 11:18:20,553] Trial 27 finished with value: 3.064336061477661 and parameters: {'gradient_clip_val': 0.16733877734892305, 'hidden_size': 55, 'dropout': 0.36529695024381403, 'hidden_continuous_size': 21, 'attention_head_size': 3, 'learning_rate': 0.012097288149402311}. Best is trial 1 with value: 0.15041892230510712.
[I 2023-12-27 11:18:20,985] Trial 28 finished with value: 3.2764055728912354 and parameters: {'gradient_clip_val': 0.2106951662751225, 'hidden_size': 50, 'dropout': 0.4122991368568877, 'hidden_continuous_size': 18, 'attention_head_size': 4, 'learning_rate': 0.04670954198992188}. Best is trial 1 with value: 0.15041892230510712.
[I 2023-12-27 11:18:21,403] Trial 29 finished with value: 2.81140398979187 and parameters: {'gradient_clip_val': 0.1280941162257498, 'hidden_size': 35, 'dropout': 0.3126261729928651, 'hidden_continuous_size': 12, 'attention_head_size': 3, 'learning_rate': 0.09740617710305578}. Best is trial 1 with value: 0.15041892230510712.
[I 2023-12-27 11:18:21,949] Trial 30 finished with value: 3.2132885456085205 and parameters: {'gradient_clip_val': 0.15390072468645666, 'hidden_size': 107, 'dropout': 0.38140731834351277, 'hidden_continuous_size': 34, 'attention_head_size': 2, 'learning_rate': 0.0010627928430813425}. Best is trial 1 with value: 0.15041892230510712.
[I 2023-12-27 11:18:22,436] Trial 31 finished with value: 2.3940019607543945 and parameters: {'gradient_clip_val': 0.2205863886861792, 'hidden_size': 78, 'dropout': 0.34844798199324734, 'hidden_continuous_size': 26, 'attention_head_size': 4, 'learning_rate': 0.008342885597897134}. Best is trial 1 with value: 0.15041892230510712.
[I 2023-12-27 11:18:22,894] Trial 32 finished with value: 2.967264413833618 and parameters: {'gradient_clip_val': 0.1855607647880143, 'hidden_size': 65, 'dropout': 0.3209867296901847, 'hidden_continuous_size': 20, 'attention_head_size': 4, 'learning_rate': 0.005707858933278749}. Best is trial 1 with value: 0.15041892230510712.
[I 2023-12-27 11:18:23,375] Trial 33 finished with value: 1.9485855102539062 and parameters: {'gradient_clip_val': 0.2681214545579997, 'hidden_size': 73, 'dropout': 0.4423508320512455, 'hidden_continuous_size': 43, 'attention_head_size': 4, 'learning_rate': 0.02401406379805869}. Best is trial 1 with value: 0.15041892230510712.
[I 2023-12-27 11:18:23,822] Trial 34 finished with value: 2.298171043395996 and parameters: {'gradient_clip_val': 0.2856537187223418, 'hidden_size': 54, 'dropout': 0.4510672616095889, 'hidden_continuous_size': 29, 'attention_head_size': 3, 'learning_rate': 0.0222055448640966}. Best is trial 1 with value: 0.15041892230510712.
[I 2023-12-27 11:18:24,284] Trial 35 finished with value: 2.676506280899048 and parameters: {'gradient_clip_val': 0.252264438680609, 'hidden_size': 67, 'dropout': 0.41448621826760484, 'hidden_continuous_size': 37, 'attention_head_size': 4, 'learning_rate': 0.03408594077509423}. Best is trial 1 with value: 0.15041892230510712.
[I 2023-12-27 11:18:24,804] Trial 36 finished with value: 2.420010566711426 and parameters: {'gradient_clip_val': 0.3524491446640482, 'hidden_size': 120, 'dropout': 0.46934751723047446, 'hidden_continuous_size': 16, 'attention_head_size': 3, 'learning_rate': 0.019858399258507013}. Best is trial 1 with value: 0.15041892230510712.
[I 2023-12-27 11:18:25,511] Trial 37 finished with value: 3.6986801624298096 and parameters: {'gradient_clip_val': 0.2780709704736166, 'hidden_size': 49, 'dropout': 0.39312387220161066, 'hidden_continuous_size': 31, 'attention_head_size': 3, 'learning_rate': 0.059122942950411365}. Best is trial 1 with value: 0.15041892230510712.
[I 2023-12-27 11:18:25,949] Trial 38 finished with value: 3.201594591140747 and parameters: {'gradient_clip_val': 0.3743784541499519, 'hidden_size': 41, 'dropout': 0.3896645489521148, 'hidden_continuous_size': 26, 'attention_head_size': 4, 'learning_rate': 0.04253499102464189}. Best is trial 1 with value: 0.15041892230510712.
[I 2023-12-27 11:18:26,496] Trial 39 finished with value: 3.8557002544403076 and parameters: {'gradient_clip_val': 0.46523653698281997, 'hidden_size': 119, 'dropout': 0.43164057858154825, 'hidden_continuous_size': 7, 'attention_head_size': 1, 'learning_rate': 0.030004763260669483}. Best is trial 1 with value: 0.15041892230510712.
[I 2023-12-27 11:18:26,967] Trial 40 finished with value: 3.6568801403045654 and parameters: {'gradient_clip_val': 0.7850314059336736, 'hidden_size': 88, 'dropout': 0.46022076184901006, 'hidden_continuous_size': 41, 'attention_head_size': 3, 'learning_rate': 0.06848367845808956}. Best is trial 1 with value: 0.15041892230510712.
[I 2023-12-27 11:18:27,442] Trial 41 finished with value: 3.420257329940796 and parameters: {'gradient_clip_val': 0.22693500414872733, 'hidden_size': 74, 'dropout': 0.35861203779992445, 'hidden_continuous_size': 49, 'attention_head_size': 4, 'learning_rate': 0.010969787506120227}. Best is trial 1 with value: 0.15041892230510712.
[I 2023-12-27 11:18:27,894] Trial 42 finished with value: 3.230999708175659 and parameters: {'gradient_clip_val': 0.23902897184003552, 'hidden_size': 70, 'dropout': 0.26412385265641947, 'hidden_continuous_size': 40, 'attention_head_size': 4, 'learning_rate': 0.01594467745724129}. Best is trial 1 with value: 0.15041892230510712.
[I 2023-12-27 11:18:28,395] Trial 43 finished with value: 3.391157865524292 and parameters: {'gradient_clip_val': 0.1987486620883476, 'hidden_size': 98, 'dropout': 0.29827330059191315, 'hidden_continuous_size': 54, 'attention_head_size': 4, 'learning_rate': 0.023239944961928504}. Best is trial 1 with value: 0.15041892230510712.
[I 2023-12-27 11:18:28,865] Trial 44 finished with value: 3.338792562484741 and parameters: {'gradient_clip_val': 0.2618682426997391, 'hidden_size': 82, 'dropout': 0.3284246215198551, 'hidden_continuous_size': 48, 'attention_head_size': 4, 'learning_rate': 0.01366449129193234}. Best is trial 1 with value: 0.15041892230510712.
[I 2023-12-27 11:18:29,301] Trial 45 finished with value: 2.7485358715057373 and parameters: {'gradient_clip_val': 0.22782152293245383, 'hidden_size': 60, 'dropout': 0.37366349192607745, 'hidden_continuous_size': 14, 'attention_head_size': 4, 'learning_rate': 0.03861861558541025}. Best is trial 1 with value: 0.15041892230510712.
