[I 2023-12-26 14:00:57,538] Trial 45 finished with value: 5.269918918609619 and parameters: {'gradient_clip_val': 0.12167299060237864, 'hidden_size': 13, 'dropout': 0.2164224895308935, 'hidden_continuous_size': 6, 'attention_head_size': 3, 'learning_rate': 0.04512490159042112}. Best is trial 0 with value: 0.07550220936536789.
[I 2023-12-26 14:00:59,952] Trial 46 finished with value: 6.0727972984313965 and parameters: {'gradient_clip_val': 0.15599942168846107, 'hidden_size': 9, 'dropout': 0.10149885975769975, 'hidden_continuous_size': 6, 'attention_head_size': 2, 'learning_rate': 0.02688769199073193}. Best is trial 0 with value: 0.07550220936536789.
[I 2023-12-26 14:01:02,578] Trial 47 finished with value: 5.279984951019287 and parameters: {'gradient_clip_val': 0.8307849503290593, 'hidden_size': 6, 'dropout': 0.4745374895057347, 'hidden_continuous_size': 5, 'attention_head_size': 4, 'learning_rate': 0.019075032561209092}. Best is trial 0 with value: 0.07550220936536789.
[I 2023-12-26 14:01:05,386] Trial 48 finished with value: 4.794925212860107 and parameters: {'gradient_clip_val': 0.19558941741733094, 'hidden_size': 20, 'dropout': 0.14991860037800203, 'hidden_continuous_size': 9, 'attention_head_size': 4, 'learning_rate': 0.003711370756161472}. Best is trial 0 with value: 0.07550220936536789.
[I 2023-12-26 14:01:09,463] Trial 49 finished with value: 6.269340515136719 and parameters: {'gradient_clip_val': 0.22817799512647785, 'hidden_size': 43, 'dropout': 0.19970197861532532, 'hidden_continuous_size': 13, 'attention_head_size': 3, 'learning_rate': 0.0027104721342045947}. Best is trial 0 with value: 0.07550220936536789.
[I 2023-12-26 14:01:09,599] A new study created in memory with name: no-name-4dbbc5a5-69dd-41ac-ba8f-8703a9c6a53c
/home/le004/conda/anaconda3/envs/tsff_env/lib/python3.9/site-packages/lightning/fabric/plugins/environments/slurm.py:191: The `srun` command is available on your system but is not used. HINT: If your intention is to run Lightning on SLURM, prepend your python command with `srun` like so: srun python /home/le004/master_thesis/git/TSFusionForecast/code/ ...
[I 2023-12-26 14:06:16,870] Trial 0 finished with value: 0.03497874364256859 and parameters: {'gradient_clip_val': 0.4318716500689148, 'hidden_size': 16, 'dropout': 0.34614790600217316, 'hidden_continuous_size': 10, 'attention_head_size': 1, 'learning_rate': 0.026093244237575374}. Best is trial 0 with value: 0.03497874364256859.
[I 2023-12-26 14:06:19,111] Trial 1 finished with value: 2.514941453933716 and parameters: {'gradient_clip_val': 0.29539709185750956, 'hidden_size': 7, 'dropout': 0.39417705095518407, 'hidden_continuous_size': 7, 'attention_head_size': 3, 'learning_rate': 0.009741947102693783}. Best is trial 0 with value: 0.03497874364256859.
[I 2023-12-26 14:06:30,849] Trial 2 finished with value: 2.994164228439331 and parameters: {'gradient_clip_val': 0.9901921651953693, 'hidden_size': 140, 'dropout': 0.3755444244994165, 'hidden_continuous_size': 64, 'attention_head_size': 1, 'learning_rate': 0.0014351738185724792}. Best is trial 0 with value: 0.03497874364256859.
[I 2023-12-26 14:06:37,411] Trial 3 finished with value: 2.3665900230407715 and parameters: {'gradient_clip_val': 0.11470603315400911, 'hidden_size': 76, 'dropout': 0.25026255902367, 'hidden_continuous_size': 15, 'attention_head_size': 4, 'learning_rate': 0.030286994853802096}. Best is trial 0 with value: 0.03497874364256859.
[I 2023-12-26 14:06:40,541] Trial 4 finished with value: 3.775501251220703 and parameters: {'gradient_clip_val': 0.4839848461839166, 'hidden_size': 29, 'dropout': 0.10960592690545923, 'hidden_continuous_size': 8, 'attention_head_size': 1, 'learning_rate': 0.0029373577070493533}. Best is trial 0 with value: 0.03497874364256859.
[I 2023-12-26 14:06:43,356] Trial 5 finished with value: 2.7310492992401123 and parameters: {'gradient_clip_val': 0.23320784890876353, 'hidden_size': 19, 'dropout': 0.42264942075227707, 'hidden_continuous_size': 12, 'attention_head_size': 3, 'learning_rate': 0.05425434566845322}. Best is trial 0 with value: 0.03497874364256859.
[I 2023-12-26 14:06:47,688] Trial 6 finished with value: 3.125959634780884 and parameters: {'gradient_clip_val': 0.3337820429401441, 'hidden_size': 45, 'dropout': 0.39991286530583603, 'hidden_continuous_size': 14, 'attention_head_size': 2, 'learning_rate': 0.0005531207022020745}. Best is trial 0 with value: 0.03497874364256859.
[I 2023-12-26 14:06:50,163] Trial 7 finished with value: 2.2857091426849365 and parameters: {'gradient_clip_val': 0.6262901050752323, 'hidden_size': 7, 'dropout': 0.28494670677108364, 'hidden_continuous_size': 7, 'attention_head_size': 4, 'learning_rate': 0.0017320271803400304}. Best is trial 0 with value: 0.03497874364256859.
[I 2023-12-26 14:06:52,637] Trial 8 finished with value: 2.849498748779297 and parameters: {'gradient_clip_val': 0.6591263883404261, 'hidden_size': 9, 'dropout': 0.4035683564680016, 'hidden_continuous_size': 6, 'attention_head_size': 3, 'learning_rate': 0.0171056824476471}. Best is trial 0 with value: 0.03497874364256859.
[I 2023-12-26 14:07:05,271] Trial 9 finished with value: 1.8273645639419556 and parameters: {'gradient_clip_val': 0.36621060464284144, 'hidden_size': 138, 'dropout': 0.302415897130643, 'hidden_continuous_size': 116, 'attention_head_size': 3, 'learning_rate': 0.003036498367318114}. Best is trial 0 with value: 0.03497874364256859.
[I 2023-12-26 14:07:07,812] Trial 10 finished with value: 2.787083625793457 and parameters: {'gradient_clip_val': 0.17634958063277728, 'hidden_size': 14, 'dropout': 0.4856973825362988, 'hidden_continuous_size': 5, 'attention_head_size': 2, 'learning_rate': 0.08671483124347101}. Best is trial 0 with value: 0.03497874364256859.
[I 2023-12-26 14:07:11,619] Trial 11 finished with value: 3.0117976665496826 and parameters: {'gradient_clip_val': 0.40065274417751034, 'hidden_size': 35, 'dropout': 0.31310781351961287, 'hidden_continuous_size': 28, 'attention_head_size': 2, 'learning_rate': 0.005646330659727695}. Best is trial 0 with value: 0.03497874364256859.
[I 2023-12-26 14:07:24,807] Trial 12 finished with value: 2.044436454772949 and parameters: {'gradient_clip_val': 0.4352270959954719, 'hidden_size': 149, 'dropout': 0.22503289583532055, 'hidden_continuous_size': 112, 'attention_head_size': 1, 'learning_rate': 0.015532359651579095}. Best is trial 0 with value: 0.03497874364256859.
[I 2023-12-26 14:07:27,428] Trial 13 finished with value: 2.350769281387329 and parameters: {'gradient_clip_val': 0.25190034776606024, 'hidden_size': 17, 'dropout': 0.32609183361345073, 'hidden_continuous_size': 5, 'attention_head_size': 3, 'learning_rate': 0.005507656652139846}. Best is trial 0 with value: 0.03497874364256859.
[I 2023-12-26 14:07:32,895] Trial 14 finished with value: 3.5790178775787354 and parameters: {'gradient_clip_val': 0.38530370070255204, 'hidden_size': 64, 'dropout': 0.20824348839287324, 'hidden_continuous_size': 24, 'attention_head_size': 2, 'learning_rate': 0.03324958969447269}. Best is trial 0 with value: 0.03497874364256859.
[I 2023-12-26 14:07:35,807] Trial 15 finished with value: 3.361016273498535 and parameters: {'gradient_clip_val': 0.5437547743511078, 'hidden_size': 22, 'dropout': 0.33386518034255147, 'hidden_continuous_size': 9, 'attention_head_size': 4, 'learning_rate': 0.011621746081330616}. Best is trial 0 with value: 0.03497874364256859.
[I 2023-12-26 14:07:38,287] Trial 16 finished with value: 3.121086359024048 and parameters: {'gradient_clip_val': 0.3235981352786109, 'hidden_size': 12, 'dropout': 0.3473504459879974, 'hidden_continuous_size': 6, 'attention_head_size': 1, 'learning_rate': 0.024919411374462772}. Best is trial 0 with value: 0.03497874364256859.
[I 2023-12-26 14:07:41,577] Trial 17 finished with value: 3.6334760189056396 and parameters: {'gradient_clip_val': 0.22858108143365244, 'hidden_size': 29, 'dropout': 0.2847098238099679, 'hidden_continuous_size': 10, 'attention_head_size': 2, 'learning_rate': 0.006368609469880137}. Best is trial 0 with value: 0.03497874364256859.
[I 2023-12-26 14:07:44,517] Trial 18 finished with value: 3.2078664302825928 and parameters: {'gradient_clip_val': 0.7454823637284395, 'hidden_size': 11, 'dropout': 0.4647671191658026, 'hidden_continuous_size': 5, 'attention_head_size': 3, 'learning_rate': 0.048508714609144334}. Best is trial 0 with value: 0.03497874364256859.
[I 2023-12-26 14:07:46,723] Trial 19 finished with value: 3.3383777141571045 and parameters: {'gradient_clip_val': 0.5361340496409, 'hidden_size': 5, 'dropout': 0.441600789462259, 'hidden_continuous_size': 5, 'attention_head_size': 4, 'learning_rate': 0.003480087521364328}. Best is trial 0 with value: 0.03497874364256859.
[I 2023-12-26 14:07:49,513] Trial 20 finished with value: 2.3415615558624268 and parameters: {'gradient_clip_val': 0.42642986027044394, 'hidden_size': 21, 'dropout': 0.36217212610741406, 'hidden_continuous_size': 10, 'attention_head_size': 1, 'learning_rate': 0.009593884952363033}. Best is trial 0 with value: 0.03497874364256859.
[I 2023-12-26 14:08:02,971] Trial 21 finished with value: 2.4041664600372314 and parameters: {'gradient_clip_val': 0.4489629938067535, 'hidden_size': 147, 'dropout': 0.2207089210427971, 'hidden_continuous_size': 129, 'attention_head_size': 1, 'learning_rate': 0.01759097154908571}. Best is trial 0 with value: 0.03497874364256859.
[I 2023-12-26 14:08:12,720] Trial 22 finished with value: 3.0083982944488525 and parameters: {'gradient_clip_val': 0.3437272579093688, 'hidden_size': 105, 'dropout': 0.2685553231513143, 'hidden_continuous_size': 104, 'attention_head_size': 1, 'learning_rate': 0.01542285196728121}. Best is trial 0 with value: 0.03497874364256859.
[I 2023-12-26 14:08:21,634] Trial 23 finished with value: 3.020350694656372 and parameters: {'gradient_clip_val': 0.46351330625434245, 'hidden_size': 100, 'dropout': 0.3040951518004658, 'hidden_continuous_size': 63, 'attention_head_size': 2, 'learning_rate': 0.020804293943980676}. Best is trial 0 with value: 0.03497874364256859.
[I 2023-12-26 14:08:26,484] Trial 24 finished with value: 2.6134824752807617 and parameters: {'gradient_clip_val': 0.39046284969745615, 'hidden_size': 53, 'dropout': 0.3515148414838658, 'hidden_continuous_size': 19, 'attention_head_size': 1, 'learning_rate': 0.011144062211013063}. Best is trial 0 with value: 0.03497874364256859.
[I 2023-12-26 14:08:34,114] Trial 25 finished with value: 2.486830711364746 and parameters: {'gradient_clip_val': 0.2843351441728449, 'hidden_size': 88, 'dropout': 0.22835304552339117, 'hidden_continuous_size': 36, 'attention_head_size': 2, 'learning_rate': 0.04350795372917947}. Best is trial 0 with value: 0.03497874364256859.
[I 2023-12-26 14:08:44,982] Trial 26 finished with value: 2.9801597595214844 and parameters: {'gradient_clip_val': 0.5328088539383067, 'hidden_size': 120, 'dropout': 0.25270293235458124, 'hidden_continuous_size': 83, 'attention_head_size': 3, 'learning_rate': 0.026797321046910006}. Best is trial 0 with value: 0.03497874364256859.
[I 2023-12-26 14:08:52,114] Trial 27 finished with value: 2.1456711292266846 and parameters: {'gradient_clip_val': 0.37039931850839697, 'hidden_size': 78, 'dropout': 0.19348612074204463, 'hidden_continuous_size': 45, 'attention_head_size': 1, 'learning_rate': 0.09735849472003899}. Best is trial 0 with value: 0.03497874364256859.
[I 2023-12-26 14:09:05,360] Trial 28 finished with value: 1.6185065507888794 and parameters: {'gradient_clip_val': 0.4434659525372835, 'hidden_size': 145, 'dropout': 0.3129815956433749, 'hidden_continuous_size': 131, 'attention_head_size': 2, 'learning_rate': 0.014682035803278863}. Best is trial 0 with value: 0.03497874364256859.
[I 2023-12-26 14:09:14,841] Trial 29 finished with value: 2.592604398727417 and parameters: {'gradient_clip_val': 0.31791831021070127, 'hidden_size': 105, 'dropout': 0.37049047332781077, 'hidden_continuous_size': 77, 'attention_head_size': 3, 'learning_rate': 0.008364178587989296}. Best is trial 0 with value: 0.03497874364256859.
[I 2023-12-26 14:09:20,367] Trial 30 finished with value: 2.536595106124878 and parameters: {'gradient_clip_val': 0.27329428141464185, 'hidden_size': 60, 'dropout': 0.32108657831771714, 'hidden_continuous_size': 18, 'attention_head_size': 2, 'learning_rate': 0.007989576540441344}. Best is trial 0 with value: 0.03497874364256859.
[I 2023-12-26 14:09:34,052] Trial 31 finished with value: 1.7464667558670044 and parameters: {'gradient_clip_val': 0.4374133421358184, 'hidden_size': 149, 'dropout': 0.3053791052445677, 'hidden_continuous_size': 136, 'attention_head_size': 1, 'learning_rate': 0.013610341934012992}. Best is trial 0 with value: 0.03497874364256859.
[I 2023-12-26 14:09:45,361] Trial 32 finished with value: 2.067763090133667 and parameters: {'gradient_clip_val': 0.37800656294398954, 'hidden_size': 123, 'dropout': 0.3049758183416631, 'hidden_continuous_size': 97, 'attention_head_size': 1, 'learning_rate': 0.014548085067084207}. Best is trial 0 with value: 0.03497874364256859.
[I 2023-12-26 14:09:55,891] Trial 33 finished with value: 1.8487142324447632 and parameters: {'gradient_clip_val': 0.4922054273160643, 'hidden_size': 121, 'dropout': 0.3811022462424217, 'hidden_continuous_size': 85, 'attention_head_size': 2, 'learning_rate': 0.023169948942088018}. Best is trial 0 with value: 0.03497874364256859.
[I 2023-12-26 14:10:03,479] Trial 34 finished with value: 3.028355836868286 and parameters: {'gradient_clip_val': 0.35350276482787635, 'hidden_size': 83, 'dropout': 0.3416299288734288, 'hidden_continuous_size': 65, 'attention_head_size': 1, 'learning_rate': 0.011828150619751992}. Best is trial 0 with value: 0.03497874364256859.
[I 2023-12-26 14:10:16,238] Trial 35 finished with value: 2.6434438228607178 and parameters: {'gradient_clip_val': 0.5990880280310208, 'hidden_size': 134, 'dropout': 0.28683411975894507, 'hidden_continuous_size': 133, 'attention_head_size': 3, 'learning_rate': 0.004337019578246815}. Best is trial 0 with value: 0.03497874364256859.
[I 2023-12-26 14:10:23,058] Trial 36 finished with value: 3.0002424716949463 and parameters: {'gradient_clip_val': 0.7854222168442081, 'hidden_size': 71, 'dropout': 0.3852217434634917, 'hidden_continuous_size': 55, 'attention_head_size': 1, 'learning_rate': 0.00744128601892177}. Best is trial 0 with value: 0.03497874364256859.
[I 2023-12-26 14:10:31,543] Trial 37 finished with value: 2.712998628616333 and parameters: {'gradient_clip_val': 0.4966088176158334, 'hidden_size': 93, 'dropout': 0.3304724813381863, 'hidden_continuous_size': 68, 'attention_head_size': 3, 'learning_rate': 0.03385997977611399}. Best is trial 0 with value: 0.03497874364256859.
[I 2023-12-26 14:10:42,735] Trial 38 finished with value: 2.611255407333374 and parameters: {'gradient_clip_val': 0.43082420787147874, 'hidden_size': 148, 'dropout': 0.3603831944268867, 'hidden_continuous_size': 129, 'attention_head_size': 2, 'learning_rate': 0.0022764746558749036}. Best is trial 0 with value: 0.03497874364256859.
[I 2023-12-26 14:10:45,906] Trial 39 finished with value: 3.0566141605377197 and parameters: {'gradient_clip_val': 0.30291937196702085, 'hidden_size': 47, 'dropout': 0.29751756114375, 'hidden_continuous_size': 40, 'attention_head_size': 4, 'learning_rate': 0.0011629300122832805}. Best is trial 0 with value: 0.03497874364256859.
[I 2023-12-26 14:10:53,404] Trial 40 finished with value: 2.5203895568847656 and parameters: {'gradient_clip_val': 0.6022904158379453, 'hidden_size': 107, 'dropout': 0.4025587093919044, 'hidden_continuous_size': 92, 'attention_head_size': 2, 'learning_rate': 0.02113965704680164}. Best is trial 0 with value: 0.03497874364256859.
[I 2023-12-26 14:11:04,409] Trial 41 finished with value: 1.8944190740585327 and parameters: {'gradient_clip_val': 0.4841975356386988, 'hidden_size': 123, 'dropout': 0.37847404900174897, 'hidden_continuous_size': 86, 'attention_head_size': 2, 'learning_rate': 0.022536608120588754}. Best is trial 0 with value: 0.03497874364256859.
[I 2023-12-26 14:11:15,360] Trial 42 finished with value: 2.2945146560668945 and parameters: {'gradient_clip_val': 0.48628074406820526, 'hidden_size': 119, 'dropout': 0.31613616048221954, 'hidden_continuous_size': 101, 'attention_head_size': 2, 'learning_rate': 0.01258994038949344}. Best is trial 0 with value: 0.03497874364256859.
[I 2023-12-26 14:11:23,925] Trial 43 finished with value: 2.8100433349609375 and parameters: {'gradient_clip_val': 0.4134074938605192, 'hidden_size': 92, 'dropout': 0.41700725241655157, 'hidden_continuous_size': 74, 'attention_head_size': 2, 'learning_rate': 0.019320779731835987}. Best is trial 0 with value: 0.03497874364256859.
[I 2023-12-26 14:11:37,212] Trial 44 finished with value: 1.3690924644470215 and parameters: {'gradient_clip_val': 0.34519321767754396, 'hidden_size': 146, 'dropout': 0.3853408683126981, 'hidden_continuous_size': 141, 'attention_head_size': 3, 'learning_rate': 0.0276291171737504}. Best is trial 0 with value: 0.03497874364256859.
[I 2023-12-26 14:11:43,712] Trial 45 finished with value: 3.139807939529419 and parameters: {'gradient_clip_val': 0.3500962119051161, 'hidden_size': 73, 'dropout': 0.3443049878644877, 'hidden_continuous_size': 59, 'attention_head_size': 3, 'learning_rate': 0.034407547034351706}. Best is trial 0 with value: 0.03497874364256859.
[I 2023-12-26 14:11:56,807] Trial 46 finished with value: 2.0416500568389893 and parameters: {'gradient_clip_val': 0.40061396840607016, 'hidden_size': 150, 'dropout': 0.32834590717579737, 'hidden_continuous_size': 142, 'attention_head_size': 3, 'learning_rate': 0.009419457637791558}. Best is trial 0 with value: 0.03497874364256859.
[I 2023-12-26 14:12:00,666] Trial 47 finished with value: 2.72100567817688 and parameters: {'gradient_clip_val': 0.3179353839654315, 'hidden_size': 38, 'dropout': 0.3638757338807026, 'hidden_continuous_size': 36, 'attention_head_size': 4, 'learning_rate': 0.028624833262553096}. Best is trial 0 with value: 0.03497874364256859.
[I 2023-12-26 14:12:09,131] Trial 48 finished with value: 2.825800657272339 and parameters: {'gradient_clip_val': 0.3696010856840044, 'hidden_size': 87, 'dropout': 0.38853373265995744, 'hidden_continuous_size': 73, 'attention_head_size': 3, 'learning_rate': 0.01479865143918371}. Best is trial 0 with value: 0.03497874364256859.
[I 2023-12-26 14:12:20,393] Trial 49 finished with value: 1.2496360540390015 and parameters: {'gradient_clip_val': 0.42393916382621405, 'hidden_size': 132, 'dropout': 0.3191290309121018, 'hidden_continuous_size': 111, 'attention_head_size': 3, 'learning_rate': 0.07618888294980576}. Best is trial 0 with value: 0.03497874364256859.
[I 2023-12-26 14:12:20,525] A new study created in memory with name: no-name-dd0c3b55-e138-4f8e-b767-699b8fcd50bb
/home/le004/conda/anaconda3/envs/tsff_env/lib/python3.9/site-packages/lightning/fabric/plugins/environments/slurm.py:191: The `srun` command is available on your system but is not used. HINT: If your intention is to run Lightning on SLURM, prepend your python command with `srun` like so: srun python /home/le004/master_thesis/git/TSFusionForecast/code/ ...
[I 2023-12-26 14:15:09,183] Trial 0 finished with value: 4.988027572631836 and parameters: {'gradient_clip_val': 0.9997263365070875, 'hidden_size': 11, 'dropout': 0.45904031116511146, 'hidden_continuous_size': 10, 'attention_head_size': 2, 'learning_rate': 0.021286645707233563}. Best is trial 0 with value: 4.988027572631836.
[I 2023-12-26 14:15:18,678] Trial 1 finished with value: 3.476199150085449 and parameters: {'gradient_clip_val': 0.11517434681681558, 'hidden_size': 124, 'dropout': 0.2582522996605874, 'hidden_continuous_size': 18, 'attention_head_size': 2, 'learning_rate': 0.07465456410786762}. Best is trial 1 with value: 3.476199150085449.
[I 2023-12-26 14:15:21,809] Trial 2 finished with value: 5.402318477630615 and parameters: {'gradient_clip_val': 0.7741461207119416, 'hidden_size': 34, 'dropout': 0.20583852055712387, 'hidden_continuous_size': 10, 'attention_head_size': 4, 'learning_rate': 0.054011982908819776}. Best is trial 1 with value: 3.476199150085449.
[I 2023-12-26 14:15:27,318] Trial 3 finished with value: 3.685617685317993 and parameters: {'gradient_clip_val': 0.24594255998059442, 'hidden_size': 77, 'dropout': 0.2577202039262403, 'hidden_continuous_size': 11, 'attention_head_size': 3, 'learning_rate': 0.015511307217500239}. Best is trial 1 with value: 3.476199150085449.
[I 2023-12-26 14:15:30,223] Trial 4 finished with value: 4.072076320648193 and parameters: {'gradient_clip_val': 0.4905530021264983, 'hidden_size': 39, 'dropout': 0.2755714312874043, 'hidden_continuous_size': 25, 'attention_head_size': 3, 'learning_rate': 0.0008176844318306925}. Best is trial 1 with value: 3.476199150085449.
[I 2023-12-26 14:15:32,383] Trial 5 finished with value: 3.7558679580688477 and parameters: {'gradient_clip_val': 0.3251187727469497, 'hidden_size': 24, 'dropout': 0.4020809795803705, 'hidden_continuous_size': 6, 'attention_head_size': 3, 'learning_rate': 0.0020538348563127477}. Best is trial 1 with value: 3.476199150085449.
[I 2023-12-26 14:15:34,679] Trial 6 finished with value: 3.843186378479004 and parameters: {'gradient_clip_val': 0.3177295426499892, 'hidden_size': 25, 'dropout': 0.4770955723568103, 'hidden_continuous_size': 9, 'attention_head_size': 3, 'learning_rate': 0.0005963427958383227}. Best is trial 1 with value: 3.476199150085449.
[I 2023-12-26 14:15:36,718] Trial 7 finished with value: 4.011737823486328 and parameters: {'gradient_clip_val': 0.7794760117092865, 'hidden_size': 13, 'dropout': 0.3501452417527934, 'hidden_continuous_size': 6, 'attention_head_size': 3, 'learning_rate': 0.0009962426403889529}. Best is trial 1 with value: 3.476199150085449.
