[I 2023-12-26 13:37:46,318] Trial 12 finished with value: 465.5614929199219 and parameters: {'gradient_clip_val': 0.7650637986943215, 'hidden_size': 77, 'dropout': 0.4281476067144733, 'hidden_continuous_size': 34, 'attention_head_size': 1, 'learning_rate': 0.0016950708650649259}. Best is trial 0 with value: 158.62847900390625.
[I 2023-12-26 13:37:48,618] Trial 13 finished with value: 439.1594543457031 and parameters: {'gradient_clip_val': 0.29549399557694545, 'hidden_size': 25, 'dropout': 0.2949136577205349, 'hidden_continuous_size': 16, 'attention_head_size': 3, 'learning_rate': 0.0017335442317693152}. Best is trial 0 with value: 158.62847900390625.
[I 2023-12-26 13:37:54,399] Trial 14 finished with value: 439.9163513183594 and parameters: {'gradient_clip_val': 0.7435633323062161, 'hidden_size': 95, 'dropout': 0.43657419231387773, 'hidden_continuous_size': 52, 'attention_head_size': 2, 'learning_rate': 0.09794978751635296}. Best is trial 0 with value: 158.62847900390625.
[I 2023-12-26 13:37:59,412] Trial 15 finished with value: 422.6761169433594 and parameters: {'gradient_clip_val': 0.705943990161671, 'hidden_size': 87, 'dropout': 0.3503010341673564, 'hidden_continuous_size': 16, 'attention_head_size': 4, 'learning_rate': 0.008717287005679645}. Best is trial 0 with value: 158.62847900390625.
[I 2023-12-26 13:38:01,128] Trial 16 finished with value: 393.8833312988281 and parameters: {'gradient_clip_val': 0.9078987930688664, 'hidden_size': 5, 'dropout': 0.41123487423600424, 'hidden_continuous_size': 5, 'attention_head_size': 1, 'learning_rate': 0.03112575150921812}. Best is trial 0 with value: 158.62847900390625.
[I 2023-12-26 13:38:03,687] Trial 17 finished with value: 302.4692077636719 and parameters: {'gradient_clip_val': 0.638976608502738, 'hidden_size': 35, 'dropout': 0.45069966786334426, 'hidden_continuous_size': 17, 'attention_head_size': 2, 'learning_rate': 0.0034888431299352624}. Best is trial 0 with value: 158.62847900390625.
[I 2023-12-26 13:38:06,109] Trial 18 finished with value: 432.7988586425781 and parameters: {'gradient_clip_val': 0.9869027793111493, 'hidden_size': 28, 'dropout': 0.4986432931512113, 'hidden_continuous_size': 14, 'attention_head_size': 3, 'learning_rate': 0.002924968234869444}. Best is trial 0 with value: 158.62847900390625.
[I 2023-12-26 13:38:08,213] Trial 19 finished with value: 401.9315185546875 and parameters: {'gradient_clip_val': 0.6877722716038608, 'hidden_size': 19, 'dropout': 0.443878880465339, 'hidden_continuous_size': 9, 'attention_head_size': 2, 'learning_rate': 0.0013931549467635466}. Best is trial 0 with value: 158.62847900390625.
[I 2023-12-26 13:38:10,745] Trial 20 finished with value: 360.712646484375 and parameters: {'gradient_clip_val': 0.6318284885253556, 'hidden_size': 35, 'dropout': 0.4537871317229473, 'hidden_continuous_size': 16, 'attention_head_size': 3, 'learning_rate': 0.003862529656561148}. Best is trial 0 with value: 158.62847900390625.
[I 2023-12-26 13:38:13,635] Trial 21 finished with value: 543.9512329101562 and parameters: {'gradient_clip_val': 0.6480301072046929, 'hidden_size': 39, 'dropout': 0.4065907543474536, 'hidden_continuous_size': 20, 'attention_head_size': 1, 'learning_rate': 0.006403733392321578}. Best is trial 0 with value: 158.62847900390625.
[I 2023-12-26 13:38:17,278] Trial 22 finished with value: 451.70263671875 and parameters: {'gradient_clip_val': 0.8416466313517016, 'hidden_size': 65, 'dropout': 0.45498588415358854, 'hidden_continuous_size': 22, 'attention_head_size': 2, 'learning_rate': 0.0023479353906016884}. Best is trial 0 with value: 158.62847900390625.
[I 2023-12-26 13:38:20,005] Trial 23 finished with value: 441.62353515625 and parameters: {'gradient_clip_val': 0.9992287663476884, 'hidden_size': 42, 'dropout': 0.38074284301108297, 'hidden_continuous_size': 18, 'attention_head_size': 1, 'learning_rate': 0.0041807070009530645}. Best is trial 0 with value: 158.62847900390625.
[I 2023-12-26 13:38:26,450] Trial 24 finished with value: 339.6424865722656 and parameters: {'gradient_clip_val': 0.6253542259780015, 'hidden_size': 107, 'dropout': 0.4262681276788467, 'hidden_continuous_size': 29, 'attention_head_size': 2, 'learning_rate': 0.000996044113256361}. Best is trial 0 with value: 158.62847900390625.
[I 2023-12-26 13:38:32,438] Trial 25 finished with value: 391.0282287597656 and parameters: {'gradient_clip_val': 0.8234968233707893, 'hidden_size': 104, 'dropout': 0.42139462214423073, 'hidden_continuous_size': 28, 'attention_head_size': 2, 'learning_rate': 0.0010285563064851486}. Best is trial 0 with value: 158.62847900390625.
[I 2023-12-26 13:38:36,114] Trial 26 finished with value: 316.5625915527344 and parameters: {'gradient_clip_val': 0.6619981497530903, 'hidden_size': 68, 'dropout': 0.4702762354840247, 'hidden_continuous_size': 13, 'attention_head_size': 2, 'learning_rate': 0.0007802502567391976}. Best is trial 0 with value: 158.62847900390625.
[I 2023-12-26 13:38:39,658] Trial 27 finished with value: 344.483154296875 and parameters: {'gradient_clip_val': 0.458787343461398, 'hidden_size': 65, 'dropout': 0.4668232386351745, 'hidden_continuous_size': 12, 'attention_head_size': 3, 'learning_rate': 0.002178447591312052}. Best is trial 0 with value: 158.62847900390625.
[I 2023-12-26 13:38:43,249] Trial 28 finished with value: 434.478759765625 and parameters: {'gradient_clip_val': 0.8207926973305169, 'hidden_size': 65, 'dropout': 0.48223785564232063, 'hidden_continuous_size': 14, 'attention_head_size': 2, 'learning_rate': 0.0005327995414199077}. Best is trial 0 with value: 158.62847900390625.
[I 2023-12-26 13:38:47,407] Trial 29 finished with value: 333.3183898925781 and parameters: {'gradient_clip_val': 0.5776299004937607, 'hidden_size': 75, 'dropout': 0.4966602059758785, 'hidden_continuous_size': 10, 'attention_head_size': 3, 'learning_rate': 0.0014055957824998754}. Best is trial 0 with value: 158.62847900390625.
[I 2023-12-26 13:38:56,001] Trial 30 finished with value: 395.6123962402344 and parameters: {'gradient_clip_val': 0.7332185327442845, 'hidden_size': 150, 'dropout': 0.44974865183697676, 'hidden_continuous_size': 12, 'attention_head_size': 4, 'learning_rate': 0.0007386128954897153}. Best is trial 0 with value: 158.62847900390625.
[I 2023-12-26 13:39:00,403] Trial 31 finished with value: 355.0746154785156 and parameters: {'gradient_clip_val': 0.5738736273530896, 'hidden_size': 78, 'dropout': 0.4944450921133539, 'hidden_continuous_size': 10, 'attention_head_size': 3, 'learning_rate': 0.0015372351738778556}. Best is trial 0 with value: 158.62847900390625.
[I 2023-12-26 13:39:06,916] Trial 32 finished with value: 337.9179382324219 and parameters: {'gradient_clip_val': 0.6848611355564114, 'hidden_size': 112, 'dropout': 0.4717719078553356, 'hidden_continuous_size': 9, 'attention_head_size': 3, 'learning_rate': 0.0011940535852183736}. Best is trial 0 with value: 158.62847900390625.
[I 2023-12-26 13:39:12,037] Trial 33 finished with value: 320.9346008300781 and parameters: {'gradient_clip_val': 0.4941224117782228, 'hidden_size': 78, 'dropout': 0.4666772093052639, 'hidden_continuous_size': 13, 'attention_head_size': 3, 'learning_rate': 0.0008159616289296881}. Best is trial 0 with value: 158.62847900390625.
[I 2023-12-26 13:39:17,131] Trial 34 finished with value: 397.6747741699219 and parameters: {'gradient_clip_val': 0.48565793638354215, 'hidden_size': 62, 'dropout': 0.4682473112725056, 'hidden_continuous_size': 19, 'attention_head_size': 2, 'learning_rate': 0.000801178247822146}. Best is trial 0 with value: 158.62847900390625.
[I 2023-12-26 13:39:20,202] Trial 35 finished with value: 493.6185302734375 and parameters: {'gradient_clip_val': 0.4512292574512073, 'hidden_size': 47, 'dropout': 0.4373572267166781, 'hidden_continuous_size': 14, 'attention_head_size': 4, 'learning_rate': 0.0007430423067761776}. Best is trial 0 with value: 158.62847900390625.
[I 2023-12-26 13:39:25,543] Trial 36 finished with value: 391.1595764160156 and parameters: {'gradient_clip_val': 0.5311514627223757, 'hidden_size': 87, 'dropout': 0.41493033126810946, 'hidden_continuous_size': 12, 'attention_head_size': 3, 'learning_rate': 0.0019569944742978}. Best is trial 0 with value: 158.62847900390625.
[I 2023-12-26 13:39:28,795] Trial 37 finished with value: 354.94140625 and parameters: {'gradient_clip_val': 0.40682258027361035, 'hidden_size': 55, 'dropout': 0.47184039211067963, 'hidden_continuous_size': 18, 'attention_head_size': 3, 'learning_rate': 0.0028630462980131044}. Best is trial 0 with value: 158.62847900390625.
[I 2023-12-26 13:39:35,605] Trial 38 finished with value: 423.1902770996094 and parameters: {'gradient_clip_val': 0.5203131659944598, 'hidden_size': 117, 'dropout': 0.3860647813126556, 'hidden_continuous_size': 7, 'attention_head_size': 2, 'learning_rate': 0.0011754769051366247}. Best is trial 0 with value: 158.62847900390625.
[I 2023-12-26 13:39:39,321] Trial 39 finished with value: 344.459228515625 and parameters: {'gradient_clip_val': 0.3554691189895407, 'hidden_size': 54, 'dropout': 0.45077218712802314, 'hidden_continuous_size': 13, 'attention_head_size': 3, 'learning_rate': 0.0008477198942457985}. Best is trial 0 with value: 158.62847900390625.
[I 2023-12-26 13:39:47,070] Trial 40 finished with value: 385.6069641113281 and parameters: {'gradient_clip_val': 0.6312438989354643, 'hidden_size': 125, 'dropout': 0.4014617016911574, 'hidden_continuous_size': 23, 'attention_head_size': 4, 'learning_rate': 0.002065103756098202}. Best is trial 0 with value: 158.62847900390625.
[I 2023-12-26 13:39:51,787] Trial 41 finished with value: 372.9276123046875 and parameters: {'gradient_clip_val': 0.5694916516467388, 'hidden_size': 84, 'dropout': 0.49848932332165097, 'hidden_continuous_size': 10, 'attention_head_size': 3, 'learning_rate': 0.0012860523434016613}. Best is trial 0 with value: 158.62847900390625.
[I 2023-12-26 13:39:57,537] Trial 42 finished with value: 398.8326110839844 and parameters: {'gradient_clip_val': 0.8787846547523852, 'hidden_size': 99, 'dropout': 0.48010068105650555, 'hidden_continuous_size': 11, 'attention_head_size': 3, 'learning_rate': 0.001486295578827789}. Best is trial 0 with value: 158.62847900390625.
[I 2023-12-26 13:40:01,549] Trial 43 finished with value: 470.5107727050781 and parameters: {'gradient_clip_val': 0.5689907110807713, 'hidden_size': 74, 'dropout': 0.48075550349586516, 'hidden_continuous_size': 8, 'attention_head_size': 2, 'learning_rate': 0.0006613856749205263}. Best is trial 0 with value: 158.62847900390625.
[I 2023-12-26 13:40:05,809] Trial 44 finished with value: 399.6604309082031 and parameters: {'gradient_clip_val': 0.7574939167929338, 'hidden_size': 70, 'dropout': 0.45882035745407673, 'hidden_continuous_size': 17, 'attention_head_size': 3, 'learning_rate': 0.0010170650760499308}. Best is trial 0 with value: 158.62847900390625.
[I 2023-12-26 13:40:09,256] Trial 45 finished with value: 450.1170349121094 and parameters: {'gradient_clip_val': 0.5012778450457528, 'hidden_size': 59, 'dropout': 0.43906115418022545, 'hidden_continuous_size': 15, 'attention_head_size': 2, 'learning_rate': 0.0027310116361649577}. Best is trial 0 with value: 158.62847900390625.
[I 2023-12-26 13:40:14,662] Trial 46 finished with value: 486.6046142578125 and parameters: {'gradient_clip_val': 0.6823020990264742, 'hidden_size': 91, 'dropout': 0.42485423959524926, 'hidden_continuous_size': 21, 'attention_head_size': 4, 'learning_rate': 0.0017893147142355743}. Best is trial 0 with value: 158.62847900390625.
[I 2023-12-26 13:40:22,287] Trial 47 finished with value: 526.7404174804688 and parameters: {'gradient_clip_val': 0.6067349127587202, 'hidden_size': 127, 'dropout': 0.48453498890570085, 'hidden_continuous_size': 24, 'attention_head_size': 3, 'learning_rate': 0.0006335725623901645}. Best is trial 0 with value: 158.62847900390625.
[I 2023-12-26 13:40:25,247] Trial 48 finished with value: 334.42657470703125 and parameters: {'gradient_clip_val': 0.7573389465842814, 'hidden_size': 49, 'dropout': 0.49972684812291507, 'hidden_continuous_size': 13, 'attention_head_size': 2, 'learning_rate': 0.0009326401475383125}. Best is trial 0 with value: 158.62847900390625.
[I 2023-12-26 13:40:29,618] Trial 49 finished with value: 384.5425109863281 and parameters: {'gradient_clip_val': 0.43664758572217227, 'hidden_size': 75, 'dropout': 0.4603037624196108, 'hidden_continuous_size': 19, 'attention_head_size': 3, 'learning_rate': 0.0013563715412035246}. Best is trial 0 with value: 158.62847900390625.
[I 2023-12-26 13:40:29,738] A new study created in memory with name: no-name-266f4cc7-19f2-4f63-be97-417b2615f2fb
/home/le004/conda/anaconda3/envs/tsff_env/lib/python3.9/site-packages/lightning/fabric/plugins/environments/slurm.py:191: The `srun` command is available on your system but is not used. HINT: If your intention is to run Lightning on SLURM, prepend your python command with `srun` like so: srun python /home/le004/master_thesis/git/TSFusionForecast/code/ ...
[I 2023-12-26 13:49:18,425] Trial 0 finished with value: 70.65440368652344 and parameters: {'gradient_clip_val': 0.10717166521558522, 'hidden_size': 138, 'dropout': 0.23703281247638752, 'hidden_continuous_size': 49, 'attention_head_size': 4, 'learning_rate': 0.020124600754771304}. Best is trial 0 with value: 70.65440368652344.
[I 2023-12-26 13:49:23,751] Trial 1 finished with value: 125.70758056640625 and parameters: {'gradient_clip_val': 0.3039610559208717, 'hidden_size': 53, 'dropout': 0.22456212954200555, 'hidden_continuous_size': 29, 'attention_head_size': 1, 'learning_rate': 0.007675721845125222}. Best is trial 0 with value: 70.65440368652344.
[I 2023-12-26 13:49:28,351] Trial 2 finished with value: 200.98707580566406 and parameters: {'gradient_clip_val': 0.26865471594891915, 'hidden_size': 49, 'dropout': 0.2816756263405445, 'hidden_continuous_size': 13, 'attention_head_size': 4, 'learning_rate': 0.003734851677561939}. Best is trial 0 with value: 70.65440368652344.
[I 2023-12-26 13:49:31,039] Trial 3 finished with value: 130.2449188232422 and parameters: {'gradient_clip_val': 0.17060729611821304, 'hidden_size': 15, 'dropout': 0.3573850336548494, 'hidden_continuous_size': 5, 'attention_head_size': 2, 'learning_rate': 0.037165035384182615}. Best is trial 0 with value: 70.65440368652344.
[I 2023-12-26 13:49:42,683] Trial 4 finished with value: 189.70611572265625 and parameters: {'gradient_clip_val': 0.3011481340208595, 'hidden_size': 136, 'dropout': 0.3629109432990686, 'hidden_continuous_size': 111, 'attention_head_size': 4, 'learning_rate': 0.001226430755395546}. Best is trial 0 with value: 70.65440368652344.
[I 2023-12-26 13:49:53,976] Trial 5 finished with value: 159.4065704345703 and parameters: {'gradient_clip_val': 0.1459310598256208, 'hidden_size': 145, 'dropout': 0.3073290861992946, 'hidden_continuous_size': 83, 'attention_head_size': 4, 'learning_rate': 0.0017370340420809526}. Best is trial 0 with value: 70.65440368652344.
[I 2023-12-26 13:49:56,002] Trial 6 finished with value: 120.06058502197266 and parameters: {'gradient_clip_val': 0.1026302284980142, 'hidden_size': 11, 'dropout': 0.24649271573830883, 'hidden_continuous_size': 11, 'attention_head_size': 1, 'learning_rate': 0.032283857193946594}. Best is trial 0 with value: 70.65440368652344.
[I 2023-12-26 13:49:57,794] Trial 7 finished with value: 159.44671630859375 and parameters: {'gradient_clip_val': 0.16173164171634644, 'hidden_size': 5, 'dropout': 0.3967861584961887, 'hidden_continuous_size': 5, 'attention_head_size': 2, 'learning_rate': 0.010253294883548746}. Best is trial 0 with value: 70.65440368652344.
[I 2023-12-26 13:49:59,990] Trial 8 finished with value: 162.6087646484375 and parameters: {'gradient_clip_val': 0.8340539156146872, 'hidden_size': 14, 'dropout': 0.25061441950657737, 'hidden_continuous_size': 6, 'attention_head_size': 2, 'learning_rate': 0.043291727228728004}. Best is trial 0 with value: 70.65440368652344.
[I 2023-12-26 13:50:04,516] Trial 9 finished with value: 173.06056213378906 and parameters: {'gradient_clip_val': 0.4232176125097567, 'hidden_size': 68, 'dropout': 0.20261810747633394, 'hidden_continuous_size': 13, 'attention_head_size': 1, 'learning_rate': 0.0020390898243229524}. Best is trial 0 with value: 70.65440368652344.
[I 2023-12-26 13:50:07,142] Trial 10 finished with value: 141.96575927734375 and parameters: {'gradient_clip_val': 0.10229751819299664, 'hidden_size': 30, 'dropout': 0.1136010878371165, 'hidden_continuous_size': 22, 'attention_head_size': 3, 'learning_rate': 0.09167732505402229}. Best is trial 0 with value: 70.65440368652344.
[I 2023-12-26 13:50:09,171] Trial 11 finished with value: 144.79074096679688 and parameters: {'gradient_clip_val': 0.10159463000981095, 'hidden_size': 11, 'dropout': 0.17368317337605385, 'hidden_continuous_size': 6, 'attention_head_size': 3, 'learning_rate': 0.01387964370702641}. Best is trial 0 with value: 70.65440368652344.
[I 2023-12-26 13:50:11,450] Trial 12 finished with value: 179.1107635498047 and parameters: {'gradient_clip_val': 0.10006540110365934, 'hidden_size': 22, 'dropout': 0.305564720260017, 'hidden_continuous_size': 8, 'attention_head_size': 3, 'learning_rate': 0.0005986052365737924}. Best is trial 0 with value: 70.65440368652344.
[I 2023-12-26 13:50:13,588] Trial 13 finished with value: 160.5823974609375 and parameters: {'gradient_clip_val': 0.20650862659872826, 'hidden_size': 7, 'dropout': 0.49144560296711476, 'hidden_continuous_size': 6, 'attention_head_size': 1, 'learning_rate': 0.020559457213084636}. Best is trial 0 with value: 70.65440368652344.
[I 2023-12-26 13:50:15,966] Trial 14 finished with value: 176.8105926513672 and parameters: {'gradient_clip_val': 0.14691064642691787, 'hidden_size': 26, 'dropout': 0.16973274612405415, 'hidden_continuous_size': 9, 'attention_head_size': 3, 'learning_rate': 0.021510466378013605}. Best is trial 0 with value: 70.65440368652344.
[I 2023-12-26 13:50:22,106] Trial 15 finished with value: 200.2267608642578 and parameters: {'gradient_clip_val': 0.12351780444312983, 'hidden_size': 98, 'dropout': 0.24692775396804187, 'hidden_continuous_size': 36, 'attention_head_size': 2, 'learning_rate': 0.006285056101894223}. Best is trial 0 with value: 70.65440368652344.
[I 2023-12-26 13:50:24,778] Trial 16 finished with value: 132.18185424804688 and parameters: {'gradient_clip_val': 0.2181418951882634, 'hidden_size': 38, 'dropout': 0.10956452916655202, 'hidden_continuous_size': 16, 'attention_head_size': 1, 'learning_rate': 0.07696078340251081}. Best is trial 0 with value: 70.65440368652344.
[I 2023-12-26 13:50:30,239] Trial 17 finished with value: 187.12962341308594 and parameters: {'gradient_clip_val': 0.1263729966778144, 'hidden_size': 85, 'dropout': 0.1912103153127144, 'hidden_continuous_size': 43, 'attention_head_size': 4, 'learning_rate': 0.03573215129922757}. Best is trial 0 with value: 70.65440368652344.
[I 2023-12-26 13:50:32,373] Trial 18 finished with value: 165.7252197265625 and parameters: {'gradient_clip_val': 0.18931683367835986, 'hidden_size': 20, 'dropout': 0.26784162900278496, 'hidden_continuous_size': 8, 'attention_head_size': 2, 'learning_rate': 0.017419426668736384}. Best is trial 0 with value: 70.65440368652344.
[I 2023-12-26 13:50:34,395] Trial 19 finished with value: 156.8605194091797 and parameters: {'gradient_clip_val': 0.13122661519685566, 'hidden_size': 10, 'dropout': 0.15516822929628055, 'hidden_continuous_size': 5, 'attention_head_size': 3, 'learning_rate': 0.051355093764275994}. Best is trial 0 with value: 70.65440368652344.
[I 2023-12-26 13:50:37,029] Trial 20 finished with value: 152.81591796875 and parameters: {'gradient_clip_val': 0.22861212836928996, 'hidden_size': 38, 'dropout': 0.2281748669864102, 'hidden_continuous_size': 11, 'attention_head_size': 1, 'learning_rate': 0.02633480870898135}. Best is trial 0 with value: 70.65440368652344.
[I 2023-12-26 13:50:40,713] Trial 21 finished with value: 187.5634002685547 and parameters: {'gradient_clip_val': 0.49169149848836835, 'hidden_size': 59, 'dropout': 0.22219377967695866, 'hidden_continuous_size': 26, 'attention_head_size': 1, 'learning_rate': 0.008847829181468553}. Best is trial 0 with value: 70.65440368652344.
[I 2023-12-26 13:50:46,218] Trial 22 finished with value: 152.41677856445312 and parameters: {'gradient_clip_val': 0.16868807985462214, 'hidden_size': 89, 'dropout': 0.22172604191680165, 'hidden_continuous_size': 30, 'attention_head_size': 1, 'learning_rate': 0.011986633052157483}. Best is trial 0 with value: 70.65440368652344.
[I 2023-12-26 13:50:49,107] Trial 23 finished with value: 140.01760864257812 and parameters: {'gradient_clip_val': 0.36455794324308166, 'hidden_size': 43, 'dropout': 0.27000886887631315, 'hidden_continuous_size': 17, 'attention_head_size': 1, 'learning_rate': 0.005526297686359228}. Best is trial 0 with value: 70.65440368652344.
[I 2023-12-26 13:50:53,487] Trial 24 finished with value: 166.34327697753906 and parameters: {'gradient_clip_val': 0.24119449058716605, 'hidden_size': 69, 'dropout': 0.21204557103967572, 'hidden_continuous_size': 44, 'attention_head_size': 2, 'learning_rate': 0.013816529208820982}. Best is trial 0 with value: 70.65440368652344.
[I 2023-12-26 13:51:00,793] Trial 25 finished with value: 160.2320098876953 and parameters: {'gradient_clip_val': 0.18910345865586548, 'hidden_size': 112, 'dropout': 0.14765284349861418, 'hidden_continuous_size': 54, 'attention_head_size': 1, 'learning_rate': 0.025968468727372324}. Best is trial 0 with value: 70.65440368652344.
[I 2023-12-26 13:51:08,076] Trial 26 finished with value: 133.67906188964844 and parameters: {'gradient_clip_val': 0.11607792391459457, 'hidden_size': 117, 'dropout': 0.19766778198238982, 'hidden_continuous_size': 22, 'attention_head_size': 2, 'learning_rate': 0.009232285537591709}. Best is trial 0 with value: 70.65440368652344.
