[I 2023-12-26 11:52:36,027] Trial 44 finished with value: 17.902305603027344 and parameters: {'gradient_clip_val': 0.6988710510009375, 'hidden_size': 15, 'dropout': 0.47913530959844686, 'hidden_continuous_size': 7, 'attention_head_size': 1, 'learning_rate': 0.020809971554641284}. Best is trial 0 with value: 5.597046375274658.
[I 2023-12-26 11:52:39,561] Trial 45 finished with value: 17.815269470214844 and parameters: {'gradient_clip_val': 0.9979869212246094, 'hidden_size': 36, 'dropout': 0.4981623630962299, 'hidden_continuous_size': 15, 'attention_head_size': 1, 'learning_rate': 0.009982359453423982}. Best is trial 0 with value: 5.597046375274658.
[I 2023-12-26 11:52:42,619] Trial 46 finished with value: 29.11753273010254 and parameters: {'gradient_clip_val': 0.5705137445501653, 'hidden_size': 27, 'dropout': 0.4424529655064237, 'hidden_continuous_size': 8, 'attention_head_size': 1, 'learning_rate': 0.026096501631810657}. Best is trial 0 with value: 5.597046375274658.
[I 2023-12-26 11:52:45,086] Trial 47 finished with value: 14.40902042388916 and parameters: {'gradient_clip_val': 0.8988092440864667, 'hidden_size': 18, 'dropout': 0.4639484990102042, 'hidden_continuous_size': 10, 'attention_head_size': 1, 'learning_rate': 0.015341696886743021}. Best is trial 0 with value: 5.597046375274658.
[I 2023-12-26 11:52:49,151] Trial 48 finished with value: 26.160888671875 and parameters: {'gradient_clip_val': 0.8076215667363442, 'hidden_size': 44, 'dropout': 0.4158540162185328, 'hidden_continuous_size': 7, 'attention_head_size': 1, 'learning_rate': 0.04486408303028602}. Best is trial 0 with value: 5.597046375274658.
[I 2023-12-26 11:52:51,656] Trial 49 finished with value: 20.753381729125977 and parameters: {'gradient_clip_val': 0.695586046360586, 'hidden_size': 13, 'dropout': 0.4424418551462351, 'hidden_continuous_size': 8, 'attention_head_size': 2, 'learning_rate': 0.01819288936171564}. Best is trial 0 with value: 5.597046375274658.
[I 2023-12-26 11:52:51,808] A new study created in memory with name: no-name-b988f220-3a48-4730-91df-2218179dcf23
/home/le004/conda/anaconda3/envs/tsff_env/lib/python3.9/site-packages/lightning/fabric/plugins/environments/slurm.py:191: The `srun` command is available on your system but is not used. HINT: If your intention is to run Lightning on SLURM, prepend your python command with `srun` like so: srun python /home/le004/master_thesis/git/TSFusionForecast/code/ ...
[I 2023-12-26 11:57:52,890] Trial 0 finished with value: 10.71265697479248 and parameters: {'gradient_clip_val': 0.1492895182013097, 'hidden_size': 55, 'dropout': 0.33185629674715567, 'hidden_continuous_size': 51, 'attention_head_size': 1, 'learning_rate': 0.005257826206885479}. Best is trial 0 with value: 10.71265697479248.
[I 2023-12-26 11:57:58,495] Trial 1 finished with value: 26.1807804107666 and parameters: {'gradient_clip_val': 0.18437677809065264, 'hidden_size': 71, 'dropout': 0.37752413386681827, 'hidden_continuous_size': 6, 'attention_head_size': 4, 'learning_rate': 0.0007077736188444634}. Best is trial 0 with value: 10.71265697479248.
[I 2023-12-26 11:58:00,545] Trial 2 finished with value: 30.670265197753906 and parameters: {'gradient_clip_val': 0.5202047208088545, 'hidden_size': 8, 'dropout': 0.22733881824897592, 'hidden_continuous_size': 5, 'attention_head_size': 4, 'learning_rate': 0.02435010295841284}. Best is trial 0 with value: 10.71265697479248.
[I 2023-12-26 11:58:02,904] Trial 3 finished with value: 52.41386795043945 and parameters: {'gradient_clip_val': 0.616827375585635, 'hidden_size': 20, 'dropout': 0.2791985206242181, 'hidden_continuous_size': 12, 'attention_head_size': 1, 'learning_rate': 0.0012442812267468833}. Best is trial 0 with value: 10.71265697479248.
[I 2023-12-26 11:58:08,736] Trial 4 finished with value: 27.126108169555664 and parameters: {'gradient_clip_val': 0.28728380956661015, 'hidden_size': 81, 'dropout': 0.45789530581932614, 'hidden_continuous_size': 30, 'attention_head_size': 1, 'learning_rate': 0.03272762460160561}. Best is trial 0 with value: 10.71265697479248.
[I 2023-12-26 11:58:10,745] Trial 5 finished with value: 23.624101638793945 and parameters: {'gradient_clip_val': 0.13261710527929357, 'hidden_size': 8, 'dropout': 0.10883190461511112, 'hidden_continuous_size': 7, 'attention_head_size': 2, 'learning_rate': 0.022471647763792714}. Best is trial 0 with value: 10.71265697479248.
[I 2023-12-26 11:58:13,127] Trial 6 finished with value: 24.78959083557129 and parameters: {'gradient_clip_val': 0.2636688421144805, 'hidden_size': 20, 'dropout': 0.17201359710327693, 'hidden_continuous_size': 11, 'attention_head_size': 3, 'learning_rate': 0.054747816635721244}. Best is trial 0 with value: 10.71265697479248.
[I 2023-12-26 11:58:19,608] Trial 7 finished with value: 37.9056282043457 and parameters: {'gradient_clip_val': 0.41287593316095306, 'hidden_size': 88, 'dropout': 0.29928720503564243, 'hidden_continuous_size': 8, 'attention_head_size': 3, 'learning_rate': 0.006838791611826002}. Best is trial 0 with value: 10.71265697479248.
[I 2023-12-26 11:58:21,719] Trial 8 finished with value: 42.88758850097656 and parameters: {'gradient_clip_val': 0.9056645854616109, 'hidden_size': 11, 'dropout': 0.4023115106226548, 'hidden_continuous_size': 5, 'attention_head_size': 1, 'learning_rate': 0.04149195460526259}. Best is trial 0 with value: 10.71265697479248.
[I 2023-12-26 11:58:24,172] Trial 9 finished with value: 35.35677719116211 and parameters: {'gradient_clip_val': 0.2410636172108254, 'hidden_size': 11, 'dropout': 0.2233804666100029, 'hidden_continuous_size': 7, 'attention_head_size': 3, 'learning_rate': 0.003479313699669561}. Best is trial 0 with value: 10.71265697479248.
[I 2023-12-26 11:58:27,371] Trial 10 finished with value: 28.23017120361328 and parameters: {'gradient_clip_val': 0.1044740467229256, 'hidden_size': 39, 'dropout': 0.4976482989476706, 'hidden_continuous_size': 39, 'attention_head_size': 2, 'learning_rate': 0.09848151056581858}. Best is trial 0 with value: 10.71265697479248.
[I 2023-12-26 11:58:29,247] Trial 11 finished with value: 26.019437789916992 and parameters: {'gradient_clip_val': 0.13425313761682414, 'hidden_size': 5, 'dropout': 0.12323164977460233, 'hidden_continuous_size': 5, 'attention_head_size': 2, 'learning_rate': 0.012711883344206037}. Best is trial 0 with value: 10.71265697479248.
[I 2023-12-26 11:58:32,456] Trial 12 finished with value: 40.9564208984375 and parameters: {'gradient_clip_val': 0.16761134267320338, 'hidden_size': 38, 'dropout': 0.12986497729006405, 'hidden_continuous_size': 20, 'attention_head_size': 2, 'learning_rate': 0.01150989992936931}. Best is trial 0 with value: 10.71265697479248.
[I 2023-12-26 11:58:35,897] Trial 13 finished with value: 28.900285720825195 and parameters: {'gradient_clip_val': 0.10882115142166979, 'hidden_size': 42, 'dropout': 0.3463436925223042, 'hidden_continuous_size': 18, 'attention_head_size': 1, 'learning_rate': 0.00229895397968804}. Best is trial 0 with value: 10.71265697479248.
[I 2023-12-26 11:58:44,836] Trial 14 finished with value: 25.910736083984375 and parameters: {'gradient_clip_val': 0.1692688690148258, 'hidden_size': 116, 'dropout': 0.10139649413288154, 'hidden_continuous_size': 64, 'attention_head_size': 2, 'learning_rate': 0.005638152858106894}. Best is trial 0 with value: 10.71265697479248.
[I 2023-12-26 11:58:46,712] Trial 15 finished with value: 38.714176177978516 and parameters: {'gradient_clip_val': 0.20839362443771756, 'hidden_size': 5, 'dropout': 0.26792404822742527, 'hidden_continuous_size': 5, 'attention_head_size': 1, 'learning_rate': 0.01604194767861093}. Best is trial 0 with value: 10.71265697479248.
[I 2023-12-26 11:58:49,232] Trial 16 finished with value: 28.866926193237305 and parameters: {'gradient_clip_val': 0.1343589399965079, 'hidden_size': 22, 'dropout': 0.3413202886358859, 'hidden_continuous_size': 9, 'attention_head_size': 2, 'learning_rate': 0.00405426162263965}. Best is trial 0 with value: 10.71265697479248.
[I 2023-12-26 11:59:01,726] Trial 17 finished with value: 26.863492965698242 and parameters: {'gradient_clip_val': 0.13293713293251808, 'hidden_size': 149, 'dropout': 0.18921908126145706, 'hidden_continuous_size': 131, 'attention_head_size': 1, 'learning_rate': 0.009835446300490585}. Best is trial 0 with value: 10.71265697479248.
[I 2023-12-26 11:59:06,380] Trial 18 finished with value: 37.327518463134766 and parameters: {'gradient_clip_val': 0.3439045201792969, 'hidden_size': 60, 'dropout': 0.2582562645224777, 'hidden_continuous_size': 12, 'attention_head_size': 2, 'learning_rate': 0.019730628041145067}. Best is trial 0 with value: 10.71265697479248.
[I 2023-12-26 11:59:09,184] Trial 19 finished with value: 31.923248291015625 and parameters: {'gradient_clip_val': 0.20027527372896614, 'hidden_size': 28, 'dropout': 0.31881824823770605, 'hidden_continuous_size': 7, 'attention_head_size': 3, 'learning_rate': 0.00859468823870372}. Best is trial 0 with value: 10.71265697479248.
[I 2023-12-26 11:59:11,476] Trial 20 finished with value: 38.69834518432617 and parameters: {'gradient_clip_val': 0.10272610785037806, 'hidden_size': 15, 'dropout': 0.18569808195835216, 'hidden_continuous_size': 6, 'attention_head_size': 1, 'learning_rate': 0.02222634400378413}. Best is trial 0 with value: 10.71265697479248.
[I 2023-12-26 11:59:13,894] Trial 21 finished with value: 30.810144424438477 and parameters: {'gradient_clip_val': 0.23377454113755253, 'hidden_size': 16, 'dropout': 0.1525158215316534, 'hidden_continuous_size': 6, 'attention_head_size': 3, 'learning_rate': 0.05475141459289135}. Best is trial 0 with value: 10.71265697479248.
[I 2023-12-26 11:59:16,672] Trial 22 finished with value: 38.49065399169922 and parameters: {'gradient_clip_val': 0.2696654435136215, 'hidden_size': 28, 'dropout': 0.1593538697880402, 'hidden_continuous_size': 10, 'attention_head_size': 3, 'learning_rate': 0.08343988739461898}. Best is trial 0 with value: 10.71265697479248.
[I 2023-12-26 11:59:18,775] Trial 23 finished with value: 36.61518859863281 and parameters: {'gradient_clip_val': 0.1616717041526845, 'hidden_size': 8, 'dropout': 0.10694212758397101, 'hidden_continuous_size': 5, 'attention_head_size': 4, 'learning_rate': 0.055031066701823526}. Best is trial 0 with value: 10.71265697479248.
[I 2023-12-26 11:59:22,893] Trial 24 finished with value: 41.837215423583984 and parameters: {'gradient_clip_val': 0.23349001437521963, 'hidden_size': 56, 'dropout': 0.14985949298227527, 'hidden_continuous_size': 14, 'attention_head_size': 3, 'learning_rate': 0.02891877069986537}. Best is trial 0 with value: 10.71265697479248.
[I 2023-12-26 11:59:25,792] Trial 25 finished with value: 38.62380599975586 and parameters: {'gradient_clip_val': 0.14954511138110135, 'hidden_size': 31, 'dropout': 0.19324625997998823, 'hidden_continuous_size': 10, 'attention_head_size': 2, 'learning_rate': 0.016019271604676612}. Best is trial 0 with value: 10.71265697479248.
[I 2023-12-26 11:59:29,567] Trial 26 finished with value: 25.538650512695312 and parameters: {'gradient_clip_val': 0.19443995515364712, 'hidden_size': 50, 'dropout': 0.2394578607158926, 'hidden_continuous_size': 9, 'attention_head_size': 3, 'learning_rate': 0.03803449241709763}. Best is trial 0 with value: 10.71265697479248.
[I 2023-12-26 11:59:32,044] Trial 27 finished with value: 38.81344985961914 and parameters: {'gradient_clip_val': 0.11876722905576174, 'hidden_size': 21, 'dropout': 0.10215604358191657, 'hidden_continuous_size': 7, 'attention_head_size': 2, 'learning_rate': 0.058520362851985995}. Best is trial 0 with value: 10.71265697479248.
[I 2023-12-26 11:59:35,526] Trial 28 finished with value: 29.443601608276367 and parameters: {'gradient_clip_val': 0.1431801714547993, 'hidden_size': 42, 'dropout': 0.16901334858770842, 'hidden_continuous_size': 14, 'attention_head_size': 4, 'learning_rate': 0.015243408414231224}. Best is trial 0 with value: 10.71265697479248.
[I 2023-12-26 11:59:38,335] Trial 29 finished with value: 33.794246673583984 and parameters: {'gradient_clip_val': 0.1222648287681064, 'hidden_size': 32, 'dropout': 0.2144261345879288, 'hidden_continuous_size': 8, 'attention_head_size': 4, 'learning_rate': 0.0005301414387208247}. Best is trial 0 with value: 10.71265697479248.
[I 2023-12-26 11:59:42,944] Trial 30 finished with value: 29.21117401123047 and parameters: {'gradient_clip_val': 0.17161876230542727, 'hidden_size': 60, 'dropout': 0.12572510851882568, 'hidden_continuous_size': 23, 'attention_head_size': 2, 'learning_rate': 0.025688576248902254}. Best is trial 0 with value: 10.71265697479248.
[I 2023-12-26 11:59:47,004] Trial 31 finished with value: 28.233474731445312 and parameters: {'gradient_clip_val': 0.1909898447638672, 'hidden_size': 50, 'dropout': 0.24444439325803524, 'hidden_continuous_size': 11, 'attention_head_size': 3, 'learning_rate': 0.03755437177068397}. Best is trial 0 with value: 10.71265697479248.
[I 2023-12-26 11:59:52,960] Trial 32 finished with value: 22.320383071899414 and parameters: {'gradient_clip_val': 0.1973504271521014, 'hidden_size': 70, 'dropout': 0.21130745953426444, 'hidden_continuous_size': 14, 'attention_head_size': 3, 'learning_rate': 0.0410910445330781}. Best is trial 0 with value: 10.71265697479248.
[I 2023-12-26 11:59:59,332] Trial 33 finished with value: 27.704421997070312 and parameters: {'gradient_clip_val': 0.15896231483050519, 'hidden_size': 78, 'dropout': 0.20850817640599784, 'hidden_continuous_size': 14, 'attention_head_size': 3, 'learning_rate': 0.06404908248257914}. Best is trial 0 with value: 10.71265697479248.
[I 2023-12-26 12:00:05,047] Trial 34 finished with value: 32.531436920166016 and parameters: {'gradient_clip_val': 0.21308374995874726, 'hidden_size': 70, 'dropout': 0.17603474114694342, 'hidden_continuous_size': 16, 'attention_head_size': 4, 'learning_rate': 0.026587621375981793}. Best is trial 0 with value: 10.71265697479248.
[I 2023-12-26 12:00:12,340] Trial 35 finished with value: 26.126480102539062 and parameters: {'gradient_clip_val': 0.18166508407300386, 'hidden_size': 100, 'dropout': 0.282741630947592, 'hidden_continuous_size': 12, 'attention_head_size': 3, 'learning_rate': 0.04239729086401284}. Best is trial 0 with value: 10.71265697479248.
[I 2023-12-26 12:00:14,781] Trial 36 finished with value: 28.92784881591797 and parameters: {'gradient_clip_val': 0.2964658168958934, 'hidden_size': 24, 'dropout': 0.1419260814624413, 'hidden_continuous_size': 11, 'attention_head_size': 1, 'learning_rate': 0.0746265047343173}. Best is trial 0 with value: 10.71265697479248.
[I 2023-12-26 12:00:21,772] Trial 37 finished with value: 32.61784744262695 and parameters: {'gradient_clip_val': 0.33789330855649985, 'hidden_size': 90, 'dropout': 0.21251562302624952, 'hidden_continuous_size': 17, 'attention_head_size': 3, 'learning_rate': 0.04462762669929456}. Best is trial 0 with value: 10.71265697479248.
[I 2023-12-26 12:00:24,066] Trial 38 finished with value: 39.509098052978516 and parameters: {'gradient_clip_val': 0.26209886019244677, 'hidden_size': 17, 'dropout': 0.16025021589961322, 'hidden_continuous_size': 8, 'attention_head_size': 3, 'learning_rate': 0.031070565831551177}. Best is trial 0 with value: 10.71265697479248.
[I 2023-12-26 12:00:29,638] Trial 39 finished with value: 30.981658935546875 and parameters: {'gradient_clip_val': 0.1427461102720544, 'hidden_size': 70, 'dropout': 0.23433787614851515, 'hidden_continuous_size': 23, 'attention_head_size': 1, 'learning_rate': 0.09982663314765108}. Best is trial 0 with value: 10.71265697479248.
[I 2023-12-26 12:00:31,928] Trial 40 finished with value: 25.007591247558594 and parameters: {'gradient_clip_val': 0.21881177916968264, 'hidden_size': 12, 'dropout': 0.2917880585529709, 'hidden_continuous_size': 6, 'attention_head_size': 4, 'learning_rate': 0.019703778176948628}. Best is trial 0 with value: 10.71265697479248.
[I 2023-12-26 12:00:34,190] Trial 41 finished with value: 39.18893814086914 and parameters: {'gradient_clip_val': 0.2203481771834336, 'hidden_size': 12, 'dropout': 0.2869211186626031, 'hidden_continuous_size': 6, 'attention_head_size': 4, 'learning_rate': 0.02347770361175421}. Best is trial 0 with value: 10.71265697479248.
[I 2023-12-26 12:00:36,387] Trial 42 finished with value: 28.47484588623047 and parameters: {'gradient_clip_val': 0.18641330772759584, 'hidden_size': 9, 'dropout': 0.30607068372911866, 'hidden_continuous_size': 6, 'attention_head_size': 4, 'learning_rate': 0.01883295667168265}. Best is trial 0 with value: 10.71265697479248.
[I 2023-12-26 12:00:38,733] Trial 43 finished with value: 27.66343116760254 and parameters: {'gradient_clip_val': 0.24803352240469928, 'hidden_size': 18, 'dropout': 0.2601804136196414, 'hidden_continuous_size': 8, 'attention_head_size': 4, 'learning_rate': 0.03295946901809032}. Best is trial 0 with value: 10.71265697479248.
[I 2023-12-26 12:00:41,321] Trial 44 finished with value: 25.72905158996582 and parameters: {'gradient_clip_val': 0.298758206206336, 'hidden_size': 14, 'dropout': 0.38833280960415895, 'hidden_continuous_size': 7, 'attention_head_size': 2, 'learning_rate': 0.012232669198961486}. Best is trial 0 with value: 10.71265697479248.
[I 2023-12-26 12:00:43,726] Trial 45 finished with value: 42.40889358520508 and parameters: {'gradient_clip_val': 0.15681895579350744, 'hidden_size': 19, 'dropout': 0.20153188245210235, 'hidden_continuous_size': 9, 'attention_head_size': 3, 'learning_rate': 0.00895894885016445}. Best is trial 0 with value: 10.71265697479248.
[I 2023-12-26 12:00:46,196] Trial 46 finished with value: 34.928924560546875 and parameters: {'gradient_clip_val': 0.20964951481606472, 'hidden_size': 24, 'dropout': 0.17308287642993536, 'hidden_continuous_size': 5, 'attention_head_size': 2, 'learning_rate': 0.006586747992468763}. Best is trial 0 with value: 10.71265697479248.
[I 2023-12-26 12:00:48,576] Trial 47 finished with value: 35.10116958618164 and parameters: {'gradient_clip_val': 0.17482663150832783, 'hidden_size': 13, 'dropout': 0.13486239362736308, 'hidden_continuous_size': 7, 'attention_head_size': 4, 'learning_rate': 0.04924007710057169}. Best is trial 0 with value: 10.71265697479248.
[I 2023-12-26 12:00:50,583] Trial 48 finished with value: 35.8379020690918 and parameters: {'gradient_clip_val': 0.26862581322685913, 'hidden_size': 6, 'dropout': 0.22683667358405216, 'hidden_continuous_size': 5, 'attention_head_size': 1, 'learning_rate': 0.03518759187938502}. Best is trial 0 with value: 10.71265697479248.
[I 2023-12-26 12:00:52,774] Trial 49 finished with value: 37.62002944946289 and parameters: {'gradient_clip_val': 0.11765818457015396, 'hidden_size': 10, 'dropout': 0.356939001681896, 'hidden_continuous_size': 6, 'attention_head_size': 2, 'learning_rate': 0.0202919649018784}. Best is trial 0 with value: 10.71265697479248.
[I 2023-12-26 12:00:52,916] A new study created in memory with name: no-name-7ff5f7f9-4332-41c7-9147-385137b47e16
/home/le004/conda/anaconda3/envs/tsff_env/lib/python3.9/site-packages/lightning/fabric/plugins/environments/slurm.py:191: The `srun` command is available on your system but is not used. HINT: If your intention is to run Lightning on SLURM, prepend your python command with `srun` like so: srun python /home/le004/master_thesis/git/TSFusionForecast/code/ ...
[I 2023-12-26 12:04:15,051] Trial 0 finished with value: 15.14306926727295 and parameters: {'gradient_clip_val': 0.1937620911652281, 'hidden_size': 23, 'dropout': 0.10205047122124539, 'hidden_continuous_size': 11, 'attention_head_size': 4, 'learning_rate': 0.011423593417199156}. Best is trial 0 with value: 15.14306926727295.
[I 2023-12-26 12:04:17,295] Trial 1 finished with value: 62.03996276855469 and parameters: {'gradient_clip_val': 0.14409106439968308, 'hidden_size': 16, 'dropout': 0.4724473125771951, 'hidden_continuous_size': 11, 'attention_head_size': 2, 'learning_rate': 0.011793047729463923}. Best is trial 0 with value: 15.14306926727295.
[I 2023-12-26 12:04:19,510] Trial 2 finished with value: 44.548458099365234 and parameters: {'gradient_clip_val': 0.6032293341470341, 'hidden_size': 7, 'dropout': 0.3943345983084854, 'hidden_continuous_size': 6, 'attention_head_size': 1, 'learning_rate': 0.0009548980457168235}. Best is trial 0 with value: 15.14306926727295.
[I 2023-12-26 12:04:30,543] Trial 3 finished with value: 46.42561721801758 and parameters: {'gradient_clip_val': 0.6706281737077545, 'hidden_size': 141, 'dropout': 0.43764933808970496, 'hidden_continuous_size': 20, 'attention_head_size': 1, 'learning_rate': 0.06539448179652252}. Best is trial 0 with value: 15.14306926727295.
[I 2023-12-26 12:04:32,501] Trial 4 finished with value: 62.41936111450195 and parameters: {'gradient_clip_val': 0.1262981662895066, 'hidden_size': 5, 'dropout': 0.15129612137613468, 'hidden_continuous_size': 5, 'attention_head_size': 4, 'learning_rate': 0.04634530119513827}. Best is trial 0 with value: 15.14306926727295.
[I 2023-12-26 12:04:35,063] Trial 5 finished with value: 59.499603271484375 and parameters: {'gradient_clip_val': 0.1810615687156715, 'hidden_size': 23, 'dropout': 0.41513500760180244, 'hidden_continuous_size': 19, 'attention_head_size': 2, 'learning_rate': 0.0765780967636589}. Best is trial 0 with value: 15.14306926727295.
[I 2023-12-26 12:04:39,771] Trial 6 finished with value: 45.64631652832031 and parameters: {'gradient_clip_val': 0.5078114577134042, 'hidden_size': 61, 'dropout': 0.14352873735874525, 'hidden_continuous_size': 12, 'attention_head_size': 1, 'learning_rate': 0.0032358435518527575}. Best is trial 0 with value: 15.14306926727295.
[I 2023-12-26 12:04:41,993] Trial 7 finished with value: 45.32529830932617 and parameters: {'gradient_clip_val': 0.12096264418135859, 'hidden_size': 9, 'dropout': 0.3467928393868768, 'hidden_continuous_size': 9, 'attention_head_size': 3, 'learning_rate': 0.06627223650757104}. Best is trial 0 with value: 15.14306926727295.
