[rank: 0] Seed set to 42
[I 2023-12-15 10:45:09,333] A new study created in memory with name: no-name-51e8de77-b0c0-446d-bf9f-b505008b686a
/home/le004/conda/anaconda3/envs/tsff_env/lib/python3.9/site-packages/lightning/fabric/plugins/environments/slurm.py:191: The `srun` command is available on your system but is not used. HINT: If your intention is to run Lightning on SLURM, prepend your python command with `srun` like so: srun python /home/le004/master_thesis/git/TSFusionForecast/code/ ...
LOCAL_RANK: 0 - CUDA_VISIBLE_DEVICES: [0]
[I 2023-12-15 10:45:56,793] Trial 0 finished with value: 2.2294716835021973 and parameters: {'gradient_clip_val': 0.13866335990636894, 'hidden_size': 11, 'dropout': 0.11455369813457088, 'hidden_continuous_size': 9, 'attention_head_size': 2, 'learning_rate': 0.0013522180003615678}. Best is trial 0 with value: 2.2294716835021973.
LOCAL_RANK: 0 - CUDA_VISIBLE_DEVICES: [0]
[I 2023-12-15 10:46:50,025] Trial 1 finished with value: 1.3084105253219604 and parameters: {'gradient_clip_val': 0.1547337588179703, 'hidden_size': 33, 'dropout': 0.3165213352122881, 'hidden_continuous_size': 27, 'attention_head_size': 3, 'learning_rate': 0.028987200017379037}. Best is trial 1 with value: 1.3084105253219604.
LOCAL_RANK: 0 - CUDA_VISIBLE_DEVICES: [0]
[I 2023-12-15 10:47:34,404] Trial 2 finished with value: 2.4588236808776855 and parameters: {'gradient_clip_val': 0.3655769103446445, 'hidden_size': 8, 'dropout': 0.203054435941466, 'hidden_continuous_size': 5, 'attention_head_size': 2, 'learning_rate': 0.04810973475383797}. Best is trial 1 with value: 1.3084105253219604.
LOCAL_RANK: 0 - CUDA_VISIBLE_DEVICES: [0]
[I 2023-12-15 10:48:25,929] Trial 3 finished with value: 4.779566287994385 and parameters: {'gradient_clip_val': 0.34794254412779474, 'hidden_size': 62, 'dropout': 0.30204028179160936, 'hidden_continuous_size': 6, 'attention_head_size': 1, 'learning_rate': 0.01651501888552522}. Best is trial 1 with value: 1.3084105253219604.
LOCAL_RANK: 0 - CUDA_VISIBLE_DEVICES: [0]
[I 2023-12-15 10:49:19,270] Trial 4 finished with value: 0.5763034224510193 and parameters: {'gradient_clip_val': 0.17911337917647085, 'hidden_size': 66, 'dropout': 0.20744446611183684, 'hidden_continuous_size': 11, 'attention_head_size': 2, 'learning_rate': 0.008897817277797487}. Best is trial 4 with value: 0.5763034224510193.
LOCAL_RANK: 0 - CUDA_VISIBLE_DEVICES: [0]
[I 2023-12-15 10:50:13,948] Trial 5 finished with value: 0.20117707550525665 and parameters: {'gradient_clip_val': 0.6642958362747219, 'hidden_size': 61, 'dropout': 0.34181855653236287, 'hidden_continuous_size': 34, 'attention_head_size': 2, 'learning_rate': 0.059014196583271866}. Best is trial 5 with value: 0.20117707550525665.
LOCAL_RANK: 0 - CUDA_VISIBLE_DEVICES: [0]
[I 2023-12-15 10:51:03,639] Trial 6 finished with value: 0.6898048520088196 and parameters: {'gradient_clip_val': 0.8277559204315318, 'hidden_size': 34, 'dropout': 0.286589855822838, 'hidden_continuous_size': 7, 'attention_head_size': 1, 'learning_rate': 0.035424659590581206}. Best is trial 5 with value: 0.20117707550525665.
LOCAL_RANK: 0 - CUDA_VISIBLE_DEVICES: [0]
[I 2023-12-15 10:51:49,768] Trial 7 finished with value: 1.4255385398864746 and parameters: {'gradient_clip_val': 0.5573029211522682, 'hidden_size': 14, 'dropout': 0.318670816881203, 'hidden_continuous_size': 6, 'attention_head_size': 1, 'learning_rate': 0.01757839321960448}. Best is trial 5 with value: 0.20117707550525665.
LOCAL_RANK: 0 - CUDA_VISIBLE_DEVICES: [0]
[I 2023-12-15 10:52:39,118] Trial 8 finished with value: 3.490374803543091 and parameters: {'gradient_clip_val': 0.32486013008746, 'hidden_size': 20, 'dropout': 0.12114550354984417, 'hidden_continuous_size': 15, 'attention_head_size': 4, 'learning_rate': 0.0017902467870385}. Best is trial 5 with value: 0.20117707550525665.
LOCAL_RANK: 0 - CUDA_VISIBLE_DEVICES: [0]
[I 2023-12-15 10:53:25,304] Trial 9 finished with value: 3.362071990966797 and parameters: {'gradient_clip_val': 0.7061584709787582, 'hidden_size': 12, 'dropout': 0.2803443568724838, 'hidden_continuous_size': 7, 'attention_head_size': 4, 'learning_rate': 0.011505154198412084}. Best is trial 5 with value: 0.20117707550525665.
LOCAL_RANK: 0 - CUDA_VISIBLE_DEVICES: [0]
[I 2023-12-15 10:54:03,335] Trial 10 finished with value: 2.739145040512085 and parameters: {'gradient_clip_val': 0.9821069337728257, 'hidden_size': 5, 'dropout': 0.3964651653124942, 'hidden_continuous_size': 5, 'attention_head_size': 3, 'learning_rate': 0.0872692218411239}. Best is trial 5 with value: 0.20117707550525665.
LOCAL_RANK: 0 - CUDA_VISIBLE_DEVICES: [0]
[I 2023-12-15 10:55:00,054] Trial 11 finished with value: 0.4843069612979889 and parameters: {'gradient_clip_val': 0.2117185296687309, 'hidden_size': 87, 'dropout': 0.21507238681803637, 'hidden_continuous_size': 56, 'attention_head_size': 2, 'learning_rate': 0.00495198471745936}. Best is trial 5 with value: 0.20117707550525665.
LOCAL_RANK: 0 - CUDA_VISIBLE_DEVICES: [0]
[I 2023-12-15 10:55:57,155] Trial 12 finished with value: 0.3482682406902313 and parameters: {'gradient_clip_val': 0.2130902408819984, 'hidden_size': 97, 'dropout': 0.36581519644802785, 'hidden_continuous_size': 54, 'attention_head_size': 2, 'learning_rate': 0.003889565866974008}. Best is trial 5 with value: 0.20117707550525665.
LOCAL_RANK: 0 - CUDA_VISIBLE_DEVICES: [0]
[I 2023-12-15 10:56:54,937] Trial 13 finished with value: 0.2842913568019867 and parameters: {'gradient_clip_val': 0.24027569655908396, 'hidden_size': 90, 'dropout': 0.3798047572724561, 'hidden_continuous_size': 60, 'attention_head_size': 3, 'learning_rate': 0.004394065395434693}. Best is trial 5 with value: 0.20117707550525665.
LOCAL_RANK: 0 - CUDA_VISIBLE_DEVICES: [0]
[I 2023-12-15 10:57:49,499] Trial 14 finished with value: 2.079986572265625 and parameters: {'gradient_clip_val': 0.10105355683605904, 'hidden_size': 47, 'dropout': 0.36276534026181256, 'hidden_continuous_size': 36, 'attention_head_size': 3, 'learning_rate': 0.0005281697288092858}. Best is trial 5 with value: 0.20117707550525665.
LOCAL_RANK: 0 - CUDA_VISIBLE_DEVICES: [0]
[I 2023-12-15 10:58:43,824] Trial 15 finished with value: 0.22288405895233154 and parameters: {'gradient_clip_val': 0.4933258825828007, 'hidden_size': 45, 'dropout': 0.3936485219571027, 'hidden_continuous_size': 32, 'attention_head_size': 3, 'learning_rate': 0.07247473223105987}. Best is trial 5 with value: 0.20117707550525665.
LOCAL_RANK: 0 - CUDA_VISIBLE_DEVICES: [0]
[I 2023-12-15 10:59:37,179] Trial 16 finished with value: 3.217942237854004 and parameters: {'gradient_clip_val': 0.5035328410247951, 'hidden_size': 44, 'dropout': 0.397833881027286, 'hidden_continuous_size': 21, 'attention_head_size': 4, 'learning_rate': 0.06595323426772165}. Best is trial 5 with value: 0.20117707550525665.
LOCAL_RANK: 0 - CUDA_VISIBLE_DEVICES: [0]
[I 2023-12-15 11:00:27,794] Trial 17 finished with value: 2.2093231678009033 and parameters: {'gradient_clip_val': 0.47922930334751523, 'hidden_size': 27, 'dropout': 0.34403793071632127, 'hidden_continuous_size': 15, 'attention_head_size': 3, 'learning_rate': 0.09812784834830805}. Best is trial 5 with value: 0.20117707550525665.
LOCAL_RANK: 0 - CUDA_VISIBLE_DEVICES: [0]
[I 2023-12-15 11:01:22,210] Trial 18 finished with value: 1.0911098718643188 and parameters: {'gradient_clip_val': 0.6795173315717389, 'hidden_size': 54, 'dropout': 0.33623772793128737, 'hidden_continuous_size': 34, 'attention_head_size': 2, 'learning_rate': 0.054933975181436424}. Best is trial 5 with value: 0.20117707550525665.
LOCAL_RANK: 0 - CUDA_VISIBLE_DEVICES: [0]
[I 2023-12-15 11:02:15,910] Trial 19 finished with value: 0.46314892172813416 and parameters: {'gradient_clip_val': 0.42814113988055985, 'hidden_size': 39, 'dropout': 0.339682972262606, 'hidden_continuous_size': 20, 'attention_head_size': 3, 'learning_rate': 0.030015454814679054}. Best is trial 5 with value: 0.20117707550525665.
LOCAL_RANK: 0 - CUDA_VISIBLE_DEVICES: [0]
[I 2023-12-15 11:03:05,324] Trial 20 finished with value: 2.4030368328094482 and parameters: {'gradient_clip_val': 0.6128595828260412, 'hidden_size': 24, 'dropout': 0.36856003131465664, 'hidden_continuous_size': 12, 'attention_head_size': 4, 'learning_rate': 0.04798566771127263}. Best is trial 5 with value: 0.20117707550525665.
LOCAL_RANK: 0 - CUDA_VISIBLE_DEVICES: [0]
[I 2023-12-15 11:04:02,383] Trial 21 finished with value: 3.278350830078125 and parameters: {'gradient_clip_val': 0.25567742537483024, 'hidden_size': 75, 'dropout': 0.3828785657661349, 'hidden_continuous_size': 64, 'attention_head_size': 3, 'learning_rate': 0.09746168374720521}. Best is trial 5 with value: 0.20117707550525665.
LOCAL_RANK: 0 - CUDA_VISIBLE_DEVICES: [0]
[I 2023-12-15 11:04:41,913] Trial 22 finished with value: 1.7840479612350464 and parameters: {'gradient_clip_val': 0.4216159832739721, 'hidden_size': 98, 'dropout': 0.3933303979447889, 'hidden_continuous_size': 98, 'attention_head_size': 3, 'learning_rate': 0.0199092577522893}. Best is trial 5 with value: 0.20117707550525665.
LOCAL_RANK: 0 - CUDA_VISIBLE_DEVICES: [0]
[I 2023-12-15 11:05:36,627] Trial 23 finished with value: 0.5935688614845276 and parameters: {'gradient_clip_val': 0.5994218284535762, 'hidden_size': 57, 'dropout': 0.36191844440547966, 'hidden_continuous_size': 29, 'attention_head_size': 3, 'learning_rate': 0.006738893832685644}. Best is trial 5 with value: 0.20117707550525665.
LOCAL_RANK: 0 - CUDA_VISIBLE_DEVICES: [0]
[I 2023-12-15 11:06:32,262] Trial 24 finished with value: 0.9874340891838074 and parameters: {'gradient_clip_val': 0.2690501433077186, 'hidden_size': 71, 'dropout': 0.3754296265291136, 'hidden_continuous_size': 41, 'attention_head_size': 2, 'learning_rate': 0.038740506037771065}. Best is trial 5 with value: 0.20117707550525665.
LOCAL_RANK: 0 - CUDA_VISIBLE_DEVICES: [0]
[I 2023-12-15 11:07:26,435] Trial 25 finished with value: 2.5316083431243896 and parameters: {'gradient_clip_val': 0.4215853440556751, 'hidden_size': 53, 'dropout': 0.3453778082825968, 'hidden_continuous_size': 22, 'attention_head_size': 3, 'learning_rate': 0.023902257489866643}. Best is trial 5 with value: 0.20117707550525665.
LOCAL_RANK: 0 - CUDA_VISIBLE_DEVICES: [0]
[I 2023-12-15 11:08:20,982] Trial 26 finished with value: 1.6711469888687134 and parameters: {'gradient_clip_val': 0.7575547056482547, 'hidden_size': 72, 'dropout': 0.39967349526496443, 'hidden_continuous_size': 26, 'attention_head_size': 4, 'learning_rate': 0.06480891995427494}. Best is trial 5 with value: 0.20117707550525665.
LOCAL_RANK: 0 - CUDA_VISIBLE_DEVICES: [0]
[I 2023-12-15 11:09:17,094] Trial 27 finished with value: 1.2242494821548462 and parameters: {'gradient_clip_val': 0.551593106655081, 'hidden_size': 81, 'dropout': 0.37489297362055507, 'hidden_continuous_size': 43, 'attention_head_size': 2, 'learning_rate': 0.010860000345408499}. Best is trial 5 with value: 0.20117707550525665.
LOCAL_RANK: 0 - CUDA_VISIBLE_DEVICES: [0]
[I 2023-12-15 11:10:10,228] Trial 28 finished with value: 1.5555057525634766 and parameters: {'gradient_clip_val': 0.29083238515238874, 'hidden_size': 46, 'dropout': 0.3494096901896846, 'hidden_continuous_size': 18, 'attention_head_size': 1, 'learning_rate': 0.014155514650678007}. Best is trial 5 with value: 0.20117707550525665.
LOCAL_RANK: 0 - CUDA_VISIBLE_DEVICES: [0]
[I 2023-12-15 11:11:07,623] Trial 29 finished with value: 0.3135550022125244 and parameters: {'gradient_clip_val': 0.3750759798018118, 'hidden_size': 98, 'dropout': 0.3207241923466377, 'hidden_continuous_size': 46, 'attention_head_size': 3, 'learning_rate': 0.023077938350739253}. Best is trial 5 with value: 0.20117707550525665.
LOCAL_RANK: 0 - CUDA_VISIBLE_DEVICES: [0]
[I 2023-12-15 11:12:02,647] Trial 30 finished with value: 0.42314791679382324 and parameters: {'gradient_clip_val': 0.5081590796981743, 'hidden_size': 62, 'dropout': 0.37999068253789775, 'hidden_continuous_size': 33, 'attention_head_size': 2, 'learning_rate': 0.038934712482697795}. Best is trial 5 with value: 0.20117707550525665.
LOCAL_RANK: 0 - CUDA_VISIBLE_DEVICES: [0]
[I 2023-12-15 11:12:59,389] Trial 31 finished with value: 2.538881301879883 and parameters: {'gradient_clip_val': 0.35907454002192196, 'hidden_size': 86, 'dropout': 0.3275867565466163, 'hidden_continuous_size': 44, 'attention_head_size': 3, 'learning_rate': 0.024694875285920345}. Best is trial 5 with value: 0.20117707550525665.
LOCAL_RANK: 0 - CUDA_VISIBLE_DEVICES: [0]
[I 2023-12-15 11:13:54,750] Trial 32 finished with value: 0.2329472303390503 and parameters: {'gradient_clip_val': 0.3076267919343643, 'hidden_size': 80, 'dropout': 0.31483070057371126, 'hidden_continuous_size': 26, 'attention_head_size': 3, 'learning_rate': 0.05498691515375631}. Best is trial 5 with value: 0.20117707550525665.
LOCAL_RANK: 0 - CUDA_VISIBLE_DEVICES: [0]
[I 2023-12-15 11:14:49,840] Trial 33 finished with value: 0.19117777049541473 and parameters: {'gradient_clip_val': 0.3050347812716228, 'hidden_size': 75, 'dropout': 0.30344353999948614, 'hidden_continuous_size': 26, 'attention_head_size': 3, 'learning_rate': 0.06898275175244284}. Best is trial 33 with value: 0.19117777049541473.
LOCAL_RANK: 0 - CUDA_VISIBLE_DEVICES: [0]
[I 2023-12-15 11:15:43,731] Trial 34 finished with value: 0.8782908320426941 and parameters: {'gradient_clip_val': 0.3137129645938588, 'hidden_size': 64, 'dropout': 0.30275689761975166, 'hidden_continuous_size': 25, 'attention_head_size': 3, 'learning_rate': 0.07355704515056577}. Best is trial 33 with value: 0.19117777049541473.
LOCAL_RANK: 0 - CUDA_VISIBLE_DEVICES: [0]
[I 2023-12-15 11:16:36,841] Trial 35 finished with value: 3.32012677192688 and parameters: {'gradient_clip_val': 0.2763781839320854, 'hidden_size': 38, 'dropout': 0.2712027907091595, 'hidden_continuous_size': 23, 'attention_head_size': 2, 'learning_rate': 0.05007367426005487}. Best is trial 33 with value: 0.19117777049541473.
LOCAL_RANK: 0 - CUDA_VISIBLE_DEVICES: [0]
[I 2023-12-15 11:17:31,125] Trial 36 finished with value: 0.22603537142276764 and parameters: {'gradient_clip_val': 0.3202534872471735, 'hidden_size': 53, 'dropout': 0.30639674394253347, 'hidden_continuous_size': 30, 'attention_head_size': 3, 'learning_rate': 0.06946298305923815}. Best is trial 33 with value: 0.19117777049541473.
LOCAL_RANK: 0 - CUDA_VISIBLE_DEVICES: [0]
[I 2023-12-15 11:18:25,143] Trial 37 finished with value: 1.5066919326782227 and parameters: {'gradient_clip_val': 0.3658050472182185, 'hidden_size': 52, 'dropout': 0.30038437442598087, 'hidden_continuous_size': 27, 'attention_head_size': 4, 'learning_rate': 0.08003940138258725}. Best is trial 33 with value: 0.19117777049541473.
LOCAL_RANK: 0 - CUDA_VISIBLE_DEVICES: [0]
[I 2023-12-15 11:19:17,286] Trial 38 finished with value: 3.218418836593628 and parameters: {'gradient_clip_val': 0.45970744149584203, 'hidden_size': 31, 'dropout': 0.2640083675431768, 'hidden_continuous_size': 23, 'attention_head_size': 1, 'learning_rate': 0.035385922659792554}. Best is trial 33 with value: 0.19117777049541473.
LOCAL_RANK: 0 - CUDA_VISIBLE_DEVICES: [0]
[I 2023-12-15 11:20:11,346] Trial 39 finished with value: 0.5537891983985901 and parameters: {'gradient_clip_val': 0.3970190861950184, 'hidden_size': 62, 'dropout': 0.30039919086527006, 'hidden_continuous_size': 30, 'attention_head_size': 2, 'learning_rate': 0.07022892840885794}. Best is trial 33 with value: 0.19117777049541473.
LOCAL_RANK: 0 - CUDA_VISIBLE_DEVICES: [0]
[I 2023-12-15 11:21:05,100] Trial 40 finished with value: 0.26780202984809875 and parameters: {'gradient_clip_val': 0.3311352698178432, 'hidden_size': 39, 'dropout': 0.3538545798974788, 'hidden_continuous_size': 19, 'attention_head_size': 3, 'learning_rate': 0.09927964405936453}. Best is trial 33 with value: 0.19117777049541473.
LOCAL_RANK: 0 - CUDA_VISIBLE_DEVICES: [0]
[I 2023-12-15 11:22:00,344] Trial 41 finished with value: 0.5496867299079895 and parameters: {'gradient_clip_val': 0.3091231746037152, 'hidden_size': 75, 'dropout': 0.31382486573558044, 'hidden_continuous_size': 29, 'attention_head_size': 3, 'learning_rate': 0.055987527920065026}. Best is trial 33 with value: 0.19117777049541473.
LOCAL_RANK: 0 - CUDA_VISIBLE_DEVICES: [0]
[I 2023-12-15 11:22:55,328] Trial 42 finished with value: 3.427886962890625 and parameters: {'gradient_clip_val': 0.2987156007201679, 'hidden_size': 67, 'dropout': 0.3297814765394545, 'hidden_continuous_size': 32, 'attention_head_size': 3, 'learning_rate': 0.0450682655993241}. Best is trial 33 with value: 0.19117777049541473.
LOCAL_RANK: 0 - CUDA_VISIBLE_DEVICES: [0]
[I 2023-12-15 11:23:51,931] Trial 43 finished with value: 0.2755538523197174 and parameters: {'gradient_clip_val': 0.3449039863734702, 'hidden_size': 82, 'dropout': 0.2830651803693836, 'hidden_continuous_size': 38, 'attention_head_size': 3, 'learning_rate': 0.06477133772229264}. Best is trial 33 with value: 0.19117777049541473.
LOCAL_RANK: 0 - CUDA_VISIBLE_DEVICES: [0]
[I 2023-12-15 11:24:46,800] Trial 44 finished with value: 0.28218451142311096 and parameters: {'gradient_clip_val': 0.24552923902577237, 'hidden_size': 59, 'dropout': 0.3125460193803635, 'hidden_continuous_size': 26, 'attention_head_size': 3, 'learning_rate': 0.03287183918485128}. Best is trial 33 with value: 0.19117777049541473.
LOCAL_RANK: 0 - CUDA_VISIBLE_DEVICES: [0]
[I 2023-12-15 11:25:41,278] Trial 45 finished with value: 0.8175225853919983 and parameters: {'gradient_clip_val': 0.3771076403126773, 'hidden_size': 49, 'dropout': 0.32905031667096524, 'hidden_continuous_size': 30, 'attention_head_size': 4, 'learning_rate': 0.045583644410888385}. Best is trial 33 with value: 0.19117777049541473.
LOCAL_RANK: 0 - CUDA_VISIBLE_DEVICES: [0]
[I 2023-12-15 11:26:35,026] Trial 46 finished with value: 4.357679843902588 and parameters: {'gradient_clip_val': 0.21932892482042848, 'hidden_size': 68, 'dropout': 0.29234578207838924, 'hidden_continuous_size': 24, 'attention_head_size': 2, 'learning_rate': 0.07323903717447842}. Best is trial 33 with value: 0.19117777049541473.
LOCAL_RANK: 0 - CUDA_VISIBLE_DEVICES: [0]
[I 2023-12-15 11:27:29,688] Trial 47 finished with value: 0.5815966129302979 and parameters: {'gradient_clip_val': 0.1897825999125031, 'hidden_size': 57, 'dropout': 0.2479653752811203, 'hidden_continuous_size': 27, 'attention_head_size': 3, 'learning_rate': 0.055873868901096496}. Best is trial 33 with value: 0.19117777049541473.
LOCAL_RANK: 0 - CUDA_VISIBLE_DEVICES: [0]
[I 2023-12-15 11:28:22,427] Trial 48 finished with value: 2.128194570541382 and parameters: {'gradient_clip_val': 0.3276506389107148, 'hidden_size': 44, 'dropout': 0.355586757131848, 'hidden_continuous_size': 17, 'attention_head_size': 2, 'learning_rate': 0.0815839149870613}. Best is trial 33 with value: 0.19117777049541473.
LOCAL_RANK: 0 - CUDA_VISIBLE_DEVICES: [0]
[I 2023-12-15 11:29:18,468] Trial 49 finished with value: 0.40845417976379395 and parameters: {'gradient_clip_val': 0.27890650650295595, 'hidden_size': 84, 'dropout': 0.3168831825922103, 'hidden_continuous_size': 35, 'attention_head_size': 3, 'learning_rate': 0.028735584360805016}. Best is trial 33 with value: 0.19117777049541473.
[I 2023-12-15 11:29:18,564] A new study created in memory with name: no-name-d6a55238-26e6-4714-9012-2affc11e7f1a
/home/le004/conda/anaconda3/envs/tsff_env/lib/python3.9/site-packages/lightning/fabric/plugins/environments/slurm.py:191: The `srun` command is available on your system but is not used. HINT: If your intention is to run Lightning on SLURM, prepend your python command with `srun` like so: srun python /home/le004/master_thesis/git/TSFusionForecast/code/ ...
LOCAL_RANK: 0 - CUDA_VISIBLE_DEVICES: [0]
[I 2023-12-15 11:30:12,073] Trial 0 finished with value: 1.4886757135391235 and parameters: {'gradient_clip_val': 0.25800009486620473, 'hidden_size': 35, 'dropout': 0.23274155917122302, 'hidden_continuous_size': 18, 'attention_head_size': 4, 'learning_rate': 0.002119541779551274}. Best is trial 0 with value: 1.4886757135391235.
LOCAL_RANK: 0 - CUDA_VISIBLE_DEVICES: [0]
[I 2023-12-15 11:31:00,150] Trial 1 finished with value: 1.8002513647079468 and parameters: {'gradient_clip_val': 0.3305638460666439, 'hidden_size': 24, 'dropout': 0.3028508250850426, 'hidden_continuous_size': 8, 'attention_head_size': 1, 'learning_rate': 0.01096574618421132}. Best is trial 0 with value: 1.4886757135391235.
LOCAL_RANK: 0 - CUDA_VISIBLE_DEVICES: [0]
[I 2023-12-15 11:31:45,453] Trial 2 finished with value: 2.5980305671691895 and parameters: {'gradient_clip_val': 0.30385155502629246, 'hidden_size': 8, 'dropout': 0.2615890774734154, 'hidden_continuous_size': 6, 'attention_head_size': 2, 'learning_rate': 0.051982127242896366}. Best is trial 0 with value: 1.4886757135391235.
LOCAL_RANK: 0 - CUDA_VISIBLE_DEVICES: [0]
[I 2023-12-15 11:32:24,335] Trial 3 finished with value: 1.7927699089050293 and parameters: {'gradient_clip_val': 0.8996577346534158, 'hidden_size': 6, 'dropout': 0.36544151141560643, 'hidden_continuous_size': 6, 'attention_head_size': 4, 'learning_rate': 0.03862466456865057}. Best is trial 0 with value: 1.4886757135391235.
LOCAL_RANK: 0 - CUDA_VISIBLE_DEVICES: [0]
[I 2023-12-15 11:33:02,709] Trial 4 finished with value: 0.39128759503364563 and parameters: {'gradient_clip_val': 0.4805053910617138, 'hidden_size': 5, 'dropout': 0.3745908709312836, 'hidden_continuous_size': 5, 'attention_head_size': 1, 'learning_rate': 0.030376536703528693}. Best is trial 4 with value: 0.39128759503364563.
LOCAL_RANK: 0 - CUDA_VISIBLE_DEVICES: [0]
[I 2023-12-15 11:33:49,122] Trial 5 finished with value: 1.3251878023147583 and parameters: {'gradient_clip_val': 0.6150698892909273, 'hidden_size': 16, 'dropout': 0.22617367339301137, 'hidden_continuous_size': 11, 'attention_head_size': 2, 'learning_rate': 0.0513822857884549}. Best is trial 4 with value: 0.39128759503364563.
LOCAL_RANK: 0 - CUDA_VISIBLE_DEVICES: [0]
