[I 2023-12-16 13:52:56,398] Trial 40 finished with value: 0.6872718930244446 and parameters: {'gradient_clip_val': 0.18437007973579392, 'hidden_size': 26, 'dropout': 0.24308997442827007, 'hidden_continuous_size': 9, 'attention_head_size': 4, 'learning_rate': 0.06958357249849843}. Best is trial 31 with value: 0.06524881720542908.
LOCAL_RANK: 0 - CUDA_VISIBLE_DEVICES: [0]
[I 2023-12-16 13:53:51,269] Trial 41 finished with value: 0.15811188519001007 and parameters: {'gradient_clip_val': 0.2620995288835795, 'hidden_size': 54, 'dropout': 0.32560240670566465, 'hidden_continuous_size': 31, 'attention_head_size': 3, 'learning_rate': 0.03653282596816171}. Best is trial 31 with value: 0.06524881720542908.
LOCAL_RANK: 0 - CUDA_VISIBLE_DEVICES: [0]
[I 2023-12-16 13:54:46,388] Trial 42 finished with value: 0.42104408144950867 and parameters: {'gradient_clip_val': 0.22714440065364988, 'hidden_size': 63, 'dropout': 0.29804095200375036, 'hidden_continuous_size': 27, 'attention_head_size': 3, 'learning_rate': 0.055722422918103205}. Best is trial 31 with value: 0.06524881720542908.
LOCAL_RANK: 0 - CUDA_VISIBLE_DEVICES: [0]
[I 2023-12-16 13:55:40,480] Trial 43 finished with value: 2.7623202800750732 and parameters: {'gradient_clip_val': 0.37071539453460894, 'hidden_size': 51, 'dropout': 0.27670808240556183, 'hidden_continuous_size': 25, 'attention_head_size': 2, 'learning_rate': 0.027376131417914024}. Best is trial 31 with value: 0.06524881720542908.
LOCAL_RANK: 0 - CUDA_VISIBLE_DEVICES: [0]
[I 2023-12-16 13:56:38,140] Trial 44 finished with value: 1.7662843465805054 and parameters: {'gradient_clip_val': 0.14419607449444355, 'hidden_size': 95, 'dropout': 0.30134054388990184, 'hidden_continuous_size': 48, 'attention_head_size': 3, 'learning_rate': 0.023835093313671944}. Best is trial 31 with value: 0.06524881720542908.
LOCAL_RANK: 0 - CUDA_VISIBLE_DEVICES: [0]
[I 2023-12-16 13:57:32,769] Trial 45 finished with value: 0.665461003780365 and parameters: {'gradient_clip_val': 0.2956821490471377, 'hidden_size': 70, 'dropout': 0.25902975391574706, 'hidden_continuous_size': 30, 'attention_head_size': 2, 'learning_rate': 0.037569524299481814}. Best is trial 31 with value: 0.06524881720542908.
LOCAL_RANK: 0 - CUDA_VISIBLE_DEVICES: [0]
[I 2023-12-16 13:58:25,262] Trial 46 finished with value: 1.6224673986434937 and parameters: {'gradient_clip_val': 0.2680173935098992, 'hidden_size': 40, 'dropout': 0.32710269114755, 'hidden_continuous_size': 22, 'attention_head_size': 3, 'learning_rate': 0.015615837780286275}. Best is trial 31 with value: 0.06524881720542908.
LOCAL_RANK: 0 - CUDA_VISIBLE_DEVICES: [0]
[I 2023-12-16 13:59:20,167] Trial 47 finished with value: 1.307987928390503 and parameters: {'gradient_clip_val': 0.3503135100834885, 'hidden_size': 57, 'dropout': 0.30665194859698575, 'hidden_continuous_size': 36, 'attention_head_size': 2, 'learning_rate': 0.07019378937949522}. Best is trial 31 with value: 0.06524881720542908.
LOCAL_RANK: 0 - CUDA_VISIBLE_DEVICES: [0]
[I 2023-12-16 14:00:17,960] Trial 48 finished with value: 1.9449986219406128 and parameters: {'gradient_clip_val': 0.4018551998715026, 'hidden_size': 94, 'dropout': 0.29122765795081773, 'hidden_continuous_size': 52, 'attention_head_size': 4, 'learning_rate': 0.022576572345009486}. Best is trial 31 with value: 0.06524881720542908.
LOCAL_RANK: 0 - CUDA_VISIBLE_DEVICES: [0]
[I 2023-12-16 14:01:14,374] Trial 49 finished with value: 1.5119260549545288 and parameters: {'gradient_clip_val': 0.239241026183646, 'hidden_size': 75, 'dropout': 0.2709667439348241, 'hidden_continuous_size': 34, 'attention_head_size': 3, 'learning_rate': 0.007926344789268451}. Best is trial 31 with value: 0.06524881720542908.
[I 2023-12-16 14:01:14,480] A new study created in memory with name: no-name-d43e2909-f051-4dd0-8285-54e859ad9082
/home/le004/conda/anaconda3/envs/tsff_env/lib/python3.9/site-packages/lightning/fabric/plugins/environments/slurm.py:191: The `srun` command is available on your system but is not used. HINT: If your intention is to run Lightning on SLURM, prepend your python command with `srun` like so: srun python /home/le004/master_thesis/git/TSFusionForecast/code/ ...
LOCAL_RANK: 0 - CUDA_VISIBLE_DEVICES: [0]
[I 2023-12-16 14:02:00,508] Trial 0 finished with value: 1.2230961322784424 and parameters: {'gradient_clip_val': 0.11181288345152951, 'hidden_size': 8, 'dropout': 0.15354896262361856, 'hidden_continuous_size': 7, 'attention_head_size': 4, 'learning_rate': 0.01567683901865151}. Best is trial 0 with value: 1.2230961322784424.
LOCAL_RANK: 0 - CUDA_VISIBLE_DEVICES: [0]
[I 2023-12-16 14:02:47,553] Trial 1 finished with value: 0.47479596734046936 and parameters: {'gradient_clip_val': 0.29249890306188525, 'hidden_size': 10, 'dropout': 0.382768238945715, 'hidden_continuous_size': 8, 'attention_head_size': 2, 'learning_rate': 0.014653409669953134}. Best is trial 1 with value: 0.47479596734046936.
LOCAL_RANK: 0 - CUDA_VISIBLE_DEVICES: [0]
[I 2023-12-16 14:03:33,504] Trial 2 finished with value: 2.7207462787628174 and parameters: {'gradient_clip_val': 0.1798677854151222, 'hidden_size': 14, 'dropout': 0.28595906542720506, 'hidden_continuous_size': 5, 'attention_head_size': 1, 'learning_rate': 0.01607685325905564}. Best is trial 1 with value: 0.47479596734046936.
LOCAL_RANK: 0 - CUDA_VISIBLE_DEVICES: [0]
[I 2023-12-16 14:04:21,334] Trial 3 finished with value: 2.292407989501953 and parameters: {'gradient_clip_val': 0.7636190548619383, 'hidden_size': 11, 'dropout': 0.31888486796164284, 'hidden_continuous_size': 8, 'attention_head_size': 4, 'learning_rate': 0.001470911251461989}. Best is trial 1 with value: 0.47479596734046936.
LOCAL_RANK: 0 - CUDA_VISIBLE_DEVICES: [0]
[I 2023-12-16 14:05:14,887] Trial 4 finished with value: 1.5213847160339355 and parameters: {'gradient_clip_val': 0.11446602219957774, 'hidden_size': 98, 'dropout': 0.2686411634200967, 'hidden_continuous_size': 5, 'attention_head_size': 1, 'learning_rate': 0.009418799547996012}. Best is trial 1 with value: 0.47479596734046936.
LOCAL_RANK: 0 - CUDA_VISIBLE_DEVICES: [0]
[I 2023-12-16 14:05:51,201] Trial 5 finished with value: 2.1684958934783936 and parameters: {'gradient_clip_val': 0.8310994388473494, 'hidden_size': 9, 'dropout': 0.30750646926448744, 'hidden_continuous_size': 9, 'attention_head_size': 4, 'learning_rate': 0.03838723037865075}. Best is trial 1 with value: 0.47479596734046936.
LOCAL_RANK: 0 - CUDA_VISIBLE_DEVICES: [0]
[I 2023-12-16 14:06:37,097] Trial 6 finished with value: 0.9585399031639099 and parameters: {'gradient_clip_val': 0.31145942168262736, 'hidden_size': 8, 'dropout': 0.3836277071187403, 'hidden_continuous_size': 6, 'attention_head_size': 3, 'learning_rate': 0.004197639580137698}. Best is trial 1 with value: 0.47479596734046936.
LOCAL_RANK: 0 - CUDA_VISIBLE_DEVICES: [0]
[I 2023-12-16 14:07:25,022] Trial 7 finished with value: 0.8304764628410339 and parameters: {'gradient_clip_val': 0.5968387493933771, 'hidden_size': 11, 'dropout': 0.3684627096220199, 'hidden_continuous_size': 9, 'attention_head_size': 2, 'learning_rate': 0.012134465979510673}. Best is trial 1 with value: 0.47479596734046936.
LOCAL_RANK: 0 - CUDA_VISIBLE_DEVICES: [0]
[I 2023-12-16 14:08:10,276] Trial 8 finished with value: 2.281048536300659 and parameters: {'gradient_clip_val': 0.12919695278899127, 'hidden_size': 8, 'dropout': 0.28616348372890427, 'hidden_continuous_size': 5, 'attention_head_size': 2, 'learning_rate': 0.006612381760483373}. Best is trial 1 with value: 0.47479596734046936.
LOCAL_RANK: 0 - CUDA_VISIBLE_DEVICES: [0]
[I 2023-12-16 14:09:09,569] Trial 9 finished with value: 1.6736119985580444 and parameters: {'gradient_clip_val': 0.49323152989529584, 'hidden_size': 100, 'dropout': 0.11042858499458105, 'hidden_continuous_size': 99, 'attention_head_size': 2, 'learning_rate': 0.08711881026558647}. Best is trial 1 with value: 0.47479596734046936.
LOCAL_RANK: 0 - CUDA_VISIBLE_DEVICES: [0]
[I 2023-12-16 14:09:45,413] Trial 10 finished with value: 3.5474636554718018 and parameters: {'gradient_clip_val': 0.28958703129003527, 'hidden_size': 5, 'dropout': 0.2206723575376142, 'hidden_continuous_size': 5, 'attention_head_size': 3, 'learning_rate': 0.0006099525284721071}. Best is trial 1 with value: 0.47479596734046936.
LOCAL_RANK: 0 - CUDA_VISIBLE_DEVICES: [0]
[I 2023-12-16 14:10:34,314] Trial 11 finished with value: 0.833670437335968 and parameters: {'gradient_clip_val': 0.556744709991779, 'hidden_size': 24, 'dropout': 0.3914594488963693, 'hidden_continuous_size': 11, 'attention_head_size': 2, 'learning_rate': 0.029960650260223314}. Best is trial 1 with value: 0.47479596734046936.
LOCAL_RANK: 0 - CUDA_VISIBLE_DEVICES: [0]
[I 2023-12-16 14:11:23,989] Trial 12 finished with value: 0.9603607654571533 and parameters: {'gradient_clip_val': 0.4288514791488574, 'hidden_size': 19, 'dropout': 0.355199095091958, 'hidden_continuous_size': 10, 'attention_head_size': 2, 'learning_rate': 0.0036030581145796462}. Best is trial 1 with value: 0.47479596734046936.
LOCAL_RANK: 0 - CUDA_VISIBLE_DEVICES: [0]
[I 2023-12-16 14:12:13,628] Trial 13 finished with value: 1.3137491941452026 and parameters: {'gradient_clip_val': 0.2246050127272677, 'hidden_size': 23, 'dropout': 0.34779692659384537, 'hidden_continuous_size': 11, 'attention_head_size': 1, 'learning_rate': 0.013462477510276252}. Best is trial 1 with value: 0.47479596734046936.
LOCAL_RANK: 0 - CUDA_VISIBLE_DEVICES: [0]
[I 2023-12-16 14:12:50,042] Trial 14 finished with value: 1.8964952230453491 and parameters: {'gradient_clip_val': 0.9862143179994625, 'hidden_size': 5, 'dropout': 0.39738608455721436, 'hidden_continuous_size': 5, 'attention_head_size': 3, 'learning_rate': 0.032217254969456606}. Best is trial 1 with value: 0.47479596734046936.
LOCAL_RANK: 0 - CUDA_VISIBLE_DEVICES: [0]
[I 2023-12-16 14:13:37,167] Trial 15 finished with value: 0.1591482311487198 and parameters: {'gradient_clip_val': 0.38664492575067155, 'hidden_size': 15, 'dropout': 0.34426433027401515, 'hidden_continuous_size': 8, 'attention_head_size': 2, 'learning_rate': 0.005883754187280414}. Best is trial 15 with value: 0.1591482311487198.
LOCAL_RANK: 0 - CUDA_VISIBLE_DEVICES: [0]
[I 2023-12-16 14:14:29,567] Trial 16 finished with value: 0.07697612047195435 and parameters: {'gradient_clip_val': 0.39929750596414465, 'hidden_size': 35, 'dropout': 0.33479510390870404, 'hidden_continuous_size': 15, 'attention_head_size': 3, 'learning_rate': 0.004403898295688702}. Best is trial 16 with value: 0.07697612047195435.
LOCAL_RANK: 0 - CUDA_VISIBLE_DEVICES: [0]
[I 2023-12-16 14:15:21,009] Trial 17 finished with value: 1.7492170333862305 and parameters: {'gradient_clip_val': 0.397887180622053, 'hidden_size': 33, 'dropout': 0.3400041024691386, 'hidden_continuous_size': 14, 'attention_head_size': 3, 'learning_rate': 0.002825514948109714}. Best is trial 16 with value: 0.07697612047195435.
LOCAL_RANK: 0 - CUDA_VISIBLE_DEVICES: [0]
[I 2023-12-16 14:16:14,451] Trial 18 finished with value: 2.7538163661956787 and parameters: {'gradient_clip_val': 0.35993602185713786, 'hidden_size': 38, 'dropout': 0.2346270769448579, 'hidden_continuous_size': 17, 'attention_head_size': 3, 'learning_rate': 0.005553974510329223}. Best is trial 16 with value: 0.07697612047195435.
LOCAL_RANK: 0 - CUDA_VISIBLE_DEVICES: [0]
[I 2023-12-16 14:17:08,950] Trial 19 finished with value: 1.7323757410049438 and parameters: {'gradient_clip_val': 0.43479657070512945, 'hidden_size': 50, 'dropout': 0.3280699798216263, 'hidden_continuous_size': 17, 'attention_head_size': 3, 'learning_rate': 0.0025555311122681837}. Best is trial 16 with value: 0.07697612047195435.
LOCAL_RANK: 0 - CUDA_VISIBLE_DEVICES: [0]
[I 2023-12-16 14:17:57,826] Trial 20 finished with value: 1.4690637588500977 and parameters: {'gradient_clip_val': 0.23919246674685293, 'hidden_size': 18, 'dropout': 0.30708233720544387, 'hidden_continuous_size': 7, 'attention_head_size': 4, 'learning_rate': 0.0015544147391218914}. Best is trial 16 with value: 0.07697612047195435.
LOCAL_RANK: 0 - CUDA_VISIBLE_DEVICES: [0]
[I 2023-12-16 14:18:44,731] Trial 21 finished with value: 0.9503809809684753 and parameters: {'gradient_clip_val': 0.3400315506195592, 'hidden_size': 15, 'dropout': 0.36436410984355666, 'hidden_continuous_size': 8, 'attention_head_size': 2, 'learning_rate': 0.006645887167632844}. Best is trial 16 with value: 0.07697612047195435.
LOCAL_RANK: 0 - CUDA_VISIBLE_DEVICES: [0]
[I 2023-12-16 14:19:35,168] Trial 22 finished with value: 1.9983066320419312 and parameters: {'gradient_clip_val': 0.2672775252004649, 'hidden_size': 27, 'dropout': 0.3699375167854775, 'hidden_continuous_size': 12, 'attention_head_size': 2, 'learning_rate': 0.008994454830534055}. Best is trial 16 with value: 0.07697612047195435.
LOCAL_RANK: 0 - CUDA_VISIBLE_DEVICES: [0]
[I 2023-12-16 14:20:21,418] Trial 23 finished with value: 0.9924775958061218 and parameters: {'gradient_clip_val': 0.33516153190651693, 'hidden_size': 15, 'dropout': 0.34004562052282433, 'hidden_continuous_size': 7, 'attention_head_size': 1, 'learning_rate': 0.005543460645758556}. Best is trial 16 with value: 0.07697612047195435.
LOCAL_RANK: 0 - CUDA_VISIBLE_DEVICES: [0]
[I 2023-12-16 14:21:09,837] Trial 24 finished with value: 0.2285393625497818 and parameters: {'gradient_clip_val': 0.47869920983877273, 'hidden_size': 18, 'dropout': 0.38928221656263695, 'hidden_continuous_size': 8, 'attention_head_size': 2, 'learning_rate': 0.008697542143995807}. Best is trial 16 with value: 0.07697612047195435.
LOCAL_RANK: 0 - CUDA_VISIBLE_DEVICES: [0]
[I 2023-12-16 14:22:00,466] Trial 25 finished with value: 1.6287260055541992 and parameters: {'gradient_clip_val': 0.5275296096434083, 'hidden_size': 29, 'dropout': 0.39862981341474213, 'hidden_continuous_size': 13, 'attention_head_size': 3, 'learning_rate': 0.004211773022472938}. Best is trial 16 with value: 0.07697612047195435.
LOCAL_RANK: 0 - CUDA_VISIBLE_DEVICES: [0]
[I 2023-12-16 14:22:49,872] Trial 26 finished with value: 0.8092565536499023 and parameters: {'gradient_clip_val': 0.6543593783021671, 'hidden_size': 19, 'dropout': 0.3370644188093452, 'hidden_continuous_size': 10, 'attention_head_size': 2, 'learning_rate': 0.008845396649259925}. Best is trial 16 with value: 0.07697612047195435.
LOCAL_RANK: 0 - CUDA_VISIBLE_DEVICES: [0]
[I 2023-12-16 14:23:42,850] Trial 27 finished with value: 0.785325288772583 and parameters: {'gradient_clip_val': 0.4750695834166118, 'hidden_size': 43, 'dropout': 0.36127387589968274, 'hidden_continuous_size': 15, 'attention_head_size': 1, 'learning_rate': 0.005110898157008042}. Best is trial 16 with value: 0.07697612047195435.
LOCAL_RANK: 0 - CUDA_VISIBLE_DEVICES: [0]
[I 2023-12-16 14:24:32,314] Trial 28 finished with value: 2.2069177627563477 and parameters: {'gradient_clip_val': 0.3983377098340665, 'hidden_size': 22, 'dropout': 0.3166563623241768, 'hidden_continuous_size': 6, 'attention_head_size': 3, 'learning_rate': 0.002604316191522608}. Best is trial 16 with value: 0.07697612047195435.
LOCAL_RANK: 0 - CUDA_VISIBLE_DEVICES: [0]
[I 2023-12-16 14:25:19,935] Trial 29 finished with value: 1.0038214921951294 and parameters: {'gradient_clip_val': 0.48489845172097673, 'hidden_size': 13, 'dropout': 0.356488806544035, 'hidden_continuous_size': 6, 'attention_head_size': 4, 'learning_rate': 0.020878082100540003}. Best is trial 16 with value: 0.07697612047195435.
LOCAL_RANK: 0 - CUDA_VISIBLE_DEVICES: [0]
[I 2023-12-16 14:26:08,209] Trial 30 finished with value: 0.9835758209228516 and parameters: {'gradient_clip_val': 0.3720876430196941, 'hidden_size': 18, 'dropout': 0.3328775339936903, 'hidden_continuous_size': 8, 'attention_head_size': 2, 'learning_rate': 0.007756348209425718}. Best is trial 16 with value: 0.07697612047195435.
LOCAL_RANK: 0 - CUDA_VISIBLE_DEVICES: [0]
[I 2023-12-16 14:26:58,360] Trial 31 finished with value: 3.2055206298828125 and parameters: {'gradient_clip_val': 0.309648600712608, 'hidden_size': 29, 'dropout': 0.37509371570760786, 'hidden_continuous_size': 9, 'attention_head_size': 2, 'learning_rate': 0.011561740704563695}. Best is trial 16 with value: 0.07697612047195435.
LOCAL_RANK: 0 - CUDA_VISIBLE_DEVICES: [0]
[I 2023-12-16 14:27:45,035] Trial 32 finished with value: 0.3095443546772003 and parameters: {'gradient_clip_val': 0.39074082285492706, 'hidden_size': 11, 'dropout': 0.3785172319676364, 'hidden_continuous_size': 8, 'attention_head_size': 2, 'learning_rate': 0.01876416305524742}. Best is trial 16 with value: 0.07697612047195435.
LOCAL_RANK: 0 - CUDA_VISIBLE_DEVICES: [0]
[I 2023-12-16 14:28:30,577] Trial 33 finished with value: 2.145277738571167 and parameters: {'gradient_clip_val': 0.4482098467966855, 'hidden_size': 12, 'dropout': 0.3766329940845018, 'hidden_continuous_size': 7, 'attention_head_size': 2, 'learning_rate': 0.01666304122241254}. Best is trial 16 with value: 0.07697612047195435.
LOCAL_RANK: 0 - CUDA_VISIBLE_DEVICES: [0]
[I 2023-12-16 14:29:17,193] Trial 34 finished with value: 0.7009239792823792 and parameters: {'gradient_clip_val': 0.3845406695360835, 'hidden_size': 15, 'dropout': 0.39732505581324806, 'hidden_continuous_size': 8, 'attention_head_size': 1, 'learning_rate': 0.019619348942832033}. Best is trial 16 with value: 0.07697612047195435.
LOCAL_RANK: 0 - CUDA_VISIBLE_DEVICES: [0]
[I 2023-12-16 14:30:03,864] Trial 35 finished with value: 1.9823261499404907 and parameters: {'gradient_clip_val': 0.6625599518572299, 'hidden_size': 10, 'dropout': 0.3801994717320246, 'hidden_continuous_size': 8, 'attention_head_size': 2, 'learning_rate': 0.009630749951917759}. Best is trial 16 with value: 0.07697612047195435.
LOCAL_RANK: 0 - CUDA_VISIBLE_DEVICES: [0]
[I 2023-12-16 14:30:51,717] Trial 36 finished with value: 2.869910955429077 and parameters: {'gradient_clip_val': 0.543003793892226, 'hidden_size': 13, 'dropout': 0.3510950904485382, 'hidden_continuous_size': 7, 'attention_head_size': 3, 'learning_rate': 0.006919199957692363}. Best is trial 16 with value: 0.07697612047195435.
LOCAL_RANK: 0 - CUDA_VISIBLE_DEVICES: [0]
[I 2023-12-16 14:31:37,646] Trial 37 finished with value: 3.293823003768921 and parameters: {'gradient_clip_val': 0.4169582781694543, 'hidden_size': 16, 'dropout': 0.3830175540480643, 'hidden_continuous_size': 9, 'attention_head_size': 1, 'learning_rate': 0.014149600565051497}. Best is trial 16 with value: 0.07697612047195435.
LOCAL_RANK: 0 - CUDA_VISIBLE_DEVICES: [0]
[I 2023-12-16 14:32:27,307] Trial 38 finished with value: 0.9215297102928162 and parameters: {'gradient_clip_val': 0.3561263870341482, 'hidden_size': 21, 'dropout': 0.3252981399573144, 'hidden_continuous_size': 9, 'attention_head_size': 2, 'learning_rate': 0.010822235406278611}. Best is trial 16 with value: 0.07697612047195435.
LOCAL_RANK: 0 - CUDA_VISIBLE_DEVICES: [0]
[I 2023-12-16 14:33:13,636] Trial 39 finished with value: 2.565375328063965 and parameters: {'gradient_clip_val': 0.48407893769919463, 'hidden_size': 10, 'dropout': 0.2896025939201018, 'hidden_continuous_size': 6, 'attention_head_size': 3, 'learning_rate': 0.007798393919024559}. Best is trial 16 with value: 0.07697612047195435.
LOCAL_RANK: 0 - CUDA_VISIBLE_DEVICES: [0]
[I 2023-12-16 14:33:59,073] Trial 40 finished with value: 1.081432580947876 and parameters: {'gradient_clip_val': 0.5900410600525449, 'hidden_size': 12, 'dropout': 0.3080799652051196, 'hidden_continuous_size': 8, 'attention_head_size': 2, 'learning_rate': 0.020749970080157512}. Best is trial 16 with value: 0.07697612047195435.
LOCAL_RANK: 0 - CUDA_VISIBLE_DEVICES: [0]
[I 2023-12-16 14:34:45,289] Trial 41 finished with value: 2.8813889026641846 and parameters: {'gradient_clip_val': 0.2968319306384664, 'hidden_size': 7, 'dropout': 0.3686615962154261, 'hidden_continuous_size': 5, 'attention_head_size': 2, 'learning_rate': 0.01491730714244221}. Best is trial 16 with value: 0.07697612047195435.
LOCAL_RANK: 0 - CUDA_VISIBLE_DEVICES: [0]
[I 2023-12-16 14:35:31,898] Trial 42 finished with value: 2.587510824203491 and parameters: {'gradient_clip_val': 0.3290088632954792, 'hidden_size': 9, 'dropout': 0.3849608712951415, 'hidden_continuous_size': 6, 'attention_head_size': 2, 'learning_rate': 0.010467734447248203}. Best is trial 16 with value: 0.07697612047195435.
LOCAL_RANK: 0 - CUDA_VISIBLE_DEVICES: [0]
[I 2023-12-16 14:36:18,584] Trial 43 finished with value: 1.8871597051620483 and parameters: {'gradient_clip_val': 0.44032857941850506, 'hidden_size': 11, 'dropout': 0.3531688117451344, 'hidden_continuous_size': 8, 'attention_head_size': 2, 'learning_rate': 0.0048157669713651576}. Best is trial 16 with value: 0.07697612047195435.
LOCAL_RANK: 0 - CUDA_VISIBLE_DEVICES: [0]
[I 2023-12-16 14:37:04,413] Trial 44 finished with value: 0.41622504591941833 and parameters: {'gradient_clip_val': 0.3707984100924066, 'hidden_size': 7, 'dropout': 0.36752692705815176, 'hidden_continuous_size': 5, 'attention_head_size': 2, 'learning_rate': 0.012244152417022924}. Best is trial 16 with value: 0.07697612047195435.
LOCAL_RANK: 0 - CUDA_VISIBLE_DEVICES: [0]
[I 2023-12-16 14:37:49,829] Trial 45 finished with value: 1.8325424194335938 and parameters: {'gradient_clip_val': 0.3848617748357685, 'hidden_size': 8, 'dropout': 0.3653518562225538, 'hidden_continuous_size': 5, 'attention_head_size': 2, 'learning_rate': 0.00609933484936464}. Best is trial 16 with value: 0.07697612047195435.
LOCAL_RANK: 0 - CUDA_VISIBLE_DEVICES: [0]
[I 2023-12-16 14:38:35,613] Trial 46 finished with value: 2.0486326217651367 and parameters: {'gradient_clip_val': 0.5030431508894972, 'hidden_size': 7, 'dropout': 0.3440227917616743, 'hidden_continuous_size': 5, 'attention_head_size': 2, 'learning_rate': 0.00776141411589294}. Best is trial 16 with value: 0.07697612047195435.
LOCAL_RANK: 0 - CUDA_VISIBLE_DEVICES: [0]
