[rank: 0] Seed set to 42
[I 2023-12-15 10:45:08,834] A new study created in memory with name: no-name-8caf9647-a1e3-46d0-a7f4-3e663449d494
/home/le004/conda/anaconda3/envs/tsff_env/lib/python3.9/site-packages/lightning/fabric/plugins/environments/slurm.py:191: The `srun` command is available on your system but is not used. HINT: If your intention is to run Lightning on SLURM, prepend your python command with `srun` like so: srun python /home/le004/master_thesis/git/TSFusionForecast/code/ ...
LOCAL_RANK: 0 - CUDA_VISIBLE_DEVICES: [0]
[I 2023-12-15 10:46:01,780] Trial 0 finished with value: 76.09539031982422 and parameters: {'gradient_clip_val': 0.7731762986961233, 'hidden_size': 41, 'dropout': 0.2736120278556938, 'hidden_continuous_size': 27, 'attention_head_size': 2, 'learning_rate': 0.08281151435388721}. Best is trial 0 with value: 76.09539031982422.
LOCAL_RANK: 0 - CUDA_VISIBLE_DEVICES: [0]
[I 2023-12-15 10:46:50,013] Trial 1 finished with value: 147.9077606201172 and parameters: {'gradient_clip_val': 0.22914877591031962, 'hidden_size': 25, 'dropout': 0.3170081486897305, 'hidden_continuous_size': 20, 'attention_head_size': 2, 'learning_rate': 0.0022901772547529683}. Best is trial 0 with value: 76.09539031982422.
LOCAL_RANK: 0 - CUDA_VISIBLE_DEVICES: [0]
[I 2023-12-15 10:47:46,555] Trial 2 finished with value: 72.90609741210938 and parameters: {'gradient_clip_val': 0.5657406159241992, 'hidden_size': 94, 'dropout': 0.24079603890472115, 'hidden_continuous_size': 66, 'attention_head_size': 2, 'learning_rate': 0.016283550974405835}. Best is trial 2 with value: 72.90609741210938.
LOCAL_RANK: 0 - CUDA_VISIBLE_DEVICES: [0]
[I 2023-12-15 10:48:19,829] Trial 3 finished with value: 101.40850067138672 and parameters: {'gradient_clip_val': 0.11306494382388217, 'hidden_size': 5, 'dropout': 0.3913566683632599, 'hidden_continuous_size': 5, 'attention_head_size': 3, 'learning_rate': 0.0009173962629516133}. Best is trial 2 with value: 72.90609741210938.
LOCAL_RANK: 0 - CUDA_VISIBLE_DEVICES: [0]
[I 2023-12-15 10:49:10,358] Trial 4 finished with value: 123.3258056640625 and parameters: {'gradient_clip_val': 0.7174388054951303, 'hidden_size': 63, 'dropout': 0.3828725561964045, 'hidden_continuous_size': 7, 'attention_head_size': 1, 'learning_rate': 0.0011644850231849395}. Best is trial 2 with value: 72.90609741210938.
LOCAL_RANK: 0 - CUDA_VISIBLE_DEVICES: [0]
[I 2023-12-15 10:50:05,274] Trial 5 finished with value: 28.733749389648438 and parameters: {'gradient_clip_val': 0.21966094987132995, 'hidden_size': 65, 'dropout': 0.10237880977283415, 'hidden_continuous_size': 52, 'attention_head_size': 3, 'learning_rate': 0.04007294878512942}. Best is trial 5 with value: 28.733749389648438.
LOCAL_RANK: 0 - CUDA_VISIBLE_DEVICES: [0]
[I 2023-12-15 10:50:55,921] Trial 6 finished with value: 25.398530960083008 and parameters: {'gradient_clip_val': 0.7775081693156155, 'hidden_size': 26, 'dropout': 0.11163994110197853, 'hidden_continuous_size': 25, 'attention_head_size': 3, 'learning_rate': 0.0009939054408722998}. Best is trial 6 with value: 25.398530960083008.
LOCAL_RANK: 0 - CUDA_VISIBLE_DEVICES: [0]
[I 2023-12-15 10:51:41,321] Trial 7 finished with value: 40.78511428833008 and parameters: {'gradient_clip_val': 0.9752474606866658, 'hidden_size': 6, 'dropout': 0.3779806563997987, 'hidden_continuous_size': 5, 'attention_head_size': 4, 'learning_rate': 0.005674596590023397}. Best is trial 6 with value: 25.398530960083008.
LOCAL_RANK: 0 - CUDA_VISIBLE_DEVICES: [0]
[I 2023-12-15 10:52:25,274] Trial 8 finished with value: 133.4970245361328 and parameters: {'gradient_clip_val': 0.37639096952710227, 'hidden_size': 7, 'dropout': 0.19835682040333746, 'hidden_continuous_size': 5, 'attention_head_size': 1, 'learning_rate': 0.004486863356884277}. Best is trial 6 with value: 25.398530960083008.
LOCAL_RANK: 0 - CUDA_VISIBLE_DEVICES: [0]
[I 2023-12-15 10:53:16,076] Trial 9 finished with value: 65.30577850341797 and parameters: {'gradient_clip_val': 0.2810731310759399, 'hidden_size': 48, 'dropout': 0.3804628141677501, 'hidden_continuous_size': 10, 'attention_head_size': 1, 'learning_rate': 0.009281004550155406}. Best is trial 6 with value: 25.398530960083008.
LOCAL_RANK: 0 - CUDA_VISIBLE_DEVICES: [0]
[I 2023-12-15 10:54:01,824] Trial 10 finished with value: 139.63023376464844 and parameters: {'gradient_clip_val': 0.44473523977488066, 'hidden_size': 13, 'dropout': 0.10983037940477597, 'hidden_continuous_size': 7, 'attention_head_size': 4, 'learning_rate': 0.0005074265392954046}. Best is trial 6 with value: 25.398530960083008.
LOCAL_RANK: 0 - CUDA_VISIBLE_DEVICES: [0]
[I 2023-12-15 10:54:36,693] Trial 11 finished with value: 85.10071563720703 and parameters: {'gradient_clip_val': 0.20030659398803863, 'hidden_size': 29, 'dropout': 0.1009114501349549, 'hidden_continuous_size': 29, 'attention_head_size': 3, 'learning_rate': 0.029128755220209197}. Best is trial 6 with value: 25.398530960083008.
LOCAL_RANK: 0 - CUDA_VISIBLE_DEVICES: [0]
[I 2023-12-15 10:55:22,308] Trial 12 finished with value: 177.815185546875 and parameters: {'gradient_clip_val': 0.49134277684018407, 'hidden_size': 16, 'dropout': 0.13965352590900243, 'hidden_continuous_size': 12, 'attention_head_size': 3, 'learning_rate': 0.0024852642116434133}. Best is trial 6 with value: 25.398530960083008.
LOCAL_RANK: 0 - CUDA_VISIBLE_DEVICES: [0]
[I 2023-12-15 10:56:17,844] Trial 13 finished with value: 44.45866775512695 and parameters: {'gradient_clip_val': 0.32541648792936867, 'hidden_size': 78, 'dropout': 0.15475366649372457, 'hidden_continuous_size': 55, 'attention_head_size': 3, 'learning_rate': 0.04802614205794994}. Best is trial 6 with value: 25.398530960083008.
LOCAL_RANK: 0 - CUDA_VISIBLE_DEVICES: [0]
[I 2023-12-15 10:57:10,237] Trial 14 finished with value: 29.911298751831055 and parameters: {'gradient_clip_val': 0.16398299923706453, 'hidden_size': 38, 'dropout': 0.16696779246611995, 'hidden_continuous_size': 19, 'attention_head_size': 4, 'learning_rate': 0.014821046127663183}. Best is trial 6 with value: 25.398530960083008.
LOCAL_RANK: 0 - CUDA_VISIBLE_DEVICES: [0]
[I 2023-12-15 10:58:04,107] Trial 15 finished with value: 100.7862548828125 and parameters: {'gradient_clip_val': 0.29086541431963286, 'hidden_size': 58, 'dropout': 0.12538764490026896, 'hidden_continuous_size': 40, 'attention_head_size': 3, 'learning_rate': 0.08676329512786446}. Best is trial 6 with value: 25.398530960083008.
LOCAL_RANK: 0 - CUDA_VISIBLE_DEVICES: [0]
[I 2023-12-15 10:59:00,942] Trial 16 finished with value: 24.059980392456055 and parameters: {'gradient_clip_val': 0.39043525405859697, 'hidden_size': 90, 'dropout': 0.18411096660588208, 'hidden_continuous_size': 70, 'attention_head_size': 2, 'learning_rate': 0.029678376350734843}. Best is trial 16 with value: 24.059980392456055.
LOCAL_RANK: 0 - CUDA_VISIBLE_DEVICES: [0]
[I 2023-12-15 10:59:57,994] Trial 17 finished with value: 43.83433532714844 and parameters: {'gradient_clip_val': 0.5506314183092346, 'hidden_size': 100, 'dropout': 0.1918451877735117, 'hidden_continuous_size': 89, 'attention_head_size': 2, 'learning_rate': 0.010075915828257122}. Best is trial 16 with value: 24.059980392456055.
LOCAL_RANK: 0 - CUDA_VISIBLE_DEVICES: [0]
[I 2023-12-15 11:00:48,551] Trial 18 finished with value: 27.67132568359375 and parameters: {'gradient_clip_val': 0.4007169486496116, 'hidden_size': 33, 'dropout': 0.1749323741989829, 'hidden_continuous_size': 17, 'attention_head_size': 2, 'learning_rate': 0.0037465239416018888}. Best is trial 16 with value: 24.059980392456055.
LOCAL_RANK: 0 - CUDA_VISIBLE_DEVICES: [0]
[I 2023-12-15 11:01:36,622] Trial 19 finished with value: 92.77734375 and parameters: {'gradient_clip_val': 0.600673236141211, 'hidden_size': 21, 'dropout': 0.14197420402617178, 'hidden_continuous_size': 13, 'attention_head_size': 2, 'learning_rate': 0.021595213177626634}. Best is trial 16 with value: 24.059980392456055.
LOCAL_RANK: 0 - CUDA_VISIBLE_DEVICES: [0]
[I 2023-12-15 11:02:29,820] Trial 20 finished with value: 77.06746673583984 and parameters: {'gradient_clip_val': 0.9820858015863559, 'hidden_size': 49, 'dropout': 0.13697964664953455, 'hidden_continuous_size': 25, 'attention_head_size': 4, 'learning_rate': 0.008166449192009645}. Best is trial 16 with value: 24.059980392456055.
LOCAL_RANK: 0 - CUDA_VISIBLE_DEVICES: [0]
[I 2023-12-15 11:03:18,736] Trial 21 finished with value: 55.47895812988281 and parameters: {'gradient_clip_val': 0.41353127572271664, 'hidden_size': 32, 'dropout': 0.17939245965497302, 'hidden_continuous_size': 17, 'attention_head_size': 2, 'learning_rate': 0.0037015057297532634}. Best is trial 16 with value: 24.059980392456055.
LOCAL_RANK: 0 - CUDA_VISIBLE_DEVICES: [0]
[I 2023-12-15 11:04:06,632] Trial 22 finished with value: 96.263916015625 and parameters: {'gradient_clip_val': 0.36422056738795283, 'hidden_size': 21, 'dropout': 0.21629342543330946, 'hidden_continuous_size': 11, 'attention_head_size': 2, 'learning_rate': 0.0025567557976723266}. Best is trial 16 with value: 24.059980392456055.
LOCAL_RANK: 0 - CUDA_VISIBLE_DEVICES: [0]
[I 2023-12-15 11:04:57,089] Trial 23 finished with value: 57.03508377075195 and parameters: {'gradient_clip_val': 0.4573246034098188, 'hidden_size': 37, 'dropout': 0.15985889590953256, 'hidden_continuous_size': 15, 'attention_head_size': 1, 'learning_rate': 0.005722600958305205}. Best is trial 16 with value: 24.059980392456055.
LOCAL_RANK: 0 - CUDA_VISIBLE_DEVICES: [0]
[I 2023-12-15 11:05:51,844] Trial 24 finished with value: 122.78267669677734 and parameters: {'gradient_clip_val': 0.7176584981519045, 'hidden_size': 79, 'dropout': 0.17279748041503054, 'hidden_continuous_size': 36, 'attention_head_size': 2, 'learning_rate': 0.0016605028826334395}. Best is trial 16 with value: 24.059980392456055.
LOCAL_RANK: 0 - CUDA_VISIBLE_DEVICES: [0]
[I 2023-12-15 11:06:44,526] Trial 25 finished with value: 90.84902954101562 and parameters: {'gradient_clip_val': 0.3732328345373374, 'hidden_size': 50, 'dropout': 0.21483293631036016, 'hidden_continuous_size': 21, 'attention_head_size': 3, 'learning_rate': 0.0035771608760809866}. Best is trial 16 with value: 24.059980392456055.
LOCAL_RANK: 0 - CUDA_VISIBLE_DEVICES: [0]
[I 2023-12-15 11:07:31,959] Trial 26 finished with value: 33.31590270996094 and parameters: {'gradient_clip_val': 0.5454989004885972, 'hidden_size': 28, 'dropout': 0.12249045089115937, 'hidden_continuous_size': 16, 'attention_head_size': 2, 'learning_rate': 0.011008852045718831}. Best is trial 16 with value: 24.059980392456055.
LOCAL_RANK: 0 - CUDA_VISIBLE_DEVICES: [0]
[I 2023-12-15 11:08:22,484] Trial 27 finished with value: 25.208358764648438 and parameters: {'gradient_clip_val': 0.4558797593896951, 'hidden_size': 36, 'dropout': 0.14974358037605787, 'hidden_continuous_size': 22, 'attention_head_size': 1, 'learning_rate': 0.006975963627972424}. Best is trial 16 with value: 24.059980392456055.
LOCAL_RANK: 0 - CUDA_VISIBLE_DEVICES: [0]
[I 2023-12-15 11:09:14,082] Trial 28 finished with value: 32.81621170043945 and parameters: {'gradient_clip_val': 0.49511598827334885, 'hidden_size': 42, 'dropout': 0.15281467784816338, 'hidden_continuous_size': 23, 'attention_head_size': 1, 'learning_rate': 0.00586484159295122}. Best is trial 16 with value: 24.059980392456055.
LOCAL_RANK: 0 - CUDA_VISIBLE_DEVICES: [0]
[I 2023-12-15 11:10:07,796] Trial 29 finished with value: 53.776615142822266 and parameters: {'gradient_clip_val': 0.6387443764643475, 'hidden_size': 70, 'dropout': 0.12248300213212522, 'hidden_continuous_size': 35, 'attention_head_size': 1, 'learning_rate': 0.06268740841184395}. Best is trial 16 with value: 24.059980392456055.
LOCAL_RANK: 0 - CUDA_VISIBLE_DEVICES: [0]
[I 2023-12-15 11:10:59,537] Trial 30 finished with value: 95.46368408203125 and parameters: {'gradient_clip_val': 0.7463355249912026, 'hidden_size': 39, 'dropout': 0.1442771945536296, 'hidden_continuous_size': 23, 'attention_head_size': 1, 'learning_rate': 0.09794967650620977}. Best is trial 16 with value: 24.059980392456055.
LOCAL_RANK: 0 - CUDA_VISIBLE_DEVICES: [0]
[I 2023-12-15 11:11:50,078] Trial 31 finished with value: 34.95452880859375 and parameters: {'gradient_clip_val': 0.4230585843225481, 'hidden_size': 31, 'dropout': 0.17870217428444718, 'hidden_continuous_size': 19, 'attention_head_size': 2, 'learning_rate': 0.006927771616529112}. Best is trial 16 with value: 24.059980392456055.
LOCAL_RANK: 0 - CUDA_VISIBLE_DEVICES: [0]
[I 2023-12-15 11:12:38,692] Trial 32 finished with value: 41.17131423950195 and parameters: {'gradient_clip_val': 0.8415656765902312, 'hidden_size': 25, 'dropout': 0.16604878887867863, 'hidden_continuous_size': 17, 'attention_head_size': 2, 'learning_rate': 0.013647657602495688}. Best is trial 16 with value: 24.059980392456055.
LOCAL_RANK: 0 - CUDA_VISIBLE_DEVICES: [0]
[I 2023-12-15 11:13:30,604] Trial 33 finished with value: 95.61808013916016 and parameters: {'gradient_clip_val': 0.6386856225705141, 'hidden_size': 56, 'dropout': 0.24815198590724508, 'hidden_continuous_size': 29, 'attention_head_size': 2, 'learning_rate': 0.02598605439733609}. Best is trial 16 with value: 24.059980392456055.
LOCAL_RANK: 0 - CUDA_VISIBLE_DEVICES: [0]
[I 2023-12-15 11:14:25,233] Trial 34 finished with value: 38.8079719543457 and parameters: {'gradient_clip_val': 0.5075284008110094, 'hidden_size': 87, 'dropout': 0.2746179332734149, 'hidden_continuous_size': 27, 'attention_head_size': 3, 'learning_rate': 0.019483131088207872}. Best is trial 16 with value: 24.059980392456055.
LOCAL_RANK: 0 - CUDA_VISIBLE_DEVICES: [0]
[I 2023-12-15 11:15:16,623] Trial 35 finished with value: 48.0470085144043 and parameters: {'gradient_clip_val': 0.32727146252329814, 'hidden_size': 43, 'dropout': 0.1293074756771005, 'hidden_continuous_size': 14, 'attention_head_size': 1, 'learning_rate': 0.0017322411732728954}. Best is trial 16 with value: 24.059980392456055.
LOCAL_RANK: 0 - CUDA_VISIBLE_DEVICES: [0]
[I 2023-12-15 11:16:09,206] Trial 36 finished with value: 124.35943603515625 and parameters: {'gradient_clip_val': 0.5864048873345108, 'hidden_size': 64, 'dropout': 0.19275570543675863, 'hidden_continuous_size': 21, 'attention_head_size': 3, 'learning_rate': 0.0034162280931819902}. Best is trial 16 with value: 24.059980392456055.
LOCAL_RANK: 0 - CUDA_VISIBLE_DEVICES: [0]
[I 2023-12-15 11:17:06,662] Trial 37 finished with value: 93.97669219970703 and parameters: {'gradient_clip_val': 0.8438321739960057, 'hidden_size': 97, 'dropout': 0.11241117945815879, 'hidden_continuous_size': 96, 'attention_head_size': 2, 'learning_rate': 0.011812163521891633}. Best is trial 16 with value: 24.059980392456055.
LOCAL_RANK: 0 - CUDA_VISIBLE_DEVICES: [0]
[I 2023-12-15 11:17:56,622] Trial 38 finished with value: 138.6865234375 and parameters: {'gradient_clip_val': 0.671065934278958, 'hidden_size': 36, 'dropout': 0.15359646519987452, 'hidden_continuous_size': 18, 'attention_head_size': 1, 'learning_rate': 0.0009460681125085333}. Best is trial 16 with value: 24.059980392456055.
LOCAL_RANK: 0 - CUDA_VISIBLE_DEVICES: [0]
[I 2023-12-15 11:18:51,770] Trial 39 finished with value: 36.2595329284668 and parameters: {'gradient_clip_val': 0.4663832471829877, 'hidden_size': 73, 'dropout': 0.2125047107288759, 'hidden_continuous_size': 44, 'attention_head_size': 3, 'learning_rate': 0.00831976447962536}. Best is trial 16 with value: 24.059980392456055.
LOCAL_RANK: 0 - CUDA_VISIBLE_DEVICES: [0]
[I 2023-12-15 11:19:38,958] Trial 40 finished with value: 46.422054290771484 and parameters: {'gradient_clip_val': 0.40487904818379905, 'hidden_size': 24, 'dropout': 0.11774975269384688, 'hidden_continuous_size': 15, 'attention_head_size': 2, 'learning_rate': 0.004317121701658045}. Best is trial 16 with value: 24.059980392456055.
LOCAL_RANK: 0 - CUDA_VISIBLE_DEVICES: [0]
[I 2023-12-15 11:20:31,617] Trial 41 finished with value: 86.76004791259766 and parameters: {'gradient_clip_val': 0.24502800913449027, 'hidden_size': 60, 'dropout': 0.1110920513983738, 'hidden_continuous_size': 30, 'attention_head_size': 3, 'learning_rate': 0.030560151520141934}. Best is trial 16 with value: 24.059980392456055.
LOCAL_RANK: 0 - CUDA_VISIBLE_DEVICES: [0]
[I 2023-12-15 11:21:27,235] Trial 42 finished with value: 100.9426040649414 and parameters: {'gradient_clip_val': 0.367859313421153, 'hidden_size': 83, 'dropout': 0.10732550308310243, 'hidden_continuous_size': 55, 'attention_head_size': 3, 'learning_rate': 0.041306001706231645}. Best is trial 16 with value: 24.059980392456055.
LOCAL_RANK: 0 - CUDA_VISIBLE_DEVICES: [0]
[I 2023-12-15 11:22:22,602] Trial 43 finished with value: 38.9342155456543 and parameters: {'gradient_clip_val': 0.28134275757668104, 'hidden_size': 70, 'dropout': 0.13266550161954505, 'hidden_continuous_size': 51, 'attention_head_size': 4, 'learning_rate': 0.01647588628475704}. Best is trial 16 with value: 24.059980392456055.
LOCAL_RANK: 0 - CUDA_VISIBLE_DEVICES: [0]
[I 2023-12-15 11:23:14,966] Trial 44 finished with value: 28.905990600585938 and parameters: {'gradient_clip_val': 0.322974452855078, 'hidden_size': 52, 'dropout': 0.10016910777706346, 'hidden_continuous_size': 32, 'attention_head_size': 3, 'learning_rate': 0.06525404153294474}. Best is trial 16 with value: 24.059980392456055.
LOCAL_RANK: 0 - CUDA_VISIBLE_DEVICES: [0]
[I 2023-12-15 11:24:07,492] Trial 45 finished with value: 102.21610260009766 and parameters: {'gradient_clip_val': 0.24528391127694416, 'hidden_size': 45, 'dropout': 0.14293356630843093, 'hidden_continuous_size': 25, 'attention_head_size': 3, 'learning_rate': 0.0005381891689811107}. Best is trial 16 with value: 24.059980392456055.
LOCAL_RANK: 0 - CUDA_VISIBLE_DEVICES: [0]
[I 2023-12-15 11:25:00,241] Trial 46 finished with value: 55.22834396362305 and parameters: {'gradient_clip_val': 0.5259547041050509, 'hidden_size': 64, 'dropout': 0.12606293047565534, 'hidden_continuous_size': 40, 'attention_head_size': 3, 'learning_rate': 0.00716507495644096}. Best is trial 16 with value: 24.059980392456055.
LOCAL_RANK: 0 - CUDA_VISIBLE_DEVICES: [0]
[I 2023-12-15 11:25:51,511] Trial 47 finished with value: 79.52527618408203 and parameters: {'gradient_clip_val': 0.45171406968180655, 'hidden_size': 34, 'dropout': 0.15019816189827545, 'hidden_continuous_size': 21, 'attention_head_size': 1, 'learning_rate': 0.03797053835041643}. Best is trial 16 with value: 24.059980392456055.
LOCAL_RANK: 0 - CUDA_VISIBLE_DEVICES: [0]
[I 2023-12-15 11:26:47,913] Trial 48 finished with value: 59.41878128051758 and parameters: {'gradient_clip_val': 0.1965081295383519, 'hidden_size': 88, 'dropout': 0.16291927805365333, 'hidden_continuous_size': 71, 'attention_head_size': 2, 'learning_rate': 0.004824273148812443}. Best is trial 16 with value: 24.059980392456055.
LOCAL_RANK: 0 - CUDA_VISIBLE_DEVICES: [0]
[I 2023-12-15 11:27:41,501] Trial 49 finished with value: 43.25436019897461 and parameters: {'gradient_clip_val': 0.39859660698107424, 'hidden_size': 43, 'dropout': 0.1361633624352201, 'hidden_continuous_size': 33, 'attention_head_size': 4, 'learning_rate': 0.01931091199455674}. Best is trial 16 with value: 24.059980392456055.
[I 2023-12-15 11:27:41,592] A new study created in memory with name: no-name-f7ec1419-e249-429f-ac5a-bbb2f2d33a64
/home/le004/conda/anaconda3/envs/tsff_env/lib/python3.9/site-packages/lightning/fabric/plugins/environments/slurm.py:191: The `srun` command is available on your system but is not used. HINT: If your intention is to run Lightning on SLURM, prepend your python command with `srun` like so: srun python /home/le004/master_thesis/git/TSFusionForecast/code/ ...
LOCAL_RANK: 0 - CUDA_VISIBLE_DEVICES: [0]
[I 2023-12-15 11:28:33,573] Trial 0 finished with value: 12.01216983795166 and parameters: {'gradient_clip_val': 0.8156268416917394, 'hidden_size': 73, 'dropout': 0.3333932428195189, 'hidden_continuous_size': 5, 'attention_head_size': 4, 'learning_rate': 0.0009594248040680883}. Best is trial 0 with value: 12.01216983795166.
LOCAL_RANK: 0 - CUDA_VISIBLE_DEVICES: [0]
[I 2023-12-15 11:29:27,246] Trial 1 finished with value: 6.501108169555664 and parameters: {'gradient_clip_val': 0.2081700904647525, 'hidden_size': 82, 'dropout': 0.3001992748093453, 'hidden_continuous_size': 20, 'attention_head_size': 2, 'learning_rate': 0.005745699321490433}. Best is trial 1 with value: 6.501108169555664.
LOCAL_RANK: 0 - CUDA_VISIBLE_DEVICES: [0]
[I 2023-12-15 11:30:14,032] Trial 2 finished with value: 5.998910427093506 and parameters: {'gradient_clip_val': 0.14622348467784033, 'hidden_size': 15, 'dropout': 0.21139071616578994, 'hidden_continuous_size': 12, 'attention_head_size': 4, 'learning_rate': 0.0029369303830404695}. Best is trial 2 with value: 5.998910427093506.
LOCAL_RANK: 0 - CUDA_VISIBLE_DEVICES: [0]
[I 2023-12-15 11:31:05,440] Trial 3 finished with value: 10.636917114257812 and parameters: {'gradient_clip_val': 0.8136925998201302, 'hidden_size': 51, 'dropout': 0.2202504187633763, 'hidden_continuous_size': 5, 'attention_head_size': 4, 'learning_rate': 0.03262059379574715}. Best is trial 2 with value: 5.998910427093506.
LOCAL_RANK: 0 - CUDA_VISIBLE_DEVICES: [0]
[I 2023-12-15 11:31:51,857] Trial 4 finished with value: 6.94491720199585 and parameters: {'gradient_clip_val': 0.6233722659777823, 'hidden_size': 15, 'dropout': 0.28229023819917076, 'hidden_continuous_size': 13, 'attention_head_size': 4, 'learning_rate': 0.09924550410277437}. Best is trial 2 with value: 5.998910427093506.
LOCAL_RANK: 0 - CUDA_VISIBLE_DEVICES: [0]
[I 2023-12-15 11:32:24,819] Trial 5 finished with value: 13.731307983398438 and parameters: {'gradient_clip_val': 0.12324501325676604, 'hidden_size': 6, 'dropout': 0.23751850330413232, 'hidden_continuous_size': 6, 'attention_head_size': 1, 'learning_rate': 0.0016654865342024087}. Best is trial 2 with value: 5.998910427093506.
LOCAL_RANK: 0 - CUDA_VISIBLE_DEVICES: [0]
