[I 2023-12-26 13:28:43,023] Trial 21 finished with value: 2.908578872680664 and parameters: {'gradient_clip_val': 0.36154761454711637, 'hidden_size': 104, 'dropout': 0.10614711066638306, 'hidden_continuous_size': 82, 'attention_head_size': 4, 'learning_rate': 0.022293717495211106}. Best is trial 0 with value: 0.04378215968608856.
[I 2023-12-26 13:28:51,553] Trial 22 finished with value: 3.887465238571167 and parameters: {'gradient_clip_val': 0.3582923522310263, 'hidden_size': 100, 'dropout': 0.19536957112057435, 'hidden_continuous_size': 75, 'attention_head_size': 4, 'learning_rate': 0.02796502189449558}. Best is trial 0 with value: 0.04378215968608856.
[I 2023-12-26 13:29:00,158] Trial 23 finished with value: 2.9753406047821045 and parameters: {'gradient_clip_val': 0.5408437956728354, 'hidden_size': 109, 'dropout': 0.13118969009889836, 'hidden_continuous_size': 79, 'attention_head_size': 4, 'learning_rate': 0.05708956692574652}. Best is trial 0 with value: 0.04378215968608856.
[I 2023-12-26 13:29:06,896] Trial 24 finished with value: 3.7637205123901367 and parameters: {'gradient_clip_val': 0.4601004768046282, 'hidden_size': 79, 'dropout': 0.1806244803378042, 'hidden_continuous_size': 43, 'attention_head_size': 4, 'learning_rate': 0.026442960924322537}. Best is trial 0 with value: 0.04378215968608856.
[I 2023-12-26 13:29:16,547] Trial 25 finished with value: 4.1971659660339355 and parameters: {'gradient_clip_val': 0.36803742995606564, 'hidden_size': 109, 'dropout': 0.13625471660521665, 'hidden_continuous_size': 89, 'attention_head_size': 3, 'learning_rate': 0.011558894504629547}. Best is trial 0 with value: 0.04378215968608856.
[I 2023-12-26 13:29:29,139] Trial 26 finished with value: 3.9089221954345703 and parameters: {'gradient_clip_val': 0.6341309998682007, 'hidden_size': 142, 'dropout': 0.12319074494509594, 'hidden_continuous_size': 100, 'attention_head_size': 4, 'learning_rate': 0.01913170443610211}. Best is trial 0 with value: 0.04378215968608856.
[I 2023-12-26 13:29:34,774] Trial 27 finished with value: 4.323093414306641 and parameters: {'gradient_clip_val': 0.7815313943290924, 'hidden_size': 63, 'dropout': 0.15787241359653392, 'hidden_continuous_size': 41, 'attention_head_size': 3, 'learning_rate': 0.03476186514796624}. Best is trial 0 with value: 0.04378215968608856.
[I 2023-12-26 13:29:45,008] Trial 28 finished with value: 3.104901075363159 and parameters: {'gradient_clip_val': 0.9739411531910765, 'hidden_size': 110, 'dropout': 0.10188500325044147, 'hidden_continuous_size': 62, 'attention_head_size': 4, 'learning_rate': 0.062339872310226085}. Best is trial 0 with value: 0.04378215968608856.
[I 2023-12-26 13:29:51,600] Trial 29 finished with value: 3.7965614795684814 and parameters: {'gradient_clip_val': 0.8137560297250903, 'hidden_size': 75, 'dropout': 0.2661961216840036, 'hidden_continuous_size': 48, 'attention_head_size': 1, 'learning_rate': 0.09141146538946661}. Best is trial 0 with value: 0.04378215968608856.
[I 2023-12-26 13:29:59,267] Trial 30 finished with value: 2.5343873500823975 and parameters: {'gradient_clip_val': 0.5299182999389991, 'hidden_size': 88, 'dropout': 0.20013491687012175, 'hidden_continuous_size': 67, 'attention_head_size': 4, 'learning_rate': 0.07202421861424804}. Best is trial 0 with value: 0.04378215968608856.
[I 2023-12-26 13:30:07,329] Trial 31 finished with value: 3.9432671070098877 and parameters: {'gradient_clip_val': 0.52630054218372, 'hidden_size': 93, 'dropout': 0.1912449779492867, 'hidden_continuous_size': 67, 'attention_head_size': 4, 'learning_rate': 0.06476867629878755}. Best is trial 0 with value: 0.04378215968608856.
[I 2023-12-26 13:30:17,673] Trial 32 finished with value: 3.2405529022216797 and parameters: {'gradient_clip_val': 0.6209307572777275, 'hidden_size': 123, 'dropout': 0.15614647330608444, 'hidden_continuous_size': 87, 'attention_head_size': 4, 'learning_rate': 0.04867726283706669}. Best is trial 0 with value: 0.04378215968608856.
[I 2023-12-26 13:30:29,103] Trial 33 finished with value: 2.895508050918579 and parameters: {'gradient_clip_val': 0.44523562143707307, 'hidden_size': 150, 'dropout': 0.13175186990972568, 'hidden_continuous_size': 106, 'attention_head_size': 4, 'learning_rate': 0.08002981780338952}. Best is trial 0 with value: 0.04378215968608856.
[I 2023-12-26 13:30:41,902] Trial 34 finished with value: 2.5933125019073486 and parameters: {'gradient_clip_val': 0.4650951208872296, 'hidden_size': 148, 'dropout': 0.18513604949268683, 'hidden_continuous_size': 107, 'attention_head_size': 3, 'learning_rate': 0.08550784151113203}. Best is trial 0 with value: 0.04378215968608856.
[I 2023-12-26 13:30:49,205] Trial 35 finished with value: 3.424814462661743 and parameters: {'gradient_clip_val': 0.49377478385216034, 'hidden_size': 82, 'dropout': 0.17537020471486878, 'hidden_continuous_size': 65, 'attention_head_size': 3, 'learning_rate': 0.06985439828029238}. Best is trial 0 with value: 0.04378215968608856.
[I 2023-12-26 13:30:54,784] Trial 36 finished with value: 3.299023389816284 and parameters: {'gradient_clip_val': 0.8923656764830428, 'hidden_size': 67, 'dropout': 0.20138511954225863, 'hidden_continuous_size': 55, 'attention_head_size': 3, 'learning_rate': 0.03962398145966025}. Best is trial 0 with value: 0.04378215968608856.
[I 2023-12-26 13:31:06,464] Trial 37 finished with value: 1.9245473146438599 and parameters: {'gradient_clip_val': 0.4019977948651066, 'hidden_size': 123, 'dropout': 0.17868592681560663, 'hidden_continuous_size': 102, 'attention_head_size': 2, 'learning_rate': 0.0950472746050299}. Best is trial 0 with value: 0.04378215968608856.
[I 2023-12-26 13:31:16,936] Trial 38 finished with value: 3.8020639419555664 and parameters: {'gradient_clip_val': 0.7116909807545243, 'hidden_size': 123, 'dropout': 0.24600660643039488, 'hidden_continuous_size': 101, 'attention_head_size': 2, 'learning_rate': 0.0914556189181551}. Best is trial 0 with value: 0.04378215968608856.
[I 2023-12-26 13:31:27,881] Trial 39 finished with value: 2.961249589920044 and parameters: {'gradient_clip_val': 0.552662216373623, 'hidden_size': 122, 'dropout': 0.18172978699623402, 'hidden_continuous_size': 100, 'attention_head_size': 2, 'learning_rate': 0.0708422948474283}. Best is trial 0 with value: 0.04378215968608856.
[I 2023-12-26 13:31:34,909] Trial 40 finished with value: 2.6170413494110107 and parameters: {'gradient_clip_val': 0.47878440690053914, 'hidden_size': 74, 'dropout': 0.2095619214482121, 'hidden_continuous_size': 63, 'attention_head_size': 1, 'learning_rate': 0.04798907748985482}. Best is trial 0 with value: 0.04378215968608856.
[I 2023-12-26 13:31:41,016] Trial 41 finished with value: 3.4126293659210205 and parameters: {'gradient_clip_val': 0.4952972815026196, 'hidden_size': 73, 'dropout': 0.2095052079686096, 'hidden_continuous_size': 62, 'attention_head_size': 1, 'learning_rate': 0.046283894816708006}. Best is trial 0 with value: 0.04378215968608856.
[I 2023-12-26 13:31:50,649] Trial 42 finished with value: 2.8991613388061523 and parameters: {'gradient_clip_val': 0.4068897770198458, 'hidden_size': 124, 'dropout': 0.17184365607717458, 'hidden_continuous_size': 108, 'attention_head_size': 1, 'learning_rate': 0.05828551227412583}. Best is trial 0 with value: 0.04378215968608856.
[I 2023-12-26 13:32:01,049] Trial 43 finished with value: 2.3061020374298096 and parameters: {'gradient_clip_val': 0.46572972271179114, 'hidden_size': 149, 'dropout': 0.20613908724536018, 'hidden_continuous_size': 134, 'attention_head_size': 1, 'learning_rate': 0.09968294247254421}. Best is trial 0 with value: 0.04378215968608856.
[I 2023-12-26 13:32:10,490] Trial 44 finished with value: 2.346686601638794 and parameters: {'gradient_clip_val': 0.3148807330334407, 'hidden_size': 137, 'dropout': 0.25821774312404067, 'hidden_continuous_size': 136, 'attention_head_size': 2, 'learning_rate': 0.0977610270453635}. Best is trial 0 with value: 0.04378215968608856.
[I 2023-12-26 13:32:19,165] Trial 45 finished with value: 1.9697166681289673 and parameters: {'gradient_clip_val': 0.2959546581914254, 'hidden_size': 127, 'dropout': 0.2804017774770493, 'hidden_continuous_size': 120, 'attention_head_size': 2, 'learning_rate': 0.09586919808797659}. Best is trial 0 with value: 0.04378215968608856.
[I 2023-12-26 13:32:27,963] Trial 46 finished with value: 1.6312264204025269 and parameters: {'gradient_clip_val': 0.317380681481745, 'hidden_size': 130, 'dropout': 0.28253299679437366, 'hidden_continuous_size': 124, 'attention_head_size': 2, 'learning_rate': 0.09906637395009545}. Best is trial 0 with value: 0.04378215968608856.
[I 2023-12-26 13:32:35,745] Trial 47 finished with value: 2.042280912399292 and parameters: {'gradient_clip_val': 0.2884726178896869, 'hidden_size': 119, 'dropout': 0.305415151621774, 'hidden_continuous_size': 96, 'attention_head_size': 2, 'learning_rate': 0.09821678378123427}. Best is trial 0 with value: 0.04378215968608856.
[I 2023-12-26 13:32:42,825] Trial 48 finished with value: 3.366543769836426 and parameters: {'gradient_clip_val': 0.2761460257604822, 'hidden_size': 108, 'dropout': 0.3000575721964262, 'hidden_continuous_size': 88, 'attention_head_size': 2, 'learning_rate': 0.05665784766172784}. Best is trial 0 with value: 0.04378215968608856.
[I 2023-12-26 13:32:51,169] Trial 49 finished with value: 2.394336223602295 and parameters: {'gradient_clip_val': 0.2337657969051897, 'hidden_size': 123, 'dropout': 0.3272522424175696, 'hidden_continuous_size': 113, 'attention_head_size': 2, 'learning_rate': 0.03278479254978741}. Best is trial 0 with value: 0.04378215968608856.
[I 2023-12-26 13:32:51,285] A new study created in memory with name: no-name-b291c5c0-9990-4e44-b2d9-b09e74887f33
/home/le004/conda/anaconda3/envs/tsff_env/lib/python3.9/site-packages/lightning/fabric/plugins/environments/slurm.py:191: The `srun` command is available on your system but is not used. HINT: If your intention is to run Lightning on SLURM, prepend your python command with `srun` like so: srun python /home/le004/master_thesis/git/TSFusionForecast/code/ ...
[I 2023-12-26 13:37:13,650] Trial 0 finished with value: 0.1527482271194458 and parameters: {'gradient_clip_val': 0.29138531563446757, 'hidden_size': 6, 'dropout': 0.2649239221716624, 'hidden_continuous_size': 5, 'attention_head_size': 2, 'learning_rate': 0.0013242246356433868}. Best is trial 0 with value: 0.1527482271194458.
[I 2023-12-26 13:44:47,200] Trial 1 finished with value: 0.02527221292257309 and parameters: {'gradient_clip_val': 0.6425613858341604, 'hidden_size': 34, 'dropout': 0.3820975697297201, 'hidden_continuous_size': 8, 'attention_head_size': 4, 'learning_rate': 0.09173899056402376}. Best is trial 1 with value: 0.02527221292257309.
[I 2023-12-26 13:46:36,201] Trial 2 finished with value: 0.17980049550533295 and parameters: {'gradient_clip_val': 0.1543417549168648, 'hidden_size': 17, 'dropout': 0.24412349923079824, 'hidden_continuous_size': 5, 'attention_head_size': 2, 'learning_rate': 0.0024868529030798964}. Best is trial 1 with value: 0.02527221292257309.
[I 2023-12-26 13:46:39,568] Trial 3 finished with value: 4.087723255157471 and parameters: {'gradient_clip_val': 0.4407613983028779, 'hidden_size': 30, 'dropout': 0.4149762554909754, 'hidden_continuous_size': 5, 'attention_head_size': 4, 'learning_rate': 0.022920462760628563}. Best is trial 1 with value: 0.02527221292257309.
[I 2023-12-26 13:46:45,378] Trial 4 finished with value: 3.3723526000976562 and parameters: {'gradient_clip_val': 0.25317017987617396, 'hidden_size': 63, 'dropout': 0.27491521612311975, 'hidden_continuous_size': 25, 'attention_head_size': 3, 'learning_rate': 0.010183743304670267}. Best is trial 1 with value: 0.02527221292257309.
[I 2023-12-26 13:46:47,582] Trial 5 finished with value: 3.253260612487793 and parameters: {'gradient_clip_val': 0.16402564459259183, 'hidden_size': 5, 'dropout': 0.2519643647984764, 'hidden_continuous_size': 5, 'attention_head_size': 2, 'learning_rate': 0.005203082200995441}. Best is trial 1 with value: 0.02527221292257309.
[I 2023-12-26 13:46:50,525] Trial 6 finished with value: 3.5144872665405273 and parameters: {'gradient_clip_val': 0.2165603572154336, 'hidden_size': 23, 'dropout': 0.2839141634610314, 'hidden_continuous_size': 6, 'attention_head_size': 4, 'learning_rate': 0.020591798544217516}. Best is trial 1 with value: 0.02527221292257309.
[I 2023-12-26 13:46:54,261] Trial 7 finished with value: 3.0146913528442383 and parameters: {'gradient_clip_val': 0.41631534544665916, 'hidden_size': 38, 'dropout': 0.3813164538662751, 'hidden_continuous_size': 16, 'attention_head_size': 2, 'learning_rate': 0.0047805876339494496}. Best is trial 1 with value: 0.02527221292257309.
[I 2023-12-26 13:46:57,010] Trial 8 finished with value: 2.9852254390716553 and parameters: {'gradient_clip_val': 0.8861963468179853, 'hidden_size': 18, 'dropout': 0.3216576309384116, 'hidden_continuous_size': 7, 'attention_head_size': 4, 'learning_rate': 0.0016133606255705878}. Best is trial 1 with value: 0.02527221292257309.
[I 2023-12-26 13:46:59,232] Trial 9 finished with value: 3.5196714401245117 and parameters: {'gradient_clip_val': 0.3432570369949001, 'hidden_size': 7, 'dropout': 0.3477594604446275, 'hidden_continuous_size': 7, 'attention_head_size': 3, 'learning_rate': 0.003625503194132791}. Best is trial 1 with value: 0.02527221292257309.
[I 2023-12-26 13:47:12,594] Trial 10 finished with value: 2.742387533187866 and parameters: {'gradient_clip_val': 0.10474797648058927, 'hidden_size': 142, 'dropout': 0.49119263119096207, 'hidden_continuous_size': 129, 'attention_head_size': 1, 'learning_rate': 0.07361792519628135}. Best is trial 1 with value: 0.02527221292257309.
[I 2023-12-26 13:47:15,044] Trial 11 finished with value: 3.156548261642456 and parameters: {'gradient_clip_val': 0.5973508246475319, 'hidden_size': 10, 'dropout': 0.15173815518955014, 'hidden_continuous_size': 6, 'attention_head_size': 1, 'learning_rate': 0.000527043597105031}. Best is trial 1 with value: 0.02527221292257309.
[I 2023-12-26 13:47:17,614] Trial 12 finished with value: 3.9234321117401123 and parameters: {'gradient_clip_val': 0.6256577427315392, 'hidden_size': 11, 'dropout': 0.18854732691767614, 'hidden_continuous_size': 6, 'attention_head_size': 3, 'learning_rate': 0.07973752200603172}. Best is trial 1 with value: 0.02527221292257309.
[I 2023-12-26 13:47:20,434] Trial 13 finished with value: 3.270226240158081 and parameters: {'gradient_clip_val': 0.9063289198956176, 'hidden_size': 10, 'dropout': 0.12476852560431365, 'hidden_continuous_size': 5, 'attention_head_size': 2, 'learning_rate': 0.0010096281445416953}. Best is trial 1 with value: 0.02527221292257309.
[I 2023-12-26 13:47:22,625] Trial 14 finished with value: 3.330159902572632 and parameters: {'gradient_clip_val': 0.2925421470776605, 'hidden_size': 5, 'dropout': 0.20231547034526293, 'hidden_continuous_size': 5, 'attention_head_size': 3, 'learning_rate': 0.0015668170751224437}. Best is trial 1 with value: 0.02527221292257309.
[I 2023-12-26 13:47:25,248] Trial 15 finished with value: 4.5679755210876465 and parameters: {'gradient_clip_val': 0.38233906392879347, 'hidden_size': 15, 'dropout': 0.331082185608609, 'hidden_continuous_size': 8, 'attention_head_size': 1, 'learning_rate': 0.013045394333534082}. Best is trial 1 with value: 0.02527221292257309.
[I 2023-12-26 13:47:28,716] Trial 16 finished with value: 4.386329174041748 and parameters: {'gradient_clip_val': 0.554145150841842, 'hidden_size': 33, 'dropout': 0.4053548350156377, 'hidden_continuous_size': 9, 'attention_head_size': 4, 'learning_rate': 0.043571390427064545}. Best is trial 1 with value: 0.02527221292257309.
[I 2023-12-26 13:47:33,597] Trial 17 finished with value: 2.6722517013549805 and parameters: {'gradient_clip_val': 0.3061353358810373, 'hidden_size': 51, 'dropout': 0.22322169764529498, 'hidden_continuous_size': 10, 'attention_head_size': 3, 'learning_rate': 0.007639815746922456}. Best is trial 1 with value: 0.02527221292257309.
[I 2023-12-26 13:47:35,997] Trial 18 finished with value: 3.5384089946746826 and parameters: {'gradient_clip_val': 0.5012496176314825, 'hidden_size': 7, 'dropout': 0.2996594813809622, 'hidden_continuous_size': 5, 'attention_head_size': 2, 'learning_rate': 0.09485775658531094}. Best is trial 1 with value: 0.02527221292257309.
[I 2023-12-26 13:47:38,834] Trial 19 finished with value: 3.5266692638397217 and parameters: {'gradient_clip_val': 0.719281317588003, 'hidden_size': 24, 'dropout': 0.3613956815760125, 'hidden_continuous_size': 8, 'attention_head_size': 1, 'learning_rate': 0.04003667117221637}. Best is trial 1 with value: 0.02527221292257309.
[I 2023-12-26 13:47:41,465] Trial 20 finished with value: 3.9420559406280518 and parameters: {'gradient_clip_val': 0.4555743985630678, 'hidden_size': 13, 'dropout': 0.2866465541140206, 'hidden_continuous_size': 6, 'attention_head_size': 4, 'learning_rate': 0.007358927488013474}. Best is trial 1 with value: 0.02527221292257309.
[I 2023-12-26 13:47:44,138] Trial 21 finished with value: 3.927126884460449 and parameters: {'gradient_clip_val': 0.1862548911684948, 'hidden_size': 18, 'dropout': 0.2396319895232155, 'hidden_continuous_size': 5, 'attention_head_size': 2, 'learning_rate': 0.0031012242214513647}. Best is trial 1 with value: 0.02527221292257309.
[I 2023-12-26 13:47:46,907] Trial 22 finished with value: 3.1660709381103516 and parameters: {'gradient_clip_val': 0.14384461448613373, 'hidden_size': 19, 'dropout': 0.23993669261857897, 'hidden_continuous_size': 6, 'attention_head_size': 2, 'learning_rate': 0.0018849320604299425}. Best is trial 1 with value: 0.02527221292257309.
[I 2023-12-26 13:47:49,545] Trial 23 finished with value: 3.02349591255188 and parameters: {'gradient_clip_val': 0.2439276410736936, 'hidden_size': 14, 'dropout': 0.18653187914353248, 'hidden_continuous_size': 5, 'attention_head_size': 2, 'learning_rate': 0.002191298270993308}. Best is trial 1 with value: 0.02527221292257309.
[I 2023-12-26 13:47:51,955] Trial 24 finished with value: 2.8180296421051025 and parameters: {'gradient_clip_val': 0.37743842305880276, 'hidden_size': 7, 'dropout': 0.3092293028743188, 'hidden_continuous_size': 5, 'attention_head_size': 3, 'learning_rate': 0.002877975607161119}. Best is trial 1 with value: 0.02527221292257309.
[I 2023-12-26 13:47:55,271] Trial 25 finished with value: 3.3343822956085205 and parameters: {'gradient_clip_val': 0.2953774576213395, 'hidden_size': 24, 'dropout': 0.25948816782698286, 'hidden_continuous_size': 7, 'attention_head_size': 2, 'learning_rate': 0.0010886361420280029}. Best is trial 1 with value: 0.02527221292257309.
[I 2023-12-26 13:47:59,115] Trial 26 finished with value: 3.856473922729492 and parameters: {'gradient_clip_val': 0.20232225339839452, 'hidden_size': 41, 'dropout': 0.22171117006458085, 'hidden_continuous_size': 10, 'attention_head_size': 1, 'learning_rate': 0.004960230563259635}. Best is trial 1 with value: 0.02527221292257309.
[I 2023-12-26 13:48:01,632] Trial 27 finished with value: 3.7609426975250244 and parameters: {'gradient_clip_val': 0.13609149981141933, 'hidden_size': 9, 'dropout': 0.27453465536566357, 'hidden_continuous_size': 5, 'attention_head_size': 3, 'learning_rate': 0.0027195640608327887}. Best is trial 1 with value: 0.02527221292257309.
[I 2023-12-26 13:48:04,194] Trial 28 finished with value: 3.8174469470977783 and parameters: {'gradient_clip_val': 0.34653004948191257, 'hidden_size': 13, 'dropout': 0.10574297507971547, 'hidden_continuous_size': 6, 'attention_head_size': 2, 'learning_rate': 0.0011481565708102688}. Best is trial 1 with value: 0.02527221292257309.
[I 2023-12-26 13:48:07,778] Trial 29 finished with value: 3.7300589084625244 and parameters: {'gradient_clip_val': 0.4626363258183492, 'hidden_size': 33, 'dropout': 0.43732379903870144, 'hidden_continuous_size': 7, 'attention_head_size': 3, 'learning_rate': 0.01721515191112722}. Best is trial 1 with value: 0.02527221292257309.
[I 2023-12-26 13:48:10,875] Trial 30 finished with value: 2.8790719509124756 and parameters: {'gradient_clip_val': 0.2529369020225616, 'hidden_size': 27, 'dropout': 0.32678927197174945, 'hidden_continuous_size': 8, 'attention_head_size': 2, 'learning_rate': 0.03262072408722664}. Best is trial 1 with value: 0.02527221292257309.
[I 2023-12-26 13:48:16,332] Trial 31 finished with value: 3.6764109134674072 and parameters: {'gradient_clip_val': 0.30270739253108775, 'hidden_size': 60, 'dropout': 0.21530859832036653, 'hidden_continuous_size': 11, 'attention_head_size': 4, 'learning_rate': 0.009749178483456382}. Best is trial 1 with value: 0.02527221292257309.
[I 2023-12-26 13:48:20,730] Trial 32 finished with value: 4.589538097381592 and parameters: {'gradient_clip_val': 0.2728914480086646, 'hidden_size': 45, 'dropout': 0.2611201128466861, 'hidden_continuous_size': 12, 'attention_head_size': 4, 'learning_rate': 0.027186192694299127}. Best is trial 1 with value: 0.02527221292257309.
[I 2023-12-26 13:48:25,175] Trial 33 finished with value: 3.8486764430999756 and parameters: {'gradient_clip_val': 0.22837892718363978, 'hidden_size': 47, 'dropout': 0.2407980765715706, 'hidden_continuous_size': 10, 'attention_head_size': 3, 'learning_rate': 0.009714416914874038}. Best is trial 1 with value: 0.02527221292257309.
[I 2023-12-26 13:48:30,188] Trial 34 finished with value: 3.1769981384277344 and parameters: {'gradient_clip_val': 0.3302859722492576, 'hidden_size': 55, 'dropout': 0.2750279422241436, 'hidden_continuous_size': 13, 'attention_head_size': 3, 'learning_rate': 0.006477631944390682}. Best is trial 1 with value: 0.02527221292257309.
[I 2023-12-26 13:48:33,467] Trial 35 finished with value: 3.8716704845428467 and parameters: {'gradient_clip_val': 0.19377506215143844, 'hidden_size': 32, 'dropout': 0.2982634048438558, 'hidden_continuous_size': 9, 'attention_head_size': 4, 'learning_rate': 0.02018644917373298}. Best is trial 1 with value: 0.02527221292257309.
