[I 2023-12-26 17:51:55,948] Trial 6 finished with value: 35.84535217285156 and parameters: {'gradient_clip_val': 0.1802024565437746, 'hidden_size': 42, 'dropout': 0.25662239572247436, 'hidden_continuous_size': 13, 'attention_head_size': 1, 'learning_rate': 0.0006310451645206305}. Best is trial 0 with value: 18.162158966064453.
[I 2023-12-26 17:51:58,117] Trial 7 finished with value: 37.95975875854492 and parameters: {'gradient_clip_val': 0.3228497231485968, 'hidden_size': 21, 'dropout': 0.2536420331404468, 'hidden_continuous_size': 11, 'attention_head_size': 4, 'learning_rate': 0.011293541060812574}. Best is trial 0 with value: 18.162158966064453.
[I 2023-12-26 17:52:00,648] Trial 8 finished with value: 41.26887512207031 and parameters: {'gradient_clip_val': 0.1437467170226835, 'hidden_size': 31, 'dropout': 0.3262105965392943, 'hidden_continuous_size': 26, 'attention_head_size': 3, 'learning_rate': 0.0018758027409363537}. Best is trial 0 with value: 18.162158966064453.
[I 2023-12-26 17:52:02,572] Trial 9 finished with value: 45.53388595581055 and parameters: {'gradient_clip_val': 0.28257947124886457, 'hidden_size': 11, 'dropout': 0.12134264758038632, 'hidden_continuous_size': 10, 'attention_head_size': 1, 'learning_rate': 0.047197200897029085}. Best is trial 0 with value: 18.162158966064453.
[I 2023-12-26 17:52:05,674] Trial 10 finished with value: 36.942020416259766 and parameters: {'gradient_clip_val': 0.10500325089951323, 'hidden_size': 55, 'dropout': 0.46834496328018815, 'hidden_continuous_size': 20, 'attention_head_size': 2, 'learning_rate': 0.0971128052635216}. Best is trial 0 with value: 18.162158966064453.
[I 2023-12-26 17:52:08,197] Trial 11 finished with value: 45.3087158203125 and parameters: {'gradient_clip_val': 0.2027345923149516, 'hidden_size': 37, 'dropout': 0.35428203742096576, 'hidden_continuous_size': 16, 'attention_head_size': 2, 'learning_rate': 0.005010045916310031}. Best is trial 0 with value: 18.162158966064453.
[I 2023-12-26 17:52:11,305] Trial 12 finished with value: 47.39768600463867 and parameters: {'gradient_clip_val': 0.18981074075721316, 'hidden_size': 53, 'dropout': 0.17360324227442686, 'hidden_continuous_size': 43, 'attention_head_size': 1, 'learning_rate': 0.0006429982199241573}. Best is trial 0 with value: 18.162158966064453.
[I 2023-12-26 17:52:13,382] Trial 13 finished with value: 43.98893737792969 and parameters: {'gradient_clip_val': 0.18687801145580316, 'hidden_size': 20, 'dropout': 0.25022006482774484, 'hidden_continuous_size': 12, 'attention_head_size': 1, 'learning_rate': 0.005608559658566165}. Best is trial 0 with value: 18.162158966064453.
[I 2023-12-26 17:52:15,561] Trial 14 finished with value: 41.50202560424805 and parameters: {'gradient_clip_val': 0.1043508599357917, 'hidden_size': 22, 'dropout': 0.2569964906178794, 'hidden_continuous_size': 14, 'attention_head_size': 2, 'learning_rate': 0.001325028198748317}. Best is trial 0 with value: 18.162158966064453.
[I 2023-12-26 17:52:24,694] Trial 15 finished with value: 38.01101303100586 and parameters: {'gradient_clip_val': 0.22504003315087917, 'hidden_size': 149, 'dropout': 0.3838835584989999, 'hidden_continuous_size': 83, 'attention_head_size': 1, 'learning_rate': 0.003582663420348576}. Best is trial 0 with value: 18.162158966064453.
[I 2023-12-26 17:52:27,595] Trial 16 finished with value: 44.79203796386719 and parameters: {'gradient_clip_val': 0.15377568140188977, 'hidden_size': 47, 'dropout': 0.1386047336117529, 'hidden_continuous_size': 18, 'attention_head_size': 3, 'learning_rate': 0.0005083010529005704}. Best is trial 0 with value: 18.162158966064453.
[I 2023-12-26 17:52:29,664] Trial 17 finished with value: 42.98356246948242 and parameters: {'gradient_clip_val': 0.14342205230627694, 'hidden_size': 16, 'dropout': 0.18993560360195233, 'hidden_continuous_size': 7, 'attention_head_size': 2, 'learning_rate': 0.008103460501961129}. Best is trial 0 with value: 18.162158966064453.
[I 2023-12-26 17:52:32,013] Trial 18 finished with value: 41.50167465209961 and parameters: {'gradient_clip_val': 0.23141529577212053, 'hidden_size': 30, 'dropout': 0.10706671213035002, 'hidden_continuous_size': 5, 'attention_head_size': 1, 'learning_rate': 0.0012069563481038722}. Best is trial 0 with value: 18.162158966064453.
[I 2023-12-26 17:52:34,589] Trial 19 finished with value: 37.57021713256836 and parameters: {'gradient_clip_val': 0.3798160016325299, 'hidden_size': 39, 'dropout': 0.2780920969130736, 'hidden_continuous_size': 12, 'attention_head_size': 2, 'learning_rate': 0.0028595525049043306}. Best is trial 0 with value: 18.162158966064453.
[I 2023-12-26 17:52:36,903] Trial 20 finished with value: 42.655357360839844 and parameters: {'gradient_clip_val': 0.2563497348435056, 'hidden_size': 27, 'dropout': 0.33326934438620803, 'hidden_continuous_size': 13, 'attention_head_size': 1, 'learning_rate': 0.00900002237942241}. Best is trial 0 with value: 18.162158966064453.
[I 2023-12-26 17:52:40,070] Trial 21 finished with value: 33.69626235961914 and parameters: {'gradient_clip_val': 0.10317694450328685, 'hidden_size': 58, 'dropout': 0.47783318594607926, 'hidden_continuous_size': 19, 'attention_head_size': 2, 'learning_rate': 0.09708522275983009}. Best is trial 0 with value: 18.162158966064453.
[I 2023-12-26 17:52:43,519] Trial 22 finished with value: 44.52713394165039 and parameters: {'gradient_clip_val': 0.1232674981026137, 'hidden_size': 65, 'dropout': 0.47228178836827883, 'hidden_continuous_size': 21, 'attention_head_size': 2, 'learning_rate': 0.08647741807692827}. Best is trial 0 with value: 18.162158966064453.
[I 2023-12-26 17:52:47,103] Trial 23 finished with value: 36.10309982299805 and parameters: {'gradient_clip_val': 0.16154476199850057, 'hidden_size': 69, 'dropout': 0.4279046222898318, 'hidden_continuous_size': 22, 'attention_head_size': 1, 'learning_rate': 0.027700893902422873}. Best is trial 0 with value: 18.162158966064453.
[I 2023-12-26 17:52:49,689] Trial 24 finished with value: 38.13400650024414 and parameters: {'gradient_clip_val': 0.1236039328307233, 'hidden_size': 38, 'dropout': 0.4872375443321537, 'hidden_continuous_size': 15, 'attention_head_size': 3, 'learning_rate': 0.05516196859210993}. Best is trial 0 with value: 18.162158966064453.
[I 2023-12-26 17:52:52,528] Trial 25 finished with value: 42.00521469116211 and parameters: {'gradient_clip_val': 0.18827522635778374, 'hidden_size': 47, 'dropout': 0.3575726219015905, 'hidden_continuous_size': 16, 'attention_head_size': 2, 'learning_rate': 0.03370406817255696}. Best is trial 0 with value: 18.162158966064453.
[I 2023-12-26 17:52:54,803] Trial 26 finished with value: 46.579437255859375 and parameters: {'gradient_clip_val': 0.23568322069640807, 'hidden_size': 32, 'dropout': 0.3202732753895632, 'hidden_continuous_size': 14, 'attention_head_size': 1, 'learning_rate': 0.06879732900101243}. Best is trial 0 with value: 18.162158966064453.
[I 2023-12-26 17:52:58,700] Trial 27 finished with value: 33.107295989990234 and parameters: {'gradient_clip_val': 0.16339495516575914, 'hidden_size': 74, 'dropout': 0.22596668020482608, 'hidden_continuous_size': 27, 'attention_head_size': 1, 'learning_rate': 0.09732057209895269}. Best is trial 0 with value: 18.162158966064453.
[I 2023-12-26 17:53:02,913] Trial 28 finished with value: 45.90981674194336 and parameters: {'gradient_clip_val': 0.10093469581905608, 'hidden_size': 74, 'dropout': 0.437308008504794, 'hidden_continuous_size': 27, 'attention_head_size': 2, 'learning_rate': 0.07120832151436277}. Best is trial 0 with value: 18.162158966064453.
[I 2023-12-26 17:53:07,623] Trial 29 finished with value: 34.3730583190918 and parameters: {'gradient_clip_val': 0.12325781214254697, 'hidden_size': 88, 'dropout': 0.2889009699810875, 'hidden_continuous_size': 33, 'attention_head_size': 1, 'learning_rate': 0.09084355235342714}. Best is trial 0 with value: 18.162158966064453.
[I 2023-12-26 17:53:14,752] Trial 30 finished with value: 31.93433380126953 and parameters: {'gradient_clip_val': 0.16965930078806285, 'hidden_size': 124, 'dropout': 0.49433222642696806, 'hidden_continuous_size': 41, 'attention_head_size': 3, 'learning_rate': 0.02293636443162974}. Best is trial 0 with value: 18.162158966064453.
[I 2023-12-26 17:53:22,014] Trial 31 finished with value: 49.431732177734375 and parameters: {'gradient_clip_val': 0.16010428648081354, 'hidden_size': 124, 'dropout': 0.4958137453839565, 'hidden_continuous_size': 44, 'attention_head_size': 3, 'learning_rate': 0.034065002066530875}. Best is trial 0 with value: 18.162158966064453.
[I 2023-12-26 17:53:28,226] Trial 32 finished with value: 40.91078567504883 and parameters: {'gradient_clip_val': 0.21315096998980204, 'hidden_size': 109, 'dropout': 0.44454614167836487, 'hidden_continuous_size': 27, 'attention_head_size': 4, 'learning_rate': 0.05599625460218335}. Best is trial 0 with value: 18.162158966064453.
[I 2023-12-26 17:53:32,734] Trial 33 finished with value: 31.69141960144043 and parameters: {'gradient_clip_val': 0.2753123889492104, 'hidden_size': 84, 'dropout': 0.22335668408497825, 'hidden_continuous_size': 33, 'attention_head_size': 3, 'learning_rate': 0.022987610326986575}. Best is trial 0 with value: 18.162158966064453.
[I 2023-12-26 17:53:37,592] Trial 34 finished with value: 43.88234329223633 and parameters: {'gradient_clip_val': 0.2838544095610918, 'hidden_size': 87, 'dropout': 0.2216572658889336, 'hidden_continuous_size': 36, 'attention_head_size': 3, 'learning_rate': 0.02126557780477579}. Best is trial 0 with value: 18.162158966064453.
[I 2023-12-26 17:53:44,450] Trial 35 finished with value: 52.72987747192383 and parameters: {'gradient_clip_val': 0.25719089002400514, 'hidden_size': 117, 'dropout': 0.22175480362973854, 'hidden_continuous_size': 46, 'attention_head_size': 4, 'learning_rate': 0.01807437871448274}. Best is trial 0 with value: 18.162158966064453.
[I 2023-12-26 17:53:48,575] Trial 36 finished with value: 47.11879348754883 and parameters: {'gradient_clip_val': 0.33158988145961243, 'hidden_size': 80, 'dropout': 0.3041512438941052, 'hidden_continuous_size': 34, 'attention_head_size': 3, 'learning_rate': 0.0428272974728364}. Best is trial 0 with value: 18.162158966064453.
[I 2023-12-26 17:53:54,414] Trial 37 finished with value: 38.760498046875 and parameters: {'gradient_clip_val': 0.4904034163413207, 'hidden_size': 99, 'dropout': 0.27790677275467124, 'hidden_continuous_size': 59, 'attention_head_size': 3, 'learning_rate': 0.014188711289759038}. Best is trial 0 with value: 18.162158966064453.
[I 2023-12-26 17:54:02,607] Trial 38 finished with value: 47.203617095947266 and parameters: {'gradient_clip_val': 0.20791041167025137, 'hidden_size': 141, 'dropout': 0.2341241574197005, 'hidden_continuous_size': 30, 'attention_head_size': 4, 'learning_rate': 0.025140990696050344}. Best is trial 0 with value: 18.162158966064453.
[I 2023-12-26 17:54:08,176] Trial 39 finished with value: 32.676361083984375 and parameters: {'gradient_clip_val': 0.17290508190428794, 'hidden_size': 101, 'dropout': 0.18756569349587338, 'hidden_continuous_size': 24, 'attention_head_size': 3, 'learning_rate': 0.03866968479128861}. Best is trial 0 with value: 18.162158966064453.
[I 2023-12-26 17:54:13,866] Trial 40 finished with value: 47.46921920776367 and parameters: {'gradient_clip_val': 0.2473060361690894, 'hidden_size': 97, 'dropout': 0.19708115689459538, 'hidden_continuous_size': 23, 'attention_head_size': 3, 'learning_rate': 0.013908566344696189}. Best is trial 0 with value: 18.162158966064453.
[I 2023-12-26 17:54:20,829] Trial 41 finished with value: 36.403255462646484 and parameters: {'gradient_clip_val': 0.1808046048652301, 'hidden_size': 122, 'dropout': 0.2027948866267106, 'hidden_continuous_size': 26, 'attention_head_size': 3, 'learning_rate': 0.037162909076007895}. Best is trial 0 with value: 18.162158966064453.
[I 2023-12-26 17:54:24,510] Trial 42 finished with value: 40.72715377807617 and parameters: {'gradient_clip_val': 0.1685422459777093, 'hidden_size': 70, 'dropout': 0.15972928726274502, 'hidden_continuous_size': 24, 'attention_head_size': 3, 'learning_rate': 0.06194566216150779}. Best is trial 0 with value: 18.162158966064453.
[I 2023-12-26 17:54:28,989] Trial 43 finished with value: 41.42300033569336 and parameters: {'gradient_clip_val': 0.21220271476614633, 'hidden_size': 84, 'dropout': 0.22990945143818828, 'hidden_continuous_size': 32, 'attention_head_size': 3, 'learning_rate': 0.042728172051418066}. Best is trial 0 with value: 18.162158966064453.
[I 2023-12-26 17:54:35,031] Trial 44 finished with value: 39.70675277709961 and parameters: {'gradient_clip_val': 0.2936465885138051, 'hidden_size': 105, 'dropout': 0.20961634306536087, 'hidden_continuous_size': 41, 'attention_head_size': 4, 'learning_rate': 0.028783122358047843}. Best is trial 0 with value: 18.162158966064453.
[I 2023-12-26 17:54:42,922] Trial 45 finished with value: 41.83612060546875 and parameters: {'gradient_clip_val': 0.19725441008124778, 'hidden_size': 135, 'dropout': 0.18179401689521016, 'hidden_continuous_size': 29, 'attention_head_size': 3, 'learning_rate': 0.050837098904376314}. Best is trial 0 with value: 18.162158966064453.
[I 2023-12-26 17:54:46,237] Trial 46 finished with value: 46.22780227661133 and parameters: {'gradient_clip_val': 0.1401214302020486, 'hidden_size': 64, 'dropout': 0.2618778685783647, 'hidden_continuous_size': 18, 'attention_head_size': 3, 'learning_rate': 0.0635703654572429}. Best is trial 0 with value: 18.162158966064453.
[I 2023-12-26 17:54:51,984] Trial 47 finished with value: 34.74769973754883 and parameters: {'gradient_clip_val': 0.16958813250567295, 'hidden_size': 103, 'dropout': 0.2436019899372523, 'hidden_continuous_size': 24, 'attention_head_size': 3, 'learning_rate': 0.019641653720413293}. Best is trial 0 with value: 18.162158966064453.
[I 2023-12-26 17:54:56,278] Trial 48 finished with value: 49.9483528137207 and parameters: {'gradient_clip_val': 0.267053558431637, 'hidden_size': 79, 'dropout': 0.21228066625632536, 'hidden_continuous_size': 38, 'attention_head_size': 4, 'learning_rate': 0.07597388655110444}. Best is trial 0 with value: 18.162158966064453.
[I 2023-12-26 17:54:59,395] Trial 49 finished with value: 39.78189468383789 and parameters: {'gradient_clip_val': 0.23221163079197973, 'hidden_size': 57, 'dropout': 0.16664622430687806, 'hidden_continuous_size': 20, 'attention_head_size': 2, 'learning_rate': 0.046987665861875576}. Best is trial 0 with value: 18.162158966064453.
[I 2023-12-26 17:54:59,506] A new study created in memory with name: no-name-99614f01-1072-479d-bfb6-734e5c89ac66
/home/le004/conda/anaconda3/envs/tsff_env/lib/python3.9/site-packages/lightning/fabric/plugins/environments/slurm.py:191: The `srun` command is available on your system but is not used. HINT: If your intention is to run Lightning on SLURM, prepend your python command with `srun` like so: srun python /home/le004/master_thesis/git/TSFusionForecast/code/ ...
[I 2023-12-26 17:57:25,328] Trial 0 finished with value: 3.4005889892578125 and parameters: {'gradient_clip_val': 0.1097407126879213, 'hidden_size': 8, 'dropout': 0.16025633941722106, 'hidden_continuous_size': 5, 'attention_head_size': 1, 'learning_rate': 0.016021044902122736}. Best is trial 0 with value: 3.4005889892578125.
[I 2023-12-26 17:57:28,748] Trial 1 finished with value: 17.43023109436035 and parameters: {'gradient_clip_val': 0.1111200487218788, 'hidden_size': 62, 'dropout': 0.21597793759363154, 'hidden_continuous_size': 35, 'attention_head_size': 3, 'learning_rate': 0.035611959761650026}. Best is trial 0 with value: 3.4005889892578125.
[I 2023-12-26 17:57:30,456] Trial 2 finished with value: 25.307876586914062 and parameters: {'gradient_clip_val': 0.2754645414001709, 'hidden_size': 5, 'dropout': 0.2712761886215418, 'hidden_continuous_size': 5, 'attention_head_size': 4, 'learning_rate': 0.004230028366466817}. Best is trial 0 with value: 3.4005889892578125.
[I 2023-12-26 17:57:32,920] Trial 3 finished with value: 32.28211975097656 and parameters: {'gradient_clip_val': 0.14529493687827716, 'hidden_size': 37, 'dropout': 0.3220654473583125, 'hidden_continuous_size': 5, 'attention_head_size': 3, 'learning_rate': 0.0034789969737128576}. Best is trial 0 with value: 3.4005889892578125.
[I 2023-12-26 17:57:34,852] Trial 4 finished with value: 22.99464988708496 and parameters: {'gradient_clip_val': 0.13723751176429455, 'hidden_size': 12, 'dropout': 0.44508713064720173, 'hidden_continuous_size': 8, 'attention_head_size': 3, 'learning_rate': 0.005221881691965328}. Best is trial 0 with value: 3.4005889892578125.
[I 2023-12-26 17:57:37,222] Trial 5 finished with value: 32.058475494384766 and parameters: {'gradient_clip_val': 0.577082186907874, 'hidden_size': 30, 'dropout': 0.20420798856805003, 'hidden_continuous_size': 16, 'attention_head_size': 1, 'learning_rate': 0.0010073786452326754}. Best is trial 0 with value: 3.4005889892578125.
[I 2023-12-26 17:57:39,722] Trial 6 finished with value: 39.10329055786133 and parameters: {'gradient_clip_val': 0.10515397857059114, 'hidden_size': 40, 'dropout': 0.4235708612309057, 'hidden_continuous_size': 24, 'attention_head_size': 2, 'learning_rate': 0.006372332788504464}. Best is trial 0 with value: 3.4005889892578125.
[I 2023-12-26 17:57:41,789] Trial 7 finished with value: 17.493635177612305 and parameters: {'gradient_clip_val': 0.6929975345333592, 'hidden_size': 16, 'dropout': 0.33748598058095947, 'hidden_continuous_size': 9, 'attention_head_size': 3, 'learning_rate': 0.004528640571592553}. Best is trial 0 with value: 3.4005889892578125.
[I 2023-12-26 17:57:43,785] Trial 8 finished with value: 20.469478607177734 and parameters: {'gradient_clip_val': 0.4081351801893106, 'hidden_size': 17, 'dropout': 0.23515495329274808, 'hidden_continuous_size': 14, 'attention_head_size': 1, 'learning_rate': 0.005742350009737126}. Best is trial 0 with value: 3.4005889892578125.
[I 2023-12-26 17:57:45,685] Trial 9 finished with value: 22.599929809570312 and parameters: {'gradient_clip_val': 0.10285604012389309, 'hidden_size': 11, 'dropout': 0.3290592874722764, 'hidden_continuous_size': 10, 'attention_head_size': 1, 'learning_rate': 0.0005178977662328874}. Best is trial 0 with value: 3.4005889892578125.
[I 2023-12-26 17:57:54,190] Trial 10 finished with value: 20.660938262939453 and parameters: {'gradient_clip_val': 0.9862428838179229, 'hidden_size': 144, 'dropout': 0.10362013920371121, 'hidden_continuous_size': 74, 'attention_head_size': 2, 'learning_rate': 0.03538830631710573}. Best is trial 0 with value: 3.4005889892578125.
[I 2023-12-26 17:57:57,887] Trial 11 finished with value: 20.567689895629883 and parameters: {'gradient_clip_val': 0.1951495564358277, 'hidden_size': 69, 'dropout': 0.16426910046468923, 'hidden_continuous_size': 32, 'attention_head_size': 4, 'learning_rate': 0.03517132297291215}. Best is trial 0 with value: 3.4005889892578125.
[I 2023-12-26 17:57:59,599] Trial 12 finished with value: 28.963119506835938 and parameters: {'gradient_clip_val': 0.19907316158908073, 'hidden_size': 5, 'dropout': 0.1554284337000249, 'hidden_continuous_size': 5, 'attention_head_size': 2, 'learning_rate': 0.07584199166206548}. Best is trial 0 with value: 3.4005889892578125.
[I 2023-12-26 17:58:02,972] Trial 13 finished with value: 24.04100799560547 and parameters: {'gradient_clip_val': 0.10108949141798887, 'hidden_size': 65, 'dropout': 0.2133283135927462, 'hidden_continuous_size': 32, 'attention_head_size': 3, 'learning_rate': 0.01918761505628738}. Best is trial 0 with value: 3.4005889892578125.
[I 2023-12-26 17:58:05,059] Trial 14 finished with value: 28.328401565551758 and parameters: {'gradient_clip_val': 0.15844613383720685, 'hidden_size': 20, 'dropout': 0.1220750646289364, 'hidden_continuous_size': 6, 'attention_head_size': 2, 'learning_rate': 0.01406684671666098}. Best is trial 0 with value: 3.4005889892578125.
[I 2023-12-26 17:58:06,891] Trial 15 finished with value: 20.83258056640625 and parameters: {'gradient_clip_val': 0.2610266740965002, 'hidden_size': 8, 'dropout': 0.17033447258893364, 'hidden_continuous_size': 5, 'attention_head_size': 4, 'learning_rate': 0.09503841819525569}. Best is trial 0 with value: 3.4005889892578125.
[I 2023-12-26 17:58:08,650] Trial 16 finished with value: 21.517539978027344 and parameters: {'gradient_clip_val': 0.20702717747262148, 'hidden_size': 8, 'dropout': 0.2682423551524986, 'hidden_continuous_size': 5, 'attention_head_size': 1, 'learning_rate': 0.013863411635783047}. Best is trial 0 with value: 3.4005889892578125.
[I 2023-12-26 17:58:10,780] Trial 17 finished with value: 26.741609573364258 and parameters: {'gradient_clip_val': 0.14041541813479014, 'hidden_size': 21, 'dropout': 0.19298859965292214, 'hidden_continuous_size': 7, 'attention_head_size': 2, 'learning_rate': 0.044770588067838665}. Best is trial 0 with value: 3.4005889892578125.
[I 2023-12-26 17:58:13,068] Trial 18 finished with value: 22.115066528320312 and parameters: {'gradient_clip_val': 0.12468685330182226, 'hidden_size': 26, 'dropout': 0.1377799025330267, 'hidden_continuous_size': 7, 'attention_head_size': 3, 'learning_rate': 0.0218160682597398}. Best is trial 0 with value: 3.4005889892578125.
[I 2023-12-26 17:58:16,083] Trial 19 finished with value: 16.840898513793945 and parameters: {'gradient_clip_val': 0.1664578417591094, 'hidden_size': 46, 'dropout': 0.23330974879982136, 'hidden_continuous_size': 11, 'attention_head_size': 4, 'learning_rate': 0.011482584082866216}. Best is trial 0 with value: 3.4005889892578125.
[I 2023-12-26 17:58:18,130] Trial 20 finished with value: 26.297353744506836 and parameters: {'gradient_clip_val': 0.16789746789007776, 'hidden_size': 13, 'dropout': 0.11909213326449786, 'hidden_continuous_size': 6, 'attention_head_size': 4, 'learning_rate': 0.009058460779892745}. Best is trial 0 with value: 3.4005889892578125.
