[I 2023-12-26 17:29:37,703] Trial 12 finished with value: 161.93675231933594 and parameters: {'gradient_clip_val': 0.6153158231392027, 'hidden_size': 20, 'dropout': 0.31671995019813326, 'hidden_continuous_size': 9, 'attention_head_size': 1, 'learning_rate': 0.005448475874543632}. Best is trial 0 with value: 60.45389175415039.
[I 2023-12-26 17:29:39,740] Trial 13 finished with value: 182.0051727294922 and parameters: {'gradient_clip_val': 0.8646218982167484, 'hidden_size': 10, 'dropout': 0.29297219642359723, 'hidden_continuous_size': 6, 'attention_head_size': 3, 'learning_rate': 0.03398551250884624}. Best is trial 0 with value: 60.45389175415039.
[I 2023-12-26 17:29:42,478] Trial 14 finished with value: 104.74905395507812 and parameters: {'gradient_clip_val': 0.5497873325674415, 'hidden_size': 29, 'dropout': 0.3731695261049047, 'hidden_continuous_size': 10, 'attention_head_size': 2, 'learning_rate': 0.0024452978565181346}. Best is trial 0 with value: 60.45389175415039.
[I 2023-12-26 17:29:44,435] Trial 15 finished with value: 157.28555297851562 and parameters: {'gradient_clip_val': 0.9602960689616373, 'hidden_size': 8, 'dropout': 0.17478515409611614, 'hidden_continuous_size': 5, 'attention_head_size': 4, 'learning_rate': 0.039609828030459905}. Best is trial 0 with value: 60.45389175415039.
[I 2023-12-26 17:29:46,468] Trial 16 finished with value: 130.86410522460938 and parameters: {'gradient_clip_val': 0.731316192383137, 'hidden_size': 17, 'dropout': 0.25762270011872956, 'hidden_continuous_size': 6, 'attention_head_size': 1, 'learning_rate': 0.008634605460696259}. Best is trial 0 with value: 60.45389175415039.
[I 2023-12-26 17:29:48,406] Trial 17 finished with value: 155.5738983154297 and parameters: {'gradient_clip_val': 0.5047534094883247, 'hidden_size': 7, 'dropout': 0.19378890805101734, 'hidden_continuous_size': 5, 'attention_head_size': 2, 'learning_rate': 0.019362587537477032}. Best is trial 0 with value: 60.45389175415039.
[I 2023-12-26 17:29:50,898] Trial 18 finished with value: 96.46259307861328 and parameters: {'gradient_clip_val': 0.7524328344366096, 'hidden_size': 17, 'dropout': 0.277456223017575, 'hidden_continuous_size': 8, 'attention_head_size': 3, 'learning_rate': 0.007014952877443713}. Best is trial 0 with value: 60.45389175415039.
[I 2023-12-26 17:29:53,337] Trial 19 finished with value: 119.1805191040039 and parameters: {'gradient_clip_val': 0.533723066033283, 'hidden_size': 8, 'dropout': 0.3397171447402004, 'hidden_continuous_size': 6, 'attention_head_size': 4, 'learning_rate': 0.00327705220042317}. Best is trial 0 with value: 60.45389175415039.
[I 2023-12-26 17:29:56,319] Trial 20 finished with value: 128.3880615234375 and parameters: {'gradient_clip_val': 0.41216538036794137, 'hidden_size': 25, 'dropout': 0.23736239911085394, 'hidden_continuous_size': 12, 'attention_head_size': 1, 'learning_rate': 0.0017169893658702468}. Best is trial 0 with value: 60.45389175415039.
[I 2023-12-26 17:29:59,093] Trial 21 finished with value: 110.7734375 and parameters: {'gradient_clip_val': 0.7482824703316212, 'hidden_size': 15, 'dropout': 0.27812834618353355, 'hidden_continuous_size': 8, 'attention_head_size': 3, 'learning_rate': 0.005034326316362822}. Best is trial 0 with value: 60.45389175415039.
[I 2023-12-26 17:30:01,425] Trial 22 finished with value: 129.1826629638672 and parameters: {'gradient_clip_val': 0.8082376184995458, 'hidden_size': 23, 'dropout': 0.3016955770323028, 'hidden_continuous_size': 9, 'attention_head_size': 3, 'learning_rate': 0.007877374302923904}. Best is trial 0 with value: 60.45389175415039.
[I 2023-12-26 17:30:03,606] Trial 23 finished with value: 145.3885498046875 and parameters: {'gradient_clip_val': 0.6418863440003929, 'hidden_size': 15, 'dropout': 0.25786594166406274, 'hidden_continuous_size': 7, 'attention_head_size': 3, 'learning_rate': 0.008547570055368886}. Best is trial 0 with value: 60.45389175415039.
[I 2023-12-26 17:30:05,701] Trial 24 finished with value: 155.31141662597656 and parameters: {'gradient_clip_val': 0.9849168131204094, 'hidden_size': 10, 'dropout': 0.3434504264731771, 'hidden_continuous_size': 6, 'attention_head_size': 2, 'learning_rate': 0.013417126604986429}. Best is trial 0 with value: 60.45389175415039.
[I 2023-12-26 17:30:07,866] Trial 25 finished with value: 114.8160400390625 and parameters: {'gradient_clip_val': 0.64894912505693, 'hidden_size': 19, 'dropout': 0.29023587953603963, 'hidden_continuous_size': 8, 'attention_head_size': 3, 'learning_rate': 0.006502484341517511}. Best is trial 0 with value: 60.45389175415039.
[I 2023-12-26 17:30:11,223] Trial 26 finished with value: 112.73324584960938 and parameters: {'gradient_clip_val': 0.7984529878887029, 'hidden_size': 37, 'dropout': 0.2384911784402094, 'hidden_continuous_size': 14, 'attention_head_size': 4, 'learning_rate': 0.03974159587008388}. Best is trial 0 with value: 60.45389175415039.
[I 2023-12-26 17:30:13,332] Trial 27 finished with value: 165.25262451171875 and parameters: {'gradient_clip_val': 0.5624666478004829, 'hidden_size': 15, 'dropout': 0.17432874262475748, 'hidden_continuous_size': 7, 'attention_head_size': 2, 'learning_rate': 0.05767729398061304}. Best is trial 0 with value: 60.45389175415039.
[I 2023-12-26 17:30:15,572] Trial 28 finished with value: 206.18170166015625 and parameters: {'gradient_clip_val': 0.8480443180248727, 'hidden_size': 24, 'dropout': 0.30357424005684064, 'hidden_continuous_size': 11, 'attention_head_size': 3, 'learning_rate': 0.09363343985064768}. Best is trial 0 with value: 60.45389175415039.
[I 2023-12-26 17:30:17,679] Trial 29 finished with value: 133.74813842773438 and parameters: {'gradient_clip_val': 0.4613491203254189, 'hidden_size': 13, 'dropout': 0.22049755909264113, 'hidden_continuous_size': 9, 'attention_head_size': 2, 'learning_rate': 0.02247045328048128}. Best is trial 0 with value: 60.45389175415039.
[I 2023-12-26 17:30:19,841] Trial 30 finished with value: 99.20303344726562 and parameters: {'gradient_clip_val': 0.4797888267307047, 'hidden_size': 20, 'dropout': 0.3552437344252388, 'hidden_continuous_size': 8, 'attention_head_size': 3, 'learning_rate': 0.028534757927639487}. Best is trial 0 with value: 60.45389175415039.
[I 2023-12-26 17:30:24,513] Trial 31 finished with value: 134.4407958984375 and parameters: {'gradient_clip_val': 0.4265250408911403, 'hidden_size': 77, 'dropout': 0.3953353290041236, 'hidden_continuous_size': 22, 'attention_head_size': 3, 'learning_rate': 0.05269512535510278}. Best is trial 0 with value: 60.45389175415039.
[I 2023-12-26 17:30:27,257] Trial 32 finished with value: 133.8633575439453 and parameters: {'gradient_clip_val': 0.6950055155742134, 'hidden_size': 36, 'dropout': 0.4127521082700158, 'hidden_continuous_size': 15, 'attention_head_size': 3, 'learning_rate': 0.019513806712254902}. Best is trial 0 with value: 60.45389175415039.
[I 2023-12-26 17:30:32,569] Trial 33 finished with value: 131.3268280029297 and parameters: {'gradient_clip_val': 0.5976471712523184, 'hidden_size': 87, 'dropout': 0.3293712622407703, 'hidden_continuous_size': 21, 'attention_head_size': 3, 'learning_rate': 0.0109676709472474}. Best is trial 0 with value: 60.45389175415039.
[I 2023-12-26 17:30:41,942] Trial 34 finished with value: 120.81137084960938 and parameters: {'gradient_clip_val': 0.6808957888577906, 'hidden_size': 139, 'dropout': 0.4083006439454723, 'hidden_continuous_size': 79, 'attention_head_size': 2, 'learning_rate': 0.025926248768424105}. Best is trial 0 with value: 60.45389175415039.
[I 2023-12-26 17:30:44,101] Trial 35 finished with value: 104.60320281982422 and parameters: {'gradient_clip_val': 0.35869002582401305, 'hidden_size': 17, 'dropout': 0.4376490475585758, 'hidden_continuous_size': 7, 'attention_head_size': 3, 'learning_rate': 0.0186530338382227}. Best is trial 0 with value: 60.45389175415039.
[I 2023-12-26 17:30:46,489] Trial 36 finished with value: 105.20597076416016 and parameters: {'gradient_clip_val': 0.5289036537917824, 'hidden_size': 22, 'dropout': 0.35245821960216, 'hidden_continuous_size': 12, 'attention_head_size': 4, 'learning_rate': 0.014943828844450079}. Best is trial 0 with value: 60.45389175415039.
[I 2023-12-26 17:30:55,473] Trial 37 finished with value: 153.90911865234375 and parameters: {'gradient_clip_val': 0.6048853710158475, 'hidden_size': 146, 'dropout': 0.275111753525594, 'hidden_continuous_size': 15, 'attention_head_size': 2, 'learning_rate': 0.011022257664339211}. Best is trial 0 with value: 60.45389175415039.
[I 2023-12-26 17:30:57,851] Trial 38 finished with value: 130.9987030029297 and parameters: {'gradient_clip_val': 0.38615283027895436, 'hidden_size': 13, 'dropout': 0.3646432632406248, 'hidden_continuous_size': 5, 'attention_head_size': 3, 'learning_rate': 0.052179792294642126}. Best is trial 0 with value: 60.45389175415039.
[I 2023-12-26 17:31:00,370] Trial 39 finished with value: 132.73526000976562 and parameters: {'gradient_clip_val': 0.2770767452328134, 'hidden_size': 29, 'dropout': 0.31572813754671797, 'hidden_continuous_size': 13, 'attention_head_size': 4, 'learning_rate': 0.031586000213344505}. Best is trial 0 with value: 60.45389175415039.
[I 2023-12-26 17:31:02,943] Trial 40 finished with value: 163.59483337402344 and parameters: {'gradient_clip_val': 0.4605259402548456, 'hidden_size': 36, 'dropout': 0.3332236625841539, 'hidden_continuous_size': 10, 'attention_head_size': 3, 'learning_rate': 0.07800083732350158}. Best is trial 0 with value: 60.45389175415039.
[I 2023-12-26 17:31:05,092] Trial 41 finished with value: 88.41458892822266 and parameters: {'gradient_clip_val': 0.47924762874065746, 'hidden_size': 19, 'dropout': 0.36965460668369754, 'hidden_continuous_size': 8, 'attention_head_size': 3, 'learning_rate': 0.02501725765872057}. Best is trial 0 with value: 60.45389175415039.
[I 2023-12-26 17:31:07,206] Trial 42 finished with value: 140.82708740234375 and parameters: {'gradient_clip_val': 0.49361620732907213, 'hidden_size': 18, 'dropout': 0.3727516249739125, 'hidden_continuous_size': 8, 'attention_head_size': 3, 'learning_rate': 0.06661533809015162}. Best is trial 0 with value: 60.45389175415039.
[I 2023-12-26 17:31:09,235] Trial 43 finished with value: 106.936279296875 and parameters: {'gradient_clip_val': 0.598975330925619, 'hidden_size': 11, 'dropout': 0.30779779065727925, 'hidden_continuous_size': 7, 'attention_head_size': 3, 'learning_rate': 0.04329972069970762}. Best is trial 0 with value: 60.45389175415039.
[I 2023-12-26 17:31:11,488] Trial 44 finished with value: 149.0886688232422 and parameters: {'gradient_clip_val': 0.6747384281245844, 'hidden_size': 21, 'dropout': 0.3209717407017842, 'hidden_continuous_size': 9, 'attention_head_size': 3, 'learning_rate': 0.026459600198349364}. Best is trial 0 with value: 60.45389175415039.
[I 2023-12-26 17:31:13,888] Trial 45 finished with value: 159.80931091308594 and parameters: {'gradient_clip_val': 0.5665717063489667, 'hidden_size': 27, 'dropout': 0.28765548872576086, 'hidden_continuous_size': 10, 'attention_head_size': 1, 'learning_rate': 0.08954407347696122}. Best is trial 0 with value: 60.45389175415039.
[I 2023-12-26 17:31:15,868] Trial 46 finished with value: 136.09059143066406 and parameters: {'gradient_clip_val': 0.892441867292624, 'hidden_size': 16, 'dropout': 0.3506323282514907, 'hidden_continuous_size': 8, 'attention_head_size': 3, 'learning_rate': 0.015215226353368609}. Best is trial 0 with value: 60.45389175415039.
[I 2023-12-26 17:31:18,016] Trial 47 finished with value: 152.94207763671875 and parameters: {'gradient_clip_val': 0.7627114128709682, 'hidden_size': 13, 'dropout': 0.38427447214209665, 'hidden_continuous_size': 6, 'attention_head_size': 4, 'learning_rate': 0.035240762665459176}. Best is trial 0 with value: 60.45389175415039.
[I 2023-12-26 17:31:20,173] Trial 48 finished with value: 129.8072967529297 and parameters: {'gradient_clip_val': 0.7156765690225453, 'hidden_size': 19, 'dropout': 0.3314525009190648, 'hidden_continuous_size': 11, 'attention_head_size': 2, 'learning_rate': 0.006550255090152026}. Best is trial 0 with value: 60.45389175415039.
[I 2023-12-26 17:31:22,568] Trial 49 finished with value: 168.87396240234375 and parameters: {'gradient_clip_val': 0.8928048738386495, 'hidden_size': 23, 'dropout': 0.25320441293181867, 'hidden_continuous_size': 9, 'attention_head_size': 2, 'learning_rate': 0.06763624533833941}. Best is trial 0 with value: 60.45389175415039.
[I 2023-12-26 17:31:22,678] A new study created in memory with name: no-name-a742687f-abd7-4df9-9f78-9e1ae3999ce5
/home/le004/conda/anaconda3/envs/tsff_env/lib/python3.9/site-packages/lightning/fabric/plugins/environments/slurm.py:191: The `srun` command is available on your system but is not used. HINT: If your intention is to run Lightning on SLURM, prepend your python command with `srun` like so: srun python /home/le004/master_thesis/git/TSFusionForecast/code/ ...
[I 2023-12-26 17:34:32,566] Trial 0 finished with value: 6.109340190887451 and parameters: {'gradient_clip_val': 0.9344091676688598, 'hidden_size': 27, 'dropout': 0.3056337086168347, 'hidden_continuous_size': 6, 'attention_head_size': 1, 'learning_rate': 0.0030040389969832023}. Best is trial 0 with value: 6.109340190887451.
[I 2023-12-26 17:34:34,304] Trial 1 finished with value: 55.431549072265625 and parameters: {'gradient_clip_val': 0.2574186336674323, 'hidden_size': 5, 'dropout': 0.49346431727394235, 'hidden_continuous_size': 5, 'attention_head_size': 3, 'learning_rate': 0.0012454200976420532}. Best is trial 0 with value: 6.109340190887451.
[I 2023-12-26 17:34:37,618] Trial 2 finished with value: 37.41865539550781 and parameters: {'gradient_clip_val': 0.113423206139755, 'hidden_size': 63, 'dropout': 0.3398410636488094, 'hidden_continuous_size': 5, 'attention_head_size': 1, 'learning_rate': 0.0006787591118293408}. Best is trial 0 with value: 6.109340190887451.
[I 2023-12-26 17:34:41,302] Trial 3 finished with value: 32.018951416015625 and parameters: {'gradient_clip_val': 0.40694578706043116, 'hidden_size': 68, 'dropout': 0.2790811600710853, 'hidden_continuous_size': 52, 'attention_head_size': 2, 'learning_rate': 0.07717677017274206}. Best is trial 0 with value: 6.109340190887451.
[I 2023-12-26 17:34:45,402] Trial 4 finished with value: 45.455936431884766 and parameters: {'gradient_clip_val': 0.8237576000832678, 'hidden_size': 80, 'dropout': 0.26992668883332566, 'hidden_continuous_size': 8, 'attention_head_size': 3, 'learning_rate': 0.044753963423854785}. Best is trial 0 with value: 6.109340190887451.
[I 2023-12-26 17:34:47,358] Trial 5 finished with value: 59.46663284301758 and parameters: {'gradient_clip_val': 0.43703889522773376, 'hidden_size': 18, 'dropout': 0.15551448068340146, 'hidden_continuous_size': 18, 'attention_head_size': 3, 'learning_rate': 0.04191984606148812}. Best is trial 0 with value: 6.109340190887451.
[I 2023-12-26 17:34:54,416] Trial 6 finished with value: 45.54880142211914 and parameters: {'gradient_clip_val': 0.7018612129317532, 'hidden_size': 123, 'dropout': 0.2626965472577921, 'hidden_continuous_size': 29, 'attention_head_size': 1, 'learning_rate': 0.000904298205570413}. Best is trial 0 with value: 6.109340190887451.
[I 2023-12-26 17:34:56,541] Trial 7 finished with value: 28.4630069732666 and parameters: {'gradient_clip_val': 0.752987351362157, 'hidden_size': 20, 'dropout': 0.19859002765592187, 'hidden_continuous_size': 15, 'attention_head_size': 3, 'learning_rate': 0.002575814917905777}. Best is trial 0 with value: 6.109340190887451.
[I 2023-12-26 17:34:58,480] Trial 8 finished with value: 54.575138092041016 and parameters: {'gradient_clip_val': 0.8231156539504411, 'hidden_size': 12, 'dropout': 0.44525900209774594, 'hidden_continuous_size': 7, 'attention_head_size': 3, 'learning_rate': 0.0007622826146192578}. Best is trial 0 with value: 6.109340190887451.
[I 2023-12-26 17:35:00,490] Trial 9 finished with value: 49.53652572631836 and parameters: {'gradient_clip_val': 0.3104561619132784, 'hidden_size': 13, 'dropout': 0.4899208721514313, 'hidden_continuous_size': 5, 'attention_head_size': 3, 'learning_rate': 0.029545576230211673}. Best is trial 0 with value: 6.109340190887451.
[I 2023-12-26 17:35:03,099] Trial 10 finished with value: 47.344852447509766 and parameters: {'gradient_clip_val': 0.9783621951633771, 'hidden_size': 39, 'dropout': 0.37271766493988867, 'hidden_continuous_size': 10, 'attention_head_size': 2, 'learning_rate': 0.006514779059324292}. Best is trial 0 with value: 6.109340190887451.
[I 2023-12-26 17:35:05,482] Trial 11 finished with value: 51.90560531616211 and parameters: {'gradient_clip_val': 0.6102599416392342, 'hidden_size': 27, 'dropout': 0.16754068178659462, 'hidden_continuous_size': 12, 'attention_head_size': 4, 'learning_rate': 0.00361351517442481}. Best is trial 0 with value: 6.109340190887451.
[I 2023-12-26 17:35:07,812] Trial 12 finished with value: 48.02647018432617 and parameters: {'gradient_clip_val': 0.9649448467155138, 'hidden_size': 32, 'dropout': 0.20398742731655672, 'hidden_continuous_size': 15, 'attention_head_size': 4, 'learning_rate': 0.002698135886342918}. Best is trial 0 with value: 6.109340190887451.
[I 2023-12-26 17:35:09,880] Trial 13 finished with value: 53.06172561645508 and parameters: {'gradient_clip_val': 0.5787101258865605, 'hidden_size': 20, 'dropout': 0.12764762001143962, 'hidden_continuous_size': 7, 'attention_head_size': 2, 'learning_rate': 0.0021056392624228446}. Best is trial 0 with value: 6.109340190887451.
[I 2023-12-26 17:35:12,286] Trial 14 finished with value: 51.004581451416016 and parameters: {'gradient_clip_val': 0.5887344970381393, 'hidden_size': 34, 'dropout': 0.22790145556257044, 'hidden_continuous_size': 10, 'attention_head_size': 1, 'learning_rate': 0.00992814758550719}. Best is trial 0 with value: 6.109340190887451.
[I 2023-12-26 17:35:14,456] Trial 15 finished with value: 38.861698150634766 and parameters: {'gradient_clip_val': 0.7696475575038104, 'hidden_size': 10, 'dropout': 0.326879743777845, 'hidden_continuous_size': 6, 'attention_head_size': 2, 'learning_rate': 0.004914090903626466}. Best is trial 0 with value: 6.109340190887451.
[I 2023-12-26 17:35:17,299] Trial 16 finished with value: 51.81361770629883 and parameters: {'gradient_clip_val': 0.9627953646766182, 'hidden_size': 46, 'dropout': 0.10652051416222696, 'hidden_continuous_size': 17, 'attention_head_size': 4, 'learning_rate': 0.0017453983529158712}. Best is trial 0 with value: 6.109340190887451.
[I 2023-12-26 17:35:19,465] Trial 17 finished with value: 50.28086471557617 and parameters: {'gradient_clip_val': 0.4828759159270161, 'hidden_size': 23, 'dropout': 0.22586510983060282, 'hidden_continuous_size': 8, 'attention_head_size': 1, 'learning_rate': 0.01088357863774579}. Best is trial 0 with value: 6.109340190887451.
[I 2023-12-26 17:35:21,294] Trial 18 finished with value: 39.38496780395508 and parameters: {'gradient_clip_val': 0.6492952613174886, 'hidden_size': 16, 'dropout': 0.1903282886487294, 'hidden_continuous_size': 6, 'attention_head_size': 2, 'learning_rate': 0.0005262177346019122}. Best is trial 0 with value: 6.109340190887451.
[I 2023-12-26 17:35:23,608] Trial 19 finished with value: 47.18388748168945 and parameters: {'gradient_clip_val': 0.530245496766233, 'hidden_size': 25, 'dropout': 0.24118653645530408, 'hidden_continuous_size': 12, 'attention_head_size': 4, 'learning_rate': 0.001373780236876339}. Best is trial 0 with value: 6.109340190887451.
[I 2023-12-26 17:35:26,360] Trial 20 finished with value: 43.492374420166016 and parameters: {'gradient_clip_val': 0.6697970251607289, 'hidden_size': 44, 'dropout': 0.3149317369710799, 'hidden_continuous_size': 19, 'attention_head_size': 1, 'learning_rate': 0.003197060812566349}. Best is trial 0 with value: 6.109340190887451.
[I 2023-12-26 17:35:29,772] Trial 21 finished with value: 26.100807189941406 and parameters: {'gradient_clip_val': 0.4311747723748293, 'hidden_size': 60, 'dropout': 0.28299028517089725, 'hidden_continuous_size': 51, 'attention_head_size': 2, 'learning_rate': 0.06204234045165208}. Best is trial 0 with value: 6.109340190887451.
[I 2023-12-26 17:35:32,729] Trial 22 finished with value: 52.371185302734375 and parameters: {'gradient_clip_val': 0.3820425894824811, 'hidden_size': 52, 'dropout': 0.29179754251020534, 'hidden_continuous_size': 32, 'attention_head_size': 2, 'learning_rate': 0.013653139166472771}. Best is trial 0 with value: 6.109340190887451.
[I 2023-12-26 17:35:35,065] Trial 23 finished with value: 35.59892654418945 and parameters: {'gradient_clip_val': 0.7972873390570944, 'hidden_size': 32, 'dropout': 0.24889241915896865, 'hidden_continuous_size': 15, 'attention_head_size': 3, 'learning_rate': 0.004047431588018675}. Best is trial 0 with value: 6.109340190887451.
[I 2023-12-26 17:35:40,980] Trial 24 finished with value: 41.45976638793945 and parameters: {'gradient_clip_val': 0.4987126233133447, 'hidden_size': 100, 'dropout': 0.3600483992712863, 'hidden_continuous_size': 100, 'attention_head_size': 1, 'learning_rate': 0.017106668738183756}. Best is trial 0 with value: 6.109340190887451.
[I 2023-12-26 17:35:44,076] Trial 25 finished with value: 37.963993072509766 and parameters: {'gradient_clip_val': 0.6854615634208888, 'hidden_size': 54, 'dropout': 0.29358682769446065, 'hidden_continuous_size': 21, 'attention_head_size': 2, 'learning_rate': 0.005327434663022084}. Best is trial 0 with value: 6.109340190887451.
[I 2023-12-26 17:35:52,087] Trial 26 finished with value: 55.250667572021484 and parameters: {'gradient_clip_val': 0.8358507496940911, 'hidden_size': 137, 'dropout': 0.20537356867128675, 'hidden_continuous_size': 40, 'attention_head_size': 3, 'learning_rate': 0.09203801245194031}. Best is trial 0 with value: 6.109340190887451.
