[I 2023-12-16 01:23:00,059] Trial 48 finished with value: 848.901123046875 and parameters: {'gradient_clip_val': 0.5457664147268928, 'hidden_size': 83, 'dropout': 0.11012869481769869, 'hidden_continuous_size': 31, 'attention_head_size': 2, 'learning_rate': 0.01384860567348394}. Best is trial 34 with value: 355.037109375.
LOCAL_RANK: 0 - CUDA_VISIBLE_DEVICES: [0]
[I 2023-12-16 01:23:52,109] Trial 49 finished with value: 1075.6158447265625 and parameters: {'gradient_clip_val': 0.25455740403839183, 'hidden_size': 39, 'dropout': 0.19556098735907745, 'hidden_continuous_size': 22, 'attention_head_size': 1, 'learning_rate': 0.022840590165516993}. Best is trial 34 with value: 355.037109375.
[I 2023-12-16 01:23:52,215] A new study created in memory with name: no-name-7871c2e2-6bd0-4878-a030-696ab37515f3
/home/le004/conda/anaconda3/envs/tsff_env/lib/python3.9/site-packages/lightning/fabric/plugins/environments/slurm.py:191: The `srun` command is available on your system but is not used. HINT: If your intention is to run Lightning on SLURM, prepend your python command with `srun` like so: srun python /home/le004/master_thesis/git/TSFusionForecast/code/ ...
LOCAL_RANK: 0 - CUDA_VISIBLE_DEVICES: [0]
[I 2023-12-16 01:24:42,407] Trial 0 finished with value: 1107.9434814453125 and parameters: {'gradient_clip_val': 0.15612557097182767, 'hidden_size': 38, 'dropout': 0.24937892391978592, 'hidden_continuous_size': 9, 'attention_head_size': 2, 'learning_rate': 0.001529502054014089}. Best is trial 0 with value: 1107.9434814453125.
LOCAL_RANK: 0 - CUDA_VISIBLE_DEVICES: [0]
[I 2023-12-16 01:25:32,020] Trial 1 finished with value: 809.909423828125 and parameters: {'gradient_clip_val': 0.2420786386906768, 'hidden_size': 34, 'dropout': 0.3210337136134459, 'hidden_continuous_size': 5, 'attention_head_size': 3, 'learning_rate': 0.003012890168768711}. Best is trial 1 with value: 809.909423828125.
LOCAL_RANK: 0 - CUDA_VISIBLE_DEVICES: [0]
[I 2023-12-16 01:26:25,297] Trial 2 finished with value: 993.0333862304688 and parameters: {'gradient_clip_val': 0.913980200162767, 'hidden_size': 85, 'dropout': 0.27839361122773854, 'hidden_continuous_size': 6, 'attention_head_size': 4, 'learning_rate': 0.01358640790053418}. Best is trial 1 with value: 809.909423828125.
LOCAL_RANK: 0 - CUDA_VISIBLE_DEVICES: [0]
[I 2023-12-16 01:27:14,612] Trial 3 finished with value: 605.7362670898438 and parameters: {'gradient_clip_val': 0.5985720740132907, 'hidden_size': 22, 'dropout': 0.27186553197795793, 'hidden_continuous_size': 10, 'attention_head_size': 3, 'learning_rate': 0.007655103776905476}. Best is trial 3 with value: 605.7362670898438.
LOCAL_RANK: 0 - CUDA_VISIBLE_DEVICES: [0]
[I 2023-12-16 01:28:02,875] Trial 4 finished with value: 559.5474853515625 and parameters: {'gradient_clip_val': 0.7283909263136658, 'hidden_size': 21, 'dropout': 0.2639739871864013, 'hidden_continuous_size': 8, 'attention_head_size': 2, 'learning_rate': 0.0024137991925578597}. Best is trial 4 with value: 559.5474853515625.
LOCAL_RANK: 0 - CUDA_VISIBLE_DEVICES: [0]
[I 2023-12-16 01:28:55,648] Trial 5 finished with value: 1090.3892822265625 and parameters: {'gradient_clip_val': 0.5572133009212713, 'hidden_size': 49, 'dropout': 0.36427947603229593, 'hidden_continuous_size': 21, 'attention_head_size': 2, 'learning_rate': 0.04695745418589357}. Best is trial 4 with value: 559.5474853515625.
LOCAL_RANK: 0 - CUDA_VISIBLE_DEVICES: [0]
[I 2023-12-16 01:29:30,790] Trial 6 finished with value: 1564.4979248046875 and parameters: {'gradient_clip_val': 0.2971560147407496, 'hidden_size': 6, 'dropout': 0.36561852825700014, 'hidden_continuous_size': 6, 'attention_head_size': 2, 'learning_rate': 0.003573220548760474}. Best is trial 4 with value: 559.5474853515625.
LOCAL_RANK: 0 - CUDA_VISIBLE_DEVICES: [0]
[I 2023-12-16 01:30:20,753] Trial 7 finished with value: 724.933837890625 and parameters: {'gradient_clip_val': 0.17875718996902068, 'hidden_size': 29, 'dropout': 0.14454271905969013, 'hidden_continuous_size': 13, 'attention_head_size': 4, 'learning_rate': 0.0023425469165205253}. Best is trial 4 with value: 559.5474853515625.
LOCAL_RANK: 0 - CUDA_VISIBLE_DEVICES: [0]
[I 2023-12-16 01:30:55,760] Trial 8 finished with value: 445.334716796875 and parameters: {'gradient_clip_val': 0.4685040260093388, 'hidden_size': 5, 'dropout': 0.3251279617398146, 'hidden_continuous_size': 5, 'attention_head_size': 4, 'learning_rate': 0.05497005236469232}. Best is trial 8 with value: 445.334716796875.
LOCAL_RANK: 0 - CUDA_VISIBLE_DEVICES: [0]
[I 2023-12-16 01:31:43,397] Trial 9 finished with value: 933.7844848632812 and parameters: {'gradient_clip_val': 0.2789757550999168, 'hidden_size': 20, 'dropout': 0.2577039240277479, 'hidden_continuous_size': 9, 'attention_head_size': 3, 'learning_rate': 0.007679855665755442}. Best is trial 8 with value: 445.334716796875.
LOCAL_RANK: 0 - CUDA_VISIBLE_DEVICES: [0]
[I 2023-12-16 01:32:17,335] Trial 10 finished with value: 921.1499633789062 and parameters: {'gradient_clip_val': 0.10663428013711669, 'hidden_size': 5, 'dropout': 0.18218549131406112, 'hidden_continuous_size': 5, 'attention_head_size': 1, 'learning_rate': 0.08745184518083426}. Best is trial 8 with value: 445.334716796875.
LOCAL_RANK: 0 - CUDA_VISIBLE_DEVICES: [0]
[I 2023-12-16 01:33:01,297] Trial 11 finished with value: 4112.89306640625 and parameters: {'gradient_clip_val': 0.4838607552978196, 'hidden_size': 12, 'dropout': 0.3960286356692475, 'hidden_continuous_size': 7, 'attention_head_size': 1, 'learning_rate': 0.0005199392045659602}. Best is trial 8 with value: 445.334716796875.
LOCAL_RANK: 0 - CUDA_VISIBLE_DEVICES: [0]
[I 2023-12-16 01:33:47,357] Trial 12 finished with value: 538.5106811523438 and parameters: {'gradient_clip_val': 0.433303985166626, 'hidden_size': 10, 'dropout': 0.20970604734376613, 'hidden_continuous_size': 5, 'attention_head_size': 4, 'learning_rate': 0.03829918542982531}. Best is trial 8 with value: 445.334716796875.
LOCAL_RANK: 0 - CUDA_VISIBLE_DEVICES: [0]
[I 2023-12-16 01:34:32,073] Trial 13 finished with value: 736.9059448242188 and parameters: {'gradient_clip_val': 0.3546815470956372, 'hidden_size': 8, 'dropout': 0.1969496538418613, 'hidden_continuous_size': 5, 'attention_head_size': 4, 'learning_rate': 0.029093235785195546}. Best is trial 8 with value: 445.334716796875.
LOCAL_RANK: 0 - CUDA_VISIBLE_DEVICES: [0]
[I 2023-12-16 01:35:18,355] Trial 14 finished with value: 596.1950073242188 and parameters: {'gradient_clip_val': 0.42404640417375544, 'hidden_size': 9, 'dropout': 0.11207521022265032, 'hidden_continuous_size': 5, 'attention_head_size': 4, 'learning_rate': 0.08797183595015695}. Best is trial 8 with value: 445.334716796875.
LOCAL_RANK: 0 - CUDA_VISIBLE_DEVICES: [0]
[I 2023-12-16 01:35:53,185] Trial 15 finished with value: 462.60205078125 and parameters: {'gradient_clip_val': 0.4159633544059888, 'hidden_size': 5, 'dropout': 0.21530081368020146, 'hidden_continuous_size': 5, 'attention_head_size': 4, 'learning_rate': 0.024620120574755523}. Best is trial 8 with value: 445.334716796875.
LOCAL_RANK: 0 - CUDA_VISIBLE_DEVICES: [0]
[I 2023-12-16 01:36:27,921] Trial 16 finished with value: 796.6920776367188 and parameters: {'gradient_clip_val': 0.3714527224689075, 'hidden_size': 5, 'dropout': 0.30247483509556927, 'hidden_continuous_size': 5, 'attention_head_size': 3, 'learning_rate': 0.022148545085708717}. Best is trial 8 with value: 445.334716796875.
LOCAL_RANK: 0 - CUDA_VISIBLE_DEVICES: [0]
[I 2023-12-16 01:37:13,754] Trial 17 finished with value: 738.6022338867188 and parameters: {'gradient_clip_val': 0.66993548405754, 'hidden_size': 7, 'dropout': 0.33006323898799517, 'hidden_continuous_size': 5, 'attention_head_size': 4, 'learning_rate': 0.015295984650012334}. Best is trial 8 with value: 445.334716796875.
LOCAL_RANK: 0 - CUDA_VISIBLE_DEVICES: [0]
[I 2023-12-16 01:37:59,393] Trial 18 finished with value: 1998.9627685546875 and parameters: {'gradient_clip_val': 0.5288792220423871, 'hidden_size': 13, 'dropout': 0.22308630387151754, 'hidden_continuous_size': 6, 'attention_head_size': 3, 'learning_rate': 0.05020605395227185}. Best is trial 8 with value: 445.334716796875.
LOCAL_RANK: 0 - CUDA_VISIBLE_DEVICES: [0]
[I 2023-12-16 01:38:34,556] Trial 19 finished with value: 830.0359497070312 and parameters: {'gradient_clip_val': 0.8139146804391034, 'hidden_size': 5, 'dropout': 0.23350292886093466, 'hidden_continuous_size': 5, 'attention_head_size': 4, 'learning_rate': 0.020825490805531095}. Best is trial 8 with value: 445.334716796875.
LOCAL_RANK: 0 - CUDA_VISIBLE_DEVICES: [0]
[I 2023-12-16 01:39:20,208] Trial 20 finished with value: 1120.13134765625 and parameters: {'gradient_clip_val': 0.6222324315350946, 'hidden_size': 7, 'dropout': 0.17023873739563927, 'hidden_continuous_size': 5, 'attention_head_size': 3, 'learning_rate': 0.06370000201409824}. Best is trial 8 with value: 445.334716796875.
LOCAL_RANK: 0 - CUDA_VISIBLE_DEVICES: [0]
[I 2023-12-16 01:40:06,455] Trial 21 finished with value: 858.74169921875 and parameters: {'gradient_clip_val': 0.4351892605837132, 'hidden_size': 10, 'dropout': 0.21844056861464745, 'hidden_continuous_size': 6, 'attention_head_size': 4, 'learning_rate': 0.03396678375201885}. Best is trial 8 with value: 445.334716796875.
LOCAL_RANK: 0 - CUDA_VISIBLE_DEVICES: [0]
[I 2023-12-16 01:40:52,472] Trial 22 finished with value: 1059.8770751953125 and parameters: {'gradient_clip_val': 0.40164057591476915, 'hidden_size': 6, 'dropout': 0.20586477008200194, 'hidden_continuous_size': 5, 'attention_head_size': 4, 'learning_rate': 0.03969060609550788}. Best is trial 8 with value: 445.334716796875.
LOCAL_RANK: 0 - CUDA_VISIBLE_DEVICES: [0]
[I 2023-12-16 01:41:38,350] Trial 23 finished with value: 658.7699584960938 and parameters: {'gradient_clip_val': 0.4829089716957611, 'hidden_size': 10, 'dropout': 0.24322534695270248, 'hidden_continuous_size': 6, 'attention_head_size': 4, 'learning_rate': 0.06276497853670586}. Best is trial 8 with value: 445.334716796875.
LOCAL_RANK: 0 - CUDA_VISIBLE_DEVICES: [0]
[I 2023-12-16 01:42:24,135] Trial 24 finished with value: 1083.7635498046875 and parameters: {'gradient_clip_val': 0.3480194417224348, 'hidden_size': 7, 'dropout': 0.2910002488988082, 'hidden_continuous_size': 5, 'attention_head_size': 4, 'learning_rate': 0.029388954721659352}. Best is trial 8 with value: 445.334716796875.
LOCAL_RANK: 0 - CUDA_VISIBLE_DEVICES: [0]
[I 2023-12-16 01:42:58,993] Trial 25 finished with value: 963.3442993164062 and parameters: {'gradient_clip_val': 0.5227964604920159, 'hidden_size': 5, 'dropout': 0.22961318037463693, 'hidden_continuous_size': 5, 'attention_head_size': 3, 'learning_rate': 0.09303941480186263}. Best is trial 8 with value: 445.334716796875.
LOCAL_RANK: 0 - CUDA_VISIBLE_DEVICES: [0]
[I 2023-12-16 01:43:45,276] Trial 26 finished with value: 992.1419067382812 and parameters: {'gradient_clip_val': 0.4320135236317848, 'hidden_size': 14, 'dropout': 0.19786387739416716, 'hidden_continuous_size': 7, 'attention_head_size': 4, 'learning_rate': 0.04380343995093853}. Best is trial 8 with value: 445.334716796875.
LOCAL_RANK: 0 - CUDA_VISIBLE_DEVICES: [0]
[I 2023-12-16 01:44:29,793] Trial 27 finished with value: 808.06884765625 and parameters: {'gradient_clip_val': 0.7093668995100552, 'hidden_size': 8, 'dropout': 0.17466619401764202, 'hidden_continuous_size': 5, 'attention_head_size': 3, 'learning_rate': 0.013484327200652593}. Best is trial 8 with value: 445.334716796875.
LOCAL_RANK: 0 - CUDA_VISIBLE_DEVICES: [0]
[I 2023-12-16 01:45:15,769] Trial 28 finished with value: 487.5672607421875 and parameters: {'gradient_clip_val': 0.32651957285578814, 'hidden_size': 6, 'dropout': 0.25054124679014755, 'hidden_continuous_size': 5, 'attention_head_size': 4, 'learning_rate': 0.02399867912478187}. Best is trial 8 with value: 445.334716796875.
LOCAL_RANK: 0 - CUDA_VISIBLE_DEVICES: [0]
[I 2023-12-16 01:46:01,649] Trial 29 finished with value: 870.1111450195312 and parameters: {'gradient_clip_val': 0.2528648012382139, 'hidden_size': 6, 'dropout': 0.24568280023615774, 'hidden_continuous_size': 5, 'attention_head_size': 4, 'learning_rate': 0.02150199935616929}. Best is trial 8 with value: 445.334716796875.
LOCAL_RANK: 0 - CUDA_VISIBLE_DEVICES: [0]
[I 2023-12-16 01:46:36,296] Trial 30 finished with value: 552.550048828125 and parameters: {'gradient_clip_val': 0.3339809069347528, 'hidden_size': 5, 'dropout': 0.2597987420122435, 'hidden_continuous_size': 5, 'attention_head_size': 3, 'learning_rate': 0.009523595860128598}. Best is trial 8 with value: 445.334716796875.
LOCAL_RANK: 0 - CUDA_VISIBLE_DEVICES: [0]
[I 2023-12-16 01:47:22,039] Trial 31 finished with value: 691.7230834960938 and parameters: {'gradient_clip_val': 0.3113472120138025, 'hidden_size': 6, 'dropout': 0.20968454064269987, 'hidden_continuous_size': 5, 'attention_head_size': 4, 'learning_rate': 0.027467539609882876}. Best is trial 8 with value: 445.334716796875.
LOCAL_RANK: 0 - CUDA_VISIBLE_DEVICES: [0]
[I 2023-12-16 01:48:06,334] Trial 32 finished with value: 782.1691284179688 and parameters: {'gradient_clip_val': 0.38552900242063737, 'hidden_size': 8, 'dropout': 0.24392662500457332, 'hidden_continuous_size': 5, 'attention_head_size': 4, 'learning_rate': 0.054607843471430835}. Best is trial 8 with value: 445.334716796875.
LOCAL_RANK: 0 - CUDA_VISIBLE_DEVICES: [0]
[I 2023-12-16 01:48:52,384] Trial 33 finished with value: 917.5695190429688 and parameters: {'gradient_clip_val': 0.46403685767241415, 'hidden_size': 11, 'dropout': 0.30049788278980655, 'hidden_continuous_size': 6, 'attention_head_size': 4, 'learning_rate': 0.03565174109519562}. Best is trial 8 with value: 445.334716796875.
LOCAL_RANK: 0 - CUDA_VISIBLE_DEVICES: [0]
[I 2023-12-16 01:49:38,494] Trial 34 finished with value: 957.7509155273438 and parameters: {'gradient_clip_val': 0.22672860355052696, 'hidden_size': 9, 'dropout': 0.23049255689334652, 'hidden_continuous_size': 6, 'attention_head_size': 4, 'learning_rate': 0.01658944214741222}. Best is trial 8 with value: 445.334716796875.
LOCAL_RANK: 0 - CUDA_VISIBLE_DEVICES: [0]
[I 2023-12-16 01:50:23,956] Trial 35 finished with value: 828.7286987304688 and parameters: {'gradient_clip_val': 0.5827909190693228, 'hidden_size': 6, 'dropout': 0.2766561547108091, 'hidden_continuous_size': 5, 'attention_head_size': 3, 'learning_rate': 0.06978207593438086}. Best is trial 8 with value: 445.334716796875.
LOCAL_RANK: 0 - CUDA_VISIBLE_DEVICES: [0]
[I 2023-12-16 01:51:10,002] Trial 36 finished with value: 545.220703125 and parameters: {'gradient_clip_val': 0.3822121546941108, 'hidden_size': 7, 'dropout': 0.271563258036397, 'hidden_continuous_size': 5, 'attention_head_size': 4, 'learning_rate': 0.04069924793866251}. Best is trial 8 with value: 445.334716796875.
LOCAL_RANK: 0 - CUDA_VISIBLE_DEVICES: [0]
[I 2023-12-16 01:51:56,469] Trial 37 finished with value: 2042.47802734375 and parameters: {'gradient_clip_val': 0.32036818074077145, 'hidden_size': 14, 'dropout': 0.3241186221524958, 'hidden_continuous_size': 7, 'attention_head_size': 4, 'learning_rate': 0.011981013644785023}. Best is trial 8 with value: 445.334716796875.
LOCAL_RANK: 0 - CUDA_VISIBLE_DEVICES: [0]
[I 2023-12-16 01:52:31,559] Trial 38 finished with value: 2330.8759765625 and parameters: {'gradient_clip_val': 0.5145988982289379, 'hidden_size': 5, 'dropout': 0.26068613664032203, 'hidden_continuous_size': 5, 'attention_head_size': 3, 'learning_rate': 0.02249505520928212}. Best is trial 8 with value: 445.334716796875.
LOCAL_RANK: 0 - CUDA_VISIBLE_DEVICES: [0]
[I 2023-12-16 01:53:16,513] Trial 39 finished with value: 1081.2176513671875 and parameters: {'gradient_clip_val': 0.583974840865997, 'hidden_size': 16, 'dropout': 0.214906703150041, 'hidden_continuous_size': 8, 'attention_head_size': 2, 'learning_rate': 0.048614640626661654}. Best is trial 8 with value: 445.334716796875.
LOCAL_RANK: 0 - CUDA_VISIBLE_DEVICES: [0]
[I 2023-12-16 01:54:02,764] Trial 40 finished with value: 573.212890625 and parameters: {'gradient_clip_val': 0.2970233524273157, 'hidden_size': 11, 'dropout': 0.2851258933358023, 'hidden_continuous_size': 6, 'attention_head_size': 4, 'learning_rate': 0.004972546532603182}. Best is trial 8 with value: 445.334716796875.
LOCAL_RANK: 0 - CUDA_VISIBLE_DEVICES: [0]
[I 2023-12-16 01:54:48,746] Trial 41 finished with value: 1105.736328125 and parameters: {'gradient_clip_val': 0.38395240286138904, 'hidden_size': 7, 'dropout': 0.2702452809150905, 'hidden_continuous_size': 5, 'attention_head_size': 4, 'learning_rate': 0.04015209519964696}. Best is trial 8 with value: 445.334716796875.
LOCAL_RANK: 0 - CUDA_VISIBLE_DEVICES: [0]
[I 2023-12-16 01:55:34,606] Trial 42 finished with value: 553.6875610351562 and parameters: {'gradient_clip_val': 0.4506390835426232, 'hidden_size': 6, 'dropout': 0.25483039309795874, 'hidden_continuous_size': 5, 'attention_head_size': 4, 'learning_rate': 0.03870034939622904}. Best is trial 8 with value: 445.334716796875.
LOCAL_RANK: 0 - CUDA_VISIBLE_DEVICES: [0]
[I 2023-12-16 01:56:20,549] Trial 43 finished with value: 1714.6976318359375 and parameters: {'gradient_clip_val': 0.3962743274850919, 'hidden_size': 7, 'dropout': 0.2382680489058291, 'hidden_continuous_size': 5, 'attention_head_size': 4, 'learning_rate': 0.0699530143275784}. Best is trial 8 with value: 445.334716796875.
LOCAL_RANK: 0 - CUDA_VISIBLE_DEVICES: [0]
[I 2023-12-16 01:57:05,480] Trial 44 finished with value: 1590.0455322265625 and parameters: {'gradient_clip_val': 0.3602914961580946, 'hidden_size': 9, 'dropout': 0.2748498839990582, 'hidden_continuous_size': 6, 'attention_head_size': 1, 'learning_rate': 0.03217581009036665}. Best is trial 8 with value: 445.334716796875.
LOCAL_RANK: 0 - CUDA_VISIBLE_DEVICES: [0]
[I 2023-12-16 01:57:40,767] Trial 45 finished with value: 692.0551147460938 and parameters: {'gradient_clip_val': 0.2765185511509904, 'hidden_size': 5, 'dropout': 0.3095632401592328, 'hidden_continuous_size': 5, 'attention_head_size': 4, 'learning_rate': 0.02591891839985249}. Best is trial 8 with value: 445.334716796875.
LOCAL_RANK: 0 - CUDA_VISIBLE_DEVICES: [0]
[I 2023-12-16 01:58:25,675] Trial 46 finished with value: 727.169677734375 and parameters: {'gradient_clip_val': 0.4815440767530882, 'hidden_size': 8, 'dropout': 0.18890880874034988, 'hidden_continuous_size': 5, 'attention_head_size': 4, 'learning_rate': 0.01819914191617412}. Best is trial 8 with value: 445.334716796875.
LOCAL_RANK: 0 - CUDA_VISIBLE_DEVICES: [0]
[I 2023-12-16 01:59:11,059] Trial 47 finished with value: 1745.35107421875 and parameters: {'gradient_clip_val': 0.3399338359808343, 'hidden_size': 6, 'dropout': 0.34708433031734415, 'hidden_continuous_size': 5, 'attention_head_size': 3, 'learning_rate': 0.04963107442826926}. Best is trial 8 with value: 445.334716796875.
LOCAL_RANK: 0 - CUDA_VISIBLE_DEVICES: [0]
[I 2023-12-16 02:00:01,290] Trial 48 finished with value: 1346.6046142578125 and parameters: {'gradient_clip_val': 0.41498261712640677, 'hidden_size': 31, 'dropout': 0.2917376043838391, 'hidden_continuous_size': 10, 'attention_head_size': 4, 'learning_rate': 0.02902559403668035}. Best is trial 8 with value: 445.334716796875.
LOCAL_RANK: 0 - CUDA_VISIBLE_DEVICES: [0]
[I 2023-12-16 02:00:50,358] Trial 49 finished with value: 679.6531372070312 and parameters: {'gradient_clip_val': 0.5455959259246954, 'hidden_size': 18, 'dropout': 0.26491974944844016, 'hidden_continuous_size': 14, 'attention_head_size': 4, 'learning_rate': 0.017563844844468768}. Best is trial 8 with value: 445.334716796875.
[I 2023-12-16 02:00:50,449] A new study created in memory with name: no-name-2b7461cd-6bd1-49f6-8002-b528c50c80af
/home/le004/conda/anaconda3/envs/tsff_env/lib/python3.9/site-packages/lightning/fabric/plugins/environments/slurm.py:191: The `srun` command is available on your system but is not used. HINT: If your intention is to run Lightning on SLURM, prepend your python command with `srun` like so: srun python /home/le004/master_thesis/git/TSFusionForecast/code/ ...
LOCAL_RANK: 0 - CUDA_VISIBLE_DEVICES: [0]
[I 2023-12-16 02:01:36,429] Trial 0 finished with value: 981.6469116210938 and parameters: {'gradient_clip_val': 0.4785814051307954, 'hidden_size': 11, 'dropout': 0.2272275534172159, 'hidden_continuous_size': 6, 'attention_head_size': 3, 'learning_rate': 0.006893820838781163}. Best is trial 0 with value: 981.6469116210938.
LOCAL_RANK: 0 - CUDA_VISIBLE_DEVICES: [0]
[I 2023-12-16 02:02:23,569] Trial 1 finished with value: 736.7205200195312 and parameters: {'gradient_clip_val': 0.9945039421831664, 'hidden_size': 17, 'dropout': 0.11533541515407417, 'hidden_continuous_size': 7, 'attention_head_size': 4, 'learning_rate': 0.05051084983164231}. Best is trial 1 with value: 736.7205200195312.
LOCAL_RANK: 0 - CUDA_VISIBLE_DEVICES: [0]
[I 2023-12-16 02:03:08,562] Trial 2 finished with value: 1057.90087890625 and parameters: {'gradient_clip_val': 0.4379417339127334, 'hidden_size': 11, 'dropout': 0.24461172531724532, 'hidden_continuous_size': 7, 'attention_head_size': 1, 'learning_rate': 0.0021383291521183258}. Best is trial 1 with value: 736.7205200195312.
LOCAL_RANK: 0 - CUDA_VISIBLE_DEVICES: [0]
[I 2023-12-16 02:03:53,942] Trial 3 finished with value: 2793.782470703125 and parameters: {'gradient_clip_val': 0.8399308335081654, 'hidden_size': 6, 'dropout': 0.30941524215553484, 'hidden_continuous_size': 5, 'attention_head_size': 2, 'learning_rate': 0.0017163957491556972}. Best is trial 1 with value: 736.7205200195312.
LOCAL_RANK: 0 - CUDA_VISIBLE_DEVICES: [0]
[I 2023-12-16 02:04:45,803] Trial 4 finished with value: 1042.90771484375 and parameters: {'gradient_clip_val': 0.1575945635555826, 'hidden_size': 63, 'dropout': 0.1678396454892564, 'hidden_continuous_size': 6, 'attention_head_size': 2, 'learning_rate': 0.005119166238161661}. Best is trial 1 with value: 736.7205200195312.
LOCAL_RANK: 0 - CUDA_VISIBLE_DEVICES: [0]
