[I 2023-12-15 13:52:09,308] Trial 27 finished with value: 1.4198989868164062 and parameters: {'gradient_clip_val': 0.7764083619453502, 'hidden_size': 11, 'dropout': 0.13630772928770205, 'hidden_continuous_size': 6, 'attention_head_size': 4, 'learning_rate': 0.013935797023916749}. Best is trial 1 with value: 0.05590371415019035.
LOCAL_RANK: 0 - CUDA_VISIBLE_DEVICES: [0]
[I 2023-12-15 13:52:53,287] Trial 28 finished with value: 0.20296593010425568 and parameters: {'gradient_clip_val': 0.3925440456039871, 'hidden_size': 8, 'dropout': 0.3021676776549103, 'hidden_continuous_size': 5, 'attention_head_size': 3, 'learning_rate': 0.006382314124979588}. Best is trial 1 with value: 0.05590371415019035.
LOCAL_RANK: 0 - CUDA_VISIBLE_DEVICES: [0]
[I 2023-12-15 13:53:26,938] Trial 29 finished with value: 0.9991441369056702 and parameters: {'gradient_clip_val': 0.5951492957363754, 'hidden_size': 5, 'dropout': 0.342648894285034, 'hidden_continuous_size': 5, 'attention_head_size': 1, 'learning_rate': 0.08900892698589456}. Best is trial 1 with value: 0.05590371415019035.
LOCAL_RANK: 0 - CUDA_VISIBLE_DEVICES: [0]
[I 2023-12-15 13:54:11,726] Trial 30 finished with value: 0.30467692017555237 and parameters: {'gradient_clip_val': 0.5430058311909117, 'hidden_size': 12, 'dropout': 0.25816741644341756, 'hidden_continuous_size': 7, 'attention_head_size': 4, 'learning_rate': 0.04868411328001694}. Best is trial 1 with value: 0.05590371415019035.
LOCAL_RANK: 0 - CUDA_VISIBLE_DEVICES: [0]
[I 2023-12-15 13:55:04,944] Trial 31 finished with value: 0.08357548713684082 and parameters: {'gradient_clip_val': 0.8263898912583542, 'hidden_size': 78, 'dropout': 0.21634028365121682, 'hidden_continuous_size': 10, 'attention_head_size': 1, 'learning_rate': 0.05124494428243621}. Best is trial 1 with value: 0.05590371415019035.
LOCAL_RANK: 0 - CUDA_VISIBLE_DEVICES: [0]
[I 2023-12-15 13:55:55,832] Trial 32 finished with value: 0.525175154209137 and parameters: {'gradient_clip_val': 0.8068343940600664, 'hidden_size': 44, 'dropout': 0.18659929324826435, 'hidden_continuous_size': 10, 'attention_head_size': 1, 'learning_rate': 0.02615171803473697}. Best is trial 1 with value: 0.05590371415019035.
LOCAL_RANK: 0 - CUDA_VISIBLE_DEVICES: [0]
[I 2023-12-15 13:56:44,087] Trial 33 finished with value: 0.1338651031255722 and parameters: {'gradient_clip_val': 0.7456844234921509, 'hidden_size': 21, 'dropout': 0.21595521122800065, 'hidden_continuous_size': 11, 'attention_head_size': 1, 'learning_rate': 0.03965732976894336}. Best is trial 1 with value: 0.05590371415019035.
LOCAL_RANK: 0 - CUDA_VISIBLE_DEVICES: [0]
[I 2023-12-15 13:57:36,082] Trial 34 finished with value: 0.6333049535751343 and parameters: {'gradient_clip_val': 0.664879018679043, 'hidden_size': 42, 'dropout': 0.24071037891661828, 'hidden_continuous_size': 18, 'attention_head_size': 1, 'learning_rate': 0.014823432357141248}. Best is trial 1 with value: 0.05590371415019035.
LOCAL_RANK: 0 - CUDA_VISIBLE_DEVICES: [0]
[I 2023-12-15 13:58:22,198] Trial 35 finished with value: 0.39197874069213867 and parameters: {'gradient_clip_val': 0.8374214436870616, 'hidden_size': 13, 'dropout': 0.28233456017763875, 'hidden_continuous_size': 9, 'attention_head_size': 2, 'learning_rate': 0.06577968075062235}. Best is trial 1 with value: 0.05590371415019035.
LOCAL_RANK: 0 - CUDA_VISIBLE_DEVICES: [0]
[I 2023-12-15 13:59:08,668] Trial 36 finished with value: 0.37758469581604004 and parameters: {'gradient_clip_val': 0.9466517535603851, 'hidden_size': 18, 'dropout': 0.17223220235230133, 'hidden_continuous_size': 8, 'attention_head_size': 1, 'learning_rate': 0.03588926240552327}. Best is trial 1 with value: 0.05590371415019035.
LOCAL_RANK: 0 - CUDA_VISIBLE_DEVICES: [0]
[I 2023-12-15 14:00:02,964] Trial 37 finished with value: 0.797438383102417 and parameters: {'gradient_clip_val': 0.7142026137604538, 'hidden_size': 84, 'dropout': 0.20498181069087917, 'hidden_continuous_size': 26, 'attention_head_size': 2, 'learning_rate': 0.018879928605849514}. Best is trial 1 with value: 0.05590371415019035.
LOCAL_RANK: 0 - CUDA_VISIBLE_DEVICES: [0]
[I 2023-12-15 14:00:56,832] Trial 38 finished with value: 0.1167377457022667 and parameters: {'gradient_clip_val': 0.6259255540132084, 'hidden_size': 100, 'dropout': 0.13487248427674248, 'hidden_continuous_size': 12, 'attention_head_size': 2, 'learning_rate': 0.061422701872432574}. Best is trial 1 with value: 0.05590371415019035.
LOCAL_RANK: 0 - CUDA_VISIBLE_DEVICES: [0]
[I 2023-12-15 14:01:41,960] Trial 39 finished with value: 0.6546439528465271 and parameters: {'gradient_clip_val': 0.8609211254218542, 'hidden_size': 7, 'dropout': 0.2880905182128096, 'hidden_continuous_size': 6, 'attention_head_size': 2, 'learning_rate': 0.026081614061401966}. Best is trial 1 with value: 0.05590371415019035.
LOCAL_RANK: 0 - CUDA_VISIBLE_DEVICES: [0]
[I 2023-12-15 14:02:30,190] Trial 40 finished with value: 0.22117435932159424 and parameters: {'gradient_clip_val': 0.5634034259746384, 'hidden_size': 25, 'dropout': 0.23103959374659336, 'hidden_continuous_size': 9, 'attention_head_size': 1, 'learning_rate': 0.08961566940445094}. Best is trial 1 with value: 0.05590371415019035.
LOCAL_RANK: 0 - CUDA_VISIBLE_DEVICES: [0]
[I 2023-12-15 14:03:23,137] Trial 41 finished with value: 0.15121446549892426 and parameters: {'gradient_clip_val': 0.8993372039553506, 'hidden_size': 69, 'dropout': 0.20642413544687555, 'hidden_continuous_size': 14, 'attention_head_size': 1, 'learning_rate': 0.051991017684901324}. Best is trial 1 with value: 0.05590371415019035.
LOCAL_RANK: 0 - CUDA_VISIBLE_DEVICES: [0]
[I 2023-12-15 14:04:16,533] Trial 42 finished with value: 0.24408940970897675 and parameters: {'gradient_clip_val': 0.9818037644014527, 'hidden_size': 50, 'dropout': 0.22830553643638404, 'hidden_continuous_size': 49, 'attention_head_size': 1, 'learning_rate': 0.037390061574280396}. Best is trial 1 with value: 0.05590371415019035.
LOCAL_RANK: 0 - CUDA_VISIBLE_DEVICES: [0]
[I 2023-12-15 14:05:09,340] Trial 43 finished with value: 0.1856195330619812 and parameters: {'gradient_clip_val': 0.8684415491487524, 'hidden_size': 58, 'dropout': 0.1978869076787656, 'hidden_continuous_size': 13, 'attention_head_size': 1, 'learning_rate': 0.049514139636964376}. Best is trial 1 with value: 0.05590371415019035.
LOCAL_RANK: 0 - CUDA_VISIBLE_DEVICES: [0]
[I 2023-12-15 14:06:02,307] Trial 44 finished with value: 0.1618591845035553 and parameters: {'gradient_clip_val': 0.7258586085582472, 'hidden_size': 81, 'dropout': 0.2540791409766866, 'hidden_continuous_size': 11, 'attention_head_size': 1, 'learning_rate': 0.03094113367731177}. Best is trial 1 with value: 0.05590371415019035.
LOCAL_RANK: 0 - CUDA_VISIBLE_DEVICES: [0]
[I 2023-12-15 14:06:53,742] Trial 45 finished with value: 0.10821205377578735 and parameters: {'gradient_clip_val': 0.49454299018583664, 'hidden_size': 34, 'dropout': 0.2667849781085433, 'hidden_continuous_size': 16, 'attention_head_size': 3, 'learning_rate': 0.09258380882806651}. Best is trial 1 with value: 0.05590371415019035.
LOCAL_RANK: 0 - CUDA_VISIBLE_DEVICES: [0]
[I 2023-12-15 14:07:46,242] Trial 46 finished with value: 0.26850494742393494 and parameters: {'gradient_clip_val': 0.6735101459155797, 'hidden_size': 59, 'dropout': 0.18066266153738358, 'hidden_continuous_size': 9, 'attention_head_size': 2, 'learning_rate': 0.0167575702112479}. Best is trial 1 with value: 0.05590371415019035.
LOCAL_RANK: 0 - CUDA_VISIBLE_DEVICES: [0]
[I 2023-12-15 14:08:40,313] Trial 47 finished with value: 0.6601302623748779 and parameters: {'gradient_clip_val': 0.6046109653630136, 'hidden_size': 93, 'dropout': 0.21586807193714314, 'hidden_continuous_size': 12, 'attention_head_size': 1, 'learning_rate': 0.004951461064191722}. Best is trial 1 with value: 0.05590371415019035.
LOCAL_RANK: 0 - CUDA_VISIBLE_DEVICES: [0]
[I 2023-12-15 14:09:32,380] Trial 48 finished with value: 0.12017407268285751 and parameters: {'gradient_clip_val': 0.41451087740307496, 'hidden_size': 68, 'dropout': 0.19392637578597724, 'hidden_continuous_size': 7, 'attention_head_size': 3, 'learning_rate': 0.00826599291385426}. Best is trial 1 with value: 0.05590371415019035.
LOCAL_RANK: 0 - CUDA_VISIBLE_DEVICES: [0]
[I 2023-12-15 14:10:17,801] Trial 49 finished with value: 0.10772033780813217 and parameters: {'gradient_clip_val': 0.5037103446641552, 'hidden_size': 14, 'dropout': 0.105418378675391, 'hidden_continuous_size': 8, 'attention_head_size': 1, 'learning_rate': 0.010656600566945803}. Best is trial 1 with value: 0.05590371415019035.
[I 2023-12-15 14:10:17,911] A new study created in memory with name: no-name-4842636c-5bb5-4e4a-a428-c31dc9e3a8ea
/home/le004/conda/anaconda3/envs/tsff_env/lib/python3.9/site-packages/lightning/fabric/plugins/environments/slurm.py:191: The `srun` command is available on your system but is not used. HINT: If your intention is to run Lightning on SLURM, prepend your python command with `srun` like so: srun python /home/le004/master_thesis/git/TSFusionForecast/code/ ...
LOCAL_RANK: 0 - CUDA_VISIBLE_DEVICES: [0]
[I 2023-12-15 14:10:52,355] Trial 0 finished with value: 0.8631202578544617 and parameters: {'gradient_clip_val': 0.5733795494370856, 'hidden_size': 7, 'dropout': 0.3235783844575884, 'hidden_continuous_size': 7, 'attention_head_size': 3, 'learning_rate': 0.0044532308999631065}. Best is trial 0 with value: 0.8631202578544617.
LOCAL_RANK: 0 - CUDA_VISIBLE_DEVICES: [0]
[I 2023-12-15 14:11:50,472] Trial 1 finished with value: 0.10839944332838058 and parameters: {'gradient_clip_val': 0.2915968746087961, 'hidden_size': 98, 'dropout': 0.18487284492018083, 'hidden_continuous_size': 65, 'attention_head_size': 3, 'learning_rate': 0.0812308922968415}. Best is trial 1 with value: 0.10839944332838058.
LOCAL_RANK: 0 - CUDA_VISIBLE_DEVICES: [0]
[I 2023-12-15 14:12:36,224] Trial 2 finished with value: 1.6970387697219849 and parameters: {'gradient_clip_val': 0.1205076023560608, 'hidden_size': 6, 'dropout': 0.3526699249530757, 'hidden_continuous_size': 5, 'attention_head_size': 4, 'learning_rate': 0.000618571890453919}. Best is trial 1 with value: 0.10839944332838058.
LOCAL_RANK: 0 - CUDA_VISIBLE_DEVICES: [0]
[I 2023-12-15 14:13:28,134] Trial 3 finished with value: 0.06992456316947937 and parameters: {'gradient_clip_val': 0.15785121363373625, 'hidden_size': 58, 'dropout': 0.30124388008725694, 'hidden_continuous_size': 6, 'attention_head_size': 3, 'learning_rate': 0.05914735928227126}. Best is trial 3 with value: 0.06992456316947937.
LOCAL_RANK: 0 - CUDA_VISIBLE_DEVICES: [0]
[I 2023-12-15 14:14:21,127] Trial 4 finished with value: 0.14940926432609558 and parameters: {'gradient_clip_val': 0.3057917762010435, 'hidden_size': 68, 'dropout': 0.2189592498328497, 'hidden_continuous_size': 19, 'attention_head_size': 3, 'learning_rate': 0.04607330844014251}. Best is trial 3 with value: 0.06992456316947937.
LOCAL_RANK: 0 - CUDA_VISIBLE_DEVICES: [0]
[I 2023-12-15 14:15:07,234] Trial 5 finished with value: 0.35138654708862305 and parameters: {'gradient_clip_val': 0.13991120640834626, 'hidden_size': 14, 'dropout': 0.3303872817445235, 'hidden_continuous_size': 7, 'attention_head_size': 3, 'learning_rate': 0.010726209538650588}. Best is trial 3 with value: 0.06992456316947937.
LOCAL_RANK: 0 - CUDA_VISIBLE_DEVICES: [0]
[I 2023-12-15 14:15:55,410] Trial 6 finished with value: 0.18075735867023468 and parameters: {'gradient_clip_val': 0.6269779885616765, 'hidden_size': 21, 'dropout': 0.36761470810334695, 'hidden_continuous_size': 9, 'attention_head_size': 1, 'learning_rate': 0.015812785329286844}. Best is trial 3 with value: 0.06992456316947937.
LOCAL_RANK: 0 - CUDA_VISIBLE_DEVICES: [0]
[I 2023-12-15 14:16:28,701] Trial 7 finished with value: 1.692460536956787 and parameters: {'gradient_clip_val': 0.13351189311569872, 'hidden_size': 8, 'dropout': 0.21734783760525125, 'hidden_continuous_size': 8, 'attention_head_size': 1, 'learning_rate': 0.0010305874800500023}. Best is trial 3 with value: 0.06992456316947937.
LOCAL_RANK: 0 - CUDA_VISIBLE_DEVICES: [0]
[I 2023-12-15 14:17:19,640] Trial 8 finished with value: 0.1799597144126892 and parameters: {'gradient_clip_val': 0.15791331864325445, 'hidden_size': 27, 'dropout': 0.24836805203650406, 'hidden_continuous_size': 22, 'attention_head_size': 4, 'learning_rate': 0.0017110915909617213}. Best is trial 3 with value: 0.06992456316947937.
LOCAL_RANK: 0 - CUDA_VISIBLE_DEVICES: [0]
[I 2023-12-15 14:18:17,111] Trial 9 finished with value: 0.46822524070739746 and parameters: {'gradient_clip_val': 0.5185157435074312, 'hidden_size': 92, 'dropout': 0.19055201255981702, 'hidden_continuous_size': 83, 'attention_head_size': 4, 'learning_rate': 0.0011952110118027609}. Best is trial 3 with value: 0.06992456316947937.
LOCAL_RANK: 0 - CUDA_VISIBLE_DEVICES: [0]
[I 2023-12-15 14:19:07,748] Trial 10 finished with value: 0.3892672061920166 and parameters: {'gradient_clip_val': 0.980158996558875, 'hidden_size': 47, 'dropout': 0.12302284990058887, 'hidden_continuous_size': 5, 'attention_head_size': 2, 'learning_rate': 0.029501908533024614}. Best is trial 3 with value: 0.06992456316947937.
LOCAL_RANK: 0 - CUDA_VISIBLE_DEVICES: [0]
[I 2023-12-15 14:20:05,377] Trial 11 finished with value: 0.08862239122390747 and parameters: {'gradient_clip_val': 0.22257828662324225, 'hidden_size': 89, 'dropout': 0.2799925188298426, 'hidden_continuous_size': 83, 'attention_head_size': 2, 'learning_rate': 0.08720834003008908}. Best is trial 3 with value: 0.06992456316947937.
LOCAL_RANK: 0 - CUDA_VISIBLE_DEVICES: [0]
[I 2023-12-15 14:20:57,049] Trial 12 finished with value: 0.07192233204841614 and parameters: {'gradient_clip_val': 0.20434034628960698, 'hidden_size': 44, 'dropout': 0.29287604036294207, 'hidden_continuous_size': 13, 'attention_head_size': 2, 'learning_rate': 0.09264577891877891}. Best is trial 3 with value: 0.06992456316947937.
LOCAL_RANK: 0 - CUDA_VISIBLE_DEVICES: [0]
[I 2023-12-15 14:21:48,378] Trial 13 finished with value: 0.25652632117271423 and parameters: {'gradient_clip_val': 0.1967817816308345, 'hidden_size': 44, 'dropout': 0.395817141982429, 'hidden_continuous_size': 12, 'attention_head_size': 2, 'learning_rate': 0.030070113110024405}. Best is trial 3 with value: 0.06992456316947937.
LOCAL_RANK: 0 - CUDA_VISIBLE_DEVICES: [0]
[I 2023-12-15 14:22:40,927] Trial 14 finished with value: 0.1470685750246048 and parameters: {'gradient_clip_val': 0.10654291755178466, 'hidden_size': 47, 'dropout': 0.2935423404323548, 'hidden_continuous_size': 11, 'attention_head_size': 2, 'learning_rate': 0.0938737947482701}. Best is trial 3 with value: 0.06992456316947937.
LOCAL_RANK: 0 - CUDA_VISIBLE_DEVICES: [0]
[I 2023-12-15 14:23:29,754] Trial 15 finished with value: 0.49432888627052307 and parameters: {'gradient_clip_val': 0.2083515136495065, 'hidden_size': 35, 'dropout': 0.28912192089833005, 'hidden_continuous_size': 6, 'attention_head_size': 1, 'learning_rate': 0.050104159825004047}. Best is trial 3 with value: 0.06992456316947937.
LOCAL_RANK: 0 - CUDA_VISIBLE_DEVICES: [0]
[I 2023-12-15 14:24:22,763] Trial 16 finished with value: 0.1493081897497177 and parameters: {'gradient_clip_val': 0.16343844901472224, 'hidden_size': 54, 'dropout': 0.3119367356486037, 'hidden_continuous_size': 14, 'attention_head_size': 2, 'learning_rate': 0.019739434214347953}. Best is trial 3 with value: 0.06992456316947937.
LOCAL_RANK: 0 - CUDA_VISIBLE_DEVICES: [0]
[I 2023-12-15 14:25:16,017] Trial 17 finished with value: 0.1690293699502945 and parameters: {'gradient_clip_val': 0.11409271712496231, 'hidden_size': 63, 'dropout': 0.26582898673074906, 'hidden_continuous_size': 10, 'attention_head_size': 3, 'learning_rate': 0.006124464761337817}. Best is trial 3 with value: 0.06992456316947937.
LOCAL_RANK: 0 - CUDA_VISIBLE_DEVICES: [0]
[I 2023-12-15 14:26:05,320] Trial 18 finished with value: 0.19238002598285675 and parameters: {'gradient_clip_val': 0.2344960487880248, 'hidden_size': 34, 'dropout': 0.34715443276099267, 'hidden_continuous_size': 6, 'attention_head_size': 2, 'learning_rate': 0.0474814439578035}. Best is trial 3 with value: 0.06992456316947937.
LOCAL_RANK: 0 - CUDA_VISIBLE_DEVICES: [0]
[I 2023-12-15 14:26:58,699] Trial 19 finished with value: 0.08033958822488785 and parameters: {'gradient_clip_val': 0.1019291965128209, 'hidden_size': 72, 'dropout': 0.29351721659543595, 'hidden_continuous_size': 14, 'attention_head_size': 3, 'learning_rate': 0.09743901396434507}. Best is trial 3 with value: 0.06992456316947937.
LOCAL_RANK: 0 - CUDA_VISIBLE_DEVICES: [0]
[I 2023-12-15 14:27:47,491] Trial 20 finished with value: 0.34473738074302673 and parameters: {'gradient_clip_val': 0.16085592097191193, 'hidden_size': 22, 'dropout': 0.250827571290006, 'hidden_continuous_size': 5, 'attention_head_size': 4, 'learning_rate': 0.027049056039549987}. Best is trial 3 with value: 0.06992456316947937.
LOCAL_RANK: 0 - CUDA_VISIBLE_DEVICES: [0]
[I 2023-12-15 14:28:41,481] Trial 21 finished with value: 0.0992036834359169 and parameters: {'gradient_clip_val': 0.11617683301739565, 'hidden_size': 71, 'dropout': 0.2970171228228305, 'hidden_continuous_size': 15, 'attention_head_size': 3, 'learning_rate': 0.06418069626219977}. Best is trial 3 with value: 0.06992456316947937.
LOCAL_RANK: 0 - CUDA_VISIBLE_DEVICES: [0]
[I 2023-12-15 14:29:35,444] Trial 22 finished with value: 0.1306689828634262 and parameters: {'gradient_clip_val': 0.10167876897487081, 'hidden_size': 63, 'dropout': 0.31372095177666387, 'hidden_continuous_size': 21, 'attention_head_size': 3, 'learning_rate': 0.09035013435042684}. Best is trial 3 with value: 0.06992456316947937.
LOCAL_RANK: 0 - CUDA_VISIBLE_DEVICES: [0]
[I 2023-12-15 14:30:29,372] Trial 23 finished with value: 0.2321956306695938 and parameters: {'gradient_clip_val': 0.14056126085504306, 'hidden_size': 74, 'dropout': 0.2768293514592675, 'hidden_continuous_size': 15, 'attention_head_size': 3, 'learning_rate': 0.05028827093820498}. Best is trial 3 with value: 0.06992456316947937.
LOCAL_RANK: 0 - CUDA_VISIBLE_DEVICES: [0]
[I 2023-12-15 14:31:20,893] Trial 24 finished with value: 0.10765727609395981 and parameters: {'gradient_clip_val': 0.10028068242350291, 'hidden_size': 41, 'dropout': 0.33316962809966616, 'hidden_continuous_size': 9, 'attention_head_size': 2, 'learning_rate': 0.0990467876023508}. Best is trial 3 with value: 0.06992456316947937.
LOCAL_RANK: 0 - CUDA_VISIBLE_DEVICES: [0]
[I 2023-12-15 14:32:13,278] Trial 25 finished with value: 0.12119311094284058 and parameters: {'gradient_clip_val': 0.1799502226198381, 'hidden_size': 56, 'dropout': 0.3089789181002583, 'hidden_continuous_size': 12, 'attention_head_size': 3, 'learning_rate': 0.06145948354460537}. Best is trial 3 with value: 0.06992456316947937.
LOCAL_RANK: 0 - CUDA_VISIBLE_DEVICES: [0]
[I 2023-12-15 14:33:08,349] Trial 26 finished with value: 0.4562342166900635 and parameters: {'gradient_clip_val': 0.2497521783969883, 'hidden_size': 75, 'dropout': 0.2688946786946398, 'hidden_continuous_size': 24, 'attention_head_size': 4, 'learning_rate': 0.034002604996907916}. Best is trial 3 with value: 0.06992456316947937.
LOCAL_RANK: 0 - CUDA_VISIBLE_DEVICES: [0]
[I 2023-12-15 14:34:01,149] Trial 27 finished with value: 0.13569702208042145 and parameters: {'gradient_clip_val': 0.19057784848721698, 'hidden_size': 53, 'dropout': 0.29700162993804946, 'hidden_continuous_size': 10, 'attention_head_size': 2, 'learning_rate': 0.04028565835462637}. Best is trial 3 with value: 0.06992456316947937.
LOCAL_RANK: 0 - CUDA_VISIBLE_DEVICES: [0]
[I 2023-12-15 14:34:51,684] Trial 28 finished with value: 0.11406021565198898 and parameters: {'gradient_clip_val': 0.12989856341454792, 'hidden_size': 37, 'dropout': 0.37303660290924784, 'hidden_continuous_size': 13, 'attention_head_size': 1, 'learning_rate': 0.06542031514739524}. Best is trial 3 with value: 0.06992456316947937.
LOCAL_RANK: 0 - CUDA_VISIBLE_DEVICES: [0]
[I 2023-12-15 14:35:45,815] Trial 29 finished with value: 0.4142133295536041 and parameters: {'gradient_clip_val': 0.15306481013690562, 'hidden_size': 100, 'dropout': 0.32193181165545687, 'hidden_continuous_size': 7, 'attention_head_size': 3, 'learning_rate': 0.02115131662241125}. Best is trial 3 with value: 0.06992456316947937.
LOCAL_RANK: 0 - CUDA_VISIBLE_DEVICES: [0]
[I 2023-12-15 14:36:38,019] Trial 30 finished with value: 0.14716683328151703 and parameters: {'gradient_clip_val': 0.17640855353146162, 'hidden_size': 56, 'dropout': 0.33626206516705925, 'hidden_continuous_size': 17, 'attention_head_size': 2, 'learning_rate': 0.012183363768366698}. Best is trial 3 with value: 0.06992456316947937.
LOCAL_RANK: 0 - CUDA_VISIBLE_DEVICES: [0]
[I 2023-12-15 14:37:32,119] Trial 31 finished with value: 0.1279761642217636 and parameters: {'gradient_clip_val': 0.22118393904312864, 'hidden_size': 75, 'dropout': 0.2794896053187598, 'hidden_continuous_size': 31, 'attention_head_size': 2, 'learning_rate': 0.0666979597239534}. Best is trial 3 with value: 0.06992456316947937.
LOCAL_RANK: 0 - CUDA_VISIBLE_DEVICES: [0]
[I 2023-12-15 14:38:27,958] Trial 32 finished with value: 0.1131332740187645 and parameters: {'gradient_clip_val': 0.2389577329430907, 'hidden_size': 92, 'dropout': 0.3076916475925658, 'hidden_continuous_size': 47, 'attention_head_size': 3, 'learning_rate': 0.0952494112676468}. Best is trial 3 with value: 0.06992456316947937.
LOCAL_RANK: 0 - CUDA_VISIBLE_DEVICES: [0]
[I 2023-12-15 14:39:22,628] Trial 33 finished with value: 0.08693799376487732 and parameters: {'gradient_clip_val': 0.2798455100610554, 'hidden_size': 85, 'dropout': 0.2585914846587417, 'hidden_continuous_size': 29, 'attention_head_size': 2, 'learning_rate': 0.07379196065493449}. Best is trial 3 with value: 0.06992456316947937.
LOCAL_RANK: 0 - CUDA_VISIBLE_DEVICES: [0]
