[I 2023-12-16 03:12:38,485] Trial 47 finished with value: 0.21067357063293457 and parameters: {'gradient_clip_val': 0.24446938944399835, 'hidden_size': 71, 'dropout': 0.18244834681642322, 'hidden_continuous_size': 27, 'attention_head_size': 1, 'learning_rate': 0.020806792895523507}. Best is trial 29 with value: 0.07812216132879257.
LOCAL_RANK: 0 - CUDA_VISIBLE_DEVICES: [0]
[I 2023-12-16 03:13:32,167] Trial 48 finished with value: 0.5769911408424377 and parameters: {'gradient_clip_val': 0.18278394573222873, 'hidden_size': 68, 'dropout': 0.1895564639325895, 'hidden_continuous_size': 23, 'attention_head_size': 2, 'learning_rate': 0.020822372426505}. Best is trial 29 with value: 0.07812216132879257.
LOCAL_RANK: 0 - CUDA_VISIBLE_DEVICES: [0]
[I 2023-12-16 03:14:27,755] Trial 49 finished with value: 0.29211971163749695 and parameters: {'gradient_clip_val': 0.196210527565158, 'hidden_size': 91, 'dropout': 0.2340725780145467, 'hidden_continuous_size': 30, 'attention_head_size': 3, 'learning_rate': 0.009153088493331563}. Best is trial 29 with value: 0.07812216132879257.
[I 2023-12-16 03:14:27,853] A new study created in memory with name: no-name-189b5264-c11a-4f1d-b9bc-b0beffb53139
/home/le004/conda/anaconda3/envs/tsff_env/lib/python3.9/site-packages/lightning/fabric/plugins/environments/slurm.py:191: The `srun` command is available on your system but is not used. HINT: If your intention is to run Lightning on SLURM, prepend your python command with `srun` like so: srun python /home/le004/master_thesis/git/TSFusionForecast/code/ ...
LOCAL_RANK: 0 - CUDA_VISIBLE_DEVICES: [0]
[I 2023-12-16 03:15:17,606] Trial 0 finished with value: 1.7405709028244019 and parameters: {'gradient_clip_val': 0.44974513593084914, 'hidden_size': 26, 'dropout': 0.13193562436670686, 'hidden_continuous_size': 15, 'attention_head_size': 4, 'learning_rate': 0.0020371896518755527}. Best is trial 0 with value: 1.7405709028244019.
LOCAL_RANK: 0 - CUDA_VISIBLE_DEVICES: [0]
[I 2023-12-16 03:16:10,519] Trial 1 finished with value: 1.7084589004516602 and parameters: {'gradient_clip_val': 0.12995152580982547, 'hidden_size': 52, 'dropout': 0.30042191653996453, 'hidden_continuous_size': 15, 'attention_head_size': 4, 'learning_rate': 0.04111708186708835}. Best is trial 1 with value: 1.7084589004516602.
LOCAL_RANK: 0 - CUDA_VISIBLE_DEVICES: [0]
[I 2023-12-16 03:17:05,127] Trial 2 finished with value: 1.8065136671066284 and parameters: {'gradient_clip_val': 0.33702192099967326, 'hidden_size': 80, 'dropout': 0.25518491117848535, 'hidden_continuous_size': 28, 'attention_head_size': 3, 'learning_rate': 0.038745361824814674}. Best is trial 1 with value: 1.7084589004516602.
LOCAL_RANK: 0 - CUDA_VISIBLE_DEVICES: [0]
[I 2023-12-16 03:17:40,270] Trial 3 finished with value: 1.1673341989517212 and parameters: {'gradient_clip_val': 0.5712823624100564, 'hidden_size': 5, 'dropout': 0.37210060977159065, 'hidden_continuous_size': 5, 'attention_head_size': 4, 'learning_rate': 0.00800662723365157}. Best is trial 3 with value: 1.1673341989517212.
LOCAL_RANK: 0 - CUDA_VISIBLE_DEVICES: [0]
[I 2023-12-16 03:18:27,737] Trial 4 finished with value: 1.6007236242294312 and parameters: {'gradient_clip_val': 0.2455760101810936, 'hidden_size': 18, 'dropout': 0.233218497334313, 'hidden_continuous_size': 6, 'attention_head_size': 4, 'learning_rate': 0.0570053455250518}. Best is trial 3 with value: 1.1673341989517212.
LOCAL_RANK: 0 - CUDA_VISIBLE_DEVICES: [0]
[I 2023-12-16 03:19:01,924] Trial 5 finished with value: 0.3068721294403076 and parameters: {'gradient_clip_val': 0.45754120201565635, 'hidden_size': 6, 'dropout': 0.38565294285131835, 'hidden_continuous_size': 6, 'attention_head_size': 3, 'learning_rate': 0.0313058557984788}. Best is trial 5 with value: 0.3068721294403076.
LOCAL_RANK: 0 - CUDA_VISIBLE_DEVICES: [0]
[I 2023-12-16 03:19:47,611] Trial 6 finished with value: 6.719675540924072 and parameters: {'gradient_clip_val': 0.13990627264183567, 'hidden_size': 16, 'dropout': 0.19534685930203957, 'hidden_continuous_size': 8, 'attention_head_size': 4, 'learning_rate': 0.020324662392354878}. Best is trial 5 with value: 0.3068721294403076.
LOCAL_RANK: 0 - CUDA_VISIBLE_DEVICES: [0]
[I 2023-12-16 03:20:33,167] Trial 7 finished with value: 3.924121141433716 and parameters: {'gradient_clip_val': 0.4659672076344264, 'hidden_size': 6, 'dropout': 0.3009022901758909, 'hidden_continuous_size': 5, 'attention_head_size': 4, 'learning_rate': 0.001410259322196461}. Best is trial 5 with value: 0.3068721294403076.
LOCAL_RANK: 0 - CUDA_VISIBLE_DEVICES: [0]
[I 2023-12-16 03:21:24,145] Trial 8 finished with value: 4.157258987426758 and parameters: {'gradient_clip_val': 0.5032746219873593, 'hidden_size': 52, 'dropout': 0.11520379292420074, 'hidden_continuous_size': 6, 'attention_head_size': 2, 'learning_rate': 0.0016675177877432674}. Best is trial 5 with value: 0.3068721294403076.
LOCAL_RANK: 0 - CUDA_VISIBLE_DEVICES: [0]
[I 2023-12-16 03:22:11,814] Trial 9 finished with value: 2.415482521057129 and parameters: {'gradient_clip_val': 0.24146581563783714, 'hidden_size': 18, 'dropout': 0.1905709815859853, 'hidden_continuous_size': 13, 'attention_head_size': 1, 'learning_rate': 0.03940011116852803}. Best is trial 5 with value: 0.3068721294403076.
LOCAL_RANK: 0 - CUDA_VISIBLE_DEVICES: [0]
[I 2023-12-16 03:22:55,871] Trial 10 finished with value: 3.8301475048065186 and parameters: {'gradient_clip_val': 0.8840522604101475, 'hidden_size': 8, 'dropout': 0.3993308774762291, 'hidden_continuous_size': 5, 'attention_head_size': 2, 'learning_rate': 0.08676629325942342}. Best is trial 5 with value: 0.3068721294403076.
LOCAL_RANK: 0 - CUDA_VISIBLE_DEVICES: [0]
[I 2023-12-16 03:23:30,550] Trial 11 finished with value: 0.7381064891815186 and parameters: {'gradient_clip_val': 0.7446610433313944, 'hidden_size': 5, 'dropout': 0.3972339003825528, 'hidden_continuous_size': 5, 'attention_head_size': 3, 'learning_rate': 0.006796286090897332}. Best is trial 5 with value: 0.3068721294403076.
LOCAL_RANK: 0 - CUDA_VISIBLE_DEVICES: [0]
[I 2023-12-16 03:24:16,249] Trial 12 finished with value: 1.448086142539978 and parameters: {'gradient_clip_val': 0.9732625739239866, 'hidden_size': 9, 'dropout': 0.35612166677325346, 'hidden_continuous_size': 5, 'attention_head_size': 3, 'learning_rate': 0.00851199264976242}. Best is trial 5 with value: 0.3068721294403076.
LOCAL_RANK: 0 - CUDA_VISIBLE_DEVICES: [0]
[I 2023-12-16 03:25:01,573] Trial 13 finished with value: 3.4223155975341797 and parameters: {'gradient_clip_val': 0.6983735438415765, 'hidden_size': 9, 'dropout': 0.3984347612692738, 'hidden_continuous_size': 5, 'attention_head_size': 3, 'learning_rate': 0.0037784109861042628}. Best is trial 5 with value: 0.3068721294403076.
LOCAL_RANK: 0 - CUDA_VISIBLE_DEVICES: [0]
[I 2023-12-16 03:25:35,478] Trial 14 finished with value: 2.8380470275878906 and parameters: {'gradient_clip_val': 0.7190765254291709, 'hidden_size': 5, 'dropout': 0.34461750840871497, 'hidden_continuous_size': 5, 'attention_head_size': 2, 'learning_rate': 0.0005014260706808483}. Best is trial 5 with value: 0.3068721294403076.
LOCAL_RANK: 0 - CUDA_VISIBLE_DEVICES: [0]
[I 2023-12-16 03:26:21,102] Trial 15 finished with value: 1.6599146127700806 and parameters: {'gradient_clip_val': 0.737623300913844, 'hidden_size': 7, 'dropout': 0.3242798018727432, 'hidden_continuous_size': 5, 'attention_head_size': 3, 'learning_rate': 0.020472821933804935}. Best is trial 5 with value: 0.3068721294403076.
LOCAL_RANK: 0 - CUDA_VISIBLE_DEVICES: [0]
[I 2023-12-16 03:27:06,065] Trial 16 finished with value: 2.0242533683776855 and parameters: {'gradient_clip_val': 0.3595706943247785, 'hidden_size': 11, 'dropout': 0.37089594026304384, 'hidden_continuous_size': 6, 'attention_head_size': 1, 'learning_rate': 0.013517865846594068}. Best is trial 5 with value: 0.3068721294403076.
LOCAL_RANK: 0 - CUDA_VISIBLE_DEVICES: [0]
[I 2023-12-16 03:27:40,418] Trial 17 finished with value: 0.5185489654541016 and parameters: {'gradient_clip_val': 0.5917570830605398, 'hidden_size': 5, 'dropout': 0.32720787559817155, 'hidden_continuous_size': 5, 'attention_head_size': 3, 'learning_rate': 0.0048880463634797845}. Best is trial 5 with value: 0.3068721294403076.
LOCAL_RANK: 0 - CUDA_VISIBLE_DEVICES: [0]
[I 2023-12-16 03:28:25,952] Trial 18 finished with value: 2.019561529159546 and parameters: {'gradient_clip_val': 0.5951863975681011, 'hidden_size': 13, 'dropout': 0.32280020608719595, 'hidden_continuous_size': 6, 'attention_head_size': 2, 'learning_rate': 0.004702998561774165}. Best is trial 5 with value: 0.3068721294403076.
LOCAL_RANK: 0 - CUDA_VISIBLE_DEVICES: [0]
[I 2023-12-16 03:29:11,430] Trial 19 finished with value: 0.10879752784967422 and parameters: {'gradient_clip_val': 0.39403882221847786, 'hidden_size': 7, 'dropout': 0.3432277376412667, 'hidden_continuous_size': 6, 'attention_head_size': 3, 'learning_rate': 0.020921611232004526}. Best is trial 19 with value: 0.10879752784967422.
LOCAL_RANK: 0 - CUDA_VISIBLE_DEVICES: [0]
[I 2023-12-16 03:29:56,481] Trial 20 finished with value: 1.2816110849380493 and parameters: {'gradient_clip_val': 0.39700941762630915, 'hidden_size': 7, 'dropout': 0.29044927219933, 'hidden_continuous_size': 6, 'attention_head_size': 2, 'learning_rate': 0.021487874042234064}. Best is trial 19 with value: 0.10879752784967422.
LOCAL_RANK: 0 - CUDA_VISIBLE_DEVICES: [0]
[I 2023-12-16 03:30:42,151] Trial 21 finished with value: 4.520284175872803 and parameters: {'gradient_clip_val': 0.530717040490206, 'hidden_size': 6, 'dropout': 0.33042321921999707, 'hidden_continuous_size': 5, 'attention_head_size': 3, 'learning_rate': 0.013312072256664762}. Best is trial 19 with value: 0.10879752784967422.
LOCAL_RANK: 0 - CUDA_VISIBLE_DEVICES: [0]
[I 2023-12-16 03:31:27,835] Trial 22 finished with value: 2.6932179927825928 and parameters: {'gradient_clip_val': 0.42343620456956593, 'hidden_size': 10, 'dropout': 0.35522714858153187, 'hidden_continuous_size': 6, 'attention_head_size': 3, 'learning_rate': 0.025793474381027765}. Best is trial 19 with value: 0.10879752784967422.
LOCAL_RANK: 0 - CUDA_VISIBLE_DEVICES: [0]
[I 2023-12-16 03:32:13,341] Trial 23 finished with value: 1.9097480773925781 and parameters: {'gradient_clip_val': 0.31569142695252594, 'hidden_size': 7, 'dropout': 0.34316317534761726, 'hidden_continuous_size': 6, 'attention_head_size': 3, 'learning_rate': 0.09219723757735439}. Best is trial 19 with value: 0.10879752784967422.
LOCAL_RANK: 0 - CUDA_VISIBLE_DEVICES: [0]
[I 2023-12-16 03:32:47,924] Trial 24 finished with value: 1.3346449136734009 and parameters: {'gradient_clip_val': 0.611534488244093, 'hidden_size': 5, 'dropout': 0.37225299820885377, 'hidden_continuous_size': 5, 'attention_head_size': 3, 'learning_rate': 0.012607601304490717}. Best is trial 19 with value: 0.10879752784967422.
LOCAL_RANK: 0 - CUDA_VISIBLE_DEVICES: [0]
[I 2023-12-16 03:33:32,160] Trial 25 finished with value: 3.544934034347534 and parameters: {'gradient_clip_val': 0.49650948717586246, 'hidden_size': 12, 'dropout': 0.31634957910792927, 'hidden_continuous_size': 7, 'attention_head_size': 2, 'learning_rate': 0.028857065934567272}. Best is trial 19 with value: 0.10879752784967422.
LOCAL_RANK: 0 - CUDA_VISIBLE_DEVICES: [0]
[I 2023-12-16 03:34:16,775] Trial 26 finished with value: 0.5541340112686157 and parameters: {'gradient_clip_val': 0.38236064036330847, 'hidden_size': 8, 'dropout': 0.2813387592906942, 'hidden_continuous_size': 6, 'attention_head_size': 3, 'learning_rate': 0.05615086286476604}. Best is trial 19 with value: 0.10879752784967422.
LOCAL_RANK: 0 - CUDA_VISIBLE_DEVICES: [0]
[I 2023-12-16 03:35:02,131] Trial 27 finished with value: 3.182217597961426 and parameters: {'gradient_clip_val': 0.6284874471617568, 'hidden_size': 6, 'dropout': 0.36933679274684544, 'hidden_continuous_size': 5, 'attention_head_size': 3, 'learning_rate': 0.01380726469754058}. Best is trial 19 with value: 0.10879752784967422.
LOCAL_RANK: 0 - CUDA_VISIBLE_DEVICES: [0]
[I 2023-12-16 03:35:47,749] Trial 28 finished with value: 2.8295094966888428 and parameters: {'gradient_clip_val': 0.29783375855584526, 'hidden_size': 11, 'dropout': 0.334982772638561, 'hidden_continuous_size': 7, 'attention_head_size': 2, 'learning_rate': 0.016992477783612066}. Best is trial 19 with value: 0.10879752784967422.
LOCAL_RANK: 0 - CUDA_VISIBLE_DEVICES: [0]
[I 2023-12-16 03:36:37,221] Trial 29 finished with value: 3.414173126220703 and parameters: {'gradient_clip_val': 0.4473820148569202, 'hidden_size': 23, 'dropout': 0.309532254655756, 'hidden_continuous_size': 9, 'attention_head_size': 4, 'learning_rate': 0.030232108448098566}. Best is trial 19 with value: 0.10879752784967422.
LOCAL_RANK: 0 - CUDA_VISIBLE_DEVICES: [0]
[I 2023-12-16 03:37:23,811] Trial 30 finished with value: 0.5459553599357605 and parameters: {'gradient_clip_val': 0.44067672464409835, 'hidden_size': 14, 'dropout': 0.3523988126239892, 'hidden_continuous_size': 7, 'attention_head_size': 4, 'learning_rate': 0.010552551572537046}. Best is trial 19 with value: 0.10879752784967422.
LOCAL_RANK: 0 - CUDA_VISIBLE_DEVICES: [0]
[I 2023-12-16 03:38:10,065] Trial 31 finished with value: 0.6950206756591797 and parameters: {'gradient_clip_val': 0.4395590874990566, 'hidden_size': 14, 'dropout': 0.34948334912169576, 'hidden_continuous_size': 7, 'attention_head_size': 4, 'learning_rate': 0.010204334724158088}. Best is trial 19 with value: 0.10879752784967422.
LOCAL_RANK: 0 - CUDA_VISIBLE_DEVICES: [0]
[I 2023-12-16 03:38:59,190] Trial 32 finished with value: 1.8230692148208618 and parameters: {'gradient_clip_val': 0.5562563764306152, 'hidden_size': 28, 'dropout': 0.37473409902380045, 'hidden_continuous_size': 9, 'attention_head_size': 4, 'learning_rate': 0.005738360571211939}. Best is trial 19 with value: 0.10879752784967422.
LOCAL_RANK: 0 - CUDA_VISIBLE_DEVICES: [0]
[I 2023-12-16 03:39:45,426] Trial 33 finished with value: 2.3710200786590576 and parameters: {'gradient_clip_val': 0.38292576217025137, 'hidden_size': 9, 'dropout': 0.33853142908910744, 'hidden_continuous_size': 7, 'attention_head_size': 4, 'learning_rate': 0.009399766356698327}. Best is trial 19 with value: 0.10879752784967422.
LOCAL_RANK: 0 - CUDA_VISIBLE_DEVICES: [0]
[I 2023-12-16 03:40:30,858] Trial 34 finished with value: 2.669279098510742 and parameters: {'gradient_clip_val': 0.5202132695786789, 'hidden_size': 6, 'dropout': 0.31200626521991665, 'hidden_continuous_size': 5, 'attention_head_size': 3, 'learning_rate': 0.0034781371569804135}. Best is trial 19 with value: 0.10879752784967422.
LOCAL_RANK: 0 - CUDA_VISIBLE_DEVICES: [0]
[I 2023-12-16 03:41:06,046] Trial 35 finished with value: 3.1335227489471436 and parameters: {'gradient_clip_val': 0.46917733059239286, 'hidden_size': 5, 'dropout': 0.2803122876136187, 'hidden_continuous_size': 5, 'attention_head_size': 4, 'learning_rate': 0.015921510892737568}. Best is trial 19 with value: 0.10879752784967422.
LOCAL_RANK: 0 - CUDA_VISIBLE_DEVICES: [0]
[I 2023-12-16 03:41:51,984] Trial 36 finished with value: 0.4340238571166992 and parameters: {'gradient_clip_val': 0.32100416554390987, 'hidden_size': 14, 'dropout': 0.35881028360004774, 'hidden_continuous_size': 7, 'attention_head_size': 3, 'learning_rate': 0.030932411912745168}. Best is trial 19 with value: 0.10879752784967422.
LOCAL_RANK: 0 - CUDA_VISIBLE_DEVICES: [0]
[I 2023-12-16 03:42:37,880] Trial 37 finished with value: 3.036592721939087 and parameters: {'gradient_clip_val': 0.3092631128924588, 'hidden_size': 10, 'dropout': 0.3742098678794597, 'hidden_continuous_size': 6, 'attention_head_size': 3, 'learning_rate': 0.050431579972779056}. Best is trial 19 with value: 0.10879752784967422.
LOCAL_RANK: 0 - CUDA_VISIBLE_DEVICES: [0]
[I 2023-12-16 03:43:22,326] Trial 38 finished with value: 1.9725497961044312 and parameters: {'gradient_clip_val': 0.27373124119942965, 'hidden_size': 8, 'dropout': 0.32721401134924394, 'hidden_continuous_size': 6, 'attention_head_size': 3, 'learning_rate': 0.03909153405672743}. Best is trial 19 with value: 0.10879752784967422.
LOCAL_RANK: 0 - CUDA_VISIBLE_DEVICES: [0]
[I 2023-12-16 03:43:56,607] Trial 39 finished with value: 0.7242419123649597 and parameters: {'gradient_clip_val': 0.32929671460185933, 'hidden_size': 6, 'dropout': 0.38364591268676, 'hidden_continuous_size': 6, 'attention_head_size': 3, 'learning_rate': 0.030585243933478463}. Best is trial 19 with value: 0.10879752784967422.
LOCAL_RANK: 0 - CUDA_VISIBLE_DEVICES: [0]
[I 2023-12-16 03:44:42,150] Trial 40 finished with value: 1.3855468034744263 and parameters: {'gradient_clip_val': 0.22069339317577102, 'hidden_size': 16, 'dropout': 0.3611406021215414, 'hidden_continuous_size': 8, 'attention_head_size': 3, 'learning_rate': 0.023692087178715293}. Best is trial 19 with value: 0.10879752784967422.
LOCAL_RANK: 0 - CUDA_VISIBLE_DEVICES: [0]
[I 2023-12-16 03:45:28,479] Trial 41 finished with value: 1.833266258239746 and parameters: {'gradient_clip_val': 0.35964148377173905, 'hidden_size': 14, 'dropout': 0.3862414941012581, 'hidden_continuous_size': 7, 'attention_head_size': 4, 'learning_rate': 0.01823018793572816}. Best is trial 19 with value: 0.10879752784967422.
LOCAL_RANK: 0 - CUDA_VISIBLE_DEVICES: [0]
[I 2023-12-16 03:46:16,750] Trial 42 finished with value: 1.0443233251571655 and parameters: {'gradient_clip_val': 0.4103043975402064, 'hidden_size': 20, 'dropout': 0.355127783837268, 'hidden_continuous_size': 11, 'attention_head_size': 4, 'learning_rate': 0.032139778699661226}. Best is trial 19 with value: 0.10879752784967422.
LOCAL_RANK: 0 - CUDA_VISIBLE_DEVICES: [0]
[I 2023-12-16 03:47:02,980] Trial 43 finished with value: 3.6941568851470947 and parameters: {'gradient_clip_val': 0.4820904266769493, 'hidden_size': 15, 'dropout': 0.35946988476220304, 'hidden_continuous_size': 8, 'attention_head_size': 3, 'learning_rate': 0.01042250212017447}. Best is trial 19 with value: 0.10879752784967422.
LOCAL_RANK: 0 - CUDA_VISIBLE_DEVICES: [0]
[I 2023-12-16 03:47:47,927] Trial 44 finished with value: 3.3101730346679688 and parameters: {'gradient_clip_val': 0.4315938777950666, 'hidden_size': 12, 'dropout': 0.3430558992304919, 'hidden_continuous_size': 7, 'attention_head_size': 3, 'learning_rate': 0.04652114187939202}. Best is trial 19 with value: 0.10879752784967422.
LOCAL_RANK: 0 - CUDA_VISIBLE_DEVICES: [0]
[I 2023-12-16 03:48:38,037] Trial 45 finished with value: 1.9301584959030151 and parameters: {'gradient_clip_val': 0.3518997501591324, 'hidden_size': 26, 'dropout': 0.38399903794057105, 'hidden_continuous_size': 22, 'attention_head_size': 2, 'learning_rate': 0.00674410337786388}. Best is trial 19 with value: 0.10879752784967422.
LOCAL_RANK: 0 - CUDA_VISIBLE_DEVICES: [0]
[I 2023-12-16 03:49:12,535] Trial 46 finished with value: 0.04357382655143738 and parameters: {'gradient_clip_val': 0.53647701548631, 'hidden_size': 5, 'dropout': 0.30610922234337135, 'hidden_continuous_size': 5, 'attention_head_size': 3, 'learning_rate': 0.06098635092358908}. Best is trial 46 with value: 0.04357382655143738.
LOCAL_RANK: 0 - CUDA_VISIBLE_DEVICES: [0]
[I 2023-12-16 03:49:47,035] Trial 47 finished with value: 2.8231732845306396 and parameters: {'gradient_clip_val': 0.5510056179604769, 'hidden_size': 5, 'dropout': 0.30212712901379984, 'hidden_continuous_size': 5, 'attention_head_size': 3, 'learning_rate': 0.08082033946956767}. Best is trial 46 with value: 0.04357382655143738.
LOCAL_RANK: 0 - CUDA_VISIBLE_DEVICES: [0]
[I 2023-12-16 03:50:32,632] Trial 48 finished with value: 1.6975475549697876 and parameters: {'gradient_clip_val': 0.6777291065160029, 'hidden_size': 7, 'dropout': 0.2579105096444567, 'hidden_continuous_size': 5, 'attention_head_size': 3, 'learning_rate': 0.06713287823465977}. Best is trial 46 with value: 0.04357382655143738.
LOCAL_RANK: 0 - CUDA_VISIBLE_DEVICES: [0]
[I 2023-12-16 03:51:07,138] Trial 49 finished with value: 2.917689085006714 and parameters: {'gradient_clip_val': 0.8365696270021157, 'hidden_size': 5, 'dropout': 0.3308963853523313, 'hidden_continuous_size': 5, 'attention_head_size': 3, 'learning_rate': 0.04275195133899987}. Best is trial 46 with value: 0.04357382655143738.
[I 2023-12-16 03:51:07,231] A new study created in memory with name: no-name-d484bf6a-600d-4e60-8cdb-85240208b5a1
/home/le004/conda/anaconda3/envs/tsff_env/lib/python3.9/site-packages/lightning/fabric/plugins/environments/slurm.py:191: The `srun` command is available on your system but is not used. HINT: If your intention is to run Lightning on SLURM, prepend your python command with `srun` like so: srun python /home/le004/master_thesis/git/TSFusionForecast/code/ ...
LOCAL_RANK: 0 - CUDA_VISIBLE_DEVICES: [0]
[I 2023-12-16 03:51:51,283] Trial 0 finished with value: 0.8516767621040344 and parameters: {'gradient_clip_val': 0.5474832246650879, 'hidden_size': 8, 'dropout': 0.3594731393839735, 'hidden_continuous_size': 5, 'attention_head_size': 2, 'learning_rate': 0.018830593651476043}. Best is trial 0 with value: 0.8516767621040344.
LOCAL_RANK: 0 - CUDA_VISIBLE_DEVICES: [0]
[I 2023-12-16 03:52:25,301] Trial 1 finished with value: 0.8370651602745056 and parameters: {'gradient_clip_val': 0.36963721644281505, 'hidden_size': 5, 'dropout': 0.1705316405675626, 'hidden_continuous_size': 5, 'attention_head_size': 2, 'learning_rate': 0.016483542782461683}. Best is trial 1 with value: 0.8370651602745056.
LOCAL_RANK: 0 - CUDA_VISIBLE_DEVICES: [0]
[I 2023-12-16 03:53:10,925] Trial 2 finished with value: 0.9304371476173401 and parameters: {'gradient_clip_val': 0.36559009310675583, 'hidden_size': 9, 'dropout': 0.3123449235108774, 'hidden_continuous_size': 6, 'attention_head_size': 3, 'learning_rate': 0.09644236151574838}. Best is trial 1 with value: 0.8370651602745056.
LOCAL_RANK: 0 - CUDA_VISIBLE_DEVICES: [0]
