[I 2023-12-16 02:06:37,454] Trial 48 finished with value: 12.123764038085938 and parameters: {'gradient_clip_val': 0.24235274018122174, 'hidden_size': 39, 'dropout': 0.12798052794542314, 'hidden_continuous_size': 33, 'attention_head_size': 2, 'learning_rate': 0.0007220776479075866}. Best is trial 17 with value: 9.59682846069336.
LOCAL_RANK: 0 - CUDA_VISIBLE_DEVICES: [0]
[I 2023-12-16 02:07:30,062] Trial 49 finished with value: 10.120147705078125 and parameters: {'gradient_clip_val': 0.317352015052461, 'hidden_size': 48, 'dropout': 0.16072737095171383, 'hidden_continuous_size': 41, 'attention_head_size': 3, 'learning_rate': 0.0021529555110816586}. Best is trial 17 with value: 9.59682846069336.
[I 2023-12-16 02:07:30,157] A new study created in memory with name: no-name-886d19ac-e575-400e-bb0b-1e5b2dc05875
/home/le004/conda/anaconda3/envs/tsff_env/lib/python3.9/site-packages/lightning/fabric/plugins/environments/slurm.py:191: The `srun` command is available on your system but is not used. HINT: If your intention is to run Lightning on SLURM, prepend your python command with `srun` like so: srun python /home/le004/master_thesis/git/TSFusionForecast/code/ ...
LOCAL_RANK: 0 - CUDA_VISIBLE_DEVICES: [0]
[I 2023-12-16 02:08:27,126] Trial 0 finished with value: 68.11164093017578 and parameters: {'gradient_clip_val': 0.11818912799996968, 'hidden_size': 94, 'dropout': 0.20681004898530947, 'hidden_continuous_size': 90, 'attention_head_size': 1, 'learning_rate': 0.0016355847271809132}. Best is trial 0 with value: 68.11164093017578.
LOCAL_RANK: 0 - CUDA_VISIBLE_DEVICES: [0]
[I 2023-12-16 02:09:13,088] Trial 1 finished with value: 47.63216781616211 and parameters: {'gradient_clip_val': 0.14736336922287818, 'hidden_size': 13, 'dropout': 0.3077351856304753, 'hidden_continuous_size': 8, 'attention_head_size': 4, 'learning_rate': 0.00141005576554414}. Best is trial 1 with value: 47.63216781616211.
LOCAL_RANK: 0 - CUDA_VISIBLE_DEVICES: [0]
[I 2023-12-16 02:09:58,494] Trial 2 finished with value: 74.29045104980469 and parameters: {'gradient_clip_val': 0.4208375487910834, 'hidden_size': 11, 'dropout': 0.360487520639012, 'hidden_continuous_size': 10, 'attention_head_size': 2, 'learning_rate': 0.0006744668959915037}. Best is trial 1 with value: 47.63216781616211.
LOCAL_RANK: 0 - CUDA_VISIBLE_DEVICES: [0]
[I 2023-12-16 02:10:49,441] Trial 3 finished with value: 72.10174560546875 and parameters: {'gradient_clip_val': 0.12800306527670371, 'hidden_size': 65, 'dropout': 0.3020335902257416, 'hidden_continuous_size': 5, 'attention_head_size': 3, 'learning_rate': 0.00616784722176574}. Best is trial 1 with value: 47.63216781616211.
LOCAL_RANK: 0 - CUDA_VISIBLE_DEVICES: [0]
[I 2023-12-16 02:11:43,182] Trial 4 finished with value: 73.54383850097656 and parameters: {'gradient_clip_val': 0.2541146726017824, 'hidden_size': 63, 'dropout': 0.2733456517136428, 'hidden_continuous_size': 49, 'attention_head_size': 1, 'learning_rate': 0.0016835811648773643}. Best is trial 1 with value: 47.63216781616211.
LOCAL_RANK: 0 - CUDA_VISIBLE_DEVICES: [0]
[I 2023-12-16 02:12:27,942] Trial 5 finished with value: 50.95254898071289 and parameters: {'gradient_clip_val': 0.16311776564572178, 'hidden_size': 10, 'dropout': 0.27016280664437153, 'hidden_continuous_size': 8, 'attention_head_size': 1, 'learning_rate': 0.0035433437859774997}. Best is trial 1 with value: 47.63216781616211.
LOCAL_RANK: 0 - CUDA_VISIBLE_DEVICES: [0]
[I 2023-12-16 02:13:16,692] Trial 6 finished with value: 56.7471809387207 and parameters: {'gradient_clip_val': 0.3343977548977297, 'hidden_size': 33, 'dropout': 0.37896271372143864, 'hidden_continuous_size': 6, 'attention_head_size': 3, 'learning_rate': 0.03668045754845161}. Best is trial 1 with value: 47.63216781616211.
LOCAL_RANK: 0 - CUDA_VISIBLE_DEVICES: [0]
[I 2023-12-16 02:14:02,342] Trial 7 finished with value: 57.60886764526367 and parameters: {'gradient_clip_val': 0.35685929129644195, 'hidden_size': 9, 'dropout': 0.21341065857897845, 'hidden_continuous_size': 6, 'attention_head_size': 4, 'learning_rate': 0.004107364987461262}. Best is trial 1 with value: 47.63216781616211.
LOCAL_RANK: 0 - CUDA_VISIBLE_DEVICES: [0]
[I 2023-12-16 02:14:46,358] Trial 8 finished with value: 113.6686782836914 and parameters: {'gradient_clip_val': 0.6061979330510179, 'hidden_size': 8, 'dropout': 0.2710118572403398, 'hidden_continuous_size': 7, 'attention_head_size': 3, 'learning_rate': 0.011103290921800868}. Best is trial 1 with value: 47.63216781616211.
LOCAL_RANK: 0 - CUDA_VISIBLE_DEVICES: [0]
[I 2023-12-16 02:15:38,085] Trial 9 finished with value: 65.13956451416016 and parameters: {'gradient_clip_val': 0.1479102598838284, 'hidden_size': 29, 'dropout': 0.14241135508652708, 'hidden_continuous_size': 26, 'attention_head_size': 3, 'learning_rate': 0.001502014569379479}. Best is trial 1 with value: 47.63216781616211.
LOCAL_RANK: 0 - CUDA_VISIBLE_DEVICES: [0]
[I 2023-12-16 02:16:12,116] Trial 10 finished with value: 77.28373718261719 and parameters: {'gradient_clip_val': 0.8819871928908143, 'hidden_size': 5, 'dropout': 0.34121806701025387, 'hidden_continuous_size': 5, 'attention_head_size': 4, 'learning_rate': 0.08796735496272405}. Best is trial 1 with value: 47.63216781616211.
LOCAL_RANK: 0 - CUDA_VISIBLE_DEVICES: [0]
[I 2023-12-16 02:16:57,526] Trial 11 finished with value: 60.16505813598633 and parameters: {'gradient_clip_val': 0.1942323154488106, 'hidden_size': 15, 'dropout': 0.3137292408380784, 'hidden_continuous_size': 8, 'attention_head_size': 2, 'learning_rate': 0.0033443069089147746}. Best is trial 1 with value: 47.63216781616211.
LOCAL_RANK: 0 - CUDA_VISIBLE_DEVICES: [0]
[I 2023-12-16 02:17:43,920] Trial 12 finished with value: 68.67603302001953 and parameters: {'gradient_clip_val': 0.10126302612015134, 'hidden_size': 18, 'dropout': 0.23625487662363, 'hidden_continuous_size': 9, 'attention_head_size': 1, 'learning_rate': 0.0005555261213161808}. Best is trial 1 with value: 47.63216781616211.
LOCAL_RANK: 0 - CUDA_VISIBLE_DEVICES: [0]
[I 2023-12-16 02:18:27,846] Trial 13 finished with value: 77.46451568603516 and parameters: {'gradient_clip_val': 0.17831459197070215, 'hidden_size': 12, 'dropout': 0.3111314519247346, 'hidden_continuous_size': 7, 'attention_head_size': 2, 'learning_rate': 0.011056292291552904}. Best is trial 1 with value: 47.63216781616211.
LOCAL_RANK: 0 - CUDA_VISIBLE_DEVICES: [0]
[I 2023-12-16 02:19:02,082] Trial 14 finished with value: 65.18013763427734 and parameters: {'gradient_clip_val': 0.21732573614553738, 'hidden_size': 5, 'dropout': 0.352971370996224, 'hidden_continuous_size': 5, 'attention_head_size': 4, 'learning_rate': 0.003199470604535265}. Best is trial 1 with value: 47.63216781616211.
LOCAL_RANK: 0 - CUDA_VISIBLE_DEVICES: [0]
[I 2023-12-16 02:19:48,796] Trial 15 finished with value: 46.18169021606445 and parameters: {'gradient_clip_val': 0.15772942738124732, 'hidden_size': 20, 'dropout': 0.2547906667082711, 'hidden_continuous_size': 10, 'attention_head_size': 2, 'learning_rate': 0.0010170251743211501}. Best is trial 15 with value: 46.18169021606445.
LOCAL_RANK: 0 - CUDA_VISIBLE_DEVICES: [0]
[I 2023-12-16 02:20:37,348] Trial 16 finished with value: 50.80226516723633 and parameters: {'gradient_clip_val': 0.24807112839151768, 'hidden_size': 23, 'dropout': 0.39629670950970725, 'hidden_continuous_size': 12, 'attention_head_size': 2, 'learning_rate': 0.0009549725048910669}. Best is trial 15 with value: 46.18169021606445.
LOCAL_RANK: 0 - CUDA_VISIBLE_DEVICES: [0]
[I 2023-12-16 02:21:24,415] Trial 17 finished with value: 68.7697525024414 and parameters: {'gradient_clip_val': 0.14576407741864678, 'hidden_size': 20, 'dropout': 0.1749410017547218, 'hidden_continuous_size': 10, 'attention_head_size': 4, 'learning_rate': 0.0009323273587699885}. Best is trial 15 with value: 46.18169021606445.
LOCAL_RANK: 0 - CUDA_VISIBLE_DEVICES: [0]
[I 2023-12-16 02:22:08,847] Trial 18 finished with value: 59.017181396484375 and parameters: {'gradient_clip_val': 0.10065843299280719, 'hidden_size': 16, 'dropout': 0.1035646477535444, 'hidden_continuous_size': 7, 'attention_head_size': 3, 'learning_rate': 0.0005285976180278165}. Best is trial 15 with value: 46.18169021606445.
LOCAL_RANK: 0 - CUDA_VISIBLE_DEVICES: [0]
[I 2023-12-16 02:22:56,274] Trial 19 finished with value: 49.33098220825195 and parameters: {'gradient_clip_val': 0.18681049170814382, 'hidden_size': 28, 'dropout': 0.24143035530003107, 'hidden_continuous_size': 12, 'attention_head_size': 2, 'learning_rate': 0.0018512085851207128}. Best is trial 15 with value: 46.18169021606445.
LOCAL_RANK: 0 - CUDA_VISIBLE_DEVICES: [0]
[I 2023-12-16 02:23:41,491] Trial 20 finished with value: 96.2709732055664 and parameters: {'gradient_clip_val': 0.13098289917015607, 'hidden_size': 7, 'dropout': 0.32843365881107534, 'hidden_continuous_size': 5, 'attention_head_size': 4, 'learning_rate': 0.001019695101863314}. Best is trial 15 with value: 46.18169021606445.
LOCAL_RANK: 0 - CUDA_VISIBLE_DEVICES: [0]
[I 2023-12-16 02:24:30,011] Trial 21 finished with value: 55.99140930175781 and parameters: {'gradient_clip_val': 0.18019262676805783, 'hidden_size': 26, 'dropout': 0.24222451353236887, 'hidden_continuous_size': 12, 'attention_head_size': 2, 'learning_rate': 0.0016706132943376327}. Best is trial 15 with value: 46.18169021606445.
LOCAL_RANK: 0 - CUDA_VISIBLE_DEVICES: [0]
[I 2023-12-16 02:25:15,469] Trial 22 finished with value: 50.291046142578125 and parameters: {'gradient_clip_val': 0.2148853057713236, 'hidden_size': 14, 'dropout': 0.28692643080131175, 'hidden_continuous_size': 9, 'attention_head_size': 2, 'learning_rate': 0.002264672254545227}. Best is trial 15 with value: 46.18169021606445.
LOCAL_RANK: 0 - CUDA_VISIBLE_DEVICES: [0]
[I 2023-12-16 02:26:04,720] Trial 23 finished with value: 57.64799118041992 and parameters: {'gradient_clip_val': 0.15751696232219398, 'hidden_size': 33, 'dropout': 0.24982394403656963, 'hidden_continuous_size': 14, 'attention_head_size': 2, 'learning_rate': 0.001067216414291397}. Best is trial 15 with value: 46.18169021606445.
LOCAL_RANK: 0 - CUDA_VISIBLE_DEVICES: [0]
[I 2023-12-16 02:26:53,247] Trial 24 finished with value: 44.4685173034668 and parameters: {'gradient_clip_val': 0.25735079856876314, 'hidden_size': 21, 'dropout': 0.29031629541420695, 'hidden_continuous_size': 11, 'attention_head_size': 3, 'learning_rate': 0.0024840575140841676}. Best is trial 24 with value: 44.4685173034668.
LOCAL_RANK: 0 - CUDA_VISIBLE_DEVICES: [0]
[I 2023-12-16 02:27:41,473] Trial 25 finished with value: 55.79316711425781 and parameters: {'gradient_clip_val': 0.2711764964038987, 'hidden_size': 19, 'dropout': 0.28949462975345785, 'hidden_continuous_size': 10, 'attention_head_size': 3, 'learning_rate': 0.002658370875043485}. Best is trial 24 with value: 44.4685173034668.
LOCAL_RANK: 0 - CUDA_VISIBLE_DEVICES: [0]
[I 2023-12-16 02:28:27,605] Trial 26 finished with value: 66.03760528564453 and parameters: {'gradient_clip_val': 0.22740898410735055, 'hidden_size': 13, 'dropout': 0.3243191184622123, 'hidden_continuous_size': 9, 'attention_head_size': 4, 'learning_rate': 0.000793242574378736}. Best is trial 24 with value: 44.4685173034668.
LOCAL_RANK: 0 - CUDA_VISIBLE_DEVICES: [0]
[I 2023-12-16 02:29:16,395] Trial 27 finished with value: 63.617523193359375 and parameters: {'gradient_clip_val': 0.28238167780663365, 'hidden_size': 22, 'dropout': 0.3335887097176409, 'hidden_continuous_size': 11, 'attention_head_size': 3, 'learning_rate': 0.0012465646403963262}. Best is trial 24 with value: 44.4685173034668.
LOCAL_RANK: 0 - CUDA_VISIBLE_DEVICES: [0]
[I 2023-12-16 02:30:01,332] Trial 28 finished with value: 48.22018051147461 and parameters: {'gradient_clip_val': 0.20345901894954072, 'hidden_size': 16, 'dropout': 0.2961179681762235, 'hidden_continuous_size': 8, 'attention_head_size': 3, 'learning_rate': 0.0023123739615029675}. Best is trial 24 with value: 44.4685173034668.
LOCAL_RANK: 0 - CUDA_VISIBLE_DEVICES: [0]
[I 2023-12-16 02:30:46,155] Trial 29 finished with value: 73.81993865966797 and parameters: {'gradient_clip_val': 0.12023756808128254, 'hidden_size': 12, 'dropout': 0.21903323392972543, 'hidden_continuous_size': 9, 'attention_head_size': 4, 'learning_rate': 0.0013603925293223264}. Best is trial 24 with value: 44.4685173034668.
LOCAL_RANK: 0 - CUDA_VISIBLE_DEVICES: [0]
[I 2023-12-16 02:31:32,218] Trial 30 finished with value: 49.3516960144043 and parameters: {'gradient_clip_val': 0.14191951851129767, 'hidden_size': 18, 'dropout': 0.26117231021401666, 'hidden_continuous_size': 8, 'attention_head_size': 1, 'learning_rate': 0.0021692141845663765}. Best is trial 24 with value: 44.4685173034668.
LOCAL_RANK: 0 - CUDA_VISIBLE_DEVICES: [0]
[I 2023-12-16 02:32:17,982] Trial 31 finished with value: 67.18799591064453 and parameters: {'gradient_clip_val': 0.20256361221208719, 'hidden_size': 14, 'dropout': 0.2973124924403036, 'hidden_continuous_size': 8, 'attention_head_size': 3, 'learning_rate': 0.0007343062972869067}. Best is trial 24 with value: 44.4685173034668.
LOCAL_RANK: 0 - CUDA_VISIBLE_DEVICES: [0]
[I 2023-12-16 02:33:04,923] Trial 32 finished with value: 63.260528564453125 and parameters: {'gradient_clip_val': 0.15910352265249667, 'hidden_size': 17, 'dropout': 0.28991982588331033, 'hidden_continuous_size': 10, 'attention_head_size': 3, 'learning_rate': 0.0019599918618016725}. Best is trial 24 with value: 44.4685173034668.
LOCAL_RANK: 0 - CUDA_VISIBLE_DEVICES: [0]
[I 2023-12-16 02:33:50,353] Trial 33 finished with value: 63.86527633666992 and parameters: {'gradient_clip_val': 0.30118816457797454, 'hidden_size': 11, 'dropout': 0.3005324998376926, 'hidden_continuous_size': 6, 'attention_head_size': 3, 'learning_rate': 0.0046832110183829675}. Best is trial 24 with value: 44.4685173034668.
LOCAL_RANK: 0 - CUDA_VISIBLE_DEVICES: [0]
[I 2023-12-16 02:34:38,075] Trial 34 finished with value: 53.321746826171875 and parameters: {'gradient_clip_val': 0.2311387595794544, 'hidden_size': 24, 'dropout': 0.2601122289031214, 'hidden_continuous_size': 14, 'attention_head_size': 3, 'learning_rate': 0.00130725883050434}. Best is trial 24 with value: 44.4685173034668.
LOCAL_RANK: 0 - CUDA_VISIBLE_DEVICES: [0]
[I 2023-12-16 02:35:24,308] Trial 35 finished with value: 53.64982223510742 and parameters: {'gradient_clip_val': 0.17758699846435083, 'hidden_size': 15, 'dropout': 0.27968260138002315, 'hidden_continuous_size': 8, 'attention_head_size': 4, 'learning_rate': 0.0020895990388568103}. Best is trial 24 with value: 44.4685173034668.
LOCAL_RANK: 0 - CUDA_VISIBLE_DEVICES: [0]
[I 2023-12-16 02:36:12,728] Trial 36 finished with value: 48.23158264160156 and parameters: {'gradient_clip_val': 0.11586005591409243, 'hidden_size': 21, 'dropout': 0.31031176662591475, 'hidden_continuous_size': 11, 'attention_head_size': 3, 'learning_rate': 0.000682614250175501}. Best is trial 24 with value: 44.4685173034668.
LOCAL_RANK: 0 - CUDA_VISIBLE_DEVICES: [0]
[I 2023-12-16 02:37:03,758] Trial 37 finished with value: 61.152099609375 and parameters: {'gradient_clip_val': 0.24445877747763, 'hidden_size': 37, 'dropout': 0.3474815462808158, 'hidden_continuous_size': 15, 'attention_head_size': 2, 'learning_rate': 0.002856453959052073}. Best is trial 24 with value: 44.4685173034668.
LOCAL_RANK: 0 - CUDA_VISIBLE_DEVICES: [0]
[I 2023-12-16 02:37:48,553] Trial 38 finished with value: 59.70045852661133 and parameters: {'gradient_clip_val': 0.3340603403767683, 'hidden_size': 10, 'dropout': 0.3675277215019054, 'hidden_continuous_size': 7, 'attention_head_size': 1, 'learning_rate': 0.004439825908529991}. Best is trial 24 with value: 44.4685173034668.
LOCAL_RANK: 0 - CUDA_VISIBLE_DEVICES: [0]
[I 2023-12-16 02:38:35,654] Trial 39 finished with value: 49.7053337097168 and parameters: {'gradient_clip_val': 0.38692143866123707, 'hidden_size': 17, 'dropout': 0.2746574336051734, 'hidden_continuous_size': 10, 'attention_head_size': 3, 'learning_rate': 0.0014225359063461294}. Best is trial 24 with value: 44.4685173034668.
LOCAL_RANK: 0 - CUDA_VISIBLE_DEVICES: [0]
[I 2023-12-16 02:39:28,749] Trial 40 finished with value: 68.26075744628906 and parameters: {'gradient_clip_val': 0.16518744692779372, 'hidden_size': 42, 'dropout': 0.2584359971191517, 'hidden_continuous_size': 17, 'attention_head_size': 4, 'learning_rate': 0.0025828167603682076}. Best is trial 24 with value: 44.4685173034668.
LOCAL_RANK: 0 - CUDA_VISIBLE_DEVICES: [0]
[I 2023-12-16 02:40:17,075] Trial 41 finished with value: 76.7354965209961 and parameters: {'gradient_clip_val': 0.11604725067499444, 'hidden_size': 21, 'dropout': 0.31170237996440325, 'hidden_continuous_size': 11, 'attention_head_size': 3, 'learning_rate': 0.0008375579423080257}. Best is trial 24 with value: 44.4685173034668.
LOCAL_RANK: 0 - CUDA_VISIBLE_DEVICES: [0]
[I 2023-12-16 02:41:05,532] Trial 42 finished with value: 57.72443771362305 and parameters: {'gradient_clip_val': 0.1322439901758275, 'hidden_size': 21, 'dropout': 0.31872806899672185, 'hidden_continuous_size': 11, 'attention_head_size': 3, 'learning_rate': 0.000649295820885561}. Best is trial 24 with value: 44.4685173034668.
LOCAL_RANK: 0 - CUDA_VISIBLE_DEVICES: [0]
[I 2023-12-16 02:41:51,446] Trial 43 finished with value: 68.57882690429688 and parameters: {'gradient_clip_val': 0.2012915175284142, 'hidden_size': 15, 'dropout': 0.30275597888728134, 'hidden_continuous_size': 9, 'attention_head_size': 3, 'learning_rate': 0.0006547457097132188}. Best is trial 24 with value: 44.4685173034668.
LOCAL_RANK: 0 - CUDA_VISIBLE_DEVICES: [0]
[I 2023-12-16 02:42:39,913] Trial 44 finished with value: 47.31789779663086 and parameters: {'gradient_clip_val': 0.1155102280829877, 'hidden_size': 25, 'dropout': 0.28113730432683726, 'hidden_continuous_size': 10, 'attention_head_size': 2, 'learning_rate': 0.0011412974010291685}. Best is trial 24 with value: 44.4685173034668.
LOCAL_RANK: 0 - CUDA_VISIBLE_DEVICES: [0]
[I 2023-12-16 02:43:28,480] Trial 45 finished with value: 43.09659957885742 and parameters: {'gradient_clip_val': 0.1413199259794851, 'hidden_size': 25, 'dropout': 0.2871426059455847, 'hidden_continuous_size': 9, 'attention_head_size': 2, 'learning_rate': 0.0011616428955009016}. Best is trial 45 with value: 43.09659957885742.
LOCAL_RANK: 0 - CUDA_VISIBLE_DEVICES: [0]
[I 2023-12-16 02:44:17,210] Trial 46 finished with value: 61.81975173950195 and parameters: {'gradient_clip_val': 0.14236908172277596, 'hidden_size': 27, 'dropout': 0.27624574934404444, 'hidden_continuous_size': 10, 'attention_head_size': 2, 'learning_rate': 0.0010921620493712589}. Best is trial 45 with value: 43.09659957885742.
LOCAL_RANK: 0 - CUDA_VISIBLE_DEVICES: [0]
[I 2023-12-16 02:45:04,434] Trial 47 finished with value: 58.13725280761719 and parameters: {'gradient_clip_val': 0.12734504578016728, 'hidden_size': 24, 'dropout': 0.2713897182697056, 'hidden_continuous_size': 9, 'attention_head_size': 2, 'learning_rate': 0.001605572452598377}. Best is trial 45 with value: 43.09659957885742.
LOCAL_RANK: 0 - CUDA_VISIBLE_DEVICES: [0]
[I 2023-12-16 02:45:52,571] Trial 48 finished with value: 45.3571891784668 and parameters: {'gradient_clip_val': 0.11201313185441333, 'hidden_size': 31, 'dropout': 0.33994031911162326, 'hidden_continuous_size': 6, 'attention_head_size': 2, 'learning_rate': 0.0011797059743422962}. Best is trial 45 with value: 43.09659957885742.
LOCAL_RANK: 0 - CUDA_VISIBLE_DEVICES: [0]
[I 2023-12-16 02:46:40,818] Trial 49 finished with value: 48.68538284301758 and parameters: {'gradient_clip_val': 0.10958507844057604, 'hidden_size': 31, 'dropout': 0.33760144578371726, 'hidden_continuous_size': 6, 'attention_head_size': 2, 'learning_rate': 0.0012141655729395132}. Best is trial 45 with value: 43.09659957885742.
[I 2023-12-16 02:46:40,912] A new study created in memory with name: no-name-b055681e-c6e9-4fac-8ea2-7950e572ae56
/home/le004/conda/anaconda3/envs/tsff_env/lib/python3.9/site-packages/lightning/fabric/plugins/environments/slurm.py:191: The `srun` command is available on your system but is not used. HINT: If your intention is to run Lightning on SLURM, prepend your python command with `srun` like so: srun python /home/le004/master_thesis/git/TSFusionForecast/code/ ...
LOCAL_RANK: 0 - CUDA_VISIBLE_DEVICES: [0]
[I 2023-12-16 02:47:26,118] Trial 0 finished with value: 21.99468421936035 and parameters: {'gradient_clip_val': 0.6967066088258681, 'hidden_size': 6, 'dropout': 0.353690549654034, 'hidden_continuous_size': 5, 'attention_head_size': 4, 'learning_rate': 0.0019253390401275747}. Best is trial 0 with value: 21.99468421936035.
LOCAL_RANK: 0 - CUDA_VISIBLE_DEVICES: [0]
[I 2023-12-16 02:48:10,232] Trial 1 finished with value: 26.267433166503906 and parameters: {'gradient_clip_val': 0.1274435074469239, 'hidden_size': 12, 'dropout': 0.32373332779764097, 'hidden_continuous_size': 10, 'attention_head_size': 1, 'learning_rate': 0.0005707626838591686}. Best is trial 0 with value: 21.99468421936035.
LOCAL_RANK: 0 - CUDA_VISIBLE_DEVICES: [0]
[I 2023-12-16 02:48:56,014] Trial 2 finished with value: 15.78332805633545 and parameters: {'gradient_clip_val': 0.5402934320993095, 'hidden_size': 15, 'dropout': 0.22273485367744533, 'hidden_continuous_size': 11, 'attention_head_size': 2, 'learning_rate': 0.0009171194353218441}. Best is trial 2 with value: 15.78332805633545.
LOCAL_RANK: 0 - CUDA_VISIBLE_DEVICES: [0]
[I 2023-12-16 02:49:45,067] Trial 3 finished with value: 20.092546463012695 and parameters: {'gradient_clip_val': 0.23702761198873185, 'hidden_size': 42, 'dropout': 0.10272423759927118, 'hidden_continuous_size': 6, 'attention_head_size': 1, 'learning_rate': 0.035255480154567066}. Best is trial 2 with value: 15.78332805633545.
LOCAL_RANK: 0 - CUDA_VISIBLE_DEVICES: [0]
