[I 2023-12-15 13:45:46,185] Trial 30 finished with value: 113.86202239990234 and parameters: {'gradient_clip_val': 0.9017688812289852, 'hidden_size': 77, 'dropout': 0.30254216659699346, 'hidden_continuous_size': 38, 'attention_head_size': 3, 'learning_rate': 0.0007390319250676512}. Best is trial 18 with value: 53.9099235534668.
LOCAL_RANK: 0 - CUDA_VISIBLE_DEVICES: [0]
[I 2023-12-15 13:46:40,049] Trial 31 finished with value: 164.83473205566406 and parameters: {'gradient_clip_val': 0.26868896593383107, 'hidden_size': 56, 'dropout': 0.24177498607320339, 'hidden_continuous_size': 32, 'attention_head_size': 4, 'learning_rate': 0.0012663284031192905}. Best is trial 18 with value: 53.9099235534668.
LOCAL_RANK: 0 - CUDA_VISIBLE_DEVICES: [0]
[I 2023-12-15 13:47:33,475] Trial 32 finished with value: 111.58056640625 and parameters: {'gradient_clip_val': 0.2634353210630033, 'hidden_size': 41, 'dropout': 0.26847431501750973, 'hidden_continuous_size': 19, 'attention_head_size': 4, 'learning_rate': 0.0018461536282891181}. Best is trial 18 with value: 53.9099235534668.
LOCAL_RANK: 0 - CUDA_VISIBLE_DEVICES: [0]
[I 2023-12-15 13:48:22,496] Trial 33 finished with value: 77.15721893310547 and parameters: {'gradient_clip_val': 0.2175938732794983, 'hidden_size': 28, 'dropout': 0.2274893544333041, 'hidden_continuous_size': 14, 'attention_head_size': 4, 'learning_rate': 0.0011386424921008085}. Best is trial 18 with value: 53.9099235534668.
LOCAL_RANK: 0 - CUDA_VISIBLE_DEVICES: [0]
[I 2023-12-15 13:49:16,703] Trial 34 finished with value: 94.87972259521484 and parameters: {'gradient_clip_val': 0.32680648379597976, 'hidden_size': 54, 'dropout': 0.24651935304275502, 'hidden_continuous_size': 26, 'attention_head_size': 4, 'learning_rate': 0.0027284666415503226}. Best is trial 18 with value: 53.9099235534668.
LOCAL_RANK: 0 - CUDA_VISIBLE_DEVICES: [0]
[I 2023-12-15 13:50:11,920] Trial 35 finished with value: 136.21563720703125 and parameters: {'gradient_clip_val': 0.2799163351884904, 'hidden_size': 85, 'dropout': 0.27944797616907363, 'hidden_continuous_size': 27, 'attention_head_size': 4, 'learning_rate': 0.001582657113710327}. Best is trial 18 with value: 53.9099235534668.
LOCAL_RANK: 0 - CUDA_VISIBLE_DEVICES: [0]
[I 2023-12-15 13:51:04,202] Trial 36 finished with value: 53.17293167114258 and parameters: {'gradient_clip_val': 0.20805430572456762, 'hidden_size': 40, 'dropout': 0.2102956497958294, 'hidden_continuous_size': 18, 'attention_head_size': 4, 'learning_rate': 0.0006777450911991764}. Best is trial 36 with value: 53.17293167114258.
LOCAL_RANK: 0 - CUDA_VISIBLE_DEVICES: [0]
[I 2023-12-15 13:51:54,379] Trial 37 finished with value: 107.5512924194336 and parameters: {'gradient_clip_val': 0.2035024544658826, 'hidden_size': 27, 'dropout': 0.309619218498375, 'hidden_continuous_size': 15, 'attention_head_size': 4, 'learning_rate': 0.000623366189004982}. Best is trial 36 with value: 53.17293167114258.
LOCAL_RANK: 0 - CUDA_VISIBLE_DEVICES: [0]
[I 2023-12-15 13:52:46,995] Trial 38 finished with value: 137.18772888183594 and parameters: {'gradient_clip_val': 0.18307285054726863, 'hidden_size': 42, 'dropout': 0.21513065786256866, 'hidden_continuous_size': 19, 'attention_head_size': 2, 'learning_rate': 0.0005037786557925251}. Best is trial 36 with value: 53.17293167114258.
LOCAL_RANK: 0 - CUDA_VISIBLE_DEVICES: [0]
[I 2023-12-15 13:53:39,645] Trial 39 finished with value: 72.13165283203125 and parameters: {'gradient_clip_val': 0.5129684099113401, 'hidden_size': 38, 'dropout': 0.24542779438376783, 'hidden_continuous_size': 17, 'attention_head_size': 3, 'learning_rate': 0.0007866909589611747}. Best is trial 36 with value: 53.17293167114258.
LOCAL_RANK: 0 - CUDA_VISIBLE_DEVICES: [0]
[I 2023-12-15 13:54:33,577] Trial 40 finished with value: 140.8002166748047 and parameters: {'gradient_clip_val': 0.2883197960328691, 'hidden_size': 58, 'dropout': 0.2631815350638367, 'hidden_continuous_size': 14, 'attention_head_size': 4, 'learning_rate': 0.001076351895574978}. Best is trial 36 with value: 53.17293167114258.
LOCAL_RANK: 0 - CUDA_VISIBLE_DEVICES: [0]
[I 2023-12-15 13:55:26,225] Trial 41 finished with value: 249.4738311767578 and parameters: {'gradient_clip_val': 0.24500664697405175, 'hidden_size': 34, 'dropout': 0.1757090127698795, 'hidden_continuous_size': 18, 'attention_head_size': 4, 'learning_rate': 0.0018473761134163125}. Best is trial 36 with value: 53.17293167114258.
LOCAL_RANK: 0 - CUDA_VISIBLE_DEVICES: [0]
[I 2023-12-15 13:56:19,619] Trial 42 finished with value: 61.52639389038086 and parameters: {'gradient_clip_val': 0.21712558904661805, 'hidden_size': 45, 'dropout': 0.21234172817576014, 'hidden_continuous_size': 22, 'attention_head_size': 4, 'learning_rate': 0.0006768501322013781}. Best is trial 36 with value: 53.17293167114258.
LOCAL_RANK: 0 - CUDA_VISIBLE_DEVICES: [0]
[I 2023-12-15 13:57:13,239] Trial 43 finished with value: 56.46311950683594 and parameters: {'gradient_clip_val': 0.20425019096439448, 'hidden_size': 49, 'dropout': 0.20824715369488628, 'hidden_continuous_size': 21, 'attention_head_size': 4, 'learning_rate': 0.0006980933049426657}. Best is trial 36 with value: 53.17293167114258.
LOCAL_RANK: 0 - CUDA_VISIBLE_DEVICES: [0]
[I 2023-12-15 13:58:06,042] Trial 44 finished with value: 65.16033172607422 and parameters: {'gradient_clip_val': 0.1659309145640434, 'hidden_size': 48, 'dropout': 0.21135204355251405, 'hidden_continuous_size': 22, 'attention_head_size': 4, 'learning_rate': 0.0006767117733332003}. Best is trial 36 with value: 53.17293167114258.
LOCAL_RANK: 0 - CUDA_VISIBLE_DEVICES: [0]
[I 2023-12-15 13:58:59,260] Trial 45 finished with value: 76.18212127685547 and parameters: {'gradient_clip_val': 0.20528130485740767, 'hidden_size': 37, 'dropout': 0.23605009515128986, 'hidden_continuous_size': 20, 'attention_head_size': 4, 'learning_rate': 0.0006275896803943666}. Best is trial 36 with value: 53.17293167114258.
LOCAL_RANK: 0 - CUDA_VISIBLE_DEVICES: [0]
[I 2023-12-15 13:59:51,435] Trial 46 finished with value: 81.60797119140625 and parameters: {'gradient_clip_val': 0.21433164151073344, 'hidden_size': 48, 'dropout': 0.17636309689850005, 'hidden_continuous_size': 24, 'attention_head_size': 3, 'learning_rate': 0.0010229257606395648}. Best is trial 36 with value: 53.17293167114258.
LOCAL_RANK: 0 - CUDA_VISIBLE_DEVICES: [0]
[I 2023-12-15 14:00:44,149] Trial 47 finished with value: 49.42464828491211 and parameters: {'gradient_clip_val': 0.23414326709156488, 'hidden_size': 33, 'dropout': 0.212473777591446, 'hidden_continuous_size': 21, 'attention_head_size': 4, 'learning_rate': 0.0005000915958594254}. Best is trial 47 with value: 49.42464828491211.
LOCAL_RANK: 0 - CUDA_VISIBLE_DEVICES: [0]
[I 2023-12-15 14:01:36,156] Trial 48 finished with value: 224.0113525390625 and parameters: {'gradient_clip_val': 0.24084693472486032, 'hidden_size': 36, 'dropout': 0.22533262896190656, 'hidden_continuous_size': 20, 'attention_head_size': 3, 'learning_rate': 0.0012939665834113627}. Best is trial 47 with value: 49.42464828491211.
LOCAL_RANK: 0 - CUDA_VISIBLE_DEVICES: [0]
[I 2023-12-15 14:02:26,722] Trial 49 finished with value: 95.03250885009766 and parameters: {'gradient_clip_val': 0.26305756507151784, 'hidden_size': 31, 'dropout': 0.20384826388827726, 'hidden_continuous_size': 16, 'attention_head_size': 4, 'learning_rate': 0.0009486692275340667}. Best is trial 47 with value: 49.42464828491211.
[I 2023-12-15 14:02:26,814] A new study created in memory with name: no-name-ea6c7506-f9b5-4bf2-8a81-9c819c06ae1c
/home/le004/conda/anaconda3/envs/tsff_env/lib/python3.9/site-packages/lightning/fabric/plugins/environments/slurm.py:191: The `srun` command is available on your system but is not used. HINT: If your intention is to run Lightning on SLURM, prepend your python command with `srun` like so: srun python /home/le004/master_thesis/git/TSFusionForecast/code/ ...
LOCAL_RANK: 0 - CUDA_VISIBLE_DEVICES: [0]
[I 2023-12-15 14:03:12,939] Trial 0 finished with value: 361.562255859375 and parameters: {'gradient_clip_val': 0.6790328124595697, 'hidden_size': 9, 'dropout': 0.312240183401163, 'hidden_continuous_size': 6, 'attention_head_size': 4, 'learning_rate': 0.011174588271865142}. Best is trial 0 with value: 361.562255859375.
LOCAL_RANK: 0 - CUDA_VISIBLE_DEVICES: [0]
[I 2023-12-15 14:04:02,696] Trial 1 finished with value: 101.82550811767578 and parameters: {'gradient_clip_val': 0.8754665014581563, 'hidden_size': 23, 'dropout': 0.27719005042691386, 'hidden_continuous_size': 10, 'attention_head_size': 4, 'learning_rate': 0.003780034181942973}. Best is trial 1 with value: 101.82550811767578.
LOCAL_RANK: 0 - CUDA_VISIBLE_DEVICES: [0]
[I 2023-12-15 14:04:48,352] Trial 2 finished with value: 285.7873840332031 and parameters: {'gradient_clip_val': 0.28441786843953765, 'hidden_size': 10, 'dropout': 0.2666618276963572, 'hidden_continuous_size': 5, 'attention_head_size': 3, 'learning_rate': 0.048377505577788193}. Best is trial 1 with value: 101.82550811767578.
LOCAL_RANK: 0 - CUDA_VISIBLE_DEVICES: [0]
[I 2023-12-15 14:05:34,379] Trial 3 finished with value: 318.4172668457031 and parameters: {'gradient_clip_val': 0.15021853772507796, 'hidden_size': 13, 'dropout': 0.17277351958780343, 'hidden_continuous_size': 6, 'attention_head_size': 3, 'learning_rate': 0.03591557781307708}. Best is trial 1 with value: 101.82550811767578.
LOCAL_RANK: 0 - CUDA_VISIBLE_DEVICES: [0]
[I 2023-12-15 14:06:27,160] Trial 4 finished with value: 559.5335083007812 and parameters: {'gradient_clip_val': 0.7940040056678234, 'hidden_size': 42, 'dropout': 0.10643489105959064, 'hidden_continuous_size': 12, 'attention_head_size': 4, 'learning_rate': 0.003653333766711666}. Best is trial 1 with value: 101.82550811767578.
LOCAL_RANK: 0 - CUDA_VISIBLE_DEVICES: [0]
[I 2023-12-15 14:07:02,443] Trial 5 finished with value: 366.3716125488281 and parameters: {'gradient_clip_val': 0.2098159839704099, 'hidden_size': 5, 'dropout': 0.148478536840142, 'hidden_continuous_size': 5, 'attention_head_size': 4, 'learning_rate': 0.0010790093476571853}. Best is trial 1 with value: 101.82550811767578.
LOCAL_RANK: 0 - CUDA_VISIBLE_DEVICES: [0]
[I 2023-12-15 14:07:47,687] Trial 6 finished with value: 149.04055786132812 and parameters: {'gradient_clip_val': 0.1551239173175996, 'hidden_size': 16, 'dropout': 0.30979897340963936, 'hidden_continuous_size': 9, 'attention_head_size': 2, 'learning_rate': 0.0019851520621489505}. Best is trial 1 with value: 101.82550811767578.
LOCAL_RANK: 0 - CUDA_VISIBLE_DEVICES: [0]
[I 2023-12-15 14:08:33,147] Trial 7 finished with value: 293.2471923828125 and parameters: {'gradient_clip_val': 0.19286344216715928, 'hidden_size': 7, 'dropout': 0.27335744034349746, 'hidden_continuous_size': 6, 'attention_head_size': 3, 'learning_rate': 0.044829216010341934}. Best is trial 1 with value: 101.82550811767578.
LOCAL_RANK: 0 - CUDA_VISIBLE_DEVICES: [0]
[I 2023-12-15 14:09:25,665] Trial 8 finished with value: 164.20066833496094 and parameters: {'gradient_clip_val': 0.2962695297070024, 'hidden_size': 35, 'dropout': 0.18025379115606194, 'hidden_continuous_size': 34, 'attention_head_size': 1, 'learning_rate': 0.011842249692088178}. Best is trial 1 with value: 101.82550811767578.
LOCAL_RANK: 0 - CUDA_VISIBLE_DEVICES: [0]
[I 2023-12-15 14:10:20,517] Trial 9 finished with value: 222.412353515625 and parameters: {'gradient_clip_val': 0.16314173091797132, 'hidden_size': 70, 'dropout': 0.3240297388815221, 'hidden_continuous_size': 55, 'attention_head_size': 1, 'learning_rate': 0.0321737892156314}. Best is trial 1 with value: 101.82550811767578.
LOCAL_RANK: 0 - CUDA_VISIBLE_DEVICES: [0]
[I 2023-12-15 14:11:09,560] Trial 10 finished with value: 182.5375518798828 and parameters: {'gradient_clip_val': 0.5385353721447192, 'hidden_size': 23, 'dropout': 0.3954110522382135, 'hidden_continuous_size': 11, 'attention_head_size': 2, 'learning_rate': 0.0005083071984456268}. Best is trial 1 with value: 101.82550811767578.
LOCAL_RANK: 0 - CUDA_VISIBLE_DEVICES: [0]
[I 2023-12-15 14:11:54,457] Trial 11 finished with value: 239.6764373779297 and parameters: {'gradient_clip_val': 0.116772653224518, 'hidden_size': 16, 'dropout': 0.2122120112623667, 'hidden_continuous_size': 8, 'attention_head_size': 2, 'learning_rate': 0.002917382243502792}. Best is trial 1 with value: 101.82550811767578.
LOCAL_RANK: 0 - CUDA_VISIBLE_DEVICES: [0]
[I 2023-12-15 14:12:43,061] Trial 12 finished with value: 181.451904296875 and parameters: {'gradient_clip_val': 0.45417172181552623, 'hidden_size': 21, 'dropout': 0.229821359810908, 'hidden_continuous_size': 9, 'attention_head_size': 2, 'learning_rate': 0.0026986124174079753}. Best is trial 1 with value: 101.82550811767578.
LOCAL_RANK: 0 - CUDA_VISIBLE_DEVICES: [0]
[I 2023-12-15 14:13:30,748] Trial 13 finished with value: 173.9862060546875 and parameters: {'gradient_clip_val': 0.4237058208091737, 'hidden_size': 24, 'dropout': 0.31347089492962676, 'hidden_continuous_size': 12, 'attention_head_size': 2, 'learning_rate': 0.005100436387213952}. Best is trial 1 with value: 101.82550811767578.
LOCAL_RANK: 0 - CUDA_VISIBLE_DEVICES: [0]
[I 2023-12-15 14:14:17,160] Trial 14 finished with value: 183.063232421875 and parameters: {'gradient_clip_val': 0.8386854524850266, 'hidden_size': 13, 'dropout': 0.35274732427579736, 'hidden_continuous_size': 9, 'attention_head_size': 3, 'learning_rate': 0.0015490972181641128}. Best is trial 1 with value: 101.82550811767578.
LOCAL_RANK: 0 - CUDA_VISIBLE_DEVICES: [0]
[I 2023-12-15 14:15:07,959] Trial 15 finished with value: 365.0502014160156 and parameters: {'gradient_clip_val': 0.9799816378747797, 'hidden_size': 36, 'dropout': 0.26628847602774575, 'hidden_continuous_size': 17, 'attention_head_size': 1, 'learning_rate': 0.007750958013156234}. Best is trial 1 with value: 101.82550811767578.
LOCAL_RANK: 0 - CUDA_VISIBLE_DEVICES: [0]
[I 2023-12-15 14:16:03,331] Trial 16 finished with value: 202.69126892089844 and parameters: {'gradient_clip_val': 0.10225262539319505, 'hidden_size': 91, 'dropout': 0.2894669729486221, 'hidden_continuous_size': 18, 'attention_head_size': 4, 'learning_rate': 0.09939300314769355}. Best is trial 1 with value: 101.82550811767578.
LOCAL_RANK: 0 - CUDA_VISIBLE_DEVICES: [0]
[I 2023-12-15 14:16:49,894] Trial 17 finished with value: 170.8021697998047 and parameters: {'gradient_clip_val': 0.37743134341616474, 'hidden_size': 15, 'dropout': 0.24250316668014268, 'hidden_continuous_size': 8, 'attention_head_size': 3, 'learning_rate': 0.001729817277442948}. Best is trial 1 with value: 101.82550811767578.
LOCAL_RANK: 0 - CUDA_VISIBLE_DEVICES: [0]
[I 2023-12-15 14:17:37,305] Trial 18 finished with value: 374.3050842285156 and parameters: {'gradient_clip_val': 0.5749023768179984, 'hidden_size': 19, 'dropout': 0.354671439123055, 'hidden_continuous_size': 7, 'attention_head_size': 2, 'learning_rate': 0.005272325335530653}. Best is trial 1 with value: 101.82550811767578.
LOCAL_RANK: 0 - CUDA_VISIBLE_DEVICES: [0]
[I 2023-12-15 14:18:25,365] Trial 19 finished with value: 91.26280975341797 and parameters: {'gradient_clip_val': 0.25768924752611205, 'hidden_size': 28, 'dropout': 0.23366887613942988, 'hidden_continuous_size': 10, 'attention_head_size': 1, 'learning_rate': 0.0007593924589802742}. Best is trial 19 with value: 91.26280975341797.
LOCAL_RANK: 0 - CUDA_VISIBLE_DEVICES: [0]
[I 2023-12-15 14:19:14,254] Trial 20 finished with value: 84.7418212890625 and parameters: {'gradient_clip_val': 0.23300342645342, 'hidden_size': 29, 'dropout': 0.22431404114967102, 'hidden_continuous_size': 11, 'attention_head_size': 1, 'learning_rate': 0.0007581884853465827}. Best is trial 20 with value: 84.7418212890625.
LOCAL_RANK: 0 - CUDA_VISIBLE_DEVICES: [0]
[I 2023-12-15 14:20:03,072] Trial 21 finished with value: 285.1651306152344 and parameters: {'gradient_clip_val': 0.23236985745707495, 'hidden_size': 30, 'dropout': 0.22268186286444697, 'hidden_continuous_size': 11, 'attention_head_size': 1, 'learning_rate': 0.0007178275174047424}. Best is trial 20 with value: 84.7418212890625.
LOCAL_RANK: 0 - CUDA_VISIBLE_DEVICES: [0]
[I 2023-12-15 14:20:55,436] Trial 22 finished with value: 146.82127380371094 and parameters: {'gradient_clip_val': 0.26153743910166893, 'hidden_size': 51, 'dropout': 0.24983499659128788, 'hidden_continuous_size': 15, 'attention_head_size': 1, 'learning_rate': 0.0009645022115079958}. Best is trial 20 with value: 84.7418212890625.
LOCAL_RANK: 0 - CUDA_VISIBLE_DEVICES: [0]
[I 2023-12-15 14:21:44,473] Trial 23 finished with value: 140.2191925048828 and parameters: {'gradient_clip_val': 0.33994150599224404, 'hidden_size': 27, 'dropout': 0.20621436555297568, 'hidden_continuous_size': 10, 'attention_head_size': 1, 'learning_rate': 0.0005043447631856379}. Best is trial 20 with value: 84.7418212890625.
LOCAL_RANK: 0 - CUDA_VISIBLE_DEVICES: [0]
[I 2023-12-15 14:22:33,126] Trial 24 finished with value: 155.37542724609375 and parameters: {'gradient_clip_val': 0.3308333412330864, 'hidden_size': 26, 'dropout': 0.24390665764638944, 'hidden_continuous_size': 13, 'attention_head_size': 1, 'learning_rate': 0.0011455773591479142}. Best is trial 20 with value: 84.7418212890625.
LOCAL_RANK: 0 - CUDA_VISIBLE_DEVICES: [0]
[I 2023-12-15 14:23:25,569] Trial 25 finished with value: 239.22328186035156 and parameters: {'gradient_clip_val': 0.25666091620011877, 'hidden_size': 50, 'dropout': 0.19890722612389336, 'hidden_continuous_size': 14, 'attention_head_size': 1, 'learning_rate': 0.0007580229947393271}. Best is trial 20 with value: 84.7418212890625.
LOCAL_RANK: 0 - CUDA_VISIBLE_DEVICES: [0]
[I 2023-12-15 14:24:15,391] Trial 26 finished with value: 342.88916015625 and parameters: {'gradient_clip_val': 0.3517203713061422, 'hidden_size': 33, 'dropout': 0.229493852210662, 'hidden_continuous_size': 10, 'attention_head_size': 2, 'learning_rate': 0.0014999568069762514}. Best is trial 20 with value: 84.7418212890625.
LOCAL_RANK: 0 - CUDA_VISIBLE_DEVICES: [0]
[I 2023-12-15 14:25:04,540] Trial 27 finished with value: 295.0350646972656 and parameters: {'gradient_clip_val': 0.22972074311801755, 'hidden_size': 21, 'dropout': 0.27311260634001466, 'hidden_continuous_size': 8, 'attention_head_size': 4, 'learning_rate': 0.0022232617821423837}. Best is trial 20 with value: 84.7418212890625.
LOCAL_RANK: 0 - CUDA_VISIBLE_DEVICES: [0]
[I 2023-12-15 14:25:52,310] Trial 28 finished with value: 166.3309783935547 and parameters: {'gradient_clip_val': 0.3003380461815783, 'hidden_size': 28, 'dropout': 0.25580024034454285, 'hidden_continuous_size': 11, 'attention_head_size': 1, 'learning_rate': 0.0012779728491234}. Best is trial 20 with value: 84.7418212890625.
LOCAL_RANK: 0 - CUDA_VISIBLE_DEVICES: [0]
[I 2023-12-15 14:26:45,653] Trial 29 finished with value: 147.7499237060547 and parameters: {'gradient_clip_val': 0.6496640079872517, 'hidden_size': 41, 'dropout': 0.29173107748625815, 'hidden_continuous_size': 15, 'attention_head_size': 4, 'learning_rate': 0.000764368393193686}. Best is trial 20 with value: 84.7418212890625.
LOCAL_RANK: 0 - CUDA_VISIBLE_DEVICES: [0]
[I 2023-12-15 14:27:33,401] Trial 30 finished with value: 175.9108428955078 and parameters: {'gradient_clip_val': 0.4811914769750874, 'hidden_size': 19, 'dropout': 0.23276641894968972, 'hidden_continuous_size': 7, 'attention_head_size': 3, 'learning_rate': 0.002021408022526305}. Best is trial 20 with value: 84.7418212890625.
LOCAL_RANK: 0 - CUDA_VISIBLE_DEVICES: [0]
[I 2023-12-15 14:28:21,202] Trial 31 finished with value: 242.86497497558594 and parameters: {'gradient_clip_val': 0.3719076485288046, 'hidden_size': 28, 'dropout': 0.20372606375411076, 'hidden_continuous_size': 10, 'attention_head_size': 1, 'learning_rate': 0.0005136177105789815}. Best is trial 20 with value: 84.7418212890625.
LOCAL_RANK: 0 - CUDA_VISIBLE_DEVICES: [0]
[I 2023-12-15 14:29:09,832] Trial 32 finished with value: 329.1545104980469 and parameters: {'gradient_clip_val': 0.4201149285019741, 'hidden_size': 25, 'dropout': 0.20503931315306986, 'hidden_continuous_size': 10, 'attention_head_size': 1, 'learning_rate': 0.0005116803180756756}. Best is trial 20 with value: 84.7418212890625.
LOCAL_RANK: 0 - CUDA_VISIBLE_DEVICES: [0]
[I 2023-12-15 14:29:58,664] Trial 33 finished with value: 170.96873474121094 and parameters: {'gradient_clip_val': 0.31098453109006313, 'hidden_size': 30, 'dropout': 0.24875854516799642, 'hidden_continuous_size': 13, 'attention_head_size': 1, 'learning_rate': 0.0008237847631463628}. Best is trial 20 with value: 84.7418212890625.
LOCAL_RANK: 0 - CUDA_VISIBLE_DEVICES: [0]
[I 2023-12-15 14:30:46,922] Trial 34 finished with value: 197.0035858154297 and parameters: {'gradient_clip_val': 0.2635347737057092, 'hidden_size': 21, 'dropout': 0.1928508544719375, 'hidden_continuous_size': 9, 'attention_head_size': 1, 'learning_rate': 0.0012815597224612714}. Best is trial 20 with value: 84.7418212890625.
LOCAL_RANK: 0 - CUDA_VISIBLE_DEVICES: [0]
[I 2023-12-15 14:31:37,436] Trial 35 finished with value: 383.5342102050781 and parameters: {'gradient_clip_val': 0.6599455286700092, 'hidden_size': 40, 'dropout': 0.16330258934436026, 'hidden_continuous_size': 12, 'attention_head_size': 2, 'learning_rate': 0.0009505421275040379}. Best is trial 20 with value: 84.7418212890625.
LOCAL_RANK: 0 - CUDA_VISIBLE_DEVICES: [0]
[I 2023-12-15 14:32:25,252] Trial 36 finished with value: 273.11737060546875 and parameters: {'gradient_clip_val': 0.19774891086856003, 'hidden_size': 32, 'dropout': 0.2178021815877036, 'hidden_continuous_size': 7, 'attention_head_size': 1, 'learning_rate': 0.0006380111206927768}. Best is trial 20 with value: 84.7418212890625.
LOCAL_RANK: 0 - CUDA_VISIBLE_DEVICES: [0]
[I 2023-12-15 14:33:14,373] Trial 37 finished with value: 241.8476104736328 and parameters: {'gradient_clip_val': 0.7305379722784947, 'hidden_size': 26, 'dropout': 0.18190918257480093, 'hidden_continuous_size': 10, 'attention_head_size': 2, 'learning_rate': 0.0010579225210290608}. Best is trial 20 with value: 84.7418212890625.
LOCAL_RANK: 0 - CUDA_VISIBLE_DEVICES: [0]
