[I 2023-12-16 07:07:30,339] Trial 30 finished with value: 0.9656627178192139 and parameters: {'gradient_clip_val': 0.7037466725635184, 'hidden_size': 79, 'dropout': 0.14591379350032174, 'hidden_continuous_size': 32, 'attention_head_size': 2, 'learning_rate': 0.0017971300954709416}. Best is trial 2 with value: 0.15260595083236694.
LOCAL_RANK: 0 - CUDA_VISIBLE_DEVICES: [0]
[I 2023-12-16 07:08:22,737] Trial 31 finished with value: 2.369490623474121 and parameters: {'gradient_clip_val': 0.41910167351147826, 'hidden_size': 48, 'dropout': 0.18025236218997243, 'hidden_continuous_size': 16, 'attention_head_size': 3, 'learning_rate': 0.0024396085235916898}. Best is trial 2 with value: 0.15260595083236694.
LOCAL_RANK: 0 - CUDA_VISIBLE_DEVICES: [0]
[I 2023-12-16 07:09:14,484] Trial 32 finished with value: 3.038897752761841 and parameters: {'gradient_clip_val': 0.45031790847419667, 'hidden_size': 35, 'dropout': 0.19070577790588006, 'hidden_continuous_size': 17, 'attention_head_size': 2, 'learning_rate': 0.0013823729876589563}. Best is trial 2 with value: 0.15260595083236694.
LOCAL_RANK: 0 - CUDA_VISIBLE_DEVICES: [0]
[I 2023-12-16 07:10:07,726] Trial 33 finished with value: 1.0043988227844238 and parameters: {'gradient_clip_val': 0.6021234474985759, 'hidden_size': 67, 'dropout': 0.21619000550419948, 'hidden_continuous_size': 21, 'attention_head_size': 1, 'learning_rate': 0.0031248297298802213}. Best is trial 2 with value: 0.15260595083236694.
LOCAL_RANK: 0 - CUDA_VISIBLE_DEVICES: [0]
[I 2023-12-16 07:11:00,273] Trial 34 finished with value: 1.2857331037521362 and parameters: {'gradient_clip_val': 0.37639453553103697, 'hidden_size': 38, 'dropout': 0.19124686014406644, 'hidden_continuous_size': 17, 'attention_head_size': 3, 'learning_rate': 0.0019188612427527734}. Best is trial 2 with value: 0.15260595083236694.
LOCAL_RANK: 0 - CUDA_VISIBLE_DEVICES: [0]
[I 2023-12-16 07:11:54,825] Trial 35 finished with value: 0.13868273794651031 and parameters: {'gradient_clip_val': 0.16667665446780264, 'hidden_size': 84, 'dropout': 0.20309409958856703, 'hidden_continuous_size': 26, 'attention_head_size': 2, 'learning_rate': 0.004287227799355051}. Best is trial 35 with value: 0.13868273794651031.
LOCAL_RANK: 0 - CUDA_VISIBLE_DEVICES: [0]
[I 2023-12-16 07:12:49,752] Trial 36 finished with value: 2.8857524394989014 and parameters: {'gradient_clip_val': 0.16276855889612152, 'hidden_size': 86, 'dropout': 0.22140830527975777, 'hidden_continuous_size': 27, 'attention_head_size': 2, 'learning_rate': 0.00467696352542413}. Best is trial 35 with value: 0.13868273794651031.
LOCAL_RANK: 0 - CUDA_VISIBLE_DEVICES: [0]
[I 2023-12-16 07:13:44,573] Trial 37 finished with value: 0.4822804033756256 and parameters: {'gradient_clip_val': 0.10904844399187752, 'hidden_size': 100, 'dropout': 0.2091039419037773, 'hidden_continuous_size': 29, 'attention_head_size': 2, 'learning_rate': 0.003971989268967015}. Best is trial 35 with value: 0.13868273794651031.
LOCAL_RANK: 0 - CUDA_VISIBLE_DEVICES: [0]
[I 2023-12-16 07:14:38,107] Trial 38 finished with value: 1.7640870809555054 and parameters: {'gradient_clip_val': 0.1314314741839972, 'hidden_size': 65, 'dropout': 0.24252009852816503, 'hidden_continuous_size': 23, 'attention_head_size': 2, 'learning_rate': 0.0005017786644492112}. Best is trial 35 with value: 0.13868273794651031.
LOCAL_RANK: 0 - CUDA_VISIBLE_DEVICES: [0]
[I 2023-12-16 07:15:33,117] Trial 39 finished with value: 0.6037440299987793 and parameters: {'gradient_clip_val': 0.1796015921782042, 'hidden_size': 85, 'dropout': 0.19610155038293495, 'hidden_continuous_size': 36, 'attention_head_size': 1, 'learning_rate': 0.005964029910184025}. Best is trial 35 with value: 0.13868273794651031.
LOCAL_RANK: 0 - CUDA_VISIBLE_DEVICES: [0]
[I 2023-12-16 07:16:26,754] Trial 40 finished with value: 0.800841748714447 and parameters: {'gradient_clip_val': 0.10587209821943963, 'hidden_size': 60, 'dropout': 0.16649826605665133, 'hidden_continuous_size': 21, 'attention_head_size': 3, 'learning_rate': 0.002902611023476938}. Best is trial 35 with value: 0.13868273794651031.
LOCAL_RANK: 0 - CUDA_VISIBLE_DEVICES: [0]
[I 2023-12-16 07:17:19,983] Trial 41 finished with value: 1.7994747161865234 and parameters: {'gradient_clip_val': 0.15703457892498524, 'hidden_size': 54, 'dropout': 0.18810186684113261, 'hidden_continuous_size': 25, 'attention_head_size': 2, 'learning_rate': 0.003858348479285917}. Best is trial 35 with value: 0.13868273794651031.
LOCAL_RANK: 0 - CUDA_VISIBLE_DEVICES: [0]
[I 2023-12-16 07:18:13,668] Trial 42 finished with value: 0.9369106888771057 and parameters: {'gradient_clip_val': 0.11462558469423233, 'hidden_size': 70, 'dropout': 0.14708051182607884, 'hidden_continuous_size': 19, 'attention_head_size': 2, 'learning_rate': 0.002462602627706577}. Best is trial 35 with value: 0.13868273794651031.
LOCAL_RANK: 0 - CUDA_VISIBLE_DEVICES: [0]
[I 2023-12-16 07:19:08,325] Trial 43 finished with value: 1.0098600387573242 and parameters: {'gradient_clip_val': 0.12438819384486885, 'hidden_size': 85, 'dropout': 0.21700038414539624, 'hidden_continuous_size': 12, 'attention_head_size': 4, 'learning_rate': 0.001139678894059581}. Best is trial 35 with value: 0.13868273794651031.
LOCAL_RANK: 0 - CUDA_VISIBLE_DEVICES: [0]
[I 2023-12-16 07:19:58,290] Trial 44 finished with value: 2.494513750076294 and parameters: {'gradient_clip_val': 0.13971992866941702, 'hidden_size': 26, 'dropout': 0.182295224248016, 'hidden_continuous_size': 20, 'attention_head_size': 3, 'learning_rate': 0.005363515744187905}. Best is trial 35 with value: 0.13868273794651031.
LOCAL_RANK: 0 - CUDA_VISIBLE_DEVICES: [0]
[I 2023-12-16 07:20:51,995] Trial 45 finished with value: 2.0667877197265625 and parameters: {'gradient_clip_val': 0.10516502185813398, 'hidden_size': 62, 'dropout': 0.20394323783323864, 'hidden_continuous_size': 32, 'attention_head_size': 2, 'learning_rate': 0.007641603398499325}. Best is trial 35 with value: 0.13868273794651031.
LOCAL_RANK: 0 - CUDA_VISIBLE_DEVICES: [0]
[I 2023-12-16 07:21:45,315] Trial 46 finished with value: 2.377389430999756 and parameters: {'gradient_clip_val': 0.10093359711556914, 'hidden_size': 50, 'dropout': 0.23616473793117276, 'hidden_continuous_size': 23, 'attention_head_size': 3, 'learning_rate': 0.0018769619271856545}. Best is trial 35 with value: 0.13868273794651031.
LOCAL_RANK: 0 - CUDA_VISIBLE_DEVICES: [0]
[I 2023-12-16 07:22:38,570] Trial 47 finished with value: 1.8159847259521484 and parameters: {'gradient_clip_val': 0.26876589801497863, 'hidden_size': 42, 'dropout': 0.16889226689381578, 'hidden_continuous_size': 15, 'attention_head_size': 4, 'learning_rate': 0.00304903096301186}. Best is trial 35 with value: 0.13868273794651031.
LOCAL_RANK: 0 - CUDA_VISIBLE_DEVICES: [0]
[I 2023-12-16 07:23:33,516] Trial 48 finished with value: 1.3079828023910522 and parameters: {'gradient_clip_val': 0.20561728883094546, 'hidden_size': 88, 'dropout': 0.2281052757372187, 'hidden_continuous_size': 43, 'attention_head_size': 2, 'learning_rate': 0.0015588292721953284}. Best is trial 35 with value: 0.13868273794651031.
LOCAL_RANK: 0 - CUDA_VISIBLE_DEVICES: [0]
[I 2023-12-16 07:24:26,006] Trial 49 finished with value: 3.527952194213867 and parameters: {'gradient_clip_val': 0.26068956068897114, 'hidden_size': 40, 'dropout': 0.19939272989127815, 'hidden_continuous_size': 26, 'attention_head_size': 4, 'learning_rate': 0.004217816248760502}. Best is trial 35 with value: 0.13868273794651031.
[I 2023-12-16 07:24:26,099] A new study created in memory with name: no-name-ca7609fd-8fe0-43c9-9ae5-1d4f129d479d
/home/le004/conda/anaconda3/envs/tsff_env/lib/python3.9/site-packages/lightning/fabric/plugins/environments/slurm.py:191: The `srun` command is available on your system but is not used. HINT: If your intention is to run Lightning on SLURM, prepend your python command with `srun` like so: srun python /home/le004/master_thesis/git/TSFusionForecast/code/ ...
LOCAL_RANK: 0 - CUDA_VISIBLE_DEVICES: [0]
[I 2023-12-16 07:25:01,262] Trial 0 finished with value: 1.2014670372009277 and parameters: {'gradient_clip_val': 0.17286222432656975, 'hidden_size': 36, 'dropout': 0.3379235533597055, 'hidden_continuous_size': 36, 'attention_head_size': 3, 'learning_rate': 0.0007920622933415967}. Best is trial 0 with value: 1.2014670372009277.
LOCAL_RANK: 0 - CUDA_VISIBLE_DEVICES: [0]
[I 2023-12-16 07:25:35,359] Trial 1 finished with value: 2.936948776245117 and parameters: {'gradient_clip_val': 0.5270519739573016, 'hidden_size': 5, 'dropout': 0.20198443520046355, 'hidden_continuous_size': 5, 'attention_head_size': 2, 'learning_rate': 0.004729846588488839}. Best is trial 0 with value: 1.2014670372009277.
LOCAL_RANK: 0 - CUDA_VISIBLE_DEVICES: [0]
[I 2023-12-16 07:26:21,437] Trial 2 finished with value: 3.580082654953003 and parameters: {'gradient_clip_val': 0.6055028458661315, 'hidden_size': 15, 'dropout': 0.2847213926120132, 'hidden_continuous_size': 6, 'attention_head_size': 4, 'learning_rate': 0.08904481549558185}. Best is trial 0 with value: 1.2014670372009277.
LOCAL_RANK: 0 - CUDA_VISIBLE_DEVICES: [0]
[I 2023-12-16 07:26:55,790] Trial 3 finished with value: 4.104912281036377 and parameters: {'gradient_clip_val': 0.5963868790733569, 'hidden_size': 6, 'dropout': 0.3004453140369509, 'hidden_continuous_size': 6, 'attention_head_size': 3, 'learning_rate': 0.013472900121730457}. Best is trial 0 with value: 1.2014670372009277.
LOCAL_RANK: 0 - CUDA_VISIBLE_DEVICES: [0]
[I 2023-12-16 07:27:40,778] Trial 4 finished with value: 1.879955768585205 and parameters: {'gradient_clip_val': 0.10672214688982651, 'hidden_size': 13, 'dropout': 0.3914536034046291, 'hidden_continuous_size': 8, 'attention_head_size': 1, 'learning_rate': 0.008809903689824383}. Best is trial 0 with value: 1.2014670372009277.
LOCAL_RANK: 0 - CUDA_VISIBLE_DEVICES: [0]
[I 2023-12-16 07:28:31,591] Trial 5 finished with value: 2.2131385803222656 and parameters: {'gradient_clip_val': 0.28421677963819286, 'hidden_size': 48, 'dropout': 0.2714453108717293, 'hidden_continuous_size': 6, 'attention_head_size': 3, 'learning_rate': 0.004794100978525276}. Best is trial 0 with value: 1.2014670372009277.
LOCAL_RANK: 0 - CUDA_VISIBLE_DEVICES: [0]
[I 2023-12-16 07:29:23,435] Trial 6 finished with value: 2.512275457382202 and parameters: {'gradient_clip_val': 0.12408703328404191, 'hidden_size': 48, 'dropout': 0.11550708045995021, 'hidden_continuous_size': 32, 'attention_head_size': 2, 'learning_rate': 0.0013293857995896258}. Best is trial 0 with value: 1.2014670372009277.
LOCAL_RANK: 0 - CUDA_VISIBLE_DEVICES: [0]
[I 2023-12-16 07:30:10,140] Trial 7 finished with value: 0.6235009431838989 and parameters: {'gradient_clip_val': 0.6300725577573081, 'hidden_size': 17, 'dropout': 0.39745041593950936, 'hidden_continuous_size': 8, 'attention_head_size': 3, 'learning_rate': 0.0014288459316448804}. Best is trial 7 with value: 0.6235009431838989.
LOCAL_RANK: 0 - CUDA_VISIBLE_DEVICES: [0]
[I 2023-12-16 07:30:58,301] Trial 8 finished with value: 0.062425822019577026 and parameters: {'gradient_clip_val': 0.8714523043128894, 'hidden_size': 32, 'dropout': 0.22862217191908815, 'hidden_continuous_size': 6, 'attention_head_size': 3, 'learning_rate': 0.0155003082939925}. Best is trial 8 with value: 0.062425822019577026.
LOCAL_RANK: 0 - CUDA_VISIBLE_DEVICES: [0]
[I 2023-12-16 07:31:53,047] Trial 9 finished with value: 2.3078105449676514 and parameters: {'gradient_clip_val': 0.8492965226251995, 'hidden_size': 65, 'dropout': 0.14823303710410304, 'hidden_continuous_size': 62, 'attention_head_size': 1, 'learning_rate': 0.0012832955932072173}. Best is trial 8 with value: 0.062425822019577026.
LOCAL_RANK: 0 - CUDA_VISIBLE_DEVICES: [0]
[I 2023-12-16 07:32:46,978] Trial 10 finished with value: 7.339182376861572 and parameters: {'gradient_clip_val': 0.973235369802585, 'hidden_size': 96, 'dropout': 0.21680615704156078, 'hidden_continuous_size': 13, 'attention_head_size': 4, 'learning_rate': 0.036378022743190734}. Best is trial 8 with value: 0.062425822019577026.
LOCAL_RANK: 0 - CUDA_VISIBLE_DEVICES: [0]
[I 2023-12-16 07:33:35,156] Trial 11 finished with value: 0.9600269198417664 and parameters: {'gradient_clip_val': 0.4030184753043036, 'hidden_size': 24, 'dropout': 0.3945382390308856, 'hidden_continuous_size': 9, 'attention_head_size': 3, 'learning_rate': 0.0024187506816288327}. Best is trial 8 with value: 0.062425822019577026.
LOCAL_RANK: 0 - CUDA_VISIBLE_DEVICES: [0]
[I 2023-12-16 07:34:23,378] Trial 12 finished with value: 2.9876062870025635 and parameters: {'gradient_clip_val': 0.7988993639345614, 'hidden_size': 24, 'dropout': 0.23034598720235347, 'hidden_continuous_size': 8, 'attention_head_size': 4, 'learning_rate': 0.0005529801935503421}. Best is trial 8 with value: 0.062425822019577026.
LOCAL_RANK: 0 - CUDA_VISIBLE_DEVICES: [0]
[I 2023-12-16 07:35:08,949] Trial 13 finished with value: 3.2720558643341064 and parameters: {'gradient_clip_val': 0.39530054600800874, 'hidden_size': 14, 'dropout': 0.3341105142756069, 'hidden_continuous_size': 5, 'attention_head_size': 2, 'learning_rate': 0.017728737475196897}. Best is trial 8 with value: 0.062425822019577026.
LOCAL_RANK: 0 - CUDA_VISIBLE_DEVICES: [0]
[I 2023-12-16 07:35:58,801] Trial 14 finished with value: 2.2104909420013428 and parameters: {'gradient_clip_val': 0.7251379994214043, 'hidden_size': 33, 'dropout': 0.24930234875296892, 'hidden_continuous_size': 11, 'attention_head_size': 3, 'learning_rate': 0.0028526240831915433}. Best is trial 8 with value: 0.062425822019577026.
LOCAL_RANK: 0 - CUDA_VISIBLE_DEVICES: [0]
[I 2023-12-16 07:36:43,884] Trial 15 finished with value: 0.47777238488197327 and parameters: {'gradient_clip_val': 0.9017757587579317, 'hidden_size': 9, 'dropout': 0.1894451665846821, 'hidden_continuous_size': 5, 'attention_head_size': 2, 'learning_rate': 0.007971284719638762}. Best is trial 8 with value: 0.062425822019577026.
LOCAL_RANK: 0 - CUDA_VISIBLE_DEVICES: [0]
[I 2023-12-16 07:37:29,040] Trial 16 finished with value: 0.18986965715885162 and parameters: {'gradient_clip_val': 0.9096917452675036, 'hidden_size': 9, 'dropout': 0.1805983764677327, 'hidden_continuous_size': 5, 'attention_head_size': 2, 'learning_rate': 0.0236282675084784}. Best is trial 8 with value: 0.062425822019577026.
LOCAL_RANK: 0 - CUDA_VISIBLE_DEVICES: [0]
[I 2023-12-16 07:38:12,998] Trial 17 finished with value: 0.17392361164093018 and parameters: {'gradient_clip_val': 0.9827202445411513, 'hidden_size': 8, 'dropout': 0.17125132484754407, 'hidden_continuous_size': 5, 'attention_head_size': 2, 'learning_rate': 0.026545388239958993}. Best is trial 8 with value: 0.062425822019577026.
LOCAL_RANK: 0 - CUDA_VISIBLE_DEVICES: [0]
[I 2023-12-16 07:38:58,740] Trial 18 finished with value: 3.9956328868865967 and parameters: {'gradient_clip_val': 0.9772524808212057, 'hidden_size': 20, 'dropout': 0.16078023768169855, 'hidden_continuous_size': 6, 'attention_head_size': 1, 'learning_rate': 0.033305544283767044}. Best is trial 8 with value: 0.062425822019577026.
LOCAL_RANK: 0 - CUDA_VISIBLE_DEVICES: [0]
[I 2023-12-16 07:39:43,874] Trial 19 finished with value: 0.2854785621166229 and parameters: {'gradient_clip_val': 0.7489616002138092, 'hidden_size': 10, 'dropout': 0.10550424317588619, 'hidden_continuous_size': 5, 'attention_head_size': 2, 'learning_rate': 0.011876295555228459}. Best is trial 8 with value: 0.062425822019577026.
LOCAL_RANK: 0 - CUDA_VISIBLE_DEVICES: [0]
[I 2023-12-16 07:40:28,541] Trial 20 finished with value: 7.45515251159668 and parameters: {'gradient_clip_val': 0.4877130426488659, 'hidden_size': 7, 'dropout': 0.23268682160303542, 'hidden_continuous_size': 5, 'attention_head_size': 1, 'learning_rate': 0.054621910706204785}. Best is trial 8 with value: 0.062425822019577026.
LOCAL_RANK: 0 - CUDA_VISIBLE_DEVICES: [0]
[I 2023-12-16 07:41:13,395] Trial 21 finished with value: 0.6670184135437012 and parameters: {'gradient_clip_val': 0.9799550000963271, 'hidden_size': 9, 'dropout': 0.17854445280593284, 'hidden_continuous_size': 5, 'attention_head_size': 2, 'learning_rate': 0.02114482726612422}. Best is trial 8 with value: 0.062425822019577026.
LOCAL_RANK: 0 - CUDA_VISIBLE_DEVICES: [0]
[I 2023-12-16 07:41:47,153] Trial 22 finished with value: 1.9282420873641968 and parameters: {'gradient_clip_val': 0.7029757303444136, 'hidden_size': 5, 'dropout': 0.19630400748519136, 'hidden_continuous_size': 5, 'attention_head_size': 2, 'learning_rate': 0.024295069374782135}. Best is trial 8 with value: 0.062425822019577026.
LOCAL_RANK: 0 - CUDA_VISIBLE_DEVICES: [0]
[I 2023-12-16 07:42:32,112] Trial 23 finished with value: 3.440232038497925 and parameters: {'gradient_clip_val': 0.791683775418522, 'hidden_size': 7, 'dropout': 0.15416246140220322, 'hidden_continuous_size': 5, 'attention_head_size': 2, 'learning_rate': 0.015323743675179032}. Best is trial 8 with value: 0.062425822019577026.
LOCAL_RANK: 0 - CUDA_VISIBLE_DEVICES: [0]
[I 2023-12-16 07:43:17,694] Trial 24 finished with value: 2.0398824214935303 and parameters: {'gradient_clip_val': 0.7119000068016004, 'hidden_size': 11, 'dropout': 0.21926712319480746, 'hidden_continuous_size': 6, 'attention_head_size': 3, 'learning_rate': 0.03477226904167607}. Best is trial 8 with value: 0.062425822019577026.
LOCAL_RANK: 0 - CUDA_VISIBLE_DEVICES: [0]
[I 2023-12-16 07:44:01,757] Trial 25 finished with value: 0.9104862809181213 and parameters: {'gradient_clip_val': 0.9700144679665715, 'hidden_size': 12, 'dropout': 0.17733177089547908, 'hidden_continuous_size': 6, 'attention_head_size': 2, 'learning_rate': 0.02386801944335606}. Best is trial 8 with value: 0.062425822019577026.
LOCAL_RANK: 0 - CUDA_VISIBLE_DEVICES: [0]
[I 2023-12-16 07:44:45,498] Trial 26 finished with value: 2.775514602661133 and parameters: {'gradient_clip_val': 0.8405579016579081, 'hidden_size': 8, 'dropout': 0.1420401105575806, 'hidden_continuous_size': 5, 'attention_head_size': 1, 'learning_rate': 0.010334889092160916}. Best is trial 8 with value: 0.062425822019577026.
LOCAL_RANK: 0 - CUDA_VISIBLE_DEVICES: [0]
[I 2023-12-16 07:45:30,756] Trial 27 finished with value: 0.21318459510803223 and parameters: {'gradient_clip_val': 0.6352999694677671, 'hidden_size': 11, 'dropout': 0.12859643665342152, 'hidden_continuous_size': 6, 'attention_head_size': 3, 'learning_rate': 0.05334308976832699}. Best is trial 8 with value: 0.062425822019577026.
LOCAL_RANK: 0 - CUDA_VISIBLE_DEVICES: [0]
[I 2023-12-16 07:46:18,221] Trial 28 finished with value: 2.9559810161590576 and parameters: {'gradient_clip_val': 0.49939410004299184, 'hidden_size': 18, 'dropout': 0.1775744699986243, 'hidden_continuous_size': 7, 'attention_head_size': 4, 'learning_rate': 0.013879420346173775}. Best is trial 8 with value: 0.062425822019577026.
LOCAL_RANK: 0 - CUDA_VISIBLE_DEVICES: [0]
[I 2023-12-16 07:47:07,272] Trial 29 finished with value: 0.6974852085113525 and parameters: {'gradient_clip_val': 0.8324136131743396, 'hidden_size': 29, 'dropout': 0.20220733378555095, 'hidden_continuous_size': 7, 'attention_head_size': 3, 'learning_rate': 0.019372214062787805}. Best is trial 8 with value: 0.062425822019577026.
LOCAL_RANK: 0 - CUDA_VISIBLE_DEVICES: [0]
[I 2023-12-16 07:47:51,886] Trial 30 finished with value: 1.6451648473739624 and parameters: {'gradient_clip_val': 0.2064314428342945, 'hidden_size': 16, 'dropout': 0.16287221010905034, 'hidden_continuous_size': 7, 'attention_head_size': 2, 'learning_rate': 0.006505424110646816}. Best is trial 8 with value: 0.062425822019577026.
LOCAL_RANK: 0 - CUDA_VISIBLE_DEVICES: [0]
[I 2023-12-16 07:48:37,403] Trial 31 finished with value: 2.293060064315796 and parameters: {'gradient_clip_val': 0.6808483095988968, 'hidden_size': 11, 'dropout': 0.13054950311509408, 'hidden_continuous_size': 6, 'attention_head_size': 3, 'learning_rate': 0.051990288456691916}. Best is trial 8 with value: 0.062425822019577026.
LOCAL_RANK: 0 - CUDA_VISIBLE_DEVICES: [0]
[I 2023-12-16 07:49:22,910] Trial 32 finished with value: 5.812218189239502 and parameters: {'gradient_clip_val': 0.572568306679982, 'hidden_size': 9, 'dropout': 0.12466171878578003, 'hidden_continuous_size': 5, 'attention_head_size': 3, 'learning_rate': 0.025685323182128177}. Best is trial 8 with value: 0.062425822019577026.
LOCAL_RANK: 0 - CUDA_VISIBLE_DEVICES: [0]
[I 2023-12-16 07:50:08,023] Trial 33 finished with value: 0.7372612953186035 and parameters: {'gradient_clip_val': 0.6517740049418216, 'hidden_size': 6, 'dropout': 0.10377179588908983, 'hidden_continuous_size': 5, 'attention_head_size': 2, 'learning_rate': 0.0826567536766384}. Best is trial 8 with value: 0.062425822019577026.
LOCAL_RANK: 0 - CUDA_VISIBLE_DEVICES: [0]
[I 2023-12-16 07:50:54,172] Trial 34 finished with value: 0.09062305092811584 and parameters: {'gradient_clip_val': 0.8588395780736665, 'hidden_size': 13, 'dropout': 0.13649555660837936, 'hidden_continuous_size': 6, 'attention_head_size': 4, 'learning_rate': 0.04538540060621536}. Best is trial 8 with value: 0.062425822019577026.
LOCAL_RANK: 0 - CUDA_VISIBLE_DEVICES: [0]
[I 2023-12-16 07:51:40,373] Trial 35 finished with value: 3.4276554584503174 and parameters: {'gradient_clip_val': 0.8573419121432192, 'hidden_size': 14, 'dropout': 0.13861815040618555, 'hidden_continuous_size': 6, 'attention_head_size': 4, 'learning_rate': 0.016237106359274833}. Best is trial 8 with value: 0.062425822019577026.
LOCAL_RANK: 0 - CUDA_VISIBLE_DEVICES: [0]
[I 2023-12-16 07:52:26,724] Trial 36 finished with value: 3.261326551437378 and parameters: {'gradient_clip_val': 0.5750432516487028, 'hidden_size': 15, 'dropout': 0.20460720902033605, 'hidden_continuous_size': 7, 'attention_head_size': 4, 'learning_rate': 0.011203658416145743}. Best is trial 8 with value: 0.062425822019577026.
LOCAL_RANK: 0 - CUDA_VISIBLE_DEVICES: [0]
