[I 2023-12-15 16:00:38,136] Trial 3 finished with value: 192.701416015625 and parameters: {'gradient_clip_val': 0.26131985585288187, 'hidden_size': 26, 'dropout': 0.2938153638772386, 'hidden_continuous_size': 5, 'attention_head_size': 1, 'learning_rate': 0.020801904624409225}. Best is trial 0 with value: 82.86821746826172.
LOCAL_RANK: 0 - CUDA_VISIBLE_DEVICES: [0]
[I 2023-12-15 16:01:26,141] Trial 4 finished with value: 198.2790069580078 and parameters: {'gradient_clip_val': 0.6551966591585503, 'hidden_size': 20, 'dropout': 0.3988596246081082, 'hidden_continuous_size': 19, 'attention_head_size': 3, 'learning_rate': 0.016481631427547997}. Best is trial 0 with value: 82.86821746826172.
LOCAL_RANK: 0 - CUDA_VISIBLE_DEVICES: [0]
[I 2023-12-15 16:02:11,103] Trial 5 finished with value: 184.82763671875 and parameters: {'gradient_clip_val': 0.15666428836350074, 'hidden_size': 8, 'dropout': 0.3736557585994943, 'hidden_continuous_size': 7, 'attention_head_size': 4, 'learning_rate': 0.03899342949290985}. Best is trial 0 with value: 82.86821746826172.
LOCAL_RANK: 0 - CUDA_VISIBLE_DEVICES: [0]
[I 2023-12-15 16:03:00,121] Trial 6 finished with value: 103.86065673828125 and parameters: {'gradient_clip_val': 0.13249801187407184, 'hidden_size': 25, 'dropout': 0.33104221791797306, 'hidden_continuous_size': 5, 'attention_head_size': 4, 'learning_rate': 0.003663144294745615}. Best is trial 0 with value: 82.86821746826172.
LOCAL_RANK: 0 - CUDA_VISIBLE_DEVICES: [0]
[I 2023-12-15 16:03:49,535] Trial 7 finished with value: 227.76641845703125 and parameters: {'gradient_clip_val': 0.3698519522600554, 'hidden_size': 25, 'dropout': 0.3895126448486409, 'hidden_continuous_size': 12, 'attention_head_size': 3, 'learning_rate': 0.05615865034991206}. Best is trial 0 with value: 82.86821746826172.
LOCAL_RANK: 0 - CUDA_VISIBLE_DEVICES: [0]
[I 2023-12-15 16:04:35,213] Trial 8 finished with value: 85.475830078125 and parameters: {'gradient_clip_val': 0.621262232204529, 'hidden_size': 14, 'dropout': 0.1766877652073763, 'hidden_continuous_size': 8, 'attention_head_size': 2, 'learning_rate': 0.0020115183843889646}. Best is trial 0 with value: 82.86821746826172.
LOCAL_RANK: 0 - CUDA_VISIBLE_DEVICES: [0]
[I 2023-12-15 16:05:25,602] Trial 9 finished with value: 98.30550384521484 and parameters: {'gradient_clip_val': 0.10510109052539833, 'hidden_size': 32, 'dropout': 0.3519007864321929, 'hidden_continuous_size': 25, 'attention_head_size': 1, 'learning_rate': 0.0017148875872580996}. Best is trial 0 with value: 82.86821746826172.
LOCAL_RANK: 0 - CUDA_VISIBLE_DEVICES: [0]
[I 2023-12-15 16:06:19,443] Trial 10 finished with value: 92.51132202148438 and parameters: {'gradient_clip_val': 0.19057647739095854, 'hidden_size': 64, 'dropout': 0.23727582017408633, 'hidden_continuous_size': 49, 'attention_head_size': 2, 'learning_rate': 0.0005996900686686306}. Best is trial 0 with value: 82.86821746826172.
LOCAL_RANK: 0 - CUDA_VISIBLE_DEVICES: [0]
[I 2023-12-15 16:07:04,646] Trial 11 finished with value: 125.6200180053711 and parameters: {'gradient_clip_val': 0.9235326815656575, 'hidden_size': 10, 'dropout': 0.21244696711966343, 'hidden_continuous_size': 6, 'attention_head_size': 2, 'learning_rate': 0.0010938140172310061}. Best is trial 0 with value: 82.86821746826172.
LOCAL_RANK: 0 - CUDA_VISIBLE_DEVICES: [0]
[I 2023-12-15 16:07:38,526] Trial 12 finished with value: 131.06585693359375 and parameters: {'gradient_clip_val': 0.5676178513259752, 'hidden_size': 5, 'dropout': 0.18992880796865583, 'hidden_continuous_size': 5, 'attention_head_size': 2, 'learning_rate': 0.004462104710317458}. Best is trial 0 with value: 82.86821746826172.
LOCAL_RANK: 0 - CUDA_VISIBLE_DEVICES: [0]
[I 2023-12-15 16:08:23,720] Trial 13 finished with value: 88.18096923828125 and parameters: {'gradient_clip_val': 0.20483687448876758, 'hidden_size': 13, 'dropout': 0.2747709146331316, 'hidden_continuous_size': 8, 'attention_head_size': 1, 'learning_rate': 0.0012252699702074489}. Best is trial 0 with value: 82.86821746826172.
LOCAL_RANK: 0 - CUDA_VISIBLE_DEVICES: [0]
[I 2023-12-15 16:09:15,867] Trial 14 finished with value: 158.9097442626953 and parameters: {'gradient_clip_val': 0.10828645771982807, 'hidden_size': 45, 'dropout': 0.16587255653002828, 'hidden_continuous_size': 9, 'attention_head_size': 2, 'learning_rate': 0.009970125905695314}. Best is trial 0 with value: 82.86821746826172.
LOCAL_RANK: 0 - CUDA_VISIBLE_DEVICES: [0]
[I 2023-12-15 16:10:01,911] Trial 15 finished with value: 111.5904312133789 and parameters: {'gradient_clip_val': 0.2442251918097189, 'hidden_size': 15, 'dropout': 0.11418019349728664, 'hidden_continuous_size': 7, 'attention_head_size': 3, 'learning_rate': 0.0027496898440990424}. Best is trial 0 with value: 82.86821746826172.
LOCAL_RANK: 0 - CUDA_VISIBLE_DEVICES: [0]
[I 2023-12-15 16:10:53,924] Trial 16 finished with value: 126.97847747802734 and parameters: {'gradient_clip_val': 0.416122629475701, 'hidden_size': 52, 'dropout': 0.30702522094343054, 'hidden_continuous_size': 10, 'attention_head_size': 1, 'learning_rate': 0.008084627456914338}. Best is trial 0 with value: 82.86821746826172.
LOCAL_RANK: 0 - CUDA_VISIBLE_DEVICES: [0]
[I 2023-12-15 16:11:47,234] Trial 17 finished with value: 85.831787109375 and parameters: {'gradient_clip_val': 0.1666365733642638, 'hidden_size': 92, 'dropout': 0.2488978895717375, 'hidden_continuous_size': 14, 'attention_head_size': 2, 'learning_rate': 0.0005734937230263894}. Best is trial 0 with value: 82.86821746826172.
LOCAL_RANK: 0 - CUDA_VISIBLE_DEVICES: [0]
[I 2023-12-15 16:12:31,811] Trial 18 finished with value: 80.64705657958984 and parameters: {'gradient_clip_val': 0.22936497717911675, 'hidden_size': 12, 'dropout': 0.27439140108261906, 'hidden_continuous_size': 6, 'attention_head_size': 3, 'learning_rate': 0.003397951824141784}. Best is trial 18 with value: 80.64705657958984.
LOCAL_RANK: 0 - CUDA_VISIBLE_DEVICES: [0]
[I 2023-12-15 16:13:18,868] Trial 19 finished with value: 163.1904296875 and parameters: {'gradient_clip_val': 0.21013929585590593, 'hidden_size': 20, 'dropout': 0.32739227716479846, 'hidden_continuous_size': 6, 'attention_head_size': 4, 'learning_rate': 0.0047855330780129865}. Best is trial 18 with value: 80.64705657958984.
LOCAL_RANK: 0 - CUDA_VISIBLE_DEVICES: [0]
[I 2023-12-15 16:14:03,213] Trial 20 finished with value: 85.7572250366211 and parameters: {'gradient_clip_val': 0.13135760578038727, 'hidden_size': 8, 'dropout': 0.2940535873505195, 'hidden_continuous_size': 6, 'attention_head_size': 3, 'learning_rate': 0.0030034037824290165}. Best is trial 18 with value: 80.64705657958984.
LOCAL_RANK: 0 - CUDA_VISIBLE_DEVICES: [0]
[I 2023-12-15 16:14:47,259] Trial 21 finished with value: 75.6911392211914 and parameters: {'gradient_clip_val': 0.3303415122038544, 'hidden_size': 12, 'dropout': 0.2591011934162027, 'hidden_continuous_size': 6, 'attention_head_size': 2, 'learning_rate': 0.0016897479309969264}. Best is trial 21 with value: 75.6911392211914.
LOCAL_RANK: 0 - CUDA_VISIBLE_DEVICES: [0]
[I 2023-12-15 16:15:33,016] Trial 22 finished with value: 68.4474868774414 and parameters: {'gradient_clip_val': 0.2871607660020293, 'hidden_size': 11, 'dropout': 0.2636342366688355, 'hidden_continuous_size': 6, 'attention_head_size': 3, 'learning_rate': 0.0014789045285222866}. Best is trial 22 with value: 68.4474868774414.
LOCAL_RANK: 0 - CUDA_VISIBLE_DEVICES: [0]
[I 2023-12-15 16:16:18,436] Trial 23 finished with value: 75.14016723632812 and parameters: {'gradient_clip_val': 0.3070149576256409, 'hidden_size': 11, 'dropout': 0.27001496400655156, 'hidden_continuous_size': 6, 'attention_head_size': 3, 'learning_rate': 0.0013379414023906777}. Best is trial 22 with value: 68.4474868774414.
LOCAL_RANK: 0 - CUDA_VISIBLE_DEVICES: [0]
[I 2023-12-15 16:17:03,801] Trial 24 finished with value: 115.41719818115234 and parameters: {'gradient_clip_val': 0.30636897416884595, 'hidden_size': 11, 'dropout': 0.23136852380461848, 'hidden_continuous_size': 6, 'attention_head_size': 3, 'learning_rate': 0.000948997982561397}. Best is trial 22 with value: 68.4474868774414.
LOCAL_RANK: 0 - CUDA_VISIBLE_DEVICES: [0]
[I 2023-12-15 16:17:49,557] Trial 25 finished with value: 115.76258087158203 and parameters: {'gradient_clip_val': 0.34542241126792117, 'hidden_size': 9, 'dropout': 0.26197456110810063, 'hidden_continuous_size': 5, 'attention_head_size': 4, 'learning_rate': 0.0015251979169194057}. Best is trial 22 with value: 68.4474868774414.
LOCAL_RANK: 0 - CUDA_VISIBLE_DEVICES: [0]
[I 2023-12-15 16:18:34,956] Trial 26 finished with value: 187.0299530029297 and parameters: {'gradient_clip_val': 0.2917360614272887, 'hidden_size': 6, 'dropout': 0.2617009830298966, 'hidden_continuous_size': 5, 'attention_head_size': 3, 'learning_rate': 0.0007820428871632158}. Best is trial 22 with value: 68.4474868774414.
LOCAL_RANK: 0 - CUDA_VISIBLE_DEVICES: [0]
[I 2023-12-15 16:19:20,251] Trial 27 finished with value: 99.4251708984375 and parameters: {'gradient_clip_val': 0.27327107814457435, 'hidden_size': 7, 'dropout': 0.22235722090252175, 'hidden_continuous_size': 6, 'attention_head_size': 3, 'learning_rate': 0.0014724658480991875}. Best is trial 22 with value: 68.4474868774414.
LOCAL_RANK: 0 - CUDA_VISIBLE_DEVICES: [0]
[I 2023-12-15 16:20:06,252] Trial 28 finished with value: 100.33547973632812 and parameters: {'gradient_clip_val': 0.3424399054227896, 'hidden_size': 10, 'dropout': 0.2469772503401525, 'hidden_continuous_size': 6, 'attention_head_size': 4, 'learning_rate': 0.0008378988828715721}. Best is trial 22 with value: 68.4474868774414.
LOCAL_RANK: 0 - CUDA_VISIBLE_DEVICES: [0]
[I 2023-12-15 16:20:50,802] Trial 29 finished with value: 84.66136932373047 and parameters: {'gradient_clip_val': 0.246347758516224, 'hidden_size': 16, 'dropout': 0.29030350275987943, 'hidden_continuous_size': 7, 'attention_head_size': 2, 'learning_rate': 0.0017614976025620967}. Best is trial 22 with value: 68.4474868774414.
LOCAL_RANK: 0 - CUDA_VISIBLE_DEVICES: [0]
[I 2023-12-15 16:21:35,305] Trial 30 finished with value: 69.48832702636719 and parameters: {'gradient_clip_val': 0.4387672047589325, 'hidden_size': 12, 'dropout': 0.21106493544314225, 'hidden_continuous_size': 7, 'attention_head_size': 3, 'learning_rate': 0.002482817961022508}. Best is trial 22 with value: 68.4474868774414.
LOCAL_RANK: 0 - CUDA_VISIBLE_DEVICES: [0]
[I 2023-12-15 16:22:21,405] Trial 31 finished with value: 84.9417953491211 and parameters: {'gradient_clip_val': 0.41567632570907476, 'hidden_size': 11, 'dropout': 0.2143912871294576, 'hidden_continuous_size': 7, 'attention_head_size': 3, 'learning_rate': 0.002337964273900091}. Best is trial 22 with value: 68.4474868774414.
LOCAL_RANK: 0 - CUDA_VISIBLE_DEVICES: [0]
[I 2023-12-15 16:23:07,178] Trial 32 finished with value: 76.4381103515625 and parameters: {'gradient_clip_val': 0.33233183354163603, 'hidden_size': 13, 'dropout': 0.26121839913243805, 'hidden_continuous_size': 7, 'attention_head_size': 3, 'learning_rate': 0.001125676786252672}. Best is trial 22 with value: 68.4474868774414.
LOCAL_RANK: 0 - CUDA_VISIBLE_DEVICES: [0]
[I 2023-12-15 16:23:54,072] Trial 33 finished with value: 135.8213653564453 and parameters: {'gradient_clip_val': 0.4913077589186769, 'hidden_size': 17, 'dropout': 0.24192331228309527, 'hidden_continuous_size': 8, 'attention_head_size': 3, 'learning_rate': 0.0024313133692840504}. Best is trial 22 with value: 68.4474868774414.
LOCAL_RANK: 0 - CUDA_VISIBLE_DEVICES: [0]
[I 2023-12-15 16:24:39,003] Trial 34 finished with value: 114.5309066772461 and parameters: {'gradient_clip_val': 0.2859295539129409, 'hidden_size': 9, 'dropout': 0.27552991326375464, 'hidden_continuous_size': 6, 'attention_head_size': 2, 'learning_rate': 0.0013483847298471272}. Best is trial 22 with value: 68.4474868774414.
LOCAL_RANK: 0 - CUDA_VISIBLE_DEVICES: [0]
[I 2023-12-15 16:25:23,549] Trial 35 finished with value: 84.24028778076172 and parameters: {'gradient_clip_val': 0.3694732374067897, 'hidden_size': 12, 'dropout': 0.20638449954442384, 'hidden_continuous_size': 7, 'attention_head_size': 3, 'learning_rate': 0.002291122670802435}. Best is trial 22 with value: 68.4474868774414.
LOCAL_RANK: 0 - CUDA_VISIBLE_DEVICES: [0]
[I 2023-12-15 16:26:10,106] Trial 36 finished with value: 100.2657470703125 and parameters: {'gradient_clip_val': 0.46844278754083774, 'hidden_size': 18, 'dropout': 0.23349040488439984, 'hidden_continuous_size': 5, 'attention_head_size': 3, 'learning_rate': 0.001923266985092476}. Best is trial 22 with value: 68.4474868774414.
LOCAL_RANK: 0 - CUDA_VISIBLE_DEVICES: [0]
[I 2023-12-15 16:26:56,584] Trial 37 finished with value: 113.08243560791016 and parameters: {'gradient_clip_val': 0.2682479737218517, 'hidden_size': 14, 'dropout': 0.3137145292679839, 'hidden_continuous_size': 7, 'attention_head_size': 4, 'learning_rate': 0.000691324232490777}. Best is trial 22 with value: 68.4474868774414.
LOCAL_RANK: 0 - CUDA_VISIBLE_DEVICES: [0]
[I 2023-12-15 16:27:41,872] Trial 38 finished with value: 94.10945892333984 and parameters: {'gradient_clip_val': 0.3196825656188583, 'hidden_size': 7, 'dropout': 0.19562780639545513, 'hidden_continuous_size': 6, 'attention_head_size': 3, 'learning_rate': 0.0009011180087444563}. Best is trial 22 with value: 68.4474868774414.
LOCAL_RANK: 0 - CUDA_VISIBLE_DEVICES: [0]
[I 2023-12-15 16:28:30,495] Trial 39 finished with value: 170.0348663330078 and parameters: {'gradient_clip_val': 0.3870572611281275, 'hidden_size': 22, 'dropout': 0.2205994234249679, 'hidden_continuous_size': 9, 'attention_head_size': 2, 'learning_rate': 0.0036374985818959627}. Best is trial 22 with value: 68.4474868774414.
LOCAL_RANK: 0 - CUDA_VISIBLE_DEVICES: [0]
[I 2023-12-15 16:29:16,779] Trial 40 finished with value: 92.06668090820312 and parameters: {'gradient_clip_val': 0.30895497944758504, 'hidden_size': 15, 'dropout': 0.15915598007656467, 'hidden_continuous_size': 5, 'attention_head_size': 4, 'learning_rate': 0.0013435745046569793}. Best is trial 22 with value: 68.4474868774414.
LOCAL_RANK: 0 - CUDA_VISIBLE_DEVICES: [0]
[I 2023-12-15 16:30:02,621] Trial 41 finished with value: 124.30745697021484 and parameters: {'gradient_clip_val': 0.34459399252215706, 'hidden_size': 13, 'dropout': 0.2529400333941656, 'hidden_continuous_size': 7, 'attention_head_size': 3, 'learning_rate': 0.0011143832108536664}. Best is trial 22 with value: 68.4474868774414.
LOCAL_RANK: 0 - CUDA_VISIBLE_DEVICES: [0]
[I 2023-12-15 16:30:48,580] Trial 42 finished with value: 138.7736053466797 and parameters: {'gradient_clip_val': 0.31660453964320545, 'hidden_size': 11, 'dropout': 0.2586405594224646, 'hidden_continuous_size': 6, 'attention_head_size': 3, 'learning_rate': 0.000548223042921974}. Best is trial 22 with value: 68.4474868774414.
LOCAL_RANK: 0 - CUDA_VISIBLE_DEVICES: [0]
[I 2023-12-15 16:31:34,189] Trial 43 finished with value: 74.49381256103516 and parameters: {'gradient_clip_val': 0.2665801296635269, 'hidden_size': 13, 'dropout': 0.28531919392476945, 'hidden_continuous_size': 7, 'attention_head_size': 3, 'learning_rate': 0.001890763686481021}. Best is trial 22 with value: 68.4474868774414.
LOCAL_RANK: 0 - CUDA_VISIBLE_DEVICES: [0]
[I 2023-12-15 16:32:21,663] Trial 44 finished with value: 65.26512145996094 and parameters: {'gradient_clip_val': 0.2570445706625753, 'hidden_size': 18, 'dropout': 0.28613986285306303, 'hidden_continuous_size': 8, 'attention_head_size': 3, 'learning_rate': 0.0021111630277596103}. Best is trial 44 with value: 65.26512145996094.
LOCAL_RANK: 0 - CUDA_VISIBLE_DEVICES: [0]
[I 2023-12-15 16:33:09,153] Trial 45 finished with value: 76.89776611328125 and parameters: {'gradient_clip_val': 0.2631052396715407, 'hidden_size': 19, 'dropout': 0.2945778201187792, 'hidden_continuous_size': 8, 'attention_head_size': 3, 'learning_rate': 0.002072313239172255}. Best is trial 44 with value: 65.26512145996094.
LOCAL_RANK: 0 - CUDA_VISIBLE_DEVICES: [0]
[I 2023-12-15 16:33:54,194] Trial 46 finished with value: 115.32530975341797 and parameters: {'gradient_clip_val': 0.2274914890702858, 'hidden_size': 16, 'dropout': 0.3416785705098039, 'hidden_continuous_size': 8, 'attention_head_size': 3, 'learning_rate': 0.004527460452481229}. Best is trial 44 with value: 65.26512145996094.
LOCAL_RANK: 0 - CUDA_VISIBLE_DEVICES: [0]
[I 2023-12-15 16:34:43,201] Trial 47 finished with value: 107.24930572509766 and parameters: {'gradient_clip_val': 0.2765308664986369, 'hidden_size': 22, 'dropout': 0.2826240375864247, 'hidden_continuous_size': 9, 'attention_head_size': 3, 'learning_rate': 0.002420857609613286}. Best is trial 44 with value: 65.26512145996094.
LOCAL_RANK: 0 - CUDA_VISIBLE_DEVICES: [0]
[I 2023-12-15 16:35:32,304] Trial 48 finished with value: 123.97351837158203 and parameters: {'gradient_clip_val': 0.19010836577621576, 'hidden_size': 27, 'dropout': 0.313852810997325, 'hidden_continuous_size': 11, 'attention_head_size': 3, 'learning_rate': 0.002956323631859258}. Best is trial 44 with value: 65.26512145996094.
LOCAL_RANK: 0 - CUDA_VISIBLE_DEVICES: [0]
[I 2023-12-15 16:36:19,529] Trial 49 finished with value: 74.85115814208984 and parameters: {'gradient_clip_val': 0.24960559019503015, 'hidden_size': 17, 'dropout': 0.30385481864545677, 'hidden_continuous_size': 8, 'attention_head_size': 4, 'learning_rate': 0.0016687048793896904}. Best is trial 44 with value: 65.26512145996094.
[I 2023-12-15 16:36:19,624] A new study created in memory with name: no-name-3a3854d5-6be9-45fd-8ab9-44f8fee69fe3
/home/le004/conda/anaconda3/envs/tsff_env/lib/python3.9/site-packages/lightning/fabric/plugins/environments/slurm.py:191: The `srun` command is available on your system but is not used. HINT: If your intention is to run Lightning on SLURM, prepend your python command with `srun` like so: srun python /home/le004/master_thesis/git/TSFusionForecast/code/ ...
LOCAL_RANK: 0 - CUDA_VISIBLE_DEVICES: [0]
[I 2023-12-15 16:37:03,989] Trial 0 finished with value: 309.7508850097656 and parameters: {'gradient_clip_val': 0.18758857413138572, 'hidden_size': 7, 'dropout': 0.3048827875361038, 'hidden_continuous_size': 6, 'attention_head_size': 1, 'learning_rate': 0.040049853764387404}. Best is trial 0 with value: 309.7508850097656.
LOCAL_RANK: 0 - CUDA_VISIBLE_DEVICES: [0]
[I 2023-12-15 16:37:55,911] Trial 1 finished with value: 246.9015655517578 and parameters: {'gradient_clip_val': 0.36176383032394016, 'hidden_size': 33, 'dropout': 0.2848161821346149, 'hidden_continuous_size': 16, 'attention_head_size': 4, 'learning_rate': 0.05060254020987633}. Best is trial 1 with value: 246.9015655517578.
LOCAL_RANK: 0 - CUDA_VISIBLE_DEVICES: [0]
[I 2023-12-15 16:38:40,328] Trial 2 finished with value: 270.22686767578125 and parameters: {'gradient_clip_val': 0.9492874877066327, 'hidden_size': 8, 'dropout': 0.36358116436512045, 'hidden_continuous_size': 5, 'attention_head_size': 3, 'learning_rate': 0.03250249102491849}. Best is trial 1 with value: 246.9015655517578.
LOCAL_RANK: 0 - CUDA_VISIBLE_DEVICES: [0]
[I 2023-12-15 16:39:14,037] Trial 3 finished with value: 160.54563903808594 and parameters: {'gradient_clip_val': 0.37745141535556404, 'hidden_size': 5, 'dropout': 0.30297340266829803, 'hidden_continuous_size': 5, 'attention_head_size': 2, 'learning_rate': 0.06553089526340229}. Best is trial 3 with value: 160.54563903808594.
LOCAL_RANK: 0 - CUDA_VISIBLE_DEVICES: [0]
[I 2023-12-15 16:39:58,703] Trial 4 finished with value: 138.88926696777344 and parameters: {'gradient_clip_val': 0.9744842143214814, 'hidden_size': 6, 'dropout': 0.30667003264845694, 'hidden_continuous_size': 5, 'attention_head_size': 1, 'learning_rate': 0.06828021299715943}. Best is trial 4 with value: 138.88926696777344.
LOCAL_RANK: 0 - CUDA_VISIBLE_DEVICES: [0]
[I 2023-12-15 16:40:43,805] Trial 5 finished with value: 149.01881408691406 and parameters: {'gradient_clip_val': 0.4870707236084539, 'hidden_size': 10, 'dropout': 0.389045733387571, 'hidden_continuous_size': 8, 'attention_head_size': 1, 'learning_rate': 0.07205139609225292}. Best is trial 4 with value: 138.88926696777344.
LOCAL_RANK: 0 - CUDA_VISIBLE_DEVICES: [0]
[I 2023-12-15 16:41:28,587] Trial 6 finished with value: 147.6138153076172 and parameters: {'gradient_clip_val': 0.1533389805762969, 'hidden_size': 7, 'dropout': 0.33503323454713096, 'hidden_continuous_size': 6, 'attention_head_size': 2, 'learning_rate': 0.025810471928111183}. Best is trial 4 with value: 138.88926696777344.
LOCAL_RANK: 0 - CUDA_VISIBLE_DEVICES: [0]
[I 2023-12-15 16:42:23,997] Trial 7 finished with value: 222.499755859375 and parameters: {'gradient_clip_val': 0.9623730173436041, 'hidden_size': 65, 'dropout': 0.2735867295427761, 'hidden_continuous_size': 60, 'attention_head_size': 3, 'learning_rate': 0.0074345524149636725}. Best is trial 4 with value: 138.88926696777344.
LOCAL_RANK: 0 - CUDA_VISIBLE_DEVICES: [0]
[I 2023-12-15 16:43:09,284] Trial 8 finished with value: 190.2841339111328 and parameters: {'gradient_clip_val': 0.26257468727874367, 'hidden_size': 6, 'dropout': 0.2871363495245871, 'hidden_continuous_size': 5, 'attention_head_size': 4, 'learning_rate': 0.00921685418144238}. Best is trial 4 with value: 138.88926696777344.
LOCAL_RANK: 0 - CUDA_VISIBLE_DEVICES: [0]
[I 2023-12-15 16:44:03,258] Trial 9 finished with value: 141.462158203125 and parameters: {'gradient_clip_val': 0.7224895852169095, 'hidden_size': 50, 'dropout': 0.11838396159885478, 'hidden_continuous_size': 30, 'attention_head_size': 4, 'learning_rate': 0.0006772236549122914}. Best is trial 4 with value: 138.88926696777344.
LOCAL_RANK: 0 - CUDA_VISIBLE_DEVICES: [0]
[I 2023-12-15 16:44:48,480] Trial 10 finished with value: 164.68600463867188 and parameters: {'gradient_clip_val': 0.10024531430190915, 'hidden_size': 15, 'dropout': 0.2117873970659216, 'hidden_continuous_size': 7, 'attention_head_size': 1, 'learning_rate': 0.09472059139855261}. Best is trial 4 with value: 138.88926696777344.
LOCAL_RANK: 0 - CUDA_VISIBLE_DEVICES: [0]
