[I 2023-12-26 12:12:32,145] Trial 8 finished with value: 1010.9478149414062 and parameters: {'gradient_clip_val': 0.1102691410855125, 'hidden_size': 11, 'dropout': 0.3496941945551787, 'hidden_continuous_size': 7, 'attention_head_size': 4, 'learning_rate': 0.03485155958368836}. Best is trial 0 with value: 188.7674560546875.
[I 2023-12-26 12:12:34,808] Trial 9 finished with value: 944.4609985351562 and parameters: {'gradient_clip_val': 0.2219379263155983, 'hidden_size': 12, 'dropout': 0.48536729628565756, 'hidden_continuous_size': 8, 'attention_head_size': 4, 'learning_rate': 0.013661319176982078}. Best is trial 0 with value: 188.7674560546875.
[I 2023-12-26 12:12:36,644] Trial 10 finished with value: 702.914306640625 and parameters: {'gradient_clip_val': 0.42188240358542545, 'hidden_size': 5, 'dropout': 0.403131885326644, 'hidden_continuous_size': 5, 'attention_head_size': 2, 'learning_rate': 0.0008357271193337758}. Best is trial 0 with value: 188.7674560546875.
[I 2023-12-26 12:12:38,469] Trial 11 finished with value: 773.7572631835938 and parameters: {'gradient_clip_val': 0.8394660167946523, 'hidden_size': 5, 'dropout': 0.2708444674593432, 'hidden_continuous_size': 5, 'attention_head_size': 2, 'learning_rate': 0.002755764351972638}. Best is trial 0 with value: 188.7674560546875.
[I 2023-12-26 12:12:40,553] Trial 12 finished with value: 974.254150390625 and parameters: {'gradient_clip_val': 0.888547346808994, 'hidden_size': 5, 'dropout': 0.2527794352918881, 'hidden_continuous_size': 5, 'attention_head_size': 2, 'learning_rate': 0.0023434382046022403}. Best is trial 0 with value: 188.7674560546875.
[I 2023-12-26 12:12:42,900] Trial 13 finished with value: 869.9775390625 and parameters: {'gradient_clip_val': 0.6451098075023242, 'hidden_size': 7, 'dropout': 0.10492718839137144, 'hidden_continuous_size': 5, 'attention_head_size': 3, 'learning_rate': 0.0005414307747719498}. Best is trial 0 with value: 188.7674560546875.
[I 2023-12-26 12:12:45,557] Trial 14 finished with value: 786.4978637695312 and parameters: {'gradient_clip_val': 0.32511477203108063, 'hidden_size': 22, 'dropout': 0.33164260158743886, 'hidden_continuous_size': 6, 'attention_head_size': 1, 'learning_rate': 0.00445510437041801}. Best is trial 0 with value: 188.7674560546875.
[I 2023-12-26 12:12:47,433] Trial 15 finished with value: 673.5390014648438 and parameters: {'gradient_clip_val': 0.9397551593208668, 'hidden_size': 8, 'dropout': 0.3918064549640424, 'hidden_continuous_size': 6, 'attention_head_size': 2, 'learning_rate': 0.0013290466541652916}. Best is trial 0 with value: 188.7674560546875.
[I 2023-12-26 12:12:49,438] Trial 16 finished with value: 1150.6710205078125 and parameters: {'gradient_clip_val': 0.6623684026623624, 'hidden_size': 7, 'dropout': 0.24458672480099966, 'hidden_continuous_size': 5, 'attention_head_size': 3, 'learning_rate': 0.004754805576365703}. Best is trial 0 with value: 188.7674560546875.
[I 2023-12-26 12:12:51,650] Trial 17 finished with value: 951.0347290039062 and parameters: {'gradient_clip_val': 0.33851284589025993, 'hidden_size': 19, 'dropout': 0.31553206374543546, 'hidden_continuous_size': 6, 'attention_head_size': 1, 'learning_rate': 0.0011998961310270145}. Best is trial 0 with value: 188.7674560546875.
[I 2023-12-26 12:12:54,812] Trial 18 finished with value: 1187.6182861328125 and parameters: {'gradient_clip_val': 0.6285556424950438, 'hidden_size': 41, 'dropout': 0.4410816418954847, 'hidden_continuous_size': 12, 'attention_head_size': 2, 'learning_rate': 0.0055848979981438255}. Best is trial 0 with value: 188.7674560546875.
[I 2023-12-26 12:13:03,878] Trial 19 finished with value: 870.970458984375 and parameters: {'gradient_clip_val': 0.3940700791835082, 'hidden_size': 139, 'dropout': 0.37730090604778455, 'hidden_continuous_size': 13, 'attention_head_size': 3, 'learning_rate': 0.06806773008205104}. Best is trial 0 with value: 188.7674560546875.
[I 2023-12-26 12:13:06,021] Trial 20 finished with value: 683.6334838867188 and parameters: {'gradient_clip_val': 0.2838180457986078, 'hidden_size': 16, 'dropout': 0.4367101699435223, 'hidden_continuous_size': 6, 'attention_head_size': 4, 'learning_rate': 0.0017759680711509087}. Best is trial 0 with value: 188.7674560546875.
[I 2023-12-26 12:13:09,656] Trial 21 finished with value: 705.3668823242188 and parameters: {'gradient_clip_val': 0.2821960250191707, 'hidden_size': 37, 'dropout': 0.4995724359493516, 'hidden_continuous_size': 24, 'attention_head_size': 1, 'learning_rate': 0.0036390541791114276}. Best is trial 0 with value: 188.7674560546875.
[I 2023-12-26 12:13:12,816] Trial 22 finished with value: 838.1270141601562 and parameters: {'gradient_clip_val': 0.5394520889368972, 'hidden_size': 34, 'dropout': 0.4573275777269109, 'hidden_continuous_size': 12, 'attention_head_size': 1, 'learning_rate': 0.007208944544973976}. Best is trial 0 with value: 188.7674560546875.
[I 2023-12-26 12:13:14,969] Trial 23 finished with value: 852.9242553710938 and parameters: {'gradient_clip_val': 0.7441028209248346, 'hidden_size': 8, 'dropout': 0.36916127076441374, 'hidden_continuous_size': 5, 'attention_head_size': 1, 'learning_rate': 0.008633760277728244}. Best is trial 0 with value: 188.7674560546875.
[I 2023-12-26 12:13:19,563] Trial 24 finished with value: 922.5481567382812 and parameters: {'gradient_clip_val': 0.38295716421372344, 'hidden_size': 55, 'dropout': 0.31037709782506395, 'hidden_continuous_size': 29, 'attention_head_size': 1, 'learning_rate': 0.003581512960203755}. Best is trial 0 with value: 188.7674560546875.
[I 2023-12-26 12:13:22,164] Trial 25 finished with value: 971.7155151367188 and parameters: {'gradient_clip_val': 0.5344142356443652, 'hidden_size': 17, 'dropout': 0.4646203007020326, 'hidden_continuous_size': 8, 'attention_head_size': 2, 'learning_rate': 0.00197049091306703}. Best is trial 0 with value: 188.7674560546875.
[I 2023-12-26 12:13:24,365] Trial 26 finished with value: 814.7119140625 and parameters: {'gradient_clip_val': 0.9968032656372442, 'hidden_size': 24, 'dropout': 0.4179595856520066, 'hidden_continuous_size': 10, 'attention_head_size': 1, 'learning_rate': 0.005503884808622473}. Best is trial 0 with value: 188.7674560546875.
[I 2023-12-26 12:13:26,904] Trial 27 finished with value: 684.2431640625 and parameters: {'gradient_clip_val': 0.7740305914799044, 'hidden_size': 30, 'dropout': 0.3639631286182752, 'hidden_continuous_size': 14, 'attention_head_size': 2, 'learning_rate': 0.0014397931508946676}. Best is trial 0 with value: 188.7674560546875.
[I 2023-12-26 12:13:28,862] Trial 28 finished with value: 500.9676818847656 and parameters: {'gradient_clip_val': 0.4676825630827688, 'hidden_size': 9, 'dropout': 0.4242274833102067, 'hidden_continuous_size': 6, 'attention_head_size': 1, 'learning_rate': 0.0027634634286989035}. Best is trial 0 with value: 188.7674560546875.
[I 2023-12-26 12:13:30,906] Trial 29 finished with value: 846.3269653320312 and parameters: {'gradient_clip_val': 0.4990429672856289, 'hidden_size': 9, 'dropout': 0.2863735134100443, 'hidden_continuous_size': 6, 'attention_head_size': 3, 'learning_rate': 0.0009549607913703392}. Best is trial 0 with value: 188.7674560546875.
[I 2023-12-26 12:13:32,815] Trial 30 finished with value: 1008.4584350585938 and parameters: {'gradient_clip_val': 0.5576052523163342, 'hidden_size': 6, 'dropout': 0.42684150536276305, 'hidden_continuous_size': 5, 'attention_head_size': 2, 'learning_rate': 0.0030390397848034027}. Best is trial 0 with value: 188.7674560546875.
[I 2023-12-26 12:13:34,704] Trial 31 finished with value: 1111.365966796875 and parameters: {'gradient_clip_val': 0.4498081473709536, 'hidden_size': 6, 'dropout': 0.4555762266910012, 'hidden_continuous_size': 5, 'attention_head_size': 1, 'learning_rate': 0.002205061228006502}. Best is trial 0 with value: 188.7674560546875.
[I 2023-12-26 12:13:36,710] Trial 32 finished with value: 1020.53271484375 and parameters: {'gradient_clip_val': 0.38277938176077053, 'hidden_size': 10, 'dropout': 0.3957033401379431, 'hidden_continuous_size': 7, 'attention_head_size': 1, 'learning_rate': 0.01791940645785604}. Best is trial 0 with value: 188.7674560546875.
[I 2023-12-26 12:13:38,901] Trial 33 finished with value: 1141.36865234375 and parameters: {'gradient_clip_val': 0.2786772417415193, 'hidden_size': 9, 'dropout': 0.47325046523393094, 'hidden_continuous_size': 6, 'attention_head_size': 1, 'learning_rate': 0.009398285088312135}. Best is trial 0 with value: 188.7674560546875.
[I 2023-12-26 12:13:40,778] Trial 34 finished with value: 912.87158203125 and parameters: {'gradient_clip_val': 0.48928954262915025, 'hidden_size': 6, 'dropout': 0.4338744546646006, 'hidden_continuous_size': 5, 'attention_head_size': 1, 'learning_rate': 0.004112968451141989}. Best is trial 0 with value: 188.7674560546875.
[I 2023-12-26 12:13:42,918] Trial 35 finished with value: 891.7048950195312 and parameters: {'gradient_clip_val': 0.3446308041156232, 'hidden_size': 15, 'dropout': 0.38385466766168874, 'hidden_continuous_size': 7, 'attention_head_size': 1, 'learning_rate': 0.006411687189470541}. Best is trial 0 with value: 188.7674560546875.
[I 2023-12-26 12:13:45,000] Trial 36 finished with value: 785.4768676757812 and parameters: {'gradient_clip_val': 0.250200833728558, 'hidden_size': 11, 'dropout': 0.3559024374315273, 'hidden_continuous_size': 7, 'attention_head_size': 4, 'learning_rate': 0.0028738372387893518}. Best is trial 0 with value: 188.7674560546875.
[I 2023-12-26 12:13:47,071] Trial 37 finished with value: 709.01611328125 and parameters: {'gradient_clip_val': 0.18116430108722212, 'hidden_size': 14, 'dropout': 0.3352407623906831, 'hidden_continuous_size': 8, 'attention_head_size': 3, 'learning_rate': 0.010689319287023009}. Best is trial 0 with value: 188.7674560546875.
[I 2023-12-26 12:13:49,026] Trial 38 finished with value: 1157.134765625 and parameters: {'gradient_clip_val': 0.44493054620965455, 'hidden_size': 10, 'dropout': 0.4964632594536439, 'hidden_continuous_size': 6, 'attention_head_size': 1, 'learning_rate': 0.015804257038252643}. Best is trial 0 with value: 188.7674560546875.
[I 2023-12-26 12:13:50,946] Trial 39 finished with value: 783.3806762695312 and parameters: {'gradient_clip_val': 0.2181419991674115, 'hidden_size': 7, 'dropout': 0.4511095131153313, 'hidden_continuous_size': 6, 'attention_head_size': 4, 'learning_rate': 0.006747642380317396}. Best is trial 0 with value: 188.7674560546875.
[I 2023-12-26 12:13:52,985] Trial 40 finished with value: 667.3135375976562 and parameters: {'gradient_clip_val': 0.8156117916036782, 'hidden_size': 13, 'dropout': 0.4095037118606281, 'hidden_continuous_size': 9, 'attention_head_size': 2, 'learning_rate': 0.0016935677063809943}. Best is trial 0 with value: 188.7674560546875.
[I 2023-12-26 12:13:54,976] Trial 41 finished with value: 691.544677734375 and parameters: {'gradient_clip_val': 0.834134904781348, 'hidden_size': 12, 'dropout': 0.41629454307016395, 'hidden_continuous_size': 9, 'attention_head_size': 2, 'learning_rate': 0.002236162456800283}. Best is trial 0 with value: 188.7674560546875.
[I 2023-12-26 12:13:57,018] Trial 42 finished with value: 827.3311157226562 and parameters: {'gradient_clip_val': 0.9523808509430371, 'hidden_size': 13, 'dropout': 0.4011866856831569, 'hidden_continuous_size': 7, 'attention_head_size': 2, 'learning_rate': 0.0017644374884507306}. Best is trial 0 with value: 188.7674560546875.
[I 2023-12-26 12:13:59,110] Trial 43 finished with value: 792.2734375 and parameters: {'gradient_clip_val': 0.702523682169782, 'hidden_size': 19, 'dropout': 0.48310732701909287, 'hidden_continuous_size': 10, 'attention_head_size': 1, 'learning_rate': 0.0031267119673405157}. Best is trial 0 with value: 188.7674560546875.
[I 2023-12-26 12:14:01,052] Trial 44 finished with value: 1020.5486450195312 and parameters: {'gradient_clip_val': 0.8012166327173939, 'hidden_size': 5, 'dropout': 0.41464815207517636, 'hidden_continuous_size': 5, 'attention_head_size': 2, 'learning_rate': 0.002559931061269571}. Best is trial 0 with value: 188.7674560546875.
[I 2023-12-26 12:14:02,839] Trial 45 finished with value: 1173.5543212890625 and parameters: {'gradient_clip_val': 0.8862721223139381, 'hidden_size': 8, 'dropout': 0.47264889788005665, 'hidden_continuous_size': 6, 'attention_head_size': 1, 'learning_rate': 0.004454098947789498}. Best is trial 0 with value: 188.7674560546875.
[I 2023-12-26 12:14:04,891] Trial 46 finished with value: 768.1028442382812 and parameters: {'gradient_clip_val': 0.6001962360734985, 'hidden_size': 13, 'dropout': 0.3491570710800246, 'hidden_continuous_size': 8, 'attention_head_size': 4, 'learning_rate': 0.0014889376112492752}. Best is trial 0 with value: 188.7674560546875.
[I 2023-12-26 12:14:06,742] Trial 47 finished with value: 668.6503295898438 and parameters: {'gradient_clip_val': 0.6677984285316935, 'hidden_size': 6, 'dropout': 0.3827847686855065, 'hidden_continuous_size': 5, 'attention_head_size': 2, 'learning_rate': 0.0009261190857245254}. Best is trial 0 with value: 188.7674560546875.
[I 2023-12-26 12:14:08,738] Trial 48 finished with value: 839.7362670898438 and parameters: {'gradient_clip_val': 0.5986762233939561, 'hidden_size': 11, 'dropout': 0.44121227812293917, 'hidden_continuous_size': 7, 'attention_head_size': 3, 'learning_rate': 0.0011066820373057435}. Best is trial 0 with value: 188.7674560546875.
[I 2023-12-26 12:14:10,445] Trial 49 finished with value: 658.6685180664062 and parameters: {'gradient_clip_val': 0.9974320634248989, 'hidden_size': 5, 'dropout': 0.4003510150791238, 'hidden_continuous_size': 5, 'attention_head_size': 1, 'learning_rate': 0.0016896968518466317}. Best is trial 0 with value: 188.7674560546875.
[I 2023-12-26 12:14:10,561] A new study created in memory with name: no-name-46fba9c6-5852-4906-abe4-1d1345e79f7c
/home/le004/conda/anaconda3/envs/tsff_env/lib/python3.9/site-packages/lightning/fabric/plugins/environments/slurm.py:191: The `srun` command is available on your system but is not used. HINT: If your intention is to run Lightning on SLURM, prepend your python command with `srun` like so: srun python /home/le004/master_thesis/git/TSFusionForecast/code/ ...
[I 2023-12-26 12:16:30,543] Trial 0 finished with value: 88.97259521484375 and parameters: {'gradient_clip_val': 0.1695897231615301, 'hidden_size': 5, 'dropout': 0.23226333440918867, 'hidden_continuous_size': 5, 'attention_head_size': 2, 'learning_rate': 0.007298164226509438}. Best is trial 0 with value: 88.97259521484375.
[I 2023-12-26 12:16:32,264] Trial 1 finished with value: 259.9828186035156 and parameters: {'gradient_clip_val': 0.12830826190709782, 'hidden_size': 5, 'dropout': 0.12698569933592926, 'hidden_continuous_size': 5, 'attention_head_size': 3, 'learning_rate': 0.023343782107616572}. Best is trial 0 with value: 88.97259521484375.
[I 2023-12-26 12:16:40,734] Trial 2 finished with value: 190.4521484375 and parameters: {'gradient_clip_val': 0.1629081867283295, 'hidden_size': 132, 'dropout': 0.30104698742435365, 'hidden_continuous_size': 97, 'attention_head_size': 2, 'learning_rate': 0.07736900267050967}. Best is trial 0 with value: 88.97259521484375.
[I 2023-12-26 12:16:47,276] Trial 3 finished with value: 200.3177947998047 and parameters: {'gradient_clip_val': 0.9167893810977605, 'hidden_size': 113, 'dropout': 0.4291427389718886, 'hidden_continuous_size': 40, 'attention_head_size': 3, 'learning_rate': 0.001960735593594075}. Best is trial 0 with value: 88.97259521484375.
[I 2023-12-26 12:16:55,567] Trial 4 finished with value: 340.7586364746094 and parameters: {'gradient_clip_val': 0.8320327265534787, 'hidden_size': 127, 'dropout': 0.2209034561582458, 'hidden_continuous_size': 71, 'attention_head_size': 3, 'learning_rate': 0.011450889323670036}. Best is trial 0 with value: 88.97259521484375.
[I 2023-12-26 12:16:57,714] Trial 5 finished with value: 293.9518737792969 and parameters: {'gradient_clip_val': 0.7578707190883918, 'hidden_size': 24, 'dropout': 0.28932161709259996, 'hidden_continuous_size': 13, 'attention_head_size': 3, 'learning_rate': 0.012730756113257495}. Best is trial 0 with value: 88.97259521484375.
[I 2023-12-26 12:17:04,441] Trial 6 finished with value: 219.50315856933594 and parameters: {'gradient_clip_val': 0.3631348627382596, 'hidden_size': 92, 'dropout': 0.4330577632145457, 'hidden_continuous_size': 36, 'attention_head_size': 2, 'learning_rate': 0.004436436375342621}. Best is trial 0 with value: 88.97259521484375.
[I 2023-12-26 12:17:14,248] Trial 7 finished with value: 281.5508117675781 and parameters: {'gradient_clip_val': 0.309246821153588, 'hidden_size': 120, 'dropout': 0.4002689640107636, 'hidden_continuous_size': 44, 'attention_head_size': 2, 'learning_rate': 0.028226148202587256}. Best is trial 0 with value: 88.97259521484375.
[I 2023-12-26 12:17:16,605] Trial 8 finished with value: 261.8332824707031 and parameters: {'gradient_clip_val': 0.174139150314375, 'hidden_size': 19, 'dropout': 0.33113092834381735, 'hidden_continuous_size': 15, 'attention_head_size': 1, 'learning_rate': 0.05472431244682172}. Best is trial 0 with value: 88.97259521484375.
[I 2023-12-26 12:17:18,940] Trial 9 finished with value: 243.3722381591797 and parameters: {'gradient_clip_val': 0.8058001826038128, 'hidden_size': 8, 'dropout': 0.22743710918835564, 'hidden_continuous_size': 5, 'attention_head_size': 3, 'learning_rate': 0.00055154797406241}. Best is trial 0 with value: 88.97259521484375.
[I 2023-12-26 12:17:21,501] Trial 10 finished with value: 297.84527587890625 and parameters: {'gradient_clip_val': 0.11113121316545631, 'hidden_size': 11, 'dropout': 0.48510447823652025, 'hidden_continuous_size': 5, 'attention_head_size': 4, 'learning_rate': 0.003975693619317274}. Best is trial 0 with value: 88.97259521484375.
[I 2023-12-26 12:17:25,062] Trial 11 finished with value: 202.3684539794922 and parameters: {'gradient_clip_val': 0.18356481516744558, 'hidden_size': 41, 'dropout': 0.30318409140223174, 'hidden_continuous_size': 8, 'attention_head_size': 1, 'learning_rate': 0.08572910564388735}. Best is trial 0 with value: 88.97259521484375.
[I 2023-12-26 12:17:29,559] Trial 12 finished with value: 249.754638671875 and parameters: {'gradient_clip_val': 0.10102032488473796, 'hidden_size': 51, 'dropout': 0.2167143208098344, 'hidden_continuous_size': 22, 'attention_head_size': 2, 'learning_rate': 0.04912779731277839}. Best is trial 0 with value: 88.97259521484375.
[I 2023-12-26 12:17:31,916] Trial 13 finished with value: 188.0592041015625 and parameters: {'gradient_clip_val': 0.20207198434760154, 'hidden_size': 14, 'dropout': 0.13715080965432344, 'hidden_continuous_size': 6, 'attention_head_size': 1, 'learning_rate': 0.09099536522579971}. Best is trial 0 with value: 88.97259521484375.
[I 2023-12-26 12:17:33,829] Trial 14 finished with value: 205.22174072265625 and parameters: {'gradient_clip_val': 0.24277802016847264, 'hidden_size': 5, 'dropout': 0.1173537528881887, 'hidden_continuous_size': 5, 'attention_head_size': 1, 'learning_rate': 0.021388819691286854}. Best is trial 0 with value: 88.97259521484375.
[I 2023-12-26 12:17:35,822] Trial 15 finished with value: 264.6614074707031 and parameters: {'gradient_clip_val': 0.23351388608799925, 'hidden_size': 13, 'dropout': 0.16438928673539027, 'hidden_continuous_size': 6, 'attention_head_size': 1, 'learning_rate': 0.09362256747398419}. Best is trial 0 with value: 88.97259521484375.
[I 2023-12-26 12:17:37,668] Trial 16 finished with value: 267.7488708496094 and parameters: {'gradient_clip_val': 0.1499575467211971, 'hidden_size': 7, 'dropout': 0.10164839896899736, 'hidden_continuous_size': 5, 'attention_head_size': 1, 'learning_rate': 0.0396271880577582}. Best is trial 0 with value: 88.97259521484375.
[I 2023-12-26 12:17:39,728] Trial 17 finished with value: 377.7718200683594 and parameters: {'gradient_clip_val': 0.1304624202663324, 'hidden_size': 14, 'dropout': 0.17441128040291237, 'hidden_continuous_size': 6, 'attention_head_size': 2, 'learning_rate': 0.011762480049412945}. Best is trial 0 with value: 88.97259521484375.
[I 2023-12-26 12:17:41,650] Trial 18 finished with value: 248.3389434814453 and parameters: {'gradient_clip_val': 0.2086019447818642, 'hidden_size': 8, 'dropout': 0.16397644923513577, 'hidden_continuous_size': 5, 'attention_head_size': 4, 'learning_rate': 0.03410138638590885}. Best is trial 0 with value: 88.97259521484375.
[I 2023-12-26 12:17:43,726] Trial 19 finished with value: 288.4442138671875 and parameters: {'gradient_clip_val': 0.3054732988719243, 'hidden_size': 18, 'dropout': 0.25236368959369393, 'hidden_continuous_size': 7, 'attention_head_size': 1, 'learning_rate': 0.006786291400031321}. Best is trial 0 with value: 88.97259521484375.
[I 2023-12-26 12:17:45,712] Trial 20 finished with value: 290.2153625488281 and parameters: {'gradient_clip_val': 0.14766351933284952, 'hidden_size': 10, 'dropout': 0.19177031738331438, 'hidden_continuous_size': 6, 'attention_head_size': 2, 'learning_rate': 0.05267947891394812}. Best is trial 0 with value: 88.97259521484375.
[I 2023-12-26 12:17:48,651] Trial 21 finished with value: 280.5574035644531 and parameters: {'gradient_clip_val': 0.17617275189320103, 'hidden_size': 37, 'dropout': 0.26962909710825345, 'hidden_continuous_size': 9, 'attention_head_size': 2, 'learning_rate': 0.08351024837420885}. Best is trial 0 with value: 88.97259521484375.
[I 2023-12-26 12:17:52,262] Trial 22 finished with value: 153.70449829101562 and parameters: {'gradient_clip_val': 0.20771080950946832, 'hidden_size': 68, 'dropout': 0.33714373895947203, 'hidden_continuous_size': 10, 'attention_head_size': 2, 'learning_rate': 0.09712835182850488}. Best is trial 0 with value: 88.97259521484375.
[I 2023-12-26 12:17:54,673] Trial 23 finished with value: 293.50830078125 and parameters: {'gradient_clip_val': 0.2193659674726982, 'hidden_size': 30, 'dropout': 0.35234234020557775, 'hidden_continuous_size': 9, 'attention_head_size': 2, 'learning_rate': 0.05474621735099219}. Best is trial 0 with value: 88.97259521484375.
