[I 2023-12-26 16:44:07,275] Trial 1 finished with value: 294.1421203613281 and parameters: {'gradient_clip_val': 0.14980448944183933, 'hidden_size': 141, 'dropout': 0.1481644763193947, 'hidden_continuous_size': 49, 'attention_head_size': 1, 'learning_rate': 0.006184639699347364}. Best is trial 0 with value: 80.58262634277344.
[I 2023-12-26 16:44:09,680] Trial 2 finished with value: 314.9775695800781 and parameters: {'gradient_clip_val': 0.6827745172342673, 'hidden_size': 19, 'dropout': 0.32449300777079393, 'hidden_continuous_size': 5, 'attention_head_size': 4, 'learning_rate': 0.002139725516791788}. Best is trial 0 with value: 80.58262634277344.
[I 2023-12-26 16:44:12,612] Trial 3 finished with value: 369.0747375488281 and parameters: {'gradient_clip_val': 0.5871426005433995, 'hidden_size': 26, 'dropout': 0.22488505959379626, 'hidden_continuous_size': 24, 'attention_head_size': 1, 'learning_rate': 0.022450282440268945}. Best is trial 0 with value: 80.58262634277344.
[I 2023-12-26 16:44:19,967] Trial 4 finished with value: 282.0898132324219 and parameters: {'gradient_clip_val': 0.32928157555367027, 'hidden_size': 100, 'dropout': 0.1527761366293023, 'hidden_continuous_size': 20, 'attention_head_size': 2, 'learning_rate': 0.011409790454090175}. Best is trial 0 with value: 80.58262634277344.
[I 2023-12-26 16:44:24,676] Trial 5 finished with value: 296.8654479980469 and parameters: {'gradient_clip_val': 0.1748305612022329, 'hidden_size': 64, 'dropout': 0.1572024670680138, 'hidden_continuous_size': 13, 'attention_head_size': 4, 'learning_rate': 0.006641284907627142}. Best is trial 0 with value: 80.58262634277344.
[I 2023-12-26 16:44:26,577] Trial 6 finished with value: 391.4994201660156 and parameters: {'gradient_clip_val': 0.12157170723499788, 'hidden_size': 16, 'dropout': 0.4967773157820269, 'hidden_continuous_size': 8, 'attention_head_size': 2, 'learning_rate': 0.0006438599277852226}. Best is trial 0 with value: 80.58262634277344.
[I 2023-12-26 16:44:31,075] Trial 7 finished with value: 266.8221740722656 and parameters: {'gradient_clip_val': 0.49924262414378684, 'hidden_size': 61, 'dropout': 0.2364421773819345, 'hidden_continuous_size': 20, 'attention_head_size': 2, 'learning_rate': 0.02458645979912805}. Best is trial 0 with value: 80.58262634277344.
[I 2023-12-26 16:44:33,659] Trial 8 finished with value: 143.70225524902344 and parameters: {'gradient_clip_val': 0.20793348005789256, 'hidden_size': 14, 'dropout': 0.41638490306994214, 'hidden_continuous_size': 5, 'attention_head_size': 1, 'learning_rate': 0.0016630439254527935}. Best is trial 0 with value: 80.58262634277344.
[I 2023-12-26 16:44:36,509] Trial 9 finished with value: 407.10791015625 and parameters: {'gradient_clip_val': 0.8114226769283597, 'hidden_size': 22, 'dropout': 0.11597940358364585, 'hidden_continuous_size': 14, 'attention_head_size': 2, 'learning_rate': 0.03860473997062895}. Best is trial 0 with value: 80.58262634277344.
[I 2023-12-26 16:44:40,335] Trial 10 finished with value: 279.6905822753906 and parameters: {'gradient_clip_val': 0.34271436385988324, 'hidden_size': 44, 'dropout': 0.304650220727755, 'hidden_continuous_size': 10, 'attention_head_size': 3, 'learning_rate': 0.06199590697087189}. Best is trial 0 with value: 80.58262634277344.
[I 2023-12-26 16:44:42,800] Trial 11 finished with value: 178.7377166748047 and parameters: {'gradient_clip_val': 0.2202399585590731, 'hidden_size': 7, 'dropout': 0.3838749228674144, 'hidden_continuous_size': 5, 'attention_head_size': 3, 'learning_rate': 0.07815278670448644}. Best is trial 0 with value: 80.58262634277344.
[I 2023-12-26 16:44:45,430] Trial 12 finished with value: 205.757568359375 and parameters: {'gradient_clip_val': 0.2328328492445203, 'hidden_size': 14, 'dropout': 0.39459615814517407, 'hidden_continuous_size': 6, 'attention_head_size': 3, 'learning_rate': 0.0030557941419969772}. Best is trial 0 with value: 80.58262634277344.
[I 2023-12-26 16:44:47,655] Trial 13 finished with value: 209.6534881591797 and parameters: {'gradient_clip_val': 0.42728586958346765, 'hidden_size': 9, 'dropout': 0.24818858932845927, 'hidden_continuous_size': 5, 'attention_head_size': 1, 'learning_rate': 0.06939561664292701}. Best is trial 0 with value: 80.58262634277344.
[I 2023-12-26 16:44:49,474] Trial 14 finished with value: 282.1528625488281 and parameters: {'gradient_clip_val': 0.263615396106892, 'hidden_size': 5, 'dropout': 0.4937359993482926, 'hidden_continuous_size': 5, 'attention_head_size': 3, 'learning_rate': 0.0008996082159681871}. Best is trial 0 with value: 80.58262634277344.
[I 2023-12-26 16:44:52,096] Trial 15 finished with value: 182.3712615966797 and parameters: {'gradient_clip_val': 0.38456480081504885, 'hidden_size': 36, 'dropout': 0.4301205572370178, 'hidden_continuous_size': 8, 'attention_head_size': 4, 'learning_rate': 0.0015753441016497201}. Best is trial 0 with value: 80.58262634277344.
[I 2023-12-26 16:44:54,618] Trial 16 finished with value: 327.01202392578125 and parameters: {'gradient_clip_val': 0.27881577969397325, 'hidden_size': 12, 'dropout': 0.3422128561142853, 'hidden_continuous_size': 6, 'attention_head_size': 1, 'learning_rate': 0.09652531436317627}. Best is trial 0 with value: 80.58262634277344.
[I 2023-12-26 16:44:58,279] Trial 17 finished with value: 495.6188049316406 and parameters: {'gradient_clip_val': 0.9311601992904979, 'hidden_size': 33, 'dropout': 0.28052450007488194, 'hidden_continuous_size': 10, 'attention_head_size': 2, 'learning_rate': 0.004298835334964499}. Best is trial 0 with value: 80.58262634277344.
[I 2023-12-26 16:45:01,344] Trial 18 finished with value: 193.37388610839844 and parameters: {'gradient_clip_val': 0.17718618870621933, 'hidden_size': 23, 'dropout': 0.43327911998827606, 'hidden_continuous_size': 7, 'attention_head_size': 3, 'learning_rate': 0.01202769247806086}. Best is trial 0 with value: 80.58262634277344.
[I 2023-12-26 16:45:06,852] Trial 19 finished with value: 149.1627960205078 and parameters: {'gradient_clip_val': 0.4558537448147774, 'hidden_size': 63, 'dropout': 0.2177710191958502, 'hidden_continuous_size': 27, 'attention_head_size': 4, 'learning_rate': 0.0011920422115525092}. Best is trial 0 with value: 80.58262634277344.
[I 2023-12-26 16:45:09,216] Trial 20 finished with value: 159.0308837890625 and parameters: {'gradient_clip_val': 0.28893375852011277, 'hidden_size': 12, 'dropout': 0.18806798880215017, 'hidden_continuous_size': 6, 'attention_head_size': 1, 'learning_rate': 0.0031043870738817945}. Best is trial 0 with value: 80.58262634277344.
[I 2023-12-26 16:45:14,833] Trial 21 finished with value: 508.8192443847656 and parameters: {'gradient_clip_val': 0.4558725835903976, 'hidden_size': 73, 'dropout': 0.2035488991797585, 'hidden_continuous_size': 29, 'attention_head_size': 4, 'learning_rate': 0.0012689654303167297}. Best is trial 0 with value: 80.58262634277344.
[I 2023-12-26 16:45:18,906] Trial 22 finished with value: 192.56455993652344 and parameters: {'gradient_clip_val': 0.5134314341808011, 'hidden_size': 48, 'dropout': 0.2633749096150727, 'hidden_continuous_size': 17, 'attention_head_size': 4, 'learning_rate': 0.0008169539791994646}. Best is trial 0 with value: 80.58262634277344.
[I 2023-12-26 16:45:26,272] Trial 23 finished with value: 180.57725524902344 and parameters: {'gradient_clip_val': 0.3657124807396672, 'hidden_size': 96, 'dropout': 0.20035594598943973, 'hidden_continuous_size': 32, 'attention_head_size': 3, 'learning_rate': 0.0013546494101907072}. Best is trial 0 with value: 80.58262634277344.
[I 2023-12-26 16:45:29,264] Trial 24 finished with value: 214.70143127441406 and parameters: {'gradient_clip_val': 0.4114068479940496, 'hidden_size': 31, 'dropout': 0.28247110094895456, 'hidden_continuous_size': 11, 'attention_head_size': 4, 'learning_rate': 0.002118356488706558}. Best is trial 0 with value: 80.58262634277344.
[I 2023-12-26 16:45:33,546] Trial 25 finished with value: 308.6104736328125 and parameters: {'gradient_clip_val': 0.10102258611243332, 'hidden_size': 48, 'dropout': 0.2373277194711691, 'hidden_continuous_size': 16, 'attention_head_size': 3, 'learning_rate': 0.00053660341004675}. Best is trial 0 with value: 80.58262634277344.
[I 2023-12-26 16:45:39,735] Trial 26 finished with value: 329.9025573730469 and parameters: {'gradient_clip_val': 0.31945004574416525, 'hidden_size': 79, 'dropout': 0.10154189495131662, 'hidden_continuous_size': 40, 'attention_head_size': 2, 'learning_rate': 0.0008289527254639576}. Best is trial 0 with value: 80.58262634277344.
[I 2023-12-26 16:45:51,180] Trial 27 finished with value: 169.16627502441406 and parameters: {'gradient_clip_val': 0.6135131735996071, 'hidden_size': 137, 'dropout': 0.26773788810722826, 'hidden_continuous_size': 90, 'attention_head_size': 4, 'learning_rate': 0.004059972642495032}. Best is trial 0 with value: 80.58262634277344.
[I 2023-12-26 16:45:55,831] Trial 28 finished with value: 169.03863525390625 and parameters: {'gradient_clip_val': 0.37291150639959364, 'hidden_size': 56, 'dropout': 0.18837917457332445, 'hidden_continuous_size': 12, 'attention_head_size': 3, 'learning_rate': 0.0005187040225885922}. Best is trial 0 with value: 80.58262634277344.
[I 2023-12-26 16:46:07,930] Trial 29 finished with value: 334.7032775878906 and parameters: {'gradient_clip_val': 0.2381167550365161, 'hidden_size': 149, 'dropout': 0.1700921945598401, 'hidden_continuous_size': 51, 'attention_head_size': 1, 'learning_rate': 0.006425230467859973}. Best is trial 0 with value: 80.58262634277344.
[I 2023-12-26 16:46:11,637] Trial 30 finished with value: 336.3752136230469 and parameters: {'gradient_clip_val': 0.2031292209641362, 'hidden_size': 37, 'dropout': 0.13133198906395177, 'hidden_continuous_size': 9, 'attention_head_size': 4, 'learning_rate': 0.001100910502984378}. Best is trial 0 with value: 80.58262634277344.
[I 2023-12-26 16:46:13,935] Trial 31 finished with value: 356.0812683105469 and parameters: {'gradient_clip_val': 0.28640295593481696, 'hidden_size': 11, 'dropout': 0.18214894769009582, 'hidden_continuous_size': 6, 'attention_head_size': 1, 'learning_rate': 0.002150195223636918}. Best is trial 0 with value: 80.58262634277344.
[I 2023-12-26 16:46:16,523] Trial 32 finished with value: 248.5358428955078 and parameters: {'gradient_clip_val': 0.31881557092319573, 'hidden_size': 18, 'dropout': 0.21459672813175848, 'hidden_continuous_size': 7, 'attention_head_size': 1, 'learning_rate': 0.0028382954422180966}. Best is trial 0 with value: 80.58262634277344.
[I 2023-12-26 16:46:19,176] Trial 33 finished with value: 457.2257080078125 and parameters: {'gradient_clip_val': 0.2892838791802834, 'hidden_size': 18, 'dropout': 0.1729589001856005, 'hidden_continuous_size': 11, 'attention_head_size': 1, 'learning_rate': 0.0018097637824578227}. Best is trial 0 with value: 80.58262634277344.
[I 2023-12-26 16:46:22,214] Trial 34 finished with value: 268.5296630859375 and parameters: {'gradient_clip_val': 0.4774314805655229, 'hidden_size': 26, 'dropout': 0.14365798527276732, 'hidden_continuous_size': 13, 'attention_head_size': 1, 'learning_rate': 0.00973063382311967}. Best is trial 0 with value: 80.58262634277344.
[I 2023-12-26 16:46:25,016] Trial 35 finished with value: 388.3656921386719 and parameters: {'gradient_clip_val': 0.5679242646341394, 'hidden_size': 21, 'dropout': 0.21878800538046436, 'hidden_continuous_size': 9, 'attention_head_size': 2, 'learning_rate': 0.0050418071945852305}. Best is trial 0 with value: 80.58262634277344.
[I 2023-12-26 16:46:27,365] Trial 36 finished with value: 222.5699005126953 and parameters: {'gradient_clip_val': 0.25650703112419176, 'hidden_size': 16, 'dropout': 0.15330447667483396, 'hidden_continuous_size': 7, 'attention_head_size': 1, 'learning_rate': 0.002890392596576855}. Best is trial 0 with value: 80.58262634277344.
[I 2023-12-26 16:46:34,459] Trial 37 finished with value: 150.8090362548828 and parameters: {'gradient_clip_val': 0.39024685738008463, 'hidden_size': 92, 'dropout': 0.20220130214670173, 'hidden_continuous_size': 20, 'attention_head_size': 2, 'learning_rate': 0.0016180273007464835}. Best is trial 0 with value: 80.58262634277344.
[I 2023-12-26 16:46:43,589] Trial 38 finished with value: 259.0420227050781 and parameters: {'gradient_clip_val': 0.43548579480103583, 'hidden_size': 111, 'dropout': 0.226126065370882, 'hidden_continuous_size': 22, 'attention_head_size': 2, 'learning_rate': 0.0011418006985317902}. Best is trial 0 with value: 80.58262634277344.
[I 2023-12-26 16:46:51,349] Trial 39 finished with value: 244.73289489746094 and parameters: {'gradient_clip_val': 0.3521038563898052, 'hidden_size': 85, 'dropout': 0.24277732076954955, 'hidden_continuous_size': 18, 'attention_head_size': 2, 'learning_rate': 0.001543345497008679}. Best is trial 0 with value: 80.58262634277344.
[I 2023-12-26 16:47:00,708] Trial 40 finished with value: 140.20556640625 and parameters: {'gradient_clip_val': 0.5257326118579106, 'hidden_size': 124, 'dropout': 0.21206228396140883, 'hidden_continuous_size': 14, 'attention_head_size': 2, 'learning_rate': 0.01861726766861382}. Best is trial 0 with value: 80.58262634277344.
[I 2023-12-26 16:47:10,213] Trial 41 finished with value: 274.4078063964844 and parameters: {'gradient_clip_val': 0.6669389283424759, 'hidden_size': 117, 'dropout': 0.2051735109148076, 'hidden_continuous_size': 15, 'attention_head_size': 2, 'learning_rate': 0.02556373149411073}. Best is trial 0 with value: 80.58262634277344.
[I 2023-12-26 16:47:15,869] Trial 42 finished with value: 320.3706970214844 and parameters: {'gradient_clip_val': 0.40825860947231857, 'hidden_size': 69, 'dropout': 0.16349349683410752, 'hidden_continuous_size': 15, 'attention_head_size': 2, 'learning_rate': 0.05002138680075461}. Best is trial 0 with value: 80.58262634277344.
[I 2023-12-26 16:47:22,737] Trial 43 finished with value: 276.8292236328125 and parameters: {'gradient_clip_val': 0.5223529696144168, 'hidden_size': 90, 'dropout': 0.22318699047154145, 'hidden_continuous_size': 19, 'attention_head_size': 2, 'learning_rate': 0.017824327172218272}. Best is trial 0 with value: 80.58262634277344.
[I 2023-12-26 16:47:32,148] Trial 44 finished with value: 174.06475830078125 and parameters: {'gradient_clip_val': 0.48363728827774455, 'hidden_size': 113, 'dropout': 0.14111422612644106, 'hidden_continuous_size': 23, 'attention_head_size': 3, 'learning_rate': 0.03649970292732759}. Best is trial 0 with value: 80.58262634277344.
[I 2023-12-26 16:47:37,620] Trial 45 finished with value: 186.5729522705078 and parameters: {'gradient_clip_val': 0.34282361391484334, 'hidden_size': 63, 'dropout': 0.19156446274245678, 'hidden_continuous_size': 14, 'attention_head_size': 2, 'learning_rate': 0.007464705089541952}. Best is trial 0 with value: 80.58262634277344.
[I 2023-12-26 16:47:44,073] Trial 46 finished with value: 232.20802307128906 and parameters: {'gradient_clip_val': 0.39472136281103076, 'hidden_size': 77, 'dropout': 0.31286593754549497, 'hidden_continuous_size': 20, 'attention_head_size': 3, 'learning_rate': 0.05276197965398546}. Best is trial 0 with value: 80.58262634277344.
[I 2023-12-26 16:47:52,625] Trial 47 finished with value: 284.5741271972656 and parameters: {'gradient_clip_val': 0.5556618261423892, 'hidden_size': 107, 'dropout': 0.255354488794858, 'hidden_continuous_size': 25, 'attention_head_size': 2, 'learning_rate': 0.0019182626824284664}. Best is trial 0 with value: 80.58262634277344.
[I 2023-12-26 16:48:00,265] Trial 48 finished with value: 314.7689514160156 and parameters: {'gradient_clip_val': 0.42523484064458067, 'hidden_size': 92, 'dropout': 0.23970821156925717, 'hidden_continuous_size': 18, 'attention_head_size': 2, 'learning_rate': 0.0009006576630067995}. Best is trial 0 with value: 80.58262634277344.
[I 2023-12-26 16:48:10,870] Trial 49 finished with value: 194.1742401123047 and parameters: {'gradient_clip_val': 0.46155090337285787, 'hidden_size': 134, 'dropout': 0.17072932087315668, 'hidden_continuous_size': 13, 'attention_head_size': 3, 'learning_rate': 0.08911753595853483}. Best is trial 0 with value: 80.58262634277344.
[I 2023-12-26 16:48:11,027] A new study created in memory with name: no-name-0435c888-90c8-4f49-86b8-e0d230a9feda
/home/le004/conda/anaconda3/envs/tsff_env/lib/python3.9/site-packages/lightning/fabric/plugins/environments/slurm.py:191: The `srun` command is available on your system but is not used. HINT: If your intention is to run Lightning on SLURM, prepend your python command with `srun` like so: srun python /home/le004/master_thesis/git/TSFusionForecast/code/ ...
[I 2023-12-26 16:52:35,562] Trial 0 finished with value: 18.01775550842285 and parameters: {'gradient_clip_val': 0.21888129359594166, 'hidden_size': 6, 'dropout': 0.36159988190173886, 'hidden_continuous_size': 5, 'attention_head_size': 2, 'learning_rate': 0.0015441621349161208}. Best is trial 0 with value: 18.01775550842285.
[I 2023-12-26 16:57:11,012] Trial 1 finished with value: 17.826356887817383 and parameters: {'gradient_clip_val': 0.3126838488643904, 'hidden_size': 45, 'dropout': 0.4859949172480732, 'hidden_continuous_size': 13, 'attention_head_size': 4, 'learning_rate': 0.0016745123559580694}. Best is trial 1 with value: 17.826356887817383.
[I 2023-12-26 16:57:13,427] Trial 2 finished with value: 41.40496826171875 and parameters: {'gradient_clip_val': 0.29308157767587506, 'hidden_size': 28, 'dropout': 0.39102464319559793, 'hidden_continuous_size': 21, 'attention_head_size': 2, 'learning_rate': 0.010214239548289173}. Best is trial 1 with value: 17.826356887817383.
[I 2023-12-26 16:57:16,595] Trial 3 finished with value: 49.84529113769531 and parameters: {'gradient_clip_val': 0.35336116732282563, 'hidden_size': 50, 'dropout': 0.35036179754944863, 'hidden_continuous_size': 34, 'attention_head_size': 3, 'learning_rate': 0.008156934091603077}. Best is trial 1 with value: 17.826356887817383.
[I 2023-12-26 16:57:18,317] Trial 4 finished with value: 53.99196243286133 and parameters: {'gradient_clip_val': 0.1337973270752319, 'hidden_size': 5, 'dropout': 0.2125708189137787, 'hidden_continuous_size': 5, 'attention_head_size': 4, 'learning_rate': 0.02765076565808592}. Best is trial 1 with value: 17.826356887817383.
[I 2023-12-26 16:57:20,235] Trial 5 finished with value: 60.384307861328125 and parameters: {'gradient_clip_val': 0.7084693286419836, 'hidden_size': 7, 'dropout': 0.3344230872361498, 'hidden_continuous_size': 5, 'attention_head_size': 4, 'learning_rate': 0.06949803791156284}. Best is trial 1 with value: 17.826356887817383.
[I 2023-12-26 16:57:22,009] Trial 6 finished with value: 51.285064697265625 and parameters: {'gradient_clip_val': 0.47872649746249457, 'hidden_size': 8, 'dropout': 0.43589085858213983, 'hidden_continuous_size': 6, 'attention_head_size': 1, 'learning_rate': 0.05841075301421279}. Best is trial 1 with value: 17.826356887817383.
[I 2023-12-26 16:57:25,779] Trial 7 finished with value: 67.20258331298828 and parameters: {'gradient_clip_val': 0.9518522973013811, 'hidden_size': 72, 'dropout': 0.46446545397296835, 'hidden_continuous_size': 5, 'attention_head_size': 4, 'learning_rate': 0.022383840961343795}. Best is trial 1 with value: 17.826356887817383.
[I 2023-12-26 16:57:29,066] Trial 8 finished with value: 47.80622863769531 and parameters: {'gradient_clip_val': 0.7874755567243564, 'hidden_size': 53, 'dropout': 0.11337538822138034, 'hidden_continuous_size': 52, 'attention_head_size': 4, 'learning_rate': 0.0014951107568850909}. Best is trial 1 with value: 17.826356887817383.
[I 2023-12-26 16:57:30,925] Trial 9 finished with value: 61.620601654052734 and parameters: {'gradient_clip_val': 0.11008292947697908, 'hidden_size': 6, 'dropout': 0.34055354453994935, 'hidden_continuous_size': 5, 'attention_head_size': 3, 'learning_rate': 0.01689937865235328}. Best is trial 1 with value: 17.826356887817383.
[I 2023-12-26 16:57:37,572] Trial 10 finished with value: 54.58950424194336 and parameters: {'gradient_clip_val': 0.18779357799551136, 'hidden_size': 115, 'dropout': 0.47479743265617375, 'hidden_continuous_size': 15, 'attention_head_size': 3, 'learning_rate': 0.0007712862684767363}. Best is trial 1 with value: 17.826356887817383.
[I 2023-12-26 16:57:39,598] Trial 11 finished with value: 36.56093215942383 and parameters: {'gradient_clip_val': 0.22145622704480689, 'hidden_size': 14, 'dropout': 0.49486410053986674, 'hidden_continuous_size': 7, 'attention_head_size': 2, 'learning_rate': 0.00266806577515569}. Best is trial 1 with value: 17.826356887817383.
[I 2023-12-26 16:57:41,678] Trial 12 finished with value: 58.01119613647461 and parameters: {'gradient_clip_val': 0.19847212812315124, 'hidden_size': 19, 'dropout': 0.40284295589192404, 'hidden_continuous_size': 9, 'attention_head_size': 1, 'learning_rate': 0.0030800375557437343}. Best is trial 1 with value: 17.826356887817383.
[I 2023-12-26 16:57:43,647] Trial 13 finished with value: 55.231048583984375 and parameters: {'gradient_clip_val': 0.3537463711108261, 'hidden_size': 12, 'dropout': 0.28830316150063134, 'hidden_continuous_size': 6, 'attention_head_size': 2, 'learning_rate': 0.00057444741604277}. Best is trial 1 with value: 17.826356887817383.
[I 2023-12-26 16:57:46,045] Trial 14 finished with value: 56.57574462890625 and parameters: {'gradient_clip_val': 0.25515739033641904, 'hidden_size': 29, 'dropout': 0.49621491207031904, 'hidden_continuous_size': 10, 'attention_head_size': 2, 'learning_rate': 0.0032233452467755742}. Best is trial 1 with value: 17.826356887817383.
[I 2023-12-26 16:57:48,259] Trial 15 finished with value: 56.02829360961914 and parameters: {'gradient_clip_val': 0.15682237628401682, 'hidden_size': 12, 'dropout': 0.42565139069186997, 'hidden_continuous_size': 6, 'attention_head_size': 3, 'learning_rate': 0.0010624403967312253}. Best is trial 1 with value: 17.826356887817383.
