[I 2023-12-16 09:22:06,409] Trial 0 finished with value: 93.6617202758789 and parameters: {'gradient_clip_val': 0.5184346211114537, 'hidden_size': 20, 'dropout': 0.31405417464102137, 'hidden_continuous_size': 10, 'attention_head_size': 4, 'learning_rate': 0.0005458373694552508}. Best is trial 0 with value: 93.6617202758789.
LOCAL_RANK: 0 - CUDA_VISIBLE_DEVICES: [0]
[I 2023-12-16 09:22:57,975] Trial 1 finished with value: 41.000389099121094 and parameters: {'gradient_clip_val': 0.11675393287784074, 'hidden_size': 49, 'dropout': 0.3034656069503695, 'hidden_continuous_size': 5, 'attention_head_size': 3, 'learning_rate': 0.09489791944681818}. Best is trial 1 with value: 41.000389099121094.
LOCAL_RANK: 0 - CUDA_VISIBLE_DEVICES: [0]
[I 2023-12-16 09:23:46,456] Trial 2 finished with value: 128.7420654296875 and parameters: {'gradient_clip_val': 0.6739123862215503, 'hidden_size': 21, 'dropout': 0.24713876885128236, 'hidden_continuous_size': 8, 'attention_head_size': 2, 'learning_rate': 0.018418853752640574}. Best is trial 1 with value: 41.000389099121094.
LOCAL_RANK: 0 - CUDA_VISIBLE_DEVICES: [0]
[I 2023-12-16 09:24:34,081] Trial 3 finished with value: 67.08761596679688 and parameters: {'gradient_clip_val': 0.1394742696867277, 'hidden_size': 19, 'dropout': 0.3507134958413046, 'hidden_continuous_size': 5, 'attention_head_size': 4, 'learning_rate': 0.01421992453261221}. Best is trial 1 with value: 41.000389099121094.
LOCAL_RANK: 0 - CUDA_VISIBLE_DEVICES: [0]
[I 2023-12-16 09:25:19,499] Trial 4 finished with value: 122.29486083984375 and parameters: {'gradient_clip_val': 0.2598102240227507, 'hidden_size': 12, 'dropout': 0.19197217973382963, 'hidden_continuous_size': 11, 'attention_head_size': 3, 'learning_rate': 0.000553752020717799}. Best is trial 1 with value: 41.000389099121094.
LOCAL_RANK: 0 - CUDA_VISIBLE_DEVICES: [0]
[I 2023-12-16 09:26:16,071] Trial 5 finished with value: 84.732421875 and parameters: {'gradient_clip_val': 0.21144316528244347, 'hidden_size': 97, 'dropout': 0.18808977581523967, 'hidden_continuous_size': 47, 'attention_head_size': 3, 'learning_rate': 0.00656235742669301}. Best is trial 1 with value: 41.000389099121094.
LOCAL_RANK: 0 - CUDA_VISIBLE_DEVICES: [0]
[I 2023-12-16 09:27:09,072] Trial 6 finished with value: 136.6444854736328 and parameters: {'gradient_clip_val': 0.14318188458069753, 'hidden_size': 69, 'dropout': 0.34177869361534996, 'hidden_continuous_size': 8, 'attention_head_size': 2, 'learning_rate': 0.013096141966326568}. Best is trial 1 with value: 41.000389099121094.
LOCAL_RANK: 0 - CUDA_VISIBLE_DEVICES: [0]
[I 2023-12-16 09:28:02,202] Trial 7 finished with value: 54.593631744384766 and parameters: {'gradient_clip_val': 0.6017883262723649, 'hidden_size': 41, 'dropout': 0.35107431200014383, 'hidden_continuous_size': 16, 'attention_head_size': 4, 'learning_rate': 0.0011817734611671699}. Best is trial 1 with value: 41.000389099121094.
LOCAL_RANK: 0 - CUDA_VISIBLE_DEVICES: [0]
[I 2023-12-16 09:28:48,475] Trial 8 finished with value: 64.0539321899414 and parameters: {'gradient_clip_val': 0.23993092943951153, 'hidden_size': 9, 'dropout': 0.2687975075614333, 'hidden_continuous_size': 8, 'attention_head_size': 4, 'learning_rate': 0.04264111380482128}. Best is trial 1 with value: 41.000389099121094.
LOCAL_RANK: 0 - CUDA_VISIBLE_DEVICES: [0]
[I 2023-12-16 09:29:44,924] Trial 9 finished with value: 93.03759765625 and parameters: {'gradient_clip_val': 0.12791157414726254, 'hidden_size': 86, 'dropout': 0.24483661886469746, 'hidden_continuous_size': 34, 'attention_head_size': 4, 'learning_rate': 0.0005481158714092261}. Best is trial 1 with value: 41.000389099121094.
LOCAL_RANK: 0 - CUDA_VISIBLE_DEVICES: [0]
[I 2023-12-16 09:30:19,131] Trial 10 finished with value: 89.52935791015625 and parameters: {'gradient_clip_val': 0.10182732068188058, 'hidden_size': 5, 'dropout': 0.3938380955874813, 'hidden_continuous_size': 5, 'attention_head_size': 1, 'learning_rate': 0.09972041714489423}. Best is trial 1 with value: 41.000389099121094.
LOCAL_RANK: 0 - CUDA_VISIBLE_DEVICES: [0]
[I 2023-12-16 09:31:12,138] Trial 11 finished with value: 70.1959228515625 and parameters: {'gradient_clip_val': 0.9538565299449314, 'hidden_size': 44, 'dropout': 0.11299311081474764, 'hidden_continuous_size': 19, 'attention_head_size': 3, 'learning_rate': 0.0031569103700441947}. Best is trial 1 with value: 41.000389099121094.
LOCAL_RANK: 0 - CUDA_VISIBLE_DEVICES: [0]
[I 2023-12-16 09:32:04,816] Trial 12 finished with value: 69.35574340820312 and parameters: {'gradient_clip_val': 0.3999242205146646, 'hidden_size': 41, 'dropout': 0.39990191599902075, 'hidden_continuous_size': 17, 'attention_head_size': 3, 'learning_rate': 0.0022125736109716385}. Best is trial 1 with value: 41.000389099121094.
LOCAL_RANK: 0 - CUDA_VISIBLE_DEVICES: [0]
[I 2023-12-16 09:32:56,520] Trial 13 finished with value: 68.76260375976562 and parameters: {'gradient_clip_val': 0.378955291878658, 'hidden_size': 40, 'dropout': 0.30194793440823064, 'hidden_continuous_size': 16, 'attention_head_size': 2, 'learning_rate': 0.08072146731295231}. Best is trial 1 with value: 41.000389099121094.
LOCAL_RANK: 0 - CUDA_VISIBLE_DEVICES: [0]
[I 2023-12-16 09:33:50,103] Trial 14 finished with value: 76.34101104736328 and parameters: {'gradient_clip_val': 0.20104061392242403, 'hidden_size': 56, 'dropout': 0.3600154696427745, 'hidden_continuous_size': 26, 'attention_head_size': 4, 'learning_rate': 0.035702662259391574}. Best is trial 1 with value: 41.000389099121094.
LOCAL_RANK: 0 - CUDA_VISIBLE_DEVICES: [0]
[I 2023-12-16 09:34:39,681] Trial 15 finished with value: 102.73429107666016 and parameters: {'gradient_clip_val': 0.3189101976343451, 'hidden_size': 30, 'dropout': 0.31885678579292687, 'hidden_continuous_size': 14, 'attention_head_size': 3, 'learning_rate': 0.0016597164926657297}. Best is trial 1 with value: 41.000389099121094.
LOCAL_RANK: 0 - CUDA_VISIBLE_DEVICES: [0]
[I 2023-12-16 09:35:32,281] Trial 16 finished with value: 147.40757751464844 and parameters: {'gradient_clip_val': 0.5820737997422539, 'hidden_size': 60, 'dropout': 0.2830346624575275, 'hidden_continuous_size': 24, 'attention_head_size': 1, 'learning_rate': 0.005353056476450681}. Best is trial 1 with value: 41.000389099121094.
LOCAL_RANK: 0 - CUDA_VISIBLE_DEVICES: [0]
[I 2023-12-16 09:36:22,924] Trial 17 finished with value: 144.593505859375 and parameters: {'gradient_clip_val': 0.19391266205867344, 'hidden_size': 30, 'dropout': 0.36159875104132505, 'hidden_continuous_size': 13, 'attention_head_size': 4, 'learning_rate': 0.0011382094425445993}. Best is trial 1 with value: 41.000389099121094.
LOCAL_RANK: 0 - CUDA_VISIBLE_DEVICES: [0]
[I 2023-12-16 09:37:11,690] Trial 18 finished with value: 153.4681854248047 and parameters: {'gradient_clip_val': 0.46655819753473005, 'hidden_size': 30, 'dropout': 0.3311765104696369, 'hidden_continuous_size': 6, 'attention_head_size': 3, 'learning_rate': 0.0046073756943830965}. Best is trial 1 with value: 41.000389099121094.
LOCAL_RANK: 0 - CUDA_VISIBLE_DEVICES: [0]
[I 2023-12-16 09:38:07,209] Trial 19 finished with value: 89.7237777709961 and parameters: {'gradient_clip_val': 0.32060331183167623, 'hidden_size': 77, 'dropout': 0.29255900965123455, 'hidden_continuous_size': 49, 'attention_head_size': 2, 'learning_rate': 0.00820455950495239}. Best is trial 1 with value: 41.000389099121094.
LOCAL_RANK: 0 - CUDA_VISIBLE_DEVICES: [0]
[I 2023-12-16 09:39:00,878] Trial 20 finished with value: 153.2843780517578 and parameters: {'gradient_clip_val': 0.658160994441934, 'hidden_size': 53, 'dropout': 0.37866807095228, 'hidden_continuous_size': 11, 'attention_head_size': 4, 'learning_rate': 0.0031276933119294722}. Best is trial 1 with value: 41.000389099121094.
LOCAL_RANK: 0 - CUDA_VISIBLE_DEVICES: [0]
[I 2023-12-16 09:39:46,047] Trial 21 finished with value: 49.8909912109375 and parameters: {'gradient_clip_val': 0.23847760262516565, 'hidden_size': 12, 'dropout': 0.2743983247421484, 'hidden_continuous_size': 7, 'attention_head_size': 4, 'learning_rate': 0.04114194091042485}. Best is trial 1 with value: 41.000389099121094.
LOCAL_RANK: 0 - CUDA_VISIBLE_DEVICES: [0]
[I 2023-12-16 09:40:32,195] Trial 22 finished with value: 149.39622497558594 and parameters: {'gradient_clip_val': 0.17990694895700976, 'hidden_size': 13, 'dropout': 0.33330280788175304, 'hidden_continuous_size': 7, 'attention_head_size': 4, 'learning_rate': 0.05632620402938381}. Best is trial 1 with value: 41.000389099121094.
LOCAL_RANK: 0 - CUDA_VISIBLE_DEVICES: [0]
[I 2023-12-16 09:41:25,207] Trial 23 finished with value: 44.3465461730957 and parameters: {'gradient_clip_val': 0.29072422576353574, 'hidden_size': 100, 'dropout': 0.3082873455356647, 'hidden_continuous_size': 5, 'attention_head_size': 3, 'learning_rate': 0.030365928971953948}. Best is trial 1 with value: 41.000389099121094.
LOCAL_RANK: 0 - CUDA_VISIBLE_DEVICES: [0]
[I 2023-12-16 09:42:18,113] Trial 24 finished with value: 161.65098571777344 and parameters: {'gradient_clip_val': 0.2705469913079234, 'hidden_size': 95, 'dropout': 0.2762773078870309, 'hidden_continuous_size': 5, 'attention_head_size': 3, 'learning_rate': 0.028903773938936925}. Best is trial 1 with value: 41.000389099121094.
LOCAL_RANK: 0 - CUDA_VISIBLE_DEVICES: [0]
[I 2023-12-16 09:43:10,471] Trial 25 finished with value: 104.69303131103516 and parameters: {'gradient_clip_val': 0.156479211717828, 'hidden_size': 70, 'dropout': 0.3050534290031267, 'hidden_continuous_size': 6, 'attention_head_size': 3, 'learning_rate': 0.061162467816469196}. Best is trial 1 with value: 41.000389099121094.
LOCAL_RANK: 0 - CUDA_VISIBLE_DEVICES: [0]
[I 2023-12-16 09:44:02,625] Trial 26 finished with value: 42.65196228027344 and parameters: {'gradient_clip_val': 0.10827355779463943, 'hidden_size': 73, 'dropout': 0.2565759335739498, 'hidden_continuous_size': 6, 'attention_head_size': 2, 'learning_rate': 0.023798607958444983}. Best is trial 1 with value: 41.000389099121094.
LOCAL_RANK: 0 - CUDA_VISIBLE_DEVICES: [0]
[I 2023-12-16 09:44:54,008] Trial 27 finished with value: 105.96453857421875 and parameters: {'gradient_clip_val': 0.10335986658573058, 'hidden_size': 77, 'dropout': 0.2546503613449238, 'hidden_continuous_size': 5, 'attention_head_size': 2, 'learning_rate': 0.024594523724077548}. Best is trial 1 with value: 41.000389099121094.
LOCAL_RANK: 0 - CUDA_VISIBLE_DEVICES: [0]
[I 2023-12-16 09:45:46,546] Trial 28 finished with value: 35.295440673828125 and parameters: {'gradient_clip_val': 0.11900028209221196, 'hidden_size': 94, 'dropout': 0.31070055160698257, 'hidden_continuous_size': 6, 'attention_head_size': 1, 'learning_rate': 0.06821415058842896}. Best is trial 28 with value: 35.295440673828125.
LOCAL_RANK: 0 - CUDA_VISIBLE_DEVICES: [0]
[I 2023-12-16 09:46:38,365] Trial 29 finished with value: 105.3019027709961 and parameters: {'gradient_clip_val': 0.1220765644128371, 'hidden_size': 60, 'dropout': 0.32095889503481057, 'hidden_continuous_size': 9, 'attention_head_size': 1, 'learning_rate': 0.0605743398926624}. Best is trial 28 with value: 35.295440673828125.
LOCAL_RANK: 0 - CUDA_VISIBLE_DEVICES: [0]
[I 2023-12-16 09:47:31,113] Trial 30 finished with value: 58.433685302734375 and parameters: {'gradient_clip_val': 0.1133878584484701, 'hidden_size': 84, 'dropout': 0.2294830934881142, 'hidden_continuous_size': 10, 'attention_head_size': 1, 'learning_rate': 0.0977186567686253}. Best is trial 28 with value: 35.295440673828125.
LOCAL_RANK: 0 - CUDA_VISIBLE_DEVICES: [0]
[I 2023-12-16 09:48:24,426] Trial 31 finished with value: 27.398347854614258 and parameters: {'gradient_clip_val': 0.1653093043916871, 'hidden_size': 99, 'dropout': 0.3068539667922498, 'hidden_continuous_size': 6, 'attention_head_size': 2, 'learning_rate': 0.05050369220380794}. Best is trial 31 with value: 27.398347854614258.
LOCAL_RANK: 0 - CUDA_VISIBLE_DEVICES: [0]
[I 2023-12-16 09:49:16,536] Trial 32 finished with value: 85.81319427490234 and parameters: {'gradient_clip_val': 0.15482126059302576, 'hidden_size': 74, 'dropout': 0.29069330729375453, 'hidden_continuous_size': 6, 'attention_head_size': 2, 'learning_rate': 0.06771482919135244}. Best is trial 31 with value: 27.398347854614258.
LOCAL_RANK: 0 - CUDA_VISIBLE_DEVICES: [0]
[I 2023-12-16 09:50:09,168] Trial 33 finished with value: 51.962894439697266 and parameters: {'gradient_clip_val': 0.12023344292185964, 'hidden_size': 96, 'dropout': 0.31380060509678537, 'hidden_continuous_size': 7, 'attention_head_size': 1, 'learning_rate': 0.04970729049042845}. Best is trial 31 with value: 27.398347854614258.
LOCAL_RANK: 0 - CUDA_VISIBLE_DEVICES: [0]
[I 2023-12-16 09:51:01,308] Trial 34 finished with value: 25.335580825805664 and parameters: {'gradient_clip_val': 0.13418500981905854, 'hidden_size': 65, 'dropout': 0.325627347696134, 'hidden_continuous_size': 6, 'attention_head_size': 2, 'learning_rate': 0.0776874105177963}. Best is trial 34 with value: 25.335580825805664.
LOCAL_RANK: 0 - CUDA_VISIBLE_DEVICES: [0]
[I 2023-12-16 09:51:54,216] Trial 35 finished with value: 101.20748138427734 and parameters: {'gradient_clip_val': 0.16341404481986885, 'hidden_size': 51, 'dropout': 0.3322714309178242, 'hidden_continuous_size': 9, 'attention_head_size': 2, 'learning_rate': 0.07651113483675491}. Best is trial 34 with value: 25.335580825805664.
LOCAL_RANK: 0 - CUDA_VISIBLE_DEVICES: [0]
[I 2023-12-16 09:52:45,860] Trial 36 finished with value: 40.7403678894043 and parameters: {'gradient_clip_val': 0.13896920993435466, 'hidden_size': 63, 'dropout': 0.34671096043663147, 'hidden_continuous_size': 7, 'attention_head_size': 1, 'learning_rate': 0.047315786431155034}. Best is trial 34 with value: 25.335580825805664.
LOCAL_RANK: 0 - CUDA_VISIBLE_DEVICES: [0]
[I 2023-12-16 09:53:37,097] Trial 37 finished with value: 109.55770874023438 and parameters: {'gradient_clip_val': 0.12965559901414023, 'hidden_size': 60, 'dropout': 0.3755835198493182, 'hidden_continuous_size': 7, 'attention_head_size': 1, 'learning_rate': 0.04587846307063138}. Best is trial 34 with value: 25.335580825805664.
LOCAL_RANK: 0 - CUDA_VISIBLE_DEVICES: [0]
[I 2023-12-16 09:54:30,968] Trial 38 finished with value: 35.778892517089844 and parameters: {'gradient_clip_val': 0.1397664566308983, 'hidden_size': 86, 'dropout': 0.34558478686700506, 'hidden_continuous_size': 12, 'attention_head_size': 1, 'learning_rate': 0.07438680676920283}. Best is trial 34 with value: 25.335580825805664.
LOCAL_RANK: 0 - CUDA_VISIBLE_DEVICES: [0]
[I 2023-12-16 09:55:24,205] Trial 39 finished with value: 92.14965057373047 and parameters: {'gradient_clip_val': 0.17302839083554059, 'hidden_size': 85, 'dropout': 0.3216613919888045, 'hidden_continuous_size': 11, 'attention_head_size': 1, 'learning_rate': 0.07748256234148507}. Best is trial 34 with value: 25.335580825805664.
LOCAL_RANK: 0 - CUDA_VISIBLE_DEVICES: [0]
[I 2023-12-16 09:56:16,623] Trial 40 finished with value: 35.80320358276367 and parameters: {'gradient_clip_val': 0.14804330242068603, 'hidden_size': 67, 'dropout': 0.33990405821111674, 'hidden_continuous_size': 9, 'attention_head_size': 2, 'learning_rate': 0.018365438168381418}. Best is trial 34 with value: 25.335580825805664.
LOCAL_RANK: 0 - CUDA_VISIBLE_DEVICES: [0]
[I 2023-12-16 09:57:11,900] Trial 41 finished with value: 56.04042434692383 and parameters: {'gradient_clip_val': 0.14345627410593378, 'hidden_size': 99, 'dropout': 0.3434417052016182, 'hidden_continuous_size': 8, 'attention_head_size': 2, 'learning_rate': 0.03698187610012117}. Best is trial 34 with value: 25.335580825805664.
LOCAL_RANK: 0 - CUDA_VISIBLE_DEVICES: [0]
[I 2023-12-16 09:58:04,704] Trial 42 finished with value: 36.5942497253418 and parameters: {'gradient_clip_val': 0.13913173721669053, 'hidden_size': 66, 'dropout': 0.35644120167271137, 'hidden_continuous_size': 9, 'attention_head_size': 2, 'learning_rate': 0.018788625312540594}. Best is trial 34 with value: 25.335580825805664.
LOCAL_RANK: 0 - CUDA_VISIBLE_DEVICES: [0]
[I 2023-12-16 09:58:58,782] Trial 43 finished with value: 34.71657943725586 and parameters: {'gradient_clip_val': 0.11786557103875042, 'hidden_size': 86, 'dropout': 0.3326448692598258, 'hidden_continuous_size': 12, 'attention_head_size': 2, 'learning_rate': 0.05814410165254727}. Best is trial 34 with value: 25.335580825805664.
LOCAL_RANK: 0 - CUDA_VISIBLE_DEVICES: [0]
[I 2023-12-16 09:59:52,158] Trial 44 finished with value: 60.696285247802734 and parameters: {'gradient_clip_val': 0.12016289649494388, 'hidden_size': 83, 'dropout': 0.30096699992337606, 'hidden_continuous_size': 13, 'attention_head_size': 1, 'learning_rate': 0.09882119158870642}. Best is trial 34 with value: 25.335580825805664.
LOCAL_RANK: 0 - CUDA_VISIBLE_DEVICES: [0]
[I 2023-12-16 10:00:45,688] Trial 45 finished with value: 81.74363708496094 and parameters: {'gradient_clip_val': 0.10867980585021858, 'hidden_size': 89, 'dropout': 0.32797147682165556, 'hidden_continuous_size': 11, 'attention_head_size': 2, 'learning_rate': 0.06589251789869563}. Best is trial 34 with value: 25.335580825805664.
LOCAL_RANK: 0 - CUDA_VISIBLE_DEVICES: [0]
[I 2023-12-16 10:01:38,625] Trial 46 finished with value: 47.8948974609375 and parameters: {'gradient_clip_val': 0.13005546426472078, 'hidden_size': 80, 'dropout': 0.3673567881118919, 'hidden_continuous_size': 12, 'attention_head_size': 1, 'learning_rate': 0.05433048620853253}. Best is trial 34 with value: 25.335580825805664.
LOCAL_RANK: 0 - CUDA_VISIBLE_DEVICES: [0]
[I 2023-12-16 10:02:31,300] Trial 47 finished with value: 44.16023254394531 and parameters: {'gradient_clip_val': 0.17132252183983418, 'hidden_size': 47, 'dropout': 0.3496800422326324, 'hidden_continuous_size': 10, 'attention_head_size': 2, 'learning_rate': 0.08545801440655744}. Best is trial 34 with value: 25.335580825805664.
LOCAL_RANK: 0 - CUDA_VISIBLE_DEVICES: [0]
[I 2023-12-16 10:03:25,282] Trial 48 finished with value: 80.99564361572266 and parameters: {'gradient_clip_val': 0.13034417526045652, 'hidden_size': 87, 'dropout': 0.3157494524370751, 'hidden_continuous_size': 16, 'attention_head_size': 1, 'learning_rate': 0.06889814607058524}. Best is trial 34 with value: 25.335580825805664.
LOCAL_RANK: 0 - CUDA_VISIBLE_DEVICES: [0]
[I 2023-12-16 10:04:18,930] Trial 49 finished with value: 26.226755142211914 and parameters: {'gradient_clip_val': 0.11602516605054967, 'hidden_size': 69, 'dropout': 0.2953084998305649, 'hidden_continuous_size': 8, 'attention_head_size': 2, 'learning_rate': 0.03480410998736294}. Best is trial 34 with value: 25.335580825805664.
[I 2023-12-16 10:04:19,027] A new study created in memory with name: no-name-65de26eb-9f8b-49c0-ad07-db510feb2772
/home/le004/conda/anaconda3/envs/tsff_env/lib/python3.9/site-packages/lightning/fabric/plugins/environments/slurm.py:191: The `srun` command is available on your system but is not used. HINT: If your intention is to run Lightning on SLURM, prepend your python command with `srun` like so: srun python /home/le004/master_thesis/git/TSFusionForecast/code/ ...
LOCAL_RANK: 0 - CUDA_VISIBLE_DEVICES: [0]
[I 2023-12-16 10:05:09,147] Trial 0 finished with value: 0.8682788014411926 and parameters: {'gradient_clip_val': 0.7022115408693346, 'hidden_size': 35, 'dropout': 0.1763779350239585, 'hidden_continuous_size': 12, 'attention_head_size': 2, 'learning_rate': 0.000503735613420554}. Best is trial 0 with value: 0.8682788014411926.
LOCAL_RANK: 0 - CUDA_VISIBLE_DEVICES: [0]
[I 2023-12-16 10:06:01,006] Trial 1 finished with value: 1.2361410856246948 and parameters: {'gradient_clip_val': 0.5740106969967133, 'hidden_size': 42, 'dropout': 0.1664496065990086, 'hidden_continuous_size': 14, 'attention_head_size': 1, 'learning_rate': 0.0024176483388815267}. Best is trial 0 with value: 0.8682788014411926.
LOCAL_RANK: 0 - CUDA_VISIBLE_DEVICES: [0]
[I 2023-12-16 10:06:49,024] Trial 2 finished with value: 1.4488097429275513 and parameters: {'gradient_clip_val': 0.2873503791101809, 'hidden_size': 21, 'dropout': 0.27974361455759944, 'hidden_continuous_size': 5, 'attention_head_size': 3, 'learning_rate': 0.06101036220385121}. Best is trial 0 with value: 0.8682788014411926.
LOCAL_RANK: 0 - CUDA_VISIBLE_DEVICES: [0]
[I 2023-12-16 10:07:41,545] Trial 3 finished with value: 2.28008770942688 and parameters: {'gradient_clip_val': 0.20402702974250703, 'hidden_size': 44, 'dropout': 0.25006867030676794, 'hidden_continuous_size': 42, 'attention_head_size': 1, 'learning_rate': 0.0015164607270112482}. Best is trial 0 with value: 0.8682788014411926.
LOCAL_RANK: 0 - CUDA_VISIBLE_DEVICES: [0]
[I 2023-12-16 10:08:31,578] Trial 4 finished with value: 1.0860652923583984 and parameters: {'gradient_clip_val': 0.13873456072753515, 'hidden_size': 29, 'dropout': 0.2889295719517397, 'hidden_continuous_size': 16, 'attention_head_size': 3, 'learning_rate': 0.0006808037885252319}. Best is trial 0 with value: 0.8682788014411926.
LOCAL_RANK: 0 - CUDA_VISIBLE_DEVICES: [0]
[I 2023-12-16 10:09:18,611] Trial 5 finished with value: 1.264432430267334 and parameters: {'gradient_clip_val': 0.7680330627595451, 'hidden_size': 13, 'dropout': 0.1626505235391142, 'hidden_continuous_size': 9, 'attention_head_size': 4, 'learning_rate': 0.004970089572547969}. Best is trial 0 with value: 0.8682788014411926.
LOCAL_RANK: 0 - CUDA_VISIBLE_DEVICES: [0]
[I 2023-12-16 10:10:08,000] Trial 6 finished with value: 1.4942773580551147 and parameters: {'gradient_clip_val': 0.2309277234461426, 'hidden_size': 26, 'dropout': 0.23871999783143738, 'hidden_continuous_size': 8, 'attention_head_size': 3, 'learning_rate': 0.004827738079995029}. Best is trial 0 with value: 0.8682788014411926.
LOCAL_RANK: 0 - CUDA_VISIBLE_DEVICES: [0]
[I 2023-12-16 10:11:01,900] Trial 7 finished with value: 1.4889856576919556 and parameters: {'gradient_clip_val': 0.4602416867742653, 'hidden_size': 57, 'dropout': 0.16306826826714826, 'hidden_continuous_size': 14, 'attention_head_size': 4, 'learning_rate': 0.005289263755112474}. Best is trial 0 with value: 0.8682788014411926.
LOCAL_RANK: 0 - CUDA_VISIBLE_DEVICES: [0]
