[I 2023-12-16 11:14:18,913] Trial 45 finished with value: 16.671966552734375 and parameters: {'gradient_clip_val': 0.27905490404218186, 'hidden_size': 28, 'dropout': 0.3545128167084983, 'hidden_continuous_size': 19, 'attention_head_size': 2, 'learning_rate': 0.0005080514298689545}. Best is trial 45 with value: 16.671966552734375.
LOCAL_RANK: 0 - CUDA_VISIBLE_DEVICES: [0]
[I 2023-12-16 11:15:07,998] Trial 46 finished with value: 18.94859504699707 and parameters: {'gradient_clip_val': 0.2694023892049897, 'hidden_size': 30, 'dropout': 0.3483839070657537, 'hidden_continuous_size': 14, 'attention_head_size': 2, 'learning_rate': 0.0005366214528208545}. Best is trial 45 with value: 16.671966552734375.
LOCAL_RANK: 0 - CUDA_VISIBLE_DEVICES: [0]
[I 2023-12-16 11:15:58,827] Trial 47 finished with value: 32.332401275634766 and parameters: {'gradient_clip_val': 0.2154788296028444, 'hidden_size': 40, 'dropout': 0.2657992062814219, 'hidden_continuous_size': 23, 'attention_head_size': 2, 'learning_rate': 0.0017045739240245672}. Best is trial 45 with value: 16.671966552734375.
LOCAL_RANK: 0 - CUDA_VISIBLE_DEVICES: [0]
[I 2023-12-16 11:16:44,140] Trial 48 finished with value: 31.515159606933594 and parameters: {'gradient_clip_val': 0.2557782645683139, 'hidden_size': 16, 'dropout': 0.3419768729843752, 'hidden_continuous_size': 13, 'attention_head_size': 2, 'learning_rate': 0.0010856313225187698}. Best is trial 45 with value: 16.671966552734375.
LOCAL_RANK: 0 - CUDA_VISIBLE_DEVICES: [0]
[I 2023-12-16 11:17:32,479] Trial 49 finished with value: 21.26872444152832 and parameters: {'gradient_clip_val': 0.28684011946816257, 'hidden_size': 19, 'dropout': 0.23767074600526295, 'hidden_continuous_size': 15, 'attention_head_size': 1, 'learning_rate': 0.0006605896858198286}. Best is trial 45 with value: 16.671966552734375.
[I 2023-12-16 11:17:32,572] A new study created in memory with name: no-name-136f08c9-b8bb-46bf-9442-4f4349e1cd1f
/home/le004/conda/anaconda3/envs/tsff_env/lib/python3.9/site-packages/lightning/fabric/plugins/environments/slurm.py:191: The `srun` command is available on your system but is not used. HINT: If your intention is to run Lightning on SLURM, prepend your python command with `srun` like so: srun python /home/le004/master_thesis/git/TSFusionForecast/code/ ...
LOCAL_RANK: 0 - CUDA_VISIBLE_DEVICES: [0]
[I 2023-12-16 11:18:06,121] Trial 0 finished with value: 136.4365997314453 and parameters: {'gradient_clip_val': 0.3736007181479336, 'hidden_size': 7, 'dropout': 0.3663259605070095, 'hidden_continuous_size': 7, 'attention_head_size': 2, 'learning_rate': 0.01489236092407548}. Best is trial 0 with value: 136.4365997314453.
LOCAL_RANK: 0 - CUDA_VISIBLE_DEVICES: [0]
[I 2023-12-16 11:18:50,776] Trial 1 finished with value: 176.75054931640625 and parameters: {'gradient_clip_val': 0.32330730454276563, 'hidden_size': 14, 'dropout': 0.35526092779278673, 'hidden_continuous_size': 6, 'attention_head_size': 1, 'learning_rate': 0.01711811708207707}. Best is trial 0 with value: 136.4365997314453.
LOCAL_RANK: 0 - CUDA_VISIBLE_DEVICES: [0]
[I 2023-12-16 11:19:38,224] Trial 2 finished with value: 158.1870880126953 and parameters: {'gradient_clip_val': 0.29971889519103023, 'hidden_size': 20, 'dropout': 0.18420935085352308, 'hidden_continuous_size': 10, 'attention_head_size': 4, 'learning_rate': 0.09781107212094683}. Best is trial 0 with value: 136.4365997314453.
LOCAL_RANK: 0 - CUDA_VISIBLE_DEVICES: [0]
[I 2023-12-16 11:20:27,271] Trial 3 finished with value: 143.4689178466797 and parameters: {'gradient_clip_val': 0.8943638416353413, 'hidden_size': 23, 'dropout': 0.2733453999619486, 'hidden_continuous_size': 11, 'attention_head_size': 3, 'learning_rate': 0.022838153374379153}. Best is trial 0 with value: 136.4365997314453.
LOCAL_RANK: 0 - CUDA_VISIBLE_DEVICES: [0]
[I 2023-12-16 11:21:11,169] Trial 4 finished with value: 161.114990234375 and parameters: {'gradient_clip_val': 0.7738116190947476, 'hidden_size': 12, 'dropout': 0.13857209854793212, 'hidden_continuous_size': 8, 'attention_head_size': 2, 'learning_rate': 0.0056179737609548756}. Best is trial 0 with value: 136.4365997314453.
LOCAL_RANK: 0 - CUDA_VISIBLE_DEVICES: [0]
[I 2023-12-16 11:22:04,553] Trial 5 finished with value: 141.87094116210938 and parameters: {'gradient_clip_val': 0.5361383357988728, 'hidden_size': 62, 'dropout': 0.24613022428793477, 'hidden_continuous_size': 11, 'attention_head_size': 4, 'learning_rate': 0.039490856318855495}. Best is trial 0 with value: 136.4365997314453.
LOCAL_RANK: 0 - CUDA_VISIBLE_DEVICES: [0]
[I 2023-12-16 11:22:49,551] Trial 6 finished with value: 139.30982971191406 and parameters: {'gradient_clip_val': 0.18027106647056135, 'hidden_size': 11, 'dropout': 0.12231240973574134, 'hidden_continuous_size': 5, 'attention_head_size': 2, 'learning_rate': 0.09169981192030432}. Best is trial 0 with value: 136.4365997314453.
LOCAL_RANK: 0 - CUDA_VISIBLE_DEVICES: [0]
[I 2023-12-16 11:23:38,431] Trial 7 finished with value: 109.3543472290039 and parameters: {'gradient_clip_val': 0.5785409938049333, 'hidden_size': 23, 'dropout': 0.17883567337428097, 'hidden_continuous_size': 9, 'attention_head_size': 4, 'learning_rate': 0.0018752934415787314}. Best is trial 7 with value: 109.3543472290039.
LOCAL_RANK: 0 - CUDA_VISIBLE_DEVICES: [0]
[I 2023-12-16 11:24:26,182] Trial 8 finished with value: 141.2629852294922 and parameters: {'gradient_clip_val': 0.4891882876298645, 'hidden_size': 20, 'dropout': 0.320254414611624, 'hidden_continuous_size': 11, 'attention_head_size': 4, 'learning_rate': 0.03368647398231256}. Best is trial 7 with value: 109.3543472290039.
LOCAL_RANK: 0 - CUDA_VISIBLE_DEVICES: [0]
[I 2023-12-16 11:25:12,207] Trial 9 finished with value: 132.9963836669922 and parameters: {'gradient_clip_val': 0.10133474249018967, 'hidden_size': 16, 'dropout': 0.3497482707859585, 'hidden_continuous_size': 11, 'attention_head_size': 4, 'learning_rate': 0.025160995081211213}. Best is trial 7 with value: 109.3543472290039.
LOCAL_RANK: 0 - CUDA_VISIBLE_DEVICES: [0]
[I 2023-12-16 11:26:03,854] Trial 10 finished with value: 137.8292236328125 and parameters: {'gradient_clip_val': 0.9189854053821674, 'hidden_size': 40, 'dropout': 0.18835551021495356, 'hidden_continuous_size': 20, 'attention_head_size': 3, 'learning_rate': 0.0012095389363702505}. Best is trial 7 with value: 109.3543472290039.
LOCAL_RANK: 0 - CUDA_VISIBLE_DEVICES: [0]
[I 2023-12-16 11:26:38,023] Trial 11 finished with value: 102.5407485961914 and parameters: {'gradient_clip_val': 0.10148126282330909, 'hidden_size': 5, 'dropout': 0.39989254275439634, 'hidden_continuous_size': 5, 'attention_head_size': 4, 'learning_rate': 0.00273961809870068}. Best is trial 11 with value: 102.5407485961914.
LOCAL_RANK: 0 - CUDA_VISIBLE_DEVICES: [0]
[I 2023-12-16 11:27:12,160] Trial 12 finished with value: 132.1799774169922 and parameters: {'gradient_clip_val': 0.12756766779424958, 'hidden_size': 5, 'dropout': 0.3840796371777386, 'hidden_continuous_size': 5, 'attention_head_size': 3, 'learning_rate': 0.0019303584015007878}. Best is trial 11 with value: 102.5407485961914.
LOCAL_RANK: 0 - CUDA_VISIBLE_DEVICES: [0]
[I 2023-12-16 11:27:46,485] Trial 13 finished with value: 198.4694061279297 and parameters: {'gradient_clip_val': 0.18966731069370962, 'hidden_size': 5, 'dropout': 0.2919366954182478, 'hidden_continuous_size': 5, 'attention_head_size': 4, 'learning_rate': 0.0007376499878207657}. Best is trial 11 with value: 102.5407485961914.
LOCAL_RANK: 0 - CUDA_VISIBLE_DEVICES: [0]
[I 2023-12-16 11:28:37,114] Trial 14 finished with value: 121.04083251953125 and parameters: {'gradient_clip_val': 0.20440334068862578, 'hidden_size': 33, 'dropout': 0.3939182179954556, 'hidden_continuous_size': 16, 'attention_head_size': 3, 'learning_rate': 0.0032857567756801732}. Best is trial 11 with value: 102.5407485961914.
LOCAL_RANK: 0 - CUDA_VISIBLE_DEVICES: [0]
[I 2023-12-16 11:29:21,682] Trial 15 finished with value: 87.9021987915039 and parameters: {'gradient_clip_val': 0.6259180474701563, 'hidden_size': 9, 'dropout': 0.2366521513858913, 'hidden_continuous_size': 6, 'attention_head_size': 1, 'learning_rate': 0.0022611950625754996}. Best is trial 15 with value: 87.9021987915039.
LOCAL_RANK: 0 - CUDA_VISIBLE_DEVICES: [0]
[I 2023-12-16 11:30:06,124] Trial 16 finished with value: 153.20689392089844 and parameters: {'gradient_clip_val': 0.2638759492810325, 'hidden_size': 9, 'dropout': 0.2501308484256092, 'hidden_continuous_size': 6, 'attention_head_size': 1, 'learning_rate': 0.004539078077294222}. Best is trial 15 with value: 87.9021987915039.
LOCAL_RANK: 0 - CUDA_VISIBLE_DEVICES: [0]
[I 2023-12-16 11:30:50,253] Trial 17 finished with value: 159.97821044921875 and parameters: {'gradient_clip_val': 0.12171112675437826, 'hidden_size': 7, 'dropout': 0.3075884280510717, 'hidden_continuous_size': 5, 'attention_head_size': 1, 'learning_rate': 0.0005260667553195925}. Best is trial 15 with value: 87.9021987915039.
LOCAL_RANK: 0 - CUDA_VISIBLE_DEVICES: [0]
[I 2023-12-16 11:31:33,732] Trial 18 finished with value: 146.8566131591797 and parameters: {'gradient_clip_val': 0.4451509344490939, 'hidden_size': 8, 'dropout': 0.3210846550895934, 'hidden_continuous_size': 6, 'attention_head_size': 2, 'learning_rate': 0.007078480029199375}. Best is trial 15 with value: 87.9021987915039.
LOCAL_RANK: 0 - CUDA_VISIBLE_DEVICES: [0]
[I 2023-12-16 11:32:06,989] Trial 19 finished with value: 111.23114013671875 and parameters: {'gradient_clip_val': 0.6407351116535505, 'hidden_size': 5, 'dropout': 0.22890923595649182, 'hidden_continuous_size': 5, 'attention_head_size': 1, 'learning_rate': 0.0026560744021838817}. Best is trial 15 with value: 87.9021987915039.
LOCAL_RANK: 0 - CUDA_VISIBLE_DEVICES: [0]
[I 2023-12-16 11:32:52,003] Trial 20 finished with value: 92.00848388671875 and parameters: {'gradient_clip_val': 0.38861610431509663, 'hidden_size': 10, 'dropout': 0.33746664969703577, 'hidden_continuous_size': 6, 'attention_head_size': 2, 'learning_rate': 0.0014576654461063193}. Best is trial 15 with value: 87.9021987915039.
LOCAL_RANK: 0 - CUDA_VISIBLE_DEVICES: [0]
[I 2023-12-16 11:33:36,751] Trial 21 finished with value: 98.44345092773438 and parameters: {'gradient_clip_val': 0.41305635597859086, 'hidden_size': 9, 'dropout': 0.39306406208206207, 'hidden_continuous_size': 6, 'attention_head_size': 2, 'learning_rate': 0.001136267159877542}. Best is trial 15 with value: 87.9021987915039.
LOCAL_RANK: 0 - CUDA_VISIBLE_DEVICES: [0]
[I 2023-12-16 11:34:21,615] Trial 22 finished with value: 134.5027618408203 and parameters: {'gradient_clip_val': 0.42457091374230055, 'hidden_size': 11, 'dropout': 0.3432757828935412, 'hidden_continuous_size': 6, 'attention_head_size': 2, 'learning_rate': 0.0012874432959195077}. Best is trial 15 with value: 87.9021987915039.
LOCAL_RANK: 0 - CUDA_VISIBLE_DEVICES: [0]
[I 2023-12-16 11:35:05,967] Trial 23 finished with value: 133.05747985839844 and parameters: {'gradient_clip_val': 0.6498418398078606, 'hidden_size': 10, 'dropout': 0.37710366988819155, 'hidden_continuous_size': 6, 'attention_head_size': 1, 'learning_rate': 0.0010101930947841278}. Best is trial 15 with value: 87.9021987915039.
LOCAL_RANK: 0 - CUDA_VISIBLE_DEVICES: [0]
[I 2023-12-16 11:35:50,588] Trial 24 finished with value: 155.71458435058594 and parameters: {'gradient_clip_val': 0.39152266389745816, 'hidden_size': 7, 'dropout': 0.32858697559905137, 'hidden_continuous_size': 6, 'attention_head_size': 2, 'learning_rate': 0.0007334327688450539}. Best is trial 15 with value: 87.9021987915039.
LOCAL_RANK: 0 - CUDA_VISIBLE_DEVICES: [0]
[I 2023-12-16 11:36:34,897] Trial 25 finished with value: 123.53060150146484 and parameters: {'gradient_clip_val': 0.5194968242807005, 'hidden_size': 9, 'dropout': 0.29125488230606655, 'hidden_continuous_size': 7, 'attention_head_size': 1, 'learning_rate': 0.0016109099501777017}. Best is trial 15 with value: 87.9021987915039.
LOCAL_RANK: 0 - CUDA_VISIBLE_DEVICES: [0]
[I 2023-12-16 11:37:20,235] Trial 26 finished with value: 138.0120086669922 and parameters: {'gradient_clip_val': 0.7136537987412248, 'hidden_size': 14, 'dropout': 0.3685895949020314, 'hidden_continuous_size': 7, 'attention_head_size': 2, 'learning_rate': 0.0008700868350211666}. Best is trial 15 with value: 87.9021987915039.
LOCAL_RANK: 0 - CUDA_VISIBLE_DEVICES: [0]
[I 2023-12-16 11:38:03,642] Trial 27 finished with value: 98.31877899169922 and parameters: {'gradient_clip_val': 0.4995786601307471, 'hidden_size': 8, 'dropout': 0.34578503758873147, 'hidden_continuous_size': 6, 'attention_head_size': 2, 'learning_rate': 0.0013798173332265375}. Best is trial 15 with value: 87.9021987915039.
LOCAL_RANK: 0 - CUDA_VISIBLE_DEVICES: [0]
[I 2023-12-16 11:38:47,948] Trial 28 finished with value: 151.78257751464844 and parameters: {'gradient_clip_val': 0.5618575445658389, 'hidden_size': 6, 'dropout': 0.34847820929073975, 'hidden_continuous_size': 5, 'attention_head_size': 1, 'learning_rate': 0.001793305256370735}. Best is trial 15 with value: 87.9021987915039.
LOCAL_RANK: 0 - CUDA_VISIBLE_DEVICES: [0]
[I 2023-12-16 11:39:32,831] Trial 29 finished with value: 133.77247619628906 and parameters: {'gradient_clip_val': 0.48347290638113416, 'hidden_size': 7, 'dropout': 0.36685301787167146, 'hidden_continuous_size': 6, 'attention_head_size': 3, 'learning_rate': 0.0005278531283091259}. Best is trial 15 with value: 87.9021987915039.
LOCAL_RANK: 0 - CUDA_VISIBLE_DEVICES: [0]
[I 2023-12-16 11:40:05,978] Trial 30 finished with value: 156.17784118652344 and parameters: {'gradient_clip_val': 0.789973218272325, 'hidden_size': 6, 'dropout': 0.3364067716365293, 'hidden_continuous_size': 6, 'attention_head_size': 2, 'learning_rate': 0.008822809462827434}. Best is trial 15 with value: 87.9021987915039.
LOCAL_RANK: 0 - CUDA_VISIBLE_DEVICES: [0]
[I 2023-12-16 11:40:50,841] Trial 31 finished with value: 116.01944732666016 and parameters: {'gradient_clip_val': 0.38704063601761296, 'hidden_size': 9, 'dropout': 0.3678813933480308, 'hidden_continuous_size': 6, 'attention_head_size': 2, 'learning_rate': 0.0012199691554242006}. Best is trial 15 with value: 87.9021987915039.
LOCAL_RANK: 0 - CUDA_VISIBLE_DEVICES: [0]
[I 2023-12-16 11:41:34,599] Trial 32 finished with value: 87.04100799560547 and parameters: {'gradient_clip_val': 0.3540196281081958, 'hidden_size': 12, 'dropout': 0.38365972579806534, 'hidden_continuous_size': 7, 'attention_head_size': 2, 'learning_rate': 0.002181202762768334}. Best is trial 32 with value: 87.04100799560547.
LOCAL_RANK: 0 - CUDA_VISIBLE_DEVICES: [0]
[I 2023-12-16 11:42:19,927] Trial 33 finished with value: 103.09625244140625 and parameters: {'gradient_clip_val': 0.34093789609017316, 'hidden_size': 14, 'dropout': 0.3540215444969263, 'hidden_continuous_size': 7, 'attention_head_size': 2, 'learning_rate': 0.0036503045198557115}. Best is trial 32 with value: 87.04100799560547.
LOCAL_RANK: 0 - CUDA_VISIBLE_DEVICES: [0]
[I 2023-12-16 11:43:03,595] Trial 34 finished with value: 83.033935546875 and parameters: {'gradient_clip_val': 0.3549836906336588, 'hidden_size': 12, 'dropout': 0.3811984470578087, 'hidden_continuous_size': 7, 'attention_head_size': 1, 'learning_rate': 0.0023858419752822396}. Best is trial 34 with value: 83.033935546875.
LOCAL_RANK: 0 - CUDA_VISIBLE_DEVICES: [0]
[I 2023-12-16 11:43:48,507] Trial 35 finished with value: 142.5379180908203 and parameters: {'gradient_clip_val': 0.32381907243397967, 'hidden_size': 13, 'dropout': 0.3825450476334515, 'hidden_continuous_size': 7, 'attention_head_size': 1, 'learning_rate': 0.0021626240375139717}. Best is trial 34 with value: 83.033935546875.
LOCAL_RANK: 0 - CUDA_VISIBLE_DEVICES: [0]
[I 2023-12-16 11:44:32,880] Trial 36 finished with value: 101.8648910522461 and parameters: {'gradient_clip_val': 0.36262901647704743, 'hidden_size': 16, 'dropout': 0.35946308062410454, 'hidden_continuous_size': 8, 'attention_head_size': 1, 'learning_rate': 0.002462740968419499}. Best is trial 34 with value: 83.033935546875.
LOCAL_RANK: 0 - CUDA_VISIBLE_DEVICES: [0]
[I 2023-12-16 11:45:17,457] Trial 37 finished with value: 116.8924789428711 and parameters: {'gradient_clip_val': 0.2862263006311945, 'hidden_size': 11, 'dropout': 0.3805792104317448, 'hidden_continuous_size': 7, 'attention_head_size': 1, 'learning_rate': 0.004200226022275646}. Best is trial 34 with value: 83.033935546875.
LOCAL_RANK: 0 - CUDA_VISIBLE_DEVICES: [0]
[I 2023-12-16 11:46:03,594] Trial 38 finished with value: 106.99172973632812 and parameters: {'gradient_clip_val': 0.30396807799809894, 'hidden_size': 17, 'dropout': 0.3990496114207757, 'hidden_continuous_size': 8, 'attention_head_size': 1, 'learning_rate': 0.0030807461464686715}. Best is trial 34 with value: 83.033935546875.
LOCAL_RANK: 0 - CUDA_VISIBLE_DEVICES: [0]
[I 2023-12-16 11:46:48,336] Trial 39 finished with value: 81.2362060546875 and parameters: {'gradient_clip_val': 0.3570589246181406, 'hidden_size': 13, 'dropout': 0.3104067599203089, 'hidden_continuous_size': 8, 'attention_head_size': 1, 'learning_rate': 0.0016357926307722882}. Best is trial 39 with value: 81.2362060546875.
LOCAL_RANK: 0 - CUDA_VISIBLE_DEVICES: [0]
[I 2023-12-16 11:47:32,420] Trial 40 finished with value: 94.58163452148438 and parameters: {'gradient_clip_val': 0.4525316617336704, 'hidden_size': 12, 'dropout': 0.3045045444336616, 'hidden_continuous_size': 8, 'attention_head_size': 1, 'learning_rate': 0.002325470811229129}. Best is trial 39 with value: 81.2362060546875.
LOCAL_RANK: 0 - CUDA_VISIBLE_DEVICES: [0]
[I 2023-12-16 11:48:15,957] Trial 41 finished with value: 115.32437896728516 and parameters: {'gradient_clip_val': 0.38038690476100095, 'hidden_size': 12, 'dropout': 0.3319017315239392, 'hidden_continuous_size': 7, 'attention_head_size': 1, 'learning_rate': 0.0017511552175193525}. Best is trial 39 with value: 81.2362060546875.
LOCAL_RANK: 0 - CUDA_VISIBLE_DEVICES: [0]
[I 2023-12-16 11:49:01,926] Trial 42 finished with value: 84.11981201171875 and parameters: {'gradient_clip_val': 0.34303454845235853, 'hidden_size': 17, 'dropout': 0.36193307161177474, 'hidden_continuous_size': 9, 'attention_head_size': 1, 'learning_rate': 0.0015605690814153809}. Best is trial 39 with value: 81.2362060546875.
LOCAL_RANK: 0 - CUDA_VISIBLE_DEVICES: [0]
[I 2023-12-16 11:49:47,992] Trial 43 finished with value: 137.8686065673828 and parameters: {'gradient_clip_val': 0.34087294273946944, 'hidden_size': 17, 'dropout': 0.369444639442553, 'hidden_continuous_size': 9, 'attention_head_size': 1, 'learning_rate': 0.003152180806373519}. Best is trial 39 with value: 81.2362060546875.
LOCAL_RANK: 0 - CUDA_VISIBLE_DEVICES: [0]
[I 2023-12-16 11:50:33,076] Trial 44 finished with value: 80.5121078491211 and parameters: {'gradient_clip_val': 0.2584763660755938, 'hidden_size': 14, 'dropout': 0.35302711418628646, 'hidden_continuous_size': 9, 'attention_head_size': 1, 'learning_rate': 0.0021483215826717653}. Best is trial 44 with value: 80.5121078491211.
LOCAL_RANK: 0 - CUDA_VISIBLE_DEVICES: [0]
[I 2023-12-16 11:51:19,591] Trial 45 finished with value: 115.87018585205078 and parameters: {'gradient_clip_val': 0.27312252145419486, 'hidden_size': 20, 'dropout': 0.35586584455379755, 'hidden_continuous_size': 10, 'attention_head_size': 1, 'learning_rate': 0.0017310265605449046}. Best is trial 44 with value: 80.5121078491211.
LOCAL_RANK: 0 - CUDA_VISIBLE_DEVICES: [0]
[I 2023-12-16 11:52:04,971] Trial 46 finished with value: 141.61724853515625 and parameters: {'gradient_clip_val': 0.2575666324707381, 'hidden_size': 15, 'dropout': 0.3787670205900805, 'hidden_continuous_size': 9, 'attention_head_size': 1, 'learning_rate': 0.003911028969471404}. Best is trial 44 with value: 80.5121078491211.
LOCAL_RANK: 0 - CUDA_VISIBLE_DEVICES: [0]
[I 2023-12-16 11:52:51,784] Trial 47 finished with value: 149.40765380859375 and parameters: {'gradient_clip_val': 0.31232512904306864, 'hidden_size': 18, 'dropout': 0.3569267693917171, 'hidden_continuous_size': 10, 'attention_head_size': 1, 'learning_rate': 0.0020348889272855672}. Best is trial 44 with value: 80.5121078491211.
LOCAL_RANK: 0 - CUDA_VISIBLE_DEVICES: [0]
[I 2023-12-16 11:53:40,058] Trial 48 finished with value: 162.0350341796875 and parameters: {'gradient_clip_val': 0.23557818951887327, 'hidden_size': 23, 'dropout': 0.38690532185025817, 'hidden_continuous_size': 12, 'attention_head_size': 1, 'learning_rate': 0.0054163049808021065}. Best is trial 44 with value: 80.5121078491211.
LOCAL_RANK: 0 - CUDA_VISIBLE_DEVICES: [0]
[I 2023-12-16 11:54:25,221] Trial 49 finished with value: 82.6776123046875 and parameters: {'gradient_clip_val': 0.3325665344651853, 'hidden_size': 13, 'dropout': 0.39968068035167453, 'hidden_continuous_size': 9, 'attention_head_size': 1, 'learning_rate': 0.0027419368783582047}. Best is trial 44 with value: 80.5121078491211.
[I 2023-12-16 11:54:25,317] A new study created in memory with name: no-name-86678e9e-e961-451a-bdae-743d507e59cc
/home/le004/conda/anaconda3/envs/tsff_env/lib/python3.9/site-packages/lightning/fabric/plugins/environments/slurm.py:191: The `srun` command is available on your system but is not used. HINT: If your intention is to run Lightning on SLURM, prepend your python command with `srun` like so: srun python /home/le004/master_thesis/git/TSFusionForecast/code/ ...
LOCAL_RANK: 0 - CUDA_VISIBLE_DEVICES: [0]
[I 2023-12-16 11:55:13,525] Trial 0 finished with value: 105.7381362915039 and parameters: {'gradient_clip_val': 0.9604493047030651, 'hidden_size': 29, 'dropout': 0.10732364990342126, 'hidden_continuous_size': 7, 'attention_head_size': 1, 'learning_rate': 0.010688870727059048}. Best is trial 0 with value: 105.7381362915039.
LOCAL_RANK: 0 - CUDA_VISIBLE_DEVICES: [0]
