[I 2023-12-16 03:41:17,168] Trial 21 finished with value: 818.9153442382812 and parameters: {'gradient_clip_val': 0.4392941767070568, 'hidden_size': 10, 'dropout': 0.22159590212924726, 'hidden_continuous_size': 6, 'attention_head_size': 1, 'learning_rate': 0.002807049177451218}. Best is trial 5 with value: 174.08494567871094.
LOCAL_RANK: 0 - CUDA_VISIBLE_DEVICES: [0]
[I 2023-12-16 03:42:02,006] Trial 22 finished with value: 477.3102111816406 and parameters: {'gradient_clip_val': 0.5784074730366213, 'hidden_size': 9, 'dropout': 0.1179856567540352, 'hidden_continuous_size': 6, 'attention_head_size': 1, 'learning_rate': 0.0020274395463262037}. Best is trial 5 with value: 174.08494567871094.
LOCAL_RANK: 0 - CUDA_VISIBLE_DEVICES: [0]
[I 2023-12-16 03:42:47,232] Trial 23 finished with value: 351.5335388183594 and parameters: {'gradient_clip_val': 0.5020190153651852, 'hidden_size': 13, 'dropout': 0.14583369454878436, 'hidden_continuous_size': 7, 'attention_head_size': 1, 'learning_rate': 0.003918955917243272}. Best is trial 5 with value: 174.08494567871094.
LOCAL_RANK: 0 - CUDA_VISIBLE_DEVICES: [0]
[I 2023-12-16 03:43:35,543] Trial 24 finished with value: 153.53355407714844 and parameters: {'gradient_clip_val': 0.27269553238878586, 'hidden_size': 21, 'dropout': 0.19898703081252048, 'hidden_continuous_size': 8, 'attention_head_size': 2, 'learning_rate': 0.0010228662572785519}. Best is trial 24 with value: 153.53355407714844.
LOCAL_RANK: 0 - CUDA_VISIBLE_DEVICES: [0]
[I 2023-12-16 03:44:23,124] Trial 25 finished with value: 825.7667846679688 and parameters: {'gradient_clip_val': 0.2435220833513384, 'hidden_size': 19, 'dropout': 0.22145272863767593, 'hidden_continuous_size': 8, 'attention_head_size': 2, 'learning_rate': 0.0009184189544353355}. Best is trial 24 with value: 153.53355407714844.
LOCAL_RANK: 0 - CUDA_VISIBLE_DEVICES: [0]
[I 2023-12-16 03:45:11,962] Trial 26 finished with value: 532.6375122070312 and parameters: {'gradient_clip_val': 0.18822049173844965, 'hidden_size': 27, 'dropout': 0.27144841886632126, 'hidden_continuous_size': 8, 'attention_head_size': 2, 'learning_rate': 0.0012662702779497133}. Best is trial 24 with value: 153.53355407714844.
LOCAL_RANK: 0 - CUDA_VISIBLE_DEVICES: [0]
[I 2023-12-16 03:46:01,693] Trial 27 finished with value: 413.6368103027344 and parameters: {'gradient_clip_val': 0.2824991848882674, 'hidden_size': 36, 'dropout': 0.19079714911181342, 'hidden_continuous_size': 11, 'attention_head_size': 3, 'learning_rate': 0.0007246409325063927}. Best is trial 24 with value: 153.53355407714844.
LOCAL_RANK: 0 - CUDA_VISIBLE_DEVICES: [0]
[I 2023-12-16 03:46:50,209] Trial 28 finished with value: 1210.0084228515625 and parameters: {'gradient_clip_val': 0.36602965737939247, 'hidden_size': 21, 'dropout': 0.2379272785320498, 'hidden_continuous_size': 9, 'attention_head_size': 2, 'learning_rate': 0.0012177178283595252}. Best is trial 24 with value: 153.53355407714844.
LOCAL_RANK: 0 - CUDA_VISIBLE_DEVICES: [0]
[I 2023-12-16 03:47:35,931] Trial 29 finished with value: 1133.2642822265625 and parameters: {'gradient_clip_val': 0.21878092052450743, 'hidden_size': 16, 'dropout': 0.20318859178049736, 'hidden_continuous_size': 7, 'attention_head_size': 4, 'learning_rate': 0.010196619912416102}. Best is trial 24 with value: 153.53355407714844.
LOCAL_RANK: 0 - CUDA_VISIBLE_DEVICES: [0]
[I 2023-12-16 03:48:20,527] Trial 30 finished with value: 834.2743530273438 and parameters: {'gradient_clip_val': 0.25404418734102857, 'hidden_size': 12, 'dropout': 0.2752336250626214, 'hidden_continuous_size': 6, 'attention_head_size': 3, 'learning_rate': 0.0006845328507443011}. Best is trial 24 with value: 153.53355407714844.
LOCAL_RANK: 0 - CUDA_VISIBLE_DEVICES: [0]
[I 2023-12-16 03:49:04,758] Trial 31 finished with value: 813.2029418945312 and parameters: {'gradient_clip_val': 0.34540680392136663, 'hidden_size': 16, 'dropout': 0.16463191149200346, 'hidden_continuous_size': 8, 'attention_head_size': 1, 'learning_rate': 0.002015243278176775}. Best is trial 24 with value: 153.53355407714844.
LOCAL_RANK: 0 - CUDA_VISIBLE_DEVICES: [0]
[I 2023-12-16 03:49:48,894] Trial 32 finished with value: 709.0424194335938 and parameters: {'gradient_clip_val': 0.29283855009320325, 'hidden_size': 12, 'dropout': 0.10668830961482458, 'hidden_continuous_size': 6, 'attention_head_size': 2, 'learning_rate': 0.0009587992759359251}. Best is trial 24 with value: 153.53355407714844.
LOCAL_RANK: 0 - CUDA_VISIBLE_DEVICES: [0]
[I 2023-12-16 03:50:41,210] Trial 33 finished with value: 666.0137329101562 and parameters: {'gradient_clip_val': 0.6084181312818879, 'hidden_size': 45, 'dropout': 0.1411368387554648, 'hidden_continuous_size': 10, 'attention_head_size': 2, 'learning_rate': 0.001372909890916238}. Best is trial 24 with value: 153.53355407714844.
LOCAL_RANK: 0 - CUDA_VISIBLE_DEVICES: [0]
[I 2023-12-16 03:51:24,939] Trial 34 finished with value: 845.7900390625 and parameters: {'gradient_clip_val': 0.4110031718099636, 'hidden_size': 8, 'dropout': 0.17431062722275137, 'hidden_continuous_size': 5, 'attention_head_size': 1, 'learning_rate': 0.0022682744728212013}. Best is trial 24 with value: 153.53355407714844.
LOCAL_RANK: 0 - CUDA_VISIBLE_DEVICES: [0]
[I 2023-12-16 03:52:11,236] Trial 35 finished with value: 602.1893920898438 and parameters: {'gradient_clip_val': 0.3375626652762675, 'hidden_size': 14, 'dropout': 0.13626028533353907, 'hidden_continuous_size': 7, 'attention_head_size': 3, 'learning_rate': 0.0010750091979073138}. Best is trial 24 with value: 153.53355407714844.
LOCAL_RANK: 0 - CUDA_VISIBLE_DEVICES: [0]
[I 2023-12-16 03:52:59,978] Trial 36 finished with value: 725.9631958007812 and parameters: {'gradient_clip_val': 0.4551280533718758, 'hidden_size': 22, 'dropout': 0.10668213453596596, 'hidden_continuous_size': 9, 'attention_head_size': 2, 'learning_rate': 0.001540882358284194}. Best is trial 24 with value: 153.53355407714844.
LOCAL_RANK: 0 - CUDA_VISIBLE_DEVICES: [0]
[I 2023-12-16 03:53:46,515] Trial 37 finished with value: 475.467041015625 and parameters: {'gradient_clip_val': 0.30907186346497983, 'hidden_size': 17, 'dropout': 0.16121538589299303, 'hidden_continuous_size': 9, 'attention_head_size': 1, 'learning_rate': 0.002430233263952981}. Best is trial 24 with value: 153.53355407714844.
LOCAL_RANK: 0 - CUDA_VISIBLE_DEVICES: [0]
[I 2023-12-16 03:54:32,316] Trial 38 finished with value: 768.745361328125 and parameters: {'gradient_clip_val': 0.3848128266884475, 'hidden_size': 14, 'dropout': 0.12521521608454778, 'hidden_continuous_size': 5, 'attention_head_size': 3, 'learning_rate': 0.0037739194499305934}. Best is trial 24 with value: 153.53355407714844.
LOCAL_RANK: 0 - CUDA_VISIBLE_DEVICES: [0]
[I 2023-12-16 03:55:18,302] Trial 39 finished with value: 944.1747436523438 and parameters: {'gradient_clip_val': 0.2799365036988664, 'hidden_size': 7, 'dropout': 0.18386253880704012, 'hidden_continuous_size': 5, 'attention_head_size': 4, 'learning_rate': 0.0018240821522244987}. Best is trial 24 with value: 153.53355407714844.
LOCAL_RANK: 0 - CUDA_VISIBLE_DEVICES: [0]
[I 2023-12-16 03:56:07,635] Trial 40 finished with value: 776.2705688476562 and parameters: {'gradient_clip_val': 0.22853779732119725, 'hidden_size': 27, 'dropout': 0.20602805820478862, 'hidden_continuous_size': 11, 'attention_head_size': 2, 'learning_rate': 0.0006411880383982389}. Best is trial 24 with value: 153.53355407714844.
LOCAL_RANK: 0 - CUDA_VISIBLE_DEVICES: [0]
[I 2023-12-16 03:57:00,828] Trial 41 finished with value: 861.6858520507812 and parameters: {'gradient_clip_val': 0.378763758487346, 'hidden_size': 58, 'dropout': 0.23019598158871035, 'hidden_continuous_size': 14, 'attention_head_size': 2, 'learning_rate': 0.0009168642870468672}. Best is trial 24 with value: 153.53355407714844.
LOCAL_RANK: 0 - CUDA_VISIBLE_DEVICES: [0]
[I 2023-12-16 03:57:53,855] Trial 42 finished with value: 746.365234375 and parameters: {'gradient_clip_val': 0.3324424938624568, 'hidden_size': 76, 'dropout': 0.21211902715614844, 'hidden_continuous_size': 17, 'attention_head_size': 2, 'learning_rate': 0.0005200370803762819}. Best is trial 24 with value: 153.53355407714844.
LOCAL_RANK: 0 - CUDA_VISIBLE_DEVICES: [0]
[I 2023-12-16 03:58:47,042] Trial 43 finished with value: 478.3375549316406 and parameters: {'gradient_clip_val': 0.5037986558076909, 'hidden_size': 55, 'dropout': 0.2532682249472363, 'hidden_continuous_size': 18, 'attention_head_size': 2, 'learning_rate': 0.001020424761452419}. Best is trial 24 with value: 153.53355407714844.
LOCAL_RANK: 0 - CUDA_VISIBLE_DEVICES: [0]
[I 2023-12-16 03:59:41,832] Trial 44 finished with value: 390.9744567871094 and parameters: {'gradient_clip_val': 0.32337106189283016, 'hidden_size': 98, 'dropout': 0.18931723671170742, 'hidden_continuous_size': 12, 'attention_head_size': 2, 'learning_rate': 0.0014334273653051823}. Best is trial 24 with value: 153.53355407714844.
LOCAL_RANK: 0 - CUDA_VISIBLE_DEVICES: [0]
[I 2023-12-16 04:00:35,118] Trial 45 finished with value: 1153.2896728515625 and parameters: {'gradient_clip_val': 0.26112980921398576, 'hidden_size': 47, 'dropout': 0.22607473871094422, 'hidden_continuous_size': 25, 'attention_head_size': 3, 'learning_rate': 0.0007891847670321567}. Best is trial 24 with value: 153.53355407714844.
LOCAL_RANK: 0 - CUDA_VISIBLE_DEVICES: [0]
[I 2023-12-16 04:01:29,216] Trial 46 finished with value: 240.7957763671875 and parameters: {'gradient_clip_val': 0.4079033835827252, 'hidden_size': 66, 'dropout': 0.25193837837453337, 'hidden_continuous_size': 29, 'attention_head_size': 3, 'learning_rate': 0.001154227014474147}. Best is trial 24 with value: 153.53355407714844.
LOCAL_RANK: 0 - CUDA_VISIBLE_DEVICES: [0]
[I 2023-12-16 04:02:24,191] Trial 47 finished with value: 225.31219482421875 and parameters: {'gradient_clip_val': 0.1997219672559207, 'hidden_size': 86, 'dropout': 0.25546454138120644, 'hidden_continuous_size': 28, 'attention_head_size': 3, 'learning_rate': 0.001182090984880336}. Best is trial 24 with value: 153.53355407714844.
LOCAL_RANK: 0 - CUDA_VISIBLE_DEVICES: [0]
[I 2023-12-16 04:03:19,375] Trial 48 finished with value: 385.2532043457031 and parameters: {'gradient_clip_val': 0.18401511071527413, 'hidden_size': 86, 'dropout': 0.2462883846232504, 'hidden_continuous_size': 29, 'attention_head_size': 3, 'learning_rate': 0.0011773890334750884}. Best is trial 24 with value: 153.53355407714844.
LOCAL_RANK: 0 - CUDA_VISIBLE_DEVICES: [0]
[I 2023-12-16 04:04:12,753] Trial 49 finished with value: 1057.029296875 and parameters: {'gradient_clip_val': 0.20851081498252738, 'hidden_size': 60, 'dropout': 0.2855791169317561, 'hidden_continuous_size': 38, 'attention_head_size': 3, 'learning_rate': 0.0006136331356678792}. Best is trial 24 with value: 153.53355407714844.
[I 2023-12-16 04:04:12,844] A new study created in memory with name: no-name-b74a8b6e-6c87-4b86-a12e-0f96f5722027
/home/le004/conda/anaconda3/envs/tsff_env/lib/python3.9/site-packages/lightning/fabric/plugins/environments/slurm.py:191: The `srun` command is available on your system but is not used. HINT: If your intention is to run Lightning on SLURM, prepend your python command with `srun` like so: srun python /home/le004/master_thesis/git/TSFusionForecast/code/ ...
LOCAL_RANK: 0 - CUDA_VISIBLE_DEVICES: [0]
[I 2023-12-16 04:05:04,827] Trial 0 finished with value: 2172.500244140625 and parameters: {'gradient_clip_val': 0.4835833497026321, 'hidden_size': 34, 'dropout': 0.30900075150450723, 'hidden_continuous_size': 32, 'attention_head_size': 1, 'learning_rate': 0.0012770400961016662}. Best is trial 0 with value: 2172.500244140625.
LOCAL_RANK: 0 - CUDA_VISIBLE_DEVICES: [0]
[I 2023-12-16 04:06:04,005] Trial 1 finished with value: 820.3564453125 and parameters: {'gradient_clip_val': 0.12802344778277563, 'hidden_size': 100, 'dropout': 0.2400159757572864, 'hidden_continuous_size': 91, 'attention_head_size': 4, 'learning_rate': 0.08991198580156262}. Best is trial 1 with value: 820.3564453125.
LOCAL_RANK: 0 - CUDA_VISIBLE_DEVICES: [0]
[I 2023-12-16 04:06:50,746] Trial 2 finished with value: 1037.9385986328125 and parameters: {'gradient_clip_val': 0.33850578627255484, 'hidden_size': 16, 'dropout': 0.3767980399634554, 'hidden_continuous_size': 13, 'attention_head_size': 4, 'learning_rate': 0.01565321852727474}. Best is trial 1 with value: 820.3564453125.
LOCAL_RANK: 0 - CUDA_VISIBLE_DEVICES: [0]
[I 2023-12-16 04:07:35,975] Trial 3 finished with value: 978.7156372070312 and parameters: {'gradient_clip_val': 0.9158760287033475, 'hidden_size': 16, 'dropout': 0.294638536260438, 'hidden_continuous_size': 7, 'attention_head_size': 3, 'learning_rate': 0.0029449438529190923}. Best is trial 1 with value: 820.3564453125.
LOCAL_RANK: 0 - CUDA_VISIBLE_DEVICES: [0]
[I 2023-12-16 04:08:28,583] Trial 4 finished with value: 2062.259521484375 and parameters: {'gradient_clip_val': 0.22127032856711762, 'hidden_size': 80, 'dropout': 0.3808980803750318, 'hidden_continuous_size': 8, 'attention_head_size': 1, 'learning_rate': 0.06544132177640086}. Best is trial 1 with value: 820.3564453125.
LOCAL_RANK: 0 - CUDA_VISIBLE_DEVICES: [0]
[I 2023-12-16 04:09:18,409] Trial 5 finished with value: 2072.65771484375 and parameters: {'gradient_clip_val': 0.3513505337488122, 'hidden_size': 43, 'dropout': 0.20388384171741356, 'hidden_continuous_size': 5, 'attention_head_size': 2, 'learning_rate': 0.08749943826032534}. Best is trial 1 with value: 820.3564453125.
LOCAL_RANK: 0 - CUDA_VISIBLE_DEVICES: [0]
[I 2023-12-16 04:10:07,937] Trial 6 finished with value: 1144.75634765625 and parameters: {'gradient_clip_val': 0.2905662900237963, 'hidden_size': 26, 'dropout': 0.21816852618437965, 'hidden_continuous_size': 11, 'attention_head_size': 2, 'learning_rate': 0.0016277834611515558}. Best is trial 1 with value: 820.3564453125.
LOCAL_RANK: 0 - CUDA_VISIBLE_DEVICES: [0]
[I 2023-12-16 04:10:56,540] Trial 7 finished with value: 1248.3448486328125 and parameters: {'gradient_clip_val': 0.24734706627871098, 'hidden_size': 26, 'dropout': 0.12769734437662442, 'hidden_continuous_size': 5, 'attention_head_size': 3, 'learning_rate': 0.03364199300563086}. Best is trial 1 with value: 820.3564453125.
LOCAL_RANK: 0 - CUDA_VISIBLE_DEVICES: [0]
[I 2023-12-16 04:11:30,676] Trial 8 finished with value: 2098.351318359375 and parameters: {'gradient_clip_val': 0.10651381870428427, 'hidden_size': 7, 'dropout': 0.13044178091285974, 'hidden_continuous_size': 7, 'attention_head_size': 1, 'learning_rate': 0.0008893126773930524}. Best is trial 1 with value: 820.3564453125.
LOCAL_RANK: 0 - CUDA_VISIBLE_DEVICES: [0]
[I 2023-12-16 04:12:17,006] Trial 9 finished with value: 846.4494018554688 and parameters: {'gradient_clip_val': 0.4140566352370043, 'hidden_size': 11, 'dropout': 0.2280814581115385, 'hidden_continuous_size': 6, 'attention_head_size': 4, 'learning_rate': 0.008240853287817203}. Best is trial 1 with value: 820.3564453125.
LOCAL_RANK: 0 - CUDA_VISIBLE_DEVICES: [0]
[I 2023-12-16 04:13:14,842] Trial 10 finished with value: 972.0304565429688 and parameters: {'gradient_clip_val': 0.10230335603921795, 'hidden_size': 96, 'dropout': 0.1646413251650432, 'hidden_continuous_size': 92, 'attention_head_size': 4, 'learning_rate': 0.02103401874395971}. Best is trial 1 with value: 820.3564453125.
LOCAL_RANK: 0 - CUDA_VISIBLE_DEVICES: [0]
[I 2023-12-16 04:14:01,176] Trial 11 finished with value: 1668.76220703125 and parameters: {'gradient_clip_val': 0.16161915303300758, 'hidden_size': 9, 'dropout': 0.25142400148281463, 'hidden_continuous_size': 6, 'attention_head_size': 4, 'learning_rate': 0.007268828033064001}. Best is trial 1 with value: 820.3564453125.
LOCAL_RANK: 0 - CUDA_VISIBLE_DEVICES: [0]
[I 2023-12-16 04:14:35,878] Trial 12 finished with value: 1329.1717529296875 and parameters: {'gradient_clip_val': 0.15693943651339426, 'hidden_size': 5, 'dropout': 0.24771385585702793, 'hidden_continuous_size': 5, 'attention_head_size': 3, 'learning_rate': 0.00637772204080547}. Best is trial 1 with value: 820.3564453125.
LOCAL_RANK: 0 - CUDA_VISIBLE_DEVICES: [0]
[I 2023-12-16 04:15:29,782] Trial 13 finished with value: 2019.2906494140625 and parameters: {'gradient_clip_val': 0.49509449103982395, 'hidden_size': 53, 'dropout': 0.1827159462210402, 'hidden_continuous_size': 20, 'attention_head_size': 4, 'learning_rate': 0.000545528503820008}. Best is trial 1 with value: 820.3564453125.
LOCAL_RANK: 0 - CUDA_VISIBLE_DEVICES: [0]
[I 2023-12-16 04:16:15,498] Trial 14 finished with value: 1513.6005859375 and parameters: {'gradient_clip_val': 0.1524383864441987, 'hidden_size': 13, 'dropout': 0.24281986138321915, 'hidden_continuous_size': 6, 'attention_head_size': 3, 'learning_rate': 0.04365159928349114}. Best is trial 1 with value: 820.3564453125.
LOCAL_RANK: 0 - CUDA_VISIBLE_DEVICES: [0]
[I 2023-12-16 04:17:09,480] Trial 15 finished with value: 532.1893920898438 and parameters: {'gradient_clip_val': 0.4558338178383341, 'hidden_size': 55, 'dropout': 0.165351629260646, 'hidden_continuous_size': 20, 'attention_head_size': 4, 'learning_rate': 0.07381499056491757}. Best is trial 15 with value: 532.1893920898438.
LOCAL_RANK: 0 - CUDA_VISIBLE_DEVICES: [0]
[I 2023-12-16 04:18:05,055] Trial 16 finished with value: 861.1360473632812 and parameters: {'gradient_clip_val': 0.661700359751393, 'hidden_size': 67, 'dropout': 0.10583878124091686, 'hidden_continuous_size': 47, 'attention_head_size': 4, 'learning_rate': 0.09985905501482281}. Best is trial 15 with value: 532.1893920898438.
LOCAL_RANK: 0 - CUDA_VISIBLE_DEVICES: [0]
[I 2023-12-16 04:19:02,327] Trial 17 finished with value: 883.6145629882812 and parameters: {'gradient_clip_val': 0.2140793103563396, 'hidden_size': 100, 'dropout': 0.1616585371054895, 'hidden_continuous_size': 94, 'attention_head_size': 2, 'learning_rate': 0.04685904953200626}. Best is trial 15 with value: 532.1893920898438.
LOCAL_RANK: 0 - CUDA_VISIBLE_DEVICES: [0]
[I 2023-12-16 04:19:56,309] Trial 18 finished with value: 952.828125 and parameters: {'gradient_clip_val': 0.6519658847526139, 'hidden_size': 57, 'dropout': 0.1856878551973539, 'hidden_continuous_size': 20, 'attention_head_size': 3, 'learning_rate': 0.025660645652297753}. Best is trial 15 with value: 532.1893920898438.
LOCAL_RANK: 0 - CUDA_VISIBLE_DEVICES: [0]
[I 2023-12-16 04:20:51,221] Trial 19 finished with value: 925.2096557617188 and parameters: {'gradient_clip_val': 0.29787448054876314, 'hidden_size': 71, 'dropout': 0.15819052579380588, 'hidden_continuous_size': 30, 'attention_head_size': 4, 'learning_rate': 0.06979742315111999}. Best is trial 15 with value: 532.1893920898438.
LOCAL_RANK: 0 - CUDA_VISIBLE_DEVICES: [0]
[I 2023-12-16 04:21:43,964] Trial 20 finished with value: 1636.2720947265625 and parameters: {'gradient_clip_val': 0.12941433868585184, 'hidden_size': 48, 'dropout': 0.1991052430745901, 'hidden_continuous_size': 10, 'attention_head_size': 3, 'learning_rate': 0.09999132301120539}. Best is trial 15 with value: 532.1893920898438.
LOCAL_RANK: 0 - CUDA_VISIBLE_DEVICES: [0]
[I 2023-12-16 04:22:35,236] Trial 21 finished with value: 4069.4609375 and parameters: {'gradient_clip_val': 0.38990589862291797, 'hidden_size': 39, 'dropout': 0.22011765975349998, 'hidden_continuous_size': 9, 'attention_head_size': 4, 'learning_rate': 0.013688524918478865}. Best is trial 15 with value: 532.1893920898438.
LOCAL_RANK: 0 - CUDA_VISIBLE_DEVICES: [0]
[I 2023-12-16 04:23:28,986] Trial 22 finished with value: 1893.31689453125 and parameters: {'gradient_clip_val': 0.4281772338629417, 'hidden_size': 72, 'dropout': 0.2731404508554346, 'hidden_continuous_size': 14, 'attention_head_size': 4, 'learning_rate': 0.05409903855505896}. Best is trial 15 with value: 532.1893920898438.
LOCAL_RANK: 0 - CUDA_VISIBLE_DEVICES: [0]
[I 2023-12-16 04:24:19,389] Trial 23 finished with value: 527.491455078125 and parameters: {'gradient_clip_val': 0.27938251076648696, 'hidden_size': 33, 'dropout': 0.22354875728721066, 'hidden_continuous_size': 11, 'attention_head_size': 4, 'learning_rate': 0.03724663696671977}. Best is trial 23 with value: 527.491455078125.
LOCAL_RANK: 0 - CUDA_VISIBLE_DEVICES: [0]
[I 2023-12-16 04:25:09,774] Trial 24 finished with value: 1040.1875 and parameters: {'gradient_clip_val': 0.2625366983770761, 'hidden_size': 33, 'dropout': 0.19707943123409133, 'hidden_continuous_size': 12, 'attention_head_size': 4, 'learning_rate': 0.03362821812314089}. Best is trial 23 with value: 527.491455078125.
LOCAL_RANK: 0 - CUDA_VISIBLE_DEVICES: [0]
[I 2023-12-16 04:26:03,638] Trial 25 finished with value: 726.7688598632812 and parameters: {'gradient_clip_val': 0.19523670373037302, 'hidden_size': 58, 'dropout': 0.2253442046352025, 'hidden_continuous_size': 16, 'attention_head_size': 3, 'learning_rate': 0.06408633214660091}. Best is trial 23 with value: 527.491455078125.
LOCAL_RANK: 0 - CUDA_VISIBLE_DEVICES: [0]
[I 2023-12-16 04:26:56,915] Trial 26 finished with value: 1643.5191650390625 and parameters: {'gradient_clip_val': 0.2017383831059763, 'hidden_size': 54, 'dropout': 0.21129819694027863, 'hidden_continuous_size': 16, 'attention_head_size': 3, 'learning_rate': 0.05239391240138021}. Best is trial 23 with value: 527.491455078125.
LOCAL_RANK: 0 - CUDA_VISIBLE_DEVICES: [0]
[I 2023-12-16 04:27:47,032] Trial 27 finished with value: 1955.109375 and parameters: {'gradient_clip_val': 0.19119882874422314, 'hidden_size': 40, 'dropout': 0.18351068387705252, 'hidden_continuous_size': 10, 'attention_head_size': 2, 'learning_rate': 0.029737283262249628}. Best is trial 23 with value: 527.491455078125.
LOCAL_RANK: 0 - CUDA_VISIBLE_DEVICES: [0]
[I 2023-12-16 04:28:35,576] Trial 28 finished with value: 714.20166015625 and parameters: {'gradient_clip_val': 0.2563263067025956, 'hidden_size': 28, 'dropout': 0.27677292062316766, 'hidden_continuous_size': 11, 'attention_head_size': 3, 'learning_rate': 0.04042917062285961}. Best is trial 23 with value: 527.491455078125.
LOCAL_RANK: 0 - CUDA_VISIBLE_DEVICES: [0]
