[rank: 0] Seed set to 42
[I 2023-12-26 11:21:49,329] A new study created in memory with name: no-name-8f396859-330a-4285-938f-043eddca5692
/home/le004/conda/anaconda3/envs/tsff_env/lib/python3.9/site-packages/lightning/fabric/plugins/environments/slurm.py:191: The `srun` command is available on your system but is not used. HINT: If your intention is to run Lightning on SLURM, prepend your python command with `srun` like so: srun python /home/le004/master_thesis/git/TSFusionForecast/code/ ...
[I 2023-12-26 11:29:11,857] Trial 0 finished with value: 0.17512790858745575 and parameters: {'gradient_clip_val': 0.1344054388549319, 'hidden_size': 81, 'dropout': 0.13350720319935278, 'hidden_continuous_size': 34, 'attention_head_size': 3, 'learning_rate': 0.003195897939162447}. Best is trial 0 with value: 0.17512790858745575.
[I 2023-12-26 11:29:14,326] Trial 1 finished with value: 5.1157917976379395 and parameters: {'gradient_clip_val': 0.5905743156120835, 'hidden_size': 13, 'dropout': 0.3575034445087989, 'hidden_continuous_size': 11, 'attention_head_size': 3, 'learning_rate': 0.004214805023045129}. Best is trial 0 with value: 0.17512790858745575.
[I 2023-12-26 11:29:18,328] Trial 2 finished with value: 4.200553894042969 and parameters: {'gradient_clip_val': 0.7676091033358811, 'hidden_size': 44, 'dropout': 0.3342673896970746, 'hidden_continuous_size': 13, 'attention_head_size': 4, 'learning_rate': 0.0013228193232443727}. Best is trial 0 with value: 0.17512790858745575.
[I 2023-12-26 11:29:26,677] Trial 3 finished with value: 4.852287769317627 and parameters: {'gradient_clip_val': 0.19067378853587394, 'hidden_size': 99, 'dropout': 0.32491815246265554, 'hidden_continuous_size': 23, 'attention_head_size': 3, 'learning_rate': 0.005474292172095359}. Best is trial 0 with value: 0.17512790858745575.
[I 2023-12-26 11:29:29,070] Trial 4 finished with value: 4.304884433746338 and parameters: {'gradient_clip_val': 0.4281705655024171, 'hidden_size': 12, 'dropout': 0.14929322899322833, 'hidden_continuous_size': 9, 'attention_head_size': 4, 'learning_rate': 0.001816227892181062}. Best is trial 0 with value: 0.17512790858745575.
[I 2023-12-26 11:29:32,822] Trial 5 finished with value: 4.975698947906494 and parameters: {'gradient_clip_val': 0.2378711127388799, 'hidden_size': 39, 'dropout': 0.16340954369259442, 'hidden_continuous_size': 29, 'attention_head_size': 1, 'learning_rate': 0.02178996856945681}. Best is trial 0 with value: 0.17512790858745575.
[I 2023-12-26 11:29:36,189] Trial 6 finished with value: 3.4395434856414795 and parameters: {'gradient_clip_val': 0.9234594206386495, 'hidden_size': 34, 'dropout': 0.3752395014465083, 'hidden_continuous_size': 18, 'attention_head_size': 2, 'learning_rate': 0.0010314680607409349}. Best is trial 0 with value: 0.17512790858745575.
[I 2023-12-26 11:29:39,703] Trial 7 finished with value: 3.920604944229126 and parameters: {'gradient_clip_val': 0.1822980385536215, 'hidden_size': 36, 'dropout': 0.1192548220832868, 'hidden_continuous_size': 20, 'attention_head_size': 3, 'learning_rate': 0.0023315320984111827}. Best is trial 0 with value: 0.17512790858745575.
[I 2023-12-26 11:29:41,721] Trial 8 finished with value: 4.907452583312988 and parameters: {'gradient_clip_val': 0.6080990820615813, 'hidden_size': 5, 'dropout': 0.17259587229145168, 'hidden_continuous_size': 5, 'attention_head_size': 2, 'learning_rate': 0.022644177372074324}. Best is trial 0 with value: 0.17512790858745575.
[I 2023-12-26 11:29:46,241] Trial 9 finished with value: 3.6957359313964844 and parameters: {'gradient_clip_val': 0.46049472575200795, 'hidden_size': 55, 'dropout': 0.2791347813364334, 'hidden_continuous_size': 10, 'attention_head_size': 1, 'learning_rate': 0.08725257041751124}. Best is trial 0 with value: 0.17512790858745575.
[I 2023-12-26 11:29:57,716] Trial 10 finished with value: 3.4311180114746094 and parameters: {'gradient_clip_val': 0.10486211231865422, 'hidden_size': 141, 'dropout': 0.47484465321635727, 'hidden_continuous_size': 67, 'attention_head_size': 4, 'learning_rate': 0.000640540584270638}. Best is trial 0 with value: 0.17512790858745575.
[I 2023-12-26 11:30:08,346] Trial 11 finished with value: 2.8729190826416016 and parameters: {'gradient_clip_val': 0.10570797256926084, 'hidden_size': 149, 'dropout': 0.48216624373344136, 'hidden_continuous_size': 76, 'attention_head_size': 4, 'learning_rate': 0.0005044915908840545}. Best is trial 0 with value: 0.17512790858745575.
[I 2023-12-26 11:30:18,995] Trial 12 finished with value: 3.2196152210235596 and parameters: {'gradient_clip_val': 0.10948993729660003, 'hidden_size': 146, 'dropout': 0.48919138117722694, 'hidden_continuous_size': 132, 'attention_head_size': 4, 'learning_rate': 0.0005386725607488612}. Best is trial 0 with value: 0.17512790858745575.
[I 2023-12-26 11:30:25,487] Trial 13 finished with value: 4.047397613525391 and parameters: {'gradient_clip_val': 0.15028908260473467, 'hidden_size': 78, 'dropout': 0.20751511805827053, 'hidden_continuous_size': 42, 'attention_head_size': 3, 'learning_rate': 0.002792259392271804}. Best is trial 0 with value: 0.17512790858745575.
[I 2023-12-26 11:30:31,975] Trial 14 finished with value: 4.7779035568237305 and parameters: {'gradient_clip_val': 0.1387546737346377, 'hidden_size': 79, 'dropout': 0.10178414193806551, 'hidden_continuous_size': 43, 'attention_head_size': 2, 'learning_rate': 0.0005228391910311309}. Best is trial 0 with value: 0.17512790858745575.
[I 2023-12-26 11:30:43,398] Trial 15 finished with value: 3.8550822734832764 and parameters: {'gradient_clip_val': 0.30422220764250213, 'hidden_size': 150, 'dropout': 0.2401533663473447, 'hidden_continuous_size': 85, 'attention_head_size': 4, 'learning_rate': 0.0010406317772168323}. Best is trial 0 with value: 0.17512790858745575.
[I 2023-12-26 11:30:47,915] Trial 16 finished with value: 3.4964237213134766 and parameters: {'gradient_clip_val': 0.10505966671534578, 'hidden_size': 70, 'dropout': 0.421728814371491, 'hidden_continuous_size': 31, 'attention_head_size': 3, 'learning_rate': 0.008685580977787793}. Best is trial 0 with value: 0.17512790858745575.
[I 2023-12-26 11:30:56,819] Trial 17 finished with value: 3.7665979862213135 and parameters: {'gradient_clip_val': 0.14109070572720298, 'hidden_size': 102, 'dropout': 0.28227374296619245, 'hidden_continuous_size': 53, 'attention_head_size': 4, 'learning_rate': 0.0010986422536555102}. Best is trial 0 with value: 0.17512790858745575.
[I 2023-12-26 11:31:01,603] Trial 18 finished with value: 3.5761871337890625 and parameters: {'gradient_clip_val': 0.24242087805355886, 'hidden_size': 61, 'dropout': 0.2379444282534575, 'hidden_continuous_size': 28, 'attention_head_size': 3, 'learning_rate': 0.003302129853766991}. Best is trial 0 with value: 0.17512790858745575.
[I 2023-12-26 11:31:09,569] Trial 19 finished with value: 4.4097185134887695 and parameters: {'gradient_clip_val': 0.12202672041187829, 'hidden_size': 110, 'dropout': 0.4301524798552715, 'hidden_continuous_size': 40, 'attention_head_size': 2, 'learning_rate': 0.0017552158854463866}. Best is trial 0 with value: 0.17512790858745575.
[I 2023-12-26 11:31:17,676] Trial 20 finished with value: 4.299508571624756 and parameters: {'gradient_clip_val': 0.17251253592615537, 'hidden_size': 95, 'dropout': 0.40020568670415746, 'hidden_continuous_size': 64, 'attention_head_size': 4, 'learning_rate': 0.008064560470229177}. Best is trial 0 with value: 0.17512790858745575.
[I 2023-12-26 11:31:29,600] Trial 21 finished with value: 3.604806900024414 and parameters: {'gradient_clip_val': 0.11868158856489137, 'hidden_size': 138, 'dropout': 0.49502034522194444, 'hidden_continuous_size': 136, 'attention_head_size': 4, 'learning_rate': 0.0005108481664703353}. Best is trial 0 with value: 0.17512790858745575.
[I 2023-12-26 11:31:42,738] Trial 22 finished with value: 4.3415398597717285 and parameters: {'gradient_clip_val': 0.10373310481097688, 'hidden_size': 149, 'dropout': 0.4654208702485689, 'hidden_continuous_size': 144, 'attention_head_size': 4, 'learning_rate': 0.000727060258691485}. Best is trial 0 with value: 0.17512790858745575.
[I 2023-12-26 11:31:51,817] Trial 23 finished with value: 4.7597150802612305 and parameters: {'gradient_clip_val': 0.12983572122138534, 'hidden_size': 108, 'dropout': 0.45139477687413565, 'hidden_continuous_size': 86, 'attention_head_size': 3, 'learning_rate': 0.0007935853824268447}. Best is trial 0 with value: 0.17512790858745575.
[I 2023-12-26 11:31:55,486] Trial 24 finished with value: 4.286036968231201 and parameters: {'gradient_clip_val': 0.156550729498392, 'hidden_size': 56, 'dropout': 0.4947584692564896, 'hidden_continuous_size': 35, 'attention_head_size': 4, 'learning_rate': 0.0015422521246597504}. Best is trial 0 with value: 0.17512790858745575.
[I 2023-12-26 11:32:00,701] Trial 25 finished with value: 4.3725361824035645 and parameters: {'gradient_clip_val': 0.12189829041664761, 'hidden_size': 81, 'dropout': 0.3969881506423807, 'hidden_continuous_size': 49, 'attention_head_size': 3, 'learning_rate': 0.0005122069445808342}. Best is trial 0 with value: 0.17512790858745575.
[I 2023-12-26 11:32:10,142] Trial 26 finished with value: 4.551581382751465 and parameters: {'gradient_clip_val': 0.10106262748406579, 'hidden_size': 118, 'dropout': 0.44572188772813026, 'hidden_continuous_size': 97, 'attention_head_size': 4, 'learning_rate': 0.0010617682852043823}. Best is trial 0 with value: 0.17512790858745575.
[I 2023-12-26 11:32:16,529] Trial 27 finished with value: 3.6941120624542236 and parameters: {'gradient_clip_val': 0.1603045514642183, 'hidden_size': 87, 'dropout': 0.4157823479240118, 'hidden_continuous_size': 56, 'attention_head_size': 4, 'learning_rate': 0.0007887092695225487}. Best is trial 0 with value: 0.17512790858745575.
[I 2023-12-26 11:32:25,753] Trial 28 finished with value: 3.877267599105835 and parameters: {'gradient_clip_val': 0.2018600526222552, 'hidden_size': 126, 'dropout': 0.49998570500624284, 'hidden_continuous_size': 105, 'attention_head_size': 3, 'learning_rate': 0.002061497901075545}. Best is trial 0 with value: 0.17512790858745575.
[I 2023-12-26 11:32:30,380] Trial 29 finished with value: 3.831395149230957 and parameters: {'gradient_clip_val': 0.136227780963849, 'hidden_size': 69, 'dropout': 0.3590225893800646, 'hidden_continuous_size': 44, 'attention_head_size': 3, 'learning_rate': 0.0029835129491880066}. Best is trial 0 with value: 0.17512790858745575.
[I 2023-12-26 11:32:38,860] Trial 30 finished with value: 3.9840686321258545 and parameters: {'gradient_clip_val': 0.11856626814501592, 'hidden_size': 120, 'dropout': 0.385714965340038, 'hidden_continuous_size': 59, 'attention_head_size': 2, 'learning_rate': 0.0014752928870099813}. Best is trial 0 with value: 0.17512790858745575.
[I 2023-12-26 11:32:50,484] Trial 31 finished with value: 3.6192166805267334 and parameters: {'gradient_clip_val': 0.10147510937447277, 'hidden_size': 150, 'dropout': 0.4736854647959171, 'hidden_continuous_size': 71, 'attention_head_size': 4, 'learning_rate': 0.0006533210899275039}. Best is trial 0 with value: 0.17512790858745575.
[I 2023-12-26 11:32:59,685] Trial 32 finished with value: 4.292321681976318 and parameters: {'gradient_clip_val': 0.11532540486069637, 'hidden_size': 117, 'dropout': 0.4651319926057804, 'hidden_continuous_size': 75, 'attention_head_size': 4, 'learning_rate': 0.0007607371479367113}. Best is trial 0 with value: 0.17512790858745575.
[I 2023-12-26 11:33:06,678] Trial 33 finished with value: 4.639950752258301 and parameters: {'gradient_clip_val': 0.14188509515485997, 'hidden_size': 93, 'dropout': 0.44069891547467493, 'hidden_continuous_size': 65, 'attention_head_size': 4, 'learning_rate': 0.0010165336222696666}. Best is trial 0 with value: 0.17512790858745575.
[I 2023-12-26 11:33:19,376] Trial 34 finished with value: 3.646432876586914 and parameters: {'gradient_clip_val': 0.10195774638302532, 'hidden_size': 150, 'dropout': 0.33720575117270946, 'hidden_continuous_size': 119, 'attention_head_size': 4, 'learning_rate': 0.0013909763393684274}. Best is trial 0 with value: 0.17512790858745575.
[I 2023-12-26 11:33:26,876] Trial 35 finished with value: 3.785867929458618 and parameters: {'gradient_clip_val': 0.16116540572284987, 'hidden_size': 100, 'dropout': 0.4768358588077684, 'hidden_continuous_size': 64, 'attention_head_size': 4, 'learning_rate': 0.0005079953671358385}. Best is trial 0 with value: 0.17512790858745575.
[I 2023-12-26 11:33:31,022] Trial 36 finished with value: 3.6461687088012695 and parameters: {'gradient_clip_val': 0.12595355290662463, 'hidden_size': 45, 'dropout': 0.41547921192605364, 'hidden_continuous_size': 37, 'attention_head_size': 4, 'learning_rate': 0.0006800166318798994}. Best is trial 0 with value: 0.17512790858745575.
[I 2023-12-26 11:33:41,333] Trial 37 finished with value: 3.0852248668670654 and parameters: {'gradient_clip_val': 0.11545883502165859, 'hidden_size': 122, 'dropout': 0.4488513968169638, 'hidden_continuous_size': 89, 'attention_head_size': 3, 'learning_rate': 0.0012390084419566937}. Best is trial 0 with value: 0.17512790858745575.
[I 2023-12-26 11:33:47,997] Trial 38 finished with value: 2.7872345447540283 and parameters: {'gradient_clip_val': 0.18014359590319448, 'hidden_size': 88, 'dropout': 0.444800228466682, 'hidden_continuous_size': 50, 'attention_head_size': 3, 'learning_rate': 0.0021554963659864384}. Best is trial 0 with value: 0.17512790858745575.
[I 2023-12-26 11:33:51,290] Trial 39 finished with value: 3.7207839488983154 and parameters: {'gradient_clip_val': 0.199245066588308, 'hidden_size': 26, 'dropout': 0.31607712261920795, 'hidden_continuous_size': 23, 'attention_head_size': 3, 'learning_rate': 0.003982569580724331}. Best is trial 0 with value: 0.17512790858745575.
[I 2023-12-26 11:33:57,638] Trial 40 finished with value: 4.322758674621582 and parameters: {'gradient_clip_val': 0.18138632167506774, 'hidden_size': 92, 'dropout': 0.36466739959775707, 'hidden_continuous_size': 49, 'attention_head_size': 2, 'learning_rate': 0.0020803114677518785}. Best is trial 0 with value: 0.17512790858745575.
[I 2023-12-26 11:34:05,912] Trial 41 finished with value: 3.511871576309204 and parameters: {'gradient_clip_val': 0.14491538996283598, 'hidden_size': 123, 'dropout': 0.4501843239524465, 'hidden_continuous_size': 90, 'attention_head_size': 3, 'learning_rate': 0.00234903819467295}. Best is trial 0 with value: 0.17512790858745575.
[I 2023-12-26 11:34:13,708] Trial 42 finished with value: 3.1649744510650635 and parameters: {'gradient_clip_val': 0.11538987693226295, 'hidden_size': 120, 'dropout': 0.44069034703593735, 'hidden_continuous_size': 79, 'attention_head_size': 3, 'learning_rate': 0.0012847936230935292}. Best is trial 0 with value: 0.17512790858745575.
[I 2023-12-26 11:34:18,251] Trial 43 finished with value: 4.145063877105713 and parameters: {'gradient_clip_val': 0.12883814090752563, 'hidden_size': 69, 'dropout': 0.3841791516533908, 'hidden_continuous_size': 57, 'attention_head_size': 3, 'learning_rate': 0.0013179052794460757}. Best is trial 0 with value: 0.17512790858745575.
[I 2023-12-26 11:34:25,237] Trial 44 finished with value: 4.582231044769287 and parameters: {'gradient_clip_val': 0.11395148692743741, 'hidden_size': 103, 'dropout': 0.4301338446120801, 'hidden_continuous_size': 76, 'attention_head_size': 3, 'learning_rate': 0.0016991256439431526}. Best is trial 0 with value: 0.17512790858745575.
[I 2023-12-26 11:34:30,496] Trial 45 finished with value: 3.762460470199585 and parameters: {'gradient_clip_val': 0.13087045991417098, 'hidden_size': 84, 'dropout': 0.3403721329599254, 'hidden_continuous_size': 50, 'attention_head_size': 3, 'learning_rate': 0.002479948418082616}. Best is trial 0 with value: 0.17512790858745575.
[I 2023-12-26 11:34:39,367] Trial 46 finished with value: 3.8306076526641846 and parameters: {'gradient_clip_val': 0.15223422383041865, 'hidden_size': 126, 'dropout': 0.14694201780111782, 'hidden_continuous_size': 98, 'attention_head_size': 2, 'learning_rate': 0.0053434288478539154}. Best is trial 0 with value: 0.17512790858745575.
[I 2023-12-26 11:34:46,803] Trial 47 finished with value: 3.465217351913452 and parameters: {'gradient_clip_val': 0.11181477896082152, 'hidden_size': 109, 'dropout': 0.4616536917437679, 'hidden_continuous_size': 80, 'attention_head_size': 3, 'learning_rate': 0.0019361577600799007}. Best is trial 0 with value: 0.17512790858745575.
[I 2023-12-26 11:34:51,582] Trial 48 finished with value: 3.6678760051727295 and parameters: {'gradient_clip_val': 0.1679573386978823, 'hidden_size': 74, 'dropout': 0.40368795591439677, 'hidden_continuous_size': 62, 'attention_head_size': 1, 'learning_rate': 0.0012277945378233615}. Best is trial 0 with value: 0.17512790858745575.
[I 2023-12-26 11:34:57,124] Trial 49 finished with value: 4.612330913543701 and parameters: {'gradient_clip_val': 0.14539755232274482, 'hidden_size': 83, 'dropout': 0.47857552529730096, 'hidden_continuous_size': 73, 'attention_head_size': 3, 'learning_rate': 0.0009066076570532683}. Best is trial 0 with value: 0.17512790858745575.
[I 2023-12-26 11:34:57,254] A new study created in memory with name: no-name-8be06d8f-b82b-4d95-ac4e-5d6094aa280f
/home/le004/conda/anaconda3/envs/tsff_env/lib/python3.9/site-packages/lightning/fabric/plugins/environments/slurm.py:191: The `srun` command is available on your system but is not used. HINT: If your intention is to run Lightning on SLURM, prepend your python command with `srun` like so: srun python /home/le004/master_thesis/git/TSFusionForecast/code/ ...
[I 2023-12-26 11:57:48,615] Trial 0 finished with value: 0.04183991253376007 and parameters: {'gradient_clip_val': 0.8299407212402817, 'hidden_size': 137, 'dropout': 0.12307123422397895, 'hidden_continuous_size': 45, 'attention_head_size': 2, 'learning_rate': 0.001470217973665919}. Best is trial 0 with value: 0.04183991253376007.
[I 2023-12-26 12:01:22,830] Trial 1 finished with value: 0.06208068132400513 and parameters: {'gradient_clip_val': 0.6510325582993346, 'hidden_size': 69, 'dropout': 0.19019389650139906, 'hidden_continuous_size': 33, 'attention_head_size': 2, 'learning_rate': 0.0005781528290988833}. Best is trial 0 with value: 0.04183991253376007.
[I 2023-12-26 12:01:25,273] Trial 2 finished with value: 1.5869145393371582 and parameters: {'gradient_clip_val': 0.7903777984998124, 'hidden_size': 27, 'dropout': 0.40311090982761166, 'hidden_continuous_size': 12, 'attention_head_size': 3, 'learning_rate': 0.0715548325390707}. Best is trial 0 with value: 0.04183991253376007.
[I 2023-12-26 12:01:30,811] Trial 3 finished with value: 1.8194175958633423 and parameters: {'gradient_clip_val': 0.42258541022459195, 'hidden_size': 91, 'dropout': 0.12027960418434916, 'hidden_continuous_size': 6, 'attention_head_size': 1, 'learning_rate': 0.05277554312244599}. Best is trial 0 with value: 0.04183991253376007.
[I 2023-12-26 12:01:34,435] Trial 4 finished with value: 1.7293314933776855 and parameters: {'gradient_clip_val': 0.1595847730248313, 'hidden_size': 55, 'dropout': 0.15226347858982603, 'hidden_continuous_size': 30, 'attention_head_size': 4, 'learning_rate': 0.011154523590000623}. Best is trial 0 with value: 0.04183991253376007.
[I 2023-12-26 12:01:36,303] Trial 5 finished with value: 1.5833834409713745 and parameters: {'gradient_clip_val': 0.31055008504665016, 'hidden_size': 8, 'dropout': 0.24535582739376746, 'hidden_continuous_size': 5, 'attention_head_size': 3, 'learning_rate': 0.0012904482813734356}. Best is trial 0 with value: 0.04183991253376007.
[I 2023-12-26 12:01:38,071] Trial 6 finished with value: 1.433639407157898 and parameters: {'gradient_clip_val': 0.25774172258841627, 'hidden_size': 5, 'dropout': 0.2179860010291831, 'hidden_continuous_size': 5, 'attention_head_size': 3, 'learning_rate': 0.050313900515279945}. Best is trial 0 with value: 0.04183991253376007.
[I 2023-12-26 12:01:41,721] Trial 7 finished with value: 1.3709863424301147 and parameters: {'gradient_clip_val': 0.2516610039542011, 'hidden_size': 64, 'dropout': 0.36079770234539266, 'hidden_continuous_size': 24, 'attention_head_size': 2, 'learning_rate': 0.07758874608193218}. Best is trial 0 with value: 0.04183991253376007.
[I 2023-12-26 12:01:50,392] Trial 8 finished with value: 1.3059428930282593 and parameters: {'gradient_clip_val': 0.16497871992668883, 'hidden_size': 136, 'dropout': 0.1438412796197111, 'hidden_continuous_size': 55, 'attention_head_size': 3, 'learning_rate': 0.0031878843124977683}. Best is trial 0 with value: 0.04183991253376007.
[I 2023-12-26 12:01:52,551] Trial 9 finished with value: 1.449082374572754 and parameters: {'gradient_clip_val': 0.10448145117183556, 'hidden_size': 18, 'dropout': 0.35903716102072214, 'hidden_continuous_size': 16, 'attention_head_size': 4, 'learning_rate': 0.0006128824602781144}. Best is trial 0 with value: 0.04183991253376007.
[I 2023-12-26 12:02:02,980] Trial 10 finished with value: 1.2060755491256714 and parameters: {'gradient_clip_val': 0.9411476206219757, 'hidden_size': 148, 'dropout': 0.48552372258870374, 'hidden_continuous_size': 123, 'attention_head_size': 1, 'learning_rate': 0.0035322896600736837}. Best is trial 0 with value: 0.04183991253376007.
[I 2023-12-26 12:02:07,378] Trial 11 finished with value: 1.553248405456543 and parameters: {'gradient_clip_val': 0.625329677740252, 'hidden_size': 70, 'dropout': 0.19500074188297292, 'hidden_continuous_size': 35, 'attention_head_size': 2, 'learning_rate': 0.0005875493166849503}. Best is trial 0 with value: 0.04183991253376007.
[I 2023-12-26 12:02:10,046] Trial 12 finished with value: 1.991355538368225 and parameters: {'gradient_clip_val': 0.5876113289524325, 'hidden_size': 40, 'dropout': 0.10612132347614868, 'hidden_continuous_size': 10, 'attention_head_size': 2, 'learning_rate': 0.0015685019385520535}. Best is trial 0 with value: 0.04183991253376007.
