[I 2023-12-26 16:40:27,971] Trial 41 finished with value: 3.6651430130004883 and parameters: {'gradient_clip_val': 0.1592769850208294, 'hidden_size': 104, 'dropout': 0.13933760813799762, 'hidden_continuous_size': 31, 'attention_head_size': 3, 'learning_rate': 0.004000725756945834}. Best is trial 0 with value: 0.051584288477897644.
[I 2023-12-26 16:40:33,047] Trial 42 finished with value: 3.3661365509033203 and parameters: {'gradient_clip_val': 0.12055178089944929, 'hidden_size': 83, 'dropout': 0.1718310548920502, 'hidden_continuous_size': 33, 'attention_head_size': 3, 'learning_rate': 0.0057525521199399765}. Best is trial 0 with value: 0.051584288477897644.
[I 2023-12-26 16:40:40,243] Trial 43 finished with value: 4.7994513511657715 and parameters: {'gradient_clip_val': 0.20274468657989306, 'hidden_size': 123, 'dropout': 0.2311172125138179, 'hidden_continuous_size': 7, 'attention_head_size': 3, 'learning_rate': 0.003174990351692439}. Best is trial 0 with value: 0.051584288477897644.
[I 2023-12-26 16:40:44,079] Trial 44 finished with value: 3.8547096252441406 and parameters: {'gradient_clip_val': 0.2511325533952634, 'hidden_size': 70, 'dropout': 0.36026610835956374, 'hidden_continuous_size': 5, 'attention_head_size': 2, 'learning_rate': 0.002284553720471308}. Best is trial 0 with value: 0.051584288477897644.
[I 2023-12-26 16:40:46,332] Trial 45 finished with value: 2.5928080081939697 and parameters: {'gradient_clip_val': 0.3167190873861671, 'hidden_size': 23, 'dropout': 0.20001990439746398, 'hidden_continuous_size': 11, 'attention_head_size': 3, 'learning_rate': 0.00720682492793527}. Best is trial 0 with value: 0.051584288477897644.
[I 2023-12-26 16:40:48,825] Trial 46 finished with value: 3.643529176712036 and parameters: {'gradient_clip_val': 0.3061722646842492, 'hidden_size': 31, 'dropout': 0.2058466998340789, 'hidden_continuous_size': 9, 'attention_head_size': 3, 'learning_rate': 0.00765986145458066}. Best is trial 0 with value: 0.051584288477897644.
[I 2023-12-26 16:40:51,030] Trial 47 finished with value: 2.508342981338501 and parameters: {'gradient_clip_val': 0.3748686395361546, 'hidden_size': 24, 'dropout': 0.2368324896031519, 'hidden_continuous_size': 13, 'attention_head_size': 4, 'learning_rate': 0.018960584746256136}. Best is trial 0 with value: 0.051584288477897644.
[I 2023-12-26 16:40:53,316] Trial 48 finished with value: 3.4672744274139404 and parameters: {'gradient_clip_val': 0.3824411741580928, 'hidden_size': 23, 'dropout': 0.18697703991722867, 'hidden_continuous_size': 11, 'attention_head_size': 4, 'learning_rate': 0.016962236546656764}. Best is trial 0 with value: 0.051584288477897644.
[I 2023-12-26 16:40:55,437] Trial 49 finished with value: 3.9995572566986084 and parameters: {'gradient_clip_val': 0.29614135090406485, 'hidden_size': 15, 'dropout': 0.25140351928280286, 'hidden_continuous_size': 11, 'attention_head_size': 3, 'learning_rate': 0.02524499950640538}. Best is trial 0 with value: 0.051584288477897644.
[I 2023-12-26 16:40:55,561] A new study created in memory with name: no-name-0fc88f9b-37b5-4b76-afff-2647593a16be
/home/le004/conda/anaconda3/envs/tsff_env/lib/python3.9/site-packages/lightning/fabric/plugins/environments/slurm.py:191: The `srun` command is available on your system but is not used. HINT: If your intention is to run Lightning on SLURM, prepend your python command with `srun` like so: srun python /home/le004/master_thesis/git/TSFusionForecast/code/ ...
[I 2023-12-26 16:45:11,124] Trial 0 finished with value: 0.06143813952803612 and parameters: {'gradient_clip_val': 0.2894963752352121, 'hidden_size': 6, 'dropout': 0.20781554179337053, 'hidden_continuous_size': 5, 'attention_head_size': 4, 'learning_rate': 0.011388357766366309}. Best is trial 0 with value: 0.06143813952803612.
[I 2023-12-26 16:45:19,063] Trial 1 finished with value: 4.002710819244385 and parameters: {'gradient_clip_val': 0.6375980688984173, 'hidden_size': 105, 'dropout': 0.11503672184160636, 'hidden_continuous_size': 17, 'attention_head_size': 4, 'learning_rate': 0.005152094910596168}. Best is trial 0 with value: 0.06143813952803612.
[I 2023-12-26 16:45:28,824] Trial 2 finished with value: 3.0425808429718018 and parameters: {'gradient_clip_val': 0.19657601653367068, 'hidden_size': 132, 'dropout': 0.4704609776329741, 'hidden_continuous_size': 6, 'attention_head_size': 4, 'learning_rate': 0.035110030613171576}. Best is trial 0 with value: 0.06143813952803612.
[I 2023-12-26 16:45:31,541] Trial 3 finished with value: 3.182107925415039 and parameters: {'gradient_clip_val': 0.19641923605080905, 'hidden_size': 22, 'dropout': 0.3587218798022903, 'hidden_continuous_size': 6, 'attention_head_size': 2, 'learning_rate': 0.07258126479261842}. Best is trial 0 with value: 0.06143813952803612.
[I 2023-12-26 16:45:33,554] Trial 4 finished with value: 3.8425185680389404 and parameters: {'gradient_clip_val': 0.5619146171951827, 'hidden_size': 9, 'dropout': 0.3878153345398937, 'hidden_continuous_size': 9, 'attention_head_size': 3, 'learning_rate': 0.03105592734835541}. Best is trial 0 with value: 0.06143813952803612.
[I 2023-12-26 16:45:35,588] Trial 5 finished with value: 3.055908441543579 and parameters: {'gradient_clip_val': 0.4080605154130677, 'hidden_size': 6, 'dropout': 0.47016592028603976, 'hidden_continuous_size': 5, 'attention_head_size': 3, 'learning_rate': 0.005542559985374998}. Best is trial 0 with value: 0.06143813952803612.
[I 2023-12-26 16:45:37,560] Trial 6 finished with value: 4.385166168212891 and parameters: {'gradient_clip_val': 0.15889855980799492, 'hidden_size': 9, 'dropout': 0.38170135772876623, 'hidden_continuous_size': 9, 'attention_head_size': 1, 'learning_rate': 0.07335722160009718}. Best is trial 0 with value: 0.06143813952803612.
[I 2023-12-26 16:45:39,672] Trial 7 finished with value: 3.6398870944976807 and parameters: {'gradient_clip_val': 0.2787736252655499, 'hidden_size': 13, 'dropout': 0.2299228449920889, 'hidden_continuous_size': 13, 'attention_head_size': 1, 'learning_rate': 0.07515485664002063}. Best is trial 0 with value: 0.06143813952803612.
[I 2023-12-26 16:45:41,825] Trial 8 finished with value: 4.802208423614502 and parameters: {'gradient_clip_val': 0.10682597397972136, 'hidden_size': 9, 'dropout': 0.10023018037151608, 'hidden_continuous_size': 5, 'attention_head_size': 3, 'learning_rate': 0.07626132878215486}. Best is trial 0 with value: 0.06143813952803612.
[I 2023-12-26 16:45:43,949] Trial 9 finished with value: 3.972811460494995 and parameters: {'gradient_clip_val': 0.4491265555787102, 'hidden_size': 7, 'dropout': 0.16652963724541686, 'hidden_continuous_size': 5, 'attention_head_size': 4, 'learning_rate': 0.003870155192763828}. Best is trial 0 with value: 0.06143813952803612.
[I 2023-12-26 16:45:45,837] Trial 10 finished with value: 4.391188621520996 and parameters: {'gradient_clip_val': 0.9116273231256005, 'hidden_size': 5, 'dropout': 0.25856942812513933, 'hidden_continuous_size': 5, 'attention_head_size': 2, 'learning_rate': 0.000637630104320089}. Best is trial 0 with value: 0.06143813952803612.
[I 2023-12-26 16:45:52,067] Trial 11 finished with value: 4.224589824676514 and parameters: {'gradient_clip_val': 0.2907582853471856, 'hidden_size': 74, 'dropout': 0.4912682041773314, 'hidden_continuous_size': 46, 'attention_head_size': 4, 'learning_rate': 0.019208494905438515}. Best is trial 0 with value: 0.06143813952803612.
[I 2023-12-26 16:45:55,504] Trial 12 finished with value: 3.942487955093384 and parameters: {'gradient_clip_val': 0.21235597605737488, 'hidden_size': 42, 'dropout': 0.2901692908632883, 'hidden_continuous_size': 7, 'attention_head_size': 4, 'learning_rate': 0.015884469640690388}. Best is trial 0 with value: 0.06143813952803612.
[I 2023-12-26 16:46:04,933] Trial 13 finished with value: 4.416374683380127 and parameters: {'gradient_clip_val': 0.3316863770107919, 'hidden_size': 125, 'dropout': 0.2209474094984499, 'hidden_continuous_size': 27, 'attention_head_size': 4, 'learning_rate': 0.011790076188696794}. Best is trial 0 with value: 0.06143813952803612.
[I 2023-12-26 16:46:08,320] Trial 14 finished with value: 2.8573524951934814 and parameters: {'gradient_clip_val': 0.14372432426239798, 'hidden_size': 41, 'dropout': 0.32693344779886135, 'hidden_continuous_size': 8, 'attention_head_size': 3, 'learning_rate': 0.033006572360869714}. Best is trial 0 with value: 0.06143813952803612.
[I 2023-12-26 16:46:11,227] Trial 15 finished with value: 3.777454137802124 and parameters: {'gradient_clip_val': 0.10148986266493298, 'hidden_size': 23, 'dropout': 0.32379531105239767, 'hidden_continuous_size': 7, 'attention_head_size': 3, 'learning_rate': 0.00954274009206928}. Best is trial 0 with value: 0.06143813952803612.
[I 2023-12-26 16:46:14,673] Trial 16 finished with value: 2.7213633060455322 and parameters: {'gradient_clip_val': 0.13908524268923048, 'hidden_size': 41, 'dropout': 0.1904203238919166, 'hidden_continuous_size': 9, 'attention_head_size': 2, 'learning_rate': 0.029017706221850903}. Best is trial 0 with value: 0.06143813952803612.
[I 2023-12-26 16:46:17,259] Trial 17 finished with value: 4.12797212600708 and parameters: {'gradient_clip_val': 0.24527487004963017, 'hidden_size': 17, 'dropout': 0.1863088057078406, 'hidden_continuous_size': 6, 'attention_head_size': 2, 'learning_rate': 0.003323458072057531}. Best is trial 0 with value: 0.06143813952803612.
[I 2023-12-26 16:46:21,037] Trial 18 finished with value: 3.869020700454712 and parameters: {'gradient_clip_val': 0.13628721025464755, 'hidden_size': 35, 'dropout': 0.16046952270764994, 'hidden_continuous_size': 11, 'attention_head_size': 2, 'learning_rate': 0.00732143167191259}. Best is trial 0 with value: 0.06143813952803612.
[I 2023-12-26 16:46:23,006] Trial 19 finished with value: 3.7359397411346436 and parameters: {'gradient_clip_val': 0.3563554037812207, 'hidden_size': 5, 'dropout': 0.20702118804559158, 'hidden_continuous_size': 5, 'attention_head_size': 1, 'learning_rate': 0.01777201338100042}. Best is trial 0 with value: 0.06143813952803612.
[I 2023-12-26 16:46:25,557] Trial 20 finished with value: 3.599768877029419 and parameters: {'gradient_clip_val': 0.23817790285587445, 'hidden_size': 14, 'dropout': 0.2657733653024627, 'hidden_continuous_size': 7, 'attention_head_size': 2, 'learning_rate': 0.0025470871802841413}. Best is trial 0 with value: 0.06143813952803612.
[I 2023-12-26 16:46:29,281] Trial 21 finished with value: 3.294072151184082 and parameters: {'gradient_clip_val': 0.1381009610141837, 'hidden_size': 43, 'dropout': 0.2540153178888268, 'hidden_continuous_size': 9, 'attention_head_size': 3, 'learning_rate': 0.03534349229070361}. Best is trial 0 with value: 0.06143813952803612.
[I 2023-12-26 16:46:31,798] Trial 22 finished with value: 4.254924774169922 and parameters: {'gradient_clip_val': 0.16651340703104137, 'hidden_size': 31, 'dropout': 0.3071722206048008, 'hidden_continuous_size': 8, 'attention_head_size': 3, 'learning_rate': 0.02599866269318904}. Best is trial 0 with value: 0.06143813952803612.
[I 2023-12-26 16:46:35,337] Trial 23 finished with value: 4.510557651519775 and parameters: {'gradient_clip_val': 0.17043580445780593, 'hidden_size': 57, 'dropout': 0.1425433022716508, 'hidden_continuous_size': 11, 'attention_head_size': 2, 'learning_rate': 0.011920329087772215}. Best is trial 0 with value: 0.06143813952803612.
[I 2023-12-26 16:46:37,655] Trial 24 finished with value: 3.021141290664673 and parameters: {'gradient_clip_val': 0.13384325557435242, 'hidden_size': 27, 'dropout': 0.1953289373297543, 'hidden_continuous_size': 8, 'attention_head_size': 3, 'learning_rate': 0.045796925180663244}. Best is trial 0 with value: 0.06143813952803612.
[I 2023-12-26 16:46:41,731] Trial 25 finished with value: 3.985229253768921 and parameters: {'gradient_clip_val': 0.11923523246206187, 'hidden_size': 54, 'dropout': 0.23158651038800138, 'hidden_continuous_size': 18, 'attention_head_size': 2, 'learning_rate': 0.049992216866531505}. Best is trial 0 with value: 0.06143813952803612.
[I 2023-12-26 16:46:44,604] Trial 26 finished with value: 4.134834289550781 and parameters: {'gradient_clip_val': 0.12248720581824331, 'hidden_size': 34, 'dropout': 0.13716700955161099, 'hidden_continuous_size': 6, 'attention_head_size': 3, 'learning_rate': 0.023270654277062337}. Best is trial 0 with value: 0.06143813952803612.
[I 2023-12-26 16:46:46,998] Trial 27 finished with value: 3.535764455795288 and parameters: {'gradient_clip_val': 0.15872818913011733, 'hidden_size': 19, 'dropout': 0.217778405781111, 'hidden_continuous_size': 8, 'attention_head_size': 4, 'learning_rate': 0.015364233528355354}. Best is trial 0 with value: 0.06143813952803612.
[I 2023-12-26 16:46:49,290] Trial 28 finished with value: 3.8353779315948486 and parameters: {'gradient_clip_val': 0.2557571634706846, 'hidden_size': 27, 'dropout': 0.18045562326567569, 'hidden_continuous_size': 10, 'attention_head_size': 1, 'learning_rate': 0.021840136388662307}. Best is trial 0 with value: 0.06143813952803612.
[I 2023-12-26 16:46:54,273] Trial 29 finished with value: 3.904808759689331 and parameters: {'gradient_clip_val': 0.2232818452112896, 'hidden_size': 76, 'dropout': 0.13087025472207697, 'hidden_continuous_size': 14, 'attention_head_size': 4, 'learning_rate': 0.09662731951635876}. Best is trial 0 with value: 0.06143813952803612.
[I 2023-12-26 16:46:59,468] Trial 30 finished with value: 3.4308412075042725 and parameters: {'gradient_clip_val': 0.18358719950552088, 'hidden_size': 88, 'dropout': 0.16284375870026407, 'hidden_continuous_size': 15, 'attention_head_size': 3, 'learning_rate': 0.045940690752194285}. Best is trial 0 with value: 0.06143813952803612.
[I 2023-12-26 16:47:01,837] Trial 31 finished with value: 3.3335015773773193 and parameters: {'gradient_clip_val': 0.13878964685873657, 'hidden_size': 27, 'dropout': 0.20319127722690125, 'hidden_continuous_size': 8, 'attention_head_size': 3, 'learning_rate': 0.04242125055832906}. Best is trial 0 with value: 0.06143813952803612.
[I 2023-12-26 16:47:04,863] Trial 32 finished with value: 3.7301743030548096 and parameters: {'gradient_clip_val': 0.11490429475506576, 'hidden_size': 52, 'dropout': 0.1959962103458776, 'hidden_continuous_size': 11, 'attention_head_size': 3, 'learning_rate': 0.02875732097781535}. Best is trial 0 with value: 0.06143813952803612.
[I 2023-12-26 16:47:07,370] Trial 33 finished with value: 3.894049882888794 and parameters: {'gradient_clip_val': 0.1888159971133922, 'hidden_size': 40, 'dropout': 0.1200589513029622, 'hidden_continuous_size': 6, 'attention_head_size': 2, 'learning_rate': 0.049771977619457175}. Best is trial 0 with value: 0.06143813952803612.
[I 2023-12-26 16:47:09,649] Trial 34 finished with value: 3.773578643798828 and parameters: {'gradient_clip_val': 0.14578241463106997, 'hidden_size': 23, 'dropout': 0.18382772044365697, 'hidden_continuous_size': 7, 'attention_head_size': 4, 'learning_rate': 0.0366990443810936}. Best is trial 0 with value: 0.06143813952803612.
[I 2023-12-26 16:47:12,094] Trial 35 finished with value: 3.500340700149536 and parameters: {'gradient_clip_val': 0.19377518496348478, 'hidden_size': 29, 'dropout': 0.24704555815295004, 'hidden_continuous_size': 10, 'attention_head_size': 3, 'learning_rate': 0.028318732503324524}. Best is trial 0 with value: 0.06143813952803612.
[I 2023-12-26 16:47:14,243] Trial 36 finished with value: 2.6014018058776855 and parameters: {'gradient_clip_val': 0.10001303301045024, 'hidden_size': 19, 'dropout': 0.27053228284439224, 'hidden_continuous_size': 8, 'attention_head_size': 2, 'learning_rate': 0.05488503712488182}. Best is trial 0 with value: 0.06143813952803612.
[I 2023-12-26 16:47:16,369] Trial 37 finished with value: 3.0907180309295654 and parameters: {'gradient_clip_val': 0.11439029241865871, 'hidden_size': 11, 'dropout': 0.28772596977718473, 'hidden_continuous_size': 6, 'attention_head_size': 2, 'learning_rate': 0.0592897087301688}. Best is trial 0 with value: 0.06143813952803612.
[I 2023-12-26 16:47:18,553] Trial 38 finished with value: 4.318171977996826 and parameters: {'gradient_clip_val': 0.1002918943799402, 'hidden_size': 7, 'dropout': 0.3508611783579384, 'hidden_continuous_size': 5, 'attention_head_size': 1, 'learning_rate': 0.0306338204331021}. Best is trial 0 with value: 0.06143813952803612.
[I 2023-12-26 16:47:20,634] Trial 39 finished with value: 5.497889995574951 and parameters: {'gradient_clip_val': 0.15131423635896663, 'hidden_size': 14, 'dropout': 0.23200697514584392, 'hidden_continuous_size': 7, 'attention_head_size': 2, 'learning_rate': 0.09958534216696466}. Best is trial 0 with value: 0.06143813952803612.
[I 2023-12-26 16:47:22,720] Trial 40 finished with value: 3.1675031185150146 and parameters: {'gradient_clip_val': 0.12400459857063148, 'hidden_size': 18, 'dropout': 0.2718208308762952, 'hidden_continuous_size': 9, 'attention_head_size': 2, 'learning_rate': 0.05911926896680283}. Best is trial 0 with value: 0.06143813952803612.
[I 2023-12-26 16:47:25,004] Trial 41 finished with value: 2.868504524230957 and parameters: {'gradient_clip_val': 0.12744454500690833, 'hidden_size': 21, 'dropout': 0.24228846718500635, 'hidden_continuous_size': 8, 'attention_head_size': 3, 'learning_rate': 0.03766265591052789}. Best is trial 0 with value: 0.06143813952803612.
[I 2023-12-26 16:47:27,516] Trial 42 finished with value: 3.363107442855835 and parameters: {'gradient_clip_val': 0.10859094690554781, 'hidden_size': 21, 'dropout': 0.244981564044356, 'hidden_continuous_size': 9, 'attention_head_size': 2, 'learning_rate': 0.03767819342185399}. Best is trial 0 with value: 0.06143813952803612.
[I 2023-12-26 16:47:29,594] Trial 43 finished with value: 4.27672004699707 and parameters: {'gradient_clip_val': 0.12821739160029919, 'hidden_size': 10, 'dropout': 0.2711740563009278, 'hidden_continuous_size': 5, 'attention_head_size': 3, 'learning_rate': 0.022427014690123852}. Best is trial 0 with value: 0.06143813952803612.
[I 2023-12-26 16:47:31,624] Trial 44 finished with value: 5.338491439819336 and parameters: {'gradient_clip_val': 0.17316251525926463, 'hidden_size': 16, 'dropout': 0.31297215214690066, 'hidden_continuous_size': 8, 'attention_head_size': 4, 'learning_rate': 0.06860812997745194}. Best is trial 0 with value: 0.06143813952803612.
[I 2023-12-26 16:47:33,521] Trial 45 finished with value: 4.579655647277832 and parameters: {'gradient_clip_val': 0.15485182645904758, 'hidden_size': 8, 'dropout': 0.21678916226690587, 'hidden_continuous_size': 5, 'attention_head_size': 2, 'learning_rate': 0.03211303019616997}. Best is trial 0 with value: 0.06143813952803612.
[I 2023-12-26 16:47:36,101] Trial 46 finished with value: 3.8822219371795654 and parameters: {'gradient_clip_val': 0.11057391910536861, 'hidden_size': 12, 'dropout': 0.3282350049852717, 'hidden_continuous_size': 7, 'attention_head_size': 4, 'learning_rate': 0.059724637321387546}. Best is trial 0 with value: 0.06143813952803612.
[I 2023-12-26 16:47:38,895] Trial 47 finished with value: 4.098216533660889 and parameters: {'gradient_clip_val': 0.10012704621281175, 'hidden_size': 24, 'dropout': 0.28701891660194484, 'hidden_continuous_size': 10, 'attention_head_size': 3, 'learning_rate': 0.019995620616795613}. Best is trial 0 with value: 0.06143813952803612.
[I 2023-12-26 16:47:41,483] Trial 48 finished with value: 3.9825127124786377 and parameters: {'gradient_clip_val': 0.12607658512850495, 'hidden_size': 15, 'dropout': 0.40691095944616057, 'hidden_continuous_size': 8, 'attention_head_size': 2, 'learning_rate': 0.0261449128518498}. Best is trial 0 with value: 0.06143813952803612.
[I 2023-12-26 16:47:43,823] Trial 49 finished with value: 4.421429634094238 and parameters: {'gradient_clip_val': 0.20764082566248016, 'hidden_size': 18, 'dropout': 0.24103616107502907, 'hidden_continuous_size': 6, 'attention_head_size': 1, 'learning_rate': 0.03718978915505092}. Best is trial 0 with value: 0.06143813952803612.
[I 2023-12-26 16:47:43,946] A new study created in memory with name: no-name-ec927f3d-1466-41cd-9a5f-20b273f82ee5
/home/le004/conda/anaconda3/envs/tsff_env/lib/python3.9/site-packages/lightning/fabric/plugins/environments/slurm.py:191: The `srun` command is available on your system but is not used. HINT: If your intention is to run Lightning on SLURM, prepend your python command with `srun` like so: srun python /home/le004/master_thesis/git/TSFusionForecast/code/ ...
[I 2023-12-26 16:52:33,521] Trial 0 finished with value: 0.06906741112470627 and parameters: {'gradient_clip_val': 0.5254222293758658, 'hidden_size': 27, 'dropout': 0.33795892182889653, 'hidden_continuous_size': 14, 'attention_head_size': 4, 'learning_rate': 0.010354757645652635}. Best is trial 0 with value: 0.06906741112470627.
[I 2023-12-26 16:52:35,622] Trial 1 finished with value: 3.2557661533355713 and parameters: {'gradient_clip_val': 0.319736979788267, 'hidden_size': 9, 'dropout': 0.38772673187134976, 'hidden_continuous_size': 6, 'attention_head_size': 3, 'learning_rate': 0.006433697619359384}. Best is trial 0 with value: 0.06906741112470627.
[I 2023-12-26 16:52:37,918] Trial 2 finished with value: 4.293318271636963 and parameters: {'gradient_clip_val': 0.1338790282942019, 'hidden_size': 21, 'dropout': 0.3914750115613689, 'hidden_continuous_size': 21, 'attention_head_size': 1, 'learning_rate': 0.01644266547661477}. Best is trial 0 with value: 0.06906741112470627.
[I 2023-12-26 16:52:40,386] Trial 3 finished with value: 3.135993719100952 and parameters: {'gradient_clip_val': 0.2641027448745244, 'hidden_size': 18, 'dropout': 0.3228402771833381, 'hidden_continuous_size': 7, 'attention_head_size': 4, 'learning_rate': 0.006755092489212002}. Best is trial 0 with value: 0.06906741112470627.
