[I 2023-12-16 09:55:01,590] Trial 33 finished with value: 6517.64013671875 and parameters: {'gradient_clip_val': 0.8385322839801994, 'hidden_size': 13, 'dropout': 0.15751571532774436, 'hidden_continuous_size': 8, 'attention_head_size': 4, 'learning_rate': 0.0030388296755092183}. Best is trial 16 with value: 695.7103881835938.
LOCAL_RANK: 0 - CUDA_VISIBLE_DEVICES: [0]
[I 2023-12-16 09:55:51,283] Trial 34 finished with value: 972.16650390625 and parameters: {'gradient_clip_val': 0.5799745874968303, 'hidden_size': 23, 'dropout': 0.18890871155294953, 'hidden_continuous_size': 9, 'attention_head_size': 3, 'learning_rate': 0.0018760101809260532}. Best is trial 16 with value: 695.7103881835938.
LOCAL_RANK: 0 - CUDA_VISIBLE_DEVICES: [0]
[I 2023-12-16 09:56:36,704] Trial 35 finished with value: 6622.857421875 and parameters: {'gradient_clip_val': 0.6606199437757555, 'hidden_size': 16, 'dropout': 0.1455572790703043, 'hidden_continuous_size': 7, 'attention_head_size': 3, 'learning_rate': 0.007480751541562518}. Best is trial 16 with value: 695.7103881835938.
LOCAL_RANK: 0 - CUDA_VISIBLE_DEVICES: [0]
[I 2023-12-16 09:57:22,408] Trial 36 finished with value: 1074.7408447265625 and parameters: {'gradient_clip_val': 0.846813706325649, 'hidden_size': 13, 'dropout': 0.23438467164125953, 'hidden_continuous_size': 6, 'attention_head_size': 2, 'learning_rate': 0.0037360424315943663}. Best is trial 16 with value: 695.7103881835938.
LOCAL_RANK: 0 - CUDA_VISIBLE_DEVICES: [0]
[I 2023-12-16 09:58:08,746] Trial 37 finished with value: 1517.6845703125 and parameters: {'gradient_clip_val': 0.7539233040508012, 'hidden_size': 9, 'dropout': 0.25200252332493606, 'hidden_continuous_size': 5, 'attention_head_size': 4, 'learning_rate': 0.013263463235029247}. Best is trial 16 with value: 695.7103881835938.
LOCAL_RANK: 0 - CUDA_VISIBLE_DEVICES: [0]
[I 2023-12-16 09:58:58,341] Trial 38 finished with value: 643.0994262695312 and parameters: {'gradient_clip_val': 0.5169656809397899, 'hidden_size': 25, 'dropout': 0.21523242389864947, 'hidden_continuous_size': 11, 'attention_head_size': 2, 'learning_rate': 0.0015042516204330687}. Best is trial 38 with value: 643.0994262695312.
LOCAL_RANK: 0 - CUDA_VISIBLE_DEVICES: [0]
[I 2023-12-16 09:59:46,143] Trial 39 finished with value: 844.98095703125 and parameters: {'gradient_clip_val': 0.5260284712864004, 'hidden_size': 24, 'dropout': 0.16197470683546203, 'hidden_continuous_size': 11, 'attention_head_size': 2, 'learning_rate': 0.00138517321432527}. Best is trial 38 with value: 643.0994262695312.
LOCAL_RANK: 0 - CUDA_VISIBLE_DEVICES: [0]
[I 2023-12-16 10:00:35,561] Trial 40 finished with value: 937.9057006835938 and parameters: {'gradient_clip_val': 0.5170092033613815, 'hidden_size': 26, 'dropout': 0.21640201087908678, 'hidden_continuous_size': 15, 'attention_head_size': 2, 'learning_rate': 0.0009865856735221995}. Best is trial 38 with value: 643.0994262695312.
LOCAL_RANK: 0 - CUDA_VISIBLE_DEVICES: [0]
[I 2023-12-16 10:01:24,033] Trial 41 finished with value: 2222.25 and parameters: {'gradient_clip_val': 0.6318010213706705, 'hidden_size': 18, 'dropout': 0.2005528094644863, 'hidden_continuous_size': 10, 'attention_head_size': 3, 'learning_rate': 0.004592460410255027}. Best is trial 38 with value: 643.0994262695312.
LOCAL_RANK: 0 - CUDA_VISIBLE_DEVICES: [0]
[I 2023-12-16 10:02:13,378] Trial 42 finished with value: 2821.263671875 and parameters: {'gradient_clip_val': 0.7053180092039811, 'hidden_size': 29, 'dropout': 0.21102623014877192, 'hidden_continuous_size': 11, 'attention_head_size': 2, 'learning_rate': 0.0016378791812518927}. Best is trial 38 with value: 643.0994262695312.
LOCAL_RANK: 0 - CUDA_VISIBLE_DEVICES: [0]
[I 2023-12-16 10:03:02,866] Trial 43 finished with value: 2042.86865234375 and parameters: {'gradient_clip_val': 0.8169952942205523, 'hidden_size': 36, 'dropout': 0.1787338265933991, 'hidden_continuous_size': 9, 'attention_head_size': 2, 'learning_rate': 0.00257048753296567}. Best is trial 38 with value: 643.0994262695312.
LOCAL_RANK: 0 - CUDA_VISIBLE_DEVICES: [0]
[I 2023-12-16 10:03:51,262] Trial 44 finished with value: 1191.258544921875 and parameters: {'gradient_clip_val': 0.41971692351609413, 'hidden_size': 19, 'dropout': 0.2369636157373313, 'hidden_continuous_size': 8, 'attention_head_size': 3, 'learning_rate': 0.0065229854016494795}. Best is trial 38 with value: 643.0994262695312.
LOCAL_RANK: 0 - CUDA_VISIBLE_DEVICES: [0]
[I 2023-12-16 10:04:37,210] Trial 45 finished with value: 1018.368896484375 and parameters: {'gradient_clip_val': 0.5811543066188215, 'hidden_size': 14, 'dropout': 0.19602844473533154, 'hidden_continuous_size': 9, 'attention_head_size': 2, 'learning_rate': 0.0022522780018594864}. Best is trial 38 with value: 643.0994262695312.
LOCAL_RANK: 0 - CUDA_VISIBLE_DEVICES: [0]
[I 2023-12-16 10:05:24,765] Trial 46 finished with value: 1968.1561279296875 and parameters: {'gradient_clip_val': 0.8967593969891954, 'hidden_size': 24, 'dropout': 0.17306590820051163, 'hidden_continuous_size': 12, 'attention_head_size': 1, 'learning_rate': 0.0005037032367111222}. Best is trial 38 with value: 643.0994262695312.
LOCAL_RANK: 0 - CUDA_VISIBLE_DEVICES: [0]
[I 2023-12-16 10:06:10,191] Trial 47 finished with value: 1254.96484375 and parameters: {'gradient_clip_val': 0.8051815617895947, 'hidden_size': 7, 'dropout': 0.2099140682626866, 'hidden_continuous_size': 5, 'attention_head_size': 3, 'learning_rate': 0.0033943865617152356}. Best is trial 38 with value: 643.0994262695312.
LOCAL_RANK: 0 - CUDA_VISIBLE_DEVICES: [0]
[I 2023-12-16 10:06:56,585] Trial 48 finished with value: 769.2764282226562 and parameters: {'gradient_clip_val': 0.6934424027514733, 'hidden_size': 11, 'dropout': 0.1863840829207455, 'hidden_continuous_size': 7, 'attention_head_size': 4, 'learning_rate': 0.002686176061168161}. Best is trial 38 with value: 643.0994262695312.
LOCAL_RANK: 0 - CUDA_VISIBLE_DEVICES: [0]
[I 2023-12-16 10:07:41,723] Trial 49 finished with value: 1566.3193359375 and parameters: {'gradient_clip_val': 0.44535327927445634, 'hidden_size': 12, 'dropout': 0.1877803184206986, 'hidden_continuous_size': 7, 'attention_head_size': 4, 'learning_rate': 0.001583641993595613}. Best is trial 38 with value: 643.0994262695312.
[I 2023-12-16 10:07:41,815] A new study created in memory with name: no-name-d66ebecf-e3b4-4d13-b3ea-b9ce9db40fc8
/home/le004/conda/anaconda3/envs/tsff_env/lib/python3.9/site-packages/lightning/fabric/plugins/environments/slurm.py:191: The `srun` command is available on your system but is not used. HINT: If your intention is to run Lightning on SLURM, prepend your python command with `srun` like so: srun python /home/le004/master_thesis/git/TSFusionForecast/code/ ...
LOCAL_RANK: 0 - CUDA_VISIBLE_DEVICES: [0]
[I 2023-12-16 10:08:33,618] Trial 0 finished with value: 2938.0576171875 and parameters: {'gradient_clip_val': 0.34880093328234385, 'hidden_size': 71, 'dropout': 0.29809682498344914, 'hidden_continuous_size': 6, 'attention_head_size': 2, 'learning_rate': 0.011940056528103867}. Best is trial 0 with value: 2938.0576171875.
LOCAL_RANK: 0 - CUDA_VISIBLE_DEVICES: [0]
[I 2023-12-16 10:09:19,320] Trial 1 finished with value: 631.72900390625 and parameters: {'gradient_clip_val': 0.20721512050671534, 'hidden_size': 9, 'dropout': 0.347330675012827, 'hidden_continuous_size': 7, 'attention_head_size': 2, 'learning_rate': 0.008687588963082174}. Best is trial 1 with value: 631.72900390625.
LOCAL_RANK: 0 - CUDA_VISIBLE_DEVICES: [0]
[I 2023-12-16 10:10:09,077] Trial 2 finished with value: 453.4352111816406 and parameters: {'gradient_clip_val': 0.21170834296550925, 'hidden_size': 25, 'dropout': 0.15388746066700196, 'hidden_continuous_size': 23, 'attention_head_size': 2, 'learning_rate': 0.009439583243472487}. Best is trial 2 with value: 453.4352111816406.
LOCAL_RANK: 0 - CUDA_VISIBLE_DEVICES: [0]
[I 2023-12-16 10:10:44,044] Trial 3 finished with value: 452.14208984375 and parameters: {'gradient_clip_val': 0.7896175486744377, 'hidden_size': 15, 'dropout': 0.2629482889549037, 'hidden_continuous_size': 15, 'attention_head_size': 3, 'learning_rate': 0.008938685961484826}. Best is trial 3 with value: 452.14208984375.
LOCAL_RANK: 0 - CUDA_VISIBLE_DEVICES: [0]
[I 2023-12-16 10:11:29,828] Trial 4 finished with value: 2167.813232421875 and parameters: {'gradient_clip_val': 0.6502085588246449, 'hidden_size': 11, 'dropout': 0.11173178080369998, 'hidden_continuous_size': 6, 'attention_head_size': 2, 'learning_rate': 0.01758431616433633}. Best is trial 3 with value: 452.14208984375.
LOCAL_RANK: 0 - CUDA_VISIBLE_DEVICES: [0]
[I 2023-12-16 10:12:18,510] Trial 5 finished with value: 804.4382934570312 and parameters: {'gradient_clip_val': 0.14319414307394016, 'hidden_size': 23, 'dropout': 0.21664523770909994, 'hidden_continuous_size': 13, 'attention_head_size': 2, 'learning_rate': 0.010625479019999185}. Best is trial 3 with value: 452.14208984375.
LOCAL_RANK: 0 - CUDA_VISIBLE_DEVICES: [0]
[I 2023-12-16 10:13:12,246] Trial 6 finished with value: 2285.24951171875 and parameters: {'gradient_clip_val': 0.8887758482675036, 'hidden_size': 54, 'dropout': 0.1309928548469243, 'hidden_continuous_size': 35, 'attention_head_size': 2, 'learning_rate': 0.010648771841786892}. Best is trial 3 with value: 452.14208984375.
LOCAL_RANK: 0 - CUDA_VISIBLE_DEVICES: [0]
[I 2023-12-16 10:13:46,803] Trial 7 finished with value: 666.8676147460938 and parameters: {'gradient_clip_val': 0.217180842383326, 'hidden_size': 6, 'dropout': 0.23101283410352752, 'hidden_continuous_size': 6, 'attention_head_size': 3, 'learning_rate': 0.012054413913994408}. Best is trial 3 with value: 452.14208984375.
LOCAL_RANK: 0 - CUDA_VISIBLE_DEVICES: [0]
[I 2023-12-16 10:14:35,451] Trial 8 finished with value: 1363.8284912109375 and parameters: {'gradient_clip_val': 0.4980417812143626, 'hidden_size': 20, 'dropout': 0.20078188898048765, 'hidden_continuous_size': 18, 'attention_head_size': 4, 'learning_rate': 0.020059021551355017}. Best is trial 3 with value: 452.14208984375.
LOCAL_RANK: 0 - CUDA_VISIBLE_DEVICES: [0]
[I 2023-12-16 10:15:10,769] Trial 9 finished with value: 2578.099853515625 and parameters: {'gradient_clip_val': 0.23693020885673569, 'hidden_size': 6, 'dropout': 0.12147422954992423, 'hidden_continuous_size': 6, 'attention_head_size': 4, 'learning_rate': 0.0009170178602013226}. Best is trial 3 with value: 452.14208984375.
LOCAL_RANK: 0 - CUDA_VISIBLE_DEVICES: [0]
[I 2023-12-16 10:16:08,573] Trial 10 finished with value: 933.3795776367188 and parameters: {'gradient_clip_val': 0.8988193875120699, 'hidden_size': 99, 'dropout': 0.3952536061559271, 'hidden_continuous_size': 79, 'attention_head_size': 1, 'learning_rate': 0.08562763949275355}. Best is trial 3 with value: 452.14208984375.
LOCAL_RANK: 0 - CUDA_VISIBLE_DEVICES: [0]
[I 2023-12-16 10:16:57,246] Trial 11 finished with value: 1828.7984619140625 and parameters: {'gradient_clip_val': 0.41096866795662246, 'hidden_size': 24, 'dropout': 0.27376554277211657, 'hidden_continuous_size': 14, 'attention_head_size': 3, 'learning_rate': 0.0027185513364074852}. Best is trial 3 with value: 452.14208984375.
LOCAL_RANK: 0 - CUDA_VISIBLE_DEVICES: [0]
[I 2023-12-16 10:17:48,044] Trial 12 finished with value: 1578.7181396484375 and parameters: {'gradient_clip_val': 0.10091566194424402, 'hidden_size': 36, 'dropout': 0.17368183379443058, 'hidden_continuous_size': 19, 'attention_head_size': 1, 'learning_rate': 0.0036797721163668263}. Best is trial 3 with value: 452.14208984375.
LOCAL_RANK: 0 - CUDA_VISIBLE_DEVICES: [0]
[I 2023-12-16 10:18:34,007] Trial 13 finished with value: 668.1012573242188 and parameters: {'gradient_clip_val': 0.5432712193830843, 'hidden_size': 14, 'dropout': 0.26235001122094476, 'hidden_continuous_size': 5, 'attention_head_size': 3, 'learning_rate': 0.003398934522276919}. Best is trial 3 with value: 452.14208984375.
LOCAL_RANK: 0 - CUDA_VISIBLE_DEVICES: [0]
[I 2023-12-16 10:19:24,008] Trial 14 finished with value: 2392.86572265625 and parameters: {'gradient_clip_val': 0.3368116207501586, 'hidden_size': 35, 'dropout': 0.17441977696673974, 'hidden_continuous_size': 9, 'attention_head_size': 3, 'learning_rate': 0.0325296893562808}. Best is trial 3 with value: 452.14208984375.
LOCAL_RANK: 0 - CUDA_VISIBLE_DEVICES: [0]
[I 2023-12-16 10:20:10,910] Trial 15 finished with value: 1575.3070068359375 and parameters: {'gradient_clip_val': 0.2688637328690461, 'hidden_size': 14, 'dropout': 0.30310046536931073, 'hidden_continuous_size': 9, 'attention_head_size': 4, 'learning_rate': 0.004924134764985314}. Best is trial 3 with value: 452.14208984375.
LOCAL_RANK: 0 - CUDA_VISIBLE_DEVICES: [0]
[I 2023-12-16 10:20:56,424] Trial 16 finished with value: 1194.4337158203125 and parameters: {'gradient_clip_val': 0.6301564791384926, 'hidden_size': 16, 'dropout': 0.23677831086105175, 'hidden_continuous_size': 11, 'attention_head_size': 1, 'learning_rate': 0.001938987101984886}. Best is trial 3 with value: 452.14208984375.
LOCAL_RANK: 0 - CUDA_VISIBLE_DEVICES: [0]
[I 2023-12-16 10:21:42,113] Trial 17 finished with value: 1868.666015625 and parameters: {'gradient_clip_val': 0.9741155963512764, 'hidden_size': 9, 'dropout': 0.15847523827271406, 'hidden_continuous_size': 5, 'attention_head_size': 3, 'learning_rate': 0.0059845420717938545}. Best is trial 3 with value: 452.14208984375.
LOCAL_RANK: 0 - CUDA_VISIBLE_DEVICES: [0]
[I 2023-12-16 10:22:32,240] Trial 18 finished with value: 620.387451171875 and parameters: {'gradient_clip_val': 0.4199388995953788, 'hidden_size': 29, 'dropout': 0.20156466537857387, 'hidden_continuous_size': 17, 'attention_head_size': 3, 'learning_rate': 0.0015828259329762509}. Best is trial 3 with value: 452.14208984375.
LOCAL_RANK: 0 - CUDA_VISIBLE_DEVICES: [0]
[I 2023-12-16 10:23:19,241] Trial 19 finished with value: 1417.33251953125 and parameters: {'gradient_clip_val': 0.28761085414203075, 'hidden_size': 18, 'dropout': 0.1458331942754267, 'hidden_continuous_size': 8, 'attention_head_size': 2, 'learning_rate': 0.00617628206238755}. Best is trial 3 with value: 452.14208984375.
LOCAL_RANK: 0 - CUDA_VISIBLE_DEVICES: [0]
[I 2023-12-16 10:24:11,935] Trial 20 finished with value: 1376.2191162109375 and parameters: {'gradient_clip_val': 0.17946258811849458, 'hidden_size': 41, 'dropout': 0.10029530903181758, 'hidden_continuous_size': 22, 'attention_head_size': 1, 'learning_rate': 0.0006137297171121595}. Best is trial 3 with value: 452.14208984375.
LOCAL_RANK: 0 - CUDA_VISIBLE_DEVICES: [0]
[I 2023-12-16 10:25:01,618] Trial 21 finished with value: 891.2384643554688 and parameters: {'gradient_clip_val': 0.36913190171932275, 'hidden_size': 27, 'dropout': 0.19460286201764213, 'hidden_continuous_size': 15, 'attention_head_size': 3, 'learning_rate': 0.001373953209588232}. Best is trial 3 with value: 452.14208984375.
LOCAL_RANK: 0 - CUDA_VISIBLE_DEVICES: [0]
[I 2023-12-16 10:25:49,974] Trial 22 finished with value: 867.3406372070312 and parameters: {'gradient_clip_val': 0.4409897403925281, 'hidden_size': 28, 'dropout': 0.20352271588587378, 'hidden_continuous_size': 12, 'attention_head_size': 3, 'learning_rate': 0.0021497311723406164}. Best is trial 3 with value: 452.14208984375.
LOCAL_RANK: 0 - CUDA_VISIBLE_DEVICES: [0]
[I 2023-12-16 10:26:39,330] Trial 23 finished with value: 844.6506958007812 and parameters: {'gradient_clip_val': 0.30470726722227676, 'hidden_size': 19, 'dropout': 0.17632980843856583, 'hidden_continuous_size': 11, 'attention_head_size': 4, 'learning_rate': 0.00459036061117525}. Best is trial 3 with value: 452.14208984375.
LOCAL_RANK: 0 - CUDA_VISIBLE_DEVICES: [0]
[I 2023-12-16 10:27:29,250] Trial 24 finished with value: 844.833984375 and parameters: {'gradient_clip_val': 0.4232750472607776, 'hidden_size': 30, 'dropout': 0.23627963224510745, 'hidden_continuous_size': 16, 'attention_head_size': 3, 'learning_rate': 0.0012975702546948098}. Best is trial 3 with value: 452.14208984375.
LOCAL_RANK: 0 - CUDA_VISIBLE_DEVICES: [0]
[I 2023-12-16 10:28:22,011] Trial 25 finished with value: 1817.09130859375 and parameters: {'gradient_clip_val': 0.6960757888374423, 'hidden_size': 46, 'dropout': 0.14363882382388551, 'hidden_continuous_size': 22, 'attention_head_size': 2, 'learning_rate': 0.0074260053099303325}. Best is trial 3 with value: 452.14208984375.
LOCAL_RANK: 0 - CUDA_VISIBLE_DEVICES: [0]
[I 2023-12-16 10:29:11,623] Trial 26 finished with value: 2084.26025390625 and parameters: {'gradient_clip_val': 0.7584365742353391, 'hidden_size': 22, 'dropout': 0.21803251154313527, 'hidden_continuous_size': 13, 'attention_head_size': 3, 'learning_rate': 0.003074758739920223}. Best is trial 3 with value: 452.14208984375.
LOCAL_RANK: 0 - CUDA_VISIBLE_DEVICES: [0]
[I 2023-12-16 10:30:02,081] Trial 27 finished with value: 376.1030578613281 and parameters: {'gradient_clip_val': 0.5438877600286397, 'hidden_size': 32, 'dropout': 0.2593739164580097, 'hidden_continuous_size': 17, 'attention_head_size': 4, 'learning_rate': 0.004582767733475016}. Best is trial 27 with value: 376.1030578613281.
LOCAL_RANK: 0 - CUDA_VISIBLE_DEVICES: [0]
[I 2023-12-16 10:30:55,027] Trial 28 finished with value: 945.0868530273438 and parameters: {'gradient_clip_val': 0.7844424403689401, 'hidden_size': 33, 'dropout': 0.2555210658807346, 'hidden_continuous_size': 21, 'attention_head_size': 4, 'learning_rate': 0.0047597577446545445}. Best is trial 27 with value: 376.1030578613281.
LOCAL_RANK: 0 - CUDA_VISIBLE_DEVICES: [0]
[I 2023-12-16 10:31:48,561] Trial 29 finished with value: 1304.87744140625 and parameters: {'gradient_clip_val': 0.5646561578800758, 'hidden_size': 60, 'dropout': 0.28095995773447496, 'hidden_continuous_size': 29, 'attention_head_size': 4, 'learning_rate': 0.007866960919984655}. Best is trial 27 with value: 376.1030578613281.
LOCAL_RANK: 0 - CUDA_VISIBLE_DEVICES: [0]
[I 2023-12-16 10:32:38,821] Trial 30 finished with value: 661.2860107421875 and parameters: {'gradient_clip_val': 0.5244100360695498, 'hidden_size': 25, 'dropout': 0.2904186280789355, 'hidden_continuous_size': 15, 'attention_head_size': 4, 'learning_rate': 0.014643088217513858}. Best is trial 27 with value: 376.1030578613281.
LOCAL_RANK: 0 - CUDA_VISIBLE_DEVICES: [0]
[I 2023-12-16 10:33:30,200] Trial 31 finished with value: 683.799072265625 and parameters: {'gradient_clip_val': 0.3571420730114621, 'hidden_size': 40, 'dropout': 0.25135887110025557, 'hidden_continuous_size': 17, 'attention_head_size': 2, 'learning_rate': 0.0021680064665684185}. Best is trial 27 with value: 376.1030578613281.
LOCAL_RANK: 0 - CUDA_VISIBLE_DEVICES: [0]
[I 2023-12-16 10:34:18,272] Trial 32 finished with value: 1999.111328125 and parameters: {'gradient_clip_val': 0.4549381254416215, 'hidden_size': 28, 'dropout': 0.31164379892869115, 'hidden_continuous_size': 16, 'attention_head_size': 2, 'learning_rate': 0.007073250617635749}. Best is trial 27 with value: 376.1030578613281.
LOCAL_RANK: 0 - CUDA_VISIBLE_DEVICES: [0]
[I 2023-12-16 10:35:09,292] Trial 33 finished with value: 1312.99658203125 and parameters: {'gradient_clip_val': 0.5846793453324188, 'hidden_size': 32, 'dropout': 0.26696210351443245, 'hidden_continuous_size': 19, 'attention_head_size': 3, 'learning_rate': 0.0038977511484593374}. Best is trial 27 with value: 376.1030578613281.
LOCAL_RANK: 0 - CUDA_VISIBLE_DEVICES: [0]
[I 2023-12-16 10:36:01,384] Trial 34 finished with value: 1692.599609375 and parameters: {'gradient_clip_val': 0.6291877191599974, 'hidden_size': 48, 'dropout': 0.22225684990257252, 'hidden_continuous_size': 25, 'attention_head_size': 2, 'learning_rate': 0.009681359727068052}. Best is trial 27 with value: 376.1030578613281.
LOCAL_RANK: 0 - CUDA_VISIBLE_DEVICES: [0]
[I 2023-12-16 10:36:51,229] Trial 35 finished with value: 2326.945556640625 and parameters: {'gradient_clip_val': 0.48637335949867666, 'hidden_size': 22, 'dropout': 0.24855359871321703, 'hidden_continuous_size': 14, 'attention_head_size': 3, 'learning_rate': 0.0060314624197240615}. Best is trial 27 with value: 376.1030578613281.
LOCAL_RANK: 0 - CUDA_VISIBLE_DEVICES: [0]
[I 2023-12-16 10:37:38,036] Trial 36 finished with value: 832.54541015625 and parameters: {'gradient_clip_val': 0.3871223353039715, 'hidden_size': 15, 'dropout': 0.32116880632001005, 'hidden_continuous_size': 13, 'attention_head_size': 2, 'learning_rate': 0.009559252517571686}. Best is trial 27 with value: 376.1030578613281.
LOCAL_RANK: 0 - CUDA_VISIBLE_DEVICES: [0]
[I 2023-12-16 10:38:23,702] Trial 37 finished with value: 781.1658325195312 and parameters: {'gradient_clip_val': 0.7209202092087112, 'hidden_size': 12, 'dropout': 0.19398270046285523, 'hidden_continuous_size': 11, 'attention_head_size': 4, 'learning_rate': 0.013808993673344148}. Best is trial 27 with value: 376.1030578613281.
LOCAL_RANK: 0 - CUDA_VISIBLE_DEVICES: [0]
[I 2023-12-16 10:39:12,252] Trial 38 finished with value: 925.7677612304688 and parameters: {'gradient_clip_val': 0.32932901240367307, 'hidden_size': 18, 'dropout': 0.21469138864262852, 'hidden_continuous_size': 15, 'attention_head_size': 2, 'learning_rate': 0.020778857499905625}. Best is trial 27 with value: 376.1030578613281.
LOCAL_RANK: 0 - CUDA_VISIBLE_DEVICES: [0]
[I 2023-12-16 10:40:00,203] Trial 39 finished with value: 626.9505004882812 and parameters: {'gradient_clip_val': 0.8019975456384532, 'hidden_size': 20, 'dropout': 0.24126351820458503, 'hidden_continuous_size': 16, 'attention_head_size': 3, 'learning_rate': 0.0026043773428071366}. Best is trial 27 with value: 376.1030578613281.
LOCAL_RANK: 0 - CUDA_VISIBLE_DEVICES: [0]
[I 2023-12-16 10:40:48,956] Trial 40 finished with value: 1592.11328125 and parameters: {'gradient_clip_val': 0.47998146149431775, 'hidden_size': 24, 'dropout': 0.27887504425684145, 'hidden_continuous_size': 18, 'attention_head_size': 4, 'learning_rate': 0.01094078121091914}. Best is trial 27 with value: 376.1030578613281.
LOCAL_RANK: 0 - CUDA_VISIBLE_DEVICES: [0]
