[rank: 0] Seed set to 42
[I 2023-12-26 11:21:48,171] A new study created in memory with name: no-name-b33cd279-f0d5-4dd0-a209-a9a33af3aaa3
/home/le004/conda/anaconda3/envs/tsff_env/lib/python3.9/site-packages/lightning/fabric/plugins/environments/slurm.py:191: The `srun` command is available on your system but is not used. HINT: If your intention is to run Lightning on SLURM, prepend your python command with `srun` like so: srun python /home/le004/master_thesis/git/TSFusionForecast/code/ ...
[I 2023-12-26 11:25:35,992] Trial 0 finished with value: 33.918052673339844 and parameters: {'gradient_clip_val': 0.10258824889944865, 'hidden_size': 7, 'dropout': 0.24885778811913284, 'hidden_continuous_size': 7, 'attention_head_size': 1, 'learning_rate': 0.0006053900088971515}. Best is trial 0 with value: 33.918052673339844.
[I 2023-12-26 11:30:54,236] Trial 1 finished with value: 27.758333206176758 and parameters: {'gradient_clip_val': 0.17077649547664342, 'hidden_size': 41, 'dropout': 0.3095093731685956, 'hidden_continuous_size': 11, 'attention_head_size': 3, 'learning_rate': 0.0005221570177644726}. Best is trial 1 with value: 27.758333206176758.
[I 2023-12-26 11:30:56,814] Trial 2 finished with value: 134.8034210205078 and parameters: {'gradient_clip_val': 0.2145990573876236, 'hidden_size': 38, 'dropout': 0.42687690928141553, 'hidden_continuous_size': 19, 'attention_head_size': 3, 'learning_rate': 0.0007669164616091586}. Best is trial 1 with value: 27.758333206176758.
[I 2023-12-26 11:30:58,890] Trial 3 finished with value: 124.36808013916016 and parameters: {'gradient_clip_val': 0.4369251100001775, 'hidden_size': 11, 'dropout': 0.30174317099632264, 'hidden_continuous_size': 7, 'attention_head_size': 4, 'learning_rate': 0.0020882435256484666}. Best is trial 1 with value: 27.758333206176758.
[I 2023-12-26 11:31:00,827] Trial 4 finished with value: 156.8513946533203 and parameters: {'gradient_clip_val': 0.970960747303893, 'hidden_size': 13, 'dropout': 0.2815793396656801, 'hidden_continuous_size': 8, 'attention_head_size': 2, 'learning_rate': 0.019634982093239654}. Best is trial 1 with value: 27.758333206176758.
[I 2023-12-26 11:31:02,930] Trial 5 finished with value: 158.4082794189453 and parameters: {'gradient_clip_val': 0.11325361885275952, 'hidden_size': 20, 'dropout': 0.22562231647419298, 'hidden_continuous_size': 12, 'attention_head_size': 4, 'learning_rate': 0.03925759386912484}. Best is trial 1 with value: 27.758333206176758.
[I 2023-12-26 11:31:07,038] Trial 6 finished with value: 152.4665985107422 and parameters: {'gradient_clip_val': 0.7246612772031501, 'hidden_size': 76, 'dropout': 0.46517175027739466, 'hidden_continuous_size': 7, 'attention_head_size': 4, 'learning_rate': 0.005535618989470284}. Best is trial 1 with value: 27.758333206176758.
[I 2023-12-26 11:31:08,670] Trial 7 finished with value: 190.0850372314453 and parameters: {'gradient_clip_val': 0.11488775193631538, 'hidden_size': 5, 'dropout': 0.38001162342200145, 'hidden_continuous_size': 5, 'attention_head_size': 3, 'learning_rate': 0.005526451333077245}. Best is trial 1 with value: 27.758333206176758.
[I 2023-12-26 11:31:10,466] Trial 8 finished with value: 183.75189208984375 and parameters: {'gradient_clip_val': 0.23673977782739067, 'hidden_size': 8, 'dropout': 0.140955076834837, 'hidden_continuous_size': 5, 'attention_head_size': 4, 'learning_rate': 0.0015678527389130174}. Best is trial 1 with value: 27.758333206176758.
[I 2023-12-26 11:31:16,751] Trial 9 finished with value: 145.86070251464844 and parameters: {'gradient_clip_val': 0.3916760121636264, 'hidden_size': 102, 'dropout': 0.3289334070346679, 'hidden_continuous_size': 66, 'attention_head_size': 4, 'learning_rate': 0.0012950189350979305}. Best is trial 1 with value: 27.758333206176758.
[I 2023-12-26 11:31:19,321] Trial 10 finished with value: 137.99717712402344 and parameters: {'gradient_clip_val': 0.17324824915227888, 'hidden_size': 38, 'dropout': 0.3783237406999798, 'hidden_continuous_size': 15, 'attention_head_size': 2, 'learning_rate': 0.0005272846248467238}. Best is trial 1 with value: 27.758333206176758.
[I 2023-12-26 11:31:20,964] Trial 11 finished with value: 166.5293426513672 and parameters: {'gradient_clip_val': 0.10085584572821048, 'hidden_size': 5, 'dropout': 0.21792716354398384, 'hidden_continuous_size': 5, 'attention_head_size': 1, 'learning_rate': 0.0005764644109358386}. Best is trial 1 with value: 27.758333206176758.
[I 2023-12-26 11:31:23,167] Trial 12 finished with value: 118.61627960205078 and parameters: {'gradient_clip_val': 0.15178669090753175, 'hidden_size': 26, 'dropout': 0.23664520908241066, 'hidden_continuous_size': 9, 'attention_head_size': 1, 'learning_rate': 0.002591602889998929}. Best is trial 1 with value: 27.758333206176758.
[I 2023-12-26 11:31:25,931] Trial 13 finished with value: 172.01380920410156 and parameters: {'gradient_clip_val': 0.1490154915048807, 'hidden_size': 45, 'dropout': 0.13427434502744218, 'hidden_continuous_size': 11, 'attention_head_size': 2, 'learning_rate': 0.0010146567492174408}. Best is trial 1 with value: 27.758333206176758.
[I 2023-12-26 11:31:27,794] Trial 14 finished with value: 141.0269775390625 and parameters: {'gradient_clip_val': 0.2534078971491888, 'hidden_size': 16, 'dropout': 0.35206252775870617, 'hidden_continuous_size': 6, 'attention_head_size': 3, 'learning_rate': 0.0005612187272687238}. Best is trial 1 with value: 27.758333206176758.
[I 2023-12-26 11:31:36,686] Trial 15 finished with value: 166.71311950683594 and parameters: {'gradient_clip_val': 0.14277305419267208, 'hidden_size': 147, 'dropout': 0.26620895828083296, 'hidden_continuous_size': 28, 'attention_head_size': 1, 'learning_rate': 0.0028808396684749963}. Best is trial 1 with value: 27.758333206176758.
[I 2023-12-26 11:31:38,486] Trial 16 finished with value: 210.89129638671875 and parameters: {'gradient_clip_val': 0.10223859612947121, 'hidden_size': 8, 'dropout': 0.1914922490470363, 'hidden_continuous_size': 6, 'attention_head_size': 2, 'learning_rate': 0.0011291240711291829}. Best is trial 1 with value: 27.758333206176758.
[I 2023-12-26 11:31:40,593] Trial 17 finished with value: 150.99063110351562 and parameters: {'gradient_clip_val': 0.18393041088594472, 'hidden_size': 24, 'dropout': 0.31955744219792326, 'hidden_continuous_size': 9, 'attention_head_size': 3, 'learning_rate': 0.01053007685423454}. Best is trial 1 with value: 27.758333206176758.
[I 2023-12-26 11:31:43,645] Trial 18 finished with value: 165.95347595214844 and parameters: {'gradient_clip_val': 0.28344049123932186, 'hidden_size': 55, 'dropout': 0.2797834488787925, 'hidden_continuous_size': 11, 'attention_head_size': 1, 'learning_rate': 0.0009110560635639557}. Best is trial 1 with value: 27.758333206176758.
[I 2023-12-26 11:31:45,837] Trial 19 finished with value: 152.43067932128906 and parameters: {'gradient_clip_val': 0.13160398821957364, 'hidden_size': 32, 'dropout': 0.18823230040159256, 'hidden_continuous_size': 9, 'attention_head_size': 2, 'learning_rate': 0.0030885091866877405}. Best is trial 1 with value: 27.758333206176758.
[I 2023-12-26 11:31:47,908] Trial 20 finished with value: 162.3778839111328 and parameters: {'gradient_clip_val': 0.1909896323642999, 'hidden_size': 19, 'dropout': 0.2598827814952854, 'hidden_continuous_size': 7, 'attention_head_size': 3, 'learning_rate': 0.0005050346270775728}. Best is trial 1 with value: 27.758333206176758.
[I 2023-12-26 11:31:50,110] Trial 21 finished with value: 160.4393768310547 and parameters: {'gradient_clip_val': 0.1502619240346205, 'hidden_size': 26, 'dropout': 0.24316594192222954, 'hidden_continuous_size': 9, 'attention_head_size': 1, 'learning_rate': 0.0017814611804242604}. Best is trial 1 with value: 27.758333206176758.
[I 2023-12-26 11:31:52,429] Trial 22 finished with value: 186.59600830078125 and parameters: {'gradient_clip_val': 0.12610243218298556, 'hidden_size': 29, 'dropout': 0.30186223510452587, 'hidden_continuous_size': 8, 'attention_head_size': 1, 'learning_rate': 0.0009180739232348878}. Best is trial 1 with value: 27.758333206176758.
[I 2023-12-26 11:31:55,719] Trial 23 finished with value: 178.66485595703125 and parameters: {'gradient_clip_val': 0.16135202472653348, 'hidden_size': 64, 'dropout': 0.24973852490914744, 'hidden_continuous_size': 14, 'attention_head_size': 1, 'learning_rate': 0.002751804326965994}. Best is trial 1 with value: 27.758333206176758.
[I 2023-12-26 11:31:58,366] Trial 24 finished with value: 147.4932098388672 and parameters: {'gradient_clip_val': 0.13585004928141636, 'hidden_size': 48, 'dropout': 0.18973328592880875, 'hidden_continuous_size': 11, 'attention_head_size': 2, 'learning_rate': 0.0014653501264321994}. Best is trial 1 with value: 27.758333206176758.
[I 2023-12-26 11:32:00,451] Trial 25 finished with value: 137.82191467285156 and parameters: {'gradient_clip_val': 0.20596207490200333, 'hidden_size': 24, 'dropout': 0.28501327228680956, 'hidden_continuous_size': 10, 'attention_head_size': 1, 'learning_rate': 0.0007599829860335481}. Best is trial 1 with value: 27.758333206176758.
[I 2023-12-26 11:32:02,895] Trial 26 finished with value: 139.7350616455078 and parameters: {'gradient_clip_val': 0.16817202870295012, 'hidden_size': 35, 'dropout': 0.10020448820905756, 'hidden_continuous_size': 6, 'attention_head_size': 2, 'learning_rate': 0.0021092467339098135}. Best is trial 1 with value: 27.758333206176758.
[I 2023-12-26 11:32:05,158] Trial 27 finished with value: 110.6657943725586 and parameters: {'gradient_clip_val': 0.11475715021734405, 'hidden_size': 15, 'dropout': 0.23166984001596957, 'hidden_continuous_size': 8, 'attention_head_size': 3, 'learning_rate': 0.0012099126103446774}. Best is trial 1 with value: 27.758333206176758.
[I 2023-12-26 11:32:07,192] Trial 28 finished with value: 162.538330078125 and parameters: {'gradient_clip_val': 0.10111776647606581, 'hidden_size': 14, 'dropout': 0.34189263087618704, 'hidden_continuous_size': 7, 'attention_head_size': 3, 'learning_rate': 0.0007178914425886938}. Best is trial 1 with value: 27.758333206176758.
[I 2023-12-26 11:32:09,149] Trial 29 finished with value: 186.07086181640625 and parameters: {'gradient_clip_val': 0.12491664431150573, 'hidden_size': 10, 'dropout': 0.419708280042848, 'hidden_continuous_size': 6, 'attention_head_size': 3, 'learning_rate': 0.0007182393272882871}. Best is trial 1 with value: 27.758333206176758.
[I 2023-12-26 11:32:11,191] Trial 30 finished with value: 116.8418960571289 and parameters: {'gradient_clip_val': 0.21036406170032523, 'hidden_size': 18, 'dropout': 0.30861806239374634, 'hidden_continuous_size': 8, 'attention_head_size': 3, 'learning_rate': 0.0011678035170003915}. Best is trial 1 with value: 27.758333206176758.
[I 2023-12-26 11:32:13,234] Trial 31 finished with value: 134.17507934570312 and parameters: {'gradient_clip_val': 0.20930726095765864, 'hidden_size': 18, 'dropout': 0.3150186834743908, 'hidden_continuous_size': 8, 'attention_head_size': 3, 'learning_rate': 0.0011818901051107574}. Best is trial 1 with value: 27.758333206176758.
[I 2023-12-26 11:32:15,257] Trial 32 finished with value: 134.5666046142578 and parameters: {'gradient_clip_val': 0.11899910386985497, 'hidden_size': 14, 'dropout': 0.30563242387322254, 'hidden_continuous_size': 8, 'attention_head_size': 3, 'learning_rate': 0.0007692184295182324}. Best is trial 1 with value: 27.758333206176758.
[I 2023-12-26 11:32:17,217] Trial 33 finished with value: 157.66412353515625 and parameters: {'gradient_clip_val': 0.23455535602791996, 'hidden_size': 11, 'dropout': 0.28299896485127074, 'hidden_continuous_size': 7, 'attention_head_size': 3, 'learning_rate': 0.0013132807551162376}. Best is trial 1 with value: 27.758333206176758.
[I 2023-12-26 11:32:19,287] Trial 34 finished with value: 146.04420471191406 and parameters: {'gradient_clip_val': 0.18144735317281768, 'hidden_size': 20, 'dropout': 0.2655071044314101, 'hidden_continuous_size': 8, 'attention_head_size': 3, 'learning_rate': 0.0009020722698756089}. Best is trial 1 with value: 27.758333206176758.
[I 2023-12-26 11:32:21,866] Trial 35 finished with value: 170.4915008544922 and parameters: {'gradient_clip_val': 0.1394879764482894, 'hidden_size': 40, 'dropout': 0.2996307449282213, 'hidden_continuous_size': 13, 'attention_head_size': 4, 'learning_rate': 0.0017880583931713765}. Best is trial 1 with value: 27.758333206176758.
[I 2023-12-26 11:32:24,057] Trial 36 finished with value: 153.4430694580078 and parameters: {'gradient_clip_val': 0.11213671011803632, 'hidden_size': 21, 'dropout': 0.21001628202445174, 'hidden_continuous_size': 10, 'attention_head_size': 4, 'learning_rate': 0.0006401374018076615}. Best is trial 1 with value: 27.758333206176758.
[I 2023-12-26 11:32:25,938] Trial 37 finished with value: 153.4036407470703 and parameters: {'gradient_clip_val': 0.11619137081720969, 'hidden_size': 16, 'dropout': 0.23976753104986423, 'hidden_continuous_size': 7, 'attention_head_size': 3, 'learning_rate': 0.0011036260269206702}. Best is trial 1 with value: 27.758333206176758.
[I 2023-12-26 11:32:28,021] Trial 38 finished with value: 180.60658264160156 and parameters: {'gradient_clip_val': 0.15794823639793484, 'hidden_size': 7, 'dropout': 0.3341111489091282, 'hidden_continuous_size': 5, 'attention_head_size': 2, 'learning_rate': 0.0005070306543693426}. Best is trial 1 with value: 27.758333206176758.
[I 2023-12-26 11:32:29,914] Trial 39 finished with value: 130.42465209960938 and parameters: {'gradient_clip_val': 0.19555426228033404, 'hidden_size': 6, 'dropout': 0.35854783963844883, 'hidden_continuous_size': 5, 'attention_head_size': 4, 'learning_rate': 0.004150142849455464}. Best is trial 1 with value: 27.758333206176758.
[I 2023-12-26 11:32:31,889] Trial 40 finished with value: 192.5646209716797 and parameters: {'gradient_clip_val': 0.17169286126592734, 'hidden_size': 11, 'dropout': 0.4949624036849094, 'hidden_continuous_size': 8, 'attention_head_size': 3, 'learning_rate': 0.0016018967896387207}. Best is trial 1 with value: 27.758333206176758.
[I 2023-12-26 11:32:34,265] Trial 41 finished with value: 138.2981719970703 and parameters: {'gradient_clip_val': 0.13735137243076748, 'hidden_size': 29, 'dropout': 0.23251712612417752, 'hidden_continuous_size': 10, 'attention_head_size': 1, 'learning_rate': 0.0021281944701847513}. Best is trial 1 with value: 27.758333206176758.
[I 2023-12-26 11:32:36,398] Trial 42 finished with value: 151.89608764648438 and parameters: {'gradient_clip_val': 0.15932305093038232, 'hidden_size': 22, 'dropout': 0.2186702314481959, 'hidden_continuous_size': 9, 'attention_head_size': 2, 'learning_rate': 0.0008154992658320064}. Best is trial 1 with value: 27.758333206176758.
[I 2023-12-26 11:32:39,513] Trial 43 finished with value: 125.00534057617188 and parameters: {'gradient_clip_val': 0.11224132752526703, 'hidden_size': 29, 'dropout': 0.2534438284112539, 'hidden_continuous_size': 12, 'attention_head_size': 3, 'learning_rate': 0.0013308616171321427}. Best is trial 1 with value: 27.758333206176758.
[I 2023-12-26 11:32:42,020] Trial 44 finished with value: 172.2413330078125 and parameters: {'gradient_clip_val': 0.2314519585513689, 'hidden_size': 17, 'dropout': 0.2862740682799889, 'hidden_continuous_size': 8, 'attention_head_size': 2, 'learning_rate': 0.0010910794200908944}. Best is trial 1 with value: 27.758333206176758.
[I 2023-12-26 11:32:44,003] Trial 45 finished with value: 123.39665985107422 and parameters: {'gradient_clip_val': 0.14807687871267317, 'hidden_size': 9, 'dropout': 0.322758328169095, 'hidden_continuous_size': 8, 'attention_head_size': 1, 'learning_rate': 0.0006101492406040478}. Best is trial 1 with value: 27.758333206176758.
[I 2023-12-26 11:32:46,124] Trial 46 finished with value: 181.36279296875 and parameters: {'gradient_clip_val': 0.12824375964292622, 'hidden_size': 13, 'dropout': 0.27270492209926167, 'hidden_continuous_size': 9, 'attention_head_size': 3, 'learning_rate': 0.08920779617596533}. Best is trial 1 with value: 27.758333206176758.
[I 2023-12-26 11:32:48,485] Trial 47 finished with value: 163.60276794433594 and parameters: {'gradient_clip_val': 0.10947670273043308, 'hidden_size': 24, 'dropout': 0.2542309974884197, 'hidden_continuous_size': 10, 'attention_head_size': 4, 'learning_rate': 0.0009555668401393909}. Best is trial 1 with value: 27.758333206176758.
[I 2023-12-26 11:32:50,989] Trial 48 finished with value: 136.69761657714844 and parameters: {'gradient_clip_val': 0.3253221177707136, 'hidden_size': 13, 'dropout': 0.22967967396644676, 'hidden_continuous_size': 7, 'attention_head_size': 3, 'learning_rate': 0.000658485460668519}. Best is trial 1 with value: 27.758333206176758.
[I 2023-12-26 11:32:54,507] Trial 49 finished with value: 173.81585693359375 and parameters: {'gradient_clip_val': 0.1778019043980161, 'hidden_size': 35, 'dropout': 0.2953053700645789, 'hidden_continuous_size': 15, 'attention_head_size': 2, 'learning_rate': 0.0013723267984464126}. Best is trial 1 with value: 27.758333206176758.
[I 2023-12-26 11:32:54,619] A new study created in memory with name: no-name-d3dedcb1-b5f6-4b4b-99e1-6ad6abdd4f5b
/home/le004/conda/anaconda3/envs/tsff_env/lib/python3.9/site-packages/lightning/fabric/plugins/environments/slurm.py:191: The `srun` command is available on your system but is not used. HINT: If your intention is to run Lightning on SLURM, prepend your python command with `srun` like so: srun python /home/le004/master_thesis/git/TSFusionForecast/code/ ...
[I 2023-12-26 11:39:05,626] Trial 0 finished with value: 15.349003791809082 and parameters: {'gradient_clip_val': 0.4729621106155722, 'hidden_size': 87, 'dropout': 0.3468501800897773, 'hidden_continuous_size': 62, 'attention_head_size': 1, 'learning_rate': 0.002796496485862479}. Best is trial 0 with value: 15.349003791809082.
[I 2023-12-26 11:39:07,758] Trial 1 finished with value: 31.6926212310791 and parameters: {'gradient_clip_val': 0.28882305728082575, 'hidden_size': 22, 'dropout': 0.4747808747050044, 'hidden_continuous_size': 5, 'attention_head_size': 4, 'learning_rate': 0.01841009876152816}. Best is trial 0 with value: 15.349003791809082.
[I 2023-12-26 11:39:14,228] Trial 2 finished with value: 34.20372009277344 and parameters: {'gradient_clip_val': 0.37748355385053695, 'hidden_size': 113, 'dropout': 0.468484053869634, 'hidden_continuous_size': 36, 'attention_head_size': 3, 'learning_rate': 0.0005344561097497352}. Best is trial 0 with value: 15.349003791809082.
[I 2023-12-26 11:39:16,142] Trial 3 finished with value: 26.41985321044922 and parameters: {'gradient_clip_val': 0.44862340427703734, 'hidden_size': 12, 'dropout': 0.17814611209770326, 'hidden_continuous_size': 10, 'attention_head_size': 2, 'learning_rate': 0.03384301977649983}. Best is trial 0 with value: 15.349003791809082.
[I 2023-12-26 11:39:17,858] Trial 4 finished with value: 39.58168029785156 and parameters: {'gradient_clip_val': 0.24826327501623588, 'hidden_size': 6, 'dropout': 0.4027805010910017, 'hidden_continuous_size': 6, 'attention_head_size': 3, 'learning_rate': 0.006732251353330746}. Best is trial 0 with value: 15.349003791809082.
[I 2023-12-26 11:39:19,676] Trial 5 finished with value: 40.775814056396484 and parameters: {'gradient_clip_val': 0.491859819440484, 'hidden_size': 5, 'dropout': 0.4324162762736635, 'hidden_continuous_size': 5, 'attention_head_size': 1, 'learning_rate': 0.006967573775321429}. Best is trial 0 with value: 15.349003791809082.
[I 2023-12-26 11:39:22,538] Trial 6 finished with value: 24.82020378112793 and parameters: {'gradient_clip_val': 0.18177865821158096, 'hidden_size': 52, 'dropout': 0.2783016403289714, 'hidden_continuous_size': 8, 'attention_head_size': 4, 'learning_rate': 0.012230262972465482}. Best is trial 0 with value: 15.349003791809082.
[I 2023-12-26 11:39:30,501] Trial 7 finished with value: 33.9489860534668 and parameters: {'gradient_clip_val': 0.1506198148620296, 'hidden_size': 138, 'dropout': 0.3208375061389236, 'hidden_continuous_size': 15, 'attention_head_size': 1, 'learning_rate': 0.007478813259489011}. Best is trial 0 with value: 15.349003791809082.
[I 2023-12-26 11:39:32,278] Trial 8 finished with value: 32.64386749267578 and parameters: {'gradient_clip_val': 0.2871984608545261, 'hidden_size': 6, 'dropout': 0.34921252045405915, 'hidden_continuous_size': 5, 'attention_head_size': 1, 'learning_rate': 0.0290444625453003}. Best is trial 0 with value: 15.349003791809082.
[I 2023-12-26 11:39:34,333] Trial 9 finished with value: 26.850061416625977 and parameters: {'gradient_clip_val': 0.7606794536375812, 'hidden_size': 24, 'dropout': 0.1354871092806926, 'hidden_continuous_size': 5, 'attention_head_size': 3, 'learning_rate': 0.0038266619720963213}. Best is trial 0 with value: 15.349003791809082.
[I 2023-12-26 11:39:38,116] Trial 10 finished with value: 31.073888778686523 and parameters: {'gradient_clip_val': 0.10450360409066563, 'hidden_size': 65, 'dropout': 0.2581466260165286, 'hidden_continuous_size': 58, 'attention_head_size': 2, 'learning_rate': 0.0017917089702081986}. Best is trial 0 with value: 15.349003791809082.
[I 2023-12-26 11:39:41,813] Trial 11 finished with value: 28.150434494018555 and parameters: {'gradient_clip_val': 0.1883443079765666, 'hidden_size': 56, 'dropout': 0.26425094878536115, 'hidden_continuous_size': 25, 'attention_head_size': 4, 'learning_rate': 0.05602596760969399}. Best is trial 0 with value: 15.349003791809082.
[I 2023-12-26 11:39:46,401] Trial 12 finished with value: 28.353357315063477 and parameters: {'gradient_clip_val': 0.9524990733438429, 'hidden_size': 53, 'dropout': 0.3567784910736702, 'hidden_continuous_size': 10, 'attention_head_size': 2, 'learning_rate': 0.09280936482151289}. Best is trial 0 with value: 15.349003791809082.
