[I 2023-12-16 00:31:20,168] Trial 37 finished with value: 86.4535140991211 and parameters: {'gradient_clip_val': 0.2136301774647829, 'hidden_size': 13, 'dropout': 0.24143952970580523, 'hidden_continuous_size': 6, 'attention_head_size': 2, 'learning_rate': 0.0036105751517378315}. Best is trial 22 with value: 45.69382095336914.
LOCAL_RANK: 0 - CUDA_VISIBLE_DEVICES: [0]
[I 2023-12-16 00:32:05,626] Trial 38 finished with value: 95.59807586669922 and parameters: {'gradient_clip_val': 0.27744031499414695, 'hidden_size': 11, 'dropout': 0.19769036381902771, 'hidden_continuous_size': 7, 'attention_head_size': 3, 'learning_rate': 0.005385718667291534}. Best is trial 22 with value: 45.69382095336914.
LOCAL_RANK: 0 - CUDA_VISIBLE_DEVICES: [0]
[I 2023-12-16 00:32:50,935] Trial 39 finished with value: 154.33053588867188 and parameters: {'gradient_clip_val': 0.17086704889671162, 'hidden_size': 7, 'dropout': 0.21327105502927363, 'hidden_continuous_size': 5, 'attention_head_size': 4, 'learning_rate': 0.0029240363019103904}. Best is trial 22 with value: 45.69382095336914.
LOCAL_RANK: 0 - CUDA_VISIBLE_DEVICES: [0]
[I 2023-12-16 00:33:38,151] Trial 40 finished with value: 117.32830810546875 and parameters: {'gradient_clip_val': 0.4851827877091676, 'hidden_size': 21, 'dropout': 0.1512277779882207, 'hidden_continuous_size': 7, 'attention_head_size': 1, 'learning_rate': 0.009151393153429435}. Best is trial 22 with value: 45.69382095336914.
LOCAL_RANK: 0 - CUDA_VISIBLE_DEVICES: [0]
[I 2023-12-16 00:34:22,541] Trial 41 finished with value: 113.83221435546875 and parameters: {'gradient_clip_val': 0.37561793368422636, 'hidden_size': 9, 'dropout': 0.17556563018517965, 'hidden_continuous_size': 6, 'attention_head_size': 1, 'learning_rate': 0.005578408663038124}. Best is trial 22 with value: 45.69382095336914.
LOCAL_RANK: 0 - CUDA_VISIBLE_DEVICES: [0]
[I 2023-12-16 00:35:06,867] Trial 42 finished with value: 86.9957275390625 and parameters: {'gradient_clip_val': 0.5974050462478402, 'hidden_size': 6, 'dropout': 0.1881758498424072, 'hidden_continuous_size': 5, 'attention_head_size': 1, 'learning_rate': 0.008617891692553661}. Best is trial 22 with value: 45.69382095336914.
LOCAL_RANK: 0 - CUDA_VISIBLE_DEVICES: [0]
[I 2023-12-16 00:35:39,962] Trial 43 finished with value: 97.79283905029297 and parameters: {'gradient_clip_val': 0.3117667492264264, 'hidden_size': 5, 'dropout': 0.2281617799041139, 'hidden_continuous_size': 5, 'attention_head_size': 1, 'learning_rate': 0.004878914266207029}. Best is trial 22 with value: 45.69382095336914.
LOCAL_RANK: 0 - CUDA_VISIBLE_DEVICES: [0]
[I 2023-12-16 00:36:24,032] Trial 44 finished with value: 141.2219696044922 and parameters: {'gradient_clip_val': 0.4464079113961346, 'hidden_size': 7, 'dropout': 0.13254860047198724, 'hidden_continuous_size': 5, 'attention_head_size': 1, 'learning_rate': 0.013335731302212248}. Best is trial 22 with value: 45.69382095336914.
LOCAL_RANK: 0 - CUDA_VISIBLE_DEVICES: [0]
[I 2023-12-16 00:37:08,666] Trial 45 finished with value: 82.0911865234375 and parameters: {'gradient_clip_val': 0.4603215500453053, 'hidden_size': 10, 'dropout': 0.21253044477875582, 'hidden_continuous_size': 6, 'attention_head_size': 1, 'learning_rate': 0.0032932598920550017}. Best is trial 22 with value: 45.69382095336914.
LOCAL_RANK: 0 - CUDA_VISIBLE_DEVICES: [0]
[I 2023-12-16 00:37:53,369] Trial 46 finished with value: 108.1494369506836 and parameters: {'gradient_clip_val': 0.3430371808178664, 'hidden_size': 10, 'dropout': 0.21114665337760588, 'hidden_continuous_size': 6, 'attention_head_size': 2, 'learning_rate': 0.002001921243968608}. Best is trial 22 with value: 45.69382095336914.
LOCAL_RANK: 0 - CUDA_VISIBLE_DEVICES: [0]
[I 2023-12-16 00:38:39,383] Trial 47 finished with value: 121.76483917236328 and parameters: {'gradient_clip_val': 0.5664742695137926, 'hidden_size': 15, 'dropout': 0.2563168195770111, 'hidden_continuous_size': 9, 'attention_head_size': 3, 'learning_rate': 0.0031592433959046727}. Best is trial 22 with value: 45.69382095336914.
LOCAL_RANK: 0 - CUDA_VISIBLE_DEVICES: [0]
[I 2023-12-16 00:39:24,075] Trial 48 finished with value: 118.35419464111328 and parameters: {'gradient_clip_val': 0.6922358263102905, 'hidden_size': 13, 'dropout': 0.2367791458684287, 'hidden_continuous_size': 6, 'attention_head_size': 1, 'learning_rate': 0.0026184444760945402}. Best is trial 22 with value: 45.69382095336914.
LOCAL_RANK: 0 - CUDA_VISIBLE_DEVICES: [0]
[I 2023-12-16 00:40:08,331] Trial 49 finished with value: 90.4615249633789 and parameters: {'gradient_clip_val': 0.2493223282277001, 'hidden_size': 6, 'dropout': 0.2074049361307364, 'hidden_continuous_size': 5, 'attention_head_size': 1, 'learning_rate': 0.0035450206016322}. Best is trial 22 with value: 45.69382095336914.
[I 2023-12-16 00:40:08,428] A new study created in memory with name: no-name-ff4f5698-7f30-499e-802d-a15c521c3407
/home/le004/conda/anaconda3/envs/tsff_env/lib/python3.9/site-packages/lightning/fabric/plugins/environments/slurm.py:191: The `srun` command is available on your system but is not used. HINT: If your intention is to run Lightning on SLURM, prepend your python command with `srun` like so: srun python /home/le004/master_thesis/git/TSFusionForecast/code/ ...
LOCAL_RANK: 0 - CUDA_VISIBLE_DEVICES: [0]
[I 2023-12-16 00:41:01,119] Trial 0 finished with value: 105.62765502929688 and parameters: {'gradient_clip_val': 0.5943172407708271, 'hidden_size': 42, 'dropout': 0.3039327718433889, 'hidden_continuous_size': 24, 'attention_head_size': 3, 'learning_rate': 0.0008868013073912444}. Best is trial 0 with value: 105.62765502929688.
LOCAL_RANK: 0 - CUDA_VISIBLE_DEVICES: [0]
[I 2023-12-16 00:41:55,721] Trial 1 finished with value: 67.2696533203125 and parameters: {'gradient_clip_val': 0.11363223568830103, 'hidden_size': 99, 'dropout': 0.379747229566721, 'hidden_continuous_size': 22, 'attention_head_size': 2, 'learning_rate': 0.02032937302024665}. Best is trial 1 with value: 67.2696533203125.
LOCAL_RANK: 0 - CUDA_VISIBLE_DEVICES: [0]
[I 2023-12-16 00:42:40,212] Trial 2 finished with value: 60.52853012084961 and parameters: {'gradient_clip_val': 0.9180828131306803, 'hidden_size': 7, 'dropout': 0.28613658233500283, 'hidden_continuous_size': 5, 'attention_head_size': 2, 'learning_rate': 0.0011719894729541084}. Best is trial 2 with value: 60.52853012084961.
LOCAL_RANK: 0 - CUDA_VISIBLE_DEVICES: [0]
[I 2023-12-16 00:43:24,718] Trial 3 finished with value: 74.27457427978516 and parameters: {'gradient_clip_val': 0.31975859290548486, 'hidden_size': 8, 'dropout': 0.15801666680632445, 'hidden_continuous_size': 6, 'attention_head_size': 4, 'learning_rate': 0.0013865217298290344}. Best is trial 2 with value: 60.52853012084961.
LOCAL_RANK: 0 - CUDA_VISIBLE_DEVICES: [0]
[I 2023-12-16 00:44:13,665] Trial 4 finished with value: 87.35359954833984 and parameters: {'gradient_clip_val': 0.637446773017688, 'hidden_size': 30, 'dropout': 0.26759566935359713, 'hidden_continuous_size': 11, 'attention_head_size': 2, 'learning_rate': 0.006466796528198841}. Best is trial 2 with value: 60.52853012084961.
LOCAL_RANK: 0 - CUDA_VISIBLE_DEVICES: [0]
[I 2023-12-16 00:45:09,233] Trial 5 finished with value: 82.30901336669922 and parameters: {'gradient_clip_val': 0.6331439580594271, 'hidden_size': 76, 'dropout': 0.3456935337587157, 'hidden_continuous_size': 67, 'attention_head_size': 2, 'learning_rate': 0.009763714598866723}. Best is trial 2 with value: 60.52853012084961.
LOCAL_RANK: 0 - CUDA_VISIBLE_DEVICES: [0]
[I 2023-12-16 00:45:57,893] Trial 6 finished with value: 67.70806121826172 and parameters: {'gradient_clip_val': 0.1388238036024261, 'hidden_size': 22, 'dropout': 0.2411813445127237, 'hidden_continuous_size': 10, 'attention_head_size': 3, 'learning_rate': 0.023853209377514582}. Best is trial 2 with value: 60.52853012084961.
LOCAL_RANK: 0 - CUDA_VISIBLE_DEVICES: [0]
[I 2023-12-16 00:46:31,459] Trial 7 finished with value: 95.36965942382812 and parameters: {'gradient_clip_val': 0.3271907420709549, 'hidden_size': 5, 'dropout': 0.3728874396553381, 'hidden_continuous_size': 5, 'attention_head_size': 1, 'learning_rate': 0.05398792861899598}. Best is trial 2 with value: 60.52853012084961.
LOCAL_RANK: 0 - CUDA_VISIBLE_DEVICES: [0]
[I 2023-12-16 00:47:27,231] Trial 8 finished with value: 90.46431732177734 and parameters: {'gradient_clip_val': 0.1475032171233593, 'hidden_size': 97, 'dropout': 0.3790666676544453, 'hidden_continuous_size': 44, 'attention_head_size': 2, 'learning_rate': 0.015548169053924307}. Best is trial 2 with value: 60.52853012084961.
LOCAL_RANK: 0 - CUDA_VISIBLE_DEVICES: [0]
[I 2023-12-16 00:48:00,445] Trial 9 finished with value: 89.9441909790039 and parameters: {'gradient_clip_val': 0.3710187962535864, 'hidden_size': 5, 'dropout': 0.2953825042391865, 'hidden_continuous_size': 5, 'attention_head_size': 1, 'learning_rate': 0.03313634747028874}. Best is trial 2 with value: 60.52853012084961.
LOCAL_RANK: 0 - CUDA_VISIBLE_DEVICES: [0]
[I 2023-12-16 00:48:46,115] Trial 10 finished with value: 75.7586898803711 and parameters: {'gradient_clip_val': 0.8174254971545749, 'hidden_size': 13, 'dropout': 0.20293902387107804, 'hidden_continuous_size': 6, 'attention_head_size': 4, 'learning_rate': 0.0005442149979627106}. Best is trial 2 with value: 60.52853012084961.
LOCAL_RANK: 0 - CUDA_VISIBLE_DEVICES: [0]
[I 2023-12-16 00:49:31,114] Trial 11 finished with value: 85.76216888427734 and parameters: {'gradient_clip_val': 0.10439102355555346, 'hidden_size': 13, 'dropout': 0.3933741963013098, 'hidden_continuous_size': 7, 'attention_head_size': 2, 'learning_rate': 0.0916769876815962}. Best is trial 2 with value: 60.52853012084961.
LOCAL_RANK: 0 - CUDA_VISIBLE_DEVICES: [0]
[I 2023-12-16 00:50:23,520] Trial 12 finished with value: 87.76663970947266 and parameters: {'gradient_clip_val': 0.2084466164357788, 'hidden_size': 49, 'dropout': 0.3220144292586952, 'hidden_continuous_size': 17, 'attention_head_size': 1, 'learning_rate': 0.0035313768496945874}. Best is trial 2 with value: 60.52853012084961.
LOCAL_RANK: 0 - CUDA_VISIBLE_DEVICES: [0]
[I 2023-12-16 00:51:16,736] Trial 13 finished with value: 76.2848129272461 and parameters: {'gradient_clip_val': 0.9830098381782774, 'hidden_size': 61, 'dropout': 0.33626686229723485, 'hidden_continuous_size': 21, 'attention_head_size': 3, 'learning_rate': 0.0035625651889044326}. Best is trial 2 with value: 60.52853012084961.
LOCAL_RANK: 0 - CUDA_VISIBLE_DEVICES: [0]
[I 2023-12-16 00:52:12,054] Trial 14 finished with value: 115.42633056640625 and parameters: {'gradient_clip_val': 0.24243892105130468, 'hidden_size': 98, 'dropout': 0.2631698743700611, 'hidden_continuous_size': 33, 'attention_head_size': 2, 'learning_rate': 0.0015882767468446356}. Best is trial 2 with value: 60.52853012084961.
LOCAL_RANK: 0 - CUDA_VISIBLE_DEVICES: [0]
[I 2023-12-16 00:53:01,819] Trial 15 finished with value: 71.00433349609375 and parameters: {'gradient_clip_val': 0.440738727256846, 'hidden_size': 36, 'dropout': 0.10472909339404882, 'hidden_continuous_size': 14, 'attention_head_size': 3, 'learning_rate': 0.01185914242487383}. Best is trial 2 with value: 60.52853012084961.
LOCAL_RANK: 0 - CUDA_VISIBLE_DEVICES: [0]
[I 2023-12-16 00:53:50,109] Trial 16 finished with value: 58.31381607055664 and parameters: {'gradient_clip_val': 0.2333796017054503, 'hidden_size': 26, 'dropout': 0.357859678696398, 'hidden_continuous_size': 9, 'attention_head_size': 1, 'learning_rate': 0.005348431989351885}. Best is trial 16 with value: 58.31381607055664.
LOCAL_RANK: 0 - CUDA_VISIBLE_DEVICES: [0]
[I 2023-12-16 00:54:37,867] Trial 17 finished with value: 84.13846588134766 and parameters: {'gradient_clip_val': 0.23536169424666226, 'hidden_size': 23, 'dropout': 0.34472211624833726, 'hidden_continuous_size': 8, 'attention_head_size': 1, 'learning_rate': 0.0030854899573859364}. Best is trial 16 with value: 58.31381607055664.
LOCAL_RANK: 0 - CUDA_VISIBLE_DEVICES: [0]
[I 2023-12-16 00:55:23,360] Trial 18 finished with value: 76.28909301757812 and parameters: {'gradient_clip_val': 0.46095736821508004, 'hidden_size': 15, 'dropout': 0.29646651791197637, 'hidden_continuous_size': 9, 'attention_head_size': 1, 'learning_rate': 0.0061345379514758285}. Best is trial 16 with value: 58.31381607055664.
LOCAL_RANK: 0 - CUDA_VISIBLE_DEVICES: [0]
[I 2023-12-16 00:56:09,062] Trial 19 finished with value: 59.13423156738281 and parameters: {'gradient_clip_val': 0.9720524081956226, 'hidden_size': 17, 'dropout': 0.35540715881682394, 'hidden_continuous_size': 8, 'attention_head_size': 1, 'learning_rate': 0.0019871206979205232}. Best is trial 16 with value: 58.31381607055664.
LOCAL_RANK: 0 - CUDA_VISIBLE_DEVICES: [0]
[I 2023-12-16 00:56:56,299] Trial 20 finished with value: 88.08919525146484 and parameters: {'gradient_clip_val': 0.24820700853569802, 'hidden_size': 28, 'dropout': 0.3580818533039356, 'hidden_continuous_size': 8, 'attention_head_size': 1, 'learning_rate': 0.0020981588112714356}. Best is trial 16 with value: 58.31381607055664.
LOCAL_RANK: 0 - CUDA_VISIBLE_DEVICES: [0]
[I 2023-12-16 00:57:41,639] Trial 21 finished with value: 25.73313331604004 and parameters: {'gradient_clip_val': 0.98772472214828, 'hidden_size': 17, 'dropout': 0.3975282185678181, 'hidden_continuous_size': 7, 'attention_head_size': 1, 'learning_rate': 0.0008792701193006915}. Best is trial 21 with value: 25.73313331604004.
LOCAL_RANK: 0 - CUDA_VISIBLE_DEVICES: [0]
[I 2023-12-16 00:58:26,873] Trial 22 finished with value: 48.4622688293457 and parameters: {'gradient_clip_val': 0.7829773807942766, 'hidden_size': 17, 'dropout': 0.3982084700146042, 'hidden_continuous_size': 7, 'attention_head_size': 1, 'learning_rate': 0.0023365431085352203}. Best is trial 21 with value: 25.73313331604004.
LOCAL_RANK: 0 - CUDA_VISIBLE_DEVICES: [0]
[I 2023-12-16 00:59:13,216] Trial 23 finished with value: 34.399330139160156 and parameters: {'gradient_clip_val': 0.764141830224259, 'hidden_size': 19, 'dropout': 0.38912849428113516, 'hidden_continuous_size': 7, 'attention_head_size': 1, 'learning_rate': 0.0008214089434776355}. Best is trial 21 with value: 25.73313331604004.
LOCAL_RANK: 0 - CUDA_VISIBLE_DEVICES: [0]
[I 2023-12-16 00:59:59,125] Trial 24 finished with value: 67.96195983886719 and parameters: {'gradient_clip_val': 0.8097421379033785, 'hidden_size': 18, 'dropout': 0.39848422613762696, 'hidden_continuous_size': 7, 'attention_head_size': 1, 'learning_rate': 0.0005180207248564778}. Best is trial 21 with value: 25.73313331604004.
LOCAL_RANK: 0 - CUDA_VISIBLE_DEVICES: [0]
[I 2023-12-16 01:00:43,707] Trial 25 finished with value: 58.969242095947266 and parameters: {'gradient_clip_val': 0.7573536725108682, 'hidden_size': 11, 'dropout': 0.399561529836077, 'hidden_continuous_size': 6, 'attention_head_size': 1, 'learning_rate': 0.0008825364307100848}. Best is trial 21 with value: 25.73313331604004.
LOCAL_RANK: 0 - CUDA_VISIBLE_DEVICES: [0]
[I 2023-12-16 01:01:30,164] Trial 26 finished with value: 32.66293716430664 and parameters: {'gradient_clip_val': 0.6879955531564154, 'hidden_size': 19, 'dropout': 0.3737340001804518, 'hidden_continuous_size': 7, 'attention_head_size': 1, 'learning_rate': 0.0008140643406640174}. Best is trial 21 with value: 25.73313331604004.
LOCAL_RANK: 0 - CUDA_VISIBLE_DEVICES: [0]
[I 2023-12-16 01:02:17,346] Trial 27 finished with value: 80.68617248535156 and parameters: {'gradient_clip_val': 0.5477784567312303, 'hidden_size': 21, 'dropout': 0.3305877362226557, 'hidden_continuous_size': 6, 'attention_head_size': 2, 'learning_rate': 0.0007368139707750804}. Best is trial 21 with value: 25.73313331604004.
LOCAL_RANK: 0 - CUDA_VISIBLE_DEVICES: [0]
[I 2023-12-16 01:03:06,038] Trial 28 finished with value: 77.71097564697266 and parameters: {'gradient_clip_val': 0.7315486595194588, 'hidden_size': 31, 'dropout': 0.3718735299496345, 'hidden_continuous_size': 12, 'attention_head_size': 1, 'learning_rate': 0.0011441787017870536}. Best is trial 21 with value: 25.73313331604004.
LOCAL_RANK: 0 - CUDA_VISIBLE_DEVICES: [0]
[I 2023-12-16 01:03:55,932] Trial 29 finished with value: 84.97119140625 and parameters: {'gradient_clip_val': 0.5454617904320712, 'hidden_size': 39, 'dropout': 0.31203620052541703, 'hidden_continuous_size': 10, 'attention_head_size': 1, 'learning_rate': 0.0007662028007273199}. Best is trial 21 with value: 25.73313331604004.
LOCAL_RANK: 0 - CUDA_VISIBLE_DEVICES: [0]
[I 2023-12-16 01:04:41,964] Trial 30 finished with value: 33.263423919677734 and parameters: {'gradient_clip_val': 0.6716600719768676, 'hidden_size': 20, 'dropout': 0.31829475842903254, 'hidden_continuous_size': 7, 'attention_head_size': 2, 'learning_rate': 0.0009987884739879479}. Best is trial 21 with value: 25.73313331604004.
LOCAL_RANK: 0 - CUDA_VISIBLE_DEVICES: [0]
[I 2023-12-16 01:05:28,115] Trial 31 finished with value: 72.6014633178711 and parameters: {'gradient_clip_val': 0.6481207395198221, 'hidden_size': 20, 'dropout': 0.32320949657877013, 'hidden_continuous_size': 7, 'attention_head_size': 2, 'learning_rate': 0.000995101660141159}. Best is trial 21 with value: 25.73313331604004.
LOCAL_RANK: 0 - CUDA_VISIBLE_DEVICES: [0]
[I 2023-12-16 01:06:15,043] Trial 32 finished with value: 49.80642318725586 and parameters: {'gradient_clip_val': 0.89054222131687, 'hidden_size': 24, 'dropout': 0.37953270628352653, 'hidden_continuous_size': 9, 'attention_head_size': 1, 'learning_rate': 0.0006705637400165566}. Best is trial 21 with value: 25.73313331604004.
LOCAL_RANK: 0 - CUDA_VISIBLE_DEVICES: [0]
[I 2023-12-16 01:07:02,016] Trial 33 finished with value: 36.334381103515625 and parameters: {'gradient_clip_val': 0.7083109779583091, 'hidden_size': 19, 'dropout': 0.3637320235891315, 'hidden_continuous_size': 8, 'attention_head_size': 2, 'learning_rate': 0.0010493384756774398}. Best is trial 21 with value: 25.73313331604004.
LOCAL_RANK: 0 - CUDA_VISIBLE_DEVICES: [0]
[I 2023-12-16 01:07:47,499] Trial 34 finished with value: 53.553497314453125 and parameters: {'gradient_clip_val': 0.9999065797212734, 'hidden_size': 11, 'dropout': 0.3448789806030678, 'hidden_continuous_size': 7, 'attention_head_size': 3, 'learning_rate': 0.0014357638514020078}. Best is trial 21 with value: 25.73313331604004.
LOCAL_RANK: 0 - CUDA_VISIBLE_DEVICES: [0]
[I 2023-12-16 01:08:32,703] Trial 35 finished with value: 51.95875930786133 and parameters: {'gradient_clip_val': 0.8347397078418813, 'hidden_size': 15, 'dropout': 0.3823282081145877, 'hidden_continuous_size': 6, 'attention_head_size': 2, 'learning_rate': 0.0005197171732970357}. Best is trial 21 with value: 25.73313331604004.
LOCAL_RANK: 0 - CUDA_VISIBLE_DEVICES: [0]
[I 2023-12-16 01:09:21,883] Trial 36 finished with value: 63.69245529174805 and parameters: {'gradient_clip_val': 0.670568537877129, 'hidden_size': 33, 'dropout': 0.36220824806215035, 'hidden_continuous_size': 5, 'attention_head_size': 4, 'learning_rate': 0.001269087728898146}. Best is trial 21 with value: 25.73313331604004.
LOCAL_RANK: 0 - CUDA_VISIBLE_DEVICES: [0]
[I 2023-12-16 01:10:10,112] Trial 37 finished with value: 48.0372314453125 and parameters: {'gradient_clip_val': 0.5591080884359045, 'hidden_size': 25, 'dropout': 0.31739060816891296, 'hidden_continuous_size': 6, 'attention_head_size': 2, 'learning_rate': 0.0008829326103391286}. Best is trial 21 with value: 25.73313331604004.
LOCAL_RANK: 0 - CUDA_VISIBLE_DEVICES: [0]
[I 2023-12-16 01:10:57,682] Trial 38 finished with value: 40.5858039855957 and parameters: {'gradient_clip_val': 0.8768531374094817, 'hidden_size': 27, 'dropout': 0.33854654240659293, 'hidden_continuous_size': 5, 'attention_head_size': 1, 'learning_rate': 0.0007211257098420319}. Best is trial 21 with value: 25.73313331604004.
LOCAL_RANK: 0 - CUDA_VISIBLE_DEVICES: [0]
[I 2023-12-16 01:11:45,712] Trial 39 finished with value: 102.05904388427734 and parameters: {'gradient_clip_val': 0.6110105058947914, 'hidden_size': 22, 'dropout': 0.38135505766143035, 'hidden_continuous_size': 8, 'attention_head_size': 2, 'learning_rate': 0.001639730175385281}. Best is trial 21 with value: 25.73313331604004.
LOCAL_RANK: 0 - CUDA_VISIBLE_DEVICES: [0]
[I 2023-12-16 01:12:32,819] Trial 40 finished with value: 65.3447036743164 and parameters: {'gradient_clip_val': 0.7246879196763795, 'hidden_size': 32, 'dropout': 0.30934695293561176, 'hidden_continuous_size': 11, 'attention_head_size': 1, 'learning_rate': 0.0011831051335636008}. Best is trial 21 with value: 25.73313331604004.
LOCAL_RANK: 0 - CUDA_VISIBLE_DEVICES: [0]
[I 2023-12-16 01:13:19,862] Trial 41 finished with value: 44.561161041259766 and parameters: {'gradient_clip_val': 0.7012293066960213, 'hidden_size': 19, 'dropout': 0.37110614781008916, 'hidden_continuous_size': 8, 'attention_head_size': 2, 'learning_rate': 0.000991893833273002}. Best is trial 21 with value: 25.73313331604004.
LOCAL_RANK: 0 - CUDA_VISIBLE_DEVICES: [0]
[I 2023-12-16 01:14:05,987] Trial 42 finished with value: 70.65007781982422 and parameters: {'gradient_clip_val': 0.846606144242551, 'hidden_size': 20, 'dropout': 0.36464265466704315, 'hidden_continuous_size': 7, 'attention_head_size': 2, 'learning_rate': 0.0011090161211237141}. Best is trial 21 with value: 25.73313331604004.
LOCAL_RANK: 0 - CUDA_VISIBLE_DEVICES: [0]
[I 2023-12-16 01:14:50,139] Trial 43 finished with value: 45.1483154296875 and parameters: {'gradient_clip_val': 0.6735339448354402, 'hidden_size': 16, 'dropout': 0.38757688721173694, 'hidden_continuous_size': 7, 'attention_head_size': 2, 'learning_rate': 0.0006002259392766272}. Best is trial 21 with value: 25.73313331604004.
LOCAL_RANK: 0 - CUDA_VISIBLE_DEVICES: [0]
[I 2023-12-16 01:15:37,737] Trial 44 finished with value: 54.223388671875 and parameters: {'gradient_clip_val': 0.7695738414169975, 'hidden_size': 19, 'dropout': 0.3542302311370575, 'hidden_continuous_size': 8, 'attention_head_size': 3, 'learning_rate': 0.0008230244775316108}. Best is trial 21 with value: 25.73313331604004.
LOCAL_RANK: 0 - CUDA_VISIBLE_DEVICES: [0]
