[I 2023-12-26 17:04:39,587] Trial 31 finished with value: 312.1424865722656 and parameters: {'gradient_clip_val': 0.5913416204612848, 'hidden_size': 10, 'dropout': 0.49342670584459275, 'hidden_continuous_size': 7, 'attention_head_size': 2, 'learning_rate': 0.019946614768626324}. Best is trial 0 with value: 81.62310791015625.
[I 2023-12-26 17:04:42,102] Trial 32 finished with value: 364.3020935058594 and parameters: {'gradient_clip_val': 0.6420319340894994, 'hidden_size': 11, 'dropout': 0.4746853848588007, 'hidden_continuous_size': 7, 'attention_head_size': 2, 'learning_rate': 0.008666065302666254}. Best is trial 0 with value: 81.62310791015625.
[I 2023-12-26 17:04:44,475] Trial 33 finished with value: 313.6990661621094 and parameters: {'gradient_clip_val': 0.5389217374322024, 'hidden_size': 7, 'dropout': 0.4519257872554044, 'hidden_continuous_size': 6, 'attention_head_size': 2, 'learning_rate': 0.012193325883571861}. Best is trial 0 with value: 81.62310791015625.
[I 2023-12-26 17:04:47,106] Trial 34 finished with value: 316.4675598144531 and parameters: {'gradient_clip_val': 0.4220407378214414, 'hidden_size': 15, 'dropout': 0.4826255295738365, 'hidden_continuous_size': 9, 'attention_head_size': 2, 'learning_rate': 0.021303589324967554}. Best is trial 0 with value: 81.62310791015625.
[I 2023-12-26 17:04:49,931] Trial 35 finished with value: 293.4112548828125 and parameters: {'gradient_clip_val': 0.11386317713431915, 'hidden_size': 20, 'dropout': 0.45299303780512923, 'hidden_continuous_size': 10, 'attention_head_size': 3, 'learning_rate': 0.032249586192954725}. Best is trial 0 with value: 81.62310791015625.
[I 2023-12-26 17:04:53,022] Trial 36 finished with value: 313.1275329589844 and parameters: {'gradient_clip_val': 0.23297183803629848, 'hidden_size': 26, 'dropout': 0.41968260073955815, 'hidden_continuous_size': 10, 'attention_head_size': 3, 'learning_rate': 0.008610810809204738}. Best is trial 0 with value: 81.62310791015625.
[I 2023-12-26 17:04:55,562] Trial 37 finished with value: 246.1455535888672 and parameters: {'gradient_clip_val': 0.6728480588471507, 'hidden_size': 13, 'dropout': 0.49364940796182016, 'hidden_continuous_size': 7, 'attention_head_size': 2, 'learning_rate': 0.013632213561509962}. Best is trial 0 with value: 81.62310791015625.
[I 2023-12-26 17:04:58,180] Trial 38 finished with value: 324.5546875 and parameters: {'gradient_clip_val': 0.765572755007488, 'hidden_size': 19, 'dropout': 0.4560389300875833, 'hidden_continuous_size': 8, 'attention_head_size': 1, 'learning_rate': 0.003785662974596676}. Best is trial 0 with value: 81.62310791015625.
[I 2023-12-26 17:05:00,557] Trial 39 finished with value: 369.6009216308594 and parameters: {'gradient_clip_val': 0.5071110308090884, 'hidden_size': 8, 'dropout': 0.4991599687452277, 'hidden_continuous_size': 6, 'attention_head_size': 3, 'learning_rate': 0.005823363921580723}. Best is trial 0 with value: 81.62310791015625.
[I 2023-12-26 17:05:03,547] Trial 40 finished with value: 321.036376953125 and parameters: {'gradient_clip_val': 0.5945744954130187, 'hidden_size': 14, 'dropout': 0.4357389226749258, 'hidden_continuous_size': 9, 'attention_head_size': 3, 'learning_rate': 0.0015885069273634657}. Best is trial 0 with value: 81.62310791015625.
[I 2023-12-26 17:05:06,275] Trial 41 finished with value: 271.22393798828125 and parameters: {'gradient_clip_val': 0.448054602051859, 'hidden_size': 18, 'dropout': 0.144154038348634, 'hidden_continuous_size': 13, 'attention_head_size': 2, 'learning_rate': 0.0035035231448299303}. Best is trial 0 with value: 81.62310791015625.
[I 2023-12-26 17:05:09,195] Trial 42 finished with value: 291.81756591796875 and parameters: {'gradient_clip_val': 0.478578157962755, 'hidden_size': 23, 'dropout': 0.2511138579622422, 'hidden_continuous_size': 12, 'attention_head_size': 2, 'learning_rate': 0.0026913745195338602}. Best is trial 0 with value: 81.62310791015625.
[I 2023-12-26 17:05:11,695] Trial 43 finished with value: 189.49989318847656 and parameters: {'gradient_clip_val': 0.40210342386894077, 'hidden_size': 16, 'dropout': 0.14284159514605488, 'hidden_continuous_size': 10, 'attention_head_size': 2, 'learning_rate': 0.004152946717567037}. Best is trial 0 with value: 81.62310791015625.
[I 2023-12-26 17:05:14,198] Trial 44 finished with value: 301.3436279296875 and parameters: {'gradient_clip_val': 0.3919999678791525, 'hidden_size': 16, 'dropout': 0.404200974430912, 'hidden_continuous_size': 10, 'attention_head_size': 2, 'learning_rate': 0.0044472059937891795}. Best is trial 0 with value: 81.62310791015625.
[I 2023-12-26 17:05:16,678] Trial 45 finished with value: 342.219482421875 and parameters: {'gradient_clip_val': 0.36513566994173446, 'hidden_size': 13, 'dropout': 0.3703875148821531, 'hidden_continuous_size': 8, 'attention_head_size': 1, 'learning_rate': 0.0012979952166323272}. Best is trial 0 with value: 81.62310791015625.
[I 2023-12-26 17:05:19,962] Trial 46 finished with value: 318.1302795410156 and parameters: {'gradient_clip_val': 0.10071115494389969, 'hidden_size': 28, 'dropout': 0.24920390199876985, 'hidden_continuous_size': 13, 'attention_head_size': 2, 'learning_rate': 0.006752188786254979}. Best is trial 0 with value: 81.62310791015625.
[I 2023-12-26 17:05:22,548] Trial 47 finished with value: 342.0621032714844 and parameters: {'gradient_clip_val': 0.46365534984221723, 'hidden_size': 11, 'dropout': 0.478943839392588, 'hidden_continuous_size': 7, 'attention_head_size': 2, 'learning_rate': 0.004110635399731026}. Best is trial 0 with value: 81.62310791015625.
[I 2023-12-26 17:05:25,688] Trial 48 finished with value: 188.955078125 and parameters: {'gradient_clip_val': 0.13584345470353446, 'hidden_size': 32, 'dropout': 0.44679119443093546, 'hidden_continuous_size': 15, 'attention_head_size': 1, 'learning_rate': 0.0021428780239922205}. Best is trial 0 with value: 81.62310791015625.
[I 2023-12-26 17:05:29,459] Trial 49 finished with value: 280.0610046386719 and parameters: {'gradient_clip_val': 0.1377411869418062, 'hidden_size': 40, 'dropout': 0.4475585254091023, 'hidden_continuous_size': 18, 'attention_head_size': 1, 'learning_rate': 0.002383679484420476}. Best is trial 0 with value: 81.62310791015625.
[I 2023-12-26 17:05:29,651] A new study created in memory with name: no-name-0469e6a5-2ce4-454c-8708-57d124037279
/home/le004/conda/anaconda3/envs/tsff_env/lib/python3.9/site-packages/lightning/fabric/plugins/environments/slurm.py:191: The `srun` command is available on your system but is not used. HINT: If your intention is to run Lightning on SLURM, prepend your python command with `srun` like so: srun python /home/le004/master_thesis/git/TSFusionForecast/code/ ...
[I 2023-12-26 17:09:06,565] Trial 0 finished with value: 101.468994140625 and parameters: {'gradient_clip_val': 0.9413543642768994, 'hidden_size': 5, 'dropout': 0.48941744943298104, 'hidden_continuous_size': 5, 'attention_head_size': 4, 'learning_rate': 0.008466460078090727}. Best is trial 0 with value: 101.468994140625.
[I 2023-12-26 17:09:08,787] Trial 1 finished with value: 165.062744140625 and parameters: {'gradient_clip_val': 0.1401897000678318, 'hidden_size': 5, 'dropout': 0.31824648575820846, 'hidden_continuous_size': 5, 'attention_head_size': 4, 'learning_rate': 0.0007870138279741105}. Best is trial 0 with value: 101.468994140625.
[I 2023-12-26 17:09:11,209] Trial 2 finished with value: 157.48489379882812 and parameters: {'gradient_clip_val': 0.23306237351070552, 'hidden_size': 10, 'dropout': 0.15383481783112846, 'hidden_continuous_size': 5, 'attention_head_size': 2, 'learning_rate': 0.0005031050645441416}. Best is trial 0 with value: 101.468994140625.
[I 2023-12-26 17:09:21,099] Trial 3 finished with value: 197.2681884765625 and parameters: {'gradient_clip_val': 0.11709098624750021, 'hidden_size': 118, 'dropout': 0.2391236668275105, 'hidden_continuous_size': 41, 'attention_head_size': 3, 'learning_rate': 0.05462359924326212}. Best is trial 0 with value: 101.468994140625.
[I 2023-12-26 17:09:30,909] Trial 4 finished with value: 211.3415069580078 and parameters: {'gradient_clip_val': 0.2492839824366285, 'hidden_size': 118, 'dropout': 0.26449965121284486, 'hidden_continuous_size': 9, 'attention_head_size': 3, 'learning_rate': 0.0008820066383071505}. Best is trial 0 with value: 101.468994140625.
[I 2023-12-26 17:09:33,711] Trial 5 finished with value: 231.9442138671875 and parameters: {'gradient_clip_val': 0.2943748141181336, 'hidden_size': 19, 'dropout': 0.22372765223117255, 'hidden_continuous_size': 12, 'attention_head_size': 4, 'learning_rate': 0.0020884196267716053}. Best is trial 0 with value: 101.468994140625.
[I 2023-12-26 17:09:39,552] Trial 6 finished with value: 239.1119842529297 and parameters: {'gradient_clip_val': 0.5808787892045295, 'hidden_size': 70, 'dropout': 0.1520469048986217, 'hidden_continuous_size': 8, 'attention_head_size': 2, 'learning_rate': 0.06982395077036771}. Best is trial 0 with value: 101.468994140625.
[I 2023-12-26 17:09:42,554] Trial 7 finished with value: 169.6016082763672 and parameters: {'gradient_clip_val': 0.3689612970844334, 'hidden_size': 25, 'dropout': 0.3363547792582158, 'hidden_continuous_size': 9, 'attention_head_size': 2, 'learning_rate': 0.06474817688308782}. Best is trial 0 with value: 101.468994140625.
[I 2023-12-26 17:09:44,729] Trial 8 finished with value: 143.36721801757812 and parameters: {'gradient_clip_val': 0.917988651833796, 'hidden_size': 5, 'dropout': 0.2602600593226798, 'hidden_continuous_size': 5, 'attention_head_size': 3, 'learning_rate': 0.001655574653532564}. Best is trial 0 with value: 101.468994140625.
[I 2023-12-26 17:09:47,293] Trial 9 finished with value: 157.85203552246094 and parameters: {'gradient_clip_val': 0.1641661503450389, 'hidden_size': 12, 'dropout': 0.13202134720349334, 'hidden_continuous_size': 9, 'attention_head_size': 4, 'learning_rate': 0.004587790805825737}. Best is trial 0 with value: 101.468994140625.
[I 2023-12-26 17:09:51,677] Trial 10 finished with value: 301.4711608886719 and parameters: {'gradient_clip_val': 0.9527577043629695, 'hidden_size': 45, 'dropout': 0.4695266025449884, 'hidden_continuous_size': 19, 'attention_head_size': 1, 'learning_rate': 0.014207709025785512}. Best is trial 0 with value: 101.468994140625.
[I 2023-12-26 17:09:53,767] Trial 11 finished with value: 203.34027099609375 and parameters: {'gradient_clip_val': 0.9133823734793964, 'hidden_size': 5, 'dropout': 0.47943703609052396, 'hidden_continuous_size': 5, 'attention_head_size': 3, 'learning_rate': 0.007601031104503719}. Best is trial 0 with value: 101.468994140625.
[I 2023-12-26 17:09:56,133] Trial 12 finished with value: 299.8777160644531 and parameters: {'gradient_clip_val': 0.6357433858887733, 'hidden_size': 8, 'dropout': 0.3935670921010766, 'hidden_continuous_size': 5, 'attention_head_size': 4, 'learning_rate': 0.002209659302672307}. Best is trial 0 with value: 101.468994140625.
[I 2023-12-26 17:09:58,341] Trial 13 finished with value: 236.9947052001953 and parameters: {'gradient_clip_val': 0.6718069350013862, 'hidden_size': 5, 'dropout': 0.39420667151487876, 'hidden_continuous_size': 5, 'attention_head_size': 3, 'learning_rate': 0.017982089177897155}. Best is trial 0 with value: 101.468994140625.
[I 2023-12-26 17:10:01,016] Trial 14 finished with value: 212.59373474121094 and parameters: {'gradient_clip_val': 0.4322811896847543, 'hidden_size': 14, 'dropout': 0.3842279044887109, 'hidden_continuous_size': 6, 'attention_head_size': 4, 'learning_rate': 0.0027576827104979704}. Best is trial 0 with value: 101.468994140625.
[I 2023-12-26 17:10:03,295] Trial 15 finished with value: 154.33258056640625 and parameters: {'gradient_clip_val': 0.9672833106599611, 'hidden_size': 8, 'dropout': 0.4434791290564816, 'hidden_continuous_size': 5, 'attention_head_size': 3, 'learning_rate': 0.006879565867188977}. Best is trial 0 with value: 101.468994140625.
[I 2023-12-26 17:10:05,947] Trial 16 finished with value: 228.4419708251953 and parameters: {'gradient_clip_val': 0.5181460014718676, 'hidden_size': 7, 'dropout': 0.49179529724496485, 'hidden_continuous_size': 5, 'attention_head_size': 1, 'learning_rate': 0.0015883026473422998}. Best is trial 0 with value: 101.468994140625.
[I 2023-12-26 17:10:08,399] Trial 17 finished with value: 186.5148468017578 and parameters: {'gradient_clip_val': 0.7289384663011867, 'hidden_size': 16, 'dropout': 0.28165001783711735, 'hidden_continuous_size': 6, 'attention_head_size': 4, 'learning_rate': 0.004013086811870189}. Best is trial 0 with value: 101.468994140625.
[I 2023-12-26 17:10:10,880] Trial 18 finished with value: 240.13092041015625 and parameters: {'gradient_clip_val': 0.4763364310326408, 'hidden_size': 10, 'dropout': 0.3459105550361158, 'hidden_continuous_size': 6, 'attention_head_size': 3, 'learning_rate': 0.0015791873430964802}. Best is trial 0 with value: 101.468994140625.
[I 2023-12-26 17:10:13,221] Trial 19 finished with value: 247.266845703125 and parameters: {'gradient_clip_val': 0.8024456140702475, 'hidden_size': 7, 'dropout': 0.43733698942377397, 'hidden_continuous_size': 5, 'attention_head_size': 2, 'learning_rate': 0.012826291034622706}. Best is trial 0 with value: 101.468994140625.
[I 2023-12-26 17:10:16,038] Trial 20 finished with value: 228.1870880126953 and parameters: {'gradient_clip_val': 0.7377742167752839, 'hidden_size': 19, 'dropout': 0.20252750146440585, 'hidden_continuous_size': 7, 'attention_head_size': 4, 'learning_rate': 0.028364038818640965}. Best is trial 0 with value: 101.468994140625.
[I 2023-12-26 17:10:18,414] Trial 21 finished with value: 180.0014190673828 and parameters: {'gradient_clip_val': 0.9341133250057095, 'hidden_size': 7, 'dropout': 0.44308972080803566, 'hidden_continuous_size': 5, 'attention_head_size': 3, 'learning_rate': 0.00734589710721321}. Best is trial 0 with value: 101.468994140625.
[I 2023-12-26 17:10:20,539] Trial 22 finished with value: 248.78106689453125 and parameters: {'gradient_clip_val': 0.8119049946833296, 'hidden_size': 5, 'dropout': 0.4963795115934858, 'hidden_continuous_size': 5, 'attention_head_size': 3, 'learning_rate': 0.005547532644216246}. Best is trial 0 with value: 101.468994140625.
[I 2023-12-26 17:10:23,066] Trial 23 finished with value: 207.4640655517578 and parameters: {'gradient_clip_val': 0.9873783182483332, 'hidden_size': 10, 'dropout': 0.4360949087878973, 'hidden_continuous_size': 6, 'attention_head_size': 3, 'learning_rate': 0.00875712386904249}. Best is trial 0 with value: 101.468994140625.
[I 2023-12-26 17:10:25,409] Trial 24 finished with value: 257.67108154296875 and parameters: {'gradient_clip_val': 0.6039830105055871, 'hidden_size': 7, 'dropout': 0.28945712318725186, 'hidden_continuous_size': 5, 'attention_head_size': 2, 'learning_rate': 0.003823021205559356}. Best is trial 0 with value: 101.468994140625.
[I 2023-12-26 17:10:27,787] Trial 25 finished with value: 186.8846893310547 and parameters: {'gradient_clip_val': 0.793575173671056, 'hidden_size': 6, 'dropout': 0.3719588945993118, 'hidden_continuous_size': 5, 'attention_head_size': 3, 'learning_rate': 0.0032933429355670864}. Best is trial 0 with value: 101.468994140625.
[I 2023-12-26 17:10:30,257] Trial 26 finished with value: 234.2117156982422 and parameters: {'gradient_clip_val': 0.5650577123376139, 'hidden_size': 9, 'dropout': 0.424173988985567, 'hidden_continuous_size': 5, 'attention_head_size': 4, 'learning_rate': 0.005199910030090073}. Best is trial 0 with value: 101.468994140625.
[I 2023-12-26 17:10:32,679] Trial 27 finished with value: 178.13323974609375 and parameters: {'gradient_clip_val': 0.6975693371670071, 'hidden_size': 6, 'dropout': 0.4637099346498766, 'hidden_continuous_size': 5, 'attention_head_size': 3, 'learning_rate': 0.009569547612223119}. Best is trial 0 with value: 101.468994140625.
[I 2023-12-26 17:10:35,473] Trial 28 finished with value: 244.8311309814453 and parameters: {'gradient_clip_val': 0.9917234646435323, 'hidden_size': 12, 'dropout': 0.40776173069818056, 'hidden_continuous_size': 6, 'attention_head_size': 2, 'learning_rate': 0.023768847215047004}. Best is trial 0 with value: 101.468994140625.
[I 2023-12-26 17:10:37,640] Trial 29 finished with value: 143.71240234375 and parameters: {'gradient_clip_val': 0.8420094120895784, 'hidden_size': 5, 'dropout': 0.4560834547420183, 'hidden_continuous_size': 5, 'attention_head_size': 4, 'learning_rate': 0.006011928470026053}. Best is trial 0 with value: 101.468994140625.
[I 2023-12-26 17:10:40,001] Trial 30 finished with value: 239.6348419189453 and parameters: {'gradient_clip_val': 0.8080071348316694, 'hidden_size': 6, 'dropout': 0.3182395416910555, 'hidden_continuous_size': 5, 'attention_head_size': 4, 'learning_rate': 0.010932347943353293}. Best is trial 0 with value: 101.468994140625.
[I 2023-12-26 17:10:42,205] Trial 31 finished with value: 162.77642822265625 and parameters: {'gradient_clip_val': 0.8699342880031499, 'hidden_size': 5, 'dropout': 0.4551615244692721, 'hidden_continuous_size': 5, 'attention_head_size': 4, 'learning_rate': 0.005976606306293403}. Best is trial 0 with value: 101.468994140625.
[I 2023-12-26 17:10:44,557] Trial 32 finished with value: 281.44293212890625 and parameters: {'gradient_clip_val': 0.6863687812549164, 'hidden_size': 8, 'dropout': 0.4959471820626829, 'hidden_continuous_size': 5, 'attention_head_size': 4, 'learning_rate': 0.0069913333556901784}. Best is trial 0 with value: 101.468994140625.
[I 2023-12-26 17:10:46,689] Trial 33 finished with value: 261.608154296875 and parameters: {'gradient_clip_val': 0.9973617747903555, 'hidden_size': 5, 'dropout': 0.4133403749142093, 'hidden_continuous_size': 5, 'attention_head_size': 4, 'learning_rate': 0.004713719082717979}. Best is trial 0 with value: 101.468994140625.
[I 2023-12-26 17:10:49,188] Trial 34 finished with value: 192.1706085205078 and parameters: {'gradient_clip_val': 0.8468530945952114, 'hidden_size': 9, 'dropout': 0.4628999819173, 'hidden_continuous_size': 6, 'attention_head_size': 3, 'learning_rate': 0.0008458631488273113}. Best is trial 0 with value: 101.468994140625.
[I 2023-12-26 17:10:51,593] Trial 35 finished with value: 197.3938446044922 and parameters: {'gradient_clip_val': 0.6291249852774253, 'hidden_size': 6, 'dropout': 0.42406369248418946, 'hidden_continuous_size': 5, 'attention_head_size': 4, 'learning_rate': 0.010223388558288006}. Best is trial 0 with value: 101.468994140625.
[I 2023-12-26 17:10:53,729] Trial 36 finished with value: 258.6484375 and parameters: {'gradient_clip_val': 0.736418493827488, 'hidden_size': 5, 'dropout': 0.47509553004911437, 'hidden_continuous_size': 5, 'attention_head_size': 3, 'learning_rate': 0.0030839133088963956}. Best is trial 0 with value: 101.468994140625.
[I 2023-12-26 17:10:56,257] Trial 37 finished with value: 170.3541717529297 and parameters: {'gradient_clip_val': 0.8634420136126354, 'hidden_size': 11, 'dropout': 0.3643800565989981, 'hidden_continuous_size': 6, 'attention_head_size': 3, 'learning_rate': 0.000593456557243241}. Best is trial 0 with value: 101.468994140625.
[I 2023-12-26 17:10:58,552] Trial 38 finished with value: 294.0655822753906 and parameters: {'gradient_clip_val': 0.5315444329258923, 'hidden_size': 8, 'dropout': 0.4479311079190227, 'hidden_continuous_size': 5, 'attention_head_size': 2, 'learning_rate': 0.0012237417195310799}. Best is trial 0 with value: 101.468994140625.
[I 2023-12-26 17:11:01,197] Trial 39 finished with value: 258.0238342285156 and parameters: {'gradient_clip_val': 0.3901360782357846, 'hidden_size': 13, 'dropout': 0.2452415705331214, 'hidden_continuous_size': 6, 'attention_head_size': 4, 'learning_rate': 0.006075649033687468}. Best is trial 0 with value: 101.468994140625.
[I 2023-12-26 17:11:03,844] Trial 40 finished with value: 358.7950134277344 and parameters: {'gradient_clip_val': 0.622624187354757, 'hidden_size': 6, 'dropout': 0.4751135295847788, 'hidden_continuous_size': 5, 'attention_head_size': 1, 'learning_rate': 0.0024844065790018475}. Best is trial 0 with value: 101.468994140625.
[I 2023-12-26 17:11:06,373] Trial 41 finished with value: 272.1118469238281 and parameters: {'gradient_clip_val': 0.2598298949855737, 'hidden_size': 10, 'dropout': 0.17159692351462572, 'hidden_continuous_size': 7, 'attention_head_size': 2, 'learning_rate': 0.0005098976775620682}. Best is trial 0 with value: 101.468994140625.
[I 2023-12-26 17:11:08,688] Trial 42 finished with value: 238.10321044921875 and parameters: {'gradient_clip_val': 0.21823968051479156, 'hidden_size': 8, 'dropout': 0.2650703030514193, 'hidden_continuous_size': 5, 'attention_head_size': 2, 'learning_rate': 0.001003562882331827}. Best is trial 0 with value: 101.468994140625.
[I 2023-12-26 17:11:10,788] Trial 43 finished with value: 137.22560119628906 and parameters: {'gradient_clip_val': 0.8954161163466776, 'hidden_size': 5, 'dropout': 0.1045363462919911, 'hidden_continuous_size': 5, 'attention_head_size': 2, 'learning_rate': 0.0016007723334026053}. Best is trial 0 with value: 101.468994140625.
[I 2023-12-26 17:11:12,954] Trial 44 finished with value: 178.48704528808594 and parameters: {'gradient_clip_val': 0.9073183032936422, 'hidden_size': 5, 'dropout': 0.10258863864037117, 'hidden_continuous_size': 5, 'attention_head_size': 2, 'learning_rate': 0.0017473393348511387}. Best is trial 0 with value: 101.468994140625.
[I 2023-12-26 17:11:15,349] Trial 45 finished with value: 176.3048858642578 and parameters: {'gradient_clip_val': 0.7473714413783246, 'hidden_size': 6, 'dropout': 0.31604433768855067, 'hidden_continuous_size': 5, 'attention_head_size': 3, 'learning_rate': 0.0025377185611880444}. Best is trial 0 with value: 101.468994140625.
[I 2023-12-26 17:11:17,408] Trial 46 finished with value: 192.38421630859375 and parameters: {'gradient_clip_val': 0.8767856093095348, 'hidden_size': 5, 'dropout': 0.18932242716238368, 'hidden_continuous_size': 5, 'attention_head_size': 2, 'learning_rate': 0.0033692259238849356}. Best is trial 0 with value: 101.468994140625.
