[I 2023-12-27 11:21:02,487] Trial 43 finished with value: 17.49504280090332 and parameters: {'gradient_clip_val': 0.36537622528163893, 'hidden_size': 95, 'dropout': 0.3575366431203385, 'hidden_continuous_size': 70, 'attention_head_size': 3, 'learning_rate': 0.0005134024781789313}. Best is trial 0 with value: 9.367197036743164.
LOCAL_RANK: 0 - CUDA_VISIBLE_DEVICES: [0]
[I 2023-12-27 11:21:02,985] Trial 44 finished with value: 12.976249694824219 and parameters: {'gradient_clip_val': 0.19987381821060296, 'hidden_size': 74, 'dropout': 0.20375184594402576, 'hidden_continuous_size': 14, 'attention_head_size': 3, 'learning_rate': 0.0007145207768512047}. Best is trial 0 with value: 9.367197036743164.
LOCAL_RANK: 0 - CUDA_VISIBLE_DEVICES: [0]
[I 2023-12-27 11:21:03,496] Trial 45 finished with value: 14.100415229797363 and parameters: {'gradient_clip_val': 0.7074058728308015, 'hidden_size': 100, 'dropout': 0.3197879445812165, 'hidden_continuous_size': 29, 'attention_head_size': 2, 'learning_rate': 0.0009863621820283665}. Best is trial 0 with value: 9.367197036743164.
LOCAL_RANK: 0 - CUDA_VISIBLE_DEVICES: [0]
[I 2023-12-27 11:21:04,044] Trial 46 finished with value: 14.6281156539917 and parameters: {'gradient_clip_val': 0.29458325772271, 'hidden_size': 129, 'dropout': 0.1788773372089906, 'hidden_continuous_size': 92, 'attention_head_size': 4, 'learning_rate': 0.0014066281806954563}. Best is trial 0 with value: 9.367197036743164.
LOCAL_RANK: 0 - CUDA_VISIBLE_DEVICES: [0]
[I 2023-12-27 11:21:04,828] Trial 47 finished with value: 13.58788013458252 and parameters: {'gradient_clip_val': 0.24722975986586632, 'hidden_size': 125, 'dropout': 0.34314806842152173, 'hidden_continuous_size': 70, 'attention_head_size': 3, 'learning_rate': 0.0018622019088046214}. Best is trial 0 with value: 9.367197036743164.
LOCAL_RANK: 0 - CUDA_VISIBLE_DEVICES: [0]
[I 2023-12-27 11:21:05,310] Trial 48 finished with value: 20.14405632019043 and parameters: {'gradient_clip_val': 0.27048131281045323, 'hidden_size': 19, 'dropout': 0.22385040999492223, 'hidden_continuous_size': 8, 'attention_head_size': 1, 'learning_rate': 0.0026452897018251352}. Best is trial 0 with value: 9.367197036743164.
LOCAL_RANK: 0 - CUDA_VISIBLE_DEVICES: [0]
[I 2023-12-27 11:21:05,820] Trial 49 finished with value: 13.24891185760498 and parameters: {'gradient_clip_val': 0.22317337748303087, 'hidden_size': 70, 'dropout': 0.2659297370901658, 'hidden_continuous_size': 21, 'attention_head_size': 3, 'learning_rate': 0.0012173816950572472}. Best is trial 0 with value: 9.367197036743164.
[I 2023-12-27 11:21:05,947] A new study created in memory with name: no-name-d96dd0f4-565e-4151-99ab-13aeddd7e390
/home/le004/conda/anaconda3/envs/tsff_env/lib/python3.9/site-packages/lightning/fabric/plugins/environments/slurm.py:191: The `srun` command is available on your system but is not used. HINT: If your intention is to run Lightning on SLURM, prepend your python command with `srun` like so: srun python /home/le004/master_thesis/git/TSFusionForecast/code/ ...
LOCAL_RANK: 0 - CUDA_VISIBLE_DEVICES: [0]
[I 2023-12-27 11:21:34,872] Trial 0 finished with value: 6.670525074005127 and parameters: {'gradient_clip_val': 0.8035537770452184, 'hidden_size': 39, 'dropout': 0.422212532294291, 'hidden_continuous_size': 5, 'attention_head_size': 2, 'learning_rate': 0.0017859665939653445}. Best is trial 0 with value: 6.670525074005127.
LOCAL_RANK: 0 - CUDA_VISIBLE_DEVICES: [0]
[I 2023-12-27 11:21:44,377] Trial 1 finished with value: 15.866377830505371 and parameters: {'gradient_clip_val': 0.13987471484893835, 'hidden_size': 11, 'dropout': 0.31755109698898787, 'hidden_continuous_size': 7, 'attention_head_size': 3, 'learning_rate': 0.004635164596732004}. Best is trial 0 with value: 6.670525074005127.
LOCAL_RANK: 0 - CUDA_VISIBLE_DEVICES: [0]
[I 2023-12-27 11:21:44,839] Trial 2 finished with value: 19.602663040161133 and parameters: {'gradient_clip_val': 0.18745593054535323, 'hidden_size': 102, 'dropout': 0.26214303079997614, 'hidden_continuous_size': 8, 'attention_head_size': 3, 'learning_rate': 0.003482977949545965}. Best is trial 0 with value: 6.670525074005127.
LOCAL_RANK: 0 - CUDA_VISIBLE_DEVICES: [0]
[I 2023-12-27 11:21:45,288] Trial 3 finished with value: 25.81328773498535 and parameters: {'gradient_clip_val': 0.3555239882169643, 'hidden_size': 38, 'dropout': 0.28981229735620473, 'hidden_continuous_size': 5, 'attention_head_size': 2, 'learning_rate': 0.008094378358634545}. Best is trial 0 with value: 6.670525074005127.
LOCAL_RANK: 0 - CUDA_VISIBLE_DEVICES: [0]
[I 2023-12-27 11:21:45,734] Trial 4 finished with value: 32.288997650146484 and parameters: {'gradient_clip_val': 0.49584372482528566, 'hidden_size': 23, 'dropout': 0.33690596137493656, 'hidden_continuous_size': 5, 'attention_head_size': 2, 'learning_rate': 0.016426353010987223}. Best is trial 0 with value: 6.670525074005127.
LOCAL_RANK: 0 - CUDA_VISIBLE_DEVICES: [0]
[I 2023-12-27 11:21:46,171] Trial 5 finished with value: 31.925186157226562 and parameters: {'gradient_clip_val': 0.16537731180364523, 'hidden_size': 24, 'dropout': 0.13481990951884093, 'hidden_continuous_size': 18, 'attention_head_size': 4, 'learning_rate': 0.0018214589037683381}. Best is trial 0 with value: 6.670525074005127.
LOCAL_RANK: 0 - CUDA_VISIBLE_DEVICES: [0]
[I 2023-12-27 11:21:46,603] Trial 6 finished with value: 31.250776290893555 and parameters: {'gradient_clip_val': 0.19951728497098142, 'hidden_size': 42, 'dropout': 0.18273313994767193, 'hidden_continuous_size': 19, 'attention_head_size': 2, 'learning_rate': 0.016266291827080365}. Best is trial 0 with value: 6.670525074005127.
LOCAL_RANK: 0 - CUDA_VISIBLE_DEVICES: [0]
[I 2023-12-27 11:21:47,298] Trial 7 finished with value: 33.28494644165039 and parameters: {'gradient_clip_val': 0.27179481758536156, 'hidden_size': 8, 'dropout': 0.3681832205092215, 'hidden_continuous_size': 6, 'attention_head_size': 1, 'learning_rate': 0.011042822169941529}. Best is trial 0 with value: 6.670525074005127.
LOCAL_RANK: 0 - CUDA_VISIBLE_DEVICES: [0]
[I 2023-12-27 11:21:47,740] Trial 8 finished with value: 30.73651123046875 and parameters: {'gradient_clip_val': 0.6353295315663924, 'hidden_size': 12, 'dropout': 0.1398639006279082, 'hidden_continuous_size': 7, 'attention_head_size': 2, 'learning_rate': 0.040403736754178826}. Best is trial 0 with value: 6.670525074005127.
LOCAL_RANK: 0 - CUDA_VISIBLE_DEVICES: [0]
[I 2023-12-27 11:21:48,147] Trial 9 finished with value: 29.58513832092285 and parameters: {'gradient_clip_val': 0.38010378700686787, 'hidden_size': 5, 'dropout': 0.21807012699735098, 'hidden_continuous_size': 5, 'attention_head_size': 3, 'learning_rate': 0.08950591641300336}. Best is trial 0 with value: 6.670525074005127.
LOCAL_RANK: 0 - CUDA_VISIBLE_DEVICES: [0]
[I 2023-12-27 11:21:48,662] Trial 10 finished with value: 23.92249298095703 and parameters: {'gradient_clip_val': 0.9232042906898978, 'hidden_size': 128, 'dropout': 0.4725409033168976, 'hidden_continuous_size': 72, 'attention_head_size': 1, 'learning_rate': 0.0005843553623057198}. Best is trial 0 with value: 6.670525074005127.
LOCAL_RANK: 0 - CUDA_VISIBLE_DEVICES: [0]
[I 2023-12-27 11:21:49,166] Trial 11 finished with value: 23.622116088867188 and parameters: {'gradient_clip_val': 0.11483007095710393, 'hidden_size': 13, 'dropout': 0.4062183141202083, 'hidden_continuous_size': 6, 'attention_head_size': 4, 'learning_rate': 0.0025237160883941545}. Best is trial 0 with value: 6.670525074005127.
LOCAL_RANK: 0 - CUDA_VISIBLE_DEVICES: [0]
[I 2023-12-27 11:21:49,637] Trial 12 finished with value: 29.102989196777344 and parameters: {'gradient_clip_val': 0.10622976668784145, 'hidden_size': 64, 'dropout': 0.42259853195729946, 'hidden_continuous_size': 10, 'attention_head_size': 3, 'learning_rate': 0.0012584073911767783}. Best is trial 0 with value: 6.670525074005127.
LOCAL_RANK: 0 - CUDA_VISIBLE_DEVICES: [0]
[I 2023-12-27 11:21:50,105] Trial 13 finished with value: 22.82355308532715 and parameters: {'gradient_clip_val': 0.7774199965044876, 'hidden_size': 17, 'dropout': 0.4820004273624708, 'hidden_continuous_size': 6, 'attention_head_size': 3, 'learning_rate': 0.004129309966325733}. Best is trial 0 with value: 6.670525074005127.
LOCAL_RANK: 0 - CUDA_VISIBLE_DEVICES: [0]
[I 2023-12-27 11:21:50,553] Trial 14 finished with value: 20.2071475982666 and parameters: {'gradient_clip_val': 0.5941339751901841, 'hidden_size': 38, 'dropout': 0.34305654657245915, 'hidden_continuous_size': 9, 'attention_head_size': 1, 'learning_rate': 0.004959414487209246}. Best is trial 0 with value: 6.670525074005127.
LOCAL_RANK: 0 - CUDA_VISIBLE_DEVICES: [0]
[I 2023-12-27 11:21:51,020] Trial 15 finished with value: 30.931182861328125 and parameters: {'gradient_clip_val': 0.9969426661243442, 'hidden_size': 9, 'dropout': 0.29276669856476895, 'hidden_continuous_size': 5, 'attention_head_size': 4, 'learning_rate': 0.001209881726098816}. Best is trial 0 with value: 6.670525074005127.
LOCAL_RANK: 0 - CUDA_VISIBLE_DEVICES: [0]
[I 2023-12-27 11:21:51,486] Trial 16 finished with value: 28.663671493530273 and parameters: {'gradient_clip_val': 0.2806375665025494, 'hidden_size': 18, 'dropout': 0.4247014325679038, 'hidden_continuous_size': 7, 'attention_head_size': 2, 'learning_rate': 0.005935220935406081}. Best is trial 0 with value: 6.670525074005127.
LOCAL_RANK: 0 - CUDA_VISIBLE_DEVICES: [0]
[I 2023-12-27 11:21:51,982] Trial 17 finished with value: 42.9792594909668 and parameters: {'gradient_clip_val': 0.42152503189197993, 'hidden_size': 67, 'dropout': 0.3615908829755747, 'hidden_continuous_size': 12, 'attention_head_size': 3, 'learning_rate': 0.0005035691926503652}. Best is trial 0 with value: 6.670525074005127.
LOCAL_RANK: 0 - CUDA_VISIBLE_DEVICES: [0]
[I 2023-12-27 11:21:52,491] Trial 18 finished with value: 19.905038833618164 and parameters: {'gradient_clip_val': 0.5063313790129912, 'hidden_size': 29, 'dropout': 0.24664405375223833, 'hidden_continuous_size': 7, 'attention_head_size': 2, 'learning_rate': 0.003282319177734995}. Best is trial 0 with value: 6.670525074005127.
LOCAL_RANK: 0 - CUDA_VISIBLE_DEVICES: [0]
[I 2023-12-27 11:21:52,894] Trial 19 finished with value: 29.571327209472656 and parameters: {'gradient_clip_val': 0.2451466887219885, 'hidden_size': 5, 'dropout': 0.3001963361438459, 'hidden_continuous_size': 5, 'attention_head_size': 3, 'learning_rate': 0.002114119105274815}. Best is trial 0 with value: 6.670525074005127.
LOCAL_RANK: 0 - CUDA_VISIBLE_DEVICES: [0]
[I 2023-12-27 11:21:53,637] Trial 20 finished with value: 29.52971839904785 and parameters: {'gradient_clip_val': 0.34914599869960783, 'hidden_size': 16, 'dropout': 0.49731490913111165, 'hidden_continuous_size': 6, 'attention_head_size': 4, 'learning_rate': 0.0010892815855818717}. Best is trial 0 with value: 6.670525074005127.
LOCAL_RANK: 0 - CUDA_VISIBLE_DEVICES: [0]
[I 2023-12-27 11:21:54,156] Trial 21 finished with value: 20.36064910888672 and parameters: {'gradient_clip_val': 0.1332601214411953, 'hidden_size': 139, 'dropout': 0.23902963790284348, 'hidden_continuous_size': 13, 'attention_head_size': 3, 'learning_rate': 0.00392869259570944}. Best is trial 0 with value: 6.670525074005127.
LOCAL_RANK: 0 - CUDA_VISIBLE_DEVICES: [0]
[I 2023-12-27 11:21:54,635] Trial 22 finished with value: 18.822525024414062 and parameters: {'gradient_clip_val': 0.16960705008797794, 'hidden_size': 67, 'dropout': 0.3125140795782683, 'hidden_continuous_size': 9, 'attention_head_size': 3, 'learning_rate': 0.0031900242079518915}. Best is trial 0 with value: 6.670525074005127.
LOCAL_RANK: 0 - CUDA_VISIBLE_DEVICES: [0]
[I 2023-12-27 11:21:55,147] Trial 23 finished with value: 25.581193923950195 and parameters: {'gradient_clip_val': 0.15996061959998864, 'hidden_size': 57, 'dropout': 0.3242316661949868, 'hidden_continuous_size': 10, 'attention_head_size': 3, 'learning_rate': 0.0022904058898103284}. Best is trial 0 with value: 6.670525074005127.
LOCAL_RANK: 0 - CUDA_VISIBLE_DEVICES: [0]
[I 2023-12-27 11:21:55,663] Trial 24 finished with value: 32.84280776977539 and parameters: {'gradient_clip_val': 0.2281535399457774, 'hidden_size': 80, 'dropout': 0.38019630054829323, 'hidden_continuous_size': 9, 'attention_head_size': 2, 'learning_rate': 0.006685051071047529}. Best is trial 0 with value: 6.670525074005127.
LOCAL_RANK: 0 - CUDA_VISIBLE_DEVICES: [0]
[I 2023-12-27 11:21:56,162] Trial 25 finished with value: 31.91404151916504 and parameters: {'gradient_clip_val': 0.13893013261982168, 'hidden_size': 30, 'dropout': 0.3226726604648549, 'hidden_continuous_size': 8, 'attention_head_size': 3, 'learning_rate': 0.0031250682984263495}. Best is trial 0 with value: 6.670525074005127.
LOCAL_RANK: 0 - CUDA_VISIBLE_DEVICES: [0]
[I 2023-12-27 11:21:56,663] Trial 26 finished with value: 24.57758331298828 and parameters: {'gradient_clip_val': 0.2982496095772498, 'hidden_size': 51, 'dropout': 0.40206029155399226, 'hidden_continuous_size': 12, 'attention_head_size': 4, 'learning_rate': 0.0016882830406905432}. Best is trial 0 with value: 6.670525074005127.
LOCAL_RANK: 0 - CUDA_VISIBLE_DEVICES: [0]
[I 2023-12-27 11:21:57,167] Trial 27 finished with value: 31.9462833404541 and parameters: {'gradient_clip_val': 0.21371758263743812, 'hidden_size': 89, 'dropout': 0.44655953869946585, 'hidden_continuous_size': 15, 'attention_head_size': 2, 'learning_rate': 0.004851972426204008}. Best is trial 0 with value: 6.670525074005127.
LOCAL_RANK: 0 - CUDA_VISIBLE_DEVICES: [0]
[I 2023-12-27 11:21:57,645] Trial 28 finished with value: 28.77854347229004 and parameters: {'gradient_clip_val': 0.16978673229284716, 'hidden_size': 49, 'dropout': 0.3799612963920422, 'hidden_continuous_size': 7, 'attention_head_size': 1, 'learning_rate': 0.000745436976605268}. Best is trial 0 with value: 6.670525074005127.
LOCAL_RANK: 0 - CUDA_VISIBLE_DEVICES: [0]
[I 2023-12-27 11:21:58,165] Trial 29 finished with value: 30.8829288482666 and parameters: {'gradient_clip_val': 0.19513938249132762, 'hidden_size': 105, 'dropout': 0.27121925085094123, 'hidden_continuous_size': 34, 'attention_head_size': 3, 'learning_rate': 0.0032590957476333307}. Best is trial 0 with value: 6.670525074005127.
LOCAL_RANK: 0 - CUDA_VISIBLE_DEVICES: [0]
[I 2023-12-27 11:21:58,639] Trial 30 finished with value: 29.411178588867188 and parameters: {'gradient_clip_val': 0.24378154197557697, 'hidden_size': 74, 'dropout': 0.45072349204113415, 'hidden_continuous_size': 9, 'attention_head_size': 3, 'learning_rate': 0.0017092982361480173}. Best is trial 0 with value: 6.670525074005127.
LOCAL_RANK: 0 - CUDA_VISIBLE_DEVICES: [0]
[I 2023-12-27 11:21:59,144] Trial 31 finished with value: 28.549619674682617 and parameters: {'gradient_clip_val': 0.10031231880424912, 'hidden_size': 94, 'dropout': 0.275940804787603, 'hidden_continuous_size': 8, 'attention_head_size': 3, 'learning_rate': 0.0068108164853672385}. Best is trial 0 with value: 6.670525074005127.
LOCAL_RANK: 0 - CUDA_VISIBLE_DEVICES: [0]
[I 2023-12-27 11:21:59,637] Trial 32 finished with value: 28.23802375793457 and parameters: {'gradient_clip_val': 0.1824418163346151, 'hidden_size': 36, 'dropout': 0.32312937851282053, 'hidden_continuous_size': 5, 'attention_head_size': 2, 'learning_rate': 0.008886298026153715}. Best is trial 0 with value: 6.670525074005127.
LOCAL_RANK: 0 - CUDA_VISIBLE_DEVICES: [0]
[I 2023-12-27 11:22:00,374] Trial 33 finished with value: 27.87034034729004 and parameters: {'gradient_clip_val': 0.14393310611607937, 'hidden_size': 59, 'dropout': 0.30101518880091266, 'hidden_continuous_size': 8, 'attention_head_size': 3, 'learning_rate': 0.002790040582502291}. Best is trial 0 with value: 6.670525074005127.
LOCAL_RANK: 0 - CUDA_VISIBLE_DEVICES: [0]
[I 2023-12-27 11:22:00,897] Trial 34 finished with value: 32.906253814697266 and parameters: {'gradient_clip_val': 0.12431369274888422, 'hidden_size': 116, 'dropout': 0.3635400351495216, 'hidden_continuous_size': 11, 'attention_head_size': 4, 'learning_rate': 0.004329347565008719}. Best is trial 0 with value: 6.670525074005127.
LOCAL_RANK: 0 - CUDA_VISIBLE_DEVICES: [0]
[I 2023-12-27 11:22:01,398] Trial 35 finished with value: 19.762685775756836 and parameters: {'gradient_clip_val': 0.14723559370982045, 'hidden_size': 79, 'dropout': 0.3421519328840435, 'hidden_continuous_size': 6, 'attention_head_size': 2, 'learning_rate': 0.009150199781732728}. Best is trial 0 with value: 6.670525074005127.
LOCAL_RANK: 0 - CUDA_VISIBLE_DEVICES: [0]
[I 2023-12-27 11:22:01,895] Trial 36 finished with value: 32.37690734863281 and parameters: {'gradient_clip_val': 0.1822744653062733, 'hidden_size': 45, 'dropout': 0.26448000290453394, 'hidden_continuous_size': 6, 'attention_head_size': 3, 'learning_rate': 0.002196427467586003}. Best is trial 0 with value: 6.670525074005127.
LOCAL_RANK: 0 - CUDA_VISIBLE_DEVICES: [0]
[I 2023-12-27 11:22:02,372] Trial 37 finished with value: 31.488012313842773 and parameters: {'gradient_clip_val': 0.20513367354670844, 'hidden_size': 102, 'dropout': 0.21224762965936256, 'hidden_continuous_size': 15, 'attention_head_size': 2, 'learning_rate': 0.0055294540340447545}. Best is trial 0 with value: 6.670525074005127.
LOCAL_RANK: 0 - CUDA_VISIBLE_DEVICES: [0]
[I 2023-12-27 11:22:02,868] Trial 38 finished with value: 38.33341979980469 and parameters: {'gradient_clip_val': 0.1576607136866754, 'hidden_size': 21, 'dropout': 0.2937403709238318, 'hidden_continuous_size': 7, 'attention_head_size': 3, 'learning_rate': 0.003790720157786636}. Best is trial 0 with value: 6.670525074005127.
LOCAL_RANK: 0 - CUDA_VISIBLE_DEVICES: [0]
[I 2023-12-27 11:22:03,403] Trial 39 finished with value: 31.496728897094727 and parameters: {'gradient_clip_val': 0.12310678797677425, 'hidden_size': 138, 'dropout': 0.17176148682837455, 'hidden_continuous_size': 20, 'attention_head_size': 4, 'learning_rate': 0.012749097624910766}. Best is trial 0 with value: 6.670525074005127.
LOCAL_RANK: 0 - CUDA_VISIBLE_DEVICES: [0]
[I 2023-12-27 11:22:03,886] Trial 40 finished with value: 25.111785888671875 and parameters: {'gradient_clip_val': 0.26507442990781804, 'hidden_size': 34, 'dropout': 0.24709142887739635, 'hidden_continuous_size': 5, 'attention_head_size': 2, 'learning_rate': 0.0026954488333625695}. Best is trial 0 with value: 6.670525074005127.
LOCAL_RANK: 0 - CUDA_VISIBLE_DEVICES: [0]
[I 2023-12-27 11:22:04,427] Trial 41 finished with value: 28.261018753051758 and parameters: {'gradient_clip_val': 0.14714517345073652, 'hidden_size': 77, 'dropout': 0.35228592063434244, 'hidden_continuous_size': 6, 'attention_head_size': 2, 'learning_rate': 0.009427943611046648}. Best is trial 0 with value: 6.670525074005127.
LOCAL_RANK: 0 - CUDA_VISIBLE_DEVICES: [0]
[I 2023-12-27 11:22:04,913] Trial 42 finished with value: 28.102731704711914 and parameters: {'gradient_clip_val': 0.17666113364052097, 'hidden_size': 43, 'dropout': 0.33748470345729914, 'hidden_continuous_size': 7, 'attention_head_size': 2, 'learning_rate': 0.006843743410005735}. Best is trial 0 with value: 6.670525074005127.
LOCAL_RANK: 0 - CUDA_VISIBLE_DEVICES: [0]
[I 2023-12-27 11:22:05,411] Trial 43 finished with value: 29.202667236328125 and parameters: {'gradient_clip_val': 0.1623394834089254, 'hidden_size': 69, 'dropout': 0.30709947084522216, 'hidden_continuous_size': 6, 'attention_head_size': 1, 'learning_rate': 0.01927737533075475}. Best is trial 0 with value: 6.670525074005127.
LOCAL_RANK: 0 - CUDA_VISIBLE_DEVICES: [0]
[I 2023-12-27 11:22:05,891] Trial 44 finished with value: 36.16242599487305 and parameters: {'gradient_clip_val': 0.12149857178352935, 'hidden_size': 89, 'dropout': 0.34303782103478553, 'hidden_continuous_size': 5, 'attention_head_size': 2, 'learning_rate': 0.007908476279567802}. Best is trial 0 with value: 6.670525074005127.
LOCAL_RANK: 0 - CUDA_VISIBLE_DEVICES: [0]
[I 2023-12-27 11:22:06,412] Trial 45 finished with value: 21.16920280456543 and parameters: {'gradient_clip_val': 0.11017510759659821, 'hidden_size': 54, 'dropout': 0.3155945018362152, 'hidden_continuous_size': 6, 'attention_head_size': 3, 'learning_rate': 0.0051379046165941885}. Best is trial 0 with value: 6.670525074005127.
LOCAL_RANK: 0 - CUDA_VISIBLE_DEVICES: [0]
[I 2023-12-27 11:22:07,135] Trial 46 finished with value: 37.579166412353516 and parameters: {'gradient_clip_val': 0.13426664293422355, 'hidden_size': 116, 'dropout': 0.27853215203427795, 'hidden_continuous_size': 10, 'attention_head_size': 3, 'learning_rate': 0.0040961905859983935}. Best is trial 0 with value: 6.670525074005127.
LOCAL_RANK: 0 - CUDA_VISIBLE_DEVICES: [0]
[I 2023-12-27 11:22:07,644] Trial 47 finished with value: 27.361963272094727 and parameters: {'gradient_clip_val': 0.18905140208182508, 'hidden_size': 63, 'dropout': 0.3303771043035954, 'hidden_continuous_size': 8, 'attention_head_size': 2, 'learning_rate': 0.001902551359225792}. Best is trial 0 with value: 6.670525074005127.
LOCAL_RANK: 0 - CUDA_VISIBLE_DEVICES: [0]
[I 2023-12-27 11:22:08,112] Trial 48 finished with value: 25.215988159179688 and parameters: {'gradient_clip_val': 0.2139699971932702, 'hidden_size': 42, 'dropout': 0.3086128585792811, 'hidden_continuous_size': 7, 'attention_head_size': 1, 'learning_rate': 0.003305059231530794}. Best is trial 0 with value: 6.670525074005127.
LOCAL_RANK: 0 - CUDA_VISIBLE_DEVICES: [0]
