[I 2023-12-26 11:41:16,627] Trial 29 finished with value: 411.5052185058594 and parameters: {'gradient_clip_val': 0.4955487731549564, 'hidden_size': 81, 'dropout': 0.26600064325720535, 'hidden_continuous_size': 12, 'attention_head_size': 3, 'learning_rate': 0.0018353308307262112}. Best is trial 0 with value: 193.01133728027344.
[I 2023-12-26 11:41:21,830] Trial 30 finished with value: 626.7655639648438 and parameters: {'gradient_clip_val': 0.4543178219455802, 'hidden_size': 87, 'dropout': 0.4689041350483014, 'hidden_continuous_size': 9, 'attention_head_size': 2, 'learning_rate': 0.00395386376633796}. Best is trial 0 with value: 193.01133728027344.
[I 2023-12-26 11:41:27,589] Trial 31 finished with value: 515.2489624023438 and parameters: {'gradient_clip_val': 0.5413156226762685, 'hidden_size': 88, 'dropout': 0.2723870359688887, 'hidden_continuous_size': 12, 'attention_head_size': 3, 'learning_rate': 0.0021542360063986857}. Best is trial 0 with value: 193.01133728027344.
[I 2023-12-26 11:41:33,130] Trial 32 finished with value: 379.3323059082031 and parameters: {'gradient_clip_val': 0.5069213343054306, 'hidden_size': 69, 'dropout': 0.27326929978350784, 'hidden_continuous_size': 13, 'attention_head_size': 3, 'learning_rate': 0.0018063034259615564}. Best is trial 0 with value: 193.01133728027344.
[I 2023-12-26 11:41:35,781] Trial 33 finished with value: 632.0750122070312 and parameters: {'gradient_clip_val': 0.6572074110255638, 'hidden_size': 20, 'dropout': 0.4279894894956859, 'hidden_continuous_size': 8, 'attention_head_size': 3, 'learning_rate': 0.0042167705328842835}. Best is trial 0 with value: 193.01133728027344.
[I 2023-12-26 11:41:39,779] Trial 34 finished with value: 749.23681640625 and parameters: {'gradient_clip_val': 0.5728170682612408, 'hidden_size': 55, 'dropout': 0.25564761296600963, 'hidden_continuous_size': 14, 'attention_head_size': 4, 'learning_rate': 0.0031906209502698657}. Best is trial 0 with value: 193.01133728027344.
[I 2023-12-26 11:41:49,321] Trial 35 finished with value: 467.0272521972656 and parameters: {'gradient_clip_val': 0.8409435612611151, 'hidden_size': 149, 'dropout': 0.30706967144473646, 'hidden_continuous_size': 16, 'attention_head_size': 3, 'learning_rate': 0.001568424773479747}. Best is trial 0 with value: 193.01133728027344.
[I 2023-12-26 11:41:51,911] Trial 36 finished with value: 555.9983520507812 and parameters: {'gradient_clip_val': 0.4188563277463061, 'hidden_size': 40, 'dropout': 0.2901107353272185, 'hidden_continuous_size': 7, 'attention_head_size': 2, 'learning_rate': 0.0026057270267677104}. Best is trial 0 with value: 193.01133728027344.
[I 2023-12-26 11:42:01,271] Trial 37 finished with value: 596.52490234375 and parameters: {'gradient_clip_val': 0.8905050539608581, 'hidden_size': 118, 'dropout': 0.4105866421300394, 'hidden_continuous_size': 107, 'attention_head_size': 4, 'learning_rate': 0.0012129859081734505}. Best is trial 0 with value: 193.01133728027344.
[I 2023-12-26 11:42:03,225] Trial 38 finished with value: 497.8342590332031 and parameters: {'gradient_clip_val': 0.33412372142457303, 'hidden_size': 6, 'dropout': 0.30298372769376997, 'hidden_continuous_size': 5, 'attention_head_size': 3, 'learning_rate': 0.009292871476525882}. Best is trial 0 with value: 193.01133728027344.
[I 2023-12-26 11:42:07,579] Trial 39 finished with value: 478.0626220703125 and parameters: {'gradient_clip_val': 0.47549456869203827, 'hidden_size': 68, 'dropout': 0.3411979191902894, 'hidden_continuous_size': 19, 'attention_head_size': 2, 'learning_rate': 0.0009906173998433228}. Best is trial 0 with value: 193.01133728027344.
[I 2023-12-26 11:42:13,558] Trial 40 finished with value: 614.8715209960938 and parameters: {'gradient_clip_val': 0.37862212262455913, 'hidden_size': 97, 'dropout': 0.39166113380777284, 'hidden_continuous_size': 10, 'attention_head_size': 3, 'learning_rate': 0.0016382224845830822}. Best is trial 0 with value: 193.01133728027344.
[I 2023-12-26 11:42:17,506] Trial 41 finished with value: 674.7582397460938 and parameters: {'gradient_clip_val': 0.5096196704573132, 'hidden_size': 73, 'dropout': 0.2767122945041535, 'hidden_continuous_size': 13, 'attention_head_size': 3, 'learning_rate': 0.002041207510508899}. Best is trial 0 with value: 193.01133728027344.
[I 2023-12-26 11:42:21,502] Trial 42 finished with value: 660.5130004882812 and parameters: {'gradient_clip_val': 0.5596987576379221, 'hidden_size': 74, 'dropout': 0.26372615958969287, 'hidden_continuous_size': 14, 'attention_head_size': 3, 'learning_rate': 0.0026077902799079952}. Best is trial 0 with value: 193.01133728027344.
[I 2023-12-26 11:42:24,469] Trial 43 finished with value: 709.324462890625 and parameters: {'gradient_clip_val': 0.6640322175994531, 'hidden_size': 56, 'dropout': 0.2532298439770522, 'hidden_continuous_size': 10, 'attention_head_size': 3, 'learning_rate': 0.001567233769431179}. Best is trial 0 with value: 193.01133728027344.
[I 2023-12-26 11:42:30,435] Trial 44 finished with value: 342.7065734863281 and parameters: {'gradient_clip_val': 0.44210535031754494, 'hidden_size': 105, 'dropout': 0.2891051133063448, 'hidden_continuous_size': 8, 'attention_head_size': 3, 'learning_rate': 0.0034668347579151376}. Best is trial 0 with value: 193.01133728027344.
[I 2023-12-26 11:42:36,644] Trial 45 finished with value: 526.4037475585938 and parameters: {'gradient_clip_val': 0.43262264963821656, 'hidden_size': 106, 'dropout': 0.3014240596426086, 'hidden_continuous_size': 26, 'attention_head_size': 4, 'learning_rate': 0.0036068170476622305}. Best is trial 0 with value: 193.01133728027344.
[I 2023-12-26 11:42:43,638] Trial 46 finished with value: 435.066650390625 and parameters: {'gradient_clip_val': 0.3816170020130947, 'hidden_size': 118, 'dropout': 0.21609353700425799, 'hidden_continuous_size': 8, 'attention_head_size': 3, 'learning_rate': 0.006176797979396319}. Best is trial 0 with value: 193.01133728027344.
[I 2023-12-26 11:42:45,467] Trial 47 finished with value: 560.2402954101562 and parameters: {'gradient_clip_val': 0.5921759698724054, 'hidden_size': 6, 'dropout': 0.28527867918585154, 'hidden_continuous_size': 5, 'attention_head_size': 2, 'learning_rate': 0.0025559617346349894}. Best is trial 0 with value: 193.01133728027344.
[I 2023-12-26 11:42:47,407] Trial 48 finished with value: 545.8772583007812 and parameters: {'gradient_clip_val': 0.2761283974240364, 'hidden_size': 10, 'dropout': 0.31591100594202537, 'hidden_continuous_size': 7, 'attention_head_size': 2, 'learning_rate': 0.005145789326759448}. Best is trial 0 with value: 193.01133728027344.
[I 2023-12-26 11:42:52,884] Trial 49 finished with value: 568.6201171875 and parameters: {'gradient_clip_val': 0.4629556973410336, 'hidden_size': 98, 'dropout': 0.3314735317229364, 'hidden_continuous_size': 6, 'attention_head_size': 3, 'learning_rate': 0.003901960763794576}. Best is trial 0 with value: 193.01133728027344.
[I 2023-12-26 11:42:53,023] A new study created in memory with name: no-name-2699d891-b633-4cb2-934c-bec9b4c885bb
/home/le004/conda/anaconda3/envs/tsff_env/lib/python3.9/site-packages/lightning/fabric/plugins/environments/slurm.py:191: The `srun` command is available on your system but is not used. HINT: If your intention is to run Lightning on SLURM, prepend your python command with `srun` like so: srun python /home/le004/master_thesis/git/TSFusionForecast/code/ ...
[I 2023-12-26 11:45:38,549] Trial 0 finished with value: 205.33892822265625 and parameters: {'gradient_clip_val': 0.842457059396105, 'hidden_size': 42, 'dropout': 0.41978181800716563, 'hidden_continuous_size': 33, 'attention_head_size': 4, 'learning_rate': 0.08418878155304063}. Best is trial 0 with value: 205.33892822265625.
[I 2023-12-26 11:45:41,649] Trial 1 finished with value: 835.8840942382812 and parameters: {'gradient_clip_val': 0.10852740117506302, 'hidden_size': 51, 'dropout': 0.40877658816205686, 'hidden_continuous_size': 7, 'attention_head_size': 4, 'learning_rate': 0.0007870105515989668}. Best is trial 0 with value: 205.33892822265625.
[I 2023-12-26 11:45:46,734] Trial 2 finished with value: 640.1408081054688 and parameters: {'gradient_clip_val': 0.2274274507318008, 'hidden_size': 86, 'dropout': 0.4348119419068899, 'hidden_continuous_size': 56, 'attention_head_size': 4, 'learning_rate': 0.021787806177379687}. Best is trial 0 with value: 205.33892822265625.
[I 2023-12-26 11:45:48,887] Trial 3 finished with value: 773.1862182617188 and parameters: {'gradient_clip_val': 0.2950329685097456, 'hidden_size': 21, 'dropout': 0.4625626952136038, 'hidden_continuous_size': 6, 'attention_head_size': 4, 'learning_rate': 0.042765327632860554}. Best is trial 0 with value: 205.33892822265625.
[I 2023-12-26 11:45:53,344] Trial 4 finished with value: 654.9076538085938 and parameters: {'gradient_clip_val': 0.7120525005892846, 'hidden_size': 81, 'dropout': 0.37419160568869725, 'hidden_continuous_size': 12, 'attention_head_size': 4, 'learning_rate': 0.02383009561817005}. Best is trial 0 with value: 205.33892822265625.
[I 2023-12-26 11:45:55,270] Trial 5 finished with value: 779.431396484375 and parameters: {'gradient_clip_val': 0.5099480951358641, 'hidden_size': 11, 'dropout': 0.10268144098212431, 'hidden_continuous_size': 5, 'attention_head_size': 3, 'learning_rate': 0.03199032997083902}. Best is trial 0 with value: 205.33892822265625.
[I 2023-12-26 11:45:57,873] Trial 6 finished with value: 615.6723022460938 and parameters: {'gradient_clip_val': 0.14558220370470945, 'hidden_size': 38, 'dropout': 0.16124750176217129, 'hidden_continuous_size': 15, 'attention_head_size': 4, 'learning_rate': 0.004904257549852771}. Best is trial 0 with value: 205.33892822265625.
[I 2023-12-26 11:46:01,065] Trial 7 finished with value: 747.3665161132812 and parameters: {'gradient_clip_val': 0.12963726864565403, 'hidden_size': 64, 'dropout': 0.30233215165553473, 'hidden_continuous_size': 5, 'attention_head_size': 4, 'learning_rate': 0.0012877232800331262}. Best is trial 0 with value: 205.33892822265625.
[I 2023-12-26 11:46:08,531] Trial 8 finished with value: 471.6265563964844 and parameters: {'gradient_clip_val': 0.1880068906522675, 'hidden_size': 132, 'dropout': 0.10893718530185584, 'hidden_continuous_size': 5, 'attention_head_size': 1, 'learning_rate': 0.011024557473231975}. Best is trial 0 with value: 205.33892822265625.
[I 2023-12-26 11:46:10,920] Trial 9 finished with value: 559.6307983398438 and parameters: {'gradient_clip_val': 0.4480156683044918, 'hidden_size': 33, 'dropout': 0.48651535423842507, 'hidden_continuous_size': 9, 'attention_head_size': 3, 'learning_rate': 0.000762267872266478}. Best is trial 0 with value: 205.33892822265625.
[I 2023-12-26 11:46:12,600] Trial 10 finished with value: 643.2305297851562 and parameters: {'gradient_clip_val': 0.9265872810157124, 'hidden_size': 5, 'dropout': 0.3552942381296331, 'hidden_continuous_size': 5, 'attention_head_size': 1, 'learning_rate': 0.07854792856886497}. Best is trial 0 with value: 205.33892822265625.
[I 2023-12-26 11:46:19,823] Trial 11 finished with value: 1016.4279174804688 and parameters: {'gradient_clip_val': 0.9974915599983745, 'hidden_size': 123, 'dropout': 0.1915893940499116, 'hidden_continuous_size': 23, 'attention_head_size': 1, 'learning_rate': 0.09461544070388761}. Best is trial 0 with value: 205.33892822265625.
[I 2023-12-26 11:46:29,633] Trial 12 finished with value: 601.0736694335938 and parameters: {'gradient_clip_val': 0.20006827136384087, 'hidden_size': 145, 'dropout': 0.2564930414538484, 'hidden_continuous_size': 47, 'attention_head_size': 2, 'learning_rate': 0.008498372919496783}. Best is trial 0 with value: 205.33892822265625.
[I 2023-12-26 11:46:40,844] Trial 13 finished with value: 763.6538696289062 and parameters: {'gradient_clip_val': 0.3633539321997765, 'hidden_size': 146, 'dropout': 0.30151966875852354, 'hidden_continuous_size': 142, 'attention_head_size': 2, 'learning_rate': 0.01095371311052193}. Best is trial 0 with value: 205.33892822265625.
[I 2023-12-26 11:46:43,152] Trial 14 finished with value: 532.634765625 and parameters: {'gradient_clip_val': 0.5892422252434062, 'hidden_size': 23, 'dropout': 0.25460402360826845, 'hidden_continuous_size': 7, 'attention_head_size': 2, 'learning_rate': 0.00404586209822622}. Best is trial 0 with value: 205.33892822265625.
[I 2023-12-26 11:46:46,332] Trial 15 finished with value: 519.6134643554688 and parameters: {'gradient_clip_val': 0.34630218712256045, 'hidden_size': 47, 'dropout': 0.490376321315709, 'hidden_continuous_size': 9, 'attention_head_size': 3, 'learning_rate': 0.014311885599474777}. Best is trial 0 with value: 205.33892822265625.
[I 2023-12-26 11:46:52,265] Trial 16 finished with value: 541.14599609375 and parameters: {'gradient_clip_val': 0.20828548886694143, 'hidden_size': 90, 'dropout': 0.1059535568356536, 'hidden_continuous_size': 19, 'attention_head_size': 1, 'learning_rate': 0.05217540065771872}. Best is trial 0 with value: 205.33892822265625.
[I 2023-12-26 11:46:56,001] Trial 17 finished with value: 782.9170532226562 and parameters: {'gradient_clip_val': 0.6974554135540515, 'hidden_size': 57, 'dropout': 0.3539102110792429, 'hidden_continuous_size': 11, 'attention_head_size': 2, 'learning_rate': 0.05937841958283068}. Best is trial 0 with value: 205.33892822265625.
[I 2023-12-26 11:47:02,788] Trial 18 finished with value: 451.7071533203125 and parameters: {'gradient_clip_val': 0.4196488425613704, 'hidden_size': 101, 'dropout': 0.43392044149628106, 'hidden_continuous_size': 29, 'attention_head_size': 3, 'learning_rate': 0.09408057884958344}. Best is trial 0 with value: 205.33892822265625.
[I 2023-12-26 11:47:05,329] Trial 19 finished with value: 701.1742553710938 and parameters: {'gradient_clip_val': 0.4278837278385285, 'hidden_size': 28, 'dropout': 0.4229691208829036, 'hidden_continuous_size': 21, 'attention_head_size': 3, 'learning_rate': 0.09957365199942494}. Best is trial 0 with value: 205.33892822265625.
[I 2023-12-26 11:47:09,790] Trial 20 finished with value: 680.8109741210938 and parameters: {'gradient_clip_val': 0.7387544305696907, 'hidden_size': 68, 'dropout': 0.3940776254686511, 'hidden_continuous_size': 26, 'attention_head_size': 3, 'learning_rate': 0.04208984592611472}. Best is trial 0 with value: 205.33892822265625.
[I 2023-12-26 11:47:17,229] Trial 21 finished with value: 617.5422973632812 and parameters: {'gradient_clip_val': 0.27119372140653386, 'hidden_size': 110, 'dropout': 0.4551437948491831, 'hidden_continuous_size': 33, 'attention_head_size': 3, 'learning_rate': 0.058756092193439156}. Best is trial 0 with value: 205.33892822265625.
[I 2023-12-26 11:47:23,957] Trial 22 finished with value: 694.6863403320312 and parameters: {'gradient_clip_val': 0.5570442752848374, 'hidden_size': 104, 'dropout': 0.347600171944795, 'hidden_continuous_size': 16, 'attention_head_size': 2, 'learning_rate': 0.027922199648303003}. Best is trial 0 with value: 205.33892822265625.
[I 2023-12-26 11:47:28,709] Trial 23 finished with value: 772.106201171875 and parameters: {'gradient_clip_val': 0.39447635007621146, 'hidden_size': 71, 'dropout': 0.43494319764142814, 'hidden_continuous_size': 29, 'attention_head_size': 1, 'learning_rate': 0.016233925768294476}. Best is trial 0 with value: 205.33892822265625.
[I 2023-12-26 11:47:36,072] Trial 24 finished with value: 460.7085876464844 and parameters: {'gradient_clip_val': 0.3293100790195136, 'hidden_size': 106, 'dropout': 0.39930757281374785, 'hidden_continuous_size': 36, 'attention_head_size': 3, 'learning_rate': 0.035548067821074066}. Best is trial 0 with value: 205.33892822265625.
[I 2023-12-26 11:47:42,867] Trial 25 finished with value: 696.9802856445312 and parameters: {'gradient_clip_val': 0.47238795971871556, 'hidden_size': 101, 'dropout': 0.4130574645866909, 'hidden_continuous_size': 37, 'attention_head_size': 3, 'learning_rate': 0.0698027017549533}. Best is trial 0 with value: 205.33892822265625.
[I 2023-12-26 11:47:45,919] Trial 26 finished with value: 662.5049438476562 and parameters: {'gradient_clip_val': 0.31656014929214366, 'hidden_size': 42, 'dropout': 0.498665403317202, 'hidden_continuous_size': 25, 'attention_head_size': 3, 'learning_rate': 0.09227165428259011}. Best is trial 0 with value: 205.33892822265625.
[I 2023-12-26 11:47:49,879] Trial 27 finished with value: 677.950439453125 and parameters: {'gradient_clip_val': 0.2765768366865768, 'hidden_size': 58, 'dropout': 0.3836352629337838, 'hidden_continuous_size': 19, 'attention_head_size': 4, 'learning_rate': 0.039269819688864095}. Best is trial 0 with value: 205.33892822265625.
[I 2023-12-26 11:47:54,940] Trial 28 finished with value: 677.3326416015625 and parameters: {'gradient_clip_val': 0.38890512493856433, 'hidden_size': 76, 'dropout': 0.4441635483431911, 'hidden_continuous_size': 38, 'attention_head_size': 3, 'learning_rate': 0.06162687802586154}. Best is trial 0 with value: 205.33892822265625.
[I 2023-12-26 11:47:58,575] Trial 29 finished with value: 721.20458984375 and parameters: {'gradient_clip_val': 0.5442132570369661, 'hidden_size': 51, 'dropout': 0.4172960850807365, 'hidden_continuous_size': 29, 'attention_head_size': 4, 'learning_rate': 0.032689784285714056}. Best is trial 0 with value: 205.33892822265625.
[I 2023-12-26 11:48:01,964] Trial 30 finished with value: 750.73583984375 and parameters: {'gradient_clip_val': 0.44251066932290734, 'hidden_size': 50, 'dropout': 0.4662336027918851, 'hidden_continuous_size': 28, 'attention_head_size': 4, 'learning_rate': 0.048468165342322664}. Best is trial 0 with value: 205.33892822265625.
[I 2023-12-26 11:48:10,563] Trial 31 finished with value: 569.02392578125 and parameters: {'gradient_clip_val': 0.3366022848921, 'hidden_size': 126, 'dropout': 0.3902267282366883, 'hidden_continuous_size': 47, 'attention_head_size': 2, 'learning_rate': 0.07035576045224931}. Best is trial 0 with value: 205.33892822265625.
[I 2023-12-26 11:48:16,570] Trial 32 finished with value: 487.5584716796875 and parameters: {'gradient_clip_val': 0.2598810943711169, 'hidden_size': 92, 'dropout': 0.40303033401354627, 'hidden_continuous_size': 16, 'attention_head_size': 3, 'learning_rate': 0.024140093719910653}. Best is trial 0 with value: 205.33892822265625.
[I 2023-12-26 11:48:24,686] Trial 33 finished with value: 672.3701782226562 and parameters: {'gradient_clip_val': 0.2283120847947016, 'hidden_size': 120, 'dropout': 0.44832786794119284, 'hidden_continuous_size': 62, 'attention_head_size': 2, 'learning_rate': 0.018448586391498514}. Best is trial 0 with value: 205.33892822265625.
[I 2023-12-26 11:48:30,507] Trial 34 finished with value: 570.0078735351562 and parameters: {'gradient_clip_val': 0.31113732959918367, 'hidden_size': 86, 'dropout': 0.33177234991530064, 'hidden_continuous_size': 23, 'attention_head_size': 4, 'learning_rate': 0.033778320925334705}. Best is trial 0 with value: 205.33892822265625.
[I 2023-12-26 11:48:40,596] Trial 35 finished with value: 478.9774475097656 and parameters: {'gradient_clip_val': 0.17295359318799375, 'hidden_size': 150, 'dropout': 0.3739232671172187, 'hidden_continuous_size': 36, 'attention_head_size': 3, 'learning_rate': 0.022252659760243647}. Best is trial 0 with value: 205.33892822265625.
[I 2023-12-26 11:48:45,667] Trial 36 finished with value: 692.7516479492188 and parameters: {'gradient_clip_val': 0.10929190350211104, 'hidden_size': 77, 'dropout': 0.41632483668724507, 'hidden_continuous_size': 6, 'attention_head_size': 4, 'learning_rate': 0.04794916393005117}. Best is trial 0 with value: 205.33892822265625.
[I 2023-12-26 11:48:52,138] Trial 37 finished with value: 552.0718383789062 and parameters: {'gradient_clip_val': 0.29412614685423843, 'hidden_size': 98, 'dropout': 0.472803559690761, 'hidden_continuous_size': 13, 'attention_head_size': 1, 'learning_rate': 0.07546564460943089}. Best is trial 0 with value: 205.33892822265625.
[I 2023-12-26 11:48:56,564] Trial 38 finished with value: 456.1734924316406 and parameters: {'gradient_clip_val': 0.23881837180096008, 'hidden_size': 68, 'dropout': 0.4376320772814781, 'hidden_continuous_size': 19, 'attention_head_size': 4, 'learning_rate': 0.030340858546371443}. Best is trial 0 with value: 205.33892822265625.
[I 2023-12-26 11:49:00,906] Trial 39 finished with value: 653.4158325195312 and parameters: {'gradient_clip_val': 0.24527651874290338, 'hidden_size': 63, 'dropout': 0.42762010697277675, 'hidden_continuous_size': 19, 'attention_head_size': 4, 'learning_rate': 0.031622597478705224}. Best is trial 0 with value: 205.33892822265625.
[I 2023-12-26 11:49:03,838] Trial 40 finished with value: 586.9895629882812 and parameters: {'gradient_clip_val': 0.23044488136924726, 'hidden_size': 39, 'dropout': 0.45847176732091593, 'hidden_continuous_size': 22, 'attention_head_size': 4, 'learning_rate': 0.04452788962184746}. Best is trial 0 with value: 205.33892822265625.
[I 2023-12-26 11:49:09,103] Trial 41 finished with value: 622.1991577148438 and parameters: {'gradient_clip_val': 0.17847433380896663, 'hidden_size': 81, 'dropout': 0.4311375525832541, 'hidden_continuous_size': 9, 'attention_head_size': 4, 'learning_rate': 0.02588061207123641}. Best is trial 0 with value: 205.33892822265625.
[I 2023-12-26 11:49:16,795] Trial 42 finished with value: 527.6830444335938 and parameters: {'gradient_clip_val': 0.2906214749293887, 'hidden_size': 117, 'dropout': 0.40628972382024053, 'hidden_continuous_size': 7, 'attention_head_size': 4, 'learning_rate': 0.08205293987685319}. Best is trial 0 with value: 205.33892822265625.
[I 2023-12-26 11:49:21,585] Trial 43 finished with value: 796.1336059570312 and parameters: {'gradient_clip_val': 0.3670468495253772, 'hidden_size': 70, 'dropout': 0.4781016910214186, 'hidden_continuous_size': 14, 'attention_head_size': 3, 'learning_rate': 0.03942260791796387}. Best is trial 0 with value: 205.33892822265625.
