[I 2023-12-26 15:58:02,513] Trial 45 finished with value: 3.2223434448242188 and parameters: {'gradient_clip_val': 0.2142269453555079, 'hidden_size': 15, 'dropout': 0.1673318567001328, 'hidden_continuous_size': 8, 'attention_head_size': 2, 'learning_rate': 0.008793006343746338}. Best is trial 0 with value: 0.061459530144929886.
[I 2023-12-26 15:58:04,948] Trial 46 finished with value: 2.6495373249053955 and parameters: {'gradient_clip_val': 0.2683267138442811, 'hidden_size': 7, 'dropout': 0.15013129140766865, 'hidden_continuous_size': 6, 'attention_head_size': 3, 'learning_rate': 0.014356440341860484}. Best is trial 0 with value: 0.061459530144929886.
[I 2023-12-26 15:58:07,477] Trial 47 finished with value: 2.2036943435668945 and parameters: {'gradient_clip_val': 0.17717002448892005, 'hidden_size': 10, 'dropout': 0.20369180977181636, 'hidden_continuous_size': 8, 'attention_head_size': 4, 'learning_rate': 0.001722630975273342}. Best is trial 0 with value: 0.061459530144929886.
[I 2023-12-26 15:58:10,602] Trial 48 finished with value: 3.826939821243286 and parameters: {'gradient_clip_val': 0.30807601894884595, 'hidden_size': 28, 'dropout': 0.12085367878037936, 'hidden_continuous_size': 11, 'attention_head_size': 2, 'learning_rate': 0.021978193555782743}. Best is trial 0 with value: 0.061459530144929886.
[I 2023-12-26 15:58:13,415] Trial 49 finished with value: 4.099090099334717 and parameters: {'gradient_clip_val': 0.3482101077042018, 'hidden_size': 20, 'dropout': 0.18813385729959803, 'hidden_continuous_size': 10, 'attention_head_size': 4, 'learning_rate': 0.0011271009823139303}. Best is trial 0 with value: 0.061459530144929886.
[I 2023-12-26 15:58:13,609] A new study created in memory with name: no-name-bb43463f-d393-40f0-90d4-95a25b6edbc0
/home/le004/conda/anaconda3/envs/tsff_env/lib/python3.9/site-packages/lightning/fabric/plugins/environments/slurm.py:191: The `srun` command is available on your system but is not used. HINT: If your intention is to run Lightning on SLURM, prepend your python command with `srun` like so: srun python /home/le004/master_thesis/git/TSFusionForecast/code/ ...
[I 2023-12-26 16:17:08,740] Trial 0 finished with value: 0.06754108518362045 and parameters: {'gradient_clip_val': 0.4193752068952129, 'hidden_size': 123, 'dropout': 0.19809656872903456, 'hidden_continuous_size': 53, 'attention_head_size': 4, 'learning_rate': 0.036675805934970405}. Best is trial 0 with value: 0.06754108518362045.
[I 2023-12-26 16:17:11,009] Trial 1 finished with value: 4.079595565795898 and parameters: {'gradient_clip_val': 0.9905248354150018, 'hidden_size': 23, 'dropout': 0.18568087278972564, 'hidden_continuous_size': 7, 'attention_head_size': 2, 'learning_rate': 0.009292607697281463}. Best is trial 0 with value: 0.06754108518362045.
[I 2023-12-26 16:17:12,878] Trial 2 finished with value: 2.969571352005005 and parameters: {'gradient_clip_val': 0.36649923099034315, 'hidden_size': 16, 'dropout': 0.28576860713106533, 'hidden_continuous_size': 8, 'attention_head_size': 2, 'learning_rate': 0.07029520895957125}. Best is trial 0 with value: 0.06754108518362045.
[I 2023-12-26 16:17:15,163] Trial 3 finished with value: 3.2821455001831055 and parameters: {'gradient_clip_val': 0.2777135647127249, 'hidden_size': 17, 'dropout': 0.4234505776916059, 'hidden_continuous_size': 14, 'attention_head_size': 3, 'learning_rate': 0.0029789200944111715}. Best is trial 0 with value: 0.06754108518362045.
[I 2023-12-26 16:17:17,123] Trial 4 finished with value: 3.4358386993408203 and parameters: {'gradient_clip_val': 0.3167070443138439, 'hidden_size': 9, 'dropout': 0.14964365108356611, 'hidden_continuous_size': 5, 'attention_head_size': 3, 'learning_rate': 0.010323994312420287}. Best is trial 0 with value: 0.06754108518362045.
[I 2023-12-26 16:17:18,933] Trial 5 finished with value: 3.0604279041290283 and parameters: {'gradient_clip_val': 0.8586190251942382, 'hidden_size': 9, 'dropout': 0.3565015699895414, 'hidden_continuous_size': 9, 'attention_head_size': 2, 'learning_rate': 0.0057788326441175495}. Best is trial 0 with value: 0.06754108518362045.
[I 2023-12-26 16:17:20,677] Trial 6 finished with value: 4.079535007476807 and parameters: {'gradient_clip_val': 0.330204821725924, 'hidden_size': 5, 'dropout': 0.30642337790648266, 'hidden_continuous_size': 5, 'attention_head_size': 4, 'learning_rate': 0.08937663049767364}. Best is trial 0 with value: 0.06754108518362045.
[I 2023-12-26 16:17:22,664] Trial 7 finished with value: 3.366007089614868 and parameters: {'gradient_clip_val': 0.13800971620850133, 'hidden_size': 11, 'dropout': 0.39371289007149324, 'hidden_continuous_size': 5, 'attention_head_size': 3, 'learning_rate': 0.0023003501296308413}. Best is trial 0 with value: 0.06754108518362045.
[I 2023-12-26 16:17:30,539] Trial 8 finished with value: 3.030756950378418 and parameters: {'gradient_clip_val': 0.33281289473874864, 'hidden_size': 136, 'dropout': 0.4802658828443146, 'hidden_continuous_size': 11, 'attention_head_size': 1, 'learning_rate': 0.0036682334102454417}. Best is trial 0 with value: 0.06754108518362045.
[I 2023-12-26 16:17:32,264] Trial 9 finished with value: 2.5390853881835938 and parameters: {'gradient_clip_val': 0.15432497742660714, 'hidden_size': 5, 'dropout': 0.41463715874491125, 'hidden_continuous_size': 5, 'attention_head_size': 2, 'learning_rate': 0.0035820330545369866}. Best is trial 0 with value: 0.06754108518362045.
[I 2023-12-26 16:17:37,386] Trial 10 finished with value: 2.676835298538208 and parameters: {'gradient_clip_val': 0.5893152102043983, 'hidden_size': 78, 'dropout': 0.10676068966306905, 'hidden_continuous_size': 67, 'attention_head_size': 4, 'learning_rate': 0.0005563090323296888}. Best is trial 0 with value: 0.06754108518362045.
[I 2023-12-26 16:17:40,193] Trial 11 finished with value: 2.4679625034332275 and parameters: {'gradient_clip_val': 0.10498852268836674, 'hidden_size': 44, 'dropout': 0.21898446991872614, 'hidden_continuous_size': 24, 'attention_head_size': 1, 'learning_rate': 0.031812205575250836}. Best is trial 0 with value: 0.06754108518362045.
[I 2023-12-26 16:17:43,180] Trial 12 finished with value: 2.9251186847686768 and parameters: {'gradient_clip_val': 0.10611937854403843, 'hidden_size': 43, 'dropout': 0.2240125555289395, 'hidden_continuous_size': 42, 'attention_head_size': 1, 'learning_rate': 0.03570470212848058}. Best is trial 0 with value: 0.06754108518362045.
[I 2023-12-26 16:17:46,258] Trial 13 finished with value: 3.3387181758880615 and parameters: {'gradient_clip_val': 0.19037861428891564, 'hidden_size': 47, 'dropout': 0.23119058340631857, 'hidden_continuous_size': 24, 'attention_head_size': 4, 'learning_rate': 0.02641846713277018}. Best is trial 0 with value: 0.06754108518362045.
[I 2023-12-26 16:17:57,028] Trial 14 finished with value: 2.6129066944122314 and parameters: {'gradient_clip_val': 0.20950244626413295, 'hidden_size': 150, 'dropout': 0.23166936375935826, 'hidden_continuous_size': 145, 'attention_head_size': 1, 'learning_rate': 0.028970861278261175}. Best is trial 0 with value: 0.06754108518362045.
[I 2023-12-26 16:18:01,994] Trial 15 finished with value: 2.2086429595947266 and parameters: {'gradient_clip_val': 0.10262077182807339, 'hidden_size': 80, 'dropout': 0.16865136580467305, 'hidden_continuous_size': 22, 'attention_head_size': 3, 'learning_rate': 0.018440580615162246}. Best is trial 0 with value: 0.06754108518362045.
[I 2023-12-26 16:18:07,354] Trial 16 finished with value: 3.5280847549438477 and parameters: {'gradient_clip_val': 0.46782529970742764, 'hidden_size': 88, 'dropout': 0.11659148733633154, 'hidden_continuous_size': 17, 'attention_head_size': 4, 'learning_rate': 0.016198792663216246}. Best is trial 0 with value: 0.06754108518362045.
[I 2023-12-26 16:18:12,814] Trial 17 finished with value: 3.5258750915527344 and parameters: {'gradient_clip_val': 0.2295002662393892, 'hidden_size': 89, 'dropout': 0.16562400471472738, 'hidden_continuous_size': 36, 'attention_head_size': 3, 'learning_rate': 0.062424723491666154}. Best is trial 0 with value: 0.06754108518362045.
[I 2023-12-26 16:18:16,464] Trial 18 finished with value: 2.957653760910034 and parameters: {'gradient_clip_val': 0.43261234067284915, 'hidden_size': 58, 'dropout': 0.13961062672079488, 'hidden_continuous_size': 21, 'attention_head_size': 4, 'learning_rate': 0.016740939358330997}. Best is trial 0 with value: 0.06754108518362045.
[I 2023-12-26 16:18:23,732] Trial 19 finished with value: 3.157459259033203 and parameters: {'gradient_clip_val': 0.255634381706295, 'hidden_size': 115, 'dropout': 0.18642907244621756, 'hidden_continuous_size': 37, 'attention_head_size': 3, 'learning_rate': 0.05010465927085179}. Best is trial 0 with value: 0.06754108518362045.
[I 2023-12-26 16:18:27,850] Trial 20 finished with value: 3.3499033451080322 and parameters: {'gradient_clip_val': 0.17362186229064422, 'hidden_size': 67, 'dropout': 0.10901158264353075, 'hidden_continuous_size': 13, 'attention_head_size': 4, 'learning_rate': 0.09918226547071919}. Best is trial 0 with value: 0.06754108518362045.
[I 2023-12-26 16:18:30,565] Trial 21 finished with value: 2.675023078918457 and parameters: {'gradient_clip_val': 0.10499198686839517, 'hidden_size': 38, 'dropout': 0.20256529262306688, 'hidden_continuous_size': 18, 'attention_head_size': 3, 'learning_rate': 0.04178286030497175}. Best is trial 0 with value: 0.06754108518362045.
[I 2023-12-26 16:18:36,596] Trial 22 finished with value: 3.1988420486450195 and parameters: {'gradient_clip_val': 0.12632494447187398, 'hidden_size': 98, 'dropout': 0.26255071923552364, 'hidden_continuous_size': 26, 'attention_head_size': 2, 'learning_rate': 0.021768020118261025}. Best is trial 0 with value: 0.06754108518362045.
[I 2023-12-26 16:18:40,229] Trial 23 finished with value: 3.905644178390503 and parameters: {'gradient_clip_val': 0.12275906821676619, 'hidden_size': 60, 'dropout': 0.17792411627733143, 'hidden_continuous_size': 20, 'attention_head_size': 1, 'learning_rate': 0.03806815458653367}. Best is trial 0 with value: 0.06754108518362045.
[I 2023-12-26 16:18:47,012] Trial 24 finished with value: 3.360642194747925 and parameters: {'gradient_clip_val': 0.15046630876857717, 'hidden_size': 107, 'dropout': 0.20682879736548676, 'hidden_continuous_size': 30, 'attention_head_size': 3, 'learning_rate': 0.018325836395067966}. Best is trial 0 with value: 0.06754108518362045.
[I 2023-12-26 16:18:49,640] Trial 25 finished with value: 4.241280555725098 and parameters: {'gradient_clip_val': 0.18093293009587358, 'hidden_size': 35, 'dropout': 0.1483918264856821, 'hidden_continuous_size': 15, 'attention_head_size': 2, 'learning_rate': 0.05204225403837134}. Best is trial 0 with value: 0.06754108518362045.
[I 2023-12-26 16:18:55,868] Trial 26 finished with value: 2.5380051136016846 and parameters: {'gradient_clip_val': 0.10366567756419413, 'hidden_size': 76, 'dropout': 0.25259953227840826, 'hidden_continuous_size': 23, 'attention_head_size': 4, 'learning_rate': 0.02827196070693737}. Best is trial 0 with value: 0.06754108518362045.
[I 2023-12-26 16:19:00,165] Trial 27 finished with value: 3.424858331680298 and parameters: {'gradient_clip_val': 0.12421695944666471, 'hidden_size': 55, 'dropout': 0.20426241511468363, 'hidden_continuous_size': 18, 'attention_head_size': 1, 'learning_rate': 0.012487357578202166}. Best is trial 0 with value: 0.06754108518362045.
[I 2023-12-26 16:19:04,491] Trial 28 finished with value: 1.7134236097335815 and parameters: {'gradient_clip_val': 0.16023754656214018, 'hidden_size': 71, 'dropout': 0.1406247689631484, 'hidden_continuous_size': 26, 'attention_head_size': 3, 'learning_rate': 0.03471254563357592}. Best is trial 0 with value: 0.06754108518362045.
[I 2023-12-26 16:19:12,782] Trial 29 finished with value: 2.2033371925354004 and parameters: {'gradient_clip_val': 0.23617579935609614, 'hidden_size': 121, 'dropout': 0.16720320429852836, 'hidden_continuous_size': 51, 'attention_head_size': 3, 'learning_rate': 0.013216376175055023}. Best is trial 0 with value: 0.06754108518362045.
[I 2023-12-26 16:19:20,461] Trial 30 finished with value: 3.495626449584961 and parameters: {'gradient_clip_val': 0.2433728957251612, 'hidden_size': 122, 'dropout': 0.13462194509077013, 'hidden_continuous_size': 53, 'attention_head_size': 3, 'learning_rate': 0.008115230087410483}. Best is trial 0 with value: 0.06754108518362045.
[I 2023-12-26 16:19:30,011] Trial 31 finished with value: 3.0445024967193604 and parameters: {'gradient_clip_val': 0.20822302601251683, 'hidden_size': 147, 'dropout': 0.16711397195644992, 'hidden_continuous_size': 58, 'attention_head_size': 3, 'learning_rate': 0.02027599010232795}. Best is trial 0 with value: 0.06754108518362045.
[I 2023-12-26 16:19:36,808] Trial 32 finished with value: 3.3719863891601562 and parameters: {'gradient_clip_val': 0.1554546841818322, 'hidden_size': 108, 'dropout': 0.18618681611786336, 'hidden_continuous_size': 32, 'attention_head_size': 3, 'learning_rate': 0.013535608650911773}. Best is trial 0 with value: 0.06754108518362045.
[I 2023-12-26 16:19:41,503] Trial 33 finished with value: 3.351090669631958 and parameters: {'gradient_clip_val': 0.278791970858658, 'hidden_size': 77, 'dropout': 0.1310133874134683, 'hidden_continuous_size': 27, 'attention_head_size': 3, 'learning_rate': 0.06572902891571752}. Best is trial 0 with value: 0.06754108518362045.
[I 2023-12-26 16:19:48,083] Trial 34 finished with value: 2.3516347408294678 and parameters: {'gradient_clip_val': 0.17107034422536255, 'hidden_size': 97, 'dropout': 0.16283608067771058, 'hidden_continuous_size': 44, 'attention_head_size': 4, 'learning_rate': 0.023298750155675646}. Best is trial 0 with value: 0.06754108518362045.
[I 2023-12-26 16:19:56,142] Trial 35 finished with value: 3.11731219291687 and parameters: {'gradient_clip_val': 0.2798707336461044, 'hidden_size': 125, 'dropout': 0.14700185004987765, 'hidden_continuous_size': 79, 'attention_head_size': 2, 'learning_rate': 0.009712867448524603}. Best is trial 0 with value: 0.06754108518362045.
[I 2023-12-26 16:20:00,397] Trial 36 finished with value: 3.094413995742798 and parameters: {'gradient_clip_val': 0.2109590635102176, 'hidden_size': 70, 'dropout': 0.18469571574085594, 'hidden_continuous_size': 28, 'attention_head_size': 3, 'learning_rate': 0.04790581461336404}. Best is trial 0 with value: 0.06754108518362045.
[I 2023-12-26 16:20:05,833] Trial 37 finished with value: 3.6033670902252197 and parameters: {'gradient_clip_val': 0.135679231551211, 'hidden_size': 88, 'dropout': 0.10294384337219376, 'hidden_continuous_size': 35, 'attention_head_size': 3, 'learning_rate': 0.01343679009402995}. Best is trial 0 with value: 0.06754108518362045.
[I 2023-12-26 16:20:08,170] Trial 38 finished with value: 3.163558006286621 and parameters: {'gradient_clip_val': 0.30497258326266335, 'hidden_size': 26, 'dropout': 0.1722154789200602, 'hidden_continuous_size': 12, 'attention_head_size': 2, 'learning_rate': 0.07382763876388891}. Best is trial 0 with value: 0.06754108518362045.
[I 2023-12-26 16:20:18,198] Trial 39 finished with value: 2.948977470397949 and parameters: {'gradient_clip_val': 0.375440059993613, 'hidden_size': 121, 'dropout': 0.1260907731097834, 'hidden_continuous_size': 9, 'attention_head_size': 4, 'learning_rate': 0.034727356980433485}. Best is trial 0 with value: 0.06754108518362045.
[I 2023-12-26 16:20:28,167] Trial 40 finished with value: 3.590358018875122 and parameters: {'gradient_clip_val': 0.15601299134797203, 'hidden_size': 150, 'dropout': 0.2950815345759556, 'hidden_continuous_size': 45, 'attention_head_size': 3, 'learning_rate': 0.010561215987217813}. Best is trial 0 with value: 0.06754108518362045.
[I 2023-12-26 16:20:34,530] Trial 41 finished with value: 3.2965986728668213 and parameters: {'gradient_clip_val': 0.170367151143413, 'hidden_size': 102, 'dropout': 0.16360755834033786, 'hidden_continuous_size': 31, 'attention_head_size': 4, 'learning_rate': 0.026183692727139544}. Best is trial 0 with value: 0.06754108518362045.
[I 2023-12-26 16:20:40,379] Trial 42 finished with value: 3.0335581302642822 and parameters: {'gradient_clip_val': 0.18323666263693367, 'hidden_size': 96, 'dropout': 0.15040810243741837, 'hidden_continuous_size': 44, 'attention_head_size': 4, 'learning_rate': 0.022019657665940946}. Best is trial 0 with value: 0.06754108518362045.
[I 2023-12-26 16:20:48,243] Trial 43 finished with value: 3.2660295963287354 and parameters: {'gradient_clip_val': 0.22310350842878302, 'hidden_size': 123, 'dropout': 0.12457418933205264, 'hidden_continuous_size': 51, 'attention_head_size': 4, 'learning_rate': 0.021913875960425874}. Best is trial 0 with value: 0.06754108518362045.
[I 2023-12-26 16:20:53,254] Trial 44 finished with value: 2.8856680393218994 and parameters: {'gradient_clip_val': 0.1413477948295888, 'hidden_size': 83, 'dropout': 0.15637782167032505, 'hidden_continuous_size': 39, 'attention_head_size': 3, 'learning_rate': 0.006571545054460272}. Best is trial 0 with value: 0.06754108518362045.
[I 2023-12-26 16:20:56,920] Trial 45 finished with value: 2.9147720336914062 and parameters: {'gradient_clip_val': 0.19464372762488047, 'hidden_size': 64, 'dropout': 0.19890975695454052, 'hidden_continuous_size': 34, 'attention_head_size': 4, 'learning_rate': 0.036178905007821865}. Best is trial 0 with value: 0.06754108518362045.
[I 2023-12-26 16:21:03,256] Trial 46 finished with value: 3.018789291381836 and parameters: {'gradient_clip_val': 0.11661013273215123, 'hidden_size': 105, 'dropout': 0.13839455397523034, 'hidden_continuous_size': 26, 'attention_head_size': 3, 'learning_rate': 0.015059038581776936}. Best is trial 0 with value: 0.06754108518362045.
[I 2023-12-26 16:21:07,845] Trial 47 finished with value: 2.878361463546753 and parameters: {'gradient_clip_val': 0.16662571058138412, 'hidden_size': 76, 'dropout': 0.10055237155825625, 'hidden_continuous_size': 22, 'attention_head_size': 4, 'learning_rate': 0.02499690452055893}. Best is trial 0 with value: 0.06754108518362045.
[I 2023-12-26 16:21:11,013] Trial 48 finished with value: 3.25010085105896 and parameters: {'gradient_clip_val': 0.13950818393698924, 'hidden_size': 51, 'dropout': 0.15909993996186786, 'hidden_continuous_size': 30, 'attention_head_size': 2, 'learning_rate': 0.01743432818196032}. Best is trial 0 with value: 0.06754108518362045.
[I 2023-12-26 16:21:19,519] Trial 49 finished with value: 3.0300331115722656 and parameters: {'gradient_clip_val': 0.19643180593294263, 'hidden_size': 133, 'dropout': 0.12343474595739928, 'hidden_continuous_size': 43, 'attention_head_size': 4, 'learning_rate': 0.043282903480749174}. Best is trial 0 with value: 0.06754108518362045.
[I 2023-12-26 16:21:19,638] A new study created in memory with name: no-name-22862a64-baa6-4fb2-a449-cb7823d50fca
/home/le004/conda/anaconda3/envs/tsff_env/lib/python3.9/site-packages/lightning/fabric/plugins/environments/slurm.py:191: The `srun` command is available on your system but is not used. HINT: If your intention is to run Lightning on SLURM, prepend your python command with `srun` like so: srun python /home/le004/master_thesis/git/TSFusionForecast/code/ ...
[I 2023-12-26 16:26:19,686] Trial 0 finished with value: 0.08874877542257309 and parameters: {'gradient_clip_val': 0.11497891367215948, 'hidden_size': 34, 'dropout': 0.46232068412707394, 'hidden_continuous_size': 18, 'attention_head_size': 4, 'learning_rate': 0.019854680364929083}. Best is trial 0 with value: 0.08874877542257309.
[I 2023-12-26 16:26:21,675] Trial 1 finished with value: 3.3600704669952393 and parameters: {'gradient_clip_val': 0.8013481935101361, 'hidden_size': 7, 'dropout': 0.43667437880585325, 'hidden_continuous_size': 6, 'attention_head_size': 3, 'learning_rate': 0.0037631986298791785}. Best is trial 0 with value: 0.08874877542257309.
[I 2023-12-26 16:26:24,347] Trial 2 finished with value: 2.646347761154175 and parameters: {'gradient_clip_val': 0.2626350835433019, 'hidden_size': 35, 'dropout': 0.16294891321457056, 'hidden_continuous_size': 15, 'attention_head_size': 3, 'learning_rate': 0.0018468556381083202}. Best is trial 0 with value: 0.08874877542257309.
[I 2023-12-26 16:26:28,283] Trial 3 finished with value: 2.6238157749176025 and parameters: {'gradient_clip_val': 0.22756531628923315, 'hidden_size': 63, 'dropout': 0.13436521334630402, 'hidden_continuous_size': 5, 'attention_head_size': 4, 'learning_rate': 0.004169512862433972}. Best is trial 0 with value: 0.08874877542257309.
[I 2023-12-26 16:26:31,728] Trial 4 finished with value: 2.4661362171173096 and parameters: {'gradient_clip_val': 0.834064292448576, 'hidden_size': 56, 'dropout': 0.4583573688345842, 'hidden_continuous_size': 19, 'attention_head_size': 2, 'learning_rate': 0.011149837138283433}. Best is trial 0 with value: 0.08874877542257309.
[I 2023-12-26 16:26:33,939] Trial 5 finished with value: 4.138612270355225 and parameters: {'gradient_clip_val': 0.11378307923236987, 'hidden_size': 21, 'dropout': 0.20144883159676874, 'hidden_continuous_size': 11, 'attention_head_size': 1, 'learning_rate': 0.0018385730523338146}. Best is trial 0 with value: 0.08874877542257309.
[I 2023-12-26 16:26:35,726] Trial 6 finished with value: 3.186419725418091 and parameters: {'gradient_clip_val': 0.18760809277628993, 'hidden_size': 6, 'dropout': 0.4607016350648857, 'hidden_continuous_size': 6, 'attention_head_size': 3, 'learning_rate': 0.0011022675438203781}. Best is trial 0 with value: 0.08874877542257309.
[I 2023-12-26 16:26:37,476] Trial 7 finished with value: 3.0823957920074463 and parameters: {'gradient_clip_val': 0.4315390709677642, 'hidden_size': 5, 'dropout': 0.14124211827395294, 'hidden_continuous_size': 5, 'attention_head_size': 2, 'learning_rate': 0.004823281982549701}. Best is trial 0 with value: 0.08874877542257309.
