[I 2023-12-26 13:03:48,728] Trial 33 finished with value: 7515.76806640625 and parameters: {'gradient_clip_val': 0.5580373182461097, 'hidden_size': 14, 'dropout': 0.4416065024867904, 'hidden_continuous_size': 7, 'attention_head_size': 3, 'learning_rate': 0.004079214211887667}. Best is trial 0 with value: 1655.2623291015625.
[I 2023-12-26 13:03:50,781] Trial 34 finished with value: 7137.85498046875 and parameters: {'gradient_clip_val': 0.46553878065230553, 'hidden_size': 10, 'dropout': 0.48377732223084824, 'hidden_continuous_size': 6, 'attention_head_size': 3, 'learning_rate': 0.009589365918499822}. Best is trial 0 with value: 1655.2623291015625.
[I 2023-12-26 13:03:52,636] Trial 35 finished with value: 5725.9140625 and parameters: {'gradient_clip_val': 0.3633190824041542, 'hidden_size': 8, 'dropout': 0.44741775360383607, 'hidden_continuous_size': 5, 'attention_head_size': 3, 'learning_rate': 0.002788458145763136}. Best is trial 0 with value: 1655.2623291015625.
[I 2023-12-26 13:03:54,505] Trial 36 finished with value: 9578.3974609375 and parameters: {'gradient_clip_val': 0.3548747023946057, 'hidden_size': 8, 'dropout': 0.43657177405845254, 'hidden_continuous_size': 5, 'attention_head_size': 4, 'learning_rate': 0.0024717058538903528}. Best is trial 0 with value: 1655.2623291015625.
[I 2023-12-26 13:03:56,213] Trial 37 finished with value: 6551.79052734375 and parameters: {'gradient_clip_val': 0.15595280901269426, 'hidden_size': 5, 'dropout': 0.39800416653457155, 'hidden_continuous_size': 5, 'attention_head_size': 2, 'learning_rate': 0.0016659701583729978}. Best is trial 0 with value: 1655.2623291015625.
[I 2023-12-26 13:03:58,194] Trial 38 finished with value: 7216.04248046875 and parameters: {'gradient_clip_val': 0.3004771479643753, 'hidden_size': 9, 'dropout': 0.4510596318774735, 'hidden_continuous_size': 5, 'attention_head_size': 3, 'learning_rate': 0.008099688208156161}. Best is trial 0 with value: 1655.2623291015625.
[I 2023-12-26 13:04:00,388] Trial 39 finished with value: 8493.451171875 and parameters: {'gradient_clip_val': 0.13312566922278773, 'hidden_size': 21, 'dropout': 0.3811316360847434, 'hidden_continuous_size': 8, 'attention_head_size': 2, 'learning_rate': 0.0035765256503644764}. Best is trial 0 with value: 1655.2623291015625.
[I 2023-12-26 13:04:02,729] Trial 40 finished with value: 8378.1201171875 and parameters: {'gradient_clip_val': 0.39379499680103874, 'hidden_size': 27, 'dropout': 0.42163673379606503, 'hidden_continuous_size': 10, 'attention_head_size': 1, 'learning_rate': 0.006570520426379908}. Best is trial 0 with value: 1655.2623291015625.
[I 2023-12-26 13:04:04,750] Trial 41 finished with value: 6069.61962890625 and parameters: {'gradient_clip_val': 0.11554180376756344, 'hidden_size': 11, 'dropout': 0.49972990046186255, 'hidden_continuous_size': 6, 'attention_head_size': 3, 'learning_rate': 0.005680768017047942}. Best is trial 0 with value: 1655.2623291015625.
[I 2023-12-26 13:04:06,893] Trial 42 finished with value: 8239.1396484375 and parameters: {'gradient_clip_val': 0.35706460342307705, 'hidden_size': 15, 'dropout': 0.4775954891726447, 'hidden_continuous_size': 7, 'attention_head_size': 3, 'learning_rate': 0.011492414824762816}. Best is trial 0 with value: 1655.2623291015625.
[I 2023-12-26 13:04:09,000] Trial 43 finished with value: 6101.91064453125 and parameters: {'gradient_clip_val': 0.4153507625435527, 'hidden_size': 8, 'dropout': 0.45810441230114723, 'hidden_continuous_size': 5, 'attention_head_size': 3, 'learning_rate': 0.0029969877357676764}. Best is trial 0 with value: 1655.2623291015625.
[I 2023-12-26 13:04:10,912] Trial 44 finished with value: 8197.2138671875 and parameters: {'gradient_clip_val': 0.6185189687735522, 'hidden_size': 6, 'dropout': 0.404562753966124, 'hidden_continuous_size': 5, 'attention_head_size': 3, 'learning_rate': 0.006849722166601503}. Best is trial 0 with value: 1655.2623291015625.
[I 2023-12-26 13:04:12,992] Trial 45 finished with value: 6413.91357421875 and parameters: {'gradient_clip_val': 0.4823427769834452, 'hidden_size': 14, 'dropout': 0.43197259448476416, 'hidden_continuous_size': 8, 'attention_head_size': 3, 'learning_rate': 0.004397397910359988}. Best is trial 0 with value: 1655.2623291015625.
[I 2023-12-26 13:04:14,959] Trial 46 finished with value: 7636.86474609375 and parameters: {'gradient_clip_val': 0.4349785471512179, 'hidden_size': 11, 'dropout': 0.4535584806331486, 'hidden_continuous_size': 6, 'attention_head_size': 1, 'learning_rate': 0.03831458452836017}. Best is trial 0 with value: 1655.2623291015625.
[I 2023-12-26 13:04:16,918] Trial 47 finished with value: 7906.576171875 and parameters: {'gradient_clip_val': 0.5086373853544589, 'hidden_size': 7, 'dropout': 0.3869726858296914, 'hidden_continuous_size': 5, 'attention_head_size': 4, 'learning_rate': 0.024223065655867564}. Best is trial 0 with value: 1655.2623291015625.
[I 2023-12-26 13:04:18,971] Trial 48 finished with value: 6831.56591796875 and parameters: {'gradient_clip_val': 0.2952652956263258, 'hidden_size': 17, 'dropout': 0.4099923253647649, 'hidden_continuous_size': 10, 'attention_head_size': 1, 'learning_rate': 0.011466704139929467}. Best is trial 0 with value: 1655.2623291015625.
[I 2023-12-26 13:04:20,942] Trial 49 finished with value: 7316.82080078125 and parameters: {'gradient_clip_val': 0.34199887292763853, 'hidden_size': 9, 'dropout': 0.471959848315284, 'hidden_continuous_size': 5, 'attention_head_size': 2, 'learning_rate': 0.005660118048318595}. Best is trial 0 with value: 1655.2623291015625.
[I 2023-12-26 13:04:21,066] A new study created in memory with name: no-name-6ec47ae7-b9f6-4058-a139-aa75f45e5c36
/home/le004/conda/anaconda3/envs/tsff_env/lib/python3.9/site-packages/lightning/fabric/plugins/environments/slurm.py:191: The `srun` command is available on your system but is not used. HINT: If your intention is to run Lightning on SLURM, prepend your python command with `srun` like so: srun python /home/le004/master_thesis/git/TSFusionForecast/code/ ...
[I 2023-12-26 13:07:05,306] Trial 0 finished with value: 3167.974365234375 and parameters: {'gradient_clip_val': 0.19438741941976537, 'hidden_size': 40, 'dropout': 0.35203353128727544, 'hidden_continuous_size': 34, 'attention_head_size': 2, 'learning_rate': 0.09960168742284567}. Best is trial 0 with value: 3167.974365234375.
[I 2023-12-26 13:07:12,837] Trial 1 finished with value: 6470.13134765625 and parameters: {'gradient_clip_val': 0.7440261089533365, 'hidden_size': 121, 'dropout': 0.46931330058978693, 'hidden_continuous_size': 19, 'attention_head_size': 4, 'learning_rate': 0.0733876160987287}. Best is trial 0 with value: 3167.974365234375.
[I 2023-12-26 13:07:22,092] Trial 2 finished with value: 4655.66943359375 and parameters: {'gradient_clip_val': 0.11098706917022327, 'hidden_size': 149, 'dropout': 0.3506017794708417, 'hidden_continuous_size': 35, 'attention_head_size': 1, 'learning_rate': 0.017919234062413306}. Best is trial 0 with value: 3167.974365234375.
[I 2023-12-26 13:07:30,037] Trial 3 finished with value: 5756.25634765625 and parameters: {'gradient_clip_val': 0.43594435905435475, 'hidden_size': 131, 'dropout': 0.1990296096722366, 'hidden_continuous_size': 5, 'attention_head_size': 2, 'learning_rate': 0.0036222388507488436}. Best is trial 0 with value: 3167.974365234375.
[I 2023-12-26 13:07:32,089] Trial 4 finished with value: 6575.61279296875 and parameters: {'gradient_clip_val': 0.328611043477189, 'hidden_size': 14, 'dropout': 0.4634354038988503, 'hidden_continuous_size': 8, 'attention_head_size': 3, 'learning_rate': 0.0012623380506279719}. Best is trial 0 with value: 3167.974365234375.
[I 2023-12-26 13:07:35,559] Trial 5 finished with value: 5931.3671875 and parameters: {'gradient_clip_val': 0.21867322028523095, 'hidden_size': 57, 'dropout': 0.233812295398555, 'hidden_continuous_size': 12, 'attention_head_size': 4, 'learning_rate': 0.039748295465334635}. Best is trial 0 with value: 3167.974365234375.
[I 2023-12-26 13:07:37,467] Trial 6 finished with value: 7408.900390625 and parameters: {'gradient_clip_val': 0.2342377419555744, 'hidden_size': 7, 'dropout': 0.30478623035753316, 'hidden_continuous_size': 5, 'attention_head_size': 3, 'learning_rate': 0.004143219080968068}. Best is trial 0 with value: 3167.974365234375.
[I 2023-12-26 13:07:39,167] Trial 7 finished with value: 6600.16064453125 and parameters: {'gradient_clip_val': 0.16892615593052854, 'hidden_size': 5, 'dropout': 0.3993804316487616, 'hidden_continuous_size': 5, 'attention_head_size': 2, 'learning_rate': 0.010174340741196716}. Best is trial 0 with value: 3167.974365234375.
[I 2023-12-26 13:07:42,332] Trial 8 finished with value: 5024.67626953125 and parameters: {'gradient_clip_val': 0.5874536855894203, 'hidden_size': 50, 'dropout': 0.3480098751811607, 'hidden_continuous_size': 19, 'attention_head_size': 4, 'learning_rate': 0.026438541761554767}. Best is trial 0 with value: 3167.974365234375.
[I 2023-12-26 13:07:44,537] Trial 9 finished with value: 6521.708984375 and parameters: {'gradient_clip_val': 0.11414774281182528, 'hidden_size': 20, 'dropout': 0.19140077531690053, 'hidden_continuous_size': 17, 'attention_head_size': 3, 'learning_rate': 0.002738063522730403}. Best is trial 0 with value: 3167.974365234375.
[I 2023-12-26 13:07:47,078] Trial 10 finished with value: 7079.90869140625 and parameters: {'gradient_clip_val': 0.8926796683286199, 'hidden_size': 35, 'dropout': 0.1241232321127024, 'hidden_continuous_size': 35, 'attention_head_size': 1, 'learning_rate': 0.06755913615896816}. Best is trial 0 with value: 3167.974365234375.
[I 2023-12-26 13:07:52,205] Trial 11 finished with value: 5354.37255859375 and parameters: {'gradient_clip_val': 0.11277468010426007, 'hidden_size': 75, 'dropout': 0.34697716978353876, 'hidden_continuous_size': 62, 'attention_head_size': 1, 'learning_rate': 0.018778952278476674}. Best is trial 0 with value: 3167.974365234375.
[I 2023-12-26 13:07:57,602] Trial 12 finished with value: 5452.15185546875 and parameters: {'gradient_clip_val': 0.16116725116939296, 'hidden_size': 86, 'dropout': 0.40131714819006753, 'hidden_continuous_size': 36, 'attention_head_size': 1, 'learning_rate': 0.09035773202960233}. Best is trial 0 with value: 3167.974365234375.
[I 2023-12-26 13:08:08,035] Trial 13 finished with value: 5337.02783203125 and parameters: {'gradient_clip_val': 0.10075139613252275, 'hidden_size': 149, 'dropout': 0.29043194056074095, 'hidden_continuous_size': 115, 'attention_head_size': 2, 'learning_rate': 0.016404814416270324}. Best is trial 0 with value: 3167.974365234375.
[I 2023-12-26 13:08:10,527] Trial 14 finished with value: 5515.09130859375 and parameters: {'gradient_clip_val': 0.1715256459575315, 'hidden_size': 33, 'dropout': 0.4037154638521514, 'hidden_continuous_size': 11, 'attention_head_size': 1, 'learning_rate': 0.03797744556821241}. Best is trial 0 with value: 3167.974365234375.
[I 2023-12-26 13:08:15,203] Trial 15 finished with value: 7022.779296875 and parameters: {'gradient_clip_val': 0.13750770901928244, 'hidden_size': 76, 'dropout': 0.2848267249084394, 'hidden_continuous_size': 30, 'attention_head_size': 2, 'learning_rate': 0.009192534369546618}. Best is trial 0 with value: 3167.974365234375.
[I 2023-12-26 13:08:18,027] Trial 16 finished with value: 6544.6328125 and parameters: {'gradient_clip_val': 0.2697115348973106, 'hidden_size': 41, 'dropout': 0.49479832123971085, 'hidden_continuous_size': 23, 'attention_head_size': 1, 'learning_rate': 0.09895093674842981}. Best is trial 0 with value: 3167.974365234375.
[I 2023-12-26 13:08:20,185] Trial 17 finished with value: 7018.24072265625 and parameters: {'gradient_clip_val': 0.1431166877157894, 'hidden_size': 21, 'dropout': 0.34991840159970167, 'hidden_continuous_size': 8, 'attention_head_size': 2, 'learning_rate': 0.03642311412685748}. Best is trial 0 with value: 3167.974365234375.
[I 2023-12-26 13:08:26,496] Trial 18 finished with value: 6447.33056640625 and parameters: {'gradient_clip_val': 0.21020162990317845, 'hidden_size': 100, 'dropout': 0.26048096937572096, 'hidden_continuous_size': 46, 'attention_head_size': 1, 'learning_rate': 0.014621594048954226}. Best is trial 0 with value: 3167.974365234375.
[I 2023-12-26 13:08:31,086] Trial 19 finished with value: 6429.29443359375 and parameters: {'gradient_clip_val': 0.1371077896629416, 'hidden_size': 62, 'dropout': 0.3198645641281707, 'hidden_continuous_size': 22, 'attention_head_size': 2, 'learning_rate': 0.007333732932608751}. Best is trial 0 with value: 3167.974365234375.
[I 2023-12-26 13:08:37,389] Trial 20 finished with value: 7264.359375 and parameters: {'gradient_clip_val': 0.318212553648876, 'hidden_size': 97, 'dropout': 0.3741010517529219, 'hidden_continuous_size': 58, 'attention_head_size': 3, 'learning_rate': 0.0005123627282496985}. Best is trial 0 with value: 3167.974365234375.
[I 2023-12-26 13:08:40,549] Trial 21 finished with value: 5759.29296875 and parameters: {'gradient_clip_val': 0.5882326355589415, 'hidden_size': 51, 'dropout': 0.33793436767127016, 'hidden_continuous_size': 23, 'attention_head_size': 4, 'learning_rate': 0.02865247601522569}. Best is trial 0 with value: 3167.974365234375.
[I 2023-12-26 13:08:44,335] Trial 22 finished with value: 6905.96533203125 and parameters: {'gradient_clip_val': 0.4307385626552428, 'hidden_size': 47, 'dropout': 0.37910643536226035, 'hidden_continuous_size': 15, 'attention_head_size': 3, 'learning_rate': 0.05301347295216216}. Best is trial 0 with value: 3167.974365234375.
[I 2023-12-26 13:08:50,624] Trial 23 finished with value: 6319.48828125 and parameters: {'gradient_clip_val': 0.27269742735606073, 'hidden_size': 62, 'dropout': 0.4286762091680397, 'hidden_continuous_size': 27, 'attention_head_size': 4, 'learning_rate': 0.026501527862035135}. Best is trial 0 with value: 3167.974365234375.
[I 2023-12-26 13:08:53,220] Trial 24 finished with value: 6825.01513671875 and parameters: {'gradient_clip_val': 0.17506832301450537, 'hidden_size': 29, 'dropout': 0.32884001055835127, 'hidden_continuous_size': 16, 'attention_head_size': 2, 'learning_rate': 0.05847536122380532}. Best is trial 0 with value: 3167.974365234375.
[I 2023-12-26 13:08:56,456] Trial 25 finished with value: 8262.1884765625 and parameters: {'gradient_clip_val': 0.41207790114263104, 'hidden_size': 40, 'dropout': 0.34616963535624373, 'hidden_continuous_size': 20, 'attention_head_size': 3, 'learning_rate': 0.023716282163024963}. Best is trial 0 with value: 3167.974365234375.
[I 2023-12-26 13:09:03,967] Trial 26 finished with value: 4921.86962890625 and parameters: {'gradient_clip_val': 0.611559422664171, 'hidden_size': 113, 'dropout': 0.363430242365054, 'hidden_continuous_size': 28, 'attention_head_size': 1, 'learning_rate': 0.04945479534006684}. Best is trial 0 with value: 3167.974365234375.
[I 2023-12-26 13:09:12,140] Trial 27 finished with value: 5064.66796875 and parameters: {'gradient_clip_val': 0.10226397954476983, 'hidden_size': 115, 'dropout': 0.4265172103253808, 'hidden_continuous_size': 40, 'attention_head_size': 1, 'learning_rate': 0.047590374118932424}. Best is trial 0 with value: 3167.974365234375.
[I 2023-12-26 13:09:23,198] Trial 28 finished with value: 4838.5595703125 and parameters: {'gradient_clip_val': 0.18963877242869365, 'hidden_size': 147, 'dropout': 0.3713441962896887, 'hidden_continuous_size': 31, 'attention_head_size': 1, 'learning_rate': 0.09910526481689368}. Best is trial 0 with value: 3167.974365234375.
[I 2023-12-26 13:09:32,689] Trial 29 finished with value: 5790.11865234375 and parameters: {'gradient_clip_val': 0.18403886292924976, 'hidden_size': 125, 'dropout': 0.31339014356362516, 'hidden_continuous_size': 48, 'attention_head_size': 1, 'learning_rate': 0.07854800663104552}. Best is trial 0 with value: 3167.974365234375.
[I 2023-12-26 13:09:39,902] Trial 30 finished with value: 5151.3720703125 and parameters: {'gradient_clip_val': 0.1955656257967871, 'hidden_size': 87, 'dropout': 0.38078599471932695, 'hidden_continuous_size': 30, 'attention_head_size': 2, 'learning_rate': 0.09985147699128638}. Best is trial 0 with value: 3167.974365234375.
[I 2023-12-26 13:09:49,714] Trial 31 finished with value: 5271.47705078125 and parameters: {'gradient_clip_val': 0.14565658027811013, 'hidden_size': 150, 'dropout': 0.3593076658501824, 'hidden_continuous_size': 28, 'attention_head_size': 1, 'learning_rate': 0.06783207565136279}. Best is trial 0 with value: 3167.974365234375.
[I 2023-12-26 13:09:58,465] Trial 32 finished with value: 4673.17138671875 and parameters: {'gradient_clip_val': 0.24882664686980993, 'hidden_size': 110, 'dropout': 0.3741535483851415, 'hidden_continuous_size': 35, 'attention_head_size': 1, 'learning_rate': 0.056416306569491655}. Best is trial 0 with value: 3167.974365234375.
[I 2023-12-26 13:10:07,629] Trial 33 finished with value: 4605.70947265625 and parameters: {'gradient_clip_val': 0.25009840759624397, 'hidden_size': 146, 'dropout': 0.4285761524053642, 'hidden_continuous_size': 35, 'attention_head_size': 1, 'learning_rate': 0.07318195864286077}. Best is trial 0 with value: 3167.974365234375.
[I 2023-12-26 13:10:14,590] Trial 34 finished with value: 5052.64404296875 and parameters: {'gradient_clip_val': 0.2549622639710925, 'hidden_size': 105, 'dropout': 0.4436962729305295, 'hidden_continuous_size': 41, 'attention_head_size': 1, 'learning_rate': 0.06328969233667676}. Best is trial 0 with value: 3167.974365234375.
[I 2023-12-26 13:10:23,041] Trial 35 finished with value: 4726.64990234375 and parameters: {'gradient_clip_val': 0.23862332888159934, 'hidden_size': 124, 'dropout': 0.468108156955238, 'hidden_continuous_size': 54, 'attention_head_size': 2, 'learning_rate': 0.040973120586036804}. Best is trial 0 with value: 3167.974365234375.
[I 2023-12-26 13:10:28,199] Trial 36 finished with value: 5805.49658203125 and parameters: {'gradient_clip_val': 0.21640830925904633, 'hidden_size': 73, 'dropout': 0.41698220229631733, 'hidden_continuous_size': 25, 'attention_head_size': 1, 'learning_rate': 0.07213622983167786}. Best is trial 0 with value: 3167.974365234375.
[I 2023-12-26 13:10:37,088] Trial 37 finished with value: 5881.41015625 and parameters: {'gradient_clip_val': 0.28834226458700996, 'hidden_size': 122, 'dropout': 0.4469587230775644, 'hidden_continuous_size': 36, 'attention_head_size': 2, 'learning_rate': 0.03455469048738689}. Best is trial 0 with value: 3167.974365234375.
[I 2023-12-26 13:10:44,606] Trial 38 finished with value: 4986.90283203125 and parameters: {'gradient_clip_val': 0.2278739659692447, 'hidden_size': 96, 'dropout': 0.3851830861735842, 'hidden_continuous_size': 32, 'attention_head_size': 1, 'learning_rate': 0.04964052148684566}. Best is trial 0 with value: 3167.974365234375.
[I 2023-12-26 13:10:50,299] Trial 39 finished with value: 5081.505859375 and parameters: {'gradient_clip_val': 0.3610337059914129, 'hidden_size': 69, 'dropout': 0.397233461700999, 'hidden_continuous_size': 26, 'attention_head_size': 2, 'learning_rate': 0.07219508012762375}. Best is trial 0 with value: 3167.974365234375.
[I 2023-12-26 13:10:57,499] Trial 40 finished with value: 5864.30224609375 and parameters: {'gradient_clip_val': 0.3081326069730233, 'hidden_size': 85, 'dropout': 0.3142361924244457, 'hidden_continuous_size': 42, 'attention_head_size': 1, 'learning_rate': 0.02093526163478636}. Best is trial 0 with value: 3167.974365234375.
[I 2023-12-26 13:11:07,453] Trial 41 finished with value: 5192.1044921875 and parameters: {'gradient_clip_val': 0.23446681350945883, 'hidden_size': 127, 'dropout': 0.474996775960974, 'hidden_continuous_size': 52, 'attention_head_size': 2, 'learning_rate': 0.04333612052758144}. Best is trial 0 with value: 3167.974365234375.
[I 2023-12-26 13:11:17,873] Trial 42 finished with value: 4724.1162109375 and parameters: {'gradient_clip_val': 0.24269534215526878, 'hidden_size': 127, 'dropout': 0.4534336111697619, 'hidden_continuous_size': 66, 'attention_head_size': 2, 'learning_rate': 0.031892530756461195}. Best is trial 0 with value: 3167.974365234375.
[I 2023-12-26 13:11:30,041] Trial 43 finished with value: 6428.81787109375 and parameters: {'gradient_clip_val': 0.20701544135766428, 'hidden_size': 150, 'dropout': 0.41839728657551045, 'hidden_continuous_size': 76, 'attention_head_size': 3, 'learning_rate': 0.029420710824447954}. Best is trial 0 with value: 3167.974365234375.
[I 2023-12-26 13:11:38,265] Trial 44 finished with value: 4309.46337890625 and parameters: {'gradient_clip_val': 0.2531965855404281, 'hidden_size': 105, 'dropout': 0.43974113449404706, 'hidden_continuous_size': 36, 'attention_head_size': 2, 'learning_rate': 0.056299887888366526}. Best is trial 0 with value: 3167.974365234375.
[I 2023-12-26 13:11:47,029] Trial 45 finished with value: 6251.14306640625 and parameters: {'gradient_clip_val': 0.28686405966738, 'hidden_size': 105, 'dropout': 0.39135366204498334, 'hidden_continuous_size': 36, 'attention_head_size': 1, 'learning_rate': 0.05959040698038744}. Best is trial 0 with value: 3167.974365234375.
[I 2023-12-26 13:11:53,474] Trial 46 finished with value: 5871.80224609375 and parameters: {'gradient_clip_val': 0.2590082676453653, 'hidden_size': 88, 'dropout': 0.4031394274337422, 'hidden_continuous_size': 32, 'attention_head_size': 2, 'learning_rate': 0.07856813922206124}. Best is trial 0 with value: 3167.974365234375.
[I 2023-12-26 13:11:58,939] Trial 47 finished with value: 5293.39453125 and parameters: {'gradient_clip_val': 0.19603766313779522, 'hidden_size': 60, 'dropout': 0.3355325319350257, 'hidden_continuous_size': 35, 'attention_head_size': 1, 'learning_rate': 0.040223470798121864}. Best is trial 0 with value: 3167.974365234375.
[I 2023-12-26 13:12:05,764] Trial 48 finished with value: 5973.77001953125 and parameters: {'gradient_clip_val': 0.15318266537595146, 'hidden_size': 79, 'dropout': 0.36218874981705734, 'hidden_continuous_size': 40, 'attention_head_size': 1, 'learning_rate': 0.013461313109389155}. Best is trial 0 with value: 3167.974365234375.
