[I 2023-12-26 16:01:23,135] Trial 11 finished with value: 6.371673107147217 and parameters: {'gradient_clip_val': 0.20455164014807667, 'hidden_size': 22, 'dropout': 0.28343461976169754, 'hidden_continuous_size': 11, 'attention_head_size': 3, 'learning_rate': 0.06117032712376434}. Best is trial 0 with value: 0.3885882794857025.
[I 2023-12-26 16:01:25,707] Trial 12 finished with value: 5.1488261222839355 and parameters: {'gradient_clip_val': 0.22739342146831135, 'hidden_size': 23, 'dropout': 0.3212327456619599, 'hidden_continuous_size': 13, 'attention_head_size': 3, 'learning_rate': 0.001875311291838511}. Best is trial 0 with value: 0.3885882794857025.
[I 2023-12-26 16:01:28,312] Trial 13 finished with value: 4.970326900482178 and parameters: {'gradient_clip_val': 0.5496983468028376, 'hidden_size': 31, 'dropout': 0.48617771779647495, 'hidden_continuous_size': 11, 'attention_head_size': 2, 'learning_rate': 0.026111764474074}. Best is trial 0 with value: 0.3885882794857025.
[I 2023-12-26 16:01:30,442] Trial 14 finished with value: 6.419557094573975 and parameters: {'gradient_clip_val': 0.28903237262106046, 'hidden_size': 14, 'dropout': 0.2332188433720643, 'hidden_continuous_size': 10, 'attention_head_size': 3, 'learning_rate': 0.07908984540118365}. Best is trial 0 with value: 0.3885882794857025.
[I 2023-12-26 16:01:32,806] Trial 15 finished with value: 4.376644134521484 and parameters: {'gradient_clip_val': 0.15972342470443046, 'hidden_size': 32, 'dropout': 0.3201951098301824, 'hidden_continuous_size': 15, 'attention_head_size': 2, 'learning_rate': 0.028524453037552425}. Best is trial 0 with value: 0.3885882794857025.
[I 2023-12-26 16:01:34,989] Trial 16 finished with value: 4.828122615814209 and parameters: {'gradient_clip_val': 0.23668264631094593, 'hidden_size': 19, 'dropout': 0.21926691227729472, 'hidden_continuous_size': 9, 'attention_head_size': 4, 'learning_rate': 0.0031480079858995148}. Best is trial 0 with value: 0.3885882794857025.
[I 2023-12-26 16:01:37,566] Trial 17 finished with value: 3.497096061706543 and parameters: {'gradient_clip_val': 0.39783508009540863, 'hidden_size': 34, 'dropout': 0.17742980348116366, 'hidden_continuous_size': 17, 'attention_head_size': 3, 'learning_rate': 0.00749818781577045}. Best is trial 0 with value: 0.3885882794857025.
[I 2023-12-26 16:01:43,157] Trial 18 finished with value: 4.55899715423584 and parameters: {'gradient_clip_val': 0.2655905308437439, 'hidden_size': 85, 'dropout': 0.27694052847024747, 'hidden_continuous_size': 24, 'attention_head_size': 2, 'learning_rate': 0.0005133730364573098}. Best is trial 0 with value: 0.3885882794857025.
[I 2023-12-26 16:01:45,237] Trial 19 finished with value: 5.738166332244873 and parameters: {'gradient_clip_val': 0.10166055851948409, 'hidden_size': 17, 'dropout': 0.33446317048828766, 'hidden_continuous_size': 8, 'attention_head_size': 4, 'learning_rate': 0.0019498678335906686}. Best is trial 0 with value: 0.3885882794857025.
[I 2023-12-26 16:01:47,241] Trial 20 finished with value: 4.2694621086120605 and parameters: {'gradient_clip_val': 0.3733558009371657, 'hidden_size': 9, 'dropout': 0.2429484301973321, 'hidden_continuous_size': 6, 'attention_head_size': 3, 'learning_rate': 0.004261765113473319}. Best is trial 0 with value: 0.3885882794857025.
[I 2023-12-26 16:01:49,755] Trial 21 finished with value: 5.579741954803467 and parameters: {'gradient_clip_val': 0.4766922096625708, 'hidden_size': 28, 'dropout': 0.1992991288444557, 'hidden_continuous_size': 15, 'attention_head_size': 3, 'learning_rate': 0.009233988238981328}. Best is trial 0 with value: 0.3885882794857025.
[I 2023-12-26 16:01:52,426] Trial 22 finished with value: 5.500929355621338 and parameters: {'gradient_clip_val': 0.3632484713025748, 'hidden_size': 37, 'dropout': 0.17701720528226747, 'hidden_continuous_size': 18, 'attention_head_size': 3, 'learning_rate': 0.006959103100468275}. Best is trial 0 with value: 0.3885882794857025.
[I 2023-12-26 16:01:54,781] Trial 23 finished with value: 3.2843875885009766 and parameters: {'gradient_clip_val': 0.31516684373305126, 'hidden_size': 25, 'dropout': 0.17522062293187474, 'hidden_continuous_size': 10, 'attention_head_size': 3, 'learning_rate': 0.09958726090060963}. Best is trial 0 with value: 0.3885882794857025.
[I 2023-12-26 16:01:57,226] Trial 24 finished with value: 4.5456695556640625 and parameters: {'gradient_clip_val': 0.27575372320547537, 'hidden_size': 21, 'dropout': 0.2614547725041942, 'hidden_continuous_size': 9, 'attention_head_size': 2, 'learning_rate': 0.08793905599497086}. Best is trial 0 with value: 0.3885882794857025.
[I 2023-12-26 16:01:59,582] Trial 25 finished with value: 4.738205432891846 and parameters: {'gradient_clip_val': 0.20101671678069946, 'hidden_size': 26, 'dropout': 0.29435818986662143, 'hidden_continuous_size': 10, 'attention_head_size': 3, 'learning_rate': 0.09558290130716189}. Best is trial 0 with value: 0.3885882794857025.
[I 2023-12-26 16:02:01,566] Trial 26 finished with value: 4.590751647949219 and parameters: {'gradient_clip_val': 0.5830582795036835, 'hidden_size': 16, 'dropout': 0.25418106448904443, 'hidden_continuous_size': 10, 'attention_head_size': 4, 'learning_rate': 0.04086680684616737}. Best is trial 0 with value: 0.3885882794857025.
[I 2023-12-26 16:02:03,822] Trial 27 finished with value: 4.703766822814941 and parameters: {'gradient_clip_val': 0.13231074886986816, 'hidden_size': 24, 'dropout': 0.31571171834456224, 'hidden_continuous_size': 12, 'attention_head_size': 3, 'learning_rate': 0.05360480303132802}. Best is trial 0 with value: 0.3885882794857025.
[I 2023-12-26 16:02:06,554] Trial 28 finished with value: 5.446325302124023 and parameters: {'gradient_clip_val': 0.2955647142224649, 'hidden_size': 40, 'dropout': 0.25700609070263497, 'hidden_continuous_size': 12, 'attention_head_size': 2, 'learning_rate': 0.023676163834950022}. Best is trial 0 with value: 0.3885882794857025.
[I 2023-12-26 16:02:10,064] Trial 29 finished with value: 4.121288776397705 and parameters: {'gradient_clip_val': 0.33090524882049066, 'hidden_size': 60, 'dropout': 0.41418268628139543, 'hidden_continuous_size': 20, 'attention_head_size': 1, 'learning_rate': 0.0009149177026441686}. Best is trial 0 with value: 0.3885882794857025.
[I 2023-12-26 16:02:12,456] Trial 30 finished with value: 4.43041467666626 and parameters: {'gradient_clip_val': 0.3236316503914939, 'hidden_size': 26, 'dropout': 0.3488318057323596, 'hidden_continuous_size': 9, 'attention_head_size': 4, 'learning_rate': 0.03560383703262635}. Best is trial 0 with value: 0.3885882794857025.
[I 2023-12-26 16:02:15,037] Trial 31 finished with value: 3.6002657413482666 and parameters: {'gradient_clip_val': 0.42643797138030415, 'hidden_size': 34, 'dropout': 0.1737647640489469, 'hidden_continuous_size': 14, 'attention_head_size': 3, 'learning_rate': 0.06880245809605469}. Best is trial 0 with value: 0.3885882794857025.
[I 2023-12-26 16:02:17,696] Trial 32 finished with value: 4.542670726776123 and parameters: {'gradient_clip_val': 0.40756814058985935, 'hidden_size': 40, 'dropout': 0.21087229813934338, 'hidden_continuous_size': 16, 'attention_head_size': 3, 'learning_rate': 0.020163883684585996}. Best is trial 0 with value: 0.3885882794857025.
[I 2023-12-26 16:02:19,888] Trial 33 finished with value: 4.855748653411865 and parameters: {'gradient_clip_val': 0.3361289838070309, 'hidden_size': 19, 'dropout': 0.3017994070963985, 'hidden_continuous_size': 11, 'attention_head_size': 3, 'learning_rate': 0.031611740463508925}. Best is trial 0 with value: 0.3885882794857025.
[I 2023-12-26 16:02:22,369] Trial 34 finished with value: 3.7012741565704346 and parameters: {'gradient_clip_val': 0.4049282552979176, 'hidden_size': 29, 'dropout': 0.18816128928290657, 'hidden_continuous_size': 12, 'attention_head_size': 3, 'learning_rate': 0.017942900989822548}. Best is trial 0 with value: 0.3885882794857025.
[I 2023-12-26 16:02:25,298] Trial 35 finished with value: 6.2483649253845215 and parameters: {'gradient_clip_val': 0.4761237201982668, 'hidden_size': 38, 'dropout': 0.15989780321015495, 'hidden_continuous_size': 17, 'attention_head_size': 2, 'learning_rate': 0.04715155316530879}. Best is trial 0 with value: 0.3885882794857025.
[I 2023-12-26 16:02:27,436] Trial 36 finished with value: 4.681553363800049 and parameters: {'gradient_clip_val': 0.5504791093709877, 'hidden_size': 14, 'dropout': 0.20478111247474556, 'hidden_continuous_size': 8, 'attention_head_size': 4, 'learning_rate': 0.013009723555962398}. Best is trial 0 with value: 0.3885882794857025.
[I 2023-12-26 16:02:30,541] Trial 37 finished with value: 5.899826526641846 and parameters: {'gradient_clip_val': 0.2572691780229647, 'hidden_size': 47, 'dropout': 0.3774998799246419, 'hidden_continuous_size': 14, 'attention_head_size': 3, 'learning_rate': 0.009696970561644981}. Best is trial 0 with value: 0.3885882794857025.
[I 2023-12-26 16:02:32,572] Trial 38 finished with value: 4.271724224090576 and parameters: {'gradient_clip_val': 0.31371527478475975, 'hidden_size': 11, 'dropout': 0.14818952888243586, 'hidden_continuous_size': 7, 'attention_head_size': 3, 'learning_rate': 0.005284834557436839}. Best is trial 0 with value: 0.3885882794857025.
[I 2023-12-26 16:02:35,035] Trial 39 finished with value: 4.145443439483643 and parameters: {'gradient_clip_val': 0.16537366247942198, 'hidden_size': 27, 'dropout': 0.2268582923256232, 'hidden_continuous_size': 13, 'attention_head_size': 4, 'learning_rate': 0.03856476496617279}. Best is trial 0 with value: 0.3885882794857025.
[I 2023-12-26 16:02:37,275] Trial 40 finished with value: 5.855961322784424 and parameters: {'gradient_clip_val': 0.366965992487914, 'hidden_size': 22, 'dropout': 0.19278136690110131, 'hidden_continuous_size': 11, 'attention_head_size': 2, 'learning_rate': 0.058076089554735096}. Best is trial 0 with value: 0.3885882794857025.
[I 2023-12-26 16:02:39,823] Trial 41 finished with value: 5.193401336669922 and parameters: {'gradient_clip_val': 0.42912470047306167, 'hidden_size': 33, 'dropout': 0.1705309877118725, 'hidden_continuous_size': 14, 'attention_head_size': 3, 'learning_rate': 0.07397311727827402}. Best is trial 0 with value: 0.3885882794857025.
[I 2023-12-26 16:02:42,383] Trial 42 finished with value: 5.136651515960693 and parameters: {'gradient_clip_val': 0.648505925713348, 'hidden_size': 33, 'dropout': 0.12110855578455137, 'hidden_continuous_size': 14, 'attention_head_size': 3, 'learning_rate': 0.0677219407626521}. Best is trial 0 with value: 0.3885882794857025.
[I 2023-12-26 16:02:44,566] Trial 43 finished with value: 4.585018157958984 and parameters: {'gradient_clip_val': 0.44027351917792557, 'hidden_size': 19, 'dropout': 0.14427545474909662, 'hidden_continuous_size': 12, 'attention_head_size': 3, 'learning_rate': 0.04881233608619623}. Best is trial 0 with value: 0.3885882794857025.
[I 2023-12-26 16:02:46,794] Trial 44 finished with value: 6.165250301361084 and parameters: {'gradient_clip_val': 0.48422797058757466, 'hidden_size': 24, 'dropout': 0.17561324070290235, 'hidden_continuous_size': 12, 'attention_head_size': 3, 'learning_rate': 0.0971043118654577}. Best is trial 0 with value: 0.3885882794857025.
[I 2023-12-26 16:02:49,858] Trial 45 finished with value: 4.279466152191162 and parameters: {'gradient_clip_val': 0.39458217704407955, 'hidden_size': 47, 'dropout': 0.24244153409787073, 'hidden_continuous_size': 20, 'attention_head_size': 3, 'learning_rate': 0.0636669039744871}. Best is trial 0 with value: 0.3885882794857025.
[I 2023-12-26 16:02:53,299] Trial 46 finished with value: 5.184857368469238 and parameters: {'gradient_clip_val': 0.5145497961015111, 'hidden_size': 58, 'dropout': 0.21254253006337964, 'hidden_continuous_size': 16, 'attention_head_size': 3, 'learning_rate': 0.07480152059467594}. Best is trial 0 with value: 0.3885882794857025.
[I 2023-12-26 16:02:56,146] Trial 47 finished with value: 5.303642749786377 and parameters: {'gradient_clip_val': 0.44465065593887193, 'hidden_size': 31, 'dropout': 0.2751958592343834, 'hidden_continuous_size': 13, 'attention_head_size': 3, 'learning_rate': 0.032558570581694965}. Best is trial 0 with value: 0.3885882794857025.
[I 2023-12-26 16:02:58,350] Trial 48 finished with value: 3.9317057132720947 and parameters: {'gradient_clip_val': 0.34823907016324257, 'hidden_size': 21, 'dropout': 0.15989385705788173, 'hidden_continuous_size': 10, 'attention_head_size': 2, 'learning_rate': 0.014151919066855832}. Best is trial 0 with value: 0.3885882794857025.
[I 2023-12-26 16:03:00,977] Trial 49 finished with value: 7.004965305328369 and parameters: {'gradient_clip_val': 0.2989725732611528, 'hidden_size': 36, 'dropout': 0.1119160920589382, 'hidden_continuous_size': 14, 'attention_head_size': 4, 'learning_rate': 0.007289245396460455}. Best is trial 0 with value: 0.3885882794857025.
[I 2023-12-26 16:03:01,099] A new study created in memory with name: no-name-2ac24a51-fe05-444e-8e61-3d5c9794606b
/home/le004/conda/anaconda3/envs/tsff_env/lib/python3.9/site-packages/lightning/fabric/plugins/environments/slurm.py:191: The `srun` command is available on your system but is not used. HINT: If your intention is to run Lightning on SLURM, prepend your python command with `srun` like so: srun python /home/le004/master_thesis/git/TSFusionForecast/code/ ...
[I 2023-12-26 16:07:54,071] Trial 0 finished with value: 0.02593986690044403 and parameters: {'gradient_clip_val': 0.48654783612861596, 'hidden_size': 27, 'dropout': 0.19962960257508722, 'hidden_continuous_size': 11, 'attention_head_size': 4, 'learning_rate': 0.0038531297355766992}. Best is trial 0 with value: 0.02593986690044403.
[I 2023-12-26 16:07:55,945] Trial 1 finished with value: 2.441117286682129 and parameters: {'gradient_clip_val': 0.27471106023174857, 'hidden_size': 6, 'dropout': 0.34706250318597187, 'hidden_continuous_size': 6, 'attention_head_size': 4, 'learning_rate': 0.014407069549172069}. Best is trial 0 with value: 0.02593986690044403.
[I 2023-12-26 16:07:58,214] Trial 2 finished with value: 3.1189024448394775 and parameters: {'gradient_clip_val': 0.6162764740119413, 'hidden_size': 20, 'dropout': 0.20121484414204438, 'hidden_continuous_size': 9, 'attention_head_size': 4, 'learning_rate': 0.0027158919871718788}. Best is trial 0 with value: 0.02593986690044403.
[I 2023-12-26 16:08:01,694] Trial 3 finished with value: 3.0288236141204834 and parameters: {'gradient_clip_val': 0.9670801039687378, 'hidden_size': 38, 'dropout': 0.194493425239057, 'hidden_continuous_size': 33, 'attention_head_size': 4, 'learning_rate': 0.0015907901162176617}. Best is trial 0 with value: 0.02593986690044403.
[I 2023-12-26 16:08:07,007] Trial 4 finished with value: 2.5548489093780518 and parameters: {'gradient_clip_val': 0.13777479973693263, 'hidden_size': 69, 'dropout': 0.39690696903906164, 'hidden_continuous_size': 36, 'attention_head_size': 2, 'learning_rate': 0.016899567479173743}. Best is trial 0 with value: 0.02593986690044403.
[I 2023-12-26 16:08:09,748] Trial 5 finished with value: 2.115640878677368 and parameters: {'gradient_clip_val': 0.4528896322332928, 'hidden_size': 25, 'dropout': 0.29544888472866804, 'hidden_continuous_size': 9, 'attention_head_size': 1, 'learning_rate': 0.0006200940479776526}. Best is trial 0 with value: 0.02593986690044403.
[I 2023-12-26 16:08:12,071] Trial 6 finished with value: 2.6040327548980713 and parameters: {'gradient_clip_val': 0.8352726965836497, 'hidden_size': 11, 'dropout': 0.2563783778079024, 'hidden_continuous_size': 5, 'attention_head_size': 2, 'learning_rate': 0.004338521475049388}. Best is trial 0 with value: 0.02593986690044403.
[I 2023-12-26 16:08:14,220] Trial 7 finished with value: 2.48413348197937 and parameters: {'gradient_clip_val': 0.13081109882952732, 'hidden_size': 7, 'dropout': 0.3260066819152365, 'hidden_continuous_size': 7, 'attention_head_size': 4, 'learning_rate': 0.02522028998747121}. Best is trial 0 with value: 0.02593986690044403.
[I 2023-12-26 16:08:19,681] Trial 8 finished with value: 2.5719752311706543 and parameters: {'gradient_clip_val': 0.2601737502554202, 'hidden_size': 67, 'dropout': 0.268748253701506, 'hidden_continuous_size': 7, 'attention_head_size': 4, 'learning_rate': 0.018339031789826363}. Best is trial 0 with value: 0.02593986690044403.
[I 2023-12-26 16:08:29,384] Trial 9 finished with value: 2.427757501602173 and parameters: {'gradient_clip_val': 0.23103743433137527, 'hidden_size': 122, 'dropout': 0.3429002545530454, 'hidden_continuous_size': 19, 'attention_head_size': 1, 'learning_rate': 0.010198929625283407}. Best is trial 0 with value: 0.02593986690044403.
[I 2023-12-26 16:08:32,388] Trial 10 finished with value: 2.8761682510375977 and parameters: {'gradient_clip_val': 0.4531367620906372, 'hidden_size': 14, 'dropout': 0.1279755737413764, 'hidden_continuous_size': 10, 'attention_head_size': 3, 'learning_rate': 0.04854665633033618}. Best is trial 0 with value: 0.02593986690044403.
[I 2023-12-26 16:08:35,272] Trial 11 finished with value: 1.9163151979446411 and parameters: {'gradient_clip_val': 0.44095032733382117, 'hidden_size': 24, 'dropout': 0.4836394027867001, 'hidden_continuous_size': 12, 'attention_head_size': 1, 'learning_rate': 0.0005245170542585016}. Best is trial 0 with value: 0.02593986690044403.
[I 2023-12-26 16:08:37,892] Trial 12 finished with value: 2.4653191566467285 and parameters: {'gradient_clip_val': 0.4247804668923668, 'hidden_size': 36, 'dropout': 0.4781313952220952, 'hidden_continuous_size': 14, 'attention_head_size': 3, 'learning_rate': 0.0007348270427336162}. Best is trial 0 with value: 0.02593986690044403.
[I 2023-12-26 16:08:40,073] Trial 13 finished with value: 2.363764524459839 and parameters: {'gradient_clip_val': 0.6554212551736249, 'hidden_size': 16, 'dropout': 0.4584841247604981, 'hidden_continuous_size': 12, 'attention_head_size': 2, 'learning_rate': 0.005504359717185441}. Best is trial 0 with value: 0.02593986690044403.
[I 2023-12-26 16:08:42,895] Trial 14 finished with value: 1.999249815940857 and parameters: {'gradient_clip_val': 0.3621623692946084, 'hidden_size': 31, 'dropout': 0.41649728761082977, 'hidden_continuous_size': 14, 'attention_head_size': 3, 'learning_rate': 0.0012697611029723246}. Best is trial 0 with value: 0.02593986690044403.
[I 2023-12-26 16:08:44,930] Trial 15 finished with value: 2.2658698558807373 and parameters: {'gradient_clip_val': 0.5822781564588096, 'hidden_size': 10, 'dropout': 0.4968635739892353, 'hidden_continuous_size': 5, 'attention_head_size': 1, 'learning_rate': 0.0005302220504717215}. Best is trial 0 with value: 0.02593986690044403.
[I 2023-12-26 16:08:47,327] Trial 16 finished with value: 2.12410569190979 and parameters: {'gradient_clip_val': 0.3328240971382999, 'hidden_size': 21, 'dropout': 0.39729075680953224, 'hidden_continuous_size': 11, 'attention_head_size': 2, 'learning_rate': 0.0028637186460561343}. Best is trial 0 with value: 0.02593986690044403.
[I 2023-12-26 16:08:50,621] Trial 17 finished with value: 2.1064326763153076 and parameters: {'gradient_clip_val': 0.1945501057233134, 'hidden_size': 49, 'dropout': 0.10104887900673068, 'hidden_continuous_size': 18, 'attention_head_size': 3, 'learning_rate': 0.00813636795549462}. Best is trial 0 with value: 0.02593986690044403.
[I 2023-12-26 16:08:52,892] Trial 18 finished with value: 1.742571234703064 and parameters: {'gradient_clip_val': 0.5285918630713434, 'hidden_size': 22, 'dropout': 0.44215938779396374, 'hidden_continuous_size': 8, 'attention_head_size': 1, 'learning_rate': 0.001233223194544388}. Best is trial 0 with value: 0.02593986690044403.
[I 2023-12-26 16:08:54,766] Trial 19 finished with value: 2.259234666824341 and parameters: {'gradient_clip_val': 0.5518815024204512, 'hidden_size': 5, 'dropout': 0.42674681831593025, 'hidden_continuous_size': 5, 'attention_head_size': 2, 'learning_rate': 0.0016935850054998888}. Best is trial 0 with value: 0.02593986690044403.
[I 2023-12-26 16:08:56,826] Trial 20 finished with value: 1.6839141845703125 and parameters: {'gradient_clip_val': 0.7329442093131482, 'hidden_size': 16, 'dropout': 0.21097502919893218, 'hidden_continuous_size': 8, 'attention_head_size': 3, 'learning_rate': 0.003762661533021191}. Best is trial 0 with value: 0.02593986690044403.
[I 2023-12-26 16:08:58,963] Trial 21 finished with value: 2.034956216812134 and parameters: {'gradient_clip_val': 0.7755894369091548, 'hidden_size': 17, 'dropout': 0.2180205407372034, 'hidden_continuous_size': 8, 'attention_head_size': 3, 'learning_rate': 0.00340646124115252}. Best is trial 0 with value: 0.02593986690044403.
[I 2023-12-26 16:09:01,782] Trial 22 finished with value: 1.6458688974380493 and parameters: {'gradient_clip_val': 0.719547881344356, 'hidden_size': 13, 'dropout': 0.154224054347049, 'hidden_continuous_size': 7, 'attention_head_size': 3, 'learning_rate': 0.0056332786995370145}. Best is trial 0 with value: 0.02593986690044403.
[I 2023-12-26 16:09:04,041] Trial 23 finished with value: 1.6537275314331055 and parameters: {'gradient_clip_val': 0.7080502821984462, 'hidden_size': 11, 'dropout': 0.15648720475143943, 'hidden_continuous_size': 6, 'attention_head_size': 3, 'learning_rate': 0.005981758413956529}. Best is trial 0 with value: 0.02593986690044403.
[I 2023-12-26 16:09:06,064] Trial 24 finished with value: 2.283961534500122 and parameters: {'gradient_clip_val': 0.9727071822507376, 'hidden_size': 11, 'dropout': 0.16270600199080076, 'hidden_continuous_size': 6, 'attention_head_size': 4, 'learning_rate': 0.006383331091511973}. Best is trial 0 with value: 0.02593986690044403.
[I 2023-12-26 16:09:07,972] Trial 25 finished with value: 1.9880328178405762 and parameters: {'gradient_clip_val': 0.7177035277865371, 'hidden_size': 8, 'dropout': 0.15634490585481647, 'hidden_continuous_size': 6, 'attention_head_size': 3, 'learning_rate': 0.009343719756328058}. Best is trial 0 with value: 0.02593986690044403.
