[I 2023-12-26 14:35:18,159] Trial 23 finished with value: 1.8088148832321167 and parameters: {'gradient_clip_val': 0.3607932196417957, 'hidden_size': 54, 'dropout': 0.41913132352717747, 'hidden_continuous_size': 10, 'attention_head_size': 3, 'learning_rate': 0.007921980804976836}. Best is trial 0 with value: 0.0367700457572937.
[I 2023-12-26 14:35:22,272] Trial 24 finished with value: 2.4303314685821533 and parameters: {'gradient_clip_val': 0.21663091795864223, 'hidden_size': 73, 'dropout': 0.48851899783212493, 'hidden_continuous_size': 7, 'attention_head_size': 2, 'learning_rate': 0.010236969057116454}. Best is trial 0 with value: 0.0367700457572937.
[I 2023-12-26 14:35:25,134] Trial 25 finished with value: 2.435746431350708 and parameters: {'gradient_clip_val': 0.29088331101745135, 'hidden_size': 45, 'dropout': 0.39548004685483146, 'hidden_continuous_size': 12, 'attention_head_size': 3, 'learning_rate': 0.00186850813264436}. Best is trial 0 with value: 0.0367700457572937.
[I 2023-12-26 14:35:31,704] Trial 26 finished with value: 1.4727805852890015 and parameters: {'gradient_clip_val': 0.36931591348571846, 'hidden_size': 111, 'dropout': 0.45380772187770513, 'hidden_continuous_size': 16, 'attention_head_size': 4, 'learning_rate': 0.003577060350773771}. Best is trial 0 with value: 0.0367700457572937.
[I 2023-12-26 14:35:38,663] Trial 27 finished with value: 1.5067583322525024 and parameters: {'gradient_clip_val': 0.34816283835032374, 'hidden_size': 116, 'dropout': 0.4611040338361222, 'hidden_continuous_size': 44, 'attention_head_size': 4, 'learning_rate': 0.006862943545759034}. Best is trial 0 with value: 0.0367700457572937.
[I 2023-12-26 14:35:45,616] Trial 28 finished with value: 1.5569089651107788 and parameters: {'gradient_clip_val': 0.4252228630690728, 'hidden_size': 111, 'dropout': 0.32271433323363496, 'hidden_continuous_size': 24, 'attention_head_size': 4, 'learning_rate': 0.000613413063589001}. Best is trial 0 with value: 0.0367700457572937.
[I 2023-12-26 14:35:47,772] Trial 29 finished with value: 1.3263399600982666 and parameters: {'gradient_clip_val': 0.46857822538233573, 'hidden_size': 7, 'dropout': 0.26077871635350414, 'hidden_continuous_size': 5, 'attention_head_size': 4, 'learning_rate': 0.004961946774405478}. Best is trial 0 with value: 0.0367700457572937.
[I 2023-12-26 14:35:50,112] Trial 30 finished with value: 2.1332695484161377 and parameters: {'gradient_clip_val': 0.507765004512126, 'hidden_size': 8, 'dropout': 0.25410564417113657, 'hidden_continuous_size': 5, 'attention_head_size': 4, 'learning_rate': 0.006938624567388034}. Best is trial 0 with value: 0.0367700457572937.
[I 2023-12-26 14:35:52,578] Trial 31 finished with value: 2.070657968521118 and parameters: {'gradient_clip_val': 0.3286647078851734, 'hidden_size': 6, 'dropout': 0.2994712711131927, 'hidden_continuous_size': 5, 'attention_head_size': 4, 'learning_rate': 0.00427473840178086}. Best is trial 0 with value: 0.0367700457572937.
[I 2023-12-26 14:35:54,692] Trial 32 finished with value: 2.4741649627685547 and parameters: {'gradient_clip_val': 0.4456977872160554, 'hidden_size': 13, 'dropout': 0.17616455147511959, 'hidden_continuous_size': 7, 'attention_head_size': 4, 'learning_rate': 0.004938931177311672}. Best is trial 0 with value: 0.0367700457572937.
[I 2023-12-26 14:35:56,659] Trial 33 finished with value: 2.0098464488983154 and parameters: {'gradient_clip_val': 0.6182562250443544, 'hidden_size': 7, 'dropout': 0.2647236618940459, 'hidden_continuous_size': 6, 'attention_head_size': 4, 'learning_rate': 0.0032132072115911648}. Best is trial 0 with value: 0.0367700457572937.
[I 2023-12-26 14:35:58,579] Trial 34 finished with value: 2.4229373931884766 and parameters: {'gradient_clip_val': 0.3455580485986775, 'hidden_size': 8, 'dropout': 0.22888883719120054, 'hidden_continuous_size': 6, 'attention_head_size': 4, 'learning_rate': 0.00993038289315873}. Best is trial 0 with value: 0.0367700457572937.
[I 2023-12-26 14:36:00,368] Trial 35 finished with value: 1.8608416318893433 and parameters: {'gradient_clip_val': 0.4051847098302935, 'hidden_size': 5, 'dropout': 0.17983908319592895, 'hidden_continuous_size': 5, 'attention_head_size': 4, 'learning_rate': 0.01746017735744782}. Best is trial 0 with value: 0.0367700457572937.
[I 2023-12-26 14:36:04,383] Trial 36 finished with value: 1.7281113862991333 and parameters: {'gradient_clip_val': 0.3232811057963437, 'hidden_size': 67, 'dropout': 0.30920210804821224, 'hidden_continuous_size': 9, 'attention_head_size': 3, 'learning_rate': 0.005709636542962547}. Best is trial 0 with value: 0.0367700457572937.
[I 2023-12-26 14:36:06,293] Trial 37 finished with value: 2.0380804538726807 and parameters: {'gradient_clip_val': 0.46158427882591013, 'hidden_size': 6, 'dropout': 0.2763553642706593, 'hidden_continuous_size': 5, 'attention_head_size': 4, 'learning_rate': 0.002239206389145795}. Best is trial 0 with value: 0.0367700457572937.
[I 2023-12-26 14:36:14,380] Trial 38 finished with value: 2.0614044666290283 and parameters: {'gradient_clip_val': 0.3804097577429255, 'hidden_size': 131, 'dropout': 0.15215098567584645, 'hidden_continuous_size': 7, 'attention_head_size': 3, 'learning_rate': 0.045778217214466795}. Best is trial 0 with value: 0.0367700457572937.
[I 2023-12-26 14:36:16,526] Trial 39 finished with value: 1.7888544797897339 and parameters: {'gradient_clip_val': 0.5641814362922501, 'hidden_size': 15, 'dropout': 0.19194101258327353, 'hidden_continuous_size': 8, 'attention_head_size': 2, 'learning_rate': 0.014143558595926671}. Best is trial 0 with value: 0.0367700457572937.
[I 2023-12-26 14:36:18,478] Trial 40 finished with value: 1.6671630144119263 and parameters: {'gradient_clip_val': 0.46134445284489517, 'hidden_size': 5, 'dropout': 0.23095315538141917, 'hidden_continuous_size': 5, 'attention_head_size': 1, 'learning_rate': 0.056031994181777095}. Best is trial 0 with value: 0.0367700457572937.
[I 2023-12-26 14:36:25,405] Trial 41 finished with value: 2.0686588287353516 and parameters: {'gradient_clip_val': 0.378224548168365, 'hidden_size': 111, 'dropout': 0.4703904538332381, 'hidden_continuous_size': 35, 'attention_head_size': 4, 'learning_rate': 0.006462201235959071}. Best is trial 0 with value: 0.0367700457572937.
[I 2023-12-26 14:36:33,036] Trial 42 finished with value: 2.23006534576416 and parameters: {'gradient_clip_val': 0.35063605706166995, 'hidden_size': 125, 'dropout': 0.4665738016315275, 'hidden_continuous_size': 48, 'attention_head_size': 4, 'learning_rate': 0.008039534764701064}. Best is trial 0 with value: 0.0367700457572937.
[I 2023-12-26 14:36:38,966] Trial 43 finished with value: 2.0730154514312744 and parameters: {'gradient_clip_val': 0.41795125080379436, 'hidden_size': 102, 'dropout': 0.4611563120238706, 'hidden_continuous_size': 16, 'attention_head_size': 4, 'learning_rate': 0.005478219123539686}. Best is trial 0 with value: 0.0367700457572937.
[I 2023-12-26 14:36:43,236] Trial 44 finished with value: 1.6335054636001587 and parameters: {'gradient_clip_val': 0.332538595145996, 'hidden_size': 76, 'dropout': 0.41677837237992066, 'hidden_continuous_size': 14, 'attention_head_size': 4, 'learning_rate': 0.012583837679541937}. Best is trial 0 with value: 0.0367700457572937.
[I 2023-12-26 14:36:52,228] Trial 45 finished with value: 1.1503318548202515 and parameters: {'gradient_clip_val': 0.2812303587335373, 'hidden_size': 145, 'dropout': 0.11764706921997872, 'hidden_continuous_size': 67, 'attention_head_size': 4, 'learning_rate': 0.070518983090179}. Best is trial 0 with value: 0.0367700457572937.
[I 2023-12-26 14:37:01,698] Trial 46 finished with value: 1.5851731300354004 and parameters: {'gradient_clip_val': 0.27227009924767714, 'hidden_size': 150, 'dropout': 0.12079134049911062, 'hidden_continuous_size': 82, 'attention_head_size': 3, 'learning_rate': 0.0421264109182241}. Best is trial 0 with value: 0.0367700457572937.
[I 2023-12-26 14:37:07,819] Trial 47 finished with value: 1.4011945724487305 and parameters: {'gradient_clip_val': 0.3095872502092851, 'hidden_size': 97, 'dropout': 0.1470457346187139, 'hidden_continuous_size': 67, 'attention_head_size': 4, 'learning_rate': 0.07373935827631196}. Best is trial 0 with value: 0.0367700457572937.
[I 2023-12-26 14:37:13,135] Trial 48 finished with value: 1.5671472549438477 and parameters: {'gradient_clip_val': 0.2407371417122529, 'hidden_size': 87, 'dropout': 0.1450963749635262, 'hidden_continuous_size': 64, 'attention_head_size': 2, 'learning_rate': 0.07178207717624885}. Best is trial 0 with value: 0.0367700457572937.
[I 2023-12-26 14:37:21,025] Trial 49 finished with value: 1.3071861267089844 and parameters: {'gradient_clip_val': 0.3039595190378477, 'hidden_size': 130, 'dropout': 0.10527143401069688, 'hidden_continuous_size': 64, 'attention_head_size': 3, 'learning_rate': 0.09676871635912086}. Best is trial 0 with value: 0.0367700457572937.
[I 2023-12-26 14:37:21,144] A new study created in memory with name: no-name-b11c54f5-7abb-4638-89bc-fd1391e108d4
/home/le004/conda/anaconda3/envs/tsff_env/lib/python3.9/site-packages/lightning/fabric/plugins/environments/slurm.py:191: The `srun` command is available on your system but is not used. HINT: If your intention is to run Lightning on SLURM, prepend your python command with `srun` like so: srun python /home/le004/master_thesis/git/TSFusionForecast/code/ ...
[I 2023-12-26 14:42:29,017] Trial 0 finished with value: 0.35739243030548096 and parameters: {'gradient_clip_val': 0.14510654189225822, 'hidden_size': 19, 'dropout': 0.4397486623475446, 'hidden_continuous_size': 13, 'attention_head_size': 4, 'learning_rate': 0.0007356437295214137}. Best is trial 0 with value: 0.35739243030548096.
[I 2023-12-26 14:46:11,850] Trial 1 finished with value: 0.28603222966194153 and parameters: {'gradient_clip_val': 0.27699542901670166, 'hidden_size': 33, 'dropout': 0.4940945212311204, 'hidden_continuous_size': 14, 'attention_head_size': 4, 'learning_rate': 0.06874196852667443}. Best is trial 1 with value: 0.28603222966194153.
[I 2023-12-26 14:46:15,189] Trial 2 finished with value: 5.328248500823975 and parameters: {'gradient_clip_val': 0.15506693382928957, 'hidden_size': 33, 'dropout': 0.27432896696081666, 'hidden_continuous_size': 32, 'attention_head_size': 3, 'learning_rate': 0.08550165043131755}. Best is trial 1 with value: 0.28603222966194153.
[I 2023-12-26 14:46:17,190] Trial 3 finished with value: 5.274165630340576 and parameters: {'gradient_clip_val': 0.8648928684019356, 'hidden_size': 10, 'dropout': 0.29751270001690266, 'hidden_continuous_size': 8, 'attention_head_size': 4, 'learning_rate': 0.0008263138715552179}. Best is trial 1 with value: 0.28603222966194153.
[I 2023-12-26 14:46:19,090] Trial 4 finished with value: 4.345789909362793 and parameters: {'gradient_clip_val': 0.21978564316476223, 'hidden_size': 10, 'dropout': 0.367820110417586, 'hidden_continuous_size': 10, 'attention_head_size': 4, 'learning_rate': 0.0014142626079745066}. Best is trial 1 with value: 0.28603222966194153.
[I 2023-12-26 14:46:26,995] Trial 5 finished with value: 5.409402370452881 and parameters: {'gradient_clip_val': 0.574961447636411, 'hidden_size': 115, 'dropout': 0.4227740715098237, 'hidden_continuous_size': 63, 'attention_head_size': 4, 'learning_rate': 0.018623503242541757}. Best is trial 1 with value: 0.28603222966194153.
[I 2023-12-26 14:46:29,063] Trial 6 finished with value: 5.335901260375977 and parameters: {'gradient_clip_val': 0.2597584880135684, 'hidden_size': 11, 'dropout': 0.4840240701269394, 'hidden_continuous_size': 5, 'attention_head_size': 4, 'learning_rate': 0.021443735805262612}. Best is trial 1 with value: 0.28603222966194153.
[I 2023-12-26 14:46:31,079] Trial 7 finished with value: 5.313774585723877 and parameters: {'gradient_clip_val': 0.8495381994275354, 'hidden_size': 16, 'dropout': 0.3196442982961788, 'hidden_continuous_size': 12, 'attention_head_size': 4, 'learning_rate': 0.02646090739920009}. Best is trial 1 with value: 0.28603222966194153.
[I 2023-12-26 14:46:37,764] Trial 8 finished with value: 4.038529396057129 and parameters: {'gradient_clip_val': 0.35825692026414463, 'hidden_size': 92, 'dropout': 0.3171436092958603, 'hidden_continuous_size': 5, 'attention_head_size': 4, 'learning_rate': 0.05498429097172203}. Best is trial 1 with value: 0.28603222966194153.
[I 2023-12-26 14:46:41,720] Trial 9 finished with value: 4.576948165893555 and parameters: {'gradient_clip_val': 0.1807465036515578, 'hidden_size': 67, 'dropout': 0.20149970264140618, 'hidden_continuous_size': 26, 'attention_head_size': 1, 'learning_rate': 0.08916331727177983}. Best is trial 1 with value: 0.28603222966194153.
[I 2023-12-26 14:46:43,572] Trial 10 finished with value: 6.854957103729248 and parameters: {'gradient_clip_val': 0.10432385637445762, 'hidden_size': 6, 'dropout': 0.10898276988831895, 'hidden_continuous_size': 5, 'attention_head_size': 2, 'learning_rate': 0.005373492366080583}. Best is trial 1 with value: 0.28603222966194153.
[I 2023-12-26 14:46:46,028] Trial 11 finished with value: 6.222362995147705 and parameters: {'gradient_clip_val': 0.3354857691210918, 'hidden_size': 29, 'dropout': 0.4924609631261226, 'hidden_continuous_size': 13, 'attention_head_size': 3, 'learning_rate': 0.003225089301054526}. Best is trial 1 with value: 0.28603222966194153.
[I 2023-12-26 14:46:49,070] Trial 12 finished with value: 5.22219705581665 and parameters: {'gradient_clip_val': 0.12792791592815972, 'hidden_size': 44, 'dropout': 0.4300565999170243, 'hidden_continuous_size': 17, 'attention_head_size': 3, 'learning_rate': 0.0005738480102487013}. Best is trial 1 with value: 0.28603222966194153.
[I 2023-12-26 14:46:51,279] Trial 13 finished with value: 5.0653252601623535 and parameters: {'gradient_clip_val': 0.19672141862082648, 'hidden_size': 21, 'dropout': 0.49744351292083133, 'hidden_continuous_size': 8, 'attention_head_size': 2, 'learning_rate': 0.002020607489396611}. Best is trial 1 with value: 0.28603222966194153.
[I 2023-12-26 14:46:55,310] Trial 14 finished with value: 5.819221496582031 and parameters: {'gradient_clip_val': 0.14127262934241414, 'hidden_size': 54, 'dropout': 0.42004584998258726, 'hidden_continuous_size': 18, 'attention_head_size': 3, 'learning_rate': 0.008583619522268658}. Best is trial 1 with value: 0.28603222966194153.
[I 2023-12-26 14:46:57,566] Trial 15 finished with value: 3.3557815551757812 and parameters: {'gradient_clip_val': 0.2663335672752685, 'hidden_size': 22, 'dropout': 0.4430257299510091, 'hidden_continuous_size': 9, 'attention_head_size': 1, 'learning_rate': 0.008553442016129}. Best is trial 1 with value: 0.28603222966194153.
[I 2023-12-26 14:47:00,818] Trial 16 finished with value: 5.085224151611328 and parameters: {'gradient_clip_val': 0.10590367933130651, 'hidden_size': 37, 'dropout': 0.38211297347614165, 'hidden_continuous_size': 14, 'attention_head_size': 2, 'learning_rate': 0.0011429239003191262}. Best is trial 1 with value: 0.28603222966194153.
[I 2023-12-26 14:47:05,326] Trial 17 finished with value: 4.110487937927246 and parameters: {'gradient_clip_val': 0.41796116989745663, 'hidden_size': 72, 'dropout': 0.4584277001209902, 'hidden_continuous_size': 26, 'attention_head_size': 3, 'learning_rate': 0.0027871765729251484}. Best is trial 1 with value: 0.28603222966194153.
[I 2023-12-26 14:47:08,242] Trial 18 finished with value: 3.6349735260009766 and parameters: {'gradient_clip_val': 0.16675901021645317, 'hidden_size': 45, 'dropout': 0.3860651752102795, 'hidden_continuous_size': 7, 'attention_head_size': 4, 'learning_rate': 0.0007000586432663505}. Best is trial 1 with value: 0.28603222966194153.
[I 2023-12-26 14:47:19,509] Trial 19 finished with value: 4.977097988128662 and parameters: {'gradient_clip_val': 0.22402727761745303, 'hidden_size': 135, 'dropout': 0.4706405790945143, 'hidden_continuous_size': 42, 'attention_head_size': 3, 'learning_rate': 0.000504730529344263}. Best is trial 1 with value: 0.28603222966194153.
[I 2023-12-26 14:47:22,284] Trial 20 finished with value: 4.109254360198975 and parameters: {'gradient_clip_val': 0.28343425066342415, 'hidden_size': 25, 'dropout': 0.46295228435712393, 'hidden_continuous_size': 11, 'attention_head_size': 4, 'learning_rate': 0.0013673551848001515}. Best is trial 1 with value: 0.28603222966194153.
[I 2023-12-26 14:47:24,622] Trial 21 finished with value: 5.424449920654297 and parameters: {'gradient_clip_val': 0.2588512983092122, 'hidden_size': 20, 'dropout': 0.4418020167156821, 'hidden_continuous_size': 10, 'attention_head_size': 1, 'learning_rate': 0.007802920117618303}. Best is trial 1 with value: 0.28603222966194153.
[I 2023-12-26 14:47:27,907] Trial 22 finished with value: 5.77131462097168 and parameters: {'gradient_clip_val': 0.19668849787703754, 'hidden_size': 29, 'dropout': 0.41259735533416153, 'hidden_continuous_size': 15, 'attention_head_size': 1, 'learning_rate': 0.005096779286574206}. Best is trial 1 with value: 0.28603222966194153.
[I 2023-12-26 14:47:30,150] Trial 23 finished with value: 3.8690855503082275 and parameters: {'gradient_clip_val': 0.41760739817576586, 'hidden_size': 16, 'dropout': 0.4572305552061558, 'hidden_continuous_size': 10, 'attention_head_size': 2, 'learning_rate': 0.010096404447179661}. Best is trial 1 with value: 0.28603222966194153.
[I 2023-12-26 14:47:33,563] Trial 24 finished with value: 5.100932598114014 and parameters: {'gradient_clip_val': 0.13495448727059445, 'hidden_size': 39, 'dropout': 0.49600715758559066, 'hidden_continuous_size': 14, 'attention_head_size': 1, 'learning_rate': 0.013533499173789201}. Best is trial 1 with value: 0.28603222966194153.
[I 2023-12-26 14:47:36,095] Trial 25 finished with value: 4.572567462921143 and parameters: {'gradient_clip_val': 0.22596192578280136, 'hidden_size': 25, 'dropout': 0.4540324069844798, 'hidden_continuous_size': 12, 'attention_head_size': 2, 'learning_rate': 0.03759790971400819}. Best is trial 1 with value: 0.28603222966194153.
[I 2023-12-26 14:47:38,976] Trial 26 finished with value: 5.369798183441162 and parameters: {'gradient_clip_val': 0.1595445251276577, 'hidden_size': 33, 'dropout': 0.3941944134611415, 'hidden_continuous_size': 16, 'attention_head_size': 3, 'learning_rate': 0.03245939735094236}. Best is trial 1 with value: 0.28603222966194153.
[I 2023-12-26 14:47:41,404] Trial 27 finished with value: 4.14123010635376 and parameters: {'gradient_clip_val': 0.2961346267299854, 'hidden_size': 18, 'dropout': 0.35650153426530257, 'hidden_continuous_size': 9, 'attention_head_size': 1, 'learning_rate': 0.015277268513970434}. Best is trial 1 with value: 0.28603222966194153.
[I 2023-12-26 14:47:44,408] Trial 28 finished with value: 6.9216227531433105 and parameters: {'gradient_clip_val': 0.2450331248187809, 'hidden_size': 24, 'dropout': 0.4143035081062393, 'hidden_continuous_size': 12, 'attention_head_size': 4, 'learning_rate': 0.012741574638799682}. Best is trial 1 with value: 0.28603222966194153.
[I 2023-12-26 14:47:47,663] Trial 29 finished with value: 4.908542633056641 and parameters: {'gradient_clip_val': 0.18251438271428622, 'hidden_size': 33, 'dropout': 0.34929415157938054, 'hidden_continuous_size': 18, 'attention_head_size': 2, 'learning_rate': 0.05428032686396949}. Best is trial 1 with value: 0.28603222966194153.
[I 2023-12-26 14:47:50,184] Trial 30 finished with value: 4.285407066345215 and parameters: {'gradient_clip_val': 0.14750929881023214, 'hidden_size': 14, 'dropout': 0.439501686235405, 'hidden_continuous_size': 7, 'attention_head_size': 3, 'learning_rate': 0.005887895788791482}. Best is trial 1 with value: 0.28603222966194153.
[I 2023-12-26 14:47:54,245] Trial 31 finished with value: 5.123748302459717 and parameters: {'gradient_clip_val': 0.15980591782960482, 'hidden_size': 47, 'dropout': 0.3941360849860334, 'hidden_continuous_size': 7, 'attention_head_size': 4, 'learning_rate': 0.000833661508161658}. Best is trial 1 with value: 0.28603222966194153.
[I 2023-12-26 14:47:58,396] Trial 32 finished with value: 5.8231520652771 and parameters: {'gradient_clip_val': 0.17272866989265284, 'hidden_size': 50, 'dropout': 0.4738122429813283, 'hidden_continuous_size': 6, 'attention_head_size': 4, 'learning_rate': 0.0007447145613171998}. Best is trial 1 with value: 0.28603222966194153.
[I 2023-12-26 14:48:01,501] Trial 33 finished with value: 5.588260650634766 and parameters: {'gradient_clip_val': 0.21232147521389058, 'hidden_size': 22, 'dropout': 0.4407849852072734, 'hidden_continuous_size': 9, 'attention_head_size': 4, 'learning_rate': 0.0017031090332343122}. Best is trial 1 with value: 0.28603222966194153.
[I 2023-12-26 14:48:05,097] Trial 34 finished with value: 5.877049922943115 and parameters: {'gradient_clip_val': 0.1268248668004589, 'hidden_size': 37, 'dropout': 0.39986920972149637, 'hidden_continuous_size': 8, 'attention_head_size': 4, 'learning_rate': 0.0010035601669772655}. Best is trial 1 with value: 0.28603222966194153.
[I 2023-12-26 14:48:08,166] Trial 35 finished with value: 4.654720783233643 and parameters: {'gradient_clip_val': 0.24472095246329628, 'hidden_size': 28, 'dropout': 0.3701535370833597, 'hidden_continuous_size': 9, 'attention_head_size': 4, 'learning_rate': 0.003610076571493365}. Best is trial 1 with value: 0.28603222966194153.
[I 2023-12-26 14:48:10,940] Trial 36 finished with value: 3.9591667652130127 and parameters: {'gradient_clip_val': 0.2899314045859986, 'hidden_size': 12, 'dropout': 0.48355651346334455, 'hidden_continuous_size': 7, 'attention_head_size': 4, 'learning_rate': 0.019810477949554425}. Best is trial 1 with value: 0.28603222966194153.
[I 2023-12-26 14:48:13,766] Trial 37 finished with value: 6.534311294555664 and parameters: {'gradient_clip_val': 0.170128676572779, 'hidden_size': 19, 'dropout': 0.4171581869345433, 'hidden_continuous_size': 11, 'attention_head_size': 4, 'learning_rate': 0.0024071464465458326}. Best is trial 1 with value: 0.28603222966194153.
