[I 2023-12-26 14:53:51,430] Trial 13 finished with value: 19.485044479370117 and parameters: {'gradient_clip_val': 0.16612030333284877, 'hidden_size': 16, 'dropout': 0.3188411313452435, 'hidden_continuous_size': 6, 'attention_head_size': 3, 'learning_rate': 0.0027251155425750437}. Best is trial 0 with value: 3.6148338317871094.
[I 2023-12-26 14:53:53,559] Trial 14 finished with value: 18.246566772460938 and parameters: {'gradient_clip_val': 0.6546925766560581, 'hidden_size': 13, 'dropout': 0.2671537083535762, 'hidden_continuous_size': 6, 'attention_head_size': 2, 'learning_rate': 0.0005087600810778483}. Best is trial 0 with value: 3.6148338317871094.
[I 2023-12-26 14:53:56,113] Trial 15 finished with value: 21.25391960144043 and parameters: {'gradient_clip_val': 0.6752108487903437, 'hidden_size': 28, 'dropout': 0.3482025188378784, 'hidden_continuous_size': 8, 'attention_head_size': 4, 'learning_rate': 0.002957818268881978}. Best is trial 0 with value: 3.6148338317871094.
[I 2023-12-26 14:53:58,440] Trial 16 finished with value: 19.0667724609375 and parameters: {'gradient_clip_val': 0.3730080184897748, 'hidden_size': 22, 'dropout': 0.12155477797929962, 'hidden_continuous_size': 7, 'attention_head_size': 2, 'learning_rate': 0.004352455714684235}. Best is trial 0 with value: 3.6148338317871094.
[I 2023-12-26 14:54:00,527] Trial 17 finished with value: 16.690635681152344 and parameters: {'gradient_clip_val': 0.16578149717942828, 'hidden_size': 10, 'dropout': 0.45360662559151144, 'hidden_continuous_size': 5, 'attention_head_size': 3, 'learning_rate': 0.012060257771672089}. Best is trial 0 with value: 3.6148338317871094.
[I 2023-12-26 14:54:02,545] Trial 18 finished with value: 23.259546279907227 and parameters: {'gradient_clip_val': 0.5050094908410817, 'hidden_size': 9, 'dropout': 0.458393684015423, 'hidden_continuous_size': 5, 'attention_head_size': 2, 'learning_rate': 0.011712749185619766}. Best is trial 0 with value: 3.6148338317871094.
[I 2023-12-26 14:54:04,522] Trial 19 finished with value: 22.5355224609375 and parameters: {'gradient_clip_val': 0.3176246483828902, 'hidden_size': 7, 'dropout': 0.45991602105542867, 'hidden_continuous_size': 5, 'attention_head_size': 3, 'learning_rate': 0.013413614910246322}. Best is trial 0 with value: 3.6148338317871094.
[I 2023-12-26 14:54:06,643] Trial 20 finished with value: 20.933225631713867 and parameters: {'gradient_clip_val': 0.4010199110868904, 'hidden_size': 12, 'dropout': 0.49785268291976503, 'hidden_continuous_size': 6, 'attention_head_size': 4, 'learning_rate': 0.005097618305017101}. Best is trial 0 with value: 3.6148338317871094.
[I 2023-12-26 14:54:08,711] Trial 21 finished with value: 18.105772018432617 and parameters: {'gradient_clip_val': 0.17058434986154156, 'hidden_size': 16, 'dropout': 0.3714605600676052, 'hidden_continuous_size': 7, 'attention_head_size': 3, 'learning_rate': 0.001617817471563726}. Best is trial 0 with value: 3.6148338317871094.
[I 2023-12-26 14:54:10,724] Trial 22 finished with value: 18.568185806274414 and parameters: {'gradient_clip_val': 0.16731989268607053, 'hidden_size': 16, 'dropout': 0.3744108057406967, 'hidden_continuous_size': 6, 'attention_head_size': 3, 'learning_rate': 0.0051530339125175776}. Best is trial 0 with value: 3.6148338317871094.
[I 2023-12-26 14:54:12,672] Trial 23 finished with value: 20.644025802612305 and parameters: {'gradient_clip_val': 0.20084101697993278, 'hidden_size': 7, 'dropout': 0.4464665506214963, 'hidden_continuous_size': 5, 'attention_head_size': 3, 'learning_rate': 0.009496721159769433}. Best is trial 0 with value: 3.6148338317871094.
[I 2023-12-26 14:54:14,973] Trial 24 finished with value: 20.643238067626953 and parameters: {'gradient_clip_val': 0.14248461061689854, 'hidden_size': 22, 'dropout': 0.42063031969809567, 'hidden_continuous_size': 8, 'attention_head_size': 2, 'learning_rate': 0.0034713956086804866}. Best is trial 0 with value: 3.6148338317871094.
[I 2023-12-26 14:54:17,319] Trial 25 finished with value: 17.834850311279297 and parameters: {'gradient_clip_val': 0.2775846994927863, 'hidden_size': 12, 'dropout': 0.4051332495519773, 'hidden_continuous_size': 6, 'attention_head_size': 3, 'learning_rate': 0.008313298346348339}. Best is trial 0 with value: 3.6148338317871094.
[I 2023-12-26 14:54:19,860] Trial 26 finished with value: 17.70573616027832 and parameters: {'gradient_clip_val': 0.21166232148235248, 'hidden_size': 32, 'dropout': 0.3486224577086577, 'hidden_continuous_size': 9, 'attention_head_size': 4, 'learning_rate': 0.017108135642928533}. Best is trial 0 with value: 3.6148338317871094.
[I 2023-12-26 14:54:22,056] Trial 27 finished with value: 17.652429580688477 and parameters: {'gradient_clip_val': 0.29876558786035257, 'hidden_size': 19, 'dropout': 0.4691542428885607, 'hidden_continuous_size': 7, 'attention_head_size': 2, 'learning_rate': 0.005734997823002032}. Best is trial 0 with value: 3.6148338317871094.
[I 2023-12-26 14:54:24,292] Trial 28 finished with value: 23.682626724243164 and parameters: {'gradient_clip_val': 0.12706738414253457, 'hidden_size': 24, 'dropout': 0.44121689954660837, 'hidden_continuous_size': 8, 'attention_head_size': 1, 'learning_rate': 0.0038655866058120575}. Best is trial 0 with value: 3.6148338317871094.
[I 2023-12-26 14:54:27,117] Trial 29 finished with value: 24.71541404724121 and parameters: {'gradient_clip_val': 0.2483035879241386, 'hidden_size': 35, 'dropout': 0.38123705598192437, 'hidden_continuous_size': 12, 'attention_head_size': 3, 'learning_rate': 0.006997581145057273}. Best is trial 0 with value: 3.6148338317871094.
[I 2023-12-26 14:54:29,181] Trial 30 finished with value: 22.57244110107422 and parameters: {'gradient_clip_val': 0.22111044475690858, 'hidden_size': 10, 'dropout': 0.40220338400706984, 'hidden_continuous_size': 5, 'attention_head_size': 3, 'learning_rate': 0.0021738764424725273}. Best is trial 0 with value: 3.6148338317871094.
[I 2023-12-26 14:54:36,033] Trial 31 finished with value: 14.343743324279785 and parameters: {'gradient_clip_val': 0.19492363972648483, 'hidden_size': 101, 'dropout': 0.4345319356847492, 'hidden_continuous_size': 13, 'attention_head_size': 3, 'learning_rate': 0.09337962898289812}. Best is trial 0 with value: 3.6148338317871094.
[I 2023-12-26 14:54:43,617] Trial 32 finished with value: 17.411212921142578 and parameters: {'gradient_clip_val': 0.19280473010882415, 'hidden_size': 111, 'dropout': 0.46492388325530964, 'hidden_continuous_size': 14, 'attention_head_size': 3, 'learning_rate': 0.020445767654416993}. Best is trial 0 with value: 3.6148338317871094.
[I 2023-12-26 14:54:49,297] Trial 33 finished with value: 20.004365921020508 and parameters: {'gradient_clip_val': 0.2542543475052953, 'hidden_size': 83, 'dropout': 0.43738518741191323, 'hidden_continuous_size': 13, 'attention_head_size': 2, 'learning_rate': 0.06233820631190497}. Best is trial 0 with value: 3.6148338317871094.
[I 2023-12-26 14:54:52,475] Trial 34 finished with value: 22.675437927246094 and parameters: {'gradient_clip_val': 0.1958544239851086, 'hidden_size': 47, 'dropout': 0.47621567468869463, 'hidden_continuous_size': 10, 'attention_head_size': 2, 'learning_rate': 0.08715676324200237}. Best is trial 0 with value: 3.6148338317871094.
[I 2023-12-26 14:54:58,797] Trial 35 finished with value: 15.821113586425781 and parameters: {'gradient_clip_val': 0.1311788127506387, 'hidden_size': 92, 'dropout': 0.43052423911545995, 'hidden_continuous_size': 15, 'attention_head_size': 3, 'learning_rate': 0.03152517644802783}. Best is trial 0 with value: 3.6148338317871094.
[I 2023-12-26 14:55:05,861] Trial 36 finished with value: 13.967121124267578 and parameters: {'gradient_clip_val': 0.14058791839439838, 'hidden_size': 88, 'dropout': 0.4438523724902996, 'hidden_continuous_size': 15, 'attention_head_size': 4, 'learning_rate': 0.03460786517361037}. Best is trial 0 with value: 3.6148338317871094.
[I 2023-12-26 14:55:12,435] Trial 37 finished with value: 19.450042724609375 and parameters: {'gradient_clip_val': 0.12896093463608446, 'hidden_size': 93, 'dropout': 0.4058170052473052, 'hidden_continuous_size': 16, 'attention_head_size': 4, 'learning_rate': 0.033512562122888855}. Best is trial 0 with value: 3.6148338317871094.
[I 2023-12-26 14:55:22,291] Trial 38 finished with value: 17.73956871032715 and parameters: {'gradient_clip_val': 0.11447616997334287, 'hidden_size': 144, 'dropout': 0.4329288991429326, 'hidden_continuous_size': 21, 'attention_head_size': 4, 'learning_rate': 0.02423130639718411}. Best is trial 0 with value: 3.6148338317871094.
[I 2023-12-26 14:55:26,356] Trial 39 finished with value: 18.621919631958008 and parameters: {'gradient_clip_val': 0.10099394368108569, 'hidden_size': 64, 'dropout': 0.4789437129725323, 'hidden_continuous_size': 15, 'attention_head_size': 4, 'learning_rate': 0.0647937947488746}. Best is trial 0 with value: 3.6148338317871094.
[I 2023-12-26 14:55:33,497] Trial 40 finished with value: 19.522512435913086 and parameters: {'gradient_clip_val': 0.13683148860533514, 'hidden_size': 100, 'dropout': 0.42237830734100335, 'hidden_continuous_size': 17, 'attention_head_size': 1, 'learning_rate': 0.034541662909117504}. Best is trial 0 with value: 3.6148338317871094.
[I 2023-12-26 14:55:38,227] Trial 41 finished with value: 23.332338333129883 and parameters: {'gradient_clip_val': 0.15114561315668695, 'hidden_size': 76, 'dropout': 0.44848723676353885, 'hidden_continuous_size': 12, 'attention_head_size': 3, 'learning_rate': 0.04892088899562202}. Best is trial 0 with value: 3.6148338317871094.
[I 2023-12-26 14:55:41,753] Trial 42 finished with value: 18.98585319519043 and parameters: {'gradient_clip_val': 0.11580701031791348, 'hidden_size': 57, 'dropout': 0.49828326913367876, 'hidden_continuous_size': 14, 'attention_head_size': 2, 'learning_rate': 0.025734700183857092}. Best is trial 0 with value: 3.6148338317871094.
[I 2023-12-26 14:55:50,201] Trial 43 finished with value: 22.671655654907227 and parameters: {'gradient_clip_val': 0.1456086936066779, 'hidden_size': 112, 'dropout': 0.47252008450104466, 'hidden_continuous_size': 19, 'attention_head_size': 3, 'learning_rate': 0.09909905487631236}. Best is trial 0 with value: 3.6148338317871094.
[I 2023-12-26 14:55:54,717] Trial 44 finished with value: 21.365478515625 and parameters: {'gradient_clip_val': 0.16079517631643808, 'hidden_size': 51, 'dropout': 0.4008744797116034, 'hidden_continuous_size': 10, 'attention_head_size': 4, 'learning_rate': 0.03334937154193454}. Best is trial 0 with value: 3.6148338317871094.
[I 2023-12-26 14:55:58,956] Trial 45 finished with value: 17.114852905273438 and parameters: {'gradient_clip_val': 0.17588791681504018, 'hidden_size': 66, 'dropout': 0.44963621548216753, 'hidden_continuous_size': 11, 'attention_head_size': 3, 'learning_rate': 0.04272433076423674}. Best is trial 0 with value: 3.6148338317871094.
[I 2023-12-26 14:56:04,411] Trial 46 finished with value: 22.648239135742188 and parameters: {'gradient_clip_val': 0.15811192354576142, 'hidden_size': 81, 'dropout': 0.42368050397075957, 'hidden_continuous_size': 17, 'attention_head_size': 2, 'learning_rate': 0.06554756050247364}. Best is trial 0 with value: 3.6148338317871094.
[I 2023-12-26 14:56:07,540] Trial 47 finished with value: 19.96824836730957 and parameters: {'gradient_clip_val': 0.18373256178750255, 'hidden_size': 43, 'dropout': 0.47955195358962727, 'hidden_continuous_size': 15, 'attention_head_size': 3, 'learning_rate': 0.019336773041435457}. Best is trial 0 with value: 3.6148338317871094.
[I 2023-12-26 14:56:15,576] Trial 48 finished with value: 21.845884323120117 and parameters: {'gradient_clip_val': 0.22092069544348902, 'hidden_size': 114, 'dropout': 0.4533575033901519, 'hidden_continuous_size': 25, 'attention_head_size': 4, 'learning_rate': 0.04133351352386224}. Best is trial 0 with value: 3.6148338317871094.
[I 2023-12-26 14:56:25,268] Trial 49 finished with value: 18.218538284301758 and parameters: {'gradient_clip_val': 0.15305791233457164, 'hidden_size': 139, 'dropout': 0.4323187863657272, 'hidden_continuous_size': 29, 'attention_head_size': 2, 'learning_rate': 0.01585529775128022}. Best is trial 0 with value: 3.6148338317871094.
[I 2023-12-26 14:56:25,392] A new study created in memory with name: no-name-497102b2-6ca7-4c9c-a9a5-4b5e8f3ef5e2
/home/le004/conda/anaconda3/envs/tsff_env/lib/python3.9/site-packages/lightning/fabric/plugins/environments/slurm.py:191: The `srun` command is available on your system but is not used. HINT: If your intention is to run Lightning on SLURM, prepend your python command with `srun` like so: srun python /home/le004/master_thesis/git/TSFusionForecast/code/ ...
[I 2023-12-26 15:04:03,914] Trial 0 finished with value: 270.1884460449219 and parameters: {'gradient_clip_val': 0.24399575949378596, 'hidden_size': 120, 'dropout': 0.3701809808054154, 'hidden_continuous_size': 7, 'attention_head_size': 1, 'learning_rate': 0.0011387088223905526}. Best is trial 0 with value: 270.1884460449219.
[I 2023-12-26 15:04:05,767] Trial 1 finished with value: 624.1480102539062 and parameters: {'gradient_clip_val': 0.10358270142879275, 'hidden_size': 8, 'dropout': 0.23376212618081196, 'hidden_continuous_size': 6, 'attention_head_size': 3, 'learning_rate': 0.0007830869301034912}. Best is trial 0 with value: 270.1884460449219.
[I 2023-12-26 15:04:09,056] Trial 2 finished with value: 426.4011535644531 and parameters: {'gradient_clip_val': 0.1539601241333209, 'hidden_size': 56, 'dropout': 0.3711754817464844, 'hidden_continuous_size': 33, 'attention_head_size': 4, 'learning_rate': 0.0050359042522629145}. Best is trial 0 with value: 270.1884460449219.
[I 2023-12-26 15:04:15,613] Trial 3 finished with value: 430.8483581542969 and parameters: {'gradient_clip_val': 0.12431270687674202, 'hidden_size': 107, 'dropout': 0.4120809850045336, 'hidden_continuous_size': 13, 'attention_head_size': 2, 'learning_rate': 0.0778748081730865}. Best is trial 0 with value: 270.1884460449219.
[I 2023-12-26 15:04:17,680] Trial 4 finished with value: 524.8245239257812 and parameters: {'gradient_clip_val': 0.4228664629624865, 'hidden_size': 17, 'dropout': 0.18761238106610068, 'hidden_continuous_size': 9, 'attention_head_size': 4, 'learning_rate': 0.013031950437705818}. Best is trial 0 with value: 270.1884460449219.
[I 2023-12-26 15:04:19,719] Trial 5 finished with value: 582.3114013671875 and parameters: {'gradient_clip_val': 0.3133428024251867, 'hidden_size': 18, 'dropout': 0.165816269422694, 'hidden_continuous_size': 5, 'attention_head_size': 3, 'learning_rate': 0.07127611547037851}. Best is trial 0 with value: 270.1884460449219.
[I 2023-12-26 15:04:21,697] Trial 6 finished with value: 602.9343872070312 and parameters: {'gradient_clip_val': 0.27074700698451715, 'hidden_size': 11, 'dropout': 0.46884141623155473, 'hidden_continuous_size': 6, 'attention_head_size': 2, 'learning_rate': 0.0038045060975373667}. Best is trial 0 with value: 270.1884460449219.
[I 2023-12-26 15:04:23,677] Trial 7 finished with value: 555.739501953125 and parameters: {'gradient_clip_val': 0.126641747460813, 'hidden_size': 12, 'dropout': 0.3897222987264801, 'hidden_continuous_size': 7, 'attention_head_size': 3, 'learning_rate': 0.006859603315393206}. Best is trial 0 with value: 270.1884460449219.
[I 2023-12-26 15:04:25,369] Trial 8 finished with value: 514.6259765625 and parameters: {'gradient_clip_val': 0.18780749224791704, 'hidden_size': 5, 'dropout': 0.1404854823737156, 'hidden_continuous_size': 5, 'attention_head_size': 2, 'learning_rate': 0.08070198155275737}. Best is trial 0 with value: 270.1884460449219.
[I 2023-12-26 15:04:27,424] Trial 9 finished with value: 503.4368591308594 and parameters: {'gradient_clip_val': 0.33633526068371494, 'hidden_size': 19, 'dropout': 0.1732970434962633, 'hidden_continuous_size': 19, 'attention_head_size': 3, 'learning_rate': 0.049375167401084157}. Best is trial 0 with value: 270.1884460449219.
[I 2023-12-26 15:04:35,665] Trial 10 finished with value: 638.5374145507812 and parameters: {'gradient_clip_val': 0.7579831992339324, 'hidden_size': 130, 'dropout': 0.3037471348113227, 'hidden_continuous_size': 73, 'attention_head_size': 1, 'learning_rate': 0.0005648708477783104}. Best is trial 0 with value: 270.1884460449219.
[I 2023-12-26 15:04:39,301] Trial 11 finished with value: 515.3126831054688 and parameters: {'gradient_clip_val': 0.18315837015515504, 'hidden_size': 61, 'dropout': 0.33784471683751605, 'hidden_continuous_size': 28, 'attention_head_size': 1, 'learning_rate': 0.0017864332304667802}. Best is trial 0 with value: 270.1884460449219.
[I 2023-12-26 15:04:42,130] Trial 12 finished with value: 575.9426879882812 and parameters: {'gradient_clip_val': 0.19189283999762602, 'hidden_size': 48, 'dropout': 0.3558183784502989, 'hidden_continuous_size': 11, 'attention_head_size': 4, 'learning_rate': 0.001751144873885676}. Best is trial 0 with value: 270.1884460449219.
[I 2023-12-26 15:04:44,916] Trial 13 finished with value: 405.5096130371094 and parameters: {'gradient_clip_val': 0.2322684018395891, 'hidden_size': 43, 'dropout': 0.25955015115149294, 'hidden_continuous_size': 18, 'attention_head_size': 1, 'learning_rate': 0.0015481742200780684}. Best is trial 0 with value: 270.1884460449219.
[I 2023-12-26 15:04:47,373] Trial 14 finished with value: 519.7757568359375 and parameters: {'gradient_clip_val': 0.2568357213316783, 'hidden_size': 36, 'dropout': 0.26768575279378903, 'hidden_continuous_size': 8, 'attention_head_size': 1, 'learning_rate': 0.0011745655472886313}. Best is trial 0 with value: 270.1884460449219.
[I 2023-12-26 15:04:52,141] Trial 15 finished with value: 514.134033203125 and parameters: {'gradient_clip_val': 0.47568476080091393, 'hidden_size': 80, 'dropout': 0.27540514261566007, 'hidden_continuous_size': 14, 'attention_head_size': 1, 'learning_rate': 0.0005024290416621665}. Best is trial 0 with value: 270.1884460449219.
[I 2023-12-26 15:05:01,056] Trial 16 finished with value: 788.79736328125 and parameters: {'gradient_clip_val': 0.22735037116308118, 'hidden_size': 149, 'dropout': 0.1150737880342925, 'hidden_continuous_size': 19, 'attention_head_size': 2, 'learning_rate': 0.0020097878075129153}. Best is trial 0 with value: 270.1884460449219.
[I 2023-12-26 15:05:03,502] Trial 17 finished with value: 461.5401916503906 and parameters: {'gradient_clip_val': 0.22179918346254515, 'hidden_size': 34, 'dropout': 0.23182664372139128, 'hidden_continuous_size': 10, 'attention_head_size': 1, 'learning_rate': 0.0009645434047933287}. Best is trial 0 with value: 270.1884460449219.
[I 2023-12-26 15:05:09,027] Trial 18 finished with value: 540.3729858398438 and parameters: {'gradient_clip_val': 0.37087209666838833, 'hidden_size': 96, 'dropout': 0.32008435446144967, 'hidden_continuous_size': 13, 'attention_head_size': 1, 'learning_rate': 0.0027182911998905887}. Best is trial 0 with value: 270.1884460449219.
[I 2023-12-26 15:05:13,522] Trial 19 finished with value: 512.8563842773438 and parameters: {'gradient_clip_val': 0.280585533365153, 'hidden_size': 80, 'dropout': 0.4216202602916689, 'hidden_continuous_size': 8, 'attention_head_size': 2, 'learning_rate': 0.0011661591305682124}. Best is trial 0 with value: 270.1884460449219.
[I 2023-12-26 15:05:15,950] Trial 20 finished with value: 443.4927978515625 and parameters: {'gradient_clip_val': 0.5069373511159282, 'hidden_size': 33, 'dropout': 0.33144724321095553, 'hidden_continuous_size': 7, 'attention_head_size': 1, 'learning_rate': 0.0029992599478970176}. Best is trial 0 with value: 270.1884460449219.
[I 2023-12-26 15:05:19,475] Trial 21 finished with value: 676.0967407226562 and parameters: {'gradient_clip_val': 0.16005441748339544, 'hidden_size': 57, 'dropout': 0.3666231613926252, 'hidden_continuous_size': 27, 'attention_head_size': 4, 'learning_rate': 0.004986700678234888}. Best is trial 0 with value: 270.1884460449219.
[I 2023-12-26 15:05:22,625] Trial 22 finished with value: 633.0718383789062 and parameters: {'gradient_clip_val': 0.14461069659056514, 'hidden_size': 52, 'dropout': 0.37659006759559993, 'hidden_continuous_size': 18, 'attention_head_size': 4, 'learning_rate': 0.011571069504681003}. Best is trial 0 with value: 270.1884460449219.
[I 2023-12-26 15:05:27,499] Trial 23 finished with value: 647.896728515625 and parameters: {'gradient_clip_val': 0.22855904982788838, 'hidden_size': 79, 'dropout': 0.2899599094172008, 'hidden_continuous_size': 35, 'attention_head_size': 2, 'learning_rate': 0.001317060146809725}. Best is trial 0 with value: 270.1884460449219.
[I 2023-12-26 15:05:34,470] Trial 24 finished with value: 566.5302124023438 and parameters: {'gradient_clip_val': 0.1610440010122408, 'hidden_size': 111, 'dropout': 0.4499451291147113, 'hidden_continuous_size': 40, 'attention_head_size': 3, 'learning_rate': 0.002522062596864855}. Best is trial 0 with value: 270.1884460449219.
[I 2023-12-26 15:05:37,354] Trial 25 finished with value: 538.0888671875 and parameters: {'gradient_clip_val': 0.20708992717020908, 'hidden_size': 45, 'dropout': 0.3444548911860928, 'hidden_continuous_size': 11, 'attention_head_size': 1, 'learning_rate': 0.0006861319556083608}. Best is trial 0 with value: 270.1884460449219.
[I 2023-12-26 15:05:41,314] Trial 26 finished with value: 630.46923828125 and parameters: {'gradient_clip_val': 0.26496317360009286, 'hidden_size': 68, 'dropout': 0.4852658347170581, 'hidden_continuous_size': 22, 'attention_head_size': 2, 'learning_rate': 0.0040181726591539384}. Best is trial 0 with value: 270.1884460449219.
[I 2023-12-26 15:05:44,187] Trial 27 finished with value: 488.3431091308594 and parameters: {'gradient_clip_val': 0.16292006910251253, 'hidden_size': 29, 'dropout': 0.3146424223137243, 'hidden_continuous_size': 16, 'attention_head_size': 4, 'learning_rate': 0.0008517696950630328}. Best is trial 0 with value: 270.1884460449219.
