[I 2023-12-26 17:05:05,278] Trial 16 finished with value: 2.7513551712036133 and parameters: {'gradient_clip_val': 0.2439208243950364, 'hidden_size': 22, 'dropout': 0.10508451004183222, 'hidden_continuous_size': 7, 'attention_head_size': 3, 'learning_rate': 0.048559270286324945}. Best is trial 0 with value: 0.07473975419998169.
[I 2023-12-26 17:05:07,177] Trial 17 finished with value: 3.0379836559295654 and parameters: {'gradient_clip_val': 0.33561044815740326, 'hidden_size': 7, 'dropout': 0.15576703242543322, 'hidden_continuous_size': 5, 'attention_head_size': 2, 'learning_rate': 0.05514904732688532}. Best is trial 0 with value: 0.07473975419998169.
[I 2023-12-26 17:05:09,906] Trial 18 finished with value: 3.5980279445648193 and parameters: {'gradient_clip_val': 0.5072602226263, 'hidden_size': 42, 'dropout': 0.2968078782055026, 'hidden_continuous_size': 8, 'attention_head_size': 2, 'learning_rate': 0.08703181817176006}. Best is trial 0 with value: 0.07473975419998169.
[I 2023-12-26 17:05:11,903] Trial 19 finished with value: 3.4535131454467773 and parameters: {'gradient_clip_val': 0.31753811413307215, 'hidden_size': 9, 'dropout': 0.2219053916201702, 'hidden_continuous_size': 6, 'attention_head_size': 3, 'learning_rate': 0.03285707525965534}. Best is trial 0 with value: 0.07473975419998169.
[I 2023-12-26 17:05:14,256] Trial 20 finished with value: 3.495941400527954 and parameters: {'gradient_clip_val': 0.8906975138819103, 'hidden_size': 18, 'dropout': 0.2561450775518974, 'hidden_continuous_size': 7, 'attention_head_size': 4, 'learning_rate': 0.05489689144793562}. Best is trial 0 with value: 0.07473975419998169.
[I 2023-12-26 17:05:23,782] Trial 21 finished with value: 2.3719754219055176 and parameters: {'gradient_clip_val': 0.38051929753194064, 'hidden_size': 147, 'dropout': 0.16670203317585466, 'hidden_continuous_size': 90, 'attention_head_size': 3, 'learning_rate': 0.09786476442773474}. Best is trial 0 with value: 0.07473975419998169.
[I 2023-12-26 17:05:30,348] Trial 22 finished with value: 2.8205764293670654 and parameters: {'gradient_clip_val': 0.5238333981553361, 'hidden_size': 104, 'dropout': 0.1839825670408414, 'hidden_continuous_size': 76, 'attention_head_size': 3, 'learning_rate': 0.09391004775397895}. Best is trial 0 with value: 0.07473975419998169.
[I 2023-12-26 17:05:37,212] Trial 23 finished with value: 1.8938125371932983 and parameters: {'gradient_clip_val': 0.22400149958298618, 'hidden_size': 109, 'dropout': 0.13797747236735902, 'hidden_continuous_size': 61, 'attention_head_size': 3, 'learning_rate': 0.055345081196516634}. Best is trial 0 with value: 0.07473975419998169.
[I 2023-12-26 17:05:44,326] Trial 24 finished with value: 2.5570929050445557 and parameters: {'gradient_clip_val': 0.213053636648269, 'hidden_size': 117, 'dropout': 0.10505342325025063, 'hidden_continuous_size': 52, 'attention_head_size': 2, 'learning_rate': 0.03752190198922807}. Best is trial 0 with value: 0.07473975419998169.
[I 2023-12-26 17:05:49,244] Trial 25 finished with value: 2.682069778442383 and parameters: {'gradient_clip_val': 0.2728124930449483, 'hidden_size': 84, 'dropout': 0.148647644388558, 'hidden_continuous_size': 26, 'attention_head_size': 3, 'learning_rate': 0.06015564428216491}. Best is trial 0 with value: 0.07473975419998169.
[I 2023-12-26 17:05:56,032] Trial 26 finished with value: 3.1580684185028076 and parameters: {'gradient_clip_val': 0.23212906015659587, 'hidden_size': 109, 'dropout': 0.1355422586245233, 'hidden_continuous_size': 52, 'attention_head_size': 4, 'learning_rate': 0.028030851496834947}. Best is trial 0 with value: 0.07473975419998169.
[I 2023-12-26 17:05:59,069] Trial 27 finished with value: 3.0883407592773438 and parameters: {'gradient_clip_val': 0.2812395753377404, 'hidden_size': 51, 'dropout': 0.19298367826381338, 'hidden_continuous_size': 13, 'attention_head_size': 2, 'learning_rate': 0.060860913228749244}. Best is trial 0 with value: 0.07473975419998169.
[I 2023-12-26 17:06:02,762] Trial 28 finished with value: 3.4358291625976562 and parameters: {'gradient_clip_val': 0.212659301503523, 'hidden_size': 63, 'dropout': 0.14161257161478802, 'hidden_continuous_size': 20, 'attention_head_size': 1, 'learning_rate': 0.038069887740782245}. Best is trial 0 with value: 0.07473975419998169.
[I 2023-12-26 17:06:05,333] Trial 29 finished with value: 2.843235731124878 and parameters: {'gradient_clip_val': 0.14727429402235717, 'hidden_size': 35, 'dropout': 0.2184090752005523, 'hidden_continuous_size': 16, 'attention_head_size': 4, 'learning_rate': 0.012078475946604581}. Best is trial 0 with value: 0.07473975419998169.
[I 2023-12-26 17:06:07,266] Trial 30 finished with value: 3.2860286235809326 and parameters: {'gradient_clip_val': 0.21077713757268257, 'hidden_size': 6, 'dropout': 0.1294746911465097, 'hidden_continuous_size': 5, 'attention_head_size': 3, 'learning_rate': 0.018973556831474562}. Best is trial 0 with value: 0.07473975419998169.
[I 2023-12-26 17:06:17,436] Trial 31 finished with value: 1.9627848863601685 and parameters: {'gradient_clip_val': 0.35583629679485096, 'hidden_size': 141, 'dropout': 0.173104421310264, 'hidden_continuous_size': 138, 'attention_head_size': 3, 'learning_rate': 0.07174109007540684}. Best is trial 0 with value: 0.07473975419998169.
[I 2023-12-26 17:06:24,898] Trial 32 finished with value: 2.014037847518921 and parameters: {'gradient_clip_val': 0.3360085533526531, 'hidden_size': 120, 'dropout': 0.1952330009363552, 'hidden_continuous_size': 68, 'attention_head_size': 3, 'learning_rate': 0.07143280968040681}. Best is trial 0 with value: 0.07473975419998169.
[I 2023-12-26 17:06:29,670] Trial 33 finished with value: 2.625488519668579 and parameters: {'gradient_clip_val': 0.35355989314261216, 'hidden_size': 75, 'dropout': 0.20111817690770334, 'hidden_continuous_size': 62, 'attention_head_size': 3, 'learning_rate': 0.06936187457634398}. Best is trial 0 with value: 0.07473975419998169.
[I 2023-12-26 17:06:36,981] Trial 34 finished with value: 3.374844551086426 and parameters: {'gradient_clip_val': 0.29344987878758244, 'hidden_size': 107, 'dropout': 0.16160077817331636, 'hidden_continuous_size': 103, 'attention_head_size': 2, 'learning_rate': 0.029112901766990548}. Best is trial 0 with value: 0.07473975419998169.
[I 2023-12-26 17:06:41,169] Trial 35 finished with value: 2.4968783855438232 and parameters: {'gradient_clip_val': 0.32113425404389073, 'hidden_size': 69, 'dropout': 0.22708353001492534, 'hidden_continuous_size': 42, 'attention_head_size': 4, 'learning_rate': 0.03636734340875307}. Best is trial 0 with value: 0.07473975419998169.
[I 2023-12-26 17:06:46,776] Trial 36 finished with value: 2.5828685760498047 and parameters: {'gradient_clip_val': 0.3681032094222756, 'hidden_size': 87, 'dropout': 0.10021121979555939, 'hidden_continuous_size': 66, 'attention_head_size': 2, 'learning_rate': 0.047874550952298756}. Best is trial 0 with value: 0.07473975419998169.
[I 2023-12-26 17:06:55,021] Trial 37 finished with value: 2.015246629714966 and parameters: {'gradient_clip_val': 0.3017027422187794, 'hidden_size': 121, 'dropout': 0.2650637229930989, 'hidden_continuous_size': 113, 'attention_head_size': 3, 'learning_rate': 0.07136368305183381}. Best is trial 0 with value: 0.07473975419998169.
[I 2023-12-26 17:06:58,408] Trial 38 finished with value: 2.65987229347229 and parameters: {'gradient_clip_val': 0.17912261114108918, 'hidden_size': 57, 'dropout': 0.13341789133024823, 'hidden_continuous_size': 36, 'attention_head_size': 2, 'learning_rate': 0.023974808780618122}. Best is trial 0 with value: 0.07473975419998169.
[I 2023-12-26 17:07:04,062] Trial 39 finished with value: 2.583054542541504 and parameters: {'gradient_clip_val': 0.23604386639935948, 'hidden_size': 89, 'dropout': 0.24537005988499092, 'hidden_continuous_size': 65, 'attention_head_size': 4, 'learning_rate': 0.0710260217090168}. Best is trial 0 with value: 0.07473975419998169.
[I 2023-12-26 17:07:08,330] Trial 40 finished with value: 3.837212324142456 and parameters: {'gradient_clip_val': 0.3368180167319744, 'hidden_size': 71, 'dropout': 0.20593011942720413, 'hidden_continuous_size': 45, 'attention_head_size': 3, 'learning_rate': 0.045119547284882336}. Best is trial 0 with value: 0.07473975419998169.
[I 2023-12-26 17:07:16,364] Trial 41 finished with value: 1.8199267387390137 and parameters: {'gradient_clip_val': 0.29934679197021496, 'hidden_size': 121, 'dropout': 0.17116009977827426, 'hidden_continuous_size': 121, 'attention_head_size': 3, 'learning_rate': 0.07387352873716214}. Best is trial 0 with value: 0.07473975419998169.
[I 2023-12-26 17:07:22,693] Trial 42 finished with value: 2.2554900646209717 and parameters: {'gradient_clip_val': 0.30054916201541637, 'hidden_size': 97, 'dropout': 0.16842244163714964, 'hidden_continuous_size': 79, 'attention_head_size': 3, 'learning_rate': 0.07797534911063504}. Best is trial 0 with value: 0.07473975419998169.
[I 2023-12-26 17:07:31,736] Trial 43 finished with value: 2.691720724105835 and parameters: {'gradient_clip_val': 0.38926954246037815, 'hidden_size': 129, 'dropout': 0.1481805607016472, 'hidden_continuous_size': 117, 'attention_head_size': 3, 'learning_rate': 0.07434123043344729}. Best is trial 0 with value: 0.07473975419998169.
[I 2023-12-26 17:07:39,782] Trial 44 finished with value: 2.9130823612213135 and parameters: {'gradient_clip_val': 0.2741936247474649, 'hidden_size': 121, 'dropout': 0.12279639811249447, 'hidden_continuous_size': 94, 'attention_head_size': 3, 'learning_rate': 0.052943117977944924}. Best is trial 0 with value: 0.07473975419998169.
[I 2023-12-26 17:07:46,325] Trial 45 finished with value: 2.804513931274414 and parameters: {'gradient_clip_val': 0.35162083699760954, 'hidden_size': 98, 'dropout': 0.18281819919699618, 'hidden_continuous_size': 83, 'attention_head_size': 3, 'learning_rate': 0.033559282634801284}. Best is trial 0 with value: 0.07473975419998169.
[I 2023-12-26 17:07:51,673] Trial 46 finished with value: 2.116978883743286 and parameters: {'gradient_clip_val': 0.24719847096360445, 'hidden_size': 84, 'dropout': 0.17115495025014676, 'hidden_continuous_size': 74, 'attention_head_size': 2, 'learning_rate': 0.09943159097264039}. Best is trial 0 with value: 0.07473975419998169.
[I 2023-12-26 17:07:53,763] Trial 47 finished with value: 3.405700922012329 and parameters: {'gradient_clip_val': 0.40311556897978074, 'hidden_size': 13, 'dropout': 0.19807945574891503, 'hidden_continuous_size': 10, 'attention_head_size': 3, 'learning_rate': 0.061546027930289966}. Best is trial 0 with value: 0.07473975419998169.
[I 2023-12-26 17:08:02,506] Trial 48 finished with value: 2.578294515609741 and parameters: {'gradient_clip_val': 0.30831848186507654, 'hidden_size': 132, 'dropout': 0.23897210220453818, 'hidden_continuous_size': 132, 'attention_head_size': 3, 'learning_rate': 0.021613197504100592}. Best is trial 0 with value: 0.07473975419998169.
[I 2023-12-26 17:08:09,943] Trial 49 finished with value: 1.9484106302261353 and parameters: {'gradient_clip_val': 0.45647132801444196, 'hidden_size': 113, 'dropout': 0.15130256962873082, 'hidden_continuous_size': 99, 'attention_head_size': 2, 'learning_rate': 0.04324181049632853}. Best is trial 0 with value: 0.07473975419998169.
[I 2023-12-26 17:08:10,064] A new study created in memory with name: no-name-1f4e26cc-d0a2-46c3-92c7-3cc5191d7c1a
/home/le004/conda/anaconda3/envs/tsff_env/lib/python3.9/site-packages/lightning/fabric/plugins/environments/slurm.py:191: The `srun` command is available on your system but is not used. HINT: If your intention is to run Lightning on SLURM, prepend your python command with `srun` like so: srun python /home/le004/master_thesis/git/TSFusionForecast/code/ ...
[I 2023-12-26 17:15:04,149] Trial 0 finished with value: 115.3639144897461 and parameters: {'gradient_clip_val': 0.18392782633560423, 'hidden_size': 77, 'dropout': 0.15701066494268692, 'hidden_continuous_size': 42, 'attention_head_size': 4, 'learning_rate': 0.0469164210806747}. Best is trial 0 with value: 115.3639144897461.
[I 2023-12-26 17:15:09,356] Trial 1 finished with value: 532.2667236328125 and parameters: {'gradient_clip_val': 0.3377229737653972, 'hidden_size': 58, 'dropout': 0.3630232220017108, 'hidden_continuous_size': 31, 'attention_head_size': 1, 'learning_rate': 0.024188036207364823}. Best is trial 0 with value: 115.3639144897461.
[I 2023-12-26 17:15:13,431] Trial 2 finished with value: 577.2785034179688 and parameters: {'gradient_clip_val': 0.8685216150684605, 'hidden_size': 44, 'dropout': 0.20571969271073512, 'hidden_continuous_size': 14, 'attention_head_size': 2, 'learning_rate': 0.0011706312307137663}. Best is trial 0 with value: 115.3639144897461.
[I 2023-12-26 17:15:17,224] Trial 3 finished with value: 692.4465942382812 and parameters: {'gradient_clip_val': 0.768525265529705, 'hidden_size': 38, 'dropout': 0.18475463932293681, 'hidden_continuous_size': 28, 'attention_head_size': 1, 'learning_rate': 0.0007268998315686592}. Best is trial 0 with value: 115.3639144897461.
[I 2023-12-26 17:15:19,343] Trial 4 finished with value: 808.1564331054688 and parameters: {'gradient_clip_val': 0.4999552023386967, 'hidden_size': 6, 'dropout': 0.11565713735310977, 'hidden_continuous_size': 6, 'attention_head_size': 2, 'learning_rate': 0.07879609736458475}. Best is trial 0 with value: 115.3639144897461.
[I 2023-12-26 17:15:30,368] Trial 5 finished with value: 750.7725219726562 and parameters: {'gradient_clip_val': 0.15469640549281433, 'hidden_size': 130, 'dropout': 0.4896276205448927, 'hidden_continuous_size': 59, 'attention_head_size': 1, 'learning_rate': 0.007296413061142053}. Best is trial 0 with value: 115.3639144897461.
[I 2023-12-26 17:15:32,734] Trial 6 finished with value: 870.1687622070312 and parameters: {'gradient_clip_val': 0.20935060922424467, 'hidden_size': 7, 'dropout': 0.25061901885381765, 'hidden_continuous_size': 6, 'attention_head_size': 3, 'learning_rate': 0.00270073179206668}. Best is trial 0 with value: 115.3639144897461.
[I 2023-12-26 17:15:35,142] Trial 7 finished with value: 845.298583984375 and parameters: {'gradient_clip_val': 0.20256586538083235, 'hidden_size': 13, 'dropout': 0.3501386126499666, 'hidden_continuous_size': 5, 'attention_head_size': 1, 'learning_rate': 0.018710781309608626}. Best is trial 0 with value: 115.3639144897461.
[I 2023-12-26 17:15:37,413] Trial 8 finished with value: 751.8805541992188 and parameters: {'gradient_clip_val': 0.7066148582459931, 'hidden_size': 9, 'dropout': 0.16769209530652163, 'hidden_continuous_size': 6, 'attention_head_size': 1, 'learning_rate': 0.09791347086337701}. Best is trial 0 with value: 115.3639144897461.
[I 2023-12-26 17:15:40,132] Trial 9 finished with value: 686.4811401367188 and parameters: {'gradient_clip_val': 0.2337385559321502, 'hidden_size': 18, 'dropout': 0.12211641249071277, 'hidden_continuous_size': 13, 'attention_head_size': 4, 'learning_rate': 0.0027582769492775247}. Best is trial 0 with value: 115.3639144897461.
[I 2023-12-26 17:15:53,911] Trial 10 finished with value: 536.2470703125 and parameters: {'gradient_clip_val': 0.10160133192204959, 'hidden_size': 148, 'dropout': 0.25794825728411097, 'hidden_continuous_size': 133, 'attention_head_size': 4, 'learning_rate': 0.034952347685417565}. Best is trial 0 with value: 115.3639144897461.
[I 2023-12-26 17:16:00,205] Trial 11 finished with value: 620.5899047851562 and parameters: {'gradient_clip_val': 0.3745895840823049, 'hidden_size': 68, 'dropout': 0.3418816263046733, 'hidden_continuous_size': 28, 'attention_head_size': 3, 'learning_rate': 0.020706415420982106}. Best is trial 0 with value: 115.3639144897461.
[I 2023-12-26 17:16:07,451] Trial 12 finished with value: 728.4652709960938 and parameters: {'gradient_clip_val': 0.3358989679834362, 'hidden_size': 79, 'dropout': 0.31808832129355974, 'hidden_continuous_size': 36, 'attention_head_size': 3, 'learning_rate': 0.041453202063927844}. Best is trial 0 with value: 115.3639144897461.
[I 2023-12-26 17:16:09,958] Trial 13 finished with value: 740.7881469726562 and parameters: {'gradient_clip_val': 0.46232225667175375, 'hidden_size': 28, 'dropout': 0.3998512852616348, 'hidden_continuous_size': 10, 'attention_head_size': 2, 'learning_rate': 0.013373077918493544}. Best is trial 0 with value: 115.3639144897461.
[I 2023-12-26 17:16:14,361] Trial 14 finished with value: 717.2432250976562 and parameters: {'gradient_clip_val': 0.2784799229810753, 'hidden_size': 67, 'dropout': 0.25503488274121183, 'hidden_continuous_size': 21, 'attention_head_size': 4, 'learning_rate': 0.048414478653230134}. Best is trial 0 with value: 115.3639144897461.
[I 2023-12-26 17:16:18,399] Trial 15 finished with value: 798.37353515625 and parameters: {'gradient_clip_val': 0.1383745746552813, 'hidden_size': 45, 'dropout': 0.3942296837931774, 'hidden_continuous_size': 19, 'attention_head_size': 3, 'learning_rate': 0.011039733999368015}. Best is trial 0 with value: 115.3639144897461.
[I 2023-12-26 17:16:27,186] Trial 16 finished with value: 680.8726196289062 and parameters: {'gradient_clip_val': 0.2945181574278199, 'hidden_size': 100, 'dropout': 0.29042257635068985, 'hidden_continuous_size': 45, 'attention_head_size': 2, 'learning_rate': 0.028716787022036006}. Best is trial 0 with value: 115.3639144897461.
[I 2023-12-26 17:16:31,045] Trial 17 finished with value: 546.167236328125 and parameters: {'gradient_clip_val': 0.16919874584063185, 'hidden_size': 57, 'dropout': 0.1531451165338421, 'hidden_continuous_size': 25, 'attention_head_size': 4, 'learning_rate': 0.05693067709766806}. Best is trial 0 with value: 115.3639144897461.
[I 2023-12-26 17:16:38,182] Trial 18 finished with value: 682.1776123046875 and parameters: {'gradient_clip_val': 0.2503230153350253, 'hidden_size': 94, 'dropout': 0.21273692561432106, 'hidden_continuous_size': 57, 'attention_head_size': 3, 'learning_rate': 0.027673331341090537}. Best is trial 0 with value: 115.3639144897461.
[I 2023-12-26 17:16:40,495] Trial 19 finished with value: 550.8406372070312 and parameters: {'gradient_clip_val': 0.3519882577298548, 'hidden_size': 26, 'dropout': 0.10139072683031333, 'hidden_continuous_size': 9, 'attention_head_size': 2, 'learning_rate': 0.058001619095907085}. Best is trial 0 with value: 115.3639144897461.
[I 2023-12-26 17:16:46,695] Trial 20 finished with value: 672.0578002929688 and parameters: {'gradient_clip_val': 0.18750338568325559, 'hidden_size': 101, 'dropout': 0.15118173536229845, 'hidden_continuous_size': 37, 'attention_head_size': 1, 'learning_rate': 0.017129320437135435}. Best is trial 0 with value: 115.3639144897461.
[I 2023-12-26 17:16:58,125] Trial 21 finished with value: 720.7625122070312 and parameters: {'gradient_clip_val': 0.10074230786187975, 'hidden_size': 137, 'dropout': 0.23313926682431557, 'hidden_continuous_size': 111, 'attention_head_size': 4, 'learning_rate': 0.032866897467459855}. Best is trial 0 with value: 115.3639144897461.
[I 2023-12-26 17:17:08,991] Trial 22 finished with value: 464.4927673339844 and parameters: {'gradient_clip_val': 0.12335228762435956, 'hidden_size': 140, 'dropout': 0.27550783077198726, 'hidden_continuous_size': 117, 'attention_head_size': 4, 'learning_rate': 0.0356386882593006}. Best is trial 0 with value: 115.3639144897461.
[I 2023-12-26 17:17:12,738] Trial 23 finished with value: 489.810791015625 and parameters: {'gradient_clip_val': 0.12949209433789716, 'hidden_size': 57, 'dropout': 0.2865893544837383, 'hidden_continuous_size': 22, 'attention_head_size': 4, 'learning_rate': 0.06682070905698381}. Best is trial 0 with value: 115.3639144897461.
[I 2023-12-26 17:17:19,862] Trial 24 finished with value: 393.5465087890625 and parameters: {'gradient_clip_val': 0.12473230103914905, 'hidden_size': 100, 'dropout': 0.2920410365066509, 'hidden_continuous_size': 75, 'attention_head_size': 4, 'learning_rate': 0.09348335953149664}. Best is trial 0 with value: 115.3639144897461.
[I 2023-12-26 17:17:29,097] Trial 25 finished with value: 441.41162109375 and parameters: {'gradient_clip_val': 0.1271997958422763, 'hidden_size': 111, 'dropout': 0.19990328519111386, 'hidden_continuous_size': 81, 'attention_head_size': 4, 'learning_rate': 0.09174048001506728}. Best is trial 0 with value: 115.3639144897461.
[I 2023-12-26 17:17:35,614] Trial 26 finished with value: 456.7076416015625 and parameters: {'gradient_clip_val': 0.15340375240594145, 'hidden_size': 86, 'dropout': 0.19769563288640324, 'hidden_continuous_size': 65, 'attention_head_size': 4, 'learning_rate': 0.09116193400690552}. Best is trial 0 with value: 115.3639144897461.
[I 2023-12-26 17:17:45,608] Trial 27 finished with value: 441.4026794433594 and parameters: {'gradient_clip_val': 0.1757323986024379, 'hidden_size': 115, 'dropout': 0.22525414442310993, 'hidden_continuous_size': 82, 'attention_head_size': 3, 'learning_rate': 0.09517067917821385}. Best is trial 0 with value: 115.3639144897461.
[I 2023-12-26 17:17:51,721] Trial 28 finished with value: 727.7648315429688 and parameters: {'gradient_clip_val': 0.17905642575080175, 'hidden_size': 81, 'dropout': 0.16940175937869445, 'hidden_continuous_size': 47, 'attention_head_size': 3, 'learning_rate': 0.05566596260444309}. Best is trial 0 with value: 115.3639144897461.
[I 2023-12-26 17:18:01,555] Trial 29 finished with value: 435.1443786621094 and parameters: {'gradient_clip_val': 0.21959405568781495, 'hidden_size': 114, 'dropout': 0.22336280092223124, 'hidden_continuous_size': 85, 'attention_head_size': 3, 'learning_rate': 0.09771896768893609}. Best is trial 0 with value: 115.3639144897461.
[I 2023-12-26 17:18:11,393] Trial 30 finished with value: 639.1842651367188 and parameters: {'gradient_clip_val': 0.24368739602378944, 'hidden_size': 110, 'dropout': 0.2410318488867057, 'hidden_continuous_size': 70, 'attention_head_size': 3, 'learning_rate': 0.046119892110801954}. Best is trial 0 with value: 115.3639144897461.
