[I 2023-12-15 14:44:04,738] Trial 35 finished with value: 1.3424768447875977 and parameters: {'gradient_clip_val': 0.858122509313324, 'hidden_size': 25, 'dropout': 0.38181677478795967, 'hidden_continuous_size': 15, 'attention_head_size': 2, 'learning_rate': 0.02006831825987662}. Best is trial 23 with value: 0.25225889682769775.
LOCAL_RANK: 0 - CUDA_VISIBLE_DEVICES: [0]
[I 2023-12-15 14:44:54,054] Trial 36 finished with value: 1.4539952278137207 and parameters: {'gradient_clip_val': 0.6971293405677043, 'hidden_size': 19, 'dropout': 0.392526354686487, 'hidden_continuous_size': 15, 'attention_head_size': 4, 'learning_rate': 0.0324202248978276}. Best is trial 23 with value: 0.25225889682769775.
LOCAL_RANK: 0 - CUDA_VISIBLE_DEVICES: [0]
[I 2023-12-15 14:45:51,440] Trial 37 finished with value: 0.6970369219779968 and parameters: {'gradient_clip_val': 0.6365927736828964, 'hidden_size': 83, 'dropout': 0.3245635880012988, 'hidden_continuous_size': 78, 'attention_head_size': 3, 'learning_rate': 0.058063655817591535}. Best is trial 23 with value: 0.25225889682769775.
LOCAL_RANK: 0 - CUDA_VISIBLE_DEVICES: [0]
[I 2023-12-15 14:46:48,593] Trial 38 finished with value: 1.0041707754135132 and parameters: {'gradient_clip_val': 0.6644345089839274, 'hidden_size': 82, 'dropout': 0.2842817957268951, 'hidden_continuous_size': 79, 'attention_head_size': 3, 'learning_rate': 0.07349018132592403}. Best is trial 23 with value: 0.25225889682769775.
LOCAL_RANK: 0 - CUDA_VISIBLE_DEVICES: [0]
[I 2023-12-15 14:47:46,983] Trial 39 finished with value: 1.803113579750061 and parameters: {'gradient_clip_val': 0.7966953857588016, 'hidden_size': 95, 'dropout': 0.3221648657281668, 'hidden_continuous_size': 93, 'attention_head_size': 4, 'learning_rate': 0.011541088500217983}. Best is trial 23 with value: 0.25225889682769775.
LOCAL_RANK: 0 - CUDA_VISIBLE_DEVICES: [0]
[I 2023-12-15 14:48:42,821] Trial 40 finished with value: 0.6702461838722229 and parameters: {'gradient_clip_val': 0.9864133283284074, 'hidden_size': 75, 'dropout': 0.26588502138324116, 'hidden_continuous_size': 55, 'attention_head_size': 3, 'learning_rate': 0.006480544431690492}. Best is trial 23 with value: 0.25225889682769775.
LOCAL_RANK: 0 - CUDA_VISIBLE_DEVICES: [0]
[I 2023-12-15 14:49:38,970] Trial 41 finished with value: 3.6288888454437256 and parameters: {'gradient_clip_val': 0.9846777172512036, 'hidden_size': 77, 'dropout': 0.2688628529467156, 'hidden_continuous_size': 53, 'attention_head_size': 3, 'learning_rate': 0.005859830599566397}. Best is trial 23 with value: 0.25225889682769775.
LOCAL_RANK: 0 - CUDA_VISIBLE_DEVICES: [0]
[I 2023-12-15 14:50:32,323] Trial 42 finished with value: 0.7046257853507996 and parameters: {'gradient_clip_val': 0.8343989937221664, 'hidden_size': 56, 'dropout': 0.22944958202369886, 'hidden_continuous_size': 32, 'attention_head_size': 3, 'learning_rate': 0.0055396005138694795}. Best is trial 23 with value: 0.25225889682769775.
LOCAL_RANK: 0 - CUDA_VISIBLE_DEVICES: [0]
[I 2023-12-15 14:51:30,254] Trial 43 finished with value: 1.7795463800430298 and parameters: {'gradient_clip_val': 0.7724985940717608, 'hidden_size': 98, 'dropout': 0.32599519414003697, 'hidden_continuous_size': 70, 'attention_head_size': 3, 'learning_rate': 0.0032754378026336665}. Best is trial 23 with value: 0.25225889682769775.
LOCAL_RANK: 0 - CUDA_VISIBLE_DEVICES: [0]
[I 2023-12-15 14:52:24,694] Trial 44 finished with value: 0.5010257959365845 and parameters: {'gradient_clip_val': 0.7226100533191635, 'hidden_size': 72, 'dropout': 0.3485801591356479, 'hidden_continuous_size': 47, 'attention_head_size': 3, 'learning_rate': 0.026428427393307016}. Best is trial 23 with value: 0.25225889682769775.
LOCAL_RANK: 0 - CUDA_VISIBLE_DEVICES: [0]
[I 2023-12-15 14:53:19,820] Trial 45 finished with value: 1.147505283355713 and parameters: {'gradient_clip_val': 0.7171991295240997, 'hidden_size': 69, 'dropout': 0.34607946340370926, 'hidden_continuous_size': 42, 'attention_head_size': 3, 'learning_rate': 0.011143822833579356}. Best is trial 23 with value: 0.25225889682769775.
LOCAL_RANK: 0 - CUDA_VISIBLE_DEVICES: [0]
[I 2023-12-15 14:54:12,926] Trial 46 finished with value: 1.6181045770645142 and parameters: {'gradient_clip_val': 0.8929944403891977, 'hidden_size': 56, 'dropout': 0.36435986418692157, 'hidden_continuous_size': 31, 'attention_head_size': 3, 'learning_rate': 0.024234381668604442}. Best is trial 23 with value: 0.25225889682769775.
LOCAL_RANK: 0 - CUDA_VISIBLE_DEVICES: [0]
[I 2023-12-15 14:55:06,165] Trial 47 finished with value: 2.8897171020507812 and parameters: {'gradient_clip_val': 0.7574227867604464, 'hidden_size': 72, 'dropout': 0.35227208336516735, 'hidden_continuous_size': 21, 'attention_head_size': 3, 'learning_rate': 0.01800907956918166}. Best is trial 23 with value: 0.25225889682769775.
LOCAL_RANK: 0 - CUDA_VISIBLE_DEVICES: [0]
[I 2023-12-15 14:56:00,575] Trial 48 finished with value: 2.2147936820983887 and parameters: {'gradient_clip_val': 0.6819318087994735, 'hidden_size': 59, 'dropout': 0.3829379704059409, 'hidden_continuous_size': 36, 'attention_head_size': 3, 'learning_rate': 0.009279228754903826}. Best is trial 23 with value: 0.25225889682769775.
LOCAL_RANK: 0 - CUDA_VISIBLE_DEVICES: [0]
[I 2023-12-15 14:56:56,693] Trial 49 finished with value: 0.32469820976257324 and parameters: {'gradient_clip_val': 0.8881012388726033, 'hidden_size': 77, 'dropout': 0.34251039909504566, 'hidden_continuous_size': 53, 'attention_head_size': 4, 'learning_rate': 0.02669407827374065}. Best is trial 23 with value: 0.25225889682769775.
[I 2023-12-15 14:56:56,787] A new study created in memory with name: no-name-58763528-05b6-4ed0-98f8-a964dd325fd5
/home/le004/conda/anaconda3/envs/tsff_env/lib/python3.9/site-packages/lightning/fabric/plugins/environments/slurm.py:191: The `srun` command is available on your system but is not used. HINT: If your intention is to run Lightning on SLURM, prepend your python command with `srun` like so: srun python /home/le004/master_thesis/git/TSFusionForecast/code/ ...
LOCAL_RANK: 0 - CUDA_VISIBLE_DEVICES: [0]
[I 2023-12-15 14:57:49,995] Trial 0 finished with value: 1.0343087911605835 and parameters: {'gradient_clip_val': 0.3994395224097262, 'hidden_size': 50, 'dropout': 0.24768697586353844, 'hidden_continuous_size': 34, 'attention_head_size': 1, 'learning_rate': 0.0008605698287667702}. Best is trial 0 with value: 1.0343087911605835.
LOCAL_RANK: 0 - CUDA_VISIBLE_DEVICES: [0]
[I 2023-12-15 14:58:46,313] Trial 1 finished with value: 2.5040524005889893 and parameters: {'gradient_clip_val': 0.7263661357347634, 'hidden_size': 96, 'dropout': 0.1405562216749917, 'hidden_continuous_size': 38, 'attention_head_size': 4, 'learning_rate': 0.0006982561289687634}. Best is trial 0 with value: 1.0343087911605835.
LOCAL_RANK: 0 - CUDA_VISIBLE_DEVICES: [0]
[I 2023-12-15 14:59:30,866] Trial 2 finished with value: 1.6358245611190796 and parameters: {'gradient_clip_val': 0.7631966952416376, 'hidden_size': 12, 'dropout': 0.1453629551978664, 'hidden_continuous_size': 8, 'attention_head_size': 2, 'learning_rate': 0.008843785253581891}. Best is trial 0 with value: 1.0343087911605835.
LOCAL_RANK: 0 - CUDA_VISIBLE_DEVICES: [0]
[I 2023-12-15 15:00:18,398] Trial 3 finished with value: 1.7996258735656738 and parameters: {'gradient_clip_val': 0.9959732205996876, 'hidden_size': 18, 'dropout': 0.16879751004059623, 'hidden_continuous_size': 8, 'attention_head_size': 2, 'learning_rate': 0.0007109499885479537}. Best is trial 0 with value: 1.0343087911605835.
LOCAL_RANK: 0 - CUDA_VISIBLE_DEVICES: [0]
[I 2023-12-15 15:00:54,586] Trial 4 finished with value: 1.0998225212097168 and parameters: {'gradient_clip_val': 0.310835434872265, 'hidden_size': 6, 'dropout': 0.21419474021213802, 'hidden_continuous_size': 6, 'attention_head_size': 2, 'learning_rate': 0.004262300285925003}. Best is trial 0 with value: 1.0343087911605835.
LOCAL_RANK: 0 - CUDA_VISIBLE_DEVICES: [0]
[I 2023-12-15 15:01:46,443] Trial 5 finished with value: 0.4589202404022217 and parameters: {'gradient_clip_val': 0.34752366420076947, 'hidden_size': 45, 'dropout': 0.15424301250170003, 'hidden_continuous_size': 7, 'attention_head_size': 3, 'learning_rate': 0.0016338162524166461}. Best is trial 5 with value: 0.4589202404022217.
LOCAL_RANK: 0 - CUDA_VISIBLE_DEVICES: [0]
[I 2023-12-15 15:02:33,436] Trial 6 finished with value: 1.262744426727295 and parameters: {'gradient_clip_val': 0.22726748503919186, 'hidden_size': 18, 'dropout': 0.31549936972862086, 'hidden_continuous_size': 6, 'attention_head_size': 4, 'learning_rate': 0.005668534268278562}. Best is trial 5 with value: 0.4589202404022217.
LOCAL_RANK: 0 - CUDA_VISIBLE_DEVICES: [0]
[I 2023-12-15 15:03:27,183] Trial 7 finished with value: 0.5300090909004211 and parameters: {'gradient_clip_val': 0.57979784964887, 'hidden_size': 61, 'dropout': 0.3442018291511256, 'hidden_continuous_size': 49, 'attention_head_size': 1, 'learning_rate': 0.03377333770248113}. Best is trial 5 with value: 0.4589202404022217.
LOCAL_RANK: 0 - CUDA_VISIBLE_DEVICES: [0]
[I 2023-12-15 15:04:17,037] Trial 8 finished with value: 2.5928385257720947 and parameters: {'gradient_clip_val': 0.3099893168095784, 'hidden_size': 36, 'dropout': 0.18454387873950884, 'hidden_continuous_size': 15, 'attention_head_size': 1, 'learning_rate': 0.013094209693823012}. Best is trial 5 with value: 0.4589202404022217.
LOCAL_RANK: 0 - CUDA_VISIBLE_DEVICES: [0]
[I 2023-12-15 15:05:11,766] Trial 9 finished with value: 1.330328345298767 and parameters: {'gradient_clip_val': 0.10058394463203334, 'hidden_size': 93, 'dropout': 0.3486250498088637, 'hidden_continuous_size': 26, 'attention_head_size': 2, 'learning_rate': 0.001625129762937398}. Best is trial 5 with value: 0.4589202404022217.
LOCAL_RANK: 0 - CUDA_VISIBLE_DEVICES: [0]
[I 2023-12-15 15:06:01,262] Trial 10 finished with value: 2.727952003479004 and parameters: {'gradient_clip_val': 0.1801348259400578, 'hidden_size': 31, 'dropout': 0.10035527268176342, 'hidden_continuous_size': 12, 'attention_head_size': 3, 'learning_rate': 0.07550167642189617}. Best is trial 5 with value: 0.4589202404022217.
LOCAL_RANK: 0 - CUDA_VISIBLE_DEVICES: [0]
[I 2023-12-15 15:06:54,697] Trial 11 finished with value: 3.8185722827911377 and parameters: {'gradient_clip_val': 0.49968755734586184, 'hidden_size': 56, 'dropout': 0.3996356963544349, 'hidden_continuous_size': 22, 'attention_head_size': 3, 'learning_rate': 0.029483129193723354}. Best is trial 5 with value: 0.4589202404022217.
LOCAL_RANK: 0 - CUDA_VISIBLE_DEVICES: [0]
[I 2023-12-15 15:07:48,878] Trial 12 finished with value: 2.287569999694824 and parameters: {'gradient_clip_val': 0.48992729847714567, 'hidden_size': 54, 'dropout': 0.27581723926840934, 'hidden_continuous_size': 48, 'attention_head_size': 3, 'learning_rate': 0.0022919259860912635}. Best is trial 5 with value: 0.4589202404022217.
LOCAL_RANK: 0 - CUDA_VISIBLE_DEVICES: [0]
[I 2023-12-15 15:08:38,187] Trial 13 finished with value: 2.3073227405548096 and parameters: {'gradient_clip_val': 0.5420576771005968, 'hidden_size': 31, 'dropout': 0.23628362745997453, 'hidden_continuous_size': 16, 'attention_head_size': 1, 'learning_rate': 0.019852777074525707}. Best is trial 5 with value: 0.4589202404022217.
LOCAL_RANK: 0 - CUDA_VISIBLE_DEVICES: [0]
[I 2023-12-15 15:09:33,726] Trial 14 finished with value: 2.1450681686401367 and parameters: {'gradient_clip_val': 0.36446493177917977, 'hidden_size': 74, 'dropout': 0.2810792522762526, 'hidden_continuous_size': 60, 'attention_head_size': 3, 'learning_rate': 0.09592625472597806}. Best is trial 5 with value: 0.4589202404022217.
LOCAL_RANK: 0 - CUDA_VISIBLE_DEVICES: [0]
[I 2023-12-15 15:10:23,673] Trial 15 finished with value: 1.319234848022461 and parameters: {'gradient_clip_val': 0.6129838542678256, 'hidden_size': 39, 'dropout': 0.1925443223167792, 'hidden_continuous_size': 5, 'attention_head_size': 4, 'learning_rate': 0.0033169203209820297}. Best is trial 5 with value: 0.4589202404022217.
LOCAL_RANK: 0 - CUDA_VISIBLE_DEVICES: [0]
[I 2023-12-15 15:11:01,078] Trial 16 finished with value: 2.307745933532715 and parameters: {'gradient_clip_val': 0.4284517544639033, 'hidden_size': 68, 'dropout': 0.21897014207375762, 'hidden_continuous_size': 68, 'attention_head_size': 1, 'learning_rate': 0.001467523074642268}. Best is trial 5 with value: 0.4589202404022217.
LOCAL_RANK: 0 - CUDA_VISIBLE_DEVICES: [0]
[I 2023-12-15 15:11:53,266] Trial 17 finished with value: 3.321079969406128 and parameters: {'gradient_clip_val': 0.6312506811989034, 'hidden_size': 46, 'dropout': 0.3317626399481712, 'hidden_continuous_size': 12, 'attention_head_size': 2, 'learning_rate': 0.007280227975710651}. Best is trial 5 with value: 0.4589202404022217.
LOCAL_RANK: 0 - CUDA_VISIBLE_DEVICES: [0]
[I 2023-12-15 15:12:43,035] Trial 18 finished with value: 0.19023247063159943 and parameters: {'gradient_clip_val': 0.9737825175908105, 'hidden_size': 26, 'dropout': 0.2730311882717278, 'hidden_continuous_size': 9, 'attention_head_size': 3, 'learning_rate': 0.038573754365191365}. Best is trial 18 with value: 0.19023247063159943.
LOCAL_RANK: 0 - CUDA_VISIBLE_DEVICES: [0]
[I 2023-12-15 15:13:32,332] Trial 19 finished with value: 2.2133662700653076 and parameters: {'gradient_clip_val': 0.9369404193141067, 'hidden_size': 26, 'dropout': 0.2732358098115012, 'hidden_continuous_size': 9, 'attention_head_size': 3, 'learning_rate': 0.0032305987989649696}. Best is trial 18 with value: 0.19023247063159943.
LOCAL_RANK: 0 - CUDA_VISIBLE_DEVICES: [0]
[I 2023-12-15 15:14:21,459] Trial 20 finished with value: 0.432452917098999 and parameters: {'gradient_clip_val': 0.8007460165992226, 'hidden_size': 23, 'dropout': 0.2162557974156535, 'hidden_continuous_size': 7, 'attention_head_size': 4, 'learning_rate': 0.011627529418365916}. Best is trial 18 with value: 0.19023247063159943.
LOCAL_RANK: 0 - CUDA_VISIBLE_DEVICES: [0]
[I 2023-12-15 15:15:10,626] Trial 21 finished with value: 1.8543792963027954 and parameters: {'gradient_clip_val': 0.8220194977824474, 'hidden_size': 23, 'dropout': 0.2237326532255638, 'hidden_continuous_size': 7, 'attention_head_size': 4, 'learning_rate': 0.011830626401706302}. Best is trial 18 with value: 0.19023247063159943.
LOCAL_RANK: 0 - CUDA_VISIBLE_DEVICES: [0]
[I 2023-12-15 15:16:03,260] Trial 22 finished with value: 0.730609118938446 and parameters: {'gradient_clip_val': 0.9635217067318035, 'hidden_size': 41, 'dropout': 0.2554174123632668, 'hidden_continuous_size': 10, 'attention_head_size': 4, 'learning_rate': 0.000506266703192885}. Best is trial 18 with value: 0.19023247063159943.
LOCAL_RANK: 0 - CUDA_VISIBLE_DEVICES: [0]
[I 2023-12-15 15:16:52,333] Trial 23 finished with value: 1.1079381704330444 and parameters: {'gradient_clip_val': 0.6861083813577972, 'hidden_size': 26, 'dropout': 0.20244406245498783, 'hidden_continuous_size': 7, 'attention_head_size': 3, 'learning_rate': 0.006042075687106386}. Best is trial 18 with value: 0.19023247063159943.
LOCAL_RANK: 0 - CUDA_VISIBLE_DEVICES: [0]
[I 2023-12-15 15:17:39,995] Trial 24 finished with value: 1.4067438840866089 and parameters: {'gradient_clip_val': 0.8295909590733459, 'hidden_size': 17, 'dropout': 0.17652001867585837, 'hidden_continuous_size': 7, 'attention_head_size': 4, 'learning_rate': 0.05662822034286583}. Best is trial 18 with value: 0.19023247063159943.
LOCAL_RANK: 0 - CUDA_VISIBLE_DEVICES: [0]
[I 2023-12-15 15:18:28,013] Trial 25 finished with value: 4.804005146026611 and parameters: {'gradient_clip_val': 0.7481679224466383, 'hidden_size': 32, 'dropout': 0.23483715100148947, 'hidden_continuous_size': 5, 'attention_head_size': 3, 'learning_rate': 0.020665997689366264}. Best is trial 18 with value: 0.19023247063159943.
LOCAL_RANK: 0 - CUDA_VISIBLE_DEVICES: [0]
[I 2023-12-15 15:19:20,348] Trial 26 finished with value: 1.4597867727279663 and parameters: {'gradient_clip_val': 0.63895897390349, 'hidden_size': 43, 'dropout': 0.2040879613219191, 'hidden_continuous_size': 10, 'attention_head_size': 3, 'learning_rate': 0.008570173913043157}. Best is trial 18 with value: 0.19023247063159943.
LOCAL_RANK: 0 - CUDA_VISIBLE_DEVICES: [0]
[I 2023-12-15 15:20:07,629] Trial 27 finished with value: 1.8058892488479614 and parameters: {'gradient_clip_val': 0.8786142689681717, 'hidden_size': 13, 'dropout': 0.16198424706107933, 'hidden_continuous_size': 6, 'attention_head_size': 4, 'learning_rate': 0.050145470578211164}. Best is trial 18 with value: 0.19023247063159943.
LOCAL_RANK: 0 - CUDA_VISIBLE_DEVICES: [0]
[I 2023-12-15 15:20:55,516] Trial 28 finished with value: 1.0338655710220337 and parameters: {'gradient_clip_val': 0.4946508334362292, 'hidden_size': 24, 'dropout': 0.19384690991063724, 'hidden_continuous_size': 9, 'attention_head_size': 3, 'learning_rate': 0.014242996223771374}. Best is trial 18 with value: 0.19023247063159943.
LOCAL_RANK: 0 - CUDA_VISIBLE_DEVICES: [0]
[I 2023-12-15 15:21:46,572] Trial 29 finished with value: 3.102614164352417 and parameters: {'gradient_clip_val': 0.7142245005386596, 'hidden_size': 45, 'dropout': 0.25096370573350385, 'hidden_continuous_size': 5, 'attention_head_size': 4, 'learning_rate': 0.0012753348662780752}. Best is trial 18 with value: 0.19023247063159943.
LOCAL_RANK: 0 - CUDA_VISIBLE_DEVICES: [0]
[I 2023-12-15 15:22:35,917] Trial 30 finished with value: 3.219947576522827 and parameters: {'gradient_clip_val': 0.985106655036003, 'hidden_size': 31, 'dropout': 0.12251067534752394, 'hidden_continuous_size': 8, 'attention_head_size': 3, 'learning_rate': 0.004351723268344189}. Best is trial 18 with value: 0.19023247063159943.
LOCAL_RANK: 0 - CUDA_VISIBLE_DEVICES: [0]
[I 2023-12-15 15:23:28,789] Trial 31 finished with value: 0.6470878720283508 and parameters: {'gradient_clip_val': 0.5967081672610367, 'hidden_size': 59, 'dropout': 0.30953574255259914, 'hidden_continuous_size': 21, 'attention_head_size': 1, 'learning_rate': 0.03512817477902863}. Best is trial 18 with value: 0.19023247063159943.
LOCAL_RANK: 0 - CUDA_VISIBLE_DEVICES: [0]
[I 2023-12-15 15:24:23,581] Trial 32 finished with value: 1.565682053565979 and parameters: {'gradient_clip_val': 0.8290903839675854, 'hidden_size': 77, 'dropout': 0.1490285692957128, 'hidden_continuous_size': 33, 'attention_head_size': 2, 'learning_rate': 0.029937486000950662}. Best is trial 18 with value: 0.19023247063159943.
LOCAL_RANK: 0 - CUDA_VISIBLE_DEVICES: [0]
[I 2023-12-15 15:25:15,602] Trial 33 finished with value: 0.4323185980319977 and parameters: {'gradient_clip_val': 0.7408604714697771, 'hidden_size': 52, 'dropout': 0.1624666877304873, 'hidden_continuous_size': 11, 'attention_head_size': 2, 'learning_rate': 0.0186566555478578}. Best is trial 18 with value: 0.19023247063159943.
LOCAL_RANK: 0 - CUDA_VISIBLE_DEVICES: [0]
[I 2023-12-15 15:26:05,794] Trial 34 finished with value: 2.463280439376831 and parameters: {'gradient_clip_val': 0.7763906152441378, 'hidden_size': 37, 'dropout': 0.1644720627793284, 'hidden_continuous_size': 11, 'attention_head_size': 2, 'learning_rate': 0.010385768630721048}. Best is trial 18 with value: 0.19023247063159943.
LOCAL_RANK: 0 - CUDA_VISIBLE_DEVICES: [0]
[I 2023-12-15 15:26:58,026] Trial 35 finished with value: 0.6244251728057861 and parameters: {'gradient_clip_val': 0.7168818366588995, 'hidden_size': 51, 'dropout': 0.1346909167587677, 'hidden_continuous_size': 8, 'attention_head_size': 2, 'learning_rate': 0.017329149967239922}. Best is trial 18 with value: 0.19023247063159943.
LOCAL_RANK: 0 - CUDA_VISIBLE_DEVICES: [0]
[I 2023-12-15 15:27:44,854] Trial 36 finished with value: 1.460105538368225 and parameters: {'gradient_clip_val': 0.8688953344654148, 'hidden_size': 20, 'dropout': 0.17942611943098033, 'hidden_continuous_size': 8, 'attention_head_size': 2, 'learning_rate': 0.00939091408361796}. Best is trial 18 with value: 0.19023247063159943.
LOCAL_RANK: 0 - CUDA_VISIBLE_DEVICES: [0]
[I 2023-12-15 15:28:37,100] Trial 37 finished with value: 0.9802910685539246 and parameters: {'gradient_clip_val': 0.707181889117351, 'hidden_size': 49, 'dropout': 0.15559723901583292, 'hidden_continuous_size': 12, 'attention_head_size': 2, 'learning_rate': 0.01495294805666672}. Best is trial 18 with value: 0.19023247063159943.
LOCAL_RANK: 0 - CUDA_VISIBLE_DEVICES: [0]
[I 2023-12-15 15:29:24,316] Trial 38 finished with value: 2.326482057571411 and parameters: {'gradient_clip_val': 0.9726511714038234, 'hidden_size': 15, 'dropout': 0.17377208415372383, 'hidden_continuous_size': 7, 'attention_head_size': 4, 'learning_rate': 0.0226900374520843}. Best is trial 18 with value: 0.19023247063159943.
LOCAL_RANK: 0 - CUDA_VISIBLE_DEVICES: [0]
[I 2023-12-15 15:30:13,518] Trial 39 finished with value: 3.0084474086761475 and parameters: {'gradient_clip_val': 0.5530745045416237, 'hidden_size': 21, 'dropout': 0.21148025503974724, 'hidden_continuous_size': 9, 'attention_head_size': 3, 'learning_rate': 0.007574640674140343}. Best is trial 18 with value: 0.19023247063159943.
LOCAL_RANK: 0 - CUDA_VISIBLE_DEVICES: [0]
[I 2023-12-15 15:31:02,226] Trial 40 finished with value: 2.7982921600341797 and parameters: {'gradient_clip_val': 0.7947564530818604, 'hidden_size': 27, 'dropout': 0.14274387656900145, 'hidden_continuous_size': 6, 'attention_head_size': 2, 'learning_rate': 0.0009224415893843447}. Best is trial 18 with value: 0.19023247063159943.
LOCAL_RANK: 0 - CUDA_VISIBLE_DEVICES: [0]
[I 2023-12-15 15:31:54,519] Trial 41 finished with value: 1.3936856985092163 and parameters: {'gradient_clip_val': 0.6702841584864454, 'hidden_size': 60, 'dropout': 0.1841389113230781, 'hidden_continuous_size': 15, 'attention_head_size': 1, 'learning_rate': 0.03942335194085343}. Best is trial 18 with value: 0.19023247063159943.
LOCAL_RANK: 0 - CUDA_VISIBLE_DEVICES: [0]
