[I 2023-12-16 10:59:44,418] Trial 37 finished with value: 80.74787139892578 and parameters: {'gradient_clip_val': 0.1493036998985056, 'hidden_size': 15, 'dropout': 0.29245938168213315, 'hidden_continuous_size': 8, 'attention_head_size': 1, 'learning_rate': 0.002655102825220364}. Best is trial 36 with value: 78.94463348388672.
LOCAL_RANK: 0 - CUDA_VISIBLE_DEVICES: [0]
[I 2023-12-16 11:00:30,501] Trial 38 finished with value: 131.0906219482422 and parameters: {'gradient_clip_val': 0.15447761270254612, 'hidden_size': 15, 'dropout': 0.3208924295367659, 'hidden_continuous_size': 8, 'attention_head_size': 1, 'learning_rate': 0.002846950104027562}. Best is trial 36 with value: 78.94463348388672.
LOCAL_RANK: 0 - CUDA_VISIBLE_DEVICES: [0]
[I 2023-12-16 11:01:16,319] Trial 39 finished with value: 100.575439453125 and parameters: {'gradient_clip_val': 0.14075733920940095, 'hidden_size': 10, 'dropout': 0.25569872004582356, 'hidden_continuous_size': 7, 'attention_head_size': 1, 'learning_rate': 0.002335272124495263}. Best is trial 36 with value: 78.94463348388672.
LOCAL_RANK: 0 - CUDA_VISIBLE_DEVICES: [0]
[I 2023-12-16 11:02:03,891] Trial 40 finished with value: 119.71551513671875 and parameters: {'gradient_clip_val': 0.1252278058814222, 'hidden_size': 19, 'dropout': 0.2742312266695352, 'hidden_continuous_size': 8, 'attention_head_size': 1, 'learning_rate': 0.005174673724488162}. Best is trial 36 with value: 78.94463348388672.
LOCAL_RANK: 0 - CUDA_VISIBLE_DEVICES: [0]
[I 2023-12-16 11:02:50,209] Trial 41 finished with value: 103.94412994384766 and parameters: {'gradient_clip_val': 0.20432451815823724, 'hidden_size': 13, 'dropout': 0.29766158906358076, 'hidden_continuous_size': 7, 'attention_head_size': 1, 'learning_rate': 0.0018054059782727345}. Best is trial 36 with value: 78.94463348388672.
LOCAL_RANK: 0 - CUDA_VISIBLE_DEVICES: [0]
[I 2023-12-16 11:03:35,907] Trial 42 finished with value: 159.21388244628906 and parameters: {'gradient_clip_val': 0.1976699646669657, 'hidden_size': 16, 'dropout': 0.298404796779419, 'hidden_continuous_size': 8, 'attention_head_size': 2, 'learning_rate': 0.001142288656644195}. Best is trial 36 with value: 78.94463348388672.
LOCAL_RANK: 0 - CUDA_VISIBLE_DEVICES: [0]
[I 2023-12-16 11:04:23,991] Trial 43 finished with value: 88.5844955444336 and parameters: {'gradient_clip_val': 0.22040383319076012, 'hidden_size': 20, 'dropout': 0.31989814731555294, 'hidden_continuous_size': 9, 'attention_head_size': 3, 'learning_rate': 0.0017717078328203686}. Best is trial 36 with value: 78.94463348388672.
LOCAL_RANK: 0 - CUDA_VISIBLE_DEVICES: [0]
[I 2023-12-16 11:05:10,996] Trial 44 finished with value: 102.87659454345703 and parameters: {'gradient_clip_val': 0.2684096584976669, 'hidden_size': 18, 'dropout': 0.2895287431107206, 'hidden_continuous_size': 8, 'attention_head_size': 1, 'learning_rate': 0.00244454602519366}. Best is trial 36 with value: 78.94463348388672.
LOCAL_RANK: 0 - CUDA_VISIBLE_DEVICES: [0]
[I 2023-12-16 11:05:56,090] Trial 45 finished with value: 98.252685546875 and parameters: {'gradient_clip_val': 0.23365884670049747, 'hidden_size': 12, 'dropout': 0.30921796958541353, 'hidden_continuous_size': 6, 'attention_head_size': 2, 'learning_rate': 0.0033660068674988036}. Best is trial 36 with value: 78.94463348388672.
LOCAL_RANK: 0 - CUDA_VISIBLE_DEVICES: [0]
[I 2023-12-16 11:06:45,473] Trial 46 finished with value: 109.33853149414062 and parameters: {'gradient_clip_val': 0.1287740443808182, 'hidden_size': 22, 'dropout': 0.3357716539431681, 'hidden_continuous_size': 9, 'attention_head_size': 2, 'learning_rate': 0.0008578164780195471}. Best is trial 36 with value: 78.94463348388672.
LOCAL_RANK: 0 - CUDA_VISIBLE_DEVICES: [0]
[I 2023-12-16 11:07:30,932] Trial 47 finished with value: 87.41082000732422 and parameters: {'gradient_clip_val': 0.18144729895276399, 'hidden_size': 16, 'dropout': 0.12303561948659045, 'hidden_continuous_size': 8, 'attention_head_size': 1, 'learning_rate': 0.0010587165028416415}. Best is trial 36 with value: 78.94463348388672.
LOCAL_RANK: 0 - CUDA_VISIBLE_DEVICES: [0]
[I 2023-12-16 11:08:17,021] Trial 48 finished with value: 235.76715087890625 and parameters: {'gradient_clip_val': 0.10844676234589896, 'hidden_size': 9, 'dropout': 0.2709410931885455, 'hidden_continuous_size': 7, 'attention_head_size': 2, 'learning_rate': 0.0006682171020868755}. Best is trial 36 with value: 78.94463348388672.
LOCAL_RANK: 0 - CUDA_VISIBLE_DEVICES: [0]
[I 2023-12-16 11:09:03,655] Trial 49 finished with value: 138.8763885498047 and parameters: {'gradient_clip_val': 0.14433675284745504, 'hidden_size': 13, 'dropout': 0.1676762362586492, 'hidden_continuous_size': 7, 'attention_head_size': 3, 'learning_rate': 0.0013702544157135148}. Best is trial 36 with value: 78.94463348388672.
[I 2023-12-16 11:09:03,748] A new study created in memory with name: no-name-dbdf2a98-3615-4ae0-83b6-ef2736b71a8c
/home/le004/conda/anaconda3/envs/tsff_env/lib/python3.9/site-packages/lightning/fabric/plugins/environments/slurm.py:191: The `srun` command is available on your system but is not used. HINT: If your intention is to run Lightning on SLURM, prepend your python command with `srun` like so: srun python /home/le004/master_thesis/git/TSFusionForecast/code/ ...
LOCAL_RANK: 0 - CUDA_VISIBLE_DEVICES: [0]
[I 2023-12-16 11:09:49,860] Trial 0 finished with value: 92.35797882080078 and parameters: {'gradient_clip_val': 0.2801175637313769, 'hidden_size': 11, 'dropout': 0.1051623419585821, 'hidden_continuous_size': 9, 'attention_head_size': 1, 'learning_rate': 0.027869550089906762}. Best is trial 0 with value: 92.35797882080078.
LOCAL_RANK: 0 - CUDA_VISIBLE_DEVICES: [0]
[I 2023-12-16 11:10:35,684] Trial 1 finished with value: 64.7646484375 and parameters: {'gradient_clip_val': 0.31104119820494214, 'hidden_size': 12, 'dropout': 0.1879172911709745, 'hidden_continuous_size': 5, 'attention_head_size': 4, 'learning_rate': 0.0034626508791390028}. Best is trial 1 with value: 64.7646484375.
LOCAL_RANK: 0 - CUDA_VISIBLE_DEVICES: [0]
[I 2023-12-16 11:11:31,339] Trial 2 finished with value: 94.39580535888672 and parameters: {'gradient_clip_val': 0.3208055113699985, 'hidden_size': 82, 'dropout': 0.3105456482071546, 'hidden_continuous_size': 25, 'attention_head_size': 4, 'learning_rate': 0.02273874134684022}. Best is trial 1 with value: 64.7646484375.
LOCAL_RANK: 0 - CUDA_VISIBLE_DEVICES: [0]
[I 2023-12-16 11:12:10,239] Trial 3 finished with value: 112.23157501220703 and parameters: {'gradient_clip_val': 0.15644763823335137, 'hidden_size': 38, 'dropout': 0.16354335089521305, 'hidden_continuous_size': 38, 'attention_head_size': 4, 'learning_rate': 0.04370341145301511}. Best is trial 1 with value: 64.7646484375.
LOCAL_RANK: 0 - CUDA_VISIBLE_DEVICES: [0]
[I 2023-12-16 11:13:05,117] Trial 4 finished with value: 91.35638427734375 and parameters: {'gradient_clip_val': 0.2998693308052632, 'hidden_size': 79, 'dropout': 0.11094565891873787, 'hidden_continuous_size': 28, 'attention_head_size': 2, 'learning_rate': 0.004216168175645614}. Best is trial 1 with value: 64.7646484375.
LOCAL_RANK: 0 - CUDA_VISIBLE_DEVICES: [0]
[I 2023-12-16 11:13:58,427] Trial 5 finished with value: 73.01014709472656 and parameters: {'gradient_clip_val': 0.3052375948026029, 'hidden_size': 37, 'dropout': 0.1449963261242656, 'hidden_continuous_size': 17, 'attention_head_size': 4, 'learning_rate': 0.0013558776170409746}. Best is trial 1 with value: 64.7646484375.
LOCAL_RANK: 0 - CUDA_VISIBLE_DEVICES: [0]
[I 2023-12-16 11:14:52,976] Trial 6 finished with value: 110.00362396240234 and parameters: {'gradient_clip_val': 0.7362157622774723, 'hidden_size': 84, 'dropout': 0.32389981714104177, 'hidden_continuous_size': 20, 'attention_head_size': 2, 'learning_rate': 0.07375429289948177}. Best is trial 1 with value: 64.7646484375.
LOCAL_RANK: 0 - CUDA_VISIBLE_DEVICES: [0]
[I 2023-12-16 11:15:38,446] Trial 7 finished with value: 94.80484008789062 and parameters: {'gradient_clip_val': 0.9391123358414498, 'hidden_size': 6, 'dropout': 0.17822292740033974, 'hidden_continuous_size': 5, 'attention_head_size': 1, 'learning_rate': 0.024237456710147036}. Best is trial 1 with value: 64.7646484375.
LOCAL_RANK: 0 - CUDA_VISIBLE_DEVICES: [0]
[I 2023-12-16 11:16:30,689] Trial 8 finished with value: 96.6451416015625 and parameters: {'gradient_clip_val': 0.5981610293506093, 'hidden_size': 40, 'dropout': 0.14586064679938854, 'hidden_continuous_size': 14, 'attention_head_size': 4, 'learning_rate': 0.0022971570977758263}. Best is trial 1 with value: 64.7646484375.
LOCAL_RANK: 0 - CUDA_VISIBLE_DEVICES: [0]
[I 2023-12-16 11:17:26,549] Trial 9 finished with value: 103.3871841430664 and parameters: {'gradient_clip_val': 0.3099552002900287, 'hidden_size': 71, 'dropout': 0.178634125735612, 'hidden_continuous_size': 36, 'attention_head_size': 4, 'learning_rate': 0.02643892382005769}. Best is trial 1 with value: 64.7646484375.
LOCAL_RANK: 0 - CUDA_VISIBLE_DEVICES: [0]
[I 2023-12-16 11:18:12,387] Trial 10 finished with value: 63.55322265625 and parameters: {'gradient_clip_val': 0.10021403529487229, 'hidden_size': 16, 'dropout': 0.23691684520640655, 'hidden_continuous_size': 5, 'attention_head_size': 3, 'learning_rate': 0.0005112586157047011}. Best is trial 10 with value: 63.55322265625.
LOCAL_RANK: 0 - CUDA_VISIBLE_DEVICES: [0]
[I 2023-12-16 11:18:59,670] Trial 11 finished with value: 49.0267448425293 and parameters: {'gradient_clip_val': 0.10109705756494086, 'hidden_size': 14, 'dropout': 0.23415071100567963, 'hidden_continuous_size': 5, 'attention_head_size': 3, 'learning_rate': 0.0007010719909663375}. Best is trial 11 with value: 49.0267448425293.
LOCAL_RANK: 0 - CUDA_VISIBLE_DEVICES: [0]
[I 2023-12-16 11:19:47,175] Trial 12 finished with value: 97.11937713623047 and parameters: {'gradient_clip_val': 0.10105413849430067, 'hidden_size': 17, 'dropout': 0.23855824465322634, 'hidden_continuous_size': 6, 'attention_head_size': 3, 'learning_rate': 0.0006764597896060649}. Best is trial 11 with value: 49.0267448425293.
LOCAL_RANK: 0 - CUDA_VISIBLE_DEVICES: [0]
[I 2023-12-16 11:20:36,550] Trial 13 finished with value: 61.42607498168945 and parameters: {'gradient_clip_val': 0.10416124216276618, 'hidden_size': 22, 'dropout': 0.2730107455023456, 'hidden_continuous_size': 7, 'attention_head_size': 3, 'learning_rate': 0.0005140375271889806}. Best is trial 11 with value: 49.0267448425293.
LOCAL_RANK: 0 - CUDA_VISIBLE_DEVICES: [0]
[I 2023-12-16 11:21:25,185] Trial 14 finished with value: 65.19481658935547 and parameters: {'gradient_clip_val': 0.1458118588629078, 'hidden_size': 24, 'dropout': 0.3821180846435912, 'hidden_continuous_size': 7, 'attention_head_size': 3, 'learning_rate': 0.0010320543874050246}. Best is trial 11 with value: 49.0267448425293.
LOCAL_RANK: 0 - CUDA_VISIBLE_DEVICES: [0]
[I 2023-12-16 11:22:10,041] Trial 15 finished with value: 69.7735595703125 and parameters: {'gradient_clip_val': 0.14281218746306928, 'hidden_size': 8, 'dropout': 0.2686797973139421, 'hidden_continuous_size': 6, 'attention_head_size': 2, 'learning_rate': 0.0005143628351479713}. Best is trial 11 with value: 49.0267448425293.
LOCAL_RANK: 0 - CUDA_VISIBLE_DEVICES: [0]
[I 2023-12-16 11:22:47,133] Trial 16 finished with value: 62.87375259399414 and parameters: {'gradient_clip_val': 0.1892481834615986, 'hidden_size': 5, 'dropout': 0.21920154286367027, 'hidden_continuous_size': 5, 'attention_head_size': 3, 'learning_rate': 0.0013483356660364532}. Best is trial 11 with value: 49.0267448425293.
LOCAL_RANK: 0 - CUDA_VISIBLE_DEVICES: [0]
[I 2023-12-16 11:23:36,202] Trial 17 finished with value: 105.05620574951172 and parameters: {'gradient_clip_val': 0.11430214561840579, 'hidden_size': 24, 'dropout': 0.27661162802547434, 'hidden_continuous_size': 8, 'attention_head_size': 3, 'learning_rate': 0.010229495935425811}. Best is trial 11 with value: 49.0267448425293.
LOCAL_RANK: 0 - CUDA_VISIBLE_DEVICES: [0]
[I 2023-12-16 11:24:22,478] Trial 18 finished with value: 73.1006088256836 and parameters: {'gradient_clip_val': 0.12558624696623488, 'hidden_size': 9, 'dropout': 0.20835383987859774, 'hidden_continuous_size': 6, 'attention_head_size': 2, 'learning_rate': 0.0008416748139440573}. Best is trial 11 with value: 49.0267448425293.
LOCAL_RANK: 0 - CUDA_VISIBLE_DEVICES: [0]
[I 2023-12-16 11:25:09,014] Trial 19 finished with value: 57.783905029296875 and parameters: {'gradient_clip_val': 0.19074922795324906, 'hidden_size': 16, 'dropout': 0.2683497887239675, 'hidden_continuous_size': 9, 'attention_head_size': 3, 'learning_rate': 0.0018430159999083232}. Best is trial 11 with value: 49.0267448425293.
LOCAL_RANK: 0 - CUDA_VISIBLE_DEVICES: [0]
[I 2023-12-16 11:25:56,286] Trial 20 finished with value: 72.16959381103516 and parameters: {'gradient_clip_val': 0.19319271265274301, 'hidden_size': 13, 'dropout': 0.24437124578872352, 'hidden_continuous_size': 9, 'attention_head_size': 2, 'learning_rate': 0.0020096384829578337}. Best is trial 11 with value: 49.0267448425293.
LOCAL_RANK: 0 - CUDA_VISIBLE_DEVICES: [0]
[I 2023-12-16 11:26:44,728] Trial 21 finished with value: 59.41524124145508 and parameters: {'gradient_clip_val': 0.12235128577129631, 'hidden_size': 19, 'dropout': 0.2740150183497037, 'hidden_continuous_size': 7, 'attention_head_size': 3, 'learning_rate': 0.0008948754807659439}. Best is trial 11 with value: 49.0267448425293.
LOCAL_RANK: 0 - CUDA_VISIBLE_DEVICES: [0]
[I 2023-12-16 11:27:32,829] Trial 22 finished with value: 78.3505859375 and parameters: {'gradient_clip_val': 0.1284623540400617, 'hidden_size': 17, 'dropout': 0.30195735458336276, 'hidden_continuous_size': 10, 'attention_head_size': 3, 'learning_rate': 0.0011884253399631031}. Best is trial 11 with value: 49.0267448425293.
LOCAL_RANK: 0 - CUDA_VISIBLE_DEVICES: [0]
[I 2023-12-16 11:28:20,151] Trial 23 finished with value: 39.784358978271484 and parameters: {'gradient_clip_val': 0.16937729337514915, 'hidden_size': 15, 'dropout': 0.21205734359022144, 'hidden_continuous_size': 10, 'attention_head_size': 3, 'learning_rate': 0.0008867725227842382}. Best is trial 23 with value: 39.784358978271484.
LOCAL_RANK: 0 - CUDA_VISIBLE_DEVICES: [0]
[I 2023-12-16 11:29:07,607] Trial 24 finished with value: 72.03975677490234 and parameters: {'gradient_clip_val': 0.17485880189551592, 'hidden_size': 14, 'dropout': 0.21285896209443655, 'hidden_continuous_size': 10, 'attention_head_size': 3, 'learning_rate': 0.0018682344388813057}. Best is trial 23 with value: 39.784358978271484.
LOCAL_RANK: 0 - CUDA_VISIBLE_DEVICES: [0]
[I 2023-12-16 11:29:53,959] Trial 25 finished with value: 80.66986083984375 and parameters: {'gradient_clip_val': 0.22488731953821403, 'hidden_size': 10, 'dropout': 0.20657349623074764, 'hidden_continuous_size': 6, 'attention_head_size': 2, 'learning_rate': 0.0008330627022918336}. Best is trial 23 with value: 39.784358978271484.
LOCAL_RANK: 0 - CUDA_VISIBLE_DEVICES: [0]
[I 2023-12-16 11:30:39,203] Trial 26 finished with value: 51.968379974365234 and parameters: {'gradient_clip_val': 0.1648622180609828, 'hidden_size': 8, 'dropout': 0.25367956540969594, 'hidden_continuous_size': 5, 'attention_head_size': 3, 'learning_rate': 0.0015978744383488303}. Best is trial 23 with value: 39.784358978271484.
LOCAL_RANK: 0 - CUDA_VISIBLE_DEVICES: [0]
[I 2023-12-16 11:31:25,757] Trial 27 finished with value: 67.9902114868164 and parameters: {'gradient_clip_val': 0.1530738198291538, 'hidden_size': 7, 'dropout': 0.2279041052994044, 'hidden_continuous_size': 5, 'attention_head_size': 3, 'learning_rate': 0.0029613671704968327}. Best is trial 23 with value: 39.784358978271484.
LOCAL_RANK: 0 - CUDA_VISIBLE_DEVICES: [0]
[I 2023-12-16 11:32:10,372] Trial 28 finished with value: 70.39075469970703 and parameters: {'gradient_clip_val': 0.12979825192976177, 'hidden_size': 8, 'dropout': 0.24950971832510413, 'hidden_continuous_size': 5, 'attention_head_size': 2, 'learning_rate': 0.0012517957909897353}. Best is trial 23 with value: 39.784358978271484.
LOCAL_RANK: 0 - CUDA_VISIBLE_DEVICES: [0]
[I 2023-12-16 11:32:56,335] Trial 29 finished with value: 80.2997055053711 and parameters: {'gradient_clip_val': 0.2354112129522479, 'hidden_size': 11, 'dropout': 0.19924238629357305, 'hidden_continuous_size': 6, 'attention_head_size': 1, 'learning_rate': 0.00426541794478306}. Best is trial 23 with value: 39.784358978271484.
LOCAL_RANK: 0 - CUDA_VISIBLE_DEVICES: [0]
[I 2023-12-16 11:33:43,831] Trial 30 finished with value: 45.985286712646484 and parameters: {'gradient_clip_val': 0.15502651170181306, 'hidden_size': 10, 'dropout': 0.22568891076886133, 'hidden_continuous_size': 5, 'attention_head_size': 4, 'learning_rate': 0.0007082131254042743}. Best is trial 23 with value: 39.784358978271484.
LOCAL_RANK: 0 - CUDA_VISIBLE_DEVICES: [0]
[I 2023-12-16 11:34:32,867] Trial 31 finished with value: 61.26723098754883 and parameters: {'gradient_clip_val': 0.16335919451110817, 'hidden_size': 10, 'dropout': 0.22508355162307364, 'hidden_continuous_size': 5, 'attention_head_size': 4, 'learning_rate': 0.0007663477276066026}. Best is trial 23 with value: 39.784358978271484.
LOCAL_RANK: 0 - CUDA_VISIBLE_DEVICES: [0]
[I 2023-12-16 11:35:19,095] Trial 32 finished with value: 67.0691909790039 and parameters: {'gradient_clip_val': 0.13452180695715707, 'hidden_size': 12, 'dropout': 0.19913497780432413, 'hidden_continuous_size': 5, 'attention_head_size': 4, 'learning_rate': 0.0007005026847887285}. Best is trial 23 with value: 39.784358978271484.
LOCAL_RANK: 0 - CUDA_VISIBLE_DEVICES: [0]
[I 2023-12-16 11:36:05,767] Trial 33 finished with value: 38.8370475769043 and parameters: {'gradient_clip_val': 0.11047896557484356, 'hidden_size': 13, 'dropout': 0.2550547761306165, 'hidden_continuous_size': 5, 'attention_head_size': 4, 'learning_rate': 0.0013853424742195297}. Best is trial 33 with value: 38.8370475769043.
LOCAL_RANK: 0 - CUDA_VISIBLE_DEVICES: [0]
[I 2023-12-16 11:36:52,942] Trial 34 finished with value: 79.57720947265625 and parameters: {'gradient_clip_val': 0.11012693465047863, 'hidden_size': 13, 'dropout': 0.224946809113453, 'hidden_continuous_size': 6, 'attention_head_size': 4, 'learning_rate': 0.0010840395458065607}. Best is trial 33 with value: 38.8370475769043.
LOCAL_RANK: 0 - CUDA_VISIBLE_DEVICES: [0]
[I 2023-12-16 11:37:39,981] Trial 35 finished with value: 66.5838394165039 and parameters: {'gradient_clip_val': 0.11678742254636015, 'hidden_size': 11, 'dropout': 0.19192170879328668, 'hidden_continuous_size': 8, 'attention_head_size': 4, 'learning_rate': 0.0006368440618353228}. Best is trial 33 with value: 38.8370475769043.
LOCAL_RANK: 0 - CUDA_VISIBLE_DEVICES: [0]
[I 2023-12-16 11:38:28,964] Trial 36 finished with value: 46.291805267333984 and parameters: {'gradient_clip_val': 0.14158102463060568, 'hidden_size': 14, 'dropout': 0.25249947985816407, 'hidden_continuous_size': 10, 'attention_head_size': 4, 'learning_rate': 0.0009588318084210209}. Best is trial 33 with value: 38.8370475769043.
LOCAL_RANK: 0 - CUDA_VISIBLE_DEVICES: [0]
[I 2023-12-16 11:39:16,160] Trial 37 finished with value: 62.39569091796875 and parameters: {'gradient_clip_val': 0.14106962610979168, 'hidden_size': 10, 'dropout': 0.29605943774197563, 'hidden_continuous_size': 8, 'attention_head_size': 4, 'learning_rate': 0.001091469629151803}. Best is trial 33 with value: 38.8370475769043.
LOCAL_RANK: 0 - CUDA_VISIBLE_DEVICES: [0]
[I 2023-12-16 11:40:04,783] Trial 38 finished with value: 56.3459587097168 and parameters: {'gradient_clip_val': 0.15848619414737006, 'hidden_size': 20, 'dropout': 0.18329691636326964, 'hidden_continuous_size': 12, 'attention_head_size': 4, 'learning_rate': 0.001478201199229456}. Best is trial 33 with value: 38.8370475769043.
LOCAL_RANK: 0 - CUDA_VISIBLE_DEVICES: [0]
[I 2023-12-16 11:40:51,487] Trial 39 finished with value: 41.00094223022461 and parameters: {'gradient_clip_val': 0.22101299949811137, 'hidden_size': 6, 'dropout': 0.2545313860587691, 'hidden_continuous_size': 5, 'attention_head_size': 4, 'learning_rate': 0.0023690105988551664}. Best is trial 33 with value: 38.8370475769043.
LOCAL_RANK: 0 - CUDA_VISIBLE_DEVICES: [0]
[I 2023-12-16 11:41:38,184] Trial 40 finished with value: 50.2789192199707 and parameters: {'gradient_clip_val': 0.2266898704773805, 'hidden_size': 6, 'dropout': 0.17177024964938098, 'hidden_continuous_size': 5, 'attention_head_size': 4, 'learning_rate': 0.002495204369325093}. Best is trial 33 with value: 38.8370475769043.
LOCAL_RANK: 0 - CUDA_VISIBLE_DEVICES: [0]
[I 2023-12-16 11:42:16,696] Trial 41 finished with value: 93.79781341552734 and parameters: {'gradient_clip_val': 0.17688344124429412, 'hidden_size': 5, 'dropout': 0.2551826967160888, 'hidden_continuous_size': 5, 'attention_head_size': 4, 'learning_rate': 0.0014703524670090279}. Best is trial 33 with value: 38.8370475769043.
LOCAL_RANK: 0 - CUDA_VISIBLE_DEVICES: [0]
[I 2023-12-16 11:43:02,816] Trial 42 finished with value: 61.56110763549805 and parameters: {'gradient_clip_val': 0.14181139353495253, 'hidden_size': 12, 'dropout': 0.21697978284357758, 'hidden_continuous_size': 9, 'attention_head_size': 4, 'learning_rate': 0.0009057279274284709}. Best is trial 33 with value: 38.8370475769043.
LOCAL_RANK: 0 - CUDA_VISIBLE_DEVICES: [0]
[I 2023-12-16 11:43:49,593] Trial 43 finished with value: 55.739501953125 and parameters: {'gradient_clip_val': 0.2109781938838767, 'hidden_size': 9, 'dropout': 0.2487098709150611, 'hidden_continuous_size': 6, 'attention_head_size': 4, 'learning_rate': 0.002493910306838111}. Best is trial 33 with value: 38.8370475769043.
LOCAL_RANK: 0 - CUDA_VISIBLE_DEVICES: [0]
[I 2023-12-16 11:44:35,826] Trial 44 finished with value: 55.8997917175293 and parameters: {'gradient_clip_val': 0.27351270427746277, 'hidden_size': 7, 'dropout': 0.2346937675870546, 'hidden_continuous_size': 5, 'attention_head_size': 4, 'learning_rate': 0.0016336137842447073}. Best is trial 33 with value: 38.8370475769043.
LOCAL_RANK: 0 - CUDA_VISIBLE_DEVICES: [0]
