[I 2023-12-16 11:20:27,884] Trial 43 finished with value: 30.23282814025879 and parameters: {'gradient_clip_val': 0.22865723012423828, 'hidden_size': 24, 'dropout': 0.13031785054582323, 'hidden_continuous_size': 16, 'attention_head_size': 4, 'learning_rate': 0.0013097931566953445}. Best is trial 27 with value: 29.340147018432617.
LOCAL_RANK: 0 - CUDA_VISIBLE_DEVICES: [0]
[I 2023-12-16 11:21:16,514] Trial 44 finished with value: 91.8567886352539 and parameters: {'gradient_clip_val': 0.23456992329947596, 'hidden_size': 24, 'dropout': 0.11951891590244769, 'hidden_continuous_size': 17, 'attention_head_size': 4, 'learning_rate': 0.002126825641737846}. Best is trial 27 with value: 29.340147018432617.
LOCAL_RANK: 0 - CUDA_VISIBLE_DEVICES: [0]
[I 2023-12-16 11:22:06,155] Trial 45 finished with value: 42.624568939208984 and parameters: {'gradient_clip_val': 0.22163859718077208, 'hidden_size': 31, 'dropout': 0.18815638243849947, 'hidden_continuous_size': 16, 'attention_head_size': 2, 'learning_rate': 0.0014261168962709794}. Best is trial 27 with value: 29.340147018432617.
LOCAL_RANK: 0 - CUDA_VISIBLE_DEVICES: [0]
[I 2023-12-16 11:22:56,187] Trial 46 finished with value: 40.87989807128906 and parameters: {'gradient_clip_val': 0.13063296636074237, 'hidden_size': 22, 'dropout': 0.13202880770957787, 'hidden_continuous_size': 15, 'attention_head_size': 4, 'learning_rate': 0.0006171973406341811}. Best is trial 27 with value: 29.340147018432617.
LOCAL_RANK: 0 - CUDA_VISIBLE_DEVICES: [0]
[I 2023-12-16 11:23:43,639] Trial 47 finished with value: 64.24687957763672 and parameters: {'gradient_clip_val': 0.20173427313153927, 'hidden_size': 28, 'dropout': 0.10583502267023864, 'hidden_continuous_size': 12, 'attention_head_size': 1, 'learning_rate': 0.001976564439012006}. Best is trial 27 with value: 29.340147018432617.
LOCAL_RANK: 0 - CUDA_VISIBLE_DEVICES: [0]
[I 2023-12-16 11:24:31,791] Trial 48 finished with value: 49.73211669921875 and parameters: {'gradient_clip_val': 0.1693245532771978, 'hidden_size': 20, 'dropout': 0.16418647512475867, 'hidden_continuous_size': 17, 'attention_head_size': 4, 'learning_rate': 0.001451789097246784}. Best is trial 27 with value: 29.340147018432617.
LOCAL_RANK: 0 - CUDA_VISIBLE_DEVICES: [0]
[I 2023-12-16 11:25:26,044] Trial 49 finished with value: 35.54649353027344 and parameters: {'gradient_clip_val': 0.14338180939159656, 'hidden_size': 58, 'dropout': 0.17911327376348346, 'hidden_continuous_size': 22, 'attention_head_size': 3, 'learning_rate': 0.0011702053271488361}. Best is trial 27 with value: 29.340147018432617.
[I 2023-12-16 11:25:26,134] A new study created in memory with name: no-name-4439a5ea-5cf9-4f1d-9132-f68533dd08b2
/home/le004/conda/anaconda3/envs/tsff_env/lib/python3.9/site-packages/lightning/fabric/plugins/environments/slurm.py:191: The `srun` command is available on your system but is not used. HINT: If your intention is to run Lightning on SLURM, prepend your python command with `srun` like so: srun python /home/le004/master_thesis/git/TSFusionForecast/code/ ...
LOCAL_RANK: 0 - CUDA_VISIBLE_DEVICES: [0]
[I 2023-12-16 11:26:19,804] Trial 0 finished with value: 7096.3828125 and parameters: {'gradient_clip_val': 0.18978526968570966, 'hidden_size': 55, 'dropout': 0.21958839842820863, 'hidden_continuous_size': 11, 'attention_head_size': 4, 'learning_rate': 0.001404294643143491}. Best is trial 0 with value: 7096.3828125.
LOCAL_RANK: 0 - CUDA_VISIBLE_DEVICES: [0]
[I 2023-12-16 11:27:05,063] Trial 1 finished with value: 1170.7166748046875 and parameters: {'gradient_clip_val': 0.3081156128837983, 'hidden_size': 13, 'dropout': 0.13677242800436995, 'hidden_continuous_size': 8, 'attention_head_size': 1, 'learning_rate': 0.028070518495507246}. Best is trial 1 with value: 1170.7166748046875.
LOCAL_RANK: 0 - CUDA_VISIBLE_DEVICES: [0]
[I 2023-12-16 11:27:51,183] Trial 2 finished with value: 4632.47900390625 and parameters: {'gradient_clip_val': 0.47466232742945463, 'hidden_size': 11, 'dropout': 0.25137783759818, 'hidden_continuous_size': 9, 'attention_head_size': 3, 'learning_rate': 0.0006449092094917005}. Best is trial 1 with value: 1170.7166748046875.
LOCAL_RANK: 0 - CUDA_VISIBLE_DEVICES: [0]
[I 2023-12-16 11:28:40,479] Trial 3 finished with value: 836.6930541992188 and parameters: {'gradient_clip_val': 0.9268657467283941, 'hidden_size': 26, 'dropout': 0.39930956653188765, 'hidden_continuous_size': 6, 'attention_head_size': 4, 'learning_rate': 0.035115281983930755}. Best is trial 3 with value: 836.6930541992188.
LOCAL_RANK: 0 - CUDA_VISIBLE_DEVICES: [0]
[I 2023-12-16 11:29:25,377] Trial 4 finished with value: 683.6007690429688 and parameters: {'gradient_clip_val': 0.2120565909115, 'hidden_size': 11, 'dropout': 0.27526630710175903, 'hidden_continuous_size': 8, 'attention_head_size': 1, 'learning_rate': 0.05170808108979974}. Best is trial 4 with value: 683.6007690429688.
LOCAL_RANK: 0 - CUDA_VISIBLE_DEVICES: [0]
[I 2023-12-16 11:30:17,692] Trial 5 finished with value: 1274.133544921875 and parameters: {'gradient_clip_val': 0.9638833570909145, 'hidden_size': 53, 'dropout': 0.3443062853440284, 'hidden_continuous_size': 15, 'attention_head_size': 1, 'learning_rate': 0.015220452573069986}. Best is trial 4 with value: 683.6007690429688.
LOCAL_RANK: 0 - CUDA_VISIBLE_DEVICES: [0]
[I 2023-12-16 11:31:10,852] Trial 6 finished with value: 446.9021911621094 and parameters: {'gradient_clip_val': 0.6803232857348268, 'hidden_size': 44, 'dropout': 0.15742523296427283, 'hidden_continuous_size': 33, 'attention_head_size': 4, 'learning_rate': 0.07825428056161322}. Best is trial 6 with value: 446.9021911621094.
LOCAL_RANK: 0 - CUDA_VISIBLE_DEVICES: [0]
[I 2023-12-16 11:32:03,362] Trial 7 finished with value: 3705.811279296875 and parameters: {'gradient_clip_val': 0.14226522024765592, 'hidden_size': 70, 'dropout': 0.11565804650733835, 'hidden_continuous_size': 7, 'attention_head_size': 3, 'learning_rate': 0.009074567664098275}. Best is trial 6 with value: 446.9021911621094.
LOCAL_RANK: 0 - CUDA_VISIBLE_DEVICES: [0]
[I 2023-12-16 11:32:48,729] Trial 8 finished with value: 4800.43505859375 and parameters: {'gradient_clip_val': 0.47135119249692803, 'hidden_size': 10, 'dropout': 0.3114967894458164, 'hidden_continuous_size': 8, 'attention_head_size': 1, 'learning_rate': 0.0020203256814558114}. Best is trial 6 with value: 446.9021911621094.
LOCAL_RANK: 0 - CUDA_VISIBLE_DEVICES: [0]
[I 2023-12-16 11:33:36,288] Trial 9 finished with value: 1982.0836181640625 and parameters: {'gradient_clip_val': 0.6795668495146604, 'hidden_size': 24, 'dropout': 0.28291752913440843, 'hidden_continuous_size': 8, 'attention_head_size': 2, 'learning_rate': 0.0013535926880732436}. Best is trial 6 with value: 446.9021911621094.
LOCAL_RANK: 0 - CUDA_VISIBLE_DEVICES: [0]
[I 2023-12-16 11:34:10,987] Trial 10 finished with value: 1526.18017578125 and parameters: {'gradient_clip_val': 0.5370070954881707, 'hidden_size': 5, 'dropout': 0.18152411145416628, 'hidden_continuous_size': 5, 'attention_head_size': 4, 'learning_rate': 0.09418110416989521}. Best is trial 6 with value: 446.9021911621094.
LOCAL_RANK: 0 - CUDA_VISIBLE_DEVICES: [0]
[I 2023-12-16 11:35:06,045] Trial 11 finished with value: 1452.3621826171875 and parameters: {'gradient_clip_val': 0.26214097190513946, 'hidden_size': 94, 'dropout': 0.1986649228603347, 'hidden_continuous_size': 32, 'attention_head_size': 2, 'learning_rate': 0.08130087278476443}. Best is trial 6 with value: 446.9021911621094.
LOCAL_RANK: 0 - CUDA_VISIBLE_DEVICES: [0]
[I 2023-12-16 11:35:58,883] Trial 12 finished with value: 629.5791625976562 and parameters: {'gradient_clip_val': 0.12135684537758946, 'hidden_size': 35, 'dropout': 0.16437973216615723, 'hidden_continuous_size': 33, 'attention_head_size': 2, 'learning_rate': 0.04307270358253865}. Best is trial 6 with value: 446.9021911621094.
LOCAL_RANK: 0 - CUDA_VISIBLE_DEVICES: [0]
[I 2023-12-16 11:36:51,409] Trial 13 finished with value: 6203.1640625 and parameters: {'gradient_clip_val': 0.1005184476579456, 'hidden_size': 33, 'dropout': 0.15775320025598427, 'hidden_continuous_size': 31, 'attention_head_size': 3, 'learning_rate': 0.02392463192608488}. Best is trial 6 with value: 446.9021911621094.
LOCAL_RANK: 0 - CUDA_VISIBLE_DEVICES: [0]
[I 2023-12-16 11:37:26,714] Trial 14 finished with value: 769.7545776367188 and parameters: {'gradient_clip_val': 0.3698268692996016, 'hidden_size': 38, 'dropout': 0.1587301240038646, 'hidden_continuous_size': 38, 'attention_head_size': 2, 'learning_rate': 0.06420939244331032}. Best is trial 6 with value: 446.9021911621094.
LOCAL_RANK: 0 - CUDA_VISIBLE_DEVICES: [0]
[I 2023-12-16 11:38:19,956] Trial 15 finished with value: 450.2624206542969 and parameters: {'gradient_clip_val': 0.10369646614818231, 'hidden_size': 39, 'dropout': 0.10051171669080297, 'hidden_continuous_size': 24, 'attention_head_size': 3, 'learning_rate': 0.09690048242307134}. Best is trial 6 with value: 446.9021911621094.
LOCAL_RANK: 0 - CUDA_VISIBLE_DEVICES: [0]
[I 2023-12-16 11:39:13,626] Trial 16 finished with value: 1597.4356689453125 and parameters: {'gradient_clip_val': 0.1745646744695715, 'hidden_size': 50, 'dropout': 0.10651464600683769, 'hidden_continuous_size': 21, 'attention_head_size': 4, 'learning_rate': 0.09732753514888476}. Best is trial 6 with value: 446.9021911621094.
LOCAL_RANK: 0 - CUDA_VISIBLE_DEVICES: [0]
[I 2023-12-16 11:40:10,966] Trial 17 finished with value: 3325.158203125 and parameters: {'gradient_clip_val': 0.2575611758437361, 'hidden_size': 95, 'dropout': 0.10373262137629968, 'hidden_continuous_size': 63, 'attention_head_size': 3, 'learning_rate': 0.01865106561493172}. Best is trial 6 with value: 446.9021911621094.
LOCAL_RANK: 0 - CUDA_VISIBLE_DEVICES: [0]
[I 2023-12-16 11:40:59,343] Trial 18 finished with value: 409.2041931152344 and parameters: {'gradient_clip_val': 0.1491852834672825, 'hidden_size': 18, 'dropout': 0.13890475079050146, 'hidden_continuous_size': 11, 'attention_head_size': 4, 'learning_rate': 0.04625252507185024}. Best is trial 18 with value: 409.2041931152344.
LOCAL_RANK: 0 - CUDA_VISIBLE_DEVICES: [0]
[I 2023-12-16 11:41:48,382] Trial 19 finished with value: 3867.493408203125 and parameters: {'gradient_clip_val': 0.15387357018131276, 'hidden_size': 19, 'dropout': 0.20562165761723758, 'hidden_continuous_size': 11, 'attention_head_size': 4, 'learning_rate': 0.045812474914111626}. Best is trial 18 with value: 409.2041931152344.
LOCAL_RANK: 0 - CUDA_VISIBLE_DEVICES: [0]
[I 2023-12-16 11:42:35,173] Trial 20 finished with value: 2558.68994140625 and parameters: {'gradient_clip_val': 0.40216177008536624, 'hidden_size': 18, 'dropout': 0.136656764584848, 'hidden_continuous_size': 5, 'attention_head_size': 4, 'learning_rate': 0.011503953750986623}. Best is trial 18 with value: 409.2041931152344.
LOCAL_RANK: 0 - CUDA_VISIBLE_DEVICES: [0]
[I 2023-12-16 11:43:25,253] Trial 21 finished with value: 4352.00732421875 and parameters: {'gradient_clip_val': 0.10375261300436309, 'hidden_size': 30, 'dropout': 0.13943616904973224, 'hidden_continuous_size': 14, 'attention_head_size': 3, 'learning_rate': 0.053652927222713837}. Best is trial 18 with value: 409.2041931152344.
LOCAL_RANK: 0 - CUDA_VISIBLE_DEVICES: [0]
[I 2023-12-16 11:44:18,536] Trial 22 finished with value: 3198.147705078125 and parameters: {'gradient_clip_val': 0.130489356741366, 'hidden_size': 41, 'dropout': 0.11839340531541037, 'hidden_continuous_size': 18, 'attention_head_size': 4, 'learning_rate': 0.09792053270592271}. Best is trial 18 with value: 409.2041931152344.
LOCAL_RANK: 0 - CUDA_VISIBLE_DEVICES: [0]
[I 2023-12-16 11:45:08,016] Trial 23 finished with value: 936.5615844726562 and parameters: {'gradient_clip_val': 0.1194497991475069, 'hidden_size': 23, 'dropout': 0.17587112374874275, 'hidden_continuous_size': 12, 'attention_head_size': 3, 'learning_rate': 0.031084961118162578}. Best is trial 18 with value: 409.2041931152344.
LOCAL_RANK: 0 - CUDA_VISIBLE_DEVICES: [0]
[I 2023-12-16 11:46:00,271] Trial 24 finished with value: 2421.881103515625 and parameters: {'gradient_clip_val': 0.16929338941796743, 'hidden_size': 44, 'dropout': 0.13715668934053799, 'hidden_continuous_size': 23, 'attention_head_size': 4, 'learning_rate': 0.06867600295153616}. Best is trial 18 with value: 409.2041931152344.
LOCAL_RANK: 0 - CUDA_VISIBLE_DEVICES: [0]
[I 2023-12-16 11:46:49,791] Trial 25 finished with value: 1456.8516845703125 and parameters: {'gradient_clip_val': 0.14397175988636435, 'hidden_size': 29, 'dropout': 0.10305493503158936, 'hidden_continuous_size': 10, 'attention_head_size': 3, 'learning_rate': 0.03910516493144042}. Best is trial 18 with value: 409.2041931152344.
LOCAL_RANK: 0 - CUDA_VISIBLE_DEVICES: [0]
[I 2023-12-16 11:47:43,806] Trial 26 finished with value: 1989.8896484375 and parameters: {'gradient_clip_val': 0.2208677185315993, 'hidden_size': 68, 'dropout': 0.18689191806342897, 'hidden_continuous_size': 24, 'attention_head_size': 4, 'learning_rate': 0.06366210649991881}. Best is trial 18 with value: 409.2041931152344.
LOCAL_RANK: 0 - CUDA_VISIBLE_DEVICES: [0]
[I 2023-12-16 11:48:34,818] Trial 27 finished with value: 2871.4248046875 and parameters: {'gradient_clip_val': 0.11465113221530568, 'hidden_size': 34, 'dropout': 0.22632060722473252, 'hidden_continuous_size': 14, 'attention_head_size': 3, 'learning_rate': 0.004757316711665225}. Best is trial 18 with value: 409.2041931152344.
LOCAL_RANK: 0 - CUDA_VISIBLE_DEVICES: [0]
[I 2023-12-16 11:49:22,306] Trial 28 finished with value: 885.4713745117188 and parameters: {'gradient_clip_val': 0.12850478756141917, 'hidden_size': 18, 'dropout': 0.15845933067161316, 'hidden_continuous_size': 6, 'attention_head_size': 4, 'learning_rate': 0.02010942328238092}. Best is trial 18 with value: 409.2041931152344.
LOCAL_RANK: 0 - CUDA_VISIBLE_DEVICES: [0]
[I 2023-12-16 11:50:15,431] Trial 29 finished with value: 4520.66455078125 and parameters: {'gradient_clip_val': 0.17276983122039838, 'hidden_size': 47, 'dropout': 0.20998211373665662, 'hidden_continuous_size': 12, 'attention_head_size': 4, 'learning_rate': 0.033361339831448254}. Best is trial 18 with value: 409.2041931152344.
LOCAL_RANK: 0 - CUDA_VISIBLE_DEVICES: [0]
[I 2023-12-16 11:51:08,743] Trial 30 finished with value: 1134.8895263671875 and parameters: {'gradient_clip_val': 0.10033756431383485, 'hidden_size': 41, 'dropout': 0.13624551387061956, 'hidden_continuous_size': 18, 'attention_head_size': 4, 'learning_rate': 0.07005657593399033}. Best is trial 18 with value: 409.2041931152344.
LOCAL_RANK: 0 - CUDA_VISIBLE_DEVICES: [0]
[I 2023-12-16 11:51:58,717] Trial 31 finished with value: 9032.2509765625 and parameters: {'gradient_clip_val': 0.11639418440487441, 'hidden_size': 35, 'dropout': 0.17400238512105481, 'hidden_continuous_size': 10, 'attention_head_size': 2, 'learning_rate': 0.04377077830136991}. Best is trial 18 with value: 409.2041931152344.
LOCAL_RANK: 0 - CUDA_VISIBLE_DEVICES: [0]
[I 2023-12-16 11:52:51,891] Trial 32 finished with value: 440.05322265625 and parameters: {'gradient_clip_val': 0.1400573863581508, 'hidden_size': 59, 'dropout': 0.12344021855721928, 'hidden_continuous_size': 28, 'attention_head_size': 2, 'learning_rate': 0.05378759670602513}. Best is trial 18 with value: 409.2041931152344.
LOCAL_RANK: 0 - CUDA_VISIBLE_DEVICES: [0]
[I 2023-12-16 11:53:45,838] Trial 33 finished with value: 811.0922241210938 and parameters: {'gradient_clip_val': 0.15633174352308785, 'hidden_size': 63, 'dropout': 0.12254755451473281, 'hidden_continuous_size': 27, 'attention_head_size': 2, 'learning_rate': 0.025933402186692975}. Best is trial 18 with value: 409.2041931152344.
LOCAL_RANK: 0 - CUDA_VISIBLE_DEVICES: [0]
[I 2023-12-16 11:54:39,879] Trial 34 finished with value: 663.8555297851562 and parameters: {'gradient_clip_val': 0.19427164899071325, 'hidden_size': 57, 'dropout': 0.10099400439357986, 'hidden_continuous_size': 38, 'attention_head_size': 2, 'learning_rate': 0.06787477070767957}. Best is trial 18 with value: 409.2041931152344.
LOCAL_RANK: 0 - CUDA_VISIBLE_DEVICES: [0]
[I 2023-12-16 11:55:33,573] Trial 35 finished with value: 808.20166015625 and parameters: {'gradient_clip_val': 0.13747996850461197, 'hidden_size': 76, 'dropout': 0.12240289779428093, 'hidden_continuous_size': 20, 'attention_head_size': 3, 'learning_rate': 0.03068967880676126}. Best is trial 18 with value: 409.2041931152344.
LOCAL_RANK: 0 - CUDA_VISIBLE_DEVICES: [0]
[I 2023-12-16 11:56:26,477] Trial 36 finished with value: 3408.3251953125 and parameters: {'gradient_clip_val': 0.28822541460833034, 'hidden_size': 54, 'dropout': 0.14452598758171778, 'hidden_continuous_size': 26, 'attention_head_size': 1, 'learning_rate': 0.05125129343630243}. Best is trial 18 with value: 409.2041931152344.
LOCAL_RANK: 0 - CUDA_VISIBLE_DEVICES: [0]
[I 2023-12-16 11:57:19,492] Trial 37 finished with value: 1016.585205078125 and parameters: {'gradient_clip_val': 0.21338170992056515, 'hidden_size': 49, 'dropout': 0.14989442058991148, 'hidden_continuous_size': 16, 'attention_head_size': 3, 'learning_rate': 0.08016771003749615}. Best is trial 18 with value: 409.2041931152344.
LOCAL_RANK: 0 - CUDA_VISIBLE_DEVICES: [0]
[I 2023-12-16 11:58:13,243] Trial 38 finished with value: 513.1528930664062 and parameters: {'gradient_clip_val': 0.18974301564691956, 'hidden_size': 60, 'dropout': 0.12506867246400427, 'hidden_continuous_size': 18, 'attention_head_size': 4, 'learning_rate': 0.03785193369627253}. Best is trial 18 with value: 409.2041931152344.
LOCAL_RANK: 0 - CUDA_VISIBLE_DEVICES: [0]
[I 2023-12-16 11:59:02,708] Trial 39 finished with value: 2318.622802734375 and parameters: {'gradient_clip_val': 0.8194511074282569, 'hidden_size': 29, 'dropout': 0.12555694385902705, 'hidden_continuous_size': 11, 'attention_head_size': 3, 'learning_rate': 0.05363652807893566}. Best is trial 18 with value: 409.2041931152344.
LOCAL_RANK: 0 - CUDA_VISIBLE_DEVICES: [0]
[I 2023-12-16 11:59:51,648] Trial 40 finished with value: 687.0564575195312 and parameters: {'gradient_clip_val': 0.13983497836343012, 'hidden_size': 26, 'dropout': 0.16892281439451684, 'hidden_continuous_size': 9, 'attention_head_size': 1, 'learning_rate': 0.026051787120826116}. Best is trial 18 with value: 409.2041931152344.
LOCAL_RANK: 0 - CUDA_VISIBLE_DEVICES: [0]
[I 2023-12-16 12:00:45,726] Trial 41 finished with value: 1153.8624267578125 and parameters: {'gradient_clip_val': 0.18993881065923468, 'hidden_size': 60, 'dropout': 0.1241035744827788, 'hidden_continuous_size': 21, 'attention_head_size': 4, 'learning_rate': 0.0374441308496024}. Best is trial 18 with value: 409.2041931152344.
LOCAL_RANK: 0 - CUDA_VISIBLE_DEVICES: [0]
[I 2023-12-16 12:01:40,117] Trial 42 finished with value: 573.8766479492188 and parameters: {'gradient_clip_val': 0.16141208972791066, 'hidden_size': 80, 'dropout': 0.1146118216262634, 'hidden_continuous_size': 17, 'attention_head_size': 4, 'learning_rate': 0.05653217582520071}. Best is trial 18 with value: 409.2041931152344.
LOCAL_RANK: 0 - CUDA_VISIBLE_DEVICES: [0]
[I 2023-12-16 12:02:34,658] Trial 43 finished with value: 455.7652282714844 and parameters: {'gradient_clip_val': 0.14811483249087753, 'hidden_size': 61, 'dropout': 0.14923630372574903, 'hidden_continuous_size': 19, 'attention_head_size': 4, 'learning_rate': 0.07672722855045189}. Best is trial 18 with value: 409.2041931152344.
LOCAL_RANK: 0 - CUDA_VISIBLE_DEVICES: [0]
[I 2023-12-16 12:03:27,988] Trial 44 finished with value: 1769.3017578125 and parameters: {'gradient_clip_val': 0.1516244886031975, 'hidden_size': 45, 'dropout': 0.14909170523887136, 'hidden_continuous_size': 15, 'attention_head_size': 4, 'learning_rate': 0.0992764656052105}. Best is trial 18 with value: 409.2041931152344.
LOCAL_RANK: 0 - CUDA_VISIBLE_DEVICES: [0]
[I 2023-12-16 12:04:22,508] Trial 45 finished with value: 1119.8822021484375 and parameters: {'gradient_clip_val': 0.11107072629701838, 'hidden_size': 81, 'dropout': 0.19078507956009122, 'hidden_continuous_size': 28, 'attention_head_size': 2, 'learning_rate': 0.07540780284265787}. Best is trial 18 with value: 409.2041931152344.
LOCAL_RANK: 0 - CUDA_VISIBLE_DEVICES: [0]
[I 2023-12-16 12:05:16,746] Trial 46 finished with value: 767.9352416992188 and parameters: {'gradient_clip_val': 0.13249582038699959, 'hidden_size': 53, 'dropout': 0.16722633884146623, 'hidden_continuous_size': 24, 'attention_head_size': 4, 'learning_rate': 0.07981347301019165}. Best is trial 18 with value: 409.2041931152344.
LOCAL_RANK: 0 - CUDA_VISIBLE_DEVICES: [0]
[I 2023-12-16 12:06:10,043] Trial 47 finished with value: 760.0702514648438 and parameters: {'gradient_clip_val': 0.12652098591436156, 'hidden_size': 68, 'dropout': 0.13626837086168928, 'hidden_continuous_size': 20, 'attention_head_size': 2, 'learning_rate': 0.05064361010653104}. Best is trial 18 with value: 409.2041931152344.
LOCAL_RANK: 0 - CUDA_VISIBLE_DEVICES: [0]
[I 2023-12-16 12:07:03,347] Trial 48 finished with value: 776.5676879882812 and parameters: {'gradient_clip_val': 0.23192959476954653, 'hidden_size': 38, 'dropout': 0.1506090721338065, 'hidden_continuous_size': 29, 'attention_head_size': 3, 'learning_rate': 0.060585666083940025}. Best is trial 18 with value: 409.2041931152344.
LOCAL_RANK: 0 - CUDA_VISIBLE_DEVICES: [0]
