[I 2023-12-26 11:33:18,971] Trial 14 finished with value: 200.16297912597656 and parameters: {'gradient_clip_val': 0.46471268775686025, 'hidden_size': 26, 'dropout': 0.3422156345518644, 'hidden_continuous_size': 17, 'attention_head_size': 3, 'learning_rate': 0.00284455476075513}. Best is trial 0 with value: 76.55842590332031.
[I 2023-12-26 11:33:20,953] Trial 15 finished with value: 251.0274200439453 and parameters: {'gradient_clip_val': 0.4329672609537898, 'hidden_size': 5, 'dropout': 0.38830124735135124, 'hidden_continuous_size': 5, 'attention_head_size': 2, 'learning_rate': 0.03852314550588665}. Best is trial 0 with value: 76.55842590332031.
[I 2023-12-26 11:33:23,185] Trial 16 finished with value: 208.2540283203125 and parameters: {'gradient_clip_val': 0.7009563289987365, 'hidden_size': 9, 'dropout': 0.3023532798023068, 'hidden_continuous_size': 6, 'attention_head_size': 4, 'learning_rate': 0.07619008192299993}. Best is trial 0 with value: 76.55842590332031.
[I 2023-12-26 11:33:34,710] Trial 17 finished with value: 170.67803955078125 and parameters: {'gradient_clip_val': 0.16478300106176694, 'hidden_size': 148, 'dropout': 0.40462081533546174, 'hidden_continuous_size': 50, 'attention_head_size': 3, 'learning_rate': 0.015398489206222311}. Best is trial 0 with value: 76.55842590332031.
[I 2023-12-26 11:33:36,977] Trial 18 finished with value: 200.43360900878906 and parameters: {'gradient_clip_val': 0.14835252829260265, 'hidden_size': 16, 'dropout': 0.22789955460015665, 'hidden_continuous_size': 9, 'attention_head_size': 4, 'learning_rate': 0.0012692736199715862}. Best is trial 0 with value: 76.55842590332031.
[I 2023-12-26 11:33:40,278] Trial 19 finished with value: 230.97654724121094 and parameters: {'gradient_clip_val': 0.23834591281338943, 'hidden_size': 35, 'dropout': 0.4958833603924798, 'hidden_continuous_size': 10, 'attention_head_size': 3, 'learning_rate': 0.004382033352063713}. Best is trial 0 with value: 76.55842590332031.
[I 2023-12-26 11:33:42,794] Trial 20 finished with value: 233.9349822998047 and parameters: {'gradient_clip_val': 0.30297264755824066, 'hidden_size': 20, 'dropout': 0.3103944558300183, 'hidden_continuous_size': 8, 'attention_head_size': 2, 'learning_rate': 0.0010930620659068328}. Best is trial 0 with value: 76.55842590332031.
[I 2023-12-26 11:33:54,171] Trial 21 finished with value: 148.51754760742188 and parameters: {'gradient_clip_val': 0.17916823988635022, 'hidden_size': 139, 'dropout': 0.40863142090348353, 'hidden_continuous_size': 46, 'attention_head_size': 3, 'learning_rate': 0.013070139706212338}. Best is trial 0 with value: 76.55842590332031.
[I 2023-12-26 11:34:00,154] Trial 22 finished with value: 178.3007354736328 and parameters: {'gradient_clip_val': 0.18252078735446, 'hidden_size': 69, 'dropout': 0.4088515262236777, 'hidden_continuous_size': 64, 'attention_head_size': 3, 'learning_rate': 0.010532402916058253}. Best is trial 0 with value: 76.55842590332031.
[I 2023-12-26 11:34:06,723] Trial 23 finished with value: 235.9945526123047 and parameters: {'gradient_clip_val': 0.14395780163449143, 'hidden_size': 79, 'dropout': 0.43551335537139185, 'hidden_continuous_size': 37, 'attention_head_size': 3, 'learning_rate': 0.023675021700087298}. Best is trial 0 with value: 76.55842590332031.
[I 2023-12-26 11:34:14,641] Trial 24 finished with value: 266.2301330566406 and parameters: {'gradient_clip_val': 0.22285203677869336, 'hidden_size': 91, 'dropout': 0.4978420717894524, 'hidden_continuous_size': 71, 'attention_head_size': 4, 'learning_rate': 0.03779163412571179}. Best is trial 0 with value: 76.55842590332031.
[I 2023-12-26 11:34:18,601] Trial 25 finished with value: 203.70335388183594 and parameters: {'gradient_clip_val': 0.11344394054988931, 'hidden_size': 44, 'dropout': 0.42058646008705725, 'hidden_continuous_size': 31, 'attention_head_size': 2, 'learning_rate': 0.01139429985068349}. Best is trial 0 with value: 76.55842590332031.
[I 2023-12-26 11:34:30,515] Trial 26 finished with value: 213.71043395996094 and parameters: {'gradient_clip_val': 0.17747244499101306, 'hidden_size': 138, 'dropout': 0.46200974292127417, 'hidden_continuous_size': 122, 'attention_head_size': 3, 'learning_rate': 0.004646235043857113}. Best is trial 0 with value: 76.55842590332031.
[I 2023-12-26 11:34:37,178] Trial 27 finished with value: 215.5940704345703 and parameters: {'gradient_clip_val': 0.1360476386842823, 'hidden_size': 82, 'dropout': 0.3827548443823102, 'hidden_continuous_size': 13, 'attention_head_size': 4, 'learning_rate': 0.018661261298411756}. Best is trial 0 with value: 76.55842590332031.
[I 2023-12-26 11:34:42,489] Trial 28 finished with value: 200.11688232421875 and parameters: {'gradient_clip_val': 0.26236148305439183, 'hidden_size': 62, 'dropout': 0.470813139246662, 'hidden_continuous_size': 20, 'attention_head_size': 3, 'learning_rate': 0.008974686891883025}. Best is trial 0 with value: 76.55842590332031.
[I 2023-12-26 11:34:52,099] Trial 29 finished with value: 235.3701629638672 and parameters: {'gradient_clip_val': 0.11991938183379384, 'hidden_size': 122, 'dropout': 0.43082386235642406, 'hidden_continuous_size': 36, 'attention_head_size': 2, 'learning_rate': 0.0027744655061146786}. Best is trial 0 with value: 76.55842590332031.
[I 2023-12-26 11:35:00,084] Trial 30 finished with value: 189.04774475097656 and parameters: {'gradient_clip_val': 0.16424507729539822, 'hidden_size': 99, 'dropout': 0.3562438689641128, 'hidden_continuous_size': 27, 'attention_head_size': 3, 'learning_rate': 0.011994267568930714}. Best is trial 0 with value: 76.55842590332031.
[I 2023-12-26 11:35:11,084] Trial 31 finished with value: 207.19677734375 and parameters: {'gradient_clip_val': 0.15252775311316527, 'hidden_size': 139, 'dropout': 0.40748546305500544, 'hidden_continuous_size': 50, 'attention_head_size': 3, 'learning_rate': 0.01786017365432116}. Best is trial 0 with value: 76.55842590332031.
[I 2023-12-26 11:35:22,904] Trial 32 finished with value: 188.67823791503906 and parameters: {'gradient_clip_val': 0.21217132659658244, 'hidden_size': 146, 'dropout': 0.44364357558523226, 'hidden_continuous_size': 47, 'attention_head_size': 3, 'learning_rate': 0.014436010930432636}. Best is trial 0 with value: 76.55842590332031.
[I 2023-12-26 11:35:31,379] Trial 33 finished with value: 178.4368896484375 and parameters: {'gradient_clip_val': 0.17122580743562885, 'hidden_size': 108, 'dropout': 0.4012560309209218, 'hidden_continuous_size': 17, 'attention_head_size': 3, 'learning_rate': 0.020897864985657676}. Best is trial 0 with value: 76.55842590332031.
[I 2023-12-26 11:35:43,625] Trial 34 finished with value: 195.68482971191406 and parameters: {'gradient_clip_val': 0.12373791656774938, 'hidden_size': 149, 'dropout': 0.4520641211118802, 'hidden_continuous_size': 71, 'attention_head_size': 4, 'learning_rate': 0.013337393280162887}. Best is trial 0 with value: 76.55842590332031.
[I 2023-12-26 11:35:51,477] Trial 35 finished with value: 180.7772979736328 and parameters: {'gradient_clip_val': 0.19631626581971715, 'hidden_size': 94, 'dropout': 0.42412435250995806, 'hidden_continuous_size': 44, 'attention_head_size': 3, 'learning_rate': 0.02716025452056931}. Best is trial 0 with value: 76.55842590332031.
[I 2023-12-26 11:36:00,886] Trial 36 finished with value: 225.0189208984375 and parameters: {'gradient_clip_val': 0.23104735499284115, 'hidden_size': 118, 'dropout': 0.33094793511924114, 'hidden_continuous_size': 29, 'attention_head_size': 2, 'learning_rate': 0.009015740115802705}. Best is trial 0 with value: 76.55842590332031.
[I 2023-12-26 11:36:06,920] Trial 37 finished with value: 199.8347625732422 and parameters: {'gradient_clip_val': 0.13972135768218835, 'hidden_size': 71, 'dropout': 0.3751259370458083, 'hidden_continuous_size': 24, 'attention_head_size': 4, 'learning_rate': 0.01439649998579642}. Best is trial 0 with value: 76.55842590332031.
[I 2023-12-26 11:36:14,174] Trial 38 finished with value: 144.08340454101562 and parameters: {'gradient_clip_val': 0.20103736768359123, 'hidden_size': 83, 'dropout': 0.4611250358691792, 'hidden_continuous_size': 34, 'attention_head_size': 3, 'learning_rate': 0.008248426676888668}. Best is trial 0 with value: 76.55842590332031.
[I 2023-12-26 11:36:18,454] Trial 39 finished with value: 180.200439453125 and parameters: {'gradient_clip_val': 0.27153348271493943, 'hidden_size': 51, 'dropout': 0.4717964441112279, 'hidden_continuous_size': 14, 'attention_head_size': 2, 'learning_rate': 0.006336579158934685}. Best is trial 0 with value: 76.55842590332031.
[I 2023-12-26 11:36:23,310] Trial 40 finished with value: 165.9297332763672 and parameters: {'gradient_clip_val': 0.18996827893614265, 'hidden_size': 57, 'dropout': 0.4763439247201639, 'hidden_continuous_size': 19, 'attention_head_size': 1, 'learning_rate': 0.004681408327824265}. Best is trial 0 with value: 76.55842590332031.
[I 2023-12-26 11:36:27,953] Trial 41 finished with value: 189.9385528564453 and parameters: {'gradient_clip_val': 0.20514269865425613, 'hidden_size': 55, 'dropout': 0.47475946028955546, 'hidden_continuous_size': 21, 'attention_head_size': 1, 'learning_rate': 0.0045366284659501595}. Best is trial 0 with value: 76.55842590332031.
[I 2023-12-26 11:36:34,367] Trial 42 finished with value: 202.9247283935547 and parameters: {'gradient_clip_val': 0.19090614644561515, 'hidden_size': 81, 'dropout': 0.46005943758506423, 'hidden_continuous_size': 12, 'attention_head_size': 1, 'learning_rate': 0.00809731350158609}. Best is trial 0 with value: 76.55842590332031.
[I 2023-12-26 11:36:37,838] Trial 43 finished with value: 231.76715087890625 and parameters: {'gradient_clip_val': 0.25099962378789153, 'hidden_size': 40, 'dropout': 0.441075217547485, 'hidden_continuous_size': 7, 'attention_head_size': 1, 'learning_rate': 0.00370071417271987}. Best is trial 0 with value: 76.55842590332031.
[I 2023-12-26 11:36:43,195] Trial 44 finished with value: 233.8645782470703 and parameters: {'gradient_clip_val': 0.29452056256595976, 'hidden_size': 61, 'dropout': 0.47608200315695215, 'hidden_continuous_size': 16, 'attention_head_size': 2, 'learning_rate': 0.005705045779809398}. Best is trial 0 with value: 76.55842590332031.
[I 2023-12-26 11:36:46,095] Trial 45 finished with value: 191.94044494628906 and parameters: {'gradient_clip_val': 0.21349842394622628, 'hidden_size': 32, 'dropout': 0.4494354051865852, 'hidden_continuous_size': 11, 'attention_head_size': 3, 'learning_rate': 0.0021039873609723253}. Best is trial 0 with value: 76.55842590332031.
[I 2023-12-26 11:36:50,359] Trial 46 finished with value: 254.78857421875 and parameters: {'gradient_clip_val': 0.3528173067784434, 'hidden_size': 49, 'dropout': 0.4858491096792516, 'hidden_continuous_size': 13, 'attention_head_size': 4, 'learning_rate': 0.007111477351981938}. Best is trial 0 with value: 76.55842590332031.
[I 2023-12-26 11:36:58,325] Trial 47 finished with value: 217.6663360595703 and parameters: {'gradient_clip_val': 0.15317936348359953, 'hidden_size': 104, 'dropout': 0.48076089185840243, 'hidden_continuous_size': 19, 'attention_head_size': 3, 'learning_rate': 0.010116438776802994}. Best is trial 0 with value: 76.55842590332031.
[I 2023-12-26 11:37:04,409] Trial 48 finished with value: 219.80653381347656 and parameters: {'gradient_clip_val': 0.1300536536986223, 'hidden_size': 73, 'dropout': 0.45553974265377856, 'hidden_continuous_size': 15, 'attention_head_size': 1, 'learning_rate': 0.005657209690150762}. Best is trial 0 with value: 76.55842590332031.
[I 2023-12-26 11:37:11,402] Trial 49 finished with value: 197.66619873046875 and parameters: {'gradient_clip_val': 0.1891743685100274, 'hidden_size': 88, 'dropout': 0.48895958237541537, 'hidden_continuous_size': 5, 'attention_head_size': 2, 'learning_rate': 0.0034447340019766273}. Best is trial 0 with value: 76.55842590332031.
[I 2023-12-26 11:37:11,574] A new study created in memory with name: no-name-838cfcce-4f40-4b3b-b8a6-3fd518a76503
/home/le004/conda/anaconda3/envs/tsff_env/lib/python3.9/site-packages/lightning/fabric/plugins/environments/slurm.py:191: The `srun` command is available on your system but is not used. HINT: If your intention is to run Lightning on SLURM, prepend your python command with `srun` like so: srun python /home/le004/master_thesis/git/TSFusionForecast/code/ ...
[I 2023-12-26 11:39:39,906] Trial 0 finished with value: 193.01133728027344 and parameters: {'gradient_clip_val': 0.4630635250638341, 'hidden_size': 6, 'dropout': 0.28102505028411984, 'hidden_continuous_size': 5, 'attention_head_size': 3, 'learning_rate': 0.01858675457536448}. Best is trial 0 with value: 193.01133728027344.
[I 2023-12-26 11:39:47,502] Trial 1 finished with value: 688.5431518554688 and parameters: {'gradient_clip_val': 0.4702214074211892, 'hidden_size': 113, 'dropout': 0.27003653422786417, 'hidden_continuous_size': 5, 'attention_head_size': 3, 'learning_rate': 0.009676168951313647}. Best is trial 0 with value: 193.01133728027344.
[I 2023-12-26 11:39:49,927] Trial 2 finished with value: 530.66015625 and parameters: {'gradient_clip_val': 0.16366551375335361, 'hidden_size': 19, 'dropout': 0.40494048874965094, 'hidden_continuous_size': 19, 'attention_head_size': 4, 'learning_rate': 0.004057552346176411}. Best is trial 0 with value: 193.01133728027344.
[I 2023-12-26 11:39:52,410] Trial 3 finished with value: 476.0342102050781 and parameters: {'gradient_clip_val': 0.9476215775367371, 'hidden_size': 18, 'dropout': 0.41708859160331613, 'hidden_continuous_size': 16, 'attention_head_size': 3, 'learning_rate': 0.06075245732728029}. Best is trial 0 with value: 193.01133728027344.
[I 2023-12-26 11:39:56,792] Trial 4 finished with value: 464.3991394042969 and parameters: {'gradient_clip_val': 0.39210103249337547, 'hidden_size': 64, 'dropout': 0.2980530741877963, 'hidden_continuous_size': 49, 'attention_head_size': 2, 'learning_rate': 0.0025671071477898046}. Best is trial 0 with value: 193.01133728027344.
[I 2023-12-26 11:39:58,759] Trial 5 finished with value: 785.6889038085938 and parameters: {'gradient_clip_val': 0.852190146595987, 'hidden_size': 10, 'dropout': 0.28755583149190056, 'hidden_continuous_size': 7, 'attention_head_size': 2, 'learning_rate': 0.012965248570998737}. Best is trial 0 with value: 193.01133728027344.
[I 2023-12-26 11:40:07,195] Trial 6 finished with value: 768.45849609375 and parameters: {'gradient_clip_val': 0.2420187207343043, 'hidden_size': 116, 'dropout': 0.17358559051742195, 'hidden_continuous_size': 34, 'attention_head_size': 2, 'learning_rate': 0.0011171736442431633}. Best is trial 0 with value: 193.01133728027344.
[I 2023-12-26 11:40:11,799] Trial 7 finished with value: 644.126953125 and parameters: {'gradient_clip_val': 0.2918001018534642, 'hidden_size': 54, 'dropout': 0.1510305247064829, 'hidden_continuous_size': 21, 'attention_head_size': 2, 'learning_rate': 0.0013019157795735566}. Best is trial 0 with value: 193.01133728027344.
[I 2023-12-26 11:40:13,945] Trial 8 finished with value: 379.6114807128906 and parameters: {'gradient_clip_val': 0.6987198725461141, 'hidden_size': 8, 'dropout': 0.47295043120519564, 'hidden_continuous_size': 7, 'attention_head_size': 2, 'learning_rate': 0.0026854455327522298}. Best is trial 0 with value: 193.01133728027344.
[I 2023-12-26 11:40:21,609] Trial 9 finished with value: 386.3887634277344 and parameters: {'gradient_clip_val': 0.525261192512833, 'hidden_size': 94, 'dropout': 0.41050649222421565, 'hidden_continuous_size': 8, 'attention_head_size': 1, 'learning_rate': 0.006267210213620809}. Best is trial 0 with value: 193.01133728027344.
[I 2023-12-26 11:40:23,600] Trial 10 finished with value: 635.8923950195312 and parameters: {'gradient_clip_val': 0.11189495392782325, 'hidden_size': 5, 'dropout': 0.19103171621826867, 'hidden_continuous_size': 5, 'attention_head_size': 4, 'learning_rate': 0.028018864603921886}. Best is trial 0 with value: 193.01133728027344.
[I 2023-12-26 11:40:25,875] Trial 11 finished with value: 586.1680297851562 and parameters: {'gradient_clip_val': 0.6118867278870905, 'hidden_size': 5, 'dropout': 0.4941477471754125, 'hidden_continuous_size': 5, 'attention_head_size': 1, 'learning_rate': 0.018982640582815218}. Best is trial 0 with value: 193.01133728027344.
[I 2023-12-26 11:40:27,996] Trial 12 finished with value: 591.7661743164062 and parameters: {'gradient_clip_val': 0.6514323426674379, 'hidden_size': 9, 'dropout': 0.34922715006804383, 'hidden_continuous_size': 6, 'attention_head_size': 3, 'learning_rate': 0.0007118535325008314}. Best is trial 0 with value: 193.01133728027344.
[I 2023-12-26 11:40:30,006] Trial 13 finished with value: 521.1017456054688 and parameters: {'gradient_clip_val': 0.37981304033170127, 'hidden_size': 10, 'dropout': 0.22592879954634157, 'hidden_continuous_size': 6, 'attention_head_size': 3, 'learning_rate': 0.002974105973630048}. Best is trial 0 with value: 193.01133728027344.
[I 2023-12-26 11:40:31,704] Trial 14 finished with value: 604.4557495117188 and parameters: {'gradient_clip_val': 0.7158330846084843, 'hidden_size': 5, 'dropout': 0.3486960061901916, 'hidden_continuous_size': 5, 'attention_head_size': 1, 'learning_rate': 0.033193006519365395}. Best is trial 0 with value: 193.01133728027344.
[I 2023-12-26 11:40:33,791] Trial 15 finished with value: 632.5501708984375 and parameters: {'gradient_clip_val': 0.5024978198610437, 'hidden_size': 8, 'dropout': 0.12788568576538129, 'hidden_continuous_size': 5, 'attention_head_size': 4, 'learning_rate': 0.0069071746078435935}. Best is trial 0 with value: 193.01133728027344.
[I 2023-12-26 11:40:36,392] Trial 16 finished with value: 635.0400390625 and parameters: {'gradient_clip_val': 0.7330935887531439, 'hidden_size': 26, 'dropout': 0.10203321982877006, 'hidden_continuous_size': 9, 'attention_head_size': 2, 'learning_rate': 0.09748390832986635}. Best is trial 0 with value: 193.01133728027344.
[I 2023-12-26 11:40:38,337] Trial 17 finished with value: 501.0126037597656 and parameters: {'gradient_clip_val': 0.9725165569580204, 'hidden_size': 7, 'dropout': 0.23442805166586128, 'hidden_continuous_size': 5, 'attention_head_size': 3, 'learning_rate': 0.012430592768577638}. Best is trial 0 with value: 193.01133728027344.
[I 2023-12-26 11:40:40,628] Trial 18 finished with value: 579.995361328125 and parameters: {'gradient_clip_val': 0.596672983707959, 'hidden_size': 15, 'dropout': 0.47988491824966095, 'hidden_continuous_size': 6, 'attention_head_size': 3, 'learning_rate': 0.0005208350470275862}. Best is trial 0 with value: 193.01133728027344.
[I 2023-12-26 11:40:42,831] Trial 19 finished with value: 490.1630859375 and parameters: {'gradient_clip_val': 0.4097853536863904, 'hidden_size': 12, 'dropout': 0.3287979656245592, 'hidden_continuous_size': 6, 'attention_head_size': 2, 'learning_rate': 0.004567936871338377}. Best is trial 0 with value: 193.01133728027344.
[I 2023-12-26 11:40:44,694] Trial 20 finished with value: 513.6746215820312 and parameters: {'gradient_clip_val': 0.34581574676702265, 'hidden_size': 7, 'dropout': 0.45094570430725983, 'hidden_continuous_size': 5, 'attention_head_size': 1, 'learning_rate': 0.0020200471520963005}. Best is trial 0 with value: 193.01133728027344.
[I 2023-12-26 11:40:47,251] Trial 21 finished with value: 506.2267761230469 and parameters: {'gradient_clip_val': 0.5194945933329052, 'hidden_size': 38, 'dropout': 0.3929777648864847, 'hidden_continuous_size': 9, 'attention_head_size': 1, 'learning_rate': 0.0062588609239042125}. Best is trial 0 with value: 193.01133728027344.
[I 2023-12-26 11:40:49,313] Trial 22 finished with value: 519.5868530273438 and parameters: {'gradient_clip_val': 0.5534835582567799, 'hidden_size': 13, 'dropout': 0.45205107530618643, 'hidden_continuous_size': 7, 'attention_head_size': 1, 'learning_rate': 0.005285812752685263}. Best is trial 0 with value: 193.01133728027344.
[I 2023-12-26 11:40:51,761] Trial 23 finished with value: 457.9346923828125 and parameters: {'gradient_clip_val': 0.7303547482562293, 'hidden_size': 25, 'dropout': 0.3751521594166623, 'hidden_continuous_size': 8, 'attention_head_size': 1, 'learning_rate': 0.00823650517980293}. Best is trial 0 with value: 193.01133728027344.
[I 2023-12-26 11:41:01,913] Trial 24 finished with value: 429.1346740722656 and parameters: {'gradient_clip_val': 0.47322157071229726, 'hidden_size': 145, 'dropout': 0.44729051936920583, 'hidden_continuous_size': 11, 'attention_head_size': 2, 'learning_rate': 0.0032387496508076777}. Best is trial 0 with value: 193.01133728027344.
[I 2023-12-26 11:41:04,010] Trial 25 finished with value: 720.7510375976562 and parameters: {'gradient_clip_val': 0.7872275486947221, 'hidden_size': 7, 'dropout': 0.49947076491296116, 'hidden_continuous_size': 5, 'attention_head_size': 3, 'learning_rate': 0.004982783282390706}. Best is trial 0 with value: 193.01133728027344.
[I 2023-12-26 11:41:06,059] Trial 26 finished with value: 697.551025390625 and parameters: {'gradient_clip_val': 0.6247216841466954, 'hidden_size': 17, 'dropout': 0.42022071826534424, 'hidden_continuous_size': 7, 'attention_head_size': 2, 'learning_rate': 0.014341112631860891}. Best is trial 0 with value: 193.01133728027344.
[I 2023-12-26 11:41:08,020] Trial 27 finished with value: 681.37646484375 and parameters: {'gradient_clip_val': 0.29755788354488466, 'hidden_size': 12, 'dropout': 0.31871005948050024, 'hidden_continuous_size': 6, 'attention_head_size': 1, 'learning_rate': 0.009925747721185532}. Best is trial 0 with value: 193.01133728027344.
[I 2023-12-26 11:41:11,310] Trial 28 finished with value: 614.0814208984375 and parameters: {'gradient_clip_val': 0.44272110650478796, 'hidden_size': 37, 'dropout': 0.3741356245442243, 'hidden_continuous_size': 11, 'attention_head_size': 4, 'learning_rate': 0.007258124366410989}. Best is trial 0 with value: 193.01133728027344.
