[I 2023-12-26 15:43:56,076] Trial 37 finished with value: 26.06354331970215 and parameters: {'gradient_clip_val': 0.3462954474803879, 'hidden_size': 43, 'dropout': 0.282061306208665, 'hidden_continuous_size': 15, 'attention_head_size': 1, 'learning_rate': 0.0013208176773922787}. Best is trial 0 with value: 5.627740859985352.
[I 2023-12-26 15:43:58,945] Trial 38 finished with value: 22.563608169555664 and parameters: {'gradient_clip_val': 0.28619524577622374, 'hidden_size': 23, 'dropout': 0.3342285386626578, 'hidden_continuous_size': 10, 'attention_head_size': 2, 'learning_rate': 0.0006980456964209101}. Best is trial 0 with value: 5.627740859985352.
[I 2023-12-26 15:44:01,492] Trial 39 finished with value: 27.88951873779297 and parameters: {'gradient_clip_val': 0.9991590830547086, 'hidden_size': 17, 'dropout': 0.3086223262222523, 'hidden_continuous_size': 10, 'attention_head_size': 1, 'learning_rate': 0.0005002649543858707}. Best is trial 0 with value: 5.627740859985352.
[I 2023-12-26 15:44:03,962] Trial 40 finished with value: 16.786893844604492 and parameters: {'gradient_clip_val': 0.3251527561994644, 'hidden_size': 9, 'dropout': 0.4430837299689673, 'hidden_continuous_size': 6, 'attention_head_size': 4, 'learning_rate': 0.008331549954500115}. Best is trial 0 with value: 5.627740859985352.
[I 2023-12-26 15:44:06,096] Trial 41 finished with value: 21.508255004882812 and parameters: {'gradient_clip_val': 0.3142996919573698, 'hidden_size': 8, 'dropout': 0.45282135818335884, 'hidden_continuous_size': 6, 'attention_head_size': 4, 'learning_rate': 0.0077417125998603216}. Best is trial 0 with value: 5.627740859985352.
[I 2023-12-26 15:44:08,518] Trial 42 finished with value: 20.391908645629883 and parameters: {'gradient_clip_val': 0.2620370495505736, 'hidden_size': 12, 'dropout': 0.4441808264838803, 'hidden_continuous_size': 6, 'attention_head_size': 4, 'learning_rate': 0.005665717300400714}. Best is trial 0 with value: 5.627740859985352.
[I 2023-12-26 15:44:11,028] Trial 43 finished with value: 33.29690170288086 and parameters: {'gradient_clip_val': 0.3352524230313804, 'hidden_size': 14, 'dropout': 0.4172845187885488, 'hidden_continuous_size': 7, 'attention_head_size': 4, 'learning_rate': 0.01908058760721074}. Best is trial 0 with value: 5.627740859985352.
[I 2023-12-26 15:44:13,081] Trial 44 finished with value: 20.733625411987305 and parameters: {'gradient_clip_val': 0.40727538731167356, 'hidden_size': 9, 'dropout': 0.47495866017862853, 'hidden_continuous_size': 5, 'attention_head_size': 3, 'learning_rate': 0.009158331393864946}. Best is trial 0 with value: 5.627740859985352.
[I 2023-12-26 15:44:15,112] Trial 45 finished with value: 30.5216121673584 and parameters: {'gradient_clip_val': 0.22585812823764295, 'hidden_size': 7, 'dropout': 0.4424474146222099, 'hidden_continuous_size': 5, 'attention_head_size': 4, 'learning_rate': 0.0029164632706130695}. Best is trial 0 with value: 5.627740859985352.
[I 2023-12-26 15:44:17,168] Trial 46 finished with value: 31.28080940246582 and parameters: {'gradient_clip_val': 0.18597169667992638, 'hidden_size': 9, 'dropout': 0.3935857280404276, 'hidden_continuous_size': 6, 'attention_head_size': 3, 'learning_rate': 0.01534477528473205}. Best is trial 0 with value: 5.627740859985352.
[I 2023-12-26 15:44:19,202] Trial 47 finished with value: 17.658458709716797 and parameters: {'gradient_clip_val': 0.16160565515546207, 'hidden_size': 12, 'dropout': 0.4106998812379873, 'hidden_continuous_size': 7, 'attention_head_size': 1, 'learning_rate': 0.006381871508143504}. Best is trial 0 with value: 5.627740859985352.
[I 2023-12-26 15:44:21,226] Trial 48 finished with value: 27.266359329223633 and parameters: {'gradient_clip_val': 0.15684043674762477, 'hidden_size': 12, 'dropout': 0.41310941123331874, 'hidden_continuous_size': 7, 'attention_head_size': 2, 'learning_rate': 0.007128291815189065}. Best is trial 0 with value: 5.627740859985352.
[I 2023-12-26 15:44:23,821] Trial 49 finished with value: 32.663848876953125 and parameters: {'gradient_clip_val': 0.28481960555285707, 'hidden_size': 15, 'dropout': 0.43014710922694965, 'hidden_continuous_size': 7, 'attention_head_size': 3, 'learning_rate': 0.006238816634048662}. Best is trial 0 with value: 5.627740859985352.
[I 2023-12-26 15:44:23,969] A new study created in memory with name: no-name-89f66540-3d01-44b2-925f-dff01c1b5a34
/home/le004/conda/anaconda3/envs/tsff_env/lib/python3.9/site-packages/lightning/fabric/plugins/environments/slurm.py:191: The `srun` command is available on your system but is not used. HINT: If your intention is to run Lightning on SLURM, prepend your python command with `srun` like so: srun python /home/le004/master_thesis/git/TSFusionForecast/code/ ...
[I 2023-12-26 15:50:33,685] Trial 0 finished with value: 7.67917013168335 and parameters: {'gradient_clip_val': 0.3061892482156404, 'hidden_size': 97, 'dropout': 0.19970255721498975, 'hidden_continuous_size': 11, 'attention_head_size': 4, 'learning_rate': 0.01583681761713157}. Best is trial 0 with value: 7.67917013168335.
[I 2023-12-26 15:50:38,437] Trial 1 finished with value: 26.081314086914062 and parameters: {'gradient_clip_val': 0.4833012975827706, 'hidden_size': 74, 'dropout': 0.4122356710664905, 'hidden_continuous_size': 18, 'attention_head_size': 3, 'learning_rate': 0.02169983680944036}. Best is trial 0 with value: 7.67917013168335.
[I 2023-12-26 15:50:40,789] Trial 2 finished with value: 34.99837875366211 and parameters: {'gradient_clip_val': 0.20889804458045197, 'hidden_size': 32, 'dropout': 0.19097659295277225, 'hidden_continuous_size': 5, 'attention_head_size': 1, 'learning_rate': 0.02692120612810213}. Best is trial 0 with value: 7.67917013168335.
[I 2023-12-26 15:50:47,759] Trial 3 finished with value: 21.196218490600586 and parameters: {'gradient_clip_val': 0.12162353892079802, 'hidden_size': 108, 'dropout': 0.2239331972456296, 'hidden_continuous_size': 60, 'attention_head_size': 2, 'learning_rate': 0.0034002699115341212}. Best is trial 0 with value: 7.67917013168335.
[I 2023-12-26 15:50:50,603] Trial 4 finished with value: 25.056785583496094 and parameters: {'gradient_clip_val': 0.1525339386419694, 'hidden_size': 46, 'dropout': 0.32062250229730216, 'hidden_continuous_size': 11, 'attention_head_size': 2, 'learning_rate': 0.0367709352024544}. Best is trial 0 with value: 7.67917013168335.
[I 2023-12-26 15:50:52,704] Trial 5 finished with value: 35.5941162109375 and parameters: {'gradient_clip_val': 0.12235205078519201, 'hidden_size': 18, 'dropout': 0.14740125565934126, 'hidden_continuous_size': 7, 'attention_head_size': 4, 'learning_rate': 0.0006706489527899808}. Best is trial 0 with value: 7.67917013168335.
[I 2023-12-26 15:50:54,442] Trial 6 finished with value: 28.13889503479004 and parameters: {'gradient_clip_val': 0.23657804223696668, 'hidden_size': 6, 'dropout': 0.47528973351927717, 'hidden_continuous_size': 6, 'attention_head_size': 4, 'learning_rate': 0.000764842487719902}. Best is trial 0 with value: 7.67917013168335.
[I 2023-12-26 15:50:56,447] Trial 7 finished with value: 26.69811248779297 and parameters: {'gradient_clip_val': 0.18053804662663614, 'hidden_size': 12, 'dropout': 0.48705075361337213, 'hidden_continuous_size': 10, 'attention_head_size': 3, 'learning_rate': 0.0060832580663310815}. Best is trial 0 with value: 7.67917013168335.
[I 2023-12-26 15:50:59,114] Trial 8 finished with value: 29.16290855407715 and parameters: {'gradient_clip_val': 0.5786662266470173, 'hidden_size': 48, 'dropout': 0.12536224878142654, 'hidden_continuous_size': 15, 'attention_head_size': 1, 'learning_rate': 0.06381029840493592}. Best is trial 0 with value: 7.67917013168335.
[I 2023-12-26 15:51:01,002] Trial 9 finished with value: 25.381433486938477 and parameters: {'gradient_clip_val': 0.9430127834123976, 'hidden_size': 16, 'dropout': 0.44580218074541555, 'hidden_continuous_size': 5, 'attention_head_size': 3, 'learning_rate': 0.05000886235592967}. Best is trial 0 with value: 7.67917013168335.
[I 2023-12-26 15:51:10,230] Trial 10 finished with value: 21.100698471069336 and parameters: {'gradient_clip_val': 0.32191778514864633, 'hidden_size': 141, 'dropout': 0.265383072744762, 'hidden_continuous_size': 31, 'attention_head_size': 4, 'learning_rate': 0.01076361056358674}. Best is trial 0 with value: 7.67917013168335.
[I 2023-12-26 15:51:19,817] Trial 11 finished with value: 31.0660400390625 and parameters: {'gradient_clip_val': 0.3638269401025672, 'hidden_size': 145, 'dropout': 0.254894993481521, 'hidden_continuous_size': 30, 'attention_head_size': 4, 'learning_rate': 0.010631551401492995}. Best is trial 0 with value: 7.67917013168335.
[I 2023-12-26 15:51:29,818] Trial 12 finished with value: 24.785551071166992 and parameters: {'gradient_clip_val': 0.29335471592665596, 'hidden_size': 148, 'dropout': 0.2879387932466827, 'hidden_continuous_size': 31, 'attention_head_size': 4, 'learning_rate': 0.01692143553857435}. Best is trial 0 with value: 7.67917013168335.
[I 2023-12-26 15:51:35,013] Trial 13 finished with value: 31.61009407043457 and parameters: {'gradient_clip_val': 0.31875515378352326, 'hidden_size': 81, 'dropout': 0.10009067864820823, 'hidden_continuous_size': 25, 'attention_head_size': 4, 'learning_rate': 0.0859737010386713}. Best is trial 0 with value: 7.67917013168335.
[I 2023-12-26 15:51:39,689] Trial 14 finished with value: 20.882062911987305 and parameters: {'gradient_clip_val': 0.2546899132839486, 'hidden_size': 80, 'dropout': 0.18452191066963922, 'hidden_continuous_size': 46, 'attention_head_size': 3, 'learning_rate': 0.007726441646668724}. Best is trial 0 with value: 7.67917013168335.
[I 2023-12-26 15:51:44,124] Trial 15 finished with value: 22.700063705444336 and parameters: {'gradient_clip_val': 0.2395758989749308, 'hidden_size': 67, 'dropout': 0.18883281618583725, 'hidden_continuous_size': 62, 'attention_head_size': 3, 'learning_rate': 0.004388711818347183}. Best is trial 0 with value: 7.67917013168335.
[I 2023-12-26 15:51:50,144] Trial 16 finished with value: 35.8974494934082 and parameters: {'gradient_clip_val': 0.15906383967607823, 'hidden_size': 89, 'dropout': 0.1663621022769813, 'hidden_continuous_size': 86, 'attention_head_size': 2, 'learning_rate': 0.0025009947672451054}. Best is trial 0 with value: 7.67917013168335.
[I 2023-12-26 15:51:53,366] Trial 17 finished with value: 23.14868927001953 and parameters: {'gradient_clip_val': 0.10284547128437244, 'hidden_size': 55, 'dropout': 0.2202734467813755, 'hidden_continuous_size': 9, 'attention_head_size': 3, 'learning_rate': 0.010365629801165701}. Best is trial 0 with value: 7.67917013168335.
[I 2023-12-26 15:51:55,924] Trial 18 finished with value: 38.807220458984375 and parameters: {'gradient_clip_val': 0.4217113031275138, 'hidden_size': 36, 'dropout': 0.14317810136215692, 'hidden_continuous_size': 13, 'attention_head_size': 3, 'learning_rate': 0.017409047920448277}. Best is trial 0 with value: 7.67917013168335.
[I 2023-12-26 15:52:02,297] Trial 19 finished with value: 26.154478073120117 and parameters: {'gradient_clip_val': 0.26360770944430933, 'hidden_size': 100, 'dropout': 0.338055327619733, 'hidden_continuous_size': 21, 'attention_head_size': 2, 'learning_rate': 0.032961197974667886}. Best is trial 0 with value: 7.67917013168335.
[I 2023-12-26 15:52:06,099] Trial 20 finished with value: 25.472814559936523 and parameters: {'gradient_clip_val': 0.209825556732456, 'hidden_size': 66, 'dropout': 0.21545130624643843, 'hidden_continuous_size': 15, 'attention_head_size': 4, 'learning_rate': 0.0019424528597487545}. Best is trial 0 with value: 7.67917013168335.
[I 2023-12-26 15:52:13,024] Trial 21 finished with value: 29.241392135620117 and parameters: {'gradient_clip_val': 0.32018542646905074, 'hidden_size': 116, 'dropout': 0.2664917776564605, 'hidden_continuous_size': 34, 'attention_head_size': 4, 'learning_rate': 0.00860324646170889}. Best is trial 0 with value: 7.67917013168335.
[I 2023-12-26 15:52:20,237] Trial 22 finished with value: 30.71196937561035 and parameters: {'gradient_clip_val': 0.36513899455977206, 'hidden_size': 111, 'dropout': 0.24662745405398825, 'hidden_continuous_size': 43, 'attention_head_size': 4, 'learning_rate': 0.013948793722101257}. Best is trial 0 with value: 7.67917013168335.
[I 2023-12-26 15:52:30,923] Trial 23 finished with value: 46.95138168334961 and parameters: {'gradient_clip_val': 0.26447112236147086, 'hidden_size': 146, 'dropout': 0.18081828483057977, 'hidden_continuous_size': 132, 'attention_head_size': 3, 'learning_rate': 0.007029402536393939}. Best is trial 0 with value: 7.67917013168335.
[I 2023-12-26 15:52:36,476] Trial 24 finished with value: 39.877220153808594 and parameters: {'gradient_clip_val': 0.3236262227131711, 'hidden_size': 86, 'dropout': 0.28676873157831395, 'hidden_continuous_size': 23, 'attention_head_size': 4, 'learning_rate': 0.012479188081765182}. Best is trial 0 with value: 7.67917013168335.
[I 2023-12-26 15:52:40,188] Trial 25 finished with value: 30.148941040039062 and parameters: {'gradient_clip_val': 0.20811019939275674, 'hidden_size': 58, 'dropout': 0.2203577512837402, 'hidden_continuous_size': 12, 'attention_head_size': 3, 'learning_rate': 0.021013923747429653}. Best is trial 0 with value: 7.67917013168335.
[I 2023-12-26 15:52:45,240] Trial 26 finished with value: 30.599557876586914 and parameters: {'gradient_clip_val': 0.4531538778204689, 'hidden_size': 80, 'dropout': 0.16307100954100723, 'hidden_continuous_size': 39, 'attention_head_size': 4, 'learning_rate': 0.006269448193225298}. Best is trial 0 with value: 7.67917013168335.
[I 2023-12-26 15:52:52,672] Trial 27 finished with value: 19.85779571533203 and parameters: {'gradient_clip_val': 0.2719658376493782, 'hidden_size': 117, 'dropout': 0.19555652568431767, 'hidden_continuous_size': 18, 'attention_head_size': 4, 'learning_rate': 0.01345140653846557}. Best is trial 0 with value: 7.67917013168335.
[I 2023-12-26 15:52:55,663] Trial 28 finished with value: 40.009674072265625 and parameters: {'gradient_clip_val': 0.26781138859357484, 'hidden_size': 43, 'dropout': 0.1262133537866279, 'hidden_continuous_size': 18, 'attention_head_size': 3, 'learning_rate': 0.02607672562105738}. Best is trial 0 with value: 7.67917013168335.
[I 2023-12-26 15:52:59,633] Trial 29 finished with value: 18.728803634643555 and parameters: {'gradient_clip_val': 0.5306165602065959, 'hidden_size': 63, 'dropout': 0.19571320334524472, 'hidden_continuous_size': 18, 'attention_head_size': 3, 'learning_rate': 0.017679206888333913}. Best is trial 0 with value: 7.67917013168335.
[I 2023-12-26 15:53:03,360] Trial 30 finished with value: 38.2354736328125 and parameters: {'gradient_clip_val': 0.5579310555027382, 'hidden_size': 64, 'dropout': 0.3726823563764043, 'hidden_continuous_size': 18, 'attention_head_size': 2, 'learning_rate': 0.01751740590546734}. Best is trial 0 with value: 7.67917013168335.
[I 2023-12-26 15:53:08,642] Trial 31 finished with value: 25.218721389770508 and parameters: {'gradient_clip_val': 0.3778549999390042, 'hidden_size': 83, 'dropout': 0.19806615229999489, 'hidden_continuous_size': 14, 'attention_head_size': 3, 'learning_rate': 0.01443760211614434}. Best is trial 0 with value: 7.67917013168335.
[I 2023-12-26 15:53:15,461] Trial 32 finished with value: 27.358673095703125 and parameters: {'gradient_clip_val': 0.5287605552606826, 'hidden_size': 107, 'dropout': 0.17590506931410171, 'hidden_continuous_size': 18, 'attention_head_size': 3, 'learning_rate': 0.023265534416017784}. Best is trial 0 with value: 7.67917013168335.
[I 2023-12-26 15:53:19,826] Trial 33 finished with value: 40.10536575317383 and parameters: {'gradient_clip_val': 0.40320062586209643, 'hidden_size': 72, 'dropout': 0.19869660829395316, 'hidden_continuous_size': 22, 'attention_head_size': 1, 'learning_rate': 0.008556006457820503}. Best is trial 0 with value: 7.67917013168335.
[I 2023-12-26 15:53:23,176] Trial 34 finished with value: 22.452392578125 and parameters: {'gradient_clip_val': 0.4688289287118978, 'hidden_size': 54, 'dropout': 0.23570971537553867, 'hidden_continuous_size': 16, 'attention_head_size': 3, 'learning_rate': 0.03464624008598835}. Best is trial 0 with value: 7.67917013168335.
[I 2023-12-26 15:53:30,504] Trial 35 finished with value: 25.84962272644043 and parameters: {'gradient_clip_val': 0.28108239706667326, 'hidden_size': 114, 'dropout': 0.21125066562378952, 'hidden_continuous_size': 9, 'attention_head_size': 2, 'learning_rate': 0.023156531547824346}. Best is trial 0 with value: 7.67917013168335.
[I 2023-12-26 15:53:33,255] Trial 36 finished with value: 23.227346420288086 and parameters: {'gradient_clip_val': 0.23130363393620057, 'hidden_size': 37, 'dropout': 0.2431092691719223, 'hidden_continuous_size': 13, 'attention_head_size': 4, 'learning_rate': 0.018186675864952286}. Best is trial 0 with value: 7.67917013168335.
[I 2023-12-26 15:53:35,826] Trial 37 finished with value: 34.114864349365234 and parameters: {'gradient_clip_val': 0.19781995527057, 'hidden_size': 30, 'dropout': 0.1617846579783537, 'hidden_continuous_size': 11, 'attention_head_size': 4, 'learning_rate': 0.029002191201860306}. Best is trial 0 with value: 7.67917013168335.
[I 2023-12-26 15:53:42,202] Trial 38 finished with value: 31.037078857421875 and parameters: {'gradient_clip_val': 0.1746158276909457, 'hidden_size': 99, 'dropout': 0.18075200075714865, 'hidden_continuous_size': 25, 'attention_head_size': 2, 'learning_rate': 0.01380844624211614}. Best is trial 0 with value: 7.67917013168335.
[I 2023-12-26 15:53:46,547] Trial 39 finished with value: 23.150535583496094 and parameters: {'gradient_clip_val': 0.2339787523089892, 'hidden_size': 70, 'dropout': 0.2021053540873598, 'hidden_continuous_size': 16, 'attention_head_size': 3, 'learning_rate': 0.005216672953172194}. Best is trial 0 with value: 7.67917013168335.
[I 2023-12-26 15:53:49,644] Trial 40 finished with value: 33.88655471801758 and parameters: {'gradient_clip_val': 0.3523597083013051, 'hidden_size': 45, 'dropout': 0.23242177916246884, 'hidden_continuous_size': 20, 'attention_head_size': 4, 'learning_rate': 0.00844701055041377}. Best is trial 0 with value: 7.67917013168335.
[I 2023-12-26 15:53:57,151] Trial 41 finished with value: 35.46160888671875 and parameters: {'gradient_clip_val': 0.3004645781643388, 'hidden_size': 120, 'dropout': 0.27342265742164706, 'hidden_continuous_size': 26, 'attention_head_size': 4, 'learning_rate': 0.011529621344816271}. Best is trial 0 with value: 7.67917013168335.
[I 2023-12-26 15:54:05,142] Trial 42 finished with value: 35.10795211791992 and parameters: {'gradient_clip_val': 0.6407964133378218, 'hidden_size': 130, 'dropout': 0.23118452598705042, 'hidden_continuous_size': 8, 'attention_head_size': 4, 'learning_rate': 0.009604286613457292}. Best is trial 0 with value: 7.67917013168335.
[I 2023-12-26 15:54:11,336] Trial 43 finished with value: 17.41016960144043 and parameters: {'gradient_clip_val': 0.3134263712500852, 'hidden_size': 97, 'dropout': 0.2577516459710429, 'hidden_continuous_size': 29, 'attention_head_size': 4, 'learning_rate': 0.04426971765138559}. Best is trial 0 with value: 7.67917013168335.
[I 2023-12-26 15:54:17,773] Trial 44 finished with value: 23.557228088378906 and parameters: {'gradient_clip_val': 0.28898163894888795, 'hidden_size': 99, 'dropout': 0.19711689768709004, 'hidden_continuous_size': 27, 'attention_head_size': 4, 'learning_rate': 0.04240806087665351}. Best is trial 0 with value: 7.67917013168335.
[I 2023-12-26 15:54:25,668] Trial 45 finished with value: 25.08829689025879 and parameters: {'gradient_clip_val': 0.40324787068797535, 'hidden_size': 126, 'dropout': 0.25528669143467736, 'hidden_continuous_size': 7, 'attention_head_size': 4, 'learning_rate': 0.055857042233233935}. Best is trial 0 with value: 7.67917013168335.
[I 2023-12-26 15:54:31,351] Trial 46 finished with value: 28.09917640686035 and parameters: {'gradient_clip_val': 0.34868090816882746, 'hidden_size': 88, 'dropout': 0.14998572628985257, 'hidden_continuous_size': 11, 'attention_head_size': 3, 'learning_rate': 0.04190929715128664}. Best is trial 0 with value: 7.67917013168335.
[I 2023-12-26 15:54:36,179] Trial 47 finished with value: 29.5578556060791 and parameters: {'gradient_clip_val': 0.25582169614719474, 'hidden_size': 75, 'dropout': 0.18556274486006938, 'hidden_continuous_size': 20, 'attention_head_size': 4, 'learning_rate': 0.025908920520413065}. Best is trial 0 with value: 7.67917013168335.
[I 2023-12-26 15:54:39,872] Trial 48 finished with value: 25.424177169799805 and parameters: {'gradient_clip_val': 0.32684770879318525, 'hidden_size': 59, 'dropout': 0.21821556188564417, 'hidden_continuous_size': 17, 'attention_head_size': 3, 'learning_rate': 0.06901789856001163}. Best is trial 0 with value: 7.67917013168335.
[I 2023-12-26 15:54:45,642] Trial 49 finished with value: 21.6973819732666 and parameters: {'gradient_clip_val': 0.2884132058111718, 'hidden_size': 92, 'dropout': 0.24764414533259257, 'hidden_continuous_size': 14, 'attention_head_size': 1, 'learning_rate': 0.04344632277740892}. Best is trial 0 with value: 7.67917013168335.
[I 2023-12-26 15:54:45,764] A new study created in memory with name: no-name-49b4a162-7d8e-4767-b746-2b021c7f4df3
/home/le004/conda/anaconda3/envs/tsff_env/lib/python3.9/site-packages/lightning/fabric/plugins/environments/slurm.py:191: The `srun` command is available on your system but is not used. HINT: If your intention is to run Lightning on SLURM, prepend your python command with `srun` like so: srun python /home/le004/master_thesis/git/TSFusionForecast/code/ ...
[I 2023-12-26 16:04:23,555] Trial 0 finished with value: 5.694782733917236 and parameters: {'gradient_clip_val': 0.7147331207357309, 'hidden_size': 113, 'dropout': 0.28316669324736954, 'hidden_continuous_size': 110, 'attention_head_size': 3, 'learning_rate': 0.0012028857677077644}. Best is trial 0 with value: 5.694782733917236.
