[I 2023-12-26 16:49:39,010] Trial 3 finished with value: 52.19981002807617 and parameters: {'gradient_clip_val': 0.2097197159661444, 'hidden_size': 13, 'dropout': 0.4338936728961237, 'hidden_continuous_size': 8, 'attention_head_size': 2, 'learning_rate': 0.000938336486019587}. Best is trial 0 with value: 20.546287536621094.
[I 2023-12-26 16:49:40,900] Trial 4 finished with value: 61.62833786010742 and parameters: {'gradient_clip_val': 0.10895068922448581, 'hidden_size': 6, 'dropout': 0.1708421989663365, 'hidden_continuous_size': 5, 'attention_head_size': 3, 'learning_rate': 0.016150536338815812}. Best is trial 0 with value: 20.546287536621094.
[I 2023-12-26 16:49:43,344] Trial 5 finished with value: 65.79568481445312 and parameters: {'gradient_clip_val': 0.4688068506433874, 'hidden_size': 15, 'dropout': 0.3381129228223, 'hidden_continuous_size': 12, 'attention_head_size': 1, 'learning_rate': 0.03772179061713948}. Best is trial 0 with value: 20.546287536621094.
[I 2023-12-26 16:49:45,516] Trial 6 finished with value: 68.25060272216797 and parameters: {'gradient_clip_val': 0.6331142417777142, 'hidden_size': 13, 'dropout': 0.2931243621558074, 'hidden_continuous_size': 5, 'attention_head_size': 4, 'learning_rate': 0.020788620806871053}. Best is trial 0 with value: 20.546287536621094.
[I 2023-12-26 16:49:49,549] Trial 7 finished with value: 61.99224853515625 and parameters: {'gradient_clip_val': 0.622339722867068, 'hidden_size': 52, 'dropout': 0.14311161031127728, 'hidden_continuous_size': 26, 'attention_head_size': 4, 'learning_rate': 0.006789267882414527}. Best is trial 0 with value: 20.546287536621094.
[I 2023-12-26 16:49:51,899] Trial 8 finished with value: 74.4697036743164 and parameters: {'gradient_clip_val': 0.12130110432466301, 'hidden_size': 18, 'dropout': 0.14626807348441548, 'hidden_continuous_size': 6, 'attention_head_size': 3, 'learning_rate': 0.0041940444922975665}. Best is trial 0 with value: 20.546287536621094.
[I 2023-12-26 16:49:59,679] Trial 9 finished with value: 46.28763961791992 and parameters: {'gradient_clip_val': 0.1738639819457369, 'hidden_size': 92, 'dropout': 0.49310669732582846, 'hidden_continuous_size': 5, 'attention_head_size': 4, 'learning_rate': 0.02518780885356937}. Best is trial 0 with value: 20.546287536621094.
[I 2023-12-26 16:50:02,217] Trial 10 finished with value: 66.84883117675781 and parameters: {'gradient_clip_val': 0.9283155396869945, 'hidden_size': 34, 'dropout': 0.22747823209754814, 'hidden_continuous_size': 12, 'attention_head_size': 2, 'learning_rate': 0.0005597722767516739}. Best is trial 0 with value: 20.546287536621094.
[I 2023-12-26 16:50:08,531] Trial 11 finished with value: 30.014076232910156 and parameters: {'gradient_clip_val': 0.28059452650937605, 'hidden_size': 93, 'dropout': 0.4902205584456063, 'hidden_continuous_size': 85, 'attention_head_size': 3, 'learning_rate': 0.08428447247553127}. Best is trial 0 with value: 20.546287536621094.
[I 2023-12-26 16:50:17,185] Trial 12 finished with value: 33.58672332763672 and parameters: {'gradient_clip_val': 0.3095721476574943, 'hidden_size': 121, 'dropout': 0.42584712779761746, 'hidden_continuous_size': 84, 'attention_head_size': 3, 'learning_rate': 0.061616058814783624}. Best is trial 0 with value: 20.546287536621094.
[I 2023-12-26 16:50:20,673] Trial 13 finished with value: 74.5882339477539 and parameters: {'gradient_clip_val': 0.30657681054156216, 'hidden_size': 30, 'dropout': 0.10346005827024188, 'hidden_continuous_size': 16, 'attention_head_size': 2, 'learning_rate': 0.009049844736142015}. Best is trial 0 with value: 20.546287536621094.
[I 2023-12-26 16:50:31,876] Trial 14 finished with value: 24.62349510192871 and parameters: {'gradient_clip_val': 0.27638333050935887, 'hidden_size': 140, 'dropout': 0.23324384953598246, 'hidden_continuous_size': 121, 'attention_head_size': 3, 'learning_rate': 0.07827721747514617}. Best is trial 0 with value: 20.546287536621094.
[I 2023-12-26 16:50:44,322] Trial 15 finished with value: 38.96554946899414 and parameters: {'gradient_clip_val': 0.40447664520949295, 'hidden_size': 147, 'dropout': 0.21599760084299946, 'hidden_continuous_size': 133, 'attention_head_size': 1, 'learning_rate': 0.047430847656743776}. Best is trial 0 with value: 20.546287536621094.
[I 2023-12-26 16:50:47,677] Trial 16 finished with value: 61.82402420043945 and parameters: {'gradient_clip_val': 0.25824243161247395, 'hidden_size': 46, 'dropout': 0.22863303138288943, 'hidden_continuous_size': 22, 'attention_head_size': 2, 'learning_rate': 0.09065269158985952}. Best is trial 0 with value: 20.546287536621094.
[I 2023-12-26 16:50:50,674] Trial 17 finished with value: 53.24321365356445 and parameters: {'gradient_clip_val': 0.37638994768289663, 'hidden_size': 24, 'dropout': 0.2676202281992217, 'hidden_continuous_size': 9, 'attention_head_size': 3, 'learning_rate': 0.012407330325142695}. Best is trial 0 with value: 20.546287536621094.
[I 2023-12-26 16:50:53,814] Trial 18 finished with value: 52.20478820800781 and parameters: {'gradient_clip_val': 0.15448275916328605, 'hidden_size': 42, 'dropout': 0.18928615477534033, 'hidden_continuous_size': 9, 'attention_head_size': 3, 'learning_rate': 0.03518205168841897}. Best is trial 0 with value: 20.546287536621094.
[I 2023-12-26 16:50:56,131] Trial 19 finished with value: 54.2132568359375 and parameters: {'gradient_clip_val': 0.2506909901149427, 'hidden_size': 24, 'dropout': 0.10575306188132605, 'hidden_continuous_size': 7, 'attention_head_size': 2, 'learning_rate': 0.0035124889427306724}. Best is trial 0 with value: 20.546287536621094.
[I 2023-12-26 16:51:00,397] Trial 20 finished with value: 53.981109619140625 and parameters: {'gradient_clip_val': 0.23603925656507377, 'hidden_size': 61, 'dropout': 0.25315188532352506, 'hidden_continuous_size': 30, 'attention_head_size': 4, 'learning_rate': 0.026375190430963872}. Best is trial 0 with value: 20.546287536621094.
[I 2023-12-26 16:51:07,247] Trial 21 finished with value: 48.79652786254883 and parameters: {'gradient_clip_val': 0.2763891808998126, 'hidden_size': 90, 'dropout': 0.3725389929681422, 'hidden_continuous_size': 58, 'attention_head_size': 3, 'learning_rate': 0.0927950296545216}. Best is trial 0 with value: 20.546287536621094.
[I 2023-12-26 16:51:18,298] Trial 22 finished with value: 35.3552131652832 and parameters: {'gradient_clip_val': 0.3219627995322591, 'hidden_size': 141, 'dropout': 0.1938288577381404, 'hidden_continuous_size': 123, 'attention_head_size': 3, 'learning_rate': 0.055510714390079055}. Best is trial 0 with value: 20.546287536621094.
[I 2023-12-26 16:51:23,782] Trial 23 finished with value: 46.42831039428711 and parameters: {'gradient_clip_val': 0.22069116858188034, 'hidden_size': 82, 'dropout': 0.2725038658685204, 'hidden_continuous_size': 41, 'attention_head_size': 3, 'learning_rate': 0.09032824877537134}. Best is trial 0 with value: 20.546287536621094.
[I 2023-12-26 16:51:31,047] Trial 24 finished with value: 60.74472427368164 and parameters: {'gradient_clip_val': 0.1672625518694312, 'hidden_size': 109, 'dropout': 0.4984900769117352, 'hidden_continuous_size': 71, 'attention_head_size': 2, 'learning_rate': 0.015283304885095831}. Best is trial 0 with value: 20.546287536621094.
[I 2023-12-26 16:51:35,818] Trial 25 finished with value: 58.7834587097168 and parameters: {'gradient_clip_val': 0.3388304506111168, 'hidden_size': 77, 'dropout': 0.24390664658751474, 'hidden_continuous_size': 40, 'attention_head_size': 3, 'learning_rate': 0.057858784761135006}. Best is trial 0 with value: 20.546287536621094.
[I 2023-12-26 16:51:43,446] Trial 26 finished with value: 51.6075439453125 and parameters: {'gradient_clip_val': 0.27354326806305956, 'hidden_size': 111, 'dropout': 0.29441184101351314, 'hidden_continuous_size': 90, 'attention_head_size': 4, 'learning_rate': 0.02841446851580932}. Best is trial 0 with value: 20.546287536621094.
[I 2023-12-26 16:51:47,797] Trial 27 finished with value: 75.71222686767578 and parameters: {'gradient_clip_val': 0.20889757425000005, 'hidden_size': 69, 'dropout': 0.20720506151945028, 'hidden_continuous_size': 45, 'attention_head_size': 2, 'learning_rate': 0.04029090852513729}. Best is trial 0 with value: 20.546287536621094.
[I 2023-12-26 16:51:51,312] Trial 28 finished with value: 40.08871078491211 and parameters: {'gradient_clip_val': 0.14512465720965886, 'hidden_size': 55, 'dropout': 0.24377868604666872, 'hidden_continuous_size': 17, 'attention_head_size': 1, 'learning_rate': 0.07132881291742504}. Best is trial 0 with value: 20.546287536621094.
[I 2023-12-26 16:51:54,558] Trial 29 finished with value: 47.0656623840332 and parameters: {'gradient_clip_val': 0.18032847050051443, 'hidden_size': 43, 'dropout': 0.31409147269917737, 'hidden_continuous_size': 18, 'attention_head_size': 3, 'learning_rate': 0.001962478373739126}. Best is trial 0 with value: 20.546287536621094.
[I 2023-12-26 16:52:04,271] Trial 30 finished with value: 55.14445877075195 and parameters: {'gradient_clip_val': 0.2063096359792716, 'hidden_size': 147, 'dropout': 0.33259136549589663, 'hidden_continuous_size': 104, 'attention_head_size': 2, 'learning_rate': 0.0056893441769069845}. Best is trial 0 with value: 20.546287536621094.
[I 2023-12-26 16:52:11,759] Trial 31 finished with value: 37.087955474853516 and parameters: {'gradient_clip_val': 0.31475966947360623, 'hidden_size': 117, 'dropout': 0.4506472221943103, 'hidden_continuous_size': 80, 'attention_head_size': 3, 'learning_rate': 0.06153139367891116}. Best is trial 0 with value: 20.546287536621094.
[I 2023-12-26 16:52:18,398] Trial 32 finished with value: 51.030521392822266 and parameters: {'gradient_clip_val': 0.28128955902214076, 'hidden_size': 105, 'dropout': 0.411390541233418, 'hidden_continuous_size': 70, 'attention_head_size': 3, 'learning_rate': 0.0700030844987065}. Best is trial 0 with value: 20.546287536621094.
[I 2023-12-26 16:52:22,706] Trial 33 finished with value: 54.65824508666992 and parameters: {'gradient_clip_val': 0.2386625306688427, 'hidden_size': 70, 'dropout': 0.45699209715364253, 'hidden_continuous_size': 55, 'attention_head_size': 3, 'learning_rate': 0.04523917885339279}. Best is trial 0 with value: 20.546287536621094.
[I 2023-12-26 16:52:30,971] Trial 34 finished with value: 71.71783447265625 and parameters: {'gradient_clip_val': 0.1933380899546463, 'hidden_size': 124, 'dropout': 0.39590128670846914, 'hidden_continuous_size': 101, 'attention_head_size': 3, 'learning_rate': 0.002009039487637896}. Best is trial 0 with value: 20.546287536621094.
[I 2023-12-26 16:52:36,927] Trial 35 finished with value: 43.22300338745117 and parameters: {'gradient_clip_val': 0.3713630023894989, 'hidden_size': 94, 'dropout': 0.35920997721392905, 'hidden_continuous_size': 67, 'attention_head_size': 2, 'learning_rate': 0.07370378470212695}. Best is trial 0 with value: 20.546287536621094.
[I 2023-12-26 16:52:38,968] Trial 36 finished with value: 59.52494430541992 and parameters: {'gradient_clip_val': 0.2325275415171731, 'hidden_size': 10, 'dropout': 0.47626530418549906, 'hidden_continuous_size': 7, 'attention_head_size': 4, 'learning_rate': 0.03573588043943312}. Best is trial 0 with value: 20.546287536621094.
[I 2023-12-26 16:52:43,883] Trial 37 finished with value: 47.6883430480957 and parameters: {'gradient_clip_val': 0.4344381877134817, 'hidden_size': 79, 'dropout': 0.4316424320808156, 'hidden_continuous_size': 58, 'attention_head_size': 1, 'learning_rate': 0.05307450003314862}. Best is trial 0 with value: 20.546287536621094.
[I 2023-12-26 16:52:51,662] Trial 38 finished with value: 40.197994232177734 and parameters: {'gradient_clip_val': 0.2931355008516562, 'hidden_size': 119, 'dropout': 0.460293974757754, 'hidden_continuous_size': 89, 'attention_head_size': 3, 'learning_rate': 0.09940658743838544}. Best is trial 0 with value: 20.546287536621094.
[I 2023-12-26 16:52:55,187] Trial 39 finished with value: 60.8381233215332 and parameters: {'gradient_clip_val': 0.35599461363577806, 'hidden_size': 58, 'dropout': 0.47579713362749576, 'hidden_continuous_size': 48, 'attention_head_size': 4, 'learning_rate': 0.018885963420175806}. Best is trial 0 with value: 20.546287536621094.
[I 2023-12-26 16:53:01,744] Trial 40 finished with value: 55.1105842590332 and parameters: {'gradient_clip_val': 0.5019498339552605, 'hidden_size': 98, 'dropout': 0.17025692494096092, 'hidden_continuous_size': 77, 'attention_head_size': 3, 'learning_rate': 0.034500858702959145}. Best is trial 0 with value: 20.546287536621094.
[I 2023-12-26 16:53:11,855] Trial 41 finished with value: 47.632442474365234 and parameters: {'gradient_clip_val': 0.31839168839116927, 'hidden_size': 143, 'dropout': 0.17702535549526494, 'hidden_continuous_size': 137, 'attention_head_size': 3, 'learning_rate': 0.050161130941103145}. Best is trial 0 with value: 20.546287536621094.
[I 2023-12-26 16:53:20,251] Trial 42 finished with value: 41.79853439331055 and parameters: {'gradient_clip_val': 0.33240424566969995, 'hidden_size': 128, 'dropout': 0.19961978951694156, 'hidden_continuous_size': 108, 'attention_head_size': 3, 'learning_rate': 0.06528634035768811}. Best is trial 0 with value: 20.546287536621094.
[I 2023-12-26 16:53:29,950] Trial 43 finished with value: 38.5500602722168 and parameters: {'gradient_clip_val': 0.26612549237977257, 'hidden_size': 142, 'dropout': 0.4382849339392831, 'hidden_continuous_size': 123, 'attention_head_size': 3, 'learning_rate': 0.05032224696257349}. Best is trial 0 with value: 20.546287536621094.
[I 2023-12-26 16:53:36,279] Trial 44 finished with value: 58.68708801269531 and parameters: {'gradient_clip_val': 0.2962393683100872, 'hidden_size': 98, 'dropout': 0.22250908461087165, 'hidden_continuous_size': 79, 'attention_head_size': 2, 'learning_rate': 0.06628984936758517}. Best is trial 0 with value: 20.546287536621094.
[I 2023-12-26 16:53:40,665] Trial 45 finished with value: 67.56878662109375 and parameters: {'gradient_clip_val': 0.4007698624206765, 'hidden_size': 70, 'dropout': 0.1572560576948487, 'hidden_continuous_size': 60, 'attention_head_size': 3, 'learning_rate': 0.07775838403928778}. Best is trial 0 with value: 20.546287536621094.
[I 2023-12-26 16:53:49,102] Trial 46 finished with value: 60.862152099609375 and parameters: {'gradient_clip_val': 0.2502482752466318, 'hidden_size': 128, 'dropout': 0.12990013490195945, 'hidden_continuous_size': 113, 'attention_head_size': 2, 'learning_rate': 0.022898172770245705}. Best is trial 0 with value: 20.546287536621094.
[I 2023-12-26 16:53:51,276] Trial 47 finished with value: 63.075225830078125 and parameters: {'gradient_clip_val': 0.3193817171832927, 'hidden_size': 19, 'dropout': 0.1943952126807156, 'hidden_continuous_size': 11, 'attention_head_size': 3, 'learning_rate': 0.030145620560049432}. Best is trial 0 with value: 20.546287536621094.
[I 2023-12-26 16:54:01,572] Trial 48 finished with value: 40.17752456665039 and parameters: {'gradient_clip_val': 0.35179134383527183, 'hidden_size': 147, 'dropout': 0.1798020429169731, 'hidden_continuous_size': 146, 'attention_head_size': 4, 'learning_rate': 0.04080776960007663}. Best is trial 0 with value: 20.546287536621094.
[I 2023-12-26 16:54:07,170] Trial 49 finished with value: 36.49589920043945 and parameters: {'gradient_clip_val': 0.21799316429382912, 'hidden_size': 89, 'dropout': 0.21052270786742175, 'hidden_continuous_size': 65, 'attention_head_size': 2, 'learning_rate': 0.08276483810164097}. Best is trial 0 with value: 20.546287536621094.
[I 2023-12-26 16:54:07,301] A new study created in memory with name: no-name-34360ad8-59cd-4fcd-bd93-07368e073e68
/home/le004/conda/anaconda3/envs/tsff_env/lib/python3.9/site-packages/lightning/fabric/plugins/environments/slurm.py:191: The `srun` command is available on your system but is not used. HINT: If your intention is to run Lightning on SLURM, prepend your python command with `srun` like so: srun python /home/le004/master_thesis/git/TSFusionForecast/code/ ...
[I 2023-12-26 17:04:48,797] Trial 0 finished with value: 64.44483184814453 and parameters: {'gradient_clip_val': 0.17581374666123992, 'hidden_size': 139, 'dropout': 0.4446925641748277, 'hidden_continuous_size': 8, 'attention_head_size': 1, 'learning_rate': 0.0005017546408136823}. Best is trial 0 with value: 64.44483184814453.
[I 2023-12-26 17:04:51,770] Trial 1 finished with value: 83.27564239501953 and parameters: {'gradient_clip_val': 0.16767329366524344, 'hidden_size': 23, 'dropout': 0.34523051439613306, 'hidden_continuous_size': 9, 'attention_head_size': 4, 'learning_rate': 0.005130102660365287}. Best is trial 0 with value: 64.44483184814453.
[I 2023-12-26 17:04:54,185] Trial 2 finished with value: 92.0252456665039 and parameters: {'gradient_clip_val': 0.3752486593386982, 'hidden_size': 12, 'dropout': 0.1859940749534432, 'hidden_continuous_size': 9, 'attention_head_size': 2, 'learning_rate': 0.07764693160883335}. Best is trial 0 with value: 64.44483184814453.
[I 2023-12-26 17:04:58,973] Trial 3 finished with value: 88.50626373291016 and parameters: {'gradient_clip_val': 0.3461602677116366, 'hidden_size': 55, 'dropout': 0.17725084810111424, 'hidden_continuous_size': 6, 'attention_head_size': 2, 'learning_rate': 0.003702007327373667}. Best is trial 0 with value: 64.44483184814453.
[I 2023-12-26 17:05:02,650] Trial 4 finished with value: 98.9159164428711 and parameters: {'gradient_clip_val': 0.7189106144651807, 'hidden_size': 34, 'dropout': 0.3938858473554431, 'hidden_continuous_size': 30, 'attention_head_size': 4, 'learning_rate': 0.018906999084755804}. Best is trial 0 with value: 64.44483184814453.
[I 2023-12-26 17:05:06,268] Trial 5 finished with value: 128.9665985107422 and parameters: {'gradient_clip_val': 0.6697707555057808, 'hidden_size': 36, 'dropout': 0.19684974104044325, 'hidden_continuous_size': 32, 'attention_head_size': 4, 'learning_rate': 0.014572301325714276}. Best is trial 0 with value: 64.44483184814453.
[I 2023-12-26 17:05:08,324] Trial 6 finished with value: 122.49832916259766 and parameters: {'gradient_clip_val': 0.4565054063176963, 'hidden_size': 6, 'dropout': 0.17089187059047486, 'hidden_continuous_size': 6, 'attention_head_size': 1, 'learning_rate': 0.0013986069683735122}. Best is trial 0 with value: 64.44483184814453.
[I 2023-12-26 17:05:11,438] Trial 7 finished with value: 136.9639434814453 and parameters: {'gradient_clip_val': 0.33120325361589337, 'hidden_size': 30, 'dropout': 0.48905239603631634, 'hidden_continuous_size': 6, 'attention_head_size': 2, 'learning_rate': 0.0053592913191250575}. Best is trial 0 with value: 64.44483184814453.
[I 2023-12-26 17:05:14,141] Trial 8 finished with value: 128.16021728515625 and parameters: {'gradient_clip_val': 0.6021740746432925, 'hidden_size': 11, 'dropout': 0.14250460692625364, 'hidden_continuous_size': 6, 'attention_head_size': 2, 'learning_rate': 0.0005789995956021495}. Best is trial 0 with value: 64.44483184814453.
[I 2023-12-26 17:05:18,052] Trial 9 finished with value: 133.44772338867188 and parameters: {'gradient_clip_val': 0.5210352413002, 'hidden_size': 44, 'dropout': 0.20073570898660373, 'hidden_continuous_size': 13, 'attention_head_size': 3, 'learning_rate': 0.022946670099340764}. Best is trial 0 with value: 64.44483184814453.
[I 2023-12-26 17:05:29,998] Trial 10 finished with value: 116.08928680419922 and parameters: {'gradient_clip_val': 0.10425332525768978, 'hidden_size': 150, 'dropout': 0.4843966465355674, 'hidden_continuous_size': 57, 'attention_head_size': 1, 'learning_rate': 0.000513052503433702}. Best is trial 0 with value: 64.44483184814453.
[I 2023-12-26 17:05:38,928] Trial 11 finished with value: 123.83318328857422 and parameters: {'gradient_clip_val': 0.1521698746006312, 'hidden_size': 113, 'dropout': 0.3379569383569454, 'hidden_continuous_size': 15, 'attention_head_size': 3, 'learning_rate': 0.002043092674193797}. Best is trial 0 with value: 64.44483184814453.
[I 2023-12-26 17:05:45,025] Trial 12 finished with value: 96.33519744873047 and parameters: {'gradient_clip_val': 0.2087989398169986, 'hidden_size': 74, 'dropout': 0.4061495910206971, 'hidden_continuous_size': 10, 'attention_head_size': 4, 'learning_rate': 0.0014205055310057306}. Best is trial 0 with value: 64.44483184814453.
[I 2023-12-26 17:05:47,739] Trial 13 finished with value: 92.62371826171875 and parameters: {'gradient_clip_val': 0.21957939038207464, 'hidden_size': 20, 'dropout': 0.28964351378320746, 'hidden_continuous_size': 8, 'attention_head_size': 3, 'learning_rate': 0.0033338772020130207}. Best is trial 0 with value: 64.44483184814453.
[I 2023-12-26 17:05:54,012] Trial 14 finished with value: 85.38201904296875 and parameters: {'gradient_clip_val': 0.2226606067633425, 'hidden_size': 77, 'dropout': 0.4329911655748679, 'hidden_continuous_size': 11, 'attention_head_size': 1, 'learning_rate': 0.0009354241721453953}. Best is trial 0 with value: 64.44483184814453.
[I 2023-12-26 17:05:56,790] Trial 15 finished with value: 125.33332061767578 and parameters: {'gradient_clip_val': 0.9202982284125079, 'hidden_size': 22, 'dropout': 0.3398809369843583, 'hidden_continuous_size': 8, 'attention_head_size': 3, 'learning_rate': 0.009074555795667348}. Best is trial 0 with value: 64.44483184814453.
[I 2023-12-26 17:06:02,004] Trial 16 finished with value: 119.1417236328125 and parameters: {'gradient_clip_val': 0.14434623405076188, 'hidden_size': 62, 'dropout': 0.2571351866852941, 'hidden_continuous_size': 5, 'attention_head_size': 4, 'learning_rate': 0.0030648032086453047}. Best is trial 0 with value: 64.44483184814453.
[I 2023-12-26 17:06:09,500] Trial 17 finished with value: 98.46598052978516 and parameters: {'gradient_clip_val': 0.23247523447562912, 'hidden_size': 91, 'dropout': 0.35395735629577674, 'hidden_continuous_size': 17, 'attention_head_size': 1, 'learning_rate': 0.000947211350064198}. Best is trial 0 with value: 64.44483184814453.
