[I 2023-12-15 23:57:24,674] Trial 19 finished with value: 0.07533685863018036 and parameters: {'gradient_clip_val': 0.12246463578056843, 'hidden_size': 14, 'dropout': 0.21386817907284936, 'hidden_continuous_size': 6, 'attention_head_size': 3, 'learning_rate': 0.013164627516334515}. Best is trial 18 with value: 0.059821952134370804.
LOCAL_RANK: 0 - CUDA_VISIBLE_DEVICES: [0]
[I 2023-12-15 23:58:09,277] Trial 20 finished with value: 0.1918136030435562 and parameters: {'gradient_clip_val': 0.10348631054820419, 'hidden_size': 12, 'dropout': 0.208789283538365, 'hidden_continuous_size': 6, 'attention_head_size': 3, 'learning_rate': 0.016354817908982973}. Best is trial 18 with value: 0.059821952134370804.
LOCAL_RANK: 0 - CUDA_VISIBLE_DEVICES: [0]
[I 2023-12-15 23:58:55,018] Trial 21 finished with value: 0.10664989799261093 and parameters: {'gradient_clip_val': 0.13870230206494807, 'hidden_size': 14, 'dropout': 0.19975117744817292, 'hidden_continuous_size': 6, 'attention_head_size': 3, 'learning_rate': 0.011059236823086243}. Best is trial 18 with value: 0.059821952134370804.
LOCAL_RANK: 0 - CUDA_VISIBLE_DEVICES: [0]
[I 2023-12-15 23:59:40,589] Trial 22 finished with value: 0.10679436475038528 and parameters: {'gradient_clip_val': 0.1496201080050509, 'hidden_size': 14, 'dropout': 0.24480294885766637, 'hidden_continuous_size': 5, 'attention_head_size': 3, 'learning_rate': 0.026831781130558317}. Best is trial 18 with value: 0.059821952134370804.
LOCAL_RANK: 0 - CUDA_VISIBLE_DEVICES: [0]
[I 2023-12-16 00:00:29,033] Trial 23 finished with value: 0.4586237967014313 and parameters: {'gradient_clip_val': 0.10613207344634254, 'hidden_size': 23, 'dropout': 0.22091364161237054, 'hidden_continuous_size': 5, 'attention_head_size': 2, 'learning_rate': 0.04401090604178934}. Best is trial 18 with value: 0.059821952134370804.
LOCAL_RANK: 0 - CUDA_VISIBLE_DEVICES: [0]
[I 2023-12-16 00:01:14,971] Trial 24 finished with value: 0.06790826469659805 and parameters: {'gradient_clip_val': 0.17474684171105123, 'hidden_size': 9, 'dropout': 0.1919251384508505, 'hidden_continuous_size': 6, 'attention_head_size': 4, 'learning_rate': 0.015470003241986231}. Best is trial 18 with value: 0.059821952134370804.
LOCAL_RANK: 0 - CUDA_VISIBLE_DEVICES: [0]
[I 2023-12-16 00:02:00,839] Trial 25 finished with value: 1.3302075862884521 and parameters: {'gradient_clip_val': 0.1285393430077232, 'hidden_size': 9, 'dropout': 0.19147308297267054, 'hidden_continuous_size': 6, 'attention_head_size': 4, 'learning_rate': 0.00886052762656594}. Best is trial 18 with value: 0.059821952134370804.
LOCAL_RANK: 0 - CUDA_VISIBLE_DEVICES: [0]
[I 2023-12-16 00:02:46,683] Trial 26 finished with value: 0.15277604758739471 and parameters: {'gradient_clip_val': 0.166861315937295, 'hidden_size': 6, 'dropout': 0.16891502247244033, 'hidden_continuous_size': 5, 'attention_head_size': 4, 'learning_rate': 0.015559037250322124}. Best is trial 18 with value: 0.059821952134370804.
LOCAL_RANK: 0 - CUDA_VISIBLE_DEVICES: [0]
[I 2023-12-16 00:03:32,527] Trial 27 finished with value: 0.32386425137519836 and parameters: {'gradient_clip_val': 0.12176459499292633, 'hidden_size': 7, 'dropout': 0.1840989045122285, 'hidden_continuous_size': 6, 'attention_head_size': 4, 'learning_rate': 0.007028735557537102}. Best is trial 18 with value: 0.059821952134370804.
LOCAL_RANK: 0 - CUDA_VISIBLE_DEVICES: [0]
[I 2023-12-16 00:04:18,224] Trial 28 finished with value: 0.13911862671375275 and parameters: {'gradient_clip_val': 0.10012319115945853, 'hidden_size': 10, 'dropout': 0.21836100673952724, 'hidden_continuous_size': 6, 'attention_head_size': 3, 'learning_rate': 0.01278314707085595}. Best is trial 18 with value: 0.059821952134370804.
LOCAL_RANK: 0 - CUDA_VISIBLE_DEVICES: [0]
[I 2023-12-16 00:05:02,902] Trial 29 finished with value: 0.4145149886608124 and parameters: {'gradient_clip_val': 0.16061315241787688, 'hidden_size': 12, 'dropout': 0.13766645133104588, 'hidden_continuous_size': 7, 'attention_head_size': 3, 'learning_rate': 0.01771354769248809}. Best is trial 18 with value: 0.059821952134370804.
LOCAL_RANK: 0 - CUDA_VISIBLE_DEVICES: [0]
[I 2023-12-16 00:05:48,947] Trial 30 finished with value: 0.11355074495077133 and parameters: {'gradient_clip_val': 0.18840854914664662, 'hidden_size': 10, 'dropout': 0.1870265224962519, 'hidden_continuous_size': 6, 'attention_head_size': 4, 'learning_rate': 0.009004192586086016}. Best is trial 18 with value: 0.059821952134370804.
LOCAL_RANK: 0 - CUDA_VISIBLE_DEVICES: [0]
[I 2023-12-16 00:06:34,619] Trial 31 finished with value: 0.581805408000946 and parameters: {'gradient_clip_val': 0.13763599740971327, 'hidden_size': 14, 'dropout': 0.22420647138119398, 'hidden_continuous_size': 7, 'attention_head_size': 2, 'learning_rate': 0.021399438256437316}. Best is trial 18 with value: 0.059821952134370804.
LOCAL_RANK: 0 - CUDA_VISIBLE_DEVICES: [0]
[I 2023-12-16 00:07:20,045] Trial 32 finished with value: 0.17990446090698242 and parameters: {'gradient_clip_val': 0.11645420215082765, 'hidden_size': 9, 'dropout': 0.236938582111679, 'hidden_continuous_size': 6, 'attention_head_size': 2, 'learning_rate': 0.041408769217867895}. Best is trial 18 with value: 0.059821952134370804.
LOCAL_RANK: 0 - CUDA_VISIBLE_DEVICES: [0]
[I 2023-12-16 00:08:04,833] Trial 33 finished with value: 0.09508592635393143 and parameters: {'gradient_clip_val': 0.14807046175020483, 'hidden_size': 12, 'dropout': 0.20988424503838424, 'hidden_continuous_size': 7, 'attention_head_size': 3, 'learning_rate': 0.018636991903994767}. Best is trial 18 with value: 0.059821952134370804.
LOCAL_RANK: 0 - CUDA_VISIBLE_DEVICES: [0]
[I 2023-12-16 00:08:50,048] Trial 34 finished with value: 0.7480581402778625 and parameters: {'gradient_clip_val': 0.13031804250869708, 'hidden_size': 7, 'dropout': 0.17373832099681868, 'hidden_continuous_size': 6, 'attention_head_size': 2, 'learning_rate': 0.012354287185102796}. Best is trial 18 with value: 0.059821952134370804.
LOCAL_RANK: 0 - CUDA_VISIBLE_DEVICES: [0]
[I 2023-12-16 00:09:36,330] Trial 35 finished with value: 0.13612085580825806 and parameters: {'gradient_clip_val': 0.1897249911868919, 'hidden_size': 15, 'dropout': 0.2526118674214286, 'hidden_continuous_size': 8, 'attention_head_size': 3, 'learning_rate': 0.012042849080153116}. Best is trial 18 with value: 0.059821952134370804.
LOCAL_RANK: 0 - CUDA_VISIBLE_DEVICES: [0]
[I 2023-12-16 00:10:24,178] Trial 36 finished with value: 0.7477385997772217 and parameters: {'gradient_clip_val': 0.11568476613723237, 'hidden_size': 18, 'dropout': 0.20332396622199644, 'hidden_continuous_size': 8, 'attention_head_size': 4, 'learning_rate': 0.007683694699460822}. Best is trial 18 with value: 0.059821952134370804.
LOCAL_RANK: 0 - CUDA_VISIBLE_DEVICES: [0]
[I 2023-12-16 00:11:10,113] Trial 37 finished with value: 0.18742601573467255 and parameters: {'gradient_clip_val': 0.24217463979096113, 'hidden_size': 13, 'dropout': 0.17880203810718073, 'hidden_continuous_size': 5, 'attention_head_size': 3, 'learning_rate': 0.0056710104742045365}. Best is trial 18 with value: 0.059821952134370804.
LOCAL_RANK: 0 - CUDA_VISIBLE_DEVICES: [0]
[I 2023-12-16 00:11:56,202] Trial 38 finished with value: 0.1089717373251915 and parameters: {'gradient_clip_val': 0.2914784419147968, 'hidden_size': 11, 'dropout': 0.19927629780316403, 'hidden_continuous_size': 6, 'attention_head_size': 4, 'learning_rate': 0.021362300484235913}. Best is trial 18 with value: 0.059821952134370804.
LOCAL_RANK: 0 - CUDA_VISIBLE_DEVICES: [0]
[I 2023-12-16 00:12:41,506] Trial 39 finished with value: 0.34022989869117737 and parameters: {'gradient_clip_val': 0.4446104261985106, 'hidden_size': 16, 'dropout': 0.15154292579985115, 'hidden_continuous_size': 8, 'attention_head_size': 3, 'learning_rate': 0.009863199276866453}. Best is trial 18 with value: 0.059821952134370804.
LOCAL_RANK: 0 - CUDA_VISIBLE_DEVICES: [0]
[I 2023-12-16 00:13:30,715] Trial 40 finished with value: 0.08668967336416245 and parameters: {'gradient_clip_val': 0.1472422484633823, 'hidden_size': 25, 'dropout': 0.22892526380231712, 'hidden_continuous_size': 10, 'attention_head_size': 2, 'learning_rate': 0.03258254416782602}. Best is trial 18 with value: 0.059821952134370804.
LOCAL_RANK: 0 - CUDA_VISIBLE_DEVICES: [0]
[I 2023-12-16 00:14:19,925] Trial 41 finished with value: 0.08746111392974854 and parameters: {'gradient_clip_val': 0.14518770400815584, 'hidden_size': 26, 'dropout': 0.2309345960798343, 'hidden_continuous_size': 10, 'attention_head_size': 2, 'learning_rate': 0.0295482634231621}. Best is trial 18 with value: 0.059821952134370804.
LOCAL_RANK: 0 - CUDA_VISIBLE_DEVICES: [0]
[I 2023-12-16 00:15:07,007] Trial 42 finished with value: 0.5260973572731018 and parameters: {'gradient_clip_val': 0.1257596497853263, 'hidden_size': 20, 'dropout': 0.22565264995045553, 'hidden_continuous_size': 10, 'attention_head_size': 2, 'learning_rate': 0.020197189537036357}. Best is trial 18 with value: 0.059821952134370804.
LOCAL_RANK: 0 - CUDA_VISIBLE_DEVICES: [0]
[I 2023-12-16 00:15:54,917] Trial 43 finished with value: 0.21049483120441437 and parameters: {'gradient_clip_val': 0.179738635240425, 'hidden_size': 28, 'dropout': 0.19575579254010195, 'hidden_continuous_size': 8, 'attention_head_size': 1, 'learning_rate': 0.03428402858562837}. Best is trial 18 with value: 0.059821952134370804.
LOCAL_RANK: 0 - CUDA_VISIBLE_DEVICES: [0]
[I 2023-12-16 00:16:42,186] Trial 44 finished with value: 0.07300018519163132 and parameters: {'gradient_clip_val': 0.2104453429367496, 'hidden_size': 20, 'dropout': 0.24794112663330325, 'hidden_continuous_size': 11, 'attention_head_size': 2, 'learning_rate': 0.02386240006582884}. Best is trial 18 with value: 0.059821952134370804.
LOCAL_RANK: 0 - CUDA_VISIBLE_DEVICES: [0]
[I 2023-12-16 00:17:30,028] Trial 45 finished with value: 0.13052606582641602 and parameters: {'gradient_clip_val': 0.2098511514717863, 'hidden_size': 19, 'dropout': 0.2587084221210805, 'hidden_continuous_size': 11, 'attention_head_size': 1, 'learning_rate': 0.023988103830562144}. Best is trial 18 with value: 0.059821952134370804.
LOCAL_RANK: 0 - CUDA_VISIBLE_DEVICES: [0]
[I 2023-12-16 00:18:15,343] Trial 46 finished with value: 0.5985891222953796 and parameters: {'gradient_clip_val': 0.20959198469237764, 'hidden_size': 16, 'dropout': 0.24420247365165243, 'hidden_continuous_size': 7, 'attention_head_size': 3, 'learning_rate': 0.013762345873969462}. Best is trial 18 with value: 0.059821952134370804.
LOCAL_RANK: 0 - CUDA_VISIBLE_DEVICES: [0]
[I 2023-12-16 00:19:00,652] Trial 47 finished with value: 0.3118550479412079 and parameters: {'gradient_clip_val': 0.1592753195068474, 'hidden_size': 13, 'dropout': 0.2856495163022911, 'hidden_continuous_size': 5, 'attention_head_size': 2, 'learning_rate': 0.015847776442877482}. Best is trial 18 with value: 0.059821952134370804.
LOCAL_RANK: 0 - CUDA_VISIBLE_DEVICES: [0]
[I 2023-12-16 00:19:49,422] Trial 48 finished with value: 0.07992740720510483 and parameters: {'gradient_clip_val': 0.23804580127800193, 'hidden_size': 18, 'dropout': 0.30501282021647846, 'hidden_continuous_size': 11, 'attention_head_size': 4, 'learning_rate': 0.05283417883353696}. Best is trial 18 with value: 0.059821952134370804.
LOCAL_RANK: 0 - CUDA_VISIBLE_DEVICES: [0]
[I 2023-12-16 00:20:39,151] Trial 49 finished with value: 0.09737461060285568 and parameters: {'gradient_clip_val': 0.23812712933729818, 'hidden_size': 22, 'dropout': 0.30187323960969875, 'hidden_continuous_size': 11, 'attention_head_size': 4, 'learning_rate': 0.07455792128287714}. Best is trial 18 with value: 0.059821952134370804.
[I 2023-12-16 00:20:39,245] A new study created in memory with name: no-name-6fdbc3d7-1968-4d61-87a5-202b4eca74e2
/home/le004/conda/anaconda3/envs/tsff_env/lib/python3.9/site-packages/lightning/fabric/plugins/environments/slurm.py:191: The `srun` command is available on your system but is not used. HINT: If your intention is to run Lightning on SLURM, prepend your python command with `srun` like so: srun python /home/le004/master_thesis/git/TSFusionForecast/code/ ...
LOCAL_RANK: 0 - CUDA_VISIBLE_DEVICES: [0]
[I 2023-12-16 00:21:36,127] Trial 0 finished with value: 0.21642501652240753 and parameters: {'gradient_clip_val': 0.6400584814376037, 'hidden_size': 89, 'dropout': 0.33697495597615545, 'hidden_continuous_size': 79, 'attention_head_size': 1, 'learning_rate': 0.02763453946593126}. Best is trial 0 with value: 0.21642501652240753.
LOCAL_RANK: 0 - CUDA_VISIBLE_DEVICES: [0]
[I 2023-12-16 00:22:24,040] Trial 1 finished with value: 3.0789661407470703 and parameters: {'gradient_clip_val': 0.11087664424245532, 'hidden_size': 24, 'dropout': 0.29032467413674656, 'hidden_continuous_size': 9, 'attention_head_size': 2, 'learning_rate': 0.0050540123434588665}. Best is trial 0 with value: 0.21642501652240753.
LOCAL_RANK: 0 - CUDA_VISIBLE_DEVICES: [0]
[I 2023-12-16 00:23:09,299] Trial 2 finished with value: 1.4004133939743042 and parameters: {'gradient_clip_val': 0.15883378523989247, 'hidden_size': 11, 'dropout': 0.3075370069352017, 'hidden_continuous_size': 8, 'attention_head_size': 1, 'learning_rate': 0.02086002216752716}. Best is trial 0 with value: 0.21642501652240753.
LOCAL_RANK: 0 - CUDA_VISIBLE_DEVICES: [0]
[I 2023-12-16 00:23:53,531] Trial 3 finished with value: 0.8165237903594971 and parameters: {'gradient_clip_val': 0.6544124061693103, 'hidden_size': 8, 'dropout': 0.172730062899287, 'hidden_continuous_size': 5, 'attention_head_size': 3, 'learning_rate': 0.010677450981925064}. Best is trial 0 with value: 0.21642501652240753.
LOCAL_RANK: 0 - CUDA_VISIBLE_DEVICES: [0]
[I 2023-12-16 00:24:27,397] Trial 4 finished with value: 1.8180383443832397 and parameters: {'gradient_clip_val': 0.2965925272471776, 'hidden_size': 5, 'dropout': 0.3570970574620972, 'hidden_continuous_size': 5, 'attention_head_size': 1, 'learning_rate': 0.004109720338807409}. Best is trial 0 with value: 0.21642501652240753.
LOCAL_RANK: 0 - CUDA_VISIBLE_DEVICES: [0]
[I 2023-12-16 00:25:15,616] Trial 5 finished with value: 1.5831117630004883 and parameters: {'gradient_clip_val': 0.7059581220678548, 'hidden_size': 29, 'dropout': 0.2381355395011445, 'hidden_continuous_size': 5, 'attention_head_size': 1, 'learning_rate': 0.07647467201454097}. Best is trial 0 with value: 0.21642501652240753.
LOCAL_RANK: 0 - CUDA_VISIBLE_DEVICES: [0]
[I 2023-12-16 00:26:08,185] Trial 6 finished with value: 1.8409481048583984 and parameters: {'gradient_clip_val': 0.39503854550369855, 'hidden_size': 46, 'dropout': 0.28673372058661434, 'hidden_continuous_size': 16, 'attention_head_size': 2, 'learning_rate': 0.001543840364988099}. Best is trial 0 with value: 0.21642501652240753.
LOCAL_RANK: 0 - CUDA_VISIBLE_DEVICES: [0]
[I 2023-12-16 00:27:03,693] Trial 7 finished with value: 2.3370354175567627 and parameters: {'gradient_clip_val': 0.5777605923489796, 'hidden_size': 93, 'dropout': 0.12157823495719348, 'hidden_continuous_size': 24, 'attention_head_size': 4, 'learning_rate': 0.018693654804289597}. Best is trial 0 with value: 0.21642501652240753.
LOCAL_RANK: 0 - CUDA_VISIBLE_DEVICES: [0]
[I 2023-12-16 00:27:55,455] Trial 8 finished with value: 0.9880414009094238 and parameters: {'gradient_clip_val': 0.5946918535333823, 'hidden_size': 57, 'dropout': 0.36396303079752124, 'hidden_continuous_size': 7, 'attention_head_size': 1, 'learning_rate': 0.012999177575807137}. Best is trial 0 with value: 0.21642501652240753.
LOCAL_RANK: 0 - CUDA_VISIBLE_DEVICES: [0]
[I 2023-12-16 00:28:48,585] Trial 9 finished with value: 4.513708591461182 and parameters: {'gradient_clip_val': 0.702275126751707, 'hidden_size': 35, 'dropout': 0.22601693873714107, 'hidden_continuous_size': 25, 'attention_head_size': 4, 'learning_rate': 0.014477454031252954}. Best is trial 0 with value: 0.21642501652240753.
LOCAL_RANK: 0 - CUDA_VISIBLE_DEVICES: [0]
[I 2023-12-16 00:29:26,597] Trial 10 finished with value: 0.5985733866691589 and parameters: {'gradient_clip_val': 0.8640704197818883, 'hidden_size': 90, 'dropout': 0.3821571541958696, 'hidden_continuous_size': 90, 'attention_head_size': 3, 'learning_rate': 0.09284169051766636}. Best is trial 0 with value: 0.21642501652240753.
LOCAL_RANK: 0 - CUDA_VISIBLE_DEVICES: [0]
[I 2023-12-16 00:30:25,015] Trial 11 finished with value: 2.3679604530334473 and parameters: {'gradient_clip_val': 0.9976374184831531, 'hidden_size': 98, 'dropout': 0.38820091669677564, 'hidden_continuous_size': 93, 'attention_head_size': 3, 'learning_rate': 0.09473478237468565}. Best is trial 0 with value: 0.21642501652240753.
LOCAL_RANK: 0 - CUDA_VISIBLE_DEVICES: [0]
[I 2023-12-16 00:31:01,663] Trial 12 finished with value: 1.6632238626480103 and parameters: {'gradient_clip_val': 0.9006441805055746, 'hidden_size': 61, 'dropout': 0.3996388194283776, 'hidden_continuous_size': 61, 'attention_head_size': 3, 'learning_rate': 0.043918199289779226}. Best is trial 0 with value: 0.21642501652240753.
LOCAL_RANK: 0 - CUDA_VISIBLE_DEVICES: [0]
[I 2023-12-16 00:31:56,606] Trial 13 finished with value: 0.3043998181819916 and parameters: {'gradient_clip_val': 0.42131711764202545, 'hidden_size': 71, 'dropout': 0.33540734660763927, 'hidden_continuous_size': 47, 'attention_head_size': 2, 'learning_rate': 0.039142870700375205}. Best is trial 0 with value: 0.21642501652240753.
LOCAL_RANK: 0 - CUDA_VISIBLE_DEVICES: [0]
[I 2023-12-16 00:32:49,414] Trial 14 finished with value: 1.4082269668579102 and parameters: {'gradient_clip_val': 0.40729093590116106, 'hidden_size': 44, 'dropout': 0.3382361562699403, 'hidden_continuous_size': 35, 'attention_head_size': 2, 'learning_rate': 0.037863928258937654}. Best is trial 0 with value: 0.21642501652240753.
LOCAL_RANK: 0 - CUDA_VISIBLE_DEVICES: [0]
[I 2023-12-16 00:33:37,629] Trial 15 finished with value: 1.1218992471694946 and parameters: {'gradient_clip_val': 0.4634848272371831, 'hidden_size': 19, 'dropout': 0.3251780624663449, 'hidden_continuous_size': 11, 'attention_head_size': 2, 'learning_rate': 0.03240865654491701}. Best is trial 0 with value: 0.21642501652240753.
LOCAL_RANK: 0 - CUDA_VISIBLE_DEVICES: [0]
[I 2023-12-16 00:34:32,080] Trial 16 finished with value: 1.6263761520385742 and parameters: {'gradient_clip_val': 0.2985333857111074, 'hidden_size': 67, 'dropout': 0.26795064718192746, 'hidden_continuous_size': 44, 'attention_head_size': 1, 'learning_rate': 0.04348047681157067}. Best is trial 0 with value: 0.21642501652240753.
LOCAL_RANK: 0 - CUDA_VISIBLE_DEVICES: [0]
[I 2023-12-16 00:35:27,231] Trial 17 finished with value: 2.5970447063446045 and parameters: {'gradient_clip_val': 0.2391303541594253, 'hidden_size': 70, 'dropout': 0.3386469731892302, 'hidden_continuous_size': 47, 'attention_head_size': 2, 'learning_rate': 0.007865070269695167}. Best is trial 0 with value: 0.21642501652240753.
LOCAL_RANK: 0 - CUDA_VISIBLE_DEVICES: [0]
[I 2023-12-16 00:36:19,334] Trial 18 finished with value: 2.5233306884765625 and parameters: {'gradient_clip_val': 0.45872097268400663, 'hidden_size': 41, 'dropout': 0.3102052487497218, 'hidden_continuous_size': 17, 'attention_head_size': 1, 'learning_rate': 0.025268060956332113}. Best is trial 0 with value: 0.21642501652240753.
LOCAL_RANK: 0 - CUDA_VISIBLE_DEVICES: [0]
[I 2023-12-16 00:37:12,424] Trial 19 finished with value: 1.6528186798095703 and parameters: {'gradient_clip_val': 0.5060611135615235, 'hidden_size': 54, 'dropout': 0.3530466891578566, 'hidden_continuous_size': 28, 'attention_head_size': 2, 'learning_rate': 0.0005256961372538974}. Best is trial 0 with value: 0.21642501652240753.
LOCAL_RANK: 0 - CUDA_VISIBLE_DEVICES: [0]
[I 2023-12-16 00:38:07,439] Trial 20 finished with value: 0.11203905194997787 and parameters: {'gradient_clip_val': 0.2233739755368688, 'hidden_size': 71, 'dropout': 0.2660047330521225, 'hidden_continuous_size': 56, 'attention_head_size': 1, 'learning_rate': 0.06798033817148227}. Best is trial 20 with value: 0.11203905194997787.
LOCAL_RANK: 0 - CUDA_VISIBLE_DEVICES: [0]
[I 2023-12-16 00:39:02,200] Trial 21 finished with value: 1.1603196859359741 and parameters: {'gradient_clip_val': 0.3611391748013857, 'hidden_size': 76, 'dropout': 0.2605969468785776, 'hidden_continuous_size': 57, 'attention_head_size': 1, 'learning_rate': 0.05669770095537653}. Best is trial 20 with value: 0.11203905194997787.
LOCAL_RANK: 0 - CUDA_VISIBLE_DEVICES: [0]
[I 2023-12-16 00:39:57,592] Trial 22 finished with value: 2.335826873779297 and parameters: {'gradient_clip_val': 0.2400937490351794, 'hidden_size': 75, 'dropout': 0.3153693949842883, 'hidden_continuous_size': 64, 'attention_head_size': 1, 'learning_rate': 0.05833910064150125}. Best is trial 20 with value: 0.11203905194997787.
LOCAL_RANK: 0 - CUDA_VISIBLE_DEVICES: [0]
[I 2023-12-16 00:40:55,617] Trial 23 finished with value: 0.2461516410112381 and parameters: {'gradient_clip_val': 0.5184265211845078, 'hidden_size': 100, 'dropout': 0.2877794261651867, 'hidden_continuous_size': 77, 'attention_head_size': 2, 'learning_rate': 0.027267491185730807}. Best is trial 20 with value: 0.11203905194997787.
LOCAL_RANK: 0 - CUDA_VISIBLE_DEVICES: [0]
[I 2023-12-16 00:41:52,833] Trial 24 finished with value: 1.3660823106765747 and parameters: {'gradient_clip_val': 0.7334726778315416, 'hidden_size': 98, 'dropout': 0.2310495745247494, 'hidden_continuous_size': 76, 'attention_head_size': 1, 'learning_rate': 0.022354458683183497}. Best is trial 20 with value: 0.11203905194997787.
LOCAL_RANK: 0 - CUDA_VISIBLE_DEVICES: [0]
[I 2023-12-16 00:42:46,284] Trial 25 finished with value: 4.520894527435303 and parameters: {'gradient_clip_val': 0.5519349749236144, 'hidden_size': 53, 'dropout': 0.28635394589385776, 'hidden_continuous_size': 40, 'attention_head_size': 2, 'learning_rate': 0.027052851067856532}. Best is trial 20 with value: 0.11203905194997787.
LOCAL_RANK: 0 - CUDA_VISIBLE_DEVICES: [0]
