[I 2023-12-27 11:02:09,207] Trial 18 finished with value: 37.353729248046875 and parameters: {'gradient_clip_val': 0.17672613524126177, 'hidden_size': 20, 'dropout': 0.16132686842111613, 'hidden_continuous_size': 10, 'attention_head_size': 1, 'learning_rate': 0.0036037595846218724}. Best is trial 0 with value: 12.23012638092041.
LOCAL_RANK: 0 - CUDA_VISIBLE_DEVICES: [0]
[I 2023-12-27 11:02:09,712] Trial 19 finished with value: 54.316375732421875 and parameters: {'gradient_clip_val': 0.31103335761125855, 'hidden_size': 106, 'dropout': 0.2205108915290348, 'hidden_continuous_size': 16, 'attention_head_size': 2, 'learning_rate': 0.010128605878819988}. Best is trial 0 with value: 12.23012638092041.
LOCAL_RANK: 0 - CUDA_VISIBLE_DEVICES: [0]
[I 2023-12-27 11:02:10,232] Trial 20 finished with value: 47.095672607421875 and parameters: {'gradient_clip_val': 0.4594631488504896, 'hidden_size': 144, 'dropout': 0.16251509430400324, 'hidden_continuous_size': 32, 'attention_head_size': 1, 'learning_rate': 0.0014069046353930828}. Best is trial 0 with value: 12.23012638092041.
LOCAL_RANK: 0 - CUDA_VISIBLE_DEVICES: [0]
[I 2023-12-27 11:02:10,711] Trial 21 finished with value: 51.36907958984375 and parameters: {'gradient_clip_val': 0.1606725630981749, 'hidden_size': 19, 'dropout': 0.15517090021688573, 'hidden_continuous_size': 10, 'attention_head_size': 1, 'learning_rate': 0.002851777550637687}. Best is trial 0 with value: 12.23012638092041.
LOCAL_RANK: 0 - CUDA_VISIBLE_DEVICES: [0]
[I 2023-12-27 11:02:11,166] Trial 22 finished with value: 49.37535095214844 and parameters: {'gradient_clip_val': 0.10150102956113247, 'hidden_size': 15, 'dropout': 0.19065015277866987, 'hidden_continuous_size': 9, 'attention_head_size': 1, 'learning_rate': 0.0037719713091130366}. Best is trial 0 with value: 12.23012638092041.
LOCAL_RANK: 0 - CUDA_VISIBLE_DEVICES: [0]
[I 2023-12-27 11:02:11,643] Trial 23 finished with value: 45.11067199707031 and parameters: {'gradient_clip_val': 0.32790653090655647, 'hidden_size': 41, 'dropout': 0.13208595906657447, 'hidden_continuous_size': 11, 'attention_head_size': 2, 'learning_rate': 0.007015297762168634}. Best is trial 0 with value: 12.23012638092041.
LOCAL_RANK: 0 - CUDA_VISIBLE_DEVICES: [0]
[I 2023-12-27 11:02:12,426] Trial 24 finished with value: 42.488258361816406 and parameters: {'gradient_clip_val': 0.19604354559559967, 'hidden_size': 63, 'dropout': 0.17575068530532595, 'hidden_continuous_size': 13, 'attention_head_size': 1, 'learning_rate': 0.000868097551214125}. Best is trial 0 with value: 12.23012638092041.
LOCAL_RANK: 0 - CUDA_VISIBLE_DEVICES: [0]
[I 2023-12-27 11:02:12,906] Trial 25 finished with value: 49.050662994384766 and parameters: {'gradient_clip_val': 0.2696286411708132, 'hidden_size': 13, 'dropout': 0.21227118395036504, 'hidden_continuous_size': 9, 'attention_head_size': 2, 'learning_rate': 0.0005304575194840396}. Best is trial 0 with value: 12.23012638092041.
LOCAL_RANK: 0 - CUDA_VISIBLE_DEVICES: [0]
[I 2023-12-27 11:02:13,363] Trial 26 finished with value: 56.883113861083984 and parameters: {'gradient_clip_val': 0.1739653744194347, 'hidden_size': 40, 'dropout': 0.1358116153706092, 'hidden_continuous_size': 13, 'attention_head_size': 1, 'learning_rate': 0.003924183057661052}. Best is trial 0 with value: 12.23012638092041.
LOCAL_RANK: 0 - CUDA_VISIBLE_DEVICES: [0]
[I 2023-12-27 11:02:13,840] Trial 27 finished with value: 43.191646575927734 and parameters: {'gradient_clip_val': 0.2399918516585613, 'hidden_size': 24, 'dropout': 0.10194284263898588, 'hidden_continuous_size': 10, 'attention_head_size': 2, 'learning_rate': 0.0016922374337888573}. Best is trial 0 with value: 12.23012638092041.
LOCAL_RANK: 0 - CUDA_VISIBLE_DEVICES: [0]
[I 2023-12-27 11:02:14,373] Trial 28 finished with value: 45.64523696899414 and parameters: {'gradient_clip_val': 0.3229556592277575, 'hidden_size': 52, 'dropout': 0.22447276801666738, 'hidden_continuous_size': 15, 'attention_head_size': 1, 'learning_rate': 0.0010259335373155106}. Best is trial 0 with value: 12.23012638092041.
LOCAL_RANK: 0 - CUDA_VISIBLE_DEVICES: [0]
[I 2023-12-27 11:02:14,838] Trial 29 finished with value: 62.36525344848633 and parameters: {'gradient_clip_val': 0.2180529311267146, 'hidden_size': 31, 'dropout': 0.2743475257395788, 'hidden_continuous_size': 12, 'attention_head_size': 3, 'learning_rate': 0.0028908918160957817}. Best is trial 0 with value: 12.23012638092041.
LOCAL_RANK: 0 - CUDA_VISIBLE_DEVICES: [0]
[I 2023-12-27 11:02:15,348] Trial 30 finished with value: 49.019378662109375 and parameters: {'gradient_clip_val': 0.4631928018569364, 'hidden_size': 74, 'dropout': 0.1774586773993404, 'hidden_continuous_size': 18, 'attention_head_size': 2, 'learning_rate': 0.006173807053304152}. Best is trial 0 with value: 12.23012638092041.
LOCAL_RANK: 0 - CUDA_VISIBLE_DEVICES: [0]
[I 2023-12-27 11:02:15,822] Trial 31 finished with value: 45.2229118347168 and parameters: {'gradient_clip_val': 0.36520043425825105, 'hidden_size': 63, 'dropout': 0.1568967731443886, 'hidden_continuous_size': 11, 'attention_head_size': 1, 'learning_rate': 0.0005523165400043319}. Best is trial 0 with value: 12.23012638092041.
LOCAL_RANK: 0 - CUDA_VISIBLE_DEVICES: [0]
[I 2023-12-27 11:02:16,313] Trial 32 finished with value: 42.87937927246094 and parameters: {'gradient_clip_val': 0.26462691854304077, 'hidden_size': 57, 'dropout': 0.18301445137833688, 'hidden_continuous_size': 8, 'attention_head_size': 1, 'learning_rate': 0.0008239796437758888}. Best is trial 0 with value: 12.23012638092041.
LOCAL_RANK: 0 - CUDA_VISIBLE_DEVICES: [0]
[I 2023-12-27 11:02:16,807] Trial 33 finished with value: 59.26018142700195 and parameters: {'gradient_clip_val': 0.34640788561728125, 'hidden_size': 72, 'dropout': 0.22018265765220538, 'hidden_continuous_size': 14, 'attention_head_size': 1, 'learning_rate': 0.000732236711746324}. Best is trial 0 with value: 12.23012638092041.
LOCAL_RANK: 0 - CUDA_VISIBLE_DEVICES: [0]
[I 2023-12-27 11:02:17,300] Trial 34 finished with value: 46.61176681518555 and parameters: {'gradient_clip_val': 0.2810756315885699, 'hidden_size': 49, 'dropout': 0.16123632611107067, 'hidden_continuous_size': 11, 'attention_head_size': 1, 'learning_rate': 0.0005730904169851841}. Best is trial 0 with value: 12.23012638092041.
LOCAL_RANK: 0 - CUDA_VISIBLE_DEVICES: [0]
[I 2023-12-27 11:02:17,802] Trial 35 finished with value: 42.02284622192383 and parameters: {'gradient_clip_val': 0.3913235140336253, 'hidden_size': 105, 'dropout': 0.1310551355048138, 'hidden_continuous_size': 7, 'attention_head_size': 1, 'learning_rate': 0.0013325591035548156}. Best is trial 0 with value: 12.23012638092041.
LOCAL_RANK: 0 - CUDA_VISIBLE_DEVICES: [0]
[I 2023-12-27 11:02:18,262] Trial 36 finished with value: 57.372432708740234 and parameters: {'gradient_clip_val': 0.4532534824852899, 'hidden_size': 64, 'dropout': 0.1921554395726984, 'hidden_continuous_size': 18, 'attention_head_size': 2, 'learning_rate': 0.0009647399992877317}. Best is trial 0 with value: 12.23012638092041.
LOCAL_RANK: 0 - CUDA_VISIBLE_DEVICES: [0]
[I 2023-12-27 11:02:19,026] Trial 37 finished with value: 37.5068359375 and parameters: {'gradient_clip_val': 0.5221483477894082, 'hidden_size': 35, 'dropout': 0.2448609474056078, 'hidden_continuous_size': 12, 'attention_head_size': 1, 'learning_rate': 0.004566138907854867}. Best is trial 0 with value: 12.23012638092041.
LOCAL_RANK: 0 - CUDA_VISIBLE_DEVICES: [0]
[I 2023-12-27 11:02:19,511] Trial 38 finished with value: 48.853973388671875 and parameters: {'gradient_clip_val': 0.5604743413035108, 'hidden_size': 36, 'dropout': 0.28040337153736544, 'hidden_continuous_size': 13, 'attention_head_size': 1, 'learning_rate': 0.004715873714678804}. Best is trial 0 with value: 12.23012638092041.
LOCAL_RANK: 0 - CUDA_VISIBLE_DEVICES: [0]
[I 2023-12-27 11:02:20,010] Trial 39 finished with value: 37.87190246582031 and parameters: {'gradient_clip_val': 0.6270331031333707, 'hidden_size': 22, 'dropout': 0.24768265835710326, 'hidden_continuous_size': 12, 'attention_head_size': 4, 'learning_rate': 0.010015682255759285}. Best is trial 0 with value: 12.23012638092041.
LOCAL_RANK: 0 - CUDA_VISIBLE_DEVICES: [0]
[I 2023-12-27 11:02:20,508] Trial 40 finished with value: 63.19636535644531 and parameters: {'gradient_clip_val': 0.5187243580648326, 'hidden_size': 26, 'dropout': 0.235310640812877, 'hidden_continuous_size': 12, 'attention_head_size': 3, 'learning_rate': 0.008279503548763436}. Best is trial 0 with value: 12.23012638092041.
LOCAL_RANK: 0 - CUDA_VISIBLE_DEVICES: [0]
[I 2023-12-27 11:02:20,984] Trial 41 finished with value: 49.64802169799805 and parameters: {'gradient_clip_val': 0.6473978730848928, 'hidden_size': 18, 'dropout': 0.2531444774341278, 'hidden_continuous_size': 10, 'attention_head_size': 4, 'learning_rate': 0.013939322234775158}. Best is trial 0 with value: 12.23012638092041.
LOCAL_RANK: 0 - CUDA_VISIBLE_DEVICES: [0]
[I 2023-12-27 11:02:21,470] Trial 42 finished with value: 49.31248474121094 and parameters: {'gradient_clip_val': 0.8049764068726181, 'hidden_size': 23, 'dropout': 0.21116685484303088, 'hidden_continuous_size': 12, 'attention_head_size': 4, 'learning_rate': 0.005408444894276606}. Best is trial 0 with value: 12.23012638092041.
LOCAL_RANK: 0 - CUDA_VISIBLE_DEVICES: [0]
[I 2023-12-27 11:02:21,933] Trial 43 finished with value: 45.157196044921875 and parameters: {'gradient_clip_val': 0.6197869799179887, 'hidden_size': 36, 'dropout': 0.31515300477176544, 'hidden_continuous_size': 15, 'attention_head_size': 3, 'learning_rate': 0.0038701622871903743}. Best is trial 0 with value: 12.23012638092041.
LOCAL_RANK: 0 - CUDA_VISIBLE_DEVICES: [0]
[I 2023-12-27 11:02:22,432] Trial 44 finished with value: 55.279056549072266 and parameters: {'gradient_clip_val': 0.732580205223639, 'hidden_size': 28, 'dropout': 0.2706099027193036, 'hidden_continuous_size': 10, 'attention_head_size': 4, 'learning_rate': 0.008049679913593382}. Best is trial 0 with value: 12.23012638092041.
LOCAL_RANK: 0 - CUDA_VISIBLE_DEVICES: [0]
[I 2023-12-27 11:02:22,929] Trial 45 finished with value: 54.0138053894043 and parameters: {'gradient_clip_val': 0.4938783714005144, 'hidden_size': 46, 'dropout': 0.23756117440426391, 'hidden_continuous_size': 16, 'attention_head_size': 3, 'learning_rate': 0.014880560325557193}. Best is trial 0 with value: 12.23012638092041.
LOCAL_RANK: 0 - CUDA_VISIBLE_DEVICES: [0]
[I 2023-12-27 11:02:23,385] Trial 46 finished with value: 42.10795974731445 and parameters: {'gradient_clip_val': 0.5645261253607214, 'hidden_size': 36, 'dropout': 0.29530821539045654, 'hidden_continuous_size': 14, 'attention_head_size': 2, 'learning_rate': 0.005872102051756351}. Best is trial 0 with value: 12.23012638092041.
LOCAL_RANK: 0 - CUDA_VISIBLE_DEVICES: [0]
[I 2023-12-27 11:02:23,838] Trial 47 finished with value: 52.05967330932617 and parameters: {'gradient_clip_val': 0.4243684486088083, 'hidden_size': 22, 'dropout': 0.20279176951135172, 'hidden_continuous_size': 11, 'attention_head_size': 1, 'learning_rate': 0.010964415868154477}. Best is trial 0 with value: 12.23012638092041.
LOCAL_RANK: 0 - CUDA_VISIBLE_DEVICES: [0]
[I 2023-12-27 11:02:24,308] Trial 48 finished with value: 35.483001708984375 and parameters: {'gradient_clip_val': 0.5052675984982872, 'hidden_size': 31, 'dropout': 0.2522633514991822, 'hidden_continuous_size': 13, 'attention_head_size': 4, 'learning_rate': 0.0020376799596209714}. Best is trial 0 with value: 12.23012638092041.
LOCAL_RANK: 0 - CUDA_VISIBLE_DEVICES: [0]
[I 2023-12-27 11:02:24,798] Trial 49 finished with value: 29.432870864868164 and parameters: {'gradient_clip_val': 0.5010733275465397, 'hidden_size': 32, 'dropout': 0.35072620699509127, 'hidden_continuous_size': 13, 'attention_head_size': 2, 'learning_rate': 0.0022403884881453317}. Best is trial 0 with value: 12.23012638092041.
[I 2023-12-27 11:02:24,930] A new study created in memory with name: no-name-be1d03b5-460f-4390-a8df-d06171d35e71
/home/le004/conda/anaconda3/envs/tsff_env/lib/python3.9/site-packages/lightning/fabric/plugins/environments/slurm.py:191: The `srun` command is available on your system but is not used. HINT: If your intention is to run Lightning on SLURM, prepend your python command with `srun` like so: srun python /home/le004/master_thesis/git/TSFusionForecast/code/ ...
LOCAL_RANK: 0 - CUDA_VISIBLE_DEVICES: [0]
[I 2023-12-27 11:02:54,080] Trial 0 finished with value: 23.958349227905273 and parameters: {'gradient_clip_val': 0.48610606398347134, 'hidden_size': 19, 'dropout': 0.4765919778923814, 'hidden_continuous_size': 16, 'attention_head_size': 1, 'learning_rate': 0.0009299313632959347}. Best is trial 0 with value: 23.958349227905273.
LOCAL_RANK: 0 - CUDA_VISIBLE_DEVICES: [0]
[I 2023-12-27 11:03:08,596] Trial 1 finished with value: 17.96956443786621 and parameters: {'gradient_clip_val': 0.6421663908027824, 'hidden_size': 30, 'dropout': 0.4645563260932818, 'hidden_continuous_size': 6, 'attention_head_size': 3, 'learning_rate': 0.0975050660677334}. Best is trial 1 with value: 17.96956443786621.
LOCAL_RANK: 0 - CUDA_VISIBLE_DEVICES: [0]
[I 2023-12-27 11:03:09,086] Trial 2 finished with value: 67.97731018066406 and parameters: {'gradient_clip_val': 0.19054279964500923, 'hidden_size': 143, 'dropout': 0.10905746570161434, 'hidden_continuous_size': 12, 'attention_head_size': 3, 'learning_rate': 0.0018627763148934926}. Best is trial 1 with value: 17.96956443786621.
LOCAL_RANK: 0 - CUDA_VISIBLE_DEVICES: [0]
[I 2023-12-27 11:03:09,541] Trial 3 finished with value: 41.2078742980957 and parameters: {'gradient_clip_val': 0.18861406813433737, 'hidden_size': 24, 'dropout': 0.35103582938074485, 'hidden_continuous_size': 13, 'attention_head_size': 4, 'learning_rate': 0.0027108864430245676}. Best is trial 1 with value: 17.96956443786621.
LOCAL_RANK: 0 - CUDA_VISIBLE_DEVICES: [0]
[I 2023-12-27 11:03:10,040] Trial 4 finished with value: 50.60793685913086 and parameters: {'gradient_clip_val': 0.11119997942113048, 'hidden_size': 90, 'dropout': 0.3542764965258334, 'hidden_continuous_size': 76, 'attention_head_size': 2, 'learning_rate': 0.000730447058311187}. Best is trial 1 with value: 17.96956443786621.
LOCAL_RANK: 0 - CUDA_VISIBLE_DEVICES: [0]
[I 2023-12-27 11:03:10,504] Trial 5 finished with value: 67.74209594726562 and parameters: {'gradient_clip_val': 0.15106017160312807, 'hidden_size': 86, 'dropout': 0.49526994665157187, 'hidden_continuous_size': 7, 'attention_head_size': 4, 'learning_rate': 0.017563068235980944}. Best is trial 1 with value: 17.96956443786621.
LOCAL_RANK: 0 - CUDA_VISIBLE_DEVICES: [0]
[I 2023-12-27 11:03:10,953] Trial 6 finished with value: 57.80839157104492 and parameters: {'gradient_clip_val': 0.1033641494094452, 'hidden_size': 38, 'dropout': 0.1827784268725758, 'hidden_continuous_size': 7, 'attention_head_size': 2, 'learning_rate': 0.002948755090630916}. Best is trial 1 with value: 17.96956443786621.
LOCAL_RANK: 0 - CUDA_VISIBLE_DEVICES: [0]
[I 2023-12-27 11:03:11,406] Trial 7 finished with value: 79.34932708740234 and parameters: {'gradient_clip_val': 0.10245028163863523, 'hidden_size': 10, 'dropout': 0.18371704289818483, 'hidden_continuous_size': 5, 'attention_head_size': 4, 'learning_rate': 0.0047792645679436835}. Best is trial 1 with value: 17.96956443786621.
LOCAL_RANK: 0 - CUDA_VISIBLE_DEVICES: [0]
[I 2023-12-27 11:03:11,846] Trial 8 finished with value: 69.23745727539062 and parameters: {'gradient_clip_val': 0.5347186279501631, 'hidden_size': 9, 'dropout': 0.20151433688943632, 'hidden_continuous_size': 7, 'attention_head_size': 2, 'learning_rate': 0.005315908600694945}. Best is trial 1 with value: 17.96956443786621.
LOCAL_RANK: 0 - CUDA_VISIBLE_DEVICES: [0]
[I 2023-12-27 11:03:12,592] Trial 9 finished with value: 68.0151596069336 and parameters: {'gradient_clip_val': 0.7748568634544752, 'hidden_size': 94, 'dropout': 0.34020310607595416, 'hidden_continuous_size': 84, 'attention_head_size': 2, 'learning_rate': 0.04293250646337091}. Best is trial 1 with value: 17.96956443786621.
LOCAL_RANK: 0 - CUDA_VISIBLE_DEVICES: [0]
[I 2023-12-27 11:03:13,031] Trial 10 finished with value: 69.3187026977539 and parameters: {'gradient_clip_val': 0.9727269912264791, 'hidden_size': 5, 'dropout': 0.4229012632665092, 'hidden_continuous_size': 5, 'attention_head_size': 3, 'learning_rate': 0.08784256195061074}. Best is trial 1 with value: 17.96956443786621.
LOCAL_RANK: 0 - CUDA_VISIBLE_DEVICES: [0]
[I 2023-12-27 11:03:13,480] Trial 11 finished with value: 40.576900482177734 and parameters: {'gradient_clip_val': 0.43451015469242105, 'hidden_size': 26, 'dropout': 0.49635332064892596, 'hidden_continuous_size': 15, 'attention_head_size': 1, 'learning_rate': 0.012896798908480587}. Best is trial 1 with value: 17.96956443786621.
LOCAL_RANK: 0 - CUDA_VISIBLE_DEVICES: [0]
[I 2023-12-27 11:03:13,963] Trial 12 finished with value: 57.7606201171875 and parameters: {'gradient_clip_val': 0.3517768371053021, 'hidden_size': 39, 'dropout': 0.4265259237524782, 'hidden_continuous_size': 17, 'attention_head_size': 1, 'learning_rate': 0.0006939299491679755}. Best is trial 1 with value: 17.96956443786621.
LOCAL_RANK: 0 - CUDA_VISIBLE_DEVICES: [0]
[I 2023-12-27 11:03:14,428] Trial 13 finished with value: 69.9747314453125 and parameters: {'gradient_clip_val': 0.597770351408381, 'hidden_size': 16, 'dropout': 0.4207605800431457, 'hidden_continuous_size': 9, 'attention_head_size': 3, 'learning_rate': 0.01397440738299647}. Best is trial 1 with value: 17.96956443786621.
LOCAL_RANK: 0 - CUDA_VISIBLE_DEVICES: [0]
[I 2023-12-27 11:03:14,904] Trial 14 finished with value: 43.81407165527344 and parameters: {'gradient_clip_val': 0.3193232772843773, 'hidden_size': 43, 'dropout': 0.45305182783703907, 'hidden_continuous_size': 20, 'attention_head_size': 1, 'learning_rate': 0.09489803051325749}. Best is trial 1 with value: 17.96956443786621.
LOCAL_RANK: 0 - CUDA_VISIBLE_DEVICES: [0]
[I 2023-12-27 11:03:15,374] Trial 15 finished with value: 51.30666732788086 and parameters: {'gradient_clip_val': 0.6417098822650138, 'hidden_size': 17, 'dropout': 0.49470031935188713, 'hidden_continuous_size': 6, 'attention_head_size': 3, 'learning_rate': 0.0366660478044226}. Best is trial 1 with value: 17.96956443786621.
LOCAL_RANK: 0 - CUDA_VISIBLE_DEVICES: [0]
[I 2023-12-27 11:03:15,843] Trial 16 finished with value: 61.708892822265625 and parameters: {'gradient_clip_val': 0.4420125331722101, 'hidden_size': 47, 'dropout': 0.3874237500866202, 'hidden_continuous_size': 10, 'attention_head_size': 1, 'learning_rate': 0.001281435872872185}. Best is trial 1 with value: 17.96956443786621.
LOCAL_RANK: 0 - CUDA_VISIBLE_DEVICES: [0]
[I 2023-12-27 11:03:16,301] Trial 17 finished with value: 65.78582000732422 and parameters: {'gradient_clip_val': 0.8513175861355334, 'hidden_size': 16, 'dropout': 0.2977226939395803, 'hidden_continuous_size': 6, 'attention_head_size': 2, 'learning_rate': 0.0005113985342811681}. Best is trial 1 with value: 17.96956443786621.
LOCAL_RANK: 0 - CUDA_VISIBLE_DEVICES: [0]
[I 2023-12-27 11:03:16,786] Trial 18 finished with value: 67.04422760009766 and parameters: {'gradient_clip_val': 0.7055769363724823, 'hidden_size': 23, 'dropout': 0.4573235374040824, 'hidden_continuous_size': 8, 'attention_head_size': 3, 'learning_rate': 0.0076776756624366005}. Best is trial 1 with value: 17.96956443786621.
LOCAL_RANK: 0 - CUDA_VISIBLE_DEVICES: [0]
[I 2023-12-27 11:03:17,244] Trial 19 finished with value: 58.3129768371582 and parameters: {'gradient_clip_val': 0.513927345181235, 'hidden_size': 31, 'dropout': 0.37907370984344757, 'hidden_continuous_size': 10, 'attention_head_size': 4, 'learning_rate': 0.0012702661345978853}. Best is trial 1 with value: 17.96956443786621.
LOCAL_RANK: 0 - CUDA_VISIBLE_DEVICES: [0]
[I 2023-12-27 11:03:17,722] Trial 20 finished with value: 49.84390640258789 and parameters: {'gradient_clip_val': 0.6769680886610219, 'hidden_size': 54, 'dropout': 0.45114787016058167, 'hidden_continuous_size': 18, 'attention_head_size': 1, 'learning_rate': 0.008529414466187228}. Best is trial 1 with value: 17.96956443786621.
LOCAL_RANK: 0 - CUDA_VISIBLE_DEVICES: [0]
[I 2023-12-27 11:03:18,195] Trial 21 finished with value: 63.5799560546875 and parameters: {'gradient_clip_val': 0.4319704126203609, 'hidden_size': 27, 'dropout': 0.49515398706473746, 'hidden_continuous_size': 14, 'attention_head_size': 1, 'learning_rate': 0.02405565356164535}. Best is trial 1 with value: 17.96956443786621.
LOCAL_RANK: 0 - CUDA_VISIBLE_DEVICES: [0]
[I 2023-12-27 11:03:18,636] Trial 22 finished with value: 62.46462631225586 and parameters: {'gradient_clip_val': 0.40404756632154, 'hidden_size': 22, 'dropout': 0.49790792057165495, 'hidden_continuous_size': 12, 'attention_head_size': 1, 'learning_rate': 0.011148295499713152}. Best is trial 1 with value: 17.96956443786621.
LOCAL_RANK: 0 - CUDA_VISIBLE_DEVICES: [0]
[I 2023-12-27 11:03:19,355] Trial 23 finished with value: 54.004730224609375 and parameters: {'gradient_clip_val': 0.5174442928419503, 'hidden_size': 32, 'dropout': 0.4621241015973673, 'hidden_continuous_size': 17, 'attention_head_size': 2, 'learning_rate': 0.021723479465245103}. Best is trial 1 with value: 17.96956443786621.
LOCAL_RANK: 0 - CUDA_VISIBLE_DEVICES: [0]
[I 2023-12-27 11:03:19,828] Trial 24 finished with value: 63.724491119384766 and parameters: {'gradient_clip_val': 0.2720821902486142, 'hidden_size': 20, 'dropout': 0.41010639668986654, 'hidden_continuous_size': 15, 'attention_head_size': 1, 'learning_rate': 0.01100821831140231}. Best is trial 1 with value: 17.96956443786621.
LOCAL_RANK: 0 - CUDA_VISIBLE_DEVICES: [0]
[I 2023-12-27 11:03:20,295] Trial 25 finished with value: 59.22673416137695 and parameters: {'gradient_clip_val': 0.5705512272361515, 'hidden_size': 13, 'dropout': 0.4638611586940508, 'hidden_continuous_size': 6, 'attention_head_size': 2, 'learning_rate': 0.005849042092922273}. Best is trial 1 with value: 17.96956443786621.
LOCAL_RANK: 0 - CUDA_VISIBLE_DEVICES: [0]
