[I 2023-12-15 13:04:36,485] Trial 20 finished with value: 0.0819253996014595 and parameters: {'gradient_clip_val': 0.9871808971287538, 'hidden_size': 22, 'dropout': 0.2380215787551724, 'hidden_continuous_size': 8, 'attention_head_size': 4, 'learning_rate': 0.0023758001638380377}. Best is trial 9 with value: 0.04716488718986511.
LOCAL_RANK: 0 - CUDA_VISIBLE_DEVICES: [0]
[I 2023-12-15 13:05:22,379] Trial 21 finished with value: 0.14514487981796265 and parameters: {'gradient_clip_val': 0.24140201970598327, 'hidden_size': 10, 'dropout': 0.3156709162059991, 'hidden_continuous_size': 6, 'attention_head_size': 4, 'learning_rate': 0.024950807097970616}. Best is trial 9 with value: 0.04716488718986511.
LOCAL_RANK: 0 - CUDA_VISIBLE_DEVICES: [0]
[I 2023-12-15 13:06:08,654] Trial 22 finished with value: 1.0890663862228394 and parameters: {'gradient_clip_val': 0.19723408794869365, 'hidden_size': 15, 'dropout': 0.3408737328313732, 'hidden_continuous_size': 5, 'attention_head_size': 4, 'learning_rate': 0.006884049595331614}. Best is trial 9 with value: 0.04716488718986511.
LOCAL_RANK: 0 - CUDA_VISIBLE_DEVICES: [0]
[I 2023-12-15 13:06:54,639] Trial 23 finished with value: 0.1370657980442047 and parameters: {'gradient_clip_val': 0.27965335852099205, 'hidden_size': 13, 'dropout': 0.2804026265053477, 'hidden_continuous_size': 6, 'attention_head_size': 4, 'learning_rate': 0.01668504263992689}. Best is trial 9 with value: 0.04716488718986511.
LOCAL_RANK: 0 - CUDA_VISIBLE_DEVICES: [0]
[I 2023-12-15 13:07:43,683] Trial 24 finished with value: 0.13076816499233246 and parameters: {'gradient_clip_val': 0.25362920667039013, 'hidden_size': 23, 'dropout': 0.29866010362360573, 'hidden_continuous_size': 8, 'attention_head_size': 3, 'learning_rate': 0.0343283851666372}. Best is trial 9 with value: 0.04716488718986511.
LOCAL_RANK: 0 - CUDA_VISIBLE_DEVICES: [0]
[I 2023-12-15 13:08:29,735] Trial 25 finished with value: 0.08949447423219681 and parameters: {'gradient_clip_val': 0.2136037865179087, 'hidden_size': 11, 'dropout': 0.26607941968524723, 'hidden_continuous_size': 6, 'attention_head_size': 4, 'learning_rate': 0.009446341548169486}. Best is trial 9 with value: 0.04716488718986511.
LOCAL_RANK: 0 - CUDA_VISIBLE_DEVICES: [0]
[I 2023-12-15 13:09:14,138] Trial 26 finished with value: 0.08908271044492722 and parameters: {'gradient_clip_val': 0.18790911486296993, 'hidden_size': 8, 'dropout': 0.33538227910180846, 'hidden_continuous_size': 5, 'attention_head_size': 3, 'learning_rate': 0.0070558947591362565}. Best is trial 9 with value: 0.04716488718986511.
LOCAL_RANK: 0 - CUDA_VISIBLE_DEVICES: [0]
[I 2023-12-15 13:09:59,021] Trial 27 finished with value: 0.09693032503128052 and parameters: {'gradient_clip_val': 0.15586670895129343, 'hidden_size': 13, 'dropout': 0.2986814450023537, 'hidden_continuous_size': 7, 'attention_head_size': 1, 'learning_rate': 0.013118989969083344}. Best is trial 9 with value: 0.04716488718986511.
LOCAL_RANK: 0 - CUDA_VISIBLE_DEVICES: [0]
[I 2023-12-15 13:10:46,785] Trial 28 finished with value: 0.06154133379459381 and parameters: {'gradient_clip_val': 0.25436564138208717, 'hidden_size': 18, 'dropout': 0.33259709919073316, 'hidden_continuous_size': 8, 'attention_head_size': 4, 'learning_rate': 0.006087961857944948}. Best is trial 9 with value: 0.04716488718986511.
LOCAL_RANK: 0 - CUDA_VISIBLE_DEVICES: [0]
[I 2023-12-15 13:11:31,884] Trial 29 finished with value: 0.11308770626783371 and parameters: {'gradient_clip_val': 0.34669253397850325, 'hidden_size': 10, 'dropout': 0.18691475173366112, 'hidden_continuous_size': 6, 'attention_head_size': 1, 'learning_rate': 0.009862535414647915}. Best is trial 9 with value: 0.04716488718986511.
LOCAL_RANK: 0 - CUDA_VISIBLE_DEVICES: [0]
[I 2023-12-15 13:12:15,556] Trial 30 finished with value: 0.09228601306676865 and parameters: {'gradient_clip_val': 0.3130266131365216, 'hidden_size': 8, 'dropout': 0.25793999582230726, 'hidden_continuous_size': 5, 'attention_head_size': 2, 'learning_rate': 0.018562670215523554}. Best is trial 9 with value: 0.04716488718986511.
LOCAL_RANK: 0 - CUDA_VISIBLE_DEVICES: [0]
[I 2023-12-15 13:13:04,856] Trial 31 finished with value: 0.05648590996861458 and parameters: {'gradient_clip_val': 0.22902904441882568, 'hidden_size': 31, 'dropout': 0.30020387109789, 'hidden_continuous_size': 9, 'attention_head_size': 2, 'learning_rate': 0.03214058592575587}. Best is trial 9 with value: 0.04716488718986511.
LOCAL_RANK: 0 - CUDA_VISIBLE_DEVICES: [0]
[I 2023-12-15 13:13:53,211] Trial 32 finished with value: 0.059434521943330765 and parameters: {'gradient_clip_val': 0.21786529456122222, 'hidden_size': 22, 'dropout': 0.2801530193759672, 'hidden_continuous_size': 9, 'attention_head_size': 1, 'learning_rate': 0.047915534014671246}. Best is trial 9 with value: 0.04716488718986511.
LOCAL_RANK: 0 - CUDA_VISIBLE_DEVICES: [0]
[I 2023-12-15 13:14:41,746] Trial 33 finished with value: 0.05542255565524101 and parameters: {'gradient_clip_val': 0.1666238266401402, 'hidden_size': 26, 'dropout': 0.27663932582507056, 'hidden_continuous_size': 9, 'attention_head_size': 1, 'learning_rate': 0.04023432187782765}. Best is trial 9 with value: 0.04716488718986511.
LOCAL_RANK: 0 - CUDA_VISIBLE_DEVICES: [0]
[I 2023-12-15 13:15:30,272] Trial 34 finished with value: 0.1725757122039795 and parameters: {'gradient_clip_val': 0.16488444168285804, 'hidden_size': 26, 'dropout': 0.26686509045215623, 'hidden_continuous_size': 9, 'attention_head_size': 1, 'learning_rate': 0.04139421144528623}. Best is trial 9 with value: 0.04716488718986511.
LOCAL_RANK: 0 - CUDA_VISIBLE_DEVICES: [0]
[I 2023-12-15 13:16:17,776] Trial 35 finished with value: 0.11316138505935669 and parameters: {'gradient_clip_val': 0.18871769086991452, 'hidden_size': 19, 'dropout': 0.24583203065652115, 'hidden_continuous_size': 10, 'attention_head_size': 1, 'learning_rate': 0.0541140619394439}. Best is trial 9 with value: 0.04716488718986511.
LOCAL_RANK: 0 - CUDA_VISIBLE_DEVICES: [0]
[I 2023-12-15 13:17:05,508] Trial 36 finished with value: 0.3757863938808441 and parameters: {'gradient_clip_val': 0.12974696822574008, 'hidden_size': 28, 'dropout': 0.22963881394577534, 'hidden_continuous_size': 10, 'attention_head_size': 1, 'learning_rate': 0.03185896856110053}. Best is trial 9 with value: 0.04716488718986511.
LOCAL_RANK: 0 - CUDA_VISIBLE_DEVICES: [0]
[I 2023-12-15 13:17:55,429] Trial 37 finished with value: 0.08147773891687393 and parameters: {'gradient_clip_val': 0.14393157732434855, 'hidden_size': 34, 'dropout': 0.2881347982024635, 'hidden_continuous_size': 12, 'attention_head_size': 2, 'learning_rate': 0.061708688629936434}. Best is trial 9 with value: 0.04716488718986511.
LOCAL_RANK: 0 - CUDA_VISIBLE_DEVICES: [0]
[I 2023-12-15 13:18:40,583] Trial 38 finished with value: 0.0616769902408123 and parameters: {'gradient_clip_val': 0.20133871534850795, 'hidden_size': 16, 'dropout': 0.2549800600754725, 'hidden_continuous_size': 9, 'attention_head_size': 2, 'learning_rate': 0.040897305911236824}. Best is trial 9 with value: 0.04716488718986511.
LOCAL_RANK: 0 - CUDA_VISIBLE_DEVICES: [0]
[I 2023-12-15 13:19:29,412] Trial 39 finished with value: 0.051265642046928406 and parameters: {'gradient_clip_val': 0.15121601620784733, 'hidden_size': 25, 'dropout': 0.2145055361734227, 'hidden_continuous_size': 11, 'attention_head_size': 1, 'learning_rate': 0.06300010741399546}. Best is trial 9 with value: 0.04716488718986511.
LOCAL_RANK: 0 - CUDA_VISIBLE_DEVICES: [0]
[I 2023-12-15 13:20:21,467] Trial 40 finished with value: 0.12055233865976334 and parameters: {'gradient_clip_val': 0.16339918649207705, 'hidden_size': 47, 'dropout': 0.208812901076226, 'hidden_continuous_size': 14, 'attention_head_size': 1, 'learning_rate': 0.0688800936574316}. Best is trial 9 with value: 0.04716488718986511.
LOCAL_RANK: 0 - CUDA_VISIBLE_DEVICES: [0]
[I 2023-12-15 13:21:08,706] Trial 41 finished with value: 0.07613709568977356 and parameters: {'gradient_clip_val': 0.17210786662310962, 'hidden_size': 24, 'dropout': 0.2318876042043092, 'hidden_continuous_size': 10, 'attention_head_size': 1, 'learning_rate': 0.04217704439366502}. Best is trial 9 with value: 0.04716488718986511.
LOCAL_RANK: 0 - CUDA_VISIBLE_DEVICES: [0]
[I 2023-12-15 13:21:55,617] Trial 42 finished with value: 0.10937941819429398 and parameters: {'gradient_clip_val': 0.14398129365079876, 'hidden_size': 20, 'dropout': 0.2645649647831718, 'hidden_continuous_size': 9, 'attention_head_size': 1, 'learning_rate': 0.07560135926271866}. Best is trial 9 with value: 0.04716488718986511.
LOCAL_RANK: 0 - CUDA_VISIBLE_DEVICES: [0]
[I 2023-12-15 13:22:44,109] Trial 43 finished with value: 0.051369741559028625 and parameters: {'gradient_clip_val': 0.2114493333714944, 'hidden_size': 25, 'dropout': 0.21559998267327607, 'hidden_continuous_size': 11, 'attention_head_size': 1, 'learning_rate': 0.052050279603294586}. Best is trial 9 with value: 0.04716488718986511.
LOCAL_RANK: 0 - CUDA_VISIBLE_DEVICES: [0]
[I 2023-12-15 13:23:32,864] Trial 44 finished with value: 0.062231648713350296 and parameters: {'gradient_clip_val': 0.18710084039801683, 'hidden_size': 31, 'dropout': 0.20163452956184494, 'hidden_continuous_size': 11, 'attention_head_size': 1, 'learning_rate': 0.0909407959622348}. Best is trial 9 with value: 0.04716488718986511.
LOCAL_RANK: 0 - CUDA_VISIBLE_DEVICES: [0]
[I 2023-12-15 13:24:21,667] Trial 45 finished with value: 0.1314164698123932 and parameters: {'gradient_clip_val': 0.13492523888813307, 'hidden_size': 25, 'dropout': 0.2203487416282956, 'hidden_continuous_size': 10, 'attention_head_size': 2, 'learning_rate': 0.05691073928023009}. Best is trial 9 with value: 0.04716488718986511.
LOCAL_RANK: 0 - CUDA_VISIBLE_DEVICES: [0]
[I 2023-12-15 13:25:12,904] Trial 46 finished with value: 0.07676688581705093 and parameters: {'gradient_clip_val': 0.1528646646763151, 'hidden_size': 38, 'dropout': 0.1737392377823047, 'hidden_continuous_size': 14, 'attention_head_size': 1, 'learning_rate': 0.029870720984425694}. Best is trial 9 with value: 0.04716488718986511.
LOCAL_RANK: 0 - CUDA_VISIBLE_DEVICES: [0]
[I 2023-12-15 13:26:01,998] Trial 47 finished with value: 0.06271249055862427 and parameters: {'gradient_clip_val': 0.12413302001366355, 'hidden_size': 26, 'dropout': 0.14732680245263752, 'hidden_continuous_size': 12, 'attention_head_size': 2, 'learning_rate': 0.07925816200065171}. Best is trial 9 with value: 0.04716488718986511.
LOCAL_RANK: 0 - CUDA_VISIBLE_DEVICES: [0]
[I 2023-12-15 13:26:48,155] Trial 48 finished with value: 0.2774944603443146 and parameters: {'gradient_clip_val': 0.17113551233607271, 'hidden_size': 17, 'dropout': 0.19790180557606782, 'hidden_continuous_size': 8, 'attention_head_size': 1, 'learning_rate': 0.054769057302857506}. Best is trial 9 with value: 0.04716488718986511.
LOCAL_RANK: 0 - CUDA_VISIBLE_DEVICES: [0]
[I 2023-12-15 13:27:37,454] Trial 49 finished with value: 0.07936299592256546 and parameters: {'gradient_clip_val': 0.11501763041211552, 'hidden_size': 31, 'dropout': 0.22585366473329005, 'hidden_continuous_size': 11, 'attention_head_size': 2, 'learning_rate': 0.09829880670176985}. Best is trial 9 with value: 0.04716488718986511.
[I 2023-12-15 13:27:37,548] A new study created in memory with name: no-name-0ddc029d-0f07-43f2-9aa8-78f3102c9ab7
/home/le004/conda/anaconda3/envs/tsff_env/lib/python3.9/site-packages/lightning/fabric/plugins/environments/slurm.py:191: The `srun` command is available on your system but is not used. HINT: If your intention is to run Lightning on SLURM, prepend your python command with `srun` like so: srun python /home/le004/master_thesis/git/TSFusionForecast/code/ ...
LOCAL_RANK: 0 - CUDA_VISIBLE_DEVICES: [0]
[I 2023-12-15 13:28:26,772] Trial 0 finished with value: 0.041755955666303635 and parameters: {'gradient_clip_val': 0.4928282478245877, 'hidden_size': 32, 'dropout': 0.23671456581588637, 'hidden_continuous_size': 18, 'attention_head_size': 1, 'learning_rate': 0.016391866551769427}. Best is trial 0 with value: 0.041755955666303635.
LOCAL_RANK: 0 - CUDA_VISIBLE_DEVICES: [0]
[I 2023-12-15 13:29:19,169] Trial 1 finished with value: 0.08252760767936707 and parameters: {'gradient_clip_val': 0.7224310403105759, 'hidden_size': 74, 'dropout': 0.3939572531091482, 'hidden_continuous_size': 5, 'attention_head_size': 4, 'learning_rate': 0.009195207160594007}. Best is trial 0 with value: 0.041755955666303635.
LOCAL_RANK: 0 - CUDA_VISIBLE_DEVICES: [0]
[I 2023-12-15 13:30:04,629] Trial 2 finished with value: 0.06959545612335205 and parameters: {'gradient_clip_val': 0.2825557699942945, 'hidden_size': 10, 'dropout': 0.12286553095584708, 'hidden_continuous_size': 9, 'attention_head_size': 1, 'learning_rate': 0.02000122472132863}. Best is trial 0 with value: 0.041755955666303635.
LOCAL_RANK: 0 - CUDA_VISIBLE_DEVICES: [0]
[I 2023-12-15 13:30:53,466] Trial 3 finished with value: 0.11883360892534256 and parameters: {'gradient_clip_val': 0.42850929483613304, 'hidden_size': 33, 'dropout': 0.2836578947067694, 'hidden_continuous_size': 5, 'attention_head_size': 2, 'learning_rate': 0.00358231438494326}. Best is trial 0 with value: 0.041755955666303635.
LOCAL_RANK: 0 - CUDA_VISIBLE_DEVICES: [0]
[I 2023-12-15 13:31:48,556] Trial 4 finished with value: 0.07353993505239487 and parameters: {'gradient_clip_val': 0.18134918395013536, 'hidden_size': 85, 'dropout': 0.17157699938843313, 'hidden_continuous_size': 27, 'attention_head_size': 4, 'learning_rate': 0.0008185353655024344}. Best is trial 0 with value: 0.041755955666303635.
LOCAL_RANK: 0 - CUDA_VISIBLE_DEVICES: [0]
[I 2023-12-15 13:32:41,929] Trial 5 finished with value: 0.1332322061061859 and parameters: {'gradient_clip_val': 0.24523790897230327, 'hidden_size': 66, 'dropout': 0.36357068274502446, 'hidden_continuous_size': 9, 'attention_head_size': 4, 'learning_rate': 0.0009303782568699734}. Best is trial 0 with value: 0.041755955666303635.
LOCAL_RANK: 0 - CUDA_VISIBLE_DEVICES: [0]
[I 2023-12-15 13:33:33,564] Trial 6 finished with value: 0.0796697661280632 and parameters: {'gradient_clip_val': 0.28972061757312517, 'hidden_size': 31, 'dropout': 0.22951189041451733, 'hidden_continuous_size': 20, 'attention_head_size': 3, 'learning_rate': 0.0020951037831124014}. Best is trial 0 with value: 0.041755955666303635.
LOCAL_RANK: 0 - CUDA_VISIBLE_DEVICES: [0]
[I 2023-12-15 13:34:17,530] Trial 7 finished with value: 0.07164746522903442 and parameters: {'gradient_clip_val': 0.14661404712295004, 'hidden_size': 12, 'dropout': 0.34093309221588464, 'hidden_continuous_size': 5, 'attention_head_size': 2, 'learning_rate': 0.020027099238651647}. Best is trial 0 with value: 0.041755955666303635.
LOCAL_RANK: 0 - CUDA_VISIBLE_DEVICES: [0]
[I 2023-12-15 13:35:01,662] Trial 8 finished with value: 0.08303200453519821 and parameters: {'gradient_clip_val': 0.31537069672463514, 'hidden_size': 8, 'dropout': 0.3445341057561157, 'hidden_continuous_size': 7, 'attention_head_size': 2, 'learning_rate': 0.009056108396652445}. Best is trial 0 with value: 0.041755955666303635.
LOCAL_RANK: 0 - CUDA_VISIBLE_DEVICES: [0]
[I 2023-12-15 13:35:47,880] Trial 9 finished with value: 0.0634787455201149 and parameters: {'gradient_clip_val': 0.9217312038699925, 'hidden_size': 16, 'dropout': 0.2805151891115379, 'hidden_continuous_size': 13, 'attention_head_size': 3, 'learning_rate': 0.01407122323798707}. Best is trial 0 with value: 0.041755955666303635.
LOCAL_RANK: 0 - CUDA_VISIBLE_DEVICES: [0]
[I 2023-12-15 13:36:21,679] Trial 10 finished with value: 0.1904659867286682 and parameters: {'gradient_clip_val': 0.1022114690190383, 'hidden_size': 5, 'dropout': 0.20667557459857455, 'hidden_continuous_size': 5, 'attention_head_size': 1, 'learning_rate': 0.07007770939252563}. Best is trial 0 with value: 0.041755955666303635.
LOCAL_RANK: 0 - CUDA_VISIBLE_DEVICES: [0]
[I 2023-12-15 13:37:10,521] Trial 11 finished with value: 0.05397697910666466 and parameters: {'gradient_clip_val': 0.9802788408760716, 'hidden_size': 19, 'dropout': 0.2631249785388339, 'hidden_continuous_size': 14, 'attention_head_size': 3, 'learning_rate': 0.02926351224184826}. Best is trial 0 with value: 0.041755955666303635.
LOCAL_RANK: 0 - CUDA_VISIBLE_DEVICES: [0]
[I 2023-12-15 13:38:00,067] Trial 12 finished with value: 0.06148331239819527 and parameters: {'gradient_clip_val': 0.5287949288658818, 'hidden_size': 23, 'dropout': 0.2765870089398797, 'hidden_continuous_size': 14, 'attention_head_size': 3, 'learning_rate': 0.04694802565584557}. Best is trial 0 with value: 0.041755955666303635.
LOCAL_RANK: 0 - CUDA_VISIBLE_DEVICES: [0]
[I 2023-12-15 13:38:52,428] Trial 13 finished with value: 0.09153129905462265 and parameters: {'gradient_clip_val': 0.9914396366291732, 'hidden_size': 41, 'dropout': 0.23385942329256648, 'hidden_continuous_size': 33, 'attention_head_size': 1, 'learning_rate': 0.03676512844141683}. Best is trial 0 with value: 0.041755955666303635.
LOCAL_RANK: 0 - CUDA_VISIBLE_DEVICES: [0]
[I 2023-12-15 13:39:41,106] Trial 14 finished with value: 0.07362985610961914 and parameters: {'gradient_clip_val': 0.6241787712041681, 'hidden_size': 21, 'dropout': 0.1916301384212454, 'hidden_continuous_size': 15, 'attention_head_size': 2, 'learning_rate': 0.07529839324230572}. Best is trial 0 with value: 0.041755955666303635.
LOCAL_RANK: 0 - CUDA_VISIBLE_DEVICES: [0]
[I 2023-12-15 13:40:27,028] Trial 15 finished with value: 0.044823307543992996 and parameters: {'gradient_clip_val': 0.4280069657488649, 'hidden_size': 16, 'dropout': 0.25981312570696974, 'hidden_continuous_size': 11, 'attention_head_size': 3, 'learning_rate': 0.03102912793302389}. Best is trial 0 with value: 0.041755955666303635.
LOCAL_RANK: 0 - CUDA_VISIBLE_DEVICES: [0]
[I 2023-12-15 13:41:18,662] Trial 16 finished with value: 0.05890771746635437 and parameters: {'gradient_clip_val': 0.4209419810600078, 'hidden_size': 41, 'dropout': 0.3068737363997979, 'hidden_continuous_size': 21, 'attention_head_size': 1, 'learning_rate': 0.004877932519989262}. Best is trial 0 with value: 0.041755955666303635.
LOCAL_RANK: 0 - CUDA_VISIBLE_DEVICES: [0]
[I 2023-12-15 13:42:04,566] Trial 17 finished with value: 0.06520523875951767 and parameters: {'gradient_clip_val': 0.49914085316042445, 'hidden_size': 14, 'dropout': 0.24857824027445116, 'hidden_continuous_size': 10, 'attention_head_size': 2, 'learning_rate': 0.09749983533425487}. Best is trial 0 with value: 0.041755955666303635.
LOCAL_RANK: 0 - CUDA_VISIBLE_DEVICES: [0]
[I 2023-12-15 13:42:54,308] Trial 18 finished with value: 0.06316839158535004 and parameters: {'gradient_clip_val': 0.3584049818521511, 'hidden_size': 26, 'dropout': 0.31044345214119173, 'hidden_continuous_size': 12, 'attention_head_size': 3, 'learning_rate': 0.014616950851300369}. Best is trial 0 with value: 0.041755955666303635.
LOCAL_RANK: 0 - CUDA_VISIBLE_DEVICES: [0]
[I 2023-12-15 13:43:49,424] Trial 19 finished with value: 0.07298049330711365 and parameters: {'gradient_clip_val': 0.6698460953470664, 'hidden_size': 55, 'dropout': 0.16120682127468783, 'hidden_continuous_size': 54, 'attention_head_size': 4, 'learning_rate': 0.03667355762739545}. Best is trial 0 with value: 0.041755955666303635.
LOCAL_RANK: 0 - CUDA_VISIBLE_DEVICES: [0]
[I 2023-12-15 13:44:46,435] Trial 20 finished with value: 0.07354998588562012 and parameters: {'gradient_clip_val': 0.4305889181539197, 'hidden_size': 100, 'dropout': 0.21953022095047106, 'hidden_continuous_size': 95, 'attention_head_size': 1, 'learning_rate': 0.007269775509296367}. Best is trial 0 with value: 0.041755955666303635.
LOCAL_RANK: 0 - CUDA_VISIBLE_DEVICES: [0]
[I 2023-12-15 13:45:33,977] Trial 21 finished with value: 0.049913305789232254 and parameters: {'gradient_clip_val': 0.7687129988516868, 'hidden_size': 20, 'dropout': 0.25456561158141766, 'hidden_continuous_size': 10, 'attention_head_size': 3, 'learning_rate': 0.030215643303693324}. Best is trial 0 with value: 0.041755955666303635.
LOCAL_RANK: 0 - CUDA_VISIBLE_DEVICES: [0]
[I 2023-12-15 13:46:22,019] Trial 22 finished with value: 0.05946655943989754 and parameters: {'gradient_clip_val': 0.5436499978772105, 'hidden_size': 19, 'dropout': 0.25177826909045187, 'hidden_continuous_size': 8, 'attention_head_size': 3, 'learning_rate': 0.03013705282577703}. Best is trial 0 with value: 0.041755955666303635.
LOCAL_RANK: 0 - CUDA_VISIBLE_DEVICES: [0]
[I 2023-12-15 13:47:11,394] Trial 23 finished with value: 0.07507600635290146 and parameters: {'gradient_clip_val': 0.6893650470125893, 'hidden_size': 27, 'dropout': 0.23817138525732723, 'hidden_continuous_size': 11, 'attention_head_size': 3, 'learning_rate': 0.04767024902867581}. Best is trial 0 with value: 0.041755955666303635.
LOCAL_RANK: 0 - CUDA_VISIBLE_DEVICES: [0]
[I 2023-12-15 13:47:55,969] Trial 24 finished with value: 0.06918100267648697 and parameters: {'gradient_clip_val': 0.820795420020143, 'hidden_size': 16, 'dropout': 0.20700308339799306, 'hidden_continuous_size': 7, 'attention_head_size': 2, 'learning_rate': 0.02068027353224234}. Best is trial 0 with value: 0.041755955666303635.
LOCAL_RANK: 0 - CUDA_VISIBLE_DEVICES: [0]
[I 2023-12-15 13:48:45,484] Trial 25 finished with value: 0.0471976213157177 and parameters: {'gradient_clip_val': 0.5974349954301713, 'hidden_size': 23, 'dropout': 0.2605550042220844, 'hidden_continuous_size': 11, 'attention_head_size': 3, 'learning_rate': 0.012821618402277846}. Best is trial 0 with value: 0.041755955666303635.
LOCAL_RANK: 0 - CUDA_VISIBLE_DEVICES: [0]
[I 2023-12-15 13:49:35,704] Trial 26 finished with value: 0.07335443049669266 and parameters: {'gradient_clip_val': 0.5843881568533243, 'hidden_size': 36, 'dropout': 0.3048285150319615, 'hidden_continuous_size': 12, 'attention_head_size': 4, 'learning_rate': 0.01206283173037628}. Best is trial 0 with value: 0.041755955666303635.
LOCAL_RANK: 0 - CUDA_VISIBLE_DEVICES: [0]
