[I 2023-12-26 17:57:12,954] Trial 27 finished with value: 161.5404510498047 and parameters: {'gradient_clip_val': 0.5236781514862412, 'hidden_size': 41, 'dropout': 0.25792857290504156, 'hidden_continuous_size': 12, 'attention_head_size': 1, 'learning_rate': 0.0068794296122932615}. Best is trial 0 with value: 22.17780876159668.
[I 2023-12-26 17:57:16,128] Trial 28 finished with value: 180.71502685546875 and parameters: {'gradient_clip_val': 0.2691395606222772, 'hidden_size': 51, 'dropout': 0.1680215568090385, 'hidden_continuous_size': 19, 'attention_head_size': 3, 'learning_rate': 0.003580109388822054}. Best is trial 0 with value: 22.17780876159668.
[I 2023-12-26 17:57:18,641] Trial 29 finished with value: 187.41143798828125 and parameters: {'gradient_clip_val': 0.31057065053175553, 'hidden_size': 33, 'dropout': 0.19570419094808325, 'hidden_continuous_size': 14, 'attention_head_size': 2, 'learning_rate': 0.014881965698557714}. Best is trial 0 with value: 22.17780876159668.
[I 2023-12-26 17:57:23,360] Trial 30 finished with value: 219.49267578125 and parameters: {'gradient_clip_val': 0.24067561406080198, 'hidden_size': 77, 'dropout': 0.14095157987370405, 'hidden_continuous_size': 26, 'attention_head_size': 4, 'learning_rate': 0.023805447074501922}. Best is trial 0 with value: 22.17780876159668.
[I 2023-12-26 17:57:26,568] Trial 31 finished with value: 203.2390594482422 and parameters: {'gradient_clip_val': 0.7471239984841157, 'hidden_size': 56, 'dropout': 0.12410940641427745, 'hidden_continuous_size': 5, 'attention_head_size': 3, 'learning_rate': 0.01648958990930237}. Best is trial 0 with value: 22.17780876159668.
[I 2023-12-26 17:57:29,310] Trial 32 finished with value: 207.9657745361328 and parameters: {'gradient_clip_val': 0.6210718151230462, 'hidden_size': 39, 'dropout': 0.1301778547628443, 'hidden_continuous_size': 11, 'attention_head_size': 3, 'learning_rate': 0.013838747311008695}. Best is trial 0 with value: 22.17780876159668.
[I 2023-12-26 17:57:31,850] Trial 33 finished with value: 207.9526824951172 and parameters: {'gradient_clip_val': 0.5135234125915917, 'hidden_size': 30, 'dropout': 0.15925624536915248, 'hidden_continuous_size': 16, 'attention_head_size': 3, 'learning_rate': 0.00574501855724401}. Best is trial 0 with value: 22.17780876159668.
[I 2023-12-26 17:57:34,054] Trial 34 finished with value: 184.40667724609375 and parameters: {'gradient_clip_val': 0.849340549895894, 'hidden_size': 20, 'dropout': 0.11408043006373092, 'hidden_continuous_size': 10, 'attention_head_size': 3, 'learning_rate': 0.010923231719665054}. Best is trial 0 with value: 22.17780876159668.
[I 2023-12-26 17:57:36,087] Trial 35 finished with value: 210.1048126220703 and parameters: {'gradient_clip_val': 0.989130622404238, 'hidden_size': 9, 'dropout': 0.1550356652169513, 'hidden_continuous_size': 6, 'attention_head_size': 4, 'learning_rate': 0.018572897272970047}. Best is trial 0 with value: 22.17780876159668.
[I 2023-12-26 17:57:38,639] Trial 36 finished with value: 172.33746337890625 and parameters: {'gradient_clip_val': 0.7835331638591947, 'hidden_size': 36, 'dropout': 0.12829803657689126, 'hidden_continuous_size': 8, 'attention_head_size': 2, 'learning_rate': 0.034873009269770855}. Best is trial 0 with value: 22.17780876159668.
[I 2023-12-26 17:57:42,529] Trial 37 finished with value: 135.66004943847656 and parameters: {'gradient_clip_val': 0.6765250189936598, 'hidden_size': 67, 'dropout': 0.20148731069119594, 'hidden_continuous_size': 10, 'attention_head_size': 1, 'learning_rate': 0.03380994056656621}. Best is trial 0 with value: 22.17780876159668.
[I 2023-12-26 17:57:45,519] Trial 38 finished with value: 182.0025634765625 and parameters: {'gradient_clip_val': 0.8166756532292686, 'hidden_size': 39, 'dropout': 0.1731118758325665, 'hidden_continuous_size': 13, 'attention_head_size': 3, 'learning_rate': 0.010276465810011562}. Best is trial 0 with value: 22.17780876159668.
[I 2023-12-26 17:57:47,896] Trial 39 finished with value: 156.92225646972656 and parameters: {'gradient_clip_val': 0.5825374714575754, 'hidden_size': 28, 'dropout': 0.2193643006617616, 'hidden_continuous_size': 8, 'attention_head_size': 2, 'learning_rate': 0.018778127974929042}. Best is trial 0 with value: 22.17780876159668.
[I 2023-12-26 17:57:50,137] Trial 40 finished with value: 157.1556396484375 and parameters: {'gradient_clip_val': 0.6583118209799241, 'hidden_size': 21, 'dropout': 0.10309255037498778, 'hidden_continuous_size': 9, 'attention_head_size': 3, 'learning_rate': 0.058034873128345585}. Best is trial 0 with value: 22.17780876159668.
[I 2023-12-26 17:57:51,935] Trial 41 finished with value: 177.6586151123047 and parameters: {'gradient_clip_val': 0.7384781195799431, 'hidden_size': 5, 'dropout': 0.15278358025256622, 'hidden_continuous_size': 5, 'attention_head_size': 4, 'learning_rate': 0.07570484553184523}. Best is trial 0 with value: 22.17780876159668.
[I 2023-12-26 17:57:54,009] Trial 42 finished with value: 171.1992645263672 and parameters: {'gradient_clip_val': 0.9015341325673862, 'hidden_size': 11, 'dropout': 0.1317016268254343, 'hidden_continuous_size': 7, 'attention_head_size': 4, 'learning_rate': 0.09575148126352385}. Best is trial 0 with value: 22.17780876159668.
[I 2023-12-26 17:57:56,176] Trial 43 finished with value: 179.0526580810547 and parameters: {'gradient_clip_val': 0.537970472609273, 'hidden_size': 18, 'dropout': 0.18129342279516042, 'hidden_continuous_size': 10, 'attention_head_size': 4, 'learning_rate': 0.04446160671280877}. Best is trial 0 with value: 22.17780876159668.
[I 2023-12-26 17:57:58,550] Trial 44 finished with value: 154.154052734375 and parameters: {'gradient_clip_val': 0.4455533125392566, 'hidden_size': 25, 'dropout': 0.1192198598551849, 'hidden_continuous_size': 6, 'attention_head_size': 4, 'learning_rate': 0.012267547755105787}. Best is trial 0 with value: 22.17780876159668.
[I 2023-12-26 17:58:01,850] Trial 45 finished with value: 141.46951293945312 and parameters: {'gradient_clip_val': 0.5814610482208538, 'hidden_size': 54, 'dropout': 0.21270277179384328, 'hidden_continuous_size': 6, 'attention_head_size': 3, 'learning_rate': 0.009136710919059328}. Best is trial 0 with value: 22.17780876159668.
[I 2023-12-26 17:58:04,332] Trial 46 finished with value: 148.28518676757812 and parameters: {'gradient_clip_val': 0.38424142283417506, 'hidden_size': 32, 'dropout': 0.14970684387526834, 'hidden_continuous_size': 17, 'attention_head_size': 4, 'learning_rate': 0.05640446193522048}. Best is trial 0 with value: 22.17780876159668.
[I 2023-12-26 17:58:06,396] Trial 47 finished with value: 165.0708770751953 and parameters: {'gradient_clip_val': 0.654476543253061, 'hidden_size': 13, 'dropout': 0.1659735106627849, 'hidden_continuous_size': 9, 'attention_head_size': 1, 'learning_rate': 0.005063223250269684}. Best is trial 0 with value: 22.17780876159668.
[I 2023-12-26 17:58:10,040] Trial 48 finished with value: 181.8897705078125 and parameters: {'gradient_clip_val': 0.4885992821351571, 'hidden_size': 64, 'dropout': 0.10105769083362756, 'hidden_continuous_size': 14, 'attention_head_size': 3, 'learning_rate': 0.014880838508381747}. Best is trial 0 with value: 22.17780876159668.
[I 2023-12-26 17:58:12,159] Trial 49 finished with value: 188.3644561767578 and parameters: {'gradient_clip_val': 0.7481529617870868, 'hidden_size': 17, 'dropout': 0.24771073295298954, 'hidden_continuous_size': 11, 'attention_head_size': 2, 'learning_rate': 0.09867784588761332}. Best is trial 0 with value: 22.17780876159668.
[I 2023-12-26 17:58:12,279] A new study created in memory with name: no-name-693a2a1e-3ff7-4c57-86d6-436dbe3bfaab
/home/le004/conda/anaconda3/envs/tsff_env/lib/python3.9/site-packages/lightning/fabric/plugins/environments/slurm.py:191: The `srun` command is available on your system but is not used. HINT: If your intention is to run Lightning on SLURM, prepend your python command with `srun` like so: srun python /home/le004/master_thesis/git/TSFusionForecast/code/ ...
[I 2023-12-26 18:01:39,489] Trial 0 finished with value: 1.1607683897018433 and parameters: {'gradient_clip_val': 0.5162111624529692, 'hidden_size': 42, 'dropout': 0.45558679387383716, 'hidden_continuous_size': 12, 'attention_head_size': 3, 'learning_rate': 0.014810836256867568}. Best is trial 0 with value: 1.1607683897018433.
[I 2023-12-26 18:01:48,349] Trial 1 finished with value: 2.6546714305877686 and parameters: {'gradient_clip_val': 0.1509604220888093, 'hidden_size': 121, 'dropout': 0.3259192913189895, 'hidden_continuous_size': 7, 'attention_head_size': 1, 'learning_rate': 0.05394892727685107}. Best is trial 0 with value: 1.1607683897018433.
[I 2023-12-26 18:01:51,242] Trial 2 finished with value: 2.6858041286468506 and parameters: {'gradient_clip_val': 0.7644970161065691, 'hidden_size': 36, 'dropout': 0.21634228584984322, 'hidden_continuous_size': 24, 'attention_head_size': 2, 'learning_rate': 0.029160863575567717}. Best is trial 0 with value: 1.1607683897018433.
[I 2023-12-26 18:01:59,360] Trial 3 finished with value: 1.8611170053482056 and parameters: {'gradient_clip_val': 0.9165499257099139, 'hidden_size': 107, 'dropout': 0.3554080557460535, 'hidden_continuous_size': 22, 'attention_head_size': 4, 'learning_rate': 0.00123042849039552}. Best is trial 0 with value: 1.1607683897018433.
[I 2023-12-26 18:02:06,986] Trial 4 finished with value: 1.4730974435806274 and parameters: {'gradient_clip_val': 0.17480111305783538, 'hidden_size': 97, 'dropout': 0.48801081727255313, 'hidden_continuous_size': 11, 'attention_head_size': 3, 'learning_rate': 0.07543476225813842}. Best is trial 0 with value: 1.1607683897018433.
[I 2023-12-26 18:02:10,972] Trial 5 finished with value: 2.4417459964752197 and parameters: {'gradient_clip_val': 0.2738311548261636, 'hidden_size': 43, 'dropout': 0.44541794841175075, 'hidden_continuous_size': 5, 'attention_head_size': 2, 'learning_rate': 0.002220256332689194}. Best is trial 0 with value: 1.1607683897018433.
[I 2023-12-26 18:02:13,171] Trial 6 finished with value: 2.073695421218872 and parameters: {'gradient_clip_val': 0.3997106487149872, 'hidden_size': 7, 'dropout': 0.15842047458817335, 'hidden_continuous_size': 6, 'attention_head_size': 1, 'learning_rate': 0.01874150686895028}. Best is trial 0 with value: 1.1607683897018433.
[I 2023-12-26 18:02:16,853] Trial 7 finished with value: 2.3194148540496826 and parameters: {'gradient_clip_val': 0.13863545995160811, 'hidden_size': 39, 'dropout': 0.3375331179306037, 'hidden_continuous_size': 15, 'attention_head_size': 1, 'learning_rate': 0.027895064315931795}. Best is trial 0 with value: 1.1607683897018433.
[I 2023-12-26 18:02:19,159] Trial 8 finished with value: 2.5072214603424072 and parameters: {'gradient_clip_val': 0.11781324013053722, 'hidden_size': 9, 'dropout': 0.10729687719786721, 'hidden_continuous_size': 5, 'attention_head_size': 1, 'learning_rate': 0.004797667484030675}. Best is trial 0 with value: 1.1607683897018433.
[I 2023-12-26 18:02:24,693] Trial 9 finished with value: 2.5137059688568115 and parameters: {'gradient_clip_val': 0.5554770690718335, 'hidden_size': 70, 'dropout': 0.15748417108355933, 'hidden_continuous_size': 24, 'attention_head_size': 1, 'learning_rate': 0.0009346468360342861}. Best is trial 0 with value: 1.1607683897018433.
[I 2023-12-26 18:02:27,182] Trial 10 finished with value: 1.623246192932129 and parameters: {'gradient_clip_val': 0.34409634431154246, 'hidden_size': 17, 'dropout': 0.41668585354988774, 'hidden_continuous_size': 9, 'attention_head_size': 4, 'learning_rate': 0.009065971673466164}. Best is trial 0 with value: 1.1607683897018433.
[I 2023-12-26 18:02:34,209] Trial 11 finished with value: 1.362761378288269 and parameters: {'gradient_clip_val': 0.23671946034345248, 'hidden_size': 69, 'dropout': 0.4854449751174185, 'hidden_continuous_size': 68, 'attention_head_size': 3, 'learning_rate': 0.09558597766415868}. Best is trial 0 with value: 1.1607683897018433.
[I 2023-12-26 18:02:39,693] Trial 12 finished with value: 1.9593755006790161 and parameters: {'gradient_clip_val': 0.2449893984583216, 'hidden_size': 62, 'dropout': 0.49454737589307346, 'hidden_continuous_size': 52, 'attention_head_size': 3, 'learning_rate': 0.06919164508452726}. Best is trial 0 with value: 1.1607683897018433.
[I 2023-12-26 18:02:42,295] Trial 13 finished with value: 2.262206554412842 and parameters: {'gradient_clip_val': 0.5658592199790029, 'hidden_size': 22, 'dropout': 0.4118745551637958, 'hidden_continuous_size': 8, 'attention_head_size': 3, 'learning_rate': 0.09104101292333906}. Best is trial 0 with value: 1.1607683897018433.
[I 2023-12-26 18:02:47,991] Trial 14 finished with value: 2.2308390140533447 and parameters: {'gradient_clip_val': 0.23264534694281183, 'hidden_size': 63, 'dropout': 0.38621619166632437, 'hidden_continuous_size': 56, 'attention_head_size': 3, 'learning_rate': 0.00933967208796943}. Best is trial 0 with value: 1.1607683897018433.
[I 2023-12-26 18:02:59,694] Trial 15 finished with value: 2.03887677192688 and parameters: {'gradient_clip_val': 0.4022311014064322, 'hidden_size': 141, 'dropout': 0.4574178596155308, 'hidden_continuous_size': 131, 'attention_head_size': 4, 'learning_rate': 0.01698288605806073}. Best is trial 0 with value: 1.1607683897018433.
[I 2023-12-26 18:03:02,568] Trial 16 finished with value: 2.0298683643341064 and parameters: {'gradient_clip_val': 0.1964130455322775, 'hidden_size': 25, 'dropout': 0.29605954070470686, 'hidden_continuous_size': 5, 'attention_head_size': 2, 'learning_rate': 0.037559403322759234}. Best is trial 0 with value: 1.1607683897018433.
[I 2023-12-26 18:03:05,058] Trial 17 finished with value: 2.2926740646362305 and parameters: {'gradient_clip_val': 0.31185709043407134, 'hidden_size': 16, 'dropout': 0.499737172783076, 'hidden_continuous_size': 6, 'attention_head_size': 3, 'learning_rate': 0.0005348466995946892}. Best is trial 0 with value: 1.1607683897018433.
[I 2023-12-26 18:03:09,329] Trial 18 finished with value: 1.8197842836380005 and parameters: {'gradient_clip_val': 0.20681793772810206, 'hidden_size': 48, 'dropout': 0.4519159180999946, 'hidden_continuous_size': 12, 'attention_head_size': 2, 'learning_rate': 0.09640738289809608}. Best is trial 0 with value: 1.1607683897018433.
[I 2023-12-26 18:03:16,276] Trial 19 finished with value: 2.3238065242767334 and parameters: {'gradient_clip_val': 0.10545751459234462, 'hidden_size': 81, 'dropout': 0.37909579286208644, 'hidden_continuous_size': 16, 'attention_head_size': 4, 'learning_rate': 0.03969857803400684}. Best is trial 0 with value: 1.1607683897018433.
[I 2023-12-26 18:03:19,494] Trial 20 finished with value: 2.441554069519043 and parameters: {'gradient_clip_val': 0.4876352819186954, 'hidden_size': 32, 'dropout': 0.42656612576672936, 'hidden_continuous_size': 10, 'attention_head_size': 3, 'learning_rate': 0.017529965510071452}. Best is trial 0 with value: 1.1607683897018433.
[I 2023-12-26 18:03:27,183] Trial 21 finished with value: 2.230499505996704 and parameters: {'gradient_clip_val': 0.16169744313941695, 'hidden_size': 90, 'dropout': 0.4805651929620505, 'hidden_continuous_size': 12, 'attention_head_size': 3, 'learning_rate': 0.06149367131463276}. Best is trial 0 with value: 1.1607683897018433.
[I 2023-12-26 18:03:35,177] Trial 22 finished with value: 1.9597572088241577 and parameters: {'gradient_clip_val': 0.19205292893839132, 'hidden_size': 93, 'dropout': 0.47515067714232384, 'hidden_continuous_size': 16, 'attention_head_size': 3, 'learning_rate': 0.09570769604223141}. Best is trial 0 with value: 1.1607683897018433.
[I 2023-12-26 18:03:47,250] Trial 23 finished with value: 1.536317229270935 and parameters: {'gradient_clip_val': 0.2682231159440388, 'hidden_size': 149, 'dropout': 0.49826796299371334, 'hidden_continuous_size': 37, 'attention_head_size': 3, 'learning_rate': 0.04700253960115878}. Best is trial 0 with value: 1.1607683897018433.
[I 2023-12-26 18:03:51,818] Trial 24 finished with value: 1.8666472434997559 and parameters: {'gradient_clip_val': 0.17452848716768515, 'hidden_size': 51, 'dropout': 0.448646154383781, 'hidden_continuous_size': 10, 'attention_head_size': 2, 'learning_rate': 0.05967452526340147}. Best is trial 0 with value: 1.1607683897018433.
[I 2023-12-26 18:03:58,210] Trial 25 finished with value: 1.602006435394287 and parameters: {'gradient_clip_val': 0.13370644164099257, 'hidden_size': 74, 'dropout': 0.4653351400905433, 'hidden_continuous_size': 12, 'attention_head_size': 4, 'learning_rate': 0.02860911454900147}. Best is trial 0 with value: 1.1607683897018433.
[I 2023-12-26 18:04:03,474] Trial 26 finished with value: 2.2739059925079346 and parameters: {'gradient_clip_val': 0.2348891719003742, 'hidden_size': 58, 'dropout': 0.4265880901405389, 'hidden_continuous_size': 8, 'attention_head_size': 3, 'learning_rate': 0.06719774893699192}. Best is trial 0 with value: 1.1607683897018433.
[I 2023-12-26 18:04:11,247] Trial 27 finished with value: 2.2269608974456787 and parameters: {'gradient_clip_val': 0.17082684199676826, 'hidden_size': 91, 'dropout': 0.38922907760561687, 'hidden_continuous_size': 18, 'attention_head_size': 2, 'learning_rate': 0.04257644388818833}. Best is trial 0 with value: 1.1607683897018433.
[I 2023-12-26 18:04:16,310] Trial 28 finished with value: 2.232966661453247 and parameters: {'gradient_clip_val': 0.29704351007051877, 'hidden_size': 52, 'dropout': 0.47213311119046836, 'hidden_continuous_size': 13, 'attention_head_size': 3, 'learning_rate': 0.005285192204458255}. Best is trial 0 with value: 1.1607683897018433.
[I 2023-12-26 18:04:25,662] Trial 29 finished with value: 2.4330692291259766 and parameters: {'gradient_clip_val': 0.13685681371665648, 'hidden_size': 117, 'dropout': 0.49839043721856047, 'hidden_continuous_size': 7, 'attention_head_size': 4, 'learning_rate': 0.054954464087757275}. Best is trial 0 with value: 1.1607683897018433.
[I 2023-12-26 18:04:34,774] Trial 30 finished with value: 2.5029141902923584 and parameters: {'gradient_clip_val': 0.21304234380745707, 'hidden_size': 112, 'dropout': 0.4368218631334459, 'hidden_continuous_size': 31, 'attention_head_size': 3, 'learning_rate': 0.07916489560664407}. Best is trial 0 with value: 1.1607683897018433.
[I 2023-12-26 18:04:46,577] Trial 31 finished with value: 1.7113137245178223 and parameters: {'gradient_clip_val': 0.2664840282874121, 'hidden_size': 146, 'dropout': 0.4998772998669942, 'hidden_continuous_size': 35, 'attention_head_size': 3, 'learning_rate': 0.04691398430286258}. Best is trial 0 with value: 1.1607683897018433.
[I 2023-12-26 18:04:58,175] Trial 32 finished with value: 2.376805067062378 and parameters: {'gradient_clip_val': 0.26280421438142626, 'hidden_size': 140, 'dropout': 0.4700989798631179, 'hidden_continuous_size': 46, 'attention_head_size': 3, 'learning_rate': 0.09907293342330027}. Best is trial 0 with value: 1.1607683897018433.
[I 2023-12-26 18:05:07,505] Trial 33 finished with value: 1.7706128358840942 and parameters: {'gradient_clip_val': 0.32983730143558804, 'hidden_size': 108, 'dropout': 0.4687921249210532, 'hidden_continuous_size': 67, 'attention_head_size': 3, 'learning_rate': 0.0547907561920682}. Best is trial 0 with value: 1.1607683897018433.
[I 2023-12-26 18:05:14,213] Trial 34 finished with value: 1.6184698343276978 and parameters: {'gradient_clip_val': 0.7696780905086018, 'hidden_size': 78, 'dropout': 0.44308431319692576, 'hidden_continuous_size': 20, 'attention_head_size': 2, 'learning_rate': 0.02940521244453045}. Best is trial 0 with value: 1.1607683897018433.
[I 2023-12-26 18:05:22,492] Trial 35 finished with value: 2.6918632984161377 and parameters: {'gradient_clip_val': 0.2255989229751575, 'hidden_size': 98, 'dropout': 0.4077759287629413, 'hidden_continuous_size': 24, 'attention_head_size': 4, 'learning_rate': 0.06869457302984887}. Best is trial 0 with value: 1.1607683897018433.
[I 2023-12-26 18:05:26,608] Trial 36 finished with value: 2.780771493911743 and parameters: {'gradient_clip_val': 0.294531260875713, 'hidden_size': 43, 'dropout': 0.48202831357915404, 'hidden_continuous_size': 14, 'attention_head_size': 3, 'learning_rate': 0.04684167762698311}. Best is trial 0 with value: 1.1607683897018433.
[I 2023-12-26 18:05:32,750] Trial 37 finished with value: 2.0702741146087646 and parameters: {'gradient_clip_val': 0.15619856772956162, 'hidden_size': 70, 'dropout': 0.44610705155513886, 'hidden_continuous_size': 19, 'attention_head_size': 2, 'learning_rate': 0.024721262843958397}. Best is trial 0 with value: 1.1607683897018433.
[I 2023-12-26 18:05:42,582] Trial 38 finished with value: 2.0336267948150635 and parameters: {'gradient_clip_val': 0.1909738418957694, 'hidden_size': 121, 'dropout': 0.2832190003834524, 'hidden_continuous_size': 31, 'attention_head_size': 3, 'learning_rate': 0.033979907652255864}. Best is trial 0 with value: 1.1607683897018433.
[I 2023-12-26 18:05:46,461] Trial 39 finished with value: 2.0921146869659424 and parameters: {'gradient_clip_val': 0.3686705912178339, 'hidden_size': 33, 'dropout': 0.3357653827724523, 'hidden_continuous_size': 11, 'attention_head_size': 4, 'learning_rate': 0.022648156732010444}. Best is trial 0 with value: 1.1607683897018433.
[I 2023-12-26 18:05:53,547] Trial 40 finished with value: 1.686838984489441 and parameters: {'gradient_clip_val': 0.2654225351235997, 'hidden_size': 84, 'dropout': 0.3643519848558271, 'hidden_continuous_size': 15, 'attention_head_size': 3, 'learning_rate': 0.0736965107207341}. Best is trial 0 with value: 1.1607683897018433.
[I 2023-12-26 18:05:59,484] Trial 41 finished with value: 2.1406633853912354 and parameters: {'gradient_clip_val': 0.13870335266425865, 'hidden_size': 69, 'dropout': 0.47045429077935486, 'hidden_continuous_size': 12, 'attention_head_size': 4, 'learning_rate': 0.029779425625608494}. Best is trial 0 with value: 1.1607683897018433.
