[I 2023-12-15 22:32:10,403] Trial 3 finished with value: 0.09838127344846725 and parameters: {'gradient_clip_val': 0.14398171087366396, 'hidden_size': 6, 'dropout': 0.3110430913872639, 'hidden_continuous_size': 6, 'attention_head_size': 3, 'learning_rate': 0.022593819979998358}. Best is trial 3 with value: 0.09838127344846725.
LOCAL_RANK: 0 - CUDA_VISIBLE_DEVICES: [0]
[I 2023-12-15 22:32:55,520] Trial 4 finished with value: 0.2985179126262665 and parameters: {'gradient_clip_val': 0.6577184642354381, 'hidden_size': 8, 'dropout': 0.2872920303107499, 'hidden_continuous_size': 5, 'attention_head_size': 2, 'learning_rate': 0.004207525413464704}. Best is trial 3 with value: 0.09838127344846725.
LOCAL_RANK: 0 - CUDA_VISIBLE_DEVICES: [0]
[I 2023-12-15 22:33:49,440] Trial 5 finished with value: 0.466860294342041 and parameters: {'gradient_clip_val': 0.5704329147802347, 'hidden_size': 98, 'dropout': 0.10132147651874886, 'hidden_continuous_size': 9, 'attention_head_size': 1, 'learning_rate': 0.0032742085352212603}. Best is trial 3 with value: 0.09838127344846725.
LOCAL_RANK: 0 - CUDA_VISIBLE_DEVICES: [0]
[I 2023-12-15 22:34:43,639] Trial 6 finished with value: 0.26107439398765564 and parameters: {'gradient_clip_val': 0.11651290805981873, 'hidden_size': 86, 'dropout': 0.2097722224935944, 'hidden_continuous_size': 22, 'attention_head_size': 2, 'learning_rate': 0.009166336984734397}. Best is trial 3 with value: 0.09838127344846725.
LOCAL_RANK: 0 - CUDA_VISIBLE_DEVICES: [0]
[I 2023-12-15 22:35:37,268] Trial 7 finished with value: 0.07383706420660019 and parameters: {'gradient_clip_val': 0.40540318267615194, 'hidden_size': 69, 'dropout': 0.2095572701025833, 'hidden_continuous_size': 10, 'attention_head_size': 4, 'learning_rate': 0.058813683867477776}. Best is trial 7 with value: 0.07383706420660019.
LOCAL_RANK: 0 - CUDA_VISIBLE_DEVICES: [0]
[I 2023-12-15 22:36:33,092] Trial 8 finished with value: 0.06369036436080933 and parameters: {'gradient_clip_val': 0.2146787729365655, 'hidden_size': 95, 'dropout': 0.1996175238261971, 'hidden_continuous_size': 51, 'attention_head_size': 1, 'learning_rate': 0.0031995088842862803}. Best is trial 8 with value: 0.06369036436080933.
LOCAL_RANK: 0 - CUDA_VISIBLE_DEVICES: [0]
[I 2023-12-15 22:37:28,276] Trial 9 finished with value: 0.15783335268497467 and parameters: {'gradient_clip_val': 0.5926034449249816, 'hidden_size': 91, 'dropout': 0.20257913486595108, 'hidden_continuous_size': 21, 'attention_head_size': 3, 'learning_rate': 0.0034012420290748494}. Best is trial 8 with value: 0.06369036436080933.
LOCAL_RANK: 0 - CUDA_VISIBLE_DEVICES: [0]
[I 2023-12-15 22:38:05,352] Trial 10 finished with value: 0.60756915807724 and parameters: {'gradient_clip_val': 0.9752492403161054, 'hidden_size': 43, 'dropout': 0.39987079830959926, 'hidden_continuous_size': 43, 'attention_head_size': 1, 'learning_rate': 0.0007942545948852604}. Best is trial 8 with value: 0.06369036436080933.
LOCAL_RANK: 0 - CUDA_VISIBLE_DEVICES: [0]
[I 2023-12-15 22:39:00,050] Trial 11 finished with value: 0.08322028815746307 and parameters: {'gradient_clip_val': 0.3026536701035716, 'hidden_size': 53, 'dropout': 0.22209755703363118, 'hidden_continuous_size': 52, 'attention_head_size': 4, 'learning_rate': 0.017409461813078723}. Best is trial 8 with value: 0.06369036436080933.
LOCAL_RANK: 0 - CUDA_VISIBLE_DEVICES: [0]
[I 2023-12-15 22:39:53,965] Trial 12 finished with value: 0.09108442813158035 and parameters: {'gradient_clip_val': 0.18350916286854066, 'hidden_size': 50, 'dropout': 0.17723065435570695, 'hidden_continuous_size': 33, 'attention_head_size': 3, 'learning_rate': 0.03132445140395411}. Best is trial 8 with value: 0.06369036436080933.
LOCAL_RANK: 0 - CUDA_VISIBLE_DEVICES: [0]
[I 2023-12-15 22:40:43,808] Trial 13 finished with value: 0.42969080805778503 and parameters: {'gradient_clip_val': 0.35543651471840754, 'hidden_size': 30, 'dropout': 0.25348565596326844, 'hidden_continuous_size': 13, 'attention_head_size': 4, 'learning_rate': 0.008599409721537575}. Best is trial 8 with value: 0.06369036436080933.
LOCAL_RANK: 0 - CUDA_VISIBLE_DEVICES: [0]
[I 2023-12-15 22:41:38,833] Trial 14 finished with value: 0.26960086822509766 and parameters: {'gradient_clip_val': 0.20034533804135043, 'hidden_size': 70, 'dropout': 0.16815869832136093, 'hidden_continuous_size': 60, 'attention_head_size': 2, 'learning_rate': 0.0013108064644263503}. Best is trial 8 with value: 0.06369036436080933.
LOCAL_RANK: 0 - CUDA_VISIBLE_DEVICES: [0]
[I 2023-12-15 22:42:33,017] Trial 15 finished with value: 0.3394900858402252 and parameters: {'gradient_clip_val': 0.34176340943415, 'hidden_size': 69, 'dropout': 0.24858414848438984, 'hidden_continuous_size': 30, 'attention_head_size': 3, 'learning_rate': 0.00161187767046592}. Best is trial 8 with value: 0.06369036436080933.
LOCAL_RANK: 0 - CUDA_VISIBLE_DEVICES: [0]
[I 2023-12-15 22:43:25,426] Trial 16 finished with value: 0.12287557125091553 and parameters: {'gradient_clip_val': 0.11474216169698327, 'hidden_size': 40, 'dropout': 0.17170500225605906, 'hidden_continuous_size': 18, 'attention_head_size': 4, 'learning_rate': 0.03588561578906612}. Best is trial 8 with value: 0.06369036436080933.
LOCAL_RANK: 0 - CUDA_VISIBLE_DEVICES: [0]
[I 2023-12-15 22:44:18,524] Trial 17 finished with value: 0.05753951147198677 and parameters: {'gradient_clip_val': 0.1668583406605708, 'hidden_size': 62, 'dropout': 0.23565963974790036, 'hidden_continuous_size': 28, 'attention_head_size': 1, 'learning_rate': 0.015280716940260654}. Best is trial 17 with value: 0.05753951147198677.
LOCAL_RANK: 0 - CUDA_VISIBLE_DEVICES: [0]
[I 2023-12-15 22:45:06,823] Trial 18 finished with value: 0.32351091504096985 and parameters: {'gradient_clip_val': 0.1461362422440879, 'hidden_size': 21, 'dropout': 0.2495518357637438, 'hidden_continuous_size': 13, 'attention_head_size': 1, 'learning_rate': 0.012443673742195112}. Best is trial 17 with value: 0.05753951147198677.
LOCAL_RANK: 0 - CUDA_VISIBLE_DEVICES: [0]
[I 2023-12-15 22:46:03,571] Trial 19 finished with value: 0.34022387862205505 and parameters: {'gradient_clip_val': 0.2671639318853041, 'hidden_size': 100, 'dropout': 0.2824847716222863, 'hidden_continuous_size': 75, 'attention_head_size': 1, 'learning_rate': 0.005884952898631557}. Best is trial 17 with value: 0.05753951147198677.
LOCAL_RANK: 0 - CUDA_VISIBLE_DEVICES: [0]
[I 2023-12-15 22:46:56,973] Trial 20 finished with value: 0.0671190395951271 and parameters: {'gradient_clip_val': 0.10126464904223748, 'hidden_size': 59, 'dropout': 0.23182905071857046, 'hidden_continuous_size': 33, 'attention_head_size': 1, 'learning_rate': 0.01552533894772652}. Best is trial 17 with value: 0.05753951147198677.
LOCAL_RANK: 0 - CUDA_VISIBLE_DEVICES: [0]
[I 2023-12-15 22:47:50,448] Trial 21 finished with value: 0.2887856960296631 and parameters: {'gradient_clip_val': 0.10670532346049523, 'hidden_size': 58, 'dropout': 0.2331858015939042, 'hidden_continuous_size': 34, 'attention_head_size': 1, 'learning_rate': 0.012606894101469462}. Best is trial 17 with value: 0.05753951147198677.
LOCAL_RANK: 0 - CUDA_VISIBLE_DEVICES: [0]
[I 2023-12-15 22:48:44,859] Trial 22 finished with value: 0.1528971940279007 and parameters: {'gradient_clip_val': 0.15350216270025063, 'hidden_size': 73, 'dropout': 0.19209880581770641, 'hidden_continuous_size': 42, 'attention_head_size': 1, 'learning_rate': 0.006426637670359502}. Best is trial 17 with value: 0.05753951147198677.
LOCAL_RANK: 0 - CUDA_VISIBLE_DEVICES: [0]
[I 2023-12-15 22:49:37,106] Trial 23 finished with value: 0.22745603322982788 and parameters: {'gradient_clip_val': 0.10059880715822016, 'hidden_size': 52, 'dropout': 0.23017179118301936, 'hidden_continuous_size': 27, 'attention_head_size': 2, 'learning_rate': 0.016585867600834855}. Best is trial 17 with value: 0.05753951147198677.
LOCAL_RANK: 0 - CUDA_VISIBLE_DEVICES: [0]
[I 2023-12-15 22:50:29,584] Trial 24 finished with value: 0.23320142924785614 and parameters: {'gradient_clip_val': 0.19232462083484075, 'hidden_size': 38, 'dropout': 0.14708195273084063, 'hidden_continuous_size': 26, 'attention_head_size': 1, 'learning_rate': 0.030421111033792875}. Best is trial 17 with value: 0.05753951147198677.
LOCAL_RANK: 0 - CUDA_VISIBLE_DEVICES: [0]
[I 2023-12-15 22:51:23,502] Trial 25 finished with value: 0.12475115060806274 and parameters: {'gradient_clip_val': 0.13066642711387827, 'hidden_size': 61, 'dropout': 0.19616345505548755, 'hidden_continuous_size': 39, 'attention_head_size': 2, 'learning_rate': 0.011118424120882034}. Best is trial 17 with value: 0.05753951147198677.
LOCAL_RANK: 0 - CUDA_VISIBLE_DEVICES: [0]
[I 2023-12-15 22:52:18,719] Trial 26 finished with value: 0.9767716526985168 and parameters: {'gradient_clip_val': 0.13297112883937384, 'hidden_size': 81, 'dropout': 0.27056820390247716, 'hidden_continuous_size': 52, 'attention_head_size': 1, 'learning_rate': 0.005187995165281157}. Best is trial 17 with value: 0.05753951147198677.
LOCAL_RANK: 0 - CUDA_VISIBLE_DEVICES: [0]
[I 2023-12-15 22:53:15,055] Trial 27 finished with value: 0.04657638072967529 and parameters: {'gradient_clip_val': 0.16975178091604726, 'hidden_size': 80, 'dropout': 0.22794732939026247, 'hidden_continuous_size': 79, 'attention_head_size': 1, 'learning_rate': 0.007836016396731803}. Best is trial 27 with value: 0.04657638072967529.
LOCAL_RANK: 0 - CUDA_VISIBLE_DEVICES: [0]
[I 2023-12-15 22:54:11,521] Trial 28 finished with value: 0.18065862357616425 and parameters: {'gradient_clip_val': 0.1895078658571036, 'hidden_size': 75, 'dropout': 0.18804480481089852, 'hidden_continuous_size': 74, 'attention_head_size': 2, 'learning_rate': 0.002330309874128521}. Best is trial 27 with value: 0.04657638072967529.
LOCAL_RANK: 0 - CUDA_VISIBLE_DEVICES: [0]
[I 2023-12-15 22:54:50,388] Trial 29 finished with value: 0.14597223699092865 and parameters: {'gradient_clip_val': 0.16840005156837992, 'hidden_size': 100, 'dropout': 0.15446035208461945, 'hidden_continuous_size': 100, 'attention_head_size': 1, 'learning_rate': 0.006410871331254976}. Best is trial 27 with value: 0.04657638072967529.
LOCAL_RANK: 0 - CUDA_VISIBLE_DEVICES: [0]
[I 2023-12-15 22:55:45,550] Trial 30 finished with value: 0.48323336243629456 and parameters: {'gradient_clip_val': 0.21792659932356154, 'hidden_size': 77, 'dropout': 0.12575537642922444, 'hidden_continuous_size': 41, 'attention_head_size': 2, 'learning_rate': 0.0044186379863967035}. Best is trial 27 with value: 0.04657638072967529.
LOCAL_RANK: 0 - CUDA_VISIBLE_DEVICES: [0]
[I 2023-12-15 22:56:39,260] Trial 31 finished with value: 0.5063087940216064 and parameters: {'gradient_clip_val': 0.16214479016151206, 'hidden_size': 59, 'dropout': 0.2212340390487829, 'hidden_continuous_size': 36, 'attention_head_size': 1, 'learning_rate': 0.009078542160948071}. Best is trial 27 with value: 0.04657638072967529.
LOCAL_RANK: 0 - CUDA_VISIBLE_DEVICES: [0]
[I 2023-12-15 22:57:31,876] Trial 32 finished with value: 0.734745979309082 and parameters: {'gradient_clip_val': 0.1278217783382791, 'hidden_size': 47, 'dropout': 0.23559385565499283, 'hidden_continuous_size': 28, 'attention_head_size': 1, 'learning_rate': 0.007897873857630366}. Best is trial 27 with value: 0.04657638072967529.
LOCAL_RANK: 0 - CUDA_VISIBLE_DEVICES: [0]
[I 2023-12-15 22:58:24,800] Trial 33 finished with value: 0.6199498772621155 and parameters: {'gradient_clip_val': 0.23105797040265633, 'hidden_size': 64, 'dropout': 0.21598034487656578, 'hidden_continuous_size': 33, 'attention_head_size': 1, 'learning_rate': 0.014970588695089949}. Best is trial 27 with value: 0.04657638072967529.
LOCAL_RANK: 0 - CUDA_VISIBLE_DEVICES: [0]
[I 2023-12-15 22:59:20,810] Trial 34 finished with value: 0.08890509605407715 and parameters: {'gradient_clip_val': 0.1677860798235584, 'hidden_size': 87, 'dropout': 0.26192126799987153, 'hidden_continuous_size': 49, 'attention_head_size': 1, 'learning_rate': 0.01883993074156517}. Best is trial 27 with value: 0.04657638072967529.
LOCAL_RANK: 0 - CUDA_VISIBLE_DEVICES: [0]
[I 2023-12-15 23:00:13,611] Trial 35 finished with value: 0.1541491597890854 and parameters: {'gradient_clip_val': 0.263176503706102, 'hidden_size': 55, 'dropout': 0.23942930635172927, 'hidden_continuous_size': 24, 'attention_head_size': 1, 'learning_rate': 0.022881511359655153}. Best is trial 27 with value: 0.04657638072967529.
LOCAL_RANK: 0 - CUDA_VISIBLE_DEVICES: [0]
[I 2023-12-15 23:01:05,160] Trial 36 finished with value: 0.5610857605934143 and parameters: {'gradient_clip_val': 0.14665435262876989, 'hidden_size': 36, 'dropout': 0.30527615627962834, 'hidden_continuous_size': 25, 'attention_head_size': 2, 'learning_rate': 0.010878623180099092}. Best is trial 27 with value: 0.04657638072967529.
LOCAL_RANK: 0 - CUDA_VISIBLE_DEVICES: [0]
[I 2023-12-15 23:02:00,943] Trial 37 finished with value: 0.11637959629297256 and parameters: {'gradient_clip_val': 0.21274448525217254, 'hidden_size': 87, 'dropout': 0.2078176495182945, 'hidden_continuous_size': 62, 'attention_head_size': 1, 'learning_rate': 0.007097944322459345}. Best is trial 27 with value: 0.04657638072967529.
LOCAL_RANK: 0 - CUDA_VISIBLE_DEVICES: [0]
[I 2023-12-15 23:02:54,185] Trial 38 finished with value: 0.21108464896678925 and parameters: {'gradient_clip_val': 0.1212697070556414, 'hidden_size': 46, 'dropout': 0.2419846307549034, 'hidden_continuous_size': 30, 'attention_head_size': 2, 'learning_rate': 0.004149569536429312}. Best is trial 27 with value: 0.04657638072967529.
LOCAL_RANK: 0 - CUDA_VISIBLE_DEVICES: [0]
[I 2023-12-15 23:03:47,645] Trial 39 finished with value: 1.6714248657226562 and parameters: {'gradient_clip_val': 0.11088866846718835, 'hidden_size': 62, 'dropout': 0.2705950698258212, 'hidden_continuous_size': 37, 'attention_head_size': 1, 'learning_rate': 0.002828038219627529}. Best is trial 27 with value: 0.04657638072967529.
LOCAL_RANK: 0 - CUDA_VISIBLE_DEVICES: [0]
[I 2023-12-15 23:04:41,625] Trial 40 finished with value: 0.2570279538631439 and parameters: {'gradient_clip_val': 0.17436949641354052, 'hidden_size': 79, 'dropout': 0.22112835665075944, 'hidden_continuous_size': 20, 'attention_head_size': 1, 'learning_rate': 0.09701422780890696}. Best is trial 27 with value: 0.04657638072967529.
LOCAL_RANK: 0 - CUDA_VISIBLE_DEVICES: [0]
[I 2023-12-15 23:05:35,332] Trial 41 finished with value: 0.19795115292072296 and parameters: {'gradient_clip_val': 0.13873050278208274, 'hidden_size': 68, 'dropout': 0.20093515219472072, 'hidden_continuous_size': 16, 'attention_head_size': 4, 'learning_rate': 0.04199883220092186}. Best is trial 27 with value: 0.04657638072967529.
LOCAL_RANK: 0 - CUDA_VISIBLE_DEVICES: [0]
[I 2023-12-15 23:06:28,100] Trial 42 finished with value: 0.1052294448018074 and parameters: {'gradient_clip_val': 0.4089233630213401, 'hidden_size': 88, 'dropout': 0.21614127963693217, 'hidden_continuous_size': 7, 'attention_head_size': 3, 'learning_rate': 0.06545326637121376}. Best is trial 27 with value: 0.04657638072967529.
LOCAL_RANK: 0 - CUDA_VISIBLE_DEVICES: [0]
[I 2023-12-15 23:07:21,351] Trial 43 finished with value: 0.13973349332809448 and parameters: {'gradient_clip_val': 0.20536312375840224, 'hidden_size': 53, 'dropout': 0.19150436450032463, 'hidden_continuous_size': 10, 'attention_head_size': 3, 'learning_rate': 0.024973169246593506}. Best is trial 27 with value: 0.04657638072967529.
LOCAL_RANK: 0 - CUDA_VISIBLE_DEVICES: [0]
[I 2023-12-15 23:08:15,559] Trial 44 finished with value: 0.06828273087739944 and parameters: {'gradient_clip_val': 0.24750891692094212, 'hidden_size': 71, 'dropout': 0.20947012512093288, 'hidden_continuous_size': 23, 'attention_head_size': 4, 'learning_rate': 0.06362482391577017}. Best is trial 27 with value: 0.04657638072967529.
LOCAL_RANK: 0 - CUDA_VISIBLE_DEVICES: [0]
[I 2023-12-15 23:09:10,600] Trial 45 finished with value: 0.13730046153068542 and parameters: {'gradient_clip_val': 0.23712451945392835, 'hidden_size': 97, 'dropout': 0.18310648416316289, 'hidden_continuous_size': 22, 'attention_head_size': 1, 'learning_rate': 0.04267909544118404}. Best is trial 27 with value: 0.04657638072967529.
LOCAL_RANK: 0 - CUDA_VISIBLE_DEVICES: [0]
[I 2023-12-15 23:10:05,917] Trial 46 finished with value: 0.07194383442401886 and parameters: {'gradient_clip_val': 0.18730260979682245, 'hidden_size': 79, 'dropout': 0.2304487775167065, 'hidden_continuous_size': 45, 'attention_head_size': 2, 'learning_rate': 0.048257688126065026}. Best is trial 27 with value: 0.04657638072967529.
LOCAL_RANK: 0 - CUDA_VISIBLE_DEVICES: [0]
[I 2023-12-15 23:11:00,228] Trial 47 finished with value: 0.11344209313392639 and parameters: {'gradient_clip_val': 0.15982956506298818, 'hidden_size': 67, 'dropout': 0.2562078550630727, 'hidden_continuous_size': 29, 'attention_head_size': 4, 'learning_rate': 0.08173086302989979}. Best is trial 27 with value: 0.04657638072967529.
LOCAL_RANK: 0 - CUDA_VISIBLE_DEVICES: [0]
[I 2023-12-15 23:11:53,231] Trial 48 finished with value: 0.11864098161458969 and parameters: {'gradient_clip_val': 0.25976067833583116, 'hidden_size': 46, 'dropout': 0.20804440811326036, 'hidden_continuous_size': 32, 'attention_head_size': 2, 'learning_rate': 0.025505711461342187}. Best is trial 27 with value: 0.04657638072967529.
LOCAL_RANK: 0 - CUDA_VISIBLE_DEVICES: [0]
[I 2023-12-15 23:12:47,579] Trial 49 finished with value: 0.15573011338710785 and parameters: {'gradient_clip_val': 0.29421665476331593, 'hidden_size': 87, 'dropout': 0.159572480396003, 'hidden_continuous_size': 23, 'attention_head_size': 1, 'learning_rate': 0.01873193361342611}. Best is trial 27 with value: 0.04657638072967529.
[I 2023-12-15 23:12:47,671] A new study created in memory with name: no-name-18c5c4d8-f68e-487d-8796-de463c347d46
/home/le004/conda/anaconda3/envs/tsff_env/lib/python3.9/site-packages/lightning/fabric/plugins/environments/slurm.py:191: The `srun` command is available on your system but is not used. HINT: If your intention is to run Lightning on SLURM, prepend your python command with `srun` like so: srun python /home/le004/master_thesis/git/TSFusionForecast/code/ ...
LOCAL_RANK: 0 - CUDA_VISIBLE_DEVICES: [0]
[I 2023-12-15 23:13:37,336] Trial 0 finished with value: 221.94200134277344 and parameters: {'gradient_clip_val': 0.15980283340067267, 'hidden_size': 23, 'dropout': 0.27628774255414007, 'hidden_continuous_size': 21, 'attention_head_size': 3, 'learning_rate': 0.0006350447738021059}. Best is trial 0 with value: 221.94200134277344.
LOCAL_RANK: 0 - CUDA_VISIBLE_DEVICES: [0]
[I 2023-12-15 23:14:26,731] Trial 1 finished with value: 166.59559631347656 and parameters: {'gradient_clip_val': 0.1749028857835419, 'hidden_size': 22, 'dropout': 0.34252586603809254, 'hidden_continuous_size': 18, 'attention_head_size': 3, 'learning_rate': 0.09506219925221714}. Best is trial 1 with value: 166.59559631347656.
LOCAL_RANK: 0 - CUDA_VISIBLE_DEVICES: [0]
[I 2023-12-15 23:15:21,628] Trial 2 finished with value: 356.6862487792969 and parameters: {'gradient_clip_val': 0.167867337227756, 'hidden_size': 86, 'dropout': 0.13857408760977385, 'hidden_continuous_size': 8, 'attention_head_size': 4, 'learning_rate': 0.014950878905231758}. Best is trial 1 with value: 166.59559631347656.
LOCAL_RANK: 0 - CUDA_VISIBLE_DEVICES: [0]
[I 2023-12-15 23:16:08,151] Trial 3 finished with value: 129.71446228027344 and parameters: {'gradient_clip_val': 0.36176065156673914, 'hidden_size': 14, 'dropout': 0.38040004781771397, 'hidden_continuous_size': 6, 'attention_head_size': 2, 'learning_rate': 0.0008529178231257309}. Best is trial 3 with value: 129.71446228027344.
LOCAL_RANK: 0 - CUDA_VISIBLE_DEVICES: [0]
[I 2023-12-15 23:16:54,391] Trial 4 finished with value: 81.33148193359375 and parameters: {'gradient_clip_val': 0.19883649567421338, 'hidden_size': 11, 'dropout': 0.36794598847948423, 'hidden_continuous_size': 6, 'attention_head_size': 3, 'learning_rate': 0.02365299739779463}. Best is trial 4 with value: 81.33148193359375.
LOCAL_RANK: 0 - CUDA_VISIBLE_DEVICES: [0]
[I 2023-12-15 23:17:41,761] Trial 5 finished with value: 143.01380920410156 and parameters: {'gradient_clip_val': 0.5294563490974277, 'hidden_size': 13, 'dropout': 0.3802052389065296, 'hidden_continuous_size': 10, 'attention_head_size': 4, 'learning_rate': 0.0007806046731702445}. Best is trial 4 with value: 81.33148193359375.
LOCAL_RANK: 0 - CUDA_VISIBLE_DEVICES: [0]
[I 2023-12-15 23:18:17,833] Trial 6 finished with value: 219.0757293701172 and parameters: {'gradient_clip_val': 0.23130938586841582, 'hidden_size': 5, 'dropout': 0.2760128640486451, 'hidden_continuous_size': 5, 'attention_head_size': 1, 'learning_rate': 0.06889931601888398}. Best is trial 4 with value: 81.33148193359375.
LOCAL_RANK: 0 - CUDA_VISIBLE_DEVICES: [0]
[I 2023-12-15 23:19:12,120] Trial 7 finished with value: 258.0980224609375 and parameters: {'gradient_clip_val': 0.5015994551704902, 'hidden_size': 84, 'dropout': 0.1572265231732184, 'hidden_continuous_size': 44, 'attention_head_size': 1, 'learning_rate': 0.000947565165190365}. Best is trial 4 with value: 81.33148193359375.
LOCAL_RANK: 0 - CUDA_VISIBLE_DEVICES: [0]
[I 2023-12-15 23:20:04,246] Trial 8 finished with value: 44.51631546020508 and parameters: {'gradient_clip_val': 0.2289508194595864, 'hidden_size': 48, 'dropout': 0.3933660792146618, 'hidden_continuous_size': 42, 'attention_head_size': 2, 'learning_rate': 0.03543407064731222}. Best is trial 8 with value: 44.51631546020508.
LOCAL_RANK: 0 - CUDA_VISIBLE_DEVICES: [0]
[I 2023-12-15 23:20:55,257] Trial 9 finished with value: 236.98779296875 and parameters: {'gradient_clip_val': 0.5304136926605789, 'hidden_size': 37, 'dropout': 0.3651406019841874, 'hidden_continuous_size': 13, 'attention_head_size': 2, 'learning_rate': 0.0005272031347404098}. Best is trial 8 with value: 44.51631546020508.
LOCAL_RANK: 0 - CUDA_VISIBLE_DEVICES: [0]
