[I 2023-12-26 12:32:23,493] Trial 39 finished with value: 443.6275939941406 and parameters: {'gradient_clip_val': 0.6633034798974718, 'hidden_size': 132, 'dropout': 0.43853628493854147, 'hidden_continuous_size': 30, 'attention_head_size': 2, 'learning_rate': 0.03116069818482207}. Best is trial 0 with value: 89.98870849609375.
[I 2023-12-26 12:32:27,876] Trial 40 finished with value: 373.6438903808594 and parameters: {'gradient_clip_val': 0.39325199834487834, 'hidden_size': 50, 'dropout': 0.3509527885305234, 'hidden_continuous_size': 16, 'attention_head_size': 1, 'learning_rate': 0.0991771925084821}. Best is trial 0 with value: 89.98870849609375.
[I 2023-12-26 12:32:30,050] Trial 41 finished with value: 363.1581115722656 and parameters: {'gradient_clip_val': 0.2750071124910128, 'hidden_size': 6, 'dropout': 0.4771980799637086, 'hidden_continuous_size': 5, 'attention_head_size': 1, 'learning_rate': 0.0016837885526100676}. Best is trial 0 with value: 89.98870849609375.
[I 2023-12-26 12:32:32,252] Trial 42 finished with value: 427.3998107910156 and parameters: {'gradient_clip_val': 0.9045067960084924, 'hidden_size': 5, 'dropout': 0.4112587516768509, 'hidden_continuous_size': 5, 'attention_head_size': 4, 'learning_rate': 0.0007186380594327659}. Best is trial 0 with value: 89.98870849609375.
[I 2023-12-26 12:32:34,669] Trial 43 finished with value: 508.8789367675781 and parameters: {'gradient_clip_val': 0.8010122052585397, 'hidden_size': 11, 'dropout': 0.4778240280705551, 'hidden_continuous_size': 6, 'attention_head_size': 3, 'learning_rate': 0.014724805449829247}. Best is trial 0 with value: 89.98870849609375.
[I 2023-12-26 12:32:36,975] Trial 44 finished with value: 281.8694152832031 and parameters: {'gradient_clip_val': 0.7103253993350995, 'hidden_size': 7, 'dropout': 0.2998372055928209, 'hidden_continuous_size': 6, 'attention_head_size': 4, 'learning_rate': 0.01036147663386991}. Best is trial 0 with value: 89.98870849609375.
[I 2023-12-26 12:32:39,287] Trial 45 finished with value: 402.6037902832031 and parameters: {'gradient_clip_val': 0.7028052378627727, 'hidden_size': 8, 'dropout': 0.31001474229182224, 'hidden_continuous_size': 6, 'attention_head_size': 4, 'learning_rate': 0.011079701233336355}. Best is trial 0 with value: 89.98870849609375.
[I 2023-12-26 12:32:41,893] Trial 46 finished with value: 379.6251525878906 and parameters: {'gradient_clip_val': 0.611668734092505, 'hidden_size': 15, 'dropout': 0.27929973907895345, 'hidden_continuous_size': 8, 'attention_head_size': 3, 'learning_rate': 0.007672486391865599}. Best is trial 0 with value: 89.98870849609375.
[I 2023-12-26 12:32:44,921] Trial 47 finished with value: 330.5704650878906 and parameters: {'gradient_clip_val': 0.9110282487979692, 'hidden_size': 25, 'dropout': 0.3784977411491036, 'hidden_continuous_size': 11, 'attention_head_size': 4, 'learning_rate': 0.010518938093967872}. Best is trial 0 with value: 89.98870849609375.
[I 2023-12-26 12:32:48,462] Trial 48 finished with value: 346.5177001953125 and parameters: {'gradient_clip_val': 0.5015395456985701, 'hidden_size': 30, 'dropout': 0.3924581542059371, 'hidden_continuous_size': 13, 'attention_head_size': 1, 'learning_rate': 0.014790267919229086}. Best is trial 0 with value: 89.98870849609375.
[I 2023-12-26 12:32:58,605] Trial 49 finished with value: 317.2738342285156 and parameters: {'gradient_clip_val': 0.7140017329183972, 'hidden_size': 129, 'dropout': 0.4181441914925321, 'hidden_continuous_size': 22, 'attention_head_size': 2, 'learning_rate': 0.015984206208321253}. Best is trial 0 with value: 89.98870849609375.
[I 2023-12-26 12:32:58,769] A new study created in memory with name: no-name-c8e34b23-da0d-4b37-95fd-0412318e4cef
/home/le004/conda/anaconda3/envs/tsff_env/lib/python3.9/site-packages/lightning/fabric/plugins/environments/slurm.py:191: The `srun` command is available on your system but is not used. HINT: If your intention is to run Lightning on SLURM, prepend your python command with `srun` like so: srun python /home/le004/master_thesis/git/TSFusionForecast/code/ ...
[I 2023-12-26 12:35:13,610] Trial 0 finished with value: 93.94132232666016 and parameters: {'gradient_clip_val': 0.5799759138670395, 'hidden_size': 6, 'dropout': 0.4807847904857051, 'hidden_continuous_size': 6, 'attention_head_size': 1, 'learning_rate': 0.0182008268376816}. Best is trial 0 with value: 93.94132232666016.
[I 2023-12-26 12:35:15,738] Trial 1 finished with value: 276.1037292480469 and parameters: {'gradient_clip_val': 0.11548458332025474, 'hidden_size': 6, 'dropout': 0.3955167048627559, 'hidden_continuous_size': 5, 'attention_head_size': 2, 'learning_rate': 0.0015682709125915842}. Best is trial 0 with value: 93.94132232666016.
[I 2023-12-26 12:35:18,162] Trial 2 finished with value: 287.9441223144531 and parameters: {'gradient_clip_val': 0.2166664148727627, 'hidden_size': 23, 'dropout': 0.20123180841499888, 'hidden_continuous_size': 17, 'attention_head_size': 1, 'learning_rate': 0.02644382002475467}. Best is trial 0 with value: 93.94132232666016.
[I 2023-12-26 12:35:20,376] Trial 3 finished with value: 213.0122528076172 and parameters: {'gradient_clip_val': 0.5851403050908837, 'hidden_size': 24, 'dropout': 0.4688730488169981, 'hidden_continuous_size': 14, 'attention_head_size': 4, 'learning_rate': 0.0017549146420568422}. Best is trial 0 with value: 93.94132232666016.
[I 2023-12-26 12:35:22,276] Trial 4 finished with value: 212.2023468017578 and parameters: {'gradient_clip_val': 0.40815860293059025, 'hidden_size': 7, 'dropout': 0.3584828990462512, 'hidden_continuous_size': 7, 'attention_head_size': 3, 'learning_rate': 0.0009121096856461596}. Best is trial 0 with value: 93.94132232666016.
[I 2023-12-26 12:35:24,773] Trial 5 finished with value: 248.7759246826172 and parameters: {'gradient_clip_val': 0.7845611904490637, 'hidden_size': 20, 'dropout': 0.4172562315534337, 'hidden_continuous_size': 18, 'attention_head_size': 3, 'learning_rate': 0.0334360001085108}. Best is trial 0 with value: 93.94132232666016.
[I 2023-12-26 12:35:27,344] Trial 6 finished with value: 284.04449462890625 and parameters: {'gradient_clip_val': 0.20968558232265205, 'hidden_size': 19, 'dropout': 0.41680238778840406, 'hidden_continuous_size': 5, 'attention_head_size': 3, 'learning_rate': 0.0013057609959080802}. Best is trial 0 with value: 93.94132232666016.
[I 2023-12-26 12:35:30,344] Trial 7 finished with value: 262.36920166015625 and parameters: {'gradient_clip_val': 0.2821020743435625, 'hidden_size': 26, 'dropout': 0.11424106313130533, 'hidden_continuous_size': 7, 'attention_head_size': 3, 'learning_rate': 0.0006084703429541903}. Best is trial 0 with value: 93.94132232666016.
[I 2023-12-26 12:35:38,087] Trial 8 finished with value: 215.1747589111328 and parameters: {'gradient_clip_val': 0.3031602322215353, 'hidden_size': 89, 'dropout': 0.21472866022441864, 'hidden_continuous_size': 68, 'attention_head_size': 2, 'learning_rate': 0.05324008878228904}. Best is trial 0 with value: 93.94132232666016.
[I 2023-12-26 12:35:49,170] Trial 9 finished with value: 234.1260223388672 and parameters: {'gradient_clip_val': 0.17498072222784686, 'hidden_size': 142, 'dropout': 0.2094672472639176, 'hidden_continuous_size': 13, 'attention_head_size': 1, 'learning_rate': 0.0028951503541808053}. Best is trial 0 with value: 93.94132232666016.
[I 2023-12-26 12:35:51,132] Trial 10 finished with value: 236.55995178222656 and parameters: {'gradient_clip_val': 0.9221452554039451, 'hidden_size': 5, 'dropout': 0.495653146614398, 'hidden_continuous_size': 5, 'attention_head_size': 1, 'learning_rate': 0.010480230807320702}. Best is trial 0 with value: 93.94132232666016.
[I 2023-12-26 12:35:53,157] Trial 11 finished with value: 289.7241516113281 and parameters: {'gradient_clip_val': 0.473653175222006, 'hidden_size': 9, 'dropout': 0.34061133568142143, 'hidden_continuous_size': 6, 'attention_head_size': 4, 'learning_rate': 0.007866118710437376}. Best is trial 0 with value: 93.94132232666016.
[I 2023-12-26 12:35:55,129] Trial 12 finished with value: 265.09405517578125 and parameters: {'gradient_clip_val': 0.4619229278840304, 'hidden_size': 9, 'dropout': 0.32359204330378255, 'hidden_continuous_size': 6, 'attention_head_size': 2, 'learning_rate': 0.0158392493001158}. Best is trial 0 with value: 93.94132232666016.
[I 2023-12-26 12:35:57,184] Trial 13 finished with value: 309.1462097167969 and parameters: {'gradient_clip_val': 0.46290866227127386, 'hidden_size': 9, 'dropout': 0.37195916727572315, 'hidden_continuous_size': 6, 'attention_head_size': 3, 'learning_rate': 0.004605051753343589}. Best is trial 0 with value: 93.94132232666016.
[I 2023-12-26 12:35:59,226] Trial 14 finished with value: 251.38958740234375 and parameters: {'gradient_clip_val': 0.6755422547955582, 'hidden_size': 5, 'dropout': 0.4675834667404503, 'hidden_continuous_size': 5, 'attention_head_size': 2, 'learning_rate': 0.07318553871963382}. Best is trial 0 with value: 93.94132232666016.
[I 2023-12-26 12:36:01,324] Trial 15 finished with value: 279.8341979980469 and parameters: {'gradient_clip_val': 0.36912462943185903, 'hidden_size': 12, 'dropout': 0.43871691698222576, 'hidden_continuous_size': 7, 'attention_head_size': 4, 'learning_rate': 0.000532858550517676}. Best is trial 0 with value: 93.94132232666016.
[I 2023-12-26 12:36:03,352] Trial 16 finished with value: 337.0589904785156 and parameters: {'gradient_clip_val': 0.599577313817543, 'hidden_size': 13, 'dropout': 0.3773383062218773, 'hidden_continuous_size': 7, 'attention_head_size': 1, 'learning_rate': 0.0038344327482633615}. Best is trial 0 with value: 93.94132232666016.
[I 2023-12-26 12:36:05,259] Trial 17 finished with value: 306.2040100097656 and parameters: {'gradient_clip_val': 0.9078419218833822, 'hidden_size': 7, 'dropout': 0.49731594541183394, 'hidden_continuous_size': 6, 'attention_head_size': 2, 'learning_rate': 0.013661541424340895}. Best is trial 0 with value: 93.94132232666016.
[I 2023-12-26 12:36:07,072] Trial 18 finished with value: 247.6809539794922 and parameters: {'gradient_clip_val': 0.36603057428074537, 'hidden_size': 5, 'dropout': 0.29568376045206896, 'hidden_continuous_size': 5, 'attention_head_size': 3, 'learning_rate': 0.006328422957968507}. Best is trial 0 with value: 93.94132232666016.
[I 2023-12-26 12:36:10,601] Trial 19 finished with value: 250.19261169433594 and parameters: {'gradient_clip_val': 0.7185384132102514, 'hidden_size': 44, 'dropout': 0.435448359629395, 'hidden_continuous_size': 10, 'attention_head_size': 4, 'learning_rate': 0.020832672221471702}. Best is trial 0 with value: 93.94132232666016.
[I 2023-12-26 12:36:12,834] Trial 20 finished with value: 253.4713897705078 and parameters: {'gradient_clip_val': 0.5427219983173661, 'hidden_size': 7, 'dropout': 0.3699071621797159, 'hidden_continuous_size': 6, 'attention_head_size': 1, 'learning_rate': 0.00845144064193827}. Best is trial 0 with value: 93.94132232666016.
[I 2023-12-26 12:36:15,381] Trial 21 finished with value: 313.4049072265625 and parameters: {'gradient_clip_val': 0.5795638958025449, 'hidden_size': 14, 'dropout': 0.4544235929972021, 'hidden_continuous_size': 8, 'attention_head_size': 4, 'learning_rate': 0.0010739111023247048}. Best is trial 0 with value: 93.94132232666016.
[I 2023-12-26 12:36:18,507] Trial 22 finished with value: 255.2501983642578 and parameters: {'gradient_clip_val': 0.7155096240355449, 'hidden_size': 40, 'dropout': 0.47221712363609164, 'hidden_continuous_size': 11, 'attention_head_size': 4, 'learning_rate': 0.0023655635845564256}. Best is trial 0 with value: 93.94132232666016.
[I 2023-12-26 12:36:21,021] Trial 23 finished with value: 254.90403747558594 and parameters: {'gradient_clip_val': 0.39297453595518084, 'hidden_size': 15, 'dropout': 0.49699734024119174, 'hidden_continuous_size': 7, 'attention_head_size': 3, 'learning_rate': 0.0008541350805018342}. Best is trial 0 with value: 93.94132232666016.
[I 2023-12-26 12:36:23,599] Trial 24 finished with value: 294.4753723144531 and parameters: {'gradient_clip_val': 0.542099304897531, 'hidden_size': 10, 'dropout': 0.4527558622946602, 'hidden_continuous_size': 6, 'attention_head_size': 4, 'learning_rate': 0.0016411547513971462}. Best is trial 0 with value: 93.94132232666016.
[I 2023-12-26 12:36:26,043] Trial 25 finished with value: 217.54847717285156 and parameters: {'gradient_clip_val': 0.6217782341184328, 'hidden_size': 7, 'dropout': 0.41986176093469835, 'hidden_continuous_size': 5, 'attention_head_size': 3, 'learning_rate': 0.0026145801870980983}. Best is trial 0 with value: 93.94132232666016.
[I 2023-12-26 12:36:28,700] Trial 26 finished with value: 282.2539978027344 and parameters: {'gradient_clip_val': 0.840940205337503, 'hidden_size': 17, 'dropout': 0.45731277424671735, 'hidden_continuous_size': 8, 'attention_head_size': 2, 'learning_rate': 0.0008494288705751938}. Best is trial 0 with value: 93.94132232666016.
[I 2023-12-26 12:36:30,766] Trial 27 finished with value: 247.08619689941406 and parameters: {'gradient_clip_val': 0.7801222063178337, 'hidden_size': 12, 'dropout': 0.40251415491892467, 'hidden_continuous_size': 7, 'attention_head_size': 4, 'learning_rate': 0.005385733277321713}. Best is trial 0 with value: 93.94132232666016.
[I 2023-12-26 12:36:33,409] Trial 28 finished with value: 259.9675598144531 and parameters: {'gradient_clip_val': 0.9883798653096245, 'hidden_size': 33, 'dropout': 0.46832883098321837, 'hidden_continuous_size': 9, 'attention_head_size': 3, 'learning_rate': 0.0021533237465464917}. Best is trial 0 with value: 93.94132232666016.
[I 2023-12-26 12:36:35,270] Trial 29 finished with value: 286.2867431640625 and parameters: {'gradient_clip_val': 0.4982577749804105, 'hidden_size': 6, 'dropout': 0.3955128141068692, 'hidden_continuous_size': 5, 'attention_head_size': 2, 'learning_rate': 0.0018710286787802176}. Best is trial 0 with value: 93.94132232666016.
[I 2023-12-26 12:36:37,184] Trial 30 finished with value: 287.9646911621094 and parameters: {'gradient_clip_val': 0.6439202621045306, 'hidden_size': 6, 'dropout': 0.43313540034602827, 'hidden_continuous_size': 5, 'attention_head_size': 4, 'learning_rate': 0.001373084113967111}. Best is trial 0 with value: 93.94132232666016.
[I 2023-12-26 12:36:41,249] Trial 31 finished with value: 265.37872314453125 and parameters: {'gradient_clip_val': 0.3064780672532438, 'hidden_size': 61, 'dropout': 0.28284516865806525, 'hidden_continuous_size': 28, 'attention_head_size': 2, 'learning_rate': 0.04654268979147845}. Best is trial 0 with value: 93.94132232666016.
[I 2023-12-26 12:36:43,560] Trial 32 finished with value: 312.8790588378906 and parameters: {'gradient_clip_val': 0.4097663270290325, 'hidden_size': 24, 'dropout': 0.26083032715595983, 'hidden_continuous_size': 13, 'attention_head_size': 1, 'learning_rate': 0.04348813083320334}. Best is trial 0 with value: 93.94132232666016.
[I 2023-12-26 12:36:45,567] Trial 33 finished with value: 240.4606475830078 and parameters: {'gradient_clip_val': 0.3163034740491669, 'hidden_size': 19, 'dropout': 0.35980436893663975, 'hidden_continuous_size': 19, 'attention_head_size': 1, 'learning_rate': 0.024841385543641}. Best is trial 0 with value: 93.94132232666016.
[I 2023-12-26 12:36:51,227] Trial 34 finished with value: 218.45306396484375 and parameters: {'gradient_clip_val': 0.4276372664181728, 'hidden_size': 61, 'dropout': 0.3938048642428098, 'hidden_continuous_size': 45, 'attention_head_size': 2, 'learning_rate': 0.07105847829919433}. Best is trial 0 with value: 93.94132232666016.
[I 2023-12-26 12:36:53,641] Trial 35 finished with value: 319.5834655761719 and parameters: {'gradient_clip_val': 0.5308037744226268, 'hidden_size': 22, 'dropout': 0.32434495136232666, 'hidden_continuous_size': 9, 'attention_head_size': 3, 'learning_rate': 0.09895447451429856}. Best is trial 0 with value: 93.94132232666016.
[I 2023-12-26 12:36:55,855] Trial 36 finished with value: 242.1865997314453 and parameters: {'gradient_clip_val': 0.2721995805886251, 'hidden_size': 17, 'dropout': 0.4137720367854339, 'hidden_continuous_size': 8, 'attention_head_size': 2, 'learning_rate': 0.029256214307396708}. Best is trial 0 with value: 93.94132232666016.
[I 2023-12-26 12:36:58,745] Trial 37 finished with value: 220.67982482910156 and parameters: {'gradient_clip_val': 0.12460531868675168, 'hidden_size': 30, 'dropout': 0.24364277154609648, 'hidden_continuous_size': 15, 'attention_head_size': 1, 'learning_rate': 0.0030689149913611514}. Best is trial 0 with value: 93.94132232666016.
[I 2023-12-26 12:37:10,622] Trial 38 finished with value: 207.0279541015625 and parameters: {'gradient_clip_val': 0.2503193803595819, 'hidden_size': 140, 'dropout': 0.17334360904447846, 'hidden_continuous_size': 123, 'attention_head_size': 3, 'learning_rate': 0.011002070439669883}. Best is trial 0 with value: 93.94132232666016.
[I 2023-12-26 12:37:18,005] Trial 39 finished with value: 244.53599548339844 and parameters: {'gradient_clip_val': 0.24313805747928277, 'hidden_size': 104, 'dropout': 0.13667887201592355, 'hidden_continuous_size': 83, 'attention_head_size': 3, 'learning_rate': 0.0006521496839163473}. Best is trial 0 with value: 93.94132232666016.
[I 2023-12-26 12:37:20,356] Trial 40 finished with value: 351.4706726074219 and parameters: {'gradient_clip_val': 0.3474308264235882, 'hidden_size': 26, 'dropout': 0.1895829647440347, 'hidden_continuous_size': 11, 'attention_head_size': 3, 'learning_rate': 0.0088559077908041}. Best is trial 0 with value: 93.94132232666016.
[I 2023-12-26 12:37:29,659] Trial 41 finished with value: 299.4538879394531 and parameters: {'gradient_clip_val': 0.4276050091815472, 'hidden_size': 131, 'dropout': 0.18183715431236208, 'hidden_continuous_size': 129, 'attention_head_size': 3, 'learning_rate': 0.01197080077462917}. Best is trial 0 with value: 93.94132232666016.
[I 2023-12-26 12:37:35,489] Trial 42 finished with value: 241.33946228027344 and parameters: {'gradient_clip_val': 0.2280332452822208, 'hidden_size': 95, 'dropout': 0.15980050150207417, 'hidden_continuous_size': 24, 'attention_head_size': 2, 'learning_rate': 0.017254754189745806}. Best is trial 0 with value: 93.94132232666016.
[I 2023-12-26 12:37:45,675] Trial 43 finished with value: 209.4810028076172 and parameters: {'gradient_clip_val': 0.32948346394777056, 'hidden_size': 140, 'dropout': 0.21577524023340935, 'hidden_continuous_size': 130, 'attention_head_size': 3, 'learning_rate': 0.01150987430623322}. Best is trial 0 with value: 93.94132232666016.
[I 2023-12-26 12:37:59,051] Trial 44 finished with value: 262.20404052734375 and parameters: {'gradient_clip_val': 0.3409957424813243, 'hidden_size': 145, 'dropout': 0.23802346687484396, 'hidden_continuous_size': 142, 'attention_head_size': 3, 'learning_rate': 0.011707956024634633}. Best is trial 0 with value: 93.94132232666016.
[I 2023-12-26 12:38:09,254] Trial 45 finished with value: 324.609375 and parameters: {'gradient_clip_val': 0.46982569457757495, 'hidden_size': 116, 'dropout': 0.11185788888735682, 'hidden_continuous_size': 96, 'attention_head_size': 3, 'learning_rate': 0.01598406820791767}. Best is trial 0 with value: 93.94132232666016.
[I 2023-12-26 12:38:16,697] Trial 46 finished with value: 280.8836364746094 and parameters: {'gradient_clip_val': 0.2896603515893058, 'hidden_size': 81, 'dropout': 0.4830458625344751, 'hidden_continuous_size': 47, 'attention_head_size': 3, 'learning_rate': 0.006606387437292901}. Best is trial 0 with value: 93.94132232666016.
[I 2023-12-26 12:38:27,307] Trial 47 finished with value: 326.4420471191406 and parameters: {'gradient_clip_val': 0.2677719166361443, 'hidden_size': 123, 'dropout': 0.2141019389343986, 'hidden_continuous_size': 105, 'attention_head_size': 4, 'learning_rate': 0.00975404577847058}. Best is trial 0 with value: 93.94132232666016.
[I 2023-12-26 12:38:29,787] Trial 48 finished with value: 242.29541015625 and parameters: {'gradient_clip_val': 0.19398498081526191, 'hidden_size': 11, 'dropout': 0.1581893715644822, 'hidden_continuous_size': 6, 'attention_head_size': 3, 'learning_rate': 0.0039465228018352935}. Best is trial 0 with value: 93.94132232666016.
[I 2023-12-26 12:38:32,080] Trial 49 finished with value: 232.37916564941406 and parameters: {'gradient_clip_val': 0.39156927914943396, 'hidden_size': 8, 'dropout': 0.3455446761958159, 'hidden_continuous_size': 6, 'attention_head_size': 3, 'learning_rate': 0.007165516081502362}. Best is trial 0 with value: 93.94132232666016.
[I 2023-12-26 12:38:32,284] A new study created in memory with name: no-name-0c0baf0d-efc5-41ce-8d5c-d34f626cef3c
/home/le004/conda/anaconda3/envs/tsff_env/lib/python3.9/site-packages/lightning/fabric/plugins/environments/slurm.py:191: The `srun` command is available on your system but is not used. HINT: If your intention is to run Lightning on SLURM, prepend your python command with `srun` like so: srun python /home/le004/master_thesis/git/TSFusionForecast/code/ ...
[I 2023-12-26 12:42:01,543] Trial 0 finished with value: 100.77735137939453 and parameters: {'gradient_clip_val': 0.6823899299746077, 'hidden_size': 8, 'dropout': 0.16155132473800493, 'hidden_continuous_size': 8, 'attention_head_size': 4, 'learning_rate': 0.0021899498768202384}. Best is trial 0 with value: 100.77735137939453.
[I 2023-12-26 12:42:03,382] Trial 1 finished with value: 377.02001953125 and parameters: {'gradient_clip_val': 0.600306245953702, 'hidden_size': 8, 'dropout': 0.2757606608742855, 'hidden_continuous_size': 8, 'attention_head_size': 1, 'learning_rate': 0.006938567418307057}. Best is trial 0 with value: 100.77735137939453.
[I 2023-12-26 12:42:06,424] Trial 2 finished with value: 303.2402038574219 and parameters: {'gradient_clip_val': 0.38034201567015785, 'hidden_size': 56, 'dropout': 0.42637435654375977, 'hidden_continuous_size': 11, 'attention_head_size': 3, 'learning_rate': 0.09882741857473663}. Best is trial 0 with value: 100.77735137939453.
