[I 2023-12-15 14:25:42,757] Trial 39 finished with value: 137.87200927734375 and parameters: {'gradient_clip_val': 0.6714043970624134, 'hidden_size': 11, 'dropout': 0.2415607687436525, 'hidden_continuous_size': 6, 'attention_head_size': 2, 'learning_rate': 0.0021206163584475157}. Best is trial 25 with value: 136.48501586914062.
LOCAL_RANK: 0 - CUDA_VISIBLE_DEVICES: [0]
[I 2023-12-15 14:26:27,582] Trial 40 finished with value: 168.9893035888672 and parameters: {'gradient_clip_val': 0.510103413120159, 'hidden_size': 10, 'dropout': 0.21779099811723074, 'hidden_continuous_size': 6, 'attention_head_size': 1, 'learning_rate': 0.0011357168936522765}. Best is trial 25 with value: 136.48501586914062.
LOCAL_RANK: 0 - CUDA_VISIBLE_DEVICES: [0]
[I 2023-12-15 14:27:13,165] Trial 41 finished with value: 157.225341796875 and parameters: {'gradient_clip_val': 0.6797565171528915, 'hidden_size': 15, 'dropout': 0.2343766723830836, 'hidden_continuous_size': 7, 'attention_head_size': 2, 'learning_rate': 0.0020906740435155174}. Best is trial 25 with value: 136.48501586914062.
LOCAL_RANK: 0 - CUDA_VISIBLE_DEVICES: [0]
[I 2023-12-15 14:27:57,014] Trial 42 finished with value: 159.4999542236328 and parameters: {'gradient_clip_val': 0.8954961304519178, 'hidden_size': 12, 'dropout': 0.24784047867729952, 'hidden_continuous_size': 6, 'attention_head_size': 2, 'learning_rate': 0.0038564660478352586}. Best is trial 25 with value: 136.48501586914062.
LOCAL_RANK: 0 - CUDA_VISIBLE_DEVICES: [0]
[I 2023-12-15 14:28:40,839] Trial 43 finished with value: 187.71348571777344 and parameters: {'gradient_clip_val': 0.4524042331767379, 'hidden_size': 12, 'dropout': 0.2712902274067923, 'hidden_continuous_size': 6, 'attention_head_size': 2, 'learning_rate': 0.00266651404300484}. Best is trial 25 with value: 136.48501586914062.
LOCAL_RANK: 0 - CUDA_VISIBLE_DEVICES: [0]
[I 2023-12-15 14:29:26,463] Trial 44 finished with value: 165.94039916992188 and parameters: {'gradient_clip_val': 0.6518837875729696, 'hidden_size': 15, 'dropout': 0.2872515600532247, 'hidden_continuous_size': 7, 'attention_head_size': 2, 'learning_rate': 0.0019811830110930306}. Best is trial 25 with value: 136.48501586914062.
LOCAL_RANK: 0 - CUDA_VISIBLE_DEVICES: [0]
[I 2023-12-15 14:30:11,968] Trial 45 finished with value: 181.9552001953125 and parameters: {'gradient_clip_val': 0.7416827184941768, 'hidden_size': 9, 'dropout': 0.2600018049730125, 'hidden_continuous_size': 6, 'attention_head_size': 3, 'learning_rate': 0.0017241179246622342}. Best is trial 25 with value: 136.48501586914062.
LOCAL_RANK: 0 - CUDA_VISIBLE_DEVICES: [0]
[I 2023-12-15 14:30:59,347] Trial 46 finished with value: 180.69981384277344 and parameters: {'gradient_clip_val': 0.5745897197261758, 'hidden_size': 19, 'dropout': 0.30105040997324695, 'hidden_continuous_size': 8, 'attention_head_size': 2, 'learning_rate': 0.002578950566610084}. Best is trial 25 with value: 136.48501586914062.
LOCAL_RANK: 0 - CUDA_VISIBLE_DEVICES: [0]
[I 2023-12-15 14:31:45,006] Trial 47 finished with value: 157.4067840576172 and parameters: {'gradient_clip_val': 0.9008095305520488, 'hidden_size': 11, 'dropout': 0.38653225558849896, 'hidden_continuous_size': 6, 'attention_head_size': 3, 'learning_rate': 0.0038165295339166326}. Best is trial 25 with value: 136.48501586914062.
LOCAL_RANK: 0 - CUDA_VISIBLE_DEVICES: [0]
[I 2023-12-15 14:32:30,387] Trial 48 finished with value: 188.8945770263672 and parameters: {'gradient_clip_val': 0.632473338868715, 'hidden_size': 14, 'dropout': 0.3343277752839792, 'hidden_continuous_size': 7, 'attention_head_size': 2, 'learning_rate': 0.001236132276380897}. Best is trial 25 with value: 136.48501586914062.
LOCAL_RANK: 0 - CUDA_VISIBLE_DEVICES: [0]
[I 2023-12-15 14:33:16,237] Trial 49 finished with value: 133.3306884765625 and parameters: {'gradient_clip_val': 0.7709618590014531, 'hidden_size': 17, 'dropout': 0.27652581323616365, 'hidden_continuous_size': 8, 'attention_head_size': 1, 'learning_rate': 0.0008311853862205004}. Best is trial 49 with value: 133.3306884765625.
[I 2023-12-15 14:33:16,335] A new study created in memory with name: no-name-0ae5081d-f7d1-4f40-84a4-a97fdaa42e33
/home/le004/conda/anaconda3/envs/tsff_env/lib/python3.9/site-packages/lightning/fabric/plugins/environments/slurm.py:191: The `srun` command is available on your system but is not used. HINT: If your intention is to run Lightning on SLURM, prepend your python command with `srun` like so: srun python /home/le004/master_thesis/git/TSFusionForecast/code/ ...
LOCAL_RANK: 0 - CUDA_VISIBLE_DEVICES: [0]
[I 2023-12-15 14:34:01,339] Trial 0 finished with value: 187.4186553955078 and parameters: {'gradient_clip_val': 0.12306821809202433, 'hidden_size': 11, 'dropout': 0.3339805334001976, 'hidden_continuous_size': 8, 'attention_head_size': 1, 'learning_rate': 0.005239928834287169}. Best is trial 0 with value: 187.4186553955078.
LOCAL_RANK: 0 - CUDA_VISIBLE_DEVICES: [0]
[I 2023-12-15 14:34:35,550] Trial 1 finished with value: 246.33018493652344 and parameters: {'gradient_clip_val': 0.48508605359696155, 'hidden_size': 5, 'dropout': 0.1988620738692233, 'hidden_continuous_size': 5, 'attention_head_size': 3, 'learning_rate': 0.040279508643227234}. Best is trial 0 with value: 187.4186553955078.
LOCAL_RANK: 0 - CUDA_VISIBLE_DEVICES: [0]
[I 2023-12-15 14:35:23,300] Trial 2 finished with value: 150.8210906982422 and parameters: {'gradient_clip_val': 0.590153722881657, 'hidden_size': 19, 'dropout': 0.3107777017246608, 'hidden_continuous_size': 9, 'attention_head_size': 2, 'learning_rate': 0.0005385754660758199}. Best is trial 2 with value: 150.8210906982422.
LOCAL_RANK: 0 - CUDA_VISIBLE_DEVICES: [0]
[I 2023-12-15 14:36:15,897] Trial 3 finished with value: 263.4549255371094 and parameters: {'gradient_clip_val': 0.599167017898666, 'hidden_size': 54, 'dropout': 0.22769925394367213, 'hidden_continuous_size': 22, 'attention_head_size': 1, 'learning_rate': 0.018738074313310836}. Best is trial 2 with value: 150.8210906982422.
LOCAL_RANK: 0 - CUDA_VISIBLE_DEVICES: [0]
[I 2023-12-15 14:37:01,652] Trial 4 finished with value: 210.166259765625 and parameters: {'gradient_clip_val': 0.2674296266906899, 'hidden_size': 7, 'dropout': 0.14465479451331553, 'hidden_continuous_size': 6, 'attention_head_size': 4, 'learning_rate': 0.05420983510147621}. Best is trial 2 with value: 150.8210906982422.
LOCAL_RANK: 0 - CUDA_VISIBLE_DEVICES: [0]
[I 2023-12-15 14:37:47,241] Trial 5 finished with value: 135.9241485595703 and parameters: {'gradient_clip_val': 0.6484127133800116, 'hidden_size': 7, 'dropout': 0.1680668117581946, 'hidden_continuous_size': 6, 'attention_head_size': 4, 'learning_rate': 0.006089645789475219}. Best is trial 5 with value: 135.9241485595703.
LOCAL_RANK: 0 - CUDA_VISIBLE_DEVICES: [0]
[I 2023-12-15 14:38:36,248] Trial 6 finished with value: 306.7652282714844 and parameters: {'gradient_clip_val': 0.11544056581179886, 'hidden_size': 26, 'dropout': 0.17530673455471124, 'hidden_continuous_size': 5, 'attention_head_size': 4, 'learning_rate': 0.007882774646956548}. Best is trial 5 with value: 135.9241485595703.
LOCAL_RANK: 0 - CUDA_VISIBLE_DEVICES: [0]
[I 2023-12-15 14:39:22,084] Trial 7 finished with value: 173.9993896484375 and parameters: {'gradient_clip_val': 0.10344067407860028, 'hidden_size': 15, 'dropout': 0.18047287822857888, 'hidden_continuous_size': 5, 'attention_head_size': 3, 'learning_rate': 0.002360513839925929}. Best is trial 5 with value: 135.9241485595703.
LOCAL_RANK: 0 - CUDA_VISIBLE_DEVICES: [0]
[I 2023-12-15 14:40:10,575] Trial 8 finished with value: 272.6400146484375 and parameters: {'gradient_clip_val': 0.3217810745361499, 'hidden_size': 32, 'dropout': 0.26371521668640463, 'hidden_continuous_size': 8, 'attention_head_size': 3, 'learning_rate': 0.00420011420150121}. Best is trial 5 with value: 135.9241485595703.
LOCAL_RANK: 0 - CUDA_VISIBLE_DEVICES: [0]
[I 2023-12-15 14:40:55,742] Trial 9 finished with value: 208.7061767578125 and parameters: {'gradient_clip_val': 0.2648302475790033, 'hidden_size': 6, 'dropout': 0.15568282400938943, 'hidden_continuous_size': 5, 'attention_head_size': 3, 'learning_rate': 0.06035879068509564}. Best is trial 5 with value: 135.9241485595703.
LOCAL_RANK: 0 - CUDA_VISIBLE_DEVICES: [0]
[I 2023-12-15 14:41:41,682] Trial 10 finished with value: 220.02284240722656 and parameters: {'gradient_clip_val': 0.9321795642569501, 'hidden_size': 9, 'dropout': 0.110709336495991, 'hidden_continuous_size': 6, 'attention_head_size': 4, 'learning_rate': 0.014017389707132054}. Best is trial 5 with value: 135.9241485595703.
LOCAL_RANK: 0 - CUDA_VISIBLE_DEVICES: [0]
[I 2023-12-15 14:42:27,621] Trial 11 finished with value: 164.45457458496094 and parameters: {'gradient_clip_val': 0.9937506365568715, 'hidden_size': 15, 'dropout': 0.2913346428004292, 'hidden_continuous_size': 10, 'attention_head_size': 2, 'learning_rate': 0.0006235869642529809}. Best is trial 5 with value: 135.9241485595703.
LOCAL_RANK: 0 - CUDA_VISIBLE_DEVICES: [0]
[I 2023-12-15 14:43:14,554] Trial 12 finished with value: 129.08177185058594 and parameters: {'gradient_clip_val': 0.6796231877787903, 'hidden_size': 17, 'dropout': 0.3881731080458398, 'hidden_continuous_size': 9, 'attention_head_size': 2, 'learning_rate': 0.000819486148812875}. Best is trial 12 with value: 129.08177185058594.
LOCAL_RANK: 0 - CUDA_VISIBLE_DEVICES: [0]
[I 2023-12-15 14:43:59,918] Trial 13 finished with value: 141.7097930908203 and parameters: {'gradient_clip_val': 0.7655712019103194, 'hidden_size': 10, 'dropout': 0.38896249208246303, 'hidden_continuous_size': 6, 'attention_head_size': 2, 'learning_rate': 0.0015748532015823589}. Best is trial 12 with value: 129.08177185058594.
LOCAL_RANK: 0 - CUDA_VISIBLE_DEVICES: [0]
[I 2023-12-15 14:44:34,269] Trial 14 finished with value: 198.5294952392578 and parameters: {'gradient_clip_val': 0.4512148006818391, 'hidden_size': 5, 'dropout': 0.3901480435080498, 'hidden_continuous_size': 5, 'attention_head_size': 2, 'learning_rate': 0.0013515692780948717}. Best is trial 12 with value: 129.08177185058594.
LOCAL_RANK: 0 - CUDA_VISIBLE_DEVICES: [0]
[I 2023-12-15 14:45:25,887] Trial 15 finished with value: 120.91461181640625 and parameters: {'gradient_clip_val': 0.8009531198850295, 'hidden_size': 41, 'dropout': 0.22920873742108974, 'hidden_continuous_size': 13, 'attention_head_size': 1, 'learning_rate': 0.002682253614605834}. Best is trial 15 with value: 120.91461181640625.
LOCAL_RANK: 0 - CUDA_VISIBLE_DEVICES: [0]
[I 2023-12-15 14:46:18,296] Trial 16 finished with value: 262.1416320800781 and parameters: {'gradient_clip_val': 0.8368521318393247, 'hidden_size': 92, 'dropout': 0.23463293241996175, 'hidden_continuous_size': 13, 'attention_head_size': 1, 'learning_rate': 0.001018161315197006}. Best is trial 15 with value: 120.91461181640625.
LOCAL_RANK: 0 - CUDA_VISIBLE_DEVICES: [0]
[I 2023-12-15 14:47:08,309] Trial 17 finished with value: 153.3087158203125 and parameters: {'gradient_clip_val': 0.7391371368346468, 'hidden_size': 36, 'dropout': 0.35736519046002313, 'hidden_continuous_size': 15, 'attention_head_size': 1, 'learning_rate': 0.002494147398912805}. Best is trial 15 with value: 120.91461181640625.
LOCAL_RANK: 0 - CUDA_VISIBLE_DEVICES: [0]
[I 2023-12-15 14:48:01,465] Trial 18 finished with value: 134.4130401611328 and parameters: {'gradient_clip_val': 0.9785517060914457, 'hidden_size': 49, 'dropout': 0.27097782576801094, 'hidden_continuous_size': 41, 'attention_head_size': 1, 'learning_rate': 0.0009010143246328542}. Best is trial 15 with value: 120.91461181640625.
LOCAL_RANK: 0 - CUDA_VISIBLE_DEVICES: [0]
[I 2023-12-15 14:48:50,168] Trial 19 finished with value: 145.24522399902344 and parameters: {'gradient_clip_val': 0.46241826292788973, 'hidden_size': 21, 'dropout': 0.29004900968322034, 'hidden_continuous_size': 11, 'attention_head_size': 2, 'learning_rate': 0.0024895470395487926}. Best is trial 15 with value: 120.91461181640625.
LOCAL_RANK: 0 - CUDA_VISIBLE_DEVICES: [0]
[I 2023-12-15 14:49:38,885] Trial 20 finished with value: 130.09849548339844 and parameters: {'gradient_clip_val': 0.7211276587573908, 'hidden_size': 26, 'dropout': 0.21555164495950166, 'hidden_continuous_size': 13, 'attention_head_size': 1, 'learning_rate': 0.0005477010475704928}. Best is trial 15 with value: 120.91461181640625.
LOCAL_RANK: 0 - CUDA_VISIBLE_DEVICES: [0]
[I 2023-12-15 14:50:26,329] Trial 21 finished with value: 132.3723907470703 and parameters: {'gradient_clip_val': 0.7454782660734232, 'hidden_size': 28, 'dropout': 0.2193730277844858, 'hidden_continuous_size': 13, 'attention_head_size': 1, 'learning_rate': 0.0005021572119807508}. Best is trial 15 with value: 120.91461181640625.
LOCAL_RANK: 0 - CUDA_VISIBLE_DEVICES: [0]
[I 2023-12-15 14:51:12,898] Trial 22 finished with value: 142.81427001953125 and parameters: {'gradient_clip_val': 0.6919348745363669, 'hidden_size': 17, 'dropout': 0.20482994154968748, 'hidden_continuous_size': 11, 'attention_head_size': 1, 'learning_rate': 0.0008933565509676336}. Best is trial 15 with value: 120.91461181640625.
LOCAL_RANK: 0 - CUDA_VISIBLE_DEVICES: [0]
[I 2023-12-15 14:52:01,755] Trial 23 finished with value: 155.9306182861328 and parameters: {'gradient_clip_val': 0.8175032496001547, 'hidden_size': 23, 'dropout': 0.24525291354973802, 'hidden_continuous_size': 13, 'attention_head_size': 2, 'learning_rate': 0.0014434154627929153}. Best is trial 15 with value: 120.91461181640625.
LOCAL_RANK: 0 - CUDA_VISIBLE_DEVICES: [0]
[I 2023-12-15 14:52:53,568] Trial 24 finished with value: 120.8172836303711 and parameters: {'gradient_clip_val': 0.55486968407783, 'hidden_size': 39, 'dropout': 0.24917489928797842, 'hidden_continuous_size': 18, 'attention_head_size': 1, 'learning_rate': 0.0008321857914460951}. Best is trial 24 with value: 120.8172836303711.
LOCAL_RANK: 0 - CUDA_VISIBLE_DEVICES: [0]
[I 2023-12-15 14:53:46,121] Trial 25 finished with value: 212.46910095214844 and parameters: {'gradient_clip_val': 0.5687155511890636, 'hidden_size': 42, 'dropout': 0.25264123527865695, 'hidden_continuous_size': 19, 'attention_head_size': 2, 'learning_rate': 0.0019118870476546141}. Best is trial 24 with value: 120.8172836303711.
LOCAL_RANK: 0 - CUDA_VISIBLE_DEVICES: [0]
[I 2023-12-15 14:54:39,029] Trial 26 finished with value: 207.4742431640625 and parameters: {'gradient_clip_val': 0.5177673241649757, 'hidden_size': 61, 'dropout': 0.2787657358151919, 'hidden_continuous_size': 23, 'attention_head_size': 1, 'learning_rate': 0.003280245010007133}. Best is trial 24 with value: 120.8172836303711.
LOCAL_RANK: 0 - CUDA_VISIBLE_DEVICES: [0]
[I 2023-12-15 14:55:31,615] Trial 27 finished with value: 175.06565856933594 and parameters: {'gradient_clip_val': 0.41398014583309756, 'hidden_size': 43, 'dropout': 0.3105915888462411, 'hidden_continuous_size': 16, 'attention_head_size': 2, 'learning_rate': 0.0011143873433973317}. Best is trial 24 with value: 120.8172836303711.
LOCAL_RANK: 0 - CUDA_VISIBLE_DEVICES: [0]
[I 2023-12-15 14:56:21,579] Trial 28 finished with value: 131.62059020996094 and parameters: {'gradient_clip_val': 0.612333506265844, 'hidden_size': 34, 'dropout': 0.2583272738485871, 'hidden_continuous_size': 15, 'attention_head_size': 1, 'learning_rate': 0.0007857274119818311}. Best is trial 24 with value: 120.8172836303711.
LOCAL_RANK: 0 - CUDA_VISIBLE_DEVICES: [0]
[I 2023-12-15 14:57:05,482] Trial 29 finished with value: 136.27734375 and parameters: {'gradient_clip_val': 0.3873079155761742, 'hidden_size': 12, 'dropout': 0.34372631064974635, 'hidden_continuous_size': 7, 'attention_head_size': 1, 'learning_rate': 0.0015128656031231948}. Best is trial 24 with value: 120.8172836303711.
LOCAL_RANK: 0 - CUDA_VISIBLE_DEVICES: [0]
[I 2023-12-15 14:57:57,356] Trial 30 finished with value: 220.27618408203125 and parameters: {'gradient_clip_val': 0.5384395616687923, 'hidden_size': 68, 'dropout': 0.24184859659047503, 'hidden_continuous_size': 9, 'attention_head_size': 1, 'learning_rate': 0.0007594859696170713}. Best is trial 24 with value: 120.8172836303711.
LOCAL_RANK: 0 - CUDA_VISIBLE_DEVICES: [0]
[I 2023-12-15 14:58:45,935] Trial 31 finished with value: 121.89115142822266 and parameters: {'gradient_clip_val': 0.6857133588755185, 'hidden_size': 27, 'dropout': 0.21721540555120006, 'hidden_continuous_size': 12, 'attention_head_size': 1, 'learning_rate': 0.0005961737951805812}. Best is trial 24 with value: 120.8172836303711.
LOCAL_RANK: 0 - CUDA_VISIBLE_DEVICES: [0]
[I 2023-12-15 14:59:34,579] Trial 32 finished with value: 140.9774627685547 and parameters: {'gradient_clip_val': 0.8841472549677398, 'hidden_size': 31, 'dropout': 0.19689889041841252, 'hidden_continuous_size': 10, 'attention_head_size': 1, 'learning_rate': 0.0010817073722099685}. Best is trial 24 with value: 120.8172836303711.
LOCAL_RANK: 0 - CUDA_VISIBLE_DEVICES: [0]
[I 2023-12-15 15:00:23,328] Trial 33 finished with value: 151.09771728515625 and parameters: {'gradient_clip_val': 0.6193880837738744, 'hidden_size': 22, 'dropout': 0.23088070599244231, 'hidden_continuous_size': 11, 'attention_head_size': 2, 'learning_rate': 0.0007030346111577556}. Best is trial 24 with value: 120.8172836303711.
LOCAL_RANK: 0 - CUDA_VISIBLE_DEVICES: [0]
[I 2023-12-15 15:01:12,205] Trial 34 finished with value: 142.4308624267578 and parameters: {'gradient_clip_val': 0.8334299644950193, 'hidden_size': 40, 'dropout': 0.31396469694470897, 'hidden_continuous_size': 8, 'attention_head_size': 1, 'learning_rate': 0.0006752258658552769}. Best is trial 24 with value: 120.8172836303711.
LOCAL_RANK: 0 - CUDA_VISIBLE_DEVICES: [0]
[I 2023-12-15 15:02:01,189] Trial 35 finished with value: 136.24131774902344 and parameters: {'gradient_clip_val': 0.6795419437643724, 'hidden_size': 29, 'dropout': 0.24982116436807697, 'hidden_continuous_size': 12, 'attention_head_size': 2, 'learning_rate': 0.0011303494598771822}. Best is trial 24 with value: 120.8172836303711.
LOCAL_RANK: 0 - CUDA_VISIBLE_DEVICES: [0]
[I 2023-12-15 15:02:54,605] Trial 36 finished with value: 113.45890045166016 and parameters: {'gradient_clip_val': 0.5629680766181924, 'hidden_size': 49, 'dropout': 0.21201033684389264, 'hidden_continuous_size': 17, 'attention_head_size': 3, 'learning_rate': 0.0005097049040331909}. Best is trial 36 with value: 113.45890045166016.
LOCAL_RANK: 0 - CUDA_VISIBLE_DEVICES: [0]
[I 2023-12-15 15:03:46,945] Trial 37 finished with value: 107.15470123291016 and parameters: {'gradient_clip_val': 0.588863823070032, 'hidden_size': 48, 'dropout': 0.19711912538374776, 'hidden_continuous_size': 18, 'attention_head_size': 3, 'learning_rate': 0.0005144991951871602}. Best is trial 37 with value: 107.15470123291016.
LOCAL_RANK: 0 - CUDA_VISIBLE_DEVICES: [0]
[I 2023-12-15 15:04:39,833] Trial 38 finished with value: 107.73795318603516 and parameters: {'gradient_clip_val': 0.5284743266547951, 'hidden_size': 47, 'dropout': 0.19388795063102948, 'hidden_continuous_size': 19, 'attention_head_size': 3, 'learning_rate': 0.0005489289576130192}. Best is trial 37 with value: 107.15470123291016.
LOCAL_RANK: 0 - CUDA_VISIBLE_DEVICES: [0]
[I 2023-12-15 15:05:33,214] Trial 39 finished with value: 138.5933837890625 and parameters: {'gradient_clip_val': 0.5145301526842312, 'hidden_size': 51, 'dropout': 0.19940316105550474, 'hidden_continuous_size': 22, 'attention_head_size': 3, 'learning_rate': 0.000600911200756455}. Best is trial 37 with value: 107.15470123291016.
LOCAL_RANK: 0 - CUDA_VISIBLE_DEVICES: [0]
[I 2023-12-15 15:06:26,889] Trial 40 finished with value: 201.6653594970703 and parameters: {'gradient_clip_val': 0.5866033496971746, 'hidden_size': 63, 'dropout': 0.18753751335495175, 'hidden_continuous_size': 18, 'attention_head_size': 3, 'learning_rate': 0.0005068047846271808}. Best is trial 37 with value: 107.15470123291016.
LOCAL_RANK: 0 - CUDA_VISIBLE_DEVICES: [0]
[I 2023-12-15 15:07:19,893] Trial 41 finished with value: 104.56449127197266 and parameters: {'gradient_clip_val': 0.5589235710375766, 'hidden_size': 47, 'dropout': 0.20695223293873075, 'hidden_continuous_size': 18, 'attention_head_size': 3, 'learning_rate': 0.0005005223814467571}. Best is trial 41 with value: 104.56449127197266.
LOCAL_RANK: 0 - CUDA_VISIBLE_DEVICES: [0]
[I 2023-12-15 15:08:12,837] Trial 42 finished with value: 137.6422882080078 and parameters: {'gradient_clip_val': 0.5056713486832007, 'hidden_size': 46, 'dropout': 0.17644629454983235, 'hidden_continuous_size': 19, 'attention_head_size': 3, 'learning_rate': 0.000517253544772931}. Best is trial 41 with value: 104.56449127197266.
LOCAL_RANK: 0 - CUDA_VISIBLE_DEVICES: [0]
[I 2023-12-15 15:09:06,258] Trial 43 finished with value: 108.15299224853516 and parameters: {'gradient_clip_val': 0.570304105683562, 'hidden_size': 56, 'dropout': 0.16104209022613378, 'hidden_continuous_size': 25, 'attention_head_size': 3, 'learning_rate': 0.0007647704702343542}. Best is trial 41 with value: 104.56449127197266.
LOCAL_RANK: 0 - CUDA_VISIBLE_DEVICES: [0]
[I 2023-12-15 15:10:00,717] Trial 44 finished with value: 126.45430755615234 and parameters: {'gradient_clip_val': 0.4393829416199809, 'hidden_size': 74, 'dropout': 0.14986553185211987, 'hidden_continuous_size': 25, 'attention_head_size': 3, 'learning_rate': 0.0006865199941221892}. Best is trial 41 with value: 104.56449127197266.
LOCAL_RANK: 0 - CUDA_VISIBLE_DEVICES: [0]
[I 2023-12-15 15:10:54,248] Trial 45 finished with value: 130.6522979736328 and parameters: {'gradient_clip_val': 0.3737151177367146, 'hidden_size': 54, 'dropout': 0.1588102255502177, 'hidden_continuous_size': 26, 'attention_head_size': 3, 'learning_rate': 0.000500859480667561}. Best is trial 41 with value: 104.56449127197266.
LOCAL_RANK: 0 - CUDA_VISIBLE_DEVICES: [0]
[I 2023-12-15 15:11:47,934] Trial 46 finished with value: 175.3437957763672 and parameters: {'gradient_clip_val': 0.6195670717206336, 'hidden_size': 54, 'dropout': 0.1687864234976851, 'hidden_continuous_size': 27, 'attention_head_size': 4, 'learning_rate': 0.0009475780882506757}. Best is trial 41 with value: 104.56449127197266.
LOCAL_RANK: 0 - CUDA_VISIBLE_DEVICES: [0]
