[I 2023-12-16 05:47:43,350] Trial 18 finished with value: 2.237666368484497 and parameters: {'gradient_clip_val': 0.2762843218090859, 'hidden_size': 15, 'dropout': 0.2417685946642677, 'hidden_continuous_size': 6, 'attention_head_size': 1, 'learning_rate': 0.008517464578774708}. Best is trial 16 with value: 0.6452052593231201.
LOCAL_RANK: 0 - CUDA_VISIBLE_DEVICES: [0]
[I 2023-12-16 05:48:32,803] Trial 19 finished with value: 4.12506628036499 and parameters: {'gradient_clip_val': 0.3394014216588232, 'hidden_size': 26, 'dropout': 0.19174445454692024, 'hidden_continuous_size': 8, 'attention_head_size': 1, 'learning_rate': 0.020291388701626004}. Best is trial 16 with value: 0.6452052593231201.
LOCAL_RANK: 0 - CUDA_VISIBLE_DEVICES: [0]
[I 2023-12-16 05:49:18,911] Trial 20 finished with value: 3.349990129470825 and parameters: {'gradient_clip_val': 0.425468232704883, 'hidden_size': 10, 'dropout': 0.14622053372736865, 'hidden_continuous_size': 6, 'attention_head_size': 1, 'learning_rate': 0.00672674782097003}. Best is trial 16 with value: 0.6452052593231201.
LOCAL_RANK: 0 - CUDA_VISIBLE_DEVICES: [0]
[I 2023-12-16 05:50:04,942] Trial 21 finished with value: 3.516310930252075 and parameters: {'gradient_clip_val': 0.45666761358062846, 'hidden_size': 6, 'dropout': 0.20742441943335443, 'hidden_continuous_size': 5, 'attention_head_size': 2, 'learning_rate': 0.05270135638103531}. Best is trial 16 with value: 0.6452052593231201.
LOCAL_RANK: 0 - CUDA_VISIBLE_DEVICES: [0]
[I 2023-12-16 05:50:50,968] Trial 22 finished with value: 2.171438694000244 and parameters: {'gradient_clip_val': 0.5158939807251615, 'hidden_size': 7, 'dropout': 0.19975903893727584, 'hidden_continuous_size': 5, 'attention_head_size': 2, 'learning_rate': 0.028730189511238825}. Best is trial 16 with value: 0.6452052593231201.
LOCAL_RANK: 0 - CUDA_VISIBLE_DEVICES: [0]
[I 2023-12-16 05:51:37,269] Trial 23 finished with value: 2.3617255687713623 and parameters: {'gradient_clip_val': 0.3401857226521789, 'hidden_size': 6, 'dropout': 0.23729796284146898, 'hidden_continuous_size': 5, 'attention_head_size': 2, 'learning_rate': 0.05330344156335535}. Best is trial 16 with value: 0.6452052593231201.
LOCAL_RANK: 0 - CUDA_VISIBLE_DEVICES: [0]
[I 2023-12-16 05:52:23,635] Trial 24 finished with value: 1.5379101037979126 and parameters: {'gradient_clip_val': 0.4261714662512249, 'hidden_size': 7, 'dropout': 0.17448920495612094, 'hidden_continuous_size': 5, 'attention_head_size': 3, 'learning_rate': 0.04459394473986386}. Best is trial 16 with value: 0.6452052593231201.
LOCAL_RANK: 0 - CUDA_VISIBLE_DEVICES: [0]
[I 2023-12-16 05:53:09,728] Trial 25 finished with value: 2.1981077194213867 and parameters: {'gradient_clip_val': 0.6316926310909243, 'hidden_size': 10, 'dropout': 0.21717749072390102, 'hidden_continuous_size': 6, 'attention_head_size': 2, 'learning_rate': 0.0888956703091587}. Best is trial 16 with value: 0.6452052593231201.
LOCAL_RANK: 0 - CUDA_VISIBLE_DEVICES: [0]
[I 2023-12-16 05:53:55,326] Trial 26 finished with value: 1.1664780378341675 and parameters: {'gradient_clip_val': 0.31172179917373094, 'hidden_size': 6, 'dropout': 0.2540241478212488, 'hidden_continuous_size': 5, 'attention_head_size': 1, 'learning_rate': 0.029616845321021112}. Best is trial 16 with value: 0.6452052593231201.
LOCAL_RANK: 0 - CUDA_VISIBLE_DEVICES: [0]
[I 2023-12-16 05:54:41,701] Trial 27 finished with value: 2.6317026615142822 and parameters: {'gradient_clip_val': 0.38138901873108244, 'hidden_size': 9, 'dropout': 0.20086043285515587, 'hidden_continuous_size': 6, 'attention_head_size': 2, 'learning_rate': 0.01631832938517251}. Best is trial 16 with value: 0.6452052593231201.
LOCAL_RANK: 0 - CUDA_VISIBLE_DEVICES: [0]
[I 2023-12-16 05:55:28,195] Trial 28 finished with value: 2.813368797302246 and parameters: {'gradient_clip_val': 0.5167487128744466, 'hidden_size': 6, 'dropout': 0.13015525135791822, 'hidden_continuous_size': 5, 'attention_head_size': 3, 'learning_rate': 0.06031741809683075}. Best is trial 16 with value: 0.6452052593231201.
LOCAL_RANK: 0 - CUDA_VISIBLE_DEVICES: [0]
[I 2023-12-16 05:56:13,286] Trial 29 finished with value: 2.3388571739196777 and parameters: {'gradient_clip_val': 0.37874054127946316, 'hidden_size': 8, 'dropout': 0.17451963294931624, 'hidden_continuous_size': 5, 'attention_head_size': 2, 'learning_rate': 0.024564890721395588}. Best is trial 16 with value: 0.6452052593231201.
LOCAL_RANK: 0 - CUDA_VISIBLE_DEVICES: [0]
[I 2023-12-16 05:56:59,368] Trial 30 finished with value: 2.7593393325805664 and parameters: {'gradient_clip_val': 0.24598013057913118, 'hidden_size': 11, 'dropout': 0.16550977552417995, 'hidden_continuous_size': 6, 'attention_head_size': 1, 'learning_rate': 0.037074530163198983}. Best is trial 16 with value: 0.6452052593231201.
LOCAL_RANK: 0 - CUDA_VISIBLE_DEVICES: [0]
[I 2023-12-16 05:57:45,504] Trial 31 finished with value: 2.386228561401367 and parameters: {'gradient_clip_val': 0.32151268714501513, 'hidden_size': 6, 'dropout': 0.2591551553137209, 'hidden_continuous_size': 5, 'attention_head_size': 1, 'learning_rate': 0.026396991043386494}. Best is trial 16 with value: 0.6452052593231201.
LOCAL_RANK: 0 - CUDA_VISIBLE_DEVICES: [0]
[I 2023-12-16 05:58:22,413] Trial 32 finished with value: 1.7259182929992676 and parameters: {'gradient_clip_val': 0.3148315585083537, 'hidden_size': 5, 'dropout': 0.2345676603763685, 'hidden_continuous_size': 5, 'attention_head_size': 1, 'learning_rate': 0.06419357739143267}. Best is trial 16 with value: 0.6452052593231201.
LOCAL_RANK: 0 - CUDA_VISIBLE_DEVICES: [0]
[I 2023-12-16 05:59:08,250] Trial 33 finished with value: 4.04893159866333 and parameters: {'gradient_clip_val': 0.3864337238572185, 'hidden_size': 7, 'dropout': 0.18737238024073474, 'hidden_continuous_size': 5, 'attention_head_size': 1, 'learning_rate': 0.015339266461636731}. Best is trial 16 with value: 0.6452052593231201.
LOCAL_RANK: 0 - CUDA_VISIBLE_DEVICES: [0]
[I 2023-12-16 05:59:54,129] Trial 34 finished with value: 1.5547221899032593 and parameters: {'gradient_clip_val': 0.46165925551680687, 'hidden_size': 6, 'dropout': 0.25401786375571966, 'hidden_continuous_size': 5, 'attention_head_size': 2, 'learning_rate': 0.03783178868480837}. Best is trial 16 with value: 0.6452052593231201.
LOCAL_RANK: 0 - CUDA_VISIBLE_DEVICES: [0]
[I 2023-12-16 06:00:31,344] Trial 35 finished with value: 1.1679702997207642 and parameters: {'gradient_clip_val': 0.30409347222955985, 'hidden_size': 5, 'dropout': 0.2144458625338633, 'hidden_continuous_size': 5, 'attention_head_size': 4, 'learning_rate': 0.006071391285903921}. Best is trial 16 with value: 0.6452052593231201.
LOCAL_RANK: 0 - CUDA_VISIBLE_DEVICES: [0]
[I 2023-12-16 06:01:17,893] Trial 36 finished with value: 1.289030909538269 and parameters: {'gradient_clip_val': 0.7436532295239026, 'hidden_size': 13, 'dropout': 0.2791576768957801, 'hidden_continuous_size': 7, 'attention_head_size': 1, 'learning_rate': 0.003512637736651604}. Best is trial 16 with value: 0.6452052593231201.
LOCAL_RANK: 0 - CUDA_VISIBLE_DEVICES: [0]
[I 2023-12-16 06:02:11,300] Trial 37 finished with value: 3.0880343914031982 and parameters: {'gradient_clip_val': 0.37373098115588854, 'hidden_size': 54, 'dropout': 0.23220275683725844, 'hidden_continuous_size': 8, 'attention_head_size': 2, 'learning_rate': 0.012426545114940481}. Best is trial 16 with value: 0.6452052593231201.
LOCAL_RANK: 0 - CUDA_VISIBLE_DEVICES: [0]
[I 2023-12-16 06:02:47,729] Trial 38 finished with value: 0.9257609248161316 and parameters: {'gradient_clip_val': 0.5434261135286533, 'hidden_size': 5, 'dropout': 0.28416855390240736, 'hidden_continuous_size': 5, 'attention_head_size': 2, 'learning_rate': 0.07402960085523795}. Best is trial 16 with value: 0.6452052593231201.
LOCAL_RANK: 0 - CUDA_VISIBLE_DEVICES: [0]
[I 2023-12-16 06:03:25,302] Trial 39 finished with value: 2.854459762573242 and parameters: {'gradient_clip_val': 0.5349870087358239, 'hidden_size': 5, 'dropout': 0.2790769444199881, 'hidden_continuous_size': 5, 'attention_head_size': 2, 'learning_rate': 0.07566872774091686}. Best is trial 16 with value: 0.6452052593231201.
LOCAL_RANK: 0 - CUDA_VISIBLE_DEVICES: [0]
[I 2023-12-16 06:04:10,810] Trial 40 finished with value: 2.500777006149292 and parameters: {'gradient_clip_val': 0.7325993392956229, 'hidden_size': 8, 'dropout': 0.18414738289514432, 'hidden_continuous_size': 6, 'attention_head_size': 3, 'learning_rate': 0.063686750681615}. Best is trial 16 with value: 0.6452052593231201.
LOCAL_RANK: 0 - CUDA_VISIBLE_DEVICES: [0]
[I 2023-12-16 06:04:56,606] Trial 41 finished with value: 1.3571977615356445 and parameters: {'gradient_clip_val': 0.42848919473460634, 'hidden_size': 6, 'dropout': 0.28884773204009667, 'hidden_continuous_size': 5, 'attention_head_size': 2, 'learning_rate': 0.08723184964416625}. Best is trial 16 with value: 0.6452052593231201.
LOCAL_RANK: 0 - CUDA_VISIBLE_DEVICES: [0]
[I 2023-12-16 06:05:32,995] Trial 42 finished with value: 2.088510274887085 and parameters: {'gradient_clip_val': 0.575335865372784, 'hidden_size': 5, 'dropout': 0.24540256858305817, 'hidden_continuous_size': 5, 'attention_head_size': 2, 'learning_rate': 0.02347653898523007}. Best is trial 16 with value: 0.6452052593231201.
LOCAL_RANK: 0 - CUDA_VISIBLE_DEVICES: [0]
[I 2023-12-16 06:06:19,006] Trial 43 finished with value: 0.843950092792511 and parameters: {'gradient_clip_val': 0.4798721744225645, 'hidden_size': 7, 'dropout': 0.30020162562976843, 'hidden_continuous_size': 5, 'attention_head_size': 1, 'learning_rate': 0.04849968120498931}. Best is trial 16 with value: 0.6452052593231201.
LOCAL_RANK: 0 - CUDA_VISIBLE_DEVICES: [0]
[I 2023-12-16 06:07:05,247] Trial 44 finished with value: 2.2538325786590576 and parameters: {'gradient_clip_val': 0.47569040198412826, 'hidden_size': 7, 'dropout': 0.31618300251244336, 'hidden_continuous_size': 5, 'attention_head_size': 2, 'learning_rate': 0.04774340637574249}. Best is trial 16 with value: 0.6452052593231201.
LOCAL_RANK: 0 - CUDA_VISIBLE_DEVICES: [0]
[I 2023-12-16 06:07:50,437] Trial 45 finished with value: 1.4717597961425781 and parameters: {'gradient_clip_val': 0.6426236310117325, 'hidden_size': 8, 'dropout': 0.21412735469227392, 'hidden_continuous_size': 5, 'attention_head_size': 1, 'learning_rate': 0.09670361714914427}. Best is trial 16 with value: 0.6452052593231201.
LOCAL_RANK: 0 - CUDA_VISIBLE_DEVICES: [0]
[I 2023-12-16 06:08:37,401] Trial 46 finished with value: 1.8857594728469849 and parameters: {'gradient_clip_val': 0.5068494572025519, 'hidden_size': 9, 'dropout': 0.224401285479426, 'hidden_continuous_size': 7, 'attention_head_size': 3, 'learning_rate': 0.06903352704298964}. Best is trial 16 with value: 0.6452052593231201.
LOCAL_RANK: 0 - CUDA_VISIBLE_DEVICES: [0]
[I 2023-12-16 06:09:12,738] Trial 47 finished with value: 0.5841120481491089 and parameters: {'gradient_clip_val': 0.5662479392500036, 'hidden_size': 5, 'dropout': 0.3033056836626585, 'hidden_continuous_size': 5, 'attention_head_size': 2, 'learning_rate': 0.0364587788109967}. Best is trial 47 with value: 0.5841120481491089.
LOCAL_RANK: 0 - CUDA_VISIBLE_DEVICES: [0]
[I 2023-12-16 06:09:50,329] Trial 48 finished with value: 1.0894242525100708 and parameters: {'gradient_clip_val': 0.5629956588370157, 'hidden_size': 5, 'dropout': 0.3043260026698589, 'hidden_continuous_size': 5, 'attention_head_size': 2, 'learning_rate': 0.03632125346369399}. Best is trial 47 with value: 0.5841120481491089.
LOCAL_RANK: 0 - CUDA_VISIBLE_DEVICES: [0]
[I 2023-12-16 06:10:26,453] Trial 49 finished with value: 1.17642343044281 and parameters: {'gradient_clip_val': 0.5630879454453379, 'hidden_size': 5, 'dropout': 0.3004308795610861, 'hidden_continuous_size': 5, 'attention_head_size': 1, 'learning_rate': 0.033620666672991295}. Best is trial 47 with value: 0.5841120481491089.
[I 2023-12-16 06:10:26,547] A new study created in memory with name: no-name-1abadca6-1018-4f42-9911-e5ac337474ea
/home/le004/conda/anaconda3/envs/tsff_env/lib/python3.9/site-packages/lightning/fabric/plugins/environments/slurm.py:191: The `srun` command is available on your system but is not used. HINT: If your intention is to run Lightning on SLURM, prepend your python command with `srun` like so: srun python /home/le004/master_thesis/git/TSFusionForecast/code/ ...
LOCAL_RANK: 0 - CUDA_VISIBLE_DEVICES: [0]
[I 2023-12-16 06:11:12,428] Trial 0 finished with value: 2.336820363998413 and parameters: {'gradient_clip_val': 0.14999750340699408, 'hidden_size': 10, 'dropout': 0.3834815595521809, 'hidden_continuous_size': 5, 'attention_head_size': 1, 'learning_rate': 0.00785434434284876}. Best is trial 0 with value: 2.336820363998413.
LOCAL_RANK: 0 - CUDA_VISIBLE_DEVICES: [0]
[I 2023-12-16 06:11:59,778] Trial 1 finished with value: 1.8670734167099 and parameters: {'gradient_clip_val': 0.17976600346765828, 'hidden_size': 11, 'dropout': 0.1405503962814887, 'hidden_continuous_size': 8, 'attention_head_size': 4, 'learning_rate': 0.007047957779863724}. Best is trial 1 with value: 1.8670734167099.
LOCAL_RANK: 0 - CUDA_VISIBLE_DEVICES: [0]
[I 2023-12-16 06:12:53,119] Trial 2 finished with value: 1.9554983377456665 and parameters: {'gradient_clip_val': 0.16768885223968788, 'hidden_size': 77, 'dropout': 0.192415735989257, 'hidden_continuous_size': 7, 'attention_head_size': 1, 'learning_rate': 0.000850165667842327}. Best is trial 1 with value: 1.8670734167099.
LOCAL_RANK: 0 - CUDA_VISIBLE_DEVICES: [0]
[I 2023-12-16 06:13:44,017] Trial 3 finished with value: 1.6667524576187134 and parameters: {'gradient_clip_val': 0.5744683010567873, 'hidden_size': 35, 'dropout': 0.1637015329832074, 'hidden_continuous_size': 13, 'attention_head_size': 1, 'learning_rate': 0.001114870796026982}. Best is trial 3 with value: 1.6667524576187134.
LOCAL_RANK: 0 - CUDA_VISIBLE_DEVICES: [0]
[I 2023-12-16 06:14:33,004] Trial 4 finished with value: 2.3697519302368164 and parameters: {'gradient_clip_val': 0.8391068589412138, 'hidden_size': 19, 'dropout': 0.3842866313058415, 'hidden_continuous_size': 12, 'attention_head_size': 1, 'learning_rate': 0.06110975186650964}. Best is trial 3 with value: 1.6667524576187134.
LOCAL_RANK: 0 - CUDA_VISIBLE_DEVICES: [0]
[I 2023-12-16 06:15:25,538] Trial 5 finished with value: 2.679088592529297 and parameters: {'gradient_clip_val': 0.29365462104544576, 'hidden_size': 72, 'dropout': 0.1116629944889404, 'hidden_continuous_size': 5, 'attention_head_size': 4, 'learning_rate': 0.012301309373427185}. Best is trial 3 with value: 1.6667524576187134.
LOCAL_RANK: 0 - CUDA_VISIBLE_DEVICES: [0]
[I 2023-12-16 06:16:18,812] Trial 6 finished with value: 2.196218729019165 and parameters: {'gradient_clip_val': 0.12107279030423339, 'hidden_size': 52, 'dropout': 0.3312097338432356, 'hidden_continuous_size': 24, 'attention_head_size': 1, 'learning_rate': 0.015007366262656103}. Best is trial 3 with value: 1.6667524576187134.
LOCAL_RANK: 0 - CUDA_VISIBLE_DEVICES: [0]
[I 2023-12-16 06:17:08,934] Trial 7 finished with value: 2.958611249923706 and parameters: {'gradient_clip_val': 0.4664535204017274, 'hidden_size': 31, 'dropout': 0.15509377908078392, 'hidden_continuous_size': 10, 'attention_head_size': 2, 'learning_rate': 0.003025644693852652}. Best is trial 3 with value: 1.6667524576187134.
LOCAL_RANK: 0 - CUDA_VISIBLE_DEVICES: [0]
[I 2023-12-16 06:18:02,912] Trial 8 finished with value: 1.646446704864502 and parameters: {'gradient_clip_val': 0.14914378169873307, 'hidden_size': 51, 'dropout': 0.29003573284120676, 'hidden_continuous_size': 21, 'attention_head_size': 2, 'learning_rate': 0.048326531487524506}. Best is trial 8 with value: 1.646446704864502.
LOCAL_RANK: 0 - CUDA_VISIBLE_DEVICES: [0]
[I 2023-12-16 06:18:51,895] Trial 9 finished with value: 1.4272104501724243 and parameters: {'gradient_clip_val': 0.1156801553010101, 'hidden_size': 24, 'dropout': 0.21094532275344402, 'hidden_continuous_size': 7, 'attention_head_size': 4, 'learning_rate': 0.002057166803032265}. Best is trial 9 with value: 1.4272104501724243.
LOCAL_RANK: 0 - CUDA_VISIBLE_DEVICES: [0]
[I 2023-12-16 06:19:29,416] Trial 10 finished with value: 2.69964337348938 and parameters: {'gradient_clip_val': 0.10647673350343657, 'hidden_size': 5, 'dropout': 0.2356546188844932, 'hidden_continuous_size': 5, 'attention_head_size': 3, 'learning_rate': 0.0005281866626526216}. Best is trial 9 with value: 1.4272104501724243.
LOCAL_RANK: 0 - CUDA_VISIBLE_DEVICES: [0]
[I 2023-12-16 06:20:23,483] Trial 11 finished with value: 4.918099880218506 and parameters: {'gradient_clip_val': 0.22155262397658665, 'hidden_size': 43, 'dropout': 0.27476257708848206, 'hidden_continuous_size': 22, 'attention_head_size': 3, 'learning_rate': 0.07037877990855168}. Best is trial 9 with value: 1.4272104501724243.
LOCAL_RANK: 0 - CUDA_VISIBLE_DEVICES: [0]
[I 2023-12-16 06:21:20,183] Trial 12 finished with value: 3.1119744777679443 and parameters: {'gradient_clip_val': 0.10493487130764113, 'hidden_size': 88, 'dropout': 0.26665177169244403, 'hidden_continuous_size': 50, 'attention_head_size': 2, 'learning_rate': 0.00244423056737273}. Best is trial 9 with value: 1.4272104501724243.
LOCAL_RANK: 0 - CUDA_VISIBLE_DEVICES: [0]
[I 2023-12-16 06:22:08,661] Trial 13 finished with value: 5.500375270843506 and parameters: {'gradient_clip_val': 0.23483736225034688, 'hidden_size': 20, 'dropout': 0.2248017908477368, 'hidden_continuous_size': 7, 'attention_head_size': 3, 'learning_rate': 0.03875651471991295}. Best is trial 9 with value: 1.4272104501724243.
LOCAL_RANK: 0 - CUDA_VISIBLE_DEVICES: [0]
[I 2023-12-16 06:22:58,760] Trial 14 finished with value: 3.492440938949585 and parameters: {'gradient_clip_val': 0.13736945921307633, 'hidden_size': 26, 'dropout': 0.29720755715441083, 'hidden_continuous_size': 9, 'attention_head_size': 2, 'learning_rate': 0.027217419279156333}. Best is trial 9 with value: 1.4272104501724243.
LOCAL_RANK: 0 - CUDA_VISIBLE_DEVICES: [0]
[I 2023-12-16 06:23:53,250] Trial 15 finished with value: 2.4145562648773193 and parameters: {'gradient_clip_val': 0.18682708820274505, 'hidden_size': 53, 'dropout': 0.20857853714719493, 'hidden_continuous_size': 17, 'attention_head_size': 4, 'learning_rate': 0.03273525215981648}. Best is trial 9 with value: 1.4272104501724243.
LOCAL_RANK: 0 - CUDA_VISIBLE_DEVICES: [0]
[I 2023-12-16 06:24:47,136] Trial 16 finished with value: 2.1027438640594482 and parameters: {'gradient_clip_val': 0.10309413966426847, 'hidden_size': 42, 'dropout': 0.2544662948523412, 'hidden_continuous_size': 16, 'attention_head_size': 3, 'learning_rate': 0.08353477916226548}. Best is trial 9 with value: 1.4272104501724243.
LOCAL_RANK: 0 - CUDA_VISIBLE_DEVICES: [0]
[I 2023-12-16 06:25:36,531] Trial 17 finished with value: 2.7497336864471436 and parameters: {'gradient_clip_val': 0.14580733703347773, 'hidden_size': 26, 'dropout': 0.19381480923217298, 'hidden_continuous_size': 6, 'attention_head_size': 2, 'learning_rate': 0.004147142000097952}. Best is trial 9 with value: 1.4272104501724243.
LOCAL_RANK: 0 - CUDA_VISIBLE_DEVICES: [0]
[I 2023-12-16 06:26:31,948] Trial 18 finished with value: 3.963338613510132 and parameters: {'gradient_clip_val': 0.12654819742975684, 'hidden_size': 67, 'dropout': 0.30433410580608156, 'hidden_continuous_size': 29, 'attention_head_size': 4, 'learning_rate': 0.018616527474097772}. Best is trial 9 with value: 1.4272104501724243.
LOCAL_RANK: 0 - CUDA_VISIBLE_DEVICES: [0]
[I 2023-12-16 06:27:26,080] Trial 19 finished with value: 2.5628318786621094 and parameters: {'gradient_clip_val': 0.22803961494317385, 'hidden_size': 55, 'dropout': 0.23179068653812204, 'hidden_continuous_size': 11, 'attention_head_size': 3, 'learning_rate': 0.0015962285300226218}. Best is trial 9 with value: 1.4272104501724243.
LOCAL_RANK: 0 - CUDA_VISIBLE_DEVICES: [0]
[I 2023-12-16 06:28:22,507] Trial 20 finished with value: 4.9006171226501465 and parameters: {'gradient_clip_val': 0.3186672884740348, 'hidden_size': 94, 'dropout': 0.3398044727957253, 'hidden_continuous_size': 33, 'attention_head_size': 2, 'learning_rate': 0.09534933886343416}. Best is trial 9 with value: 1.4272104501724243.
LOCAL_RANK: 0 - CUDA_VISIBLE_DEVICES: [0]
[I 2023-12-16 06:29:13,172] Trial 21 finished with value: 3.6393024921417236 and parameters: {'gradient_clip_val': 0.49761610989918165, 'hidden_size': 36, 'dropout': 0.16720777389037694, 'hidden_continuous_size': 14, 'attention_head_size': 1, 'learning_rate': 0.0014058995609358266}. Best is trial 9 with value: 1.4272104501724243.
LOCAL_RANK: 0 - CUDA_VISIBLE_DEVICES: [0]
[I 2023-12-16 06:30:04,258] Trial 22 finished with value: 1.8635063171386719 and parameters: {'gradient_clip_val': 0.1357674729739764, 'hidden_size': 34, 'dropout': 0.18054593635975882, 'hidden_continuous_size': 13, 'attention_head_size': 2, 'learning_rate': 0.0010230346708574398}. Best is trial 9 with value: 1.4272104501724243.
LOCAL_RANK: 0 - CUDA_VISIBLE_DEVICES: [0]
[I 2023-12-16 06:30:53,928] Trial 23 finished with value: 1.4648898839950562 and parameters: {'gradient_clip_val': 0.9434224135620023, 'hidden_size': 26, 'dropout': 0.20171854215816104, 'hidden_continuous_size': 9, 'attention_head_size': 1, 'learning_rate': 0.002437822143573655}. Best is trial 9 with value: 1.4272104501724243.
LOCAL_RANK: 0 - CUDA_VISIBLE_DEVICES: [0]
[I 2023-12-16 06:31:41,862] Trial 24 finished with value: 1.3891154527664185 and parameters: {'gradient_clip_val': 0.8531912705637124, 'hidden_size': 17, 'dropout': 0.21357623417133972, 'hidden_continuous_size': 9, 'attention_head_size': 2, 'learning_rate': 0.004431837521711356}. Best is trial 24 with value: 1.3891154527664185.
LOCAL_RANK: 0 - CUDA_VISIBLE_DEVICES: [0]
[I 2023-12-16 06:32:31,381] Trial 25 finished with value: 2.1952168941497803 and parameters: {'gradient_clip_val': 0.9760925454985669, 'hidden_size': 19, 'dropout': 0.209541011970977, 'hidden_continuous_size': 9, 'attention_head_size': 3, 'learning_rate': 0.0022021068057541953}. Best is trial 24 with value: 1.3891154527664185.
LOCAL_RANK: 0 - CUDA_VISIBLE_DEVICES: [0]
