[I 2023-12-16 00:43:43,776] Trial 26 finished with value: 0.4699680805206299 and parameters: {'gradient_clip_val': 0.48925209638791284, 'hidden_size': 99, 'dropout': 0.2542996330514668, 'hidden_continuous_size': 96, 'attention_head_size': 1, 'learning_rate': 0.06891431147173603}. Best is trial 20 with value: 0.11203905194997787.
LOCAL_RANK: 0 - CUDA_VISIBLE_DEVICES: [0]
[I 2023-12-16 00:44:39,566] Trial 27 finished with value: 2.320482015609741 and parameters: {'gradient_clip_val': 0.3332642097647779, 'hidden_size': 79, 'dropout': 0.2020381016118691, 'hidden_continuous_size': 59, 'attention_head_size': 1, 'learning_rate': 0.05052419731714469}. Best is trial 20 with value: 0.11203905194997787.
LOCAL_RANK: 0 - CUDA_VISIBLE_DEVICES: [0]
[I 2023-12-16 00:45:33,491] Trial 28 finished with value: 0.7659655213356018 and parameters: {'gradient_clip_val': 0.5642107733391845, 'hidden_size': 62, 'dropout': 0.2764954047694097, 'hidden_continuous_size': 36, 'attention_head_size': 2, 'learning_rate': 0.03197311066194859}. Best is trial 20 with value: 0.11203905194997787.
LOCAL_RANK: 0 - CUDA_VISIBLE_DEVICES: [0]
[I 2023-12-16 00:46:27,471] Trial 29 finished with value: 0.6350312829017639 and parameters: {'gradient_clip_val': 0.10295592364117487, 'hidden_size': 50, 'dropout': 0.2867989208824233, 'hidden_continuous_size': 34, 'attention_head_size': 3, 'learning_rate': 0.06116019713086477}. Best is trial 20 with value: 0.11203905194997787.
LOCAL_RANK: 0 - CUDA_VISIBLE_DEVICES: [0]
[I 2023-12-16 00:47:22,828] Trial 30 finished with value: 0.43449926376342773 and parameters: {'gradient_clip_val': 0.14386411197206944, 'hidden_size': 77, 'dropout': 0.30697873966825745, 'hidden_continuous_size': 53, 'attention_head_size': 1, 'learning_rate': 0.017743371875935623}. Best is trial 20 with value: 0.11203905194997787.
LOCAL_RANK: 0 - CUDA_VISIBLE_DEVICES: [0]
[I 2023-12-16 00:48:16,571] Trial 31 finished with value: 1.6761528253555298 and parameters: {'gradient_clip_val': 0.4518571547891636, 'hidden_size': 64, 'dropout': 0.3211923096916775, 'hidden_continuous_size': 49, 'attention_head_size': 2, 'learning_rate': 0.038492217721763276}. Best is trial 20 with value: 0.11203905194997787.
LOCAL_RANK: 0 - CUDA_VISIBLE_DEVICES: [0]
[I 2023-12-16 00:49:13,484] Trial 32 finished with value: 0.15050441026687622 and parameters: {'gradient_clip_val': 0.4063813154977873, 'hidden_size': 83, 'dropout': 0.29744302515885523, 'hidden_continuous_size': 69, 'attention_head_size': 2, 'learning_rate': 0.023083321322250154}. Best is trial 20 with value: 0.11203905194997787.
LOCAL_RANK: 0 - CUDA_VISIBLE_DEVICES: [0]
[I 2023-12-16 00:50:10,807] Trial 33 finished with value: 1.1078342199325562 and parameters: {'gradient_clip_val': 0.6310618310638613, 'hidden_size': 85, 'dropout': 0.29964721542042894, 'hidden_continuous_size': 70, 'attention_head_size': 2, 'learning_rate': 0.02587724905748029}. Best is trial 20 with value: 0.11203905194997787.
LOCAL_RANK: 0 - CUDA_VISIBLE_DEVICES: [0]
[I 2023-12-16 00:51:08,052] Trial 34 finished with value: 0.09072387218475342 and parameters: {'gradient_clip_val': 0.2524156257425478, 'hidden_size': 86, 'dropout': 0.2958020183507693, 'hidden_continuous_size': 74, 'attention_head_size': 2, 'learning_rate': 0.017829789315849696}. Best is trial 34 with value: 0.09072387218475342.
LOCAL_RANK: 0 - CUDA_VISIBLE_DEVICES: [0]
[I 2023-12-16 00:52:00,118] Trial 35 finished with value: 2.071779727935791 and parameters: {'gradient_clip_val': 0.26008895785482034, 'hidden_size': 35, 'dropout': 0.30156322520748313, 'hidden_continuous_size': 31, 'attention_head_size': 1, 'learning_rate': 0.010177867054683015}. Best is trial 34 with value: 0.09072387218475342.
LOCAL_RANK: 0 - CUDA_VISIBLE_DEVICES: [0]
[I 2023-12-16 00:52:55,240] Trial 36 finished with value: 0.3025849759578705 and parameters: {'gradient_clip_val': 0.18896568362331384, 'hidden_size': 79, 'dropout': 0.24750282884407931, 'hidden_continuous_size': 54, 'attention_head_size': 1, 'learning_rate': 0.018316711948899268}. Best is trial 34 with value: 0.09072387218475342.
LOCAL_RANK: 0 - CUDA_VISIBLE_DEVICES: [0]
[I 2023-12-16 00:53:49,627] Trial 37 finished with value: 3.708223342895508 and parameters: {'gradient_clip_val': 0.37112648786449826, 'hidden_size': 55, 'dropout': 0.27689940336350055, 'hidden_continuous_size': 43, 'attention_head_size': 3, 'learning_rate': 0.005106650721112714}. Best is trial 34 with value: 0.09072387218475342.
LOCAL_RANK: 0 - CUDA_VISIBLE_DEVICES: [0]
[I 2023-12-16 00:54:45,210] Trial 38 finished with value: 0.38982805609703064 and parameters: {'gradient_clip_val': 0.3258869230219076, 'hidden_size': 65, 'dropout': 0.26617772887517577, 'hidden_continuous_size': 53, 'attention_head_size': 4, 'learning_rate': 0.01371580736698567}. Best is trial 34 with value: 0.09072387218475342.
LOCAL_RANK: 0 - CUDA_VISIBLE_DEVICES: [0]
[I 2023-12-16 00:55:42,345] Trial 39 finished with value: 0.3742077350616455 and parameters: {'gradient_clip_val': 0.20065818571235258, 'hidden_size': 82, 'dropout': 0.29854610580579805, 'hidden_continuous_size': 70, 'attention_head_size': 2, 'learning_rate': 0.07898658380967111}. Best is trial 34 with value: 0.09072387218475342.
LOCAL_RANK: 0 - CUDA_VISIBLE_DEVICES: [0]
[I 2023-12-16 00:56:31,066] Trial 40 finished with value: 0.08857373148202896 and parameters: {'gradient_clip_val': 0.27535858560090937, 'hidden_size': 21, 'dropout': 0.3578727324826958, 'hidden_continuous_size': 20, 'attention_head_size': 1, 'learning_rate': 0.017699577149796936}. Best is trial 40 with value: 0.08857373148202896.
LOCAL_RANK: 0 - CUDA_VISIBLE_DEVICES: [0]
[I 2023-12-16 00:57:19,444] Trial 41 finished with value: 1.3291791677474976 and parameters: {'gradient_clip_val': 0.2656213109097604, 'hidden_size': 21, 'dropout': 0.3588823059768581, 'hidden_continuous_size': 20, 'attention_head_size': 1, 'learning_rate': 0.020573493241957837}. Best is trial 40 with value: 0.08857373148202896.
LOCAL_RANK: 0 - CUDA_VISIBLE_DEVICES: [0]
[I 2023-12-16 00:58:03,874] Trial 42 finished with value: 4.206690311431885 and parameters: {'gradient_clip_val': 0.28867427510925675, 'hidden_size': 12, 'dropout': 0.36922978708657167, 'hidden_continuous_size': 10, 'attention_head_size': 1, 'learning_rate': 0.011733086457693534}. Best is trial 40 with value: 0.08857373148202896.
LOCAL_RANK: 0 - CUDA_VISIBLE_DEVICES: [0]
[I 2023-12-16 00:58:54,967] Trial 43 finished with value: 2.9550342559814453 and parameters: {'gradient_clip_val': 0.3434538560062989, 'hidden_size': 27, 'dropout': 0.32695375976762914, 'hidden_continuous_size': 25, 'attention_head_size': 1, 'learning_rate': 0.016222409874824897}. Best is trial 40 with value: 0.08857373148202896.
LOCAL_RANK: 0 - CUDA_VISIBLE_DEVICES: [0]
[I 2023-12-16 00:59:51,727] Trial 44 finished with value: 1.0445194244384766 and parameters: {'gradient_clip_val': 0.30898112482828205, 'hidden_size': 87, 'dropout': 0.34692768816398667, 'hidden_continuous_size': 66, 'attention_head_size': 1, 'learning_rate': 0.009426842898105822}. Best is trial 40 with value: 0.08857373148202896.
LOCAL_RANK: 0 - CUDA_VISIBLE_DEVICES: [0]
[I 2023-12-16 01:00:45,100] Trial 45 finished with value: 2.3386476039886475 and parameters: {'gradient_clip_val': 0.38202729350428144, 'hidden_size': 46, 'dropout': 0.3739156128250085, 'hidden_continuous_size': 40, 'attention_head_size': 2, 'learning_rate': 0.014145957082885765}. Best is trial 40 with value: 0.08857373148202896.
LOCAL_RANK: 0 - CUDA_VISIBLE_DEVICES: [0]
[I 2023-12-16 01:01:39,424] Trial 46 finished with value: 1.9548969268798828 and parameters: {'gradient_clip_val': 0.20800614401593173, 'hidden_size': 62, 'dropout': 0.31797161306752597, 'hidden_continuous_size': 50, 'attention_head_size': 1, 'learning_rate': 0.021523601465810827}. Best is trial 40 with value: 0.08857373148202896.
LOCAL_RANK: 0 - CUDA_VISIBLE_DEVICES: [0]
[I 2023-12-16 01:02:27,412] Trial 47 finished with value: 1.831692099571228 and parameters: {'gradient_clip_val': 0.4224357753864214, 'hidden_size': 17, 'dropout': 0.35058666046340975, 'hidden_continuous_size': 13, 'attention_head_size': 3, 'learning_rate': 0.031780069360497376}. Best is trial 40 with value: 0.08857373148202896.
LOCAL_RANK: 0 - CUDA_VISIBLE_DEVICES: [0]
[I 2023-12-16 01:03:23,734] Trial 48 finished with value: 1.1414450407028198 and parameters: {'gradient_clip_val': 0.2730684783350809, 'hidden_size': 83, 'dropout': 0.32914509755156424, 'hidden_continuous_size': 61, 'attention_head_size': 2, 'learning_rate': 0.04490045310699792}. Best is trial 40 with value: 0.08857373148202896.
LOCAL_RANK: 0 - CUDA_VISIBLE_DEVICES: [0]
[I 2023-12-16 01:04:16,077] Trial 49 finished with value: 0.878200113773346 and parameters: {'gradient_clip_val': 0.3392814711224002, 'hidden_size': 37, 'dropout': 0.3432585536968875, 'hidden_continuous_size': 33, 'attention_head_size': 1, 'learning_rate': 0.016260211845398203}. Best is trial 40 with value: 0.08857373148202896.
[I 2023-12-16 01:04:16,170] A new study created in memory with name: no-name-45503327-4ccc-4322-ad54-3c3b9f3634b4
/home/le004/conda/anaconda3/envs/tsff_env/lib/python3.9/site-packages/lightning/fabric/plugins/environments/slurm.py:191: The `srun` command is available on your system but is not used. HINT: If your intention is to run Lightning on SLURM, prepend your python command with `srun` like so: srun python /home/le004/master_thesis/git/TSFusionForecast/code/ ...
LOCAL_RANK: 0 - CUDA_VISIBLE_DEVICES: [0]
[I 2023-12-16 01:05:01,589] Trial 0 finished with value: 2.8452470302581787 and parameters: {'gradient_clip_val': 0.15436716601592496, 'hidden_size': 6, 'dropout': 0.2524446394677634, 'hidden_continuous_size': 5, 'attention_head_size': 3, 'learning_rate': 0.0016746530323668185}. Best is trial 0 with value: 2.8452470302581787.
LOCAL_RANK: 0 - CUDA_VISIBLE_DEVICES: [0]
[I 2023-12-16 01:05:36,772] Trial 1 finished with value: 3.4070441722869873 and parameters: {'gradient_clip_val': 0.17486912965168555, 'hidden_size': 7, 'dropout': 0.11481582337188745, 'hidden_continuous_size': 7, 'attention_head_size': 4, 'learning_rate': 0.000813071143065021}. Best is trial 0 with value: 2.8452470302581787.
LOCAL_RANK: 0 - CUDA_VISIBLE_DEVICES: [0]
[I 2023-12-16 01:06:24,454] Trial 2 finished with value: 2.025871992111206 and parameters: {'gradient_clip_val': 0.10644935888163679, 'hidden_size': 19, 'dropout': 0.21538854431730337, 'hidden_continuous_size': 6, 'attention_head_size': 4, 'learning_rate': 0.002463923138071136}. Best is trial 2 with value: 2.025871992111206.
LOCAL_RANK: 0 - CUDA_VISIBLE_DEVICES: [0]
[I 2023-12-16 01:07:09,646] Trial 3 finished with value: 3.7186672687530518 and parameters: {'gradient_clip_val': 0.8131988699311735, 'hidden_size': 9, 'dropout': 0.2358098078914383, 'hidden_continuous_size': 5, 'attention_head_size': 2, 'learning_rate': 0.04612873426190783}. Best is trial 2 with value: 2.025871992111206.
LOCAL_RANK: 0 - CUDA_VISIBLE_DEVICES: [0]
[I 2023-12-16 01:07:56,408] Trial 4 finished with value: 2.7532432079315186 and parameters: {'gradient_clip_val': 0.4858733181966069, 'hidden_size': 17, 'dropout': 0.1898926265790326, 'hidden_continuous_size': 8, 'attention_head_size': 2, 'learning_rate': 0.06673136181178115}. Best is trial 2 with value: 2.025871992111206.
LOCAL_RANK: 0 - CUDA_VISIBLE_DEVICES: [0]
[I 2023-12-16 01:08:50,318] Trial 5 finished with value: 0.1991623193025589 and parameters: {'gradient_clip_val': 0.4183010971119769, 'hidden_size': 64, 'dropout': 0.22619244926611173, 'hidden_continuous_size': 24, 'attention_head_size': 4, 'learning_rate': 0.0010433230163575935}. Best is trial 5 with value: 0.1991623193025589.
LOCAL_RANK: 0 - CUDA_VISIBLE_DEVICES: [0]
[I 2023-12-16 01:09:41,381] Trial 6 finished with value: 0.9660198092460632 and parameters: {'gradient_clip_val': 0.7219822225745689, 'hidden_size': 88, 'dropout': 0.3526916291549014, 'hidden_continuous_size': 5, 'attention_head_size': 2, 'learning_rate': 0.03741818441192334}. Best is trial 5 with value: 0.1991623193025589.
LOCAL_RANK: 0 - CUDA_VISIBLE_DEVICES: [0]
[I 2023-12-16 01:10:31,411] Trial 7 finished with value: 2.923987627029419 and parameters: {'gradient_clip_val': 0.6835237044658619, 'hidden_size': 39, 'dropout': 0.31578391749810264, 'hidden_continuous_size': 6, 'attention_head_size': 3, 'learning_rate': 0.0005751927393504399}. Best is trial 5 with value: 0.1991623193025589.
LOCAL_RANK: 0 - CUDA_VISIBLE_DEVICES: [0]
[I 2023-12-16 01:11:23,376] Trial 8 finished with value: 1.2780247926712036 and parameters: {'gradient_clip_val': 0.27847316934478955, 'hidden_size': 64, 'dropout': 0.3494011331447491, 'hidden_continuous_size': 17, 'attention_head_size': 1, 'learning_rate': 0.0006420185499145758}. Best is trial 5 with value: 0.1991623193025589.
LOCAL_RANK: 0 - CUDA_VISIBLE_DEVICES: [0]
[I 2023-12-16 01:12:08,809] Trial 9 finished with value: 1.6222597360610962 and parameters: {'gradient_clip_val': 0.5657409231521423, 'hidden_size': 10, 'dropout': 0.37663998359778517, 'hidden_continuous_size': 8, 'attention_head_size': 2, 'learning_rate': 0.0022759309646860067}. Best is trial 5 with value: 0.1991623193025589.
LOCAL_RANK: 0 - CUDA_VISIBLE_DEVICES: [0]
[I 2023-12-16 01:13:02,837] Trial 10 finished with value: 1.1289033889770508 and parameters: {'gradient_clip_val': 0.349372897158564, 'hidden_size': 38, 'dropout': 0.285310484330792, 'hidden_continuous_size': 35, 'attention_head_size': 4, 'learning_rate': 0.008998076216309183}. Best is trial 5 with value: 0.1991623193025589.
LOCAL_RANK: 0 - CUDA_VISIBLE_DEVICES: [0]
[I 2023-12-16 01:13:59,964] Trial 11 finished with value: 2.9895880222320557 and parameters: {'gradient_clip_val': 0.9775225482510588, 'hidden_size': 93, 'dropout': 0.37798265219143895, 'hidden_continuous_size': 71, 'attention_head_size': 1, 'learning_rate': 0.017649826617906997}. Best is trial 5 with value: 0.1991623193025589.
LOCAL_RANK: 0 - CUDA_VISIBLE_DEVICES: [0]
[I 2023-12-16 01:14:54,172] Trial 12 finished with value: 1.491933822631836 and parameters: {'gradient_clip_val': 0.47548155656338076, 'hidden_size': 76, 'dropout': 0.3129646703576337, 'hidden_continuous_size': 14, 'attention_head_size': 3, 'learning_rate': 0.005884727508438208}. Best is trial 5 with value: 0.1991623193025589.
LOCAL_RANK: 0 - CUDA_VISIBLE_DEVICES: [0]
[I 2023-12-16 01:15:46,500] Trial 13 finished with value: 0.8790155053138733 and parameters: {'gradient_clip_val': 0.9946398362012242, 'hidden_size': 52, 'dropout': 0.3933855563243408, 'hidden_continuous_size': 15, 'attention_head_size': 2, 'learning_rate': 0.032422870286698324}. Best is trial 5 with value: 0.1991623193025589.
LOCAL_RANK: 0 - CUDA_VISIBLE_DEVICES: [0]
[I 2023-12-16 01:16:39,980] Trial 14 finished with value: 2.469257354736328 and parameters: {'gradient_clip_val': 0.9341379442752707, 'hidden_size': 51, 'dropout': 0.27829466085689836, 'hidden_continuous_size': 19, 'attention_head_size': 3, 'learning_rate': 0.09104465595341711}. Best is trial 5 with value: 0.1991623193025589.
LOCAL_RANK: 0 - CUDA_VISIBLE_DEVICES: [0]
[I 2023-12-16 01:17:29,324] Trial 15 finished with value: 0.9759818911552429 and parameters: {'gradient_clip_val': 0.3382606751004091, 'hidden_size': 33, 'dropout': 0.1805467432524308, 'hidden_continuous_size': 11, 'attention_head_size': 1, 'learning_rate': 0.02111645096092473}. Best is trial 5 with value: 0.1991623193025589.
LOCAL_RANK: 0 - CUDA_VISIBLE_DEVICES: [0]
[I 2023-12-16 01:18:23,448] Trial 16 finished with value: 1.4943376779556274 and parameters: {'gradient_clip_val': 0.6611401509180194, 'hidden_size': 62, 'dropout': 0.3915964706272877, 'hidden_continuous_size': 21, 'attention_head_size': 4, 'learning_rate': 0.005129169067692864}. Best is trial 5 with value: 0.1991623193025589.
LOCAL_RANK: 0 - CUDA_VISIBLE_DEVICES: [0]
[I 2023-12-16 01:19:13,167] Trial 17 finished with value: 1.2228649854660034 and parameters: {'gradient_clip_val': 0.9592373360424, 'hidden_size': 29, 'dropout': 0.39879941463315594, 'hidden_continuous_size': 12, 'attention_head_size': 3, 'learning_rate': 0.014194788353345266}. Best is trial 5 with value: 0.1991623193025589.
LOCAL_RANK: 0 - CUDA_VISIBLE_DEVICES: [0]
[I 2023-12-16 01:20:06,708] Trial 18 finished with value: 0.6176270842552185 and parameters: {'gradient_clip_val': 0.4401202743805142, 'hidden_size': 57, 'dropout': 0.3256653087421144, 'hidden_continuous_size': 28, 'attention_head_size': 2, 'learning_rate': 0.027169553669381088}. Best is trial 5 with value: 0.1991623193025589.
LOCAL_RANK: 0 - CUDA_VISIBLE_DEVICES: [0]
[I 2023-12-16 01:21:01,501] Trial 19 finished with value: 0.37067845463752747 and parameters: {'gradient_clip_val': 0.40816953908784975, 'hidden_size': 95, 'dropout': 0.2621124180622475, 'hidden_continuous_size': 29, 'attention_head_size': 1, 'learning_rate': 0.009109509975919727}. Best is trial 5 with value: 0.1991623193025589.
LOCAL_RANK: 0 - CUDA_VISIBLE_DEVICES: [0]
[I 2023-12-16 01:21:55,648] Trial 20 finished with value: 1.2593075037002563 and parameters: {'gradient_clip_val': 0.289301524983461, 'hidden_size': 100, 'dropout': 0.27023621585068314, 'hidden_continuous_size': 31, 'attention_head_size': 1, 'learning_rate': 0.010373337969730253}. Best is trial 5 with value: 0.1991623193025589.
LOCAL_RANK: 0 - CUDA_VISIBLE_DEVICES: [0]
[I 2023-12-16 01:22:48,204] Trial 21 finished with value: 0.7059585452079773 and parameters: {'gradient_clip_val': 0.45761453035958544, 'hidden_size': 68, 'dropout': 0.3035083239510434, 'hidden_continuous_size': 27, 'attention_head_size': 1, 'learning_rate': 0.0046323428595186926}. Best is trial 5 with value: 0.1991623193025589.
LOCAL_RANK: 0 - CUDA_VISIBLE_DEVICES: [0]
[I 2023-12-16 01:23:41,227] Trial 22 finished with value: 1.4828662872314453 and parameters: {'gradient_clip_val': 0.4046242054219615, 'hidden_size': 50, 'dropout': 0.24595030241520072, 'hidden_continuous_size': 23, 'attention_head_size': 2, 'learning_rate': 0.023714681277278556}. Best is trial 5 with value: 0.1991623193025589.
LOCAL_RANK: 0 - CUDA_VISIBLE_DEVICES: [0]
[I 2023-12-16 01:24:36,065] Trial 23 finished with value: 0.9935852885246277 and parameters: {'gradient_clip_val': 0.5547748206895208, 'hidden_size': 79, 'dropout': 0.33530274698137086, 'hidden_continuous_size': 38, 'attention_head_size': 1, 'learning_rate': 0.011798425139935675}. Best is trial 5 with value: 0.1991623193025589.
LOCAL_RANK: 0 - CUDA_VISIBLE_DEVICES: [0]
[I 2023-12-16 01:25:32,218] Trial 24 finished with value: 2.5398147106170654 and parameters: {'gradient_clip_val': 0.3934797793353681, 'hidden_size': 97, 'dropout': 0.29102916868411444, 'hidden_continuous_size': 45, 'attention_head_size': 2, 'learning_rate': 0.009523502878168909}. Best is trial 5 with value: 0.1991623193025589.
LOCAL_RANK: 0 - CUDA_VISIBLE_DEVICES: [0]
[I 2023-12-16 01:26:26,385] Trial 25 finished with value: 2.6676807403564453 and parameters: {'gradient_clip_val': 0.2687676856015652, 'hidden_size': 67, 'dropout': 0.26249559502070113, 'hidden_continuous_size': 25, 'attention_head_size': 3, 'learning_rate': 0.017459287702886763}. Best is trial 5 with value: 0.1991623193025589.
LOCAL_RANK: 0 - CUDA_VISIBLE_DEVICES: [0]
[I 2023-12-16 01:27:18,573] Trial 26 finished with value: 1.9466700553894043 and parameters: {'gradient_clip_val': 0.3964946293097571, 'hidden_size': 46, 'dropout': 0.2290731354460631, 'hidden_continuous_size': 19, 'attention_head_size': 1, 'learning_rate': 0.004024271406102397}. Best is trial 5 with value: 0.1991623193025589.
LOCAL_RANK: 0 - CUDA_VISIBLE_DEVICES: [0]
[I 2023-12-16 01:28:08,343] Trial 27 finished with value: 1.7121943235397339 and parameters: {'gradient_clip_val': 0.5662623829039681, 'hidden_size': 28, 'dropout': 0.3258182001466621, 'hidden_continuous_size': 20, 'attention_head_size': 4, 'learning_rate': 0.007911418655853411}. Best is trial 5 with value: 0.1991623193025589.
LOCAL_RANK: 0 - CUDA_VISIBLE_DEVICES: [0]
[I 2023-12-16 01:29:01,906] Trial 28 finished with value: 2.1472342014312744 and parameters: {'gradient_clip_val': 0.25291346598556635, 'hidden_size': 76, 'dropout': 0.2929573513478333, 'hidden_continuous_size': 28, 'attention_head_size': 2, 'learning_rate': 0.0011317530225021999}. Best is trial 5 with value: 0.1991623193025589.
LOCAL_RANK: 0 - CUDA_VISIBLE_DEVICES: [0]
[I 2023-12-16 01:29:55,624] Trial 29 finished with value: 0.9077610969543457 and parameters: {'gradient_clip_val': 0.339776090130924, 'hidden_size': 55, 'dropout': 0.26309376130606116, 'hidden_continuous_size': 24, 'attention_head_size': 3, 'learning_rate': 0.001316516219200148}. Best is trial 5 with value: 0.1991623193025589.
LOCAL_RANK: 0 - CUDA_VISIBLE_DEVICES: [0]
[I 2023-12-16 01:30:47,874] Trial 30 finished with value: 2.594271421432495 and parameters: {'gradient_clip_val': 0.21176584902398973, 'hidden_size': 42, 'dropout': 0.30225739224775766, 'hidden_continuous_size': 17, 'attention_head_size': 1, 'learning_rate': 0.006987427028599237}. Best is trial 5 with value: 0.1991623193025589.
LOCAL_RANK: 0 - CUDA_VISIBLE_DEVICES: [0]
[I 2023-12-16 01:31:40,283] Trial 31 finished with value: 2.2069337368011475 and parameters: {'gradient_clip_val': 0.4605979618530745, 'hidden_size': 72, 'dropout': 0.30693093811923, 'hidden_continuous_size': 29, 'attention_head_size': 1, 'learning_rate': 0.0029574594033872966}. Best is trial 5 with value: 0.1991623193025589.
LOCAL_RANK: 0 - CUDA_VISIBLE_DEVICES: [0]
[I 2023-12-16 01:32:33,368] Trial 32 finished with value: 1.791980266571045 and parameters: {'gradient_clip_val': 0.4167650775053526, 'hidden_size': 61, 'dropout': 0.25154059393489947, 'hidden_continuous_size': 27, 'attention_head_size': 1, 'learning_rate': 0.0017353117500514413}. Best is trial 5 with value: 0.1991623193025589.
LOCAL_RANK: 0 - CUDA_VISIBLE_DEVICES: [0]
