[I 2023-12-16 04:35:52,313] Trial 25 finished with value: 1803.5689697265625 and parameters: {'gradient_clip_val': 0.24260697946710885, 'hidden_size': 15, 'dropout': 0.23403422997638443, 'hidden_continuous_size': 7, 'attention_head_size': 4, 'learning_rate': 0.0014868913155319677}. Best is trial 24 with value: 1495.2568359375.
LOCAL_RANK: 0 - CUDA_VISIBLE_DEVICES: [0]
[I 2023-12-16 04:36:39,667] Trial 26 finished with value: 2626.652099609375 and parameters: {'gradient_clip_val': 0.22141143449580794, 'hidden_size': 11, 'dropout': 0.19214573107643806, 'hidden_continuous_size': 6, 'attention_head_size': 4, 'learning_rate': 0.0007797139852362225}. Best is trial 24 with value: 1495.2568359375.
LOCAL_RANK: 0 - CUDA_VISIBLE_DEVICES: [0]
[I 2023-12-16 04:37:26,395] Trial 27 finished with value: 3871.7607421875 and parameters: {'gradient_clip_val': 0.2094739488683191, 'hidden_size': 9, 'dropout': 0.24224095471215484, 'hidden_continuous_size': 7, 'attention_head_size': 3, 'learning_rate': 0.001587361687721587}. Best is trial 24 with value: 1495.2568359375.
LOCAL_RANK: 0 - CUDA_VISIBLE_DEVICES: [0]
[I 2023-12-16 04:38:15,095] Trial 28 finished with value: 1101.3941650390625 and parameters: {'gradient_clip_val': 0.28681501800847176, 'hidden_size': 19, 'dropout': 0.19878980920121042, 'hidden_continuous_size': 8, 'attention_head_size': 4, 'learning_rate': 0.0010349166143748475}. Best is trial 28 with value: 1101.3941650390625.
LOCAL_RANK: 0 - CUDA_VISIBLE_DEVICES: [0]
[I 2023-12-16 04:39:03,013] Trial 29 finished with value: 2996.174560546875 and parameters: {'gradient_clip_val': 0.18623706343306046, 'hidden_size': 17, 'dropout': 0.1543370707993944, 'hidden_continuous_size': 8, 'attention_head_size': 4, 'learning_rate': 0.0012846499096675337}. Best is trial 28 with value: 1101.3941650390625.
LOCAL_RANK: 0 - CUDA_VISIBLE_DEVICES: [0]
[I 2023-12-16 04:39:50,921] Trial 30 finished with value: 4455.189453125 and parameters: {'gradient_clip_val': 0.2782238614075557, 'hidden_size': 14, 'dropout': 0.18625525200042273, 'hidden_continuous_size': 7, 'attention_head_size': 4, 'learning_rate': 0.002202732141394982}. Best is trial 28 with value: 1101.3941650390625.
LOCAL_RANK: 0 - CUDA_VISIBLE_DEVICES: [0]
[I 2023-12-16 04:40:41,033] Trial 31 finished with value: 3232.0751953125 and parameters: {'gradient_clip_val': 0.3912482330713196, 'hidden_size': 26, 'dropout': 0.2069467189867214, 'hidden_continuous_size': 8, 'attention_head_size': 4, 'learning_rate': 0.0007460396126157549}. Best is trial 28 with value: 1101.3941650390625.
LOCAL_RANK: 0 - CUDA_VISIBLE_DEVICES: [0]
[I 2023-12-16 04:41:30,044] Trial 32 finished with value: 3137.237060546875 and parameters: {'gradient_clip_val': 0.30433862378961735, 'hidden_size': 20, 'dropout': 0.22978664656467937, 'hidden_continuous_size': 9, 'attention_head_size': 4, 'learning_rate': 0.0009888148796519905}. Best is trial 28 with value: 1101.3941650390625.
LOCAL_RANK: 0 - CUDA_VISIBLE_DEVICES: [0]
[I 2023-12-16 04:42:20,043] Trial 33 finished with value: 5609.81103515625 and parameters: {'gradient_clip_val': 0.24261635319921904, 'hidden_size': 27, 'dropout': 0.2550173676913926, 'hidden_continuous_size': 6, 'attention_head_size': 4, 'learning_rate': 0.00051279180177177}. Best is trial 28 with value: 1101.3941650390625.
LOCAL_RANK: 0 - CUDA_VISIBLE_DEVICES: [0]
[I 2023-12-16 04:43:09,307] Trial 34 finished with value: 1926.1083984375 and parameters: {'gradient_clip_val': 0.16609016210626457, 'hidden_size': 19, 'dropout': 0.21915055737986078, 'hidden_continuous_size': 7, 'attention_head_size': 3, 'learning_rate': 0.000801177366822671}. Best is trial 28 with value: 1101.3941650390625.
LOCAL_RANK: 0 - CUDA_VISIBLE_DEVICES: [0]
[I 2023-12-16 04:43:59,385] Trial 35 finished with value: 1338.8548583984375 and parameters: {'gradient_clip_val': 0.3024424774313046, 'hidden_size': 26, 'dropout': 0.23720349139217983, 'hidden_continuous_size': 8, 'attention_head_size': 4, 'learning_rate': 0.0017347284295945418}. Best is trial 28 with value: 1101.3941650390625.
LOCAL_RANK: 0 - CUDA_VISIBLE_DEVICES: [0]
[I 2023-12-16 04:44:48,307] Trial 36 finished with value: 2758.21875 and parameters: {'gradient_clip_val': 0.31523521982796976, 'hidden_size': 22, 'dropout': 0.19865213005996155, 'hidden_continuous_size': 8, 'attention_head_size': 1, 'learning_rate': 0.0018179262357255952}. Best is trial 28 with value: 1101.3941650390625.
LOCAL_RANK: 0 - CUDA_VISIBLE_DEVICES: [0]
[I 2023-12-16 04:45:35,428] Trial 37 finished with value: 2706.566162109375 and parameters: {'gradient_clip_val': 0.2663862711226485, 'hidden_size': 13, 'dropout': 0.25923997320884634, 'hidden_continuous_size': 7, 'attention_head_size': 4, 'learning_rate': 0.0011711790341868216}. Best is trial 28 with value: 1101.3941650390625.
LOCAL_RANK: 0 - CUDA_VISIBLE_DEVICES: [0]
[I 2023-12-16 04:46:23,056] Trial 38 finished with value: 1889.8326416015625 and parameters: {'gradient_clip_val': 0.33567177477532334, 'hidden_size': 17, 'dropout': 0.24062125608626325, 'hidden_continuous_size': 6, 'attention_head_size': 4, 'learning_rate': 0.004413609830968713}. Best is trial 28 with value: 1101.3941650390625.
LOCAL_RANK: 0 - CUDA_VISIBLE_DEVICES: [0]
[I 2023-12-16 04:47:09,452] Trial 39 finished with value: 582.29833984375 and parameters: {'gradient_clip_val': 0.38242939824349476, 'hidden_size': 9, 'dropout': 0.217768530386642, 'hidden_continuous_size': 5, 'attention_head_size': 3, 'learning_rate': 0.0037990311370498216}. Best is trial 39 with value: 582.29833984375.
LOCAL_RANK: 0 - CUDA_VISIBLE_DEVICES: [0]
[I 2023-12-16 04:47:56,068] Trial 40 finished with value: 4521.07080078125 and parameters: {'gradient_clip_val': 0.40921827644258274, 'hidden_size': 9, 'dropout': 0.1367228751921792, 'hidden_continuous_size': 5, 'attention_head_size': 2, 'learning_rate': 0.003508633828795926}. Best is trial 39 with value: 582.29833984375.
LOCAL_RANK: 0 - CUDA_VISIBLE_DEVICES: [0]
[I 2023-12-16 04:48:42,209] Trial 41 finished with value: 5222.939453125 and parameters: {'gradient_clip_val': 0.2903801493458624, 'hidden_size': 9, 'dropout': 0.2211397091275307, 'hidden_continuous_size': 5, 'attention_head_size': 4, 'learning_rate': 0.0019720601671635077}. Best is trial 39 with value: 582.29833984375.
LOCAL_RANK: 0 - CUDA_VISIBLE_DEVICES: [0]
[I 2023-12-16 04:49:27,522] Trial 42 finished with value: 4148.17529296875 and parameters: {'gradient_clip_val': 0.3752183495753643, 'hidden_size': 12, 'dropout': 0.1977305063689925, 'hidden_continuous_size': 6, 'attention_head_size': 3, 'learning_rate': 0.0025783962855814597}. Best is trial 39 with value: 582.29833984375.
LOCAL_RANK: 0 - CUDA_VISIBLE_DEVICES: [0]
[I 2023-12-16 04:50:16,787] Trial 43 finished with value: 1486.5172119140625 and parameters: {'gradient_clip_val': 0.32721298160111373, 'hidden_size': 25, 'dropout': 0.2670844320042442, 'hidden_continuous_size': 5, 'attention_head_size': 3, 'learning_rate': 0.003763118891228443}. Best is trial 39 with value: 582.29833984375.
LOCAL_RANK: 0 - CUDA_VISIBLE_DEVICES: [0]
[I 2023-12-16 04:51:06,282] Trial 44 finished with value: 3561.937744140625 and parameters: {'gradient_clip_val': 0.4378445867127574, 'hidden_size': 27, 'dropout': 0.21656422616508664, 'hidden_continuous_size': 5, 'attention_head_size': 3, 'learning_rate': 0.0035926565605145606}. Best is trial 39 with value: 582.29833984375.
LOCAL_RANK: 0 - CUDA_VISIBLE_DEVICES: [0]
[I 2023-12-16 04:51:55,675] Trial 45 finished with value: 1229.6707763671875 and parameters: {'gradient_clip_val': 0.3398575354925256, 'hidden_size': 31, 'dropout': 0.27271539714529247, 'hidden_continuous_size': 5, 'attention_head_size': 3, 'learning_rate': 0.006444697788205187}. Best is trial 39 with value: 582.29833984375.
LOCAL_RANK: 0 - CUDA_VISIBLE_DEVICES: [0]
[I 2023-12-16 04:52:44,875] Trial 46 finished with value: 4167.78955078125 and parameters: {'gradient_clip_val': 0.34794469816299034, 'hidden_size': 31, 'dropout': 0.26448484918269566, 'hidden_continuous_size': 5, 'attention_head_size': 3, 'learning_rate': 0.0065161723582651465}. Best is trial 39 with value: 582.29833984375.
LOCAL_RANK: 0 - CUDA_VISIBLE_DEVICES: [0]
[I 2023-12-16 04:53:34,885] Trial 47 finished with value: 5221.28955078125 and parameters: {'gradient_clip_val': 0.32339718250256067, 'hidden_size': 35, 'dropout': 0.29991121574263674, 'hidden_continuous_size': 5, 'attention_head_size': 3, 'learning_rate': 0.004885293124423042}. Best is trial 39 with value: 582.29833984375.
LOCAL_RANK: 0 - CUDA_VISIBLE_DEVICES: [0]
[I 2023-12-16 04:54:24,098] Trial 48 finished with value: 1724.876953125 and parameters: {'gradient_clip_val': 0.37299416210159797, 'hidden_size': 40, 'dropout': 0.20851761100959462, 'hidden_continuous_size': 6, 'attention_head_size': 2, 'learning_rate': 0.006041532334104636}. Best is trial 39 with value: 582.29833984375.
LOCAL_RANK: 0 - CUDA_VISIBLE_DEVICES: [0]
[I 2023-12-16 04:55:12,273] Trial 49 finished with value: 4088.210205078125 and parameters: {'gradient_clip_val': 0.45774086840841943, 'hidden_size': 24, 'dropout': 0.26700495786174683, 'hidden_continuous_size': 5, 'attention_head_size': 3, 'learning_rate': 0.003733071293856839}. Best is trial 39 with value: 582.29833984375.
[I 2023-12-16 04:55:12,367] A new study created in memory with name: no-name-695613d5-b4b4-450d-8d2c-7aeea5d92848
/home/le004/conda/anaconda3/envs/tsff_env/lib/python3.9/site-packages/lightning/fabric/plugins/environments/slurm.py:191: The `srun` command is available on your system but is not used. HINT: If your intention is to run Lightning on SLURM, prepend your python command with `srun` like so: srun python /home/le004/master_thesis/git/TSFusionForecast/code/ ...
LOCAL_RANK: 0 - CUDA_VISIBLE_DEVICES: [0]
[I 2023-12-16 04:56:06,032] Trial 0 finished with value: 29.591384887695312 and parameters: {'gradient_clip_val': 0.394678771255383, 'hidden_size': 56, 'dropout': 0.23910944545053311, 'hidden_continuous_size': 47, 'attention_head_size': 3, 'learning_rate': 0.0734349819610249}. Best is trial 0 with value: 29.591384887695312.
LOCAL_RANK: 0 - CUDA_VISIBLE_DEVICES: [0]
[I 2023-12-16 04:56:59,623] Trial 1 finished with value: 30.416513442993164 and parameters: {'gradient_clip_val': 0.29963334807605385, 'hidden_size': 87, 'dropout': 0.10127369669867277, 'hidden_continuous_size': 6, 'attention_head_size': 3, 'learning_rate': 0.013400253431603025}. Best is trial 0 with value: 29.591384887695312.
LOCAL_RANK: 0 - CUDA_VISIBLE_DEVICES: [0]
[I 2023-12-16 04:57:45,300] Trial 2 finished with value: 81.88176727294922 and parameters: {'gradient_clip_val': 0.5208049713702269, 'hidden_size': 8, 'dropout': 0.27530676775665686, 'hidden_continuous_size': 7, 'attention_head_size': 3, 'learning_rate': 0.08182028868263522}. Best is trial 0 with value: 29.591384887695312.
LOCAL_RANK: 0 - CUDA_VISIBLE_DEVICES: [0]
[I 2023-12-16 04:58:32,899] Trial 3 finished with value: 19.20931625366211 and parameters: {'gradient_clip_val': 0.6362494059670143, 'hidden_size': 19, 'dropout': 0.3830649427196572, 'hidden_continuous_size': 7, 'attention_head_size': 2, 'learning_rate': 0.027289580941622045}. Best is trial 3 with value: 19.20931625366211.
LOCAL_RANK: 0 - CUDA_VISIBLE_DEVICES: [0]
[I 2023-12-16 04:59:22,601] Trial 4 finished with value: 48.56369400024414 and parameters: {'gradient_clip_val': 0.8934920808830615, 'hidden_size': 35, 'dropout': 0.29519843787790867, 'hidden_continuous_size': 5, 'attention_head_size': 2, 'learning_rate': 0.005946910993228682}. Best is trial 3 with value: 19.20931625366211.
LOCAL_RANK: 0 - CUDA_VISIBLE_DEVICES: [0]
[I 2023-12-16 05:00:15,140] Trial 5 finished with value: 29.4424991607666 and parameters: {'gradient_clip_val': 0.1404065112928556, 'hidden_size': 60, 'dropout': 0.3329872246379438, 'hidden_continuous_size': 29, 'attention_head_size': 1, 'learning_rate': 0.002023601944883498}. Best is trial 3 with value: 19.20931625366211.
LOCAL_RANK: 0 - CUDA_VISIBLE_DEVICES: [0]
[I 2023-12-16 05:01:10,201] Trial 6 finished with value: 30.335844039916992 and parameters: {'gradient_clip_val': 0.21102368160237556, 'hidden_size': 75, 'dropout': 0.20872095677161598, 'hidden_continuous_size': 34, 'attention_head_size': 2, 'learning_rate': 0.0529584007338276}. Best is trial 3 with value: 19.20931625366211.
LOCAL_RANK: 0 - CUDA_VISIBLE_DEVICES: [0]
[I 2023-12-16 05:02:00,724] Trial 7 finished with value: 49.187225341796875 and parameters: {'gradient_clip_val': 0.4415224238329748, 'hidden_size': 19, 'dropout': 0.34959787450665253, 'hidden_continuous_size': 14, 'attention_head_size': 3, 'learning_rate': 0.0496571420523091}. Best is trial 3 with value: 19.20931625366211.
LOCAL_RANK: 0 - CUDA_VISIBLE_DEVICES: [0]
[I 2023-12-16 05:02:47,211] Trial 8 finished with value: 46.43121337890625 and parameters: {'gradient_clip_val': 0.10586179546643087, 'hidden_size': 7, 'dropout': 0.2499984832725091, 'hidden_continuous_size': 6, 'attention_head_size': 3, 'learning_rate': 0.0025356126811584404}. Best is trial 3 with value: 19.20931625366211.
LOCAL_RANK: 0 - CUDA_VISIBLE_DEVICES: [0]
[I 2023-12-16 05:03:35,125] Trial 9 finished with value: 47.41361999511719 and parameters: {'gradient_clip_val': 0.12377714207654529, 'hidden_size': 13, 'dropout': 0.13239475031276282, 'hidden_continuous_size': 11, 'attention_head_size': 4, 'learning_rate': 0.017744539549004443}. Best is trial 3 with value: 19.20931625366211.
LOCAL_RANK: 0 - CUDA_VISIBLE_DEVICES: [0]
[I 2023-12-16 05:04:11,093] Trial 10 finished with value: 66.38111114501953 and parameters: {'gradient_clip_val': 0.9895250500130229, 'hidden_size': 5, 'dropout': 0.39291909666385494, 'hidden_continuous_size': 5, 'attention_head_size': 1, 'learning_rate': 0.0007453846540503793}. Best is trial 3 with value: 19.20931625366211.
LOCAL_RANK: 0 - CUDA_VISIBLE_DEVICES: [0]
[I 2023-12-16 05:05:01,483] Trial 11 finished with value: 48.685543060302734 and parameters: {'gradient_clip_val': 0.19738750310285677, 'hidden_size': 31, 'dropout': 0.39756580162181127, 'hidden_continuous_size': 18, 'attention_head_size': 1, 'learning_rate': 0.001923348351414054}. Best is trial 3 with value: 19.20931625366211.
LOCAL_RANK: 0 - CUDA_VISIBLE_DEVICES: [0]
[I 2023-12-16 05:05:53,169] Trial 12 finished with value: 15.450718879699707 and parameters: {'gradient_clip_val': 0.6493059215006043, 'hidden_size': 42, 'dropout': 0.33681782440674096, 'hidden_continuous_size': 9, 'attention_head_size': 1, 'learning_rate': 0.022042435370105314}. Best is trial 12 with value: 15.450718879699707.
LOCAL_RANK: 0 - CUDA_VISIBLE_DEVICES: [0]
[I 2023-12-16 05:06:42,783] Trial 13 finished with value: 23.215118408203125 and parameters: {'gradient_clip_val': 0.6238627779443785, 'hidden_size': 27, 'dropout': 0.3456825295622462, 'hidden_continuous_size': 8, 'attention_head_size': 2, 'learning_rate': 0.022060980562213988}. Best is trial 12 with value: 15.450718879699707.
LOCAL_RANK: 0 - CUDA_VISIBLE_DEVICES: [0]
[I 2023-12-16 05:07:29,934] Trial 14 finished with value: 47.995296478271484 and parameters: {'gradient_clip_val': 0.6815849732777357, 'hidden_size': 17, 'dropout': 0.31144141130910075, 'hidden_continuous_size': 9, 'attention_head_size': 1, 'learning_rate': 0.031877943086825636}. Best is trial 12 with value: 15.450718879699707.
LOCAL_RANK: 0 - CUDA_VISIBLE_DEVICES: [0]
[I 2023-12-16 05:08:22,336] Trial 15 finished with value: 42.34408187866211 and parameters: {'gradient_clip_val': 0.7169250088733216, 'hidden_size': 52, 'dropout': 0.36652978513214685, 'hidden_continuous_size': 10, 'attention_head_size': 2, 'learning_rate': 0.011073763871531063}. Best is trial 12 with value: 15.450718879699707.
LOCAL_RANK: 0 - CUDA_VISIBLE_DEVICES: [0]
[I 2023-12-16 05:09:12,210] Trial 16 finished with value: 49.00494384765625 and parameters: {'gradient_clip_val': 0.5321189369821324, 'hidden_size': 37, 'dropout': 0.37322256540168025, 'hidden_continuous_size': 8, 'attention_head_size': 1, 'learning_rate': 0.030121483819367512}. Best is trial 12 with value: 15.450718879699707.
LOCAL_RANK: 0 - CUDA_VISIBLE_DEVICES: [0]
[I 2023-12-16 05:10:10,265] Trial 17 finished with value: 22.622159957885742 and parameters: {'gradient_clip_val': 0.8165289017776646, 'hidden_size': 100, 'dropout': 0.3241226398922662, 'hidden_continuous_size': 93, 'attention_head_size': 2, 'learning_rate': 0.010510770982696538}. Best is trial 12 with value: 15.450718879699707.
LOCAL_RANK: 0 - CUDA_VISIBLE_DEVICES: [0]
[I 2023-12-16 05:10:58,951] Trial 18 finished with value: 36.76430892944336 and parameters: {'gradient_clip_val': 0.6325702610123843, 'hidden_size': 24, 'dropout': 0.36816108782910867, 'hidden_continuous_size': 7, 'attention_head_size': 4, 'learning_rate': 0.027305667014737817}. Best is trial 12 with value: 15.450718879699707.
LOCAL_RANK: 0 - CUDA_VISIBLE_DEVICES: [0]
[I 2023-12-16 05:11:45,312] Trial 19 finished with value: 56.87939453125 and parameters: {'gradient_clip_val': 0.36049918121544516, 'hidden_size': 14, 'dropout': 0.39636171962111216, 'hidden_continuous_size': 6, 'attention_head_size': 1, 'learning_rate': 0.0069797119463280086}. Best is trial 12 with value: 15.450718879699707.
LOCAL_RANK: 0 - CUDA_VISIBLE_DEVICES: [0]
[I 2023-12-16 05:12:36,679] Trial 20 finished with value: 43.562137603759766 and parameters: {'gradient_clip_val': 0.7982184172704836, 'hidden_size': 39, 'dropout': 0.3073227200190397, 'hidden_continuous_size': 11, 'attention_head_size': 2, 'learning_rate': 0.09140965185716439}. Best is trial 12 with value: 15.450718879699707.
LOCAL_RANK: 0 - CUDA_VISIBLE_DEVICES: [0]
[I 2023-12-16 05:13:33,229] Trial 21 finished with value: 23.331369400024414 and parameters: {'gradient_clip_val': 0.816107318356656, 'hidden_size': 77, 'dropout': 0.3312095293185676, 'hidden_continuous_size': 69, 'attention_head_size': 2, 'learning_rate': 0.010851321310255136}. Best is trial 12 with value: 15.450718879699707.
LOCAL_RANK: 0 - CUDA_VISIBLE_DEVICES: [0]
[I 2023-12-16 05:14:27,410] Trial 22 finished with value: 27.429224014282227 and parameters: {'gradient_clip_val': 0.9854765494092775, 'hidden_size': 96, 'dropout': 0.32763694559652057, 'hidden_continuous_size': 16, 'attention_head_size': 2, 'learning_rate': 0.019951274107543982}. Best is trial 12 with value: 15.450718879699707.
LOCAL_RANK: 0 - CUDA_VISIBLE_DEVICES: [0]
[I 2023-12-16 05:15:20,344] Trial 23 finished with value: 51.6497802734375 and parameters: {'gradient_clip_val': 0.5431953615847432, 'hidden_size': 47, 'dropout': 0.35905201833074224, 'hidden_continuous_size': 13, 'attention_head_size': 2, 'learning_rate': 0.04081185127949358}. Best is trial 12 with value: 15.450718879699707.
LOCAL_RANK: 0 - CUDA_VISIBLE_DEVICES: [0]
[I 2023-12-16 05:16:13,862] Trial 24 finished with value: 30.594606399536133 and parameters: {'gradient_clip_val': 0.7634437191494503, 'hidden_size': 67, 'dropout': 0.29327984483039354, 'hidden_continuous_size': 21, 'attention_head_size': 1, 'learning_rate': 0.01535382207006185}. Best is trial 12 with value: 15.450718879699707.
LOCAL_RANK: 0 - CUDA_VISIBLE_DEVICES: [0]
[I 2023-12-16 05:17:12,119] Trial 25 finished with value: 19.815410614013672 and parameters: {'gradient_clip_val': 0.6381508254135371, 'hidden_size': 98, 'dropout': 0.3276442002466216, 'hidden_continuous_size': 81, 'attention_head_size': 2, 'learning_rate': 0.00895962146772568}. Best is trial 12 with value: 15.450718879699707.
LOCAL_RANK: 0 - CUDA_VISIBLE_DEVICES: [0]
[I 2023-12-16 05:18:03,833] Trial 26 finished with value: 32.89349365234375 and parameters: {'gradient_clip_val': 0.47050743164693865, 'hidden_size': 48, 'dropout': 0.375742629350147, 'hidden_continuous_size': 12, 'attention_head_size': 1, 'learning_rate': 0.0385252427822156}. Best is trial 12 with value: 15.450718879699707.
LOCAL_RANK: 0 - CUDA_VISIBLE_DEVICES: [0]
[I 2023-12-16 05:18:52,178] Trial 27 finished with value: 25.976694107055664 and parameters: {'gradient_clip_val': 0.6014891150408502, 'hidden_size': 24, 'dropout': 0.3459318948409451, 'hidden_continuous_size': 10, 'attention_head_size': 2, 'learning_rate': 0.023459636696633125}. Best is trial 12 with value: 15.450718879699707.
LOCAL_RANK: 0 - CUDA_VISIBLE_DEVICES: [0]
[I 2023-12-16 05:19:46,115] Trial 28 finished with value: 26.0222225189209 and parameters: {'gradient_clip_val': 0.6726537488472226, 'hidden_size': 65, 'dropout': 0.27522016882509276, 'hidden_continuous_size': 20, 'attention_head_size': 3, 'learning_rate': 0.005642947257581751}. Best is trial 12 with value: 15.450718879699707.
LOCAL_RANK: 0 - CUDA_VISIBLE_DEVICES: [0]
[I 2023-12-16 05:20:40,085] Trial 29 finished with value: 27.925867080688477 and parameters: {'gradient_clip_val': 0.3888249451361267, 'hidden_size': 46, 'dropout': 0.37732731820998205, 'hidden_continuous_size': 16, 'attention_head_size': 4, 'learning_rate': 0.05665738174734451}. Best is trial 12 with value: 15.450718879699707.
LOCAL_RANK: 0 - CUDA_VISIBLE_DEVICES: [0]
[I 2023-12-16 05:21:33,260] Trial 30 finished with value: 24.171594619750977 and parameters: {'gradient_clip_val': 0.45944746103586337, 'hidden_size': 60, 'dropout': 0.35058325426268133, 'hidden_continuous_size': 24, 'attention_head_size': 1, 'learning_rate': 0.06359927100598733}. Best is trial 12 with value: 15.450718879699707.
LOCAL_RANK: 0 - CUDA_VISIBLE_DEVICES: [0]
[I 2023-12-16 05:22:30,197] Trial 31 finished with value: 24.550247192382812 and parameters: {'gradient_clip_val': 0.8343433505639656, 'hidden_size': 84, 'dropout': 0.3222389550991099, 'hidden_continuous_size': 82, 'attention_head_size': 2, 'learning_rate': 0.009177786265506572}. Best is trial 12 with value: 15.450718879699707.
LOCAL_RANK: 0 - CUDA_VISIBLE_DEVICES: [0]
[I 2023-12-16 05:23:28,607] Trial 32 finished with value: 46.58518600463867 and parameters: {'gradient_clip_val': 0.7390264334013988, 'hidden_size': 95, 'dropout': 0.3393556772661169, 'hidden_continuous_size': 94, 'attention_head_size': 2, 'learning_rate': 0.014474418089493811}. Best is trial 12 with value: 15.450718879699707.
LOCAL_RANK: 0 - CUDA_VISIBLE_DEVICES: [0]
