[rank: 0] Seed set to 42
[I 2023-12-15 10:45:09,112] A new study created in memory with name: no-name-95a8b186-296b-43ca-9ce9-b8c99f2d25b5
/home/le004/conda/anaconda3/envs/tsff_env/lib/python3.9/site-packages/lightning/fabric/plugins/environments/slurm.py:191: The `srun` command is available on your system but is not used. HINT: If your intention is to run Lightning on SLURM, prepend your python command with `srun` like so: srun python /home/le004/master_thesis/git/TSFusionForecast/code/ ...
LOCAL_RANK: 0 - CUDA_VISIBLE_DEVICES: [0]
[I 2023-12-15 10:45:43,953] Trial 0 finished with value: 37.568912506103516 and parameters: {'gradient_clip_val': 0.32148121076579134, 'hidden_size': 9, 'dropout': 0.35390033017780054, 'hidden_continuous_size': 9, 'attention_head_size': 2, 'learning_rate': 0.04535420685680002}. Best is trial 0 with value: 37.568912506103516.
LOCAL_RANK: 0 - CUDA_VISIBLE_DEVICES: [0]
[I 2023-12-15 10:46:36,724] Trial 1 finished with value: 23.357934951782227 and parameters: {'gradient_clip_val': 0.47290318386073404, 'hidden_size': 54, 'dropout': 0.3131745595061301, 'hidden_continuous_size': 40, 'attention_head_size': 2, 'learning_rate': 0.0008123098437886196}. Best is trial 1 with value: 23.357934951782227.
LOCAL_RANK: 0 - CUDA_VISIBLE_DEVICES: [0]
[I 2023-12-15 10:47:20,956] Trial 2 finished with value: 58.170536041259766 and parameters: {'gradient_clip_val': 0.1811243302188284, 'hidden_size': 11, 'dropout': 0.1868302652740056, 'hidden_continuous_size': 5, 'attention_head_size': 1, 'learning_rate': 0.0005350069881868867}. Best is trial 1 with value: 23.357934951782227.
LOCAL_RANK: 0 - CUDA_VISIBLE_DEVICES: [0]
[I 2023-12-15 10:48:10,192] Trial 3 finished with value: 33.59356689453125 and parameters: {'gradient_clip_val': 0.815689953784761, 'hidden_size': 29, 'dropout': 0.18334500837441925, 'hidden_continuous_size': 18, 'attention_head_size': 3, 'learning_rate': 0.0006044134962071647}. Best is trial 1 with value: 23.357934951782227.
LOCAL_RANK: 0 - CUDA_VISIBLE_DEVICES: [0]
[I 2023-12-15 10:48:58,278] Trial 4 finished with value: 20.077064514160156 and parameters: {'gradient_clip_val': 0.9073117269264185, 'hidden_size': 21, 'dropout': 0.11067486181434538, 'hidden_continuous_size': 7, 'attention_head_size': 4, 'learning_rate': 0.08109065686600726}. Best is trial 4 with value: 20.077064514160156.
LOCAL_RANK: 0 - CUDA_VISIBLE_DEVICES: [0]
[I 2023-12-15 10:49:45,835] Trial 5 finished with value: 66.58295440673828 and parameters: {'gradient_clip_val': 0.3438054446588056, 'hidden_size': 27, 'dropout': 0.34751687551579313, 'hidden_continuous_size': 5, 'attention_head_size': 1, 'learning_rate': 0.06507049666567637}. Best is trial 4 with value: 20.077064514160156.
LOCAL_RANK: 0 - CUDA_VISIBLE_DEVICES: [0]
[I 2023-12-15 10:50:39,929] Trial 6 finished with value: 22.537322998046875 and parameters: {'gradient_clip_val': 0.15015887495993388, 'hidden_size': 75, 'dropout': 0.11498847072820616, 'hidden_continuous_size': 32, 'attention_head_size': 3, 'learning_rate': 0.007172995561488737}. Best is trial 4 with value: 20.077064514160156.
LOCAL_RANK: 0 - CUDA_VISIBLE_DEVICES: [0]
[I 2023-12-15 10:51:13,491] Trial 7 finished with value: 57.8949089050293 and parameters: {'gradient_clip_val': 0.4180080934945633, 'hidden_size': 5, 'dropout': 0.23170306028243218, 'hidden_continuous_size': 5, 'attention_head_size': 1, 'learning_rate': 0.001668425173737629}. Best is trial 4 with value: 20.077064514160156.
LOCAL_RANK: 0 - CUDA_VISIBLE_DEVICES: [0]
[I 2023-12-15 10:52:04,863] Trial 8 finished with value: 44.47743225097656 and parameters: {'gradient_clip_val': 0.7569829641868722, 'hidden_size': 34, 'dropout': 0.3565492960530875, 'hidden_continuous_size': 17, 'attention_head_size': 3, 'learning_rate': 0.07693730309771146}. Best is trial 4 with value: 20.077064514160156.
LOCAL_RANK: 0 - CUDA_VISIBLE_DEVICES: [0]
[I 2023-12-15 10:52:52,351] Trial 9 finished with value: 59.692867279052734 and parameters: {'gradient_clip_val': 0.3648467838937421, 'hidden_size': 32, 'dropout': 0.1936669809736148, 'hidden_continuous_size': 12, 'attention_head_size': 1, 'learning_rate': 0.01933395036749399}. Best is trial 4 with value: 20.077064514160156.
LOCAL_RANK: 0 - CUDA_VISIBLE_DEVICES: [0]
[I 2023-12-15 10:53:38,550] Trial 10 finished with value: 37.925785064697266 and parameters: {'gradient_clip_val': 0.9868706824969447, 'hidden_size': 15, 'dropout': 0.10969721908272961, 'hidden_continuous_size': 7, 'attention_head_size': 4, 'learning_rate': 0.021601388131478456}. Best is trial 4 with value: 20.077064514160156.
LOCAL_RANK: 0 - CUDA_VISIBLE_DEVICES: [0]
[I 2023-12-15 10:54:35,171] Trial 11 finished with value: 18.634923934936523 and parameters: {'gradient_clip_val': 0.1420309388879175, 'hidden_size': 99, 'dropout': 0.10563830424091424, 'hidden_continuous_size': 39, 'attention_head_size': 4, 'learning_rate': 0.005481698708908602}. Best is trial 11 with value: 18.634923934936523.
LOCAL_RANK: 0 - CUDA_VISIBLE_DEVICES: [0]
[I 2023-12-15 10:55:33,606] Trial 12 finished with value: 31.86618995666504 and parameters: {'gradient_clip_val': 0.1013226631850337, 'hidden_size': 95, 'dropout': 0.1054553770273895, 'hidden_continuous_size': 87, 'attention_head_size': 4, 'learning_rate': 0.004781634851795817}. Best is trial 11 with value: 18.634923934936523.
LOCAL_RANK: 0 - CUDA_VISIBLE_DEVICES: [0]
[I 2023-12-15 10:56:25,354] Trial 13 finished with value: 24.928085327148438 and parameters: {'gradient_clip_val': 0.2165064379347384, 'hidden_size': 48, 'dropout': 0.13944939160192626, 'hidden_continuous_size': 9, 'attention_head_size': 4, 'learning_rate': 0.006740934101336066}. Best is trial 11 with value: 18.634923934936523.
LOCAL_RANK: 0 - CUDA_VISIBLE_DEVICES: [0]
[I 2023-12-15 10:57:12,446] Trial 14 finished with value: 75.29258728027344 and parameters: {'gradient_clip_val': 0.6054041470933156, 'hidden_size': 20, 'dropout': 0.1552391856391119, 'hidden_continuous_size': 7, 'attention_head_size': 4, 'learning_rate': 0.0991701503287419}. Best is trial 11 with value: 18.634923934936523.
LOCAL_RANK: 0 - CUDA_VISIBLE_DEVICES: [0]
[I 2023-12-15 10:58:07,038] Trial 15 finished with value: 58.52671432495117 and parameters: {'gradient_clip_val': 0.2434292885488081, 'hidden_size': 100, 'dropout': 0.14961777604653603, 'hidden_continuous_size': 28, 'attention_head_size': 3, 'learning_rate': 0.03122824268916568}. Best is trial 11 with value: 18.634923934936523.
LOCAL_RANK: 0 - CUDA_VISIBLE_DEVICES: [0]
[I 2023-12-15 10:59:00,711] Trial 16 finished with value: 32.402099609375 and parameters: {'gradient_clip_val': 0.5055975717258995, 'hidden_size': 54, 'dropout': 0.2593476438898734, 'hidden_continuous_size': 13, 'attention_head_size': 4, 'learning_rate': 0.01376570853821174}. Best is trial 11 with value: 18.634923934936523.
LOCAL_RANK: 0 - CUDA_VISIBLE_DEVICES: [0]
[I 2023-12-15 10:59:52,680] Trial 17 finished with value: 30.068357467651367 and parameters: {'gradient_clip_val': 0.6738376183445804, 'hidden_size': 44, 'dropout': 0.10400918745087892, 'hidden_continuous_size': 18, 'attention_head_size': 4, 'learning_rate': 0.04109816531384868}. Best is trial 11 with value: 18.634923934936523.
LOCAL_RANK: 0 - CUDA_VISIBLE_DEVICES: [0]
[I 2023-12-15 11:00:38,147] Trial 18 finished with value: 20.260732650756836 and parameters: {'gradient_clip_val': 0.5644003996083874, 'hidden_size': 20, 'dropout': 0.13901530654810054, 'hidden_continuous_size': 6, 'attention_head_size': 2, 'learning_rate': 0.003176899273314809}. Best is trial 11 with value: 18.634923934936523.
LOCAL_RANK: 0 - CUDA_VISIBLE_DEVICES: [0]
[I 2023-12-15 11:01:32,512] Trial 19 finished with value: 32.981021881103516 and parameters: {'gradient_clip_val': 0.2624755863067458, 'hidden_size': 68, 'dropout': 0.3992048650659195, 'hidden_continuous_size': 47, 'attention_head_size': 3, 'learning_rate': 0.011692369318532184}. Best is trial 11 with value: 18.634923934936523.
LOCAL_RANK: 0 - CUDA_VISIBLE_DEVICES: [0]
[I 2023-12-15 11:02:21,206] Trial 20 finished with value: 31.54827308654785 and parameters: {'gradient_clip_val': 0.9985781897427344, 'hidden_size': 21, 'dropout': 0.21645085176469112, 'hidden_continuous_size': 8, 'attention_head_size': 4, 'learning_rate': 0.00232223411162983}. Best is trial 11 with value: 18.634923934936523.
LOCAL_RANK: 0 - CUDA_VISIBLE_DEVICES: [0]
[I 2023-12-15 11:03:07,466] Trial 21 finished with value: 62.04957962036133 and parameters: {'gradient_clip_val': 0.5753393403031407, 'hidden_size': 18, 'dropout': 0.13669075732366615, 'hidden_continuous_size': 6, 'attention_head_size': 2, 'learning_rate': 0.0037245560014732017}. Best is trial 11 with value: 18.634923934936523.
LOCAL_RANK: 0 - CUDA_VISIBLE_DEVICES: [0]
[I 2023-12-15 11:03:55,653] Trial 22 finished with value: 38.48435592651367 and parameters: {'gradient_clip_val': 0.42852845752783447, 'hidden_size': 26, 'dropout': 0.16187963954419748, 'hidden_continuous_size': 6, 'attention_head_size': 2, 'learning_rate': 0.009433476576216605}. Best is trial 11 with value: 18.634923934936523.
LOCAL_RANK: 0 - CUDA_VISIBLE_DEVICES: [0]
[I 2023-12-15 11:04:45,255] Trial 23 finished with value: 36.87898635864258 and parameters: {'gradient_clip_val': 0.5507642419746691, 'hidden_size': 40, 'dropout': 0.1299477523460216, 'hidden_continuous_size': 10, 'attention_head_size': 2, 'learning_rate': 0.003359015839849087}. Best is trial 11 with value: 18.634923934936523.
LOCAL_RANK: 0 - CUDA_VISIBLE_DEVICES: [0]
[I 2023-12-15 11:05:30,888] Trial 24 finished with value: 30.912553787231445 and parameters: {'gradient_clip_val': 0.7857142512503991, 'hidden_size': 15, 'dropout': 0.12527335480188478, 'hidden_continuous_size': 6, 'attention_head_size': 3, 'learning_rate': 0.007979766019340414}. Best is trial 11 with value: 18.634923934936523.
LOCAL_RANK: 0 - CUDA_VISIBLE_DEVICES: [0]
[I 2023-12-15 11:06:21,245] Trial 25 finished with value: 18.195924758911133 and parameters: {'gradient_clip_val': 0.6835468913108975, 'hidden_size': 38, 'dropout': 0.10252569658810767, 'hidden_continuous_size': 10, 'attention_head_size': 3, 'learning_rate': 0.005062903945876758}. Best is trial 25 with value: 18.195924758911133.
LOCAL_RANK: 0 - CUDA_VISIBLE_DEVICES: [0]
[I 2023-12-15 11:07:14,739] Trial 26 finished with value: 23.17293357849121 and parameters: {'gradient_clip_val': 0.6718551205532511, 'hidden_size': 67, 'dropout': 0.10047900117806392, 'hidden_continuous_size': 13, 'attention_head_size': 4, 'learning_rate': 0.005248596021547562}. Best is trial 25 with value: 18.195924758911133.
LOCAL_RANK: 0 - CUDA_VISIBLE_DEVICES: [0]
[I 2023-12-15 11:08:05,633] Trial 27 finished with value: 59.573307037353516 and parameters: {'gradient_clip_val': 0.28746940484301464, 'hidden_size': 38, 'dropout': 0.16381077352327966, 'hidden_continuous_size': 11, 'attention_head_size': 3, 'learning_rate': 0.015786167064626072}. Best is trial 25 with value: 18.195924758911133.
LOCAL_RANK: 0 - CUDA_VISIBLE_DEVICES: [0]
[I 2023-12-15 11:08:54,791] Trial 28 finished with value: 27.303049087524414 and parameters: {'gradient_clip_val': 0.8802936678973707, 'hidden_size': 26, 'dropout': 0.12398393929631812, 'hidden_continuous_size': 8, 'attention_head_size': 4, 'learning_rate': 0.022748878418048412}. Best is trial 25 with value: 18.195924758911133.
LOCAL_RANK: 0 - CUDA_VISIBLE_DEVICES: [0]
[I 2023-12-15 11:09:45,297] Trial 29 finished with value: 20.13319969177246 and parameters: {'gradient_clip_val': 0.31724713636019375, 'hidden_size': 38, 'dropout': 0.10052383999452578, 'hidden_continuous_size': 10, 'attention_head_size': 3, 'learning_rate': 0.011334398369382222}. Best is trial 25 with value: 18.195924758911133.
LOCAL_RANK: 0 - CUDA_VISIBLE_DEVICES: [0]
[I 2023-12-15 11:10:39,806] Trial 30 finished with value: 31.799306869506836 and parameters: {'gradient_clip_val': 0.6612438076050808, 'hidden_size': 82, 'dropout': 0.17141067100770718, 'hidden_continuous_size': 14, 'attention_head_size': 4, 'learning_rate': 0.03414663570351055}. Best is trial 25 with value: 18.195924758911133.
LOCAL_RANK: 0 - CUDA_VISIBLE_DEVICES: [0]
[I 2023-12-15 11:11:32,397] Trial 31 finished with value: 45.778289794921875 and parameters: {'gradient_clip_val': 0.3129852262894574, 'hidden_size': 58, 'dropout': 0.10166802096613024, 'hidden_continuous_size': 10, 'attention_head_size': 3, 'learning_rate': 0.010442305672004906}. Best is trial 25 with value: 18.195924758911133.
LOCAL_RANK: 0 - CUDA_VISIBLE_DEVICES: [0]
[I 2023-12-15 11:12:23,775] Trial 32 finished with value: 24.51930809020996 and parameters: {'gradient_clip_val': 0.3886065180493876, 'hidden_size': 44, 'dropout': 0.12580342852874649, 'hidden_continuous_size': 11, 'attention_head_size': 3, 'learning_rate': 0.013950021020144813}. Best is trial 25 with value: 18.195924758911133.
LOCAL_RANK: 0 - CUDA_VISIBLE_DEVICES: [0]
[I 2023-12-15 11:13:17,528] Trial 33 finished with value: 24.53011131286621 and parameters: {'gradient_clip_val': 0.46224323630181463, 'hidden_size': 61, 'dropout': 0.1491577672545534, 'hidden_continuous_size': 15, 'attention_head_size': 3, 'learning_rate': 0.04862139858889823}. Best is trial 25 with value: 18.195924758911133.
LOCAL_RANK: 0 - CUDA_VISIBLE_DEVICES: [0]
[I 2023-12-15 11:14:10,472] Trial 34 finished with value: 34.00545120239258 and parameters: {'gradient_clip_val': 0.3318692145554497, 'hidden_size': 51, 'dropout': 0.12020576038019604, 'hidden_continuous_size': 9, 'attention_head_size': 4, 'learning_rate': 0.0068389033529022624}. Best is trial 25 with value: 18.195924758911133.
LOCAL_RANK: 0 - CUDA_VISIBLE_DEVICES: [0]
[I 2023-12-15 11:14:59,871] Trial 35 finished with value: 51.862030029296875 and parameters: {'gradient_clip_val': 0.47358030013260805, 'hidden_size': 34, 'dropout': 0.10046159776487389, 'hidden_continuous_size': 8, 'attention_head_size': 3, 'learning_rate': 0.051711957408264585}. Best is trial 25 with value: 18.195924758911133.
LOCAL_RANK: 0 - CUDA_VISIBLE_DEVICES: [0]
[I 2023-12-15 11:15:54,141] Trial 36 finished with value: 37.08220291137695 and parameters: {'gradient_clip_val': 0.17500367693770383, 'hidden_size': 82, 'dropout': 0.14011294554639436, 'hidden_continuous_size': 16, 'attention_head_size': 3, 'learning_rate': 0.029981545609180454}. Best is trial 25 with value: 18.195924758911133.
LOCAL_RANK: 0 - CUDA_VISIBLE_DEVICES: [0]
[I 2023-12-15 11:16:42,313] Trial 37 finished with value: 39.138946533203125 and parameters: {'gradient_clip_val': 0.8730050926033259, 'hidden_size': 24, 'dropout': 0.118983471104365, 'hidden_continuous_size': 9, 'attention_head_size': 4, 'learning_rate': 0.0014572627950816632}. Best is trial 25 with value: 18.195924758911133.
LOCAL_RANK: 0 - CUDA_VISIBLE_DEVICES: [0]
[I 2023-12-15 11:17:31,248] Trial 38 finished with value: 61.42767333984375 and parameters: {'gradient_clip_val': 0.7262972600034181, 'hidden_size': 36, 'dropout': 0.1765983348877156, 'hidden_continuous_size': 10, 'attention_head_size': 2, 'learning_rate': 0.005151076715185082}. Best is trial 25 with value: 18.195924758911133.
LOCAL_RANK: 0 - CUDA_VISIBLE_DEVICES: [0]
[I 2023-12-15 11:18:20,541] Trial 39 finished with value: 27.844955444335938 and parameters: {'gradient_clip_val': 0.37649115070745154, 'hidden_size': 31, 'dropout': 0.11888290900090065, 'hidden_continuous_size': 12, 'attention_head_size': 3, 'learning_rate': 0.073586809357584}. Best is trial 25 with value: 18.195924758911133.
LOCAL_RANK: 0 - CUDA_VISIBLE_DEVICES: [0]
[I 2023-12-15 11:19:13,748] Trial 40 finished with value: 27.698915481567383 and parameters: {'gradient_clip_val': 0.8443672766594689, 'hidden_size': 41, 'dropout': 0.15014546817660002, 'hidden_continuous_size': 20, 'attention_head_size': 4, 'learning_rate': 0.008434760995934806}. Best is trial 25 with value: 18.195924758911133.
LOCAL_RANK: 0 - CUDA_VISIBLE_DEVICES: [0]
[I 2023-12-15 11:20:02,191] Trial 41 finished with value: 56.10418701171875 and parameters: {'gradient_clip_val': 0.5176024753934575, 'hidden_size': 30, 'dropout': 0.13581149191789887, 'hidden_continuous_size': 5, 'attention_head_size': 2, 'learning_rate': 0.0029107286557163606}. Best is trial 25 with value: 18.195924758911133.
LOCAL_RANK: 0 - CUDA_VISIBLE_DEVICES: [0]
[I 2023-12-15 11:20:48,619] Trial 42 finished with value: 22.58294105529785 and parameters: {'gradient_clip_val': 0.7306382177382659, 'hidden_size': 24, 'dropout': 0.11639371001726347, 'hidden_continuous_size': 7, 'attention_head_size': 1, 'learning_rate': 0.0042069497494104414}. Best is trial 25 with value: 18.195924758911133.
LOCAL_RANK: 0 - CUDA_VISIBLE_DEVICES: [0]
[I 2023-12-15 11:21:37,019] Trial 43 finished with value: 22.219743728637695 and parameters: {'gradient_clip_val': 0.6084615160541404, 'hidden_size': 30, 'dropout': 0.136408676526222, 'hidden_continuous_size': 6, 'attention_head_size': 2, 'learning_rate': 0.00586068958227083}. Best is trial 25 with value: 18.195924758911133.
LOCAL_RANK: 0 - CUDA_VISIBLE_DEVICES: [0]
[I 2023-12-15 11:22:27,285] Trial 44 finished with value: 15.473422050476074 and parameters: {'gradient_clip_val': 0.4171877428003423, 'hidden_size': 47, 'dropout': 0.11347064623544671, 'hidden_continuous_size': 5, 'attention_head_size': 2, 'learning_rate': 0.0025203115100719807}. Best is trial 44 with value: 15.473422050476074.
LOCAL_RANK: 0 - CUDA_VISIBLE_DEVICES: [0]
[I 2023-12-15 11:23:17,892] Trial 45 finished with value: 76.0118179321289 and parameters: {'gradient_clip_val': 0.41126560355333486, 'hidden_size': 59, 'dropout': 0.11573007850735895, 'hidden_continuous_size': 5, 'attention_head_size': 1, 'learning_rate': 0.006372956680411927}. Best is trial 44 with value: 15.473422050476074.
LOCAL_RANK: 0 - CUDA_VISIBLE_DEVICES: [0]
[I 2023-12-15 11:24:09,657] Trial 46 finished with value: 51.49418258666992 and parameters: {'gradient_clip_val': 0.309200085528503, 'hidden_size': 47, 'dropout': 0.10002147493657008, 'hidden_continuous_size': 7, 'attention_head_size': 3, 'learning_rate': 0.004378285958451929}. Best is trial 44 with value: 15.473422050476074.
LOCAL_RANK: 0 - CUDA_VISIBLE_DEVICES: [0]
[I 2023-12-15 11:25:01,833] Trial 47 finished with value: 28.063901901245117 and parameters: {'gradient_clip_val': 0.3636274673676885, 'hidden_size': 51, 'dropout': 0.1871800718094691, 'hidden_continuous_size': 8, 'attention_head_size': 2, 'learning_rate': 0.09848807616886625}. Best is trial 44 with value: 15.473422050476074.
LOCAL_RANK: 0 - CUDA_VISIBLE_DEVICES: [0]
[I 2023-12-15 11:25:52,485] Trial 48 finished with value: 15.037480354309082 and parameters: {'gradient_clip_val': 0.21270609564612583, 'hidden_size': 37, 'dropout': 0.11344466863370783, 'hidden_continuous_size': 11, 'attention_head_size': 3, 'learning_rate': 0.0025704065940937424}. Best is trial 48 with value: 15.037480354309082.
LOCAL_RANK: 0 - CUDA_VISIBLE_DEVICES: [0]
[I 2023-12-15 11:26:42,525] Trial 49 finished with value: 35.175968170166016 and parameters: {'gradient_clip_val': 0.2156092849678631, 'hidden_size': 34, 'dropout': 0.15058885077389123, 'hidden_continuous_size': 11, 'attention_head_size': 4, 'learning_rate': 0.002309483806207376}. Best is trial 48 with value: 15.037480354309082.
[I 2023-12-15 11:26:42,629] A new study created in memory with name: no-name-58701eaa-f470-46b3-853e-de3f77b231cd
/home/le004/conda/anaconda3/envs/tsff_env/lib/python3.9/site-packages/lightning/fabric/plugins/environments/slurm.py:191: The `srun` command is available on your system but is not used. HINT: If your intention is to run Lightning on SLURM, prepend your python command with `srun` like so: srun python /home/le004/master_thesis/git/TSFusionForecast/code/ ...
LOCAL_RANK: 0 - CUDA_VISIBLE_DEVICES: [0]
[I 2023-12-15 11:27:28,726] Trial 0 finished with value: 23.42413330078125 and parameters: {'gradient_clip_val': 0.15294526592409655, 'hidden_size': 16, 'dropout': 0.31531559111123686, 'hidden_continuous_size': 12, 'attention_head_size': 4, 'learning_rate': 0.011897045498217237}. Best is trial 0 with value: 23.42413330078125.
LOCAL_RANK: 0 - CUDA_VISIBLE_DEVICES: [0]
[I 2023-12-15 11:28:23,392] Trial 1 finished with value: 22.63440704345703 and parameters: {'gradient_clip_val': 0.396821943241015, 'hidden_size': 88, 'dropout': 0.19730880615832977, 'hidden_continuous_size': 46, 'attention_head_size': 2, 'learning_rate': 0.009497487805704}. Best is trial 1 with value: 22.63440704345703.
LOCAL_RANK: 0 - CUDA_VISIBLE_DEVICES: [0]
[I 2023-12-15 11:29:17,111] Trial 2 finished with value: 19.443397521972656 and parameters: {'gradient_clip_val': 0.8348559628906894, 'hidden_size': 58, 'dropout': 0.32515778689819175, 'hidden_continuous_size': 45, 'attention_head_size': 2, 'learning_rate': 0.0009243049243667352}. Best is trial 2 with value: 19.443397521972656.
LOCAL_RANK: 0 - CUDA_VISIBLE_DEVICES: [0]
[I 2023-12-15 11:30:10,396] Trial 3 finished with value: 17.76129913330078 and parameters: {'gradient_clip_val': 0.19703783511765774, 'hidden_size': 65, 'dropout': 0.2497435600688224, 'hidden_continuous_size': 13, 'attention_head_size': 4, 'learning_rate': 0.07196742814426885}. Best is trial 3 with value: 17.76129913330078.
LOCAL_RANK: 0 - CUDA_VISIBLE_DEVICES: [0]
[I 2023-12-15 11:30:43,848] Trial 4 finished with value: 19.779691696166992 and parameters: {'gradient_clip_val': 0.3303545953068089, 'hidden_size': 5, 'dropout': 0.12524338419799444, 'hidden_continuous_size': 5, 'attention_head_size': 1, 'learning_rate': 0.0032777590387143437}. Best is trial 3 with value: 17.76129913330078.
LOCAL_RANK: 0 - CUDA_VISIBLE_DEVICES: [0]
[I 2023-12-15 11:31:37,304] Trial 5 finished with value: 31.76274871826172 and parameters: {'gradient_clip_val': 0.18981954258535566, 'hidden_size': 87, 'dropout': 0.13592357342054595, 'hidden_continuous_size': 8, 'attention_head_size': 1, 'learning_rate': 0.0005546511020527156}. Best is trial 3 with value: 17.76129913330078.
LOCAL_RANK: 0 - CUDA_VISIBLE_DEVICES: [0]
