[I 2023-12-27 11:09:01,054] Trial 14 finished with value: 50.246551513671875 and parameters: {'gradient_clip_val': 0.44748442713909053, 'hidden_size': 77, 'dropout': 0.4988911210198902, 'hidden_continuous_size': 13, 'attention_head_size': 3, 'learning_rate': 0.0005309190641093686}. Best is trial 0 with value: 15.020024299621582.
LOCAL_RANK: 0 - CUDA_VISIBLE_DEVICES: [0]
[I 2023-12-27 11:09:01,517] Trial 15 finished with value: 53.25213623046875 and parameters: {'gradient_clip_val': 0.30134683482799146, 'hidden_size': 12, 'dropout': 0.24588291852544236, 'hidden_continuous_size': 6, 'attention_head_size': 1, 'learning_rate': 0.001412726785380913}. Best is trial 0 with value: 15.020024299621582.
LOCAL_RANK: 0 - CUDA_VISIBLE_DEVICES: [0]
[I 2023-12-27 11:09:01,999] Trial 16 finished with value: 79.57979583740234 and parameters: {'gradient_clip_val': 0.1864330077590559, 'hidden_size': 41, 'dropout': 0.37100974161930644, 'hidden_continuous_size': 10, 'attention_head_size': 2, 'learning_rate': 0.005206587908970346}. Best is trial 0 with value: 15.020024299621582.
LOCAL_RANK: 0 - CUDA_VISIBLE_DEVICES: [0]
[I 2023-12-27 11:09:02,488] Trial 17 finished with value: 34.45402145385742 and parameters: {'gradient_clip_val': 0.7400338331210823, 'hidden_size': 81, 'dropout': 0.3236638534963436, 'hidden_continuous_size': 15, 'attention_head_size': 1, 'learning_rate': 0.0029339667147643767}. Best is trial 0 with value: 15.020024299621582.
LOCAL_RANK: 0 - CUDA_VISIBLE_DEVICES: [0]
[I 2023-12-27 11:09:02,932] Trial 18 finished with value: 72.23831939697266 and parameters: {'gradient_clip_val': 0.4760856761159235, 'hidden_size': 32, 'dropout': 0.2756330889873395, 'hidden_continuous_size': 9, 'attention_head_size': 2, 'learning_rate': 0.00861881432400959}. Best is trial 0 with value: 15.020024299621582.
LOCAL_RANK: 0 - CUDA_VISIBLE_DEVICES: [0]
[I 2023-12-27 11:09:03,439] Trial 19 finished with value: 46.422576904296875 and parameters: {'gradient_clip_val': 0.7477774377362776, 'hidden_size': 57, 'dropout': 0.20090127547781145, 'hidden_continuous_size': 20, 'attention_head_size': 3, 'learning_rate': 0.0015463963398714296}. Best is trial 0 with value: 15.020024299621582.
LOCAL_RANK: 0 - CUDA_VISIBLE_DEVICES: [0]
[I 2023-12-27 11:09:03,917] Trial 20 finished with value: 48.11210250854492 and parameters: {'gradient_clip_val': 0.9977039401344077, 'hidden_size': 20, 'dropout': 0.28310353721140624, 'hidden_continuous_size': 8, 'attention_head_size': 1, 'learning_rate': 0.0048875101605138}. Best is trial 0 with value: 15.020024299621582.
LOCAL_RANK: 0 - CUDA_VISIBLE_DEVICES: [0]
[I 2023-12-27 11:09:04,438] Trial 21 finished with value: 33.416221618652344 and parameters: {'gradient_clip_val': 0.5531315093392644, 'hidden_size': 85, 'dropout': 0.40018470060120204, 'hidden_continuous_size': 71, 'attention_head_size': 2, 'learning_rate': 0.0005373370364272107}. Best is trial 0 with value: 15.020024299621582.
LOCAL_RANK: 0 - CUDA_VISIBLE_DEVICES: [0]
[I 2023-12-27 11:09:05,222] Trial 22 finished with value: 38.74405288696289 and parameters: {'gradient_clip_val': 0.504003137786432, 'hidden_size': 89, 'dropout': 0.40070626199302645, 'hidden_continuous_size': 82, 'attention_head_size': 2, 'learning_rate': 0.0008630005394808454}. Best is trial 0 with value: 15.020024299621582.
LOCAL_RANK: 0 - CUDA_VISIBLE_DEVICES: [0]
[I 2023-12-27 11:09:05,738] Trial 23 finished with value: 60.389644622802734 and parameters: {'gradient_clip_val': 0.3492240048665024, 'hidden_size': 61, 'dropout': 0.3407225572202832, 'hidden_continuous_size': 28, 'attention_head_size': 2, 'learning_rate': 0.0005463330793389294}. Best is trial 0 with value: 15.020024299621582.
LOCAL_RANK: 0 - CUDA_VISIBLE_DEVICES: [0]
[I 2023-12-27 11:09:06,254] Trial 24 finished with value: 39.012691497802734 and parameters: {'gradient_clip_val': 0.7557311913428849, 'hidden_size': 103, 'dropout': 0.36268513068721675, 'hidden_continuous_size': 35, 'attention_head_size': 3, 'learning_rate': 0.0017683661209978738}. Best is trial 0 with value: 15.020024299621582.
LOCAL_RANK: 0 - CUDA_VISIBLE_DEVICES: [0]
[I 2023-12-27 11:09:06,805] Trial 25 finished with value: 38.639461517333984 and parameters: {'gradient_clip_val': 0.508979012705133, 'hidden_size': 144, 'dropout': 0.31217232787192717, 'hidden_continuous_size': 125, 'attention_head_size': 2, 'learning_rate': 0.0009535630985388484}. Best is trial 0 with value: 15.020024299621582.
LOCAL_RANK: 0 - CUDA_VISIBLE_DEVICES: [0]
[I 2023-12-27 11:09:07,255] Trial 26 finished with value: 56.13754653930664 and parameters: {'gradient_clip_val': 0.38139908586571913, 'hidden_size': 44, 'dropout': 0.39875616381659457, 'hidden_continuous_size': 13, 'attention_head_size': 1, 'learning_rate': 0.002040199157358842}. Best is trial 0 with value: 15.020024299621582.
LOCAL_RANK: 0 - CUDA_VISIBLE_DEVICES: [0]
[I 2023-12-27 11:09:07,774] Trial 27 finished with value: 28.593338012695312 and parameters: {'gradient_clip_val': 0.6332430596820653, 'hidden_size': 102, 'dropout': 0.34598274124247774, 'hidden_continuous_size': 41, 'attention_head_size': 2, 'learning_rate': 0.0011857565508271715}. Best is trial 0 with value: 15.020024299621582.
LOCAL_RANK: 0 - CUDA_VISIBLE_DEVICES: [0]
[I 2023-12-27 11:09:08,295] Trial 28 finished with value: 73.15119171142578 and parameters: {'gradient_clip_val': 0.6744017843056789, 'hidden_size': 101, 'dropout': 0.34348434885971746, 'hidden_continuous_size': 36, 'attention_head_size': 3, 'learning_rate': 0.00339511053281393}. Best is trial 0 with value: 15.020024299621582.
LOCAL_RANK: 0 - CUDA_VISIBLE_DEVICES: [0]
[I 2023-12-27 11:09:08,795] Trial 29 finished with value: 42.15177917480469 and parameters: {'gradient_clip_val': 0.8678656954575027, 'hidden_size': 65, 'dropout': 0.30337291537297306, 'hidden_continuous_size': 19, 'attention_head_size': 1, 'learning_rate': 0.0012005159700488705}. Best is trial 0 with value: 15.020024299621582.
LOCAL_RANK: 0 - CUDA_VISIBLE_DEVICES: [0]
[I 2023-12-27 11:09:09,275] Trial 30 finished with value: 69.98074340820312 and parameters: {'gradient_clip_val': 0.8814815602077667, 'hidden_size': 33, 'dropout': 0.33320720038991564, 'hidden_continuous_size': 11, 'attention_head_size': 1, 'learning_rate': 0.001888702701128092}. Best is trial 0 with value: 15.020024299621582.
LOCAL_RANK: 0 - CUDA_VISIBLE_DEVICES: [0]
[I 2023-12-27 11:09:09,778] Trial 31 finished with value: 53.3994140625 and parameters: {'gradient_clip_val': 0.537599176356495, 'hidden_size': 88, 'dropout': 0.3975240842723772, 'hidden_continuous_size': 48, 'attention_head_size': 2, 'learning_rate': 0.0007054946502054633}. Best is trial 0 with value: 15.020024299621582.
LOCAL_RANK: 0 - CUDA_VISIBLE_DEVICES: [0]
[I 2023-12-27 11:09:10,301] Trial 32 finished with value: 52.579471588134766 and parameters: {'gradient_clip_val': 0.6233624663015024, 'hidden_size': 124, 'dropout': 0.42553618434753027, 'hidden_continuous_size': 65, 'attention_head_size': 2, 'learning_rate': 0.0010947697583005127}. Best is trial 0 with value: 15.020024299621582.
LOCAL_RANK: 0 - CUDA_VISIBLE_DEVICES: [0]
[I 2023-12-27 11:09:10,793] Trial 33 finished with value: 43.777523040771484 and parameters: {'gradient_clip_val': 0.5710666416405086, 'hidden_size': 70, 'dropout': 0.374741036462048, 'hidden_continuous_size': 24, 'attention_head_size': 2, 'learning_rate': 0.0007402037149985888}. Best is trial 0 with value: 15.020024299621582.
LOCAL_RANK: 0 - CUDA_VISIBLE_DEVICES: [0]
[I 2023-12-27 11:09:11,291] Trial 34 finished with value: 45.392642974853516 and parameters: {'gradient_clip_val': 0.8009340343036246, 'hidden_size': 111, 'dropout': 0.3530426185745641, 'hidden_continuous_size': 28, 'attention_head_size': 2, 'learning_rate': 0.0010503573340293387}. Best is trial 0 with value: 15.020024299621582.
LOCAL_RANK: 0 - CUDA_VISIBLE_DEVICES: [0]
[I 2023-12-27 11:09:12,070] Trial 35 finished with value: 53.20988082885742 and parameters: {'gradient_clip_val': 0.6667201763342527, 'hidden_size': 52, 'dropout': 0.3233976197273518, 'hidden_continuous_size': 17, 'attention_head_size': 4, 'learning_rate': 0.0006986997438474213}. Best is trial 0 with value: 15.020024299621582.
LOCAL_RANK: 0 - CUDA_VISIBLE_DEVICES: [0]
[I 2023-12-27 11:09:12,584] Trial 36 finished with value: 70.17915344238281 and parameters: {'gradient_clip_val': 0.9878385592625616, 'hidden_size': 94, 'dropout': 0.2921201806246989, 'hidden_continuous_size': 18, 'attention_head_size': 3, 'learning_rate': 0.0005110318233395641}. Best is trial 0 with value: 15.020024299621582.
LOCAL_RANK: 0 - CUDA_VISIBLE_DEVICES: [0]
[I 2023-12-27 11:09:13,079] Trial 37 finished with value: 40.96257781982422 and parameters: {'gradient_clip_val': 0.5958238102293653, 'hidden_size': 122, 'dropout': 0.3762156339647528, 'hidden_continuous_size': 14, 'attention_head_size': 1, 'learning_rate': 0.0012397976464591607}. Best is trial 0 with value: 15.020024299621582.
LOCAL_RANK: 0 - CUDA_VISIBLE_DEVICES: [0]
[I 2023-12-27 11:09:13,540] Trial 38 finished with value: 46.48003005981445 and parameters: {'gradient_clip_val': 0.4284486107093711, 'hidden_size': 72, 'dropout': 0.25945361309601783, 'hidden_continuous_size': 22, 'attention_head_size': 2, 'learning_rate': 0.0010071279056489508}. Best is trial 0 with value: 15.020024299621582.
LOCAL_RANK: 0 - CUDA_VISIBLE_DEVICES: [0]
[I 2023-12-27 11:09:14,057] Trial 39 finished with value: 34.894527435302734 and parameters: {'gradient_clip_val': 0.6742036506764298, 'hidden_size': 146, 'dropout': 0.4332176641611381, 'hidden_continuous_size': 54, 'attention_head_size': 3, 'learning_rate': 0.0007151119312340663}. Best is trial 0 with value: 15.020024299621582.
LOCAL_RANK: 0 - CUDA_VISIBLE_DEVICES: [0]
[I 2023-12-27 11:09:14,547] Trial 40 finished with value: 36.487545013427734 and parameters: {'gradient_clip_val': 0.5388620198877738, 'hidden_size': 47, 'dropout': 0.2889830582306414, 'hidden_continuous_size': 12, 'attention_head_size': 2, 'learning_rate': 0.001526140058187004}. Best is trial 0 with value: 15.020024299621582.
LOCAL_RANK: 0 - CUDA_VISIBLE_DEVICES: [0]
[I 2023-12-27 11:09:15,013] Trial 41 finished with value: 35.378238677978516 and parameters: {'gradient_clip_val': 0.6055617479869201, 'hidden_size': 78, 'dropout': 0.46198690050277635, 'hidden_continuous_size': 16, 'attention_head_size': 2, 'learning_rate': 0.0006368980458589486}. Best is trial 0 with value: 15.020024299621582.
LOCAL_RANK: 0 - CUDA_VISIBLE_DEVICES: [0]
[I 2023-12-27 11:09:15,511] Trial 42 finished with value: 44.521270751953125 and parameters: {'gradient_clip_val': 0.4796347020862682, 'hidden_size': 63, 'dropout': 0.4170291668877953, 'hidden_continuous_size': 14, 'attention_head_size': 2, 'learning_rate': 0.0007901558445790291}. Best is trial 0 with value: 15.020024299621582.
LOCAL_RANK: 0 - CUDA_VISIBLE_DEVICES: [0]
[I 2023-12-27 11:09:16,037] Trial 43 finished with value: 69.70860290527344 and parameters: {'gradient_clip_val': 0.8587662549485456, 'hidden_size': 91, 'dropout': 0.35654629790248715, 'hidden_continuous_size': 42, 'attention_head_size': 2, 'learning_rate': 0.000882396694553425}. Best is trial 0 with value: 15.020024299621582.
LOCAL_RANK: 0 - CUDA_VISIBLE_DEVICES: [0]
[I 2023-12-27 11:09:16,557] Trial 44 finished with value: 23.27674674987793 and parameters: {'gradient_clip_val': 0.6936189649227593, 'hidden_size': 107, 'dropout': 0.452033245238633, 'hidden_continuous_size': 61, 'attention_head_size': 1, 'learning_rate': 0.0005011148138646894}. Best is trial 0 with value: 15.020024299621582.
LOCAL_RANK: 0 - CUDA_VISIBLE_DEVICES: [0]
[I 2023-12-27 11:09:17,073] Trial 45 finished with value: 57.22054672241211 and parameters: {'gradient_clip_val': 0.8340419943738673, 'hidden_size': 121, 'dropout': 0.3830306699920865, 'hidden_continuous_size': 61, 'attention_head_size': 1, 'learning_rate': 0.0022563399991065553}. Best is trial 0 with value: 15.020024299621582.
LOCAL_RANK: 0 - CUDA_VISIBLE_DEVICES: [0]
[I 2023-12-27 11:09:17,585] Trial 46 finished with value: 45.40830993652344 and parameters: {'gradient_clip_val': 0.673288447732096, 'hidden_size': 109, 'dropout': 0.4578651978902741, 'hidden_continuous_size': 71, 'attention_head_size': 1, 'learning_rate': 0.0005261025570417307}. Best is trial 0 with value: 15.020024299621582.
LOCAL_RANK: 0 - CUDA_VISIBLE_DEVICES: [0]
[I 2023-12-27 11:09:18,072] Trial 47 finished with value: 51.425933837890625 and parameters: {'gradient_clip_val': 0.7615561734971815, 'hidden_size': 53, 'dropout': 0.30975266947793845, 'hidden_continuous_size': 20, 'attention_head_size': 1, 'learning_rate': 0.0013253967860872595}. Best is trial 0 with value: 15.020024299621582.
LOCAL_RANK: 0 - CUDA_VISIBLE_DEVICES: [0]
[I 2023-12-27 11:09:18,855] Trial 48 finished with value: 47.279964447021484 and parameters: {'gradient_clip_val': 0.9033599650744257, 'hidden_size': 80, 'dropout': 0.337100958688914, 'hidden_continuous_size': 5, 'attention_head_size': 1, 'learning_rate': 0.0006265696655475905}. Best is trial 0 with value: 15.020024299621582.
LOCAL_RANK: 0 - CUDA_VISIBLE_DEVICES: [0]
[I 2023-12-27 11:09:19,407] Trial 49 finished with value: 54.46745681762695 and parameters: {'gradient_clip_val': 0.4441079539163845, 'hidden_size': 132, 'dropout': 0.3554440766203833, 'hidden_continuous_size': 76, 'attention_head_size': 1, 'learning_rate': 0.0028276061908364533}. Best is trial 0 with value: 15.020024299621582.
[I 2023-12-27 11:09:19,543] A new study created in memory with name: no-name-ddd3fa32-3a07-4076-bcb9-693aa3f79d4c
/home/le004/conda/anaconda3/envs/tsff_env/lib/python3.9/site-packages/lightning/fabric/plugins/environments/slurm.py:191: The `srun` command is available on your system but is not used. HINT: If your intention is to run Lightning on SLURM, prepend your python command with `srun` like so: srun python /home/le004/master_thesis/git/TSFusionForecast/code/ ...
LOCAL_RANK: 0 - CUDA_VISIBLE_DEVICES: [0]
[I 2023-12-27 11:09:49,291] Trial 0 finished with value: 72.5859603881836 and parameters: {'gradient_clip_val': 0.357487066240494, 'hidden_size': 110, 'dropout': 0.4295194730266848, 'hidden_continuous_size': 16, 'attention_head_size': 3, 'learning_rate': 0.0007585010261753941}. Best is trial 0 with value: 72.5859603881836.
LOCAL_RANK: 0 - CUDA_VISIBLE_DEVICES: [0]
[I 2023-12-27 11:09:53,654] Trial 1 finished with value: 121.3189468383789 and parameters: {'gradient_clip_val': 0.9928750494221185, 'hidden_size': 8, 'dropout': 0.2843926175612573, 'hidden_continuous_size': 8, 'attention_head_size': 2, 'learning_rate': 0.020205008558536946}. Best is trial 0 with value: 72.5859603881836.
LOCAL_RANK: 0 - CUDA_VISIBLE_DEVICES: [0]
[I 2023-12-27 11:09:54,072] Trial 2 finished with value: 176.14073181152344 and parameters: {'gradient_clip_val': 0.4647363821963956, 'hidden_size': 6, 'dropout': 0.1292844227275111, 'hidden_continuous_size': 6, 'attention_head_size': 4, 'learning_rate': 0.0023379723224416452}. Best is trial 0 with value: 72.5859603881836.
LOCAL_RANK: 0 - CUDA_VISIBLE_DEVICES: [0]
[I 2023-12-27 11:09:54,521] Trial 3 finished with value: 182.5150146484375 and parameters: {'gradient_clip_val': 0.10223191932239972, 'hidden_size': 73, 'dropout': 0.29688860395459893, 'hidden_continuous_size': 6, 'attention_head_size': 1, 'learning_rate': 0.006707350183663732}. Best is trial 0 with value: 72.5859603881836.
LOCAL_RANK: 0 - CUDA_VISIBLE_DEVICES: [0]
[I 2023-12-27 11:09:54,976] Trial 4 finished with value: 241.15501403808594 and parameters: {'gradient_clip_val': 0.21193370893353633, 'hidden_size': 76, 'dropout': 0.20146795853670332, 'hidden_continuous_size': 13, 'attention_head_size': 1, 'learning_rate': 0.055425949794181716}. Best is trial 0 with value: 72.5859603881836.
LOCAL_RANK: 0 - CUDA_VISIBLE_DEVICES: [0]
[I 2023-12-27 11:09:55,427] Trial 5 finished with value: 155.9929962158203 and parameters: {'gradient_clip_val': 0.9515279403106064, 'hidden_size': 23, 'dropout': 0.46292100872328423, 'hidden_continuous_size': 7, 'attention_head_size': 4, 'learning_rate': 0.016790958981879017}. Best is trial 0 with value: 72.5859603881836.
LOCAL_RANK: 0 - CUDA_VISIBLE_DEVICES: [0]
[I 2023-12-27 11:09:55,908] Trial 6 finished with value: 213.26654052734375 and parameters: {'gradient_clip_val': 0.7550239653073857, 'hidden_size': 150, 'dropout': 0.24448390419579702, 'hidden_continuous_size': 17, 'attention_head_size': 1, 'learning_rate': 0.01628492531010745}. Best is trial 0 with value: 72.5859603881836.
LOCAL_RANK: 0 - CUDA_VISIBLE_DEVICES: [0]
[I 2023-12-27 11:09:56,339] Trial 7 finished with value: 188.904296875 and parameters: {'gradient_clip_val': 0.23886462873020584, 'hidden_size': 91, 'dropout': 0.43521811033563673, 'hidden_continuous_size': 14, 'attention_head_size': 2, 'learning_rate': 0.07143736869142356}. Best is trial 0 with value: 72.5859603881836.
LOCAL_RANK: 0 - CUDA_VISIBLE_DEVICES: [0]
[I 2023-12-27 11:09:57,090] Trial 8 finished with value: 157.21629333496094 and parameters: {'gradient_clip_val': 0.29890673875414386, 'hidden_size': 12, 'dropout': 0.32662887742996427, 'hidden_continuous_size': 10, 'attention_head_size': 3, 'learning_rate': 0.00197967750329913}. Best is trial 0 with value: 72.5859603881836.
LOCAL_RANK: 0 - CUDA_VISIBLE_DEVICES: [0]
[I 2023-12-27 11:09:57,569] Trial 9 finished with value: 167.75196838378906 and parameters: {'gradient_clip_val': 0.11766271688308005, 'hidden_size': 62, 'dropout': 0.3549895769308604, 'hidden_continuous_size': 14, 'attention_head_size': 2, 'learning_rate': 0.05051787312598225}. Best is trial 0 with value: 72.5859603881836.
LOCAL_RANK: 0 - CUDA_VISIBLE_DEVICES: [0]
[I 2023-12-27 11:09:58,060] Trial 10 finished with value: 134.9157257080078 and parameters: {'gradient_clip_val': 0.5068399356702967, 'hidden_size': 34, 'dropout': 0.4099072976454658, 'hidden_continuous_size': 28, 'attention_head_size': 3, 'learning_rate': 0.0005318089562046559}. Best is trial 0 with value: 72.5859603881836.
LOCAL_RANK: 0 - CUDA_VISIBLE_DEVICES: [0]
[I 2023-12-27 11:09:58,502] Trial 11 finished with value: 205.57814025878906 and parameters: {'gradient_clip_val': 0.9955528179319962, 'hidden_size': 5, 'dropout': 0.4897155058129214, 'hidden_continuous_size': 5, 'attention_head_size': 3, 'learning_rate': 0.0008368032061573549}. Best is trial 0 with value: 72.5859603881836.
LOCAL_RANK: 0 - CUDA_VISIBLE_DEVICES: [0]
[I 2023-12-27 11:09:58,952] Trial 12 finished with value: 234.24305725097656 and parameters: {'gradient_clip_val': 0.5863631383575981, 'hidden_size': 12, 'dropout': 0.38492827399787805, 'hidden_continuous_size': 8, 'attention_head_size': 2, 'learning_rate': 0.005338762798537142}. Best is trial 0 with value: 72.5859603881836.
LOCAL_RANK: 0 - CUDA_VISIBLE_DEVICES: [0]
[I 2023-12-27 11:09:59,455] Trial 13 finished with value: 229.61244201660156 and parameters: {'gradient_clip_val': 0.3898983986925967, 'hidden_size': 26, 'dropout': 0.2921809515761902, 'hidden_continuous_size': 9, 'attention_head_size': 3, 'learning_rate': 0.016142239743588447}. Best is trial 0 with value: 72.5859603881836.
LOCAL_RANK: 0 - CUDA_VISIBLE_DEVICES: [0]
[I 2023-12-27 11:09:59,906] Trial 14 finished with value: 176.9398956298828 and parameters: {'gradient_clip_val': 0.7393090541356749, 'hidden_size': 46, 'dropout': 0.3822818545432647, 'hidden_continuous_size': 46, 'attention_head_size': 2, 'learning_rate': 0.0013835219304171643}. Best is trial 0 with value: 72.5859603881836.
LOCAL_RANK: 0 - CUDA_VISIBLE_DEVICES: [0]
[I 2023-12-27 11:10:00,384] Trial 15 finished with value: 209.7904510498047 and parameters: {'gradient_clip_val': 0.6482932276030785, 'hidden_size': 17, 'dropout': 0.4445089638753502, 'hidden_continuous_size': 8, 'attention_head_size': 4, 'learning_rate': 0.0036042085600806527}. Best is trial 0 with value: 72.5859603881836.
LOCAL_RANK: 0 - CUDA_VISIBLE_DEVICES: [0]
[I 2023-12-27 11:10:00,900] Trial 16 finished with value: 202.48167419433594 and parameters: {'gradient_clip_val': 0.4025469709285939, 'hidden_size': 133, 'dropout': 0.3409560486653169, 'hidden_continuous_size': 100, 'attention_head_size': 2, 'learning_rate': 0.0005082860906959519}. Best is trial 0 with value: 72.5859603881836.
LOCAL_RANK: 0 - CUDA_VISIBLE_DEVICES: [0]
[I 2023-12-27 11:10:01,385] Trial 17 finished with value: 206.3600311279297 and parameters: {'gradient_clip_val': 0.5666926009777707, 'hidden_size': 39, 'dropout': 0.49680892519918585, 'hidden_continuous_size': 11, 'attention_head_size': 3, 'learning_rate': 0.0010839992243248673}. Best is trial 0 with value: 72.5859603881836.
LOCAL_RANK: 0 - CUDA_VISIBLE_DEVICES: [0]
[I 2023-12-27 11:10:01,854] Trial 18 finished with value: 205.27806091308594 and parameters: {'gradient_clip_val': 0.7726749325392165, 'hidden_size': 7, 'dropout': 0.25870419665818156, 'hidden_continuous_size': 5, 'attention_head_size': 2, 'learning_rate': 0.010465452499931513}. Best is trial 0 with value: 72.5859603881836.
LOCAL_RANK: 0 - CUDA_VISIBLE_DEVICES: [0]
[I 2023-12-27 11:10:02,321] Trial 19 finished with value: 177.939697265625 and parameters: {'gradient_clip_val': 0.3054505287226036, 'hidden_size': 9, 'dropout': 0.4009428225748364, 'hidden_continuous_size': 5, 'attention_head_size': 3, 'learning_rate': 0.029104131402663564}. Best is trial 0 with value: 72.5859603881836.
LOCAL_RANK: 0 - CUDA_VISIBLE_DEVICES: [0]
[I 2023-12-27 11:10:02,776] Trial 20 finished with value: 207.2883758544922 and parameters: {'gradient_clip_val': 0.4562619152360293, 'hidden_size': 16, 'dropout': 0.36081746135301884, 'hidden_continuous_size': 7, 'attention_head_size': 1, 'learning_rate': 0.004367003509939161}. Best is trial 0 with value: 72.5859603881836.
LOCAL_RANK: 0 - CUDA_VISIBLE_DEVICES: [0]
[I 2023-12-27 11:10:03,257] Trial 21 finished with value: 164.38116455078125 and parameters: {'gradient_clip_val': 0.5221999766930596, 'hidden_size': 49, 'dropout': 0.4151825438193651, 'hidden_continuous_size': 19, 'attention_head_size': 3, 'learning_rate': 0.0005465216395169933}. Best is trial 0 with value: 72.5859603881836.
LOCAL_RANK: 0 - CUDA_VISIBLE_DEVICES: [0]
