[I 2023-12-16 05:52:30,628] Trial 39 finished with value: 210.1197052001953 and parameters: {'gradient_clip_val': 0.2666290680994996, 'hidden_size': 7, 'dropout': 0.37799887830264267, 'hidden_continuous_size': 6, 'attention_head_size': 2, 'learning_rate': 0.015522789012366504}. Best is trial 23 with value: 172.96820068359375.
LOCAL_RANK: 0 - CUDA_VISIBLE_DEVICES: [0]
[I 2023-12-16 05:53:04,984] Trial 40 finished with value: 228.3045654296875 and parameters: {'gradient_clip_val': 0.32195175693867717, 'hidden_size': 5, 'dropout': 0.21533655325029355, 'hidden_continuous_size': 5, 'attention_head_size': 3, 'learning_rate': 0.0212561688945465}. Best is trial 23 with value: 172.96820068359375.
LOCAL_RANK: 0 - CUDA_VISIBLE_DEVICES: [0]
[I 2023-12-16 05:53:49,885] Trial 41 finished with value: 267.4402160644531 and parameters: {'gradient_clip_val': 0.37458169436211214, 'hidden_size': 8, 'dropout': 0.27468397400708544, 'hidden_continuous_size': 7, 'attention_head_size': 4, 'learning_rate': 0.008522375676601981}. Best is trial 23 with value: 172.96820068359375.
LOCAL_RANK: 0 - CUDA_VISIBLE_DEVICES: [0]
[I 2023-12-16 05:54:35,239] Trial 42 finished with value: 263.90167236328125 and parameters: {'gradient_clip_val': 0.39643958381509187, 'hidden_size': 9, 'dropout': 0.2585835045840698, 'hidden_continuous_size': 6, 'attention_head_size': 3, 'learning_rate': 0.010535944005819746}. Best is trial 23 with value: 172.96820068359375.
LOCAL_RANK: 0 - CUDA_VISIBLE_DEVICES: [0]
[I 2023-12-16 05:55:09,747] Trial 43 finished with value: 208.5492401123047 and parameters: {'gradient_clip_val': 0.47543222187851564, 'hidden_size': 6, 'dropout': 0.2529472487038908, 'hidden_continuous_size': 6, 'attention_head_size': 4, 'learning_rate': 0.012478639525018148}. Best is trial 23 with value: 172.96820068359375.
LOCAL_RANK: 0 - CUDA_VISIBLE_DEVICES: [0]
[I 2023-12-16 05:55:56,110] Trial 44 finished with value: 288.0104675292969 and parameters: {'gradient_clip_val': 0.54647797367036, 'hidden_size': 11, 'dropout': 0.3985232220028997, 'hidden_continuous_size': 8, 'attention_head_size': 4, 'learning_rate': 0.006453241047214516}. Best is trial 23 with value: 172.96820068359375.
LOCAL_RANK: 0 - CUDA_VISIBLE_DEVICES: [0]
[I 2023-12-16 05:56:30,506] Trial 45 finished with value: 231.08030700683594 and parameters: {'gradient_clip_val': 0.3537112743006546, 'hidden_size': 7, 'dropout': 0.2975031248694843, 'hidden_continuous_size': 7, 'attention_head_size': 3, 'learning_rate': 0.008554750758546604}. Best is trial 23 with value: 172.96820068359375.
LOCAL_RANK: 0 - CUDA_VISIBLE_DEVICES: [0]
[I 2023-12-16 05:57:15,283] Trial 46 finished with value: 287.8352966308594 and parameters: {'gradient_clip_val': 0.29941694669680813, 'hidden_size': 9, 'dropout': 0.2816000072297744, 'hidden_continuous_size': 7, 'attention_head_size': 1, 'learning_rate': 0.013561604586539362}. Best is trial 23 with value: 172.96820068359375.
LOCAL_RANK: 0 - CUDA_VISIBLE_DEVICES: [0]
[I 2023-12-16 05:58:07,349] Trial 47 finished with value: 205.012939453125 and parameters: {'gradient_clip_val': 0.21803652976116536, 'hidden_size': 39, 'dropout': 0.3225304393974271, 'hidden_continuous_size': 12, 'attention_head_size': 4, 'learning_rate': 0.004517386692019941}. Best is trial 23 with value: 172.96820068359375.
LOCAL_RANK: 0 - CUDA_VISIBLE_DEVICES: [0]
[I 2023-12-16 05:58:52,931] Trial 48 finished with value: 284.9525451660156 and parameters: {'gradient_clip_val': 0.42657318349478157, 'hidden_size': 14, 'dropout': 0.30374661941926057, 'hidden_continuous_size': 8, 'attention_head_size': 2, 'learning_rate': 0.020767785145449514}. Best is trial 23 with value: 172.96820068359375.
LOCAL_RANK: 0 - CUDA_VISIBLE_DEVICES: [0]
[I 2023-12-16 05:59:27,355] Trial 49 finished with value: 286.53717041015625 and parameters: {'gradient_clip_val': 0.2398501705318551, 'hidden_size': 5, 'dropout': 0.24424087350428397, 'hidden_continuous_size': 5, 'attention_head_size': 3, 'learning_rate': 0.00589555354903465}. Best is trial 23 with value: 172.96820068359375.
[I 2023-12-16 05:59:27,446] A new study created in memory with name: no-name-86604aa1-464b-4b4e-a190-f700e0fa6f6c
/home/le004/conda/anaconda3/envs/tsff_env/lib/python3.9/site-packages/lightning/fabric/plugins/environments/slurm.py:191: The `srun` command is available on your system but is not used. HINT: If your intention is to run Lightning on SLURM, prepend your python command with `srun` like so: srun python /home/le004/master_thesis/git/TSFusionForecast/code/ ...
LOCAL_RANK: 0 - CUDA_VISIBLE_DEVICES: [0]
[I 2023-12-16 06:00:12,134] Trial 0 finished with value: 52.00139236450195 and parameters: {'gradient_clip_val': 0.7374344545665088, 'hidden_size': 6, 'dropout': 0.17631851836257245, 'hidden_continuous_size': 5, 'attention_head_size': 1, 'learning_rate': 0.012504307670978944}. Best is trial 0 with value: 52.00139236450195.
LOCAL_RANK: 0 - CUDA_VISIBLE_DEVICES: [0]
[I 2023-12-16 06:00:57,213] Trial 1 finished with value: 50.461368560791016 and parameters: {'gradient_clip_val': 0.17212270396925494, 'hidden_size': 16, 'dropout': 0.3680259820088122, 'hidden_continuous_size': 8, 'attention_head_size': 3, 'learning_rate': 0.05738492349386664}. Best is trial 1 with value: 50.461368560791016.
LOCAL_RANK: 0 - CUDA_VISIBLE_DEVICES: [0]
[I 2023-12-16 06:01:31,493] Trial 2 finished with value: 107.57796478271484 and parameters: {'gradient_clip_val': 0.5311978751693464, 'hidden_size': 7, 'dropout': 0.20506362696697056, 'hidden_continuous_size': 7, 'attention_head_size': 3, 'learning_rate': 0.03675288164609241}. Best is trial 1 with value: 50.461368560791016.
LOCAL_RANK: 0 - CUDA_VISIBLE_DEVICES: [0]
[I 2023-12-16 06:02:23,730] Trial 3 finished with value: 75.01455688476562 and parameters: {'gradient_clip_val': 0.2475294755409264, 'hidden_size': 44, 'dropout': 0.22514791309499205, 'hidden_continuous_size': 11, 'attention_head_size': 4, 'learning_rate': 0.031275880826491693}. Best is trial 1 with value: 50.461368560791016.
LOCAL_RANK: 0 - CUDA_VISIBLE_DEVICES: [0]
[I 2023-12-16 06:02:57,871] Trial 4 finished with value: 71.86514282226562 and parameters: {'gradient_clip_val': 0.10713191126743024, 'hidden_size': 8, 'dropout': 0.15089696890147503, 'hidden_continuous_size': 8, 'attention_head_size': 3, 'learning_rate': 0.010319355035151044}. Best is trial 1 with value: 50.461368560791016.
LOCAL_RANK: 0 - CUDA_VISIBLE_DEVICES: [0]
[I 2023-12-16 06:03:50,845] Trial 5 finished with value: 70.9736328125 and parameters: {'gradient_clip_val': 0.10084948177639101, 'hidden_size': 66, 'dropout': 0.32728727815024694, 'hidden_continuous_size': 13, 'attention_head_size': 2, 'learning_rate': 0.003956663273986404}. Best is trial 1 with value: 50.461368560791016.
LOCAL_RANK: 0 - CUDA_VISIBLE_DEVICES: [0]
[I 2023-12-16 06:04:24,652] Trial 6 finished with value: 57.847503662109375 and parameters: {'gradient_clip_val': 0.16421068268473807, 'hidden_size': 5, 'dropout': 0.32501293019011024, 'hidden_continuous_size': 5, 'attention_head_size': 2, 'learning_rate': 0.006321165354256281}. Best is trial 1 with value: 50.461368560791016.
LOCAL_RANK: 0 - CUDA_VISIBLE_DEVICES: [0]
[I 2023-12-16 06:05:10,191] Trial 7 finished with value: 67.04586029052734 and parameters: {'gradient_clip_val': 0.9536922428881651, 'hidden_size': 11, 'dropout': 0.3978676853700335, 'hidden_continuous_size': 6, 'attention_head_size': 3, 'learning_rate': 0.001118106601014244}. Best is trial 1 with value: 50.461368560791016.
LOCAL_RANK: 0 - CUDA_VISIBLE_DEVICES: [0]
[I 2023-12-16 06:05:58,273] Trial 8 finished with value: 115.321533203125 and parameters: {'gradient_clip_val': 0.8282449922557227, 'hidden_size': 19, 'dropout': 0.12313993784615959, 'hidden_continuous_size': 10, 'attention_head_size': 3, 'learning_rate': 0.021747473571639385}. Best is trial 1 with value: 50.461368560791016.
LOCAL_RANK: 0 - CUDA_VISIBLE_DEVICES: [0]
[I 2023-12-16 06:06:44,361] Trial 9 finished with value: 98.5461196899414 and parameters: {'gradient_clip_val': 0.6485982763870907, 'hidden_size': 16, 'dropout': 0.26646210137550064, 'hidden_continuous_size': 12, 'attention_head_size': 3, 'learning_rate': 0.03356415417765151}. Best is trial 1 with value: 50.461368560791016.
LOCAL_RANK: 0 - CUDA_VISIBLE_DEVICES: [0]
[I 2023-12-16 06:07:35,475] Trial 10 finished with value: 43.0443000793457 and parameters: {'gradient_clip_val': 0.3406285918202276, 'hidden_size': 32, 'dropout': 0.3921224952058131, 'hidden_continuous_size': 22, 'attention_head_size': 4, 'learning_rate': 0.09443851924141372}. Best is trial 10 with value: 43.0443000793457.
LOCAL_RANK: 0 - CUDA_VISIBLE_DEVICES: [0]
[I 2023-12-16 06:08:27,084] Trial 11 finished with value: 107.08025360107422 and parameters: {'gradient_clip_val': 0.35355805676830737, 'hidden_size': 32, 'dropout': 0.3992895816857529, 'hidden_continuous_size': 27, 'attention_head_size': 4, 'learning_rate': 0.08965473414280391}. Best is trial 10 with value: 43.0443000793457.
LOCAL_RANK: 0 - CUDA_VISIBLE_DEVICES: [0]
[I 2023-12-16 06:09:17,262] Trial 12 finished with value: 76.41349029541016 and parameters: {'gradient_clip_val': 0.2776329822850153, 'hidden_size': 27, 'dropout': 0.3431706871160348, 'hidden_continuous_size': 18, 'attention_head_size': 4, 'learning_rate': 0.09778046668276004}. Best is trial 10 with value: 43.0443000793457.
LOCAL_RANK: 0 - CUDA_VISIBLE_DEVICES: [0]
[I 2023-12-16 06:10:03,899] Trial 13 finished with value: 81.78524780273438 and parameters: {'gradient_clip_val': 0.3995634210444667, 'hidden_size': 15, 'dropout': 0.28367062170954593, 'hidden_continuous_size': 8, 'attention_head_size': 4, 'learning_rate': 0.06826074685098382}. Best is trial 10 with value: 43.0443000793457.
LOCAL_RANK: 0 - CUDA_VISIBLE_DEVICES: [0]
[I 2023-12-16 06:10:58,936] Trial 14 finished with value: 83.52204132080078 and parameters: {'gradient_clip_val': 0.2062122212354578, 'hidden_size': 92, 'dropout': 0.3664042100998939, 'hidden_continuous_size': 46, 'attention_head_size': 2, 'learning_rate': 0.055317187447950576}. Best is trial 10 with value: 43.0443000793457.
LOCAL_RANK: 0 - CUDA_VISIBLE_DEVICES: [0]
[I 2023-12-16 06:11:48,598] Trial 15 finished with value: 84.00845336914062 and parameters: {'gradient_clip_val': 0.46061268697371927, 'hidden_size': 27, 'dropout': 0.2931745764087692, 'hidden_continuous_size': 16, 'attention_head_size': 4, 'learning_rate': 0.051645396170906396}. Best is trial 10 with value: 43.0443000793457.
LOCAL_RANK: 0 - CUDA_VISIBLE_DEVICES: [0]
[I 2023-12-16 06:12:32,207] Trial 16 finished with value: 80.27268981933594 and parameters: {'gradient_clip_val': 0.3357180096009739, 'hidden_size': 12, 'dropout': 0.3564998090700681, 'hidden_continuous_size': 6, 'attention_head_size': 1, 'learning_rate': 0.019675674653595678}. Best is trial 10 with value: 43.0443000793457.
LOCAL_RANK: 0 - CUDA_VISIBLE_DEVICES: [0]
[I 2023-12-16 06:13:21,203] Trial 17 finished with value: 82.6090316772461 and parameters: {'gradient_clip_val': 0.17352042382516866, 'hidden_size': 21, 'dropout': 0.30746604023844354, 'hidden_continuous_size': 9, 'attention_head_size': 4, 'learning_rate': 0.0957380660691826}. Best is trial 10 with value: 43.0443000793457.
LOCAL_RANK: 0 - CUDA_VISIBLE_DEVICES: [0]
[I 2023-12-16 06:14:14,027] Trial 18 finished with value: 111.13433074951172 and parameters: {'gradient_clip_val': 0.27182652322212825, 'hidden_size': 38, 'dropout': 0.3623807115532942, 'hidden_continuous_size': 20, 'attention_head_size': 3, 'learning_rate': 0.04717215980697137}. Best is trial 10 with value: 43.0443000793457.
LOCAL_RANK: 0 - CUDA_VISIBLE_DEVICES: [0]
[I 2023-12-16 06:15:06,884] Trial 19 finished with value: 97.7952651977539 and parameters: {'gradient_clip_val': 0.5278081970865593, 'hidden_size': 50, 'dropout': 0.24598637694816955, 'hidden_continuous_size': 22, 'attention_head_size': 2, 'learning_rate': 0.023462918576496683}. Best is trial 10 with value: 43.0443000793457.
LOCAL_RANK: 0 - CUDA_VISIBLE_DEVICES: [0]
[I 2023-12-16 06:15:56,673] Trial 20 finished with value: 91.8057861328125 and parameters: {'gradient_clip_val': 0.13931804495588312, 'hidden_size': 25, 'dropout': 0.3746475951669097, 'hidden_continuous_size': 10, 'attention_head_size': 4, 'learning_rate': 0.06386570138471007}. Best is trial 10 with value: 43.0443000793457.
LOCAL_RANK: 0 - CUDA_VISIBLE_DEVICES: [0]
[I 2023-12-16 06:16:30,436] Trial 21 finished with value: 46.469722747802734 and parameters: {'gradient_clip_val': 0.21957538004718452, 'hidden_size': 5, 'dropout': 0.18680083196167765, 'hidden_continuous_size': 5, 'attention_head_size': 1, 'learning_rate': 0.0126344575279331}. Best is trial 10 with value: 43.0443000793457.
LOCAL_RANK: 0 - CUDA_VISIBLE_DEVICES: [0]
[I 2023-12-16 06:17:15,197] Trial 22 finished with value: 100.8919677734375 and parameters: {'gradient_clip_val': 0.2472301907388818, 'hidden_size': 9, 'dropout': 0.3233111981175916, 'hidden_continuous_size': 5, 'attention_head_size': 1, 'learning_rate': 0.0417887068511883}. Best is trial 10 with value: 43.0443000793457.
LOCAL_RANK: 0 - CUDA_VISIBLE_DEVICES: [0]
[I 2023-12-16 06:18:00,432] Trial 23 finished with value: 91.65811920166016 and parameters: {'gradient_clip_val': 0.20666092123230043, 'hidden_size': 10, 'dropout': 0.38271096496550927, 'hidden_continuous_size': 6, 'attention_head_size': 2, 'learning_rate': 0.019223318001702572}. Best is trial 10 with value: 43.0443000793457.
LOCAL_RANK: 0 - CUDA_VISIBLE_DEVICES: [0]
[I 2023-12-16 06:18:45,157] Trial 24 finished with value: 72.27169036865234 and parameters: {'gradient_clip_val': 0.3115491815635888, 'hidden_size': 6, 'dropout': 0.3459892577267131, 'hidden_continuous_size': 5, 'attention_head_size': 1, 'learning_rate': 0.06221532371217273}. Best is trial 10 with value: 43.0443000793457.
LOCAL_RANK: 0 - CUDA_VISIBLE_DEVICES: [0]
[I 2023-12-16 06:19:31,050] Trial 25 finished with value: 111.0459976196289 and parameters: {'gradient_clip_val': 0.1976897916948167, 'hidden_size': 13, 'dropout': 0.2516973614235548, 'hidden_continuous_size': 7, 'attention_head_size': 3, 'learning_rate': 0.029655463736042744}. Best is trial 10 with value: 43.0443000793457.
LOCAL_RANK: 0 - CUDA_VISIBLE_DEVICES: [0]
[I 2023-12-16 06:20:04,831] Trial 26 finished with value: 97.20661163330078 and parameters: {'gradient_clip_val': 0.13669027838779382, 'hidden_size': 5, 'dropout': 0.3826571945201639, 'hidden_continuous_size': 5, 'attention_head_size': 2, 'learning_rate': 0.07781198537478402}. Best is trial 10 with value: 43.0443000793457.
LOCAL_RANK: 0 - CUDA_VISIBLE_DEVICES: [0]
[I 2023-12-16 06:20:49,673] Trial 27 finished with value: 70.47278594970703 and parameters: {'gradient_clip_val': 0.23405777149267465, 'hidden_size': 9, 'dropout': 0.19617179860787656, 'hidden_continuous_size': 6, 'attention_head_size': 1, 'learning_rate': 0.014101529972832753}. Best is trial 10 with value: 43.0443000793457.
LOCAL_RANK: 0 - CUDA_VISIBLE_DEVICES: [0]
[I 2023-12-16 06:21:37,818] Trial 28 finished with value: 82.68350982666016 and parameters: {'gradient_clip_val': 0.29874594152148476, 'hidden_size': 19, 'dropout': 0.29203510819557815, 'hidden_continuous_size': 9, 'attention_head_size': 3, 'learning_rate': 0.04495836810852915}. Best is trial 10 with value: 43.0443000793457.
LOCAL_RANK: 0 - CUDA_VISIBLE_DEVICES: [0]
[I 2023-12-16 06:22:22,468] Trial 29 finished with value: 61.59285354614258 and parameters: {'gradient_clip_val': 0.3587357594834801, 'hidden_size': 7, 'dropout': 0.16747078994896156, 'hidden_continuous_size': 5, 'attention_head_size': 1, 'learning_rate': 0.012492694680474915}. Best is trial 10 with value: 43.0443000793457.
LOCAL_RANK: 0 - CUDA_VISIBLE_DEVICES: [0]
[I 2023-12-16 06:23:08,584] Trial 30 finished with value: 73.57674407958984 and parameters: {'gradient_clip_val': 0.4012802336426038, 'hidden_size': 15, 'dropout': 0.3404328366383218, 'hidden_continuous_size': 7, 'attention_head_size': 4, 'learning_rate': 0.027186474224173113}. Best is trial 10 with value: 43.0443000793457.
LOCAL_RANK: 0 - CUDA_VISIBLE_DEVICES: [0]
[I 2023-12-16 06:23:53,180] Trial 31 finished with value: 46.082000732421875 and parameters: {'gradient_clip_val': 0.6525566921853839, 'hidden_size': 6, 'dropout': 0.20460601900491193, 'hidden_continuous_size': 5, 'attention_head_size': 1, 'learning_rate': 0.008571451248651126}. Best is trial 10 with value: 43.0443000793457.
LOCAL_RANK: 0 - CUDA_VISIBLE_DEVICES: [0]
[I 2023-12-16 06:24:37,856] Trial 32 finished with value: 51.25778579711914 and parameters: {'gradient_clip_val': 0.6370203146921106, 'hidden_size': 6, 'dropout': 0.2064583311129583, 'hidden_continuous_size': 5, 'attention_head_size': 1, 'learning_rate': 0.007026066477604738}. Best is trial 10 with value: 43.0443000793457.
LOCAL_RANK: 0 - CUDA_VISIBLE_DEVICES: [0]
[I 2023-12-16 06:25:10,867] Trial 33 finished with value: 105.20489501953125 and parameters: {'gradient_clip_val': 0.4841106842750781, 'hidden_size': 5, 'dropout': 0.1841648414977802, 'hidden_continuous_size': 5, 'attention_head_size': 1, 'learning_rate': 0.03352613623936516}. Best is trial 10 with value: 43.0443000793457.
LOCAL_RANK: 0 - CUDA_VISIBLE_DEVICES: [0]
[I 2023-12-16 06:25:54,889] Trial 34 finished with value: 54.69356918334961 and parameters: {'gradient_clip_val': 0.6124883012475525, 'hidden_size': 8, 'dropout': 0.23659064628877483, 'hidden_continuous_size': 6, 'attention_head_size': 2, 'learning_rate': 0.004844305144137097}. Best is trial 10 with value: 43.0443000793457.
LOCAL_RANK: 0 - CUDA_VISIBLE_DEVICES: [0]
[I 2023-12-16 06:26:39,116] Trial 35 finished with value: 70.41365814208984 and parameters: {'gradient_clip_val': 0.7964879034892673, 'hidden_size': 7, 'dropout': 0.21684106171376005, 'hidden_continuous_size': 5, 'attention_head_size': 1, 'learning_rate': 0.010085025434485128}. Best is trial 10 with value: 43.0443000793457.
LOCAL_RANK: 0 - CUDA_VISIBLE_DEVICES: [0]
[I 2023-12-16 06:27:24,081] Trial 36 finished with value: 74.98023223876953 and parameters: {'gradient_clip_val': 0.23243039488422784, 'hidden_size': 6, 'dropout': 0.1655767095029522, 'hidden_continuous_size': 5, 'attention_head_size': 2, 'learning_rate': 0.016265586605643347}. Best is trial 10 with value: 43.0443000793457.
LOCAL_RANK: 0 - CUDA_VISIBLE_DEVICES: [0]
[I 2023-12-16 06:28:09,794] Trial 37 finished with value: 50.945003509521484 and parameters: {'gradient_clip_val': 0.303901880160669, 'hidden_size': 11, 'dropout': 0.21379174474366375, 'hidden_continuous_size': 7, 'attention_head_size': 3, 'learning_rate': 0.0037040457158811785}. Best is trial 10 with value: 43.0443000793457.
LOCAL_RANK: 0 - CUDA_VISIBLE_DEVICES: [0]
[I 2023-12-16 06:28:53,433] Trial 38 finished with value: 85.1214370727539 and parameters: {'gradient_clip_val': 0.26750515865459457, 'hidden_size': 8, 'dropout': 0.19216834910547984, 'hidden_continuous_size': 6, 'attention_head_size': 1, 'learning_rate': 0.03804163574214139}. Best is trial 10 with value: 43.0443000793457.
LOCAL_RANK: 0 - CUDA_VISIBLE_DEVICES: [0]
[I 2023-12-16 06:29:27,956] Trial 39 finished with value: 47.29683303833008 and parameters: {'gradient_clip_val': 0.7321116870634696, 'hidden_size': 5, 'dropout': 0.22243685749972306, 'hidden_continuous_size': 5, 'attention_head_size': 3, 'learning_rate': 0.010424389793712246}. Best is trial 10 with value: 43.0443000793457.
LOCAL_RANK: 0 - CUDA_VISIBLE_DEVICES: [0]
[I 2023-12-16 06:30:01,651] Trial 40 finished with value: 46.279937744140625 and parameters: {'gradient_clip_val': 0.8863820015234144, 'hidden_size': 5, 'dropout': 0.20046203676192156, 'hidden_continuous_size': 5, 'attention_head_size': 2, 'learning_rate': 0.009904724796315347}. Best is trial 10 with value: 43.0443000793457.
LOCAL_RANK: 0 - CUDA_VISIBLE_DEVICES: [0]
[I 2023-12-16 06:30:35,414] Trial 41 finished with value: 51.36566162109375 and parameters: {'gradient_clip_val': 0.9751774048971421, 'hidden_size': 5, 'dropout': 0.22751714502698278, 'hidden_continuous_size': 5, 'attention_head_size': 2, 'learning_rate': 0.009053481647055914}. Best is trial 10 with value: 43.0443000793457.
LOCAL_RANK: 0 - CUDA_VISIBLE_DEVICES: [0]
[I 2023-12-16 06:31:08,889] Trial 42 finished with value: 52.31172180175781 and parameters: {'gradient_clip_val': 0.6911311224544612, 'hidden_size': 5, 'dropout': 0.19964135045975676, 'hidden_continuous_size': 5, 'attention_head_size': 1, 'learning_rate': 0.013494146158853955}. Best is trial 10 with value: 43.0443000793457.
LOCAL_RANK: 0 - CUDA_VISIBLE_DEVICES: [0]
[I 2023-12-16 06:31:53,921] Trial 43 finished with value: 53.55881118774414 and parameters: {'gradient_clip_val': 0.8352893143320247, 'hidden_size': 6, 'dropout': 0.1794746909373686, 'hidden_continuous_size': 5, 'attention_head_size': 3, 'learning_rate': 0.007897455983922}. Best is trial 10 with value: 43.0443000793457.
LOCAL_RANK: 0 - CUDA_VISIBLE_DEVICES: [0]
[I 2023-12-16 06:32:38,839] Trial 44 finished with value: 54.6904411315918 and parameters: {'gradient_clip_val': 0.7401570512405805, 'hidden_size': 7, 'dropout': 0.2241972456511812, 'hidden_continuous_size': 5, 'attention_head_size': 2, 'learning_rate': 0.006094133536490635}. Best is trial 10 with value: 43.0443000793457.
LOCAL_RANK: 0 - CUDA_VISIBLE_DEVICES: [0]
[I 2023-12-16 06:33:12,328] Trial 45 finished with value: 71.53490447998047 and parameters: {'gradient_clip_val': 0.5903958701426465, 'hidden_size': 5, 'dropout': 0.15222205352062057, 'hidden_continuous_size': 5, 'attention_head_size': 1, 'learning_rate': 0.011393227164872306}. Best is trial 10 with value: 43.0443000793457.
LOCAL_RANK: 0 - CUDA_VISIBLE_DEVICES: [0]
[I 2023-12-16 06:33:57,491] Trial 46 finished with value: 56.199615478515625 and parameters: {'gradient_clip_val': 0.8922918968652678, 'hidden_size': 6, 'dropout': 0.2113476900825805, 'hidden_continuous_size': 5, 'attention_head_size': 3, 'learning_rate': 0.01667716307532091}. Best is trial 10 with value: 43.0443000793457.
LOCAL_RANK: 0 - CUDA_VISIBLE_DEVICES: [0]
