[I 2023-12-16 09:23:36,040] Trial 2 finished with value: 0.08532292395830154 and parameters: {'gradient_clip_val': 0.39952650900264425, 'hidden_size': 45, 'dropout': 0.34662402939424275, 'hidden_continuous_size': 19, 'attention_head_size': 4, 'learning_rate': 0.050650602061763916}. Best is trial 2 with value: 0.08532292395830154.
LOCAL_RANK: 0 - CUDA_VISIBLE_DEVICES: [0]
[I 2023-12-16 09:24:29,988] Trial 3 finished with value: 0.15748292207717896 and parameters: {'gradient_clip_val': 0.196903416452072, 'hidden_size': 34, 'dropout': 0.142695597303923, 'hidden_continuous_size': 32, 'attention_head_size': 4, 'learning_rate': 0.0007937481690444933}. Best is trial 2 with value: 0.08532292395830154.
LOCAL_RANK: 0 - CUDA_VISIBLE_DEVICES: [0]
[I 2023-12-16 09:25:16,117] Trial 4 finished with value: 0.052417412400245667 and parameters: {'gradient_clip_val': 0.10704060579767297, 'hidden_size': 6, 'dropout': 0.14746301149697866, 'hidden_continuous_size': 5, 'attention_head_size': 4, 'learning_rate': 0.09305689347726846}. Best is trial 4 with value: 0.052417412400245667.
LOCAL_RANK: 0 - CUDA_VISIBLE_DEVICES: [0]
[I 2023-12-16 09:26:06,455] Trial 5 finished with value: 0.26324155926704407 and parameters: {'gradient_clip_val': 0.12955793142184663, 'hidden_size': 35, 'dropout': 0.21073548671932413, 'hidden_continuous_size': 9, 'attention_head_size': 3, 'learning_rate': 0.01342904191646926}. Best is trial 4 with value: 0.052417412400245667.
LOCAL_RANK: 0 - CUDA_VISIBLE_DEVICES: [0]
[I 2023-12-16 09:26:50,433] Trial 6 finished with value: 0.1923535019159317 and parameters: {'gradient_clip_val': 0.8023744778072657, 'hidden_size': 12, 'dropout': 0.22537426674079375, 'hidden_continuous_size': 7, 'attention_head_size': 1, 'learning_rate': 0.059292615919217605}. Best is trial 4 with value: 0.052417412400245667.
LOCAL_RANK: 0 - CUDA_VISIBLE_DEVICES: [0]
[I 2023-12-16 09:27:37,585] Trial 7 finished with value: 0.1757989376783371 and parameters: {'gradient_clip_val': 0.4879871312506685, 'hidden_size': 19, 'dropout': 0.21016297096464714, 'hidden_continuous_size': 5, 'attention_head_size': 3, 'learning_rate': 0.03206334811204319}. Best is trial 4 with value: 0.052417412400245667.
LOCAL_RANK: 0 - CUDA_VISIBLE_DEVICES: [0]
[I 2023-12-16 09:28:23,243] Trial 8 finished with value: 0.06525381654500961 and parameters: {'gradient_clip_val': 0.18176971987181884, 'hidden_size': 12, 'dropout': 0.3568228300745626, 'hidden_continuous_size': 6, 'attention_head_size': 4, 'learning_rate': 0.024124136215897922}. Best is trial 4 with value: 0.052417412400245667.
LOCAL_RANK: 0 - CUDA_VISIBLE_DEVICES: [0]
[I 2023-12-16 09:29:09,690] Trial 9 finished with value: 0.6205717325210571 and parameters: {'gradient_clip_val': 0.11229353279287267, 'hidden_size': 10, 'dropout': 0.31359038145753104, 'hidden_continuous_size': 8, 'attention_head_size': 3, 'learning_rate': 0.00278742553581086}. Best is trial 4 with value: 0.052417412400245667.
LOCAL_RANK: 0 - CUDA_VISIBLE_DEVICES: [0]
[I 2023-12-16 09:29:43,357] Trial 10 finished with value: 0.11604718118906021 and parameters: {'gradient_clip_val': 0.263284523972645, 'hidden_size': 5, 'dropout': 0.14595686076318187, 'hidden_continuous_size': 5, 'attention_head_size': 1, 'learning_rate': 0.0879192273372098}. Best is trial 4 with value: 0.052417412400245667.
LOCAL_RANK: 0 - CUDA_VISIBLE_DEVICES: [0]
[I 2023-12-16 09:30:17,834] Trial 11 finished with value: 0.07096944749355316 and parameters: {'gradient_clip_val': 0.10400954349584833, 'hidden_size': 5, 'dropout': 0.3827686965217883, 'hidden_continuous_size': 5, 'attention_head_size': 2, 'learning_rate': 0.02502676909584522}. Best is trial 4 with value: 0.052417412400245667.
LOCAL_RANK: 0 - CUDA_VISIBLE_DEVICES: [0]
[I 2023-12-16 09:31:03,218] Trial 12 finished with value: 0.10237210988998413 and parameters: {'gradient_clip_val': 0.18064694191310898, 'hidden_size': 9, 'dropout': 0.2992371553001528, 'hidden_continuous_size': 5, 'attention_head_size': 2, 'learning_rate': 0.09974005037534447}. Best is trial 4 with value: 0.052417412400245667.
LOCAL_RANK: 0 - CUDA_VISIBLE_DEVICES: [0]
[I 2023-12-16 09:31:49,528] Trial 13 finished with value: 0.08135663717985153 and parameters: {'gradient_clip_val': 0.18829257922963238, 'hidden_size': 7, 'dropout': 0.27346441554914913, 'hidden_continuous_size': 5, 'attention_head_size': 4, 'learning_rate': 0.025301751678611806}. Best is trial 4 with value: 0.052417412400245667.
LOCAL_RANK: 0 - CUDA_VISIBLE_DEVICES: [0]
[I 2023-12-16 09:32:35,672] Trial 14 finished with value: 0.1603202372789383 and parameters: {'gradient_clip_val': 0.14964723208765354, 'hidden_size': 15, 'dropout': 0.3982034378634451, 'hidden_continuous_size': 6, 'attention_head_size': 3, 'learning_rate': 0.036699131147019566}. Best is trial 4 with value: 0.052417412400245667.
LOCAL_RANK: 0 - CUDA_VISIBLE_DEVICES: [0]
[I 2023-12-16 09:33:21,599] Trial 15 finished with value: 0.15442389249801636 and parameters: {'gradient_clip_val': 0.10304606852065192, 'hidden_size': 7, 'dropout': 0.3443501739950705, 'hidden_continuous_size': 5, 'attention_head_size': 4, 'learning_rate': 0.01503002262853244}. Best is trial 4 with value: 0.052417412400245667.
LOCAL_RANK: 0 - CUDA_VISIBLE_DEVICES: [0]
[I 2023-12-16 09:34:07,379] Trial 16 finished with value: 0.6743505597114563 and parameters: {'gradient_clip_val': 0.2681866269712543, 'hidden_size': 15, 'dropout': 0.26744638386279174, 'hidden_continuous_size': 7, 'attention_head_size': 2, 'learning_rate': 0.005426999702984239}. Best is trial 4 with value: 0.052417412400245667.
LOCAL_RANK: 0 - CUDA_VISIBLE_DEVICES: [0]
[I 2023-12-16 09:34:52,856] Trial 17 finished with value: 0.07786863297224045 and parameters: {'gradient_clip_val': 0.15440668814123026, 'hidden_size': 7, 'dropout': 0.17810799895404175, 'hidden_continuous_size': 5, 'attention_head_size': 3, 'learning_rate': 0.060745646432993655}. Best is trial 4 with value: 0.052417412400245667.
LOCAL_RANK: 0 - CUDA_VISIBLE_DEVICES: [0]
[I 2023-12-16 09:35:42,653] Trial 18 finished with value: 0.048435792326927185 and parameters: {'gradient_clip_val': 0.22375602647589216, 'hidden_size': 22, 'dropout': 0.10612522646416492, 'hidden_continuous_size': 11, 'attention_head_size': 4, 'learning_rate': 0.01768462771972299}. Best is trial 18 with value: 0.048435792326927185.
LOCAL_RANK: 0 - CUDA_VISIBLE_DEVICES: [0]
[I 2023-12-16 09:36:32,207] Trial 19 finished with value: 0.06718321889638901 and parameters: {'gradient_clip_val': 0.25095560081331636, 'hidden_size': 23, 'dropout': 0.10754305378446691, 'hidden_continuous_size': 11, 'attention_head_size': 3, 'learning_rate': 0.005951976315483208}. Best is trial 18 with value: 0.048435792326927185.
LOCAL_RANK: 0 - CUDA_VISIBLE_DEVICES: [0]
[I 2023-12-16 09:37:22,115] Trial 20 finished with value: 0.08052065968513489 and parameters: {'gradient_clip_val': 0.3362805421038825, 'hidden_size': 23, 'dropout': 0.10102387605374068, 'hidden_continuous_size': 11, 'attention_head_size': 4, 'learning_rate': 0.04837083120754478}. Best is trial 18 with value: 0.048435792326927185.
LOCAL_RANK: 0 - CUDA_VISIBLE_DEVICES: [0]
[I 2023-12-16 09:38:07,207] Trial 21 finished with value: 0.15973110496997833 and parameters: {'gradient_clip_val': 0.21228531047824173, 'hidden_size': 12, 'dropout': 0.1662043820046244, 'hidden_continuous_size': 6, 'attention_head_size': 4, 'learning_rate': 0.020406804020480195}. Best is trial 18 with value: 0.048435792326927185.
LOCAL_RANK: 0 - CUDA_VISIBLE_DEVICES: [0]
[I 2023-12-16 09:38:53,643] Trial 22 finished with value: 0.19886808097362518 and parameters: {'gradient_clip_val': 0.1644876328188052, 'hidden_size': 9, 'dropout': 0.1317218398047729, 'hidden_continuous_size': 6, 'attention_head_size': 4, 'learning_rate': 0.01721739614535067}. Best is trial 18 with value: 0.048435792326927185.
LOCAL_RANK: 0 - CUDA_VISIBLE_DEVICES: [0]
[I 2023-12-16 09:39:39,315] Trial 23 finished with value: 0.10350006073713303 and parameters: {'gradient_clip_val': 0.12047444389917031, 'hidden_size': 16, 'dropout': 0.17651020865474937, 'hidden_continuous_size': 7, 'attention_head_size': 4, 'learning_rate': 0.03366013973078841}. Best is trial 18 with value: 0.048435792326927185.
LOCAL_RANK: 0 - CUDA_VISIBLE_DEVICES: [0]
[I 2023-12-16 09:40:27,143] Trial 24 finished with value: 0.06978271156549454 and parameters: {'gradient_clip_val': 0.13732093823172373, 'hidden_size': 20, 'dropout': 0.12719293387631747, 'hidden_continuous_size': 10, 'attention_head_size': 3, 'learning_rate': 0.009890650154562333}. Best is trial 18 with value: 0.048435792326927185.
LOCAL_RANK: 0 - CUDA_VISIBLE_DEVICES: [0]
[I 2023-12-16 09:41:02,145] Trial 25 finished with value: 0.3303251266479492 and parameters: {'gradient_clip_val': 0.2184480648998206, 'hidden_size': 5, 'dropout': 0.16079341675120457, 'hidden_continuous_size': 5, 'attention_head_size': 4, 'learning_rate': 0.07246485746586133}. Best is trial 18 with value: 0.048435792326927185.
LOCAL_RANK: 0 - CUDA_VISIBLE_DEVICES: [0]
[I 2023-12-16 09:41:46,705] Trial 26 finished with value: 0.05942349508404732 and parameters: {'gradient_clip_val': 0.16630826923117167, 'hidden_size': 12, 'dropout': 0.1899157101402167, 'hidden_continuous_size': 6, 'attention_head_size': 3, 'learning_rate': 0.040519528830794765}. Best is trial 18 with value: 0.048435792326927185.
LOCAL_RANK: 0 - CUDA_VISIBLE_DEVICES: [0]
[I 2023-12-16 09:42:36,439] Trial 27 finished with value: 0.10083393007516861 and parameters: {'gradient_clip_val': 0.12448428780757721, 'hidden_size': 27, 'dropout': 0.19005099349819488, 'hidden_continuous_size': 14, 'attention_head_size': 2, 'learning_rate': 0.0998786517153441}. Best is trial 18 with value: 0.048435792326927185.
LOCAL_RANK: 0 - CUDA_VISIBLE_DEVICES: [0]
[I 2023-12-16 09:43:35,400] Trial 28 finished with value: 0.1335725635290146 and parameters: {'gradient_clip_val': 0.1524744371702656, 'hidden_size': 98, 'dropout': 0.15050133075864316, 'hidden_continuous_size': 89, 'attention_head_size': 3, 'learning_rate': 0.043193641080265736}. Best is trial 18 with value: 0.048435792326927185.
LOCAL_RANK: 0 - CUDA_VISIBLE_DEVICES: [0]
[I 2023-12-16 09:44:22,722] Trial 29 finished with value: 0.08615636825561523 and parameters: {'gradient_clip_val': 0.13476847136368267, 'hidden_size': 17, 'dropout': 0.12412224851625642, 'hidden_continuous_size': 7, 'attention_head_size': 3, 'learning_rate': 0.07442044084695086}. Best is trial 18 with value: 0.048435792326927185.
LOCAL_RANK: 0 - CUDA_VISIBLE_DEVICES: [0]
[I 2023-12-16 09:45:08,085] Trial 30 finished with value: 0.08993466943502426 and parameters: {'gradient_clip_val': 0.1158415838839072, 'hidden_size': 6, 'dropout': 0.10096044520407994, 'hidden_continuous_size': 5, 'attention_head_size': 2, 'learning_rate': 0.04059541814106514}. Best is trial 18 with value: 0.048435792326927185.
LOCAL_RANK: 0 - CUDA_VISIBLE_DEVICES: [0]
[I 2023-12-16 09:45:53,520] Trial 31 finished with value: 0.09268944710493088 and parameters: {'gradient_clip_val': 0.16880823406487988, 'hidden_size': 12, 'dropout': 0.1253257473470499, 'hidden_continuous_size': 6, 'attention_head_size': 4, 'learning_rate': 0.025113988416928277}. Best is trial 18 with value: 0.048435792326927185.
LOCAL_RANK: 0 - CUDA_VISIBLE_DEVICES: [0]
[I 2023-12-16 09:46:40,186] Trial 32 finished with value: 0.06575828045606613 and parameters: {'gradient_clip_val': 0.17555223437376746, 'hidden_size': 13, 'dropout': 0.15425707428938754, 'hidden_continuous_size': 6, 'attention_head_size': 4, 'learning_rate': 0.05576032581776267}. Best is trial 18 with value: 0.048435792326927185.
LOCAL_RANK: 0 - CUDA_VISIBLE_DEVICES: [0]
[I 2023-12-16 09:47:26,610] Trial 33 finished with value: 0.13683004677295685 and parameters: {'gradient_clip_val': 0.2264895437644057, 'hidden_size': 9, 'dropout': 0.19065710393792523, 'hidden_continuous_size': 6, 'attention_head_size': 4, 'learning_rate': 0.028795385383699853}. Best is trial 18 with value: 0.048435792326927185.
LOCAL_RANK: 0 - CUDA_VISIBLE_DEVICES: [0]
[I 2023-12-16 09:48:13,110] Trial 34 finished with value: 0.0953422412276268 and parameters: {'gradient_clip_val': 0.1943263524119571, 'hidden_size': 10, 'dropout': 0.23810678154902593, 'hidden_continuous_size': 6, 'attention_head_size': 4, 'learning_rate': 0.04940745296743356}. Best is trial 18 with value: 0.048435792326927185.
LOCAL_RANK: 0 - CUDA_VISIBLE_DEVICES: [0]
[I 2023-12-16 09:49:01,036] Trial 35 finished with value: 0.08704060316085815 and parameters: {'gradient_clip_val': 0.1441494338771114, 'hidden_size': 18, 'dropout': 0.13994751075241404, 'hidden_continuous_size': 8, 'attention_head_size': 4, 'learning_rate': 0.07108834612407158}. Best is trial 18 with value: 0.048435792326927185.
LOCAL_RANK: 0 - CUDA_VISIBLE_DEVICES: [0]
[I 2023-12-16 09:49:51,431] Trial 36 finished with value: 0.062587670981884 and parameters: {'gradient_clip_val': 0.10123244519029273, 'hidden_size': 29, 'dropout': 0.11218939173907357, 'hidden_continuous_size': 9, 'attention_head_size': 4, 'learning_rate': 0.018020729270924726}. Best is trial 18 with value: 0.048435792326927185.
LOCAL_RANK: 0 - CUDA_VISIBLE_DEVICES: [0]
[I 2023-12-16 09:50:40,951] Trial 37 finished with value: 0.0639406219124794 and parameters: {'gradient_clip_val': 0.10099312183517803, 'hidden_size': 29, 'dropout': 0.11382561502337196, 'hidden_continuous_size': 9, 'attention_head_size': 3, 'learning_rate': 0.012072936439569765}. Best is trial 18 with value: 0.048435792326927185.
LOCAL_RANK: 0 - CUDA_VISIBLE_DEVICES: [0]
[I 2023-12-16 09:51:34,079] Trial 38 finished with value: 0.08305960893630981 and parameters: {'gradient_clip_val': 0.12561070445150832, 'hidden_size': 45, 'dropout': 0.11728193363173839, 'hidden_continuous_size': 8, 'attention_head_size': 4, 'learning_rate': 0.01846615712887351}. Best is trial 18 with value: 0.048435792326927185.
LOCAL_RANK: 0 - CUDA_VISIBLE_DEVICES: [0]
[I 2023-12-16 09:52:24,295] Trial 39 finished with value: 0.28850147128105164 and parameters: {'gradient_clip_val': 0.1167520629578346, 'hidden_size': 36, 'dropout': 0.1399388062997769, 'hidden_continuous_size': 13, 'attention_head_size': 3, 'learning_rate': 0.03538292899036906}. Best is trial 18 with value: 0.048435792326927185.
LOCAL_RANK: 0 - CUDA_VISIBLE_DEVICES: [0]
[I 2023-12-16 09:53:12,305] Trial 40 finished with value: 0.582135021686554 and parameters: {'gradient_clip_val': 0.13499381292333887, 'hidden_size': 19, 'dropout': 0.11576539648465987, 'hidden_continuous_size': 10, 'attention_head_size': 1, 'learning_rate': 0.019923005577951403}. Best is trial 18 with value: 0.048435792326927185.
LOCAL_RANK: 0 - CUDA_VISIBLE_DEVICES: [0]
[I 2023-12-16 09:54:02,292] Trial 41 finished with value: 0.0676477923989296 and parameters: {'gradient_clip_val': 0.10391984309956337, 'hidden_size': 26, 'dropout': 0.1144756333196529, 'hidden_continuous_size': 10, 'attention_head_size': 3, 'learning_rate': 0.011959960905409196}. Best is trial 18 with value: 0.048435792326927185.
LOCAL_RANK: 0 - CUDA_VISIBLE_DEVICES: [0]
[I 2023-12-16 09:54:51,874] Trial 42 finished with value: 0.18396739661693573 and parameters: {'gradient_clip_val': 0.10001104830409742, 'hidden_size': 31, 'dropout': 0.13654421274465162, 'hidden_continuous_size': 9, 'attention_head_size': 3, 'learning_rate': 0.012103129833614399}. Best is trial 18 with value: 0.048435792326927185.
LOCAL_RANK: 0 - CUDA_VISIBLE_DEVICES: [0]
[I 2023-12-16 09:55:44,486] Trial 43 finished with value: 0.2878014147281647 and parameters: {'gradient_clip_val': 0.12089398677001312, 'hidden_size': 52, 'dropout': 0.15028888263093101, 'hidden_continuous_size': 8, 'attention_head_size': 3, 'learning_rate': 0.008514535385100832}. Best is trial 18 with value: 0.048435792326927185.
LOCAL_RANK: 0 - CUDA_VISIBLE_DEVICES: [0]
[I 2023-12-16 09:56:35,140] Trial 44 finished with value: 0.06270989030599594 and parameters: {'gradient_clip_val': 0.11152088610836043, 'hidden_size': 29, 'dropout': 0.11495413087990138, 'hidden_continuous_size': 9, 'attention_head_size': 4, 'learning_rate': 0.014159291915566051}. Best is trial 18 with value: 0.048435792326927185.
LOCAL_RANK: 0 - CUDA_VISIBLE_DEVICES: [0]
[I 2023-12-16 09:57:24,289] Trial 45 finished with value: 0.06905052810907364 and parameters: {'gradient_clip_val': 0.11056760760160202, 'hidden_size': 21, 'dropout': 0.13144468818773364, 'hidden_continuous_size': 7, 'attention_head_size': 4, 'learning_rate': 0.02974683288275567}. Best is trial 18 with value: 0.048435792326927185.
LOCAL_RANK: 0 - CUDA_VISIBLE_DEVICES: [0]
[I 2023-12-16 09:58:16,697] Trial 46 finished with value: 0.11750533431768417 and parameters: {'gradient_clip_val': 0.13802372925471137, 'hidden_size': 38, 'dropout': 0.16234700024752166, 'hidden_continuous_size': 13, 'attention_head_size': 4, 'learning_rate': 0.015023810400392745}. Best is trial 18 with value: 0.048435792326927185.
LOCAL_RANK: 0 - CUDA_VISIBLE_DEVICES: [0]
[I 2023-12-16 09:59:05,488] Trial 47 finished with value: 0.0932820662856102 and parameters: {'gradient_clip_val': 0.15660256782377693, 'hidden_size': 24, 'dropout': 0.10217121530547782, 'hidden_continuous_size': 9, 'attention_head_size': 4, 'learning_rate': 0.02388921103391189}. Best is trial 18 with value: 0.048435792326927185.
LOCAL_RANK: 0 - CUDA_VISIBLE_DEVICES: [0]
[I 2023-12-16 09:59:55,392] Trial 48 finished with value: 0.07534521818161011 and parameters: {'gradient_clip_val': 0.1111425230158872, 'hidden_size': 30, 'dropout': 0.13952152912996166, 'hidden_continuous_size': 8, 'attention_head_size': 4, 'learning_rate': 0.0392293785632051}. Best is trial 18 with value: 0.048435792326927185.
LOCAL_RANK: 0 - CUDA_VISIBLE_DEVICES: [0]
[I 2023-12-16 10:00:45,132] Trial 49 finished with value: 0.12224054336547852 and parameters: {'gradient_clip_val': 0.14722642176869352, 'hidden_size': 21, 'dropout': 0.14808835584078153, 'hidden_continuous_size': 11, 'attention_head_size': 4, 'learning_rate': 0.017245612910836695}. Best is trial 18 with value: 0.048435792326927185.
[I 2023-12-16 10:00:45,225] A new study created in memory with name: no-name-b384d8c3-c9f3-4ea1-9320-9d27dc699d0e
/home/le004/conda/anaconda3/envs/tsff_env/lib/python3.9/site-packages/lightning/fabric/plugins/environments/slurm.py:191: The `srun` command is available on your system but is not used. HINT: If your intention is to run Lightning on SLURM, prepend your python command with `srun` like so: srun python /home/le004/master_thesis/git/TSFusionForecast/code/ ...
LOCAL_RANK: 0 - CUDA_VISIBLE_DEVICES: [0]
[I 2023-12-16 10:01:37,178] Trial 0 finished with value: 0.15237660706043243 and parameters: {'gradient_clip_val': 0.7368876585497097, 'hidden_size': 68, 'dropout': 0.14625139237266627, 'hidden_continuous_size': 7, 'attention_head_size': 2, 'learning_rate': 0.020805449160825263}. Best is trial 0 with value: 0.15237660706043243.
LOCAL_RANK: 0 - CUDA_VISIBLE_DEVICES: [0]
[I 2023-12-16 10:02:32,143] Trial 1 finished with value: 0.11917994171380997 and parameters: {'gradient_clip_val': 0.10324680151327571, 'hidden_size': 76, 'dropout': 0.19728760246462768, 'hidden_continuous_size': 21, 'attention_head_size': 4, 'learning_rate': 0.004158571086204513}. Best is trial 1 with value: 0.11917994171380997.
LOCAL_RANK: 0 - CUDA_VISIBLE_DEVICES: [0]
[I 2023-12-16 10:03:24,538] Trial 2 finished with value: 0.6097176671028137 and parameters: {'gradient_clip_val': 0.13929693321032857, 'hidden_size': 51, 'dropout': 0.3631469973924415, 'hidden_continuous_size': 5, 'attention_head_size': 3, 'learning_rate': 0.0014113796299299436}. Best is trial 1 with value: 0.11917994171380997.
LOCAL_RANK: 0 - CUDA_VISIBLE_DEVICES: [0]
[I 2023-12-16 10:04:13,807] Trial 3 finished with value: 0.147901713848114 and parameters: {'gradient_clip_val': 0.2089571790592022, 'hidden_size': 32, 'dropout': 0.13419349522376584, 'hidden_continuous_size': 8, 'attention_head_size': 3, 'learning_rate': 0.0015062549264653422}. Best is trial 1 with value: 0.11917994171380997.
LOCAL_RANK: 0 - CUDA_VISIBLE_DEVICES: [0]
[I 2023-12-16 10:04:48,486] Trial 4 finished with value: 2.9369919300079346 and parameters: {'gradient_clip_val': 0.2365222880788443, 'hidden_size': 5, 'dropout': 0.1478781536998719, 'hidden_continuous_size': 5, 'attention_head_size': 3, 'learning_rate': 0.0005093849884188553}. Best is trial 1 with value: 0.11917994171380997.
LOCAL_RANK: 0 - CUDA_VISIBLE_DEVICES: [0]
[I 2023-12-16 10:05:40,207] Trial 5 finished with value: 0.5886533856391907 and parameters: {'gradient_clip_val': 0.3562999693117724, 'hidden_size': 67, 'dropout': 0.18789884809358176, 'hidden_continuous_size': 6, 'attention_head_size': 2, 'learning_rate': 0.019924770047570352}. Best is trial 1 with value: 0.11917994171380997.
LOCAL_RANK: 0 - CUDA_VISIBLE_DEVICES: [0]
[I 2023-12-16 10:06:13,893] Trial 6 finished with value: 0.11608782410621643 and parameters: {'gradient_clip_val': 0.4700432528078125, 'hidden_size': 5, 'dropout': 0.345086080484552, 'hidden_continuous_size': 5, 'attention_head_size': 1, 'learning_rate': 0.019478963645951964}. Best is trial 6 with value: 0.11608782410621643.
LOCAL_RANK: 0 - CUDA_VISIBLE_DEVICES: [0]
[I 2023-12-16 10:07:01,833] Trial 7 finished with value: 0.08289401978254318 and parameters: {'gradient_clip_val': 0.17251835686868572, 'hidden_size': 24, 'dropout': 0.25811633932617206, 'hidden_continuous_size': 6, 'attention_head_size': 3, 'learning_rate': 0.07262252886726248}. Best is trial 7 with value: 0.08289401978254318.
LOCAL_RANK: 0 - CUDA_VISIBLE_DEVICES: [0]
[I 2023-12-16 10:07:55,532] Trial 8 finished with value: 0.07075072079896927 and parameters: {'gradient_clip_val': 0.19699822741523473, 'hidden_size': 52, 'dropout': 0.15828998538131225, 'hidden_continuous_size': 38, 'attention_head_size': 3, 'learning_rate': 0.007788232652884988}. Best is trial 8 with value: 0.07075072079896927.
LOCAL_RANK: 0 - CUDA_VISIBLE_DEVICES: [0]
