[I 2023-12-16 04:54:15,659] Trial 9 finished with value: 0.22220975160598755 and parameters: {'gradient_clip_val': 0.1748195351269635, 'hidden_size': 60, 'dropout': 0.2958249344678466, 'hidden_continuous_size': 26, 'attention_head_size': 2, 'learning_rate': 0.0012175291045277373}. Best is trial 7 with value: 0.06443050503730774.
LOCAL_RANK: 0 - CUDA_VISIBLE_DEVICES: [0]
[I 2023-12-16 04:54:53,147] Trial 10 finished with value: 0.761071503162384 and parameters: {'gradient_clip_val': 0.12790062407048247, 'hidden_size': 36, 'dropout': 0.1086366878990753, 'hidden_continuous_size': 36, 'attention_head_size': 4, 'learning_rate': 0.0026195305136401392}. Best is trial 7 with value: 0.06443050503730774.
LOCAL_RANK: 0 - CUDA_VISIBLE_DEVICES: [0]
[I 2023-12-16 04:55:29,828] Trial 11 finished with value: 0.09531915187835693 and parameters: {'gradient_clip_val': 0.4088003560795982, 'hidden_size': 5, 'dropout': 0.324467214160971, 'hidden_continuous_size': 5, 'attention_head_size': 3, 'learning_rate': 0.06545189877609828}. Best is trial 7 with value: 0.06443050503730774.
LOCAL_RANK: 0 - CUDA_VISIBLE_DEVICES: [0]
[I 2023-12-16 04:56:15,843] Trial 12 finished with value: 0.08721145242452621 and parameters: {'gradient_clip_val': 0.25150987790168283, 'hidden_size': 7, 'dropout': 0.39949492583477464, 'hidden_continuous_size': 5, 'attention_head_size': 3, 'learning_rate': 0.02076351317320767}. Best is trial 7 with value: 0.06443050503730774.
LOCAL_RANK: 0 - CUDA_VISIBLE_DEVICES: [0]
[I 2023-12-16 04:57:00,887] Trial 13 finished with value: 0.46451303362846375 and parameters: {'gradient_clip_val': 0.558612029987505, 'hidden_size': 11, 'dropout': 0.22087249146738502, 'hidden_continuous_size': 6, 'attention_head_size': 1, 'learning_rate': 0.0023974697887109513}. Best is trial 7 with value: 0.06443050503730774.
LOCAL_RANK: 0 - CUDA_VISIBLE_DEVICES: [0]
[I 2023-12-16 04:57:47,433] Trial 14 finished with value: 0.07772504538297653 and parameters: {'gradient_clip_val': 0.3889128421660115, 'hidden_size': 10, 'dropout': 0.31821617783730594, 'hidden_continuous_size': 7, 'attention_head_size': 4, 'learning_rate': 0.03649846899165139}. Best is trial 7 with value: 0.06443050503730774.
LOCAL_RANK: 0 - CUDA_VISIBLE_DEVICES: [0]
[I 2023-12-16 04:58:23,700] Trial 15 finished with value: 1.323002815246582 and parameters: {'gradient_clip_val': 0.10199634427697761, 'hidden_size': 5, 'dropout': 0.22261436766802217, 'hidden_continuous_size': 5, 'attention_head_size': 3, 'learning_rate': 0.012864155279875595}. Best is trial 7 with value: 0.06443050503730774.
LOCAL_RANK: 0 - CUDA_VISIBLE_DEVICES: [0]
[I 2023-12-16 04:59:11,264] Trial 16 finished with value: 0.05802848935127258 and parameters: {'gradient_clip_val': 0.21508965425453802, 'hidden_size': 28, 'dropout': 0.2770720240451404, 'hidden_continuous_size': 8, 'attention_head_size': 1, 'learning_rate': 0.08706872560063447}. Best is trial 16 with value: 0.05802848935127258.
LOCAL_RANK: 0 - CUDA_VISIBLE_DEVICES: [0]
[I 2023-12-16 05:00:00,385] Trial 17 finished with value: 0.08937247842550278 and parameters: {'gradient_clip_val': 0.18916993112868744, 'hidden_size': 33, 'dropout': 0.21970653735558696, 'hidden_continuous_size': 9, 'attention_head_size': 1, 'learning_rate': 0.09674140452430352}. Best is trial 16 with value: 0.05802848935127258.
LOCAL_RANK: 0 - CUDA_VISIBLE_DEVICES: [0]
[I 2023-12-16 05:00:37,615] Trial 18 finished with value: 0.07155291736125946 and parameters: {'gradient_clip_val': 0.3037532732085054, 'hidden_size': 47, 'dropout': 0.2816587435084351, 'hidden_continuous_size': 47, 'attention_head_size': 1, 'learning_rate': 0.018985052141230432}. Best is trial 16 with value: 0.05802848935127258.
LOCAL_RANK: 0 - CUDA_VISIBLE_DEVICES: [0]
[I 2023-12-16 05:01:26,335] Trial 19 finished with value: 0.06679125875234604 and parameters: {'gradient_clip_val': 0.184043890682387, 'hidden_size': 25, 'dropout': 0.1979201328448215, 'hidden_continuous_size': 9, 'attention_head_size': 1, 'learning_rate': 0.006602079131154107}. Best is trial 16 with value: 0.05802848935127258.
LOCAL_RANK: 0 - CUDA_VISIBLE_DEVICES: [0]
[I 2023-12-16 05:02:13,727] Trial 20 finished with value: 1.054805874824524 and parameters: {'gradient_clip_val': 0.23705712873615026, 'hidden_size': 19, 'dropout': 0.2570114808174551, 'hidden_continuous_size': 8, 'attention_head_size': 1, 'learning_rate': 0.0037037542947041496}. Best is trial 16 with value: 0.05802848935127258.
LOCAL_RANK: 0 - CUDA_VISIBLE_DEVICES: [0]
[I 2023-12-16 05:02:59,330] Trial 21 finished with value: 0.5084044337272644 and parameters: {'gradient_clip_val': 0.442768862824029, 'hidden_size': 13, 'dropout': 0.2909004836176439, 'hidden_continuous_size': 6, 'attention_head_size': 2, 'learning_rate': 0.04802310648863101}. Best is trial 16 with value: 0.05802848935127258.
LOCAL_RANK: 0 - CUDA_VISIBLE_DEVICES: [0]
[I 2023-12-16 05:03:47,552] Trial 22 finished with value: 0.7916695475578308 and parameters: {'gradient_clip_val': 0.32257079832207775, 'hidden_size': 22, 'dropout': 0.3122428255867199, 'hidden_continuous_size': 7, 'attention_head_size': 2, 'learning_rate': 0.08751959927558829}. Best is trial 16 with value: 0.05802848935127258.
LOCAL_RANK: 0 - CUDA_VISIBLE_DEVICES: [0]
[I 2023-12-16 05:04:38,997] Trial 23 finished with value: 0.09698199480772018 and parameters: {'gradient_clip_val': 0.6958596084597946, 'hidden_size': 33, 'dropout': 0.2768219799252539, 'hidden_continuous_size': 16, 'attention_head_size': 2, 'learning_rate': 0.037759970683444034}. Best is trial 16 with value: 0.05802848935127258.
LOCAL_RANK: 0 - CUDA_VISIBLE_DEVICES: [0]
[I 2023-12-16 05:05:23,586] Trial 24 finished with value: 0.048978324979543686 and parameters: {'gradient_clip_val': 0.9969016433718414, 'hidden_size': 8, 'dropout': 0.24912901395444997, 'hidden_continuous_size': 6, 'attention_head_size': 3, 'learning_rate': 0.09993149318216597}. Best is trial 24 with value: 0.048978324979543686.
LOCAL_RANK: 0 - CUDA_VISIBLE_DEVICES: [0]
[I 2023-12-16 05:06:09,450] Trial 25 finished with value: 0.1821359544992447 and parameters: {'gradient_clip_val': 0.6655686316018418, 'hidden_size': 9, 'dropout': 0.2399176816765484, 'hidden_continuous_size': 6, 'attention_head_size': 3, 'learning_rate': 0.06742562370383963}. Best is trial 24 with value: 0.048978324979543686.
LOCAL_RANK: 0 - CUDA_VISIBLE_DEVICES: [0]
[I 2023-12-16 05:06:56,111] Trial 26 finished with value: 1.0524924993515015 and parameters: {'gradient_clip_val': 0.9891503421623964, 'hidden_size': 14, 'dropout': 0.2611386493656971, 'hidden_continuous_size': 8, 'attention_head_size': 4, 'learning_rate': 0.02725086646737799}. Best is trial 24 with value: 0.048978324979543686.
LOCAL_RANK: 0 - CUDA_VISIBLE_DEVICES: [0]
[I 2023-12-16 05:07:43,866] Trial 27 finished with value: 0.27202197909355164 and parameters: {'gradient_clip_val': 0.3590977261214347, 'hidden_size': 20, 'dropout': 0.23409207207831279, 'hidden_continuous_size': 11, 'attention_head_size': 3, 'learning_rate': 0.09319453998090636}. Best is trial 24 with value: 0.048978324979543686.
LOCAL_RANK: 0 - CUDA_VISIBLE_DEVICES: [0]
[I 2023-12-16 05:08:33,421] Trial 28 finished with value: 0.29806089401245117 and parameters: {'gradient_clip_val': 0.9985484227877583, 'hidden_size': 27, 'dropout': 0.19412615880463985, 'hidden_continuous_size': 13, 'attention_head_size': 3, 'learning_rate': 0.053184597633976795}. Best is trial 24 with value: 0.048978324979543686.
LOCAL_RANK: 0 - CUDA_VISIBLE_DEVICES: [0]
[I 2023-12-16 05:09:18,561] Trial 29 finished with value: 0.1241440549492836 and parameters: {'gradient_clip_val': 0.5586220521864205, 'hidden_size': 16, 'dropout': 0.19769709877343355, 'hidden_continuous_size': 10, 'attention_head_size': 1, 'learning_rate': 0.030084797865148786}. Best is trial 24 with value: 0.048978324979543686.
LOCAL_RANK: 0 - CUDA_VISIBLE_DEVICES: [0]
[I 2023-12-16 05:10:03,592] Trial 30 finished with value: 1.4285825490951538 and parameters: {'gradient_clip_val': 0.26583342848089364, 'hidden_size': 8, 'dropout': 0.26554839207083347, 'hidden_continuous_size': 6, 'attention_head_size': 4, 'learning_rate': 0.01623983391386322}. Best is trial 24 with value: 0.048978324979543686.
LOCAL_RANK: 0 - CUDA_VISIBLE_DEVICES: [0]
[I 2023-12-16 05:10:48,908] Trial 31 finished with value: 0.9959840774536133 and parameters: {'gradient_clip_val': 0.4644771014215729, 'hidden_size': 6, 'dropout': 0.29509819548838695, 'hidden_continuous_size': 5, 'attention_head_size': 2, 'learning_rate': 0.04834959857306648}. Best is trial 24 with value: 0.048978324979543686.
LOCAL_RANK: 0 - CUDA_VISIBLE_DEVICES: [0]
[I 2023-12-16 05:11:33,973] Trial 32 finished with value: 0.04621800780296326 and parameters: {'gradient_clip_val': 0.6200522817147226, 'hidden_size': 6, 'dropout': 0.27170125202348916, 'hidden_continuous_size': 5, 'attention_head_size': 2, 'learning_rate': 0.0962867296330468}. Best is trial 32 with value: 0.04621800780296326.
LOCAL_RANK: 0 - CUDA_VISIBLE_DEVICES: [0]
[I 2023-12-16 05:12:18,919] Trial 33 finished with value: 0.07208641618490219 and parameters: {'gradient_clip_val': 0.800333104808687, 'hidden_size': 12, 'dropout': 0.2676821723930711, 'hidden_continuous_size': 7, 'attention_head_size': 3, 'learning_rate': 0.07476777730866783}. Best is trial 32 with value: 0.04621800780296326.
LOCAL_RANK: 0 - CUDA_VISIBLE_DEVICES: [0]
[I 2023-12-16 05:13:06,434] Trial 34 finished with value: 0.41152024269104004 and parameters: {'gradient_clip_val': 0.6823007084066826, 'hidden_size': 17, 'dropout': 0.24852967914606217, 'hidden_continuous_size': 10, 'attention_head_size': 2, 'learning_rate': 0.09815869565845642}. Best is trial 32 with value: 0.04621800780296326.
LOCAL_RANK: 0 - CUDA_VISIBLE_DEVICES: [0]
[I 2023-12-16 05:13:50,284] Trial 35 finished with value: 1.2042425870895386 and parameters: {'gradient_clip_val': 0.6086134932869277, 'hidden_size': 8, 'dropout': 0.2720412918675432, 'hidden_continuous_size': 5, 'attention_head_size': 2, 'learning_rate': 0.06201012970277861}. Best is trial 32 with value: 0.04621800780296326.
LOCAL_RANK: 0 - CUDA_VISIBLE_DEVICES: [0]
[I 2023-12-16 05:14:35,569] Trial 36 finished with value: 0.2695426642894745 and parameters: {'gradient_clip_val': 0.8324122969898566, 'hidden_size': 14, 'dropout': 0.3306411342287361, 'hidden_continuous_size': 7, 'attention_head_size': 1, 'learning_rate': 0.036515180742482424}. Best is trial 32 with value: 0.04621800780296326.
LOCAL_RANK: 0 - CUDA_VISIBLE_DEVICES: [0]
[I 2023-12-16 05:15:20,769] Trial 37 finished with value: 0.10184832662343979 and parameters: {'gradient_clip_val': 0.3741955156025739, 'hidden_size': 6, 'dropout': 0.3023384049593397, 'hidden_continuous_size': 5, 'attention_head_size': 2, 'learning_rate': 0.05424537592443713}. Best is trial 32 with value: 0.04621800780296326.
LOCAL_RANK: 0 - CUDA_VISIBLE_DEVICES: [0]
[I 2023-12-16 05:16:06,844] Trial 38 finished with value: 0.29048100113868713 and parameters: {'gradient_clip_val': 0.7709539507162001, 'hidden_size': 10, 'dropout': 0.279568911773865, 'hidden_continuous_size': 8, 'attention_head_size': 3, 'learning_rate': 0.07405972987813206}. Best is trial 32 with value: 0.04621800780296326.
LOCAL_RANK: 0 - CUDA_VISIBLE_DEVICES: [0]
[I 2023-12-16 05:16:55,308] Trial 39 finished with value: 0.19535720348358154 and parameters: {'gradient_clip_val': 0.5004271171213105, 'hidden_size': 28, 'dropout': 0.2544152176587589, 'hidden_continuous_size': 14, 'attention_head_size': 2, 'learning_rate': 0.008921305680944697}. Best is trial 32 with value: 0.04621800780296326.
LOCAL_RANK: 0 - CUDA_VISIBLE_DEVICES: [0]
[I 2023-12-16 05:17:42,838] Trial 40 finished with value: 0.8631651997566223 and parameters: {'gradient_clip_val': 0.9266035162061809, 'hidden_size': 18, 'dropout': 0.2353373219921601, 'hidden_continuous_size': 11, 'attention_head_size': 1, 'learning_rate': 0.03931230995090389}. Best is trial 32 with value: 0.04621800780296326.
LOCAL_RANK: 0 - CUDA_VISIBLE_DEVICES: [0]
[I 2023-12-16 05:18:27,891] Trial 41 finished with value: 0.045568596571683884 and parameters: {'gradient_clip_val': 0.4910912293884085, 'hidden_size': 6, 'dropout': 0.280366588017301, 'hidden_continuous_size': 5, 'attention_head_size': 2, 'learning_rate': 0.0796383562862357}. Best is trial 41 with value: 0.045568596571683884.
LOCAL_RANK: 0 - CUDA_VISIBLE_DEVICES: [0]
[I 2023-12-16 05:19:03,638] Trial 42 finished with value: 0.3417379558086395 and parameters: {'gradient_clip_val': 0.42155140361382865, 'hidden_size': 5, 'dropout': 0.28230818340750147, 'hidden_continuous_size': 5, 'attention_head_size': 2, 'learning_rate': 0.07842968034673803}. Best is trial 41 with value: 0.045568596571683884.
LOCAL_RANK: 0 - CUDA_VISIBLE_DEVICES: [0]
[I 2023-12-16 05:19:49,082] Trial 43 finished with value: 1.601461410522461 and parameters: {'gradient_clip_val': 0.5103617227382099, 'hidden_size': 7, 'dropout': 0.3047940408610054, 'hidden_continuous_size': 6, 'attention_head_size': 2, 'learning_rate': 0.09975192102061285}. Best is trial 41 with value: 0.045568596571683884.
LOCAL_RANK: 0 - CUDA_VISIBLE_DEVICES: [0]
[I 2023-12-16 05:20:34,418] Trial 44 finished with value: 0.1219058409333229 and parameters: {'gradient_clip_val': 0.8933274525351321, 'hidden_size': 7, 'dropout': 0.2622431547410316, 'hidden_continuous_size': 5, 'attention_head_size': 3, 'learning_rate': 0.05684640914298776}. Best is trial 41 with value: 0.045568596571683884.
LOCAL_RANK: 0 - CUDA_VISIBLE_DEVICES: [0]
[I 2023-12-16 05:21:19,405] Trial 45 finished with value: 0.0944119468331337 and parameters: {'gradient_clip_val': 0.7378298868115968, 'hidden_size': 6, 'dropout': 0.33196257705259163, 'hidden_continuous_size': 5, 'attention_head_size': 2, 'learning_rate': 0.06976475229556756}. Best is trial 41 with value: 0.045568596571683884.
LOCAL_RANK: 0 - CUDA_VISIBLE_DEVICES: [0]
[I 2023-12-16 05:22:13,009] Trial 46 finished with value: 0.3397090435028076 and parameters: {'gradient_clip_val': 0.3479757789770018, 'hidden_size': 43, 'dropout': 0.2916331444225945, 'hidden_continuous_size': 22, 'attention_head_size': 2, 'learning_rate': 0.043839838603906084}. Best is trial 41 with value: 0.045568596571683884.
LOCAL_RANK: 0 - CUDA_VISIBLE_DEVICES: [0]
[I 2023-12-16 05:22:51,524] Trial 47 finished with value: 0.45974817872047424 and parameters: {'gradient_clip_val': 0.6072246920833598, 'hidden_size': 5, 'dropout': 0.26933945641925594, 'hidden_continuous_size': 5, 'attention_head_size': 3, 'learning_rate': 0.07917426900375889}. Best is trial 41 with value: 0.045568596571683884.
LOCAL_RANK: 0 - CUDA_VISIBLE_DEVICES: [0]
[I 2023-12-16 05:23:37,305] Trial 48 finished with value: 0.6625767350196838 and parameters: {'gradient_clip_val': 0.4403755011839184, 'hidden_size': 10, 'dropout': 0.2422218521928674, 'hidden_continuous_size': 8, 'attention_head_size': 2, 'learning_rate': 0.059003899633137374}. Best is trial 41 with value: 0.045568596571683884.
LOCAL_RANK: 0 - CUDA_VISIBLE_DEVICES: [0]
[I 2023-12-16 05:24:25,746] Trial 49 finished with value: 0.3278176486492157 and parameters: {'gradient_clip_val': 0.27943599739019137, 'hidden_size': 22, 'dropout': 0.24946603330869935, 'hidden_continuous_size': 13, 'attention_head_size': 1, 'learning_rate': 0.024761666975267816}. Best is trial 41 with value: 0.045568596571683884.
[I 2023-12-16 05:24:25,838] A new study created in memory with name: no-name-8b25ddf4-ce49-4c63-8d36-332bf7af9233
/home/le004/conda/anaconda3/envs/tsff_env/lib/python3.9/site-packages/lightning/fabric/plugins/environments/slurm.py:191: The `srun` command is available on your system but is not used. HINT: If your intention is to run Lightning on SLURM, prepend your python command with `srun` like so: srun python /home/le004/master_thesis/git/TSFusionForecast/code/ ...
LOCAL_RANK: 0 - CUDA_VISIBLE_DEVICES: [0]
[I 2023-12-16 05:25:20,148] Trial 0 finished with value: 0.32361361384391785 and parameters: {'gradient_clip_val': 0.7180253494914635, 'hidden_size': 70, 'dropout': 0.313925829374925, 'hidden_continuous_size': 14, 'attention_head_size': 4, 'learning_rate': 0.0010717086842266879}. Best is trial 0 with value: 0.32361361384391785.
LOCAL_RANK: 0 - CUDA_VISIBLE_DEVICES: [0]
[I 2023-12-16 05:26:09,067] Trial 1 finished with value: 0.18928171694278717 and parameters: {'gradient_clip_val': 0.5797766286963079, 'hidden_size': 31, 'dropout': 0.2463498817208584, 'hidden_continuous_size': 5, 'attention_head_size': 3, 'learning_rate': 0.0010378645696872285}. Best is trial 1 with value: 0.18928171694278717.
LOCAL_RANK: 0 - CUDA_VISIBLE_DEVICES: [0]
[I 2023-12-16 05:27:00,394] Trial 2 finished with value: 0.12560702860355377 and parameters: {'gradient_clip_val': 0.27334439551914747, 'hidden_size': 39, 'dropout': 0.299316753666402, 'hidden_continuous_size': 10, 'attention_head_size': 4, 'learning_rate': 0.014767283775002563}. Best is trial 2 with value: 0.12560702860355377.
LOCAL_RANK: 0 - CUDA_VISIBLE_DEVICES: [0]
[I 2023-12-16 05:27:53,439] Trial 3 finished with value: 0.1755971908569336 and parameters: {'gradient_clip_val': 0.3194199001489958, 'hidden_size': 52, 'dropout': 0.13597468214638664, 'hidden_continuous_size': 12, 'attention_head_size': 4, 'learning_rate': 0.024433622425563992}. Best is trial 2 with value: 0.12560702860355377.
LOCAL_RANK: 0 - CUDA_VISIBLE_DEVICES: [0]
[I 2023-12-16 05:28:40,553] Trial 4 finished with value: 0.06983355432748795 and parameters: {'gradient_clip_val': 0.6743961725106562, 'hidden_size': 14, 'dropout': 0.22300844252394186, 'hidden_continuous_size': 9, 'attention_head_size': 4, 'learning_rate': 0.0037857281626280277}. Best is trial 4 with value: 0.06983355432748795.
LOCAL_RANK: 0 - CUDA_VISIBLE_DEVICES: [0]
[I 2023-12-16 05:29:38,361] Trial 5 finished with value: 0.12618033587932587 and parameters: {'gradient_clip_val': 0.11727707724345303, 'hidden_size': 91, 'dropout': 0.12327914481298848, 'hidden_continuous_size': 69, 'attention_head_size': 3, 'learning_rate': 0.009849124214317098}. Best is trial 4 with value: 0.06983355432748795.
LOCAL_RANK: 0 - CUDA_VISIBLE_DEVICES: [0]
[I 2023-12-16 05:30:35,171] Trial 6 finished with value: 0.16171838343143463 and parameters: {'gradient_clip_val': 0.1371706780131062, 'hidden_size': 91, 'dropout': 0.34949605799196076, 'hidden_continuous_size': 62, 'attention_head_size': 3, 'learning_rate': 0.0007563405041560373}. Best is trial 4 with value: 0.06983355432748795.
LOCAL_RANK: 0 - CUDA_VISIBLE_DEVICES: [0]
[I 2023-12-16 05:31:21,917] Trial 7 finished with value: 0.08320704102516174 and parameters: {'gradient_clip_val': 0.2821185931838878, 'hidden_size': 13, 'dropout': 0.14409186619354764, 'hidden_continuous_size': 10, 'attention_head_size': 4, 'learning_rate': 0.016040907946497287}. Best is trial 4 with value: 0.06983355432748795.
LOCAL_RANK: 0 - CUDA_VISIBLE_DEVICES: [0]
[I 2023-12-16 05:32:07,120] Trial 8 finished with value: 0.24296815693378448 and parameters: {'gradient_clip_val': 0.22202254780934536, 'hidden_size': 7, 'dropout': 0.2411774411040898, 'hidden_continuous_size': 6, 'attention_head_size': 2, 'learning_rate': 0.005285085308588495}. Best is trial 4 with value: 0.06983355432748795.
LOCAL_RANK: 0 - CUDA_VISIBLE_DEVICES: [0]
[I 2023-12-16 05:32:58,717] Trial 9 finished with value: 0.1473904848098755 and parameters: {'gradient_clip_val': 0.9917594319552031, 'hidden_size': 44, 'dropout': 0.24335886854881777, 'hidden_continuous_size': 27, 'attention_head_size': 1, 'learning_rate': 0.025586602268835378}. Best is trial 4 with value: 0.06983355432748795.
LOCAL_RANK: 0 - CUDA_VISIBLE_DEVICES: [0]
[I 2023-12-16 05:33:45,042] Trial 10 finished with value: 0.2516099512577057 and parameters: {'gradient_clip_val': 0.5073757794126448, 'hidden_size': 17, 'dropout': 0.39894491661475456, 'hidden_continuous_size': 7, 'attention_head_size': 2, 'learning_rate': 0.0036815905563991435}. Best is trial 4 with value: 0.06983355432748795.
LOCAL_RANK: 0 - CUDA_VISIBLE_DEVICES: [0]
[I 2023-12-16 05:34:31,642] Trial 11 finished with value: 0.17803700268268585 and parameters: {'gradient_clip_val': 0.3562218819042047, 'hidden_size': 14, 'dropout': 0.17844485850379718, 'hidden_continuous_size': 8, 'attention_head_size': 4, 'learning_rate': 0.08566386888153706}. Best is trial 4 with value: 0.06983355432748795.
LOCAL_RANK: 0 - CUDA_VISIBLE_DEVICES: [0]
[I 2023-12-16 05:35:17,744] Trial 12 finished with value: 1.3727155923843384 and parameters: {'gradient_clip_val': 0.4017467226233343, 'hidden_size': 9, 'dropout': 0.18249912737362442, 'hidden_continuous_size': 5, 'attention_head_size': 4, 'learning_rate': 0.0027553179852194947}. Best is trial 4 with value: 0.06983355432748795.
LOCAL_RANK: 0 - CUDA_VISIBLE_DEVICES: [0]
[I 2023-12-16 05:35:54,387] Trial 13 finished with value: 0.5364677906036377 and parameters: {'gradient_clip_val': 0.2104070234213432, 'hidden_size': 5, 'dropout': 0.18772420858415903, 'hidden_continuous_size': 5, 'attention_head_size': 3, 'learning_rate': 0.002765022825128213}. Best is trial 4 with value: 0.06983355432748795.
LOCAL_RANK: 0 - CUDA_VISIBLE_DEVICES: [0]
[I 2023-12-16 05:36:42,647] Trial 14 finished with value: 0.12203941494226456 and parameters: {'gradient_clip_val': 0.46717737938016357, 'hidden_size': 21, 'dropout': 0.10183271352157085, 'hidden_continuous_size': 8, 'attention_head_size': 1, 'learning_rate': 0.007342700609554303}. Best is trial 4 with value: 0.06983355432748795.
LOCAL_RANK: 0 - CUDA_VISIBLE_DEVICES: [0]
[I 2023-12-16 05:37:28,301] Trial 15 finished with value: 0.8305349349975586 and parameters: {'gradient_clip_val': 0.675470711083284, 'hidden_size': 12, 'dropout': 0.2103787140168541, 'hidden_continuous_size': 9, 'attention_head_size': 4, 'learning_rate': 0.0018459221978537185}. Best is trial 4 with value: 0.06983355432748795.
LOCAL_RANK: 0 - CUDA_VISIBLE_DEVICES: [0]
