[I 2023-12-26 12:44:09,934] Trial 17 finished with value: 39.96504592895508 and parameters: {'gradient_clip_val': 0.3361573103211442, 'hidden_size': 27, 'dropout': 0.4910294633964036, 'hidden_continuous_size': 15, 'attention_head_size': 2, 'learning_rate': 0.009202055541381529}. Best is trial 0 with value: 16.979909896850586.
[I 2023-12-26 12:44:12,304] Trial 18 finished with value: 44.78485107421875 and parameters: {'gradient_clip_val': 0.1217510990122228, 'hidden_size': 28, 'dropout': 0.49425824515362704, 'hidden_continuous_size': 11, 'attention_head_size': 1, 'learning_rate': 0.003110144835119408}. Best is trial 0 with value: 16.979909896850586.
[I 2023-12-26 12:44:16,822] Trial 19 finished with value: 39.771968841552734 and parameters: {'gradient_clip_val': 0.1889805580438352, 'hidden_size': 69, 'dropout': 0.428500912559652, 'hidden_continuous_size': 57, 'attention_head_size': 2, 'learning_rate': 0.009969024877060697}. Best is trial 0 with value: 16.979909896850586.
[I 2023-12-26 12:44:21,698] Trial 20 finished with value: 44.95909118652344 and parameters: {'gradient_clip_val': 0.18170871470633237, 'hidden_size': 69, 'dropout': 0.44522153179655427, 'hidden_continuous_size': 62, 'attention_head_size': 1, 'learning_rate': 0.005594757144650485}. Best is trial 0 with value: 16.979909896850586.
[I 2023-12-26 12:44:27,026] Trial 21 finished with value: 49.14054870605469 and parameters: {'gradient_clip_val': 0.2229829566904463, 'hidden_size': 78, 'dropout': 0.42865480524845373, 'hidden_continuous_size': 73, 'attention_head_size': 2, 'learning_rate': 0.009172059630195928}. Best is trial 0 with value: 16.979909896850586.
[I 2023-12-26 12:44:29,783] Trial 22 finished with value: 47.45134353637695 and parameters: {'gradient_clip_val': 0.14194414956316803, 'hidden_size': 39, 'dropout': 0.49138267599790625, 'hidden_continuous_size': 20, 'attention_head_size': 2, 'learning_rate': 0.008151221342372728}. Best is trial 0 with value: 16.979909896850586.
[I 2023-12-26 12:44:32,218] Trial 23 finished with value: 55.81917953491211 and parameters: {'gradient_clip_val': 0.27820410087469893, 'hidden_size': 28, 'dropout': 0.43530471693565903, 'hidden_continuous_size': 17, 'attention_head_size': 2, 'learning_rate': 0.015297534074867584}. Best is trial 0 with value: 16.979909896850586.
[I 2023-12-26 12:44:37,246] Trial 24 finished with value: 47.653167724609375 and parameters: {'gradient_clip_val': 0.19203510991776676, 'hidden_size': 80, 'dropout': 0.4020282109196529, 'hidden_continuous_size': 47, 'attention_head_size': 2, 'learning_rate': 0.007674245502154387}. Best is trial 0 with value: 16.979909896850586.
[I 2023-12-26 12:44:40,380] Trial 25 finished with value: 41.07826232910156 and parameters: {'gradient_clip_val': 0.2158340344378143, 'hidden_size': 47, 'dropout': 0.46661665132645325, 'hidden_continuous_size': 32, 'attention_head_size': 1, 'learning_rate': 0.004204269532420904}. Best is trial 0 with value: 16.979909896850586.
[I 2023-12-26 12:44:42,954] Trial 26 finished with value: 34.94200134277344 and parameters: {'gradient_clip_val': 0.13383041808889104, 'hidden_size': 33, 'dropout': 0.4894809504374444, 'hidden_continuous_size': 18, 'attention_head_size': 2, 'learning_rate': 0.015105509673709074}. Best is trial 0 with value: 16.979909896850586.
[I 2023-12-26 12:44:46,890] Trial 27 finished with value: 47.06222152709961 and parameters: {'gradient_clip_val': 0.10778176427914697, 'hidden_size': 63, 'dropout': 0.43856231456083383, 'hidden_continuous_size': 29, 'attention_head_size': 1, 'learning_rate': 0.014277710818937011}. Best is trial 0 with value: 16.979909896850586.
[I 2023-12-26 12:44:53,711] Trial 28 finished with value: 50.433780670166016 and parameters: {'gradient_clip_val': 0.13190071634579678, 'hidden_size': 98, 'dropout': 0.3801882244358074, 'hidden_continuous_size': 84, 'attention_head_size': 2, 'learning_rate': 0.005682240858870572}. Best is trial 0 with value: 16.979909896850586.
[I 2023-12-26 12:44:56,410] Trial 29 finished with value: 36.5291748046875 and parameters: {'gradient_clip_val': 0.1023429700597588, 'hidden_size': 37, 'dropout': 0.41367722728563044, 'hidden_continuous_size': 26, 'attention_head_size': 1, 'learning_rate': 0.05486636767555699}. Best is trial 0 with value: 16.979909896850586.
[I 2023-12-26 12:44:59,122] Trial 30 finished with value: 45.79697799682617 and parameters: {'gradient_clip_val': 0.10241700241104568, 'hidden_size': 37, 'dropout': 0.3660065144477045, 'hidden_continuous_size': 20, 'attention_head_size': 1, 'learning_rate': 0.05407165250858359}. Best is trial 0 with value: 16.979909896850586.
[I 2023-12-26 12:45:02,648] Trial 31 finished with value: 56.17414855957031 and parameters: {'gradient_clip_val': 0.12626932862093132, 'hidden_size': 55, 'dropout': 0.41750249982447446, 'hidden_continuous_size': 38, 'attention_head_size': 1, 'learning_rate': 0.06205374064530046}. Best is trial 0 with value: 16.979909896850586.
[I 2023-12-26 12:45:05,947] Trial 32 finished with value: 42.74462890625 and parameters: {'gradient_clip_val': 0.14975202247126562, 'hidden_size': 45, 'dropout': 0.4028797105355225, 'hidden_continuous_size': 27, 'attention_head_size': 1, 'learning_rate': 0.018667649439128686}. Best is trial 0 with value: 16.979909896850586.
[I 2023-12-26 12:45:08,617] Trial 33 finished with value: 55.59623718261719 and parameters: {'gradient_clip_val': 0.12256478746930997, 'hidden_size': 36, 'dropout': 0.4582878352084031, 'hidden_continuous_size': 23, 'attention_head_size': 1, 'learning_rate': 0.043769753892284116}. Best is trial 0 with value: 16.979909896850586.
[I 2023-12-26 12:45:10,849] Trial 34 finished with value: 38.560062408447266 and parameters: {'gradient_clip_val': 0.10168677338685629, 'hidden_size': 24, 'dropout': 0.4412377486750586, 'hidden_continuous_size': 19, 'attention_head_size': 1, 'learning_rate': 0.02478300332423257}. Best is trial 0 with value: 16.979909896850586.
[I 2023-12-26 12:45:13,177] Trial 35 finished with value: 57.64739990234375 and parameters: {'gradient_clip_val': 0.10889298369853176, 'hidden_size': 23, 'dropout': 0.4742606512041126, 'hidden_continuous_size': 19, 'attention_head_size': 1, 'learning_rate': 0.02603824905699798}. Best is trial 0 with value: 16.979909896850586.
[I 2023-12-26 12:45:15,835] Trial 36 finished with value: 45.98612976074219 and parameters: {'gradient_clip_val': 0.10043742015960692, 'hidden_size': 31, 'dropout': 0.35154998161048856, 'hidden_continuous_size': 22, 'attention_head_size': 1, 'learning_rate': 0.03797418059633253}. Best is trial 0 with value: 16.979909896850586.
[I 2023-12-26 12:45:18,164] Trial 37 finished with value: 45.30210876464844 and parameters: {'gradient_clip_val': 0.1410043709914936, 'hidden_size': 23, 'dropout': 0.3906330061497054, 'hidden_continuous_size': 18, 'attention_head_size': 1, 'learning_rate': 0.024726524473168823}. Best is trial 0 with value: 16.979909896850586.
[I 2023-12-26 12:45:20,299] Trial 38 finished with value: 41.115020751953125 and parameters: {'gradient_clip_val': 0.11576563381654306, 'hidden_size': 15, 'dropout': 0.45127821841920196, 'hidden_continuous_size': 13, 'attention_head_size': 1, 'learning_rate': 0.06802870789821265}. Best is trial 0 with value: 16.979909896850586.
[I 2023-12-26 12:45:22,879] Trial 39 finished with value: 49.987823486328125 and parameters: {'gradient_clip_val': 0.13559837739110886, 'hidden_size': 33, 'dropout': 0.35256032753577204, 'hidden_continuous_size': 25, 'attention_head_size': 1, 'learning_rate': 0.032301238953002874}. Best is trial 0 with value: 16.979909896850586.
[I 2023-12-26 12:45:25,875] Trial 40 finished with value: 39.31107711791992 and parameters: {'gradient_clip_val': 0.16588994342664337, 'hidden_size': 43, 'dropout': 0.306880634012161, 'hidden_continuous_size': 28, 'attention_head_size': 1, 'learning_rate': 0.07611378679175518}. Best is trial 0 with value: 16.979909896850586.
[I 2023-12-26 12:45:28,862] Trial 41 finished with value: 40.11660385131836 and parameters: {'gradient_clip_val': 0.16663231405218054, 'hidden_size': 44, 'dropout': 0.29949193758796594, 'hidden_continuous_size': 27, 'attention_head_size': 1, 'learning_rate': 0.08420172874067947}. Best is trial 0 with value: 16.979909896850586.
[I 2023-12-26 12:45:31,265] Trial 42 finished with value: 40.83306884765625 and parameters: {'gradient_clip_val': 0.12255148069974284, 'hidden_size': 25, 'dropout': 0.30568147596133993, 'hidden_continuous_size': 21, 'attention_head_size': 1, 'learning_rate': 0.049325214608396}. Best is trial 0 with value: 16.979909896850586.
[I 2023-12-26 12:45:34,006] Trial 43 finished with value: 43.13735580444336 and parameters: {'gradient_clip_val': 0.1425086417238264, 'hidden_size': 40, 'dropout': 0.41276119484577817, 'hidden_continuous_size': 24, 'attention_head_size': 1, 'learning_rate': 0.04073864366036567}. Best is trial 0 with value: 16.979909896850586.
[I 2023-12-26 12:45:36,891] Trial 44 finished with value: 53.81126022338867 and parameters: {'gradient_clip_val': 0.1126160617272701, 'hidden_size': 31, 'dropout': 0.3795962002502682, 'hidden_continuous_size': 22, 'attention_head_size': 1, 'learning_rate': 0.06037242483039384}. Best is trial 0 with value: 16.979909896850586.
[I 2023-12-26 12:45:39,129] Trial 45 finished with value: 41.05979919433594 and parameters: {'gradient_clip_val': 0.16983406948731525, 'hidden_size': 20, 'dropout': 0.4796469935158178, 'hidden_continuous_size': 18, 'attention_head_size': 3, 'learning_rate': 0.0751791253655452}. Best is trial 0 with value: 16.979909896850586.
[I 2023-12-26 12:45:41,556] Trial 46 finished with value: 38.30716323852539 and parameters: {'gradient_clip_val': 0.15287945373550293, 'hidden_size': 26, 'dropout': 0.32521643475602746, 'hidden_continuous_size': 21, 'attention_head_size': 2, 'learning_rate': 0.05033451801902501}. Best is trial 0 with value: 16.979909896850586.
[I 2023-12-26 12:45:43,958] Trial 47 finished with value: 52.74964904785156 and parameters: {'gradient_clip_val': 0.11631800919112986, 'hidden_size': 25, 'dropout': 0.4528145698767052, 'hidden_continuous_size': 21, 'attention_head_size': 2, 'learning_rate': 0.020206659443576903}. Best is trial 0 with value: 16.979909896850586.
[I 2023-12-26 12:45:46,542] Trial 48 finished with value: 47.6281623840332 and parameters: {'gradient_clip_val': 0.1010320792826624, 'hidden_size': 34, 'dropout': 0.33346807523053884, 'hidden_continuous_size': 24, 'attention_head_size': 2, 'learning_rate': 0.03469704761945721}. Best is trial 0 with value: 16.979909896850586.
[I 2023-12-26 12:45:48,570] Trial 49 finished with value: 53.590274810791016 and parameters: {'gradient_clip_val': 0.1494183633288581, 'hidden_size': 16, 'dropout': 0.38956684115335033, 'hidden_continuous_size': 14, 'attention_head_size': 3, 'learning_rate': 0.0274533957752483}. Best is trial 0 with value: 16.979909896850586.
[I 2023-12-26 12:45:48,690] A new study created in memory with name: no-name-dc3c4a6f-3ba5-41a6-adcf-49186ad7c2f6
/home/le004/conda/anaconda3/envs/tsff_env/lib/python3.9/site-packages/lightning/fabric/plugins/environments/slurm.py:191: The `srun` command is available on your system but is not used. HINT: If your intention is to run Lightning on SLURM, prepend your python command with `srun` like so: srun python /home/le004/master_thesis/git/TSFusionForecast/code/ ...
[I 2023-12-26 12:49:28,155] Trial 0 finished with value: 6.7343220710754395 and parameters: {'gradient_clip_val': 0.17674785516283179, 'hidden_size': 36, 'dropout': 0.241034305962166, 'hidden_continuous_size': 18, 'attention_head_size': 2, 'learning_rate': 0.06398016722684909}. Best is trial 0 with value: 6.7343220710754395.
[I 2023-12-26 12:49:30,331] Trial 1 finished with value: 81.22917938232422 and parameters: {'gradient_clip_val': 0.4544787630725601, 'hidden_size': 15, 'dropout': 0.4337236331946044, 'hidden_continuous_size': 13, 'attention_head_size': 2, 'learning_rate': 0.0023233204901839197}. Best is trial 0 with value: 6.7343220710754395.
[I 2023-12-26 12:49:32,039] Trial 2 finished with value: 75.6559066772461 and parameters: {'gradient_clip_val': 0.3698484299084398, 'hidden_size': 5, 'dropout': 0.3618193279668115, 'hidden_continuous_size': 5, 'attention_head_size': 2, 'learning_rate': 0.008880001945928973}. Best is trial 0 with value: 6.7343220710754395.
[I 2023-12-26 12:49:33,811] Trial 3 finished with value: 77.77459716796875 and parameters: {'gradient_clip_val': 0.7064836636226215, 'hidden_size': 6, 'dropout': 0.17254439834049856, 'hidden_continuous_size': 6, 'attention_head_size': 4, 'learning_rate': 0.07130346474554804}. Best is trial 0 with value: 6.7343220710754395.
[I 2023-12-26 12:49:35,786] Trial 4 finished with value: 54.39657974243164 and parameters: {'gradient_clip_val': 0.22814911597042517, 'hidden_size': 13, 'dropout': 0.27253599262155326, 'hidden_continuous_size': 6, 'attention_head_size': 1, 'learning_rate': 0.0009403339350417793}. Best is trial 0 with value: 6.7343220710754395.
[I 2023-12-26 12:49:37,542] Trial 5 finished with value: 72.93898010253906 and parameters: {'gradient_clip_val': 0.2618418501514519, 'hidden_size': 6, 'dropout': 0.3282242105132198, 'hidden_continuous_size': 6, 'attention_head_size': 2, 'learning_rate': 0.029493243792032275}. Best is trial 0 with value: 6.7343220710754395.
[I 2023-12-26 12:49:42,179] Trial 6 finished with value: 54.84535598754883 and parameters: {'gradient_clip_val': 0.3911191608541584, 'hidden_size': 74, 'dropout': 0.26003030382479575, 'hidden_continuous_size': 11, 'attention_head_size': 2, 'learning_rate': 0.05099273223077716}. Best is trial 0 with value: 6.7343220710754395.
[I 2023-12-26 12:49:44,283] Trial 7 finished with value: 64.77323150634766 and parameters: {'gradient_clip_val': 0.2622726314719837, 'hidden_size': 17, 'dropout': 0.16999256918221034, 'hidden_continuous_size': 6, 'attention_head_size': 4, 'learning_rate': 0.00471349603021015}. Best is trial 0 with value: 6.7343220710754395.
[I 2023-12-26 12:49:47,959] Trial 8 finished with value: 45.38149642944336 and parameters: {'gradient_clip_val': 0.458015371922881, 'hidden_size': 57, 'dropout': 0.1504288561856959, 'hidden_continuous_size': 7, 'attention_head_size': 4, 'learning_rate': 0.0015598995622635495}. Best is trial 0 with value: 6.7343220710754395.
[I 2023-12-26 12:49:55,466] Trial 9 finished with value: 53.56779861450195 and parameters: {'gradient_clip_val': 0.20913956307311876, 'hidden_size': 115, 'dropout': 0.17352824010602907, 'hidden_continuous_size': 5, 'attention_head_size': 4, 'learning_rate': 0.03688784165031433}. Best is trial 0 with value: 6.7343220710754395.
[I 2023-12-26 12:49:58,021] Trial 10 finished with value: 68.45410919189453 and parameters: {'gradient_clip_val': 0.12184145991459655, 'hidden_size': 32, 'dropout': 0.1025589456337977, 'hidden_continuous_size': 28, 'attention_head_size': 1, 'learning_rate': 0.09850048267899418}. Best is trial 0 with value: 6.7343220710754395.
[I 2023-12-26 12:50:01,456] Trial 11 finished with value: 63.57634353637695 and parameters: {'gradient_clip_val': 0.13606694674660458, 'hidden_size': 46, 'dropout': 0.4984549614968024, 'hidden_continuous_size': 22, 'attention_head_size': 3, 'learning_rate': 0.000507821019447272}. Best is trial 0 with value: 6.7343220710754395.
[I 2023-12-26 12:50:05,155] Trial 12 finished with value: 59.766475677490234 and parameters: {'gradient_clip_val': 0.6594576149645726, 'hidden_size': 54, 'dropout': 0.23446861874967106, 'hidden_continuous_size': 39, 'attention_head_size': 3, 'learning_rate': 0.012030047631363169}. Best is trial 0 with value: 6.7343220710754395.
[I 2023-12-26 12:50:15,482] Trial 13 finished with value: 48.673553466796875 and parameters: {'gradient_clip_val': 0.1553595497714316, 'hidden_size': 147, 'dropout': 0.22141868971903528, 'hidden_continuous_size': 79, 'attention_head_size': 3, 'learning_rate': 0.021214048464410183}. Best is trial 0 with value: 6.7343220710754395.
[I 2023-12-26 12:50:18,042] Trial 14 finished with value: 54.11455154418945 and parameters: {'gradient_clip_val': 0.17186050621425217, 'hidden_size': 31, 'dropout': 0.11024249259260185, 'hidden_continuous_size': 9, 'attention_head_size': 3, 'learning_rate': 0.0035494094731456393}. Best is trial 0 with value: 6.7343220710754395.
[I 2023-12-26 12:50:22,371] Trial 15 finished with value: 66.64810943603516 and parameters: {'gradient_clip_val': 0.9723521964325558, 'hidden_size': 66, 'dropout': 0.32103592185029817, 'hidden_continuous_size': 15, 'attention_head_size': 1, 'learning_rate': 0.01538322368157768}. Best is trial 0 with value: 6.7343220710754395.
[I 2023-12-26 12:50:27,914] Trial 16 finished with value: 62.402408599853516 and parameters: {'gradient_clip_val': 0.32276127395595633, 'hidden_size': 86, 'dropout': 0.21147456568088188, 'hidden_continuous_size': 9, 'attention_head_size': 4, 'learning_rate': 0.006664835189791193}. Best is trial 0 with value: 6.7343220710754395.
[I 2023-12-26 12:50:31,008] Trial 17 finished with value: 49.72316360473633 and parameters: {'gradient_clip_val': 0.12137493599524991, 'hidden_size': 42, 'dropout': 0.283404602630891, 'hidden_continuous_size': 8, 'attention_head_size': 3, 'learning_rate': 0.0019679449385855575}. Best is trial 0 with value: 6.7343220710754395.
[I 2023-12-26 12:50:33,328] Trial 18 finished with value: 58.25831985473633 and parameters: {'gradient_clip_val': 0.19362643826502995, 'hidden_size': 25, 'dropout': 0.14024598793637363, 'hidden_continuous_size': 8, 'attention_head_size': 2, 'learning_rate': 0.021081124747702195}. Best is trial 0 with value: 6.7343220710754395.
[I 2023-12-26 12:50:38,895] Trial 19 finished with value: 51.05520248413086 and parameters: {'gradient_clip_val': 0.10751601854960369, 'hidden_size': 86, 'dropout': 0.19968459980377157, 'hidden_continuous_size': 16, 'attention_head_size': 1, 'learning_rate': 0.05577342344549903}. Best is trial 0 with value: 6.7343220710754395.
[I 2023-12-26 12:50:42,050] Trial 20 finished with value: 50.715641021728516 and parameters: {'gradient_clip_val': 0.10000703250946483, 'hidden_size': 50, 'dropout': 0.24389142531643426, 'hidden_continuous_size': 11, 'attention_head_size': 4, 'learning_rate': 0.008403146526418}. Best is trial 0 with value: 6.7343220710754395.
[I 2023-12-26 12:50:52,070] Trial 21 finished with value: 40.32402038574219 and parameters: {'gradient_clip_val': 0.16325686025850833, 'hidden_size': 144, 'dropout': 0.21836886502696512, 'hidden_continuous_size': 77, 'attention_head_size': 3, 'learning_rate': 0.024353055933685076}. Best is trial 0 with value: 6.7343220710754395.
[I 2023-12-26 12:51:00,560] Trial 22 finished with value: 56.56216812133789 and parameters: {'gradient_clip_val': 0.15947172837678003, 'hidden_size': 117, 'dropout': 0.14214425020734534, 'hidden_continuous_size': 117, 'attention_head_size': 3, 'learning_rate': 0.03456564449572817}. Best is trial 0 with value: 6.7343220710754395.
[I 2023-12-26 12:51:10,518] Trial 23 finished with value: 69.15158081054688 and parameters: {'gradient_clip_val': 0.18155823497199597, 'hidden_size': 142, 'dropout': 0.20149523634484376, 'hidden_continuous_size': 51, 'attention_head_size': 2, 'learning_rate': 0.018340658670538808}. Best is trial 0 with value: 6.7343220710754395.
[I 2023-12-26 12:51:16,968] Trial 24 finished with value: 50.39988327026367 and parameters: {'gradient_clip_val': 0.13915759174006337, 'hidden_size': 97, 'dropout': 0.2486373770347594, 'hidden_continuous_size': 20, 'attention_head_size': 4, 'learning_rate': 0.07869198045025852}. Best is trial 0 with value: 6.7343220710754395.
[I 2023-12-26 12:51:21,350] Trial 25 finished with value: 51.22684860229492 and parameters: {'gradient_clip_val': 0.24362124020188355, 'hidden_size': 68, 'dropout': 0.3004141293726258, 'hidden_continuous_size': 24, 'attention_head_size': 3, 'learning_rate': 0.04833011723155298}. Best is trial 0 with value: 6.7343220710754395.
[I 2023-12-26 12:51:25,294] Trial 26 finished with value: 58.5267333984375 and parameters: {'gradient_clip_val': 0.20284978421913585, 'hidden_size': 60, 'dropout': 0.19559395948976355, 'hidden_continuous_size': 18, 'attention_head_size': 2, 'learning_rate': 0.09964690015185514}. Best is trial 0 with value: 6.7343220710754395.
[I 2023-12-26 12:51:31,573] Trial 27 finished with value: 49.64632797241211 and parameters: {'gradient_clip_val': 0.29729824570118896, 'hidden_size': 96, 'dropout': 0.24794904003825854, 'hidden_continuous_size': 30, 'attention_head_size': 3, 'learning_rate': 0.028314023195983105}. Best is trial 0 with value: 6.7343220710754395.
[I 2023-12-26 12:51:34,360] Trial 28 finished with value: 55.444732666015625 and parameters: {'gradient_clip_val': 0.17457862224459517, 'hidden_size': 37, 'dropout': 0.2276207252748242, 'hidden_continuous_size': 16, 'attention_head_size': 4, 'learning_rate': 0.012312876121765235}. Best is trial 0 with value: 6.7343220710754395.
[I 2023-12-26 12:51:37,972] Trial 29 finished with value: 60.6941032409668 and parameters: {'gradient_clip_val': 0.4964000075350177, 'hidden_size': 54, 'dropout': 0.1394744476004826, 'hidden_continuous_size': 13, 'attention_head_size': 2, 'learning_rate': 0.0031170806547354338}. Best is trial 0 with value: 6.7343220710754395.
[I 2023-12-26 12:51:42,990] Trial 30 finished with value: 57.39777755737305 and parameters: {'gradient_clip_val': 0.2148129830256376, 'hidden_size': 76, 'dropout': 0.27464961840977725, 'hidden_continuous_size': 35, 'attention_head_size': 3, 'learning_rate': 0.0016300820081647579}. Best is trial 0 with value: 6.7343220710754395.
[I 2023-12-26 12:51:52,949] Trial 31 finished with value: 51.042877197265625 and parameters: {'gradient_clip_val': 0.14064973848669174, 'hidden_size': 142, 'dropout': 0.22255321116457516, 'hidden_continuous_size': 67, 'attention_head_size': 3, 'learning_rate': 0.02380663559437349}. Best is trial 0 with value: 6.7343220710754395.
