[I 2023-12-16 14:10:21,816] Trial 17 finished with value: 66.428955078125 and parameters: {'gradient_clip_val': 0.40899691068751787, 'hidden_size': 7, 'dropout': 0.36418173923511754, 'hidden_continuous_size': 5, 'attention_head_size': 2, 'learning_rate': 0.05395909626607549}. Best is trial 12 with value: 55.890682220458984.
LOCAL_RANK: 0 - CUDA_VISIBLE_DEVICES: [0]
[I 2023-12-16 14:11:08,160] Trial 18 finished with value: 95.6842041015625 and parameters: {'gradient_clip_val': 0.13877914284975945, 'hidden_size': 7, 'dropout': 0.3163557907974041, 'hidden_continuous_size': 5, 'attention_head_size': 3, 'learning_rate': 0.0211023268821489}. Best is trial 12 with value: 55.890682220458984.
LOCAL_RANK: 0 - CUDA_VISIBLE_DEVICES: [0]
[I 2023-12-16 14:11:56,346] Trial 19 finished with value: 62.34199142456055 and parameters: {'gradient_clip_val': 0.2527778902372713, 'hidden_size': 17, 'dropout': 0.3633270020020701, 'hidden_continuous_size': 7, 'attention_head_size': 4, 'learning_rate': 0.05976129131958722}. Best is trial 12 with value: 55.890682220458984.
LOCAL_RANK: 0 - CUDA_VISIBLE_DEVICES: [0]
[I 2023-12-16 14:12:42,955] Trial 20 finished with value: 70.11309051513672 and parameters: {'gradient_clip_val': 0.21389854354681967, 'hidden_size': 16, 'dropout': 0.3423813100074974, 'hidden_continuous_size': 7, 'attention_head_size': 4, 'learning_rate': 0.05290476590734332}. Best is trial 12 with value: 55.890682220458984.
LOCAL_RANK: 0 - CUDA_VISIBLE_DEVICES: [0]
[I 2023-12-16 14:13:29,661] Trial 21 finished with value: 57.57072830200195 and parameters: {'gradient_clip_val': 0.2804133360327076, 'hidden_size': 14, 'dropout': 0.368652496829936, 'hidden_continuous_size': 6, 'attention_head_size': 4, 'learning_rate': 0.06993414141255794}. Best is trial 12 with value: 55.890682220458984.
LOCAL_RANK: 0 - CUDA_VISIBLE_DEVICES: [0]
[I 2023-12-16 14:14:16,934] Trial 22 finished with value: 68.72950744628906 and parameters: {'gradient_clip_val': 0.2603883350138506, 'hidden_size': 14, 'dropout': 0.36306581853098957, 'hidden_continuous_size': 7, 'attention_head_size': 4, 'learning_rate': 0.06182772514058358}. Best is trial 12 with value: 55.890682220458984.
LOCAL_RANK: 0 - CUDA_VISIBLE_DEVICES: [0]
[I 2023-12-16 14:15:05,621] Trial 23 finished with value: 59.27809524536133 and parameters: {'gradient_clip_val': 0.3067700671270704, 'hidden_size': 18, 'dropout': 0.2981815174454172, 'hidden_continuous_size': 7, 'attention_head_size': 4, 'learning_rate': 0.03587341292069763}. Best is trial 12 with value: 55.890682220458984.
LOCAL_RANK: 0 - CUDA_VISIBLE_DEVICES: [0]
[I 2023-12-16 14:15:54,703] Trial 24 finished with value: 94.37630462646484 and parameters: {'gradient_clip_val': 0.33129742697917447, 'hidden_size': 21, 'dropout': 0.3008812207025694, 'hidden_continuous_size': 6, 'attention_head_size': 4, 'learning_rate': 0.0312550934582008}. Best is trial 12 with value: 55.890682220458984.
LOCAL_RANK: 0 - CUDA_VISIBLE_DEVICES: [0]
[I 2023-12-16 14:16:41,305] Trial 25 finished with value: 58.58576583862305 and parameters: {'gradient_clip_val': 0.30764493579377244, 'hidden_size': 10, 'dropout': 0.3385587425949374, 'hidden_continuous_size': 6, 'attention_head_size': 3, 'learning_rate': 0.03852096522600776}. Best is trial 12 with value: 55.890682220458984.
LOCAL_RANK: 0 - CUDA_VISIBLE_DEVICES: [0]
[I 2023-12-16 14:17:27,798] Trial 26 finished with value: 96.43814849853516 and parameters: {'gradient_clip_val': 0.13853783978870784, 'hidden_size': 12, 'dropout': 0.3377357119394486, 'hidden_continuous_size': 6, 'attention_head_size': 3, 'learning_rate': 0.07334051958708271}. Best is trial 12 with value: 55.890682220458984.
LOCAL_RANK: 0 - CUDA_VISIBLE_DEVICES: [0]
[I 2023-12-16 14:18:15,777] Trial 27 finished with value: 65.3364028930664 and parameters: {'gradient_clip_val': 0.2298472704843837, 'hidden_size': 8, 'dropout': 0.3795987219970153, 'hidden_continuous_size': 6, 'attention_head_size': 3, 'learning_rate': 0.06724568309716075}. Best is trial 12 with value: 55.890682220458984.
LOCAL_RANK: 0 - CUDA_VISIBLE_DEVICES: [0]
[I 2023-12-16 14:19:03,379] Trial 28 finished with value: 90.0016098022461 and parameters: {'gradient_clip_val': 0.17380195600811443, 'hidden_size': 12, 'dropout': 0.39955185410126226, 'hidden_continuous_size': 6, 'attention_head_size': 3, 'learning_rate': 0.020713257341091026}. Best is trial 12 with value: 55.890682220458984.
LOCAL_RANK: 0 - CUDA_VISIBLE_DEVICES: [0]
[I 2023-12-16 14:19:49,230] Trial 29 finished with value: 70.94002532958984 and parameters: {'gradient_clip_val': 0.7743793456706621, 'hidden_size': 8, 'dropout': 0.3337569597843895, 'hidden_continuous_size': 6, 'attention_head_size': 3, 'learning_rate': 0.04209381051372839}. Best is trial 12 with value: 55.890682220458984.
LOCAL_RANK: 0 - CUDA_VISIBLE_DEVICES: [0]
[I 2023-12-16 14:20:37,395] Trial 30 finished with value: 68.0775375366211 and parameters: {'gradient_clip_val': 0.29290973106744467, 'hidden_size': 11, 'dropout': 0.28165979978378575, 'hidden_continuous_size': 8, 'attention_head_size': 3, 'learning_rate': 0.041210096820957526}. Best is trial 12 with value: 55.890682220458984.
LOCAL_RANK: 0 - CUDA_VISIBLE_DEVICES: [0]
[I 2023-12-16 14:21:25,621] Trial 31 finished with value: 81.23408508300781 and parameters: {'gradient_clip_val': 0.3156987783279817, 'hidden_size': 18, 'dropout': 0.29581607359982776, 'hidden_continuous_size': 7, 'attention_head_size': 4, 'learning_rate': 0.03476370366937336}. Best is trial 12 with value: 55.890682220458984.
LOCAL_RANK: 0 - CUDA_VISIBLE_DEVICES: [0]
[I 2023-12-16 14:22:13,522] Trial 32 finished with value: 58.1421012878418 and parameters: {'gradient_clip_val': 0.3881028376997906, 'hidden_size': 14, 'dropout': 0.32400163443772617, 'hidden_continuous_size': 12, 'attention_head_size': 4, 'learning_rate': 0.028065781748832907}. Best is trial 12 with value: 55.890682220458984.
LOCAL_RANK: 0 - CUDA_VISIBLE_DEVICES: [0]
[I 2023-12-16 14:23:01,317] Trial 33 finished with value: 69.65402221679688 and parameters: {'gradient_clip_val': 0.37696332804296956, 'hidden_size': 13, 'dropout': 0.32600307956825186, 'hidden_continuous_size': 12, 'attention_head_size': 4, 'learning_rate': 0.027982569607117907}. Best is trial 12 with value: 55.890682220458984.
LOCAL_RANK: 0 - CUDA_VISIBLE_DEVICES: [0]
[I 2023-12-16 14:23:48,372] Trial 34 finished with value: 72.62972259521484 and parameters: {'gradient_clip_val': 0.42536810248962903, 'hidden_size': 9, 'dropout': 0.34894939710240974, 'hidden_continuous_size': 8, 'attention_head_size': 4, 'learning_rate': 0.07771621786759432}. Best is trial 12 with value: 55.890682220458984.
LOCAL_RANK: 0 - CUDA_VISIBLE_DEVICES: [0]
[I 2023-12-16 14:24:35,367] Trial 35 finished with value: 70.5055160522461 and parameters: {'gradient_clip_val': 0.4676022668215956, 'hidden_size': 11, 'dropout': 0.3516818298008079, 'hidden_continuous_size': 10, 'attention_head_size': 3, 'learning_rate': 0.0737537870626615}. Best is trial 12 with value: 55.890682220458984.
LOCAL_RANK: 0 - CUDA_VISIBLE_DEVICES: [0]
[I 2023-12-16 14:25:22,216] Trial 36 finished with value: 89.86788177490234 and parameters: {'gradient_clip_val': 0.3462744202929032, 'hidden_size': 16, 'dropout': 0.38027985488273475, 'hidden_continuous_size': 13, 'attention_head_size': 2, 'learning_rate': 0.045835205697923063}. Best is trial 12 with value: 55.890682220458984.
LOCAL_RANK: 0 - CUDA_VISIBLE_DEVICES: [0]
[I 2023-12-16 14:26:12,399] Trial 37 finished with value: 93.88800048828125 and parameters: {'gradient_clip_val': 0.36684407859114554, 'hidden_size': 23, 'dropout': 0.32957538725009455, 'hidden_continuous_size': 14, 'attention_head_size': 4, 'learning_rate': 0.02470536058126916}. Best is trial 12 with value: 55.890682220458984.
LOCAL_RANK: 0 - CUDA_VISIBLE_DEVICES: [0]
[I 2023-12-16 14:26:58,698] Trial 38 finished with value: 67.96369171142578 and parameters: {'gradient_clip_val': 0.24377772182822874, 'hidden_size': 7, 'dropout': 0.26873052142535975, 'hidden_continuous_size': 5, 'attention_head_size': 3, 'learning_rate': 0.04453776429095085}. Best is trial 12 with value: 55.890682220458984.
LOCAL_RANK: 0 - CUDA_VISIBLE_DEVICES: [0]
[I 2023-12-16 14:27:46,575] Trial 39 finished with value: 66.95305633544922 and parameters: {'gradient_clip_val': 0.3163373908157842, 'hidden_size': 14, 'dropout': 0.37534241871973106, 'hidden_continuous_size': 10, 'attention_head_size': 4, 'learning_rate': 0.01517816149108866}. Best is trial 12 with value: 55.890682220458984.
LOCAL_RANK: 0 - CUDA_VISIBLE_DEVICES: [0]
[I 2023-12-16 14:28:32,666] Trial 40 finished with value: 68.5573501586914 and parameters: {'gradient_clip_val': 0.29265246103638143, 'hidden_size': 6, 'dropout': 0.34945847952856374, 'hidden_continuous_size': 5, 'attention_head_size': 3, 'learning_rate': 0.025847428988076036}. Best is trial 12 with value: 55.890682220458984.
LOCAL_RANK: 0 - CUDA_VISIBLE_DEVICES: [0]
[I 2023-12-16 14:29:22,614] Trial 41 finished with value: 61.33311080932617 and parameters: {'gradient_clip_val': 0.22972154418221985, 'hidden_size': 19, 'dropout': 0.3028349593555623, 'hidden_continuous_size': 15, 'attention_head_size': 4, 'learning_rate': 0.03713427655080804}. Best is trial 12 with value: 55.890682220458984.
LOCAL_RANK: 0 - CUDA_VISIBLE_DEVICES: [0]
[I 2023-12-16 14:30:12,794] Trial 42 finished with value: 72.64715576171875 and parameters: {'gradient_clip_val': 0.2980431495941576, 'hidden_size': 23, 'dropout': 0.3169488488502248, 'hidden_continuous_size': 11, 'attention_head_size': 4, 'learning_rate': 0.059309728577921425}. Best is trial 12 with value: 55.890682220458984.
LOCAL_RANK: 0 - CUDA_VISIBLE_DEVICES: [0]
[I 2023-12-16 14:31:00,638] Trial 43 finished with value: 67.69674682617188 and parameters: {'gradient_clip_val': 0.19394734917520623, 'hidden_size': 15, 'dropout': 0.2901246273446303, 'hidden_continuous_size': 8, 'attention_head_size': 4, 'learning_rate': 0.08158068636389225}. Best is trial 12 with value: 55.890682220458984.
LOCAL_RANK: 0 - CUDA_VISIBLE_DEVICES: [0]
[I 2023-12-16 14:31:46,726] Trial 44 finished with value: 85.35977935791016 and parameters: {'gradient_clip_val': 0.3371245653922631, 'hidden_size': 12, 'dropout': 0.30806797443527933, 'hidden_continuous_size': 7, 'attention_head_size': 4, 'learning_rate': 0.03665445207978383}. Best is trial 12 with value: 55.890682220458984.
LOCAL_RANK: 0 - CUDA_VISIBLE_DEVICES: [0]
[I 2023-12-16 14:32:35,844] Trial 45 finished with value: 93.99402618408203 and parameters: {'gradient_clip_val': 0.2774395787441386, 'hidden_size': 19, 'dropout': 0.3246500547316784, 'hidden_continuous_size': 15, 'attention_head_size': 2, 'learning_rate': 0.0970770194784033}. Best is trial 12 with value: 55.890682220458984.
LOCAL_RANK: 0 - CUDA_VISIBLE_DEVICES: [0]
[I 2023-12-16 14:33:26,955] Trial 46 finished with value: 80.8030014038086 and parameters: {'gradient_clip_val': 0.4527130414432535, 'hidden_size': 27, 'dropout': 0.2704798633690455, 'hidden_continuous_size': 20, 'attention_head_size': 4, 'learning_rate': 0.010021642684583994}. Best is trial 12 with value: 55.890682220458984.
LOCAL_RANK: 0 - CUDA_VISIBLE_DEVICES: [0]
[I 2023-12-16 14:34:13,757] Trial 47 finished with value: 55.95731735229492 and parameters: {'gradient_clip_val': 0.3734952182013122, 'hidden_size': 16, 'dropout': 0.34035660389920874, 'hidden_continuous_size': 9, 'attention_head_size': 3, 'learning_rate': 0.054736428964047616}. Best is trial 12 with value: 55.890682220458984.
LOCAL_RANK: 0 - CUDA_VISIBLE_DEVICES: [0]
[I 2023-12-16 14:35:00,456] Trial 48 finished with value: 52.62176513671875 and parameters: {'gradient_clip_val': 0.3972861662796087, 'hidden_size': 10, 'dropout': 0.3413083451696714, 'hidden_continuous_size': 8, 'attention_head_size': 3, 'learning_rate': 0.06686906684254618}. Best is trial 48 with value: 52.62176513671875.
LOCAL_RANK: 0 - CUDA_VISIBLE_DEVICES: [0]
[I 2023-12-16 14:35:48,650] Trial 49 finished with value: 97.08284759521484 and parameters: {'gradient_clip_val': 0.3782600673711782, 'hidden_size': 15, 'dropout': 0.35534105555823264, 'hidden_continuous_size': 11, 'attention_head_size': 3, 'learning_rate': 0.08199219258920941}. Best is trial 48 with value: 52.62176513671875.
