[I 2023-12-15 13:51:36,735] Trial 29 finished with value: 0.09193724393844604 and parameters: {'gradient_clip_val': 0.49186715385372853, 'hidden_size': 94, 'dropout': 0.1388043681021117, 'hidden_continuous_size': 94, 'attention_head_size': 2, 'learning_rate': 0.043413671489017376}. Best is trial 28 with value: 0.07684693485498428.
LOCAL_RANK: 0 - CUDA_VISIBLE_DEVICES: [0]
[I 2023-12-15 13:52:15,116] Trial 30 finished with value: 0.9774776101112366 and parameters: {'gradient_clip_val': 0.5024023450071511, 'hidden_size': 94, 'dropout': 0.13579064256792267, 'hidden_continuous_size': 94, 'attention_head_size': 2, 'learning_rate': 0.05890545676153093}. Best is trial 28 with value: 0.07684693485498428.
LOCAL_RANK: 0 - CUDA_VISIBLE_DEVICES: [0]
[I 2023-12-15 13:53:12,914] Trial 31 finished with value: 0.08210316300392151 and parameters: {'gradient_clip_val': 0.658591496737369, 'hidden_size': 96, 'dropout': 0.1328749935121267, 'hidden_continuous_size': 94, 'attention_head_size': 2, 'learning_rate': 0.03894955077976718}. Best is trial 28 with value: 0.07684693485498428.
LOCAL_RANK: 0 - CUDA_VISIBLE_DEVICES: [0]
[I 2023-12-15 13:54:10,895] Trial 32 finished with value: 0.671612024307251 and parameters: {'gradient_clip_val': 0.74210012858552, 'hidden_size': 82, 'dropout': 0.13604613583432754, 'hidden_continuous_size': 80, 'attention_head_size': 2, 'learning_rate': 0.07622134994844772}. Best is trial 28 with value: 0.07684693485498428.
LOCAL_RANK: 0 - CUDA_VISIBLE_DEVICES: [0]
[I 2023-12-15 13:55:10,044] Trial 33 finished with value: 0.3476616144180298 and parameters: {'gradient_clip_val': 0.6421660058912165, 'hidden_size': 99, 'dropout': 0.11905524758222885, 'hidden_continuous_size': 91, 'attention_head_size': 2, 'learning_rate': 0.04715352176582444}. Best is trial 28 with value: 0.07684693485498428.
LOCAL_RANK: 0 - CUDA_VISIBLE_DEVICES: [0]
[I 2023-12-15 13:56:06,371] Trial 34 finished with value: 0.06028042361140251 and parameters: {'gradient_clip_val': 0.4926938895777397, 'hidden_size': 74, 'dropout': 0.1470041625311769, 'hidden_continuous_size': 62, 'attention_head_size': 2, 'learning_rate': 0.03930421791025365}. Best is trial 34 with value: 0.06028042361140251.
LOCAL_RANK: 0 - CUDA_VISIBLE_DEVICES: [0]
[I 2023-12-15 13:57:01,030] Trial 35 finished with value: 0.45294830203056335 and parameters: {'gradient_clip_val': 0.510854762723101, 'hidden_size': 64, 'dropout': 0.18526359110251991, 'hidden_continuous_size': 55, 'attention_head_size': 2, 'learning_rate': 0.03550003792514888}. Best is trial 34 with value: 0.06028042361140251.
LOCAL_RANK: 0 - CUDA_VISIBLE_DEVICES: [0]
[I 2023-12-15 13:57:59,176] Trial 36 finished with value: 1.124757170677185 and parameters: {'gradient_clip_val': 0.6292953045402178, 'hidden_size': 85, 'dropout': 0.15004917724068106, 'hidden_continuous_size': 68, 'attention_head_size': 2, 'learning_rate': 0.024916052583825617}. Best is trial 34 with value: 0.06028042361140251.
LOCAL_RANK: 0 - CUDA_VISIBLE_DEVICES: [0]
[I 2023-12-15 13:58:54,864] Trial 37 finished with value: 0.1347612887620926 and parameters: {'gradient_clip_val': 0.3687385278249957, 'hidden_size': 71, 'dropout': 0.16596155414656868, 'hidden_continuous_size': 48, 'attention_head_size': 2, 'learning_rate': 0.07262173483735083}. Best is trial 34 with value: 0.06028042361140251.
LOCAL_RANK: 0 - CUDA_VISIBLE_DEVICES: [0]
[I 2023-12-15 13:59:51,488] Trial 38 finished with value: 0.08178909868001938 and parameters: {'gradient_clip_val': 0.47040380946789406, 'hidden_size': 81, 'dropout': 0.12250881893119674, 'hidden_continuous_size': 62, 'attention_head_size': 2, 'learning_rate': 0.040137378759721676}. Best is trial 34 with value: 0.06028042361140251.
LOCAL_RANK: 0 - CUDA_VISIBLE_DEVICES: [0]
[I 2023-12-15 14:00:45,810] Trial 39 finished with value: 0.909425675868988 and parameters: {'gradient_clip_val': 0.3451829868430414, 'hidden_size': 64, 'dropout': 0.12501944768281953, 'hidden_continuous_size': 45, 'attention_head_size': 2, 'learning_rate': 0.03606212075631477}. Best is trial 34 with value: 0.06028042361140251.
LOCAL_RANK: 0 - CUDA_VISIBLE_DEVICES: [0]
[I 2023-12-15 14:01:42,100] Trial 40 finished with value: 0.14260771870613098 and parameters: {'gradient_clip_val': 0.4417808964251323, 'hidden_size': 81, 'dropout': 0.11804625189225401, 'hidden_continuous_size': 64, 'attention_head_size': 1, 'learning_rate': 0.06655252733111156}. Best is trial 34 with value: 0.06028042361140251.
LOCAL_RANK: 0 - CUDA_VISIBLE_DEVICES: [0]
[I 2023-12-15 14:02:40,794] Trial 41 finished with value: 0.1092076301574707 and parameters: {'gradient_clip_val': 0.4667972516292942, 'hidden_size': 95, 'dropout': 0.1438452178840262, 'hidden_continuous_size': 81, 'attention_head_size': 2, 'learning_rate': 0.0383696434958629}. Best is trial 34 with value: 0.06028042361140251.
LOCAL_RANK: 0 - CUDA_VISIBLE_DEVICES: [0]
[I 2023-12-15 14:03:38,740] Trial 42 finished with value: 0.31248417496681213 and parameters: {'gradient_clip_val': 0.5640620504024492, 'hidden_size': 100, 'dropout': 0.1314946041031848, 'hidden_continuous_size': 95, 'attention_head_size': 2, 'learning_rate': 0.049158461715242234}. Best is trial 34 with value: 0.06028042361140251.
LOCAL_RANK: 0 - CUDA_VISIBLE_DEVICES: [0]
[I 2023-12-15 14:04:36,706] Trial 43 finished with value: 0.20920391380786896 and parameters: {'gradient_clip_val': 0.46632690894288925, 'hidden_size': 82, 'dropout': 0.16413040820896035, 'hidden_continuous_size': 65, 'attention_head_size': 2, 'learning_rate': 0.024923305060227604}. Best is trial 34 with value: 0.06028042361140251.
LOCAL_RANK: 0 - CUDA_VISIBLE_DEVICES: [0]
[I 2023-12-15 14:05:31,979] Trial 44 finished with value: 0.11756069213151932 and parameters: {'gradient_clip_val': 0.5432358667269791, 'hidden_size': 62, 'dropout': 0.12079405732634932, 'hidden_continuous_size': 50, 'attention_head_size': 2, 'learning_rate': 0.04095778991224781}. Best is trial 34 with value: 0.06028042361140251.
LOCAL_RANK: 0 - CUDA_VISIBLE_DEVICES: [0]
[I 2023-12-15 14:06:28,230] Trial 45 finished with value: 0.2150699645280838 and parameters: {'gradient_clip_val': 0.3935699589155464, 'hidden_size': 74, 'dropout': 0.14072995694986226, 'hidden_continuous_size': 59, 'attention_head_size': 2, 'learning_rate': 0.05668543607573213}. Best is trial 34 with value: 0.06028042361140251.
LOCAL_RANK: 0 - CUDA_VISIBLE_DEVICES: [0]
[I 2023-12-15 14:07:26,725] Trial 46 finished with value: 0.05563041567802429 and parameters: {'gradient_clip_val': 0.5992927792219862, 'hidden_size': 90, 'dropout': 0.1760548268070347, 'hidden_continuous_size': 75, 'attention_head_size': 2, 'learning_rate': 0.03286088246428882}. Best is trial 46 with value: 0.05563041567802429.
LOCAL_RANK: 0 - CUDA_VISIBLE_DEVICES: [0]
[I 2023-12-15 14:08:21,816] Trial 47 finished with value: 0.23621304333209991 and parameters: {'gradient_clip_val': 0.719041115300296, 'hidden_size': 61, 'dropout': 0.18052004818345851, 'hidden_continuous_size': 45, 'attention_head_size': 2, 'learning_rate': 0.08322604035926212}. Best is trial 46 with value: 0.05563041567802429.
LOCAL_RANK: 0 - CUDA_VISIBLE_DEVICES: [0]
[I 2023-12-15 14:09:18,651] Trial 48 finished with value: 0.6125943064689636 and parameters: {'gradient_clip_val': 0.5820664192517466, 'hidden_size': 84, 'dropout': 0.15467448705368303, 'hidden_continuous_size': 72, 'attention_head_size': 2, 'learning_rate': 0.02304138342053359}. Best is trial 46 with value: 0.05563041567802429.
LOCAL_RANK: 0 - CUDA_VISIBLE_DEVICES: [0]
[I 2023-12-15 14:10:13,790] Trial 49 finished with value: 0.11541064828634262 and parameters: {'gradient_clip_val': 0.6704001031456291, 'hidden_size': 57, 'dropout': 0.11555084274253971, 'hidden_continuous_size': 49, 'attention_head_size': 2, 'learning_rate': 0.03326778531071495}. Best is trial 46 with value: 0.05563041567802429.
[I 2023-12-15 14:10:13,887] A new study created in memory with name: no-name-92be0901-e4a5-4c50-b6ef-6397bdeafd74
/home/le004/conda/anaconda3/envs/tsff_env/lib/python3.9/site-packages/lightning/fabric/plugins/environments/slurm.py:191: The `srun` command is available on your system but is not used. HINT: If your intention is to run Lightning on SLURM, prepend your python command with `srun` like so: srun python /home/le004/master_thesis/git/TSFusionForecast/code/ ...
LOCAL_RANK: 0 - CUDA_VISIBLE_DEVICES: [0]
[I 2023-12-15 14:11:03,335] Trial 0 finished with value: 2.6408393383026123 and parameters: {'gradient_clip_val': 0.27620144687649933, 'hidden_size': 22, 'dropout': 0.28166383981699905, 'hidden_continuous_size': 5, 'attention_head_size': 3, 'learning_rate': 0.008851524509128392}. Best is trial 0 with value: 2.6408393383026123.
LOCAL_RANK: 0 - CUDA_VISIBLE_DEVICES: [0]
[I 2023-12-15 14:11:39,285] Trial 1 finished with value: 0.07534755021333694 and parameters: {'gradient_clip_val': 0.23701959624265684, 'hidden_size': 6, 'dropout': 0.30203467267433876, 'hidden_continuous_size': 6, 'attention_head_size': 1, 'learning_rate': 0.06178645265363358}. Best is trial 1 with value: 0.07534755021333694.
LOCAL_RANK: 0 - CUDA_VISIBLE_DEVICES: [0]
[I 2023-12-15 14:12:25,674] Trial 2 finished with value: 1.4985021352767944 and parameters: {'gradient_clip_val': 0.578086258862197, 'hidden_size': 11, 'dropout': 0.3841670301010489, 'hidden_continuous_size': 5, 'attention_head_size': 1, 'learning_rate': 0.0010604581999280316}. Best is trial 1 with value: 0.07534755021333694.
LOCAL_RANK: 0 - CUDA_VISIBLE_DEVICES: [0]
[I 2023-12-15 14:13:12,780] Trial 3 finished with value: 2.1705448627471924 and parameters: {'gradient_clip_val': 0.16982634194620824, 'hidden_size': 18, 'dropout': 0.28031343345581966, 'hidden_continuous_size': 5, 'attention_head_size': 1, 'learning_rate': 0.0010171010633810507}. Best is trial 1 with value: 0.07534755021333694.
LOCAL_RANK: 0 - CUDA_VISIBLE_DEVICES: [0]
[I 2023-12-15 14:14:01,723] Trial 4 finished with value: 0.8734657168388367 and parameters: {'gradient_clip_val': 0.9024536008243969, 'hidden_size': 17, 'dropout': 0.2886241043196054, 'hidden_continuous_size': 14, 'attention_head_size': 2, 'learning_rate': 0.002772992309187274}. Best is trial 1 with value: 0.07534755021333694.
LOCAL_RANK: 0 - CUDA_VISIBLE_DEVICES: [0]
[I 2023-12-15 14:14:38,194] Trial 5 finished with value: 1.170384407043457 and parameters: {'gradient_clip_val': 0.14007870132357866, 'hidden_size': 11, 'dropout': 0.30189763406672576, 'hidden_continuous_size': 11, 'attention_head_size': 2, 'learning_rate': 0.010533999418770654}. Best is trial 1 with value: 0.07534755021333694.
LOCAL_RANK: 0 - CUDA_VISIBLE_DEVICES: [0]
[I 2023-12-15 14:15:25,132] Trial 6 finished with value: 2.0670082569122314 and parameters: {'gradient_clip_val': 0.9472046996446652, 'hidden_size': 11, 'dropout': 0.16689336340004424, 'hidden_continuous_size': 9, 'attention_head_size': 2, 'learning_rate': 0.0031002313847014484}. Best is trial 1 with value: 0.07534755021333694.
LOCAL_RANK: 0 - CUDA_VISIBLE_DEVICES: [0]
[I 2023-12-15 14:16:10,669] Trial 7 finished with value: 0.5420739054679871 and parameters: {'gradient_clip_val': 0.777381265594966, 'hidden_size': 12, 'dropout': 0.316034326951524, 'hidden_continuous_size': 8, 'attention_head_size': 2, 'learning_rate': 0.005712143346441076}. Best is trial 1 with value: 0.07534755021333694.
LOCAL_RANK: 0 - CUDA_VISIBLE_DEVICES: [0]
[I 2023-12-15 14:16:59,349] Trial 8 finished with value: 3.0203285217285156 and parameters: {'gradient_clip_val': 0.9858233036465174, 'hidden_size': 21, 'dropout': 0.2537684046211498, 'hidden_continuous_size': 5, 'attention_head_size': 2, 'learning_rate': 0.0005264751823583127}. Best is trial 1 with value: 0.07534755021333694.
LOCAL_RANK: 0 - CUDA_VISIBLE_DEVICES: [0]
[I 2023-12-15 14:17:53,820] Trial 9 finished with value: 1.8089655637741089 and parameters: {'gradient_clip_val': 0.4251572988341312, 'hidden_size': 65, 'dropout': 0.27942303442300437, 'hidden_continuous_size': 22, 'attention_head_size': 2, 'learning_rate': 0.0008157479828102073}. Best is trial 1 with value: 0.07534755021333694.
LOCAL_RANK: 0 - CUDA_VISIBLE_DEVICES: [0]
[I 2023-12-15 14:18:31,156] Trial 10 finished with value: 2.208400011062622 and parameters: {'gradient_clip_val': 0.10366240403691093, 'hidden_size': 5, 'dropout': 0.19160586383552294, 'hidden_continuous_size': 5, 'attention_head_size': 4, 'learning_rate': 0.050698120643135475}. Best is trial 1 with value: 0.07534755021333694.
LOCAL_RANK: 0 - CUDA_VISIBLE_DEVICES: [0]
[I 2023-12-15 14:19:16,990] Trial 11 finished with value: 2.259326219558716 and parameters: {'gradient_clip_val': 0.2772069160254984, 'hidden_size': 6, 'dropout': 0.35620890453498777, 'hidden_continuous_size': 5, 'attention_head_size': 1, 'learning_rate': 0.08359133587252972}. Best is trial 1 with value: 0.07534755021333694.
LOCAL_RANK: 0 - CUDA_VISIBLE_DEVICES: [0]
[I 2023-12-15 14:19:52,772] Trial 12 finished with value: 2.1999945640563965 and parameters: {'gradient_clip_val': 0.38868874538857173, 'hidden_size': 5, 'dropout': 0.3373443543041891, 'hidden_continuous_size': 5, 'attention_head_size': 3, 'learning_rate': 0.036721508756270664}. Best is trial 1 with value: 0.07534755021333694.
LOCAL_RANK: 0 - CUDA_VISIBLE_DEVICES: [0]
[I 2023-12-15 14:20:38,888] Trial 13 finished with value: 1.920155644416809 and parameters: {'gradient_clip_val': 0.6077372486765401, 'hidden_size': 7, 'dropout': 0.11263090050146662, 'hidden_continuous_size': 6, 'attention_head_size': 1, 'learning_rate': 0.020366359234684755}. Best is trial 1 with value: 0.07534755021333694.
LOCAL_RANK: 0 - CUDA_VISIBLE_DEVICES: [0]
[I 2023-12-15 14:21:24,601] Trial 14 finished with value: 1.2439402341842651 and parameters: {'gradient_clip_val': 0.22177658281730558, 'hidden_size': 8, 'dropout': 0.3410424196104922, 'hidden_continuous_size': 6, 'attention_head_size': 3, 'learning_rate': 0.020847979264493527}. Best is trial 1 with value: 0.07534755021333694.
LOCAL_RANK: 0 - CUDA_VISIBLE_DEVICES: [0]
[I 2023-12-15 14:22:09,332] Trial 15 finished with value: 0.8592631220817566 and parameters: {'gradient_clip_val': 0.21007465496323166, 'hidden_size': 8, 'dropout': 0.3914726187902045, 'hidden_continuous_size': 6, 'attention_head_size': 1, 'learning_rate': 0.08807768245213277}. Best is trial 1 with value: 0.07534755021333694.
LOCAL_RANK: 0 - CUDA_VISIBLE_DEVICES: [0]
[I 2023-12-15 14:22:47,076] Trial 16 finished with value: 0.46480047702789307 and parameters: {'gradient_clip_val': 0.33871669675390476, 'hidden_size': 5, 'dropout': 0.3208482147930949, 'hidden_continuous_size': 5, 'attention_head_size': 4, 'learning_rate': 0.005035355225856113}. Best is trial 1 with value: 0.07534755021333694.
LOCAL_RANK: 0 - CUDA_VISIBLE_DEVICES: [0]
[I 2023-12-15 14:23:24,811] Trial 17 finished with value: 0.45999446511268616 and parameters: {'gradient_clip_val': 0.35924364100828743, 'hidden_size': 5, 'dropout': 0.24604050532301966, 'hidden_continuous_size': 5, 'attention_head_size': 4, 'learning_rate': 0.0181325424583213}. Best is trial 1 with value: 0.07534755021333694.
LOCAL_RANK: 0 - CUDA_VISIBLE_DEVICES: [0]
[I 2023-12-15 14:24:11,761] Trial 18 finished with value: 1.8550924062728882 and parameters: {'gradient_clip_val': 0.43306057728837816, 'hidden_size': 7, 'dropout': 0.23868264662842512, 'hidden_continuous_size': 6, 'attention_head_size': 4, 'learning_rate': 0.02803647965648012}. Best is trial 1 with value: 0.07534755021333694.
LOCAL_RANK: 0 - CUDA_VISIBLE_DEVICES: [0]
[I 2023-12-15 14:24:48,862] Trial 19 finished with value: 0.7406523823738098 and parameters: {'gradient_clip_val': 0.31613871162807605, 'hidden_size': 5, 'dropout': 0.23139799784154935, 'hidden_continuous_size': 5, 'attention_head_size': 3, 'learning_rate': 0.01450853370515204}. Best is trial 1 with value: 0.07534755021333694.
LOCAL_RANK: 0 - CUDA_VISIBLE_DEVICES: [0]
[I 2023-12-15 14:25:34,952] Trial 20 finished with value: 3.521460771560669 and parameters: {'gradient_clip_val': 0.2332889443001071, 'hidden_size': 8, 'dropout': 0.2079221236817505, 'hidden_continuous_size': 6, 'attention_head_size': 4, 'learning_rate': 0.05141310051023253}. Best is trial 1 with value: 0.07534755021333694.
LOCAL_RANK: 0 - CUDA_VISIBLE_DEVICES: [0]
[I 2023-12-15 14:26:11,231] Trial 21 finished with value: 2.379031181335449 and parameters: {'gradient_clip_val': 0.347512185742472, 'hidden_size': 5, 'dropout': 0.3169246974421611, 'hidden_continuous_size': 5, 'attention_head_size': 4, 'learning_rate': 0.015343730658175597}. Best is trial 1 with value: 0.07534755021333694.
LOCAL_RANK: 0 - CUDA_VISIBLE_DEVICES: [0]
[I 2023-12-15 14:26:58,166] Trial 22 finished with value: 3.719109296798706 and parameters: {'gradient_clip_val': 0.31481312046991217, 'hidden_size': 6, 'dropout': 0.3568614818467011, 'hidden_continuous_size': 5, 'attention_head_size': 4, 'learning_rate': 0.032989042745591494}. Best is trial 1 with value: 0.07534755021333694.
LOCAL_RANK: 0 - CUDA_VISIBLE_DEVICES: [0]
[I 2023-12-15 14:27:35,552] Trial 23 finished with value: 1.5901622772216797 and parameters: {'gradient_clip_val': 0.48172256825475923, 'hidden_size': 5, 'dropout': 0.2693352264885305, 'hidden_continuous_size': 5, 'attention_head_size': 3, 'learning_rate': 0.006164701888070115}. Best is trial 1 with value: 0.07534755021333694.
LOCAL_RANK: 0 - CUDA_VISIBLE_DEVICES: [0]
[I 2023-12-15 14:28:22,334] Trial 24 finished with value: 0.0921403095126152 and parameters: {'gradient_clip_val': 0.35498796445235464, 'hidden_size': 6, 'dropout': 0.306641309359728, 'hidden_continuous_size': 5, 'attention_head_size': 4, 'learning_rate': 0.09877927684798986}. Best is trial 1 with value: 0.07534755021333694.
LOCAL_RANK: 0 - CUDA_VISIBLE_DEVICES: [0]
[I 2023-12-15 14:29:09,700] Trial 25 finished with value: 1.9776045083999634 and parameters: {'gradient_clip_val': 0.275689505736806, 'hidden_size': 9, 'dropout': 0.2540109386774129, 'hidden_continuous_size': 6, 'attention_head_size': 4, 'learning_rate': 0.09085624587437371}. Best is trial 1 with value: 0.07534755021333694.
LOCAL_RANK: 0 - CUDA_VISIBLE_DEVICES: [0]
[I 2023-12-15 14:29:56,078] Trial 26 finished with value: 0.3247246742248535 and parameters: {'gradient_clip_val': 0.49816929441403207, 'hidden_size': 6, 'dropout': 0.3066240151616476, 'hidden_continuous_size': 5, 'attention_head_size': 3, 'learning_rate': 0.06263256807943395}. Best is trial 1 with value: 0.07534755021333694.
LOCAL_RANK: 0 - CUDA_VISIBLE_DEVICES: [0]
[I 2023-12-15 14:30:42,633] Trial 27 finished with value: 0.22380071878433228 and parameters: {'gradient_clip_val': 0.5101963143604603, 'hidden_size': 7, 'dropout': 0.3039364494885651, 'hidden_continuous_size': 5, 'attention_head_size': 3, 'learning_rate': 0.05562446062562774}. Best is trial 1 with value: 0.07534755021333694.
LOCAL_RANK: 0 - CUDA_VISIBLE_DEVICES: [0]
[I 2023-12-15 14:31:29,644] Trial 28 finished with value: 1.4998807907104492 and parameters: {'gradient_clip_val': 0.5357539408005375, 'hidden_size': 14, 'dropout': 0.29756609262202227, 'hidden_continuous_size': 7, 'attention_head_size': 3, 'learning_rate': 0.05868215192301193}. Best is trial 1 with value: 0.07534755021333694.
LOCAL_RANK: 0 - CUDA_VISIBLE_DEVICES: [0]
[I 2023-12-15 14:32:16,365] Trial 29 finished with value: 1.0191645622253418 and parameters: {'gradient_clip_val': 0.6666609003626767, 'hidden_size': 9, 'dropout': 0.2814549153170569, 'hidden_continuous_size': 6, 'attention_head_size': 3, 'learning_rate': 0.09451178778646453}. Best is trial 1 with value: 0.07534755021333694.
LOCAL_RANK: 0 - CUDA_VISIBLE_DEVICES: [0]
[I 2023-12-15 14:33:06,588] Trial 30 finished with value: 0.14496289193630219 and parameters: {'gradient_clip_val': 0.48013538934039784, 'hidden_size': 27, 'dropout': 0.33004925968298493, 'hidden_continuous_size': 7, 'attention_head_size': 3, 'learning_rate': 0.03950398613574905}. Best is trial 1 with value: 0.07534755021333694.
LOCAL_RANK: 0 - CUDA_VISIBLE_DEVICES: [0]
[I 2023-12-15 14:33:56,969] Trial 31 finished with value: 0.1042122021317482 and parameters: {'gradient_clip_val': 0.4285780592662874, 'hidden_size': 29, 'dropout': 0.32239067420672, 'hidden_continuous_size': 7, 'attention_head_size': 3, 'learning_rate': 0.03760706489026722}. Best is trial 1 with value: 0.07534755021333694.
LOCAL_RANK: 0 - CUDA_VISIBLE_DEVICES: [0]
[I 2023-12-15 14:34:46,978] Trial 32 finished with value: 0.5182408690452576 and parameters: {'gradient_clip_val': 0.39561439385173885, 'hidden_size': 29, 'dropout': 0.33452280864760925, 'hidden_continuous_size': 7, 'attention_head_size': 3, 'learning_rate': 0.0386732689375221}. Best is trial 1 with value: 0.07534755021333694.
LOCAL_RANK: 0 - CUDA_VISIBLE_DEVICES: [0]
[I 2023-12-15 14:35:36,562] Trial 33 finished with value: 1.5142607688903809 and parameters: {'gradient_clip_val': 0.4232533905197382, 'hidden_size': 29, 'dropout': 0.38243029412739826, 'hidden_continuous_size': 7, 'attention_head_size': 2, 'learning_rate': 0.02616514662220412}. Best is trial 1 with value: 0.07534755021333694.
LOCAL_RANK: 0 - CUDA_VISIBLE_DEVICES: [0]
[I 2023-12-15 14:36:26,214] Trial 34 finished with value: 2.7066919803619385 and parameters: {'gradient_clip_val': 0.6079676618021878, 'hidden_size': 28, 'dropout': 0.362820688047402, 'hidden_continuous_size': 8, 'attention_head_size': 3, 'learning_rate': 0.03852262594830418}. Best is trial 1 with value: 0.07534755021333694.
LOCAL_RANK: 0 - CUDA_VISIBLE_DEVICES: [0]
[I 2023-12-15 14:37:18,267] Trial 35 finished with value: 0.1932438611984253 and parameters: {'gradient_clip_val': 0.46070663400658546, 'hidden_size': 41, 'dropout': 0.33297100599190516, 'hidden_continuous_size': 10, 'attention_head_size': 1, 'learning_rate': 0.06975956124676763}. Best is trial 1 with value: 0.07534755021333694.
LOCAL_RANK: 0 - CUDA_VISIBLE_DEVICES: [0]
