[I 2023-12-16 13:19:25,051] Trial 37 finished with value: 0.08798712491989136 and parameters: {'gradient_clip_val': 0.21218526366168217, 'hidden_size': 17, 'dropout': 0.12662881500961515, 'hidden_continuous_size': 8, 'attention_head_size': 3, 'learning_rate': 0.022447260365159476}. Best is trial 29 with value: 0.04499213770031929.
LOCAL_RANK: 0 - CUDA_VISIBLE_DEVICES: [0]
[I 2023-12-16 13:20:17,263] Trial 38 finished with value: 0.14905360341072083 and parameters: {'gradient_clip_val': 0.29831356389057, 'hidden_size': 44, 'dropout': 0.11194208792015078, 'hidden_continuous_size': 14, 'attention_head_size': 4, 'learning_rate': 0.06575546284002487}. Best is trial 29 with value: 0.04499213770031929.
LOCAL_RANK: 0 - CUDA_VISIBLE_DEVICES: [0]
[I 2023-12-16 13:21:09,565] Trial 39 finished with value: 0.12769076228141785 and parameters: {'gradient_clip_val': 0.2516377996252409, 'hidden_size': 52, 'dropout': 0.18332406521697858, 'hidden_continuous_size': 16, 'attention_head_size': 2, 'learning_rate': 0.03777841076879134}. Best is trial 29 with value: 0.04499213770031929.
LOCAL_RANK: 0 - CUDA_VISIBLE_DEVICES: [0]
[I 2023-12-16 13:21:56,630] Trial 40 finished with value: 0.35638192296028137 and parameters: {'gradient_clip_val': 0.10179699808135267, 'hidden_size': 15, 'dropout': 0.15205599067102624, 'hidden_continuous_size': 9, 'attention_head_size': 4, 'learning_rate': 0.015706636537530298}. Best is trial 29 with value: 0.04499213770031929.
LOCAL_RANK: 0 - CUDA_VISIBLE_DEVICES: [0]
[I 2023-12-16 13:22:46,236] Trial 41 finished with value: 0.07367240637540817 and parameters: {'gradient_clip_val': 0.23704513475157485, 'hidden_size': 25, 'dropout': 0.1439259992470856, 'hidden_continuous_size': 12, 'attention_head_size': 3, 'learning_rate': 0.036882558718417086}. Best is trial 29 with value: 0.04499213770031929.
LOCAL_RANK: 0 - CUDA_VISIBLE_DEVICES: [0]
[I 2023-12-16 13:23:35,572] Trial 42 finished with value: 0.24153532087802887 and parameters: {'gradient_clip_val': 0.22372679864889897, 'hidden_size': 22, 'dropout': 0.13279609851313792, 'hidden_continuous_size': 11, 'attention_head_size': 3, 'learning_rate': 0.02615205504591985}. Best is trial 29 with value: 0.04499213770031929.
LOCAL_RANK: 0 - CUDA_VISIBLE_DEVICES: [0]
[I 2023-12-16 13:24:25,539] Trial 43 finished with value: 0.1842549443244934 and parameters: {'gradient_clip_val': 0.18484959806732623, 'hidden_size': 31, 'dropout': 0.16220636413292938, 'hidden_continuous_size': 13, 'attention_head_size': 3, 'learning_rate': 0.0507195359869606}. Best is trial 29 with value: 0.04499213770031929.
LOCAL_RANK: 0 - CUDA_VISIBLE_DEVICES: [0]
[I 2023-12-16 13:25:14,530] Trial 44 finished with value: 0.06037396192550659 and parameters: {'gradient_clip_val': 0.31123246943888166, 'hidden_size': 19, 'dropout': 0.20236915144306353, 'hidden_continuous_size': 12, 'attention_head_size': 3, 'learning_rate': 0.07210355607364471}. Best is trial 29 with value: 0.04499213770031929.
LOCAL_RANK: 0 - CUDA_VISIBLE_DEVICES: [0]
[I 2023-12-16 13:26:02,539] Trial 45 finished with value: 0.08624541759490967 and parameters: {'gradient_clip_val': 0.31412390921442, 'hidden_size': 20, 'dropout': 0.20632356112197073, 'hidden_continuous_size': 11, 'attention_head_size': 3, 'learning_rate': 0.07508928367554012}. Best is trial 29 with value: 0.04499213770031929.
LOCAL_RANK: 0 - CUDA_VISIBLE_DEVICES: [0]
[I 2023-12-16 13:26:48,759] Trial 46 finished with value: 0.11114896088838577 and parameters: {'gradient_clip_val': 0.380531037294672, 'hidden_size': 16, 'dropout': 0.18672644681308703, 'hidden_continuous_size': 10, 'attention_head_size': 2, 'learning_rate': 0.07316667888271525}. Best is trial 29 with value: 0.04499213770031929.
LOCAL_RANK: 0 - CUDA_VISIBLE_DEVICES: [0]
[I 2023-12-16 13:27:35,602] Trial 47 finished with value: 0.08958041667938232 and parameters: {'gradient_clip_val': 0.2758525755526408, 'hidden_size': 14, 'dropout': 0.20051868168545348, 'hidden_continuous_size': 7, 'attention_head_size': 4, 'learning_rate': 0.054187527696168164}. Best is trial 29 with value: 0.04499213770031929.
LOCAL_RANK: 0 - CUDA_VISIBLE_DEVICES: [0]
[I 2023-12-16 13:28:24,444] Trial 48 finished with value: 0.08322006464004517 and parameters: {'gradient_clip_val': 0.31569165691463286, 'hidden_size': 19, 'dropout': 0.26733585292031875, 'hidden_continuous_size': 14, 'attention_head_size': 3, 'learning_rate': 0.040243805804047794}. Best is trial 29 with value: 0.04499213770031929.
LOCAL_RANK: 0 - CUDA_VISIBLE_DEVICES: [0]
[I 2023-12-16 13:29:14,269] Trial 49 finished with value: 0.08258707076311111 and parameters: {'gradient_clip_val': 0.26423011512776245, 'hidden_size': 26, 'dropout': 0.18048250615409417, 'hidden_continuous_size': 15, 'attention_head_size': 3, 'learning_rate': 0.0991865074440029}. Best is trial 29 with value: 0.04499213770031929.
[I 2023-12-16 13:29:14,361] A new study created in memory with name: no-name-bb8e38d9-f827-4e1e-bd9c-f3e0426baf6b
/home/le004/conda/anaconda3/envs/tsff_env/lib/python3.9/site-packages/lightning/fabric/plugins/environments/slurm.py:191: The `srun` command is available on your system but is not used. HINT: If your intention is to run Lightning on SLURM, prepend your python command with `srun` like so: srun python /home/le004/master_thesis/git/TSFusionForecast/code/ ...
LOCAL_RANK: 0 - CUDA_VISIBLE_DEVICES: [0]
[I 2023-12-16 13:29:50,195] Trial 0 finished with value: 0.17953789234161377 and parameters: {'gradient_clip_val': 0.14202381343866316, 'hidden_size': 6, 'dropout': 0.15438048862528078, 'hidden_continuous_size': 6, 'attention_head_size': 2, 'learning_rate': 0.036180561384741274}. Best is trial 0 with value: 0.17953789234161377.
LOCAL_RANK: 0 - CUDA_VISIBLE_DEVICES: [0]
[I 2023-12-16 13:30:26,884] Trial 1 finished with value: 0.3866574764251709 and parameters: {'gradient_clip_val': 0.7802483310931528, 'hidden_size': 5, 'dropout': 0.11954032151781102, 'hidden_continuous_size': 5, 'attention_head_size': 3, 'learning_rate': 0.011860391879793715}. Best is trial 0 with value: 0.17953789234161377.
LOCAL_RANK: 0 - CUDA_VISIBLE_DEVICES: [0]
[I 2023-12-16 13:31:18,740] Trial 2 finished with value: 0.3951335847377777 and parameters: {'gradient_clip_val': 0.19124681625384735, 'hidden_size': 34, 'dropout': 0.11772407387803155, 'hidden_continuous_size': 22, 'attention_head_size': 2, 'learning_rate': 0.0007587286711926323}. Best is trial 0 with value: 0.17953789234161377.
LOCAL_RANK: 0 - CUDA_VISIBLE_DEVICES: [0]
[I 2023-12-16 13:32:13,996] Trial 3 finished with value: 0.13740526139736176 and parameters: {'gradient_clip_val': 0.15071510261768964, 'hidden_size': 91, 'dropout': 0.20416431089212048, 'hidden_continuous_size': 22, 'attention_head_size': 3, 'learning_rate': 0.0012410867920662645}. Best is trial 3 with value: 0.13740526139736176.
LOCAL_RANK: 0 - CUDA_VISIBLE_DEVICES: [0]
[I 2023-12-16 13:32:58,937] Trial 4 finished with value: 0.10769081860780716 and parameters: {'gradient_clip_val': 0.35846641358798687, 'hidden_size': 7, 'dropout': 0.32967215101559333, 'hidden_continuous_size': 5, 'attention_head_size': 1, 'learning_rate': 0.009251148827052358}. Best is trial 4 with value: 0.10769081860780716.
LOCAL_RANK: 0 - CUDA_VISIBLE_DEVICES: [0]
[I 2023-12-16 13:33:49,356] Trial 5 finished with value: 0.12495491653680801 and parameters: {'gradient_clip_val': 0.1009351926881868, 'hidden_size': 28, 'dropout': 0.3791410053680502, 'hidden_continuous_size': 26, 'attention_head_size': 1, 'learning_rate': 0.0012309010047651472}. Best is trial 4 with value: 0.10769081860780716.
LOCAL_RANK: 0 - CUDA_VISIBLE_DEVICES: [0]
[I 2023-12-16 13:34:40,381] Trial 6 finished with value: 0.058112889528274536 and parameters: {'gradient_clip_val': 0.7110424431009826, 'hidden_size': 55, 'dropout': 0.19851161994453448, 'hidden_continuous_size': 5, 'attention_head_size': 1, 'learning_rate': 0.0027358017766430263}. Best is trial 6 with value: 0.058112889528274536.
LOCAL_RANK: 0 - CUDA_VISIBLE_DEVICES: [0]
[I 2023-12-16 13:35:25,648] Trial 7 finished with value: 1.3549095392227173 and parameters: {'gradient_clip_val': 0.43888802774297736, 'hidden_size': 12, 'dropout': 0.2395710930949315, 'hidden_continuous_size': 5, 'attention_head_size': 3, 'learning_rate': 0.0006115291111357087}. Best is trial 6 with value: 0.058112889528274536.
LOCAL_RANK: 0 - CUDA_VISIBLE_DEVICES: [0]
[I 2023-12-16 13:36:17,673] Trial 8 finished with value: 0.07036604732275009 and parameters: {'gradient_clip_val': 0.36876231283202116, 'hidden_size': 39, 'dropout': 0.18977445974729634, 'hidden_continuous_size': 19, 'attention_head_size': 1, 'learning_rate': 0.00297133155623119}. Best is trial 6 with value: 0.058112889528274536.
LOCAL_RANK: 0 - CUDA_VISIBLE_DEVICES: [0]
[I 2023-12-16 13:37:04,358] Trial 9 finished with value: 0.27627822756767273 and parameters: {'gradient_clip_val': 0.610554729006331, 'hidden_size': 11, 'dropout': 0.18461495287356905, 'hidden_continuous_size': 6, 'attention_head_size': 4, 'learning_rate': 0.0021258463390249815}. Best is trial 6 with value: 0.058112889528274536.
LOCAL_RANK: 0 - CUDA_VISIBLE_DEVICES: [0]
[I 2023-12-16 13:37:59,284] Trial 10 finished with value: 0.07833749055862427 and parameters: {'gradient_clip_val': 0.9724020014056796, 'hidden_size': 67, 'dropout': 0.2725793406543746, 'hidden_continuous_size': 56, 'attention_head_size': 2, 'learning_rate': 0.004899270491307426}. Best is trial 6 with value: 0.058112889528274536.
LOCAL_RANK: 0 - CUDA_VISIBLE_DEVICES: [0]
[I 2023-12-16 13:38:51,550] Trial 11 finished with value: 0.0840606763958931 and parameters: {'gradient_clip_val': 0.5057745341650026, 'hidden_size': 49, 'dropout': 0.2105983231861161, 'hidden_continuous_size': 10, 'attention_head_size': 1, 'learning_rate': 0.003577476479203949}. Best is trial 6 with value: 0.058112889528274536.
LOCAL_RANK: 0 - CUDA_VISIBLE_DEVICES: [0]
[I 2023-12-16 13:39:42,756] Trial 12 finished with value: 0.07277342677116394 and parameters: {'gradient_clip_val': 0.26351362869981626, 'hidden_size': 44, 'dropout': 0.26112671683180066, 'hidden_continuous_size': 10, 'attention_head_size': 1, 'learning_rate': 0.0028113896964006924}. Best is trial 6 with value: 0.058112889528274536.
LOCAL_RANK: 0 - CUDA_VISIBLE_DEVICES: [0]
[I 2023-12-16 13:40:29,286] Trial 13 finished with value: 0.04563496634364128 and parameters: {'gradient_clip_val': 0.31183813561386603, 'hidden_size': 20, 'dropout': 0.15697970087576774, 'hidden_continuous_size': 8, 'attention_head_size': 1, 'learning_rate': 0.007010943550514684}. Best is trial 13 with value: 0.04563496634364128.
LOCAL_RANK: 0 - CUDA_VISIBLE_DEVICES: [0]
[I 2023-12-16 13:41:17,945] Trial 14 finished with value: 0.09127172827720642 and parameters: {'gradient_clip_val': 0.26986940923837405, 'hidden_size': 22, 'dropout': 0.1595528053060995, 'hidden_continuous_size': 7, 'attention_head_size': 2, 'learning_rate': 0.01576140703293083}. Best is trial 13 with value: 0.04563496634364128.
LOCAL_RANK: 0 - CUDA_VISIBLE_DEVICES: [0]
[I 2023-12-16 13:42:04,069] Trial 15 finished with value: 0.1484779715538025 and parameters: {'gradient_clip_val': 0.644186045747855, 'hidden_size': 16, 'dropout': 0.10509577501123946, 'hidden_continuous_size': 7, 'attention_head_size': 4, 'learning_rate': 0.007184476006880868}. Best is trial 13 with value: 0.04563496634364128.
LOCAL_RANK: 0 - CUDA_VISIBLE_DEVICES: [0]
[I 2023-12-16 13:42:52,948] Trial 16 finished with value: 0.23701000213623047 and parameters: {'gradient_clip_val': 0.4482305817427779, 'hidden_size': 25, 'dropout': 0.15840954489008463, 'hidden_continuous_size': 8, 'attention_head_size': 1, 'learning_rate': 0.00569028107787579}. Best is trial 13 with value: 0.04563496634364128.
LOCAL_RANK: 0 - CUDA_VISIBLE_DEVICES: [0]
[I 2023-12-16 13:43:46,204] Trial 17 finished with value: 0.14496709406375885 and parameters: {'gradient_clip_val': 0.289229530104815, 'hidden_size': 59, 'dropout': 0.23682659954351437, 'hidden_continuous_size': 12, 'attention_head_size': 2, 'learning_rate': 0.023755853458470783}. Best is trial 13 with value: 0.04563496634364128.
LOCAL_RANK: 0 - CUDA_VISIBLE_DEVICES: [0]
[I 2023-12-16 13:44:35,306] Trial 18 finished with value: 0.04119629040360451 and parameters: {'gradient_clip_val': 0.9712294742499977, 'hidden_size': 31, 'dropout': 0.28681200041099075, 'hidden_continuous_size': 5, 'attention_head_size': 1, 'learning_rate': 0.05254939790714167}. Best is trial 18 with value: 0.04119629040360451.
LOCAL_RANK: 0 - CUDA_VISIBLE_DEVICES: [0]
[I 2023-12-16 13:45:22,876] Trial 19 finished with value: 0.04789864644408226 and parameters: {'gradient_clip_val': 0.9813741043974905, 'hidden_size': 19, 'dropout': 0.29262202824437433, 'hidden_continuous_size': 8, 'attention_head_size': 2, 'learning_rate': 0.09748191094995687}. Best is trial 18 with value: 0.04119629040360451.
LOCAL_RANK: 0 - CUDA_VISIBLE_DEVICES: [0]
[I 2023-12-16 13:46:10,620] Trial 20 finished with value: 0.11796783655881882 and parameters: {'gradient_clip_val': 0.5184878086979552, 'hidden_size': 32, 'dropout': 0.297365936089856, 'hidden_continuous_size': 7, 'attention_head_size': 1, 'learning_rate': 0.04460745233358379}. Best is trial 18 with value: 0.04119629040360451.
LOCAL_RANK: 0 - CUDA_VISIBLE_DEVICES: [0]
[I 2023-12-16 13:46:57,818] Trial 21 finished with value: 0.14613637328147888 and parameters: {'gradient_clip_val': 0.997324807883761, 'hidden_size': 19, 'dropout': 0.3005461909716499, 'hidden_continuous_size': 6, 'attention_head_size': 2, 'learning_rate': 0.08099699679086954}. Best is trial 18 with value: 0.04119629040360451.
LOCAL_RANK: 0 - CUDA_VISIBLE_DEVICES: [0]
[I 2023-12-16 13:47:45,814] Trial 22 finished with value: 0.06240588426589966 and parameters: {'gradient_clip_val': 0.8517629610671098, 'hidden_size': 18, 'dropout': 0.3347943903005291, 'hidden_continuous_size': 8, 'attention_head_size': 2, 'learning_rate': 0.09131389526626017}. Best is trial 18 with value: 0.04119629040360451.
LOCAL_RANK: 0 - CUDA_VISIBLE_DEVICES: [0]
[I 2023-12-16 13:48:35,040] Trial 23 finished with value: 0.06049049273133278 and parameters: {'gradient_clip_val': 0.7395287732309778, 'hidden_size': 26, 'dropout': 0.23618110767823813, 'hidden_continuous_size': 9, 'attention_head_size': 1, 'learning_rate': 0.05775648145999742}. Best is trial 18 with value: 0.04119629040360451.
LOCAL_RANK: 0 - CUDA_VISIBLE_DEVICES: [0]
[I 2023-12-16 13:49:26,093] Trial 24 finished with value: 0.06334077566862106 and parameters: {'gradient_clip_val': 0.8341782615738628, 'hidden_size': 38, 'dropout': 0.2669957801806074, 'hidden_continuous_size': 10, 'attention_head_size': 3, 'learning_rate': 0.026274546198408216}. Best is trial 18 with value: 0.04119629040360451.
LOCAL_RANK: 0 - CUDA_VISIBLE_DEVICES: [0]
[I 2023-12-16 13:50:12,374] Trial 25 finished with value: 0.06179046630859375 and parameters: {'gradient_clip_val': 0.5798473739748652, 'hidden_size': 15, 'dropout': 0.28850706522886294, 'hidden_continuous_size': 6, 'attention_head_size': 2, 'learning_rate': 0.09359764465373395}. Best is trial 18 with value: 0.04119629040360451.
LOCAL_RANK: 0 - CUDA_VISIBLE_DEVICES: [0]
[I 2023-12-16 13:51:00,652] Trial 26 finished with value: 0.1376427412033081 and parameters: {'gradient_clip_val': 0.9885332381405275, 'hidden_size': 22, 'dropout': 0.25087786397412826, 'hidden_continuous_size': 8, 'attention_head_size': 1, 'learning_rate': 0.055429023619971346}. Best is trial 18 with value: 0.04119629040360451.
LOCAL_RANK: 0 - CUDA_VISIBLE_DEVICES: [0]
[I 2023-12-16 13:51:49,372] Trial 27 finished with value: 0.18057985603809357 and parameters: {'gradient_clip_val': 0.701237459878885, 'hidden_size': 27, 'dropout': 0.22571522629956267, 'hidden_continuous_size': 6, 'attention_head_size': 1, 'learning_rate': 0.020283794074512723}. Best is trial 18 with value: 0.04119629040360451.
LOCAL_RANK: 0 - CUDA_VISIBLE_DEVICES: [0]
[I 2023-12-16 13:52:35,217] Trial 28 finished with value: 0.5002398490905762 and parameters: {'gradient_clip_val': 0.5728654203703071, 'hidden_size': 14, 'dropout': 0.31948615165638117, 'hidden_continuous_size': 5, 'attention_head_size': 2, 'learning_rate': 0.03271095915664197}. Best is trial 18 with value: 0.04119629040360451.
LOCAL_RANK: 0 - CUDA_VISIBLE_DEVICES: [0]
[I 2023-12-16 13:53:22,274] Trial 29 finished with value: 0.08403050899505615 and parameters: {'gradient_clip_val': 0.8598011347913405, 'hidden_size': 20, 'dropout': 0.22166914079956795, 'hidden_continuous_size': 7, 'attention_head_size': 3, 'learning_rate': 0.03667606293553703}. Best is trial 18 with value: 0.04119629040360451.
LOCAL_RANK: 0 - CUDA_VISIBLE_DEVICES: [0]
[I 2023-12-16 13:54:10,703] Trial 30 finished with value: 0.04433974623680115 and parameters: {'gradient_clip_val': 0.6670617107926974, 'hidden_size': 31, 'dropout': 0.27927607640954993, 'hidden_continuous_size': 6, 'attention_head_size': 1, 'learning_rate': 0.05991024363193038}. Best is trial 18 with value: 0.04119629040360451.
LOCAL_RANK: 0 - CUDA_VISIBLE_DEVICES: [0]
[I 2023-12-16 13:54:58,870] Trial 31 finished with value: 0.061531852930784225 and parameters: {'gradient_clip_val': 0.8621382686229789, 'hidden_size': 31, 'dropout': 0.277924163001966, 'hidden_continuous_size': 6, 'attention_head_size': 1, 'learning_rate': 0.06935537372007486}. Best is trial 18 with value: 0.04119629040360451.
LOCAL_RANK: 0 - CUDA_VISIBLE_DEVICES: [0]
[I 2023-12-16 13:55:46,758] Trial 32 finished with value: 0.3131982386112213 and parameters: {'gradient_clip_val': 0.7356505159020094, 'hidden_size': 23, 'dropout': 0.31336673486335087, 'hidden_continuous_size': 5, 'attention_head_size': 1, 'learning_rate': 0.04942920161342717}. Best is trial 18 with value: 0.04119629040360451.
LOCAL_RANK: 0 - CUDA_VISIBLE_DEVICES: [0]
[I 2023-12-16 13:56:34,569] Trial 33 finished with value: 0.1063169613480568 and parameters: {'gradient_clip_val': 0.663017082745017, 'hidden_size': 32, 'dropout': 0.25613625110850935, 'hidden_continuous_size': 7, 'attention_head_size': 1, 'learning_rate': 0.06512640106544298}. Best is trial 18 with value: 0.04119629040360451.
LOCAL_RANK: 0 - CUDA_VISIBLE_DEVICES: [0]
[I 2023-12-16 13:57:23,780] Trial 34 finished with value: 0.08259622007608414 and parameters: {'gradient_clip_val': 0.8560526291385055, 'hidden_size': 37, 'dropout': 0.13995378353409205, 'hidden_continuous_size': 5, 'attention_head_size': 2, 'learning_rate': 0.014041573022175464}. Best is trial 18 with value: 0.04119629040360451.
LOCAL_RANK: 0 - CUDA_VISIBLE_DEVICES: [0]
[I 2023-12-16 13:58:11,553] Trial 35 finished with value: 0.05814288929104805 and parameters: {'gradient_clip_val': 0.21252190046270533, 'hidden_size': 28, 'dropout': 0.2808686979434879, 'hidden_continuous_size': 6, 'attention_head_size': 2, 'learning_rate': 0.09533095410525724}. Best is trial 18 with value: 0.04119629040360451.
LOCAL_RANK: 0 - CUDA_VISIBLE_DEVICES: [0]
[I 2023-12-16 13:58:59,731] Trial 36 finished with value: 0.07558488100767136 and parameters: {'gradient_clip_val': 0.7582045897942745, 'hidden_size': 19, 'dropout': 0.3411867541690331, 'hidden_continuous_size': 8, 'attention_head_size': 1, 'learning_rate': 0.038715296075361665}. Best is trial 18 with value: 0.04119629040360451.
LOCAL_RANK: 0 - CUDA_VISIBLE_DEVICES: [0]
[I 2023-12-16 13:59:47,756] Trial 37 finished with value: 0.18681080639362335 and parameters: {'gradient_clip_val': 0.9589227970104353, 'hidden_size': 24, 'dropout': 0.2983456514525724, 'hidden_continuous_size': 9, 'attention_head_size': 1, 'learning_rate': 0.00987529337807008}. Best is trial 18 with value: 0.04119629040360451.
LOCAL_RANK: 0 - CUDA_VISIBLE_DEVICES: [0]
[I 2023-12-16 14:00:39,754] Trial 38 finished with value: 0.07797577977180481 and parameters: {'gradient_clip_val': 0.3392181317338807, 'hidden_size': 44, 'dropout': 0.2547470776230918, 'hidden_continuous_size': 12, 'attention_head_size': 2, 'learning_rate': 0.05334895791485935}. Best is trial 18 with value: 0.04119629040360451.
LOCAL_RANK: 0 - CUDA_VISIBLE_DEVICES: [0]
[I 2023-12-16 14:01:28,205] Trial 39 finished with value: 0.07426383346319199 and parameters: {'gradient_clip_val': 0.40184898393110946, 'hidden_size': 30, 'dropout': 0.2745297692871018, 'hidden_continuous_size': 5, 'attention_head_size': 1, 'learning_rate': 0.030800923457384426}. Best is trial 18 with value: 0.04119629040360451.
LOCAL_RANK: 0 - CUDA_VISIBLE_DEVICES: [0]
[I 2023-12-16 14:02:13,366] Trial 40 finished with value: 0.05715295672416687 and parameters: {'gradient_clip_val': 0.6500965467482468, 'hidden_size': 16, 'dropout': 0.35356879580691347, 'hidden_continuous_size': 5, 'attention_head_size': 3, 'learning_rate': 0.07281552196633465}. Best is trial 18 with value: 0.04119629040360451.
LOCAL_RANK: 0 - CUDA_VISIBLE_DEVICES: [0]
[I 2023-12-16 14:02:58,331] Trial 41 finished with value: 0.059585992246866226 and parameters: {'gradient_clip_val': 0.6633132275862277, 'hidden_size': 12, 'dropout': 0.3583383561234151, 'hidden_continuous_size': 5, 'attention_head_size': 3, 'learning_rate': 0.06803348272375769}. Best is trial 18 with value: 0.04119629040360451.
LOCAL_RANK: 0 - CUDA_VISIBLE_DEVICES: [0]
[I 2023-12-16 14:03:44,092] Trial 42 finished with value: 0.2022288590669632 and parameters: {'gradient_clip_val': 0.7647106853357206, 'hidden_size': 16, 'dropout': 0.3681521516011468, 'hidden_continuous_size': 5, 'attention_head_size': 4, 'learning_rate': 0.07712388561401734}. Best is trial 18 with value: 0.04119629040360451.
LOCAL_RANK: 0 - CUDA_VISIBLE_DEVICES: [0]
[I 2023-12-16 14:04:30,279] Trial 43 finished with value: 0.11279251426458359 and parameters: {'gradient_clip_val': 0.5630177136598838, 'hidden_size': 10, 'dropout': 0.3148203389279473, 'hidden_continuous_size': 5, 'attention_head_size': 3, 'learning_rate': 0.04550659676414949}. Best is trial 18 with value: 0.04119629040360451.
LOCAL_RANK: 0 - CUDA_VISIBLE_DEVICES: [0]
