[I 2023-12-26 14:34:48,760] Trial 8 finished with value: 1.5754327774047852 and parameters: {'gradient_clip_val': 0.1174846005194362, 'hidden_size': 11, 'dropout': 0.19864220855995038, 'hidden_continuous_size': 5, 'attention_head_size': 1, 'learning_rate': 0.01843998988646601}. Best is trial 1 with value: 0.09019678831100464.
[I 2023-12-26 14:34:51,431] Trial 9 finished with value: 2.2441487312316895 and parameters: {'gradient_clip_val': 0.1652999405292455, 'hidden_size': 21, 'dropout': 0.28862012820988725, 'hidden_continuous_size': 18, 'attention_head_size': 3, 'learning_rate': 0.001370113999259916}. Best is trial 1 with value: 0.09019678831100464.
[I 2023-12-26 14:34:53,258] Trial 10 finished with value: 2.558704137802124 and parameters: {'gradient_clip_val': 0.43607913881244065, 'hidden_size': 5, 'dropout': 0.10396825295523476, 'hidden_continuous_size': 5, 'attention_head_size': 2, 'learning_rate': 0.009617495080532874}. Best is trial 1 with value: 0.09019678831100464.
[I 2023-12-26 14:34:55,250] Trial 11 finished with value: 1.8242655992507935 and parameters: {'gradient_clip_val': 0.5801996883608533, 'hidden_size': 9, 'dropout': 0.29051899985670826, 'hidden_continuous_size': 6, 'attention_head_size': 1, 'learning_rate': 0.0005099848584225218}. Best is trial 1 with value: 0.09019678831100464.
[I 2023-12-26 14:34:57,317] Trial 12 finished with value: 2.148452043533325 and parameters: {'gradient_clip_val': 0.5831984783547108, 'hidden_size': 9, 'dropout': 0.21117658161907932, 'hidden_continuous_size': 6, 'attention_head_size': 1, 'learning_rate': 0.000762852601680223}. Best is trial 1 with value: 0.09019678831100464.
[I 2023-12-26 14:35:00,161] Trial 13 finished with value: 2.1533594131469727 and parameters: {'gradient_clip_val': 0.9583901136177132, 'hidden_size': 13, 'dropout': 0.49240143910759515, 'hidden_continuous_size': 6, 'attention_head_size': 1, 'learning_rate': 0.0009174297763528634}. Best is trial 1 with value: 0.09019678831100464.
[I 2023-12-26 14:35:02,629] Trial 14 finished with value: 1.5661648511886597 and parameters: {'gradient_clip_val': 0.2829748643858811, 'hidden_size': 7, 'dropout': 0.33113814908439565, 'hidden_continuous_size': 5, 'attention_head_size': 2, 'learning_rate': 0.001352867875796235}. Best is trial 1 with value: 0.09019678831100464.
[I 2023-12-26 14:35:04,881] Trial 15 finished with value: 1.5919779539108276 and parameters: {'gradient_clip_val': 0.5304634110106169, 'hidden_size': 7, 'dropout': 0.1018378418358469, 'hidden_continuous_size': 5, 'attention_head_size': 1, 'learning_rate': 0.000546499439785124}. Best is trial 1 with value: 0.09019678831100464.
[I 2023-12-26 14:35:07,363] Trial 16 finished with value: 1.4944385290145874 and parameters: {'gradient_clip_val': 0.7192582043439042, 'hidden_size': 15, 'dropout': 0.23992178481713033, 'hidden_continuous_size': 7, 'attention_head_size': 3, 'learning_rate': 0.001196763982462147}. Best is trial 1 with value: 0.09019678831100464.
[I 2023-12-26 14:35:09,430] Trial 17 finished with value: 2.0165669918060303 and parameters: {'gradient_clip_val': 0.3934402404035537, 'hidden_size': 7, 'dropout': 0.17222847483461212, 'hidden_continuous_size': 5, 'attention_head_size': 2, 'learning_rate': 0.00603634549385491}. Best is trial 1 with value: 0.09019678831100464.
[I 2023-12-26 14:35:11,934] Trial 18 finished with value: 2.200852155685425 and parameters: {'gradient_clip_val': 0.3201058161938656, 'hidden_size': 19, 'dropout': 0.2533361601112715, 'hidden_continuous_size': 10, 'attention_head_size': 1, 'learning_rate': 0.002348122663437683}. Best is trial 1 with value: 0.09019678831100464.
[I 2023-12-26 14:35:14,308] Trial 19 finished with value: 3.0763320922851562 and parameters: {'gradient_clip_val': 0.503381847074237, 'hidden_size': 12, 'dropout': 0.35187493337483317, 'hidden_continuous_size': 6, 'attention_head_size': 2, 'learning_rate': 0.0008869277116091499}. Best is trial 1 with value: 0.09019678831100464.
[I 2023-12-26 14:35:16,155] Trial 20 finished with value: 1.6757646799087524 and parameters: {'gradient_clip_val': 0.6811671075055323, 'hidden_size': 5, 'dropout': 0.15581883423809936, 'hidden_continuous_size': 5, 'attention_head_size': 1, 'learning_rate': 0.0019052935084435008}. Best is trial 1 with value: 0.09019678831100464.
[I 2023-12-26 14:35:18,448] Trial 21 finished with value: 2.5086216926574707 and parameters: {'gradient_clip_val': 0.7270759223738683, 'hidden_size': 15, 'dropout': 0.2453596204725769, 'hidden_continuous_size': 7, 'attention_head_size': 3, 'learning_rate': 0.001261188033659482}. Best is trial 1 with value: 0.09019678831100464.
[I 2023-12-26 14:35:20,750] Trial 22 finished with value: 2.5887978076934814 and parameters: {'gradient_clip_val': 0.79484291266775, 'hidden_size': 11, 'dropout': 0.24600520019222477, 'hidden_continuous_size': 6, 'attention_head_size': 3, 'learning_rate': 0.0007754849568054328}. Best is trial 1 with value: 0.09019678831100464.
[I 2023-12-26 14:35:23,181] Trial 23 finished with value: 2.6941463947296143 and parameters: {'gradient_clip_val': 0.6708677256844853, 'hidden_size': 20, 'dropout': 0.14756209733886397, 'hidden_continuous_size': 7, 'attention_head_size': 4, 'learning_rate': 0.000508724775227411}. Best is trial 1 with value: 0.09019678831100464.
[I 2023-12-26 14:35:25,264] Trial 24 finished with value: 2.0616910457611084 and parameters: {'gradient_clip_val': 0.9905417555368923, 'hidden_size': 10, 'dropout': 0.31327771044042385, 'hidden_continuous_size': 6, 'attention_head_size': 3, 'learning_rate': 0.0012701098157709698}. Best is trial 1 with value: 0.09019678831100464.
[I 2023-12-26 14:35:28,131] Trial 25 finished with value: 2.3503894805908203 and parameters: {'gradient_clip_val': 0.49180691131317245, 'hidden_size': 14, 'dropout': 0.20529878163185106, 'hidden_continuous_size': 7, 'attention_head_size': 2, 'learning_rate': 0.0032084875580359494}. Best is trial 1 with value: 0.09019678831100464.
[I 2023-12-26 14:35:30,450] Trial 26 finished with value: 2.3250620365142822 and parameters: {'gradient_clip_val': 0.5993470748167906, 'hidden_size': 8, 'dropout': 0.1330130285394476, 'hidden_continuous_size': 6, 'attention_head_size': 3, 'learning_rate': 0.0019090736000445083}. Best is trial 1 with value: 0.09019678831100464.
[I 2023-12-26 14:35:32,748] Trial 27 finished with value: 2.7017297744750977 and parameters: {'gradient_clip_val': 0.8381963419659044, 'hidden_size': 6, 'dropout': 0.2745357021961263, 'hidden_continuous_size': 5, 'attention_head_size': 4, 'learning_rate': 0.0009002026953374431}. Best is trial 1 with value: 0.09019678831100464.
[I 2023-12-26 14:35:35,139] Trial 28 finished with value: 2.4922683238983154 and parameters: {'gradient_clip_val': 0.6615853566574477, 'hidden_size': 9, 'dropout': 0.22520245408754214, 'hidden_continuous_size': 6, 'attention_head_size': 2, 'learning_rate': 0.0014948598069543008}. Best is trial 1 with value: 0.09019678831100464.
[I 2023-12-26 14:35:37,461] Trial 29 finished with value: 2.2598164081573486 and parameters: {'gradient_clip_val': 0.7989315125414745, 'hidden_size': 6, 'dropout': 0.1820950880578305, 'hidden_continuous_size': 5, 'attention_head_size': 3, 'learning_rate': 0.0038547729612299964}. Best is trial 1 with value: 0.09019678831100464.
[I 2023-12-26 14:35:39,861] Trial 30 finished with value: 2.166422128677368 and parameters: {'gradient_clip_val': 0.4903863810521928, 'hidden_size': 12, 'dropout': 0.18601154254886867, 'hidden_continuous_size': 7, 'attention_head_size': 1, 'learning_rate': 0.0033762872084297474}. Best is trial 1 with value: 0.09019678831100464.
[I 2023-12-26 14:35:41,935] Trial 31 finished with value: 2.144935369491577 and parameters: {'gradient_clip_val': 0.22989000787103187, 'hidden_size': 5, 'dropout': 0.368305951434646, 'hidden_continuous_size': 5, 'attention_head_size': 3, 'learning_rate': 0.0025813778100122636}. Best is trial 1 with value: 0.09019678831100464.
[I 2023-12-26 14:35:44,226] Trial 32 finished with value: 1.9015825986862183 and parameters: {'gradient_clip_val': 0.1934836618330007, 'hidden_size': 8, 'dropout': 0.3843770834471561, 'hidden_continuous_size': 5, 'attention_head_size': 3, 'learning_rate': 0.00609480764497892}. Best is trial 1 with value: 0.09019678831100464.
[I 2023-12-26 14:35:46,371] Trial 33 finished with value: 1.9759138822555542 and parameters: {'gradient_clip_val': 0.41401413390861197, 'hidden_size': 6, 'dropout': 0.3282369019884659, 'hidden_continuous_size': 5, 'attention_head_size': 4, 'learning_rate': 0.0010548543962753355}. Best is trial 1 with value: 0.09019678831100464.
[I 2023-12-26 14:35:52,860] Trial 34 finished with value: 2.1837387084960938 and parameters: {'gradient_clip_val': 0.3323279063514942, 'hidden_size': 113, 'dropout': 0.40470598891429616, 'hidden_continuous_size': 11, 'attention_head_size': 3, 'learning_rate': 0.0017898472968031934}. Best is trial 1 with value: 0.09019678831100464.
[I 2023-12-26 14:35:54,870] Trial 35 finished with value: 2.230072259902954 and parameters: {'gradient_clip_val': 0.3439678165559234, 'hidden_size': 10, 'dropout': 0.3611114417074649, 'hidden_continuous_size': 7, 'attention_head_size': 2, 'learning_rate': 0.0029049005927133005}. Best is trial 1 with value: 0.09019678831100464.
[I 2023-12-26 14:35:56,802] Trial 36 finished with value: 2.3102757930755615 and parameters: {'gradient_clip_val': 0.3580383855782546, 'hidden_size': 16, 'dropout': 0.4277977414311503, 'hidden_continuous_size': 8, 'attention_head_size': 4, 'learning_rate': 0.0022671924020121787}. Best is trial 1 with value: 0.09019678831100464.
[I 2023-12-26 14:35:59,508] Trial 37 finished with value: 1.8419700860977173 and parameters: {'gradient_clip_val': 0.8493032519022872, 'hidden_size': 30, 'dropout': 0.37152273871270136, 'hidden_continuous_size': 13, 'attention_head_size': 2, 'learning_rate': 0.0041857064340042995}. Best is trial 1 with value: 0.09019678831100464.
[I 2023-12-26 14:36:01,984] Trial 38 finished with value: 1.6116963624954224 and parameters: {'gradient_clip_val': 0.10183031536576541, 'hidden_size': 25, 'dropout': 0.40797706006047235, 'hidden_continuous_size': 8, 'attention_head_size': 3, 'learning_rate': 0.0016397356434738521}. Best is trial 1 with value: 0.09019678831100464.
[I 2023-12-26 14:36:04,265] Trial 39 finished with value: 2.713552713394165 and parameters: {'gradient_clip_val': 0.46089651638163176, 'hidden_size': 17, 'dropout': 0.4311904756597686, 'hidden_continuous_size': 8, 'attention_head_size': 1, 'learning_rate': 0.09809980222689041}. Best is trial 1 with value: 0.09019678831100464.
[I 2023-12-26 14:36:06,310] Trial 40 finished with value: 2.505645990371704 and parameters: {'gradient_clip_val': 0.42215031539673503, 'hidden_size': 14, 'dropout': 0.397531854339464, 'hidden_continuous_size': 6, 'attention_head_size': 2, 'learning_rate': 0.0007148762415556263}. Best is trial 1 with value: 0.09019678831100464.
[I 2023-12-26 14:36:09,156] Trial 41 finished with value: 1.993980050086975 and parameters: {'gradient_clip_val': 0.7340859043524699, 'hidden_size': 23, 'dropout': 0.46066109430831575, 'hidden_continuous_size': 16, 'attention_head_size': 1, 'learning_rate': 0.0011698120047753016}. Best is trial 1 with value: 0.09019678831100464.
[I 2023-12-26 14:36:12,770] Trial 42 finished with value: 1.8843969106674194 and parameters: {'gradient_clip_val': 0.9089911700494079, 'hidden_size': 36, 'dropout': 0.3432112297389158, 'hidden_continuous_size': 9, 'attention_head_size': 1, 'learning_rate': 0.002114791495135614}. Best is trial 1 with value: 0.09019678831100464.
[I 2023-12-26 14:36:15,023] Trial 43 finished with value: 2.34548282623291 and parameters: {'gradient_clip_val': 0.5862777297112446, 'hidden_size': 11, 'dropout': 0.31416979432058206, 'hidden_continuous_size': 5, 'attention_head_size': 1, 'learning_rate': 0.0015495021806189039}. Best is trial 1 with value: 0.09019678831100464.
[I 2023-12-26 14:36:17,591] Trial 44 finished with value: 2.4694480895996094 and parameters: {'gradient_clip_val': 0.14777876252707445, 'hidden_size': 36, 'dropout': 0.42992538275886377, 'hidden_continuous_size': 25, 'attention_head_size': 1, 'learning_rate': 0.004355551576286536}. Best is trial 1 with value: 0.09019678831100464.
[I 2023-12-26 14:36:19,841] Trial 45 finished with value: 2.3874590396881104 and parameters: {'gradient_clip_val': 0.29199921973153486, 'hidden_size': 18, 'dropout': 0.4884093822892739, 'hidden_continuous_size': 6, 'attention_head_size': 1, 'learning_rate': 0.0011216276150893638}. Best is trial 1 with value: 0.09019678831100464.
[I 2023-12-26 14:36:22,297] Trial 46 finished with value: 2.3616726398468018 and parameters: {'gradient_clip_val': 0.54261539855482, 'hidden_size': 13, 'dropout': 0.39028278008263656, 'hidden_continuous_size': 7, 'attention_head_size': 1, 'learning_rate': 0.0006358720869345349}. Best is trial 1 with value: 0.09019678831100464.
[I 2023-12-26 14:36:24,764] Trial 47 finished with value: 2.2563071250915527 and parameters: {'gradient_clip_val': 0.38499015049535484, 'hidden_size': 9, 'dropout': 0.28930299383193425, 'hidden_continuous_size': 5, 'attention_head_size': 3, 'learning_rate': 0.0026236620188766196}. Best is trial 1 with value: 0.09019678831100464.
[I 2023-12-26 14:36:26,819] Trial 48 finished with value: 1.8675724267959595 and parameters: {'gradient_clip_val': 0.9041689087633585, 'hidden_size': 5, 'dropout': 0.3435017018643814, 'hidden_continuous_size': 5, 'attention_head_size': 2, 'learning_rate': 0.0010273149800543169}. Best is trial 1 with value: 0.09019678831100464.
[I 2023-12-26 14:36:29,443] Trial 49 finished with value: 2.0109806060791016 and parameters: {'gradient_clip_val': 0.2627003817522702, 'hidden_size': 7, 'dropout': 0.3769022955619698, 'hidden_continuous_size': 5, 'attention_head_size': 1, 'learning_rate': 0.0006564351717563838}. Best is trial 1 with value: 0.09019678831100464.
[I 2023-12-26 14:36:29,576] A new study created in memory with name: no-name-b26d14af-2115-44fe-baac-5062af6db966
/home/le004/conda/anaconda3/envs/tsff_env/lib/python3.9/site-packages/lightning/fabric/plugins/environments/slurm.py:191: The `srun` command is available on your system but is not used. HINT: If your intention is to run Lightning on SLURM, prepend your python command with `srun` like so: srun python /home/le004/master_thesis/git/TSFusionForecast/code/ ...
[I 2023-12-26 14:41:05,575] Trial 0 finished with value: 0.030595997348427773 and parameters: {'gradient_clip_val': 0.12444187214131416, 'hidden_size': 7, 'dropout': 0.18376888521486678, 'hidden_continuous_size': 5, 'attention_head_size': 3, 'learning_rate': 0.0009942439463625288}. Best is trial 0 with value: 0.030595997348427773.
[I 2023-12-26 14:45:56,882] Trial 1 finished with value: 0.012283342890441418 and parameters: {'gradient_clip_val': 0.5787032935889417, 'hidden_size': 26, 'dropout': 0.36959122590275795, 'hidden_continuous_size': 5, 'attention_head_size': 2, 'learning_rate': 0.045066167656298936}. Best is trial 1 with value: 0.012283342890441418.
[I 2023-12-26 14:45:58,797] Trial 2 finished with value: 1.3157154321670532 and parameters: {'gradient_clip_val': 0.15941864870805617, 'hidden_size': 8, 'dropout': 0.14852516540598867, 'hidden_continuous_size': 5, 'attention_head_size': 3, 'learning_rate': 0.03516980579989175}. Best is trial 1 with value: 0.012283342890441418.
[I 2023-12-26 14:46:01,331] Trial 3 finished with value: 1.5206774473190308 and parameters: {'gradient_clip_val': 0.1764454371261224, 'hidden_size': 30, 'dropout': 0.180486113483365, 'hidden_continuous_size': 7, 'attention_head_size': 3, 'learning_rate': 0.0025325575686824414}. Best is trial 1 with value: 0.012283342890441418.
[I 2023-12-26 14:46:03,392] Trial 4 finished with value: 1.703091025352478 and parameters: {'gradient_clip_val': 0.26196877771519633, 'hidden_size': 10, 'dropout': 0.12520802398428776, 'hidden_continuous_size': 6, 'attention_head_size': 4, 'learning_rate': 0.0012640559164334142}. Best is trial 1 with value: 0.012283342890441418.
[I 2023-12-26 14:46:05,511] Trial 5 finished with value: 1.7970309257507324 and parameters: {'gradient_clip_val': 0.8919027199519292, 'hidden_size': 15, 'dropout': 0.20553719805009943, 'hidden_continuous_size': 6, 'attention_head_size': 1, 'learning_rate': 0.04113939534653945}. Best is trial 1 with value: 0.012283342890441418.
[I 2023-12-26 14:46:14,726] Trial 6 finished with value: 1.4020042419433594 and parameters: {'gradient_clip_val': 0.12547036795848426, 'hidden_size': 130, 'dropout': 0.3160714925026987, 'hidden_continuous_size': 92, 'attention_head_size': 4, 'learning_rate': 0.0014331576493447759}. Best is trial 1 with value: 0.012283342890441418.
[I 2023-12-26 14:46:16,677] Trial 7 finished with value: 1.576684594154358 and parameters: {'gradient_clip_val': 0.14188764236507379, 'hidden_size': 10, 'dropout': 0.36983082680447177, 'hidden_continuous_size': 6, 'attention_head_size': 1, 'learning_rate': 0.0011866402122916557}. Best is trial 1 with value: 0.012283342890441418.
[I 2023-12-26 14:46:18,545] Trial 8 finished with value: 1.3388214111328125 and parameters: {'gradient_clip_val': 0.7456639923587205, 'hidden_size': 5, 'dropout': 0.35982505408068177, 'hidden_continuous_size': 5, 'attention_head_size': 1, 'learning_rate': 0.0020152513297368654}. Best is trial 1 with value: 0.012283342890441418.
[I 2023-12-26 14:46:22,435] Trial 9 finished with value: 1.205715298652649 and parameters: {'gradient_clip_val': 0.11482193516842691, 'hidden_size': 48, 'dropout': 0.3002160911102266, 'hidden_continuous_size': 32, 'attention_head_size': 4, 'learning_rate': 0.0932862709829357}. Best is trial 1 with value: 0.012283342890441418.
[I 2023-12-26 14:46:25,241] Trial 10 finished with value: 2.086590528488159 and parameters: {'gradient_clip_val': 0.5129544407702089, 'hidden_size': 22, 'dropout': 0.4649633939104161, 'hidden_continuous_size': 9, 'attention_head_size': 2, 'learning_rate': 0.012792048540095358}. Best is trial 1 with value: 0.012283342890441418.
[I 2023-12-26 14:46:27,246] Trial 11 finished with value: 1.5057259798049927 and parameters: {'gradient_clip_val': 0.3767534178568726, 'hidden_size': 5, 'dropout': 0.25306586287808774, 'hidden_continuous_size': 5, 'attention_head_size': 2, 'learning_rate': 0.0005145411614916834}. Best is trial 1 with value: 0.012283342890441418.
[I 2023-12-26 14:46:29,797] Trial 12 finished with value: 1.941207766532898 and parameters: {'gradient_clip_val': 0.2375925756369441, 'hidden_size': 40, 'dropout': 0.10100221420360073, 'hidden_continuous_size': 9, 'attention_head_size': 2, 'learning_rate': 0.0055900625895827704}. Best is trial 1 with value: 0.012283342890441418.
[I 2023-12-26 14:46:32,009] Trial 13 finished with value: 1.3745393753051758 and parameters: {'gradient_clip_val': 0.40231059090618765, 'hidden_size': 17, 'dropout': 0.23366104621472925, 'hidden_continuous_size': 5, 'attention_head_size': 3, 'learning_rate': 0.00732999739462731}. Best is trial 1 with value: 0.012283342890441418.
[I 2023-12-26 14:46:37,714] Trial 14 finished with value: 1.0860365629196167 and parameters: {'gradient_clip_val': 0.5783127660923012, 'hidden_size': 67, 'dropout': 0.24676336225094078, 'hidden_continuous_size': 12, 'attention_head_size': 2, 'learning_rate': 0.016401114609874257}. Best is trial 1 with value: 0.012283342890441418.
[I 2023-12-26 14:46:40,281] Trial 15 finished with value: 1.3259637355804443 and parameters: {'gradient_clip_val': 0.2207291093346857, 'hidden_size': 23, 'dropout': 0.16496027092528, 'hidden_continuous_size': 7, 'attention_head_size': 3, 'learning_rate': 0.004082773713933908}. Best is trial 1 with value: 0.012283342890441418.
[I 2023-12-26 14:46:42,490] Trial 16 finished with value: 1.5154465436935425 and parameters: {'gradient_clip_val': 0.10279514778243173, 'hidden_size': 14, 'dropout': 0.44286399626208595, 'hidden_continuous_size': 5, 'attention_head_size': 2, 'learning_rate': 0.0005932735641312082}. Best is trial 1 with value: 0.012283342890441418.
[I 2023-12-26 14:46:44,420] Trial 17 finished with value: 1.2717939615249634 and parameters: {'gradient_clip_val': 0.30970129850882894, 'hidden_size': 7, 'dropout': 0.4112069944264315, 'hidden_continuous_size': 5, 'attention_head_size': 3, 'learning_rate': 0.0035395851450721245}. Best is trial 1 with value: 0.012283342890441418.
[I 2023-12-26 14:46:46,488] Trial 18 finished with value: 1.6592307090759277 and parameters: {'gradient_clip_val': 0.2036736878921487, 'hidden_size': 12, 'dropout': 0.2815536590443443, 'hidden_continuous_size': 6, 'attention_head_size': 3, 'learning_rate': 0.009155195440092563}. Best is trial 1 with value: 0.012283342890441418.
[I 2023-12-26 14:46:48,477] Trial 19 finished with value: 1.7857335805892944 and parameters: {'gradient_clip_val': 0.1804700275798344, 'hidden_size': 7, 'dropout': 0.20549115074464291, 'hidden_continuous_size': 5, 'attention_head_size': 2, 'learning_rate': 0.019195690141045895}. Best is trial 1 with value: 0.012283342890441418.
[I 2023-12-26 14:46:50,917] Trial 20 finished with value: 1.7356925010681152 and parameters: {'gradient_clip_val': 0.13677944110051382, 'hidden_size': 20, 'dropout': 0.3399048927414407, 'hidden_continuous_size': 7, 'attention_head_size': 4, 'learning_rate': 0.006419113749991636}. Best is trial 1 with value: 0.012283342890441418.
[I 2023-12-26 14:46:55,246] Trial 21 finished with value: 1.6460603475570679 and parameters: {'gradient_clip_val': 0.5779363580445983, 'hidden_size': 66, 'dropout': 0.26831989375389664, 'hidden_continuous_size': 12, 'attention_head_size': 2, 'learning_rate': 0.028794287856770486}. Best is trial 1 with value: 0.012283342890441418.
[I 2023-12-26 14:46:57,720] Trial 22 finished with value: 1.2932771444320679 and parameters: {'gradient_clip_val': 0.5423875246654967, 'hidden_size': 33, 'dropout': 0.22278314868595028, 'hidden_continuous_size': 9, 'attention_head_size': 2, 'learning_rate': 0.017070613563941833}. Best is trial 1 with value: 0.012283342890441418.
