[I 2023-12-26 16:39:19,785] Trial 46 finished with value: 46.09237289428711 and parameters: {'gradient_clip_val': 0.8040033590360711, 'hidden_size': 18, 'dropout': 0.2627281018907389, 'hidden_continuous_size': 10, 'attention_head_size': 2, 'learning_rate': 0.0009087636707245429}. Best is trial 0 with value: 12.157210350036621.
[I 2023-12-26 16:39:22,023] Trial 47 finished with value: 45.647281646728516 and parameters: {'gradient_clip_val': 0.5256798254437659, 'hidden_size': 12, 'dropout': 0.27818982134035336, 'hidden_continuous_size': 7, 'attention_head_size': 4, 'learning_rate': 0.000511211344703856}. Best is trial 0 with value: 12.157210350036621.
[I 2023-12-26 16:39:23,955] Trial 48 finished with value: 42.07838439941406 and parameters: {'gradient_clip_val': 0.3824094879058068, 'hidden_size': 8, 'dropout': 0.24336289365144093, 'hidden_continuous_size': 7, 'attention_head_size': 1, 'learning_rate': 0.002342864289802805}. Best is trial 0 with value: 12.157210350036621.
[I 2023-12-26 16:39:26,371] Trial 49 finished with value: 40.851680755615234 and parameters: {'gradient_clip_val': 0.8735024026492757, 'hidden_size': 10, 'dropout': 0.1258063144431563, 'hidden_continuous_size': 6, 'attention_head_size': 2, 'learning_rate': 0.0009181997138562872}. Best is trial 0 with value: 12.157210350036621.
[I 2023-12-26 16:39:26,508] A new study created in memory with name: no-name-f245d0e0-7537-4619-b03c-dfbc97be879f
/home/le004/conda/anaconda3/envs/tsff_env/lib/python3.9/site-packages/lightning/fabric/plugins/environments/slurm.py:191: The `srun` command is available on your system but is not used. HINT: If your intention is to run Lightning on SLURM, prepend your python command with `srun` like so: srun python /home/le004/master_thesis/git/TSFusionForecast/code/ ...
[I 2023-12-26 16:43:02,004] Trial 0 finished with value: 4494.701171875 and parameters: {'gradient_clip_val': 0.19967668476647984, 'hidden_size': 25, 'dropout': 0.3273271667912644, 'hidden_continuous_size': 15, 'attention_head_size': 2, 'learning_rate': 0.014189019014667511}. Best is trial 0 with value: 4494.701171875.
[I 2023-12-26 16:43:05,506] Trial 1 finished with value: 20401.185546875 and parameters: {'gradient_clip_val': 0.21259242071882267, 'hidden_size': 53, 'dropout': 0.2207789944241348, 'hidden_continuous_size': 50, 'attention_head_size': 4, 'learning_rate': 0.023608004409245844}. Best is trial 0 with value: 4494.701171875.
[I 2023-12-26 16:43:11,292] Trial 2 finished with value: 23477.884765625 and parameters: {'gradient_clip_val': 0.22933941596305493, 'hidden_size': 94, 'dropout': 0.2301657059538456, 'hidden_continuous_size': 13, 'attention_head_size': 4, 'learning_rate': 0.0016925481660539365}. Best is trial 0 with value: 4494.701171875.
[I 2023-12-26 16:43:13,372] Trial 3 finished with value: 19689.064453125 and parameters: {'gradient_clip_val': 0.6249448281332032, 'hidden_size': 19, 'dropout': 0.35624073694303204, 'hidden_continuous_size': 7, 'attention_head_size': 2, 'learning_rate': 0.016185174126116753}. Best is trial 0 with value: 4494.701171875.
[I 2023-12-26 16:43:15,256] Trial 4 finished with value: 18881.923828125 and parameters: {'gradient_clip_val': 0.4740630854293772, 'hidden_size': 7, 'dropout': 0.22536802712724, 'hidden_continuous_size': 5, 'attention_head_size': 3, 'learning_rate': 0.0014316066904591742}. Best is trial 0 with value: 4494.701171875.
[I 2023-12-26 16:43:24,408] Trial 5 finished with value: 22587.580078125 and parameters: {'gradient_clip_val': 0.5139870858986226, 'hidden_size': 150, 'dropout': 0.42634769130548267, 'hidden_continuous_size': 40, 'attention_head_size': 4, 'learning_rate': 0.0021670758263913933}. Best is trial 0 with value: 4494.701171875.
[I 2023-12-26 16:43:30,887] Trial 6 finished with value: 15660.2236328125 and parameters: {'gradient_clip_val': 0.10344937572532645, 'hidden_size': 105, 'dropout': 0.21051395993036365, 'hidden_continuous_size': 14, 'attention_head_size': 1, 'learning_rate': 0.07754048499509558}. Best is trial 0 with value: 4494.701171875.
[I 2023-12-26 16:43:37,988] Trial 7 finished with value: 29304.162109375 and parameters: {'gradient_clip_val': 0.5305158005799188, 'hidden_size': 116, 'dropout': 0.4298600843695197, 'hidden_continuous_size': 30, 'attention_head_size': 4, 'learning_rate': 0.0024801057627208455}. Best is trial 0 with value: 4494.701171875.
[I 2023-12-26 16:43:40,078] Trial 8 finished with value: 23981.369140625 and parameters: {'gradient_clip_val': 0.9326291169469403, 'hidden_size': 19, 'dropout': 0.13845261867496328, 'hidden_continuous_size': 7, 'attention_head_size': 3, 'learning_rate': 0.025277552536617297}. Best is trial 0 with value: 4494.701171875.
[I 2023-12-26 16:43:42,057] Trial 9 finished with value: 18722.9296875 and parameters: {'gradient_clip_val': 0.10495120262832994, 'hidden_size': 10, 'dropout': 0.3301166607514211, 'hidden_continuous_size': 7, 'attention_head_size': 3, 'learning_rate': 0.024531912849508983}. Best is trial 0 with value: 4494.701171875.
[I 2023-12-26 16:43:44,595] Trial 10 finished with value: 21647.3203125 and parameters: {'gradient_clip_val': 0.262405465526516, 'hidden_size': 35, 'dropout': 0.49707168550987624, 'hidden_continuous_size': 17, 'attention_head_size': 1, 'learning_rate': 0.000569008620554777}. Best is trial 0 with value: 4494.701171875.
[I 2023-12-26 16:43:47,851] Trial 11 finished with value: 19612.310546875 and parameters: {'gradient_clip_val': 0.10164000595719995, 'hidden_size': 55, 'dropout': 0.15287494669051402, 'hidden_continuous_size': 15, 'attention_head_size': 1, 'learning_rate': 0.07803419090338592}. Best is trial 0 with value: 4494.701171875.
[I 2023-12-26 16:43:50,366] Trial 12 finished with value: 19915.517578125 and parameters: {'gradient_clip_val': 0.1717753236076045, 'hidden_size': 33, 'dropout': 0.2899645978308736, 'hidden_continuous_size': 19, 'attention_head_size': 2, 'learning_rate': 0.08158486767433361}. Best is trial 0 with value: 4494.701171875.
[I 2023-12-26 16:43:54,869] Trial 13 finished with value: 20325.115234375 and parameters: {'gradient_clip_val': 0.15151037264094497, 'hidden_size': 69, 'dropout': 0.10870937375581888, 'hidden_continuous_size': 67, 'attention_head_size': 1, 'learning_rate': 0.008662216517420551}. Best is trial 0 with value: 4494.701171875.
[I 2023-12-26 16:43:57,075] Trial 14 finished with value: 21992.005859375 and parameters: {'gradient_clip_val': 0.1436207020192263, 'hidden_size': 21, 'dropout': 0.28031078867744075, 'hidden_continuous_size': 11, 'attention_head_size': 2, 'learning_rate': 0.050766908113436475}. Best is trial 0 with value: 4494.701171875.
[I 2023-12-26 16:44:01,374] Trial 15 finished with value: 19647.939453125 and parameters: {'gradient_clip_val': 0.3180825923368434, 'hidden_size': 67, 'dropout': 0.18129917885148167, 'hidden_continuous_size': 23, 'attention_head_size': 1, 'learning_rate': 0.009300236266428778}. Best is trial 0 with value: 4494.701171875.
[I 2023-12-26 16:44:03,846] Trial 16 finished with value: 24061.205078125 and parameters: {'gradient_clip_val': 0.1311314329127202, 'hidden_size': 12, 'dropout': 0.2611956123777571, 'hidden_continuous_size': 9, 'attention_head_size': 2, 'learning_rate': 0.09383580770619798}. Best is trial 0 with value: 4494.701171875.
[I 2023-12-26 16:44:07,235] Trial 17 finished with value: 22201.384765625 and parameters: {'gradient_clip_val': 0.17074889581709474, 'hidden_size': 31, 'dropout': 0.31964368981291214, 'hidden_continuous_size': 12, 'attention_head_size': 1, 'learning_rate': 0.04455093257484484}. Best is trial 0 with value: 4494.701171875.
[I 2023-12-26 16:44:09,401] Trial 18 finished with value: 22483.654296875 and parameters: {'gradient_clip_val': 0.13000145662102508, 'hidden_size': 5, 'dropout': 0.19569603489981433, 'hidden_continuous_size': 5, 'attention_head_size': 2, 'learning_rate': 0.004766415857660234}. Best is trial 0 with value: 4494.701171875.
[I 2023-12-26 16:44:12,283] Trial 19 finished with value: 17448.55078125 and parameters: {'gradient_clip_val': 0.19275166564502658, 'hidden_size': 43, 'dropout': 0.25588408941303253, 'hidden_continuous_size': 20, 'attention_head_size': 1, 'learning_rate': 0.01363248906071732}. Best is trial 0 with value: 4494.701171875.
[I 2023-12-26 16:44:17,467] Trial 20 finished with value: 24350.103515625 and parameters: {'gradient_clip_val': 0.27945301192622085, 'hidden_size': 88, 'dropout': 0.35383298883178094, 'hidden_continuous_size': 22, 'attention_head_size': 2, 'learning_rate': 0.036630026026949834}. Best is trial 0 with value: 4494.701171875.
[I 2023-12-26 16:44:20,725] Trial 21 finished with value: 18967.0546875 and parameters: {'gradient_clip_val': 0.19324995396167965, 'hidden_size': 43, 'dropout': 0.2578449840109199, 'hidden_continuous_size': 16, 'attention_head_size': 1, 'learning_rate': 0.013563034807882922}. Best is trial 0 with value: 4494.701171875.
[I 2023-12-26 16:44:24,486] Trial 22 finished with value: 21351.349609375 and parameters: {'gradient_clip_val': 0.1900635099755591, 'hidden_size': 46, 'dropout': 0.2574996652169485, 'hidden_continuous_size': 14, 'attention_head_size': 1, 'learning_rate': 0.005488108702932944}. Best is trial 0 with value: 4494.701171875.
[I 2023-12-26 16:44:29,614] Trial 23 finished with value: 24494.9375 and parameters: {'gradient_clip_val': 0.12121437058011823, 'hidden_size': 74, 'dropout': 0.2993599403502727, 'hidden_continuous_size': 26, 'attention_head_size': 1, 'learning_rate': 0.015223725063626466}. Best is trial 0 with value: 4494.701171875.
[I 2023-12-26 16:44:32,226] Trial 24 finished with value: 23413.302734375 and parameters: {'gradient_clip_val': 0.1598662209939631, 'hidden_size': 28, 'dropout': 0.17048600859432766, 'hidden_continuous_size': 17, 'attention_head_size': 2, 'learning_rate': 0.05682931213354093}. Best is trial 0 with value: 4494.701171875.
[I 2023-12-26 16:44:34,919] Trial 25 finished with value: 20587.154296875 and parameters: {'gradient_clip_val': 0.10082964755378777, 'hidden_size': 40, 'dropout': 0.20601068398882807, 'hidden_continuous_size': 19, 'attention_head_size': 1, 'learning_rate': 0.03421023523350311}. Best is trial 0 with value: 4494.701171875.
[I 2023-12-26 16:44:37,213] Trial 26 finished with value: 24017.080078125 and parameters: {'gradient_clip_val': 0.2118823739962113, 'hidden_size': 24, 'dropout': 0.23677632824795963, 'hidden_continuous_size': 15, 'attention_head_size': 3, 'learning_rate': 0.06098155491494611}. Best is trial 0 with value: 4494.701171875.
[I 2023-12-26 16:44:40,423] Trial 27 finished with value: 20688.220703125 and parameters: {'gradient_clip_val': 0.1209839049649738, 'hidden_size': 55, 'dropout': 0.1944482739226882, 'hidden_continuous_size': 11, 'attention_head_size': 2, 'learning_rate': 0.09987750273765898}. Best is trial 0 with value: 4494.701171875.
[I 2023-12-26 16:44:50,580] Trial 28 finished with value: 16590.06640625 and parameters: {'gradient_clip_val': 0.14257184119210317, 'hidden_size': 140, 'dropout': 0.2736202990607968, 'hidden_continuous_size': 117, 'attention_head_size': 1, 'learning_rate': 0.011593782678376723}. Best is trial 0 with value: 4494.701171875.
[I 2023-12-26 16:45:00,453] Trial 29 finished with value: 20829.384765625 and parameters: {'gradient_clip_val': 0.1409843276608025, 'hidden_size': 146, 'dropout': 0.2168656471886708, 'hidden_continuous_size': 105, 'attention_head_size': 1, 'learning_rate': 0.029837761198600165}. Best is trial 0 with value: 4494.701171875.
[I 2023-12-26 16:45:07,389] Trial 30 finished with value: 19314.740234375 and parameters: {'gradient_clip_val': 0.11912612998614716, 'hidden_size': 109, 'dropout': 0.2881001463214158, 'hidden_continuous_size': 33, 'attention_head_size': 2, 'learning_rate': 0.01854829421621431}. Best is trial 0 with value: 4494.701171875.
[I 2023-12-26 16:45:13,286] Trial 31 finished with value: 19460.705078125 and parameters: {'gradient_clip_val': 0.1661219232608078, 'hidden_size': 85, 'dropout': 0.24112042701398492, 'hidden_continuous_size': 50, 'attention_head_size': 1, 'learning_rate': 0.011185777705271233}. Best is trial 0 with value: 4494.701171875.
[I 2023-12-26 16:45:20,566] Trial 32 finished with value: 22430.490234375 and parameters: {'gradient_clip_val': 0.2070236320367929, 'hidden_size': 120, 'dropout': 0.25783370519672705, 'hidden_continuous_size': 24, 'attention_head_size': 1, 'learning_rate': 0.019855793827233407}. Best is trial 0 with value: 4494.701171875.
[I 2023-12-26 16:45:26,463] Trial 33 finished with value: 23159.296875 and parameters: {'gradient_clip_val': 0.14771200186163744, 'hidden_size': 99, 'dropout': 0.21615104243510377, 'hidden_continuous_size': 20, 'attention_head_size': 1, 'learning_rate': 0.011693335289224959}. Best is trial 0 with value: 4494.701171875.
[I 2023-12-26 16:45:29,564] Trial 34 finished with value: 21410.828125 and parameters: {'gradient_clip_val': 0.241054854989957, 'hidden_size': 56, 'dropout': 0.31321612459353587, 'hidden_continuous_size': 10, 'attention_head_size': 1, 'learning_rate': 0.021127657320396127}. Best is trial 0 with value: 4494.701171875.
[I 2023-12-26 16:45:40,151] Trial 35 finished with value: 22050.439453125 and parameters: {'gradient_clip_val': 0.18429079808691823, 'hidden_size': 133, 'dropout': 0.2765572445789426, 'hidden_continuous_size': 109, 'attention_head_size': 2, 'learning_rate': 0.0073388819267336735}. Best is trial 0 with value: 4494.701171875.
[I 2023-12-26 16:45:47,049] Trial 36 finished with value: 27189.291015625 and parameters: {'gradient_clip_val': 0.2239826920711747, 'hidden_size': 100, 'dropout': 0.23193967610165073, 'hidden_continuous_size': 13, 'attention_head_size': 3, 'learning_rate': 0.015800794249268856}. Best is trial 0 with value: 4494.701171875.
[I 2023-12-26 16:45:54,629] Trial 37 finished with value: 20036.357421875 and parameters: {'gradient_clip_val': 0.1154189384072548, 'hidden_size': 124, 'dropout': 0.34026101382744595, 'hidden_continuous_size': 26, 'attention_head_size': 1, 'learning_rate': 0.027642850458666806}. Best is trial 0 with value: 4494.701171875.
[I 2023-12-26 16:45:59,535] Trial 38 finished with value: 19864.416015625 and parameters: {'gradient_clip_val': 0.13286134063934582, 'hidden_size': 81, 'dropout': 0.31302855556846854, 'hidden_continuous_size': 31, 'attention_head_size': 4, 'learning_rate': 0.04327363213862026}. Best is trial 0 with value: 4494.701171875.
[I 2023-12-26 16:46:06,079] Trial 39 finished with value: 20444.0078125 and parameters: {'gradient_clip_val': 0.15550686826483764, 'hidden_size': 103, 'dropout': 0.3528088642714971, 'hidden_continuous_size': 40, 'attention_head_size': 2, 'learning_rate': 0.02169180198910355}. Best is trial 0 with value: 4494.701171875.
[I 2023-12-26 16:46:16,601] Trial 40 finished with value: 18129.0703125 and parameters: {'gradient_clip_val': 0.1827424922011999, 'hidden_size': 147, 'dropout': 0.23778766578882626, 'hidden_continuous_size': 145, 'attention_head_size': 3, 'learning_rate': 0.005203387969498911}. Best is trial 0 with value: 4494.701171875.
[I 2023-12-26 16:46:26,824] Trial 41 finished with value: 23402.078125 and parameters: {'gradient_clip_val': 0.18266729037974022, 'hidden_size': 149, 'dropout': 0.23155373122009085, 'hidden_continuous_size': 128, 'attention_head_size': 3, 'learning_rate': 0.00569143141514382}. Best is trial 0 with value: 4494.701171875.
[I 2023-12-26 16:46:35,041] Trial 42 finished with value: 19103.029296875 and parameters: {'gradient_clip_val': 0.20397034109004036, 'hidden_size': 125, 'dropout': 0.30559619916535524, 'hidden_continuous_size': 82, 'attention_head_size': 3, 'learning_rate': 0.0034611158488144465}. Best is trial 0 with value: 4494.701171875.
[I 2023-12-26 16:46:42,374] Trial 43 finished with value: 27233.111328125 and parameters: {'gradient_clip_val': 0.11222981571943672, 'hidden_size': 109, 'dropout': 0.279086284997296, 'hidden_continuous_size': 78, 'attention_head_size': 3, 'learning_rate': 0.010589068859247376}. Best is trial 0 with value: 4494.701171875.
[I 2023-12-26 16:46:53,224] Trial 44 finished with value: 20657.21875 and parameters: {'gradient_clip_val': 0.16123401971206372, 'hidden_size': 150, 'dropout': 0.21601860945559537, 'hidden_continuous_size': 149, 'attention_head_size': 4, 'learning_rate': 0.007978811314569928}. Best is trial 0 with value: 4494.701171875.
[I 2023-12-26 16:46:58,858] Trial 45 finished with value: 20853.91796875 and parameters: {'gradient_clip_val': 0.1396829104072026, 'hidden_size': 91, 'dropout': 0.3718895536534705, 'hidden_continuous_size': 18, 'attention_head_size': 3, 'learning_rate': 0.012642635232956976}. Best is trial 0 with value: 4494.701171875.
[I 2023-12-26 16:47:02,689] Trial 46 finished with value: 24146.9375 and parameters: {'gradient_clip_val': 0.24165606234536716, 'hidden_size': 63, 'dropout': 0.25094747795378913, 'hidden_continuous_size': 14, 'attention_head_size': 1, 'learning_rate': 0.006265471566695759}. Best is trial 0 with value: 4494.701171875.
[I 2023-12-26 16:47:07,166] Trial 47 finished with value: 19199.333984375 and parameters: {'gradient_clip_val': 0.32690988985878794, 'hidden_size': 71, 'dropout': 0.26733317663976236, 'hidden_continuous_size': 48, 'attention_head_size': 2, 'learning_rate': 0.008452741556403444}. Best is trial 0 with value: 4494.701171875.
[I 2023-12-26 16:47:15,302] Trial 48 finished with value: 17467.033203125 and parameters: {'gradient_clip_val': 0.17539907136705132, 'hidden_size': 126, 'dropout': 0.2914540231591078, 'hidden_continuous_size': 61, 'attention_head_size': 1, 'learning_rate': 0.01654966935085085}. Best is trial 0 with value: 4494.701171875.
[I 2023-12-26 16:47:20,055] Trial 49 finished with value: 22432.369140625 and parameters: {'gradient_clip_val': 0.1061893995348262, 'hidden_size': 80, 'dropout': 0.294283872500767, 'hidden_continuous_size': 44, 'attention_head_size': 1, 'learning_rate': 0.017752932613652708}. Best is trial 0 with value: 4494.701171875.
[I 2023-12-26 16:47:20,177] A new study created in memory with name: no-name-ab056cc6-918a-4238-b86c-856ad47769f7
/home/le004/conda/anaconda3/envs/tsff_env/lib/python3.9/site-packages/lightning/fabric/plugins/environments/slurm.py:191: The `srun` command is available on your system but is not used. HINT: If your intention is to run Lightning on SLURM, prepend your python command with `srun` like so: srun python /home/le004/master_thesis/git/TSFusionForecast/code/ ...
[I 2023-12-26 16:49:28,488] Trial 0 finished with value: 3.0488595962524414 and parameters: {'gradient_clip_val': 0.7843316124421297, 'hidden_size': 7, 'dropout': 0.2872176994333143, 'hidden_continuous_size': 6, 'attention_head_size': 4, 'learning_rate': 0.07654526329058531}. Best is trial 0 with value: 3.0488595962524414.
[I 2023-12-26 16:49:31,416] Trial 1 finished with value: 9.326373100280762 and parameters: {'gradient_clip_val': 0.24090509099839127, 'hidden_size': 43, 'dropout': 0.38839932134171307, 'hidden_continuous_size': 18, 'attention_head_size': 3, 'learning_rate': 0.002191036224516206}. Best is trial 0 with value: 3.0488595962524414.
[I 2023-12-26 16:49:33,306] Trial 2 finished with value: 11.116291999816895 and parameters: {'gradient_clip_val': 0.9238744981492577, 'hidden_size': 16, 'dropout': 0.13785817235632658, 'hidden_continuous_size': 9, 'attention_head_size': 3, 'learning_rate': 0.014115195408757074}. Best is trial 0 with value: 3.0488595962524414.
[I 2023-12-26 16:49:35,041] Trial 3 finished with value: 12.93017864227295 and parameters: {'gradient_clip_val': 0.1768507769901559, 'hidden_size': 5, 'dropout': 0.18316618903010595, 'hidden_continuous_size': 5, 'attention_head_size': 1, 'learning_rate': 0.002084720318934758}. Best is trial 0 with value: 3.0488595962524414.
[I 2023-12-26 16:49:37,357] Trial 4 finished with value: 10.90841293334961 and parameters: {'gradient_clip_val': 0.33597874598690874, 'hidden_size': 22, 'dropout': 0.25131899607329333, 'hidden_continuous_size': 7, 'attention_head_size': 1, 'learning_rate': 0.001700828113006497}. Best is trial 0 with value: 3.0488595962524414.
[I 2023-12-26 16:49:39,353] Trial 5 finished with value: 10.832625389099121 and parameters: {'gradient_clip_val': 0.3534841121251455, 'hidden_size': 17, 'dropout': 0.44248610564143886, 'hidden_continuous_size': 8, 'attention_head_size': 2, 'learning_rate': 0.0743129788389866}. Best is trial 0 with value: 3.0488595962524414.
[I 2023-12-26 16:49:41,105] Trial 6 finished with value: 9.27751350402832 and parameters: {'gradient_clip_val': 0.7562876846450366, 'hidden_size': 8, 'dropout': 0.37470459232885656, 'hidden_continuous_size': 5, 'attention_head_size': 1, 'learning_rate': 0.005749448882804507}. Best is trial 0 with value: 3.0488595962524414.
[I 2023-12-26 16:49:44,155] Trial 7 finished with value: 9.079145431518555 and parameters: {'gradient_clip_val': 0.22408758096535986, 'hidden_size': 52, 'dropout': 0.11549722618219414, 'hidden_continuous_size': 16, 'attention_head_size': 4, 'learning_rate': 0.002413280458764191}. Best is trial 0 with value: 3.0488595962524414.
[I 2023-12-26 16:49:46,894] Trial 8 finished with value: 8.875892639160156 and parameters: {'gradient_clip_val': 0.9318281561332417, 'hidden_size': 37, 'dropout': 0.21142074636121966, 'hidden_continuous_size': 37, 'attention_head_size': 4, 'learning_rate': 0.02322561269614996}. Best is trial 0 with value: 3.0488595962524414.
[I 2023-12-26 16:49:51,473] Trial 9 finished with value: 8.905426979064941 and parameters: {'gradient_clip_val': 0.7583003487234627, 'hidden_size': 62, 'dropout': 0.4656245056507454, 'hidden_continuous_size': 26, 'attention_head_size': 4, 'learning_rate': 0.06273944622393444}. Best is trial 0 with value: 3.0488595962524414.
[I 2023-12-26 16:50:00,074] Trial 10 finished with value: 10.943374633789062 and parameters: {'gradient_clip_val': 0.10578138906085871, 'hidden_size': 104, 'dropout': 0.2962582076501097, 'hidden_continuous_size': 84, 'attention_head_size': 3, 'learning_rate': 0.0005024919421760059}. Best is trial 0 with value: 3.0488595962524414.
