[I 2023-12-26 14:58:33,634] Trial 23 finished with value: 3.647942304611206 and parameters: {'gradient_clip_val': 0.5224125519349452, 'hidden_size': 7, 'dropout': 0.47137752692845497, 'hidden_continuous_size': 5, 'attention_head_size': 3, 'learning_rate': 0.03486164720146849}. Best is trial 0 with value: 0.07226056605577469.
[I 2023-12-26 14:58:35,673] Trial 24 finished with value: 3.4687726497650146 and parameters: {'gradient_clip_val': 0.32440849427412, 'hidden_size': 10, 'dropout': 0.4116311324628234, 'hidden_continuous_size': 6, 'attention_head_size': 2, 'learning_rate': 0.05990350107926714}. Best is trial 0 with value: 0.07226056605577469.
[I 2023-12-26 14:58:37,623] Trial 25 finished with value: 4.457784652709961 and parameters: {'gradient_clip_val': 0.2488112300624793, 'hidden_size': 6, 'dropout': 0.46142217093508586, 'hidden_continuous_size': 5, 'attention_head_size': 3, 'learning_rate': 0.0626022827717897}. Best is trial 0 with value: 0.07226056605577469.
[I 2023-12-26 14:58:39,749] Trial 26 finished with value: 5.178471088409424 and parameters: {'gradient_clip_val': 0.9501608488929828, 'hidden_size': 13, 'dropout': 0.4916487536032735, 'hidden_continuous_size': 8, 'attention_head_size': 4, 'learning_rate': 0.031568294271871224}. Best is trial 0 with value: 0.07226056605577469.
[I 2023-12-26 14:58:41,760] Trial 27 finished with value: 3.5280730724334717 and parameters: {'gradient_clip_val': 0.521351427083078, 'hidden_size': 9, 'dropout': 0.3791028181762795, 'hidden_continuous_size': 6, 'attention_head_size': 3, 'learning_rate': 0.043973452586811575}. Best is trial 0 with value: 0.07226056605577469.
[I 2023-12-26 14:58:43,670] Trial 28 finished with value: 3.862480401992798 and parameters: {'gradient_clip_val': 0.1016497565082481, 'hidden_size': 6, 'dropout': 0.4219985196144145, 'hidden_continuous_size': 5, 'attention_head_size': 2, 'learning_rate': 0.022062576037134622}. Best is trial 0 with value: 0.07226056605577469.
[I 2023-12-26 14:58:49,771] Trial 29 finished with value: 3.311626672744751 and parameters: {'gradient_clip_val': 0.19077557887824487, 'hidden_size': 87, 'dropout': 0.454935794530367, 'hidden_continuous_size': 31, 'attention_head_size': 4, 'learning_rate': 0.06495995242392032}. Best is trial 0 with value: 0.07226056605577469.
[I 2023-12-26 14:58:56,260] Trial 30 finished with value: 2.2414181232452393 and parameters: {'gradient_clip_val': 0.1773650802681203, 'hidden_size': 97, 'dropout': 0.4564333122423652, 'hidden_continuous_size': 28, 'attention_head_size': 4, 'learning_rate': 0.07324969888709144}. Best is trial 0 with value: 0.07226056605577469.
[I 2023-12-26 14:59:03,417] Trial 31 finished with value: 2.9088823795318604 and parameters: {'gradient_clip_val': 0.17928017528695678, 'hidden_size': 105, 'dropout': 0.4714039631366522, 'hidden_continuous_size': 28, 'attention_head_size': 4, 'learning_rate': 0.069738580373015}. Best is trial 0 with value: 0.07226056605577469.
[I 2023-12-26 14:59:12,878] Trial 32 finished with value: 3.1461341381073 and parameters: {'gradient_clip_val': 0.1370367797588186, 'hidden_size': 139, 'dropout': 0.468874283103977, 'hidden_continuous_size': 21, 'attention_head_size': 4, 'learning_rate': 0.09354859800097488}. Best is trial 0 with value: 0.07226056605577469.
[I 2023-12-26 14:59:18,071] Trial 33 finished with value: 2.6310596466064453 and parameters: {'gradient_clip_val': 0.16686452273713223, 'hidden_size': 73, 'dropout': 0.49647971342721425, 'hidden_continuous_size': 44, 'attention_head_size': 4, 'learning_rate': 0.07192790407306404}. Best is trial 0 with value: 0.07226056605577469.
[I 2023-12-26 14:59:23,437] Trial 34 finished with value: 3.3083741664886475 and parameters: {'gradient_clip_val': 0.2236032718205152, 'hidden_size': 76, 'dropout': 0.4944936643801843, 'hidden_continuous_size': 50, 'attention_head_size': 4, 'learning_rate': 0.021345438606219094}. Best is trial 0 with value: 0.07226056605577469.
[I 2023-12-26 14:59:27,805] Trial 35 finished with value: 4.428853988647461 and parameters: {'gradient_clip_val': 0.16864824897668312, 'hidden_size': 65, 'dropout': 0.4976016202102584, 'hidden_continuous_size': 29, 'attention_head_size': 4, 'learning_rate': 0.01574499591853962}. Best is trial 0 with value: 0.07226056605577469.
[I 2023-12-26 14:59:32,006] Trial 36 finished with value: 3.6531312465667725 and parameters: {'gradient_clip_val': 0.21321396116692123, 'hidden_size': 62, 'dropout': 0.46823523086391633, 'hidden_continuous_size': 17, 'attention_head_size': 4, 'learning_rate': 0.06757803540649236}. Best is trial 0 with value: 0.07226056605577469.
[I 2023-12-26 14:59:39,836] Trial 37 finished with value: 3.0905253887176514 and parameters: {'gradient_clip_val': 0.16269390941611625, 'hidden_size': 116, 'dropout': 0.2657628464222389, 'hidden_continuous_size': 44, 'attention_head_size': 4, 'learning_rate': 0.051911347678771674}. Best is trial 0 with value: 0.07226056605577469.
[I 2023-12-26 14:59:47,263] Trial 38 finished with value: 3.5911686420440674 and parameters: {'gradient_clip_val': 0.23120521126221918, 'hidden_size': 101, 'dropout': 0.29263163558676103, 'hidden_continuous_size': 101, 'attention_head_size': 4, 'learning_rate': 0.031793020998127634}. Best is trial 0 with value: 0.07226056605577469.
[I 2023-12-26 14:59:50,660] Trial 39 finished with value: 2.557238817214966 and parameters: {'gradient_clip_val': 0.17730525512589693, 'hidden_size': 52, 'dropout': 0.45000794510617387, 'hidden_continuous_size': 11, 'attention_head_size': 4, 'learning_rate': 0.0733843864013086}. Best is trial 0 with value: 0.07226056605577469.
[I 2023-12-26 14:59:54,379] Trial 40 finished with value: 3.3624989986419678 and parameters: {'gradient_clip_val': 0.19609694075075965, 'hidden_size': 54, 'dropout': 0.39727527411804936, 'hidden_continuous_size': 11, 'attention_head_size': 4, 'learning_rate': 0.026406111925499774}. Best is trial 0 with value: 0.07226056605577469.
[I 2023-12-26 14:59:57,628] Trial 41 finished with value: 3.5612151622772217 and parameters: {'gradient_clip_val': 0.18142531881189422, 'hidden_size': 49, 'dropout': 0.4496199836037318, 'hidden_continuous_size': 12, 'attention_head_size': 4, 'learning_rate': 0.07275270705930617}. Best is trial 0 with value: 0.07226056605577469.
[I 2023-12-26 15:00:00,524] Trial 42 finished with value: 3.862041473388672 and parameters: {'gradient_clip_val': 0.14948780082806962, 'hidden_size': 39, 'dropout': 0.47817849469887425, 'hidden_continuous_size': 14, 'attention_head_size': 4, 'learning_rate': 0.05132489500429196}. Best is trial 0 with value: 0.07226056605577469.
[I 2023-12-26 15:00:06,742] Trial 43 finished with value: 3.2833757400512695 and parameters: {'gradient_clip_val': 0.17784203078583075, 'hidden_size': 93, 'dropout': 0.43937435632163596, 'hidden_continuous_size': 9, 'attention_head_size': 4, 'learning_rate': 0.07609112072547752}. Best is trial 0 with value: 0.07226056605577469.
[I 2023-12-26 15:00:12,493] Trial 44 finished with value: 3.5738303661346436 and parameters: {'gradient_clip_val': 0.1987168872913224, 'hidden_size': 81, 'dropout': 0.4696004182097104, 'hidden_continuous_size': 10, 'attention_head_size': 4, 'learning_rate': 0.07696979651267034}. Best is trial 0 with value: 0.07226056605577469.
[I 2023-12-26 15:00:20,271] Trial 45 finished with value: 2.5883729457855225 and parameters: {'gradient_clip_val': 0.2505650476930199, 'hidden_size': 120, 'dropout': 0.44040410542907005, 'hidden_continuous_size': 17, 'attention_head_size': 4, 'learning_rate': 0.09980970233220916}. Best is trial 0 with value: 0.07226056605577469.
[I 2023-12-26 15:00:28,697] Trial 46 finished with value: 3.1728222370147705 and parameters: {'gradient_clip_val': 0.2285875486624918, 'hidden_size': 126, 'dropout': 0.4362491961962365, 'hidden_continuous_size': 17, 'attention_head_size': 4, 'learning_rate': 0.09826154671334286}. Best is trial 0 with value: 0.07226056605577469.
[I 2023-12-26 15:00:37,717] Trial 47 finished with value: 2.924365758895874 and parameters: {'gradient_clip_val': 0.2548581813248813, 'hidden_size': 137, 'dropout': 0.39516735320189844, 'hidden_continuous_size': 13, 'attention_head_size': 1, 'learning_rate': 0.050174122669023005}. Best is trial 0 with value: 0.07226056605577469.
[I 2023-12-26 15:00:45,292] Trial 48 finished with value: 3.4235641956329346 and parameters: {'gradient_clip_val': 0.28868585009953296, 'hidden_size': 113, 'dropout': 0.4995077392538223, 'hidden_continuous_size': 15, 'attention_head_size': 4, 'learning_rate': 0.08278197515514193}. Best is trial 0 with value: 0.07226056605577469.
[I 2023-12-26 15:00:49,902] Trial 49 finished with value: 3.904726982116699 and parameters: {'gradient_clip_val': 0.21045132559794058, 'hidden_size': 72, 'dropout': 0.45370750226729023, 'hidden_continuous_size': 9, 'attention_head_size': 4, 'learning_rate': 0.04329848497348535}. Best is trial 0 with value: 0.07226056605577469.
[I 2023-12-26 15:00:50,024] A new study created in memory with name: no-name-a75c7eee-a163-4124-9f16-5b832f6c06c9
/home/le004/conda/anaconda3/envs/tsff_env/lib/python3.9/site-packages/lightning/fabric/plugins/environments/slurm.py:191: The `srun` command is available on your system but is not used. HINT: If your intention is to run Lightning on SLURM, prepend your python command with `srun` like so: srun python /home/le004/master_thesis/git/TSFusionForecast/code/ ...
[I 2023-12-26 15:05:04,395] Trial 0 finished with value: 0.03820769861340523 and parameters: {'gradient_clip_val': 0.12667341802531318, 'hidden_size': 7, 'dropout': 0.4421665545701111, 'hidden_continuous_size': 7, 'attention_head_size': 4, 'learning_rate': 0.06835097736890894}. Best is trial 0 with value: 0.03820769861340523.
[I 2023-12-26 15:07:16,221] Trial 1 finished with value: 0.5924288034439087 and parameters: {'gradient_clip_val': 0.10083666700514185, 'hidden_size': 40, 'dropout': 0.3553096090977458, 'hidden_continuous_size': 9, 'attention_head_size': 2, 'learning_rate': 0.0006142592036530628}. Best is trial 0 with value: 0.03820769861340523.
[I 2023-12-26 15:07:18,259] Trial 2 finished with value: 3.5543735027313232 and parameters: {'gradient_clip_val': 0.4653005654516324, 'hidden_size': 17, 'dropout': 0.3404785083940698, 'hidden_continuous_size': 9, 'attention_head_size': 3, 'learning_rate': 0.0034192227246873453}. Best is trial 0 with value: 0.03820769861340523.
[I 2023-12-26 15:07:20,924] Trial 3 finished with value: 2.998170852661133 and parameters: {'gradient_clip_val': 0.16477056853301844, 'hidden_size': 40, 'dropout': 0.13784277260755995, 'hidden_continuous_size': 21, 'attention_head_size': 4, 'learning_rate': 0.0014116370887569192}. Best is trial 0 with value: 0.03820769861340523.
[I 2023-12-26 15:07:22,947] Trial 4 finished with value: 4.1785712242126465 and parameters: {'gradient_clip_val': 0.10200083589091204, 'hidden_size': 15, 'dropout': 0.14059081514396304, 'hidden_continuous_size': 5, 'attention_head_size': 1, 'learning_rate': 0.05312223713456204}. Best is trial 0 with value: 0.03820769861340523.
[I 2023-12-26 15:07:27,482] Trial 5 finished with value: 3.5620555877685547 and parameters: {'gradient_clip_val': 0.16229947770858774, 'hidden_size': 82, 'dropout': 0.21306786732920902, 'hidden_continuous_size': 9, 'attention_head_size': 1, 'learning_rate': 0.0015593796485366786}. Best is trial 0 with value: 0.03820769861340523.
[I 2023-12-26 15:07:35,470] Trial 6 finished with value: 3.4777591228485107 and parameters: {'gradient_clip_val': 0.12706091152874419, 'hidden_size': 136, 'dropout': 0.16053550493942012, 'hidden_continuous_size': 34, 'attention_head_size': 2, 'learning_rate': 0.0009544926400664409}. Best is trial 0 with value: 0.03820769861340523.
[I 2023-12-26 15:07:37,430] Trial 7 finished with value: 3.3590145111083984 and parameters: {'gradient_clip_val': 0.923362616366776, 'hidden_size': 10, 'dropout': 0.25726120873435077, 'hidden_continuous_size': 6, 'attention_head_size': 3, 'learning_rate': 0.0011138229200693328}. Best is trial 0 with value: 0.03820769861340523.
[I 2023-12-26 15:07:39,881] Trial 8 finished with value: 3.430199384689331 and parameters: {'gradient_clip_val': 0.2909086162546565, 'hidden_size': 30, 'dropout': 0.2248741534521147, 'hidden_continuous_size': 7, 'attention_head_size': 4, 'learning_rate': 0.0022756583043675766}. Best is trial 0 with value: 0.03820769861340523.
[I 2023-12-26 15:07:43,961] Trial 9 finished with value: 3.5403995513916016 and parameters: {'gradient_clip_val': 0.6342020964871212, 'hidden_size': 74, 'dropout': 0.2525314591225827, 'hidden_continuous_size': 7, 'attention_head_size': 1, 'learning_rate': 0.004058237097514974}. Best is trial 0 with value: 0.03820769861340523.
[I 2023-12-26 15:07:45,702] Trial 10 finished with value: 3.6928608417510986 and parameters: {'gradient_clip_val': 0.23421099769580628, 'hidden_size': 5, 'dropout': 0.477082488105009, 'hidden_continuous_size': 5, 'attention_head_size': 4, 'learning_rate': 0.0819631206474824}. Best is trial 0 with value: 0.03820769861340523.
[I 2023-12-26 15:07:47,786] Trial 11 finished with value: 2.391798257827759 and parameters: {'gradient_clip_val': 0.10267912407863682, 'hidden_size': 7, 'dropout': 0.39183065066045614, 'hidden_continuous_size': 5, 'attention_head_size': 2, 'learning_rate': 0.02037967272836732}. Best is trial 0 with value: 0.03820769861340523.
[I 2023-12-26 15:07:49,926] Trial 12 finished with value: 3.561166763305664 and parameters: {'gradient_clip_val': 0.17713963541851258, 'hidden_size': 20, 'dropout': 0.4124499764318911, 'hidden_continuous_size': 11, 'attention_head_size': 3, 'learning_rate': 0.0005368298759380077}. Best is trial 0 with value: 0.03820769861340523.
[I 2023-12-26 15:07:51,849] Trial 13 finished with value: 4.141585826873779 and parameters: {'gradient_clip_val': 0.1365135934083614, 'hidden_size': 9, 'dropout': 0.4900554855860833, 'hidden_continuous_size': 6, 'attention_head_size': 2, 'learning_rate': 0.00891275240421952}. Best is trial 0 with value: 0.03820769861340523.
[I 2023-12-26 15:07:53,562] Trial 14 finished with value: 3.740856885910034 and parameters: {'gradient_clip_val': 0.2167752364149496, 'hidden_size': 5, 'dropout': 0.33965689193427795, 'hidden_continuous_size': 5, 'attention_head_size': 3, 'learning_rate': 0.01003047057683653}. Best is trial 0 with value: 0.03820769861340523.
[I 2023-12-26 15:07:55,864] Trial 15 finished with value: 2.720632553100586 and parameters: {'gradient_clip_val': 0.10327481515448486, 'hidden_size': 32, 'dropout': 0.4165529095523467, 'hidden_continuous_size': 12, 'attention_head_size': 2, 'learning_rate': 0.019986521632862943}. Best is trial 0 with value: 0.03820769861340523.
[I 2023-12-26 15:07:57,917] Trial 16 finished with value: 3.42630672454834 and parameters: {'gradient_clip_val': 0.13734194179591014, 'hidden_size': 13, 'dropout': 0.31692237532927436, 'hidden_continuous_size': 8, 'attention_head_size': 4, 'learning_rate': 0.005251557894758861}. Best is trial 0 with value: 0.03820769861340523.
[I 2023-12-26 15:08:00,153] Trial 17 finished with value: 2.9483938217163086 and parameters: {'gradient_clip_val': 0.22844925368284813, 'hidden_size': 22, 'dropout': 0.37037120407795077, 'hidden_continuous_size': 11, 'attention_head_size': 3, 'learning_rate': 0.0921468018412468}. Best is trial 0 with value: 0.03820769861340523.
[I 2023-12-26 15:08:02,773] Trial 18 finished with value: 3.305255174636841 and parameters: {'gradient_clip_val': 0.3229906652838629, 'hidden_size': 38, 'dropout': 0.44454496835001545, 'hidden_continuous_size': 13, 'attention_head_size': 2, 'learning_rate': 0.0027080891649516195}. Best is trial 0 with value: 0.03820769861340523.
[I 2023-12-26 15:08:05,021] Trial 19 finished with value: 3.120885133743286 and parameters: {'gradient_clip_val': 0.12416365744263108, 'hidden_size': 25, 'dropout': 0.4456738280729765, 'hidden_continuous_size': 9, 'attention_head_size': 1, 'learning_rate': 0.0005174394609977146}. Best is trial 0 with value: 0.03820769861340523.
[I 2023-12-26 15:08:07,042] Trial 20 finished with value: 3.7847061157226562 and parameters: {'gradient_clip_val': 0.18207965242574212, 'hidden_size': 11, 'dropout': 0.3688372547240526, 'hidden_continuous_size': 6, 'attention_head_size': 4, 'learning_rate': 0.006443339026160398}. Best is trial 0 with value: 0.03820769861340523.
[I 2023-12-26 15:08:08,931] Trial 21 finished with value: 3.870004415512085 and parameters: {'gradient_clip_val': 0.10584302816886561, 'hidden_size': 7, 'dropout': 0.37840623091117265, 'hidden_continuous_size': 5, 'attention_head_size': 2, 'learning_rate': 0.02940203810349895}. Best is trial 0 with value: 0.03820769861340523.
[I 2023-12-26 15:08:11,048] Trial 22 finished with value: 3.794612169265747 and parameters: {'gradient_clip_val': 0.10446064293081009, 'hidden_size': 7, 'dropout': 0.40348763000882315, 'hidden_continuous_size': 5, 'attention_head_size': 2, 'learning_rate': 0.014128076122068784}. Best is trial 0 with value: 0.03820769861340523.
[I 2023-12-26 15:08:12,926] Trial 23 finished with value: 3.499053716659546 and parameters: {'gradient_clip_val': 0.13043968619555768, 'hidden_size': 7, 'dropout': 0.3031295781910027, 'hidden_continuous_size': 5, 'attention_head_size': 2, 'learning_rate': 0.033777315607512945}. Best is trial 0 with value: 0.03820769861340523.
[I 2023-12-26 15:08:14,989] Trial 24 finished with value: 2.7613821029663086 and parameters: {'gradient_clip_val': 0.1532233762155981, 'hidden_size': 14, 'dropout': 0.4520925549756788, 'hidden_continuous_size': 7, 'attention_head_size': 3, 'learning_rate': 0.01499640702711997}. Best is trial 0 with value: 0.03820769861340523.
[I 2023-12-26 15:08:16,687] Trial 25 finished with value: 2.880323648452759 and parameters: {'gradient_clip_val': 0.12021019247764353, 'hidden_size': 5, 'dropout': 0.4940191485334137, 'hidden_continuous_size': 5, 'attention_head_size': 2, 'learning_rate': 0.046980074027515265}. Best is trial 0 with value: 0.03820769861340523.
[I 2023-12-26 15:08:18,720] Trial 26 finished with value: 2.250014543533325 and parameters: {'gradient_clip_val': 0.10132937848193363, 'hidden_size': 18, 'dropout': 0.4003587688940287, 'hidden_continuous_size': 8, 'attention_head_size': 1, 'learning_rate': 0.02612410364958589}. Best is trial 0 with value: 0.03820769861340523.
[I 2023-12-26 15:08:20,779] Trial 27 finished with value: 3.3971431255340576 and parameters: {'gradient_clip_val': 0.1508393550211919, 'hidden_size': 20, 'dropout': 0.4274722394989499, 'hidden_continuous_size': 8, 'attention_head_size': 1, 'learning_rate': 0.05892325234021871}. Best is trial 0 with value: 0.03820769861340523.
[I 2023-12-26 15:08:22,781] Trial 28 finished with value: 4.346619129180908 and parameters: {'gradient_clip_val': 0.11896140801784261, 'hidden_size': 17, 'dropout': 0.3485844161802184, 'hidden_continuous_size': 8, 'attention_head_size': 1, 'learning_rate': 0.0342832956842912}. Best is trial 0 with value: 0.03820769861340523.
[I 2023-12-26 15:08:24,794] Trial 29 finished with value: 4.18781042098999 and parameters: {'gradient_clip_val': 0.1972121950084446, 'hidden_size': 17, 'dropout': 0.3386800899442945, 'hidden_continuous_size': 10, 'attention_head_size': 1, 'learning_rate': 0.005183705383540287}. Best is trial 0 with value: 0.03820769861340523.
[I 2023-12-26 15:08:27,740] Trial 30 finished with value: 3.2083442211151123 and parameters: {'gradient_clip_val': 0.14427250354690527, 'hidden_size': 45, 'dropout': 0.39902238624121467, 'hidden_continuous_size': 14, 'attention_head_size': 3, 'learning_rate': 0.09477489536652557}. Best is trial 0 with value: 0.03820769861340523.
[I 2023-12-26 15:08:29,548] Trial 31 finished with value: 2.760629415512085 and parameters: {'gradient_clip_val': 0.10083679118314884, 'hidden_size': 8, 'dropout': 0.38953697494331985, 'hidden_continuous_size': 6, 'attention_head_size': 2, 'learning_rate': 0.021802415778076567}. Best is trial 0 with value: 0.03820769861340523.
[I 2023-12-26 15:08:31,506] Trial 32 finished with value: 3.329005002975464 and parameters: {'gradient_clip_val': 0.1160029354413487, 'hidden_size': 12, 'dropout': 0.3642339878177371, 'hidden_continuous_size': 7, 'attention_head_size': 2, 'learning_rate': 0.011270675769167892}. Best is trial 0 with value: 0.03820769861340523.
[I 2023-12-26 15:08:33,433] Trial 33 finished with value: 3.170229196548462 and parameters: {'gradient_clip_val': 0.11298569398494232, 'hidden_size': 10, 'dropout': 0.43086892762209045, 'hidden_continuous_size': 6, 'attention_head_size': 1, 'learning_rate': 0.022813970565833}. Best is trial 0 with value: 0.03820769861340523.
[I 2023-12-26 15:08:35,656] Trial 34 finished with value: 2.584923505783081 and parameters: {'gradient_clip_val': 0.10092668513002369, 'hidden_size': 13, 'dropout': 0.46321037456496433, 'hidden_continuous_size': 9, 'attention_head_size': 1, 'learning_rate': 0.04608674800081163}. Best is trial 0 with value: 0.03820769861340523.
[I 2023-12-26 15:08:37,522] Trial 35 finished with value: 2.9555671215057373 and parameters: {'gradient_clip_val': 0.15783416741149991, 'hidden_size': 6, 'dropout': 0.3961785739239998, 'hidden_continuous_size': 5, 'attention_head_size': 2, 'learning_rate': 0.007747721820956249}. Best is trial 0 with value: 0.03820769861340523.
[I 2023-12-26 15:08:39,529] Trial 36 finished with value: 3.2853281497955322 and parameters: {'gradient_clip_val': 0.13396476769399446, 'hidden_size': 10, 'dropout': 0.42398429545890004, 'hidden_continuous_size': 8, 'attention_head_size': 4, 'learning_rate': 0.06951522285145303}. Best is trial 0 with value: 0.03820769861340523.
[I 2023-12-26 15:08:41,384] Trial 37 finished with value: 2.7141568660736084 and parameters: {'gradient_clip_val': 0.12270718769612891, 'hidden_size': 8, 'dropout': 0.3860809405172824, 'hidden_continuous_size': 6, 'attention_head_size': 3, 'learning_rate': 0.0440652879848867}. Best is trial 0 with value: 0.03820769861340523.
