[I 2023-12-16 04:20:21,462] Trial 25 finished with value: 188.8049774169922 and parameters: {'gradient_clip_val': 0.27043109190305115, 'hidden_size': 75, 'dropout': 0.15259024580027447, 'hidden_continuous_size': 24, 'attention_head_size': 1, 'learning_rate': 0.0019082887441503513}. Best is trial 11 with value: 165.76744079589844.
LOCAL_RANK: 0 - CUDA_VISIBLE_DEVICES: [0]
[I 2023-12-16 04:21:14,024] Trial 26 finished with value: 246.69117736816406 and parameters: {'gradient_clip_val': 0.2225350253644938, 'hidden_size': 49, 'dropout': 0.20243588343733923, 'hidden_continuous_size': 10, 'attention_head_size': 2, 'learning_rate': 0.008237728960288961}. Best is trial 11 with value: 165.76744079589844.
LOCAL_RANK: 0 - CUDA_VISIBLE_DEVICES: [0]
[I 2023-12-16 04:22:07,210] Trial 27 finished with value: 163.4121856689453 and parameters: {'gradient_clip_val': 0.29147097838493624, 'hidden_size': 74, 'dropout': 0.16647043543579204, 'hidden_continuous_size': 16, 'attention_head_size': 1, 'learning_rate': 0.003312915400763655}. Best is trial 27 with value: 163.4121856689453.
LOCAL_RANK: 0 - CUDA_VISIBLE_DEVICES: [0]
[I 2023-12-16 04:23:00,689] Trial 28 finished with value: 390.6943054199219 and parameters: {'gradient_clip_val': 0.29645529861140696, 'hidden_size': 78, 'dropout': 0.1275325833428187, 'hidden_continuous_size': 14, 'attention_head_size': 2, 'learning_rate': 0.004436300491580767}. Best is trial 27 with value: 163.4121856689453.
LOCAL_RANK: 0 - CUDA_VISIBLE_DEVICES: [0]
[I 2023-12-16 04:23:53,990] Trial 29 finished with value: 263.1915283203125 and parameters: {'gradient_clip_val': 0.5089602716854107, 'hidden_size': 79, 'dropout': 0.17224456015621162, 'hidden_continuous_size': 16, 'attention_head_size': 1, 'learning_rate': 0.0033073975577177397}. Best is trial 27 with value: 163.4121856689453.
LOCAL_RANK: 0 - CUDA_VISIBLE_DEVICES: [0]
[I 2023-12-16 04:24:45,155] Trial 30 finished with value: 473.7156677246094 and parameters: {'gradient_clip_val': 0.35398334042910207, 'hidden_size': 53, 'dropout': 0.1651384100102402, 'hidden_continuous_size': 6, 'attention_head_size': 3, 'learning_rate': 0.001223586652968931}. Best is trial 27 with value: 163.4121856689453.
LOCAL_RANK: 0 - CUDA_VISIBLE_DEVICES: [0]
[I 2023-12-16 04:25:38,526] Trial 31 finished with value: 249.9584503173828 and parameters: {'gradient_clip_val': 0.28731657467330113, 'hidden_size': 78, 'dropout': 0.23180290255114774, 'hidden_continuous_size': 20, 'attention_head_size': 1, 'learning_rate': 0.002711797190258963}. Best is trial 27 with value: 163.4121856689453.
LOCAL_RANK: 0 - CUDA_VISIBLE_DEVICES: [0]
[I 2023-12-16 04:26:31,338] Trial 32 finished with value: 156.4785614013672 and parameters: {'gradient_clip_val': 0.8381348887736862, 'hidden_size': 61, 'dropout': 0.19949039358214604, 'hidden_continuous_size': 17, 'attention_head_size': 1, 'learning_rate': 0.002114697010842767}. Best is trial 32 with value: 156.4785614013672.
LOCAL_RANK: 0 - CUDA_VISIBLE_DEVICES: [0]
[I 2023-12-16 04:27:23,730] Trial 33 finished with value: 212.779296875 and parameters: {'gradient_clip_val': 0.8108973355412302, 'hidden_size': 61, 'dropout': 0.20169890061957424, 'hidden_continuous_size': 17, 'attention_head_size': 1, 'learning_rate': 0.001791267071229552}. Best is trial 32 with value: 156.4785614013672.
LOCAL_RANK: 0 - CUDA_VISIBLE_DEVICES: [0]
[I 2023-12-16 04:28:15,122] Trial 34 finished with value: 421.1130065917969 and parameters: {'gradient_clip_val': 0.7122149264000429, 'hidden_size': 41, 'dropout': 0.17538246472556274, 'hidden_continuous_size': 13, 'attention_head_size': 1, 'learning_rate': 0.006596951469241473}. Best is trial 32 with value: 156.4785614013672.
LOCAL_RANK: 0 - CUDA_VISIBLE_DEVICES: [0]
[I 2023-12-16 04:29:09,237] Trial 35 finished with value: 156.40704345703125 and parameters: {'gradient_clip_val': 0.8632924949565328, 'hidden_size': 85, 'dropout': 0.2305488457905264, 'hidden_continuous_size': 29, 'attention_head_size': 1, 'learning_rate': 0.0023303716884676444}. Best is trial 35 with value: 156.40704345703125.
LOCAL_RANK: 0 - CUDA_VISIBLE_DEVICES: [0]
[I 2023-12-16 04:30:03,072] Trial 36 finished with value: 305.7111511230469 and parameters: {'gradient_clip_val': 0.9214002051278546, 'hidden_size': 86, 'dropout': 0.23097490110453017, 'hidden_continuous_size': 28, 'attention_head_size': 1, 'learning_rate': 0.0023273906494183897}. Best is trial 35 with value: 156.40704345703125.
LOCAL_RANK: 0 - CUDA_VISIBLE_DEVICES: [0]
[I 2023-12-16 04:30:55,222] Trial 37 finished with value: 230.4495849609375 and parameters: {'gradient_clip_val': 0.527403411827928, 'hidden_size': 68, 'dropout': 0.2649880554431436, 'hidden_continuous_size': 22, 'attention_head_size': 1, 'learning_rate': 0.0034050923661000767}. Best is trial 35 with value: 156.40704345703125.
LOCAL_RANK: 0 - CUDA_VISIBLE_DEVICES: [0]
[I 2023-12-16 04:31:48,185] Trial 38 finished with value: 168.25930786132812 and parameters: {'gradient_clip_val': 0.850605925331282, 'hidden_size': 84, 'dropout': 0.24390939663454525, 'hidden_continuous_size': 31, 'attention_head_size': 1, 'learning_rate': 0.0008804047286617181}. Best is trial 35 with value: 156.40704345703125.
LOCAL_RANK: 0 - CUDA_VISIBLE_DEVICES: [0]
[I 2023-12-16 04:32:42,606] Trial 39 finished with value: 158.33990478515625 and parameters: {'gradient_clip_val': 0.9933825874495481, 'hidden_size': 99, 'dropout': 0.21906071487064285, 'hidden_continuous_size': 18, 'attention_head_size': 1, 'learning_rate': 0.0014067938167885085}. Best is trial 35 with value: 156.40704345703125.
LOCAL_RANK: 0 - CUDA_VISIBLE_DEVICES: [0]
[I 2023-12-16 04:33:34,744] Trial 40 finished with value: 237.599853515625 and parameters: {'gradient_clip_val': 0.9938145959794152, 'hidden_size': 54, 'dropout': 0.3093410946317148, 'hidden_continuous_size': 18, 'attention_head_size': 1, 'learning_rate': 0.001272259222917466}. Best is trial 35 with value: 156.40704345703125.
LOCAL_RANK: 0 - CUDA_VISIBLE_DEVICES: [0]
[I 2023-12-16 04:34:28,638] Trial 41 finished with value: 547.4848022460938 and parameters: {'gradient_clip_val': 0.8088630015355107, 'hidden_size': 95, 'dropout': 0.21120211486992524, 'hidden_continuous_size': 22, 'attention_head_size': 1, 'learning_rate': 0.0022002287213832407}. Best is trial 35 with value: 156.40704345703125.
LOCAL_RANK: 0 - CUDA_VISIBLE_DEVICES: [0]
[I 2023-12-16 04:35:20,977] Trial 42 finished with value: 309.7336730957031 and parameters: {'gradient_clip_val': 0.6808669506570111, 'hidden_size': 72, 'dropout': 0.2200024757802654, 'hidden_continuous_size': 16, 'attention_head_size': 1, 'learning_rate': 0.0017551865382817952}. Best is trial 35 with value: 156.40704345703125.
LOCAL_RANK: 0 - CUDA_VISIBLE_DEVICES: [0]
[I 2023-12-16 04:36:14,750] Trial 43 finished with value: 413.45263671875 and parameters: {'gradient_clip_val': 0.8724701130731286, 'hidden_size': 87, 'dropout': 0.19579523412241784, 'hidden_continuous_size': 19, 'attention_head_size': 1, 'learning_rate': 0.0007214230934214599}. Best is trial 35 with value: 156.40704345703125.
LOCAL_RANK: 0 - CUDA_VISIBLE_DEVICES: [0]
[I 2023-12-16 04:37:10,073] Trial 44 finished with value: 242.5108184814453 and parameters: {'gradient_clip_val': 0.784682130617895, 'hidden_size': 99, 'dropout': 0.22884606308614128, 'hidden_continuous_size': 38, 'attention_head_size': 1, 'learning_rate': 0.0010850146191669363}. Best is trial 35 with value: 156.40704345703125.
LOCAL_RANK: 0 - CUDA_VISIBLE_DEVICES: [0]
[I 2023-12-16 04:38:02,960] Trial 45 finished with value: 353.81640625 and parameters: {'gradient_clip_val': 0.6583321064647608, 'hidden_size': 66, 'dropout': 0.24443142115577382, 'hidden_continuous_size': 21, 'attention_head_size': 1, 'learning_rate': 0.0015273022563518728}. Best is trial 35 with value: 156.40704345703125.
LOCAL_RANK: 0 - CUDA_VISIBLE_DEVICES: [0]
[I 2023-12-16 04:38:56,329] Trial 46 finished with value: 308.6756591796875 and parameters: {'gradient_clip_val': 0.9253755480838831, 'hidden_size': 81, 'dropout': 0.18393884273253885, 'hidden_continuous_size': 17, 'attention_head_size': 1, 'learning_rate': 0.0023285461626649925}. Best is trial 35 with value: 156.40704345703125.
LOCAL_RANK: 0 - CUDA_VISIBLE_DEVICES: [0]
[I 2023-12-16 04:39:49,231] Trial 47 finished with value: 271.0780029296875 and parameters: {'gradient_clip_val': 0.9981946617257127, 'hidden_size': 47, 'dropout': 0.20509676082682507, 'hidden_continuous_size': 19, 'attention_head_size': 4, 'learning_rate': 0.0016179991078258485}. Best is trial 35 with value: 156.40704345703125.
LOCAL_RANK: 0 - CUDA_VISIBLE_DEVICES: [0]
[I 2023-12-16 04:40:42,004] Trial 48 finished with value: 485.9427185058594 and parameters: {'gradient_clip_val': 0.7626460754792582, 'hidden_size': 88, 'dropout': 0.18994804577757082, 'hidden_continuous_size': 13, 'attention_head_size': 2, 'learning_rate': 0.0010926097087385796}. Best is trial 35 with value: 156.40704345703125.
LOCAL_RANK: 0 - CUDA_VISIBLE_DEVICES: [0]
[I 2023-12-16 04:41:34,844] Trial 49 finished with value: 350.0494079589844 and parameters: {'gradient_clip_val': 0.6050196867591996, 'hidden_size': 63, 'dropout': 0.2573244652502672, 'hidden_continuous_size': 25, 'attention_head_size': 1, 'learning_rate': 0.000845711417077909}. Best is trial 35 with value: 156.40704345703125.
[I 2023-12-16 04:41:34,939] A new study created in memory with name: no-name-83ca3a37-0ce2-404e-a26b-53d79a1da58d
/home/le004/conda/anaconda3/envs/tsff_env/lib/python3.9/site-packages/lightning/fabric/plugins/environments/slurm.py:191: The `srun` command is available on your system but is not used. HINT: If your intention is to run Lightning on SLURM, prepend your python command with `srun` like so: srun python /home/le004/master_thesis/git/TSFusionForecast/code/ ...
LOCAL_RANK: 0 - CUDA_VISIBLE_DEVICES: [0]
[I 2023-12-16 04:42:20,472] Trial 0 finished with value: 372.9775085449219 and parameters: {'gradient_clip_val': 0.2389590480266384, 'hidden_size': 13, 'dropout': 0.19287064214856775, 'hidden_continuous_size': 12, 'attention_head_size': 2, 'learning_rate': 0.030066887533489746}. Best is trial 0 with value: 372.9775085449219.
LOCAL_RANK: 0 - CUDA_VISIBLE_DEVICES: [0]
[I 2023-12-16 04:42:53,873] Trial 1 finished with value: 256.0290832519531 and parameters: {'gradient_clip_val': 0.35619894016290166, 'hidden_size': 5, 'dropout': 0.14649636805464586, 'hidden_continuous_size': 5, 'attention_head_size': 2, 'learning_rate': 0.01811331527172242}. Best is trial 1 with value: 256.0290832519531.
LOCAL_RANK: 0 - CUDA_VISIBLE_DEVICES: [0]
[I 2023-12-16 04:43:41,756] Trial 2 finished with value: 369.4365234375 and parameters: {'gradient_clip_val': 0.11120899616755353, 'hidden_size': 32, 'dropout': 0.2743300238671552, 'hidden_continuous_size': 6, 'attention_head_size': 4, 'learning_rate': 0.0043435167347447646}. Best is trial 1 with value: 256.0290832519531.
LOCAL_RANK: 0 - CUDA_VISIBLE_DEVICES: [0]
[I 2023-12-16 04:44:15,346] Trial 3 finished with value: 196.71482849121094 and parameters: {'gradient_clip_val': 0.43213919660623956, 'hidden_size': 7, 'dropout': 0.17539434443094426, 'hidden_continuous_size': 7, 'attention_head_size': 2, 'learning_rate': 0.09393642480612073}. Best is trial 3 with value: 196.71482849121094.
LOCAL_RANK: 0 - CUDA_VISIBLE_DEVICES: [0]
[I 2023-12-16 04:44:59,887] Trial 4 finished with value: 259.6122131347656 and parameters: {'gradient_clip_val': 0.6240105146396911, 'hidden_size': 7, 'dropout': 0.2503726883435228, 'hidden_continuous_size': 6, 'attention_head_size': 2, 'learning_rate': 0.018537919824788647}. Best is trial 3 with value: 196.71482849121094.
LOCAL_RANK: 0 - CUDA_VISIBLE_DEVICES: [0]
[I 2023-12-16 04:45:44,473] Trial 5 finished with value: 310.2601013183594 and parameters: {'gradient_clip_val': 0.33841912096295873, 'hidden_size': 16, 'dropout': 0.34513283946832296, 'hidden_continuous_size': 5, 'attention_head_size': 4, 'learning_rate': 0.001526395022455008}. Best is trial 3 with value: 196.71482849121094.
LOCAL_RANK: 0 - CUDA_VISIBLE_DEVICES: [0]
[I 2023-12-16 04:46:27,913] Trial 6 finished with value: 305.1690368652344 and parameters: {'gradient_clip_val': 0.8200389681894845, 'hidden_size': 8, 'dropout': 0.10814527616693916, 'hidden_continuous_size': 5, 'attention_head_size': 2, 'learning_rate': 0.005012014310067858}. Best is trial 3 with value: 196.71482849121094.
LOCAL_RANK: 0 - CUDA_VISIBLE_DEVICES: [0]
[I 2023-12-16 04:47:12,197] Trial 7 finished with value: 318.8370056152344 and parameters: {'gradient_clip_val': 0.35920394951732343, 'hidden_size': 12, 'dropout': 0.18731575461776903, 'hidden_continuous_size': 7, 'attention_head_size': 3, 'learning_rate': 0.0010670011586983892}. Best is trial 3 with value: 196.71482849121094.
LOCAL_RANK: 0 - CUDA_VISIBLE_DEVICES: [0]
[I 2023-12-16 04:48:04,036] Trial 8 finished with value: 160.06187438964844 and parameters: {'gradient_clip_val': 0.258575479487777, 'hidden_size': 53, 'dropout': 0.3231833711462577, 'hidden_continuous_size': 8, 'attention_head_size': 1, 'learning_rate': 0.003169083008784097}. Best is trial 8 with value: 160.06187438964844.
LOCAL_RANK: 0 - CUDA_VISIBLE_DEVICES: [0]
[I 2023-12-16 04:48:37,925] Trial 9 finished with value: 584.2333374023438 and parameters: {'gradient_clip_val': 0.16293013263839454, 'hidden_size': 5, 'dropout': 0.3471740511271353, 'hidden_continuous_size': 5, 'attention_head_size': 3, 'learning_rate': 0.016131289565735406}. Best is trial 8 with value: 160.06187438964844.
LOCAL_RANK: 0 - CUDA_VISIBLE_DEVICES: [0]
[I 2023-12-16 04:49:32,288] Trial 10 finished with value: 186.2342529296875 and parameters: {'gradient_clip_val': 0.2070431395132083, 'hidden_size': 79, 'dropout': 0.3887779882848715, 'hidden_continuous_size': 35, 'attention_head_size': 1, 'learning_rate': 0.0005908239633062257}. Best is trial 8 with value: 160.06187438964844.
LOCAL_RANK: 0 - CUDA_VISIBLE_DEVICES: [0]
[I 2023-12-16 04:50:26,545] Trial 11 finished with value: 280.6036071777344 and parameters: {'gradient_clip_val': 0.22775924831500272, 'hidden_size': 88, 'dropout': 0.39902382833456346, 'hidden_continuous_size': 40, 'attention_head_size': 1, 'learning_rate': 0.0006128181952851507}. Best is trial 8 with value: 160.06187438964844.
LOCAL_RANK: 0 - CUDA_VISIBLE_DEVICES: [0]
[I 2023-12-16 04:51:19,984] Trial 12 finished with value: 445.912353515625 and parameters: {'gradient_clip_val': 0.18860730438628862, 'hidden_size': 75, 'dropout': 0.3121068564419017, 'hidden_continuous_size': 32, 'attention_head_size': 1, 'learning_rate': 0.002099997194565045}. Best is trial 8 with value: 160.06187438964844.
LOCAL_RANK: 0 - CUDA_VISIBLE_DEVICES: [0]
[I 2023-12-16 04:52:11,314] Trial 13 finished with value: 322.09307861328125 and parameters: {'gradient_clip_val': 0.1468963369025102, 'hidden_size': 48, 'dropout': 0.3963917021392901, 'hidden_continuous_size': 22, 'attention_head_size': 1, 'learning_rate': 0.0005955192694122577}. Best is trial 8 with value: 160.06187438964844.
LOCAL_RANK: 0 - CUDA_VISIBLE_DEVICES: [0]
[I 2023-12-16 04:53:03,155] Trial 14 finished with value: 215.8049774169922 and parameters: {'gradient_clip_val': 0.2418522852161138, 'hidden_size': 51, 'dropout': 0.2995301246744845, 'hidden_continuous_size': 13, 'attention_head_size': 1, 'learning_rate': 0.0026627292462999192}. Best is trial 8 with value: 160.06187438964844.
LOCAL_RANK: 0 - CUDA_VISIBLE_DEVICES: [0]
[I 2023-12-16 04:53:59,990] Trial 15 finished with value: 277.2423400878906 and parameters: {'gradient_clip_val': 0.1007515261244618, 'hidden_size': 99, 'dropout': 0.3594634336177668, 'hidden_continuous_size': 74, 'attention_head_size': 1, 'learning_rate': 0.0009965058792568134}. Best is trial 8 with value: 160.06187438964844.
LOCAL_RANK: 0 - CUDA_VISIBLE_DEVICES: [0]
[I 2023-12-16 04:54:47,222] Trial 16 finished with value: 467.7567443847656 and parameters: {'gradient_clip_val': 0.2709006689684292, 'hidden_size': 28, 'dropout': 0.3173375699430159, 'hidden_continuous_size': 9, 'attention_head_size': 1, 'learning_rate': 0.0005190345861048829}. Best is trial 8 with value: 160.06187438964844.
LOCAL_RANK: 0 - CUDA_VISIBLE_DEVICES: [0]
[I 2023-12-16 04:55:39,889] Trial 17 finished with value: 150.4846649169922 and parameters: {'gradient_clip_val': 0.1935380957889266, 'hidden_size': 60, 'dropout': 0.3816113847050264, 'hidden_continuous_size': 18, 'attention_head_size': 3, 'learning_rate': 0.0028673910548138964}. Best is trial 17 with value: 150.4846649169922.
LOCAL_RANK: 0 - CUDA_VISIBLE_DEVICES: [0]
[I 2023-12-16 04:56:32,757] Trial 18 finished with value: 140.3075714111328 and parameters: {'gradient_clip_val': 0.145007840807207, 'hidden_size': 49, 'dropout': 0.35795203188962416, 'hidden_continuous_size': 16, 'attention_head_size': 3, 'learning_rate': 0.003998290632736604}. Best is trial 18 with value: 140.3075714111328.
LOCAL_RANK: 0 - CUDA_VISIBLE_DEVICES: [0]
[I 2023-12-16 04:57:23,996] Trial 19 finished with value: 171.2861328125 and parameters: {'gradient_clip_val': 0.13993400829717031, 'hidden_size': 37, 'dropout': 0.3621498218668572, 'hidden_continuous_size': 14, 'attention_head_size': 3, 'learning_rate': 0.007221318373458621}. Best is trial 18 with value: 140.3075714111328.
LOCAL_RANK: 0 - CUDA_VISIBLE_DEVICES: [0]
[I 2023-12-16 04:58:12,867] Trial 20 finished with value: 333.3193664550781 and parameters: {'gradient_clip_val': 0.17857315724350975, 'hidden_size': 25, 'dropout': 0.3704097733242767, 'hidden_continuous_size': 15, 'attention_head_size': 3, 'learning_rate': 0.007178436059715379}. Best is trial 18 with value: 140.3075714111328.
LOCAL_RANK: 0 - CUDA_VISIBLE_DEVICES: [0]
[I 2023-12-16 04:59:06,668] Trial 21 finished with value: 316.0030517578125 and parameters: {'gradient_clip_val': 0.12932414286149752, 'hidden_size': 57, 'dropout': 0.332919646496132, 'hidden_continuous_size': 18, 'attention_head_size': 4, 'learning_rate': 0.0030891589922524935}. Best is trial 18 with value: 140.3075714111328.
LOCAL_RANK: 0 - CUDA_VISIBLE_DEVICES: [0]
[I 2023-12-16 04:59:56,850] Trial 22 finished with value: 351.0549621582031 and parameters: {'gradient_clip_val': 0.18104265949975154, 'hidden_size': 40, 'dropout': 0.33221194744459037, 'hidden_continuous_size': 10, 'attention_head_size': 3, 'learning_rate': 0.002070076792319731}. Best is trial 18 with value: 140.3075714111328.
LOCAL_RANK: 0 - CUDA_VISIBLE_DEVICES: [0]
[I 2023-12-16 05:00:48,799] Trial 23 finished with value: 186.3746337890625 and parameters: {'gradient_clip_val': 0.27513913358707615, 'hidden_size': 68, 'dropout': 0.373017752245204, 'hidden_continuous_size': 10, 'attention_head_size': 3, 'learning_rate': 0.003711468476123934}. Best is trial 18 with value: 140.3075714111328.
LOCAL_RANK: 0 - CUDA_VISIBLE_DEVICES: [0]
[I 2023-12-16 05:01:41,773] Trial 24 finished with value: 347.9884033203125 and parameters: {'gradient_clip_val': 0.12554780428465953, 'hidden_size': 60, 'dropout': 0.2953711286682348, 'hidden_continuous_size': 18, 'attention_head_size': 4, 'learning_rate': 0.005401009101841973}. Best is trial 18 with value: 140.3075714111328.
LOCAL_RANK: 0 - CUDA_VISIBLE_DEVICES: [0]
[I 2023-12-16 05:02:33,910] Trial 25 finished with value: 401.4720458984375 and parameters: {'gradient_clip_val': 0.16018240462362948, 'hidden_size': 41, 'dropout': 0.3305203488862251, 'hidden_continuous_size': 12, 'attention_head_size': 3, 'learning_rate': 0.002842873922261889}. Best is trial 18 with value: 140.3075714111328.
LOCAL_RANK: 0 - CUDA_VISIBLE_DEVICES: [0]
[I 2023-12-16 05:03:26,725] Trial 26 finished with value: 239.688232421875 and parameters: {'gradient_clip_val': 0.20803404714556123, 'hidden_size': 64, 'dropout': 0.376026857304566, 'hidden_continuous_size': 22, 'attention_head_size': 2, 'learning_rate': 0.0017258437729274628}. Best is trial 18 with value: 140.3075714111328.
LOCAL_RANK: 0 - CUDA_VISIBLE_DEVICES: [0]
[I 2023-12-16 05:04:19,416] Trial 27 finished with value: 104.31230926513672 and parameters: {'gradient_clip_val': 0.14650152897445776, 'hidden_size': 51, 'dropout': 0.3502143924277402, 'hidden_continuous_size': 9, 'attention_head_size': 3, 'learning_rate': 0.007781629668259712}. Best is trial 27 with value: 104.31230926513672.
LOCAL_RANK: 0 - CUDA_VISIBLE_DEVICES: [0]
[I 2023-12-16 05:05:11,852] Trial 28 finished with value: 112.56401824951172 and parameters: {'gradient_clip_val': 0.11889947451546476, 'hidden_size': 45, 'dropout': 0.3512557039873504, 'hidden_continuous_size': 11, 'attention_head_size': 3, 'learning_rate': 0.008965784343690003}. Best is trial 27 with value: 104.31230926513672.
LOCAL_RANK: 0 - CUDA_VISIBLE_DEVICES: [0]
[I 2023-12-16 05:06:01,955] Trial 29 finished with value: 234.2095184326172 and parameters: {'gradient_clip_val': 0.11195680964990501, 'hidden_size': 35, 'dropout': 0.28032867901887215, 'hidden_continuous_size': 11, 'attention_head_size': 4, 'learning_rate': 0.010748395069968004}. Best is trial 27 with value: 104.31230926513672.
LOCAL_RANK: 0 - CUDA_VISIBLE_DEVICES: [0]
[I 2023-12-16 05:06:53,168] Trial 30 finished with value: 258.0259094238281 and parameters: {'gradient_clip_val': 0.14226867018459174, 'hidden_size': 44, 'dropout': 0.3512269183810634, 'hidden_continuous_size': 11, 'attention_head_size': 3, 'learning_rate': 0.009469188214523467}. Best is trial 27 with value: 104.31230926513672.
LOCAL_RANK: 0 - CUDA_VISIBLE_DEVICES: [0]
[I 2023-12-16 05:07:45,180] Trial 31 finished with value: 176.66990661621094 and parameters: {'gradient_clip_val': 0.12495701616159702, 'hidden_size': 47, 'dropout': 0.3803987954702729, 'hidden_continuous_size': 9, 'attention_head_size': 3, 'learning_rate': 0.005984129924772561}. Best is trial 27 with value: 104.31230926513672.
LOCAL_RANK: 0 - CUDA_VISIBLE_DEVICES: [0]
[I 2023-12-16 05:08:38,512] Trial 32 finished with value: 269.2823181152344 and parameters: {'gradient_clip_val': 0.15594365831036808, 'hidden_size': 65, 'dropout': 0.3556309974738653, 'hidden_continuous_size': 15, 'attention_head_size': 3, 'learning_rate': 0.004004977411691412}. Best is trial 27 with value: 104.31230926513672.
LOCAL_RANK: 0 - CUDA_VISIBLE_DEVICES: [0]
