[I 2023-12-26 13:41:44,479] Trial 15 finished with value: 2.446934461593628 and parameters: {'gradient_clip_val': 0.2677253557556381, 'hidden_size': 20, 'dropout': 0.17120715217742663, 'hidden_continuous_size': 8, 'attention_head_size': 4, 'learning_rate': 0.007935637874765847}. Best is trial 0 with value: 0.03535721078515053.
[I 2023-12-26 13:41:46,429] Trial 16 finished with value: 2.875812530517578 and parameters: {'gradient_clip_val': 0.3840164182180813, 'hidden_size': 9, 'dropout': 0.4891855741472076, 'hidden_continuous_size': 5, 'attention_head_size': 3, 'learning_rate': 0.037212040567618766}. Best is trial 0 with value: 0.03535721078515053.
[I 2023-12-26 13:41:49,707] Trial 17 finished with value: 3.3379898071289062 and parameters: {'gradient_clip_val': 0.18759730401856903, 'hidden_size': 59, 'dropout': 0.33249318863839633, 'hidden_continuous_size': 12, 'attention_head_size': 2, 'learning_rate': 0.008859690763326046}. Best is trial 0 with value: 0.03535721078515053.
[I 2023-12-26 13:41:51,715] Trial 18 finished with value: 3.241123914718628 and parameters: {'gradient_clip_val': 0.4399174852223125, 'hidden_size': 12, 'dropout': 0.4026170518229351, 'hidden_continuous_size': 6, 'attention_head_size': 2, 'learning_rate': 0.003671093542282007}. Best is trial 0 with value: 0.03535721078515053.
[I 2023-12-26 13:41:53,594] Trial 19 finished with value: 2.778773307800293 and parameters: {'gradient_clip_val': 0.30185918691544017, 'hidden_size': 7, 'dropout': 0.23016433383900525, 'hidden_continuous_size': 5, 'attention_head_size': 3, 'learning_rate': 0.009431941040035603}. Best is trial 0 with value: 0.03535721078515053.
[I 2023-12-26 13:41:55,469] Trial 20 finished with value: 2.5102603435516357 and parameters: {'gradient_clip_val': 0.37246827452361725, 'hidden_size': 5, 'dropout': 0.2990615828297606, 'hidden_continuous_size': 5, 'attention_head_size': 1, 'learning_rate': 0.022049421013811552}. Best is trial 0 with value: 0.03535721078515053.
[I 2023-12-26 13:41:57,329] Trial 21 finished with value: 2.363142728805542 and parameters: {'gradient_clip_val': 0.6708021551347396, 'hidden_size': 8, 'dropout': 0.10711229441334208, 'hidden_continuous_size': 5, 'attention_head_size': 4, 'learning_rate': 0.0013031464270202037}. Best is trial 0 with value: 0.03535721078515053.
[I 2023-12-26 13:41:59,329] Trial 22 finished with value: 2.2644052505493164 and parameters: {'gradient_clip_val': 0.8608320880642768, 'hidden_size': 11, 'dropout': 0.14777016532436185, 'hidden_continuous_size': 6, 'attention_head_size': 4, 'learning_rate': 0.0006938865746247645}. Best is trial 0 with value: 0.03535721078515053.
[I 2023-12-26 13:42:01,339] Trial 23 finished with value: 2.713653564453125 and parameters: {'gradient_clip_val': 0.6767650130684536, 'hidden_size': 10, 'dropout': 0.13476934827360781, 'hidden_continuous_size': 5, 'attention_head_size': 4, 'learning_rate': 0.000613407401809729}. Best is trial 0 with value: 0.03535721078515053.
[I 2023-12-26 13:42:03,254] Trial 24 finished with value: 2.961458444595337 and parameters: {'gradient_clip_val': 0.4694371261072864, 'hidden_size': 7, 'dropout': 0.1992392274723987, 'hidden_continuous_size': 5, 'attention_head_size': 4, 'learning_rate': 0.003524106627026843}. Best is trial 0 with value: 0.03535721078515053.
[I 2023-12-26 13:42:05,284] Trial 25 finished with value: 2.3723256587982178 and parameters: {'gradient_clip_val': 0.7666436500624826, 'hidden_size': 13, 'dropout': 0.14215982892791953, 'hidden_continuous_size': 6, 'attention_head_size': 3, 'learning_rate': 0.0010517878268227455}. Best is trial 0 with value: 0.03535721078515053.
[I 2023-12-26 13:42:07,338] Trial 26 finished with value: 2.367260694503784 and parameters: {'gradient_clip_val': 0.5578142548805232, 'hidden_size': 18, 'dropout': 0.19390415982535691, 'hidden_continuous_size': 7, 'attention_head_size': 2, 'learning_rate': 0.004359191799349328}. Best is trial 0 with value: 0.03535721078515053.
[I 2023-12-26 13:42:09,284] Trial 27 finished with value: 2.683805227279663 and parameters: {'gradient_clip_val': 0.776096873909572, 'hidden_size': 9, 'dropout': 0.10198274782016337, 'hidden_continuous_size': 5, 'attention_head_size': 3, 'learning_rate': 0.007623248673014384}. Best is trial 0 with value: 0.03535721078515053.
[I 2023-12-26 13:42:11,342] Trial 28 finished with value: 2.5871970653533936 and parameters: {'gradient_clip_val': 0.4367324921298416, 'hidden_size': 11, 'dropout': 0.22928592305833206, 'hidden_continuous_size': 6, 'attention_head_size': 4, 'learning_rate': 0.0009613730792130656}. Best is trial 0 with value: 0.03535721078515053.
[I 2023-12-26 13:42:13,600] Trial 29 finished with value: 1.8721932172775269 and parameters: {'gradient_clip_val': 0.25609997820321023, 'hidden_size': 25, 'dropout': 0.2721874484418326, 'hidden_continuous_size': 9, 'attention_head_size': 3, 'learning_rate': 0.0005109716089556559}. Best is trial 0 with value: 0.03535721078515053.
[I 2023-12-26 13:42:15,913] Trial 30 finished with value: 3.170696973800659 and parameters: {'gradient_clip_val': 0.25069017602930493, 'hidden_size': 26, 'dropout': 0.2762111220545216, 'hidden_continuous_size': 9, 'attention_head_size': 3, 'learning_rate': 0.0015597801042596593}. Best is trial 0 with value: 0.03535721078515053.
[I 2023-12-26 13:42:18,299] Trial 31 finished with value: 2.4634134769439697 and parameters: {'gradient_clip_val': 0.2214504122834583, 'hidden_size': 15, 'dropout': 0.3772529396391332, 'hidden_continuous_size': 7, 'attention_head_size': 3, 'learning_rate': 0.0006478782103624345}. Best is trial 0 with value: 0.03535721078515053.
[I 2023-12-26 13:42:20,636] Trial 32 finished with value: 2.6907310485839844 and parameters: {'gradient_clip_val': 0.28717259093765013, 'hidden_size': 32, 'dropout': 0.3254021666886544, 'hidden_continuous_size': 11, 'attention_head_size': 2, 'learning_rate': 0.0005529495982966795}. Best is trial 0 with value: 0.03535721078515053.
[I 2023-12-26 13:42:23,457] Trial 33 finished with value: 2.7079708576202393 and parameters: {'gradient_clip_val': 0.3478542185116067, 'hidden_size': 43, 'dropout': 0.24773521969727932, 'hidden_continuous_size': 9, 'attention_head_size': 3, 'learning_rate': 0.0008047476505729676}. Best is trial 0 with value: 0.03535721078515053.
[I 2023-12-26 13:42:25,714] Trial 34 finished with value: 2.634965181350708 and parameters: {'gradient_clip_val': 0.26032886217044743, 'hidden_size': 23, 'dropout': 0.4544548028129817, 'hidden_continuous_size': 9, 'attention_head_size': 2, 'learning_rate': 0.0009149678017145475}. Best is trial 0 with value: 0.03535721078515053.
[I 2023-12-26 13:42:27,794] Trial 35 finished with value: 2.6734180450439453 and parameters: {'gradient_clip_val': 0.19854722708792383, 'hidden_size': 17, 'dropout': 0.37115834808293785, 'hidden_continuous_size': 8, 'attention_head_size': 3, 'learning_rate': 0.0005032637089519324}. Best is trial 0 with value: 0.03535721078515053.
[I 2023-12-26 13:42:29,703] Trial 36 finished with value: 3.003936529159546 and parameters: {'gradient_clip_val': 0.1654585409790868, 'hidden_size': 7, 'dropout': 0.16683173944838203, 'hidden_continuous_size': 5, 'attention_head_size': 2, 'learning_rate': 0.002425111447497528}. Best is trial 0 with value: 0.03535721078515053.
[I 2023-12-26 13:42:32,027] Trial 37 finished with value: 1.8969649076461792 and parameters: {'gradient_clip_val': 0.33322560178131644, 'hidden_size': 23, 'dropout': 0.12237840097980603, 'hidden_continuous_size': 7, 'attention_head_size': 4, 'learning_rate': 0.0015019707238420777}. Best is trial 0 with value: 0.03535721078515053.
[I 2023-12-26 13:42:34,260] Trial 38 finished with value: 2.337489128112793 and parameters: {'gradient_clip_val': 0.32312190319004697, 'hidden_size': 22, 'dropout': 0.20632667237619, 'hidden_continuous_size': 7, 'attention_head_size': 3, 'learning_rate': 0.0014233575582663334}. Best is trial 0 with value: 0.03535721078515053.
[I 2023-12-26 13:42:36,755] Trial 39 finished with value: 2.419872522354126 and parameters: {'gradient_clip_val': 0.2769382850869287, 'hidden_size': 31, 'dropout': 0.12834720513377335, 'hidden_continuous_size': 12, 'attention_head_size': 1, 'learning_rate': 0.0028781025304120194}. Best is trial 0 with value: 0.03535721078515053.
[I 2023-12-26 13:42:38,869] Trial 40 finished with value: 2.6412463188171387 and parameters: {'gradient_clip_val': 0.23920370565444138, 'hidden_size': 17, 'dropout': 0.15259223871093866, 'hidden_continuous_size': 10, 'attention_head_size': 4, 'learning_rate': 0.006298389604411625}. Best is trial 0 with value: 0.03535721078515053.
[I 2023-12-26 13:42:41,075] Trial 41 finished with value: 1.7814593315124512 and parameters: {'gradient_clip_val': 0.40661310904810927, 'hidden_size': 24, 'dropout': 0.12195444439098606, 'hidden_continuous_size': 8, 'attention_head_size': 4, 'learning_rate': 0.000813265035492}. Best is trial 0 with value: 0.03535721078515053.
[I 2023-12-26 13:42:43,288] Trial 42 finished with value: 2.908735990524292 and parameters: {'gradient_clip_val': 0.39345376727498266, 'hidden_size': 24, 'dropout': 0.1251788831714777, 'hidden_continuous_size': 8, 'attention_head_size': 4, 'learning_rate': 0.0017723873925888077}. Best is trial 0 with value: 0.03535721078515053.
[I 2023-12-26 13:42:46,256] Trial 43 finished with value: 2.3342478275299072 and parameters: {'gradient_clip_val': 0.3061502361744532, 'hidden_size': 39, 'dropout': 0.17591649277966823, 'hidden_continuous_size': 14, 'attention_head_size': 4, 'learning_rate': 0.000765518055019085}. Best is trial 0 with value: 0.03535721078515053.
[I 2023-12-26 13:42:48,738] Trial 44 finished with value: 2.1876749992370605 and parameters: {'gradient_clip_val': 0.348000980724596, 'hidden_size': 29, 'dropout': 0.18600828304787112, 'hidden_continuous_size': 7, 'attention_head_size': 4, 'learning_rate': 0.001132457801194861}. Best is trial 0 with value: 0.03535721078515053.
[I 2023-12-26 13:42:50,919] Trial 45 finished with value: 2.352064847946167 and parameters: {'gradient_clip_val': 0.279844642532864, 'hidden_size': 20, 'dropout': 0.12030565264983366, 'hidden_continuous_size': 9, 'attention_head_size': 3, 'learning_rate': 0.0018432126139682904}. Best is trial 0 with value: 0.03535721078515053.
[I 2023-12-26 13:42:53,439] Trial 46 finished with value: 3.1154260635375977 and parameters: {'gradient_clip_val': 0.4126166854864804, 'hidden_size': 34, 'dropout': 0.16687685308476044, 'hidden_continuous_size': 10, 'attention_head_size': 2, 'learning_rate': 0.0011935780598348433}. Best is trial 0 with value: 0.03535721078515053.
[I 2023-12-26 13:42:55,840] Trial 47 finished with value: 1.8771581649780273 and parameters: {'gradient_clip_val': 0.5045162267183607, 'hidden_size': 27, 'dropout': 0.15619312353164705, 'hidden_continuous_size': 8, 'attention_head_size': 4, 'learning_rate': 0.000935040928159774}. Best is trial 0 with value: 0.03535721078515053.
[I 2023-12-26 13:42:58,593] Trial 48 finished with value: 1.7698554992675781 and parameters: {'gradient_clip_val': 0.5047988974963095, 'hidden_size': 41, 'dropout': 0.2126154089547907, 'hidden_continuous_size': 16, 'attention_head_size': 3, 'learning_rate': 0.0008471546785863113}. Best is trial 0 with value: 0.03535721078515053.
[I 2023-12-26 13:43:01,596] Trial 49 finished with value: 2.8452346324920654 and parameters: {'gradient_clip_val': 0.47906961304330564, 'hidden_size': 45, 'dropout': 0.49892346339249594, 'hidden_continuous_size': 17, 'attention_head_size': 3, 'learning_rate': 0.01100032976850534}. Best is trial 0 with value: 0.03535721078515053.
[I 2023-12-26 13:43:01,717] A new study created in memory with name: no-name-06e68f46-3b23-4ccd-8b61-31313ef330fe
/home/le004/conda/anaconda3/envs/tsff_env/lib/python3.9/site-packages/lightning/fabric/plugins/environments/slurm.py:191: The `srun` command is available on your system but is not used. HINT: If your intention is to run Lightning on SLURM, prepend your python command with `srun` like so: srun python /home/le004/master_thesis/git/TSFusionForecast/code/ ...
[I 2023-12-26 13:45:29,897] Trial 0 finished with value: 56.21902084350586 and parameters: {'gradient_clip_val': 0.2267010904157151, 'hidden_size': 35, 'dropout': 0.11611613905091418, 'hidden_continuous_size': 16, 'attention_head_size': 1, 'learning_rate': 0.00509599255750393}. Best is trial 0 with value: 56.21902084350586.
[I 2023-12-26 13:45:36,853] Trial 1 finished with value: 40.67770004272461 and parameters: {'gradient_clip_val': 0.2241987655181639, 'hidden_size': 105, 'dropout': 0.13288081817162728, 'hidden_continuous_size': 73, 'attention_head_size': 4, 'learning_rate': 0.0010077672532165926}. Best is trial 1 with value: 40.67770004272461.
[I 2023-12-26 13:45:39,374] Trial 2 finished with value: 60.0814094543457 and parameters: {'gradient_clip_val': 0.825635867619001, 'hidden_size': 31, 'dropout': 0.2436082567632432, 'hidden_continuous_size': 7, 'attention_head_size': 3, 'learning_rate': 0.001240634908807921}. Best is trial 1 with value: 40.67770004272461.
[I 2023-12-26 13:45:41,889] Trial 3 finished with value: 39.29082107543945 and parameters: {'gradient_clip_val': 0.5220715326210189, 'hidden_size': 29, 'dropout': 0.25673670061009013, 'hidden_continuous_size': 9, 'attention_head_size': 4, 'learning_rate': 0.0039075641192365465}. Best is trial 3 with value: 39.29082107543945.
[I 2023-12-26 13:45:43,626] Trial 4 finished with value: 70.0261001586914 and parameters: {'gradient_clip_val': 0.6564390441889429, 'hidden_size': 5, 'dropout': 0.39070904170655163, 'hidden_continuous_size': 5, 'attention_head_size': 3, 'learning_rate': 0.017289138502160597}. Best is trial 3 with value: 39.29082107543945.
[I 2023-12-26 13:45:45,361] Trial 5 finished with value: 57.43205642700195 and parameters: {'gradient_clip_val': 0.3473856587441345, 'hidden_size': 8, 'dropout': 0.24343818230555897, 'hidden_continuous_size': 8, 'attention_head_size': 3, 'learning_rate': 0.004159308701394394}. Best is trial 3 with value: 39.29082107543945.
[I 2023-12-26 13:45:47,930] Trial 6 finished with value: 56.76251220703125 and parameters: {'gradient_clip_val': 0.6740316725825994, 'hidden_size': 37, 'dropout': 0.20967883434818071, 'hidden_continuous_size': 17, 'attention_head_size': 1, 'learning_rate': 0.034249046319739546}. Best is trial 3 with value: 39.29082107543945.
[I 2023-12-26 13:45:49,805] Trial 7 finished with value: 44.5095329284668 and parameters: {'gradient_clip_val': 0.43067261248897537, 'hidden_size': 6, 'dropout': 0.13451512245796052, 'hidden_continuous_size': 5, 'attention_head_size': 4, 'learning_rate': 0.027486877414171385}. Best is trial 3 with value: 39.29082107543945.
[I 2023-12-26 13:45:53,104] Trial 8 finished with value: 28.83265495300293 and parameters: {'gradient_clip_val': 0.20034786605079183, 'hidden_size': 52, 'dropout': 0.140872198577829, 'hidden_continuous_size': 23, 'attention_head_size': 4, 'learning_rate': 0.0746666063560284}. Best is trial 8 with value: 28.83265495300293.
[I 2023-12-26 13:45:56,986] Trial 9 finished with value: 39.58650588989258 and parameters: {'gradient_clip_val': 0.21824199975629485, 'hidden_size': 66, 'dropout': 0.20591181097202482, 'hidden_continuous_size': 11, 'attention_head_size': 2, 'learning_rate': 0.06426375818198413}. Best is trial 8 with value: 28.83265495300293.
[I 2023-12-26 13:46:06,176] Trial 10 finished with value: 33.9145393371582 and parameters: {'gradient_clip_val': 0.10217924149274382, 'hidden_size': 150, 'dropout': 0.49163186228853417, 'hidden_continuous_size': 40, 'attention_head_size': 2, 'learning_rate': 0.09077084977319828}. Best is trial 8 with value: 28.83265495300293.
[I 2023-12-26 13:46:15,048] Trial 11 finished with value: 36.4312744140625 and parameters: {'gradient_clip_val': 0.11217569341893521, 'hidden_size': 139, 'dropout': 0.4886346164120653, 'hidden_continuous_size': 35, 'attention_head_size': 2, 'learning_rate': 0.0987745019035441}. Best is trial 8 with value: 28.83265495300293.
[I 2023-12-26 13:46:19,523] Trial 12 finished with value: 32.739646911621094 and parameters: {'gradient_clip_val': 0.10265159829698292, 'hidden_size': 73, 'dropout': 0.3363996191793216, 'hidden_continuous_size': 30, 'attention_head_size': 2, 'learning_rate': 0.09178143538109927}. Best is trial 8 with value: 28.83265495300293.
[I 2023-12-26 13:46:25,497] Trial 13 finished with value: 52.256046295166016 and parameters: {'gradient_clip_val': 0.14052459556622213, 'hidden_size': 68, 'dropout': 0.338202952063446, 'hidden_continuous_size': 27, 'attention_head_size': 2, 'learning_rate': 0.04021920155754204}. Best is trial 8 with value: 28.83265495300293.
[I 2023-12-26 13:46:27,865] Trial 14 finished with value: 45.6608772277832 and parameters: {'gradient_clip_val': 0.15802303495779071, 'hidden_size': 16, 'dropout': 0.305538706771171, 'hidden_continuous_size': 7, 'attention_head_size': 3, 'learning_rate': 0.01412231902441559}. Best is trial 8 with value: 28.83265495300293.
[I 2023-12-26 13:46:32,938] Trial 15 finished with value: 53.51503372192383 and parameters: {'gradient_clip_val': 0.16359580533117662, 'hidden_size': 56, 'dropout': 0.3634127239860967, 'hidden_continuous_size': 21, 'attention_head_size': 1, 'learning_rate': 0.05324370679115232}. Best is trial 8 with value: 28.83265495300293.
[I 2023-12-26 13:46:40,176] Trial 16 finished with value: 37.67206954956055 and parameters: {'gradient_clip_val': 0.10047822921910005, 'hidden_size': 83, 'dropout': 0.18164722374030606, 'hidden_continuous_size': 42, 'attention_head_size': 4, 'learning_rate': 0.09590082715852871}. Best is trial 8 with value: 28.83265495300293.
[I 2023-12-26 13:46:44,737] Trial 17 finished with value: 51.31196594238281 and parameters: {'gradient_clip_val': 0.2590797256899122, 'hidden_size': 49, 'dropout': 0.28558999572310995, 'hidden_continuous_size': 22, 'attention_head_size': 3, 'learning_rate': 0.020109385416154594}. Best is trial 8 with value: 28.83265495300293.
[I 2023-12-26 13:46:52,381] Trial 18 finished with value: 44.40229415893555 and parameters: {'gradient_clip_val': 0.1341178088723789, 'hidden_size': 93, 'dropout': 0.17664092191200373, 'hidden_continuous_size': 13, 'attention_head_size': 2, 'learning_rate': 0.04905562365640009}. Best is trial 8 with value: 28.83265495300293.
[I 2023-12-26 13:46:55,012] Trial 19 finished with value: 54.08098220825195 and parameters: {'gradient_clip_val': 0.18067467709371046, 'hidden_size': 19, 'dropout': 0.4023815903387489, 'hidden_continuous_size': 11, 'attention_head_size': 1, 'learning_rate': 0.012588706429834355}. Best is trial 8 with value: 28.83265495300293.
[I 2023-12-26 13:46:59,600] Trial 20 finished with value: 58.76762008666992 and parameters: {'gradient_clip_val': 0.29605822101418355, 'hidden_size': 50, 'dropout': 0.30162175891225745, 'hidden_continuous_size': 20, 'attention_head_size': 4, 'learning_rate': 0.028761343394475027}. Best is trial 8 with value: 28.83265495300293.
[I 2023-12-26 13:47:11,667] Trial 21 finished with value: 38.57698440551758 and parameters: {'gradient_clip_val': 0.12047457048278924, 'hidden_size': 150, 'dropout': 0.4987329867663025, 'hidden_continuous_size': 49, 'attention_head_size': 2, 'learning_rate': 0.07616777943110627}. Best is trial 8 with value: 28.83265495300293.
[I 2023-12-26 13:47:20,849] Trial 22 finished with value: 39.03847122192383 and parameters: {'gradient_clip_val': 0.10868864919524787, 'hidden_size': 114, 'dropout': 0.43667925809582264, 'hidden_continuous_size': 29, 'attention_head_size': 2, 'learning_rate': 0.05875727141823907}. Best is trial 8 with value: 28.83265495300293.
[I 2023-12-26 13:47:29,255] Trial 23 finished with value: 37.30706024169922 and parameters: {'gradient_clip_val': 0.13121908699093915, 'hidden_size': 91, 'dropout': 0.4489177116900657, 'hidden_continuous_size': 52, 'attention_head_size': 2, 'learning_rate': 0.08253838808666844}. Best is trial 8 with value: 28.83265495300293.
[I 2023-12-26 13:47:36,252] Trial 24 finished with value: 40.3945426940918 and parameters: {'gradient_clip_val': 0.10216732757511274, 'hidden_size': 78, 'dropout': 0.34053730260086623, 'hidden_continuous_size': 28, 'attention_head_size': 3, 'learning_rate': 0.04346683820008518}. Best is trial 8 with value: 28.83265495300293.
[I 2023-12-26 13:47:49,259] Trial 25 finished with value: 29.098691940307617 and parameters: {'gradient_clip_val': 0.1906770129019945, 'hidden_size': 148, 'dropout': 0.45277089714921964, 'hidden_continuous_size': 117, 'attention_head_size': 2, 'learning_rate': 0.09546621350570038}. Best is trial 8 with value: 28.83265495300293.
[I 2023-12-26 13:47:55,759] Trial 26 finished with value: 41.41712188720703 and parameters: {'gradient_clip_val': 0.164831707792346, 'hidden_size': 68, 'dropout': 0.38966214077455574, 'hidden_continuous_size': 62, 'attention_head_size': 1, 'learning_rate': 0.05761404688240858}. Best is trial 8 with value: 28.83265495300293.
[I 2023-12-26 13:48:06,216] Trial 27 finished with value: 51.98037338256836 and parameters: {'gradient_clip_val': 0.19311938701254514, 'hidden_size': 112, 'dropout': 0.3258479363138726, 'hidden_continuous_size': 109, 'attention_head_size': 3, 'learning_rate': 0.030947651917564257}. Best is trial 8 with value: 28.83265495300293.
[I 2023-12-26 13:48:10,349] Trial 28 finished with value: 46.60469436645508 and parameters: {'gradient_clip_val': 0.14331511895805304, 'hidden_size': 44, 'dropout': 0.2789306912669314, 'hidden_continuous_size': 24, 'attention_head_size': 2, 'learning_rate': 0.06066161090712846}. Best is trial 8 with value: 28.83265495300293.
[I 2023-12-26 13:48:15,681] Trial 29 finished with value: 38.54216384887695 and parameters: {'gradient_clip_val': 0.1849219253139739, 'hidden_size': 62, 'dropout': 0.10666560176290121, 'hidden_continuous_size': 16, 'attention_head_size': 1, 'learning_rate': 0.023182792540219408}. Best is trial 8 with value: 28.83265495300293.
