[I 2023-12-16 08:05:37,990] Trial 12 finished with value: 110.48397064208984 and parameters: {'gradient_clip_val': 0.10397795660089676, 'hidden_size': 9, 'dropout': 0.27949703154328687, 'hidden_continuous_size': 8, 'attention_head_size': 1, 'learning_rate': 0.0011022283885251036}. Best is trial 8 with value: 67.0997314453125.
LOCAL_RANK: 0 - CUDA_VISIBLE_DEVICES: [0]
[I 2023-12-16 08:06:11,517] Trial 13 finished with value: 121.93457794189453 and parameters: {'gradient_clip_val': 0.16150885320890937, 'hidden_size': 5, 'dropout': 0.3082233503782583, 'hidden_continuous_size': 5, 'attention_head_size': 1, 'learning_rate': 0.0016857741642432437}. Best is trial 8 with value: 67.0997314453125.
LOCAL_RANK: 0 - CUDA_VISIBLE_DEVICES: [0]
[I 2023-12-16 08:06:56,504] Trial 14 finished with value: 164.73011779785156 and parameters: {'gradient_clip_val': 0.15726905709847971, 'hidden_size': 10, 'dropout': 0.32021778684237623, 'hidden_continuous_size': 8, 'attention_head_size': 1, 'learning_rate': 0.0005337945873246879}. Best is trial 8 with value: 67.0997314453125.
LOCAL_RANK: 0 - CUDA_VISIBLE_DEVICES: [0]
[I 2023-12-16 08:07:43,157] Trial 15 finished with value: 66.0819320678711 and parameters: {'gradient_clip_val': 0.10278661033880232, 'hidden_size': 13, 'dropout': 0.2487975485191594, 'hidden_continuous_size': 9, 'attention_head_size': 4, 'learning_rate': 0.002381546930990772}. Best is trial 15 with value: 66.0819320678711.
LOCAL_RANK: 0 - CUDA_VISIBLE_DEVICES: [0]
[I 2023-12-16 08:08:35,639] Trial 16 finished with value: 48.74000930786133 and parameters: {'gradient_clip_val': 0.1027864591427314, 'hidden_size': 27, 'dropout': 0.2615059386255207, 'hidden_continuous_size': 26, 'attention_head_size': 4, 'learning_rate': 0.0032931801051309735}. Best is trial 16 with value: 48.74000930786133.
LOCAL_RANK: 0 - CUDA_VISIBLE_DEVICES: [0]
[I 2023-12-16 08:09:25,899] Trial 17 finished with value: 136.12255859375 and parameters: {'gradient_clip_val': 0.18545565036369246, 'hidden_size': 25, 'dropout': 0.2622238112235954, 'hidden_continuous_size': 22, 'attention_head_size': 4, 'learning_rate': 0.004109003983083443}. Best is trial 16 with value: 48.74000930786133.
LOCAL_RANK: 0 - CUDA_VISIBLE_DEVICES: [0]
[I 2023-12-16 08:10:17,514] Trial 18 finished with value: 98.51717376708984 and parameters: {'gradient_clip_val': 0.14022716624745993, 'hidden_size': 27, 'dropout': 0.24660866298715123, 'hidden_continuous_size': 24, 'attention_head_size': 4, 'learning_rate': 0.002711241328541527}. Best is trial 16 with value: 48.74000930786133.
LOCAL_RANK: 0 - CUDA_VISIBLE_DEVICES: [0]
[I 2023-12-16 08:11:03,166] Trial 19 finished with value: 112.08099365234375 and parameters: {'gradient_clip_val': 0.1847235114623717, 'hidden_size': 16, 'dropout': 0.11235667750482858, 'hidden_continuous_size': 11, 'attention_head_size': 3, 'learning_rate': 0.006257379075345001}. Best is trial 16 with value: 48.74000930786133.
LOCAL_RANK: 0 - CUDA_VISIBLE_DEVICES: [0]
[I 2023-12-16 08:11:47,918] Trial 20 finished with value: 68.77739715576172 and parameters: {'gradient_clip_val': 0.1057124811319539, 'hidden_size': 8, 'dropout': 0.3380114180437976, 'hidden_continuous_size': 6, 'attention_head_size': 4, 'learning_rate': 0.002561334036510744}. Best is trial 16 with value: 48.74000930786133.
LOCAL_RANK: 0 - CUDA_VISIBLE_DEVICES: [0]
[I 2023-12-16 08:12:34,086] Trial 21 finished with value: 100.789794921875 and parameters: {'gradient_clip_val': 0.10183507370794241, 'hidden_size': 14, 'dropout': 0.2471851348980274, 'hidden_continuous_size': 9, 'attention_head_size': 3, 'learning_rate': 0.0010675783457705639}. Best is trial 16 with value: 48.74000930786133.
LOCAL_RANK: 0 - CUDA_VISIBLE_DEVICES: [0]
[I 2023-12-16 08:13:20,669] Trial 22 finished with value: 60.07831954956055 and parameters: {'gradient_clip_val': 0.12918435750677698, 'hidden_size': 13, 'dropout': 0.2320717963293825, 'hidden_continuous_size': 9, 'attention_head_size': 4, 'learning_rate': 0.0018274337125952196}. Best is trial 16 with value: 48.74000930786133.
LOCAL_RANK: 0 - CUDA_VISIBLE_DEVICES: [0]
[I 2023-12-16 08:14:07,537] Trial 23 finished with value: 54.21286392211914 and parameters: {'gradient_clip_val': 0.13203283609397345, 'hidden_size': 15, 'dropout': 0.2616738452929296, 'hidden_continuous_size': 10, 'attention_head_size': 4, 'learning_rate': 0.0018394004138780427}. Best is trial 16 with value: 48.74000930786133.
LOCAL_RANK: 0 - CUDA_VISIBLE_DEVICES: [0]
[I 2023-12-16 08:14:55,727] Trial 24 finished with value: 146.0045928955078 and parameters: {'gradient_clip_val': 0.141231964756945, 'hidden_size': 17, 'dropout': 0.26542600156029744, 'hidden_continuous_size': 13, 'attention_head_size': 4, 'learning_rate': 0.004118506172933136}. Best is trial 16 with value: 48.74000930786133.
LOCAL_RANK: 0 - CUDA_VISIBLE_DEVICES: [0]
[I 2023-12-16 08:15:44,429] Trial 25 finished with value: 64.64580535888672 and parameters: {'gradient_clip_val': 0.131985627371203, 'hidden_size': 24, 'dropout': 0.29036577711160816, 'hidden_continuous_size': 17, 'attention_head_size': 4, 'learning_rate': 0.0018019974076168247}. Best is trial 16 with value: 48.74000930786133.
LOCAL_RANK: 0 - CUDA_VISIBLE_DEVICES: [0]
[I 2023-12-16 08:16:28,943] Trial 26 finished with value: 61.259029388427734 and parameters: {'gradient_clip_val': 0.16444038435892022, 'hidden_size': 8, 'dropout': 0.3270434056604882, 'hidden_continuous_size': 6, 'attention_head_size': 3, 'learning_rate': 0.003339709874009653}. Best is trial 16 with value: 48.74000930786133.
LOCAL_RANK: 0 - CUDA_VISIBLE_DEVICES: [0]
[I 2023-12-16 08:17:21,660] Trial 27 finished with value: 111.95894622802734 and parameters: {'gradient_clip_val': 0.12286838081731019, 'hidden_size': 31, 'dropout': 0.26986541118329593, 'hidden_continuous_size': 26, 'attention_head_size': 4, 'learning_rate': 0.0008336527091692985}. Best is trial 16 with value: 48.74000930786133.
LOCAL_RANK: 0 - CUDA_VISIBLE_DEVICES: [0]
[I 2023-12-16 08:18:09,696] Trial 28 finished with value: 51.82182693481445 and parameters: {'gradient_clip_val': 0.21529660968288136, 'hidden_size': 20, 'dropout': 0.23946037407513077, 'hidden_continuous_size': 13, 'attention_head_size': 3, 'learning_rate': 0.0018982945351596451}. Best is trial 16 with value: 48.74000930786133.
LOCAL_RANK: 0 - CUDA_VISIBLE_DEVICES: [0]
[I 2023-12-16 08:18:58,863] Trial 29 finished with value: 166.42689514160156 and parameters: {'gradient_clip_val': 0.2042335097630901, 'hidden_size': 21, 'dropout': 0.2981168421221038, 'hidden_continuous_size': 13, 'attention_head_size': 3, 'learning_rate': 0.00632272394982816}. Best is trial 16 with value: 48.74000930786133.
LOCAL_RANK: 0 - CUDA_VISIBLE_DEVICES: [0]
[I 2023-12-16 08:19:34,285] Trial 30 finished with value: 46.399044036865234 and parameters: {'gradient_clip_val': 0.1493468478983909, 'hidden_size': 34, 'dropout': 0.23438335182542835, 'hidden_continuous_size': 34, 'attention_head_size': 3, 'learning_rate': 0.0018187960400506146}. Best is trial 30 with value: 46.399044036865234.
LOCAL_RANK: 0 - CUDA_VISIBLE_DEVICES: [0]
[I 2023-12-16 08:20:27,478] Trial 31 finished with value: 72.7662353515625 and parameters: {'gradient_clip_val': 0.15954163764833504, 'hidden_size': 37, 'dropout': 0.23562686402853575, 'hidden_continuous_size': 35, 'attention_head_size': 3, 'learning_rate': 0.001935855406178666}. Best is trial 30 with value: 46.399044036865234.
LOCAL_RANK: 0 - CUDA_VISIBLE_DEVICES: [0]
[I 2023-12-16 08:21:15,993] Trial 32 finished with value: 192.76556396484375 and parameters: {'gradient_clip_val': 0.24107292926062293, 'hidden_size': 21, 'dropout': 0.2617914417445098, 'hidden_continuous_size': 11, 'attention_head_size': 2, 'learning_rate': 0.0031449288812687467}. Best is trial 30 with value: 46.399044036865234.
LOCAL_RANK: 0 - CUDA_VISIBLE_DEVICES: [0]
[I 2023-12-16 08:22:08,161] Trial 33 finished with value: 42.5675163269043 and parameters: {'gradient_clip_val': 0.182096134096265, 'hidden_size': 29, 'dropout': 0.2228638787768718, 'hidden_continuous_size': 27, 'attention_head_size': 3, 'learning_rate': 0.0014138436225060635}. Best is trial 33 with value: 42.5675163269043.
LOCAL_RANK: 0 - CUDA_VISIBLE_DEVICES: [0]
[I 2023-12-16 08:23:01,670] Trial 34 finished with value: 52.16361999511719 and parameters: {'gradient_clip_val': 0.24494571758144665, 'hidden_size': 41, 'dropout': 0.20475374737620525, 'hidden_continuous_size': 38, 'attention_head_size': 3, 'learning_rate': 0.0009269338539783182}. Best is trial 33 with value: 42.5675163269043.
LOCAL_RANK: 0 - CUDA_VISIBLE_DEVICES: [0]
[I 2023-12-16 08:23:53,911] Trial 35 finished with value: 46.24190139770508 and parameters: {'gradient_clip_val': 0.1833121914523898, 'hidden_size': 30, 'dropout': 0.21966662566358947, 'hidden_continuous_size': 27, 'attention_head_size': 3, 'learning_rate': 0.001366240059852491}. Best is trial 33 with value: 42.5675163269043.
LOCAL_RANK: 0 - CUDA_VISIBLE_DEVICES: [0]
[I 2023-12-16 08:24:47,408] Trial 36 finished with value: 33.412899017333984 and parameters: {'gradient_clip_val': 0.18594796509212916, 'hidden_size': 46, 'dropout': 0.21922069429932722, 'hidden_continuous_size': 30, 'attention_head_size': 3, 'learning_rate': 0.0013282049894782389}. Best is trial 36 with value: 33.412899017333984.
LOCAL_RANK: 0 - CUDA_VISIBLE_DEVICES: [0]
[I 2023-12-16 08:25:40,636] Trial 37 finished with value: 128.42681884765625 and parameters: {'gradient_clip_val': 0.3172122390772387, 'hidden_size': 56, 'dropout': 0.1995389756586855, 'hidden_continuous_size': 48, 'attention_head_size': 3, 'learning_rate': 0.0006563443310980908}. Best is trial 36 with value: 33.412899017333984.
LOCAL_RANK: 0 - CUDA_VISIBLE_DEVICES: [0]
[I 2023-12-16 08:26:33,643] Trial 38 finished with value: 176.56687927246094 and parameters: {'gradient_clip_val': 0.17882428005128592, 'hidden_size': 43, 'dropout': 0.21679679444170408, 'hidden_continuous_size': 31, 'attention_head_size': 2, 'learning_rate': 0.0013382939822299594}. Best is trial 36 with value: 33.412899017333984.
LOCAL_RANK: 0 - CUDA_VISIBLE_DEVICES: [0]
[I 2023-12-16 08:27:24,461] Trial 39 finished with value: 80.95655059814453 and parameters: {'gradient_clip_val': 0.2518877672927724, 'hidden_size': 32, 'dropout': 0.1819753149442516, 'hidden_continuous_size': 21, 'attention_head_size': 3, 'learning_rate': 0.0008529081244325105}. Best is trial 36 with value: 33.412899017333984.
LOCAL_RANK: 0 - CUDA_VISIBLE_DEVICES: [0]
[I 2023-12-16 08:28:18,092] Trial 40 finished with value: 196.3443603515625 and parameters: {'gradient_clip_val': 0.20315117061615437, 'hidden_size': 67, 'dropout': 0.2201619015702907, 'hidden_continuous_size': 30, 'attention_head_size': 2, 'learning_rate': 0.0011872341094364132}. Best is trial 36 with value: 33.412899017333984.
LOCAL_RANK: 0 - CUDA_VISIBLE_DEVICES: [0]
[I 2023-12-16 08:29:08,513] Trial 41 finished with value: 121.09761810302734 and parameters: {'gradient_clip_val': 0.15084696629706523, 'hidden_size': 29, 'dropout': 0.19488365596117246, 'hidden_continuous_size': 19, 'attention_head_size': 3, 'learning_rate': 0.0013207257382034164}. Best is trial 36 with value: 33.412899017333984.
LOCAL_RANK: 0 - CUDA_VISIBLE_DEVICES: [0]
[I 2023-12-16 08:30:00,984] Trial 42 finished with value: 105.39545440673828 and parameters: {'gradient_clip_val': 0.11531719872319922, 'hidden_size': 33, 'dropout': 0.21637353724137454, 'hidden_continuous_size': 26, 'attention_head_size': 3, 'learning_rate': 0.002348011550746122}. Best is trial 36 with value: 33.412899017333984.
LOCAL_RANK: 0 - CUDA_VISIBLE_DEVICES: [0]
[I 2023-12-16 08:30:53,931] Trial 43 finished with value: 53.6005859375 and parameters: {'gradient_clip_val': 0.1801127251556119, 'hidden_size': 38, 'dropout': 0.16907001239487773, 'hidden_continuous_size': 27, 'attention_head_size': 3, 'learning_rate': 0.001000625009494847}. Best is trial 36 with value: 33.412899017333984.
LOCAL_RANK: 0 - CUDA_VISIBLE_DEVICES: [0]
[I 2023-12-16 08:31:43,808] Trial 44 finished with value: 48.45955276489258 and parameters: {'gradient_clip_val': 0.27974131604075503, 'hidden_size': 26, 'dropout': 0.22577825410306043, 'hidden_continuous_size': 20, 'attention_head_size': 3, 'learning_rate': 0.0014329682503854862}. Best is trial 36 with value: 33.412899017333984.
LOCAL_RANK: 0 - CUDA_VISIBLE_DEVICES: [0]
[I 2023-12-16 08:32:36,862] Trial 45 finished with value: 244.85211181640625 and parameters: {'gradient_clip_val': 0.29373669439151034, 'hidden_size': 45, 'dropout': 0.22403586796154745, 'hidden_continuous_size': 23, 'attention_head_size': 3, 'learning_rate': 0.0014298004432653367}. Best is trial 36 with value: 33.412899017333984.
LOCAL_RANK: 0 - CUDA_VISIBLE_DEVICES: [0]
[I 2023-12-16 08:33:29,274] Trial 46 finished with value: 49.08555603027344 and parameters: {'gradient_clip_val': 0.22715914889200553, 'hidden_size': 34, 'dropout': 0.23092439881101345, 'hidden_continuous_size': 20, 'attention_head_size': 3, 'learning_rate': 0.0006992851572214213}. Best is trial 36 with value: 33.412899017333984.
LOCAL_RANK: 0 - CUDA_VISIBLE_DEVICES: [0]
[I 2023-12-16 08:34:21,229] Trial 47 finished with value: 47.93326950073242 and parameters: {'gradient_clip_val': 0.27666586010653366, 'hidden_size': 48, 'dropout': 0.21095920145615485, 'hidden_continuous_size': 30, 'attention_head_size': 2, 'learning_rate': 0.0005147978621002277}. Best is trial 36 with value: 33.412899017333984.
LOCAL_RANK: 0 - CUDA_VISIBLE_DEVICES: [0]
[I 2023-12-16 08:35:14,684] Trial 48 finished with value: 73.76852416992188 and parameters: {'gradient_clip_val': 0.3642833923551046, 'hidden_size': 47, 'dropout': 0.19463679114182836, 'hidden_continuous_size': 33, 'attention_head_size': 2, 'learning_rate': 0.0005218537320040091}. Best is trial 36 with value: 33.412899017333984.
LOCAL_RANK: 0 - CUDA_VISIBLE_DEVICES: [0]
[I 2023-12-16 08:36:08,285] Trial 49 finished with value: 182.34852600097656 and parameters: {'gradient_clip_val': 0.201545153159822, 'hidden_size': 54, 'dropout': 0.16570583677550052, 'hidden_continuous_size': 39, 'attention_head_size': 2, 'learning_rate': 0.0007828844324754344}. Best is trial 36 with value: 33.412899017333984.
[I 2023-12-16 08:36:08,377] A new study created in memory with name: no-name-8e81dfed-2c75-4ec6-acb9-c9787cf0c199
/home/le004/conda/anaconda3/envs/tsff_env/lib/python3.9/site-packages/lightning/fabric/plugins/environments/slurm.py:191: The `srun` command is available on your system but is not used. HINT: If your intention is to run Lightning on SLURM, prepend your python command with `srun` like so: srun python /home/le004/master_thesis/git/TSFusionForecast/code/ ...
LOCAL_RANK: 0 - CUDA_VISIBLE_DEVICES: [0]
[I 2023-12-16 08:36:57,116] Trial 0 finished with value: 171.9164581298828 and parameters: {'gradient_clip_val': 0.7262306223895674, 'hidden_size': 26, 'dropout': 0.28175638517102986, 'hidden_continuous_size': 17, 'attention_head_size': 1, 'learning_rate': 0.0837115529358845}. Best is trial 0 with value: 171.9164581298828.
LOCAL_RANK: 0 - CUDA_VISIBLE_DEVICES: [0]
[I 2023-12-16 08:37:40,803] Trial 1 finished with value: 51.04117202758789 and parameters: {'gradient_clip_val': 0.5562133102562389, 'hidden_size': 8, 'dropout': 0.3052550856116558, 'hidden_continuous_size': 6, 'attention_head_size': 1, 'learning_rate': 0.07626406117179407}. Best is trial 1 with value: 51.04117202758789.
LOCAL_RANK: 0 - CUDA_VISIBLE_DEVICES: [0]
[I 2023-12-16 08:38:15,145] Trial 2 finished with value: 240.6715850830078 and parameters: {'gradient_clip_val': 0.2509303212941161, 'hidden_size': 9, 'dropout': 0.30272957117743826, 'hidden_continuous_size': 9, 'attention_head_size': 3, 'learning_rate': 0.041230337431071365}. Best is trial 1 with value: 51.04117202758789.
LOCAL_RANK: 0 - CUDA_VISIBLE_DEVICES: [0]
[I 2023-12-16 08:38:48,855] Trial 3 finished with value: 47.19160461425781 and parameters: {'gradient_clip_val': 0.5226875320307065, 'hidden_size': 14, 'dropout': 0.3833897450225844, 'hidden_continuous_size': 14, 'attention_head_size': 1, 'learning_rate': 0.0016943813499024117}. Best is trial 3 with value: 47.19160461425781.
LOCAL_RANK: 0 - CUDA_VISIBLE_DEVICES: [0]
[I 2023-12-16 08:39:22,090] Trial 4 finished with value: 49.15440368652344 and parameters: {'gradient_clip_val': 0.22730377435493895, 'hidden_size': 6, 'dropout': 0.1434366921741522, 'hidden_continuous_size': 6, 'attention_head_size': 1, 'learning_rate': 0.01012276620724116}. Best is trial 3 with value: 47.19160461425781.
LOCAL_RANK: 0 - CUDA_VISIBLE_DEVICES: [0]
[I 2023-12-16 08:40:16,244] Trial 5 finished with value: 68.21401977539062 and parameters: {'gradient_clip_val': 0.5889109284855986, 'hidden_size': 78, 'dropout': 0.1262277936742669, 'hidden_continuous_size': 17, 'attention_head_size': 2, 'learning_rate': 0.002641407370020674}. Best is trial 3 with value: 47.19160461425781.
LOCAL_RANK: 0 - CUDA_VISIBLE_DEVICES: [0]
[I 2023-12-16 08:41:09,223] Trial 6 finished with value: 19.796659469604492 and parameters: {'gradient_clip_val': 0.1804513184513469, 'hidden_size': 45, 'dropout': 0.3652853161195524, 'hidden_continuous_size': 13, 'attention_head_size': 4, 'learning_rate': 0.04830269994262393}. Best is trial 6 with value: 19.796659469604492.
LOCAL_RANK: 0 - CUDA_VISIBLE_DEVICES: [0]
[I 2023-12-16 08:41:58,187] Trial 7 finished with value: 149.8521728515625 and parameters: {'gradient_clip_val': 0.8983739806498658, 'hidden_size': 34, 'dropout': 0.38451699745113666, 'hidden_continuous_size': 6, 'attention_head_size': 2, 'learning_rate': 0.0013056469403374942}. Best is trial 6 with value: 19.796659469604492.
LOCAL_RANK: 0 - CUDA_VISIBLE_DEVICES: [0]
[I 2023-12-16 08:42:32,733] Trial 8 finished with value: 62.327728271484375 and parameters: {'gradient_clip_val': 0.1064724095441283, 'hidden_size': 12, 'dropout': 0.1181884949305767, 'hidden_continuous_size': 12, 'attention_head_size': 4, 'learning_rate': 0.001667574637103534}. Best is trial 6 with value: 19.796659469604492.
LOCAL_RANK: 0 - CUDA_VISIBLE_DEVICES: [0]
[I 2023-12-16 08:43:21,218] Trial 9 finished with value: 174.72216796875 and parameters: {'gradient_clip_val': 0.23680103393438812, 'hidden_size': 27, 'dropout': 0.1373370905879986, 'hidden_continuous_size': 14, 'attention_head_size': 1, 'learning_rate': 0.006080210407638757}. Best is trial 6 with value: 19.796659469604492.
LOCAL_RANK: 0 - CUDA_VISIBLE_DEVICES: [0]
[I 2023-12-16 08:44:15,822] Trial 10 finished with value: 78.9828109741211 and parameters: {'gradient_clip_val': 0.1374432573543059, 'hidden_size': 59, 'dropout': 0.22049021545530256, 'hidden_continuous_size': 33, 'attention_head_size': 4, 'learning_rate': 0.021136159139125154}. Best is trial 6 with value: 19.796659469604492.
LOCAL_RANK: 0 - CUDA_VISIBLE_DEVICES: [0]
[I 2023-12-16 08:45:01,844] Trial 11 finished with value: 189.0342559814453 and parameters: {'gradient_clip_val': 0.4121723289643028, 'hidden_size': 16, 'dropout': 0.39995834950043796, 'hidden_continuous_size': 10, 'attention_head_size': 3, 'learning_rate': 0.0005145054460199005}. Best is trial 6 with value: 19.796659469604492.
LOCAL_RANK: 0 - CUDA_VISIBLE_DEVICES: [0]
[I 2023-12-16 08:45:54,036] Trial 12 finished with value: 21.03169059753418 and parameters: {'gradient_clip_val': 0.38534137076774577, 'hidden_size': 44, 'dropout': 0.35667189722669423, 'hidden_continuous_size': 24, 'attention_head_size': 3, 'learning_rate': 0.018453593702680855}. Best is trial 6 with value: 19.796659469604492.
LOCAL_RANK: 0 - CUDA_VISIBLE_DEVICES: [0]
[I 2023-12-16 08:46:47,202] Trial 13 finished with value: 21.636316299438477 and parameters: {'gradient_clip_val': 0.3430668484206407, 'hidden_size': 44, 'dropout': 0.34456244097981364, 'hidden_continuous_size': 26, 'attention_head_size': 4, 'learning_rate': 0.024903262316353952}. Best is trial 6 with value: 19.796659469604492.
LOCAL_RANK: 0 - CUDA_VISIBLE_DEVICES: [0]
[I 2023-12-16 08:47:44,113] Trial 14 finished with value: 64.23876190185547 and parameters: {'gradient_clip_val': 0.17206053906559682, 'hidden_size': 98, 'dropout': 0.3480406962304827, 'hidden_continuous_size': 55, 'attention_head_size': 3, 'learning_rate': 0.01568237525386922}. Best is trial 6 with value: 19.796659469604492.
LOCAL_RANK: 0 - CUDA_VISIBLE_DEVICES: [0]
[I 2023-12-16 08:48:37,656] Trial 15 finished with value: 53.76780319213867 and parameters: {'gradient_clip_val': 0.33368790951515215, 'hidden_size': 46, 'dropout': 0.34783497224506243, 'hidden_continuous_size': 22, 'attention_head_size': 4, 'learning_rate': 0.04293126040028555}. Best is trial 6 with value: 19.796659469604492.
LOCAL_RANK: 0 - CUDA_VISIBLE_DEVICES: [0]
[I 2023-12-16 08:49:26,206] Trial 16 finished with value: 37.797279357910156 and parameters: {'gradient_clip_val': 0.17993164031623052, 'hidden_size': 21, 'dropout': 0.2480778969848073, 'hidden_continuous_size': 8, 'attention_head_size': 3, 'learning_rate': 0.010423457621741163}. Best is trial 6 with value: 19.796659469604492.
LOCAL_RANK: 0 - CUDA_VISIBLE_DEVICES: [0]
[I 2023-12-16 08:50:19,585] Trial 17 finished with value: 40.943233489990234 and parameters: {'gradient_clip_val': 0.4181575627712396, 'hidden_size': 59, 'dropout': 0.33191693061637684, 'hidden_continuous_size': 22, 'attention_head_size': 2, 'learning_rate': 0.04088419020750564}. Best is trial 6 with value: 19.796659469604492.
LOCAL_RANK: 0 - CUDA_VISIBLE_DEVICES: [0]
[I 2023-12-16 08:51:09,515] Trial 18 finished with value: 132.4726104736328 and parameters: {'gradient_clip_val': 0.26777554534131076, 'hidden_size': 36, 'dropout': 0.3772407268754605, 'hidden_continuous_size': 12, 'attention_head_size': 4, 'learning_rate': 0.09342896033296846}. Best is trial 6 with value: 19.796659469604492.
LOCAL_RANK: 0 - CUDA_VISIBLE_DEVICES: [0]
[I 2023-12-16 08:52:03,833] Trial 19 finished with value: 37.11874771118164 and parameters: {'gradient_clip_val': 0.1883608692823481, 'hidden_size': 61, 'dropout': 0.3657664672607564, 'hidden_continuous_size': 35, 'attention_head_size': 3, 'learning_rate': 0.006074152903497339}. Best is trial 6 with value: 19.796659469604492.
LOCAL_RANK: 0 - CUDA_VISIBLE_DEVICES: [0]
