[I 2023-12-26 13:11:37,057] Trial 48 finished with value: 174.71742248535156 and parameters: {'gradient_clip_val': 0.40799960522078255, 'hidden_size': 121, 'dropout': 0.4560142474867981, 'hidden_continuous_size': 121, 'attention_head_size': 3, 'learning_rate': 0.014421825883195339}. Best is trial 0 with value: 54.31977462768555.
[I 2023-12-26 13:11:43,872] Trial 49 finished with value: 144.2920684814453 and parameters: {'gradient_clip_val': 0.3441845756728808, 'hidden_size': 96, 'dropout': 0.48068796160064853, 'hidden_continuous_size': 56, 'attention_head_size': 2, 'learning_rate': 0.025671489236591252}. Best is trial 0 with value: 54.31977462768555.
[I 2023-12-26 13:11:44,013] A new study created in memory with name: no-name-37b592b2-7344-44fa-80d8-f2fe47d65837
/home/le004/conda/anaconda3/envs/tsff_env/lib/python3.9/site-packages/lightning/fabric/plugins/environments/slurm.py:191: The `srun` command is available on your system but is not used. HINT: If your intention is to run Lightning on SLURM, prepend your python command with `srun` like so: srun python /home/le004/master_thesis/git/TSFusionForecast/code/ ...
[I 2023-12-26 13:23:36,287] Trial 0 finished with value: 10.662063598632812 and parameters: {'gradient_clip_val': 0.7928568114993748, 'hidden_size': 120, 'dropout': 0.41671683025084905, 'hidden_continuous_size': 70, 'attention_head_size': 3, 'learning_rate': 0.09251607271297693}. Best is trial 0 with value: 10.662063598632812.
[I 2023-12-26 13:23:38,393] Trial 1 finished with value: 50.02732467651367 and parameters: {'gradient_clip_val': 0.30263769424114384, 'hidden_size': 14, 'dropout': 0.13194582593359705, 'hidden_continuous_size': 9, 'attention_head_size': 4, 'learning_rate': 0.026917607969302225}. Best is trial 0 with value: 10.662063598632812.
[I 2023-12-26 13:23:45,689] Trial 2 finished with value: 45.106929779052734 and parameters: {'gradient_clip_val': 0.10428626904197912, 'hidden_size': 121, 'dropout': 0.407492615892843, 'hidden_continuous_size': 41, 'attention_head_size': 4, 'learning_rate': 0.03444991703125628}. Best is trial 0 with value: 10.662063598632812.
[I 2023-12-26 13:23:47,713] Trial 3 finished with value: 53.17538833618164 and parameters: {'gradient_clip_val': 0.6834293325063115, 'hidden_size': 14, 'dropout': 0.3871329482916329, 'hidden_continuous_size': 8, 'attention_head_size': 2, 'learning_rate': 0.02345157525431368}. Best is trial 0 with value: 10.662063598632812.
[I 2023-12-26 13:23:49,768] Trial 4 finished with value: 49.015987396240234 and parameters: {'gradient_clip_val': 0.11127357479845808, 'hidden_size': 19, 'dropout': 0.39711130438748266, 'hidden_continuous_size': 8, 'attention_head_size': 1, 'learning_rate': 0.006034849611683978}. Best is trial 0 with value: 10.662063598632812.
[I 2023-12-26 13:23:52,495] Trial 5 finished with value: 35.9160270690918 and parameters: {'gradient_clip_val': 0.105863229117859, 'hidden_size': 43, 'dropout': 0.10159702666878778, 'hidden_continuous_size': 14, 'attention_head_size': 1, 'learning_rate': 0.001661044649123324}. Best is trial 0 with value: 10.662063598632812.
[I 2023-12-26 13:23:54,990] Trial 6 finished with value: 38.71937942504883 and parameters: {'gradient_clip_val': 0.40468310007598063, 'hidden_size': 26, 'dropout': 0.3867104815557002, 'hidden_continuous_size': 7, 'attention_head_size': 4, 'learning_rate': 0.01747855479843059}. Best is trial 0 with value: 10.662063598632812.
[I 2023-12-26 13:23:56,872] Trial 7 finished with value: 36.181339263916016 and parameters: {'gradient_clip_val': 0.4751668802070806, 'hidden_size': 7, 'dropout': 0.27330876532051374, 'hidden_continuous_size': 6, 'attention_head_size': 3, 'learning_rate': 0.0009470485921559723}. Best is trial 0 with value: 10.662063598632812.
[I 2023-12-26 13:23:58,544] Trial 8 finished with value: 49.53275680541992 and parameters: {'gradient_clip_val': 0.12293907682640395, 'hidden_size': 5, 'dropout': 0.3351805321547761, 'hidden_continuous_size': 5, 'attention_head_size': 1, 'learning_rate': 0.001502404167462784}. Best is trial 0 with value: 10.662063598632812.
[I 2023-12-26 13:24:00,253] Trial 9 finished with value: 44.47307205200195 and parameters: {'gradient_clip_val': 0.15808067316089655, 'hidden_size': 6, 'dropout': 0.20302530874933034, 'hidden_continuous_size': 6, 'attention_head_size': 1, 'learning_rate': 0.02363852657102644}. Best is trial 0 with value: 10.662063598632812.
[I 2023-12-26 13:24:09,813] Trial 10 finished with value: 25.688547134399414 and parameters: {'gradient_clip_val': 0.8853448264542731, 'hidden_size': 139, 'dropout': 0.4996211498442069, 'hidden_continuous_size': 126, 'attention_head_size': 3, 'learning_rate': 0.09772027275582587}. Best is trial 0 with value: 10.662063598632812.
[I 2023-12-26 13:24:19,211] Trial 11 finished with value: 36.31172561645508 and parameters: {'gradient_clip_val': 0.8695903611235539, 'hidden_size': 139, 'dropout': 0.49904899908569483, 'hidden_continuous_size': 126, 'attention_head_size': 3, 'learning_rate': 0.08345514246656614}. Best is trial 0 with value: 10.662063598632812.
[I 2023-12-26 13:24:24,419] Trial 12 finished with value: 49.95051193237305 and parameters: {'gradient_clip_val': 0.992172065443868, 'hidden_size': 83, 'dropout': 0.4978173912386924, 'hidden_continuous_size': 75, 'attention_head_size': 3, 'learning_rate': 0.09138338109726256}. Best is trial 0 with value: 10.662063598632812.
[I 2023-12-26 13:24:28,173] Trial 13 finished with value: 50.454891204833984 and parameters: {'gradient_clip_val': 0.6342243902008571, 'hidden_size': 67, 'dropout': 0.4554053549848251, 'hidden_continuous_size': 32, 'attention_head_size': 2, 'learning_rate': 0.07673597121204423}. Best is trial 0 with value: 10.662063598632812.
[I 2023-12-26 13:24:37,819] Trial 14 finished with value: 33.04471969604492 and parameters: {'gradient_clip_val': 0.9907298187288845, 'hidden_size': 147, 'dropout': 0.450348640665006, 'hidden_continuous_size': 116, 'attention_head_size': 3, 'learning_rate': 0.050084898571321805}. Best is trial 0 with value: 10.662063598632812.
[I 2023-12-26 13:24:41,616] Trial 15 finished with value: 45.12672424316406 and parameters: {'gradient_clip_val': 0.6914253241857264, 'hidden_size': 63, 'dropout': 0.3310713479395688, 'hidden_continuous_size': 41, 'attention_head_size': 2, 'learning_rate': 0.012190697495474447}. Best is trial 0 with value: 10.662063598632812.
[I 2023-12-26 13:24:47,858] Trial 16 finished with value: 32.6065673828125 and parameters: {'gradient_clip_val': 0.5109771304001497, 'hidden_size': 99, 'dropout': 0.4449169620293551, 'hidden_continuous_size': 67, 'attention_head_size': 3, 'learning_rate': 0.05029286426809816}. Best is trial 0 with value: 10.662063598632812.
[I 2023-12-26 13:24:50,842] Trial 17 finished with value: 65.67765808105469 and parameters: {'gradient_clip_val': 0.7794269616943439, 'hidden_size': 50, 'dropout': 0.49752793451009514, 'hidden_continuous_size': 23, 'attention_head_size': 2, 'learning_rate': 0.05558703272399151}. Best is trial 0 with value: 10.662063598632812.
[I 2023-12-26 13:24:57,238] Trial 18 finished with value: 38.01516342163086 and parameters: {'gradient_clip_val': 0.5698383030651892, 'hidden_size': 99, 'dropout': 0.4312425512116854, 'hidden_continuous_size': 62, 'attention_head_size': 4, 'learning_rate': 0.09324614576958583}. Best is trial 0 with value: 10.662063598632812.
[I 2023-12-26 13:25:07,597] Trial 19 finished with value: 30.84834861755371 and parameters: {'gradient_clip_val': 0.7844730212275735, 'hidden_size': 150, 'dropout': 0.3565179736402726, 'hidden_continuous_size': 142, 'attention_head_size': 3, 'learning_rate': 0.04334797802821756}. Best is trial 0 with value: 10.662063598632812.
[I 2023-12-26 13:25:10,330] Trial 20 finished with value: 46.83377456665039 and parameters: {'gradient_clip_val': 0.38478208863971686, 'hidden_size': 42, 'dropout': 0.28392417074588433, 'hidden_continuous_size': 16, 'attention_head_size': 2, 'learning_rate': 0.010349531128914723}. Best is trial 0 with value: 10.662063598632812.
[I 2023-12-26 13:25:19,585] Trial 21 finished with value: 26.256799697875977 and parameters: {'gradient_clip_val': 0.834688237984876, 'hidden_size': 134, 'dropout': 0.3542229994484205, 'hidden_continuous_size': 132, 'attention_head_size': 3, 'learning_rate': 0.04364860175062427}. Best is trial 0 with value: 10.662063598632812.
[I 2023-12-26 13:25:25,615] Trial 22 finished with value: 58.95344161987305 and parameters: {'gradient_clip_val': 0.8272343780014115, 'hidden_size': 94, 'dropout': 0.42752939170134663, 'hidden_continuous_size': 79, 'attention_head_size': 3, 'learning_rate': 0.06065690539762879}. Best is trial 0 with value: 10.662063598632812.
[I 2023-12-26 13:25:32,759] Trial 23 finished with value: 45.14265823364258 and parameters: {'gradient_clip_val': 0.5974908994186894, 'hidden_size': 112, 'dropout': 0.3668534796308339, 'hidden_continuous_size': 96, 'attention_head_size': 3, 'learning_rate': 0.04034242713922208}. Best is trial 0 with value: 10.662063598632812.
[I 2023-12-26 13:25:37,313] Trial 24 finished with value: 59.69137954711914 and parameters: {'gradient_clip_val': 0.9418790801921446, 'hidden_size': 76, 'dropout': 0.45927972101649384, 'hidden_continuous_size': 55, 'attention_head_size': 4, 'learning_rate': 0.09796714571268242}. Best is trial 0 with value: 10.662063598632812.
[I 2023-12-26 13:25:44,647] Trial 25 finished with value: 32.74335479736328 and parameters: {'gradient_clip_val': 0.7593287253822386, 'hidden_size': 114, 'dropout': 0.41431141560951634, 'hidden_continuous_size': 92, 'attention_head_size': 3, 'learning_rate': 0.06270074252843576}. Best is trial 0 with value: 10.662063598632812.
[I 2023-12-26 13:25:48,113] Trial 26 finished with value: 48.76449966430664 and parameters: {'gradient_clip_val': 0.6999781948310135, 'hidden_size': 60, 'dropout': 0.46964387524030027, 'hidden_continuous_size': 48, 'attention_head_size': 2, 'learning_rate': 0.033888839132441465}. Best is trial 0 with value: 10.662063598632812.
[I 2023-12-26 13:25:53,035] Trial 27 finished with value: 54.760833740234375 and parameters: {'gradient_clip_val': 0.9945434566252679, 'hidden_size': 82, 'dropout': 0.4201362153362148, 'hidden_continuous_size': 59, 'attention_head_size': 3, 'learning_rate': 0.09938401189368684}. Best is trial 0 with value: 10.662063598632812.
[I 2023-12-26 13:26:01,046] Trial 28 finished with value: 43.79574203491211 and parameters: {'gradient_clip_val': 0.8432591495881673, 'hidden_size': 122, 'dropout': 0.47633398605610716, 'hidden_continuous_size': 99, 'attention_head_size': 4, 'learning_rate': 0.06347517700816063}. Best is trial 0 with value: 10.662063598632812.
[I 2023-12-26 13:26:11,298] Trial 29 finished with value: 40.62478256225586 and parameters: {'gradient_clip_val': 0.2799755016955959, 'hidden_size': 147, 'dropout': 0.31623254625921526, 'hidden_continuous_size': 141, 'attention_head_size': 4, 'learning_rate': 0.030966911956692007}. Best is trial 0 with value: 10.662063598632812.
[I 2023-12-26 13:26:18,084] Trial 30 finished with value: 41.235191345214844 and parameters: {'gradient_clip_val': 0.5302062697596936, 'hidden_size': 90, 'dropout': 0.35581085186484623, 'hidden_continuous_size': 72, 'attention_head_size': 3, 'learning_rate': 0.04193048476289243}. Best is trial 0 with value: 10.662063598632812.
[I 2023-12-26 13:26:29,819] Trial 31 finished with value: 29.6315860748291 and parameters: {'gradient_clip_val': 0.78517823967223, 'hidden_size': 141, 'dropout': 0.36962651099487875, 'hidden_continuous_size': 117, 'attention_head_size': 3, 'learning_rate': 0.04639755043915863}. Best is trial 0 with value: 10.662063598632812.
[I 2023-12-26 13:26:38,552] Trial 32 finished with value: 33.581241607666016 and parameters: {'gradient_clip_val': 0.6211561573957285, 'hidden_size': 111, 'dropout': 0.3832830610636524, 'hidden_continuous_size': 86, 'attention_head_size': 3, 'learning_rate': 0.0640329405726805}. Best is trial 0 with value: 10.662063598632812.
[I 2023-12-26 13:26:47,907] Trial 33 finished with value: 38.532432556152344 and parameters: {'gradient_clip_val': 0.6920355971933702, 'hidden_size': 121, 'dropout': 0.40510278962966295, 'hidden_continuous_size': 99, 'attention_head_size': 3, 'learning_rate': 0.02821476486868643}. Best is trial 0 with value: 10.662063598632812.
[I 2023-12-26 13:26:54,564] Trial 34 finished with value: 38.61848068237305 and parameters: {'gradient_clip_val': 0.8553616235611056, 'hidden_size': 79, 'dropout': 0.4341113152600182, 'hidden_continuous_size': 65, 'attention_head_size': 4, 'learning_rate': 0.03798073066731437}. Best is trial 0 with value: 10.662063598632812.
[I 2023-12-26 13:27:02,708] Trial 35 finished with value: 53.24556350708008 and parameters: {'gradient_clip_val': 0.7344664964166603, 'hidden_size': 120, 'dropout': 0.3981509269937037, 'hidden_continuous_size': 105, 'attention_head_size': 2, 'learning_rate': 0.020350349152063556}. Best is trial 0 with value: 10.662063598632812.
[I 2023-12-26 13:27:13,096] Trial 36 finished with value: 25.927812576293945 and parameters: {'gradient_clip_val': 0.852691167581147, 'hidden_size': 150, 'dropout': 0.37997853266077863, 'hidden_continuous_size': 150, 'attention_head_size': 3, 'learning_rate': 0.06781241013433822}. Best is trial 0 with value: 10.662063598632812.
[I 2023-12-26 13:27:19,588] Trial 37 finished with value: 53.01723098754883 and parameters: {'gradient_clip_val': 0.6402042115569205, 'hidden_size': 101, 'dropout': 0.40521919728988376, 'hidden_continuous_size': 82, 'attention_head_size': 4, 'learning_rate': 0.06847843733798005}. Best is trial 0 with value: 10.662063598632812.
[I 2023-12-26 13:27:24,275] Trial 38 finished with value: 49.18284225463867 and parameters: {'gradient_clip_val': 0.9070414911312383, 'hidden_size': 73, 'dropout': 0.38797855282838445, 'hidden_continuous_size': 63, 'attention_head_size': 3, 'learning_rate': 0.030013737359417165}. Best is trial 0 with value: 10.662063598632812.
[I 2023-12-26 13:27:27,616] Trial 39 finished with value: 58.06010055541992 and parameters: {'gradient_clip_val': 0.8959892299301366, 'hidden_size': 54, 'dropout': 0.3440066217957619, 'hidden_continuous_size': 49, 'attention_head_size': 2, 'learning_rate': 0.07602726776524936}. Best is trial 0 with value: 10.662063598632812.
[I 2023-12-26 13:27:36,125] Trial 40 finished with value: 37.4358024597168 and parameters: {'gradient_clip_val': 0.5579993377606223, 'hidden_size': 127, 'dropout': 0.31056531550412186, 'hidden_continuous_size': 109, 'attention_head_size': 3, 'learning_rate': 0.023386732553887228}. Best is trial 0 with value: 10.662063598632812.
[I 2023-12-26 13:27:46,254] Trial 41 finished with value: 34.03767776489258 and parameters: {'gradient_clip_val': 0.7463017980547293, 'hidden_size': 148, 'dropout': 0.37289328475972416, 'hidden_continuous_size': 146, 'attention_head_size': 3, 'learning_rate': 0.045905773562118}. Best is trial 0 with value: 10.662063598632812.
[I 2023-12-26 13:27:55,348] Trial 42 finished with value: 30.274141311645508 and parameters: {'gradient_clip_val': 0.8202151270159241, 'hidden_size': 127, 'dropout': 0.3773433923821957, 'hidden_continuous_size': 111, 'attention_head_size': 3, 'learning_rate': 0.07694094672545178}. Best is trial 0 with value: 10.662063598632812.
[I 2023-12-26 13:28:02,050] Trial 43 finished with value: 44.42402267456055 and parameters: {'gradient_clip_val': 0.6506687116217484, 'hidden_size': 101, 'dropout': 0.3655591330264023, 'hidden_continuous_size': 84, 'attention_head_size': 3, 'learning_rate': 0.05227929259292896}. Best is trial 0 with value: 10.662063598632812.
[I 2023-12-26 13:28:12,256] Trial 44 finished with value: 35.08596420288086 and parameters: {'gradient_clip_val': 0.8874708123264842, 'hidden_size': 150, 'dropout': 0.3962161557868809, 'hidden_continuous_size': 126, 'attention_head_size': 3, 'learning_rate': 0.07356450537500543}. Best is trial 0 with value: 10.662063598632812.
[I 2023-12-26 13:28:18,204] Trial 45 finished with value: 41.18936538696289 and parameters: {'gradient_clip_val': 0.7406372798596632, 'hidden_size': 90, 'dropout': 0.34153916529628825, 'hidden_continuous_size': 75, 'attention_head_size': 3, 'learning_rate': 0.03843695354051312}. Best is trial 0 with value: 10.662063598632812.
[I 2023-12-26 13:28:25,738] Trial 46 finished with value: 48.400882720947266 and parameters: {'gradient_clip_val': 0.9346321183327555, 'hidden_size': 109, 'dropout': 0.4147681204720969, 'hidden_continuous_size': 86, 'attention_head_size': 3, 'learning_rate': 0.05303803601450285}. Best is trial 0 with value: 10.662063598632812.
[I 2023-12-26 13:28:34,671] Trial 47 finished with value: 39.771244049072266 and parameters: {'gradient_clip_val': 0.8181615535975879, 'hidden_size': 132, 'dropout': 0.4366459258515537, 'hidden_continuous_size': 118, 'attention_head_size': 2, 'learning_rate': 0.08434316992055396}. Best is trial 0 with value: 10.662063598632812.
[I 2023-12-26 13:28:41,374] Trial 48 finished with value: 34.1706428527832 and parameters: {'gradient_clip_val': 0.47418494910614506, 'hidden_size': 88, 'dropout': 0.4751595090735653, 'hidden_continuous_size': 72, 'attention_head_size': 3, 'learning_rate': 0.09721782569343408}. Best is trial 0 with value: 10.662063598632812.
[I 2023-12-26 13:28:46,900] Trial 49 finished with value: 51.12984085083008 and parameters: {'gradient_clip_val': 0.9854346249439042, 'hidden_size': 69, 'dropout': 0.3239901486988998, 'hidden_continuous_size': 59, 'attention_head_size': 4, 'learning_rate': 0.004402333873350232}. Best is trial 0 with value: 10.662063598632812.
[I 2023-12-26 13:28:47,032] A new study created in memory with name: no-name-431a5865-2801-489b-bc16-6183d4444ded
/home/le004/conda/anaconda3/envs/tsff_env/lib/python3.9/site-packages/lightning/fabric/plugins/environments/slurm.py:191: The `srun` command is available on your system but is not used. HINT: If your intention is to run Lightning on SLURM, prepend your python command with `srun` like so: srun python /home/le004/master_thesis/git/TSFusionForecast/code/ ...
[I 2023-12-26 13:37:01,970] Trial 0 finished with value: 158.62847900390625 and parameters: {'gradient_clip_val': 0.9170630410169692, 'hidden_size': 109, 'dropout': 0.44433560951228646, 'hidden_continuous_size': 21, 'attention_head_size': 3, 'learning_rate': 0.0017953682026149507}. Best is trial 0 with value: 158.62847900390625.
[I 2023-12-26 13:37:03,871] Trial 1 finished with value: 478.5338134765625 and parameters: {'gradient_clip_val': 0.5498161229092726, 'hidden_size': 11, 'dropout': 0.11484212784181397, 'hidden_continuous_size': 11, 'attention_head_size': 3, 'learning_rate': 0.031914447172000045}. Best is trial 0 with value: 158.62847900390625.
[I 2023-12-26 13:37:05,763] Trial 2 finished with value: 414.299072265625 and parameters: {'gradient_clip_val': 0.4127154630161783, 'hidden_size': 9, 'dropout': 0.48000418434384107, 'hidden_continuous_size': 6, 'attention_head_size': 1, 'learning_rate': 0.000944701416177538}. Best is trial 0 with value: 158.62847900390625.
[I 2023-12-26 13:37:08,782] Trial 3 finished with value: 411.9612121582031 and parameters: {'gradient_clip_val': 0.48608951234078535, 'hidden_size': 50, 'dropout': 0.38951982737972324, 'hidden_continuous_size': 26, 'attention_head_size': 4, 'learning_rate': 0.0050756906210789885}. Best is trial 0 with value: 158.62847900390625.
[I 2023-12-26 13:37:11,982] Trial 4 finished with value: 398.1817626953125 and parameters: {'gradient_clip_val': 0.5377085471120182, 'hidden_size': 55, 'dropout': 0.3304452862326953, 'hidden_continuous_size': 11, 'attention_head_size': 1, 'learning_rate': 0.011617344227133607}. Best is trial 0 with value: 158.62847900390625.
[I 2023-12-26 13:37:13,882] Trial 5 finished with value: 584.259521484375 and parameters: {'gradient_clip_val': 0.1966615639421445, 'hidden_size': 8, 'dropout': 0.46858726172046505, 'hidden_continuous_size': 7, 'attention_head_size': 4, 'learning_rate': 0.0026059954080730947}. Best is trial 0 with value: 158.62847900390625.
[I 2023-12-26 13:37:16,794] Trial 6 finished with value: 423.3155822753906 and parameters: {'gradient_clip_val': 0.3847071624102379, 'hidden_size': 52, 'dropout': 0.12006227940348208, 'hidden_continuous_size': 8, 'attention_head_size': 3, 'learning_rate': 0.08823726567362755}. Best is trial 0 with value: 158.62847900390625.
[I 2023-12-26 13:37:19,337] Trial 7 finished with value: 463.3852233886719 and parameters: {'gradient_clip_val': 0.5331365168792138, 'hidden_size': 30, 'dropout': 0.27250036454712406, 'hidden_continuous_size': 23, 'attention_head_size': 2, 'learning_rate': 0.005725044201632665}. Best is trial 0 with value: 158.62847900390625.
[I 2023-12-26 13:37:21,362] Trial 8 finished with value: 404.8068542480469 and parameters: {'gradient_clip_val': 0.11603030531491465, 'hidden_size': 13, 'dropout': 0.3640848279451617, 'hidden_continuous_size': 5, 'attention_head_size': 2, 'learning_rate': 0.003638558149160883}. Best is trial 0 with value: 158.62847900390625.
[I 2023-12-26 13:37:24,555] Trial 9 finished with value: 346.3556213378906 and parameters: {'gradient_clip_val': 0.5905984931966279, 'hidden_size': 47, 'dropout': 0.3586534869041468, 'hidden_continuous_size': 35, 'attention_head_size': 1, 'learning_rate': 0.04131418225454975}. Best is trial 0 with value: 158.62847900390625.
[I 2023-12-26 13:37:33,665] Trial 10 finished with value: 416.3136901855469 and parameters: {'gradient_clip_val': 0.9977742120542663, 'hidden_size': 140, 'dropout': 0.49376211662022385, 'hidden_continuous_size': 99, 'attention_head_size': 3, 'learning_rate': 0.0005253617379243092}. Best is trial 0 with value: 158.62847900390625.
[I 2023-12-26 13:37:41,854] Trial 11 finished with value: 579.2858276367188 and parameters: {'gradient_clip_val': 0.8122864729704135, 'hidden_size': 138, 'dropout': 0.39404943811883936, 'hidden_continuous_size': 39, 'attention_head_size': 2, 'learning_rate': 0.015718697406100917}. Best is trial 0 with value: 158.62847900390625.
