[I 2023-12-26 16:00:18,313] Trial 7 finished with value: 1314.4627685546875 and parameters: {'gradient_clip_val': 0.31689261806958996, 'hidden_size': 82, 'dropout': 0.4089651773744186, 'hidden_continuous_size': 5, 'attention_head_size': 1, 'learning_rate': 0.003912935649784411}. Best is trial 0 with value: 365.514404296875.
[I 2023-12-26 16:00:22,812] Trial 8 finished with value: 1537.2349853515625 and parameters: {'gradient_clip_val': 0.15616010332313932, 'hidden_size': 57, 'dropout': 0.33750522556205, 'hidden_continuous_size': 26, 'attention_head_size': 4, 'learning_rate': 0.08780823331492808}. Best is trial 0 with value: 365.514404296875.
[I 2023-12-26 16:00:26,729] Trial 9 finished with value: 1310.6617431640625 and parameters: {'gradient_clip_val': 0.13502495618059876, 'hidden_size': 53, 'dropout': 0.22373622386492356, 'hidden_continuous_size': 8, 'attention_head_size': 1, 'learning_rate': 0.034627744477301006}. Best is trial 0 with value: 365.514404296875.
[I 2023-12-26 16:00:29,026] Trial 10 finished with value: 1280.1021728515625 and parameters: {'gradient_clip_val': 0.4171192981672806, 'hidden_size': 13, 'dropout': 0.18427627441734096, 'hidden_continuous_size': 5, 'attention_head_size': 3, 'learning_rate': 0.0006954308527285212}. Best is trial 0 with value: 365.514404296875.
[I 2023-12-26 16:00:30,972] Trial 11 finished with value: 1125.123779296875 and parameters: {'gradient_clip_val': 0.9233503176928592, 'hidden_size': 5, 'dropout': 0.12966797321281182, 'hidden_continuous_size': 5, 'attention_head_size': 4, 'learning_rate': 0.0006816314844974385}. Best is trial 0 with value: 365.514404296875.
[I 2023-12-26 16:00:32,889] Trial 12 finished with value: 1157.0240478515625 and parameters: {'gradient_clip_val': 0.48231916162765237, 'hidden_size': 5, 'dropout': 0.17469799767624916, 'hidden_continuous_size': 5, 'attention_head_size': 3, 'learning_rate': 0.0017827549783407757}. Best is trial 0 with value: 365.514404296875.
[I 2023-12-26 16:00:35,149] Trial 13 finished with value: 1206.1934814453125 and parameters: {'gradient_clip_val': 0.9679147726759691, 'hidden_size': 12, 'dropout': 0.49473167056226114, 'hidden_continuous_size': 6, 'attention_head_size': 4, 'learning_rate': 0.0014063907821319362}. Best is trial 0 with value: 365.514404296875.
[I 2023-12-26 16:00:37,206] Trial 14 finished with value: 1432.29638671875 and parameters: {'gradient_clip_val': 0.5031696895643691, 'hidden_size': 8, 'dropout': 0.15729634229310566, 'hidden_continuous_size': 5, 'attention_head_size': 3, 'learning_rate': 0.0021266027591904458}. Best is trial 0 with value: 365.514404296875.
[I 2023-12-26 16:00:39,569] Trial 15 finished with value: 1063.192138671875 and parameters: {'gradient_clip_val': 0.33042093772798264, 'hidden_size': 19, 'dropout': 0.10876400462682609, 'hidden_continuous_size': 6, 'attention_head_size': 2, 'learning_rate': 0.0006135044659028534}. Best is trial 0 with value: 365.514404296875.
[I 2023-12-26 16:00:41,720] Trial 16 finished with value: 1239.0220947265625 and parameters: {'gradient_clip_val': 0.23673173481653526, 'hidden_size': 7, 'dropout': 0.24421901357044817, 'hidden_continuous_size': 5, 'attention_head_size': 4, 'learning_rate': 0.011165379767616997}. Best is trial 0 with value: 365.514404296875.
[I 2023-12-26 16:00:43,915] Trial 17 finished with value: 1944.4114990234375 and parameters: {'gradient_clip_val': 0.5584996629660568, 'hidden_size': 5, 'dropout': 0.18873561093012017, 'hidden_continuous_size': 5, 'attention_head_size': 3, 'learning_rate': 0.001169752101425458}. Best is trial 0 with value: 365.514404296875.
[I 2023-12-26 16:00:46,158] Trial 18 finished with value: 1489.26025390625 and parameters: {'gradient_clip_val': 0.3967865352221456, 'hidden_size': 12, 'dropout': 0.14235412245837023, 'hidden_continuous_size': 6, 'attention_head_size': 4, 'learning_rate': 0.0031087395929674726}. Best is trial 0 with value: 365.514404296875.
[I 2023-12-26 16:00:56,281] Trial 19 finished with value: 1270.5513916015625 and parameters: {'gradient_clip_val': 0.8280802013070587, 'hidden_size': 140, 'dropout': 0.21255039095629386, 'hidden_continuous_size': 13, 'attention_head_size': 3, 'learning_rate': 0.002506903609842994}. Best is trial 0 with value: 365.514404296875.
[I 2023-12-26 16:00:58,355] Trial 20 finished with value: 1342.4415283203125 and parameters: {'gradient_clip_val': 0.6207403383747536, 'hidden_size': 7, 'dropout': 0.15047458595556504, 'hidden_continuous_size': 5, 'attention_head_size': 2, 'learning_rate': 0.0005034355233876061}. Best is trial 0 with value: 365.514404296875.
[I 2023-12-26 16:01:00,727] Trial 21 finished with value: 1281.2950439453125 and parameters: {'gradient_clip_val': 0.3280692667257613, 'hidden_size': 20, 'dropout': 0.12274839758956727, 'hidden_continuous_size': 6, 'attention_head_size': 2, 'learning_rate': 0.000989019273770924}. Best is trial 0 with value: 365.514404296875.
[I 2023-12-26 16:01:03,071] Trial 22 finished with value: 1343.4058837890625 and parameters: {'gradient_clip_val': 0.4230942498076091, 'hidden_size': 19, 'dropout': 0.10393928074375701, 'hidden_continuous_size': 6, 'attention_head_size': 2, 'learning_rate': 0.0009732991957603549}. Best is trial 0 with value: 365.514404296875.
[I 2023-12-26 16:01:05,259] Trial 23 finished with value: 1214.51416015625 and parameters: {'gradient_clip_val': 0.5937300201260457, 'hidden_size': 10, 'dropout': 0.10024785417706644, 'hidden_continuous_size': 6, 'attention_head_size': 2, 'learning_rate': 0.0016271615643937258}. Best is trial 0 with value: 365.514404296875.
[I 2023-12-26 16:01:07,359] Trial 24 finished with value: 1381.1702880859375 and parameters: {'gradient_clip_val': 0.8167508228562824, 'hidden_size': 6, 'dropout': 0.14999171464317163, 'hidden_continuous_size': 5, 'attention_head_size': 3, 'learning_rate': 0.0006551842585916533}. Best is trial 0 with value: 365.514404296875.
[I 2023-12-26 16:01:09,468] Trial 25 finished with value: 1453.6241455078125 and parameters: {'gradient_clip_val': 0.9902962261124744, 'hidden_size': 9, 'dropout': 0.19001419706188286, 'hidden_continuous_size': 5, 'attention_head_size': 2, 'learning_rate': 0.0010395429922819795}. Best is trial 0 with value: 365.514404296875.
[I 2023-12-26 16:01:11,583] Trial 26 finished with value: 965.3395385742188 and parameters: {'gradient_clip_val': 0.5144466551255003, 'hidden_size': 6, 'dropout': 0.1327296650764908, 'hidden_continuous_size': 5, 'attention_head_size': 3, 'learning_rate': 0.0022373714696559267}. Best is trial 0 with value: 365.514404296875.
[I 2023-12-26 16:01:13,653] Trial 27 finished with value: 1203.970947265625 and parameters: {'gradient_clip_val': 0.5321806404374264, 'hidden_size': 6, 'dropout': 0.16399085976729638, 'hidden_continuous_size': 5, 'attention_head_size': 3, 'learning_rate': 0.002537530701116937}. Best is trial 0 with value: 365.514404296875.
[I 2023-12-26 16:01:15,598] Trial 28 finished with value: 1196.5167236328125 and parameters: {'gradient_clip_val': 0.7616709762780298, 'hidden_size': 5, 'dropout': 0.21018879573418783, 'hidden_continuous_size': 5, 'attention_head_size': 4, 'learning_rate': 0.0015673622018993322}. Best is trial 0 with value: 365.514404296875.
[I 2023-12-26 16:01:18,107] Trial 29 finished with value: 854.5431518554688 and parameters: {'gradient_clip_val': 0.6466431189510864, 'hidden_size': 10, 'dropout': 0.13479307372872937, 'hidden_continuous_size': 6, 'attention_head_size': 3, 'learning_rate': 0.0035722753439997126}. Best is trial 0 with value: 365.514404296875.
[I 2023-12-26 16:01:20,341] Trial 30 finished with value: 1464.12109375 and parameters: {'gradient_clip_val': 0.6563654059226877, 'hidden_size': 9, 'dropout': 0.27075033834201023, 'hidden_continuous_size': 6, 'attention_head_size': 4, 'learning_rate': 0.0038379718735767018}. Best is trial 0 with value: 365.514404296875.
[I 2023-12-26 16:01:22,411] Trial 31 finished with value: 1239.0609130859375 and parameters: {'gradient_clip_val': 0.6408828910438131, 'hidden_size': 6, 'dropout': 0.13631838629147255, 'hidden_continuous_size': 5, 'attention_head_size': 3, 'learning_rate': 0.0019803215084248675}. Best is trial 0 with value: 365.514404296875.
[I 2023-12-26 16:01:24,517] Trial 32 finished with value: 1143.4388427734375 and parameters: {'gradient_clip_val': 0.8017133688433348, 'hidden_size': 7, 'dropout': 0.12951609203457914, 'hidden_continuous_size': 5, 'attention_head_size': 3, 'learning_rate': 0.008587608945341814}. Best is trial 0 with value: 365.514404296875.
[I 2023-12-26 16:01:26,725] Trial 33 finished with value: 1519.19482421875 and parameters: {'gradient_clip_val': 0.5724687578638389, 'hidden_size': 10, 'dropout': 0.17163565131571198, 'hidden_continuous_size': 6, 'attention_head_size': 3, 'learning_rate': 0.00282020924297108}. Best is trial 0 with value: 365.514404296875.
[I 2023-12-26 16:01:29,058] Trial 34 finished with value: 1262.0067138671875 and parameters: {'gradient_clip_val': 0.6974324340938737, 'hidden_size': 15, 'dropout': 0.12894018003830493, 'hidden_continuous_size': 7, 'attention_head_size': 3, 'learning_rate': 0.001267049297143124}. Best is trial 0 with value: 365.514404296875.
[I 2023-12-26 16:01:30,955] Trial 35 finished with value: 1328.2572021484375 and parameters: {'gradient_clip_val': 0.4725219311244202, 'hidden_size': 6, 'dropout': 0.15573530764714164, 'hidden_continuous_size': 5, 'attention_head_size': 3, 'learning_rate': 0.006060956137984075}. Best is trial 0 with value: 365.514404296875.
[I 2023-12-26 16:01:32,849] Trial 36 finished with value: 1143.5555419921875 and parameters: {'gradient_clip_val': 0.6964907597951482, 'hidden_size': 8, 'dropout': 0.1901062073799738, 'hidden_continuous_size': 5, 'attention_head_size': 4, 'learning_rate': 0.002006552034356807}. Best is trial 0 with value: 365.514404296875.
[I 2023-12-26 16:01:34,875] Trial 37 finished with value: 1399.1322021484375 and parameters: {'gradient_clip_val': 0.880689425626425, 'hidden_size': 10, 'dropout': 0.11803895765626593, 'hidden_continuous_size': 6, 'attention_head_size': 3, 'learning_rate': 0.0045455596021799945}. Best is trial 0 with value: 365.514404296875.
[I 2023-12-26 16:01:37,633] Trial 38 finished with value: 1247.2911376953125 and parameters: {'gradient_clip_val': 0.7706006632177838, 'hidden_size': 31, 'dropout': 0.20728714101241935, 'hidden_continuous_size': 7, 'attention_head_size': 4, 'learning_rate': 0.003562370963761014}. Best is trial 0 with value: 365.514404296875.
[I 2023-12-26 16:01:39,580] Trial 39 finished with value: 1213.492919921875 and parameters: {'gradient_clip_val': 0.6308536747700921, 'hidden_size': 5, 'dropout': 0.16874277259943105, 'hidden_continuous_size': 5, 'attention_head_size': 1, 'learning_rate': 0.004823247148106677}. Best is trial 0 with value: 365.514404296875.
[I 2023-12-26 16:01:41,814] Trial 40 finished with value: 1439.6864013671875 and parameters: {'gradient_clip_val': 0.5472445219573455, 'hidden_size': 7, 'dropout': 0.23482640869108096, 'hidden_continuous_size': 5, 'attention_head_size': 3, 'learning_rate': 0.000812136524026707}. Best is trial 0 with value: 365.514404296875.
[I 2023-12-26 16:01:44,228] Trial 41 finished with value: 1310.7156982421875 and parameters: {'gradient_clip_val': 0.3942281461535303, 'hidden_size': 15, 'dropout': 0.10391258471496725, 'hidden_continuous_size': 7, 'attention_head_size': 2, 'learning_rate': 0.0005093910967981612}. Best is trial 0 with value: 365.514404296875.
[I 2023-12-26 16:01:46,709] Trial 42 finished with value: 1288.8050537109375 and parameters: {'gradient_clip_val': 0.35155403132951835, 'hidden_size': 25, 'dropout': 0.12353373166557634, 'hidden_continuous_size': 9, 'attention_head_size': 2, 'learning_rate': 0.000819496221417878}. Best is trial 0 with value: 365.514404296875.
[I 2023-12-26 16:01:48,644] Trial 43 finished with value: 1199.1134033203125 and parameters: {'gradient_clip_val': 0.44659843721583115, 'hidden_size': 11, 'dropout': 0.13985072511776872, 'hidden_continuous_size': 6, 'attention_head_size': 1, 'learning_rate': 0.0013524675266223612}. Best is trial 0 with value: 365.514404296875.
[I 2023-12-26 16:01:50,598] Trial 44 finished with value: 1437.0430908203125 and parameters: {'gradient_clip_val': 0.28013966369618076, 'hidden_size': 9, 'dropout': 0.1000763269153714, 'hidden_continuous_size': 6, 'attention_head_size': 2, 'learning_rate': 0.0012080287802138051}. Best is trial 0 with value: 365.514404296875.
[I 2023-12-26 16:01:53,247] Trial 45 finished with value: 1131.9027099609375 and parameters: {'gradient_clip_val': 0.5008162147996075, 'hidden_size': 14, 'dropout': 0.1512042141931678, 'hidden_continuous_size': 7, 'attention_head_size': 3, 'learning_rate': 0.0016517944721227173}. Best is trial 0 with value: 365.514404296875.
[I 2023-12-26 16:01:57,577] Trial 46 finished with value: 1163.88330078125 and parameters: {'gradient_clip_val': 0.8756389941034722, 'hidden_size': 46, 'dropout': 0.12183993126690262, 'hidden_continuous_size': 10, 'attention_head_size': 4, 'learning_rate': 0.002364187015067858}. Best is trial 0 with value: 365.514404296875.
[I 2023-12-26 16:01:59,786] Trial 47 finished with value: 1280.46533203125 and parameters: {'gradient_clip_val': 0.367358806855869, 'hidden_size': 8, 'dropout': 0.17492147581112333, 'hidden_continuous_size': 6, 'attention_head_size': 2, 'learning_rate': 0.0008612181667604702}. Best is trial 0 with value: 365.514404296875.
[I 2023-12-26 16:02:02,281] Trial 48 finished with value: 1200.5223388671875 and parameters: {'gradient_clip_val': 0.4422554405544594, 'hidden_size': 12, 'dropout': 0.11628904991968, 'hidden_continuous_size': 8, 'attention_head_size': 3, 'learning_rate': 0.0006252113434201794}. Best is trial 0 with value: 365.514404296875.
[I 2023-12-26 16:02:04,635] Trial 49 finished with value: 901.7117309570312 and parameters: {'gradient_clip_val': 0.5077304097741566, 'hidden_size': 6, 'dropout': 0.13956538608694052, 'hidden_continuous_size': 5, 'attention_head_size': 1, 'learning_rate': 0.0011466596355934587}. Best is trial 0 with value: 365.514404296875.
[I 2023-12-26 16:02:04,783] A new study created in memory with name: no-name-e9a4a852-9a74-46bb-916f-8888f0ebb1aa
/home/le004/conda/anaconda3/envs/tsff_env/lib/python3.9/site-packages/lightning/fabric/plugins/environments/slurm.py:191: The `srun` command is available on your system but is not used. HINT: If your intention is to run Lightning on SLURM, prepend your python command with `srun` like so: srun python /home/le004/master_thesis/git/TSFusionForecast/code/ ...
[I 2023-12-26 16:15:31,040] Trial 0 finished with value: 338.4110412597656 and parameters: {'gradient_clip_val': 0.1549553181775699, 'hidden_size': 140, 'dropout': 0.23218636468335174, 'hidden_continuous_size': 13, 'attention_head_size': 3, 'learning_rate': 0.01756266270208713}. Best is trial 0 with value: 338.4110412597656.
[I 2023-12-26 16:15:39,070] Trial 1 finished with value: 890.31591796875 and parameters: {'gradient_clip_val': 0.4652751634148602, 'hidden_size': 100, 'dropout': 0.44737188637910996, 'hidden_continuous_size': 6, 'attention_head_size': 1, 'learning_rate': 0.0014544378755452791}. Best is trial 0 with value: 338.4110412597656.
[I 2023-12-26 16:15:41,557] Trial 2 finished with value: 791.1344604492188 and parameters: {'gradient_clip_val': 0.23474313613385422, 'hidden_size': 13, 'dropout': 0.2450672444505312, 'hidden_continuous_size': 5, 'attention_head_size': 2, 'learning_rate': 0.05116799482024693}. Best is trial 0 with value: 338.4110412597656.
[I 2023-12-26 16:15:52,093] Trial 3 finished with value: 655.0590209960938 and parameters: {'gradient_clip_val': 0.7370867252478637, 'hidden_size': 129, 'dropout': 0.253515120633688, 'hidden_continuous_size': 6, 'attention_head_size': 4, 'learning_rate': 0.005019841957356772}. Best is trial 0 with value: 338.4110412597656.
[I 2023-12-26 16:15:54,503] Trial 4 finished with value: 860.803466796875 and parameters: {'gradient_clip_val': 0.12090030619764151, 'hidden_size': 11, 'dropout': 0.18480432911093223, 'hidden_continuous_size': 6, 'attention_head_size': 1, 'learning_rate': 0.0006354743659199479}. Best is trial 0 with value: 338.4110412597656.
[I 2023-12-26 16:16:03,248] Trial 5 finished with value: 988.1203002929688 and parameters: {'gradient_clip_val': 0.1733470997547782, 'hidden_size': 104, 'dropout': 0.20264681795268513, 'hidden_continuous_size': 44, 'attention_head_size': 4, 'learning_rate': 0.0020836649233592253}. Best is trial 0 with value: 338.4110412597656.
[I 2023-12-26 16:16:05,542] Trial 6 finished with value: 811.49853515625 and parameters: {'gradient_clip_val': 0.11143933419462772, 'hidden_size': 7, 'dropout': 0.34024636953751886, 'hidden_continuous_size': 5, 'attention_head_size': 2, 'learning_rate': 0.017752995820326377}. Best is trial 0 with value: 338.4110412597656.
[I 2023-12-26 16:16:07,663] Trial 7 finished with value: 970.8860473632812 and parameters: {'gradient_clip_val': 0.7423128723855766, 'hidden_size': 6, 'dropout': 0.42113751349401496, 'hidden_continuous_size': 6, 'attention_head_size': 2, 'learning_rate': 0.015435608719519905}. Best is trial 0 with value: 338.4110412597656.
[I 2023-12-26 16:16:10,702] Trial 8 finished with value: 1029.5985107421875 and parameters: {'gradient_clip_val': 0.15200949767761227, 'hidden_size': 20, 'dropout': 0.3449039950974162, 'hidden_continuous_size': 10, 'attention_head_size': 2, 'learning_rate': 0.004853229805244651}. Best is trial 0 with value: 338.4110412597656.
[I 2023-12-26 16:16:13,191] Trial 9 finished with value: 771.014404296875 and parameters: {'gradient_clip_val': 0.3926785059627382, 'hidden_size': 11, 'dropout': 0.47909736853980134, 'hidden_continuous_size': 8, 'attention_head_size': 2, 'learning_rate': 0.006019101351535458}. Best is trial 0 with value: 338.4110412597656.
[I 2023-12-26 16:16:17,717] Trial 10 finished with value: 817.2859497070312 and parameters: {'gradient_clip_val': 0.2588191756554506, 'hidden_size': 50, 'dropout': 0.10305982210603426, 'hidden_continuous_size': 16, 'attention_head_size': 3, 'learning_rate': 0.09518303910487845}. Best is trial 0 with value: 338.4110412597656.
[I 2023-12-26 16:16:29,710] Trial 11 finished with value: 950.348388671875 and parameters: {'gradient_clip_val': 0.9011917345742518, 'hidden_size': 143, 'dropout': 0.27748884208449515, 'hidden_continuous_size': 18, 'attention_head_size': 4, 'learning_rate': 0.016225594919908118}. Best is trial 0 with value: 338.4110412597656.
[I 2023-12-26 16:16:34,536] Trial 12 finished with value: 929.3632202148438 and parameters: {'gradient_clip_val': 0.6862267786786143, 'hidden_size': 55, 'dropout': 0.29230151660384207, 'hidden_continuous_size': 10, 'attention_head_size': 3, 'learning_rate': 0.007121144209463019}. Best is trial 0 with value: 338.4110412597656.
[I 2023-12-26 16:16:39,520] Trial 13 finished with value: 1012.4391479492188 and parameters: {'gradient_clip_val': 0.5506405917277254, 'hidden_size': 55, 'dropout': 0.20452493476522496, 'hidden_continuous_size': 12, 'attention_head_size': 4, 'learning_rate': 0.034351756168177046}. Best is trial 0 with value: 338.4110412597656.
[I 2023-12-26 16:16:52,187] Trial 14 finished with value: 846.6367797851562 and parameters: {'gradient_clip_val': 0.3891795345158741, 'hidden_size': 139, 'dropout': 0.352670816105591, 'hidden_continuous_size': 136, 'attention_head_size': 3, 'learning_rate': 0.0035329508179606393}. Best is trial 0 with value: 338.4110412597656.
[I 2023-12-26 16:16:58,826] Trial 15 finished with value: 805.034423828125 and parameters: {'gradient_clip_val': 0.28159959990322486, 'hidden_size': 77, 'dropout': 0.24677521078032166, 'hidden_continuous_size': 8, 'attention_head_size': 4, 'learning_rate': 0.009903632708639103}. Best is trial 0 with value: 338.4110412597656.
[I 2023-12-26 16:17:02,500] Trial 16 finished with value: 787.4882202148438 and parameters: {'gradient_clip_val': 0.974596878295704, 'hidden_size': 37, 'dropout': 0.15521547842205197, 'hidden_continuous_size': 8, 'attention_head_size': 3, 'learning_rate': 0.003249130878305711}. Best is trial 0 with value: 338.4110412597656.
[I 2023-12-26 16:17:09,453] Trial 17 finished with value: 757.341552734375 and parameters: {'gradient_clip_val': 0.208402279691691, 'hidden_size': 81, 'dropout': 0.25041075601560026, 'hidden_continuous_size': 14, 'attention_head_size': 4, 'learning_rate': 0.009676027738449612}. Best is trial 0 with value: 338.4110412597656.
[I 2023-12-26 16:17:12,736] Trial 18 finished with value: 777.1061401367188 and parameters: {'gradient_clip_val': 0.3514619202677518, 'hidden_size': 33, 'dropout': 0.31154637129139195, 'hidden_continuous_size': 5, 'attention_head_size': 3, 'learning_rate': 0.027803069095476772}. Best is trial 0 with value: 338.4110412597656.
[I 2023-12-26 16:17:24,376] Trial 19 finished with value: 618.273681640625 and parameters: {'gradient_clip_val': 0.3100834738732266, 'hidden_size': 147, 'dropout': 0.12531846084329173, 'hidden_continuous_size': 26, 'attention_head_size': 4, 'learning_rate': 0.01007237351101347}. Best is trial 0 with value: 338.4110412597656.
[I 2023-12-26 16:17:31,558] Trial 20 finished with value: 716.158935546875 and parameters: {'gradient_clip_val': 0.19695779993345575, 'hidden_size': 78, 'dropout': 0.11426808462738063, 'hidden_continuous_size': 24, 'attention_head_size': 3, 'learning_rate': 0.011361785295992244}. Best is trial 0 with value: 338.4110412597656.
[I 2023-12-26 16:17:43,170] Trial 21 finished with value: 750.3612670898438 and parameters: {'gradient_clip_val': 0.3177436624039144, 'hidden_size': 141, 'dropout': 0.17231817567520272, 'hidden_continuous_size': 25, 'attention_head_size': 4, 'learning_rate': 0.007585970229136349}. Best is trial 0 with value: 338.4110412597656.
