[I 2023-12-16 06:33:42,444] Trial 43 finished with value: 37.8800163269043 and parameters: {'gradient_clip_val': 0.5743926285188694, 'hidden_size': 10, 'dropout': 0.21124860658966396, 'hidden_continuous_size': 6, 'attention_head_size': 4, 'learning_rate': 0.007907625790091442}. Best is trial 24 with value: 17.614408493041992.
LOCAL_RANK: 0 - CUDA_VISIBLE_DEVICES: [0]
[I 2023-12-16 06:34:35,142] Trial 44 finished with value: 34.78859329223633 and parameters: {'gradient_clip_val': 0.8900714925561896, 'hidden_size': 39, 'dropout': 0.19706152178193015, 'hidden_continuous_size': 19, 'attention_head_size': 4, 'learning_rate': 0.005935913489590682}. Best is trial 24 with value: 17.614408493041992.
LOCAL_RANK: 0 - CUDA_VISIBLE_DEVICES: [0]
[I 2023-12-16 06:35:21,268] Trial 45 finished with value: 30.323060989379883 and parameters: {'gradient_clip_val': 0.6274750046119528, 'hidden_size': 13, 'dropout': 0.1786623570001119, 'hidden_continuous_size': 7, 'attention_head_size': 4, 'learning_rate': 0.004847636000580597}. Best is trial 24 with value: 17.614408493041992.
LOCAL_RANK: 0 - CUDA_VISIBLE_DEVICES: [0]
[I 2023-12-16 06:36:06,792] Trial 46 finished with value: 32.98306655883789 and parameters: {'gradient_clip_val': 0.7590861799675277, 'hidden_size': 7, 'dropout': 0.21851753563419554, 'hidden_continuous_size': 6, 'attention_head_size': 4, 'learning_rate': 0.0024886446997987722}. Best is trial 24 with value: 17.614408493041992.
LOCAL_RANK: 0 - CUDA_VISIBLE_DEVICES: [0]
[I 2023-12-16 06:36:51,637] Trial 47 finished with value: 25.907821655273438 and parameters: {'gradient_clip_val': 0.49251624363073876, 'hidden_size': 16, 'dropout': 0.11190916805543191, 'hidden_continuous_size': 7, 'attention_head_size': 3, 'learning_rate': 0.0039483066736343215}. Best is trial 24 with value: 17.614408493041992.
LOCAL_RANK: 0 - CUDA_VISIBLE_DEVICES: [0]
[I 2023-12-16 06:37:36,093] Trial 48 finished with value: 25.42069435119629 and parameters: {'gradient_clip_val': 0.47529463966958924, 'hidden_size': 16, 'dropout': 0.11109690640758085, 'hidden_continuous_size': 7, 'attention_head_size': 3, 'learning_rate': 0.0016163055570713864}. Best is trial 24 with value: 17.614408493041992.
LOCAL_RANK: 0 - CUDA_VISIBLE_DEVICES: [0]
[I 2023-12-16 06:38:23,141] Trial 49 finished with value: 45.28486251831055 and parameters: {'gradient_clip_val': 0.3979102914241417, 'hidden_size': 20, 'dropout': 0.13654784274892906, 'hidden_continuous_size': 9, 'attention_head_size': 3, 'learning_rate': 0.0017839756717482227}. Best is trial 24 with value: 17.614408493041992.
[I 2023-12-16 06:38:23,237] A new study created in memory with name: no-name-7e9db35f-5333-4dd6-9b0c-23235489556b
/home/le004/conda/anaconda3/envs/tsff_env/lib/python3.9/site-packages/lightning/fabric/plugins/environments/slurm.py:191: The `srun` command is available on your system but is not used. HINT: If your intention is to run Lightning on SLURM, prepend your python command with `srun` like so: srun python /home/le004/master_thesis/git/TSFusionForecast/code/ ...
LOCAL_RANK: 0 - CUDA_VISIBLE_DEVICES: [0]
[I 2023-12-16 06:39:06,695] Trial 0 finished with value: 32.2538948059082 and parameters: {'gradient_clip_val': 0.5174945436752605, 'hidden_size': 8, 'dropout': 0.34554503054880903, 'hidden_continuous_size': 7, 'attention_head_size': 1, 'learning_rate': 0.0021527015547110695}. Best is trial 0 with value: 32.2538948059082.
LOCAL_RANK: 0 - CUDA_VISIBLE_DEVICES: [0]
[I 2023-12-16 06:39:52,305] Trial 1 finished with value: 21.97702980041504 and parameters: {'gradient_clip_val': 0.891226455744879, 'hidden_size': 15, 'dropout': 0.24875614411564773, 'hidden_continuous_size': 5, 'attention_head_size': 4, 'learning_rate': 0.0006391637348929803}. Best is trial 1 with value: 21.97702980041504.
LOCAL_RANK: 0 - CUDA_VISIBLE_DEVICES: [0]
[I 2023-12-16 06:40:40,032] Trial 2 finished with value: 24.994962692260742 and parameters: {'gradient_clip_val': 0.8262444017155797, 'hidden_size': 18, 'dropout': 0.20762675396485344, 'hidden_continuous_size': 11, 'attention_head_size': 3, 'learning_rate': 0.001684107776481475}. Best is trial 1 with value: 21.97702980041504.
LOCAL_RANK: 0 - CUDA_VISIBLE_DEVICES: [0]
[I 2023-12-16 06:41:25,373] Trial 3 finished with value: 24.936269760131836 and parameters: {'gradient_clip_val': 0.14730806386349468, 'hidden_size': 18, 'dropout': 0.1463557746561499, 'hidden_continuous_size': 6, 'attention_head_size': 1, 'learning_rate': 0.024187010829852338}. Best is trial 1 with value: 21.97702980041504.
LOCAL_RANK: 0 - CUDA_VISIBLE_DEVICES: [0]
[I 2023-12-16 06:41:59,427] Trial 4 finished with value: 47.909088134765625 and parameters: {'gradient_clip_val': 0.24857541287410448, 'hidden_size': 5, 'dropout': 0.1525922240010623, 'hidden_continuous_size': 5, 'attention_head_size': 3, 'learning_rate': 0.0011821945394625908}. Best is trial 1 with value: 21.97702980041504.
LOCAL_RANK: 0 - CUDA_VISIBLE_DEVICES: [0]
[I 2023-12-16 06:42:33,627] Trial 5 finished with value: 20.48236656188965 and parameters: {'gradient_clip_val': 0.12876920942451192, 'hidden_size': 5, 'dropout': 0.14162229542883673, 'hidden_continuous_size': 5, 'attention_head_size': 4, 'learning_rate': 0.027346812236343093}. Best is trial 5 with value: 20.48236656188965.
LOCAL_RANK: 0 - CUDA_VISIBLE_DEVICES: [0]
[I 2023-12-16 06:43:22,537] Trial 6 finished with value: 15.933199882507324 and parameters: {'gradient_clip_val': 0.25869069510880066, 'hidden_size': 25, 'dropout': 0.1000247266467065, 'hidden_continuous_size': 20, 'attention_head_size': 3, 'learning_rate': 0.05654949313289402}. Best is trial 6 with value: 15.933199882507324.
LOCAL_RANK: 0 - CUDA_VISIBLE_DEVICES: [0]
[I 2023-12-16 06:44:10,367] Trial 7 finished with value: 60.79960250854492 and parameters: {'gradient_clip_val': 0.31972640602077185, 'hidden_size': 36, 'dropout': 0.19449316954465568, 'hidden_continuous_size': 7, 'attention_head_size': 1, 'learning_rate': 0.013622462723964664}. Best is trial 6 with value: 15.933199882507324.
LOCAL_RANK: 0 - CUDA_VISIBLE_DEVICES: [0]
[I 2023-12-16 06:44:56,918] Trial 8 finished with value: 23.717575073242188 and parameters: {'gradient_clip_val': 0.15474720217175383, 'hidden_size': 19, 'dropout': 0.3380864892073776, 'hidden_continuous_size': 8, 'attention_head_size': 1, 'learning_rate': 0.0682666885563949}. Best is trial 6 with value: 15.933199882507324.
LOCAL_RANK: 0 - CUDA_VISIBLE_DEVICES: [0]
[I 2023-12-16 06:45:45,283] Trial 9 finished with value: 28.16925621032715 and parameters: {'gradient_clip_val': 0.6316563117987485, 'hidden_size': 23, 'dropout': 0.38774395152692276, 'hidden_continuous_size': 14, 'attention_head_size': 2, 'learning_rate': 0.015822115018264114}. Best is trial 6 with value: 15.933199882507324.
LOCAL_RANK: 0 - CUDA_VISIBLE_DEVICES: [0]
[I 2023-12-16 06:46:39,842] Trial 10 finished with value: 51.91773986816406 and parameters: {'gradient_clip_val': 0.2681292367811638, 'hidden_size': 83, 'dropout': 0.10905555840206621, 'hidden_continuous_size': 35, 'attention_head_size': 2, 'learning_rate': 0.07582582741887377}. Best is trial 6 with value: 15.933199882507324.
LOCAL_RANK: 0 - CUDA_VISIBLE_DEVICES: [0]
[I 2023-12-16 06:47:14,257] Trial 11 finished with value: 52.4585075378418 and parameters: {'gradient_clip_val': 0.11707661360257629, 'hidden_size': 5, 'dropout': 0.10374509968374523, 'hidden_continuous_size': 5, 'attention_head_size': 4, 'learning_rate': 0.03733948965647217}. Best is trial 6 with value: 15.933199882507324.
LOCAL_RANK: 0 - CUDA_VISIBLE_DEVICES: [0]
[I 2023-12-16 06:47:59,912] Trial 12 finished with value: 23.717727661132812 and parameters: {'gradient_clip_val': 0.10694113663398057, 'hidden_size': 11, 'dropout': 0.10178946087738877, 'hidden_continuous_size': 6, 'attention_head_size': 4, 'learning_rate': 0.007156845530781998}. Best is trial 6 with value: 15.933199882507324.
LOCAL_RANK: 0 - CUDA_VISIBLE_DEVICES: [0]
[I 2023-12-16 06:48:43,738] Trial 13 finished with value: 29.423383712768555 and parameters: {'gradient_clip_val': 0.20237029697188208, 'hidden_size': 8, 'dropout': 0.16078714868651067, 'hidden_continuous_size': 5, 'attention_head_size': 3, 'learning_rate': 0.046502184586644575}. Best is trial 6 with value: 15.933199882507324.
LOCAL_RANK: 0 - CUDA_VISIBLE_DEVICES: [0]
[I 2023-12-16 06:49:35,117] Trial 14 finished with value: 19.73590087890625 and parameters: {'gradient_clip_val': 0.16847189841634352, 'hidden_size': 36, 'dropout': 0.20039847448213516, 'hidden_continuous_size': 19, 'attention_head_size': 4, 'learning_rate': 0.09456340599947782}. Best is trial 6 with value: 15.933199882507324.
LOCAL_RANK: 0 - CUDA_VISIBLE_DEVICES: [0]
[I 2023-12-16 06:50:27,010] Trial 15 finished with value: 23.94782066345215 and parameters: {'gradient_clip_val': 0.19503986339259638, 'hidden_size': 35, 'dropout': 0.24440943229649195, 'hidden_continuous_size': 20, 'attention_head_size': 3, 'learning_rate': 0.06848500380005156}. Best is trial 6 with value: 15.933199882507324.
LOCAL_RANK: 0 - CUDA_VISIBLE_DEVICES: [0]
[I 2023-12-16 06:51:18,926] Trial 16 finished with value: 35.64729309082031 and parameters: {'gradient_clip_val': 0.34724610201636613, 'hidden_size': 37, 'dropout': 0.2043367192153287, 'hidden_continuous_size': 21, 'attention_head_size': 2, 'learning_rate': 0.08088404593825146}. Best is trial 6 with value: 15.933199882507324.
LOCAL_RANK: 0 - CUDA_VISIBLE_DEVICES: [0]
[I 2023-12-16 06:52:12,675] Trial 17 finished with value: 19.65637969970703 and parameters: {'gradient_clip_val': 0.18065723324830954, 'hidden_size': 67, 'dropout': 0.2768626566014242, 'hidden_continuous_size': 29, 'attention_head_size': 4, 'learning_rate': 0.08674176602264975}. Best is trial 6 with value: 15.933199882507324.
LOCAL_RANK: 0 - CUDA_VISIBLE_DEVICES: [0]
[I 2023-12-16 06:53:10,030] Trial 18 finished with value: 27.263330459594727 and parameters: {'gradient_clip_val': 0.1013973370995113, 'hidden_size': 93, 'dropout': 0.28505049203370575, 'hidden_continuous_size': 92, 'attention_head_size': 3, 'learning_rate': 0.046039841543871925}. Best is trial 6 with value: 15.933199882507324.
LOCAL_RANK: 0 - CUDA_VISIBLE_DEVICES: [0]
[I 2023-12-16 06:54:04,378] Trial 19 finished with value: 51.707916259765625 and parameters: {'gradient_clip_val': 0.39305980615080927, 'hidden_size': 58, 'dropout': 0.28847213615003603, 'hidden_continuous_size': 33, 'attention_head_size': 4, 'learning_rate': 0.01889373543908845}. Best is trial 6 with value: 15.933199882507324.
LOCAL_RANK: 0 - CUDA_VISIBLE_DEVICES: [0]
[I 2023-12-16 06:54:57,570] Trial 20 finished with value: 42.8602409362793 and parameters: {'gradient_clip_val': 0.23465625836330517, 'hidden_size': 65, 'dropout': 0.26258822228371914, 'hidden_continuous_size': 27, 'attention_head_size': 3, 'learning_rate': 0.009180497620656088}. Best is trial 6 with value: 15.933199882507324.
LOCAL_RANK: 0 - CUDA_VISIBLE_DEVICES: [0]
[I 2023-12-16 06:55:50,665] Trial 21 finished with value: 13.19625186920166 and parameters: {'gradient_clip_val': 0.16682647701770736, 'hidden_size': 53, 'dropout': 0.18940533664495082, 'hidden_continuous_size': 17, 'attention_head_size': 4, 'learning_rate': 0.03900584076962386}. Best is trial 21 with value: 13.19625186920166.
LOCAL_RANK: 0 - CUDA_VISIBLE_DEVICES: [0]
[I 2023-12-16 06:56:43,578] Trial 22 finished with value: 21.391653060913086 and parameters: {'gradient_clip_val': 0.19223151730696442, 'hidden_size': 50, 'dropout': 0.16945570996222353, 'hidden_continuous_size': 15, 'attention_head_size': 4, 'learning_rate': 0.03118811105381605}. Best is trial 21 with value: 13.19625186920166.
LOCAL_RANK: 0 - CUDA_VISIBLE_DEVICES: [0]
[I 2023-12-16 06:57:37,739] Trial 23 finished with value: 28.357858657836914 and parameters: {'gradient_clip_val': 0.13787644957437006, 'hidden_size': 74, 'dropout': 0.1303831186088769, 'hidden_continuous_size': 26, 'attention_head_size': 4, 'learning_rate': 0.047176797369858046}. Best is trial 21 with value: 13.19625186920166.
LOCAL_RANK: 0 - CUDA_VISIBLE_DEVICES: [0]
[I 2023-12-16 06:58:33,539] Trial 24 finished with value: 39.2587776184082 and parameters: {'gradient_clip_val': 0.1708133761163126, 'hidden_size': 97, 'dropout': 0.22659869687835923, 'hidden_continuous_size': 45, 'attention_head_size': 3, 'learning_rate': 0.09747101806954021}. Best is trial 21 with value: 13.19625186920166.
LOCAL_RANK: 0 - CUDA_VISIBLE_DEVICES: [0]
[I 2023-12-16 06:59:26,523] Trial 25 finished with value: 22.9084415435791 and parameters: {'gradient_clip_val': 0.22633787361799254, 'hidden_size': 46, 'dropout': 0.17774080401674347, 'hidden_continuous_size': 14, 'attention_head_size': 4, 'learning_rate': 0.05349972008739831}. Best is trial 21 with value: 13.19625186920166.
LOCAL_RANK: 0 - CUDA_VISIBLE_DEVICES: [0]
[I 2023-12-16 07:00:18,491] Trial 26 finished with value: 35.571468353271484 and parameters: {'gradient_clip_val': 0.2817507402526384, 'hidden_size': 66, 'dropout': 0.12697879827467146, 'hidden_continuous_size': 10, 'attention_head_size': 2, 'learning_rate': 0.031352639448615174}. Best is trial 21 with value: 13.19625186920166.
LOCAL_RANK: 0 - CUDA_VISIBLE_DEVICES: [0]
[I 2023-12-16 07:01:07,337] Trial 27 finished with value: 38.13832473754883 and parameters: {'gradient_clip_val': 0.130431637182522, 'hidden_size': 26, 'dropout': 0.18271977525677247, 'hidden_continuous_size': 16, 'attention_head_size': 3, 'learning_rate': 0.05456087155470633}. Best is trial 21 with value: 13.19625186920166.
LOCAL_RANK: 0 - CUDA_VISIBLE_DEVICES: [0]
[I 2023-12-16 07:02:00,464] Trial 28 finished with value: 32.6326904296875 and parameters: {'gradient_clip_val': 0.17423617513984685, 'hidden_size': 51, 'dropout': 0.2275259074161326, 'hidden_continuous_size': 12, 'attention_head_size': 4, 'learning_rate': 0.0998712901598325}. Best is trial 21 with value: 13.19625186920166.
LOCAL_RANK: 0 - CUDA_VISIBLE_DEVICES: [0]
[I 2023-12-16 07:02:54,446] Trial 29 finished with value: 45.118770599365234 and parameters: {'gradient_clip_val': 0.2195272708800994, 'hidden_size': 75, 'dropout': 0.12703390027711914, 'hidden_continuous_size': 17, 'attention_head_size': 4, 'learning_rate': 0.02188969136552647}. Best is trial 21 with value: 13.19625186920166.
LOCAL_RANK: 0 - CUDA_VISIBLE_DEVICES: [0]
[I 2023-12-16 07:03:44,257] Trial 30 finished with value: 51.4881477355957 and parameters: {'gradient_clip_val': 0.27070484606341283, 'hidden_size': 30, 'dropout': 0.1636259262045253, 'hidden_continuous_size': 17, 'attention_head_size': 3, 'learning_rate': 0.012558995011336404}. Best is trial 21 with value: 13.19625186920166.
LOCAL_RANK: 0 - CUDA_VISIBLE_DEVICES: [0]
[I 2023-12-16 07:04:37,010] Trial 31 finished with value: 55.92837142944336 and parameters: {'gradient_clip_val': 0.1491569732817032, 'hidden_size': 43, 'dropout': 0.20776410043905533, 'hidden_continuous_size': 19, 'attention_head_size': 4, 'learning_rate': 0.0038722480007883264}. Best is trial 21 with value: 13.19625186920166.
LOCAL_RANK: 0 - CUDA_VISIBLE_DEVICES: [0]
[I 2023-12-16 07:05:30,086] Trial 32 finished with value: 44.108795166015625 and parameters: {'gradient_clip_val': 0.17439655955325695, 'hidden_size': 55, 'dropout': 0.18582176932943112, 'hidden_continuous_size': 21, 'attention_head_size': 4, 'learning_rate': 0.03712584878020752}. Best is trial 21 with value: 13.19625186920166.
LOCAL_RANK: 0 - CUDA_VISIBLE_DEVICES: [0]
[I 2023-12-16 07:06:18,216] Trial 33 finished with value: 48.4009895324707 and parameters: {'gradient_clip_val': 0.1962456507881035, 'hidden_size': 28, 'dropout': 0.2255632510150993, 'hidden_continuous_size': 13, 'attention_head_size': 4, 'learning_rate': 0.06589137094049634}. Best is trial 21 with value: 13.19625186920166.
LOCAL_RANK: 0 - CUDA_VISIBLE_DEVICES: [0]
[I 2023-12-16 07:07:11,046] Trial 34 finished with value: 40.81491470336914 and parameters: {'gradient_clip_val': 0.16083701259392513, 'hidden_size': 43, 'dropout': 0.16893851802342535, 'hidden_continuous_size': 18, 'attention_head_size': 4, 'learning_rate': 0.09714316164233863}. Best is trial 21 with value: 13.19625186920166.
LOCAL_RANK: 0 - CUDA_VISIBLE_DEVICES: [0]
[I 2023-12-16 07:07:59,548] Trial 35 finished with value: 37.60910415649414 and parameters: {'gradient_clip_val': 0.22048812801667023, 'hidden_size': 22, 'dropout': 0.14598003833546702, 'hidden_continuous_size': 10, 'attention_head_size': 3, 'learning_rate': 0.05810204797129433}. Best is trial 21 with value: 13.19625186920166.
LOCAL_RANK: 0 - CUDA_VISIBLE_DEVICES: [0]
[I 2023-12-16 07:08:49,034] Trial 36 finished with value: 37.106964111328125 and parameters: {'gradient_clip_val': 0.138071475386783, 'hidden_size': 32, 'dropout': 0.19648594602058278, 'hidden_continuous_size': 16, 'attention_head_size': 4, 'learning_rate': 0.02414946063494674}. Best is trial 21 with value: 13.19625186920166.
LOCAL_RANK: 0 - CUDA_VISIBLE_DEVICES: [0]
[I 2023-12-16 07:09:41,552] Trial 37 finished with value: 17.174257278442383 and parameters: {'gradient_clip_val': 0.12301446683867502, 'hidden_size': 41, 'dropout': 0.13893161674727475, 'hidden_continuous_size': 21, 'attention_head_size': 4, 'learning_rate': 0.03764650674030487}. Best is trial 21 with value: 13.19625186920166.
LOCAL_RANK: 0 - CUDA_VISIBLE_DEVICES: [0]
[I 2023-12-16 07:10:34,409] Trial 38 finished with value: 23.937110900878906 and parameters: {'gradient_clip_val': 0.11757394551576614, 'hidden_size': 41, 'dropout': 0.11907245680490164, 'hidden_continuous_size': 22, 'attention_head_size': 4, 'learning_rate': 0.03832517972891529}. Best is trial 21 with value: 13.19625186920166.
LOCAL_RANK: 0 - CUDA_VISIBLE_DEVICES: [0]
[I 2023-12-16 07:11:27,772] Trial 39 finished with value: 39.06465148925781 and parameters: {'gradient_clip_val': 0.15078138869118846, 'hidden_size': 55, 'dropout': 0.14227810548173428, 'hidden_continuous_size': 23, 'attention_head_size': 3, 'learning_rate': 0.025560186997312093}. Best is trial 21 with value: 13.19625186920166.
LOCAL_RANK: 0 - CUDA_VISIBLE_DEVICES: [0]
[I 2023-12-16 07:12:13,389] Trial 40 finished with value: 38.18296432495117 and parameters: {'gradient_clip_val': 0.12405521853239326, 'hidden_size': 15, 'dropout': 0.15282213537874323, 'hidden_continuous_size': 9, 'attention_head_size': 2, 'learning_rate': 0.031158634691833543}. Best is trial 21 with value: 13.19625186920166.
LOCAL_RANK: 0 - CUDA_VISIBLE_DEVICES: [0]
[I 2023-12-16 07:13:05,911] Trial 41 finished with value: 26.320913314819336 and parameters: {'gradient_clip_val': 0.1718970936666441, 'hidden_size': 39, 'dropout': 0.1356167646008038, 'hidden_continuous_size': 19, 'attention_head_size': 4, 'learning_rate': 0.07441963633010906}. Best is trial 21 with value: 13.19625186920166.
LOCAL_RANK: 0 - CUDA_VISIBLE_DEVICES: [0]
[I 2023-12-16 07:13:56,526] Trial 42 finished with value: 27.82082176208496 and parameters: {'gradient_clip_val': 0.1463689437941055, 'hidden_size': 34, 'dropout': 0.11809351626069305, 'hidden_continuous_size': 15, 'attention_head_size': 4, 'learning_rate': 0.05785185369131268}. Best is trial 21 with value: 13.19625186920166.
LOCAL_RANK: 0 - CUDA_VISIBLE_DEVICES: [0]
[I 2023-12-16 07:14:46,015] Trial 43 finished with value: 33.921112060546875 and parameters: {'gradient_clip_val': 0.11302153076550205, 'hidden_size': 26, 'dropout': 0.10212702992767692, 'hidden_continuous_size': 18, 'attention_head_size': 4, 'learning_rate': 0.042498857291969505}. Best is trial 21 with value: 13.19625186920166.
LOCAL_RANK: 0 - CUDA_VISIBLE_DEVICES: [0]
[I 2023-12-16 07:15:38,426] Trial 44 finished with value: 57.83018493652344 and parameters: {'gradient_clip_val': 0.13239577085031573, 'hidden_size': 46, 'dropout': 0.1540975685010647, 'hidden_continuous_size': 13, 'attention_head_size': 4, 'learning_rate': 0.08228673002688572}. Best is trial 21 with value: 13.19625186920166.
LOCAL_RANK: 0 - CUDA_VISIBLE_DEVICES: [0]
[I 2023-12-16 07:16:27,977] Trial 45 finished with value: 27.90455436706543 and parameters: {'gradient_clip_val': 0.24563192515049045, 'hidden_size': 32, 'dropout': 0.11441543702441259, 'hidden_continuous_size': 19, 'attention_head_size': 1, 'learning_rate': 0.06465041482634754}. Best is trial 21 with value: 13.19625186920166.
LOCAL_RANK: 0 - CUDA_VISIBLE_DEVICES: [0]
[I 2023-12-16 07:17:20,039] Trial 46 finished with value: 25.367782592773438 and parameters: {'gradient_clip_val': 0.18542360660896035, 'hidden_size': 39, 'dropout': 0.1334977103453106, 'hidden_continuous_size': 23, 'attention_head_size': 3, 'learning_rate': 0.03845315745440213}. Best is trial 21 with value: 13.19625186920166.
LOCAL_RANK: 0 - CUDA_VISIBLE_DEVICES: [0]
[I 2023-12-16 07:18:09,284] Trial 47 finished with value: 27.75773048400879 and parameters: {'gradient_clip_val': 0.15842175318461602, 'hidden_size': 26, 'dropout': 0.14927748472259017, 'hidden_continuous_size': 17, 'attention_head_size': 4, 'learning_rate': 0.07874929515745316}. Best is trial 21 with value: 13.19625186920166.
LOCAL_RANK: 0 - CUDA_VISIBLE_DEVICES: [0]
[I 2023-12-16 07:18:56,374] Trial 48 finished with value: 41.37068557739258 and parameters: {'gradient_clip_val': 0.10016645913705363, 'hidden_size': 20, 'dropout': 0.17046665106919093, 'hidden_continuous_size': 8, 'attention_head_size': 4, 'learning_rate': 0.053264640804431995}. Best is trial 21 with value: 13.19625186920166.
LOCAL_RANK: 0 - CUDA_VISIBLE_DEVICES: [0]
