[I 2023-12-26 13:40:56,338] Trial 43 finished with value: 76.98860931396484 and parameters: {'gradient_clip_val': 0.4406142653415586, 'hidden_size': 10, 'dropout': 0.31955576333693797, 'hidden_continuous_size': 7, 'attention_head_size': 1, 'learning_rate': 0.0033755473499847387}. Best is trial 31 with value: 59.12239074707031.
[I 2023-12-26 13:40:58,895] Trial 44 finished with value: 100.47900390625 and parameters: {'gradient_clip_val': 0.3428381493486043, 'hidden_size': 13, 'dropout': 0.2970271235274864, 'hidden_continuous_size': 7, 'attention_head_size': 1, 'learning_rate': 0.004864437192896489}. Best is trial 31 with value: 59.12239074707031.
[I 2023-12-26 13:41:01,557] Trial 45 finished with value: 93.03372955322266 and parameters: {'gradient_clip_val': 0.5184850287808144, 'hidden_size': 18, 'dropout': 0.3852992523237398, 'hidden_continuous_size': 9, 'attention_head_size': 2, 'learning_rate': 0.003938137203754224}. Best is trial 31 with value: 59.12239074707031.
[I 2023-12-26 13:41:04,068] Trial 46 finished with value: 90.58780670166016 and parameters: {'gradient_clip_val': 0.39473716929657343, 'hidden_size': 11, 'dropout': 0.3520728395172495, 'hidden_continuous_size': 6, 'attention_head_size': 3, 'learning_rate': 0.007263997388648947}. Best is trial 31 with value: 59.12239074707031.
[I 2023-12-26 13:41:15,831] Trial 47 finished with value: 82.3857650756836 and parameters: {'gradient_clip_val': 0.45465688524683084, 'hidden_size': 149, 'dropout': 0.3253640038175447, 'hidden_continuous_size': 12, 'attention_head_size': 1, 'learning_rate': 0.002460645753094057}. Best is trial 31 with value: 59.12239074707031.
[I 2023-12-26 13:41:18,177] Trial 48 finished with value: 119.58525848388672 and parameters: {'gradient_clip_val': 0.31126572276593323, 'hidden_size': 8, 'dropout': 0.3993193236283309, 'hidden_continuous_size': 6, 'attention_head_size': 4, 'learning_rate': 0.005219851129030351}. Best is trial 31 with value: 59.12239074707031.
[I 2023-12-26 13:41:20,717] Trial 49 finished with value: 94.7550048828125 and parameters: {'gradient_clip_val': 0.4931442028214543, 'hidden_size': 16, 'dropout': 0.36626342988566135, 'hidden_continuous_size': 8, 'attention_head_size': 1, 'learning_rate': 0.0029980016315933364}. Best is trial 31 with value: 59.12239074707031.
[I 2023-12-26 13:41:20,850] A new study created in memory with name: no-name-8482dca9-7ee1-44fe-8afb-9e3426af4e6f
/home/le004/conda/anaconda3/envs/tsff_env/lib/python3.9/site-packages/lightning/fabric/plugins/environments/slurm.py:191: The `srun` command is available on your system but is not used. HINT: If your intention is to run Lightning on SLURM, prepend your python command with `srun` like so: srun python /home/le004/master_thesis/git/TSFusionForecast/code/ ...
[I 2023-12-26 13:44:23,004] Trial 0 finished with value: 53.8572998046875 and parameters: {'gradient_clip_val': 0.12282894967921955, 'hidden_size': 28, 'dropout': 0.3470861970906777, 'hidden_continuous_size': 17, 'attention_head_size': 4, 'learning_rate': 0.021005260371338663}. Best is trial 0 with value: 53.8572998046875.
[I 2023-12-26 13:44:31,998] Trial 1 finished with value: 90.20938873291016 and parameters: {'gradient_clip_val': 0.5763283212970932, 'hidden_size': 107, 'dropout': 0.4840742132698801, 'hidden_continuous_size': 5, 'attention_head_size': 1, 'learning_rate': 0.004184716731761557}. Best is trial 0 with value: 53.8572998046875.
[I 2023-12-26 13:44:38,576] Trial 2 finished with value: 109.87835693359375 and parameters: {'gradient_clip_val': 0.20656901841200437, 'hidden_size': 75, 'dropout': 0.21923992944756707, 'hidden_continuous_size': 14, 'attention_head_size': 3, 'learning_rate': 0.00529097088166059}. Best is trial 0 with value: 53.8572998046875.
[I 2023-12-26 13:44:49,642] Trial 3 finished with value: 87.05233764648438 and parameters: {'gradient_clip_val': 0.4288571683969501, 'hidden_size': 137, 'dropout': 0.22550019191906606, 'hidden_continuous_size': 19, 'attention_head_size': 4, 'learning_rate': 0.013586200374149541}. Best is trial 0 with value: 53.8572998046875.
[I 2023-12-26 13:44:55,890] Trial 4 finished with value: 89.78781127929688 and parameters: {'gradient_clip_val': 0.5034693629560991, 'hidden_size': 72, 'dropout': 0.11311885909004499, 'hidden_continuous_size': 29, 'attention_head_size': 4, 'learning_rate': 0.011865507478434281}. Best is trial 0 with value: 53.8572998046875.
[I 2023-12-26 13:44:58,065] Trial 5 finished with value: 106.33999633789062 and parameters: {'gradient_clip_val': 0.10711544377601542, 'hidden_size': 5, 'dropout': 0.31259124808132804, 'hidden_continuous_size': 5, 'attention_head_size': 1, 'learning_rate': 0.012387056404209935}. Best is trial 0 with value: 53.8572998046875.
[I 2023-12-26 13:45:09,296] Trial 6 finished with value: 94.3222427368164 and parameters: {'gradient_clip_val': 0.254477661603708, 'hidden_size': 141, 'dropout': 0.4757841064313977, 'hidden_continuous_size': 9, 'attention_head_size': 3, 'learning_rate': 0.022510170596504207}. Best is trial 0 with value: 53.8572998046875.
[I 2023-12-26 13:45:12,724] Trial 7 finished with value: 97.70417022705078 and parameters: {'gradient_clip_val': 0.485829899230766, 'hidden_size': 33, 'dropout': 0.2922884951079743, 'hidden_continuous_size': 5, 'attention_head_size': 2, 'learning_rate': 0.052948425462265636}. Best is trial 0 with value: 53.8572998046875.
[I 2023-12-26 13:45:15,490] Trial 8 finished with value: 116.97970581054688 and parameters: {'gradient_clip_val': 0.11955340236186164, 'hidden_size': 7, 'dropout': 0.41924645019915674, 'hidden_continuous_size': 6, 'attention_head_size': 3, 'learning_rate': 0.0006708685708325923}. Best is trial 0 with value: 53.8572998046875.
[I 2023-12-26 13:45:20,996] Trial 9 finished with value: 105.17122650146484 and parameters: {'gradient_clip_val': 0.1485301988602535, 'hidden_size': 61, 'dropout': 0.2842645399728525, 'hidden_continuous_size': 19, 'attention_head_size': 2, 'learning_rate': 0.002631336266711931}. Best is trial 0 with value: 53.8572998046875.
[I 2023-12-26 13:45:23,585] Trial 10 finished with value: 97.25418090820312 and parameters: {'gradient_clip_val': 0.18264181789512993, 'hidden_size': 16, 'dropout': 0.3921926282744015, 'hidden_continuous_size': 8, 'attention_head_size': 4, 'learning_rate': 0.0537508296841501}. Best is trial 0 with value: 53.8572998046875.
[I 2023-12-26 13:45:27,346] Trial 11 finished with value: 92.41349029541016 and parameters: {'gradient_clip_val': 0.33689581361454257, 'hidden_size': 33, 'dropout': 0.20999313252446605, 'hidden_continuous_size': 19, 'attention_head_size': 4, 'learning_rate': 0.01943757188737259}. Best is trial 0 with value: 53.8572998046875.
[I 2023-12-26 13:45:39,837] Trial 12 finished with value: 97.47594451904297 and parameters: {'gradient_clip_val': 0.8805911800700543, 'hidden_size': 149, 'dropout': 0.3582104351463124, 'hidden_continuous_size': 49, 'attention_head_size': 4, 'learning_rate': 0.037665989565371295}. Best is trial 0 with value: 53.8572998046875.
[I 2023-12-26 13:45:42,728] Trial 13 finished with value: 116.99899291992188 and parameters: {'gradient_clip_val': 0.30989236807613163, 'hidden_size': 19, 'dropout': 0.2302407089961772, 'hidden_continuous_size': 11, 'attention_head_size': 4, 'learning_rate': 0.08187219951880344}. Best is trial 0 with value: 53.8572998046875.
[I 2023-12-26 13:45:47,645] Trial 14 finished with value: 91.64371490478516 and parameters: {'gradient_clip_val': 0.163465229028726, 'hidden_size': 53, 'dropout': 0.3339549854731851, 'hidden_continuous_size': 24, 'attention_head_size': 3, 'learning_rate': 0.00944829156966334}. Best is trial 0 with value: 53.8572998046875.
[I 2023-12-26 13:45:52,055] Trial 15 finished with value: 103.11426544189453 and parameters: {'gradient_clip_val': 0.24092682426582096, 'hidden_size': 43, 'dropout': 0.2620514859094011, 'hidden_continuous_size': 14, 'attention_head_size': 4, 'learning_rate': 0.017389753142293827}. Best is trial 0 with value: 53.8572998046875.
[I 2023-12-26 13:46:00,448] Trial 16 finished with value: 105.0939712524414 and parameters: {'gradient_clip_val': 0.1260843927188923, 'hidden_size': 100, 'dropout': 0.18491712946091593, 'hidden_continuous_size': 34, 'attention_head_size': 2, 'learning_rate': 0.033616156907527804}. Best is trial 0 with value: 53.8572998046875.
[I 2023-12-26 13:46:03,276] Trial 17 finished with value: 93.3586196899414 and parameters: {'gradient_clip_val': 0.1547861755236552, 'hidden_size': 20, 'dropout': 0.3746524114813243, 'hidden_continuous_size': 12, 'attention_head_size': 3, 'learning_rate': 0.0075632631650979385}. Best is trial 0 with value: 53.8572998046875.
[I 2023-12-26 13:46:05,855] Trial 18 finished with value: 109.93682861328125 and parameters: {'gradient_clip_val': 0.10071473950132247, 'hidden_size': 12, 'dropout': 0.3357409023350366, 'hidden_continuous_size': 7, 'attention_head_size': 4, 'learning_rate': 0.09374868898398818}. Best is trial 0 with value: 53.8572998046875.
[I 2023-12-26 13:46:10,148] Trial 19 finished with value: 97.79345703125 and parameters: {'gradient_clip_val': 0.37048188458327835, 'hidden_size': 43, 'dropout': 0.1594633319183898, 'hidden_continuous_size': 18, 'attention_head_size': 3, 'learning_rate': 0.025702662079098392}. Best is trial 0 with value: 53.8572998046875.
[I 2023-12-26 13:46:13,843] Trial 20 finished with value: 109.26892852783203 and parameters: {'gradient_clip_val': 0.21026286068365038, 'hidden_size': 27, 'dropout': 0.2481240639518927, 'hidden_continuous_size': 16, 'attention_head_size': 4, 'learning_rate': 0.01632718332393948}. Best is trial 0 with value: 53.8572998046875.
[I 2023-12-26 13:46:21,291] Trial 21 finished with value: 100.19542694091797 and parameters: {'gradient_clip_val': 0.4288247695207606, 'hidden_size': 81, 'dropout': 0.10864086736069899, 'hidden_continuous_size': 31, 'attention_head_size': 4, 'learning_rate': 0.0119258167800553}. Best is trial 0 with value: 53.8572998046875.
[I 2023-12-26 13:46:31,006] Trial 22 finished with value: 121.3205337524414 and parameters: {'gradient_clip_val': 0.6226777328643693, 'hidden_size': 102, 'dropout': 0.10195783533665032, 'hidden_continuous_size': 100, 'attention_head_size': 4, 'learning_rate': 0.00976197942861139}. Best is trial 0 with value: 53.8572998046875.
[I 2023-12-26 13:46:36,589] Trial 23 finished with value: 113.14994049072266 and parameters: {'gradient_clip_val': 0.29620803677341634, 'hidden_size': 60, 'dropout': 0.1509148111145649, 'hidden_continuous_size': 23, 'attention_head_size': 4, 'learning_rate': 0.013955759539533865}. Best is trial 0 with value: 53.8572998046875.
[I 2023-12-26 13:46:43,537] Trial 24 finished with value: 104.93927001953125 and parameters: {'gradient_clip_val': 0.39511861606298443, 'hidden_size': 79, 'dropout': 0.25499414068024806, 'hidden_continuous_size': 10, 'attention_head_size': 3, 'learning_rate': 0.02846961524438556}. Best is trial 0 with value: 53.8572998046875.
[I 2023-12-26 13:46:55,633] Trial 25 finished with value: 122.19786834716797 and parameters: {'gradient_clip_val': 0.5105196421879259, 'hidden_size': 147, 'dropout': 0.1383613829828768, 'hidden_continuous_size': 35, 'attention_head_size': 4, 'learning_rate': 0.006396780898378743}. Best is trial 0 with value: 53.8572998046875.
[I 2023-12-26 13:47:00,104] Trial 26 finished with value: 117.99789428710938 and parameters: {'gradient_clip_val': 0.6873263118882598, 'hidden_size': 49, 'dropout': 0.18566670754584774, 'hidden_continuous_size': 12, 'attention_head_size': 3, 'learning_rate': 0.019087592128737816}. Best is trial 0 with value: 53.8572998046875.
[I 2023-12-26 13:47:06,106] Trial 27 finished with value: 99.9539794921875 and parameters: {'gradient_clip_val': 0.4393869607371365, 'hidden_size': 68, 'dropout': 0.1841561521829117, 'hidden_continuous_size': 22, 'attention_head_size': 4, 'learning_rate': 0.010361137456185943}. Best is trial 0 with value: 53.8572998046875.
[I 2023-12-26 13:47:15,428] Trial 28 finished with value: 93.81362915039062 and parameters: {'gradient_clip_val': 0.35704094459474367, 'hidden_size': 110, 'dropout': 0.2794414055259017, 'hidden_continuous_size': 15, 'attention_head_size': 2, 'learning_rate': 0.04002904044837672}. Best is trial 0 with value: 53.8572998046875.
[I 2023-12-26 13:47:23,704] Trial 29 finished with value: 107.86770629882812 and parameters: {'gradient_clip_val': 0.551769454651868, 'hidden_size': 93, 'dropout': 0.1312394987000418, 'hidden_continuous_size': 29, 'attention_head_size': 1, 'learning_rate': 0.00423527622815676}. Best is trial 0 with value: 53.8572998046875.
[I 2023-12-26 13:47:27,434] Trial 30 finished with value: 93.44820404052734 and parameters: {'gradient_clip_val': 0.4682728534473318, 'hidden_size': 37, 'dropout': 0.21015401091936958, 'hidden_continuous_size': 13, 'attention_head_size': 4, 'learning_rate': 0.024687032928171218}. Best is trial 0 with value: 53.8572998046875.
[I 2023-12-26 13:47:36,910] Trial 31 finished with value: 81.35345458984375 and parameters: {'gradient_clip_val': 0.5698875210238659, 'hidden_size': 117, 'dropout': 0.45855736866215524, 'hidden_continuous_size': 8, 'attention_head_size': 1, 'learning_rate': 0.0043000084958740815}. Best is trial 0 with value: 53.8572998046875.
[I 2023-12-26 13:47:47,011] Trial 32 finished with value: 120.5530776977539 and parameters: {'gradient_clip_val': 0.6086032562882959, 'hidden_size': 116, 'dropout': 0.4647720046558009, 'hidden_continuous_size': 7, 'attention_head_size': 1, 'learning_rate': 0.005447148453231685}. Best is trial 0 with value: 53.8572998046875.
[I 2023-12-26 13:47:53,591] Trial 33 finished with value: 91.83853149414062 and parameters: {'gradient_clip_val': 0.7023375483003481, 'hidden_size': 77, 'dropout': 0.49612289977654284, 'hidden_continuous_size': 10, 'attention_head_size': 1, 'learning_rate': 0.0032354329814668456}. Best is trial 0 with value: 53.8572998046875.
[I 2023-12-26 13:48:03,772] Trial 34 finished with value: 93.2330322265625 and parameters: {'gradient_clip_val': 0.4043916952335735, 'hidden_size': 125, 'dropout': 0.30886566188534537, 'hidden_continuous_size': 16, 'attention_head_size': 2, 'learning_rate': 0.007485855742420415}. Best is trial 0 with value: 53.8572998046875.
[I 2023-12-26 13:48:11,028] Trial 35 finished with value: 128.4532470703125 and parameters: {'gradient_clip_val': 0.5112548787797149, 'hidden_size': 86, 'dropout': 0.4093971459976909, 'hidden_continuous_size': 9, 'attention_head_size': 1, 'learning_rate': 0.016315916155841506}. Best is trial 0 with value: 53.8572998046875.
[I 2023-12-26 13:48:20,827] Trial 36 finished with value: 87.27569580078125 and parameters: {'gradient_clip_val': 0.28467300357487973, 'hidden_size': 119, 'dropout': 0.4525662423441574, 'hidden_continuous_size': 5, 'attention_head_size': 3, 'learning_rate': 0.013960163632809575}. Best is trial 0 with value: 53.8572998046875.
[I 2023-12-26 13:48:31,140] Trial 37 finished with value: 88.29280853271484 and parameters: {'gradient_clip_val': 0.3004735447486836, 'hidden_size': 128, 'dropout': 0.45059581754789985, 'hidden_continuous_size': 5, 'attention_head_size': 3, 'learning_rate': 0.013684341865484761}. Best is trial 0 with value: 53.8572998046875.
[I 2023-12-26 13:48:40,509] Trial 38 finished with value: 94.16802215576172 and parameters: {'gradient_clip_val': 0.2743783020073608, 'hidden_size': 114, 'dropout': 0.4317045719647331, 'hidden_continuous_size': 6, 'attention_head_size': 2, 'learning_rate': 0.008860538345179565}. Best is trial 0 with value: 53.8572998046875.
[I 2023-12-26 13:48:48,522] Trial 39 finished with value: 94.192138671875 and parameters: {'gradient_clip_val': 0.21951657017664186, 'hidden_size': 95, 'dropout': 0.4710888962632061, 'hidden_continuous_size': 6, 'attention_head_size': 3, 'learning_rate': 0.0051049343995127495}. Best is trial 0 with value: 53.8572998046875.
[I 2023-12-26 13:48:59,417] Trial 40 finished with value: 95.52843475341797 and parameters: {'gradient_clip_val': 0.33702631748674966, 'hidden_size': 135, 'dropout': 0.49484670295771427, 'hidden_continuous_size': 8, 'attention_head_size': 3, 'learning_rate': 0.001973770783848994}. Best is trial 0 with value: 53.8572998046875.
[I 2023-12-26 13:49:10,045] Trial 41 finished with value: 89.1582260131836 and parameters: {'gradient_clip_val': 0.29157408097157317, 'hidden_size': 126, 'dropout': 0.45012262242805307, 'hidden_continuous_size': 5, 'attention_head_size': 3, 'learning_rate': 0.011283712140090293}. Best is trial 0 with value: 53.8572998046875.
[I 2023-12-26 13:49:21,546] Trial 42 finished with value: 84.13169860839844 and parameters: {'gradient_clip_val': 0.25285230452050667, 'hidden_size': 148, 'dropout': 0.4445580960964172, 'hidden_continuous_size': 5, 'attention_head_size': 3, 'learning_rate': 0.013962504381237684}. Best is trial 0 with value: 53.8572998046875.
[I 2023-12-26 13:49:31,290] Trial 43 finished with value: 113.09921264648438 and parameters: {'gradient_clip_val': 0.19460905996438127, 'hidden_size': 147, 'dropout': 0.4263919433339061, 'hidden_continuous_size': 5, 'attention_head_size': 2, 'learning_rate': 0.021767372311820958}. Best is trial 0 with value: 53.8572998046875.
[I 2023-12-26 13:49:39,924] Trial 44 finished with value: 87.52389526367188 and parameters: {'gradient_clip_val': 0.2509991858196271, 'hidden_size': 102, 'dropout': 0.39422236848647585, 'hidden_continuous_size': 6, 'attention_head_size': 3, 'learning_rate': 0.014152719479992144}. Best is trial 0 with value: 53.8572998046875.
[I 2023-12-26 13:49:45,961] Trial 45 finished with value: 87.79691314697266 and parameters: {'gradient_clip_val': 0.17985857125393664, 'hidden_size': 73, 'dropout': 0.44750674829462384, 'hidden_continuous_size': 7, 'attention_head_size': 2, 'learning_rate': 0.019674508829106006}. Best is trial 0 with value: 53.8572998046875.
[I 2023-12-26 13:49:51,796] Trial 46 finished with value: 82.19500732421875 and parameters: {'gradient_clip_val': 0.22606810726544826, 'hidden_size': 65, 'dropout': 0.4800305467290956, 'hidden_continuous_size': 14, 'attention_head_size': 3, 'learning_rate': 0.008350973877969547}. Best is trial 0 with value: 53.8572998046875.
[I 2023-12-26 13:49:55,973] Trial 47 finished with value: 83.39801025390625 and parameters: {'gradient_clip_val': 0.13545769679264535, 'hidden_size': 64, 'dropout': 0.4941358746679176, 'hidden_continuous_size': 13, 'attention_head_size': 3, 'learning_rate': 0.008567269777527692}. Best is trial 0 with value: 53.8572998046875.
[I 2023-12-26 13:49:59,122] Trial 48 finished with value: 100.7709732055664 and parameters: {'gradient_clip_val': 0.13180439079108722, 'hidden_size': 54, 'dropout': 0.4804093060426607, 'hidden_continuous_size': 13, 'attention_head_size': 3, 'learning_rate': 0.007807650935622898}. Best is trial 0 with value: 53.8572998046875.
[I 2023-12-26 13:50:03,389] Trial 49 finished with value: 123.20250701904297 and parameters: {'gradient_clip_val': 0.1093882596017565, 'hidden_size': 64, 'dropout': 0.49915393963303684, 'hidden_continuous_size': 14, 'attention_head_size': 2, 'learning_rate': 0.008548792746706373}. Best is trial 0 with value: 53.8572998046875.
[I 2023-12-26 13:50:03,530] A new study created in memory with name: no-name-90efdcef-0881-4b16-8ed5-7f914c619cc1
/home/le004/conda/anaconda3/envs/tsff_env/lib/python3.9/site-packages/lightning/fabric/plugins/environments/slurm.py:191: The `srun` command is available on your system but is not used. HINT: If your intention is to run Lightning on SLURM, prepend your python command with `srun` like so: srun python /home/le004/master_thesis/git/TSFusionForecast/code/ ...
[I 2023-12-26 13:55:23,138] Trial 0 finished with value: 451.6597595214844 and parameters: {'gradient_clip_val': 0.4859217526747825, 'hidden_size': 22, 'dropout': 0.25745796013415745, 'hidden_continuous_size': 9, 'attention_head_size': 1, 'learning_rate': 0.0006095213348619169}. Best is trial 0 with value: 451.6597595214844.
[I 2023-12-26 13:55:25,182] Trial 1 finished with value: 5264.36767578125 and parameters: {'gradient_clip_val': 0.169312946046541, 'hidden_size': 10, 'dropout': 0.16743493573998328, 'hidden_continuous_size': 6, 'attention_head_size': 3, 'learning_rate': 0.06276616277465598}. Best is trial 0 with value: 451.6597595214844.
[I 2023-12-26 13:55:34,034] Trial 2 finished with value: 3496.3125 and parameters: {'gradient_clip_val': 0.4507546476476264, 'hidden_size': 150, 'dropout': 0.29774015127621956, 'hidden_continuous_size': 17, 'attention_head_size': 3, 'learning_rate': 0.003493594639281625}. Best is trial 0 with value: 451.6597595214844.
[I 2023-12-26 13:55:42,530] Trial 3 finished with value: 3815.306640625 and parameters: {'gradient_clip_val': 0.8536627229819431, 'hidden_size': 140, 'dropout': 0.10488501387106988, 'hidden_continuous_size': 36, 'attention_head_size': 3, 'learning_rate': 0.042964154522472375}. Best is trial 0 with value: 451.6597595214844.
[I 2023-12-26 13:55:46,957] Trial 4 finished with value: 3339.226318359375 and parameters: {'gradient_clip_val': 0.6447569634068133, 'hidden_size': 74, 'dropout': 0.12990366653036423, 'hidden_continuous_size': 7, 'attention_head_size': 3, 'learning_rate': 0.041273490305608874}. Best is trial 0 with value: 451.6597595214844.
[I 2023-12-26 13:55:48,814] Trial 5 finished with value: 3817.385498046875 and parameters: {'gradient_clip_val': 0.24774729678250035, 'hidden_size': 6, 'dropout': 0.2294498774479898, 'hidden_continuous_size': 5, 'attention_head_size': 1, 'learning_rate': 0.00357650225980837}. Best is trial 0 with value: 451.6597595214844.
[I 2023-12-26 13:55:52,161] Trial 6 finished with value: 4095.560546875 and parameters: {'gradient_clip_val': 0.9646674626749574, 'hidden_size': 55, 'dropout': 0.291318926888998, 'hidden_continuous_size': 22, 'attention_head_size': 3, 'learning_rate': 0.0018149491109740205}. Best is trial 0 with value: 451.6597595214844.
