[I 2023-12-26 13:58:26,796] Trial 42 finished with value: 39.24980926513672 and parameters: {'gradient_clip_val': 0.11696916791326058, 'hidden_size': 39, 'dropout': 0.3540663074588127, 'hidden_continuous_size': 12, 'attention_head_size': 2, 'learning_rate': 0.023295004216943818}. Best is trial 0 with value: 19.064910888671875.
[I 2023-12-26 13:58:31,062] Trial 43 finished with value: 59.53981399536133 and parameters: {'gradient_clip_val': 0.11919009184960212, 'hidden_size': 44, 'dropout': 0.3461856952277756, 'hidden_continuous_size': 12, 'attention_head_size': 2, 'learning_rate': 0.023112434361214528}. Best is trial 0 with value: 19.064910888671875.
[I 2023-12-26 13:58:36,145] Trial 44 finished with value: 77.64251708984375 and parameters: {'gradient_clip_val': 0.13655660578949352, 'hidden_size': 56, 'dropout': 0.3706764090828127, 'hidden_continuous_size': 14, 'attention_head_size': 2, 'learning_rate': 0.014414216472955465}. Best is trial 0 with value: 19.064910888671875.
[I 2023-12-26 13:58:39,743] Trial 45 finished with value: 51.0467529296875 and parameters: {'gradient_clip_val': 0.10053654229233831, 'hidden_size': 34, 'dropout': 0.3463778538056401, 'hidden_continuous_size': 11, 'attention_head_size': 2, 'learning_rate': 0.010160548408240265}. Best is trial 0 with value: 19.064910888671875.
[I 2023-12-26 13:58:43,959] Trial 46 finished with value: 70.47814178466797 and parameters: {'gradient_clip_val': 0.1580697135365836, 'hidden_size': 41, 'dropout': 0.38818847819304825, 'hidden_continuous_size': 15, 'attention_head_size': 3, 'learning_rate': 0.01757115637649103}. Best is trial 0 with value: 19.064910888671875.
[I 2023-12-26 13:58:47,241] Trial 47 finished with value: 77.7571029663086 and parameters: {'gradient_clip_val': 0.1334437529140535, 'hidden_size': 28, 'dropout': 0.41397087953324524, 'hidden_continuous_size': 12, 'attention_head_size': 2, 'learning_rate': 0.00787297137646003}. Best is trial 0 with value: 19.064910888671875.
[I 2023-12-26 13:58:52,548] Trial 48 finished with value: 52.83939743041992 and parameters: {'gradient_clip_val': 0.19169560362048904, 'hidden_size': 58, 'dropout': 0.310061311542222, 'hidden_continuous_size': 16, 'attention_head_size': 2, 'learning_rate': 0.03510253691994318}. Best is trial 0 with value: 19.064910888671875.
[I 2023-12-26 13:58:55,875] Trial 49 finished with value: 71.85391998291016 and parameters: {'gradient_clip_val': 0.11415331449421628, 'hidden_size': 32, 'dropout': 0.2732831732647843, 'hidden_continuous_size': 9, 'attention_head_size': 3, 'learning_rate': 0.02165760614284112}. Best is trial 0 with value: 19.064910888671875.
[I 2023-12-26 13:58:56,090] A new study created in memory with name: no-name-313e34ab-30bf-43f0-a0e9-3e65e2f76061
/home/le004/conda/anaconda3/envs/tsff_env/lib/python3.9/site-packages/lightning/fabric/plugins/environments/slurm.py:191: The `srun` command is available on your system but is not used. HINT: If your intention is to run Lightning on SLURM, prepend your python command with `srun` like so: srun python /home/le004/master_thesis/git/TSFusionForecast/code/ ...
[I 2023-12-26 14:03:54,244] Trial 0 finished with value: 410.5148010253906 and parameters: {'gradient_clip_val': 0.4017699799650409, 'hidden_size': 57, 'dropout': 0.26341840662983446, 'hidden_continuous_size': 17, 'attention_head_size': 2, 'learning_rate': 0.0074657165214950605}. Best is trial 0 with value: 410.5148010253906.
[I 2023-12-26 14:03:56,565] Trial 1 finished with value: 611.79150390625 and parameters: {'gradient_clip_val': 0.12842664015717153, 'hidden_size': 6, 'dropout': 0.46700343500674724, 'hidden_continuous_size': 5, 'attention_head_size': 1, 'learning_rate': 0.054362191058701714}. Best is trial 0 with value: 410.5148010253906.
[I 2023-12-26 14:03:59,079] Trial 2 finished with value: 427.9451599121094 and parameters: {'gradient_clip_val': 0.5821163020177015, 'hidden_size': 12, 'dropout': 0.20589742929150057, 'hidden_continuous_size': 5, 'attention_head_size': 4, 'learning_rate': 0.004661336197393327}. Best is trial 0 with value: 410.5148010253906.
[I 2023-12-26 14:04:04,281] Trial 3 finished with value: 546.5189208984375 and parameters: {'gradient_clip_val': 0.6197139084609502, 'hidden_size': 55, 'dropout': 0.48051321783991197, 'hidden_continuous_size': 13, 'attention_head_size': 3, 'learning_rate': 0.06531692994771468}. Best is trial 0 with value: 410.5148010253906.
[I 2023-12-26 14:04:06,640] Trial 4 finished with value: 525.6725463867188 and parameters: {'gradient_clip_val': 0.7220102076843803, 'hidden_size': 8, 'dropout': 0.11556684577561449, 'hidden_continuous_size': 7, 'attention_head_size': 2, 'learning_rate': 0.00729549496308861}. Best is trial 0 with value: 410.5148010253906.
[I 2023-12-26 14:04:14,145] Trial 5 finished with value: 500.3478698730469 and parameters: {'gradient_clip_val': 0.2539465052401391, 'hidden_size': 86, 'dropout': 0.3102381851699695, 'hidden_continuous_size': 17, 'attention_head_size': 4, 'learning_rate': 0.006305798313013114}. Best is trial 0 with value: 410.5148010253906.
[I 2023-12-26 14:04:17,154] Trial 6 finished with value: 525.8739624023438 and parameters: {'gradient_clip_val': 0.5285875475516061, 'hidden_size': 22, 'dropout': 0.1369977680419383, 'hidden_continuous_size': 10, 'attention_head_size': 4, 'learning_rate': 0.0047677674886924684}. Best is trial 0 with value: 410.5148010253906.
[I 2023-12-26 14:04:27,554] Trial 7 finished with value: 482.6723937988281 and parameters: {'gradient_clip_val': 0.3794695339870716, 'hidden_size': 118, 'dropout': 0.2928832596455577, 'hidden_continuous_size': 32, 'attention_head_size': 1, 'learning_rate': 0.004325471019227679}. Best is trial 0 with value: 410.5148010253906.
[I 2023-12-26 14:04:38,149] Trial 8 finished with value: 504.4991149902344 and parameters: {'gradient_clip_val': 0.18528149334935223, 'hidden_size': 125, 'dropout': 0.49542066489089287, 'hidden_continuous_size': 64, 'attention_head_size': 2, 'learning_rate': 0.04817941630188319}. Best is trial 0 with value: 410.5148010253906.
[I 2023-12-26 14:04:40,575] Trial 9 finished with value: 556.5664672851562 and parameters: {'gradient_clip_val': 0.6140570341674734, 'hidden_size': 6, 'dropout': 0.3702811059684631, 'hidden_continuous_size': 5, 'attention_head_size': 2, 'learning_rate': 0.005269046100563938}. Best is trial 0 with value: 410.5148010253906.
[I 2023-12-26 14:04:45,193] Trial 10 finished with value: 666.2266845703125 and parameters: {'gradient_clip_val': 0.8936640823302735, 'hidden_size': 46, 'dropout': 0.2099079783839649, 'hidden_continuous_size': 19, 'attention_head_size': 3, 'learning_rate': 0.000661031347470672}. Best is trial 0 with value: 410.5148010253906.
[I 2023-12-26 14:04:48,016] Trial 11 finished with value: 564.5039672851562 and parameters: {'gradient_clip_val': 0.4108135329675738, 'hidden_size': 20, 'dropout': 0.2195901466946635, 'hidden_continuous_size': 7, 'attention_head_size': 3, 'learning_rate': 0.016831304120655494}. Best is trial 0 with value: 410.5148010253906.
[I 2023-12-26 14:04:50,611] Trial 12 finished with value: 549.3737182617188 and parameters: {'gradient_clip_val': 0.9969400148144808, 'hidden_size': 12, 'dropout': 0.20013318739787644, 'hidden_continuous_size': 6, 'attention_head_size': 4, 'learning_rate': 0.002299181846782709}. Best is trial 0 with value: 410.5148010253906.
[I 2023-12-26 14:04:53,985] Trial 13 finished with value: 621.3641967773438 and parameters: {'gradient_clip_val': 0.44704498150247407, 'hidden_size': 32, 'dropout': 0.2707019175925479, 'hidden_continuous_size': 9, 'attention_head_size': 2, 'learning_rate': 0.014953204365029662}. Best is trial 0 with value: 410.5148010253906.
[I 2023-12-26 14:04:56,628] Trial 14 finished with value: 534.873046875 and parameters: {'gradient_clip_val': 0.3055728791191972, 'hidden_size': 14, 'dropout': 0.1722039971645253, 'hidden_continuous_size': 5, 'attention_head_size': 3, 'learning_rate': 0.0014347022086685336}. Best is trial 0 with value: 410.5148010253906.
[I 2023-12-26 14:05:00,179] Trial 15 finished with value: 466.1953125 and parameters: {'gradient_clip_val': 0.4910808309379114, 'hidden_size': 36, 'dropout': 0.23549111573364745, 'hidden_continuous_size': 9, 'attention_head_size': 1, 'learning_rate': 0.015409923411765215}. Best is trial 0 with value: 410.5148010253906.
[I 2023-12-26 14:05:05,073] Trial 16 finished with value: 582.81494140625 and parameters: {'gradient_clip_val': 0.3315396979274481, 'hidden_size': 52, 'dropout': 0.15604464840639218, 'hidden_continuous_size': 13, 'attention_head_size': 4, 'learning_rate': 0.002326427239920969}. Best is trial 0 with value: 410.5148010253906.
[I 2023-12-26 14:05:07,589] Trial 17 finished with value: 429.1666259765625 and parameters: {'gradient_clip_val': 0.7433302229755241, 'hidden_size': 16, 'dropout': 0.1070651597975033, 'hidden_continuous_size': 6, 'attention_head_size': 3, 'learning_rate': 0.027812707407795696}. Best is trial 0 with value: 410.5148010253906.
[I 2023-12-26 14:05:11,268] Trial 18 finished with value: 470.350341796875 and parameters: {'gradient_clip_val': 0.25870845201362863, 'hidden_size': 27, 'dropout': 0.2612813777499982, 'hidden_continuous_size': 8, 'attention_head_size': 2, 'learning_rate': 0.0982546220732456}. Best is trial 0 with value: 410.5148010253906.
[I 2023-12-26 14:05:13,777] Trial 19 finished with value: 506.0365295410156 and parameters: {'gradient_clip_val': 0.5459808432631399, 'hidden_size': 11, 'dropout': 0.18128930153962858, 'hidden_continuous_size': 6, 'attention_head_size': 1, 'learning_rate': 0.00941942041114281}. Best is trial 0 with value: 410.5148010253906.
[I 2023-12-26 14:05:20,317] Trial 20 finished with value: 657.477783203125 and parameters: {'gradient_clip_val': 0.4326234323013611, 'hidden_size': 71, 'dropout': 0.3257223178899111, 'hidden_continuous_size': 29, 'attention_head_size': 4, 'learning_rate': 0.010088018491739468}. Best is trial 0 with value: 410.5148010253906.
[I 2023-12-26 14:05:23,019] Trial 21 finished with value: 465.9716491699219 and parameters: {'gradient_clip_val': 0.7629995711006656, 'hidden_size': 18, 'dropout': 0.11309676985738333, 'hidden_continuous_size': 6, 'attention_head_size': 3, 'learning_rate': 0.02664985337374271}. Best is trial 0 with value: 410.5148010253906.
[I 2023-12-26 14:05:25,549] Trial 22 finished with value: 535.2507934570312 and parameters: {'gradient_clip_val': 0.7650712021647356, 'hidden_size': 16, 'dropout': 0.10128387296474707, 'hidden_continuous_size': 5, 'attention_head_size': 3, 'learning_rate': 0.025984080675917894}. Best is trial 0 with value: 410.5148010253906.
[I 2023-12-26 14:05:28,047] Trial 23 finished with value: 358.8046569824219 and parameters: {'gradient_clip_val': 0.622758158415115, 'hidden_size': 10, 'dropout': 0.15881114782570316, 'hidden_continuous_size': 6, 'attention_head_size': 2, 'learning_rate': 0.0037668891554552054}. Best is trial 23 with value: 358.8046569824219.
[I 2023-12-26 14:05:30,525] Trial 24 finished with value: 405.3787841796875 and parameters: {'gradient_clip_val': 0.5732103563527657, 'hidden_size': 9, 'dropout': 0.15235948414314734, 'hidden_continuous_size': 5, 'attention_head_size': 2, 'learning_rate': 0.003153889149228276}. Best is trial 23 with value: 358.8046569824219.
[I 2023-12-26 14:05:32,738] Trial 25 finished with value: 550.1809692382812 and parameters: {'gradient_clip_val': 0.46550937848925944, 'hidden_size': 5, 'dropout': 0.15375385394964955, 'hidden_continuous_size': 5, 'attention_head_size': 2, 'learning_rate': 0.003038520389593359}. Best is trial 23 with value: 358.8046569824219.
[I 2023-12-26 14:05:35,273] Trial 26 finished with value: 605.7846069335938 and parameters: {'gradient_clip_val': 0.36013602864702565, 'hidden_size': 9, 'dropout': 0.1684527520912314, 'hidden_continuous_size': 6, 'attention_head_size': 2, 'learning_rate': 0.003235127078436784}. Best is trial 23 with value: 358.8046569824219.
[I 2023-12-26 14:05:37,733] Trial 27 finished with value: 531.58740234375 and parameters: {'gradient_clip_val': 0.6373313210266947, 'hidden_size': 9, 'dropout': 0.2425548408208347, 'hidden_continuous_size': 5, 'attention_head_size': 2, 'learning_rate': 0.0014624064103031641}. Best is trial 23 with value: 358.8046569824219.
[I 2023-12-26 14:05:40,847] Trial 28 finished with value: 441.7193908691406 and parameters: {'gradient_clip_val': 0.5007704525861145, 'hidden_size': 25, 'dropout': 0.13487978605733483, 'hidden_continuous_size': 7, 'attention_head_size': 1, 'learning_rate': 0.00909752287897125}. Best is trial 23 with value: 358.8046569824219.
[I 2023-12-26 14:05:43,107] Trial 29 finished with value: 532.6076049804688 and parameters: {'gradient_clip_val': 0.39504936113158373, 'hidden_size': 6, 'dropout': 0.18725831167943, 'hidden_continuous_size': 5, 'attention_head_size': 1, 'learning_rate': 0.006500481395570896}. Best is trial 23 with value: 358.8046569824219.
[I 2023-12-26 14:05:45,942] Trial 30 finished with value: 532.2853393554688 and parameters: {'gradient_clip_val': 0.5335796267093078, 'hidden_size': 7, 'dropout': 0.13932044020557494, 'hidden_continuous_size': 5, 'attention_head_size': 2, 'learning_rate': 0.0036755137339579613}. Best is trial 23 with value: 358.8046569824219.
[I 2023-12-26 14:05:48,518] Trial 31 finished with value: 629.6525268554688 and parameters: {'gradient_clip_val': 0.5954649888432859, 'hidden_size': 12, 'dropout': 0.2043525332365847, 'hidden_continuous_size': 6, 'attention_head_size': 2, 'learning_rate': 0.004626741091616253}. Best is trial 23 with value: 358.8046569824219.
[I 2023-12-26 14:05:51,113] Trial 32 finished with value: 468.0946044921875 and parameters: {'gradient_clip_val': 0.1016863445814028, 'hidden_size': 11, 'dropout': 0.18874585794084817, 'hidden_continuous_size': 5, 'attention_head_size': 2, 'learning_rate': 0.006420508286275328}. Best is trial 23 with value: 358.8046569824219.
[I 2023-12-26 14:05:53,356] Trial 33 finished with value: 567.2854614257812 and parameters: {'gradient_clip_val': 0.6831890906879938, 'hidden_size': 8, 'dropout': 0.2151575916990312, 'hidden_continuous_size': 5, 'attention_head_size': 2, 'learning_rate': 0.0029037838827713656}. Best is trial 23 with value: 358.8046569824219.
[I 2023-12-26 14:05:55,611] Trial 34 finished with value: 451.3176574707031 and parameters: {'gradient_clip_val': 0.5889057011146239, 'hidden_size': 5, 'dropout': 0.16262661984398577, 'hidden_continuous_size': 5, 'attention_head_size': 3, 'learning_rate': 0.007652853202399742}. Best is trial 23 with value: 358.8046569824219.
[I 2023-12-26 14:05:58,389] Trial 35 finished with value: 529.4280395507812 and parameters: {'gradient_clip_val': 0.4703036244641165, 'hidden_size': 15, 'dropout': 0.23226408893392078, 'hidden_continuous_size': 7, 'attention_head_size': 2, 'learning_rate': 0.004982165257242378}. Best is trial 23 with value: 358.8046569824219.
[I 2023-12-26 14:06:01,165] Trial 36 finished with value: 596.1781616210938 and parameters: {'gradient_clip_val': 0.6513489750511526, 'hidden_size': 20, 'dropout': 0.13216319071352461, 'hidden_continuous_size': 8, 'attention_head_size': 1, 'learning_rate': 0.004010056972680639}. Best is trial 23 with value: 358.8046569824219.
[I 2023-12-26 14:06:03,652] Trial 37 finished with value: 422.6305847167969 and parameters: {'gradient_clip_val': 0.5440672049765851, 'hidden_size': 9, 'dropout': 0.17943764902841247, 'hidden_continuous_size': 6, 'attention_head_size': 2, 'learning_rate': 0.0062671461521475414}. Best is trial 23 with value: 358.8046569824219.
[I 2023-12-26 14:06:06,068] Trial 38 finished with value: 510.6205749511719 and parameters: {'gradient_clip_val': 0.5508715986708114, 'hidden_size': 7, 'dropout': 0.1850445250104118, 'hidden_continuous_size': 5, 'attention_head_size': 2, 'learning_rate': 0.01155288779972397}. Best is trial 23 with value: 358.8046569824219.
[I 2023-12-26 14:06:08,618] Trial 39 finished with value: 546.4842529296875 and parameters: {'gradient_clip_val': 0.8460618752245213, 'hidden_size': 10, 'dropout': 0.14296138577142703, 'hidden_continuous_size': 6, 'attention_head_size': 2, 'learning_rate': 0.006467093626639514}. Best is trial 23 with value: 358.8046569824219.
[I 2023-12-26 14:06:10,950] Trial 40 finished with value: 424.1258544921875 and parameters: {'gradient_clip_val': 0.6595245615192392, 'hidden_size': 8, 'dropout': 0.12915716824258563, 'hidden_continuous_size': 6, 'attention_head_size': 1, 'learning_rate': 0.005047757362385473}. Best is trial 23 with value: 358.8046569824219.
[I 2023-12-26 14:06:13,232] Trial 41 finished with value: 613.2537231445312 and parameters: {'gradient_clip_val': 0.7117094803780174, 'hidden_size': 8, 'dropout': 0.12525816721022248, 'hidden_continuous_size': 6, 'attention_head_size': 1, 'learning_rate': 0.005560507815656778}. Best is trial 23 with value: 358.8046569824219.
[I 2023-12-26 14:06:15,976] Trial 42 finished with value: 494.0781555175781 and parameters: {'gradient_clip_val': 0.586191679674875, 'hidden_size': 7, 'dropout': 0.15539975472011042, 'hidden_continuous_size': 6, 'attention_head_size': 1, 'learning_rate': 0.007767430044175648}. Best is trial 23 with value: 358.8046569824219.
[I 2023-12-26 14:06:18,616] Trial 43 finished with value: 533.443115234375 and parameters: {'gradient_clip_val': 0.5020393521464437, 'hidden_size': 13, 'dropout': 0.17077433943811224, 'hidden_continuous_size': 7, 'attention_head_size': 2, 'learning_rate': 0.00448321242891896}. Best is trial 23 with value: 358.8046569824219.
[I 2023-12-26 14:06:21,128] Trial 44 finished with value: 496.9297180175781 and parameters: {'gradient_clip_val': 0.43196692388227853, 'hidden_size': 10, 'dropout': 0.11837876506841495, 'hidden_continuous_size': 6, 'attention_head_size': 1, 'learning_rate': 0.0059386302846110885}. Best is trial 23 with value: 358.8046569824219.
[I 2023-12-26 14:06:23,725] Trial 45 finished with value: 609.2136840820312 and parameters: {'gradient_clip_val': 0.6574652588339769, 'hidden_size': 13, 'dropout': 0.19786559603107112, 'hidden_continuous_size': 7, 'attention_head_size': 2, 'learning_rate': 0.0038261079021257626}. Best is trial 23 with value: 358.8046569824219.
[I 2023-12-26 14:06:26,049] Trial 46 finished with value: 480.7643127441406 and parameters: {'gradient_clip_val': 0.529764936723086, 'hidden_size': 6, 'dropout': 0.10108623937613903, 'hidden_continuous_size': 5, 'attention_head_size': 1, 'learning_rate': 0.0024358453824427305}. Best is trial 23 with value: 358.8046569824219.
[I 2023-12-26 14:06:28,303] Trial 47 finished with value: 428.3711242675781 and parameters: {'gradient_clip_val': 0.840046790988944, 'hidden_size': 5, 'dropout': 0.14379514540540336, 'hidden_continuous_size': 5, 'attention_head_size': 2, 'learning_rate': 0.00784073511288287}. Best is trial 23 with value: 358.8046569824219.
[I 2023-12-26 14:06:36,695] Trial 48 finished with value: 600.0537719726562 and parameters: {'gradient_clip_val': 0.5889909065202471, 'hidden_size': 101, 'dropout': 0.11949919522472374, 'hidden_continuous_size': 11, 'attention_head_size': 3, 'learning_rate': 0.005183613233831846}. Best is trial 23 with value: 358.8046569824219.
[I 2023-12-26 14:06:39,228] Trial 49 finished with value: 572.8353881835938 and parameters: {'gradient_clip_val': 0.37346140768866126, 'hidden_size': 9, 'dropout': 0.1727660539110956, 'hidden_continuous_size': 6, 'attention_head_size': 2, 'learning_rate': 0.0018576024392176719}. Best is trial 23 with value: 358.8046569824219.
[I 2023-12-26 14:06:39,364] A new study created in memory with name: no-name-3dc263c2-a3d5-4012-ab60-e56d93e559b4
/home/le004/conda/anaconda3/envs/tsff_env/lib/python3.9/site-packages/lightning/fabric/plugins/environments/slurm.py:191: The `srun` command is available on your system but is not used. HINT: If your intention is to run Lightning on SLURM, prepend your python command with `srun` like so: srun python /home/le004/master_thesis/git/TSFusionForecast/code/ ...
[I 2023-12-26 14:15:21,262] Trial 0 finished with value: 5.946874141693115 and parameters: {'gradient_clip_val': 0.5375376247359944, 'hidden_size': 47, 'dropout': 0.38337654973794055, 'hidden_continuous_size': 8, 'attention_head_size': 1, 'learning_rate': 0.0013662119944965055}. Best is trial 0 with value: 5.946874141693115.
[I 2023-12-26 14:16:32,037] Trial 1 finished with value: 33.523868560791016 and parameters: {'gradient_clip_val': 0.4110380199847878, 'hidden_size': 15, 'dropout': 0.37364390253134727, 'hidden_continuous_size': 5, 'attention_head_size': 1, 'learning_rate': 0.0005335454269326799}. Best is trial 0 with value: 5.946874141693115.
[I 2023-12-26 14:16:37,932] Trial 2 finished with value: 54.608585357666016 and parameters: {'gradient_clip_val': 0.1093268558587009, 'hidden_size': 69, 'dropout': 0.22480594405427384, 'hidden_continuous_size': 38, 'attention_head_size': 1, 'learning_rate': 0.00222462317048962}. Best is trial 0 with value: 5.946874141693115.
[I 2023-12-26 14:16:45,436] Trial 3 finished with value: 40.779911041259766 and parameters: {'gradient_clip_val': 0.21072558647123427, 'hidden_size': 97, 'dropout': 0.16773197113725485, 'hidden_continuous_size': 24, 'attention_head_size': 4, 'learning_rate': 0.06531286258000264}. Best is trial 0 with value: 5.946874141693115.
[I 2023-12-26 14:16:55,509] Trial 4 finished with value: 54.414031982421875 and parameters: {'gradient_clip_val': 0.7332445470359061, 'hidden_size': 132, 'dropout': 0.21173170770298377, 'hidden_continuous_size': 16, 'attention_head_size': 4, 'learning_rate': 0.0012112259688281328}. Best is trial 0 with value: 5.946874141693115.
[I 2023-12-26 14:16:57,565] Trial 5 finished with value: 39.464393615722656 and parameters: {'gradient_clip_val': 0.4782156294131601, 'hidden_size': 6, 'dropout': 0.27717354559354757, 'hidden_continuous_size': 5, 'attention_head_size': 4, 'learning_rate': 0.0028180693220701504}. Best is trial 0 with value: 5.946874141693115.
