[I 2023-12-15 17:01:37,604] Trial 9 finished with value: 24.54749298095703 and parameters: {'gradient_clip_val': 0.35090701449321887, 'hidden_size': 49, 'dropout': 0.14638634035294285, 'hidden_continuous_size': 29, 'attention_head_size': 1, 'learning_rate': 0.0005670360678796725}. Best is trial 8 with value: 21.11793327331543.
LOCAL_RANK: 0 - CUDA_VISIBLE_DEVICES: [0]
[I 2023-12-15 17:02:27,009] Trial 10 finished with value: 22.06719207763672 and parameters: {'gradient_clip_val': 0.20429625955796768, 'hidden_size': 29, 'dropout': 0.19314373671350463, 'hidden_continuous_size': 10, 'attention_head_size': 3, 'learning_rate': 0.0049622247138149354}. Best is trial 8 with value: 21.11793327331543.
LOCAL_RANK: 0 - CUDA_VISIBLE_DEVICES: [0]
[I 2023-12-15 17:03:16,125] Trial 11 finished with value: 27.374635696411133 and parameters: {'gradient_clip_val': 0.21765052177258387, 'hidden_size': 30, 'dropout': 0.19497817684672827, 'hidden_continuous_size': 10, 'attention_head_size': 3, 'learning_rate': 0.0048908720767934415}. Best is trial 8 with value: 21.11793327331543.
LOCAL_RANK: 0 - CUDA_VISIBLE_DEVICES: [0]
[I 2023-12-15 17:04:04,497] Trial 12 finished with value: 23.61980628967285 and parameters: {'gradient_clip_val': 0.19545488164609554, 'hidden_size': 32, 'dropout': 0.23499076439669456, 'hidden_continuous_size': 11, 'attention_head_size': 3, 'learning_rate': 0.008340904077783862}. Best is trial 8 with value: 21.11793327331543.
LOCAL_RANK: 0 - CUDA_VISIBLE_DEVICES: [0]
[I 2023-12-15 17:04:52,128] Trial 13 finished with value: 33.53057098388672 and parameters: {'gradient_clip_val': 0.24948050890061782, 'hidden_size': 18, 'dropout': 0.18250174425662014, 'hidden_continuous_size': 9, 'attention_head_size': 3, 'learning_rate': 0.002652852430245557}. Best is trial 8 with value: 21.11793327331543.
LOCAL_RANK: 0 - CUDA_VISIBLE_DEVICES: [0]
[I 2023-12-15 17:05:43,449] Trial 14 finished with value: 24.02382469177246 and parameters: {'gradient_clip_val': 0.14172422710946034, 'hidden_size': 38, 'dropout': 0.21991520026144507, 'hidden_continuous_size': 16, 'attention_head_size': 1, 'learning_rate': 0.011105258255930244}. Best is trial 8 with value: 21.11793327331543.
LOCAL_RANK: 0 - CUDA_VISIBLE_DEVICES: [0]
[I 2023-12-15 17:06:33,266] Trial 15 finished with value: 21.201108932495117 and parameters: {'gradient_clip_val': 0.1067437529166281, 'hidden_size': 22, 'dropout': 0.17761709858232566, 'hidden_continuous_size': 11, 'attention_head_size': 4, 'learning_rate': 0.020888568129698443}. Best is trial 8 with value: 21.11793327331543.
LOCAL_RANK: 0 - CUDA_VISIBLE_DEVICES: [0]
[I 2023-12-15 17:07:19,221] Trial 16 finished with value: 22.776491165161133 and parameters: {'gradient_clip_val': 0.1136459146953798, 'hidden_size': 11, 'dropout': 0.15109367074211982, 'hidden_continuous_size': 7, 'attention_head_size': 4, 'learning_rate': 0.02461026827521904}. Best is trial 8 with value: 21.11793327331543.
LOCAL_RANK: 0 - CUDA_VISIBLE_DEVICES: [0]
[I 2023-12-15 17:08:08,215] Trial 17 finished with value: 21.238412857055664 and parameters: {'gradient_clip_val': 0.10523939668274872, 'hidden_size': 19, 'dropout': 0.312095618842056, 'hidden_continuous_size': 12, 'attention_head_size': 4, 'learning_rate': 0.08601921003469719}. Best is trial 8 with value: 21.11793327331543.
LOCAL_RANK: 0 - CUDA_VISIBLE_DEVICES: [0]
[I 2023-12-15 17:08:56,846] Trial 18 finished with value: 35.267974853515625 and parameters: {'gradient_clip_val': 0.1625103182522814, 'hidden_size': 22, 'dropout': 0.16763500512318247, 'hidden_continuous_size': 11, 'attention_head_size': 2, 'learning_rate': 0.03067640725379036}. Best is trial 8 with value: 21.11793327331543.
LOCAL_RANK: 0 - CUDA_VISIBLE_DEVICES: [0]
[I 2023-12-15 17:09:41,702] Trial 19 finished with value: 29.129369735717773 and parameters: {'gradient_clip_val': 0.10013632069702655, 'hidden_size': 10, 'dropout': 0.21051695606271087, 'hidden_continuous_size': 6, 'attention_head_size': 1, 'learning_rate': 0.014167423353597811}. Best is trial 8 with value: 21.11793327331543.
LOCAL_RANK: 0 - CUDA_VISIBLE_DEVICES: [0]
[I 2023-12-15 17:10:27,515] Trial 20 finished with value: 21.16912269592285 and parameters: {'gradient_clip_val': 0.1597968166578372, 'hidden_size': 16, 'dropout': 0.23064750910124976, 'hidden_continuous_size': 9, 'attention_head_size': 4, 'learning_rate': 0.010142745131483482}. Best is trial 8 with value: 21.11793327331543.
LOCAL_RANK: 0 - CUDA_VISIBLE_DEVICES: [0]
[I 2023-12-15 17:11:15,810] Trial 21 finished with value: 28.571630477905273 and parameters: {'gradient_clip_val': 0.1627545368675332, 'hidden_size': 19, 'dropout': 0.2277810573493622, 'hidden_continuous_size': 9, 'attention_head_size': 4, 'learning_rate': 0.00944582498878155}. Best is trial 8 with value: 21.11793327331543.
LOCAL_RANK: 0 - CUDA_VISIBLE_DEVICES: [0]
[I 2023-12-15 17:12:05,205] Trial 22 finished with value: 24.63982582092285 and parameters: {'gradient_clip_val': 0.12476840586471148, 'hidden_size': 23, 'dropout': 0.2604136295044601, 'hidden_continuous_size': 9, 'attention_head_size': 4, 'learning_rate': 0.019785929070691474}. Best is trial 8 with value: 21.11793327331543.
LOCAL_RANK: 0 - CUDA_VISIBLE_DEVICES: [0]
[I 2023-12-15 17:12:51,318] Trial 23 finished with value: 24.88427734375 and parameters: {'gradient_clip_val': 0.14279936798509993, 'hidden_size': 14, 'dropout': 0.1678225512508806, 'hidden_continuous_size': 8, 'attention_head_size': 3, 'learning_rate': 0.011906612008728697}. Best is trial 8 with value: 21.11793327331543.
LOCAL_RANK: 0 - CUDA_VISIBLE_DEVICES: [0]
[I 2023-12-15 17:13:37,359] Trial 24 finished with value: 27.622316360473633 and parameters: {'gradient_clip_val': 0.2586782039100008, 'hidden_size': 16, 'dropout': 0.24113019919339426, 'hidden_continuous_size': 10, 'attention_head_size': 4, 'learning_rate': 0.02707995279934614}. Best is trial 8 with value: 21.11793327331543.
LOCAL_RANK: 0 - CUDA_VISIBLE_DEVICES: [0]
[I 2023-12-15 17:14:26,465] Trial 25 finished with value: 33.08454895019531 and parameters: {'gradient_clip_val': 0.16755163608808124, 'hidden_size': 25, 'dropout': 0.20684277205282944, 'hidden_continuous_size': 12, 'attention_head_size': 3, 'learning_rate': 0.006918331505920991}. Best is trial 8 with value: 21.11793327331543.
LOCAL_RANK: 0 - CUDA_VISIBLE_DEVICES: [0]
[I 2023-12-15 17:15:11,769] Trial 26 finished with value: 27.45597267150879 and parameters: {'gradient_clip_val': 0.12348711306843194, 'hidden_size': 10, 'dropout': 0.2826315754877738, 'hidden_continuous_size': 6, 'attention_head_size': 2, 'learning_rate': 0.016204233464080384}. Best is trial 8 with value: 21.11793327331543.
LOCAL_RANK: 0 - CUDA_VISIBLE_DEVICES: [0]
[I 2023-12-15 17:16:04,010] Trial 27 finished with value: 25.96718406677246 and parameters: {'gradient_clip_val': 0.1810072728673975, 'hidden_size': 38, 'dropout': 0.22024514809646523, 'hidden_continuous_size': 15, 'attention_head_size': 4, 'learning_rate': 0.007261351435292685}. Best is trial 8 with value: 21.11793327331543.
LOCAL_RANK: 0 - CUDA_VISIBLE_DEVICES: [0]
[I 2023-12-15 17:16:52,582] Trial 28 finished with value: 32.786869049072266 and parameters: {'gradient_clip_val': 0.14726867872399316, 'hidden_size': 19, 'dropout': 0.10398768974285685, 'hidden_continuous_size': 11, 'attention_head_size': 3, 'learning_rate': 0.011677983878330704}. Best is trial 8 with value: 21.11793327331543.
LOCAL_RANK: 0 - CUDA_VISIBLE_DEVICES: [0]
[I 2023-12-15 17:17:37,820] Trial 29 finished with value: 29.394033432006836 and parameters: {'gradient_clip_val': 0.30905714330761336, 'hidden_size': 12, 'dropout': 0.32533050996719226, 'hidden_continuous_size': 9, 'attention_head_size': 4, 'learning_rate': 0.04467198153968387}. Best is trial 8 with value: 21.11793327331543.
LOCAL_RANK: 0 - CUDA_VISIBLE_DEVICES: [0]
[I 2023-12-15 17:18:22,053] Trial 30 finished with value: 28.596803665161133 and parameters: {'gradient_clip_val': 0.10138389636430235, 'hidden_size': 16, 'dropout': 0.3430946571429916, 'hidden_continuous_size': 8, 'attention_head_size': 1, 'learning_rate': 0.026208010152889465}. Best is trial 8 with value: 21.11793327331543.
LOCAL_RANK: 0 - CUDA_VISIBLE_DEVICES: [0]
[I 2023-12-15 17:19:11,123] Trial 31 finished with value: 37.624149322509766 and parameters: {'gradient_clip_val': 0.1285829272509512, 'hidden_size': 19, 'dropout': 0.36527963641939787, 'hidden_continuous_size': 13, 'attention_head_size': 4, 'learning_rate': 0.09350527692951083}. Best is trial 8 with value: 21.11793327331543.
LOCAL_RANK: 0 - CUDA_VISIBLE_DEVICES: [0]
[I 2023-12-15 17:20:00,873] Trial 32 finished with value: 29.553316116333008 and parameters: {'gradient_clip_val': 0.11416552766721455, 'hidden_size': 26, 'dropout': 0.2885055069443039, 'hidden_continuous_size': 12, 'attention_head_size': 4, 'learning_rate': 0.0837437660742956}. Best is trial 8 with value: 21.11793327331543.
LOCAL_RANK: 0 - CUDA_VISIBLE_DEVICES: [0]
[I 2023-12-15 17:20:49,081] Trial 33 finished with value: 21.319433212280273 and parameters: {'gradient_clip_val': 0.11067026961700356, 'hidden_size': 20, 'dropout': 0.24975300412198517, 'hidden_continuous_size': 11, 'attention_head_size': 4, 'learning_rate': 0.03776336649811535}. Best is trial 8 with value: 21.11793327331543.
LOCAL_RANK: 0 - CUDA_VISIBLE_DEVICES: [0]
[I 2023-12-15 17:21:35,032] Trial 34 finished with value: 40.68257522583008 and parameters: {'gradient_clip_val': 0.1413406223343137, 'hidden_size': 15, 'dropout': 0.3091004000217954, 'hidden_continuous_size': 10, 'attention_head_size': 2, 'learning_rate': 0.0664069784516857}. Best is trial 8 with value: 21.11793327331543.
LOCAL_RANK: 0 - CUDA_VISIBLE_DEVICES: [0]
[I 2023-12-15 17:22:21,671] Trial 35 finished with value: 27.098237991333008 and parameters: {'gradient_clip_val': 0.10097955404943255, 'hidden_size': 13, 'dropout': 0.27811598853080916, 'hidden_continuous_size': 10, 'attention_head_size': 4, 'learning_rate': 0.04522286274319983}. Best is trial 8 with value: 21.11793327331543.
LOCAL_RANK: 0 - CUDA_VISIBLE_DEVICES: [0]
[I 2023-12-15 17:23:11,353] Trial 36 finished with value: 45.79440689086914 and parameters: {'gradient_clip_val': 0.12280733799844112, 'hidden_size': 25, 'dropout': 0.30216079571463755, 'hidden_continuous_size': 14, 'attention_head_size': 4, 'learning_rate': 0.020522205930064822}. Best is trial 8 with value: 21.11793327331543.
LOCAL_RANK: 0 - CUDA_VISIBLE_DEVICES: [0]
[I 2023-12-15 17:24:00,036] Trial 37 finished with value: 23.410757064819336 and parameters: {'gradient_clip_val': 0.18144618332026186, 'hidden_size': 22, 'dropout': 0.24824942096145286, 'hidden_continuous_size': 17, 'attention_head_size': 2, 'learning_rate': 0.03398176926726719}. Best is trial 8 with value: 21.11793327331543.
LOCAL_RANK: 0 - CUDA_VISIBLE_DEVICES: [0]
[I 2023-12-15 17:24:46,018] Trial 38 finished with value: 32.30391311645508 and parameters: {'gradient_clip_val': 0.15747378875625084, 'hidden_size': 16, 'dropout': 0.27166181829938274, 'hidden_continuous_size': 12, 'attention_head_size': 3, 'learning_rate': 0.06504498711262799}. Best is trial 8 with value: 21.11793327331543.
LOCAL_RANK: 0 - CUDA_VISIBLE_DEVICES: [0]
[I 2023-12-15 17:25:32,153] Trial 39 finished with value: 26.870267868041992 and parameters: {'gradient_clip_val': 0.13046168340187744, 'hidden_size': 9, 'dropout': 0.30064245956189894, 'hidden_continuous_size': 8, 'attention_head_size': 4, 'learning_rate': 0.02261891097803207}. Best is trial 8 with value: 21.11793327331543.
LOCAL_RANK: 0 - CUDA_VISIBLE_DEVICES: [0]
[I 2023-12-15 17:26:17,884] Trial 40 finished with value: 23.649621963500977 and parameters: {'gradient_clip_val': 0.37533641241575244, 'hidden_size': 13, 'dropout': 0.2695188790759798, 'hidden_continuous_size': 9, 'attention_head_size': 2, 'learning_rate': 0.014943299277966731}. Best is trial 8 with value: 21.11793327331543.
LOCAL_RANK: 0 - CUDA_VISIBLE_DEVICES: [0]
[I 2023-12-15 17:27:05,734] Trial 41 finished with value: 25.675535202026367 and parameters: {'gradient_clip_val': 0.11499744655689303, 'hidden_size': 20, 'dropout': 0.24490836529558888, 'hidden_continuous_size': 11, 'attention_head_size': 4, 'learning_rate': 0.03670996789687075}. Best is trial 8 with value: 21.11793327331543.
LOCAL_RANK: 0 - CUDA_VISIBLE_DEVICES: [0]
[I 2023-12-15 17:27:53,970] Trial 42 finished with value: 23.442367553710938 and parameters: {'gradient_clip_val': 0.11123660042743344, 'hidden_size': 17, 'dropout': 0.262441425978269, 'hidden_continuous_size': 12, 'attention_head_size': 4, 'learning_rate': 0.04400852628537749}. Best is trial 8 with value: 21.11793327331543.
LOCAL_RANK: 0 - CUDA_VISIBLE_DEVICES: [0]
[I 2023-12-15 17:28:43,344] Trial 43 finished with value: 28.683263778686523 and parameters: {'gradient_clip_val': 0.13630218831683277, 'hidden_size': 21, 'dropout': 0.25457329982083954, 'hidden_continuous_size': 14, 'attention_head_size': 4, 'learning_rate': 0.05266034945529187}. Best is trial 8 with value: 21.11793327331543.
LOCAL_RANK: 0 - CUDA_VISIBLE_DEVICES: [0]
[I 2023-12-15 17:29:31,568] Trial 44 finished with value: 38.0942268371582 and parameters: {'gradient_clip_val': 0.10844528337053005, 'hidden_size': 28, 'dropout': 0.2353127871232198, 'hidden_continuous_size': 13, 'attention_head_size': 4, 'learning_rate': 0.030512126122669098}. Best is trial 8 with value: 21.11793327331543.
LOCAL_RANK: 0 - CUDA_VISIBLE_DEVICES: [0]
[I 2023-12-15 17:30:23,061] Trial 45 finished with value: 22.724456787109375 and parameters: {'gradient_clip_val': 0.22644427263314057, 'hidden_size': 33, 'dropout': 0.2826620603284423, 'hidden_continuous_size': 18, 'attention_head_size': 3, 'learning_rate': 0.09912872982260994}. Best is trial 8 with value: 21.11793327331543.
LOCAL_RANK: 0 - CUDA_VISIBLE_DEVICES: [0]
[I 2023-12-15 17:31:12,559] Trial 46 finished with value: 20.561922073364258 and parameters: {'gradient_clip_val': 0.2828208891915789, 'hidden_size': 23, 'dropout': 0.3229666731873461, 'hidden_continuous_size': 13, 'attention_head_size': 4, 'learning_rate': 0.017462511216884007}. Best is trial 46 with value: 20.561922073364258.
LOCAL_RANK: 0 - CUDA_VISIBLE_DEVICES: [0]
[I 2023-12-15 17:32:00,701] Trial 47 finished with value: 30.36948585510254 and parameters: {'gradient_clip_val': 0.28341814728719605, 'hidden_size': 24, 'dropout': 0.32326831766647574, 'hidden_continuous_size': 15, 'attention_head_size': 3, 'learning_rate': 0.01791493194674129}. Best is trial 46 with value: 20.561922073364258.
LOCAL_RANK: 0 - CUDA_VISIBLE_DEVICES: [0]
[I 2023-12-15 17:32:48,990] Trial 48 finished with value: 22.974075317382812 and parameters: {'gradient_clip_val': 0.3395550564643048, 'hidden_size': 17, 'dropout': 0.33832520617779355, 'hidden_continuous_size': 13, 'attention_head_size': 4, 'learning_rate': 0.0059206950193612835}. Best is trial 46 with value: 20.561922073364258.
LOCAL_RANK: 0 - CUDA_VISIBLE_DEVICES: [0]
[I 2023-12-15 17:33:38,772] Trial 49 finished with value: 22.517356872558594 and parameters: {'gradient_clip_val': 0.22313020664560076, 'hidden_size': 28, 'dropout': 0.3001019764439817, 'hidden_continuous_size': 23, 'attention_head_size': 2, 'learning_rate': 0.008937967842975559}. Best is trial 46 with value: 20.561922073364258.
[I 2023-12-15 17:33:38,867] A new study created in memory with name: no-name-6598eb8c-81b2-49c2-9b54-e1553e2b4f25
/home/le004/conda/anaconda3/envs/tsff_env/lib/python3.9/site-packages/lightning/fabric/plugins/environments/slurm.py:191: The `srun` command is available on your system but is not used. HINT: If your intention is to run Lightning on SLURM, prepend your python command with `srun` like so: srun python /home/le004/master_thesis/git/TSFusionForecast/code/ ...
LOCAL_RANK: 0 - CUDA_VISIBLE_DEVICES: [0]
[I 2023-12-15 17:34:24,112] Trial 0 finished with value: 41.66221618652344 and parameters: {'gradient_clip_val': 0.7522837837916955, 'hidden_size': 7, 'dropout': 0.2429500328647716, 'hidden_continuous_size': 6, 'attention_head_size': 3, 'learning_rate': 0.001182225117151553}. Best is trial 0 with value: 41.66221618652344.
LOCAL_RANK: 0 - CUDA_VISIBLE_DEVICES: [0]
[I 2023-12-15 17:35:19,450] Trial 1 finished with value: 19.662349700927734 and parameters: {'gradient_clip_val': 0.25020916035109775, 'hidden_size': 97, 'dropout': 0.18501799044323614, 'hidden_continuous_size': 29, 'attention_head_size': 3, 'learning_rate': 0.001704847509505869}. Best is trial 1 with value: 19.662349700927734.
LOCAL_RANK: 0 - CUDA_VISIBLE_DEVICES: [0]
[I 2023-12-15 17:36:11,877] Trial 2 finished with value: 26.785690307617188 and parameters: {'gradient_clip_val': 0.16912791502513597, 'hidden_size': 68, 'dropout': 0.38271236045218926, 'hidden_continuous_size': 9, 'attention_head_size': 3, 'learning_rate': 0.026705159222170118}. Best is trial 1 with value: 19.662349700927734.
LOCAL_RANK: 0 - CUDA_VISIBLE_DEVICES: [0]
[I 2023-12-15 17:36:46,131] Trial 3 finished with value: 28.117963790893555 and parameters: {'gradient_clip_val': 0.4189587856212135, 'hidden_size': 5, 'dropout': 0.17495856586651354, 'hidden_continuous_size': 5, 'attention_head_size': 3, 'learning_rate': 0.07942512857950912}. Best is trial 1 with value: 19.662349700927734.
LOCAL_RANK: 0 - CUDA_VISIBLE_DEVICES: [0]
[I 2023-12-15 17:37:32,973] Trial 4 finished with value: 15.067034721374512 and parameters: {'gradient_clip_val': 0.6082397967782404, 'hidden_size': 14, 'dropout': 0.32933120006548977, 'hidden_continuous_size': 10, 'attention_head_size': 4, 'learning_rate': 0.0013944447705393195}. Best is trial 4 with value: 15.067034721374512.
LOCAL_RANK: 0 - CUDA_VISIBLE_DEVICES: [0]
[I 2023-12-15 17:38:23,562] Trial 5 finished with value: 46.314788818359375 and parameters: {'gradient_clip_val': 0.6309517697134537, 'hidden_size': 34, 'dropout': 0.27928140538371404, 'hidden_continuous_size': 13, 'attention_head_size': 4, 'learning_rate': 0.004504327197482664}. Best is trial 4 with value: 15.067034721374512.
LOCAL_RANK: 0 - CUDA_VISIBLE_DEVICES: [0]
[I 2023-12-15 17:39:18,067] Trial 6 finished with value: 22.884246826171875 and parameters: {'gradient_clip_val': 0.8986973788923498, 'hidden_size': 61, 'dropout': 0.28925858916504005, 'hidden_continuous_size': 35, 'attention_head_size': 4, 'learning_rate': 0.0007719576800435712}. Best is trial 4 with value: 15.067034721374512.
LOCAL_RANK: 0 - CUDA_VISIBLE_DEVICES: [0]
[I 2023-12-15 17:40:03,014] Trial 7 finished with value: 20.51357078552246 and parameters: {'gradient_clip_val': 0.8219431834134089, 'hidden_size': 13, 'dropout': 0.25480631028475426, 'hidden_continuous_size': 6, 'attention_head_size': 1, 'learning_rate': 0.008172842942291052}. Best is trial 4 with value: 15.067034721374512.
LOCAL_RANK: 0 - CUDA_VISIBLE_DEVICES: [0]
[I 2023-12-15 17:40:55,214] Trial 8 finished with value: 15.774893760681152 and parameters: {'gradient_clip_val': 0.1666262182240019, 'hidden_size': 73, 'dropout': 0.1925667693342794, 'hidden_continuous_size': 9, 'attention_head_size': 2, 'learning_rate': 0.0032804452129899645}. Best is trial 4 with value: 15.067034721374512.
LOCAL_RANK: 0 - CUDA_VISIBLE_DEVICES: [0]
[I 2023-12-15 17:41:40,815] Trial 9 finished with value: 18.763357162475586 and parameters: {'gradient_clip_val': 0.21438052087644438, 'hidden_size': 14, 'dropout': 0.398570493584424, 'hidden_continuous_size': 5, 'attention_head_size': 4, 'learning_rate': 0.027241029955079498}. Best is trial 4 with value: 15.067034721374512.
LOCAL_RANK: 0 - CUDA_VISIBLE_DEVICES: [0]
[I 2023-12-15 17:42:29,391] Trial 10 finished with value: 15.6694974899292 and parameters: {'gradient_clip_val': 0.11224581303998749, 'hidden_size': 25, 'dropout': 0.34504876513842864, 'hidden_continuous_size': 13, 'attention_head_size': 1, 'learning_rate': 0.0007328874216581548}. Best is trial 4 with value: 15.067034721374512.
LOCAL_RANK: 0 - CUDA_VISIBLE_DEVICES: [0]
[I 2023-12-15 17:43:17,677] Trial 11 finished with value: 34.16828536987305 and parameters: {'gradient_clip_val': 0.10820015552752019, 'hidden_size': 25, 'dropout': 0.34159036918978947, 'hidden_continuous_size': 13, 'attention_head_size': 1, 'learning_rate': 0.000535909050203632}. Best is trial 4 with value: 15.067034721374512.
LOCAL_RANK: 0 - CUDA_VISIBLE_DEVICES: [0]
[I 2023-12-15 17:44:03,035] Trial 12 finished with value: 41.858097076416016 and parameters: {'gradient_clip_val': 0.4213367898369645, 'hidden_size': 16, 'dropout': 0.3321518183061676, 'hidden_continuous_size': 11, 'attention_head_size': 2, 'learning_rate': 0.0005274229800677018}. Best is trial 4 with value: 15.067034721374512.
LOCAL_RANK: 0 - CUDA_VISIBLE_DEVICES: [0]
[I 2023-12-15 17:44:53,299] Trial 13 finished with value: 24.308618545532227 and parameters: {'gradient_clip_val': 0.10008272469886488, 'hidden_size': 32, 'dropout': 0.11802808216226307, 'hidden_continuous_size': 19, 'attention_head_size': 2, 'learning_rate': 0.0016713639927423089}. Best is trial 4 with value: 15.067034721374512.
LOCAL_RANK: 0 - CUDA_VISIBLE_DEVICES: [0]
[I 2023-12-15 17:45:38,203] Trial 14 finished with value: 15.282515525817871 and parameters: {'gradient_clip_val': 0.34610298859918265, 'hidden_size': 10, 'dropout': 0.33756130530244616, 'hidden_continuous_size': 7, 'attention_head_size': 1, 'learning_rate': 0.00124819307148687}. Best is trial 4 with value: 15.067034721374512.
LOCAL_RANK: 0 - CUDA_VISIBLE_DEVICES: [0]
[I 2023-12-15 17:46:23,214] Trial 15 finished with value: 15.953498840332031 and parameters: {'gradient_clip_val': 0.5186721018087799, 'hidden_size': 9, 'dropout': 0.3203113439720605, 'hidden_continuous_size': 6, 'attention_head_size': 2, 'learning_rate': 0.0024842476116035852}. Best is trial 4 with value: 15.067034721374512.
LOCAL_RANK: 0 - CUDA_VISIBLE_DEVICES: [0]
[I 2023-12-15 17:47:08,056] Trial 16 finished with value: 20.097240447998047 and parameters: {'gradient_clip_val': 0.34867974202992613, 'hidden_size': 10, 'dropout': 0.36837979656506536, 'hidden_continuous_size': 7, 'attention_head_size': 1, 'learning_rate': 0.0010952171254262678}. Best is trial 4 with value: 15.067034721374512.
LOCAL_RANK: 0 - CUDA_VISIBLE_DEVICES: [0]
