[I 2023-12-26 11:42:54,359] Trial 29 finished with value: 189.87022399902344 and parameters: {'gradient_clip_val': 0.3738909236319674, 'hidden_size': 66, 'dropout': 0.20672480386227207, 'hidden_continuous_size': 15, 'attention_head_size': 3, 'learning_rate': 0.038654037847862074}. Best is trial 0 with value: 90.03756713867188.
[I 2023-12-26 11:42:58,362] Trial 30 finished with value: 208.758056640625 and parameters: {'gradient_clip_val': 0.4330285904147949, 'hidden_size': 52, 'dropout': 0.2846770344527168, 'hidden_continuous_size': 20, 'attention_head_size': 4, 'learning_rate': 0.06841713708176315}. Best is trial 0 with value: 90.03756713867188.
[I 2023-12-26 11:43:10,242] Trial 31 finished with value: 158.9479522705078 and parameters: {'gradient_clip_val': 0.19316647227094416, 'hidden_size': 148, 'dropout': 0.35020373119414056, 'hidden_continuous_size': 145, 'attention_head_size': 4, 'learning_rate': 0.06828673617892832}. Best is trial 0 with value: 90.03756713867188.
[I 2023-12-26 11:43:20,897] Trial 32 finished with value: 148.4292755126953 and parameters: {'gradient_clip_val': 0.15875008553178027, 'hidden_size': 116, 'dropout': 0.37564376735065885, 'hidden_continuous_size': 93, 'attention_head_size': 4, 'learning_rate': 0.06916920513666684}. Best is trial 0 with value: 90.03756713867188.
[I 2023-12-26 11:43:28,308] Trial 33 finished with value: 223.395751953125 and parameters: {'gradient_clip_val': 0.2792219193697004, 'hidden_size': 82, 'dropout': 0.341654221701541, 'hidden_continuous_size': 50, 'attention_head_size': 4, 'learning_rate': 0.04393293363276605}. Best is trial 0 with value: 90.03756713867188.
[I 2023-12-26 11:43:37,385] Trial 34 finished with value: 132.4268035888672 and parameters: {'gradient_clip_val': 0.1431756852567016, 'hidden_size': 102, 'dropout': 0.38199819839855526, 'hidden_continuous_size': 70, 'attention_head_size': 4, 'learning_rate': 0.0679446221123609}. Best is trial 0 with value: 90.03756713867188.
[I 2023-12-26 11:43:43,684] Trial 35 finished with value: 193.31146240234375 and parameters: {'gradient_clip_val': 0.1759991550578441, 'hidden_size': 71, 'dropout': 0.4187839324606957, 'hidden_continuous_size': 10, 'attention_head_size': 3, 'learning_rate': 0.09946371891758579}. Best is trial 0 with value: 90.03756713867188.
[I 2023-12-26 11:43:53,762] Trial 36 finished with value: 146.62045288085938 and parameters: {'gradient_clip_val': 0.19982490684820722, 'hidden_size': 115, 'dropout': 0.3205496380262255, 'hidden_continuous_size': 88, 'attention_head_size': 4, 'learning_rate': 0.041256711988961}. Best is trial 0 with value: 90.03756713867188.
[I 2023-12-26 11:43:56,786] Trial 37 finished with value: 217.38572692871094 and parameters: {'gradient_clip_val': 0.13850839257465639, 'hidden_size': 25, 'dropout': 0.43705394442834294, 'hidden_continuous_size': 8, 'attention_head_size': 3, 'learning_rate': 0.016021368102160823}. Best is trial 0 with value: 90.03756713867188.
[I 2023-12-26 11:43:59,318] Trial 38 finished with value: 228.642822265625 and parameters: {'gradient_clip_val': 0.1668675306848617, 'hidden_size': 9, 'dropout': 0.34431562860758824, 'hidden_continuous_size': 7, 'attention_head_size': 4, 'learning_rate': 0.02749782928563188}. Best is trial 0 with value: 90.03756713867188.
[I 2023-12-26 11:44:04,947] Trial 39 finished with value: 221.58226013183594 and parameters: {'gradient_clip_val': 0.23148308558616018, 'hidden_size': 59, 'dropout': 0.4857755971688932, 'hidden_continuous_size': 41, 'attention_head_size': 2, 'learning_rate': 0.06621765045401018}. Best is trial 0 with value: 90.03756713867188.
[I 2023-12-26 11:44:07,546] Trial 40 finished with value: 274.1422119140625 and parameters: {'gradient_clip_val': 0.18616974398934336, 'hidden_size': 6, 'dropout': 0.4055044721787275, 'hidden_continuous_size': 5, 'attention_head_size': 1, 'learning_rate': 0.04696788036022493}. Best is trial 0 with value: 90.03756713867188.
[I 2023-12-26 11:44:16,608] Trial 41 finished with value: 183.92835998535156 and parameters: {'gradient_clip_val': 0.13596629960868856, 'hidden_size': 99, 'dropout': 0.37545908368378605, 'hidden_continuous_size': 60, 'attention_head_size': 4, 'learning_rate': 0.07655332468576037}. Best is trial 0 with value: 90.03756713867188.
[I 2023-12-26 11:44:30,175] Trial 42 finished with value: 148.3291015625 and parameters: {'gradient_clip_val': 0.21077820651483453, 'hidden_size': 150, 'dropout': 0.37941746060139114, 'hidden_continuous_size': 118, 'attention_head_size': 4, 'learning_rate': 0.07618566253910804}. Best is trial 0 with value: 90.03756713867188.
[I 2023-12-26 11:44:41,386] Trial 43 finished with value: 189.29949951171875 and parameters: {'gradient_clip_val': 0.1476348103302163, 'hidden_size': 126, 'dropout': 0.35931533292977, 'hidden_continuous_size': 89, 'attention_head_size': 4, 'learning_rate': 0.054997779191047466}. Best is trial 0 with value: 90.03756713867188.
[I 2023-12-26 11:44:49,501] Trial 44 finished with value: 124.45065307617188 and parameters: {'gradient_clip_val': 0.16970024651473972, 'hidden_size': 86, 'dropout': 0.39524803443004797, 'hidden_continuous_size': 70, 'attention_head_size': 4, 'learning_rate': 0.08349483497629817}. Best is trial 0 with value: 90.03756713867188.
[I 2023-12-26 11:45:01,581] Trial 45 finished with value: 185.2620086669922 and parameters: {'gradient_clip_val': 0.19495499554077422, 'hidden_size': 131, 'dropout': 0.32298003844319806, 'hidden_continuous_size': 110, 'attention_head_size': 4, 'learning_rate': 0.035083736073443325}. Best is trial 0 with value: 90.03756713867188.
[I 2023-12-26 11:45:09,636] Trial 46 finished with value: 147.3158416748047 and parameters: {'gradient_clip_val': 0.2521287380402651, 'hidden_size': 87, 'dropout': 0.4002347074202287, 'hidden_continuous_size': 63, 'attention_head_size': 3, 'learning_rate': 0.08538236875491244}. Best is trial 0 with value: 90.03756713867188.
[I 2023-12-26 11:45:12,284] Trial 47 finished with value: 131.0546417236328 and parameters: {'gradient_clip_val': 0.1721671723980099, 'hidden_size': 13, 'dropout': 0.29453107905429, 'hidden_continuous_size': 8, 'attention_head_size': 4, 'learning_rate': 0.09847501492728813}. Best is trial 0 with value: 90.03756713867188.
[I 2023-12-26 11:45:21,767] Trial 48 finished with value: 220.5298309326172 and parameters: {'gradient_clip_val': 0.21620720709384353, 'hidden_size': 109, 'dropout': 0.442105606475284, 'hidden_continuous_size': 80, 'attention_head_size': 2, 'learning_rate': 0.043892412351570535}. Best is trial 0 with value: 90.03756713867188.
[I 2023-12-26 11:45:34,324] Trial 49 finished with value: 228.7743377685547 and parameters: {'gradient_clip_val': 0.1256253955384908, 'hidden_size': 134, 'dropout': 0.3462460976082073, 'hidden_continuous_size': 122, 'attention_head_size': 4, 'learning_rate': 0.005402155643824407}. Best is trial 0 with value: 90.03756713867188.
[I 2023-12-26 11:45:34,454] A new study created in memory with name: no-name-e9a620f7-e454-4af6-9d4c-64177291d8e3
/home/le004/conda/anaconda3/envs/tsff_env/lib/python3.9/site-packages/lightning/fabric/plugins/environments/slurm.py:191: The `srun` command is available on your system but is not used. HINT: If your intention is to run Lightning on SLURM, prepend your python command with `srun` like so: srun python /home/le004/master_thesis/git/TSFusionForecast/code/ ...
[I 2023-12-26 11:48:13,585] Trial 0 finished with value: 250.00054931640625 and parameters: {'gradient_clip_val': 0.20217698457712194, 'hidden_size': 10, 'dropout': 0.3223423196774598, 'hidden_continuous_size': 6, 'attention_head_size': 3, 'learning_rate': 0.015492029551731209}. Best is trial 0 with value: 250.00054931640625.
[I 2023-12-26 11:48:21,130] Trial 1 finished with value: 867.7565307617188 and parameters: {'gradient_clip_val': 0.18951247055804185, 'hidden_size': 84, 'dropout': 0.26927071197332064, 'hidden_continuous_size': 44, 'attention_head_size': 2, 'learning_rate': 0.0013090605895746095}. Best is trial 0 with value: 250.00054931640625.
[I 2023-12-26 11:48:25,480] Trial 2 finished with value: 1205.601318359375 and parameters: {'gradient_clip_val': 0.11248937239028944, 'hidden_size': 44, 'dropout': 0.28240302580008386, 'hidden_continuous_size': 31, 'attention_head_size': 2, 'learning_rate': 0.0009051586602275122}. Best is trial 0 with value: 250.00054931640625.
[I 2023-12-26 11:48:28,953] Trial 3 finished with value: 1081.715576171875 and parameters: {'gradient_clip_val': 0.9186848903874815, 'hidden_size': 30, 'dropout': 0.33931027207733677, 'hidden_continuous_size': 21, 'attention_head_size': 1, 'learning_rate': 0.07159070021512981}. Best is trial 0 with value: 250.00054931640625.
[I 2023-12-26 11:48:32,793] Trial 4 finished with value: 1189.5174560546875 and parameters: {'gradient_clip_val': 0.8002056358558494, 'hidden_size': 40, 'dropout': 0.11423289384591305, 'hidden_continuous_size': 19, 'attention_head_size': 4, 'learning_rate': 0.03359768146785654}. Best is trial 0 with value: 250.00054931640625.
[I 2023-12-26 11:48:38,169] Trial 5 finished with value: 925.1121215820312 and parameters: {'gradient_clip_val': 0.13094799554522935, 'hidden_size': 64, 'dropout': 0.2684425667550836, 'hidden_continuous_size': 8, 'attention_head_size': 2, 'learning_rate': 0.002561742086006069}. Best is trial 0 with value: 250.00054931640625.
[I 2023-12-26 11:48:40,996] Trial 6 finished with value: 1153.82177734375 and parameters: {'gradient_clip_val': 0.11995476363536998, 'hidden_size': 12, 'dropout': 0.21919977673554097, 'hidden_continuous_size': 11, 'attention_head_size': 4, 'learning_rate': 0.0935065726201111}. Best is trial 0 with value: 250.00054931640625.
[I 2023-12-26 11:48:43,321] Trial 7 finished with value: 718.906494140625 and parameters: {'gradient_clip_val': 0.3364477244829019, 'hidden_size': 6, 'dropout': 0.433114648367081, 'hidden_continuous_size': 5, 'attention_head_size': 3, 'learning_rate': 0.006210399218863237}. Best is trial 0 with value: 250.00054931640625.
[I 2023-12-26 11:48:49,142] Trial 8 finished with value: 1126.279296875 and parameters: {'gradient_clip_val': 0.16661097245886242, 'hidden_size': 61, 'dropout': 0.45873724134588656, 'hidden_continuous_size': 56, 'attention_head_size': 2, 'learning_rate': 0.0012536198329349884}. Best is trial 0 with value: 250.00054931640625.
[I 2023-12-26 11:48:53,432] Trial 9 finished with value: 871.8814086914062 and parameters: {'gradient_clip_val': 0.24682495360161066, 'hidden_size': 47, 'dropout': 0.1568663467970955, 'hidden_continuous_size': 9, 'attention_head_size': 2, 'learning_rate': 0.018316660239750756}. Best is trial 0 with value: 250.00054931640625.
[I 2023-12-26 11:48:56,100] Trial 10 finished with value: 862.3389282226562 and parameters: {'gradient_clip_val': 0.3713411231424699, 'hidden_size': 15, 'dropout': 0.38793136902292463, 'hidden_continuous_size': 5, 'attention_head_size': 3, 'learning_rate': 0.010591007930942946}. Best is trial 0 with value: 250.00054931640625.
[I 2023-12-26 11:48:58,242] Trial 11 finished with value: 996.0333862304688 and parameters: {'gradient_clip_val': 0.33015866805455685, 'hidden_size': 5, 'dropout': 0.47214536427610504, 'hidden_continuous_size': 5, 'attention_head_size': 3, 'learning_rate': 0.005086020348872028}. Best is trial 0 with value: 250.00054931640625.
[I 2023-12-26 11:49:00,439] Trial 12 finished with value: 1126.5811767578125 and parameters: {'gradient_clip_val': 0.44078884531225004, 'hidden_size': 5, 'dropout': 0.3880901230941542, 'hidden_continuous_size': 5, 'attention_head_size': 3, 'learning_rate': 0.00580157292015744}. Best is trial 0 with value: 250.00054931640625.
[I 2023-12-26 11:49:02,939] Trial 13 finished with value: 1170.3157958984375 and parameters: {'gradient_clip_val': 0.24486395437290429, 'hidden_size': 9, 'dropout': 0.49478063882099804, 'hidden_continuous_size': 6, 'attention_head_size': 4, 'learning_rate': 0.013189053000855523}. Best is trial 0 with value: 250.00054931640625.
[I 2023-12-26 11:49:05,662] Trial 14 finished with value: 1076.997314453125 and parameters: {'gradient_clip_val': 0.5126291056197535, 'hidden_size': 18, 'dropout': 0.4050082283619132, 'hidden_continuous_size': 6, 'attention_head_size': 3, 'learning_rate': 0.003698828952694216}. Best is trial 0 with value: 250.00054931640625.
[I 2023-12-26 11:49:08,022] Trial 15 finished with value: 995.25244140625 and parameters: {'gradient_clip_val': 0.29601676961802154, 'hidden_size': 9, 'dropout': 0.35148581195707457, 'hidden_continuous_size': 5, 'attention_head_size': 1, 'learning_rate': 0.008752049546788673}. Best is trial 0 with value: 250.00054931640625.
[I 2023-12-26 11:49:10,450] Trial 16 finished with value: 742.6704711914062 and parameters: {'gradient_clip_val': 0.18092554196166857, 'hidden_size': 7, 'dropout': 0.43389614576446245, 'hidden_continuous_size': 5, 'attention_head_size': 3, 'learning_rate': 0.023755112268913078}. Best is trial 0 with value: 250.00054931640625.
[I 2023-12-26 11:49:13,452] Trial 17 finished with value: 995.7758178710938 and parameters: {'gradient_clip_val': 0.23066330238570723, 'hidden_size': 21, 'dropout': 0.34748082307490596, 'hidden_continuous_size': 7, 'attention_head_size': 4, 'learning_rate': 0.0027525114598425625}. Best is trial 0 with value: 250.00054931640625.
[I 2023-12-26 11:49:25,241] Trial 18 finished with value: 850.1357421875 and parameters: {'gradient_clip_val': 0.54241491550008, 'hidden_size': 148, 'dropout': 0.44344474699540054, 'hidden_continuous_size': 13, 'attention_head_size': 3, 'learning_rate': 0.008160761696122261}. Best is trial 0 with value: 250.00054931640625.
[I 2023-12-26 11:49:27,778] Trial 19 finished with value: 934.6924438476562 and parameters: {'gradient_clip_val': 0.2880765470459937, 'hidden_size': 11, 'dropout': 0.4968245324856385, 'hidden_continuous_size': 6, 'attention_head_size': 4, 'learning_rate': 0.03336224276192255}. Best is trial 0 with value: 250.00054931640625.
[I 2023-12-26 11:49:30,169] Trial 20 finished with value: 822.8478393554688 and parameters: {'gradient_clip_val': 0.3687396248049425, 'hidden_size': 8, 'dropout': 0.32711677690908686, 'hidden_continuous_size': 5, 'attention_head_size': 3, 'learning_rate': 0.014256977496511223}. Best is trial 0 with value: 250.00054931640625.
[I 2023-12-26 11:49:32,540] Trial 21 finished with value: 1122.2420654296875 and parameters: {'gradient_clip_val': 0.20559317189639983, 'hidden_size': 7, 'dropout': 0.42618451472560726, 'hidden_continuous_size': 5, 'attention_head_size': 3, 'learning_rate': 0.023964496922761612}. Best is trial 0 with value: 250.00054931640625.
[I 2023-12-26 11:49:34,941] Trial 22 finished with value: 796.5316772460938 and parameters: {'gradient_clip_val': 0.1558100748337855, 'hidden_size': 7, 'dropout': 0.4186355906639679, 'hidden_continuous_size': 5, 'attention_head_size': 3, 'learning_rate': 0.02113409526113595}. Best is trial 0 with value: 250.00054931640625.
[I 2023-12-26 11:49:37,146] Trial 23 finished with value: 1076.5528564453125 and parameters: {'gradient_clip_val': 0.14998146884261726, 'hidden_size': 5, 'dropout': 0.379403951914916, 'hidden_continuous_size': 5, 'attention_head_size': 3, 'learning_rate': 0.006810012290021135}. Best is trial 0 with value: 250.00054931640625.
[I 2023-12-26 11:49:39,715] Trial 24 finished with value: 996.8645629882812 and parameters: {'gradient_clip_val': 0.18776714803395517, 'hidden_size': 14, 'dropout': 0.43479462232620847, 'hidden_continuous_size': 6, 'attention_head_size': 2, 'learning_rate': 0.011178825333139403}. Best is trial 0 with value: 250.00054931640625.
[I 2023-12-26 11:49:42,102] Trial 25 finished with value: 1010.5701293945312 and parameters: {'gradient_clip_val': 0.10205822445340393, 'hidden_size': 7, 'dropout': 0.3140488102301116, 'hidden_continuous_size': 5, 'attention_head_size': 3, 'learning_rate': 0.0387603030485981}. Best is trial 0 with value: 250.00054931640625.
[I 2023-12-26 11:49:44,649] Trial 26 finished with value: 1142.4107666015625 and parameters: {'gradient_clip_val': 0.21551444768265668, 'hidden_size': 10, 'dropout': 0.3677958818859024, 'hidden_continuous_size': 6, 'attention_head_size': 4, 'learning_rate': 0.01565695689209399}. Best is trial 0 with value: 250.00054931640625.
[I 2023-12-26 11:49:46,991] Trial 27 finished with value: 819.4583129882812 and parameters: {'gradient_clip_val': 0.13707552979823517, 'hidden_size': 6, 'dropout': 0.4106402051166909, 'hidden_continuous_size': 5, 'attention_head_size': 3, 'learning_rate': 0.023349061383339267}. Best is trial 0 with value: 250.00054931640625.
[I 2023-12-26 11:49:49,480] Trial 28 finished with value: 941.7365112304688 and parameters: {'gradient_clip_val': 0.18355711499754382, 'hidden_size': 11, 'dropout': 0.4548854862399865, 'hidden_continuous_size': 6, 'attention_head_size': 2, 'learning_rate': 0.009917685409656095}. Best is trial 0 with value: 250.00054931640625.
[I 2023-12-26 11:49:52,089] Trial 29 finished with value: 1311.8818359375 and parameters: {'gradient_clip_val': 0.17030602311873488, 'hidden_size': 14, 'dropout': 0.30185675633874964, 'hidden_continuous_size': 7, 'attention_head_size': 2, 'learning_rate': 0.00471342199237323}. Best is trial 0 with value: 250.00054931640625.
[I 2023-12-26 11:49:54,925] Trial 30 finished with value: 1378.8173828125 and parameters: {'gradient_clip_val': 0.2575587833716622, 'hidden_size': 6, 'dropout': 0.36713833176713184, 'hidden_continuous_size': 5, 'attention_head_size': 4, 'learning_rate': 0.00708705825299953}. Best is trial 0 with value: 250.00054931640625.
[I 2023-12-26 11:49:57,255] Trial 31 finished with value: 1065.361572265625 and parameters: {'gradient_clip_val': 0.1548282184159238, 'hidden_size': 8, 'dropout': 0.4131482268611023, 'hidden_continuous_size': 5, 'attention_head_size': 3, 'learning_rate': 0.018819154827206544}. Best is trial 0 with value: 250.00054931640625.
[I 2023-12-26 11:49:59,666] Trial 32 finished with value: 855.428466796875 and parameters: {'gradient_clip_val': 0.20945621947408138, 'hidden_size': 7, 'dropout': 0.4153980360916323, 'hidden_continuous_size': 5, 'attention_head_size': 3, 'learning_rate': 0.0006075475779343105}. Best is trial 0 with value: 250.00054931640625.
[I 2023-12-26 11:50:02,001] Trial 33 finished with value: 1018.48046875 and parameters: {'gradient_clip_val': 0.1929313043917234, 'hidden_size': 6, 'dropout': 0.4393853656747726, 'hidden_continuous_size': 5, 'attention_head_size': 3, 'learning_rate': 0.04888953839195942}. Best is trial 0 with value: 250.00054931640625.
[I 2023-12-26 11:50:04,469] Trial 34 finished with value: 1244.9486083984375 and parameters: {'gradient_clip_val': 0.15198591752831545, 'hidden_size': 9, 'dropout': 0.4673681805109571, 'hidden_continuous_size': 6, 'attention_head_size': 3, 'learning_rate': 0.023619266330464735}. Best is trial 0 with value: 250.00054931640625.
[I 2023-12-26 11:50:06,940] Trial 35 finished with value: 1140.734375 and parameters: {'gradient_clip_val': 0.12601968755369933, 'hidden_size': 12, 'dropout': 0.38995055080718277, 'hidden_continuous_size': 6, 'attention_head_size': 1, 'learning_rate': 0.014112939671186066}. Best is trial 0 with value: 250.00054931640625.
[I 2023-12-26 11:50:09,999] Trial 36 finished with value: 1048.6597900390625 and parameters: {'gradient_clip_val': 0.11240568303350994, 'hidden_size': 25, 'dropout': 0.27477579752819214, 'hidden_continuous_size': 7, 'attention_head_size': 3, 'learning_rate': 0.04986361340478293}. Best is trial 0 with value: 250.00054931640625.
[I 2023-12-26 11:50:12,172] Trial 37 finished with value: 969.521484375 and parameters: {'gradient_clip_val': 0.17711510198684516, 'hidden_size': 5, 'dropout': 0.34113919945028764, 'hidden_continuous_size': 5, 'attention_head_size': 2, 'learning_rate': 0.030124161458607475}. Best is trial 0 with value: 250.00054931640625.
[I 2023-12-26 11:50:14,572] Trial 38 finished with value: 940.8585815429688 and parameters: {'gradient_clip_val': 0.2681986282782785, 'hidden_size': 8, 'dropout': 0.43548761492229304, 'hidden_continuous_size': 5, 'attention_head_size': 4, 'learning_rate': 0.017711893288470705}. Best is trial 0 with value: 250.00054931640625.
[I 2023-12-26 11:50:16,900] Trial 39 finished with value: 799.00146484375 and parameters: {'gradient_clip_val': 0.22351631813556097, 'hidden_size': 6, 'dropout': 0.2555374960196677, 'hidden_continuous_size': 5, 'attention_head_size': 3, 'learning_rate': 0.010942882059065897}. Best is trial 0 with value: 250.00054931640625.
[I 2023-12-26 11:50:19,463] Trial 40 finished with value: 1237.8270263671875 and parameters: {'gradient_clip_val': 0.1365040641964477, 'hidden_size': 12, 'dropout': 0.47779262454042787, 'hidden_continuous_size': 8, 'attention_head_size': 2, 'learning_rate': 0.06520863996926658}. Best is trial 0 with value: 250.00054931640625.
[I 2023-12-26 11:50:21,808] Trial 41 finished with value: 899.7385864257812 and parameters: {'gradient_clip_val': 0.2218157916209457, 'hidden_size': 6, 'dropout': 0.29116058827817926, 'hidden_continuous_size': 5, 'attention_head_size': 3, 'learning_rate': 0.011545273453889985}. Best is trial 0 with value: 250.00054931640625.
[I 2023-12-26 11:50:24,476] Trial 42 finished with value: 1155.13134765625 and parameters: {'gradient_clip_val': 0.233597932582886, 'hidden_size': 7, 'dropout': 0.23501562349085545, 'hidden_continuous_size': 5, 'attention_head_size': 3, 'learning_rate': 0.011827285343042544}. Best is trial 0 with value: 250.00054931640625.
[I 2023-12-26 11:50:26,970] Trial 43 finished with value: 924.0264282226562 and parameters: {'gradient_clip_val': 0.1956353737005915, 'hidden_size': 10, 'dropout': 0.2599690085138309, 'hidden_continuous_size': 6, 'attention_head_size': 3, 'learning_rate': 0.008762877281872557}. Best is trial 0 with value: 250.00054931640625.
