[I 2023-12-16 09:24:06,962] Trial 21 finished with value: 84.3436508178711 and parameters: {'gradient_clip_val': 0.10842655603851042, 'hidden_size': 23, 'dropout': 0.24417240430186454, 'hidden_continuous_size': 8, 'attention_head_size': 2, 'learning_rate': 0.001869149247210476}. Best is trial 6 with value: 26.95823860168457.
LOCAL_RANK: 0 - CUDA_VISIBLE_DEVICES: [0]
[I 2023-12-16 09:24:55,821] Trial 22 finished with value: 26.520849227905273 and parameters: {'gradient_clip_val': 0.130292705416972, 'hidden_size': 22, 'dropout': 0.26728490466924437, 'hidden_continuous_size': 8, 'attention_head_size': 1, 'learning_rate': 0.003095589807747377}. Best is trial 22 with value: 26.520849227905273.
LOCAL_RANK: 0 - CUDA_VISIBLE_DEVICES: [0]
[I 2023-12-16 09:25:47,033] Trial 23 finished with value: 65.92485809326172 and parameters: {'gradient_clip_val': 0.13846170491631085, 'hidden_size': 37, 'dropout': 0.30794960825919976, 'hidden_continuous_size': 12, 'attention_head_size': 1, 'learning_rate': 0.003809127193929528}. Best is trial 22 with value: 26.520849227905273.
LOCAL_RANK: 0 - CUDA_VISIBLE_DEVICES: [0]
[I 2023-12-16 09:26:34,160] Trial 24 finished with value: 45.77626419067383 and parameters: {'gradient_clip_val': 0.12602054601643056, 'hidden_size': 20, 'dropout': 0.23805754206090549, 'hidden_continuous_size': 8, 'attention_head_size': 1, 'learning_rate': 0.0013454834376585255}. Best is trial 22 with value: 26.520849227905273.
LOCAL_RANK: 0 - CUDA_VISIBLE_DEVICES: [0]
[I 2023-12-16 09:27:22,958] Trial 25 finished with value: 66.72681427001953 and parameters: {'gradient_clip_val': 0.10067532620416948, 'hidden_size': 24, 'dropout': 0.27601353643939275, 'hidden_continuous_size': 9, 'attention_head_size': 3, 'learning_rate': 0.0008811371994701569}. Best is trial 22 with value: 26.520849227905273.
LOCAL_RANK: 0 - CUDA_VISIBLE_DEVICES: [0]
[I 2023-12-16 09:28:11,437] Trial 26 finished with value: 27.510894775390625 and parameters: {'gradient_clip_val': 0.15998212385505245, 'hidden_size': 17, 'dropout': 0.21494656979498444, 'hidden_continuous_size': 8, 'attention_head_size': 4, 'learning_rate': 0.005050631126722843}. Best is trial 22 with value: 26.520849227905273.
LOCAL_RANK: 0 - CUDA_VISIBLE_DEVICES: [0]
[I 2023-12-16 09:28:58,315] Trial 27 finished with value: 28.25559425354004 and parameters: {'gradient_clip_val': 0.15104969339441138, 'hidden_size': 16, 'dropout': 0.22093840573178933, 'hidden_continuous_size': 7, 'attention_head_size': 4, 'learning_rate': 0.004405824231336738}. Best is trial 22 with value: 26.520849227905273.
LOCAL_RANK: 0 - CUDA_VISIBLE_DEVICES: [0]
[I 2023-12-16 09:29:45,242] Trial 28 finished with value: 52.82023239135742 and parameters: {'gradient_clip_val': 0.16187695525080967, 'hidden_size': 11, 'dropout': 0.32423718889094755, 'hidden_continuous_size': 6, 'attention_head_size': 4, 'learning_rate': 0.005702516573690769}. Best is trial 22 with value: 26.520849227905273.
LOCAL_RANK: 0 - CUDA_VISIBLE_DEVICES: [0]
[I 2023-12-16 09:30:22,646] Trial 29 finished with value: 54.250179290771484 and parameters: {'gradient_clip_val': 0.17579142774093592, 'hidden_size': 5, 'dropout': 0.18279859741303972, 'hidden_continuous_size': 5, 'attention_head_size': 4, 'learning_rate': 0.0028937991705156128}. Best is trial 22 with value: 26.520849227905273.
LOCAL_RANK: 0 - CUDA_VISIBLE_DEVICES: [0]
[I 2023-12-16 09:31:10,689] Trial 30 finished with value: 46.8436279296875 and parameters: {'gradient_clip_val': 0.1945401942889532, 'hidden_size': 19, 'dropout': 0.22508552373592383, 'hidden_continuous_size': 9, 'attention_head_size': 1, 'learning_rate': 0.001870313350796352}. Best is trial 22 with value: 26.520849227905273.
LOCAL_RANK: 0 - CUDA_VISIBLE_DEVICES: [0]
[I 2023-12-16 09:31:58,281] Trial 31 finished with value: 46.62528991699219 and parameters: {'gradient_clip_val': 0.161688617231126, 'hidden_size': 15, 'dropout': 0.21810095989858616, 'hidden_continuous_size': 7, 'attention_head_size': 4, 'learning_rate': 0.004317904229112206}. Best is trial 22 with value: 26.520849227905273.
LOCAL_RANK: 0 - CUDA_VISIBLE_DEVICES: [0]
[I 2023-12-16 09:32:44,340] Trial 32 finished with value: 101.89875030517578 and parameters: {'gradient_clip_val': 0.13094828490621938, 'hidden_size': 16, 'dropout': 0.2011933283163344, 'hidden_continuous_size': 7, 'attention_head_size': 4, 'learning_rate': 0.004920085016926042}. Best is trial 22 with value: 26.520849227905273.
LOCAL_RANK: 0 - CUDA_VISIBLE_DEVICES: [0]
[I 2023-12-16 09:33:31,891] Trial 33 finished with value: 20.931066513061523 and parameters: {'gradient_clip_val': 0.14996493489196336, 'hidden_size': 13, 'dropout': 0.22429224839301642, 'hidden_continuous_size': 7, 'attention_head_size': 4, 'learning_rate': 0.0034980557464757036}. Best is trial 33 with value: 20.931066513061523.
LOCAL_RANK: 0 - CUDA_VISIBLE_DEVICES: [0]
[I 2023-12-16 09:34:17,802] Trial 34 finished with value: 33.2354736328125 and parameters: {'gradient_clip_val': 0.11979725592887827, 'hidden_size': 12, 'dropout': 0.2703514612066227, 'hidden_continuous_size': 8, 'attention_head_size': 4, 'learning_rate': 0.002940583607537009}. Best is trial 33 with value: 20.931066513061523.
LOCAL_RANK: 0 - CUDA_VISIBLE_DEVICES: [0]
[I 2023-12-16 09:35:04,882] Trial 35 finished with value: 36.66419219970703 and parameters: {'gradient_clip_val': 0.1454270755076369, 'hidden_size': 9, 'dropout': 0.17540059714862052, 'hidden_continuous_size': 7, 'attention_head_size': 4, 'learning_rate': 0.007430477336251728}. Best is trial 33 with value: 20.931066513061523.
LOCAL_RANK: 0 - CUDA_VISIBLE_DEVICES: [0]
[I 2023-12-16 09:35:49,914] Trial 36 finished with value: 91.19693756103516 and parameters: {'gradient_clip_val': 0.1945232489158447, 'hidden_size': 12, 'dropout': 0.23644785838135485, 'hidden_continuous_size': 8, 'attention_head_size': 1, 'learning_rate': 0.00995642802285792}. Best is trial 33 with value: 20.931066513061523.
LOCAL_RANK: 0 - CUDA_VISIBLE_DEVICES: [0]
[I 2023-12-16 09:36:39,606] Trial 37 finished with value: 45.63008499145508 and parameters: {'gradient_clip_val': 0.1270084683299834, 'hidden_size': 21, 'dropout': 0.15853090670184825, 'hidden_continuous_size': 9, 'attention_head_size': 4, 'learning_rate': 0.0032742086245971464}. Best is trial 33 with value: 20.931066513061523.
LOCAL_RANK: 0 - CUDA_VISIBLE_DEVICES: [0]
[I 2023-12-16 09:37:26,535] Trial 38 finished with value: 36.49507141113281 and parameters: {'gradient_clip_val': 0.14941943907950708, 'hidden_size': 14, 'dropout': 0.2950454382435069, 'hidden_continuous_size': 6, 'attention_head_size': 3, 'learning_rate': 0.001672919501327979}. Best is trial 33 with value: 20.931066513061523.
LOCAL_RANK: 0 - CUDA_VISIBLE_DEVICES: [0]
[I 2023-12-16 09:38:13,564] Trial 39 finished with value: 73.27960205078125 and parameters: {'gradient_clip_val': 0.21465451391590018, 'hidden_size': 7, 'dropout': 0.1921482536753273, 'hidden_continuous_size': 5, 'attention_head_size': 4, 'learning_rate': 0.005805508710083338}. Best is trial 33 with value: 20.931066513061523.
LOCAL_RANK: 0 - CUDA_VISIBLE_DEVICES: [0]
[I 2023-12-16 09:39:03,358] Trial 40 finished with value: 88.591064453125 and parameters: {'gradient_clip_val': 0.26086635974289146, 'hidden_size': 19, 'dropout': 0.20376211265552868, 'hidden_continuous_size': 10, 'attention_head_size': 3, 'learning_rate': 0.0023164866177748274}. Best is trial 33 with value: 20.931066513061523.
LOCAL_RANK: 0 - CUDA_VISIBLE_DEVICES: [0]
[I 2023-12-16 09:39:51,054] Trial 41 finished with value: 43.01639175415039 and parameters: {'gradient_clip_val': 0.15795092261334007, 'hidden_size': 13, 'dropout': 0.2162533356494867, 'hidden_continuous_size': 7, 'attention_head_size': 4, 'learning_rate': 0.004806466049104626}. Best is trial 33 with value: 20.931066513061523.
LOCAL_RANK: 0 - CUDA_VISIBLE_DEVICES: [0]
[I 2023-12-16 09:40:39,075] Trial 42 finished with value: 55.92408752441406 and parameters: {'gradient_clip_val': 0.14264981112790426, 'hidden_size': 17, 'dropout': 0.23205923937507572, 'hidden_continuous_size': 8, 'attention_head_size': 4, 'learning_rate': 0.004081857624990992}. Best is trial 33 with value: 20.931066513061523.
LOCAL_RANK: 0 - CUDA_VISIBLE_DEVICES: [0]
[I 2023-12-16 09:41:25,691] Trial 43 finished with value: 41.9730110168457 and parameters: {'gradient_clip_val': 0.18212311557818694, 'hidden_size': 16, 'dropout': 0.20688105677737204, 'hidden_continuous_size': 7, 'attention_head_size': 4, 'learning_rate': 0.0025832117896214977}. Best is trial 33 with value: 20.931066513061523.
LOCAL_RANK: 0 - CUDA_VISIBLE_DEVICES: [0]
[I 2023-12-16 09:42:15,847] Trial 44 finished with value: 102.94491577148438 and parameters: {'gradient_clip_val': 0.12694477079435615, 'hidden_size': 22, 'dropout': 0.2586894176566713, 'hidden_continuous_size': 9, 'attention_head_size': 4, 'learning_rate': 0.009084179302826262}. Best is trial 33 with value: 20.931066513061523.
LOCAL_RANK: 0 - CUDA_VISIBLE_DEVICES: [0]
[I 2023-12-16 09:43:06,360] Trial 45 finished with value: 37.60626983642578 and parameters: {'gradient_clip_val': 0.15635632417793746, 'hidden_size': 29, 'dropout': 0.21517953579013313, 'hidden_continuous_size': 11, 'attention_head_size': 4, 'learning_rate': 0.012974949406092562}. Best is trial 33 with value: 20.931066513061523.
LOCAL_RANK: 0 - CUDA_VISIBLE_DEVICES: [0]
[I 2023-12-16 09:43:53,368] Trial 46 finished with value: 70.59980773925781 and parameters: {'gradient_clip_val': 0.208058131727722, 'hidden_size': 17, 'dropout': 0.19018551476899104, 'hidden_continuous_size': 6, 'attention_head_size': 2, 'learning_rate': 0.0032474296308428233}. Best is trial 33 with value: 20.931066513061523.
LOCAL_RANK: 0 - CUDA_VISIBLE_DEVICES: [0]
[I 2023-12-16 09:44:40,883] Trial 47 finished with value: 81.80126953125 and parameters: {'gradient_clip_val': 0.17206217265704576, 'hidden_size': 14, 'dropout': 0.23158556895690588, 'hidden_continuous_size': 7, 'attention_head_size': 4, 'learning_rate': 0.002119319765904756}. Best is trial 33 with value: 20.931066513061523.
LOCAL_RANK: 0 - CUDA_VISIBLE_DEVICES: [0]
[I 2023-12-16 09:45:30,280] Trial 48 finished with value: 51.67973709106445 and parameters: {'gradient_clip_val': 0.11911277416123879, 'hidden_size': 21, 'dropout': 0.16344621079279828, 'hidden_continuous_size': 9, 'attention_head_size': 3, 'learning_rate': 0.0069556698630424746}. Best is trial 33 with value: 20.931066513061523.
LOCAL_RANK: 0 - CUDA_VISIBLE_DEVICES: [0]
[I 2023-12-16 09:46:17,477] Trial 49 finished with value: 91.09725189208984 and parameters: {'gradient_clip_val': 0.23544360451037752, 'hidden_size': 13, 'dropout': 0.24973278794483028, 'hidden_continuous_size': 7, 'attention_head_size': 4, 'learning_rate': 0.0027667725607739423}. Best is trial 33 with value: 20.931066513061523.
[I 2023-12-16 09:46:17,572] A new study created in memory with name: no-name-d0db7aad-b5f4-4852-a7ee-7f8f398a4da9
/home/le004/conda/anaconda3/envs/tsff_env/lib/python3.9/site-packages/lightning/fabric/plugins/environments/slurm.py:191: The `srun` command is available on your system but is not used. HINT: If your intention is to run Lightning on SLURM, prepend your python command with `srun` like so: srun python /home/le004/master_thesis/git/TSFusionForecast/code/ ...
LOCAL_RANK: 0 - CUDA_VISIBLE_DEVICES: [0]
[I 2023-12-16 09:47:05,334] Trial 0 finished with value: 325.3891906738281 and parameters: {'gradient_clip_val': 0.5468006275849849, 'hidden_size': 19, 'dropout': 0.24220241308411264, 'hidden_continuous_size': 6, 'attention_head_size': 2, 'learning_rate': 0.000693707127909989}. Best is trial 0 with value: 325.3891906738281.
LOCAL_RANK: 0 - CUDA_VISIBLE_DEVICES: [0]
[I 2023-12-16 09:47:52,402] Trial 1 finished with value: 222.1658477783203 and parameters: {'gradient_clip_val': 0.40732384878336825, 'hidden_size': 9, 'dropout': 0.24499651434065808, 'hidden_continuous_size': 5, 'attention_head_size': 3, 'learning_rate': 0.0013799727180751082}. Best is trial 1 with value: 222.1658477783203.
LOCAL_RANK: 0 - CUDA_VISIBLE_DEVICES: [0]
[I 2023-12-16 09:48:29,330] Trial 2 finished with value: 331.0537414550781 and parameters: {'gradient_clip_val': 0.21980072620639007, 'hidden_size': 5, 'dropout': 0.13151288876242845, 'hidden_continuous_size': 5, 'attention_head_size': 2, 'learning_rate': 0.021063173716083673}. Best is trial 1 with value: 222.1658477783203.
LOCAL_RANK: 0 - CUDA_VISIBLE_DEVICES: [0]
[I 2023-12-16 09:49:15,938] Trial 3 finished with value: 113.6813735961914 and parameters: {'gradient_clip_val': 0.12602704301043946, 'hidden_size': 14, 'dropout': 0.11111516004276732, 'hidden_continuous_size': 8, 'attention_head_size': 1, 'learning_rate': 0.0025503996893764796}. Best is trial 3 with value: 113.6813735961914.
LOCAL_RANK: 0 - CUDA_VISIBLE_DEVICES: [0]
[I 2023-12-16 09:50:09,971] Trial 4 finished with value: 172.203369140625 and parameters: {'gradient_clip_val': 0.3575035210605352, 'hidden_size': 45, 'dropout': 0.22758563951433838, 'hidden_continuous_size': 23, 'attention_head_size': 3, 'learning_rate': 0.000842122936825215}. Best is trial 3 with value: 113.6813735961914.
LOCAL_RANK: 0 - CUDA_VISIBLE_DEVICES: [0]
[I 2023-12-16 09:51:02,915] Trial 5 finished with value: 581.5733032226562 and parameters: {'gradient_clip_val': 0.9383235241693835, 'hidden_size': 40, 'dropout': 0.16119586101422498, 'hidden_continuous_size': 18, 'attention_head_size': 4, 'learning_rate': 0.016250571500729727}. Best is trial 3 with value: 113.6813735961914.
LOCAL_RANK: 0 - CUDA_VISIBLE_DEVICES: [0]
[I 2023-12-16 09:51:51,300] Trial 6 finished with value: 68.05831146240234 and parameters: {'gradient_clip_val': 0.1551545291333373, 'hidden_size': 20, 'dropout': 0.20761924955459615, 'hidden_continuous_size': 9, 'attention_head_size': 4, 'learning_rate': 0.002519124057372699}. Best is trial 6 with value: 68.05831146240234.
LOCAL_RANK: 0 - CUDA_VISIBLE_DEVICES: [0]
[I 2023-12-16 09:52:38,322] Trial 7 finished with value: 399.8655700683594 and parameters: {'gradient_clip_val': 0.3881484512860573, 'hidden_size': 13, 'dropout': 0.33732838876693094, 'hidden_continuous_size': 8, 'attention_head_size': 3, 'learning_rate': 0.02335768294001078}. Best is trial 6 with value: 68.05831146240234.
LOCAL_RANK: 0 - CUDA_VISIBLE_DEVICES: [0]
[I 2023-12-16 09:53:28,809] Trial 8 finished with value: 110.97299194335938 and parameters: {'gradient_clip_val': 0.6001323920337635, 'hidden_size': 30, 'dropout': 0.30846031723045897, 'hidden_continuous_size': 8, 'attention_head_size': 2, 'learning_rate': 0.010790440700677209}. Best is trial 6 with value: 68.05831146240234.
LOCAL_RANK: 0 - CUDA_VISIBLE_DEVICES: [0]
[I 2023-12-16 09:54:22,002] Trial 9 finished with value: 174.32421875 and parameters: {'gradient_clip_val': 0.7592894250866862, 'hidden_size': 47, 'dropout': 0.3496269853365901, 'hidden_continuous_size': 6, 'attention_head_size': 4, 'learning_rate': 0.004391479996140637}. Best is trial 6 with value: 68.05831146240234.
LOCAL_RANK: 0 - CUDA_VISIBLE_DEVICES: [0]
[I 2023-12-16 09:55:20,347] Trial 10 finished with value: 99.08161163330078 and parameters: {'gradient_clip_val': 0.11120293492780285, 'hidden_size': 85, 'dropout': 0.1926838696925424, 'hidden_continuous_size': 73, 'attention_head_size': 4, 'learning_rate': 0.08143685144161367}. Best is trial 6 with value: 68.05831146240234.
LOCAL_RANK: 0 - CUDA_VISIBLE_DEVICES: [0]
[I 2023-12-16 09:56:17,889] Trial 11 finished with value: 143.7885284423828 and parameters: {'gradient_clip_val': 0.10143186780550381, 'hidden_size': 88, 'dropout': 0.18995425582005238, 'hidden_continuous_size': 76, 'attention_head_size': 4, 'learning_rate': 0.06436961776071223}. Best is trial 6 with value: 68.05831146240234.
LOCAL_RANK: 0 - CUDA_VISIBLE_DEVICES: [0]
[I 2023-12-16 09:57:16,972] Trial 12 finished with value: 322.90289306640625 and parameters: {'gradient_clip_val': 0.17979273161540182, 'hidden_size': 97, 'dropout': 0.19004070075739565, 'hidden_continuous_size': 85, 'attention_head_size': 4, 'learning_rate': 0.06231058328327975}. Best is trial 6 with value: 68.05831146240234.
LOCAL_RANK: 0 - CUDA_VISIBLE_DEVICES: [0]
[I 2023-12-16 09:58:07,241] Trial 13 finished with value: 450.984130859375 and parameters: {'gradient_clip_val': 0.15409265296611266, 'hidden_size': 25, 'dropout': 0.3913476193818073, 'hidden_continuous_size': 12, 'attention_head_size': 4, 'learning_rate': 0.004980067251619327}. Best is trial 6 with value: 68.05831146240234.
LOCAL_RANK: 0 - CUDA_VISIBLE_DEVICES: [0]
[I 2023-12-16 09:59:01,895] Trial 14 finished with value: 138.41419982910156 and parameters: {'gradient_clip_val': 0.23294202123374239, 'hidden_size': 57, 'dropout': 0.2801876619567315, 'hidden_continuous_size': 36, 'attention_head_size': 3, 'learning_rate': 0.08584067137916743}. Best is trial 6 with value: 68.05831146240234.
LOCAL_RANK: 0 - CUDA_VISIBLE_DEVICES: [0]
[I 2023-12-16 09:59:51,448] Trial 15 finished with value: 262.8310241699219 and parameters: {'gradient_clip_val': 0.10305396482512402, 'hidden_size': 26, 'dropout': 0.20289657372386125, 'hidden_continuous_size': 11, 'attention_head_size': 1, 'learning_rate': 0.002854414359577679}. Best is trial 6 with value: 68.05831146240234.
LOCAL_RANK: 0 - CUDA_VISIBLE_DEVICES: [0]
[I 2023-12-16 10:00:48,139] Trial 16 finished with value: 534.0725708007812 and parameters: {'gradient_clip_val': 0.15488824317484826, 'hidden_size': 71, 'dropout': 0.15439007738379334, 'hidden_continuous_size': 47, 'attention_head_size': 4, 'learning_rate': 0.00851505539087519}. Best is trial 6 with value: 68.05831146240234.
LOCAL_RANK: 0 - CUDA_VISIBLE_DEVICES: [0]
[I 2023-12-16 10:01:40,443] Trial 17 finished with value: 275.39776611328125 and parameters: {'gradient_clip_val': 0.25244117116367304, 'hidden_size': 35, 'dropout': 0.26894658096971286, 'hidden_continuous_size': 16, 'attention_head_size': 3, 'learning_rate': 0.03547906031951093}. Best is trial 6 with value: 68.05831146240234.
LOCAL_RANK: 0 - CUDA_VISIBLE_DEVICES: [0]
[I 2023-12-16 10:02:34,291] Trial 18 finished with value: 369.3666076660156 and parameters: {'gradient_clip_val': 0.12526867565820227, 'hidden_size': 56, 'dropout': 0.21303029374863666, 'hidden_continuous_size': 24, 'attention_head_size': 4, 'learning_rate': 0.010803555019581428}. Best is trial 6 with value: 68.05831146240234.
LOCAL_RANK: 0 - CUDA_VISIBLE_DEVICES: [0]
[I 2023-12-16 10:03:23,566] Trial 19 finished with value: 234.493896484375 and parameters: {'gradient_clip_val': 0.18817441012944336, 'hidden_size': 19, 'dropout': 0.10150197500739683, 'hidden_continuous_size': 10, 'attention_head_size': 3, 'learning_rate': 0.033814903275343186}. Best is trial 6 with value: 68.05831146240234.
LOCAL_RANK: 0 - CUDA_VISIBLE_DEVICES: [0]
[I 2023-12-16 10:04:15,656] Trial 20 finished with value: 141.5225830078125 and parameters: {'gradient_clip_val': 0.2692497531639781, 'hidden_size': 35, 'dropout': 0.17085395615832194, 'hidden_continuous_size': 14, 'attention_head_size': 4, 'learning_rate': 0.006394705358097856}. Best is trial 6 with value: 68.05831146240234.
LOCAL_RANK: 0 - CUDA_VISIBLE_DEVICES: [0]
[I 2023-12-16 10:05:05,637] Trial 21 finished with value: 251.6806182861328 and parameters: {'gradient_clip_val': 0.5093485378300932, 'hidden_size': 30, 'dropout': 0.280601537851169, 'hidden_continuous_size': 9, 'attention_head_size': 2, 'learning_rate': 0.012365781764812142}. Best is trial 6 with value: 68.05831146240234.
LOCAL_RANK: 0 - CUDA_VISIBLE_DEVICES: [0]
[I 2023-12-16 10:05:58,103] Trial 22 finished with value: 102.12979888916016 and parameters: {'gradient_clip_val': 0.3225797036292587, 'hidden_size': 62, 'dropout': 0.2178224880520825, 'hidden_continuous_size': 7, 'attention_head_size': 2, 'learning_rate': 0.007631811839087257}. Best is trial 6 with value: 68.05831146240234.
LOCAL_RANK: 0 - CUDA_VISIBLE_DEVICES: [0]
[I 2023-12-16 10:06:51,889] Trial 23 finished with value: 309.74169921875 and parameters: {'gradient_clip_val': 0.34329977703468156, 'hidden_size': 73, 'dropout': 0.21708127687771958, 'hidden_continuous_size': 13, 'attention_head_size': 1, 'learning_rate': 0.0017859160243330644}. Best is trial 6 with value: 68.05831146240234.
LOCAL_RANK: 0 - CUDA_VISIBLE_DEVICES: [0]
[I 2023-12-16 10:07:44,973] Trial 24 finished with value: 343.4795837402344 and parameters: {'gradient_clip_val': 0.293720458019209, 'hidden_size': 73, 'dropout': 0.18573666968116312, 'hidden_continuous_size': 7, 'attention_head_size': 2, 'learning_rate': 0.004047190367817621}. Best is trial 6 with value: 68.05831146240234.
LOCAL_RANK: 0 - CUDA_VISIBLE_DEVICES: [0]
[I 2023-12-16 10:08:39,990] Trial 25 finished with value: 501.08447265625 and parameters: {'gradient_clip_val': 0.3014749942956692, 'hidden_size': 98, 'dropout': 0.22831036137095603, 'hidden_continuous_size': 10, 'attention_head_size': 3, 'learning_rate': 0.006956168131047499}. Best is trial 6 with value: 68.05831146240234.
LOCAL_RANK: 0 - CUDA_VISIBLE_DEVICES: [0]
[I 2023-12-16 10:09:33,656] Trial 26 finished with value: 352.3470764160156 and parameters: {'gradient_clip_val': 0.21286317230620183, 'hidden_size': 57, 'dropout': 0.2056876068000026, 'hidden_continuous_size': 11, 'attention_head_size': 2, 'learning_rate': 0.09591017178068344}. Best is trial 6 with value: 68.05831146240234.
LOCAL_RANK: 0 - CUDA_VISIBLE_DEVICES: [0]
[I 2023-12-16 10:10:25,598] Trial 27 finished with value: 83.54354858398438 and parameters: {'gradient_clip_val': 0.12224264573811505, 'hidden_size': 44, 'dropout': 0.2574525726410154, 'hidden_continuous_size': 15, 'attention_head_size': 1, 'learning_rate': 0.0005505628757602424}. Best is trial 6 with value: 68.05831146240234.
LOCAL_RANK: 0 - CUDA_VISIBLE_DEVICES: [0]
[I 2023-12-16 10:11:18,641] Trial 28 finished with value: 193.1959228515625 and parameters: {'gradient_clip_val': 0.12498706623081003, 'hidden_size': 47, 'dropout': 0.2605236810210299, 'hidden_continuous_size': 17, 'attention_head_size': 1, 'learning_rate': 0.000583753040421905}. Best is trial 6 with value: 68.05831146240234.
LOCAL_RANK: 0 - CUDA_VISIBLE_DEVICES: [0]
