[I 2023-12-15 23:47:46,570] Trial 32 finished with value: 82.7022476196289 and parameters: {'gradient_clip_val': 0.1450540496763686, 'hidden_size': 10, 'dropout': 0.3436434335051164, 'hidden_continuous_size': 7, 'attention_head_size': 1, 'learning_rate': 0.004515010340191535}. Best is trial 30 with value: 50.09894943237305.
LOCAL_RANK: 0 - CUDA_VISIBLE_DEVICES: [0]
[I 2023-12-15 23:48:32,642] Trial 33 finished with value: 109.42672729492188 and parameters: {'gradient_clip_val': 0.1719418118413743, 'hidden_size': 14, 'dropout': 0.3190500560906833, 'hidden_continuous_size': 9, 'attention_head_size': 2, 'learning_rate': 0.007588855348459848}. Best is trial 30 with value: 50.09894943237305.
LOCAL_RANK: 0 - CUDA_VISIBLE_DEVICES: [0]
[I 2023-12-15 23:49:19,661] Trial 34 finished with value: 67.44792938232422 and parameters: {'gradient_clip_val': 0.1314918095456006, 'hidden_size': 19, 'dropout': 0.375342538916829, 'hidden_continuous_size': 7, 'attention_head_size': 1, 'learning_rate': 0.002579377811844862}. Best is trial 30 with value: 50.09894943237305.
LOCAL_RANK: 0 - CUDA_VISIBLE_DEVICES: [0]
[I 2023-12-15 23:50:08,214] Trial 35 finished with value: 85.10006713867188 and parameters: {'gradient_clip_val': 0.13225443785710556, 'hidden_size': 23, 'dropout': 0.3975677661513526, 'hidden_continuous_size': 11, 'attention_head_size': 1, 'learning_rate': 0.009068811978483532}. Best is trial 30 with value: 50.09894943237305.
LOCAL_RANK: 0 - CUDA_VISIBLE_DEVICES: [0]
[I 2023-12-15 23:50:56,924] Trial 36 finished with value: 98.2723159790039 and parameters: {'gradient_clip_val': 0.11503017947044834, 'hidden_size': 26, 'dropout': 0.36865677277536896, 'hidden_continuous_size': 9, 'attention_head_size': 1, 'learning_rate': 0.004788276796284552}. Best is trial 30 with value: 50.09894943237305.
LOCAL_RANK: 0 - CUDA_VISIBLE_DEVICES: [0]
[I 2023-12-15 23:51:43,762] Trial 37 finished with value: 114.823974609375 and parameters: {'gradient_clip_val': 0.14945154624481213, 'hidden_size': 18, 'dropout': 0.37586756227378637, 'hidden_continuous_size': 8, 'attention_head_size': 1, 'learning_rate': 0.01589855082628626}. Best is trial 30 with value: 50.09894943237305.
LOCAL_RANK: 0 - CUDA_VISIBLE_DEVICES: [0]
[I 2023-12-15 23:52:31,297] Trial 38 finished with value: 112.54623413085938 and parameters: {'gradient_clip_val': 0.18975506588366836, 'hidden_size': 28, 'dropout': 0.3600198829998514, 'hidden_continuous_size': 14, 'attention_head_size': 1, 'learning_rate': 0.00966778620997276}. Best is trial 30 with value: 50.09894943237305.
LOCAL_RANK: 0 - CUDA_VISIBLE_DEVICES: [0]
[I 2023-12-15 23:53:23,478] Trial 39 finished with value: 90.84273529052734 and parameters: {'gradient_clip_val': 0.15265014459942375, 'hidden_size': 80, 'dropout': 0.38082089134177033, 'hidden_continuous_size': 13, 'attention_head_size': 1, 'learning_rate': 0.0017671517606106899}. Best is trial 30 with value: 50.09894943237305.
LOCAL_RANK: 0 - CUDA_VISIBLE_DEVICES: [0]
[I 2023-12-15 23:54:09,283] Trial 40 finished with value: 79.39080810546875 and parameters: {'gradient_clip_val': 0.1305495693642448, 'hidden_size': 13, 'dropout': 0.3034332904793001, 'hidden_continuous_size': 7, 'attention_head_size': 2, 'learning_rate': 0.0026037283205807113}. Best is trial 30 with value: 50.09894943237305.
LOCAL_RANK: 0 - CUDA_VISIBLE_DEVICES: [0]
[I 2023-12-15 23:54:53,628] Trial 41 finished with value: 74.5933609008789 and parameters: {'gradient_clip_val': 0.1804980705363431, 'hidden_size': 12, 'dropout': 0.34631894738293373, 'hidden_continuous_size': 7, 'attention_head_size': 2, 'learning_rate': 0.002715422955144371}. Best is trial 30 with value: 50.09894943237305.
LOCAL_RANK: 0 - CUDA_VISIBLE_DEVICES: [0]
[I 2023-12-15 23:55:39,777] Trial 42 finished with value: 82.32530975341797 and parameters: {'gradient_clip_val': 0.16578772792976024, 'hidden_size': 17, 'dropout': 0.3265251175023161, 'hidden_continuous_size': 6, 'attention_head_size': 2, 'learning_rate': 0.004167882785864172}. Best is trial 30 with value: 50.09894943237305.
LOCAL_RANK: 0 - CUDA_VISIBLE_DEVICES: [0]
[I 2023-12-15 23:56:24,922] Trial 43 finished with value: 72.5362319946289 and parameters: {'gradient_clip_val': 0.11403202613001358, 'hidden_size': 10, 'dropout': 0.31230184456124344, 'hidden_continuous_size': 7, 'attention_head_size': 1, 'learning_rate': 0.003051204289309805}. Best is trial 30 with value: 50.09894943237305.
LOCAL_RANK: 0 - CUDA_VISIBLE_DEVICES: [0]
[I 2023-12-15 23:57:09,067] Trial 44 finished with value: 100.57080841064453 and parameters: {'gradient_clip_val': 0.2037504727637293, 'hidden_size': 12, 'dropout': 0.3347171501788392, 'hidden_continuous_size': 6, 'attention_head_size': 2, 'learning_rate': 0.005475479532673024}. Best is trial 30 with value: 50.09894943237305.
LOCAL_RANK: 0 - CUDA_VISIBLE_DEVICES: [0]
[I 2023-12-15 23:57:55,074] Trial 45 finished with value: 87.31771850585938 and parameters: {'gradient_clip_val': 0.15889448206626727, 'hidden_size': 17, 'dropout': 0.3496293880855571, 'hidden_continuous_size': 8, 'attention_head_size': 1, 'learning_rate': 0.0014854599485827568}. Best is trial 30 with value: 50.09894943237305.
LOCAL_RANK: 0 - CUDA_VISIBLE_DEVICES: [0]
[I 2023-12-15 23:58:41,917] Trial 46 finished with value: 99.782470703125 and parameters: {'gradient_clip_val': 0.13797246162962884, 'hidden_size': 20, 'dropout': 0.3688013816526792, 'hidden_continuous_size': 8, 'attention_head_size': 2, 'learning_rate': 0.0035647788016626067}. Best is trial 30 with value: 50.09894943237305.
LOCAL_RANK: 0 - CUDA_VISIBLE_DEVICES: [0]
[I 2023-12-15 23:59:27,041] Trial 47 finished with value: 99.09744262695312 and parameters: {'gradient_clip_val': 0.1821855458268063, 'hidden_size': 11, 'dropout': 0.33341225293750565, 'hidden_continuous_size': 6, 'attention_head_size': 1, 'learning_rate': 0.008220345655899946}. Best is trial 30 with value: 50.09894943237305.
LOCAL_RANK: 0 - CUDA_VISIBLE_DEVICES: [0]
[I 2023-12-16 00:00:13,196] Trial 48 finished with value: 105.28324127197266 and parameters: {'gradient_clip_val': 0.163035694632692, 'hidden_size': 15, 'dropout': 0.38576350982562246, 'hidden_continuous_size': 7, 'attention_head_size': 3, 'learning_rate': 0.011243056468564421}. Best is trial 30 with value: 50.09894943237305.
LOCAL_RANK: 0 - CUDA_VISIBLE_DEVICES: [0]
[I 2023-12-16 00:00:58,022] Trial 49 finished with value: 90.3441162109375 and parameters: {'gradient_clip_val': 0.2306093680127735, 'hidden_size': 9, 'dropout': 0.3529895518411768, 'hidden_continuous_size': 6, 'attention_head_size': 1, 'learning_rate': 0.0022869001897201278}. Best is trial 30 with value: 50.09894943237305.
[I 2023-12-16 00:00:58,115] A new study created in memory with name: no-name-519e7cdd-9df3-43b8-a55f-2d8f87fba77a
/home/le004/conda/anaconda3/envs/tsff_env/lib/python3.9/site-packages/lightning/fabric/plugins/environments/slurm.py:191: The `srun` command is available on your system but is not used. HINT: If your intention is to run Lightning on SLURM, prepend your python command with `srun` like so: srun python /home/le004/master_thesis/git/TSFusionForecast/code/ ...
LOCAL_RANK: 0 - CUDA_VISIBLE_DEVICES: [0]
[I 2023-12-16 00:01:43,530] Trial 0 finished with value: 36.88026428222656 and parameters: {'gradient_clip_val': 0.563387211513513, 'hidden_size': 14, 'dropout': 0.3978703045296207, 'hidden_continuous_size': 7, 'attention_head_size': 1, 'learning_rate': 0.0010917440832010452}. Best is trial 0 with value: 36.88026428222656.
LOCAL_RANK: 0 - CUDA_VISIBLE_DEVICES: [0]
[I 2023-12-16 00:02:35,281] Trial 1 finished with value: 38.117591857910156 and parameters: {'gradient_clip_val': 0.1881960211722417, 'hidden_size': 51, 'dropout': 0.13697929409871046, 'hidden_continuous_size': 5, 'attention_head_size': 4, 'learning_rate': 0.0005327704514562839}. Best is trial 0 with value: 36.88026428222656.
LOCAL_RANK: 0 - CUDA_VISIBLE_DEVICES: [0]
[I 2023-12-16 00:03:11,238] Trial 2 finished with value: 76.5742416381836 and parameters: {'gradient_clip_val': 0.31509388029865654, 'hidden_size': 6, 'dropout': 0.324443829421159, 'hidden_continuous_size': 6, 'attention_head_size': 4, 'learning_rate': 0.002100046715651325}. Best is trial 0 with value: 36.88026428222656.
LOCAL_RANK: 0 - CUDA_VISIBLE_DEVICES: [0]
[I 2023-12-16 00:04:04,155] Trial 3 finished with value: 71.72441864013672 and parameters: {'gradient_clip_val': 0.7925639436916525, 'hidden_size': 49, 'dropout': 0.21747399092934597, 'hidden_continuous_size': 34, 'attention_head_size': 1, 'learning_rate': 0.015989172463142805}. Best is trial 0 with value: 36.88026428222656.
LOCAL_RANK: 0 - CUDA_VISIBLE_DEVICES: [0]
[I 2023-12-16 00:04:52,370] Trial 4 finished with value: 46.20793151855469 and parameters: {'gradient_clip_val': 0.1832886012530297, 'hidden_size': 17, 'dropout': 0.22167820201014343, 'hidden_continuous_size': 14, 'attention_head_size': 3, 'learning_rate': 0.003255648124106144}. Best is trial 0 with value: 36.88026428222656.
LOCAL_RANK: 0 - CUDA_VISIBLE_DEVICES: [0]
[I 2023-12-16 00:05:38,571] Trial 5 finished with value: 71.8279800415039 and parameters: {'gradient_clip_val': 0.15204301179228777, 'hidden_size': 17, 'dropout': 0.39268844907758305, 'hidden_continuous_size': 6, 'attention_head_size': 2, 'learning_rate': 0.02120234345142169}. Best is trial 0 with value: 36.88026428222656.
LOCAL_RANK: 0 - CUDA_VISIBLE_DEVICES: [0]
[I 2023-12-16 00:06:26,100] Trial 6 finished with value: 78.03522491455078 and parameters: {'gradient_clip_val': 0.1746944226022434, 'hidden_size': 20, 'dropout': 0.29111314138956845, 'hidden_continuous_size': 14, 'attention_head_size': 2, 'learning_rate': 0.029511425080117944}. Best is trial 0 with value: 36.88026428222656.
LOCAL_RANK: 0 - CUDA_VISIBLE_DEVICES: [0]
[I 2023-12-16 00:07:01,002] Trial 7 finished with value: 99.52483367919922 and parameters: {'gradient_clip_val': 0.4574859492258106, 'hidden_size': 5, 'dropout': 0.39393213694024976, 'hidden_continuous_size': 5, 'attention_head_size': 3, 'learning_rate': 0.00167154080283914}. Best is trial 0 with value: 36.88026428222656.
LOCAL_RANK: 0 - CUDA_VISIBLE_DEVICES: [0]
[I 2023-12-16 00:07:50,023] Trial 8 finished with value: 73.26737213134766 and parameters: {'gradient_clip_val': 0.18247302583804204, 'hidden_size': 23, 'dropout': 0.24446585469523935, 'hidden_continuous_size': 15, 'attention_head_size': 2, 'learning_rate': 0.07493974986591516}. Best is trial 0 with value: 36.88026428222656.
LOCAL_RANK: 0 - CUDA_VISIBLE_DEVICES: [0]
[I 2023-12-16 00:08:38,320] Trial 9 finished with value: 86.55987548828125 and parameters: {'gradient_clip_val': 0.2194689933375586, 'hidden_size': 20, 'dropout': 0.2136642186980124, 'hidden_continuous_size': 18, 'attention_head_size': 4, 'learning_rate': 0.060643684281547094}. Best is trial 0 with value: 36.88026428222656.
LOCAL_RANK: 0 - CUDA_VISIBLE_DEVICES: [0]
[I 2023-12-16 00:09:35,382] Trial 10 finished with value: 63.81219482421875 and parameters: {'gradient_clip_val': 0.1019550970942743, 'hidden_size': 90, 'dropout': 0.34249401147621544, 'hidden_continuous_size': 70, 'attention_head_size': 1, 'learning_rate': 0.006450675406700793}. Best is trial 0 with value: 36.88026428222656.
LOCAL_RANK: 0 - CUDA_VISIBLE_DEVICES: [0]
[I 2023-12-16 00:10:26,005] Trial 11 finished with value: 36.4248046875 and parameters: {'gradient_clip_val': 0.6654126261272519, 'hidden_size': 39, 'dropout': 0.1325792190517298, 'hidden_continuous_size': 8, 'attention_head_size': 4, 'learning_rate': 0.0005323114973757293}. Best is trial 11 with value: 36.4248046875.
LOCAL_RANK: 0 - CUDA_VISIBLE_DEVICES: [0]
[I 2023-12-16 00:11:12,386] Trial 12 finished with value: 73.8831558227539 and parameters: {'gradient_clip_val': 0.7575350729340394, 'hidden_size': 10, 'dropout': 0.1009068918182695, 'hidden_continuous_size': 7, 'attention_head_size': 3, 'learning_rate': 0.0005028636860094337}. Best is trial 11 with value: 36.4248046875.
LOCAL_RANK: 0 - CUDA_VISIBLE_DEVICES: [0]
[I 2023-12-16 00:11:57,332] Trial 13 finished with value: 62.861751556396484 and parameters: {'gradient_clip_val': 0.5437045782030143, 'hidden_size': 10, 'dropout': 0.16974905561027998, 'hidden_continuous_size': 7, 'attention_head_size': 1, 'learning_rate': 0.0010306571822781237}. Best is trial 11 with value: 36.4248046875.
LOCAL_RANK: 0 - CUDA_VISIBLE_DEVICES: [0]
[I 2023-12-16 00:12:47,015] Trial 14 finished with value: 36.37466049194336 and parameters: {'gradient_clip_val': 0.8828760917141217, 'hidden_size': 33, 'dropout': 0.2783699692737138, 'hidden_continuous_size': 9, 'attention_head_size': 2, 'learning_rate': 0.0008901638675156543}. Best is trial 14 with value: 36.37466049194336.
LOCAL_RANK: 0 - CUDA_VISIBLE_DEVICES: [0]
[I 2023-12-16 00:13:37,514] Trial 15 finished with value: 56.05984878540039 and parameters: {'gradient_clip_val': 0.9953655501271086, 'hidden_size': 35, 'dropout': 0.2733831961590845, 'hidden_continuous_size': 10, 'attention_head_size': 3, 'learning_rate': 0.003457987918198393}. Best is trial 14 with value: 36.37466049194336.
LOCAL_RANK: 0 - CUDA_VISIBLE_DEVICES: [0]
[I 2023-12-16 00:14:26,715] Trial 16 finished with value: 45.263031005859375 and parameters: {'gradient_clip_val': 0.86919748746957, 'hidden_size': 31, 'dropout': 0.1677653578216284, 'hidden_continuous_size': 9, 'attention_head_size': 2, 'learning_rate': 0.000883502911809046}. Best is trial 14 with value: 36.37466049194336.
LOCAL_RANK: 0 - CUDA_VISIBLE_DEVICES: [0]
[I 2023-12-16 00:15:20,336] Trial 17 finished with value: 40.85898208618164 and parameters: {'gradient_clip_val': 0.6553342310067681, 'hidden_size': 63, 'dropout': 0.2590510948149212, 'hidden_continuous_size': 10, 'attention_head_size': 4, 'learning_rate': 0.0005039631241958751}. Best is trial 14 with value: 36.37466049194336.
LOCAL_RANK: 0 - CUDA_VISIBLE_DEVICES: [0]
[I 2023-12-16 00:16:09,770] Trial 18 finished with value: 48.2680778503418 and parameters: {'gradient_clip_val': 0.39261155653542473, 'hidden_size': 36, 'dropout': 0.10138653764669714, 'hidden_continuous_size': 9, 'attention_head_size': 3, 'learning_rate': 0.00175966722193149}. Best is trial 14 with value: 36.37466049194336.
LOCAL_RANK: 0 - CUDA_VISIBLE_DEVICES: [0]
[I 2023-12-16 00:17:04,873] Trial 19 finished with value: 49.333526611328125 and parameters: {'gradient_clip_val': 0.6767546129519738, 'hidden_size': 97, 'dropout': 0.19099776501198235, 'hidden_continuous_size': 26, 'attention_head_size': 2, 'learning_rate': 0.0009865854520909028}. Best is trial 14 with value: 36.37466049194336.
LOCAL_RANK: 0 - CUDA_VISIBLE_DEVICES: [0]
[I 2023-12-16 00:17:54,687] Trial 20 finished with value: 66.32704162597656 and parameters: {'gradient_clip_val': 0.9551457077100026, 'hidden_size': 27, 'dropout': 0.14730375005647606, 'hidden_continuous_size': 8, 'attention_head_size': 4, 'learning_rate': 0.008035644671549682}. Best is trial 14 with value: 36.37466049194336.
LOCAL_RANK: 0 - CUDA_VISIBLE_DEVICES: [0]
[I 2023-12-16 00:18:45,772] Trial 21 finished with value: 38.6881217956543 and parameters: {'gradient_clip_val': 0.5826042900992675, 'hidden_size': 41, 'dropout': 0.3093781772658087, 'hidden_continuous_size': 10, 'attention_head_size': 1, 'learning_rate': 0.0008755846367157547}. Best is trial 14 with value: 36.37466049194336.
LOCAL_RANK: 0 - CUDA_VISIBLE_DEVICES: [0]
[I 2023-12-16 00:19:34,103] Trial 22 finished with value: 59.21193313598633 and parameters: {'gradient_clip_val': 0.7597732430058464, 'hidden_size': 27, 'dropout': 0.3583459569796817, 'hidden_continuous_size': 8, 'attention_head_size': 1, 'learning_rate': 0.0012681693626673948}. Best is trial 14 with value: 36.37466049194336.
LOCAL_RANK: 0 - CUDA_VISIBLE_DEVICES: [0]
[I 2023-12-16 00:20:25,905] Trial 23 finished with value: 47.98354721069336 and parameters: {'gradient_clip_val': 0.5858235607101347, 'hidden_size': 67, 'dropout': 0.2822591972391128, 'hidden_continuous_size': 5, 'attention_head_size': 2, 'learning_rate': 0.0008099265015687843}. Best is trial 14 with value: 36.37466049194336.
LOCAL_RANK: 0 - CUDA_VISIBLE_DEVICES: [0]
[I 2023-12-16 00:21:17,574] Trial 24 finished with value: 40.610958099365234 and parameters: {'gradient_clip_val': 0.49438860618861474, 'hidden_size': 42, 'dropout': 0.3079833843218694, 'hidden_continuous_size': 11, 'attention_head_size': 1, 'learning_rate': 0.000732156758454735}. Best is trial 14 with value: 36.37466049194336.
LOCAL_RANK: 0 - CUDA_VISIBLE_DEVICES: [0]
[I 2023-12-16 00:22:06,373] Trial 25 finished with value: 41.418060302734375 and parameters: {'gradient_clip_val': 0.6511050749023529, 'hidden_size': 29, 'dropout': 0.2516472330039472, 'hidden_continuous_size': 7, 'attention_head_size': 2, 'learning_rate': 0.0014177123328915492}. Best is trial 14 with value: 36.37466049194336.
LOCAL_RANK: 0 - CUDA_VISIBLE_DEVICES: [0]
[I 2023-12-16 00:22:52,478] Trial 26 finished with value: 38.16634750366211 and parameters: {'gradient_clip_val': 0.8159095926722083, 'hidden_size': 14, 'dropout': 0.35422425373123345, 'hidden_continuous_size': 6, 'attention_head_size': 3, 'learning_rate': 0.0023643981502396182}. Best is trial 14 with value: 36.37466049194336.
LOCAL_RANK: 0 - CUDA_VISIBLE_DEVICES: [0]
[I 2023-12-16 00:23:40,865] Trial 27 finished with value: 37.55455017089844 and parameters: {'gradient_clip_val': 0.4671612827701743, 'hidden_size': 25, 'dropout': 0.3658040502354418, 'hidden_continuous_size': 8, 'attention_head_size': 1, 'learning_rate': 0.0012635720331251536}. Best is trial 14 with value: 36.37466049194336.
LOCAL_RANK: 0 - CUDA_VISIBLE_DEVICES: [0]
[I 2023-12-16 00:24:31,240] Trial 28 finished with value: 45.148807525634766 and parameters: {'gradient_clip_val': 0.966209125500529, 'hidden_size': 35, 'dropout': 0.32969226887429975, 'hidden_continuous_size': 12, 'attention_head_size': 2, 'learning_rate': 0.0005986697551632925}. Best is trial 14 with value: 36.37466049194336.
LOCAL_RANK: 0 - CUDA_VISIBLE_DEVICES: [0]
[I 2023-12-16 00:25:23,402] Trial 29 finished with value: 39.89490509033203 and parameters: {'gradient_clip_val': 0.7061337055656519, 'hidden_size': 55, 'dropout': 0.29881280001342597, 'hidden_continuous_size': 5, 'attention_head_size': 4, 'learning_rate': 0.0007620340736999911}. Best is trial 14 with value: 36.37466049194336.
LOCAL_RANK: 0 - CUDA_VISIBLE_DEVICES: [0]
[I 2023-12-16 00:26:15,025] Trial 30 finished with value: 44.9875373840332 and parameters: {'gradient_clip_val': 0.8417505428874124, 'hidden_size': 42, 'dropout': 0.1268541628821444, 'hidden_continuous_size': 12, 'attention_head_size': 1, 'learning_rate': 0.0006229035033658608}. Best is trial 14 with value: 36.37466049194336.
LOCAL_RANK: 0 - CUDA_VISIBLE_DEVICES: [0]
[I 2023-12-16 00:27:03,136] Trial 31 finished with value: 43.48210144042969 and parameters: {'gradient_clip_val': 0.48191901928471803, 'hidden_size': 23, 'dropout': 0.3718379929053665, 'hidden_continuous_size': 8, 'attention_head_size': 1, 'learning_rate': 0.0012418947597852485}. Best is trial 14 with value: 36.37466049194336.
LOCAL_RANK: 0 - CUDA_VISIBLE_DEVICES: [0]
[I 2023-12-16 00:27:51,784] Trial 32 finished with value: 36.132694244384766 and parameters: {'gradient_clip_val': 0.38918934964999313, 'hidden_size': 27, 'dropout': 0.3775552542176427, 'hidden_continuous_size': 7, 'attention_head_size': 1, 'learning_rate': 0.001147635457314817}. Best is trial 32 with value: 36.132694244384766.
LOCAL_RANK: 0 - CUDA_VISIBLE_DEVICES: [0]
[I 2023-12-16 00:28:42,952] Trial 33 finished with value: 49.088470458984375 and parameters: {'gradient_clip_val': 0.37185918951505037, 'hidden_size': 47, 'dropout': 0.32483857670831356, 'hidden_continuous_size': 7, 'attention_head_size': 1, 'learning_rate': 0.002167020396128871}. Best is trial 32 with value: 36.132694244384766.
LOCAL_RANK: 0 - CUDA_VISIBLE_DEVICES: [0]
[I 2023-12-16 00:29:28,431] Trial 34 finished with value: 54.865936279296875 and parameters: {'gradient_clip_val': 0.30367955326643653, 'hidden_size': 14, 'dropout': 0.3826054544920546, 'hidden_continuous_size': 7, 'attention_head_size': 1, 'learning_rate': 0.0006217453257776751}. Best is trial 32 with value: 36.132694244384766.
LOCAL_RANK: 0 - CUDA_VISIBLE_DEVICES: [0]
[I 2023-12-16 00:30:16,412] Trial 35 finished with value: 37.196311950683594 and parameters: {'gradient_clip_val': 0.5779086350500048, 'hidden_size': 32, 'dropout': 0.39499522385310626, 'hidden_continuous_size': 6, 'attention_head_size': 2, 'learning_rate': 0.001256304139873617}. Best is trial 32 with value: 36.132694244384766.
LOCAL_RANK: 0 - CUDA_VISIBLE_DEVICES: [0]
[I 2023-12-16 00:31:03,605] Trial 36 finished with value: 44.37128829956055 and parameters: {'gradient_clip_val': 0.6487837531059804, 'hidden_size': 28, 'dropout': 0.37731160913052875, 'hidden_continuous_size': 6, 'attention_head_size': 1, 'learning_rate': 0.0010406551017038655}. Best is trial 32 with value: 36.132694244384766.
LOCAL_RANK: 0 - CUDA_VISIBLE_DEVICES: [0]
[I 2023-12-16 00:31:52,072] Trial 37 finished with value: 38.682125091552734 and parameters: {'gradient_clip_val': 0.743422760720977, 'hidden_size': 21, 'dropout': 0.3987937736293223, 'hidden_continuous_size': 9, 'attention_head_size': 2, 'learning_rate': 0.0006927969109935954}. Best is trial 32 with value: 36.132694244384766.
LOCAL_RANK: 0 - CUDA_VISIBLE_DEVICES: [0]
[I 2023-12-16 00:32:43,038] Trial 38 finished with value: 55.06903076171875 and parameters: {'gradient_clip_val': 0.5308506165399912, 'hidden_size': 52, 'dropout': 0.33634720380611666, 'hidden_continuous_size': 5, 'attention_head_size': 3, 'learning_rate': 0.0016214275266463762}. Best is trial 32 with value: 36.132694244384766.
LOCAL_RANK: 0 - CUDA_VISIBLE_DEVICES: [0]
[I 2023-12-16 00:33:29,679] Trial 39 finished with value: 73.36646270751953 and parameters: {'gradient_clip_val': 0.44058777640488334, 'hidden_size': 17, 'dropout': 0.34698099925715803, 'hidden_continuous_size': 8, 'attention_head_size': 2, 'learning_rate': 0.00050946340326072}. Best is trial 32 with value: 36.132694244384766.
LOCAL_RANK: 0 - CUDA_VISIBLE_DEVICES: [0]
