[I 2023-12-26 12:45:44,628] Trial 18 finished with value: 25.112844467163086 and parameters: {'gradient_clip_val': 0.2382223206226699, 'hidden_size': 13, 'dropout': 0.451441725815565, 'hidden_continuous_size': 7, 'attention_head_size': 3, 'learning_rate': 0.003663640422368096}. Best is trial 0 with value: 6.656358242034912.
[I 2023-12-26 12:45:47,883] Trial 19 finished with value: 25.745712280273438 and parameters: {'gradient_clip_val': 0.10048300850930952, 'hidden_size': 45, 'dropout': 0.3951475531851216, 'hidden_continuous_size': 19, 'attention_head_size': 2, 'learning_rate': 0.009115643107871375}. Best is trial 0 with value: 6.656358242034912.
[I 2023-12-26 12:45:50,266] Trial 20 finished with value: 23.280427932739258 and parameters: {'gradient_clip_val': 0.14476101077685644, 'hidden_size': 25, 'dropout': 0.33610911363987434, 'hidden_continuous_size': 9, 'attention_head_size': 1, 'learning_rate': 0.0045567547799087805}. Best is trial 0 with value: 6.656358242034912.
[I 2023-12-26 12:45:58,596] Trial 21 finished with value: 22.191743850708008 and parameters: {'gradient_clip_val': 0.42358124922215934, 'hidden_size': 123, 'dropout': 0.44826820198964035, 'hidden_continuous_size': 28, 'attention_head_size': 3, 'learning_rate': 0.0026946182758162077}. Best is trial 0 with value: 6.656358242034912.
[I 2023-12-26 12:46:02,266] Trial 22 finished with value: 18.990140914916992 and parameters: {'gradient_clip_val': 0.47609590376563055, 'hidden_size': 55, 'dropout': 0.45856677305648136, 'hidden_continuous_size': 8, 'attention_head_size': 3, 'learning_rate': 0.002116486957272308}. Best is trial 0 with value: 6.656358242034912.
[I 2023-12-26 12:46:07,319] Trial 23 finished with value: 23.700963973999023 and parameters: {'gradient_clip_val': 0.2605957318507263, 'hidden_size': 77, 'dropout': 0.4780183712848941, 'hidden_continuous_size': 10, 'attention_head_size': 4, 'learning_rate': 0.004316842776175555}. Best is trial 0 with value: 6.656358242034912.
[I 2023-12-26 12:46:10,212] Trial 24 finished with value: 28.53809928894043 and parameters: {'gradient_clip_val': 0.5383716779279579, 'hidden_size': 31, 'dropout': 0.41442160424263247, 'hidden_continuous_size': 7, 'attention_head_size': 3, 'learning_rate': 0.006458403587611851}. Best is trial 0 with value: 6.656358242034912.
[I 2023-12-26 12:46:21,110] Trial 25 finished with value: 20.269983291625977 and parameters: {'gradient_clip_val': 0.3769835961795666, 'hidden_size': 150, 'dropout': 0.45582667086719536, 'hidden_continuous_size': 26, 'attention_head_size': 2, 'learning_rate': 0.001536661003348214}. Best is trial 0 with value: 6.656358242034912.
[I 2023-12-26 12:46:24,415] Trial 26 finished with value: 18.553110122680664 and parameters: {'gradient_clip_val': 0.2850282878309893, 'hidden_size': 50, 'dropout': 0.4073734915817562, 'hidden_continuous_size': 12, 'attention_head_size': 3, 'learning_rate': 0.0035949185037521484}. Best is trial 0 with value: 6.656358242034912.
[I 2023-12-26 12:46:27,176] Trial 27 finished with value: 20.850706100463867 and parameters: {'gradient_clip_val': 0.28713541895048766, 'hidden_size': 48, 'dropout': 0.4083302672020156, 'hidden_continuous_size': 13, 'attention_head_size': 4, 'learning_rate': 0.011568818545435846}. Best is trial 0 with value: 6.656358242034912.
[I 2023-12-26 12:46:29,467] Trial 28 finished with value: 26.091142654418945 and parameters: {'gradient_clip_val': 0.27677917619005266, 'hidden_size': 23, 'dropout': 0.3724345536828716, 'hidden_continuous_size': 10, 'attention_head_size': 2, 'learning_rate': 0.007772750579747371}. Best is trial 0 with value: 6.656358242034912.
[I 2023-12-26 12:46:32,228] Trial 29 finished with value: 27.95965576171875 and parameters: {'gradient_clip_val': 0.22165995426353516, 'hidden_size': 35, 'dropout': 0.4103180870813889, 'hidden_continuous_size': 12, 'attention_head_size': 1, 'learning_rate': 0.004075009110995622}. Best is trial 0 with value: 6.656358242034912.
[I 2023-12-26 12:46:36,384] Trial 30 finished with value: 21.202707290649414 and parameters: {'gradient_clip_val': 0.18752612766956306, 'hidden_size': 59, 'dropout': 0.4731640345282676, 'hidden_continuous_size': 13, 'attention_head_size': 3, 'learning_rate': 0.016340644987062797}. Best is trial 0 with value: 6.656358242034912.
[I 2023-12-26 12:46:42,726] Trial 31 finished with value: 22.043249130249023 and parameters: {'gradient_clip_val': 0.25136076039629307, 'hidden_size': 88, 'dropout': 0.4352217882919579, 'hidden_continuous_size': 9, 'attention_head_size': 3, 'learning_rate': 0.0028151880570227283}. Best is trial 0 with value: 6.656358242034912.
[I 2023-12-26 12:46:47,358] Trial 32 finished with value: 23.881040573120117 and parameters: {'gradient_clip_val': 0.33298840938609414, 'hidden_size': 80, 'dropout': 0.47642760814535257, 'hidden_continuous_size': 11, 'attention_head_size': 3, 'learning_rate': 0.0059793773512588425}. Best is trial 0 with value: 6.656358242034912.
[I 2023-12-26 12:46:50,719] Trial 33 finished with value: 19.719120025634766 and parameters: {'gradient_clip_val': 0.30747669002853506, 'hidden_size': 46, 'dropout': 0.3919477999148555, 'hidden_continuous_size': 8, 'attention_head_size': 3, 'learning_rate': 0.0035506503526173167}. Best is trial 0 with value: 6.656358242034912.
[I 2023-12-26 12:46:53,659] Trial 34 finished with value: 26.60869789123535 and parameters: {'gradient_clip_val': 0.38837597940608876, 'hidden_size': 36, 'dropout': 0.36705515728629756, 'hidden_continuous_size': 10, 'attention_head_size': 3, 'learning_rate': 0.0019616504062642858}. Best is trial 0 with value: 6.656358242034912.
[I 2023-12-26 12:46:55,590] Trial 35 finished with value: 21.206052780151367 and parameters: {'gradient_clip_val': 0.22676771215881258, 'hidden_size': 16, 'dropout': 0.4312274399120748, 'hidden_continuous_size': 10, 'attention_head_size': 2, 'learning_rate': 0.0032429259096520874}. Best is trial 0 with value: 6.656358242034912.
[I 2023-12-26 12:46:58,060] Trial 36 finished with value: 19.57363510131836 and parameters: {'gradient_clip_val': 0.3045530484498394, 'hidden_size': 29, 'dropout': 0.3162152084332225, 'hidden_continuous_size': 9, 'attention_head_size': 3, 'learning_rate': 0.0010791688746944951}. Best is trial 0 with value: 6.656358242034912.
[I 2023-12-26 12:47:02,794] Trial 37 finished with value: 19.292558670043945 and parameters: {'gradient_clip_val': 0.3340132242331038, 'hidden_size': 68, 'dropout': 0.3971090758620859, 'hidden_continuous_size': 6, 'attention_head_size': 2, 'learning_rate': 0.0025047689904244535}. Best is trial 0 with value: 6.656358242034912.
[I 2023-12-26 12:47:06,110] Trial 38 finished with value: 21.677968978881836 and parameters: {'gradient_clip_val': 0.2696853994893461, 'hidden_size': 54, 'dropout': 0.36311997460800305, 'hidden_continuous_size': 5, 'attention_head_size': 4, 'learning_rate': 0.005018035217065494}. Best is trial 0 with value: 6.656358242034912.
[I 2023-12-26 12:47:12,128] Trial 39 finished with value: 25.738107681274414 and parameters: {'gradient_clip_val': 0.7181216239857574, 'hidden_size': 98, 'dropout': 0.43058468868601535, 'hidden_continuous_size': 18, 'attention_head_size': 3, 'learning_rate': 0.0029079970290125626}. Best is trial 0 with value: 6.656358242034912.
[I 2023-12-26 12:47:16,216] Trial 40 finished with value: 20.276107788085938 and parameters: {'gradient_clip_val': 0.4295619024371088, 'hidden_size': 66, 'dropout': 0.3866619096361764, 'hidden_continuous_size': 14, 'attention_head_size': 2, 'learning_rate': 0.006883798039458447}. Best is trial 0 with value: 6.656358242034912.
[I 2023-12-26 12:47:19,402] Trial 41 finished with value: 26.883386611938477 and parameters: {'gradient_clip_val': 0.5639976391268688, 'hidden_size': 54, 'dropout': 0.4634787529508675, 'hidden_continuous_size': 8, 'attention_head_size': 3, 'learning_rate': 0.0021308732935205505}. Best is trial 0 with value: 6.656358242034912.
[I 2023-12-26 12:47:25,665] Trial 42 finished with value: 27.656904220581055 and parameters: {'gradient_clip_val': 0.479113074241854, 'hidden_size': 101, 'dropout': 0.4883559770461169, 'hidden_continuous_size': 7, 'attention_head_size': 3, 'learning_rate': 0.001970416035552193}. Best is trial 0 with value: 6.656358242034912.
[I 2023-12-26 12:47:28,379] Trial 43 finished with value: 26.040170669555664 and parameters: {'gradient_clip_val': 0.7148981698611773, 'hidden_size': 42, 'dropout': 0.45620314492270553, 'hidden_continuous_size': 8, 'attention_head_size': 3, 'learning_rate': 0.0036911032000771413}. Best is trial 0 with value: 6.656358242034912.
[I 2023-12-26 12:47:32,769] Trial 44 finished with value: 21.66954231262207 and parameters: {'gradient_clip_val': 0.34403326490682223, 'hidden_size': 72, 'dropout': 0.4914687285750008, 'hidden_continuous_size': 11, 'attention_head_size': 3, 'learning_rate': 0.004744328472167276}. Best is trial 0 with value: 6.656358242034912.
[I 2023-12-26 12:47:36,058] Trial 45 finished with value: 31.59813117980957 and parameters: {'gradient_clip_val': 0.20111668621461448, 'hidden_size': 54, 'dropout': 0.4424236568129278, 'hidden_continuous_size': 6, 'attention_head_size': 3, 'learning_rate': 0.0025251195600836367}. Best is trial 0 with value: 6.656358242034912.
[I 2023-12-26 12:47:38,379] Trial 46 finished with value: 23.069841384887695 and parameters: {'gradient_clip_val': 0.3005604948139503, 'hidden_size': 23, 'dropout': 0.4647224312532809, 'hidden_continuous_size': 9, 'attention_head_size': 4, 'learning_rate': 0.00322741989677075}. Best is trial 0 with value: 6.656358242034912.
[I 2023-12-26 12:47:40,457] Trial 47 finished with value: 26.380395889282227 and parameters: {'gradient_clip_val': 0.25010574564669863, 'hidden_size': 18, 'dropout': 0.4145618918884958, 'hidden_continuous_size': 8, 'attention_head_size': 2, 'learning_rate': 0.0005923577714521623}. Best is trial 0 with value: 6.656358242034912.
[I 2023-12-26 12:47:43,060] Trial 48 finished with value: 19.979475021362305 and parameters: {'gradient_clip_val': 0.1696686874060801, 'hidden_size': 37, 'dropout': 0.49588834928843367, 'hidden_continuous_size': 7, 'attention_head_size': 3, 'learning_rate': 0.0017612616733392163}. Best is trial 0 with value: 6.656358242034912.
[I 2023-12-26 12:47:46,585] Trial 49 finished with value: 25.258440017700195 and parameters: {'gradient_clip_val': 0.12393161286916758, 'hidden_size': 61, 'dropout': 0.4435751855574667, 'hidden_continuous_size': 12, 'attention_head_size': 3, 'learning_rate': 0.0012480141244625017}. Best is trial 0 with value: 6.656358242034912.
[I 2023-12-26 12:47:46,703] A new study created in memory with name: no-name-da78036c-b8f9-4243-9419-1ac1dc7e4593
/home/le004/conda/anaconda3/envs/tsff_env/lib/python3.9/site-packages/lightning/fabric/plugins/environments/slurm.py:191: The `srun` command is available on your system but is not used. HINT: If your intention is to run Lightning on SLURM, prepend your python command with `srun` like so: srun python /home/le004/master_thesis/git/TSFusionForecast/code/ ...
[I 2023-12-26 12:54:17,562] Trial 0 finished with value: 3.2044315338134766 and parameters: {'gradient_clip_val': 0.3555243673899621, 'hidden_size': 42, 'dropout': 0.2200692614490153, 'hidden_continuous_size': 22, 'attention_head_size': 3, 'learning_rate': 0.0005229545084984494}. Best is trial 0 with value: 3.2044315338134766.
[I 2023-12-26 12:54:20,126] Trial 1 finished with value: 14.470513343811035 and parameters: {'gradient_clip_val': 0.49167903065360546, 'hidden_size': 10, 'dropout': 0.2617275719092478, 'hidden_continuous_size': 9, 'attention_head_size': 3, 'learning_rate': 0.0012722438790313823}. Best is trial 0 with value: 3.2044315338134766.
[I 2023-12-26 12:54:32,631] Trial 2 finished with value: 11.408968925476074 and parameters: {'gradient_clip_val': 0.2389552806849121, 'hidden_size': 150, 'dropout': 0.2621341407373321, 'hidden_continuous_size': 51, 'attention_head_size': 3, 'learning_rate': 0.001114779016256587}. Best is trial 0 with value: 3.2044315338134766.
[I 2023-12-26 12:54:35,311] Trial 3 finished with value: 12.0044584274292 and parameters: {'gradient_clip_val': 0.3432073698422669, 'hidden_size': 18, 'dropout': 0.14208048761590703, 'hidden_continuous_size': 8, 'attention_head_size': 4, 'learning_rate': 0.01751261935566433}. Best is trial 0 with value: 3.2044315338134766.
[I 2023-12-26 12:54:41,416] Trial 4 finished with value: 11.11275577545166 and parameters: {'gradient_clip_val': 0.15377391453871275, 'hidden_size': 70, 'dropout': 0.10370682819931654, 'hidden_continuous_size': 19, 'attention_head_size': 3, 'learning_rate': 0.018858030511331808}. Best is trial 0 with value: 3.2044315338134766.
[I 2023-12-26 12:54:43,921] Trial 5 finished with value: 15.62584400177002 and parameters: {'gradient_clip_val': 0.17344718974484835, 'hidden_size': 12, 'dropout': 0.27533572648564264, 'hidden_continuous_size': 5, 'attention_head_size': 4, 'learning_rate': 0.08688514461028618}. Best is trial 0 with value: 3.2044315338134766.
[I 2023-12-26 12:54:54,958] Trial 6 finished with value: 8.79965877532959 and parameters: {'gradient_clip_val': 0.17442828940635619, 'hidden_size': 135, 'dropout': 0.3475061631407005, 'hidden_continuous_size': 21, 'attention_head_size': 4, 'learning_rate': 0.08064287569852588}. Best is trial 0 with value: 3.2044315338134766.
[I 2023-12-26 12:54:59,904] Trial 7 finished with value: 10.841758728027344 and parameters: {'gradient_clip_val': 0.5173751449812154, 'hidden_size': 56, 'dropout': 0.11668622506444426, 'hidden_continuous_size': 30, 'attention_head_size': 3, 'learning_rate': 0.000683393974271581}. Best is trial 0 with value: 3.2044315338134766.
[I 2023-12-26 12:55:02,072] Trial 8 finished with value: 10.022603988647461 and parameters: {'gradient_clip_val': 0.7014067368205359, 'hidden_size': 5, 'dropout': 0.20601819416127048, 'hidden_continuous_size': 5, 'attention_head_size': 3, 'learning_rate': 0.0299838594769799}. Best is trial 0 with value: 3.2044315338134766.
[I 2023-12-26 12:55:05,112] Trial 9 finished with value: 8.762003898620605 and parameters: {'gradient_clip_val': 0.19271894591332095, 'hidden_size': 27, 'dropout': 0.44654797476632224, 'hidden_continuous_size': 5, 'attention_head_size': 2, 'learning_rate': 0.0025917973881129175}. Best is trial 0 with value: 3.2044315338134766.
[I 2023-12-26 12:55:08,686] Trial 10 finished with value: 8.471234321594238 and parameters: {'gradient_clip_val': 0.9371876136578192, 'hidden_size': 36, 'dropout': 0.36143210890579625, 'hidden_continuous_size': 14, 'attention_head_size': 1, 'learning_rate': 0.0037930105583795174}. Best is trial 0 with value: 3.2044315338134766.
[I 2023-12-26 12:55:12,503] Trial 11 finished with value: 9.512645721435547 and parameters: {'gradient_clip_val': 0.8945496457270196, 'hidden_size': 38, 'dropout': 0.36542349075702646, 'hidden_continuous_size': 13, 'attention_head_size': 1, 'learning_rate': 0.004597837145094212}. Best is trial 0 with value: 3.2044315338134766.
[I 2023-12-26 12:55:16,113] Trial 12 finished with value: 9.388014793395996 and parameters: {'gradient_clip_val': 0.9546944095539243, 'hidden_size': 37, 'dropout': 0.47235037985840367, 'hidden_continuous_size': 15, 'attention_head_size': 1, 'learning_rate': 0.0006278161945074016}. Best is trial 0 with value: 3.2044315338134766.
[I 2023-12-26 12:55:21,740] Trial 13 finished with value: 8.884175300598145 and parameters: {'gradient_clip_val': 0.11580999265498215, 'hidden_size': 62, 'dropout': 0.34323523198553735, 'hidden_continuous_size': 30, 'attention_head_size': 2, 'learning_rate': 0.00326373350063938}. Best is trial 0 with value: 3.2044315338134766.
[I 2023-12-26 12:55:25,027] Trial 14 finished with value: 11.573046684265137 and parameters: {'gradient_clip_val': 0.3060161945391193, 'hidden_size': 24, 'dropout': 0.19649844183694265, 'hidden_continuous_size': 11, 'attention_head_size': 2, 'learning_rate': 0.0015600808768164922}. Best is trial 0 with value: 3.2044315338134766.
[I 2023-12-26 12:55:29,007] Trial 15 finished with value: 13.722427368164062 and parameters: {'gradient_clip_val': 0.5745595113459592, 'hidden_size': 42, 'dropout': 0.40284517333312797, 'hidden_continuous_size': 17, 'attention_head_size': 1, 'learning_rate': 0.0005319144208994571}. Best is trial 0 with value: 3.2044315338134766.
[I 2023-12-26 12:55:36,817] Trial 16 finished with value: 10.094626426696777 and parameters: {'gradient_clip_val': 0.43664736560044004, 'hidden_size': 89, 'dropout': 0.299925366698092, 'hidden_continuous_size': 51, 'attention_head_size': 2, 'learning_rate': 0.00754348013879349}. Best is trial 0 with value: 3.2044315338134766.
[I 2023-12-26 12:55:44,426] Trial 17 finished with value: 8.748706817626953 and parameters: {'gradient_clip_val': 0.7247855290433498, 'hidden_size': 89, 'dropout': 0.4174356178284988, 'hidden_continuous_size': 28, 'attention_head_size': 1, 'learning_rate': 0.0020949627963657525}. Best is trial 0 with value: 3.2044315338134766.
[I 2023-12-26 12:55:48,945] Trial 18 finished with value: 11.859375 and parameters: {'gradient_clip_val': 0.3795397584826423, 'hidden_size': 47, 'dropout': 0.48438535943172123, 'hidden_continuous_size': 22, 'attention_head_size': 2, 'learning_rate': 0.0010179100859793535}. Best is trial 0 with value: 3.2044315338134766.
[I 2023-12-26 12:55:52,228] Trial 19 finished with value: 10.876030921936035 and parameters: {'gradient_clip_val': 0.265445192490061, 'hidden_size': 28, 'dropout': 0.3226037479795024, 'hidden_continuous_size': 13, 'attention_head_size': 4, 'learning_rate': 0.005463685291905752}. Best is trial 0 with value: 3.2044315338134766.
[I 2023-12-26 12:55:54,974] Trial 20 finished with value: 12.046806335449219 and parameters: {'gradient_clip_val': 0.4146950094257789, 'hidden_size': 19, 'dropout': 0.39105561080023776, 'hidden_continuous_size': 11, 'attention_head_size': 1, 'learning_rate': 0.001969707542417612}. Best is trial 0 with value: 3.2044315338134766.
[I 2023-12-26 12:56:02,448] Trial 21 finished with value: 10.89887523651123 and parameters: {'gradient_clip_val': 0.7508162307731644, 'hidden_size': 85, 'dropout': 0.4098567950350582, 'hidden_continuous_size': 28, 'attention_head_size': 1, 'learning_rate': 0.002138063776103277}. Best is trial 0 with value: 3.2044315338134766.
[I 2023-12-26 12:56:11,124] Trial 22 finished with value: 9.840569496154785 and parameters: {'gradient_clip_val': 0.657178619407803, 'hidden_size': 102, 'dropout': 0.434399000928518, 'hidden_continuous_size': 39, 'attention_head_size': 1, 'learning_rate': 0.0033111670017737277}. Best is trial 0 with value: 3.2044315338134766.
[I 2023-12-26 12:56:15,984] Trial 23 finished with value: 9.349493980407715 and parameters: {'gradient_clip_val': 0.7999146021563149, 'hidden_size': 53, 'dropout': 0.37623197625549626, 'hidden_continuous_size': 24, 'attention_head_size': 2, 'learning_rate': 0.0008712117977141166}. Best is trial 0 with value: 3.2044315338134766.
[I 2023-12-26 12:56:21,804] Trial 24 finished with value: 10.847648620605469 and parameters: {'gradient_clip_val': 0.6053650555991228, 'hidden_size': 67, 'dropout': 0.3206680676072526, 'hidden_continuous_size': 17, 'attention_head_size': 1, 'learning_rate': 0.0015194195357675858}. Best is trial 0 with value: 3.2044315338134766.
[I 2023-12-26 12:56:31,993] Trial 25 finished with value: 10.75147533416748 and parameters: {'gradient_clip_val': 0.9412528813576928, 'hidden_size': 109, 'dropout': 0.4237632620813836, 'hidden_continuous_size': 102, 'attention_head_size': 2, 'learning_rate': 0.0006936791143398015}. Best is trial 0 with value: 3.2044315338134766.
[I 2023-12-26 12:56:38,789] Trial 26 finished with value: 8.15042781829834 and parameters: {'gradient_clip_val': 0.7792566623756801, 'hidden_size': 71, 'dropout': 0.4401224424254268, 'hidden_continuous_size': 19, 'attention_head_size': 3, 'learning_rate': 0.0005114186123409451}. Best is trial 0 with value: 3.2044315338134766.
[I 2023-12-26 12:56:43,217] Trial 27 finished with value: 12.469123840332031 and parameters: {'gradient_clip_val': 0.5104165622638333, 'hidden_size': 46, 'dropout': 0.4580791527508689, 'hidden_continuous_size': 17, 'attention_head_size': 3, 'learning_rate': 0.0005300089758517041}. Best is trial 0 with value: 3.2044315338134766.
[I 2023-12-26 12:56:46,985] Trial 28 finished with value: 14.803848266601562 and parameters: {'gradient_clip_val': 0.9970696524137136, 'hidden_size': 35, 'dropout': 0.4928868772174181, 'hidden_continuous_size': 15, 'attention_head_size': 3, 'learning_rate': 0.000894142527995672}. Best is trial 0 with value: 3.2044315338134766.
[I 2023-12-26 12:56:53,175] Trial 29 finished with value: 9.685990333557129 and parameters: {'gradient_clip_val': 0.8163521839102713, 'hidden_size': 70, 'dropout': 0.3825747298173688, 'hidden_continuous_size': 8, 'attention_head_size': 3, 'learning_rate': 0.0012176567073187937}. Best is trial 0 with value: 3.2044315338134766.
[I 2023-12-26 12:56:56,150] Trial 30 finished with value: 13.112479209899902 and parameters: {'gradient_clip_val': 0.5950148037513784, 'hidden_size': 33, 'dropout': 0.45744572103369485, 'hidden_continuous_size': 15, 'attention_head_size': 4, 'learning_rate': 0.0005175393082798702}. Best is trial 0 with value: 3.2044315338134766.
[I 2023-12-26 12:57:00,261] Trial 31 finished with value: 8.890568733215332 and parameters: {'gradient_clip_val': 0.6957290661059157, 'hidden_size': 52, 'dropout': 0.4410705091726074, 'hidden_continuous_size': 20, 'attention_head_size': 3, 'learning_rate': 0.001327494632056023}. Best is trial 0 with value: 3.2044315338134766.
[I 2023-12-26 12:57:05,176] Trial 32 finished with value: 11.3436279296875 and parameters: {'gradient_clip_val': 0.8082144718527327, 'hidden_size': 75, 'dropout': 0.39558919863156183, 'hidden_continuous_size': 24, 'attention_head_size': 1, 'learning_rate': 0.0017785450935489723}. Best is trial 0 with value: 3.2044315338134766.
