[I 2023-12-27 11:11:59,116] Trial 38 finished with value: 75.2724609375 and parameters: {'gradient_clip_val': 0.1598904963048559, 'hidden_size': 39, 'dropout': 0.3392688584848122, 'hidden_continuous_size': 14, 'attention_head_size': 4, 'learning_rate': 0.006840029500210094}. Best is trial 0 with value: 11.218437194824219.
LOCAL_RANK: 0 - CUDA_VISIBLE_DEVICES: [0]
[I 2023-12-27 11:11:59,613] Trial 39 finished with value: 104.21063232421875 and parameters: {'gradient_clip_val': 0.39832830565620236, 'hidden_size': 67, 'dropout': 0.29214430959923504, 'hidden_continuous_size': 20, 'attention_head_size': 3, 'learning_rate': 0.005021028420345761}. Best is trial 0 with value: 11.218437194824219.
LOCAL_RANK: 0 - CUDA_VISIBLE_DEVICES: [0]
[I 2023-12-27 11:12:00,049] Trial 40 finished with value: 88.23046112060547 and parameters: {'gradient_clip_val': 0.12343767606390749, 'hidden_size': 23, 'dropout': 0.265325147316075, 'hidden_continuous_size': 10, 'attention_head_size': 1, 'learning_rate': 0.009722589191887076}. Best is trial 0 with value: 11.218437194824219.
LOCAL_RANK: 0 - CUDA_VISIBLE_DEVICES: [0]
[I 2023-12-27 11:12:00,579] Trial 41 finished with value: 99.49465942382812 and parameters: {'gradient_clip_val': 0.25074142828229556, 'hidden_size': 99, 'dropout': 0.40268131959064213, 'hidden_continuous_size': 92, 'attention_head_size': 4, 'learning_rate': 0.01264200185650497}. Best is trial 0 with value: 11.218437194824219.
LOCAL_RANK: 0 - CUDA_VISIBLE_DEVICES: [0]
[I 2023-12-27 11:12:01,114] Trial 42 finished with value: 106.73746490478516 and parameters: {'gradient_clip_val': 0.2741676750214928, 'hidden_size': 126, 'dropout': 0.4288381019419617, 'hidden_continuous_size': 78, 'attention_head_size': 4, 'learning_rate': 0.01972461983319733}. Best is trial 0 with value: 11.218437194824219.
LOCAL_RANK: 0 - CUDA_VISIBLE_DEVICES: [0]
[I 2023-12-27 11:12:01,644] Trial 43 finished with value: 108.9751205444336 and parameters: {'gradient_clip_val': 0.21990392812064588, 'hidden_size': 101, 'dropout': 0.181933163253892, 'hidden_continuous_size': 58, 'attention_head_size': 4, 'learning_rate': 0.007409983864226136}. Best is trial 0 with value: 11.218437194824219.
LOCAL_RANK: 0 - CUDA_VISIBLE_DEVICES: [0]
[I 2023-12-27 11:12:02,173] Trial 44 finished with value: 93.46907806396484 and parameters: {'gradient_clip_val': 0.31656012257460736, 'hidden_size': 120, 'dropout': 0.36329216652584, 'hidden_continuous_size': 65, 'attention_head_size': 4, 'learning_rate': 0.013561213137448338}. Best is trial 0 with value: 11.218437194824219.
LOCAL_RANK: 0 - CUDA_VISIBLE_DEVICES: [0]
[I 2023-12-27 11:12:02,695] Trial 45 finished with value: 98.50919342041016 and parameters: {'gradient_clip_val': 0.24386200564403013, 'hidden_size': 72, 'dropout': 0.3842903987096193, 'hidden_continuous_size': 36, 'attention_head_size': 3, 'learning_rate': 0.0087172759149804}. Best is trial 0 with value: 11.218437194824219.
LOCAL_RANK: 0 - CUDA_VISIBLE_DEVICES: [0]
[I 2023-12-27 11:12:03,198] Trial 46 finished with value: 101.13623809814453 and parameters: {'gradient_clip_val': 0.20566444979816936, 'hidden_size': 89, 'dropout': 0.3120369403658577, 'hidden_continuous_size': 16, 'attention_head_size': 2, 'learning_rate': 0.011470269492301148}. Best is trial 0 with value: 11.218437194824219.
LOCAL_RANK: 0 - CUDA_VISIBLE_DEVICES: [0]
[I 2023-12-27 11:12:03,715] Trial 47 finished with value: 71.14275360107422 and parameters: {'gradient_clip_val': 0.1484229188080991, 'hidden_size': 120, 'dropout': 0.25233834505811203, 'hidden_continuous_size': 97, 'attention_head_size': 4, 'learning_rate': 0.014843038789278786}. Best is trial 0 with value: 11.218437194824219.
LOCAL_RANK: 0 - CUDA_VISIBLE_DEVICES: [0]
[I 2023-12-27 11:12:04,235] Trial 48 finished with value: 98.18233489990234 and parameters: {'gradient_clip_val': 0.14718164684587254, 'hidden_size': 128, 'dropout': 0.2504219101023747, 'hidden_continuous_size': 6, 'attention_head_size': 3, 'learning_rate': 0.028323142494127235}. Best is trial 0 with value: 11.218437194824219.
LOCAL_RANK: 0 - CUDA_VISIBLE_DEVICES: [0]
[I 2023-12-27 11:12:04,745] Trial 49 finished with value: 102.56295013427734 and parameters: {'gradient_clip_val': 0.1769347901625324, 'hidden_size': 73, 'dropout': 0.2861587522799828, 'hidden_continuous_size': 22, 'attention_head_size': 1, 'learning_rate': 0.01869371013956623}. Best is trial 0 with value: 11.218437194824219.
[I 2023-12-27 11:12:04,873] A new study created in memory with name: no-name-bb5a1df8-d6eb-4cb0-a903-dbe4487d19f6
/home/le004/conda/anaconda3/envs/tsff_env/lib/python3.9/site-packages/lightning/fabric/plugins/environments/slurm.py:191: The `srun` command is available on your system but is not used. HINT: If your intention is to run Lightning on SLURM, prepend your python command with `srun` like so: srun python /home/le004/master_thesis/git/TSFusionForecast/code/ ...
LOCAL_RANK: 0 - CUDA_VISIBLE_DEVICES: [0]
[I 2023-12-27 11:12:34,550] Trial 0 finished with value: 9.386446952819824 and parameters: {'gradient_clip_val': 0.5586884404545215, 'hidden_size': 46, 'dropout': 0.3057635999758504, 'hidden_continuous_size': 31, 'attention_head_size': 2, 'learning_rate': 0.0022142640021155925}. Best is trial 0 with value: 9.386446952819824.
LOCAL_RANK: 0 - CUDA_VISIBLE_DEVICES: [0]
[I 2023-12-27 11:12:58,556] Trial 1 finished with value: 8.008526802062988 and parameters: {'gradient_clip_val': 0.20792285225976892, 'hidden_size': 104, 'dropout': 0.3922585484512866, 'hidden_continuous_size': 100, 'attention_head_size': 2, 'learning_rate': 0.021682539593383947}. Best is trial 1 with value: 8.008526802062988.
LOCAL_RANK: 0 - CUDA_VISIBLE_DEVICES: [0]
[I 2023-12-27 11:12:59,005] Trial 2 finished with value: 75.80648803710938 and parameters: {'gradient_clip_val': 0.8947056097148085, 'hidden_size': 10, 'dropout': 0.24848842959041428, 'hidden_continuous_size': 5, 'attention_head_size': 2, 'learning_rate': 0.011537741631138363}. Best is trial 1 with value: 8.008526802062988.
LOCAL_RANK: 0 - CUDA_VISIBLE_DEVICES: [0]
[I 2023-12-27 11:12:59,497] Trial 3 finished with value: 52.7769660949707 and parameters: {'gradient_clip_val': 0.26963946974820635, 'hidden_size': 143, 'dropout': 0.10848296390716557, 'hidden_continuous_size': 9, 'attention_head_size': 2, 'learning_rate': 0.0008637581567356544}. Best is trial 1 with value: 8.008526802062988.
LOCAL_RANK: 0 - CUDA_VISIBLE_DEVICES: [0]
[I 2023-12-27 11:12:59,998] Trial 4 finished with value: 78.76021575927734 and parameters: {'gradient_clip_val': 0.4553045947240337, 'hidden_size': 119, 'dropout': 0.11586051808482273, 'hidden_continuous_size': 5, 'attention_head_size': 2, 'learning_rate': 0.008814903889330126}. Best is trial 1 with value: 8.008526802062988.
LOCAL_RANK: 0 - CUDA_VISIBLE_DEVICES: [0]
[I 2023-12-27 11:13:00,450] Trial 5 finished with value: 81.25761413574219 and parameters: {'gradient_clip_val': 0.9060966051047865, 'hidden_size': 7, 'dropout': 0.3539765118099729, 'hidden_continuous_size': 5, 'attention_head_size': 4, 'learning_rate': 0.009110427521298356}. Best is trial 1 with value: 8.008526802062988.
LOCAL_RANK: 0 - CUDA_VISIBLE_DEVICES: [0]
[I 2023-12-27 11:13:00,912] Trial 6 finished with value: 60.48310470581055 and parameters: {'gradient_clip_val': 0.23372771394673944, 'hidden_size': 15, 'dropout': 0.49384370261196575, 'hidden_continuous_size': 7, 'attention_head_size': 2, 'learning_rate': 0.01116794358551458}. Best is trial 1 with value: 8.008526802062988.
LOCAL_RANK: 0 - CUDA_VISIBLE_DEVICES: [0]
[I 2023-12-27 11:13:01,332] Trial 7 finished with value: 67.22213745117188 and parameters: {'gradient_clip_val': 0.9871454566558359, 'hidden_size': 6, 'dropout': 0.1300957693274088, 'hidden_continuous_size': 6, 'attention_head_size': 2, 'learning_rate': 0.06176120570760949}. Best is trial 1 with value: 8.008526802062988.
LOCAL_RANK: 0 - CUDA_VISIBLE_DEVICES: [0]
[I 2023-12-27 11:13:01,820] Trial 8 finished with value: 78.19662475585938 and parameters: {'gradient_clip_val': 0.12375508717203797, 'hidden_size': 18, 'dropout': 0.4949688239612129, 'hidden_continuous_size': 10, 'attention_head_size': 4, 'learning_rate': 0.04263611732164347}. Best is trial 1 with value: 8.008526802062988.
LOCAL_RANK: 0 - CUDA_VISIBLE_DEVICES: [0]
[I 2023-12-27 11:13:02,284] Trial 9 finished with value: 71.44573974609375 and parameters: {'gradient_clip_val': 0.10834846212698457, 'hidden_size': 11, 'dropout': 0.44213960741867186, 'hidden_continuous_size': 10, 'attention_head_size': 3, 'learning_rate': 0.009901800865603582}. Best is trial 1 with value: 8.008526802062988.
LOCAL_RANK: 0 - CUDA_VISIBLE_DEVICES: [0]
[I 2023-12-27 11:13:03,008] Trial 10 finished with value: 62.853206634521484 and parameters: {'gradient_clip_val': 0.1703427931586543, 'hidden_size': 46, 'dropout': 0.39383202541078677, 'hidden_continuous_size': 42, 'attention_head_size': 1, 'learning_rate': 0.03408629012555179}. Best is trial 1 with value: 8.008526802062988.
LOCAL_RANK: 0 - CUDA_VISIBLE_DEVICES: [0]
[I 2023-12-27 11:13:03,472] Trial 11 finished with value: 58.562198638916016 and parameters: {'gradient_clip_val': 0.3786067825090058, 'hidden_size': 54, 'dropout': 0.29929235141644095, 'hidden_continuous_size': 54, 'attention_head_size': 1, 'learning_rate': 0.0019909921717763245}. Best is trial 1 with value: 8.008526802062988.
LOCAL_RANK: 0 - CUDA_VISIBLE_DEVICES: [0]
[I 2023-12-27 11:13:03,975] Trial 12 finished with value: 68.27909851074219 and parameters: {'gradient_clip_val': 0.5248936928659053, 'hidden_size': 65, 'dropout': 0.34247371948695304, 'hidden_continuous_size': 32, 'attention_head_size': 3, 'learning_rate': 0.002564008879611235}. Best is trial 1 with value: 8.008526802062988.
LOCAL_RANK: 0 - CUDA_VISIBLE_DEVICES: [0]
[I 2023-12-27 11:13:04,467] Trial 13 finished with value: 57.61277770996094 and parameters: {'gradient_clip_val': 0.22365145999578645, 'hidden_size': 31, 'dropout': 0.266081107422518, 'hidden_continuous_size': 19, 'attention_head_size': 3, 'learning_rate': 0.0005148999956146117}. Best is trial 1 with value: 8.008526802062988.
LOCAL_RANK: 0 - CUDA_VISIBLE_DEVICES: [0]
[I 2023-12-27 11:13:04,928] Trial 14 finished with value: 72.59587860107422 and parameters: {'gradient_clip_val': 0.3414016541386394, 'hidden_size': 86, 'dropout': 0.3925679308220265, 'hidden_continuous_size': 86, 'attention_head_size': 1, 'learning_rate': 0.09399019122513616}. Best is trial 1 with value: 8.008526802062988.
LOCAL_RANK: 0 - CUDA_VISIBLE_DEVICES: [0]
[I 2023-12-27 11:13:05,433] Trial 15 finished with value: 71.93952178955078 and parameters: {'gradient_clip_val': 0.5676215209041223, 'hidden_size': 37, 'dropout': 0.21450907871001895, 'hidden_continuous_size': 17, 'attention_head_size': 3, 'learning_rate': 0.022986908876152214}. Best is trial 1 with value: 8.008526802062988.
LOCAL_RANK: 0 - CUDA_VISIBLE_DEVICES: [0]
[I 2023-12-27 11:13:05,953] Trial 16 finished with value: 58.6005973815918 and parameters: {'gradient_clip_val': 0.17245231517461984, 'hidden_size': 94, 'dropout': 0.32453182416635673, 'hidden_continuous_size': 81, 'attention_head_size': 1, 'learning_rate': 0.00410160406383137}. Best is trial 1 with value: 8.008526802062988.
LOCAL_RANK: 0 - CUDA_VISIBLE_DEVICES: [0]
[I 2023-12-27 11:13:06,456] Trial 17 finished with value: 62.6856575012207 and parameters: {'gradient_clip_val': 0.6413451128306227, 'hidden_size': 69, 'dropout': 0.3938824069252094, 'hidden_continuous_size': 29, 'attention_head_size': 2, 'learning_rate': 0.01897622055547998}. Best is trial 1 with value: 8.008526802062988.
LOCAL_RANK: 0 - CUDA_VISIBLE_DEVICES: [0]
[I 2023-12-27 11:13:06,945] Trial 18 finished with value: 82.04148864746094 and parameters: {'gradient_clip_val': 0.3893072854462528, 'hidden_size': 27, 'dropout': 0.2893400847448418, 'hidden_continuous_size': 14, 'attention_head_size': 3, 'learning_rate': 0.0047357948643782545}. Best is trial 1 with value: 8.008526802062988.
LOCAL_RANK: 0 - CUDA_VISIBLE_DEVICES: [0]
[I 2023-12-27 11:13:07,391] Trial 19 finished with value: 61.442996978759766 and parameters: {'gradient_clip_val': 0.3207333340627828, 'hidden_size': 46, 'dropout': 0.21635112492402153, 'hidden_continuous_size': 23, 'attention_head_size': 1, 'learning_rate': 0.0015297407005870716}. Best is trial 1 with value: 8.008526802062988.
LOCAL_RANK: 0 - CUDA_VISIBLE_DEVICES: [0]
[I 2023-12-27 11:13:07,915] Trial 20 finished with value: 55.573665618896484 and parameters: {'gradient_clip_val': 0.6614397979484503, 'hidden_size': 104, 'dropout': 0.3557818351887458, 'hidden_continuous_size': 61, 'attention_head_size': 2, 'learning_rate': 0.004459528150769729}. Best is trial 1 with value: 8.008526802062988.
LOCAL_RANK: 0 - CUDA_VISIBLE_DEVICES: [0]
[I 2023-12-27 11:13:08,441] Trial 21 finished with value: 56.91542434692383 and parameters: {'gradient_clip_val': 0.27862425088877607, 'hidden_size': 135, 'dropout': 0.1860808659158974, 'hidden_continuous_size': 135, 'attention_head_size': 2, 'learning_rate': 0.0011871495147917376}. Best is trial 1 with value: 8.008526802062988.
LOCAL_RANK: 0 - CUDA_VISIBLE_DEVICES: [0]
[I 2023-12-27 11:13:08,975] Trial 22 finished with value: 71.0337905883789 and parameters: {'gradient_clip_val': 0.27476024260516624, 'hidden_size': 145, 'dropout': 0.1607350884301663, 'hidden_continuous_size': 42, 'attention_head_size': 2, 'learning_rate': 0.0007697834319316844}. Best is trial 1 with value: 8.008526802062988.
LOCAL_RANK: 0 - CUDA_VISIBLE_DEVICES: [0]
[I 2023-12-27 11:13:09,742] Trial 23 finished with value: 92.3553237915039 and parameters: {'gradient_clip_val': 0.42611658984530537, 'hidden_size': 81, 'dropout': 0.1019981312958616, 'hidden_continuous_size': 25, 'attention_head_size': 2, 'learning_rate': 0.0009646231711366404}. Best is trial 1 with value: 8.008526802062988.
LOCAL_RANK: 0 - CUDA_VISIBLE_DEVICES: [0]
[I 2023-12-27 11:13:10,257] Trial 24 finished with value: 69.35182189941406 and parameters: {'gradient_clip_val': 0.2933503410772012, 'hidden_size': 121, 'dropout': 0.2649034122640889, 'hidden_continuous_size': 13, 'attention_head_size': 3, 'learning_rate': 0.0027676780638275895}. Best is trial 1 with value: 8.008526802062988.
LOCAL_RANK: 0 - CUDA_VISIBLE_DEVICES: [0]
[I 2023-12-27 11:13:10,742] Trial 25 finished with value: 74.3089370727539 and parameters: {'gradient_clip_val': 0.23055200428323896, 'hidden_size': 73, 'dropout': 0.15104231470812288, 'hidden_continuous_size': 34, 'attention_head_size': 2, 'learning_rate': 0.0015748156405286553}. Best is trial 1 with value: 8.008526802062988.
LOCAL_RANK: 0 - CUDA_VISIBLE_DEVICES: [0]
[I 2023-12-27 11:13:11,290] Trial 26 finished with value: 79.68414306640625 and parameters: {'gradient_clip_val': 0.3516191694942405, 'hidden_size': 150, 'dropout': 0.3164300712657596, 'hidden_continuous_size': 125, 'attention_head_size': 1, 'learning_rate': 0.0005148357721367218}. Best is trial 1 with value: 8.008526802062988.
LOCAL_RANK: 0 - CUDA_VISIBLE_DEVICES: [0]
[I 2023-12-27 11:13:11,804] Trial 27 finished with value: 68.56967163085938 and parameters: {'gradient_clip_val': 0.47303052666717305, 'hidden_size': 98, 'dropout': 0.2320072759060292, 'hidden_continuous_size': 22, 'attention_head_size': 2, 'learning_rate': 0.006015311483408286}. Best is trial 1 with value: 8.008526802062988.
LOCAL_RANK: 0 - CUDA_VISIBLE_DEVICES: [0]
[I 2023-12-27 11:13:12,320] Trial 28 finished with value: 79.8629379272461 and parameters: {'gradient_clip_val': 0.19144419153610379, 'hidden_size': 56, 'dropout': 0.19279324779956314, 'hidden_continuous_size': 26, 'attention_head_size': 3, 'learning_rate': 0.0009981330726622176}. Best is trial 1 with value: 8.008526802062988.
LOCAL_RANK: 0 - CUDA_VISIBLE_DEVICES: [0]
[I 2023-12-27 11:13:12,830] Trial 29 finished with value: 71.15181732177734 and parameters: {'gradient_clip_val': 0.7470496503001648, 'hidden_size': 106, 'dropout': 0.2714510830726989, 'hidden_continuous_size': 17, 'attention_head_size': 2, 'learning_rate': 0.013910493213451215}. Best is trial 1 with value: 8.008526802062988.
LOCAL_RANK: 0 - CUDA_VISIBLE_DEVICES: [0]
[I 2023-12-27 11:13:13,315] Trial 30 finished with value: 69.11884307861328 and parameters: {'gradient_clip_val': 0.41588218036584024, 'hidden_size': 81, 'dropout': 0.24814323697787935, 'hidden_continuous_size': 39, 'attention_head_size': 1, 'learning_rate': 0.003048312392768135}. Best is trial 1 with value: 8.008526802062988.
LOCAL_RANK: 0 - CUDA_VISIBLE_DEVICES: [0]
[I 2023-12-27 11:13:13,843] Trial 31 finished with value: 76.27449798583984 and parameters: {'gradient_clip_val': 0.7391581252041723, 'hidden_size': 113, 'dropout': 0.3659878919136527, 'hidden_continuous_size': 56, 'attention_head_size': 2, 'learning_rate': 0.006872586941881775}. Best is trial 1 with value: 8.008526802062988.
LOCAL_RANK: 0 - CUDA_VISIBLE_DEVICES: [0]
[I 2023-12-27 11:13:14,370] Trial 32 finished with value: 64.8486557006836 and parameters: {'gradient_clip_val': 0.5038855909011741, 'hidden_size': 107, 'dropout': 0.3117783770919757, 'hidden_continuous_size': 83, 'attention_head_size': 2, 'learning_rate': 0.004117377800067238}. Best is trial 1 with value: 8.008526802062988.
LOCAL_RANK: 0 - CUDA_VISIBLE_DEVICES: [0]
[I 2023-12-27 11:13:14,915] Trial 33 finished with value: 67.28874206542969 and parameters: {'gradient_clip_val': 0.6598415890405622, 'hidden_size': 120, 'dropout': 0.3314382131499393, 'hidden_continuous_size': 57, 'attention_head_size': 2, 'learning_rate': 0.0018233072573849006}. Best is trial 1 with value: 8.008526802062988.
LOCAL_RANK: 0 - CUDA_VISIBLE_DEVICES: [0]
[I 2023-12-27 11:13:15,462] Trial 34 finished with value: 70.4681167602539 and parameters: {'gradient_clip_val': 0.8291868828031804, 'hidden_size': 148, 'dropout': 0.36405746636942155, 'hidden_continuous_size': 68, 'attention_head_size': 2, 'learning_rate': 0.006735366743000405}. Best is trial 1 with value: 8.008526802062988.
LOCAL_RANK: 0 - CUDA_VISIBLE_DEVICES: [0]
[I 2023-12-27 11:13:15,966] Trial 35 finished with value: 85.0829849243164 and parameters: {'gradient_clip_val': 0.5801673379504823, 'hidden_size': 94, 'dropout': 0.12880427320106475, 'hidden_continuous_size': 46, 'attention_head_size': 2, 'learning_rate': 0.008224838587507395}. Best is trial 1 with value: 8.008526802062988.
LOCAL_RANK: 0 - CUDA_VISIBLE_DEVICES: [0]
[I 2023-12-27 11:13:16,707] Trial 36 finished with value: 61.056915283203125 and parameters: {'gradient_clip_val': 0.8894664568520043, 'hidden_size': 65, 'dropout': 0.3449888291134194, 'hidden_continuous_size': 34, 'attention_head_size': 4, 'learning_rate': 0.0022889878768714406}. Best is trial 1 with value: 8.008526802062988.
LOCAL_RANK: 0 - CUDA_VISIBLE_DEVICES: [0]
[I 2023-12-27 11:13:17,209] Trial 37 finished with value: 98.23441314697266 and parameters: {'gradient_clip_val': 0.9594038604985539, 'hidden_size': 118, 'dropout': 0.41567519919628526, 'hidden_continuous_size': 6, 'attention_head_size': 2, 'learning_rate': 0.0034087768750399867}. Best is trial 1 with value: 8.008526802062988.
LOCAL_RANK: 0 - CUDA_VISIBLE_DEVICES: [0]
[I 2023-12-27 11:13:17,735] Trial 38 finished with value: 57.5783805847168 and parameters: {'gradient_clip_val': 0.4248158783513375, 'hidden_size': 76, 'dropout': 0.45124102780169945, 'hidden_continuous_size': 8, 'attention_head_size': 2, 'learning_rate': 0.012288663699905463}. Best is trial 1 with value: 8.008526802062988.
LOCAL_RANK: 0 - CUDA_VISIBLE_DEVICES: [0]
[I 2023-12-27 11:13:18,248] Trial 39 finished with value: 70.45211029052734 and parameters: {'gradient_clip_val': 0.489230615744718, 'hidden_size': 90, 'dropout': 0.2899923406991496, 'hidden_continuous_size': 30, 'attention_head_size': 2, 'learning_rate': 0.005276598490416664}. Best is trial 1 with value: 8.008526802062988.
LOCAL_RANK: 0 - CUDA_VISIBLE_DEVICES: [0]
[I 2023-12-27 11:13:18,737] Trial 40 finished with value: 65.18509674072266 and parameters: {'gradient_clip_val': 0.31055165142173013, 'hidden_size': 20, 'dropout': 0.35807982982734066, 'hidden_continuous_size': 11, 'attention_head_size': 3, 'learning_rate': 0.0037013430415066026}. Best is trial 1 with value: 8.008526802062988.
LOCAL_RANK: 0 - CUDA_VISIBLE_DEVICES: [0]
[I 2023-12-27 11:13:19,276] Trial 41 finished with value: 61.73976516723633 and parameters: {'gradient_clip_val': 0.2653110073998136, 'hidden_size': 131, 'dropout': 0.1052052086331703, 'hidden_continuous_size': 105, 'attention_head_size': 2, 'learning_rate': 0.001295610025515701}. Best is trial 1 with value: 8.008526802062988.
LOCAL_RANK: 0 - CUDA_VISIBLE_DEVICES: [0]
[I 2023-12-27 11:13:19,820] Trial 42 finished with value: 55.87236022949219 and parameters: {'gradient_clip_val': 0.2737431555265241, 'hidden_size': 128, 'dropout': 0.16528987649178054, 'hidden_continuous_size': 117, 'attention_head_size': 2, 'learning_rate': 0.0021194092728732843}. Best is trial 1 with value: 8.008526802062988.
LOCAL_RANK: 0 - CUDA_VISIBLE_DEVICES: [0]
[I 2023-12-27 11:13:20,318] Trial 43 finished with value: 64.63414764404297 and parameters: {'gradient_clip_val': 0.2553350538448829, 'hidden_size': 106, 'dropout': 0.11437430051458955, 'hidden_continuous_size': 70, 'attention_head_size': 2, 'learning_rate': 0.0021084295627508995}. Best is trial 1 with value: 8.008526802062988.
LOCAL_RANK: 0 - CUDA_VISIBLE_DEVICES: [0]
[I 2023-12-27 11:13:20,842] Trial 44 finished with value: 64.5800552368164 and parameters: {'gradient_clip_val': 0.3409399392501588, 'hidden_size': 124, 'dropout': 0.13454527783338482, 'hidden_continuous_size': 100, 'attention_head_size': 1, 'learning_rate': 0.0024391249485679065}. Best is trial 1 with value: 8.008526802062988.
LOCAL_RANK: 0 - CUDA_VISIBLE_DEVICES: [0]
[I 2023-12-27 11:13:21,340] Trial 45 finished with value: 78.81157684326172 and parameters: {'gradient_clip_val': 0.21908045736279455, 'hidden_size': 86, 'dropout': 0.30188869922728817, 'hidden_continuous_size': 64, 'attention_head_size': 2, 'learning_rate': 0.0017697243497507037}. Best is trial 1 with value: 8.008526802062988.
LOCAL_RANK: 0 - CUDA_VISIBLE_DEVICES: [0]
