[I 2023-12-26 15:28:50,608] Trial 43 finished with value: 140.39015197753906 and parameters: {'gradient_clip_val': 0.6454089099751011, 'hidden_size': 118, 'dropout': 0.38473751510215815, 'hidden_continuous_size': 63, 'attention_head_size': 3, 'learning_rate': 0.07741475490851879}. Best is trial 0 with value: 71.30353546142578.
[I 2023-12-26 15:29:02,510] Trial 44 finished with value: 196.5447235107422 and parameters: {'gradient_clip_val': 0.846937359927177, 'hidden_size': 148, 'dropout': 0.4173246363733888, 'hidden_continuous_size': 33, 'attention_head_size': 3, 'learning_rate': 0.02584043825559012}. Best is trial 0 with value: 71.30353546142578.
[I 2023-12-26 15:29:11,907] Trial 45 finished with value: 152.95095825195312 and parameters: {'gradient_clip_val': 0.740589014177304, 'hidden_size': 114, 'dropout': 0.3929067242159566, 'hidden_continuous_size': 27, 'attention_head_size': 3, 'learning_rate': 0.05094381137076389}. Best is trial 0 with value: 71.30353546142578.
[I 2023-12-26 15:29:18,742] Trial 46 finished with value: 174.7571563720703 and parameters: {'gradient_clip_val': 0.6390760166099929, 'hidden_size': 75, 'dropout': 0.4311525410358107, 'hidden_continuous_size': 8, 'attention_head_size': 4, 'learning_rate': 0.07180806806520182}. Best is trial 0 with value: 71.30353546142578.
[I 2023-12-26 15:29:26,130] Trial 47 finished with value: 204.4673309326172 and parameters: {'gradient_clip_val': 0.9814359482337348, 'hidden_size': 89, 'dropout': 0.4115469102409079, 'hidden_continuous_size': 19, 'attention_head_size': 1, 'learning_rate': 0.029421431372703647}. Best is trial 0 with value: 71.30353546142578.
[I 2023-12-26 15:29:36,510] Trial 48 finished with value: 122.8744888305664 and parameters: {'gradient_clip_val': 0.5378222516005773, 'hidden_size': 121, 'dropout': 0.3665852871013482, 'hidden_continuous_size': 73, 'attention_head_size': 1, 'learning_rate': 0.04282084572437815}. Best is trial 0 with value: 71.30353546142578.
[I 2023-12-26 15:29:41,577] Trial 49 finished with value: 238.70960998535156 and parameters: {'gradient_clip_val': 0.5966579960542089, 'hidden_size': 64, 'dropout': 0.44794945872147274, 'hidden_continuous_size': 6, 'attention_head_size': 3, 'learning_rate': 0.06546110526863924}. Best is trial 0 with value: 71.30353546142578.
[I 2023-12-26 15:29:41,739] A new study created in memory with name: no-name-e57630fc-dfec-4c0a-b2d9-0c804d9d241f
/home/le004/conda/anaconda3/envs/tsff_env/lib/python3.9/site-packages/lightning/fabric/plugins/environments/slurm.py:191: The `srun` command is available on your system but is not used. HINT: If your intention is to run Lightning on SLURM, prepend your python command with `srun` like so: srun python /home/le004/master_thesis/git/TSFusionForecast/code/ ...
[I 2023-12-26 15:33:19,165] Trial 0 finished with value: 19.5041446685791 and parameters: {'gradient_clip_val': 0.3063997121770001, 'hidden_size': 10, 'dropout': 0.49245713948817305, 'hidden_continuous_size': 6, 'attention_head_size': 1, 'learning_rate': 0.004057227932338531}. Best is trial 0 with value: 19.5041446685791.
[I 2023-12-26 15:33:28,222] Trial 1 finished with value: 48.823673248291016 and parameters: {'gradient_clip_val': 0.42515883830215506, 'hidden_size': 106, 'dropout': 0.4341693459731645, 'hidden_continuous_size': 34, 'attention_head_size': 3, 'learning_rate': 0.07643746644796966}. Best is trial 0 with value: 19.5041446685791.
[I 2023-12-26 15:33:30,537] Trial 2 finished with value: 52.66306686401367 and parameters: {'gradient_clip_val': 0.29681805560981184, 'hidden_size': 7, 'dropout': 0.18669330607104598, 'hidden_continuous_size': 7, 'attention_head_size': 2, 'learning_rate': 0.006465958703297727}. Best is trial 0 with value: 19.5041446685791.
[I 2023-12-26 15:33:33,845] Trial 3 finished with value: 77.41653442382812 and parameters: {'gradient_clip_val': 0.1381803694012488, 'hidden_size': 33, 'dropout': 0.4613908753417033, 'hidden_continuous_size': 10, 'attention_head_size': 4, 'learning_rate': 0.013626006190742508}. Best is trial 0 with value: 19.5041446685791.
[I 2023-12-26 15:33:41,953] Trial 4 finished with value: 52.048980712890625 and parameters: {'gradient_clip_val': 0.19698201001424667, 'hidden_size': 100, 'dropout': 0.47240761458328806, 'hidden_continuous_size': 45, 'attention_head_size': 1, 'learning_rate': 0.001114487472513366}. Best is trial 0 with value: 19.5041446685791.
[I 2023-12-26 15:33:44,339] Trial 5 finished with value: 62.51932907104492 and parameters: {'gradient_clip_val': 0.13009770739379067, 'hidden_size': 14, 'dropout': 0.28576670619304945, 'hidden_continuous_size': 5, 'attention_head_size': 4, 'learning_rate': 0.02353580706752226}. Best is trial 0 with value: 19.5041446685791.
[I 2023-12-26 15:33:46,808] Trial 6 finished with value: 58.601593017578125 and parameters: {'gradient_clip_val': 0.6014332187997667, 'hidden_size': 14, 'dropout': 0.3771204341332606, 'hidden_continuous_size': 9, 'attention_head_size': 1, 'learning_rate': 0.0005048145211777137}. Best is trial 0 with value: 19.5041446685791.
[I 2023-12-26 15:33:48,768] Trial 7 finished with value: 68.10942077636719 and parameters: {'gradient_clip_val': 0.48505060063104716, 'hidden_size': 5, 'dropout': 0.29753972339907886, 'hidden_continuous_size': 5, 'attention_head_size': 3, 'learning_rate': 0.00860859864972536}. Best is trial 0 with value: 19.5041446685791.
[I 2023-12-26 15:33:51,415] Trial 8 finished with value: 63.67998123168945 and parameters: {'gradient_clip_val': 0.26039487239298914, 'hidden_size': 12, 'dropout': 0.22155141026128689, 'hidden_continuous_size': 6, 'attention_head_size': 4, 'learning_rate': 0.012485590522497505}. Best is trial 0 with value: 19.5041446685791.
[I 2023-12-26 15:33:53,939] Trial 9 finished with value: 67.9583511352539 and parameters: {'gradient_clip_val': 0.23378952342261067, 'hidden_size': 9, 'dropout': 0.20529459857451277, 'hidden_continuous_size': 8, 'attention_head_size': 3, 'learning_rate': 0.011980837047693652}. Best is trial 0 with value: 19.5041446685791.
[I 2023-12-26 15:33:57,563] Trial 10 finished with value: 57.39729309082031 and parameters: {'gradient_clip_val': 0.8576582018980301, 'hidden_size': 31, 'dropout': 0.49763369330927126, 'hidden_continuous_size': 14, 'attention_head_size': 2, 'learning_rate': 0.0026962930317617853}. Best is trial 0 with value: 19.5041446685791.
[I 2023-12-26 15:34:05,709] Trial 11 finished with value: 55.49555587768555 and parameters: {'gradient_clip_val': 0.4170892292951929, 'hidden_size': 97, 'dropout': 0.40222056864871697, 'hidden_continuous_size': 29, 'attention_head_size': 2, 'learning_rate': 0.09019182831411579}. Best is trial 0 with value: 19.5041446685791.
[I 2023-12-26 15:34:10,360] Trial 12 finished with value: 60.45987319946289 and parameters: {'gradient_clip_val': 0.37063041455455964, 'hidden_size': 54, 'dropout': 0.39955430949304216, 'hidden_continuous_size': 23, 'attention_head_size': 3, 'learning_rate': 0.09299955516158906}. Best is trial 0 with value: 19.5041446685791.
[I 2023-12-26 15:34:22,512] Trial 13 finished with value: 50.12174987792969 and parameters: {'gradient_clip_val': 0.3473197006896144, 'hidden_size': 144, 'dropout': 0.44278595562371026, 'hidden_continuous_size': 104, 'attention_head_size': 1, 'learning_rate': 0.03474335240960453}. Best is trial 0 with value: 19.5041446685791.
[I 2023-12-26 15:34:25,092] Trial 14 finished with value: 57.93305969238281 and parameters: {'gradient_clip_val': 0.5589187904919989, 'hidden_size': 21, 'dropout': 0.49929965927200476, 'hidden_continuous_size': 6, 'attention_head_size': 2, 'learning_rate': 0.004036583257620461}. Best is trial 0 with value: 19.5041446685791.
[I 2023-12-26 15:34:29,478] Trial 15 finished with value: 91.62222290039062 and parameters: {'gradient_clip_val': 0.19131094207621505, 'hidden_size': 51, 'dropout': 0.34798682942584047, 'hidden_continuous_size': 12, 'attention_head_size': 3, 'learning_rate': 0.002542662129678273}. Best is trial 0 with value: 19.5041446685791.
[I 2023-12-26 15:34:31,986] Trial 16 finished with value: 60.12583541870117 and parameters: {'gradient_clip_val': 0.3240878133792796, 'hidden_size': 20, 'dropout': 0.43439142858081614, 'hidden_continuous_size': 7, 'attention_head_size': 1, 'learning_rate': 0.03901262040598825}. Best is trial 0 with value: 19.5041446685791.
[I 2023-12-26 15:34:33,857] Trial 17 finished with value: 55.6778450012207 and parameters: {'gradient_clip_val': 0.4395546373080657, 'hidden_size': 5, 'dropout': 0.11449751983488318, 'hidden_continuous_size': 5, 'attention_head_size': 2, 'learning_rate': 0.005771971706774564}. Best is trial 0 with value: 19.5041446685791.
[I 2023-12-26 15:34:37,659] Trial 18 finished with value: 61.130619049072266 and parameters: {'gradient_clip_val': 0.6816477239494326, 'hidden_size': 42, 'dropout': 0.43095006488934273, 'hidden_continuous_size': 12, 'attention_head_size': 3, 'learning_rate': 0.020688906705621384}. Best is trial 0 with value: 19.5041446685791.
[I 2023-12-26 15:34:40,790] Trial 19 finished with value: 65.29199981689453 and parameters: {'gradient_clip_val': 0.9026757567670505, 'hidden_size': 23, 'dropout': 0.35220714775494766, 'hidden_continuous_size': 8, 'attention_head_size': 4, 'learning_rate': 0.05015635537040794}. Best is trial 0 with value: 19.5041446685791.
[I 2023-12-26 15:34:45,989] Trial 20 finished with value: 53.58932876586914 and parameters: {'gradient_clip_val': 0.4686801326287517, 'hidden_size': 67, 'dropout': 0.4610853453028376, 'hidden_continuous_size': 20, 'attention_head_size': 1, 'learning_rate': 0.021709806798278997}. Best is trial 0 with value: 19.5041446685791.
[I 2023-12-26 15:34:56,971] Trial 21 finished with value: 64.00312042236328 and parameters: {'gradient_clip_val': 0.34413029979152243, 'hidden_size': 123, 'dropout': 0.43036973311228693, 'hidden_continuous_size': 111, 'attention_head_size': 1, 'learning_rate': 0.043087044497081214}. Best is trial 0 with value: 19.5041446685791.
[I 2023-12-26 15:35:03,661] Trial 22 finished with value: 53.46754837036133 and parameters: {'gradient_clip_val': 0.374001514471746, 'hidden_size': 79, 'dropout': 0.49980189192394653, 'hidden_continuous_size': 48, 'attention_head_size': 1, 'learning_rate': 0.06178938789696903}. Best is trial 0 with value: 19.5041446685791.
[I 2023-12-26 15:35:16,134] Trial 23 finished with value: 59.37849807739258 and parameters: {'gradient_clip_val': 0.28319268338609205, 'hidden_size': 136, 'dropout': 0.4507622271854439, 'hidden_continuous_size': 131, 'attention_head_size': 2, 'learning_rate': 0.035102402733358726}. Best is trial 0 with value: 19.5041446685791.
[I 2023-12-26 15:35:27,706] Trial 24 finished with value: 47.22907638549805 and parameters: {'gradient_clip_val': 0.3375395497380295, 'hidden_size': 145, 'dropout': 0.39614158401449634, 'hidden_continuous_size': 85, 'attention_head_size': 1, 'learning_rate': 0.06877008948910883}. Best is trial 0 with value: 19.5041446685791.
[I 2023-12-26 15:35:40,196] Trial 25 finished with value: 49.73678970336914 and parameters: {'gradient_clip_val': 0.22951210593068697, 'hidden_size': 149, 'dropout': 0.3964189352288868, 'hidden_continuous_size': 76, 'attention_head_size': 2, 'learning_rate': 0.06904391773952312}. Best is trial 0 with value: 19.5041446685791.
[I 2023-12-26 15:35:47,172] Trial 26 finished with value: 54.45608139038086 and parameters: {'gradient_clip_val': 0.40358551673319437, 'hidden_size': 95, 'dropout': 0.3480149229192314, 'hidden_continuous_size': 38, 'attention_head_size': 3, 'learning_rate': 0.08839207779991075}. Best is trial 0 with value: 19.5041446685791.
[I 2023-12-26 15:35:51,859] Trial 27 finished with value: 68.05947875976562 and parameters: {'gradient_clip_val': 0.30847510889299756, 'hidden_size': 74, 'dropout': 0.4161665512548522, 'hidden_continuous_size': 19, 'attention_head_size': 1, 'learning_rate': 0.06124092150433519}. Best is trial 0 with value: 19.5041446685791.
[I 2023-12-26 15:35:59,279] Trial 28 finished with value: 52.38088607788086 and parameters: {'gradient_clip_val': 0.5460787907472869, 'hidden_size': 109, 'dropout': 0.4759231017229926, 'hidden_continuous_size': 66, 'attention_head_size': 2, 'learning_rate': 0.09861595172079463}. Best is trial 0 with value: 19.5041446685791.
[I 2023-12-26 15:36:01,158] Trial 29 finished with value: 71.3560562133789 and parameters: {'gradient_clip_val': 0.3129707370320285, 'hidden_size': 7, 'dropout': 0.42137418990415426, 'hidden_continuous_size': 6, 'attention_head_size': 1, 'learning_rate': 0.025285867938866387}. Best is trial 0 with value: 19.5041446685791.
[I 2023-12-26 15:36:07,984] Trial 30 finished with value: 54.11323547363281 and parameters: {'gradient_clip_val': 0.2700527339065608, 'hidden_size': 120, 'dropout': 0.37487993044909673, 'hidden_continuous_size': 30, 'attention_head_size': 2, 'learning_rate': 0.053537287139209924}. Best is trial 0 with value: 19.5041446685791.
[I 2023-12-26 15:36:16,298] Trial 31 finished with value: 55.484127044677734 and parameters: {'gradient_clip_val': 0.23264030617112494, 'hidden_size': 133, 'dropout': 0.3910362542791542, 'hidden_continuous_size': 77, 'attention_head_size': 2, 'learning_rate': 0.05642931510635885}. Best is trial 0 with value: 19.5041446685791.
[I 2023-12-26 15:36:21,379] Trial 32 finished with value: 64.14188385009766 and parameters: {'gradient_clip_val': 0.10571309235050437, 'hidden_size': 88, 'dropout': 0.4684501552245243, 'hidden_continuous_size': 57, 'attention_head_size': 1, 'learning_rate': 0.07447041283077079}. Best is trial 0 with value: 19.5041446685791.
[I 2023-12-26 15:36:31,052] Trial 33 finished with value: 55.29560852050781 and parameters: {'gradient_clip_val': 0.3829977868702236, 'hidden_size': 150, 'dropout': 0.44765470177097477, 'hidden_continuous_size': 82, 'attention_head_size': 3, 'learning_rate': 0.03267752797690703}. Best is trial 0 with value: 19.5041446685791.
[I 2023-12-26 15:36:37,703] Trial 34 finished with value: 39.473304748535156 and parameters: {'gradient_clip_val': 0.1914344049895633, 'hidden_size': 112, 'dropout': 0.4731522648141506, 'hidden_continuous_size': 58, 'attention_head_size': 1, 'learning_rate': 0.06587399780315802}. Best is trial 0 with value: 19.5041446685791.
[I 2023-12-26 15:36:44,240] Trial 35 finished with value: 57.21925735473633 and parameters: {'gradient_clip_val': 0.18845264694647987, 'hidden_size': 107, 'dropout': 0.4674161280733092, 'hidden_continuous_size': 52, 'attention_head_size': 1, 'learning_rate': 0.016715055731521742}. Best is trial 0 with value: 19.5041446685791.
[I 2023-12-26 15:36:48,400] Trial 36 finished with value: 61.79060745239258 and parameters: {'gradient_clip_val': 0.15206944662457506, 'hidden_size': 71, 'dropout': 0.4808645393985556, 'hidden_continuous_size': 43, 'attention_head_size': 1, 'learning_rate': 0.028054421632204424}. Best is trial 0 with value: 19.5041446685791.
[I 2023-12-26 15:36:53,638] Trial 37 finished with value: 61.381710052490234 and parameters: {'gradient_clip_val': 0.29371121629951646, 'hidden_size': 90, 'dropout': 0.4799850745969196, 'hidden_continuous_size': 39, 'attention_head_size': 1, 'learning_rate': 0.04143472720327154}. Best is trial 0 with value: 19.5041446685791.
[I 2023-12-26 15:37:00,719] Trial 38 finished with value: 52.931365966796875 and parameters: {'gradient_clip_val': 0.4574606340823911, 'hidden_size': 116, 'dropout': 0.4504407814534989, 'hidden_continuous_size': 59, 'attention_head_size': 4, 'learning_rate': 0.05057214486639634}. Best is trial 0 with value: 19.5041446685791.
[I 2023-12-26 15:37:04,210] Trial 39 finished with value: 70.29927825927734 and parameters: {'gradient_clip_val': 0.25665378018342355, 'hidden_size': 59, 'dropout': 0.4128995245615176, 'hidden_continuous_size': 42, 'attention_head_size': 1, 'learning_rate': 0.008965612074780584}. Best is trial 0 with value: 19.5041446685791.
[I 2023-12-26 15:37:06,977] Trial 40 finished with value: 50.60397720336914 and parameters: {'gradient_clip_val': 0.34010797524082953, 'hidden_size': 39, 'dropout': 0.4517120433247668, 'hidden_continuous_size': 32, 'attention_head_size': 4, 'learning_rate': 0.07619843069077746}. Best is trial 0 with value: 19.5041446685791.
[I 2023-12-26 15:37:13,700] Trial 41 finished with value: 45.357486724853516 and parameters: {'gradient_clip_val': 0.22250259111800175, 'hidden_size': 107, 'dropout': 0.3796849434423838, 'hidden_continuous_size': 73, 'attention_head_size': 2, 'learning_rate': 0.064189535239668}. Best is trial 0 with value: 19.5041446685791.
[I 2023-12-26 15:37:18,878] Trial 42 finished with value: 51.150814056396484 and parameters: {'gradient_clip_val': 0.21676954505381893, 'hidden_size': 87, 'dropout': 0.3711951625723896, 'hidden_continuous_size': 49, 'attention_head_size': 1, 'learning_rate': 0.07227781557445076}. Best is trial 0 with value: 19.5041446685791.
[I 2023-12-26 15:37:25,347] Trial 43 finished with value: 48.16194152832031 and parameters: {'gradient_clip_val': 0.1745189576173182, 'hidden_size': 107, 'dropout': 0.4248809285473031, 'hidden_continuous_size': 64, 'attention_head_size': 2, 'learning_rate': 0.04812054549196019}. Best is trial 0 with value: 19.5041446685791.
[I 2023-12-26 15:37:32,242] Trial 44 finished with value: 52.133670806884766 and parameters: {'gradient_clip_val': 0.17605272663577481, 'hidden_size': 108, 'dropout': 0.41893695629953426, 'hidden_continuous_size': 61, 'attention_head_size': 2, 'learning_rate': 0.04668753775625894}. Best is trial 0 with value: 19.5041446685791.
[I 2023-12-26 15:37:37,323] Trial 45 finished with value: 41.841064453125 and parameters: {'gradient_clip_val': 0.25525827835088466, 'hidden_size': 84, 'dropout': 0.31331341648845246, 'hidden_continuous_size': 55, 'attention_head_size': 2, 'learning_rate': 0.0999174033558014}. Best is trial 0 with value: 19.5041446685791.
[I 2023-12-26 15:37:45,360] Trial 46 finished with value: 41.16978073120117 and parameters: {'gradient_clip_val': 0.251445933137462, 'hidden_size': 128, 'dropout': 0.28134682548459544, 'hidden_continuous_size': 90, 'attention_head_size': 2, 'learning_rate': 0.0775981029564857}. Best is trial 0 with value: 19.5041446685791.
[I 2023-12-26 15:37:50,156] Trial 47 finished with value: 46.9582633972168 and parameters: {'gradient_clip_val': 0.20719299419817766, 'hidden_size': 81, 'dropout': 0.3212303239950171, 'hidden_continuous_size': 54, 'attention_head_size': 2, 'learning_rate': 0.09847277189153633}. Best is trial 0 with value: 19.5041446685791.
[I 2023-12-26 15:37:53,830] Trial 48 finished with value: 59.79683303833008 and parameters: {'gradient_clip_val': 0.2631516528896578, 'hidden_size': 62, 'dropout': 0.277549992550433, 'hidden_continuous_size': 47, 'attention_head_size': 2, 'learning_rate': 0.029252958745746252}. Best is trial 0 with value: 19.5041446685791.
[I 2023-12-26 15:37:59,827] Trial 49 finished with value: 54.30084228515625 and parameters: {'gradient_clip_val': 0.24333427079880868, 'hidden_size': 95, 'dropout': 0.26805659917109875, 'hidden_continuous_size': 69, 'attention_head_size': 2, 'learning_rate': 0.08193983646633904}. Best is trial 0 with value: 19.5041446685791.
[I 2023-12-26 15:37:59,943] A new study created in memory with name: no-name-38d45d75-0ccc-4bae-88c2-009b8efc92c6
/home/le004/conda/anaconda3/envs/tsff_env/lib/python3.9/site-packages/lightning/fabric/plugins/environments/slurm.py:191: The `srun` command is available on your system but is not used. HINT: If your intention is to run Lightning on SLURM, prepend your python command with `srun` like so: srun python /home/le004/master_thesis/git/TSFusionForecast/code/ ...
[I 2023-12-26 15:41:55,918] Trial 0 finished with value: 133.62063598632812 and parameters: {'gradient_clip_val': 0.26509829171967, 'hidden_size': 26, 'dropout': 0.3911757680240301, 'hidden_continuous_size': 7, 'attention_head_size': 3, 'learning_rate': 0.0008958937168480198}. Best is trial 0 with value: 133.62063598632812.
[I 2023-12-26 15:41:58,103] Trial 1 finished with value: 193.75439453125 and parameters: {'gradient_clip_val': 0.11807643866720523, 'hidden_size': 11, 'dropout': 0.3581265911556779, 'hidden_continuous_size': 11, 'attention_head_size': 1, 'learning_rate': 0.029306387838771524}. Best is trial 0 with value: 133.62063598632812.
[I 2023-12-26 15:42:00,394] Trial 2 finished with value: 213.68211364746094 and parameters: {'gradient_clip_val': 0.7029009060499073, 'hidden_size': 12, 'dropout': 0.2856247589154547, 'hidden_continuous_size': 9, 'attention_head_size': 2, 'learning_rate': 0.036882715513409804}. Best is trial 0 with value: 133.62063598632812.
[I 2023-12-26 15:42:02,507] Trial 3 finished with value: 270.4840393066406 and parameters: {'gradient_clip_val': 0.4676960060613596, 'hidden_size': 8, 'dropout': 0.19598973842386191, 'hidden_continuous_size': 7, 'attention_head_size': 2, 'learning_rate': 0.0007430686589942661}. Best is trial 0 with value: 133.62063598632812.
[I 2023-12-26 15:42:04,988] Trial 4 finished with value: 181.9141845703125 and parameters: {'gradient_clip_val': 0.24732778785426074, 'hidden_size': 17, 'dropout': 0.3589703984758036, 'hidden_continuous_size': 16, 'attention_head_size': 4, 'learning_rate': 0.001626294365532604}. Best is trial 0 with value: 133.62063598632812.
[I 2023-12-26 15:42:15,274] Trial 5 finished with value: 238.69549560546875 and parameters: {'gradient_clip_val': 0.38352822365903844, 'hidden_size': 130, 'dropout': 0.2260356612521247, 'hidden_continuous_size': 69, 'attention_head_size': 2, 'learning_rate': 0.033320956191322554}. Best is trial 0 with value: 133.62063598632812.
[I 2023-12-26 15:42:23,913] Trial 6 finished with value: 189.12158203125 and parameters: {'gradient_clip_val': 0.6095475020701866, 'hidden_size': 115, 'dropout': 0.15331232337960854, 'hidden_continuous_size': 18, 'attention_head_size': 3, 'learning_rate': 0.0007533894151360139}. Best is trial 0 with value: 133.62063598632812.
