[I 2023-12-16 03:56:45,884] Trial 1 finished with value: 0.9991495013237 and parameters: {'gradient_clip_val': 0.23163247598323913, 'hidden_size': 10, 'dropout': 0.32973315414567117, 'hidden_continuous_size': 8, 'attention_head_size': 3, 'learning_rate': 0.010030369084323754}. Best is trial 1 with value: 0.9991495013237.
LOCAL_RANK: 0 - CUDA_VISIBLE_DEVICES: [0]
[I 2023-12-16 03:57:40,204] Trial 2 finished with value: 3.5535764694213867 and parameters: {'gradient_clip_val': 0.8985632090632165, 'hidden_size': 62, 'dropout': 0.16835314856454858, 'hidden_continuous_size': 40, 'attention_head_size': 3, 'learning_rate': 0.0006393828461995039}. Best is trial 1 with value: 0.9991495013237.
LOCAL_RANK: 0 - CUDA_VISIBLE_DEVICES: [0]
[I 2023-12-16 03:58:33,200] Trial 3 finished with value: 1.2886546850204468 and parameters: {'gradient_clip_val': 0.45840054716710665, 'hidden_size': 70, 'dropout': 0.16795676281945565, 'hidden_continuous_size': 7, 'attention_head_size': 4, 'learning_rate': 0.009732058634301856}. Best is trial 1 with value: 0.9991495013237.
LOCAL_RANK: 0 - CUDA_VISIBLE_DEVICES: [0]
[I 2023-12-16 03:59:18,373] Trial 4 finished with value: 1.264512538909912 and parameters: {'gradient_clip_val': 0.11641931492760774, 'hidden_size': 6, 'dropout': 0.3705523426602806, 'hidden_continuous_size': 5, 'attention_head_size': 3, 'learning_rate': 0.023676153988367095}. Best is trial 1 with value: 0.9991495013237.
LOCAL_RANK: 0 - CUDA_VISIBLE_DEVICES: [0]
[I 2023-12-16 03:59:55,170] Trial 5 finished with value: 2.010424852371216 and parameters: {'gradient_clip_val': 0.7044537526825005, 'hidden_size': 96, 'dropout': 0.3373119862052302, 'hidden_continuous_size': 96, 'attention_head_size': 2, 'learning_rate': 0.009960565213524569}. Best is trial 1 with value: 0.9991495013237.
LOCAL_RANK: 0 - CUDA_VISIBLE_DEVICES: [0]
[I 2023-12-16 04:00:48,580] Trial 6 finished with value: 1.8247785568237305 and parameters: {'gradient_clip_val': 0.11444634200431449, 'hidden_size': 65, 'dropout': 0.2686993023306137, 'hidden_continuous_size': 8, 'attention_head_size': 3, 'learning_rate': 0.0006497263275569385}. Best is trial 1 with value: 0.9991495013237.
LOCAL_RANK: 0 - CUDA_VISIBLE_DEVICES: [0]
[I 2023-12-16 04:01:23,175] Trial 7 finished with value: 3.2663891315460205 and parameters: {'gradient_clip_val': 0.7775204298185779, 'hidden_size': 5, 'dropout': 0.2895301998933367, 'hidden_continuous_size': 5, 'attention_head_size': 4, 'learning_rate': 0.0022957516927328}. Best is trial 1 with value: 0.9991495013237.
LOCAL_RANK: 0 - CUDA_VISIBLE_DEVICES: [0]
[I 2023-12-16 04:02:17,132] Trial 8 finished with value: 0.1243823766708374 and parameters: {'gradient_clip_val': 0.20272247130047105, 'hidden_size': 72, 'dropout': 0.36877062800557936, 'hidden_continuous_size': 24, 'attention_head_size': 4, 'learning_rate': 0.0663294097104272}. Best is trial 8 with value: 0.1243823766708374.
LOCAL_RANK: 0 - CUDA_VISIBLE_DEVICES: [0]
[I 2023-12-16 04:03:11,606] Trial 9 finished with value: 3.053762435913086 and parameters: {'gradient_clip_val': 0.37093001746211846, 'hidden_size': 93, 'dropout': 0.2524289620202764, 'hidden_continuous_size': 19, 'attention_head_size': 1, 'learning_rate': 0.0018640845690717624}. Best is trial 8 with value: 0.1243823766708374.
LOCAL_RANK: 0 - CUDA_VISIBLE_DEVICES: [0]
[I 2023-12-16 04:04:03,248] Trial 10 finished with value: 0.653383195400238 and parameters: {'gradient_clip_val': 0.22885190239583694, 'hidden_size': 35, 'dropout': 0.3983028559289614, 'hidden_continuous_size': 15, 'attention_head_size': 4, 'learning_rate': 0.09903080883751318}. Best is trial 8 with value: 0.1243823766708374.
LOCAL_RANK: 0 - CUDA_VISIBLE_DEVICES: [0]
[I 2023-12-16 04:04:55,966] Trial 11 finished with value: 4.157522678375244 and parameters: {'gradient_clip_val': 0.2291686134483303, 'hidden_size': 35, 'dropout': 0.39822753842416325, 'hidden_continuous_size': 18, 'attention_head_size': 4, 'learning_rate': 0.09091400311211277}. Best is trial 8 with value: 0.1243823766708374.
LOCAL_RANK: 0 - CUDA_VISIBLE_DEVICES: [0]
[I 2023-12-16 04:05:46,888] Trial 12 finished with value: 1.846552848815918 and parameters: {'gradient_clip_val': 0.21316935020573366, 'hidden_size': 36, 'dropout': 0.3860780906091118, 'hidden_continuous_size': 15, 'attention_head_size': 4, 'learning_rate': 0.09213670900226126}. Best is trial 8 with value: 0.1243823766708374.
LOCAL_RANK: 0 - CUDA_VISIBLE_DEVICES: [0]
[I 2023-12-16 04:06:39,051] Trial 13 finished with value: 2.1213927268981934 and parameters: {'gradient_clip_val': 0.15956101587610508, 'hidden_size': 37, 'dropout': 0.3544846020183511, 'hidden_continuous_size': 14, 'attention_head_size': 4, 'learning_rate': 0.04821033669111135}. Best is trial 8 with value: 0.1243823766708374.
LOCAL_RANK: 0 - CUDA_VISIBLE_DEVICES: [0]
[I 2023-12-16 04:07:27,876] Trial 14 finished with value: 2.6905441284179688 and parameters: {'gradient_clip_val': 0.30952504212311, 'hidden_size': 23, 'dropout': 0.39318209347807526, 'hidden_continuous_size': 12, 'attention_head_size': 2, 'learning_rate': 0.03456927999794901}. Best is trial 8 with value: 0.1243823766708374.
LOCAL_RANK: 0 - CUDA_VISIBLE_DEVICES: [0]
[I 2023-12-16 04:08:20,397] Trial 15 finished with value: 0.8573184013366699 and parameters: {'gradient_clip_val': 0.16232884208964796, 'hidden_size': 48, 'dropout': 0.32909923432209254, 'hidden_continuous_size': 22, 'attention_head_size': 4, 'learning_rate': 0.022484917704307134}. Best is trial 8 with value: 0.1243823766708374.
LOCAL_RANK: 0 - CUDA_VISIBLE_DEVICES: [0]
[I 2023-12-16 04:09:09,194] Trial 16 finished with value: 3.0446932315826416 and parameters: {'gradient_clip_val': 0.3131665522673475, 'hidden_size': 23, 'dropout': 0.22510521184438698, 'hidden_continuous_size': 11, 'attention_head_size': 2, 'learning_rate': 0.05941548091949565}. Best is trial 8 with value: 0.1243823766708374.
LOCAL_RANK: 0 - CUDA_VISIBLE_DEVICES: [0]
[I 2023-12-16 04:10:01,233] Trial 17 finished with value: 0.6528258323669434 and parameters: {'gradient_clip_val': 0.16489474907421572, 'hidden_size': 48, 'dropout': 0.35932934640337916, 'hidden_continuous_size': 25, 'attention_head_size': 3, 'learning_rate': 0.05046969965257387}. Best is trial 8 with value: 0.1243823766708374.
LOCAL_RANK: 0 - CUDA_VISIBLE_DEVICES: [0]
[I 2023-12-16 04:10:54,493] Trial 18 finished with value: 0.7166888117790222 and parameters: {'gradient_clip_val': 0.10334875538876032, 'hidden_size': 50, 'dropout': 0.3608393636041943, 'hidden_continuous_size': 26, 'attention_head_size': 3, 'learning_rate': 0.02237673855774405}. Best is trial 8 with value: 0.1243823766708374.
LOCAL_RANK: 0 - CUDA_VISIBLE_DEVICES: [0]
[I 2023-12-16 04:11:50,059] Trial 19 finished with value: 0.15639442205429077 and parameters: {'gradient_clip_val': 0.157292349611903, 'hidden_size': 98, 'dropout': 0.31186933524491844, 'hidden_continuous_size': 32, 'attention_head_size': 3, 'learning_rate': 0.04101760132119585}. Best is trial 8 with value: 0.1243823766708374.
LOCAL_RANK: 0 - CUDA_VISIBLE_DEVICES: [0]
[I 2023-12-16 04:12:45,372] Trial 20 finished with value: 0.37837210297584534 and parameters: {'gradient_clip_val': 0.13600827489331702, 'hidden_size': 100, 'dropout': 0.31132942983152134, 'hidden_continuous_size': 37, 'attention_head_size': 2, 'learning_rate': 0.03166852366519929}. Best is trial 8 with value: 0.1243823766708374.
LOCAL_RANK: 0 - CUDA_VISIBLE_DEVICES: [0]
[I 2023-12-16 04:13:41,211] Trial 21 finished with value: 1.3501758575439453 and parameters: {'gradient_clip_val': 0.13757600777073375, 'hidden_size': 90, 'dropout': 0.30996457669539784, 'hidden_continuous_size': 39, 'attention_head_size': 2, 'learning_rate': 0.035669918691600314}. Best is trial 8 with value: 0.1243823766708374.
LOCAL_RANK: 0 - CUDA_VISIBLE_DEVICES: [0]
[I 2023-12-16 04:14:34,774] Trial 22 finished with value: 0.22037559747695923 and parameters: {'gradient_clip_val': 0.18982151561415186, 'hidden_size': 76, 'dropout': 0.30499756767583797, 'hidden_continuous_size': 32, 'attention_head_size': 2, 'learning_rate': 0.01671886404508262}. Best is trial 8 with value: 0.1243823766708374.
LOCAL_RANK: 0 - CUDA_VISIBLE_DEVICES: [0]
[I 2023-12-16 04:15:28,116] Trial 23 finished with value: 1.6575654745101929 and parameters: {'gradient_clip_val': 0.1893589095294829, 'hidden_size': 70, 'dropout': 0.2837103241080517, 'hidden_continuous_size': 30, 'attention_head_size': 1, 'learning_rate': 0.013660094672631067}. Best is trial 8 with value: 0.1243823766708374.
LOCAL_RANK: 0 - CUDA_VISIBLE_DEVICES: [0]
[I 2023-12-16 04:16:22,381] Trial 24 finished with value: 2.050114393234253 and parameters: {'gradient_clip_val': 0.2819492014573761, 'hidden_size': 75, 'dropout': 0.33722673917036466, 'hidden_continuous_size': 31, 'attention_head_size': 2, 'learning_rate': 0.017012945264282833}. Best is trial 8 with value: 0.1243823766708374.
LOCAL_RANK: 0 - CUDA_VISIBLE_DEVICES: [0]
[I 2023-12-16 04:17:18,261] Trial 25 finished with value: 0.421810507774353 and parameters: {'gradient_clip_val': 0.1808411005657817, 'hidden_size': 78, 'dropout': 0.31089598194196794, 'hidden_continuous_size': 49, 'attention_head_size': 3, 'learning_rate': 0.05946143854689342}. Best is trial 8 with value: 0.1243823766708374.
LOCAL_RANK: 0 - CUDA_VISIBLE_DEVICES: [0]
[I 2023-12-16 04:18:10,804] Trial 26 finished with value: 2.7676265239715576 and parameters: {'gradient_clip_val': 0.2574434202364769, 'hidden_size': 60, 'dropout': 0.27280257488008397, 'hidden_continuous_size': 20, 'attention_head_size': 2, 'learning_rate': 0.006354181261973809}. Best is trial 8 with value: 0.1243823766708374.
LOCAL_RANK: 0 - CUDA_VISIBLE_DEVICES: [0]
[I 2023-12-16 04:19:04,654] Trial 27 finished with value: 2.980947732925415 and parameters: {'gradient_clip_val': 0.19760989951216376, 'hidden_size': 80, 'dropout': 0.22730285386396104, 'hidden_continuous_size': 24, 'attention_head_size': 3, 'learning_rate': 0.0397203710959782}. Best is trial 8 with value: 0.1243823766708374.
LOCAL_RANK: 0 - CUDA_VISIBLE_DEVICES: [0]
[I 2023-12-16 04:20:00,817] Trial 28 finished with value: 2.8697736263275146 and parameters: {'gradient_clip_val': 0.13593428026775967, 'hidden_size': 98, 'dropout': 0.3702604591624792, 'hidden_continuous_size': 51, 'attention_head_size': 1, 'learning_rate': 0.05957167381981328}. Best is trial 8 with value: 0.1243823766708374.
LOCAL_RANK: 0 - CUDA_VISIBLE_DEVICES: [0]
[I 2023-12-16 04:20:53,646] Trial 29 finished with value: 1.0754878520965576 and parameters: {'gradient_clip_val': 0.2607879771211139, 'hidden_size': 55, 'dropout': 0.2974920311193803, 'hidden_continuous_size': 19, 'attention_head_size': 1, 'learning_rate': 0.027384917645604273}. Best is trial 8 with value: 0.1243823766708374.
LOCAL_RANK: 0 - CUDA_VISIBLE_DEVICES: [0]
[I 2023-12-16 04:21:48,482] Trial 30 finished with value: 2.7264745235443115 and parameters: {'gradient_clip_val': 0.19337355056643518, 'hidden_size': 77, 'dropout': 0.3447729989760567, 'hidden_continuous_size': 30, 'attention_head_size': 3, 'learning_rate': 0.01779793707501521}. Best is trial 8 with value: 0.1243823766708374.
LOCAL_RANK: 0 - CUDA_VISIBLE_DEVICES: [0]
[I 2023-12-16 04:22:44,355] Trial 31 finished with value: 1.4698539972305298 and parameters: {'gradient_clip_val': 0.14156233950369004, 'hidden_size': 95, 'dropout': 0.31119394227051894, 'hidden_continuous_size': 36, 'attention_head_size': 2, 'learning_rate': 0.03679857595534784}. Best is trial 8 with value: 0.1243823766708374.
LOCAL_RANK: 0 - CUDA_VISIBLE_DEVICES: [0]
[I 2023-12-16 04:23:39,203] Trial 32 finished with value: 2.538673162460327 and parameters: {'gradient_clip_val': 0.1689846101891568, 'hidden_size': 83, 'dropout': 0.32202236373435517, 'hidden_continuous_size': 28, 'attention_head_size': 2, 'learning_rate': 0.029772324259910943}. Best is trial 8 with value: 0.1243823766708374.
LOCAL_RANK: 0 - CUDA_VISIBLE_DEVICES: [0]
[I 2023-12-16 04:24:35,437] Trial 33 finished with value: 1.216893196105957 and parameters: {'gradient_clip_val': 0.14479237811254456, 'hidden_size': 98, 'dropout': 0.3226884976950134, 'hidden_continuous_size': 35, 'attention_head_size': 2, 'learning_rate': 0.06889472202782049}. Best is trial 8 with value: 0.1243823766708374.
LOCAL_RANK: 0 - CUDA_VISIBLE_DEVICES: [0]
[I 2023-12-16 04:25:29,031] Trial 34 finished with value: 2.091348648071289 and parameters: {'gradient_clip_val': 0.2117842782094315, 'hidden_size': 63, 'dropout': 0.34639160695363075, 'hidden_continuous_size': 22, 'attention_head_size': 2, 'learning_rate': 0.029164923849958918}. Best is trial 8 with value: 0.1243823766708374.
LOCAL_RANK: 0 - CUDA_VISIBLE_DEVICES: [0]
[I 2023-12-16 04:26:22,368] Trial 35 finished with value: 0.45005273818969727 and parameters: {'gradient_clip_val': 0.12180356154787884, 'hidden_size': 68, 'dropout': 0.2969132977842776, 'hidden_continuous_size': 24, 'attention_head_size': 3, 'learning_rate': 0.04193387371857807}. Best is trial 8 with value: 0.1243823766708374.
LOCAL_RANK: 0 - CUDA_VISIBLE_DEVICES: [0]
[I 2023-12-16 04:27:15,774] Trial 36 finished with value: 0.3437909185886383 and parameters: {'gradient_clip_val': 0.15232835315133805, 'hidden_size': 54, 'dropout': 0.3732105105429177, 'hidden_continuous_size': 32, 'attention_head_size': 1, 'learning_rate': 0.06566179593381}. Best is trial 8 with value: 0.1243823766708374.
LOCAL_RANK: 0 - CUDA_VISIBLE_DEVICES: [0]
[I 2023-12-16 04:28:07,453] Trial 37 finished with value: 1.8568872213363647 and parameters: {'gradient_clip_val': 0.17494931548003917, 'hidden_size': 44, 'dropout': 0.3760155017792589, 'hidden_continuous_size': 27, 'attention_head_size': 1, 'learning_rate': 0.0728899506219746}. Best is trial 8 with value: 0.1243823766708374.
LOCAL_RANK: 0 - CUDA_VISIBLE_DEVICES: [0]
[I 2023-12-16 04:29:01,095] Trial 38 finished with value: 0.7731457352638245 and parameters: {'gradient_clip_val': 0.2031567717061671, 'hidden_size': 57, 'dropout': 0.38344904333413077, 'hidden_continuous_size': 33, 'attention_head_size': 1, 'learning_rate': 0.07344301148921516}. Best is trial 8 with value: 0.1243823766708374.
LOCAL_RANK: 0 - CUDA_VISIBLE_DEVICES: [0]
[I 2023-12-16 04:29:55,906] Trial 39 finished with value: 0.07355566322803497 and parameters: {'gradient_clip_val': 0.2508207887760839, 'hidden_size': 67, 'dropout': 0.3675263509517351, 'hidden_continuous_size': 44, 'attention_head_size': 1, 'learning_rate': 0.04992550189377003}. Best is trial 39 with value: 0.07355566322803497.
LOCAL_RANK: 0 - CUDA_VISIBLE_DEVICES: [0]
[I 2023-12-16 04:30:51,251] Trial 40 finished with value: 1.9208637475967407 and parameters: {'gradient_clip_val': 0.39649178121274153, 'hidden_size': 67, 'dropout': 0.3481853142941092, 'hidden_continuous_size': 42, 'attention_head_size': 4, 'learning_rate': 0.04440344665751434}. Best is trial 39 with value: 0.07355566322803497.
LOCAL_RANK: 0 - CUDA_VISIBLE_DEVICES: [0]
[I 2023-12-16 04:31:46,627] Trial 41 finished with value: 1.0690892934799194 and parameters: {'gradient_clip_val': 0.24779196615712817, 'hidden_size': 83, 'dropout': 0.37038738123029363, 'hidden_continuous_size': 54, 'attention_head_size': 1, 'learning_rate': 0.052138634892259166}. Best is trial 39 with value: 0.07355566322803497.
LOCAL_RANK: 0 - CUDA_VISIBLE_DEVICES: [0]
[I 2023-12-16 04:32:40,029] Trial 42 finished with value: 1.0571154356002808 and parameters: {'gradient_clip_val': 0.22412659277605493, 'hidden_size': 57, 'dropout': 0.35917984467797465, 'hidden_continuous_size': 31, 'attention_head_size': 1, 'learning_rate': 0.07135501670437575}. Best is trial 39 with value: 0.07355566322803497.
LOCAL_RANK: 0 - CUDA_VISIBLE_DEVICES: [0]
[I 2023-12-16 04:33:34,550] Trial 43 finished with value: 2.105163812637329 and parameters: {'gradient_clip_val': 0.18411643731315724, 'hidden_size': 70, 'dropout': 0.3345511676160623, 'hidden_continuous_size': 43, 'attention_head_size': 1, 'learning_rate': 0.09483584295218823}. Best is trial 39 with value: 0.07355566322803497.
LOCAL_RANK: 0 - CUDA_VISIBLE_DEVICES: [0]
[I 2023-12-16 04:34:27,275] Trial 44 finished with value: 2.123349905014038 and parameters: {'gradient_clip_val': 0.1522830199285472, 'hidden_size': 42, 'dropout': 0.3830591421545749, 'hidden_continuous_size': 33, 'attention_head_size': 1, 'learning_rate': 0.04396688192699948}. Best is trial 39 with value: 0.07355566322803497.
LOCAL_RANK: 0 - CUDA_VISIBLE_DEVICES: [0]
[I 2023-12-16 04:35:22,216] Trial 45 finished with value: 1.844130516052246 and parameters: {'gradient_clip_val': 0.22599288334562154, 'hidden_size': 84, 'dropout': 0.3992200888669546, 'hidden_continuous_size': 59, 'attention_head_size': 1, 'learning_rate': 0.05240395744330677}. Best is trial 39 with value: 0.07355566322803497.
LOCAL_RANK: 0 - CUDA_VISIBLE_DEVICES: [0]
[I 2023-12-16 04:36:16,439] Trial 46 finished with value: 1.7110600471496582 and parameters: {'gradient_clip_val': 0.12327374496902757, 'hidden_size': 61, 'dropout': 0.3675554701108864, 'hidden_continuous_size': 27, 'attention_head_size': 3, 'learning_rate': 0.08170360350224466}. Best is trial 39 with value: 0.07355566322803497.
LOCAL_RANK: 0 - CUDA_VISIBLE_DEVICES: [0]
[I 2023-12-16 04:37:12,072] Trial 47 finished with value: 1.475230097770691 and parameters: {'gradient_clip_val': 0.1575746884772555, 'hidden_size': 74, 'dropout': 0.3472102105202292, 'hidden_continuous_size': 38, 'attention_head_size': 4, 'learning_rate': 0.07197482871073278}. Best is trial 39 with value: 0.07355566322803497.
LOCAL_RANK: 0 - CUDA_VISIBLE_DEVICES: [0]
[I 2023-12-16 04:38:05,201] Trial 48 finished with value: 0.4458507001399994 and parameters: {'gradient_clip_val': 0.1759902834135946, 'hidden_size': 52, 'dropout': 0.38199088855457364, 'hidden_continuous_size': 17, 'attention_head_size': 4, 'learning_rate': 0.03771068874676706}. Best is trial 39 with value: 0.07355566322803497.
LOCAL_RANK: 0 - CUDA_VISIBLE_DEVICES: [0]
[I 2023-12-16 04:38:59,279] Trial 49 finished with value: 0.8199948668479919 and parameters: {'gradient_clip_val': 0.202931148230426, 'hidden_size': 63, 'dropout': 0.33327775037218454, 'hidden_continuous_size': 22, 'attention_head_size': 3, 'learning_rate': 0.057363442814058994}. Best is trial 39 with value: 0.07355566322803497.
[I 2023-12-16 04:38:59,374] A new study created in memory with name: no-name-1a8d56e9-e44e-4c69-bae7-64675bb76111
/home/le004/conda/anaconda3/envs/tsff_env/lib/python3.9/site-packages/lightning/fabric/plugins/environments/slurm.py:191: The `srun` command is available on your system but is not used. HINT: If your intention is to run Lightning on SLURM, prepend your python command with `srun` like so: srun python /home/le004/master_thesis/git/TSFusionForecast/code/ ...
LOCAL_RANK: 0 - CUDA_VISIBLE_DEVICES: [0]
[I 2023-12-16 04:39:47,153] Trial 0 finished with value: 0.09437938779592514 and parameters: {'gradient_clip_val': 0.13186327629016978, 'hidden_size': 19, 'dropout': 0.3193769721838977, 'hidden_continuous_size': 5, 'attention_head_size': 4, 'learning_rate': 0.020482420189250235}. Best is trial 0 with value: 0.09437938779592514.
LOCAL_RANK: 0 - CUDA_VISIBLE_DEVICES: [0]
[I 2023-12-16 04:40:37,907] Trial 1 finished with value: 2.223334312438965 and parameters: {'gradient_clip_val': 0.14167033383717811, 'hidden_size': 72, 'dropout': 0.14196689826216075, 'hidden_continuous_size': 6, 'attention_head_size': 2, 'learning_rate': 0.0012031626421182327}. Best is trial 0 with value: 0.09437938779592514.
LOCAL_RANK: 0 - CUDA_VISIBLE_DEVICES: [0]
[I 2023-12-16 04:41:12,096] Trial 2 finished with value: 2.222691297531128 and parameters: {'gradient_clip_val': 0.4099380323246312, 'hidden_size': 5, 'dropout': 0.2507791584853334, 'hidden_continuous_size': 5, 'attention_head_size': 3, 'learning_rate': 0.002859707203917198}. Best is trial 0 with value: 0.09437938779592514.
LOCAL_RANK: 0 - CUDA_VISIBLE_DEVICES: [0]
[I 2023-12-16 04:41:58,848] Trial 3 finished with value: 0.7979490756988525 and parameters: {'gradient_clip_val': 0.15693495090540577, 'hidden_size': 14, 'dropout': 0.32892205347189307, 'hidden_continuous_size': 11, 'attention_head_size': 3, 'learning_rate': 0.08629073987703076}. Best is trial 0 with value: 0.09437938779592514.
LOCAL_RANK: 0 - CUDA_VISIBLE_DEVICES: [0]
[I 2023-12-16 04:42:44,269] Trial 4 finished with value: 1.3099758625030518 and parameters: {'gradient_clip_val': 0.26152807178636045, 'hidden_size': 16, 'dropout': 0.11898558678439183, 'hidden_continuous_size': 12, 'attention_head_size': 2, 'learning_rate': 0.0008515266726343318}. Best is trial 0 with value: 0.09437938779592514.
LOCAL_RANK: 0 - CUDA_VISIBLE_DEVICES: [0]
[I 2023-12-16 04:43:37,440] Trial 5 finished with value: 1.5000344514846802 and parameters: {'gradient_clip_val': 0.1231461832652812, 'hidden_size': 48, 'dropout': 0.28990231652237797, 'hidden_continuous_size': 40, 'attention_head_size': 3, 'learning_rate': 0.0014051987636008682}. Best is trial 0 with value: 0.09437938779592514.
LOCAL_RANK: 0 - CUDA_VISIBLE_DEVICES: [0]
[I 2023-12-16 04:44:31,671] Trial 6 finished with value: 0.2130681425333023 and parameters: {'gradient_clip_val': 0.17770209778936466, 'hidden_size': 67, 'dropout': 0.3446344745740242, 'hidden_continuous_size': 36, 'attention_head_size': 1, 'learning_rate': 0.00703257003681762}. Best is trial 0 with value: 0.09437938779592514.
LOCAL_RANK: 0 - CUDA_VISIBLE_DEVICES: [0]
[I 2023-12-16 04:45:17,139] Trial 7 finished with value: 2.47051739692688 and parameters: {'gradient_clip_val': 0.20501020481690901, 'hidden_size': 20, 'dropout': 0.3829218250935379, 'hidden_continuous_size': 5, 'attention_head_size': 1, 'learning_rate': 0.008736703330190245}. Best is trial 0 with value: 0.09437938779592514.
LOCAL_RANK: 0 - CUDA_VISIBLE_DEVICES: [0]
[I 2023-12-16 04:46:00,553] Trial 8 finished with value: 1.1382611989974976 and parameters: {'gradient_clip_val': 0.8765406292181445, 'hidden_size': 8, 'dropout': 0.10382859463044403, 'hidden_continuous_size': 5, 'attention_head_size': 1, 'learning_rate': 0.03428629089228956}. Best is trial 0 with value: 0.09437938779592514.
LOCAL_RANK: 0 - CUDA_VISIBLE_DEVICES: [0]
