[I 2023-12-26 14:08:24,731] Trial 22 finished with value: 206.26368713378906 and parameters: {'gradient_clip_val': 0.10499953562981881, 'hidden_size': 7, 'dropout': 0.14724182679888026, 'hidden_continuous_size': 5, 'attention_head_size': 3, 'learning_rate': 0.007280178273773624}. Best is trial 0 with value: 135.8434600830078.
[I 2023-12-26 14:08:26,956] Trial 23 finished with value: 235.4631805419922 and parameters: {'gradient_clip_val': 0.19984607617043904, 'hidden_size': 14, 'dropout': 0.156534359210526, 'hidden_continuous_size': 7, 'attention_head_size': 3, 'learning_rate': 0.0035364719731125083}. Best is trial 0 with value: 135.8434600830078.
[I 2023-12-26 14:08:29,260] Trial 24 finished with value: 250.12005615234375 and parameters: {'gradient_clip_val': 0.12808176039936245, 'hidden_size': 21, 'dropout': 0.1009918658294685, 'hidden_continuous_size': 6, 'attention_head_size': 2, 'learning_rate': 0.007247027196694504}. Best is trial 0 with value: 135.8434600830078.
[I 2023-12-26 14:08:31,418] Trial 25 finished with value: 220.0788116455078 and parameters: {'gradient_clip_val': 0.15324845471664883, 'hidden_size': 12, 'dropout': 0.19983883959775833, 'hidden_continuous_size': 6, 'attention_head_size': 3, 'learning_rate': 0.012774842714620184}. Best is trial 0 with value: 135.8434600830078.
[I 2023-12-26 14:08:33,442] Trial 26 finished with value: 284.1302185058594 and parameters: {'gradient_clip_val': 0.12429845046703161, 'hidden_size': 7, 'dropout': 0.14433092074000925, 'hidden_continuous_size': 5, 'attention_head_size': 2, 'learning_rate': 0.020720145749138913}. Best is trial 0 with value: 135.8434600830078.
[I 2023-12-26 14:08:35,640] Trial 27 finished with value: 284.0929870605469 and parameters: {'gradient_clip_val': 0.19747070452903448, 'hidden_size': 19, 'dropout': 0.21942494930795078, 'hidden_continuous_size': 8, 'attention_head_size': 1, 'learning_rate': 0.029748218105671916}. Best is trial 0 with value: 135.8434600830078.
[I 2023-12-26 14:08:45,815] Trial 28 finished with value: 239.2044677734375 and parameters: {'gradient_clip_val': 0.1541742971226028, 'hidden_size': 150, 'dropout': 0.1791480216463045, 'hidden_continuous_size': 16, 'attention_head_size': 4, 'learning_rate': 0.016689925038896856}. Best is trial 0 with value: 135.8434600830078.
[I 2023-12-26 14:08:48,273] Trial 29 finished with value: 286.2976989746094 and parameters: {'gradient_clip_val': 0.10140078226803133, 'hidden_size': 25, 'dropout': 0.2569096883455947, 'hidden_continuous_size': 9, 'attention_head_size': 3, 'learning_rate': 0.0052746673654368885}. Best is trial 0 with value: 135.8434600830078.
[I 2023-12-26 14:08:50,357] Trial 30 finished with value: 190.53102111816406 and parameters: {'gradient_clip_val': 0.12735401250307368, 'hidden_size': 9, 'dropout': 0.18622456261335754, 'hidden_continuous_size': 6, 'attention_head_size': 2, 'learning_rate': 0.011862487590710392}. Best is trial 0 with value: 135.8434600830078.
[I 2023-12-26 14:08:52,663] Trial 31 finished with value: 198.53355407714844 and parameters: {'gradient_clip_val': 0.12432778489632583, 'hidden_size': 9, 'dropout': 0.18099067792946363, 'hidden_continuous_size': 6, 'attention_head_size': 2, 'learning_rate': 0.011018056185748054}. Best is trial 0 with value: 135.8434600830078.
[I 2023-12-26 14:08:54,825] Trial 32 finished with value: 209.6788787841797 and parameters: {'gradient_clip_val': 0.15429605285940137, 'hidden_size': 13, 'dropout': 0.2341049884347288, 'hidden_continuous_size': 7, 'attention_head_size': 2, 'learning_rate': 0.0361454556141787}. Best is trial 0 with value: 135.8434600830078.
[I 2023-12-26 14:08:56,894] Trial 33 finished with value: 270.6120910644531 and parameters: {'gradient_clip_val': 0.11666101536287034, 'hidden_size': 16, 'dropout': 0.19567438161492745, 'hidden_continuous_size': 7, 'attention_head_size': 3, 'learning_rate': 0.05492840604184}. Best is trial 0 with value: 135.8434600830078.
[I 2023-12-26 14:08:59,062] Trial 34 finished with value: 154.03273010253906 and parameters: {'gradient_clip_val': 0.1334618645747257, 'hidden_size': 17, 'dropout': 0.1338555199541513, 'hidden_continuous_size': 8, 'attention_head_size': 2, 'learning_rate': 0.06575277853458239}. Best is trial 0 with value: 135.8434600830078.
[I 2023-12-26 14:09:01,285] Trial 35 finished with value: 268.1172790527344 and parameters: {'gradient_clip_val': 0.13167726392551843, 'hidden_size': 18, 'dropout': 0.1301915647165855, 'hidden_continuous_size': 8, 'attention_head_size': 2, 'learning_rate': 0.06290467838439605}. Best is trial 0 with value: 135.8434600830078.
[I 2023-12-26 14:09:03,486] Trial 36 finished with value: 159.1563262939453 and parameters: {'gradient_clip_val': 0.11223060501180715, 'hidden_size': 17, 'dropout': 0.15943617844549227, 'hidden_continuous_size': 10, 'attention_head_size': 2, 'learning_rate': 0.007541341921158901}. Best is trial 0 with value: 135.8434600830078.
[I 2023-12-26 14:09:05,903] Trial 37 finished with value: 288.2946472167969 and parameters: {'gradient_clip_val': 0.11460500068633331, 'hidden_size': 22, 'dropout': 0.1550658256202771, 'hidden_continuous_size': 11, 'attention_head_size': 3, 'learning_rate': 0.00828392388616437}. Best is trial 0 with value: 135.8434600830078.
[I 2023-12-26 14:09:08,137] Trial 38 finished with value: 266.4491271972656 and parameters: {'gradient_clip_val': 0.10129916609738958, 'hidden_size': 17, 'dropout': 0.11965829395501626, 'hidden_continuous_size': 10, 'attention_head_size': 2, 'learning_rate': 0.021685224860342175}. Best is trial 0 with value: 135.8434600830078.
[I 2023-12-26 14:09:10,413] Trial 39 finished with value: 269.7510070800781 and parameters: {'gradient_clip_val': 0.1653846177492875, 'hidden_size': 14, 'dropout': 0.10993355001257876, 'hidden_continuous_size': 9, 'attention_head_size': 4, 'learning_rate': 0.04255776155635146}. Best is trial 0 with value: 135.8434600830078.
[I 2023-12-26 14:09:13,124] Trial 40 finished with value: 242.9935760498047 and parameters: {'gradient_clip_val': 0.13947169321741715, 'hidden_size': 29, 'dropout': 0.13232454434955532, 'hidden_continuous_size': 12, 'attention_head_size': 2, 'learning_rate': 0.0712642295497152}. Best is trial 0 with value: 135.8434600830078.
[I 2023-12-26 14:09:15,449] Trial 41 finished with value: 225.2351531982422 and parameters: {'gradient_clip_val': 0.11261098642064932, 'hidden_size': 20, 'dropout': 0.16734400766126287, 'hidden_continuous_size': 9, 'attention_head_size': 2, 'learning_rate': 0.01307613184021672}. Best is trial 0 with value: 135.8434600830078.
[I 2023-12-26 14:09:17,821] Trial 42 finished with value: 271.5936584472656 and parameters: {'gradient_clip_val': 0.12783710644770355, 'hidden_size': 12, 'dropout': 0.14304995455584874, 'hidden_continuous_size': 6, 'attention_head_size': 2, 'learning_rate': 0.006339179599569397}. Best is trial 0 with value: 135.8434600830078.
[I 2023-12-26 14:09:19,980] Trial 43 finished with value: 229.2815399169922 and parameters: {'gradient_clip_val': 0.11151091468354209, 'hidden_size': 10, 'dropout': 0.18772422681755452, 'hidden_continuous_size': 6, 'attention_head_size': 3, 'learning_rate': 0.0045289312361796305}. Best is trial 0 with value: 135.8434600830078.
[I 2023-12-26 14:09:22,031] Trial 44 finished with value: 126.4021224975586 and parameters: {'gradient_clip_val': 0.13209536296329552, 'hidden_size': 16, 'dropout': 0.2163939771194535, 'hidden_continuous_size': 10, 'attention_head_size': 2, 'learning_rate': 0.009624279062380735}. Best is trial 44 with value: 126.4021224975586.
[I 2023-12-26 14:09:24,083] Trial 45 finished with value: 322.5390625 and parameters: {'gradient_clip_val': 0.18224818530169645, 'hidden_size': 16, 'dropout': 0.20786761929286107, 'hidden_continuous_size': 10, 'attention_head_size': 2, 'learning_rate': 0.008783641174748388}. Best is trial 44 with value: 126.4021224975586.
[I 2023-12-26 14:09:26,426] Trial 46 finished with value: 184.51429748535156 and parameters: {'gradient_clip_val': 0.1541854940062063, 'hidden_size': 19, 'dropout': 0.16685092966183857, 'hidden_continuous_size': 11, 'attention_head_size': 3, 'learning_rate': 0.015878970102460768}. Best is trial 44 with value: 126.4021224975586.
[I 2023-12-26 14:09:28,935] Trial 47 finished with value: 253.88232421875 and parameters: {'gradient_clip_val': 0.1589303938403818, 'hidden_size': 23, 'dropout': 0.2146128674886661, 'hidden_continuous_size': 11, 'attention_head_size': 2, 'learning_rate': 0.016531055992283515}. Best is trial 44 with value: 126.4021224975586.
[I 2023-12-26 14:09:31,174] Trial 48 finished with value: 273.4917907714844 and parameters: {'gradient_clip_val': 0.14650960028911258, 'hidden_size': 18, 'dropout': 0.16532067999186703, 'hidden_continuous_size': 11, 'attention_head_size': 2, 'learning_rate': 0.09187222533455808}. Best is trial 44 with value: 126.4021224975586.
[I 2023-12-26 14:09:33,699] Trial 49 finished with value: 318.3983459472656 and parameters: {'gradient_clip_val': 0.19047473892671052, 'hidden_size': 26, 'dropout': 0.1692255136574943, 'hidden_continuous_size': 12, 'attention_head_size': 2, 'learning_rate': 0.030760980402069288}. Best is trial 44 with value: 126.4021224975586.
[I 2023-12-26 14:09:33,822] A new study created in memory with name: no-name-446a186f-4720-4b91-aded-f2c41f29ea6b
/home/le004/conda/anaconda3/envs/tsff_env/lib/python3.9/site-packages/lightning/fabric/plugins/environments/slurm.py:191: The `srun` command is available on your system but is not used. HINT: If your intention is to run Lightning on SLURM, prepend your python command with `srun` like so: srun python /home/le004/master_thesis/git/TSFusionForecast/code/ ...
[I 2023-12-26 14:14:26,540] Trial 0 finished with value: 83.04456329345703 and parameters: {'gradient_clip_val': 0.5522218861271999, 'hidden_size': 64, 'dropout': 0.271110484354956, 'hidden_continuous_size': 16, 'attention_head_size': 4, 'learning_rate': 0.006205948447770769}. Best is trial 0 with value: 83.04456329345703.
[I 2023-12-26 14:14:28,785] Trial 1 finished with value: 156.7236785888672 and parameters: {'gradient_clip_val': 0.5727848529236851, 'hidden_size': 18, 'dropout': 0.39429540901596116, 'hidden_continuous_size': 9, 'attention_head_size': 3, 'learning_rate': 0.009714629159744866}. Best is trial 0 with value: 83.04456329345703.
[I 2023-12-26 14:14:31,626] Trial 2 finished with value: 181.5232696533203 and parameters: {'gradient_clip_val': 0.18579840880565318, 'hidden_size': 35, 'dropout': 0.10151347404421394, 'hidden_continuous_size': 7, 'attention_head_size': 3, 'learning_rate': 0.005539123373338192}. Best is trial 0 with value: 83.04456329345703.
[I 2023-12-26 14:14:41,801] Trial 3 finished with value: 166.91787719726562 and parameters: {'gradient_clip_val': 0.23309682762925021, 'hidden_size': 149, 'dropout': 0.4305037179900226, 'hidden_continuous_size': 42, 'attention_head_size': 2, 'learning_rate': 0.0021005677403564283}. Best is trial 0 with value: 83.04456329345703.
[I 2023-12-26 14:14:46,292] Trial 4 finished with value: 191.73822021484375 and parameters: {'gradient_clip_val': 0.44316307961684664, 'hidden_size': 65, 'dropout': 0.2625176764295484, 'hidden_continuous_size': 7, 'attention_head_size': 3, 'learning_rate': 0.016245347815310306}. Best is trial 0 with value: 83.04456329345703.
[I 2023-12-26 14:14:55,906] Trial 5 finished with value: 129.0770263671875 and parameters: {'gradient_clip_val': 0.5216111983936706, 'hidden_size': 141, 'dropout': 0.29607498644868835, 'hidden_continuous_size': 22, 'attention_head_size': 1, 'learning_rate': 0.08343640053054625}. Best is trial 0 with value: 83.04456329345703.
[I 2023-12-26 14:15:02,902] Trial 6 finished with value: 135.12635803222656 and parameters: {'gradient_clip_val': 0.6815440407806348, 'hidden_size': 104, 'dropout': 0.2109222008927052, 'hidden_continuous_size': 24, 'attention_head_size': 2, 'learning_rate': 0.012992951575312953}. Best is trial 0 with value: 83.04456329345703.
[I 2023-12-26 14:15:08,557] Trial 7 finished with value: 171.34991455078125 and parameters: {'gradient_clip_val': 0.2904061088016985, 'hidden_size': 82, 'dropout': 0.421383982991547, 'hidden_continuous_size': 32, 'attention_head_size': 1, 'learning_rate': 0.0014267189096808552}. Best is trial 0 with value: 83.04456329345703.
[I 2023-12-26 14:15:13,039] Trial 8 finished with value: 192.3582000732422 and parameters: {'gradient_clip_val': 0.40972274239253376, 'hidden_size': 61, 'dropout': 0.35235961072585187, 'hidden_continuous_size': 42, 'attention_head_size': 4, 'learning_rate': 0.0557412288212915}. Best is trial 0 with value: 83.04456329345703.
[I 2023-12-26 14:15:15,318] Trial 9 finished with value: 156.28396606445312 and parameters: {'gradient_clip_val': 0.9398854497594741, 'hidden_size': 16, 'dropout': 0.4887045972717129, 'hidden_continuous_size': 13, 'attention_head_size': 2, 'learning_rate': 0.0005894617622744772}. Best is trial 0 with value: 83.04456329345703.
[I 2023-12-26 14:15:17,346] Trial 10 finished with value: 168.1714324951172 and parameters: {'gradient_clip_val': 0.10491215744529617, 'hidden_size': 7, 'dropout': 0.2228627416634695, 'hidden_continuous_size': 5, 'attention_head_size': 4, 'learning_rate': 0.004123347193773994}. Best is trial 0 with value: 83.04456329345703.
[I 2023-12-26 14:15:27,622] Trial 11 finished with value: 109.83634185791016 and parameters: {'gradient_clip_val': 0.6783734550925588, 'hidden_size': 141, 'dropout': 0.3149319323209957, 'hidden_continuous_size': 130, 'attention_head_size': 1, 'learning_rate': 0.08961350706413808}. Best is trial 0 with value: 83.04456329345703.
[I 2023-12-26 14:15:30,655] Trial 12 finished with value: 231.398193359375 and parameters: {'gradient_clip_val': 0.9791075746813951, 'hidden_size': 47, 'dropout': 0.334246857597689, 'hidden_continuous_size': 15, 'attention_head_size': 1, 'learning_rate': 0.024977726784999973}. Best is trial 0 with value: 83.04456329345703.
[I 2023-12-26 14:15:37,030] Trial 13 finished with value: 138.3241729736328 and parameters: {'gradient_clip_val': 0.6081483368158697, 'hidden_size': 96, 'dropout': 0.2873360125330463, 'hidden_continuous_size': 94, 'attention_head_size': 4, 'learning_rate': 0.024366948607922417}. Best is trial 0 with value: 83.04456329345703.
[I 2023-12-26 14:15:39,823] Trial 14 finished with value: 144.84373474121094 and parameters: {'gradient_clip_val': 0.3690959539898034, 'hidden_size': 41, 'dropout': 0.3433034049538011, 'hidden_continuous_size': 13, 'attention_head_size': 3, 'learning_rate': 0.043393415442295885}. Best is trial 0 with value: 83.04456329345703.
[I 2023-12-26 14:15:45,475] Trial 15 finished with value: 157.5421905517578 and parameters: {'gradient_clip_val': 0.767832834427391, 'hidden_size': 85, 'dropout': 0.21151212688924734, 'hidden_continuous_size': 79, 'attention_head_size': 2, 'learning_rate': 0.007212931469403059}. Best is trial 0 with value: 83.04456329345703.
[I 2023-12-26 14:15:54,989] Trial 16 finished with value: 130.38133239746094 and parameters: {'gradient_clip_val': 0.7555830926972164, 'hidden_size': 135, 'dropout': 0.26138062547101537, 'hidden_continuous_size': 129, 'attention_head_size': 1, 'learning_rate': 0.07928501709334794}. Best is trial 0 with value: 83.04456329345703.
[I 2023-12-26 14:15:58,181] Trial 17 finished with value: 141.82102966308594 and parameters: {'gradient_clip_val': 0.49963113577472335, 'hidden_size': 56, 'dropout': 0.16762706711132808, 'hidden_continuous_size': 18, 'attention_head_size': 4, 'learning_rate': 0.09987885302615016}. Best is trial 0 with value: 83.04456329345703.
[I 2023-12-26 14:16:00,543] Trial 18 finished with value: 154.57379150390625 and parameters: {'gradient_clip_val': 0.6771160974222, 'hidden_size': 32, 'dropout': 0.3302841229207446, 'hidden_continuous_size': 10, 'attention_head_size': 3, 'learning_rate': 0.03614085888540046}. Best is trial 0 with value: 83.04456329345703.
[I 2023-12-26 14:16:04,671] Trial 19 finished with value: 150.64920043945312 and parameters: {'gradient_clip_val': 0.35491902246612356, 'hidden_size': 72, 'dropout': 0.30103256989380295, 'hidden_continuous_size': 26, 'attention_head_size': 2, 'learning_rate': 0.017608150046534304}. Best is trial 0 with value: 83.04456329345703.
[I 2023-12-26 14:16:11,367] Trial 20 finished with value: 140.1514129638672 and parameters: {'gradient_clip_val': 0.49164173366180197, 'hidden_size': 102, 'dropout': 0.37503701471732587, 'hidden_continuous_size': 46, 'attention_head_size': 4, 'learning_rate': 0.009332997163131275}. Best is trial 0 with value: 83.04456329345703.
[I 2023-12-26 14:16:19,640] Trial 21 finished with value: 116.66471099853516 and parameters: {'gradient_clip_val': 0.5258500525444548, 'hidden_size': 137, 'dropout': 0.30531925271158356, 'hidden_continuous_size': 19, 'attention_head_size': 1, 'learning_rate': 0.06306062156581467}. Best is trial 0 with value: 83.04456329345703.
[I 2023-12-26 14:16:26,612] Trial 22 finished with value: 131.9146728515625 and parameters: {'gradient_clip_val': 0.5463526820185137, 'hidden_size': 115, 'dropout': 0.31082642281943396, 'hidden_continuous_size': 18, 'attention_head_size': 1, 'learning_rate': 0.05035465118309637}. Best is trial 0 with value: 83.04456329345703.
[I 2023-12-26 14:16:36,305] Trial 23 finished with value: 127.03619384765625 and parameters: {'gradient_clip_val': 0.8059985989527512, 'hidden_size': 142, 'dropout': 0.2759307945260783, 'hidden_continuous_size': 63, 'attention_head_size': 1, 'learning_rate': 0.03430350585005563}. Best is trial 0 with value: 83.04456329345703.
[I 2023-12-26 14:16:43,310] Trial 24 finished with value: 177.02099609375 and parameters: {'gradient_clip_val': 0.6563925460584086, 'hidden_size': 87, 'dropout': 0.24906406325310587, 'hidden_continuous_size': 29, 'attention_head_size': 1, 'learning_rate': 0.059645968635251886}. Best is trial 0 with value: 83.04456329345703.
[I 2023-12-26 14:16:52,413] Trial 25 finished with value: 137.0824432373047 and parameters: {'gradient_clip_val': 0.454862618534552, 'hidden_size': 108, 'dropout': 0.31974433396334934, 'hidden_continuous_size': 35, 'attention_head_size': 2, 'learning_rate': 0.0960196725981718}. Best is trial 0 with value: 83.04456329345703.
[I 2023-12-26 14:16:56,770] Trial 26 finished with value: 208.25523376464844 and parameters: {'gradient_clip_val': 0.6019701735201044, 'hidden_size': 55, 'dropout': 0.36038804280091036, 'hidden_continuous_size': 21, 'attention_head_size': 1, 'learning_rate': 0.02643546809298469}. Best is trial 0 with value: 83.04456329345703.
[I 2023-12-26 14:17:01,593] Trial 27 finished with value: 196.8228302001953 and parameters: {'gradient_clip_val': 0.4238950931548868, 'hidden_size': 75, 'dropout': 0.31097512573195857, 'hidden_continuous_size': 29, 'attention_head_size': 2, 'learning_rate': 0.06147997687507912}. Best is trial 0 with value: 83.04456329345703.
[I 2023-12-26 14:17:10,901] Trial 28 finished with value: 151.657470703125 and parameters: {'gradient_clip_val': 0.8671636230549181, 'hidden_size': 116, 'dropout': 0.24429290466761405, 'hidden_continuous_size': 64, 'attention_head_size': 1, 'learning_rate': 0.029821800584468112}. Best is trial 0 with value: 83.04456329345703.
[I 2023-12-26 14:17:17,051] Trial 29 finished with value: 157.0790252685547 and parameters: {'gradient_clip_val': 0.5927261893654586, 'hidden_size': 78, 'dropout': 0.37565083056899695, 'hidden_continuous_size': 18, 'attention_head_size': 3, 'learning_rate': 0.010045814411578832}. Best is trial 0 with value: 83.04456329345703.
[I 2023-12-26 14:17:24,329] Trial 30 finished with value: 169.9579620361328 and parameters: {'gradient_clip_val': 0.7743633290005744, 'hidden_size': 117, 'dropout': 0.2861032391910892, 'hidden_continuous_size': 10, 'attention_head_size': 2, 'learning_rate': 0.044691014608083994}. Best is trial 0 with value: 83.04456329345703.
[I 2023-12-26 14:17:34,982] Trial 31 finished with value: 128.8689727783203 and parameters: {'gradient_clip_val': 0.8293165066938986, 'hidden_size': 145, 'dropout': 0.2787365255273804, 'hidden_continuous_size': 138, 'attention_head_size': 1, 'learning_rate': 0.07079466571086811}. Best is trial 0 with value: 83.04456329345703.
[I 2023-12-26 14:17:45,893] Trial 32 finished with value: 184.31561279296875 and parameters: {'gradient_clip_val': 0.9812624948787221, 'hidden_size': 146, 'dropout': 0.3202654303815618, 'hidden_continuous_size': 106, 'attention_head_size': 1, 'learning_rate': 0.03749415361544208}. Best is trial 0 with value: 83.04456329345703.
[I 2023-12-26 14:17:52,625] Trial 33 finished with value: 188.65753173828125 and parameters: {'gradient_clip_val': 0.7109271187188906, 'hidden_size': 95, 'dropout': 0.2883156317118228, 'hidden_continuous_size': 59, 'attention_head_size': 1, 'learning_rate': 0.0661223716970005}. Best is trial 0 with value: 83.04456329345703.
[I 2023-12-26 14:18:00,696] Trial 34 finished with value: 214.2895050048828 and parameters: {'gradient_clip_val': 0.5609374233304214, 'hidden_size': 124, 'dropout': 0.2573815201136951, 'hidden_continuous_size': 73, 'attention_head_size': 1, 'learning_rate': 0.01764472836123806}. Best is trial 0 with value: 83.04456329345703.
[I 2023-12-26 14:18:10,741] Trial 35 finished with value: 125.28778076171875 and parameters: {'gradient_clip_val': 0.8667444306931577, 'hidden_size': 146, 'dropout': 0.331006139589605, 'hidden_continuous_size': 146, 'attention_head_size': 2, 'learning_rate': 0.03616078419135425}. Best is trial 0 with value: 83.04456329345703.
[I 2023-12-26 14:18:15,005] Trial 36 finished with value: 154.27166748046875 and parameters: {'gradient_clip_val': 0.6518993257070217, 'hidden_size': 69, 'dropout': 0.3497116751422261, 'hidden_continuous_size': 44, 'attention_head_size': 3, 'learning_rate': 0.048804032349108635}. Best is trial 0 with value: 83.04456329345703.
