[I 2023-12-15 16:53:30,958] Trial 5 finished with value: 0.10443031042814255 and parameters: {'gradient_clip_val': 0.6920352787437462, 'hidden_size': 10, 'dropout': 0.13234365219746477, 'hidden_continuous_size': 7, 'attention_head_size': 3, 'learning_rate': 0.03985829433144403}. Best is trial 1 with value: 0.044099997729063034.
LOCAL_RANK: 0 - CUDA_VISIBLE_DEVICES: [0]
[I 2023-12-15 16:54:23,304] Trial 6 finished with value: 0.10573948174715042 and parameters: {'gradient_clip_val': 0.13930779925949824, 'hidden_size': 54, 'dropout': 0.34341420050366056, 'hidden_continuous_size': 16, 'attention_head_size': 1, 'learning_rate': 0.0013371169477668448}. Best is trial 1 with value: 0.044099997729063034.
LOCAL_RANK: 0 - CUDA_VISIBLE_DEVICES: [0]
[I 2023-12-15 16:54:58,678] Trial 7 finished with value: 0.07206141203641891 and parameters: {'gradient_clip_val': 0.1800735632252633, 'hidden_size': 7, 'dropout': 0.1689350986331446, 'hidden_continuous_size': 7, 'attention_head_size': 4, 'learning_rate': 0.013191775465325253}. Best is trial 1 with value: 0.044099997729063034.
LOCAL_RANK: 0 - CUDA_VISIBLE_DEVICES: [0]
[I 2023-12-15 16:55:44,039] Trial 8 finished with value: 0.07084708660840988 and parameters: {'gradient_clip_val': 0.2438156449332644, 'hidden_size': 10, 'dropout': 0.15550681834475977, 'hidden_continuous_size': 5, 'attention_head_size': 3, 'learning_rate': 0.07485195959430613}. Best is trial 1 with value: 0.044099997729063034.
LOCAL_RANK: 0 - CUDA_VISIBLE_DEVICES: [0]
[I 2023-12-15 16:56:36,733] Trial 9 finished with value: 0.06003880873322487 and parameters: {'gradient_clip_val': 0.266893390784795, 'hidden_size': 41, 'dropout': 0.21087364979117598, 'hidden_continuous_size': 35, 'attention_head_size': 1, 'learning_rate': 0.029551669152898318}. Best is trial 1 with value: 0.044099997729063034.
LOCAL_RANK: 0 - CUDA_VISIBLE_DEVICES: [0]
[I 2023-12-15 16:57:24,851] Trial 10 finished with value: 0.07164723426103592 and parameters: {'gradient_clip_val': 0.117510898591009, 'hidden_size': 28, 'dropout': 0.3896403406259731, 'hidden_continuous_size': 12, 'attention_head_size': 2, 'learning_rate': 0.0038812989361048907}. Best is trial 1 with value: 0.044099997729063034.
LOCAL_RANK: 0 - CUDA_VISIBLE_DEVICES: [0]
[I 2023-12-15 16:58:18,916] Trial 11 finished with value: 0.04357488453388214 and parameters: {'gradient_clip_val': 0.40584339228136757, 'hidden_size': 85, 'dropout': 0.24132218620295898, 'hidden_continuous_size': 31, 'attention_head_size': 1, 'learning_rate': 0.005979306152535415}. Best is trial 11 with value: 0.04357488453388214.
LOCAL_RANK: 0 - CUDA_VISIBLE_DEVICES: [0]
[I 2023-12-15 16:59:16,068] Trial 12 finished with value: 0.06711795926094055 and parameters: {'gradient_clip_val': 0.4102818877845109, 'hidden_size': 90, 'dropout': 0.27462397410679223, 'hidden_continuous_size': 81, 'attention_head_size': 1, 'learning_rate': 0.01521473529549205}. Best is trial 11 with value: 0.04357488453388214.
LOCAL_RANK: 0 - CUDA_VISIBLE_DEVICES: [0]
[I 2023-12-15 17:00:04,743] Trial 13 finished with value: 0.08087678998708725 and parameters: {'gradient_clip_val': 0.10142162136662453, 'hidden_size': 26, 'dropout': 0.2045542757061421, 'hidden_continuous_size': 10, 'attention_head_size': 1, 'learning_rate': 0.0033929584692605243}. Best is trial 11 with value: 0.04357488453388214.
LOCAL_RANK: 0 - CUDA_VISIBLE_DEVICES: [0]
[I 2023-12-15 17:00:59,780] Trial 14 finished with value: 0.06300321966409683 and parameters: {'gradient_clip_val': 0.3953526369927759, 'hidden_size': 97, 'dropout': 0.2603202073279144, 'hidden_continuous_size': 24, 'attention_head_size': 2, 'learning_rate': 0.008412605329091532}. Best is trial 11 with value: 0.04357488453388214.
LOCAL_RANK: 0 - CUDA_VISIBLE_DEVICES: [0]
[I 2023-12-15 17:01:50,613] Trial 15 finished with value: 0.08070573955774307 and parameters: {'gradient_clip_val': 0.1941504709305726, 'hidden_size': 40, 'dropout': 0.18899047919569326, 'hidden_continuous_size': 17, 'attention_head_size': 1, 'learning_rate': 0.005176197959144859}. Best is trial 11 with value: 0.04357488453388214.
LOCAL_RANK: 0 - CUDA_VISIBLE_DEVICES: [0]
[I 2023-12-15 17:02:36,223] Trial 16 finished with value: 0.046235591173172 and parameters: {'gradient_clip_val': 0.380807065499021, 'hidden_size': 16, 'dropout': 0.2384448242203713, 'hidden_continuous_size': 9, 'attention_head_size': 3, 'learning_rate': 0.02079453448708869}. Best is trial 11 with value: 0.04357488453388214.
LOCAL_RANK: 0 - CUDA_VISIBLE_DEVICES: [0]
[I 2023-12-15 17:03:29,525] Trial 17 finished with value: 0.04508903622627258 and parameters: {'gradient_clip_val': 0.29274715026500814, 'hidden_size': 59, 'dropout': 0.17898025075211604, 'hidden_continuous_size': 19, 'attention_head_size': 2, 'learning_rate': 0.009060545809569673}. Best is trial 11 with value: 0.04357488453388214.
LOCAL_RANK: 0 - CUDA_VISIBLE_DEVICES: [0]
[I 2023-12-15 17:04:18,072] Trial 18 finished with value: 0.08566409349441528 and parameters: {'gradient_clip_val': 0.524065360991496, 'hidden_size': 22, 'dropout': 0.29341884054262585, 'hidden_continuous_size': 12, 'attention_head_size': 1, 'learning_rate': 0.002741356449948337}. Best is trial 11 with value: 0.04357488453388214.
LOCAL_RANK: 0 - CUDA_VISIBLE_DEVICES: [0]
[I 2023-12-15 17:05:07,776] Trial 19 finished with value: 0.09537156671285629 and parameters: {'gradient_clip_val': 0.9177645720295003, 'hidden_size': 35, 'dropout': 0.2177112242463309, 'hidden_continuous_size': 9, 'attention_head_size': 2, 'learning_rate': 0.006163209721400643}. Best is trial 11 with value: 0.04357488453388214.
LOCAL_RANK: 0 - CUDA_VISIBLE_DEVICES: [0]
[I 2023-12-15 17:05:59,451] Trial 20 finished with value: 0.05265196040272713 and parameters: {'gradient_clip_val': 0.3283528811482279, 'hidden_size': 48, 'dropout': 0.24463631789140014, 'hidden_continuous_size': 22, 'attention_head_size': 1, 'learning_rate': 0.015455852441945736}. Best is trial 11 with value: 0.04357488453388214.
LOCAL_RANK: 0 - CUDA_VISIBLE_DEVICES: [0]
[I 2023-12-15 17:06:53,262] Trial 21 finished with value: 0.10535488277673721 and parameters: {'gradient_clip_val': 0.2595856278125368, 'hidden_size': 71, 'dropout': 0.18621427878938188, 'hidden_continuous_size': 15, 'attention_head_size': 2, 'learning_rate': 0.008777507370409252}. Best is trial 11 with value: 0.04357488453388214.
LOCAL_RANK: 0 - CUDA_VISIBLE_DEVICES: [0]
[I 2023-12-15 17:07:45,901] Trial 22 finished with value: 0.06292080134153366 and parameters: {'gradient_clip_val': 0.21696399229339944, 'hidden_size': 64, 'dropout': 0.1817999519836541, 'hidden_continuous_size': 21, 'attention_head_size': 2, 'learning_rate': 0.009609954937772412}. Best is trial 11 with value: 0.04357488453388214.
LOCAL_RANK: 0 - CUDA_VISIBLE_DEVICES: [0]
[I 2023-12-15 17:08:38,562] Trial 23 finished with value: 0.05809542164206505 and parameters: {'gradient_clip_val': 0.3005963386224768, 'hidden_size': 54, 'dropout': 0.20034412754065978, 'hidden_continuous_size': 28, 'attention_head_size': 1, 'learning_rate': 0.004845215857375944}. Best is trial 11 with value: 0.04357488453388214.
LOCAL_RANK: 0 - CUDA_VISIBLE_DEVICES: [0]
[I 2023-12-15 17:09:28,322] Trial 24 finished with value: 0.04577537253499031 and parameters: {'gradient_clip_val': 0.1664831552919799, 'hidden_size': 31, 'dropout': 0.2264893532599978, 'hidden_continuous_size': 14, 'attention_head_size': 3, 'learning_rate': 0.012675901804052819}. Best is trial 11 with value: 0.04357488453388214.
LOCAL_RANK: 0 - CUDA_VISIBLE_DEVICES: [0]
[I 2023-12-15 17:10:24,259] Trial 25 finished with value: 0.05444951355457306 and parameters: {'gradient_clip_val': 0.21544734771684787, 'hidden_size': 95, 'dropout': 0.15858357064705658, 'hidden_continuous_size': 39, 'attention_head_size': 2, 'learning_rate': 0.006606741223600482}. Best is trial 11 with value: 0.04357488453388214.
LOCAL_RANK: 0 - CUDA_VISIBLE_DEVICES: [0]
[I 2023-12-15 17:11:16,894] Trial 26 finished with value: 0.04673847556114197 and parameters: {'gradient_clip_val': 0.10170260432174276, 'hidden_size': 47, 'dropout': 0.2605265528829725, 'hidden_continuous_size': 17, 'attention_head_size': 1, 'learning_rate': 0.02312809696497893}. Best is trial 11 with value: 0.04357488453388214.
LOCAL_RANK: 0 - CUDA_VISIBLE_DEVICES: [0]
[I 2023-12-15 17:12:07,688] Trial 27 finished with value: 0.04730444774031639 and parameters: {'gradient_clip_val': 0.3235884054149005, 'hidden_size': 36, 'dropout': 0.21635253745380428, 'hidden_continuous_size': 18, 'attention_head_size': 1, 'learning_rate': 0.004395606562441987}. Best is trial 11 with value: 0.04357488453388214.
LOCAL_RANK: 0 - CUDA_VISIBLE_DEVICES: [0]
[I 2023-12-15 17:13:01,175] Trial 28 finished with value: 0.04411914572119713 and parameters: {'gradient_clip_val': 0.15955830507855492, 'hidden_size': 76, 'dropout': 0.17542923102148084, 'hidden_continuous_size': 25, 'attention_head_size': 2, 'learning_rate': 0.002296896424719974}. Best is trial 11 with value: 0.04357488453388214.
LOCAL_RANK: 0 - CUDA_VISIBLE_DEVICES: [0]
[I 2023-12-15 17:13:56,848] Trial 29 finished with value: 0.04180997982621193 and parameters: {'gradient_clip_val': 0.12915317065816714, 'hidden_size': 80, 'dropout': 0.24102660994159186, 'hidden_continuous_size': 41, 'attention_head_size': 4, 'learning_rate': 0.0021624883159092534}. Best is trial 29 with value: 0.04180997982621193.
LOCAL_RANK: 0 - CUDA_VISIBLE_DEVICES: [0]
[I 2023-12-15 17:14:52,774] Trial 30 finished with value: 0.05449242517352104 and parameters: {'gradient_clip_val': 0.12032944405113684, 'hidden_size': 79, 'dropout': 0.28014628663804486, 'hidden_continuous_size': 38, 'attention_head_size': 4, 'learning_rate': 0.0015602906443544693}. Best is trial 29 with value: 0.04180997982621193.
LOCAL_RANK: 0 - CUDA_VISIBLE_DEVICES: [0]
[I 2023-12-15 17:15:48,992] Trial 31 finished with value: 0.04618188366293907 and parameters: {'gradient_clip_val': 0.15963221642858505, 'hidden_size': 78, 'dropout': 0.24783900865068872, 'hidden_continuous_size': 47, 'attention_head_size': 4, 'learning_rate': 0.0023277431426785926}. Best is trial 29 with value: 0.04180997982621193.
LOCAL_RANK: 0 - CUDA_VISIBLE_DEVICES: [0]
[I 2023-12-15 17:16:44,755] Trial 32 finished with value: 0.046901851892471313 and parameters: {'gradient_clip_val': 0.14042394298386945, 'hidden_size': 99, 'dropout': 0.2274624444956967, 'hidden_continuous_size': 27, 'attention_head_size': 3, 'learning_rate': 0.0017626000350671057}. Best is trial 29 with value: 0.04180997982621193.
LOCAL_RANK: 0 - CUDA_VISIBLE_DEVICES: [0]
[I 2023-12-15 17:17:39,124] Trial 33 finished with value: 0.0509151816368103 and parameters: {'gradient_clip_val': 0.12256491996090556, 'hidden_size': 66, 'dropout': 0.1999037089548224, 'hidden_continuous_size': 25, 'attention_head_size': 4, 'learning_rate': 0.0010767535054441537}. Best is trial 29 with value: 0.04180997982621193.
LOCAL_RANK: 0 - CUDA_VISIBLE_DEVICES: [0]
[I 2023-12-15 17:18:32,793] Trial 34 finished with value: 0.04821860417723656 and parameters: {'gradient_clip_val': 0.15079007569413055, 'hidden_size': 58, 'dropout': 0.10135061578509191, 'hidden_continuous_size': 20, 'attention_head_size': 3, 'learning_rate': 0.002499595792275821}. Best is trial 29 with value: 0.04180997982621193.
LOCAL_RANK: 0 - CUDA_VISIBLE_DEVICES: [0]
[I 2023-12-15 17:19:26,200] Trial 35 finished with value: 0.05401162430644035 and parameters: {'gradient_clip_val': 0.12811483347123612, 'hidden_size': 80, 'dropout': 0.2364807432417533, 'hidden_continuous_size': 31, 'attention_head_size': 2, 'learning_rate': 0.0009679897128388556}. Best is trial 29 with value: 0.04180997982621193.
LOCAL_RANK: 0 - CUDA_VISIBLE_DEVICES: [0]
[I 2023-12-15 17:20:19,992] Trial 36 finished with value: 0.0664878785610199 and parameters: {'gradient_clip_val': 0.10658269569618697, 'hidden_size': 79, 'dropout': 0.1286552732208554, 'hidden_continuous_size': 23, 'attention_head_size': 1, 'learning_rate': 0.0031765009781910196}. Best is trial 29 with value: 0.04180997982621193.
LOCAL_RANK: 0 - CUDA_VISIBLE_DEVICES: [0]
[I 2023-12-15 17:21:13,746] Trial 37 finished with value: 0.0841611847281456 and parameters: {'gradient_clip_val': 0.1341229802883793, 'hidden_size': 49, 'dropout': 0.262137723778736, 'hidden_continuous_size': 20, 'attention_head_size': 4, 'learning_rate': 0.0020037702132501517}. Best is trial 29 with value: 0.04180997982621193.
LOCAL_RANK: 0 - CUDA_VISIBLE_DEVICES: [0]
[I 2023-12-15 17:22:07,876] Trial 38 finished with value: 0.16923058032989502 and parameters: {'gradient_clip_val': 0.16704907859575502, 'hidden_size': 65, 'dropout': 0.22446180780659225, 'hidden_continuous_size': 28, 'attention_head_size': 3, 'learning_rate': 0.0005983023390510999}. Best is trial 29 with value: 0.04180997982621193.
LOCAL_RANK: 0 - CUDA_VISIBLE_DEVICES: [0]
[I 2023-12-15 17:23:00,900] Trial 39 finished with value: 0.05567152425646782 and parameters: {'gradient_clip_val': 0.1478603732535729, 'hidden_size': 53, 'dropout': 0.16451774052890467, 'hidden_continuous_size': 23, 'attention_head_size': 2, 'learning_rate': 0.003591447536491358}. Best is trial 29 with value: 0.04180997982621193.
LOCAL_RANK: 0 - CUDA_VISIBLE_DEVICES: [0]
[I 2023-12-15 17:23:54,631] Trial 40 finished with value: 0.04316597059369087 and parameters: {'gradient_clip_val': 0.11043223482951345, 'hidden_size': 69, 'dropout': 0.1463672211951913, 'hidden_continuous_size': 33, 'attention_head_size': 1, 'learning_rate': 0.004852755043033239}. Best is trial 29 with value: 0.04180997982621193.
LOCAL_RANK: 0 - CUDA_VISIBLE_DEVICES: [0]
[I 2023-12-15 17:24:49,008] Trial 41 finished with value: 0.039843399077653885 and parameters: {'gradient_clip_val': 0.11298337180567473, 'hidden_size': 69, 'dropout': 0.15025423990766737, 'hidden_continuous_size': 43, 'attention_head_size': 1, 'learning_rate': 0.004734133639513933}. Best is trial 41 with value: 0.039843399077653885.
LOCAL_RANK: 0 - CUDA_VISIBLE_DEVICES: [0]
[I 2023-12-15 17:25:44,521] Trial 42 finished with value: 0.04838905110955238 and parameters: {'gradient_clip_val': 0.11277963983228076, 'hidden_size': 87, 'dropout': 0.13973088075073062, 'hidden_continuous_size': 48, 'attention_head_size': 1, 'learning_rate': 0.005318352555788014}. Best is trial 41 with value: 0.039843399077653885.
LOCAL_RANK: 0 - CUDA_VISIBLE_DEVICES: [0]
[I 2023-12-15 17:26:38,696] Trial 43 finished with value: 0.06226430833339691 and parameters: {'gradient_clip_val': 0.1146415561339143, 'hidden_size': 67, 'dropout': 0.12473929756215074, 'hidden_continuous_size': 33, 'attention_head_size': 1, 'learning_rate': 0.007038940115026364}. Best is trial 41 with value: 0.039843399077653885.
LOCAL_RANK: 0 - CUDA_VISIBLE_DEVICES: [0]
[I 2023-12-15 17:27:31,136] Trial 44 finished with value: 0.0378638356924057 and parameters: {'gradient_clip_val': 0.10357711309105727, 'hidden_size': 45, 'dropout': 0.1500230907145986, 'hidden_continuous_size': 29, 'attention_head_size': 1, 'learning_rate': 0.004337884818059388}. Best is trial 44 with value: 0.0378638356924057.
LOCAL_RANK: 0 - CUDA_VISIBLE_DEVICES: [0]
[I 2023-12-15 17:28:26,314] Trial 45 finished with value: 0.07731342315673828 and parameters: {'gradient_clip_val': 0.10082672475984074, 'hidden_size': 87, 'dropout': 0.14614806779418693, 'hidden_continuous_size': 43, 'attention_head_size': 1, 'learning_rate': 0.0041162307504507036}. Best is trial 44 with value: 0.0378638356924057.
LOCAL_RANK: 0 - CUDA_VISIBLE_DEVICES: [0]
[I 2023-12-15 17:29:20,028] Trial 46 finished with value: 0.054686713963747025 and parameters: {'gradient_clip_val': 0.1333362375043172, 'hidden_size': 62, 'dropout': 0.1504382292995312, 'hidden_continuous_size': 35, 'attention_head_size': 1, 'learning_rate': 0.0029861285922385323}. Best is trial 44 with value: 0.0378638356924057.
LOCAL_RANK: 0 - CUDA_VISIBLE_DEVICES: [0]
[I 2023-12-15 17:30:11,640] Trial 47 finished with value: 0.13886350393295288 and parameters: {'gradient_clip_val': 0.1129247456300385, 'hidden_size': 44, 'dropout': 0.11987368455810253, 'hidden_continuous_size': 31, 'attention_head_size': 1, 'learning_rate': 0.003965421555778033}. Best is trial 44 with value: 0.0378638356924057.
LOCAL_RANK: 0 - CUDA_VISIBLE_DEVICES: [0]
[I 2023-12-15 17:31:07,946] Trial 48 finished with value: 0.04206851124763489 and parameters: {'gradient_clip_val': 0.12625148072770984, 'hidden_size': 99, 'dropout': 0.1366931030720357, 'hidden_continuous_size': 54, 'attention_head_size': 1, 'learning_rate': 0.005379192192871859}. Best is trial 44 with value: 0.0378638356924057.
LOCAL_RANK: 0 - CUDA_VISIBLE_DEVICES: [0]
[I 2023-12-15 17:32:04,072] Trial 49 finished with value: 0.052004363387823105 and parameters: {'gradient_clip_val': 0.12881585520702868, 'hidden_size': 99, 'dropout': 0.13750846996098018, 'hidden_continuous_size': 54, 'attention_head_size': 1, 'learning_rate': 0.005180683733837941}. Best is trial 44 with value: 0.0378638356924057.
[I 2023-12-15 17:32:04,165] A new study created in memory with name: no-name-d2bedff2-7dc3-4996-b46c-be97804b2870
/home/le004/conda/anaconda3/envs/tsff_env/lib/python3.9/site-packages/lightning/fabric/plugins/environments/slurm.py:191: The `srun` command is available on your system but is not used. HINT: If your intention is to run Lightning on SLURM, prepend your python command with `srun` like so: srun python /home/le004/master_thesis/git/TSFusionForecast/code/ ...
LOCAL_RANK: 0 - CUDA_VISIBLE_DEVICES: [0]
[I 2023-12-15 17:32:57,858] Trial 0 finished with value: 0.12033500522375107 and parameters: {'gradient_clip_val': 0.13085080662046977, 'hidden_size': 46, 'dropout': 0.12064771181748354, 'hidden_continuous_size': 44, 'attention_head_size': 2, 'learning_rate': 0.0070279212486729125}. Best is trial 0 with value: 0.12033500522375107.
LOCAL_RANK: 0 - CUDA_VISIBLE_DEVICES: [0]
[I 2023-12-15 17:33:43,219] Trial 1 finished with value: 0.333000510931015 and parameters: {'gradient_clip_val': 0.1488751886407589, 'hidden_size': 12, 'dropout': 0.3311733601768796, 'hidden_continuous_size': 8, 'attention_head_size': 4, 'learning_rate': 0.0022881157471859987}. Best is trial 0 with value: 0.12033500522375107.
LOCAL_RANK: 0 - CUDA_VISIBLE_DEVICES: [0]
[I 2023-12-15 17:34:38,160] Trial 2 finished with value: 0.0939062237739563 and parameters: {'gradient_clip_val': 0.764211228617504, 'hidden_size': 95, 'dropout': 0.17841688443223783, 'hidden_continuous_size': 8, 'attention_head_size': 4, 'learning_rate': 0.0072033888964451315}. Best is trial 2 with value: 0.0939062237739563.
LOCAL_RANK: 0 - CUDA_VISIBLE_DEVICES: [0]
[I 2023-12-15 17:35:29,445] Trial 3 finished with value: 0.09877780824899673 and parameters: {'gradient_clip_val': 0.3682624665872925, 'hidden_size': 30, 'dropout': 0.16723808994173855, 'hidden_continuous_size': 22, 'attention_head_size': 2, 'learning_rate': 0.002020596612801792}. Best is trial 2 with value: 0.0939062237739563.
LOCAL_RANK: 0 - CUDA_VISIBLE_DEVICES: [0]
[I 2023-12-15 17:36:21,171] Trial 4 finished with value: 0.10013049095869064 and parameters: {'gradient_clip_val': 0.1492917574564656, 'hidden_size': 47, 'dropout': 0.10411454321360954, 'hidden_continuous_size': 6, 'attention_head_size': 3, 'learning_rate': 0.02375192933772296}. Best is trial 2 with value: 0.0939062237739563.
LOCAL_RANK: 0 - CUDA_VISIBLE_DEVICES: [0]
[I 2023-12-15 17:37:07,350] Trial 5 finished with value: 0.15219222009181976 and parameters: {'gradient_clip_val': 0.36424602289759556, 'hidden_size': 10, 'dropout': 0.207009229162683, 'hidden_continuous_size': 5, 'attention_head_size': 4, 'learning_rate': 0.0037375850968507096}. Best is trial 2 with value: 0.0939062237739563.
LOCAL_RANK: 0 - CUDA_VISIBLE_DEVICES: [0]
[I 2023-12-15 17:38:02,457] Trial 6 finished with value: 0.08745870739221573 and parameters: {'gradient_clip_val': 0.13422606549523944, 'hidden_size': 75, 'dropout': 0.1700470321908188, 'hidden_continuous_size': 52, 'attention_head_size': 1, 'learning_rate': 0.017235478965358233}. Best is trial 6 with value: 0.08745870739221573.
LOCAL_RANK: 0 - CUDA_VISIBLE_DEVICES: [0]
[I 2023-12-15 17:38:52,588] Trial 7 finished with value: 0.1324889063835144 and parameters: {'gradient_clip_val': 0.4254723736449487, 'hidden_size': 34, 'dropout': 0.29918522370447775, 'hidden_continuous_size': 8, 'attention_head_size': 4, 'learning_rate': 0.09168401271534246}. Best is trial 6 with value: 0.08745870739221573.
LOCAL_RANK: 0 - CUDA_VISIBLE_DEVICES: [0]
[I 2023-12-15 17:39:38,775] Trial 8 finished with value: 0.1165851429104805 and parameters: {'gradient_clip_val': 0.2523497520318251, 'hidden_size': 7, 'dropout': 0.36857105184405337, 'hidden_continuous_size': 6, 'attention_head_size': 4, 'learning_rate': 0.07370987393199642}. Best is trial 6 with value: 0.08745870739221573.
LOCAL_RANK: 0 - CUDA_VISIBLE_DEVICES: [0]
[I 2023-12-15 17:40:23,251] Trial 9 finished with value: 0.11821067333221436 and parameters: {'gradient_clip_val': 0.25420202932219965, 'hidden_size': 10, 'dropout': 0.15920862682530962, 'hidden_continuous_size': 5, 'attention_head_size': 1, 'learning_rate': 0.02483132196331126}. Best is trial 6 with value: 0.08745870739221573.
LOCAL_RANK: 0 - CUDA_VISIBLE_DEVICES: [0]
[I 2023-12-15 17:41:19,144] Trial 10 finished with value: 0.09557376056909561 and parameters: {'gradient_clip_val': 0.10020768818911899, 'hidden_size': 80, 'dropout': 0.2511956592658436, 'hidden_continuous_size': 75, 'attention_head_size': 1, 'learning_rate': 0.0008819033730184688}. Best is trial 6 with value: 0.08745870739221573.
LOCAL_RANK: 0 - CUDA_VISIBLE_DEVICES: [0]
[I 2023-12-15 17:42:14,306] Trial 11 finished with value: 0.13210247457027435 and parameters: {'gradient_clip_val': 0.8875760971901048, 'hidden_size': 99, 'dropout': 0.2217931683944073, 'hidden_continuous_size': 15, 'attention_head_size': 3, 'learning_rate': 0.012503884185069343}. Best is trial 6 with value: 0.08745870739221573.
LOCAL_RANK: 0 - CUDA_VISIBLE_DEVICES: [0]
