[I 2023-12-16 06:25:03,361] Trial 23 finished with value: 0.046521663665771484 and parameters: {'gradient_clip_val': 0.42724719579474935, 'hidden_size': 33, 'dropout': 0.3248914580858294, 'hidden_continuous_size': 11, 'attention_head_size': 2, 'learning_rate': 0.02241281052483602}. Best is trial 23 with value: 0.046521663665771484.
LOCAL_RANK: 0 - CUDA_VISIBLE_DEVICES: [0]
[I 2023-12-16 06:25:49,454] Trial 24 finished with value: 0.9351773858070374 and parameters: {'gradient_clip_val': 0.41370245667632, 'hidden_size': 18, 'dropout': 0.3716924642995196, 'hidden_continuous_size': 6, 'attention_head_size': 1, 'learning_rate': 0.022589060762646294}. Best is trial 23 with value: 0.046521663665771484.
LOCAL_RANK: 0 - CUDA_VISIBLE_DEVICES: [0]
[I 2023-12-16 06:26:39,395] Trial 25 finished with value: 0.4013708531856537 and parameters: {'gradient_clip_val': 0.5096795362000777, 'hidden_size': 34, 'dropout': 0.33744033467125834, 'hidden_continuous_size': 10, 'attention_head_size': 2, 'learning_rate': 0.018397646814535984}. Best is trial 23 with value: 0.046521663665771484.
LOCAL_RANK: 0 - CUDA_VISIBLE_DEVICES: [0]
[I 2023-12-16 06:27:31,452] Trial 26 finished with value: 0.10676232725381851 and parameters: {'gradient_clip_val': 0.3931511038841306, 'hidden_size': 46, 'dropout': 0.37014546225391287, 'hidden_continuous_size': 14, 'attention_head_size': 1, 'learning_rate': 0.03511175979096917}. Best is trial 23 with value: 0.046521663665771484.
LOCAL_RANK: 0 - CUDA_VISIBLE_DEVICES: [0]
[I 2023-12-16 06:28:19,144] Trial 27 finished with value: 0.2432270050048828 and parameters: {'gradient_clip_val': 0.446334050073881, 'hidden_size': 24, 'dropout': 0.31301983236413083, 'hidden_continuous_size': 11, 'attention_head_size': 2, 'learning_rate': 0.013998965954756136}. Best is trial 23 with value: 0.046521663665771484.
LOCAL_RANK: 0 - CUDA_VISIBLE_DEVICES: [0]
[I 2023-12-16 06:29:09,753] Trial 28 finished with value: 0.13632766902446747 and parameters: {'gradient_clip_val': 0.30904866243990714, 'hidden_size': 37, 'dropout': 0.3330115380517735, 'hidden_continuous_size': 13, 'attention_head_size': 1, 'learning_rate': 0.010182405350518788}. Best is trial 23 with value: 0.046521663665771484.
LOCAL_RANK: 0 - CUDA_VISIBLE_DEVICES: [0]
[I 2023-12-16 06:29:58,419] Trial 29 finished with value: 0.11893325299024582 and parameters: {'gradient_clip_val': 0.5432211140387544, 'hidden_size': 22, 'dropout': 0.3459558616168829, 'hidden_continuous_size': 9, 'attention_head_size': 2, 'learning_rate': 0.017350563237808425}. Best is trial 23 with value: 0.046521663665771484.
LOCAL_RANK: 0 - CUDA_VISIBLE_DEVICES: [0]
[I 2023-12-16 06:30:46,842] Trial 30 finished with value: 0.05480512976646423 and parameters: {'gradient_clip_val': 0.4645935858361471, 'hidden_size': 22, 'dropout': 0.26978981731599927, 'hidden_continuous_size': 9, 'attention_head_size': 1, 'learning_rate': 0.030794772117475753}. Best is trial 23 with value: 0.046521663665771484.
LOCAL_RANK: 0 - CUDA_VISIBLE_DEVICES: [0]
[I 2023-12-16 06:31:34,536] Trial 31 finished with value: 0.1680869311094284 and parameters: {'gradient_clip_val': 0.4650684304032291, 'hidden_size': 32, 'dropout': 0.2699086395521689, 'hidden_continuous_size': 9, 'attention_head_size': 1, 'learning_rate': 0.03281793912184512}. Best is trial 23 with value: 0.046521663665771484.
LOCAL_RANK: 0 - CUDA_VISIBLE_DEVICES: [0]
[I 2023-12-16 06:32:23,245] Trial 32 finished with value: 0.23976047337055206 and parameters: {'gradient_clip_val': 0.6583119664333797, 'hidden_size': 21, 'dropout': 0.30692611294771527, 'hidden_continuous_size': 11, 'attention_head_size': 1, 'learning_rate': 0.025387489089588454}. Best is trial 23 with value: 0.046521663665771484.
LOCAL_RANK: 0 - CUDA_VISIBLE_DEVICES: [0]
[I 2023-12-16 06:33:08,694] Trial 33 finished with value: 0.23778779804706573 and parameters: {'gradient_clip_val': 0.5221940445370336, 'hidden_size': 16, 'dropout': 0.35318158719119336, 'hidden_continuous_size': 9, 'attention_head_size': 1, 'learning_rate': 0.0494460484923293}. Best is trial 23 with value: 0.046521663665771484.
LOCAL_RANK: 0 - CUDA_VISIBLE_DEVICES: [0]
[I 2023-12-16 06:33:56,166] Trial 34 finished with value: 0.25872454047203064 and parameters: {'gradient_clip_val': 0.4155520955382501, 'hidden_size': 32, 'dropout': 0.3238344390162769, 'hidden_continuous_size': 7, 'attention_head_size': 1, 'learning_rate': 0.03726525139610888}. Best is trial 23 with value: 0.046521663665771484.
LOCAL_RANK: 0 - CUDA_VISIBLE_DEVICES: [0]
[I 2023-12-16 06:34:46,131] Trial 35 finished with value: 0.7256562113761902 and parameters: {'gradient_clip_val': 0.5103957901432484, 'hidden_size': 23, 'dropout': 0.2670249541608205, 'hidden_continuous_size': 11, 'attention_head_size': 4, 'learning_rate': 0.06835363542935226}. Best is trial 23 with value: 0.046521663665771484.
LOCAL_RANK: 0 - CUDA_VISIBLE_DEVICES: [0]
[I 2023-12-16 06:35:32,464] Trial 36 finished with value: 0.22403167188167572 and parameters: {'gradient_clip_val': 0.6817027566936462, 'hidden_size': 17, 'dropout': 0.34049860983853536, 'hidden_continuous_size': 8, 'attention_head_size': 2, 'learning_rate': 0.020083506803114253}. Best is trial 23 with value: 0.046521663665771484.
LOCAL_RANK: 0 - CUDA_VISIBLE_DEVICES: [0]
[I 2023-12-16 06:36:22,872] Trial 37 finished with value: 0.047680411487817764 and parameters: {'gradient_clip_val': 0.8133206630156514, 'hidden_size': 33, 'dropout': 0.2213324167461927, 'hidden_continuous_size': 17, 'attention_head_size': 1, 'learning_rate': 0.014163038871518582}. Best is trial 23 with value: 0.046521663665771484.
LOCAL_RANK: 0 - CUDA_VISIBLE_DEVICES: [0]
[I 2023-12-16 06:37:14,822] Trial 38 finished with value: 0.10348471999168396 and parameters: {'gradient_clip_val': 0.826250354890267, 'hidden_size': 35, 'dropout': 0.2271669804596703, 'hidden_continuous_size': 17, 'attention_head_size': 2, 'learning_rate': 0.007993202296027627}. Best is trial 23 with value: 0.046521663665771484.
LOCAL_RANK: 0 - CUDA_VISIBLE_DEVICES: [0]
[I 2023-12-16 06:38:05,741] Trial 39 finished with value: 0.04678522050380707 and parameters: {'gradient_clip_val': 0.8270370837895258, 'hidden_size': 40, 'dropout': 0.20776058188890945, 'hidden_continuous_size': 16, 'attention_head_size': 1, 'learning_rate': 0.012637814077096321}. Best is trial 23 with value: 0.046521663665771484.
LOCAL_RANK: 0 - CUDA_VISIBLE_DEVICES: [0]
[I 2023-12-16 06:38:57,647] Trial 40 finished with value: 0.11492180079221725 and parameters: {'gradient_clip_val': 0.9958274211237657, 'hidden_size': 44, 'dropout': 0.2056494385857804, 'hidden_continuous_size': 16, 'attention_head_size': 3, 'learning_rate': 0.013833086355071179}. Best is trial 23 with value: 0.046521663665771484.
LOCAL_RANK: 0 - CUDA_VISIBLE_DEVICES: [0]
[I 2023-12-16 06:39:47,802] Trial 41 finished with value: 0.39137542247772217 and parameters: {'gradient_clip_val': 0.8223010822236492, 'hidden_size': 31, 'dropout': 0.23262509959722255, 'hidden_continuous_size': 17, 'attention_head_size': 1, 'learning_rate': 0.009375748329161366}. Best is trial 23 with value: 0.046521663665771484.
LOCAL_RANK: 0 - CUDA_VISIBLE_DEVICES: [0]
[I 2023-12-16 06:40:38,732] Trial 42 finished with value: 0.06365231424570084 and parameters: {'gradient_clip_val': 0.5742547690100194, 'hidden_size': 38, 'dropout': 0.20968692703882497, 'hidden_continuous_size': 13, 'attention_head_size': 1, 'learning_rate': 0.024920619101158812}. Best is trial 23 with value: 0.046521663665771484.
LOCAL_RANK: 0 - CUDA_VISIBLE_DEVICES: [0]
[I 2023-12-16 06:41:30,712] Trial 43 finished with value: 0.10062702745199203 and parameters: {'gradient_clip_val': 0.7968622788450024, 'hidden_size': 45, 'dropout': 0.21370962839756194, 'hidden_continuous_size': 13, 'attention_head_size': 1, 'learning_rate': 0.02655732272167606}. Best is trial 23 with value: 0.046521663665771484.
LOCAL_RANK: 0 - CUDA_VISIBLE_DEVICES: [0]
[I 2023-12-16 06:42:19,661] Trial 44 finished with value: 0.08014684170484543 and parameters: {'gradient_clip_val': 0.69528136365916, 'hidden_size': 25, 'dropout': 0.17841701588726794, 'hidden_continuous_size': 13, 'attention_head_size': 1, 'learning_rate': 0.015421955040920515}. Best is trial 23 with value: 0.046521663665771484.
LOCAL_RANK: 0 - CUDA_VISIBLE_DEVICES: [0]
[I 2023-12-16 06:43:11,172] Trial 45 finished with value: 0.13322843611240387 and parameters: {'gradient_clip_val': 0.5655906073709213, 'hidden_size': 38, 'dropout': 0.24652154839509288, 'hidden_continuous_size': 15, 'attention_head_size': 1, 'learning_rate': 0.021577635524019697}. Best is trial 23 with value: 0.046521663665771484.
LOCAL_RANK: 0 - CUDA_VISIBLE_DEVICES: [0]
[I 2023-12-16 06:44:01,942] Trial 46 finished with value: 0.15265463292598724 and parameters: {'gradient_clip_val': 0.6364034137762906, 'hidden_size': 31, 'dropout': 0.2249733407241121, 'hidden_continuous_size': 18, 'attention_head_size': 2, 'learning_rate': 0.011706790563616292}. Best is trial 23 with value: 0.046521663665771484.
LOCAL_RANK: 0 - CUDA_VISIBLE_DEVICES: [0]
[I 2023-12-16 06:44:55,967] Trial 47 finished with value: 0.07780883461236954 and parameters: {'gradient_clip_val': 0.7399633398166569, 'hidden_size': 65, 'dropout': 0.1898041539088277, 'hidden_continuous_size': 19, 'attention_head_size': 4, 'learning_rate': 0.030405416482798157}. Best is trial 23 with value: 0.046521663665771484.
LOCAL_RANK: 0 - CUDA_VISIBLE_DEVICES: [0]
[I 2023-12-16 06:45:43,261] Trial 48 finished with value: 0.13159041106700897 and parameters: {'gradient_clip_val': 0.9178093345295762, 'hidden_size': 20, 'dropout': 0.2162733940417695, 'hidden_continuous_size': 12, 'attention_head_size': 1, 'learning_rate': 0.022266870050694495}. Best is trial 23 with value: 0.046521663665771484.
LOCAL_RANK: 0 - CUDA_VISIBLE_DEVICES: [0]
[I 2023-12-16 06:46:34,386] Trial 49 finished with value: 0.8414257168769836 and parameters: {'gradient_clip_val': 0.8953742974686502, 'hidden_size': 38, 'dropout': 0.23901023689640982, 'hidden_continuous_size': 14, 'attention_head_size': 1, 'learning_rate': 0.015535851110741945}. Best is trial 23 with value: 0.046521663665771484.
[I 2023-12-16 06:46:34,478] A new study created in memory with name: no-name-f2b475e0-3665-44f4-9895-90365515394a
/home/le004/conda/anaconda3/envs/tsff_env/lib/python3.9/site-packages/lightning/fabric/plugins/environments/slurm.py:191: The `srun` command is available on your system but is not used. HINT: If your intention is to run Lightning on SLURM, prepend your python command with `srun` like so: srun python /home/le004/master_thesis/git/TSFusionForecast/code/ ...
LOCAL_RANK: 0 - CUDA_VISIBLE_DEVICES: [0]
[I 2023-12-16 06:47:21,298] Trial 0 finished with value: 202.5963897705078 and parameters: {'gradient_clip_val': 0.15339291712746003, 'hidden_size': 12, 'dropout': 0.27442568390922195, 'hidden_continuous_size': 9, 'attention_head_size': 4, 'learning_rate': 0.04698758861065822}. Best is trial 0 with value: 202.5963897705078.
LOCAL_RANK: 0 - CUDA_VISIBLE_DEVICES: [0]
[I 2023-12-16 06:47:57,063] Trial 1 finished with value: 338.60369873046875 and parameters: {'gradient_clip_val': 0.769323470351223, 'hidden_size': 7, 'dropout': 0.26441742552674186, 'hidden_continuous_size': 7, 'attention_head_size': 1, 'learning_rate': 0.0008308665267334315}. Best is trial 0 with value: 202.5963897705078.
LOCAL_RANK: 0 - CUDA_VISIBLE_DEVICES: [0]
[I 2023-12-16 06:48:33,711] Trial 2 finished with value: 322.5671691894531 and parameters: {'gradient_clip_val': 0.6039241837711945, 'hidden_size': 7, 'dropout': 0.15204384011890137, 'hidden_continuous_size': 7, 'attention_head_size': 3, 'learning_rate': 0.0008256272160379857}. Best is trial 0 with value: 202.5963897705078.
LOCAL_RANK: 0 - CUDA_VISIBLE_DEVICES: [0]
[I 2023-12-16 06:49:22,385] Trial 3 finished with value: 86.1405029296875 and parameters: {'gradient_clip_val': 0.9510179502105256, 'hidden_size': 34, 'dropout': 0.2505806114555166, 'hidden_continuous_size': 5, 'attention_head_size': 1, 'learning_rate': 0.003405186281223879}. Best is trial 3 with value: 86.1405029296875.
LOCAL_RANK: 0 - CUDA_VISIBLE_DEVICES: [0]
[I 2023-12-16 06:49:58,538] Trial 4 finished with value: 267.2028503417969 and parameters: {'gradient_clip_val': 0.4842479152009856, 'hidden_size': 6, 'dropout': 0.22218708431194428, 'hidden_continuous_size': 6, 'attention_head_size': 2, 'learning_rate': 0.03346698154894279}. Best is trial 3 with value: 86.1405029296875.
LOCAL_RANK: 0 - CUDA_VISIBLE_DEVICES: [0]
[I 2023-12-16 06:50:48,010] Trial 5 finished with value: 184.6082763671875 and parameters: {'gradient_clip_val': 0.13323967769418385, 'hidden_size': 33, 'dropout': 0.2029977852836492, 'hidden_continuous_size': 11, 'attention_head_size': 2, 'learning_rate': 0.0017670051876621424}. Best is trial 3 with value: 86.1405029296875.
LOCAL_RANK: 0 - CUDA_VISIBLE_DEVICES: [0]
[I 2023-12-16 06:51:37,468] Trial 6 finished with value: 254.9544219970703 and parameters: {'gradient_clip_val': 0.6344446562996168, 'hidden_size': 38, 'dropout': 0.14557038415368806, 'hidden_continuous_size': 7, 'attention_head_size': 2, 'learning_rate': 0.0005320959239273798}. Best is trial 3 with value: 86.1405029296875.
LOCAL_RANK: 0 - CUDA_VISIBLE_DEVICES: [0]
[I 2023-12-16 06:52:24,637] Trial 7 finished with value: 229.37939453125 and parameters: {'gradient_clip_val': 0.5010106785430707, 'hidden_size': 13, 'dropout': 0.1828789101282811, 'hidden_continuous_size': 12, 'attention_head_size': 4, 'learning_rate': 0.006556889937730633}. Best is trial 3 with value: 86.1405029296875.
LOCAL_RANK: 0 - CUDA_VISIBLE_DEVICES: [0]
[I 2023-12-16 06:53:10,996] Trial 8 finished with value: 89.40706634521484 and parameters: {'gradient_clip_val': 0.11431793186405045, 'hidden_size': 11, 'dropout': 0.13834825388596766, 'hidden_continuous_size': 7, 'attention_head_size': 4, 'learning_rate': 0.039722523838820085}. Best is trial 3 with value: 86.1405029296875.
LOCAL_RANK: 0 - CUDA_VISIBLE_DEVICES: [0]
[I 2023-12-16 06:53:57,649] Trial 9 finished with value: 173.52891540527344 and parameters: {'gradient_clip_val': 0.1389439327910996, 'hidden_size': 15, 'dropout': 0.15412080011084722, 'hidden_continuous_size': 6, 'attention_head_size': 4, 'learning_rate': 0.0010339954329054628}. Best is trial 3 with value: 86.1405029296875.
LOCAL_RANK: 0 - CUDA_VISIBLE_DEVICES: [0]
[I 2023-12-16 06:54:52,254] Trial 10 finished with value: 89.056396484375 and parameters: {'gradient_clip_val': 0.9162273824090329, 'hidden_size': 91, 'dropout': 0.3724677634080562, 'hidden_continuous_size': 31, 'attention_head_size': 1, 'learning_rate': 0.004013150709111724}. Best is trial 3 with value: 86.1405029296875.
LOCAL_RANK: 0 - CUDA_VISIBLE_DEVICES: [0]
[I 2023-12-16 06:55:47,071] Trial 11 finished with value: 190.6710205078125 and parameters: {'gradient_clip_val': 0.8784859051688494, 'hidden_size': 84, 'dropout': 0.37031562166179915, 'hidden_continuous_size': 37, 'attention_head_size': 1, 'learning_rate': 0.0039037109921264855}. Best is trial 3 with value: 86.1405029296875.
LOCAL_RANK: 0 - CUDA_VISIBLE_DEVICES: [0]
[I 2023-12-16 06:56:41,191] Trial 12 finished with value: 118.50072479248047 and parameters: {'gradient_clip_val': 0.9655772844753577, 'hidden_size': 89, 'dropout': 0.39740210331229797, 'hidden_continuous_size': 21, 'attention_head_size': 1, 'learning_rate': 0.002883962286123187}. Best is trial 3 with value: 86.1405029296875.
LOCAL_RANK: 0 - CUDA_VISIBLE_DEVICES: [0]
[I 2023-12-16 06:57:34,733] Trial 13 finished with value: 191.42991638183594 and parameters: {'gradient_clip_val': 0.9740338781766387, 'hidden_size': 54, 'dropout': 0.31698566667331196, 'hidden_continuous_size': 21, 'attention_head_size': 1, 'learning_rate': 0.009628422380452148}. Best is trial 3 with value: 86.1405029296875.
LOCAL_RANK: 0 - CUDA_VISIBLE_DEVICES: [0]
[I 2023-12-16 06:58:23,422] Trial 14 finished with value: 405.8528747558594 and parameters: {'gradient_clip_val': 0.36326633539710756, 'hidden_size': 26, 'dropout': 0.3141718866472546, 'hidden_continuous_size': 5, 'attention_head_size': 3, 'learning_rate': 0.008731282668283654}. Best is trial 3 with value: 86.1405029296875.
LOCAL_RANK: 0 - CUDA_VISIBLE_DEVICES: [0]
[I 2023-12-16 06:59:18,187] Trial 15 finished with value: 121.6745376586914 and parameters: {'gradient_clip_val': 0.7210713153339835, 'hidden_size': 57, 'dropout': 0.10028458568986273, 'hidden_continuous_size': 56, 'attention_head_size': 2, 'learning_rate': 0.0021680393880603613}. Best is trial 3 with value: 86.1405029296875.
LOCAL_RANK: 0 - CUDA_VISIBLE_DEVICES: [0]
[I 2023-12-16 07:00:05,539] Trial 16 finished with value: 89.7270736694336 and parameters: {'gradient_clip_val': 0.2953059245076546, 'hidden_size': 21, 'dropout': 0.2378020836913764, 'hidden_continuous_size': 5, 'attention_head_size': 1, 'learning_rate': 0.0166459382678448}. Best is trial 3 with value: 86.1405029296875.
LOCAL_RANK: 0 - CUDA_VISIBLE_DEVICES: [0]
[I 2023-12-16 07:00:59,605] Trial 17 finished with value: 135.620361328125 and parameters: {'gradient_clip_val': 0.9823610482600057, 'hidden_size': 99, 'dropout': 0.33630972882965304, 'hidden_continuous_size': 14, 'attention_head_size': 1, 'learning_rate': 0.004083576668077545}. Best is trial 3 with value: 86.1405029296875.
LOCAL_RANK: 0 - CUDA_VISIBLE_DEVICES: [0]
[I 2023-12-16 07:01:53,724] Trial 18 finished with value: 104.98870849609375 and parameters: {'gradient_clip_val': 0.7386064185530993, 'hidden_size': 59, 'dropout': 0.284652318550525, 'hidden_continuous_size': 26, 'attention_head_size': 3, 'learning_rate': 0.09051557660964128}. Best is trial 3 with value: 86.1405029296875.
LOCAL_RANK: 0 - CUDA_VISIBLE_DEVICES: [0]
[I 2023-12-16 07:02:45,819] Trial 19 finished with value: 262.7796936035156 and parameters: {'gradient_clip_val': 0.536202696561369, 'hidden_size': 44, 'dropout': 0.3573069834168523, 'hidden_continuous_size': 10, 'attention_head_size': 2, 'learning_rate': 0.0015384253387291955}. Best is trial 3 with value: 86.1405029296875.
LOCAL_RANK: 0 - CUDA_VISIBLE_DEVICES: [0]
[I 2023-12-16 07:03:34,662] Trial 20 finished with value: 104.08285522460938 and parameters: {'gradient_clip_val': 0.7558712407680089, 'hidden_size': 30, 'dropout': 0.2971883215299636, 'hidden_continuous_size': 14, 'attention_head_size': 1, 'learning_rate': 0.004921983322792071}. Best is trial 3 with value: 86.1405029296875.
LOCAL_RANK: 0 - CUDA_VISIBLE_DEVICES: [0]
[I 2023-12-16 07:04:22,793] Trial 21 finished with value: 114.53653717041016 and parameters: {'gradient_clip_val': 0.22152057975398376, 'hidden_size': 19, 'dropout': 0.2488707476002467, 'hidden_continuous_size': 8, 'attention_head_size': 3, 'learning_rate': 0.013591362419109455}. Best is trial 3 with value: 86.1405029296875.
LOCAL_RANK: 0 - CUDA_VISIBLE_DEVICES: [0]
[I 2023-12-16 07:05:08,862] Trial 22 finished with value: 106.72796630859375 and parameters: {'gradient_clip_val': 0.1848538958725346, 'hidden_size': 10, 'dropout': 0.2304092532081863, 'hidden_continuous_size': 5, 'attention_head_size': 4, 'learning_rate': 0.005703307941992339}. Best is trial 3 with value: 86.1405029296875.
LOCAL_RANK: 0 - CUDA_VISIBLE_DEVICES: [0]
[I 2023-12-16 07:05:55,445] Trial 23 finished with value: 219.4834747314453 and parameters: {'gradient_clip_val': 0.39076540241476504, 'hidden_size': 18, 'dropout': 0.26317140426849495, 'hidden_continuous_size': 6, 'attention_head_size': 2, 'learning_rate': 0.003488376868567859}. Best is trial 3 with value: 86.1405029296875.
LOCAL_RANK: 0 - CUDA_VISIBLE_DEVICES: [0]
[I 2023-12-16 07:06:45,381] Trial 24 finished with value: 91.87999725341797 and parameters: {'gradient_clip_val': 0.11488480201598747, 'hidden_size': 25, 'dropout': 0.20233872522749802, 'hidden_continuous_size': 9, 'attention_head_size': 3, 'learning_rate': 0.002591998054412698}. Best is trial 3 with value: 86.1405029296875.
LOCAL_RANK: 0 - CUDA_VISIBLE_DEVICES: [0]
[I 2023-12-16 07:07:39,530] Trial 25 finished with value: 129.7911834716797 and parameters: {'gradient_clip_val': 0.1016704452678181, 'hidden_size': 73, 'dropout': 0.33439918774997235, 'hidden_continuous_size': 32, 'attention_head_size': 1, 'learning_rate': 0.015789863745181532}. Best is trial 3 with value: 86.1405029296875.
LOCAL_RANK: 0 - CUDA_VISIBLE_DEVICES: [0]
[I 2023-12-16 07:08:31,384] Trial 26 finished with value: 132.2467498779297 and parameters: {'gradient_clip_val': 0.2601952464804379, 'hidden_size': 40, 'dropout': 0.29778176966118125, 'hidden_continuous_size': 16, 'attention_head_size': 2, 'learning_rate': 0.0069033538246536345}. Best is trial 3 with value: 86.1405029296875.
LOCAL_RANK: 0 - CUDA_VISIBLE_DEVICES: [0]
[I 2023-12-16 07:09:24,649] Trial 27 finished with value: 485.0302734375 and parameters: {'gradient_clip_val': 0.21070938395008953, 'hidden_size': 46, 'dropout': 0.25838776255309626, 'hidden_continuous_size': 12, 'attention_head_size': 4, 'learning_rate': 0.02430611257551696}. Best is trial 3 with value: 86.1405029296875.
LOCAL_RANK: 0 - CUDA_VISIBLE_DEVICES: [0]
[I 2023-12-16 07:10:17,321] Trial 28 finished with value: 128.07232666015625 and parameters: {'gradient_clip_val': 0.42638263713497426, 'hidden_size': 68, 'dropout': 0.3984719730947783, 'hidden_continuous_size': 18, 'attention_head_size': 1, 'learning_rate': 0.009679323941713239}. Best is trial 3 with value: 86.1405029296875.
LOCAL_RANK: 0 - CUDA_VISIBLE_DEVICES: [0]
[I 2023-12-16 07:11:04,069] Trial 29 finished with value: 56.9784049987793 and parameters: {'gradient_clip_val': 0.159135151079735, 'hidden_size': 10, 'dropout': 0.2702077666008993, 'hidden_continuous_size': 8, 'attention_head_size': 4, 'learning_rate': 0.059434874959113114}. Best is trial 29 with value: 56.9784049987793.
LOCAL_RANK: 0 - CUDA_VISIBLE_DEVICES: [0]
[I 2023-12-16 07:11:53,751] Trial 30 finished with value: 164.9109344482422 and parameters: {'gradient_clip_val': 0.1683237000960814, 'hidden_size': 31, 'dropout': 0.2761426252399733, 'hidden_continuous_size': 10, 'attention_head_size': 3, 'learning_rate': 0.07159264575911965}. Best is trial 29 with value: 56.9784049987793.
LOCAL_RANK: 0 - CUDA_VISIBLE_DEVICES: [0]
