[I 2023-12-26 15:06:10,648] Trial 7 finished with value: 541.5074462890625 and parameters: {'gradient_clip_val': 0.14233571188319, 'hidden_size': 15, 'dropout': 0.23497245096460428, 'hidden_continuous_size': 13, 'attention_head_size': 2, 'learning_rate': 0.0023545755649829205}. Best is trial 0 with value: 172.2407989501953.
[I 2023-12-26 15:06:21,474] Trial 8 finished with value: 330.8678894042969 and parameters: {'gradient_clip_val': 0.24474808378104196, 'hidden_size': 150, 'dropout': 0.2508181355890125, 'hidden_continuous_size': 5, 'attention_head_size': 1, 'learning_rate': 0.013302604417709038}. Best is trial 0 with value: 172.2407989501953.
[I 2023-12-26 15:06:23,898] Trial 9 finished with value: 480.708984375 and parameters: {'gradient_clip_val': 0.28210173348325435, 'hidden_size': 9, 'dropout': 0.12266061855396702, 'hidden_continuous_size': 6, 'attention_head_size': 1, 'learning_rate': 0.0022471569183423958}. Best is trial 0 with value: 172.2407989501953.
[I 2023-12-26 15:06:26,061] Trial 10 finished with value: 371.5139465332031 and parameters: {'gradient_clip_val': 0.11212543224151279, 'hidden_size': 5, 'dropout': 0.3870165963240192, 'hidden_continuous_size': 5, 'attention_head_size': 3, 'learning_rate': 0.09131121793831476}. Best is trial 0 with value: 172.2407989501953.
[I 2023-12-26 15:06:30,684] Trial 11 finished with value: 464.2047424316406 and parameters: {'gradient_clip_val': 0.5776515318282812, 'hidden_size': 54, 'dropout': 0.4991979880832122, 'hidden_continuous_size': 9, 'attention_head_size': 2, 'learning_rate': 0.09224601749473568}. Best is trial 0 with value: 172.2407989501953.
[I 2023-12-26 15:06:33,541] Trial 12 finished with value: 394.023193359375 and parameters: {'gradient_clip_val': 0.43744156538398044, 'hidden_size': 23, 'dropout': 0.35683721735587237, 'hidden_continuous_size': 8, 'attention_head_size': 1, 'learning_rate': 0.042016366421363686}. Best is trial 0 with value: 172.2407989501953.
[I 2023-12-26 15:06:38,568] Trial 13 finished with value: 395.6608581542969 and parameters: {'gradient_clip_val': 0.4340141717870093, 'hidden_size': 57, 'dropout': 0.48852289071670313, 'hidden_continuous_size': 22, 'attention_head_size': 3, 'learning_rate': 0.040552082451938254}. Best is trial 0 with value: 172.2407989501953.
[I 2023-12-26 15:06:46,255] Trial 14 finished with value: 528.01025390625 and parameters: {'gradient_clip_val': 0.4012489016307375, 'hidden_size': 93, 'dropout': 0.3487850714334948, 'hidden_continuous_size': 19, 'attention_head_size': 2, 'learning_rate': 0.04429259691233502}. Best is trial 0 with value: 172.2407989501953.
[I 2023-12-26 15:06:49,702] Trial 15 finished with value: 507.1471862792969 and parameters: {'gradient_clip_val': 0.22512638903175286, 'hidden_size': 36, 'dropout': 0.4357921622037402, 'hidden_continuous_size': 7, 'attention_head_size': 4, 'learning_rate': 0.013233758914549922}. Best is trial 0 with value: 172.2407989501953.
[I 2023-12-26 15:06:52,299] Trial 16 finished with value: 434.0902099609375 and parameters: {'gradient_clip_val': 0.5921365091372861, 'hidden_size': 19, 'dropout': 0.3304704782666768, 'hidden_continuous_size': 7, 'attention_head_size': 1, 'learning_rate': 0.0980596961130877}. Best is trial 0 with value: 172.2407989501953.
[I 2023-12-26 15:06:54,389] Trial 17 finished with value: 389.951416015625 and parameters: {'gradient_clip_val': 0.1815982473390455, 'hidden_size': 9, 'dropout': 0.39423537678941584, 'hidden_continuous_size': 6, 'attention_head_size': 2, 'learning_rate': 0.024177028216231487}. Best is trial 0 with value: 172.2407989501953.
[I 2023-12-26 15:06:57,166] Trial 18 finished with value: 289.92938232421875 and parameters: {'gradient_clip_val': 0.33120602089005036, 'hidden_size': 26, 'dropout': 0.3180751651840652, 'hidden_continuous_size': 10, 'attention_head_size': 3, 'learning_rate': 0.05713275033571684}. Best is trial 0 with value: 172.2407989501953.
[I 2023-12-26 15:06:59,872] Trial 19 finished with value: 318.4497375488281 and parameters: {'gradient_clip_val': 0.31657134500766915, 'hidden_size': 27, 'dropout': 0.20155937692050402, 'hidden_continuous_size': 8, 'attention_head_size': 3, 'learning_rate': 0.06274124628138829}. Best is trial 0 with value: 172.2407989501953.
[I 2023-12-26 15:07:02,510] Trial 20 finished with value: 378.3019714355469 and parameters: {'gradient_clip_val': 0.2613722654359585, 'hidden_size': 15, 'dropout': 0.31380849296791524, 'hidden_continuous_size': 7, 'attention_head_size': 4, 'learning_rate': 0.0244020884334146}. Best is trial 0 with value: 172.2407989501953.
[I 2023-12-26 15:07:06,842] Trial 21 finished with value: 311.22015380859375 and parameters: {'gradient_clip_val': 0.3609289772637418, 'hidden_size': 47, 'dropout': 0.30837108360490895, 'hidden_continuous_size': 10, 'attention_head_size': 3, 'learning_rate': 0.05497838781326582}. Best is trial 0 with value: 172.2407989501953.
[I 2023-12-26 15:07:10,116] Trial 22 finished with value: 429.500244140625 and parameters: {'gradient_clip_val': 0.5045338020465917, 'hidden_size': 29, 'dropout': 0.3609687771805098, 'hidden_continuous_size': 9, 'attention_head_size': 3, 'learning_rate': 0.06183659366762914}. Best is trial 0 with value: 172.2407989501953.
[I 2023-12-26 15:07:13,056] Trial 23 finished with value: 482.3656311035156 and parameters: {'gradient_clip_val': 0.35221448216032447, 'hidden_size': 23, 'dropout': 0.4556991731924145, 'hidden_continuous_size': 11, 'attention_head_size': 2, 'learning_rate': 0.029233914122618325}. Best is trial 0 with value: 172.2407989501953.
[I 2023-12-26 15:07:17,144] Trial 24 finished with value: 516.4535522460938 and parameters: {'gradient_clip_val': 0.7302199646283479, 'hidden_size': 41, 'dropout': 0.40770353914215085, 'hidden_continuous_size': 11, 'attention_head_size': 3, 'learning_rate': 0.06684541341892149}. Best is trial 0 with value: 172.2407989501953.
[I 2023-12-26 15:07:23,231] Trial 25 finished with value: 492.4588623046875 and parameters: {'gradient_clip_val': 0.21291227910276794, 'hidden_size': 69, 'dropout': 0.37545523023683125, 'hidden_continuous_size': 15, 'attention_head_size': 4, 'learning_rate': 0.034173979908752226}. Best is trial 0 with value: 172.2407989501953.
[I 2023-12-26 15:07:26,492] Trial 26 finished with value: 461.7137756347656 and parameters: {'gradient_clip_val': 0.2854085455437452, 'hidden_size': 28, 'dropout': 0.33558610880746703, 'hidden_continuous_size': 9, 'attention_head_size': 2, 'learning_rate': 0.09905564851436878}. Best is trial 0 with value: 172.2407989501953.
[I 2023-12-26 15:07:31,028] Trial 27 finished with value: 599.9517211914062 and parameters: {'gradient_clip_val': 0.47542250071347153, 'hidden_size': 47, 'dropout': 0.4703428567161869, 'hidden_continuous_size': 8, 'attention_head_size': 3, 'learning_rate': 0.05986340566057624}. Best is trial 0 with value: 172.2407989501953.
[I 2023-12-26 15:07:33,707] Trial 28 finished with value: 511.4514465332031 and parameters: {'gradient_clip_val': 0.3910348679914234, 'hidden_size': 18, 'dropout': 0.41349821794890873, 'hidden_continuous_size': 10, 'attention_head_size': 1, 'learning_rate': 0.01711111060741995}. Best is trial 0 with value: 172.2407989501953.
[I 2023-12-26 15:07:41,896] Trial 29 finished with value: 468.9678955078125 and parameters: {'gradient_clip_val': 0.327678739089192, 'hidden_size': 86, 'dropout': 0.4508154646791937, 'hidden_continuous_size': 66, 'attention_head_size': 3, 'learning_rate': 0.007576516842386206}. Best is trial 0 with value: 172.2407989501953.
[I 2023-12-26 15:07:45,313] Trial 30 finished with value: 403.0420227050781 and parameters: {'gradient_clip_val': 0.29565729405664093, 'hidden_size': 31, 'dropout': 0.2846356639582268, 'hidden_continuous_size': 14, 'attention_head_size': 3, 'learning_rate': 0.03319348689152459}. Best is trial 0 with value: 172.2407989501953.
[I 2023-12-26 15:07:48,871] Trial 31 finished with value: 528.8942260742188 and parameters: {'gradient_clip_val': 0.35850102448127025, 'hidden_size': 41, 'dropout': 0.310421452722084, 'hidden_continuous_size': 10, 'attention_head_size': 3, 'learning_rate': 0.04906567509010685}. Best is trial 0 with value: 172.2407989501953.
[I 2023-12-26 15:07:53,785] Trial 32 finished with value: 632.4219360351562 and parameters: {'gradient_clip_val': 0.36392277900118275, 'hidden_size': 61, 'dropout': 0.29452339703955627, 'hidden_continuous_size': 17, 'attention_head_size': 3, 'learning_rate': 0.04892084234099393}. Best is trial 0 with value: 172.2407989501953.
[I 2023-12-26 15:07:57,307] Trial 33 finished with value: 430.9317932128906 and parameters: {'gradient_clip_val': 0.32581577605334844, 'hidden_size': 41, 'dropout': 0.37453349921148205, 'hidden_continuous_size': 12, 'attention_head_size': 4, 'learning_rate': 0.06477654945537904}. Best is trial 0 with value: 172.2407989501953.
[I 2023-12-26 15:08:02,823] Trial 34 finished with value: 477.85009765625 and parameters: {'gradient_clip_val': 0.8183976241312628, 'hidden_size': 74, 'dropout': 0.3215884169835616, 'hidden_continuous_size': 16, 'attention_head_size': 2, 'learning_rate': 0.028639324422410108}. Best is trial 0 with value: 172.2407989501953.
[I 2023-12-26 15:08:05,652] Trial 35 finished with value: 306.4488220214844 and parameters: {'gradient_clip_val': 0.9940675820257523, 'hidden_size': 48, 'dropout': 0.2784310368988433, 'hidden_continuous_size': 13, 'attention_head_size': 3, 'learning_rate': 0.018081547949200878}. Best is trial 0 with value: 172.2407989501953.
[I 2023-12-26 15:08:08,229] Trial 36 finished with value: 505.857177734375 and parameters: {'gradient_clip_val': 0.9732912789689234, 'hidden_size': 33, 'dropout': 0.2796917583388878, 'hidden_continuous_size': 12, 'attention_head_size': 3, 'learning_rate': 0.019844046832517587}. Best is trial 0 with value: 172.2407989501953.
[I 2023-12-26 15:08:14,973] Trial 37 finished with value: 305.9847717285156 and parameters: {'gradient_clip_val': 0.8618409332209775, 'hidden_size': 107, 'dropout': 0.26600084913193917, 'hidden_continuous_size': 24, 'attention_head_size': 4, 'learning_rate': 0.03582780276533581}. Best is trial 0 with value: 172.2407989501953.
[I 2023-12-26 15:08:21,830] Trial 38 finished with value: 338.4923400878906 and parameters: {'gradient_clip_val': 0.8618398922471048, 'hidden_size': 109, 'dropout': 0.2511588158715257, 'hidden_continuous_size': 30, 'attention_head_size': 4, 'learning_rate': 0.03382123659158485}. Best is trial 0 with value: 172.2407989501953.
[I 2023-12-26 15:08:28,769] Trial 39 finished with value: 459.4420471191406 and parameters: {'gradient_clip_val': 0.9513195287533085, 'hidden_size': 110, 'dropout': 0.2754244879202897, 'hidden_continuous_size': 30, 'attention_head_size': 4, 'learning_rate': 0.016463079358623}. Best is trial 0 with value: 172.2407989501953.
[I 2023-12-26 15:08:31,188] Trial 40 finished with value: 527.5155639648438 and parameters: {'gradient_clip_val': 0.7166466799795432, 'hidden_size': 25, 'dropout': 0.2154215267162804, 'hidden_continuous_size': 12, 'attention_head_size': 4, 'learning_rate': 0.07442323180110592}. Best is trial 0 with value: 172.2407989501953.
[I 2023-12-26 15:08:35,538] Trial 41 finished with value: 565.4603271484375 and parameters: {'gradient_clip_val': 0.8055760207453988, 'hidden_size': 72, 'dropout': 0.26306296567082427, 'hidden_continuous_size': 13, 'attention_head_size': 3, 'learning_rate': 0.03713449805184043}. Best is trial 0 with value: 172.2407989501953.
[I 2023-12-26 15:08:44,150] Trial 42 finished with value: 500.4872131347656 and parameters: {'gradient_clip_val': 0.9818743534359632, 'hidden_size': 142, 'dropout': 0.3066495598070751, 'hidden_continuous_size': 19, 'attention_head_size': 2, 'learning_rate': 0.047948271334676044}. Best is trial 0 with value: 172.2407989501953.
[I 2023-12-26 15:08:48,140] Trial 43 finished with value: 519.1245727539062 and parameters: {'gradient_clip_val': 0.6411596366894815, 'hidden_size': 67, 'dropout': 0.3421798672191521, 'hidden_continuous_size': 14, 'attention_head_size': 4, 'learning_rate': 0.07395056508391439}. Best is trial 0 with value: 172.2407989501953.
[I 2023-12-26 15:08:51,302] Trial 44 finished with value: 428.4661865234375 and parameters: {'gradient_clip_val': 0.8899120697618262, 'hidden_size': 52, 'dropout': 0.23148906244945325, 'hidden_continuous_size': 5, 'attention_head_size': 3, 'learning_rate': 0.04167099320023561}. Best is trial 0 with value: 172.2407989501953.
[I 2023-12-26 15:08:56,165] Trial 45 finished with value: 309.7451477050781 and parameters: {'gradient_clip_val': 0.7750344116581097, 'hidden_size': 82, 'dropout': 0.2945979447281514, 'hidden_continuous_size': 23, 'attention_head_size': 1, 'learning_rate': 0.025749359415883622}. Best is trial 0 with value: 172.2407989501953.
[I 2023-12-26 15:08:59,654] Trial 46 finished with value: 406.3697204589844 and parameters: {'gradient_clip_val': 0.6426577014491072, 'hidden_size': 60, 'dropout': 0.3309980353370892, 'hidden_continuous_size': 13, 'attention_head_size': 2, 'learning_rate': 0.07944427405834187}. Best is trial 0 with value: 172.2407989501953.
[I 2023-12-26 15:09:05,971] Trial 47 finished with value: 548.1378784179688 and parameters: {'gradient_clip_val': 0.8727529176552645, 'hidden_size': 105, 'dropout': 0.268419168390486, 'hidden_continuous_size': 6, 'attention_head_size': 3, 'learning_rate': 0.049776232634369526}. Best is trial 0 with value: 172.2407989501953.
[I 2023-12-26 15:09:13,683] Trial 48 finished with value: 456.8456115722656 and parameters: {'gradient_clip_val': 0.7620049999490156, 'hidden_size': 126, 'dropout': 0.2932980982554706, 'hidden_continuous_size': 32, 'attention_head_size': 2, 'learning_rate': 0.03900410867227359}. Best is trial 0 with value: 172.2407989501953.
[I 2023-12-26 15:09:18,191] Trial 49 finished with value: 532.0261840820312 and parameters: {'gradient_clip_val': 0.8564155298317865, 'hidden_size': 76, 'dropout': 0.25321844083147493, 'hidden_continuous_size': 16, 'attention_head_size': 4, 'learning_rate': 0.08102646657960241}. Best is trial 0 with value: 172.2407989501953.
[I 2023-12-26 15:09:18,316] A new study created in memory with name: no-name-cc268488-b164-4ebf-9d82-80856eaa94e8
/home/le004/conda/anaconda3/envs/tsff_env/lib/python3.9/site-packages/lightning/fabric/plugins/environments/slurm.py:191: The `srun` command is available on your system but is not used. HINT: If your intention is to run Lightning on SLURM, prepend your python command with `srun` like so: srun python /home/le004/master_thesis/git/TSFusionForecast/code/ ...
[I 2023-12-26 15:14:39,740] Trial 0 finished with value: 4.823844909667969 and parameters: {'gradient_clip_val': 0.7859487722517883, 'hidden_size': 45, 'dropout': 0.41022220957273603, 'hidden_continuous_size': 7, 'attention_head_size': 4, 'learning_rate': 0.002769514217348121}. Best is trial 0 with value: 4.823844909667969.
[I 2023-12-26 15:14:44,377] Trial 1 finished with value: 62.79801940917969 and parameters: {'gradient_clip_val': 0.4357373293586499, 'hidden_size': 53, 'dropout': 0.4494404410134226, 'hidden_continuous_size': 9, 'attention_head_size': 3, 'learning_rate': 0.010128463717404182}. Best is trial 0 with value: 4.823844909667969.
[I 2023-12-26 15:14:46,973] Trial 2 finished with value: 59.876041412353516 and parameters: {'gradient_clip_val': 0.15636276452432804, 'hidden_size': 36, 'dropout': 0.28771241783996715, 'hidden_continuous_size': 10, 'attention_head_size': 1, 'learning_rate': 0.0018373120149423993}. Best is trial 0 with value: 4.823844909667969.
[I 2023-12-26 15:14:49,137] Trial 3 finished with value: 44.08515930175781 and parameters: {'gradient_clip_val': 0.12912155838407244, 'hidden_size': 17, 'dropout': 0.11294175501088755, 'hidden_continuous_size': 16, 'attention_head_size': 4, 'learning_rate': 0.0026497536341986844}. Best is trial 0 with value: 4.823844909667969.
[I 2023-12-26 15:14:51,211] Trial 4 finished with value: 81.10035705566406 and parameters: {'gradient_clip_val': 0.37736298002165647, 'hidden_size': 12, 'dropout': 0.26972767492991045, 'hidden_continuous_size': 5, 'attention_head_size': 4, 'learning_rate': 0.097434728738121}. Best is trial 0 with value: 4.823844909667969.
[I 2023-12-26 15:14:53,154] Trial 5 finished with value: 61.63047790527344 and parameters: {'gradient_clip_val': 0.14432911528715975, 'hidden_size': 7, 'dropout': 0.37196242313581807, 'hidden_continuous_size': 5, 'attention_head_size': 2, 'learning_rate': 0.0069755712752700575}. Best is trial 0 with value: 4.823844909667969.
[I 2023-12-26 15:14:55,302] Trial 6 finished with value: 62.65909957885742 and parameters: {'gradient_clip_val': 0.10007341983155837, 'hidden_size': 6, 'dropout': 0.20749919962090463, 'hidden_continuous_size': 5, 'attention_head_size': 3, 'learning_rate': 0.008344608337201681}. Best is trial 0 with value: 4.823844909667969.
[I 2023-12-26 15:15:03,955] Trial 7 finished with value: 66.56922149658203 and parameters: {'gradient_clip_val': 0.2354901040324271, 'hidden_size': 139, 'dropout': 0.2124693873215262, 'hidden_continuous_size': 18, 'attention_head_size': 4, 'learning_rate': 0.0012528910789033933}. Best is trial 0 with value: 4.823844909667969.
[I 2023-12-26 15:15:08,781] Trial 8 finished with value: 54.36141586303711 and parameters: {'gradient_clip_val': 0.17532777854450526, 'hidden_size': 79, 'dropout': 0.1811410777522494, 'hidden_continuous_size': 5, 'attention_head_size': 2, 'learning_rate': 0.01869781040448563}. Best is trial 0 with value: 4.823844909667969.
[I 2023-12-26 15:15:10,490] Trial 9 finished with value: 46.955928802490234 and parameters: {'gradient_clip_val': 0.1076722363084313, 'hidden_size': 5, 'dropout': 0.23397233329157469, 'hidden_continuous_size': 5, 'attention_head_size': 1, 'learning_rate': 0.008464657175311826}. Best is trial 0 with value: 4.823844909667969.
[I 2023-12-26 15:15:13,026] Trial 10 finished with value: 70.2991943359375 and parameters: {'gradient_clip_val': 0.8929893141152149, 'hidden_size': 28, 'dropout': 0.48048564127332777, 'hidden_continuous_size': 25, 'attention_head_size': 3, 'learning_rate': 0.0005850571693178649}. Best is trial 0 with value: 4.823844909667969.
[I 2023-12-26 15:15:15,185] Trial 11 finished with value: 69.72972869873047 and parameters: {'gradient_clip_val': 0.6451420156794001, 'hidden_size': 17, 'dropout': 0.10549572108060895, 'hidden_continuous_size': 7, 'attention_head_size': 4, 'learning_rate': 0.0028396708958073166}. Best is trial 0 with value: 4.823844909667969.
[I 2023-12-26 15:15:17,470] Trial 12 finished with value: 52.88340377807617 and parameters: {'gradient_clip_val': 0.27213128270121406, 'hidden_size': 20, 'dropout': 0.3577732859038728, 'hidden_continuous_size': 13, 'attention_head_size': 4, 'learning_rate': 0.002891722444984344}. Best is trial 0 with value: 4.823844909667969.
[I 2023-12-26 15:15:20,398] Trial 13 finished with value: 47.32612609863281 and parameters: {'gradient_clip_val': 0.4807936300432444, 'hidden_size': 39, 'dropout': 0.1227703269369495, 'hidden_continuous_size': 32, 'attention_head_size': 4, 'learning_rate': 0.0005313332589913817}. Best is trial 0 with value: 4.823844909667969.
[I 2023-12-26 15:15:22,494] Trial 14 finished with value: 58.1844482421875 and parameters: {'gradient_clip_val': 0.9949456291593592, 'hidden_size': 12, 'dropout': 0.3397099818053222, 'hidden_continuous_size': 7, 'attention_head_size': 3, 'learning_rate': 0.0035149082430517326}. Best is trial 0 with value: 4.823844909667969.
[I 2023-12-26 15:15:26,172] Trial 15 finished with value: 54.026153564453125 and parameters: {'gradient_clip_val': 0.30044165614638735, 'hidden_size': 57, 'dropout': 0.4141927382546706, 'hidden_continuous_size': 43, 'attention_head_size': 4, 'learning_rate': 0.000920740340918418}. Best is trial 0 with value: 4.823844909667969.
[I 2023-12-26 15:15:28,631] Trial 16 finished with value: 41.383331298828125 and parameters: {'gradient_clip_val': 0.5977205528058309, 'hidden_size': 28, 'dropout': 0.30477366815211737, 'hidden_continuous_size': 13, 'attention_head_size': 2, 'learning_rate': 0.0015148422335645223}. Best is trial 0 with value: 4.823844909667969.
[I 2023-12-26 15:15:31,303] Trial 17 finished with value: 64.39507293701172 and parameters: {'gradient_clip_val': 0.6612131400374222, 'hidden_size': 28, 'dropout': 0.4113825785340276, 'hidden_continuous_size': 12, 'attention_head_size': 2, 'learning_rate': 0.0012008426494231048}. Best is trial 0 with value: 4.823844909667969.
[I 2023-12-26 15:15:36,783] Trial 18 finished with value: 61.56265640258789 and parameters: {'gradient_clip_val': 0.613968226620774, 'hidden_size': 82, 'dropout': 0.33239829303826324, 'hidden_continuous_size': 75, 'attention_head_size': 2, 'learning_rate': 0.0016252058313615293}. Best is trial 0 with value: 4.823844909667969.
[I 2023-12-26 15:15:39,504] Trial 19 finished with value: 48.18730545043945 and parameters: {'gradient_clip_val': 0.7953576597356794, 'hidden_size': 39, 'dropout': 0.30603578700892425, 'hidden_continuous_size': 8, 'attention_head_size': 1, 'learning_rate': 0.0007308074839766902}. Best is trial 0 with value: 4.823844909667969.
[I 2023-12-26 15:15:41,820] Trial 20 finished with value: 70.79862976074219 and parameters: {'gradient_clip_val': 0.5201268630656314, 'hidden_size': 23, 'dropout': 0.4902864069927554, 'hidden_continuous_size': 6, 'attention_head_size': 3, 'learning_rate': 0.0009374365756980054}. Best is trial 0 with value: 4.823844909667969.
[I 2023-12-26 15:15:43,971] Trial 21 finished with value: 51.544189453125 and parameters: {'gradient_clip_val': 0.39240248618688855, 'hidden_size': 15, 'dropout': 0.2473925594115266, 'hidden_continuous_size': 6, 'attention_head_size': 2, 'learning_rate': 0.002102281675765138}. Best is trial 0 with value: 4.823844909667969.
