[I 2023-12-16 03:20:36,824] Trial 46 finished with value: 0.054437678307294846 and parameters: {'gradient_clip_val': 0.3193656853400229, 'hidden_size': 41, 'dropout': 0.3243362374748044, 'hidden_continuous_size': 26, 'attention_head_size': 4, 'learning_rate': 0.007085780027755797}. Best is trial 17 with value: 0.04325646534562111.
LOCAL_RANK: 0 - CUDA_VISIBLE_DEVICES: [0]
[I 2023-12-16 03:21:26,067] Trial 47 finished with value: 0.08092144876718521 and parameters: {'gradient_clip_val': 0.3956900010414663, 'hidden_size': 19, 'dropout': 0.2919196803973685, 'hidden_continuous_size': 16, 'attention_head_size': 3, 'learning_rate': 0.009489100274280458}. Best is trial 17 with value: 0.04325646534562111.
LOCAL_RANK: 0 - CUDA_VISIBLE_DEVICES: [0]
[I 2023-12-16 03:22:20,266] Trial 48 finished with value: 0.7807267308235168 and parameters: {'gradient_clip_val': 0.5437391233710931, 'hidden_size': 63, 'dropout': 0.31085288645907094, 'hidden_continuous_size': 33, 'attention_head_size': 3, 'learning_rate': 0.000571005084681539}. Best is trial 17 with value: 0.04325646534562111.
LOCAL_RANK: 0 - CUDA_VISIBLE_DEVICES: [0]
[I 2023-12-16 03:23:06,290] Trial 49 finished with value: 0.05371510982513428 and parameters: {'gradient_clip_val': 0.4467562169628786, 'hidden_size': 16, 'dropout': 0.38614254241543955, 'hidden_continuous_size': 14, 'attention_head_size': 2, 'learning_rate': 0.02108682597670465}. Best is trial 17 with value: 0.04325646534562111.
[I 2023-12-16 03:23:06,383] A new study created in memory with name: no-name-158b4c0d-2d97-45dc-ad26-dcb1347a5b0b
/home/le004/conda/anaconda3/envs/tsff_env/lib/python3.9/site-packages/lightning/fabric/plugins/environments/slurm.py:191: The `srun` command is available on your system but is not used. HINT: If your intention is to run Lightning on SLURM, prepend your python command with `srun` like so: srun python /home/le004/master_thesis/git/TSFusionForecast/code/ ...
LOCAL_RANK: 0 - CUDA_VISIBLE_DEVICES: [0]
[I 2023-12-16 03:23:57,411] Trial 0 finished with value: 0.3829815089702606 and parameters: {'gradient_clip_val': 0.33988206149170364, 'hidden_size': 60, 'dropout': 0.22141883298867696, 'hidden_continuous_size': 6, 'attention_head_size': 3, 'learning_rate': 0.04138990597974109}. Best is trial 0 with value: 0.3829815089702606.
LOCAL_RANK: 0 - CUDA_VISIBLE_DEVICES: [0]
[I 2023-12-16 03:24:43,356] Trial 1 finished with value: 1.001239538192749 and parameters: {'gradient_clip_val': 0.3206000184961068, 'hidden_size': 6, 'dropout': 0.2546747169657177, 'hidden_continuous_size': 5, 'attention_head_size': 3, 'learning_rate': 0.015904903466574815}. Best is trial 0 with value: 0.3829815089702606.
LOCAL_RANK: 0 - CUDA_VISIBLE_DEVICES: [0]
[I 2023-12-16 03:25:38,163] Trial 2 finished with value: 0.7987673878669739 and parameters: {'gradient_clip_val': 0.30364045914091575, 'hidden_size': 97, 'dropout': 0.24939438243779405, 'hidden_continuous_size': 31, 'attention_head_size': 1, 'learning_rate': 0.007330849419526277}. Best is trial 0 with value: 0.3829815089702606.
LOCAL_RANK: 0 - CUDA_VISIBLE_DEVICES: [0]
[I 2023-12-16 03:26:28,448] Trial 3 finished with value: 1.3362606763839722 and parameters: {'gradient_clip_val': 0.1916492821398199, 'hidden_size': 36, 'dropout': 0.34887887466088296, 'hidden_continuous_size': 9, 'attention_head_size': 3, 'learning_rate': 0.0010860680714174188}. Best is trial 0 with value: 0.3829815089702606.
LOCAL_RANK: 0 - CUDA_VISIBLE_DEVICES: [0]
[I 2023-12-16 03:27:25,371] Trial 4 finished with value: 0.7327516674995422 and parameters: {'gradient_clip_val': 0.8053428369107236, 'hidden_size': 74, 'dropout': 0.2218761542974949, 'hidden_continuous_size': 69, 'attention_head_size': 4, 'learning_rate': 0.010706513054149991}. Best is trial 0 with value: 0.3829815089702606.
LOCAL_RANK: 0 - CUDA_VISIBLE_DEVICES: [0]
[I 2023-12-16 03:28:02,197] Trial 5 finished with value: 1.4329313039779663 and parameters: {'gradient_clip_val': 0.15514667134831267, 'hidden_size': 9, 'dropout': 0.25093150883256105, 'hidden_continuous_size': 9, 'attention_head_size': 3, 'learning_rate': 0.0008353093632194184}. Best is trial 0 with value: 0.3829815089702606.
LOCAL_RANK: 0 - CUDA_VISIBLE_DEVICES: [0]
[I 2023-12-16 03:28:50,159] Trial 6 finished with value: 0.1733381599187851 and parameters: {'gradient_clip_val': 0.3533011306007886, 'hidden_size': 20, 'dropout': 0.15296596121847242, 'hidden_continuous_size': 17, 'attention_head_size': 3, 'learning_rate': 0.018728443594340474}. Best is trial 6 with value: 0.1733381599187851.
LOCAL_RANK: 0 - CUDA_VISIBLE_DEVICES: [0]
[I 2023-12-16 03:29:36,645] Trial 7 finished with value: 0.41481027007102966 and parameters: {'gradient_clip_val': 0.21282129247806592, 'hidden_size': 14, 'dropout': 0.3315919654191162, 'hidden_continuous_size': 11, 'attention_head_size': 2, 'learning_rate': 0.06379211555787492}. Best is trial 6 with value: 0.1733381599187851.
LOCAL_RANK: 0 - CUDA_VISIBLE_DEVICES: [0]
[I 2023-12-16 03:30:25,182] Trial 8 finished with value: 3.4136569499969482 and parameters: {'gradient_clip_val': 0.4408555041342087, 'hidden_size': 23, 'dropout': 0.3434275881606803, 'hidden_continuous_size': 5, 'attention_head_size': 2, 'learning_rate': 0.005061739186265287}. Best is trial 6 with value: 0.1733381599187851.
LOCAL_RANK: 0 - CUDA_VISIBLE_DEVICES: [0]
[I 2023-12-16 03:31:01,792] Trial 9 finished with value: 1.410490870475769 and parameters: {'gradient_clip_val': 0.20864369289480178, 'hidden_size': 12, 'dropout': 0.18348177610796124, 'hidden_continuous_size': 12, 'attention_head_size': 4, 'learning_rate': 0.002264746192191421}. Best is trial 6 with value: 0.1733381599187851.
LOCAL_RANK: 0 - CUDA_VISIBLE_DEVICES: [0]
[I 2023-12-16 03:31:50,634] Trial 10 finished with value: 0.08620721846818924 and parameters: {'gradient_clip_val': 0.1117727354467959, 'hidden_size': 26, 'dropout': 0.10230668245370864, 'hidden_continuous_size': 16, 'attention_head_size': 1, 'learning_rate': 0.09722158906248633}. Best is trial 10 with value: 0.08620721846818924.
LOCAL_RANK: 0 - CUDA_VISIBLE_DEVICES: [0]
[I 2023-12-16 03:32:39,556] Trial 11 finished with value: 0.2550167143344879 and parameters: {'gradient_clip_val': 0.11041787149194518, 'hidden_size': 23, 'dropout': 0.1150817852899104, 'hidden_continuous_size': 15, 'attention_head_size': 1, 'learning_rate': 0.09546650805221728}. Best is trial 10 with value: 0.08620721846818924.
LOCAL_RANK: 0 - CUDA_VISIBLE_DEVICES: [0]
[I 2023-12-16 03:33:31,270] Trial 12 finished with value: 1.5118740797042847 and parameters: {'gradient_clip_val': 0.13235703278913533, 'hidden_size': 37, 'dropout': 0.10053324509564197, 'hidden_continuous_size': 16, 'attention_head_size': 2, 'learning_rate': 0.030341390651986423}. Best is trial 10 with value: 0.08620721846818924.
LOCAL_RANK: 0 - CUDA_VISIBLE_DEVICES: [0]
[I 2023-12-16 03:34:16,923] Trial 13 finished with value: 1.204946517944336 and parameters: {'gradient_clip_val': 0.11170657321591788, 'hidden_size': 15, 'dropout': 0.14225042932349058, 'hidden_continuous_size': 7, 'attention_head_size': 1, 'learning_rate': 0.023626058075177387}. Best is trial 10 with value: 0.08620721846818924.
LOCAL_RANK: 0 - CUDA_VISIBLE_DEVICES: [0]
[I 2023-12-16 03:35:07,547] Trial 14 finished with value: 0.517472505569458 and parameters: {'gradient_clip_val': 0.5220301363082938, 'hidden_size': 31, 'dropout': 0.14971298834247287, 'hidden_continuous_size': 19, 'attention_head_size': 2, 'learning_rate': 0.04858795620875775}. Best is trial 10 with value: 0.08620721846818924.
LOCAL_RANK: 0 - CUDA_VISIBLE_DEVICES: [0]
[I 2023-12-16 03:35:56,900] Trial 15 finished with value: 0.4469371736049652 and parameters: {'gradient_clip_val': 0.10022860801656389, 'hidden_size': 19, 'dropout': 0.10308815348683863, 'hidden_continuous_size': 12, 'attention_head_size': 4, 'learning_rate': 0.0992617781558641}. Best is trial 10 with value: 0.08620721846818924.
LOCAL_RANK: 0 - CUDA_VISIBLE_DEVICES: [0]
[I 2023-12-16 03:36:48,028] Trial 16 finished with value: 0.598409116268158 and parameters: {'gradient_clip_val': 0.1581188502972105, 'hidden_size': 48, 'dropout': 0.16820761801164794, 'hidden_continuous_size': 21, 'attention_head_size': 1, 'learning_rate': 0.019722194763963346}. Best is trial 10 with value: 0.08620721846818924.
LOCAL_RANK: 0 - CUDA_VISIBLE_DEVICES: [0]
[I 2023-12-16 03:37:36,996] Trial 17 finished with value: 2.4373605251312256 and parameters: {'gradient_clip_val': 0.25475332303251574, 'hidden_size': 26, 'dropout': 0.13317978198078517, 'hidden_continuous_size': 14, 'attention_head_size': 2, 'learning_rate': 0.038823709689554085}. Best is trial 10 with value: 0.08620721846818924.
LOCAL_RANK: 0 - CUDA_VISIBLE_DEVICES: [0]
[I 2023-12-16 03:38:24,659] Trial 18 finished with value: 1.6830240488052368 and parameters: {'gradient_clip_val': 0.4298636274776829, 'hidden_size': 18, 'dropout': 0.17399535992954704, 'hidden_continuous_size': 8, 'attention_head_size': 3, 'learning_rate': 0.01417538854206428}. Best is trial 10 with value: 0.08620721846818924.
LOCAL_RANK: 0 - CUDA_VISIBLE_DEVICES: [0]
[I 2023-12-16 03:39:17,768] Trial 19 finished with value: 0.07739458233118057 and parameters: {'gradient_clip_val': 0.24735033713554996, 'hidden_size': 46, 'dropout': 0.13356999265972516, 'hidden_continuous_size': 22, 'attention_head_size': 4, 'learning_rate': 0.027303615772068298}. Best is trial 19 with value: 0.07739458233118057.
LOCAL_RANK: 0 - CUDA_VISIBLE_DEVICES: [0]
[I 2023-12-16 03:40:11,356] Trial 20 finished with value: 0.13983772695064545 and parameters: {'gradient_clip_val': 0.1646066125497333, 'hidden_size': 49, 'dropout': 0.12512564850925462, 'hidden_continuous_size': 24, 'attention_head_size': 4, 'learning_rate': 0.06271434784272406}. Best is trial 19 with value: 0.07739458233118057.
LOCAL_RANK: 0 - CUDA_VISIBLE_DEVICES: [0]
[I 2023-12-16 03:41:04,461] Trial 21 finished with value: 0.06291591376066208 and parameters: {'gradient_clip_val': 0.14086696527856038, 'hidden_size': 46, 'dropout': 0.12314913637269298, 'hidden_continuous_size': 24, 'attention_head_size': 4, 'learning_rate': 0.06028044293141956}. Best is trial 21 with value: 0.06291591376066208.
LOCAL_RANK: 0 - CUDA_VISIBLE_DEVICES: [0]
[I 2023-12-16 03:41:57,839] Trial 22 finished with value: 0.23883886635303497 and parameters: {'gradient_clip_val': 0.1313372271188626, 'hidden_size': 42, 'dropout': 0.10498304456595464, 'hidden_continuous_size': 25, 'attention_head_size': 4, 'learning_rate': 0.03217516609291113}. Best is trial 21 with value: 0.06291591376066208.
LOCAL_RANK: 0 - CUDA_VISIBLE_DEVICES: [0]
[I 2023-12-16 03:42:49,084] Trial 23 finished with value: 0.8012924790382385 and parameters: {'gradient_clip_val': 0.12912026435865132, 'hidden_size': 30, 'dropout': 0.13367788949237075, 'hidden_continuous_size': 20, 'attention_head_size': 4, 'learning_rate': 0.07269604105928139}. Best is trial 21 with value: 0.06291591376066208.
LOCAL_RANK: 0 - CUDA_VISIBLE_DEVICES: [0]
[I 2023-12-16 03:43:43,430] Trial 24 finished with value: 0.7763864398002625 and parameters: {'gradient_clip_val': 0.242284148716694, 'hidden_size': 61, 'dropout': 0.13283262038554405, 'hidden_continuous_size': 28, 'attention_head_size': 4, 'learning_rate': 0.054090996193195615}. Best is trial 21 with value: 0.06291591376066208.
LOCAL_RANK: 0 - CUDA_VISIBLE_DEVICES: [0]
[I 2023-12-16 03:44:34,476] Trial 25 finished with value: 1.9155954122543335 and parameters: {'gradient_clip_val': 0.15881677666267002, 'hidden_size': 30, 'dropout': 0.18467332056586916, 'hidden_continuous_size': 18, 'attention_head_size': 4, 'learning_rate': 0.030560154938980604}. Best is trial 21 with value: 0.06291591376066208.
LOCAL_RANK: 0 - CUDA_VISIBLE_DEVICES: [0]
[I 2023-12-16 03:45:27,252] Trial 26 finished with value: 0.08503282070159912 and parameters: {'gradient_clip_val': 0.19797823024014205, 'hidden_size': 42, 'dropout': 0.11420086442601911, 'hidden_continuous_size': 22, 'attention_head_size': 3, 'learning_rate': 0.09891704740213104}. Best is trial 21 with value: 0.06291591376066208.
LOCAL_RANK: 0 - CUDA_VISIBLE_DEVICES: [0]
[I 2023-12-16 03:46:20,129] Trial 27 finished with value: 0.15802431106567383 and parameters: {'gradient_clip_val': 0.1846269479212976, 'hidden_size': 43, 'dropout': 0.1624715875068028, 'hidden_continuous_size': 23, 'attention_head_size': 3, 'learning_rate': 0.04715432847590183}. Best is trial 21 with value: 0.06291591376066208.
LOCAL_RANK: 0 - CUDA_VISIBLE_DEVICES: [0]
[I 2023-12-16 03:47:14,300] Trial 28 finished with value: 0.20454396307468414 and parameters: {'gradient_clip_val': 0.24237476950344003, 'hidden_size': 55, 'dropout': 0.13093283600714412, 'hidden_continuous_size': 33, 'attention_head_size': 4, 'learning_rate': 0.06402678812512615}. Best is trial 21 with value: 0.06291591376066208.
LOCAL_RANK: 0 - CUDA_VISIBLE_DEVICES: [0]
[I 2023-12-16 03:48:08,294] Trial 29 finished with value: 0.46580421924591064 and parameters: {'gradient_clip_val': 0.2746101499398428, 'hidden_size': 68, 'dropout': 0.19770973049933427, 'hidden_continuous_size': 38, 'attention_head_size': 3, 'learning_rate': 0.041152559346932946}. Best is trial 21 with value: 0.06291591376066208.
LOCAL_RANK: 0 - CUDA_VISIBLE_DEVICES: [0]
[I 2023-12-16 03:49:01,655] Trial 30 finished with value: 0.08731024712324142 and parameters: {'gradient_clip_val': 0.20949536053932324, 'hidden_size': 54, 'dropout': 0.15302281048196334, 'hidden_continuous_size': 21, 'attention_head_size': 3, 'learning_rate': 0.024661948883624645}. Best is trial 21 with value: 0.06291591376066208.
LOCAL_RANK: 0 - CUDA_VISIBLE_DEVICES: [0]
[I 2023-12-16 03:49:54,501] Trial 31 finished with value: 0.5594342947006226 and parameters: {'gradient_clip_val': 0.12890628603426366, 'hidden_size': 38, 'dropout': 0.11749241139588577, 'hidden_continuous_size': 16, 'attention_head_size': 4, 'learning_rate': 0.08761514498471555}. Best is trial 21 with value: 0.06291591376066208.
LOCAL_RANK: 0 - CUDA_VISIBLE_DEVICES: [0]
[I 2023-12-16 03:50:47,007] Trial 32 finished with value: 0.12259340286254883 and parameters: {'gradient_clip_val': 0.17963750403684803, 'hidden_size': 45, 'dropout': 0.11676830851517889, 'hidden_continuous_size': 18, 'attention_head_size': 2, 'learning_rate': 0.09992120666321995}. Best is trial 21 with value: 0.06291591376066208.
LOCAL_RANK: 0 - CUDA_VISIBLE_DEVICES: [0]
[I 2023-12-16 03:51:37,901] Trial 33 finished with value: 0.6951087117195129 and parameters: {'gradient_clip_val': 0.14493262332946377, 'hidden_size': 35, 'dropout': 0.10379243030482538, 'hidden_continuous_size': 15, 'attention_head_size': 1, 'learning_rate': 0.07009872295492389}. Best is trial 21 with value: 0.06291591376066208.
LOCAL_RANK: 0 - CUDA_VISIBLE_DEVICES: [0]
[I 2023-12-16 03:52:33,548] Trial 34 finished with value: 0.23823845386505127 and parameters: {'gradient_clip_val': 0.1771454298689891, 'hidden_size': 89, 'dropout': 0.14604535010727146, 'hidden_continuous_size': 35, 'attention_head_size': 3, 'learning_rate': 0.05037809345400363}. Best is trial 21 with value: 0.06291591376066208.
LOCAL_RANK: 0 - CUDA_VISIBLE_DEVICES: [0]
[I 2023-12-16 03:53:27,614] Trial 35 finished with value: 0.5437631011009216 and parameters: {'gradient_clip_val': 0.1421067116500494, 'hidden_size': 63, 'dropout': 0.12412216024642445, 'hidden_continuous_size': 27, 'attention_head_size': 3, 'learning_rate': 0.0398619784321961}. Best is trial 21 with value: 0.06291591376066208.
LOCAL_RANK: 0 - CUDA_VISIBLE_DEVICES: [0]
[I 2023-12-16 03:54:23,068] Trial 36 finished with value: 0.9783628582954407 and parameters: {'gradient_clip_val': 0.11421218012736513, 'hidden_size': 83, 'dropout': 0.202613039396143, 'hidden_continuous_size': 28, 'attention_head_size': 4, 'learning_rate': 0.07445512474232464}. Best is trial 21 with value: 0.06291591376066208.
LOCAL_RANK: 0 - CUDA_VISIBLE_DEVICES: [0]
[I 2023-12-16 03:55:18,192] Trial 37 finished with value: 0.07951813191175461 and parameters: {'gradient_clip_val': 0.19572847781344907, 'hidden_size': 75, 'dropout': 0.1603447330893784, 'hidden_continuous_size': 39, 'attention_head_size': 3, 'learning_rate': 0.07685403495911518}. Best is trial 21 with value: 0.06291591376066208.
LOCAL_RANK: 0 - CUDA_VISIBLE_DEVICES: [0]
[I 2023-12-16 03:56:13,517] Trial 38 finished with value: 0.12585009634494781 and parameters: {'gradient_clip_val': 0.20618605573144738, 'hidden_size': 74, 'dropout': 0.16419953057727749, 'hidden_continuous_size': 41, 'attention_head_size': 3, 'learning_rate': 0.0638445282162631}. Best is trial 21 with value: 0.06291591376066208.
LOCAL_RANK: 0 - CUDA_VISIBLE_DEVICES: [0]
[I 2023-12-16 03:57:10,088] Trial 39 finished with value: 0.6847214698791504 and parameters: {'gradient_clip_val': 0.2879377648264341, 'hidden_size': 95, 'dropout': 0.22683813888995819, 'hidden_continuous_size': 46, 'attention_head_size': 3, 'learning_rate': 0.05084137983080587}. Best is trial 21 with value: 0.06291591376066208.
LOCAL_RANK: 0 - CUDA_VISIBLE_DEVICES: [0]
[I 2023-12-16 03:58:05,805] Trial 40 finished with value: 0.2592650055885315 and parameters: {'gradient_clip_val': 0.227703320536424, 'hidden_size': 79, 'dropout': 0.14666534220716176, 'hidden_continuous_size': 54, 'attention_head_size': 4, 'learning_rate': 0.01448427219812051}. Best is trial 21 with value: 0.06291591376066208.
LOCAL_RANK: 0 - CUDA_VISIBLE_DEVICES: [0]
[I 2023-12-16 03:58:59,489] Trial 41 finished with value: 0.17265506088733673 and parameters: {'gradient_clip_val': 0.18873046663995038, 'hidden_size': 55, 'dropout': 0.11808280003314688, 'hidden_continuous_size': 29, 'attention_head_size': 3, 'learning_rate': 0.07898824852113806}. Best is trial 21 with value: 0.06291591376066208.
LOCAL_RANK: 0 - CUDA_VISIBLE_DEVICES: [0]
[I 2023-12-16 03:59:52,740] Trial 42 finished with value: 0.08969730138778687 and parameters: {'gradient_clip_val': 0.16935779210319304, 'hidden_size': 68, 'dropout': 0.1436720978517451, 'hidden_continuous_size': 23, 'attention_head_size': 2, 'learning_rate': 0.09882341710723265}. Best is trial 21 with value: 0.06291591376066208.
LOCAL_RANK: 0 - CUDA_VISIBLE_DEVICES: [0]
[I 2023-12-16 04:00:46,347] Trial 43 finished with value: 0.28524574637413025 and parameters: {'gradient_clip_val': 0.19586389846697583, 'hidden_size': 51, 'dropout': 0.11375669853239839, 'hidden_continuous_size': 30, 'attention_head_size': 3, 'learning_rate': 0.0769141405141568}. Best is trial 21 with value: 0.06291591376066208.
LOCAL_RANK: 0 - CUDA_VISIBLE_DEVICES: [0]
[I 2023-12-16 04:01:39,346] Trial 44 finished with value: 0.2574245035648346 and parameters: {'gradient_clip_val': 0.14715148270383038, 'hidden_size': 42, 'dropout': 0.10100768509041437, 'hidden_continuous_size': 21, 'attention_head_size': 2, 'learning_rate': 0.05804271245058487}. Best is trial 21 with value: 0.06291591376066208.
LOCAL_RANK: 0 - CUDA_VISIBLE_DEVICES: [0]
[I 2023-12-16 04:02:33,453] Trial 45 finished with value: 1.940384030342102 and parameters: {'gradient_clip_val': 0.22247952110489264, 'hidden_size': 61, 'dropout': 0.1337024499452223, 'hidden_continuous_size': 32, 'attention_head_size': 4, 'learning_rate': 0.034278353500096656}. Best is trial 21 with value: 0.06291591376066208.
LOCAL_RANK: 0 - CUDA_VISIBLE_DEVICES: [0]
[I 2023-12-16 04:03:25,484] Trial 46 finished with value: 0.2059180736541748 and parameters: {'gradient_clip_val': 0.33016682751551163, 'hidden_size': 33, 'dropout': 0.1643738633553791, 'hidden_continuous_size': 24, 'attention_head_size': 1, 'learning_rate': 0.08042331664692572}. Best is trial 21 with value: 0.06291591376066208.
LOCAL_RANK: 0 - CUDA_VISIBLE_DEVICES: [0]
[I 2023-12-16 04:04:15,830] Trial 47 finished with value: 0.15311239659786224 and parameters: {'gradient_clip_val': 0.16446249127564763, 'hidden_size': 26, 'dropout': 0.1545642010834628, 'hidden_continuous_size': 20, 'attention_head_size': 3, 'learning_rate': 0.04496974412927014}. Best is trial 21 with value: 0.06291591376066208.
LOCAL_RANK: 0 - CUDA_VISIBLE_DEVICES: [0]
[I 2023-12-16 04:05:11,268] Trial 48 finished with value: 0.0727028176188469 and parameters: {'gradient_clip_val': 0.12084162312939152, 'hidden_size': 97, 'dropout': 0.11452561315005928, 'hidden_continuous_size': 14, 'attention_head_size': 4, 'learning_rate': 0.05613925101046401}. Best is trial 21 with value: 0.06291591376066208.
LOCAL_RANK: 0 - CUDA_VISIBLE_DEVICES: [0]
[I 2023-12-16 04:06:06,329] Trial 49 finished with value: 0.1415209323167801 and parameters: {'gradient_clip_val': 0.20065352860127367, 'hidden_size': 93, 'dropout': 0.1388418617200897, 'hidden_continuous_size': 13, 'attention_head_size': 4, 'learning_rate': 0.05727194529117031}. Best is trial 21 with value: 0.06291591376066208.
[I 2023-12-16 04:06:06,423] A new study created in memory with name: no-name-8bf2ee5b-9395-490f-a7f0-90522f4b5c17
/home/le004/conda/anaconda3/envs/tsff_env/lib/python3.9/site-packages/lightning/fabric/plugins/environments/slurm.py:191: The `srun` command is available on your system but is not used. HINT: If your intention is to run Lightning on SLURM, prepend your python command with `srun` like so: srun python /home/le004/master_thesis/git/TSFusionForecast/code/ ...
LOCAL_RANK: 0 - CUDA_VISIBLE_DEVICES: [0]
[I 2023-12-16 04:06:58,384] Trial 0 finished with value: 0.241010844707489 and parameters: {'gradient_clip_val': 0.7193350919110073, 'hidden_size': 40, 'dropout': 0.2592415539358286, 'hidden_continuous_size': 16, 'attention_head_size': 3, 'learning_rate': 0.0025632585137841573}. Best is trial 0 with value: 0.241010844707489.
LOCAL_RANK: 0 - CUDA_VISIBLE_DEVICES: [0]
[I 2023-12-16 04:07:51,944] Trial 1 finished with value: 0.13543125987052917 and parameters: {'gradient_clip_val': 0.8773961479762339, 'hidden_size': 59, 'dropout': 0.3788387251192872, 'hidden_continuous_size': 19, 'attention_head_size': 4, 'learning_rate': 0.07063862662609344}. Best is trial 1 with value: 0.13543125987052917.
LOCAL_RANK: 0 - CUDA_VISIBLE_DEVICES: [0]
