[I 2023-12-26 18:41:33,679] Trial 3 finished with value: 3.7249631881713867 and parameters: {'gradient_clip_val': 0.2884927372172757, 'hidden_size': 15, 'dropout': 0.33774130186990703, 'hidden_continuous_size': 12, 'attention_head_size': 4, 'learning_rate': 0.006915692894152485}. Best is trial 1 with value: 0.04758380725979805.
[I 2023-12-26 18:41:36,858] Trial 4 finished with value: 4.654712200164795 and parameters: {'gradient_clip_val': 0.6964731189436363, 'hidden_size': 29, 'dropout': 0.16005455838871938, 'hidden_continuous_size': 5, 'attention_head_size': 3, 'learning_rate': 0.0116763085309055}. Best is trial 1 with value: 0.04758380725979805.
[I 2023-12-26 18:41:39,436] Trial 5 finished with value: 4.121497631072998 and parameters: {'gradient_clip_val': 0.43121615879961595, 'hidden_size': 13, 'dropout': 0.3319676453317515, 'hidden_continuous_size': 6, 'attention_head_size': 4, 'learning_rate': 0.006483668418634387}. Best is trial 1 with value: 0.04758380725979805.
[I 2023-12-26 18:41:41,699] Trial 6 finished with value: 4.439747333526611 and parameters: {'gradient_clip_val': 0.5516991718370358, 'hidden_size': 7, 'dropout': 0.12202910523592006, 'hidden_continuous_size': 5, 'attention_head_size': 1, 'learning_rate': 0.006587250382206737}. Best is trial 1 with value: 0.04758380725979805.
[I 2023-12-26 18:41:44,546] Trial 7 finished with value: 6.344491958618164 and parameters: {'gradient_clip_val': 0.8711747444859488, 'hidden_size': 24, 'dropout': 0.4191440854839322, 'hidden_continuous_size': 5, 'attention_head_size': 2, 'learning_rate': 0.002088382703813744}. Best is trial 1 with value: 0.04758380725979805.
[I 2023-12-26 18:41:47,065] Trial 8 finished with value: 4.092625617980957 and parameters: {'gradient_clip_val': 0.8630371025643342, 'hidden_size': 13, 'dropout': 0.26810870454679214, 'hidden_continuous_size': 9, 'attention_head_size': 3, 'learning_rate': 0.0022831784487681805}. Best is trial 1 with value: 0.04758380725979805.
[I 2023-12-26 18:41:52,991] Trial 9 finished with value: 5.278196811676025 and parameters: {'gradient_clip_val': 0.40498432723812505, 'hidden_size': 62, 'dropout': 0.2457907550108029, 'hidden_continuous_size': 12, 'attention_head_size': 4, 'learning_rate': 0.0006210056267846388}. Best is trial 1 with value: 0.04758380725979805.
[I 2023-12-26 18:42:03,535] Trial 10 finished with value: 3.654157876968384 and parameters: {'gradient_clip_val': 0.10565275145858846, 'hidden_size': 126, 'dropout': 0.49873198465498086, 'hidden_continuous_size': 53, 'attention_head_size': 2, 'learning_rate': 0.09605042152266942}. Best is trial 1 with value: 0.04758380725979805.
[I 2023-12-26 18:42:06,817] Trial 11 finished with value: 4.39216947555542 and parameters: {'gradient_clip_val': 0.2992275420643032, 'hidden_size': 33, 'dropout': 0.49210717856206854, 'hidden_continuous_size': 8, 'attention_head_size': 1, 'learning_rate': 0.07798593532889707}. Best is trial 1 with value: 0.04758380725979805.
[I 2023-12-26 18:42:09,104] Trial 12 finished with value: 4.650264263153076 and parameters: {'gradient_clip_val': 0.5142211462776686, 'hidden_size': 8, 'dropout': 0.4296263740445292, 'hidden_continuous_size': 7, 'attention_head_size': 2, 'learning_rate': 0.036383427508840625}. Best is trial 1 with value: 0.04758380725979805.
[I 2023-12-26 18:42:11,732] Trial 13 finished with value: 4.506680488586426 and parameters: {'gradient_clip_val': 0.3452901133488547, 'hidden_size': 19, 'dropout': 0.36995078694076705, 'hidden_continuous_size': 11, 'attention_head_size': 1, 'learning_rate': 0.03220127578787131}. Best is trial 1 with value: 0.04758380725979805.
[I 2023-12-26 18:42:14,199] Trial 14 finished with value: 3.1113393306732178 and parameters: {'gradient_clip_val': 0.5916800277592795, 'hidden_size': 10, 'dropout': 0.45777155792802016, 'hidden_continuous_size': 8, 'attention_head_size': 2, 'learning_rate': 0.0005959306924182866}. Best is trial 1 with value: 0.04758380725979805.
[I 2023-12-26 18:42:18,038] Trial 15 finished with value: 4.285803318023682 and parameters: {'gradient_clip_val': 0.25395562968727403, 'hidden_size': 39, 'dropout': 0.3792299827655587, 'hidden_continuous_size': 18, 'attention_head_size': 3, 'learning_rate': 0.0017789814901239566}. Best is trial 1 with value: 0.04758380725979805.
[I 2023-12-26 18:42:20,557] Trial 16 finished with value: 4.607236862182617 and parameters: {'gradient_clip_val': 0.4199436978450519, 'hidden_size': 17, 'dropout': 0.4651392119756158, 'hidden_continuous_size': 10, 'attention_head_size': 1, 'learning_rate': 0.032801879694642676}. Best is trial 1 with value: 0.04758380725979805.
[I 2023-12-26 18:42:22,681] Trial 17 finished with value: 4.356465816497803 and parameters: {'gradient_clip_val': 0.20815216473624676, 'hidden_size': 5, 'dropout': 0.3937464599679504, 'hidden_continuous_size': 5, 'attention_head_size': 2, 'learning_rate': 0.0012928034734859888}. Best is trial 1 with value: 0.04758380725979805.
[I 2023-12-26 18:42:25,043] Trial 18 finished with value: 3.661574125289917 and parameters: {'gradient_clip_val': 0.9892846863237722, 'hidden_size': 9, 'dropout': 0.45024200680638615, 'hidden_continuous_size': 6, 'attention_head_size': 1, 'learning_rate': 0.002927464592814106}. Best is trial 1 with value: 0.04758380725979805.
[I 2023-12-26 18:42:27,807] Trial 19 finished with value: 3.928208351135254 and parameters: {'gradient_clip_val': 0.691184429790329, 'hidden_size': 21, 'dropout': 0.49621546519811904, 'hidden_continuous_size': 9, 'attention_head_size': 2, 'learning_rate': 0.0009946451496508867}. Best is trial 1 with value: 0.04758380725979805.
[I 2023-12-26 18:42:32,094] Trial 20 finished with value: 3.3303022384643555 and parameters: {'gradient_clip_val': 0.3573658498767463, 'hidden_size': 45, 'dropout': 0.4021276884387158, 'hidden_continuous_size': 16, 'attention_head_size': 3, 'learning_rate': 0.0038153380848816375}. Best is trial 1 with value: 0.04758380725979805.
[I 2023-12-26 18:42:34,897] Trial 21 finished with value: 3.508030891418457 and parameters: {'gradient_clip_val': 0.5417010168024845, 'hidden_size': 11, 'dropout': 0.4557046249852422, 'hidden_continuous_size': 7, 'attention_head_size': 2, 'learning_rate': 0.0005008780199866206}. Best is trial 1 with value: 0.04758380725979805.
[I 2023-12-26 18:42:37,358] Trial 22 finished with value: 2.948672294616699 and parameters: {'gradient_clip_val': 0.4654205169463811, 'hidden_size': 10, 'dropout': 0.4577453871350341, 'hidden_continuous_size': 8, 'attention_head_size': 2, 'learning_rate': 0.0008514696461868114}. Best is trial 1 with value: 0.04758380725979805.
[I 2023-12-26 18:42:39,772] Trial 23 finished with value: 4.32970666885376 and parameters: {'gradient_clip_val': 0.4705865411741756, 'hidden_size': 16, 'dropout': 0.43463528295509407, 'hidden_continuous_size': 8, 'attention_head_size': 2, 'learning_rate': 0.0009345031444001774}. Best is trial 1 with value: 0.04758380725979805.
[I 2023-12-26 18:42:42,076] Trial 24 finished with value: 5.219766616821289 and parameters: {'gradient_clip_val': 0.3760104340411316, 'hidden_size': 7, 'dropout': 0.46295330194942025, 'hidden_continuous_size': 6, 'attention_head_size': 1, 'learning_rate': 0.0012904573693888258}. Best is trial 1 with value: 0.04758380725979805.
[I 2023-12-26 18:42:44,553] Trial 25 finished with value: 5.424819469451904 and parameters: {'gradient_clip_val': 0.450565767815831, 'hidden_size': 11, 'dropout': 0.40697496089737467, 'hidden_continuous_size': 7, 'attention_head_size': 3, 'learning_rate': 0.003643586104121592}. Best is trial 1 with value: 0.04758380725979805.
[I 2023-12-26 18:42:47,486] Trial 26 finished with value: 3.7316055297851562 and parameters: {'gradient_clip_val': 0.33718421880534566, 'hidden_size': 23, 'dropout': 0.36990537656010813, 'hidden_continuous_size': 10, 'attention_head_size': 2, 'learning_rate': 0.0008510311977091823}. Best is trial 1 with value: 0.04758380725979805.
[I 2023-12-26 18:42:50,007] Trial 27 finished with value: 4.705835342407227 and parameters: {'gradient_clip_val': 0.6211348850365203, 'hidden_size': 13, 'dropout': 0.47719216483835, 'hidden_continuous_size': 9, 'attention_head_size': 1, 'learning_rate': 0.0014145785892954864}. Best is trial 1 with value: 0.04758380725979805.
[I 2023-12-26 18:42:52,384] Trial 28 finished with value: 6.320091247558594 and parameters: {'gradient_clip_val': 0.4772621081925146, 'hidden_size': 6, 'dropout': 0.4397378275594754, 'hidden_continuous_size': 5, 'attention_head_size': 2, 'learning_rate': 0.0009184284139260259}. Best is trial 1 with value: 0.04758380725979805.
[I 2023-12-26 18:42:54,634] Trial 29 finished with value: 4.329057216644287 and parameters: {'gradient_clip_val': 0.24839484434041978, 'hidden_size': 8, 'dropout': 0.42077394593619666, 'hidden_continuous_size': 6, 'attention_head_size': 1, 'learning_rate': 0.011605653782615948}. Best is trial 1 with value: 0.04758380725979805.
[I 2023-12-26 18:42:56,961] Trial 30 finished with value: 4.486972808837891 and parameters: {'gradient_clip_val': 0.38510628366176464, 'hidden_size': 6, 'dropout': 0.47663084378655146, 'hidden_continuous_size': 5, 'attention_head_size': 3, 'learning_rate': 0.004696265838869786}. Best is trial 1 with value: 0.04758380725979805.
[I 2023-12-26 18:42:59,484] Trial 31 finished with value: 3.5627663135528564 and parameters: {'gradient_clip_val': 0.5937969651904588, 'hidden_size': 10, 'dropout': 0.45237902320290196, 'hidden_continuous_size': 8, 'attention_head_size': 2, 'learning_rate': 0.0006015164986926855}. Best is trial 1 with value: 0.04758380725979805.
[I 2023-12-26 18:43:01,914] Trial 32 finished with value: 4.539068698883057 and parameters: {'gradient_clip_val': 0.492339946931883, 'hidden_size': 10, 'dropout': 0.47139770944881376, 'hidden_continuous_size': 8, 'attention_head_size': 2, 'learning_rate': 0.0007062118445541622}. Best is trial 1 with value: 0.04758380725979805.
[I 2023-12-26 18:43:04,909] Trial 33 finished with value: 4.235259532928467 and parameters: {'gradient_clip_val': 0.5857022046345796, 'hidden_size': 15, 'dropout': 0.4331478085204628, 'hidden_continuous_size': 7, 'attention_head_size': 2, 'learning_rate': 0.000534015045161169}. Best is trial 1 with value: 0.04758380725979805.
[I 2023-12-26 18:43:07,060] Trial 34 finished with value: 4.652618885040283 and parameters: {'gradient_clip_val': 0.6698834970914591, 'hidden_size': 5, 'dropout': 0.49967285654802746, 'hidden_continuous_size': 5, 'attention_head_size': 3, 'learning_rate': 0.0016174936474585878}. Best is trial 1 with value: 0.04758380725979805.
[I 2023-12-26 18:43:09,574] Trial 35 finished with value: 4.009771347045898 and parameters: {'gradient_clip_val': 0.42899657833433863, 'hidden_size': 18, 'dropout': 0.3456450960599084, 'hidden_continuous_size': 8, 'attention_head_size': 1, 'learning_rate': 0.0007867304054680048}. Best is trial 1 with value: 0.04758380725979805.
[I 2023-12-26 18:43:12,165] Trial 36 finished with value: 4.133424282073975 and parameters: {'gradient_clip_val': 0.5302803364412644, 'hidden_size': 13, 'dropout': 0.4108350697746142, 'hidden_continuous_size': 9, 'attention_head_size': 2, 'learning_rate': 0.0011190550217566309}. Best is trial 1 with value: 0.04758380725979805.
[I 2023-12-26 18:43:15,280] Trial 37 finished with value: 3.6212832927703857 and parameters: {'gradient_clip_val': 0.6919905075483702, 'hidden_size': 26, 'dropout': 0.45330854745617455, 'hidden_continuous_size': 10, 'attention_head_size': 4, 'learning_rate': 0.0022786010072553724}. Best is trial 1 with value: 0.04758380725979805.
[I 2023-12-26 18:43:17,689] Trial 38 finished with value: 5.157870769500732 and parameters: {'gradient_clip_val': 0.803348470900431, 'hidden_size': 9, 'dropout': 0.38942505085790063, 'hidden_continuous_size': 7, 'attention_head_size': 1, 'learning_rate': 0.0007385708230367845}. Best is trial 1 with value: 0.04758380725979805.
[I 2023-12-26 18:43:20,145] Trial 39 finished with value: 4.642055988311768 and parameters: {'gradient_clip_val': 0.4130895348082387, 'hidden_size': 12, 'dropout': 0.42332128799755625, 'hidden_continuous_size': 8, 'attention_head_size': 3, 'learning_rate': 0.0018896460300723754}. Best is trial 1 with value: 0.04758380725979805.
[I 2023-12-26 18:43:22,763] Trial 40 finished with value: 3.9891655445098877 and parameters: {'gradient_clip_val': 0.5425172174468579, 'hidden_size': 14, 'dropout': 0.47208288437940515, 'hidden_continuous_size': 9, 'attention_head_size': 2, 'learning_rate': 0.001107291460907836}. Best is trial 1 with value: 0.04758380725979805.
[I 2023-12-26 18:43:26,894] Trial 41 finished with value: 2.6003429889678955 and parameters: {'gradient_clip_val': 0.3258327354951648, 'hidden_size': 43, 'dropout': 0.4036685774755283, 'hidden_continuous_size': 14, 'attention_head_size': 3, 'learning_rate': 0.002604503445876706}. Best is trial 1 with value: 0.04758380725979805.
[I 2023-12-26 18:43:30,139] Trial 42 finished with value: 5.032776355743408 and parameters: {'gradient_clip_val': 0.30781604068912477, 'hidden_size': 28, 'dropout': 0.43716857963412253, 'hidden_continuous_size': 11, 'attention_head_size': 3, 'learning_rate': 0.0013203775084696626}. Best is trial 1 with value: 0.04758380725979805.
[I 2023-12-26 18:43:32,975] Trial 43 finished with value: 4.230618953704834 and parameters: {'gradient_clip_val': 0.3666559810667189, 'hidden_size': 19, 'dropout': 0.35488064330560953, 'hidden_continuous_size': 13, 'attention_head_size': 4, 'learning_rate': 0.0006633940649058179}. Best is trial 1 with value: 0.04758380725979805.
[I 2023-12-26 18:43:36,467] Trial 44 finished with value: 3.016305923461914 and parameters: {'gradient_clip_val': 0.46355790672890085, 'hidden_size': 31, 'dropout': 0.3187813590471315, 'hidden_continuous_size': 14, 'attention_head_size': 3, 'learning_rate': 0.002643005555262857}. Best is trial 1 with value: 0.04758380725979805.
[I 2023-12-26 18:43:40,365] Trial 45 finished with value: 3.985083818435669 and parameters: {'gradient_clip_val': 0.333580875284785, 'hidden_size': 34, 'dropout': 0.31489436995305553, 'hidden_continuous_size': 14, 'attention_head_size': 3, 'learning_rate': 0.002391498665408659}. Best is trial 1 with value: 0.04758380725979805.
[I 2023-12-26 18:43:45,037] Trial 46 finished with value: 3.6051700115203857 and parameters: {'gradient_clip_val': 0.44320476160968003, 'hidden_size': 50, 'dropout': 0.3274340557754925, 'hidden_continuous_size': 15, 'attention_head_size': 3, 'learning_rate': 0.0074663644617322}. Best is trial 1 with value: 0.04758380725979805.
[I 2023-12-26 18:43:48,534] Trial 47 finished with value: 4.874804973602295 and parameters: {'gradient_clip_val': 0.39706142185516224, 'hidden_size': 31, 'dropout': 0.2852091517719286, 'hidden_continuous_size': 12, 'attention_head_size': 4, 'learning_rate': 0.002781290388959133}. Best is trial 1 with value: 0.04758380725979805.
[I 2023-12-26 18:43:51,511] Trial 48 finished with value: 3.7671468257904053 and parameters: {'gradient_clip_val': 0.4848861123442715, 'hidden_size': 23, 'dropout': 0.39118131945793977, 'hidden_continuous_size': 13, 'attention_head_size': 3, 'learning_rate': 0.0015623991109556428}. Best is trial 1 with value: 0.04758380725979805.
[I 2023-12-26 18:43:57,129] Trial 49 finished with value: 3.7938356399536133 and parameters: {'gradient_clip_val': 0.28419866669364846, 'hidden_size': 63, 'dropout': 0.37900671193499313, 'hidden_continuous_size': 17, 'attention_head_size': 3, 'learning_rate': 0.0017396277781444177}. Best is trial 1 with value: 0.04758380725979805.
[I 2023-12-26 18:43:57,268] A new study created in memory with name: no-name-b7acc2e6-b716-448d-b45e-8b440c8135df
/home/le004/conda/anaconda3/envs/tsff_env/lib/python3.9/site-packages/lightning/fabric/plugins/environments/slurm.py:191: The `srun` command is available on your system but is not used. HINT: If your intention is to run Lightning on SLURM, prepend your python command with `srun` like so: srun python /home/le004/master_thesis/git/TSFusionForecast/code/ ...
[I 2023-12-26 18:47:46,424] Trial 0 finished with value: 0.06267057359218597 and parameters: {'gradient_clip_val': 0.2812501240990675, 'hidden_size': 18, 'dropout': 0.14639222807373417, 'hidden_continuous_size': 13, 'attention_head_size': 4, 'learning_rate': 0.030881763526907337}. Best is trial 0 with value: 0.06267057359218597.
[I 2023-12-26 18:47:55,969] Trial 1 finished with value: 2.734455108642578 and parameters: {'gradient_clip_val': 0.7579470830028239, 'hidden_size': 113, 'dropout': 0.2628588589096226, 'hidden_continuous_size': 65, 'attention_head_size': 2, 'learning_rate': 0.002100582492759568}. Best is trial 0 with value: 0.06267057359218597.
[I 2023-12-26 18:47:58,984] Trial 2 finished with value: 2.6653077602386475 and parameters: {'gradient_clip_val': 0.11501440430662319, 'hidden_size': 23, 'dropout': 0.13524974352114028, 'hidden_continuous_size': 14, 'attention_head_size': 3, 'learning_rate': 0.09484150075175782}. Best is trial 0 with value: 0.06267057359218597.
[I 2023-12-26 18:48:01,090] Trial 3 finished with value: 2.7666921615600586 and parameters: {'gradient_clip_val': 0.4526146848900287, 'hidden_size': 5, 'dropout': 0.11282537408825184, 'hidden_continuous_size': 5, 'attention_head_size': 4, 'learning_rate': 0.04621283646432236}. Best is trial 0 with value: 0.06267057359218597.
[I 2023-12-26 18:48:03,224] Trial 4 finished with value: 3.1212222576141357 and parameters: {'gradient_clip_val': 0.6375130995477472, 'hidden_size': 9, 'dropout': 0.2994453637466706, 'hidden_continuous_size': 7, 'attention_head_size': 2, 'learning_rate': 0.001068802490535584}. Best is trial 0 with value: 0.06267057359218597.
[I 2023-12-26 18:48:14,201] Trial 5 finished with value: 2.8900578022003174 and parameters: {'gradient_clip_val': 0.18825073493632527, 'hidden_size': 149, 'dropout': 0.2715261608937092, 'hidden_continuous_size': 7, 'attention_head_size': 4, 'learning_rate': 0.0012343324163471645}. Best is trial 0 with value: 0.06267057359218597.
[I 2023-12-26 18:48:16,348] Trial 6 finished with value: 2.606072187423706 and parameters: {'gradient_clip_val': 0.9216632315196936, 'hidden_size': 5, 'dropout': 0.116747994397653, 'hidden_continuous_size': 5, 'attention_head_size': 2, 'learning_rate': 0.0027366782320959486}. Best is trial 0 with value: 0.06267057359218597.
[I 2023-12-26 18:48:18,830] Trial 7 finished with value: 2.9889042377471924 and parameters: {'gradient_clip_val': 0.6859067235857436, 'hidden_size': 10, 'dropout': 0.38916177911453975, 'hidden_continuous_size': 6, 'attention_head_size': 3, 'learning_rate': 0.0008195628629962022}. Best is trial 0 with value: 0.06267057359218597.
[I 2023-12-26 18:48:21,073] Trial 8 finished with value: 2.2388851642608643 and parameters: {'gradient_clip_val': 0.23488344347587803, 'hidden_size': 5, 'dropout': 0.29473644628803486, 'hidden_continuous_size': 5, 'attention_head_size': 4, 'learning_rate': 0.001118369551216753}. Best is trial 0 with value: 0.06267057359218597.
[I 2023-12-26 18:48:23,100] Trial 9 finished with value: 3.0720136165618896 and parameters: {'gradient_clip_val': 0.8537945595742091, 'hidden_size': 5, 'dropout': 0.1242892737055314, 'hidden_continuous_size': 5, 'attention_head_size': 3, 'learning_rate': 0.0032130023453433043}. Best is trial 0 with value: 0.06267057359218597.
[I 2023-12-26 18:48:26,161] Trial 10 finished with value: 2.7489521503448486 and parameters: {'gradient_clip_val': 0.4297878347085873, 'hidden_size': 40, 'dropout': 0.49871542015215165, 'hidden_continuous_size': 14, 'attention_head_size': 1, 'learning_rate': 0.015619795406741056}. Best is trial 0 with value: 0.06267057359218597.
[I 2023-12-26 18:48:28,980] Trial 11 finished with value: 2.641953706741333 and parameters: {'gradient_clip_val': 0.2867575038561851, 'hidden_size': 17, 'dropout': 0.20339573885283596, 'hidden_continuous_size': 9, 'attention_head_size': 4, 'learning_rate': 0.007543744692969}. Best is trial 0 with value: 0.06267057359218597.
[I 2023-12-26 18:48:32,321] Trial 12 finished with value: 3.734168767929077 and parameters: {'gradient_clip_val': 0.23761384417260903, 'hidden_size': 35, 'dropout': 0.2126854365992869, 'hidden_continuous_size': 11, 'attention_head_size': 4, 'learning_rate': 0.016923665513816452}. Best is trial 0 with value: 0.06267057359218597.
[I 2023-12-26 18:48:34,845] Trial 13 finished with value: 3.3193912506103516 and parameters: {'gradient_clip_val': 0.18160402211995355, 'hidden_size': 11, 'dropout': 0.364087097449459, 'hidden_continuous_size': 6, 'attention_head_size': 4, 'learning_rate': 0.009182460083083651}. Best is trial 0 with value: 0.06267057359218597.
[I 2023-12-26 18:48:37,497] Trial 14 finished with value: 3.476154327392578 and parameters: {'gradient_clip_val': 0.33578549449687306, 'hidden_size': 14, 'dropout': 0.1942226575198699, 'hidden_continuous_size': 8, 'attention_head_size': 3, 'learning_rate': 0.0007476675489813072}. Best is trial 0 with value: 0.06267057359218597.
[I 2023-12-26 18:48:39,622] Trial 15 finished with value: 2.1782939434051514 and parameters: {'gradient_clip_val': 0.2089012480174784, 'hidden_size': 8, 'dropout': 0.3440145311483831, 'hidden_continuous_size': 5, 'attention_head_size': 1, 'learning_rate': 0.0005279935319085733}. Best is trial 0 with value: 0.06267057359218597.
[I 2023-12-26 18:48:42,404] Trial 16 finished with value: 2.9279701709747314 and parameters: {'gradient_clip_val': 0.13635100896473795, 'hidden_size': 23, 'dropout': 0.36179422902562003, 'hidden_continuous_size': 11, 'attention_head_size': 1, 'learning_rate': 0.0005290914448331534}. Best is trial 0 with value: 0.06267057359218597.
[I 2023-12-26 18:48:44,492] Trial 17 finished with value: 2.5237412452697754 and parameters: {'gradient_clip_val': 0.1624727148414773, 'hidden_size': 8, 'dropout': 0.17313082015191417, 'hidden_continuous_size': 5, 'attention_head_size': 1, 'learning_rate': 0.005669812550531344}. Best is trial 0 with value: 0.06267057359218597.
