[I 2023-12-26 13:45:29,298] Trial 30 finished with value: 4.699105262756348 and parameters: {'gradient_clip_val': 0.321378127121823, 'hidden_size': 13, 'dropout': 0.3405181170193144, 'hidden_continuous_size': 7, 'attention_head_size': 3, 'learning_rate': 0.00938470117852521}. Best is trial 0 with value: 0.08369765430688858.
[I 2023-12-26 13:45:31,746] Trial 31 finished with value: 2.8777639865875244 and parameters: {'gradient_clip_val': 0.2598460796565004, 'hidden_size': 19, 'dropout': 0.3303084866384224, 'hidden_continuous_size': 8, 'attention_head_size': 3, 'learning_rate': 0.09049104063147059}. Best is trial 0 with value: 0.08369765430688858.
[I 2023-12-26 13:45:34,550] Trial 32 finished with value: 4.143026351928711 and parameters: {'gradient_clip_val': 0.21842741996093026, 'hidden_size': 21, 'dropout': 0.292001801878727, 'hidden_continuous_size': 8, 'attention_head_size': 3, 'learning_rate': 0.04826560702819552}. Best is trial 0 with value: 0.08369765430688858.
[I 2023-12-26 13:45:37,355] Trial 33 finished with value: 3.3931572437286377 and parameters: {'gradient_clip_val': 0.2705366540968855, 'hidden_size': 17, 'dropout': 0.32732872629033577, 'hidden_continuous_size': 9, 'attention_head_size': 3, 'learning_rate': 0.09543580214551477}. Best is trial 0 with value: 0.08369765430688858.
[I 2023-12-26 13:45:39,981] Trial 34 finished with value: 3.7545807361602783 and parameters: {'gradient_clip_val': 0.32556706159263377, 'hidden_size': 35, 'dropout': 0.3624204854263078, 'hidden_continuous_size': 10, 'attention_head_size': 3, 'learning_rate': 0.03272637959329603}. Best is trial 0 with value: 0.08369765430688858.
[I 2023-12-26 13:45:42,104] Trial 35 finished with value: 3.026898145675659 and parameters: {'gradient_clip_val': 0.23350831037808295, 'hidden_size': 18, 'dropout': 0.13757857831047557, 'hidden_continuous_size': 8, 'attention_head_size': 3, 'learning_rate': 0.06956645367234061}. Best is trial 0 with value: 0.08369765430688858.
[I 2023-12-26 13:45:44,439] Trial 36 finished with value: 3.7074337005615234 and parameters: {'gradient_clip_val': 0.40795844127164027, 'hidden_size': 26, 'dropout': 0.11774654115073487, 'hidden_continuous_size': 9, 'attention_head_size': 4, 'learning_rate': 0.058907009659030465}. Best is trial 0 with value: 0.08369765430688858.
[I 2023-12-26 13:45:46,463] Trial 37 finished with value: 4.840694427490234 and parameters: {'gradient_clip_val': 0.48204097146056313, 'hidden_size': 12, 'dropout': 0.3078076029355149, 'hidden_continuous_size': 7, 'attention_head_size': 2, 'learning_rate': 0.001848079789989471}. Best is trial 0 with value: 0.08369765430688858.
[I 2023-12-26 13:45:48,618] Trial 38 finished with value: 4.350409030914307 and parameters: {'gradient_clip_val': 0.19406015604491716, 'hidden_size': 18, 'dropout': 0.3829504069600059, 'hidden_continuous_size': 10, 'attention_head_size': 3, 'learning_rate': 0.040571723985152575}. Best is trial 0 with value: 0.08369765430688858.
[I 2023-12-26 13:45:50,830] Trial 39 finished with value: 3.4941959381103516 and parameters: {'gradient_clip_val': 0.3684005169601844, 'hidden_size': 15, 'dropout': 0.3570517289208457, 'hidden_continuous_size': 5, 'attention_head_size': 4, 'learning_rate': 0.0012582611123982397}. Best is trial 0 with value: 0.08369765430688858.
[I 2023-12-26 13:45:53,198] Trial 40 finished with value: 3.4083213806152344 and parameters: {'gradient_clip_val': 0.2929816286721604, 'hidden_size': 24, 'dropout': 0.40390682809915757, 'hidden_continuous_size': 9, 'attention_head_size': 3, 'learning_rate': 0.06409028098239512}. Best is trial 0 with value: 0.08369765430688858.
[I 2023-12-26 13:45:55,977] Trial 41 finished with value: 4.590667247772217 and parameters: {'gradient_clip_val': 0.1590649339102792, 'hidden_size': 28, 'dropout': 0.26945575731467053, 'hidden_continuous_size': 13, 'attention_head_size': 1, 'learning_rate': 0.01132147456605827}. Best is trial 0 with value: 0.08369765430688858.
[I 2023-12-26 13:45:58,917] Trial 42 finished with value: 3.3133323192596436 and parameters: {'gradient_clip_val': 0.14069745355490904, 'hidden_size': 32, 'dropout': 0.2828544470043028, 'hidden_continuous_size': 14, 'attention_head_size': 2, 'learning_rate': 0.006735082026088777}. Best is trial 0 with value: 0.08369765430688858.
[I 2023-12-26 13:46:01,831] Trial 43 finished with value: 3.5375173091888428 and parameters: {'gradient_clip_val': 0.11509371049023535, 'hidden_size': 21, 'dropout': 0.3260569971121161, 'hidden_continuous_size': 11, 'attention_head_size': 2, 'learning_rate': 0.013608430177944471}. Best is trial 0 with value: 0.08369765430688858.
[I 2023-12-26 13:46:04,339] Trial 44 finished with value: 3.7342450618743896 and parameters: {'gradient_clip_val': 0.20832566855902312, 'hidden_size': 10, 'dropout': 0.2534930435268983, 'hidden_continuous_size': 6, 'attention_head_size': 1, 'learning_rate': 0.00768607071333376}. Best is trial 0 with value: 0.08369765430688858.
[I 2023-12-26 13:46:08,345] Trial 45 finished with value: 3.106748342514038 and parameters: {'gradient_clip_val': 0.14982736824923024, 'hidden_size': 38, 'dropout': 0.22079912675476557, 'hidden_continuous_size': 15, 'attention_head_size': 2, 'learning_rate': 0.005606183098673872}. Best is trial 0 with value: 0.08369765430688858.
[I 2023-12-26 13:46:11,477] Trial 46 finished with value: 3.7072360515594482 and parameters: {'gradient_clip_val': 0.17275266735718192, 'hidden_size': 28, 'dropout': 0.18178181285829376, 'hidden_continuous_size': 16, 'attention_head_size': 3, 'learning_rate': 0.023928593509161815}. Best is trial 0 with value: 0.08369765430688858.
[I 2023-12-26 13:46:13,626] Trial 47 finished with value: 3.8441896438598633 and parameters: {'gradient_clip_val': 0.18677691222531573, 'hidden_size': 5, 'dropout': 0.25566603294459367, 'hidden_continuous_size': 5, 'attention_head_size': 1, 'learning_rate': 0.05057519636485646}. Best is trial 0 with value: 0.08369765430688858.
[I 2023-12-26 13:46:16,026] Trial 48 finished with value: 3.4942424297332764 and parameters: {'gradient_clip_val': 0.128260189379047, 'hidden_size': 14, 'dropout': 0.22284666215189564, 'hidden_continuous_size': 8, 'attention_head_size': 2, 'learning_rate': 0.07930962298486433}. Best is trial 0 with value: 0.08369765430688858.
[I 2023-12-26 13:46:19,171] Trial 49 finished with value: 3.485651969909668 and parameters: {'gradient_clip_val': 0.15855428089062656, 'hidden_size': 30, 'dropout': 0.2952059367451514, 'hidden_continuous_size': 19, 'attention_head_size': 3, 'learning_rate': 0.09950953576727509}. Best is trial 0 with value: 0.08369765430688858.
[I 2023-12-26 13:46:19,325] A new study created in memory with name: no-name-290d441f-2047-440a-aef3-eea2653f5a74
/home/le004/conda/anaconda3/envs/tsff_env/lib/python3.9/site-packages/lightning/fabric/plugins/environments/slurm.py:191: The `srun` command is available on your system but is not used. HINT: If your intention is to run Lightning on SLURM, prepend your python command with `srun` like so: srun python /home/le004/master_thesis/git/TSFusionForecast/code/ ...
[I 2023-12-26 14:04:50,738] Trial 0 finished with value: 0.04041590914130211 and parameters: {'gradient_clip_val': 0.565852456168961, 'hidden_size': 115, 'dropout': 0.3157002557935318, 'hidden_continuous_size': 44, 'attention_head_size': 2, 'learning_rate': 0.0006436198648791526}. Best is trial 0 with value: 0.04041590914130211.
[I 2023-12-26 14:10:32,913] Trial 1 finished with value: 0.06835592538118362 and parameters: {'gradient_clip_val': 0.8353239611285519, 'hidden_size': 129, 'dropout': 0.13838705940175103, 'hidden_continuous_size': 8, 'attention_head_size': 1, 'learning_rate': 0.06071827164189539}. Best is trial 0 with value: 0.04041590914130211.
[I 2023-12-26 14:10:35,069] Trial 2 finished with value: 3.7101471424102783 and parameters: {'gradient_clip_val': 0.23093877147798156, 'hidden_size': 5, 'dropout': 0.26413937878770566, 'hidden_continuous_size': 5, 'attention_head_size': 4, 'learning_rate': 0.003055448017982043}. Best is trial 0 with value: 0.04041590914130211.
[I 2023-12-26 14:10:40,256] Trial 3 finished with value: 3.507777214050293 and parameters: {'gradient_clip_val': 0.27823961856922796, 'hidden_size': 58, 'dropout': 0.3694091722011943, 'hidden_continuous_size': 20, 'attention_head_size': 2, 'learning_rate': 0.0033541156567196313}. Best is trial 0 with value: 0.04041590914130211.
[I 2023-12-26 14:10:42,380] Trial 4 finished with value: 3.5129528045654297 and parameters: {'gradient_clip_val': 0.719710765281178, 'hidden_size': 7, 'dropout': 0.47226764337380756, 'hidden_continuous_size': 7, 'attention_head_size': 1, 'learning_rate': 0.0006377986323449791}. Best is trial 0 with value: 0.04041590914130211.
[I 2023-12-26 14:10:44,250] Trial 5 finished with value: 3.658757209777832 and parameters: {'gradient_clip_val': 0.2901592159182798, 'hidden_size': 8, 'dropout': 0.24847633909787725, 'hidden_continuous_size': 6, 'attention_head_size': 1, 'learning_rate': 0.0020976030254557174}. Best is trial 0 with value: 0.04041590914130211.
[I 2023-12-26 14:10:46,653] Trial 6 finished with value: 4.351654529571533 and parameters: {'gradient_clip_val': 0.5361052194929699, 'hidden_size': 22, 'dropout': 0.32557853215942434, 'hidden_continuous_size': 8, 'attention_head_size': 4, 'learning_rate': 0.07309995692390178}. Best is trial 0 with value: 0.04041590914130211.
[I 2023-12-26 14:10:48,952] Trial 7 finished with value: 2.7457687854766846 and parameters: {'gradient_clip_val': 0.7900708734794643, 'hidden_size': 7, 'dropout': 0.14703333427233037, 'hidden_continuous_size': 6, 'attention_head_size': 3, 'learning_rate': 0.028801402670007182}. Best is trial 0 with value: 0.04041590914130211.
[I 2023-12-26 14:10:52,493] Trial 8 finished with value: 3.224363088607788 and parameters: {'gradient_clip_val': 0.3536313609537443, 'hidden_size': 37, 'dropout': 0.3058626391883863, 'hidden_continuous_size': 13, 'attention_head_size': 4, 'learning_rate': 0.003364056613111985}. Best is trial 0 with value: 0.04041590914130211.
[I 2023-12-26 14:11:02,320] Trial 9 finished with value: 3.6721839904785156 and parameters: {'gradient_clip_val': 0.3262577549402034, 'hidden_size': 121, 'dropout': 0.2717172366733134, 'hidden_continuous_size': 17, 'attention_head_size': 2, 'learning_rate': 0.0019235768670071427}. Best is trial 0 with value: 0.04041590914130211.
[I 2023-12-26 14:11:08,785] Trial 10 finished with value: 3.8860998153686523 and parameters: {'gradient_clip_val': 0.1270405095271504, 'hidden_size': 80, 'dropout': 0.4174376993134433, 'hidden_continuous_size': 55, 'attention_head_size': 3, 'learning_rate': 0.0007637231098340342}. Best is trial 0 with value: 0.04041590914130211.
[I 2023-12-26 14:11:20,064] Trial 11 finished with value: 2.7450294494628906 and parameters: {'gradient_clip_val': 0.9730028407582996, 'hidden_size': 146, 'dropout': 0.10144555473114153, 'hidden_continuous_size': 40, 'attention_head_size': 1, 'learning_rate': 0.013293152593407138}. Best is trial 0 with value: 0.04041590914130211.
[I 2023-12-26 14:11:32,506] Trial 12 finished with value: 1.7132772207260132 and parameters: {'gradient_clip_val': 0.5593607789301684, 'hidden_size': 144, 'dropout': 0.1971512526545974, 'hidden_continuous_size': 116, 'attention_head_size': 2, 'learning_rate': 0.09451263599736147}. Best is trial 0 with value: 0.04041590914130211.
[I 2023-12-26 14:11:39,089] Trial 13 finished with value: 3.0409185886383057 and parameters: {'gradient_clip_val': 0.9766415631109772, 'hidden_size': 77, 'dropout': 0.20253624306070606, 'hidden_continuous_size': 11, 'attention_head_size': 1, 'learning_rate': 0.009494204374347464}. Best is trial 0 with value: 0.04041590914130211.
[I 2023-12-26 14:11:46,334] Trial 14 finished with value: 3.1155173778533936 and parameters: {'gradient_clip_val': 0.5218515826678094, 'hidden_size': 89, 'dropout': 0.36439964542272274, 'hidden_continuous_size': 29, 'attention_head_size': 2, 'learning_rate': 0.021833702837551497}. Best is trial 0 with value: 0.04041590914130211.
[I 2023-12-26 14:11:50,974] Trial 15 finished with value: 4.305948257446289 and parameters: {'gradient_clip_val': 0.6632037018916549, 'hidden_size': 51, 'dropout': 0.20673752125574624, 'hidden_continuous_size': 10, 'attention_head_size': 3, 'learning_rate': 0.0053843748493654945}. Best is trial 0 with value: 0.04041590914130211.
[I 2023-12-26 14:11:58,804] Trial 16 finished with value: 5.053546905517578 and parameters: {'gradient_clip_val': 0.4567615323756911, 'hidden_size': 101, 'dropout': 0.10776380105833813, 'hidden_continuous_size': 14, 'attention_head_size': 1, 'learning_rate': 0.0009989246663030945}. Best is trial 0 with value: 0.04041590914130211.
[I 2023-12-26 14:12:09,199] Trial 17 finished with value: 4.852420330047607 and parameters: {'gradient_clip_val': 0.7586756681107748, 'hidden_size': 140, 'dropout': 0.17330000080790575, 'hidden_continuous_size': 26, 'attention_head_size': 2, 'learning_rate': 0.046201576200124626}. Best is trial 0 with value: 0.04041590914130211.
[I 2023-12-26 14:12:14,680] Trial 18 finished with value: 4.534240245819092 and parameters: {'gradient_clip_val': 0.4181593433266627, 'hidden_size': 62, 'dropout': 0.24317292410596902, 'hidden_continuous_size': 9, 'attention_head_size': 1, 'learning_rate': 0.007104803586832288}. Best is trial 0 with value: 0.04041590914130211.
[I 2023-12-26 14:12:22,525] Trial 19 finished with value: 4.459797382354736 and parameters: {'gradient_clip_val': 0.6168583072950157, 'hidden_size': 106, 'dropout': 0.1461758665956082, 'hidden_continuous_size': 16, 'attention_head_size': 2, 'learning_rate': 0.014271636827989589}. Best is trial 0 with value: 0.04041590914130211.
[I 2023-12-26 14:12:25,036] Trial 20 finished with value: 3.4526760578155518 and parameters: {'gradient_clip_val': 0.8279728353623746, 'hidden_size': 33, 'dropout': 0.32463864981229684, 'hidden_continuous_size': 11, 'attention_head_size': 3, 'learning_rate': 0.0012061573497675084}. Best is trial 0 with value: 0.04041590914130211.
[I 2023-12-26 14:12:33,932] Trial 21 finished with value: 3.4671270847320557 and parameters: {'gradient_clip_val': 0.6016084173647227, 'hidden_size': 134, 'dropout': 0.20890756302271607, 'hidden_continuous_size': 104, 'attention_head_size': 2, 'learning_rate': 0.08400484513921348}. Best is trial 0 with value: 0.04041590914130211.
[I 2023-12-26 14:12:40,721] Trial 22 finished with value: 2.857480764389038 and parameters: {'gradient_clip_val': 0.5002948694118232, 'hidden_size': 102, 'dropout': 0.15048125775577645, 'hidden_continuous_size': 94, 'attention_head_size': 2, 'learning_rate': 0.09135786283887955}. Best is trial 0 with value: 0.04041590914130211.
[I 2023-12-26 14:12:50,635] Trial 23 finished with value: 3.93164324760437 and parameters: {'gradient_clip_val': 0.6025240553665676, 'hidden_size': 145, 'dropout': 0.22412599164299424, 'hidden_continuous_size': 126, 'attention_head_size': 2, 'learning_rate': 0.041327573679814}. Best is trial 0 with value: 0.04041590914130211.
[I 2023-12-26 14:12:54,828] Trial 24 finished with value: 3.5760834217071533 and parameters: {'gradient_clip_val': 0.41819726688622566, 'hidden_size': 72, 'dropout': 0.27846027581894284, 'hidden_continuous_size': 52, 'attention_head_size': 1, 'learning_rate': 0.05479805040561413}. Best is trial 0 with value: 0.04041590914130211.
[I 2023-12-26 14:13:01,616] Trial 25 finished with value: 5.283915042877197 and parameters: {'gradient_clip_val': 0.8562014041524717, 'hidden_size': 102, 'dropout': 0.1655299424403027, 'hidden_continuous_size': 73, 'attention_head_size': 3, 'learning_rate': 0.09826959901894355}. Best is trial 0 with value: 0.04041590914130211.
[I 2023-12-26 14:13:11,638] Trial 26 finished with value: 5.241440296173096 and parameters: {'gradient_clip_val': 0.6891361717243601, 'hidden_size': 149, 'dropout': 0.18648782714701656, 'hidden_continuous_size': 149, 'attention_head_size': 2, 'learning_rate': 0.0005369444777617608}. Best is trial 0 with value: 0.04041590914130211.
[I 2023-12-26 14:13:16,743] Trial 27 finished with value: 3.9792020320892334 and parameters: {'gradient_clip_val': 0.5654829914588582, 'hidden_size': 86, 'dropout': 0.2306912417643811, 'hidden_continuous_size': 37, 'attention_head_size': 1, 'learning_rate': 0.037492594820003465}. Best is trial 0 with value: 0.04041590914130211.
[I 2023-12-26 14:13:23,582] Trial 28 finished with value: 3.8471555709838867 and parameters: {'gradient_clip_val': 0.8850779893952647, 'hidden_size': 113, 'dropout': 0.1300980006122352, 'hidden_continuous_size': 23, 'attention_head_size': 2, 'learning_rate': 0.06194776777868602}. Best is trial 0 with value: 0.04041590914130211.
[I 2023-12-26 14:13:27,486] Trial 29 finished with value: 4.4564433097839355 and parameters: {'gradient_clip_val': 0.6911331758617613, 'hidden_size': 69, 'dropout': 0.1933473235807812, 'hidden_continuous_size': 5, 'attention_head_size': 3, 'learning_rate': 0.026171054614906156}. Best is trial 0 with value: 0.04041590914130211.
[I 2023-12-26 14:13:34,804] Trial 30 finished with value: 4.540713310241699 and parameters: {'gradient_clip_val': 0.4812305554719009, 'hidden_size': 114, 'dropout': 0.2695079811798873, 'hidden_continuous_size': 67, 'attention_head_size': 1, 'learning_rate': 0.056196220475545136}. Best is trial 0 with value: 0.04041590914130211.
[I 2023-12-26 14:13:43,785] Trial 31 finished with value: 4.043883800506592 and parameters: {'gradient_clip_val': 0.999824042575188, 'hidden_size': 149, 'dropout': 0.10247444445588595, 'hidden_continuous_size': 37, 'attention_head_size': 1, 'learning_rate': 0.013850431366965853}. Best is trial 0 with value: 0.04041590914130211.
[I 2023-12-26 14:13:50,917] Trial 32 finished with value: 3.6025335788726807 and parameters: {'gradient_clip_val': 0.9862589307474549, 'hidden_size': 120, 'dropout': 0.1299215948475424, 'hidden_continuous_size': 41, 'attention_head_size': 1, 'learning_rate': 0.019349523073103232}. Best is trial 0 with value: 0.04041590914130211.
[I 2023-12-26 14:13:56,200] Trial 33 finished with value: 4.115175724029541 and parameters: {'gradient_clip_val': 0.7616903778512649, 'hidden_size': 90, 'dropout': 0.10546872333571865, 'hidden_continuous_size': 28, 'attention_head_size': 1, 'learning_rate': 0.032861599514557326}. Best is trial 0 with value: 0.04041590914130211.
[I 2023-12-26 14:13:59,387] Trial 34 finished with value: 3.7960526943206787 and parameters: {'gradient_clip_val': 0.6724363986613905, 'hidden_size': 54, 'dropout': 0.1731401821541922, 'hidden_continuous_size': 21, 'attention_head_size': 2, 'learning_rate': 0.07141133912737531}. Best is trial 0 with value: 0.04041590914130211.
[I 2023-12-26 14:14:06,770] Trial 35 finished with value: 3.2687883377075195 and parameters: {'gradient_clip_val': 0.8567071894829114, 'hidden_size': 123, 'dropout': 0.11676604017274853, 'hidden_continuous_size': 32, 'attention_head_size': 1, 'learning_rate': 0.042975308094041355}. Best is trial 0 with value: 0.04041590914130211.
[I 2023-12-26 14:14:12,052] Trial 36 finished with value: 3.0336694717407227 and parameters: {'gradient_clip_val': 0.7422075725710405, 'hidden_size': 88, 'dropout': 0.15503645922486628, 'hidden_continuous_size': 46, 'attention_head_size': 2, 'learning_rate': 0.004287029546168908}. Best is trial 0 with value: 0.04041590914130211.
[I 2023-12-26 14:14:19,610] Trial 37 finished with value: 2.394767999649048 and parameters: {'gradient_clip_val': 0.5713244355213543, 'hidden_size': 124, 'dropout': 0.12905716806024284, 'hidden_continuous_size': 19, 'attention_head_size': 1, 'learning_rate': 0.002596934537227522}. Best is trial 0 with value: 0.04041590914130211.
[I 2023-12-26 14:14:23,437] Trial 38 finished with value: 3.5315792560577393 and parameters: {'gradient_clip_val': 0.5490509225192558, 'hidden_size': 63, 'dropout': 0.13660066795232487, 'hidden_continuous_size': 18, 'attention_head_size': 4, 'learning_rate': 0.0023961241233791406}. Best is trial 0 with value: 0.04041590914130211.
[I 2023-12-26 14:14:25,617] Trial 39 finished with value: 3.608255624771118 and parameters: {'gradient_clip_val': 0.36650943670190955, 'hidden_size': 20, 'dropout': 0.1770971093939907, 'hidden_continuous_size': 15, 'attention_head_size': 1, 'learning_rate': 0.001682379531647925}. Best is trial 0 with value: 0.04041590914130211.
[I 2023-12-26 14:14:32,725] Trial 40 finished with value: 5.06327486038208 and parameters: {'gradient_clip_val': 0.6181527429941804, 'hidden_size': 118, 'dropout': 0.13002240891161457, 'hidden_continuous_size': 20, 'attention_head_size': 2, 'learning_rate': 0.0029380152001919346}. Best is trial 0 with value: 0.04041590914130211.
[I 2023-12-26 14:14:41,274] Trial 41 finished with value: 3.5253922939300537 and parameters: {'gradient_clip_val': 0.8922313863534785, 'hidden_size': 146, 'dropout': 0.12188692692036543, 'hidden_continuous_size': 7, 'attention_head_size': 1, 'learning_rate': 0.0014524829216728612}. Best is trial 0 with value: 0.04041590914130211.
[I 2023-12-26 14:14:48,614] Trial 42 finished with value: 3.7811410427093506 and parameters: {'gradient_clip_val': 0.770441817746546, 'hidden_size': 124, 'dropout': 0.15205167549315637, 'hidden_continuous_size': 23, 'attention_head_size': 1, 'learning_rate': 0.0007761859375914033}. Best is trial 0 with value: 0.04041590914130211.
[I 2023-12-26 14:14:54,739] Trial 43 finished with value: 3.7922496795654297 and parameters: {'gradient_clip_val': 0.5372009862255737, 'hidden_size': 101, 'dropout': 0.10020759935404519, 'hidden_continuous_size': 33, 'attention_head_size': 1, 'learning_rate': 0.0022362138386917995}. Best is trial 0 with value: 0.04041590914130211.
[I 2023-12-26 14:14:59,090] Trial 44 finished with value: 4.324108123779297 and parameters: {'gradient_clip_val': 0.6631468636723437, 'hidden_size': 76, 'dropout': 0.16275253611393628, 'hidden_continuous_size': 18, 'attention_head_size': 1, 'learning_rate': 0.005721260115625576}. Best is trial 0 with value: 0.04041590914130211.
