[I 2023-12-15 13:06:31,809] Trial 20 finished with value: 0.704942524433136 and parameters: {'gradient_clip_val': 0.45783229185336743, 'hidden_size': 69, 'dropout': 0.18345031668118533, 'hidden_continuous_size': 28, 'attention_head_size': 1, 'learning_rate': 0.0006366175910093052}. Best is trial 5 with value: 0.14881397783756256.
LOCAL_RANK: 0 - CUDA_VISIBLE_DEVICES: [0]
[I 2023-12-15 13:07:29,126] Trial 21 finished with value: 0.3493543863296509 and parameters: {'gradient_clip_val': 0.9582047581558162, 'hidden_size': 98, 'dropout': 0.15289383400739606, 'hidden_continuous_size': 67, 'attention_head_size': 1, 'learning_rate': 0.00554497458871979}. Best is trial 5 with value: 0.14881397783756256.
LOCAL_RANK: 0 - CUDA_VISIBLE_DEVICES: [0]
[I 2023-12-15 13:08:26,863] Trial 22 finished with value: 0.7707651257514954 and parameters: {'gradient_clip_val': 0.9925842645213503, 'hidden_size': 99, 'dropout': 0.15173921205567373, 'hidden_continuous_size': 97, 'attention_head_size': 1, 'learning_rate': 0.004545463144910527}. Best is trial 5 with value: 0.14881397783756256.
LOCAL_RANK: 0 - CUDA_VISIBLE_DEVICES: [0]
[I 2023-12-15 13:09:21,554] Trial 23 finished with value: 0.9108816981315613 and parameters: {'gradient_clip_val': 0.7045174089096852, 'hidden_size': 74, 'dropout': 0.1896847158225316, 'hidden_continuous_size': 41, 'attention_head_size': 2, 'learning_rate': 0.0024494737088146565}. Best is trial 5 with value: 0.14881397783756256.
LOCAL_RANK: 0 - CUDA_VISIBLE_DEVICES: [0]
[I 2023-12-15 13:10:14,660] Trial 24 finished with value: 1.6324167251586914 and parameters: {'gradient_clip_val': 0.6003960728125974, 'hidden_size': 53, 'dropout': 0.13904206374989078, 'hidden_continuous_size': 36, 'attention_head_size': 1, 'learning_rate': 0.010493098035577566}. Best is trial 5 with value: 0.14881397783756256.
LOCAL_RANK: 0 - CUDA_VISIBLE_DEVICES: [0]
[I 2023-12-15 13:11:09,143] Trial 25 finished with value: 0.4384455382823944 and parameters: {'gradient_clip_val': 0.8372083867209579, 'hidden_size': 72, 'dropout': 0.17072809258878796, 'hidden_continuous_size': 51, 'attention_head_size': 2, 'learning_rate': 0.0048277755261754915}. Best is trial 5 with value: 0.14881397783756256.
LOCAL_RANK: 0 - CUDA_VISIBLE_DEVICES: [0]
[I 2023-12-15 13:12:02,022] Trial 26 finished with value: 0.4852515757083893 and parameters: {'gradient_clip_val': 0.9793078705721112, 'hidden_size': 52, 'dropout': 0.12023123920524192, 'hidden_continuous_size': 31, 'attention_head_size': 1, 'learning_rate': 0.009223187057962963}. Best is trial 5 with value: 0.14881397783756256.
LOCAL_RANK: 0 - CUDA_VISIBLE_DEVICES: [0]
[I 2023-12-15 13:12:57,642] Trial 27 finished with value: 0.5767734050750732 and parameters: {'gradient_clip_val': 0.5774541244501343, 'hidden_size': 80, 'dropout': 0.15706109866651702, 'hidden_continuous_size': 63, 'attention_head_size': 3, 'learning_rate': 0.006029954661720281}. Best is trial 5 with value: 0.14881397783756256.
LOCAL_RANK: 0 - CUDA_VISIBLE_DEVICES: [0]
[I 2023-12-15 13:13:54,912] Trial 28 finished with value: 0.6634335517883301 and parameters: {'gradient_clip_val': 0.7396295602649503, 'hidden_size': 100, 'dropout': 0.19877194852737753, 'hidden_continuous_size': 70, 'attention_head_size': 2, 'learning_rate': 0.015724263743961565}. Best is trial 5 with value: 0.14881397783756256.
LOCAL_RANK: 0 - CUDA_VISIBLE_DEVICES: [0]
[I 2023-12-15 13:14:49,219] Trial 29 finished with value: 0.6502164006233215 and parameters: {'gradient_clip_val': 0.12317113374647612, 'hidden_size': 80, 'dropout': 0.12830029578514449, 'hidden_continuous_size': 56, 'attention_head_size': 1, 'learning_rate': 0.003051449805644067}. Best is trial 5 with value: 0.14881397783756256.
LOCAL_RANK: 0 - CUDA_VISIBLE_DEVICES: [0]
[I 2023-12-15 13:15:43,007] Trial 30 finished with value: 0.6286363005638123 and parameters: {'gradient_clip_val': 0.33488957843152, 'hidden_size': 61, 'dropout': 0.11536251386837011, 'hidden_continuous_size': 45, 'attention_head_size': 1, 'learning_rate': 0.005350567878369518}. Best is trial 5 with value: 0.14881397783756256.
LOCAL_RANK: 0 - CUDA_VISIBLE_DEVICES: [0]
[I 2023-12-15 13:16:38,358] Trial 31 finished with value: 1.702120304107666 and parameters: {'gradient_clip_val': 0.8359389595206822, 'hidden_size': 77, 'dropout': 0.1683754045589155, 'hidden_continuous_size': 51, 'attention_head_size': 2, 'learning_rate': 0.004133178811564903}. Best is trial 5 with value: 0.14881397783756256.
LOCAL_RANK: 0 - CUDA_VISIBLE_DEVICES: [0]
[I 2023-12-15 13:17:31,630] Trial 32 finished with value: 0.12092360109090805 and parameters: {'gradient_clip_val': 0.8633045526208528, 'hidden_size': 46, 'dropout': 0.1410945203759918, 'hidden_continuous_size': 39, 'attention_head_size': 2, 'learning_rate': 0.006786096360661009}. Best is trial 32 with value: 0.12092360109090805.
LOCAL_RANK: 0 - CUDA_VISIBLE_DEVICES: [0]
[I 2023-12-15 13:18:25,203] Trial 33 finished with value: 0.7596763968467712 and parameters: {'gradient_clip_val': 0.6429097834784693, 'hidden_size': 42, 'dropout': 0.14151231277151047, 'hidden_continuous_size': 34, 'attention_head_size': 3, 'learning_rate': 0.007822294393987954}. Best is trial 32 with value: 0.12092360109090805.
LOCAL_RANK: 0 - CUDA_VISIBLE_DEVICES: [0]
[I 2023-12-15 13:19:18,859] Trial 34 finished with value: 0.430795818567276 and parameters: {'gradient_clip_val': 0.7426548002176458, 'hidden_size': 50, 'dropout': 0.11924755137980941, 'hidden_continuous_size': 41, 'attention_head_size': 2, 'learning_rate': 0.006942743403492352}. Best is trial 32 with value: 0.12092360109090805.
LOCAL_RANK: 0 - CUDA_VISIBLE_DEVICES: [0]
[I 2023-12-15 13:20:11,991] Trial 35 finished with value: 3.209543228149414 and parameters: {'gradient_clip_val': 0.8541227001701697, 'hidden_size': 37, 'dropout': 0.14128278350295387, 'hidden_continuous_size': 26, 'attention_head_size': 3, 'learning_rate': 0.002428184763789171}. Best is trial 32 with value: 0.12092360109090805.
LOCAL_RANK: 0 - CUDA_VISIBLE_DEVICES: [0]
[I 2023-12-15 13:21:05,305] Trial 36 finished with value: 2.6794650554656982 and parameters: {'gradient_clip_val': 0.6783896209497683, 'hidden_size': 48, 'dropout': 0.164829568166187, 'hidden_continuous_size': 39, 'attention_head_size': 1, 'learning_rate': 0.0033224806799694675}. Best is trial 32 with value: 0.12092360109090805.
LOCAL_RANK: 0 - CUDA_VISIBLE_DEVICES: [0]
[I 2023-12-15 13:21:59,468] Trial 37 finished with value: 1.9148588180541992 and parameters: {'gradient_clip_val': 0.7563698080962125, 'hidden_size': 63, 'dropout': 0.12988973962803696, 'hidden_continuous_size': 45, 'attention_head_size': 2, 'learning_rate': 0.0019207265727925326}. Best is trial 32 with value: 0.12092360109090805.
LOCAL_RANK: 0 - CUDA_VISIBLE_DEVICES: [0]
[I 2023-12-15 13:22:52,066] Trial 38 finished with value: 2.281172037124634 and parameters: {'gradient_clip_val': 0.9330772208379723, 'hidden_size': 35, 'dropout': 0.100758854675645, 'hidden_continuous_size': 30, 'attention_head_size': 1, 'learning_rate': 0.014585430376209319}. Best is trial 32 with value: 0.12092360109090805.
LOCAL_RANK: 0 - CUDA_VISIBLE_DEVICES: [0]
[I 2023-12-15 13:23:49,552] Trial 39 finished with value: 1.202641487121582 and parameters: {'gradient_clip_val': 0.8178258559624668, 'hidden_size': 85, 'dropout': 0.19719448986343346, 'hidden_continuous_size': 73, 'attention_head_size': 3, 'learning_rate': 0.007773308253992202}. Best is trial 32 with value: 0.12092360109090805.
LOCAL_RANK: 0 - CUDA_VISIBLE_DEVICES: [0]
[I 2023-12-15 13:24:39,713] Trial 40 finished with value: 1.8664745092391968 and parameters: {'gradient_clip_val': 0.8786975907920775, 'hidden_size': 26, 'dropout': 0.14290704345178518, 'hidden_continuous_size': 22, 'attention_head_size': 2, 'learning_rate': 0.0011885149241384295}. Best is trial 32 with value: 0.12092360109090805.
LOCAL_RANK: 0 - CUDA_VISIBLE_DEVICES: [0]
[I 2023-12-15 13:25:33,189] Trial 41 finished with value: 2.4205679893493652 and parameters: {'gradient_clip_val': 0.654387104207406, 'hidden_size': 50, 'dropout': 0.1144560920901822, 'hidden_continuous_size': 41, 'attention_head_size': 2, 'learning_rate': 0.005470415039752615}. Best is trial 32 with value: 0.12092360109090805.
LOCAL_RANK: 0 - CUDA_VISIBLE_DEVICES: [0]
[I 2023-12-15 13:26:26,521] Trial 42 finished with value: 2.4048423767089844 and parameters: {'gradient_clip_val': 0.7789317725554739, 'hidden_size': 47, 'dropout': 0.12362126637712448, 'hidden_continuous_size': 33, 'attention_head_size': 2, 'learning_rate': 0.007255289598022361}. Best is trial 32 with value: 0.12092360109090805.
LOCAL_RANK: 0 - CUDA_VISIBLE_DEVICES: [0]
[I 2023-12-15 13:27:20,767] Trial 43 finished with value: 0.3463329076766968 and parameters: {'gradient_clip_val': 0.744146334307165, 'hidden_size': 60, 'dropout': 0.15301945448989407, 'hidden_continuous_size': 39, 'attention_head_size': 2, 'learning_rate': 0.008619795467044241}. Best is trial 32 with value: 0.12092360109090805.
LOCAL_RANK: 0 - CUDA_VISIBLE_DEVICES: [0]
[I 2023-12-15 13:28:14,186] Trial 44 finished with value: 1.6995506286621094 and parameters: {'gradient_clip_val': 0.8938390195195522, 'hidden_size': 64, 'dropout': 0.18121302083835697, 'hidden_continuous_size': 26, 'attention_head_size': 3, 'learning_rate': 0.013693791877476082}. Best is trial 32 with value: 0.12092360109090805.
LOCAL_RANK: 0 - CUDA_VISIBLE_DEVICES: [0]
[I 2023-12-15 13:29:10,457] Trial 45 finished with value: 1.9265918731689453 and parameters: {'gradient_clip_val': 0.7075341324318, 'hidden_size': 84, 'dropout': 0.1573642594837121, 'hidden_continuous_size': 66, 'attention_head_size': 2, 'learning_rate': 0.008979086430493357}. Best is trial 32 with value: 0.12092360109090805.
LOCAL_RANK: 0 - CUDA_VISIBLE_DEVICES: [0]
[I 2023-12-15 13:30:05,027] Trial 46 finished with value: 1.7678594589233398 and parameters: {'gradient_clip_val': 0.519494083091781, 'hidden_size': 60, 'dropout': 0.1516446116049035, 'hidden_continuous_size': 53, 'attention_head_size': 1, 'learning_rate': 0.0036948205014565843}. Best is trial 32 with value: 0.12092360109090805.
LOCAL_RANK: 0 - CUDA_VISIBLE_DEVICES: [0]
[I 2023-12-15 13:31:02,231] Trial 47 finished with value: 1.4299982786178589 and parameters: {'gradient_clip_val': 0.7928659880176328, 'hidden_size': 89, 'dropout': 0.17159186308277272, 'hidden_continuous_size': 84, 'attention_head_size': 2, 'learning_rate': 0.012324299267171119}. Best is trial 32 with value: 0.12092360109090805.
LOCAL_RANK: 0 - CUDA_VISIBLE_DEVICES: [0]
[I 2023-12-15 13:31:57,985] Trial 48 finished with value: 0.2921734154224396 and parameters: {'gradient_clip_val': 0.9084092749976057, 'hidden_size': 70, 'dropout': 0.13729436957951005, 'hidden_continuous_size': 58, 'attention_head_size': 4, 'learning_rate': 0.0053676411380343065}. Best is trial 32 with value: 0.12092360109090805.
LOCAL_RANK: 0 - CUDA_VISIBLE_DEVICES: [0]
[I 2023-12-15 13:32:52,796] Trial 49 finished with value: 0.7985076904296875 and parameters: {'gradient_clip_val': 0.6434392240996235, 'hidden_size': 58, 'dropout': 0.1342200826697373, 'hidden_continuous_size': 46, 'attention_head_size': 4, 'learning_rate': 0.018582745812639263}. Best is trial 32 with value: 0.12092360109090805.
[I 2023-12-15 13:32:52,890] A new study created in memory with name: no-name-d373ccaa-fbad-4c4d-bfe2-b5dc1401421f
/home/le004/conda/anaconda3/envs/tsff_env/lib/python3.9/site-packages/lightning/fabric/plugins/environments/slurm.py:191: The `srun` command is available on your system but is not used. HINT: If your intention is to run Lightning on SLURM, prepend your python command with `srun` like so: srun python /home/le004/master_thesis/git/TSFusionForecast/code/ ...
LOCAL_RANK: 0 - CUDA_VISIBLE_DEVICES: [0]
[I 2023-12-15 13:33:38,226] Trial 0 finished with value: 0.32956716418266296 and parameters: {'gradient_clip_val': 0.30129861420558707, 'hidden_size': 11, 'dropout': 0.3060269242452247, 'hidden_continuous_size': 7, 'attention_head_size': 1, 'learning_rate': 0.05995113305844698}. Best is trial 0 with value: 0.32956716418266296.
LOCAL_RANK: 0 - CUDA_VISIBLE_DEVICES: [0]
[I 2023-12-15 13:34:23,130] Trial 1 finished with value: 1.0854716300964355 and parameters: {'gradient_clip_val': 0.22382441639254924, 'hidden_size': 12, 'dropout': 0.30533232346262695, 'hidden_continuous_size': 7, 'attention_head_size': 1, 'learning_rate': 0.037132666458490844}. Best is trial 0 with value: 0.32956716418266296.
LOCAL_RANK: 0 - CUDA_VISIBLE_DEVICES: [0]
[I 2023-12-15 13:35:09,073] Trial 2 finished with value: 0.4838242530822754 and parameters: {'gradient_clip_val': 0.5438451953439902, 'hidden_size': 14, 'dropout': 0.1304396083242917, 'hidden_continuous_size': 10, 'attention_head_size': 1, 'learning_rate': 0.003907364782291226}. Best is trial 0 with value: 0.32956716418266296.
LOCAL_RANK: 0 - CUDA_VISIBLE_DEVICES: [0]
[I 2023-12-15 13:35:55,132] Trial 3 finished with value: 2.264914035797119 and parameters: {'gradient_clip_val': 0.1682771934803709, 'hidden_size': 10, 'dropout': 0.3809971612819526, 'hidden_continuous_size': 5, 'attention_head_size': 4, 'learning_rate': 0.0012242699408121908}. Best is trial 0 with value: 0.32956716418266296.
LOCAL_RANK: 0 - CUDA_VISIBLE_DEVICES: [0]
[I 2023-12-15 13:36:41,448] Trial 4 finished with value: 3.897719383239746 and parameters: {'gradient_clip_val': 0.17432975586406368, 'hidden_size': 16, 'dropout': 0.17674173354845354, 'hidden_continuous_size': 10, 'attention_head_size': 4, 'learning_rate': 0.018539150784324755}. Best is trial 0 with value: 0.32956716418266296.
LOCAL_RANK: 0 - CUDA_VISIBLE_DEVICES: [0]
[I 2023-12-15 13:37:34,196] Trial 5 finished with value: 0.27971673011779785 and parameters: {'gradient_clip_val': 0.3976486330421711, 'hidden_size': 53, 'dropout': 0.3939053309249656, 'hidden_continuous_size': 9, 'attention_head_size': 2, 'learning_rate': 0.010126756017858701}. Best is trial 5 with value: 0.27971673011779785.
LOCAL_RANK: 0 - CUDA_VISIBLE_DEVICES: [0]
[I 2023-12-15 13:38:19,913] Trial 6 finished with value: 1.513099193572998 and parameters: {'gradient_clip_val': 0.10568161756646693, 'hidden_size': 13, 'dropout': 0.29436282324352603, 'hidden_continuous_size': 6, 'attention_head_size': 2, 'learning_rate': 0.030813513971832893}. Best is trial 5 with value: 0.27971673011779785.
LOCAL_RANK: 0 - CUDA_VISIBLE_DEVICES: [0]
[I 2023-12-15 13:39:14,301] Trial 7 finished with value: 1.1384977102279663 and parameters: {'gradient_clip_val': 0.14655793414639415, 'hidden_size': 95, 'dropout': 0.26774785022309605, 'hidden_continuous_size': 22, 'attention_head_size': 1, 'learning_rate': 0.016265528774346852}. Best is trial 5 with value: 0.27971673011779785.
LOCAL_RANK: 0 - CUDA_VISIBLE_DEVICES: [0]
[I 2023-12-15 13:40:08,060] Trial 8 finished with value: 2.533879280090332 and parameters: {'gradient_clip_val': 0.14213736365133947, 'hidden_size': 43, 'dropout': 0.17961176563696896, 'hidden_continuous_size': 28, 'attention_head_size': 4, 'learning_rate': 0.0005913474632426127}. Best is trial 5 with value: 0.27971673011779785.
LOCAL_RANK: 0 - CUDA_VISIBLE_DEVICES: [0]
[I 2023-12-15 13:41:04,019] Trial 9 finished with value: 0.29114267230033875 and parameters: {'gradient_clip_val': 0.15320248912551362, 'hidden_size': 77, 'dropout': 0.3264317382316042, 'hidden_continuous_size': 38, 'attention_head_size': 4, 'learning_rate': 0.015419080161786185}. Best is trial 5 with value: 0.27971673011779785.
LOCAL_RANK: 0 - CUDA_VISIBLE_DEVICES: [0]
[I 2023-12-15 13:41:41,410] Trial 10 finished with value: 1.4363809823989868 and parameters: {'gradient_clip_val': 0.8941727677255699, 'hidden_size': 5, 'dropout': 0.399261917837455, 'hidden_continuous_size': 5, 'attention_head_size': 3, 'learning_rate': 0.005436061206631124}. Best is trial 5 with value: 0.27971673011779785.
LOCAL_RANK: 0 - CUDA_VISIBLE_DEVICES: [0]
[I 2023-12-15 13:42:36,244] Trial 11 finished with value: 3.2367303371429443 and parameters: {'gradient_clip_val': 0.37666671466986357, 'hidden_size': 59, 'dropout': 0.3524793168561718, 'hidden_continuous_size': 55, 'attention_head_size': 3, 'learning_rate': 0.010492510261936702}. Best is trial 5 with value: 0.27971673011779785.
LOCAL_RANK: 0 - CUDA_VISIBLE_DEVICES: [0]
[I 2023-12-15 13:43:28,232] Trial 12 finished with value: 0.8071630597114563 and parameters: {'gradient_clip_val': 0.2867695326469296, 'hidden_size': 39, 'dropout': 0.3425397009213563, 'hidden_continuous_size': 15, 'attention_head_size': 2, 'learning_rate': 0.0070548220434925694}. Best is trial 5 with value: 0.27971673011779785.
LOCAL_RANK: 0 - CUDA_VISIBLE_DEVICES: [0]
[I 2023-12-15 13:44:24,253] Trial 13 finished with value: 0.5870682597160339 and parameters: {'gradient_clip_val': 0.42234658246535095, 'hidden_size': 91, 'dropout': 0.35516484635544143, 'hidden_continuous_size': 42, 'attention_head_size': 3, 'learning_rate': 0.07368624504464609}. Best is trial 5 with value: 0.27971673011779785.
LOCAL_RANK: 0 - CUDA_VISIBLE_DEVICES: [0]
[I 2023-12-15 13:45:13,396] Trial 14 finished with value: 1.5403399467468262 and parameters: {'gradient_clip_val': 0.24254303512224556, 'hidden_size': 29, 'dropout': 0.39820909940864635, 'hidden_continuous_size': 12, 'attention_head_size': 2, 'learning_rate': 0.003046754411823411}. Best is trial 5 with value: 0.27971673011779785.
LOCAL_RANK: 0 - CUDA_VISIBLE_DEVICES: [0]
[I 2023-12-15 13:46:07,555] Trial 15 finished with value: 1.4820412397384644 and parameters: {'gradient_clip_val': 0.5175132138445468, 'hidden_size': 67, 'dropout': 0.33179431500434364, 'hidden_continuous_size': 31, 'attention_head_size': 3, 'learning_rate': 0.012165149192309736}. Best is trial 5 with value: 0.27971673011779785.
LOCAL_RANK: 0 - CUDA_VISIBLE_DEVICES: [0]
[I 2023-12-15 13:47:00,425] Trial 16 finished with value: 1.880483627319336 and parameters: {'gradient_clip_val': 0.10617963459539054, 'hidden_size': 60, 'dropout': 0.2534345905332978, 'hidden_continuous_size': 20, 'attention_head_size': 2, 'learning_rate': 0.025960475666109106}. Best is trial 5 with value: 0.27971673011779785.
LOCAL_RANK: 0 - CUDA_VISIBLE_DEVICES: [0]
[I 2023-12-15 13:47:50,498] Trial 17 finished with value: 1.0124969482421875 and parameters: {'gradient_clip_val': 0.2208279720941163, 'hidden_size': 26, 'dropout': 0.3262662497007025, 'hidden_continuous_size': 13, 'attention_head_size': 4, 'learning_rate': 0.011472843563579822}. Best is trial 5 with value: 0.27971673011779785.
LOCAL_RANK: 0 - CUDA_VISIBLE_DEVICES: [0]
[I 2023-12-15 13:48:43,109] Trial 18 finished with value: 2.555375337600708 and parameters: {'gradient_clip_val': 0.37917045509945496, 'hidden_size': 42, 'dropout': 0.3717798511390341, 'hidden_continuous_size': 17, 'attention_head_size': 3, 'learning_rate': 0.09342887957165344}. Best is trial 5 with value: 0.27971673011779785.
LOCAL_RANK: 0 - CUDA_VISIBLE_DEVICES: [0]
[I 2023-12-15 13:49:39,798] Trial 19 finished with value: 2.350205421447754 and parameters: {'gradient_clip_val': 0.26331330796760255, 'hidden_size': 99, 'dropout': 0.3687352435685871, 'hidden_continuous_size': 53, 'attention_head_size': 2, 'learning_rate': 0.006976956040105974}. Best is trial 5 with value: 0.27971673011779785.
LOCAL_RANK: 0 - CUDA_VISIBLE_DEVICES: [0]
[I 2023-12-15 13:50:35,420] Trial 20 finished with value: 0.899308979511261 and parameters: {'gradient_clip_val': 0.18965483201551733, 'hidden_size': 71, 'dropout': 0.2766717346113975, 'hidden_continuous_size': 35, 'attention_head_size': 4, 'learning_rate': 0.04629224274919255}. Best is trial 5 with value: 0.27971673011779785.
LOCAL_RANK: 0 - CUDA_VISIBLE_DEVICES: [0]
[I 2023-12-15 13:51:23,343] Trial 21 finished with value: 2.0311615467071533 and parameters: {'gradient_clip_val': 0.32526761554842903, 'hidden_size': 21, 'dropout': 0.31056225464653425, 'hidden_continuous_size': 8, 'attention_head_size': 1, 'learning_rate': 0.05271991910455058}. Best is trial 5 with value: 0.27971673011779785.
LOCAL_RANK: 0 - CUDA_VISIBLE_DEVICES: [0]
[I 2023-12-15 13:52:14,672] Trial 22 finished with value: 5.7621941566467285 and parameters: {'gradient_clip_val': 0.306762009745036, 'hidden_size': 48, 'dropout': 0.3266319472913228, 'hidden_continuous_size': 8, 'attention_head_size': 1, 'learning_rate': 0.021096173582038056}. Best is trial 5 with value: 0.27971673011779785.
LOCAL_RANK: 0 - CUDA_VISIBLE_DEVICES: [0]
[I 2023-12-15 13:53:04,618] Trial 23 finished with value: 0.6939806938171387 and parameters: {'gradient_clip_val': 0.20748627746058596, 'hidden_size': 35, 'dropout': 0.2872261399063639, 'hidden_continuous_size': 10, 'attention_head_size': 2, 'learning_rate': 0.058199276563069856}. Best is trial 5 with value: 0.27971673011779785.
LOCAL_RANK: 0 - CUDA_VISIBLE_DEVICES: [0]
[I 2023-12-15 13:53:55,564] Trial 24 finished with value: 1.5753110647201538 and parameters: {'gradient_clip_val': 0.2502890173931822, 'hidden_size': 52, 'dropout': 0.3139535841260132, 'hidden_continuous_size': 6, 'attention_head_size': 1, 'learning_rate': 0.09898296969403171}. Best is trial 5 with value: 0.27971673011779785.
LOCAL_RANK: 0 - CUDA_VISIBLE_DEVICES: [0]
[I 2023-12-15 13:54:49,721] Trial 25 finished with value: 3.2815310955047607 and parameters: {'gradient_clip_val': 0.32874481925233134, 'hidden_size': 77, 'dropout': 0.35232920645845117, 'hidden_continuous_size': 26, 'attention_head_size': 2, 'learning_rate': 0.03167557930917473}. Best is trial 5 with value: 0.27971673011779785.
LOCAL_RANK: 0 - CUDA_VISIBLE_DEVICES: [0]
[I 2023-12-15 13:55:45,945] Trial 26 finished with value: 1.3975653648376465 and parameters: {'gradient_clip_val': 0.47325070052696916, 'hidden_size': 76, 'dropout': 0.2371535051603666, 'hidden_continuous_size': 69, 'attention_head_size': 3, 'learning_rate': 0.04168033449692543}. Best is trial 5 with value: 0.27971673011779785.
LOCAL_RANK: 0 - CUDA_VISIBLE_DEVICES: [0]
