[I 2023-12-16 04:29:24,458] Trial 29 finished with value: 1861.7777099609375 and parameters: {'gradient_clip_val': 0.26531389855740956, 'hidden_size': 32, 'dropout': 0.2705087333519598, 'hidden_continuous_size': 9, 'attention_head_size': 3, 'learning_rate': 0.03802114121315323}. Best is trial 23 with value: 527.491455078125.
LOCAL_RANK: 0 - CUDA_VISIBLE_DEVICES: [0]
[I 2023-12-16 04:30:13,613] Trial 30 finished with value: 599.7877807617188 and parameters: {'gradient_clip_val': 0.3088927457911986, 'hidden_size': 22, 'dropout': 0.32626865590189347, 'hidden_continuous_size': 11, 'attention_head_size': 2, 'learning_rate': 0.018929710547652683}. Best is trial 23 with value: 527.491455078125.
LOCAL_RANK: 0 - CUDA_VISIBLE_DEVICES: [0]
[I 2023-12-16 04:31:01,160] Trial 31 finished with value: 1691.43408203125 and parameters: {'gradient_clip_val': 0.32598430346482266, 'hidden_size': 20, 'dropout': 0.32241890561178443, 'hidden_continuous_size': 11, 'attention_head_size': 2, 'learning_rate': 0.021865780998815816}. Best is trial 23 with value: 527.491455078125.
LOCAL_RANK: 0 - CUDA_VISIBLE_DEVICES: [0]
[I 2023-12-16 04:31:48,633] Trial 32 finished with value: 1149.4173583984375 and parameters: {'gradient_clip_val': 0.2852726697343029, 'hidden_size': 28, 'dropout': 0.3081457012473123, 'hidden_continuous_size': 10, 'attention_head_size': 1, 'learning_rate': 0.039667428722512874}. Best is trial 23 with value: 527.491455078125.
LOCAL_RANK: 0 - CUDA_VISIBLE_DEVICES: [0]
[I 2023-12-16 04:32:37,175] Trial 33 finished with value: 2115.474853515625 and parameters: {'gradient_clip_val': 0.24877626556131877, 'hidden_size': 22, 'dropout': 0.3383179695801212, 'hidden_continuous_size': 9, 'attention_head_size': 2, 'learning_rate': 0.01821383747484151}. Best is trial 23 with value: 527.491455078125.
LOCAL_RANK: 0 - CUDA_VISIBLE_DEVICES: [0]
[I 2023-12-16 04:33:27,768] Trial 34 finished with value: 1739.7769775390625 and parameters: {'gradient_clip_val': 0.3594251317276394, 'hidden_size': 35, 'dropout': 0.36057168065108736, 'hidden_continuous_size': 13, 'attention_head_size': 2, 'learning_rate': 0.025554949717356824}. Best is trial 23 with value: 527.491455078125.
LOCAL_RANK: 0 - CUDA_VISIBLE_DEVICES: [0]
[I 2023-12-16 04:34:17,009] Trial 35 finished with value: 462.6558532714844 and parameters: {'gradient_clip_val': 0.31709362701721533, 'hidden_size': 22, 'dropout': 0.28714961232199865, 'hidden_continuous_size': 11, 'attention_head_size': 3, 'learning_rate': 0.015041023937617474}. Best is trial 35 with value: 462.6558532714844.
LOCAL_RANK: 0 - CUDA_VISIBLE_DEVICES: [0]
[I 2023-12-16 04:35:04,217] Trial 36 finished with value: 697.4343872070312 and parameters: {'gradient_clip_val': 0.31760669125191293, 'hidden_size': 19, 'dropout': 0.2931308832027107, 'hidden_continuous_size': 8, 'attention_head_size': 1, 'learning_rate': 0.014525607433547718}. Best is trial 35 with value: 462.6558532714844.
LOCAL_RANK: 0 - CUDA_VISIBLE_DEVICES: [0]
[I 2023-12-16 04:35:53,879] Trial 37 finished with value: 1910.9345703125 and parameters: {'gradient_clip_val': 0.3573750314958452, 'hidden_size': 23, 'dropout': 0.39803319775576174, 'hidden_continuous_size': 12, 'attention_head_size': 4, 'learning_rate': 0.010580145064018583}. Best is trial 35 with value: 462.6558532714844.
LOCAL_RANK: 0 - CUDA_VISIBLE_DEVICES: [0]
[I 2023-12-16 04:36:41,366] Trial 38 finished with value: 2078.4697265625 and parameters: {'gradient_clip_val': 0.48116161381817335, 'hidden_size': 18, 'dropout': 0.3291191489557903, 'hidden_continuous_size': 8, 'attention_head_size': 2, 'learning_rate': 0.027414448695498028}. Best is trial 35 with value: 462.6558532714844.
LOCAL_RANK: 0 - CUDA_VISIBLE_DEVICES: [0]
[I 2023-12-16 04:37:27,708] Trial 39 finished with value: 694.5233764648438 and parameters: {'gradient_clip_val': 0.3174440559287219, 'hidden_size': 16, 'dropout': 0.35232948020605676, 'hidden_continuous_size': 10, 'attention_head_size': 4, 'learning_rate': 0.017710866760948983}. Best is trial 35 with value: 462.6558532714844.
LOCAL_RANK: 0 - CUDA_VISIBLE_DEVICES: [0]
[I 2023-12-16 04:38:20,703] Trial 40 finished with value: 1655.6427001953125 and parameters: {'gradient_clip_val': 0.23943211963493347, 'hidden_size': 43, 'dropout': 0.3012291098216968, 'hidden_continuous_size': 15, 'attention_head_size': 3, 'learning_rate': 0.0664526564503431}. Best is trial 35 with value: 462.6558532714844.
LOCAL_RANK: 0 - CUDA_VISIBLE_DEVICES: [0]
[I 2023-12-16 04:39:06,719] Trial 41 finished with value: 2088.176025390625 and parameters: {'gradient_clip_val': 0.32348162915990886, 'hidden_size': 16, 'dropout': 0.35513409966249526, 'hidden_continuous_size': 10, 'attention_head_size': 4, 'learning_rate': 0.016686676217267923}. Best is trial 35 with value: 462.6558532714844.
LOCAL_RANK: 0 - CUDA_VISIBLE_DEVICES: [0]
[I 2023-12-16 04:39:55,284] Trial 42 finished with value: 1648.4554443359375 and parameters: {'gradient_clip_val': 0.2994290584479086, 'hidden_size': 24, 'dropout': 0.31666847284514926, 'hidden_continuous_size': 12, 'attention_head_size': 4, 'learning_rate': 0.011344480017943201}. Best is trial 35 with value: 462.6558532714844.
LOCAL_RANK: 0 - CUDA_VISIBLE_DEVICES: [0]
[I 2023-12-16 04:40:42,277] Trial 43 finished with value: 3198.260986328125 and parameters: {'gradient_clip_val': 0.3672375492151572, 'hidden_size': 15, 'dropout': 0.33938654627350334, 'hidden_continuous_size': 8, 'attention_head_size': 4, 'learning_rate': 0.021636154521033478}. Best is trial 35 with value: 462.6558532714844.
LOCAL_RANK: 0 - CUDA_VISIBLE_DEVICES: [0]
[I 2023-12-16 04:41:30,675] Trial 44 finished with value: 1229.3997802734375 and parameters: {'gradient_clip_val': 0.28395496265957826, 'hidden_size': 20, 'dropout': 0.2932245839606131, 'hidden_continuous_size': 11, 'attention_head_size': 4, 'learning_rate': 0.030956642658962728}. Best is trial 35 with value: 462.6558532714844.
LOCAL_RANK: 0 - CUDA_VISIBLE_DEVICES: [0]
[I 2023-12-16 04:42:20,650] Trial 45 finished with value: 1838.6514892578125 and parameters: {'gradient_clip_val': 0.33184779114728824, 'hidden_size': 25, 'dropout': 0.25851254576348776, 'hidden_continuous_size': 13, 'attention_head_size': 4, 'learning_rate': 0.016605205815530714}. Best is trial 35 with value: 462.6558532714844.
LOCAL_RANK: 0 - CUDA_VISIBLE_DEVICES: [0]
[I 2023-12-16 04:43:10,676] Trial 46 finished with value: 990.5342407226562 and parameters: {'gradient_clip_val': 0.22824101555259743, 'hidden_size': 29, 'dropout': 0.2836419106797388, 'hidden_continuous_size': 12, 'attention_head_size': 4, 'learning_rate': 0.005676054314166307}. Best is trial 35 with value: 462.6558532714844.
LOCAL_RANK: 0 - CUDA_VISIBLE_DEVICES: [0]
[I 2023-12-16 04:43:57,136] Trial 47 finished with value: 2145.008056640625 and parameters: {'gradient_clip_val': 0.40456845119296253, 'hidden_size': 17, 'dropout': 0.3073000918144179, 'hidden_continuous_size': 7, 'attention_head_size': 2, 'learning_rate': 0.020533202604837784}. Best is trial 35 with value: 462.6558532714844.
LOCAL_RANK: 0 - CUDA_VISIBLE_DEVICES: [0]
[I 2023-12-16 04:44:46,265] Trial 48 finished with value: 2206.963623046875 and parameters: {'gradient_clip_val': 0.2802684625431916, 'hidden_size': 21, 'dropout': 0.23405871872368575, 'hidden_continuous_size': 9, 'attention_head_size': 3, 'learning_rate': 0.08181163951819875}. Best is trial 35 with value: 462.6558532714844.
LOCAL_RANK: 0 - CUDA_VISIBLE_DEVICES: [0]
[I 2023-12-16 04:45:33,235] Trial 49 finished with value: 2412.6865234375 and parameters: {'gradient_clip_val': 0.4402913223145412, 'hidden_size': 15, 'dropout': 0.24986521657943347, 'hidden_continuous_size': 10, 'attention_head_size': 4, 'learning_rate': 0.05209660186895575}. Best is trial 35 with value: 462.6558532714844.
[I 2023-12-16 04:45:33,328] A new study created in memory with name: no-name-df3df4df-93d3-4ba1-9752-5a308d37fd26
/home/le004/conda/anaconda3/envs/tsff_env/lib/python3.9/site-packages/lightning/fabric/plugins/environments/slurm.py:191: The `srun` command is available on your system but is not used. HINT: If your intention is to run Lightning on SLURM, prepend your python command with `srun` like so: srun python /home/le004/master_thesis/git/TSFusionForecast/code/ ...
LOCAL_RANK: 0 - CUDA_VISIBLE_DEVICES: [0]
[I 2023-12-16 04:46:27,450] Trial 0 finished with value: 352.68359375 and parameters: {'gradient_clip_val': 0.12236572085199353, 'hidden_size': 74, 'dropout': 0.3394672809830067, 'hidden_continuous_size': 15, 'attention_head_size': 3, 'learning_rate': 0.02615990458084583}. Best is trial 0 with value: 352.68359375.
LOCAL_RANK: 0 - CUDA_VISIBLE_DEVICES: [0]
[I 2023-12-16 04:47:16,508] Trial 1 finished with value: 319.4314270019531 and parameters: {'gradient_clip_val': 0.11403654449012145, 'hidden_size': 29, 'dropout': 0.37218788529405433, 'hidden_continuous_size': 15, 'attention_head_size': 2, 'learning_rate': 0.027234034060231362}. Best is trial 1 with value: 319.4314270019531.
LOCAL_RANK: 0 - CUDA_VISIBLE_DEVICES: [0]
[I 2023-12-16 04:48:03,330] Trial 2 finished with value: 209.57850646972656 and parameters: {'gradient_clip_val': 0.3920318053565752, 'hidden_size': 10, 'dropout': 0.3872255999883042, 'hidden_continuous_size': 9, 'attention_head_size': 4, 'learning_rate': 0.06763653510096673}. Best is trial 2 with value: 209.57850646972656.
LOCAL_RANK: 0 - CUDA_VISIBLE_DEVICES: [0]
[I 2023-12-16 04:48:48,543] Trial 3 finished with value: 193.6900634765625 and parameters: {'gradient_clip_val': 0.5105652098402504, 'hidden_size': 8, 'dropout': 0.15037442811400456, 'hidden_continuous_size': 7, 'attention_head_size': 4, 'learning_rate': 0.004728992782484115}. Best is trial 3 with value: 193.6900634765625.
LOCAL_RANK: 0 - CUDA_VISIBLE_DEVICES: [0]
[I 2023-12-16 04:49:41,172] Trial 4 finished with value: 275.6242370605469 and parameters: {'gradient_clip_val': 0.9532581496234005, 'hidden_size': 55, 'dropout': 0.1817485513505796, 'hidden_continuous_size': 8, 'attention_head_size': 2, 'learning_rate': 0.07333532182720102}. Best is trial 3 with value: 193.6900634765625.
LOCAL_RANK: 0 - CUDA_VISIBLE_DEVICES: [0]
[I 2023-12-16 04:50:34,058] Trial 5 finished with value: 270.6727600097656 and parameters: {'gradient_clip_val': 0.4269280758539462, 'hidden_size': 54, 'dropout': 0.14469562809043662, 'hidden_continuous_size': 17, 'attention_head_size': 1, 'learning_rate': 0.002839903192148636}. Best is trial 3 with value: 193.6900634765625.
LOCAL_RANK: 0 - CUDA_VISIBLE_DEVICES: [0]
[I 2023-12-16 04:51:20,246] Trial 6 finished with value: 172.1995391845703 and parameters: {'gradient_clip_val': 0.16064647017354194, 'hidden_size': 15, 'dropout': 0.3100175543342534, 'hidden_continuous_size': 5, 'attention_head_size': 4, 'learning_rate': 0.002256588674029708}. Best is trial 6 with value: 172.1995391845703.
LOCAL_RANK: 0 - CUDA_VISIBLE_DEVICES: [0]
[I 2023-12-16 04:52:09,238] Trial 7 finished with value: 251.3786163330078 and parameters: {'gradient_clip_val': 0.12885738691979357, 'hidden_size': 19, 'dropout': 0.28424626465826186, 'hidden_continuous_size': 10, 'attention_head_size': 4, 'learning_rate': 0.003995259427936398}. Best is trial 6 with value: 172.1995391845703.
LOCAL_RANK: 0 - CUDA_VISIBLE_DEVICES: [0]
[I 2023-12-16 04:53:02,930] Trial 8 finished with value: 208.1374053955078 and parameters: {'gradient_clip_val': 0.3335118893566729, 'hidden_size': 67, 'dropout': 0.21605979129679048, 'hidden_continuous_size': 11, 'attention_head_size': 4, 'learning_rate': 0.0007299721676172563}. Best is trial 6 with value: 172.1995391845703.
LOCAL_RANK: 0 - CUDA_VISIBLE_DEVICES: [0]
[I 2023-12-16 04:53:49,486] Trial 9 finished with value: 255.1573944091797 and parameters: {'gradient_clip_val': 0.11085156727304292, 'hidden_size': 14, 'dropout': 0.23020512179273428, 'hidden_continuous_size': 6, 'attention_head_size': 4, 'learning_rate': 0.014024203701067077}. Best is trial 6 with value: 172.1995391845703.
LOCAL_RANK: 0 - CUDA_VISIBLE_DEVICES: [0]
[I 2023-12-16 04:54:24,287] Trial 10 finished with value: 323.4142150878906 and parameters: {'gradient_clip_val': 0.20005805436732826, 'hidden_size': 5, 'dropout': 0.28559743868183585, 'hidden_continuous_size': 5, 'attention_head_size': 3, 'learning_rate': 0.0012195389540459627}. Best is trial 6 with value: 172.1995391845703.
LOCAL_RANK: 0 - CUDA_VISIBLE_DEVICES: [0]
[I 2023-12-16 04:55:08,661] Trial 11 finished with value: 348.3643493652344 and parameters: {'gradient_clip_val': 0.23573571823022751, 'hidden_size': 8, 'dropout': 0.10325710952172285, 'hidden_continuous_size': 5, 'attention_head_size': 3, 'learning_rate': 0.005126337523283613}. Best is trial 6 with value: 172.1995391845703.
LOCAL_RANK: 0 - CUDA_VISIBLE_DEVICES: [0]
[I 2023-12-16 04:55:43,783] Trial 12 finished with value: 266.4220886230469 and parameters: {'gradient_clip_val': 0.5543530447598519, 'hidden_size': 5, 'dropout': 0.2782982884561514, 'hidden_continuous_size': 5, 'attention_head_size': 4, 'learning_rate': 0.0021708475841494086}. Best is trial 6 with value: 172.1995391845703.
LOCAL_RANK: 0 - CUDA_VISIBLE_DEVICES: [0]
[I 2023-12-16 04:56:29,511] Trial 13 finished with value: 259.7095031738281 and parameters: {'gradient_clip_val': 0.20609764291640162, 'hidden_size': 11, 'dropout': 0.18694980493347854, 'hidden_continuous_size': 6, 'attention_head_size': 3, 'learning_rate': 0.007002655726321146}. Best is trial 6 with value: 172.1995391845703.
LOCAL_RANK: 0 - CUDA_VISIBLE_DEVICES: [0]
[I 2023-12-16 04:57:16,597] Trial 14 finished with value: 204.28369140625 and parameters: {'gradient_clip_val': 0.5723171650925468, 'hidden_size': 24, 'dropout': 0.32932391367016645, 'hidden_continuous_size': 7, 'attention_head_size': 1, 'learning_rate': 0.0016135536009784556}. Best is trial 6 with value: 172.1995391845703.
LOCAL_RANK: 0 - CUDA_VISIBLE_DEVICES: [0]
[I 2023-12-16 04:58:02,685] Trial 15 finished with value: 430.9095458984375 and parameters: {'gradient_clip_val': 0.2800286612168231, 'hidden_size': 7, 'dropout': 0.2528554663983371, 'hidden_continuous_size': 5, 'attention_head_size': 4, 'learning_rate': 0.0005466346714739737}. Best is trial 6 with value: 172.1995391845703.
LOCAL_RANK: 0 - CUDA_VISIBLE_DEVICES: [0]
[I 2023-12-16 04:58:48,082] Trial 16 finished with value: 219.9954376220703 and parameters: {'gradient_clip_val': 0.17048679114678186, 'hidden_size': 14, 'dropout': 0.11613201862105624, 'hidden_continuous_size': 6, 'attention_head_size': 2, 'learning_rate': 0.003265155800324537}. Best is trial 6 with value: 172.1995391845703.
LOCAL_RANK: 0 - CUDA_VISIBLE_DEVICES: [0]
[I 2023-12-16 04:59:33,427] Trial 17 finished with value: 221.86366271972656 and parameters: {'gradient_clip_val': 0.15459477883402123, 'hidden_size': 7, 'dropout': 0.15965433228641135, 'hidden_continuous_size': 5, 'attention_head_size': 3, 'learning_rate': 0.009351758910997262}. Best is trial 6 with value: 172.1995391845703.
LOCAL_RANK: 0 - CUDA_VISIBLE_DEVICES: [0]
[I 2023-12-16 05:00:19,105] Trial 18 finished with value: 214.3692626953125 and parameters: {'gradient_clip_val': 0.26504848827735356, 'hidden_size': 16, 'dropout': 0.2077663707965467, 'hidden_continuous_size': 7, 'attention_head_size': 4, 'learning_rate': 0.0012950693742449471}. Best is trial 6 with value: 172.1995391845703.
LOCAL_RANK: 0 - CUDA_VISIBLE_DEVICES: [0]
[I 2023-12-16 05:01:04,633] Trial 19 finished with value: 238.7477569580078 and parameters: {'gradient_clip_val': 0.10080418992909011, 'hidden_size': 11, 'dropout': 0.1345584542181664, 'hidden_continuous_size': 6, 'attention_head_size': 3, 'learning_rate': 0.0047513664949393065}. Best is trial 6 with value: 172.1995391845703.
LOCAL_RANK: 0 - CUDA_VISIBLE_DEVICES: [0]
[I 2023-12-16 05:01:56,754] Trial 20 finished with value: 253.9170684814453 and parameters: {'gradient_clip_val': 0.1482232096588984, 'hidden_size': 27, 'dropout': 0.2540552328429092, 'hidden_continuous_size': 24, 'attention_head_size': 4, 'learning_rate': 0.002532173645778667}. Best is trial 6 with value: 172.1995391845703.
LOCAL_RANK: 0 - CUDA_VISIBLE_DEVICES: [0]
[I 2023-12-16 05:02:44,909] Trial 21 finished with value: 273.82855224609375 and parameters: {'gradient_clip_val': 0.5571913631009855, 'hidden_size': 23, 'dropout': 0.3240303497571062, 'hidden_continuous_size': 7, 'attention_head_size': 1, 'learning_rate': 0.0018452431271604908}. Best is trial 6 with value: 172.1995391845703.
LOCAL_RANK: 0 - CUDA_VISIBLE_DEVICES: [0]
[I 2023-12-16 05:03:33,716] Trial 22 finished with value: 278.5960388183594 and parameters: {'gradient_clip_val': 0.6299869739430521, 'hidden_size': 35, 'dropout': 0.3264075147162001, 'hidden_continuous_size': 8, 'attention_head_size': 1, 'learning_rate': 0.0015579700367141117}. Best is trial 6 with value: 172.1995391845703.
LOCAL_RANK: 0 - CUDA_VISIBLE_DEVICES: [0]
[I 2023-12-16 05:04:20,634] Trial 23 finished with value: 158.4303741455078 and parameters: {'gradient_clip_val': 0.3330034839235574, 'hidden_size': 20, 'dropout': 0.30380797430523554, 'hidden_continuous_size': 7, 'attention_head_size': 2, 'learning_rate': 0.0008596959879161973}. Best is trial 23 with value: 158.4303741455078.
LOCAL_RANK: 0 - CUDA_VISIBLE_DEVICES: [0]
[I 2023-12-16 05:05:06,741] Trial 24 finished with value: 187.2250518798828 and parameters: {'gradient_clip_val': 0.3361860629967728, 'hidden_size': 17, 'dropout': 0.2985597323083218, 'hidden_continuous_size': 6, 'attention_head_size': 2, 'learning_rate': 0.0009969893296878224}. Best is trial 23 with value: 158.4303741455078.
LOCAL_RANK: 0 - CUDA_VISIBLE_DEVICES: [0]
[I 2023-12-16 05:05:52,974] Trial 25 finished with value: 190.68199157714844 and parameters: {'gradient_clip_val': 0.3169237720423754, 'hidden_size': 18, 'dropout': 0.29614726783176576, 'hidden_continuous_size': 6, 'attention_head_size': 2, 'learning_rate': 0.0009862660429862777}. Best is trial 23 with value: 158.4303741455078.
LOCAL_RANK: 0 - CUDA_VISIBLE_DEVICES: [0]
[I 2023-12-16 05:06:40,031] Trial 26 finished with value: 179.69017028808594 and parameters: {'gradient_clip_val': 0.23518943204529832, 'hidden_size': 19, 'dropout': 0.34964811627127784, 'hidden_continuous_size': 6, 'attention_head_size': 2, 'learning_rate': 0.0009143818921818833}. Best is trial 23 with value: 158.4303741455078.
LOCAL_RANK: 0 - CUDA_VISIBLE_DEVICES: [0]
[I 2023-12-16 05:07:30,402] Trial 27 finished with value: 177.47607421875 and parameters: {'gradient_clip_val': 0.18878325601878235, 'hidden_size': 37, 'dropout': 0.3476409444822623, 'hidden_continuous_size': 11, 'attention_head_size': 2, 'learning_rate': 0.0005782624713678717}. Best is trial 23 with value: 158.4303741455078.
LOCAL_RANK: 0 - CUDA_VISIBLE_DEVICES: [0]
[I 2023-12-16 05:08:20,212] Trial 28 finished with value: 200.6802520751953 and parameters: {'gradient_clip_val': 0.1782711411513408, 'hidden_size': 34, 'dropout': 0.3599523810574357, 'hidden_continuous_size': 12, 'attention_head_size': 2, 'learning_rate': 0.0005898143085955074}. Best is trial 23 with value: 158.4303741455078.
LOCAL_RANK: 0 - CUDA_VISIBLE_DEVICES: [0]
[I 2023-12-16 05:09:11,673] Trial 29 finished with value: 154.15748596191406 and parameters: {'gradient_clip_val': 0.1419739511536244, 'hidden_size': 41, 'dropout': 0.39909672250534867, 'hidden_continuous_size': 10, 'attention_head_size': 2, 'learning_rate': 0.0005153819449710956}. Best is trial 29 with value: 154.15748596191406.
LOCAL_RANK: 0 - CUDA_VISIBLE_DEVICES: [0]
[I 2023-12-16 05:10:06,386] Trial 30 finished with value: 255.6414337158203 and parameters: {'gradient_clip_val': 0.12982261370107268, 'hidden_size': 98, 'dropout': 0.3980399618328032, 'hidden_continuous_size': 20, 'attention_head_size': 1, 'learning_rate': 0.000726024872718511}. Best is trial 29 with value: 154.15748596191406.
LOCAL_RANK: 0 - CUDA_VISIBLE_DEVICES: [0]
[I 2023-12-16 05:10:57,994] Trial 31 finished with value: 151.61961364746094 and parameters: {'gradient_clip_val': 0.13658422947338458, 'hidden_size': 39, 'dropout': 0.359348558068762, 'hidden_continuous_size': 13, 'attention_head_size': 2, 'learning_rate': 0.0005202194964859308}. Best is trial 31 with value: 151.61961364746094.
LOCAL_RANK: 0 - CUDA_VISIBLE_DEVICES: [0]
[I 2023-12-16 05:11:46,049] Trial 32 finished with value: 218.3294677734375 and parameters: {'gradient_clip_val': 0.15262905014842132, 'hidden_size': 28, 'dropout': 0.3724851669646828, 'hidden_continuous_size': 13, 'attention_head_size': 2, 'learning_rate': 0.000520726216604694}. Best is trial 31 with value: 151.61961364746094.
LOCAL_RANK: 0 - CUDA_VISIBLE_DEVICES: [0]
[I 2023-12-16 05:12:37,454] Trial 33 finished with value: 244.1712646484375 and parameters: {'gradient_clip_val': 0.1303365099055624, 'hidden_size': 40, 'dropout': 0.3770262071887399, 'hidden_continuous_size': 15, 'attention_head_size': 3, 'learning_rate': 0.0008737143338774891}. Best is trial 31 with value: 151.61961364746094.
LOCAL_RANK: 0 - CUDA_VISIBLE_DEVICES: [0]
[I 2023-12-16 05:13:29,429] Trial 34 finished with value: 186.6103973388672 and parameters: {'gradient_clip_val': 0.11627248695733086, 'hidden_size': 45, 'dropout': 0.3999389803529245, 'hidden_continuous_size': 9, 'attention_head_size': 2, 'learning_rate': 0.0012958399299482068}. Best is trial 31 with value: 151.61961364746094.
LOCAL_RANK: 0 - CUDA_VISIBLE_DEVICES: [0]
[I 2023-12-16 05:14:18,257] Trial 35 finished with value: 226.0998992919922 and parameters: {'gradient_clip_val': 0.14547314245295112, 'hidden_size': 22, 'dropout': 0.3598143955450445, 'hidden_continuous_size': 13, 'attention_head_size': 2, 'learning_rate': 0.0007294502845391531}. Best is trial 31 with value: 151.61961364746094.
LOCAL_RANK: 0 - CUDA_VISIBLE_DEVICES: [0]
[I 2023-12-16 05:15:06,336] Trial 36 finished with value: 160.15087890625 and parameters: {'gradient_clip_val': 0.1696196109928016, 'hidden_size': 28, 'dropout': 0.3833438999523472, 'hidden_continuous_size': 10, 'attention_head_size': 2, 'learning_rate': 0.0005040578368505233}. Best is trial 31 with value: 151.61961364746094.
LOCAL_RANK: 0 - CUDA_VISIBLE_DEVICES: [0]
