[I 2023-12-26 12:02:17,045] Trial 13 finished with value: 1.6019972562789917 and parameters: {'gradient_clip_val': 0.9964012035422201, 'hidden_size': 105, 'dropout': 0.2581205374447712, 'hidden_continuous_size': 46, 'attention_head_size': 1, 'learning_rate': 0.0006334608990288207}. Best is trial 0 with value: 0.04183991253376007.
[I 2023-12-26 12:02:22,927] Trial 14 finished with value: 1.775315284729004 and parameters: {'gradient_clip_val': 0.5386992373302459, 'hidden_size': 94, 'dropout': 0.17826435904295096, 'hidden_continuous_size': 20, 'attention_head_size': 2, 'learning_rate': 0.0013001087973353188}. Best is trial 0 with value: 0.04183991253376007.
[I 2023-12-26 12:02:32,185] Trial 15 finished with value: 1.8511466979980469 and parameters: {'gradient_clip_val': 0.687533132547477, 'hidden_size': 142, 'dropout': 0.10552678819619797, 'hidden_continuous_size': 67, 'attention_head_size': 2, 'learning_rate': 0.00866554814252042}. Best is trial 0 with value: 0.04183991253376007.
[I 2023-12-26 12:02:35,062] Trial 16 finished with value: 2.0298454761505127 and parameters: {'gradient_clip_val': 0.46218124063792226, 'hidden_size': 42, 'dropout': 0.19022729475585393, 'hidden_continuous_size': 18, 'attention_head_size': 1, 'learning_rate': 0.0005168585608345183}. Best is trial 0 with value: 0.04183991253376007.
[I 2023-12-26 12:02:39,631] Trial 17 finished with value: 1.8891371488571167 and parameters: {'gradient_clip_val': 0.7807138535984232, 'hidden_size': 74, 'dropout': 0.1597942829279436, 'hidden_continuous_size': 30, 'attention_head_size': 2, 'learning_rate': 0.0011033777679520895}. Best is trial 0 with value: 0.04183991253376007.
[I 2023-12-26 12:02:46,229] Trial 18 finished with value: 1.553780198097229 and parameters: {'gradient_clip_val': 0.7783664866939296, 'hidden_size': 102, 'dropout': 0.24952725167748094, 'hidden_continuous_size': 50, 'attention_head_size': 3, 'learning_rate': 0.002411111633291533}. Best is trial 0 with value: 0.04183991253376007.
[I 2023-12-26 12:02:49,252] Trial 19 finished with value: 1.315217137336731 and parameters: {'gradient_clip_val': 0.4520672049904223, 'hidden_size': 45, 'dropout': 0.29670229191375314, 'hidden_continuous_size': 22, 'attention_head_size': 1, 'learning_rate': 0.0008228696924787564}. Best is trial 0 with value: 0.04183991253376007.
[I 2023-12-26 12:02:51,852] Trial 20 finished with value: 1.5093313455581665 and parameters: {'gradient_clip_val': 0.5399076269185509, 'hidden_size': 31, 'dropout': 0.15045176641383656, 'hidden_continuous_size': 14, 'attention_head_size': 2, 'learning_rate': 0.0020464143732085243}. Best is trial 0 with value: 0.04183991253376007.
[I 2023-12-26 12:03:01,449] Trial 21 finished with value: 2.029395818710327 and parameters: {'gradient_clip_val': 0.9278372717471047, 'hidden_size': 135, 'dropout': 0.4913080955263777, 'hidden_continuous_size': 128, 'attention_head_size': 1, 'learning_rate': 0.0035548895347771157}. Best is trial 0 with value: 0.04183991253376007.
[I 2023-12-26 12:03:10,963] Trial 22 finished with value: 1.9217628240585327 and parameters: {'gradient_clip_val': 0.921008704257035, 'hidden_size': 146, 'dropout': 0.4985875471699543, 'hidden_continuous_size': 80, 'attention_head_size': 1, 'learning_rate': 0.0009466300525854585}. Best is trial 0 with value: 0.04183991253376007.
[I 2023-12-26 12:03:16,477] Trial 23 finished with value: 1.6337028741836548 and parameters: {'gradient_clip_val': 0.6904237516817359, 'hidden_size': 88, 'dropout': 0.22927402856088663, 'hidden_continuous_size': 39, 'attention_head_size': 2, 'learning_rate': 0.004287891841548899}. Best is trial 0 with value: 0.04183991253376007.
[I 2023-12-26 12:03:23,940] Trial 24 finished with value: 1.9931741952896118 and parameters: {'gradient_clip_val': 0.9869378257321535, 'hidden_size': 112, 'dropout': 0.2864476883653217, 'hidden_continuous_size': 89, 'attention_head_size': 1, 'learning_rate': 0.0018538885139276699}. Best is trial 0 with value: 0.04183991253376007.
[I 2023-12-26 12:03:29,046] Trial 25 finished with value: 1.5731991529464722 and parameters: {'gradient_clip_val': 0.8365122178488843, 'hidden_size': 76, 'dropout': 0.20705096573259163, 'hidden_continuous_size': 41, 'attention_head_size': 2, 'learning_rate': 0.0009122328438734263}. Best is trial 0 with value: 0.04183991253376007.
[I 2023-12-26 12:03:39,577] Trial 26 finished with value: 1.3804731369018555 and parameters: {'gradient_clip_val': 0.6858290866980917, 'hidden_size': 149, 'dropout': 0.13339165750577792, 'hidden_continuous_size': 122, 'attention_head_size': 1, 'learning_rate': 0.005539530547240562}. Best is trial 0 with value: 0.04183991253376007.
[I 2023-12-26 12:03:46,958] Trial 27 finished with value: 1.8236875534057617 and parameters: {'gradient_clip_val': 0.8023772507557645, 'hidden_size': 113, 'dropout': 0.17228017345489602, 'hidden_continuous_size': 52, 'attention_head_size': 2, 'learning_rate': 0.002231695842639056}. Best is trial 0 with value: 0.04183991253376007.
[I 2023-12-26 12:03:50,593] Trial 28 finished with value: 1.3910566568374634 and parameters: {'gradient_clip_val': 0.6328101759120863, 'hidden_size': 58, 'dropout': 0.10125889573965716, 'hidden_continuous_size': 28, 'attention_head_size': 3, 'learning_rate': 0.0014563787424759756}. Best is trial 0 with value: 0.04183991253376007.
[I 2023-12-26 12:03:55,528] Trial 29 finished with value: 1.7576074600219727 and parameters: {'gradient_clip_val': 0.8572302241298582, 'hidden_size': 77, 'dropout': 0.43712401619332153, 'hidden_continuous_size': 36, 'attention_head_size': 4, 'learning_rate': 0.0008538566729322425}. Best is trial 0 with value: 0.04183991253376007.
[I 2023-12-26 12:04:03,287] Trial 30 finished with value: 1.7240523099899292 and parameters: {'gradient_clip_val': 0.7573633575852774, 'hidden_size': 117, 'dropout': 0.28054979784358286, 'hidden_continuous_size': 58, 'attention_head_size': 1, 'learning_rate': 0.0026981932977068195}. Best is trial 0 with value: 0.04183991253376007.
[I 2023-12-26 12:04:11,304] Trial 31 finished with value: 1.2073067426681519 and parameters: {'gradient_clip_val': 0.3986405379487163, 'hidden_size': 122, 'dropout': 0.14054727422459518, 'hidden_continuous_size': 64, 'attention_head_size': 3, 'learning_rate': 0.003517278312702023}. Best is trial 0 with value: 0.04183991253376007.
[I 2023-12-26 12:04:17,156] Trial 32 finished with value: 1.488905906677246 and parameters: {'gradient_clip_val': 0.3790367538286369, 'hidden_size': 92, 'dropout': 0.13497285467241243, 'hidden_continuous_size': 43, 'attention_head_size': 3, 'learning_rate': 0.004836398986464959}. Best is trial 0 with value: 0.04183991253376007.
[I 2023-12-26 12:04:26,880] Trial 33 finished with value: 2.0566389560699463 and parameters: {'gradient_clip_val': 0.5130628166960093, 'hidden_size': 119, 'dropout': 0.17235269632517444, 'hidden_continuous_size': 69, 'attention_head_size': 3, 'learning_rate': 0.003181221837276452}. Best is trial 0 with value: 0.04183991253376007.
[I 2023-12-26 12:04:33,357] Trial 34 finished with value: 1.9517630338668823 and parameters: {'gradient_clip_val': 0.596558776137377, 'hidden_size': 89, 'dropout': 0.12641335816575375, 'hidden_continuous_size': 35, 'attention_head_size': 3, 'learning_rate': 0.0017329571096087151}. Best is trial 0 with value: 0.04183991253376007.
[I 2023-12-26 12:04:37,419] Trial 35 finished with value: 1.4917446374893188 and parameters: {'gradient_clip_val': 0.3964791400156491, 'hidden_size': 53, 'dropout': 0.22319272414199925, 'hidden_continuous_size': 33, 'attention_head_size': 4, 'learning_rate': 0.007194287224434831}. Best is trial 0 with value: 0.04183991253376007.
[I 2023-12-26 12:04:45,726] Trial 36 finished with value: 1.5996381044387817 and parameters: {'gradient_clip_val': 0.8653667454499543, 'hidden_size': 115, 'dropout': 0.32103336251504294, 'hidden_continuous_size': 94, 'attention_head_size': 2, 'learning_rate': 0.0012284858387452801}. Best is trial 0 with value: 0.04183991253376007.
[I 2023-12-26 12:04:56,398] Trial 37 finished with value: 1.2807197570800781 and parameters: {'gradient_clip_val': 0.7255807199481727, 'hidden_size': 149, 'dropout': 0.15273373298953763, 'hidden_continuous_size': 107, 'attention_head_size': 3, 'learning_rate': 0.011216169650522}. Best is trial 0 with value: 0.04183991253376007.
[I 2023-12-26 12:05:01,712] Trial 38 finished with value: 2.234637975692749 and parameters: {'gradient_clip_val': 0.3422776917221944, 'hidden_size': 86, 'dropout': 0.20311288919044185, 'hidden_continuous_size': 60, 'attention_head_size': 2, 'learning_rate': 0.0023592065400596246}. Best is trial 0 with value: 0.04183991253376007.
[I 2023-12-26 12:05:05,768] Trial 39 finished with value: 2.092536211013794 and parameters: {'gradient_clip_val': 0.48027582251362827, 'hidden_size': 63, 'dropout': 0.12687994687500995, 'hidden_continuous_size': 47, 'attention_head_size': 4, 'learning_rate': 0.0007414918182208738}. Best is trial 0 with value: 0.04183991253376007.
[I 2023-12-26 12:05:13,983] Trial 40 finished with value: 2.347923994064331 and parameters: {'gradient_clip_val': 0.6272895165431555, 'hidden_size': 128, 'dropout': 0.18387665752854288, 'hidden_continuous_size': 79, 'attention_head_size': 3, 'learning_rate': 0.0011772293928109508}. Best is trial 0 with value: 0.04183991253376007.
[I 2023-12-26 12:05:22,368] Trial 41 finished with value: 1.5525010824203491 and parameters: {'gradient_clip_val': 0.7237269902867254, 'hidden_size': 128, 'dropout': 0.14683841243819318, 'hidden_continuous_size': 99, 'attention_head_size': 3, 'learning_rate': 0.013451134139578935}. Best is trial 0 with value: 0.04183991253376007.
[I 2023-12-26 12:05:32,343] Trial 42 finished with value: 1.9675501585006714 and parameters: {'gradient_clip_val': 0.8612728453671262, 'hidden_size': 149, 'dropout': 0.16010116684821235, 'hidden_continuous_size': 112, 'attention_head_size': 3, 'learning_rate': 0.014873133928736713}. Best is trial 0 with value: 0.04183991253376007.
[I 2023-12-26 12:05:38,914] Trial 43 finished with value: 1.587274193763733 and parameters: {'gradient_clip_val': 0.5671992406716384, 'hidden_size': 103, 'dropout': 0.11806547521436613, 'hidden_continuous_size': 74, 'attention_head_size': 3, 'learning_rate': 0.003572513830595908}. Best is trial 0 with value: 0.04183991253376007.
[I 2023-12-26 12:05:45,290] Trial 44 finished with value: 1.8998785018920898 and parameters: {'gradient_clip_val': 0.7269468118483532, 'hidden_size': 104, 'dropout': 0.15846767334857742, 'hidden_continuous_size': 64, 'attention_head_size': 2, 'learning_rate': 0.005899526709818007}. Best is trial 0 with value: 0.04183991253376007.
[I 2023-12-26 12:05:55,421] Trial 45 finished with value: 2.2928450107574463 and parameters: {'gradient_clip_val': 0.6555023016207988, 'hidden_size': 149, 'dropout': 0.19688393295308165, 'hidden_continuous_size': 128, 'attention_head_size': 3, 'learning_rate': 0.0016773617494208525}. Best is trial 0 with value: 0.04183991253376007.
[I 2023-12-26 12:06:03,966] Trial 46 finished with value: 1.6580263376235962 and parameters: {'gradient_clip_val': 0.9771456793527236, 'hidden_size': 124, 'dropout': 0.11702583102042091, 'hidden_continuous_size': 106, 'attention_head_size': 4, 'learning_rate': 0.010141280878107771}. Best is trial 0 with value: 0.04183991253376007.
[I 2023-12-26 12:06:08,999] Trial 47 finished with value: 1.3336886167526245 and parameters: {'gradient_clip_val': 0.49906346499117116, 'hidden_size': 84, 'dropout': 0.2333926546299263, 'hidden_continuous_size': 56, 'attention_head_size': 2, 'learning_rate': 0.0006531648505067413}. Best is trial 0 with value: 0.04183991253376007.
[I 2023-12-26 12:06:13,564] Trial 48 finished with value: 1.3856862783432007 and parameters: {'gradient_clip_val': 0.5699028439908856, 'hidden_size': 68, 'dropout': 0.17982164728406408, 'hidden_continuous_size': 58, 'attention_head_size': 3, 'learning_rate': 0.0010565722600685424}. Best is trial 0 with value: 0.04183991253376007.
[I 2023-12-26 12:06:21,978] Trial 49 finished with value: 1.244301676750183 and parameters: {'gradient_clip_val': 0.7807443499584058, 'hidden_size': 101, 'dropout': 0.1450890349771699, 'hidden_continuous_size': 85, 'attention_head_size': 2, 'learning_rate': 0.0005059725484072888}. Best is trial 0 with value: 0.04183991253376007.
[I 2023-12-26 12:06:22,100] A new study created in memory with name: no-name-9cb92073-af06-4a92-8241-d98b733870ed
/home/le004/conda/anaconda3/envs/tsff_env/lib/python3.9/site-packages/lightning/fabric/plugins/environments/slurm.py:191: The `srun` command is available on your system but is not used. HINT: If your intention is to run Lightning on SLURM, prepend your python command with `srun` like so: srun python /home/le004/master_thesis/git/TSFusionForecast/code/ ...
[I 2023-12-26 12:28:20,014] Trial 0 finished with value: 0.04975999891757965 and parameters: {'gradient_clip_val': 0.4474308578630919, 'hidden_size': 123, 'dropout': 0.4236644763206918, 'hidden_continuous_size': 55, 'attention_head_size': 4, 'learning_rate': 0.02768996423829071}. Best is trial 0 with value: 0.04975999891757965.
[I 2023-12-26 12:28:31,975] Trial 1 finished with value: 2.6038055419921875 and parameters: {'gradient_clip_val': 0.11565892588357282, 'hidden_size': 13, 'dropout': 0.3193049221922671, 'hidden_continuous_size': 5, 'attention_head_size': 3, 'learning_rate': 0.012670165420004601}. Best is trial 0 with value: 0.04975999891757965.
[I 2023-12-26 12:28:33,999] Trial 2 finished with value: 5.482612133026123 and parameters: {'gradient_clip_val': 0.12964172184126024, 'hidden_size': 14, 'dropout': 0.3050884263628907, 'hidden_continuous_size': 14, 'attention_head_size': 3, 'learning_rate': 0.005788309668453566}. Best is trial 0 with value: 0.04975999891757965.
[I 2023-12-26 12:28:36,086] Trial 3 finished with value: 5.360402584075928 and parameters: {'gradient_clip_val': 0.5946010627396019, 'hidden_size': 10, 'dropout': 0.36970559909931044, 'hidden_continuous_size': 8, 'attention_head_size': 3, 'learning_rate': 0.05165429227467434}. Best is trial 0 with value: 0.04975999891757965.
[I 2023-12-26 12:28:38,199] Trial 4 finished with value: 5.540278911590576 and parameters: {'gradient_clip_val': 0.2824078576940121, 'hidden_size': 8, 'dropout': 0.13842398979519144, 'hidden_continuous_size': 6, 'attention_head_size': 4, 'learning_rate': 0.0024111252738681743}. Best is trial 0 with value: 0.04975999891757965.
[I 2023-12-26 12:28:45,841] Trial 5 finished with value: 5.272246837615967 and parameters: {'gradient_clip_val': 0.30150818496260345, 'hidden_size': 124, 'dropout': 0.41466511624396196, 'hidden_continuous_size': 12, 'attention_head_size': 1, 'learning_rate': 0.010348454553715502}. Best is trial 0 with value: 0.04975999891757965.
[I 2023-12-26 12:28:48,530] Trial 6 finished with value: 4.76350212097168 and parameters: {'gradient_clip_val': 0.9383646340648594, 'hidden_size': 35, 'dropout': 0.3445604173027419, 'hidden_continuous_size': 6, 'attention_head_size': 4, 'learning_rate': 0.0024561793580957737}. Best is trial 0 with value: 0.04975999891757965.
[I 2023-12-26 12:28:56,717] Trial 7 finished with value: 3.055772066116333 and parameters: {'gradient_clip_val': 0.7990616232254126, 'hidden_size': 134, 'dropout': 0.16867347732655782, 'hidden_continuous_size': 10, 'attention_head_size': 2, 'learning_rate': 0.0009547822475618957}. Best is trial 0 with value: 0.04975999891757965.
[I 2023-12-26 12:28:59,229] Trial 8 finished with value: 5.714928150177002 and parameters: {'gradient_clip_val': 0.5516361846093879, 'hidden_size': 25, 'dropout': 0.1584981540839194, 'hidden_continuous_size': 6, 'attention_head_size': 2, 'learning_rate': 0.009469735751484078}. Best is trial 0 with value: 0.04975999891757965.
[I 2023-12-26 12:29:06,387] Trial 9 finished with value: 2.7939326763153076 and parameters: {'gradient_clip_val': 0.2634712272638406, 'hidden_size': 118, 'dropout': 0.4706875254451479, 'hidden_continuous_size': 7, 'attention_head_size': 1, 'learning_rate': 0.06703414510460352}. Best is trial 0 with value: 0.04975999891757965.
[I 2023-12-26 12:29:08,162] Trial 10 finished with value: 4.238989353179932 and parameters: {'gradient_clip_val': 0.44133780434220526, 'hidden_size': 5, 'dropout': 0.4929358580231538, 'hidden_continuous_size': 5, 'attention_head_size': 4, 'learning_rate': 0.0275637076660298}. Best is trial 0 with value: 0.04975999891757965.
[I 2023-12-26 12:29:11,995] Trial 11 finished with value: 4.490322113037109 and parameters: {'gradient_clip_val': 0.11561795257715837, 'hidden_size': 64, 'dropout': 0.23998330674855403, 'hidden_continuous_size': 46, 'attention_head_size': 3, 'learning_rate': 0.022677729140274123}. Best is trial 0 with value: 0.04975999891757965.
[I 2023-12-26 12:29:14,321] Trial 12 finished with value: 4.001241207122803 and parameters: {'gradient_clip_val': 0.18047199140266454, 'hidden_size': 22, 'dropout': 0.4029050624326176, 'hidden_continuous_size': 18, 'attention_head_size': 4, 'learning_rate': 0.023887012298995963}. Best is trial 0 with value: 0.04975999891757965.
[I 2023-12-26 12:29:17,389] Trial 13 finished with value: 4.181654453277588 and parameters: {'gradient_clip_val': 0.17866771715261567, 'hidden_size': 46, 'dropout': 0.279462820823442, 'hidden_continuous_size': 21, 'attention_head_size': 3, 'learning_rate': 0.08295822147310329}. Best is trial 0 with value: 0.04975999891757965.
[I 2023-12-26 12:29:21,529] Trial 14 finished with value: 6.1162261962890625 and parameters: {'gradient_clip_val': 0.10234863997729306, 'hidden_size': 69, 'dropout': 0.42686332149275313, 'hidden_continuous_size': 69, 'attention_head_size': 2, 'learning_rate': 0.017908091171173965}. Best is trial 0 with value: 0.04975999891757965.
[I 2023-12-26 12:29:23,644] Trial 15 finished with value: 5.6162238121032715 and parameters: {'gradient_clip_val': 0.4115896609179697, 'hidden_size': 18, 'dropout': 0.35166386817886, 'hidden_continuous_size': 5, 'attention_head_size': 4, 'learning_rate': 0.04108989376720952}. Best is trial 0 with value: 0.04975999891757965.
[I 2023-12-26 12:29:26,138] Trial 16 finished with value: 2.990295648574829 and parameters: {'gradient_clip_val': 0.21601543783050034, 'hidden_size': 31, 'dropout': 0.23176188816975096, 'hidden_continuous_size': 8, 'attention_head_size': 3, 'learning_rate': 0.09757369516653655}. Best is trial 0 with value: 0.04975999891757965.
[I 2023-12-26 12:29:28,270] Trial 17 finished with value: 6.173366069793701 and parameters: {'gradient_clip_val': 0.37028626344341653, 'hidden_size': 17, 'dropout': 0.4605446681071187, 'hidden_continuous_size': 5, 'attention_head_size': 4, 'learning_rate': 0.0407526838828964}. Best is trial 0 with value: 0.04975999891757965.
[I 2023-12-26 12:29:31,119] Trial 18 finished with value: 3.620556592941284 and parameters: {'gradient_clip_val': 0.14351536164558887, 'hidden_size': 48, 'dropout': 0.3848537740850153, 'hidden_continuous_size': 25, 'attention_head_size': 3, 'learning_rate': 0.013814883042244982}. Best is trial 0 with value: 0.04975999891757965.
[I 2023-12-26 12:29:36,653] Trial 19 finished with value: 4.707706928253174 and parameters: {'gradient_clip_val': 0.23204583694812297, 'hidden_size': 91, 'dropout': 0.4384188953174075, 'hidden_continuous_size': 31, 'attention_head_size': 2, 'learning_rate': 0.007008252057860069}. Best is trial 0 with value: 0.04975999891757965.
[I 2023-12-26 12:29:39,722] Trial 20 finished with value: 5.138328552246094 and parameters: {'gradient_clip_val': 0.34458053134263544, 'hidden_size': 36, 'dropout': 0.3161526717428619, 'hidden_continuous_size': 14, 'attention_head_size': 4, 'learning_rate': 0.03671919260734832}. Best is trial 0 with value: 0.04975999891757965.
[I 2023-12-26 12:29:50,594] Trial 21 finished with value: 4.085297584533691 and parameters: {'gradient_clip_val': 0.14990337396531903, 'hidden_size': 139, 'dropout': 0.49734367160669607, 'hidden_continuous_size': 118, 'attention_head_size': 1, 'learning_rate': 0.01686615860614929}. Best is trial 0 with value: 0.04975999891757965.
[I 2023-12-26 12:29:56,916] Trial 22 finished with value: 5.569675445556641 and parameters: {'gradient_clip_val': 0.10219032170503388, 'hidden_size': 92, 'dropout': 0.4508635785150106, 'hidden_continuous_size': 9, 'attention_head_size': 2, 'learning_rate': 0.07633758006477388}. Best is trial 0 with value: 0.04975999891757965.
[I 2023-12-26 12:30:03,475] Trial 23 finished with value: 2.7817695140838623 and parameters: {'gradient_clip_val': 0.25738190230432084, 'hidden_size': 96, 'dropout': 0.4004741614231136, 'hidden_continuous_size': 34, 'attention_head_size': 1, 'learning_rate': 0.05710065687112457}. Best is trial 0 with value: 0.04975999891757965.
[I 2023-12-26 12:30:10,220] Trial 24 finished with value: 4.397787570953369 and parameters: {'gradient_clip_val': 0.20487097003569762, 'hidden_size': 98, 'dropout': 0.39711698907208637, 'hidden_continuous_size': 35, 'attention_head_size': 1, 'learning_rate': 0.03132019049125138}. Best is trial 0 with value: 0.04975999891757965.
[I 2023-12-26 12:30:15,069] Trial 25 finished with value: 2.6685211658477783 and parameters: {'gradient_clip_val': 0.2710998358862644, 'hidden_size': 70, 'dropout': 0.3567992408934167, 'hidden_continuous_size': 23, 'attention_head_size': 3, 'learning_rate': 0.05032087513610335}. Best is trial 0 with value: 0.04975999891757965.
[I 2023-12-26 12:30:19,787] Trial 26 finished with value: 4.714102268218994 and parameters: {'gradient_clip_val': 0.31403367507091856, 'hidden_size': 69, 'dropout': 0.33865039020614035, 'hidden_continuous_size': 11, 'attention_head_size': 3, 'learning_rate': 0.04721185008609749}. Best is trial 0 with value: 0.04975999891757965.
[I 2023-12-26 12:30:23,799] Trial 27 finished with value: 4.650969505310059 and parameters: {'gradient_clip_val': 0.16783131843393956, 'hidden_size': 58, 'dropout': 0.3699137101793549, 'hidden_continuous_size': 17, 'attention_head_size': 3, 'learning_rate': 0.02566825371493648}. Best is trial 0 with value: 0.04975999891757965.
