[I 2023-12-16 05:59:04,832] Trial 45 finished with value: 11.043211936950684 and parameters: {'gradient_clip_val': 0.8291329226380081, 'hidden_size': 5, 'dropout': 0.22354250160369132, 'hidden_continuous_size': 5, 'attention_head_size': 1, 'learning_rate': 0.019155053188327293}. Best is trial 45 with value: 11.043211936950684.
LOCAL_RANK: 0 - CUDA_VISIBLE_DEVICES: [0]
[I 2023-12-16 05:59:38,787] Trial 46 finished with value: 12.750964164733887 and parameters: {'gradient_clip_val': 0.9879427887721655, 'hidden_size': 5, 'dropout': 0.2202569461566623, 'hidden_continuous_size': 5, 'attention_head_size': 1, 'learning_rate': 0.01687203980594408}. Best is trial 45 with value: 11.043211936950684.
LOCAL_RANK: 0 - CUDA_VISIBLE_DEVICES: [0]
[I 2023-12-16 06:00:23,546] Trial 47 finished with value: 14.541206359863281 and parameters: {'gradient_clip_val': 0.8457407054217684, 'hidden_size': 6, 'dropout': 0.23287505538045306, 'hidden_continuous_size': 5, 'attention_head_size': 1, 'learning_rate': 0.008667086150435791}. Best is trial 45 with value: 11.043211936950684.
LOCAL_RANK: 0 - CUDA_VISIBLE_DEVICES: [0]
[I 2023-12-16 06:00:57,378] Trial 48 finished with value: 13.69105052947998 and parameters: {'gradient_clip_val': 0.8576682170595383, 'hidden_size': 5, 'dropout': 0.2067275724627957, 'hidden_continuous_size': 5, 'attention_head_size': 1, 'learning_rate': 0.012860735496764138}. Best is trial 45 with value: 11.043211936950684.
LOCAL_RANK: 0 - CUDA_VISIBLE_DEVICES: [0]
[I 2023-12-16 06:01:42,191] Trial 49 finished with value: 12.64606761932373 and parameters: {'gradient_clip_val': 0.8012893051035862, 'hidden_size': 6, 'dropout': 0.25985185242597664, 'hidden_continuous_size': 5, 'attention_head_size': 2, 'learning_rate': 0.0181516115686087}. Best is trial 45 with value: 11.043211936950684.
[I 2023-12-16 06:01:42,284] A new study created in memory with name: no-name-a27600f9-4b66-4e5b-a3f3-96da796b62c0
/home/le004/conda/anaconda3/envs/tsff_env/lib/python3.9/site-packages/lightning/fabric/plugins/environments/slurm.py:191: The `srun` command is available on your system but is not used. HINT: If your intention is to run Lightning on SLURM, prepend your python command with `srun` like so: srun python /home/le004/master_thesis/git/TSFusionForecast/code/ ...
LOCAL_RANK: 0 - CUDA_VISIBLE_DEVICES: [0]
[I 2023-12-16 06:02:36,553] Trial 0 finished with value: 158.6083221435547 and parameters: {'gradient_clip_val': 0.17091407966740982, 'hidden_size': 75, 'dropout': 0.172986097085775, 'hidden_continuous_size': 18, 'attention_head_size': 3, 'learning_rate': 0.014346469755337418}. Best is trial 0 with value: 158.6083221435547.
LOCAL_RANK: 0 - CUDA_VISIBLE_DEVICES: [0]
[I 2023-12-16 06:03:25,414] Trial 1 finished with value: 75.04413604736328 and parameters: {'gradient_clip_val': 0.11756678096526214, 'hidden_size': 23, 'dropout': 0.10080111255519586, 'hidden_continuous_size': 19, 'attention_head_size': 1, 'learning_rate': 0.003319640639094168}. Best is trial 1 with value: 75.04413604736328.
LOCAL_RANK: 0 - CUDA_VISIBLE_DEVICES: [0]
[I 2023-12-16 06:04:12,648] Trial 2 finished with value: 80.86053466796875 and parameters: {'gradient_clip_val': 0.22908772884276773, 'hidden_size': 19, 'dropout': 0.24421500686048805, 'hidden_continuous_size': 5, 'attention_head_size': 3, 'learning_rate': 0.005416141858133289}. Best is trial 1 with value: 75.04413604736328.
LOCAL_RANK: 0 - CUDA_VISIBLE_DEVICES: [0]
[I 2023-12-16 06:05:06,631] Trial 3 finished with value: 44.80641555786133 and parameters: {'gradient_clip_val': 0.2287032023165406, 'hidden_size': 61, 'dropout': 0.3398884838170755, 'hidden_continuous_size': 24, 'attention_head_size': 3, 'learning_rate': 0.0012402214969156958}. Best is trial 3 with value: 44.80641555786133.
LOCAL_RANK: 0 - CUDA_VISIBLE_DEVICES: [0]
[I 2023-12-16 06:05:52,603] Trial 4 finished with value: 57.371952056884766 and parameters: {'gradient_clip_val': 0.7692000005887174, 'hidden_size': 7, 'dropout': 0.21941078085175897, 'hidden_continuous_size': 6, 'attention_head_size': 4, 'learning_rate': 0.002909449750792328}. Best is trial 3 with value: 44.80641555786133.
LOCAL_RANK: 0 - CUDA_VISIBLE_DEVICES: [0]
[I 2023-12-16 06:06:41,715] Trial 5 finished with value: 49.95058059692383 and parameters: {'gradient_clip_val': 0.8346594847765512, 'hidden_size': 30, 'dropout': 0.3675790010684802, 'hidden_continuous_size': 15, 'attention_head_size': 1, 'learning_rate': 0.0005395927415724551}. Best is trial 3 with value: 44.80641555786133.
LOCAL_RANK: 0 - CUDA_VISIBLE_DEVICES: [0]
[I 2023-12-16 06:07:34,105] Trial 6 finished with value: 118.86602783203125 and parameters: {'gradient_clip_val': 0.35145365660903843, 'hidden_size': 38, 'dropout': 0.2176890271296571, 'hidden_continuous_size': 13, 'attention_head_size': 4, 'learning_rate': 0.004320441263248806}. Best is trial 3 with value: 44.80641555786133.
LOCAL_RANK: 0 - CUDA_VISIBLE_DEVICES: [0]
[I 2023-12-16 06:08:28,067] Trial 7 finished with value: 89.030517578125 and parameters: {'gradient_clip_val': 0.25312372765556335, 'hidden_size': 89, 'dropout': 0.2741744154513863, 'hidden_continuous_size': 18, 'attention_head_size': 1, 'learning_rate': 0.03723370808027255}. Best is trial 3 with value: 44.80641555786133.
LOCAL_RANK: 0 - CUDA_VISIBLE_DEVICES: [0]
[I 2023-12-16 06:09:15,696] Trial 8 finished with value: 101.24991607666016 and parameters: {'gradient_clip_val': 0.4112845436406627, 'hidden_size': 19, 'dropout': 0.11608873974601856, 'hidden_continuous_size': 10, 'attention_head_size': 1, 'learning_rate': 0.0010962704631847567}. Best is trial 3 with value: 44.80641555786133.
LOCAL_RANK: 0 - CUDA_VISIBLE_DEVICES: [0]
[I 2023-12-16 06:09:50,765] Trial 9 finished with value: 64.6468276977539 and parameters: {'gradient_clip_val': 0.48908447025690405, 'hidden_size': 6, 'dropout': 0.130623931942734, 'hidden_continuous_size': 6, 'attention_head_size': 3, 'learning_rate': 0.0341070493556402}. Best is trial 3 with value: 44.80641555786133.
LOCAL_RANK: 0 - CUDA_VISIBLE_DEVICES: [0]
[I 2023-12-16 06:10:44,483] Trial 10 finished with value: 118.70233917236328 and parameters: {'gradient_clip_val': 0.11011660632994376, 'hidden_size': 55, 'dropout': 0.3903668584854438, 'hidden_continuous_size': 39, 'attention_head_size': 2, 'learning_rate': 0.08663217904406567}. Best is trial 3 with value: 44.80641555786133.
LOCAL_RANK: 0 - CUDA_VISIBLE_DEVICES: [0]
[I 2023-12-16 06:11:37,240] Trial 11 finished with value: 61.13174819946289 and parameters: {'gradient_clip_val': 0.8791251202668535, 'hidden_size': 42, 'dropout': 0.36256477225526884, 'hidden_continuous_size': 29, 'attention_head_size': 2, 'learning_rate': 0.0005061251378286742}. Best is trial 3 with value: 44.80641555786133.
LOCAL_RANK: 0 - CUDA_VISIBLE_DEVICES: [0]
[I 2023-12-16 06:12:35,012] Trial 12 finished with value: 52.72317886352539 and parameters: {'gradient_clip_val': 0.6134900569563965, 'hidden_size': 97, 'dropout': 0.3339351449632119, 'hidden_continuous_size': 71, 'attention_head_size': 2, 'learning_rate': 0.0005002195473816768}. Best is trial 3 with value: 44.80641555786133.
LOCAL_RANK: 0 - CUDA_VISIBLE_DEVICES: [0]
[I 2023-12-16 06:13:24,562] Trial 13 finished with value: 41.70279312133789 and parameters: {'gradient_clip_val': 0.9729534016369863, 'hidden_size': 36, 'dropout': 0.3214610355961417, 'hidden_continuous_size': 11, 'attention_head_size': 3, 'learning_rate': 0.0013969421461631627}. Best is trial 13 with value: 41.70279312133789.
LOCAL_RANK: 0 - CUDA_VISIBLE_DEVICES: [0]
[I 2023-12-16 06:14:17,811] Trial 14 finished with value: 103.8502426147461 and parameters: {'gradient_clip_val': 0.987486006647477, 'hidden_size': 58, 'dropout': 0.30162505083342606, 'hidden_continuous_size': 9, 'attention_head_size': 3, 'learning_rate': 0.0014657629103730252}. Best is trial 13 with value: 41.70279312133789.
LOCAL_RANK: 0 - CUDA_VISIBLE_DEVICES: [0]
[I 2023-12-16 06:15:11,484] Trial 15 finished with value: 45.23213577270508 and parameters: {'gradient_clip_val': 0.5378356160715645, 'hidden_size': 54, 'dropout': 0.3166260065731283, 'hidden_continuous_size': 10, 'attention_head_size': 4, 'learning_rate': 0.0017634257433442294}. Best is trial 13 with value: 41.70279312133789.
LOCAL_RANK: 0 - CUDA_VISIBLE_DEVICES: [0]
[I 2023-12-16 06:16:01,124] Trial 16 finished with value: 67.94109344482422 and parameters: {'gradient_clip_val': 0.3089341063188231, 'hidden_size': 31, 'dropout': 0.3416792691997859, 'hidden_continuous_size': 9, 'attention_head_size': 3, 'learning_rate': 0.00835696120794961}. Best is trial 13 with value: 41.70279312133789.
LOCAL_RANK: 0 - CUDA_VISIBLE_DEVICES: [0]
[I 2023-12-16 06:16:54,967] Trial 17 finished with value: 83.69454193115234 and parameters: {'gradient_clip_val': 0.4183193403631925, 'hidden_size': 72, 'dropout': 0.286697026951526, 'hidden_continuous_size': 25, 'attention_head_size': 2, 'learning_rate': 0.0021454455122812037}. Best is trial 13 with value: 41.70279312133789.
LOCAL_RANK: 0 - CUDA_VISIBLE_DEVICES: [0]
[I 2023-12-16 06:17:48,311] Trial 18 finished with value: 43.32700729370117 and parameters: {'gradient_clip_val': 0.6202918438390841, 'hidden_size': 45, 'dropout': 0.317990285885113, 'hidden_continuous_size': 14, 'attention_head_size': 4, 'learning_rate': 0.0010637732209264129}. Best is trial 13 with value: 41.70279312133789.
LOCAL_RANK: 0 - CUDA_VISIBLE_DEVICES: [0]
[I 2023-12-16 06:18:35,028] Trial 19 finished with value: 72.0756607055664 and parameters: {'gradient_clip_val': 0.6767658729033318, 'hidden_size': 14, 'dropout': 0.27273403314464306, 'hidden_continuous_size': 7, 'attention_head_size': 4, 'learning_rate': 0.0009033077121619738}. Best is trial 13 with value: 41.70279312133789.
LOCAL_RANK: 0 - CUDA_VISIBLE_DEVICES: [0]
[I 2023-12-16 06:19:27,406] Trial 20 finished with value: 124.50792694091797 and parameters: {'gradient_clip_val': 0.6847126758057519, 'hidden_size': 44, 'dropout': 0.3945182917739927, 'hidden_continuous_size': 12, 'attention_head_size': 4, 'learning_rate': 0.00272901006706357}. Best is trial 13 with value: 41.70279312133789.
LOCAL_RANK: 0 - CUDA_VISIBLE_DEVICES: [0]
[I 2023-12-16 06:20:21,415] Trial 21 finished with value: 146.34913635253906 and parameters: {'gradient_clip_val': 0.9997501189876128, 'hidden_size': 63, 'dropout': 0.32682899380842495, 'hidden_continuous_size': 14, 'attention_head_size': 3, 'learning_rate': 0.001035824814358093}. Best is trial 13 with value: 41.70279312133789.
LOCAL_RANK: 0 - CUDA_VISIBLE_DEVICES: [0]
[I 2023-12-16 06:21:14,496] Trial 22 finished with value: 121.8688735961914 and parameters: {'gradient_clip_val': 0.7586161904914658, 'hidden_size': 45, 'dropout': 0.3054058882151097, 'hidden_continuous_size': 12, 'attention_head_size': 4, 'learning_rate': 0.0017499227608655029}. Best is trial 13 with value: 41.70279312133789.
LOCAL_RANK: 0 - CUDA_VISIBLE_DEVICES: [0]
[I 2023-12-16 06:22:09,029] Trial 23 finished with value: 57.78013229370117 and parameters: {'gradient_clip_val': 0.5666734998826364, 'hidden_size': 75, 'dropout': 0.3575501015317158, 'hidden_continuous_size': 22, 'attention_head_size': 3, 'learning_rate': 0.0008170296793116097}. Best is trial 13 with value: 41.70279312133789.
LOCAL_RANK: 0 - CUDA_VISIBLE_DEVICES: [0]
[I 2023-12-16 06:23:00,489] Trial 24 finished with value: 81.10564422607422 and parameters: {'gradient_clip_val': 0.633954378365907, 'hidden_size': 34, 'dropout': 0.33660098703322694, 'hidden_continuous_size': 16, 'attention_head_size': 3, 'learning_rate': 0.0012789207336460593}. Best is trial 13 with value: 41.70279312133789.
LOCAL_RANK: 0 - CUDA_VISIBLE_DEVICES: [0]
[I 2023-12-16 06:23:53,639] Trial 25 finished with value: 70.52336883544922 and parameters: {'gradient_clip_val': 0.8009306283906663, 'hidden_size': 49, 'dropout': 0.30912497892593427, 'hidden_continuous_size': 12, 'attention_head_size': 4, 'learning_rate': 0.0018633244486498932}. Best is trial 13 with value: 41.70279312133789.
LOCAL_RANK: 0 - CUDA_VISIBLE_DEVICES: [0]
[I 2023-12-16 06:24:42,940] Trial 26 finished with value: 59.435089111328125 and parameters: {'gradient_clip_val': 0.46547407481378067, 'hidden_size': 27, 'dropout': 0.3513366540140819, 'hidden_continuous_size': 11, 'attention_head_size': 2, 'learning_rate': 0.0009421991763582832}. Best is trial 13 with value: 41.70279312133789.
LOCAL_RANK: 0 - CUDA_VISIBLE_DEVICES: [0]
[I 2023-12-16 06:25:35,371] Trial 27 finished with value: 109.1412124633789 and parameters: {'gradient_clip_val': 0.5792855944596517, 'hidden_size': 39, 'dropout': 0.3748464011959207, 'hidden_continuous_size': 15, 'attention_head_size': 3, 'learning_rate': 0.0023804804059354224}. Best is trial 13 with value: 41.70279312133789.
LOCAL_RANK: 0 - CUDA_VISIBLE_DEVICES: [0]
[I 2023-12-16 06:26:29,064] Trial 28 finished with value: 69.61624908447266 and parameters: {'gradient_clip_val': 0.8885541454999054, 'hidden_size': 65, 'dropout': 0.3200002033161157, 'hidden_continuous_size': 8, 'attention_head_size': 4, 'learning_rate': 0.000716908337128815}. Best is trial 13 with value: 41.70279312133789.
LOCAL_RANK: 0 - CUDA_VISIBLE_DEVICES: [0]
[I 2023-12-16 06:27:23,941] Trial 29 finished with value: 58.77167892456055 and parameters: {'gradient_clip_val': 0.19581377968786698, 'hidden_size': 81, 'dropout': 0.34551244611855736, 'hidden_continuous_size': 19, 'attention_head_size': 3, 'learning_rate': 0.0014601363531535768}. Best is trial 13 with value: 41.70279312133789.
LOCAL_RANK: 0 - CUDA_VISIBLE_DEVICES: [0]
[I 2023-12-16 06:28:16,928] Trial 30 finished with value: 60.16929244995117 and parameters: {'gradient_clip_val': 0.14414788391263894, 'hidden_size': 52, 'dropout': 0.2854856979822086, 'hidden_continuous_size': 14, 'attention_head_size': 2, 'learning_rate': 0.004031037457749239}. Best is trial 13 with value: 41.70279312133789.
LOCAL_RANK: 0 - CUDA_VISIBLE_DEVICES: [0]
[I 2023-12-16 06:29:10,463] Trial 31 finished with value: 64.2262191772461 and parameters: {'gradient_clip_val': 0.49325446131208006, 'hidden_size': 60, 'dropout': 0.31997843528938164, 'hidden_continuous_size': 11, 'attention_head_size': 4, 'learning_rate': 0.0016578988326586884}. Best is trial 13 with value: 41.70279312133789.
LOCAL_RANK: 0 - CUDA_VISIBLE_DEVICES: [0]
[I 2023-12-16 06:30:04,230] Trial 32 finished with value: 44.629398345947266 and parameters: {'gradient_clip_val': 0.7140644320836985, 'hidden_size': 50, 'dropout': 0.31836964751905455, 'hidden_continuous_size': 10, 'attention_head_size': 4, 'learning_rate': 0.0011856381030976408}. Best is trial 13 with value: 41.70279312133789.
LOCAL_RANK: 0 - CUDA_VISIBLE_DEVICES: [0]
[I 2023-12-16 06:30:55,049] Trial 33 finished with value: 36.015865325927734 and parameters: {'gradient_clip_val': 0.6894611739763995, 'hidden_size': 38, 'dropout': 0.2978561236910177, 'hidden_continuous_size': 8, 'attention_head_size': 4, 'learning_rate': 0.0006835132631339264}. Best is trial 33 with value: 36.015865325927734.
LOCAL_RANK: 0 - CUDA_VISIBLE_DEVICES: [0]
[I 2023-12-16 06:31:44,424] Trial 34 finished with value: 69.23230743408203 and parameters: {'gradient_clip_val': 0.6963683322039791, 'hidden_size': 36, 'dropout': 0.29936029181746987, 'hidden_continuous_size': 8, 'attention_head_size': 4, 'learning_rate': 0.0007381879766807186}. Best is trial 33 with value: 36.015865325927734.
LOCAL_RANK: 0 - CUDA_VISIBLE_DEVICES: [0]
[I 2023-12-16 06:32:34,575] Trial 35 finished with value: 52.5091438293457 and parameters: {'gradient_clip_val': 0.7272779763949448, 'hidden_size': 26, 'dropout': 0.25672972871288025, 'hidden_continuous_size': 10, 'attention_head_size': 4, 'learning_rate': 0.0007044666083595335}. Best is trial 33 with value: 36.015865325927734.
LOCAL_RANK: 0 - CUDA_VISIBLE_DEVICES: [0]
[I 2023-12-16 06:33:25,790] Trial 36 finished with value: 86.81390380859375 and parameters: {'gradient_clip_val': 0.8810473156733598, 'hidden_size': 45, 'dropout': 0.2920160264292591, 'hidden_continuous_size': 5, 'attention_head_size': 4, 'learning_rate': 0.0012510906197546149}. Best is trial 33 with value: 36.015865325927734.
LOCAL_RANK: 0 - CUDA_VISIBLE_DEVICES: [0]
[I 2023-12-16 06:34:16,104] Trial 37 finished with value: 86.10052490234375 and parameters: {'gradient_clip_val': 0.6365100855117689, 'hidden_size': 33, 'dropout': 0.32494456405924105, 'hidden_continuous_size': 8, 'attention_head_size': 4, 'learning_rate': 0.0030697093892564542}. Best is trial 33 with value: 36.015865325927734.
LOCAL_RANK: 0 - CUDA_VISIBLE_DEVICES: [0]
[I 2023-12-16 06:35:05,770] Trial 38 finished with value: 70.14395141601562 and parameters: {'gradient_clip_val': 0.7975275148730411, 'hidden_size': 23, 'dropout': 0.246276929179122, 'hidden_continuous_size': 9, 'attention_head_size': 4, 'learning_rate': 0.0011015802171244558}. Best is trial 33 with value: 36.015865325927734.
LOCAL_RANK: 0 - CUDA_VISIBLE_DEVICES: [0]
[I 2023-12-16 06:35:56,144] Trial 39 finished with value: 43.249263763427734 and parameters: {'gradient_clip_val': 0.7402835110107233, 'hidden_size': 36, 'dropout': 0.3103971349465696, 'hidden_continuous_size': 13, 'attention_head_size': 4, 'learning_rate': 0.0006454583847359514}. Best is trial 33 with value: 36.015865325927734.
LOCAL_RANK: 0 - CUDA_VISIBLE_DEVICES: [0]
[I 2023-12-16 06:36:49,136] Trial 40 finished with value: 63.433231353759766 and parameters: {'gradient_clip_val': 0.5474722156538859, 'hidden_size': 38, 'dropout': 0.2666511684155225, 'hidden_continuous_size': 16, 'attention_head_size': 4, 'learning_rate': 0.0006552505583917491}. Best is trial 33 with value: 36.015865325927734.
LOCAL_RANK: 0 - CUDA_VISIBLE_DEVICES: [0]
[I 2023-12-16 06:37:39,088] Trial 41 finished with value: 52.8282470703125 and parameters: {'gradient_clip_val': 0.7449671948208311, 'hidden_size': 29, 'dropout': 0.30925073198843284, 'hidden_continuous_size': 13, 'attention_head_size': 4, 'learning_rate': 0.0006257427023214373}. Best is trial 33 with value: 36.015865325927734.
LOCAL_RANK: 0 - CUDA_VISIBLE_DEVICES: [0]
[I 2023-12-16 06:38:31,786] Trial 42 finished with value: 43.04556655883789 and parameters: {'gradient_clip_val': 0.913635285513847, 'hidden_size': 48, 'dropout': 0.286960177155871, 'hidden_continuous_size': 11, 'attention_head_size': 4, 'learning_rate': 0.0009286432374770168}. Best is trial 33 with value: 36.015865325927734.
LOCAL_RANK: 0 - CUDA_VISIBLE_DEVICES: [0]
[I 2023-12-16 06:39:23,446] Trial 43 finished with value: 63.45399856567383 and parameters: {'gradient_clip_val': 0.9191341981095114, 'hidden_size': 40, 'dropout': 0.28418876476622046, 'hidden_continuous_size': 13, 'attention_head_size': 4, 'learning_rate': 0.0009144011401129727}. Best is trial 33 with value: 36.015865325927734.
LOCAL_RANK: 0 - CUDA_VISIBLE_DEVICES: [0]
[I 2023-12-16 06:40:12,216] Trial 44 finished with value: 41.522308349609375 and parameters: {'gradient_clip_val': 0.850175331539041, 'hidden_size': 32, 'dropout': 0.23334242832249696, 'hidden_continuous_size': 11, 'attention_head_size': 3, 'learning_rate': 0.0006306126896752776}. Best is trial 33 with value: 36.015865325927734.
LOCAL_RANK: 0 - CUDA_VISIBLE_DEVICES: [0]
[I 2023-12-16 06:41:01,966] Trial 45 finished with value: 36.872039794921875 and parameters: {'gradient_clip_val': 0.8105227885426636, 'hidden_size': 33, 'dropout': 0.230112286365566, 'hidden_continuous_size': 7, 'attention_head_size': 3, 'learning_rate': 0.0005141676528455456}. Best is trial 33 with value: 36.015865325927734.
LOCAL_RANK: 0 - CUDA_VISIBLE_DEVICES: [0]
[I 2023-12-16 06:41:51,078] Trial 46 finished with value: 42.600929260253906 and parameters: {'gradient_clip_val': 0.9767270210264726, 'hidden_size': 25, 'dropout': 0.22478547694038373, 'hidden_continuous_size': 7, 'attention_head_size': 3, 'learning_rate': 0.0005115352857828297}. Best is trial 33 with value: 36.015865325927734.
LOCAL_RANK: 0 - CUDA_VISIBLE_DEVICES: [0]
[I 2023-12-16 06:42:39,982] Trial 47 finished with value: 53.3212890625 and parameters: {'gradient_clip_val': 0.979499727559444, 'hidden_size': 22, 'dropout': 0.22967260885934274, 'hidden_continuous_size': 7, 'attention_head_size': 3, 'learning_rate': 0.000521284809363733}. Best is trial 33 with value: 36.015865325927734.
LOCAL_RANK: 0 - CUDA_VISIBLE_DEVICES: [0]
[I 2023-12-16 06:43:28,804] Trial 48 finished with value: 51.74700927734375 and parameters: {'gradient_clip_val': 0.8294201510856736, 'hidden_size': 25, 'dropout': 0.21443952828040538, 'hidden_continuous_size': 6, 'attention_head_size': 3, 'learning_rate': 0.0005493024211720294}. Best is trial 33 with value: 36.015865325927734.
LOCAL_RANK: 0 - CUDA_VISIBLE_DEVICES: [0]
[I 2023-12-16 06:44:18,432] Trial 49 finished with value: 44.17937088012695 and parameters: {'gradient_clip_val': 0.8300605876957945, 'hidden_size': 31, 'dropout': 0.20176863686663726, 'hidden_continuous_size': 7, 'attention_head_size': 3, 'learning_rate': 0.0007739132709505246}. Best is trial 33 with value: 36.015865325927734.
[I 2023-12-16 06:44:18,527] A new study created in memory with name: no-name-ef81d65c-4511-4ec3-90ae-05990e91cc1c
/home/le004/conda/anaconda3/envs/tsff_env/lib/python3.9/site-packages/lightning/fabric/plugins/environments/slurm.py:191: The `srun` command is available on your system but is not used. HINT: If your intention is to run Lightning on SLURM, prepend your python command with `srun` like so: srun python /home/le004/master_thesis/git/TSFusionForecast/code/ ...
LOCAL_RANK: 0 - CUDA_VISIBLE_DEVICES: [0]
[I 2023-12-16 06:44:53,039] Trial 0 finished with value: 30.9210147857666 and parameters: {'gradient_clip_val': 0.1769746303152975, 'hidden_size': 5, 'dropout': 0.20430507510638343, 'hidden_continuous_size': 5, 'attention_head_size': 1, 'learning_rate': 0.0020259512478827154}. Best is trial 0 with value: 30.9210147857666.
LOCAL_RANK: 0 - CUDA_VISIBLE_DEVICES: [0]
