[I 2023-12-15 16:23:31,638] Trial 49 finished with value: 2722.7978515625 and parameters: {'gradient_clip_val': 0.10972367853322695, 'hidden_size': 75, 'dropout': 0.19007740157215564, 'hidden_continuous_size': 65, 'attention_head_size': 2, 'learning_rate': 0.07708615135837923}. Best is trial 36 with value: 462.5606689453125.
[I 2023-12-15 16:23:31,731] A new study created in memory with name: no-name-208b2aac-f55a-447c-8672-fa71c45f56e4
/home/le004/conda/anaconda3/envs/tsff_env/lib/python3.9/site-packages/lightning/fabric/plugins/environments/slurm.py:191: The `srun` command is available on your system but is not used. HINT: If your intention is to run Lightning on SLURM, prepend your python command with `srun` like so: srun python /home/le004/master_thesis/git/TSFusionForecast/code/ ...
LOCAL_RANK: 0 - CUDA_VISIBLE_DEVICES: [0]
[I 2023-12-15 16:24:24,544] Trial 0 finished with value: 1.3923264741897583 and parameters: {'gradient_clip_val': 0.5156602096637425, 'hidden_size': 47, 'dropout': 0.21246864689806003, 'hidden_continuous_size': 23, 'attention_head_size': 2, 'learning_rate': 0.0009058871685638984}. Best is trial 0 with value: 1.3923264741897583.
LOCAL_RANK: 0 - CUDA_VISIBLE_DEVICES: [0]
[I 2023-12-15 16:25:00,277] Trial 1 finished with value: 3.32382869720459 and parameters: {'gradient_clip_val': 0.15067507306975766, 'hidden_size': 5, 'dropout': 0.12916127178645512, 'hidden_continuous_size': 5, 'attention_head_size': 2, 'learning_rate': 0.009204141398266814}. Best is trial 0 with value: 1.3923264741897583.
LOCAL_RANK: 0 - CUDA_VISIBLE_DEVICES: [0]
[I 2023-12-15 16:25:46,002] Trial 2 finished with value: 1.9392951726913452 and parameters: {'gradient_clip_val': 0.11103035880656636, 'hidden_size': 9, 'dropout': 0.3390298911570022, 'hidden_continuous_size': 8, 'attention_head_size': 2, 'learning_rate': 0.0009654234186984745}. Best is trial 0 with value: 1.3923264741897583.
LOCAL_RANK: 0 - CUDA_VISIBLE_DEVICES: [0]
[I 2023-12-15 16:26:30,860] Trial 3 finished with value: 1.765059471130371 and parameters: {'gradient_clip_val': 0.7537083347397986, 'hidden_size': 8, 'dropout': 0.2618712625891769, 'hidden_continuous_size': 6, 'attention_head_size': 4, 'learning_rate': 0.01626755142655097}. Best is trial 0 with value: 1.3923264741897583.
LOCAL_RANK: 0 - CUDA_VISIBLE_DEVICES: [0]
[I 2023-12-15 16:27:16,710] Trial 4 finished with value: 2.074092149734497 and parameters: {'gradient_clip_val': 0.9465791339495916, 'hidden_size': 9, 'dropout': 0.37538235572691425, 'hidden_continuous_size': 7, 'attention_head_size': 3, 'learning_rate': 0.0014896383359421356}. Best is trial 0 with value: 1.3923264741897583.
LOCAL_RANK: 0 - CUDA_VISIBLE_DEVICES: [0]
[I 2023-12-15 16:28:08,550] Trial 5 finished with value: 2.195146322250366 and parameters: {'gradient_clip_val': 0.47580387302060273, 'hidden_size': 27, 'dropout': 0.26843992164123875, 'hidden_continuous_size': 24, 'attention_head_size': 4, 'learning_rate': 0.001312857373917169}. Best is trial 0 with value: 1.3923264741897583.
LOCAL_RANK: 0 - CUDA_VISIBLE_DEVICES: [0]
[I 2023-12-15 16:28:56,200] Trial 6 finished with value: 0.7767621874809265 and parameters: {'gradient_clip_val': 0.9114308570760126, 'hidden_size': 18, 'dropout': 0.11118166052182178, 'hidden_continuous_size': 11, 'attention_head_size': 1, 'learning_rate': 0.008192537161868808}. Best is trial 6 with value: 0.7767621874809265.
LOCAL_RANK: 0 - CUDA_VISIBLE_DEVICES: [0]
[I 2023-12-15 16:29:47,498] Trial 7 finished with value: 1.2581180334091187 and parameters: {'gradient_clip_val': 0.703375849226725, 'hidden_size': 30, 'dropout': 0.2967817530309382, 'hidden_continuous_size': 19, 'attention_head_size': 4, 'learning_rate': 0.022248352856261637}. Best is trial 6 with value: 0.7767621874809265.
LOCAL_RANK: 0 - CUDA_VISIBLE_DEVICES: [0]
[I 2023-12-15 16:30:33,717] Trial 8 finished with value: 0.3116703927516937 and parameters: {'gradient_clip_val': 0.6222724206594069, 'hidden_size': 10, 'dropout': 0.2488712982885976, 'hidden_continuous_size': 5, 'attention_head_size': 4, 'learning_rate': 0.07416497787940388}. Best is trial 8 with value: 0.3116703927516937.
LOCAL_RANK: 0 - CUDA_VISIBLE_DEVICES: [0]
[I 2023-12-15 16:31:20,064] Trial 9 finished with value: 0.7456552982330322 and parameters: {'gradient_clip_val': 0.2413587356797298, 'hidden_size': 14, 'dropout': 0.29957965712591667, 'hidden_continuous_size': 8, 'attention_head_size': 3, 'learning_rate': 0.08126240309864617}. Best is trial 8 with value: 0.3116703927516937.
LOCAL_RANK: 0 - CUDA_VISIBLE_DEVICES: [0]
[I 2023-12-15 16:32:17,609] Trial 10 finished with value: 0.624169647693634 and parameters: {'gradient_clip_val': 0.3287581032854152, 'hidden_size': 97, 'dropout': 0.19969387783216838, 'hidden_continuous_size': 66, 'attention_head_size': 3, 'learning_rate': 0.07559647127602659}. Best is trial 8 with value: 0.3116703927516937.
LOCAL_RANK: 0 - CUDA_VISIBLE_DEVICES: [0]
[I 2023-12-15 16:33:15,869] Trial 11 finished with value: 0.9166834950447083 and parameters: {'gradient_clip_val': 0.3727938517355388, 'hidden_size': 97, 'dropout': 0.2063554358420261, 'hidden_continuous_size': 77, 'attention_head_size': 3, 'learning_rate': 0.09664644585077879}. Best is trial 8 with value: 0.3116703927516937.
LOCAL_RANK: 0 - CUDA_VISIBLE_DEVICES: [0]
[I 2023-12-15 16:33:55,156] Trial 12 finished with value: 0.31489500403404236 and parameters: {'gradient_clip_val': 0.29044929125606733, 'hidden_size': 96, 'dropout': 0.199989498391832, 'hidden_continuous_size': 96, 'attention_head_size': 4, 'learning_rate': 0.04163990470236347}. Best is trial 8 with value: 0.3116703927516937.
LOCAL_RANK: 0 - CUDA_VISIBLE_DEVICES: [0]
[I 2023-12-15 16:34:48,078] Trial 13 finished with value: 0.09357955306768417 and parameters: {'gradient_clip_val': 0.24744175959825063, 'hidden_size': 56, 'dropout': 0.18613038786160646, 'hidden_continuous_size': 13, 'attention_head_size': 4, 'learning_rate': 0.037344190895709735}. Best is trial 13 with value: 0.09357955306768417.
LOCAL_RANK: 0 - CUDA_VISIBLE_DEVICES: [0]
[I 2023-12-15 16:35:39,277] Trial 14 finished with value: 0.5822873711585999 and parameters: {'gradient_clip_val': 0.2206130601954687, 'hidden_size': 45, 'dropout': 0.1582275823305867, 'hidden_continuous_size': 5, 'attention_head_size': 4, 'learning_rate': 0.034830503120601125}. Best is trial 13 with value: 0.09357955306768417.
LOCAL_RANK: 0 - CUDA_VISIBLE_DEVICES: [0]
[I 2023-12-15 16:36:24,574] Trial 15 finished with value: 0.701240062713623 and parameters: {'gradient_clip_val': 0.4981242815707512, 'hidden_size': 15, 'dropout': 0.23622261385219862, 'hidden_continuous_size': 5, 'attention_head_size': 1, 'learning_rate': 0.045093327725392124}. Best is trial 13 with value: 0.09357955306768417.
LOCAL_RANK: 0 - CUDA_VISIBLE_DEVICES: [0]
[I 2023-12-15 16:37:17,955] Trial 16 finished with value: 1.6244525909423828 and parameters: {'gradient_clip_val': 0.1921258664394321, 'hidden_size': 51, 'dropout': 0.16644371099649663, 'hidden_continuous_size': 12, 'attention_head_size': 4, 'learning_rate': 0.018968331949953565}. Best is trial 13 with value: 0.09357955306768417.
LOCAL_RANK: 0 - CUDA_VISIBLE_DEVICES: [0]
[I 2023-12-15 16:38:05,577] Trial 17 finished with value: 1.1731775999069214 and parameters: {'gradient_clip_val': 0.4001773820171435, 'hidden_size': 24, 'dropout': 0.2407076658874394, 'hidden_continuous_size': 6, 'attention_head_size': 3, 'learning_rate': 0.0033804678350050146}. Best is trial 13 with value: 0.09357955306768417.
LOCAL_RANK: 0 - CUDA_VISIBLE_DEVICES: [0]
[I 2023-12-15 16:38:50,924] Trial 18 finished with value: 0.4410461485385895 and parameters: {'gradient_clip_val': 0.28833749221699245, 'hidden_size': 12, 'dropout': 0.17136172503433442, 'hidden_continuous_size': 5, 'attention_head_size': 4, 'learning_rate': 0.055933535348151896}. Best is trial 13 with value: 0.09357955306768417.
LOCAL_RANK: 0 - CUDA_VISIBLE_DEVICES: [0]
[I 2023-12-15 16:39:27,174] Trial 19 finished with value: 2.8121426105499268 and parameters: {'gradient_clip_val': 0.613247020613565, 'hidden_size': 5, 'dropout': 0.14243189039517423, 'hidden_continuous_size': 5, 'attention_head_size': 3, 'learning_rate': 0.028916046139085435}. Best is trial 13 with value: 0.09357955306768417.
LOCAL_RANK: 0 - CUDA_VISIBLE_DEVICES: [0]
[I 2023-12-15 16:40:14,850] Trial 20 finished with value: 3.4214465618133545 and parameters: {'gradient_clip_val': 0.3983147595109042, 'hidden_size': 19, 'dropout': 0.10574669898277717, 'hidden_continuous_size': 6, 'attention_head_size': 4, 'learning_rate': 0.09826414227193297}. Best is trial 13 with value: 0.09357955306768417.
LOCAL_RANK: 0 - CUDA_VISIBLE_DEVICES: [0]
[I 2023-12-15 16:41:09,929] Trial 21 finished with value: 0.9558713436126709 and parameters: {'gradient_clip_val': 0.2709265864799324, 'hidden_size': 73, 'dropout': 0.1764747413834113, 'hidden_continuous_size': 35, 'attention_head_size': 4, 'learning_rate': 0.05046804863090598}. Best is trial 13 with value: 0.09357955306768417.
LOCAL_RANK: 0 - CUDA_VISIBLE_DEVICES: [0]
[I 2023-12-15 16:42:03,245] Trial 22 finished with value: 2.9606685638427734 and parameters: {'gradient_clip_val': 0.3266511468375035, 'hidden_size': 64, 'dropout': 0.21942991940680504, 'hidden_continuous_size': 12, 'attention_head_size': 4, 'learning_rate': 0.0341205703514881}. Best is trial 13 with value: 0.09357955306768417.
LOCAL_RANK: 0 - CUDA_VISIBLE_DEVICES: [0]
[I 2023-12-15 16:42:54,371] Trial 23 finished with value: 2.359332799911499 and parameters: {'gradient_clip_val': 0.20990310149962932, 'hidden_size': 34, 'dropout': 0.18622285592831786, 'hidden_continuous_size': 14, 'attention_head_size': 4, 'learning_rate': 0.05734738060602978}. Best is trial 13 with value: 0.09357955306768417.
LOCAL_RANK: 0 - CUDA_VISIBLE_DEVICES: [0]
[I 2023-12-15 16:43:49,655] Trial 24 finished with value: 0.708512008190155 and parameters: {'gradient_clip_val': 0.27909133581580914, 'hidden_size': 75, 'dropout': 0.22845035247525083, 'hidden_continuous_size': 49, 'attention_head_size': 3, 'learning_rate': 0.014369327923690157}. Best is trial 13 with value: 0.09357955306768417.
LOCAL_RANK: 0 - CUDA_VISIBLE_DEVICES: [0]
[I 2023-12-15 16:44:39,850] Trial 25 finished with value: 2.152427911758423 and parameters: {'gradient_clip_val': 0.1668583813136886, 'hidden_size': 34, 'dropout': 0.19188430386994879, 'hidden_continuous_size': 9, 'attention_head_size': 4, 'learning_rate': 0.029880385462910348}. Best is trial 13 with value: 0.09357955306768417.
LOCAL_RANK: 0 - CUDA_VISIBLE_DEVICES: [0]
[I 2023-12-15 16:45:33,406] Trial 26 finished with value: 0.42523816227912903 and parameters: {'gradient_clip_val': 0.251772304477105, 'hidden_size': 55, 'dropout': 0.2576469170367189, 'hidden_continuous_size': 19, 'attention_head_size': 3, 'learning_rate': 0.046237071013150506}. Best is trial 13 with value: 0.09357955306768417.
LOCAL_RANK: 0 - CUDA_VISIBLE_DEVICES: [0]
[I 2023-12-15 16:46:26,757] Trial 27 finished with value: 0.12323611974716187 and parameters: {'gradient_clip_val': 0.31490173037307484, 'hidden_size': 41, 'dropout': 0.20035952425338494, 'hidden_continuous_size': 15, 'attention_head_size': 4, 'learning_rate': 0.011381899818603151}. Best is trial 13 with value: 0.09357955306768417.
LOCAL_RANK: 0 - CUDA_VISIBLE_DEVICES: [0]
[I 2023-12-15 16:47:17,148] Trial 28 finished with value: 0.5990580320358276 and parameters: {'gradient_clip_val': 0.3483550748815387, 'hidden_size': 37, 'dropout': 0.15314929540818087, 'hidden_continuous_size': 10, 'attention_head_size': 2, 'learning_rate': 0.013076725894575323}. Best is trial 13 with value: 0.09357955306768417.
LOCAL_RANK: 0 - CUDA_VISIBLE_DEVICES: [0]
[I 2023-12-15 16:48:09,185] Trial 29 finished with value: 1.176095962524414 and parameters: {'gradient_clip_val': 0.44943161858641045, 'hidden_size': 41, 'dropout': 0.21962826990272882, 'hidden_continuous_size': 14, 'attention_head_size': 2, 'learning_rate': 0.005415709101264029}. Best is trial 13 with value: 0.09357955306768417.
LOCAL_RANK: 0 - CUDA_VISIBLE_DEVICES: [0]
[I 2023-12-15 16:48:58,642] Trial 30 finished with value: 1.6309943199157715 and parameters: {'gradient_clip_val': 0.6151333074807173, 'hidden_size': 23, 'dropout': 0.21379303457921633, 'hidden_continuous_size': 9, 'attention_head_size': 4, 'learning_rate': 0.0676811884261933}. Best is trial 13 with value: 0.09357955306768417.
LOCAL_RANK: 0 - CUDA_VISIBLE_DEVICES: [0]
[I 2023-12-15 16:49:52,518] Trial 31 finished with value: 3.165693521499634 and parameters: {'gradient_clip_val': 0.3113168039880552, 'hidden_size': 55, 'dropout': 0.19387219052008955, 'hidden_continuous_size': 26, 'attention_head_size': 4, 'learning_rate': 0.022439190577256827}. Best is trial 13 with value: 0.09357955306768417.
LOCAL_RANK: 0 - CUDA_VISIBLE_DEVICES: [0]
[I 2023-12-15 16:50:45,880] Trial 32 finished with value: 1.6710847616195679 and parameters: {'gradient_clip_val': 0.4266897086153707, 'hidden_size': 45, 'dropout': 0.18004679694302766, 'hidden_continuous_size': 20, 'attention_head_size': 4, 'learning_rate': 0.04142116500201693}. Best is trial 13 with value: 0.09357955306768417.
LOCAL_RANK: 0 - CUDA_VISIBLE_DEVICES: [0]
[I 2023-12-15 16:51:40,054] Trial 33 finished with value: 0.4009470045566559 and parameters: {'gradient_clip_val': 0.3700473853307132, 'hidden_size': 75, 'dropout': 0.20575207389145947, 'hidden_continuous_size': 15, 'attention_head_size': 4, 'learning_rate': 0.025932427849968978}. Best is trial 13 with value: 0.09357955306768417.
LOCAL_RANK: 0 - CUDA_VISIBLE_DEVICES: [0]
[I 2023-12-15 16:52:33,780] Trial 34 finished with value: 1.3534988164901733 and parameters: {'gradient_clip_val': 0.2485022428709885, 'hidden_size': 61, 'dropout': 0.13460530714726932, 'hidden_continuous_size': 17, 'attention_head_size': 4, 'learning_rate': 0.01262747787776525}. Best is trial 13 with value: 0.09357955306768417.
LOCAL_RANK: 0 - CUDA_VISIBLE_DEVICES: [0]
[I 2023-12-15 16:53:27,284] Trial 35 finished with value: 0.9530034065246582 and parameters: {'gradient_clip_val': 0.3117853128244651, 'hidden_size': 45, 'dropout': 0.2472545322086307, 'hidden_continuous_size': 27, 'attention_head_size': 3, 'learning_rate': 0.06635569227609218}. Best is trial 13 with value: 0.09357955306768417.
LOCAL_RANK: 0 - CUDA_VISIBLE_DEVICES: [0]
[I 2023-12-15 16:54:12,991] Trial 36 finished with value: 3.7242848873138428 and parameters: {'gradient_clip_val': 0.43544496935620797, 'hidden_size': 6, 'dropout': 0.22823572343222068, 'hidden_continuous_size': 5, 'attention_head_size': 4, 'learning_rate': 0.039193886130678236}. Best is trial 13 with value: 0.09357955306768417.
LOCAL_RANK: 0 - CUDA_VISIBLE_DEVICES: [0]
[I 2023-12-15 16:55:07,309] Trial 37 finished with value: 1.0684148073196411 and parameters: {'gradient_clip_val': 0.534167585795738, 'hidden_size': 88, 'dropout': 0.15368753965369808, 'hidden_continuous_size': 30, 'attention_head_size': 4, 'learning_rate': 0.01857948731037863}. Best is trial 13 with value: 0.09357955306768417.
LOCAL_RANK: 0 - CUDA_VISIBLE_DEVICES: [0]
[I 2023-12-15 16:55:55,727] Trial 38 finished with value: 0.4701833724975586 and parameters: {'gradient_clip_val': 0.18332855161627343, 'hidden_size': 28, 'dropout': 0.270281246293127, 'hidden_continuous_size': 11, 'attention_head_size': 3, 'learning_rate': 0.010399564171111325}. Best is trial 13 with value: 0.09357955306768417.
LOCAL_RANK: 0 - CUDA_VISIBLE_DEVICES: [0]
[I 2023-12-15 16:56:49,743] Trial 39 finished with value: 2.227651596069336 and parameters: {'gradient_clip_val': 0.2858961442487358, 'hidden_size': 65, 'dropout': 0.122682244008636, 'hidden_continuous_size': 17, 'attention_head_size': 4, 'learning_rate': 0.02486925027011997}. Best is trial 13 with value: 0.09357955306768417.
LOCAL_RANK: 0 - CUDA_VISIBLE_DEVICES: [0]
[I 2023-12-15 16:57:42,537] Trial 40 finished with value: 2.1104884147644043 and parameters: {'gradient_clip_val': 0.9969828698569203, 'hidden_size': 82, 'dropout': 0.19089534845031028, 'hidden_continuous_size': 7, 'attention_head_size': 2, 'learning_rate': 0.017262510184459987}. Best is trial 13 with value: 0.09357955306768417.
LOCAL_RANK: 0 - CUDA_VISIBLE_DEVICES: [0]
[I 2023-12-15 16:58:36,196] Trial 41 finished with value: 1.0108380317687988 and parameters: {'gradient_clip_val': 0.37341254559926035, 'hidden_size': 76, 'dropout': 0.20992814311353683, 'hidden_continuous_size': 15, 'attention_head_size': 4, 'learning_rate': 0.02718056796612003}. Best is trial 13 with value: 0.09357955306768417.
LOCAL_RANK: 0 - CUDA_VISIBLE_DEVICES: [0]
[I 2023-12-15 16:59:31,297] Trial 42 finished with value: 1.383657455444336 and parameters: {'gradient_clip_val': 0.3510132720715438, 'hidden_size': 90, 'dropout': 0.2105030998354421, 'hidden_continuous_size': 22, 'attention_head_size': 4, 'learning_rate': 0.036282289329277795}. Best is trial 13 with value: 0.09357955306768417.
LOCAL_RANK: 0 - CUDA_VISIBLE_DEVICES: [0]
[I 2023-12-15 17:00:25,154] Trial 43 finished with value: 0.6150726675987244 and parameters: {'gradient_clip_val': 0.22659099786261222, 'hidden_size': 70, 'dropout': 0.20134879450254373, 'hidden_continuous_size': 15, 'attention_head_size': 4, 'learning_rate': 0.053659415348718785}. Best is trial 13 with value: 0.09357955306768417.
LOCAL_RANK: 0 - CUDA_VISIBLE_DEVICES: [0]
[I 2023-12-15 17:01:17,618] Trial 44 finished with value: 0.28517064452171326 and parameters: {'gradient_clip_val': 0.8516928208853647, 'hidden_size': 60, 'dropout': 0.17021263722543759, 'hidden_continuous_size': 22, 'attention_head_size': 1, 'learning_rate': 0.07932609012128337}. Best is trial 13 with value: 0.09357955306768417.
LOCAL_RANK: 0 - CUDA_VISIBLE_DEVICES: [0]
[I 2023-12-15 17:02:10,706] Trial 45 finished with value: 3.422248601913452 and parameters: {'gradient_clip_val': 0.8853367718762452, 'hidden_size': 57, 'dropout': 0.16824885109484466, 'hidden_continuous_size': 22, 'attention_head_size': 1, 'learning_rate': 0.07627225073583313}. Best is trial 13 with value: 0.09357955306768417.
LOCAL_RANK: 0 - CUDA_VISIBLE_DEVICES: [0]
[I 2023-12-15 17:03:03,561] Trial 46 finished with value: 1.8510123491287231 and parameters: {'gradient_clip_val': 0.7924481155727633, 'hidden_size': 50, 'dropout': 0.1822106061675472, 'hidden_continuous_size': 13, 'attention_head_size': 1, 'learning_rate': 0.09652397240056745}. Best is trial 13 with value: 0.09357955306768417.
LOCAL_RANK: 0 - CUDA_VISIBLE_DEVICES: [0]
[I 2023-12-15 17:03:59,442] Trial 47 finished with value: 0.9471490979194641 and parameters: {'gradient_clip_val': 0.8454858855838214, 'hidden_size': 95, 'dropout': 0.14193728002933648, 'hidden_continuous_size': 41, 'attention_head_size': 1, 'learning_rate': 0.06490703652894558}. Best is trial 13 with value: 0.09357955306768417.
LOCAL_RANK: 0 - CUDA_VISIBLE_DEVICES: [0]
[I 2023-12-15 17:04:39,827] Trial 48 finished with value: 0.13450561463832855 and parameters: {'gradient_clip_val': 0.7088026808559685, 'hidden_size': 84, 'dropout': 0.1637679607670848, 'hidden_continuous_size': 84, 'attention_head_size': 2, 'learning_rate': 0.045886050001781434}. Best is trial 13 with value: 0.09357955306768417.
LOCAL_RANK: 0 - CUDA_VISIBLE_DEVICES: [0]
[I 2023-12-15 17:05:33,246] Trial 49 finished with value: 0.3422524034976959 and parameters: {'gradient_clip_val': 0.7515261242313485, 'hidden_size': 61, 'dropout': 0.16659803432942302, 'hidden_continuous_size': 18, 'attention_head_size': 2, 'learning_rate': 0.08628893062140634}. Best is trial 13 with value: 0.09357955306768417.
[I 2023-12-15 17:05:33,341] A new study created in memory with name: no-name-100e503b-226c-40c1-b6bd-bd447e370dfe
/home/le004/conda/anaconda3/envs/tsff_env/lib/python3.9/site-packages/lightning/fabric/plugins/environments/slurm.py:191: The `srun` command is available on your system but is not used. HINT: If your intention is to run Lightning on SLURM, prepend your python command with `srun` like so: srun python /home/le004/master_thesis/git/TSFusionForecast/code/ ...
LOCAL_RANK: 0 - CUDA_VISIBLE_DEVICES: [0]
[I 2023-12-15 17:06:23,495] Trial 0 finished with value: 3.165787935256958 and parameters: {'gradient_clip_val': 0.804660151518468, 'hidden_size': 39, 'dropout': 0.2934038747338701, 'hidden_continuous_size': 5, 'attention_head_size': 4, 'learning_rate': 0.003186879038781563}. Best is trial 0 with value: 3.165787935256958.
LOCAL_RANK: 0 - CUDA_VISIBLE_DEVICES: [0]
[I 2023-12-15 17:07:09,401] Trial 1 finished with value: 2.861255645751953 and parameters: {'gradient_clip_val': 0.6703176206588916, 'hidden_size': 11, 'dropout': 0.1999735352541898, 'hidden_continuous_size': 7, 'attention_head_size': 2, 'learning_rate': 0.046299248646901714}. Best is trial 1 with value: 2.861255645751953.
LOCAL_RANK: 0 - CUDA_VISIBLE_DEVICES: [0]
[I 2023-12-15 17:07:54,126] Trial 2 finished with value: 2.111095428466797 and parameters: {'gradient_clip_val': 0.8447821163075173, 'hidden_size': 6, 'dropout': 0.10158401009281125, 'hidden_continuous_size': 5, 'attention_head_size': 1, 'learning_rate': 0.018580430662749847}. Best is trial 2 with value: 2.111095428466797.
LOCAL_RANK: 0 - CUDA_VISIBLE_DEVICES: [0]
[I 2023-12-15 17:08:40,302] Trial 3 finished with value: 2.519587278366089 and parameters: {'gradient_clip_val': 0.7567357701341081, 'hidden_size': 6, 'dropout': 0.18236425973630582, 'hidden_continuous_size': 5, 'attention_head_size': 4, 'learning_rate': 0.0011699070170094947}. Best is trial 2 with value: 2.111095428466797.
LOCAL_RANK: 0 - CUDA_VISIBLE_DEVICES: [0]
[I 2023-12-15 17:09:28,946] Trial 4 finished with value: 2.5199737548828125 and parameters: {'gradient_clip_val': 0.502175242379709, 'hidden_size': 30, 'dropout': 0.39685103298823354, 'hidden_continuous_size': 6, 'attention_head_size': 2, 'learning_rate': 0.09988054876432825}. Best is trial 2 with value: 2.111095428466797.
LOCAL_RANK: 0 - CUDA_VISIBLE_DEVICES: [0]
