[I 2023-12-27 11:23:35,766] Trial 6 finished with value: 44.10282516479492 and parameters: {'gradient_clip_val': 0.7224386374515426, 'hidden_size': 132, 'dropout': 0.25893808454726486, 'hidden_continuous_size': 98, 'attention_head_size': 3, 'learning_rate': 0.007340365868846747}. Best is trial 0 with value: 20.145933151245117.
LOCAL_RANK: 0 - CUDA_VISIBLE_DEVICES: [0]
[I 2023-12-27 11:23:36,175] Trial 7 finished with value: 40.57746887207031 and parameters: {'gradient_clip_val': 0.36107650843375255, 'hidden_size': 7, 'dropout': 0.18930627544698, 'hidden_continuous_size': 6, 'attention_head_size': 1, 'learning_rate': 0.01619166951066257}. Best is trial 0 with value: 20.145933151245117.
LOCAL_RANK: 0 - CUDA_VISIBLE_DEVICES: [0]
[I 2023-12-27 11:23:36,869] Trial 8 finished with value: 38.11882019042969 and parameters: {'gradient_clip_val': 0.21355440995195354, 'hidden_size': 33, 'dropout': 0.497334412514182, 'hidden_continuous_size': 6, 'attention_head_size': 4, 'learning_rate': 0.06531648851373491}. Best is trial 0 with value: 20.145933151245117.
LOCAL_RANK: 0 - CUDA_VISIBLE_DEVICES: [0]
[I 2023-12-27 11:23:37,255] Trial 9 finished with value: 37.52910232543945 and parameters: {'gradient_clip_val': 0.3514422942298829, 'hidden_size': 7, 'dropout': 0.38725108303512956, 'hidden_continuous_size': 7, 'attention_head_size': 2, 'learning_rate': 0.008802662420229071}. Best is trial 0 with value: 20.145933151245117.
LOCAL_RANK: 0 - CUDA_VISIBLE_DEVICES: [0]
[I 2023-12-27 11:23:37,693] Trial 10 finished with value: 54.85361099243164 and parameters: {'gradient_clip_val': 0.5087538474278276, 'hidden_size': 14, 'dropout': 0.1467117725290298, 'hidden_continuous_size': 5, 'attention_head_size': 1, 'learning_rate': 0.0026287913386717045}. Best is trial 0 with value: 20.145933151245117.
LOCAL_RANK: 0 - CUDA_VISIBLE_DEVICES: [0]
[I 2023-12-27 11:23:38,125] Trial 11 finished with value: 29.0041561126709 and parameters: {'gradient_clip_val': 0.10770803550074694, 'hidden_size': 20, 'dropout': 0.22110918479339545, 'hidden_continuous_size': 9, 'attention_head_size': 1, 'learning_rate': 0.0005843691956987268}. Best is trial 0 with value: 20.145933151245117.
LOCAL_RANK: 0 - CUDA_VISIBLE_DEVICES: [0]
[I 2023-12-27 11:23:38,566] Trial 12 finished with value: 44.380374908447266 and parameters: {'gradient_clip_val': 0.10073713233353725, 'hidden_size': 17, 'dropout': 0.2964772449960593, 'hidden_continuous_size': 9, 'attention_head_size': 1, 'learning_rate': 0.0006616398713235725}. Best is trial 0 with value: 20.145933151245117.
LOCAL_RANK: 0 - CUDA_VISIBLE_DEVICES: [0]
[I 2023-12-27 11:23:38,965] Trial 13 finished with value: 37.12171936035156 and parameters: {'gradient_clip_val': 0.1486784846071491, 'hidden_size': 5, 'dropout': 0.1861239200823246, 'hidden_continuous_size': 5, 'attention_head_size': 2, 'learning_rate': 0.0005505127653584472}. Best is trial 0 with value: 20.145933151245117.
LOCAL_RANK: 0 - CUDA_VISIBLE_DEVICES: [0]
[I 2023-12-27 11:23:39,411] Trial 14 finished with value: 36.9508056640625 and parameters: {'gradient_clip_val': 0.4532329521470648, 'hidden_size': 18, 'dropout': 0.1015079214501908, 'hidden_continuous_size': 8, 'attention_head_size': 3, 'learning_rate': 0.003846108840641189}. Best is trial 0 with value: 20.145933151245117.
LOCAL_RANK: 0 - CUDA_VISIBLE_DEVICES: [0]
[I 2023-12-27 11:23:39,851] Trial 15 finished with value: 38.654117584228516 and parameters: {'gradient_clip_val': 0.16524043102541333, 'hidden_size': 9, 'dropout': 0.17397533515745156, 'hidden_continuous_size': 6, 'attention_head_size': 1, 'learning_rate': 0.0038025333640525896}. Best is trial 0 with value: 20.145933151245117.
LOCAL_RANK: 0 - CUDA_VISIBLE_DEVICES: [0]
[I 2023-12-27 11:23:40,291] Trial 16 finished with value: 34.28689193725586 and parameters: {'gradient_clip_val': 0.26352360030155686, 'hidden_size': 10, 'dropout': 0.2737205037438135, 'hidden_continuous_size': 7, 'attention_head_size': 2, 'learning_rate': 0.0013540149663166011}. Best is trial 0 with value: 20.145933151245117.
LOCAL_RANK: 0 - CUDA_VISIBLE_DEVICES: [0]
[I 2023-12-27 11:23:40,755] Trial 17 finished with value: 59.70884323120117 and parameters: {'gradient_clip_val': 0.13115822735683175, 'hidden_size': 19, 'dropout': 0.2245155243730246, 'hidden_continuous_size': 11, 'attention_head_size': 1, 'learning_rate': 0.0008478677120276252}. Best is trial 0 with value: 20.145933151245117.
LOCAL_RANK: 0 - CUDA_VISIBLE_DEVICES: [0]
[I 2023-12-27 11:23:41,153] Trial 18 finished with value: 38.53447723388672 and parameters: {'gradient_clip_val': 0.23384291973679666, 'hidden_size': 5, 'dropout': 0.3163752456046186, 'hidden_continuous_size': 5, 'attention_head_size': 2, 'learning_rate': 0.0005470196305633713}. Best is trial 0 with value: 20.145933151245117.
LOCAL_RANK: 0 - CUDA_VISIBLE_DEVICES: [0]
[I 2023-12-27 11:23:41,595] Trial 19 finished with value: 45.51784133911133 and parameters: {'gradient_clip_val': 0.3057033819475202, 'hidden_size': 12, 'dropout': 0.15502474224371793, 'hidden_continuous_size': 8, 'attention_head_size': 3, 'learning_rate': 0.0024910247796972257}. Best is trial 0 with value: 20.145933151245117.
LOCAL_RANK: 0 - CUDA_VISIBLE_DEVICES: [0]
[I 2023-12-27 11:23:42,041] Trial 20 finished with value: 34.13290023803711 and parameters: {'gradient_clip_val': 0.1779692318630818, 'hidden_size': 22, 'dropout': 0.20143460067275548, 'hidden_continuous_size': 10, 'attention_head_size': 1, 'learning_rate': 0.001001949871854414}. Best is trial 0 with value: 20.145933151245117.
LOCAL_RANK: 0 - CUDA_VISIBLE_DEVICES: [0]
[I 2023-12-27 11:23:42,514] Trial 21 finished with value: 43.4453010559082 and parameters: {'gradient_clip_val': 0.10770636462918423, 'hidden_size': 31, 'dropout': 0.2507892719522327, 'hidden_continuous_size': 13, 'attention_head_size': 1, 'learning_rate': 0.0011300197974663025}. Best is trial 0 with value: 20.145933151245117.
LOCAL_RANK: 0 - CUDA_VISIBLE_DEVICES: [0]
[I 2023-12-27 11:23:43,285] Trial 22 finished with value: 39.373016357421875 and parameters: {'gradient_clip_val': 0.12581917090104583, 'hidden_size': 27, 'dropout': 0.21671857211952295, 'hidden_continuous_size': 9, 'attention_head_size': 1, 'learning_rate': 0.001568603847080761}. Best is trial 0 with value: 20.145933151245117.
LOCAL_RANK: 0 - CUDA_VISIBLE_DEVICES: [0]
[I 2023-12-27 11:23:43,776] Trial 23 finished with value: 43.49399948120117 and parameters: {'gradient_clip_val': 0.14501190408946596, 'hidden_size': 41, 'dropout': 0.22290794604279543, 'hidden_continuous_size': 13, 'attention_head_size': 2, 'learning_rate': 0.0008375907479712546}. Best is trial 0 with value: 20.145933151245117.
LOCAL_RANK: 0 - CUDA_VISIBLE_DEVICES: [0]
[I 2023-12-27 11:23:44,222] Trial 24 finished with value: 36.375648498535156 and parameters: {'gradient_clip_val': 0.11285754262052594, 'hidden_size': 14, 'dropout': 0.16794948254402192, 'hidden_continuous_size': 8, 'attention_head_size': 1, 'learning_rate': 0.0005296808949508816}. Best is trial 0 with value: 20.145933151245117.
LOCAL_RANK: 0 - CUDA_VISIBLE_DEVICES: [0]
[I 2023-12-27 11:23:44,685] Trial 25 finished with value: 45.4981575012207 and parameters: {'gradient_clip_val': 0.10196510296137241, 'hidden_size': 24, 'dropout': 0.26966825367531855, 'hidden_continuous_size': 9, 'attention_head_size': 2, 'learning_rate': 0.002163581307710466}. Best is trial 0 with value: 20.145933151245117.
LOCAL_RANK: 0 - CUDA_VISIBLE_DEVICES: [0]
[I 2023-12-27 11:23:45,122] Trial 26 finished with value: 42.14936065673828 and parameters: {'gradient_clip_val': 0.12909189655627618, 'hidden_size': 8, 'dropout': 0.20763421637283416, 'hidden_continuous_size': 6, 'attention_head_size': 1, 'learning_rate': 0.0008751334729867746}. Best is trial 0 with value: 20.145933151245117.
LOCAL_RANK: 0 - CUDA_VISIBLE_DEVICES: [0]
[I 2023-12-27 11:23:45,549] Trial 27 finished with value: 37.818450927734375 and parameters: {'gradient_clip_val': 0.16542903931544123, 'hidden_size': 14, 'dropout': 0.14165446353568653, 'hidden_continuous_size': 7, 'attention_head_size': 1, 'learning_rate': 0.0011917646903887571}. Best is trial 0 with value: 20.145933151245117.
LOCAL_RANK: 0 - CUDA_VISIBLE_DEVICES: [0]
[I 2023-12-27 11:23:46,005] Trial 28 finished with value: 40.380462646484375 and parameters: {'gradient_clip_val': 0.19923483063133535, 'hidden_size': 9, 'dropout': 0.23784401144851688, 'hidden_continuous_size': 7, 'attention_head_size': 2, 'learning_rate': 0.004476039958974967}. Best is trial 0 with value: 20.145933151245117.
LOCAL_RANK: 0 - CUDA_VISIBLE_DEVICES: [0]
[I 2023-12-27 11:23:46,485] Trial 29 finished with value: 39.78970718383789 and parameters: {'gradient_clip_val': 0.1529578925518927, 'hidden_size': 40, 'dropout': 0.12382536092296895, 'hidden_continuous_size': 16, 'attention_head_size': 3, 'learning_rate': 0.0018203282796890284}. Best is trial 0 with value: 20.145933151245117.
LOCAL_RANK: 0 - CUDA_VISIBLE_DEVICES: [0]
[I 2023-12-27 11:23:46,926] Trial 30 finished with value: 37.14453125 and parameters: {'gradient_clip_val': 0.1237634714694748, 'hidden_size': 21, 'dropout': 0.1864135494726863, 'hidden_continuous_size': 8, 'attention_head_size': 1, 'learning_rate': 0.0014977909989173442}. Best is trial 0 with value: 20.145933151245117.
LOCAL_RANK: 0 - CUDA_VISIBLE_DEVICES: [0]
[I 2023-12-27 11:23:47,361] Trial 31 finished with value: 54.16470718383789 and parameters: {'gradient_clip_val': 0.9477220532562348, 'hidden_size': 6, 'dropout': 0.13698517155922335, 'hidden_continuous_size': 5, 'attention_head_size': 4, 'learning_rate': 0.01162636725355664}. Best is trial 0 with value: 20.145933151245117.
LOCAL_RANK: 0 - CUDA_VISIBLE_DEVICES: [0]
[I 2023-12-27 11:23:47,847] Trial 32 finished with value: 47.54228210449219 and parameters: {'gradient_clip_val': 0.2473240725242646, 'hidden_size': 59, 'dropout': 0.10180718720776266, 'hidden_continuous_size': 19, 'attention_head_size': 2, 'learning_rate': 0.005252316331883355}. Best is trial 0 with value: 20.145933151245117.
LOCAL_RANK: 0 - CUDA_VISIBLE_DEVICES: [0]
[I 2023-12-27 11:23:48,333] Trial 33 finished with value: 48.3315315246582 and parameters: {'gradient_clip_val': 0.4656381585876092, 'hidden_size': 60, 'dropout': 0.16575493938965694, 'hidden_continuous_size': 12, 'attention_head_size': 2, 'learning_rate': 0.027309885991017604}. Best is trial 0 with value: 20.145933151245117.
LOCAL_RANK: 0 - CUDA_VISIBLE_DEVICES: [0]
[I 2023-12-27 11:23:48,821] Trial 34 finished with value: 29.32939338684082 and parameters: {'gradient_clip_val': 0.18279985367406165, 'hidden_size': 88, 'dropout': 0.23429774283957602, 'hidden_continuous_size': 15, 'attention_head_size': 3, 'learning_rate': 0.009345737832671168}. Best is trial 0 with value: 20.145933151245117.
LOCAL_RANK: 0 - CUDA_VISIBLE_DEVICES: [0]
[I 2023-12-27 11:23:49,558] Trial 35 finished with value: 45.98793411254883 and parameters: {'gradient_clip_val': 0.11832559781904321, 'hidden_size': 94, 'dropout': 0.23619621350513093, 'hidden_continuous_size': 15, 'attention_head_size': 3, 'learning_rate': 0.002690666253380926}. Best is trial 0 with value: 20.145933151245117.
LOCAL_RANK: 0 - CUDA_VISIBLE_DEVICES: [0]
[I 2023-12-27 11:23:50,054] Trial 36 finished with value: 30.802839279174805 and parameters: {'gradient_clip_val': 0.1877000284426698, 'hidden_size': 83, 'dropout': 0.20606685253748633, 'hidden_continuous_size': 22, 'attention_head_size': 3, 'learning_rate': 0.006165601882999181}. Best is trial 0 with value: 20.145933151245117.
LOCAL_RANK: 0 - CUDA_VISIBLE_DEVICES: [0]
[I 2023-12-27 11:23:50,552] Trial 37 finished with value: 47.858272552490234 and parameters: {'gradient_clip_val': 0.18931657730924822, 'hidden_size': 86, 'dropout': 0.20772054533658757, 'hidden_continuous_size': 27, 'attention_head_size': 3, 'learning_rate': 0.005876224164533003}. Best is trial 0 with value: 20.145933151245117.
LOCAL_RANK: 0 - CUDA_VISIBLE_DEVICES: [0]
[I 2023-12-27 11:23:51,065] Trial 38 finished with value: 31.03130531311035 and parameters: {'gradient_clip_val': 0.1975988707951039, 'hidden_size': 141, 'dropout': 0.2494158519293438, 'hidden_continuous_size': 23, 'attention_head_size': 4, 'learning_rate': 0.009297088499882027}. Best is trial 0 with value: 20.145933151245117.
LOCAL_RANK: 0 - CUDA_VISIBLE_DEVICES: [0]
[I 2023-12-27 11:23:51,577] Trial 39 finished with value: 28.11309814453125 and parameters: {'gradient_clip_val': 0.22561320508611954, 'hidden_size': 115, 'dropout': 0.2820539822739477, 'hidden_continuous_size': 29, 'attention_head_size': 3, 'learning_rate': 0.006657128635064734}. Best is trial 0 with value: 20.145933151245117.
LOCAL_RANK: 0 - CUDA_VISIBLE_DEVICES: [0]
[I 2023-12-27 11:23:52,089] Trial 40 finished with value: 30.2142276763916 and parameters: {'gradient_clip_val': 0.21327704958109117, 'hidden_size': 107, 'dropout': 0.2854600242664703, 'hidden_continuous_size': 31, 'attention_head_size': 4, 'learning_rate': 0.008452711346797748}. Best is trial 0 with value: 20.145933151245117.
LOCAL_RANK: 0 - CUDA_VISIBLE_DEVICES: [0]
[I 2023-12-27 11:23:52,601] Trial 41 finished with value: 38.23286437988281 and parameters: {'gradient_clip_val': 0.22664154028775615, 'hidden_size': 119, 'dropout': 0.2860789396475661, 'hidden_continuous_size': 32, 'attention_head_size': 4, 'learning_rate': 0.007311771699832426}. Best is trial 0 with value: 20.145933151245117.
LOCAL_RANK: 0 - CUDA_VISIBLE_DEVICES: [0]
[I 2023-12-27 11:23:53,123] Trial 42 finished with value: 50.24319076538086 and parameters: {'gradient_clip_val': 0.27432854025269193, 'hidden_size': 114, 'dropout': 0.3080524683380476, 'hidden_continuous_size': 40, 'attention_head_size': 4, 'learning_rate': 0.012509053326586245}. Best is trial 0 with value: 20.145933151245117.
LOCAL_RANK: 0 - CUDA_VISIBLE_DEVICES: [0]
[I 2023-12-27 11:23:53,659] Trial 43 finished with value: 38.864566802978516 and parameters: {'gradient_clip_val': 0.21806698128049484, 'hidden_size': 109, 'dropout': 0.2712490793262268, 'hidden_continuous_size': 37, 'attention_head_size': 3, 'learning_rate': 0.009337723921721641}. Best is trial 0 with value: 20.145933151245117.
LOCAL_RANK: 0 - CUDA_VISIBLE_DEVICES: [0]
[I 2023-12-27 11:23:54,173] Trial 44 finished with value: 42.0861930847168 and parameters: {'gradient_clip_val': 0.28170460591519714, 'hidden_size': 138, 'dropout': 0.33520676255471543, 'hidden_continuous_size': 18, 'attention_head_size': 4, 'learning_rate': 0.0034730947578363496}. Best is trial 0 with value: 20.145933151245117.
LOCAL_RANK: 0 - CUDA_VISIBLE_DEVICES: [0]
[I 2023-12-27 11:23:54,652] Trial 45 finished with value: 34.43760681152344 and parameters: {'gradient_clip_val': 0.21183351529700048, 'hidden_size': 71, 'dropout': 0.25544754728828695, 'hidden_continuous_size': 47, 'attention_head_size': 3, 'learning_rate': 0.0050929376115866004}. Best is trial 0 with value: 20.145933151245117.
LOCAL_RANK: 0 - CUDA_VISIBLE_DEVICES: [0]
[I 2023-12-27 11:23:55,161] Trial 46 finished with value: 47.45445251464844 and parameters: {'gradient_clip_val': 0.3421074623134281, 'hidden_size': 146, 'dropout': 0.2914736300313509, 'hidden_continuous_size': 13, 'attention_head_size': 3, 'learning_rate': 0.0075392715560306375}. Best is trial 0 with value: 20.145933151245117.
LOCAL_RANK: 0 - CUDA_VISIBLE_DEVICES: [0]
[I 2023-12-27 11:23:55,678] Trial 47 finished with value: 48.09664535522461 and parameters: {'gradient_clip_val': 0.25402540996237233, 'hidden_size': 104, 'dropout': 0.23288715325306822, 'hidden_continuous_size': 27, 'attention_head_size': 4, 'learning_rate': 0.0205914829461287}. Best is trial 0 with value: 20.145933151245117.
LOCAL_RANK: 0 - CUDA_VISIBLE_DEVICES: [0]
[I 2023-12-27 11:23:56,427] Trial 48 finished with value: 32.443660736083984 and parameters: {'gradient_clip_val': 0.17297955946804003, 'hidden_size': 98, 'dropout': 0.3320912845521339, 'hidden_continuous_size': 10, 'attention_head_size': 3, 'learning_rate': 0.01330402576542841}. Best is trial 0 with value: 20.145933151245117.
LOCAL_RANK: 0 - CUDA_VISIBLE_DEVICES: [0]
[I 2023-12-27 11:23:56,924] Trial 49 finished with value: 45.42573165893555 and parameters: {'gradient_clip_val': 0.3016772481930305, 'hidden_size': 122, 'dropout': 0.19032249024297726, 'hidden_continuous_size': 15, 'attention_head_size': 3, 'learning_rate': 0.0033077032689290977}. Best is trial 0 with value: 20.145933151245117.
[I 2023-12-27 11:23:57,053] A new study created in memory with name: no-name-a28fdaf3-f14d-4edc-b077-8e0a66fce137
/home/le004/conda/anaconda3/envs/tsff_env/lib/python3.9/site-packages/lightning/fabric/plugins/environments/slurm.py:191: The `srun` command is available on your system but is not used. HINT: If your intention is to run Lightning on SLURM, prepend your python command with `srun` like so: srun python /home/le004/master_thesis/git/TSFusionForecast/code/ ...
LOCAL_RANK: 0 - CUDA_VISIBLE_DEVICES: [0]
[I 2023-12-27 11:24:18,082] Trial 0 finished with value: 4.023961544036865 and parameters: {'gradient_clip_val': 0.5492243785568441, 'hidden_size': 47, 'dropout': 0.36693805268397073, 'hidden_continuous_size': 9, 'attention_head_size': 4, 'learning_rate': 0.02028321166939192}. Best is trial 0 with value: 4.023961544036865.
LOCAL_RANK: 0 - CUDA_VISIBLE_DEVICES: [0]
[I 2023-12-27 11:24:18,504] Trial 1 finished with value: 19.043302536010742 and parameters: {'gradient_clip_val': 0.2913154102548987, 'hidden_size': 6, 'dropout': 0.29922750864632663, 'hidden_continuous_size': 5, 'attention_head_size': 4, 'learning_rate': 0.0007394026456108304}. Best is trial 0 with value: 4.023961544036865.
LOCAL_RANK: 0 - CUDA_VISIBLE_DEVICES: [0]
[I 2023-12-27 11:24:18,932] Trial 2 finished with value: 14.937859535217285 and parameters: {'gradient_clip_val': 0.3471864431849114, 'hidden_size': 27, 'dropout': 0.45588801352154096, 'hidden_continuous_size': 24, 'attention_head_size': 1, 'learning_rate': 0.0030746002069048845}. Best is trial 0 with value: 4.023961544036865.
LOCAL_RANK: 0 - CUDA_VISIBLE_DEVICES: [0]
[I 2023-12-27 11:24:19,406] Trial 3 finished with value: 21.196062088012695 and parameters: {'gradient_clip_val': 0.480501720306288, 'hidden_size': 113, 'dropout': 0.4165843657739793, 'hidden_continuous_size': 10, 'attention_head_size': 4, 'learning_rate': 0.0008733444280356484}. Best is trial 0 with value: 4.023961544036865.
LOCAL_RANK: 0 - CUDA_VISIBLE_DEVICES: [0]
[I 2023-12-27 11:24:19,839] Trial 4 finished with value: 19.65744972229004 and parameters: {'gradient_clip_val': 0.19177776698541035, 'hidden_size': 41, 'dropout': 0.47656667493527505, 'hidden_continuous_size': 8, 'attention_head_size': 2, 'learning_rate': 0.004664796497806138}. Best is trial 0 with value: 4.023961544036865.
LOCAL_RANK: 0 - CUDA_VISIBLE_DEVICES: [0]
[I 2023-12-27 11:24:20,265] Trial 5 finished with value: 19.38075828552246 and parameters: {'gradient_clip_val': 0.2398085169125833, 'hidden_size': 17, 'dropout': 0.28555196550064543, 'hidden_continuous_size': 6, 'attention_head_size': 3, 'learning_rate': 0.001015358705999097}. Best is trial 0 with value: 4.023961544036865.
LOCAL_RANK: 0 - CUDA_VISIBLE_DEVICES: [0]
[I 2023-12-27 11:24:20,683] Trial 6 finished with value: 16.028921127319336 and parameters: {'gradient_clip_val': 0.9196559966856563, 'hidden_size': 8, 'dropout': 0.43955219894765984, 'hidden_continuous_size': 6, 'attention_head_size': 2, 'learning_rate': 0.0008310575699070913}. Best is trial 0 with value: 4.023961544036865.
LOCAL_RANK: 0 - CUDA_VISIBLE_DEVICES: [0]
[I 2023-12-27 11:24:21,150] Trial 7 finished with value: 12.79886531829834 and parameters: {'gradient_clip_val': 0.7003186356588718, 'hidden_size': 59, 'dropout': 0.43254564323641176, 'hidden_continuous_size': 39, 'attention_head_size': 4, 'learning_rate': 0.008294799632794522}. Best is trial 0 with value: 4.023961544036865.
LOCAL_RANK: 0 - CUDA_VISIBLE_DEVICES: [0]
[I 2023-12-27 11:24:21,580] Trial 8 finished with value: 14.875686645507812 and parameters: {'gradient_clip_val': 0.4585086234159646, 'hidden_size': 8, 'dropout': 0.3402329629419325, 'hidden_continuous_size': 7, 'attention_head_size': 3, 'learning_rate': 0.07105465860781841}. Best is trial 0 with value: 4.023961544036865.
LOCAL_RANK: 0 - CUDA_VISIBLE_DEVICES: [0]
[I 2023-12-27 11:24:22,327] Trial 9 finished with value: 14.568171501159668 and parameters: {'gradient_clip_val': 0.399306561491065, 'hidden_size': 143, 'dropout': 0.4055137302113728, 'hidden_continuous_size': 14, 'attention_head_size': 3, 'learning_rate': 0.0005271872912374058}. Best is trial 0 with value: 4.023961544036865.
LOCAL_RANK: 0 - CUDA_VISIBLE_DEVICES: [0]
[I 2023-12-27 11:24:22,828] Trial 10 finished with value: 14.983898162841797 and parameters: {'gradient_clip_val': 0.1518991124554758, 'hidden_size': 70, 'dropout': 0.1808683499184864, 'hidden_continuous_size': 16, 'attention_head_size': 1, 'learning_rate': 0.02872822031887047}. Best is trial 0 with value: 4.023961544036865.
LOCAL_RANK: 0 - CUDA_VISIBLE_DEVICES: [0]
[I 2023-12-27 11:24:23,303] Trial 11 finished with value: 19.03162956237793 and parameters: {'gradient_clip_val': 0.7653230315968639, 'hidden_size': 59, 'dropout': 0.3651002884494322, 'hidden_continuous_size': 43, 'attention_head_size': 4, 'learning_rate': 0.014463101408186279}. Best is trial 0 with value: 4.023961544036865.
LOCAL_RANK: 0 - CUDA_VISIBLE_DEVICES: [0]
[I 2023-12-27 11:24:23,800] Trial 12 finished with value: 14.429369926452637 and parameters: {'gradient_clip_val': 0.619356773366529, 'hidden_size': 33, 'dropout': 0.3744814389177358, 'hidden_continuous_size': 10, 'attention_head_size': 4, 'learning_rate': 0.011177923751700937}. Best is trial 0 with value: 4.023961544036865.
LOCAL_RANK: 0 - CUDA_VISIBLE_DEVICES: [0]
[I 2023-12-27 11:24:24,331] Trial 13 finished with value: 20.631187438964844 and parameters: {'gradient_clip_val': 0.6212000825067945, 'hidden_size': 76, 'dropout': 0.494263598134847, 'hidden_continuous_size': 49, 'attention_head_size': 4, 'learning_rate': 0.023023059929959486}. Best is trial 0 with value: 4.023961544036865.
LOCAL_RANK: 0 - CUDA_VISIBLE_DEVICES: [0]
