[I 2023-12-26 12:01:00,815] Trial 43 finished with value: 2.5168371200561523 and parameters: {'gradient_clip_val': 0.6818470199254332, 'hidden_size': 5, 'dropout': 0.2900592949909823, 'hidden_continuous_size': 5, 'attention_head_size': 3, 'learning_rate': 0.043577687037409614}. Best is trial 0 with value: 0.04270496591925621.
[I 2023-12-26 12:01:03,216] Trial 44 finished with value: 2.860032796859741 and parameters: {'gradient_clip_val': 0.7294143455786511, 'hidden_size': 14, 'dropout': 0.3073259771856552, 'hidden_continuous_size': 9, 'attention_head_size': 2, 'learning_rate': 0.018236342285917032}. Best is trial 0 with value: 0.04270496591925621.
[I 2023-12-26 12:01:06,256] Trial 45 finished with value: 2.8851935863494873 and parameters: {'gradient_clip_val': 0.5856604764232962, 'hidden_size': 29, 'dropout': 0.32834796302899183, 'hidden_continuous_size': 16, 'attention_head_size': 4, 'learning_rate': 0.025332256530068945}. Best is trial 0 with value: 0.04270496591925621.
[I 2023-12-26 12:01:09,099] Trial 46 finished with value: 2.42618727684021 and parameters: {'gradient_clip_val': 0.493507799863185, 'hidden_size': 26, 'dropout': 0.35888081174274333, 'hidden_continuous_size': 13, 'attention_head_size': 3, 'learning_rate': 0.013685573011991393}. Best is trial 0 with value: 0.04270496591925621.
[I 2023-12-26 12:01:11,406] Trial 47 finished with value: 2.1179065704345703 and parameters: {'gradient_clip_val': 0.13655252161910544, 'hidden_size': 16, 'dropout': 0.2765406033678939, 'hidden_continuous_size': 8, 'attention_head_size': 3, 'learning_rate': 0.007603098446572683}. Best is trial 0 with value: 0.04270496591925621.
[I 2023-12-26 12:01:13,839] Trial 48 finished with value: 1.98878014087677 and parameters: {'gradient_clip_val': 0.14220347830227825, 'hidden_size': 17, 'dropout': 0.27389333326137794, 'hidden_continuous_size': 8, 'attention_head_size': 4, 'learning_rate': 0.007373609874871789}. Best is trial 0 with value: 0.04270496591925621.
[I 2023-12-26 12:01:16,369] Trial 49 finished with value: 2.8955631256103516 and parameters: {'gradient_clip_val': 0.14220842120460042, 'hidden_size': 18, 'dropout': 0.2680486901696432, 'hidden_continuous_size': 8, 'attention_head_size': 4, 'learning_rate': 0.007586149179111919}. Best is trial 0 with value: 0.04270496591925621.
[I 2023-12-26 12:01:16,496] A new study created in memory with name: no-name-a9e7da25-8eda-4bb2-aa7a-e0b2b32544b8
/home/le004/conda/anaconda3/envs/tsff_env/lib/python3.9/site-packages/lightning/fabric/plugins/environments/slurm.py:191: The `srun` command is available on your system but is not used. HINT: If your intention is to run Lightning on SLURM, prepend your python command with `srun` like so: srun python /home/le004/master_thesis/git/TSFusionForecast/code/ ...
[I 2023-12-26 12:18:54,687] Trial 0 finished with value: 0.11688952893018723 and parameters: {'gradient_clip_val': 0.19190067524754492, 'hidden_size': 149, 'dropout': 0.48583711327660273, 'hidden_continuous_size': 6, 'attention_head_size': 1, 'learning_rate': 0.003088614661364641}. Best is trial 0 with value: 0.11688952893018723.
[I 2023-12-26 12:18:56,721] Trial 1 finished with value: 2.682103395462036 and parameters: {'gradient_clip_val': 0.10623378121804204, 'hidden_size': 6, 'dropout': 0.20382329062087165, 'hidden_continuous_size': 5, 'attention_head_size': 3, 'learning_rate': 0.0018128638337485288}. Best is trial 0 with value: 0.11688952893018723.
[I 2023-12-26 12:19:01,807] Trial 2 finished with value: 2.098442316055298 and parameters: {'gradient_clip_val': 0.12813101160036852, 'hidden_size': 72, 'dropout': 0.31698462021845575, 'hidden_continuous_size': 16, 'attention_head_size': 3, 'learning_rate': 0.028877239266796962}. Best is trial 0 with value: 0.11688952893018723.
[I 2023-12-26 12:19:03,972] Trial 3 finished with value: 3.1335933208465576 and parameters: {'gradient_clip_val': 0.6545933583287754, 'hidden_size': 10, 'dropout': 0.38493434513460834, 'hidden_continuous_size': 5, 'attention_head_size': 4, 'learning_rate': 0.0009506631737549911}. Best is trial 0 with value: 0.11688952893018723.
[I 2023-12-26 12:19:13,409] Trial 4 finished with value: 3.2422034740448 and parameters: {'gradient_clip_val': 0.34353577688586107, 'hidden_size': 131, 'dropout': 0.22894725893461595, 'hidden_continuous_size': 5, 'attention_head_size': 2, 'learning_rate': 0.01166096427013627}. Best is trial 0 with value: 0.11688952893018723.
[I 2023-12-26 12:19:19,207] Trial 5 finished with value: 2.832268714904785 and parameters: {'gradient_clip_val': 0.8963931402491934, 'hidden_size': 78, 'dropout': 0.46325999535328166, 'hidden_continuous_size': 5, 'attention_head_size': 1, 'learning_rate': 0.0007532632790865399}. Best is trial 0 with value: 0.11688952893018723.
[I 2023-12-26 12:19:21,948] Trial 6 finished with value: 3.6490001678466797 and parameters: {'gradient_clip_val': 0.15266189323419513, 'hidden_size': 27, 'dropout': 0.2819130572728946, 'hidden_continuous_size': 24, 'attention_head_size': 2, 'learning_rate': 0.00239979116003711}. Best is trial 0 with value: 0.11688952893018723.
[I 2023-12-26 12:19:24,575] Trial 7 finished with value: 3.7003910541534424 and parameters: {'gradient_clip_val': 0.22628151706677832, 'hidden_size': 20, 'dropout': 0.37059862387627474, 'hidden_continuous_size': 12, 'attention_head_size': 1, 'learning_rate': 0.014813410089476434}. Best is trial 0 with value: 0.11688952893018723.
[I 2023-12-26 12:19:32,458] Trial 8 finished with value: 2.4542057514190674 and parameters: {'gradient_clip_val': 0.27983861794724835, 'hidden_size': 108, 'dropout': 0.4120424160564319, 'hidden_continuous_size': 14, 'attention_head_size': 3, 'learning_rate': 0.009342854333175117}. Best is trial 0 with value: 0.11688952893018723.
[I 2023-12-26 12:19:34,903] Trial 9 finished with value: 3.2933645248413086 and parameters: {'gradient_clip_val': 0.8047245580047847, 'hidden_size': 22, 'dropout': 0.3882953346356275, 'hidden_continuous_size': 6, 'attention_head_size': 2, 'learning_rate': 0.01446935705925806}. Best is trial 0 with value: 0.11688952893018723.
[I 2023-12-26 12:19:38,726] Trial 10 finished with value: 2.961339235305786 and parameters: {'gradient_clip_val': 0.18838488184199337, 'hidden_size': 48, 'dropout': 0.49773301183630503, 'hidden_continuous_size': 40, 'attention_head_size': 1, 'learning_rate': 0.00380755505533518}. Best is trial 0 with value: 0.11688952893018723.
[I 2023-12-26 12:19:48,803] Trial 11 finished with value: 1.8760930299758911 and parameters: {'gradient_clip_val': 0.10298264512939861, 'hidden_size': 130, 'dropout': 0.14396500050142447, 'hidden_continuous_size': 76, 'attention_head_size': 4, 'learning_rate': 0.058986157542799816}. Best is trial 0 with value: 0.11688952893018723.
[I 2023-12-26 12:20:00,485] Trial 12 finished with value: 1.5542163848876953 and parameters: {'gradient_clip_val': 0.1195586276704443, 'hidden_size': 140, 'dropout': 0.11748825292761056, 'hidden_continuous_size': 128, 'attention_head_size': 4, 'learning_rate': 0.061177493175552856}. Best is trial 0 with value: 0.11688952893018723.
[I 2023-12-26 12:20:13,126] Trial 13 finished with value: 1.9474663734436035 and parameters: {'gradient_clip_val': 0.1573120557712246, 'hidden_size': 148, 'dropout': 0.11918703926315724, 'hidden_continuous_size': 133, 'attention_head_size': 4, 'learning_rate': 0.08253036231317319}. Best is trial 0 with value: 0.11688952893018723.
[I 2023-12-26 12:20:18,472] Trial 14 finished with value: 2.586427927017212 and parameters: {'gradient_clip_val': 0.19739927381669925, 'hidden_size': 69, 'dropout': 0.1866675306648329, 'hidden_continuous_size': 8, 'attention_head_size': 3, 'learning_rate': 0.005156602912196512}. Best is trial 0 with value: 0.11688952893018723.
[I 2023-12-26 12:20:22,130] Trial 15 finished with value: 3.5987346172332764 and parameters: {'gradient_clip_val': 0.13555301393712565, 'hidden_size': 48, 'dropout': 0.10083680390423527, 'hidden_continuous_size': 9, 'attention_head_size': 2, 'learning_rate': 0.03339060526169533}. Best is trial 0 with value: 0.11688952893018723.
[I 2023-12-26 12:20:33,063] Trial 16 finished with value: 2.937692642211914 and parameters: {'gradient_clip_val': 0.28141513803467144, 'hidden_size': 149, 'dropout': 0.27570188357120395, 'hidden_continuous_size': 41, 'attention_head_size': 1, 'learning_rate': 0.09728174426365396}. Best is trial 0 with value: 0.11688952893018723.
[I 2023-12-26 12:20:39,961] Trial 17 finished with value: 2.275789260864258 and parameters: {'gradient_clip_val': 0.12236367053443206, 'hidden_size': 89, 'dropout': 0.3377830222985639, 'hidden_continuous_size': 23, 'attention_head_size': 4, 'learning_rate': 0.006386731572421074}. Best is trial 0 with value: 0.11688952893018723.
[I 2023-12-26 12:20:47,158] Trial 18 finished with value: 2.1069610118865967 and parameters: {'gradient_clip_val': 0.10128744255738698, 'hidden_size': 97, 'dropout': 0.24398023007759775, 'hidden_continuous_size': 9, 'attention_head_size': 3, 'learning_rate': 0.003288618629984961}. Best is trial 0 with value: 0.11688952893018723.
[I 2023-12-26 12:20:51,757] Trial 19 finished with value: 3.201982259750366 and parameters: {'gradient_clip_val': 0.1643249597022358, 'hidden_size': 51, 'dropout': 0.15205582214446367, 'hidden_continuous_size': 11, 'attention_head_size': 2, 'learning_rate': 0.0005136208369636513}. Best is trial 0 with value: 0.11688952893018723.
[I 2023-12-26 12:20:58,823] Trial 20 finished with value: 2.610395908355713 and parameters: {'gradient_clip_val': 0.23003337736552948, 'hidden_size': 94, 'dropout': 0.4377489607624759, 'hidden_continuous_size': 17, 'attention_head_size': 4, 'learning_rate': 0.02716032844643835}. Best is trial 0 with value: 0.11688952893018723.
[I 2023-12-26 12:21:10,805] Trial 21 finished with value: 2.1158361434936523 and parameters: {'gradient_clip_val': 0.10030121926279263, 'hidden_size': 144, 'dropout': 0.1479120877957696, 'hidden_continuous_size': 132, 'attention_head_size': 4, 'learning_rate': 0.0576278857337027}. Best is trial 0 with value: 0.11688952893018723.
[I 2023-12-26 12:21:19,764] Trial 22 finished with value: 1.7049192190170288 and parameters: {'gradient_clip_val': 0.12987302940119086, 'hidden_size': 109, 'dropout': 0.16468227562472304, 'hidden_continuous_size': 84, 'attention_head_size': 4, 'learning_rate': 0.05121715700636762}. Best is trial 0 with value: 0.11688952893018723.
[I 2023-12-26 12:21:28,725] Trial 23 finished with value: 1.7232331037521362 and parameters: {'gradient_clip_val': 0.13566859881955862, 'hidden_size': 112, 'dropout': 0.18611609005493546, 'hidden_continuous_size': 86, 'attention_head_size': 4, 'learning_rate': 0.04516710083394634}. Best is trial 0 with value: 0.11688952893018723.
[I 2023-12-26 12:21:34,270] Trial 24 finished with value: 2.4362101554870605 and parameters: {'gradient_clip_val': 0.1766635998802965, 'hidden_size': 65, 'dropout': 0.25994509748043426, 'hidden_continuous_size': 7, 'attention_head_size': 3, 'learning_rate': 0.01687629490916557}. Best is trial 0 with value: 0.11688952893018723.
[I 2023-12-26 12:21:41,885] Trial 25 finished with value: 2.795133590698242 and parameters: {'gradient_clip_val': 0.12609980112986244, 'hidden_size': 100, 'dropout': 0.3058602050194911, 'hidden_continuous_size': 35, 'attention_head_size': 4, 'learning_rate': 0.021375856714298685}. Best is trial 0 with value: 0.11688952893018723.
[I 2023-12-26 12:21:50,392] Trial 26 finished with value: 2.9564497470855713 and parameters: {'gradient_clip_val': 0.15070085150776752, 'hidden_size': 108, 'dropout': 0.21466598011511123, 'hidden_continuous_size': 58, 'attention_head_size': 3, 'learning_rate': 0.008291850914790545}. Best is trial 0 with value: 0.11688952893018723.
[I 2023-12-26 12:22:03,129] Trial 27 finished with value: 1.899511694908142 and parameters: {'gradient_clip_val': 0.1191422308523162, 'hidden_size': 149, 'dropout': 0.3529387981173624, 'hidden_continuous_size': 145, 'attention_head_size': 1, 'learning_rate': 0.03833077095743534}. Best is trial 0 with value: 0.11688952893018723.
[I 2023-12-26 12:22:07,027] Trial 28 finished with value: 3.4285964965820312 and parameters: {'gradient_clip_val': 0.14661746208069976, 'hidden_size': 58, 'dropout': 0.16680221738574497, 'hidden_continuous_size': 7, 'attention_head_size': 4, 'learning_rate': 0.06690968143002016}. Best is trial 0 with value: 0.11688952893018723.
[I 2023-12-26 12:22:13,384] Trial 29 finished with value: 2.96549391746521 and parameters: {'gradient_clip_val': 0.11899465340111105, 'hidden_size': 84, 'dropout': 0.19779206734702942, 'hidden_continuous_size': 22, 'attention_head_size': 2, 'learning_rate': 0.041228867443702334}. Best is trial 0 with value: 0.11688952893018723.
[I 2023-12-26 12:22:21,993] Trial 30 finished with value: 1.6978973150253296 and parameters: {'gradient_clip_val': 0.17825780483946457, 'hidden_size': 113, 'dropout': 0.10094777998964509, 'hidden_continuous_size': 82, 'attention_head_size': 3, 'learning_rate': 0.021933535704136843}. Best is trial 0 with value: 0.11688952893018723.
[I 2023-12-26 12:22:29,940] Trial 31 finished with value: 3.09008526802063 and parameters: {'gradient_clip_val': 0.18238796581186933, 'hidden_size': 111, 'dropout': 0.11649485515388457, 'hidden_continuous_size': 91, 'attention_head_size': 3, 'learning_rate': 0.02280355859253944}. Best is trial 0 with value: 0.11688952893018723.
[I 2023-12-26 12:22:34,863] Trial 32 finished with value: 2.6452958583831787 and parameters: {'gradient_clip_val': 0.11535999246377478, 'hidden_size': 73, 'dropout': 0.12001605157096026, 'hidden_continuous_size': 51, 'attention_head_size': 3, 'learning_rate': 0.04806491267500979}. Best is trial 0 with value: 0.11688952893018723.
[I 2023-12-26 12:22:45,254] Trial 33 finished with value: 1.9988099336624146 and parameters: {'gradient_clip_val': 0.1341258260918083, 'hidden_size': 124, 'dropout': 0.13150801780314358, 'hidden_continuous_size': 104, 'attention_head_size': 4, 'learning_rate': 0.0782605717153528}. Best is trial 0 with value: 0.11688952893018723.
[I 2023-12-26 12:22:54,152] Trial 34 finished with value: 2.9219887256622314 and parameters: {'gradient_clip_val': 0.2118625239539893, 'hidden_size': 120, 'dropout': 0.1672323336465893, 'hidden_continuous_size': 69, 'attention_head_size': 3, 'learning_rate': 0.024247086024555747}. Best is trial 0 with value: 0.11688952893018723.
[I 2023-12-26 12:23:01,587] Trial 35 finished with value: 3.3964316844940186 and parameters: {'gradient_clip_val': 0.16805739577340595, 'hidden_size': 83, 'dropout': 0.10250972486894203, 'hidden_continuous_size': 62, 'attention_head_size': 4, 'learning_rate': 0.03156346167429389}. Best is trial 0 with value: 0.11688952893018723.
[I 2023-12-26 12:23:10,339] Trial 36 finished with value: 1.2801731824874878 and parameters: {'gradient_clip_val': 0.14065936609525442, 'hidden_size': 125, 'dropout': 0.238133309424861, 'hidden_continuous_size': 96, 'attention_head_size': 3, 'learning_rate': 0.0989739728915881}. Best is trial 0 with value: 0.11688952893018723.
[I 2023-12-26 12:23:20,529] Trial 37 finished with value: 2.569075107574463 and parameters: {'gradient_clip_val': 0.1499713818409703, 'hidden_size': 126, 'dropout': 0.22999940541055022, 'hidden_continuous_size': 103, 'attention_head_size': 3, 'learning_rate': 0.09440881772338985}. Best is trial 0 with value: 0.11688952893018723.
[I 2023-12-26 12:23:27,638] Trial 38 finished with value: 2.5620391368865967 and parameters: {'gradient_clip_val': 0.23132270431786278, 'hidden_size': 82, 'dropout': 0.28829978291251485, 'hidden_continuous_size': 57, 'attention_head_size': 2, 'learning_rate': 0.07105475418675392}. Best is trial 0 with value: 0.11688952893018723.
[I 2023-12-26 12:23:39,224] Trial 39 finished with value: 2.5621659755706787 and parameters: {'gradient_clip_val': 0.3850388921912104, 'hidden_size': 150, 'dropout': 0.31590722296342244, 'hidden_continuous_size': 115, 'attention_head_size': 2, 'learning_rate': 0.0013859653043535147}. Best is trial 0 with value: 0.11688952893018723.
[I 2023-12-26 12:23:43,207] Trial 40 finished with value: 1.6591383218765259 and parameters: {'gradient_clip_val': 0.1117560965725718, 'hidden_size': 42, 'dropout': 0.21616104715215695, 'hidden_continuous_size': 38, 'attention_head_size': 3, 'learning_rate': 0.03578468630128808}. Best is trial 0 with value: 0.11688952893018723.
[I 2023-12-26 12:23:46,826] Trial 41 finished with value: 2.6186044216156006 and parameters: {'gradient_clip_val': 0.11213948800618224, 'hidden_size': 38, 'dropout': 0.22074452155161414, 'hidden_continuous_size': 33, 'attention_head_size': 3, 'learning_rate': 0.035370600132932}. Best is trial 0 with value: 0.11688952893018723.
[I 2023-12-26 12:23:55,785] Trial 42 finished with value: 2.4634482860565186 and parameters: {'gradient_clip_val': 0.10989926275411739, 'hidden_size': 95, 'dropout': 0.24922408751572384, 'hidden_continuous_size': 69, 'attention_head_size': 3, 'learning_rate': 0.05615698225041835}. Best is trial 0 with value: 0.11688952893018723.
[I 2023-12-26 12:24:06,192] Trial 43 finished with value: 2.1926543712615967 and parameters: {'gradient_clip_val': 0.14166780703186788, 'hidden_size': 124, 'dropout': 0.2090284254060919, 'hidden_continuous_size': 78, 'attention_head_size': 3, 'learning_rate': 0.06985681823416606}. Best is trial 0 with value: 0.11688952893018723.
[I 2023-12-26 12:24:12,285] Trial 44 finished with value: 3.330683708190918 and parameters: {'gradient_clip_val': 0.1644522472819011, 'hidden_size': 68, 'dropout': 0.2689094811996954, 'hidden_continuous_size': 51, 'attention_head_size': 3, 'learning_rate': 0.011814976696362063}. Best is trial 0 with value: 0.11688952893018723.
[I 2023-12-26 12:24:15,745] Trial 45 finished with value: 3.4514949321746826 and parameters: {'gradient_clip_val': 0.19873958838287345, 'hidden_size': 33, 'dropout': 0.2928481389188822, 'hidden_continuous_size': 20, 'attention_head_size': 2, 'learning_rate': 0.04231697607990235}. Best is trial 0 with value: 0.11688952893018723.
[I 2023-12-26 12:24:18,243] Trial 46 finished with value: 2.674588203430176 and parameters: {'gradient_clip_val': 0.10771546778347278, 'hidden_size': 13, 'dropout': 0.24305567980998066, 'hidden_continuous_size': 10, 'attention_head_size': 1, 'learning_rate': 0.08598338789445467}. Best is trial 0 with value: 0.11688952893018723.
[I 2023-12-26 12:24:24,212] Trial 47 finished with value: 2.5235726833343506 and parameters: {'gradient_clip_val': 0.14133751487317175, 'hidden_size': 76, 'dropout': 0.18973718052340854, 'hidden_continuous_size': 64, 'attention_head_size': 3, 'learning_rate': 0.018428483149983438}. Best is trial 0 with value: 0.11688952893018723.
[I 2023-12-26 12:24:28,569] Trial 48 finished with value: 2.8945987224578857 and parameters: {'gradient_clip_val': 0.12768019833861702, 'hidden_size': 61, 'dropout': 0.49795813388065835, 'hidden_continuous_size': 49, 'attention_head_size': 2, 'learning_rate': 0.032387339103898564}. Best is trial 0 with value: 0.11688952893018723.
[I 2023-12-26 12:24:36,410] Trial 49 finished with value: 1.469486117362976 and parameters: {'gradient_clip_val': 0.16347582232692312, 'hidden_size': 98, 'dropout': 0.1331017905416706, 'hidden_continuous_size': 74, 'attention_head_size': 3, 'learning_rate': 0.099943496575413}. Best is trial 0 with value: 0.11688952893018723.
[I 2023-12-26 12:24:36,553] A new study created in memory with name: no-name-1aee8144-4cac-41c2-852e-50c9754487cf
/home/le004/conda/anaconda3/envs/tsff_env/lib/python3.9/site-packages/lightning/fabric/plugins/environments/slurm.py:191: The `srun` command is available on your system but is not used. HINT: If your intention is to run Lightning on SLURM, prepend your python command with `srun` like so: srun python /home/le004/master_thesis/git/TSFusionForecast/code/ ...
[I 2023-12-26 12:27:18,169] Trial 0 finished with value: 0.09861016273498535 and parameters: {'gradient_clip_val': 0.18553915218258243, 'hidden_size': 5, 'dropout': 0.24633083578489387, 'hidden_continuous_size': 5, 'attention_head_size': 4, 'learning_rate': 0.0626419617886374}. Best is trial 0 with value: 0.09861016273498535.
[I 2023-12-26 12:27:21,185] Trial 1 finished with value: 2.772996187210083 and parameters: {'gradient_clip_val': 0.3148088973666516, 'hidden_size': 48, 'dropout': 0.47900036417054925, 'hidden_continuous_size': 33, 'attention_head_size': 3, 'learning_rate': 0.0009381300357495567}. Best is trial 0 with value: 0.09861016273498535.
[I 2023-12-26 12:27:23,014] Trial 2 finished with value: 3.0128440856933594 and parameters: {'gradient_clip_val': 0.1825933080436179, 'hidden_size': 8, 'dropout': 0.4861439589115092, 'hidden_continuous_size': 5, 'attention_head_size': 2, 'learning_rate': 0.03438367295971818}. Best is trial 0 with value: 0.09861016273498535.
[I 2023-12-26 12:27:27,304] Trial 3 finished with value: 3.4590399265289307 and parameters: {'gradient_clip_val': 0.8148828406441105, 'hidden_size': 71, 'dropout': 0.3312855541493894, 'hidden_continuous_size': 17, 'attention_head_size': 1, 'learning_rate': 0.007768963939744766}. Best is trial 0 with value: 0.09861016273498535.
[I 2023-12-26 12:27:29,048] Trial 4 finished with value: 2.737957715988159 and parameters: {'gradient_clip_val': 0.6085072317784745, 'hidden_size': 5, 'dropout': 0.4669971892560112, 'hidden_continuous_size': 5, 'attention_head_size': 4, 'learning_rate': 0.03835637644315177}. Best is trial 0 with value: 0.09861016273498535.
[I 2023-12-26 12:27:33,888] Trial 5 finished with value: 3.49010968208313 and parameters: {'gradient_clip_val': 0.9819931775194523, 'hidden_size': 76, 'dropout': 0.11005128228750696, 'hidden_continuous_size': 50, 'attention_head_size': 1, 'learning_rate': 0.000653522955490341}. Best is trial 0 with value: 0.09861016273498535.
