[I 2023-12-26 17:19:44,900] Trial 12 finished with value: 2.0468335151672363 and parameters: {'gradient_clip_val': 0.11634726001955578, 'hidden_size': 5, 'dropout': 0.49914493047893027, 'hidden_continuous_size': 5, 'attention_head_size': 3, 'learning_rate': 0.021492028266311688}. Best is trial 0 with value: 0.07404681295156479.
[I 2023-12-26 17:19:46,682] Trial 13 finished with value: 2.748358964920044 and parameters: {'gradient_clip_val': 0.17278307446243824, 'hidden_size': 5, 'dropout': 0.44501336617465764, 'hidden_continuous_size': 5, 'attention_head_size': 4, 'learning_rate': 0.025683048518738302}. Best is trial 0 with value: 0.07404681295156479.
[I 2023-12-26 17:19:48,474] Trial 14 finished with value: 2.4199881553649902 and parameters: {'gradient_clip_val': 0.2388136367634498, 'hidden_size': 5, 'dropout': 0.49609121736567474, 'hidden_continuous_size': 5, 'attention_head_size': 3, 'learning_rate': 0.02241360579233811}. Best is trial 0 with value: 0.07404681295156479.
[I 2023-12-26 17:19:50,500] Trial 15 finished with value: 3.352576494216919 and parameters: {'gradient_clip_val': 0.1287874119096914, 'hidden_size': 9, 'dropout': 0.3273419538888208, 'hidden_continuous_size': 7, 'attention_head_size': 4, 'learning_rate': 0.00390301157967114}. Best is trial 0 with value: 0.07404681295156479.
[I 2023-12-26 17:19:52,624] Trial 16 finished with value: 2.787813901901245 and parameters: {'gradient_clip_val': 0.13380666375766834, 'hidden_size': 18, 'dropout': 0.4423989100659565, 'hidden_continuous_size': 8, 'attention_head_size': 3, 'learning_rate': 0.002343594302126575}. Best is trial 0 with value: 0.07404681295156479.
[I 2023-12-26 17:19:54,430] Trial 17 finished with value: 2.5314767360687256 and parameters: {'gradient_clip_val': 0.19667654538989907, 'hidden_size': 5, 'dropout': 0.25227645381981223, 'hidden_continuous_size': 5, 'attention_head_size': 4, 'learning_rate': 0.006010155281533724}. Best is trial 0 with value: 0.07404681295156479.
[I 2023-12-26 17:19:57,670] Trial 18 finished with value: 1.6031063795089722 and parameters: {'gradient_clip_val': 0.10099446239994764, 'hidden_size': 49, 'dropout': 0.357783431312435, 'hidden_continuous_size': 16, 'attention_head_size': 3, 'learning_rate': 0.08991219879023322}. Best is trial 0 with value: 0.07404681295156479.
[I 2023-12-26 17:20:00,896] Trial 19 finished with value: 2.2767412662506104 and parameters: {'gradient_clip_val': 0.10097763364723909, 'hidden_size': 49, 'dropout': 0.3454840265931973, 'hidden_continuous_size': 16, 'attention_head_size': 4, 'learning_rate': 0.09164193347069936}. Best is trial 0 with value: 0.07404681295156479.
[I 2023-12-26 17:20:04,202] Trial 20 finished with value: 2.1757290363311768 and parameters: {'gradient_clip_val': 0.14747250321760905, 'hidden_size': 52, 'dropout': 0.2726492164832711, 'hidden_continuous_size': 21, 'attention_head_size': 3, 'learning_rate': 0.0016961834303286698}. Best is trial 0 with value: 0.07404681295156479.
[I 2023-12-26 17:20:06,679] Trial 21 finished with value: 2.476478099822998 and parameters: {'gradient_clip_val': 0.12463009231276909, 'hidden_size': 20, 'dropout': 0.40788402104287746, 'hidden_continuous_size': 13, 'attention_head_size': 3, 'learning_rate': 0.036054214920222705}. Best is trial 0 with value: 0.07404681295156479.
[I 2023-12-26 17:20:08,728] Trial 22 finished with value: 2.0214920043945312 and parameters: {'gradient_clip_val': 0.12565740196832476, 'hidden_size': 11, 'dropout': 0.4626149291185855, 'hidden_continuous_size': 7, 'attention_head_size': 3, 'learning_rate': 0.01784958570778549}. Best is trial 0 with value: 0.07404681295156479.
[I 2023-12-26 17:20:10,783] Trial 23 finished with value: 3.3547070026397705 and parameters: {'gradient_clip_val': 0.16198865018042513, 'hidden_size': 12, 'dropout': 0.4517341712813461, 'hidden_continuous_size': 7, 'attention_head_size': 3, 'learning_rate': 0.08895765991142257}. Best is trial 0 with value: 0.07404681295156479.
[I 2023-12-26 17:20:13,111] Trial 24 finished with value: 2.076939344406128 and parameters: {'gradient_clip_val': 0.10086829954463197, 'hidden_size': 21, 'dropout': 0.3815667160279128, 'hidden_continuous_size': 13, 'attention_head_size': 4, 'learning_rate': 0.015441105210719298}. Best is trial 0 with value: 0.07404681295156479.
[I 2023-12-26 17:20:15,146] Trial 25 finished with value: 3.0551586151123047 and parameters: {'gradient_clip_val': 0.13637426839962674, 'hidden_size': 12, 'dropout': 0.46368287055955976, 'hidden_continuous_size': 8, 'attention_head_size': 3, 'learning_rate': 0.03710251943349618}. Best is trial 0 with value: 0.07404681295156479.
[I 2023-12-26 17:20:17,444] Trial 26 finished with value: 3.032363176345825 and parameters: {'gradient_clip_val': 0.18069348723275847, 'hidden_size': 20, 'dropout': 0.4256250406183915, 'hidden_continuous_size': 13, 'attention_head_size': 4, 'learning_rate': 0.005826018760273118}. Best is trial 0 with value: 0.07404681295156479.
[I 2023-12-26 17:20:20,191] Trial 27 finished with value: 1.8352665901184082 and parameters: {'gradient_clip_val': 0.12314711544615534, 'hidden_size': 38, 'dropout': 0.4727845471874851, 'hidden_continuous_size': 16, 'attention_head_size': 3, 'learning_rate': 0.016626281315775874}. Best is trial 0 with value: 0.07404681295156479.
[I 2023-12-26 17:20:22,975] Trial 28 finished with value: 2.799097776412964 and parameters: {'gradient_clip_val': 0.22596769559880917, 'hidden_size': 39, 'dropout': 0.4140555110071836, 'hidden_continuous_size': 20, 'attention_head_size': 2, 'learning_rate': 0.007002169448141525}. Best is trial 0 with value: 0.07404681295156479.
[I 2023-12-26 17:20:27,789] Trial 29 finished with value: 2.670708656311035 and parameters: {'gradient_clip_val': 0.334096191528982, 'hidden_size': 70, 'dropout': 0.3699389568816085, 'hidden_continuous_size': 62, 'attention_head_size': 1, 'learning_rate': 0.03327170065597547}. Best is trial 0 with value: 0.07404681295156479.
[I 2023-12-26 17:20:30,175] Trial 30 finished with value: 2.8036324977874756 and parameters: {'gradient_clip_val': 0.11338649124847573, 'hidden_size': 24, 'dropout': 0.39146701394155087, 'hidden_continuous_size': 15, 'attention_head_size': 4, 'learning_rate': 0.013598059860031441}. Best is trial 0 with value: 0.07404681295156479.
[I 2023-12-26 17:20:32,950] Trial 31 finished with value: 2.5693836212158203 and parameters: {'gradient_clip_val': 0.13162330534371422, 'hidden_size': 40, 'dropout': 0.46914496084996843, 'hidden_continuous_size': 17, 'attention_head_size': 3, 'learning_rate': 0.016260915177106237}. Best is trial 0 with value: 0.07404681295156479.
[I 2023-12-26 17:20:35,211] Trial 32 finished with value: 2.101116895675659 and parameters: {'gradient_clip_val': 0.11599923155260922, 'hidden_size': 24, 'dropout': 0.4320250545791424, 'hidden_continuous_size': 14, 'attention_head_size': 3, 'learning_rate': 0.008367009318974007}. Best is trial 0 with value: 0.07404681295156479.
[I 2023-12-26 17:20:40,034] Trial 33 finished with value: 2.734227418899536 and parameters: {'gradient_clip_val': 0.13928842807780223, 'hidden_size': 71, 'dropout': 0.46692091651629264, 'hidden_continuous_size': 23, 'attention_head_size': 3, 'learning_rate': 0.06376685671771827}. Best is trial 0 with value: 0.07404681295156479.
[I 2023-12-26 17:20:42,654] Trial 34 finished with value: 2.7806355953216553 and parameters: {'gradient_clip_val': 0.11957719969645944, 'hidden_size': 35, 'dropout': 0.4770870423782436, 'hidden_continuous_size': 11, 'attention_head_size': 1, 'learning_rate': 0.016402088780527596}. Best is trial 0 with value: 0.07404681295156479.
[I 2023-12-26 17:20:45,145] Trial 35 finished with value: 2.511413335800171 and parameters: {'gradient_clip_val': 0.17331040370254958, 'hidden_size': 29, 'dropout': 0.44281077980255007, 'hidden_continuous_size': 12, 'attention_head_size': 2, 'learning_rate': 0.04874975916634571}. Best is trial 0 with value: 0.07404681295156479.
[I 2023-12-26 17:20:47,333] Trial 36 finished with value: 2.683495283126831 and parameters: {'gradient_clip_val': 0.14699148219248453, 'hidden_size': 15, 'dropout': 0.4281406375032559, 'hidden_continuous_size': 7, 'attention_head_size': 3, 'learning_rate': 0.02617327746301253}. Best is trial 0 with value: 0.07404681295156479.
[I 2023-12-26 17:20:49,681] Trial 37 finished with value: 2.597336530685425 and parameters: {'gradient_clip_val': 0.1098672963073164, 'hidden_size': 25, 'dropout': 0.3886676545336427, 'hidden_continuous_size': 10, 'attention_head_size': 2, 'learning_rate': 0.05902707048303639}. Best is trial 0 with value: 0.07404681295156479.
[I 2023-12-26 17:20:59,658] Trial 38 finished with value: 2.6755096912384033 and parameters: {'gradient_clip_val': 0.12146274741609087, 'hidden_size': 122, 'dropout': 0.47267908304548567, 'hidden_continuous_size': 32, 'attention_head_size': 4, 'learning_rate': 0.011126269692687625}. Best is trial 0 with value: 0.07404681295156479.
[I 2023-12-26 17:21:02,335] Trial 39 finished with value: 1.939883828163147 and parameters: {'gradient_clip_val': 0.15492987245266185, 'hidden_size': 31, 'dropout': 0.48067525870148775, 'hidden_continuous_size': 15, 'attention_head_size': 3, 'learning_rate': 0.020069290879680863}. Best is trial 0 with value: 0.07404681295156479.
[I 2023-12-26 17:21:05,865] Trial 40 finished with value: 2.4188833236694336 and parameters: {'gradient_clip_val': 0.10001683166824826, 'hidden_size': 29, 'dropout': 0.35622998506678805, 'hidden_continuous_size': 15, 'attention_head_size': 2, 'learning_rate': 0.042730475627931}. Best is trial 0 with value: 0.07404681295156479.
[I 2023-12-26 17:21:09,488] Trial 41 finished with value: 3.691507339477539 and parameters: {'gradient_clip_val': 0.1438923370590817, 'hidden_size': 33, 'dropout': 0.47655283410047466, 'hidden_continuous_size': 17, 'attention_head_size': 3, 'learning_rate': 0.018676850589823314}. Best is trial 0 with value: 0.07404681295156479.
[I 2023-12-26 17:21:13,007] Trial 42 finished with value: 3.0411787033081055 and parameters: {'gradient_clip_val': 0.11550061964927227, 'hidden_size': 45, 'dropout': 0.4586049950704979, 'hidden_continuous_size': 18, 'attention_head_size': 3, 'learning_rate': 0.030551132776878397}. Best is trial 0 with value: 0.07404681295156479.
[I 2023-12-26 17:21:15,598] Trial 43 finished with value: 3.0598580837249756 and parameters: {'gradient_clip_val': 0.15868730600081019, 'hidden_size': 31, 'dropout': 0.4837056898141171, 'hidden_continuous_size': 15, 'attention_head_size': 3, 'learning_rate': 0.019288809066049222}. Best is trial 0 with value: 0.07404681295156479.
[I 2023-12-26 17:21:18,223] Trial 44 finished with value: 2.626234769821167 and parameters: {'gradient_clip_val': 0.12428007019920274, 'hidden_size': 17, 'dropout': 0.4264090883776396, 'hidden_continuous_size': 9, 'attention_head_size': 3, 'learning_rate': 0.012833591684214482}. Best is trial 0 with value: 0.07404681295156479.
[I 2023-12-26 17:21:21,170] Trial 45 finished with value: 2.7153027057647705 and parameters: {'gradient_clip_val': 0.11385075717781287, 'hidden_size': 10, 'dropout': 0.48526779871274117, 'hidden_continuous_size': 6, 'attention_head_size': 4, 'learning_rate': 0.026133394455574357}. Best is trial 0 with value: 0.07404681295156479.
[I 2023-12-26 17:21:24,033] Trial 46 finished with value: 2.3990633487701416 and parameters: {'gradient_clip_val': 0.1315439003560067, 'hidden_size': 27, 'dropout': 0.4494070783591001, 'hidden_continuous_size': 12, 'attention_head_size': 2, 'learning_rate': 0.009139305818639339}. Best is trial 0 with value: 0.07404681295156479.
[I 2023-12-26 17:21:26,807] Trial 47 finished with value: 2.550083637237549 and parameters: {'gradient_clip_val': 0.10588277256845367, 'hidden_size': 22, 'dropout': 0.4975323945167842, 'hidden_continuous_size': 14, 'attention_head_size': 3, 'learning_rate': 0.04523187293403469}. Best is trial 0 with value: 0.07404681295156479.
[I 2023-12-26 17:21:29,191] Trial 48 finished with value: 2.7391979694366455 and parameters: {'gradient_clip_val': 0.15844958783819588, 'hidden_size': 14, 'dropout': 0.4066234947656553, 'hidden_continuous_size': 7, 'attention_head_size': 3, 'learning_rate': 0.022370270486238884}. Best is trial 0 with value: 0.07404681295156479.
[I 2023-12-26 17:21:31,697] Trial 49 finished with value: 2.72334361076355 and parameters: {'gradient_clip_val': 0.14099955167506373, 'hidden_size': 18, 'dropout': 0.49908369057138885, 'hidden_continuous_size': 8, 'attention_head_size': 4, 'learning_rate': 0.011899804837518376}. Best is trial 0 with value: 0.07404681295156479.
[I 2023-12-26 17:21:31,842] A new study created in memory with name: no-name-58d41f34-238a-453b-8b8a-b60d5589dcf0
/home/le004/conda/anaconda3/envs/tsff_env/lib/python3.9/site-packages/lightning/fabric/plugins/environments/slurm.py:191: The `srun` command is available on your system but is not used. HINT: If your intention is to run Lightning on SLURM, prepend your python command with `srun` like so: srun python /home/le004/master_thesis/git/TSFusionForecast/code/ ...
[I 2023-12-26 17:35:18,890] Trial 0 finished with value: 0.10305806249380112 and parameters: {'gradient_clip_val': 0.30376388302666074, 'hidden_size': 96, 'dropout': 0.4619651457410351, 'hidden_continuous_size': 53, 'attention_head_size': 3, 'learning_rate': 0.010621899437990405}. Best is trial 0 with value: 0.10305806249380112.
[I 2023-12-26 17:35:24,097] Trial 1 finished with value: 4.668564796447754 and parameters: {'gradient_clip_val': 0.5212537139285373, 'hidden_size': 72, 'dropout': 0.2568483740134365, 'hidden_continuous_size': 5, 'attention_head_size': 1, 'learning_rate': 0.0005009479996959561}. Best is trial 0 with value: 0.10305806249380112.
[I 2023-12-26 17:35:26,257] Trial 2 finished with value: 3.16803240776062 and parameters: {'gradient_clip_val': 0.387075224138283, 'hidden_size': 12, 'dropout': 0.3635898456486423, 'hidden_continuous_size': 7, 'attention_head_size': 2, 'learning_rate': 0.03375051882768066}. Best is trial 0 with value: 0.10305806249380112.
[I 2023-12-26 17:35:28,221] Trial 3 finished with value: 2.378755569458008 and parameters: {'gradient_clip_val': 0.7019196351573522, 'hidden_size': 9, 'dropout': 0.45330227870447903, 'hidden_continuous_size': 9, 'attention_head_size': 1, 'learning_rate': 0.0028393513289434067}. Best is trial 0 with value: 0.10305806249380112.
[I 2023-12-26 17:35:30,460] Trial 4 finished with value: 2.480776309967041 and parameters: {'gradient_clip_val': 0.25258708109534594, 'hidden_size': 14, 'dropout': 0.47412424916520435, 'hidden_continuous_size': 9, 'attention_head_size': 2, 'learning_rate': 0.0010468956632095597}. Best is trial 0 with value: 0.10305806249380112.
[I 2023-12-26 17:35:33,310] Trial 5 finished with value: 3.669992685317993 and parameters: {'gradient_clip_val': 0.7100456092535827, 'hidden_size': 30, 'dropout': 0.23670353887198756, 'hidden_continuous_size': 5, 'attention_head_size': 2, 'learning_rate': 0.0012101376736272154}. Best is trial 0 with value: 0.10305806249380112.
[I 2023-12-26 17:35:37,787] Trial 6 finished with value: 3.305839776992798 and parameters: {'gradient_clip_val': 0.14800935338622143, 'hidden_size': 57, 'dropout': 0.1501111902330297, 'hidden_continuous_size': 11, 'attention_head_size': 4, 'learning_rate': 0.007528635953348591}. Best is trial 0 with value: 0.10305806249380112.
[I 2023-12-26 17:35:42,366] Trial 7 finished with value: 2.936450242996216 and parameters: {'gradient_clip_val': 0.2811213923013259, 'hidden_size': 57, 'dropout': 0.36865043974566925, 'hidden_continuous_size': 23, 'attention_head_size': 3, 'learning_rate': 0.0007489372057958446}. Best is trial 0 with value: 0.10305806249380112.
[I 2023-12-26 17:35:45,252] Trial 8 finished with value: 3.1204135417938232 and parameters: {'gradient_clip_val': 0.13150170985297976, 'hidden_size': 29, 'dropout': 0.20854845262518557, 'hidden_continuous_size': 17, 'attention_head_size': 4, 'learning_rate': 0.008301313805001783}. Best is trial 0 with value: 0.10305806249380112.
[I 2023-12-26 17:35:49,738] Trial 9 finished with value: 2.699816942214966 and parameters: {'gradient_clip_val': 0.7238266582954176, 'hidden_size': 57, 'dropout': 0.3066494883309534, 'hidden_continuous_size': 36, 'attention_head_size': 3, 'learning_rate': 0.0013298330833346964}. Best is trial 0 with value: 0.10305806249380112.
[I 2023-12-26 17:36:00,143] Trial 10 finished with value: 3.482595443725586 and parameters: {'gradient_clip_val': 0.9936159420463775, 'hidden_size': 127, 'dropout': 0.1037532556375573, 'hidden_continuous_size': 102, 'attention_head_size': 3, 'learning_rate': 0.09265868658861158}. Best is trial 0 with value: 0.10305806249380112.
[I 2023-12-26 17:36:01,983] Trial 11 finished with value: 2.976517915725708 and parameters: {'gradient_clip_val': 0.41604650337565974, 'hidden_size': 5, 'dropout': 0.4938305759600749, 'hidden_continuous_size': 5, 'attention_head_size': 1, 'learning_rate': 0.003662889223330869}. Best is trial 0 with value: 0.10305806249380112.
[I 2023-12-26 17:36:10,525] Trial 12 finished with value: 1.7703555822372437 and parameters: {'gradient_clip_val': 0.22173781189486244, 'hidden_size': 113, 'dropout': 0.42685695162793674, 'hidden_continuous_size': 51, 'attention_head_size': 1, 'learning_rate': 0.0028583399370189166}. Best is trial 0 with value: 0.10305806249380112.
[I 2023-12-26 17:36:20,439] Trial 13 finished with value: 3.205080270767212 and parameters: {'gradient_clip_val': 0.20216520423698325, 'hidden_size': 134, 'dropout': 0.42272951207444665, 'hidden_continuous_size': 52, 'attention_head_size': 3, 'learning_rate': 0.012496315931948937}. Best is trial 0 with value: 0.10305806249380112.
[I 2023-12-26 17:36:30,422] Trial 14 finished with value: 1.9820350408554077 and parameters: {'gradient_clip_val': 0.2073315368194555, 'hidden_size': 147, 'dropout': 0.40877111431502205, 'hidden_continuous_size': 65, 'attention_head_size': 2, 'learning_rate': 0.0167586201249242}. Best is trial 0 with value: 0.10305806249380112.
[I 2023-12-26 17:36:35,704] Trial 15 finished with value: 2.990117311477661 and parameters: {'gradient_clip_val': 0.32936181888131394, 'hidden_size': 88, 'dropout': 0.49136796375589703, 'hidden_continuous_size': 33, 'attention_head_size': 4, 'learning_rate': 0.0037012619794916345}. Best is trial 0 with value: 0.10305806249380112.
[I 2023-12-26 17:36:41,578] Trial 16 finished with value: 3.0782220363616943 and parameters: {'gradient_clip_val': 0.10489391185337382, 'hidden_size': 94, 'dropout': 0.4398515427184918, 'hidden_continuous_size': 53, 'attention_head_size': 1, 'learning_rate': 0.0021157720950022315}. Best is trial 0 with value: 0.10305806249380112.
[I 2023-12-26 17:36:44,393] Trial 17 finished with value: 3.0397274494171143 and parameters: {'gradient_clip_val': 0.21380847024314664, 'hidden_size': 43, 'dropout': 0.3788644354733386, 'hidden_continuous_size': 18, 'attention_head_size': 2, 'learning_rate': 0.004624382151880683}. Best is trial 0 with value: 0.10305806249380112.
[I 2023-12-26 17:36:51,476] Trial 18 finished with value: 3.1940557956695557 and parameters: {'gradient_clip_val': 0.30819110063937555, 'hidden_size': 102, 'dropout': 0.3276162405269369, 'hidden_continuous_size': 101, 'attention_head_size': 3, 'learning_rate': 0.0020926666495775736}. Best is trial 0 with value: 0.10305806249380112.
[I 2023-12-26 17:36:54,543] Trial 19 finished with value: 3.002934455871582 and parameters: {'gradient_clip_val': 0.17375083679353995, 'hidden_size': 39, 'dropout': 0.42033473022217516, 'hidden_continuous_size': 21, 'attention_head_size': 4, 'learning_rate': 0.006205740218337746}. Best is trial 0 with value: 0.10305806249380112.
[I 2023-12-26 17:36:58,999] Trial 20 finished with value: 2.459517240524292 and parameters: {'gradient_clip_val': 0.2547681937971535, 'hidden_size': 75, 'dropout': 0.4515985007245708, 'hidden_continuous_size': 32, 'attention_head_size': 1, 'learning_rate': 0.015044625308269288}. Best is trial 0 with value: 0.10305806249380112.
[I 2023-12-26 17:37:08,583] Trial 21 finished with value: 3.184342384338379 and parameters: {'gradient_clip_val': 0.21131585161755617, 'hidden_size': 150, 'dropout': 0.3977286606183246, 'hidden_continuous_size': 67, 'attention_head_size': 2, 'learning_rate': 0.012443560335648989}. Best is trial 0 with value: 0.10305806249380112.
[I 2023-12-26 17:37:15,628] Trial 22 finished with value: 3.301311731338501 and parameters: {'gradient_clip_val': 0.17086449556073224, 'hidden_size': 109, 'dropout': 0.40796434698798295, 'hidden_continuous_size': 73, 'attention_head_size': 2, 'learning_rate': 0.021578208406608367}. Best is trial 0 with value: 0.10305806249380112.
[I 2023-12-26 17:37:26,112] Trial 23 finished with value: 3.4667749404907227 and parameters: {'gradient_clip_val': 0.2446764353667145, 'hidden_size': 149, 'dropout': 0.4588155243286533, 'hidden_continuous_size': 144, 'attention_head_size': 3, 'learning_rate': 0.0062735259374543904}. Best is trial 0 with value: 0.10305806249380112.
[I 2023-12-26 17:37:32,150] Trial 24 finished with value: 3.106090784072876 and parameters: {'gradient_clip_val': 0.31167261054687795, 'hidden_size': 98, 'dropout': 0.33896951721956303, 'hidden_continuous_size': 43, 'attention_head_size': 1, 'learning_rate': 0.03216424449046237}. Best is trial 0 with value: 0.10305806249380112.
[I 2023-12-26 17:37:36,691] Trial 25 finished with value: 2.495107412338257 and parameters: {'gradient_clip_val': 0.18863807220986503, 'hidden_size': 76, 'dropout': 0.39591163071490243, 'hidden_continuous_size': 40, 'attention_head_size': 2, 'learning_rate': 0.009647287795575037}. Best is trial 0 with value: 0.10305806249380112.
[I 2023-12-26 17:37:44,228] Trial 26 finished with value: 3.327829360961914 and parameters: {'gradient_clip_val': 0.2339511201353974, 'hidden_size': 119, 'dropout': 0.4996921225437806, 'hidden_continuous_size': 50, 'attention_head_size': 3, 'learning_rate': 0.004917988328818328}. Best is trial 0 with value: 0.10305806249380112.
