[I 2023-12-16 08:07:23,429] Trial 40 finished with value: 0.356656551361084 and parameters: {'gradient_clip_val': 0.1870058386929691, 'hidden_size': 59, 'dropout': 0.22856321020611234, 'hidden_continuous_size': 21, 'attention_head_size': 1, 'learning_rate': 0.057520965852635816}. Best is trial 25 with value: 0.08073285967111588.
LOCAL_RANK: 0 - CUDA_VISIBLE_DEVICES: [0]
[I 2023-12-16 08:08:17,051] Trial 41 finished with value: 0.5604520440101624 and parameters: {'gradient_clip_val': 0.19157576240474247, 'hidden_size': 58, 'dropout': 0.22760156446277027, 'hidden_continuous_size': 19, 'attention_head_size': 1, 'learning_rate': 0.05061002633680235}. Best is trial 25 with value: 0.08073285967111588.
LOCAL_RANK: 0 - CUDA_VISIBLE_DEVICES: [0]
[I 2023-12-16 08:09:11,675] Trial 42 finished with value: 1.177585244178772 and parameters: {'gradient_clip_val': 0.18345782324620596, 'hidden_size': 84, 'dropout': 0.24782894518527546, 'hidden_continuous_size': 24, 'attention_head_size': 1, 'learning_rate': 0.07816564262229213}. Best is trial 25 with value: 0.08073285967111588.
LOCAL_RANK: 0 - CUDA_VISIBLE_DEVICES: [0]
[I 2023-12-16 08:10:05,048] Trial 43 finished with value: 1.0421581268310547 and parameters: {'gradient_clip_val': 0.16270083092204732, 'hidden_size': 68, 'dropout': 0.2262160892018869, 'hidden_continuous_size': 20, 'attention_head_size': 1, 'learning_rate': 0.03292432033919261}. Best is trial 25 with value: 0.08073285967111588.
LOCAL_RANK: 0 - CUDA_VISIBLE_DEVICES: [0]
[I 2023-12-16 08:10:58,726] Trial 44 finished with value: 3.1085357666015625 and parameters: {'gradient_clip_val': 0.13774576532114685, 'hidden_size': 50, 'dropout': 0.20277003216157705, 'hidden_continuous_size': 17, 'attention_head_size': 1, 'learning_rate': 0.052705327445672495}. Best is trial 25 with value: 0.08073285967111588.
LOCAL_RANK: 0 - CUDA_VISIBLE_DEVICES: [0]
[I 2023-12-16 08:11:51,973] Trial 45 finished with value: 1.2117172479629517 and parameters: {'gradient_clip_val': 0.20123892695723947, 'hidden_size': 42, 'dropout': 0.2555667427479663, 'hidden_continuous_size': 17, 'attention_head_size': 1, 'learning_rate': 0.04983481927367439}. Best is trial 25 with value: 0.08073285967111588.
LOCAL_RANK: 0 - CUDA_VISIBLE_DEVICES: [0]
[I 2023-12-16 08:12:48,260] Trial 46 finished with value: 0.17415373027324677 and parameters: {'gradient_clip_val': 0.176625431964333, 'hidden_size': 99, 'dropout': 0.19499776430966415, 'hidden_continuous_size': 28, 'attention_head_size': 2, 'learning_rate': 0.06758385484934493}. Best is trial 25 with value: 0.08073285967111588.
LOCAL_RANK: 0 - CUDA_VISIBLE_DEVICES: [0]
[I 2023-12-16 08:13:43,493] Trial 47 finished with value: 0.08212991803884506 and parameters: {'gradient_clip_val': 0.21939887204841754, 'hidden_size': 88, 'dropout': 0.19190537533989938, 'hidden_continuous_size': 28, 'attention_head_size': 2, 'learning_rate': 0.06773486590286118}. Best is trial 25 with value: 0.08073285967111588.
LOCAL_RANK: 0 - CUDA_VISIBLE_DEVICES: [0]
[I 2023-12-16 08:14:39,571] Trial 48 finished with value: 0.4657004773616791 and parameters: {'gradient_clip_val': 0.22297228393257235, 'hidden_size': 100, 'dropout': 0.18901535143770737, 'hidden_continuous_size': 30, 'attention_head_size': 2, 'learning_rate': 0.07519633215709534}. Best is trial 25 with value: 0.08073285967111588.
LOCAL_RANK: 0 - CUDA_VISIBLE_DEVICES: [0]
[I 2023-12-16 08:15:35,148] Trial 49 finished with value: 1.9370731115341187 and parameters: {'gradient_clip_val': 0.23828331263859723, 'hidden_size': 88, 'dropout': 0.16352636786546765, 'hidden_continuous_size': 33, 'attention_head_size': 2, 'learning_rate': 0.033307202181973986}. Best is trial 25 with value: 0.08073285967111588.
[I 2023-12-16 08:15:35,241] A new study created in memory with name: no-name-cfd294af-bb71-4123-ad99-b97de9a8954c
/home/le004/conda/anaconda3/envs/tsff_env/lib/python3.9/site-packages/lightning/fabric/plugins/environments/slurm.py:191: The `srun` command is available on your system but is not used. HINT: If your intention is to run Lightning on SLURM, prepend your python command with `srun` like so: srun python /home/le004/master_thesis/git/TSFusionForecast/code/ ...
LOCAL_RANK: 0 - CUDA_VISIBLE_DEVICES: [0]
[I 2023-12-16 08:16:22,583] Trial 0 finished with value: 2.469280242919922 and parameters: {'gradient_clip_val': 0.9885802324465276, 'hidden_size': 13, 'dropout': 0.34874483721967375, 'hidden_continuous_size': 11, 'attention_head_size': 3, 'learning_rate': 0.0008644246060105535}. Best is trial 0 with value: 2.469280242919922.
LOCAL_RANK: 0 - CUDA_VISIBLE_DEVICES: [0]
[I 2023-12-16 08:17:09,681] Trial 1 finished with value: 1.9886054992675781 and parameters: {'gradient_clip_val': 0.34238622377376415, 'hidden_size': 10, 'dropout': 0.21834866218718813, 'hidden_continuous_size': 7, 'attention_head_size': 3, 'learning_rate': 0.03313795051007362}. Best is trial 1 with value: 1.9886054992675781.
LOCAL_RANK: 0 - CUDA_VISIBLE_DEVICES: [0]
[I 2023-12-16 08:17:59,901] Trial 2 finished with value: 1.176167368888855 and parameters: {'gradient_clip_val': 0.6533807829446726, 'hidden_size': 18, 'dropout': 0.25767519632033686, 'hidden_continuous_size': 13, 'attention_head_size': 4, 'learning_rate': 0.042470291681819386}. Best is trial 2 with value: 1.176167368888855.
LOCAL_RANK: 0 - CUDA_VISIBLE_DEVICES: [0]
[I 2023-12-16 08:18:46,168] Trial 3 finished with value: 2.232591390609741 and parameters: {'gradient_clip_val': 0.4335464280583045, 'hidden_size': 9, 'dropout': 0.11391985698409846, 'hidden_continuous_size': 5, 'attention_head_size': 2, 'learning_rate': 0.0007709226062248436}. Best is trial 2 with value: 1.176167368888855.
LOCAL_RANK: 0 - CUDA_VISIBLE_DEVICES: [0]
[I 2023-12-16 08:19:40,722] Trial 4 finished with value: 0.1806366890668869 and parameters: {'gradient_clip_val': 0.25405142396038044, 'hidden_size': 60, 'dropout': 0.17406323001599666, 'hidden_continuous_size': 15, 'attention_head_size': 4, 'learning_rate': 0.07722877635724726}. Best is trial 4 with value: 0.1806366890668869.
LOCAL_RANK: 0 - CUDA_VISIBLE_DEVICES: [0]
[I 2023-12-16 08:20:27,430] Trial 5 finished with value: 2.111060857772827 and parameters: {'gradient_clip_val': 0.2420705517754446, 'hidden_size': 6, 'dropout': 0.31492747233945406, 'hidden_continuous_size': 5, 'attention_head_size': 3, 'learning_rate': 0.0452109719735734}. Best is trial 4 with value: 0.1806366890668869.
LOCAL_RANK: 0 - CUDA_VISIBLE_DEVICES: [0]
[I 2023-12-16 08:21:17,572] Trial 6 finished with value: 2.4144246578216553 and parameters: {'gradient_clip_val': 0.11949878413312581, 'hidden_size': 22, 'dropout': 0.3550928353767415, 'hidden_continuous_size': 6, 'attention_head_size': 3, 'learning_rate': 0.07979861477433864}. Best is trial 4 with value: 0.1806366890668869.
LOCAL_RANK: 0 - CUDA_VISIBLE_DEVICES: [0]
[I 2023-12-16 08:22:09,949] Trial 7 finished with value: 2.4280292987823486 and parameters: {'gradient_clip_val': 0.24608040121415303, 'hidden_size': 46, 'dropout': 0.12918399390226853, 'hidden_continuous_size': 6, 'attention_head_size': 3, 'learning_rate': 0.0020722487060516816}. Best is trial 4 with value: 0.1806366890668869.
LOCAL_RANK: 0 - CUDA_VISIBLE_DEVICES: [0]
[I 2023-12-16 08:22:57,479] Trial 8 finished with value: 2.151688814163208 and parameters: {'gradient_clip_val': 0.13370115278510786, 'hidden_size': 9, 'dropout': 0.25358063857167173, 'hidden_continuous_size': 7, 'attention_head_size': 4, 'learning_rate': 0.08263569654569865}. Best is trial 4 with value: 0.1806366890668869.
LOCAL_RANK: 0 - CUDA_VISIBLE_DEVICES: [0]
[I 2023-12-16 08:23:51,217] Trial 9 finished with value: 1.5782257318496704 and parameters: {'gradient_clip_val': 0.3614047545491194, 'hidden_size': 49, 'dropout': 0.31310179079539047, 'hidden_continuous_size': 29, 'attention_head_size': 1, 'learning_rate': 0.006416979405583237}. Best is trial 4 with value: 0.1806366890668869.
LOCAL_RANK: 0 - CUDA_VISIBLE_DEVICES: [0]
[I 2023-12-16 08:24:49,084] Trial 10 finished with value: 0.8083727955818176 and parameters: {'gradient_clip_val': 0.1774753658571833, 'hidden_size': 89, 'dropout': 0.18540558168371057, 'hidden_continuous_size': 62, 'attention_head_size': 4, 'learning_rate': 0.015026208894160918}. Best is trial 4 with value: 0.1806366890668869.
LOCAL_RANK: 0 - CUDA_VISIBLE_DEVICES: [0]
[I 2023-12-16 08:25:48,558] Trial 11 finished with value: 1.2065191268920898 and parameters: {'gradient_clip_val': 0.18259285069266726, 'hidden_size': 98, 'dropout': 0.1730085924641291, 'hidden_continuous_size': 72, 'attention_head_size': 4, 'learning_rate': 0.015842216524412252}. Best is trial 4 with value: 0.1806366890668869.
LOCAL_RANK: 0 - CUDA_VISIBLE_DEVICES: [0]
[I 2023-12-16 08:26:46,188] Trial 12 finished with value: 1.4195088148117065 and parameters: {'gradient_clip_val': 0.16965434580203947, 'hidden_size': 97, 'dropout': 0.1841790057254899, 'hidden_continuous_size': 34, 'attention_head_size': 4, 'learning_rate': 0.012787334001802469}. Best is trial 4 with value: 0.1806366890668869.
LOCAL_RANK: 0 - CUDA_VISIBLE_DEVICES: [0]
[I 2023-12-16 08:27:40,402] Trial 13 finished with value: 1.4986616373062134 and parameters: {'gradient_clip_val': 0.10382521588215357, 'hidden_size': 58, 'dropout': 0.16386933491508507, 'hidden_continuous_size': 20, 'attention_head_size': 2, 'learning_rate': 0.00532807770208786}. Best is trial 4 with value: 0.1806366890668869.
LOCAL_RANK: 0 - CUDA_VISIBLE_DEVICES: [0]
[I 2023-12-16 08:28:31,445] Trial 14 finished with value: 1.7472435235977173 and parameters: {'gradient_clip_val': 0.23214346371666691, 'hidden_size': 36, 'dropout': 0.21555891521379245, 'hidden_continuous_size': 10, 'attention_head_size': 4, 'learning_rate': 0.018443811361995098}. Best is trial 4 with value: 0.1806366890668869.
LOCAL_RANK: 0 - CUDA_VISIBLE_DEVICES: [0]
[I 2023-12-16 08:29:08,517] Trial 15 finished with value: 1.8393936157226562 and parameters: {'gradient_clip_val': 0.14899993275395026, 'hidden_size': 70, 'dropout': 0.1419598350366675, 'hidden_continuous_size': 70, 'attention_head_size': 1, 'learning_rate': 0.08960470041829759}. Best is trial 4 with value: 0.1806366890668869.
LOCAL_RANK: 0 - CUDA_VISIBLE_DEVICES: [0]
[I 2023-12-16 08:29:59,163] Trial 16 finished with value: 1.8799558877944946 and parameters: {'gradient_clip_val': 0.19877529893257614, 'hidden_size': 32, 'dropout': 0.1455113859797853, 'hidden_continuous_size': 15, 'attention_head_size': 4, 'learning_rate': 0.02252183630598582}. Best is trial 4 with value: 0.1806366890668869.
LOCAL_RANK: 0 - CUDA_VISIBLE_DEVICES: [0]
[I 2023-12-16 08:30:53,406] Trial 17 finished with value: 1.1323105096817017 and parameters: {'gradient_clip_val': 0.28149547429287347, 'hidden_size': 61, 'dropout': 0.10998527859459843, 'hidden_continuous_size': 20, 'attention_head_size': 2, 'learning_rate': 0.010451494385326337}. Best is trial 4 with value: 0.1806366890668869.
LOCAL_RANK: 0 - CUDA_VISIBLE_DEVICES: [0]
[I 2023-12-16 08:31:50,131] Trial 18 finished with value: 0.6714043021202087 and parameters: {'gradient_clip_val': 0.16067674506571833, 'hidden_size': 74, 'dropout': 0.19742170658200414, 'hidden_continuous_size': 47, 'attention_head_size': 4, 'learning_rate': 0.02859739863692466}. Best is trial 4 with value: 0.1806366890668869.
LOCAL_RANK: 0 - CUDA_VISIBLE_DEVICES: [0]
[I 2023-12-16 08:32:45,854] Trial 19 finished with value: 0.5513049960136414 and parameters: {'gradient_clip_val': 0.10309252552235984, 'hidden_size': 72, 'dropout': 0.21101352321012037, 'hidden_continuous_size': 46, 'attention_head_size': 3, 'learning_rate': 0.03304686552656879}. Best is trial 4 with value: 0.1806366890668869.
LOCAL_RANK: 0 - CUDA_VISIBLE_DEVICES: [0]
[I 2023-12-16 08:33:39,279] Trial 20 finished with value: 1.9179123640060425 and parameters: {'gradient_clip_val': 0.10318975206204724, 'hidden_size': 37, 'dropout': 0.23379741854832267, 'hidden_continuous_size': 18, 'attention_head_size': 3, 'learning_rate': 0.05179014733304893}. Best is trial 4 with value: 0.1806366890668869.
LOCAL_RANK: 0 - CUDA_VISIBLE_DEVICES: [0]
[I 2023-12-16 08:34:35,795] Trial 21 finished with value: 0.8169130682945251 and parameters: {'gradient_clip_val': 0.1264497216967797, 'hidden_size': 72, 'dropout': 0.20273930600604478, 'hidden_continuous_size': 45, 'attention_head_size': 4, 'learning_rate': 0.027418274440584856}. Best is trial 4 with value: 0.1806366890668869.
LOCAL_RANK: 0 - CUDA_VISIBLE_DEVICES: [0]
[I 2023-12-16 08:35:30,422] Trial 22 finished with value: 0.17739951610565186 and parameters: {'gradient_clip_val': 0.14817969217977053, 'hidden_size': 68, 'dropout': 0.16012111671175816, 'hidden_continuous_size': 28, 'attention_head_size': 3, 'learning_rate': 0.06165533530384599}. Best is trial 22 with value: 0.17739951610565186.
LOCAL_RANK: 0 - CUDA_VISIBLE_DEVICES: [0]
[I 2023-12-16 08:36:24,273] Trial 23 finished with value: 1.2440928220748901 and parameters: {'gradient_clip_val': 0.13473921207021333, 'hidden_size': 52, 'dropout': 0.15794850787937761, 'hidden_continuous_size': 27, 'attention_head_size': 2, 'learning_rate': 0.0590213252274662}. Best is trial 22 with value: 0.17739951610565186.
LOCAL_RANK: 0 - CUDA_VISIBLE_DEVICES: [0]
[I 2023-12-16 08:37:17,431] Trial 24 finished with value: 0.7515082955360413 and parameters: {'gradient_clip_val': 0.10524324318530101, 'hidden_size': 44, 'dropout': 0.10045909662916996, 'hidden_continuous_size': 24, 'attention_head_size': 3, 'learning_rate': 0.06017649332827883}. Best is trial 22 with value: 0.17739951610565186.
LOCAL_RANK: 0 - CUDA_VISIBLE_DEVICES: [0]
[I 2023-12-16 08:38:13,057] Trial 25 finished with value: 0.12743262946605682 and parameters: {'gradient_clip_val': 0.19845530572873457, 'hidden_size': 76, 'dropout': 0.16571078890906787, 'hidden_continuous_size': 39, 'attention_head_size': 3, 'learning_rate': 0.037251510664258324}. Best is trial 25 with value: 0.12743262946605682.
LOCAL_RANK: 0 - CUDA_VISIBLE_DEVICES: [0]
[I 2023-12-16 08:39:02,509] Trial 26 finished with value: 0.35184916853904724 and parameters: {'gradient_clip_val': 0.20978789233336698, 'hidden_size': 28, 'dropout': 0.13544026983597113, 'hidden_continuous_size': 17, 'attention_head_size': 2, 'learning_rate': 0.09751817162407875}. Best is trial 25 with value: 0.12743262946605682.
LOCAL_RANK: 0 - CUDA_VISIBLE_DEVICES: [0]
[I 2023-12-16 08:39:57,646] Trial 27 finished with value: 1.6989952325820923 and parameters: {'gradient_clip_val': 0.20470520461723013, 'hidden_size': 62, 'dropout': 0.1637119644559499, 'hidden_continuous_size': 34, 'attention_head_size': 3, 'learning_rate': 0.06000945881704846}. Best is trial 25 with value: 0.12743262946605682.
LOCAL_RANK: 0 - CUDA_VISIBLE_DEVICES: [0]
[I 2023-12-16 08:40:53,559] Trial 28 finished with value: 0.2882615625858307 and parameters: {'gradient_clip_val': 0.15106468386353877, 'hidden_size': 82, 'dropout': 0.18156262330376224, 'hidden_continuous_size': 26, 'attention_head_size': 3, 'learning_rate': 0.03801615511870125}. Best is trial 25 with value: 0.12743262946605682.
LOCAL_RANK: 0 - CUDA_VISIBLE_DEVICES: [0]
[I 2023-12-16 08:41:45,817] Trial 29 finished with value: 1.3435980081558228 and parameters: {'gradient_clip_val': 0.27926960150605207, 'hidden_size': 44, 'dropout': 0.12381022908747204, 'hidden_continuous_size': 22, 'attention_head_size': 2, 'learning_rate': 0.02128452044637451}. Best is trial 25 with value: 0.12743262946605682.
LOCAL_RANK: 0 - CUDA_VISIBLE_DEVICES: [0]
[I 2023-12-16 08:42:40,615] Trial 30 finished with value: 0.08849316835403442 and parameters: {'gradient_clip_val': 0.18667501637196, 'hidden_size': 58, 'dropout': 0.14888210990766274, 'hidden_continuous_size': 15, 'attention_head_size': 3, 'learning_rate': 0.06562798438158338}. Best is trial 30 with value: 0.08849316835403442.
LOCAL_RANK: 0 - CUDA_VISIBLE_DEVICES: [0]
[I 2023-12-16 08:43:35,219] Trial 31 finished with value: 0.7351482510566711 and parameters: {'gradient_clip_val': 0.1803354256325576, 'hidden_size': 59, 'dropout': 0.15358702196054733, 'hidden_continuous_size': 15, 'attention_head_size': 3, 'learning_rate': 0.06489754496636431}. Best is trial 30 with value: 0.08849316835403442.
LOCAL_RANK: 0 - CUDA_VISIBLE_DEVICES: [0]
[I 2023-12-16 08:44:29,745] Trial 32 finished with value: 0.27731022238731384 and parameters: {'gradient_clip_val': 0.2215512032237317, 'hidden_size': 79, 'dropout': 0.1358608428967332, 'hidden_continuous_size': 11, 'attention_head_size': 3, 'learning_rate': 0.09856563684778198}. Best is trial 30 with value: 0.08849316835403442.
LOCAL_RANK: 0 - CUDA_VISIBLE_DEVICES: [0]
[I 2023-12-16 08:45:25,613] Trial 33 finished with value: 0.8429338335990906 and parameters: {'gradient_clip_val': 0.15972206192230923, 'hidden_size': 86, 'dropout': 0.17044058614270355, 'hidden_continuous_size': 23, 'attention_head_size': 3, 'learning_rate': 0.041239641849656214}. Best is trial 30 with value: 0.08849316835403442.
LOCAL_RANK: 0 - CUDA_VISIBLE_DEVICES: [0]
[I 2023-12-16 08:46:19,760] Trial 34 finished with value: 0.07587628811597824 and parameters: {'gradient_clip_val': 0.29718184119706775, 'hidden_size': 53, 'dropout': 0.11920128932752164, 'hidden_continuous_size': 13, 'attention_head_size': 3, 'learning_rate': 0.04192060243813944}. Best is trial 34 with value: 0.07587628811597824.
LOCAL_RANK: 0 - CUDA_VISIBLE_DEVICES: [0]
[I 2023-12-16 08:47:13,994] Trial 35 finished with value: 2.9431869983673096 and parameters: {'gradient_clip_val': 0.3363245758457512, 'hidden_size': 51, 'dropout': 0.11406072468684883, 'hidden_continuous_size': 13, 'attention_head_size': 3, 'learning_rate': 0.040756439309483916}. Best is trial 34 with value: 0.07587628811597824.
LOCAL_RANK: 0 - CUDA_VISIBLE_DEVICES: [0]
[I 2023-12-16 08:48:13,118] Trial 36 finished with value: 2.22638201713562 and parameters: {'gradient_clip_val': 0.2908399214449161, 'hidden_size': 98, 'dropout': 0.12225928436249461, 'hidden_continuous_size': 86, 'attention_head_size': 3, 'learning_rate': 0.03182503387650955}. Best is trial 34 with value: 0.07587628811597824.
LOCAL_RANK: 0 - CUDA_VISIBLE_DEVICES: [0]
[I 2023-12-16 08:49:05,408] Trial 37 finished with value: 1.7450265884399414 and parameters: {'gradient_clip_val': 0.428312936907311, 'hidden_size': 39, 'dropout': 0.14740874286181127, 'hidden_continuous_size': 11, 'attention_head_size': 2, 'learning_rate': 0.048019278428024476}. Best is trial 34 with value: 0.07587628811597824.
LOCAL_RANK: 0 - CUDA_VISIBLE_DEVICES: [0]
[I 2023-12-16 08:49:55,013] Trial 38 finished with value: 0.9962300658226013 and parameters: {'gradient_clip_val': 0.253779152697779, 'hidden_size': 28, 'dropout': 0.10486804388967214, 'hidden_continuous_size': 10, 'attention_head_size': 3, 'learning_rate': 0.06806915187857329}. Best is trial 34 with value: 0.07587628811597824.
LOCAL_RANK: 0 - CUDA_VISIBLE_DEVICES: [0]
[I 2023-12-16 08:50:49,410] Trial 39 finished with value: 1.7233885526657104 and parameters: {'gradient_clip_val': 0.203532137713004, 'hidden_size': 64, 'dropout': 0.12877118234463653, 'hidden_continuous_size': 31, 'attention_head_size': 3, 'learning_rate': 0.026394275259354734}. Best is trial 34 with value: 0.07587628811597824.
LOCAL_RANK: 0 - CUDA_VISIBLE_DEVICES: [0]
[I 2023-12-16 08:51:43,824] Trial 40 finished with value: 0.14711488783359528 and parameters: {'gradient_clip_val': 0.9666567245532418, 'hidden_size': 53, 'dropout': 0.1524907245847935, 'hidden_continuous_size': 17, 'attention_head_size': 3, 'learning_rate': 0.04843167937103892}. Best is trial 34 with value: 0.07587628811597824.
LOCAL_RANK: 0 - CUDA_VISIBLE_DEVICES: [0]
[I 2023-12-16 08:52:38,092] Trial 41 finished with value: 1.4827207326889038 and parameters: {'gradient_clip_val': 0.9227237589302694, 'hidden_size': 54, 'dropout': 0.15068141510017222, 'hidden_continuous_size': 13, 'attention_head_size': 3, 'learning_rate': 0.04828444027152937}. Best is trial 34 with value: 0.07587628811597824.
LOCAL_RANK: 0 - CUDA_VISIBLE_DEVICES: [0]
[I 2023-12-16 08:53:32,042] Trial 42 finished with value: 2.479064702987671 and parameters: {'gradient_clip_val': 0.5630557573806686, 'hidden_size': 66, 'dropout': 0.19464837572864227, 'hidden_continuous_size': 9, 'attention_head_size': 3, 'learning_rate': 0.03737117740881814}. Best is trial 34 with value: 0.07587628811597824.
LOCAL_RANK: 0 - CUDA_VISIBLE_DEVICES: [0]
[I 2023-12-16 08:54:25,960] Trial 43 finished with value: 1.2525402307510376 and parameters: {'gradient_clip_val': 0.36534392168269236, 'hidden_size': 45, 'dropout': 0.16278442158773182, 'hidden_continuous_size': 17, 'attention_head_size': 3, 'learning_rate': 0.07886174501308436}. Best is trial 34 with value: 0.07587628811597824.
LOCAL_RANK: 0 - CUDA_VISIBLE_DEVICES: [0]
[I 2023-12-16 08:55:20,140] Trial 44 finished with value: 0.16203249990940094 and parameters: {'gradient_clip_val': 0.24771499027565486, 'hidden_size': 53, 'dropout': 0.11768466749424447, 'hidden_continuous_size': 13, 'attention_head_size': 3, 'learning_rate': 0.07265514613075237}. Best is trial 34 with value: 0.07587628811597824.
LOCAL_RANK: 0 - CUDA_VISIBLE_DEVICES: [0]
[I 2023-12-16 08:56:13,818] Trial 45 finished with value: 0.10692589730024338 and parameters: {'gradient_clip_val': 0.23972628322304845, 'hidden_size': 51, 'dropout': 0.11496396390644487, 'hidden_continuous_size': 14, 'attention_head_size': 2, 'learning_rate': 0.07543842072497607}. Best is trial 34 with value: 0.07587628811597824.
LOCAL_RANK: 0 - CUDA_VISIBLE_DEVICES: [0]
[I 2023-12-16 08:57:08,808] Trial 46 finished with value: 1.7475351095199585 and parameters: {'gradient_clip_val': 0.3153867769675121, 'hidden_size': 79, 'dropout': 0.1340933523248188, 'hidden_continuous_size': 16, 'attention_head_size': 2, 'learning_rate': 0.04948447858866671}. Best is trial 34 with value: 0.07587628811597824.
LOCAL_RANK: 0 - CUDA_VISIBLE_DEVICES: [0]
