[I 2023-12-26 13:55:49,285] Trial 8 finished with value: 62.361812591552734 and parameters: {'gradient_clip_val': 0.10775802055091105, 'hidden_size': 37, 'dropout': 0.3731102788933348, 'hidden_continuous_size': 12, 'attention_head_size': 4, 'learning_rate': 0.03809391037844615}. Best is trial 0 with value: 27.69841957092285.
[I 2023-12-26 13:55:51,583] Trial 9 finished with value: 33.02821731567383 and parameters: {'gradient_clip_val': 0.5797030580718312, 'hidden_size': 20, 'dropout': 0.23984475574279293, 'hidden_continuous_size': 10, 'attention_head_size': 2, 'learning_rate': 0.0122306245309528}. Best is trial 0 with value: 27.69841957092285.
[I 2023-12-26 13:55:53,647] Trial 10 finished with value: 58.24391174316406 and parameters: {'gradient_clip_val': 0.3827394024767457, 'hidden_size': 14, 'dropout': 0.24070479941856343, 'hidden_continuous_size': 13, 'attention_head_size': 1, 'learning_rate': 0.0005874290348046413}. Best is trial 0 with value: 27.69841957092285.
[I 2023-12-26 13:55:55,708] Trial 11 finished with value: 60.11458969116211 and parameters: {'gradient_clip_val': 0.5546433679911331, 'hidden_size': 18, 'dropout': 0.22761123177900983, 'hidden_continuous_size': 14, 'attention_head_size': 1, 'learning_rate': 0.005216495192407208}. Best is trial 0 with value: 27.69841957092285.
[I 2023-12-26 13:55:57,769] Trial 12 finished with value: 45.98435592651367 and parameters: {'gradient_clip_val': 0.9704686896660066, 'hidden_size': 19, 'dropout': 0.105488573790498, 'hidden_continuous_size': 8, 'attention_head_size': 1, 'learning_rate': 0.005800311325689425}. Best is trial 0 with value: 27.69841957092285.
[I 2023-12-26 13:56:05,426] Trial 13 finished with value: 52.02418518066406 and parameters: {'gradient_clip_val': 0.4620966194928112, 'hidden_size': 123, 'dropout': 0.2767960657940292, 'hidden_continuous_size': 43, 'attention_head_size': 2, 'learning_rate': 0.019422415821654028}. Best is trial 0 with value: 27.69841957092285.
[I 2023-12-26 13:56:07,118] Trial 14 finished with value: 43.355438232421875 and parameters: {'gradient_clip_val': 0.8116758796222648, 'hidden_size': 5, 'dropout': 0.189752338460917, 'hidden_continuous_size': 5, 'attention_head_size': 1, 'learning_rate': 0.001256539073651107}. Best is trial 0 with value: 27.69841957092285.
[I 2023-12-26 13:56:09,109] Trial 15 finished with value: 52.0977783203125 and parameters: {'gradient_clip_val': 0.7265621351665998, 'hidden_size': 10, 'dropout': 0.1831632602120828, 'hidden_continuous_size': 6, 'attention_head_size': 2, 'learning_rate': 0.004995919172136875}. Best is trial 0 with value: 27.69841957092285.
[I 2023-12-26 13:56:11,224] Trial 16 finished with value: 55.01687240600586 and parameters: {'gradient_clip_val': 0.5064323555829747, 'hidden_size': 20, 'dropout': 0.2828394162766434, 'hidden_continuous_size': 12, 'attention_head_size': 1, 'learning_rate': 0.0027945983318953165}. Best is trial 0 with value: 27.69841957092285.
[I 2023-12-26 13:56:13,262] Trial 17 finished with value: 61.15150833129883 and parameters: {'gradient_clip_val': 0.4705236131238949, 'hidden_size': 13, 'dropout': 0.1786226422485825, 'hidden_continuous_size': 9, 'attention_head_size': 2, 'learning_rate': 0.009863936524421897}. Best is trial 0 with value: 27.69841957092285.
[I 2023-12-26 13:56:15,108] Trial 18 finished with value: 63.20637130737305 and parameters: {'gradient_clip_val': 0.7219366026796586, 'hidden_size': 8, 'dropout': 0.24287360231442187, 'hidden_continuous_size': 5, 'attention_head_size': 3, 'learning_rate': 0.0217115257535707}. Best is trial 0 with value: 27.69841957092285.
[I 2023-12-26 13:56:17,487] Trial 19 finished with value: 64.14867401123047 and parameters: {'gradient_clip_val': 0.40859121946886356, 'hidden_size': 25, 'dropout': 0.332749202703969, 'hidden_continuous_size': 15, 'attention_head_size': 4, 'learning_rate': 0.0009375314392637005}. Best is trial 0 with value: 27.69841957092285.
[I 2023-12-26 13:56:19,552] Trial 20 finished with value: 81.01607513427734 and parameters: {'gradient_clip_val': 0.5710940500490888, 'hidden_size': 15, 'dropout': 0.26602785117398786, 'hidden_continuous_size': 8, 'attention_head_size': 1, 'learning_rate': 0.004196318220305654}. Best is trial 0 with value: 27.69841957092285.
[I 2023-12-26 13:56:21,452] Trial 21 finished with value: 84.75401306152344 and parameters: {'gradient_clip_val': 0.8318395916003413, 'hidden_size': 5, 'dropout': 0.18376135546164876, 'hidden_continuous_size': 5, 'attention_head_size': 1, 'learning_rate': 0.0013191952365108027}. Best is trial 0 with value: 27.69841957092285.
[I 2023-12-26 13:56:23,161] Trial 22 finished with value: 82.08879089355469 and parameters: {'gradient_clip_val': 0.7681295174702524, 'hidden_size': 5, 'dropout': 0.1978506369025306, 'hidden_continuous_size': 5, 'attention_head_size': 1, 'learning_rate': 0.0005101805119811776}. Best is trial 0 with value: 27.69841957092285.
[I 2023-12-26 13:56:25,033] Trial 23 finished with value: 77.74315643310547 and parameters: {'gradient_clip_val': 0.6740935161618806, 'hidden_size': 7, 'dropout': 0.1639888569579002, 'hidden_continuous_size': 5, 'attention_head_size': 2, 'learning_rate': 0.0012524018730702966}. Best is trial 0 with value: 27.69841957092285.
[I 2023-12-26 13:56:26,987] Trial 24 finished with value: 81.0400619506836 and parameters: {'gradient_clip_val': 0.8302272236412457, 'hidden_size': 10, 'dropout': 0.22392171941762912, 'hidden_continuous_size': 6, 'attention_head_size': 1, 'learning_rate': 0.0009367007953980253}. Best is trial 0 with value: 27.69841957092285.
[I 2023-12-26 13:56:28,863] Trial 25 finished with value: 52.45888900756836 and parameters: {'gradient_clip_val': 0.6067686573746949, 'hidden_size': 6, 'dropout': 0.10479934545864125, 'hidden_continuous_size': 5, 'attention_head_size': 2, 'learning_rate': 0.002085712572787456}. Best is trial 0 with value: 27.69841957092285.
[I 2023-12-26 13:56:30,805] Trial 26 finished with value: 62.8687858581543 and parameters: {'gradient_clip_val': 0.9948693711602667, 'hidden_size': 11, 'dropout': 0.19880425657339512, 'hidden_continuous_size': 6, 'attention_head_size': 1, 'learning_rate': 0.0032414784880523367}. Best is trial 0 with value: 27.69841957092285.
[I 2023-12-26 13:56:32,622] Trial 27 finished with value: 57.04106521606445 and parameters: {'gradient_clip_val': 0.509913485802601, 'hidden_size': 8, 'dropout': 0.15888466178110455, 'hidden_continuous_size': 6, 'attention_head_size': 1, 'learning_rate': 0.007094562747871913}. Best is trial 0 with value: 27.69841957092285.
[I 2023-12-26 13:56:34,510] Trial 28 finished with value: 64.16673278808594 and parameters: {'gradient_clip_val': 0.66205745937416, 'hidden_size': 16, 'dropout': 0.25062936373524686, 'hidden_continuous_size': 7, 'attention_head_size': 2, 'learning_rate': 0.002001793860051152}. Best is trial 0 with value: 27.69841957092285.
[I 2023-12-26 13:56:36,728] Trial 29 finished with value: 41.164554595947266 and parameters: {'gradient_clip_val': 0.4416531094173921, 'hidden_size': 22, 'dropout': 0.1426174985106711, 'hidden_continuous_size': 10, 'attention_head_size': 3, 'learning_rate': 0.0007875851716390448}. Best is trial 0 with value: 27.69841957092285.
[I 2023-12-26 13:56:38,897] Trial 30 finished with value: 59.37697219848633 and parameters: {'gradient_clip_val': 0.4123859213277741, 'hidden_size': 24, 'dropout': 0.13588672542691083, 'hidden_continuous_size': 11, 'attention_head_size': 3, 'learning_rate': 0.0009081022299202142}. Best is trial 0 with value: 27.69841957092285.
[I 2023-12-26 13:56:40,975] Trial 31 finished with value: 65.2098159790039 and parameters: {'gradient_clip_val': 0.505984933827466, 'hidden_size': 13, 'dropout': 0.16160588193400857, 'hidden_continuous_size': 9, 'attention_head_size': 4, 'learning_rate': 0.0014671347190648501}. Best is trial 0 with value: 27.69841957092285.
[I 2023-12-26 13:56:43,505] Trial 32 finished with value: 76.9304428100586 and parameters: {'gradient_clip_val': 0.2933737770683259, 'hidden_size': 31, 'dropout': 0.2089706348251134, 'hidden_continuous_size': 11, 'attention_head_size': 3, 'learning_rate': 0.0007607572839114832}. Best is trial 0 with value: 27.69841957092285.
[I 2023-12-26 13:56:45,943] Trial 33 finished with value: 66.49835968017578 and parameters: {'gradient_clip_val': 0.43757311290550727, 'hidden_size': 22, 'dropout': 0.12609758437655932, 'hidden_continuous_size': 10, 'attention_head_size': 3, 'learning_rate': 0.0016504475595724851}. Best is trial 0 with value: 27.69841957092285.
[I 2023-12-26 13:56:48,421] Trial 34 finished with value: 71.24422454833984 and parameters: {'gradient_clip_val': 0.3682184854441733, 'hidden_size': 30, 'dropout': 0.20768035491672102, 'hidden_continuous_size': 16, 'attention_head_size': 3, 'learning_rate': 0.0012195526711310369}. Best is trial 0 with value: 27.69841957092285.
[I 2023-12-26 13:56:50,557] Trial 35 finished with value: 52.60966491699219 and parameters: {'gradient_clip_val': 0.307372992735304, 'hidden_size': 20, 'dropout': 0.1481599461802181, 'hidden_continuous_size': 9, 'attention_head_size': 3, 'learning_rate': 0.0007356712903388177}. Best is trial 0 with value: 27.69841957092285.
[I 2023-12-26 13:56:53,147] Trial 36 finished with value: 77.01007080078125 and parameters: {'gradient_clip_val': 0.565901724166706, 'hidden_size': 37, 'dropout': 0.17875958453886753, 'hidden_continuous_size': 17, 'attention_head_size': 2, 'learning_rate': 0.0005583951356400047}. Best is trial 0 with value: 27.69841957092285.
[I 2023-12-26 13:56:56,098] Trial 37 finished with value: 56.16232681274414 and parameters: {'gradient_clip_val': 0.3499740611178839, 'hidden_size': 50, 'dropout': 0.21498104416598623, 'hidden_continuous_size': 18, 'attention_head_size': 3, 'learning_rate': 0.001032315829162964}. Best is trial 0 with value: 27.69841957092285.
[I 2023-12-26 13:56:58,443] Trial 38 finished with value: 46.91585159301758 and parameters: {'gradient_clip_val': 0.6582888490162029, 'hidden_size': 27, 'dropout': 0.12554766512961552, 'hidden_continuous_size': 10, 'attention_head_size': 2, 'learning_rate': 0.00187975872615989}. Best is trial 0 with value: 27.69841957092285.
[I 2023-12-26 13:57:00,512] Trial 39 finished with value: 44.19216537475586 and parameters: {'gradient_clip_val': 0.28807843686280105, 'hidden_size': 17, 'dropout': 0.1553998350923075, 'hidden_continuous_size': 8, 'attention_head_size': 4, 'learning_rate': 0.0007055579873548034}. Best is trial 0 with value: 27.69841957092285.
[I 2023-12-26 13:57:02,786] Trial 40 finished with value: 57.75905227661133 and parameters: {'gradient_clip_val': 0.544909164295204, 'hidden_size': 23, 'dropout': 0.10065244717154065, 'hidden_continuous_size': 13, 'attention_head_size': 1, 'learning_rate': 0.0016206202075336193}. Best is trial 0 with value: 27.69841957092285.
[I 2023-12-26 13:57:05,277] Trial 41 finished with value: 58.29171371459961 and parameters: {'gradient_clip_val': 0.25576641146099066, 'hidden_size': 31, 'dropout': 0.4959508426825663, 'hidden_continuous_size': 11, 'attention_head_size': 2, 'learning_rate': 0.06512122900527387}. Best is trial 0 with value: 27.69841957092285.
[I 2023-12-26 13:57:07,197] Trial 42 finished with value: 84.95610046386719 and parameters: {'gradient_clip_val': 0.3976181074218854, 'hidden_size': 16, 'dropout': 0.4433732247546397, 'hidden_continuous_size': 10, 'attention_head_size': 2, 'learning_rate': 0.09705261636820206}. Best is trial 0 with value: 27.69841957092285.
[I 2023-12-26 13:57:09,859] Trial 43 finished with value: 44.148956298828125 and parameters: {'gradient_clip_val': 0.46311358878116105, 'hidden_size': 48, 'dropout': 0.31533986128917135, 'hidden_continuous_size': 7, 'attention_head_size': 2, 'learning_rate': 0.0024368833118452475}. Best is trial 0 with value: 27.69841957092285.
[I 2023-12-26 13:57:11,945] Trial 44 finished with value: 52.104671478271484 and parameters: {'gradient_clip_val': 0.33149115073568713, 'hidden_size': 19, 'dropout': 0.38818773868078615, 'hidden_continuous_size': 9, 'attention_head_size': 1, 'learning_rate': 0.003135735253094953}. Best is trial 0 with value: 27.69841957092285.
[I 2023-12-26 13:57:14,221] Trial 45 finished with value: 66.54439544677734 and parameters: {'gradient_clip_val': 0.3790698961033959, 'hidden_size': 14, 'dropout': 0.23248995138272172, 'hidden_continuous_size': 9, 'attention_head_size': 2, 'learning_rate': 0.033604181043388276}. Best is trial 0 with value: 27.69841957092285.
[I 2023-12-26 13:57:16,377] Trial 46 finished with value: 63.84614562988281 and parameters: {'gradient_clip_val': 0.5996823100626447, 'hidden_size': 21, 'dropout': 0.25647874871758625, 'hidden_continuous_size': 12, 'attention_head_size': 1, 'learning_rate': 0.012450362915638783}. Best is trial 0 with value: 27.69841957092285.
[I 2023-12-26 13:57:18,780] Trial 47 finished with value: 49.33589172363281 and parameters: {'gradient_clip_val': 0.44830110552465746, 'hidden_size': 27, 'dropout': 0.30284074840410735, 'hidden_continuous_size': 13, 'attention_head_size': 3, 'learning_rate': 0.00856384459969278}. Best is trial 0 with value: 27.69841957092285.
[I 2023-12-26 13:57:20,736] Trial 48 finished with value: 52.44608688354492 and parameters: {'gradient_clip_val': 0.22113450583110156, 'hidden_size': 9, 'dropout': 0.24248577250955694, 'hidden_continuous_size': 7, 'attention_head_size': 2, 'learning_rate': 0.0005076897547405515}. Best is trial 0 with value: 27.69841957092285.
[I 2023-12-26 13:57:22,774] Trial 49 finished with value: 54.293212890625 and parameters: {'gradient_clip_val': 0.33212982076768893, 'hidden_size': 18, 'dropout': 0.28093580185496336, 'hidden_continuous_size': 10, 'attention_head_size': 1, 'learning_rate': 0.020545096480371873}. Best is trial 0 with value: 27.69841957092285.
[I 2023-12-26 13:57:22,896] A new study created in memory with name: no-name-15e0a165-1405-4eb5-809e-7bdeee7c2cae
/home/le004/conda/anaconda3/envs/tsff_env/lib/python3.9/site-packages/lightning/fabric/plugins/environments/slurm.py:191: The `srun` command is available on your system but is not used. HINT: If your intention is to run Lightning on SLURM, prepend your python command with `srun` like so: srun python /home/le004/master_thesis/git/TSFusionForecast/code/ ...
[I 2023-12-26 14:00:45,357] Trial 0 finished with value: 144.8592987060547 and parameters: {'gradient_clip_val': 0.28069703969249793, 'hidden_size': 40, 'dropout': 0.3967701686566649, 'hidden_continuous_size': 10, 'attention_head_size': 2, 'learning_rate': 0.004780294182488864}. Best is trial 0 with value: 144.8592987060547.
[I 2023-12-26 14:00:47,600] Trial 1 finished with value: 403.0158996582031 and parameters: {'gradient_clip_val': 0.689779783826712, 'hidden_size': 22, 'dropout': 0.10202745051380263, 'hidden_continuous_size': 18, 'attention_head_size': 1, 'learning_rate': 0.002567654754826976}. Best is trial 0 with value: 144.8592987060547.
[I 2023-12-26 14:00:51,254] Trial 2 finished with value: 486.8504943847656 and parameters: {'gradient_clip_val': 0.20240937059471498, 'hidden_size': 60, 'dropout': 0.1401307328676857, 'hidden_continuous_size': 18, 'attention_head_size': 4, 'learning_rate': 0.005024282629380305}. Best is trial 0 with value: 144.8592987060547.
[I 2023-12-26 14:00:58,635] Trial 3 finished with value: 513.1588745117188 and parameters: {'gradient_clip_val': 0.5822283671323738, 'hidden_size': 120, 'dropout': 0.41485033021266116, 'hidden_continuous_size': 26, 'attention_head_size': 2, 'learning_rate': 0.0006159950834978212}. Best is trial 0 with value: 144.8592987060547.
[I 2023-12-26 14:01:00,344] Trial 4 finished with value: 658.9252319335938 and parameters: {'gradient_clip_val': 0.5379529466625812, 'hidden_size': 6, 'dropout': 0.14383858205517144, 'hidden_continuous_size': 6, 'attention_head_size': 1, 'learning_rate': 0.0010747488481899674}. Best is trial 0 with value: 144.8592987060547.
[I 2023-12-26 14:01:02,286] Trial 5 finished with value: 568.9107666015625 and parameters: {'gradient_clip_val': 0.20276502321629516, 'hidden_size': 7, 'dropout': 0.3922121965464277, 'hidden_continuous_size': 6, 'attention_head_size': 3, 'learning_rate': 0.09241180834453237}. Best is trial 0 with value: 144.8592987060547.
[I 2023-12-26 14:01:04,321] Trial 6 finished with value: 495.3711242675781 and parameters: {'gradient_clip_val': 0.6199218711157846, 'hidden_size': 13, 'dropout': 0.3426411250481526, 'hidden_continuous_size': 7, 'attention_head_size': 2, 'learning_rate': 0.050526204241630665}. Best is trial 0 with value: 144.8592987060547.
[I 2023-12-26 14:01:07,346] Trial 7 finished with value: 612.3569946289062 and parameters: {'gradient_clip_val': 0.11600617616340549, 'hidden_size': 49, 'dropout': 0.33003784782330103, 'hidden_continuous_size': 16, 'attention_head_size': 3, 'learning_rate': 0.006683836764398091}. Best is trial 0 with value: 144.8592987060547.
[I 2023-12-26 14:01:10,057] Trial 8 finished with value: 529.29052734375 and parameters: {'gradient_clip_val': 0.9226058943050265, 'hidden_size': 38, 'dropout': 0.11669858971179897, 'hidden_continuous_size': 10, 'attention_head_size': 4, 'learning_rate': 0.004703315863468909}. Best is trial 0 with value: 144.8592987060547.
[I 2023-12-26 14:01:19,269] Trial 9 finished with value: 531.941650390625 and parameters: {'gradient_clip_val': 0.1331606105679494, 'hidden_size': 145, 'dropout': 0.19476823990734535, 'hidden_continuous_size': 37, 'attention_head_size': 3, 'learning_rate': 0.0007606475200924135}. Best is trial 0 with value: 144.8592987060547.
[I 2023-12-26 14:01:21,554] Trial 10 finished with value: 296.8887023925781 and parameters: {'gradient_clip_val': 0.33999810615555837, 'hidden_size': 23, 'dropout': 0.4939066439615848, 'hidden_continuous_size': 9, 'attention_head_size': 2, 'learning_rate': 0.01293474492460856}. Best is trial 0 with value: 144.8592987060547.
[I 2023-12-26 14:01:24,026] Trial 11 finished with value: 393.3004455566406 and parameters: {'gradient_clip_val': 0.3450535672523561, 'hidden_size': 22, 'dropout': 0.49836182427358394, 'hidden_continuous_size': 9, 'attention_head_size': 2, 'learning_rate': 0.016975842272331045}. Best is trial 0 with value: 144.8592987060547.
[I 2023-12-26 14:01:26,151] Trial 12 finished with value: 524.1046752929688 and parameters: {'gradient_clip_val': 0.3406795078136196, 'hidden_size': 15, 'dropout': 0.49115862767050184, 'hidden_continuous_size': 8, 'attention_head_size': 2, 'learning_rate': 0.01653222536553462}. Best is trial 0 with value: 144.8592987060547.
[I 2023-12-26 14:01:28,442] Trial 13 finished with value: 376.1001892089844 and parameters: {'gradient_clip_val': 0.2649867930752738, 'hidden_size': 32, 'dropout': 0.437620093757588, 'hidden_continuous_size': 5, 'attention_head_size': 1, 'learning_rate': 0.0156890047629757}. Best is trial 0 with value: 144.8592987060547.
[I 2023-12-26 14:01:32,796] Trial 14 finished with value: 429.29931640625 and parameters: {'gradient_clip_val': 0.38491099279583846, 'hidden_size': 72, 'dropout': 0.45005439888139875, 'hidden_continuous_size': 12, 'attention_head_size': 2, 'learning_rate': 0.0023156374907935427}. Best is trial 0 with value: 144.8592987060547.
[I 2023-12-26 14:01:35,285] Trial 15 finished with value: 608.0225219726562 and parameters: {'gradient_clip_val': 0.42977963354832316, 'hidden_size': 29, 'dropout': 0.3794161350497143, 'hidden_continuous_size': 11, 'attention_head_size': 3, 'learning_rate': 0.012101666947448545}. Best is trial 0 with value: 144.8592987060547.
[I 2023-12-26 14:01:40,378] Trial 16 finished with value: 337.7193298339844 and parameters: {'gradient_clip_val': 0.25013907981065575, 'hidden_size': 82, 'dropout': 0.27922626229397696, 'hidden_continuous_size': 13, 'attention_head_size': 1, 'learning_rate': 0.031366391660722366}. Best is trial 0 with value: 144.8592987060547.
[I 2023-12-26 14:01:43,441] Trial 17 finished with value: 389.9696350097656 and parameters: {'gradient_clip_val': 0.45185770650656315, 'hidden_size': 47, 'dropout': 0.46250767921555014, 'hidden_continuous_size': 8, 'attention_head_size': 2, 'learning_rate': 0.009860902007368378}. Best is trial 0 with value: 144.8592987060547.
[I 2023-12-26 14:01:46,131] Trial 18 finished with value: 482.6082763671875 and parameters: {'gradient_clip_val': 0.28468215235583844, 'hidden_size': 37, 'dropout': 0.41373877318213326, 'hidden_continuous_size': 10, 'attention_head_size': 3, 'learning_rate': 0.0031959065973534997}. Best is trial 0 with value: 144.8592987060547.
[I 2023-12-26 14:01:48,246] Trial 19 finished with value: 531.2688598632812 and parameters: {'gradient_clip_val': 0.202249315261879, 'hidden_size': 15, 'dropout': 0.46501529635075334, 'hidden_continuous_size': 9, 'attention_head_size': 1, 'learning_rate': 0.007365573013646751}. Best is trial 0 with value: 144.8592987060547.
[I 2023-12-26 14:01:50,479] Trial 20 finished with value: 402.9534606933594 and parameters: {'gradient_clip_val': 0.31157875062074225, 'hidden_size': 24, 'dropout': 0.49635962196276884, 'hidden_continuous_size': 13, 'attention_head_size': 2, 'learning_rate': 0.026667877720398615}. Best is trial 0 with value: 144.8592987060547.
[I 2023-12-26 14:01:56,832] Trial 21 finished with value: 421.3568420410156 and parameters: {'gradient_clip_val': 0.25259558702393026, 'hidden_size': 91, 'dropout': 0.28238912035426506, 'hidden_continuous_size': 88, 'attention_head_size': 1, 'learning_rate': 0.02834851580477903}. Best is trial 0 with value: 144.8592987060547.
[I 2023-12-26 14:02:02,331] Trial 22 finished with value: 393.3457946777344 and parameters: {'gradient_clip_val': 0.23684350668430126, 'hidden_size': 87, 'dropout': 0.2859758735672434, 'hidden_continuous_size': 14, 'attention_head_size': 1, 'learning_rate': 0.02944393631417912}. Best is trial 0 with value: 144.8592987060547.
