[I 2023-12-26 11:34:29,541] Trial 13 finished with value: 3.8522961139678955 and parameters: {'gradient_clip_val': 0.26197087849245093, 'hidden_size': 77, 'dropout': 0.20372645856152352, 'hidden_continuous_size': 5, 'attention_head_size': 3, 'learning_rate': 0.008075494629171983}. Best is trial 0 with value: 0.36050453782081604.
[I 2023-12-26 11:34:35,514] Trial 14 finished with value: 3.4192192554473877 and parameters: {'gradient_clip_val': 0.2455594154335003, 'hidden_size': 75, 'dropout': 0.2204586171008242, 'hidden_continuous_size': 5, 'attention_head_size': 2, 'learning_rate': 0.005627716195207848}. Best is trial 0 with value: 0.36050453782081604.
[I 2023-12-26 11:34:38,740] Trial 15 finished with value: 4.645022869110107 and parameters: {'gradient_clip_val': 0.33584686153288534, 'hidden_size': 31, 'dropout': 0.23774535283063922, 'hidden_continuous_size': 7, 'attention_head_size': 4, 'learning_rate': 0.009566716058543806}. Best is trial 0 with value: 0.36050453782081604.
[I 2023-12-26 11:34:43,750] Trial 16 finished with value: 3.6104841232299805 and parameters: {'gradient_clip_val': 0.1850540964360235, 'hidden_size': 62, 'dropout': 0.16266524665105442, 'hidden_continuous_size': 8, 'attention_head_size': 1, 'learning_rate': 0.003938466195366424}. Best is trial 0 with value: 0.36050453782081604.
[I 2023-12-26 11:34:52,658] Trial 17 finished with value: 2.660539150238037 and parameters: {'gradient_clip_val': 0.2475427022422961, 'hidden_size': 109, 'dropout': 0.15496316203310334, 'hidden_continuous_size': 18, 'attention_head_size': 2, 'learning_rate': 0.013342939803485743}. Best is trial 0 with value: 0.36050453782081604.
[I 2023-12-26 11:35:02,063] Trial 18 finished with value: 4.139967441558838 and parameters: {'gradient_clip_val': 0.22682280280766, 'hidden_size': 119, 'dropout': 0.13051144505259954, 'hidden_continuous_size': 24, 'attention_head_size': 1, 'learning_rate': 0.014484681287281741}. Best is trial 0 with value: 0.36050453782081604.
[I 2023-12-26 11:35:10,022] Trial 19 finished with value: 2.907541275024414 and parameters: {'gradient_clip_val': 0.16031431021536693, 'hidden_size': 103, 'dropout': 0.10382348911021558, 'hidden_continuous_size': 18, 'attention_head_size': 2, 'learning_rate': 0.027334770147520848}. Best is trial 0 with value: 0.36050453782081604.
[I 2023-12-26 11:35:21,635] Trial 20 finished with value: 2.7932608127593994 and parameters: {'gradient_clip_val': 0.22095679723813946, 'hidden_size': 150, 'dropout': 0.16805605182902314, 'hidden_continuous_size': 36, 'attention_head_size': 1, 'learning_rate': 0.004858246120008222}. Best is trial 0 with value: 0.36050453782081604.
[I 2023-12-26 11:35:33,016] Trial 21 finished with value: 4.668168544769287 and parameters: {'gradient_clip_val': 0.21821100191250176, 'hidden_size': 148, 'dropout': 0.16248132679217517, 'hidden_continuous_size': 39, 'attention_head_size': 1, 'learning_rate': 0.003570921673247056}. Best is trial 0 with value: 0.36050453782081604.
[I 2023-12-26 11:35:40,790] Trial 22 finished with value: 3.3552169799804688 and parameters: {'gradient_clip_val': 0.10663980598623811, 'hidden_size': 97, 'dropout': 0.16277539686656883, 'hidden_continuous_size': 29, 'attention_head_size': 1, 'learning_rate': 0.00540844958901154}. Best is trial 0 with value: 0.36050453782081604.
[I 2023-12-26 11:35:52,887] Trial 23 finished with value: 2.8294951915740967 and parameters: {'gradient_clip_val': 0.2682362663118237, 'hidden_size': 149, 'dropout': 0.18712937727026782, 'hidden_continuous_size': 48, 'attention_head_size': 2, 'learning_rate': 0.015604327243301071}. Best is trial 0 with value: 0.36050453782081604.
[I 2023-12-26 11:36:00,487] Trial 24 finished with value: 3.755930185317993 and parameters: {'gradient_clip_val': 0.15411833085716428, 'hidden_size': 95, 'dropout': 0.25813711989268434, 'hidden_continuous_size': 14, 'attention_head_size': 1, 'learning_rate': 0.01179298858196738}. Best is trial 0 with value: 0.36050453782081604.
[I 2023-12-26 11:36:09,579] Trial 25 finished with value: 3.952979803085327 and parameters: {'gradient_clip_val': 0.1936714349675635, 'hidden_size': 115, 'dropout': 0.14033375283111144, 'hidden_continuous_size': 29, 'attention_head_size': 2, 'learning_rate': 0.00618034894830731}. Best is trial 0 with value: 0.36050453782081604.
[I 2023-12-26 11:36:14,765] Trial 26 finished with value: 3.9567787647247314 and parameters: {'gradient_clip_val': 0.25545341802914984, 'hidden_size': 62, 'dropout': 0.10824851898775362, 'hidden_continuous_size': 15, 'attention_head_size': 1, 'learning_rate': 0.012316979453071593}. Best is trial 0 with value: 0.36050453782081604.
[I 2023-12-26 11:36:21,407] Trial 27 finished with value: 2.983476400375366 and parameters: {'gradient_clip_val': 0.21494073309424322, 'hidden_size': 83, 'dropout': 0.14625358821269954, 'hidden_continuous_size': 9, 'attention_head_size': 2, 'learning_rate': 0.021148208442631884}. Best is trial 0 with value: 0.36050453782081604.
[I 2023-12-26 11:36:30,979] Trial 28 finished with value: 3.1147024631500244 and parameters: {'gradient_clip_val': 0.17504073698544503, 'hidden_size': 122, 'dropout': 0.16872628372110973, 'hidden_continuous_size': 19, 'attention_head_size': 1, 'learning_rate': 0.004414221894092544}. Best is trial 0 with value: 0.36050453782081604.
[I 2023-12-26 11:36:38,193] Trial 29 finished with value: 3.306480646133423 and parameters: {'gradient_clip_val': 0.17235724607240327, 'hidden_size': 92, 'dropout': 0.2911269089722439, 'hidden_continuous_size': 15, 'attention_head_size': 2, 'learning_rate': 0.03370282787674859}. Best is trial 0 with value: 0.36050453782081604.
[I 2023-12-26 11:36:43,233] Trial 30 finished with value: 4.3982672691345215 and parameters: {'gradient_clip_val': 0.37722554593784446, 'hidden_size': 60, 'dropout': 0.1883944790430714, 'hidden_continuous_size': 9, 'attention_head_size': 1, 'learning_rate': 0.04356445262063111}. Best is trial 0 with value: 0.36050453782081604.
[I 2023-12-26 11:36:54,537] Trial 31 finished with value: 2.2646589279174805 and parameters: {'gradient_clip_val': 0.27463443271695265, 'hidden_size': 141, 'dropout': 0.18708049515139175, 'hidden_continuous_size': 61, 'attention_head_size': 2, 'learning_rate': 0.015371087919405198}. Best is trial 0 with value: 0.36050453782081604.
[I 2023-12-26 11:37:04,609] Trial 32 finished with value: 3.1761271953582764 and parameters: {'gradient_clip_val': 0.28762197745384493, 'hidden_size': 128, 'dropout': 0.13300094400358026, 'hidden_continuous_size': 60, 'attention_head_size': 2, 'learning_rate': 0.010954978949852113}. Best is trial 0 with value: 0.36050453782081604.
[I 2023-12-26 11:37:16,504] Trial 33 finished with value: 3.19997501373291 and parameters: {'gradient_clip_val': 0.23907844722281602, 'hidden_size': 147, 'dropout': 0.20202927164211942, 'hidden_continuous_size': 65, 'attention_head_size': 2, 'learning_rate': 0.007589924337939688}. Best is trial 0 with value: 0.36050453782081604.
[I 2023-12-26 11:37:25,332] Trial 34 finished with value: 3.3716440200805664 and parameters: {'gradient_clip_val': 0.30243245248500805, 'hidden_size': 109, 'dropout': 0.22795486222902278, 'hidden_continuous_size': 24, 'attention_head_size': 1, 'learning_rate': 0.02178825398177785}. Best is trial 0 with value: 0.36050453782081604.
[I 2023-12-26 11:37:32,934] Trial 35 finished with value: 3.3981218338012695 and parameters: {'gradient_clip_val': 0.1937796653735154, 'hidden_size': 92, 'dropout': 0.2550452769894912, 'hidden_continuous_size': 35, 'attention_head_size': 2, 'learning_rate': 0.014205062457779135}. Best is trial 0 with value: 0.36050453782081604.
[I 2023-12-26 11:37:42,871] Trial 36 finished with value: 3.7090108394622803 and parameters: {'gradient_clip_val': 0.2377512513620849, 'hidden_size': 127, 'dropout': 0.27200042804830654, 'hidden_continuous_size': 20, 'attention_head_size': 1, 'learning_rate': 0.00881243666980602}. Best is trial 0 with value: 0.36050453782081604.
[I 2023-12-26 11:37:45,480] Trial 37 finished with value: 3.7957375049591064 and parameters: {'gradient_clip_val': 0.13647652845330435, 'hidden_size': 19, 'dropout': 0.18206300367061193, 'hidden_continuous_size': 8, 'attention_head_size': 3, 'learning_rate': 0.01856528531285792}. Best is trial 0 with value: 0.36050453782081604.
[I 2023-12-26 11:37:51,522] Trial 38 finished with value: 3.9643630981445312 and parameters: {'gradient_clip_val': 0.2755732817671911, 'hidden_size': 75, 'dropout': 0.20968486181257232, 'hidden_continuous_size': 13, 'attention_head_size': 1, 'learning_rate': 0.007049009434482475}. Best is trial 0 with value: 0.36050453782081604.
[I 2023-12-26 11:37:53,572] Trial 39 finished with value: 4.298680782318115 and parameters: {'gradient_clip_val': 0.2037551527907927, 'hidden_size': 5, 'dropout': 0.23566556014372936, 'hidden_continuous_size': 5, 'attention_head_size': 2, 'learning_rate': 0.06486670540209317}. Best is trial 0 with value: 0.36050453782081604.
[I 2023-12-26 11:37:57,551] Trial 40 finished with value: 3.3406074047088623 and parameters: {'gradient_clip_val': 0.42950328211263555, 'hidden_size': 46, 'dropout': 0.31067350131675003, 'hidden_continuous_size': 10, 'attention_head_size': 1, 'learning_rate': 0.014026327455965255}. Best is trial 0 with value: 0.36050453782081604.
[I 2023-12-26 11:38:09,560] Trial 41 finished with value: 3.2888762950897217 and parameters: {'gradient_clip_val': 0.2640226004240955, 'hidden_size': 149, 'dropout': 0.1855105026345194, 'hidden_continuous_size': 53, 'attention_head_size': 2, 'learning_rate': 0.01730617379402627}. Best is trial 0 with value: 0.36050453782081604.
[I 2023-12-26 11:38:19,573] Trial 42 finished with value: 3.9957149028778076 and parameters: {'gradient_clip_val': 0.2781303959176439, 'hidden_size': 124, 'dropout': 0.183573276328046, 'hidden_continuous_size': 46, 'attention_head_size': 2, 'learning_rate': 0.011098365946906821}. Best is trial 0 with value: 0.36050453782081604.
[I 2023-12-26 11:38:27,673] Trial 43 finished with value: 3.4074628353118896 and parameters: {'gradient_clip_val': 0.3202898594330342, 'hidden_size': 102, 'dropout': 0.14489810145598442, 'hidden_continuous_size': 6, 'attention_head_size': 2, 'learning_rate': 0.0173790677083755}. Best is trial 0 with value: 0.36050453782081604.
[I 2023-12-26 11:38:39,662] Trial 44 finished with value: 3.0406434535980225 and parameters: {'gradient_clip_val': 0.22320021563415723, 'hidden_size': 147, 'dropout': 0.1183840080608972, 'hidden_continuous_size': 67, 'attention_head_size': 3, 'learning_rate': 0.025711871218202852}. Best is trial 0 with value: 0.36050453782081604.
[I 2023-12-26 11:38:49,390] Trial 45 finished with value: 2.1537230014801025 and parameters: {'gradient_clip_val': 0.24920979237743615, 'hidden_size': 128, 'dropout': 0.2050505111595716, 'hidden_continuous_size': 32, 'attention_head_size': 2, 'learning_rate': 0.09799229023806799}. Best is trial 0 with value: 0.36050453782081604.
[I 2023-12-26 11:38:56,494] Trial 46 finished with value: 2.486086130142212 and parameters: {'gradient_clip_val': 0.20981875377384807, 'hidden_size': 87, 'dropout': 0.2041731738197428, 'hidden_continuous_size': 34, 'attention_head_size': 3, 'learning_rate': 0.08331423134306147}. Best is trial 0 with value: 0.36050453782081604.
[I 2023-12-26 11:39:03,517] Trial 47 finished with value: 4.029031753540039 and parameters: {'gradient_clip_val': 0.3452438632270884, 'hidden_size': 81, 'dropout': 0.21268134490969204, 'hidden_continuous_size': 12, 'attention_head_size': 3, 'learning_rate': 0.08976822648453177}. Best is trial 0 with value: 0.36050453782081604.
[I 2023-12-26 11:39:09,473] Trial 48 finished with value: 3.461827516555786 and parameters: {'gradient_clip_val': 0.24583446637822792, 'hidden_size': 69, 'dropout': 0.2423975184900604, 'hidden_continuous_size': 16, 'attention_head_size': 3, 'learning_rate': 0.06802202170996004}. Best is trial 0 with value: 0.36050453782081604.
[I 2023-12-26 11:39:14,077] Trial 49 finished with value: 2.7992236614227295 and parameters: {'gradient_clip_val': 0.29640501273119396, 'hidden_size': 51, 'dropout': 0.27036640915040544, 'hidden_continuous_size': 22, 'attention_head_size': 4, 'learning_rate': 0.08755036321302746}. Best is trial 0 with value: 0.36050453782081604.
[I 2023-12-26 11:39:14,222] A new study created in memory with name: no-name-840f3b27-ac34-4af6-8d97-d84e0743cacb
/home/le004/conda/anaconda3/envs/tsff_env/lib/python3.9/site-packages/lightning/fabric/plugins/environments/slurm.py:191: The `srun` command is available on your system but is not used. HINT: If your intention is to run Lightning on SLURM, prepend your python command with `srun` like so: srun python /home/le004/master_thesis/git/TSFusionForecast/code/ ...
[I 2023-12-26 11:49:41,003] Trial 0 finished with value: 0.051752969622612 and parameters: {'gradient_clip_val': 0.2966229879090744, 'hidden_size': 52, 'dropout': 0.24306685943730322, 'hidden_continuous_size': 12, 'attention_head_size': 3, 'learning_rate': 0.011388334571284726}. Best is trial 0 with value: 0.051752969622612.
[I 2023-12-26 11:50:59,528] Trial 1 finished with value: 0.20813311636447906 and parameters: {'gradient_clip_val': 0.6478242615981392, 'hidden_size': 17, 'dropout': 0.4376185366251315, 'hidden_continuous_size': 15, 'attention_head_size': 2, 'learning_rate': 0.0024947323586222516}. Best is trial 0 with value: 0.051752969622612.
[I 2023-12-26 11:51:01,923] Trial 2 finished with value: 4.651301860809326 and parameters: {'gradient_clip_val': 0.22118823456549638, 'hidden_size': 25, 'dropout': 0.41490203090274447, 'hidden_continuous_size': 7, 'attention_head_size': 3, 'learning_rate': 0.0005052779283558068}. Best is trial 0 with value: 0.051752969622612.
[I 2023-12-26 11:51:03,868] Trial 3 finished with value: 5.131811618804932 and parameters: {'gradient_clip_val': 0.2522019184483767, 'hidden_size': 13, 'dropout': 0.39625884921374144, 'hidden_continuous_size': 6, 'attention_head_size': 1, 'learning_rate': 0.055427396060251155}. Best is trial 0 with value: 0.051752969622612.
[I 2023-12-26 11:51:05,972] Trial 4 finished with value: 4.2332000732421875 and parameters: {'gradient_clip_val': 0.37075313120266584, 'hidden_size': 24, 'dropout': 0.2720955600562909, 'hidden_continuous_size': 13, 'attention_head_size': 1, 'learning_rate': 0.005614301999086933}. Best is trial 0 with value: 0.051752969622612.
[I 2023-12-26 11:51:07,644] Trial 5 finished with value: 3.7170193195343018 and parameters: {'gradient_clip_val': 0.6932577520146117, 'hidden_size': 5, 'dropout': 0.4962715945085263, 'hidden_continuous_size': 5, 'attention_head_size': 2, 'learning_rate': 0.043677361287029405}. Best is trial 0 with value: 0.051752969622612.
[I 2023-12-26 11:51:11,148] Trial 6 finished with value: 3.09930419921875 and parameters: {'gradient_clip_val': 0.1875916955571302, 'hidden_size': 62, 'dropout': 0.28454145789907465, 'hidden_continuous_size': 31, 'attention_head_size': 2, 'learning_rate': 0.0012916618841106026}. Best is trial 0 with value: 0.051752969622612.
[I 2023-12-26 11:51:19,080] Trial 7 finished with value: 2.8992719650268555 and parameters: {'gradient_clip_val': 0.17582117128762131, 'hidden_size': 135, 'dropout': 0.3309596220903051, 'hidden_continuous_size': 25, 'attention_head_size': 4, 'learning_rate': 0.0006798661937301347}. Best is trial 0 with value: 0.051752969622612.
[I 2023-12-26 11:51:28,034] Trial 8 finished with value: 3.93854022026062 and parameters: {'gradient_clip_val': 0.3979957349843746, 'hidden_size': 150, 'dropout': 0.38845889138682377, 'hidden_continuous_size': 42, 'attention_head_size': 3, 'learning_rate': 0.012818822395999806}. Best is trial 0 with value: 0.051752969622612.
[I 2023-12-26 11:51:30,014] Trial 9 finished with value: 4.306581974029541 and parameters: {'gradient_clip_val': 0.7001437120842994, 'hidden_size': 14, 'dropout': 0.22816078035794832, 'hidden_continuous_size': 7, 'attention_head_size': 1, 'learning_rate': 0.0018701367775282992}. Best is trial 0 with value: 0.051752969622612.
[I 2023-12-26 11:51:33,110] Trial 10 finished with value: 2.9962689876556396 and parameters: {'gradient_clip_val': 0.11262586377701475, 'hidden_size': 54, 'dropout': 0.12301402868469088, 'hidden_continuous_size': 11, 'attention_head_size': 4, 'learning_rate': 0.017272114792169765}. Best is trial 0 with value: 0.051752969622612.
[I 2023-12-26 11:51:36,069] Trial 11 finished with value: 3.873952865600586 and parameters: {'gradient_clip_val': 0.5343370596715404, 'hidden_size': 50, 'dropout': 0.21030100490944295, 'hidden_continuous_size': 18, 'attention_head_size': 3, 'learning_rate': 0.004188749020527143}. Best is trial 0 with value: 0.051752969622612.
[I 2023-12-26 11:51:38,093] Trial 12 finished with value: 2.6959173679351807 and parameters: {'gradient_clip_val': 0.9878438813711278, 'hidden_size': 13, 'dropout': 0.4980797240419189, 'hidden_continuous_size': 9, 'attention_head_size': 2, 'learning_rate': 0.003305226475434587}. Best is trial 0 with value: 0.051752969622612.
[I 2023-12-26 11:51:40,702] Trial 13 finished with value: 3.139794111251831 and parameters: {'gradient_clip_val': 0.3493211708901299, 'hidden_size': 37, 'dropout': 0.3346705090854937, 'hidden_continuous_size': 15, 'attention_head_size': 3, 'learning_rate': 0.011220474110060994}. Best is trial 0 with value: 0.051752969622612.
[I 2023-12-26 11:51:45,653] Trial 14 finished with value: 3.0574839115142822 and parameters: {'gradient_clip_val': 0.48249877642862715, 'hidden_size': 84, 'dropout': 0.16807852889871477, 'hidden_continuous_size': 19, 'attention_head_size': 2, 'learning_rate': 0.002521017243599936}. Best is trial 0 with value: 0.051752969622612.
[I 2023-12-26 11:51:47,957] Trial 15 finished with value: 4.227095603942871 and parameters: {'gradient_clip_val': 0.3014509444130676, 'hidden_size': 32, 'dropout': 0.23376702581237088, 'hidden_continuous_size': 10, 'attention_head_size': 4, 'learning_rate': 0.007942685799537146}. Best is trial 0 with value: 0.051752969622612.
[I 2023-12-26 11:51:53,399] Trial 16 finished with value: 3.871342420578003 and parameters: {'gradient_clip_val': 0.28125488589034103, 'hidden_size': 86, 'dropout': 0.32872515312840356, 'hidden_continuous_size': 82, 'attention_head_size': 3, 'learning_rate': 0.021909970877253937}. Best is trial 0 with value: 0.051752969622612.
[I 2023-12-26 11:51:55,423] Trial 17 finished with value: 4.533532619476318 and parameters: {'gradient_clip_val': 0.46933064337464814, 'hidden_size': 18, 'dropout': 0.17524383873362565, 'hidden_continuous_size': 8, 'attention_head_size': 2, 'learning_rate': 0.09682173165544862}. Best is trial 0 with value: 0.051752969622612.
[I 2023-12-26 11:51:57,327] Trial 18 finished with value: 4.201541900634766 and parameters: {'gradient_clip_val': 0.9728482426933922, 'hidden_size': 7, 'dropout': 0.44475328071214465, 'hidden_continuous_size': 5, 'attention_head_size': 2, 'learning_rate': 0.0057538496233555305}. Best is trial 0 with value: 0.051752969622612.
[I 2023-12-26 11:51:59,858] Trial 19 finished with value: 4.02167272567749 and parameters: {'gradient_clip_val': 0.6425712268661635, 'hidden_size': 36, 'dropout': 0.3558423825019899, 'hidden_continuous_size': 12, 'attention_head_size': 3, 'learning_rate': 0.0014228683126549372}. Best is trial 0 with value: 0.051752969622612.
[I 2023-12-26 11:52:02,024] Trial 20 finished with value: 3.577866315841675 and parameters: {'gradient_clip_val': 0.39165857937823223, 'hidden_size': 20, 'dropout': 0.27667810921889374, 'hidden_continuous_size': 10, 'attention_head_size': 4, 'learning_rate': 0.0037515871170018707}. Best is trial 0 with value: 0.051752969622612.
[I 2023-12-26 11:52:03,977] Trial 21 finished with value: 5.207005023956299 and parameters: {'gradient_clip_val': 0.9266559568730249, 'hidden_size': 11, 'dropout': 0.4983879558261969, 'hidden_continuous_size': 8, 'attention_head_size': 2, 'learning_rate': 0.002960564846447193}. Best is trial 0 with value: 0.051752969622612.
[I 2023-12-26 11:52:05,940] Trial 22 finished with value: 3.311124801635742 and parameters: {'gradient_clip_val': 0.8344771217577002, 'hidden_size': 10, 'dropout': 0.4577509716065199, 'hidden_continuous_size': 6, 'attention_head_size': 2, 'learning_rate': 0.007936063805087885}. Best is trial 0 with value: 0.051752969622612.
[I 2023-12-26 11:52:07,797] Trial 23 finished with value: 3.964185953140259 and parameters: {'gradient_clip_val': 0.8132655438972102, 'hidden_size': 16, 'dropout': 0.46982290267123256, 'hidden_continuous_size': 9, 'attention_head_size': 1, 'learning_rate': 0.004164869246683335}. Best is trial 0 with value: 0.051752969622612.
[I 2023-12-26 11:52:09,890] Trial 24 finished with value: 4.2425737380981445 and parameters: {'gradient_clip_val': 0.575589152074016, 'hidden_size': 20, 'dropout': 0.4320198038268115, 'hidden_continuous_size': 9, 'attention_head_size': 2, 'learning_rate': 0.0024974717822758234}. Best is trial 0 with value: 0.051752969622612.
[I 2023-12-26 11:52:11,876] Trial 25 finished with value: 3.1795644760131836 and parameters: {'gradient_clip_val': 0.7854098099929266, 'hidden_size': 10, 'dropout': 0.4702328414886138, 'hidden_continuous_size': 6, 'attention_head_size': 3, 'learning_rate': 0.005861491476831324}. Best is trial 0 with value: 0.051752969622612.
[I 2023-12-26 11:52:14,457] Trial 26 finished with value: 3.278149366378784 and parameters: {'gradient_clip_val': 0.998858423787665, 'hidden_size': 27, 'dropout': 0.37145812898247454, 'hidden_continuous_size': 13, 'attention_head_size': 2, 'learning_rate': 0.0011124461536425353}. Best is trial 0 with value: 0.051752969622612.
[I 2023-12-26 11:52:16,307] Trial 27 finished with value: 3.7215559482574463 and parameters: {'gradient_clip_val': 0.6060740750339946, 'hidden_size': 16, 'dropout': 0.4266945514389924, 'hidden_continuous_size': 10, 'attention_head_size': 1, 'learning_rate': 0.0020243223938482898}. Best is trial 0 with value: 0.051752969622612.
