[I 2023-12-26 14:24:58,253] Trial 26 finished with value: 4.368505001068115 and parameters: {'gradient_clip_val': 0.1726530598280071, 'hidden_size': 7, 'dropout': 0.2886651792986751, 'hidden_continuous_size': 6, 'attention_head_size': 3, 'learning_rate': 0.02662313166162058}. Best is trial 0 with value: 0.03375162556767464.
[I 2023-12-26 14:25:00,024] Trial 27 finished with value: 3.062152862548828 and parameters: {'gradient_clip_val': 0.22967386853544547, 'hidden_size': 5, 'dropout': 0.32330454296302624, 'hidden_continuous_size': 5, 'attention_head_size': 4, 'learning_rate': 0.045099485868134545}. Best is trial 0 with value: 0.03375162556767464.
[I 2023-12-26 14:25:02,014] Trial 28 finished with value: 3.512371778488159 and parameters: {'gradient_clip_val': 0.19600845202586872, 'hidden_size': 9, 'dropout': 0.26024138481083836, 'hidden_continuous_size': 6, 'attention_head_size': 3, 'learning_rate': 0.07243508808723971}. Best is trial 0 with value: 0.03375162556767464.
[I 2023-12-26 14:25:04,162] Trial 29 finished with value: 3.851755380630493 and parameters: {'gradient_clip_val': 0.11398116675396833, 'hidden_size': 20, 'dropout': 0.2802885071192571, 'hidden_continuous_size': 9, 'attention_head_size': 2, 'learning_rate': 0.027299738009142236}. Best is trial 0 with value: 0.03375162556767464.
[I 2023-12-26 14:25:06,543] Trial 30 finished with value: 3.033193826675415 and parameters: {'gradient_clip_val': 0.15825139480002468, 'hidden_size': 26, 'dropout': 0.20931818611833033, 'hidden_continuous_size': 8, 'attention_head_size': 4, 'learning_rate': 0.06441415761649169}. Best is trial 0 with value: 0.03375162556767464.
[I 2023-12-26 14:25:08,565] Trial 31 finished with value: 3.8590548038482666 and parameters: {'gradient_clip_val': 0.14075826000480215, 'hidden_size': 10, 'dropout': 0.22882695855818472, 'hidden_continuous_size': 6, 'attention_head_size': 3, 'learning_rate': 0.06583616373067874}. Best is trial 0 with value: 0.03375162556767464.
[I 2023-12-26 14:25:10,826] Trial 32 finished with value: 3.6437902450561523 and parameters: {'gradient_clip_val': 0.11618645233828766, 'hidden_size': 11, 'dropout': 0.26180392087707954, 'hidden_continuous_size': 6, 'attention_head_size': 3, 'learning_rate': 0.04266962949143951}. Best is trial 0 with value: 0.03375162556767464.
[I 2023-12-26 14:25:12,984] Trial 33 finished with value: 4.152706146240234 and parameters: {'gradient_clip_val': 0.14197305925988915, 'hidden_size': 15, 'dropout': 0.22710884538383777, 'hidden_continuous_size': 7, 'attention_head_size': 3, 'learning_rate': 0.07169622305129396}. Best is trial 0 with value: 0.03375162556767464.
[I 2023-12-26 14:25:14,874] Trial 34 finished with value: 2.553274393081665 and parameters: {'gradient_clip_val': 0.12035854853170656, 'hidden_size': 8, 'dropout': 0.3031593767216191, 'hidden_continuous_size': 6, 'attention_head_size': 3, 'learning_rate': 0.09457356319531518}. Best is trial 0 with value: 0.03375162556767464.
[I 2023-12-26 14:25:16,780] Trial 35 finished with value: 4.676005840301514 and parameters: {'gradient_clip_val': 0.11963724447240004, 'hidden_size': 8, 'dropout': 0.3064713435200363, 'hidden_continuous_size': 6, 'attention_head_size': 3, 'learning_rate': 0.09841655468282168}. Best is trial 0 with value: 0.03375162556767464.
[I 2023-12-26 14:25:18,817] Trial 36 finished with value: 4.014850616455078 and parameters: {'gradient_clip_val': 0.20416289072005656, 'hidden_size': 13, 'dropout': 0.3496078388728774, 'hidden_continuous_size': 7, 'attention_head_size': 1, 'learning_rate': 0.05036711238813288}. Best is trial 0 with value: 0.03375162556767464.
[I 2023-12-26 14:25:20,714] Trial 37 finished with value: 3.39986252784729 and parameters: {'gradient_clip_val': 0.16433516344417098, 'hidden_size': 6, 'dropout': 0.2723558151600886, 'hidden_continuous_size': 5, 'attention_head_size': 3, 'learning_rate': 0.031769663586121114}. Best is trial 0 with value: 0.03375162556767464.
[I 2023-12-26 14:25:22,714] Trial 38 finished with value: 3.2717599868774414 and parameters: {'gradient_clip_val': 0.19288862092503722, 'hidden_size': 9, 'dropout': 0.29423065413729194, 'hidden_continuous_size': 6, 'attention_head_size': 2, 'learning_rate': 0.010408051890910545}. Best is trial 0 with value: 0.03375162556767464.
[I 2023-12-26 14:25:24,628] Trial 39 finished with value: 3.8456785678863525 and parameters: {'gradient_clip_val': 0.1121037299896377, 'hidden_size': 6, 'dropout': 0.3351993607448708, 'hidden_continuous_size': 5, 'attention_head_size': 3, 'learning_rate': 0.020600437036388666}. Best is trial 0 with value: 0.03375162556767464.
[I 2023-12-26 14:25:26,729] Trial 40 finished with value: 3.820478677749634 and parameters: {'gradient_clip_val': 0.15015599376552793, 'hidden_size': 14, 'dropout': 0.27089222656754774, 'hidden_continuous_size': 8, 'attention_head_size': 3, 'learning_rate': 0.07774044792652156}. Best is trial 0 with value: 0.03375162556767464.
[I 2023-12-26 14:25:28,754] Trial 41 finished with value: 4.095022678375244 and parameters: {'gradient_clip_val': 0.1274291453620402, 'hidden_size': 11, 'dropout': 0.2433199109443295, 'hidden_continuous_size': 6, 'attention_head_size': 3, 'learning_rate': 0.05665299988354421}. Best is trial 0 with value: 0.03375162556767464.
[I 2023-12-26 14:25:30,778] Trial 42 finished with value: 3.804363250732422 and parameters: {'gradient_clip_val': 0.13178450747027, 'hidden_size': 10, 'dropout': 0.22409870919382324, 'hidden_continuous_size': 6, 'attention_head_size': 3, 'learning_rate': 0.08316547749475466}. Best is trial 0 with value: 0.03375162556767464.
[I 2023-12-26 14:25:32,670] Trial 43 finished with value: 3.908843994140625 and parameters: {'gradient_clip_val': 0.14285701847126536, 'hidden_size': 8, 'dropout': 0.29517146104191216, 'hidden_continuous_size': 6, 'attention_head_size': 3, 'learning_rate': 0.051537302083547946}. Best is trial 0 with value: 0.03375162556767464.
[I 2023-12-26 14:25:35,073] Trial 44 finished with value: 2.8793535232543945 and parameters: {'gradient_clip_val': 0.18288779528898924, 'hidden_size': 17, 'dropout': 0.1938593283708385, 'hidden_continuous_size': 11, 'attention_head_size': 4, 'learning_rate': 0.03606967454664783}. Best is trial 0 with value: 0.03375162556767464.
[I 2023-12-26 14:25:37,223] Trial 45 finished with value: 4.230698585510254 and parameters: {'gradient_clip_val': 0.18064362285233354, 'hidden_size': 17, 'dropout': 0.19488807957933837, 'hidden_continuous_size': 11, 'attention_head_size': 4, 'learning_rate': 0.03523840689780786}. Best is trial 0 with value: 0.03375162556767464.
[I 2023-12-26 14:25:39,565] Trial 46 finished with value: 3.742565393447876 and parameters: {'gradient_clip_val': 0.16282248341227412, 'hidden_size': 23, 'dropout': 0.3609374651524296, 'hidden_continuous_size': 11, 'attention_head_size': 4, 'learning_rate': 0.04364080499893477}. Best is trial 0 with value: 0.03375162556767464.
[I 2023-12-26 14:25:41,807] Trial 47 finished with value: 3.8863136768341064 and parameters: {'gradient_clip_val': 0.2103797983016206, 'hidden_size': 19, 'dropout': 0.17176707706817756, 'hidden_continuous_size': 14, 'attention_head_size': 4, 'learning_rate': 0.07984774844058079}. Best is trial 0 with value: 0.03375162556767464.
[I 2023-12-26 14:25:44,391] Trial 48 finished with value: 3.633530616760254 and parameters: {'gradient_clip_val': 0.255509608914833, 'hidden_size': 31, 'dropout': 0.3282955385403249, 'hidden_continuous_size': 18, 'attention_head_size': 2, 'learning_rate': 0.09604797545599263}. Best is trial 0 with value: 0.03375162556767464.
[I 2023-12-26 14:25:46,556] Trial 49 finished with value: 3.507598876953125 and parameters: {'gradient_clip_val': 0.10002252249308399, 'hidden_size': 15, 'dropout': 0.31376566205609413, 'hidden_continuous_size': 9, 'attention_head_size': 4, 'learning_rate': 0.054836502772999014}. Best is trial 0 with value: 0.03375162556767464.
[I 2023-12-26 14:25:46,681] A new study created in memory with name: no-name-2320862d-a9ad-44c9-89ca-6b5389d2f9d3
/home/le004/conda/anaconda3/envs/tsff_env/lib/python3.9/site-packages/lightning/fabric/plugins/environments/slurm.py:191: The `srun` command is available on your system but is not used. HINT: If your intention is to run Lightning on SLURM, prepend your python command with `srun` like so: srun python /home/le004/master_thesis/git/TSFusionForecast/code/ ...
[I 2023-12-26 14:30:29,612] Trial 0 finished with value: 0.3919130265712738 and parameters: {'gradient_clip_val': 0.1316310385879584, 'hidden_size': 52, 'dropout': 0.24906418423397364, 'hidden_continuous_size': 34, 'attention_head_size': 4, 'learning_rate': 0.029931712315687017}. Best is trial 0 with value: 0.3919130265712738.
[I 2023-12-26 14:30:32,184] Trial 1 finished with value: 6.333158493041992 and parameters: {'gradient_clip_val': 0.27572303233390083, 'hidden_size': 17, 'dropout': 0.19397648559893166, 'hidden_continuous_size': 8, 'attention_head_size': 4, 'learning_rate': 0.008797672357678464}. Best is trial 0 with value: 0.3919130265712738.
[I 2023-12-26 14:30:34,466] Trial 2 finished with value: 5.915649890899658 and parameters: {'gradient_clip_val': 0.32509416792483387, 'hidden_size': 11, 'dropout': 0.17971742684882713, 'hidden_continuous_size': 6, 'attention_head_size': 1, 'learning_rate': 0.003048857125729445}. Best is trial 0 with value: 0.3919130265712738.
[I 2023-12-26 14:30:38,202] Trial 3 finished with value: 5.974010467529297 and parameters: {'gradient_clip_val': 0.48044833400107223, 'hidden_size': 39, 'dropout': 0.12133957094969246, 'hidden_continuous_size': 16, 'attention_head_size': 3, 'learning_rate': 0.08788039606781155}. Best is trial 0 with value: 0.3919130265712738.
[I 2023-12-26 14:30:46,157] Trial 4 finished with value: 5.435619354248047 and parameters: {'gradient_clip_val': 0.8437504349705712, 'hidden_size': 97, 'dropout': 0.4569095973399091, 'hidden_continuous_size': 10, 'attention_head_size': 1, 'learning_rate': 0.04003110089903812}. Best is trial 0 with value: 0.3919130265712738.
[I 2023-12-26 14:30:48,707] Trial 5 finished with value: 5.954010009765625 and parameters: {'gradient_clip_val': 0.2682826898704745, 'hidden_size': 14, 'dropout': 0.3920578476317509, 'hidden_continuous_size': 5, 'attention_head_size': 4, 'learning_rate': 0.0790368846659014}. Best is trial 0 with value: 0.3919130265712738.
[I 2023-12-26 14:30:52,865] Trial 6 finished with value: 4.915621757507324 and parameters: {'gradient_clip_val': 0.8440211372634893, 'hidden_size': 46, 'dropout': 0.2950955749915918, 'hidden_continuous_size': 18, 'attention_head_size': 4, 'learning_rate': 0.008204166290691855}. Best is trial 0 with value: 0.3919130265712738.
[I 2023-12-26 14:30:56,769] Trial 7 finished with value: 4.469143390655518 and parameters: {'gradient_clip_val': 0.5069431957180827, 'hidden_size': 48, 'dropout': 0.2581708176819686, 'hidden_continuous_size': 14, 'attention_head_size': 2, 'learning_rate': 0.031032411414063005}. Best is trial 0 with value: 0.3919130265712738.
[I 2023-12-26 14:31:00,479] Trial 8 finished with value: 5.20921516418457 and parameters: {'gradient_clip_val': 0.9520457785578538, 'hidden_size': 41, 'dropout': 0.19897364042014054, 'hidden_continuous_size': 6, 'attention_head_size': 4, 'learning_rate': 0.013198725230625706}. Best is trial 0 with value: 0.3919130265712738.
[I 2023-12-26 14:31:03,209] Trial 9 finished with value: 5.0510406494140625 and parameters: {'gradient_clip_val': 0.37572342789384505, 'hidden_size': 24, 'dropout': 0.31706240225065885, 'hidden_continuous_size': 17, 'attention_head_size': 2, 'learning_rate': 0.0005936691859798624}. Best is trial 0 with value: 0.3919130265712738.
[I 2023-12-26 14:31:05,564] Trial 10 finished with value: 5.213678359985352 and parameters: {'gradient_clip_val': 0.11167511597403366, 'hidden_size': 5, 'dropout': 0.374956557163822, 'hidden_continuous_size': 5, 'attention_head_size': 3, 'learning_rate': 0.022983933725865758}. Best is trial 0 with value: 0.3919130265712738.
[I 2023-12-26 14:31:13,515] Trial 11 finished with value: 5.82073974609375 and parameters: {'gradient_clip_val': 0.11762696226119228, 'hidden_size': 95, 'dropout': 0.2827357883695379, 'hidden_continuous_size': 47, 'attention_head_size': 2, 'learning_rate': 0.0275295520648427}. Best is trial 0 with value: 0.3919130265712738.
[I 2023-12-26 14:31:19,158] Trial 12 finished with value: 5.871806621551514 and parameters: {'gradient_clip_val': 0.17830745231323653, 'hidden_size': 67, 'dropout': 0.24753239014658085, 'hidden_continuous_size': 36, 'attention_head_size': 2, 'learning_rate': 0.03865230590947879}. Best is trial 0 with value: 0.3919130265712738.
[I 2023-12-26 14:31:30,313] Trial 13 finished with value: 4.896808624267578 and parameters: {'gradient_clip_val': 0.17387924361265808, 'hidden_size': 123, 'dropout': 0.24846041663058166, 'hidden_continuous_size': 107, 'attention_head_size': 3, 'learning_rate': 0.01960568611342253}. Best is trial 0 with value: 0.3919130265712738.
[I 2023-12-26 14:31:41,899] Trial 14 finished with value: 4.6057658195495605 and parameters: {'gradient_clip_val': 0.5202749175698806, 'hidden_size': 148, 'dropout': 0.10879106708431951, 'hidden_continuous_size': 35, 'attention_head_size': 2, 'learning_rate': 0.048548691474324925}. Best is trial 0 with value: 0.3919130265712738.
[I 2023-12-26 14:31:47,136] Trial 15 finished with value: 5.232820510864258 and parameters: {'gradient_clip_val': 0.17870025290718253, 'hidden_size': 62, 'dropout': 0.34292090437751443, 'hidden_continuous_size': 12, 'attention_head_size': 3, 'learning_rate': 0.01621450618829789}. Best is trial 0 with value: 0.3919130265712738.
[I 2023-12-26 14:31:50,089] Trial 16 finished with value: 4.998022079467773 and parameters: {'gradient_clip_val': 0.10362790061554072, 'hidden_size': 27, 'dropout': 0.25226352699988164, 'hidden_continuous_size': 8, 'attention_head_size': 1, 'learning_rate': 0.004175674231169593}. Best is trial 0 with value: 0.3919130265712738.
[I 2023-12-26 14:31:55,941] Trial 17 finished with value: 5.598367691040039 and parameters: {'gradient_clip_val': 0.5460466913968984, 'hidden_size': 67, 'dropout': 0.49678301251636336, 'hidden_continuous_size': 23, 'attention_head_size': 3, 'learning_rate': 0.09884886165010866}. Best is trial 0 with value: 0.3919130265712738.
[I 2023-12-26 14:31:59,158] Trial 18 finished with value: 4.916967868804932 and parameters: {'gradient_clip_val': 0.21592363200549303, 'hidden_size': 31, 'dropout': 0.3385777694234931, 'hidden_continuous_size': 12, 'attention_head_size': 2, 'learning_rate': 0.047797645850953155}. Best is trial 0 with value: 0.3919130265712738.
[I 2023-12-26 14:32:03,729] Trial 19 finished with value: 7.032297611236572 and parameters: {'gradient_clip_val': 0.13597459011604895, 'hidden_size': 53, 'dropout': 0.2171893029067213, 'hidden_continuous_size': 24, 'attention_head_size': 1, 'learning_rate': 0.02640527936848554}. Best is trial 0 with value: 0.3919130265712738.
[I 2023-12-26 14:32:10,955] Trial 20 finished with value: 4.533900737762451 and parameters: {'gradient_clip_val': 0.14160970219969377, 'hidden_size': 88, 'dropout': 0.15455554202807364, 'hidden_continuous_size': 27, 'attention_head_size': 4, 'learning_rate': 0.01514313949928314}. Best is trial 0 with value: 0.3919130265712738.
[I 2023-12-26 14:32:18,176] Trial 21 finished with value: 4.283299446105957 and parameters: {'gradient_clip_val': 0.14090979482143628, 'hidden_size': 84, 'dropout': 0.15059042110887588, 'hidden_continuous_size': 25, 'attention_head_size': 4, 'learning_rate': 0.01743298204965238}. Best is trial 0 with value: 0.3919130265712738.
[I 2023-12-26 14:32:24,723] Trial 22 finished with value: 6.469213485717773 and parameters: {'gradient_clip_val': 0.13653727888000786, 'hidden_size': 75, 'dropout': 0.16521180282661715, 'hidden_continuous_size': 14, 'attention_head_size': 4, 'learning_rate': 0.01121174122591061}. Best is trial 0 with value: 0.3919130265712738.
[I 2023-12-26 14:32:29,245] Trial 23 finished with value: 4.916696071624756 and parameters: {'gradient_clip_val': 0.21939745901439647, 'hidden_size': 53, 'dropout': 0.23056859533405671, 'hidden_continuous_size': 20, 'attention_head_size': 3, 'learning_rate': 0.029341956943662602}. Best is trial 0 with value: 0.3919130265712738.
[I 2023-12-26 14:32:38,261] Trial 24 finished with value: 3.889002799987793 and parameters: {'gradient_clip_val': 0.1092688375019383, 'hidden_size': 110, 'dropout': 0.14682865654953398, 'hidden_continuous_size': 31, 'attention_head_size': 4, 'learning_rate': 0.055711997069283335}. Best is trial 0 with value: 0.3919130265712738.
[I 2023-12-26 14:32:47,207] Trial 25 finished with value: 4.240904331207275 and parameters: {'gradient_clip_val': 0.12057949635009889, 'hidden_size': 111, 'dropout': 0.1331789045003532, 'hidden_continuous_size': 32, 'attention_head_size': 4, 'learning_rate': 0.06524211194175189}. Best is trial 0 with value: 0.3919130265712738.
[I 2023-12-26 14:32:56,333] Trial 26 finished with value: 4.2968854904174805 and parameters: {'gradient_clip_val': 0.10658628995025175, 'hidden_size': 110, 'dropout': 0.12814916145328786, 'hidden_continuous_size': 46, 'attention_head_size': 4, 'learning_rate': 0.055691835432559456}. Best is trial 0 with value: 0.3919130265712738.
[I 2023-12-26 14:33:07,957] Trial 27 finished with value: 4.482444763183594 and parameters: {'gradient_clip_val': 0.10139560319394757, 'hidden_size': 142, 'dropout': 0.14008603525507343, 'hidden_continuous_size': 58, 'attention_head_size': 4, 'learning_rate': 0.061456032196415745}. Best is trial 0 with value: 0.3919130265712738.
[I 2023-12-26 14:33:18,077] Trial 28 finished with value: 4.100368022918701 and parameters: {'gradient_clip_val': 0.12264038468132604, 'hidden_size': 123, 'dropout': 0.10198545439522193, 'hidden_continuous_size': 29, 'attention_head_size': 4, 'learning_rate': 0.06620784122172797}. Best is trial 0 with value: 0.3919130265712738.
[I 2023-12-26 14:33:27,721] Trial 29 finished with value: 5.109228610992432 and parameters: {'gradient_clip_val': 0.15989228391058527, 'hidden_size': 119, 'dropout': 0.10849549839522599, 'hidden_continuous_size': 30, 'attention_head_size': 4, 'learning_rate': 0.09531461745714481}. Best is trial 0 with value: 0.3919130265712738.
[I 2023-12-26 14:33:40,124] Trial 30 finished with value: 2.9313106536865234 and parameters: {'gradient_clip_val': 0.11887105869046753, 'hidden_size': 149, 'dropout': 0.18950418175991993, 'hidden_continuous_size': 71, 'attention_head_size': 3, 'learning_rate': 0.05959191596205289}. Best is trial 0 with value: 0.3919130265712738.
[I 2023-12-26 14:33:51,331] Trial 31 finished with value: 3.717292547225952 and parameters: {'gradient_clip_val': 0.124274930501825, 'hidden_size': 135, 'dropout': 0.18890903433472586, 'hidden_continuous_size': 66, 'attention_head_size': 3, 'learning_rate': 0.0586008539846129}. Best is trial 0 with value: 0.3919130265712738.
[I 2023-12-26 14:34:02,842] Trial 32 finished with value: 4.888944625854492 and parameters: {'gradient_clip_val': 0.10261896894387734, 'hidden_size': 144, 'dropout': 0.18669817382283446, 'hidden_continuous_size': 73, 'attention_head_size': 3, 'learning_rate': 0.03950284300721608}. Best is trial 0 with value: 0.3919130265712738.
[I 2023-12-26 14:34:09,878] Trial 33 finished with value: 3.7641656398773193 and parameters: {'gradient_clip_val': 0.1268809953686394, 'hidden_size': 83, 'dropout': 0.1981034444146988, 'hidden_continuous_size': 41, 'attention_head_size': 3, 'learning_rate': 0.06987123264279048}. Best is trial 0 with value: 0.3919130265712738.
[I 2023-12-26 14:34:17,817] Trial 34 finished with value: 5.581234455108643 and parameters: {'gradient_clip_val': 0.15422441636112863, 'hidden_size': 81, 'dropout': 0.21063851317210683, 'hidden_continuous_size': 50, 'attention_head_size': 3, 'learning_rate': 0.07566814159477413}. Best is trial 0 with value: 0.3919130265712738.
[I 2023-12-26 14:34:26,410] Trial 35 finished with value: 3.7826995849609375 and parameters: {'gradient_clip_val': 0.1267398755807727, 'hidden_size': 98, 'dropout': 0.17902345857776258, 'hidden_continuous_size': 66, 'attention_head_size': 3, 'learning_rate': 0.09968027850702499}. Best is trial 0 with value: 0.3919130265712738.
[I 2023-12-26 14:34:33,021] Trial 36 finished with value: 5.957772731781006 and parameters: {'gradient_clip_val': 0.12585685667568913, 'hidden_size': 80, 'dropout': 0.1923022775574818, 'hidden_continuous_size': 41, 'attention_head_size': 3, 'learning_rate': 0.038228834358982375}. Best is trial 0 with value: 0.3919130265712738.
[I 2023-12-26 14:34:38,432] Trial 37 finished with value: 4.632923126220703 and parameters: {'gradient_clip_val': 0.1557033846438747, 'hidden_size': 61, 'dropout': 0.2227733547337566, 'hidden_continuous_size': 39, 'attention_head_size': 3, 'learning_rate': 0.07155545646388158}. Best is trial 0 with value: 0.3919130265712738.
[I 2023-12-26 14:34:50,710] Trial 38 finished with value: 4.509395122528076 and parameters: {'gradient_clip_val': 0.20426763702077677, 'hidden_size': 148, 'dropout': 0.17028743475464464, 'hidden_continuous_size': 77, 'attention_head_size': 3, 'learning_rate': 0.03548819196279635}. Best is trial 0 with value: 0.3919130265712738.
[I 2023-12-26 14:34:59,102] Trial 39 finished with value: 4.860484600067139 and parameters: {'gradient_clip_val': 0.14994881003441599, 'hidden_size': 97, 'dropout': 0.2005328737989494, 'hidden_continuous_size': 54, 'attention_head_size': 3, 'learning_rate': 0.04810864074396935}. Best is trial 0 with value: 0.3919130265712738.
[I 2023-12-26 14:35:05,374] Trial 40 finished with value: 4.409215450286865 and parameters: {'gradient_clip_val': 0.1282949845338751, 'hidden_size': 74, 'dropout': 0.2741718186629088, 'hidden_continuous_size': 41, 'attention_head_size': 2, 'learning_rate': 0.022086032727258766}. Best is trial 0 with value: 0.3919130265712738.
