[I 2023-12-15 11:32:23,918] Trial 6 finished with value: 28.72258949279785 and parameters: {'gradient_clip_val': 0.24320841131775198, 'hidden_size': 15, 'dropout': 0.1686403563225213, 'hidden_continuous_size': 9, 'attention_head_size': 3, 'learning_rate': 0.01864569871210959}. Best is trial 3 with value: 17.76129913330078.
LOCAL_RANK: 0 - CUDA_VISIBLE_DEVICES: [0]
[I 2023-12-15 11:33:15,191] Trial 7 finished with value: 23.674196243286133 and parameters: {'gradient_clip_val': 0.11358395479175039, 'hidden_size': 76, 'dropout': 0.28085386817089775, 'hidden_continuous_size': 7, 'attention_head_size': 2, 'learning_rate': 0.0010626769424990775}. Best is trial 3 with value: 17.76129913330078.
LOCAL_RANK: 0 - CUDA_VISIBLE_DEVICES: [0]
[I 2023-12-15 11:34:10,401] Trial 8 finished with value: 15.188754081726074 and parameters: {'gradient_clip_val': 0.2192799777221379, 'hidden_size': 95, 'dropout': 0.24123741099736162, 'hidden_continuous_size': 40, 'attention_head_size': 1, 'learning_rate': 0.000856948441931171}. Best is trial 8 with value: 15.188754081726074.
LOCAL_RANK: 0 - CUDA_VISIBLE_DEVICES: [0]
[I 2023-12-15 11:34:56,154] Trial 9 finished with value: 18.447853088378906 and parameters: {'gradient_clip_val': 0.11149453178881986, 'hidden_size': 10, 'dropout': 0.34432813347855773, 'hidden_continuous_size': 5, 'attention_head_size': 4, 'learning_rate': 0.001325886634800847}. Best is trial 8 with value: 15.188754081726074.
LOCAL_RANK: 0 - CUDA_VISIBLE_DEVICES: [0]
[I 2023-12-15 11:35:47,985] Trial 10 finished with value: 16.822587966918945 and parameters: {'gradient_clip_val': 0.4598883398585326, 'hidden_size': 37, 'dropout': 0.3949820618640736, 'hidden_continuous_size': 26, 'attention_head_size': 1, 'learning_rate': 0.003167955608009223}. Best is trial 8 with value: 15.188754081726074.
LOCAL_RANK: 0 - CUDA_VISIBLE_DEVICES: [0]
[I 2023-12-15 11:36:39,625] Trial 11 finished with value: 20.120840072631836 and parameters: {'gradient_clip_val': 0.47758938092309033, 'hidden_size': 37, 'dropout': 0.38972862014533527, 'hidden_continuous_size': 27, 'attention_head_size': 1, 'learning_rate': 0.002805531810816582}. Best is trial 8 with value: 15.188754081726074.
LOCAL_RANK: 0 - CUDA_VISIBLE_DEVICES: [0]
[I 2023-12-15 11:37:31,230] Trial 12 finished with value: 22.614303588867188 and parameters: {'gradient_clip_val': 0.2779754300000494, 'hidden_size': 37, 'dropout': 0.21933558757457092, 'hidden_continuous_size': 26, 'attention_head_size': 1, 'learning_rate': 0.0029733188452418977}. Best is trial 8 with value: 15.188754081726074.
LOCAL_RANK: 0 - CUDA_VISIBLE_DEVICES: [0]
[I 2023-12-15 11:38:23,371] Trial 13 finished with value: 18.608362197875977 and parameters: {'gradient_clip_val': 0.5487706089327986, 'hidden_size': 37, 'dropout': 0.3921265984264627, 'hidden_continuous_size': 27, 'attention_head_size': 3, 'learning_rate': 0.0005438505900855103}. Best is trial 8 with value: 15.188754081726074.
LOCAL_RANK: 0 - CUDA_VISIBLE_DEVICES: [0]
[I 2023-12-15 11:39:15,920] Trial 14 finished with value: 15.432868957519531 and parameters: {'gradient_clip_val': 0.3463393001917096, 'hidden_size': 49, 'dropout': 0.26489000361258025, 'hidden_continuous_size': 20, 'attention_head_size': 2, 'learning_rate': 0.0018452360483763909}. Best is trial 8 with value: 15.188754081726074.
LOCAL_RANK: 0 - CUDA_VISIBLE_DEVICES: [0]
[I 2023-12-15 11:40:13,486] Trial 15 finished with value: 17.48567771911621 and parameters: {'gradient_clip_val': 0.314683495045767, 'hidden_size': 98, 'dropout': 0.24650203161817216, 'hidden_continuous_size': 74, 'attention_head_size': 2, 'learning_rate': 0.0016118513849762242}. Best is trial 8 with value: 15.188754081726074.
LOCAL_RANK: 0 - CUDA_VISIBLE_DEVICES: [0]
[I 2023-12-15 11:41:06,591] Trial 16 finished with value: 23.530256271362305 and parameters: {'gradient_clip_val': 0.23101043423216117, 'hidden_size': 53, 'dropout': 0.2755233040648925, 'hidden_continuous_size': 20, 'attention_head_size': 3, 'learning_rate': 0.0056949706743881735}. Best is trial 8 with value: 15.188754081726074.
LOCAL_RANK: 0 - CUDA_VISIBLE_DEVICES: [0]
[I 2023-12-15 11:41:59,269] Trial 17 finished with value: 13.173088073730469 and parameters: {'gradient_clip_val': 0.36376426847685517, 'hidden_size': 53, 'dropout': 0.21055533662429116, 'hidden_continuous_size': 16, 'attention_head_size': 2, 'learning_rate': 0.0017323139875788083}. Best is trial 17 with value: 13.173088073730469.
LOCAL_RANK: 0 - CUDA_VISIBLE_DEVICES: [0]
[I 2023-12-15 11:42:56,617] Trial 18 finished with value: 15.361061096191406 and parameters: {'gradient_clip_val': 0.15515312316444804, 'hidden_size': 98, 'dropout': 0.20375209747527773, 'hidden_continuous_size': 79, 'attention_head_size': 1, 'learning_rate': 0.000514582752824512}. Best is trial 17 with value: 13.173088073730469.
LOCAL_RANK: 0 - CUDA_VISIBLE_DEVICES: [0]
[I 2023-12-15 11:43:49,611] Trial 19 finished with value: 18.529428482055664 and parameters: {'gradient_clip_val': 0.6525278219555702, 'hidden_size': 62, 'dropout': 0.16321432352644652, 'hidden_continuous_size': 14, 'attention_head_size': 2, 'learning_rate': 0.0010000367324241217}. Best is trial 17 with value: 13.173088073730469.
LOCAL_RANK: 0 - CUDA_VISIBLE_DEVICES: [0]
[I 2023-12-15 11:44:38,648] Trial 20 finished with value: 23.589033126831055 and parameters: {'gradient_clip_val': 0.38716243918921855, 'hidden_size': 25, 'dropout': 0.10357030862783495, 'hidden_continuous_size': 10, 'attention_head_size': 3, 'learning_rate': 0.0019215590952552932}. Best is trial 17 with value: 13.173088073730469.
LOCAL_RANK: 0 - CUDA_VISIBLE_DEVICES: [0]
[I 2023-12-15 11:45:36,195] Trial 21 finished with value: 25.80544090270996 and parameters: {'gradient_clip_val': 0.1565007946992251, 'hidden_size': 99, 'dropout': 0.21360681045752272, 'hidden_continuous_size': 98, 'attention_head_size': 1, 'learning_rate': 0.0005320753488012087}. Best is trial 17 with value: 13.173088073730469.
LOCAL_RANK: 0 - CUDA_VISIBLE_DEVICES: [0]
[I 2023-12-15 11:46:30,291] Trial 22 finished with value: 19.83251953125 and parameters: {'gradient_clip_val': 0.2638405617373857, 'hidden_size': 73, 'dropout': 0.19766865590739094, 'hidden_continuous_size': 43, 'attention_head_size': 1, 'learning_rate': 0.0007750931007326202}. Best is trial 17 with value: 13.173088073730469.
LOCAL_RANK: 0 - CUDA_VISIBLE_DEVICES: [0]
[I 2023-12-15 11:47:25,425] Trial 23 finished with value: 12.767304420471191 and parameters: {'gradient_clip_val': 0.2137355504506603, 'hidden_size': 100, 'dropout': 0.23485380837236472, 'hidden_continuous_size': 63, 'attention_head_size': 1, 'learning_rate': 0.0007240146076875218}. Best is trial 23 with value: 12.767304420471191.
LOCAL_RANK: 0 - CUDA_VISIBLE_DEVICES: [0]
[I 2023-12-15 11:48:20,150] Trial 24 finished with value: 17.738140106201172 and parameters: {'gradient_clip_val': 0.29033184297963327, 'hidden_size': 77, 'dropout': 0.23317632237637365, 'hidden_continuous_size': 36, 'attention_head_size': 2, 'learning_rate': 0.0008539262177259963}. Best is trial 23 with value: 12.767304420471191.
LOCAL_RANK: 0 - CUDA_VISIBLE_DEVICES: [0]
[I 2023-12-15 11:49:12,508] Trial 25 finished with value: 25.506616592407227 and parameters: {'gradient_clip_val': 0.21264536626745484, 'hidden_size': 51, 'dropout': 0.22853378298588367, 'hidden_continuous_size': 17, 'attention_head_size': 1, 'learning_rate': 0.0012925531552574023}. Best is trial 23 with value: 12.767304420471191.
LOCAL_RANK: 0 - CUDA_VISIBLE_DEVICES: [0]
[I 2023-12-15 11:50:07,230] Trial 26 finished with value: 19.915678024291992 and parameters: {'gradient_clip_val': 0.2592556729871942, 'hidden_size': 72, 'dropout': 0.18035319799016328, 'hidden_continuous_size': 54, 'attention_head_size': 2, 'learning_rate': 0.0017750260663900593}. Best is trial 23 with value: 12.767304420471191.
LOCAL_RANK: 0 - CUDA_VISIBLE_DEVICES: [0]
[I 2023-12-15 11:51:00,551] Trial 27 finished with value: 21.895090103149414 and parameters: {'gradient_clip_val': 0.30597003955699054, 'hidden_size': 68, 'dropout': 0.23738689358809714, 'hidden_continuous_size': 35, 'attention_head_size': 1, 'learning_rate': 0.0007006171774672765}. Best is trial 23 with value: 12.767304420471191.
LOCAL_RANK: 0 - CUDA_VISIBLE_DEVICES: [0]
[I 2023-12-15 11:51:51,651] Trial 28 finished with value: 21.71092987060547 and parameters: {'gradient_clip_val': 0.18569841932232717, 'hidden_size': 48, 'dropout': 0.2564759128267804, 'hidden_continuous_size': 17, 'attention_head_size': 1, 'learning_rate': 0.0011158656707683373}. Best is trial 23 with value: 12.767304420471191.
LOCAL_RANK: 0 - CUDA_VISIBLE_DEVICES: [0]
[I 2023-12-15 11:52:47,023] Trial 29 finished with value: 18.621496200561523 and parameters: {'gradient_clip_val': 0.22462777441465936, 'hidden_size': 82, 'dropout': 0.2777338905360473, 'hidden_continuous_size': 54, 'attention_head_size': 2, 'learning_rate': 0.0008178962375946752}. Best is trial 23 with value: 12.767304420471191.
LOCAL_RANK: 0 - CUDA_VISIBLE_DEVICES: [0]
[I 2023-12-15 11:53:44,785] Trial 30 finished with value: 16.289581298828125 and parameters: {'gradient_clip_val': 0.17565730907592983, 'hidden_size': 97, 'dropout': 0.301588655278205, 'hidden_continuous_size': 65, 'attention_head_size': 3, 'learning_rate': 0.0022182019810600352}. Best is trial 23 with value: 12.767304420471191.
LOCAL_RANK: 0 - CUDA_VISIBLE_DEVICES: [0]
[I 2023-12-15 11:54:40,947] Trial 31 finished with value: 19.99848747253418 and parameters: {'gradient_clip_val': 0.14182875691327512, 'hidden_size': 96, 'dropout': 0.20258905667941424, 'hidden_continuous_size': 84, 'attention_head_size': 1, 'learning_rate': 0.0006549372328624169}. Best is trial 23 with value: 12.767304420471191.
LOCAL_RANK: 0 - CUDA_VISIBLE_DEVICES: [0]
[I 2023-12-15 11:55:37,562] Trial 32 finished with value: 14.68857192993164 and parameters: {'gradient_clip_val': 0.1567328041278825, 'hidden_size': 100, 'dropout': 0.21868623704489945, 'hidden_continuous_size': 78, 'attention_head_size': 1, 'learning_rate': 0.0006682486400586157}. Best is trial 23 with value: 12.767304420471191.
LOCAL_RANK: 0 - CUDA_VISIBLE_DEVICES: [0]
[I 2023-12-15 11:56:32,782] Trial 33 finished with value: 18.438413619995117 and parameters: {'gradient_clip_val': 0.2196793559868788, 'hidden_size': 79, 'dropout': 0.22310412854257824, 'hidden_continuous_size': 56, 'attention_head_size': 1, 'learning_rate': 0.0013082021768396322}. Best is trial 23 with value: 12.767304420471191.
LOCAL_RANK: 0 - CUDA_VISIBLE_DEVICES: [0]
[I 2023-12-15 11:57:26,707] Trial 34 finished with value: 17.91514015197754 and parameters: {'gradient_clip_val': 0.13013807085569082, 'hidden_size': 59, 'dropout': 0.18553780242824147, 'hidden_continuous_size': 45, 'attention_head_size': 2, 'learning_rate': 0.0007360381665707888}. Best is trial 23 with value: 12.767304420471191.
LOCAL_RANK: 0 - CUDA_VISIBLE_DEVICES: [0]
[I 2023-12-15 11:58:20,506] Trial 35 finished with value: 22.317052841186523 and parameters: {'gradient_clip_val': 0.17000149422879796, 'hidden_size': 63, 'dropout': 0.24575159514570638, 'hidden_continuous_size': 49, 'attention_head_size': 1, 'learning_rate': 0.0009684061452727378}. Best is trial 23 with value: 12.767304420471191.
LOCAL_RANK: 0 - CUDA_VISIBLE_DEVICES: [0]
[I 2023-12-15 11:59:16,141] Trial 36 finished with value: 22.2143497467041 and parameters: {'gradient_clip_val': 0.19331932581772393, 'hidden_size': 83, 'dropout': 0.21570248303072298, 'hidden_continuous_size': 64, 'attention_head_size': 2, 'learning_rate': 0.0014377618369879495}. Best is trial 23 with value: 12.767304420471191.
LOCAL_RANK: 0 - CUDA_VISIBLE_DEVICES: [0]
[I 2023-12-15 12:00:11,236] Trial 37 finished with value: 21.168041229248047 and parameters: {'gradient_clip_val': 0.24788134611376397, 'hidden_size': 84, 'dropout': 0.23551177112517194, 'hidden_continuous_size': 60, 'attention_head_size': 1, 'learning_rate': 0.000696988071042705}. Best is trial 23 with value: 12.767304420471191.
LOCAL_RANK: 0 - CUDA_VISIBLE_DEVICES: [0]
[I 2023-12-15 12:01:05,663] Trial 38 finished with value: 23.191946029663086 and parameters: {'gradient_clip_val': 0.2033890874371195, 'hidden_size': 63, 'dropout': 0.2513640692704408, 'hidden_continuous_size': 40, 'attention_head_size': 4, 'learning_rate': 0.00103952493716398}. Best is trial 23 with value: 12.767304420471191.
LOCAL_RANK: 0 - CUDA_VISIBLE_DEVICES: [0]
[I 2023-12-15 12:02:00,034] Trial 39 finished with value: 15.911606788635254 and parameters: {'gradient_clip_val': 0.10236049501531932, 'hidden_size': 70, 'dropout': 0.1839509214580758, 'hidden_continuous_size': 50, 'attention_head_size': 1, 'learning_rate': 0.0005134323533928037}. Best is trial 23 with value: 12.767304420471191.
LOCAL_RANK: 0 - CUDA_VISIBLE_DEVICES: [0]
[I 2023-12-15 12:02:56,584] Trial 40 finished with value: 20.85322380065918 and parameters: {'gradient_clip_val': 0.3525694631502001, 'hidden_size': 82, 'dropout': 0.1605771533343703, 'hidden_continuous_size': 67, 'attention_head_size': 2, 'learning_rate': 0.002299686813012301}. Best is trial 23 with value: 12.767304420471191.
LOCAL_RANK: 0 - CUDA_VISIBLE_DEVICES: [0]
[I 2023-12-15 12:03:53,486] Trial 41 finished with value: 17.762304306030273 and parameters: {'gradient_clip_val': 0.15546731481180126, 'hidden_size': 97, 'dropout': 0.20714217065017132, 'hidden_continuous_size': 79, 'attention_head_size': 1, 'learning_rate': 0.0005181972632902267}. Best is trial 23 with value: 12.767304420471191.
LOCAL_RANK: 0 - CUDA_VISIBLE_DEVICES: [0]
[I 2023-12-15 12:04:50,072] Trial 42 finished with value: 16.992164611816406 and parameters: {'gradient_clip_val': 0.13298945129224693, 'hidden_size': 89, 'dropout': 0.19961867137586892, 'hidden_continuous_size': 72, 'attention_head_size': 1, 'learning_rate': 0.0008914017884946287}. Best is trial 23 with value: 12.767304420471191.
LOCAL_RANK: 0 - CUDA_VISIBLE_DEVICES: [0]
[I 2023-12-15 12:05:47,416] Trial 43 finished with value: 13.971352577209473 and parameters: {'gradient_clip_val': 0.16424281388508988, 'hidden_size': 100, 'dropout': 0.22255084704580486, 'hidden_continuous_size': 93, 'attention_head_size': 1, 'learning_rate': 0.0006623363510565233}. Best is trial 23 with value: 12.767304420471191.
LOCAL_RANK: 0 - CUDA_VISIBLE_DEVICES: [0]
[I 2023-12-15 12:06:41,717] Trial 44 finished with value: 18.92338752746582 and parameters: {'gradient_clip_val': 0.1736438882769726, 'hidden_size': 70, 'dropout': 0.2268705517708855, 'hidden_continuous_size': 60, 'attention_head_size': 1, 'learning_rate': 0.001246862809621764}. Best is trial 23 with value: 12.767304420471191.
LOCAL_RANK: 0 - CUDA_VISIBLE_DEVICES: [0]
[I 2023-12-15 12:07:38,049] Trial 45 finished with value: 23.040197372436523 and parameters: {'gradient_clip_val': 0.20183453109860572, 'hidden_size': 85, 'dropout': 0.26530173017259684, 'hidden_continuous_size': 68, 'attention_head_size': 1, 'learning_rate': 0.0006646124332647198}. Best is trial 23 with value: 12.767304420471191.
LOCAL_RANK: 0 - CUDA_VISIBLE_DEVICES: [0]
[I 2023-12-15 12:08:31,810] Trial 46 finished with value: 20.665679931640625 and parameters: {'gradient_clip_val': 0.2299695832854806, 'hidden_size': 57, 'dropout': 0.21589018982622524, 'hidden_continuous_size': 49, 'attention_head_size': 1, 'learning_rate': 0.0014971395561604525}. Best is trial 23 with value: 12.767304420471191.
LOCAL_RANK: 0 - CUDA_VISIBLE_DEVICES: [0]
[I 2023-12-15 12:09:24,803] Trial 47 finished with value: 19.355623245239258 and parameters: {'gradient_clip_val': 0.27542619847197947, 'hidden_size': 45, 'dropout': 0.23879084219894114, 'hidden_continuous_size': 38, 'attention_head_size': 2, 'learning_rate': 0.0011192246811831492}. Best is trial 23 with value: 12.767304420471191.
LOCAL_RANK: 0 - CUDA_VISIBLE_DEVICES: [0]
[I 2023-12-15 12:10:19,621] Trial 48 finished with value: 16.298410415649414 and parameters: {'gradient_clip_val': 0.17553598160008635, 'hidden_size': 75, 'dropout': 0.22566018610618935, 'hidden_continuous_size': 58, 'attention_head_size': 1, 'learning_rate': 0.0006587802413872992}. Best is trial 23 with value: 12.767304420471191.
LOCAL_RANK: 0 - CUDA_VISIBLE_DEVICES: [0]
[I 2023-12-15 12:11:16,992] Trial 49 finished with value: 21.115449905395508 and parameters: {'gradient_clip_val': 0.24975245929340564, 'hidden_size': 89, 'dropout': 0.25382691068325747, 'hidden_continuous_size': 88, 'attention_head_size': 2, 'learning_rate': 0.0008959623018962741}. Best is trial 23 with value: 12.767304420471191.
[I 2023-12-15 12:11:17,085] A new study created in memory with name: no-name-2a721f45-5a91-4fb4-a413-4b5516ebe69e
/home/le004/conda/anaconda3/envs/tsff_env/lib/python3.9/site-packages/lightning/fabric/plugins/environments/slurm.py:191: The `srun` command is available on your system but is not used. HINT: If your intention is to run Lightning on SLURM, prepend your python command with `srun` like so: srun python /home/le004/master_thesis/git/TSFusionForecast/code/ ...
LOCAL_RANK: 0 - CUDA_VISIBLE_DEVICES: [0]
[I 2023-12-15 12:12:02,818] Trial 0 finished with value: 611.1638793945312 and parameters: {'gradient_clip_val': 0.29588742280231806, 'hidden_size': 10, 'dropout': 0.3371476153416646, 'hidden_continuous_size': 5, 'attention_head_size': 4, 'learning_rate': 0.03975634813775632}. Best is trial 0 with value: 611.1638793945312.
LOCAL_RANK: 0 - CUDA_VISIBLE_DEVICES: [0]
[I 2023-12-15 12:12:48,465] Trial 1 finished with value: 592.404296875 and parameters: {'gradient_clip_val': 0.2814682985423526, 'hidden_size': 15, 'dropout': 0.27309374829515043, 'hidden_continuous_size': 7, 'attention_head_size': 3, 'learning_rate': 0.005154908711788082}. Best is trial 1 with value: 592.404296875.
LOCAL_RANK: 0 - CUDA_VISIBLE_DEVICES: [0]
[I 2023-12-15 12:13:22,526] Trial 2 finished with value: 2319.402587890625 and parameters: {'gradient_clip_val': 0.17846770338565415, 'hidden_size': 5, 'dropout': 0.2236464298143152, 'hidden_continuous_size': 5, 'attention_head_size': 2, 'learning_rate': 0.003930159534992001}. Best is trial 1 with value: 592.404296875.
LOCAL_RANK: 0 - CUDA_VISIBLE_DEVICES: [0]
[I 2023-12-15 12:14:11,259] Trial 3 finished with value: 1438.951171875 and parameters: {'gradient_clip_val': 0.14721603982587136, 'hidden_size': 22, 'dropout': 0.37125200959736937, 'hidden_continuous_size': 19, 'attention_head_size': 2, 'learning_rate': 0.0015052324623767877}. Best is trial 1 with value: 592.404296875.
LOCAL_RANK: 0 - CUDA_VISIBLE_DEVICES: [0]
[I 2023-12-15 12:15:00,361] Trial 4 finished with value: 2001.5911865234375 and parameters: {'gradient_clip_val': 0.41707312873275265, 'hidden_size': 23, 'dropout': 0.38585652729221553, 'hidden_continuous_size': 12, 'attention_head_size': 3, 'learning_rate': 0.03191241676970946}. Best is trial 1 with value: 592.404296875.
LOCAL_RANK: 0 - CUDA_VISIBLE_DEVICES: [0]
[I 2023-12-15 12:15:44,978] Trial 5 finished with value: 3895.5234375 and parameters: {'gradient_clip_val': 0.4290706487136629, 'hidden_size': 7, 'dropout': 0.3674876914113563, 'hidden_continuous_size': 6, 'attention_head_size': 1, 'learning_rate': 0.0007314804260009597}. Best is trial 1 with value: 592.404296875.
LOCAL_RANK: 0 - CUDA_VISIBLE_DEVICES: [0]
[I 2023-12-15 12:16:19,758] Trial 6 finished with value: 3375.852783203125 and parameters: {'gradient_clip_val': 0.24617126837169231, 'hidden_size': 5, 'dropout': 0.3324310797633102, 'hidden_continuous_size': 5, 'attention_head_size': 4, 'learning_rate': 0.0014776226287740817}. Best is trial 1 with value: 592.404296875.
LOCAL_RANK: 0 - CUDA_VISIBLE_DEVICES: [0]
[I 2023-12-15 12:17:08,103] Trial 7 finished with value: 1603.6033935546875 and parameters: {'gradient_clip_val': 0.30122196534207674, 'hidden_size': 18, 'dropout': 0.15785237160175708, 'hidden_continuous_size': 17, 'attention_head_size': 2, 'learning_rate': 0.0010897880181348265}. Best is trial 1 with value: 592.404296875.
LOCAL_RANK: 0 - CUDA_VISIBLE_DEVICES: [0]
[I 2023-12-15 12:17:53,778] Trial 8 finished with value: 1014.5122680664062 and parameters: {'gradient_clip_val': 0.18868567670965108, 'hidden_size': 9, 'dropout': 0.17246035015590994, 'hidden_continuous_size': 5, 'attention_head_size': 4, 'learning_rate': 0.003922526639254285}. Best is trial 1 with value: 592.404296875.
LOCAL_RANK: 0 - CUDA_VISIBLE_DEVICES: [0]
[I 2023-12-15 12:18:43,360] Trial 9 finished with value: 1286.4073486328125 and parameters: {'gradient_clip_val': 0.2409679926505557, 'hidden_size': 26, 'dropout': 0.37770197227124236, 'hidden_continuous_size': 10, 'attention_head_size': 4, 'learning_rate': 0.0011536341156510896}. Best is trial 1 with value: 592.404296875.
LOCAL_RANK: 0 - CUDA_VISIBLE_DEVICES: [0]
[I 2023-12-15 12:19:38,670] Trial 10 finished with value: 2683.971923828125 and parameters: {'gradient_clip_val': 0.7974624430182196, 'hidden_size': 73, 'dropout': 0.2653485007476807, 'hidden_continuous_size': 44, 'attention_head_size': 3, 'learning_rate': 0.012177785925429297}. Best is trial 1 with value: 592.404296875.
LOCAL_RANK: 0 - CUDA_VISIBLE_DEVICES: [0]
[I 2023-12-15 12:20:22,895] Trial 11 finished with value: 535.1075439453125 and parameters: {'gradient_clip_val': 0.10347585217935767, 'hidden_size': 12, 'dropout': 0.2889581762706017, 'hidden_continuous_size': 6, 'attention_head_size': 3, 'learning_rate': 0.07378602208092702}. Best is trial 11 with value: 535.1075439453125.
LOCAL_RANK: 0 - CUDA_VISIBLE_DEVICES: [0]
[I 2023-12-15 12:21:08,586] Trial 12 finished with value: 1975.8294677734375 and parameters: {'gradient_clip_val': 0.10542351548386163, 'hidden_size': 14, 'dropout': 0.2748837548909091, 'hidden_continuous_size': 7, 'attention_head_size': 3, 'learning_rate': 0.09533438733263702}. Best is trial 11 with value: 535.1075439453125.
LOCAL_RANK: 0 - CUDA_VISIBLE_DEVICES: [0]
