[I 2023-12-26 13:48:39,680] Trial 36 finished with value: 3.814434051513672 and parameters: {'gradient_clip_val': 0.39914240883881197, 'hidden_size': 72, 'dropout': 0.1650054587900499, 'hidden_continuous_size': 14, 'attention_head_size': 2, 'learning_rate': 0.00408404559101099}. Best is trial 1 with value: 0.02527221292257309.
[I 2023-12-26 13:48:43,343] Trial 37 finished with value: 4.5483174324035645 and parameters: {'gradient_clip_val': 0.26441029941946326, 'hidden_size': 28, 'dropout': 0.2270074173068456, 'hidden_continuous_size': 7, 'attention_head_size': 3, 'learning_rate': 0.0061411823036840105}. Best is trial 1 with value: 0.02527221292257309.
[I 2023-12-26 13:48:46,108] Trial 38 finished with value: 2.992760419845581 and parameters: {'gradient_clip_val': 0.22056993312112255, 'hidden_size': 20, 'dropout': 0.25657422131528507, 'hidden_continuous_size': 6, 'attention_head_size': 2, 'learning_rate': 0.003885799351656525}. Best is trial 1 with value: 0.02527221292257309.
[I 2023-12-26 13:48:49,067] Trial 39 finished with value: 3.4901065826416016 and parameters: {'gradient_clip_val': 0.9974475317958988, 'hidden_size': 22, 'dropout': 0.3543557902570936, 'hidden_continuous_size': 9, 'attention_head_size': 4, 'learning_rate': 0.05704750460587592}. Best is trial 1 with value: 0.02527221292257309.
[I 2023-12-26 13:48:52,835] Trial 40 finished with value: 3.295325994491577 and parameters: {'gradient_clip_val': 0.3538253082571564, 'hidden_size': 37, 'dropout': 0.3144693197705886, 'hidden_continuous_size': 7, 'attention_head_size': 2, 'learning_rate': 0.012717159816607856}. Best is trial 1 with value: 0.02527221292257309.
[I 2023-12-26 13:49:02,281] Trial 41 finished with value: 2.402653932571411 and parameters: {'gradient_clip_val': 0.10066155637482647, 'hidden_size': 109, 'dropout': 0.49945433472882195, 'hidden_continuous_size': 63, 'attention_head_size': 1, 'learning_rate': 0.06691873980883094}. Best is trial 1 with value: 0.02527221292257309.
[I 2023-12-26 13:49:09,844] Trial 42 finished with value: 4.163463592529297 and parameters: {'gradient_clip_val': 0.10000045055085297, 'hidden_size': 90, 'dropout': 0.4804160023795142, 'hidden_continuous_size': 20, 'attention_head_size': 1, 'learning_rate': 0.060457591704708144}. Best is trial 1 with value: 0.02527221292257309.
[I 2023-12-26 13:49:19,271] Trial 43 finished with value: 2.5634965896606445 and parameters: {'gradient_clip_val': 0.11251894156306595, 'hidden_size': 109, 'dropout': 0.43857622996786805, 'hidden_continuous_size': 37, 'attention_head_size': 1, 'learning_rate': 0.08324570440121302}. Best is trial 1 with value: 0.02527221292257309.
[I 2023-12-26 13:49:29,123] Trial 44 finished with value: 1.5584683418273926 and parameters: {'gradient_clip_val': 0.11498641968575735, 'hidden_size': 119, 'dropout': 0.46649382038516246, 'hidden_continuous_size': 39, 'attention_head_size': 1, 'learning_rate': 0.08321868127151681}. Best is trial 1 with value: 0.02527221292257309.
[I 2023-12-26 13:49:40,918] Trial 45 finished with value: 3.565558671951294 and parameters: {'gradient_clip_val': 0.12325031668563409, 'hidden_size': 143, 'dropout': 0.4944412393947603, 'hidden_continuous_size': 38, 'attention_head_size': 1, 'learning_rate': 0.09487013250466671}. Best is trial 1 with value: 0.02527221292257309.
[I 2023-12-26 13:49:48,045] Trial 46 finished with value: 3.227903127670288 and parameters: {'gradient_clip_val': 0.1588992206829436, 'hidden_size': 76, 'dropout': 0.4710732403401783, 'hidden_continuous_size': 73, 'attention_head_size': 1, 'learning_rate': 0.06458576249616185}. Best is trial 1 with value: 0.02527221292257309.
[I 2023-12-26 13:49:57,916] Trial 47 finished with value: 2.8658368587493896 and parameters: {'gradient_clip_val': 0.1130022468510645, 'hidden_size': 119, 'dropout': 0.46348205307960744, 'hidden_continuous_size': 32, 'attention_head_size': 1, 'learning_rate': 0.05462652016182011}. Best is trial 1 with value: 0.02527221292257309.
[I 2023-12-26 13:50:04,452] Trial 48 finished with value: 1.9287463426589966 and parameters: {'gradient_clip_val': 0.12560632762622367, 'hidden_size': 70, 'dropout': 0.39453389024412744, 'hidden_continuous_size': 16, 'attention_head_size': 1, 'learning_rate': 0.09936513720435516}. Best is trial 1 with value: 0.02527221292257309.
[I 2023-12-26 13:50:06,841] Trial 49 finished with value: 3.0559680461883545 and parameters: {'gradient_clip_val': 0.13034595424757311, 'hidden_size': 16, 'dropout': 0.3839578583111283, 'hidden_continuous_size': 8, 'attention_head_size': 1, 'learning_rate': 0.0812527049475191}. Best is trial 1 with value: 0.02527221292257309.
[I 2023-12-26 13:50:06,995] A new study created in memory with name: no-name-008593dd-97c3-454c-aa10-2c4e2c224814
/home/le004/conda/anaconda3/envs/tsff_env/lib/python3.9/site-packages/lightning/fabric/plugins/environments/slurm.py:191: The `srun` command is available on your system but is not used. HINT: If your intention is to run Lightning on SLURM, prepend your python command with `srun` like so: srun python /home/le004/master_thesis/git/TSFusionForecast/code/ ...
[I 2023-12-26 13:56:40,785] Trial 0 finished with value: 0.11809632927179337 and parameters: {'gradient_clip_val': 0.586216334245648, 'hidden_size': 80, 'dropout': 0.4529825997871796, 'hidden_continuous_size': 25, 'attention_head_size': 4, 'learning_rate': 0.008788909248286531}. Best is trial 0 with value: 0.11809632927179337.
[I 2023-12-26 13:56:44,132] Trial 1 finished with value: 3.245633840560913 and parameters: {'gradient_clip_val': 0.3115684422821475, 'hidden_size': 60, 'dropout': 0.4162554957216924, 'hidden_continuous_size': 12, 'attention_head_size': 4, 'learning_rate': 0.0016382281761438573}. Best is trial 0 with value: 0.11809632927179337.
[I 2023-12-26 13:56:46,371] Trial 2 finished with value: 3.1327812671661377 and parameters: {'gradient_clip_val': 0.34007244356528654, 'hidden_size': 13, 'dropout': 0.28840490297758603, 'hidden_continuous_size': 7, 'attention_head_size': 4, 'learning_rate': 0.03417139027901565}. Best is trial 0 with value: 0.11809632927179337.
[I 2023-12-26 13:56:48,983] Trial 3 finished with value: 3.0332891941070557 and parameters: {'gradient_clip_val': 0.11127999709474952, 'hidden_size': 42, 'dropout': 0.4803779885056577, 'hidden_continuous_size': 6, 'attention_head_size': 1, 'learning_rate': 0.0018777651961873322}. Best is trial 0 with value: 0.11809632927179337.
[I 2023-12-26 13:56:50,740] Trial 4 finished with value: 3.715749740600586 and parameters: {'gradient_clip_val': 0.10537051162001798, 'hidden_size': 6, 'dropout': 0.3586520831020489, 'hidden_continuous_size': 6, 'attention_head_size': 2, 'learning_rate': 0.07828489910999104}. Best is trial 0 with value: 0.11809632927179337.
[I 2023-12-26 13:56:52,738] Trial 5 finished with value: 3.7568132877349854 and parameters: {'gradient_clip_val': 0.12726596405687976, 'hidden_size': 10, 'dropout': 0.25784400546080666, 'hidden_continuous_size': 8, 'attention_head_size': 2, 'learning_rate': 0.061591462344799335}. Best is trial 0 with value: 0.11809632927179337.
[I 2023-12-26 13:56:54,735] Trial 6 finished with value: 2.809077024459839 and parameters: {'gradient_clip_val': 0.6373732637377905, 'hidden_size': 13, 'dropout': 0.2841529272879232, 'hidden_continuous_size': 5, 'attention_head_size': 1, 'learning_rate': 0.0006020649465578342}. Best is trial 0 with value: 0.11809632927179337.
[I 2023-12-26 13:56:56,766] Trial 7 finished with value: 3.8495795726776123 and parameters: {'gradient_clip_val': 0.64741971301702, 'hidden_size': 13, 'dropout': 0.40078921649964994, 'hidden_continuous_size': 5, 'attention_head_size': 2, 'learning_rate': 0.0061820345043181865}. Best is trial 0 with value: 0.11809632927179337.
[I 2023-12-26 13:56:58,536] Trial 8 finished with value: 3.0455777645111084 and parameters: {'gradient_clip_val': 0.6761756857923686, 'hidden_size': 5, 'dropout': 0.15589376952945302, 'hidden_continuous_size': 5, 'attention_head_size': 4, 'learning_rate': 0.009013104075175771}. Best is trial 0 with value: 0.11809632927179337.
[I 2023-12-26 13:57:05,147] Trial 9 finished with value: 3.3351030349731445 and parameters: {'gradient_clip_val': 0.341211032626323, 'hidden_size': 116, 'dropout': 0.19154954967966553, 'hidden_continuous_size': 5, 'attention_head_size': 4, 'learning_rate': 0.0009734545359993928}. Best is trial 0 with value: 0.11809632927179337.
[I 2023-12-26 13:57:13,616] Trial 10 finished with value: 3.64778733253479 and parameters: {'gradient_clip_val': 0.9470375830085405, 'hidden_size': 137, 'dropout': 0.4999579579099321, 'hidden_continuous_size': 63, 'attention_head_size': 3, 'learning_rate': 0.01995348001742624}. Best is trial 0 with value: 0.11809632927179337.
[I 2023-12-26 13:57:15,920] Trial 11 finished with value: 3.683349609375 and parameters: {'gradient_clip_val': 0.5393961090979583, 'hidden_size': 25, 'dropout': 0.345517120004604, 'hidden_continuous_size': 13, 'attention_head_size': 1, 'learning_rate': 0.0005135787001547844}. Best is trial 0 with value: 0.11809632927179337.
[I 2023-12-26 13:57:18,335] Trial 12 finished with value: 2.5478572845458984 and parameters: {'gradient_clip_val': 0.9205800631061197, 'hidden_size': 26, 'dropout': 0.23967489656864738, 'hidden_continuous_size': 17, 'attention_head_size': 3, 'learning_rate': 0.004247023734508525}. Best is trial 0 with value: 0.11809632927179337.
[I 2023-12-26 13:57:20,879] Trial 13 finished with value: 4.156754970550537 and parameters: {'gradient_clip_val': 0.9934722401074686, 'hidden_size': 29, 'dropout': 0.22087978309302128, 'hidden_continuous_size': 21, 'attention_head_size': 3, 'learning_rate': 0.004877352032601756}. Best is trial 0 with value: 0.11809632927179337.
[I 2023-12-26 13:57:25,444] Trial 14 finished with value: 3.6428592205047607 and parameters: {'gradient_clip_val': 0.9600268059482003, 'hidden_size': 76, 'dropout': 0.12435482564751527, 'hidden_continuous_size': 25, 'attention_head_size': 3, 'learning_rate': 0.012775288027829845}. Best is trial 0 with value: 0.11809632927179337.
[I 2023-12-26 13:57:27,885] Trial 15 finished with value: 2.637816905975342 and parameters: {'gradient_clip_val': 0.4761699125223708, 'hidden_size': 27, 'dropout': 0.23864477966123868, 'hidden_continuous_size': 18, 'attention_head_size': 3, 'learning_rate': 0.003745117138938933}. Best is trial 0 with value: 0.11809632927179337.
[I 2023-12-26 13:57:31,978] Trial 16 finished with value: 2.812814474105835 and parameters: {'gradient_clip_val': 0.7679921368203206, 'hidden_size': 71, 'dropout': 0.31997948418650357, 'hidden_continuous_size': 30, 'attention_head_size': 4, 'learning_rate': 0.0032476969991333056}. Best is trial 0 with value: 0.11809632927179337.
[I 2023-12-26 13:57:34,760] Trial 17 finished with value: 3.2300453186035156 and parameters: {'gradient_clip_val': 0.503506401436012, 'hidden_size': 44, 'dropout': 0.17870842316332786, 'hidden_continuous_size': 16, 'attention_head_size': 3, 'learning_rate': 0.010611366437726298}. Best is trial 0 with value: 0.11809632927179337.
[I 2023-12-26 13:57:40,776] Trial 18 finished with value: 2.100194215774536 and parameters: {'gradient_clip_val': 0.7603677133008458, 'hidden_size': 99, 'dropout': 0.10950605421517545, 'hidden_continuous_size': 34, 'attention_head_size': 4, 'learning_rate': 0.014504084553146833}. Best is trial 0 with value: 0.11809632927179337.
[I 2023-12-26 13:57:48,006] Trial 19 finished with value: 2.949768304824829 and parameters: {'gradient_clip_val': 0.423538987569193, 'hidden_size': 104, 'dropout': 0.13240300997013152, 'hidden_continuous_size': 35, 'attention_head_size': 4, 'learning_rate': 0.024491258689332312}. Best is trial 0 with value: 0.11809632927179337.
[I 2023-12-26 13:57:55,761] Trial 20 finished with value: 2.813999891281128 and parameters: {'gradient_clip_val': 0.7390350426737333, 'hidden_size': 103, 'dropout': 0.1182374045699347, 'hidden_continuous_size': 43, 'attention_head_size': 4, 'learning_rate': 0.01601805736584305}. Best is trial 0 with value: 0.11809632927179337.
[I 2023-12-26 13:58:04,637] Trial 21 finished with value: 3.146151542663574 and parameters: {'gradient_clip_val': 0.8008671147879294, 'hidden_size': 143, 'dropout': 0.2142509010207692, 'hidden_continuous_size': 42, 'attention_head_size': 3, 'learning_rate': 0.00748065436482506}. Best is trial 0 with value: 0.11809632927179337.
[I 2023-12-26 13:58:10,084] Trial 22 finished with value: 3.5848474502563477 and parameters: {'gradient_clip_val': 0.8181876275703148, 'hidden_size': 83, 'dropout': 0.16717743833712173, 'hidden_continuous_size': 24, 'attention_head_size': 4, 'learning_rate': 0.00794016183472933}. Best is trial 0 with value: 0.11809632927179337.
[I 2023-12-26 13:58:13,319] Trial 23 finished with value: 3.368636131286621 and parameters: {'gradient_clip_val': 0.6216419570013186, 'hidden_size': 53, 'dropout': 0.1032311040024296, 'hidden_continuous_size': 27, 'attention_head_size': 3, 'learning_rate': 0.012957524717226821}. Best is trial 0 with value: 0.11809632927179337.
[I 2023-12-26 13:58:18,715] Trial 24 finished with value: 2.8406667709350586 and parameters: {'gradient_clip_val': 0.8310900899731728, 'hidden_size': 90, 'dropout': 0.24571716031189147, 'hidden_continuous_size': 20, 'attention_head_size': 4, 'learning_rate': 0.00568543806681689}. Best is trial 0 with value: 0.11809632927179337.
[I 2023-12-26 13:58:28,129] Trial 25 finished with value: 3.1395890712738037 and parameters: {'gradient_clip_val': 0.8768857793132362, 'hidden_size': 149, 'dropout': 0.18959811295926188, 'hidden_continuous_size': 59, 'attention_head_size': 2, 'learning_rate': 0.026761407263339962}. Best is trial 0 with value: 0.11809632927179337.
[I 2023-12-26 13:58:31,807] Trial 26 finished with value: 3.409083366394043 and parameters: {'gradient_clip_val': 0.59641298197777, 'hidden_size': 57, 'dropout': 0.15133997002996796, 'hidden_continuous_size': 31, 'attention_head_size': 3, 'learning_rate': 0.0036322466155748676}. Best is trial 0 with value: 0.11809632927179337.
[I 2023-12-26 13:58:35,481] Trial 27 finished with value: 3.625260353088379 and parameters: {'gradient_clip_val': 0.7248376481206046, 'hidden_size': 35, 'dropout': 0.1011362039826239, 'hidden_continuous_size': 22, 'attention_head_size': 4, 'learning_rate': 0.010384775938067633}. Best is trial 0 with value: 0.11809632927179337.
[I 2023-12-26 13:58:42,036] Trial 28 finished with value: 3.948298454284668 and parameters: {'gradient_clip_val': 0.8700430488370251, 'hidden_size': 70, 'dropout': 0.25773458242672465, 'hidden_continuous_size': 15, 'attention_head_size': 4, 'learning_rate': 0.013734817022826501}. Best is trial 0 with value: 0.11809632927179337.
[I 2023-12-26 13:58:47,477] Trial 29 finished with value: 4.417790412902832 and parameters: {'gradient_clip_val': 0.43749043158826706, 'hidden_size': 58, 'dropout': 0.42875906855524987, 'hidden_continuous_size': 11, 'attention_head_size': 4, 'learning_rate': 0.002026442492257873}. Best is trial 0 with value: 0.11809632927179337.
[I 2023-12-26 13:58:50,522] Trial 30 finished with value: 3.5639808177948 and parameters: {'gradient_clip_val': 0.5874966741032269, 'hidden_size': 21, 'dropout': 0.20235536731191375, 'hidden_continuous_size': 14, 'attention_head_size': 3, 'learning_rate': 0.0024291665166581073}. Best is trial 0 with value: 0.11809632927179337.
[I 2023-12-26 13:58:54,514] Trial 31 finished with value: 2.4929094314575195 and parameters: {'gradient_clip_val': 0.49222722352698656, 'hidden_size': 45, 'dropout': 0.3081058540009697, 'hidden_continuous_size': 19, 'attention_head_size': 3, 'learning_rate': 0.003914063630720459}. Best is trial 0 with value: 0.11809632927179337.
[I 2023-12-26 13:58:57,922] Trial 32 finished with value: 2.0454893112182617 and parameters: {'gradient_clip_val': 0.5357336879499615, 'hidden_size': 48, 'dropout': 0.2844090964467294, 'hidden_continuous_size': 18, 'attention_head_size': 3, 'learning_rate': 0.00488991076757352}. Best is trial 0 with value: 0.11809632927179337.
[I 2023-12-26 13:59:00,987] Trial 33 finished with value: 3.2958571910858154 and parameters: {'gradient_clip_val': 0.5405017458537787, 'hidden_size': 49, 'dropout': 0.2998987020502492, 'hidden_continuous_size': 19, 'attention_head_size': 2, 'learning_rate': 0.006132447633972337}. Best is trial 0 with value: 0.11809632927179337.
[I 2023-12-26 13:59:04,531] Trial 34 finished with value: 2.865549087524414 and parameters: {'gradient_clip_val': 0.4101238891727727, 'hidden_size': 40, 'dropout': 0.38192460670631345, 'hidden_continuous_size': 22, 'attention_head_size': 4, 'learning_rate': 0.0027817722026210663}. Best is trial 0 with value: 0.11809632927179337.
[I 2023-12-26 13:59:09,859] Trial 35 finished with value: 3.5215206146240234 and parameters: {'gradient_clip_val': 0.5417022983844387, 'hidden_size': 62, 'dropout': 0.32750114308824285, 'hidden_continuous_size': 11, 'attention_head_size': 3, 'learning_rate': 0.005544415829519167}. Best is trial 0 with value: 0.11809632927179337.
[I 2023-12-26 13:59:16,559] Trial 36 finished with value: 2.907337188720703 and parameters: {'gradient_clip_val': 0.36868247217435235, 'hidden_size': 85, 'dropout': 0.44929191983446737, 'hidden_continuous_size': 26, 'attention_head_size': 2, 'learning_rate': 0.0015141336037678096}. Best is trial 0 with value: 0.11809632927179337.
[I 2023-12-26 13:59:20,399] Trial 37 finished with value: 3.453526735305786 and parameters: {'gradient_clip_val': 0.29512188515900356, 'hidden_size': 61, 'dropout': 0.28707332289605164, 'hidden_continuous_size': 18, 'attention_head_size': 4, 'learning_rate': 0.007951617138338743}. Best is trial 0 with value: 0.11809632927179337.
[I 2023-12-26 13:59:23,769] Trial 38 finished with value: 2.374406576156616 and parameters: {'gradient_clip_val': 0.4867697233394363, 'hidden_size': 46, 'dropout': 0.3809318098289757, 'hidden_continuous_size': 16, 'attention_head_size': 2, 'learning_rate': 0.04176333760114119}. Best is trial 0 with value: 0.11809632927179337.
[I 2023-12-26 13:59:32,309] Trial 39 finished with value: 3.457339286804199 and parameters: {'gradient_clip_val': 0.7019642330175202, 'hidden_size': 98, 'dropout': 0.37454643292078227, 'hidden_continuous_size': 9, 'attention_head_size': 1, 'learning_rate': 0.039840259715909605}. Best is trial 0 with value: 0.11809632927179337.
[I 2023-12-26 13:59:41,516] Trial 40 finished with value: 2.602193593978882 and parameters: {'gradient_clip_val': 0.6645054909702786, 'hidden_size': 121, 'dropout': 0.4559439555804089, 'hidden_continuous_size': 13, 'attention_head_size': 2, 'learning_rate': 0.09966129936690613}. Best is trial 0 with value: 0.11809632927179337.
[I 2023-12-26 13:59:45,165] Trial 41 finished with value: 2.769714593887329 and parameters: {'gradient_clip_val': 0.4488203154726876, 'hidden_size': 47, 'dropout': 0.40218170342869547, 'hidden_continuous_size': 17, 'attention_head_size': 2, 'learning_rate': 0.01716418942447427}. Best is trial 0 with value: 0.11809632927179337.
[I 2023-12-26 13:59:51,198] Trial 42 finished with value: 2.95858097076416 and parameters: {'gradient_clip_val': 0.568562420583237, 'hidden_size': 69, 'dropout': 0.3469791168653334, 'hidden_continuous_size': 15, 'attention_head_size': 2, 'learning_rate': 0.033987996137592784}. Best is trial 0 with value: 0.11809632927179337.
[I 2023-12-26 13:59:55,185] Trial 43 finished with value: 2.2466485500335693 and parameters: {'gradient_clip_val': 0.48862998658800155, 'hidden_size': 37, 'dropout': 0.3120823324435919, 'hidden_continuous_size': 20, 'attention_head_size': 2, 'learning_rate': 0.0514649589247222}. Best is trial 0 with value: 0.11809632927179337.
[I 2023-12-26 13:59:58,833] Trial 44 finished with value: 3.002272367477417 and parameters: {'gradient_clip_val': 0.6318202714468146, 'hidden_size': 37, 'dropout': 0.2727209706893788, 'hidden_continuous_size': 23, 'attention_head_size': 1, 'learning_rate': 0.05646996069183733}. Best is trial 0 with value: 0.11809632927179337.
[I 2023-12-26 14:00:02,072] Trial 45 finished with value: 2.984435796737671 and parameters: {'gradient_clip_val': 0.5013935156565421, 'hidden_size': 33, 'dropout': 0.36739245116925556, 'hidden_continuous_size': 20, 'attention_head_size': 2, 'learning_rate': 0.05318526967252078}. Best is trial 0 with value: 0.11809632927179337.
[I 2023-12-26 14:00:06,754] Trial 46 finished with value: 2.6724720001220703 and parameters: {'gradient_clip_val': 0.6840935382979124, 'hidden_size': 51, 'dropout': 0.388961378442737, 'hidden_continuous_size': 21, 'attention_head_size': 2, 'learning_rate': 0.06866316269458687}. Best is trial 0 with value: 0.11809632927179337.
[I 2023-12-26 14:00:12,940] Trial 47 finished with value: 3.5549209117889404 and parameters: {'gradient_clip_val': 0.3990535412546485, 'hidden_size': 79, 'dropout': 0.3563373108145953, 'hidden_continuous_size': 16, 'attention_head_size': 2, 'learning_rate': 0.04542556532098959}. Best is trial 0 with value: 0.11809632927179337.
[I 2023-12-26 14:00:22,218] Trial 48 finished with value: 3.281534194946289 and parameters: {'gradient_clip_val': 0.46770790480692404, 'hidden_size': 116, 'dropout': 0.2749220133621322, 'hidden_continuous_size': 30, 'attention_head_size': 1, 'learning_rate': 0.021904377958654107}. Best is trial 0 with value: 0.11809632927179337.
