[I 2023-12-16 08:22:30,856] Trial 17 finished with value: 11.722697257995605 and parameters: {'gradient_clip_val': 0.9412561788677343, 'hidden_size': 5, 'dropout': 0.39870299939713516, 'hidden_continuous_size': 5, 'attention_head_size': 1, 'learning_rate': 0.06006509840440488}. Best is trial 10 with value: 7.9355692863464355.
LOCAL_RANK: 0 - CUDA_VISIBLE_DEVICES: [0]
[I 2023-12-16 08:23:16,549] Trial 18 finished with value: 16.3482723236084 and parameters: {'gradient_clip_val': 0.36108901965369394, 'hidden_size': 15, 'dropout': 0.36319610492820015, 'hidden_continuous_size': 6, 'attention_head_size': 2, 'learning_rate': 0.09806609925941578}. Best is trial 10 with value: 7.9355692863464355.
LOCAL_RANK: 0 - CUDA_VISIBLE_DEVICES: [0]
[I 2023-12-16 08:24:01,024] Trial 19 finished with value: 12.002406120300293 and parameters: {'gradient_clip_val': 0.4755165076019015, 'hidden_size': 7, 'dropout': 0.2880054935666179, 'hidden_continuous_size': 5, 'attention_head_size': 1, 'learning_rate': 0.025024911040754598}. Best is trial 10 with value: 7.9355692863464355.
LOCAL_RANK: 0 - CUDA_VISIBLE_DEVICES: [0]
[I 2023-12-16 08:24:44,732] Trial 20 finished with value: 15.066563606262207 and parameters: {'gradient_clip_val': 0.7430374585666666, 'hidden_size': 12, 'dropout': 0.3647037735540585, 'hidden_continuous_size': 6, 'attention_head_size': 1, 'learning_rate': 0.01513398723400149}. Best is trial 10 with value: 7.9355692863464355.
LOCAL_RANK: 0 - CUDA_VISIBLE_DEVICES: [0]
[I 2023-12-16 08:25:29,619] Trial 21 finished with value: 7.963522434234619 and parameters: {'gradient_clip_val': 0.10106458192340557, 'hidden_size': 7, 'dropout': 0.344952677338447, 'hidden_continuous_size': 5, 'attention_head_size': 2, 'learning_rate': 0.01704296054373518}. Best is trial 10 with value: 7.9355692863464355.
LOCAL_RANK: 0 - CUDA_VISIBLE_DEVICES: [0]
[I 2023-12-16 08:26:15,011] Trial 22 finished with value: 9.508520126342773 and parameters: {'gradient_clip_val': 0.1065274209906658, 'hidden_size': 6, 'dropout': 0.36581100396480964, 'hidden_continuous_size': 5, 'attention_head_size': 2, 'learning_rate': 0.05184437092519817}. Best is trial 10 with value: 7.9355692863464355.
LOCAL_RANK: 0 - CUDA_VISIBLE_DEVICES: [0]
[I 2023-12-16 08:26:58,490] Trial 23 finished with value: 11.242168426513672 and parameters: {'gradient_clip_val': 0.22723348121608897, 'hidden_size': 8, 'dropout': 0.29933760884093646, 'hidden_continuous_size': 5, 'attention_head_size': 1, 'learning_rate': 0.04739678619774496}. Best is trial 10 with value: 7.9355692863464355.
LOCAL_RANK: 0 - CUDA_VISIBLE_DEVICES: [0]
[I 2023-12-16 08:27:32,733] Trial 24 finished with value: 8.393040657043457 and parameters: {'gradient_clip_val': 0.3307772177865976, 'hidden_size': 5, 'dropout': 0.3441804590677492, 'hidden_continuous_size': 5, 'attention_head_size': 2, 'learning_rate': 0.021516101731365204}. Best is trial 10 with value: 7.9355692863464355.
LOCAL_RANK: 0 - CUDA_VISIBLE_DEVICES: [0]
[I 2023-12-16 08:28:17,916] Trial 25 finished with value: 8.570075035095215 and parameters: {'gradient_clip_val': 0.3376278118445386, 'hidden_size': 7, 'dropout': 0.34332541843374886, 'hidden_continuous_size': 5, 'attention_head_size': 2, 'learning_rate': 0.01793791558614614}. Best is trial 10 with value: 7.9355692863464355.
LOCAL_RANK: 0 - CUDA_VISIBLE_DEVICES: [0]
[I 2023-12-16 08:29:02,855] Trial 26 finished with value: 8.238251686096191 and parameters: {'gradient_clip_val': 0.22347216480296042, 'hidden_size': 6, 'dropout': 0.30604132458086897, 'hidden_continuous_size': 5, 'attention_head_size': 2, 'learning_rate': 0.02663819459780035}. Best is trial 10 with value: 7.9355692863464355.
LOCAL_RANK: 0 - CUDA_VISIBLE_DEVICES: [0]
[I 2023-12-16 08:29:48,362] Trial 27 finished with value: 13.388041496276855 and parameters: {'gradient_clip_val': 0.20731932819383528, 'hidden_size': 9, 'dropout': 0.3015680626634651, 'hidden_continuous_size': 6, 'attention_head_size': 2, 'learning_rate': 0.03193189647311017}. Best is trial 10 with value: 7.9355692863464355.
LOCAL_RANK: 0 - CUDA_VISIBLE_DEVICES: [0]
[I 2023-12-16 08:30:33,117] Trial 28 finished with value: 9.879195213317871 and parameters: {'gradient_clip_val': 0.1272266019142063, 'hidden_size': 6, 'dropout': 0.3123441025529501, 'hidden_continuous_size': 5, 'attention_head_size': 2, 'learning_rate': 0.011996129447385486}. Best is trial 10 with value: 7.9355692863464355.
LOCAL_RANK: 0 - CUDA_VISIBLE_DEVICES: [0]
[I 2023-12-16 08:31:19,392] Trial 29 finished with value: 13.042137145996094 and parameters: {'gradient_clip_val': 0.10153362019472592, 'hidden_size': 13, 'dropout': 0.2806303179640704, 'hidden_continuous_size': 6, 'attention_head_size': 4, 'learning_rate': 0.03055947640905374}. Best is trial 10 with value: 7.9355692863464355.
LOCAL_RANK: 0 - CUDA_VISIBLE_DEVICES: [0]
[I 2023-12-16 08:32:04,813] Trial 30 finished with value: 8.627213478088379 and parameters: {'gradient_clip_val': 0.16891607381418716, 'hidden_size': 11, 'dropout': 0.3275143702718759, 'hidden_continuous_size': 6, 'attention_head_size': 2, 'learning_rate': 0.01254301747443205}. Best is trial 10 with value: 7.9355692863464355.
LOCAL_RANK: 0 - CUDA_VISIBLE_DEVICES: [0]
[I 2023-12-16 08:32:49,982] Trial 31 finished with value: 9.340068817138672 and parameters: {'gradient_clip_val': 0.31617088889218, 'hidden_size': 6, 'dropout': 0.3553885487528442, 'hidden_continuous_size': 5, 'attention_head_size': 2, 'learning_rate': 0.020343113227917528}. Best is trial 10 with value: 7.9355692863464355.
LOCAL_RANK: 0 - CUDA_VISIBLE_DEVICES: [0]
[I 2023-12-16 08:33:24,223] Trial 32 finished with value: 10.318305969238281 and parameters: {'gradient_clip_val': 0.2428193678610553, 'hidden_size': 5, 'dropout': 0.33787116064318623, 'hidden_continuous_size': 5, 'attention_head_size': 2, 'learning_rate': 0.025473227364021526}. Best is trial 10 with value: 7.9355692863464355.
LOCAL_RANK: 0 - CUDA_VISIBLE_DEVICES: [0]
[I 2023-12-16 08:34:09,553] Trial 33 finished with value: 8.223154067993164 and parameters: {'gradient_clip_val': 0.19378215569317128, 'hidden_size': 10, 'dropout': 0.37478526188895456, 'hidden_continuous_size': 6, 'attention_head_size': 2, 'learning_rate': 0.021187567827333748}. Best is trial 10 with value: 7.9355692863464355.
LOCAL_RANK: 0 - CUDA_VISIBLE_DEVICES: [0]
[I 2023-12-16 08:34:54,426] Trial 34 finished with value: 10.771615028381348 and parameters: {'gradient_clip_val': 0.17989986394720783, 'hidden_size': 9, 'dropout': 0.3772587922488386, 'hidden_continuous_size': 6, 'attention_head_size': 1, 'learning_rate': 0.04058859375845114}. Best is trial 10 with value: 7.9355692863464355.
LOCAL_RANK: 0 - CUDA_VISIBLE_DEVICES: [0]
[I 2023-12-16 08:35:39,827] Trial 35 finished with value: 10.801895141601562 and parameters: {'gradient_clip_val': 0.13486561027774566, 'hidden_size': 10, 'dropout': 0.3768557497931477, 'hidden_continuous_size': 6, 'attention_head_size': 2, 'learning_rate': 0.010179774493019586}. Best is trial 10 with value: 7.9355692863464355.
LOCAL_RANK: 0 - CUDA_VISIBLE_DEVICES: [0]
[I 2023-12-16 08:36:24,118] Trial 36 finished with value: 10.492169380187988 and parameters: {'gradient_clip_val': 0.18562136507680457, 'hidden_size': 8, 'dropout': 0.37976835355450234, 'hidden_continuous_size': 5, 'attention_head_size': 3, 'learning_rate': 0.026000741256853276}. Best is trial 10 with value: 7.9355692863464355.
LOCAL_RANK: 0 - CUDA_VISIBLE_DEVICES: [0]
[I 2023-12-16 08:37:08,935] Trial 37 finished with value: 8.71334171295166 and parameters: {'gradient_clip_val': 0.14951097536926813, 'hidden_size': 10, 'dropout': 0.35377420052024294, 'hidden_continuous_size': 6, 'attention_head_size': 1, 'learning_rate': 0.01660272823681117}. Best is trial 10 with value: 7.9355692863464355.
LOCAL_RANK: 0 - CUDA_VISIBLE_DEVICES: [0]
[I 2023-12-16 08:37:56,092] Trial 38 finished with value: 11.9122953414917 and parameters: {'gradient_clip_val': 0.2109096732900406, 'hidden_size': 20, 'dropout': 0.32556736263926433, 'hidden_continuous_size': 7, 'attention_head_size': 3, 'learning_rate': 0.009887480601808798}. Best is trial 10 with value: 7.9355692863464355.
LOCAL_RANK: 0 - CUDA_VISIBLE_DEVICES: [0]
[I 2023-12-16 08:38:42,121] Trial 39 finished with value: 11.051033020019531 and parameters: {'gradient_clip_val': 0.2534934456631012, 'hidden_size': 7, 'dropout': 0.2773935311313428, 'hidden_continuous_size': 5, 'attention_head_size': 4, 'learning_rate': 0.039022474945346705}. Best is trial 10 with value: 7.9355692863464355.
LOCAL_RANK: 0 - CUDA_VISIBLE_DEVICES: [0]
[I 2023-12-16 08:39:27,915] Trial 40 finished with value: 14.300811767578125 and parameters: {'gradient_clip_val': 0.1925231193605791, 'hidden_size': 11, 'dropout': 0.30587121655639304, 'hidden_continuous_size': 7, 'attention_head_size': 2, 'learning_rate': 0.06734396490496851}. Best is trial 10 with value: 7.9355692863464355.
LOCAL_RANK: 0 - CUDA_VISIBLE_DEVICES: [0]
[I 2023-12-16 08:40:13,011] Trial 41 finished with value: 8.953948020935059 and parameters: {'gradient_clip_val': 0.2928220339003594, 'hidden_size': 6, 'dropout': 0.3408378463882473, 'hidden_continuous_size': 5, 'attention_head_size': 2, 'learning_rate': 0.022289476246557246}. Best is trial 10 with value: 7.9355692863464355.
LOCAL_RANK: 0 - CUDA_VISIBLE_DEVICES: [0]
[I 2023-12-16 08:40:47,440] Trial 42 finished with value: 7.9345383644104 and parameters: {'gradient_clip_val': 0.26334927953902826, 'hidden_size': 5, 'dropout': 0.35019411395419314, 'hidden_continuous_size': 5, 'attention_head_size': 2, 'learning_rate': 0.022149246184131964}. Best is trial 42 with value: 7.9345383644104.
LOCAL_RANK: 0 - CUDA_VISIBLE_DEVICES: [0]
[I 2023-12-16 08:41:41,483] Trial 43 finished with value: 17.617795944213867 and parameters: {'gradient_clip_val': 0.2514908710388512, 'hidden_size': 93, 'dropout': 0.32679154401617383, 'hidden_continuous_size': 9, 'attention_head_size': 3, 'learning_rate': 0.03146207949893055}. Best is trial 42 with value: 7.9345383644104.
LOCAL_RANK: 0 - CUDA_VISIBLE_DEVICES: [0]
[I 2023-12-16 08:42:26,466] Trial 44 finished with value: 11.915885925292969 and parameters: {'gradient_clip_val': 0.22379179767033827, 'hidden_size': 6, 'dropout': 0.38044980372501586, 'hidden_continuous_size': 5, 'attention_head_size': 2, 'learning_rate': 0.045493541119984965}. Best is trial 42 with value: 7.9345383644104.
LOCAL_RANK: 0 - CUDA_VISIBLE_DEVICES: [0]
[I 2023-12-16 08:43:00,002] Trial 45 finished with value: 7.477684020996094 and parameters: {'gradient_clip_val': 0.28115657070725447, 'hidden_size': 5, 'dropout': 0.35878672811296974, 'hidden_continuous_size': 5, 'attention_head_size': 1, 'learning_rate': 0.014313456224749721}. Best is trial 45 with value: 7.477684020996094.
LOCAL_RANK: 0 - CUDA_VISIBLE_DEVICES: [0]
[I 2023-12-16 08:43:33,954] Trial 46 finished with value: 17.611068725585938 and parameters: {'gradient_clip_val': 0.2961016546263187, 'hidden_size': 5, 'dropout': 0.3997560705024441, 'hidden_continuous_size': 5, 'attention_head_size': 1, 'learning_rate': 0.005414817722240768}. Best is trial 45 with value: 7.477684020996094.
LOCAL_RANK: 0 - CUDA_VISIBLE_DEVICES: [0]
[I 2023-12-16 08:44:18,475] Trial 47 finished with value: 10.466816902160645 and parameters: {'gradient_clip_val': 0.2671121748959244, 'hidden_size': 7, 'dropout': 0.352513123655878, 'hidden_continuous_size': 5, 'attention_head_size': 1, 'learning_rate': 0.01305169456367697}. Best is trial 45 with value: 7.477684020996094.
LOCAL_RANK: 0 - CUDA_VISIBLE_DEVICES: [0]
[I 2023-12-16 08:45:02,135] Trial 48 finished with value: 9.305562019348145 and parameters: {'gradient_clip_val': 0.3939815056802554, 'hidden_size': 8, 'dropout': 0.36402083757579246, 'hidden_continuous_size': 6, 'attention_head_size': 1, 'learning_rate': 0.019314796376140312}. Best is trial 45 with value: 7.477684020996094.
LOCAL_RANK: 0 - CUDA_VISIBLE_DEVICES: [0]
[I 2023-12-16 08:45:35,950] Trial 49 finished with value: 14.714726448059082 and parameters: {'gradient_clip_val': 0.2765466199491452, 'hidden_size': 5, 'dropout': 0.38545154554197114, 'hidden_continuous_size': 5, 'attention_head_size': 1, 'learning_rate': 0.00835728395584981}. Best is trial 45 with value: 7.477684020996094.
[I 2023-12-16 08:45:36,042] A new study created in memory with name: no-name-61beb8e7-40e5-4620-a0b9-6372db611ebd
/home/le004/conda/anaconda3/envs/tsff_env/lib/python3.9/site-packages/lightning/fabric/plugins/environments/slurm.py:191: The `srun` command is available on your system but is not used. HINT: If your intention is to run Lightning on SLURM, prepend your python command with `srun` like so: srun python /home/le004/master_thesis/git/TSFusionForecast/code/ ...
LOCAL_RANK: 0 - CUDA_VISIBLE_DEVICES: [0]
[I 2023-12-16 08:46:30,636] Trial 0 finished with value: 154.2865753173828 and parameters: {'gradient_clip_val': 0.6618176597397348, 'hidden_size': 75, 'dropout': 0.1600004932758332, 'hidden_continuous_size': 23, 'attention_head_size': 3, 'learning_rate': 0.0006423945451087057}. Best is trial 0 with value: 154.2865753173828.
LOCAL_RANK: 0 - CUDA_VISIBLE_DEVICES: [0]
[I 2023-12-16 08:47:05,325] Trial 1 finished with value: 110.3479232788086 and parameters: {'gradient_clip_val': 0.1557684003969027, 'hidden_size': 6, 'dropout': 0.34566285499635513, 'hidden_continuous_size': 6, 'attention_head_size': 3, 'learning_rate': 0.009668232437681857}. Best is trial 1 with value: 110.3479232788086.
LOCAL_RANK: 0 - CUDA_VISIBLE_DEVICES: [0]
[I 2023-12-16 08:47:58,184] Trial 2 finished with value: 138.93292236328125 and parameters: {'gradient_clip_val': 0.10372311242988409, 'hidden_size': 73, 'dropout': 0.11390288214803818, 'hidden_continuous_size': 7, 'attention_head_size': 3, 'learning_rate': 0.004729261578758286}. Best is trial 1 with value: 110.3479232788086.
LOCAL_RANK: 0 - CUDA_VISIBLE_DEVICES: [0]
[I 2023-12-16 08:48:33,225] Trial 3 finished with value: 208.8606414794922 and parameters: {'gradient_clip_val': 0.11353612055912632, 'hidden_size': 5, 'dropout': 0.2959848685375012, 'hidden_continuous_size': 5, 'attention_head_size': 4, 'learning_rate': 0.0012670992329599886}. Best is trial 1 with value: 110.3479232788086.
LOCAL_RANK: 0 - CUDA_VISIBLE_DEVICES: [0]
[I 2023-12-16 08:49:19,005] Trial 4 finished with value: 154.69239807128906 and parameters: {'gradient_clip_val': 0.6939913325126119, 'hidden_size': 10, 'dropout': 0.3876484640230635, 'hidden_continuous_size': 9, 'attention_head_size': 2, 'learning_rate': 0.0020548588092505933}. Best is trial 1 with value: 110.3479232788086.
LOCAL_RANK: 0 - CUDA_VISIBLE_DEVICES: [0]
[I 2023-12-16 08:50:11,545] Trial 5 finished with value: 86.59815216064453 and parameters: {'gradient_clip_val': 0.2819482881702667, 'hidden_size': 45, 'dropout': 0.20224758275112803, 'hidden_continuous_size': 9, 'attention_head_size': 3, 'learning_rate': 0.005276342081755733}. Best is trial 5 with value: 86.59815216064453.
LOCAL_RANK: 0 - CUDA_VISIBLE_DEVICES: [0]
[I 2023-12-16 08:51:03,830] Trial 6 finished with value: 134.7292022705078 and parameters: {'gradient_clip_val': 0.44023152319943426, 'hidden_size': 80, 'dropout': 0.1294202928810908, 'hidden_continuous_size': 7, 'attention_head_size': 2, 'learning_rate': 0.020715811990691405}. Best is trial 5 with value: 86.59815216064453.
LOCAL_RANK: 0 - CUDA_VISIBLE_DEVICES: [0]
[I 2023-12-16 08:51:38,419] Trial 7 finished with value: 132.39939880371094 and parameters: {'gradient_clip_val': 0.26596289242190724, 'hidden_size': 5, 'dropout': 0.1769836369353045, 'hidden_continuous_size': 5, 'attention_head_size': 3, 'learning_rate': 0.03935986378365015}. Best is trial 5 with value: 86.59815216064453.
LOCAL_RANK: 0 - CUDA_VISIBLE_DEVICES: [0]
[I 2023-12-16 08:52:25,944] Trial 8 finished with value: 142.83749389648438 and parameters: {'gradient_clip_val': 0.1487244244473443, 'hidden_size': 18, 'dropout': 0.15395161895223503, 'hidden_continuous_size': 10, 'attention_head_size': 2, 'learning_rate': 0.0011944885178431887}. Best is trial 5 with value: 86.59815216064453.
LOCAL_RANK: 0 - CUDA_VISIBLE_DEVICES: [0]
[I 2023-12-16 08:53:19,356] Trial 9 finished with value: 145.1263427734375 and parameters: {'gradient_clip_val': 0.1306002810630487, 'hidden_size': 67, 'dropout': 0.3728358237343318, 'hidden_continuous_size': 29, 'attention_head_size': 1, 'learning_rate': 0.00264864364362648}. Best is trial 5 with value: 86.59815216064453.
LOCAL_RANK: 0 - CUDA_VISIBLE_DEVICES: [0]
[I 2023-12-16 08:54:09,946] Trial 10 finished with value: 147.32012939453125 and parameters: {'gradient_clip_val': 0.997424391379358, 'hidden_size': 36, 'dropout': 0.2260995239046816, 'hidden_continuous_size': 14, 'attention_head_size': 4, 'learning_rate': 0.05901441615426704}. Best is trial 5 with value: 86.59815216064453.
LOCAL_RANK: 0 - CUDA_VISIBLE_DEVICES: [0]
[I 2023-12-16 08:54:59,036] Trial 11 finished with value: 116.15386962890625 and parameters: {'gradient_clip_val': 0.21279564335189827, 'hidden_size': 26, 'dropout': 0.27934648060201933, 'hidden_continuous_size': 7, 'attention_head_size': 3, 'learning_rate': 0.011511350647934014}. Best is trial 5 with value: 86.59815216064453.
LOCAL_RANK: 0 - CUDA_VISIBLE_DEVICES: [0]
[I 2023-12-16 08:55:43,887] Trial 12 finished with value: 160.12059020996094 and parameters: {'gradient_clip_val': 0.1765467760528724, 'hidden_size': 12, 'dropout': 0.3332830908020109, 'hidden_continuous_size': 6, 'attention_head_size': 4, 'learning_rate': 0.006509627856827716}. Best is trial 5 with value: 86.59815216064453.
LOCAL_RANK: 0 - CUDA_VISIBLE_DEVICES: [0]
[I 2023-12-16 08:56:35,054] Trial 13 finished with value: 110.23734283447266 and parameters: {'gradient_clip_val': 0.30101372480498273, 'hidden_size': 48, 'dropout': 0.216149169484777, 'hidden_continuous_size': 12, 'attention_head_size': 1, 'learning_rate': 0.012414289539890646}. Best is trial 5 with value: 86.59815216064453.
LOCAL_RANK: 0 - CUDA_VISIBLE_DEVICES: [0]
[I 2023-12-16 08:57:27,216] Trial 14 finished with value: 128.0171356201172 and parameters: {'gradient_clip_val': 0.3331753534114389, 'hidden_size': 43, 'dropout': 0.20925971391993417, 'hidden_continuous_size': 14, 'attention_head_size': 1, 'learning_rate': 0.015830513634002633}. Best is trial 5 with value: 86.59815216064453.
LOCAL_RANK: 0 - CUDA_VISIBLE_DEVICES: [0]
[I 2023-12-16 08:58:20,276] Trial 15 finished with value: 85.19074249267578 and parameters: {'gradient_clip_val': 0.29762198816855767, 'hidden_size': 46, 'dropout': 0.24252626973123212, 'hidden_continuous_size': 44, 'attention_head_size': 1, 'learning_rate': 0.0049209834824077234}. Best is trial 15 with value: 85.19074249267578.
LOCAL_RANK: 0 - CUDA_VISIBLE_DEVICES: [0]
[I 2023-12-16 08:59:10,724] Trial 16 finished with value: 114.27105712890625 and parameters: {'gradient_clip_val': 0.21610289260179852, 'hidden_size': 29, 'dropout': 0.26086084875449317, 'hidden_continuous_size': 20, 'attention_head_size': 2, 'learning_rate': 0.004489397727134557}. Best is trial 15 with value: 85.19074249267578.
LOCAL_RANK: 0 - CUDA_VISIBLE_DEVICES: [0]
[I 2023-12-16 09:00:06,718] Trial 17 finished with value: 102.72899627685547 and parameters: {'gradient_clip_val': 0.377069112014128, 'hidden_size': 97, 'dropout': 0.24775375709623426, 'hidden_continuous_size': 53, 'attention_head_size': 1, 'learning_rate': 0.004200537296560607}. Best is trial 15 with value: 85.19074249267578.
LOCAL_RANK: 0 - CUDA_VISIBLE_DEVICES: [0]
[I 2023-12-16 09:01:00,772] Trial 18 finished with value: 113.23361206054688 and parameters: {'gradient_clip_val': 0.24792742969500262, 'hidden_size': 55, 'dropout': 0.21152200220056183, 'hidden_continuous_size': 49, 'attention_head_size': 2, 'learning_rate': 0.007027311867942508}. Best is trial 15 with value: 85.19074249267578.
LOCAL_RANK: 0 - CUDA_VISIBLE_DEVICES: [0]
[I 2023-12-16 09:01:52,550] Trial 19 finished with value: 104.14444732666016 and parameters: {'gradient_clip_val': 0.4125904008377153, 'hidden_size': 36, 'dropout': 0.2972805106834209, 'hidden_continuous_size': 17, 'attention_head_size': 4, 'learning_rate': 0.02661965207700661}. Best is trial 15 with value: 85.19074249267578.
LOCAL_RANK: 0 - CUDA_VISIBLE_DEVICES: [0]
[I 2023-12-16 09:02:46,288] Trial 20 finished with value: 115.8175048828125 and parameters: {'gradient_clip_val': 0.30833440054501177, 'hidden_size': 58, 'dropout': 0.18227881889506115, 'hidden_continuous_size': 38, 'attention_head_size': 1, 'learning_rate': 0.07550891893911002}. Best is trial 15 with value: 85.19074249267578.
LOCAL_RANK: 0 - CUDA_VISIBLE_DEVICES: [0]
[I 2023-12-16 09:03:43,665] Trial 21 finished with value: 105.37020874023438 and parameters: {'gradient_clip_val': 0.38635291410918127, 'hidden_size': 95, 'dropout': 0.24632836844670947, 'hidden_continuous_size': 80, 'attention_head_size': 1, 'learning_rate': 0.004525039959966069}. Best is trial 15 with value: 85.19074249267578.
LOCAL_RANK: 0 - CUDA_VISIBLE_DEVICES: [0]
[I 2023-12-16 09:04:40,065] Trial 22 finished with value: 98.58419036865234 and parameters: {'gradient_clip_val': 0.34788477675340257, 'hidden_size': 98, 'dropout': 0.23981839467445956, 'hidden_continuous_size': 59, 'attention_head_size': 1, 'learning_rate': 0.0027761941062030542}. Best is trial 15 with value: 85.19074249267578.
LOCAL_RANK: 0 - CUDA_VISIBLE_DEVICES: [0]
[I 2023-12-16 09:05:33,066] Trial 23 finished with value: 129.21958923339844 and parameters: {'gradient_clip_val': 0.2505300575782024, 'hidden_size': 51, 'dropout': 0.19483488543094063, 'hidden_continuous_size': 24, 'attention_head_size': 2, 'learning_rate': 0.0026230413529365}. Best is trial 15 with value: 85.19074249267578.
LOCAL_RANK: 0 - CUDA_VISIBLE_DEVICES: [0]
[I 2023-12-16 09:06:26,836] Trial 24 finished with value: 90.77019500732422 and parameters: {'gradient_clip_val': 0.48925889734905637, 'hidden_size': 59, 'dropout': 0.23301893271329674, 'hidden_continuous_size': 36, 'attention_head_size': 1, 'learning_rate': 0.00882776877588958}. Best is trial 15 with value: 85.19074249267578.
LOCAL_RANK: 0 - CUDA_VISIBLE_DEVICES: [0]
