[I 2023-12-26 16:29:56,373] Trial 37 finished with value: 825.5147094726562 and parameters: {'gradient_clip_val': 0.11383392081120093, 'hidden_size': 115, 'dropout': 0.18756814405206662, 'hidden_continuous_size': 72, 'attention_head_size': 2, 'learning_rate': 0.04243604671291716}. Best is trial 32 with value: 444.057373046875.
[I 2023-12-26 16:30:01,337] Trial 38 finished with value: 621.5549926757812 and parameters: {'gradient_clip_val': 0.13371247310315, 'hidden_size': 62, 'dropout': 0.15949649070281227, 'hidden_continuous_size': 51, 'attention_head_size': 3, 'learning_rate': 0.028721275303805194}. Best is trial 32 with value: 444.057373046875.
[I 2023-12-26 16:30:07,663] Trial 39 finished with value: 666.3796997070312 and parameters: {'gradient_clip_val': 0.11113471074062936, 'hidden_size': 79, 'dropout': 0.12792306990400254, 'hidden_continuous_size': 59, 'attention_head_size': 2, 'learning_rate': 0.02363698207414594}. Best is trial 32 with value: 444.057373046875.
[I 2023-12-26 16:30:17,523] Trial 40 finished with value: 868.26318359375 and parameters: {'gradient_clip_val': 0.21896707648918662, 'hidden_size': 122, 'dropout': 0.21476202124033716, 'hidden_continuous_size': 95, 'attention_head_size': 1, 'learning_rate': 0.017432420818699727}. Best is trial 32 with value: 444.057373046875.
[I 2023-12-26 16:30:29,465] Trial 41 finished with value: 809.0082397460938 and parameters: {'gradient_clip_val': 0.12953503495523272, 'hidden_size': 141, 'dropout': 0.12566831550413807, 'hidden_continuous_size': 131, 'attention_head_size': 4, 'learning_rate': 0.0022824163607259762}. Best is trial 32 with value: 444.057373046875.
[I 2023-12-26 16:30:41,606] Trial 42 finished with value: 843.6043090820312 and parameters: {'gradient_clip_val': 0.10967287153736818, 'hidden_size': 150, 'dropout': 0.11495177778408357, 'hidden_continuous_size': 118, 'attention_head_size': 4, 'learning_rate': 0.008612578100564391}. Best is trial 32 with value: 444.057373046875.
[I 2023-12-26 16:30:50,083] Trial 43 finished with value: 779.4612426757812 and parameters: {'gradient_clip_val': 0.11389184257870393, 'hidden_size': 103, 'dropout': 0.14410947596082782, 'hidden_continuous_size': 82, 'attention_head_size': 4, 'learning_rate': 0.03241181076695555}. Best is trial 32 with value: 444.057373046875.
[I 2023-12-26 16:31:02,897] Trial 44 finished with value: 773.0178833007812 and parameters: {'gradient_clip_val': 0.14875526417888665, 'hidden_size': 150, 'dropout': 0.18207650039545445, 'hidden_continuous_size': 145, 'attention_head_size': 4, 'learning_rate': 0.015986933198467237}. Best is trial 32 with value: 444.057373046875.
[I 2023-12-26 16:31:13,233] Trial 45 finished with value: 644.8843383789062 and parameters: {'gradient_clip_val': 0.13773426564514213, 'hidden_size': 127, 'dropout': 0.14692814124673495, 'hidden_continuous_size': 102, 'attention_head_size': 3, 'learning_rate': 0.01510608518901646}. Best is trial 32 with value: 444.057373046875.
[I 2023-12-26 16:31:15,893] Trial 46 finished with value: 621.6168212890625 and parameters: {'gradient_clip_val': 0.17767908118360762, 'hidden_size': 32, 'dropout': 0.10040124607989077, 'hidden_continuous_size': 5, 'attention_head_size': 1, 'learning_rate': 0.024578238978028348}. Best is trial 32 with value: 444.057373046875.
[I 2023-12-26 16:31:22,734] Trial 47 finished with value: 730.7085571289062 and parameters: {'gradient_clip_val': 0.10051187356116695, 'hidden_size': 84, 'dropout': 0.1280829493136254, 'hidden_continuous_size': 71, 'attention_head_size': 3, 'learning_rate': 0.010289863545012773}. Best is trial 32 with value: 444.057373046875.
[I 2023-12-26 16:31:31,940] Trial 48 finished with value: 567.55126953125 and parameters: {'gradient_clip_val': 0.11496879067862081, 'hidden_size': 113, 'dropout': 0.15488512141439031, 'hidden_continuous_size': 95, 'attention_head_size': 1, 'learning_rate': 0.013363295200393886}. Best is trial 32 with value: 444.057373046875.
[I 2023-12-26 16:31:43,064] Trial 49 finished with value: 586.9456176757812 and parameters: {'gradient_clip_val': 0.12744358536776346, 'hidden_size': 130, 'dropout': 0.11513087766553783, 'hidden_continuous_size': 111, 'attention_head_size': 2, 'learning_rate': 0.07684292641734344}. Best is trial 32 with value: 444.057373046875.
[I 2023-12-26 16:31:43,221] A new study created in memory with name: no-name-017bccd8-9fd2-437e-bb73-262450d40dc3
/home/le004/conda/anaconda3/envs/tsff_env/lib/python3.9/site-packages/lightning/fabric/plugins/environments/slurm.py:191: The `srun` command is available on your system but is not used. HINT: If your intention is to run Lightning on SLURM, prepend your python command with `srun` like so: srun python /home/le004/master_thesis/git/TSFusionForecast/code/ ...
[I 2023-12-26 16:35:23,294] Trial 0 finished with value: 71.3362045288086 and parameters: {'gradient_clip_val': 0.8209647257171072, 'hidden_size': 8, 'dropout': 0.42320030996242886, 'hidden_continuous_size': 6, 'attention_head_size': 4, 'learning_rate': 0.008067446586228513}. Best is trial 0 with value: 71.3362045288086.
[I 2023-12-26 16:35:31,303] Trial 1 finished with value: 143.6504364013672 and parameters: {'gradient_clip_val': 0.7049288012648106, 'hidden_size': 91, 'dropout': 0.441664044255603, 'hidden_continuous_size': 21, 'attention_head_size': 3, 'learning_rate': 0.009427614578673423}. Best is trial 0 with value: 71.3362045288086.
[I 2023-12-26 16:35:36,281] Trial 2 finished with value: 168.02139282226562 and parameters: {'gradient_clip_val': 0.20763607236653348, 'hidden_size': 54, 'dropout': 0.4431863745050516, 'hidden_continuous_size': 12, 'attention_head_size': 2, 'learning_rate': 0.0022132736290477345}. Best is trial 0 with value: 71.3362045288086.
[I 2023-12-26 16:35:38,880] Trial 3 finished with value: 138.26364135742188 and parameters: {'gradient_clip_val': 0.5660584859593284, 'hidden_size': 32, 'dropout': 0.3002252463132735, 'hidden_continuous_size': 7, 'attention_head_size': 1, 'learning_rate': 0.002943297143806142}. Best is trial 0 with value: 71.3362045288086.
[I 2023-12-26 16:35:41,843] Trial 4 finished with value: 121.3998794555664 and parameters: {'gradient_clip_val': 0.41990704232123804, 'hidden_size': 30, 'dropout': 0.3642948614682485, 'hidden_continuous_size': 5, 'attention_head_size': 4, 'learning_rate': 0.0008023072096089948}. Best is trial 0 with value: 71.3362045288086.
[I 2023-12-26 16:35:47,047] Trial 5 finished with value: 118.17401885986328 and parameters: {'gradient_clip_val': 0.44986200431547263, 'hidden_size': 64, 'dropout': 0.4228115406732649, 'hidden_continuous_size': 10, 'attention_head_size': 3, 'learning_rate': 0.012704154260775702}. Best is trial 0 with value: 71.3362045288086.
[I 2023-12-26 16:35:51,528] Trial 6 finished with value: 137.4803924560547 and parameters: {'gradient_clip_val': 0.6457632570260934, 'hidden_size': 54, 'dropout': 0.17700097660024158, 'hidden_continuous_size': 15, 'attention_head_size': 4, 'learning_rate': 0.04626839213727493}. Best is trial 0 with value: 71.3362045288086.
[I 2023-12-26 16:35:55,361] Trial 7 finished with value: 134.1145782470703 and parameters: {'gradient_clip_val': 0.5386655798834393, 'hidden_size': 44, 'dropout': 0.22368232520776932, 'hidden_continuous_size': 10, 'attention_head_size': 3, 'learning_rate': 0.045722927931585854}. Best is trial 0 with value: 71.3362045288086.
[I 2023-12-26 16:35:57,656] Trial 8 finished with value: 172.33624267578125 and parameters: {'gradient_clip_val': 0.6641679383433262, 'hidden_size': 10, 'dropout': 0.44284214173361336, 'hidden_continuous_size': 6, 'attention_head_size': 1, 'learning_rate': 0.038940473167141124}. Best is trial 0 with value: 71.3362045288086.
[I 2023-12-26 16:35:59,739] Trial 9 finished with value: 122.01087188720703 and parameters: {'gradient_clip_val': 0.11737183511118422, 'hidden_size': 8, 'dropout': 0.28542403410542416, 'hidden_continuous_size': 5, 'attention_head_size': 1, 'learning_rate': 0.010922794778598926}. Best is trial 0 with value: 71.3362045288086.
[I 2023-12-26 16:36:01,655] Trial 10 finished with value: 186.4547576904297 and parameters: {'gradient_clip_val': 0.9343402864806408, 'hidden_size': 5, 'dropout': 0.49724285045253536, 'hidden_continuous_size': 5, 'attention_head_size': 4, 'learning_rate': 0.09431309093562175}. Best is trial 0 with value: 71.3362045288086.
[I 2023-12-26 16:36:03,839] Trial 11 finished with value: 147.77159118652344 and parameters: {'gradient_clip_val': 0.3461537339196141, 'hidden_size': 15, 'dropout': 0.36070774755211865, 'hidden_continuous_size': 8, 'attention_head_size': 3, 'learning_rate': 0.014069341338990134}. Best is trial 0 with value: 71.3362045288086.
[I 2023-12-26 16:36:14,601] Trial 12 finished with value: 156.15789794921875 and parameters: {'gradient_clip_val': 0.9163378857107447, 'hidden_size': 141, 'dropout': 0.3766600667316289, 'hidden_continuous_size': 36, 'attention_head_size': 2, 'learning_rate': 0.00447224888357512}. Best is trial 0 with value: 71.3362045288086.
[I 2023-12-26 16:36:17,761] Trial 13 finished with value: 157.2186737060547 and parameters: {'gradient_clip_val': 0.4440456054740703, 'hidden_size': 18, 'dropout': 0.4949849983031395, 'hidden_continuous_size': 7, 'attention_head_size': 4, 'learning_rate': 0.02057885486977274}. Best is trial 0 with value: 71.3362045288086.
[I 2023-12-26 16:36:20,442] Trial 14 finished with value: 150.50010681152344 and parameters: {'gradient_clip_val': 0.28248819953417287, 'hidden_size': 20, 'dropout': 0.4078977758885716, 'hidden_continuous_size': 8, 'attention_head_size': 3, 'learning_rate': 0.005616797333976545}. Best is trial 0 with value: 71.3362045288086.
[I 2023-12-26 16:36:22,412] Trial 15 finished with value: 143.83888244628906 and parameters: {'gradient_clip_val': 0.8773054486255688, 'hidden_size': 12, 'dropout': 0.10475145310182354, 'hidden_continuous_size': 6, 'attention_head_size': 2, 'learning_rate': 0.019235880491743667}. Best is trial 0 with value: 71.3362045288086.
[I 2023-12-26 16:36:24,361] Trial 16 finished with value: 116.6675033569336 and parameters: {'gradient_clip_val': 0.4876769120795764, 'hidden_size': 6, 'dropout': 0.33732736259583784, 'hidden_continuous_size': 5, 'attention_head_size': 4, 'learning_rate': 0.007509034375411521}. Best is trial 0 with value: 71.3362045288086.
[I 2023-12-26 16:36:26,133] Trial 17 finished with value: 164.6039276123047 and parameters: {'gradient_clip_val': 0.7762471538073198, 'hidden_size': 5, 'dropout': 0.31386536615774285, 'hidden_continuous_size': 5, 'attention_head_size': 4, 'learning_rate': 0.00640216296319658}. Best is trial 0 with value: 71.3362045288086.
[I 2023-12-26 16:36:28,055] Trial 18 finished with value: 158.17445373535156 and parameters: {'gradient_clip_val': 0.9622211766612399, 'hidden_size': 7, 'dropout': 0.3448204931578241, 'hidden_continuous_size': 5, 'attention_head_size': 4, 'learning_rate': 0.002255370889618066}. Best is trial 0 with value: 71.3362045288086.
[I 2023-12-26 16:36:29,916] Trial 19 finished with value: 169.12721252441406 and parameters: {'gradient_clip_val': 0.5556914810170794, 'hidden_size': 8, 'dropout': 0.2724592809860167, 'hidden_continuous_size': 5, 'attention_head_size': 4, 'learning_rate': 0.00372202022303314}. Best is trial 0 with value: 71.3362045288086.
[I 2023-12-26 16:36:31,964] Trial 20 finished with value: 158.73106384277344 and parameters: {'gradient_clip_val': 0.7683730851358569, 'hidden_size': 13, 'dropout': 0.3350015536751296, 'hidden_continuous_size': 6, 'attention_head_size': 3, 'learning_rate': 0.007096227615991514}. Best is trial 0 with value: 71.3362045288086.
[I 2023-12-26 16:36:33,861] Trial 21 finished with value: 158.05972290039062 and parameters: {'gradient_clip_val': 0.45147850840133086, 'hidden_size': 6, 'dropout': 0.3932758245782379, 'hidden_continuous_size': 5, 'attention_head_size': 3, 'learning_rate': 0.009277013365538322}. Best is trial 0 with value: 71.3362045288086.
[I 2023-12-26 16:36:35,904] Trial 22 finished with value: 134.21165466308594 and parameters: {'gradient_clip_val': 0.35164003838280056, 'hidden_size': 10, 'dropout': 0.40896635019605526, 'hidden_continuous_size': 6, 'attention_head_size': 4, 'learning_rate': 0.015678430139258355}. Best is trial 0 with value: 71.3362045288086.
[I 2023-12-26 16:36:37,681] Trial 23 finished with value: 135.54078674316406 and parameters: {'gradient_clip_val': 0.5315150009881078, 'hidden_size': 5, 'dropout': 0.41208097822274936, 'hidden_continuous_size': 5, 'attention_head_size': 3, 'learning_rate': 0.007435607255963149}. Best is trial 0 with value: 71.3362045288086.
[I 2023-12-26 16:36:40,141] Trial 24 finished with value: 119.60176849365234 and parameters: {'gradient_clip_val': 0.6516648274155308, 'hidden_size': 24, 'dropout': 0.33126945247513045, 'hidden_continuous_size': 9, 'attention_head_size': 4, 'learning_rate': 0.023532078736093216}. Best is trial 0 with value: 71.3362045288086.
[I 2023-12-26 16:36:42,354] Trial 25 finished with value: 154.74758911132812 and parameters: {'gradient_clip_val': 0.2851084077238858, 'hidden_size': 9, 'dropout': 0.3801519959086163, 'hidden_continuous_size': 6, 'attention_head_size': 2, 'learning_rate': 0.013380456703890325}. Best is trial 0 with value: 71.3362045288086.
[I 2023-12-26 16:36:44,303] Trial 26 finished with value: 154.46885681152344 and parameters: {'gradient_clip_val': 0.45358596690800307, 'hidden_size': 7, 'dropout': 0.45648283203183315, 'hidden_continuous_size': 5, 'attention_head_size': 3, 'learning_rate': 0.005195356134903148}. Best is trial 0 with value: 71.3362045288086.
[I 2023-12-26 16:36:46,495] Trial 27 finished with value: 118.96048736572266 and parameters: {'gradient_clip_val': 0.7218628881583594, 'hidden_size': 15, 'dropout': 0.35365707374115035, 'hidden_continuous_size': 7, 'attention_head_size': 4, 'learning_rate': 0.008572468669555643}. Best is trial 0 with value: 71.3362045288086.
[I 2023-12-26 16:36:48,418] Trial 28 finished with value: 156.93482971191406 and parameters: {'gradient_clip_val': 0.383235228085217, 'hidden_size': 6, 'dropout': 0.4691554342769889, 'hidden_continuous_size': 5, 'attention_head_size': 4, 'learning_rate': 0.011612106243448425}. Best is trial 0 with value: 71.3362045288086.
[I 2023-12-26 16:36:53,982] Trial 29 finished with value: 124.74559783935547 and parameters: {'gradient_clip_val': 0.8078465782827055, 'hidden_size': 91, 'dropout': 0.423710540576329, 'hidden_continuous_size': 11, 'attention_head_size': 3, 'learning_rate': 0.009102190875544168}. Best is trial 0 with value: 71.3362045288086.
[I 2023-12-26 16:36:56,023] Trial 30 finished with value: 131.14952087402344 and parameters: {'gradient_clip_val': 0.5978435247215794, 'hidden_size': 10, 'dropout': 0.42922363981365447, 'hidden_continuous_size': 6, 'attention_head_size': 3, 'learning_rate': 0.004118769172695921}. Best is trial 0 with value: 71.3362045288086.
[I 2023-12-26 16:36:58,184] Trial 31 finished with value: 167.34165954589844 and parameters: {'gradient_clip_val': 0.7446032889183309, 'hidden_size': 15, 'dropout': 0.39013528353569216, 'hidden_continuous_size': 7, 'attention_head_size': 4, 'learning_rate': 0.007852847477465737}. Best is trial 0 with value: 71.3362045288086.
[I 2023-12-26 16:37:00,280] Trial 32 finished with value: 182.9362030029297 and parameters: {'gradient_clip_val': 0.7099864347061555, 'hidden_size': 11, 'dropout': 0.35170688034753517, 'hidden_continuous_size': 7, 'attention_head_size': 4, 'learning_rate': 0.00988662506203425}. Best is trial 0 with value: 71.3362045288086.
[I 2023-12-26 16:37:02,507] Trial 33 finished with value: 143.9568634033203 and parameters: {'gradient_clip_val': 0.49212162378444996, 'hidden_size': 15, 'dropout': 0.387331039202468, 'hidden_continuous_size': 9, 'attention_head_size': 4, 'learning_rate': 0.0059365858283342236}. Best is trial 0 with value: 71.3362045288086.
[I 2023-12-26 16:37:04,793] Trial 34 finished with value: 133.16810607910156 and parameters: {'gradient_clip_val': 0.5983278300557854, 'hidden_size': 24, 'dropout': 0.43686832732217096, 'hidden_continuous_size': 12, 'attention_head_size': 4, 'learning_rate': 0.003404032480395788}. Best is trial 0 with value: 71.3362045288086.
[I 2023-12-26 16:37:07,413] Trial 35 finished with value: 130.0631103515625 and parameters: {'gradient_clip_val': 0.5046034850771712, 'hidden_size': 34, 'dropout': 0.36355439519329064, 'hidden_continuous_size': 14, 'attention_head_size': 4, 'learning_rate': 0.0027399654637689525}. Best is trial 0 with value: 71.3362045288086.
[I 2023-12-26 16:37:09,468] Trial 36 finished with value: 129.34425354003906 and parameters: {'gradient_clip_val': 0.9932771447987326, 'hidden_size': 12, 'dropout': 0.46382208744598824, 'hidden_continuous_size': 7, 'attention_head_size': 3, 'learning_rate': 0.0014473886195875527}. Best is trial 0 with value: 71.3362045288086.
[I 2023-12-26 16:37:15,082] Trial 37 finished with value: 150.12998962402344 and parameters: {'gradient_clip_val': 0.6741463240293242, 'hidden_size': 64, 'dropout': 0.3220719376512664, 'hidden_continuous_size': 17, 'attention_head_size': 4, 'learning_rate': 0.004900467509771606}. Best is trial 0 with value: 71.3362045288086.
[I 2023-12-26 16:37:18,514] Trial 38 finished with value: 130.75991821289062 and parameters: {'gradient_clip_val': 0.5890058643128264, 'hidden_size': 37, 'dropout': 0.3056257048278291, 'hidden_continuous_size': 10, 'attention_head_size': 2, 'learning_rate': 0.011313164487393454}. Best is trial 0 with value: 71.3362045288086.
[I 2023-12-26 16:37:21,492] Trial 39 finished with value: 131.91197204589844 and parameters: {'gradient_clip_val': 0.40761167625216754, 'hidden_size': 27, 'dropout': 0.3635450832009718, 'hidden_continuous_size': 8, 'attention_head_size': 1, 'learning_rate': 0.007557657051224257}. Best is trial 0 with value: 71.3362045288086.
[I 2023-12-26 16:37:23,722] Trial 40 finished with value: 133.80482482910156 and parameters: {'gradient_clip_val': 0.8288523055839464, 'hidden_size': 8, 'dropout': 0.40218530537438946, 'hidden_continuous_size': 6, 'attention_head_size': 4, 'learning_rate': 0.028550119250458302}. Best is trial 0 with value: 71.3362045288086.
[I 2023-12-26 16:37:26,705] Trial 41 finished with value: 108.3551025390625 and parameters: {'gradient_clip_val': 0.6482120052149792, 'hidden_size': 25, 'dropout': 0.3403728948678581, 'hidden_continuous_size': 9, 'attention_head_size': 4, 'learning_rate': 0.01746630185003609}. Best is trial 0 with value: 71.3362045288086.
[I 2023-12-26 16:37:30,189] Trial 42 finished with value: 153.89866638183594 and parameters: {'gradient_clip_val': 0.7049697833658667, 'hidden_size': 40, 'dropout': 0.3361815069518809, 'hidden_continuous_size': 10, 'attention_head_size': 4, 'learning_rate': 0.014707294856915182}. Best is trial 0 with value: 71.3362045288086.
[I 2023-12-26 16:37:33,298] Trial 43 finished with value: 152.021728515625 and parameters: {'gradient_clip_val': 0.6284843103372422, 'hidden_size': 28, 'dropout': 0.3731972464707491, 'hidden_continuous_size': 9, 'attention_head_size': 4, 'learning_rate': 0.01677920316506354}. Best is trial 0 with value: 71.3362045288086.
[I 2023-12-26 16:37:35,988] Trial 44 finished with value: 142.36978149414062 and parameters: {'gradient_clip_val': 0.8511904935693175, 'hidden_size': 20, 'dropout': 0.2781221283656086, 'hidden_continuous_size': 11, 'attention_head_size': 4, 'learning_rate': 0.012273532392089441}. Best is trial 0 with value: 71.3362045288086.
[I 2023-12-26 16:37:39,030] Trial 45 finished with value: 128.506103515625 and parameters: {'gradient_clip_val': 0.5124603350091638, 'hidden_size': 32, 'dropout': 0.35324931666434006, 'hidden_continuous_size': 8, 'attention_head_size': 4, 'learning_rate': 0.009899680538512293}. Best is trial 0 with value: 71.3362045288086.
[I 2023-12-26 16:37:43,016] Trial 46 finished with value: 136.4987030029297 and parameters: {'gradient_clip_val': 0.6711606656196203, 'hidden_size': 44, 'dropout': 0.42089748554187156, 'hidden_continuous_size': 8, 'attention_head_size': 3, 'learning_rate': 0.026585313571800356}. Best is trial 0 with value: 71.3362045288086.
[I 2023-12-26 16:37:45,573] Trial 47 finished with value: 130.84877014160156 and parameters: {'gradient_clip_val': 0.5677659932135337, 'hidden_size': 18, 'dropout': 0.2982909659430689, 'hidden_continuous_size': 7, 'attention_head_size': 3, 'learning_rate': 0.018538575826485163}. Best is trial 0 with value: 71.3362045288086.
[I 2023-12-26 16:37:48,427] Trial 48 finished with value: 147.25083923339844 and parameters: {'gradient_clip_val': 0.8922118980613434, 'hidden_size': 23, 'dropout': 0.44357351328840683, 'hidden_continuous_size': 9, 'attention_head_size': 4, 'learning_rate': 0.013362180975280372}. Best is trial 0 with value: 71.3362045288086.
[I 2023-12-26 16:37:51,204] Trial 49 finished with value: 137.71279907226562 and parameters: {'gradient_clip_val': 0.7441039483321127, 'hidden_size': 14, 'dropout': 0.3778293509223144, 'hidden_continuous_size': 9, 'attention_head_size': 2, 'learning_rate': 0.006138625779091234}. Best is trial 0 with value: 71.3362045288086.
[I 2023-12-26 16:37:51,371] A new study created in memory with name: no-name-5dc273ba-fffa-4ee5-819a-4a46a9fe005e
/home/le004/conda/anaconda3/envs/tsff_env/lib/python3.9/site-packages/lightning/fabric/plugins/environments/slurm.py:191: The `srun` command is available on your system but is not used. HINT: If your intention is to run Lightning on SLURM, prepend your python command with `srun` like so: srun python /home/le004/master_thesis/git/TSFusionForecast/code/ ...
[I 2023-12-26 16:43:57,063] Trial 0 finished with value: 80.58262634277344 and parameters: {'gradient_clip_val': 0.3792262510018015, 'hidden_size': 75, 'dropout': 0.1862186571820318, 'hidden_continuous_size': 13, 'attention_head_size': 3, 'learning_rate': 0.0736891937074906}. Best is trial 0 with value: 80.58262634277344.
