[I 2023-12-16 10:59:11,907] Trial 16 finished with value: 0.1713889092206955 and parameters: {'gradient_clip_val': 0.33499939371291504, 'hidden_size': 52, 'dropout': 0.1953387461427166, 'hidden_continuous_size': 12, 'attention_head_size': 1, 'learning_rate': 0.0006009491324052668}. Best is trial 0 with value: 0.05330267921090126.
LOCAL_RANK: 0 - CUDA_VISIBLE_DEVICES: [0]
[I 2023-12-16 11:00:00,702] Trial 17 finished with value: 0.2220115214586258 and parameters: {'gradient_clip_val': 0.1582403275244589, 'hidden_size': 23, 'dropout': 0.26059446352061766, 'hidden_continuous_size': 8, 'attention_head_size': 2, 'learning_rate': 0.0016580121717170377}. Best is trial 0 with value: 0.05330267921090126.
LOCAL_RANK: 0 - CUDA_VISIBLE_DEVICES: [0]
[I 2023-12-16 11:00:53,991] Trial 18 finished with value: 0.0822489932179451 and parameters: {'gradient_clip_val': 0.4103193132335379, 'hidden_size': 66, 'dropout': 0.1378010838667197, 'hidden_continuous_size': 11, 'attention_head_size': 3, 'learning_rate': 0.0005393251686922891}. Best is trial 0 with value: 0.05330267921090126.
LOCAL_RANK: 0 - CUDA_VISIBLE_DEVICES: [0]
[I 2023-12-16 11:01:43,491] Trial 19 finished with value: 0.07736299186944962 and parameters: {'gradient_clip_val': 0.30417344959057346, 'hidden_size': 38, 'dropout': 0.18215244459281782, 'hidden_continuous_size': 8, 'attention_head_size': 1, 'learning_rate': 0.0021675477395001826}. Best is trial 0 with value: 0.05330267921090126.
LOCAL_RANK: 0 - CUDA_VISIBLE_DEVICES: [0]
[I 2023-12-16 11:02:40,776] Trial 20 finished with value: 0.07508686184883118 and parameters: {'gradient_clip_val': 0.5528463654650241, 'hidden_size': 87, 'dropout': 0.24809587622474108, 'hidden_continuous_size': 78, 'attention_head_size': 2, 'learning_rate': 0.004708893991605885}. Best is trial 0 with value: 0.05330267921090126.
LOCAL_RANK: 0 - CUDA_VISIBLE_DEVICES: [0]
[I 2023-12-16 11:03:29,734] Trial 21 finished with value: 0.05670499801635742 and parameters: {'gradient_clip_val': 0.9184228820737672, 'hidden_size': 32, 'dropout': 0.12436718514126896, 'hidden_continuous_size': 13, 'attention_head_size': 2, 'learning_rate': 0.002511534464441806}. Best is trial 0 with value: 0.05330267921090126.
LOCAL_RANK: 0 - CUDA_VISIBLE_DEVICES: [0]
[I 2023-12-16 11:04:22,101] Trial 22 finished with value: 0.16455315053462982 and parameters: {'gradient_clip_val': 0.3971477325867555, 'hidden_size': 41, 'dropout': 0.13528618011798146, 'hidden_continuous_size': 13, 'attention_head_size': 2, 'learning_rate': 0.0020951199112152685}. Best is trial 0 with value: 0.05330267921090126.
LOCAL_RANK: 0 - CUDA_VISIBLE_DEVICES: [0]
[I 2023-12-16 11:05:14,404] Trial 23 finished with value: 0.08542820066213608 and parameters: {'gradient_clip_val': 0.9841765751448807, 'hidden_size': 60, 'dropout': 0.1691279212519981, 'hidden_continuous_size': 10, 'attention_head_size': 2, 'learning_rate': 0.0017990693209863928}. Best is trial 0 with value: 0.05330267921090126.
LOCAL_RANK: 0 - CUDA_VISIBLE_DEVICES: [0]
[I 2023-12-16 11:06:03,507] Trial 24 finished with value: 0.08372816443443298 and parameters: {'gradient_clip_val': 0.6165534507884435, 'hidden_size': 30, 'dropout': 0.1326793456156368, 'hidden_continuous_size': 5, 'attention_head_size': 3, 'learning_rate': 0.004931333810290592}. Best is trial 0 with value: 0.05330267921090126.
LOCAL_RANK: 0 - CUDA_VISIBLE_DEVICES: [0]
[I 2023-12-16 11:06:55,967] Trial 25 finished with value: 0.12483015656471252 and parameters: {'gradient_clip_val': 0.5357840007785757, 'hidden_size': 46, 'dropout': 0.1574161226780599, 'hidden_continuous_size': 13, 'attention_head_size': 2, 'learning_rate': 0.000904769631307564}. Best is trial 0 with value: 0.05330267921090126.
LOCAL_RANK: 0 - CUDA_VISIBLE_DEVICES: [0]
[I 2023-12-16 11:07:48,725] Trial 26 finished with value: 0.16430504620075226 and parameters: {'gradient_clip_val': 0.6886710295612378, 'hidden_size': 67, 'dropout': 0.19912200869874003, 'hidden_continuous_size': 20, 'attention_head_size': 1, 'learning_rate': 0.0005188145490791804}. Best is trial 0 with value: 0.05330267921090126.
LOCAL_RANK: 0 - CUDA_VISIBLE_DEVICES: [0]
[I 2023-12-16 11:08:39,006] Trial 27 finished with value: 0.05841619893908501 and parameters: {'gradient_clip_val': 0.27852692840264887, 'hidden_size': 36, 'dropout': 0.11813013956750856, 'hidden_continuous_size': 15, 'attention_head_size': 2, 'learning_rate': 0.0024835365348472383}. Best is trial 0 with value: 0.05330267921090126.
LOCAL_RANK: 0 - CUDA_VISIBLE_DEVICES: [0]
[I 2023-12-16 11:09:27,701] Trial 28 finished with value: 0.21743708848953247 and parameters: {'gradient_clip_val': 0.30175295485606607, 'hidden_size': 24, 'dropout': 0.13090574050196319, 'hidden_continuous_size': 9, 'attention_head_size': 3, 'learning_rate': 0.0012854123810969375}. Best is trial 0 with value: 0.05330267921090126.
LOCAL_RANK: 0 - CUDA_VISIBLE_DEVICES: [0]
[I 2023-12-16 11:10:17,062] Trial 29 finished with value: 0.3811584413051605 and parameters: {'gradient_clip_val': 0.12368235309527324, 'hidden_size': 19, 'dropout': 0.11742928283927184, 'hidden_continuous_size': 8, 'attention_head_size': 4, 'learning_rate': 0.0012351958176209544}. Best is trial 0 with value: 0.05330267921090126.
LOCAL_RANK: 0 - CUDA_VISIBLE_DEVICES: [0]
[I 2023-12-16 11:11:09,950] Trial 30 finished with value: 0.1612251102924347 and parameters: {'gradient_clip_val': 0.12047549063707397, 'hidden_size': 57, 'dropout': 0.11879743859379517, 'hidden_continuous_size': 15, 'attention_head_size': 1, 'learning_rate': 0.0008597647695776201}. Best is trial 0 with value: 0.05330267921090126.
LOCAL_RANK: 0 - CUDA_VISIBLE_DEVICES: [0]
[I 2023-12-16 11:11:59,943] Trial 31 finished with value: 0.10367456823587418 and parameters: {'gradient_clip_val': 0.19704472164177278, 'hidden_size': 36, 'dropout': 0.1519119851083415, 'hidden_continuous_size': 11, 'attention_head_size': 2, 'learning_rate': 0.0024245122724276323}. Best is trial 0 with value: 0.05330267921090126.
LOCAL_RANK: 0 - CUDA_VISIBLE_DEVICES: [0]
[I 2023-12-16 11:12:52,292] Trial 32 finished with value: 0.08479663729667664 and parameters: {'gradient_clip_val': 0.9968883540044648, 'hidden_size': 43, 'dropout': 0.12326452856844355, 'hidden_continuous_size': 15, 'attention_head_size': 2, 'learning_rate': 0.0016726513418428906}. Best is trial 0 with value: 0.05330267921090126.
LOCAL_RANK: 0 - CUDA_VISIBLE_DEVICES: [0]
[I 2023-12-16 11:13:41,893] Trial 33 finished with value: 0.19899754226207733 and parameters: {'gradient_clip_val': 0.2791206653670435, 'hidden_size': 33, 'dropout': 0.15409242207526458, 'hidden_continuous_size': 11, 'attention_head_size': 2, 'learning_rate': 0.002517184600250918}. Best is trial 0 with value: 0.05330267921090126.
LOCAL_RANK: 0 - CUDA_VISIBLE_DEVICES: [0]
[I 2023-12-16 11:14:30,049] Trial 34 finished with value: 0.09753251820802689 and parameters: {'gradient_clip_val': 0.2475051804319255, 'hidden_size': 28, 'dropout': 0.1694200327737344, 'hidden_continuous_size': 10, 'attention_head_size': 2, 'learning_rate': 0.004335777590295226}. Best is trial 0 with value: 0.05330267921090126.
LOCAL_RANK: 0 - CUDA_VISIBLE_DEVICES: [0]
[I 2023-12-16 11:15:22,109] Trial 35 finished with value: 0.09579635411500931 and parameters: {'gradient_clip_val': 0.19447094078451377, 'hidden_size': 47, 'dropout': 0.11739705480695649, 'hidden_continuous_size': 7, 'attention_head_size': 3, 'learning_rate': 0.005934497409870324}. Best is trial 0 with value: 0.05330267921090126.
LOCAL_RANK: 0 - CUDA_VISIBLE_DEVICES: [0]
[I 2023-12-16 11:16:15,628] Trial 36 finished with value: 0.08702852576971054 and parameters: {'gradient_clip_val': 0.38196342099431996, 'hidden_size': 77, 'dropout': 0.14318355769935392, 'hidden_continuous_size': 23, 'attention_head_size': 2, 'learning_rate': 0.00141808412192124}. Best is trial 0 with value: 0.05330267921090126.
LOCAL_RANK: 0 - CUDA_VISIBLE_DEVICES: [0]
[I 2023-12-16 11:17:06,478] Trial 37 finished with value: 0.07317447662353516 and parameters: {'gradient_clip_val': 0.2749485822224148, 'hidden_size': 40, 'dropout': 0.18927031387484478, 'hidden_continuous_size': 12, 'attention_head_size': 2, 'learning_rate': 0.011711670978486615}. Best is trial 0 with value: 0.05330267921090126.
LOCAL_RANK: 0 - CUDA_VISIBLE_DEVICES: [0]
[I 2023-12-16 11:17:55,997] Trial 38 finished with value: 0.1265495866537094 and parameters: {'gradient_clip_val': 0.47223098885346976, 'hidden_size': 26, 'dropout': 0.21277593608241985, 'hidden_continuous_size': 9, 'attention_head_size': 3, 'learning_rate': 0.0010087345278505975}. Best is trial 0 with value: 0.05330267921090126.
LOCAL_RANK: 0 - CUDA_VISIBLE_DEVICES: [0]
[I 2023-12-16 11:18:42,341] Trial 39 finished with value: 0.10304447263479233 and parameters: {'gradient_clip_val': 0.6619546079009427, 'hidden_size': 20, 'dropout': 0.1644456499104956, 'hidden_continuous_size': 5, 'attention_head_size': 2, 'learning_rate': 0.002526953535685966}. Best is trial 0 with value: 0.05330267921090126.
LOCAL_RANK: 0 - CUDA_VISIBLE_DEVICES: [0]
[I 2023-12-16 11:19:32,769] Trial 40 finished with value: 0.15295401215553284 and parameters: {'gradient_clip_val': 0.35153740746823364, 'hidden_size': 33, 'dropout': 0.11101982474843664, 'hidden_continuous_size': 7, 'attention_head_size': 3, 'learning_rate': 0.0012584611445108002}. Best is trial 0 with value: 0.05330267921090126.
LOCAL_RANK: 0 - CUDA_VISIBLE_DEVICES: [0]
[I 2023-12-16 11:20:23,549] Trial 41 finished with value: 0.049119189381599426 and parameters: {'gradient_clip_val': 0.8765864026622354, 'hidden_size': 33, 'dropout': 0.10109182601234168, 'hidden_continuous_size': 17, 'attention_head_size': 2, 'learning_rate': 0.0031678577807722212}. Best is trial 41 with value: 0.049119189381599426.
LOCAL_RANK: 0 - CUDA_VISIBLE_DEVICES: [0]
[I 2023-12-16 11:21:08,777] Trial 42 finished with value: 0.2923573851585388 and parameters: {'gradient_clip_val': 0.8465539885428021, 'hidden_size': 16, 'dropout': 0.1245986413959529, 'hidden_continuous_size': 6, 'attention_head_size': 2, 'learning_rate': 0.0019862729616383634}. Best is trial 41 with value: 0.049119189381599426.
LOCAL_RANK: 0 - CUDA_VISIBLE_DEVICES: [0]
[I 2023-12-16 11:21:57,809] Trial 43 finished with value: 0.055290788412094116 and parameters: {'gradient_clip_val': 0.5696472158470386, 'hidden_size': 27, 'dropout': 0.10609220852785232, 'hidden_continuous_size': 14, 'attention_head_size': 2, 'learning_rate': 0.0034411480419807737}. Best is trial 41 with value: 0.049119189381599426.
LOCAL_RANK: 0 - CUDA_VISIBLE_DEVICES: [0]
[I 2023-12-16 11:22:46,734] Trial 44 finished with value: 0.049916673451662064 and parameters: {'gradient_clip_val': 0.7057693783734449, 'hidden_size': 27, 'dropout': 0.10470918489505512, 'hidden_continuous_size': 15, 'attention_head_size': 2, 'learning_rate': 0.003554389937507659}. Best is trial 41 with value: 0.049119189381599426.
LOCAL_RANK: 0 - CUDA_VISIBLE_DEVICES: [0]
[I 2023-12-16 11:23:36,808] Trial 45 finished with value: 0.04735404625535011 and parameters: {'gradient_clip_val': 0.7215226113897781, 'hidden_size': 25, 'dropout': 0.10060980355965507, 'hidden_continuous_size': 13, 'attention_head_size': 2, 'learning_rate': 0.0037961513792909417}. Best is trial 45 with value: 0.04735404625535011.
LOCAL_RANK: 0 - CUDA_VISIBLE_DEVICES: [0]
[I 2023-12-16 11:24:26,507] Trial 46 finished with value: 0.06718287616968155 and parameters: {'gradient_clip_val': 0.7391799678069867, 'hidden_size': 22, 'dropout': 0.10211859361320956, 'hidden_continuous_size': 14, 'attention_head_size': 1, 'learning_rate': 0.0036054954117786414}. Best is trial 45 with value: 0.04735404625535011.
LOCAL_RANK: 0 - CUDA_VISIBLE_DEVICES: [0]
[I 2023-12-16 11:25:15,891] Trial 47 finished with value: 0.07401315867900848 and parameters: {'gradient_clip_val': 0.8272934890272472, 'hidden_size': 27, 'dropout': 0.10189616534768486, 'hidden_continuous_size': 17, 'attention_head_size': 2, 'learning_rate': 0.007173858541839706}. Best is trial 45 with value: 0.04735404625535011.
LOCAL_RANK: 0 - CUDA_VISIBLE_DEVICES: [0]
[I 2023-12-16 11:26:01,347] Trial 48 finished with value: 0.06765219569206238 and parameters: {'gradient_clip_val': 0.7513292002810306, 'hidden_size': 16, 'dropout': 0.1006034753461235, 'hidden_continuous_size': 7, 'attention_head_size': 2, 'learning_rate': 0.010005894856434005}. Best is trial 45 with value: 0.04735404625535011.
LOCAL_RANK: 0 - CUDA_VISIBLE_DEVICES: [0]
[I 2023-12-16 11:26:49,897] Trial 49 finished with value: 0.0627528503537178 and parameters: {'gradient_clip_val': 0.6081580252967523, 'hidden_size': 25, 'dropout': 0.14342084300835833, 'hidden_continuous_size': 12, 'attention_head_size': 1, 'learning_rate': 0.0037093842488082605}. Best is trial 45 with value: 0.04735404625535011.
[I 2023-12-16 11:26:49,990] A new study created in memory with name: no-name-a861d1c7-f485-4bff-bfb3-e70c78f989cc
/home/le004/conda/anaconda3/envs/tsff_env/lib/python3.9/site-packages/lightning/fabric/plugins/environments/slurm.py:191: The `srun` command is available on your system but is not used. HINT: If your intention is to run Lightning on SLURM, prepend your python command with `srun` like so: srun python /home/le004/master_thesis/git/TSFusionForecast/code/ ...
LOCAL_RANK: 0 - CUDA_VISIBLE_DEVICES: [0]
[I 2023-12-16 11:27:36,612] Trial 0 finished with value: 0.14174015820026398 and parameters: {'gradient_clip_val': 0.10194516879925516, 'hidden_size': 13, 'dropout': 0.3334107133876384, 'hidden_continuous_size': 11, 'attention_head_size': 3, 'learning_rate': 0.008788993178257041}. Best is trial 0 with value: 0.14174015820026398.
LOCAL_RANK: 0 - CUDA_VISIBLE_DEVICES: [0]
[I 2023-12-16 11:28:23,312] Trial 1 finished with value: 0.0627901628613472 and parameters: {'gradient_clip_val': 0.1307227576473611, 'hidden_size': 13, 'dropout': 0.34716043878396996, 'hidden_continuous_size': 8, 'attention_head_size': 2, 'learning_rate': 0.009496481007499636}. Best is trial 1 with value: 0.0627901628613472.
LOCAL_RANK: 0 - CUDA_VISIBLE_DEVICES: [0]
[I 2023-12-16 11:29:08,966] Trial 2 finished with value: 0.9331507086753845 and parameters: {'gradient_clip_val': 0.10021409640117636, 'hidden_size': 10, 'dropout': 0.1552631499386546, 'hidden_continuous_size': 5, 'attention_head_size': 2, 'learning_rate': 0.002304980193287788}. Best is trial 1 with value: 0.0627901628613472.
LOCAL_RANK: 0 - CUDA_VISIBLE_DEVICES: [0]
[I 2023-12-16 11:30:01,625] Trial 3 finished with value: 0.13705545663833618 and parameters: {'gradient_clip_val': 0.2495341835456653, 'hidden_size': 69, 'dropout': 0.345403218770741, 'hidden_continuous_size': 6, 'attention_head_size': 4, 'learning_rate': 0.0010273163489569284}. Best is trial 1 with value: 0.0627901628613472.
LOCAL_RANK: 0 - CUDA_VISIBLE_DEVICES: [0]
[I 2023-12-16 11:30:54,942] Trial 4 finished with value: 0.0462617464363575 and parameters: {'gradient_clip_val': 0.36361876866081116, 'hidden_size': 69, 'dropout': 0.2305023296895874, 'hidden_continuous_size': 6, 'attention_head_size': 4, 'learning_rate': 0.012870296036272813}. Best is trial 4 with value: 0.0462617464363575.
LOCAL_RANK: 0 - CUDA_VISIBLE_DEVICES: [0]
[I 2023-12-16 11:31:41,515] Trial 5 finished with value: 0.16762328147888184 and parameters: {'gradient_clip_val': 0.14239912291015064, 'hidden_size': 11, 'dropout': 0.2960380892402028, 'hidden_continuous_size': 7, 'attention_head_size': 4, 'learning_rate': 0.011204339017679274}. Best is trial 4 with value: 0.0462617464363575.
LOCAL_RANK: 0 - CUDA_VISIBLE_DEVICES: [0]
[I 2023-12-16 11:32:35,378] Trial 6 finished with value: 0.145102858543396 and parameters: {'gradient_clip_val': 0.315308008777598, 'hidden_size': 62, 'dropout': 0.13188494785700688, 'hidden_continuous_size': 27, 'attention_head_size': 2, 'learning_rate': 0.0008340299807495124}. Best is trial 4 with value: 0.0462617464363575.
LOCAL_RANK: 0 - CUDA_VISIBLE_DEVICES: [0]
[I 2023-12-16 11:33:20,882] Trial 7 finished with value: 0.07085784524679184 and parameters: {'gradient_clip_val': 0.6696123345912663, 'hidden_size': 7, 'dropout': 0.180157120910091, 'hidden_continuous_size': 6, 'attention_head_size': 2, 'learning_rate': 0.017312211598428162}. Best is trial 4 with value: 0.0462617464363575.
LOCAL_RANK: 0 - CUDA_VISIBLE_DEVICES: [0]
[I 2023-12-16 11:34:13,308] Trial 8 finished with value: 0.0908559039235115 and parameters: {'gradient_clip_val': 0.31190843688090225, 'hidden_size': 65, 'dropout': 0.12814178330219, 'hidden_continuous_size': 7, 'attention_head_size': 3, 'learning_rate': 0.0007345726890078529}. Best is trial 4 with value: 0.0462617464363575.
LOCAL_RANK: 0 - CUDA_VISIBLE_DEVICES: [0]
[I 2023-12-16 11:35:08,842] Trial 9 finished with value: 0.10912104696035385 and parameters: {'gradient_clip_val': 0.1548702074683726, 'hidden_size': 67, 'dropout': 0.2700049485970347, 'hidden_continuous_size': 44, 'attention_head_size': 3, 'learning_rate': 0.0008442518162950397}. Best is trial 4 with value: 0.0462617464363575.
LOCAL_RANK: 0 - CUDA_VISIBLE_DEVICES: [0]
[I 2023-12-16 11:35:58,187] Trial 10 finished with value: 0.13197843730449677 and parameters: {'gradient_clip_val': 0.4828239265723554, 'hidden_size': 33, 'dropout': 0.2059412985714286, 'hidden_continuous_size': 11, 'attention_head_size': 1, 'learning_rate': 0.07081037417859781}. Best is trial 4 with value: 0.0462617464363575.
LOCAL_RANK: 0 - CUDA_VISIBLE_DEVICES: [0]
[I 2023-12-16 11:36:47,106] Trial 11 finished with value: 0.1428660899400711 and parameters: {'gradient_clip_val': 0.4569186790723387, 'hidden_size': 23, 'dropout': 0.3820799784493307, 'hidden_continuous_size': 9, 'attention_head_size': 1, 'learning_rate': 0.004512690921043469}. Best is trial 4 with value: 0.0462617464363575.
LOCAL_RANK: 0 - CUDA_VISIBLE_DEVICES: [0]
[I 2023-12-16 11:37:24,196] Trial 12 finished with value: 0.16381695866584778 and parameters: {'gradient_clip_val': 0.9179148375501265, 'hidden_size': 5, 'dropout': 0.22609759665408474, 'hidden_continuous_size': 5, 'attention_head_size': 4, 'learning_rate': 0.02238636015983739}. Best is trial 4 with value: 0.0462617464363575.
LOCAL_RANK: 0 - CUDA_VISIBLE_DEVICES: [0]
[I 2023-12-16 11:38:18,587] Trial 13 finished with value: 0.1886487454175949 and parameters: {'gradient_clip_val': 0.21049356611495076, 'hidden_size': 100, 'dropout': 0.2498617772347847, 'hidden_continuous_size': 15, 'attention_head_size': 2, 'learning_rate': 0.005042878901496545}. Best is trial 4 with value: 0.0462617464363575.
LOCAL_RANK: 0 - CUDA_VISIBLE_DEVICES: [0]
[I 2023-12-16 11:39:08,335] Trial 14 finished with value: 0.0807637944817543 and parameters: {'gradient_clip_val': 0.2123187516802166, 'hidden_size': 30, 'dropout': 0.39830443302924623, 'hidden_continuous_size': 8, 'attention_head_size': 3, 'learning_rate': 0.026362885753134634}. Best is trial 4 with value: 0.0462617464363575.
LOCAL_RANK: 0 - CUDA_VISIBLE_DEVICES: [0]
[I 2023-12-16 11:39:53,486] Trial 15 finished with value: 0.0753180980682373 and parameters: {'gradient_clip_val': 0.4739156132507044, 'hidden_size': 16, 'dropout': 0.2962028919009248, 'hidden_continuous_size': 5, 'attention_head_size': 1, 'learning_rate': 0.04573248399533902}. Best is trial 4 with value: 0.0462617464363575.
LOCAL_RANK: 0 - CUDA_VISIBLE_DEVICES: [0]
[I 2023-12-16 11:40:41,136] Trial 16 finished with value: 0.08084738254547119 and parameters: {'gradient_clip_val': 0.37576844131907816, 'hidden_size': 18, 'dropout': 0.20674682926859875, 'hidden_continuous_size': 6, 'attention_head_size': 4, 'learning_rate': 0.011349317854090539}. Best is trial 4 with value: 0.0462617464363575.
LOCAL_RANK: 0 - CUDA_VISIBLE_DEVICES: [0]
[I 2023-12-16 11:41:32,123] Trial 17 finished with value: 0.047512441873550415 and parameters: {'gradient_clip_val': 0.2553366778182764, 'hidden_size': 39, 'dropout': 0.2442774390282199, 'hidden_continuous_size': 9, 'attention_head_size': 3, 'learning_rate': 0.005247483128507504}. Best is trial 4 with value: 0.0462617464363575.
LOCAL_RANK: 0 - CUDA_VISIBLE_DEVICES: [0]
[I 2023-12-16 11:42:24,651] Trial 18 finished with value: 0.1526169329881668 and parameters: {'gradient_clip_val': 0.2586761826961528, 'hidden_size': 39, 'dropout': 0.2381449718074469, 'hidden_continuous_size': 14, 'attention_head_size': 4, 'learning_rate': 0.0030379588018222404}. Best is trial 4 with value: 0.0462617464363575.
LOCAL_RANK: 0 - CUDA_VISIBLE_DEVICES: [0]
[I 2023-12-16 11:43:17,507] Trial 19 finished with value: 0.10511672496795654 and parameters: {'gradient_clip_val': 0.3618078821052369, 'hidden_size': 45, 'dropout': 0.10154123180937494, 'hidden_continuous_size': 10, 'attention_head_size': 3, 'learning_rate': 0.006174431262485578}. Best is trial 4 with value: 0.0462617464363575.
LOCAL_RANK: 0 - CUDA_VISIBLE_DEVICES: [0]
[I 2023-12-16 11:44:05,875] Trial 20 finished with value: 0.13914626836776733 and parameters: {'gradient_clip_val': 0.17764113903131337, 'hidden_size': 24, 'dropout': 0.27120224956853606, 'hidden_continuous_size': 7, 'attention_head_size': 4, 'learning_rate': 0.0018583563215753475}. Best is trial 4 with value: 0.0462617464363575.
LOCAL_RANK: 0 - CUDA_VISIBLE_DEVICES: [0]
[I 2023-12-16 11:44:58,175] Trial 21 finished with value: 0.06779801845550537 and parameters: {'gradient_clip_val': 0.13484839871786863, 'hidden_size': 46, 'dropout': 0.2137528587218288, 'hidden_continuous_size': 9, 'attention_head_size': 2, 'learning_rate': 0.007561737190907426}. Best is trial 4 with value: 0.0462617464363575.
LOCAL_RANK: 0 - CUDA_VISIBLE_DEVICES: [0]
[I 2023-12-16 11:45:46,978] Trial 22 finished with value: 0.05369963124394417 and parameters: {'gradient_clip_val': 0.2628942967965437, 'hidden_size': 28, 'dropout': 0.2556193828073521, 'hidden_continuous_size': 8, 'attention_head_size': 3, 'learning_rate': 0.01484730517348522}. Best is trial 4 with value: 0.0462617464363575.
LOCAL_RANK: 0 - CUDA_VISIBLE_DEVICES: [0]
