[I 2023-12-27 10:54:57,688] Trial 22 finished with value: 23.119354248046875 and parameters: {'gradient_clip_val': 0.1266137951531845, 'hidden_size': 58, 'dropout': 0.1639989329398326, 'hidden_continuous_size': 21, 'attention_head_size': 4, 'learning_rate': 0.0009430579393548663}. Best is trial 0 with value: 9.879913330078125.
LOCAL_RANK: 0 - CUDA_VISIBLE_DEVICES: [0]
[I 2023-12-27 10:54:58,157] Trial 23 finished with value: 26.54720115661621 and parameters: {'gradient_clip_val': 0.2154465074070193, 'hidden_size': 38, 'dropout': 0.21543896462432618, 'hidden_continuous_size': 14, 'attention_head_size': 4, 'learning_rate': 0.0005127640628084085}. Best is trial 0 with value: 9.879913330078125.
LOCAL_RANK: 0 - CUDA_VISIBLE_DEVICES: [0]
[I 2023-12-27 10:54:58,630] Trial 24 finished with value: 20.024290084838867 and parameters: {'gradient_clip_val': 0.1469751503363745, 'hidden_size': 68, 'dropout': 0.38802628546678497, 'hidden_continuous_size': 14, 'attention_head_size': 3, 'learning_rate': 0.0008783134784520207}. Best is trial 0 with value: 9.879913330078125.
LOCAL_RANK: 0 - CUDA_VISIBLE_DEVICES: [0]
[I 2023-12-27 10:54:59,121] Trial 25 finished with value: 23.428998947143555 and parameters: {'gradient_clip_val': 0.1188435202269818, 'hidden_size': 49, 'dropout': 0.17291626752892295, 'hidden_continuous_size': 11, 'attention_head_size': 4, 'learning_rate': 0.0012768991562448183}. Best is trial 0 with value: 9.879913330078125.
LOCAL_RANK: 0 - CUDA_VISIBLE_DEVICES: [0]
[I 2023-12-27 10:54:59,627] Trial 26 finished with value: 14.678547859191895 and parameters: {'gradient_clip_val': 0.15034740738870456, 'hidden_size': 83, 'dropout': 0.12921336742812456, 'hidden_continuous_size': 23, 'attention_head_size': 3, 'learning_rate': 0.0007997254709154141}. Best is trial 0 with value: 9.879913330078125.
LOCAL_RANK: 0 - CUDA_VISIBLE_DEVICES: [0]
[I 2023-12-27 10:55:00,109] Trial 27 finished with value: 27.77973747253418 and parameters: {'gradient_clip_val': 0.152403898883413, 'hidden_size': 83, 'dropout': 0.11487738957197101, 'hidden_continuous_size': 24, 'attention_head_size': 2, 'learning_rate': 0.0024760253574020313}. Best is trial 0 with value: 9.879913330078125.
LOCAL_RANK: 0 - CUDA_VISIBLE_DEVICES: [0]
[I 2023-12-27 10:55:00,624] Trial 28 finished with value: 19.346397399902344 and parameters: {'gradient_clip_val': 0.11250789216171278, 'hidden_size': 115, 'dropout': 0.12924451390811298, 'hidden_continuous_size': 26, 'attention_head_size': 3, 'learning_rate': 0.0007798205056071838}. Best is trial 0 with value: 9.879913330078125.
LOCAL_RANK: 0 - CUDA_VISIBLE_DEVICES: [0]
[I 2023-12-27 10:55:01,132] Trial 29 finished with value: 16.0974178314209 and parameters: {'gradient_clip_val': 0.1454776107041838, 'hidden_size': 148, 'dropout': 0.13279269520532064, 'hidden_continuous_size': 8, 'attention_head_size': 2, 'learning_rate': 0.001141503434599866}. Best is trial 0 with value: 9.879913330078125.
LOCAL_RANK: 0 - CUDA_VISIBLE_DEVICES: [0]
[I 2023-12-27 10:55:01,870] Trial 30 finished with value: 18.218984603881836 and parameters: {'gradient_clip_val': 0.14852516839684818, 'hidden_size': 139, 'dropout': 0.11783263099877755, 'hidden_continuous_size': 8, 'attention_head_size': 2, 'learning_rate': 0.00070414199848072}. Best is trial 0 with value: 9.879913330078125.
LOCAL_RANK: 0 - CUDA_VISIBLE_DEVICES: [0]
[I 2023-12-27 10:55:02,358] Trial 31 finished with value: 22.93541145324707 and parameters: {'gradient_clip_val': 0.1406030795028286, 'hidden_size': 103, 'dropout': 0.13552951471407426, 'hidden_continuous_size': 9, 'attention_head_size': 1, 'learning_rate': 0.0010000970596511136}. Best is trial 0 with value: 9.879913330078125.
LOCAL_RANK: 0 - CUDA_VISIBLE_DEVICES: [0]
[I 2023-12-27 10:55:02,852] Trial 32 finished with value: 27.3597469329834 and parameters: {'gradient_clip_val': 0.11628526636951342, 'hidden_size': 117, 'dropout': 0.19160579225180396, 'hidden_continuous_size': 8, 'attention_head_size': 2, 'learning_rate': 0.0013581109645585}. Best is trial 0 with value: 9.879913330078125.
LOCAL_RANK: 0 - CUDA_VISIBLE_DEVICES: [0]
[I 2023-12-27 10:55:03,356] Trial 33 finished with value: 19.8515625 and parameters: {'gradient_clip_val': 0.16325163575427726, 'hidden_size': 80, 'dropout': 0.14241633996797656, 'hidden_continuous_size': 16, 'attention_head_size': 2, 'learning_rate': 0.0017741172028770474}. Best is trial 0 with value: 9.879913330078125.
LOCAL_RANK: 0 - CUDA_VISIBLE_DEVICES: [0]
[I 2023-12-27 10:55:03,843] Trial 34 finished with value: 20.0919246673584 and parameters: {'gradient_clip_val': 0.1144150072809068, 'hidden_size': 98, 'dropout': 0.1435179827450831, 'hidden_continuous_size': 7, 'attention_head_size': 3, 'learning_rate': 0.0011837158194474922}. Best is trial 0 with value: 9.879913330078125.
LOCAL_RANK: 0 - CUDA_VISIBLE_DEVICES: [0]
[I 2023-12-27 10:55:04,356] Trial 35 finished with value: 16.620458602905273 and parameters: {'gradient_clip_val': 0.20594160608300582, 'hidden_size': 144, 'dropout': 0.11040294027273417, 'hidden_continuous_size': 13, 'attention_head_size': 3, 'learning_rate': 0.0007104367680973547}. Best is trial 0 with value: 9.879913330078125.
LOCAL_RANK: 0 - CUDA_VISIBLE_DEVICES: [0]
[I 2023-12-27 10:55:04,846] Trial 36 finished with value: 15.041683197021484 and parameters: {'gradient_clip_val': 0.1352836562885313, 'hidden_size': 87, 'dropout': 0.10254091172572695, 'hidden_continuous_size': 10, 'attention_head_size': 1, 'learning_rate': 0.0011211911533357446}. Best is trial 0 with value: 9.879913330078125.
LOCAL_RANK: 0 - CUDA_VISIBLE_DEVICES: [0]
[I 2023-12-27 10:55:05,337] Trial 37 finished with value: 35.52665710449219 and parameters: {'gradient_clip_val': 0.13831690650415662, 'hidden_size': 104, 'dropout': 0.10209861976120095, 'hidden_continuous_size': 6, 'attention_head_size': 1, 'learning_rate': 0.0018312544339625233}. Best is trial 0 with value: 9.879913330078125.
LOCAL_RANK: 0 - CUDA_VISIBLE_DEVICES: [0]
[I 2023-12-27 10:55:05,850] Trial 38 finished with value: 23.272695541381836 and parameters: {'gradient_clip_val': 0.1791649589288902, 'hidden_size': 84, 'dropout': 0.3443462546597609, 'hidden_continuous_size': 10, 'attention_head_size': 1, 'learning_rate': 0.0006788577274269131}. Best is trial 0 with value: 9.879913330078125.
LOCAL_RANK: 0 - CUDA_VISIBLE_DEVICES: [0]
[I 2023-12-27 10:55:06,358] Trial 39 finished with value: 22.0693302154541 and parameters: {'gradient_clip_val': 0.16715317353730666, 'hidden_size': 124, 'dropout': 0.1444780571390973, 'hidden_continuous_size': 12, 'attention_head_size': 1, 'learning_rate': 0.0010348756450367556}. Best is trial 0 with value: 9.879913330078125.
LOCAL_RANK: 0 - CUDA_VISIBLE_DEVICES: [0]
[I 2023-12-27 10:55:06,819] Trial 40 finished with value: 24.119407653808594 and parameters: {'gradient_clip_val': 0.14258595340171698, 'hidden_size': 47, 'dropout': 0.12629134756794677, 'hidden_continuous_size': 7, 'attention_head_size': 1, 'learning_rate': 0.0030222277089793485}. Best is trial 0 with value: 9.879913330078125.
LOCAL_RANK: 0 - CUDA_VISIBLE_DEVICES: [0]
[I 2023-12-27 10:55:07,321] Trial 41 finished with value: 16.281494140625 and parameters: {'gradient_clip_val': 0.11226731450501921, 'hidden_size': 66, 'dropout': 0.10476845189871423, 'hidden_continuous_size': 15, 'attention_head_size': 3, 'learning_rate': 0.0014802058308368967}. Best is trial 0 with value: 9.879913330078125.
LOCAL_RANK: 0 - CUDA_VISIBLE_DEVICES: [0]
[I 2023-12-27 10:55:07,827] Trial 42 finished with value: 21.98555564880371 and parameters: {'gradient_clip_val': 0.10291425611311295, 'hidden_size': 93, 'dropout': 0.1075911626273813, 'hidden_continuous_size': 15, 'attention_head_size': 3, 'learning_rate': 0.0007189726478976882}. Best is trial 0 with value: 9.879913330078125.
LOCAL_RANK: 0 - CUDA_VISIBLE_DEVICES: [0]
[I 2023-12-27 10:55:08,352] Trial 43 finished with value: 14.560620307922363 and parameters: {'gradient_clip_val': 0.13429688593846595, 'hidden_size': 150, 'dropout': 0.10316380058056966, 'hidden_continuous_size': 10, 'attention_head_size': 3, 'learning_rate': 0.001503596630799543}. Best is trial 0 with value: 9.879913330078125.
LOCAL_RANK: 0 - CUDA_VISIBLE_DEVICES: [0]
[I 2023-12-27 10:55:09,152] Trial 44 finished with value: 16.400251388549805 and parameters: {'gradient_clip_val': 0.13369918214850926, 'hidden_size': 143, 'dropout': 0.1499114686806592, 'hidden_continuous_size': 10, 'attention_head_size': 2, 'learning_rate': 0.0010415831233564596}. Best is trial 0 with value: 9.879913330078125.
LOCAL_RANK: 0 - CUDA_VISIBLE_DEVICES: [0]
[I 2023-12-27 10:55:09,649] Trial 45 finished with value: 20.954004287719727 and parameters: {'gradient_clip_val': 0.1599487725233671, 'hidden_size': 108, 'dropout': 0.18628011712074882, 'hidden_continuous_size': 12, 'attention_head_size': 3, 'learning_rate': 0.0015221153671031995}. Best is trial 0 with value: 9.879913330078125.
LOCAL_RANK: 0 - CUDA_VISIBLE_DEVICES: [0]
[I 2023-12-27 10:55:10,156] Trial 46 finished with value: 18.347997665405273 and parameters: {'gradient_clip_val': 0.17768024880861824, 'hidden_size': 149, 'dropout': 0.1272254918604127, 'hidden_continuous_size': 6, 'attention_head_size': 2, 'learning_rate': 0.0022244431686842215}. Best is trial 0 with value: 9.879913330078125.
LOCAL_RANK: 0 - CUDA_VISIBLE_DEVICES: [0]
[I 2023-12-27 10:55:10,659] Trial 47 finished with value: 23.257822036743164 and parameters: {'gradient_clip_val': 0.12103720618915917, 'hidden_size': 123, 'dropout': 0.10146209130099648, 'hidden_continuous_size': 9, 'attention_head_size': 3, 'learning_rate': 0.00421735122504251}. Best is trial 0 with value: 9.879913330078125.
LOCAL_RANK: 0 - CUDA_VISIBLE_DEVICES: [0]
[I 2023-12-27 10:55:11,144] Trial 48 finished with value: 18.20248031616211 and parameters: {'gradient_clip_val': 0.15264784875429277, 'hidden_size': 92, 'dropout': 0.23712371384401515, 'hidden_continuous_size': 5, 'attention_head_size': 1, 'learning_rate': 0.0006166877553658261}. Best is trial 0 with value: 9.879913330078125.
LOCAL_RANK: 0 - CUDA_VISIBLE_DEVICES: [0]
[I 2023-12-27 10:55:11,638] Trial 49 finished with value: 22.134138107299805 and parameters: {'gradient_clip_val': 0.19401049369766216, 'hidden_size': 81, 'dropout': 0.1261325742138629, 'hidden_continuous_size': 11, 'attention_head_size': 2, 'learning_rate': 0.0007660663848724827}. Best is trial 0 with value: 9.879913330078125.
[I 2023-12-27 10:55:11,768] A new study created in memory with name: no-name-4c57f694-972a-4703-abe3-c97e76858953
/home/le004/conda/anaconda3/envs/tsff_env/lib/python3.9/site-packages/lightning/fabric/plugins/environments/slurm.py:191: The `srun` command is available on your system but is not used. HINT: If your intention is to run Lightning on SLURM, prepend your python command with `srun` like so: srun python /home/le004/master_thesis/git/TSFusionForecast/code/ ...
LOCAL_RANK: 0 - CUDA_VISIBLE_DEVICES: [0]
[I 2023-12-27 10:55:41,263] Trial 0 finished with value: 10.173556327819824 and parameters: {'gradient_clip_val': 0.2316577995995364, 'hidden_size': 9, 'dropout': 0.4797122134610968, 'hidden_continuous_size': 6, 'attention_head_size': 2, 'learning_rate': 0.011115692450885726}. Best is trial 0 with value: 10.173556327819824.
LOCAL_RANK: 0 - CUDA_VISIBLE_DEVICES: [0]
[I 2023-12-27 10:55:59,053] Trial 1 finished with value: 10.943110466003418 and parameters: {'gradient_clip_val': 0.18411008504973378, 'hidden_size': 130, 'dropout': 0.270377905201253, 'hidden_continuous_size': 85, 'attention_head_size': 1, 'learning_rate': 0.005690635095648625}. Best is trial 0 with value: 10.173556327819824.
LOCAL_RANK: 0 - CUDA_VISIBLE_DEVICES: [0]
[I 2023-12-27 10:55:59,457] Trial 2 finished with value: 27.26412010192871 and parameters: {'gradient_clip_val': 0.4724617642296058, 'hidden_size': 5, 'dropout': 0.10594979069113615, 'hidden_continuous_size': 5, 'attention_head_size': 2, 'learning_rate': 0.003188858023047645}. Best is trial 0 with value: 10.173556327819824.
LOCAL_RANK: 0 - CUDA_VISIBLE_DEVICES: [0]
[I 2023-12-27 10:56:00,198] Trial 3 finished with value: 32.61955642700195 and parameters: {'gradient_clip_val': 0.9056124256605844, 'hidden_size': 24, 'dropout': 0.2030543334025987, 'hidden_continuous_size': 19, 'attention_head_size': 2, 'learning_rate': 0.0017080467699306038}. Best is trial 0 with value: 10.173556327819824.
LOCAL_RANK: 0 - CUDA_VISIBLE_DEVICES: [0]
[I 2023-12-27 10:56:00,667] Trial 4 finished with value: 39.329383850097656 and parameters: {'gradient_clip_val': 0.20833832592789558, 'hidden_size': 100, 'dropout': 0.42440467606078014, 'hidden_continuous_size': 13, 'attention_head_size': 1, 'learning_rate': 0.012670125293147462}. Best is trial 0 with value: 10.173556327819824.
LOCAL_RANK: 0 - CUDA_VISIBLE_DEVICES: [0]
[I 2023-12-27 10:56:01,176] Trial 5 finished with value: 36.548667907714844 and parameters: {'gradient_clip_val': 0.47411236952347335, 'hidden_size': 134, 'dropout': 0.18546125566645735, 'hidden_continuous_size': 33, 'attention_head_size': 2, 'learning_rate': 0.007200778505498053}. Best is trial 0 with value: 10.173556327819824.
LOCAL_RANK: 0 - CUDA_VISIBLE_DEVICES: [0]
[I 2023-12-27 10:56:01,605] Trial 6 finished with value: 41.82920455932617 and parameters: {'gradient_clip_val': 0.5350138962639356, 'hidden_size': 20, 'dropout': 0.3789385634164527, 'hidden_continuous_size': 7, 'attention_head_size': 1, 'learning_rate': 0.0034421984981262733}. Best is trial 0 with value: 10.173556327819824.
LOCAL_RANK: 0 - CUDA_VISIBLE_DEVICES: [0]
[I 2023-12-27 10:56:02,053] Trial 7 finished with value: 46.17396545410156 and parameters: {'gradient_clip_val': 0.6620186661516165, 'hidden_size': 108, 'dropout': 0.2719001860241236, 'hidden_continuous_size': 20, 'attention_head_size': 2, 'learning_rate': 0.0030807052554409483}. Best is trial 0 with value: 10.173556327819824.
LOCAL_RANK: 0 - CUDA_VISIBLE_DEVICES: [0]
[I 2023-12-27 10:56:02,543] Trial 8 finished with value: 45.22015380859375 and parameters: {'gradient_clip_val': 0.19249801974897288, 'hidden_size': 90, 'dropout': 0.123291618646484, 'hidden_continuous_size': 25, 'attention_head_size': 3, 'learning_rate': 0.01988293755678691}. Best is trial 0 with value: 10.173556327819824.
LOCAL_RANK: 0 - CUDA_VISIBLE_DEVICES: [0]
[I 2023-12-27 10:56:03,014] Trial 9 finished with value: 32.1590461730957 and parameters: {'gradient_clip_val': 0.26553820267600486, 'hidden_size': 43, 'dropout': 0.2534339231785454, 'hidden_continuous_size': 32, 'attention_head_size': 4, 'learning_rate': 0.02505569819327279}. Best is trial 0 with value: 10.173556327819824.
LOCAL_RANK: 0 - CUDA_VISIBLE_DEVICES: [0]
[I 2023-12-27 10:56:03,489] Trial 10 finished with value: 29.846044540405273 and parameters: {'gradient_clip_val': 0.10351549872751023, 'hidden_size': 7, 'dropout': 0.4884197396290903, 'hidden_continuous_size': 5, 'attention_head_size': 4, 'learning_rate': 0.08659401941936266}. Best is trial 0 with value: 10.173556327819824.
LOCAL_RANK: 0 - CUDA_VISIBLE_DEVICES: [0]
[I 2023-12-27 10:56:03,961] Trial 11 finished with value: 36.45335388183594 and parameters: {'gradient_clip_val': 0.15506276038701097, 'hidden_size': 10, 'dropout': 0.34109578422598463, 'hidden_continuous_size': 8, 'attention_head_size': 1, 'learning_rate': 0.0006679603674532395}. Best is trial 0 with value: 10.173556327819824.
LOCAL_RANK: 0 - CUDA_VISIBLE_DEVICES: [0]
[I 2023-12-27 10:56:04,440] Trial 12 finished with value: 33.66982650756836 and parameters: {'gradient_clip_val': 0.3112538175152434, 'hidden_size': 13, 'dropout': 0.3319646163112008, 'hidden_continuous_size': 10, 'attention_head_size': 3, 'learning_rate': 0.008136385619361246}. Best is trial 0 with value: 10.173556327819824.
LOCAL_RANK: 0 - CUDA_VISIBLE_DEVICES: [0]
[I 2023-12-27 10:56:04,901] Trial 13 finished with value: 31.78202247619629 and parameters: {'gradient_clip_val': 0.3159806997719178, 'hidden_size': 47, 'dropout': 0.4958744262562399, 'hidden_continuous_size': 41, 'attention_head_size': 1, 'learning_rate': 0.029921382521311164}. Best is trial 0 with value: 10.173556327819824.
LOCAL_RANK: 0 - CUDA_VISIBLE_DEVICES: [0]
[I 2023-12-27 10:56:05,380] Trial 14 finished with value: 25.074264526367188 and parameters: {'gradient_clip_val': 0.14135289979894036, 'hidden_size': 14, 'dropout': 0.3830949204438606, 'hidden_continuous_size': 6, 'attention_head_size': 3, 'learning_rate': 0.009902943931694073}. Best is trial 0 with value: 10.173556327819824.
LOCAL_RANK: 0 - CUDA_VISIBLE_DEVICES: [0]
[I 2023-12-27 10:56:05,868] Trial 15 finished with value: 30.34447479248047 and parameters: {'gradient_clip_val': 0.23754191099352273, 'hidden_size': 46, 'dropout': 0.28311503869049803, 'hidden_continuous_size': 12, 'attention_head_size': 1, 'learning_rate': 0.004845911532083324}. Best is trial 0 with value: 10.173556327819824.
LOCAL_RANK: 0 - CUDA_VISIBLE_DEVICES: [0]
[I 2023-12-27 10:56:06,662] Trial 16 finished with value: 31.711761474609375 and parameters: {'gradient_clip_val': 0.17700221213350054, 'hidden_size': 31, 'dropout': 0.4297296210112971, 'hidden_continuous_size': 16, 'attention_head_size': 2, 'learning_rate': 0.0014752351355252545}. Best is trial 0 with value: 10.173556327819824.
LOCAL_RANK: 0 - CUDA_VISIBLE_DEVICES: [0]
[I 2023-12-27 10:56:07,172] Trial 17 finished with value: 46.34138488769531 and parameters: {'gradient_clip_val': 0.24462251931710932, 'hidden_size': 62, 'dropout': 0.31938267403105336, 'hidden_continuous_size': 61, 'attention_head_size': 1, 'learning_rate': 0.012066157479215826}. Best is trial 0 with value: 10.173556327819824.
LOCAL_RANK: 0 - CUDA_VISIBLE_DEVICES: [0]
[I 2023-12-27 10:56:07,714] Trial 18 finished with value: 27.46824073791504 and parameters: {'gradient_clip_val': 0.12892448643522456, 'hidden_size': 70, 'dropout': 0.23573481127690263, 'hidden_continuous_size': 69, 'attention_head_size': 2, 'learning_rate': 0.005186236932939146}. Best is trial 0 with value: 10.173556327819824.
LOCAL_RANK: 0 - CUDA_VISIBLE_DEVICES: [0]
[I 2023-12-27 10:56:08,243] Trial 19 finished with value: 39.08885955810547 and parameters: {'gradient_clip_val': 0.37126100895261643, 'hidden_size': 143, 'dropout': 0.29709084917639145, 'hidden_continuous_size': 133, 'attention_head_size': 3, 'learning_rate': 0.013856790021894314}. Best is trial 0 with value: 10.173556327819824.
LOCAL_RANK: 0 - CUDA_VISIBLE_DEVICES: [0]
[I 2023-12-27 10:56:08,713] Trial 20 finished with value: 40.971920013427734 and parameters: {'gradient_clip_val': 0.17524485531039266, 'hidden_size': 30, 'dropout': 0.4528097045040484, 'hidden_continuous_size': 9, 'attention_head_size': 1, 'learning_rate': 0.039948844188167444}. Best is trial 0 with value: 10.173556327819824.
LOCAL_RANK: 0 - CUDA_VISIBLE_DEVICES: [0]
[I 2023-12-27 10:56:09,169] Trial 21 finished with value: 32.47806930541992 and parameters: {'gradient_clip_val': 0.13921962460603682, 'hidden_size': 14, 'dropout': 0.3506422579994541, 'hidden_continuous_size': 6, 'attention_head_size': 3, 'learning_rate': 0.009000722070097875}. Best is trial 0 with value: 10.173556327819824.
LOCAL_RANK: 0 - CUDA_VISIBLE_DEVICES: [0]
[I 2023-12-27 10:56:09,681] Trial 22 finished with value: 37.15463638305664 and parameters: {'gradient_clip_val': 0.11436213474556295, 'hidden_size': 17, 'dropout': 0.3940494833484737, 'hidden_continuous_size': 6, 'attention_head_size': 3, 'learning_rate': 0.005824053377148174}. Best is trial 0 with value: 10.173556327819824.
LOCAL_RANK: 0 - CUDA_VISIBLE_DEVICES: [0]
[I 2023-12-27 10:56:10,133] Trial 23 finished with value: 28.33976173400879 and parameters: {'gradient_clip_val': 0.17116646264216667, 'hidden_size': 9, 'dropout': 0.38359512289079545, 'hidden_continuous_size': 6, 'attention_head_size': 4, 'learning_rate': 0.016730269067694974}. Best is trial 0 with value: 10.173556327819824.
LOCAL_RANK: 0 - CUDA_VISIBLE_DEVICES: [0]
[I 2023-12-27 10:56:10,612] Trial 24 finished with value: 32.87337875366211 and parameters: {'gradient_clip_val': 0.13899920349014103, 'hidden_size': 19, 'dropout': 0.46753515324638073, 'hidden_continuous_size': 7, 'attention_head_size': 3, 'learning_rate': 0.008784283070196854}. Best is trial 0 with value: 10.173556327819824.
LOCAL_RANK: 0 - CUDA_VISIBLE_DEVICES: [0]
[I 2023-12-27 10:56:11,064] Trial 25 finished with value: 32.86005783081055 and parameters: {'gradient_clip_val': 0.22439192522771587, 'hidden_size': 14, 'dropout': 0.41725131949641725, 'hidden_continuous_size': 7, 'attention_head_size': 2, 'learning_rate': 0.012758013990139637}. Best is trial 0 with value: 10.173556327819824.
LOCAL_RANK: 0 - CUDA_VISIBLE_DEVICES: [0]
[I 2023-12-27 10:56:11,522] Trial 26 finished with value: 38.25554275512695 and parameters: {'gradient_clip_val': 0.1969191083493821, 'hidden_size': 10, 'dropout': 0.447768399413941, 'hidden_continuous_size': 6, 'attention_head_size': 3, 'learning_rate': 0.009487444454241179}. Best is trial 0 with value: 10.173556327819824.
LOCAL_RANK: 0 - CUDA_VISIBLE_DEVICES: [0]
[I 2023-12-27 10:56:11,973] Trial 27 finished with value: 27.825469970703125 and parameters: {'gradient_clip_val': 0.15533255862918857, 'hidden_size': 24, 'dropout': 0.3713227764966374, 'hidden_continuous_size': 9, 'attention_head_size': 2, 'learning_rate': 0.017803979755992277}. Best is trial 0 with value: 10.173556327819824.
LOCAL_RANK: 0 - CUDA_VISIBLE_DEVICES: [0]
[I 2023-12-27 10:56:12,427] Trial 28 finished with value: 30.6678466796875 and parameters: {'gradient_clip_val': 0.1013343654892223, 'hidden_size': 7, 'dropout': 0.31485246155505875, 'hidden_continuous_size': 5, 'attention_head_size': 4, 'learning_rate': 0.005411072276310803}. Best is trial 0 with value: 10.173556327819824.
LOCAL_RANK: 0 - CUDA_VISIBLE_DEVICES: [0]
[I 2023-12-27 10:56:13,131] Trial 29 finished with value: 26.578521728515625 and parameters: {'gradient_clip_val': 0.11828088004940529, 'hidden_size': 5, 'dropout': 0.40793673778291933, 'hidden_continuous_size': 5, 'attention_head_size': 2, 'learning_rate': 0.0035691998815803867}. Best is trial 0 with value: 10.173556327819824.
LOCAL_RANK: 0 - CUDA_VISIBLE_DEVICES: [0]
