[I 2023-12-26 16:13:57,549] Trial 16 finished with value: 17.702163696289062 and parameters: {'gradient_clip_val': 0.21454790253875147, 'hidden_size': 8, 'dropout': 0.2661815223235, 'hidden_continuous_size': 6, 'attention_head_size': 2, 'learning_rate': 0.0036663326239320306}. Best is trial 0 with value: 3.655667304992676.
[I 2023-12-26 16:13:59,628] Trial 17 finished with value: 15.594047546386719 and parameters: {'gradient_clip_val': 0.1250325627531017, 'hidden_size': 19, 'dropout': 0.15346368864195845, 'hidden_continuous_size': 9, 'attention_head_size': 1, 'learning_rate': 0.0011438157984405518}. Best is trial 0 with value: 3.655667304992676.
[I 2023-12-26 16:14:01,681] Trial 18 finished with value: 19.13964080810547 and parameters: {'gradient_clip_val': 0.17703354464157192, 'hidden_size': 15, 'dropout': 0.2150558329794812, 'hidden_continuous_size': 8, 'attention_head_size': 2, 'learning_rate': 0.009153458623879897}. Best is trial 0 with value: 3.655667304992676.
[I 2023-12-26 16:14:03,599] Trial 19 finished with value: 22.531179428100586 and parameters: {'gradient_clip_val': 0.10119173098750622, 'hidden_size': 7, 'dropout': 0.3100470811416255, 'hidden_continuous_size': 5, 'attention_head_size': 3, 'learning_rate': 0.002875381687189923}. Best is trial 0 with value: 3.655667304992676.
[I 2023-12-26 16:14:05,591] Trial 20 finished with value: 17.0068359375 and parameters: {'gradient_clip_val': 0.34667206152174185, 'hidden_size': 13, 'dropout': 0.4978282971899908, 'hidden_continuous_size': 6, 'attention_head_size': 1, 'learning_rate': 0.0016394543270872072}. Best is trial 0 with value: 3.655667304992676.
[I 2023-12-26 16:14:07,950] Trial 21 finished with value: 21.025497436523438 and parameters: {'gradient_clip_val': 0.3788496025513697, 'hidden_size': 28, 'dropout': 0.17873100253401722, 'hidden_continuous_size': 13, 'attention_head_size': 1, 'learning_rate': 0.0025474532041581443}. Best is trial 0 with value: 3.655667304992676.
[I 2023-12-26 16:14:10,422] Trial 22 finished with value: 20.30076789855957 and parameters: {'gradient_clip_val': 0.13581076894734279, 'hidden_size': 36, 'dropout': 0.13783258423264158, 'hidden_continuous_size': 12, 'attention_head_size': 1, 'learning_rate': 0.004674498291584082}. Best is trial 0 with value: 3.655667304992676.
[I 2023-12-26 16:14:12,436] Trial 23 finished with value: 11.669157981872559 and parameters: {'gradient_clip_val': 0.47952470362085214, 'hidden_size': 17, 'dropout': 0.25508596035912845, 'hidden_continuous_size': 7, 'attention_head_size': 2, 'learning_rate': 0.002466562573383374}. Best is trial 0 with value: 3.655667304992676.
[I 2023-12-26 16:14:14,681] Trial 24 finished with value: 21.99395179748535 and parameters: {'gradient_clip_val': 0.47592294220485026, 'hidden_size': 17, 'dropout': 0.2562100704217476, 'hidden_continuous_size': 8, 'attention_head_size': 2, 'learning_rate': 0.001438266787537377}. Best is trial 0 with value: 3.655667304992676.
[I 2023-12-26 16:14:16,672] Trial 25 finished with value: 20.422761917114258 and parameters: {'gradient_clip_val': 0.5185759401955233, 'hidden_size': 12, 'dropout': 0.20795071492206357, 'hidden_continuous_size': 6, 'attention_head_size': 2, 'learning_rate': 0.0009306381202021085}. Best is trial 0 with value: 3.655667304992676.
[I 2023-12-26 16:14:18,818] Trial 26 finished with value: 12.465332984924316 and parameters: {'gradient_clip_val': 0.3211384465499153, 'hidden_size': 19, 'dropout': 0.1826738104488898, 'hidden_continuous_size': 9, 'attention_head_size': 3, 'learning_rate': 0.002954664526314824}. Best is trial 0 with value: 3.655667304992676.
[I 2023-12-26 16:14:20,657] Trial 27 finished with value: 15.117497444152832 and parameters: {'gradient_clip_val': 0.12302085055147745, 'hidden_size': 8, 'dropout': 0.23332809284567052, 'hidden_continuous_size': 6, 'attention_head_size': 2, 'learning_rate': 0.0016661312160709868}. Best is trial 0 with value: 3.655667304992676.
[I 2023-12-26 16:14:22,765] Trial 28 finished with value: 13.925366401672363 and parameters: {'gradient_clip_val': 0.1577535711950196, 'hidden_size': 15, 'dropout': 0.14052829092973515, 'hidden_continuous_size': 7, 'attention_head_size': 2, 'learning_rate': 0.000806551055568461}. Best is trial 0 with value: 3.655667304992676.
[I 2023-12-26 16:14:25,055] Trial 29 finished with value: 18.151107788085938 and parameters: {'gradient_clip_val': 0.2545239277376441, 'hidden_size': 23, 'dropout': 0.2811637843684719, 'hidden_continuous_size': 11, 'attention_head_size': 3, 'learning_rate': 0.0022193880687471686}. Best is trial 0 with value: 3.655667304992676.
[I 2023-12-26 16:14:27,070] Trial 30 finished with value: 16.054656982421875 and parameters: {'gradient_clip_val': 0.28708462733203466, 'hidden_size': 10, 'dropout': 0.2932145152857244, 'hidden_continuous_size': 7, 'attention_head_size': 2, 'learning_rate': 0.0006433795316933999}. Best is trial 0 with value: 3.655667304992676.
[I 2023-12-26 16:14:29,449] Trial 31 finished with value: 17.665748596191406 and parameters: {'gradient_clip_val': 0.9369262644178076, 'hidden_size': 29, 'dropout': 0.3128412670665019, 'hidden_continuous_size': 9, 'attention_head_size': 1, 'learning_rate': 0.0022640595633992176}. Best is trial 0 with value: 3.655667304992676.
[I 2023-12-26 16:14:31,663] Trial 32 finished with value: 20.809833526611328 and parameters: {'gradient_clip_val': 0.11634342403495478, 'hidden_size': 23, 'dropout': 0.25493539890923567, 'hidden_continuous_size': 7, 'attention_head_size': 1, 'learning_rate': 0.0014552468916546179}. Best is trial 0 with value: 3.655667304992676.
[I 2023-12-26 16:14:40,377] Trial 33 finished with value: 16.480276107788086 and parameters: {'gradient_clip_val': 0.3701124619379952, 'hidden_size': 148, 'dropout': 0.16876267910132572, 'hidden_continuous_size': 18, 'attention_head_size': 1, 'learning_rate': 0.0032530648961655983}. Best is trial 0 with value: 3.655667304992676.
[I 2023-12-26 16:14:42,414] Trial 34 finished with value: 18.43906021118164 and parameters: {'gradient_clip_val': 0.5707400913579412, 'hidden_size': 17, 'dropout': 0.33197994869749986, 'hidden_continuous_size': 8, 'attention_head_size': 2, 'learning_rate': 0.0019655913924179255}. Best is trial 0 with value: 3.655667304992676.
[I 2023-12-26 16:14:45,384] Trial 35 finished with value: 22.98603057861328 and parameters: {'gradient_clip_val': 0.7699880688478039, 'hidden_size': 43, 'dropout': 0.21219376533456832, 'hidden_continuous_size': 12, 'attention_head_size': 1, 'learning_rate': 0.003776399685340572}. Best is trial 0 with value: 3.655667304992676.
[I 2023-12-26 16:14:47,657] Trial 36 finished with value: 11.4483642578125 and parameters: {'gradient_clip_val': 0.4210695670395146, 'hidden_size': 23, 'dropout': 0.2826050810803816, 'hidden_continuous_size': 9, 'attention_head_size': 3, 'learning_rate': 0.004751506913321061}. Best is trial 0 with value: 3.655667304992676.
[I 2023-12-26 16:14:49,860] Trial 37 finished with value: 24.06928825378418 and parameters: {'gradient_clip_val': 0.4131187276778203, 'hidden_size': 22, 'dropout': 0.2715002585645089, 'hidden_continuous_size': 9, 'attention_head_size': 3, 'learning_rate': 0.006534850790914262}. Best is trial 0 with value: 3.655667304992676.
[I 2023-12-26 16:14:51,924] Trial 38 finished with value: 20.57298469543457 and parameters: {'gradient_clip_val': 0.2980522053937342, 'hidden_size': 13, 'dropout': 0.2430484600056615, 'hidden_continuous_size': 8, 'attention_head_size': 4, 'learning_rate': 0.004498303886422349}. Best is trial 0 with value: 3.655667304992676.
[I 2023-12-26 16:14:54,258] Trial 39 finished with value: 14.759857177734375 and parameters: {'gradient_clip_val': 0.44488897374413594, 'hidden_size': 26, 'dropout': 0.28961174147472585, 'hidden_continuous_size': 11, 'attention_head_size': 3, 'learning_rate': 0.002650880160981856}. Best is trial 0 with value: 3.655667304992676.
[I 2023-12-26 16:14:56,351] Trial 40 finished with value: 17.03399658203125 and parameters: {'gradient_clip_val': 0.5482197380732629, 'hidden_size': 18, 'dropout': 0.22969121639086948, 'hidden_continuous_size': 10, 'attention_head_size': 3, 'learning_rate': 0.005022366521225915}. Best is trial 0 with value: 3.655667304992676.
[I 2023-12-26 16:14:58,702] Trial 41 finished with value: 17.96501922607422 and parameters: {'gradient_clip_val': 0.6467716086596607, 'hidden_size': 26, 'dropout': 0.34263963611445664, 'hidden_continuous_size': 7, 'attention_head_size': 4, 'learning_rate': 0.0014010116942916673}. Best is trial 0 with value: 3.655667304992676.
[I 2023-12-26 16:15:00,887] Trial 42 finished with value: 21.43235969543457 and parameters: {'gradient_clip_val': 0.4938233204121547, 'hidden_size': 21, 'dropout': 0.2725615947544798, 'hidden_continuous_size': 9, 'attention_head_size': 3, 'learning_rate': 0.001956859920557419}. Best is trial 0 with value: 3.655667304992676.
[I 2023-12-26 16:15:02,855] Trial 43 finished with value: 29.09490203857422 and parameters: {'gradient_clip_val': 0.7159262069277237, 'hidden_size': 11, 'dropout': 0.1939762207640384, 'hidden_continuous_size': 8, 'attention_head_size': 2, 'learning_rate': 0.0035459517943435557}. Best is trial 0 with value: 3.655667304992676.
[I 2023-12-26 16:15:04,891] Trial 44 finished with value: 15.490214347839355 and parameters: {'gradient_clip_val': 0.6115857034182022, 'hidden_size': 14, 'dropout': 0.11921256372479577, 'hidden_continuous_size': 7, 'attention_head_size': 2, 'learning_rate': 0.0023824858890017795}. Best is trial 0 with value: 3.655667304992676.
[I 2023-12-26 16:15:06,901] Trial 45 finished with value: 26.03603172302246 and parameters: {'gradient_clip_val': 0.4382216100505046, 'hidden_size': 17, 'dropout': 0.24926032431180886, 'hidden_continuous_size': 8, 'attention_head_size': 1, 'learning_rate': 0.005682968716180298}. Best is trial 0 with value: 3.655667304992676.
[I 2023-12-26 16:15:08,888] Trial 46 finished with value: 16.380571365356445 and parameters: {'gradient_clip_val': 0.4033489518281574, 'hidden_size': 16, 'dropout': 0.22389751082821993, 'hidden_continuous_size': 10, 'attention_head_size': 4, 'learning_rate': 0.001269236860560239}. Best is trial 0 with value: 3.655667304992676.
[I 2023-12-26 16:15:11,151] Trial 47 finished with value: 13.080737113952637 and parameters: {'gradient_clip_val': 0.572825912308955, 'hidden_size': 11, 'dropout': 0.198606301768394, 'hidden_continuous_size': 7, 'attention_head_size': 3, 'learning_rate': 0.001666167840204324}. Best is trial 0 with value: 3.655667304992676.
[I 2023-12-26 16:15:13,290] Trial 48 finished with value: 15.08792495727539 and parameters: {'gradient_clip_val': 0.4761499737679213, 'hidden_size': 20, 'dropout': 0.16069963707745655, 'hidden_continuous_size': 11, 'attention_head_size': 2, 'learning_rate': 0.0029341900620541766}. Best is trial 0 with value: 3.655667304992676.
[I 2023-12-26 16:15:15,296] Trial 49 finished with value: 13.2698392868042 and parameters: {'gradient_clip_val': 0.11006801580964899, 'hidden_size': 14, 'dropout': 0.3706655906475809, 'hidden_continuous_size': 9, 'attention_head_size': 1, 'learning_rate': 0.004097644400973069}. Best is trial 0 with value: 3.655667304992676.
[I 2023-12-26 16:15:15,420] A new study created in memory with name: no-name-317a8d9a-435c-454c-8a03-09dcad3d13b1
/home/le004/conda/anaconda3/envs/tsff_env/lib/python3.9/site-packages/lightning/fabric/plugins/environments/slurm.py:191: The `srun` command is available on your system but is not used. HINT: If your intention is to run Lightning on SLURM, prepend your python command with `srun` like so: srun python /home/le004/master_thesis/git/TSFusionForecast/code/ ...
[I 2023-12-26 16:20:18,139] Trial 0 finished with value: 7.436357498168945 and parameters: {'gradient_clip_val': 0.5696441298076563, 'hidden_size': 9, 'dropout': 0.24417885382969617, 'hidden_continuous_size': 8, 'attention_head_size': 3, 'learning_rate': 0.0008544355713546352}. Best is trial 0 with value: 7.436357498168945.
[I 2023-12-26 16:23:22,447] Trial 1 finished with value: 8.699353218078613 and parameters: {'gradient_clip_val': 0.8610940202637195, 'hidden_size': 55, 'dropout': 0.19904287448328684, 'hidden_continuous_size': 20, 'attention_head_size': 1, 'learning_rate': 0.005787700183377343}. Best is trial 0 with value: 7.436357498168945.
[I 2023-12-26 16:23:24,669] Trial 2 finished with value: 52.2509651184082 and parameters: {'gradient_clip_val': 0.3530316531713271, 'hidden_size': 13, 'dropout': 0.3122071774767845, 'hidden_continuous_size': 11, 'attention_head_size': 3, 'learning_rate': 0.002924731601134833}. Best is trial 0 with value: 7.436357498168945.
[I 2023-12-26 16:23:33,687] Trial 3 finished with value: 76.52800750732422 and parameters: {'gradient_clip_val': 0.12243764745407272, 'hidden_size': 113, 'dropout': 0.4878892026719338, 'hidden_continuous_size': 11, 'attention_head_size': 4, 'learning_rate': 0.0035942551210250084}. Best is trial 0 with value: 7.436357498168945.
[I 2023-12-26 16:23:41,664] Trial 4 finished with value: 82.25397491455078 and parameters: {'gradient_clip_val': 0.5517230003572556, 'hidden_size': 90, 'dropout': 0.3521275899248386, 'hidden_continuous_size': 51, 'attention_head_size': 2, 'learning_rate': 0.02455159498924215}. Best is trial 0 with value: 7.436357498168945.
[I 2023-12-26 16:23:43,762] Trial 5 finished with value: 71.45895385742188 and parameters: {'gradient_clip_val': 0.44953888229578554, 'hidden_size': 6, 'dropout': 0.164812072896877, 'hidden_continuous_size': 5, 'attention_head_size': 2, 'learning_rate': 0.0006034442553807614}. Best is trial 0 with value: 7.436357498168945.
[I 2023-12-26 16:23:45,872] Trial 6 finished with value: 73.3433837890625 and parameters: {'gradient_clip_val': 0.13127611883963514, 'hidden_size': 12, 'dropout': 0.3605190715720443, 'hidden_continuous_size': 7, 'attention_head_size': 4, 'learning_rate': 0.0514464287765209}. Best is trial 0 with value: 7.436357498168945.
[I 2023-12-26 16:23:48,409] Trial 7 finished with value: 76.65047454833984 and parameters: {'gradient_clip_val': 0.7461133749810318, 'hidden_size': 35, 'dropout': 0.39872718364357884, 'hidden_continuous_size': 13, 'attention_head_size': 1, 'learning_rate': 0.0033027875808300396}. Best is trial 0 with value: 7.436357498168945.
[I 2023-12-26 16:23:50,507] Trial 8 finished with value: 66.41578674316406 and parameters: {'gradient_clip_val': 0.5347128339792623, 'hidden_size': 12, 'dropout': 0.1738259838938752, 'hidden_continuous_size': 10, 'attention_head_size': 4, 'learning_rate': 0.001132919466613338}. Best is trial 0 with value: 7.436357498168945.
[I 2023-12-26 16:23:52,965] Trial 9 finished with value: 68.86751556396484 and parameters: {'gradient_clip_val': 0.43382464170211, 'hidden_size': 30, 'dropout': 0.4272064061625571, 'hidden_continuous_size': 5, 'attention_head_size': 1, 'learning_rate': 0.0005590051565464647}. Best is trial 0 with value: 7.436357498168945.
[I 2023-12-26 16:23:54,725] Trial 10 finished with value: 74.30714416503906 and parameters: {'gradient_clip_val': 0.2349899629939789, 'hidden_size': 5, 'dropout': 0.2517902886762343, 'hidden_continuous_size': 5, 'attention_head_size': 3, 'learning_rate': 0.0014673922709783026}. Best is trial 0 with value: 7.436357498168945.
[I 2023-12-26 16:23:59,710] Trial 11 finished with value: 47.47751998901367 and parameters: {'gradient_clip_val': 0.9435533704528666, 'hidden_size': 69, 'dropout': 0.24135718041020177, 'hidden_continuous_size': 23, 'attention_head_size': 2, 'learning_rate': 0.012142352682344941}. Best is trial 0 with value: 7.436357498168945.
[I 2023-12-26 16:24:03,787] Trial 12 finished with value: 78.972900390625 and parameters: {'gradient_clip_val': 0.9737796535758123, 'hidden_size': 59, 'dropout': 0.10473122379203759, 'hidden_continuous_size': 20, 'attention_head_size': 3, 'learning_rate': 0.009883098569521496}. Best is trial 0 with value: 7.436357498168945.
[I 2023-12-26 16:24:13,518] Trial 13 finished with value: 55.631649017333984 and parameters: {'gradient_clip_val': 0.6549285734058596, 'hidden_size': 147, 'dropout': 0.27411947666152314, 'hidden_continuous_size': 42, 'attention_head_size': 1, 'learning_rate': 0.007282884237818744}. Best is trial 0 with value: 7.436357498168945.
[I 2023-12-26 16:24:17,866] Trial 14 finished with value: 71.81297302246094 and parameters: {'gradient_clip_val': 0.7029889019644753, 'hidden_size': 47, 'dropout': 0.2008734514022702, 'hidden_continuous_size': 18, 'attention_head_size': 2, 'learning_rate': 0.0015436278439601686}. Best is trial 0 with value: 7.436357498168945.
[I 2023-12-26 16:24:20,172] Trial 15 finished with value: 82.59297943115234 and parameters: {'gradient_clip_val': 0.9799512964697085, 'hidden_size': 20, 'dropout': 0.22091551965254733, 'hidden_continuous_size': 8, 'attention_head_size': 3, 'learning_rate': 0.09689219586514891}. Best is trial 0 with value: 7.436357498168945.
[I 2023-12-26 16:24:23,412] Trial 16 finished with value: 68.61185455322266 and parameters: {'gradient_clip_val': 0.7239727065422669, 'hidden_size': 45, 'dropout': 0.293425990716125, 'hidden_continuous_size': 16, 'attention_head_size': 1, 'learning_rate': 0.004553463438700735}. Best is trial 0 with value: 7.436357498168945.
[I 2023-12-26 16:24:25,672] Trial 17 finished with value: 59.481842041015625 and parameters: {'gradient_clip_val': 0.2681278971064916, 'hidden_size': 22, 'dropout': 0.15128645820184514, 'hidden_continuous_size': 7, 'attention_head_size': 2, 'learning_rate': 0.016222840000353685}. Best is trial 0 with value: 7.436357498168945.
[I 2023-12-26 16:24:27,614] Trial 18 finished with value: 66.3213119506836 and parameters: {'gradient_clip_val': 0.5265888408494206, 'hidden_size': 7, 'dropout': 0.2293378514302706, 'hidden_continuous_size': 5, 'attention_head_size': 3, 'learning_rate': 0.0072118571730411755}. Best is trial 0 with value: 7.436357498168945.
[I 2023-12-26 16:24:29,540] Trial 19 finished with value: 55.16841125488281 and parameters: {'gradient_clip_val': 0.399353253787771, 'hidden_size': 8, 'dropout': 0.2015509542703004, 'hidden_continuous_size': 6, 'attention_head_size': 4, 'learning_rate': 0.0020429492487555735}. Best is trial 0 with value: 7.436357498168945.
[I 2023-12-26 16:24:31,684] Trial 20 finished with value: 101.7841567993164 and parameters: {'gradient_clip_val': 0.817613385820111, 'hidden_size': 18, 'dropout': 0.26300724270260656, 'hidden_continuous_size': 9, 'attention_head_size': 1, 'learning_rate': 0.0007908549075267257}. Best is trial 0 with value: 7.436357498168945.
[I 2023-12-26 16:24:36,382] Trial 21 finished with value: 66.98712921142578 and parameters: {'gradient_clip_val': 0.9811857829857928, 'hidden_size': 72, 'dropout': 0.24455197220547778, 'hidden_continuous_size': 27, 'attention_head_size': 2, 'learning_rate': 0.012799439200087172}. Best is trial 0 with value: 7.436357498168945.
[I 2023-12-26 16:24:40,920] Trial 22 finished with value: 74.54367065429688 and parameters: {'gradient_clip_val': 0.855553277673724, 'hidden_size': 67, 'dropout': 0.2891951811832096, 'hidden_continuous_size': 25, 'attention_head_size': 2, 'learning_rate': 0.005323320089261732}. Best is trial 0 with value: 7.436357498168945.
[I 2023-12-26 16:24:43,986] Trial 23 finished with value: 66.53837585449219 and parameters: {'gradient_clip_val': 0.6400538548773915, 'hidden_size': 41, 'dropout': 0.22182967333615394, 'hidden_continuous_size': 13, 'attention_head_size': 3, 'learning_rate': 0.0023006403571405954}. Best is trial 0 with value: 7.436357498168945.
[I 2023-12-26 16:24:46,484] Trial 24 finished with value: 60.55136489868164 and parameters: {'gradient_clip_val': 0.8226107445966774, 'hidden_size': 28, 'dropout': 0.18999940052864572, 'hidden_continuous_size': 15, 'attention_head_size': 1, 'learning_rate': 0.0008937589185717858}. Best is trial 0 with value: 7.436357498168945.
[I 2023-12-26 16:24:50,357] Trial 25 finished with value: 83.69181060791016 and parameters: {'gradient_clip_val': 0.6058918811188064, 'hidden_size': 56, 'dropout': 0.14568308476824143, 'hidden_continuous_size': 23, 'attention_head_size': 2, 'learning_rate': 0.0047964425382383494}. Best is trial 0 with value: 7.436357498168945.
[I 2023-12-26 16:24:56,507] Trial 26 finished with value: 81.75826263427734 and parameters: {'gradient_clip_val': 0.80723783134067, 'hidden_size': 86, 'dropout': 0.24576411816370636, 'hidden_continuous_size': 30, 'attention_head_size': 3, 'learning_rate': 0.02296080120324199}. Best is trial 0 with value: 7.436357498168945.
[I 2023-12-26 16:24:59,164] Trial 27 finished with value: 63.94179916381836 and parameters: {'gradient_clip_val': 0.6466389056288467, 'hidden_size': 36, 'dropout': 0.21179654356495117, 'hidden_continuous_size': 20, 'attention_head_size': 2, 'learning_rate': 0.0005039789307328741}. Best is trial 0 with value: 7.436357498168945.
[I 2023-12-26 16:25:01,849] Trial 28 finished with value: 69.19046020507812 and parameters: {'gradient_clip_val': 0.9833965579076757, 'hidden_size': 27, 'dropout': 0.2692707746415483, 'hidden_continuous_size': 14, 'attention_head_size': 1, 'learning_rate': 0.008610024748169744}. Best is trial 0 with value: 7.436357498168945.
[I 2023-12-26 16:25:03,947] Trial 29 finished with value: 63.61870193481445 and parameters: {'gradient_clip_val': 0.34234281137879374, 'hidden_size': 16, 'dropout': 0.31738219980887006, 'hidden_continuous_size': 11, 'attention_head_size': 3, 'learning_rate': 0.0025089727779156515}. Best is trial 0 with value: 7.436357498168945.
[I 2023-12-26 16:25:06,004] Trial 30 finished with value: 64.55133819580078 and parameters: {'gradient_clip_val': 0.743819930688263, 'hidden_size': 9, 'dropout': 0.30906747972178505, 'hidden_continuous_size': 6, 'attention_head_size': 2, 'learning_rate': 0.003412892425831145}. Best is trial 0 with value: 7.436357498168945.
