[I 2023-12-16 10:50:54,249] Trial 36 finished with value: 1422.560546875 and parameters: {'gradient_clip_val': 0.17808666411937088, 'hidden_size': 12, 'dropout': 0.285384366038556, 'hidden_continuous_size': 8, 'attention_head_size': 4, 'learning_rate': 0.011357137724759294}. Best is trial 15 with value: 1132.6815185546875.
LOCAL_RANK: 0 - CUDA_VISIBLE_DEVICES: [0]
[I 2023-12-16 10:51:40,178] Trial 37 finished with value: 1429.2523193359375 and parameters: {'gradient_clip_val': 0.14468855647169832, 'hidden_size': 9, 'dropout': 0.2939262168063886, 'hidden_continuous_size': 8, 'attention_head_size': 3, 'learning_rate': 0.01296841968407699}. Best is trial 15 with value: 1132.6815185546875.
LOCAL_RANK: 0 - CUDA_VISIBLE_DEVICES: [0]
[I 2023-12-16 10:52:26,142] Trial 38 finished with value: 2353.621337890625 and parameters: {'gradient_clip_val': 0.14084656682697425, 'hidden_size': 15, 'dropout': 0.3030224887023625, 'hidden_continuous_size': 8, 'attention_head_size': 2, 'learning_rate': 0.012699589890953352}. Best is trial 15 with value: 1132.6815185546875.
LOCAL_RANK: 0 - CUDA_VISIBLE_DEVICES: [0]
[I 2023-12-16 10:53:12,140] Trial 39 finished with value: 2153.383544921875 and parameters: {'gradient_clip_val': 0.10341531779622598, 'hidden_size': 11, 'dropout': 0.2887139377442675, 'hidden_continuous_size': 8, 'attention_head_size': 3, 'learning_rate': 0.02531245873614655}. Best is trial 15 with value: 1132.6815185546875.
LOCAL_RANK: 0 - CUDA_VISIBLE_DEVICES: [0]
[I 2023-12-16 10:54:00,829] Trial 40 finished with value: 2805.8193359375 and parameters: {'gradient_clip_val': 0.1799002741049934, 'hidden_size': 19, 'dropout': 0.3252431473975282, 'hidden_continuous_size': 9, 'attention_head_size': 4, 'learning_rate': 0.012736978787459233}. Best is trial 15 with value: 1132.6815185546875.
LOCAL_RANK: 0 - CUDA_VISIBLE_DEVICES: [0]
[I 2023-12-16 10:54:46,486] Trial 41 finished with value: 1481.7900390625 and parameters: {'gradient_clip_val': 0.14853387971032364, 'hidden_size': 9, 'dropout': 0.12039246159312922, 'hidden_continuous_size': 8, 'attention_head_size': 3, 'learning_rate': 0.009594211155785133}. Best is trial 15 with value: 1132.6815185546875.
LOCAL_RANK: 0 - CUDA_VISIBLE_DEVICES: [0]
[I 2023-12-16 10:55:32,386] Trial 42 finished with value: 1713.8414306640625 and parameters: {'gradient_clip_val': 0.1463517585440953, 'hidden_size': 9, 'dropout': 0.3924407833538567, 'hidden_continuous_size': 8, 'attention_head_size': 3, 'learning_rate': 0.010735343421497635}. Best is trial 15 with value: 1132.6815185546875.
LOCAL_RANK: 0 - CUDA_VISIBLE_DEVICES: [0]
[I 2023-12-16 10:56:17,326] Trial 43 finished with value: 3681.766357421875 and parameters: {'gradient_clip_val': 0.17982246180229813, 'hidden_size': 12, 'dropout': 0.11872147043465174, 'hidden_continuous_size': 8, 'attention_head_size': 3, 'learning_rate': 0.015721248763065625}. Best is trial 15 with value: 1132.6815185546875.
LOCAL_RANK: 0 - CUDA_VISIBLE_DEVICES: [0]
[I 2023-12-16 10:57:03,407] Trial 44 finished with value: 2541.11572265625 and parameters: {'gradient_clip_val': 0.1495655106737409, 'hidden_size': 14, 'dropout': 0.23052160291244392, 'hidden_continuous_size': 9, 'attention_head_size': 2, 'learning_rate': 0.007222591126533537}. Best is trial 15 with value: 1132.6815185546875.
LOCAL_RANK: 0 - CUDA_VISIBLE_DEVICES: [0]
[I 2023-12-16 10:57:49,298] Trial 45 finished with value: 1937.2301025390625 and parameters: {'gradient_clip_val': 0.11849228852311784, 'hidden_size': 11, 'dropout': 0.11611642824008159, 'hidden_continuous_size': 8, 'attention_head_size': 3, 'learning_rate': 0.0069853791108421244}. Best is trial 15 with value: 1132.6815185546875.
LOCAL_RANK: 0 - CUDA_VISIBLE_DEVICES: [0]
[I 2023-12-16 10:58:34,109] Trial 46 finished with value: 1179.3671875 and parameters: {'gradient_clip_val': 0.10056024476650745, 'hidden_size': 16, 'dropout': 0.25102098800439643, 'hidden_continuous_size': 10, 'attention_head_size': 1, 'learning_rate': 0.009919503885798433}. Best is trial 15 with value: 1132.6815185546875.
LOCAL_RANK: 0 - CUDA_VISIBLE_DEVICES: [0]
[I 2023-12-16 10:59:22,523] Trial 47 finished with value: 2029.66259765625 and parameters: {'gradient_clip_val': 0.10113157165083073, 'hidden_size': 26, 'dropout': 0.2555804299094194, 'hidden_continuous_size': 11, 'attention_head_size': 1, 'learning_rate': 0.009884032741050465}. Best is trial 15 with value: 1132.6815185546875.
LOCAL_RANK: 0 - CUDA_VISIBLE_DEVICES: [0]
[I 2023-12-16 11:00:08,911] Trial 48 finished with value: 1284.9388427734375 and parameters: {'gradient_clip_val': 0.15629907278392288, 'hidden_size': 17, 'dropout': 0.2813430182293809, 'hidden_continuous_size': 10, 'attention_head_size': 1, 'learning_rate': 0.03154022105474768}. Best is trial 15 with value: 1132.6815185546875.
LOCAL_RANK: 0 - CUDA_VISIBLE_DEVICES: [0]
[I 2023-12-16 11:00:55,522] Trial 49 finished with value: 4931.5146484375 and parameters: {'gradient_clip_val': 0.11297815832084779, 'hidden_size': 17, 'dropout': 0.280863173213063, 'hidden_continuous_size': 10, 'attention_head_size': 1, 'learning_rate': 0.036524205670286386}. Best is trial 15 with value: 1132.6815185546875.
[I 2023-12-16 11:00:55,618] A new study created in memory with name: no-name-b8c6480c-2ad3-450b-9cc4-240616657fe7
/home/le004/conda/anaconda3/envs/tsff_env/lib/python3.9/site-packages/lightning/fabric/plugins/environments/slurm.py:191: The `srun` command is available on your system but is not used. HINT: If your intention is to run Lightning on SLURM, prepend your python command with `srun` like so: srun python /home/le004/master_thesis/git/TSFusionForecast/code/ ...
LOCAL_RANK: 0 - CUDA_VISIBLE_DEVICES: [0]
[I 2023-12-16 11:01:47,658] Trial 0 finished with value: 4.751186370849609 and parameters: {'gradient_clip_val': 0.11334231520073301, 'hidden_size': 39, 'dropout': 0.12173357823507705, 'hidden_continuous_size': 13, 'attention_head_size': 2, 'learning_rate': 0.0005089077624787615}. Best is trial 0 with value: 4.751186370849609.
LOCAL_RANK: 0 - CUDA_VISIBLE_DEVICES: [0]
[I 2023-12-16 11:02:33,793] Trial 1 finished with value: 3.182050943374634 and parameters: {'gradient_clip_val': 0.4921963770156813, 'hidden_size': 17, 'dropout': 0.13298787255536218, 'hidden_continuous_size': 7, 'attention_head_size': 2, 'learning_rate': 0.0018342795567726138}. Best is trial 1 with value: 3.182050943374634.
LOCAL_RANK: 0 - CUDA_VISIBLE_DEVICES: [0]
[I 2023-12-16 11:03:29,175] Trial 2 finished with value: 4.18602180480957 and parameters: {'gradient_clip_val': 0.39461349872233065, 'hidden_size': 100, 'dropout': 0.36911126077750367, 'hidden_continuous_size': 31, 'attention_head_size': 4, 'learning_rate': 0.005875516563835724}. Best is trial 1 with value: 3.182050943374634.
LOCAL_RANK: 0 - CUDA_VISIBLE_DEVICES: [0]
[I 2023-12-16 11:04:16,915] Trial 3 finished with value: 3.6451921463012695 and parameters: {'gradient_clip_val': 0.10623521831663466, 'hidden_size': 24, 'dropout': 0.29308515179824846, 'hidden_continuous_size': 12, 'attention_head_size': 3, 'learning_rate': 0.0011440452681792787}. Best is trial 1 with value: 3.182050943374634.
LOCAL_RANK: 0 - CUDA_VISIBLE_DEVICES: [0]
[I 2023-12-16 11:05:03,444] Trial 4 finished with value: 3.8140392303466797 and parameters: {'gradient_clip_val': 0.14524963607678787, 'hidden_size': 13, 'dropout': 0.35783734971361325, 'hidden_continuous_size': 12, 'attention_head_size': 4, 'learning_rate': 0.03907923672762602}. Best is trial 1 with value: 3.182050943374634.
LOCAL_RANK: 0 - CUDA_VISIBLE_DEVICES: [0]
[I 2023-12-16 11:05:50,467] Trial 5 finished with value: 2.4353997707366943 and parameters: {'gradient_clip_val': 0.4086561996668377, 'hidden_size': 19, 'dropout': 0.3600697919330885, 'hidden_continuous_size': 5, 'attention_head_size': 3, 'learning_rate': 0.005650841391875768}. Best is trial 5 with value: 2.4353997707366943.
LOCAL_RANK: 0 - CUDA_VISIBLE_DEVICES: [0]
[I 2023-12-16 11:06:24,616] Trial 6 finished with value: 3.5749967098236084 and parameters: {'gradient_clip_val': 0.18758997697485294, 'hidden_size': 6, 'dropout': 0.2928878539385153, 'hidden_continuous_size': 6, 'attention_head_size': 3, 'learning_rate': 0.005184630156208107}. Best is trial 5 with value: 2.4353997707366943.
LOCAL_RANK: 0 - CUDA_VISIBLE_DEVICES: [0]
[I 2023-12-16 11:07:10,271] Trial 7 finished with value: 3.230962038040161 and parameters: {'gradient_clip_val': 0.15084532705324455, 'hidden_size': 7, 'dropout': 0.3196133543837294, 'hidden_continuous_size': 6, 'attention_head_size': 3, 'learning_rate': 0.00505986449736322}. Best is trial 5 with value: 2.4353997707366943.
LOCAL_RANK: 0 - CUDA_VISIBLE_DEVICES: [0]
[I 2023-12-16 11:08:00,830] Trial 8 finished with value: 4.24436616897583 and parameters: {'gradient_clip_val': 0.9357871296731157, 'hidden_size': 54, 'dropout': 0.3534799243799467, 'hidden_continuous_size': 5, 'attention_head_size': 1, 'learning_rate': 0.08239586727844309}. Best is trial 5 with value: 2.4353997707366943.
LOCAL_RANK: 0 - CUDA_VISIBLE_DEVICES: [0]
[I 2023-12-16 11:08:49,293] Trial 9 finished with value: 4.260133266448975 and parameters: {'gradient_clip_val': 0.8097728444236771, 'hidden_size': 34, 'dropout': 0.1691216250137955, 'hidden_continuous_size': 5, 'attention_head_size': 1, 'learning_rate': 0.020317460249182597}. Best is trial 5 with value: 2.4353997707366943.
LOCAL_RANK: 0 - CUDA_VISIBLE_DEVICES: [0]
[I 2023-12-16 11:09:34,988] Trial 10 finished with value: 2.5280721187591553 and parameters: {'gradient_clip_val': 0.26621287497233037, 'hidden_size': 10, 'dropout': 0.23279553981139062, 'hidden_continuous_size': 5, 'attention_head_size': 4, 'learning_rate': 0.014048594394943468}. Best is trial 5 with value: 2.4353997707366943.
LOCAL_RANK: 0 - CUDA_VISIBLE_DEVICES: [0]
[I 2023-12-16 11:10:20,583] Trial 11 finished with value: 2.2579429149627686 and parameters: {'gradient_clip_val': 0.263201792930157, 'hidden_size': 10, 'dropout': 0.22771686050850543, 'hidden_continuous_size': 5, 'attention_head_size': 4, 'learning_rate': 0.014140447868892845}. Best is trial 11 with value: 2.2579429149627686.
LOCAL_RANK: 0 - CUDA_VISIBLE_DEVICES: [0]
[I 2023-12-16 11:11:06,668] Trial 12 finished with value: 2.2123403549194336 and parameters: {'gradient_clip_val': 0.27081252697406605, 'hidden_size': 11, 'dropout': 0.22779896212272308, 'hidden_continuous_size': 5, 'attention_head_size': 4, 'learning_rate': 0.012425712670247446}. Best is trial 12 with value: 2.2123403549194336.
LOCAL_RANK: 0 - CUDA_VISIBLE_DEVICES: [0]
[I 2023-12-16 11:11:41,108] Trial 13 finished with value: 2.664677619934082 and parameters: {'gradient_clip_val': 0.24057726847034178, 'hidden_size': 5, 'dropout': 0.2244724273073189, 'hidden_continuous_size': 5, 'attention_head_size': 4, 'learning_rate': 0.015039702418349822}. Best is trial 12 with value: 2.2123403549194336.
LOCAL_RANK: 0 - CUDA_VISIBLE_DEVICES: [0]
[I 2023-12-16 11:12:27,019] Trial 14 finished with value: 3.802889585494995 and parameters: {'gradient_clip_val': 0.2963151044337365, 'hidden_size': 9, 'dropout': 0.19297071020343307, 'hidden_continuous_size': 5, 'attention_head_size': 4, 'learning_rate': 0.037257670987653944}. Best is trial 12 with value: 2.2123403549194336.
LOCAL_RANK: 0 - CUDA_VISIBLE_DEVICES: [0]
[I 2023-12-16 11:13:11,849] Trial 15 finished with value: 2.538302183151245 and parameters: {'gradient_clip_val': 0.21532222874607299, 'hidden_size': 12, 'dropout': 0.25195759546643415, 'hidden_continuous_size': 6, 'attention_head_size': 4, 'learning_rate': 0.011532172704451515}. Best is trial 12 with value: 2.2123403549194336.
LOCAL_RANK: 0 - CUDA_VISIBLE_DEVICES: [0]
[I 2023-12-16 11:13:56,741] Trial 16 finished with value: 2.7002975940704346 and parameters: {'gradient_clip_val': 0.3258274556676188, 'hidden_size': 7, 'dropout': 0.1922929210261547, 'hidden_continuous_size': 5, 'attention_head_size': 2, 'learning_rate': 0.009079892496414525}. Best is trial 12 with value: 2.2123403549194336.
LOCAL_RANK: 0 - CUDA_VISIBLE_DEVICES: [0]
[I 2023-12-16 11:14:42,424] Trial 17 finished with value: 3.672999143600464 and parameters: {'gradient_clip_val': 0.19560065469379262, 'hidden_size': 14, 'dropout': 0.26063815390630474, 'hidden_continuous_size': 6, 'attention_head_size': 3, 'learning_rate': 0.02691527209331561}. Best is trial 12 with value: 2.2123403549194336.
LOCAL_RANK: 0 - CUDA_VISIBLE_DEVICES: [0]
[I 2023-12-16 11:15:27,005] Trial 18 finished with value: 4.044164180755615 and parameters: {'gradient_clip_val': 0.5160587353530622, 'hidden_size': 8, 'dropout': 0.2070559535012938, 'hidden_continuous_size': 5, 'attention_head_size': 4, 'learning_rate': 0.0030037533385974115}. Best is trial 12 with value: 2.2123403549194336.
LOCAL_RANK: 0 - CUDA_VISIBLE_DEVICES: [0]
[I 2023-12-16 11:16:01,885] Trial 19 finished with value: 3.22491192817688 and parameters: {'gradient_clip_val': 0.2843923550188121, 'hidden_size': 5, 'dropout': 0.1607543893641457, 'hidden_continuous_size': 5, 'attention_head_size': 3, 'learning_rate': 0.008679512710311648}. Best is trial 12 with value: 2.2123403549194336.
LOCAL_RANK: 0 - CUDA_VISIBLE_DEVICES: [0]
[I 2023-12-16 11:16:47,797] Trial 20 finished with value: 3.2596359252929688 and parameters: {'gradient_clip_val': 0.20826175823971788, 'hidden_size': 10, 'dropout': 0.399734155386546, 'hidden_continuous_size': 6, 'attention_head_size': 4, 'learning_rate': 0.019072096270579746}. Best is trial 12 with value: 2.2123403549194336.
LOCAL_RANK: 0 - CUDA_VISIBLE_DEVICES: [0]
[I 2023-12-16 11:17:35,342] Trial 21 finished with value: 2.7604780197143555 and parameters: {'gradient_clip_val': 0.38948884316106286, 'hidden_size': 18, 'dropout': 0.26371338475971945, 'hidden_continuous_size': 7, 'attention_head_size': 3, 'learning_rate': 0.009083003630057117}. Best is trial 12 with value: 2.2123403549194336.
LOCAL_RANK: 0 - CUDA_VISIBLE_DEVICES: [0]
[I 2023-12-16 11:18:24,297] Trial 22 finished with value: 3.2720348834991455 and parameters: {'gradient_clip_val': 0.33685963861147217, 'hidden_size': 22, 'dropout': 0.22545634953103874, 'hidden_continuous_size': 8, 'attention_head_size': 3, 'learning_rate': 0.004341652943770261}. Best is trial 12 with value: 2.2123403549194336.
LOCAL_RANK: 0 - CUDA_VISIBLE_DEVICES: [0]
[I 2023-12-16 11:19:10,319] Trial 23 finished with value: 2.7796688079833984 and parameters: {'gradient_clip_val': 0.2572865694895089, 'hidden_size': 11, 'dropout': 0.27734078942259294, 'hidden_continuous_size': 5, 'attention_head_size': 4, 'learning_rate': 0.007598232209833616}. Best is trial 12 with value: 2.2123403549194336.
LOCAL_RANK: 0 - CUDA_VISIBLE_DEVICES: [0]
[I 2023-12-16 11:19:55,876] Trial 24 finished with value: 3.1188786029815674 and parameters: {'gradient_clip_val': 0.3687008496331478, 'hidden_size': 15, 'dropout': 0.24068579083081015, 'hidden_continuous_size': 6, 'attention_head_size': 2, 'learning_rate': 0.003338186017567149}. Best is trial 12 with value: 2.2123403549194336.
LOCAL_RANK: 0 - CUDA_VISIBLE_DEVICES: [0]
[I 2023-12-16 11:20:40,247] Trial 25 finished with value: 2.8539202213287354 and parameters: {'gradient_clip_val': 0.4457627468780562, 'hidden_size': 12, 'dropout': 0.3191058028076156, 'hidden_continuous_size': 5, 'attention_head_size': 3, 'learning_rate': 0.012829671016434794}. Best is trial 12 with value: 2.2123403549194336.
LOCAL_RANK: 0 - CUDA_VISIBLE_DEVICES: [0]
[I 2023-12-16 11:21:28,210] Trial 26 finished with value: 2.831104278564453 and parameters: {'gradient_clip_val': 0.30306703699367726, 'hidden_size': 19, 'dropout': 0.21714025964056677, 'hidden_continuous_size': 7, 'attention_head_size': 4, 'learning_rate': 0.006817498279792247}. Best is trial 12 with value: 2.2123403549194336.
LOCAL_RANK: 0 - CUDA_VISIBLE_DEVICES: [0]
[I 2023-12-16 11:22:13,726] Trial 27 finished with value: 2.452707529067993 and parameters: {'gradient_clip_val': 0.5937058119344709, 'hidden_size': 9, 'dropout': 0.2495869163386124, 'hidden_continuous_size': 5, 'attention_head_size': 4, 'learning_rate': 0.021796125289642008}. Best is trial 12 with value: 2.2123403549194336.
LOCAL_RANK: 0 - CUDA_VISIBLE_DEVICES: [0]
[I 2023-12-16 11:22:59,532] Trial 28 finished with value: 2.8910672664642334 and parameters: {'gradient_clip_val': 0.23578042494814258, 'hidden_size': 15, 'dropout': 0.27494357103999667, 'hidden_continuous_size': 6, 'attention_head_size': 3, 'learning_rate': 0.011175386053839283}. Best is trial 12 with value: 2.2123403549194336.
LOCAL_RANK: 0 - CUDA_VISIBLE_DEVICES: [0]
[I 2023-12-16 11:23:48,245] Trial 29 finished with value: 2.78088641166687 and parameters: {'gradient_clip_val': 0.33165549216560425, 'hidden_size': 25, 'dropout': 0.10023451157371155, 'hidden_continuous_size': 9, 'attention_head_size': 2, 'learning_rate': 0.0033770539270655286}. Best is trial 12 with value: 2.2123403549194336.
LOCAL_RANK: 0 - CUDA_VISIBLE_DEVICES: [0]
[I 2023-12-16 11:24:31,569] Trial 30 finished with value: 2.973104476928711 and parameters: {'gradient_clip_val': 0.2681235355576932, 'hidden_size': 8, 'dropout': 0.2031039672858837, 'hidden_continuous_size': 5, 'attention_head_size': 1, 'learning_rate': 0.00683229017144202}. Best is trial 12 with value: 2.2123403549194336.
LOCAL_RANK: 0 - CUDA_VISIBLE_DEVICES: [0]
[I 2023-12-16 11:25:17,319] Trial 31 finished with value: 3.302746534347534 and parameters: {'gradient_clip_val': 0.5864445616667326, 'hidden_size': 10, 'dropout': 0.24703808371807398, 'hidden_continuous_size': 5, 'attention_head_size': 4, 'learning_rate': 0.018265854355175994}. Best is trial 12 with value: 2.2123403549194336.
LOCAL_RANK: 0 - CUDA_VISIBLE_DEVICES: [0]
[I 2023-12-16 11:26:02,950] Trial 32 finished with value: 4.277699947357178 and parameters: {'gradient_clip_val': 0.6415068010348357, 'hidden_size': 16, 'dropout': 0.23421606436711112, 'hidden_continuous_size': 7, 'attention_head_size': 4, 'learning_rate': 0.025112229357842256}. Best is trial 12 with value: 2.2123403549194336.
LOCAL_RANK: 0 - CUDA_VISIBLE_DEVICES: [0]
[I 2023-12-16 11:26:47,625] Trial 33 finished with value: 2.8286495208740234 and parameters: {'gradient_clip_val': 0.4422410183384874, 'hidden_size': 12, 'dropout': 0.24706805158798048, 'hidden_continuous_size': 6, 'attention_head_size': 4, 'learning_rate': 0.012509045035959145}. Best is trial 12 with value: 2.2123403549194336.
LOCAL_RANK: 0 - CUDA_VISIBLE_DEVICES: [0]
[I 2023-12-16 11:27:33,442] Trial 34 finished with value: 4.363379001617432 and parameters: {'gradient_clip_val': 0.3664275216677493, 'hidden_size': 9, 'dropout': 0.21470824387727677, 'hidden_continuous_size': 5, 'attention_head_size': 4, 'learning_rate': 0.0016174358940869865}. Best is trial 12 with value: 2.2123403549194336.
LOCAL_RANK: 0 - CUDA_VISIBLE_DEVICES: [0]
[I 2023-12-16 11:28:19,360] Trial 35 finished with value: 2.786980628967285 and parameters: {'gradient_clip_val': 0.46244100815931233, 'hidden_size': 13, 'dropout': 0.2692144645003979, 'hidden_continuous_size': 8, 'attention_head_size': 3, 'learning_rate': 0.009982181591330108}. Best is trial 12 with value: 2.2123403549194336.
LOCAL_RANK: 0 - CUDA_VISIBLE_DEVICES: [0]
[I 2023-12-16 11:29:08,298] Trial 36 finished with value: 2.853883743286133 and parameters: {'gradient_clip_val': 0.41677358015524874, 'hidden_size': 18, 'dropout': 0.2904158458112851, 'hidden_continuous_size': 13, 'attention_head_size': 4, 'learning_rate': 0.016019995049085}. Best is trial 12 with value: 2.2123403549194336.
LOCAL_RANK: 0 - CUDA_VISIBLE_DEVICES: [0]
[I 2023-12-16 11:29:53,826] Trial 37 finished with value: 5.595586776733398 and parameters: {'gradient_clip_val': 0.5093287274583899, 'hidden_size': 6, 'dropout': 0.3050984814564593, 'hidden_continuous_size': 5, 'attention_head_size': 3, 'learning_rate': 0.0007215428218710429}. Best is trial 12 with value: 2.2123403549194336.
LOCAL_RANK: 0 - CUDA_VISIBLE_DEVICES: [0]
[I 2023-12-16 11:30:40,691] Trial 38 finished with value: 2.367884397506714 and parameters: {'gradient_clip_val': 0.37599000371738717, 'hidden_size': 14, 'dropout': 0.2565762046935544, 'hidden_continuous_size': 10, 'attention_head_size': 4, 'learning_rate': 0.005819682168480224}. Best is trial 12 with value: 2.2123403549194336.
LOCAL_RANK: 0 - CUDA_VISIBLE_DEVICES: [0]
[I 2023-12-16 11:31:27,247] Trial 39 finished with value: 2.574770212173462 and parameters: {'gradient_clip_val': 0.35508614604021366, 'hidden_size': 14, 'dropout': 0.3541492264542526, 'hidden_continuous_size': 10, 'attention_head_size': 4, 'learning_rate': 0.005333986058848059}. Best is trial 12 with value: 2.2123403549194336.
LOCAL_RANK: 0 - CUDA_VISIBLE_DEVICES: [0]
[I 2023-12-16 11:32:15,159] Trial 40 finished with value: 2.6843769550323486 and parameters: {'gradient_clip_val': 0.16699170553469783, 'hidden_size': 20, 'dropout': 0.326675554053777, 'hidden_continuous_size': 11, 'attention_head_size': 3, 'learning_rate': 0.00636793090582943}. Best is trial 12 with value: 2.2123403549194336.
LOCAL_RANK: 0 - CUDA_VISIBLE_DEVICES: [0]
[I 2023-12-16 11:33:01,412] Trial 41 finished with value: 2.59053635597229 and parameters: {'gradient_clip_val': 0.4008029716274589, 'hidden_size': 11, 'dropout': 0.25239441453376815, 'hidden_continuous_size': 9, 'attention_head_size': 4, 'learning_rate': 0.004493557026619118}. Best is trial 12 with value: 2.2123403549194336.
LOCAL_RANK: 0 - CUDA_VISIBLE_DEVICES: [0]
[I 2023-12-16 11:33:47,902] Trial 42 finished with value: 2.8139379024505615 and parameters: {'gradient_clip_val': 0.30597113356252265, 'hidden_size': 16, 'dropout': 0.28278002732167806, 'hidden_continuous_size': 15, 'attention_head_size': 4, 'learning_rate': 0.010605470929820327}. Best is trial 12 with value: 2.2123403549194336.
LOCAL_RANK: 0 - CUDA_VISIBLE_DEVICES: [0]
[I 2023-12-16 11:34:34,048] Trial 43 finished with value: 2.179351806640625 and parameters: {'gradient_clip_val': 0.2339094301932594, 'hidden_size': 13, 'dropout': 0.23507851900868973, 'hidden_continuous_size': 7, 'attention_head_size': 4, 'learning_rate': 0.007564836811576431}. Best is trial 43 with value: 2.179351806640625.
LOCAL_RANK: 0 - CUDA_VISIBLE_DEVICES: [0]
